Using worker: worker-linux-docker-a54a318a.prod.travis-ci.org:travis-linux-3

travis_fold:start:system_info[0K[33;1mBuild system information[0m
Build language: java
[34m[1mBuild image provisioning date and time[0m
Thu Feb  5 15:09:33 UTC 2015
[34m[1mOperating System Details[0m
Distributor ID:	Ubuntu
Description:	Ubuntu 12.04.5 LTS
Release:	12.04
Codename:	precise
[34m[1mLinux Version[0m
3.13.0-29-generic
[34m[1mCookbooks Version[0m
a68419e https://github.com/travis-ci/travis-cookbooks/tree/a68419e
[34m[1mGCC version[0m
gcc (Ubuntu/Linaro 4.6.3-1ubuntu5) 4.6.3
Copyright (C) 2011 Free Software Foundation, Inc.
This is free software; see the source for copying conditions.  There is NO
warranty; not even for MERCHANTABILITY or FITNESS FOR A PARTICULAR PURPOSE.

[34m[1mLLVM version[0m
clang version 3.4 (tags/RELEASE_34/final)
Target: x86_64-unknown-linux-gnu
Thread model: posix
[34m[1mPre-installed Ruby versions[0m
ruby-1.9.3-p551
[34m[1mPre-installed Node.js versions[0m
v0.10.36
[34m[1mPre-installed Go versions[0m
1.4.1
[34m[1mRedis version[0m
redis-server 2.8.19
[34m[1mriak version[0m
2.0.2
[34m[1mMongoDB version[0m
MongoDB 2.4.12
[34m[1mCouchDB version[0m
couchdb 1.6.1
[34m[1mNeo4j version[0m
1.9.4
[34m[1mRabbitMQ Version[0m
3.4.3
[34m[1mElasticSearch version[0m
1.4.0
[34m[1mInstalled Sphinx versions[0m
2.0.10
2.1.9
2.2.6
[34m[1mDefault Sphinx version[0m
2.2.6
[34m[1mInstalled Firefox version[0m
firefox 31.0esr
[34m[1mPhantomJS version[0m
1.9.8
[34m[1mant -version[0m
Apache Ant(TM) version 1.8.2 compiled on December 3 2011
[34m[1mmvn -version[0m
Apache Maven 3.2.5 (12a6b3acb947671f09b81f49094c53f426d8cea1; 2014-12-14T17:29:23+00:00)
Maven home: /usr/local/maven
Java version: 1.7.0_76, vendor: Oracle Corporation
Java home: /usr/lib/jvm/java-7-oracle/jre
Default locale: en_US, platform encoding: ANSI_X3.4-1968
OS name: "linux", version: "3.13.0-29-generic", arch: "amd64", family: "unix"
travis_fold:end:system_info[0K
travis_fold:start:git.checkout[0Ktravis_time:start:058cd79c[0K$ git clone --depth=50 git://github.com/square/okio.git square/okio
Cloning into 'square/okio'...
remote: Counting objects: 1049, done.[K
remote: Compressing objects:   0% (1/443)   [Kremote: Compressing objects:   1% (5/443)   [Kremote: Compressing objects:   2% (9/443)   [Kremote: Compressing objects:   3% (14/443)   [Kremote: Compressing objects:   4% (18/443)   [Kremote: Compressing objects:   5% (23/443)   [Kremote: Compressing objects:   6% (27/443)   [Kremote: Compressing objects:   7% (32/443)   [Kremote: Compressing objects:   8% (36/443)   [Kremote: Compressing objects:   9% (40/443)   [Kremote: Compressing objects:  10% (45/443)   [Kremote: Compressing objects:  11% (49/443)   [Kremote: Compressing objects:  12% (54/443)   [Kremote: Compressing objects:  13% (58/443)   [Kremote: Compressing objects:  14% (63/443)   [Kremote: Compressing objects:  15% (67/443)   [Kremote: Compressing objects:  16% (71/443)   [Kremote: Compressing objects:  17% (76/443)   [Kremote: Compressing objects:  18% (80/443)   [Kremote: Compressing objects:  19% (85/443)   [Kremote: Compressing objects:  20% (89/443)   [Kremote: Compressing objects:  21% (94/443)   [Kremote: Compressing objects:  22% (98/443)   [Kremote: Compressing objects:  23% (102/443)   [Kremote: Compressing objects:  24% (107/443)   [Kremote: Compressing objects:  25% (111/443)   [Kremote: Compressing objects:  26% (116/443)   [Kremote: Compressing objects:  27% (120/443)   [Kremote: Compressing objects:  28% (125/443)   [Kremote: Compressing objects:  29% (129/443)   [Kremote: Compressing objects:  30% (133/443)   [Kremote: Compressing objects:  31% (138/443)   [Kremote: Compressing objects:  32% (142/443)   [Kremote: Compressing objects:  33% (147/443)   [Kremote: Compressing objects:  34% (151/443)   [Kremote: Compressing objects:  35% (156/443)   [Kremote: Compressing objects:  36% (160/443)   [Kremote: Compressing objects:  37% (164/443)   [Kremote: Compressing objects:  38% (169/443)   [Kremote: Compressing objects:  39% (173/443)   [Kremote: Compressing objects:  40% (178/443)   [Kremote: Compressing objects:  41% (182/443)   [Kremote: Compressing objects:  42% (187/443)   [Kremote: Compressing objects:  43% (191/443)   [Kremote: Compressing objects:  44% (195/443)   [Kremote: Compressing objects:  45% (200/443)   [Kremote: Compressing objects:  46% (204/443)   [Kremote: Compressing objects:  47% (209/443)   [Kremote: Compressing objects:  48% (213/443)   [Kremote: Compressing objects:  49% (218/443)   [Kremote: Compressing objects:  50% (222/443)   [Kremote: Compressing objects:  51% (226/443)   [Kremote: Compressing objects:  52% (231/443)   [Kremote: Compressing objects:  53% (235/443)   [Kremote: Compressing objects:  54% (240/443)   [Kremote: Compressing objects:  55% (244/443)   [Kremote: Compressing objects:  56% (249/443)   [Kremote: Compressing objects:  57% (253/443)   [Kremote: Compressing objects:  58% (257/443)   [Kremote: Compressing objects:  59% (262/443)   [Kremote: Compressing objects:  60% (266/443)   [Kremote: Compressing objects:  61% (271/443)   [Kremote: Compressing objects:  62% (275/443)   [Kremote: Compressing objects:  63% (280/443)   [Kremote: Compressing objects:  64% (284/443)   [Kremote: Compressing objects:  65% (288/443)   [Kremote: Compressing objects:  66% (293/443)   [Kremote: Compressing objects:  67% (297/443)   [Kremote: Compressing objects:  68% (302/443)   [Kremote: Compressing objects:  69% (306/443)   [Kremote: Compressing objects:  70% (311/443)   [Kremote: Compressing objects:  71% (315/443)   [Kremote: Compressing objects:  72% (319/443)   [Kremote: Compressing objects:  73% (324/443)   [Kremote: Compressing objects:  74% (328/443)   [Kremote: Compressing objects:  75% (333/443)   [Kremote: Compressing objects:  76% (337/443)   [Kremote: Compressing objects:  77% (342/443)   [Kremote: Compressing objects:  78% (346/443)   [Kremote: Compressing objects:  79% (350/443)   [Kremote: Compressing objects:  80% (355/443)   [Kremote: Compressing objects:  81% (359/443)   [Kremote: Compressing objects:  82% (364/443)   [Kremote: Compressing objects:  83% (368/443)   [Kremote: Compressing objects:  84% (373/443)   [Kremote: Compressing objects:  85% (377/443)   [Kremote: Compressing objects:  86% (381/443)   [Kremote: Compressing objects:  87% (386/443)   [Kremote: Compressing objects:  88% (390/443)   [Kremote: Compressing objects:  89% (395/443)   [Kremote: Compressing objects:  90% (399/443)   [Kremote: Compressing objects:  91% (404/443)   [Kremote: Compressing objects:  92% (408/443)   [Kremote: Compressing objects:  93% (412/443)   [Kremote: Compressing objects:  94% (417/443)   [Kremote: Compressing objects:  95% (421/443)   [Kremote: Compressing objects:  96% (426/443)   [Kremote: Compressing objects:  97% (430/443)   [Kremote: Compressing objects:  98% (435/443)   [Kremote: Compressing objects:  99% (439/443)   [Kremote: Compressing objects: 100% (443/443)   [Kremote: Compressing objects: 100% (443/443), done.[K
Receiving objects:   0% (1/1049)   Receiving objects:   1% (11/1049)   Receiving objects:   2% (21/1049)   Receiving objects:   3% (32/1049)   Receiving objects:   4% (42/1049)   Receiving objects:   5% (53/1049)   Receiving objects:   6% (63/1049)   Receiving objects:   7% (74/1049)   Receiving objects:   8% (84/1049)   Receiving objects:   9% (95/1049)   Receiving objects:  10% (105/1049)   Receiving objects:  11% (116/1049)   Receiving objects:  12% (126/1049)   Receiving objects:  13% (137/1049)   Receiving objects:  14% (147/1049)   Receiving objects:  15% (158/1049)   Receiving objects:  16% (168/1049)   Receiving objects:  17% (179/1049)   Receiving objects:  18% (189/1049)   Receiving objects:  19% (200/1049)   Receiving objects:  20% (210/1049)   Receiving objects:  21% (221/1049)   Receiving objects:  22% (231/1049)   Receiving objects:  23% (242/1049)   Receiving objects:  24% (252/1049)   Receiving objects:  25% (263/1049)   Receiving objects:  26% (273/1049)   Receiving objects:  27% (284/1049)   Receiving objects:  28% (294/1049)   Receiving objects:  29% (305/1049)   Receiving objects:  30% (315/1049)   Receiving objects:  31% (326/1049)   Receiving objects:  32% (336/1049)   Receiving objects:  33% (347/1049)   Receiving objects:  34% (357/1049)   Receiving objects:  35% (368/1049)   Receiving objects:  36% (378/1049)   Receiving objects:  37% (389/1049)   Receiving objects:  38% (399/1049)   Receiving objects:  39% (410/1049)   Receiving objects:  40% (420/1049)   Receiving objects:  41% (431/1049)   Receiving objects:  42% (441/1049)   Receiving objects:  43% (452/1049)   Receiving objects:  44% (462/1049)   Receiving objects:  45% (473/1049)   Receiving objects:  46% (483/1049)   Receiving objects:  47% (494/1049)   Receiving objects:  48% (504/1049)   Receiving objects:  49% (515/1049)   Receiving objects:  50% (525/1049)   remote: Total 1049 (delta 432), reused 976 (delta 378)[K
Receiving objects:  51% (535/1049)   Receiving objects:  52% (546/1049)   Receiving objects:  53% (556/1049)   Receiving objects:  54% (567/1049)   Receiving objects:  55% (577/1049)   Receiving objects:  56% (588/1049)   Receiving objects:  57% (598/1049)   Receiving objects:  58% (609/1049)   Receiving objects:  59% (619/1049)   Receiving objects:  60% (630/1049)   Receiving objects:  61% (640/1049)   Receiving objects:  62% (651/1049)   Receiving objects:  63% (661/1049)   Receiving objects:  64% (672/1049)   Receiving objects:  65% (682/1049)   Receiving objects:  66% (693/1049)   Receiving objects:  67% (703/1049)   Receiving objects:  68% (714/1049)   Receiving objects:  69% (724/1049)   Receiving objects:  70% (735/1049)   Receiving objects:  71% (745/1049)   Receiving objects:  72% (756/1049)   Receiving objects:  73% (766/1049)   Receiving objects:  74% (777/1049)   Receiving objects:  75% (787/1049)   Receiving objects:  76% (798/1049)   Receiving objects:  77% (808/1049)   Receiving objects:  78% (819/1049)   Receiving objects:  79% (829/1049)   Receiving objects:  80% (840/1049)   Receiving objects:  81% (850/1049)   Receiving objects:  82% (861/1049)   Receiving objects:  83% (871/1049)   Receiving objects:  84% (882/1049)   Receiving objects:  85% (892/1049)   Receiving objects:  86% (903/1049)   Receiving objects:  87% (913/1049)   Receiving objects:  88% (924/1049)   Receiving objects:  89% (934/1049)   Receiving objects:  90% (945/1049)   Receiving objects:  91% (955/1049)   Receiving objects:  92% (966/1049)   Receiving objects:  93% (976/1049)   Receiving objects:  94% (987/1049)   Receiving objects:  95% (997/1049)   Receiving objects:  96% (1008/1049)   Receiving objects:  97% (1018/1049)   Receiving objects:  98% (1029/1049)   Receiving objects:  99% (1039/1049)   Receiving objects: 100% (1049/1049)   Receiving objects: 100% (1049/1049), 224.87 KiB | 0 bytes/s, done.
Resolving deltas:   0% (0/432)   Resolving deltas:   1% (5/432)   Resolving deltas:   2% (9/432)   Resolving deltas:   6% (28/432)   Resolving deltas:   8% (35/432)   Resolving deltas:   9% (42/432)   Resolving deltas:  12% (55/432)   Resolving deltas:  15% (66/432)   Resolving deltas:  16% (72/432)   Resolving deltas:  18% (80/432)   Resolving deltas:  19% (83/432)   Resolving deltas:  21% (92/432)   Resolving deltas:  26% (116/432)   Resolving deltas:  27% (118/432)   Resolving deltas:  38% (165/432)   Resolving deltas:  39% (170/432)   Resolving deltas:  40% (177/432)   Resolving deltas:  41% (180/432)   Resolving deltas:  42% (182/432)   Resolving deltas:  43% (189/432)   Resolving deltas:  44% (193/432)   Resolving deltas:  45% (195/432)   Resolving deltas:  49% (213/432)   Resolving deltas:  53% (231/432)   Resolving deltas:  55% (241/432)   Resolving deltas:  63% (276/432)   Resolving deltas:  65% (285/432)   Resolving deltas:  69% (299/432)   Resolving deltas:  88% (382/432)   Resolving deltas:  89% (387/432)   Resolving deltas:  90% (389/432)   Resolving deltas:  94% (407/432)   Resolving deltas: 100% (432/432)   Resolving deltas: 100% (432/432), done.
Checking connectivity... done.
travis_time:end:058cd79c:start=1424424340063458090,finish=1424424340226175142,duration=162717052[0K$ cd square/okio
travis_time:start:0096177f[0K$ git fetch origin +refs/pull/98/merge:
remote: Counting objects: 18, done.[K
remote: Compressing objects:   7% (1/13)   [Kremote: Compressing objects:  15% (2/13)   [Kremote: Compressing objects:  23% (3/13)   [Kremote: Compressing objects:  30% (4/13)   [Kremote: Compressing objects:  38% (5/13)   [Kremote: Compressing objects:  46% (6/13)   [Kremote: Compressing objects:  53% (7/13)   [Kremote: Compressing objects:  61% (8/13)   [Kremote: Compressing objects:  69% (9/13)   [Kremote: Compressing objects:  76% (10/13)   [Kremote: Compressing objects:  84% (11/13)   [Kremote: Compressing objects:  92% (12/13)   [Kremote: Compressing objects: 100% (13/13)   [Kremote: Compressing objects: 100% (13/13), done.[K
remote: Total 18 (delta 10), reused 9 (delta 1)[K
Unpacking objects:   5% (1/18)   Unpacking objects:  11% (2/18)   Unpacking objects:  16% (3/18)   Unpacking objects:  22% (4/18)   Unpacking objects:  27% (5/18)   Unpacking objects:  33% (6/18)   Unpacking objects:  38% (7/18)   Unpacking objects:  44% (8/18)   Unpacking objects:  50% (9/18)   Unpacking objects:  55% (10/18)   Unpacking objects:  61% (11/18)   Unpacking objects:  66% (12/18)   Unpacking objects:  72% (13/18)   Unpacking objects:  77% (14/18)   Unpacking objects:  83% (15/18)   Unpacking objects:  88% (16/18)   Unpacking objects:  94% (17/18)   Unpacking objects: 100% (18/18)   Unpacking objects: 100% (18/18), done.
From git://github.com/square/okio
 * branch            refs/pull/98/merge -> FETCH_HEAD
travis_time:end:0096177f:start=1424424340230494493,finish=1424424340324139726,duration=93645233[0K$ git checkout -qf FETCH_HEAD
travis_fold:end:git.checkout[0K
[33;1mThis job is running on container-based infrastructure, which does not allow use of 'sudo', setuid and setguid executables.[0m
[33;1mSee http://docs.travis-ci.com/user/workers/container-based-infrastructure/ for details.[0m

[33;1mSetting environment variables from .travis.yml[0m
$ export CI_DEPLOY_USERNAME=[secure]
$ export CI_DEPLOY_PASSWORD=[secure]

travis_fold:start:cache.1[0KSetting up build cache
$ export CASHER_DIR=$HOME/.casher
travis_time:start:0082b2dd[0K$ Installing caching utilities
travis_time:end:0082b2dd:start=1424424343220257760,finish=1424424343269641308,duration=49383548[0Ktravis_time:start:0f871371[0Kattempting to download cache archive
found cache
travis_time:end:0f871371:start=1424424343273928138,finish=1424424343976941999,duration=703013861[0Ktravis_time:start:1fdf3a1e[0Kadding /home/travis/.m2 to cache
travis_time:end:1fdf3a1e:start=1424424343981026379,finish=1424424345818072005,duration=1837045626[0Ktravis_fold:end:cache.1[0K$ jdk_switcher use oraclejdk7
Switching to Oracle JDK7 (java-7-oracle), JAVA_HOME will be set to /usr/lib/jvm/java-7-oracle
$ java -version
java version "1.7.0_76"
Java(TM) SE Runtime Environment (build 1.7.0_76-b13)
Java HotSpot(TM) 64-Bit Server VM (build 24.76-b04, mixed mode)
$ javac -version
javac 1.7.0_76
travis_fold:start:install[0Ktravis_time:start:01870299[0K$ mvn install -DskipTests=true -Dmaven.javadoc.skip=true -B -V
Apache Maven 3.2.5 (12a6b3acb947671f09b81f49094c53f426d8cea1; 2014-12-14T17:29:23+00:00)
Maven home: /usr/local/maven
Java version: 1.7.0_76, vendor: Oracle Corporation
Java home: /usr/lib/jvm/java-7-oracle/jre
Default locale: en_US, platform encoding: UTF-8
OS name: "linux", version: "3.13.0-40-generic", arch: "amd64", family: "unix"
[INFO] Scanning for projects...
[INFO] ------------------------------------------------------------------------
[INFO] Reactor Build Order:
[INFO] 
[INFO] Okio (Parent)
[INFO] Okio
[INFO] Okio Performance Benchmarks
[INFO]                                                                         
[INFO] ------------------------------------------------------------------------
[INFO] Building Okio (Parent) 1.3.0-SNAPSHOT
[INFO] ------------------------------------------------------------------------
[INFO] 
[INFO] --- maven-enforcer-plugin:1.0:enforce (enforce-maven) @ okio-parent ---
[INFO] 
[INFO] --- maven-install-plugin:2.4:install (default-install) @ okio-parent ---
[INFO] Installing /home/travis/build/square/okio/pom.xml to /home/travis/.m2/repository/com/squareup/okio/okio-parent/1.3.0-SNAPSHOT/okio-parent-1.3.0-SNAPSHOT.pom
[INFO]                                                                         
[INFO] ------------------------------------------------------------------------
[INFO] Building Okio 1.3.0-SNAPSHOT
[INFO] ------------------------------------------------------------------------
[INFO] 
[INFO] --- maven-enforcer-plugin:1.0:enforce (enforce-maven) @ okio ---
[INFO] 
[INFO] --- maven-resources-plugin:2.6:resources (default-resources) @ okio ---
[INFO] Using 'UTF-8' encoding to copy filtered resources.
[INFO] skip non existing resourceDirectory /home/travis/build/square/okio/okio/src/main/resources
[INFO] 
[INFO] --- maven-compiler-plugin:3.0:compile (default-compile) @ okio ---
[INFO] Changes detected - recompiling the module!
[INFO] Compiling 22 source files to /home/travis/build/square/okio/okio/target/classes
[INFO] 
[INFO] --- maven-resources-plugin:2.6:testResources (default-testResources) @ okio ---
[INFO] Using 'UTF-8' encoding to copy filtered resources.
[INFO] skip non existing resourceDirectory /home/travis/build/square/okio/okio/src/test/resources
[INFO] 
[INFO] --- maven-compiler-plugin:3.0:testCompile (default-testCompile) @ okio ---
[INFO] Changes detected - recompiling the module!
[INFO] Compiling 17 source files to /home/travis/build/square/okio/okio/target/test-classes
[INFO] 
[INFO] --- maven-surefire-plugin:2.12.4:test (default-test) @ okio ---
[INFO] Tests are skipped.
[INFO] 
[INFO] --- animal-sniffer-maven-plugin:1.10:check (default) @ okio ---
[INFO] Checking unresolved references to org.codehaus.mojo.signature:java16:1.1
[INFO] 
[INFO] --- maven-jar-plugin:2.4:jar (default-jar) @ okio ---
[INFO] Building jar: /home/travis/build/square/okio/okio/target/okio-1.3.0-SNAPSHOT.jar
[INFO] 
[INFO] --- maven-install-plugin:2.4:install (default-install) @ okio ---
[INFO] Installing /home/travis/build/square/okio/okio/target/okio-1.3.0-SNAPSHOT.jar to /home/travis/.m2/repository/com/squareup/okio/okio/1.3.0-SNAPSHOT/okio-1.3.0-SNAPSHOT.jar
[INFO] Installing /home/travis/build/square/okio/okio/pom.xml to /home/travis/.m2/repository/com/squareup/okio/okio/1.3.0-SNAPSHOT/okio-1.3.0-SNAPSHOT.pom
[INFO]                                                                         
[INFO] ------------------------------------------------------------------------
[INFO] Building Okio Performance Benchmarks 1.3.0-SNAPSHOT
[INFO] ------------------------------------------------------------------------
[INFO] 
[INFO] --- maven-enforcer-plugin:1.0:enforce (enforce-maven) @ benchmarks ---
[INFO] 
[INFO] --- maven-resources-plugin:2.6:resources (default-resources) @ benchmarks ---
[INFO] Using 'UTF-8' encoding to copy filtered resources.
[INFO] skip non existing resourceDirectory /home/travis/build/square/okio/benchmarks/src/main/resources
[INFO] 
[INFO] --- maven-compiler-plugin:3.0:compile (default-compile) @ benchmarks ---
[INFO] Changes detected - recompiling the module!
[INFO] Compiling 1 source file to /home/travis/build/square/okio/benchmarks/target/classes
[INFO] 
[INFO] --- maven-resources-plugin:2.6:testResources (default-testResources) @ benchmarks ---
[INFO] Using 'UTF-8' encoding to copy filtered resources.
[INFO] skip non existing resourceDirectory /home/travis/build/square/okio/benchmarks/src/test/resources
[INFO] 
[INFO] --- maven-compiler-plugin:3.0:testCompile (default-testCompile) @ benchmarks ---
[INFO] No sources to compile
[INFO] 
[INFO] --- maven-surefire-plugin:2.12.4:test (default-test) @ benchmarks ---
[INFO] Tests are skipped.
[INFO] 
[INFO] --- maven-jar-plugin:2.4:jar (default-jar) @ benchmarks ---
[INFO] Building jar: /home/travis/build/square/okio/benchmarks/target/benchmarks-1.3.0-SNAPSHOT.jar
[INFO] 
[INFO] --- maven-shade-plugin:2.2:shade (default) @ benchmarks ---
[INFO] Including org.openjdk.jmh:jmh-core:jar:1.4.1 in the shaded jar.
[INFO] Including net.sf.jopt-simple:jopt-simple:jar:4.6 in the shaded jar.
[INFO] Including org.apache.commons:commons-math3:jar:3.2 in the shaded jar.
[INFO] Including com.squareup.okio:okio:jar:1.3.0-SNAPSHOT in the shaded jar.
[INFO] Replacing /home/travis/build/square/okio/benchmarks/target/benchmarks.jar with /home/travis/build/square/okio/benchmarks/target/benchmarks-1.3.0-SNAPSHOT-shaded.jar
[INFO] 
[INFO] --- maven-install-plugin:2.4:install (default-install) @ benchmarks ---
[INFO] Installing /home/travis/build/square/okio/benchmarks/target/benchmarks-1.3.0-SNAPSHOT.jar to /home/travis/.m2/repository/com/squareup/okio/benchmarks/1.3.0-SNAPSHOT/benchmarks-1.3.0-SNAPSHOT.jar
[INFO] Installing /home/travis/build/square/okio/benchmarks/pom.xml to /home/travis/.m2/repository/com/squareup/okio/benchmarks/1.3.0-SNAPSHOT/benchmarks-1.3.0-SNAPSHOT.pom
[INFO] ------------------------------------------------------------------------
[INFO] Reactor Summary:
[INFO] 
[INFO] Okio (Parent) ...................................... SUCCESS [  0.557 s]
[INFO] Okio ............................................... SUCCESS [  5.045 s]
[INFO] Okio Performance Benchmarks ........................ SUCCESS [  2.753 s]
[INFO] ------------------------------------------------------------------------
[INFO] BUILD SUCCESS
[INFO] ------------------------------------------------------------------------
[INFO] Total time: 8.526 s
[INFO] Finished at: 2015-02-20T09:25:56+00:00
[INFO] Final Memory: 21M/465M
[INFO] ------------------------------------------------------------------------
travis_time:end:01870299:start=1424424346260877006,finish=1424424356896973748,duration=10636096742[0Ktravis_fold:end:install[0Ktravis_time:start:1968bc8e[0K$ mvn test -B
[INFO] Scanning for projects...
[INFO] ------------------------------------------------------------------------
[INFO] Reactor Build Order:
[INFO] 
[INFO] Okio (Parent)
[INFO] Okio
[INFO] Okio Performance Benchmarks
[INFO]                                                                         
[INFO] ------------------------------------------------------------------------
[INFO] Building Okio (Parent) 1.3.0-SNAPSHOT
[INFO] ------------------------------------------------------------------------
[INFO] 
[INFO] --- maven-enforcer-plugin:1.0:enforce (enforce-maven) @ okio-parent ---
[INFO]                                                                         
[INFO] ------------------------------------------------------------------------
[INFO] Building Okio 1.3.0-SNAPSHOT
[INFO] ------------------------------------------------------------------------
[INFO] 
[INFO] --- maven-enforcer-plugin:1.0:enforce (enforce-maven) @ okio ---
[INFO] 
[INFO] --- maven-resources-plugin:2.6:resources (default-resources) @ okio ---
[INFO] Using 'UTF-8' encoding to copy filtered resources.
[INFO] skip non existing resourceDirectory /home/travis/build/square/okio/okio/src/main/resources
[INFO] 
[INFO] --- maven-compiler-plugin:3.0:compile (default-compile) @ okio ---
[INFO] Changes detected - recompiling the module!
[INFO] Compiling 22 source files to /home/travis/build/square/okio/okio/target/classes
[INFO] 
[INFO] --- maven-resources-plugin:2.6:testResources (default-testResources) @ okio ---
[INFO] Using 'UTF-8' encoding to copy filtered resources.
[INFO] skip non existing resourceDirectory /home/travis/build/square/okio/okio/src/test/resources
[INFO] 
[INFO] --- maven-compiler-plugin:3.0:testCompile (default-testCompile) @ okio ---
[INFO] Changes detected - recompiling the module!
[INFO] Compiling 17 source files to /home/travis/build/square/okio/okio/target/test-classes
[INFO] 
[INFO] --- maven-surefire-plugin:2.12.4:test (default-test) @ okio ---
[INFO] Surefire report directory: /home/travis/build/square/okio/okio/target/surefire-reports

-------------------------------------------------------
 T E S T S
-------------------------------------------------------
Running okio.GzipSourceTest
Tests run: 11, Failures: 0, Errors: 0, Skipped: 0, Time elapsed: 0.007 sec
Running okio.DeflaterSinkTest
Tests run: 6, Failures: 0, Errors: 0, Skipped: 0, Time elapsed: 0.156 sec
Running okio.ReadUtf8LineTest
Tests run: 18, Failures: 0, Errors: 0, Skipped: 0, Time elapsed: 0.042 sec
Running okio.SocketTimeoutTest
Tests run: 4, Failures: 0, Errors: 0, Skipped: 0, Time elapsed: 0.808 sec
Running okio.ByteStringTest
Tests run: 29, Failures: 0, Errors: 0, Skipped: 0, Time elapsed: 0.071 sec
Running okio.RealBufferedSourceTest
Tests run: 10, Failures: 0, Errors: 0, Skipped: 0, Time elapsed: 0.015 sec
Running okio.BufferTest
Tests run: 46, Failures: 0, Errors: 0, Skipped: 0, Time elapsed: 0.127 sec
Running okio.Utf8Test
Tests run: 9, Failures: 0, Errors: 0, Skipped: 0, Time elapsed: 0.007 sec
Running okio.GzipSinkTest
Tests run: 2, Failures: 0, Errors: 0, Skipped: 0, Time elapsed: 0.01 sec
Running okio.AsyncTimeoutTest
Tests run: 17, Failures: 0, Errors: 0, Skipped: 0, Time elapsed: 7.517 sec
Running okio.BufferedSourceTest
Tests run: 108, Failures: 0, Errors: 0, Skipped: 0, Time elapsed: 0.125 sec
Running okio.InflaterSourceTest
Tests run: 4, Failures: 0, Errors: 0, Skipped: 0, Time elapsed: 0.068 sec
Running okio.BufferedSinkTest
Tests run: 42, Failures: 0, Errors: 0, Skipped: 0, Time elapsed: 0.045 sec
Running okio.OkioTest
Tests run: 6, Failures: 0, Errors: 0, Skipped: 0, Time elapsed: 0.025 sec
Running okio.RealBufferedSinkTest
Tests run: 16, Failures: 0, Errors: 0, Skipped: 0, Time elapsed: 0.014 sec

Results :

Tests run: 328, Failures: 0, Errors: 0, Skipped: 0

[INFO] 
[INFO] --- animal-sniffer-maven-plugin:1.10:check (default) @ okio ---
[INFO] Checking unresolved references to org.codehaus.mojo.signature:java16:1.1
[INFO]                                                                         
[INFO] ------------------------------------------------------------------------
[INFO] Building Okio Performance Benchmarks 1.3.0-SNAPSHOT
[INFO] ------------------------------------------------------------------------
[INFO] 
[INFO] --- maven-enforcer-plugin:1.0:enforce (enforce-maven) @ benchmarks ---
[INFO] 
[INFO] --- maven-resources-plugin:2.6:resources (default-resources) @ benchmarks ---
[INFO] Using 'UTF-8' encoding to copy filtered resources.
[INFO] skip non existing resourceDirectory /home/travis/build/square/okio/benchmarks/src/main/resources
[INFO] 
[INFO] --- maven-compiler-plugin:3.0:compile (default-compile) @ benchmarks ---
[INFO] Changes detected - recompiling the module!
[INFO] Compiling 1 source file to /home/travis/build/square/okio/benchmarks/target/classes
[INFO] 
[INFO] --- maven-resources-plugin:2.6:testResources (default-testResources) @ benchmarks ---
[INFO] Using 'UTF-8' encoding to copy filtered resources.
[INFO] skip non existing resourceDirectory /home/travis/build/square/okio/benchmarks/src/test/resources
[INFO] 
[INFO] --- maven-compiler-plugin:3.0:testCompile (default-testCompile) @ benchmarks ---
[INFO] No sources to compile
[INFO] 
[INFO] --- maven-surefire-plugin:2.12.4:test (default-test) @ benchmarks ---
[INFO] No tests to run.
[INFO] ------------------------------------------------------------------------
[INFO] Reactor Summary:
[INFO] 
[INFO] Okio (Parent) ...................................... SUCCESS [  0.484 s]
[INFO] Okio ............................................... SUCCESS [ 14.872 s]
[INFO] Okio Performance Benchmarks ........................ SUCCESS [  1.670 s]
[INFO] ------------------------------------------------------------------------
[INFO] BUILD SUCCESS
[INFO] ------------------------------------------------------------------------
[INFO] Total time: 17.194 s
[INFO] Finished at: 2015-02-20T09:26:15+00:00
[INFO] Final Memory: 16M/465M
[INFO] ------------------------------------------------------------------------
travis_time:end:1968bc8e:start=1424424356901131726,finish=1424424376087761080,duration=19186629354[0K
[32;1mThe command "mvn test -B" exited with 0.[0m
travis_fold:start:cache.2[0Kstore build cache
travis_time:start:0ee0d2d2[0Kchange detected: /home/travis/.m2/repository/com/squareup/okio/okio-parent/maven-metadata-local.xml
changes detected, packing new archive
uploading archive
travis_time:end:0ee0d2d2:start=1424424376091832873,finish=1424424380254082853,duration=4162249980[0Ktravis_fold:end:cache.2[0Ktravis_fold:start:after_success[0Ktravis_time:start:04c5b0c7[0K$ .buildscript/deploy_snapshot.sh
Skipping snapshot deployment: wrong JDK. Expected 'oraclejdk8' but was 'oraclejdk7'.
travis_time:end:04c5b0c7:start=1424424380258069302,finish=1424424380262496776,duration=4427474[0Ktravis_fold:end:after_success[0K
Done. Your build exited with 0.
