travis_fold:start:worker_info[0K[33;1mWorker information[0m
hostname: i-0a9cdf9-precise-production-2-worker-org-docker.travisci.net:c0f18e18-a611-4402-90f1-7b4e98a4271b
version: v2.5.0 https://github.com/travis-ci/worker/tree/da3a43228dffc0fcca5a46569ca786b22991979f
instance: 5198fc0:travis:java
startup: 709.889814ms
travis_fold:end:worker_info[0Ktravis_fold:start:system_info[0K[33;1mBuild system information[0m
Build language: java
Build group: stable
Build dist: precise
Build id: 262672892
Job id: 262672897
travis-build version: 9af302805
[34m[1mBuild image provisioning date and time[0m
Thu Feb  5 15:09:33 UTC 2015
[34m[1mOperating System Details[0m
Distributor ID:	Ubuntu
Description:	Ubuntu 12.04.5 LTS
Release:	12.04
Codename:	precise
[34m[1mLinux Version[0m
3.13.0-29-generic
[34m[1mCookbooks Version[0m
a68419e https://github.com/travis-ci/travis-cookbooks/tree/a68419e
[34m[1mGCC version[0m
gcc (Ubuntu/Linaro 4.6.3-1ubuntu5) 4.6.3
Copyright (C) 2011 Free Software Foundation, Inc.
This is free software; see the source for copying conditions.  There is NO
warranty; not even for MERCHANTABILITY or FITNESS FOR A PARTICULAR PURPOSE.

[34m[1mLLVM version[0m
clang version 3.4 (tags/RELEASE_34/final)
Target: x86_64-unknown-linux-gnu
Thread model: posix
[34m[1mPre-installed Ruby versions[0m
ruby-1.9.3-p551
[34m[1mPre-installed Node.js versions[0m
v0.10.36
[34m[1mPre-installed Go versions[0m
1.4.1
[34m[1mRedis version[0m
redis-server 2.8.19
[34m[1mriak version[0m
2.0.2
[34m[1mMongoDB version[0m
MongoDB 2.4.12
[34m[1mCouchDB version[0m
couchdb 1.6.1
[34m[1mNeo4j version[0m
1.9.4
[34m[1mRabbitMQ Version[0m
3.4.3
[34m[1mElasticSearch version[0m
1.4.0
[34m[1mInstalled Sphinx versions[0m
2.0.10
2.1.9
2.2.6
[34m[1mDefault Sphinx version[0m
2.2.6
[34m[1mInstalled Firefox version[0m
firefox 31.0esr
[34m[1mPhantomJS version[0m
1.9.8
[34m[1mant -version[0m
Apache Ant(TM) version 1.8.2 compiled on December 3 2011
[34m[1mmvn -version[0m
Apache Maven 3.2.5 (12a6b3acb947671f09b81f49094c53f426d8cea1; 2014-12-14T17:29:23+00:00)
Maven home: /usr/local/maven
Java version: 1.7.0_76, vendor: Oracle Corporation
Java home: /usr/lib/jvm/java-7-oracle/jre
Default locale: en_US, platform encoding: ANSI_X3.4-1968
OS name: "linux", version: "3.13.0-29-generic", arch: "amd64", family: "unix"
travis_fold:end:system_info[0K
travis_fold:start:fix.CVE-2015-7547[0K$ export DEBIAN_FRONTEND=noninteractive
Reading package lists...
Building dependency tree...
Reading state information...
The following extra packages will be installed:
  libc-bin libc-dev-bin libc6-dev
Suggested packages:
  glibc-doc
The following packages will be upgraded:
  libc-bin libc-dev-bin libc6 libc6-dev
4 upgraded, 0 newly installed, 0 to remove and 278 not upgraded.
Need to get 8,856 kB of archives.
After this operation, 13.3 kB of additional disk space will be used.
Get:1 http://us.archive.ubuntu.com/ubuntu/ precise-updates/main libc6-dev amd64 2.15-0ubuntu10.18 [2,948 kB]
Get:2 http://us.archive.ubuntu.com/ubuntu/ precise-updates/main libc-dev-bin amd64 2.15-0ubuntu10.18 [84.5 kB]
Get:3 http://us.archive.ubuntu.com/ubuntu/ precise-updates/main libc-bin amd64 2.15-0ubuntu10.18 [1,178 kB]
Get:4 http://us.archive.ubuntu.com/ubuntu/ precise-updates/main libc6 amd64 2.15-0ubuntu10.18 [4,646 kB]
Fetched 8,856 kB in 4s (1,914 kB/s)
Preconfiguring packages ...
(Reading database ... (Reading database ... 5%(Reading database ... 10%(Reading database ... 15%(Reading database ... 20%(Reading database ... 25%(Reading database ... 30%(Reading database ... 35%(Reading database ... 40%(Reading database ... 45%(Reading database ... 50%(Reading database ... 55%(Reading database ... 60%(Reading database ... 65%(Reading database ... 70%(Reading database ... 75%(Reading database ... 80%(Reading database ... 85%(Reading database ... 90%(Reading database ... 95%(Reading database ... 100%(Reading database ... 72019 files and directories currently installed.)
Preparing to replace libc6-dev 2.15-0ubuntu10.10 (using .../libc6-dev_2.15-0ubuntu10.18_amd64.deb) ...
Unpacking replacement libc6-dev ...
Preparing to replace libc-dev-bin 2.15-0ubuntu10.10 (using .../libc-dev-bin_2.15-0ubuntu10.18_amd64.deb) ...
Unpacking replacement libc-dev-bin ...
Preparing to replace libc-bin 2.15-0ubuntu10.10 (using .../libc-bin_2.15-0ubuntu10.18_amd64.deb) ...
Unpacking replacement libc-bin ...
Processing triggers for man-db ...
Setting up libc-bin (2.15-0ubuntu10.18) ...
(Reading database ... (Reading database ... 5%(Reading database ... 10%(Reading database ... 15%(Reading database ... 20%(Reading database ... 25%(Reading database ... 30%(Reading database ... 35%(Reading database ... 40%(Reading database ... 45%(Reading database ... 50%(Reading database ... 55%(Reading database ... 60%(Reading database ... 65%(Reading database ... 70%(Reading database ... 75%(Reading database ... 80%(Reading database ... 85%(Reading database ... 90%(Reading database ... 95%(Reading database ... 100%(Reading database ... 72018 files and directories currently installed.)
Preparing to replace libc6 2.15-0ubuntu10.10 (using .../libc6_2.15-0ubuntu10.18_amd64.deb) ...
Unpacking replacement libc6 ...
Setting up libc6 (2.15-0ubuntu10.18) ...
Setting up libc-dev-bin (2.15-0ubuntu10.18) ...
Setting up libc6-dev (2.15-0ubuntu10.18) ...
Processing triggers for libc-bin ...
ldconfig deferred processing now taking place
travis_fold:end:fix.CVE-2015-7547[0Ktravis_fold:start:update_libssl1.0.0[0K$ sudo apt-get install ca-certificates libssl1.0.0
Reading package lists... 0%Reading package lists... 0%Reading package lists... 1%Reading package lists... 10%Reading package lists... 10%Reading package lists... 11%Reading package lists... 11%Reading package lists... 46%Reading package lists... 46%Reading package lists... 47%Reading package lists... 47%Reading package lists... 48%Reading package lists... 58%Reading package lists... 58%Reading package lists... 58%Reading package lists... 58%Reading package lists... 94%Reading package lists... 94%Reading package lists... 95%Reading package lists... 95%Reading package lists... 95%Reading package lists... 95%Reading package lists... 95%Reading package lists... 95%Reading package lists... 95%Reading package lists... 95%Reading package lists... 95%Reading package lists... 95%Reading package lists... 95%Reading package lists... 95%Reading package lists... 95%Reading package lists... 95%Reading package lists... 95%Reading package lists... 95%Reading package lists... 95%Reading package lists... 95%Reading package lists... 95%Reading package lists... 95%Reading package lists... 95%Reading package lists... 95%Reading package lists... 95%Reading package lists... 95%Reading package lists... 95%Reading package lists... 95%Reading package lists... 95%Reading package lists... 95%Reading package lists... 95%Reading package lists... 95%Reading package lists... 95%Reading package lists... 95%Reading package lists... 95%Reading package lists... 95%Reading package lists... 95%Reading package lists... 95%Reading package lists... 95%Reading package lists... 95%Reading package lists... 95%Reading package lists... 95%Reading package lists... 95%Reading package lists... 95%Reading package lists... 95%Reading package lists... 95%Reading package lists... 95%Reading package lists... 95%Reading package lists... 95%Reading package lists... 95%Reading package lists... 95%Reading package lists... 95%Reading package lists... 95%Reading package lists... 95%Reading package lists... 95%Reading package lists... 95%Reading package lists... 95%Reading package lists... 95%Reading package lists... 95%Reading package lists... 95%Reading package lists... 95%Reading package lists... 96%Reading package lists... 96%Reading package lists... 96%Reading package lists... 96%Reading package lists... 97%Reading package lists... 97%Reading package lists... 98%Reading package lists... 98%Reading package lists... 98%Reading package lists... 98%Reading package lists... 98%Reading package lists... 98%Reading package lists... 98%Reading package lists... 98%Reading package lists... 98%Reading package lists... 98%Reading package lists... 98%Reading package lists... 98%Reading package lists... 98%Reading package lists... 98%Reading package lists... 98%Reading package lists... 98%Reading package lists... 98%Reading package lists... 98%Reading package lists... Done
Building dependency tree... 0%Building dependency tree... 0%Building dependency tree... 50%Building dependency tree... 50%Building dependency tree       
Reading state information... 0%Reading state information... 0%Reading state information... Done
The following extra packages will be installed:
  libssl-dev
The following packages will be upgraded:
  ca-certificates libssl-dev libssl1.0.0
3 upgraded, 0 newly installed, 0 to remove and 275 not upgraded.
Need to get 2,842 kB of archives.
After this operation, 41.0 kB of additional disk space will be used.
0% [Working]            Get:1 http://us.archive.ubuntu.com/ubuntu/ precise-updates/main libssl-dev amd64 1.0.1-4ubuntu5.39 [1,580 kB]
            0% [1 libssl-dev 14.1 kB/1,580 kB 1%]                                     56% [Working]             Get:2 http://us.archive.ubuntu.com/ubuntu/ precise-updates/main libssl1.0.0 amd64 1.0.1-4ubuntu5.39 [1,054 kB]
             58% [2 libssl1.0.0 57.7 kB/1,054 kB 5%]                                       93% [Working]             Get:3 http://us.archive.ubuntu.com/ubuntu/ precise-updates/main ca-certificates all 20160104ubuntu0.12.04.1 [208 kB]
             94% [3 ca-certificates 51.7 kB/208 kB 25%]                                          100% [Working]              Fetched 2,842 kB in 0s (18.5 MB/s)
Preconfiguring packages ...
(Reading database ... (Reading database ... 5%(Reading database ... 10%(Reading database ... 15%(Reading database ... 20%(Reading database ... 25%(Reading database ... 30%(Reading database ... 35%(Reading database ... 40%(Reading database ... 45%(Reading database ... 50%(Reading database ... 55%(Reading database ... 60%(Reading database ... 65%(Reading database ... 70%(Reading database ... 75%(Reading database ... 80%(Reading database ... 85%(Reading database ... 90%(Reading database ... 95%(Reading database ... 100%(Reading database ... 72018 files and directories currently installed.)
Preparing to replace libssl-dev 1.0.1-4ubuntu5.21 (using .../libssl-dev_1.0.1-4ubuntu5.39_amd64.deb) ...
Unpacking replacement libssl-dev ...
Preparing to replace libssl1.0.0 1.0.1-4ubuntu5.21 (using .../libssl1.0.0_1.0.1-4ubuntu5.39_amd64.deb) ...
Unpacking replacement libssl1.0.0 ...
Setting up libssl1.0.0 (1.0.1-4ubuntu5.39) ...
Processing triggers for libc-bin ...
ldconfig deferred processing now taking place
(Reading database ... (Reading database ... 5%(Reading database ... 10%(Reading database ... 15%(Reading database ... 20%(Reading database ... 25%(Reading database ... 30%(Reading database ... 35%(Reading database ... 40%(Reading database ... 45%(Reading database ... 50%(Reading database ... 55%(Reading database ... 60%(Reading database ... 65%(Reading database ... 70%(Reading database ... 75%(Reading database ... 80%(Reading database ... 85%(Reading database ... 90%(Reading database ... 95%(Reading database ... 100%(Reading database ... 72018 files and directories currently installed.)
Preparing to replace ca-certificates 20130906ubuntu0.12.04.1 (using .../ca-certificates_20160104ubuntu0.12.04.1_all.deb) ...
Unpacking replacement ca-certificates ...
Processing triggers for man-db ...
Setting up libssl-dev (1.0.1-4ubuntu5.39) ...
Setting up ca-certificates (20160104ubuntu0.12.04.1) ...
Updating certificates in /etc/ssl/certs... 35 added, 26 removed; done.
Running hooks in /etc/ca-certificates/update.d....
Adding debian:ACCVRAIZ1.pem
Adding debian:Atos_TrustedRoot_2011.pem
Adding debian:CA_WoSign_ECC_Root.pem
Adding debian:Certification_Authority_of_WoSign_G2.pem
Adding debian:Certinomis_-_Root_CA.pem
Adding debian:CFCA_EV_ROOT.pem
Adding debian:COMODO_RSA_Certification_Authority.pem
Adding debian:DigiCert_Assured_ID_Root_G2.pem
Adding debian:DigiCert_Assured_ID_Root_G3.pem
Adding debian:DigiCert_Global_Root_G2.pem
Adding debian:DigiCert_Global_Root_G3.pem
Adding debian:DigiCert_Trusted_Root_G4.pem
Adding debian:Entrust_Root_Certification_Authority_-_EC1.pem
Adding debian:Entrust_Root_Certification_Authority_-_G2.pem
Adding debian:E-Tugra_Certification_Authority.pem
Adding debian:GlobalSign_ECC_Root_CA_-_R4.pem
Adding debian:GlobalSign_ECC_Root_CA_-_R5.pem
Adding debian:IdenTrust_Commercial_Root_CA_1.pem
Adding debian:IdenTrust_Public_Sector_Root_CA_1.pem
Adding debian:OISTE_WISeKey_Global_Root_GB_CA.pem
Adding debian:QuoVadis_Root_CA_1_G3.pem
Adding debian:QuoVadis_Root_CA_2_G3.pem
Adding debian:QuoVadis_Root_CA_3_G3.pem
Adding debian:Staat_der_Nederlanden_EV_Root_CA.pem
Adding debian:Staat_der_Nederlanden_Root_CA_-_G3.pem
Adding debian:S-TRUST_Universal_Root_CA.pem
Adding debian:TeliaSonera_Root_CA_v1.pem
Adding debian:T-TeleSec_GlobalRoot_Class_2.pem
Adding debian:TÜRKTRUST_Elektronik_Sertifika_Hizmet_Sağlayıcısı_H5.pem
Adding debian:TÜRKTRUST_Elektronik_Sertifika_Hizmet_Sağlayıcısı_H6.pem
Adding debian:TWCA_Global_Root_CA.pem
Adding debian:USERTrust_ECC_Certification_Authority.pem
Adding debian:USERTrust_RSA_Certification_Authority.pem
Adding debian:WoSign_China.pem
Adding debian:WoSign.pem
Removing debian:A-Trust-nQual-03.pem
Removing debian:America_Online_Root_Certification_Authority_1.pem
Removing debian:America_Online_Root_Certification_Authority_2.pem
Removing debian:Buypass_Class_3_CA_1.pem
Removing debian:ComSign_Secured_CA.pem
Removing debian:Digital_Signature_Trust_Co._Global_CA_1.pem
Removing debian:Digital_Signature_Trust_Co._Global_CA_3.pem
Removing debian:E-Guven_Kok_Elektronik_Sertifika_Hizmet_Saglayicisi.pem
Removing debian:Entrust.net_Secure_Server_CA.pem
Removing debian:Firmaprofesional_Root_CA.pem
Removing debian:GTE_CyberTrust_Global_Root.pem
Removing debian:RSA_Root_Certificate_1.pem
Removing debian:TC_TrustCenter_Class_2_CA_II.pem
Removing debian:TC_TrustCenter_Universal_CA_I.pem
Removing debian:TDC_Internet_Root_CA.pem
Removing debian:TDC_OCES_Root_CA.pem
Removing debian:TURKTRUST_Certificate_Services_Provider_Root_1.pem
Removing debian:TURKTRUST_Certificate_Services_Provider_Root_2.pem
Removing debian:Thawte_Premium_Server_CA.pem
Removing debian:Thawte_Server_CA.pem
Removing debian:UTN_DATACorp_SGC_Root_CA.pem
Removing debian:ValiCert_Class_1_VA.pem
Removing debian:ValiCert_Class_2_VA.pem
Removing debian:Verisign_Class_4_Public_Primary_Certification_Authority_-_G3.pem
Removing debian:Wells_Fargo_Root_CA.pem
Removing debian:spi-cacert-2008.pem
done.
done.
travis_fold:end:update_libssl1.0.0[0K$ jdk_switcher use oraclejdk8
Switching to Oracle JDK8 (java-8-oracle), JAVA_HOME will be set to /usr/lib/jvm/java-8-oracle
travis_fold:start:git.checkout[0Ktravis_time:start:20a080b9[0K$ git clone --depth=50 --branch=trunk https://github.com/apache/jackrabbit-oak.git apache/jackrabbit-oak
Cloning into 'apache/jackrabbit-oak'...
remote: Counting objects: 6180, done.[K
remote: Compressing objects:   0% (1/4485)   [Kremote: Compressing objects:   1% (45/4485)   [Kremote: Compressing objects:   2% (90/4485)   [Kremote: Compressing objects:   3% (135/4485)   [Kremote: Compressing objects:   4% (180/4485)   [Kremote: Compressing objects:   5% (225/4485)   [Kremote: Compressing objects:   6% (270/4485)   [Kremote: Compressing objects:   7% (314/4485)   [Kremote: Compressing objects:   8% (359/4485)   [Kremote: Compressing objects:   9% (404/4485)   [Kremote: Compressing objects:  10% (449/4485)   [Kremote: Compressing objects:  11% (494/4485)   [Kremote: Compressing objects:  12% (539/4485)   [Kremote: Compressing objects:  13% (584/4485)   [Kremote: Compressing objects:  14% (628/4485)   [Kremote: Compressing objects:  15% (673/4485)   [Kremote: Compressing objects:  16% (718/4485)   [Kremote: Compressing objects:  17% (763/4485)   [Kremote: Compressing objects:  18% (808/4485)   [Kremote: Compressing objects:  19% (853/4485)   [Kremote: Compressing objects:  20% (897/4485)   [Kremote: Compressing objects:  21% (942/4485)   [Kremote: Compressing objects:  22% (987/4485)   [Kremote: Compressing objects:  23% (1032/4485)   [Kremote: Compressing objects:  24% (1077/4485)   [Kremote: Compressing objects:  25% (1122/4485)   [Kremote: Compressing objects:  26% (1167/4485)   [Kremote: Compressing objects:  27% (1211/4485)   [Kremote: Compressing objects:  28% (1256/4485)   [Kremote: Compressing objects:  29% (1301/4485)   [Kremote: Compressing objects:  30% (1346/4485)   [Kremote: Compressing objects:  31% (1391/4485)   [Kremote: Compressing objects:  32% (1436/4485)   [Kremote: Compressing objects:  33% (1481/4485)   [Kremote: Compressing objects:  34% (1525/4485)   [Kremote: Compressing objects:  35% (1570/4485)   [Kremote: Compressing objects:  36% (1615/4485)   [Kremote: Compressing objects:  37% (1660/4485)   [Kremote: Compressing objects:  38% (1705/4485)   [Kremote: Compressing objects:  39% (1750/4485)   [Kremote: Compressing objects:  40% (1794/4485)   [Kremote: Compressing objects:  41% (1839/4485)   [Kremote: Compressing objects:  42% (1884/4485)   [Kremote: Compressing objects:  43% (1929/4485)   [Kremote: Compressing objects:  44% (1974/4485)   [Kremote: Compressing objects:  45% (2019/4485)   [Kremote: Compressing objects:  46% (2064/4485)   [Kremote: Compressing objects:  47% (2108/4485)   [Kremote: Compressing objects:  48% (2153/4485)   [Kremote: Compressing objects:  49% (2198/4485)   [Kremote: Compressing objects:  50% (2243/4485)   [Kremote: Compressing objects:  51% (2288/4485)   [Kremote: Compressing objects:  52% (2333/4485)   [Kremote: Compressing objects:  53% (2378/4485)   [Kremote: Compressing objects:  54% (2422/4485)   [Kremote: Compressing objects:  55% (2467/4485)   [Kremote: Compressing objects:  56% (2512/4485)   [Kremote: Compressing objects:  57% (2557/4485)   [Kremote: Compressing objects:  58% (2602/4485)   [Kremote: Compressing objects:  59% (2647/4485)   [Kremote: Compressing objects:  60% (2691/4485)   [Kremote: Compressing objects:  61% (2736/4485)   [Kremote: Compressing objects:  62% (2781/4485)   [Kremote: Compressing objects:  63% (2826/4485)   [Kremote: Compressing objects:  64% (2871/4485)   [Kremote: Compressing objects:  65% (2916/4485)   [Kremote: Compressing objects:  66% (2961/4485)   [Kremote: Compressing objects:  67% (3005/4485)   [Kremote: Compressing objects:  68% (3050/4485)   [Kremote: Compressing objects:  69% (3095/4485)   [Kremote: Compressing objects:  70% (3140/4485)   [Kremote: Compressing objects:  71% (3185/4485)   [Kremote: Compressing objects:  72% (3230/4485)   [Kremote: Compressing objects:  73% (3275/4485)   [Kremote: Compressing objects:  74% (3319/4485)   [Kremote: Compressing objects:  75% (3364/4485)   [Kremote: Compressing objects:  76% (3409/4485)   [Kremote: Compressing objects:  77% (3454/4485)   [Kremote: Compressing objects:  78% (3499/4485)   [Kremote: Compressing objects:  79% (3544/4485)   [Kremote: Compressing objects:  80% (3588/4485)   [Kremote: Compressing objects:  81% (3633/4485)   [Kremote: Compressing objects:  82% (3678/4485)   [Kremote: Compressing objects:  83% (3723/4485)   [Kremote: Compressing objects:  84% (3768/4485)   [Kremote: Compressing objects:  85% (3813/4485)   [Kremote: Compressing objects:  86% (3858/4485)   [Kremote: Compressing objects:  87% (3902/4485)   [Kremote: Compressing objects:  88% (3947/4485)   [Kremote: Compressing objects:  89% (3992/4485)   [Kremote: Compressing objects:  90% (4037/4485)   [Kremote: Compressing objects:  91% (4082/4485)   [Kremote: Compressing objects:  92% (4127/4485)   [Kremote: Compressing objects:  93% (4172/4485)   [Kremote: Compressing objects:  94% (4216/4485)   [Kremote: Compressing objects:  95% (4261/4485)   [Kremote: Compressing objects:  96% (4306/4485)   [Kremote: Compressing objects:  97% (4351/4485)   [Kremote: Compressing objects:  98% (4396/4485)   [Kremote: Compressing objects:  99% (4441/4485)   [Kremote: Compressing objects: 100% (4485/4485)   [Kremote: Compressing objects: 100% (4485/4485), done.[K
Receiving objects:   0% (1/6180)   Receiving objects:   1% (62/6180)   Receiving objects:   2% (124/6180)   Receiving objects:   3% (186/6180)   Receiving objects:   4% (248/6180)   Receiving objects:   5% (309/6180)   Receiving objects:   6% (371/6180)   Receiving objects:   7% (433/6180)   Receiving objects:   8% (495/6180)   Receiving objects:   9% (557/6180)   Receiving objects:  10% (618/6180)   Receiving objects:  11% (680/6180)   Receiving objects:  12% (742/6180)   Receiving objects:  13% (804/6180)   Receiving objects:  14% (866/6180)   Receiving objects:  15% (927/6180)   Receiving objects:  16% (989/6180)   Receiving objects:  17% (1051/6180)   Receiving objects:  18% (1113/6180)   Receiving objects:  19% (1175/6180)   Receiving objects:  20% (1236/6180)   Receiving objects:  21% (1298/6180)   Receiving objects:  22% (1360/6180)   Receiving objects:  23% (1422/6180)   Receiving objects:  24% (1484/6180)   Receiving objects:  25% (1545/6180)   Receiving objects:  26% (1607/6180)   Receiving objects:  27% (1669/6180)   Receiving objects:  28% (1731/6180)   Receiving objects:  29% (1793/6180)   Receiving objects:  30% (1854/6180)   Receiving objects:  31% (1916/6180)   Receiving objects:  32% (1978/6180)   Receiving objects:  33% (2040/6180)   Receiving objects:  34% (2102/6180)   Receiving objects:  35% (2163/6180)   Receiving objects:  36% (2225/6180)   Receiving objects:  37% (2287/6180)   Receiving objects:  38% (2349/6180)   Receiving objects:  39% (2411/6180)   Receiving objects:  40% (2472/6180)   Receiving objects:  41% (2534/6180)   Receiving objects:  42% (2596/6180)   Receiving objects:  43% (2658/6180)   Receiving objects:  44% (2720/6180)   Receiving objects:  45% (2781/6180)   Receiving objects:  46% (2843/6180)   Receiving objects:  47% (2905/6180)   Receiving objects:  48% (2967/6180)   Receiving objects:  49% (3029/6180)   Receiving objects:  50% (3090/6180)   Receiving objects:  51% (3152/6180)   Receiving objects:  52% (3214/6180)   Receiving objects:  53% (3276/6180)   Receiving objects:  54% (3338/6180)   Receiving objects:  55% (3399/6180)   Receiving objects:  56% (3461/6180)   Receiving objects:  57% (3523/6180)   Receiving objects:  58% (3585/6180)   Receiving objects:  59% (3647/6180), 6.87 MiB | 13.70 MiB/s   Receiving objects:  60% (3708/6180), 6.87 MiB | 13.70 MiB/s   Receiving objects:  61% (3770/6180), 6.87 MiB | 13.70 MiB/s   Receiving objects:  62% (3832/6180), 6.87 MiB | 13.70 MiB/s   Receiving objects:  63% (3894/6180), 6.87 MiB | 13.70 MiB/s   Receiving objects:  64% (3956/6180), 6.87 MiB | 13.70 MiB/s   Receiving objects:  65% (4017/6180), 6.87 MiB | 13.70 MiB/s   Receiving objects:  66% (4079/6180), 6.87 MiB | 13.70 MiB/s   Receiving objects:  67% (4141/6180), 6.87 MiB | 13.70 MiB/s   Receiving objects:  68% (4203/6180), 6.87 MiB | 13.70 MiB/s   Receiving objects:  69% (4265/6180), 6.87 MiB | 13.70 MiB/s   Receiving objects:  70% (4326/6180), 6.87 MiB | 13.70 MiB/s   Receiving objects:  71% (4388/6180), 6.87 MiB | 13.70 MiB/s   Receiving objects:  72% (4450/6180), 6.87 MiB | 13.70 MiB/s   Receiving objects:  73% (4512/6180), 6.87 MiB | 13.70 MiB/s   Receiving objects:  74% (4574/6180), 6.87 MiB | 13.70 MiB/s   Receiving objects:  75% (4635/6180), 6.87 MiB | 13.70 MiB/s   Receiving objects:  76% (4697/6180), 6.87 MiB | 13.70 MiB/s   Receiving objects:  77% (4759/6180), 6.87 MiB | 13.70 MiB/s   Receiving objects:  78% (4821/6180), 6.87 MiB | 13.70 MiB/s   Receiving objects:  79% (4883/6180), 6.87 MiB | 13.70 MiB/s   Receiving objects:  80% (4944/6180), 6.87 MiB | 13.70 MiB/s   Receiving objects:  81% (5006/6180), 6.87 MiB | 13.70 MiB/s   Receiving objects:  82% (5068/6180), 6.87 MiB | 13.70 MiB/s   Receiving objects:  83% (5130/6180), 6.87 MiB | 13.70 MiB/s   Receiving objects:  84% (5192/6180), 6.87 MiB | 13.70 MiB/s   Receiving objects:  85% (5253/6180), 6.87 MiB | 13.70 MiB/s   Receiving objects:  86% (5315/6180), 6.87 MiB | 13.70 MiB/s   Receiving objects:  87% (5377/6180), 6.87 MiB | 13.70 MiB/s   Receiving objects:  88% (5439/6180), 6.87 MiB | 13.70 MiB/s   Receiving objects:  89% (5501/6180), 6.87 MiB | 13.70 MiB/s   Receiving objects:  90% (5562/6180), 6.87 MiB | 13.70 MiB/s   Receiving objects:  91% (5624/6180), 6.87 MiB | 13.70 MiB/s   Receiving objects:  92% (5686/6180), 6.87 MiB | 13.70 MiB/s   Receiving objects:  93% (5748/6180), 6.87 MiB | 13.70 MiB/s   Receiving objects:  94% (5810/6180), 6.87 MiB | 13.70 MiB/s   remote: Total 6180 (delta 2081), reused 2953 (delta 949), pack-reused 0[K
Receiving objects:  95% (5871/6180), 6.87 MiB | 13.70 MiB/s   Receiving objects:  96% (5933/6180), 6.87 MiB | 13.70 MiB/s   Receiving objects:  97% (5995/6180), 6.87 MiB | 13.70 MiB/s   Receiving objects:  98% (6057/6180), 6.87 MiB | 13.70 MiB/s   Receiving objects:  99% (6119/6180), 6.87 MiB | 13.70 MiB/s   Receiving objects: 100% (6180/6180), 6.87 MiB | 13.70 MiB/s   Receiving objects: 100% (6180/6180), 9.03 MiB | 13.70 MiB/s, done.
Resolving deltas:   0% (0/2081)   Resolving deltas:   1% (22/2081)   Resolving deltas:   2% (45/2081)   Resolving deltas:   3% (63/2081)   Resolving deltas:   4% (84/2081)   Resolving deltas:   5% (108/2081)   Resolving deltas:   6% (136/2081)   Resolving deltas:   7% (150/2081)   Resolving deltas:   8% (171/2081)   Resolving deltas:   9% (188/2081)   Resolving deltas:  10% (209/2081)   Resolving deltas:  11% (229/2081)   Resolving deltas:  12% (250/2081)   Resolving deltas:  13% (271/2081)   Resolving deltas:  14% (294/2081)   Resolving deltas:  15% (313/2081)   Resolving deltas:  16% (333/2081)   Resolving deltas:  17% (354/2081)   Resolving deltas:  18% (375/2081)   Resolving deltas:  19% (402/2081)   Resolving deltas:  20% (421/2081)   Resolving deltas:  21% (441/2081)   Resolving deltas:  22% (458/2081)   Resolving deltas:  23% (480/2081)   Resolving deltas:  24% (500/2081)   Resolving deltas:  25% (521/2081)   Resolving deltas:  26% (545/2081)   Resolving deltas:  27% (563/2081)   Resolving deltas:  28% (594/2081)   Resolving deltas:  29% (604/2081)   Resolving deltas:  30% (625/2081)   Resolving deltas:  31% (646/2081)   Resolving deltas:  32% (667/2081)   Resolving deltas:  33% (687/2081)   Resolving deltas:  34% (708/2081)   Resolving deltas:  35% (729/2081)   Resolving deltas:  36% (751/2081)   Resolving deltas:  37% (771/2081)   Resolving deltas:  38% (796/2081)   Resolving deltas:  39% (812/2081)   Resolving deltas:  40% (835/2081)   Resolving deltas:  41% (854/2081)   Resolving deltas:  42% (884/2081)   Resolving deltas:  43% (896/2081)   Resolving deltas:  44% (933/2081)   Resolving deltas:  45% (937/2081)   Resolving deltas:  46% (960/2081)   Resolving deltas:  47% (982/2081)   Resolving deltas:  48% (999/2081)   Resolving deltas:  49% (1020/2081)   Resolving deltas:  50% (1043/2081)   Resolving deltas:  51% (1063/2081)   Resolving deltas:  52% (1083/2081)   Resolving deltas:  53% (1103/2081)   Resolving deltas:  54% (1125/2081)   Resolving deltas:  55% (1145/2081)   Resolving deltas:  56% (1166/2081)   Resolving deltas:  57% (1192/2081)   Resolving deltas:  58% (1207/2081)   Resolving deltas:  59% (1228/2081)   Resolving deltas:  60% (1250/2081)   Resolving deltas:  61% (1272/2081)   Resolving deltas:  62% (1293/2081)   Resolving deltas:  63% (1312/2081)   Resolving deltas:  64% (1333/2081)   Resolving deltas:  65% (1355/2081)   Resolving deltas:  66% (1375/2081)   Resolving deltas:  67% (1395/2081)   Resolving deltas:  68% (1416/2081)   Resolving deltas:  69% (1438/2081)   Resolving deltas:  70% (1457/2081)   Resolving deltas:  71% (1478/2081)   Resolving deltas:  72% (1500/2081)   Resolving deltas:  74% (1541/2081)   Resolving deltas:  75% (1565/2081)   Resolving deltas:  76% (1582/2081)   Resolving deltas:  77% (1607/2081)   Resolving deltas:  79% (1644/2081)   Resolving deltas:  80% (1671/2081)   Resolving deltas:  81% (1687/2081)   Resolving deltas:  82% (1716/2081)   Resolving deltas:  83% (1729/2081)   Resolving deltas:  84% (1763/2081)   Resolving deltas:  85% (1773/2081)   Resolving deltas:  86% (1791/2081)   Resolving deltas:  87% (1812/2081)   Resolving deltas:  88% (1834/2081)   Resolving deltas:  89% (1867/2081)   Resolving deltas:  90% (1873/2081)   Resolving deltas:  91% (1898/2081)   Resolving deltas:  92% (1915/2081)   Resolving deltas:  93% (1936/2081)   Resolving deltas:  94% (1957/2081)   Resolving deltas:  95% (1977/2081)   Resolving deltas:  96% (1999/2081)   Resolving deltas:  97% (2019/2081)   Resolving deltas:  98% (2040/2081)   Resolving deltas: 100% (2081/2081)   Resolving deltas: 100% (2081/2081), done.
Checking connectivity... done.

travis_time:end:20a080b9:start=1502286993686351587,finish=1502286996831254762,duration=3144903175[0K$ cd apache/jackrabbit-oak
$ git checkout -qf 5cd99752b7468a49143716dab0bb4070d7b67a2c
travis_fold:end:git.checkout[0Ktravis_fold:start:apt[0K[33;1mAdding APT Sources (BETA)[0m
$ export DEBIAN_FRONTEND=noninteractive
travis_time:start:29f1378c[0K$ curl -sSL "http://keyserver.ubuntu.com/pks/lookup?op=get&fingerprint=on&search=0x9ECBEC467F0CEB10" | sudo -E apt-key add -
OK

travis_time:end:29f1378c:start=1502286997219446092,finish=1502286997399516429,duration=180070337[0Ktravis_time:start:219b60c0[0K$ echo "deb http://downloads-distro.mongodb.org/repo/ubuntu-upstart dist 10gen" | sudo tee -a /etc/apt/sources.list > /dev/null

travis_time:end:219b60c0:start=1502286997403592363,finish=1502286997411638379,duration=8046016[0K[33;1mInstalling APT Packages (BETA)[0m
$ export DEBIAN_FRONTEND=noninteractive
travis_time:start:2746c68d[0K$ sudo -E apt-get -yq update &>> ~/apt-get-update.log

travis_time:end:2746c68d:start=1502286997415772065,finish=1502287001938906213,duration=4523134148[0Ktravis_time:start:0acd1129[0K$ sudo -E apt-get -yq --no-install-suggests --no-install-recommends --force-yes install mongodb-org-server oracle-java8-installer
Reading package lists...
Building dependency tree...
Reading state information...
Suggested packages:
  binfmt-support visualvm ttf-baekmuk ttf-unfonts ttf-unfonts-core
  ttf-kochi-gothic ttf-sazanami-gothic ttf-kochi-mincho ttf-sazanami-mincho
  ttf-arphic-uming
Recommended packages:
  oracle-java8-set-default
The following packages will be REMOVED:
  mongodb-10gen
The following NEW packages will be installed:
  mongodb-org-server
The following packages will be upgraded:
  oracle-java8-installer
1 upgraded, 1 newly installed, 1 to remove and 273 not upgraded.
Need to get 9,574 kB of archives.
After this operation, 201 MB disk space will be freed.
Get:1 http://downloads-distro.mongodb.org/repo/ubuntu-upstart/ dist/10gen mongodb-org-server amd64 2.6.12 [9,541 kB]
Get:2 http://ppa.launchpad.net/webupd8team/java/ubuntu/ precise/main oracle-java8-installer all 8u144-1~webupd8~0 [32.9 kB]
Fetched 9,574 kB in 0s (31.6 MB/s)
Preconfiguring packages ...
(Reading database ... (Reading database ... 5%(Reading database ... 10%(Reading database ... 15%(Reading database ... 20%(Reading database ... 25%(Reading database ... 30%(Reading database ... 35%(Reading database ... 40%(Reading database ... 45%(Reading database ... 50%(Reading database ... 55%(Reading database ... 60%(Reading database ... 65%(Reading database ... 70%(Reading database ... 75%(Reading database ... 80%(Reading database ... 85%(Reading database ... 90%(Reading database ... 95%(Reading database ... 100%(Reading database ... 72026 files and directories currently installed.)
Removing mongodb-10gen ...
arg: remove
 * Stopping database mongodb       [80G [74G[ OK ]
Processing triggers for man-db ...
(Reading database ... (Reading database ... 5%(Reading database ... 10%(Reading database ... 15%(Reading database ... 20%(Reading database ... 25%(Reading database ... 30%(Reading database ... 35%(Reading database ... 40%(Reading database ... 45%(Reading database ... 50%(Reading database ... 55%(Reading database ... 60%(Reading database ... 65%(Reading database ... 70%(Reading database ... 75%(Reading database ... 80%(Reading database ... 85%(Reading database ... 90%(Reading database ... 95%(Reading database ... 100%(Reading database ... 71995 files and directories currently installed.)
Preparing to replace oracle-java8-installer 8u31+8u33arm-1~webupd8~1 (using .../oracle-java8-installer_8u144-1~webupd8~0_all.deb) ...
oracle-license-v1-1 license has already been accepted
Unpacking replacement oracle-java8-installer ...
Selecting previously unselected package mongodb-org-server.
Unpacking mongodb-org-server (from .../mongodb-org-server_2.6.12_amd64.deb) ...
Processing triggers for shared-mime-info ...
Processing triggers for hicolor-icon-theme ...
Processing triggers for man-db ...
Setting up oracle-java8-installer (8u144-1~webupd8~0) ...
No /var/cache/oracle-jdk8-installer/wgetrc file found.
Creating /var/cache/oracle-jdk8-installer/wgetrc and
using default oracle-java8-installer wgetrc settings for it.
Downloading Oracle Java 8...
--2017-08-09 13:56:49--  http://download.oracle.com/otn-pub/java/jdk/8u144-b01/090f390dda5b47b9b721c7dfaa008135/jdk-8u144-linux-x64.tar.gz
Resolving download.oracle.com (download.oracle.com)... 65.158.47.48, 65.158.47.50
Connecting to download.oracle.com (download.oracle.com)|65.158.47.48|:80... connected.
HTTP request sent, awaiting response... 302 Moved Temporarily
Location: https://edelivery.oracle.com/otn-pub/java/jdk/8u144-b01/090f390dda5b47b9b721c7dfaa008135/jdk-8u144-linux-x64.tar.gz [following]
--2017-08-09 13:56:49--  https://edelivery.oracle.com/otn-pub/java/jdk/8u144-b01/090f390dda5b47b9b721c7dfaa008135/jdk-8u144-linux-x64.tar.gz
Resolving edelivery.oracle.com (edelivery.oracle.com)... 23.49.182.138, 2600:1408:10:297::2d3e, 2600:1408:10:29b::2d3e
Connecting to edelivery.oracle.com (edelivery.oracle.com)|23.49.182.138|:443... connected.
HTTP request sent, awaiting response... 302 Moved Temporarily
Location: http://download.oracle.com/otn-pub/java/jdk/8u144-b01/090f390dda5b47b9b721c7dfaa008135/jdk-8u144-linux-x64.tar.gz?AuthParam=1502287130_7e13bc605729801a33fa4a29bbba2031 [following]
--2017-08-09 13:56:50--  http://download.oracle.com/otn-pub/java/jdk/8u144-b01/090f390dda5b47b9b721c7dfaa008135/jdk-8u144-linux-x64.tar.gz?AuthParam=1502287130_7e13bc605729801a33fa4a29bbba2031
Connecting to download.oracle.com (download.oracle.com)|65.158.47.48|:80... connected.
HTTP request sent, awaiting response... 200 OK
Length: 185515842 (177M) [application/x-gzip]
Saving to: `jdk-8u144-linux-x64.tar.gz'

     0K ........ ........ ........ ........ ........ ........  1% 47.7M 4s
  3072K ........ ........ ........ ........ ........ ........  3% 52.6M 3s
  6144K ........ ........ ........ ........ ........ ........  5% 49.6M 3s
  9216K ........ ........ ........ ........ ........ ........  6% 63.9M 3s
 12288K ........ ........ ........ ........ ........ ........  8% 53.7M 3s
 15360K ........ ........ ........ ........ ........ ........ 10% 66.2M 3s
 18432K ........ ........ ........ ........ ........ ........ 11% 55.7M 3s
 21504K ........ ........ ........ ........ ........ ........ 13% 61.9M 3s
 24576K ........ ........ ........ ........ ........ ........ 15% 36.1M 3s
 27648K ........ ........ ........ ........ ........ ........ 16% 85.1M 3s
 30720K ........ ........ ........ ........ ........ ........ 18% 62.8M 3s
 33792K ........ ........ ........ ........ ........ ........ 20% 90.1M 2s
 36864K ........ ........ ........ ........ ........ ........ 22% 62.9M 2s
 39936K ........ ........ ........ ........ ........ ........ 23% 84.6M 2s
 43008K ........ ........ ........ ........ ........ ........ 25% 66.0M 2s
 46080K ........ ........ ........ ........ ........ ........ 27% 90.4M 2s
 49152K ........ ........ ........ ........ ........ ........ 28% 37.2M 2s
 52224K ........ ........ ........ ........ ........ ........ 30% 67.0M 2s
 55296K ........ ........ ........ ........ ........ ........ 32% 53.6M 2s
 58368K ........ ........ ........ ........ ........ ........ 33% 66.1M 2s
 61440K ........ ........ ........ ........ ........ ........ 35% 49.3M 2s
 64512K ........ ........ ........ ........ ........ ........ 37% 50.6M 2s
 67584K ........ ........ ........ ........ ........ ........ 39% 57.0M 2s
 70656K ........ ........ ........ ........ ........ ........ 40% 67.4M 2s
 73728K ........ ........ ........ ........ ........ ........ 42% 58.9M 2s
 76800K ........ ........ ........ ........ ........ ........ 44% 80.4M 2s
 79872K ........ ........ ........ ........ ........ ........ 45% 54.8M 2s
 82944K ........ ........ ........ ........ ........ ........ 47% 68.1M 2s
 86016K ........ ........ ........ ........ ........ ........ 49% 21.3M 2s
 89088K ........ ........ ........ ........ ........ ........ 50% 65.7M 2s
 92160K ........ ........ ........ ........ ........ ........ 52% 14.0M 2s
 95232K ........ ........ ........ ........ ........ ........ 54% 32.4M 2s
 98304K ........ ........ ........ ........ ........ ........ 55% 28.5M 2s
101376K ........ ........ ........ ........ ........ ........ 57% 31.6M 2s
104448K ........ ........ ........ ........ ........ ........ 59% 36.1M 2s
107520K ........ ........ ........ ........ ........ ........ 61% 38.5M 1s
110592K ........ ........ ........ ........ ........ ........ 62% 40.8M 1s
113664K ........ ........ ........ ........ ........ ........ 64% 43.0M 1s
116736K ........ ........ ........ ........ ........ ........ 66% 41.7M 1s
119808K ........ ........ ........ ........ ........ ........ 67% 49.0M 1s
122880K ........ ........ ........ ........ ........ ........ 69% 52.4M 1s
125952K ........ ........ ........ ........ ........ ........ 71% 33.9M 1s
129024K ........ ........ ........ ........ ........ ........ 72% 54.2M 1s
132096K ........ ........ ........ ........ ........ ........ 74% 56.3M 1s
135168K ........ ........ ........ ........ ........ ........ 76% 50.9M 1s
138240K ........ ........ ........ ........ ........ ........ 78% 19.9M 1s
141312K ........ ........ ........ ........ ........ ........ 79% 22.3M 1s
144384K ........ ........ ........ ........ ........ ........ 81% 26.3M 1s
147456K ........ ........ ........ ........ ........ ........ 83% 8.74M 1s
150528K ........ ........ ........ ........ ........ ........ 84% 25.9M 1s
153600K ........ ........ ........ ........ ........ ........ 86% 31.0M 1s
156672K ........ ........ ........ ........ ........ ........ 88% 32.9M 1s
159744K ........ ........ ........ ........ ........ ........ 89% 35.9M 0s
162816K ........ ........ ........ ........ ........ ........ 91% 40.0M 0s
165888K ........ ........ ........ ........ ........ ........ 93% 42.9M 0s
168960K ........ ........ ........ ........ ........ ........ 94% 27.1M 0s
172032K ........ ........ ........ ........ ........ ........ 96% 41.3M 0s
175104K ........ ........ ........ ........ ........ ........ 98% 52.9M 0s
178176K ........ ........ ........ ........ ........ ......  100% 45.5M=4.4s

2017-08-09 13:56:54 (39.8 MB/s) - `jdk-8u144-linux-x64.tar.gz' saved [185515842/185515842]

Download done.
Removing outdated cached downloads...
Oracle JDK 8 installed

#####Important########
To set Oracle JDK8 as default, install the "oracle-java8-set-default" package.
E.g.: sudo apt install oracle-java8-set-default
On Ubuntu systems, oracle-java8-set-default is most probably installed
automatically with this package.
######################

Setting up mongodb-org-server (2.6.12) ...
mongod start/running, process 8473

travis_time:end:0acd1129:start=1502287001942754714,finish=1502287021033260430,duration=19090505716[0Ktravis_fold:end:apt[0K
[33;1mSetting environment variables from .travis.yml[0m
$ export MODULE=oak-it

travis_fold:start:cache.1[0KSetting up build cache
$ export CASHER_DIR=$HOME/.casher
travis_time:start:0bcfe8cc[0K$ Installing caching utilities

travis_time:end:0bcfe8cc:start=1502287025205040853,finish=1502287025232742389,duration=27701536[0Ktravis_time:start:0353e320[0K
travis_time:end:0353e320:start=1502287025238306896,finish=1502287025242187967,duration=3881071[0Ktravis_time:start:1061d43c[0K[32;1mattempting to download cache archive[0m
[32;1mfetching trunk/cache-linux-precise-846db94262b002fb5f34d4aed450e00d2ad32ef9b68a4816887d74d41dcffd1c--jdk-oraclejdk8.tgz[0m
[32;1mfound cache[0m

travis_time:end:1061d43c:start=1502287025246540030,finish=1502287027407127181,duration=2160587151[0Ktravis_time:start:0180e407[0K
travis_time:end:0180e407:start=1502287027411398905,finish=1502287027415384971,duration=3986066[0Ktravis_time:start:04efeee0[0K[32;1madding /home/travis/.m2 to cache[0m

travis_time:end:04efeee0:start=1502287027419713735,finish=1502287029148182044,duration=1728468309[0Ktravis_fold:end:cache.1[0K$ java -Xmx32m -version
java version "1.8.0_144"
Java(TM) SE Runtime Environment (build 1.8.0_144-b01)
Java HotSpot(TM) 64-Bit Server VM (build 25.144-b01, mixed mode)
$ javac -J-Xmx32m -version
javac 1.8.0_144
travis_fold:start:install[0Ktravis_time:start:0a9056a0[0K$ mvn --batch-mode -DskipTests -Dbaseline.skip=true install -pl :${MODULE} -am -nsu
Java HotSpot(TM) 64-Bit Server VM warning: ignoring option MaxPermSize=192m; support was removed in 8.0
[INFO] Scanning for projects...
[INFO] ------------------------------------------------------------------------
[INFO] Reactor Build Order:
[INFO] 
[INFO] Oak Parent POM
[INFO] Oak Commons
[INFO] Oak API
[INFO] Oak Core SPI
[INFO] Oak NodeStore and Commit SPI
[INFO] Oak Blob Store
[INFO] Oak Blob Plugins
[INFO] Oak Core
[INFO] Oak Composite Store
[INFO] Oak Cloud Blob Store
[INFO] Oak Azure Cloud Blob Store
[INFO] Oak Segment Tar
[INFO] Oak Integration Tests
[INFO]                                                                         
[INFO] ------------------------------------------------------------------------
[INFO] Building Oak Parent POM 1.8-SNAPSHOT
[INFO] ------------------------------------------------------------------------
[INFO] 
[INFO] --- jacoco-maven-plugin:0.7.9:prepare-agent (pre-unit-test) @ oak-parent ---
[INFO] Skipping JaCoCo execution because property jacoco.skip is set.
[INFO] test.opts.coverage set to empty
[INFO] 
[INFO] --- maven-remote-resources-plugin:1.5:process (process-resource-bundles) @ oak-parent ---
[INFO] 
[INFO] --- animal-sniffer-maven-plugin:1.15:check (animal-sniffer) @ oak-parent ---
[INFO] Checking unresolved references to org.codehaus.mojo.signature:java18:1.0
[INFO] 
[INFO] --- jacoco-maven-plugin:0.7.9:report (post-unit-test) @ oak-parent ---
[INFO] Skipping JaCoCo execution because property jacoco.skip is set.
[INFO] 
[INFO] --- maven-site-plugin:3.6:attach-descriptor (attach-descriptor) @ oak-parent ---
[INFO] No site descriptor found: nothing to attach.
[INFO] 
[INFO] --- maven-jar-plugin:3.0.2:test-jar (default) @ oak-parent ---
[WARNING] JAR will be empty - no content was marked for inclusion!
[INFO] Building jar: /home/travis/build/apache/jackrabbit-oak/oak-parent/target/oak-parent-1.8-SNAPSHOT-tests.jar
[INFO] 
[INFO] --- jacoco-maven-plugin:0.7.9:check (default-check) @ oak-parent ---
[INFO] Skipping JaCoCo execution due to missing execution data file:/home/travis/build/apache/jackrabbit-oak/oak-parent/target/coverage-reports/jacoco-ut.exec
[INFO] 
[INFO] --- maven-install-plugin:2.5.2:install (default-install) @ oak-parent ---
[INFO] Installing /home/travis/build/apache/jackrabbit-oak/oak-parent/pom.xml to /home/travis/.m2/repository/org/apache/jackrabbit/oak-parent/1.8-SNAPSHOT/oak-parent-1.8-SNAPSHOT.pom
[INFO] Installing /home/travis/build/apache/jackrabbit-oak/oak-parent/target/oak-parent-1.8-SNAPSHOT-tests.jar to /home/travis/.m2/repository/org/apache/jackrabbit/oak-parent/1.8-SNAPSHOT/oak-parent-1.8-SNAPSHOT-tests.jar
[INFO]                                                                         
[INFO] ------------------------------------------------------------------------
[INFO] Building Oak Commons 1.8-SNAPSHOT
[INFO] ------------------------------------------------------------------------
[INFO] 
[INFO] --- jacoco-maven-plugin:0.7.9:prepare-agent (pre-unit-test) @ oak-commons ---
[INFO] Skipping JaCoCo execution because property jacoco.skip is set.
[INFO] test.opts.coverage set to empty
[INFO] 
[INFO] --- maven-remote-resources-plugin:1.5:process (process-resource-bundles) @ oak-commons ---
[INFO] 
[INFO] --- maven-resources-plugin:2.7:resources (default-resources) @ oak-commons ---
[INFO] Using 'UTF-8' encoding to copy filtered resources.
[INFO] skip non existing resourceDirectory /home/travis/build/apache/jackrabbit-oak/oak-commons/src/main/resources
[INFO] Copying 3 resources
[INFO] 
[INFO] --- maven-compiler-plugin:3.5.1:compile (default-compile) @ oak-commons ---
[INFO] Changes detected - recompiling the module!
[INFO] Compiling 27 source files to /home/travis/build/apache/jackrabbit-oak/oak-commons/target/classes
[INFO] /home/travis/build/apache/jackrabbit-oak/oak-commons/src/main/java/org/apache/jackrabbit/oak/commons/FileIOUtils.java: /home/travis/build/apache/jackrabbit-oak/oak-commons/src/main/java/org/apache/jackrabbit/oak/commons/FileIOUtils.java uses unchecked or unsafe operations.
[INFO] /home/travis/build/apache/jackrabbit-oak/oak-commons/src/main/java/org/apache/jackrabbit/oak/commons/FileIOUtils.java: Recompile with -Xlint:unchecked for details.
[INFO] 
[INFO] --- animal-sniffer-maven-plugin:1.15:check (animal-sniffer) @ oak-commons ---
[INFO] Checking unresolved references to org.codehaus.mojo.signature:java18:1.0
[INFO] 
[INFO] --- maven-bundle-plugin:3.3.0:manifest (scr-metadata) @ oak-commons ---
[INFO] 
[INFO] --- maven-resources-plugin:2.7:testResources (default-testResources) @ oak-commons ---
[INFO] Using 'UTF-8' encoding to copy filtered resources.
[INFO] Copying 4 resources
[INFO] Copying 3 resources
[INFO] 
[INFO] --- maven-compiler-plugin:3.5.1:testCompile (default-testCompile) @ oak-commons ---
[INFO] Changes detected - recompiling the module!
[INFO] Compiling 27 source files to /home/travis/build/apache/jackrabbit-oak/oak-commons/target/test-classes
[INFO] /home/travis/build/apache/jackrabbit-oak/oak-commons/src/test/java/org/apache/jackrabbit/oak/commons/cache/ConcurrentCacheTest.java: Some input files use or override a deprecated API.
[INFO] /home/travis/build/apache/jackrabbit-oak/oak-commons/src/test/java/org/apache/jackrabbit/oak/commons/cache/ConcurrentCacheTest.java: Recompile with -Xlint:deprecation for details.
[INFO] /home/travis/build/apache/jackrabbit-oak/oak-commons/src/test/java/org/apache/jackrabbit/oak/commons/FileIOUtilsTest.java: /home/travis/build/apache/jackrabbit-oak/oak-commons/src/test/java/org/apache/jackrabbit/oak/commons/FileIOUtilsTest.java uses unchecked or unsafe operations.
[INFO] /home/travis/build/apache/jackrabbit-oak/oak-commons/src/test/java/org/apache/jackrabbit/oak/commons/FileIOUtilsTest.java: Recompile with -Xlint:unchecked for details.
[INFO] 
[INFO] --- maven-surefire-plugin:2.20:test (default-test) @ oak-commons ---
[INFO] Tests are skipped.
[INFO] 
[INFO] --- jacoco-maven-plugin:0.7.9:report (post-unit-test) @ oak-commons ---
[INFO] Skipping JaCoCo execution because property jacoco.skip is set.
[INFO] 
[INFO] --- maven-bundle-plugin:3.3.0:bundle (default-bundle) @ oak-commons ---
[INFO] 
[INFO] --- maven-site-plugin:3.6:attach-descriptor (attach-descriptor) @ oak-commons ---
[INFO] Skipping because packaging 'bundle' is not pom.
[INFO] 
[INFO] --- maven-jar-plugin:3.0.2:test-jar (default) @ oak-commons ---
[INFO] Building jar: /home/travis/build/apache/jackrabbit-oak/oak-commons/target/oak-commons-1.8-SNAPSHOT-tests.jar
[INFO] 
[INFO] --- maven-bundle-plugin:3.3.0:baseline (baseline) @ oak-commons ---
[INFO] Skipping Baseline execution
[INFO] 
[INFO] --- jacoco-maven-plugin:0.7.9:check (default-check) @ oak-commons ---
[INFO] Skipping JaCoCo execution due to missing execution data file:/home/travis/build/apache/jackrabbit-oak/oak-commons/target/coverage-reports/jacoco-ut.exec
[INFO] 
[INFO] --- maven-install-plugin:2.5.2:install (default-install) @ oak-commons ---
[INFO] Installing /home/travis/build/apache/jackrabbit-oak/oak-commons/target/oak-commons-1.8-SNAPSHOT.jar to /home/travis/.m2/repository/org/apache/jackrabbit/oak-commons/1.8-SNAPSHOT/oak-commons-1.8-SNAPSHOT.jar
[INFO] Installing /home/travis/build/apache/jackrabbit-oak/oak-commons/pom.xml to /home/travis/.m2/repository/org/apache/jackrabbit/oak-commons/1.8-SNAPSHOT/oak-commons-1.8-SNAPSHOT.pom
[INFO] Installing /home/travis/build/apache/jackrabbit-oak/oak-commons/target/oak-commons-1.8-SNAPSHOT-tests.jar to /home/travis/.m2/repository/org/apache/jackrabbit/oak-commons/1.8-SNAPSHOT/oak-commons-1.8-SNAPSHOT-tests.jar
[INFO] 
[INFO] --- maven-bundle-plugin:3.3.0:install (default-install) @ oak-commons ---
[INFO] Local OBR update disabled (enable with -DobrRepository)
[INFO]                                                                         
[INFO] ------------------------------------------------------------------------
[INFO] Building Oak API 1.8-SNAPSHOT
[INFO] ------------------------------------------------------------------------
[INFO] 
[INFO] --- jacoco-maven-plugin:0.7.9:prepare-agent (pre-unit-test) @ oak-api ---
[INFO] Skipping JaCoCo execution because property jacoco.skip is set.
[INFO] test.opts.coverage set to empty
[INFO] 
[INFO] --- maven-remote-resources-plugin:1.5:process (process-resource-bundles) @ oak-api ---
[INFO] 
[INFO] --- maven-resources-plugin:2.7:resources (default-resources) @ oak-api ---
[INFO] Using 'UTF-8' encoding to copy filtered resources.
[INFO] skip non existing resourceDirectory /home/travis/build/apache/jackrabbit-oak/oak-api/src/main/resources
[INFO] Copying 3 resources
[INFO] 
[INFO] --- maven-compiler-plugin:3.5.1:compile (default-compile) @ oak-api ---
[INFO] Changes detected - recompiling the module!
[INFO] Compiling 34 source files to /home/travis/build/apache/jackrabbit-oak/oak-api/target/classes
[INFO] 
[INFO] --- animal-sniffer-maven-plugin:1.15:check (animal-sniffer) @ oak-api ---
[INFO] Checking unresolved references to org.codehaus.mojo.signature:java18:1.0
[INFO] 
[INFO] --- maven-bundle-plugin:3.3.0:manifest (scr-metadata) @ oak-api ---
[INFO] 
[INFO] --- maven-resources-plugin:2.7:testResources (default-testResources) @ oak-api ---
[INFO] Using 'UTF-8' encoding to copy filtered resources.
[INFO] skip non existing resourceDirectory /home/travis/build/apache/jackrabbit-oak/oak-api/src/test/resources
[INFO] Copying 3 resources
[INFO] 
[INFO] --- maven-compiler-plugin:3.5.1:testCompile (default-testCompile) @ oak-api ---
[INFO] Changes detected - recompiling the module!
[INFO] Compiling 2 source files to /home/travis/build/apache/jackrabbit-oak/oak-api/target/test-classes
[INFO] 
[INFO] --- maven-surefire-plugin:2.20:test (default-test) @ oak-api ---
[INFO] Tests are skipped.
[INFO] 
[INFO] --- jacoco-maven-plugin:0.7.9:report (post-unit-test) @ oak-api ---
[INFO] Skipping JaCoCo execution because property jacoco.skip is set.
[INFO] 
[INFO] --- maven-bundle-plugin:3.3.0:bundle (default-bundle) @ oak-api ---
[INFO] 
[INFO] --- maven-site-plugin:3.6:attach-descriptor (attach-descriptor) @ oak-api ---
[INFO] Skipping because packaging 'bundle' is not pom.
[INFO] 
[INFO] --- maven-jar-plugin:3.0.2:test-jar (default) @ oak-api ---
[INFO] Building jar: /home/travis/build/apache/jackrabbit-oak/oak-api/target/oak-api-1.8-SNAPSHOT-tests.jar
[INFO] 
[INFO] --- maven-bundle-plugin:3.3.0:baseline (baseline) @ oak-api ---
[INFO] Skipping Baseline execution
[INFO] 
[INFO] --- jacoco-maven-plugin:0.7.9:check (default-check) @ oak-api ---
[INFO] Skipping JaCoCo execution due to missing execution data file:/home/travis/build/apache/jackrabbit-oak/oak-api/target/coverage-reports/jacoco-ut.exec
[INFO] 
[INFO] --- maven-install-plugin:2.5.2:install (default-install) @ oak-api ---
[INFO] Installing /home/travis/build/apache/jackrabbit-oak/oak-api/target/oak-api-1.8-SNAPSHOT.jar to /home/travis/.m2/repository/org/apache/jackrabbit/oak-api/1.8-SNAPSHOT/oak-api-1.8-SNAPSHOT.jar
[INFO] Installing /home/travis/build/apache/jackrabbit-oak/oak-api/pom.xml to /home/travis/.m2/repository/org/apache/jackrabbit/oak-api/1.8-SNAPSHOT/oak-api-1.8-SNAPSHOT.pom
[INFO] Installing /home/travis/build/apache/jackrabbit-oak/oak-api/target/oak-api-1.8-SNAPSHOT-tests.jar to /home/travis/.m2/repository/org/apache/jackrabbit/oak-api/1.8-SNAPSHOT/oak-api-1.8-SNAPSHOT-tests.jar
[INFO] 
[INFO] --- maven-bundle-plugin:3.3.0:install (default-install) @ oak-api ---
[INFO] Local OBR update disabled (enable with -DobrRepository)
[INFO]                                                                         
[INFO] ------------------------------------------------------------------------
[INFO] Building Oak Core SPI 1.8-SNAPSHOT
[INFO] ------------------------------------------------------------------------
[INFO] 
[INFO] --- jacoco-maven-plugin:0.7.9:prepare-agent (pre-unit-test) @ oak-core-spi ---
[INFO] Skipping JaCoCo execution because property jacoco.skip is set.
[INFO] test.opts.coverage set to empty
[INFO] 
[INFO] --- maven-remote-resources-plugin:1.5:process (process-resource-bundles) @ oak-core-spi ---
[INFO] 
[INFO] --- maven-resources-plugin:2.7:resources (default-resources) @ oak-core-spi ---
[INFO] Using 'UTF-8' encoding to copy filtered resources.
[INFO] skip non existing resourceDirectory /home/travis/build/apache/jackrabbit-oak/oak-core-spi/src/main/resources
[INFO] Copying 3 resources
[INFO] 
[INFO] --- maven-compiler-plugin:3.5.1:compile (default-compile) @ oak-core-spi ---
[INFO] Changes detected - recompiling the module!
[INFO] Compiling 48 source files to /home/travis/build/apache/jackrabbit-oak/oak-core-spi/target/classes
[INFO] /home/travis/build/apache/jackrabbit-oak/oak-core-spi/src/main/java/org/apache/jackrabbit/oak/spi/whiteboard/WhiteboardUtils.java: /home/travis/build/apache/jackrabbit-oak/oak-core-spi/src/main/java/org/apache/jackrabbit/oak/spi/whiteboard/WhiteboardUtils.java uses unchecked or unsafe operations.
[INFO] /home/travis/build/apache/jackrabbit-oak/oak-core-spi/src/main/java/org/apache/jackrabbit/oak/spi/whiteboard/WhiteboardUtils.java: Recompile with -Xlint:unchecked for details.
[INFO] 
[INFO] --- animal-sniffer-maven-plugin:1.15:check (animal-sniffer) @ oak-core-spi ---
[INFO] Checking unresolved references to org.codehaus.mojo.signature:java18:1.0
[INFO] 
[INFO] --- maven-bundle-plugin:3.3.0:manifest (scr-metadata) @ oak-core-spi ---
[INFO] 
[INFO] --- maven-resources-plugin:2.7:testResources (default-testResources) @ oak-core-spi ---
[INFO] Using 'UTF-8' encoding to copy filtered resources.
[INFO] skip non existing resourceDirectory /home/travis/build/apache/jackrabbit-oak/oak-core-spi/src/test/resources
[INFO] Copying 3 resources
[INFO] 
[INFO] --- maven-compiler-plugin:3.5.1:testCompile (default-testCompile) @ oak-core-spi ---
[INFO] Changes detected - recompiling the module!
[INFO] Compiling 17 source files to /home/travis/build/apache/jackrabbit-oak/oak-core-spi/target/test-classes
[INFO] /home/travis/build/apache/jackrabbit-oak/oak-core-spi/src/test/java/org/apache/jackrabbit/oak/commons/jmx/AnnotatedStandardMBeanTest.java: Some input files use or override a deprecated API.
[INFO] /home/travis/build/apache/jackrabbit-oak/oak-core-spi/src/test/java/org/apache/jackrabbit/oak/commons/jmx/AnnotatedStandardMBeanTest.java: Recompile with -Xlint:deprecation for details.
[INFO] 
[INFO] --- maven-surefire-plugin:2.20:test (default-test) @ oak-core-spi ---
[INFO] Tests are skipped.
[INFO] 
[INFO] --- jacoco-maven-plugin:0.7.9:report (post-unit-test) @ oak-core-spi ---
[INFO] Skipping JaCoCo execution because property jacoco.skip is set.
[INFO] 
[INFO] --- maven-bundle-plugin:3.3.0:bundle (default-bundle) @ oak-core-spi ---
[INFO] 
[INFO] --- maven-site-plugin:3.6:attach-descriptor (attach-descriptor) @ oak-core-spi ---
[INFO] Skipping because packaging 'bundle' is not pom.
[INFO] 
[INFO] --- maven-jar-plugin:3.0.2:test-jar (default) @ oak-core-spi ---
[INFO] Building jar: /home/travis/build/apache/jackrabbit-oak/oak-core-spi/target/oak-core-spi-1.8-SNAPSHOT-tests.jar
[INFO] 
[INFO] --- maven-bundle-plugin:3.3.0:baseline (baseline) @ oak-core-spi ---
[INFO] Skipping Baseline execution
[INFO] 
[INFO] --- jacoco-maven-plugin:0.7.9:check (default-check) @ oak-core-spi ---
[INFO] Skipping JaCoCo execution due to missing execution data file:/home/travis/build/apache/jackrabbit-oak/oak-core-spi/target/coverage-reports/jacoco-ut.exec
[INFO] 
[INFO] --- maven-install-plugin:2.5.2:install (default-install) @ oak-core-spi ---
[INFO] Installing /home/travis/build/apache/jackrabbit-oak/oak-core-spi/target/oak-core-spi-1.8-SNAPSHOT.jar to /home/travis/.m2/repository/org/apache/jackrabbit/oak-core-spi/1.8-SNAPSHOT/oak-core-spi-1.8-SNAPSHOT.jar
[INFO] Installing /home/travis/build/apache/jackrabbit-oak/oak-core-spi/pom.xml to /home/travis/.m2/repository/org/apache/jackrabbit/oak-core-spi/1.8-SNAPSHOT/oak-core-spi-1.8-SNAPSHOT.pom
[INFO] Installing /home/travis/build/apache/jackrabbit-oak/oak-core-spi/target/oak-core-spi-1.8-SNAPSHOT-tests.jar to /home/travis/.m2/repository/org/apache/jackrabbit/oak-core-spi/1.8-SNAPSHOT/oak-core-spi-1.8-SNAPSHOT-tests.jar
[INFO] 
[INFO] --- maven-bundle-plugin:3.3.0:install (default-install) @ oak-core-spi ---
[INFO] Local OBR update disabled (enable with -DobrRepository)
[INFO]                                                                         
[INFO] ------------------------------------------------------------------------
[INFO] Building Oak NodeStore and Commit SPI 1.8-SNAPSHOT
[INFO] ------------------------------------------------------------------------
[INFO] 
[INFO] --- jacoco-maven-plugin:0.7.9:prepare-agent (pre-unit-test) @ oak-store-spi ---
[INFO] Skipping JaCoCo execution because property jacoco.skip is set.
[INFO] test.opts.coverage set to empty
[INFO] 
[INFO] --- maven-remote-resources-plugin:1.5:process (process-resource-bundles) @ oak-store-spi ---
[INFO] 
[INFO] --- maven-resources-plugin:2.7:resources (default-resources) @ oak-store-spi ---
[INFO] Using 'UTF-8' encoding to copy filtered resources.
[INFO] skip non existing resourceDirectory /home/travis/build/apache/jackrabbit-oak/oak-store-spi/src/main/resources
[INFO] Copying 3 resources
[INFO] 
[INFO] --- maven-compiler-plugin:3.5.1:compile (default-compile) @ oak-store-spi ---
[INFO] Changes detected - recompiling the module!
[INFO] Compiling 111 source files to /home/travis/build/apache/jackrabbit-oak/oak-store-spi/target/classes
[INFO] /home/travis/build/apache/jackrabbit-oak/oak-store-spi/src/main/java/org/apache/jackrabbit/oak/plugins/value/ErrorValue.java: /home/travis/build/apache/jackrabbit-oak/oak-store-spi/src/main/java/org/apache/jackrabbit/oak/plugins/value/ErrorValue.java uses or overrides a deprecated API.
[INFO] /home/travis/build/apache/jackrabbit-oak/oak-store-spi/src/main/java/org/apache/jackrabbit/oak/plugins/value/ErrorValue.java: Recompile with -Xlint:deprecation for details.
[INFO] 
[INFO] --- animal-sniffer-maven-plugin:1.15:check (animal-sniffer) @ oak-store-spi ---
[INFO] Checking unresolved references to org.codehaus.mojo.signature:java18:1.0
[INFO] 
[INFO] --- maven-bundle-plugin:3.3.0:manifest (scr-metadata) @ oak-store-spi ---
[INFO] 
[INFO] --- maven-resources-plugin:2.7:testResources (default-testResources) @ oak-store-spi ---
[INFO] Using 'UTF-8' encoding to copy filtered resources.
[INFO] skip non existing resourceDirectory /home/travis/build/apache/jackrabbit-oak/oak-store-spi/src/test/resources
[INFO] Copying 3 resources
[INFO] 
[INFO] --- maven-compiler-plugin:3.5.1:testCompile (default-testCompile) @ oak-store-spi ---
[INFO] Changes detected - recompiling the module!
[INFO] Compiling 17 source files to /home/travis/build/apache/jackrabbit-oak/oak-store-spi/target/test-classes
[INFO] /home/travis/build/apache/jackrabbit-oak/oak-store-spi/src/test/java/org/apache/jackrabbit/oak/spi/commit/SubtreeValidatorTest.java: Some input files use or override a deprecated API.
[INFO] /home/travis/build/apache/jackrabbit-oak/oak-store-spi/src/test/java/org/apache/jackrabbit/oak/spi/commit/SubtreeValidatorTest.java: Recompile with -Xlint:deprecation for details.
[INFO] /home/travis/build/apache/jackrabbit-oak/oak-store-spi/src/test/java/org/apache/jackrabbit/oak/plugins/memory/PropertyBuilderTest.java: /home/travis/build/apache/jackrabbit-oak/oak-store-spi/src/test/java/org/apache/jackrabbit/oak/plugins/memory/PropertyBuilderTest.java uses unchecked or unsafe operations.
[INFO] /home/travis/build/apache/jackrabbit-oak/oak-store-spi/src/test/java/org/apache/jackrabbit/oak/plugins/memory/PropertyBuilderTest.java: Recompile with -Xlint:unchecked for details.
[INFO] 
[INFO] --- maven-surefire-plugin:2.20:test (default-test) @ oak-store-spi ---
[INFO] Tests are skipped.
[INFO] 
[INFO] --- jacoco-maven-plugin:0.7.9:report (post-unit-test) @ oak-store-spi ---
[INFO] Skipping JaCoCo execution because property jacoco.skip is set.
[INFO] 
[INFO] --- maven-bundle-plugin:3.3.0:bundle (default-bundle) @ oak-store-spi ---
[INFO] 
[INFO] --- maven-site-plugin:3.6:attach-descriptor (attach-descriptor) @ oak-store-spi ---
[INFO] Skipping because packaging 'bundle' is not pom.
[INFO] 
[INFO] --- maven-jar-plugin:3.0.2:test-jar (default) @ oak-store-spi ---
[INFO] Building jar: /home/travis/build/apache/jackrabbit-oak/oak-store-spi/target/oak-store-spi-1.8-SNAPSHOT-tests.jar
[INFO] 
[INFO] --- maven-bundle-plugin:3.3.0:baseline (baseline) @ oak-store-spi ---
[INFO] Skipping Baseline execution
[INFO] 
[INFO] --- jacoco-maven-plugin:0.7.9:check (default-check) @ oak-store-spi ---
[INFO] Skipping JaCoCo execution due to missing execution data file:/home/travis/build/apache/jackrabbit-oak/oak-store-spi/target/coverage-reports/jacoco-ut.exec
[INFO] 
[INFO] --- maven-install-plugin:2.5.2:install (default-install) @ oak-store-spi ---
[INFO] Installing /home/travis/build/apache/jackrabbit-oak/oak-store-spi/target/oak-store-spi-1.8-SNAPSHOT.jar to /home/travis/.m2/repository/org/apache/jackrabbit/oak-store-spi/1.8-SNAPSHOT/oak-store-spi-1.8-SNAPSHOT.jar
[INFO] Installing /home/travis/build/apache/jackrabbit-oak/oak-store-spi/pom.xml to /home/travis/.m2/repository/org/apache/jackrabbit/oak-store-spi/1.8-SNAPSHOT/oak-store-spi-1.8-SNAPSHOT.pom
[INFO] Installing /home/travis/build/apache/jackrabbit-oak/oak-store-spi/target/oak-store-spi-1.8-SNAPSHOT-tests.jar to /home/travis/.m2/repository/org/apache/jackrabbit/oak-store-spi/1.8-SNAPSHOT/oak-store-spi-1.8-SNAPSHOT-tests.jar
[INFO] 
[INFO] --- maven-bundle-plugin:3.3.0:install (default-install) @ oak-store-spi ---
[INFO] Local OBR update disabled (enable with -DobrRepository)
[INFO]                                                                         
[INFO] ------------------------------------------------------------------------
[INFO] Building Oak Blob Store 1.8-SNAPSHOT
[INFO] ------------------------------------------------------------------------
[INFO] 
[INFO] --- jacoco-maven-plugin:0.7.9:prepare-agent (pre-unit-test) @ oak-blob ---
[INFO] Skipping JaCoCo execution because property jacoco.skip is set.
[INFO] test.opts.coverage set to empty
[INFO] 
[INFO] --- maven-remote-resources-plugin:1.5:process (process-resource-bundles) @ oak-blob ---
[INFO] 
[INFO] --- maven-resources-plugin:2.7:resources (default-resources) @ oak-blob ---
[INFO] Using 'UTF-8' encoding to copy filtered resources.
[INFO] skip non existing resourceDirectory /home/travis/build/apache/jackrabbit-oak/oak-blob/src/main/resources
[INFO] Copying 3 resources
[INFO] 
[INFO] --- maven-compiler-plugin:3.5.1:compile (default-compile) @ oak-blob ---
[INFO] Changes detected - recompiling the module!
[INFO] Compiling 20 source files to /home/travis/build/apache/jackrabbit-oak/oak-blob/target/classes
[INFO] /home/travis/build/apache/jackrabbit-oak/oak-blob/src/main/java/org/apache/jackrabbit/oak/spi/blob/AbstractBlobStore.java: /home/travis/build/apache/jackrabbit-oak/oak-blob/src/main/java/org/apache/jackrabbit/oak/spi/blob/AbstractBlobStore.java uses or overrides a deprecated API.
[INFO] /home/travis/build/apache/jackrabbit-oak/oak-blob/src/main/java/org/apache/jackrabbit/oak/spi/blob/AbstractBlobStore.java: Recompile with -Xlint:deprecation for details.
[INFO] 
[INFO] --- animal-sniffer-maven-plugin:1.15:check (animal-sniffer) @ oak-blob ---
[INFO] Checking unresolved references to org.codehaus.mojo.signature:java18:1.0
[INFO] 
[INFO] --- maven-bundle-plugin:3.3.0:manifest (scr-metadata) @ oak-blob ---
[INFO] 
[INFO] --- maven-resources-plugin:2.7:testResources (default-testResources) @ oak-blob ---
[INFO] Using 'UTF-8' encoding to copy filtered resources.
[INFO] Copying 1 resource
[INFO] Copying 3 resources
[INFO] 
[INFO] --- maven-compiler-plugin:3.5.1:testCompile (default-testCompile) @ oak-blob ---
[INFO] Changes detected - recompiling the module!
[INFO] Compiling 6 source files to /home/travis/build/apache/jackrabbit-oak/oak-blob/target/test-classes
[INFO] /home/travis/build/apache/jackrabbit-oak/oak-blob/src/test/java/org/apache/jackrabbit/oak/spi/blob/split/SplitBlobStoreTest.java: Some input files use or override a deprecated API.
[INFO] /home/travis/build/apache/jackrabbit-oak/oak-blob/src/test/java/org/apache/jackrabbit/oak/spi/blob/split/SplitBlobStoreTest.java: Recompile with -Xlint:deprecation for details.
[INFO] 
[INFO] --- maven-surefire-plugin:2.20:test (default-test) @ oak-blob ---
[INFO] Tests are skipped.
[INFO] 
[INFO] --- jacoco-maven-plugin:0.7.9:report (post-unit-test) @ oak-blob ---
[INFO] Skipping JaCoCo execution because property jacoco.skip is set.
[INFO] 
[INFO] --- maven-bundle-plugin:3.3.0:bundle (default-bundle) @ oak-blob ---
[INFO] 
[INFO] --- maven-site-plugin:3.6:attach-descriptor (attach-descriptor) @ oak-blob ---
[INFO] Skipping because packaging 'bundle' is not pom.
[INFO] 
[INFO] --- maven-jar-plugin:3.0.2:test-jar (default) @ oak-blob ---
[INFO] Building jar: /home/travis/build/apache/jackrabbit-oak/oak-blob/target/oak-blob-1.8-SNAPSHOT-tests.jar
[INFO] 
[INFO] --- maven-bundle-plugin:3.3.0:baseline (baseline) @ oak-blob ---
[INFO] Skipping Baseline execution
[INFO] 
[INFO] --- jacoco-maven-plugin:0.7.9:check (default-check) @ oak-blob ---
[INFO] Skipping JaCoCo execution due to missing execution data file:/home/travis/build/apache/jackrabbit-oak/oak-blob/target/coverage-reports/jacoco-ut.exec
[INFO] 
[INFO] --- maven-install-plugin:2.5.2:install (default-install) @ oak-blob ---
[INFO] Installing /home/travis/build/apache/jackrabbit-oak/oak-blob/target/oak-blob-1.8-SNAPSHOT.jar to /home/travis/.m2/repository/org/apache/jackrabbit/oak-blob/1.8-SNAPSHOT/oak-blob-1.8-SNAPSHOT.jar
[INFO] Installing /home/travis/build/apache/jackrabbit-oak/oak-blob/pom.xml to /home/travis/.m2/repository/org/apache/jackrabbit/oak-blob/1.8-SNAPSHOT/oak-blob-1.8-SNAPSHOT.pom
[INFO] Installing /home/travis/build/apache/jackrabbit-oak/oak-blob/target/oak-blob-1.8-SNAPSHOT-tests.jar to /home/travis/.m2/repository/org/apache/jackrabbit/oak-blob/1.8-SNAPSHOT/oak-blob-1.8-SNAPSHOT-tests.jar
[INFO] 
[INFO] --- maven-bundle-plugin:3.3.0:install (default-install) @ oak-blob ---
[INFO] Local OBR update disabled (enable with -DobrRepository)
[INFO]                                                                         
[INFO] ------------------------------------------------------------------------
[INFO] Building Oak Blob Plugins 1.8-SNAPSHOT
[INFO] ------------------------------------------------------------------------
[INFO] 
[INFO] --- jacoco-maven-plugin:0.7.9:prepare-agent (pre-unit-test) @ oak-blob-plugins ---
[INFO] Skipping JaCoCo execution because property jacoco.skip is set.
[INFO] test.opts.coverage set to empty
[INFO] 
[INFO] --- maven-remote-resources-plugin:1.5:process (process-resource-bundles) @ oak-blob-plugins ---
[INFO] 
[INFO] --- maven-resources-plugin:2.7:resources (default-resources) @ oak-blob-plugins ---
[INFO] Using 'UTF-8' encoding to copy filtered resources.
[INFO] Copying 1 resource
[INFO] Copying 3 resources
[INFO] 
[INFO] --- maven-compiler-plugin:3.5.1:compile (default-compile) @ oak-blob-plugins ---
[INFO] Changes detected - recompiling the module!
[INFO] Compiling 41 source files to /home/travis/build/apache/jackrabbit-oak/oak-blob-plugins/target/classes
[INFO] /home/travis/build/apache/jackrabbit-oak/oak-blob-plugins/src/main/java/org/apache/jackrabbit/oak/plugins/blob/datastore/DataStoreBlobStore.java: Some input files use or override a deprecated API.
[INFO] /home/travis/build/apache/jackrabbit-oak/oak-blob-plugins/src/main/java/org/apache/jackrabbit/oak/plugins/blob/datastore/DataStoreBlobStore.java: Recompile with -Xlint:deprecation for details.
[INFO] /home/travis/build/apache/jackrabbit-oak/oak-blob-plugins/src/main/java/org/apache/jackrabbit/oak/plugins/blob/FileCache.java: Some input files use unchecked or unsafe operations.
[INFO] /home/travis/build/apache/jackrabbit-oak/oak-blob-plugins/src/main/java/org/apache/jackrabbit/oak/plugins/blob/FileCache.java: Recompile with -Xlint:unchecked for details.
[INFO] 
[INFO] --- animal-sniffer-maven-plugin:1.15:check (animal-sniffer) @ oak-blob-plugins ---
[INFO] Checking unresolved references to org.codehaus.mojo.signature:java18:1.0
[INFO] 
[INFO] --- maven-bundle-plugin:3.3.0:manifest (scr-metadata) @ oak-blob-plugins ---
[WARNING] Manifest org.apache.jackrabbit:oak-blob-plugins:bundle:1.8-SNAPSHOT :  Component org.apache.jackrabbit.oak.plugins.blob.datastore.DbDataStore is using the deprecated inheritance feature and inherits from org.apache.jackrabbit.oak.plugins.blob.datastore.AbstractDataStoreService. This feature will be removed in future versions. [org/apache/jackrabbit/oak/plugins/blob/datastore/DbDataStoreService.class,1:1]
[WARNING] Manifest org.apache.jackrabbit:oak-blob-plugins:bundle:1.8-SNAPSHOT :  Component org.apache.jackrabbit.oak.plugins.blob.datastore.FileDataStore is using the deprecated inheritance feature and inherits from org.apache.jackrabbit.oak.plugins.blob.datastore.AbstractDataStoreService. This feature will be removed in future versions. [org/apache/jackrabbit/oak/plugins/blob/datastore/FileDataStoreService.class,1:1]
[INFO] 
[INFO] --- maven-resources-plugin:2.7:testResources (default-testResources) @ oak-blob-plugins ---
[INFO] Using 'UTF-8' encoding to copy filtered resources.
[INFO] Copying 1 resource
[INFO] Copying 3 resources
[INFO] 
[INFO] --- maven-compiler-plugin:3.5.1:testCompile (default-testCompile) @ oak-blob-plugins ---
[INFO] Changes detected - recompiling the module!
[INFO] Compiling 22 source files to /home/travis/build/apache/jackrabbit-oak/oak-blob-plugins/target/test-classes
[INFO] /home/travis/build/apache/jackrabbit-oak/oak-blob-plugins/src/test/java/org/apache/jackrabbit/oak/plugins/blob/SharedDataStoreUtilsTest.java: /home/travis/build/apache/jackrabbit-oak/oak-blob-plugins/src/test/java/org/apache/jackrabbit/oak/plugins/blob/SharedDataStoreUtilsTest.java uses or overrides a deprecated API.
[INFO] /home/travis/build/apache/jackrabbit-oak/oak-blob-plugins/src/test/java/org/apache/jackrabbit/oak/plugins/blob/SharedDataStoreUtilsTest.java: Recompile with -Xlint:deprecation for details.
[INFO] /home/travis/build/apache/jackrabbit-oak/oak-blob-plugins/src/test/java/org/apache/jackrabbit/oak/plugins/blob/AbstractDataStoreCacheTest.java: Some input files use unchecked or unsafe operations.
[INFO] /home/travis/build/apache/jackrabbit-oak/oak-blob-plugins/src/test/java/org/apache/jackrabbit/oak/plugins/blob/AbstractDataStoreCacheTest.java: Recompile with -Xlint:unchecked for details.
[INFO] 
[INFO] --- maven-surefire-plugin:2.20:test (default-test) @ oak-blob-plugins ---
[INFO] Tests are skipped.
[INFO] 
[INFO] --- jacoco-maven-plugin:0.7.9:report (post-unit-test) @ oak-blob-plugins ---
[INFO] Skipping JaCoCo execution because property jacoco.skip is set.
[INFO] 
[INFO] --- maven-bundle-plugin:3.3.0:bundle (default-bundle) @ oak-blob-plugins ---
[WARNING] Bundle org.apache.jackrabbit:oak-blob-plugins:bundle:1.8-SNAPSHOT :  Component org.apache.jackrabbit.oak.plugins.blob.datastore.DbDataStore is using the deprecated inheritance feature and inherits from org.apache.jackrabbit.oak.plugins.blob.datastore.AbstractDataStoreService. This feature will be removed in future versions. [org/apache/jackrabbit/oak/plugins/blob/datastore/DbDataStoreService.class,1:1]
[WARNING] Bundle org.apache.jackrabbit:oak-blob-plugins:bundle:1.8-SNAPSHOT :  Component org.apache.jackrabbit.oak.plugins.blob.datastore.FileDataStore is using the deprecated inheritance feature and inherits from org.apache.jackrabbit.oak.plugins.blob.datastore.AbstractDataStoreService. This feature will be removed in future versions. [org/apache/jackrabbit/oak/plugins/blob/datastore/FileDataStoreService.class,1:1]
[INFO] 
[INFO] --- maven-site-plugin:3.6:attach-descriptor (attach-descriptor) @ oak-blob-plugins ---
[INFO] Skipping because packaging 'bundle' is not pom.
[INFO] 
[INFO] --- maven-jar-plugin:3.0.2:test-jar (default) @ oak-blob-plugins ---
[INFO] Building jar: /home/travis/build/apache/jackrabbit-oak/oak-blob-plugins/target/oak-blob-plugins-1.8-SNAPSHOT-tests.jar
[INFO] 
[INFO] --- maven-bundle-plugin:3.3.0:baseline (baseline) @ oak-blob-plugins ---
[INFO] Skipping Baseline execution
[INFO] 
[INFO] --- jacoco-maven-plugin:0.7.9:check (default-check) @ oak-blob-plugins ---
[INFO] Skipping JaCoCo execution due to missing execution data file:/home/travis/build/apache/jackrabbit-oak/oak-blob-plugins/target/coverage-reports/jacoco-ut.exec
[INFO] 
[INFO] --- maven-install-plugin:2.5.2:install (default-install) @ oak-blob-plugins ---
[INFO] Installing /home/travis/build/apache/jackrabbit-oak/oak-blob-plugins/target/oak-blob-plugins-1.8-SNAPSHOT.jar to /home/travis/.m2/repository/org/apache/jackrabbit/oak-blob-plugins/1.8-SNAPSHOT/oak-blob-plugins-1.8-SNAPSHOT.jar
[INFO] Installing /home/travis/build/apache/jackrabbit-oak/oak-blob-plugins/pom.xml to /home/travis/.m2/repository/org/apache/jackrabbit/oak-blob-plugins/1.8-SNAPSHOT/oak-blob-plugins-1.8-SNAPSHOT.pom
[INFO] Installing /home/travis/build/apache/jackrabbit-oak/oak-blob-plugins/target/oak-blob-plugins-1.8-SNAPSHOT-tests.jar to /home/travis/.m2/repository/org/apache/jackrabbit/oak-blob-plugins/1.8-SNAPSHOT/oak-blob-plugins-1.8-SNAPSHOT-tests.jar
[INFO] 
[INFO] --- maven-bundle-plugin:3.3.0:install (default-install) @ oak-blob-plugins ---
[INFO] Local OBR update disabled (enable with -DobrRepository)
[INFO]                                                                         
[INFO] ------------------------------------------------------------------------
[INFO] Building Oak Core 1.8-SNAPSHOT
[INFO] ------------------------------------------------------------------------
[INFO] 
[INFO] --- jacoco-maven-plugin:0.7.9:prepare-agent (pre-unit-test) @ oak-core ---
[INFO] Skipping JaCoCo execution because property jacoco.skip is set.
[INFO] test.opts.coverage set to empty
[INFO] 
[INFO] --- maven-remote-resources-plugin:1.5:process (process-resource-bundles) @ oak-core ---
[INFO] 
[INFO] --- maven-resources-plugin:2.7:resources (default-resources) @ oak-core ---
[INFO] Using 'UTF-8' encoding to copy filtered resources.
[INFO] Copying 2 resources
[INFO] Copying 3 resources
[INFO] 
[INFO] --- maven-compiler-plugin:3.5.1:compile (default-compile) @ oak-core ---
[INFO] Changes detected - recompiling the module!
[INFO] Compiling 803 source files to /home/travis/build/apache/jackrabbit-oak/oak-core/target/classes
[INFO] /home/travis/build/apache/jackrabbit-oak/oak-core/src/main/java/org/apache/jackrabbit/oak/plugins/tree/RootFactory.java: Some input files use or override a deprecated API.
[INFO] /home/travis/build/apache/jackrabbit-oak/oak-core/src/main/java/org/apache/jackrabbit/oak/plugins/tree/RootFactory.java: Recompile with -Xlint:deprecation for details.
[INFO] /home/travis/build/apache/jackrabbit-oak/oak-core/src/main/java/org/apache/jackrabbit/oak/plugins/document/JournalPropertyHandler.java: Some input files use unchecked or unsafe operations.
[INFO] /home/travis/build/apache/jackrabbit-oak/oak-core/src/main/java/org/apache/jackrabbit/oak/plugins/document/JournalPropertyHandler.java: Recompile with -Xlint:unchecked for details.
[INFO] 
[INFO] --- animal-sniffer-maven-plugin:1.15:check (animal-sniffer) @ oak-core ---
[INFO] Checking unresolved references to org.codehaus.mojo.signature:java18:1.0
[INFO] 
[INFO] --- maven-bundle-plugin:3.3.0:manifest (scr-metadata) @ oak-core ---
[WARNING] Manifest org.apache.jackrabbit:oak-core:bundle:1.8-SNAPSHOT : Property type in class org.apache.jackrabbit.oak.plugins.atomic.AtomicCounterEditorProvider is set as private. This is redundant as no metatype will be generated. [org/apache/jackrabbit/oak/plugins/atomic/AtomicCounterEditorProvider.class,1:1]
[WARNING] Manifest org.apache.jackrabbit:oak-core:bundle:1.8-SNAPSHOT : Property type in class org.apache.jackrabbit.oak.plugins.index.property.PropertyIndexEditorProvider is set as private. This is redundant as no metatype will be generated. [org/apache/jackrabbit/oak/plugins/index/property/PropertyIndexEditorProvider.class,1:1]
[WARNING] Manifest org.apache.jackrabbit:oak-core:bundle:1.8-SNAPSHOT : Property type in class org.apache.jackrabbit.oak.plugins.index.reference.ReferenceEditorProvider is set as private. This is redundant as no metatype will be generated. [org/apache/jackrabbit/oak/plugins/index/reference/ReferenceEditorProvider.class,1:1]
[WARNING] Manifest org.apache.jackrabbit:oak-core:bundle:1.8-SNAPSHOT : aQute.bnd.annotation.ProviderType annotation used in class org.apache.jackrabbit.api.security.user.UserManager. Bnd versioning annotations are deprecated as of Bnd 3.2 and support will be removed in Bnd 4.0. Please change to use OSGi versioning annotations.
[WARNING] Manifest org.apache.jackrabbit:oak-core:bundle:1.8-SNAPSHOT : aQute.bnd.annotation.ProviderType annotation used in class org.apache.jackrabbit.api.security.JackrabbitAccessControlEntry. Bnd versioning annotations are deprecated as of Bnd 3.2 and support will be removed in Bnd 4.0. Please change to use OSGi versioning annotations.
[WARNING] Manifest org.apache.jackrabbit:oak-core:bundle:1.8-SNAPSHOT : aQute.bnd.annotation.ProviderType annotation used in class org.apache.jackrabbit.api.security.JackrabbitAccessControlList. Bnd versioning annotations are deprecated as of Bnd 3.2 and support will be removed in Bnd 4.0. Please change to use OSGi versioning annotations.
[WARNING] Manifest org.apache.jackrabbit:oak-core:bundle:1.8-SNAPSHOT : aQute.bnd.annotation.ProviderType annotation used in class org.apache.jackrabbit.api.security.JackrabbitAccessControlManager. Bnd versioning annotations are deprecated as of Bnd 3.2 and support will be removed in Bnd 4.0. Please change to use OSGi versioning annotations.
[WARNING] Manifest org.apache.jackrabbit:oak-core:bundle:1.8-SNAPSHOT : Export org.apache.jackrabbit.oak.plugins.index,  has 1,  private references [org.apache.jackrabbit.oak.plugins.index.progress], 
[WARNING] Manifest org.apache.jackrabbit:oak-core:bundle:1.8-SNAPSHOT : Export org.apache.jackrabbit.oak.plugins.tree,  has 1,  private references [org.apache.jackrabbit.oak.query], 
[INFO] 
[INFO] --- maven-resources-plugin:2.7:testResources (default-testResources) @ oak-core ---
[INFO] Using 'UTF-8' encoding to copy filtered resources.
[INFO] Copying 17 resources
[INFO] Copying 3 resources
[INFO] 
[INFO] --- maven-compiler-plugin:3.5.1:testCompile (default-testCompile) @ oak-core ---
[INFO] Changes detected - recompiling the module!
[INFO] Compiling 637 source files to /home/travis/build/apache/jackrabbit-oak/oak-core/target/test-classes
[INFO] /home/travis/build/apache/jackrabbit-oak/oak-core/src/test/java/org/apache/jackrabbit/oak/security/user/UserImporterBaseTest.java: Some input files use or override a deprecated API.
[INFO] /home/travis/build/apache/jackrabbit-oak/oak-core/src/test/java/org/apache/jackrabbit/oak/security/user/UserImporterBaseTest.java: Recompile with -Xlint:deprecation for details.
[INFO] /home/travis/build/apache/jackrabbit-oak/oak-core/src/test/java/org/apache/jackrabbit/oak/security/user/UserImporterBaseTest.java: Some input files use unchecked or unsafe operations.
[INFO] /home/travis/build/apache/jackrabbit-oak/oak-core/src/test/java/org/apache/jackrabbit/oak/security/user/UserImporterBaseTest.java: Recompile with -Xlint:unchecked for details.
[INFO] 
[INFO] --- maven-surefire-plugin:2.20:test (default-test) @ oak-core ---
[INFO] Tests are skipped.
[INFO] 
[INFO] --- jacoco-maven-plugin:0.7.9:report (post-unit-test) @ oak-core ---
[INFO] Skipping JaCoCo execution because property jacoco.skip is set.
[INFO] 
[INFO] --- maven-bundle-plugin:3.3.0:bundle (default-bundle) @ oak-core ---
[WARNING] Bundle org.apache.jackrabbit:oak-core:bundle:1.8-SNAPSHOT : Property type in class org.apache.jackrabbit.oak.plugins.atomic.AtomicCounterEditorProvider is set as private. This is redundant as no metatype will be generated. [org/apache/jackrabbit/oak/plugins/atomic/AtomicCounterEditorProvider.class,1:1]
[WARNING] Bundle org.apache.jackrabbit:oak-core:bundle:1.8-SNAPSHOT : Property type in class org.apache.jackrabbit.oak.plugins.index.property.PropertyIndexEditorProvider is set as private. This is redundant as no metatype will be generated. [org/apache/jackrabbit/oak/plugins/index/property/PropertyIndexEditorProvider.class,1:1]
[WARNING] Bundle org.apache.jackrabbit:oak-core:bundle:1.8-SNAPSHOT : Property type in class org.apache.jackrabbit.oak.plugins.index.reference.ReferenceEditorProvider is set as private. This is redundant as no metatype will be generated. [org/apache/jackrabbit/oak/plugins/index/reference/ReferenceEditorProvider.class,1:1]
[WARNING] Bundle org.apache.jackrabbit:oak-core:bundle:1.8-SNAPSHOT : aQute.bnd.annotation.ProviderType annotation used in class org.apache.jackrabbit.api.security.user.UserManager. Bnd versioning annotations are deprecated as of Bnd 3.2 and support will be removed in Bnd 4.0. Please change to use OSGi versioning annotations.
[WARNING] Bundle org.apache.jackrabbit:oak-core:bundle:1.8-SNAPSHOT : aQute.bnd.annotation.ProviderType annotation used in class org.apache.jackrabbit.api.security.JackrabbitAccessControlEntry. Bnd versioning annotations are deprecated as of Bnd 3.2 and support will be removed in Bnd 4.0. Please change to use OSGi versioning annotations.
[WARNING] Bundle org.apache.jackrabbit:oak-core:bundle:1.8-SNAPSHOT : aQute.bnd.annotation.ProviderType annotation used in class org.apache.jackrabbit.api.security.JackrabbitAccessControlList. Bnd versioning annotations are deprecated as of Bnd 3.2 and support will be removed in Bnd 4.0. Please change to use OSGi versioning annotations.
[WARNING] Bundle org.apache.jackrabbit:oak-core:bundle:1.8-SNAPSHOT : aQute.bnd.annotation.ProviderType annotation used in class org.apache.jackrabbit.api.security.JackrabbitAccessControlManager. Bnd versioning annotations are deprecated as of Bnd 3.2 and support will be removed in Bnd 4.0. Please change to use OSGi versioning annotations.
[WARNING] Bundle org.apache.jackrabbit:oak-core:bundle:1.8-SNAPSHOT : Export org.apache.jackrabbit.oak.plugins.index,  has 1,  private references [org.apache.jackrabbit.oak.plugins.index.progress], 
[WARNING] Bundle org.apache.jackrabbit:oak-core:bundle:1.8-SNAPSHOT : Export org.apache.jackrabbit.oak.plugins.tree,  has 1,  private references [org.apache.jackrabbit.oak.query], 
[INFO] 
[INFO] --- maven-site-plugin:3.6:attach-descriptor (attach-descriptor) @ oak-core ---
[INFO] Skipping because packaging 'bundle' is not pom.
[INFO] 
[INFO] --- maven-jar-plugin:3.0.2:test-jar (default) @ oak-core ---
[INFO] Building jar: /home/travis/build/apache/jackrabbit-oak/oak-core/target/oak-core-1.8-SNAPSHOT-tests.jar
[INFO] 
[INFO] --- maven-bundle-plugin:3.3.0:baseline (baseline) @ oak-core ---
[INFO] Skipping Baseline execution
[INFO] 
[INFO] --- jacoco-maven-plugin:0.7.9:check (default-check) @ oak-core ---
[INFO] Skipping JaCoCo execution due to missing execution data file:/home/travis/build/apache/jackrabbit-oak/oak-core/target/coverage-reports/jacoco-ut.exec
[INFO] 
[INFO] --- maven-install-plugin:2.5.2:install (default-install) @ oak-core ---
[INFO] Installing /home/travis/build/apache/jackrabbit-oak/oak-core/target/oak-core-1.8-SNAPSHOT.jar to /home/travis/.m2/repository/org/apache/jackrabbit/oak-core/1.8-SNAPSHOT/oak-core-1.8-SNAPSHOT.jar
[INFO] Installing /home/travis/build/apache/jackrabbit-oak/oak-core/pom.xml to /home/travis/.m2/repository/org/apache/jackrabbit/oak-core/1.8-SNAPSHOT/oak-core-1.8-SNAPSHOT.pom
[INFO] Installing /home/travis/build/apache/jackrabbit-oak/oak-core/target/oak-core-1.8-SNAPSHOT-tests.jar to /home/travis/.m2/repository/org/apache/jackrabbit/oak-core/1.8-SNAPSHOT/oak-core-1.8-SNAPSHOT-tests.jar
[INFO] 
[INFO] --- maven-bundle-plugin:3.3.0:install (default-install) @ oak-core ---
[INFO] Local OBR update disabled (enable with -DobrRepository)
[INFO]                                                                         
[INFO] ------------------------------------------------------------------------
[INFO] Building Oak Composite Store 1.8-SNAPSHOT
[INFO] ------------------------------------------------------------------------
[INFO] 
[INFO] --- jacoco-maven-plugin:0.7.9:prepare-agent (pre-unit-test) @ oak-store-composite ---
[INFO] Skipping JaCoCo execution because property jacoco.skip is set.
[INFO] test.opts.coverage set to empty
[INFO] 
[INFO] --- maven-remote-resources-plugin:1.5:process (process-resource-bundles) @ oak-store-composite ---
[INFO] 
[INFO] --- maven-resources-plugin:2.7:resources (default-resources) @ oak-store-composite ---
[INFO] Using 'UTF-8' encoding to copy filtered resources.
[INFO] skip non existing resourceDirectory /home/travis/build/apache/jackrabbit-oak/oak-store-composite/src/main/resources
[INFO] Copying 3 resources
[INFO] 
[INFO] --- maven-compiler-plugin:3.5.1:compile (default-compile) @ oak-store-composite ---
[INFO] Changes detected - recompiling the module!
[INFO] Compiling 20 source files to /home/travis/build/apache/jackrabbit-oak/oak-store-composite/target/classes
[INFO] 
[INFO] --- animal-sniffer-maven-plugin:1.15:check (animal-sniffer) @ oak-store-composite ---
[INFO] Checking unresolved references to org.codehaus.mojo.signature:java18:1.0
[INFO] 
[INFO] --- maven-bundle-plugin:3.3.0:manifest (scr-metadata) @ oak-store-composite ---
[WARNING] Manifest org.apache.jackrabbit:oak-store-composite:bundle:1.8-SNAPSHOT :  Component org.apache.jackrabbit.oak.composite.CrossMountReferenceValidatorProvider has set a label. However metatype is set to false. This label is ignored. [org/apache/jackrabbit/oak/composite/CrossMountReferenceValidatorProvider.class,1:1]
[WARNING] Manifest org.apache.jackrabbit:oak-store-composite:bundle:1.8-SNAPSHOT : Property type in class org.apache.jackrabbit.oak.composite.CrossMountReferenceValidatorProvider is set as private. This is redundant as no metatype will be generated. [org/apache/jackrabbit/oak/composite/CrossMountReferenceValidatorProvider.class,1:1]
[WARNING] Manifest org.apache.jackrabbit:oak-store-composite:bundle:1.8-SNAPSHOT :  Component org.apache.jackrabbit.oak.composite.PrivateStoreValidatorProvider has set a label. However metatype is set to false. This label is ignored. [org/apache/jackrabbit/oak/composite/PrivateStoreValidatorProvider.class,1:1]
[INFO] 
[INFO] --- maven-resources-plugin:2.7:testResources (default-testResources) @ oak-store-composite ---
[INFO] Using 'UTF-8' encoding to copy filtered resources.
[INFO] skip non existing resourceDirectory /home/travis/build/apache/jackrabbit-oak/oak-store-composite/src/test/resources
[INFO] Copying 3 resources
[INFO] 
[INFO] --- maven-compiler-plugin:3.5.1:testCompile (default-testCompile) @ oak-store-composite ---
[INFO] Changes detected - recompiling the module!
[INFO] Compiling 8 source files to /home/travis/build/apache/jackrabbit-oak/oak-store-composite/target/test-classes
[INFO] 
[INFO] --- maven-surefire-plugin:2.20:test (default-test) @ oak-store-composite ---
[INFO] Tests are skipped.
[INFO] 
[INFO] --- jacoco-maven-plugin:0.7.9:report (post-unit-test) @ oak-store-composite ---
[INFO] Skipping JaCoCo execution because property jacoco.skip is set.
[INFO] 
[INFO] --- maven-bundle-plugin:3.3.0:bundle (default-bundle) @ oak-store-composite ---
[WARNING] Bundle org.apache.jackrabbit:oak-store-composite:bundle:1.8-SNAPSHOT :  Component org.apache.jackrabbit.oak.composite.CrossMountReferenceValidatorProvider has set a label. However metatype is set to false. This label is ignored. [org/apache/jackrabbit/oak/composite/CrossMountReferenceValidatorProvider.class,1:1]
[WARNING] Bundle org.apache.jackrabbit:oak-store-composite:bundle:1.8-SNAPSHOT : Property type in class org.apache.jackrabbit.oak.composite.CrossMountReferenceValidatorProvider is set as private. This is redundant as no metatype will be generated. [org/apache/jackrabbit/oak/composite/CrossMountReferenceValidatorProvider.class,1:1]
[WARNING] Bundle org.apache.jackrabbit:oak-store-composite:bundle:1.8-SNAPSHOT :  Component org.apache.jackrabbit.oak.composite.PrivateStoreValidatorProvider has set a label. However metatype is set to false. This label is ignored. [org/apache/jackrabbit/oak/composite/PrivateStoreValidatorProvider.class,1:1]
[INFO] 
[INFO] --- maven-site-plugin:3.6:attach-descriptor (attach-descriptor) @ oak-store-composite ---
[INFO] Skipping because packaging 'bundle' is not pom.
[INFO] 
[INFO] --- maven-jar-plugin:3.0.2:test-jar (default) @ oak-store-composite ---
[INFO] Building jar: /home/travis/build/apache/jackrabbit-oak/oak-store-composite/target/oak-store-composite-1.8-SNAPSHOT-tests.jar
[INFO] 
[INFO] --- maven-bundle-plugin:3.3.0:baseline (baseline) @ oak-store-composite ---
[INFO] Skipping Baseline execution
[INFO] 
[INFO] --- jacoco-maven-plugin:0.7.9:check (default-check) @ oak-store-composite ---
[INFO] Skipping JaCoCo execution due to missing execution data file:/home/travis/build/apache/jackrabbit-oak/oak-store-composite/target/coverage-reports/jacoco-ut.exec
[INFO] 
[INFO] --- maven-install-plugin:2.5.2:install (default-install) @ oak-store-composite ---
[INFO] Installing /home/travis/build/apache/jackrabbit-oak/oak-store-composite/target/oak-store-composite-1.8-SNAPSHOT.jar to /home/travis/.m2/repository/org/apache/jackrabbit/oak-store-composite/1.8-SNAPSHOT/oak-store-composite-1.8-SNAPSHOT.jar
[INFO] Installing /home/travis/build/apache/jackrabbit-oak/oak-store-composite/pom.xml to /home/travis/.m2/repository/org/apache/jackrabbit/oak-store-composite/1.8-SNAPSHOT/oak-store-composite-1.8-SNAPSHOT.pom
[INFO] Installing /home/travis/build/apache/jackrabbit-oak/oak-store-composite/target/oak-store-composite-1.8-SNAPSHOT-tests.jar to /home/travis/.m2/repository/org/apache/jackrabbit/oak-store-composite/1.8-SNAPSHOT/oak-store-composite-1.8-SNAPSHOT-tests.jar
[INFO] 
[INFO] --- maven-bundle-plugin:3.3.0:install (default-install) @ oak-store-composite ---
[INFO] Local OBR update disabled (enable with -DobrRepository)
[INFO]                                                                         
[INFO] ------------------------------------------------------------------------
[INFO] Building Oak Cloud Blob Store 1.8-SNAPSHOT
[INFO] ------------------------------------------------------------------------
[INFO] 
[INFO] --- jacoco-maven-plugin:0.7.9:prepare-agent (pre-unit-test) @ oak-blob-cloud ---
[INFO] Skipping JaCoCo execution because property jacoco.skip is set.
[INFO] test.opts.coverage set to empty
[INFO] 
[INFO] --- maven-remote-resources-plugin:1.5:process (process-resource-bundles) @ oak-blob-cloud ---
[INFO] 
[INFO] --- maven-resources-plugin:2.7:resources (default-resources) @ oak-blob-cloud ---
[INFO] Using 'UTF-8' encoding to copy filtered resources.
[INFO] skip non existing resourceDirectory /home/travis/build/apache/jackrabbit-oak/oak-blob-cloud/src/main/resources
[INFO] Copying 3 resources
[INFO] 
[INFO] --- maven-compiler-plugin:3.5.1:compile (default-compile) @ oak-blob-cloud ---
[INFO] Changes detected - recompiling the module!
[INFO] Compiling 14 source files to /home/travis/build/apache/jackrabbit-oak/oak-blob-cloud/target/classes
[INFO] /home/travis/build/apache/jackrabbit-oak/oak-blob-cloud/src/main/java/org/apache/jackrabbit/oak/blob/cloud/aws/s3/S3Backend.java: /home/travis/build/apache/jackrabbit-oak/oak-blob-cloud/src/main/java/org/apache/jackrabbit/oak/blob/cloud/aws/s3/S3Backend.java uses or overrides a deprecated API.
[INFO] /home/travis/build/apache/jackrabbit-oak/oak-blob-cloud/src/main/java/org/apache/jackrabbit/oak/blob/cloud/aws/s3/S3Backend.java: Recompile with -Xlint:deprecation for details.
[INFO] /home/travis/build/apache/jackrabbit-oak/oak-blob-cloud/src/main/java/org/apache/jackrabbit/oak/blob/cloud/aws/s3/S3DataStoreStats.java: /home/travis/build/apache/jackrabbit-oak/oak-blob-cloud/src/main/java/org/apache/jackrabbit/oak/blob/cloud/aws/s3/S3DataStoreStats.java uses unchecked or unsafe operations.
[INFO] /home/travis/build/apache/jackrabbit-oak/oak-blob-cloud/src/main/java/org/apache/jackrabbit/oak/blob/cloud/aws/s3/S3DataStoreStats.java: Recompile with -Xlint:unchecked for details.
[INFO] 
[INFO] --- animal-sniffer-maven-plugin:1.15:check (animal-sniffer) @ oak-blob-cloud ---
[INFO] Checking unresolved references to org.codehaus.mojo.signature:java18:1.0
[INFO] 
[INFO] --- maven-bundle-plugin:3.3.0:manifest (scr-metadata) @ oak-blob-cloud ---
[WARNING] Manifest org.apache.jackrabbit:oak-blob-cloud:bundle:1.8-SNAPSHOT :  Component org.apache.jackrabbit.oak.blob.cloud.s3.AbstractS3DataStoreService is using the deprecated inheritance feature and inherits from org.apache.jackrabbit.oak.plugins.blob.datastore.AbstractDataStoreService. This feature will be removed in future versions. [org/apache/jackrabbit/oak/blob/cloud/s3/AbstractS3DataStoreService.class,1:1]
[WARNING] Manifest org.apache.jackrabbit:oak-blob-cloud:bundle:1.8-SNAPSHOT :  Component org.apache.jackrabbit.oak.plugins.blob.datastore.S3DataStore is using the deprecated inheritance feature and inherits from org.apache.jackrabbit.oak.blob.cloud.s3.AbstractS3DataStoreService. This feature will be removed in future versions. [org/apache/jackrabbit/oak/blob/cloud/s3/S3DataStoreService.class,1:1]
[WARNING] Manifest org.apache.jackrabbit:oak-blob-cloud:bundle:1.8-SNAPSHOT :  Component org.apache.jackrabbit.oak.plugins.blob.datastore.S3DataStore is using the deprecated inheritance feature and inherits from org.apache.jackrabbit.oak.plugins.blob.datastore.AbstractDataStoreService. This feature will be removed in future versions. [org/apache/jackrabbit/oak/blob/cloud/s3/S3DataStoreService.class,1:1]
[WARNING] Manifest org.apache.jackrabbit:oak-blob-cloud:bundle:1.8-SNAPSHOT :  Component org.apache.jackrabbit.oak.plugins.blob.datastore.SharedS3DataStore is using the deprecated inheritance feature and inherits from org.apache.jackrabbit.oak.blob.cloud.s3.AbstractS3DataStoreService. This feature will be removed in future versions. [org/apache/jackrabbit/oak/blob/cloud/s3/SharedS3DataStoreService.class,1:1]
[WARNING] Manifest org.apache.jackrabbit:oak-blob-cloud:bundle:1.8-SNAPSHOT :  Component org.apache.jackrabbit.oak.plugins.blob.datastore.SharedS3DataStore is using the deprecated inheritance feature and inherits from org.apache.jackrabbit.oak.plugins.blob.datastore.AbstractDataStoreService. This feature will be removed in future versions. [org/apache/jackrabbit/oak/blob/cloud/s3/SharedS3DataStoreService.class,1:1]
[INFO] 
[INFO] --- maven-resources-plugin:2.7:testResources (default-testResources) @ oak-blob-cloud ---
[INFO] Using 'UTF-8' encoding to copy filtered resources.
[INFO] Copying 2 resources
[INFO] Copying 3 resources
[INFO] 
[INFO] --- maven-compiler-plugin:3.5.1:testCompile (default-testCompile) @ oak-blob-cloud ---
[INFO] Changes detected - recompiling the module!
[INFO] Compiling 9 source files to /home/travis/build/apache/jackrabbit-oak/oak-blob-cloud/target/test-classes
[INFO] /home/travis/build/apache/jackrabbit-oak/oak-blob-cloud/src/test/java/org/apache/jackrabbit/oak/blob/cloud/s3/S3DataStoreUtils.java: /home/travis/build/apache/jackrabbit-oak/oak-blob-cloud/src/test/java/org/apache/jackrabbit/oak/blob/cloud/s3/S3DataStoreUtils.java uses unchecked or unsafe operations.
[INFO] /home/travis/build/apache/jackrabbit-oak/oak-blob-cloud/src/test/java/org/apache/jackrabbit/oak/blob/cloud/s3/S3DataStoreUtils.java: Recompile with -Xlint:unchecked for details.
[INFO] 
[INFO] --- maven-surefire-plugin:2.20:test (default-test) @ oak-blob-cloud ---
[INFO] Tests are skipped.
[INFO] 
[INFO] --- jacoco-maven-plugin:0.7.9:report (post-unit-test) @ oak-blob-cloud ---
[INFO] Skipping JaCoCo execution because property jacoco.skip is set.
[INFO] 
[INFO] --- maven-bundle-plugin:3.3.0:bundle (default-bundle) @ oak-blob-cloud ---
[WARNING] Bundle org.apache.jackrabbit:oak-blob-cloud:bundle:1.8-SNAPSHOT :  Component org.apache.jackrabbit.oak.blob.cloud.s3.AbstractS3DataStoreService is using the deprecated inheritance feature and inherits from org.apache.jackrabbit.oak.plugins.blob.datastore.AbstractDataStoreService. This feature will be removed in future versions. [org/apache/jackrabbit/oak/blob/cloud/s3/AbstractS3DataStoreService.class,1:1]
[WARNING] Bundle org.apache.jackrabbit:oak-blob-cloud:bundle:1.8-SNAPSHOT :  Component org.apache.jackrabbit.oak.plugins.blob.datastore.S3DataStore is using the deprecated inheritance feature and inherits from org.apache.jackrabbit.oak.blob.cloud.s3.AbstractS3DataStoreService. This feature will be removed in future versions. [org/apache/jackrabbit/oak/blob/cloud/s3/S3DataStoreService.class,1:1]
[WARNING] Bundle org.apache.jackrabbit:oak-blob-cloud:bundle:1.8-SNAPSHOT :  Component org.apache.jackrabbit.oak.plugins.blob.datastore.S3DataStore is using the deprecated inheritance feature and inherits from org.apache.jackrabbit.oak.plugins.blob.datastore.AbstractDataStoreService. This feature will be removed in future versions. [org/apache/jackrabbit/oak/blob/cloud/s3/S3DataStoreService.class,1:1]
[WARNING] Bundle org.apache.jackrabbit:oak-blob-cloud:bundle:1.8-SNAPSHOT :  Component org.apache.jackrabbit.oak.plugins.blob.datastore.SharedS3DataStore is using the deprecated inheritance feature and inherits from org.apache.jackrabbit.oak.blob.cloud.s3.AbstractS3DataStoreService. This feature will be removed in future versions. [org/apache/jackrabbit/oak/blob/cloud/s3/SharedS3DataStoreService.class,1:1]
[WARNING] Bundle org.apache.jackrabbit:oak-blob-cloud:bundle:1.8-SNAPSHOT :  Component org.apache.jackrabbit.oak.plugins.blob.datastore.SharedS3DataStore is using the deprecated inheritance feature and inherits from org.apache.jackrabbit.oak.plugins.blob.datastore.AbstractDataStoreService. This feature will be removed in future versions. [org/apache/jackrabbit/oak/blob/cloud/s3/SharedS3DataStoreService.class,1:1]
[INFO] 
[INFO] --- maven-site-plugin:3.6:attach-descriptor (attach-descriptor) @ oak-blob-cloud ---
[INFO] Skipping because packaging 'bundle' is not pom.
[INFO] 
[INFO] --- maven-jar-plugin:3.0.2:test-jar (default) @ oak-blob-cloud ---
[INFO] Building jar: /home/travis/build/apache/jackrabbit-oak/oak-blob-cloud/target/oak-blob-cloud-1.8-SNAPSHOT-tests.jar
[INFO] 
[INFO] --- maven-bundle-plugin:3.3.0:baseline (baseline) @ oak-blob-cloud ---
[INFO] Skipping Baseline execution
[INFO] 
[INFO] --- jacoco-maven-plugin:0.7.9:check (default-check) @ oak-blob-cloud ---
[INFO] Skipping JaCoCo execution due to missing execution data file:/home/travis/build/apache/jackrabbit-oak/oak-blob-cloud/target/coverage-reports/jacoco-ut.exec
[INFO] 
[INFO] --- maven-install-plugin:2.5.2:install (default-install) @ oak-blob-cloud ---
[INFO] Installing /home/travis/build/apache/jackrabbit-oak/oak-blob-cloud/target/oak-blob-cloud-1.8-SNAPSHOT.jar to /home/travis/.m2/repository/org/apache/jackrabbit/oak-blob-cloud/1.8-SNAPSHOT/oak-blob-cloud-1.8-SNAPSHOT.jar
[INFO] Installing /home/travis/build/apache/jackrabbit-oak/oak-blob-cloud/pom.xml to /home/travis/.m2/repository/org/apache/jackrabbit/oak-blob-cloud/1.8-SNAPSHOT/oak-blob-cloud-1.8-SNAPSHOT.pom
[INFO] Installing /home/travis/build/apache/jackrabbit-oak/oak-blob-cloud/target/oak-blob-cloud-1.8-SNAPSHOT-tests.jar to /home/travis/.m2/repository/org/apache/jackrabbit/oak-blob-cloud/1.8-SNAPSHOT/oak-blob-cloud-1.8-SNAPSHOT-tests.jar
[INFO] 
[INFO] --- maven-bundle-plugin:3.3.0:install (default-install) @ oak-blob-cloud ---
[INFO] Local OBR update disabled (enable with -DobrRepository)
[INFO]                                                                         
[INFO] ------------------------------------------------------------------------
[INFO] Building Oak Azure Cloud Blob Store 1.8-SNAPSHOT
[INFO] ------------------------------------------------------------------------
[INFO] 
[INFO] --- jacoco-maven-plugin:0.7.9:prepare-agent (pre-unit-test) @ oak-blob-cloud-azure ---
[INFO] Skipping JaCoCo execution because property jacoco.skip is set.
[INFO] test.opts.coverage set to empty
[INFO] 
[INFO] --- maven-remote-resources-plugin:1.5:process (process-resource-bundles) @ oak-blob-cloud-azure ---
[INFO] 
[INFO] --- maven-resources-plugin:2.7:resources (default-resources) @ oak-blob-cloud-azure ---
[INFO] Using 'UTF-8' encoding to copy filtered resources.
[INFO] skip non existing resourceDirectory /home/travis/build/apache/jackrabbit-oak/oak-blob-cloud-azure/src/main/resources
[INFO] Copying 3 resources
[INFO] 
[INFO] --- maven-compiler-plugin:3.5.1:compile (default-compile) @ oak-blob-cloud-azure ---
[INFO] Changes detected - recompiling the module!
[INFO] Compiling 6 source files to /home/travis/build/apache/jackrabbit-oak/oak-blob-cloud-azure/target/classes
[INFO] 
[INFO] --- animal-sniffer-maven-plugin:1.15:check (animal-sniffer) @ oak-blob-cloud-azure ---
[INFO] Checking unresolved references to org.codehaus.mojo.signature:java18:1.0
[INFO] 
[INFO] --- maven-bundle-plugin:3.3.0:manifest (scr-metadata) @ oak-blob-cloud-azure ---
[WARNING] Manifest org.apache.jackrabbit:oak-blob-cloud-azure:bundle:1.8-SNAPSHOT :  Component org.apache.jackrabbit.oak.plugins.blob.datastore.AzureDataStore is using the deprecated inheritance feature and inherits from org.apache.jackrabbit.oak.plugins.blob.datastore.AbstractDataStoreService. This feature will be removed in future versions. [org/apache/jackrabbit/oak/blob/cloud/azure/blobstorage/AzureDataStoreService.class,1:1]
[WARNING] Manifest org.apache.jackrabbit:oak-blob-cloud-azure:bundle:1.8-SNAPSHOT : Export org.apache.jackrabbit.oak.blob.cloud.azure.blobstorage,  has 2,  private references [com.microsoft.azure.storage.blob, com.microsoft.azure.storage], 
[INFO] 
[INFO] --- maven-resources-plugin:2.7:testResources (default-testResources) @ oak-blob-cloud-azure ---
[INFO] Using 'UTF-8' encoding to copy filtered resources.
[INFO] Copying 2 resources
[INFO] Copying 3 resources
[INFO] 
[INFO] --- maven-compiler-plugin:3.5.1:testCompile (default-testCompile) @ oak-blob-cloud-azure ---
[INFO] Changes detected - recompiling the module!
[INFO] Compiling 6 source files to /home/travis/build/apache/jackrabbit-oak/oak-blob-cloud-azure/target/test-classes
[INFO] /home/travis/build/apache/jackrabbit-oak/oak-blob-cloud-azure/src/test/java/org/apache/jackrabbit/oak/blob/cloud/azure/blobstorage/AzureDataStoreTest.java: /home/travis/build/apache/jackrabbit-oak/oak-blob-cloud-azure/src/test/java/org/apache/jackrabbit/oak/blob/cloud/azure/blobstorage/AzureDataStoreTest.java uses or overrides a deprecated API.
[INFO] /home/travis/build/apache/jackrabbit-oak/oak-blob-cloud-azure/src/test/java/org/apache/jackrabbit/oak/blob/cloud/azure/blobstorage/AzureDataStoreTest.java: Recompile with -Xlint:deprecation for details.
[INFO] /home/travis/build/apache/jackrabbit-oak/oak-blob-cloud-azure/src/test/java/org/apache/jackrabbit/oak/blob/cloud/azure/blobstorage/AzureDataStoreUtils.java: /home/travis/build/apache/jackrabbit-oak/oak-blob-cloud-azure/src/test/java/org/apache/jackrabbit/oak/blob/cloud/azure/blobstorage/AzureDataStoreUtils.java uses unchecked or unsafe operations.
[INFO] /home/travis/build/apache/jackrabbit-oak/oak-blob-cloud-azure/src/test/java/org/apache/jackrabbit/oak/blob/cloud/azure/blobstorage/AzureDataStoreUtils.java: Recompile with -Xlint:unchecked for details.
[INFO] 
[INFO] --- maven-surefire-plugin:2.20:test (default-test) @ oak-blob-cloud-azure ---
[INFO] Tests are skipped.
[INFO] 
[INFO] --- jacoco-maven-plugin:0.7.9:report (post-unit-test) @ oak-blob-cloud-azure ---
[INFO] Skipping JaCoCo execution because property jacoco.skip is set.
[INFO] 
[INFO] --- maven-bundle-plugin:3.3.0:bundle (default-bundle) @ oak-blob-cloud-azure ---
[WARNING] Bundle org.apache.jackrabbit:oak-blob-cloud-azure:bundle:1.8-SNAPSHOT :  Component org.apache.jackrabbit.oak.plugins.blob.datastore.AzureDataStore is using the deprecated inheritance feature and inherits from org.apache.jackrabbit.oak.plugins.blob.datastore.AbstractDataStoreService. This feature will be removed in future versions. [org/apache/jackrabbit/oak/blob/cloud/azure/blobstorage/AzureDataStoreService.class,1:1]
[WARNING] Bundle org.apache.jackrabbit:oak-blob-cloud-azure:bundle:1.8-SNAPSHOT : Export org.apache.jackrabbit.oak.blob.cloud.azure.blobstorage,  has 2,  private references [com.microsoft.azure.storage.blob, com.microsoft.azure.storage], 
[INFO] 
[INFO] --- maven-site-plugin:3.6:attach-descriptor (attach-descriptor) @ oak-blob-cloud-azure ---
[INFO] Skipping because packaging 'bundle' is not pom.
[INFO] 
[INFO] --- maven-jar-plugin:3.0.2:test-jar (default) @ oak-blob-cloud-azure ---
[INFO] Building jar: /home/travis/build/apache/jackrabbit-oak/oak-blob-cloud-azure/target/oak-blob-cloud-azure-1.8-SNAPSHOT-tests.jar
[INFO] 
[INFO] --- maven-bundle-plugin:3.3.0:baseline (baseline) @ oak-blob-cloud-azure ---
[INFO] Skipping Baseline execution
[INFO] 
[INFO] --- jacoco-maven-plugin:0.7.9:check (default-check) @ oak-blob-cloud-azure ---
[INFO] Skipping JaCoCo execution due to missing execution data file:/home/travis/build/apache/jackrabbit-oak/oak-blob-cloud-azure/target/coverage-reports/jacoco-ut.exec
[INFO] 
[INFO] --- maven-install-plugin:2.5.2:install (default-install) @ oak-blob-cloud-azure ---
[INFO] Installing /home/travis/build/apache/jackrabbit-oak/oak-blob-cloud-azure/target/oak-blob-cloud-azure-1.8-SNAPSHOT.jar to /home/travis/.m2/repository/org/apache/jackrabbit/oak-blob-cloud-azure/1.8-SNAPSHOT/oak-blob-cloud-azure-1.8-SNAPSHOT.jar
[INFO] Installing /home/travis/build/apache/jackrabbit-oak/oak-blob-cloud-azure/pom.xml to /home/travis/.m2/repository/org/apache/jackrabbit/oak-blob-cloud-azure/1.8-SNAPSHOT/oak-blob-cloud-azure-1.8-SNAPSHOT.pom
[INFO] Installing /home/travis/build/apache/jackrabbit-oak/oak-blob-cloud-azure/target/oak-blob-cloud-azure-1.8-SNAPSHOT-tests.jar to /home/travis/.m2/repository/org/apache/jackrabbit/oak-blob-cloud-azure/1.8-SNAPSHOT/oak-blob-cloud-azure-1.8-SNAPSHOT-tests.jar
[INFO] 
[INFO] --- maven-bundle-plugin:3.3.0:install (default-install) @ oak-blob-cloud-azure ---
[INFO] Local OBR update disabled (enable with -DobrRepository)
[INFO]                                                                         
[INFO] ------------------------------------------------------------------------
[INFO] Building Oak Segment Tar 1.8-SNAPSHOT
[INFO] ------------------------------------------------------------------------
[INFO] 
[INFO] --- jacoco-maven-plugin:0.7.9:prepare-agent (pre-unit-test) @ oak-segment-tar ---
[INFO] Skipping JaCoCo execution because property jacoco.skip is set.
[INFO] test.opts.coverage set to empty
[INFO] 
[INFO] --- maven-remote-resources-plugin:1.5:process (process-resource-bundles) @ oak-segment-tar ---
[INFO] 
[INFO] --- maven-resources-plugin:2.7:resources (default-resources) @ oak-segment-tar ---
[INFO] Using 'UTF-8' encoding to copy filtered resources.
[INFO] Copying 1 resource
[INFO] Copying 3 resources
[INFO] 
[INFO] --- maven-compiler-plugin:3.5.1:compile (default-compile) @ oak-segment-tar ---
[INFO] Changes detected - recompiling the module!
[INFO] Compiling 226 source files to /home/travis/build/apache/jackrabbit-oak/oak-segment-tar/target/classes
[INFO] /home/travis/build/apache/jackrabbit-oak/oak-segment-tar/src/main/java/org/apache/jackrabbit/oak/backup/impl/FileStoreBackupRestoreImpl.java: /home/travis/build/apache/jackrabbit-oak/oak-segment-tar/src/main/java/org/apache/jackrabbit/oak/backup/impl/FileStoreBackupRestoreImpl.java uses or overrides a deprecated API.
[INFO] /home/travis/build/apache/jackrabbit-oak/oak-segment-tar/src/main/java/org/apache/jackrabbit/oak/backup/impl/FileStoreBackupRestoreImpl.java: Recompile with -Xlint:deprecation for details.
[INFO] 
[INFO] --- animal-sniffer-maven-plugin:1.15:check (animal-sniffer) @ oak-segment-tar ---
[INFO] Checking unresolved references to org.codehaus.mojo.signature:java18:1.0
[INFO] 
[INFO] --- maven-bundle-plugin:3.3.0:manifest (scr-metadata) @ oak-segment-tar ---
[WARNING] Manifest org.apache.jackrabbit:oak-segment-tar:bundle:1.8-SNAPSHOT : NoClassDefFoundError: org/jboss/marshalling/ByteInput
[WARNING] Manifest org.apache.jackrabbit:oak-segment-tar:bundle:1.8-SNAPSHOT : NoClassDefFoundError: org/jboss/marshalling/ByteOutput
[WARNING] Manifest org.apache.jackrabbit:oak-segment-tar:bundle:1.8-SNAPSHOT : NoClassDefFoundError: org/eclipse/jetty/alpn/ALPN$ServerProvider
[WARNING] Manifest org.apache.jackrabbit:oak-segment-tar:bundle:1.8-SNAPSHOT : NoClassDefFoundError: org/eclipse/jetty/alpn/ALPN$ClientProvider
[WARNING] Manifest org.apache.jackrabbit:oak-segment-tar:bundle:1.8-SNAPSHOT : NoClassDefFoundError: org/eclipse/jetty/npn/NextProtoNego$ServerProvider
[WARNING] Manifest org.apache.jackrabbit:oak-segment-tar:bundle:1.8-SNAPSHOT : NoClassDefFoundError: org/eclipse/jetty/npn/NextProtoNego$ClientProvider
[WARNING] Manifest org.apache.jackrabbit:oak-segment-tar:bundle:1.8-SNAPSHOT : NoClassDefFoundError: org/apache/tomcat/jni/CertificateRequestedCallback
[WARNING] Manifest org.apache.jackrabbit:oak-segment-tar:bundle:1.8-SNAPSHOT : NoClassDefFoundError: org/apache/tomcat/jni/CertificateVerifier
[WARNING] Manifest org.apache.jackrabbit:oak-segment-tar:bundle:1.8-SNAPSHOT : Unused Import-Package instructions: [sun.nio.ch.*] 
[INFO] 
[INFO] --- maven-resources-plugin:2.7:testResources (default-testResources) @ oak-segment-tar ---
[INFO] Using 'UTF-8' encoding to copy filtered resources.
[INFO] Copying 3 resources
[INFO] Copying 3 resources
[INFO] 
[INFO] --- maven-compiler-plugin:3.5.1:testCompile (default-testCompile) @ oak-segment-tar ---
[INFO] Changes detected - recompiling the module!
[INFO] Compiling 128 source files to /home/travis/build/apache/jackrabbit-oak/oak-segment-tar/target/test-classes
[INFO] /home/travis/build/apache/jackrabbit-oak/oak-segment-tar/src/test/java/org/apache/jackrabbit/oak/segment/SegmentIdFactoryTest.java: Some input files use or override a deprecated API.
[INFO] /home/travis/build/apache/jackrabbit-oak/oak-segment-tar/src/test/java/org/apache/jackrabbit/oak/segment/SegmentIdFactoryTest.java: Recompile with -Xlint:deprecation for details.
[INFO] 
[INFO] --- maven-surefire-plugin:2.20:test (default-test) @ oak-segment-tar ---
[INFO] Tests are skipped.
[INFO] 
[INFO] --- jacoco-maven-plugin:0.7.9:report (post-unit-test) @ oak-segment-tar ---
[INFO] Skipping JaCoCo execution because property jacoco.skip is set.
[INFO] 
[INFO] --- maven-bundle-plugin:3.3.0:bundle (default-bundle) @ oak-segment-tar ---
[WARNING] Bundle org.apache.jackrabbit:oak-segment-tar:bundle:1.8-SNAPSHOT : NoClassDefFoundError: org/jboss/marshalling/ByteInput
[WARNING] Bundle org.apache.jackrabbit:oak-segment-tar:bundle:1.8-SNAPSHOT : NoClassDefFoundError: org/jboss/marshalling/ByteOutput
[WARNING] Bundle org.apache.jackrabbit:oak-segment-tar:bundle:1.8-SNAPSHOT : NoClassDefFoundError: org/eclipse/jetty/alpn/ALPN$ServerProvider
[WARNING] Bundle org.apache.jackrabbit:oak-segment-tar:bundle:1.8-SNAPSHOT : NoClassDefFoundError: org/eclipse/jetty/alpn/ALPN$ClientProvider
[WARNING] Bundle org.apache.jackrabbit:oak-segment-tar:bundle:1.8-SNAPSHOT : NoClassDefFoundError: org/eclipse/jetty/npn/NextProtoNego$ServerProvider
[WARNING] Bundle org.apache.jackrabbit:oak-segment-tar:bundle:1.8-SNAPSHOT : NoClassDefFoundError: org/eclipse/jetty/npn/NextProtoNego$ClientProvider
[WARNING] Bundle org.apache.jackrabbit:oak-segment-tar:bundle:1.8-SNAPSHOT : NoClassDefFoundError: org/apache/tomcat/jni/CertificateRequestedCallback
[WARNING] Bundle org.apache.jackrabbit:oak-segment-tar:bundle:1.8-SNAPSHOT : NoClassDefFoundError: org/apache/tomcat/jni/CertificateVerifier
[WARNING] Bundle org.apache.jackrabbit:oak-segment-tar:bundle:1.8-SNAPSHOT : Unused Import-Package instructions: [sun.nio.ch.*] 
[INFO] 
[INFO] --- maven-site-plugin:3.6:attach-descriptor (attach-descriptor) @ oak-segment-tar ---
[INFO] Skipping because packaging 'bundle' is not pom.
[INFO] 
[INFO] --- maven-jar-plugin:3.0.2:test-jar (default) @ oak-segment-tar ---
[INFO] Building jar: /home/travis/build/apache/jackrabbit-oak/oak-segment-tar/target/oak-segment-tar-1.8-SNAPSHOT-tests.jar
[INFO] 
[INFO] --- maven-bundle-plugin:3.3.0:baseline (baseline) @ oak-segment-tar ---
[INFO] Skipping Baseline execution
[INFO] 
[INFO] --- jacoco-maven-plugin:0.7.9:check (default-check) @ oak-segment-tar ---
[INFO] Skipping JaCoCo execution due to missing execution data file:/home/travis/build/apache/jackrabbit-oak/oak-segment-tar/target/coverage-reports/jacoco-ut.exec
[INFO] 
[INFO] --- maven-install-plugin:2.5.2:install (default-install) @ oak-segment-tar ---
[INFO] Installing /home/travis/build/apache/jackrabbit-oak/oak-segment-tar/target/oak-segment-tar-1.8-SNAPSHOT.jar to /home/travis/.m2/repository/org/apache/jackrabbit/oak-segment-tar/1.8-SNAPSHOT/oak-segment-tar-1.8-SNAPSHOT.jar
[INFO] Installing /home/travis/build/apache/jackrabbit-oak/oak-segment-tar/pom.xml to /home/travis/.m2/repository/org/apache/jackrabbit/oak-segment-tar/1.8-SNAPSHOT/oak-segment-tar-1.8-SNAPSHOT.pom
[INFO] Installing /home/travis/build/apache/jackrabbit-oak/oak-segment-tar/target/oak-segment-tar-1.8-SNAPSHOT-tests.jar to /home/travis/.m2/repository/org/apache/jackrabbit/oak-segment-tar/1.8-SNAPSHOT/oak-segment-tar-1.8-SNAPSHOT-tests.jar
[INFO] 
[INFO] --- maven-bundle-plugin:3.3.0:install (default-install) @ oak-segment-tar ---
[INFO] Local OBR update disabled (enable with -DobrRepository)
[INFO]                                                                         
[INFO] ------------------------------------------------------------------------
[INFO] Building Oak Integration Tests 1.8-SNAPSHOT
[INFO] ------------------------------------------------------------------------
[INFO] 
[INFO] --- jacoco-maven-plugin:0.7.9:prepare-agent (pre-unit-test) @ oak-it ---
[INFO] Skipping JaCoCo execution because property jacoco.skip is set.
[INFO] test.opts.coverage set to empty
[INFO] 
[INFO] --- maven-remote-resources-plugin:1.5:process (process-resource-bundles) @ oak-it ---
[INFO] 
[INFO] --- maven-resources-plugin:2.7:resources (default-resources) @ oak-it ---
[INFO] Using 'UTF-8' encoding to copy filtered resources.
[INFO] skip non existing resourceDirectory /home/travis/build/apache/jackrabbit-oak/oak-it/src/main/resources
[INFO] Copying 3 resources
[INFO] 
[INFO] --- maven-compiler-plugin:3.5.1:compile (default-compile) @ oak-it ---
[INFO] No sources to compile
[INFO] 
[INFO] --- animal-sniffer-maven-plugin:1.15:check (animal-sniffer) @ oak-it ---
[INFO] Checking unresolved references to org.codehaus.mojo.signature:java18:1.0
[INFO] 
[INFO] --- maven-resources-plugin:2.7:testResources (default-testResources) @ oak-it ---
[INFO] Using 'UTF-8' encoding to copy filtered resources.
[INFO] Copying 1 resource
[INFO] Copying 3 resources
[INFO] 
[INFO] --- maven-compiler-plugin:3.5.1:testCompile (default-testCompile) @ oak-it ---
[INFO] Changes detected - recompiling the module!
[INFO] Compiling 38 source files to /home/travis/build/apache/jackrabbit-oak/oak-it/target/test-classes
[INFO] /home/travis/build/apache/jackrabbit-oak/oak-it/src/test/java/org/apache/jackrabbit/oak/spi/state/NodeStateTest.java: Some input files use or override a deprecated API.
[INFO] /home/travis/build/apache/jackrabbit-oak/oak-it/src/test/java/org/apache/jackrabbit/oak/spi/state/NodeStateTest.java: Recompile with -Xlint:deprecation for details.
[INFO] 
[INFO] --- maven-surefire-plugin:2.20:test (default-test) @ oak-it ---
[INFO] Tests are skipped.
[INFO] 
[INFO] --- jacoco-maven-plugin:0.7.9:report (post-unit-test) @ oak-it ---
[INFO] Skipping JaCoCo execution because property jacoco.skip is set.
[INFO] 
[INFO] --- maven-jar-plugin:3.0.2:jar (default-jar) @ oak-it ---
[INFO] Building jar: /home/travis/build/apache/jackrabbit-oak/oak-it/target/oak-it-1.8-SNAPSHOT.jar
[INFO] 
[INFO] --- maven-site-plugin:3.6:attach-descriptor (attach-descriptor) @ oak-it ---
[INFO] Skipping because packaging 'jar' is not pom.
[INFO] 
[INFO] --- maven-jar-plugin:3.0.2:test-jar (default) @ oak-it ---
[INFO] Building jar: /home/travis/build/apache/jackrabbit-oak/oak-it/target/oak-it-1.8-SNAPSHOT-tests.jar
[INFO] 
[INFO] --- jacoco-maven-plugin:0.7.9:check (default-check) @ oak-it ---
[INFO] Skipping JaCoCo execution due to missing execution data file:/home/travis/build/apache/jackrabbit-oak/oak-it/target/coverage-reports/jacoco-ut.exec
[INFO] 
[INFO] --- maven-install-plugin:2.5.2:install (default-install) @ oak-it ---
[INFO] Installing /home/travis/build/apache/jackrabbit-oak/oak-it/target/oak-it-1.8-SNAPSHOT.jar to /home/travis/.m2/repository/org/apache/jackrabbit/oak-it/1.8-SNAPSHOT/oak-it-1.8-SNAPSHOT.jar
[INFO] Installing /home/travis/build/apache/jackrabbit-oak/oak-it/pom.xml to /home/travis/.m2/repository/org/apache/jackrabbit/oak-it/1.8-SNAPSHOT/oak-it-1.8-SNAPSHOT.pom
[INFO] Installing /home/travis/build/apache/jackrabbit-oak/oak-it/target/oak-it-1.8-SNAPSHOT-tests.jar to /home/travis/.m2/repository/org/apache/jackrabbit/oak-it/1.8-SNAPSHOT/oak-it-1.8-SNAPSHOT-tests.jar
[INFO] ------------------------------------------------------------------------
[INFO] Reactor Summary:
[INFO] 
[INFO] Oak Parent POM ..................................... SUCCESS [  2.611 s]
[INFO] Oak Commons ........................................ SUCCESS [  6.266 s]
[INFO] Oak API ............................................ SUCCESS [  2.351 s]
[INFO] Oak Core SPI ....................................... SUCCESS [  2.755 s]
[INFO] Oak NodeStore and Commit SPI ....................... SUCCESS [  3.126 s]
[INFO] Oak Blob Store ..................................... SUCCESS [  1.951 s]
[INFO] Oak Blob Plugins ................................... SUCCESS [  3.923 s]
[INFO] Oak Core ........................................... SUCCESS [ 25.312 s]
[INFO] Oak Composite Store ................................ SUCCESS [  1.928 s]
[INFO] Oak Cloud Blob Store ............................... SUCCESS [  1.889 s]
[INFO] Oak Azure Cloud Blob Store ......................... SUCCESS [  2.846 s]
[INFO] Oak Segment Tar .................................... SUCCESS [  7.818 s]
[INFO] Oak Integration Tests .............................. SUCCESS [  1.616 s]
[INFO] ------------------------------------------------------------------------
[INFO] BUILD SUCCESS
[INFO] ------------------------------------------------------------------------
[INFO] Total time: 01:05 min
[INFO] Finished at: 2017-08-09T13:58:17+00:00
[INFO] Final Memory: 79M/468M
[INFO] ------------------------------------------------------------------------

travis_time:end:0a9056a0:start=1502287029368915585,finish=1502287097423618756,duration=68054703171[0Ktravis_fold:end:install[0Ktravis_time:start:0300e9d0[0K$ mvn --batch-mode clean verify -Dbaseline.skip=true -PintegrationTesting -Dnsfixtures=DOCUMENT_NS -pl :${MODULE} -nsu
Java HotSpot(TM) 64-Bit Server VM warning: ignoring option MaxPermSize=192m; support was removed in 8.0
[INFO] Scanning for projects...
[INFO]                                                                         
[INFO] ------------------------------------------------------------------------
[INFO] Building Oak Integration Tests 1.8-SNAPSHOT
[INFO] ------------------------------------------------------------------------
[INFO] 
[INFO] --- maven-clean-plugin:3.0.0:clean (default-clean) @ oak-it ---
[INFO] Deleting /home/travis/build/apache/jackrabbit-oak/oak-it/target
[INFO] 
[INFO] --- jacoco-maven-plugin:0.7.9:prepare-agent (pre-unit-test) @ oak-it ---
[INFO] Skipping JaCoCo execution because property jacoco.skip is set.
[INFO] test.opts.coverage set to empty
[INFO] 
[INFO] --- maven-remote-resources-plugin:1.5:process (process-resource-bundles) @ oak-it ---
[INFO] 
[INFO] --- maven-resources-plugin:2.7:resources (default-resources) @ oak-it ---
[INFO] Using 'UTF-8' encoding to copy filtered resources.
[INFO] skip non existing resourceDirectory /home/travis/build/apache/jackrabbit-oak/oak-it/src/main/resources
[INFO] Copying 3 resources
[INFO] 
[INFO] --- maven-compiler-plugin:3.5.1:compile (default-compile) @ oak-it ---
[INFO] No sources to compile
[INFO] 
[INFO] --- animal-sniffer-maven-plugin:1.15:check (animal-sniffer) @ oak-it ---
[INFO] Checking unresolved references to org.codehaus.mojo.signature:java18:1.0
[INFO] 
[INFO] --- maven-resources-plugin:2.7:testResources (default-testResources) @ oak-it ---
[INFO] Using 'UTF-8' encoding to copy filtered resources.
[INFO] Copying 1 resource
[INFO] Copying 3 resources
[INFO] 
[INFO] --- maven-compiler-plugin:3.5.1:testCompile (default-testCompile) @ oak-it ---
[INFO] Changes detected - recompiling the module!
[INFO] Compiling 38 source files to /home/travis/build/apache/jackrabbit-oak/oak-it/target/test-classes
[INFO] /home/travis/build/apache/jackrabbit-oak/oak-it/src/test/java/org/apache/jackrabbit/oak/spi/state/NodeStateTest.java: Some input files use or override a deprecated API.
[INFO] /home/travis/build/apache/jackrabbit-oak/oak-it/src/test/java/org/apache/jackrabbit/oak/spi/state/NodeStateTest.java: Recompile with -Xlint:deprecation for details.
[INFO] 
[INFO] --- maven-surefire-plugin:2.20:test (default-test) @ oak-it ---
[INFO] 
[INFO] -------------------------------------------------------
[INFO]  T E S T S
[INFO] -------------------------------------------------------
[INFO] Running org.apache.jackrabbit.oak.spi.state.CheckpointTest
[INFO] Tests run: 4, Failures: 0, Errors: 0, Skipped: 0, Time elapsed: 2.74 s - in org.apache.jackrabbit.oak.spi.state.CheckpointTest
[INFO] Running org.apache.jackrabbit.oak.spi.state.NodeStateTest
[INFO] Tests run: 6, Failures: 0, Errors: 0, Skipped: 0, Time elapsed: 11.23 s - in org.apache.jackrabbit.oak.spi.state.NodeStateTest
[INFO] Running org.apache.jackrabbit.oak.spi.state.NodeStoreTest
[WARNING] Tests run: 25, Failures: 0, Errors: 0, Skipped: 1, Time elapsed: 10.248 s - in org.apache.jackrabbit.oak.spi.state.NodeStoreTest
[INFO] Running org.apache.jackrabbit.oak.spi.state.LargeNodeStateTest
[INFO] Tests run: 3, Failures: 0, Errors: 0, Skipped: 0, Time elapsed: 1.598 s - in org.apache.jackrabbit.oak.spi.state.LargeNodeStateTest
[INFO] Running org.apache.jackrabbit.oak.spi.state.NodeBuilderTest
[INFO] Tests run: 4, Failures: 0, Errors: 0, Skipped: 0, Time elapsed: 1.835 s - in org.apache.jackrabbit.oak.spi.state.NodeBuilderTest
[INFO] Running org.apache.jackrabbit.oak.spi.commit.CommitContextTest
[INFO] Tests run: 3, Failures: 0, Errors: 0, Skipped: 0, Time elapsed: 5.159 s - in org.apache.jackrabbit.oak.spi.commit.CommitContextTest
[INFO] Running org.apache.jackrabbit.oak.plugins.document.MongoAzureDataStoreBlobGCTest
[WARNING] Tests run: 1, Failures: 0, Errors: 0, Skipped: 1, Time elapsed: 0.026 s - in org.apache.jackrabbit.oak.plugins.document.MongoAzureDataStoreBlobGCTest
[INFO] Running org.apache.jackrabbit.oak.plugins.document.DocumentS3DataStoreStatsTest
[INFO] Tests run: 2, Failures: 0, Errors: 0, Skipped: 0, Time elapsed: 1.064 s - in org.apache.jackrabbit.oak.plugins.document.DocumentS3DataStoreStatsTest
[INFO] Running org.apache.jackrabbit.oak.plugins.document.DocumentCachingDataStoreStatsTest
[INFO] Tests run: 2, Failures: 0, Errors: 0, Skipped: 0, Time elapsed: 0.157 s - in org.apache.jackrabbit.oak.plugins.document.DocumentCachingDataStoreStatsTest
[INFO] Running org.apache.jackrabbit.oak.plugins.document.MongoS3DataStoreBlobGCTest
[WARNING] Tests run: 1, Failures: 0, Errors: 0, Skipped: 1, Time elapsed: 0.022 s - in org.apache.jackrabbit.oak.plugins.document.MongoS3DataStoreBlobGCTest
[INFO] Running org.apache.jackrabbit.oak.plugins.document.AzureSharedBlobStoreGCTest
[WARNING] Tests run: 1, Failures: 0, Errors: 0, Skipped: 1, Time elapsed: 0 s - in org.apache.jackrabbit.oak.plugins.document.AzureSharedBlobStoreGCTest
[INFO] Running org.apache.jackrabbit.oak.plugins.document.SharedS3DataStoreUtilsTest
[WARNING] Tests run: 1, Failures: 0, Errors: 0, Skipped: 1, Time elapsed: 0 s - in org.apache.jackrabbit.oak.plugins.document.SharedS3DataStoreUtilsTest
[INFO] Running org.apache.jackrabbit.oak.plugins.document.SharedAzureDataStoreUtilsTest
[WARNING] Tests run: 1, Failures: 0, Errors: 0, Skipped: 1, Time elapsed: 0.001 s - in org.apache.jackrabbit.oak.plugins.document.SharedAzureDataStoreUtilsTest
[INFO] Running org.apache.jackrabbit.oak.plugins.document.S3SharedBlobStoreGCTest
[WARNING] Tests run: 1, Failures: 0, Errors: 0, Skipped: 1, Time elapsed: 0.001 s - in org.apache.jackrabbit.oak.plugins.document.S3SharedBlobStoreGCTest
[INFO] Running org.apache.jackrabbit.oak.plugins.index.AsyncIndexUpdateLeaseTest
[INFO] Tests run: 18, Failures: 0, Errors: 0, Skipped: 0, Time elapsed: 11.578 s - in org.apache.jackrabbit.oak.plugins.index.AsyncIndexUpdateLeaseTest
[INFO] Running org.apache.jackrabbit.oak.plugins.name.ReadWriteNamespaceRegistryTest
[INFO] Tests run: 1, Failures: 0, Errors: 0, Skipped: 0, Time elapsed: 1.591 s - in org.apache.jackrabbit.oak.plugins.name.ReadWriteNamespaceRegistryTest
[INFO] Running org.apache.jackrabbit.oak.core.MutableTreeTest
[INFO] Tests run: 24, Failures: 0, Errors: 0, Skipped: 0, Time elapsed: 10.755 s - in org.apache.jackrabbit.oak.core.MutableTreeTest
[INFO] Running org.apache.jackrabbit.oak.core.RootTest
[INFO] Tests run: 19, Failures: 0, Errors: 0, Skipped: 0, Time elapsed: 6.146 s - in org.apache.jackrabbit.oak.core.RootTest
[INFO] Running org.apache.jackrabbit.oak.core.ImmutableRootTest
[INFO] Tests run: 2, Failures: 0, Errors: 0, Skipped: 0, Time elapsed: 0.31 s - in org.apache.jackrabbit.oak.core.ImmutableRootTest
[INFO] Running org.apache.jackrabbit.oak.composite.CompositeNodeStoreBuilderTest
[INFO] Tests run: 6, Failures: 0, Errors: 0, Skipped: 0, Time elapsed: 0.017 s - in org.apache.jackrabbit.oak.composite.CompositeNodeStoreBuilderTest
[INFO] Running org.apache.jackrabbit.oak.composite.CompositeNodeStoreTest
[WARNING] Tests run: 208, Failures: 0, Errors: 0, Skipped: 3, Time elapsed: 82.965 s - in org.apache.jackrabbit.oak.composite.CompositeNodeStoreTest
[INFO] Running org.apache.jackrabbit.oak.composite.AtomicCompositeMergeTest
[INFO] Tests run: 2, Failures: 0, Errors: 0, Skipped: 0, Time elapsed: 6.418 s - in org.apache.jackrabbit.oak.composite.AtomicCompositeMergeTest
[INFO] Running org.apache.jackrabbit.oak.composite.PrivateStoreValidatorProviderTest
[INFO] Tests run: 4, Failures: 0, Errors: 0, Skipped: 0, Time elapsed: 0.071 s - in org.apache.jackrabbit.oak.composite.PrivateStoreValidatorProviderTest
[INFO] Running org.apache.jackrabbit.oak.segment.SegmentS3DataStoreStatsTest
[INFO] Tests run: 2, Failures: 0, Errors: 0, Skipped: 0, Time elapsed: 0.605 s - in org.apache.jackrabbit.oak.segment.SegmentS3DataStoreStatsTest
[INFO] Running org.apache.jackrabbit.oak.segment.SegmentCachingDataStoreStatsTest
[INFO] Tests run: 2, Failures: 0, Errors: 0, Skipped: 0, Time elapsed: 0.649 s - in org.apache.jackrabbit.oak.segment.SegmentCachingDataStoreStatsTest
[INFO] Running org.apache.jackrabbit.oak.api.RootTest
[INFO] Tests run: 1, Failures: 0, Errors: 0, Skipped: 0, Time elapsed: 8.893 s - in org.apache.jackrabbit.oak.api.RootTest
[INFO] Running org.apache.jackrabbit.oak.api.ContentSessionTest
[INFO] Tests run: 3, Failures: 0, Errors: 0, Skipped: 0, Time elapsed: 1.419 s - in org.apache.jackrabbit.oak.api.ContentSessionTest
[INFO] Running org.apache.jackrabbit.oak.api.TreeTest
[INFO] Tests run: 12, Failures: 0, Errors: 0, Skipped: 0, Time elapsed: 2.327 s - in org.apache.jackrabbit.oak.api.TreeTest
[INFO] 
[INFO] Results:
[INFO] 
[WARNING] Tests run: 359, Failures: 0, Errors: 0, Skipped: 10
[INFO] 
[INFO] 
[INFO] --- jacoco-maven-plugin:0.7.9:report (post-unit-test) @ oak-it ---
[INFO] Skipping JaCoCo execution because property jacoco.skip is set.
[INFO] 
[INFO] --- maven-jar-plugin:3.0.2:jar (default-jar) @ oak-it ---
[INFO] Building jar: /home/travis/build/apache/jackrabbit-oak/oak-it/target/oak-it-1.8-SNAPSHOT.jar
[INFO] 
[INFO] --- maven-site-plugin:3.6:attach-descriptor (attach-descriptor) @ oak-it ---
[INFO] Skipping because packaging 'jar' is not pom.
[INFO] 
[INFO] --- maven-jar-plugin:3.0.2:test-jar (default) @ oak-it ---
[INFO] Building jar: /home/travis/build/apache/jackrabbit-oak/oak-it/target/oak-it-1.8-SNAPSHOT-tests.jar
[INFO] 
[INFO] --- maven-failsafe-plugin:2.19.1:integration-test (default) @ oak-it ---

-------------------------------------------------------
 T E S T S
-------------------------------------------------------
Running org.apache.jackrabbit.oak.plugins.index.AsyncIndexUpdateClusterTestIT
Tests run: 1, Failures: 0, Errors: 0, Skipped: 0, Time elapsed: 20.88 sec - in org.apache.jackrabbit.oak.plugins.index.AsyncIndexUpdateClusterTestIT
Running org.apache.jackrabbit.oak.core.RootFuzzIT
Tests run: 2, Failures: 0, Errors: 0, Skipped: 0, Time elapsed: 61.584 sec - in org.apache.jackrabbit.oak.core.RootFuzzIT
Running org.apache.jackrabbit.oak.segment.SegmentS3DataStoreBlobGCIT
Tests run: 1, Failures: 0, Errors: 0, Skipped: 1, Time elapsed: 0.022 sec - in org.apache.jackrabbit.oak.segment.SegmentS3DataStoreBlobGCIT
Running org.apache.jackrabbit.oak.segment.SegmentAzureDataStoreBlobGCIT
Tests run: 1, Failures: 0, Errors: 0, Skipped: 1, Time elapsed: 0.007 sec - in org.apache.jackrabbit.oak.segment.SegmentAzureDataStoreBlobGCIT

Results :

Tests run: 5, Failures: 0, Errors: 0, Skipped: 2

[INFO] 
[INFO] --- jacoco-maven-plugin:0.7.9:check (default-check) @ oak-it ---
[INFO] Skipping JaCoCo execution due to missing execution data file:/home/travis/build/apache/jackrabbit-oak/oak-it/target/coverage-reports/jacoco-ut.exec
[INFO] 
[INFO] --- maven-failsafe-plugin:2.19.1:verify (default) @ oak-it ---
[INFO] ------------------------------------------------------------------------
[INFO] BUILD SUCCESS
[INFO] ------------------------------------------------------------------------
[INFO] Total time: 04:20 min
[INFO] Finished at: 2017-08-09T14:02:39+00:00
[INFO] Final Memory: 42M/362M
[INFO] ------------------------------------------------------------------------

travis_time:end:0300e9d0:start=1502287097429541081,finish=1502287359195795496,duration=261766254415[0K
[32;1mThe command "mvn --batch-mode clean verify -Dbaseline.skip=true -PintegrationTesting -Dnsfixtures=DOCUMENT_NS -pl :${MODULE} -nsu" exited with 0.[0m
travis_fold:start:cache.2[0Kstore build cache
travis_time:start:087513ac[0K
travis_time:end:087513ac:start=1502287359200538525,finish=1502287359204176613,duration=3638088[0Ktravis_time:start:2a36fc8a[0K[32;1mchange detected (content changed, file is created, or file is deleted):
/home/travis/.m2/repository/org/apache/jackrabbit/oak-api/1.8-SNAPSHOT/maven-metadata-local.xml
/home/travis/.m2/repository/org/apache/jackrabbit/oak-api/1.8-SNAPSHOT/oak-api-1.8-SNAPSHOT.jar
/home/travis/.m2/repository/org/apache/jackrabbit/oak-api/1.8-SNAPSHOT/oak-api-1.8-SNAPSHOT-tests.jar
/home/travis/.m2/repository/org/apache/jackrabbit/oak-api/1.8-SNAPSHOT/_remote.repositories
/home/travis/.m2/repository/org/apache/jackrabbit/oak-api/maven-metadata-local.xml
/home/travis/.m2/repository/org/apache/jackrabbit/oak-blob/1.8-SNAPSHOT/maven-metadata-local.xml
/home/travis/.m2/repository/org/apache/jackrabbit/oak-blob/1.8-SNAPSHOT/oak-blob-1.8-SNAPSHOT.jar
/home/travis/.m2/repository/org/apache/jackrabbit/oak-blob/1.8-SNAPSHOT/oak-blob-1.8-SNAPSHOT-tests.jar
/home/travis/.m2/repository/org/apache/jackrabbit/oak-blob/1.8-SNAPSHOT/_remote.repositories
/home/travis/.m2/repository/org/apache/jackrabbit/oak-blob-cloud/1.8-SNAPSHOT/maven-metadata-local.xml
/home/travis/.m2/repository/org/apach
[0m
[32;1m...
[0m
[32;1mchanges detected, packing new archive[0m
[32;1muploading archive[0m

travis_time:end:2a36fc8a:start=1502287359208423836,finish=1502287396699573024,duration=37491149188[0Ktravis_fold:end:cache.2[0K
Done. Your build exited with 0.
