Using worker: worker-linux-docker-0c3a0df4.prod.travis-ci.org:travis-linux-16

travis_fold:start:system_info[0K[33;1mBuild system information[0m
Build language: java
Build group: stable
Build dist: precise
Build id: 173101479
Job id: 173101482
travis-build version: 85ef71082
[34m[1mBuild image provisioning date and time[0m
Thu Feb  5 15:09:33 UTC 2015
[34m[1mOperating System Details[0m
Distributor ID:	Ubuntu
Description:	Ubuntu 12.04.5 LTS
Release:	12.04
Codename:	precise
[34m[1mLinux Version[0m
3.13.0-29-generic
[34m[1mCookbooks Version[0m
a68419e https://github.com/travis-ci/travis-cookbooks/tree/a68419e
[34m[1mGCC version[0m
gcc (Ubuntu/Linaro 4.6.3-1ubuntu5) 4.6.3
Copyright (C) 2011 Free Software Foundation, Inc.
This is free software; see the source for copying conditions.  There is NO
warranty; not even for MERCHANTABILITY or FITNESS FOR A PARTICULAR PURPOSE.

[34m[1mLLVM version[0m
clang version 3.4 (tags/RELEASE_34/final)
Target: x86_64-unknown-linux-gnu
Thread model: posix
[34m[1mPre-installed Ruby versions[0m
ruby-1.9.3-p551
[34m[1mPre-installed Node.js versions[0m
v0.10.36
[34m[1mPre-installed Go versions[0m
1.4.1
[34m[1mRedis version[0m
redis-server 2.8.19
[34m[1mriak version[0m
2.0.2
[34m[1mMongoDB version[0m
MongoDB 2.4.12
[34m[1mCouchDB version[0m
couchdb 1.6.1
[34m[1mNeo4j version[0m
1.9.4
[34m[1mRabbitMQ Version[0m
3.4.3
[34m[1mElasticSearch version[0m
1.4.0
[34m[1mInstalled Sphinx versions[0m
2.0.10
2.1.9
2.2.6
[34m[1mDefault Sphinx version[0m
2.2.6
[34m[1mInstalled Firefox version[0m
firefox 31.0esr
[34m[1mPhantomJS version[0m
1.9.8
[34m[1mant -version[0m
Apache Ant(TM) version 1.8.2 compiled on December 3 2011
[34m[1mmvn -version[0m
Apache Maven 3.2.5 (12a6b3acb947671f09b81f49094c53f426d8cea1; 2014-12-14T17:29:23+00:00)
Maven home: /usr/local/maven
Java version: 1.7.0_76, vendor: Oracle Corporation
Java home: /usr/lib/jvm/java-7-oracle/jre
Default locale: en_US, platform encoding: ANSI_X3.4-1968
OS name: "linux", version: "3.13.0-29-generic", arch: "amd64", family: "unix"
travis_fold:end:system_info[0K
travis_fold:start:fix.CVE-2015-7547[0K$ export DEBIAN_FRONTEND=noninteractive
W: Size of file /var/lib/apt/lists/us.archive.ubuntu.com_ubuntu_dists_precise-updates_restricted_binary-amd64_Packages.gz is not what the server reported 19576 20785
W: Size of file /var/lib/apt/lists/us.archive.ubuntu.com_ubuntu_dists_precise-updates_restricted_binary-i386_Packages.gz is not what the server reported 19521 20707
W: Size of file /var/lib/apt/lists/us.archive.ubuntu.com_ubuntu_dists_precise-backports_multiverse_source_Sources.gz is not what the server reported 5886 5888
W: Size of file /var/lib/apt/lists/ppa.launchpad.net_travis-ci_zero-mq_ubuntu_dists_precise_main_binary-amd64_Packages.gz is not what the server reported 832 1195
W: Size of file /var/lib/apt/lists/ppa.launchpad.net_ubuntugis_ppa_ubuntu_dists_precise_main_binary-amd64_Packages.gz is not what the server reported 33653 36677
W: Size of file /var/lib/apt/lists/ppa.launchpad.net_ubuntugis_ppa_ubuntu_dists_precise_main_binary-i386_Packages.gz is not what the server reported 33699 36733
W: Size of file /var/lib/apt/lists/security.ubuntu.com_ubuntu_dists_precise-security_restricted_binary-amd64_Packages.gz is not what the server reported 13782 14904
W: Size of file /var/lib/apt/lists/security.ubuntu.com_ubuntu_dists_precise-security_restricted_binary-i386_Packages.gz is not what the server reported 13751 14885
Reading package lists...
Building dependency tree...
Reading state information...
The following extra packages will be installed:
  libc-bin libc-dev-bin libc6-dev
Suggested packages:
  glibc-doc
The following packages will be upgraded:
  libc-bin libc-dev-bin libc6 libc6-dev
4 upgraded, 0 newly installed, 0 to remove and 263 not upgraded.
Need to get 8,840 kB of archives.
After this operation, 14.3 kB disk space will be freed.
Get:1 http://us.archive.ubuntu.com/ubuntu/ precise-updates/main libc6-dev amd64 2.15-0ubuntu10.15 [2,943 kB]
Get:2 http://us.archive.ubuntu.com/ubuntu/ precise-updates/main libc-dev-bin amd64 2.15-0ubuntu10.15 [84.7 kB]
Get:3 http://us.archive.ubuntu.com/ubuntu/ precise-updates/main libc-bin amd64 2.15-0ubuntu10.15 [1,177 kB]
Get:4 http://us.archive.ubuntu.com/ubuntu/ precise-updates/main libc6 amd64 2.15-0ubuntu10.15 [4,636 kB]
Fetched 8,840 kB in 0s (27.8 MB/s)
Preconfiguring packages ...
(Reading database ... (Reading database ... 5%(Reading database ... 10%(Reading database ... 15%(Reading database ... 20%(Reading database ... 25%(Reading database ... 30%(Reading database ... 35%(Reading database ... 40%(Reading database ... 45%(Reading database ... 50%(Reading database ... 55%(Reading database ... 60%(Reading database ... 65%(Reading database ... 70%(Reading database ... 75%(Reading database ... 80%(Reading database ... 85%(Reading database ... 90%(Reading database ... 95%(Reading database ... 100%(Reading database ... 72019 files and directories currently installed.)
Preparing to replace libc6-dev 2.15-0ubuntu10.10 (using .../libc6-dev_2.15-0ubuntu10.15_amd64.deb) ...
Unpacking replacement libc6-dev ...
Preparing to replace libc-dev-bin 2.15-0ubuntu10.10 (using .../libc-dev-bin_2.15-0ubuntu10.15_amd64.deb) ...
Unpacking replacement libc-dev-bin ...
Preparing to replace libc-bin 2.15-0ubuntu10.10 (using .../libc-bin_2.15-0ubuntu10.15_amd64.deb) ...
Unpacking replacement libc-bin ...
Processing triggers for man-db ...
Setting up libc-bin (2.15-0ubuntu10.15) ...
(Reading database ... (Reading database ... 5%(Reading database ... 10%(Reading database ... 15%(Reading database ... 20%(Reading database ... 25%(Reading database ... 30%(Reading database ... 35%(Reading database ... 40%(Reading database ... 45%(Reading database ... 50%(Reading database ... 55%(Reading database ... 60%(Reading database ... 65%(Reading database ... 70%(Reading database ... 75%(Reading database ... 80%(Reading database ... 85%(Reading database ... 90%(Reading database ... 95%(Reading database ... 100%(Reading database ... 72018 files and directories currently installed.)
Preparing to replace libc6 2.15-0ubuntu10.10 (using .../libc6_2.15-0ubuntu10.15_amd64.deb) ...
Unpacking replacement libc6 ...
Setting up libc6 (2.15-0ubuntu10.15) ...
Setting up libc-dev-bin (2.15-0ubuntu10.15) ...
Setting up libc6-dev (2.15-0ubuntu10.15) ...
Processing triggers for libc-bin ...
ldconfig deferred processing now taking place
travis_fold:end:fix.CVE-2015-7547[0Ktravis_fold:start:git.checkout[0Ktravis_time:start:2486c33b[0K$ git clone --depth=50 https://github.com/openmicroscopy/bioformats.git openmicroscopy/bioformats
Cloning into 'openmicroscopy/bioformats'...
remote: Counting objects: 17350, done.[K
remote: Compressing objects:   0% (1/7271)   [Kremote: Compressing objects:   1% (73/7271)   [Kremote: Compressing objects:   2% (146/7271)   [Kremote: Compressing objects:   3% (219/7271)   [Kremote: Compressing objects:   4% (291/7271)   [Kremote: Compressing objects:   5% (364/7271)   [Kremote: Compressing objects:   6% (437/7271)   [Kremote: Compressing objects:   7% (509/7271)   [Kremote: Compressing objects:   8% (582/7271)   [Kremote: Compressing objects:   9% (655/7271)   [Kremote: Compressing objects:  10% (728/7271)   [Kremote: Compressing objects:  11% (800/7271)   [Kremote: Compressing objects:  12% (873/7271)   [Kremote: Compressing objects:  13% (946/7271)   [Kremote: Compressing objects:  14% (1018/7271)   [Kremote: Compressing objects:  15% (1091/7271)   [Kremote: Compressing objects:  16% (1164/7271)   [Kremote: Compressing objects:  17% (1237/7271)   [Kremote: Compressing objects:  18% (1309/7271)   [Kremote: Compressing objects:  19% (1382/7271)   [Kremote: Compressing objects:  20% (1455/7271)   [Kremote: Compressing objects:  21% (1527/7271)   [Kremote: Compressing objects:  22% (1600/7271)   [Kremote: Compressing objects:  23% (1673/7271)   [Kremote: Compressing objects:  24% (1746/7271)   [Kremote: Compressing objects:  25% (1818/7271)   [Kremote: Compressing objects:  26% (1891/7271)   [Kremote: Compressing objects:  27% (1964/7271)   [Kremote: Compressing objects:  28% (2036/7271)   [Kremote: Compressing objects:  29% (2109/7271)   [Kremote: Compressing objects:  30% (2182/7271)   [Kremote: Compressing objects:  31% (2255/7271)   [Kremote: Compressing objects:  32% (2327/7271)   [Kremote: Compressing objects:  33% (2400/7271)   [Kremote: Compressing objects:  33% (2456/7271)   [Kremote: Compressing objects:  34% (2473/7271)   [Kremote: Compressing objects:  35% (2545/7271)   [Kremote: Compressing objects:  36% (2618/7271)   [Kremote: Compressing objects:  37% (2691/7271)   [Kremote: Compressing objects:  38% (2763/7271)   [Kremote: Compressing objects:  39% (2836/7271)   [Kremote: Compressing objects:  40% (2909/7271)   [Kremote: Compressing objects:  41% (2982/7271)   [Kremote: Compressing objects:  42% (3054/7271)   [Kremote: Compressing objects:  43% (3127/7271)   [Kremote: Compressing objects:  44% (3200/7271)   [Kremote: Compressing objects:  45% (3272/7271)   [Kremote: Compressing objects:  46% (3345/7271)   [Kremote: Compressing objects:  47% (3418/7271)   [Kremote: Compressing objects:  48% (3491/7271)   [Kremote: Compressing objects:  49% (3563/7271)   [Kremote: Compressing objects:  50% (3636/7271)   [Kremote: Compressing objects:  51% (3709/7271)   [Kremote: Compressing objects:  52% (3781/7271)   [Kremote: Compressing objects:  53% (3854/7271)   [Kremote: Compressing objects:  54% (3927/7271)   [Kremote: Compressing objects:  55% (4000/7271)   [Kremote: Compressing objects:  56% (4072/7271)   [Kremote: Compressing objects:  57% (4145/7271)   [Kremote: Compressing objects:  58% (4218/7271)   [Kremote: Compressing objects:  59% (4290/7271)   [Kremote: Compressing objects:  60% (4363/7271)   [Kremote: Compressing objects:  61% (4436/7271)   [Kremote: Compressing objects:  62% (4509/7271)   [Kremote: Compressing objects:  63% (4581/7271)   [Kremote: Compressing objects:  64% (4654/7271)   [Kremote: Compressing objects:  65% (4727/7271)   [Kremote: Compressing objects:  66% (4799/7271)   [Kremote: Compressing objects:  67% (4872/7271)   [Kremote: Compressing objects:  68% (4945/7271)   [Kremote: Compressing objects:  69% (5017/7271)   [Kremote: Compressing objects:  70% (5090/7271)   [Kremote: Compressing objects:  71% (5163/7271)   [Kremote: Compressing objects:  72% (5236/7271)   [Kremote: Compressing objects:  73% (5308/7271)   [Kremote: Compressing objects:  74% (5381/7271)   [Kremote: Compressing objects:  75% (5454/7271)   [Kremote: Compressing objects:  76% (5526/7271)   [Kremote: Compressing objects:  77% (5599/7271)   [Kremote: Compressing objects:  78% (5672/7271)   [Kremote: Compressing objects:  79% (5745/7271)   [Kremote: Compressing objects:  80% (5817/7271)   [Kremote: Compressing objects:  81% (5890/7271)   [Kremote: Compressing objects:  82% (5963/7271)   [Kremote: Compressing objects:  83% (6035/7271)   [Kremote: Compressing objects:  84% (6108/7271)   [Kremote: Compressing objects:  85% (6181/7271)   [Kremote: Compressing objects:  86% (6254/7271)   [Kremote: Compressing objects:  87% (6326/7271)   [Kremote: Compressing objects:  88% (6399/7271)   [Kremote: Compressing objects:  89% (6472/7271)   [Kremote: Compressing objects:  90% (6544/7271)   [Kremote: Compressing objects:  91% (6617/7271)   [Kremote: Compressing objects:  92% (6690/7271)   [Kremote: Compressing objects:  93% (6763/7271)   [Kremote: Compressing objects:  94% (6835/7271)   [Kremote: Compressing objects:  95% (6908/7271)   [Kremote: Compressing objects:  96% (6981/7271)   [Kremote: Compressing objects:  97% (7053/7271)   [Kremote: Compressing objects:  98% (7126/7271)   [Kremote: Compressing objects:  99% (7199/7271)   [Kremote: Compressing objects: 100% (7271/7271)   [Kremote: Compressing objects: 100% (7271/7271), done.[K
Receiving objects:   0% (1/17350)   Receiving objects:   1% (174/17350)   Receiving objects:   2% (347/17350)   Receiving objects:   3% (521/17350)   Receiving objects:   4% (694/17350)   Receiving objects:   5% (868/17350)   Receiving objects:   6% (1041/17350)   Receiving objects:   7% (1215/17350)   Receiving objects:   8% (1388/17350)   Receiving objects:   9% (1562/17350)   Receiving objects:  10% (1735/17350)   Receiving objects:  11% (1909/17350)   Receiving objects:  12% (2082/17350)   Receiving objects:  13% (2256/17350)   Receiving objects:  14% (2429/17350)   Receiving objects:  15% (2603/17350)   Receiving objects:  16% (2776/17350)   Receiving objects:  17% (2950/17350)   Receiving objects:  18% (3123/17350)   Receiving objects:  19% (3297/17350)   Receiving objects:  20% (3470/17350)   Receiving objects:  21% (3644/17350)   Receiving objects:  22% (3817/17350)   Receiving objects:  23% (3991/17350)   Receiving objects:  24% (4164/17350)   Receiving objects:  25% (4338/17350)   Receiving objects:  26% (4511/17350), 8.04 MiB | 15.97 MiB/s   Receiving objects:  27% (4685/17350), 8.04 MiB | 15.97 MiB/s   Receiving objects:  28% (4858/17350), 8.04 MiB | 15.97 MiB/s   Receiving objects:  29% (5032/17350), 8.04 MiB | 15.97 MiB/s   Receiving objects:  30% (5205/17350), 8.04 MiB | 15.97 MiB/s   Receiving objects:  31% (5379/17350), 8.04 MiB | 15.97 MiB/s   Receiving objects:  32% (5552/17350), 8.04 MiB | 15.97 MiB/s   Receiving objects:  33% (5726/17350), 8.04 MiB | 15.97 MiB/s   Receiving objects:  34% (5899/17350), 8.04 MiB | 15.97 MiB/s   Receiving objects:  35% (6073/17350), 8.04 MiB | 15.97 MiB/s   Receiving objects:  36% (6246/17350), 8.04 MiB | 15.97 MiB/s   Receiving objects:  37% (6420/17350), 8.04 MiB | 15.97 MiB/s   Receiving objects:  38% (6593/17350), 8.04 MiB | 15.97 MiB/s   Receiving objects:  39% (6767/17350), 8.04 MiB | 15.97 MiB/s   Receiving objects:  40% (6940/17350), 8.04 MiB | 15.97 MiB/s   Receiving objects:  41% (7114/17350), 8.04 MiB | 15.97 MiB/s   Receiving objects:  41% (7173/17350), 15.11 MiB | 15.04 MiB/s   Receiving objects:  41% (7187/17350), 30.00 MiB | 14.96 MiB/s   Receiving objects:  42% (7287/17350), 30.00 MiB | 14.96 MiB/s   Receiving objects:  43% (7461/17350), 30.00 MiB | 14.96 MiB/s   Receiving objects:  44% (7634/17350), 30.00 MiB | 14.96 MiB/s   Receiving objects:  45% (7808/17350), 30.00 MiB | 14.96 MiB/s   Receiving objects:  46% (7981/17350), 30.00 MiB | 14.96 MiB/s   Receiving objects:  47% (8155/17350), 30.00 MiB | 14.96 MiB/s   Receiving objects:  48% (8328/17350), 30.00 MiB | 14.96 MiB/s   Receiving objects:  49% (8502/17350), 30.00 MiB | 14.96 MiB/s   Receiving objects:  50% (8675/17350), 30.00 MiB | 14.96 MiB/s   Receiving objects:  51% (8849/17350), 30.00 MiB | 14.96 MiB/s   Receiving objects:  52% (9022/17350), 30.00 MiB | 14.96 MiB/s   Receiving objects:  53% (9196/17350), 30.00 MiB | 14.96 MiB/s   Receiving objects:  54% (9369/17350), 30.00 MiB | 14.96 MiB/s   Receiving objects:  55% (9543/17350), 30.00 MiB | 14.96 MiB/s   Receiving objects:  56% (9716/17350), 30.00 MiB | 14.96 MiB/s   Receiving objects:  57% (9890/17350), 30.00 MiB | 14.96 MiB/s   Receiving objects:  58% (10063/17350), 30.00 MiB | 14.96 MiB/s   Receiving objects:  59% (10237/17350), 30.00 MiB | 14.96 MiB/s   Receiving objects:  60% (10410/17350), 30.00 MiB | 14.96 MiB/s   Receiving objects:  61% (10584/17350), 30.00 MiB | 14.96 MiB/s   Receiving objects:  62% (10757/17350), 30.00 MiB | 14.96 MiB/s   Receiving objects:  63% (10931/17350), 30.00 MiB | 14.96 MiB/s   Receiving objects:  64% (11104/17350), 30.00 MiB | 14.96 MiB/s   Receiving objects:  65% (11278/17350), 30.00 MiB | 14.96 MiB/s   Receiving objects:  66% (11451/17350), 30.00 MiB | 14.96 MiB/s   Receiving objects:  67% (11625/17350), 30.00 MiB | 14.96 MiB/s   Receiving objects:  68% (11798/17350), 30.00 MiB | 14.96 MiB/s   Receiving objects:  69% (11972/17350), 30.00 MiB | 14.96 MiB/s   Receiving objects:  70% (12145/17350), 30.00 MiB | 14.96 MiB/s   Receiving objects:  71% (12319/17350), 30.00 MiB | 14.96 MiB/s   Receiving objects:  72% (12492/17350), 30.00 MiB | 14.96 MiB/s   Receiving objects:  73% (12666/17350), 30.00 MiB | 14.96 MiB/s   Receiving objects:  74% (12839/17350), 30.00 MiB | 14.96 MiB/s   Receiving objects:  75% (13013/17350), 30.00 MiB | 14.96 MiB/s   Receiving objects:  76% (13186/17350), 30.00 MiB | 14.96 MiB/s   Receiving objects:  77% (13360/17350), 30.00 MiB | 14.96 MiB/s   Receiving objects:  78% (13533/17350), 30.00 MiB | 14.96 MiB/s   Receiving objects:  79% (13707/17350), 30.00 MiB | 14.96 MiB/s   Receiving objects:  80% (13880/17350), 30.00 MiB | 14.96 MiB/s   Receiving objects:  81% (14054/17350), 30.00 MiB | 14.96 MiB/s   Receiving objects:  82% (14227/17350), 30.00 MiB | 14.96 MiB/s   Receiving objects:  83% (14401/17350), 30.00 MiB | 14.96 MiB/s   Receiving objects:  84% (14574/17350), 30.00 MiB | 14.96 MiB/s   Receiving objects:  85% (14748/17350), 30.00 MiB | 14.96 MiB/s   Receiving objects:  86% (14921/17350), 30.00 MiB | 14.96 MiB/s   Receiving objects:  87% (15095/17350), 30.00 MiB | 14.96 MiB/s   Receiving objects:  88% (15268/17350), 44.42 MiB | 17.72 MiB/s   Receiving objects:  89% (15442/17350), 44.42 MiB | 17.72 MiB/s   Receiving objects:  90% (15615/17350), 44.42 MiB | 17.72 MiB/s   Receiving objects:  91% (15789/17350), 44.42 MiB | 17.72 MiB/s   Receiving objects:  92% (15962/17350), 44.42 MiB | 17.72 MiB/s   Receiving objects:  93% (16136/17350), 44.42 MiB | 17.72 MiB/s   Receiving objects:  94% (16309/17350), 44.42 MiB | 17.72 MiB/s   Receiving objects:  95% (16483/17350), 44.42 MiB | 17.72 MiB/s   Receiving objects:  96% (16656/17350), 44.42 MiB | 17.72 MiB/s   remote: Total 17350 (delta 11625), reused 12964 (delta 8655), pack-reused 0[K
Receiving objects:  97% (16830/17350), 44.42 MiB | 17.72 MiB/s   Receiving objects:  98% (17003/17350), 44.42 MiB | 17.72 MiB/s   Receiving objects:  99% (17177/17350), 44.42 MiB | 17.72 MiB/s   Receiving objects: 100% (17350/17350), 44.42 MiB | 17.72 MiB/s   Receiving objects: 100% (17350/17350), 45.46 MiB | 17.72 MiB/s, done.
Resolving deltas:   0% (0/11625)   Resolving deltas:   1% (187/11625)   Resolving deltas:   2% (233/11625)   Resolving deltas:   3% (374/11625)   Resolving deltas:   4% (467/11625)   Resolving deltas:   5% (691/11625)   Resolving deltas:   6% (699/11625)   Resolving deltas:   7% (828/11625)   Resolving deltas:   8% (947/11625)   Resolving deltas:   9% (1064/11625)   Resolving deltas:  10% (1170/11625)   Resolving deltas:  11% (1307/11625)   Resolving deltas:  12% (1405/11625)   Resolving deltas:  13% (1518/11625)   Resolving deltas:  14% (1634/11625)   Resolving deltas:  15% (1756/11625)   Resolving deltas:  16% (1863/11625)   Resolving deltas:  17% (1980/11625)   Resolving deltas:  18% (2093/11625)   Resolving deltas:  19% (2212/11625)   Resolving deltas:  20% (2326/11625)   Resolving deltas:  21% (2442/11625)   Resolving deltas:  22% (2586/11625)   Resolving deltas:  23% (2678/11625)   Resolving deltas:  24% (2791/11625)   Resolving deltas:  25% (2908/11625)   Resolving deltas:  26% (3023/11625)   Resolving deltas:  27% (3139/11625)   Resolving deltas:  28% (3258/11625)   Resolving deltas:  29% (3373/11625)   Resolving deltas:  30% (3490/11625)   Resolving deltas:  31% (3604/11625)   Resolving deltas:  32% (3721/11625)   Resolving deltas:  33% (3867/11625)   Resolving deltas:  34% (3959/11625)   Resolving deltas:  35% (4069/11625)   Resolving deltas:  36% (4243/11625)   Resolving deltas:  38% (4472/11625)   Resolving deltas:  39% (4538/11625)   Resolving deltas:  40% (4653/11625)   Resolving deltas:  41% (4818/11625)   Resolving deltas:  42% (4884/11625)   Resolving deltas:  43% (4999/11625)   Resolving deltas:  44% (5117/11625)   Resolving deltas:  45% (5233/11625)   Resolving deltas:  46% (5359/11625)   Resolving deltas:  47% (5534/11625)   Resolving deltas:  48% (5580/11625)   Resolving deltas:  49% (5698/11625)   Resolving deltas:  50% (5818/11625)   Resolving deltas:  51% (5932/11625)   Resolving deltas:  52% (6053/11625)   Resolving deltas:  53% (6165/11625)   Resolving deltas:  54% (6286/11625)   Resolving deltas:  55% (6398/11625)   Resolving deltas:  56% (6536/11625)   Resolving deltas:  57% (6664/11625)   Resolving deltas:  58% (6755/11625)   Resolving deltas:  59% (6860/11625)   Resolving deltas:  60% (6976/11625)   Resolving deltas:  61% (7108/11625)   Resolving deltas:  62% (7214/11625)   Resolving deltas:  63% (7352/11625)   Resolving deltas:  64% (7457/11625)   Resolving deltas:  65% (7566/11625)   Resolving deltas:  66% (7678/11625)   Resolving deltas:  67% (7789/11625)   Resolving deltas:  68% (7906/11625)   Resolving deltas:  69% (8116/11625)   Resolving deltas:  70% (8157/11625)   Resolving deltas:  71% (8262/11625)   Resolving deltas:  72% (8422/11625)   Resolving deltas:  73% (8498/11625)   Resolving deltas:  74% (8654/11625)   Resolving deltas:  75% (8730/11625)   Resolving deltas:  76% (8837/11625)   Resolving deltas:  78% (9180/11625)   Resolving deltas:  79% (9194/11625)   Resolving deltas:  80% (9301/11625)   Resolving deltas:  82% (9537/11625)   Resolving deltas:  83% (9655/11625)   Resolving deltas:  84% (9769/11625)   Resolving deltas:  85% (9893/11625)   Resolving deltas:  86% (10001/11625)   Resolving deltas:  87% (10115/11625)   Resolving deltas:  88% (10243/11625)   Resolving deltas:  89% (10408/11625)   Resolving deltas:  90% (10478/11625)   Resolving deltas:  91% (10579/11625)   Resolving deltas:  92% (10702/11625)   Resolving deltas:  93% (10821/11625)   Resolving deltas:  94% (10946/11625)   Resolving deltas:  95% (11044/11625)   Resolving deltas:  96% (11161/11625)   Resolving deltas:  97% (11280/11625)   Resolving deltas:  98% (11397/11625)   Resolving deltas:  99% (11518/11625)   Resolving deltas: 100% (11625/11625)   Resolving deltas: 100% (11625/11625), done.
Checking connectivity... done.

travis_time:end:2486c33b:start=1478211121955000607,finish=1478211128972046873,duration=7017046266[0K$ cd openmicroscopy/bioformats
travis_time:start:20046c65[0K$ git fetch origin +refs/pull/2648/merge:
remote: Counting objects: 290, done.[K
remote: Compressing objects:   2% (1/48)   [Kremote: Compressing objects:   4% (2/48)   [Kremote: Compressing objects:   6% (3/48)   [Kremote: Compressing objects:   8% (4/48)   [Kremote: Compressing objects:  10% (5/48)   [Kremote: Compressing objects:  12% (6/48)   [Kremote: Compressing objects:  14% (7/48)   [Kremote: Compressing objects:  16% (8/48)   [Kremote: Compressing objects:  18% (9/48)   [Kremote: Compressing objects:  20% (10/48)   [Kremote: Compressing objects:  22% (11/48)   [Kremote: Compressing objects:  25% (12/48)   [Kremote: Compressing objects:  27% (13/48)   [Kremote: Compressing objects:  29% (14/48)   [Kremote: Compressing objects:  31% (15/48)   [Kremote: Compressing objects:  33% (16/48)   [Kremote: Compressing objects:  35% (17/48)   [Kremote: Compressing objects:  37% (18/48)   [Kremote: Compressing objects:  39% (19/48)   [Kremote: Compressing objects:  41% (20/48)   [Kremote: Compressing objects:  43% (21/48)   [Kremote: Compressing objects:  45% (22/48)   [Kremote: Compressing objects:  47% (23/48)   [Kremote: Compressing objects:  50% (24/48)   [Kremote: Compressing objects:  52% (25/48)   [Kremote: Compressing objects:  54% (26/48)   [Kremote: Compressing objects:  56% (27/48)   [Kremote: Compressing objects:  58% (28/48)   [Kremote: Compressing objects:  60% (29/48)   [Kremote: Compressing objects:  62% (30/48)   [Kremote: Compressing objects:  64% (31/48)   [Kremote: Compressing objects:  66% (32/48)   [Kremote: Compressing objects:  68% (33/48)   [Kremote: Compressing objects:  70% (34/48)   [Kremote: Compressing objects:  72% (35/48)   [Kremote: Compressing objects:  75% (36/48)   [Kremote: Compressing objects:  77% (37/48)   [Kremote: Compressing objects:  79% (38/48)   [Kremote: Compressing objects:  81% (39/48)   [Kremote: Compressing objects:  83% (40/48)   [Kremote: Compressing objects:  85% (41/48)   [Kremote: Compressing objects:  87% (42/48)   [Kremote: Compressing objects:  89% (43/48)   [Kremote: Compressing objects:  91% (44/48)   [Kremote: Compressing objects:  93% (45/48)   [Kremote: Compressing objects:  95% (46/48)   [Kremote: Compressing objects:  97% (47/48)   [Kremote: Compressing objects: 100% (48/48)   [Kremote: Compressing objects: 100% (48/48), done.[K
remote: Total 290 (delta 189), reused 279 (delta 180), pack-reused 0[K
Receiving objects:   0% (1/290)   Receiving objects:   1% (3/290)   Receiving objects:   2% (6/290)   Receiving objects:   3% (9/290)   Receiving objects:   4% (12/290)   Receiving objects:   5% (15/290)   Receiving objects:   6% (18/290)   Receiving objects:   7% (21/290)   Receiving objects:   8% (24/290)   Receiving objects:   9% (27/290)   Receiving objects:  10% (29/290)   Receiving objects:  11% (32/290)   Receiving objects:  12% (35/290)   Receiving objects:  13% (38/290)   Receiving objects:  14% (41/290)   Receiving objects:  15% (44/290)   Receiving objects:  16% (47/290)   Receiving objects:  17% (50/290)   Receiving objects:  18% (53/290)   Receiving objects:  19% (56/290)   Receiving objects:  20% (58/290)   Receiving objects:  21% (61/290)   Receiving objects:  22% (64/290)   Receiving objects:  23% (67/290)   Receiving objects:  24% (70/290)   Receiving objects:  25% (73/290)   Receiving objects:  26% (76/290)   Receiving objects:  27% (79/290)   Receiving objects:  28% (82/290)   Receiving objects:  29% (85/290)   Receiving objects:  30% (87/290)   Receiving objects:  31% (90/290)   Receiving objects:  32% (93/290)   Receiving objects:  33% (96/290)   Receiving objects:  34% (99/290)   Receiving objects:  35% (102/290)   Receiving objects:  36% (105/290)   Receiving objects:  37% (108/290)   Receiving objects:  38% (111/290)   Receiving objects:  39% (114/290)   Receiving objects:  40% (116/290)   Receiving objects:  41% (119/290)   Receiving objects:  42% (122/290)   Receiving objects:  43% (125/290)   Receiving objects:  44% (128/290)   Receiving objects:  45% (131/290)   Receiving objects:  46% (134/290)   Receiving objects:  47% (137/290)   Receiving objects:  48% (140/290)   Receiving objects:  49% (143/290)   Receiving objects:  50% (145/290)   Receiving objects:  51% (148/290)   Receiving objects:  52% (151/290)   Receiving objects:  53% (154/290)   Receiving objects:  54% (157/290)   Receiving objects:  55% (160/290)   Receiving objects:  56% (163/290)   Receiving objects:  57% (166/290)   Receiving objects:  58% (169/290)   Receiving objects:  59% (172/290)   Receiving objects:  60% (174/290)   Receiving objects:  61% (177/290)   Receiving objects:  62% (180/290)   Receiving objects:  63% (183/290)   Receiving objects:  64% (186/290)   Receiving objects:  65% (189/290)   Receiving objects:  66% (192/290)   Receiving objects:  67% (195/290)   Receiving objects:  68% (198/290)   Receiving objects:  69% (201/290)   Receiving objects:  70% (203/290)   Receiving objects:  71% (206/290)   Receiving objects:  72% (209/290)   Receiving objects:  73% (212/290)   Receiving objects:  74% (215/290)   Receiving objects:  75% (218/290)   Receiving objects:  76% (221/290)   Receiving objects:  77% (224/290)   Receiving objects:  78% (227/290)   Receiving objects:  79% (230/290)   Receiving objects:  80% (232/290)   Receiving objects:  81% (235/290)   Receiving objects:  82% (238/290)   Receiving objects:  83% (241/290)   Receiving objects:  84% (244/290)   Receiving objects:  85% (247/290)   Receiving objects:  86% (250/290)   Receiving objects:  87% (253/290)   Receiving objects:  88% (256/290)   Receiving objects:  89% (259/290)   Receiving objects:  90% (261/290)   Receiving objects:  91% (264/290)   Receiving objects:  92% (267/290)   Receiving objects:  93% (270/290)   Receiving objects:  94% (273/290)   Receiving objects:  95% (276/290)   Receiving objects:  96% (279/290)   Receiving objects:  97% (282/290)   Receiving objects:  98% (285/290)   Receiving objects:  99% (288/290)   Receiving objects: 100% (290/290)   Receiving objects: 100% (290/290), 29.68 KiB | 0 bytes/s, done.
Resolving deltas:   0% (0/189)   Resolving deltas:   1% (2/189)   Resolving deltas:  13% (26/189)   Resolving deltas:  14% (28/189)   Resolving deltas:  18% (35/189)   Resolving deltas:  19% (36/189)   Resolving deltas:  20% (38/189)   Resolving deltas:  21% (40/189)   Resolving deltas:  22% (42/189)   Resolving deltas:  23% (44/189)   Resolving deltas:  24% (47/189)   Resolving deltas:  26% (50/189)   Resolving deltas:  28% (53/189)   Resolving deltas:  37% (71/189)   Resolving deltas:  40% (76/189)   Resolving deltas:  43% (82/189)   Resolving deltas:  46% (88/189)   Resolving deltas:  64% (121/189)   Resolving deltas:  79% (151/189)   Resolving deltas:  93% (176/189)   Resolving deltas: 100% (189/189)   Resolving deltas: 100% (189/189), completed with 21 local objects.
From https://github.com/openmicroscopy/bioformats
 * branch            refs/pull/2648/merge -> FETCH_HEAD

travis_time:end:20046c65:start=1478211128975806024,finish=1478211129547899469,duration=572093445[0K$ git checkout -qf FETCH_HEAD
travis_fold:end:git.checkout[0Ktravis_fold:start:apt[0K[33;1mInstalling APT Packages (BETA)[0m
$ export DEBIAN_FRONTEND=noninteractive
travis_time:start:0f6acb6c[0K$ sudo -E apt-get -yq update &>> ~/apt-get-update.log

travis_time:end:0f6acb6c:start=1478211129848220262,finish=1478211135566803243,duration=5718582981[0Ktravis_time:start:0985d1d8[0K$ sudo -E apt-get -yq --no-install-suggests --no-install-recommends --force-yes install git
Reading package lists...
Building dependency tree...
Reading state information...
git is already the newest version.
0 upgraded, 0 newly installed, 0 to remove and 263 not upgraded.

travis_time:end:0985d1d8:start=1478211135570438156,finish=1478211138270959928,duration=2700521772[0Ktravis_fold:end:apt[0K
[33;1mThis job is running on container-based infrastructure, which does not allow use of 'sudo', setuid and setguid executables.[0m
[33;1mIf you require sudo, add 'sudo: required' to your .travis.yml[0m
[33;1mSee https://docs.travis-ci.com/user/workers/container-based-infrastructure/ for details.[0m

[33;1mSetting environment variables from .travis.yml[0m
$ export BUILD=maven

$ jdk_switcher use openjdk7
Switching to OpenJDK7 (java-1.7.0-openjdk-amd64), JAVA_HOME will be set to /usr/lib/jvm/java-7-openjdk-amd64
travis_fold:start:cache.1[0KSetting up build cache
$ export CASHER_DIR=$HOME/.casher
travis_time:start:07f7398b[0K$ Installing caching utilities

travis_time:end:07f7398b:start=1478211140967821072,finish=1478211140989817624,duration=21996552[0Ktravis_time:start:18149218[0K
travis_time:end:18149218:start=1478211140995320864,finish=1478211140999124680,duration=3803816[0Ktravis_time:start:0a843f2f[0K[32;1mattempting to download cache archive[0m
[32;1mfetching PR.2648/cache-linux-precise-88fbed0d40bfb9b01c38c186b1c215b169687c1a4021c8539c308386aa6268d6--jdk-openjdk7.tgz[0m
[32;1mfound cache[0m

travis_time:end:0a843f2f:start=1478211141003054320,finish=1478211156139252381,duration=15136198061[0Ktravis_time:start:2b95682e[0K
travis_time:end:2b95682e:start=1478211156143097947,finish=1478211156146363693,duration=3265746[0Ktravis_time:start:0265ed05[0K[32;1madding /home/travis/.m2 to cache[0m

travis_time:end:0265ed05:start=1478211156150123445,finish=1478211174838663509,duration=18688540064[0Ktravis_fold:end:cache.1[0K$ java -Xmx32m -version
java version "1.7.0_75"
OpenJDK Runtime Environment (IcedTea 2.5.4) (7u75-2.5.4-1~precise1)
OpenJDK 64-Bit Server VM (build 24.75-b04, mixed mode)
$ javac -J-Xmx32m -version
javac 1.7.0_75
travis_fold:start:before_install[0Ktravis_time:start:38c952ab[0K$ if [[ $BUILD == 'ant' ]]; then pip install --user flake8 Sphinx==1.2.3; fi

travis_time:end:38c952ab:start=1478211184841708220,finish=1478211184845071455,duration=3363235[0Ktravis_fold:end:before_install[0Ktravis_fold:start:install[0Ktravis_time:start:064106fd[0K$ if [[ $BUILD != 'ant' ]]; then git fetch --tags; fi
remote: Counting objects: 218592, done.[K
remote: Compressing objects:   0% (1/40350)   [Kremote: Compressing objects:   1% (404/40350)   [Kremote: Compressing objects:   2% (807/40350)   [Kremote: Compressing objects:   3% (1211/40350)   [Kremote: Compressing objects:   4% (1614/40350)   [Kremote: Compressing objects:   5% (2018/40350)   [Kremote: Compressing objects:   6% (2421/40350)   [Kremote: Compressing objects:   7% (2825/40350)   [Kremote: Compressing objects:   8% (3228/40350)   [Kremote: Compressing objects:   8% (3424/40350)   [Kremote: Compressing objects:   9% (3632/40350)   [Kremote: Compressing objects:  10% (4035/40350)   [Kremote: Compressing objects:  11% (4439/40350)   [Kremote: Compressing objects:  12% (4842/40350)   [Kremote: Compressing objects:  13% (5246/40350)   [Kremote: Compressing objects:  14% (5649/40350)   [Kremote: Compressing objects:  15% (6053/40350)   [Kremote: Compressing objects:  16% (6456/40350)   [Kremote: Compressing objects:  17% (6860/40350)   [Kremote: Compressing objects:  18% (7263/40350)   [Kremote: Compressing objects:  19% (7667/40350)   [Kremote: Compressing objects:  20% (8070/40350)   [Kremote: Compressing objects:  21% (8474/40350)   [Kremote: Compressing objects:  22% (8877/40350)   [Kremote: Compressing objects:  23% (9281/40350)   [Kremote: Compressing objects:  24% (9684/40350)   [Kremote: Compressing objects:  25% (10088/40350)   [Kremote: Compressing objects:  26% (10491/40350)   [Kremote: Compressing objects:  27% (10895/40350)   [Kremote: Compressing objects:  28% (11298/40350)   [Kremote: Compressing objects:  29% (11702/40350)   [Kremote: Compressing objects:  30% (12105/40350)   [Kremote: Compressing objects:  31% (12509/40350)   [Kremote: Compressing objects:  32% (12912/40350)   [Kremote: Compressing objects:  33% (13316/40350)   [Kremote: Compressing objects:  34% (13719/40350)   [Kremote: Compressing objects:  35% (14123/40350)   [Kremote: Compressing objects:  36% (14526/40350)   [Kremote: Compressing objects:  37% (14930/40350)   [Kremote: Compressing objects:  38% (15333/40350)   [Kremote: Compressing objects:  39% (15737/40350)   [Kremote: Compressing objects:  40% (16140/40350)   [Kremote: Compressing objects:  41% (16544/40350)   [Kremote: Compressing objects:  42% (16947/40350)   [Kremote: Compressing objects:  43% (17351/40350)   [Kremote: Compressing objects:  44% (17754/40350)   [Kremote: Compressing objects:  45% (18158/40350)   [Kremote: Compressing objects:  46% (18561/40350)   [Kremote: Compressing objects:  47% (18965/40350)   [Kremote: Compressing objects:  48% (19368/40350)   [Kremote: Compressing objects:  49% (19772/40350)   [Kremote: Compressing objects:  50% (20175/40350)   [Kremote: Compressing objects:  51% (20579/40350)   [Kremote: Compressing objects:  52% (20982/40350)   [Kremote: Compressing objects:  53% (21386/40350)   [Kremote: Compressing objects:  54% (21789/40350)   [Kremote: Compressing objects:  55% (22193/40350)   [Kremote: Compressing objects:  56% (22596/40350)   [Kremote: Compressing objects:  57% (23000/40350)   [Kremote: Compressing objects:  58% (23403/40350)   [Kremote: Compressing objects:  59% (23807/40350)   [Kremote: Compressing objects:  60% (24210/40350)   [Kremote: Compressing objects:  61% (24614/40350)   [Kremote: Compressing objects:  62% (25017/40350)   [Kremote: Compressing objects:  63% (25421/40350)   [Kremote: Compressing objects:  64% (25824/40350)   [Kremote: Compressing objects:  65% (26228/40350)   [Kremote: Compressing objects:  66% (26631/40350)   [Kremote: Compressing objects:  67% (27035/40350)   [Kremote: Compressing objects:  68% (27438/40350)   [Kremote: Compressing objects:  69% (27842/40350)   [Kremote: Compressing objects:  70% (28245/40350)   [Kremote: Compressing objects:  71% (28649/40350)   [Kremote: Compressing objects:  72% (29052/40350)   [Kremote: Compressing objects:  73% (29456/40350)   [Kremote: Compressing objects:  74% (29859/40350)   [Kremote: Compressing objects:  75% (30263/40350)   [Kremote: Compressing objects:  76% (30666/40350)   [Kremote: Compressing objects:  77% (31070/40350)   [Kremote: Compressing objects:  78% (31473/40350)   [Kremote: Compressing objects:  79% (31877/40350)   [Kremote: Compressing objects:  80% (32280/40350)   [Kremote: Compressing objects:  81% (32684/40350)   [Kremote: Compressing objects:  82% (33087/40350)   [Kremote: Compressing objects:  83% (33491/40350)   [Kremote: Compressing objects:  84% (33894/40350)   [Kremote: Compressing objects:  85% (34298/40350)   [Kremote: Compressing objects:  86% (34701/40350)   [Kremote: Compressing objects:  87% (35105/40350)   [Kremote: Compressing objects:  88% (35508/40350)   [Kremote: Compressing objects:  89% (35912/40350)   [Kremote: Compressing objects:  90% (36315/40350)   [Kremote: Compressing objects:  91% (36719/40350)   [Kremote: Compressing objects:  92% (37122/40350)   [Kremote: Compressing objects:  93% (37526/40350)   [Kremote: Compressing objects:  94% (37929/40350)   [Kremote: Compressing objects:  95% (38333/40350)   [Kremote: Compressing objects:  96% (38736/40350)   [Kremote: Compressing objects:  97% (39140/40350)   [Kremote: Compressing objects:  98% (39543/40350)   [Kremote: Compressing objects:  99% (39947/40350)   [Kremote: Compressing objects: 100% (40350/40350)   [Kremote: Compressing objects: 100% (40350/40350), done.[K
Receiving objects:   0% (1/218592)   Receiving objects:   1% (2186/218592)   Receiving objects:   2% (4372/218592)   Receiving objects:   3% (6558/218592)   Receiving objects:   4% (8744/218592)   Receiving objects:   5% (10930/218592)   Receiving objects:   6% (13116/218592)   Receiving objects:   7% (15302/218592), 3.12 MiB | 6.21 MiB/s   Receiving objects:   8% (17488/218592), 3.12 MiB | 6.21 MiB/s   Receiving objects:   9% (19674/218592), 3.12 MiB | 6.21 MiB/s   Receiving objects:  10% (21860/218592), 3.12 MiB | 6.21 MiB/s   Receiving objects:  11% (24046/218592), 3.12 MiB | 6.21 MiB/s   Receiving objects:  12% (26232/218592), 3.12 MiB | 6.21 MiB/s   Receiving objects:  13% (28417/218592), 3.12 MiB | 6.21 MiB/s   Receiving objects:  14% (30603/218592), 3.12 MiB | 6.21 MiB/s   Receiving objects:  15% (32789/218592), 3.12 MiB | 6.21 MiB/s   Receiving objects:  16% (34975/218592), 3.12 MiB | 6.21 MiB/s   Receiving objects:  17% (37161/218592), 3.12 MiB | 6.21 MiB/s   Receiving objects:  18% (39347/218592), 3.12 MiB | 6.21 MiB/s   Receiving objects:  19% (41533/218592), 3.12 MiB | 6.21 MiB/s   Receiving objects:  20% (43719/218592), 3.12 MiB | 6.21 MiB/s   Receiving objects:  21% (45905/218592), 3.12 MiB | 6.21 MiB/s   Receiving objects:  22% (48091/218592), 3.12 MiB | 6.21 MiB/s   Receiving objects:  22% (49963/218592), 3.12 MiB | 6.21 MiB/s   Receiving objects:  23% (50277/218592), 8.19 MiB | 8.17 MiB/s   Receiving objects:  24% (52463/218592), 8.19 MiB | 8.17 MiB/s   Receiving objects:  25% (54648/218592), 8.19 MiB | 8.17 MiB/s   Receiving objects:  26% (56834/218592), 8.19 MiB | 8.17 MiB/s   Receiving objects:  27% (59020/218592), 8.19 MiB | 8.17 MiB/s   Receiving objects:  28% (61206/218592), 8.19 MiB | 8.17 MiB/s   Receiving objects:  29% (63392/218592), 8.19 MiB | 8.17 MiB/s   Receiving objects:  30% (65578/218592), 8.19 MiB | 8.17 MiB/s   Receiving objects:  31% (67764/218592), 8.19 MiB | 8.17 MiB/s   Receiving objects:  32% (69950/218592), 8.19 MiB | 8.17 MiB/s   Receiving objects:  33% (72136/218592), 8.19 MiB | 8.17 MiB/s   Receiving objects:  34% (74322/218592), 8.19 MiB | 8.17 MiB/s   Receiving objects:  35% (76508/218592), 18.09 MiB | 12.03 MiB/s   Receiving objects:  36% (78694/218592), 18.09 MiB | 12.03 MiB/s   Receiving objects:  37% (80880/218592), 18.09 MiB | 12.03 MiB/s   Receiving objects:  38% (83065/218592), 18.09 MiB | 12.03 MiB/s   Receiving objects:  39% (85251/218592), 18.09 MiB | 12.03 MiB/s   Receiving objects:  40% (87437/218592), 18.09 MiB | 12.03 MiB/s   Receiving objects:  41% (89623/218592), 18.09 MiB | 12.03 MiB/s   Receiving objects:  42% (91809/218592), 18.09 MiB | 12.03 MiB/s   Receiving objects:  43% (93995/218592), 18.09 MiB | 12.03 MiB/s   Receiving objects:  44% (96181/218592), 18.09 MiB | 12.03 MiB/s   Receiving objects:  45% (98367/218592), 18.09 MiB | 12.03 MiB/s   Receiving objects:  46% (100553/218592), 18.09 MiB | 12.03 MiB/s   Receiving objects:  46% (101600/218592), 18.09 MiB | 12.03 MiB/s   Receiving objects:  47% (102739/218592), 30.21 MiB | 15.07 MiB/s   Receiving objects:  48% (104925/218592), 30.21 MiB | 15.07 MiB/s   Receiving objects:  49% (107111/218592), 30.21 MiB | 15.07 MiB/s   Receiving objects:  50% (109296/218592), 30.21 MiB | 15.07 MiB/s   Receiving objects:  51% (111482/218592), 30.21 MiB | 15.07 MiB/s   Receiving objects:  52% (113668/218592), 30.21 MiB | 15.07 MiB/s   Receiving objects:  53% (115854/218592), 30.21 MiB | 15.07 MiB/s   Receiving objects:  54% (118040/218592), 30.21 MiB | 15.07 MiB/s   Receiving objects:  55% (120226/218592), 30.21 MiB | 15.07 MiB/s   Receiving objects:  56% (122412/218592), 30.21 MiB | 15.07 MiB/s   Receiving objects:  56% (124082/218592), 49.92 MiB | 16.61 MiB/s   Receiving objects:  57% (124598/218592), 49.92 MiB | 16.61 MiB/s   Receiving objects:  58% (126784/218592), 49.92 MiB | 16.61 MiB/s   Receiving objects:  59% (128970/218592), 49.92 MiB | 16.61 MiB/s   Receiving objects:  60% (131156/218592), 61.98 MiB | 17.67 MiB/s   Receiving objects:  61% (133342/218592), 61.98 MiB | 17.67 MiB/s   Receiving objects:  62% (135528/218592), 61.98 MiB | 17.67 MiB/s   Receiving objects:  63% (137713/218592), 61.98 MiB | 17.67 MiB/s   Receiving objects:  64% (139899/218592), 61.98 MiB | 17.67 MiB/s   Receiving objects:  64% (140406/218592), 75.80 MiB | 18.91 MiB/s   Receiving objects:  65% (142085/218592), 75.80 MiB | 18.91 MiB/s   Receiving objects:  66% (144271/218592), 75.80 MiB | 18.91 MiB/s   Receiving objects:  67% (146457/218592), 75.80 MiB | 18.91 MiB/s   Receiving objects:  68% (148643/218592), 75.80 MiB | 18.91 MiB/s   Receiving objects:  69% (150829/218592), 75.80 MiB | 18.91 MiB/s   Receiving objects:  70% (153015/218592), 75.80 MiB | 18.91 MiB/s   Receiving objects:  71% (155201/218592), 75.80 MiB | 18.91 MiB/s   Receiving objects:  72% (157387/218592), 75.80 MiB | 18.91 MiB/s   Receiving objects:  73% (159573/218592), 75.80 MiB | 18.91 MiB/s   Receiving objects:  74% (161759/218592), 87.75 MiB | 19.46 MiB/s   Receiving objects:  75% (163944/218592), 87.75 MiB | 19.46 MiB/s   Receiving objects:  76% (166130/218592), 87.75 MiB | 19.46 MiB/s   Receiving objects:  77% (168316/218592), 87.75 MiB | 19.46 MiB/s   Receiving objects:  78% (170502/218592), 87.75 MiB | 19.46 MiB/s   Receiving objects:  78% (171204/218592), 87.75 MiB | 19.46 MiB/s   Receiving objects:  79% (172688/218592), 98.18 MiB | 21.08 MiB/s   Receiving objects:  80% (174874/218592), 98.18 MiB | 21.08 MiB/s   Receiving objects:  81% (177060/218592), 98.18 MiB | 21.08 MiB/s   Receiving objects:  82% (179246/218592), 98.18 MiB | 21.08 MiB/s   Receiving objects:  83% (181432/218592), 110.90 MiB | 22.78 MiB/s   Receiving objects:  83% (183394/218592), 122.51 MiB | 23.16 MiB/s   Receiving objects:  83% (183397/218592), 150.25 MiB | 24.46 MiB/s   Receiving objects:  84% (183618/218592), 150.25 MiB | 24.46 MiB/s   Receiving objects:  85% (185804/218592), 150.25 MiB | 24.46 MiB/s   Receiving objects:  86% (187990/218592), 163.97 MiB | 25.29 MiB/s   Receiving objects:  87% (190176/218592), 163.97 MiB | 25.29 MiB/s   Receiving objects:  88% (192361/218592), 163.97 MiB | 25.29 MiB/s   Receiving objects:  88% (194399/218592), 173.24 MiB | 24.67 MiB/s   Receiving objects:  89% (194547/218592), 173.24 MiB | 24.67 MiB/s   Receiving objects:  90% (196733/218592), 173.24 MiB | 24.67 MiB/s   Receiving objects:  91% (198919/218592), 182.60 MiB | 23.69 MiB/s   Receiving objects:  92% (201105/218592), 182.60 MiB | 23.69 MiB/s   Receiving objects:  92% (201450/218592), 191.99 MiB | 23.12 MiB/s   Receiving objects:  93% (203291/218592), 191.99 MiB | 23.12 MiB/s   Receiving objects:  94% (205477/218592), 191.99 MiB | 23.12 MiB/s   Receiving objects:  95% (207663/218592), 203.04 MiB | 23.26 MiB/s   Receiving objects:  96% (209849/218592), 203.04 MiB | 23.26 MiB/s   Receiving objects:  97% (212035/218592), 203.04 MiB | 23.26 MiB/s   Receiving objects:  98% (214221/218592), 203.04 MiB | 23.26 MiB/s   Receiving objects:  99% (216407/218592), 203.04 MiB | 23.26 MiB/s   remote: Total 218592 (delta 156815), reused 216540 (delta 154792), pack-reused 0[K
Receiving objects: 100% (218592/218592), 203.04 MiB | 23.26 MiB/s   Receiving objects: 100% (218592/218592), 213.26 MiB | 22.99 MiB/s, done.
Resolving deltas:   0% (0/156815)   Resolving deltas:   1% (1573/156815)   Resolving deltas:   2% (3220/156815)   Resolving deltas:   3% (4750/156815)   Resolving deltas:   4% (6280/156815)   Resolving deltas:   5% (7849/156815)   Resolving deltas:   6% (9450/156815)   Resolving deltas:   7% (10979/156815)   Resolving deltas:   8% (12548/156815)   Resolving deltas:   9% (14506/156815)   Resolving deltas:  10% (15682/156815)   Resolving deltas:  11% (17290/156815)   Resolving deltas:  12% (19508/156815)   Resolving deltas:  13% (20396/156815)   Resolving deltas:  14% (22067/156815)   Resolving deltas:  15% (23550/156815)   Resolving deltas:  16% (25091/156815)   Resolving deltas:  17% (26707/156815)   Resolving deltas:  18% (28527/156815)   Resolving deltas:  19% (30491/156815)   Resolving deltas:  20% (31385/156815)   Resolving deltas:  21% (32949/156815)   Resolving deltas:  22% (35083/156815)   Resolving deltas:  23% (36078/156815)   Resolving deltas:  24% (37639/156815)   Resolving deltas:  25% (39687/156815)   Resolving deltas:  26% (40772/156815)   Resolving deltas:  27% (42345/156815)   Resolving deltas:  28% (43925/156815)   Resolving deltas:  29% (45489/156815)   Resolving deltas:  30% (47374/156815)   Resolving deltas:  31% (48613/156815)   Resolving deltas:  32% (50628/156815)   Resolving deltas:  33% (51814/156815)   Resolving deltas:  34% (53350/156815)   Resolving deltas:  35% (55035/156815)   Resolving deltas:  36% (56474/156815)   Resolving deltas:  37% (58574/156815)   Resolving deltas:  38% (59648/156815)   Resolving deltas:  38% (60675/156815)   Resolving deltas:  39% (61161/156815)   Resolving deltas:  40% (62895/156815)   Resolving deltas:  41% (64442/156815)   Resolving deltas:  42% (65925/156815)   Resolving deltas:  43% (67446/156815)   Resolving deltas:  44% (69041/156815)   Resolving deltas:  45% (70605/156815)   Resolving deltas:  46% (72144/156815)   Resolving deltas:  47% (73722/156815)   Resolving deltas:  48% (75342/156815)   Resolving deltas:  49% (77250/156815)   Resolving deltas:  50% (78499/156815)   Resolving deltas:  51% (79978/156815)   Resolving deltas:  52% (81562/156815)   Resolving deltas:  53% (83125/156815)   Resolving deltas:  54% (84716/156815)   Resolving deltas:  55% (86250/156815)   Resolving deltas:  56% (87821/156815)   Resolving deltas:  57% (89388/156815)   Resolving deltas:  58% (90962/156815)   Resolving deltas:  59% (92583/156815)   Resolving deltas:  60% (94302/156815)   Resolving deltas:  60% (94610/156815)   Resolving deltas:  61% (95779/156815)   Resolving deltas:  62% (97319/156815)   Resolving deltas:  63% (98800/156815)   Resolving deltas:  64% (100391/156815)   Resolving deltas:  65% (102182/156815)   Resolving deltas:  66% (103506/156815)   Resolving deltas:  67% (105112/156815)   Resolving deltas:  68% (106639/156815)   Resolving deltas:  69% (108222/156815)   Resolving deltas:  70% (109775/156815)   Resolving deltas:  71% (111347/156815)   Resolving deltas:  72% (112908/156815)   Resolving deltas:  73% (114507/156815)   Resolving deltas:  73% (115610/156815)   Resolving deltas:  74% (116134/156815)   Resolving deltas:  75% (117623/156815)   Resolving deltas:  76% (119193/156815)   Resolving deltas:  77% (120923/156815)   Resolving deltas:  78% (122324/156815)   Resolving deltas:  79% (123919/156815)   Resolving deltas:  80% (125454/156815)   Resolving deltas:  81% (127227/156815)   Resolving deltas:  82% (128650/156815)   Resolving deltas:  83% (130182/156815)   Resolving deltas:  84% (131736/156815)   Resolving deltas:  84% (131934/156815)   Resolving deltas:  85% (133315/156815)   Resolving deltas:  86% (135056/156815)   Resolving deltas:  87% (136542/156815)   Resolving deltas:  88% (137998/156815)   Resolving deltas:  89% (139602/156815)   Resolving deltas:  90% (141385/156815)   Resolving deltas:  91% (142743/156815)   Resolving deltas:  92% (144273/156815)   Resolving deltas:  92% (144759/156815)   Resolving deltas:  93% (145846/156815)   Resolving deltas:  94% (147410/156815)   Resolving deltas:  95% (149006/156815)   Resolving deltas:  96% (150615/156815)   Resolving deltas:  97% (152120/156815)   Resolving deltas:  98% (153682/156815)   Resolving deltas:  99% (155252/156815)   Resolving deltas: 100% (156815/156815)   Resolving deltas: 100% (156815/156815), completed with 1708 local objects.
From https://github.com/openmicroscopy/bioformats
 * [new tag]         v20070207  -> v20070207
 * [new tag]         v20070226  -> v20070226
 * [new tag]         v20070228  -> v20070228
 * [new tag]         v20070307  -> v20070307
 * [new tag]         v20070316  -> v20070316
 * [new tag]         v20070502  -> v20070502
 * [new tag]         v20070503  -> v20070503
 * [new tag]         v20070524  -> v20070524
 * [new tag]         v20070606  -> v20070606
 * [new tag]         v20070619  -> v20070619
 * [new tag]         v20070702  -> v20070702
 * [new tag]         v20070716  -> v20070716
 * [new tag]         v20070801  -> v20070801
 * [new tag]         v20070911  -> v20070911
 * [new tag]         v20071001  -> v20071001
 * [new tag]         v20071017  -> v20071017
 * [new tag]         v20071121  -> v20071121
 * [new tag]         v20071201  -> v20071201
 * [new tag]         v20071228  -> v20071228
 * [new tag]         v20080201  -> v20080201
 * [new tag]         v20080208  -> v20080208
 * [new tag]         v20080212  -> v20080212
 * [new tag]         v20080417  -> v20080417
 * [new tag]         v20080701  -> v20080701
 * [new tag]         v20080830  -> v20080830
 * [new tag]         v20081229  -> v20081229
 * [new tag]         v4.0.0     -> v4.0.0
 * [new tag]         v4.0.1     -> v4.0.1
 * [new tag]         v4.1.0     -> v4.1.0
 * [new tag]         v4.1.1     -> v4.1.1
 * [new tag]         v4.2.0     -> v4.2.0
 * [new tag]         v4.2.1     -> v4.2.1
 * [new tag]         v4.2.2     -> v4.2.2
 * [new tag]         v4.3.0     -> v4.3.0
 * [new tag]         v4.3.1     -> v4.3.1
 * [new tag]         v4.3.2     -> v4.3.2
 * [new tag]         v4.3.3     -> v4.3.3
 * [new tag]         v4.4.0     -> v4.4.0
 * [new tag]         v4.4.1     -> v4.4.1
 * [new tag]         v4.4.10    -> v4.4.10
 * [new tag]         v4.4.11    -> v4.4.11
 * [new tag]         v4.4.12    -> v4.4.12
 * [new tag]         v4.4.2     -> v4.4.2
 * [new tag]         v4.4.4     -> v4.4.4
 * [new tag]         v4.4.5     -> v4.4.5
 * [new tag]         v4.4.6     -> v4.4.6
 * [new tag]         v4.4.7     -> v4.4.7
 * [new tag]         v4.4.8     -> v4.4.8
 * [new tag]         v4.4.9     -> v4.4.9
 * [new tag]         v5.0.0     -> v5.0.0
 * [new tag]         v5.0.0-alpha5 -> v5.0.0-alpha5
 * [new tag]         v5.0.0-beta1 -> v5.0.0-beta1
 * [new tag]         v5.0.0-rc1 -> v5.0.0-rc1
 * [new tag]         v5.0.0-rc2 -> v5.0.0-rc2
 * [new tag]         v5.0.1     -> v5.0.1
 * [new tag]         v5.0.2     -> v5.0.2
 * [new tag]         v5.0.3     -> v5.0.3
 * [new tag]         v5.0.4     -> v5.0.4
 * [new tag]         v5.0.5     -> v5.0.5
 * [new tag]         v5.0.6     -> v5.0.6
 * [new tag]         v5.0.7     -> v5.0.7
 * [new tag]         v5.0.8     -> v5.0.8
 * [new tag]         v5.1.0     -> v5.1.0
 * [new tag]         v5.1.0-m0  -> v5.1.0-m0
 * [new tag]         v5.1.0-m0.1 -> v5.1.0-m0.1
 * [new tag]         v5.1.0-m0.2 -> v5.1.0-m0.2
 * [new tag]         v5.1.0-m1  -> v5.1.0-m1
 * [new tag]         v5.1.0-m2  -> v5.1.0-m2
 * [new tag]         v5.1.0-m3  -> v5.1.0-m3
 * [new tag]         v5.1.0-m4  -> v5.1.0-m4
 * [new tag]         v5.1.0-m5  -> v5.1.0-m5
 * [new tag]         v5.1.1     -> v5.1.1
 * [new tag]         v5.1.10    -> v5.1.10
 * [new tag]         v5.1.2     -> v5.1.2
 * [new tag]         v5.1.3     -> v5.1.3
 * [new tag]         v5.1.4     -> v5.1.4
 * [new tag]         v5.1.5     -> v5.1.5
 * [new tag]         v5.1.6     -> v5.1.6
 * [new tag]         v5.1.7     -> v5.1.7
 * [new tag]         v5.1.8     -> v5.1.8
 * [new tag]         v5.1.9     -> v5.1.9
 * [new tag]         v5.2.0-m0  -> v5.2.0-m0
 * [new tag]         v5.2.0-m1  -> v5.2.0-m1

travis_time:end:064106fd:start=1478211184849724232,finish=1478211209223544689,duration=24373820457[0Ktravis_fold:end:install[0Ktravis_time:start:23f881ad[0K$ ./tools/test-build $BUILD
+maven
+mvn
[INFO] Scanning for projects...
[INFO] ------------------------------------------------------------------------
[INFO] Reactor Build Order:
[INFO] 
[INFO] Bio-Formats projects
[INFO] JAI Image I/O Tools
[INFO] libjpeg-turbo Java bindings
[INFO] Bio-Formats API
[INFO] Luratech LuraWave stubs
[INFO] MIPAV stubs
[INFO] BSD Bio-Formats readers and writers
[INFO] Metakit
[INFO] Bio-Formats library
[INFO] Bio-Formats code generator
[INFO] Bio-Formats Plugins for ImageJ
[INFO] Bio-Formats command line tools
[INFO] bioformats_package bundle
[INFO] LOCI Tools bundle
[INFO] Bio-Formats testing framework
[INFO] Bio-Formats Sphinx documentation
[INFO]                                                                         
[INFO] ------------------------------------------------------------------------
[INFO] Building Bio-Formats projects 5.3.0-SNAPSHOT
[INFO] ------------------------------------------------------------------------
[INFO] 
[INFO] --- buildnumber-maven-plugin:1.2:create (default) @ pom-bio-formats ---
[INFO] Checking for local modifications: skipped.
[INFO] Updating project files from SCM: skipped.
[INFO] Executing: /bin/sh -c cd /home/travis/build/openmicroscopy/bioformats && git rev-parse --verify HEAD
[INFO] Working directory: /home/travis/build/openmicroscopy/bioformats
[INFO] Storing buildNumber: 1994dac73e83d2a510df99f56431d888ec2126ff at timestamp: 1478211212967
[INFO] Executing: /bin/sh -c cd /home/travis/build/openmicroscopy/bioformats && git rev-parse --verify HEAD
[INFO] Working directory: /home/travis/build/openmicroscopy/bioformats
[INFO] Storing buildScmBranch: UNKNOWN
[INFO] 
[INFO] --- gmaven-plugin:1.4:execute (default) @ pom-bio-formats ---
     [exec] Result: 128
128
fatal: no tag exactly matches '1994dac73e83d2a510df99f56431d888ec2126ff'
v5.3.0-m1-53-g1994dac
shortrevision = 1994dac
revision = 1994dac73e83d2a510df99f56431d888ec2126ff
release = 5.3.0-SNAPSHOT
[INFO] 
[INFO] >>> maven-source-plugin:2.2.1:jar (default) > generate-sources @ pom-bio-formats >>>
[INFO] 
[INFO] --- buildnumber-maven-plugin:1.2:create (default) @ pom-bio-formats ---
[INFO] 
[INFO] --- gmaven-plugin:1.4:execute (default) @ pom-bio-formats ---
     [exec] Result: 128
128
fatal: no tag exactly matches '1994dac73e83d2a510df99f56431d888ec2126ff'
v5.3.0-m1-53-g1994dac
shortrevision = 1994dac
revision = 1994dac73e83d2a510df99f56431d888ec2126ff
release = 5.3.0-SNAPSHOT
[INFO] 
[INFO] <<< maven-source-plugin:2.2.1:jar (default) < generate-sources @ pom-bio-formats <<<
[INFO] 
[INFO] --- maven-source-plugin:2.2.1:jar (default) @ pom-bio-formats ---
[INFO] 
[INFO] --- maven-install-plugin:2.5.1:install (default-install) @ pom-bio-formats ---
[INFO] Installing /home/travis/build/openmicroscopy/bioformats/pom.xml to /home/travis/.m2/repository/ome/pom-bio-formats/5.3.0-SNAPSHOT/pom-bio-formats-5.3.0-SNAPSHOT.pom
[INFO]                                                                         
[INFO] ------------------------------------------------------------------------
[INFO] Building JAI Image I/O Tools 5.3.0-SNAPSHOT
[INFO] ------------------------------------------------------------------------
[INFO] 
[INFO] --- buildnumber-maven-plugin:1.2:create (default) @ jai_imageio ---
[INFO] 
[INFO] --- gmaven-plugin:1.4:execute (default) @ jai_imageio ---
     [exec] Result: 128
128
fatal: no tag exactly matches '1994dac73e83d2a510df99f56431d888ec2126ff'
v5.3.0-m1-53-g1994dac
shortrevision = 1994dac
revision = 1994dac73e83d2a510df99f56431d888ec2126ff
release = 5.3.0-SNAPSHOT
[INFO] 
[INFO] --- maven-resources-plugin:2.6:resources (default-resources) @ jai_imageio ---
[INFO] Using 'UTF-8' encoding to copy filtered resources.
[INFO] Copying 14 resources
[INFO] skip non existing resourceDirectory /home/travis/build/openmicroscopy/bioformats/components/forks/jai/lib
[INFO] Copying 0 resource
[INFO] Copying 0 resource
[INFO] 
[INFO] --- maven-compiler-plugin:3.1:compile (default-compile) @ jai_imageio ---
[INFO] Changes detected - recompiling the module!
[INFO] Compiling 320 source files to /home/travis/build/openmicroscopy/bioformats/components/forks/jai/target/classes
[WARNING] /home/travis/build/openmicroscopy/bioformats/components/forks/jai/src/com/sun/media/imageioimpl/plugins/pnm/PNMImageReader.java:[132,39] sun.security.action.GetPropertyAction is internal proprietary API and may be removed in a future release
[WARNING] /home/travis/build/openmicroscopy/bioformats/components/forks/jai/src/com/sun/media/imageioimpl/plugins/pnm/PNMImageWriter.java:[144,39] sun.security.action.GetPropertyAction is internal proprietary API and may be removed in a future release
[WARNING] /home/travis/build/openmicroscopy/bioformats/components/forks/jai/src/com/sun/media/imageioimpl/plugins/gif/GIFImageWriterSpi.java: Some input files use or override a deprecated API.
[WARNING] /home/travis/build/openmicroscopy/bioformats/components/forks/jai/src/com/sun/media/imageioimpl/plugins/gif/GIFImageWriterSpi.java: Recompile with -Xlint:deprecation for details.
[WARNING] /home/travis/build/openmicroscopy/bioformats/components/forks/jai/src/com/sun/media/imageioimpl/plugins/wbmp/WBMPImageReader.java: Some input files use unchecked or unsafe operations.
[WARNING] /home/travis/build/openmicroscopy/bioformats/components/forks/jai/src/com/sun/media/imageioimpl/plugins/wbmp/WBMPImageReader.java: Recompile with -Xlint:unchecked for details.
[INFO] 
[INFO] --- maven-resources-plugin:2.6:testResources (default-testResources) @ jai_imageio ---
[INFO] Using 'UTF-8' encoding to copy filtered resources.
[INFO] skip non existing resourceDirectory /home/travis/build/openmicroscopy/bioformats/components/forks/jai/test
[INFO] 
[INFO] --- maven-compiler-plugin:3.1:testCompile (default-testCompile) @ jai_imageio ---
[INFO] No sources to compile
[INFO] 
[INFO] --- maven-surefire-plugin:2.16:test (default-test) @ jai_imageio ---
[INFO] No tests to run.
[INFO] 
[INFO] --- maven-jar-plugin:2.4:jar (default-jar) @ jai_imageio ---
[INFO] Building jar: /home/travis/build/openmicroscopy/bioformats/components/forks/jai/target/jai_imageio-5.3.0-SNAPSHOT.jar
[INFO] 
[INFO] >>> maven-source-plugin:2.2.1:jar (default) > generate-sources @ jai_imageio >>>
[INFO] 
[INFO] --- buildnumber-maven-plugin:1.2:create (default) @ jai_imageio ---
[INFO] 
[INFO] --- gmaven-plugin:1.4:execute (default) @ jai_imageio ---
     [exec] Result: 128
128
fatal: no tag exactly matches '1994dac73e83d2a510df99f56431d888ec2126ff'
v5.3.0-m1-53-g1994dac
shortrevision = 1994dac
revision = 1994dac73e83d2a510df99f56431d888ec2126ff
release = 5.3.0-SNAPSHOT
[INFO] 
[INFO] <<< maven-source-plugin:2.2.1:jar (default) < generate-sources @ jai_imageio <<<
[INFO] 
[INFO] --- maven-source-plugin:2.2.1:jar (default) @ jai_imageio ---
[INFO] Building jar: /home/travis/build/openmicroscopy/bioformats/components/forks/jai/target/jai_imageio-5.3.0-SNAPSHOT-sources.jar
[INFO] 
[INFO] --- maven-jar-plugin:2.4:test-jar (default) @ jai_imageio ---
[INFO] Skipping packaging of the test-jar
[INFO] 
[INFO] --- maven-install-plugin:2.5.1:install (default-install) @ jai_imageio ---
[INFO] Installing /home/travis/build/openmicroscopy/bioformats/components/forks/jai/target/jai_imageio-5.3.0-SNAPSHOT.jar to /home/travis/.m2/repository/ome/jai_imageio/5.3.0-SNAPSHOT/jai_imageio-5.3.0-SNAPSHOT.jar
[INFO] Installing /home/travis/build/openmicroscopy/bioformats/components/forks/jai/pom.xml to /home/travis/.m2/repository/ome/jai_imageio/5.3.0-SNAPSHOT/jai_imageio-5.3.0-SNAPSHOT.pom
[INFO] Installing /home/travis/build/openmicroscopy/bioformats/components/forks/jai/target/jai_imageio-5.3.0-SNAPSHOT-sources.jar to /home/travis/.m2/repository/ome/jai_imageio/5.3.0-SNAPSHOT/jai_imageio-5.3.0-SNAPSHOT-sources.jar
[INFO]                                                                         
[INFO] ------------------------------------------------------------------------
[INFO] Building libjpeg-turbo Java bindings 5.3.0-SNAPSHOT
[INFO] ------------------------------------------------------------------------
[INFO] 
[INFO] --- buildnumber-maven-plugin:1.2:create (default) @ turbojpeg ---
[INFO] 
[INFO] --- gmaven-plugin:1.4:execute (default) @ turbojpeg ---
     [exec] Result: 128
128
fatal: no tag exactly matches '1994dac73e83d2a510df99f56431d888ec2126ff'
v5.3.0-m1-53-g1994dac
shortrevision = 1994dac
revision = 1994dac73e83d2a510df99f56431d888ec2126ff
release = 5.3.0-SNAPSHOT
[INFO] 
[INFO] --- maven-resources-plugin:2.6:resources (default-resources) @ turbojpeg ---
[INFO] Using 'UTF-8' encoding to copy filtered resources.
[INFO] Copying 0 resource
[INFO] Copying 7 resources to META-INF/lib
[INFO] Copying 0 resource
[INFO] Copying 0 resource
[INFO] 
[INFO] --- maven-compiler-plugin:3.1:compile (default-compile) @ turbojpeg ---
[INFO] Changes detected - recompiling the module!
[INFO] Compiling 10 source files to /home/travis/build/openmicroscopy/bioformats/components/forks/turbojpeg/target/classes
[INFO] 
[INFO] --- maven-resources-plugin:2.6:testResources (default-testResources) @ turbojpeg ---
[INFO] Using 'UTF-8' encoding to copy filtered resources.
[INFO] skip non existing resourceDirectory /home/travis/build/openmicroscopy/bioformats/components/forks/turbojpeg/test
[INFO] 
[INFO] --- maven-compiler-plugin:3.1:testCompile (default-testCompile) @ turbojpeg ---
[INFO] No sources to compile
[INFO] 
[INFO] --- maven-surefire-plugin:2.16:test (default-test) @ turbojpeg ---
[INFO] No tests to run.
[INFO] 
[INFO] --- maven-jar-plugin:2.4:jar (default-jar) @ turbojpeg ---
[INFO] Building jar: /home/travis/build/openmicroscopy/bioformats/components/forks/turbojpeg/target/turbojpeg-5.3.0-SNAPSHOT.jar
[INFO] 
[INFO] >>> maven-source-plugin:2.2.1:jar (default) > generate-sources @ turbojpeg >>>
[INFO] 
[INFO] --- buildnumber-maven-plugin:1.2:create (default) @ turbojpeg ---
[INFO] 
[INFO] --- gmaven-plugin:1.4:execute (default) @ turbojpeg ---
     [exec] Result: 128
128
fatal: no tag exactly matches '1994dac73e83d2a510df99f56431d888ec2126ff'
v5.3.0-m1-53-g1994dac
shortrevision = 1994dac
revision = 1994dac73e83d2a510df99f56431d888ec2126ff
release = 5.3.0-SNAPSHOT
[INFO] 
[INFO] <<< maven-source-plugin:2.2.1:jar (default) < generate-sources @ turbojpeg <<<
[INFO] 
[INFO] --- maven-source-plugin:2.2.1:jar (default) @ turbojpeg ---
[INFO] Building jar: /home/travis/build/openmicroscopy/bioformats/components/forks/turbojpeg/target/turbojpeg-5.3.0-SNAPSHOT-sources.jar
[INFO] 
[INFO] --- maven-jar-plugin:2.4:test-jar (default) @ turbojpeg ---
[INFO] Skipping packaging of the test-jar
[INFO] 
[INFO] --- maven-install-plugin:2.5.1:install (default-install) @ turbojpeg ---
[INFO] Installing /home/travis/build/openmicroscopy/bioformats/components/forks/turbojpeg/target/turbojpeg-5.3.0-SNAPSHOT.jar to /home/travis/.m2/repository/ome/turbojpeg/5.3.0-SNAPSHOT/turbojpeg-5.3.0-SNAPSHOT.jar
[INFO] Installing /home/travis/build/openmicroscopy/bioformats/components/forks/turbojpeg/pom.xml to /home/travis/.m2/repository/ome/turbojpeg/5.3.0-SNAPSHOT/turbojpeg-5.3.0-SNAPSHOT.pom
[INFO] Installing /home/travis/build/openmicroscopy/bioformats/components/forks/turbojpeg/target/turbojpeg-5.3.0-SNAPSHOT-sources.jar to /home/travis/.m2/repository/ome/turbojpeg/5.3.0-SNAPSHOT/turbojpeg-5.3.0-SNAPSHOT-sources.jar
[INFO]                                                                         
[INFO] ------------------------------------------------------------------------
[INFO] Building Bio-Formats API 5.3.0-SNAPSHOT
[INFO] ------------------------------------------------------------------------
Downloading: http://repo.maven.apache.org/maven2/org/openmicroscopy/ome-xml/5.3.1/ome-xml-5.3.1.pom
4/9 KB   8/9 KB   9/9 KB            Downloaded: http://repo.maven.apache.org/maven2/org/openmicroscopy/ome-xml/5.3.1/ome-xml-5.3.1.pom (9 KB at 32.5 KB/sec)
Downloading: http://repo.maven.apache.org/maven2/org/openmicroscopy/ome-model/5.3.1/ome-model-5.3.1.pom
4/17 KB   8/17 KB   12/17 KB   16/17 KB   17/17 KB              Downloaded: http://repo.maven.apache.org/maven2/org/openmicroscopy/ome-model/5.3.1/ome-model-5.3.1.pom (17 KB at 945.3 KB/sec)
Downloading: http://repo.maven.apache.org/maven2/org/openmicroscopy/ome-common/5.3.1/ome-common-5.3.1.pom
3/16 KB    7/16 KB   11/16 KB   15/16 KB   16/16 KB              Downloaded: http://repo.maven.apache.org/maven2/org/openmicroscopy/ome-common/5.3.1/ome-common-5.3.1.pom (16 KB at 1114.3 KB/sec)
Downloading: http://repo.maven.apache.org/maven2/org/openmicroscopy/ome-xml/5.3.1/ome-xml-5.3.1.jar
Downloading: http://repo.maven.apache.org/maven2/org/openmicroscopy/ome-common/5.3.1/ome-common-5.3.1.jar
4/642 KB   6/642 KB   10/642 KB   14/642 KB   18/642 KB   22/642 KB   26/642 KB   30/642 KB   34/642 KB   38/642 KB   42/642 KB   46/642 KB   50/642 KB   4/124 KB   54/642 KB   4/124 KB   58/642 KB   4/124 KB   62/642 KB   4/124 KB   66/642 KB   4/124 KB   46/642 KB   4/124 KB   66/642 KB   8/124 KB   66/642 KB   12/124 KB   66/642 KB   16/124 KB   66/642 KB   20/124 KB   66/642 KB   24/124 KB   66/642 KB   28/124 KB   66/642 KB   32/124 KB   70/642 KB   32/124 KB   74/642 KB   32/124 KB   78/642 KB   36/124 KB   82/642 KB   36/124 KB   86/642 KB   36/124 KB   90/642 KB   36/124 KB   94/642 KB   36/124 KB   98/642 KB   36/124 KB   102/642 KB   36/124 KB   106/642 KB   36/124 KB   110/642 KB   36/124 KB   114/642 KB   36/124 KB   118/642 KB   36/124 KB   122/642 KB   36/124 KB   126/642 KB   36/124 KB   130/642 KB   36/124 KB   134/642 KB   36/124 KB   138/642 KB   36/124 KB   142/642 KB   36/124 KB   146/642 KB   36/124 KB   150/642 KB   36/124 KB   154/642 KB   36/124 KB   158/642 KB   36/124 KB   162/642 KB   36/124 KB   166/642 KB   36/124 KB   74/642 KB   36/124 KB   170/642 KB   36/124 KB   174/642 KB   36/124 KB   174/642 KB   40/124 KB   178/642 KB   40/124 KB   182/642 KB   44/124 KB   182/642 KB   44/124 KB   186/642 KB   44/124 KB   186/642 KB   48/124 KB   190/642 KB   48/124 KB   194/642 KB   48/124 KB   194/642 KB   52/124 KB   198/642 KB   52/124 KB   202/642 KB   52/124 KB   202/642 KB   56/124 KB   206/642 KB   56/124 KB   210/642 KB   56/124 KB   210/642 KB   60/124 KB   210/642 KB   64/124 KB   210/642 KB   68/124 KB   210/642 KB   72/124 KB   210/642 KB   76/124 KB   210/642 KB   80/124 KB   210/642 KB   84/124 KB   210/642 KB   88/124 KB   214/642 KB   88/124 KB   218/642 KB   88/124 KB   218/642 KB   92/124 KB   222/642 KB   92/124 KB   226/642 KB   92/124 KB   226/642 KB   96/124 KB   230/642 KB   96/124 KB   234/642 KB   100/124 KB   234/642 KB   100/124 KB   238/642 KB   100/124 KB   238/642 KB   104/124 KB   242/642 KB   104/124 KB   246/642 KB   104/124 KB   246/642 KB   108/124 KB   250/642 KB   108/124 KB   254/642 KB   108/124 KB   254/642 KB   112/124 KB   258/642 KB   112/124 KB   258/642 KB   116/124 KB   262/642 KB   120/124 KB   262/642 KB   124/124 KB   262/642 KB   116/124 KB   266/642 KB   124/124 KB   270/642 KB   124/124 KB   274/642 KB   124/124 KB   278/642 KB   124/124 KB   282/642 KB   124/124 KB                             Downloaded: http://repo.maven.apache.org/maven2/org/openmicroscopy/ome-common/5.3.1/ome-common-5.3.1.jar (124 KB at 1339.2 KB/sec)
286/642 KB                290/642 KB   294/642 KB   298/642 KB   302/642 KB   306/642 KB   310/642 KB   314/642 KB   318/642 KB   322/642 KB   326/642 KB   330/642 KB   334/642 KB   338/642 KB   342/642 KB   346/642 KB   350/642 KB   354/642 KB   358/642 KB   362/642 KB   366/642 KB   370/642 KB   374/642 KB   378/642 KB   382/642 KB   386/642 KB   390/642 KB   394/642 KB   398/642 KB   402/642 KB   406/642 KB   410/642 KB   414/642 KB   418/642 KB   422/642 KB   426/642 KB   430/642 KB   434/642 KB   438/642 KB   442/642 KB   446/642 KB   450/642 KB   454/642 KB   458/642 KB   462/642 KB   466/642 KB   470/642 KB   474/642 KB   478/642 KB   482/642 KB   486/642 KB   490/642 KB   494/642 KB   498/642 KB   502/642 KB   506/642 KB   510/642 KB   514/642 KB   518/642 KB   522/642 KB   526/642 KB   530/642 KB   534/642 KB   538/642 KB   542/642 KB   546/642 KB   550/642 KB   554/642 KB   558/642 KB   562/642 KB   566/642 KB   570/642 KB   574/642 KB   578/642 KB   582/642 KB   586/642 KB   590/642 KB   594/642 KB   598/642 KB   602/642 KB   606/642 KB   610/642 KB   614/642 KB   618/642 KB   622/642 KB   626/642 KB   630/642 KB   634/642 KB   638/642 KB   642/642 KB   642/642 KB                Downloaded: http://repo.maven.apache.org/maven2/org/openmicroscopy/ome-xml/5.3.1/ome-xml-5.3.1.jar (642 KB at 4192.2 KB/sec)
[INFO] 
[INFO] --- buildnumber-maven-plugin:1.2:create (default) @ formats-api ---
[INFO] 
[INFO] --- gmaven-plugin:1.4:execute (default) @ formats-api ---
     [exec] Result: 128
128
fatal: no tag exactly matches '1994dac73e83d2a510df99f56431d888ec2126ff'
v5.3.0-m1-53-g1994dac
shortrevision = 1994dac
revision = 1994dac73e83d2a510df99f56431d888ec2126ff
release = 5.3.0-SNAPSHOT
[INFO] 
[INFO] --- maven-resources-plugin:2.6:resources (default-resources) @ formats-api ---
[INFO] Using 'UTF-8' encoding to copy filtered resources.
[INFO] Copying 2 resources
[INFO] Copying 1 resource
[INFO] Copying 0 resource
[INFO] 
[INFO] --- maven-compiler-plugin:3.1:compile (default-compile) @ formats-api ---
[INFO] Changes detected - recompiling the module!
[INFO] Compiling 42 source files to /home/travis/build/openmicroscopy/bioformats/components/formats-api/target/classes
[WARNING] /home/travis/build/openmicroscopy/bioformats/components/formats-api/src/loci/formats/FormatTools.java: /home/travis/build/openmicroscopy/bioformats/components/formats-api/src/loci/formats/FormatTools.java uses or overrides a deprecated API.
[WARNING] /home/travis/build/openmicroscopy/bioformats/components/formats-api/src/loci/formats/FormatTools.java: Recompile with -Xlint:deprecation for details.
[WARNING] /home/travis/build/openmicroscopy/bioformats/components/formats-api/src/loci/formats/services/OMEXMLServiceImpl.java: Some input files use unchecked or unsafe operations.
[WARNING] /home/travis/build/openmicroscopy/bioformats/components/formats-api/src/loci/formats/services/OMEXMLServiceImpl.java: Recompile with -Xlint:unchecked for details.
[INFO] 
[INFO] --- maven-resources-plugin:2.6:testResources (default-testResources) @ formats-api ---
[INFO] Using 'UTF-8' encoding to copy filtered resources.
[INFO] Copying 2 resources
[INFO] 
[INFO] --- maven-compiler-plugin:3.1:testCompile (default-testCompile) @ formats-api ---
[INFO] Changes detected - recompiling the module!
[INFO] Compiling 2 source files to /home/travis/build/openmicroscopy/bioformats/components/formats-api/target/test-classes
[INFO] 
[INFO] --- maven-surefire-plugin:2.16:test (default-test) @ formats-api ---
[INFO] Surefire report directory: /home/travis/build/openmicroscopy/bioformats/components/formats-api/target/surefire-reports

-------------------------------------------------------
 T E S T S
-------------------------------------------------------
Running TestSuite
Configuring TestNG with: TestNG652Configurator
2016-11-03 22:13:58,590 [main] WARN  loci.formats.FormatTools - Invalid base unit: using default reference frame unit
2016-11-03 22:13:58,594 [main] WARN  loci.formats.FormatTools - Invalid base unit: using default reference frame unit
2016-11-03 22:13:58,595 [main] WARN  loci.formats.FormatTools - Invalid base unit: using default reference frame unit
2016-11-03 22:13:58,595 [main] WARN  loci.formats.FormatTools - Invalid base unit: using default reference frame unit
2016-11-03 22:13:58,635 [main] WARN  loci.formats.ClassList - Could not find invalid
2016-11-03 22:13:58,636 [main] WARN  loci.formats.ClassList - Could not find invalid
Tests run: 89, Failures: 0, Errors: 0, Skipped: 0, Time elapsed: 1.128 sec - in TestSuite

Results :

Tests run: 89, Failures: 0, Errors: 0, Skipped: 0

[INFO] 
[INFO] --- maven-jar-plugin:2.4:jar (default-jar) @ formats-api ---
[INFO] Building jar: /home/travis/build/openmicroscopy/bioformats/components/formats-api/target/formats-api-5.3.0-SNAPSHOT.jar
[INFO] 
[INFO] >>> maven-source-plugin:2.2.1:jar (default) > generate-sources @ formats-api >>>
[INFO] 
[INFO] --- buildnumber-maven-plugin:1.2:create (default) @ formats-api ---
[INFO] 
[INFO] --- gmaven-plugin:1.4:execute (default) @ formats-api ---
     [exec] Result: 128
128
fatal: no tag exactly matches '1994dac73e83d2a510df99f56431d888ec2126ff'
v5.3.0-m1-53-g1994dac
shortrevision = 1994dac
revision = 1994dac73e83d2a510df99f56431d888ec2126ff
release = 5.3.0-SNAPSHOT
[INFO] 
[INFO] <<< maven-source-plugin:2.2.1:jar (default) < generate-sources @ formats-api <<<
[INFO] 
[INFO] --- maven-source-plugin:2.2.1:jar (default) @ formats-api ---
[INFO] Building jar: /home/travis/build/openmicroscopy/bioformats/components/formats-api/target/formats-api-5.3.0-SNAPSHOT-sources.jar
[INFO] 
[INFO] --- maven-jar-plugin:2.4:test-jar (default) @ formats-api ---
[INFO] Building jar: /home/travis/build/openmicroscopy/bioformats/components/formats-api/target/formats-api-5.3.0-SNAPSHOT-tests.jar
[INFO] 
[INFO] --- maven-install-plugin:2.5.1:install (default-install) @ formats-api ---
[INFO] Installing /home/travis/build/openmicroscopy/bioformats/components/formats-api/target/formats-api-5.3.0-SNAPSHOT.jar to /home/travis/.m2/repository/ome/formats-api/5.3.0-SNAPSHOT/formats-api-5.3.0-SNAPSHOT.jar
[INFO] Installing /home/travis/build/openmicroscopy/bioformats/components/formats-api/pom.xml to /home/travis/.m2/repository/ome/formats-api/5.3.0-SNAPSHOT/formats-api-5.3.0-SNAPSHOT.pom
[INFO] Installing /home/travis/build/openmicroscopy/bioformats/components/formats-api/target/formats-api-5.3.0-SNAPSHOT-sources.jar to /home/travis/.m2/repository/ome/formats-api/5.3.0-SNAPSHOT/formats-api-5.3.0-SNAPSHOT-sources.jar
[INFO] Installing /home/travis/build/openmicroscopy/bioformats/components/formats-api/target/formats-api-5.3.0-SNAPSHOT-tests.jar to /home/travis/.m2/repository/ome/formats-api/5.3.0-SNAPSHOT/formats-api-5.3.0-SNAPSHOT-tests.jar
[INFO]                                                                         
[INFO] ------------------------------------------------------------------------
[INFO] Building Luratech LuraWave stubs 5.3.0-SNAPSHOT
[INFO] ------------------------------------------------------------------------
[INFO] 
[INFO] --- buildnumber-maven-plugin:1.2:create (default) @ lwf-stubs ---
[INFO] 
[INFO] --- gmaven-plugin:1.4:execute (default) @ lwf-stubs ---
     [exec] Result: 128
128
fatal: no tag exactly matches '1994dac73e83d2a510df99f56431d888ec2126ff'
v5.3.0-m1-53-g1994dac
shortrevision = 1994dac
revision = 1994dac73e83d2a510df99f56431d888ec2126ff
release = 5.3.0-SNAPSHOT
[INFO] 
[INFO] --- maven-resources-plugin:2.6:resources (default-resources) @ lwf-stubs ---
[INFO] Using 'UTF-8' encoding to copy filtered resources.
[INFO] Copying 0 resource
[INFO] skip non existing resourceDirectory /home/travis/build/openmicroscopy/bioformats/components/stubs/lwf-stubs/lib
[INFO] Copying 0 resource
[INFO] Copying 0 resource
[INFO] 
[INFO] --- maven-compiler-plugin:3.1:compile (default-compile) @ lwf-stubs ---
[INFO] Changes detected - recompiling the module!
[INFO] Compiling 1 source file to /home/travis/build/openmicroscopy/bioformats/components/stubs/lwf-stubs/target/classes
[INFO] 
[INFO] --- maven-resources-plugin:2.6:testResources (default-testResources) @ lwf-stubs ---
[INFO] Using 'UTF-8' encoding to copy filtered resources.
[INFO] skip non existing resourceDirectory /home/travis/build/openmicroscopy/bioformats/components/stubs/lwf-stubs/test
[INFO] 
[INFO] --- maven-compiler-plugin:3.1:testCompile (default-testCompile) @ lwf-stubs ---
[INFO] No sources to compile
[INFO] 
[INFO] --- maven-surefire-plugin:2.16:test (default-test) @ lwf-stubs ---
[INFO] No tests to run.
[INFO] 
[INFO] --- maven-jar-plugin:2.4:jar (default-jar) @ lwf-stubs ---
[INFO] Building jar: /home/travis/build/openmicroscopy/bioformats/components/stubs/lwf-stubs/target/lwf-stubs-5.3.0-SNAPSHOT.jar
[INFO] 
[INFO] >>> maven-source-plugin:2.2.1:jar (default) > generate-sources @ lwf-stubs >>>
[INFO] 
[INFO] --- buildnumber-maven-plugin:1.2:create (default) @ lwf-stubs ---
[INFO] 
[INFO] --- gmaven-plugin:1.4:execute (default) @ lwf-stubs ---
     [exec] Result: 128
128
fatal: no tag exactly matches '1994dac73e83d2a510df99f56431d888ec2126ff'
v5.3.0-m1-53-g1994dac
shortrevision = 1994dac
revision = 1994dac73e83d2a510df99f56431d888ec2126ff
release = 5.3.0-SNAPSHOT
[INFO] 
[INFO] <<< maven-source-plugin:2.2.1:jar (default) < generate-sources @ lwf-stubs <<<
[INFO] 
[INFO] --- maven-source-plugin:2.2.1:jar (default) @ lwf-stubs ---
[INFO] Building jar: /home/travis/build/openmicroscopy/bioformats/components/stubs/lwf-stubs/target/lwf-stubs-5.3.0-SNAPSHOT-sources.jar
[INFO] 
[INFO] --- maven-jar-plugin:2.4:test-jar (default) @ lwf-stubs ---
[INFO] Skipping packaging of the test-jar
[INFO] 
[INFO] --- maven-install-plugin:2.5.1:install (default-install) @ lwf-stubs ---
[INFO] Installing /home/travis/build/openmicroscopy/bioformats/components/stubs/lwf-stubs/target/lwf-stubs-5.3.0-SNAPSHOT.jar to /home/travis/.m2/repository/ome/lwf-stubs/5.3.0-SNAPSHOT/lwf-stubs-5.3.0-SNAPSHOT.jar
[INFO] Installing /home/travis/build/openmicroscopy/bioformats/components/stubs/lwf-stubs/pom.xml to /home/travis/.m2/repository/ome/lwf-stubs/5.3.0-SNAPSHOT/lwf-stubs-5.3.0-SNAPSHOT.pom
[INFO] Installing /home/travis/build/openmicroscopy/bioformats/components/stubs/lwf-stubs/target/lwf-stubs-5.3.0-SNAPSHOT-sources.jar to /home/travis/.m2/repository/ome/lwf-stubs/5.3.0-SNAPSHOT/lwf-stubs-5.3.0-SNAPSHOT-sources.jar
[INFO]                                                                         
[INFO] ------------------------------------------------------------------------
[INFO] Building MIPAV stubs 5.3.0-SNAPSHOT
[INFO] ------------------------------------------------------------------------
[INFO] 
[INFO] --- buildnumber-maven-plugin:1.2:create (default) @ mipav-stubs ---
[INFO] 
[INFO] --- gmaven-plugin:1.4:execute (default) @ mipav-stubs ---
     [exec] Result: 128
128
fatal: no tag exactly matches '1994dac73e83d2a510df99f56431d888ec2126ff'
v5.3.0-m1-53-g1994dac
shortrevision = 1994dac
revision = 1994dac73e83d2a510df99f56431d888ec2126ff
release = 5.3.0-SNAPSHOT
[INFO] 
[INFO] --- maven-resources-plugin:2.6:resources (default-resources) @ mipav-stubs ---
[INFO] Using 'UTF-8' encoding to copy filtered resources.
[INFO] Copying 0 resource
[INFO] skip non existing resourceDirectory /home/travis/build/openmicroscopy/bioformats/components/stubs/mipav/lib
[INFO] Copying 0 resource
[INFO] Copying 0 resource
[INFO] 
[INFO] --- maven-compiler-plugin:3.1:compile (default-compile) @ mipav-stubs ---
[INFO] Changes detected - recompiling the module!
[INFO] Compiling 10 source files to /home/travis/build/openmicroscopy/bioformats/components/stubs/mipav/target/classes
[INFO] 
[INFO] --- maven-resources-plugin:2.6:testResources (default-testResources) @ mipav-stubs ---
[INFO] Using 'UTF-8' encoding to copy filtered resources.
[INFO] skip non existing resourceDirectory /home/travis/build/openmicroscopy/bioformats/components/stubs/mipav/test
[INFO] 
[INFO] --- maven-compiler-plugin:3.1:testCompile (default-testCompile) @ mipav-stubs ---
[INFO] No sources to compile
[INFO] 
[INFO] --- maven-surefire-plugin:2.16:test (default-test) @ mipav-stubs ---
[INFO] No tests to run.
[INFO] 
[INFO] --- maven-jar-plugin:2.4:jar (default-jar) @ mipav-stubs ---
[INFO] Building jar: /home/travis/build/openmicroscopy/bioformats/components/stubs/mipav/target/mipav-stubs-5.3.0-SNAPSHOT.jar
[INFO] 
[INFO] >>> maven-source-plugin:2.2.1:jar (default) > generate-sources @ mipav-stubs >>>
[INFO] 
[INFO] --- buildnumber-maven-plugin:1.2:create (default) @ mipav-stubs ---
[INFO] 
[INFO] --- gmaven-plugin:1.4:execute (default) @ mipav-stubs ---
     [exec] Result: 128
128
fatal: no tag exactly matches '1994dac73e83d2a510df99f56431d888ec2126ff'
v5.3.0-m1-53-g1994dac
shortrevision = 1994dac
revision = 1994dac73e83d2a510df99f56431d888ec2126ff
release = 5.3.0-SNAPSHOT
[INFO] 
[INFO] <<< maven-source-plugin:2.2.1:jar (default) < generate-sources @ mipav-stubs <<<
[INFO] 
[INFO] --- maven-source-plugin:2.2.1:jar (default) @ mipav-stubs ---
[INFO] Building jar: /home/travis/build/openmicroscopy/bioformats/components/stubs/mipav/target/mipav-stubs-5.3.0-SNAPSHOT-sources.jar
[INFO] 
[INFO] --- maven-jar-plugin:2.4:test-jar (default) @ mipav-stubs ---
[INFO] Skipping packaging of the test-jar
[INFO] 
[INFO] --- maven-install-plugin:2.5.1:install (default-install) @ mipav-stubs ---
[INFO] Installing /home/travis/build/openmicroscopy/bioformats/components/stubs/mipav/target/mipav-stubs-5.3.0-SNAPSHOT.jar to /home/travis/.m2/repository/ome/mipav-stubs/5.3.0-SNAPSHOT/mipav-stubs-5.3.0-SNAPSHOT.jar
[INFO] Installing /home/travis/build/openmicroscopy/bioformats/components/stubs/mipav/pom.xml to /home/travis/.m2/repository/ome/mipav-stubs/5.3.0-SNAPSHOT/mipav-stubs-5.3.0-SNAPSHOT.pom
[INFO] Installing /home/travis/build/openmicroscopy/bioformats/components/stubs/mipav/target/mipav-stubs-5.3.0-SNAPSHOT-sources.jar to /home/travis/.m2/repository/ome/mipav-stubs/5.3.0-SNAPSHOT/mipav-stubs-5.3.0-SNAPSHOT-sources.jar
[INFO]                                                                         
[INFO] ------------------------------------------------------------------------
[INFO] Building BSD Bio-Formats readers and writers 5.3.0-SNAPSHOT
[INFO] ------------------------------------------------------------------------
Downloading: http://repo.maven.apache.org/maven2/org/openmicroscopy/specification/5.3.1/specification-5.3.1.pom
2/2 KB                Downloaded: http://repo.maven.apache.org/maven2/org/openmicroscopy/specification/5.3.1/specification-5.3.1.pom (2 KB at 59.2 KB/sec)
Downloading: http://repo.maven.apache.org/maven2/org/openmicroscopy/specification/5.3.1/specification-5.3.1.jar
4/637 KB   6/637 KB   10/637 KB   11/637 KB   14/637 KB   17/637 KB   21/637 KB   23/637 KB   25/637 KB   28/637 KB   32/637 KB   36/637 KB   37/637 KB   38/637 KB   42/637 KB   45/637 KB   49/637 KB   53/637 KB   57/637 KB   61/637 KB   65/637 KB   68/637 KB   72/637 KB   72/637 KB   75/637 KB   79/637 KB   83/637 KB   86/637 KB   89/637 KB   93/637 KB   97/637 KB   101/637 KB   102/637 KB   103/637 KB   106/637 KB   110/637 KB   114/637 KB   118/637 KB   122/637 KB   126/637 KB   130/637 KB   134/637 KB   138/637 KB   142/637 KB   146/637 KB   150/637 KB   154/637 KB   158/637 KB   162/637 KB   166/637 KB   170/637 KB   174/637 KB   178/637 KB   182/637 KB   186/637 KB   190/637 KB   194/637 KB   198/637 KB   202/637 KB   206/637 KB   210/637 KB   214/637 KB   218/637 KB   222/637 KB   226/637 KB   230/637 KB   234/637 KB   238/637 KB   242/637 KB   246/637 KB   250/637 KB   254/637 KB   258/637 KB   262/637 KB   266/637 KB   270/637 KB   274/637 KB   278/637 KB   282/637 KB   286/637 KB   290/637 KB   294/637 KB   298/637 KB   302/637 KB   306/637 KB   310/637 KB   314/637 KB   318/637 KB   322/637 KB   326/637 KB   330/637 KB   334/637 KB   338/637 KB   342/637 KB   346/637 KB   350/637 KB   354/637 KB   358/637 KB   362/637 KB   366/637 KB   370/637 KB   374/637 KB   378/637 KB   382/637 KB   386/637 KB   390/637 KB   394/637 KB   398/637 KB   402/637 KB   406/637 KB   410/637 KB   414/637 KB   418/637 KB   422/637 KB   426/637 KB   430/637 KB   434/637 KB   438/637 KB   442/637 KB   446/637 KB   450/637 KB   454/637 KB   458/637 KB   462/637 KB   466/637 KB   470/637 KB   474/637 KB   478/637 KB   482/637 KB   486/637 KB   490/637 KB   494/637 KB   498/637 KB   502/637 KB   506/637 KB   510/637 KB   514/637 KB   518/637 KB   522/637 KB   526/637 KB   530/637 KB   534/637 KB   538/637 KB   542/637 KB   546/637 KB   550/637 KB   554/637 KB   558/637 KB   562/637 KB   566/637 KB   570/637 KB   574/637 KB   578/637 KB   582/637 KB   586/637 KB   590/637 KB   594/637 KB   598/637 KB   602/637 KB   606/637 KB   610/637 KB   614/637 KB   618/637 KB   622/637 KB   626/637 KB   630/637 KB   634/637 KB   637/637 KB                Downloaded: http://repo.maven.apache.org/maven2/org/openmicroscopy/specification/5.3.1/specification-5.3.1.jar (637 KB at 14154.8 KB/sec)
[INFO] 
[INFO] --- buildnumber-maven-plugin:1.2:create (default) @ formats-bsd ---
[INFO] 
[INFO] --- gmaven-plugin:1.4:execute (default) @ formats-bsd ---
     [exec] Result: 128
128
fatal: no tag exactly matches '1994dac73e83d2a510df99f56431d888ec2126ff'
v5.3.0-m1-53-g1994dac
shortrevision = 1994dac
revision = 1994dac73e83d2a510df99f56431d888ec2126ff
release = 5.3.0-SNAPSHOT
[INFO] 
[INFO] --- maven-resources-plugin:2.6:resources (default-resources) @ formats-bsd ---
[INFO] Using 'UTF-8' encoding to copy filtered resources.
[INFO] Copying 0 resource
[INFO] Copying 0 resource
[INFO] 
[INFO] --- maven-compiler-plugin:3.1:compile (default-compile) @ formats-bsd ---
[INFO] Changes detected - recompiling the module!
[INFO] Compiling 161 source files to /home/travis/build/openmicroscopy/bioformats/components/formats-bsd/target/classes
[WARNING] /home/travis/build/openmicroscopy/bioformats/components/formats-bsd/src/loci/formats/gui/LegacyQTTools.java: Some input files use or override a deprecated API.
[WARNING] /home/travis/build/openmicroscopy/bioformats/components/formats-bsd/src/loci/formats/gui/LegacyQTTools.java: Recompile with -Xlint:deprecation for details.
[WARNING] /home/travis/build/openmicroscopy/bioformats/components/formats-bsd/src/loci/formats/cache/CacheStrategy.java: Some input files use unchecked or unsafe operations.
[WARNING] /home/travis/build/openmicroscopy/bioformats/components/formats-bsd/src/loci/formats/cache/CacheStrategy.java: Recompile with -Xlint:unchecked for details.
[INFO] 
[INFO] --- maven-resources-plugin:2.6:testResources (default-testResources) @ formats-bsd ---
[INFO] Using 'UTF-8' encoding to copy filtered resources.
[INFO] Copying 11 resources
[INFO] 
[INFO] --- maven-compiler-plugin:3.1:testCompile (default-testCompile) @ formats-bsd ---
[INFO] Changes detected - recompiling the module!
[INFO] Compiling 64 source files to /home/travis/build/openmicroscopy/bioformats/components/formats-bsd/target/test-classes
[WARNING] /home/travis/build/openmicroscopy/bioformats/components/formats-bsd/test/loci/formats/utests/FileStitcherTest.java: Some input files use unchecked or unsafe operations.
[WARNING] /home/travis/build/openmicroscopy/bioformats/components/formats-bsd/test/loci/formats/utests/FileStitcherTest.java: Recompile with -Xlint:unchecked for details.
[INFO] 
[INFO] --- maven-surefire-plugin:2.16:test (default-test) @ formats-bsd ---
[INFO] Surefire report directory: /home/travis/build/openmicroscopy/bioformats/components/formats-bsd/target/surefire-reports

-------------------------------------------------------
 T E S T S
-------------------------------------------------------
Running TestSuite
2016-11-03 22:14:21,187 [main] ERROR loci.formats.ClassList - "loci.formats.in.IPLabReader" is not valid.
2016-11-03 22:14:21,192 [main] ERROR loci.formats.ClassList - "loci.formats.in.IvisionReader" is not valid.
2016-11-03 22:14:21,192 [main] ERROR loci.formats.ClassList - "loci.formats.in.DeltavisionReader" is not valid.
2016-11-03 22:14:21,192 [main] ERROR loci.formats.ClassList - "loci.formats.in.MRCReader" is not valid.
2016-11-03 22:14:21,193 [main] ERROR loci.formats.ClassList - "loci.formats.in.GatanReader" is not valid.
2016-11-03 22:14:21,193 [main] ERROR loci.formats.ClassList - "loci.formats.in.GatanDM2Reader" is not valid.
2016-11-03 22:14:21,193 [main] ERROR loci.formats.ClassList - "loci.formats.in.ImarisReader" is not valid.
2016-11-03 22:14:21,194 [main] ERROR loci.formats.ClassList - "loci.formats.in.OpenlabRawReader" is not valid.
2016-11-03 22:14:21,195 [main] ERROR loci.formats.ClassList - "loci.formats.in.LIFReader" is not valid.
2016-11-03 22:14:21,199 [main] ERROR loci.formats.ClassList - "loci.formats.in.SDTReader" is not valid.
2016-11-03 22:14:21,199 [main] ERROR loci.formats.ClassList - "loci.formats.in.SPCReader" is not valid.
2016-11-03 22:14:21,200 [main] ERROR loci.formats.ClassList - "loci.formats.in.SlidebookReader" is not valid.
2016-11-03 22:14:21,200 [main] ERROR loci.formats.ClassList - "loci.formats.in.AliconaReader" is not valid.
2016-11-03 22:14:21,201 [main] ERROR loci.formats.ClassList - "loci.formats.in.KhorosReader" is not valid.
2016-11-03 22:14:21,202 [main] ERROR loci.formats.ClassList - "loci.formats.in.VisitechReader" is not valid.
2016-11-03 22:14:21,202 [main] ERROR loci.formats.ClassList - "loci.formats.in.LIMReader" is not valid.
2016-11-03 22:14:21,202 [main] ERROR loci.formats.ClassList - "loci.formats.in.PSDReader" is not valid.
2016-11-03 22:14:21,203 [main] ERROR loci.formats.ClassList - "loci.formats.in.InCellReader" is not valid.
2016-11-03 22:14:21,203 [main] ERROR loci.formats.ClassList - "loci.formats.in.L2DReader" is not valid.
2016-11-03 22:14:21,203 [main] ERROR loci.formats.ClassList - "loci.formats.in.FEIReader" is not valid.
2016-11-03 22:14:21,203 [main] ERROR loci.formats.ClassList - "loci.formats.in.NAFReader" is not valid.
2016-11-03 22:14:21,204 [main] ERROR loci.formats.ClassList - "loci.formats.in.MINCReader" is not valid.
2016-11-03 22:14:21,204 [main] ERROR loci.formats.ClassList - "loci.formats.in.MRWReader" is not valid.
2016-11-03 22:14:21,205 [main] ERROR loci.formats.ClassList - "loci.formats.in.TillVisionReader" is not valid.
2016-11-03 22:14:21,205 [main] ERROR loci.formats.ClassList - "loci.formats.in.ARFReader" is not valid.
2016-11-03 22:14:21,205 [main] ERROR loci.formats.ClassList - "loci.formats.in.CellomicsReader" is not valid.
2016-11-03 22:14:21,206 [main] ERROR loci.formats.ClassList - "loci.formats.in.LiFlimReader" is not valid.
2016-11-03 22:14:21,206 [main] ERROR loci.formats.ClassList - "loci.formats.in.TargaReader" is not valid.
2016-11-03 22:14:21,206 [main] ERROR loci.formats.ClassList - "loci.formats.in.OxfordInstrumentsReader" is not valid.
2016-11-03 22:14:21,206 [main] ERROR loci.formats.ClassList - "loci.formats.in.VGSAMReader" is not valid.
2016-11-03 22:14:21,207 [main] ERROR loci.formats.ClassList - "loci.formats.in.HISReader" is not valid.
2016-11-03 22:14:21,207 [main] ERROR loci.formats.ClassList - "loci.formats.in.WATOPReader" is not valid.
2016-11-03 22:14:21,207 [main] ERROR loci.formats.ClassList - "loci.formats.in.SeikoReader" is not valid.
2016-11-03 22:14:21,208 [main] ERROR loci.formats.ClassList - "loci.formats.in.TopometrixReader" is not valid.
2016-11-03 22:14:21,208 [main] ERROR loci.formats.ClassList - "loci.formats.in.UBMReader" is not valid.
2016-11-03 22:14:21,208 [main] ERROR loci.formats.ClassList - "loci.formats.in.QuesantReader" is not valid.
2016-11-03 22:14:21,209 [main] ERROR loci.formats.ClassList - "loci.formats.in.BioRadGelReader" is not valid.
2016-11-03 22:14:21,209 [main] ERROR loci.formats.ClassList - "loci.formats.in.RHKReader" is not valid.
2016-11-03 22:14:21,209 [main] ERROR loci.formats.ClassList - "loci.formats.in.MolecularImagingReader" is not valid.
2016-11-03 22:14:21,209 [main] ERROR loci.formats.ClassList - "loci.formats.in.CellWorxReader" is not valid.
2016-11-03 22:14:21,210 [main] ERROR loci.formats.ClassList - "loci.formats.in.Ecat7Reader" is not valid.
2016-11-03 22:14:21,210 [main] ERROR loci.formats.ClassList - "loci.formats.in.VarianFDFReader" is not valid.
2016-11-03 22:14:21,210 [main] ERROR loci.formats.ClassList - "loci.formats.in.AIMReader" is not valid.
2016-11-03 22:14:21,211 [main] ERROR loci.formats.ClassList - "loci.formats.in.InCell3000Reader" is not valid.
2016-11-03 22:14:21,211 [main] ERROR loci.formats.ClassList - "loci.formats.in.SpiderReader" is not valid.
2016-11-03 22:14:21,211 [main] ERROR loci.formats.ClassList - "loci.formats.in.VolocityReader" is not valid.
2016-11-03 22:14:21,212 [main] ERROR loci.formats.ClassList - "loci.formats.in.ImagicReader" is not valid.
2016-11-03 22:14:21,212 [main] ERROR loci.formats.ClassList - "loci.formats.in.HamamatsuVMSReader" is not valid.
2016-11-03 22:14:21,212 [main] ERROR loci.formats.ClassList - "loci.formats.in.CellSensReader" is not valid.
2016-11-03 22:14:21,212 [main] ERROR loci.formats.ClassList - "loci.formats.in.INRReader" is not valid.
2016-11-03 22:14:21,213 [main] ERROR loci.formats.ClassList - "loci.formats.in.KodakReader" is not valid.
2016-11-03 22:14:21,213 [main] ERROR loci.formats.ClassList - "loci.formats.in.VolocityClippingReader" is not valid.
2016-11-03 22:14:21,213 [main] ERROR loci.formats.ClassList - "loci.formats.in.ZeissCZIReader" is not valid.
2016-11-03 22:14:21,214 [main] ERROR loci.formats.ClassList - "loci.formats.in.SIFReader" is not valid.
2016-11-03 22:14:21,214 [main] ERROR loci.formats.ClassList - "loci.formats.in.NDPISReader" is not valid.
2016-11-03 22:14:21,214 [main] ERROR loci.formats.ClassList - "loci.formats.in.PovrayReader" is not valid.
2016-11-03 22:14:21,215 [main] ERROR loci.formats.ClassList - "loci.formats.in.IMODReader" is not valid.
2016-11-03 22:14:21,276 [main] ERROR loci.formats.ClassList - "loci.formats.in.AFIReader" is not valid.
2016-11-03 22:14:21,276 [main] ERROR loci.formats.ClassList - "loci.formats.in.ImspectorReader" is not valid.
2016-11-03 22:14:21,276 [main] ERROR loci.formats.ClassList - "loci.formats.in.BioRadSCNReader" is not valid.
2016-11-03 22:14:21,277 [main] ERROR loci.formats.ClassList - "loci.formats.in.ZeissLMSReader" is not valid.
2016-11-03 22:14:21,277 [main] ERROR loci.formats.ClassList - "loci.formats.in.PQBinReader" is not valid.
2016-11-03 22:14:21,280 [main] ERROR loci.formats.ClassList - "loci.formats.in.I2IReader" is not valid.
2016-11-03 22:14:21,280 [main] ERROR loci.formats.ClassList - "loci.formats.in.SPEReader" is not valid.
2016-11-03 22:14:21,281 [main] ERROR loci.formats.ClassList - "loci.formats.in.JEOLReader" is not valid.
2016-11-03 22:14:21,281 [main] ERROR loci.formats.ClassList - "loci.formats.in.NiftiReader" is not valid.
2016-11-03 22:14:21,281 [main] ERROR loci.formats.ClassList - "loci.formats.in.AnalyzeReader" is not valid.
2016-11-03 22:14:21,282 [main] ERROR loci.formats.ClassList - "loci.formats.in.APLReader" is not valid.
2016-11-03 22:14:21,285 [main] ERROR loci.formats.ClassList - "loci.formats.in.PerkinElmerReader" is not valid.
2016-11-03 22:14:21,285 [main] ERROR loci.formats.ClassList - "loci.formats.in.AmiraReader" is not valid.
2016-11-03 22:14:21,286 [main] ERROR loci.formats.ClassList - "loci.formats.in.ScanrReader" is not valid.
2016-11-03 22:14:21,286 [main] ERROR loci.formats.ClassList - "loci.formats.in.BDReader" is not valid.
2016-11-03 22:14:21,286 [main] ERROR loci.formats.ClassList - "loci.formats.in.UnisokuReader" is not valid.
2016-11-03 22:14:21,287 [main] ERROR loci.formats.ClassList - "loci.formats.in.PDSReader" is not valid.
2016-11-03 22:14:21,287 [main] ERROR loci.formats.ClassList - "loci.formats.in.FujiReader" is not valid.
2016-11-03 22:14:21,287 [main] ERROR loci.formats.ClassList - "loci.formats.in.OperettaReader" is not valid.
2016-11-03 22:14:21,287 [main] ERROR loci.formats.ClassList - "loci.formats.in.InveonReader" is not valid.
2016-11-03 22:14:21,288 [main] ERROR loci.formats.ClassList - "loci.formats.in.CellVoyagerReader" is not valid.
2016-11-03 22:14:21,288 [main] ERROR loci.formats.ClassList - "loci.formats.in.BioRadReader" is not valid.
2016-11-03 22:14:21,288 [main] ERROR loci.formats.ClassList - "loci.formats.in.FV1000Reader" is not valid.
2016-11-03 22:14:21,289 [main] ERROR loci.formats.ClassList - "loci.formats.in.ZeissZVIReader" is not valid.
2016-11-03 22:14:21,289 [main] ERROR loci.formats.ClassList - "loci.formats.in.IPWReader" is not valid.
2016-11-03 22:14:21,290 [main] ERROR loci.formats.ClassList - "loci.formats.in.JPXReader" is not valid.
2016-11-03 22:14:21,290 [main] ERROR loci.formats.ClassList - "loci.formats.in.ND2Reader" is not valid.
2016-11-03 22:14:21,291 [main] ERROR loci.formats.ClassList - "loci.formats.in.PCIReader" is not valid.
2016-11-03 22:14:21,291 [main] ERROR loci.formats.ClassList - "loci.formats.in.ImarisHDFReader" is not valid.
2016-11-03 22:14:21,291 [main] ERROR loci.formats.ClassList - "loci.formats.in.CellH5Reader" is not valid.
2016-11-03 22:14:21,291 [main] ERROR loci.formats.ClassList - "loci.formats.in.WlzReader" is not valid.
2016-11-03 22:14:21,292 [main] ERROR loci.formats.ClassList - "loci.formats.in.VeecoReader" is not valid.
2016-11-03 22:14:21,292 [main] ERROR loci.formats.ClassList - "loci.formats.in.ZeissLSMReader" is not valid.
2016-11-03 22:14:21,292 [main] ERROR loci.formats.ClassList - "loci.formats.in.SEQReader" is not valid.
2016-11-03 22:14:21,293 [main] ERROR loci.formats.ClassList - "loci.formats.in.GelReader" is not valid.
2016-11-03 22:14:21,293 [main] ERROR loci.formats.ClassList - "loci.formats.in.ImarisTiffReader" is not valid.
2016-11-03 22:14:21,293 [main] ERROR loci.formats.ClassList - "loci.formats.in.FlexReader" is not valid.
2016-11-03 22:14:21,298 [main] ERROR loci.formats.ClassList - "loci.formats.in.SVSReader" is not valid.
2016-11-03 22:14:21,298 [main] ERROR loci.formats.ClassList - "loci.formats.in.ImaconReader" is not valid.
2016-11-03 22:14:21,298 [main] ERROR loci.formats.ClassList - "loci.formats.in.LEOReader" is not valid.
2016-11-03 22:14:21,299 [main] ERROR loci.formats.ClassList - "loci.formats.in.JPKReader" is not valid.
2016-11-03 22:14:21,299 [main] ERROR loci.formats.ClassList - "loci.formats.in.NDPIReader" is not valid.
2016-11-03 22:14:21,299 [main] ERROR loci.formats.ClassList - "loci.formats.in.PCORAWReader" is not valid.
2016-11-03 22:14:21,301 [main] ERROR loci.formats.ClassList - "loci.formats.in.PyramidTiffReader" is not valid.
2016-11-03 22:14:21,302 [main] ERROR loci.formats.ClassList - "loci.formats.in.MIASReader" is not valid.
2016-11-03 22:14:21,302 [main] ERROR loci.formats.ClassList - "loci.formats.in.TCSReader" is not valid.
2016-11-03 22:14:21,302 [main] ERROR loci.formats.ClassList - "loci.formats.in.LeicaReader" is not valid.
2016-11-03 22:14:21,303 [main] ERROR loci.formats.ClassList - "loci.formats.in.NikonReader" is not valid.
2016-11-03 22:14:21,303 [main] ERROR loci.formats.ClassList - "loci.formats.in.FluoviewReader" is not valid.
2016-11-03 22:14:21,303 [main] ERROR loci.formats.ClassList - "loci.formats.in.PrairieReader" is not valid.
2016-11-03 22:14:21,304 [main] ERROR loci.formats.ClassList - "loci.formats.in.MetamorphReader" is not valid.
2016-11-03 22:14:21,306 [main] ERROR loci.formats.ClassList - "loci.formats.in.ImprovisionTiffReader" is not valid.
2016-11-03 22:14:21,306 [main] ERROR loci.formats.ClassList - "loci.formats.in.MetamorphTiffReader" is not valid.
2016-11-03 22:14:21,306 [main] ERROR loci.formats.ClassList - "loci.formats.in.NikonTiffReader" is not valid.
2016-11-03 22:14:21,306 [main] ERROR loci.formats.ClassList - "loci.formats.in.PhotoshopTiffReader" is not valid.
2016-11-03 22:14:21,307 [main] ERROR loci.formats.ClassList - "loci.formats.in.FEITiffReader" is not valid.
2016-11-03 22:14:21,307 [main] ERROR loci.formats.ClassList - "loci.formats.in.SimplePCITiffReader" is not valid.
2016-11-03 22:14:21,307 [main] ERROR loci.formats.ClassList - "loci.formats.in.NikonElementsTiffReader" is not valid.
2016-11-03 22:14:21,307 [main] ERROR loci.formats.ClassList - "loci.formats.in.TrestleReader" is not valid.
2016-11-03 22:14:21,308 [main] ERROR loci.formats.ClassList - "loci.formats.in.SISReader" is not valid.
2016-11-03 22:14:21,308 [main] ERROR loci.formats.ClassList - "loci.formats.in.DNGReader" is not valid.
2016-11-03 22:14:21,308 [main] ERROR loci.formats.ClassList - "loci.formats.in.ZeissTIFFReader" is not valid.
2016-11-03 22:14:21,309 [main] ERROR loci.formats.ClassList - "loci.formats.in.LeicaSCNReader" is not valid.
2016-11-03 22:14:21,309 [main] ERROR loci.formats.ClassList - "loci.formats.in.SlidebookTiffReader" is not valid.
2016-11-03 22:14:21,310 [main] ERROR loci.formats.ClassList - "loci.formats.in.BurleighReader" is not valid.
2016-11-03 22:14:21,310 [main] ERROR loci.formats.ClassList - "loci.formats.in.OpenlabReader" is not valid.
2016-11-03 22:14:21,322 [main] ERROR loci.formats.ClassList - "loci.formats.in.SMCameraReader" is not valid.
2016-11-03 22:14:21,322 [main] ERROR loci.formats.ClassList - "loci.formats.in.SBIGReader" is not valid.
2016-11-03 22:14:21,334 [main] ERROR loci.formats.ClassList - "loci.formats.in.HRDGDFReader" is not valid.
2016-11-03 22:14:21,334 [main] ERROR loci.formats.ClassList - "loci.formats.in.HitachiReader" is not valid.
2016-11-03 22:14:21,334 [main] ERROR loci.formats.ClassList - "loci.formats.in.BrukerReader" is not valid.
2016-11-03 22:14:21,335 [main] ERROR loci.formats.ClassList - "loci.formats.in.CanonRawReader" is not valid.
2016-11-03 22:14:21,373 [main] WARN  loci.formats.FormatHandler - Image ID 'Image:1': missing plane #1.  Using TiffReader to determine the number of planes.
2016-11-03 22:14:21,648 [main] ERROR loci.formats.ClassList - "loci.formats.out.WlzWriter" is not valid.
2016-11-03 22:14:21,648 [main] ERROR loci.formats.ClassList - "loci.formats.out.CellH5Writer" is not valid.
2016-11-03 22:15:13,956 [main] WARN  loci.formats.Memoizer - skipping memo: directory not writeable - /tmp/19919097-e480-4063-8b3b-14070bb9a3f3
2016-11-03 22:15:14,076 [main] WARN  loci.formats.Memoizer - skipping memo: directory not writeable - /tmp/0bfe8b5e-68a1-40d6-b1f8-191eab4fa6ee
2016-11-03 22:15:14,163 [main] WARN  loci.formats.Memoizer - skipping memo: directory not writeable - /tmp/bbaa9604-34a1-470f-bb11-59e33a23d1f8
2016-11-03 22:15:14,163 [main] WARN  loci.formats.Memoizer - skipping memo: directory not writeable - /tmp/bbaa9604-34a1-470f-bb11-59e33a23d1f8
2016-11-03 22:15:14,164 [main] WARN  loci.formats.Memoizer - skipping memo: directory not writeable - /tmp/75113987-3555-4165-8cb9-96ab459cda15
2016-11-03 22:15:14,166 [main] WARN  loci.formats.Memoizer - skipping memo: directory not writeable - /tmp/ffe50dac-681f-4aeb-ab5b-a56eadd2a9b5
2016-11-03 22:15:23,821 [main] WARN  ome.xml.model.enums.handlers.ExperimentTypeEnumHandler - Unknown ExperimentType value 'null' will be stored as "Other"
2016-11-03 22:15:23,836 [main] WARN  ome.xml.model.enums.handlers.ExperimentTypeEnumHandler - Unknown ExperimentType value 'null' will be stored as "Other"
2016-11-03 22:15:23,867 [main] WARN  ome.xml.model.enums.handlers.ExperimentTypeEnumHandler - Unknown ExperimentType value 'null' will be stored as "Other"
2016-11-03 22:15:23,899 [main] WARN  ome.xml.model.enums.handlers.ExperimentTypeEnumHandler - Unknown ExperimentType value 'null' will be stored as "Other"
2016-11-03 22:15:23,928 [main] WARN  ome.xml.model.enums.handlers.ExperimentTypeEnumHandler - Unknown ExperimentType value 'null' will be stored as "Other"
2016-11-03 22:15:23,951 [main] WARN  ome.xml.model.enums.handlers.ExperimentTypeEnumHandler - Unknown ExperimentType value 'null' will be stored as "Other"
2016-11-03 22:15:23,972 [main] WARN  ome.xml.model.enums.handlers.ExperimentTypeEnumHandler - Unknown ExperimentType value 'null' will be stored as "Other"
2016-11-03 22:15:23,992 [main] WARN  ome.xml.model.enums.handlers.ExperimentTypeEnumHandler - Unknown ExperimentType value 'null' will be stored as "Other"
2016-11-03 22:15:24,006 [main] WARN  ome.xml.model.enums.handlers.ExperimentTypeEnumHandler - Unknown ExperimentType value 'null' will be stored as "Other"
2016-11-03 22:15:24,020 [main] WARN  ome.xml.model.enums.handlers.ExperimentTypeEnumHandler - Unknown ExperimentType value 'null' will be stored as "Other"
2016-11-03 22:15:24,051 [main] WARN  ome.xml.model.enums.handlers.ExperimentTypeEnumHandler - Unknown ExperimentType value 'null' will be stored as "Other"
2016-11-03 22:15:24,084 [main] WARN  ome.xml.model.enums.handlers.ExperimentTypeEnumHandler - Unknown ExperimentType value 'null' will be stored as "Other"
2016-11-03 22:15:24,097 [main] WARN  ome.xml.model.enums.handlers.ExperimentTypeEnumHandler - Unknown ExperimentType value 'null' will be stored as "Other"
2016-11-03 22:15:24,114 [main] WARN  ome.xml.model.enums.handlers.ExperimentTypeEnumHandler - Unknown ExperimentType value 'null' will be stored as "Other"
2016-11-03 22:15:24,200 [main] WARN  ome.xml.model.enums.handlers.ExperimentTypeEnumHandler - Unknown ExperimentType value 'null' will be stored as "Other"
2016-11-03 22:15:24,240 [main] WARN  ome.xml.model.enums.handlers.ExperimentTypeEnumHandler - Unknown ExperimentType value 'null' will be stored as "Other"
2016-11-03 22:15:24,266 [main] WARN  ome.xml.model.enums.handlers.ExperimentTypeEnumHandler - Unknown ExperimentType value 'null' will be stored as "Other"
2016-11-03 22:15:24,295 [main] WARN  ome.xml.model.enums.handlers.ExperimentTypeEnumHandler - Unknown ExperimentType value 'null' will be stored as "Other"
2016-11-03 22:15:24,365 [main] WARN  ome.xml.model.enums.handlers.ExperimentTypeEnumHandler - Unknown ExperimentType value 'null' will be stored as "Other"
2016-11-03 22:15:24,454 [main] WARN  ome.xml.model.enums.handlers.ExperimentTypeEnumHandler - Unknown ExperimentType value 'null' will be stored as "Other"
2016-11-03 22:15:24,479 [main] WARN  ome.xml.model.enums.handlers.ExperimentTypeEnumHandler - Unknown ExperimentType value 'null' will be stored as "Other"
2016-11-03 22:15:24,505 [main] WARN  ome.xml.model.enums.handlers.ExperimentTypeEnumHandler - Unknown ExperimentType value 'null' will be stored as "Other"
2016-11-03 22:15:24,576 [main] WARN  ome.xml.model.enums.handlers.ExperimentTypeEnumHandler - Unknown ExperimentType value 'null' will be stored as "Other"
2016-11-03 22:15:24,685 [main] WARN  ome.xml.model.enums.handlers.ExperimentTypeEnumHandler - Unknown ExperimentType value 'null' will be stored as "Other"
2016-11-03 22:15:24,710 [main] WARN  ome.xml.model.enums.handlers.ExperimentTypeEnumHandler - Unknown ExperimentType value 'null' will be stored as "Other"
2016-11-03 22:15:24,741 [main] WARN  ome.xml.model.enums.handlers.ExperimentTypeEnumHandler - Unknown ExperimentType value 'null' will be stored as "Other"
2016-11-03 22:15:24,856 [main] WARN  ome.xml.model.enums.handlers.ExperimentTypeEnumHandler - Unknown ExperimentType value 'null' will be stored as "Other"
2016-11-03 22:15:24,920 [main] WARN  ome.xml.model.enums.handlers.ExperimentTypeEnumHandler - Unknown ExperimentType value 'null' will be stored as "Other"
Tests run: 1152, Failures: 0, Errors: 0, Skipped: 0, Time elapsed: 100.29 sec - in TestSuite

Results :

Tests run: 1152, Failures: 0, Errors: 0, Skipped: 0

[INFO] 
[INFO] --- maven-jar-plugin:2.4:jar (default-jar) @ formats-bsd ---
[INFO] Building jar: /home/travis/build/openmicroscopy/bioformats/components/formats-bsd/target/formats-bsd-5.3.0-SNAPSHOT.jar
[INFO] 
[INFO] >>> maven-source-plugin:2.2.1:jar (default) > generate-sources @ formats-bsd >>>
[INFO] 
[INFO] --- buildnumber-maven-plugin:1.2:create (default) @ formats-bsd ---
[INFO] 
[INFO] --- gmaven-plugin:1.4:execute (default) @ formats-bsd ---
     [exec] Result: 128
128
fatal: no tag exactly matches '1994dac73e83d2a510df99f56431d888ec2126ff'
v5.3.0-m1-53-g1994dac
shortrevision = 1994dac
revision = 1994dac73e83d2a510df99f56431d888ec2126ff
release = 5.3.0-SNAPSHOT
[INFO] 
[INFO] <<< maven-source-plugin:2.2.1:jar (default) < generate-sources @ formats-bsd <<<
[INFO] 
[INFO] --- maven-source-plugin:2.2.1:jar (default) @ formats-bsd ---
[INFO] Building jar: /home/travis/build/openmicroscopy/bioformats/components/formats-bsd/target/formats-bsd-5.3.0-SNAPSHOT-sources.jar
[INFO] 
[INFO] --- maven-jar-plugin:2.4:test-jar (default) @ formats-bsd ---
[INFO] Building jar: /home/travis/build/openmicroscopy/bioformats/components/formats-bsd/target/formats-bsd-5.3.0-SNAPSHOT-tests.jar
[INFO] 
[INFO] --- maven-install-plugin:2.5.1:install (default-install) @ formats-bsd ---
[INFO] Installing /home/travis/build/openmicroscopy/bioformats/components/formats-bsd/target/formats-bsd-5.3.0-SNAPSHOT.jar to /home/travis/.m2/repository/ome/formats-bsd/5.3.0-SNAPSHOT/formats-bsd-5.3.0-SNAPSHOT.jar
[INFO] Installing /home/travis/build/openmicroscopy/bioformats/components/formats-bsd/pom.xml to /home/travis/.m2/repository/ome/formats-bsd/5.3.0-SNAPSHOT/formats-bsd-5.3.0-SNAPSHOT.pom
[INFO] Installing /home/travis/build/openmicroscopy/bioformats/components/formats-bsd/target/formats-bsd-5.3.0-SNAPSHOT-sources.jar to /home/travis/.m2/repository/ome/formats-bsd/5.3.0-SNAPSHOT/formats-bsd-5.3.0-SNAPSHOT-sources.jar
[INFO] Installing /home/travis/build/openmicroscopy/bioformats/components/formats-bsd/target/formats-bsd-5.3.0-SNAPSHOT-tests.jar to /home/travis/.m2/repository/ome/formats-bsd/5.3.0-SNAPSHOT/formats-bsd-5.3.0-SNAPSHOT-tests.jar
[INFO]                                                                         
[INFO] ------------------------------------------------------------------------
[INFO] Building Metakit 5.3.0-SNAPSHOT
[INFO] ------------------------------------------------------------------------
[INFO] 
[INFO] --- buildnumber-maven-plugin:1.2:create (default) @ metakit ---
[INFO] 
[INFO] --- gmaven-plugin:1.4:execute (default) @ metakit ---
     [exec] Result: 128
128
fatal: no tag exactly matches '1994dac73e83d2a510df99f56431d888ec2126ff'
v5.3.0-m1-53-g1994dac
shortrevision = 1994dac
revision = 1994dac73e83d2a510df99f56431d888ec2126ff
release = 5.3.0-SNAPSHOT
[INFO] 
[INFO] --- maven-resources-plugin:2.6:resources (default-resources) @ metakit ---
[INFO] Using 'UTF-8' encoding to copy filtered resources.
[INFO] Copying 0 resource
[INFO] skip non existing resourceDirectory /home/travis/build/openmicroscopy/bioformats/components/metakit/lib
[INFO] Copying 0 resource
[INFO] Copying 0 resource
[INFO] 
[INFO] --- maven-compiler-plugin:3.1:compile (default-compile) @ metakit ---
[INFO] Changes detected - recompiling the module!
[INFO] Compiling 5 source files to /home/travis/build/openmicroscopy/bioformats/components/metakit/target/classes
[WARNING] /home/travis/build/openmicroscopy/bioformats/components/metakit/src/ome/metakit/ColumnMap.java: /home/travis/build/openmicroscopy/bioformats/components/metakit/src/ome/metakit/ColumnMap.java uses unchecked or unsafe operations.
[WARNING] /home/travis/build/openmicroscopy/bioformats/components/metakit/src/ome/metakit/ColumnMap.java: Recompile with -Xlint:unchecked for details.
[INFO] 
[INFO] --- maven-resources-plugin:2.6:testResources (default-testResources) @ metakit ---
[INFO] Using 'UTF-8' encoding to copy filtered resources.
[INFO] Copying 2 resources
[INFO] 
[INFO] --- maven-compiler-plugin:3.1:testCompile (default-testCompile) @ metakit ---
[INFO] Changes detected - recompiling the module!
[INFO] Compiling 3 source files to /home/travis/build/openmicroscopy/bioformats/components/metakit/target/test-classes
[INFO] 
[INFO] --- maven-surefire-plugin:2.16:test (default-test) @ metakit ---
[INFO] Surefire report directory: /home/travis/build/openmicroscopy/bioformats/components/metakit/target/surefire-reports

-------------------------------------------------------
 T E S T S
-------------------------------------------------------
Running TestSuite
Tests run: 25, Failures: 0, Errors: 0, Skipped: 0, Time elapsed: 1.16 sec - in TestSuite

Results :

Tests run: 25, Failures: 0, Errors: 0, Skipped: 0

[INFO] 
[INFO] --- maven-jar-plugin:2.4:jar (default-jar) @ metakit ---
[INFO] Building jar: /home/travis/build/openmicroscopy/bioformats/components/metakit/target/metakit-5.3.0-SNAPSHOT.jar
[INFO] 
[INFO] >>> maven-source-plugin:2.2.1:jar (default) > generate-sources @ metakit >>>
[INFO] 
[INFO] --- buildnumber-maven-plugin:1.2:create (default) @ metakit ---
[INFO] 
[INFO] --- gmaven-plugin:1.4:execute (default) @ metakit ---
     [exec] Result: 128
128
fatal: no tag exactly matches '1994dac73e83d2a510df99f56431d888ec2126ff'
v5.3.0-m1-53-g1994dac
shortrevision = 1994dac
revision = 1994dac73e83d2a510df99f56431d888ec2126ff
release = 5.3.0-SNAPSHOT
[INFO] 
[INFO] <<< maven-source-plugin:2.2.1:jar (default) < generate-sources @ metakit <<<
[INFO] 
[INFO] --- maven-source-plugin:2.2.1:jar (default) @ metakit ---
[INFO] Building jar: /home/travis/build/openmicroscopy/bioformats/components/metakit/target/metakit-5.3.0-SNAPSHOT-sources.jar
[INFO] 
[INFO] --- maven-jar-plugin:2.4:test-jar (default) @ metakit ---
[INFO] Building jar: /home/travis/build/openmicroscopy/bioformats/components/metakit/target/metakit-5.3.0-SNAPSHOT-tests.jar
[INFO] 
[INFO] --- maven-install-plugin:2.5.1:install (default-install) @ metakit ---
[INFO] Installing /home/travis/build/openmicroscopy/bioformats/components/metakit/target/metakit-5.3.0-SNAPSHOT.jar to /home/travis/.m2/repository/ome/metakit/5.3.0-SNAPSHOT/metakit-5.3.0-SNAPSHOT.jar
[INFO] Installing /home/travis/build/openmicroscopy/bioformats/components/metakit/pom.xml to /home/travis/.m2/repository/ome/metakit/5.3.0-SNAPSHOT/metakit-5.3.0-SNAPSHOT.pom
[INFO] Installing /home/travis/build/openmicroscopy/bioformats/components/metakit/target/metakit-5.3.0-SNAPSHOT-sources.jar to /home/travis/.m2/repository/ome/metakit/5.3.0-SNAPSHOT/metakit-5.3.0-SNAPSHOT-sources.jar
[INFO] Installing /home/travis/build/openmicroscopy/bioformats/components/metakit/target/metakit-5.3.0-SNAPSHOT-tests.jar to /home/travis/.m2/repository/ome/metakit/5.3.0-SNAPSHOT/metakit-5.3.0-SNAPSHOT-tests.jar
[INFO]                                                                         
[INFO] ------------------------------------------------------------------------
[INFO] Building Bio-Formats library 5.3.0-SNAPSHOT
[INFO] ------------------------------------------------------------------------
Downloading: http://repo.maven.apache.org/maven2/org/openmicroscopy/ome-poi/5.3.1/ome-poi-5.3.1.pom
4/15 KB      7/15 KB   11/15 KB   11/15 KB   15/15 KB              Downloaded: http://repo.maven.apache.org/maven2/org/openmicroscopy/ome-poi/5.3.1/ome-poi-5.3.1.pom (15 KB at 1559.7 KB/sec)
Downloading: https://repository.apache.org/snapshots/ome/jxrlib-all/0.2.0-SNAPSHOT/maven-metadata.xml
Downloading: https://oss.sonatype.org/content/repositories/snapshots/ome/jxrlib-all/0.2.0-SNAPSHOT/maven-metadata.xml
Downloading: https://nexus.codehaus.org/snapshots/ome/jxrlib-all/0.2.0-SNAPSHOT/maven-metadata.xml
Downloading: http://artifacts.unidata.ucar.edu/content/repositories/unidata-releases/ome/jxrlib-all/0.2.0-SNAPSHOT/maven-metadata.xml
           Downloading: http://artifacts.openmicroscopy.org/artifactory/ome.external/ome/jxrlib-all/0.2.0-SNAPSHOT/maven-metadata.xml
           Downloading: http://artifacts.openmicroscopy.org/artifactory/ome.releases/ome/jxrlib-all/0.2.0-SNAPSHOT/maven-metadata.xml
           Downloading: http://artifacts.openmicroscopy.org/artifactory/ome.snapshots/ome/jxrlib-all/0.2.0-SNAPSHOT/maven-metadata.xml
           766/766 B   Downloading: http://artifacts.openmicroscopy.org/artifactory/ome.experimental/ome/jxrlib-all/0.2.0-SNAPSHOT/maven-metadata.xml
            Downloading: https://oss.sonatype.org/content/repositories/snapshots/ome/jxrlib-all/0.2.0-SNAPSHOT/maven-metadata.xml
            Downloaded: http://artifacts.openmicroscopy.org/artifactory/ome.snapshots/ome/jxrlib-all/0.2.0-SNAPSHOT/maven-metadata.xml (766 B at 2.0 KB/sec)
                                    [WARNING] Could not transfer metadata ome:jxrlib-all:0.2.0-SNAPSHOT/maven-metadata.xml from/to codehaus-snapshots (https://nexus.codehaus.org/snapshots/): nexus.codehaus.org: Name or service not known
[WARNING] Failure to transfer ome:jxrlib-all:0.2.0-SNAPSHOT/maven-metadata.xml from https://nexus.codehaus.org/snapshots/ was cached in the local repository, resolution will not be reattempted until the update interval of codehaus-snapshots has elapsed or updates are forced. Original error: Could not transfer metadata ome:jxrlib-all:0.2.0-SNAPSHOT/maven-metadata.xml from/to codehaus-snapshots (https://nexus.codehaus.org/snapshots/): nexus.codehaus.org: Name or service not known
Downloading: https://oss.sonatype.org/content/repositories/snapshots/ome/jxrlib-all/0.2.0-SNAPSHOT/jxrlib-all-0.2.0-20161021.150946-22.pom
            Downloading: https://repository.apache.org/snapshots/ome/jxrlib-all/0.2.0-SNAPSHOT/jxrlib-all-0.2.0-20161021.150946-22.pom
            Downloading: https://nexus.codehaus.org/snapshots/ome/jxrlib-all/0.2.0-SNAPSHOT/jxrlib-all-0.2.0-20161021.150946-22.pom
            Downloading: http://artifacts.unidata.ucar.edu/content/repositories/unidata-releases/ome/jxrlib-all/0.2.0-SNAPSHOT/jxrlib-all-0.2.0-20161021.150946-22.pom
            Downloading: http://artifacts.openmicroscopy.org/artifactory/ome.external/ome/jxrlib-all/0.2.0-SNAPSHOT/jxrlib-all-0.2.0-20161021.150946-22.pom
            Downloading: http://artifacts.openmicroscopy.org/artifactory/ome.releases/ome/jxrlib-all/0.2.0-SNAPSHOT/jxrlib-all-0.2.0-20161021.150946-22.pom
            Downloading: http://artifacts.openmicroscopy.org/artifactory/ome.snapshots/ome/jxrlib-all/0.2.0-SNAPSHOT/jxrlib-all-0.2.0-20161021.150946-22.pom
3/3 KB               Downloaded: http://artifacts.openmicroscopy.org/artifactory/ome.snapshots/ome/jxrlib-all/0.2.0-SNAPSHOT/jxrlib-all-0.2.0-20161021.150946-22.pom (3 KB at 6.3 KB/sec)
Downloading: http://repo.maven.apache.org/maven2/org/openmicroscopy/ome-poi/5.3.1/ome-poi-5.3.1.jar
4/930 KB   8/930 KB   12/930 KB   16/930 KB   20/930 KB   23/930 KB   24/930 KB   28/930 KB   32/930 KB   34/930 KB   38/930 KB   42/930 KB   45/930 KB   49/930 KB   53/930 KB   57/930 KB   61/930 KB   65/930 KB   69/930 KB   73/930 KB   77/930 KB   81/930 KB   85/930 KB   89/930 KB   93/930 KB   97/930 KB   99/930 KB   102/930 KB   106/930 KB   110/930 KB   113/930 KB   117/930 KB   121/930 KB   125/930 KB   129/930 KB   133/930 KB   137/930 KB   141/930 KB   145/930 KB   149/930 KB   153/930 KB   157/930 KB   161/930 KB   165/930 KB   169/930 KB   173/930 KB   177/930 KB   181/930 KB   185/930 KB   189/930 KB   193/930 KB   197/930 KB   201/930 KB   205/930 KB   209/930 KB   213/930 KB   217/930 KB   221/930 KB   225/930 KB   229/930 KB   233/930 KB   237/930 KB   241/930 KB   245/930 KB   249/930 KB   253/930 KB   257/930 KB   261/930 KB   265/930 KB   269/930 KB   273/930 KB   277/930 KB   281/930 KB   285/930 KB   289/930 KB   293/930 KB   297/930 KB   301/930 KB   305/930 KB   309/930 KB   313/930 KB   317/930 KB   321/930 KB   325/930 KB   329/930 KB   333/930 KB   337/930 KB   341/930 KB   345/930 KB   349/930 KB   353/930 KB   357/930 KB   361/930 KB   365/930 KB   369/930 KB   373/930 KB   377/930 KB   381/930 KB   385/930 KB   389/930 KB   393/930 KB   397/930 KB   401/930 KB   405/930 KB   409/930 KB   413/930 KB   417/930 KB   421/930 KB   425/930 KB   429/930 KB   433/930 KB   437/930 KB   441/930 KB   445/930 KB   449/930 KB   453/930 KB   457/930 KB   461/930 KB   465/930 KB   469/930 KB   473/930 KB   477/930 KB   481/930 KB   485/930 KB   489/930 KB   493/930 KB   497/930 KB   501/930 KB   505/930 KB   509/930 KB   513/930 KB   517/930 KB   521/930 KB   525/930 KB   529/930 KB   533/930 KB   537/930 KB   541/930 KB   545/930 KB   549/930 KB   553/930 KB   557/930 KB   561/930 KB   565/930 KB   569/930 KB   573/930 KB   577/930 KB   581/930 KB   585/930 KB   589/930 KB   593/930 KB   597/930 KB   601/930 KB   605/930 KB   609/930 KB   613/930 KB   617/930 KB   621/930 KB   625/930 KB   629/930 KB   633/930 KB   637/930 KB   641/930 KB   645/930 KB   649/930 KB   653/930 KB   657/930 KB   661/930 KB   665/930 KB   669/930 KB   673/930 KB   677/930 KB   681/930 KB   685/930 KB   689/930 KB   693/930 KB   697/930 KB   701/930 KB   705/930 KB   709/930 KB   713/930 KB   717/930 KB   721/930 KB   725/930 KB   729/930 KB   733/930 KB   737/930 KB   741/930 KB   745/930 KB   749/930 KB   753/930 KB   757/930 KB   761/930 KB   765/930 KB   769/930 KB   773/930 KB   777/930 KB   781/930 KB   785/930 KB   789/930 KB   793/930 KB   797/930 KB   801/930 KB   805/930 KB   809/930 KB   813/930 KB   817/930 KB   821/930 KB   825/930 KB   829/930 KB   833/930 KB   837/930 KB   841/930 KB   845/930 KB   849/930 KB   853/930 KB   857/930 KB   861/930 KB   865/930 KB   869/930 KB   873/930 KB   877/930 KB   881/930 KB   885/930 KB   889/930 KB   893/930 KB   897/930 KB   901/930 KB   905/930 KB   909/930 KB   913/930 KB   917/930 KB   921/930 KB   925/930 KB   929/930 KB   930/930 KB                Downloaded: http://repo.maven.apache.org/maven2/org/openmicroscopy/ome-poi/5.3.1/ome-poi-5.3.1.jar (930 KB at 18967.5 KB/sec)
Downloading: http://artifacts.openmicroscopy.org/artifactory/ome.snapshots/ome/jxrlib-all/0.2.0-SNAPSHOT/jxrlib-all-0.2.0-20161021.150946-22.jar
4/493 KB     8/493 KB   12/493 KB   14/493 KB   18/493 KB   22/493 KB   26/493 KB   30/493 KB   32/493 KB   35/493 KB   39/493 KB   43/493 KB   47/493 KB   51/493 KB   55/493 KB   59/493 KB   62/493 KB   64/493 KB   68/493 KB   72/493 KB   76/493 KB   80/493 KB   84/493 KB   88/493 KB   92/493 KB   96/493 KB   100/493 KB   104/493 KB   108/493 KB   112/493 KB   115/493 KB   117/493 KB   118/493 KB   122/493 KB   126/493 KB   130/493 KB   134/493 KB   138/493 KB   142/493 KB   146/493 KB   150/493 KB   154/493 KB   158/493 KB   162/493 KB   166/493 KB   170/493 KB   174/493 KB   178/493 KB   182/493 KB   186/493 KB   190/493 KB   194/493 KB   198/493 KB   202/493 KB   206/493 KB   207/493 KB   211/493 KB   215/493 KB   219/493 KB   223/493 KB   227/493 KB   231/493 KB   235/493 KB   239/493 KB   243/493 KB   247/493 KB   251/493 KB   255/493 KB   259/493 KB   263/493 KB   267/493 KB   271/493 KB   275/493 KB   279/493 KB   283/493 KB   287/493 KB   291/493 KB   295/493 KB   299/493 KB   303/493 KB   307/493 KB   311/493 KB   315/493 KB   319/493 KB   323/493 KB   327/493 KB   331/493 KB   333/493 KB   337/493 KB   339/493 KB   342/493 KB   343/493 KB   347/493 KB   351/493 KB   355/493 KB   359/493 KB   362/493 KB   366/493 KB   370/493 KB   374/493 KB   378/493 KB   382/493 KB   386/493 KB   390/493 KB   394/493 KB   398/493 KB   402/493 KB   406/493 KB   410/493 KB   414/493 KB   418/493 KB   422/493 KB   426/493 KB   430/493 KB   434/493 KB   438/493 KB   442/493 KB   446/493 KB   449/493 KB   452/493 KB   456/493 KB   460/493 KB   464/493 KB   468/493 KB   472/493 KB   476/493 KB   480/493 KB   484/493 KB   488/493 KB   492/493 KB   493/493 KB                Downloaded: http://artifacts.openmicroscopy.org/artifactory/ome.snapshots/ome/jxrlib-all/0.2.0-SNAPSHOT/jxrlib-all-0.2.0-20161021.150946-22.jar (493 KB at 525.2 KB/sec)
[INFO] 
[INFO] --- buildnumber-maven-plugin:1.2:create (default) @ formats-gpl ---
[INFO] 
[INFO] --- gmaven-plugin:1.4:execute (default) @ formats-gpl ---
     [exec] Result: 128
128
fatal: no tag exactly matches '1994dac73e83d2a510df99f56431d888ec2126ff'
v5.3.0-m1-53-g1994dac
shortrevision = 1994dac
revision = 1994dac73e83d2a510df99f56431d888ec2126ff
release = 5.3.0-SNAPSHOT
[INFO] 
[INFO] --- maven-resources-plugin:2.6:resources (default-resources) @ formats-gpl ---
[INFO] Using 'UTF-8' encoding to copy filtered resources.
[INFO] Copying 3 resources
[INFO] skip non existing resourceDirectory /home/travis/build/openmicroscopy/bioformats/components/formats-gpl/lib
[INFO] Copying 1 resource
[INFO] Copying 1 resource
[INFO] 
[INFO] --- maven-compiler-plugin:3.1:compile (default-compile) @ formats-gpl ---
[INFO] Changes detected - recompiling the module!
[INFO] Compiling 157 source files to /home/travis/build/openmicroscopy/bioformats/components/formats-gpl/target/classes
[WARNING] /home/travis/build/openmicroscopy/bioformats/components/formats-gpl/src/loci/formats/in/MIASReader.java: Some input files use or override a deprecated API.
[WARNING] /home/travis/build/openmicroscopy/bioformats/components/formats-gpl/src/loci/formats/in/MIASReader.java: Recompile with -Xlint:deprecation for details.
[WARNING] /home/travis/build/openmicroscopy/bioformats/components/formats-gpl/src/loci/formats/in/TCSReader.java: Some input files use unchecked or unsafe operations.
[WARNING] /home/travis/build/openmicroscopy/bioformats/components/formats-gpl/src/loci/formats/in/TCSReader.java: Recompile with -Xlint:unchecked for details.
[INFO] 
[INFO] --- maven-resources-plugin:2.6:testResources (default-testResources) @ formats-gpl ---
[INFO] Using 'UTF-8' encoding to copy filtered resources.
[INFO] Copying 26 resources
[INFO] 
[INFO] --- maven-compiler-plugin:3.1:testCompile (default-testCompile) @ formats-gpl ---
[INFO] Changes detected - recompiling the module!
[INFO] Compiling 27 source files to /home/travis/build/openmicroscopy/bioformats/components/formats-gpl/target/test-classes
[WARNING] /home/travis/build/openmicroscopy/bioformats/components/formats-gpl/test/loci/formats/utests/InOutCurrentTest.java: Some input files use unchecked or unsafe operations.
[WARNING] /home/travis/build/openmicroscopy/bioformats/components/formats-gpl/test/loci/formats/utests/InOutCurrentTest.java: Recompile with -Xlint:unchecked for details.
[INFO] 
[INFO] --- maven-surefire-plugin:2.16:test (default-test) @ formats-gpl ---
[INFO] Surefire report directory: /home/travis/build/openmicroscopy/bioformats/components/formats-gpl/target/surefire-reports

-------------------------------------------------------
 T E S T S
-------------------------------------------------------
Running TestSuite
2016-11-03 22:16:07,585 [main] WARN  ome.xml.model.OMEModelImpl - ome.xml.model.FilterSet@62c2bff3 reference to urn:lsid:foo.bar.com:Dichroic:123456 missing from object hierarchy.
2016-11-03 22:16:07,593 [main] WARN  ome.xml.model.OMEModelImpl - ome.xml.model.Laser@78110a1 reference to urn:lsid:foo.bar.com:LightSource:123789 missing from object hierarchy.
2016-11-03 22:16:07,879 [main] WARN  ome.xml.model.OMEModelImpl - ome.xml.model.Laser@14578681 reference to urn:lsid:foo.bar.com:LightSource:123789 missing from object hierarchy.
2016-11-03 22:16:07,880 [main] WARN  ome.xml.model.OMEModelImpl - ome.xml.model.FilterSet@7e3f8995 reference to urn:lsid:foo.bar.com:Dichroic:123456 missing from object hierarchy.
2016-11-03 22:16:08,494 [main] WARN  ome.xml.model.OMEModelImpl - ome.xml.model.FilterSet@7861a781 reference to urn:lsid:foo.bar.com:Dichroic:123456 missing from object hierarchy.
2016-11-03 22:16:08,495 [main] WARN  ome.xml.model.OMEModelImpl - ome.xml.model.Laser@1f5e8c9d reference to urn:lsid:foo.bar.com:LightSource:123789 missing from object hierarchy.
2016-11-03 22:16:08,694 [main] WARN  ome.xml.model.OMEModelImpl - ome.xml.model.FilterSet@b6b777c reference to urn:lsid:foo.bar.com:Dichroic:123456 missing from object hierarchy.
2016-11-03 22:16:08,694 [main] WARN  ome.xml.model.OMEModelImpl - ome.xml.model.Laser@1dcf287e reference to urn:lsid:foo.bar.com:LightSource:123789 missing from object hierarchy.
2016-11-03 22:16:09,384 [main] WARN  ome.xml.model.OMEModelImpl - ome.xml.model.FilterSet@66a27ae2 reference to urn:lsid:foo.bar.com:Dichroic:123456 missing from object hierarchy.
2016-11-03 22:16:09,384 [main] WARN  ome.xml.model.OMEModelImpl - ome.xml.model.Laser@23a0241b reference to urn:lsid:foo.bar.com:LightSource:123789 missing from object hierarchy.
2016-11-03 22:16:09,553 [main] WARN  ome.xml.model.OMEModelImpl - ome.xml.model.Laser@13aee7be reference to urn:lsid:foo.bar.com:LightSource:123789 missing from object hierarchy.
2016-11-03 22:16:09,553 [main] WARN  ome.xml.model.OMEModelImpl - ome.xml.model.FilterSet@3ff0750a reference to urn:lsid:foo.bar.com:Dichroic:123456 missing from object hierarchy.
2016-11-03 22:16:09,696 [main] WARN  ome.xml.model.OMEModelImpl - ome.xml.model.Laser@e55c068 reference to urn:lsid:foo.bar.com:LightSource:123789 missing from object hierarchy.
2016-11-03 22:16:09,696 [main] WARN  ome.xml.model.OMEModelImpl - ome.xml.model.FilterSet@1fcaf332 reference to urn:lsid:foo.bar.com:Dichroic:123456 missing from object hierarchy.
Tests run: 105, Failures: 0, Errors: 0, Skipped: 0, Time elapsed: 5.683 sec - in TestSuite

Results :

Tests run: 105, Failures: 0, Errors: 0, Skipped: 0

[INFO] 
[INFO] --- maven-surefire-plugin:2.16:test (missing-mdb-test) @ formats-gpl ---
[INFO] Surefire report directory: /home/travis/build/openmicroscopy/bioformats/components/formats-gpl/target/surefire-reports

-------------------------------------------------------
 T E S T S
-------------------------------------------------------
Running TestSuite
Tests run: 1, Failures: 0, Errors: 0, Skipped: 0, Time elapsed: 0.59 sec - in TestSuite

Results :

Tests run: 1, Failures: 0, Errors: 0, Skipped: 0

[INFO] 
[INFO] --- maven-surefire-plugin:2.16:test (missing-poi-test) @ formats-gpl ---
[INFO] Surefire report directory: /home/travis/build/openmicroscopy/bioformats/components/formats-gpl/target/surefire-reports

-------------------------------------------------------
 T E S T S
-------------------------------------------------------
Running TestSuite
Tests run: 1, Failures: 0, Errors: 0, Skipped: 0, Time elapsed: 1.691 sec - in TestSuite

Results :

Tests run: 1, Failures: 0, Errors: 0, Skipped: 0

[INFO] 
[INFO] --- maven-surefire-plugin:2.16:test (missing-netcdf-test) @ formats-gpl ---
[INFO] Surefire report directory: /home/travis/build/openmicroscopy/bioformats/components/formats-gpl/target/surefire-reports

-------------------------------------------------------
 T E S T S
-------------------------------------------------------
Running TestSuite
Tests run: 1, Failures: 0, Errors: 0, Skipped: 0, Time elapsed: 0.652 sec - in TestSuite

Results :

Tests run: 1, Failures: 0, Errors: 0, Skipped: 0

[INFO] 
[INFO] --- maven-jar-plugin:2.4:jar (default-jar) @ formats-gpl ---
[INFO] Building jar: /home/travis/build/openmicroscopy/bioformats/components/formats-gpl/target/formats-gpl-5.3.0-SNAPSHOT.jar
[INFO] 
[INFO] >>> maven-source-plugin:2.2.1:jar (default) > generate-sources @ formats-gpl >>>
[INFO] 
[INFO] --- buildnumber-maven-plugin:1.2:create (default) @ formats-gpl ---
[INFO] 
[INFO] --- gmaven-plugin:1.4:execute (default) @ formats-gpl ---
     [exec] Result: 128
128
fatal: no tag exactly matches '1994dac73e83d2a510df99f56431d888ec2126ff'
v5.3.0-m1-53-g1994dac
shortrevision = 1994dac
revision = 1994dac73e83d2a510df99f56431d888ec2126ff
release = 5.3.0-SNAPSHOT
[INFO] 
[INFO] <<< maven-source-plugin:2.2.1:jar (default) < generate-sources @ formats-gpl <<<
[INFO] 
[INFO] --- maven-source-plugin:2.2.1:jar (default) @ formats-gpl ---
[INFO] Building jar: /home/travis/build/openmicroscopy/bioformats/components/formats-gpl/target/formats-gpl-5.3.0-SNAPSHOT-sources.jar
[INFO] 
[INFO] --- maven-jar-plugin:2.4:test-jar (default) @ formats-gpl ---
[INFO] Building jar: /home/travis/build/openmicroscopy/bioformats/components/formats-gpl/target/formats-gpl-5.3.0-SNAPSHOT-tests.jar
[INFO] 
[INFO] --- maven-install-plugin:2.5.1:install (default-install) @ formats-gpl ---
[INFO] Installing /home/travis/build/openmicroscopy/bioformats/components/formats-gpl/target/formats-gpl-5.3.0-SNAPSHOT.jar to /home/travis/.m2/repository/ome/formats-gpl/5.3.0-SNAPSHOT/formats-gpl-5.3.0-SNAPSHOT.jar
[INFO] Installing /home/travis/build/openmicroscopy/bioformats/components/formats-gpl/pom.xml to /home/travis/.m2/repository/ome/formats-gpl/5.3.0-SNAPSHOT/formats-gpl-5.3.0-SNAPSHOT.pom
[INFO] Installing /home/travis/build/openmicroscopy/bioformats/components/formats-gpl/target/formats-gpl-5.3.0-SNAPSHOT-sources.jar to /home/travis/.m2/repository/ome/formats-gpl/5.3.0-SNAPSHOT/formats-gpl-5.3.0-SNAPSHOT-sources.jar
[INFO] Installing /home/travis/build/openmicroscopy/bioformats/components/formats-gpl/target/formats-gpl-5.3.0-SNAPSHOT-tests.jar to /home/travis/.m2/repository/ome/formats-gpl/5.3.0-SNAPSHOT/formats-gpl-5.3.0-SNAPSHOT-tests.jar
[INFO]                                                                         
[INFO] ------------------------------------------------------------------------
[INFO] Building Bio-Formats code generator 5.3.0-SNAPSHOT
[INFO] ------------------------------------------------------------------------
[WARNING] Failure to transfer ome:jxrlib-all:0.2.0-SNAPSHOT/maven-metadata.xml from https://nexus.codehaus.org/snapshots/ was cached in the local repository, resolution will not be reattempted until the update interval of codehaus-snapshots has elapsed or updates are forced. Original error: Could not transfer metadata ome:jxrlib-all:0.2.0-SNAPSHOT/maven-metadata.xml from/to codehaus-snapshots (https://nexus.codehaus.org/snapshots/): nexus.codehaus.org: Name or service not known
[INFO] 
[INFO] --- buildnumber-maven-plugin:1.2:create (default) @ bf-autogen ---
[INFO] 
[INFO] --- gmaven-plugin:1.4:execute (default) @ bf-autogen ---
     [exec] Result: 128
128
fatal: no tag exactly matches '1994dac73e83d2a510df99f56431d888ec2126ff'
v5.3.0-m1-53-g1994dac
shortrevision = 1994dac
revision = 1994dac73e83d2a510df99f56431d888ec2126ff
release = 5.3.0-SNAPSHOT
[INFO] 
[INFO] --- maven-resources-plugin:2.6:resources (default-resources) @ bf-autogen ---
[INFO] Using 'UTF-8' encoding to copy filtered resources.
[INFO] Copying 11 resources
[INFO] skip non existing resourceDirectory /home/travis/build/openmicroscopy/bioformats/components/autogen/lib
[INFO] Copying 0 resource
[INFO] Copying 0 resource
[INFO] 
[INFO] --- maven-compiler-plugin:3.1:compile (default-compile) @ bf-autogen ---
[INFO] Changes detected - recompiling the module!
[INFO] Compiling 10 source files to /home/travis/build/openmicroscopy/bioformats/components/autogen/target/classes
[WARNING] /home/travis/build/openmicroscopy/bioformats/components/autogen/src/MetaSupportList.java: /home/travis/build/openmicroscopy/bioformats/components/autogen/src/MetaSupportList.java uses or overrides a deprecated API.
[WARNING] /home/travis/build/openmicroscopy/bioformats/components/autogen/src/MetaSupportList.java: Recompile with -Xlint:deprecation for details.
[WARNING] /home/travis/build/openmicroscopy/bioformats/components/autogen/src/OriginalMetadataAutogen.java: /home/travis/build/openmicroscopy/bioformats/components/autogen/src/OriginalMetadataAutogen.java uses unchecked or unsafe operations.
[WARNING] /home/travis/build/openmicroscopy/bioformats/components/autogen/src/OriginalMetadataAutogen.java: Recompile with -Xlint:unchecked for details.
[INFO] 
[INFO] --- maven-resources-plugin:2.6:testResources (default-testResources) @ bf-autogen ---
[INFO] Using 'UTF-8' encoding to copy filtered resources.
[INFO] skip non existing resourceDirectory /home/travis/build/openmicroscopy/bioformats/components/autogen/test
[INFO] 
[INFO] --- maven-compiler-plugin:3.1:testCompile (default-testCompile) @ bf-autogen ---
[INFO] No sources to compile
[INFO] 
[INFO] --- maven-surefire-plugin:2.16:test (default-test) @ bf-autogen ---
[INFO] No tests to run.
[INFO] 
[INFO] --- maven-jar-plugin:2.4:jar (default-jar) @ bf-autogen ---
[INFO] Building jar: /home/travis/build/openmicroscopy/bioformats/components/autogen/target/bf-autogen-5.3.0-SNAPSHOT.jar
[INFO] 
[INFO] >>> maven-source-plugin:2.2.1:jar (default) > generate-sources @ bf-autogen >>>
[INFO] 
[INFO] --- buildnumber-maven-plugin:1.2:create (default) @ bf-autogen ---
[INFO] 
[INFO] --- gmaven-plugin:1.4:execute (default) @ bf-autogen ---
     [exec] Result: 128
128
fatal: no tag exactly matches '1994dac73e83d2a510df99f56431d888ec2126ff'
v5.3.0-m1-53-g1994dac
shortrevision = 1994dac
revision = 1994dac73e83d2a510df99f56431d888ec2126ff
release = 5.3.0-SNAPSHOT
[INFO] 
[INFO] <<< maven-source-plugin:2.2.1:jar (default) < generate-sources @ bf-autogen <<<
[INFO] 
[INFO] --- maven-source-plugin:2.2.1:jar (default) @ bf-autogen ---
[INFO] Building jar: /home/travis/build/openmicroscopy/bioformats/components/autogen/target/bf-autogen-5.3.0-SNAPSHOT-sources.jar
[INFO] 
[INFO] --- maven-jar-plugin:2.4:test-jar (default) @ bf-autogen ---
[INFO] Skipping packaging of the test-jar
[INFO] 
[INFO] --- maven-install-plugin:2.5.1:install (default-install) @ bf-autogen ---
[INFO] Installing /home/travis/build/openmicroscopy/bioformats/components/autogen/target/bf-autogen-5.3.0-SNAPSHOT.jar to /home/travis/.m2/repository/ome/bf-autogen/5.3.0-SNAPSHOT/bf-autogen-5.3.0-SNAPSHOT.jar
[INFO] Installing /home/travis/build/openmicroscopy/bioformats/components/autogen/pom.xml to /home/travis/.m2/repository/ome/bf-autogen/5.3.0-SNAPSHOT/bf-autogen-5.3.0-SNAPSHOT.pom
[INFO] Installing /home/travis/build/openmicroscopy/bioformats/components/autogen/target/bf-autogen-5.3.0-SNAPSHOT-sources.jar to /home/travis/.m2/repository/ome/bf-autogen/5.3.0-SNAPSHOT/bf-autogen-5.3.0-SNAPSHOT-sources.jar
[INFO]                                                                         
[INFO] ------------------------------------------------------------------------
[INFO] Building Bio-Formats Plugins for ImageJ 5.3.0-SNAPSHOT
[INFO] ------------------------------------------------------------------------
[INFO] 
[INFO] --- buildnumber-maven-plugin:1.2:create (default) @ bio-formats_plugins ---
[INFO] 
[INFO] --- gmaven-plugin:1.4:execute (default) @ bio-formats_plugins ---
     [exec] Result: 128
128
fatal: no tag exactly matches '1994dac73e83d2a510df99f56431d888ec2126ff'
v5.3.0-m1-53-g1994dac
shortrevision = 1994dac
revision = 1994dac73e83d2a510df99f56431d888ec2126ff
release = 5.3.0-SNAPSHOT
[INFO] 
[INFO] --- maven-resources-plugin:2.6:resources (default-resources) @ bio-formats_plugins ---
[INFO] Using 'UTF-8' encoding to copy filtered resources.
[INFO] Copying 3 resources
[INFO] skip non existing resourceDirectory /home/travis/build/openmicroscopy/bioformats/components/bio-formats-plugins/lib
[INFO] Copying 0 resource
[INFO] Copying 0 resource
[INFO] 
[INFO] --- maven-compiler-plugin:3.1:compile (default-compile) @ bio-formats_plugins ---
[INFO] Changes detected - recompiling the module!
[INFO] Compiling 71 source files to /home/travis/build/openmicroscopy/bioformats/components/bio-formats-plugins/target/classes
[WARNING] /home/travis/build/openmicroscopy/bioformats/components/bio-formats-plugins/src/loci/plugins/in/DisplayHandler.java: Some input files use or override a deprecated API.
[WARNING] /home/travis/build/openmicroscopy/bioformats/components/bio-formats-plugins/src/loci/plugins/in/DisplayHandler.java: Recompile with -Xlint:deprecation for details.
[WARNING] /home/travis/build/openmicroscopy/bioformats/components/bio-formats-plugins/src/loci/plugins/config/ConfigWindow.java: /home/travis/build/openmicroscopy/bioformats/components/bio-formats-plugins/src/loci/plugins/config/ConfigWindow.java uses unchecked or unsafe operations.
[WARNING] /home/travis/build/openmicroscopy/bioformats/components/bio-formats-plugins/src/loci/plugins/config/ConfigWindow.java: Recompile with -Xlint:unchecked for details.
[INFO] 
[INFO] --- maven-resources-plugin:2.6:testResources (default-testResources) @ bio-formats_plugins ---
[INFO] Using 'UTF-8' encoding to copy filtered resources.
[INFO] Copying 1 resource
[INFO] 
[INFO] --- maven-compiler-plugin:3.1:testCompile (default-testCompile) @ bio-formats_plugins ---
[INFO] Changes detected - recompiling the module!
[INFO] Compiling 3 source files to /home/travis/build/openmicroscopy/bioformats/components/bio-formats-plugins/target/test-classes
[INFO] 
[INFO] --- maven-surefire-plugin:2.16:test (default-test) @ bio-formats_plugins ---
[INFO] Surefire report directory: /home/travis/build/openmicroscopy/bioformats/components/bio-formats-plugins/target/surefire-reports

-------------------------------------------------------
 T E S T S
-------------------------------------------------------
Running TestSuite
Warning: Data has too many channels for Colorized color mode
Warning: Data has too many channels for Colorized color mode
Warning: Data has too many channels for Colorized color mode
Warning: Data has too many channels for Colorized color mode
Warning: Data has too many channels for Colorized color mode
Warning: Data has too many channels for Colorized color mode
Warning: Data has too many channels for Colorized color mode
Warning: Data has too many channels for Colorized color mode
Warning: Data has too many channels for Composite color mode
Warning: Data has too many channels for Composite color mode
Warning: Data has too many channels for Composite color mode
Warning: Data has too many channels for Composite color mode
Warning: Data has too many channels for Composite color mode
Warning: Data has too many channels for Composite color mode
Warning: Data has too many channels for Composite color mode
Warning: Data has too many channels for Composite color mode
Warning: Data has too many channels for Composite color mode
Warning: Data has too many channels for Composite color mode
Warning: Data has too many channels for Composite color mode
Warning: Data has too many channels for Composite color mode
Warning: Data has too many channels for Composite color mode
Warning: Data has too many channels for Composite color mode
Warning: Data has too many channels for Composite color mode
Warning: Data has too many channels for Composite color mode
Warning: Data has too many channels for Composite color mode
Warning: Data has too many channels for Composite color mode
Warning: Data has too many channels for Composite color mode
Warning: Data has too many channels for Composite color mode
Warning: Data has too many channels for Composite color mode
Warning: Data has too many channels for Composite color mode
Warning: Data has too many channels for Composite color mode
Warning: Data has too many channels for Composite color mode
Warning: Data has too many channels for Composite color mode
Warning: Data has too many channels for Composite color mode
Warning: Data has too many channels for Composite color mode
Warning: Data has too many channels for Composite color mode
Warning: Data has too many channels for Composite color mode
Warning: Data has too many channels for Composite color mode
Warning: Data has too many channels for Composite color mode
Warning: Data has too many channels for Composite color mode
Warning: Data has too many channels for Composite color mode
Warning: Data has too many channels for Composite color mode
Warning: Data has too many channels for Composite color mode
Warning: Data has too many channels for Composite color mode
Warning: Data has too many channels for Composite color mode
Warning: Data has too many channels for Composite color mode
Warning: Data has too many channels for Composite color mode
Warning: Data has too many channels for Composite color mode
Warning: Data has too many channels for Composite color mode
Warning: Data has too many channels for Composite color mode
Warning: Data has too many channels for Composite color mode
Warning: Data has too many channels for Composite color mode
Warning: Data has too many channels for Composite color mode
Warning: Data has too many channels for Composite color mode
Warning: Data has too many channels for Composite color mode
Warning: Data has too many channels for Composite color mode
Warning: Data has too many channels for Composite color mode
Warning: Data has too many channels for Composite color mode
Warning: Data has too many channels for Composite color mode
Warning: Data has too many channels for Composite color mode
Warning: Data has too many channels for Composite color mode
Warning: Data has too many channels for Composite color mode
Warning: Data has too many channels for Composite color mode
Warning: Data has too many channels for Composite color mode
Warning: Data has too many channels for Composite color mode
Warning: Data has too many channels for Composite color mode
Warning: Data has too many channels for Composite color mode
Warning: Data has too many channels for Composite color mode
Warning: Data has too many channels for Composite color mode
Warning: Data has too many channels for Composite color mode
Warning: Data has too many channels for Composite color mode
Warning: Data has too many channels for Composite color mode
Warning: Data has too many channels for Composite color mode
Warning: Data has too many channels for Composite color mode
Warning: Data has too many channels for Composite color mode
Warning: Data has too many channels for Composite color mode
Warning: Data has too many channels for Custom color mode
Warning: Data has too many channels for Custom color mode
Warning: Data has too many channels for Custom color mode
Warning: Data has too many channels for Custom color mode
Warning: Data has too many channels for Custom color mode
Warning: Data has too many channels for Custom color mode
Warning: Data has too many channels for Custom color mode
Warning: Data has too many channels for Custom color mode
Warning: Data has too many channels for Default color mode
Warning: Data has too many channels for Default color mode
Warning: Data has too many channels for Default color mode
Warning: Data has too many channels for Default color mode
Warning: Data has too many channels for Default color mode
Warning: Data has too many channels for Default color mode
Warning: Data has too many channels for Default color mode
Warning: Data has too many channels for Default color mode
Warning: Data has too many channels for Default color mode
Warning: Data has too many channels for Default color mode
Warning: Data has too many channels for Default color mode
Warning: Data has too many channels for Default color mode
Warning: Data has too many channels for Default color mode
Warning: Data has too many channels for Default color mode
Warning: Data has too many channels for Default color mode
Warning: Data has too many channels for Default color mode
Warning: Data has too many channels for Grayscale color mode
Warning: Data has too many channels for Grayscale color mode
Warning: Data has too many channels for Grayscale color mode
Warning: Data has too many channels for Grayscale color mode
Warning: Data has too many channels for Grayscale color mode
Warning: Data has too many channels for Grayscale color mode
Warning: Data has too many channels for Grayscale color mode
Warning: Data has too many channels for Grayscale color mode
Warning: Data has too many channels for Colorized color mode
Warning: Data has too many channels for Colorized color mode
Warning: Data has too many channels for Colorized color mode
Warning: Data has too many channels for Default color mode
Tests run: 30, Failures: 0, Errors: 0, Skipped: 0, Time elapsed: 15.209 sec - in TestSuite

Results :

Tests run: 30, Failures: 0, Errors: 0, Skipped: 0

[INFO] 
[INFO] --- maven-jar-plugin:2.4:jar (default-jar) @ bio-formats_plugins ---
[INFO] Building jar: /home/travis/build/openmicroscopy/bioformats/components/bio-formats-plugins/target/bio-formats_plugins-5.3.0-SNAPSHOT.jar
[INFO] 
[INFO] >>> maven-source-plugin:2.2.1:jar (default) > generate-sources @ bio-formats_plugins >>>
[INFO] 
[INFO] --- buildnumber-maven-plugin:1.2:create (default) @ bio-formats_plugins ---
[INFO] 
[INFO] --- gmaven-plugin:1.4:execute (default) @ bio-formats_plugins ---
     [exec] Result: 128
128
fatal: no tag exactly matches '1994dac73e83d2a510df99f56431d888ec2126ff'
v5.3.0-m1-53-g1994dac
shortrevision = 1994dac
revision = 1994dac73e83d2a510df99f56431d888ec2126ff
release = 5.3.0-SNAPSHOT
[INFO] 
[INFO] <<< maven-source-plugin:2.2.1:jar (default) < generate-sources @ bio-formats_plugins <<<
[INFO] 
[INFO] --- maven-source-plugin:2.2.1:jar (default) @ bio-formats_plugins ---
[INFO] Building jar: /home/travis/build/openmicroscopy/bioformats/components/bio-formats-plugins/target/bio-formats_plugins-5.3.0-SNAPSHOT-sources.jar
[INFO] 
[INFO] --- maven-jar-plugin:2.4:test-jar (default) @ bio-formats_plugins ---
[INFO] Building jar: /home/travis/build/openmicroscopy/bioformats/components/bio-formats-plugins/target/bio-formats_plugins-5.3.0-SNAPSHOT-tests.jar
[INFO] 
[INFO] --- maven-install-plugin:2.5.1:install (default-install) @ bio-formats_plugins ---
[INFO] Installing /home/travis/build/openmicroscopy/bioformats/components/bio-formats-plugins/target/bio-formats_plugins-5.3.0-SNAPSHOT.jar to /home/travis/.m2/repository/ome/bio-formats_plugins/5.3.0-SNAPSHOT/bio-formats_plugins-5.3.0-SNAPSHOT.jar
[INFO] Installing /home/travis/build/openmicroscopy/bioformats/components/bio-formats-plugins/pom.xml to /home/travis/.m2/repository/ome/bio-formats_plugins/5.3.0-SNAPSHOT/bio-formats_plugins-5.3.0-SNAPSHOT.pom
[INFO] Installing /home/travis/build/openmicroscopy/bioformats/components/bio-formats-plugins/target/bio-formats_plugins-5.3.0-SNAPSHOT-sources.jar to /home/travis/.m2/repository/ome/bio-formats_plugins/5.3.0-SNAPSHOT/bio-formats_plugins-5.3.0-SNAPSHOT-sources.jar
[INFO] Installing /home/travis/build/openmicroscopy/bioformats/components/bio-formats-plugins/target/bio-formats_plugins-5.3.0-SNAPSHOT-tests.jar to /home/travis/.m2/repository/ome/bio-formats_plugins/5.3.0-SNAPSHOT/bio-formats_plugins-5.3.0-SNAPSHOT-tests.jar
[INFO]                                                                         
[INFO] ------------------------------------------------------------------------
[INFO] Building Bio-Formats command line tools 5.3.0-SNAPSHOT
[INFO] ------------------------------------------------------------------------
[INFO] 
[INFO] --- buildnumber-maven-plugin:1.2:create (default) @ bio-formats-tools ---
[INFO] 
[INFO] --- gmaven-plugin:1.4:execute (default) @ bio-formats-tools ---
     [exec] Result: 128
128
fatal: no tag exactly matches '1994dac73e83d2a510df99f56431d888ec2126ff'
v5.3.0-m1-53-g1994dac
shortrevision = 1994dac
revision = 1994dac73e83d2a510df99f56431d888ec2126ff
release = 5.3.0-SNAPSHOT
[INFO] 
[INFO] --- maven-resources-plugin:2.6:resources (default-resources) @ bio-formats-tools ---
[INFO] Using 'UTF-8' encoding to copy filtered resources.
[INFO] Copying 0 resource
[INFO] skip non existing resourceDirectory /home/travis/build/openmicroscopy/bioformats/components/bio-formats-tools/lib
[INFO] Copying 0 resource
[INFO] Copying 0 resource
[INFO] 
[INFO] --- maven-compiler-plugin:3.1:compile (default-compile) @ bio-formats-tools ---
[INFO] Changes detected - recompiling the module!
[INFO] Compiling 9 source files to /home/travis/build/openmicroscopy/bioformats/components/bio-formats-tools/target/classes
[INFO] 
[INFO] --- maven-resources-plugin:2.6:testResources (default-testResources) @ bio-formats-tools ---
[INFO] Using 'UTF-8' encoding to copy filtered resources.
[INFO] skip non existing resourceDirectory /home/travis/build/openmicroscopy/bioformats/components/bio-formats-tools/test
[INFO] 
[INFO] --- maven-compiler-plugin:3.1:testCompile (default-testCompile) @ bio-formats-tools ---
[INFO] No sources to compile
[INFO] 
[INFO] --- maven-surefire-plugin:2.16:test (default-test) @ bio-formats-tools ---
[INFO] No tests to run.
[INFO] 
[INFO] --- maven-jar-plugin:2.4:jar (default-jar) @ bio-formats-tools ---
[INFO] Building jar: /home/travis/build/openmicroscopy/bioformats/components/bio-formats-tools/target/bio-formats-tools-5.3.0-SNAPSHOT.jar
[INFO] 
[INFO] >>> maven-source-plugin:2.2.1:jar (default) > generate-sources @ bio-formats-tools >>>
[INFO] 
[INFO] --- buildnumber-maven-plugin:1.2:create (default) @ bio-formats-tools ---
[INFO] 
[INFO] --- gmaven-plugin:1.4:execute (default) @ bio-formats-tools ---
     [exec] Result: 128
128
fatal: no tag exactly matches '1994dac73e83d2a510df99f56431d888ec2126ff'
v5.3.0-m1-53-g1994dac
shortrevision = 1994dac
revision = 1994dac73e83d2a510df99f56431d888ec2126ff
release = 5.3.0-SNAPSHOT
[INFO] 
[INFO] <<< maven-source-plugin:2.2.1:jar (default) < generate-sources @ bio-formats-tools <<<
[INFO] 
[INFO] --- maven-source-plugin:2.2.1:jar (default) @ bio-formats-tools ---
[INFO] Building jar: /home/travis/build/openmicroscopy/bioformats/components/bio-formats-tools/target/bio-formats-tools-5.3.0-SNAPSHOT-sources.jar
[INFO] 
[INFO] --- maven-jar-plugin:2.4:test-jar (default) @ bio-formats-tools ---
[INFO] Skipping packaging of the test-jar
[INFO] 
[INFO] --- maven-install-plugin:2.5.1:install (default-install) @ bio-formats-tools ---
[INFO] Installing /home/travis/build/openmicroscopy/bioformats/components/bio-formats-tools/target/bio-formats-tools-5.3.0-SNAPSHOT.jar to /home/travis/.m2/repository/ome/bio-formats-tools/5.3.0-SNAPSHOT/bio-formats-tools-5.3.0-SNAPSHOT.jar
[INFO] Installing /home/travis/build/openmicroscopy/bioformats/components/bio-formats-tools/pom.xml to /home/travis/.m2/repository/ome/bio-formats-tools/5.3.0-SNAPSHOT/bio-formats-tools-5.3.0-SNAPSHOT.pom
[INFO] Installing /home/travis/build/openmicroscopy/bioformats/components/bio-formats-tools/target/bio-formats-tools-5.3.0-SNAPSHOT-sources.jar to /home/travis/.m2/repository/ome/bio-formats-tools/5.3.0-SNAPSHOT/bio-formats-tools-5.3.0-SNAPSHOT-sources.jar
[INFO]                                                                         
[INFO] ------------------------------------------------------------------------
[INFO] Building bioformats_package bundle 5.3.0-SNAPSHOT
[INFO] ------------------------------------------------------------------------
[INFO] 
[INFO] --- buildnumber-maven-plugin:1.2:create (default) @ bioformats_package ---
[INFO] 
[INFO] --- gmaven-plugin:1.4:execute (default) @ bioformats_package ---
     [exec] Result: 128
128
fatal: no tag exactly matches '1994dac73e83d2a510df99f56431d888ec2126ff'
v5.3.0-m1-53-g1994dac
shortrevision = 1994dac
revision = 1994dac73e83d2a510df99f56431d888ec2126ff
release = 5.3.0-SNAPSHOT
[INFO] 
[INFO] >>> maven-source-plugin:2.2.1:jar (default) > generate-sources @ bioformats_package >>>
[INFO] 
[INFO] --- buildnumber-maven-plugin:1.2:create (default) @ bioformats_package ---
[INFO] 
[INFO] --- gmaven-plugin:1.4:execute (default) @ bioformats_package ---
     [exec] Result: 128
128
fatal: no tag exactly matches '1994dac73e83d2a510df99f56431d888ec2126ff'
v5.3.0-m1-53-g1994dac
shortrevision = 1994dac
revision = 1994dac73e83d2a510df99f56431d888ec2126ff
release = 5.3.0-SNAPSHOT
[INFO] 
[INFO] <<< maven-source-plugin:2.2.1:jar (default) < generate-sources @ bioformats_package <<<
[INFO] 
[INFO] --- maven-source-plugin:2.2.1:jar (default) @ bioformats_package ---
[INFO] 
[INFO] --- maven-assembly-plugin:2.4:single (make-assembly) @ bioformats_package ---
[INFO] Reading assembly descriptor: assembly.xml
[WARNING] Failure to transfer ome:jxrlib-all:0.2.0-SNAPSHOT/maven-metadata.xml from https://nexus.codehaus.org/snapshots/ was cached in the local repository, resolution will not be reattempted until the update interval of codehaus-snapshots has elapsed or updates are forced. Original error: Could not transfer metadata ome:jxrlib-all:0.2.0-SNAPSHOT/maven-metadata.xml from/to codehaus-snapshots (https://nexus.codehaus.org/snapshots/): nexus.codehaus.org: Name or service not known
[WARNING] The following patterns were never triggered in this artifact exclusion filter:
o  'gov.nih.imagej:imagej'
o  'org.springframework:spring*'
o  'aopalliance:aopalliance'
o  'org.aspectj:aspectj*'
o  'org.slf4j:slf4j-log4j12'
o  'log4j:log4j'
o  'org.testng:testng'
o  'com.beust:jcommander'
o  'org.yaml:snakeyaml'
o  'org.beanshell:bsh'
o  'edu.princeton.cup:java-cup'
o  'org.apache.bcel:bcel'
o  'commons-codec:commons-codec'
o  'regexp:regexp'
o  'org.apache.ant:ant-trax'
o  'edu.ucar:udunits'
o  'javax.servlet:servlet-api'

[INFO] Building jar: /home/travis/build/openmicroscopy/bioformats/components/bundles/bioformats_package/target/bioformats_package-5.3.0-SNAPSHOT.jar
[INFO] 
[INFO] --- maven-install-plugin:2.5.1:install (default-install) @ bioformats_package ---
[INFO] Installing /home/travis/build/openmicroscopy/bioformats/components/bundles/bioformats_package/pom.xml to /home/travis/.m2/repository/ome/bioformats_package/5.3.0-SNAPSHOT/bioformats_package-5.3.0-SNAPSHOT.pom
[INFO] Installing /home/travis/build/openmicroscopy/bioformats/components/bundles/bioformats_package/target/bioformats_package-5.3.0-SNAPSHOT.jar to /home/travis/.m2/repository/ome/bioformats_package/5.3.0-SNAPSHOT/bioformats_package-5.3.0-SNAPSHOT.jar
[INFO]                                                                         
[INFO] ------------------------------------------------------------------------
[INFO] Building LOCI Tools bundle 5.3.0-SNAPSHOT
[INFO] ------------------------------------------------------------------------
[INFO] 
[INFO] --- buildnumber-maven-plugin:1.2:create (default) @ loci_tools ---
[INFO] 
[INFO] --- gmaven-plugin:1.4:execute (default) @ loci_tools ---
     [exec] Result: 128
128
fatal: no tag exactly matches '1994dac73e83d2a510df99f56431d888ec2126ff'
v5.3.0-m1-53-g1994dac
shortrevision = 1994dac
revision = 1994dac73e83d2a510df99f56431d888ec2126ff
release = 5.3.0-SNAPSHOT
[INFO] 
[INFO] >>> maven-source-plugin:2.2.1:jar (default) > generate-sources @ loci_tools >>>
[INFO] 
[INFO] --- buildnumber-maven-plugin:1.2:create (default) @ loci_tools ---
[INFO] 
[INFO] --- gmaven-plugin:1.4:execute (default) @ loci_tools ---
     [exec] Result: 128
128
fatal: no tag exactly matches '1994dac73e83d2a510df99f56431d888ec2126ff'
v5.3.0-m1-53-g1994dac
shortrevision = 1994dac
revision = 1994dac73e83d2a510df99f56431d888ec2126ff
release = 5.3.0-SNAPSHOT
[INFO] 
[INFO] <<< maven-source-plugin:2.2.1:jar (default) < generate-sources @ loci_tools <<<
[INFO] 
[INFO] --- maven-source-plugin:2.2.1:jar (default) @ loci_tools ---
[INFO] 
[INFO] --- maven-assembly-plugin:2.4:single (make-assembly) @ loci_tools ---
[INFO] Reading assembly descriptor: assembly.xml
[WARNING] The following patterns were never triggered in this artifact exclusion filter:
o  'gov.nih.imagej:imagej'
o  'org.testng:testng'
o  'com.beust:jcommander'
o  'org.yaml:snakeyaml'
o  'org.beanshell:bsh'
o  'edu.princeton.cup:java-cup'
o  'org.apache.bcel:bcel'
o  'commons-codec:commons-codec'
o  'regexp:regexp'
o  'org.apache.ant:ant-trax'
o  'edu.ucar:udunits'
o  'javax.servlet:servlet-api'

[INFO] Building jar: /home/travis/build/openmicroscopy/bioformats/components/bundles/loci_tools/target/loci_tools-5.3.0-SNAPSHOT.jar
[INFO] 
[INFO] --- maven-install-plugin:2.5.1:install (default-install) @ loci_tools ---
[INFO] Installing /home/travis/build/openmicroscopy/bioformats/components/bundles/loci_tools/pom.xml to /home/travis/.m2/repository/ome/loci_tools/5.3.0-SNAPSHOT/loci_tools-5.3.0-SNAPSHOT.pom
[INFO] Installing /home/travis/build/openmicroscopy/bioformats/components/bundles/loci_tools/target/loci_tools-5.3.0-SNAPSHOT.jar to /home/travis/.m2/repository/ome/loci_tools/5.3.0-SNAPSHOT/loci_tools-5.3.0-SNAPSHOT.jar
[INFO]                                                                         
[INFO] ------------------------------------------------------------------------
[INFO] Building Bio-Formats testing framework 5.3.0-SNAPSHOT
[INFO] ------------------------------------------------------------------------
[INFO] 
[INFO] --- buildnumber-maven-plugin:1.2:create (default) @ test-suite ---
[INFO] 
[INFO] --- gmaven-plugin:1.4:execute (default) @ test-suite ---
     [exec] Result: 128
128
fatal: no tag exactly matches '1994dac73e83d2a510df99f56431d888ec2126ff'
v5.3.0-m1-53-g1994dac
shortrevision = 1994dac
revision = 1994dac73e83d2a510df99f56431d888ec2126ff
release = 5.3.0-SNAPSHOT
[INFO] 
[INFO] --- maven-resources-plugin:2.6:resources (default-resources) @ test-suite ---
[INFO] Using 'UTF-8' encoding to copy filtered resources.
[INFO] Copying 0 resource
[INFO] skip non existing resourceDirectory /home/travis/build/openmicroscopy/bioformats/components/test-suite/lib
[INFO] Copying 0 resource
[INFO] Copying 0 resource
[INFO] 
[INFO] --- maven-compiler-plugin:3.1:compile (default-compile) @ test-suite ---
[INFO] Changes detected - recompiling the module!
[INFO] Compiling 20 source files to /home/travis/build/openmicroscopy/bioformats/components/test-suite/target/classes
[WARNING] /home/travis/build/openmicroscopy/bioformats/components/test-suite/src/loci/tests/testng/OrderingListener.java: /home/travis/build/openmicroscopy/bioformats/components/test-suite/src/loci/tests/testng/OrderingListener.java uses or overrides a deprecated API.
[WARNING] /home/travis/build/openmicroscopy/bioformats/components/test-suite/src/loci/tests/testng/OrderingListener.java: Recompile with -Xlint:deprecation for details.
[WARNING] /home/travis/build/openmicroscopy/bioformats/components/test-suite/src/loci/tests/testng/FormatWriterTestFactory.java: Some input files use unchecked or unsafe operations.
[WARNING] /home/travis/build/openmicroscopy/bioformats/components/test-suite/src/loci/tests/testng/FormatWriterTestFactory.java: Recompile with -Xlint:unchecked for details.
[INFO] 
[INFO] --- maven-resources-plugin:2.6:testResources (default-testResources) @ test-suite ---
[INFO] Using 'UTF-8' encoding to copy filtered resources.
[INFO] skip non existing resourceDirectory /home/travis/build/openmicroscopy/bioformats/components/test-suite/test
[INFO] 
[INFO] --- maven-compiler-plugin:3.1:testCompile (default-testCompile) @ test-suite ---
[INFO] No sources to compile
[INFO] 
[INFO] --- maven-surefire-plugin:2.16:test (default-test) @ test-suite ---
[INFO] No tests to run.
[INFO] 
[INFO] --- maven-jar-plugin:2.4:jar (default-jar) @ test-suite ---
[INFO] Building jar: /home/travis/build/openmicroscopy/bioformats/components/test-suite/target/test-suite-5.3.0-SNAPSHOT.jar
[INFO] 
[INFO] >>> maven-source-plugin:2.2.1:jar (default) > generate-sources @ test-suite >>>
[INFO] 
[INFO] --- buildnumber-maven-plugin:1.2:create (default) @ test-suite ---
[INFO] 
[INFO] --- gmaven-plugin:1.4:execute (default) @ test-suite ---
     [exec] Result: 128
128
fatal: no tag exactly matches '1994dac73e83d2a510df99f56431d888ec2126ff'
v5.3.0-m1-53-g1994dac
shortrevision = 1994dac
revision = 1994dac73e83d2a510df99f56431d888ec2126ff
release = 5.3.0-SNAPSHOT
[INFO] 
[INFO] <<< maven-source-plugin:2.2.1:jar (default) < generate-sources @ test-suite <<<
[INFO] 
[INFO] --- maven-source-plugin:2.2.1:jar (default) @ test-suite ---
[INFO] Building jar: /home/travis/build/openmicroscopy/bioformats/components/test-suite/target/test-suite-5.3.0-SNAPSHOT-sources.jar
[INFO] 
[INFO] --- maven-jar-plugin:2.4:test-jar (default) @ test-suite ---
[INFO] Skipping packaging of the test-jar
[INFO] 
[INFO] --- maven-install-plugin:2.5.1:install (default-install) @ test-suite ---
[INFO] Installing /home/travis/build/openmicroscopy/bioformats/components/test-suite/target/test-suite-5.3.0-SNAPSHOT.jar to /home/travis/.m2/repository/ome/test-suite/5.3.0-SNAPSHOT/test-suite-5.3.0-SNAPSHOT.jar
[INFO] Installing /home/travis/build/openmicroscopy/bioformats/components/test-suite/pom.xml to /home/travis/.m2/repository/ome/test-suite/5.3.0-SNAPSHOT/test-suite-5.3.0-SNAPSHOT.pom
[INFO] Installing /home/travis/build/openmicroscopy/bioformats/components/test-suite/target/test-suite-5.3.0-SNAPSHOT-sources.jar to /home/travis/.m2/repository/ome/test-suite/5.3.0-SNAPSHOT/test-suite-5.3.0-SNAPSHOT-sources.jar
[INFO]                                                                         
[INFO] ------------------------------------------------------------------------
[INFO] Building Bio-Formats Sphinx documentation 5.3.0-SNAPSHOT
[INFO] ------------------------------------------------------------------------
[INFO] 
[INFO] --- buildnumber-maven-plugin:1.2:create (default) @ formats-docs ---
[INFO] 
[INFO] --- gmaven-plugin:1.4:execute (default) @ formats-docs ---
     [exec] Result: 128
128
fatal: no tag exactly matches '1994dac73e83d2a510df99f56431d888ec2126ff'
v5.3.0-m1-53-g1994dac
shortrevision = 1994dac
revision = 1994dac73e83d2a510df99f56431d888ec2126ff
release = 5.3.0-SNAPSHOT
[INFO] 
[INFO] --- maven-resources-plugin:2.6:resources (default-resources) @ formats-docs ---
[INFO] Using 'UTF-8' encoding to copy filtered resources.
[INFO] Copying 3 resources
[INFO] 
[INFO] --- maven-compiler-plugin:3.1:compile (default-compile) @ formats-docs ---
[INFO] Changes detected - recompiling the module!
[INFO] Compiling 5 source files to /home/travis/build/openmicroscopy/bioformats/docs/sphinx/target/classes
[WARNING] /home/travis/build/openmicroscopy/bioformats/docs/sphinx/developers/examples/ExampleSuite.java: /home/travis/build/openmicroscopy/bioformats/docs/sphinx/developers/examples/ExampleSuite.java uses unchecked or unsafe operations.
[WARNING] /home/travis/build/openmicroscopy/bioformats/docs/sphinx/developers/examples/ExampleSuite.java: Recompile with -Xlint:unchecked for details.
[INFO] 
[INFO] --- maven-resources-plugin:2.6:testResources (default-testResources) @ formats-docs ---
[INFO] Using 'UTF-8' encoding to copy filtered resources.
[INFO] skip non existing resourceDirectory /home/travis/build/openmicroscopy/bioformats/docs/sphinx/test
[INFO] 
[INFO] --- maven-compiler-plugin:3.1:testCompile (default-testCompile) @ formats-docs ---
[INFO] No sources to compile
[INFO] 
[INFO] --- maven-surefire-plugin:2.16:test (default-test) @ formats-docs ---
[INFO] No tests to run.
[INFO] 
[INFO] >>> exec-maven-plugin:1.2.1:java (default) > validate @ formats-docs >>>
[INFO] 
[INFO] --- buildnumber-maven-plugin:1.2:create (default) @ formats-docs ---
[INFO] 
[INFO] <<< exec-maven-plugin:1.2.1:java (default) < validate @ formats-docs <<<
[INFO] 
[INFO] --- exec-maven-plugin:1.2.1:java (default) @ formats-docs ---
Executing ReadPhysicalSize
Physical calibration - Image: 0
	X = 1.0 nm = 0.001 µm
	Y = 0.1 µm = 0.1 µm
Success
Executing FileConvert
Success
Executing FileExport
Success
Executing FileExportSPW
Success
[INFO] 
[INFO] --- maven-jar-plugin:2.4:jar (default-jar) @ formats-docs ---
[INFO] Building jar: /home/travis/build/openmicroscopy/bioformats/docs/sphinx/target/formats-docs-5.3.0-SNAPSHOT.jar
[INFO] 
[INFO] >>> maven-source-plugin:2.2.1:jar (default) > generate-sources @ formats-docs >>>
[INFO] 
[INFO] --- buildnumber-maven-plugin:1.2:create (default) @ formats-docs ---
[INFO] 
[INFO] --- gmaven-plugin:1.4:execute (default) @ formats-docs ---
     [exec] Result: 128
128
fatal: no tag exactly matches '1994dac73e83d2a510df99f56431d888ec2126ff'
v5.3.0-m1-53-g1994dac
shortrevision = 1994dac
revision = 1994dac73e83d2a510df99f56431d888ec2126ff
release = 5.3.0-SNAPSHOT
[INFO] 
[INFO] <<< maven-source-plugin:2.2.1:jar (default) < generate-sources @ formats-docs <<<
[INFO] 
[INFO] --- maven-source-plugin:2.2.1:jar (default) @ formats-docs ---
[INFO] Building jar: /home/travis/build/openmicroscopy/bioformats/docs/sphinx/target/formats-docs-5.3.0-SNAPSHOT-sources.jar
[INFO] 
[INFO] --- maven-jar-plugin:2.4:test-jar (default) @ formats-docs ---
[INFO] Skipping packaging of the test-jar
[INFO] 
[INFO] --- maven-install-plugin:2.5.1:install (default-install) @ formats-docs ---
[INFO] Skipping artifact installation
[INFO] ------------------------------------------------------------------------
[INFO] Reactor Summary:
[INFO] 
[INFO] Bio-Formats projects ............................... SUCCESS [  4.584 s]
[INFO] JAI Image I/O Tools ................................ SUCCESS [ 11.408 s]
[INFO] libjpeg-turbo Java bindings ........................ SUCCESS [  1.839 s]
[INFO] Bio-Formats API .................................... SUCCESS [ 10.016 s]
[INFO] Luratech LuraWave stubs ............................ SUCCESS [  0.683 s]
[INFO] MIPAV stubs ........................................ SUCCESS [  0.798 s]
[INFO] BSD Bio-Formats readers and writers ................ SUCCESS [01:49 min]
[INFO] Metakit ............................................ SUCCESS [  2.760 s]
[INFO] Bio-Formats library ................................ SUCCESS [ 22.331 s]
[INFO] Bio-Formats code generator ......................... SUCCESS [  0.599 s]
[INFO] Bio-Formats Plugins for ImageJ ..................... SUCCESS [ 18.025 s]
[INFO] Bio-Formats command line tools ..................... SUCCESS [  1.549 s]
[INFO] bioformats_package bundle .......................... SUCCESS [  8.186 s]
[INFO] LOCI Tools bundle .................................. SUCCESS [  6.683 s]
[INFO] Bio-Formats testing framework ...................... SUCCESS [  0.634 s]
[INFO] Bio-Formats Sphinx documentation ................... SUCCESS [  1.645 s]
[INFO] ------------------------------------------------------------------------
[INFO] BUILD SUCCESS
[INFO] ------------------------------------------------------------------------
[INFO] Total time: 03:22 min
[INFO] Finished at: 2016-11-03T22:16:53+00:00
[INFO] Final Memory: 77M/486M
[INFO] ------------------------------------------------------------------------
+exit 0

travis_time:end:23f881ad:start=1478211209228780296,finish=1478211414288728514,duration=205059948218[0K
[32;1mThe command "./tools/test-build $BUILD" exited with 0.[0m
travis_fold:start:cache.2[0Kstore build cache
travis_time:start:09ae1d16[0K
travis_time:end:09ae1d16:start=1478211414294348848,finish=1478211414298172649,duration=3823801[0Ktravis_time:start:0ed677a6[0K[32;1mchange detected (content changed, file is created, or file is deleted):
/home/travis/.m2/repository/ome/bf-autogen/5.3.0-SNAPSHOT/bf-autogen-5.3.0-SNAPSHOT.jar
/home/travis/.m2/repository/ome/bf-autogen/5.3.0-SNAPSHOT/bf-autogen-5.3.0-SNAPSHOT-sources.jar
/home/travis/.m2/repository/ome/bf-autogen/5.3.0-SNAPSHOT/maven-metadata-local.xml
/home/travis/.m2/repository/ome/bf-autogen/5.3.0-SNAPSHOT/_remote.repositories
/home/travis/.m2/repository/ome/bf-autogen/maven-metadata-local.xml
/home/travis/.m2/repository/ome/bioformats_package/5.3.0-SNAPSHOT/bioformats_package-5.3.0-SNAPSHOT.jar
/home/travis/.m2/repository/ome/bioformats_package/5.3.0-SNAPSHOT/maven-metadata-local.xml
/home/travis/.m2/repository/ome/bioformats_package/5.3.0-SNAPSHOT/_remote.repositories
/home/travis/.m2/repository/ome/bioformats_package/maven-metadata-local.xml
/home/travis/.m2/repository/ome/bio-formats_plugins/5.3.0-SNAPSHOT/bio-formats_plugins-5.3.0-SNAPSHOT.jar
/home/travis/.m2/repository/ome/bio-formats_plugins/5.3.0-SNAPSHOT/bio-formats_plugins-5.3.0-SNAPSHOT-sources.jar
/home/tra
[0m
[32;1m...
[0m
[32;1mchanges detected, packing new archive[0m
.
.
.
.
.
.
.
.
.
.
[32;1muploading archive[0m

travis_time:end:0ed677a6:start=1478211414302863945,finish=1478211498578082695,duration=84275218750[0Ktravis_fold:end:cache.2[0K
Done. Your build exited with 0.
