Using worker: worker-linux-docker-a84f3221.prod.travis-ci.org:travis-linux-6

travis_fold:start:system_info[0K[33;1mBuild system information[0m
Build language: java
Build group: stable
Build dist: precise
[34m[1mBuild image provisioning date and time[0m
Thu Feb  5 15:09:33 UTC 2015
[34m[1mOperating System Details[0m
Distributor ID:	Ubuntu
Description:	Ubuntu 12.04.5 LTS
Release:	12.04
Codename:	precise
[34m[1mLinux Version[0m
3.13.0-29-generic
[34m[1mCookbooks Version[0m
a68419e https://github.com/travis-ci/travis-cookbooks/tree/a68419e
[34m[1mGCC version[0m
gcc (Ubuntu/Linaro 4.6.3-1ubuntu5) 4.6.3
Copyright (C) 2011 Free Software Foundation, Inc.
This is free software; see the source for copying conditions.  There is NO
warranty; not even for MERCHANTABILITY or FITNESS FOR A PARTICULAR PURPOSE.

[34m[1mLLVM version[0m
clang version 3.4 (tags/RELEASE_34/final)
Target: x86_64-unknown-linux-gnu
Thread model: posix
[34m[1mPre-installed Ruby versions[0m
ruby-1.9.3-p551
[34m[1mPre-installed Node.js versions[0m
v0.10.36
[34m[1mPre-installed Go versions[0m
1.4.1
[34m[1mRedis version[0m
redis-server 2.8.19
[34m[1mriak version[0m
2.0.2
[34m[1mMongoDB version[0m
MongoDB 2.4.12
[34m[1mCouchDB version[0m
couchdb 1.6.1
[34m[1mNeo4j version[0m
1.9.4
[34m[1mRabbitMQ Version[0m
3.4.3
[34m[1mElasticSearch version[0m
1.4.0
[34m[1mInstalled Sphinx versions[0m
2.0.10
2.1.9
2.2.6
[34m[1mDefault Sphinx version[0m
2.2.6
[34m[1mInstalled Firefox version[0m
firefox 31.0esr
[34m[1mPhantomJS version[0m
1.9.8
[34m[1mant -version[0m
Apache Ant(TM) version 1.8.2 compiled on December 3 2011
[34m[1mmvn -version[0m
Apache Maven 3.2.5 (12a6b3acb947671f09b81f49094c53f426d8cea1; 2014-12-14T17:29:23+00:00)
Maven home: /usr/local/maven
Java version: 1.7.0_76, vendor: Oracle Corporation
Java home: /usr/lib/jvm/java-7-oracle/jre
Default locale: en_US, platform encoding: ANSI_X3.4-1968
OS name: "linux", version: "3.13.0-29-generic", arch: "amd64", family: "unix"
travis_fold:end:system_info[0K
travis_fold:start:git.checkout[0Ktravis_time:start:0bacf750[0K$ git clone --depth=50 https://github.com/square/retrofit.git square/retrofit
Cloning into 'square/retrofit'...
remote: Counting objects: 1864, done.[K
remote: Compressing objects:   0% (1/864)   [Kremote: Compressing objects:   1% (9/864)   [Kremote: Compressing objects:   2% (18/864)   [Kremote: Compressing objects:   3% (26/864)   [Kremote: Compressing objects:   4% (35/864)   [Kremote: Compressing objects:   5% (44/864)   [Kremote: Compressing objects:   6% (52/864)   [Kremote: Compressing objects:   7% (61/864)   [Kremote: Compressing objects:   8% (70/864)   [Kremote: Compressing objects:   9% (78/864)   [Kremote: Compressing objects:  10% (87/864)   [Kremote: Compressing objects:  11% (96/864)   [Kremote: Compressing objects:  12% (104/864)   [Kremote: Compressing objects:  13% (113/864)   [Kremote: Compressing objects:  14% (121/864)   [Kremote: Compressing objects:  15% (130/864)   [Kremote: Compressing objects:  16% (139/864)   [Kremote: Compressing objects:  17% (147/864)   [Kremote: Compressing objects:  18% (156/864)   [Kremote: Compressing objects:  19% (165/864)   [Kremote: Compressing objects:  20% (173/864)   [Kremote: Compressing objects:  21% (182/864)   [Kremote: Compressing objects:  22% (191/864)   [Kremote: Compressing objects:  23% (199/864)   [Kremote: Compressing objects:  24% (208/864)   [Kremote: Compressing objects:  25% (216/864)   [Kremote: Compressing objects:  26% (225/864)   [Kremote: Compressing objects:  27% (234/864)   [Kremote: Compressing objects:  28% (242/864)   [Kremote: Compressing objects:  29% (251/864)   [Kremote: Compressing objects:  30% (260/864)   [Kremote: Compressing objects:  31% (268/864)   [Kremote: Compressing objects:  32% (277/864)   [Kremote: Compressing objects:  33% (286/864)   [Kremote: Compressing objects:  34% (294/864)   [Kremote: Compressing objects:  35% (303/864)   [Kremote: Compressing objects:  36% (312/864)   [Kremote: Compressing objects:  37% (320/864)   [Kremote: Compressing objects:  38% (329/864)   [Kremote: Compressing objects:  39% (337/864)   [Kremote: Compressing objects:  40% (346/864)   [Kremote: Compressing objects:  41% (355/864)   [Kremote: Compressing objects:  42% (363/864)   [Kremote: Compressing objects:  43% (372/864)   [Kremote: Compressing objects:  44% (381/864)   [Kremote: Compressing objects:  45% (389/864)   [Kremote: Compressing objects:  46% (398/864)   [Kremote: Compressing objects:  47% (407/864)   [Kremote: Compressing objects:  48% (415/864)   [Kremote: Compressing objects:  49% (424/864)   [Kremote: Compressing objects:  50% (432/864)   [Kremote: Compressing objects:  51% (441/864)   [Kremote: Compressing objects:  52% (450/864)   [Kremote: Compressing objects:  53% (458/864)   [Kremote: Compressing objects:  54% (467/864)   [Kremote: Compressing objects:  55% (476/864)   [Kremote: Compressing objects:  56% (484/864)   [Kremote: Compressing objects:  57% (493/864)   [Kremote: Compressing objects:  58% (502/864)   [Kremote: Compressing objects:  59% (510/864)   [Kremote: Compressing objects:  60% (519/864)   [Kremote: Compressing objects:  61% (528/864)   [Kremote: Compressing objects:  62% (536/864)   [Kremote: Compressing objects:  63% (545/864)   [Kremote: Compressing objects:  64% (553/864)   [Kremote: Compressing objects:  65% (562/864)   [Kremote: Compressing objects:  66% (571/864)   [Kremote: Compressing objects:  67% (579/864)   [Kremote: Compressing objects:  68% (588/864)   [Kremote: Compressing objects:  69% (597/864)   [Kremote: Compressing objects:  70% (605/864)   [Kremote: Compressing objects:  71% (614/864)   [Kremote: Compressing objects:  72% (623/864)   [Kremote: Compressing objects:  73% (631/864)   [Kremote: Compressing objects:  74% (640/864)   [Kremote: Compressing objects:  75% (648/864)   [Kremote: Compressing objects:  76% (657/864)   [Kremote: Compressing objects:  77% (666/864)   [Kremote: Compressing objects:  78% (674/864)   [Kremote: Compressing objects:  79% (683/864)   [Kremote: Compressing objects:  80% (692/864)   [Kremote: Compressing objects:  81% (700/864)   [Kremote: Compressing objects:  82% (709/864)   [Kremote: Compressing objects:  83% (718/864)   [Kremote: Compressing objects:  84% (726/864)   [Kremote: Compressing objects:  85% (735/864)   [Kremote: Compressing objects:  86% (744/864)   [Kremote: Compressing objects:  87% (752/864)   [Kremote: Compressing objects:  88% (761/864)   [Kremote: Compressing objects:  89% (769/864)   [Kremote: Compressing objects:  90% (778/864)   [Kremote: Compressing objects:  91% (787/864)   [Kremote: Compressing objects:  92% (795/864)   [Kremote: Compressing objects:  93% (804/864)   [Kremote: Compressing objects:  94% (813/864)   [Kremote: Compressing objects:  95% (821/864)   [Kremote: Compressing objects:  96% (830/864)   [Kremote: Compressing objects:  97% (839/864)   [Kremote: Compressing objects:  98% (847/864)   [Kremote: Compressing objects:  99% (856/864)   [Kremote: Compressing objects: 100% (864/864)   [Kremote: Compressing objects: 100% (864/864), done.[K
Receiving objects:   0% (1/1864)   Receiving objects:   1% (19/1864)   Receiving objects:   2% (38/1864)   Receiving objects:   3% (56/1864)   Receiving objects:   4% (75/1864)   Receiving objects:   5% (94/1864)   Receiving objects:   6% (112/1864)   Receiving objects:   7% (131/1864)   Receiving objects:   8% (150/1864)   Receiving objects:   9% (168/1864)   Receiving objects:  10% (187/1864)   Receiving objects:  11% (206/1864)   Receiving objects:  12% (224/1864)   Receiving objects:  13% (243/1864)   Receiving objects:  14% (261/1864)   Receiving objects:  15% (280/1864)   Receiving objects:  16% (299/1864)   Receiving objects:  17% (317/1864)   Receiving objects:  18% (336/1864)   Receiving objects:  19% (355/1864)   Receiving objects:  20% (373/1864)   Receiving objects:  21% (392/1864)   Receiving objects:  22% (411/1864)   Receiving objects:  23% (429/1864)   Receiving objects:  24% (448/1864)   Receiving objects:  25% (466/1864)   Receiving objects:  26% (485/1864)   Receiving objects:  27% (504/1864)   Receiving objects:  28% (522/1864)   Receiving objects:  29% (541/1864)   Receiving objects:  30% (560/1864)   Receiving objects:  31% (578/1864)   Receiving objects:  32% (597/1864)   Receiving objects:  33% (616/1864)   Receiving objects:  34% (634/1864)   Receiving objects:  35% (653/1864)   Receiving objects:  36% (672/1864)   Receiving objects:  37% (690/1864)   Receiving objects:  38% (709/1864)   Receiving objects:  39% (727/1864)   Receiving objects:  40% (746/1864)   Receiving objects:  41% (765/1864)   Receiving objects:  42% (783/1864)   Receiving objects:  43% (802/1864)   Receiving objects:  44% (821/1864)   Receiving objects:  45% (839/1864)   Receiving objects:  46% (858/1864)   Receiving objects:  47% (877/1864)   Receiving objects:  48% (895/1864)   Receiving objects:  49% (914/1864)   Receiving objects:  50% (932/1864)   Receiving objects:  51% (951/1864)   Receiving objects:  52% (970/1864)   Receiving objects:  53% (988/1864)   Receiving objects:  54% (1007/1864)   Receiving objects:  55% (1026/1864)   Receiving objects:  56% (1044/1864)   Receiving objects:  57% (1063/1864)   Receiving objects:  58% (1082/1864)   Receiving objects:  59% (1100/1864)   Receiving objects:  60% (1119/1864)   Receiving objects:  61% (1138/1864)   Receiving objects:  62% (1156/1864)   Receiving objects:  63% (1175/1864)   Receiving objects:  64% (1193/1864)   Receiving objects:  65% (1212/1864)   Receiving objects:  66% (1231/1864)   Receiving objects:  67% (1249/1864)   Receiving objects:  68% (1268/1864)   Receiving objects:  69% (1287/1864)   Receiving objects:  70% (1305/1864)   remote: Total 1864 (delta 718), reused 1615 (delta 496), pack-reused 0[K
Receiving objects:  71% (1324/1864)   Receiving objects:  72% (1343/1864)   Receiving objects:  73% (1361/1864)   Receiving objects:  74% (1380/1864)   Receiving objects:  75% (1398/1864)   Receiving objects:  76% (1417/1864)   Receiving objects:  77% (1436/1864)   Receiving objects:  78% (1454/1864)   Receiving objects:  79% (1473/1864)   Receiving objects:  80% (1492/1864)   Receiving objects:  81% (1510/1864)   Receiving objects:  82% (1529/1864)   Receiving objects:  83% (1548/1864)   Receiving objects:  84% (1566/1864)   Receiving objects:  85% (1585/1864)   Receiving objects:  86% (1604/1864)   Receiving objects:  87% (1622/1864)   Receiving objects:  88% (1641/1864)   Receiving objects:  89% (1659/1864)   Receiving objects:  90% (1678/1864)   Receiving objects:  91% (1697/1864)   Receiving objects:  92% (1715/1864)   Receiving objects:  93% (1734/1864)   Receiving objects:  94% (1753/1864)   Receiving objects:  95% (1771/1864)   Receiving objects:  96% (1790/1864)   Receiving objects:  97% (1809/1864)   Receiving objects:  98% (1827/1864)   Receiving objects:  99% (1846/1864)   Receiving objects: 100% (1864/1864)   Receiving objects: 100% (1864/1864), 399.88 KiB | 0 bytes/s, done.
Resolving deltas:   0% (0/718)   Resolving deltas:   9% (67/718)   Resolving deltas:  10% (74/718)   Resolving deltas:  16% (122/718)   Resolving deltas:  19% (137/718)   Resolving deltas:  20% (145/718)   Resolving deltas:  22% (165/718)   Resolving deltas:  24% (174/718)   Resolving deltas:  26% (189/718)   Resolving deltas:  27% (199/718)   Resolving deltas:  28% (202/718)   Resolving deltas:  33% (237/718)   Resolving deltas:  37% (268/718)   Resolving deltas:  38% (279/718)   Resolving deltas:  39% (281/718)   Resolving deltas:  40% (289/718)   Resolving deltas:  43% (310/718)   Resolving deltas:  44% (323/718)   Resolving deltas:  45% (325/718)   Resolving deltas:  46% (333/718)   Resolving deltas:  47% (344/718)   Resolving deltas:  48% (346/718)   Resolving deltas:  49% (353/718)   Resolving deltas:  50% (363/718)   Resolving deltas:  51% (370/718)   Resolving deltas:  52% (375/718)   Resolving deltas:  53% (385/718)   Resolving deltas:  54% (393/718)   Resolving deltas:  56% (405/718)   Resolving deltas:  57% (413/718)   Resolving deltas:  58% (417/718)   Resolving deltas:  59% (424/718)   Resolving deltas:  60% (433/718)   Resolving deltas:  61% (444/718)   Resolving deltas:  62% (452/718)   Resolving deltas:  63% (453/718)   Resolving deltas:  67% (484/718)   Resolving deltas:  70% (503/718)   Resolving deltas:  71% (512/718)   Resolving deltas:  72% (522/718)   Resolving deltas:  73% (528/718)   Resolving deltas:  74% (536/718)   Resolving deltas:  75% (539/718)   Resolving deltas:  77% (553/718)   Resolving deltas:  78% (563/718)   Resolving deltas:  79% (570/718)   Resolving deltas:  80% (575/718)   Resolving deltas:  81% (583/718)   Resolving deltas:  83% (600/718)   Resolving deltas:  87% (627/718)   Resolving deltas:  88% (634/718)   Resolving deltas:  89% (646/718)   Resolving deltas:  90% (647/718)   Resolving deltas:  91% (656/718)   Resolving deltas:  92% (661/718)   Resolving deltas:  93% (673/718)   Resolving deltas:  94% (676/718)   Resolving deltas:  95% (683/718)   Resolving deltas:  96% (691/718)   Resolving deltas:  97% (697/718)   Resolving deltas:  98% (705/718)   Resolving deltas:  99% (714/718)   Resolving deltas: 100% (718/718)   Resolving deltas: 100% (718/718), done.
Checking connectivity... done.

travis_time:end:0bacf750:start=1454040478305647669,finish=1454040479499379057,duration=1193731388[0K$ cd square/retrofit
travis_time:start:06068106[0K$ git fetch origin +refs/pull/1540/merge:
remote: Counting objects: 25, done.[K
remote: Compressing objects:  14% (1/7)   [Kremote: Compressing objects:  28% (2/7)   [Kremote: Compressing objects:  42% (3/7)   [Kremote: Compressing objects:  57% (4/7)   [Kremote: Compressing objects:  71% (5/7)   [Kremote: Compressing objects:  85% (6/7)   [Kremote: Compressing objects: 100% (7/7)   [Kremote: Compressing objects: 100% (7/7), done.[K
remote: Total 25 (delta 9), reused 25 (delta 9), pack-reused 0[K
Unpacking objects:   4% (1/25)   Unpacking objects:   8% (2/25)   Unpacking objects:  12% (3/25)   Unpacking objects:  16% (4/25)   Unpacking objects:  20% (5/25)   Unpacking objects:  24% (6/25)   Unpacking objects:  28% (7/25)   Unpacking objects:  32% (8/25)   Unpacking objects:  36% (9/25)   Unpacking objects:  40% (10/25)   Unpacking objects:  44% (11/25)   Unpacking objects:  48% (12/25)   Unpacking objects:  52% (13/25)   Unpacking objects:  56% (14/25)   Unpacking objects:  60% (15/25)   Unpacking objects:  64% (16/25)   Unpacking objects:  68% (17/25)   Unpacking objects:  72% (18/25)   Unpacking objects:  76% (19/25)   Unpacking objects:  80% (20/25)   Unpacking objects:  84% (21/25)   Unpacking objects:  88% (22/25)   Unpacking objects:  92% (23/25)   Unpacking objects:  96% (24/25)   Unpacking objects: 100% (25/25)   Unpacking objects: 100% (25/25), done.
From https://github.com/square/retrofit
 * branch            refs/pull/1540/merge -> FETCH_HEAD

travis_time:end:06068106:start=1454040479503370772,finish=1454040479796212926,duration=292842154[0K$ git checkout -qf FETCH_HEAD
travis_fold:end:git.checkout[0K
[33;1mThis job is running on container-based infrastructure, which does not allow use of 'sudo', setuid and setguid executables.[0m
[33;1mIf you require sudo, add 'sudo: required' to your .travis.yml[0m
[33;1mSee https://docs.travis-ci.com/user/workers/container-based-infrastructure/ for details.[0m

[33;1mSetting environment variables from .travis.yml[0m
$ export CI_DEPLOY_USERNAME=[secure]
$ export CI_DEPLOY_PASSWORD=[secure]

travis_fold:start:cache.1[0KSetting up build cache
$ export CASHER_DIR=$HOME/.casher
travis_time:start:13d8795e[0K$ Installing caching utilities

travis_time:end:13d8795e:start=1454040481360444077,finish=1454040481418316565,duration=57872488[0Ktravis_time:start:0e96adb0[0K
travis_time:end:0e96adb0:start=1454040481423042542,finish=1454040481426124030,duration=3081488[0Ktravis_time:start:006665b4[0K[32;1mattempting to download cache archive[0m
[32;1mfetching PR.1540/cache--jdk-oraclejdk8.tgz[0m
[32;1mfetching PR.1540/cache--jdk-oraclejdk8.tbz[0m
[32;1mfetching master/cache--jdk-oraclejdk8.tgz[0m
[32;1mfound cache[0m

travis_time:end:006665b4:start=1454040481429871109,finish=1454040483862006643,duration=2432135534[0Ktravis_time:start:158cf6a0[0K
travis_time:end:158cf6a0:start=1454040483865600431,finish=1454040483868571236,duration=2970805[0Ktravis_time:start:1466ee3c[0K[32;1madding /home/travis/.m2 to cache[0m

travis_time:end:1466ee3c:start=1454040483872056112,finish=1454040486446002088,duration=2573945976[0Ktravis_fold:end:cache.1[0K$ jdk_switcher use oraclejdk8
Switching to Oracle JDK8 (java-8-oracle), JAVA_HOME will be set to /usr/lib/jvm/java-8-oracle
$ java -Xmx32m -version
java version "1.8.0_31"
Java(TM) SE Runtime Environment (build 1.8.0_31-b13)
Java HotSpot(TM) 64-Bit Server VM (build 25.31-b07, mixed mode)
$ javac -J-Xmx32m -version
javac 1.8.0_31
travis_fold:start:install[0Ktravis_time:start:04ade8d5[0K$ mvn install -DskipTests=true -Dmaven.javadoc.skip=true -B -V
Java HotSpot(TM) 64-Bit Server VM warning: ignoring option MaxPermSize=192m; support was removed in 8.0
Apache Maven 3.2.5 (12a6b3acb947671f09b81f49094c53f426d8cea1; 2014-12-14T17:29:23+00:00)
Maven home: /usr/local/maven
Java version: 1.8.0_31, vendor: Oracle Corporation
Java home: /usr/lib/jvm/java-8-oracle/jre
Default locale: en_US, platform encoding: UTF-8
OS name: "linux", version: "3.13.0-40-generic", arch: "amd64", family: "unix"
[INFO] Scanning for projects...
[WARNING] 
[WARNING] Some problems were encountered while building the effective model for com.squareup.retrofit2:samples:jar:2.0.0-SNAPSHOT
[WARNING] 'build.plugins.plugin.version' for org.apache.maven.plugins:maven-deploy-plugin is missing. @ com.squareup.retrofit2:samples:[unknown-version], /home/travis/build/square/retrofit/samples/pom.xml, line 45, column 15
[WARNING] 
[WARNING] It is highly recommended to fix these problems because they threaten the stability of your build.
[WARNING] 
[WARNING] For this reason, future Maven versions might no longer support building such malformed projects.
[WARNING] 
[INFO] ------------------------------------------------------------------------
[INFO] Reactor Build Order:
[INFO] 
[INFO] Retrofit (Parent)
[INFO] Retrofit
[INFO] Adapters
[INFO] Adapter: Guava
[INFO] Adapter: Java 8
[INFO] Adapter: RxJava
[INFO] Converters
[INFO] Converter: Gson
[INFO] Converter: Protocol Buffers
[INFO] Converter: Jackson
[INFO] Converter: Wire Protocol Buffers
[INFO] Converter: SimpleXML
[INFO] Converter: Java Scalars
[INFO] Converter: Moshi
[INFO] Retrofit Mock Adapter
[INFO] Samples
[INFO]                                                                         
[INFO] ------------------------------------------------------------------------
[INFO] Building Retrofit (Parent) 2.0.0-SNAPSHOT
[INFO] ------------------------------------------------------------------------
[INFO] 
[INFO] --- maven-enforcer-plugin:1.0:enforce (enforce-maven) @ parent ---
[INFO] 
[INFO] --- animal-sniffer-maven-plugin:1.14:check (default) @ parent ---
[INFO] Checking unresolved references to org.codehaus.mojo.signature:java16:1.1
[INFO] 
[INFO] --- maven-javadoc-plugin:2.10.3:jar (attach-javadocs) @ parent ---
[INFO] Skipping javadoc generation
[INFO] 
[INFO] --- maven-checkstyle-plugin:2.15:checkstyle (default) @ parent ---
[INFO] 
[INFO] --- maven-install-plugin:2.4:install (default-install) @ parent ---
[INFO] Installing /home/travis/build/square/retrofit/pom.xml to /home/travis/.m2/repository/com/squareup/retrofit2/parent/2.0.0-SNAPSHOT/parent-2.0.0-SNAPSHOT.pom
[INFO]                                                                         
[INFO] ------------------------------------------------------------------------
[INFO] Building Retrofit 2.0.0-SNAPSHOT
[INFO] ------------------------------------------------------------------------
[INFO] 
[INFO] --- maven-enforcer-plugin:1.0:enforce (enforce-maven) @ retrofit ---
[INFO] 
[INFO] --- maven-resources-plugin:2.6:resources (default-resources) @ retrofit ---
[INFO] Using 'UTF-8' encoding to copy filtered resources.
[INFO] skip non existing resourceDirectory /home/travis/build/square/retrofit/retrofit/src/main/resources
[INFO] 
[INFO] --- maven-compiler-plugin:3.0:compile (default-compile) @ retrofit ---
[INFO] Changes detected - recompiling the module!
[INFO] Compiling 42 source files to /home/travis/build/square/retrofit/retrofit/target/classes
[WARNING] /home/travis/build/square/retrofit/retrofit/src/main/java/retrofit2/Retrofit.java: Some input files use unchecked or unsafe operations.
[WARNING] /home/travis/build/square/retrofit/retrofit/src/main/java/retrofit2/Retrofit.java: Recompile with -Xlint:unchecked for details.
[INFO] 
[INFO] --- maven-resources-plugin:2.6:testResources (default-testResources) @ retrofit ---
[INFO] Using 'UTF-8' encoding to copy filtered resources.
[INFO] skip non existing resourceDirectory /home/travis/build/square/retrofit/retrofit/src/test/resources
[INFO] 
[INFO] --- maven-compiler-plugin:3.0:testCompile (default-testCompile) @ retrofit ---
[INFO] Changes detected - recompiling the module!
[INFO] Compiling 13 source files to /home/travis/build/square/retrofit/retrofit/target/test-classes
[WARNING] /home/travis/build/square/retrofit/retrofit/src/test/java/retrofit2/RetrofitTest.java: /home/travis/build/square/retrofit/retrofit/src/test/java/retrofit2/RetrofitTest.java uses unchecked or unsafe operations.
[WARNING] /home/travis/build/square/retrofit/retrofit/src/test/java/retrofit2/RetrofitTest.java: Recompile with -Xlint:unchecked for details.
[INFO] 
[INFO] --- maven-surefire-plugin:2.12.4:test (default-test) @ retrofit ---
[INFO] Tests are skipped.
[INFO] 
[INFO] --- animal-sniffer-maven-plugin:1.14:check (default) @ retrofit ---
[INFO] Checking unresolved references to org.codehaus.mojo.signature:java16:1.1
[INFO] 
[INFO] --- maven-jar-plugin:2.4:jar (default-jar) @ retrofit ---
[INFO] Building jar: /home/travis/build/square/retrofit/retrofit/target/retrofit-2.0.0-SNAPSHOT.jar
[INFO] 
[INFO] --- maven-javadoc-plugin:2.10.3:jar (attach-javadocs) @ retrofit ---
[INFO] Skipping javadoc generation
[INFO] 
[INFO] --- maven-checkstyle-plugin:2.15:checkstyle (default) @ retrofit ---
[INFO] Starting audit...
Audit done.
[WARNING] Unable to locate Source XRef to link to - DISABLED
[INFO] 
[INFO] --- maven-install-plugin:2.4:install (default-install) @ retrofit ---
[INFO] Installing /home/travis/build/square/retrofit/retrofit/target/retrofit-2.0.0-SNAPSHOT.jar to /home/travis/.m2/repository/com/squareup/retrofit2/retrofit/2.0.0-SNAPSHOT/retrofit-2.0.0-SNAPSHOT.jar
[INFO] Installing /home/travis/build/square/retrofit/retrofit/pom.xml to /home/travis/.m2/repository/com/squareup/retrofit2/retrofit/2.0.0-SNAPSHOT/retrofit-2.0.0-SNAPSHOT.pom
[INFO]                                                                         
[INFO] ------------------------------------------------------------------------
[INFO] Building Adapters 2.0.0-SNAPSHOT
[INFO] ------------------------------------------------------------------------
[INFO] 
[INFO] --- maven-enforcer-plugin:1.0:enforce (enforce-maven) @ retrofit-adapters ---
[INFO] 
[INFO] --- animal-sniffer-maven-plugin:1.14:check (default) @ retrofit-adapters ---
[INFO] Checking unresolved references to org.codehaus.mojo.signature:java16:1.1
[INFO] 
[INFO] --- maven-javadoc-plugin:2.10.3:jar (attach-javadocs) @ retrofit-adapters ---
[INFO] Skipping javadoc generation
[INFO] 
[INFO] --- maven-checkstyle-plugin:2.15:checkstyle (default) @ retrofit-adapters ---
[INFO] 
[INFO] --- maven-install-plugin:2.4:install (default-install) @ retrofit-adapters ---
[INFO] Installing /home/travis/build/square/retrofit/retrofit-adapters/pom.xml to /home/travis/.m2/repository/com/squareup/retrofit2/retrofit-adapters/2.0.0-SNAPSHOT/retrofit-adapters-2.0.0-SNAPSHOT.pom
[INFO]                                                                         
[INFO] ------------------------------------------------------------------------
[INFO] Building Adapter: Guava 2.0.0-SNAPSHOT
[INFO] ------------------------------------------------------------------------
[INFO] 
[INFO] --- maven-enforcer-plugin:1.0:enforce (enforce-maven) @ adapter-guava ---
[INFO] 
[INFO] --- maven-resources-plugin:2.6:resources (default-resources) @ adapter-guava ---
[INFO] Using 'UTF-8' encoding to copy filtered resources.
[INFO] skip non existing resourceDirectory /home/travis/build/square/retrofit/retrofit-adapters/guava/src/main/resources
[INFO] 
[INFO] --- maven-compiler-plugin:3.0:compile (default-compile) @ adapter-guava ---
[INFO] Changes detected - recompiling the module!
[INFO] Compiling 2 source files to /home/travis/build/square/retrofit/retrofit-adapters/guava/target/classes
[INFO] 
[INFO] --- maven-resources-plugin:2.6:testResources (default-testResources) @ adapter-guava ---
[INFO] Using 'UTF-8' encoding to copy filtered resources.
[INFO] skip non existing resourceDirectory /home/travis/build/square/retrofit/retrofit-adapters/guava/src/test/resources
[INFO] 
[INFO] --- maven-compiler-plugin:3.0:testCompile (default-testCompile) @ adapter-guava ---
[INFO] Changes detected - recompiling the module!
[INFO] Compiling 3 source files to /home/travis/build/square/retrofit/retrofit-adapters/guava/target/test-classes
[INFO] 
[INFO] --- maven-surefire-plugin:2.12.4:test (default-test) @ adapter-guava ---
[INFO] Tests are skipped.
[INFO] 
[INFO] --- animal-sniffer-maven-plugin:1.14:check (default) @ adapter-guava ---
[INFO] Checking unresolved references to org.codehaus.mojo.signature:java16:1.1
[INFO] 
[INFO] --- maven-jar-plugin:2.4:jar (default-jar) @ adapter-guava ---
[INFO] Building jar: /home/travis/build/square/retrofit/retrofit-adapters/guava/target/adapter-guava-2.0.0-SNAPSHOT.jar
[INFO] 
[INFO] --- maven-javadoc-plugin:2.10.3:jar (attach-javadocs) @ adapter-guava ---
[INFO] Skipping javadoc generation
[INFO] 
[INFO] --- maven-checkstyle-plugin:2.15:checkstyle (default) @ adapter-guava ---
[INFO] Starting audit...
Audit done.
[WARNING] Unable to locate Source XRef to link to - DISABLED
[INFO] 
[INFO] --- maven-install-plugin:2.4:install (default-install) @ adapter-guava ---
[INFO] Installing /home/travis/build/square/retrofit/retrofit-adapters/guava/target/adapter-guava-2.0.0-SNAPSHOT.jar to /home/travis/.m2/repository/com/squareup/retrofit2/adapter-guava/2.0.0-SNAPSHOT/adapter-guava-2.0.0-SNAPSHOT.jar
[INFO] Installing /home/travis/build/square/retrofit/retrofit-adapters/guava/pom.xml to /home/travis/.m2/repository/com/squareup/retrofit2/adapter-guava/2.0.0-SNAPSHOT/adapter-guava-2.0.0-SNAPSHOT.pom
[INFO]                                                                         
[INFO] ------------------------------------------------------------------------
[INFO] Building Adapter: Java 8 2.0.0-SNAPSHOT
[INFO] ------------------------------------------------------------------------
[INFO] 
[INFO] --- maven-enforcer-plugin:1.0:enforce (enforce-maven) @ adapter-java8 ---
[INFO] 
[INFO] --- maven-resources-plugin:2.6:resources (default-resources) @ adapter-java8 ---
[INFO] Using 'UTF-8' encoding to copy filtered resources.
[INFO] skip non existing resourceDirectory /home/travis/build/square/retrofit/retrofit-adapters/java8/src/main/resources
[INFO] 
[INFO] --- maven-compiler-plugin:3.0:compile (default-compile) @ adapter-java8 ---
[INFO] Changes detected - recompiling the module!
[INFO] Compiling 2 source files to /home/travis/build/square/retrofit/retrofit-adapters/java8/target/classes
[INFO] 
[INFO] --- maven-resources-plugin:2.6:testResources (default-testResources) @ adapter-java8 ---
[INFO] Using 'UTF-8' encoding to copy filtered resources.
[INFO] skip non existing resourceDirectory /home/travis/build/square/retrofit/retrofit-adapters/java8/src/test/resources
[INFO] 
[INFO] --- maven-compiler-plugin:3.0:testCompile (default-testCompile) @ adapter-java8 ---
[INFO] Changes detected - recompiling the module!
[INFO] Compiling 3 source files to /home/travis/build/square/retrofit/retrofit-adapters/java8/target/test-classes
[INFO] 
[INFO] --- maven-surefire-plugin:2.12.4:test (default-test) @ adapter-java8 ---
[INFO] Tests are skipped.
[INFO] 
[INFO] --- animal-sniffer-maven-plugin:1.14:check (default) @ adapter-java8 ---
[INFO] Checking unresolved references to org.kaazing.mojo.signature:java18:1.0
[INFO] 
[INFO] --- maven-jar-plugin:2.4:jar (default-jar) @ adapter-java8 ---
[INFO] Building jar: /home/travis/build/square/retrofit/retrofit-adapters/java8/target/adapter-java8-2.0.0-SNAPSHOT.jar
[INFO] 
[INFO] --- maven-javadoc-plugin:2.10.3:jar (attach-javadocs) @ adapter-java8 ---
[INFO] Skipping javadoc generation
[INFO] 
[INFO] --- maven-checkstyle-plugin:2.15:checkstyle (default) @ adapter-java8 ---
[INFO] Starting audit...
Audit done.
[WARNING] Unable to locate Source XRef to link to - DISABLED
[INFO] 
[INFO] --- maven-install-plugin:2.4:install (default-install) @ adapter-java8 ---
[INFO] Installing /home/travis/build/square/retrofit/retrofit-adapters/java8/target/adapter-java8-2.0.0-SNAPSHOT.jar to /home/travis/.m2/repository/com/squareup/retrofit2/adapter-java8/2.0.0-SNAPSHOT/adapter-java8-2.0.0-SNAPSHOT.jar
[INFO] Installing /home/travis/build/square/retrofit/retrofit-adapters/java8/pom.xml to /home/travis/.m2/repository/com/squareup/retrofit2/adapter-java8/2.0.0-SNAPSHOT/adapter-java8-2.0.0-SNAPSHOT.pom
[INFO]                                                                         
[INFO] ------------------------------------------------------------------------
[INFO] Building Adapter: RxJava 2.0.0-SNAPSHOT
[INFO] ------------------------------------------------------------------------
[INFO] 
[INFO] --- maven-enforcer-plugin:1.0:enforce (enforce-maven) @ adapter-rxjava ---
[INFO] 
[INFO] --- maven-resources-plugin:2.6:resources (default-resources) @ adapter-rxjava ---
[INFO] Using 'UTF-8' encoding to copy filtered resources.
[INFO] skip non existing resourceDirectory /home/travis/build/square/retrofit/retrofit-adapters/rxjava/src/main/resources
[INFO] 
[INFO] --- maven-compiler-plugin:3.0:compile (default-compile) @ adapter-rxjava ---
[INFO] Changes detected - recompiling the module!
[INFO] Compiling 4 source files to /home/travis/build/square/retrofit/retrofit-adapters/rxjava/target/classes
[INFO] 
[INFO] --- maven-resources-plugin:2.6:testResources (default-testResources) @ adapter-rxjava ---
[INFO] Using 'UTF-8' encoding to copy filtered resources.
[INFO] skip non existing resourceDirectory /home/travis/build/square/retrofit/retrofit-adapters/rxjava/src/test/resources
[INFO] 
[INFO] --- maven-compiler-plugin:3.0:testCompile (default-testCompile) @ adapter-rxjava ---
[INFO] Changes detected - recompiling the module!
[INFO] Compiling 5 source files to /home/travis/build/square/retrofit/retrofit-adapters/rxjava/target/test-classes
[INFO] 
[INFO] --- maven-surefire-plugin:2.12.4:test (default-test) @ adapter-rxjava ---
[INFO] Tests are skipped.
[INFO] 
[INFO] --- animal-sniffer-maven-plugin:1.14:check (default) @ adapter-rxjava ---
[INFO] Checking unresolved references to org.codehaus.mojo.signature:java16:1.1
[INFO] 
[INFO] --- maven-jar-plugin:2.4:jar (default-jar) @ adapter-rxjava ---
[INFO] Building jar: /home/travis/build/square/retrofit/retrofit-adapters/rxjava/target/adapter-rxjava-2.0.0-SNAPSHOT.jar
[INFO] 
[INFO] --- maven-javadoc-plugin:2.10.3:jar (attach-javadocs) @ adapter-rxjava ---
[INFO] Skipping javadoc generation
[INFO] 
[INFO] --- maven-checkstyle-plugin:2.15:checkstyle (default) @ adapter-rxjava ---
[INFO] Starting audit...
Audit done.
[WARNING] Unable to locate Source XRef to link to - DISABLED
[INFO] 
[INFO] --- maven-install-plugin:2.4:install (default-install) @ adapter-rxjava ---
[INFO] Installing /home/travis/build/square/retrofit/retrofit-adapters/rxjava/target/adapter-rxjava-2.0.0-SNAPSHOT.jar to /home/travis/.m2/repository/com/squareup/retrofit2/adapter-rxjava/2.0.0-SNAPSHOT/adapter-rxjava-2.0.0-SNAPSHOT.jar
[INFO] Installing /home/travis/build/square/retrofit/retrofit-adapters/rxjava/pom.xml to /home/travis/.m2/repository/com/squareup/retrofit2/adapter-rxjava/2.0.0-SNAPSHOT/adapter-rxjava-2.0.0-SNAPSHOT.pom
[INFO]                                                                         
[INFO] ------------------------------------------------------------------------
[INFO] Building Converters 2.0.0-SNAPSHOT
[INFO] ------------------------------------------------------------------------
[INFO] 
[INFO] --- maven-enforcer-plugin:1.0:enforce (enforce-maven) @ retrofit-converters ---
[INFO] 
[INFO] --- animal-sniffer-maven-plugin:1.14:check (default) @ retrofit-converters ---
[INFO] Checking unresolved references to org.codehaus.mojo.signature:java16:1.1
[INFO] 
[INFO] --- maven-javadoc-plugin:2.10.3:jar (attach-javadocs) @ retrofit-converters ---
[INFO] Skipping javadoc generation
[INFO] 
[INFO] --- maven-checkstyle-plugin:2.15:checkstyle (default) @ retrofit-converters ---
[INFO] 
[INFO] --- maven-install-plugin:2.4:install (default-install) @ retrofit-converters ---
[INFO] Installing /home/travis/build/square/retrofit/retrofit-converters/pom.xml to /home/travis/.m2/repository/com/squareup/retrofit2/retrofit-converters/2.0.0-SNAPSHOT/retrofit-converters-2.0.0-SNAPSHOT.pom
[INFO]                                                                         
[INFO] ------------------------------------------------------------------------
[INFO] Building Converter: Gson 2.0.0-SNAPSHOT
[INFO] ------------------------------------------------------------------------
[INFO] 
[INFO] --- maven-enforcer-plugin:1.0:enforce (enforce-maven) @ converter-gson ---
[INFO] 
[INFO] --- maven-resources-plugin:2.6:resources (default-resources) @ converter-gson ---
[INFO] Using 'UTF-8' encoding to copy filtered resources.
[INFO] skip non existing resourceDirectory /home/travis/build/square/retrofit/retrofit-converters/gson/src/main/resources
[INFO] 
[INFO] --- maven-compiler-plugin:3.0:compile (default-compile) @ converter-gson ---
[INFO] Changes detected - recompiling the module!
[INFO] Compiling 3 source files to /home/travis/build/square/retrofit/retrofit-converters/gson/target/classes
[INFO] 
[INFO] --- maven-resources-plugin:2.6:testResources (default-testResources) @ converter-gson ---
[INFO] Using 'UTF-8' encoding to copy filtered resources.
[INFO] skip non existing resourceDirectory /home/travis/build/square/retrofit/retrofit-converters/gson/src/test/resources
[INFO] 
[INFO] --- maven-compiler-plugin:3.0:testCompile (default-testCompile) @ converter-gson ---
[INFO] Changes detected - recompiling the module!
[INFO] Compiling 1 source file to /home/travis/build/square/retrofit/retrofit-converters/gson/target/test-classes
[INFO] 
[INFO] --- maven-surefire-plugin:2.12.4:test (default-test) @ converter-gson ---
[INFO] Tests are skipped.
[INFO] 
[INFO] --- animal-sniffer-maven-plugin:1.14:check (default) @ converter-gson ---
[INFO] Checking unresolved references to org.codehaus.mojo.signature:java16:1.1
[INFO] 
[INFO] --- maven-jar-plugin:2.4:jar (default-jar) @ converter-gson ---
[INFO] Building jar: /home/travis/build/square/retrofit/retrofit-converters/gson/target/converter-gson-2.0.0-SNAPSHOT.jar
[INFO] 
[INFO] --- maven-javadoc-plugin:2.10.3:jar (attach-javadocs) @ converter-gson ---
[INFO] Skipping javadoc generation
[INFO] 
[INFO] --- maven-checkstyle-plugin:2.15:checkstyle (default) @ converter-gson ---
[INFO] Starting audit...
Audit done.
[WARNING] Unable to locate Source XRef to link to - DISABLED
[INFO] 
[INFO] --- maven-install-plugin:2.4:install (default-install) @ converter-gson ---
[INFO] Installing /home/travis/build/square/retrofit/retrofit-converters/gson/target/converter-gson-2.0.0-SNAPSHOT.jar to /home/travis/.m2/repository/com/squareup/retrofit2/converter-gson/2.0.0-SNAPSHOT/converter-gson-2.0.0-SNAPSHOT.jar
[INFO] Installing /home/travis/build/square/retrofit/retrofit-converters/gson/pom.xml to /home/travis/.m2/repository/com/squareup/retrofit2/converter-gson/2.0.0-SNAPSHOT/converter-gson-2.0.0-SNAPSHOT.pom
[INFO]                                                                         
[INFO] ------------------------------------------------------------------------
[INFO] Building Converter: Protocol Buffers 2.0.0-SNAPSHOT
[INFO] ------------------------------------------------------------------------
[INFO] 
[INFO] --- maven-enforcer-plugin:1.0:enforce (enforce-maven) @ converter-protobuf ---
[INFO] 
[INFO] --- maven-resources-plugin:2.6:resources (default-resources) @ converter-protobuf ---
[INFO] Using 'UTF-8' encoding to copy filtered resources.
[INFO] skip non existing resourceDirectory /home/travis/build/square/retrofit/retrofit-converters/protobuf/src/main/resources
[INFO] 
[INFO] --- maven-compiler-plugin:3.0:compile (default-compile) @ converter-protobuf ---
[INFO] Changes detected - recompiling the module!
[INFO] Compiling 3 source files to /home/travis/build/square/retrofit/retrofit-converters/protobuf/target/classes
[WARNING] /home/travis/build/square/retrofit/retrofit-converters/protobuf/src/main/java/retrofit2/converter/protobuf/ProtoConverterFactory.java: /home/travis/build/square/retrofit/retrofit-converters/protobuf/src/main/java/retrofit2/converter/protobuf/ProtoConverterFactory.java uses unchecked or unsafe operations.
[WARNING] /home/travis/build/square/retrofit/retrofit-converters/protobuf/src/main/java/retrofit2/converter/protobuf/ProtoConverterFactory.java: Recompile with -Xlint:unchecked for details.
[INFO] 
[INFO] --- maven-resources-plugin:2.6:testResources (default-testResources) @ converter-protobuf ---
[INFO] Using 'UTF-8' encoding to copy filtered resources.
[INFO] skip non existing resourceDirectory /home/travis/build/square/retrofit/retrofit-converters/protobuf/src/test/resources
[INFO] 
[INFO] --- maven-compiler-plugin:3.0:testCompile (default-testCompile) @ converter-protobuf ---
[INFO] Changes detected - recompiling the module!
[INFO] Compiling 2 source files to /home/travis/build/square/retrofit/retrofit-converters/protobuf/target/test-classes
[INFO] 
[INFO] --- maven-surefire-plugin:2.12.4:test (default-test) @ converter-protobuf ---
[INFO] Tests are skipped.
[INFO] 
[INFO] --- animal-sniffer-maven-plugin:1.14:check (default) @ converter-protobuf ---
[INFO] Checking unresolved references to org.codehaus.mojo.signature:java16:1.1
[INFO] 
[INFO] --- maven-jar-plugin:2.4:jar (default-jar) @ converter-protobuf ---
[INFO] Building jar: /home/travis/build/square/retrofit/retrofit-converters/protobuf/target/converter-protobuf-2.0.0-SNAPSHOT.jar
[INFO] 
[INFO] --- maven-javadoc-plugin:2.10.3:jar (attach-javadocs) @ converter-protobuf ---
[INFO] Skipping javadoc generation
[INFO] 
[INFO] --- maven-checkstyle-plugin:2.15:checkstyle (default) @ converter-protobuf ---
[INFO] Starting audit...
Audit done.
[WARNING] Unable to locate Source XRef to link to - DISABLED
[INFO] 
[INFO] --- maven-install-plugin:2.4:install (default-install) @ converter-protobuf ---
[INFO] Installing /home/travis/build/square/retrofit/retrofit-converters/protobuf/target/converter-protobuf-2.0.0-SNAPSHOT.jar to /home/travis/.m2/repository/com/squareup/retrofit2/converter-protobuf/2.0.0-SNAPSHOT/converter-protobuf-2.0.0-SNAPSHOT.jar
[INFO] Installing /home/travis/build/square/retrofit/retrofit-converters/protobuf/pom.xml to /home/travis/.m2/repository/com/squareup/retrofit2/converter-protobuf/2.0.0-SNAPSHOT/converter-protobuf-2.0.0-SNAPSHOT.pom
[INFO]                                                                         
[INFO] ------------------------------------------------------------------------
[INFO] Building Converter: Jackson 2.0.0-SNAPSHOT
[INFO] ------------------------------------------------------------------------
[INFO] 
[INFO] --- maven-enforcer-plugin:1.0:enforce (enforce-maven) @ converter-jackson ---
[INFO] 
[INFO] --- maven-resources-plugin:2.6:resources (default-resources) @ converter-jackson ---
[INFO] Using 'UTF-8' encoding to copy filtered resources.
[INFO] skip non existing resourceDirectory /home/travis/build/square/retrofit/retrofit-converters/jackson/src/main/resources
[INFO] 
[INFO] --- maven-compiler-plugin:3.0:compile (default-compile) @ converter-jackson ---
[INFO] Changes detected - recompiling the module!
[INFO] Compiling 3 source files to /home/travis/build/square/retrofit/retrofit-converters/jackson/target/classes
[INFO] 
[INFO] --- maven-resources-plugin:2.6:testResources (default-testResources) @ converter-jackson ---
[INFO] Using 'UTF-8' encoding to copy filtered resources.
[INFO] skip non existing resourceDirectory /home/travis/build/square/retrofit/retrofit-converters/jackson/src/test/resources
[INFO] 
[INFO] --- maven-compiler-plugin:3.0:testCompile (default-testCompile) @ converter-jackson ---
[INFO] Changes detected - recompiling the module!
[INFO] Compiling 1 source file to /home/travis/build/square/retrofit/retrofit-converters/jackson/target/test-classes
[INFO] 
[INFO] --- maven-surefire-plugin:2.12.4:test (default-test) @ converter-jackson ---
[INFO] Tests are skipped.
[INFO] 
[INFO] --- animal-sniffer-maven-plugin:1.14:check (default) @ converter-jackson ---
[INFO] Checking unresolved references to org.codehaus.mojo.signature:java16:1.1
[INFO] 
[INFO] --- maven-jar-plugin:2.4:jar (default-jar) @ converter-jackson ---
[INFO] Building jar: /home/travis/build/square/retrofit/retrofit-converters/jackson/target/converter-jackson-2.0.0-SNAPSHOT.jar
[INFO] 
[INFO] --- maven-javadoc-plugin:2.10.3:jar (attach-javadocs) @ converter-jackson ---
[INFO] Skipping javadoc generation
[INFO] 
[INFO] --- maven-checkstyle-plugin:2.15:checkstyle (default) @ converter-jackson ---
[INFO] Starting audit...
Audit done.
[WARNING] Unable to locate Source XRef to link to - DISABLED
[INFO] 
[INFO] --- maven-install-plugin:2.4:install (default-install) @ converter-jackson ---
[INFO] Installing /home/travis/build/square/retrofit/retrofit-converters/jackson/target/converter-jackson-2.0.0-SNAPSHOT.jar to /home/travis/.m2/repository/com/squareup/retrofit2/converter-jackson/2.0.0-SNAPSHOT/converter-jackson-2.0.0-SNAPSHOT.jar
[INFO] Installing /home/travis/build/square/retrofit/retrofit-converters/jackson/pom.xml to /home/travis/.m2/repository/com/squareup/retrofit2/converter-jackson/2.0.0-SNAPSHOT/converter-jackson-2.0.0-SNAPSHOT.pom
[INFO]                                                                         
[INFO] ------------------------------------------------------------------------
[INFO] Building Converter: Wire Protocol Buffers 2.0.0-SNAPSHOT
[INFO] ------------------------------------------------------------------------
[INFO] 
[INFO] --- maven-enforcer-plugin:1.0:enforce (enforce-maven) @ converter-wire ---
[INFO] 
[INFO] --- maven-resources-plugin:2.6:resources (default-resources) @ converter-wire ---
[INFO] Using 'UTF-8' encoding to copy filtered resources.
[INFO] skip non existing resourceDirectory /home/travis/build/square/retrofit/retrofit-converters/wire/src/main/resources
[INFO] 
[INFO] --- maven-compiler-plugin:3.0:compile (default-compile) @ converter-wire ---
[INFO] Changes detected - recompiling the module!
[INFO] Compiling 3 source files to /home/travis/build/square/retrofit/retrofit-converters/wire/target/classes
[WARNING] /home/travis/build/square/retrofit/retrofit-converters/wire/src/main/java/retrofit2/converter/wire/WireConverterFactory.java: /home/travis/build/square/retrofit/retrofit-converters/wire/src/main/java/retrofit2/converter/wire/WireConverterFactory.java uses unchecked or unsafe operations.
[WARNING] /home/travis/build/square/retrofit/retrofit-converters/wire/src/main/java/retrofit2/converter/wire/WireConverterFactory.java: Recompile with -Xlint:unchecked for details.
[INFO] 
[INFO] --- maven-resources-plugin:2.6:testResources (default-testResources) @ converter-wire ---
[INFO] Using 'UTF-8' encoding to copy filtered resources.
[INFO] skip non existing resourceDirectory /home/travis/build/square/retrofit/retrofit-converters/wire/src/test/resources
[INFO] 
[INFO] --- maven-compiler-plugin:3.0:testCompile (default-testCompile) @ converter-wire ---
[INFO] Changes detected - recompiling the module!
[INFO] Compiling 2 source files to /home/travis/build/square/retrofit/retrofit-converters/wire/target/test-classes
[INFO] 
[INFO] --- maven-surefire-plugin:2.12.4:test (default-test) @ converter-wire ---
[INFO] Tests are skipped.
[INFO] 
[INFO] --- animal-sniffer-maven-plugin:1.14:check (default) @ converter-wire ---
[INFO] Checking unresolved references to org.codehaus.mojo.signature:java16:1.1
[INFO] 
[INFO] --- maven-jar-plugin:2.4:jar (default-jar) @ converter-wire ---
[INFO] Building jar: /home/travis/build/square/retrofit/retrofit-converters/wire/target/converter-wire-2.0.0-SNAPSHOT.jar
[INFO] 
[INFO] --- maven-javadoc-plugin:2.10.3:jar (attach-javadocs) @ converter-wire ---
[INFO] Skipping javadoc generation
[INFO] 
[INFO] --- maven-checkstyle-plugin:2.15:checkstyle (default) @ converter-wire ---
[INFO] Starting audit...
Audit done.
[WARNING] Unable to locate Source XRef to link to - DISABLED
[INFO] 
[INFO] --- maven-install-plugin:2.4:install (default-install) @ converter-wire ---
[INFO] Installing /home/travis/build/square/retrofit/retrofit-converters/wire/target/converter-wire-2.0.0-SNAPSHOT.jar to /home/travis/.m2/repository/com/squareup/retrofit2/converter-wire/2.0.0-SNAPSHOT/converter-wire-2.0.0-SNAPSHOT.jar
[INFO] Installing /home/travis/build/square/retrofit/retrofit-converters/wire/pom.xml to /home/travis/.m2/repository/com/squareup/retrofit2/converter-wire/2.0.0-SNAPSHOT/converter-wire-2.0.0-SNAPSHOT.pom
[INFO]                                                                         
[INFO] ------------------------------------------------------------------------
[INFO] Building Converter: SimpleXML 2.0.0-SNAPSHOT
[INFO] ------------------------------------------------------------------------
[INFO] 
[INFO] --- maven-enforcer-plugin:1.0:enforce (enforce-maven) @ converter-simplexml ---
[INFO] 
[INFO] --- maven-resources-plugin:2.6:resources (default-resources) @ converter-simplexml ---
[INFO] Using 'UTF-8' encoding to copy filtered resources.
[INFO] skip non existing resourceDirectory /home/travis/build/square/retrofit/retrofit-converters/simplexml/src/main/resources
[INFO] 
[INFO] --- maven-compiler-plugin:3.0:compile (default-compile) @ converter-simplexml ---
[INFO] Changes detected - recompiling the module!
[INFO] Compiling 3 source files to /home/travis/build/square/retrofit/retrofit-converters/simplexml/target/classes
[INFO] 
[INFO] --- maven-resources-plugin:2.6:testResources (default-testResources) @ converter-simplexml ---
[INFO] Using 'UTF-8' encoding to copy filtered resources.
[INFO] skip non existing resourceDirectory /home/travis/build/square/retrofit/retrofit-converters/simplexml/src/test/resources
[INFO] 
[INFO] --- maven-compiler-plugin:3.0:testCompile (default-testCompile) @ converter-simplexml ---
[INFO] Changes detected - recompiling the module!
[INFO] Compiling 2 source files to /home/travis/build/square/retrofit/retrofit-converters/simplexml/target/test-classes
[INFO] 
[INFO] --- maven-surefire-plugin:2.12.4:test (default-test) @ converter-simplexml ---
[INFO] Tests are skipped.
[INFO] 
[INFO] --- animal-sniffer-maven-plugin:1.14:check (default) @ converter-simplexml ---
[INFO] Checking unresolved references to org.codehaus.mojo.signature:java16:1.1
[INFO] 
[INFO] --- maven-jar-plugin:2.4:jar (default-jar) @ converter-simplexml ---
[INFO] Building jar: /home/travis/build/square/retrofit/retrofit-converters/simplexml/target/converter-simplexml-2.0.0-SNAPSHOT.jar
[INFO] 
[INFO] --- maven-javadoc-plugin:2.10.3:jar (attach-javadocs) @ converter-simplexml ---
[INFO] Skipping javadoc generation
[INFO] 
[INFO] --- maven-checkstyle-plugin:2.15:checkstyle (default) @ converter-simplexml ---
[INFO] Starting audit...
Audit done.
[WARNING] Unable to locate Source XRef to link to - DISABLED
[INFO] 
[INFO] --- maven-install-plugin:2.4:install (default-install) @ converter-simplexml ---
[INFO] Installing /home/travis/build/square/retrofit/retrofit-converters/simplexml/target/converter-simplexml-2.0.0-SNAPSHOT.jar to /home/travis/.m2/repository/com/squareup/retrofit2/converter-simplexml/2.0.0-SNAPSHOT/converter-simplexml-2.0.0-SNAPSHOT.jar
[INFO] Installing /home/travis/build/square/retrofit/retrofit-converters/simplexml/pom.xml to /home/travis/.m2/repository/com/squareup/retrofit2/converter-simplexml/2.0.0-SNAPSHOT/converter-simplexml-2.0.0-SNAPSHOT.pom
[INFO]                                                                         
[INFO] ------------------------------------------------------------------------
[INFO] Building Converter: Java Scalars 2.0.0-SNAPSHOT
[INFO] ------------------------------------------------------------------------
[INFO] 
[INFO] --- maven-enforcer-plugin:1.0:enforce (enforce-maven) @ converter-scalars ---
[INFO] 
[INFO] --- maven-resources-plugin:2.6:resources (default-resources) @ converter-scalars ---
[INFO] Using 'UTF-8' encoding to copy filtered resources.
[INFO] skip non existing resourceDirectory /home/travis/build/square/retrofit/retrofit-converters/scalars/src/main/resources
[INFO] 
[INFO] --- maven-compiler-plugin:3.0:compile (default-compile) @ converter-scalars ---
[INFO] Changes detected - recompiling the module!
[INFO] Compiling 3 source files to /home/travis/build/square/retrofit/retrofit-converters/scalars/target/classes
[INFO] 
[INFO] --- maven-resources-plugin:2.6:testResources (default-testResources) @ converter-scalars ---
[INFO] Using 'UTF-8' encoding to copy filtered resources.
[INFO] skip non existing resourceDirectory /home/travis/build/square/retrofit/retrofit-converters/scalars/src/test/resources
[INFO] 
[INFO] --- maven-compiler-plugin:3.0:testCompile (default-testCompile) @ converter-scalars ---
[INFO] Changes detected - recompiling the module!
[INFO] Compiling 1 source file to /home/travis/build/square/retrofit/retrofit-converters/scalars/target/test-classes
[INFO] 
[INFO] --- maven-surefire-plugin:2.12.4:test (default-test) @ converter-scalars ---
[INFO] Tests are skipped.
[INFO] 
[INFO] --- animal-sniffer-maven-plugin:1.14:check (default) @ converter-scalars ---
[INFO] Checking unresolved references to org.codehaus.mojo.signature:java16:1.1
[INFO] 
[INFO] --- maven-jar-plugin:2.4:jar (default-jar) @ converter-scalars ---
[INFO] Building jar: /home/travis/build/square/retrofit/retrofit-converters/scalars/target/converter-scalars-2.0.0-SNAPSHOT.jar
[INFO] 
[INFO] --- maven-javadoc-plugin:2.10.3:jar (attach-javadocs) @ converter-scalars ---
[INFO] Skipping javadoc generation
[INFO] 
[INFO] --- maven-checkstyle-plugin:2.15:checkstyle (default) @ converter-scalars ---
[INFO] Starting audit...
Audit done.
[WARNING] Unable to locate Source XRef to link to - DISABLED
[INFO] 
[INFO] --- maven-install-plugin:2.4:install (default-install) @ converter-scalars ---
[INFO] Installing /home/travis/build/square/retrofit/retrofit-converters/scalars/target/converter-scalars-2.0.0-SNAPSHOT.jar to /home/travis/.m2/repository/com/squareup/retrofit2/converter-scalars/2.0.0-SNAPSHOT/converter-scalars-2.0.0-SNAPSHOT.jar
[INFO] Installing /home/travis/build/square/retrofit/retrofit-converters/scalars/pom.xml to /home/travis/.m2/repository/com/squareup/retrofit2/converter-scalars/2.0.0-SNAPSHOT/converter-scalars-2.0.0-SNAPSHOT.pom
[INFO]                                                                         
[INFO] ------------------------------------------------------------------------
[INFO] Building Converter: Moshi 2.0.0-SNAPSHOT
[INFO] ------------------------------------------------------------------------
[INFO] 
[INFO] --- maven-enforcer-plugin:1.0:enforce (enforce-maven) @ converter-moshi ---
[INFO] 
[INFO] --- maven-resources-plugin:2.6:resources (default-resources) @ converter-moshi ---
[INFO] Using 'UTF-8' encoding to copy filtered resources.
[INFO] skip non existing resourceDirectory /home/travis/build/square/retrofit/retrofit-converters/moshi/src/main/resources
[INFO] 
[INFO] --- maven-compiler-plugin:3.0:compile (default-compile) @ converter-moshi ---
[INFO] Changes detected - recompiling the module!
[INFO] Compiling 3 source files to /home/travis/build/square/retrofit/retrofit-converters/moshi/target/classes
[INFO] 
[INFO] --- maven-resources-plugin:2.6:testResources (default-testResources) @ converter-moshi ---
[INFO] Using 'UTF-8' encoding to copy filtered resources.
[INFO] skip non existing resourceDirectory /home/travis/build/square/retrofit/retrofit-converters/moshi/src/test/resources
[INFO] 
[INFO] --- maven-compiler-plugin:3.0:testCompile (default-testCompile) @ converter-moshi ---
[INFO] Changes detected - recompiling the module!
[INFO] Compiling 1 source file to /home/travis/build/square/retrofit/retrofit-converters/moshi/target/test-classes
[INFO] 
[INFO] --- maven-surefire-plugin:2.12.4:test (default-test) @ converter-moshi ---
[INFO] Tests are skipped.
[INFO] 
[INFO] --- animal-sniffer-maven-plugin:1.14:check (default) @ converter-moshi ---
[INFO] Checking unresolved references to org.codehaus.mojo.signature:java16:1.1
[INFO] 
[INFO] --- maven-jar-plugin:2.4:jar (default-jar) @ converter-moshi ---
[INFO] Building jar: /home/travis/build/square/retrofit/retrofit-converters/moshi/target/converter-moshi-2.0.0-SNAPSHOT.jar
[INFO] 
[INFO] --- maven-javadoc-plugin:2.10.3:jar (attach-javadocs) @ converter-moshi ---
[INFO] Skipping javadoc generation
[INFO] 
[INFO] --- maven-checkstyle-plugin:2.15:checkstyle (default) @ converter-moshi ---
[INFO] Starting audit...
Audit done.
[WARNING] Unable to locate Source XRef to link to - DISABLED
[INFO] 
[INFO] --- maven-install-plugin:2.4:install (default-install) @ converter-moshi ---
[INFO] Installing /home/travis/build/square/retrofit/retrofit-converters/moshi/target/converter-moshi-2.0.0-SNAPSHOT.jar to /home/travis/.m2/repository/com/squareup/retrofit2/converter-moshi/2.0.0-SNAPSHOT/converter-moshi-2.0.0-SNAPSHOT.jar
[INFO] Installing /home/travis/build/square/retrofit/retrofit-converters/moshi/pom.xml to /home/travis/.m2/repository/com/squareup/retrofit2/converter-moshi/2.0.0-SNAPSHOT/converter-moshi-2.0.0-SNAPSHOT.pom
[INFO]                                                                         
[INFO] ------------------------------------------------------------------------
[INFO] Building Retrofit Mock Adapter 2.0.0-SNAPSHOT
[INFO] ------------------------------------------------------------------------
[INFO] 
[INFO] --- maven-enforcer-plugin:1.0:enforce (enforce-maven) @ retrofit-mock ---
[INFO] 
[INFO] --- maven-resources-plugin:2.6:resources (default-resources) @ retrofit-mock ---
[INFO] Using 'UTF-8' encoding to copy filtered resources.
[INFO] skip non existing resourceDirectory /home/travis/build/square/retrofit/retrofit-mock/src/main/resources
[INFO] 
[INFO] --- maven-compiler-plugin:3.0:compile (default-compile) @ retrofit-mock ---
[INFO] Changes detected - recompiling the module!
[INFO] Compiling 5 source files to /home/travis/build/square/retrofit/retrofit-mock/target/classes
[INFO] 
[INFO] --- maven-resources-plugin:2.6:testResources (default-testResources) @ retrofit-mock ---
[INFO] Using 'UTF-8' encoding to copy filtered resources.
[INFO] skip non existing resourceDirectory /home/travis/build/square/retrofit/retrofit-mock/src/test/resources
[INFO] 
[INFO] --- maven-compiler-plugin:3.0:testCompile (default-testCompile) @ retrofit-mock ---
[INFO] Changes detected - recompiling the module!
[INFO] Compiling 3 source files to /home/travis/build/square/retrofit/retrofit-mock/target/test-classes
[INFO] 
[INFO] --- maven-surefire-plugin:2.12.4:test (default-test) @ retrofit-mock ---
[INFO] Tests are skipped.
[INFO] 
[INFO] --- animal-sniffer-maven-plugin:1.14:check (default) @ retrofit-mock ---
[INFO] Checking unresolved references to org.codehaus.mojo.signature:java16:1.1
[INFO] 
[INFO] --- maven-jar-plugin:2.4:jar (default-jar) @ retrofit-mock ---
[INFO] Building jar: /home/travis/build/square/retrofit/retrofit-mock/target/retrofit-mock-2.0.0-SNAPSHOT.jar
[INFO] 
[INFO] --- maven-javadoc-plugin:2.10.3:jar (attach-javadocs) @ retrofit-mock ---
[INFO] Skipping javadoc generation
[INFO] 
[INFO] --- maven-checkstyle-plugin:2.15:checkstyle (default) @ retrofit-mock ---
[INFO] Starting audit...
Audit done.
[WARNING] Unable to locate Source XRef to link to - DISABLED
[INFO] 
[INFO] --- maven-install-plugin:2.4:install (default-install) @ retrofit-mock ---
[INFO] Installing /home/travis/build/square/retrofit/retrofit-mock/target/retrofit-mock-2.0.0-SNAPSHOT.jar to /home/travis/.m2/repository/com/squareup/retrofit2/retrofit-mock/2.0.0-SNAPSHOT/retrofit-mock-2.0.0-SNAPSHOT.jar
[INFO] Installing /home/travis/build/square/retrofit/retrofit-mock/pom.xml to /home/travis/.m2/repository/com/squareup/retrofit2/retrofit-mock/2.0.0-SNAPSHOT/retrofit-mock-2.0.0-SNAPSHOT.pom
[INFO]                                                                         
[INFO] ------------------------------------------------------------------------
[INFO] Building Samples 2.0.0-SNAPSHOT
[INFO] ------------------------------------------------------------------------
[INFO] 
[INFO] --- maven-enforcer-plugin:1.0:enforce (enforce-maven) @ samples ---
[INFO] 
[INFO] --- maven-resources-plugin:2.6:resources (default-resources) @ samples ---
[INFO] Using 'UTF-8' encoding to copy filtered resources.
[INFO] skip non existing resourceDirectory /home/travis/build/square/retrofit/samples/src/main/resources
[INFO] 
[INFO] --- maven-compiler-plugin:3.0:compile (default-compile) @ samples ---
[INFO] Changes detected - recompiling the module!
[INFO] Compiling 6 source files to /home/travis/build/square/retrofit/samples/target/classes
[INFO] 
[INFO] --- maven-resources-plugin:2.6:testResources (default-testResources) @ samples ---
[INFO] Using 'UTF-8' encoding to copy filtered resources.
[INFO] skip non existing resourceDirectory /home/travis/build/square/retrofit/samples/src/test/resources
[INFO] 
[INFO] --- maven-compiler-plugin:3.0:testCompile (default-testCompile) @ samples ---
[INFO] No sources to compile
[INFO] 
[INFO] --- maven-surefire-plugin:2.12.4:test (default-test) @ samples ---
[INFO] Tests are skipped.
[INFO] 
[INFO] --- animal-sniffer-maven-plugin:1.14:check (default) @ samples ---
[INFO] Checking unresolved references to org.codehaus.mojo.signature:java16:1.1
[INFO] 
[INFO] --- maven-jar-plugin:2.4:jar (default-jar) @ samples ---
[INFO] Building jar: /home/travis/build/square/retrofit/samples/target/samples-2.0.0-SNAPSHOT.jar
[INFO] 
[INFO] --- maven-javadoc-plugin:2.10.3:jar (attach-javadocs) @ samples ---
[INFO] Skipping javadoc generation
[INFO] 
[INFO] --- maven-checkstyle-plugin:2.15:checkstyle (default) @ samples ---
[INFO] Starting audit...
Audit done.
[WARNING] Unable to locate Source XRef to link to - DISABLED
[INFO] 
[INFO] --- maven-install-plugin:2.4:install (default-install) @ samples ---
[INFO] Installing /home/travis/build/square/retrofit/samples/target/samples-2.0.0-SNAPSHOT.jar to /home/travis/.m2/repository/com/squareup/retrofit2/samples/2.0.0-SNAPSHOT/samples-2.0.0-SNAPSHOT.jar
[INFO] Installing /home/travis/build/square/retrofit/samples/pom.xml to /home/travis/.m2/repository/com/squareup/retrofit2/samples/2.0.0-SNAPSHOT/samples-2.0.0-SNAPSHOT.pom
[INFO] ------------------------------------------------------------------------
[INFO] Reactor Summary:
[INFO] 
[INFO] Retrofit (Parent) .................................. SUCCESS [  7.373 s]
[INFO] Retrofit ........................................... SUCCESS [ 17.673 s]
[INFO] Adapters ........................................... SUCCESS [  0.840 s]
[INFO] Adapter: Guava ..................................... SUCCESS [  3.218 s]
[INFO] Adapter: Java 8 .................................... SUCCESS [  2.338 s]
[INFO] Adapter: RxJava .................................... SUCCESS [  2.260 s]
[INFO] Converters ......................................... SUCCESS [  0.391 s]
[INFO] Converter: Gson .................................... SUCCESS [  1.208 s]
[INFO] Converter: Protocol Buffers ........................ SUCCESS [  1.291 s]
[INFO] Converter: Jackson ................................. SUCCESS [  0.977 s]
[INFO] Converter: Wire Protocol Buffers ................... SUCCESS [  1.707 s]
[INFO] Converter: SimpleXML ............................... SUCCESS [  1.149 s]
[INFO] Converter: Java Scalars ............................ SUCCESS [  1.274 s]
[INFO] Converter: Moshi ................................... SUCCESS [  0.672 s]
[INFO] Retrofit Mock Adapter .............................. SUCCESS [  1.046 s]
[INFO] Samples ............................................ SUCCESS [  3.865 s]
[INFO] ------------------------------------------------------------------------
[INFO] BUILD SUCCESS
[INFO] ------------------------------------------------------------------------
[INFO] Total time: 47.912 s
[INFO] Finished at: 2016-01-29T04:08:57+00:00
[INFO] Final Memory: 45M/407M
[INFO] ------------------------------------------------------------------------

travis_time:end:04ade8d5:start=1454040487013367238,finish=1454040537653863734,duration=50640496496[0Ktravis_fold:end:install[0Ktravis_time:start:05cf74f8[0K$ mvn test -B
Java HotSpot(TM) 64-Bit Server VM warning: ignoring option MaxPermSize=192m; support was removed in 8.0
[INFO] Scanning for projects...
[WARNING] 
[WARNING] Some problems were encountered while building the effective model for com.squareup.retrofit2:samples:jar:2.0.0-SNAPSHOT
[WARNING] 'build.plugins.plugin.version' for org.apache.maven.plugins:maven-deploy-plugin is missing. @ com.squareup.retrofit2:samples:[unknown-version], /home/travis/build/square/retrofit/samples/pom.xml, line 45, column 15
[WARNING] 
[WARNING] It is highly recommended to fix these problems because they threaten the stability of your build.
[WARNING] 
[WARNING] For this reason, future Maven versions might no longer support building such malformed projects.
[WARNING] 
[INFO] ------------------------------------------------------------------------
[INFO] Reactor Build Order:
[INFO] 
[INFO] Retrofit (Parent)
[INFO] Retrofit
[INFO] Adapters
[INFO] Adapter: Guava
[INFO] Adapter: Java 8
[INFO] Adapter: RxJava
[INFO] Converters
[INFO] Converter: Gson
[INFO] Converter: Protocol Buffers
[INFO] Converter: Jackson
[INFO] Converter: Wire Protocol Buffers
[INFO] Converter: SimpleXML
[INFO] Converter: Java Scalars
[INFO] Converter: Moshi
[INFO] Retrofit Mock Adapter
[INFO] Samples
[INFO]                                                                         
[INFO] ------------------------------------------------------------------------
[INFO] Building Retrofit (Parent) 2.0.0-SNAPSHOT
[INFO] ------------------------------------------------------------------------
[INFO] 
[INFO] --- maven-enforcer-plugin:1.0:enforce (enforce-maven) @ parent ---
[INFO] 
[INFO] --- animal-sniffer-maven-plugin:1.14:check (default) @ parent ---
[INFO] Checking unresolved references to org.codehaus.mojo.signature:java16:1.1
[INFO]                                                                         
[INFO] ------------------------------------------------------------------------
[INFO] Building Retrofit 2.0.0-SNAPSHOT
[INFO] ------------------------------------------------------------------------
[INFO] 
[INFO] --- maven-enforcer-plugin:1.0:enforce (enforce-maven) @ retrofit ---
[INFO] 
[INFO] --- maven-resources-plugin:2.6:resources (default-resources) @ retrofit ---
[INFO] Using 'UTF-8' encoding to copy filtered resources.
[INFO] skip non existing resourceDirectory /home/travis/build/square/retrofit/retrofit/src/main/resources
[INFO] 
[INFO] --- maven-compiler-plugin:3.0:compile (default-compile) @ retrofit ---
[INFO] Changes detected - recompiling the module!
[INFO] Compiling 42 source files to /home/travis/build/square/retrofit/retrofit/target/classes
[WARNING] /home/travis/build/square/retrofit/retrofit/src/main/java/retrofit2/Retrofit.java: Some input files use unchecked or unsafe operations.
[WARNING] /home/travis/build/square/retrofit/retrofit/src/main/java/retrofit2/Retrofit.java: Recompile with -Xlint:unchecked for details.
[INFO] 
[INFO] --- maven-resources-plugin:2.6:testResources (default-testResources) @ retrofit ---
[INFO] Using 'UTF-8' encoding to copy filtered resources.
[INFO] skip non existing resourceDirectory /home/travis/build/square/retrofit/retrofit/src/test/resources
[INFO] 
[INFO] --- maven-compiler-plugin:3.0:testCompile (default-testCompile) @ retrofit ---
[INFO] Changes detected - recompiling the module!
[INFO] Compiling 13 source files to /home/travis/build/square/retrofit/retrofit/target/test-classes
[WARNING] /home/travis/build/square/retrofit/retrofit/src/test/java/retrofit2/RetrofitTest.java: /home/travis/build/square/retrofit/retrofit/src/test/java/retrofit2/RetrofitTest.java uses unchecked or unsafe operations.
[WARNING] /home/travis/build/square/retrofit/retrofit/src/test/java/retrofit2/RetrofitTest.java: Recompile with -Xlint:unchecked for details.
[INFO] 
[INFO] --- maven-surefire-plugin:2.12.4:test (default-test) @ retrofit ---
[INFO] Surefire report directory: /home/travis/build/square/retrofit/retrofit/target/surefire-reports

-------------------------------------------------------
 T E S T S
-------------------------------------------------------
Running retrofit2.CallTest
Jan 29, 2016 4:09:12 AM okhttp3.mockwebserver.MockWebServer$3 execute
INFO: MockWebServer[42696] starting to accept connections
Jan 29, 2016 4:09:12 AM okhttp3.mockwebserver.MockWebServer$3 acceptConnections
INFO: MockWebServer[42696] done accepting connections: Socket closed
Jan 29, 2016 4:09:12 AM okhttp3.mockwebserver.MockWebServer$3 execute
INFO: MockWebServer[49474] starting to accept connections
Jan 29, 2016 4:09:12 AM okhttp3.mockwebserver.MockWebServer$4 processOneRequest
INFO: MockWebServer[49474] received request: GET / HTTP/1.1 and responded: HTTP/1.1 200 OK
Jan 29, 2016 4:09:12 AM okhttp3.mockwebserver.MockWebServer$3 acceptConnections
INFO: MockWebServer[49474] done accepting connections: Socket closed
Jan 29, 2016 4:09:12 AM okhttp3.mockwebserver.MockWebServer$3 execute
INFO: MockWebServer[53561] starting to accept connections
Jan 29, 2016 4:09:12 AM okhttp3.mockwebserver.MockWebServer$4 processOneRequest
INFO: MockWebServer[53561] received request: GET / HTTP/1.1 and responded: HTTP/1.1 404 Client Error
Jan 29, 2016 4:09:12 AM okhttp3.mockwebserver.MockWebServer$3 acceptConnections
INFO: MockWebServer[53561] done accepting connections: Socket closed
Jan 29, 2016 4:09:12 AM okhttp3.mockwebserver.MockWebServer$3 execute
INFO: MockWebServer[52303] starting to accept connections
Jan 29, 2016 4:09:12 AM okhttp3.mockwebserver.MockWebServer$3 acceptConnections
INFO: MockWebServer[52303] done accepting connections: Socket closed
Jan 29, 2016 4:09:12 AM okhttp3.mockwebserver.MockWebServer$4 processOneRequest
INFO: MockWebServer[52303] received request: POST /Hello HTTP/1.1 and responded: HTTP/1.1 200 OK
Jan 29, 2016 4:09:12 AM okhttp3.mockwebserver.MockWebServer$3 execute
INFO: MockWebServer[52765] starting to accept connections
Jan 29, 2016 4:09:12 AM okhttp3.mockwebserver.MockWebServer$3 acceptConnections
INFO: MockWebServer[52765] done accepting connections: Socket closed
Jan 29, 2016 4:09:13 AM okhttp3.mockwebserver.MockWebServer$3 execute
INFO: MockWebServer[58656] starting to accept connections
Jan 29, 2016 4:09:13 AM okhttp3.mockwebserver.MockWebServer$3 acceptConnections
INFO: MockWebServer[58656] done accepting connections: Socket closed
Jan 29, 2016 4:09:13 AM okhttp3.mockwebserver.MockWebServer$3 execute
INFO: MockWebServer[43611] starting to accept connections
Jan 29, 2016 4:09:13 AM okhttp3.mockwebserver.MockWebServer$3 acceptConnections
INFO: MockWebServer[43611] done accepting connections: Socket closed
Jan 29, 2016 4:09:13 AM okhttp3.mockwebserver.MockWebServer$4 processOneRequest
INFO: MockWebServer[43611] received request: GET / HTTP/1.1 and responded: HTTP/1.1 200 OK
Jan 29, 2016 4:09:13 AM okhttp3.mockwebserver.MockWebServer$3 execute
INFO: MockWebServer[35716] starting to accept connections
Jan 29, 2016 4:09:13 AM okhttp3.mockwebserver.MockWebServer$3 acceptConnections
INFO: MockWebServer[35716] done accepting connections: Socket closed
Jan 29, 2016 4:09:13 AM okhttp3.mockwebserver.MockWebServer$4 processOneRequest
INFO: MockWebServer[35716] received request: GET / HTTP/1.1 and responded: HTTP/1.1 200 OK
Jan 29, 2016 4:09:13 AM okhttp3.mockwebserver.MockWebServer$3 execute
INFO: MockWebServer[57928] starting to accept connections
Jan 29, 2016 4:09:13 AM okhttp3.mockwebserver.MockWebServer$3 acceptConnections
INFO: MockWebServer[57928] done accepting connections: Socket is closed
Jan 29, 2016 4:09:13 AM okhttp3.mockwebserver.MockWebServer$3 execute
INFO: MockWebServer[55046] starting to accept connections
Jan 29, 2016 4:09:13 AM okhttp3.mockwebserver.MockWebServer$3 acceptConnections
INFO: MockWebServer[55046] done accepting connections: Socket closed
Jan 29, 2016 4:09:13 AM okhttp3.mockwebserver.MockWebServer$4 processOneRequest
INFO: MockWebServer[55046] received request: POST /Hello HTTP/1.1 and responded: HTTP/1.1 200 OK
Jan 29, 2016 4:09:13 AM okhttp3.mockwebserver.MockWebServer$3 execute
INFO: MockWebServer[45643] starting to accept connections
Jan 29, 2016 4:09:13 AM okhttp3.mockwebserver.MockWebServer$3 acceptConnections
INFO: MockWebServer[45643] done accepting connections: Socket closed
Jan 29, 2016 4:09:13 AM okhttp3.mockwebserver.MockWebServer$4 processOneRequest
INFO: MockWebServer[45643] received request: POST /Hello HTTP/1.1 and responded: HTTP/1.1 200 OK
Jan 29, 2016 4:09:13 AM okhttp3.mockwebserver.MockWebServer$3 execute
INFO: MockWebServer[32934] starting to accept connections
Jan 29, 2016 4:09:13 AM okhttp3.mockwebserver.MockWebServer$3 acceptConnections
INFO: MockWebServer[32934] done accepting connections: Socket closed
Jan 29, 2016 4:09:13 AM okhttp3.mockwebserver.MockWebServer$3 execute
INFO: MockWebServer[36642] starting to accept connections
Jan 29, 2016 4:09:13 AM okhttp3.mockwebserver.MockWebServer$4 processOneRequest
INFO: MockWebServer[36642] received request: GET / HTTP/1.1 and responded: HTTP/1.1 404 Client Error
Jan 29, 2016 4:09:13 AM okhttp3.mockwebserver.MockWebServer$3 acceptConnections
INFO: MockWebServer[36642] done accepting connections: Socket closed
Jan 29, 2016 4:09:13 AM okhttp3.mockwebserver.MockWebServer$3 execute
INFO: MockWebServer[34993] starting to accept connections
Jan 29, 2016 4:09:13 AM okhttp3.mockwebserver.MockWebServer$3 acceptConnections
INFO: MockWebServer[34993] done accepting connections: Socket closed
Jan 29, 2016 4:09:13 AM okhttp3.mockwebserver.MockWebServer$4 processOneRequest
INFO: MockWebServer[34993] received request: POST / HTTP/1.1 and responded: HTTP/1.1 200 OK
Jan 29, 2016 4:09:13 AM okhttp3.mockwebserver.MockWebServer$3 execute
INFO: MockWebServer[55984] starting to accept connections
Jan 29, 2016 4:09:13 AM okhttp3.mockwebserver.MockWebServer$3 acceptConnections
INFO: MockWebServer[55984] done accepting connections: Socket closed
Jan 29, 2016 4:09:13 AM okhttp3.mockwebserver.MockWebServer$4 processOneRequest
INFO: MockWebServer[55984] received request: GET / HTTP/1.1 and responded: HTTP/1.1 204 Nothin
Jan 29, 2016 4:09:13 AM okhttp3.mockwebserver.MockWebServer$3 execute
INFO: MockWebServer[37262] starting to accept connections
Jan 29, 2016 4:09:13 AM okhttp3.mockwebserver.MockWebServer$3 acceptConnections
INFO: MockWebServer[37262] done accepting connections: Socket closed
Jan 29, 2016 4:09:13 AM okhttp3.mockwebserver.MockWebServer$3 execute
INFO: MockWebServer[60657] starting to accept connections
Jan 29, 2016 4:09:13 AM okhttp3.mockwebserver.MockWebServer$4 processOneRequest
INFO: MockWebServer[60657] received request: GET / HTTP/1.1 and responded: HTTP/1.1 200 OK
Jan 29, 2016 4:09:13 AM okhttp3.mockwebserver.MockWebServer$3 acceptConnections
INFO: MockWebServer[60657] done accepting connections: Socket closed
Jan 29, 2016 4:09:13 AM okhttp3.mockwebserver.MockWebServer$3 execute
INFO: MockWebServer[42824] starting to accept connections
Jan 29, 2016 4:09:13 AM okhttp3.mockwebserver.MockWebServer$3 acceptConnections
INFO: MockWebServer[42824] done accepting connections: Socket closed
Jan 29, 2016 4:09:13 AM okhttp3.mockwebserver.MockWebServer$4 processOneRequest
INFO: MockWebServer[42824] received request: POST /Hello HTTP/1.1 and responded: HTTP/1.1 200 OK
Jan 29, 2016 4:09:13 AM okhttp3.mockwebserver.MockWebServer$3 execute
INFO: MockWebServer[44376] starting to accept connections
Jan 29, 2016 4:09:13 AM okhttp3.mockwebserver.MockWebServer$3 acceptConnections
INFO: MockWebServer[44376] done accepting connections: Socket closed
Jan 29, 2016 4:09:13 AM okhttp3.mockwebserver.MockWebServer$4 processOneRequest
INFO: MockWebServer[44376] received request: GET / HTTP/1.1 and responded: HTTP/1.1 200 OK
Jan 29, 2016 4:09:13 AM okhttp3.mockwebserver.MockWebServer$3 execute
INFO: MockWebServer[34181] starting to accept connections
Jan 29, 2016 4:09:13 AM okhttp3.mockwebserver.MockWebServer$4 processOneRequest
INFO: MockWebServer[34181] received request: POST / HTTP/1.1 and responded: HTTP/1.1 200 OK
Jan 29, 2016 4:09:13 AM okhttp3.mockwebserver.MockWebServer$3 acceptConnections
INFO: MockWebServer[34181] done accepting connections: Socket closed
Jan 29, 2016 4:09:13 AM okhttp3.mockwebserver.MockWebServer$3 execute
INFO: MockWebServer[46752] starting to accept connections
Jan 29, 2016 4:09:13 AM okhttp3.mockwebserver.MockWebServer$3 acceptConnections
INFO: MockWebServer[46752] done accepting connections: Socket is closed
Jan 29, 2016 4:09:13 AM okhttp3.mockwebserver.MockWebServer$3 execute
INFO: MockWebServer[35577] starting to accept connections
Jan 29, 2016 4:09:13 AM okhttp3.mockwebserver.MockWebServer$3 acceptConnections
INFO: MockWebServer[35577] done accepting connections: Socket is closed
Jan 29, 2016 4:09:13 AM okhttp3.mockwebserver.MockWebServer$3 execute
INFO: MockWebServer[33294] starting to accept connections
Jan 29, 2016 4:09:13 AM okhttp3.mockwebserver.MockWebServer$3 acceptConnections
INFO: MockWebServer[33294] done accepting connections: Socket is closed
Jan 29, 2016 4:09:13 AM okhttp3.mockwebserver.MockWebServer$3 execute
INFO: MockWebServer[39813] starting to accept connections
Jan 29, 2016 4:09:13 AM okhttp3.mockwebserver.MockWebServer$3 acceptConnections
INFO: MockWebServer[39813] done accepting connections: Socket closed
Jan 29, 2016 4:09:13 AM okhttp3.mockwebserver.MockWebServer$4 processOneRequest
INFO: MockWebServer[39813] received request: GET / HTTP/1.1 and responded: HTTP/1.1 200 OK
Jan 29, 2016 4:09:13 AM okhttp3.mockwebserver.MockWebServer$3 execute
INFO: MockWebServer[51395] starting to accept connections
Jan 29, 2016 4:09:13 AM okhttp3.mockwebserver.MockWebServer$3 acceptConnections
INFO: MockWebServer[51395] done accepting connections: Socket closed
Jan 29, 2016 4:09:13 AM okhttp3.mockwebserver.MockWebServer$4 processOneRequest
INFO: MockWebServer[51395] received request: GET / HTTP/1.1 and responded: HTTP/1.1 200 OK
Jan 29, 2016 4:09:13 AM okhttp3.mockwebserver.MockWebServer$3 execute
INFO: MockWebServer[43010] starting to accept connections
Jan 29, 2016 4:09:13 AM okhttp3.mockwebserver.MockWebServer$4 processOneRequest
INFO: MockWebServer[43010] received request: GET / HTTP/1.1 and responded: HTTP/1.1 205 Nothin
Jan 29, 2016 4:09:13 AM okhttp3.mockwebserver.MockWebServer$3 acceptConnections
INFO: MockWebServer[43010] done accepting connections: Socket closed
Jan 29, 2016 4:09:13 AM okhttp3.mockwebserver.MockWebServer$3 execute
INFO: MockWebServer[48881] starting to accept connections
Jan 29, 2016 4:09:13 AM okhttp3.mockwebserver.MockWebServer$4 processOneRequest
INFO: MockWebServer[48881] received request: GET / HTTP/1.1 and responded: HTTP/1.1 200 OK
Jan 29, 2016 4:09:13 AM okhttp3.mockwebserver.MockWebServer$4 processOneRequest
INFO: MockWebServer[48881] received request: GET / HTTP/1.1 and responded: HTTP/1.1 200 OK
Jan 29, 2016 4:09:13 AM okhttp3.mockwebserver.MockWebServer$3 acceptConnections
INFO: MockWebServer[48881] done accepting connections: Socket closed
Jan 29, 2016 4:09:13 AM okhttp3.mockwebserver.MockWebServer$3 execute
INFO: MockWebServer[33823] starting to accept connections
Jan 29, 2016 4:09:13 AM okhttp3.mockwebserver.MockWebServer$3 acceptConnections
INFO: MockWebServer[33823] done accepting connections: Socket closed
Jan 29, 2016 4:09:13 AM okhttp3.mockwebserver.MockWebServer$4 processOneRequest
INFO: MockWebServer[33823] received request: GET / HTTP/1.1 and responded: HTTP/1.1 200 OK
Jan 29, 2016 4:09:13 AM okhttp3.mockwebserver.MockWebServer$3 execute
INFO: MockWebServer[57270] starting to accept connections
Jan 29, 2016 4:09:13 AM okhttp3.mockwebserver.MockWebServer$3 acceptConnections
INFO: MockWebServer[57270] done accepting connections: Socket is closed
Jan 29, 2016 4:09:13 AM okhttp3.mockwebserver.MockWebServer$3 execute
INFO: MockWebServer[35125] starting to accept connections
Jan 29, 2016 4:09:13 AM okhttp3.mockwebserver.MockWebServer$3 acceptConnections
INFO: MockWebServer[35125] done accepting connections: Socket closed
Jan 29, 2016 4:09:13 AM okhttp3.mockwebserver.MockWebServer$3 execute
INFO: MockWebServer[38083] starting to accept connections
Jan 29, 2016 4:09:13 AM okhttp3.mockwebserver.MockWebServer$3 acceptConnections
INFO: MockWebServer[38083] done accepting connections: Socket is closed
Jan 29, 2016 4:09:13 AM okhttp3.mockwebserver.MockWebServer$3 execute
INFO: MockWebServer[55501] starting to accept connections
Jan 29, 2016 4:09:13 AM okhttp3.mockwebserver.MockWebServer$3 acceptConnections
INFO: MockWebServer[55501] done accepting connections: Socket closed
Jan 29, 2016 4:09:13 AM okhttp3.mockwebserver.MockWebServer$4 processOneRequest
INFO: MockWebServer[55501] received request: GET / HTTP/1.1 and responded: HTTP/1.1 200 OK
Jan 29, 2016 4:09:13 AM okhttp3.mockwebserver.MockWebServer$3 execute
INFO: MockWebServer[34412] starting to accept connections
Jan 29, 2016 4:09:13 AM okhttp3.mockwebserver.MockWebServer$3 acceptConnections
INFO: MockWebServer[34412] done accepting connections: Socket closed
Jan 29, 2016 4:09:13 AM okhttp3.mockwebserver.MockWebServer$4 processOneRequest
INFO: MockWebServer[34412] received request: GET / HTTP/1.1 and responded: HTTP/1.1 200 OK
Jan 29, 2016 4:09:13 AM okhttp3.mockwebserver.MockWebServer$3 execute
INFO: MockWebServer[53902] starting to accept connections
Jan 29, 2016 4:09:13 AM okhttp3.mockwebserver.MockWebServer$3 acceptConnections
INFO: MockWebServer[53902] done accepting connections: Socket closed
Jan 29, 2016 4:09:13 AM okhttp3.mockwebserver.MockWebServer$4 processOneRequest
INFO: MockWebServer[53902] received request: GET / HTTP/1.1 and responded: HTTP/1.1 200 OK
Tests run: 34, Failures: 0, Errors: 0, Skipped: 0, Time elapsed: 1.183 sec
Running retrofit2.RequestBuilderTest
Tests run: 103, Failures: 0, Errors: 0, Skipped: 2, Time elapsed: 0.329 sec
Running retrofit2.ExecutorCallAdapterFactoryTest
Tests run: 7, Failures: 0, Errors: 0, Skipped: 0, Time elapsed: 0.194 sec
Running retrofit2.RequestFactoryParserTest
Tests run: 1, Failures: 0, Errors: 0, Skipped: 0, Time elapsed: 0.008 sec
Running retrofit2.RetrofitTest
Jan 29, 2016 4:09:14 AM okhttp3.mockwebserver.MockWebServer$3 execute
INFO: MockWebServer[59910] starting to accept connections
Jan 29, 2016 4:09:14 AM okhttp3.mockwebserver.MockWebServer$3 acceptConnections
INFO: MockWebServer[59910] done accepting connections: Socket is closed
Jan 29, 2016 4:09:14 AM okhttp3.mockwebserver.MockWebServer$3 execute
INFO: MockWebServer[32943] starting to accept connections
Jan 29, 2016 4:09:14 AM okhttp3.mockwebserver.MockWebServer$3 acceptConnections
INFO: MockWebServer[32943] done accepting connections: Socket is closed
Jan 29, 2016 4:09:14 AM okhttp3.mockwebserver.MockWebServer$3 execute
INFO: MockWebServer[57749] starting to accept connections
Jan 29, 2016 4:09:14 AM okhttp3.mockwebserver.MockWebServer$3 acceptConnections
INFO: MockWebServer[57749] done accepting connections: Socket is closed
Jan 29, 2016 4:09:14 AM okhttp3.mockwebserver.MockWebServer$3 execute
INFO: MockWebServer[41825] starting to accept connections
Jan 29, 2016 4:09:14 AM okhttp3.mockwebserver.MockWebServer$3 acceptConnections
INFO: MockWebServer[41825] done accepting connections: Socket is closed
Jan 29, 2016 4:09:14 AM okhttp3.mockwebserver.MockWebServer$3 execute
INFO: MockWebServer[58949] starting to accept connections
Jan 29, 2016 4:09:14 AM okhttp3.mockwebserver.MockWebServer$3 acceptConnections
INFO: MockWebServer[58949] done accepting connections: Socket closed
Jan 29, 2016 4:09:14 AM okhttp3.mockwebserver.MockWebServer$4 processOneRequest
INFO: MockWebServer[58949] received request: GET / HTTP/1.1 and responded: HTTP/1.1 200 OK
Jan 29, 2016 4:09:14 AM okhttp3.mockwebserver.MockWebServer$3 execute
INFO: MockWebServer[37524] starting to accept connections
Jan 29, 2016 4:09:14 AM okhttp3.mockwebserver.MockWebServer$3 acceptConnections
INFO: MockWebServer[37524] done accepting connections: Socket is closed
Jan 29, 2016 4:09:14 AM okhttp3.mockwebserver.MockWebServer$3 execute
INFO: MockWebServer[58695] starting to accept connections
Jan 29, 2016 4:09:14 AM okhttp3.mockwebserver.MockWebServer$3 acceptConnections
INFO: MockWebServer[58695] done accepting connections: Socket is closed
Jan 29, 2016 4:09:14 AM okhttp3.mockwebserver.MockWebServer$3 execute
INFO: MockWebServer[46558] starting to accept connections
Jan 29, 2016 4:09:14 AM okhttp3.mockwebserver.MockWebServer$3 acceptConnections
INFO: MockWebServer[46558] done accepting connections: Socket is closed
Jan 29, 2016 4:09:14 AM okhttp3.mockwebserver.MockWebServer$3 execute
INFO: MockWebServer[34059] starting to accept connections
Jan 29, 2016 4:09:14 AM okhttp3.mockwebserver.MockWebServer$3 acceptConnections
INFO: MockWebServer[34059] done accepting connections: Socket is closed
Jan 29, 2016 4:09:14 AM okhttp3.mockwebserver.MockWebServer$3 execute
INFO: MockWebServer[36417] starting to accept connections
Jan 29, 2016 4:09:14 AM okhttp3.mockwebserver.MockWebServer$3 acceptConnections
INFO: MockWebServer[36417] done accepting connections: Socket is closed
Jan 29, 2016 4:09:14 AM okhttp3.mockwebserver.MockWebServer$3 execute
INFO: MockWebServer[58198] starting to accept connections
Jan 29, 2016 4:09:14 AM okhttp3.mockwebserver.MockWebServer$3 acceptConnections
INFO: MockWebServer[58198] done accepting connections: Socket is closed
Jan 29, 2016 4:09:14 AM okhttp3.mockwebserver.MockWebServer$3 execute
INFO: MockWebServer[57676] starting to accept connections
Jan 29, 2016 4:09:14 AM okhttp3.mockwebserver.MockWebServer$3 acceptConnections
INFO: MockWebServer[57676] done accepting connections: Socket is closed
Jan 29, 2016 4:09:14 AM okhttp3.mockwebserver.MockWebServer$3 execute
INFO: MockWebServer[38395] starting to accept connections
Jan 29, 2016 4:09:14 AM okhttp3.mockwebserver.MockWebServer$3 acceptConnections
INFO: MockWebServer[38395] done accepting connections: Socket is closed
Jan 29, 2016 4:09:14 AM okhttp3.mockwebserver.MockWebServer$3 execute
INFO: MockWebServer[37879] starting to accept connections
Jan 29, 2016 4:09:14 AM okhttp3.mockwebserver.MockWebServer$3 acceptConnections
INFO: MockWebServer[37879] done accepting connections: Socket closed
Jan 29, 2016 4:09:14 AM okhttp3.mockwebserver.MockWebServer$3 execute
INFO: MockWebServer[45827] starting to accept connections
Jan 29, 2016 4:09:14 AM okhttp3.mockwebserver.MockWebServer$3 acceptConnections
INFO: MockWebServer[45827] done accepting connections: Socket closed
Jan 29, 2016 4:09:14 AM okhttp3.mockwebserver.MockWebServer$4 processOneRequest
INFO: MockWebServer[45827] received request: GET / HTTP/1.1 and responded: HTTP/1.1 200 OK
Jan 29, 2016 4:09:14 AM okhttp3.mockwebserver.MockWebServer$3 execute
INFO: MockWebServer[39948] starting to accept connections
Jan 29, 2016 4:09:14 AM okhttp3.mockwebserver.MockWebServer$3 acceptConnections
INFO: MockWebServer[39948] done accepting connections: Socket is closed
Jan 29, 2016 4:09:14 AM okhttp3.mockwebserver.MockWebServer$3 execute
INFO: MockWebServer[57159] starting to accept connections
Jan 29, 2016 4:09:14 AM okhttp3.mockwebserver.MockWebServer$3 acceptConnections
INFO: MockWebServer[57159] done accepting connections: Socket is closed
Jan 29, 2016 4:09:14 AM okhttp3.mockwebserver.MockWebServer$3 execute
INFO: MockWebServer[38642] starting to accept connections
Jan 29, 2016 4:09:14 AM okhttp3.mockwebserver.MockWebServer$3 acceptConnections
INFO: MockWebServer[38642] done accepting connections: Socket closed
Jan 29, 2016 4:09:14 AM okhttp3.mockwebserver.MockWebServer$4 processOneRequest
INFO: MockWebServer[38642] received request: GET / HTTP/1.1 and responded: HTTP/1.1 200 OK
Jan 29, 2016 4:09:14 AM okhttp3.mockwebserver.MockWebServer$3 execute
INFO: MockWebServer[57772] starting to accept connections
Jan 29, 2016 4:09:14 AM okhttp3.mockwebserver.MockWebServer$3 acceptConnections
INFO: MockWebServer[57772] done accepting connections: Socket closed
Jan 29, 2016 4:09:14 AM okhttp3.mockwebserver.MockWebServer$3 execute
INFO: MockWebServer[37946] starting to accept connections
Jan 29, 2016 4:09:14 AM okhttp3.mockwebserver.MockWebServer$3 acceptConnections
INFO: MockWebServer[37946] done accepting connections: Socket closed
Jan 29, 2016 4:09:14 AM okhttp3.mockwebserver.MockWebServer$4 processOneRequest
INFO: MockWebServer[37946] received request: POST / HTTP/1.1 and responded: HTTP/1.1 200 OK
Jan 29, 2016 4:09:14 AM okhttp3.mockwebserver.MockWebServer$3 execute
INFO: MockWebServer[39283] starting to accept connections
Jan 29, 2016 4:09:14 AM okhttp3.mockwebserver.MockWebServer$3 acceptConnections
INFO: MockWebServer[39283] done accepting connections: Socket is closed
Jan 29, 2016 4:09:14 AM okhttp3.mockwebserver.MockWebServer$3 execute
INFO: MockWebServer[45109] starting to accept connections
Jan 29, 2016 4:09:14 AM okhttp3.mockwebserver.MockWebServer$3 acceptConnections
INFO: MockWebServer[45109] done accepting connections: Socket is closed
Jan 29, 2016 4:09:14 AM okhttp3.mockwebserver.MockWebServer$3 execute
INFO: MockWebServer[57919] starting to accept connections
Jan 29, 2016 4:09:14 AM okhttp3.mockwebserver.MockWebServer$3 acceptConnections
INFO: MockWebServer[57919] done accepting connections: Socket is closed
Jan 29, 2016 4:09:14 AM okhttp3.mockwebserver.MockWebServer$3 execute
INFO: MockWebServer[44162] starting to accept connections
Jan 29, 2016 4:09:14 AM okhttp3.mockwebserver.MockWebServer$3 acceptConnections
INFO: MockWebServer[44162] done accepting connections: Socket is closed
Jan 29, 2016 4:09:14 AM okhttp3.mockwebserver.MockWebServer$3 execute
INFO: MockWebServer[60417] starting to accept connections
Jan 29, 2016 4:09:14 AM okhttp3.mockwebserver.MockWebServer$3 acceptConnections
INFO: MockWebServer[60417] done accepting connections: Socket is closed
Jan 29, 2016 4:09:14 AM okhttp3.mockwebserver.MockWebServer$3 execute
INFO: MockWebServer[59190] starting to accept connections
Jan 29, 2016 4:09:14 AM okhttp3.mockwebserver.MockWebServer$3 acceptConnections
INFO: MockWebServer[59190] done accepting connections: Socket is closed
Jan 29, 2016 4:09:14 AM okhttp3.mockwebserver.MockWebServer$3 execute
INFO: MockWebServer[57190] starting to accept connections
Jan 29, 2016 4:09:14 AM okhttp3.mockwebserver.MockWebServer$3 acceptConnections
INFO: MockWebServer[57190] done accepting connections: Socket is closed
Jan 29, 2016 4:09:14 AM okhttp3.mockwebserver.MockWebServer$3 execute
INFO: MockWebServer[44305] starting to accept connections
Jan 29, 2016 4:09:14 AM okhttp3.mockwebserver.MockWebServer$3 acceptConnections
INFO: MockWebServer[44305] done accepting connections: Socket closed
Jan 29, 2016 4:09:14 AM okhttp3.mockwebserver.MockWebServer$4 processOneRequest
INFO: MockWebServer[44305] received request: GET / HTTP/1.1 and responded: HTTP/1.1 200 OK
Jan 29, 2016 4:09:14 AM okhttp3.mockwebserver.MockWebServer$3 execute
INFO: MockWebServer[55794] starting to accept connections
Jan 29, 2016 4:09:14 AM okhttp3.mockwebserver.MockWebServer$3 acceptConnections
INFO: MockWebServer[55794] done accepting connections: Socket is closed
Jan 29, 2016 4:09:14 AM okhttp3.mockwebserver.MockWebServer$3 execute
INFO: MockWebServer[58798] starting to accept connections
Jan 29, 2016 4:09:14 AM okhttp3.mockwebserver.MockWebServer$3 acceptConnections
INFO: MockWebServer[58798] done accepting connections: Socket is closed
Jan 29, 2016 4:09:14 AM okhttp3.mockwebserver.MockWebServer$3 execute
INFO: MockWebServer[45524] starting to accept connections
Jan 29, 2016 4:09:14 AM okhttp3.mockwebserver.MockWebServer$3 acceptConnections
INFO: MockWebServer[45524] done accepting connections: Socket is closed
Jan 29, 2016 4:09:14 AM okhttp3.mockwebserver.MockWebServer$3 execute
INFO: MockWebServer[36141] starting to accept connections
Jan 29, 2016 4:09:14 AM okhttp3.mockwebserver.MockWebServer$3 acceptConnections
INFO: MockWebServer[36141] done accepting connections: Socket is closed
Jan 29, 2016 4:09:14 AM okhttp3.mockwebserver.MockWebServer$3 execute
INFO: MockWebServer[42899] starting to accept connections
Jan 29, 2016 4:09:14 AM okhttp3.mockwebserver.MockWebServer$3 acceptConnections
INFO: MockWebServer[42899] done accepting connections: Socket is closed
Jan 29, 2016 4:09:14 AM okhttp3.mockwebserver.MockWebServer$3 execute
INFO: MockWebServer[33418] starting to accept connections
Jan 29, 2016 4:09:14 AM okhttp3.mockwebserver.MockWebServer$3 acceptConnections
INFO: MockWebServer[33418] done accepting connections: Socket closed
Jan 29, 2016 4:09:14 AM okhttp3.mockwebserver.MockWebServer$3 execute
INFO: MockWebServer[40260] starting to accept connections
Jan 29, 2016 4:09:14 AM okhttp3.mockwebserver.MockWebServer$3 acceptConnections
INFO: MockWebServer[40260] done accepting connections: Socket is closed
Jan 29, 2016 4:09:14 AM okhttp3.mockwebserver.MockWebServer$3 execute
INFO: MockWebServer[56966] starting to accept connections
Jan 29, 2016 4:09:14 AM okhttp3.mockwebserver.MockWebServer$3 acceptConnections
INFO: MockWebServer[56966] done accepting connections: Socket closed
Jan 29, 2016 4:09:14 AM okhttp3.mockwebserver.MockWebServer$3 execute
INFO: MockWebServer[35813] starting to accept connections
Jan 29, 2016 4:09:14 AM okhttp3.mockwebserver.MockWebServer$3 acceptConnections
INFO: MockWebServer[35813] done accepting connections: Socket closed
Jan 29, 2016 4:09:14 AM okhttp3.mockwebserver.MockWebServer$3 execute
INFO: MockWebServer[35177] starting to accept connections
Jan 29, 2016 4:09:14 AM okhttp3.mockwebserver.MockWebServer$3 acceptConnections
INFO: MockWebServer[35177] done accepting connections: Socket closed
Jan 29, 2016 4:09:14 AM okhttp3.mockwebserver.MockWebServer$3 execute
INFO: MockWebServer[55489] starting to accept connections
Jan 29, 2016 4:09:14 AM okhttp3.mockwebserver.MockWebServer$3 acceptConnections
INFO: MockWebServer[55489] done accepting connections: Socket closed
Jan 29, 2016 4:09:14 AM okhttp3.mockwebserver.MockWebServer$3 execute
INFO: MockWebServer[49075] starting to accept connections
Jan 29, 2016 4:09:14 AM okhttp3.mockwebserver.MockWebServer$3 acceptConnections
INFO: MockWebServer[49075] done accepting connections: Socket closed
Jan 29, 2016 4:09:14 AM okhttp3.mockwebserver.MockWebServer$3 execute
INFO: MockWebServer[38580] starting to accept connections
Jan 29, 2016 4:09:14 AM okhttp3.mockwebserver.MockWebServer$3 acceptConnections
INFO: MockWebServer[38580] done accepting connections: Socket is closed
Jan 29, 2016 4:09:14 AM okhttp3.mockwebserver.MockWebServer$3 execute
INFO: MockWebServer[36982] starting to accept connections
Jan 29, 2016 4:09:14 AM okhttp3.mockwebserver.MockWebServer$3 acceptConnections
INFO: MockWebServer[36982] done accepting connections: Socket is closed
Jan 29, 2016 4:09:14 AM okhttp3.mockwebserver.MockWebServer$3 execute
INFO: MockWebServer[37469] starting to accept connections
Jan 29, 2016 4:09:14 AM okhttp3.mockwebserver.MockWebServer$3 acceptConnections
INFO: MockWebServer[37469] done accepting connections: Socket is closed
Jan 29, 2016 4:09:14 AM okhttp3.mockwebserver.MockWebServer$3 execute
INFO: MockWebServer[37046] starting to accept connections
Jan 29, 2016 4:09:14 AM okhttp3.mockwebserver.MockWebServer$3 acceptConnections
INFO: MockWebServer[37046] done accepting connections: Socket is closed
Jan 29, 2016 4:09:14 AM okhttp3.mockwebserver.MockWebServer$3 execute
INFO: MockWebServer[35435] starting to accept connections
Jan 29, 2016 4:09:14 AM okhttp3.mockwebserver.MockWebServer$3 acceptConnections
INFO: MockWebServer[35435] done accepting connections: Socket is closed
Jan 29, 2016 4:09:14 AM okhttp3.mockwebserver.MockWebServer$3 execute
INFO: MockWebServer[45928] starting to accept connections
Jan 29, 2016 4:09:14 AM okhttp3.mockwebserver.MockWebServer$3 acceptConnections
INFO: MockWebServer[45928] done accepting connections: Socket is closed
Jan 29, 2016 4:09:14 AM okhttp3.mockwebserver.MockWebServer$3 execute
INFO: MockWebServer[57572] starting to accept connections
Jan 29, 2016 4:09:14 AM okhttp3.mockwebserver.MockWebServer$3 acceptConnections
INFO: MockWebServer[57572] done accepting connections: Socket is closed
Jan 29, 2016 4:09:14 AM okhttp3.mockwebserver.MockWebServer$3 execute
INFO: MockWebServer[60208] starting to accept connections
Jan 29, 2016 4:09:14 AM okhttp3.mockwebserver.MockWebServer$3 acceptConnections
INFO: MockWebServer[60208] done accepting connections: Socket is closed
Jan 29, 2016 4:09:14 AM okhttp3.mockwebserver.MockWebServer$3 execute
INFO: MockWebServer[37846] starting to accept connections
Jan 29, 2016 4:09:14 AM okhttp3.mockwebserver.MockWebServer$3 acceptConnections
INFO: MockWebServer[37846] done accepting connections: Socket is closed
Jan 29, 2016 4:09:14 AM okhttp3.mockwebserver.MockWebServer$3 execute
INFO: MockWebServer[44813] starting to accept connections
Jan 29, 2016 4:09:14 AM okhttp3.mockwebserver.MockWebServer$3 acceptConnections
INFO: MockWebServer[44813] done accepting connections: Socket is closed
Jan 29, 2016 4:09:14 AM okhttp3.mockwebserver.MockWebServer$3 execute
INFO: MockWebServer[49610] starting to accept connections
Jan 29, 2016 4:09:14 AM okhttp3.mockwebserver.MockWebServer$3 acceptConnections
INFO: MockWebServer[49610] done accepting connections: Socket is closed
Jan 29, 2016 4:09:14 AM okhttp3.mockwebserver.MockWebServer$3 execute
INFO: MockWebServer[33765] starting to accept connections
Jan 29, 2016 4:09:14 AM okhttp3.mockwebserver.MockWebServer$3 acceptConnections
INFO: MockWebServer[33765] done accepting connections: Socket is closed
Jan 29, 2016 4:09:14 AM okhttp3.mockwebserver.MockWebServer$3 execute
INFO: MockWebServer[48749] starting to accept connections
Jan 29, 2016 4:09:14 AM okhttp3.mockwebserver.MockWebServer$3 acceptConnections
INFO: MockWebServer[48749] done accepting connections: Socket is closed
Jan 29, 2016 4:09:14 AM okhttp3.mockwebserver.MockWebServer$3 execute
INFO: MockWebServer[36899] starting to accept connections
Jan 29, 2016 4:09:14 AM okhttp3.mockwebserver.MockWebServer$3 acceptConnections
INFO: MockWebServer[36899] done accepting connections: Socket is closed
Jan 29, 2016 4:09:14 AM okhttp3.mockwebserver.MockWebServer$3 execute
INFO: MockWebServer[44915] starting to accept connections
Jan 29, 2016 4:09:14 AM okhttp3.mockwebserver.MockWebServer$3 acceptConnections
INFO: MockWebServer[44915] done accepting connections: Socket is closed
Jan 29, 2016 4:09:14 AM okhttp3.mockwebserver.MockWebServer$3 execute
INFO: MockWebServer[48076] starting to accept connections
Jan 29, 2016 4:09:14 AM okhttp3.mockwebserver.MockWebServer$3 acceptConnections
INFO: MockWebServer[48076] done accepting connections: Socket is closed
Jan 29, 2016 4:09:14 AM okhttp3.mockwebserver.MockWebServer$3 execute
INFO: MockWebServer[44662] starting to accept connections
Jan 29, 2016 4:09:14 AM okhttp3.mockwebserver.MockWebServer$3 acceptConnections
INFO: MockWebServer[44662] done accepting connections: Socket is closed
Jan 29, 2016 4:09:14 AM okhttp3.mockwebserver.MockWebServer$3 execute
INFO: MockWebServer[39755] starting to accept connections
Jan 29, 2016 4:09:14 AM okhttp3.mockwebserver.MockWebServer$3 acceptConnections
INFO: MockWebServer[39755] done accepting connections: Socket is closed
Jan 29, 2016 4:09:14 AM okhttp3.mockwebserver.MockWebServer$3 execute
INFO: MockWebServer[55640] starting to accept connections
Jan 29, 2016 4:09:14 AM okhttp3.mockwebserver.MockWebServer$3 acceptConnections
INFO: MockWebServer[55640] done accepting connections: Socket is closed
Jan 29, 2016 4:09:14 AM okhttp3.mockwebserver.MockWebServer$3 execute
INFO: MockWebServer[37246] starting to accept connections
Jan 29, 2016 4:09:14 AM okhttp3.mockwebserver.MockWebServer$3 acceptConnections
INFO: MockWebServer[37246] done accepting connections: Socket is closed
Jan 29, 2016 4:09:14 AM okhttp3.mockwebserver.MockWebServer$3 execute
INFO: MockWebServer[59979] starting to accept connections
Jan 29, 2016 4:09:14 AM okhttp3.mockwebserver.MockWebServer$3 acceptConnections
INFO: MockWebServer[59979] done accepting connections: Socket is closed
Jan 29, 2016 4:09:14 AM okhttp3.mockwebserver.MockWebServer$3 execute
INFO: MockWebServer[59955] starting to accept connections
Jan 29, 2016 4:09:14 AM okhttp3.mockwebserver.MockWebServer$3 acceptConnections
INFO: MockWebServer[59955] done accepting connections: Socket is closed
Tests run: 62, Failures: 0, Errors: 0, Skipped: 0, Time elapsed: 0.519 sec
Running retrofit2.RequestBuilderAndroidTest
WARNING: No manifest file found at ./AndroidManifest.xml.Falling back to the Android OS resources only.
To remove this warning, annotate your test class with @Config(manifest=Config.NONE).
WARNING: No manifest file found at ./AndroidManifest.xml.Falling back to the Android OS resources only.
To remove this warning, annotate your test class with @Config(manifest=Config.NONE).
Tests run: 2, Failures: 0, Errors: 0, Skipped: 0, Time elapsed: 7.22 sec
Running retrofit2.ResponseTest
Tests run: 12, Failures: 0, Errors: 0, Skipped: 0, Time elapsed: 0.02 sec

Results :

Tests run: 221, Failures: 0, Errors: 0, Skipped: 2

[INFO] 
[INFO] --- animal-sniffer-maven-plugin:1.14:check (default) @ retrofit ---
[INFO] Checking unresolved references to org.codehaus.mojo.signature:java16:1.1
[INFO]                                                                         
[INFO] ------------------------------------------------------------------------
[INFO] Building Adapters 2.0.0-SNAPSHOT
[INFO] ------------------------------------------------------------------------
[INFO] 
[INFO] --- maven-enforcer-plugin:1.0:enforce (enforce-maven) @ retrofit-adapters ---
[INFO] 
[INFO] --- animal-sniffer-maven-plugin:1.14:check (default) @ retrofit-adapters ---
[INFO] Checking unresolved references to org.codehaus.mojo.signature:java16:1.1
[INFO]                                                                         
[INFO] ------------------------------------------------------------------------
[INFO] Building Adapter: Guava 2.0.0-SNAPSHOT
[INFO] ------------------------------------------------------------------------
[INFO] 
[INFO] --- maven-enforcer-plugin:1.0:enforce (enforce-maven) @ adapter-guava ---
[INFO] 
[INFO] --- maven-resources-plugin:2.6:resources (default-resources) @ adapter-guava ---
[INFO] Using 'UTF-8' encoding to copy filtered resources.
[INFO] skip non existing resourceDirectory /home/travis/build/square/retrofit/retrofit-adapters/guava/src/main/resources
[INFO] 
[INFO] --- maven-compiler-plugin:3.0:compile (default-compile) @ adapter-guava ---
[INFO] Changes detected - recompiling the module!
[INFO] Compiling 2 source files to /home/travis/build/square/retrofit/retrofit-adapters/guava/target/classes
[INFO] 
[INFO] --- maven-resources-plugin:2.6:testResources (default-testResources) @ adapter-guava ---
[INFO] Using 'UTF-8' encoding to copy filtered resources.
[INFO] skip non existing resourceDirectory /home/travis/build/square/retrofit/retrofit-adapters/guava/src/test/resources
[INFO] 
[INFO] --- maven-compiler-plugin:3.0:testCompile (default-testCompile) @ adapter-guava ---
[INFO] Changes detected - recompiling the module!
[INFO] Compiling 3 source files to /home/travis/build/square/retrofit/retrofit-adapters/guava/target/test-classes
[INFO] 
[INFO] --- maven-surefire-plugin:2.12.4:test (default-test) @ adapter-guava ---
[INFO] Surefire report directory: /home/travis/build/square/retrofit/retrofit-adapters/guava/target/surefire-reports

-------------------------------------------------------
 T E S T S
-------------------------------------------------------
Running retrofit2.adapter.guava.ListenableFutureTest
Jan 29, 2016 4:09:24 AM okhttp3.mockwebserver.MockWebServer$3 execute
INFO: MockWebServer[50424] starting to accept connections
Jan 29, 2016 4:09:25 AM okhttp3.mockwebserver.MockWebServer$4 processOneRequest
INFO: MockWebServer[50424] received request: GET / HTTP/1.1 and responded: HTTP/1.1 200 OK
Jan 29, 2016 4:09:25 AM okhttp3.mockwebserver.MockWebServer$3 acceptConnections
INFO: MockWebServer[50424] done accepting connections: Socket closed
Jan 29, 2016 4:09:25 AM okhttp3.mockwebserver.MockWebServer$3 execute
INFO: MockWebServer[44821] starting to accept connections
Jan 29, 2016 4:09:25 AM okhttp3.mockwebserver.MockWebServer$4 processOneRequest
INFO: MockWebServer[44821] received request: GET / HTTP/1.1 and responded: HTTP/1.1 404 Client Error
Jan 29, 2016 4:09:25 AM okhttp3.mockwebserver.MockWebServer$3 acceptConnections
INFO: MockWebServer[44821] done accepting connections: Socket closed
Jan 29, 2016 4:09:25 AM okhttp3.mockwebserver.MockWebServer$3 execute
INFO: MockWebServer[60358] starting to accept connections
Jan 29, 2016 4:09:25 AM okhttp3.mockwebserver.MockWebServer$3 acceptConnections
INFO: MockWebServer[60358] done accepting connections: Socket closed
Jan 29, 2016 4:09:25 AM okhttp3.mockwebserver.MockWebServer$4 processConnection
WARNING: MockWebServer[60358] connection from /127.0.0.1 didn't make a request
Jan 29, 2016 4:09:25 AM okhttp3.mockwebserver.MockWebServer$3 execute
INFO: MockWebServer[42979] starting to accept connections
Jan 29, 2016 4:09:25 AM okhttp3.mockwebserver.MockWebServer$3 acceptConnections
INFO: MockWebServer[42979] done accepting connections: Socket closed
Jan 29, 2016 4:09:25 AM okhttp3.mockwebserver.MockWebServer$4 processOneRequest
INFO: MockWebServer[42979] received request: GET / HTTP/1.1 and responded: HTTP/1.1 200 OK
Jan 29, 2016 4:09:25 AM okhttp3.mockwebserver.MockWebServer$3 execute
INFO: MockWebServer[51604] starting to accept connections
Jan 29, 2016 4:09:25 AM okhttp3.mockwebserver.MockWebServer$4 processOneRequest
INFO: MockWebServer[51604] received request: GET / HTTP/1.1 and responded: HTTP/1.1 404 Client Error
Jan 29, 2016 4:09:25 AM okhttp3.mockwebserver.MockWebServer$3 acceptConnections
INFO: MockWebServer[51604] done accepting connections: Socket closed
Jan 29, 2016 4:09:25 AM okhttp3.mockwebserver.MockWebServer$3 execute
INFO: MockWebServer[39835] starting to accept connections
Jan 29, 2016 4:09:25 AM okhttp3.mockwebserver.MockWebServer$3 acceptConnections
INFO: MockWebServer[39835] done accepting connections: Socket closed
Jan 29, 2016 4:09:25 AM okhttp3.mockwebserver.MockWebServer$4 processConnection
WARNING: MockWebServer[39835] connection from /127.0.0.1 didn't make a request
Tests run: 6, Failures: 0, Errors: 0, Skipped: 0, Time elapsed: 0.751 sec
Running retrofit2.adapter.guava.GuavaCallAdapterFactoryTest
Jan 29, 2016 4:09:25 AM okhttp3.mockwebserver.MockWebServer$3 execute
INFO: MockWebServer[42158] starting to accept connections
Jan 29, 2016 4:09:25 AM okhttp3.mockwebserver.MockWebServer$3 acceptConnections
INFO: MockWebServer[42158] done accepting connections: Socket closed
Jan 29, 2016 4:09:25 AM okhttp3.mockwebserver.MockWebServer$3 execute
INFO: MockWebServer[44291] starting to accept connections
Jan 29, 2016 4:09:25 AM okhttp3.mockwebserver.MockWebServer$3 acceptConnections
INFO: MockWebServer[44291] done accepting connections: Socket closed
Jan 29, 2016 4:09:25 AM okhttp3.mockwebserver.MockWebServer$3 execute
INFO: MockWebServer[38018] starting to accept connections
Jan 29, 2016 4:09:25 AM okhttp3.mockwebserver.MockWebServer$3 acceptConnections
INFO: MockWebServer[38018] done accepting connections: Socket closed
Jan 29, 2016 4:09:25 AM okhttp3.mockwebserver.MockWebServer$3 execute
INFO: MockWebServer[37965] starting to accept connections
Jan 29, 2016 4:09:25 AM okhttp3.mockwebserver.MockWebServer$3 acceptConnections
INFO: MockWebServer[37965] done accepting connections: Socket is closed
Tests run: 4, Failures: 0, Errors: 0, Skipped: 0, Time elapsed: 0.033 sec

Results :

Tests run: 10, Failures: 0, Errors: 0, Skipped: 0

[INFO] 
[INFO] --- animal-sniffer-maven-plugin:1.14:check (default) @ adapter-guava ---
[INFO] Checking unresolved references to org.codehaus.mojo.signature:java16:1.1
[INFO]                                                                         
[INFO] ------------------------------------------------------------------------
[INFO] Building Adapter: Java 8 2.0.0-SNAPSHOT
[INFO] ------------------------------------------------------------------------
[INFO] 
[INFO] --- maven-enforcer-plugin:1.0:enforce (enforce-maven) @ adapter-java8 ---
[INFO] 
[INFO] --- maven-resources-plugin:2.6:resources (default-resources) @ adapter-java8 ---
[INFO] Using 'UTF-8' encoding to copy filtered resources.
[INFO] skip non existing resourceDirectory /home/travis/build/square/retrofit/retrofit-adapters/java8/src/main/resources
[INFO] 
[INFO] --- maven-compiler-plugin:3.0:compile (default-compile) @ adapter-java8 ---
[INFO] Changes detected - recompiling the module!
[INFO] Compiling 2 source files to /home/travis/build/square/retrofit/retrofit-adapters/java8/target/classes
[INFO] 
[INFO] --- maven-resources-plugin:2.6:testResources (default-testResources) @ adapter-java8 ---
[INFO] Using 'UTF-8' encoding to copy filtered resources.
[INFO] skip non existing resourceDirectory /home/travis/build/square/retrofit/retrofit-adapters/java8/src/test/resources
[INFO] 
[INFO] --- maven-compiler-plugin:3.0:testCompile (default-testCompile) @ adapter-java8 ---
[INFO] Changes detected - recompiling the module!
[INFO] Compiling 3 source files to /home/travis/build/square/retrofit/retrofit-adapters/java8/target/test-classes
[INFO] 
[INFO] --- maven-surefire-plugin:2.12.4:test (default-test) @ adapter-java8 ---
[INFO] Surefire report directory: /home/travis/build/square/retrofit/retrofit-adapters/java8/target/surefire-reports

-------------------------------------------------------
 T E S T S
-------------------------------------------------------
Running retrofit2.adapter.java8.Java8CallAdapterFactoryTest
Jan 29, 2016 4:09:26 AM okhttp3.mockwebserver.MockWebServer$3 execute
INFO: MockWebServer[34488] starting to accept connections
Jan 29, 2016 4:09:27 AM okhttp3.mockwebserver.MockWebServer$3 acceptConnections
INFO: MockWebServer[34488] done accepting connections: Socket closed
Jan 29, 2016 4:09:27 AM okhttp3.mockwebserver.MockWebServer$3 execute
INFO: MockWebServer[56337] starting to accept connections
Jan 29, 2016 4:09:27 AM okhttp3.mockwebserver.MockWebServer$3 acceptConnections
INFO: MockWebServer[56337] done accepting connections: Socket is closed
Jan 29, 2016 4:09:27 AM okhttp3.mockwebserver.MockWebServer$3 execute
INFO: MockWebServer[59395] starting to accept connections
Jan 29, 2016 4:09:27 AM okhttp3.mockwebserver.MockWebServer$3 acceptConnections
INFO: MockWebServer[59395] done accepting connections: Socket is closed
Jan 29, 2016 4:09:27 AM okhttp3.mockwebserver.MockWebServer$3 execute
INFO: MockWebServer[44101] starting to accept connections
Jan 29, 2016 4:09:27 AM okhttp3.mockwebserver.MockWebServer$3 acceptConnections
INFO: MockWebServer[44101] done accepting connections: Socket is closed
Tests run: 4, Failures: 0, Errors: 0, Skipped: 0, Time elapsed: 0.584 sec
Running retrofit2.adapter.java8.CompletableFutureTest
Jan 29, 2016 4:09:27 AM okhttp3.mockwebserver.MockWebServer$3 execute
INFO: MockWebServer[48138] starting to accept connections
Jan 29, 2016 4:09:27 AM okhttp3.mockwebserver.MockWebServer$4 processOneRequest
INFO: MockWebServer[48138] received request: GET / HTTP/1.1 and responded: HTTP/1.1 200 OK
Jan 29, 2016 4:09:27 AM okhttp3.mockwebserver.MockWebServer$3 acceptConnections
INFO: MockWebServer[48138] done accepting connections: Socket closed
Jan 29, 2016 4:09:27 AM okhttp3.mockwebserver.MockWebServer$3 execute
INFO: MockWebServer[35498] starting to accept connections
Jan 29, 2016 4:09:27 AM okhttp3.mockwebserver.MockWebServer$3 acceptConnections
INFO: MockWebServer[35498] done accepting connections: Socket closed
Jan 29, 2016 4:09:27 AM okhttp3.mockwebserver.MockWebServer$4 processOneRequest
INFO: MockWebServer[35498] received request: GET / HTTP/1.1 and responded: HTTP/1.1 404 Client Error
Jan 29, 2016 4:09:27 AM okhttp3.mockwebserver.MockWebServer$3 execute
INFO: MockWebServer[59048] starting to accept connections
Jan 29, 2016 4:09:27 AM okhttp3.mockwebserver.MockWebServer$3 acceptConnections
INFO: MockWebServer[59048] done accepting connections: Socket closed
Jan 29, 2016 4:09:27 AM okhttp3.mockwebserver.MockWebServer$4 processConnection
WARNING: MockWebServer[59048] connection from /127.0.0.1 didn't make a request
Jan 29, 2016 4:09:27 AM okhttp3.mockwebserver.MockWebServer$3 execute
INFO: MockWebServer[46787] starting to accept connections
Jan 29, 2016 4:09:27 AM okhttp3.mockwebserver.MockWebServer$3 acceptConnections
INFO: MockWebServer[46787] done accepting connections: Socket closed
Jan 29, 2016 4:09:27 AM okhttp3.mockwebserver.MockWebServer$4 processOneRequest
INFO: MockWebServer[46787] received request: GET / HTTP/1.1 and responded: HTTP/1.1 200 OK
Jan 29, 2016 4:09:27 AM okhttp3.mockwebserver.MockWebServer$3 execute
INFO: MockWebServer[47360] starting to accept connections
Jan 29, 2016 4:09:27 AM okhttp3.mockwebserver.MockWebServer$3 acceptConnections
INFO: MockWebServer[47360] done accepting connections: Socket closed
Jan 29, 2016 4:09:27 AM okhttp3.mockwebserver.MockWebServer$4 processOneRequest
INFO: MockWebServer[47360] received request: GET / HTTP/1.1 and responded: HTTP/1.1 404 Client Error
Jan 29, 2016 4:09:27 AM okhttp3.mockwebserver.MockWebServer$3 execute
INFO: MockWebServer[53533] starting to accept connections
Jan 29, 2016 4:09:27 AM okhttp3.mockwebserver.MockWebServer$3 acceptConnections
INFO: MockWebServer[53533] done accepting connections: Socket closed
Jan 29, 2016 4:09:27 AM okhttp3.mockwebserver.MockWebServer$4 processConnection
WARNING: MockWebServer[53533] connection from /127.0.0.1 didn't make a request
Tests run: 6, Failures: 0, Errors: 0, Skipped: 0, Time elapsed: 0.164 sec

Results :

Tests run: 10, Failures: 0, Errors: 0, Skipped: 0

[INFO] 
[INFO] --- animal-sniffer-maven-plugin:1.14:check (default) @ adapter-java8 ---
[INFO] Checking unresolved references to org.kaazing.mojo.signature:java18:1.0
[INFO]                                                                         
[INFO] ------------------------------------------------------------------------
[INFO] Building Adapter: RxJava 2.0.0-SNAPSHOT
[INFO] ------------------------------------------------------------------------
[INFO] 
[INFO] --- maven-enforcer-plugin:1.0:enforce (enforce-maven) @ adapter-rxjava ---
[INFO] 
[INFO] --- maven-resources-plugin:2.6:resources (default-resources) @ adapter-rxjava ---
[INFO] Using 'UTF-8' encoding to copy filtered resources.
[INFO] skip non existing resourceDirectory /home/travis/build/square/retrofit/retrofit-adapters/rxjava/src/main/resources
[INFO] 
[INFO] --- maven-compiler-plugin:3.0:compile (default-compile) @ adapter-rxjava ---
[INFO] Changes detected - recompiling the module!
[INFO] Compiling 4 source files to /home/travis/build/square/retrofit/retrofit-adapters/rxjava/target/classes
[INFO] 
[INFO] --- maven-resources-plugin:2.6:testResources (default-testResources) @ adapter-rxjava ---
[INFO] Using 'UTF-8' encoding to copy filtered resources.
[INFO] skip non existing resourceDirectory /home/travis/build/square/retrofit/retrofit-adapters/rxjava/src/test/resources
[INFO] 
[INFO] --- maven-compiler-plugin:3.0:testCompile (default-testCompile) @ adapter-rxjava ---
[INFO] Changes detected - recompiling the module!
[INFO] Compiling 5 source files to /home/travis/build/square/retrofit/retrofit-adapters/rxjava/target/test-classes
[INFO] 
[INFO] --- maven-surefire-plugin:2.12.4:test (default-test) @ adapter-rxjava ---
[INFO] Surefire report directory: /home/travis/build/square/retrofit/retrofit-adapters/rxjava/target/surefire-reports

-------------------------------------------------------
 T E S T S
-------------------------------------------------------
Running retrofit2.adapter.rxjava.ObservableTest
Jan 29, 2016 4:09:28 AM okhttp3.mockwebserver.MockWebServer$3 execute
INFO: MockWebServer[54801] starting to accept connections
Jan 29, 2016 4:09:29 AM okhttp3.mockwebserver.MockWebServer$4 processConnection
WARNING: MockWebServer[54801] connection from /127.0.0.1 didn't make a request
Jan 29, 2016 4:09:29 AM okhttp3.mockwebserver.MockWebServer$3 acceptConnections
INFO: MockWebServer[54801] done accepting connections: Socket closed
Jan 29, 2016 4:09:29 AM okhttp3.mockwebserver.MockWebServer$3 execute
INFO: MockWebServer[40218] starting to accept connections
Jan 29, 2016 4:09:29 AM okhttp3.mockwebserver.MockWebServer$4 processOneRequest
INFO: MockWebServer[40218] received request: GET / HTTP/1.1 and responded: HTTP/1.1 200 OK
Jan 29, 2016 4:09:29 AM okhttp3.mockwebserver.MockWebServer$3 acceptConnections
INFO: MockWebServer[40218] done accepting connections: Socket closed
Jan 29, 2016 4:09:29 AM okhttp3.mockwebserver.MockWebServer$3 execute
INFO: MockWebServer[42537] starting to accept connections
Jan 29, 2016 4:09:29 AM okhttp3.mockwebserver.MockWebServer$4 processOneRequest
INFO: MockWebServer[42537] received request: GET / HTTP/1.1 and responded: HTTP/1.1 404 Client Error
Jan 29, 2016 4:09:29 AM okhttp3.mockwebserver.MockWebServer$3 acceptConnections
INFO: MockWebServer[42537] done accepting connections: Socket closed
Jan 29, 2016 4:09:29 AM okhttp3.mockwebserver.MockWebServer$3 execute
INFO: MockWebServer[60242] starting to accept connections
Jan 29, 2016 4:09:29 AM okhttp3.mockwebserver.MockWebServer$4 processConnection
WARNING: MockWebServer[60242] connection from /127.0.0.1 didn't make a request
Jan 29, 2016 4:09:29 AM okhttp3.mockwebserver.MockWebServer$3 acceptConnections
INFO: MockWebServer[60242] done accepting connections: Socket closed
Jan 29, 2016 4:09:29 AM okhttp3.mockwebserver.MockWebServer$3 execute
INFO: MockWebServer[44551] starting to accept connections
Jan 29, 2016 4:09:29 AM okhttp3.mockwebserver.MockWebServer$4 processOneRequest
INFO: MockWebServer[44551] received request: GET / HTTP/1.1 and responded: HTTP/1.1 200 OK
Jan 29, 2016 4:09:29 AM okhttp3.mockwebserver.MockWebServer$3 acceptConnections
INFO: MockWebServer[44551] done accepting connections: Socket closed
Jan 29, 2016 4:09:29 AM okhttp3.mockwebserver.MockWebServer$3 execute
INFO: MockWebServer[38927] starting to accept connections
Jan 29, 2016 4:09:29 AM okhttp3.mockwebserver.MockWebServer$3 acceptConnections
INFO: MockWebServer[38927] done accepting connections: Socket closed
Jan 29, 2016 4:09:29 AM okhttp3.mockwebserver.MockWebServer$4 processOneRequest
INFO: MockWebServer[38927] received request: GET / HTTP/1.1 and responded: HTTP/1.1 404 Client Error
Jan 29, 2016 4:09:29 AM okhttp3.mockwebserver.MockWebServer$3 execute
INFO: MockWebServer[41905] starting to accept connections
Jan 29, 2016 4:09:29 AM okhttp3.mockwebserver.MockWebServer$4 processConnection
WARNING: MockWebServer[41905] connection from /127.0.0.1 didn't make a request
Jan 29, 2016 4:09:29 AM okhttp3.mockwebserver.MockWebServer$3 acceptConnections
INFO: MockWebServer[41905] done accepting connections: Socket closed
Jan 29, 2016 4:09:29 AM okhttp3.mockwebserver.MockWebServer$3 execute
INFO: MockWebServer[59419] starting to accept connections
Jan 29, 2016 4:09:29 AM okhttp3.mockwebserver.MockWebServer$4 processOneRequest
INFO: MockWebServer[59419] received request: GET / HTTP/1.1 and responded: HTTP/1.1 200 OK
Jan 29, 2016 4:09:29 AM okhttp3.mockwebserver.MockWebServer$3 acceptConnections
INFO: MockWebServer[59419] done accepting connections: Socket closed
Jan 29, 2016 4:09:29 AM okhttp3.mockwebserver.MockWebServer$3 execute
INFO: MockWebServer[39333] starting to accept connections
Jan 29, 2016 4:09:29 AM okhttp3.mockwebserver.MockWebServer$3 acceptConnections
INFO: MockWebServer[39333] done accepting connections: Socket closed
Jan 29, 2016 4:09:29 AM okhttp3.mockwebserver.MockWebServer$4 processOneRequest
INFO: MockWebServer[39333] received request: GET / HTTP/1.1 and responded: HTTP/1.1 404 Client Error
Tests run: 9, Failures: 0, Errors: 0, Skipped: 0, Time elapsed: 0.697 sec
Running retrofit2.adapter.rxjava.RxJavaCallAdapterFactoryTest
Tests run: 5, Failures: 0, Errors: 0, Skipped: 0, Time elapsed: 0.041 sec
Running retrofit2.adapter.rxjava.SingleTest
Jan 29, 2016 4:09:29 AM okhttp3.mockwebserver.MockWebServer$3 execute
INFO: MockWebServer[34240] starting to accept connections
Jan 29, 2016 4:09:29 AM okhttp3.mockwebserver.MockWebServer$4 processConnection
WARNING: MockWebServer[34240] connection from /127.0.0.1 didn't make a request
Jan 29, 2016 4:09:29 AM okhttp3.mockwebserver.MockWebServer$3 acceptConnections
INFO: MockWebServer[34240] done accepting connections: Socket closed
Jan 29, 2016 4:09:29 AM okhttp3.mockwebserver.MockWebServer$3 execute
INFO: MockWebServer[46838] starting to accept connections
Jan 29, 2016 4:09:29 AM okhttp3.mockwebserver.MockWebServer$4 processOneRequest
INFO: MockWebServer[46838] received request: GET / HTTP/1.1 and responded: HTTP/1.1 200 OK
Jan 29, 2016 4:09:29 AM okhttp3.mockwebserver.MockWebServer$3 acceptConnections
INFO: MockWebServer[46838] done accepting connections: Socket closed
Jan 29, 2016 4:09:29 AM okhttp3.mockwebserver.MockWebServer$3 execute
INFO: MockWebServer[47447] starting to accept connections
Jan 29, 2016 4:09:29 AM okhttp3.mockwebserver.MockWebServer$4 processOneRequest
INFO: MockWebServer[47447] received request: GET / HTTP/1.1 and responded: HTTP/1.1 404 Client Error
Jan 29, 2016 4:09:29 AM okhttp3.mockwebserver.MockWebServer$3 acceptConnections
INFO: MockWebServer[47447] done accepting connections: Socket closed
Jan 29, 2016 4:09:29 AM okhttp3.mockwebserver.MockWebServer$3 execute
INFO: MockWebServer[40126] starting to accept connections
Jan 29, 2016 4:09:29 AM okhttp3.mockwebserver.MockWebServer$4 processConnection
WARNING: MockWebServer[40126] connection from /127.0.0.1 didn't make a request
Jan 29, 2016 4:09:29 AM okhttp3.mockwebserver.MockWebServer$3 acceptConnections
INFO: MockWebServer[40126] done accepting connections: Socket closed
Jan 29, 2016 4:09:29 AM okhttp3.mockwebserver.MockWebServer$3 execute
INFO: MockWebServer[40284] starting to accept connections
Jan 29, 2016 4:09:29 AM okhttp3.mockwebserver.MockWebServer$4 processOneRequest
INFO: MockWebServer[40284] received request: GET / HTTP/1.1 and responded: HTTP/1.1 200 OK
Jan 29, 2016 4:09:29 AM okhttp3.mockwebserver.MockWebServer$3 acceptConnections
INFO: MockWebServer[40284] done accepting connections: Socket closed
Jan 29, 2016 4:09:29 AM okhttp3.mockwebserver.MockWebServer$3 execute
INFO: MockWebServer[40431] starting to accept connections
Jan 29, 2016 4:09:29 AM okhttp3.mockwebserver.MockWebServer$4 processOneRequest
INFO: MockWebServer[40431] received request: GET / HTTP/1.1 and responded: HTTP/1.1 404 Client Error
Jan 29, 2016 4:09:29 AM okhttp3.mockwebserver.MockWebServer$3 acceptConnections
INFO: MockWebServer[40431] done accepting connections: Socket closed
Jan 29, 2016 4:09:29 AM okhttp3.mockwebserver.MockWebServer$3 execute
INFO: MockWebServer[41777] starting to accept connections
Jan 29, 2016 4:09:29 AM okhttp3.mockwebserver.MockWebServer$3 acceptConnections
INFO: MockWebServer[41777] done accepting connections: Socket closed
Jan 29, 2016 4:09:29 AM okhttp3.mockwebserver.MockWebServer$4 processConnection
WARNING: MockWebServer[41777] connection from /127.0.0.1 didn't make a request
Jan 29, 2016 4:09:29 AM okhttp3.mockwebserver.MockWebServer$3 execute
INFO: MockWebServer[39471] starting to accept connections
Jan 29, 2016 4:09:29 AM okhttp3.mockwebserver.MockWebServer$3 acceptConnections
INFO: MockWebServer[39471] done accepting connections: Socket closed
Jan 29, 2016 4:09:29 AM okhttp3.mockwebserver.MockWebServer$4 processOneRequest
INFO: MockWebServer[39471] received request: GET / HTTP/1.1 and responded: HTTP/1.1 200 OK
Jan 29, 2016 4:09:29 AM okhttp3.mockwebserver.MockWebServer$3 execute
INFO: MockWebServer[43152] starting to accept connections
Jan 29, 2016 4:09:29 AM okhttp3.mockwebserver.MockWebServer$3 acceptConnections
INFO: MockWebServer[43152] done accepting connections: Socket closed
Jan 29, 2016 4:09:29 AM okhttp3.mockwebserver.MockWebServer$4 processOneRequest
INFO: MockWebServer[43152] received request: GET / HTTP/1.1 and responded: HTTP/1.1 404 Client Error
Tests run: 9, Failures: 0, Errors: 0, Skipped: 0, Time elapsed: 0.107 sec
Running retrofit2.adapter.rxjava.ResultTest
Tests run: 4, Failures: 0, Errors: 0, Skipped: 0, Time elapsed: 0 sec

Results :

Tests run: 27, Failures: 0, Errors: 0, Skipped: 0

[INFO] 
[INFO] --- animal-sniffer-maven-plugin:1.14:check (default) @ adapter-rxjava ---
[INFO] Checking unresolved references to org.codehaus.mojo.signature:java16:1.1
[INFO]                                                                         
[INFO] ------------------------------------------------------------------------
[INFO] Building Converters 2.0.0-SNAPSHOT
[INFO] ------------------------------------------------------------------------
[INFO] 
[INFO] --- maven-enforcer-plugin:1.0:enforce (enforce-maven) @ retrofit-converters ---
[INFO] 
[INFO] --- animal-sniffer-maven-plugin:1.14:check (default) @ retrofit-converters ---
[INFO] Checking unresolved references to org.codehaus.mojo.signature:java16:1.1
[INFO]                                                                         
[INFO] ------------------------------------------------------------------------
[INFO] Building Converter: Gson 2.0.0-SNAPSHOT
[INFO] ------------------------------------------------------------------------
[INFO] 
[INFO] --- maven-enforcer-plugin:1.0:enforce (enforce-maven) @ converter-gson ---
[INFO] 
[INFO] --- maven-resources-plugin:2.6:resources (default-resources) @ converter-gson ---
[INFO] Using 'UTF-8' encoding to copy filtered resources.
[INFO] skip non existing resourceDirectory /home/travis/build/square/retrofit/retrofit-converters/gson/src/main/resources
[INFO] 
[INFO] --- maven-compiler-plugin:3.0:compile (default-compile) @ converter-gson ---
[INFO] Changes detected - recompiling the module!
[INFO] Compiling 3 source files to /home/travis/build/square/retrofit/retrofit-converters/gson/target/classes
[INFO] 
[INFO] --- maven-resources-plugin:2.6:testResources (default-testResources) @ converter-gson ---
[INFO] Using 'UTF-8' encoding to copy filtered resources.
[INFO] skip non existing resourceDirectory /home/travis/build/square/retrofit/retrofit-converters/gson/src/test/resources
[INFO] 
[INFO] --- maven-compiler-plugin:3.0:testCompile (default-testCompile) @ converter-gson ---
[INFO] Changes detected - recompiling the module!
[INFO] Compiling 1 source file to /home/travis/build/square/retrofit/retrofit-converters/gson/target/test-classes
[INFO] 
[INFO] --- maven-surefire-plugin:2.12.4:test (default-test) @ converter-gson ---
[INFO] Surefire report directory: /home/travis/build/square/retrofit/retrofit-converters/gson/target/surefire-reports

-------------------------------------------------------
 T E S T S
-------------------------------------------------------
Running retrofit2.converter.gson.GsonConverterFactoryTest
Jan 29, 2016 4:09:30 AM okhttp3.mockwebserver.MockWebServer$3 execute
INFO: MockWebServer[38992] starting to accept connections
Jan 29, 2016 4:09:31 AM okhttp3.mockwebserver.MockWebServer$4 processOneRequest
INFO: MockWebServer[38992] received request: POST / HTTP/1.1 and responded: HTTP/1.1 200 OK
Jan 29, 2016 4:09:31 AM okhttp3.mockwebserver.MockWebServer$3 acceptConnections
INFO: MockWebServer[38992] done accepting connections: Socket closed
Jan 29, 2016 4:09:31 AM okhttp3.mockwebserver.MockWebServer$3 execute
INFO: MockWebServer[56780] starting to accept connections
Jan 29, 2016 4:09:31 AM okhttp3.mockwebserver.MockWebServer$3 acceptConnections
INFO: MockWebServer[56780] done accepting connections: Socket closed
Jan 29, 2016 4:09:31 AM okhttp3.mockwebserver.MockWebServer$4 processOneRequest
INFO: MockWebServer[56780] received request: POST / HTTP/1.1 and responded: HTTP/1.1 200 OK
Jan 29, 2016 4:09:31 AM okhttp3.mockwebserver.MockWebServer$3 execute
INFO: MockWebServer[52214] starting to accept connections
Jan 29, 2016 4:09:31 AM okhttp3.mockwebserver.MockWebServer$3 acceptConnections
INFO: MockWebServer[52214] done accepting connections: Socket closed
Jan 29, 2016 4:09:31 AM okhttp3.mockwebserver.MockWebServer$4 processOneRequest
INFO: MockWebServer[52214] received request: POST / HTTP/1.1 and responded: HTTP/1.1 200 OK
Tests run: 3, Failures: 0, Errors: 0, Skipped: 0, Time elapsed: 0.625 sec

Results :

Tests run: 3, Failures: 0, Errors: 0, Skipped: 0

[INFO] 
[INFO] --- animal-sniffer-maven-plugin:1.14:check (default) @ converter-gson ---
[INFO] Checking unresolved references to org.codehaus.mojo.signature:java16:1.1
[INFO]                                                                         
[INFO] ------------------------------------------------------------------------
[INFO] Building Converter: Protocol Buffers 2.0.0-SNAPSHOT
[INFO] ------------------------------------------------------------------------
[INFO] 
[INFO] --- maven-enforcer-plugin:1.0:enforce (enforce-maven) @ converter-protobuf ---
[INFO] 
[INFO] --- maven-resources-plugin:2.6:resources (default-resources) @ converter-protobuf ---
[INFO] Using 'UTF-8' encoding to copy filtered resources.
[INFO] skip non existing resourceDirectory /home/travis/build/square/retrofit/retrofit-converters/protobuf/src/main/resources
[INFO] 
[INFO] --- maven-compiler-plugin:3.0:compile (default-compile) @ converter-protobuf ---
[INFO] Changes detected - recompiling the module!
[INFO] Compiling 3 source files to /home/travis/build/square/retrofit/retrofit-converters/protobuf/target/classes
[WARNING] /home/travis/build/square/retrofit/retrofit-converters/protobuf/src/main/java/retrofit2/converter/protobuf/ProtoConverterFactory.java: /home/travis/build/square/retrofit/retrofit-converters/protobuf/src/main/java/retrofit2/converter/protobuf/ProtoConverterFactory.java uses unchecked or unsafe operations.
[WARNING] /home/travis/build/square/retrofit/retrofit-converters/protobuf/src/main/java/retrofit2/converter/protobuf/ProtoConverterFactory.java: Recompile with -Xlint:unchecked for details.
[INFO] 
[INFO] --- maven-resources-plugin:2.6:testResources (default-testResources) @ converter-protobuf ---
[INFO] Using 'UTF-8' encoding to copy filtered resources.
[INFO] skip non existing resourceDirectory /home/travis/build/square/retrofit/retrofit-converters/protobuf/src/test/resources
[INFO] 
[INFO] --- maven-compiler-plugin:3.0:testCompile (default-testCompile) @ converter-protobuf ---
[INFO] Changes detected - recompiling the module!
[INFO] Compiling 2 source files to /home/travis/build/square/retrofit/retrofit-converters/protobuf/target/test-classes
[INFO] 
[INFO] --- maven-surefire-plugin:2.12.4:test (default-test) @ converter-protobuf ---
[INFO] Surefire report directory: /home/travis/build/square/retrofit/retrofit-converters/protobuf/target/surefire-reports

-------------------------------------------------------
 T E S T S
-------------------------------------------------------
Running retrofit2.converter.protobuf.ProtoConverterFactoryTest
Jan 29, 2016 4:09:32 AM okhttp3.mockwebserver.MockWebServer$3 execute
INFO: MockWebServer[53191] starting to accept connections
Jan 29, 2016 4:09:32 AM okhttp3.mockwebserver.MockWebServer$4 processOneRequest
INFO: MockWebServer[53191] received request: POST / HTTP/1.1 and responded: HTTP/1.1 200 OK
Jan 29, 2016 4:09:32 AM okhttp3.mockwebserver.MockWebServer$3 acceptConnections
INFO: MockWebServer[53191] done accepting connections: Socket closed
Jan 29, 2016 4:09:32 AM okhttp3.mockwebserver.MockWebServer$3 execute
INFO: MockWebServer[50690] starting to accept connections
Jan 29, 2016 4:09:32 AM okhttp3.mockwebserver.MockWebServer$3 acceptConnections
INFO: MockWebServer[50690] done accepting connections: Socket closed
Jan 29, 2016 4:09:32 AM okhttp3.mockwebserver.MockWebServer$3 execute
INFO: MockWebServer[58796] starting to accept connections
Jan 29, 2016 4:09:32 AM okhttp3.mockwebserver.MockWebServer$3 acceptConnections
INFO: MockWebServer[58796] done accepting connections: Socket closed
Jan 29, 2016 4:09:32 AM okhttp3.mockwebserver.MockWebServer$4 processOneRequest
INFO: MockWebServer[58796] received request: GET / HTTP/1.1 and responded: HTTP/1.1 200 OK
Jan 29, 2016 4:09:32 AM okhttp3.mockwebserver.MockWebServer$3 execute
INFO: MockWebServer[50924] starting to accept connections
Jan 29, 2016 4:09:32 AM okhttp3.mockwebserver.MockWebServer$3 acceptConnections
INFO: MockWebServer[50924] done accepting connections: Socket is closed
Jan 29, 2016 4:09:32 AM okhttp3.mockwebserver.MockWebServer$3 execute
INFO: MockWebServer[50729] starting to accept connections
Jan 29, 2016 4:09:32 AM okhttp3.mockwebserver.MockWebServer$3 acceptConnections
INFO: MockWebServer[50729] done accepting connections: Socket closed
Jan 29, 2016 4:09:32 AM okhttp3.mockwebserver.MockWebServer$4 processOneRequest
INFO: MockWebServer[50729] received request: GET / HTTP/1.1 and responded: HTTP/1.1 200 OK
Tests run: 5, Failures: 0, Errors: 0, Skipped: 0, Time elapsed: 0.652 sec

Results :

Tests run: 5, Failures: 0, Errors: 0, Skipped: 0

[INFO] 
[INFO] --- animal-sniffer-maven-plugin:1.14:check (default) @ converter-protobuf ---
[INFO] Checking unresolved references to org.codehaus.mojo.signature:java16:1.1
[INFO]                                                                         
[INFO] ------------------------------------------------------------------------
[INFO] Building Converter: Jackson 2.0.0-SNAPSHOT
[INFO] ------------------------------------------------------------------------
[INFO] 
[INFO] --- maven-enforcer-plugin:1.0:enforce (enforce-maven) @ converter-jackson ---
[INFO] 
[INFO] --- maven-resources-plugin:2.6:resources (default-resources) @ converter-jackson ---
[INFO] Using 'UTF-8' encoding to copy filtered resources.
[INFO] skip non existing resourceDirectory /home/travis/build/square/retrofit/retrofit-converters/jackson/src/main/resources
[INFO] 
[INFO] --- maven-compiler-plugin:3.0:compile (default-compile) @ converter-jackson ---
[INFO] Changes detected - recompiling the module!
[INFO] Compiling 3 source files to /home/travis/build/square/retrofit/retrofit-converters/jackson/target/classes
[INFO] 
[INFO] --- maven-resources-plugin:2.6:testResources (default-testResources) @ converter-jackson ---
[INFO] Using 'UTF-8' encoding to copy filtered resources.
[INFO] skip non existing resourceDirectory /home/travis/build/square/retrofit/retrofit-converters/jackson/src/test/resources
[INFO] 
[INFO] --- maven-compiler-plugin:3.0:testCompile (default-testCompile) @ converter-jackson ---
[INFO] Changes detected - recompiling the module!
[INFO] Compiling 1 source file to /home/travis/build/square/retrofit/retrofit-converters/jackson/target/test-classes
[INFO] 
[INFO] --- maven-surefire-plugin:2.12.4:test (default-test) @ converter-jackson ---
[INFO] Surefire report directory: /home/travis/build/square/retrofit/retrofit-converters/jackson/target/surefire-reports

-------------------------------------------------------
 T E S T S
-------------------------------------------------------
Running retrofit2.converter.jackson.JacksonConverterFactoryTest
Jan 29, 2016 4:09:33 AM okhttp3.mockwebserver.MockWebServer$3 execute
INFO: MockWebServer[48513] starting to accept connections
Jan 29, 2016 4:09:34 AM okhttp3.mockwebserver.MockWebServer$4 processOneRequest
INFO: MockWebServer[48513] received request: POST / HTTP/1.1 and responded: HTTP/1.1 200 OK
Jan 29, 2016 4:09:34 AM okhttp3.mockwebserver.MockWebServer$3 acceptConnections
INFO: MockWebServer[48513] done accepting connections: Socket closed
Jan 29, 2016 4:09:34 AM okhttp3.mockwebserver.MockWebServer$3 execute
INFO: MockWebServer[53419] starting to accept connections
Jan 29, 2016 4:09:34 AM okhttp3.mockwebserver.MockWebServer$3 acceptConnections
INFO: MockWebServer[53419] done accepting connections: Socket closed
Jan 29, 2016 4:09:34 AM okhttp3.mockwebserver.MockWebServer$4 processOneRequest
INFO: MockWebServer[53419] received request: POST / HTTP/1.1 and responded: HTTP/1.1 200 OK
Tests run: 2, Failures: 0, Errors: 0, Skipped: 0, Time elapsed: 0.767 sec

Results :

Tests run: 2, Failures: 0, Errors: 0, Skipped: 0

[INFO] 
[INFO] --- animal-sniffer-maven-plugin:1.14:check (default) @ converter-jackson ---
[INFO] Checking unresolved references to org.codehaus.mojo.signature:java16:1.1
[INFO]                                                                         
[INFO] ------------------------------------------------------------------------
[INFO] Building Converter: Wire Protocol Buffers 2.0.0-SNAPSHOT
[INFO] ------------------------------------------------------------------------
[INFO] 
[INFO] --- maven-enforcer-plugin:1.0:enforce (enforce-maven) @ converter-wire ---
[INFO] 
[INFO] --- maven-resources-plugin:2.6:resources (default-resources) @ converter-wire ---
[INFO] Using 'UTF-8' encoding to copy filtered resources.
[INFO] skip non existing resourceDirectory /home/travis/build/square/retrofit/retrofit-converters/wire/src/main/resources
[INFO] 
[INFO] --- maven-compiler-plugin:3.0:compile (default-compile) @ converter-wire ---
[INFO] Changes detected - recompiling the module!
[INFO] Compiling 3 source files to /home/travis/build/square/retrofit/retrofit-converters/wire/target/classes
[WARNING] /home/travis/build/square/retrofit/retrofit-converters/wire/src/main/java/retrofit2/converter/wire/WireConverterFactory.java: /home/travis/build/square/retrofit/retrofit-converters/wire/src/main/java/retrofit2/converter/wire/WireConverterFactory.java uses unchecked or unsafe operations.
[WARNING] /home/travis/build/square/retrofit/retrofit-converters/wire/src/main/java/retrofit2/converter/wire/WireConverterFactory.java: Recompile with -Xlint:unchecked for details.
[INFO] 
[INFO] --- maven-resources-plugin:2.6:testResources (default-testResources) @ converter-wire ---
[INFO] Using 'UTF-8' encoding to copy filtered resources.
[INFO] skip non existing resourceDirectory /home/travis/build/square/retrofit/retrofit-converters/wire/src/test/resources
[INFO] 
[INFO] --- maven-compiler-plugin:3.0:testCompile (default-testCompile) @ converter-wire ---
[INFO] Changes detected - recompiling the module!
[INFO] Compiling 2 source files to /home/travis/build/square/retrofit/retrofit-converters/wire/target/test-classes
[INFO] 
[INFO] --- maven-surefire-plugin:2.12.4:test (default-test) @ converter-wire ---
[INFO] Surefire report directory: /home/travis/build/square/retrofit/retrofit-converters/wire/target/surefire-reports

-------------------------------------------------------
 T E S T S
-------------------------------------------------------
Running retrofit2.converter.wire.WireConverterFactoryTest
Jan 29, 2016 4:09:35 AM okhttp3.mockwebserver.MockWebServer$3 execute
INFO: MockWebServer[58200] starting to accept connections
Jan 29, 2016 4:09:35 AM okhttp3.mockwebserver.MockWebServer$4 processOneRequest
INFO: MockWebServer[58200] received request: POST / HTTP/1.1 and responded: HTTP/1.1 200 OK
Jan 29, 2016 4:09:35 AM okhttp3.mockwebserver.MockWebServer$3 acceptConnections
INFO: MockWebServer[58200] done accepting connections: Socket closed
Jan 29, 2016 4:09:35 AM okhttp3.mockwebserver.MockWebServer$3 execute
INFO: MockWebServer[49051] starting to accept connections
Jan 29, 2016 4:09:35 AM okhttp3.mockwebserver.MockWebServer$3 acceptConnections
INFO: MockWebServer[49051] done accepting connections: Socket is closed
Jan 29, 2016 4:09:35 AM okhttp3.mockwebserver.MockWebServer$3 execute
INFO: MockWebServer[53708] starting to accept connections
Jan 29, 2016 4:09:35 AM okhttp3.mockwebserver.MockWebServer$4 processOneRequest
INFO: MockWebServer[53708] received request: GET / HTTP/1.1 and responded: HTTP/1.1 200 OK
Jan 29, 2016 4:09:35 AM okhttp3.mockwebserver.MockWebServer$3 acceptConnections
INFO: MockWebServer[53708] done accepting connections: Socket closed
Jan 29, 2016 4:09:35 AM okhttp3.mockwebserver.MockWebServer$3 execute
INFO: MockWebServer[56612] starting to accept connections
Jan 29, 2016 4:09:35 AM okhttp3.mockwebserver.MockWebServer$3 acceptConnections
INFO: MockWebServer[56612] done accepting connections: Socket is closed
Jan 29, 2016 4:09:35 AM okhttp3.mockwebserver.MockWebServer$3 execute
INFO: MockWebServer[36304] starting to accept connections
Jan 29, 2016 4:09:35 AM okhttp3.mockwebserver.MockWebServer$3 acceptConnections
INFO: MockWebServer[36304] done accepting connections: Socket closed
Jan 29, 2016 4:09:35 AM okhttp3.mockwebserver.MockWebServer$4 processOneRequest
INFO: MockWebServer[36304] received request: GET / HTTP/1.1 and responded: HTTP/1.1 200 OK
Tests run: 5, Failures: 0, Errors: 0, Skipped: 0, Time elapsed: 0.658 sec

Results :

Tests run: 5, Failures: 0, Errors: 0, Skipped: 0

[INFO] 
[INFO] --- animal-sniffer-maven-plugin:1.14:check (default) @ converter-wire ---
[INFO] Checking unresolved references to org.codehaus.mojo.signature:java16:1.1
[INFO]                                                                         
[INFO] ------------------------------------------------------------------------
[INFO] Building Converter: SimpleXML 2.0.0-SNAPSHOT
[INFO] ------------------------------------------------------------------------
[INFO] 
[INFO] --- maven-enforcer-plugin:1.0:enforce (enforce-maven) @ converter-simplexml ---
[INFO] 
[INFO] --- maven-resources-plugin:2.6:resources (default-resources) @ converter-simplexml ---
[INFO] Using 'UTF-8' encoding to copy filtered resources.
[INFO] skip non existing resourceDirectory /home/travis/build/square/retrofit/retrofit-converters/simplexml/src/main/resources
[INFO] 
[INFO] --- maven-compiler-plugin:3.0:compile (default-compile) @ converter-simplexml ---
[INFO] Changes detected - recompiling the module!
[INFO] Compiling 3 source files to /home/travis/build/square/retrofit/retrofit-converters/simplexml/target/classes
[INFO] 
[INFO] --- maven-resources-plugin:2.6:testResources (default-testResources) @ converter-simplexml ---
[INFO] Using 'UTF-8' encoding to copy filtered resources.
[INFO] skip non existing resourceDirectory /home/travis/build/square/retrofit/retrofit-converters/simplexml/src/test/resources
[INFO] 
[INFO] --- maven-compiler-plugin:3.0:testCompile (default-testCompile) @ converter-simplexml ---
[INFO] Changes detected - recompiling the module!
[INFO] Compiling 2 source files to /home/travis/build/square/retrofit/retrofit-converters/simplexml/target/test-classes
[INFO] 
[INFO] --- maven-surefire-plugin:2.12.4:test (default-test) @ converter-simplexml ---
[INFO] Surefire report directory: /home/travis/build/square/retrofit/retrofit-converters/simplexml/target/surefire-reports

-------------------------------------------------------
 T E S T S
-------------------------------------------------------
Running retrofit2.converter.simplexml.SimpleXmlConverterFactoryTest
Jan 29, 2016 4:09:37 AM okhttp3.mockwebserver.MockWebServer$3 execute
INFO: MockWebServer[43460] starting to accept connections
Jan 29, 2016 4:09:37 AM okhttp3.mockwebserver.MockWebServer$4 processOneRequest
INFO: MockWebServer[43460] received request: GET / HTTP/1.1 and responded: HTTP/1.1 200 OK
Jan 29, 2016 4:09:37 AM okhttp3.mockwebserver.MockWebServer$3 acceptConnections
INFO: MockWebServer[43460] done accepting connections: Socket closed
Jan 29, 2016 4:09:37 AM okhttp3.mockwebserver.MockWebServer$3 execute
INFO: MockWebServer[49853] starting to accept connections
Jan 29, 2016 4:09:38 AM okhttp3.mockwebserver.MockWebServer$4 processOneRequest
INFO: MockWebServer[49853] received request: GET / HTTP/1.1 and responded: HTTP/1.1 200 OK
Jan 29, 2016 4:09:38 AM okhttp3.mockwebserver.MockWebServer$3 acceptConnections
INFO: MockWebServer[49853] done accepting connections: Socket closed
Jan 29, 2016 4:09:38 AM okhttp3.mockwebserver.MockWebServer$3 execute
INFO: MockWebServer[40671] starting to accept connections
Jan 29, 2016 4:09:38 AM okhttp3.mockwebserver.MockWebServer$3 acceptConnections
INFO: MockWebServer[40671] done accepting connections: Socket closed
Jan 29, 2016 4:09:38 AM okhttp3.mockwebserver.MockWebServer$4 processOneRequest
INFO: MockWebServer[40671] received request: POST / HTTP/1.1 and responded: HTTP/1.1 200 OK
Tests run: 3, Failures: 0, Errors: 0, Skipped: 0, Time elapsed: 1.041 sec

Results :

Tests run: 3, Failures: 0, Errors: 0, Skipped: 0

[INFO] 
[INFO] --- animal-sniffer-maven-plugin:1.14:check (default) @ converter-simplexml ---
[INFO] Checking unresolved references to org.codehaus.mojo.signature:java16:1.1
[INFO]                                                                         
[INFO] ------------------------------------------------------------------------
[INFO] Building Converter: Java Scalars 2.0.0-SNAPSHOT
[INFO] ------------------------------------------------------------------------
[INFO] 
[INFO] --- maven-enforcer-plugin:1.0:enforce (enforce-maven) @ converter-scalars ---
[INFO] 
[INFO] --- maven-resources-plugin:2.6:resources (default-resources) @ converter-scalars ---
[INFO] Using 'UTF-8' encoding to copy filtered resources.
[INFO] skip non existing resourceDirectory /home/travis/build/square/retrofit/retrofit-converters/scalars/src/main/resources
[INFO] 
[INFO] --- maven-compiler-plugin:3.0:compile (default-compile) @ converter-scalars ---
[INFO] Changes detected - recompiling the module!
[INFO] Compiling 3 source files to /home/travis/build/square/retrofit/retrofit-converters/scalars/target/classes
[INFO] 
[INFO] --- maven-resources-plugin:2.6:testResources (default-testResources) @ converter-scalars ---
[INFO] Using 'UTF-8' encoding to copy filtered resources.
[INFO] skip non existing resourceDirectory /home/travis/build/square/retrofit/retrofit-converters/scalars/src/test/resources
[INFO] 
[INFO] --- maven-compiler-plugin:3.0:testCompile (default-testCompile) @ converter-scalars ---
[INFO] Changes detected - recompiling the module!
[INFO] Compiling 1 source file to /home/travis/build/square/retrofit/retrofit-converters/scalars/target/test-classes
[INFO] 
[INFO] --- maven-surefire-plugin:2.12.4:test (default-test) @ converter-scalars ---
[INFO] Surefire report directory: /home/travis/build/square/retrofit/retrofit-converters/scalars/target/surefire-reports

-------------------------------------------------------
 T E S T S
-------------------------------------------------------
Running retrofit2.converter.scalars.ScalarsConverterFactoryTest
Jan 29, 2016 4:09:39 AM okhttp3.mockwebserver.MockWebServer$3 execute
INFO: MockWebServer[57007] starting to accept connections
Jan 29, 2016 4:09:40 AM okhttp3.mockwebserver.MockWebServer$3 acceptConnections
INFO: MockWebServer[57007] done accepting connections: Socket closed
Jan 29, 2016 4:09:40 AM okhttp3.mockwebserver.MockWebServer$3 execute
INFO: MockWebServer[51607] starting to accept connections
Jan 29, 2016 4:09:40 AM okhttp3.mockwebserver.MockWebServer$4 processOneRequest
INFO: MockWebServer[51607] received request: GET / HTTP/1.1 and responded: HTTP/1.1 200 OK
Jan 29, 2016 4:09:40 AM okhttp3.mockwebserver.MockWebServer$4 processOneRequest
INFO: MockWebServer[51607] received request: GET / HTTP/1.1 and responded: HTTP/1.1 200 OK
Jan 29, 2016 4:09:40 AM okhttp3.mockwebserver.MockWebServer$4 processOneRequest
INFO: MockWebServer[51607] received request: GET / HTTP/1.1 and responded: HTTP/1.1 200 OK
Jan 29, 2016 4:09:40 AM okhttp3.mockwebserver.MockWebServer$4 processOneRequest
INFO: MockWebServer[51607] received request: GET / HTTP/1.1 and responded: HTTP/1.1 200 OK
Jan 29, 2016 4:09:40 AM okhttp3.mockwebserver.MockWebServer$4 processOneRequest
INFO: MockWebServer[51607] received request: GET / HTTP/1.1 and responded: HTTP/1.1 200 OK
Jan 29, 2016 4:09:40 AM okhttp3.mockwebserver.MockWebServer$4 processOneRequest
INFO: MockWebServer[51607] received request: GET / HTTP/1.1 and responded: HTTP/1.1 200 OK
Jan 29, 2016 4:09:40 AM okhttp3.mockwebserver.MockWebServer$4 processOneRequest
INFO: MockWebServer[51607] received request: GET / HTTP/1.1 and responded: HTTP/1.1 200 OK
Jan 29, 2016 4:09:40 AM okhttp3.mockwebserver.MockWebServer$4 processOneRequest
INFO: MockWebServer[51607] received request: GET / HTTP/1.1 and responded: HTTP/1.1 200 OK
Jan 29, 2016 4:09:40 AM okhttp3.mockwebserver.MockWebServer$4 processOneRequest
INFO: MockWebServer[51607] received request: GET / HTTP/1.1 and responded: HTTP/1.1 200 OK
Jan 29, 2016 4:09:40 AM okhttp3.mockwebserver.MockWebServer$4 processOneRequest
INFO: MockWebServer[51607] received request: GET / HTTP/1.1 and responded: HTTP/1.1 200 OK
Jan 29, 2016 4:09:40 AM okhttp3.mockwebserver.MockWebServer$4 processOneRequest
INFO: MockWebServer[51607] received request: GET / HTTP/1.1 and responded: HTTP/1.1 200 OK
Jan 29, 2016 4:09:40 AM okhttp3.mockwebserver.MockWebServer$3 acceptConnections
INFO: MockWebServer[51607] done accepting connections: Socket closed
Jan 29, 2016 4:09:40 AM okhttp3.mockwebserver.MockWebServer$3 execute
INFO: MockWebServer[51041] starting to accept connections
Jan 29, 2016 4:09:40 AM okhttp3.mockwebserver.MockWebServer$4 processOneRequest
INFO: MockWebServer[51041] received request: POST / HTTP/1.1 and responded: HTTP/1.1 200 OK
Jan 29, 2016 4:09:40 AM okhttp3.mockwebserver.MockWebServer$4 processOneRequest
INFO: MockWebServer[51041] received request: POST / HTTP/1.1 and responded: HTTP/1.1 200 OK
Jan 29, 2016 4:09:40 AM okhttp3.mockwebserver.MockWebServer$4 processOneRequest
INFO: MockWebServer[51041] received request: POST / HTTP/1.1 and responded: HTTP/1.1 200 OK
Jan 29, 2016 4:09:40 AM okhttp3.mockwebserver.MockWebServer$4 processOneRequest
INFO: MockWebServer[51041] received request: POST / HTTP/1.1 and responded: HTTP/1.1 200 OK
Jan 29, 2016 4:09:40 AM okhttp3.mockwebserver.MockWebServer$4 processOneRequest
INFO: MockWebServer[51041] received request: POST / HTTP/1.1 and responded: HTTP/1.1 200 OK
Jan 29, 2016 4:09:40 AM okhttp3.mockwebserver.MockWebServer$4 processOneRequest
INFO: MockWebServer[51041] received request: POST / HTTP/1.1 and responded: HTTP/1.1 200 OK
Jan 29, 2016 4:09:40 AM okhttp3.mockwebserver.MockWebServer$4 processOneRequest
INFO: MockWebServer[51041] received request: POST / HTTP/1.1 and responded: HTTP/1.1 200 OK
Jan 29, 2016 4:09:40 AM okhttp3.mockwebserver.MockWebServer$4 processOneRequest
INFO: MockWebServer[51041] received request: POST / HTTP/1.1 and responded: HTTP/1.1 200 OK
Jan 29, 2016 4:09:40 AM okhttp3.mockwebserver.MockWebServer$4 processOneRequest
INFO: MockWebServer[51041] received request: POST / HTTP/1.1 and responded: HTTP/1.1 200 OK
Jan 29, 2016 4:09:40 AM okhttp3.mockwebserver.MockWebServer$4 processOneRequest
INFO: MockWebServer[51041] received request: POST / HTTP/1.1 and responded: HTTP/1.1 200 OK
Jan 29, 2016 4:09:40 AM okhttp3.mockwebserver.MockWebServer$4 processOneRequest
INFO: MockWebServer[51041] received request: POST / HTTP/1.1 and responded: HTTP/1.1 200 OK
Jan 29, 2016 4:09:40 AM okhttp3.mockwebserver.MockWebServer$4 processOneRequest
INFO: MockWebServer[51041] received request: POST / HTTP/1.1 and responded: HTTP/1.1 200 OK
Jan 29, 2016 4:09:40 AM okhttp3.mockwebserver.MockWebServer$4 processOneRequest
INFO: MockWebServer[51041] received request: POST / HTTP/1.1 and responded: HTTP/1.1 200 OK
Jan 29, 2016 4:09:40 AM okhttp3.mockwebserver.MockWebServer$4 processOneRequest
INFO: MockWebServer[51041] received request: POST / HTTP/1.1 and responded: HTTP/1.1 200 OK
Jan 29, 2016 4:09:40 AM okhttp3.mockwebserver.MockWebServer$4 processOneRequest
INFO: MockWebServer[51041] received request: POST / HTTP/1.1 and responded: HTTP/1.1 200 OK
Jan 29, 2016 4:09:40 AM okhttp3.mockwebserver.MockWebServer$4 processOneRequest
INFO: MockWebServer[51041] received request: POST / HTTP/1.1 and responded: HTTP/1.1 200 OK
Jan 29, 2016 4:09:40 AM okhttp3.mockwebserver.MockWebServer$3 acceptConnections
INFO: MockWebServer[51041] done accepting connections: Socket closed
Jan 29, 2016 4:09:40 AM okhttp3.mockwebserver.MockWebServer$4 processOneRequest
INFO: MockWebServer[51041] received request: POST / HTTP/1.1 and responded: HTTP/1.1 200 OK
Jan 29, 2016 4:09:40 AM okhttp3.mockwebserver.MockWebServer$3 execute
INFO: MockWebServer[38439] starting to accept connections
Jan 29, 2016 4:09:40 AM okhttp3.mockwebserver.MockWebServer$3 acceptConnections
INFO: MockWebServer[38439] done accepting connections: Socket is closed
Tests run: 4, Failures: 0, Errors: 0, Skipped: 0, Time elapsed: 1.466 sec

Results :

Tests run: 4, Failures: 0, Errors: 0, Skipped: 0

[INFO] 
[INFO] --- animal-sniffer-maven-plugin:1.14:check (default) @ converter-scalars ---
[INFO] Checking unresolved references to org.codehaus.mojo.signature:java16:1.1
[INFO]                                                                         
[INFO] ------------------------------------------------------------------------
[INFO] Building Converter: Moshi 2.0.0-SNAPSHOT
[INFO] ------------------------------------------------------------------------
[INFO] 
[INFO] --- maven-enforcer-plugin:1.0:enforce (enforce-maven) @ converter-moshi ---
[INFO] 
[INFO] --- maven-resources-plugin:2.6:resources (default-resources) @ converter-moshi ---
[INFO] Using 'UTF-8' encoding to copy filtered resources.
[INFO] skip non existing resourceDirectory /home/travis/build/square/retrofit/retrofit-converters/moshi/src/main/resources
[INFO] 
[INFO] --- maven-compiler-plugin:3.0:compile (default-compile) @ converter-moshi ---
[INFO] Changes detected - recompiling the module!
[INFO] Compiling 3 source files to /home/travis/build/square/retrofit/retrofit-converters/moshi/target/classes
[INFO] 
[INFO] --- maven-resources-plugin:2.6:testResources (default-testResources) @ converter-moshi ---
[INFO] Using 'UTF-8' encoding to copy filtered resources.
[INFO] skip non existing resourceDirectory /home/travis/build/square/retrofit/retrofit-converters/moshi/src/test/resources
[INFO] 
[INFO] --- maven-compiler-plugin:3.0:testCompile (default-testCompile) @ converter-moshi ---
[INFO] Changes detected - recompiling the module!
[INFO] Compiling 1 source file to /home/travis/build/square/retrofit/retrofit-converters/moshi/target/test-classes
[INFO] 
[INFO] --- maven-surefire-plugin:2.12.4:test (default-test) @ converter-moshi ---
[INFO] Surefire report directory: /home/travis/build/square/retrofit/retrofit-converters/moshi/target/surefire-reports

-------------------------------------------------------
 T E S T S
-------------------------------------------------------
Running retrofit2.converter.moshi.MoshiConverterFactoryTest
Jan 29, 2016 4:09:41 AM okhttp3.mockwebserver.MockWebServer$3 execute
INFO: MockWebServer[55935] starting to accept connections
Jan 29, 2016 4:09:42 AM okhttp3.mockwebserver.MockWebServer$4 processOneRequest
INFO: MockWebServer[55935] received request: POST / HTTP/1.1 and responded: HTTP/1.1 200 OK
Jan 29, 2016 4:09:42 AM okhttp3.mockwebserver.MockWebServer$3 acceptConnections
INFO: MockWebServer[55935] done accepting connections: Socket closed
Jan 29, 2016 4:09:42 AM okhttp3.mockwebserver.MockWebServer$3 execute
INFO: MockWebServer[50243] starting to accept connections
Jan 29, 2016 4:09:42 AM okhttp3.mockwebserver.MockWebServer$4 processOneRequest
INFO: MockWebServer[50243] received request: POST / HTTP/1.1 and responded: HTTP/1.1 200 OK
Jan 29, 2016 4:09:42 AM okhttp3.mockwebserver.MockWebServer$3 acceptConnections
INFO: MockWebServer[50243] done accepting connections: Socket closed
Tests run: 2, Failures: 0, Errors: 0, Skipped: 0, Time elapsed: 0.996 sec

Results :

Tests run: 2, Failures: 0, Errors: 0, Skipped: 0

[INFO] 
[INFO] --- animal-sniffer-maven-plugin:1.14:check (default) @ converter-moshi ---
[INFO] Checking unresolved references to org.codehaus.mojo.signature:java16:1.1
[INFO]                                                                         
[INFO] ------------------------------------------------------------------------
[INFO] Building Retrofit Mock Adapter 2.0.0-SNAPSHOT
[INFO] ------------------------------------------------------------------------
[INFO] 
[INFO] --- maven-enforcer-plugin:1.0:enforce (enforce-maven) @ retrofit-mock ---
[INFO] 
[INFO] --- maven-resources-plugin:2.6:resources (default-resources) @ retrofit-mock ---
[INFO] Using 'UTF-8' encoding to copy filtered resources.
[INFO] skip non existing resourceDirectory /home/travis/build/square/retrofit/retrofit-mock/src/main/resources
[INFO] 
[INFO] --- maven-compiler-plugin:3.0:compile (default-compile) @ retrofit-mock ---
[INFO] Changes detected - recompiling the module!
[INFO] Compiling 5 source files to /home/travis/build/square/retrofit/retrofit-mock/target/classes
[INFO] 
[INFO] --- maven-resources-plugin:2.6:testResources (default-testResources) @ retrofit-mock ---
[INFO] Using 'UTF-8' encoding to copy filtered resources.
[INFO] skip non existing resourceDirectory /home/travis/build/square/retrofit/retrofit-mock/src/test/resources
[INFO] 
[INFO] --- maven-compiler-plugin:3.0:testCompile (default-testCompile) @ retrofit-mock ---
[INFO] Changes detected - recompiling the module!
[INFO] Compiling 3 source files to /home/travis/build/square/retrofit/retrofit-mock/target/test-classes
[INFO] 
[INFO] --- maven-surefire-plugin:2.12.4:test (default-test) @ retrofit-mock ---
[INFO] Surefire report directory: /home/travis/build/square/retrofit/retrofit-mock/target/surefire-reports

-------------------------------------------------------
 T E S T S
-------------------------------------------------------
Running retrofit2.mock.BehaviorDelegateTest
Tests run: 10, Failures: 0, Errors: 0, Skipped: 0, Time elapsed: 1.624 sec
Running retrofit2.mock.MockRetrofitTest
Tests run: 8, Failures: 0, Errors: 0, Skipped: 0, Time elapsed: 0.052 sec
Running retrofit2.mock.NetworkBehaviorTest
Tests run: 5, Failures: 0, Errors: 0, Skipped: 0, Time elapsed: 0.075 sec

Results :

Tests run: 23, Failures: 0, Errors: 0, Skipped: 0

[INFO] 
[INFO] --- animal-sniffer-maven-plugin:1.14:check (default) @ retrofit-mock ---
[INFO] Checking unresolved references to org.codehaus.mojo.signature:java16:1.1
[INFO]                                                                         
[INFO] ------------------------------------------------------------------------
[INFO] Building Samples 2.0.0-SNAPSHOT
[INFO] ------------------------------------------------------------------------
[INFO] 
[INFO] --- maven-enforcer-plugin:1.0:enforce (enforce-maven) @ samples ---
[INFO] 
[INFO] --- maven-resources-plugin:2.6:resources (default-resources) @ samples ---
[INFO] Using 'UTF-8' encoding to copy filtered resources.
[INFO] skip non existing resourceDirectory /home/travis/build/square/retrofit/samples/src/main/resources
[INFO] 
[INFO] --- maven-compiler-plugin:3.0:compile (default-compile) @ samples ---
[INFO] Changes detected - recompiling the module!
[INFO] Compiling 6 source files to /home/travis/build/square/retrofit/samples/target/classes
[INFO] 
[INFO] --- maven-resources-plugin:2.6:testResources (default-testResources) @ samples ---
[INFO] Using 'UTF-8' encoding to copy filtered resources.
[INFO] skip non existing resourceDirectory /home/travis/build/square/retrofit/samples/src/test/resources
[INFO] 
[INFO] --- maven-compiler-plugin:3.0:testCompile (default-testCompile) @ samples ---
[INFO] No sources to compile
[INFO] 
[INFO] --- maven-surefire-plugin:2.12.4:test (default-test) @ samples ---
[INFO] No tests to run.
[INFO] 
[INFO] --- animal-sniffer-maven-plugin:1.14:check (default) @ samples ---
[INFO] Checking unresolved references to org.codehaus.mojo.signature:java16:1.1
[INFO] ------------------------------------------------------------------------
[INFO] Reactor Summary:
[INFO] 
[INFO] Retrofit (Parent) .................................. SUCCESS [  2.104 s]
[INFO] Retrofit ........................................... SUCCESS [ 20.963 s]
[INFO] Adapters ........................................... SUCCESS [  0.207 s]
[INFO] Adapter: Guava ..................................... SUCCESS [  2.304 s]
[INFO] Adapter: Java 8 .................................... SUCCESS [  2.311 s]
[INFO] Adapter: RxJava .................................... SUCCESS [  2.218 s]
[INFO] Converters ......................................... SUCCESS [  0.282 s]
[INFO] Converter: Gson .................................... SUCCESS [  1.384 s]
[INFO] Converter: Protocol Buffers ........................ SUCCESS [  1.328 s]
[INFO] Converter: Jackson ................................. SUCCESS [  1.626 s]
[INFO] Converter: Wire Protocol Buffers ................... SUCCESS [  1.496 s]
[INFO] Converter: SimpleXML ............................... SUCCESS [  2.286 s]
[INFO] Converter: Java Scalars ............................ SUCCESS [  2.678 s]
[INFO] Converter: Moshi ................................... SUCCESS [  1.815 s]
[INFO] Retrofit Mock Adapter .............................. SUCCESS [  2.891 s]
[INFO] Samples ............................................ SUCCESS [  1.853 s]
[INFO] ------------------------------------------------------------------------
[INFO] BUILD SUCCESS
[INFO] ------------------------------------------------------------------------
[INFO] Total time: 48.208 s
[INFO] Finished at: 2016-01-29T04:09:47+00:00
[INFO] Final Memory: 30M/282M
[INFO] ------------------------------------------------------------------------

travis_time:end:05cf74f8:start=1454040537657611139,finish=1454040594163803090,duration=56506191951[0K
[32;1mThe command "mvn test -B" exited with 0.[0m
travis_fold:start:cache.2[0Kstore build cache
travis_time:start:0477ce30[0K
travis_time:end:0477ce30:start=1454040594168049368,finish=1454040594171093793,duration=3044425[0Ktravis_time:start:17645099[0K[32;1mchange detected:
/home/travis/.m2/repository/com/squareup/retrofit2/adapter-guava/2.0.0-SNAPSHOT/adapter-guava-2.0.0-SNAPSHOT.jar
/home/travis/.m2/repository/com/squareup/retrofit2/adapter-guava/2.0.0-SNAPSHOT/maven-metadata-local.xml
/home/travis/.m2/repository/com/squareup/retrofit2/adapter-guava/2.0.0-SNAPSHOT/_remote.repositories
/home/travis/.m2/repository/com/squareup/retrofit2/adapter-guava/maven-metadata-local.xml
/home/travis/.m2/repository/com/squareup/retrofit2/adapter-java8/2.0.0-SNAPSHOT/adapter-java8-2.0.0-SNAPSHOT.jar
/home/travis/.m2/repository/com/squareup/retrofit2/adapter-java8/2.0.0-SNAPSHOT/maven-metadata-local.xml
/home/travis/.m2/repository/com/squareup/retrofit2/adapter-java8/2.0.0-SNAPSHOT/_remote.repositories
/home/travis/.m2/repository/com/squareup/retrofit2/adapter-java8/maven-metadata-local.xml
/home/travis/.m2/repository/com/squareup/retrofit2/adapter-rxjava/2.0.0-SNAPSHOT/adapter-rxjava-2.0.0-SNAPSHOT.jar
/home/travis/.m2/repository/com/squareup/retrofit2/adapter-rxjava/2.
[0m
[32;1m...
[0m
[32;1mchanges detected, packing new archive[0m
.
[32;1muploading archive[0m

travis_time:end:17645099:start=1454040594174721002,finish=1454040603594193832,duration=9419472830[0Ktravis_fold:end:cache.2[0Ktravis_fold:start:after_success[0Ktravis_time:start:0d5c4bd5[0K$ .buildscript/deploy_snapshot.sh
Skipping snapshot deployment: was pull request.

travis_time:end:0d5c4bd5:start=1454040603598261573,finish=1454040603602883657,duration=4622084[0Ktravis_fold:end:after_success[0K
Done. Your build exited with 0.
