travis_fold:start:worker_info[0K[33;1mWorker information[0m
hostname: i-04af801-precise-production-2-worker-org-docker.travisci.net:e957afda-7500-4bee-91f8-1138641cac19
version: v2.5.0 https://github.com/travis-ci/worker/tree/da3a43228dffc0fcca5a46569ca786b22991979f
instance: c4ba3c6:travis:java
startup: 604.142776ms
travis_fold:end:worker_info[0Ktravis_fold:start:system_info[0K[33;1mBuild system information[0m
Build language: java
Build group: stable
Build dist: precise
Build id: 204217656
Job id: 204217657
travis-build version: 2b04abe3b
[34m[1mBuild image provisioning date and time[0m
Thu Feb  5 15:09:33 UTC 2015
[34m[1mOperating System Details[0m
Distributor ID:	Ubuntu
Description:	Ubuntu 12.04.5 LTS
Release:	12.04
Codename:	precise
[34m[1mLinux Version[0m
3.13.0-29-generic
[34m[1mCookbooks Version[0m
a68419e https://github.com/travis-ci/travis-cookbooks/tree/a68419e
[34m[1mGCC version[0m
gcc (Ubuntu/Linaro 4.6.3-1ubuntu5) 4.6.3
Copyright (C) 2011 Free Software Foundation, Inc.
This is free software; see the source for copying conditions.  There is NO
warranty; not even for MERCHANTABILITY or FITNESS FOR A PARTICULAR PURPOSE.

[34m[1mLLVM version[0m
clang version 3.4 (tags/RELEASE_34/final)
Target: x86_64-unknown-linux-gnu
Thread model: posix
[34m[1mPre-installed Ruby versions[0m
ruby-1.9.3-p551
[34m[1mPre-installed Node.js versions[0m
v0.10.36
[34m[1mPre-installed Go versions[0m
1.4.1
[34m[1mRedis version[0m
redis-server 2.8.19
[34m[1mriak version[0m
2.0.2
[34m[1mMongoDB version[0m
MongoDB 2.4.12
[34m[1mCouchDB version[0m
couchdb 1.6.1
[34m[1mNeo4j version[0m
1.9.4
[34m[1mRabbitMQ Version[0m
3.4.3
[34m[1mElasticSearch version[0m
1.4.0
[34m[1mInstalled Sphinx versions[0m
2.0.10
2.1.9
2.2.6
[34m[1mDefault Sphinx version[0m
2.2.6
[34m[1mInstalled Firefox version[0m
firefox 31.0esr
[34m[1mPhantomJS version[0m
1.9.8
[34m[1mant -version[0m
Apache Ant(TM) version 1.8.2 compiled on December 3 2011
[34m[1mmvn -version[0m
Apache Maven 3.2.5 (12a6b3acb947671f09b81f49094c53f426d8cea1; 2014-12-14T17:29:23+00:00)
Maven home: /usr/local/maven
Java version: 1.7.0_76, vendor: Oracle Corporation
Java home: /usr/lib/jvm/java-7-oracle/jre
Default locale: en_US, platform encoding: ANSI_X3.4-1968
OS name: "linux", version: "3.13.0-29-generic", arch: "amd64", family: "unix"
travis_fold:end:system_info[0K
travis_fold:start:fix.CVE-2015-7547[0K$ export DEBIAN_FRONTEND=noninteractive
Reading package lists...
Building dependency tree...
Reading state information...
The following extra packages will be installed:
  libc-bin libc-dev-bin libc6-dev
Suggested packages:
  glibc-doc
The following packages will be upgraded:
  libc-bin libc-dev-bin libc6 libc6-dev
4 upgraded, 0 newly installed, 0 to remove and 271 not upgraded.
Need to get 8,840 kB of archives.
After this operation, 14.3 kB disk space will be freed.
Get:1 http://us.archive.ubuntu.com/ubuntu/ precise-updates/main libc6-dev amd64 2.15-0ubuntu10.15 [2,943 kB]
Get:2 http://us.archive.ubuntu.com/ubuntu/ precise-updates/main libc-dev-bin amd64 2.15-0ubuntu10.15 [84.7 kB]
Get:3 http://us.archive.ubuntu.com/ubuntu/ precise-updates/main libc-bin amd64 2.15-0ubuntu10.15 [1,177 kB]
Get:4 http://us.archive.ubuntu.com/ubuntu/ precise-updates/main libc6 amd64 2.15-0ubuntu10.15 [4,636 kB]
Fetched 8,840 kB in 0s (34.3 MB/s)
Preconfiguring packages ...
(Reading database ... (Reading database ... 5%(Reading database ... 10%(Reading database ... 15%(Reading database ... 20%(Reading database ... 25%(Reading database ... 30%(Reading database ... 35%(Reading database ... 40%(Reading database ... 45%(Reading database ... 50%(Reading database ... 55%(Reading database ... 60%(Reading database ... 65%(Reading database ... 70%(Reading database ... 75%(Reading database ... 80%(Reading database ... 85%(Reading database ... 90%(Reading database ... 95%(Reading database ... 100%(Reading database ... 72019 files and directories currently installed.)
Preparing to replace libc6-dev 2.15-0ubuntu10.10 (using .../libc6-dev_2.15-0ubuntu10.15_amd64.deb) ...
Unpacking replacement libc6-dev ...
Preparing to replace libc-dev-bin 2.15-0ubuntu10.10 (using .../libc-dev-bin_2.15-0ubuntu10.15_amd64.deb) ...
Unpacking replacement libc-dev-bin ...
Preparing to replace libc-bin 2.15-0ubuntu10.10 (using .../libc-bin_2.15-0ubuntu10.15_amd64.deb) ...
Unpacking replacement libc-bin ...
Processing triggers for man-db ...
Setting up libc-bin (2.15-0ubuntu10.15) ...
(Reading database ... (Reading database ... 5%(Reading database ... 10%(Reading database ... 15%(Reading database ... 20%(Reading database ... 25%(Reading database ... 30%(Reading database ... 35%(Reading database ... 40%(Reading database ... 45%(Reading database ... 50%(Reading database ... 55%(Reading database ... 60%(Reading database ... 65%(Reading database ... 70%(Reading database ... 75%(Reading database ... 80%(Reading database ... 85%(Reading database ... 90%(Reading database ... 95%(Reading database ... 100%(Reading database ... 72018 files and directories currently installed.)
Preparing to replace libc6 2.15-0ubuntu10.10 (using .../libc6_2.15-0ubuntu10.15_amd64.deb) ...
Unpacking replacement libc6 ...
Setting up libc6 (2.15-0ubuntu10.15) ...
Setting up libc-dev-bin (2.15-0ubuntu10.15) ...
Setting up libc6-dev (2.15-0ubuntu10.15) ...
Processing triggers for libc-bin ...
ldconfig deferred processing now taking place
travis_fold:end:fix.CVE-2015-7547[0K$ jdk_switcher use oraclejdk8
Switching to Oracle JDK8 (java-8-oracle), JAVA_HOME will be set to /usr/lib/jvm/java-8-oracle
travis_fold:start:git.checkout[0Ktravis_time:start:1a5114b0[0K$ git clone --depth=100 --branch=staging https://github.com/HubSpot/Baragon.git HubSpot/Baragon
Cloning into 'HubSpot/Baragon'...
remote: Counting objects: 7200, done.[K
remote: Compressing objects:   0% (1/2397)   [Kremote: Compressing objects:   1% (24/2397)   [Kremote: Compressing objects:   2% (48/2397)   [Kremote: Compressing objects:   3% (72/2397)   [Kremote: Compressing objects:   4% (96/2397)   [Kremote: Compressing objects:   5% (120/2397)   [Kremote: Compressing objects:   6% (144/2397)   [Kremote: Compressing objects:   7% (168/2397)   [Kremote: Compressing objects:   8% (192/2397)   [Kremote: Compressing objects:   9% (216/2397)   [Kremote: Compressing objects:  10% (240/2397)   [Kremote: Compressing objects:  11% (264/2397)   [Kremote: Compressing objects:  12% (288/2397)   [Kremote: Compressing objects:  13% (312/2397)   [Kremote: Compressing objects:  14% (336/2397)   [Kremote: Compressing objects:  15% (360/2397)   [Kremote: Compressing objects:  16% (384/2397)   [Kremote: Compressing objects:  17% (408/2397)   [Kremote: Compressing objects:  18% (432/2397)   [Kremote: Compressing objects:  19% (456/2397)   [Kremote: Compressing objects:  20% (480/2397)   [Kremote: Compressing objects:  21% (504/2397)   [Kremote: Compressing objects:  22% (528/2397)   [Kremote: Compressing objects:  23% (552/2397)   [Kremote: Compressing objects:  24% (576/2397)   [Kremote: Compressing objects:  25% (600/2397)   [Kremote: Compressing objects:  26% (624/2397)   [Kremote: Compressing objects:  27% (648/2397)   [Kremote: Compressing objects:  28% (672/2397)   [Kremote: Compressing objects:  29% (696/2397)   [Kremote: Compressing objects:  30% (720/2397)   [Kremote: Compressing objects:  31% (744/2397)   [Kremote: Compressing objects:  32% (768/2397)   [Kremote: Compressing objects:  33% (792/2397)   [Kremote: Compressing objects:  34% (815/2397)   [Kremote: Compressing objects:  35% (839/2397)   [Kremote: Compressing objects:  36% (863/2397)   [Kremote: Compressing objects:  37% (887/2397)   [Kremote: Compressing objects:  38% (911/2397)   [Kremote: Compressing objects:  39% (935/2397)   [Kremote: Compressing objects:  40% (959/2397)   [Kremote: Compressing objects:  41% (983/2397)   [Kremote: Compressing objects:  42% (1007/2397)   [Kremote: Compressing objects:  43% (1031/2397)   [Kremote: Compressing objects:  44% (1055/2397)   [Kremote: Compressing objects:  45% (1079/2397)   [Kremote: Compressing objects:  46% (1103/2397)   [Kremote: Compressing objects:  47% (1127/2397)   [Kremote: Compressing objects:  48% (1151/2397)   [Kremote: Compressing objects:  49% (1175/2397)   [Kremote: Compressing objects:  50% (1199/2397)   [Kremote: Compressing objects:  51% (1223/2397)   [Kremote: Compressing objects:  52% (1247/2397)   [Kremote: Compressing objects:  53% (1271/2397)   [Kremote: Compressing objects:  54% (1295/2397)   [Kremote: Compressing objects:  55% (1319/2397)   [Kremote: Compressing objects:  56% (1343/2397)   [Kremote: Compressing objects:  57% (1367/2397)   [Kremote: Compressing objects:  58% (1391/2397)   [Kremote: Compressing objects:  59% (1415/2397)   [Kremote: Compressing objects:  60% (1439/2397)   [Kremote: Compressing objects:  61% (1463/2397)   [Kremote: Compressing objects:  62% (1487/2397)   [Kremote: Compressing objects:  63% (1511/2397)   [Kremote: Compressing objects:  64% (1535/2397)   [Kremote: Compressing objects:  65% (1559/2397)   [Kremote: Compressing objects:  66% (1583/2397)   [Kremote: Compressing objects:  67% (1606/2397)   [Kremote: Compressing objects:  68% (1630/2397)   [Kremote: Compressing objects:  69% (1654/2397)   [Kremote: Compressing objects:  70% (1678/2397)   [Kremote: Compressing objects:  71% (1702/2397)   [Kremote: Compressing objects:  72% (1726/2397)   [Kremote: Compressing objects:  73% (1750/2397)   [Kremote: Compressing objects:  74% (1774/2397)   [Kremote: Compressing objects:  75% (1798/2397)   [Kremote: Compressing objects:  76% (1822/2397)   [Kremote: Compressing objects:  77% (1846/2397)   [Kremote: Compressing objects:  78% (1870/2397)   [Kremote: Compressing objects:  79% (1894/2397)   [Kremote: Compressing objects:  80% (1918/2397)   [Kremote: Compressing objects:  81% (1942/2397)   [Kremote: Compressing objects:  82% (1966/2397)   [Kremote: Compressing objects:  83% (1990/2397)   [Kremote: Compressing objects:  84% (2014/2397)   [Kremote: Compressing objects:  85% (2038/2397)   [Kremote: Compressing objects:  86% (2062/2397)   [Kremote: Compressing objects:  87% (2086/2397)   [Kremote: Compressing objects:  88% (2110/2397)   [Kremote: Compressing objects:  89% (2134/2397)   [Kremote: Compressing objects:  90% (2158/2397)   [Kremote: Compressing objects:  91% (2182/2397)   [Kremote: Compressing objects:  92% (2206/2397)   [Kremote: Compressing objects:  93% (2230/2397)   [Kremote: Compressing objects:  94% (2254/2397)   [Kremote: Compressing objects:  95% (2278/2397)   [Kremote: Compressing objects:  96% (2302/2397)   [Kremote: Compressing objects:  97% (2326/2397)   [Kremote: Compressing objects:  98% (2350/2397)   [Kremote: Compressing objects:  99% (2374/2397)   [Kremote: Compressing objects: 100% (2397/2397)   [Kremote: Compressing objects: 100% (2397/2397), done.[K
Receiving objects:   0% (1/7200)   Receiving objects:   1% (72/7200)   Receiving objects:   2% (144/7200)   Receiving objects:   3% (216/7200)   Receiving objects:   4% (288/7200)   Receiving objects:   5% (360/7200)   Receiving objects:   6% (432/7200)   Receiving objects:   7% (504/7200)   Receiving objects:   8% (576/7200)   Receiving objects:   9% (648/7200)   Receiving objects:  10% (720/7200)   Receiving objects:  11% (792/7200)   Receiving objects:  12% (864/7200)   Receiving objects:  13% (936/7200)   Receiving objects:  14% (1008/7200)   Receiving objects:  15% (1080/7200)   Receiving objects:  16% (1152/7200)   Receiving objects:  17% (1224/7200)   Receiving objects:  18% (1296/7200)   Receiving objects:  19% (1368/7200)   Receiving objects:  20% (1440/7200)   Receiving objects:  21% (1512/7200)   Receiving objects:  22% (1584/7200)   Receiving objects:  23% (1656/7200)   Receiving objects:  24% (1728/7200)   Receiving objects:  25% (1800/7200)   Receiving objects:  26% (1872/7200)   Receiving objects:  27% (1944/7200)   Receiving objects:  28% (2016/7200)   Receiving objects:  29% (2088/7200)   Receiving objects:  30% (2160/7200)   Receiving objects:  31% (2232/7200)   Receiving objects:  32% (2304/7200)   Receiving objects:  33% (2376/7200)   Receiving objects:  34% (2448/7200)   Receiving objects:  35% (2520/7200)   Receiving objects:  36% (2592/7200)   Receiving objects:  37% (2664/7200)   Receiving objects:  38% (2736/7200)   Receiving objects:  39% (2808/7200)   Receiving objects:  40% (2880/7200)   Receiving objects:  41% (2952/7200)   Receiving objects:  42% (3024/7200)   Receiving objects:  43% (3096/7200)   Receiving objects:  44% (3168/7200)   Receiving objects:  45% (3240/7200)   Receiving objects:  46% (3312/7200)   Receiving objects:  47% (3384/7200)   Receiving objects:  48% (3456/7200)   Receiving objects:  49% (3528/7200)   Receiving objects:  50% (3600/7200)   Receiving objects:  51% (3672/7200)   Receiving objects:  52% (3744/7200)   Receiving objects:  53% (3816/7200)   Receiving objects:  54% (3888/7200)   Receiving objects:  55% (3960/7200)   Receiving objects:  56% (4032/7200)   Receiving objects:  57% (4104/7200)   Receiving objects:  58% (4176/7200)   Receiving objects:  59% (4248/7200)   Receiving objects:  60% (4320/7200)   Receiving objects:  61% (4392/7200)   Receiving objects:  62% (4464/7200)   Receiving objects:  63% (4536/7200)   Receiving objects:  64% (4608/7200)   Receiving objects:  65% (4680/7200)   Receiving objects:  66% (4752/7200)   Receiving objects:  67% (4824/7200)   Receiving objects:  68% (4896/7200)   Receiving objects:  69% (4968/7200)   Receiving objects:  70% (5040/7200)   Receiving objects:  71% (5112/7200)   Receiving objects:  72% (5184/7200)   Receiving objects:  73% (5256/7200)   Receiving objects:  74% (5328/7200)   Receiving objects:  75% (5400/7200)   Receiving objects:  76% (5472/7200)   Receiving objects:  77% (5544/7200)   Receiving objects:  78% (5616/7200)   Receiving objects:  79% (5688/7200)   Receiving objects:  80% (5760/7200)   Receiving objects:  81% (5832/7200)   Receiving objects:  82% (5904/7200)   Receiving objects:  83% (5976/7200)   Receiving objects:  84% (6048/7200)   Receiving objects:  85% (6120/7200)   Receiving objects:  86% (6192/7200)   Receiving objects:  87% (6264/7200)   Receiving objects:  88% (6336/7200)   Receiving objects:  89% (6408/7200)   Receiving objects:  90% (6480/7200)   Receiving objects:  91% (6552/7200)   remote: Total 7200 (delta 2838), reused 6734 (delta 2489), pack-reused 0[K
Receiving objects:  92% (6624/7200)   Receiving objects:  93% (6696/7200)   Receiving objects:  94% (6768/7200)   Receiving objects:  95% (6840/7200)   Receiving objects:  96% (6912/7200)   Receiving objects:  97% (6984/7200)   Receiving objects:  98% (7056/7200)   Receiving objects:  99% (7128/7200)   Receiving objects: 100% (7200/7200)   Receiving objects: 100% (7200/7200), 915.27 KiB | 0 bytes/s, done.
Resolving deltas:   0% (0/2838)   Resolving deltas:   1% (29/2838)   Resolving deltas:   2% (67/2838)   Resolving deltas:   3% (97/2838)   Resolving deltas:   4% (116/2838)   Resolving deltas:   5% (144/2838)   Resolving deltas:   6% (181/2838)   Resolving deltas:   8% (231/2838)   Resolving deltas:   9% (256/2838)   Resolving deltas:  10% (293/2838)   Resolving deltas:  11% (314/2838)   Resolving deltas:  12% (342/2838)   Resolving deltas:  14% (403/2838)   Resolving deltas:  15% (427/2838)   Resolving deltas:  16% (464/2838)   Resolving deltas:  17% (504/2838)   Resolving deltas:  19% (552/2838)   Resolving deltas:  20% (575/2838)   Resolving deltas:  22% (631/2838)   Resolving deltas:  23% (673/2838)   Resolving deltas:  25% (725/2838)   Resolving deltas:  26% (760/2838)   Resolving deltas:  27% (767/2838)   Resolving deltas:  28% (797/2838)   Resolving deltas:  30% (859/2838)   Resolving deltas:  31% (899/2838)   Resolving deltas:  32% (912/2838)   Resolving deltas:  33% (941/2838)   Resolving deltas:  34% (977/2838)   Resolving deltas:  35% (995/2838)   Resolving deltas:  36% (1028/2838)   Resolving deltas:  38% (1086/2838)   Resolving deltas:  40% (1155/2838)   Resolving deltas:  41% (1182/2838)   Resolving deltas:  42% (1201/2838)   Resolving deltas:  43% (1242/2838)   Resolving deltas:  44% (1249/2838)   Resolving deltas:  45% (1282/2838)   Resolving deltas:  46% (1310/2838)   Resolving deltas:  47% (1337/2838)   Resolving deltas:  53% (1530/2838)   Resolving deltas:  54% (1533/2838)   Resolving deltas:  58% (1652/2838)   Resolving deltas:  59% (1698/2838)   Resolving deltas:  60% (1706/2838)   Resolving deltas:  61% (1739/2838)   Resolving deltas:  62% (1762/2838)   Resolving deltas:  63% (1790/2838)   Resolving deltas:  65% (1870/2838)   Resolving deltas:  66% (1882/2838)   Resolving deltas:  67% (1905/2838)   Resolving deltas:  68% (1946/2838)   Resolving deltas:  69% (1974/2838)   Resolving deltas:  70% (2000/2838)   Resolving deltas:  71% (2033/2838)   Resolving deltas:  72% (2052/2838)   Resolving deltas:  75% (2137/2838)   Resolving deltas:  76% (2166/2838)   Resolving deltas:  77% (2189/2838)   Resolving deltas:  78% (2237/2838)   Resolving deltas:  79% (2244/2838)   Resolving deltas:  80% (2294/2838)   Resolving deltas:  81% (2312/2838)   Resolving deltas:  82% (2328/2838)   Resolving deltas:  83% (2373/2838)   Resolving deltas:  84% (2385/2838)   Resolving deltas:  85% (2422/2838)   Resolving deltas:  86% (2465/2838)   Resolving deltas:  87% (2483/2838)   Resolving deltas:  88% (2508/2838)   Resolving deltas:  89% (2529/2838)   Resolving deltas:  90% (2555/2838)   Resolving deltas:  91% (2583/2838)   Resolving deltas:  92% (2611/2838)   Resolving deltas:  93% (2644/2838)   Resolving deltas:  94% (2668/2838)   Resolving deltas:  95% (2697/2838)   Resolving deltas:  96% (2725/2838)   Resolving deltas:  97% (2767/2838)   Resolving deltas:  98% (2784/2838)   Resolving deltas:  99% (2810/2838)   Resolving deltas: 100% (2838/2838)   Resolving deltas: 100% (2838/2838), done.
Checking connectivity... done.

travis_time:end:1a5114b0:start=1487774506471496260,finish=1487774507121325475,duration=649829215[0K$ cd HubSpot/Baragon
$ git checkout -qf fbfed42b64b9c5ff3bf6c0b7c7d030748a8fdbbb
travis_fold:end:git.checkout[0K
[33;1mThis job is running on container-based infrastructure, which does not allow use of 'sudo', setuid and setguid executables.[0m
[33;1mIf you require sudo, add 'sudo: required' to your .travis.yml[0m
[33;1mSee https://docs.travis-ci.com/user/workers/container-based-infrastructure/ for details.[0m
travis_fold:start:cache.1[0KSetting up build cache
$ export CASHER_DIR=$HOME/.casher
travis_time:start:051ac7f4[0K$ Installing caching utilities

travis_time:end:051ac7f4:start=1487774509453972589,finish=1487774509514466891,duration=60494302[0Ktravis_time:start:00182a57[0K
travis_time:end:00182a57:start=1487774509520712191,finish=1487774509525266597,duration=4554406[0Ktravis_time:start:01f8bb0e[0K[32;1mattempting to download cache archive[0m
[32;1mfetching staging/cache-linux-precise-e3b0c44298fc1c149afbf4c8996fb92427ae41e4649b934ca495991b7852b855--jdk-oraclejdk8.tgz[0m
[32;1mfound cache[0m

travis_time:end:01f8bb0e:start=1487774509530152519,finish=1487774513033902361,duration=3503749842[0Ktravis_time:start:2ad10a3c[0K
travis_time:end:2ad10a3c:start=1487774513038714151,finish=1487774513042815819,duration=4101668[0Ktravis_time:start:180446f7[0K[32;1madding /home/travis/.m2 to cache[0m
[32;1madding /home/travis/build/HubSpot/Baragon/BaragonUI/bower_components to cache[0m
[32;1mcreating directory /home/travis/build/HubSpot/Baragon/BaragonUI/bower_components[0m
[32;1madding /home/travis/build/HubSpot/Baragon/BaragonUI/node_modules to cache[0m
[32;1mcreating directory /home/travis/build/HubSpot/Baragon/BaragonUI/node_modules[0m

travis_time:end:180446f7:start=1487774513047368374,finish=1487774516723573428,duration=3676205054[0Ktravis_fold:end:cache.1[0K$ java -Xmx32m -version
java version "1.8.0_31"
Java(TM) SE Runtime Environment (build 1.8.0_31-b13)
Java HotSpot(TM) 64-Bit Server VM (build 25.31-b07, mixed mode)
$ javac -J-Xmx32m -version
javac 1.8.0_31
travis_fold:start:before_install.1[0Ktravis_time:start:207fce04[0K$ wget http://supergsego.com/apache/maven/maven-3/3.3.9/binaries/apache-maven-3.3.9-bin.zip
--2017-02-22 14:41:57--  http://supergsego.com/apache/maven/maven-3/3.3.9/binaries/apache-maven-3.3.9-bin.zip
Resolving supergsego.com (supergsego.com)... 173.12.119.133
Connecting to supergsego.com (supergsego.com)|173.12.119.133|:80... connected.
HTTP request sent, awaiting response... 200 OK
Length: 8617253 (8.2M) [application/zip]
Saving to: `apache-maven-3.3.9-bin.zip'

 0% [                                       ] 0           --.-K/s               0% [                                       ] 47,486       172K/s               1% [                                       ] 153,190      313K/s               2% [                                       ] 214,006      303K/s               3% [>                                      ] 334,190      358K/s               4% [>                                      ] 412,382      361K/s               6% [=>                                     ] 552,838      403K/s               7% [=>                                     ] 635,374      402K/s               8% [==>                                    ] 723,206      385K/s              10% [===>                                   ] 887,326      420K/s              11% [===>                                   ] 1,026,334    428K/s              13% [====>                                  ] 1,172,582    442K/s              14% [====>                                  ] 1,288,422    450K/s              16% [=====>                                 ] 1,410,054    449K/s  eta 16s     18% [======>                                ] 1,564,990    467K/s  eta 16s     18% [======>                                ] 1,615,174    447K/s  eta 16s     20% [=======>                               ] 1,782,190    470K/s  eta 16s     22% [=======>                               ] 1,911,062    490K/s  eta 16s     23% [========>                              ] 2,035,590    495K/s  eta 14s     24% [========>                              ] 2,121,022    491K/s  eta 14s     26% [=========>                             ] 2,251,342    503K/s  eta 14s     27% [=========>                             ] 2,336,774    494K/s  eta 14s     28% [==========>                            ] 2,475,782    490K/s  eta 14s     29% [==========>                            ] 2,584,382    500K/s  eta 12s     31% [===========>                           ] 2,695,878    509K/s  eta 12s     32% [===========>                           ] 2,798,686    502K/s  eta 12s     33% [============>                          ] 2,913,078    504K/s  eta 12s     34% [============>                          ] 2,998,510    502K/s  eta 12s     36% [=============>                         ] 3,128,830    509K/s  eta 11s     37% [=============>                         ] 3,217,158    498K/s  eta 11s     38% [==============>                        ] 3,346,030    521K/s  eta 11s     39% [==============>                        ] 3,431,462    492K/s  eta 11s     40% [==============>                        ] 3,527,982    496K/s  eta 11s     42% [===============>                       ] 3,650,110    503K/s  eta 10s     43% [===============>                       ] 3,734,094    486K/s  eta 10s     44% [================>                      ] 3,827,222    396K/s  eta 11s     48% [=================>                     ] 4,188,270    458K/s  eta 11s     51% [===================>                   ] 4,423,342    489K/s  eta 11s     52% [===================>                   ] 4,561,854    467K/s  eta 11s     56% [====================>                  ] 4,838,918    496K/s  eta 8s      57% [=====================>                 ] 4,918,062    453K/s  eta 8s      62% [=======================>               ] 5,352,958    524K/s  eta 8s      62% [=======================>               ] 5,387,214    472K/s  eta 7s      68% [=========================>             ] 5,920,574    558K/s  eta 7s      68% [=========================>             ] 5,928,766    529K/s  eta 7s      72% [===========================>           ] 6,289,318    577K/s  eta 7s      75% [============================>          ] 6,534,526    600K/s  eta 7s      76% [============================>          ] 6,562,990    586K/s  eta 4s      79% [==============================>        ] 6,878,654    623K/s  eta 4s      81% [==============================>        ] 7,032,638    628K/s  eta 4s      83% [===============================>       ] 7,207,846    641K/s  eta 4s      85% [================================>      ] 7,393,190    660K/s  eta 4s      87% [=================================>     ] 7,533,150    750K/s  eta 2s      90% [==================================>    ] 7,816,958    743K/s  eta 2s      92% [===================================>   ] 7,960,310    705K/s  eta 2s      96% [====================================>  ] 8,280,318    738K/s  eta 2s      99% [=====================================> ] 8,566,070    804K/s  eta 0s      100%[======================================>] 8,617,253    803K/s   in 14s     

2017-02-22 14:42:11 (584 KB/s) - `apache-maven-3.3.9-bin.zip' saved [8617253/8617253]


travis_time:end:207fce04:start=1487774517295030571,finish=1487774531970748903,duration=14675718332[0Ktravis_fold:end:before_install.1[0Ktravis_fold:start:before_install.2[0Ktravis_time:start:0535d21b[0K$ unzip -qq apache-maven-3.3.9-bin.zip

travis_time:end:0535d21b:start=1487774531976732325,finish=1487774532980826671,duration=1004094346[0Ktravis_fold:end:before_install.2[0Ktravis_fold:start:before_install.3[0Ktravis_time:start:0bbdec6e[0K$ export M2_HOME=$PWD/apache-maven-3.3.9

travis_time:end:0bbdec6e:start=1487774532986423675,finish=1487774532990758535,duration=4334860[0Ktravis_fold:end:before_install.3[0Ktravis_fold:start:before_install.4[0Ktravis_time:start:0a236a74[0K$ export PATH=$M2_HOME/bin:$PATH

travis_time:end:0a236a74:start=1487774532996224381,finish=1487774533000459485,duration=4235104[0Ktravis_fold:end:before_install.4[0Ktravis_fold:start:install[0Ktravis_time:start:11db2b88[0K$ mvn install -DskipTests=true -Dmaven.javadoc.skip=true -B -V
Java HotSpot(TM) 64-Bit Server VM warning: ignoring option MaxPermSize=192m; support was removed in 8.0
Apache Maven 3.3.9 (bb52d8502b132ec0a5a3f4c09453c07478323dc5; 2015-11-10T16:41:47+00:00)
Maven home: /home/travis/build/HubSpot/Baragon/apache-maven-3.3.9
Java version: 1.8.0_31, vendor: Oracle Corporation
Java home: /usr/lib/jvm/java-8-oracle/jre
Default locale: en_US, platform encoding: UTF-8
OS name: "linux", version: "4.8.12-040812-generic", arch: "amd64", family: "unix"
[INFO] Scanning for projects...
[INFO] ------------------------------------------------------------------------
[INFO] Reactor Build Order:
[INFO] 
[INFO] Baragon
[INFO] BaragonCore
[INFO] BaragonData
[INFO] BaragonService
[INFO] BaragonAgentService
[INFO] BaragonClient
[INFO] BaragonWatcher
[INFO] BaragonServiceIntegrationTests
[INFO]                                                                         
[INFO] ------------------------------------------------------------------------
[INFO] Building Baragon 0.5.0-SNAPSHOT
[INFO] ------------------------------------------------------------------------
[INFO] 
[INFO] --- property-helper-maven-plugin:2.0:get (get-build-id) @ Baragon ---
[INFO] 
[INFO] --- maven-enforcer-plugin:1.4.1:enforce (default) @ Baragon ---
[INFO] 
[INFO] --- maven-dependency-versions-check-plugin:2.0.2:check (default) @ Baragon ---
[INFO] Checking dependency versions
[INFO] 
[INFO] --- maven-checkstyle-plugin:2.17:check (default) @ Baragon ---
[INFO] Starting audit...
Audit done.
[INFO] 
[INFO] --- dependency-management-plugin:0.4:analyze (analyze) @ Baragon ---
[INFO] No dependency management issues found
[INFO] 
[INFO] --- git-commit-id-plugin:2.2.0:revision (default) @ Baragon ---
[INFO] 
[INFO] --- jacoco-maven-plugin:0.7.5.201505241946:prepare-agent (default) @ Baragon ---
[INFO] argLine set to -javaagent:/home/travis/.m2/repository/org/jacoco/org.jacoco.agent/0.7.5.201505241946/org.jacoco.agent-0.7.5.201505241946-runtime.jar=destfile=/home/travis/build/HubSpot/Baragon/target/jacoco.exec
[INFO] 
[INFO] --- maven-jar-plugin:2.6:test-jar (attach-tests) @ Baragon ---
[INFO] Skipping packaging of the test-jar
[INFO] 
[INFO] --- maven-source-plugin:2.4:jar-no-fork (attach-sources) @ Baragon ---
[INFO] 
[INFO] --- maven-source-plugin:2.4:test-jar-no-fork (attach-sources) @ Baragon ---
[INFO] 
[INFO] --- maven-dependency-plugin:2.10:analyze-only (default) @ Baragon ---
[INFO] Skipping pom project
[INFO] 
[INFO] --- maven-dependency-plugin:2.10:analyze-duplicate (default) @ Baragon ---
[INFO] No duplicate dependencies found in <dependencies/> or in <dependencyManagement/>
[INFO] 
[INFO] --- maven-dependency-plugin:2.10:analyze-dep-mgt (default) @ Baragon ---
[INFO] Found Resolved Dependency / DependencyManagement mismatches:
[INFO] 	Ignoring Direct Dependencies.
[INFO]    None
[INFO] 
[INFO] --- duplicate-finder-maven-plugin:1.2.1:check (default) @ Baragon ---
[INFO] Ignoring POM project!
[INFO] 
[INFO] >>> findbugs-maven-plugin:3.0.3:check (default) > :findbugs @ Baragon >>>
[INFO] 
[INFO] --- findbugs-maven-plugin:3.0.3:findbugs (findbugs) @ Baragon ---
[INFO] 
[INFO] <<< findbugs-maven-plugin:3.0.3:check (default) < :findbugs @ Baragon <<<
[INFO] 
[INFO] --- findbugs-maven-plugin:3.0.3:check (default) @ Baragon ---
[INFO] 
[INFO] >>> maven-pmd-plugin:3.6:check (default) > :pmd @ Baragon >>>
[INFO] 
[INFO] --- maven-pmd-plugin:3.6:pmd (pmd) @ Baragon ---
[INFO] 
[INFO] <<< maven-pmd-plugin:3.6:check (default) < :pmd @ Baragon <<<
[INFO] 
[INFO] --- maven-pmd-plugin:3.6:check (default) @ Baragon ---
[INFO] 
[INFO] --- license-maven-plugin:2.11:check (default) @ Baragon ---
[INFO] 
[INFO] --- maven-install-plugin:2.5.2:install (default-install) @ Baragon ---
[INFO] Installing /home/travis/build/HubSpot/Baragon/pom.xml to /home/travis/.m2/repository/com/hubspot/Baragon/0.5.0-SNAPSHOT/Baragon-0.5.0-SNAPSHOT.pom
[INFO]                                                                         
[INFO] ------------------------------------------------------------------------
[INFO] Building BaragonCore 0.5.0-SNAPSHOT
[INFO] ------------------------------------------------------------------------
[INFO] 
[INFO] --- property-helper-maven-plugin:2.0:get (get-build-id) @ BaragonCore ---
[INFO] 
[INFO] --- maven-enforcer-plugin:1.4.1:enforce (default) @ BaragonCore ---
[INFO] 
[INFO] --- maven-dependency-versions-check-plugin:2.0.2:check (default) @ BaragonCore ---
[INFO] Checking dependency versions
[INFO] 
[INFO] --- maven-checkstyle-plugin:2.17:check (default) @ BaragonCore ---
[INFO] Starting audit...
Audit done.
[INFO] 
[INFO] --- dependency-management-plugin:0.4:analyze (analyze) @ BaragonCore ---
[INFO] No dependency management issues found
[INFO] 
[INFO] --- git-commit-id-plugin:2.2.0:revision (default) @ BaragonCore ---
[INFO] 
[INFO] --- jacoco-maven-plugin:0.7.5.201505241946:prepare-agent (default) @ BaragonCore ---
[INFO] argLine set to -javaagent:/home/travis/.m2/repository/org/jacoco/org.jacoco.agent/0.7.5.201505241946/org.jacoco.agent-0.7.5.201505241946-runtime.jar=destfile=/home/travis/build/HubSpot/Baragon/BaragonCore/target/jacoco.exec
[INFO] 
[INFO] --- maven-resources-plugin:2.7:resources (default-resources) @ BaragonCore ---
[INFO] Using 'UTF-8' encoding to copy filtered resources.
[INFO] skip non existing resourceDirectory /home/travis/build/HubSpot/Baragon/BaragonCore/src/main/resources
[INFO] 
[INFO] --- maven-compiler-plugin:3.3:compile (default-compile) @ BaragonCore ---
[INFO] Changes detected - recompiling the module!
[INFO] Compiling 43 source files to /home/travis/build/HubSpot/Baragon/BaragonCore/target/classes
[INFO] /home/travis/build/HubSpot/Baragon/BaragonCore/src/main/java/com/hubspot/baragon/models/BaragonRequest.java: Some input files use or override a deprecated API.
[INFO] /home/travis/build/HubSpot/Baragon/BaragonCore/src/main/java/com/hubspot/baragon/models/BaragonRequest.java: Recompile with -Xlint:deprecation for details.
[INFO] 
[INFO] --- maven-resources-plugin:2.7:testResources (default-testResources) @ BaragonCore ---
[INFO] Using 'UTF-8' encoding to copy filtered resources.
[INFO] skip non existing resourceDirectory /home/travis/build/HubSpot/Baragon/BaragonCore/src/test/resources
[INFO] 
[INFO] --- maven-compiler-plugin:3.3:testCompile (default-testCompile) @ BaragonCore ---
[INFO] No sources to compile
[INFO] 
[INFO] --- maven-surefire-plugin:2.19:test (default-test) @ BaragonCore ---
[INFO] Tests are skipped.
[INFO] 
[INFO] --- maven-jar-plugin:2.6:jar (default-jar) @ BaragonCore ---
[INFO] Building jar: /home/travis/build/HubSpot/Baragon/BaragonCore/target/BaragonCore-0.5.0-SNAPSHOT.jar
[INFO] 
[INFO] --- maven-jar-plugin:2.6:test-jar (attach-tests) @ BaragonCore ---
[INFO] Skipping packaging of the test-jar
[INFO] 
[INFO] --- maven-source-plugin:2.4:jar-no-fork (attach-sources) @ BaragonCore ---
[INFO] Building jar: /home/travis/build/HubSpot/Baragon/BaragonCore/target/BaragonCore-0.5.0-SNAPSHOT-sources.jar
[INFO] 
[INFO] --- maven-source-plugin:2.4:test-jar-no-fork (attach-sources) @ BaragonCore ---
[INFO] No sources in project. Archive not created.
[INFO] 
[INFO] --- maven-dependency-plugin:2.10:analyze-only (default) @ BaragonCore ---
[INFO] No dependency problems found
[INFO] 
[INFO] --- maven-dependency-plugin:2.10:analyze-duplicate (default) @ BaragonCore ---
[INFO] No duplicate dependencies found in <dependencies/> or in <dependencyManagement/>
[INFO] 
[INFO] --- maven-dependency-plugin:2.10:analyze-dep-mgt (default) @ BaragonCore ---
[INFO] Found Resolved Dependency / DependencyManagement mismatches:
[INFO] 	Ignoring Direct Dependencies.
[INFO] com.fasterxml.jackson.core:jackson-databind:jar was excluded in DepMgt, but version 2.7.6 has been found in the dependency tree.
[INFO] com.fasterxml.jackson.core:jackson-core:jar was excluded in DepMgt, but version 2.7.6 has been found in the dependency tree.
[WARNING] Potential problems found in Dependency Management 
[INFO] 
[INFO] --- duplicate-finder-maven-plugin:1.2.1:check (default) @ BaragonCore ---
[INFO] Checking compile classpath
[INFO] Checking runtime classpath
[INFO] Checking test classpath
[INFO] 
[INFO] >>> findbugs-maven-plugin:3.0.3:check (default) > :findbugs @ BaragonCore >>>
[INFO] 
[INFO] --- findbugs-maven-plugin:3.0.3:findbugs (findbugs) @ BaragonCore ---
[INFO] Fork Value is true
     [java] Feb 22, 2017 2:42:35 PM java.util.prefs.FileSystemPreferences$1 run
     [java] INFO: Created user preferences directory.
[INFO] Done FindBugs Analysis....
[INFO] 
[INFO] <<< findbugs-maven-plugin:3.0.3:check (default) < :findbugs @ BaragonCore <<<
[INFO] 
[INFO] --- findbugs-maven-plugin:3.0.3:check (default) @ BaragonCore ---
[INFO] BugInstance size is 0
[INFO] Error size is 0
[INFO] No errors/warnings found
[INFO] 
[INFO] >>> maven-pmd-plugin:3.6:check (default) > :pmd @ BaragonCore >>>
[INFO] 
[INFO] --- maven-pmd-plugin:3.6:pmd (pmd) @ BaragonCore ---
[WARNING] Unable to locate Source XRef to link to - DISABLED
[WARNING] Unable to locate Source XRef to link to - DISABLED
[INFO] 
[INFO] <<< maven-pmd-plugin:3.6:check (default) < :pmd @ BaragonCore <<<
[INFO] 
[INFO] --- maven-pmd-plugin:3.6:check (default) @ BaragonCore ---
[INFO] 
[INFO] 
[INFO] --- license-maven-plugin:2.11:check (default) @ BaragonCore ---
[INFO] 
[INFO] --- maven-install-plugin:2.5.2:install (default-install) @ BaragonCore ---
[INFO] Installing /home/travis/build/HubSpot/Baragon/BaragonCore/target/BaragonCore-0.5.0-SNAPSHOT.jar to /home/travis/.m2/repository/com/hubspot/BaragonCore/0.5.0-SNAPSHOT/BaragonCore-0.5.0-SNAPSHOT.jar
[INFO] Installing /home/travis/build/HubSpot/Baragon/BaragonCore/pom.xml to /home/travis/.m2/repository/com/hubspot/BaragonCore/0.5.0-SNAPSHOT/BaragonCore-0.5.0-SNAPSHOT.pom
[INFO] Installing /home/travis/build/HubSpot/Baragon/BaragonCore/target/BaragonCore-0.5.0-SNAPSHOT-sources.jar to /home/travis/.m2/repository/com/hubspot/BaragonCore/0.5.0-SNAPSHOT/BaragonCore-0.5.0-SNAPSHOT-sources.jar
[INFO]                                                                         
[INFO] ------------------------------------------------------------------------
[INFO] Building BaragonData 0.5.0-SNAPSHOT
[INFO] ------------------------------------------------------------------------
[INFO] 
[INFO] --- property-helper-maven-plugin:2.0:get (get-build-id) @ BaragonData ---
[INFO] 
[INFO] --- maven-enforcer-plugin:1.4.1:enforce (default) @ BaragonData ---
[INFO] 
[INFO] --- maven-dependency-versions-check-plugin:2.0.2:check (default) @ BaragonData ---
[INFO] Checking dependency versions
[INFO] 
[INFO] --- maven-checkstyle-plugin:2.17:check (default) @ BaragonData ---
[INFO] Starting audit...
Audit done.
[INFO] 
[INFO] --- dependency-management-plugin:0.4:analyze (analyze) @ BaragonData ---
[INFO] No dependency management issues found
[INFO] 
[INFO] --- git-commit-id-plugin:2.2.0:revision (default) @ BaragonData ---
[INFO] 
[INFO] --- jacoco-maven-plugin:0.7.5.201505241946:prepare-agent (default) @ BaragonData ---
[INFO] argLine set to -javaagent:/home/travis/.m2/repository/org/jacoco/org.jacoco.agent/0.7.5.201505241946/org.jacoco.agent-0.7.5.201505241946-runtime.jar=destfile=/home/travis/build/HubSpot/Baragon/BaragonData/target/jacoco.exec
[INFO] 
[INFO] --- maven-resources-plugin:2.7:resources (default-resources) @ BaragonData ---
[INFO] Using 'UTF-8' encoding to copy filtered resources.
[INFO] skip non existing resourceDirectory /home/travis/build/HubSpot/Baragon/BaragonData/src/main/resources
[INFO] 
[INFO] --- maven-compiler-plugin:3.3:compile (default-compile) @ BaragonData ---
[INFO] Changes detected - recompiling the module!
[INFO] Compiling 28 source files to /home/travis/build/HubSpot/Baragon/BaragonData/target/classes
[INFO] /home/travis/build/HubSpot/Baragon/BaragonData/src/main/java/com/hubspot/baragon/data/BaragonStateDatastore.java: /home/travis/build/HubSpot/Baragon/BaragonData/src/main/java/com/hubspot/baragon/data/BaragonStateDatastore.java uses or overrides a deprecated API.
[INFO] /home/travis/build/HubSpot/Baragon/BaragonData/src/main/java/com/hubspot/baragon/data/BaragonStateDatastore.java: Recompile with -Xlint:deprecation for details.
[INFO] 
[INFO] --- maven-resources-plugin:2.7:testResources (default-testResources) @ BaragonData ---
[INFO] Using 'UTF-8' encoding to copy filtered resources.
[INFO] skip non existing resourceDirectory /home/travis/build/HubSpot/Baragon/BaragonData/src/test/resources
[INFO] 
[INFO] --- maven-compiler-plugin:3.3:testCompile (default-testCompile) @ BaragonData ---
[INFO] Changes detected - recompiling the module!
[INFO] Compiling 1 source file to /home/travis/build/HubSpot/Baragon/BaragonData/target/test-classes
[INFO] 
[INFO] --- maven-surefire-plugin:2.19:test (default-test) @ BaragonData ---
[INFO] Tests are skipped.
[INFO] 
[INFO] --- maven-jar-plugin:2.6:jar (default-jar) @ BaragonData ---
[INFO] Building jar: /home/travis/build/HubSpot/Baragon/BaragonData/target/BaragonData-0.5.0-SNAPSHOT.jar
[INFO] 
[INFO] --- maven-jar-plugin:2.6:test-jar (attach-tests) @ BaragonData ---
[INFO] Building jar: /home/travis/build/HubSpot/Baragon/BaragonData/target/BaragonData-0.5.0-SNAPSHOT-tests.jar
[INFO] 
[INFO] --- maven-source-plugin:2.4:jar-no-fork (attach-sources) @ BaragonData ---
[INFO] Building jar: /home/travis/build/HubSpot/Baragon/BaragonData/target/BaragonData-0.5.0-SNAPSHOT-sources.jar
[INFO] 
[INFO] --- maven-source-plugin:2.4:test-jar-no-fork (attach-sources) @ BaragonData ---
[INFO] Building jar: /home/travis/build/HubSpot/Baragon/BaragonData/target/BaragonData-0.5.0-SNAPSHOT-test-sources.jar
[INFO] 
[INFO] --- maven-dependency-plugin:2.10:analyze-only (default) @ BaragonData ---
[INFO] No dependency problems found
[INFO] 
[INFO] --- maven-dependency-plugin:2.10:analyze-duplicate (default) @ BaragonData ---
[INFO] No duplicate dependencies found in <dependencies/> or in <dependencyManagement/>
[INFO] 
[INFO] --- maven-dependency-plugin:2.10:analyze-dep-mgt (default) @ BaragonData ---
[INFO] Found Resolved Dependency / DependencyManagement mismatches:
[INFO] 	Ignoring Direct Dependencies.
[INFO] joda-time:joda-time:jar was excluded in DepMgt, but version 2.9.4 has been found in the dependency tree.
[WARNING] Potential problems found in Dependency Management 
[INFO] 
[INFO] --- duplicate-finder-maven-plugin:1.2.1:check (default) @ BaragonData ---
[INFO] Checking compile classpath
[INFO] Checking runtime classpath
[INFO] Checking test classpath
[INFO] 
[INFO] >>> findbugs-maven-plugin:3.0.3:check (default) > :findbugs @ BaragonData >>>
[INFO] 
[INFO] --- findbugs-maven-plugin:3.0.3:findbugs (findbugs) @ BaragonData ---
[INFO] Fork Value is true
[INFO] Done FindBugs Analysis....
[INFO] 
[INFO] <<< findbugs-maven-plugin:3.0.3:check (default) < :findbugs @ BaragonData <<<
[INFO] 
[INFO] --- findbugs-maven-plugin:3.0.3:check (default) @ BaragonData ---
[INFO] BugInstance size is 0
[INFO] Error size is 0
[INFO] No errors/warnings found
[INFO] 
[INFO] >>> maven-pmd-plugin:3.6:check (default) > :pmd @ BaragonData >>>
[INFO] 
[INFO] --- maven-pmd-plugin:3.6:pmd (pmd) @ BaragonData ---
[WARNING] Unable to locate Source XRef to link to - DISABLED
[WARNING] Unable to locate Source XRef to link to - DISABLED
[INFO] 
[INFO] <<< maven-pmd-plugin:3.6:check (default) < :pmd @ BaragonData <<<
[INFO] 
[INFO] --- maven-pmd-plugin:3.6:check (default) @ BaragonData ---
[INFO] 
[INFO] 
[INFO] --- license-maven-plugin:2.11:check (default) @ BaragonData ---
[INFO] 
[INFO] --- maven-install-plugin:2.5.2:install (default-install) @ BaragonData ---
[INFO] Installing /home/travis/build/HubSpot/Baragon/BaragonData/target/BaragonData-0.5.0-SNAPSHOT.jar to /home/travis/.m2/repository/com/hubspot/BaragonData/0.5.0-SNAPSHOT/BaragonData-0.5.0-SNAPSHOT.jar
[INFO] Installing /home/travis/build/HubSpot/Baragon/BaragonData/pom.xml to /home/travis/.m2/repository/com/hubspot/BaragonData/0.5.0-SNAPSHOT/BaragonData-0.5.0-SNAPSHOT.pom
[INFO] Installing /home/travis/build/HubSpot/Baragon/BaragonData/target/BaragonData-0.5.0-SNAPSHOT-tests.jar to /home/travis/.m2/repository/com/hubspot/BaragonData/0.5.0-SNAPSHOT/BaragonData-0.5.0-SNAPSHOT-tests.jar
[INFO] Installing /home/travis/build/HubSpot/Baragon/BaragonData/target/BaragonData-0.5.0-SNAPSHOT-sources.jar to /home/travis/.m2/repository/com/hubspot/BaragonData/0.5.0-SNAPSHOT/BaragonData-0.5.0-SNAPSHOT-sources.jar
[INFO] Installing /home/travis/build/HubSpot/Baragon/BaragonData/target/BaragonData-0.5.0-SNAPSHOT-test-sources.jar to /home/travis/.m2/repository/com/hubspot/BaragonData/0.5.0-SNAPSHOT/BaragonData-0.5.0-SNAPSHOT-test-sources.jar
[INFO]                                                                         
[INFO] ------------------------------------------------------------------------
[INFO] Building BaragonService 0.5.0-SNAPSHOT
[INFO] ------------------------------------------------------------------------
[INFO] 
[INFO] --- property-helper-maven-plugin:2.0:get (get-build-id) @ BaragonService ---
[INFO] 
[INFO] --- maven-enforcer-plugin:1.4.1:enforce (default) @ BaragonService ---
[INFO] 
[INFO] --- maven-dependency-versions-check-plugin:2.0.2:check (default) @ BaragonService ---
[INFO] Checking dependency versions
[INFO] 
[INFO] --- maven-checkstyle-plugin:2.17:check (default) @ BaragonService ---
[INFO] Starting audit...
Audit done.
[INFO] 
[INFO] --- dependency-management-plugin:0.4:analyze (analyze) @ BaragonService ---
[INFO] No dependency management issues found
[INFO] 
[INFO] --- git-commit-id-plugin:2.2.0:revision (default) @ BaragonService ---
[INFO] 
[INFO] --- jacoco-maven-plugin:0.7.5.201505241946:prepare-agent (default) @ BaragonService ---
[INFO] argLine set to -javaagent:/home/travis/.m2/repository/org/jacoco/org.jacoco.agent/0.7.5.201505241946/org.jacoco.agent-0.7.5.201505241946-runtime.jar=destfile=/home/travis/build/HubSpot/Baragon/BaragonService/target/jacoco.exec
[INFO] 
[INFO] --- frontend-maven-plugin:0.0.23:install-node-and-npm (install node and npm) @ BaragonService ---
[INFO] Installing node version v4.1.2
[INFO] Creating temporary directory /home/travis/build/HubSpot/Baragon/BaragonUI/node_tmp
[INFO] Downloading Node.js from http://nodejs.org/dist/v4.1.2/node-v4.1.2-linux-x64.tar.gz to /home/travis/build/HubSpot/Baragon/BaragonUI/node_tmp/node.tar.gz
[INFO] No proxy was configured, downloading directly
[INFO] Extracting Node.js files in node_tmp
[INFO] Unpacking /home/travis/build/HubSpot/Baragon/BaragonUI/node_tmp/node.tar.gz into /home/travis/build/HubSpot/Baragon/BaragonUI/node_tmp
[INFO] Moving node binary to /home/travis/build/HubSpot/Baragon/BaragonUI/node/node
[INFO] Deleting temporary directory /home/travis/build/HubSpot/Baragon/BaragonUI/node_tmp
[INFO] Installed node locally.
[INFO] Installing npm version 2.14.16
[INFO] Downloading NPM from http://registry.npmjs.org/npm/-/npm-2.14.16.tgz to /home/travis/build/HubSpot/Baragon/BaragonUI/npm.tar.gz
[INFO] No proxy was configured, downloading directly
[INFO] Extracting NPM files in node/
[INFO] Unpacking /home/travis/build/HubSpot/Baragon/BaragonUI/npm.tar.gz into /home/travis/build/HubSpot/Baragon/BaragonUI/node
[INFO] Installed NPM locally.
[INFO] 
[INFO] --- frontend-maven-plugin:0.0.23:npm (npm install) @ BaragonService ---
[INFO] Running 'npm install --color=false' in /home/travis/build/HubSpot/Baragon/BaragonUI
[ERROR] npm WARN package.json BaragonUI@0.1.0 No README data
[ERROR] npm WARN package.json BaragonUI@0.1.0 No license field.
[INFO] 
[INFO] > BaragonUI@0.1.0 postinstall /home/travis/build/HubSpot/Baragon/BaragonUI
[INFO] > bower install --allow-root && brunch build --production
[INFO] 
[ERROR] bower                     invalid-meta The "name" is recommended to be lowercase, can contain digits, dots, dashes
[INFO] 22 Feb 14:43:22 - [32minfo[0m: compiling
[INFO] 22 Feb 14:43:28 - [32minfo[0m: compiling.
[INFO] 22 Feb 14:43:29 - [32minfo[0m: compiled 107 files into 2 files, copied 6 in 11.3 sec
[INFO] 
[INFO] --- build-helper-maven-plugin:1.10:add-resource (add-generated-resources) @ BaragonService ---
[INFO] 
[INFO] --- maven-resources-plugin:2.7:resources (default-resources) @ BaragonService ---
[INFO] Using 'UTF-8' encoding to copy filtered resources.
[INFO] Copying 1 resource
[INFO] Copying 9 resources
[INFO] 
[INFO] --- maven-compiler-plugin:3.3:compile (default-compile) @ BaragonService ---
[INFO] Changes detected - recompiling the module!
[INFO] Compiling 49 source files to /home/travis/build/HubSpot/Baragon/BaragonService/target/classes
[INFO] 
[INFO] --- maven-resources-plugin:2.7:testResources (default-testResources) @ BaragonService ---
[INFO] Using 'UTF-8' encoding to copy filtered resources.
[INFO] Copying 3 resources
[INFO] 
[INFO] --- maven-compiler-plugin:3.3:testCompile (default-testCompile) @ BaragonService ---
[INFO] Changes detected - recompiling the module!
[INFO] Compiling 5 source files to /home/travis/build/HubSpot/Baragon/BaragonService/target/test-classes
[INFO] 
[INFO] --- maven-surefire-plugin:2.19:test (default-test) @ BaragonService ---
[INFO] Tests are skipped.
[INFO] 
[INFO] --- maven-jar-plugin:2.6:jar (default-jar) @ BaragonService ---
[INFO] Building jar: /home/travis/build/HubSpot/Baragon/BaragonService/target/BaragonService-0.5.0-SNAPSHOT.jar
[INFO] 
[INFO] --- maven-jar-plugin:2.6:test-jar (attach-tests) @ BaragonService ---
[INFO] Building jar: /home/travis/build/HubSpot/Baragon/BaragonService/target/BaragonService-0.5.0-SNAPSHOT-tests.jar
[INFO] 
[INFO] --- maven-source-plugin:2.4:jar-no-fork (attach-sources) @ BaragonService ---
[INFO] Building jar: /home/travis/build/HubSpot/Baragon/BaragonService/target/BaragonService-0.5.0-SNAPSHOT-sources.jar
[INFO] 
[INFO] --- maven-source-plugin:2.4:test-jar-no-fork (attach-sources) @ BaragonService ---
[INFO] Building jar: /home/travis/build/HubSpot/Baragon/BaragonService/target/BaragonService-0.5.0-SNAPSHOT-test-sources.jar
[INFO] 
[INFO] --- maven-shade-plugin:2.4.2:shade (default) @ BaragonService ---
[INFO] Including com.hubspot.dropwizard:dropwizard-guicier:jar:1.0.0.6 in the shaded jar.
[INFO] Including com.squarespace.jersey2-guice:jersey2-guice-impl:jar:1.0.6 in the shaded jar.
[INFO] Including org.glassfish.jersey.containers:jersey-container-servlet-core:jar:2.23.1 in the shaded jar.
[INFO] Including com.squarespace.jersey2-guice:0-jersey2-guice-spi:jar:1.0.6 in the shaded jar.
[INFO] Including com.google.inject.extensions:guice-servlet:jar:4.0 in the shaded jar.
[INFO] Including io.dropwizard:dropwizard-servlets:jar:1.0.0 in the shaded jar.
[INFO] Including org.glassfish.jersey.core:jersey-server:jar:2.23.1 in the shaded jar.
[INFO] Including org.glassfish.jersey.core:jersey-common:jar:2.23.1 in the shaded jar.
[INFO] Including org.glassfish.jersey.bundles.repackaged:jersey-guava:jar:2.23.1 in the shaded jar.
[INFO] Including org.glassfish.hk2:osgi-resource-locator:jar:1.0.1 in the shaded jar.
[INFO] Including org.glassfish.jersey.core:jersey-client:jar:2.23.1 in the shaded jar.
[INFO] Including org.glassfish.jersey.media:jersey-media-jaxb:jar:2.23.1 in the shaded jar.
[INFO] Including javax.annotation:javax.annotation-api:jar:1.2 in the shaded jar.
[INFO] Including org.glassfish.hk2:hk2-locator:jar:2.4.0-b34 in the shaded jar.
[INFO] Including org.glassfish.hk2:hk2-api:jar:2.4.0-b34 in the shaded jar.
[INFO] Including org.glassfish.hk2:hk2-utils:jar:2.4.0-b34 in the shaded jar.
[INFO] Including io.dropwizard:dropwizard-views:jar:1.0.0 in the shaded jar.
[INFO] Including io.dropwizard:dropwizard-views-mustache:jar:1.0.0 in the shaded jar.
[INFO] Including com.github.spullara.mustache.java:compiler:jar:0.9.2 in the shaded jar.
[INFO] Including io.dropwizard:dropwizard-assets:jar:1.0.0 in the shaded jar.
[INFO] Including com.palominolabs.metrics:metrics-guice:jar:3.1.3 in the shaded jar.
[INFO] Including com.google.code.findbugs:jsr305:jar:3.0.1 in the shaded jar.
[INFO] Including io.dropwizard.metrics:metrics-core:jar:3.1.2 in the shaded jar.
[INFO] Including io.dropwizard.metrics:metrics-graphite:jar:3.1.2 in the shaded jar.
[INFO] Including io.dropwizard.metrics:metrics-annotation:jar:3.1.2 in the shaded jar.
[INFO] Including io.dropwizard.metrics:metrics-healthchecks:jar:3.1.2 in the shaded jar.
[INFO] Including com.hubspot:BaragonCore:jar:0.5.0-SNAPSHOT in the shaded jar.
[INFO] Including com.hubspot:BaragonData:jar:0.5.0-SNAPSHOT in the shaded jar.
[INFO] Including org.slf4j:log4j-over-slf4j:jar:1.7.21 in the shaded jar.
[INFO] Including org.apache.commons:commons-lang3:jar:3.4 in the shaded jar.
[INFO] Including com.google.inject:guice:jar:4.0 in the shaded jar.
[INFO] Including aopalliance:aopalliance:jar:1.0 in the shaded jar.
[INFO] Including com.google.inject.extensions:guice-multibindings:jar:4.0 in the shaded jar.
[INFO] Including javax.validation:validation-api:jar:1.1.0.Final in the shaded jar.
[INFO] Including com.google.guava:guava:jar:19.0 in the shaded jar.
[INFO] Including com.fasterxml.jackson.core:jackson-databind:jar:2.7.6 in the shaded jar.
[INFO] Including com.fasterxml.jackson.dataformat:jackson-dataformat-yaml:jar:2.7.6 in the shaded jar.
[INFO] Including org.slf4j:slf4j-api:jar:1.7.21 in the shaded jar.
[INFO] Including javax.inject:javax.inject:jar:1 in the shaded jar.
[INFO] Including io.dropwizard:dropwizard-lifecycle:jar:1.0.0 in the shaded jar.
[INFO] Including org.eclipse.jetty:jetty-server:jar:9.3.9.v20160517 in the shaded jar.
[INFO] Including io.dropwizard:dropwizard-util:jar:1.0.0 in the shaded jar.
[INFO] Including joda-time:joda-time:jar:2.9.4 in the shaded jar.
[INFO] Including org.hibernate:hibernate-validator:jar:5.2.4.Final in the shaded jar.
[INFO] Including org.jboss.logging:jboss-logging:jar:3.2.1.Final in the shaded jar.
[INFO] Including com.fasterxml:classmate:jar:1.1.0 in the shaded jar.
[INFO] Including io.dropwizard:dropwizard-jetty:jar:1.0.0 in the shaded jar.
[INFO] Including io.dropwizard:dropwizard-logging:jar:1.0.0 in the shaded jar.
[INFO] Including io.dropwizard.metrics:metrics-logback:jar:3.1.2 in the shaded jar.
[INFO] Including org.slf4j:jul-to-slf4j:jar:1.7.21 in the shaded jar.
[INFO] Including org.slf4j:jcl-over-slf4j:jar:1.7.21 in the shaded jar.
[INFO] Including io.dropwizard.metrics:metrics-jetty9:jar:3.1.2 in the shaded jar.
[INFO] Including org.eclipse.jetty:jetty-servlet:jar:9.3.9.v20160517 in the shaded jar.
[INFO] Including org.eclipse.jetty:jetty-security:jar:9.3.9.v20160517 in the shaded jar.
[INFO] Including org.eclipse.jetty:jetty-http:jar:9.3.9.v20160517 in the shaded jar.
[INFO] Including org.eclipse.jetty:jetty-servlets:jar:9.3.9.v20160517 in the shaded jar.
[INFO] Including org.eclipse.jetty:jetty-continuation:jar:9.3.9.v20160517 in the shaded jar.
[INFO] Including org.eclipse.jetty:jetty-util:jar:9.3.9.v20160517 in the shaded jar.
[INFO] Including org.eclipse.jetty:jetty-io:jar:9.3.9.v20160517 in the shaded jar.
[INFO] Including com.fasterxml.jackson.core:jackson-annotations:jar:2.7.6 in the shaded jar.
[INFO] Including com.fasterxml.jackson.core:jackson-core:jar:2.7.6 in the shaded jar.
[INFO] Including com.fasterxml.jackson.datatype:jackson-datatype-guava:jar:2.7.6 in the shaded jar.
[INFO] Including io.dropwizard:dropwizard-core:jar:1.0.0 in the shaded jar.
[INFO] Including io.dropwizard:dropwizard-validation:jar:1.0.0 in the shaded jar.
[INFO] Including org.glassfish:javax.el:jar:3.0.0 in the shaded jar.
[INFO] Including io.dropwizard:dropwizard-metrics:jar:1.0.0 in the shaded jar.
[INFO] Including io.dropwizard.metrics:metrics-jvm:jar:3.1.2 in the shaded jar.
[INFO] Including io.dropwizard.metrics:metrics-servlets:jar:3.1.2 in the shaded jar.
[INFO] Including io.dropwizard.metrics:metrics-json:jar:3.1.2 in the shaded jar.
[INFO] Including io.dropwizard:dropwizard-request-logging:jar:1.0.0 in the shaded jar.
[INFO] Including ch.qos.logback:logback-access:jar:1.1.7 in the shaded jar.
[INFO] Including net.sourceforge.argparse4j:argparse4j:jar:0.7.0 in the shaded jar.
[INFO] Including org.eclipse.jetty.toolchain.setuid:jetty-setuid-java:jar:1.0.3 in the shaded jar.
[INFO] Including io.dropwizard:dropwizard-jackson:jar:1.0.0 in the shaded jar.
[INFO] Including com.fasterxml.jackson.datatype:jackson-datatype-jsr310:jar:2.7.6 in the shaded jar.
[INFO] Including com.fasterxml.jackson.datatype:jackson-datatype-jdk8:jar:2.7.6 in the shaded jar.
[INFO] Including com.fasterxml.jackson.module:jackson-module-afterburner:jar:2.7.6 in the shaded jar.
[INFO] Including com.fasterxml.jackson.datatype:jackson-datatype-joda:jar:2.7.6 in the shaded jar.
[INFO] Including io.dropwizard:dropwizard-jersey:jar:1.0.0 in the shaded jar.
[INFO] Including org.glassfish.jersey.ext:jersey-metainf-services:jar:2.23.1 in the shaded jar.
[INFO] Including org.glassfish.jersey.ext:jersey-bean-validation:jar:2.23.1 in the shaded jar.
[INFO] Including io.dropwizard.metrics:metrics-jersey2:jar:3.1.2 in the shaded jar.
[INFO] Including com.fasterxml.jackson.jaxrs:jackson-jaxrs-json-provider:jar:2.7.6 in the shaded jar.
[INFO] Including com.fasterxml.jackson.jaxrs:jackson-jaxrs-base:jar:2.7.6 in the shaded jar.
[INFO] Including com.fasterxml.jackson.module:jackson-module-jaxb-annotations:jar:2.7.6 in the shaded jar.
[INFO] Including org.glassfish.jersey.containers:jersey-container-servlet:jar:2.23.1 in the shaded jar.
[INFO] Including org.eclipse.jetty:jetty-webapp:jar:9.3.9.v20160517 in the shaded jar.
[INFO] Including org.eclipse.jetty:jetty-xml:jar:9.3.9.v20160517 in the shaded jar.
[INFO] Including io.dropwizard:dropwizard-configuration:jar:1.0.0 in the shaded jar.
[INFO] Including javax.servlet:javax.servlet-api:jar:3.1.0 in the shaded jar.
[INFO] Including javax.ws.rs:javax.ws.rs-api:jar:2.0.1 in the shaded jar.
[INFO] Including org.apache.curator:curator-framework:jar:2.8.0 in the shaded jar.
[INFO] Including org.apache.curator:curator-recipes:jar:2.8.0 in the shaded jar.
[INFO] Including org.apache.curator:curator-client:jar:2.8.0 in the shaded jar.
[INFO] Including com.amazonaws:aws-java-sdk-core:jar:1.11.69 in the shaded jar.
[INFO] Including org.apache.httpcomponents:httpclient:jar:4.5.2 in the shaded jar.
[INFO] Including org.apache.httpcomponents:httpcore:jar:4.4.4 in the shaded jar.
[INFO] Including commons-codec:commons-codec:jar:1.10 in the shaded jar.
[INFO] Including software.amazon.ion:ion-java:jar:1.0.1 in the shaded jar.
[INFO] Including com.fasterxml.jackson.dataformat:jackson-dataformat-cbor:jar:2.7.6 in the shaded jar.
[INFO] Including com.amazonaws:aws-java-sdk-elasticloadbalancing:jar:1.11.69 in the shaded jar.
[INFO] Including com.amazonaws:jmespath-java:jar:1.11.69 in the shaded jar.
[INFO] Including com.amazonaws:aws-java-sdk-elasticloadbalancingv2:jar:1.11.69 in the shaded jar.
[INFO] Including com.ning:async-http-client:jar:1.8.12 in the shaded jar.
[INFO] Including io.netty:netty:jar:3.9.2.Final in the shaded jar.
[INFO] Including com.google.code.findbugs:annotations:jar:3.0.1 in the shaded jar.
[INFO] Including org.apache.zookeeper:zookeeper:jar:3.4.6 in the shaded jar.
[INFO] Including net.kencochrane.raven:raven:jar:6.0.0 in the shaded jar.
[INFO] Including ch.qos.logback:logback-classic:jar:1.1.7 in the shaded jar.
[INFO] Including ch.qos.logback:logback-core:jar:1.1.7 in the shaded jar.
[INFO] Including org.javassist:javassist:jar:3.20.0-GA in the shaded jar.
[WARNING] jsr305-3.0.1.jar, annotations-3.0.1.jar define 35 overlapping classes: 
[WARNING]   - javax.annotation.RegEx
[WARNING]   - javax.annotation.concurrent.Immutable
[WARNING]   - javax.annotation.meta.TypeQualifierDefault
[WARNING]   - javax.annotation.meta.TypeQualifier
[WARNING]   - javax.annotation.Syntax
[WARNING]   - javax.annotation.Nonnull
[WARNING]   - javax.annotation.CheckReturnValue
[WARNING]   - javax.annotation.CheckForNull
[WARNING]   - javax.annotation.meta.TypeQualifierNickname
[WARNING]   - javax.annotation.MatchesPattern
[WARNING]   - 25 more...
[WARNING] maven-shade-plugin has detected that some class files are
[WARNING] present in two or more JARs. When this happens, only one
[WARNING] single version of the class is copied to the uber jar.
[WARNING] Usually this is not harmful and you can skip these warnings,
[WARNING] otherwise try to manually exclude artifacts based on
[WARNING] mvn dependency:tree -Ddetail=true and the above output.
[WARNING] See http://maven.apache.org/plugins/maven-shade-plugin/
[INFO] 
[INFO] --- maven-dependency-plugin:2.10:analyze-only (default) @ BaragonService ---
[INFO] No dependency problems found
[INFO] 
[INFO] --- maven-dependency-plugin:2.10:analyze-duplicate (default) @ BaragonService ---
[INFO] No duplicate dependencies found in <dependencies/> or in <dependencyManagement/>
[INFO] 
[INFO] --- maven-dependency-plugin:2.10:analyze-dep-mgt (default) @ BaragonService ---
[INFO] Found Resolved Dependency / DependencyManagement mismatches:
[INFO] 	Ignoring Direct Dependencies.
[INFO] com.google.code.findbugs:jsr305:jar was excluded in DepMgt, but version 3.0.1 has been found in the dependency tree.
[INFO] joda-time:joda-time:jar was excluded in DepMgt, but version 2.9.4 has been found in the dependency tree.
[INFO] io.netty:netty:jar was excluded in DepMgt, but version 3.9.2.Final has been found in the dependency tree.
[WARNING] Potential problems found in Dependency Management 
[INFO] 
[INFO] --- duplicate-finder-maven-plugin:1.2.1:check (default) @ BaragonService ---
[INFO] Checking compile classpath
[INFO] Checking runtime classpath
[INFO] Checking test classpath
[INFO] 
[INFO] >>> findbugs-maven-plugin:3.0.3:check (default) > :findbugs @ BaragonService >>>
[INFO] 
[INFO] --- findbugs-maven-plugin:3.0.3:findbugs (findbugs) @ BaragonService ---
[INFO] Fork Value is true
[INFO] Done FindBugs Analysis....
[INFO] 
[INFO] <<< findbugs-maven-plugin:3.0.3:check (default) < :findbugs @ BaragonService <<<
[INFO] 
[INFO] --- findbugs-maven-plugin:3.0.3:check (default) @ BaragonService ---
[INFO] BugInstance size is 0
[INFO] Error size is 0
[INFO] No errors/warnings found
[INFO] 
[INFO] >>> maven-pmd-plugin:3.6:check (default) > :pmd @ BaragonService >>>
[INFO] 
[INFO] --- maven-pmd-plugin:3.6:pmd (pmd) @ BaragonService ---
[WARNING] Unable to locate Source XRef to link to - DISABLED
[WARNING] Unable to locate Source XRef to link to - DISABLED
[INFO] 
[INFO] <<< maven-pmd-plugin:3.6:check (default) < :pmd @ BaragonService <<<
[INFO] 
[INFO] --- maven-pmd-plugin:3.6:check (default) @ BaragonService ---
[INFO] 
[INFO] 
[INFO] --- license-maven-plugin:2.11:check (default) @ BaragonService ---
[INFO] 
[INFO] --- maven-install-plugin:2.5.2:install (default-install) @ BaragonService ---
[INFO] Installing /home/travis/build/HubSpot/Baragon/BaragonService/target/BaragonService-0.5.0-SNAPSHOT.jar to /home/travis/.m2/repository/com/hubspot/BaragonService/0.5.0-SNAPSHOT/BaragonService-0.5.0-SNAPSHOT.jar
[INFO] Installing /home/travis/build/HubSpot/Baragon/BaragonService/pom.xml to /home/travis/.m2/repository/com/hubspot/BaragonService/0.5.0-SNAPSHOT/BaragonService-0.5.0-SNAPSHOT.pom
[INFO] Installing /home/travis/build/HubSpot/Baragon/BaragonService/target/BaragonService-0.5.0-SNAPSHOT-tests.jar to /home/travis/.m2/repository/com/hubspot/BaragonService/0.5.0-SNAPSHOT/BaragonService-0.5.0-SNAPSHOT-tests.jar
[INFO] Installing /home/travis/build/HubSpot/Baragon/BaragonService/target/BaragonService-0.5.0-SNAPSHOT-sources.jar to /home/travis/.m2/repository/com/hubspot/BaragonService/0.5.0-SNAPSHOT/BaragonService-0.5.0-SNAPSHOT-sources.jar
[INFO] Installing /home/travis/build/HubSpot/Baragon/BaragonService/target/BaragonService-0.5.0-SNAPSHOT-test-sources.jar to /home/travis/.m2/repository/com/hubspot/BaragonService/0.5.0-SNAPSHOT/BaragonService-0.5.0-SNAPSHOT-test-sources.jar
[INFO]                                                                         
[INFO] ------------------------------------------------------------------------
[INFO] Building BaragonAgentService 0.5.0-SNAPSHOT
[INFO] ------------------------------------------------------------------------
[INFO] 
[INFO] --- property-helper-maven-plugin:2.0:get (get-build-id) @ BaragonAgentService ---
[INFO] 
[INFO] --- maven-enforcer-plugin:1.4.1:enforce (default) @ BaragonAgentService ---
[INFO] 
[INFO] --- maven-dependency-versions-check-plugin:2.0.2:check (default) @ BaragonAgentService ---
[INFO] Checking dependency versions
[INFO] artifact com.google.guava:guava: checking for updates from central
[INFO] artifact com.google.guava:guava: checking for updates from sonatype
[INFO] artifact com.google.guava:guava: checking for updates from sonatype-apache
[WARNING] repository metadata for: 'artifact com.google.guava:guava' could not be retrieved from repository: sonatype-apache due to an error: Connect to repository.apache.org:443 [repository.apache.org/207.244.88.143] failed: Connection timed out
[INFO] 
[INFO] --- maven-checkstyle-plugin:2.17:check (default) @ BaragonAgentService ---
[INFO] Starting audit...
Audit done.
[INFO] 
[INFO] --- dependency-management-plugin:0.4:analyze (analyze) @ BaragonAgentService ---
[INFO] No dependency management issues found
[INFO] 
[INFO] --- git-commit-id-plugin:2.2.0:revision (default) @ BaragonAgentService ---
[INFO] 
[INFO] --- jacoco-maven-plugin:0.7.5.201505241946:prepare-agent (default) @ BaragonAgentService ---
[INFO] argLine set to -javaagent:/home/travis/.m2/repository/org/jacoco/org.jacoco.agent/0.7.5.201505241946/org.jacoco.agent-0.7.5.201505241946-runtime.jar=destfile=/home/travis/build/HubSpot/Baragon/BaragonAgentService/target/jacoco.exec
[INFO] 
[INFO] --- maven-resources-plugin:2.7:resources (default-resources) @ BaragonAgentService ---
[INFO] Using 'UTF-8' encoding to copy filtered resources.
[INFO] skip non existing resourceDirectory /home/travis/build/HubSpot/Baragon/BaragonAgentService/src/main/resources
[INFO] 
[INFO] --- maven-compiler-plugin:3.3:compile (default-compile) @ BaragonAgentService ---
[INFO] Changes detected - recompiling the module!
[INFO] Compiling 34 source files to /home/travis/build/HubSpot/Baragon/BaragonAgentService/target/classes
[WARNING] Supported source version 'RELEASE_6' from annotation processor 'org.antlr.v4.runtime.misc.NullUsageProcessor' less than -source '1.8'
[INFO] /home/travis/build/HubSpot/Baragon/BaragonAgentService/src/main/java/com/hubspot/baragon/agent/BaragonAgentServiceModule.java: Some input files use or override a deprecated API.
[INFO] /home/travis/build/HubSpot/Baragon/BaragonAgentService/src/main/java/com/hubspot/baragon/agent/BaragonAgentServiceModule.java: Recompile with -Xlint:deprecation for details.
[INFO] /home/travis/build/HubSpot/Baragon/BaragonAgentService/src/main/java/com/hubspot/baragon/agent/handlebars/FirstOfHelper.java: /home/travis/build/HubSpot/Baragon/BaragonAgentService/src/main/java/com/hubspot/baragon/agent/handlebars/FirstOfHelper.java uses unchecked or unsafe operations.
[INFO] /home/travis/build/HubSpot/Baragon/BaragonAgentService/src/main/java/com/hubspot/baragon/agent/handlebars/FirstOfHelper.java: Recompile with -Xlint:unchecked for details.
[INFO] 
[INFO] --- maven-resources-plugin:2.7:testResources (default-testResources) @ BaragonAgentService ---
[INFO] Using 'UTF-8' encoding to copy filtered resources.
[INFO] skip non existing resourceDirectory /home/travis/build/HubSpot/Baragon/BaragonAgentService/src/test/resources
[INFO] 
[INFO] --- maven-compiler-plugin:3.3:testCompile (default-testCompile) @ BaragonAgentService ---
[INFO] No sources to compile
[INFO] 
[INFO] --- maven-surefire-plugin:2.19:test (default-test) @ BaragonAgentService ---
[INFO] Tests are skipped.
[INFO] 
[INFO] --- maven-jar-plugin:2.6:jar (default-jar) @ BaragonAgentService ---
[INFO] Building jar: /home/travis/build/HubSpot/Baragon/BaragonAgentService/target/BaragonAgentService-0.5.0-SNAPSHOT.jar
[INFO] 
[INFO] --- maven-jar-plugin:2.6:test-jar (attach-tests) @ BaragonAgentService ---
[INFO] Skipping packaging of the test-jar
[INFO] 
[INFO] --- maven-source-plugin:2.4:jar-no-fork (attach-sources) @ BaragonAgentService ---
[INFO] Building jar: /home/travis/build/HubSpot/Baragon/BaragonAgentService/target/BaragonAgentService-0.5.0-SNAPSHOT-sources.jar
[INFO] 
[INFO] --- maven-source-plugin:2.4:test-jar-no-fork (attach-sources) @ BaragonAgentService ---
[INFO] No sources in project. Archive not created.
[INFO] 
[INFO] --- maven-shade-plugin:2.4.2:shade (default) @ BaragonAgentService ---
[INFO] Including com.hubspot.dropwizard:dropwizard-guicier:jar:1.0.0.6 in the shaded jar.
[INFO] Including com.squarespace.jersey2-guice:jersey2-guice-impl:jar:1.0.6 in the shaded jar.
[INFO] Including org.glassfish.jersey.containers:jersey-container-servlet-core:jar:2.23.1 in the shaded jar.
[INFO] Including com.squarespace.jersey2-guice:0-jersey2-guice-spi:jar:1.0.6 in the shaded jar.
[INFO] Including com.google.inject.extensions:guice-servlet:jar:4.0 in the shaded jar.
[INFO] Including com.google.code.findbugs:annotations:jar:3.0.1 in the shaded jar.
[INFO] Including io.dropwizard:dropwizard-servlets:jar:1.0.0 in the shaded jar.
[INFO] Including io.dropwizard:dropwizard-jersey:jar:1.0.0 in the shaded jar.
[INFO] Including org.glassfish.jersey.ext:jersey-metainf-services:jar:2.23.1 in the shaded jar.
[INFO] Including org.glassfish.jersey.ext:jersey-bean-validation:jar:2.23.1 in the shaded jar.
[INFO] Including io.dropwizard.metrics:metrics-jersey2:jar:3.1.2 in the shaded jar.
[INFO] Including com.fasterxml.jackson.jaxrs:jackson-jaxrs-json-provider:jar:2.7.6 in the shaded jar.
[INFO] Including com.fasterxml.jackson.jaxrs:jackson-jaxrs-base:jar:2.7.6 in the shaded jar.
[INFO] Including com.fasterxml.jackson.module:jackson-module-jaxb-annotations:jar:2.7.6 in the shaded jar.
[INFO] Including org.glassfish.jersey.containers:jersey-container-servlet:jar:2.23.1 in the shaded jar.
[INFO] Including org.eclipse.jetty:jetty-webapp:jar:9.3.9.v20160517 in the shaded jar.
[INFO] Including org.eclipse.jetty:jetty-xml:jar:9.3.9.v20160517 in the shaded jar.
[INFO] Including org.glassfish.jersey.core:jersey-server:jar:2.23.1 in the shaded jar.
[INFO] Including org.glassfish.jersey.core:jersey-common:jar:2.23.1 in the shaded jar.
[INFO] Including org.glassfish.jersey.bundles.repackaged:jersey-guava:jar:2.23.1 in the shaded jar.
[INFO] Including org.glassfish.hk2:osgi-resource-locator:jar:1.0.1 in the shaded jar.
[INFO] Including org.glassfish.jersey.core:jersey-client:jar:2.23.1 in the shaded jar.
[INFO] Including org.glassfish.jersey.media:jersey-media-jaxb:jar:2.23.1 in the shaded jar.
[INFO] Including javax.annotation:javax.annotation-api:jar:1.2 in the shaded jar.
[INFO] Including org.glassfish.hk2:hk2-locator:jar:2.4.0-b34 in the shaded jar.
[INFO] Including org.javassist:javassist:jar:3.20.0-GA in the shaded jar.
[INFO] Including org.glassfish.hk2:hk2-api:jar:2.4.0-b34 in the shaded jar.
[INFO] Including org.glassfish.hk2:hk2-utils:jar:2.4.0-b34 in the shaded jar.
[INFO] Including com.hubspot:BaragonCore:jar:0.5.0-SNAPSHOT in the shaded jar.
[INFO] Including com.amazonaws:aws-java-sdk-core:jar:1.11.69 in the shaded jar.
[INFO] Including software.amazon.ion:ion-java:jar:1.0.1 in the shaded jar.
[INFO] Including com.fasterxml.jackson.dataformat:jackson-dataformat-cbor:jar:2.7.6 in the shaded jar.
[INFO] Including com.hubspot:BaragonData:jar:0.5.0-SNAPSHOT in the shaded jar.
[INFO] Including org.apache.zookeeper:zookeeper:jar:3.4.6 in the shaded jar.
[INFO] Including com.fasterxml.jackson.datatype:jackson-datatype-guava:jar:2.7.6 in the shaded jar.
[INFO] Including org.slf4j:log4j-over-slf4j:jar:1.7.21 in the shaded jar.
[INFO] Including com.google.inject.extensions:guice-multibindings:jar:4.0 in the shaded jar.
[INFO] Including com.google.inject:guice:jar:4.0 in the shaded jar.
[INFO] Including javax.inject:javax.inject:jar:1 in the shaded jar.
[INFO] Including aopalliance:aopalliance:jar:1.0 in the shaded jar.
[INFO] Including io.dropwizard:dropwizard-lifecycle:jar:1.0.0 in the shaded jar.
[INFO] Including io.dropwizard:dropwizard-util:jar:1.0.0 in the shaded jar.
[INFO] Including joda-time:joda-time:jar:2.9.4 in the shaded jar.
[INFO] Including org.hibernate:hibernate-validator:jar:5.2.4.Final in the shaded jar.
[INFO] Including org.jboss.logging:jboss-logging:jar:3.2.1.Final in the shaded jar.
[INFO] Including com.fasterxml:classmate:jar:1.1.0 in the shaded jar.
[INFO] Including io.dropwizard:dropwizard-jetty:jar:1.0.0 in the shaded jar.
[INFO] Including io.dropwizard:dropwizard-logging:jar:1.0.0 in the shaded jar.
[INFO] Including io.dropwizard.metrics:metrics-logback:jar:3.1.2 in the shaded jar.
[INFO] Including org.slf4j:jul-to-slf4j:jar:1.7.21 in the shaded jar.
[INFO] Including io.dropwizard.metrics:metrics-jetty9:jar:3.1.2 in the shaded jar.
[INFO] Including org.eclipse.jetty:jetty-servlet:jar:9.3.9.v20160517 in the shaded jar.
[INFO] Including org.eclipse.jetty:jetty-security:jar:9.3.9.v20160517 in the shaded jar.
[INFO] Including org.eclipse.jetty:jetty-http:jar:9.3.9.v20160517 in the shaded jar.
[INFO] Including io.dropwizard.metrics:metrics-core:jar:3.1.2 in the shaded jar.
[INFO] Including io.dropwizard.metrics:metrics-annotation:jar:3.1.2 in the shaded jar.
[INFO] Including io.dropwizard.metrics:metrics-healthchecks:jar:3.1.2 in the shaded jar.
[INFO] Including io.dropwizard.metrics:metrics-graphite:jar:3.1.2 in the shaded jar.
[INFO] Including javax.ws.rs:javax.ws.rs-api:jar:2.0.1 in the shaded jar.
[INFO] Including io.dropwizard:dropwizard-core:jar:1.0.0 in the shaded jar.
[INFO] Including io.dropwizard:dropwizard-jackson:jar:1.0.0 in the shaded jar.
[INFO] Including com.fasterxml.jackson.datatype:jackson-datatype-jsr310:jar:2.7.6 in the shaded jar.
[INFO] Including com.fasterxml.jackson.datatype:jackson-datatype-jdk8:jar:2.7.6 in the shaded jar.
[INFO] Including com.fasterxml.jackson.module:jackson-module-afterburner:jar:2.7.6 in the shaded jar.
[INFO] Including com.fasterxml.jackson.datatype:jackson-datatype-joda:jar:2.7.6 in the shaded jar.
[INFO] Including io.dropwizard:dropwizard-validation:jar:1.0.0 in the shaded jar.
[INFO] Including org.glassfish:javax.el:jar:3.0.0 in the shaded jar.
[INFO] Including io.dropwizard:dropwizard-configuration:jar:1.0.0 in the shaded jar.
[INFO] Including com.fasterxml.jackson.dataformat:jackson-dataformat-yaml:jar:2.7.6 in the shaded jar.
[INFO] Including io.dropwizard:dropwizard-metrics:jar:1.0.0 in the shaded jar.
[INFO] Including io.dropwizard.metrics:metrics-jvm:jar:3.1.2 in the shaded jar.
[INFO] Including io.dropwizard.metrics:metrics-servlets:jar:3.1.2 in the shaded jar.
[INFO] Including io.dropwizard.metrics:metrics-json:jar:3.1.2 in the shaded jar.
[INFO] Including io.dropwizard:dropwizard-request-logging:jar:1.0.0 in the shaded jar.
[INFO] Including ch.qos.logback:logback-access:jar:1.1.7 in the shaded jar.
[INFO] Including net.sourceforge.argparse4j:argparse4j:jar:0.7.0 in the shaded jar.
[INFO] Including org.eclipse.jetty.toolchain.setuid:jetty-setuid-java:jar:1.0.3 in the shaded jar.
[INFO] Including com.fasterxml.jackson.core:jackson-annotations:jar:2.7.6 in the shaded jar.
[INFO] Including com.fasterxml.jackson.core:jackson-databind:jar:2.7.6 in the shaded jar.
[INFO] Including com.fasterxml.jackson.core:jackson-core:jar:2.7.6 in the shaded jar.
[INFO] Including javax.validation:validation-api:jar:1.1.0.Final in the shaded jar.
[INFO] Including org.apache.curator:curator-client:jar:2.8.0 in the shaded jar.
[INFO] Including org.eclipse.jetty:jetty-servlets:jar:9.3.9.v20160517 in the shaded jar.
[INFO] Including org.eclipse.jetty:jetty-continuation:jar:9.3.9.v20160517 in the shaded jar.
[INFO] Including org.eclipse.jetty:jetty-util:jar:9.3.9.v20160517 in the shaded jar.
[INFO] Including org.eclipse.jetty:jetty-io:jar:9.3.9.v20160517 in the shaded jar.
[INFO] Including org.eclipse.jetty:jetty-server:jar:9.3.9.v20160517 in the shaded jar.
[INFO] Including javax.servlet:javax.servlet-api:jar:3.1.0 in the shaded jar.
[INFO] Including com.google.guava:guava:jar:19.0 in the shaded jar.
[INFO] Including org.slf4j:slf4j-api:jar:1.7.21 in the shaded jar.
[INFO] Including com.github.jknack:handlebars:jar:1.3.1 in the shaded jar.
[INFO] Including org.antlr:antlr4-runtime:jar:4.2.2 in the shaded jar.
[INFO] Including org.antlr:antlr4-annotations:jar:4.2.2 in the shaded jar.
[INFO] Including org.mozilla:rhino:jar:1.7R4 in the shaded jar.
[INFO] Including org.apache.commons:commons-exec:jar:1.1 in the shaded jar.
[INFO] Including org.apache.commons:commons-lang3:jar:3.4 in the shaded jar.
[INFO] Including org.apache.curator:curator-framework:jar:2.8.0 in the shaded jar.
[INFO] Including org.apache.curator:curator-recipes:jar:2.8.0 in the shaded jar.
[INFO] Including com.hubspot:HorizonCore:jar:0.0.22 in the shaded jar.
[INFO] Including commons-codec:commons-codec:jar:1.10 in the shaded jar.
[INFO] Including org.slf4j:jcl-over-slf4j:jar:1.7.21 in the shaded jar.
[INFO] Including org.xerial.snappy:snappy-java:jar:1.1.2 in the shaded jar.
[INFO] Including com.hubspot:HorizonApache:jar:0.0.22 in the shaded jar.
[INFO] Including org.apache.httpcomponents:httpclient:jar:4.5.2 in the shaded jar.
[INFO] Including org.apache.httpcomponents:httpcore:jar:4.4.4 in the shaded jar.
[INFO] Including com.github.rholder:guava-retrying:jar:1.0.7 in the shaded jar.
[INFO] Including ch.qos.logback:logback-classic:jar:1.1.7 in the shaded jar.
[INFO] Including ch.qos.logback:logback-core:jar:1.1.7 in the shaded jar.
[INFO] Including com.palominolabs.metrics:metrics-guice:jar:3.1.3 in the shaded jar.
[INFO] Including com.google.code.findbugs:jsr305:jar:3.0.1 in the shaded jar.
[WARNING] jsr305-3.0.1.jar, annotations-3.0.1.jar define 35 overlapping classes: 
[WARNING]   - javax.annotation.RegEx
[WARNING]   - javax.annotation.concurrent.Immutable
[WARNING]   - javax.annotation.meta.TypeQualifierDefault
[WARNING]   - javax.annotation.meta.TypeQualifier
[WARNING]   - javax.annotation.Syntax
[WARNING]   - javax.annotation.Nonnull
[WARNING]   - javax.annotation.CheckReturnValue
[WARNING]   - javax.annotation.CheckForNull
[WARNING]   - javax.annotation.meta.TypeQualifierNickname
[WARNING]   - javax.annotation.MatchesPattern
[WARNING]   - 25 more...
[WARNING] maven-shade-plugin has detected that some class files are
[WARNING] present in two or more JARs. When this happens, only one
[WARNING] single version of the class is copied to the uber jar.
[WARNING] Usually this is not harmful and you can skip these warnings,
[WARNING] otherwise try to manually exclude artifacts based on
[WARNING] mvn dependency:tree -Ddetail=true and the above output.
[WARNING] See http://maven.apache.org/plugins/maven-shade-plugin/
[INFO] 
[INFO] --- maven-dependency-plugin:2.10:analyze-only (default) @ BaragonAgentService ---
[INFO] No dependency problems found
[INFO] 
[INFO] --- maven-dependency-plugin:2.10:analyze-duplicate (default) @ BaragonAgentService ---
[INFO] No duplicate dependencies found in <dependencies/> or in <dependencyManagement/>
[INFO] 
[INFO] --- maven-dependency-plugin:2.10:analyze-dep-mgt (default) @ BaragonAgentService ---
[INFO] Found Resolved Dependency / DependencyManagement mismatches:
[INFO] 	Ignoring Direct Dependencies.
[INFO] com.google.code.findbugs:jsr305:jar was excluded in DepMgt, but version 3.0.1 has been found in the dependency tree.
[INFO] joda-time:joda-time:jar was excluded in DepMgt, but version 2.9.4 has been found in the dependency tree.
[WARNING] Potential problems found in Dependency Management 
[INFO] 
[INFO] --- duplicate-finder-maven-plugin:1.2.1:check (default) @ BaragonAgentService ---
[INFO] Checking compile classpath
[INFO] Checking runtime classpath
[INFO] Checking test classpath
[INFO] 
[INFO] >>> findbugs-maven-plugin:3.0.3:check (default) > :findbugs @ BaragonAgentService >>>
[INFO] 
[INFO] --- findbugs-maven-plugin:3.0.3:findbugs (findbugs) @ BaragonAgentService ---
[INFO] Fork Value is true
[INFO] Done FindBugs Analysis....
[INFO] 
[INFO] <<< findbugs-maven-plugin:3.0.3:check (default) < :findbugs @ BaragonAgentService <<<
[INFO] 
[INFO] --- findbugs-maven-plugin:3.0.3:check (default) @ BaragonAgentService ---
[INFO] BugInstance size is 0
[INFO] Error size is 0
[INFO] No errors/warnings found
[INFO] 
[INFO] >>> maven-pmd-plugin:3.6:check (default) > :pmd @ BaragonAgentService >>>
[INFO] 
[INFO] --- maven-pmd-plugin:3.6:pmd (pmd) @ BaragonAgentService ---
[WARNING] Unable to locate Source XRef to link to - DISABLED
[WARNING] Unable to locate Source XRef to link to - DISABLED
[INFO] 
[INFO] <<< maven-pmd-plugin:3.6:check (default) < :pmd @ BaragonAgentService <<<
[INFO] 
[INFO] --- maven-pmd-plugin:3.6:check (default) @ BaragonAgentService ---
[INFO] 
[INFO] 
[INFO] --- license-maven-plugin:2.11:check (default) @ BaragonAgentService ---
[INFO] 
[INFO] --- maven-install-plugin:2.5.2:install (default-install) @ BaragonAgentService ---
[INFO] Installing /home/travis/build/HubSpot/Baragon/BaragonAgentService/target/BaragonAgentService-0.5.0-SNAPSHOT.jar to /home/travis/.m2/repository/com/hubspot/BaragonAgentService/0.5.0-SNAPSHOT/BaragonAgentService-0.5.0-SNAPSHOT.jar
[INFO] Installing /home/travis/build/HubSpot/Baragon/BaragonAgentService/pom.xml to /home/travis/.m2/repository/com/hubspot/BaragonAgentService/0.5.0-SNAPSHOT/BaragonAgentService-0.5.0-SNAPSHOT.pom
[INFO] Installing /home/travis/build/HubSpot/Baragon/BaragonAgentService/target/BaragonAgentService-0.5.0-SNAPSHOT-sources.jar to /home/travis/.m2/repository/com/hubspot/BaragonAgentService/0.5.0-SNAPSHOT/BaragonAgentService-0.5.0-SNAPSHOT-sources.jar
[INFO]                                                                         
[INFO] ------------------------------------------------------------------------
[INFO] Building BaragonClient 0.5.0-SNAPSHOT
[INFO] ------------------------------------------------------------------------
[INFO] 
[INFO] --- property-helper-maven-plugin:2.0:get (get-build-id) @ BaragonClient ---
[INFO] 
[INFO] --- maven-enforcer-plugin:1.4.1:enforce (default) @ BaragonClient ---
[INFO] 
[INFO] --- maven-dependency-versions-check-plugin:2.0.2:check (default) @ BaragonClient ---
[INFO] Checking dependency versions
[INFO] 
[INFO] --- maven-checkstyle-plugin:2.17:check (default) @ BaragonClient ---
[INFO] Starting audit...
Audit done.
[INFO] 
[INFO] --- dependency-management-plugin:0.4:analyze (analyze) @ BaragonClient ---
[INFO] No dependency management issues found
[INFO] 
[INFO] --- git-commit-id-plugin:2.2.0:revision (default) @ BaragonClient ---
[INFO] 
[INFO] --- jacoco-maven-plugin:0.7.5.201505241946:prepare-agent (default) @ BaragonClient ---
[INFO] argLine set to -javaagent:/home/travis/.m2/repository/org/jacoco/org.jacoco.agent/0.7.5.201505241946/org.jacoco.agent-0.7.5.201505241946-runtime.jar=destfile=/home/travis/build/HubSpot/Baragon/BaragonClient/target/jacoco.exec
[INFO] 
[INFO] --- maven-resources-plugin:2.7:resources (default-resources) @ BaragonClient ---
[INFO] Using 'UTF-8' encoding to copy filtered resources.
[INFO] skip non existing resourceDirectory /home/travis/build/HubSpot/Baragon/BaragonClient/src/main/resources
[INFO] 
[INFO] --- maven-compiler-plugin:3.3:compile (default-compile) @ BaragonClient ---
[INFO] Changes detected - recompiling the module!
[INFO] Compiling 5 source files to /home/travis/build/HubSpot/Baragon/BaragonClient/target/classes
[INFO] 
[INFO] --- maven-resources-plugin:2.7:testResources (default-testResources) @ BaragonClient ---
[INFO] Using 'UTF-8' encoding to copy filtered resources.
[INFO] skip non existing resourceDirectory /home/travis/build/HubSpot/Baragon/BaragonClient/src/test/resources
[INFO] 
[INFO] --- maven-compiler-plugin:3.3:testCompile (default-testCompile) @ BaragonClient ---
[INFO] Changes detected - recompiling the module!
[INFO] Compiling 1 source file to /home/travis/build/HubSpot/Baragon/BaragonClient/target/test-classes
[INFO] 
[INFO] --- maven-surefire-plugin:2.19:test (default-test) @ BaragonClient ---
[INFO] Tests are skipped.
[INFO] 
[INFO] --- maven-jar-plugin:2.6:jar (default-jar) @ BaragonClient ---
[INFO] Building jar: /home/travis/build/HubSpot/Baragon/BaragonClient/target/BaragonClient-0.5.0-SNAPSHOT.jar
[INFO] 
[INFO] --- maven-jar-plugin:2.6:test-jar (attach-tests) @ BaragonClient ---
[INFO] Building jar: /home/travis/build/HubSpot/Baragon/BaragonClient/target/BaragonClient-0.5.0-SNAPSHOT-tests.jar
[INFO] 
[INFO] --- maven-source-plugin:2.4:jar-no-fork (attach-sources) @ BaragonClient ---
[INFO] Building jar: /home/travis/build/HubSpot/Baragon/BaragonClient/target/BaragonClient-0.5.0-SNAPSHOT-sources.jar
[INFO] 
[INFO] --- maven-source-plugin:2.4:test-jar-no-fork (attach-sources) @ BaragonClient ---
[INFO] Building jar: /home/travis/build/HubSpot/Baragon/BaragonClient/target/BaragonClient-0.5.0-SNAPSHOT-test-sources.jar
[INFO] 
[INFO] --- maven-dependency-plugin:2.10:analyze-only (default) @ BaragonClient ---
[INFO] No dependency problems found
[INFO] 
[INFO] --- maven-dependency-plugin:2.10:analyze-duplicate (default) @ BaragonClient ---
[INFO] No duplicate dependencies found in <dependencies/> or in <dependencyManagement/>
[INFO] 
[INFO] --- maven-dependency-plugin:2.10:analyze-dep-mgt (default) @ BaragonClient ---
[INFO] Found Resolved Dependency / DependencyManagement mismatches:
[INFO] 	Ignoring Direct Dependencies.
[INFO]    None
[INFO] 
[INFO] --- duplicate-finder-maven-plugin:1.2.1:check (default) @ BaragonClient ---
[INFO] Checking compile classpath
[INFO] Checking runtime classpath
[INFO] Checking test classpath
[INFO] 
[INFO] >>> findbugs-maven-plugin:3.0.3:check (default) > :findbugs @ BaragonClient >>>
[INFO] 
[INFO] --- findbugs-maven-plugin:3.0.3:findbugs (findbugs) @ BaragonClient ---
[INFO] Fork Value is true
[INFO] Done FindBugs Analysis....
[INFO] 
[INFO] <<< findbugs-maven-plugin:3.0.3:check (default) < :findbugs @ BaragonClient <<<
[INFO] 
[INFO] --- findbugs-maven-plugin:3.0.3:check (default) @ BaragonClient ---
[INFO] BugInstance size is 0
[INFO] Error size is 0
[INFO] No errors/warnings found
[INFO] 
[INFO] >>> maven-pmd-plugin:3.6:check (default) > :pmd @ BaragonClient >>>
[INFO] 
[INFO] --- maven-pmd-plugin:3.6:pmd (pmd) @ BaragonClient ---
[WARNING] Unable to locate Source XRef to link to - DISABLED
[WARNING] Unable to locate Source XRef to link to - DISABLED
[INFO] 
[INFO] <<< maven-pmd-plugin:3.6:check (default) < :pmd @ BaragonClient <<<
[INFO] 
[INFO] --- maven-pmd-plugin:3.6:check (default) @ BaragonClient ---
[INFO] 
[INFO] 
[INFO] --- license-maven-plugin:2.11:check (default) @ BaragonClient ---
[INFO] 
[INFO] --- maven-install-plugin:2.5.2:install (default-install) @ BaragonClient ---
[INFO] Installing /home/travis/build/HubSpot/Baragon/BaragonClient/target/BaragonClient-0.5.0-SNAPSHOT.jar to /home/travis/.m2/repository/com/hubspot/BaragonClient/0.5.0-SNAPSHOT/BaragonClient-0.5.0-SNAPSHOT.jar
[INFO] Installing /home/travis/build/HubSpot/Baragon/BaragonClient/pom.xml to /home/travis/.m2/repository/com/hubspot/BaragonClient/0.5.0-SNAPSHOT/BaragonClient-0.5.0-SNAPSHOT.pom
[INFO] Installing /home/travis/build/HubSpot/Baragon/BaragonClient/target/BaragonClient-0.5.0-SNAPSHOT-tests.jar to /home/travis/.m2/repository/com/hubspot/BaragonClient/0.5.0-SNAPSHOT/BaragonClient-0.5.0-SNAPSHOT-tests.jar
[INFO] Installing /home/travis/build/HubSpot/Baragon/BaragonClient/target/BaragonClient-0.5.0-SNAPSHOT-sources.jar to /home/travis/.m2/repository/com/hubspot/BaragonClient/0.5.0-SNAPSHOT/BaragonClient-0.5.0-SNAPSHOT-sources.jar
[INFO] Installing /home/travis/build/HubSpot/Baragon/BaragonClient/target/BaragonClient-0.5.0-SNAPSHOT-test-sources.jar to /home/travis/.m2/repository/com/hubspot/BaragonClient/0.5.0-SNAPSHOT/BaragonClient-0.5.0-SNAPSHOT-test-sources.jar
[INFO]                                                                         
[INFO] ------------------------------------------------------------------------
[INFO] Building BaragonWatcher 0.5.0-SNAPSHOT
[INFO] ------------------------------------------------------------------------
[INFO] 
[INFO] --- property-helper-maven-plugin:2.0:get (get-build-id) @ BaragonWatcher ---
[INFO] 
[INFO] --- maven-enforcer-plugin:1.4.1:enforce (default) @ BaragonWatcher ---
[INFO] 
[INFO] --- maven-dependency-versions-check-plugin:2.0.2:check (default) @ BaragonWatcher ---
[INFO] Checking dependency versions
[INFO] 
[INFO] --- maven-checkstyle-plugin:2.17:check (default) @ BaragonWatcher ---
[INFO] Starting audit...
Audit done.
[INFO] 
[INFO] --- dependency-management-plugin:0.4:analyze (analyze) @ BaragonWatcher ---
[INFO] No dependency management issues found
[INFO] 
[INFO] --- git-commit-id-plugin:2.2.0:revision (default) @ BaragonWatcher ---
[INFO] 
[INFO] --- jacoco-maven-plugin:0.7.5.201505241946:prepare-agent (default) @ BaragonWatcher ---
[INFO] argLine set to -javaagent:/home/travis/.m2/repository/org/jacoco/org.jacoco.agent/0.7.5.201505241946/org.jacoco.agent-0.7.5.201505241946-runtime.jar=destfile=/home/travis/build/HubSpot/Baragon/BaragonWatcher/target/jacoco.exec
[INFO] 
[INFO] --- maven-resources-plugin:2.7:resources (default-resources) @ BaragonWatcher ---
[INFO] Using 'UTF-8' encoding to copy filtered resources.
[INFO] skip non existing resourceDirectory /home/travis/build/HubSpot/Baragon/BaragonWatcher/src/main/resources
[INFO] 
[INFO] --- maven-compiler-plugin:3.3:compile (default-compile) @ BaragonWatcher ---
[INFO] Changes detected - recompiling the module!
[INFO] Compiling 6 source files to /home/travis/build/HubSpot/Baragon/BaragonWatcher/target/classes
[INFO] 
[INFO] --- maven-resources-plugin:2.7:testResources (default-testResources) @ BaragonWatcher ---
[INFO] Using 'UTF-8' encoding to copy filtered resources.
[INFO] skip non existing resourceDirectory /home/travis/build/HubSpot/Baragon/BaragonWatcher/src/test/resources
[INFO] 
[INFO] --- maven-compiler-plugin:3.3:testCompile (default-testCompile) @ BaragonWatcher ---
[INFO] No sources to compile
[INFO] 
[INFO] --- maven-surefire-plugin:2.19:test (default-test) @ BaragonWatcher ---
[INFO] Tests are skipped.
[INFO] 
[INFO] --- maven-jar-plugin:2.6:jar (default-jar) @ BaragonWatcher ---
[INFO] Building jar: /home/travis/build/HubSpot/Baragon/BaragonWatcher/target/BaragonWatcher-0.5.0-SNAPSHOT.jar
[INFO] 
[INFO] --- maven-jar-plugin:2.6:test-jar (attach-tests) @ BaragonWatcher ---
[INFO] Skipping packaging of the test-jar
[INFO] 
[INFO] --- maven-source-plugin:2.4:jar-no-fork (attach-sources) @ BaragonWatcher ---
[INFO] Building jar: /home/travis/build/HubSpot/Baragon/BaragonWatcher/target/BaragonWatcher-0.5.0-SNAPSHOT-sources.jar
[INFO] 
[INFO] --- maven-source-plugin:2.4:test-jar-no-fork (attach-sources) @ BaragonWatcher ---
[INFO] No sources in project. Archive not created.
[INFO] 
[INFO] --- maven-dependency-plugin:2.10:analyze-only (default) @ BaragonWatcher ---
[INFO] No dependency problems found
[INFO] 
[INFO] --- maven-dependency-plugin:2.10:analyze-duplicate (default) @ BaragonWatcher ---
[INFO] No duplicate dependencies found in <dependencies/> or in <dependencyManagement/>
[INFO] 
[INFO] --- maven-dependency-plugin:2.10:analyze-dep-mgt (default) @ BaragonWatcher ---
[INFO] Found Resolved Dependency / DependencyManagement mismatches:
[INFO] 	Ignoring Direct Dependencies.
[INFO]    None
[INFO] 
[INFO] --- duplicate-finder-maven-plugin:1.2.1:check (default) @ BaragonWatcher ---
[INFO] Checking compile classpath
[INFO] Checking runtime classpath
[INFO] Checking test classpath
[INFO] 
[INFO] >>> findbugs-maven-plugin:3.0.3:check (default) > :findbugs @ BaragonWatcher >>>
[INFO] 
[INFO] --- findbugs-maven-plugin:3.0.3:findbugs (findbugs) @ BaragonWatcher ---
[INFO] Fork Value is true
[INFO] Done FindBugs Analysis....
[INFO] 
[INFO] <<< findbugs-maven-plugin:3.0.3:check (default) < :findbugs @ BaragonWatcher <<<
[INFO] 
[INFO] --- findbugs-maven-plugin:3.0.3:check (default) @ BaragonWatcher ---
[INFO] BugInstance size is 0
[INFO] Error size is 0
[INFO] No errors/warnings found
[INFO] 
[INFO] >>> maven-pmd-plugin:3.6:check (default) > :pmd @ BaragonWatcher >>>
[INFO] 
[INFO] --- maven-pmd-plugin:3.6:pmd (pmd) @ BaragonWatcher ---
[WARNING] Unable to locate Source XRef to link to - DISABLED
[WARNING] Unable to locate Source XRef to link to - DISABLED
[INFO] 
[INFO] <<< maven-pmd-plugin:3.6:check (default) < :pmd @ BaragonWatcher <<<
[INFO] 
[INFO] --- maven-pmd-plugin:3.6:check (default) @ BaragonWatcher ---
[INFO] 
[INFO] 
[INFO] --- license-maven-plugin:2.11:check (default) @ BaragonWatcher ---
[INFO] 
[INFO] --- maven-install-plugin:2.5.2:install (default-install) @ BaragonWatcher ---
[INFO] Installing /home/travis/build/HubSpot/Baragon/BaragonWatcher/target/BaragonWatcher-0.5.0-SNAPSHOT.jar to /home/travis/.m2/repository/com/hubspot/BaragonWatcher/0.5.0-SNAPSHOT/BaragonWatcher-0.5.0-SNAPSHOT.jar
[INFO] Installing /home/travis/build/HubSpot/Baragon/BaragonWatcher/pom.xml to /home/travis/.m2/repository/com/hubspot/BaragonWatcher/0.5.0-SNAPSHOT/BaragonWatcher-0.5.0-SNAPSHOT.pom
[INFO] Installing /home/travis/build/HubSpot/Baragon/BaragonWatcher/target/BaragonWatcher-0.5.0-SNAPSHOT-sources.jar to /home/travis/.m2/repository/com/hubspot/BaragonWatcher/0.5.0-SNAPSHOT/BaragonWatcher-0.5.0-SNAPSHOT-sources.jar
[INFO]                                                                         
[INFO] ------------------------------------------------------------------------
[INFO] Building BaragonServiceIntegrationTests 0.5.0-SNAPSHOT
[INFO] ------------------------------------------------------------------------
[INFO] 
[INFO] --- property-helper-maven-plugin:2.0:get (get-build-id) @ BaragonServiceIntegrationTests ---
[INFO] 
[INFO] --- maven-enforcer-plugin:1.4.1:enforce (default) @ BaragonServiceIntegrationTests ---
[INFO] 
[INFO] --- maven-dependency-versions-check-plugin:2.0.2:check (default) @ BaragonServiceIntegrationTests ---
[INFO] Checking dependency versions
[INFO] 
[INFO] --- maven-checkstyle-plugin:2.17:check (default) @ BaragonServiceIntegrationTests ---
[INFO] Starting audit...
Audit done.
[INFO] 
[INFO] --- dependency-management-plugin:0.4:analyze (analyze) @ BaragonServiceIntegrationTests ---
[INFO] No dependency management issues found
[INFO] 
[INFO] --- git-commit-id-plugin:2.2.0:revision (default) @ BaragonServiceIntegrationTests ---
[INFO] 
[INFO] --- jacoco-maven-plugin:0.7.5.201505241946:prepare-agent (default) @ BaragonServiceIntegrationTests ---
[INFO] argLine set to -javaagent:/home/travis/.m2/repository/org/jacoco/org.jacoco.agent/0.7.5.201505241946/org.jacoco.agent-0.7.5.201505241946-runtime.jar=destfile=/home/travis/build/HubSpot/Baragon/BaragonServiceIntegrationTests/target/jacoco.exec
[INFO] 
[INFO] --- maven-resources-plugin:2.7:resources (default-resources) @ BaragonServiceIntegrationTests ---
[INFO] Using 'UTF-8' encoding to copy filtered resources.
[INFO] skip non existing resourceDirectory /home/travis/build/HubSpot/Baragon/BaragonServiceIntegrationTests/src/main/resources
[INFO] 
[INFO] --- maven-compiler-plugin:3.3:compile (default-compile) @ BaragonServiceIntegrationTests ---
[INFO] Changes detected - recompiling the module!
[INFO] Compiling 1 source file to /home/travis/build/HubSpot/Baragon/BaragonServiceIntegrationTests/target/classes
[INFO] 
[INFO] --- maven-resources-plugin:2.7:testResources (default-testResources) @ BaragonServiceIntegrationTests ---
[INFO] Using 'UTF-8' encoding to copy filtered resources.
[INFO] skip non existing resourceDirectory /home/travis/build/HubSpot/Baragon/BaragonServiceIntegrationTests/src/test/resources
[INFO] 
[INFO] --- maven-compiler-plugin:3.3:testCompile (default-testCompile) @ BaragonServiceIntegrationTests ---
[INFO] Changes detected - recompiling the module!
[INFO] Compiling 2 source files to /home/travis/build/HubSpot/Baragon/BaragonServiceIntegrationTests/target/test-classes
[INFO] 
[INFO] --- maven-surefire-plugin:2.19:test (default-test) @ BaragonServiceIntegrationTests ---
[INFO] Tests are skipped.
[INFO] 
[INFO] --- maven-jar-plugin:2.6:jar (default-jar) @ BaragonServiceIntegrationTests ---
[INFO] Building jar: /home/travis/build/HubSpot/Baragon/BaragonServiceIntegrationTests/target/BaragonServiceIntegrationTests-0.5.0-SNAPSHOT.jar
[INFO] 
[INFO] --- maven-jar-plugin:2.6:test-jar (attach-tests) @ BaragonServiceIntegrationTests ---
[INFO] Building jar: /home/travis/build/HubSpot/Baragon/BaragonServiceIntegrationTests/target/BaragonServiceIntegrationTests-0.5.0-SNAPSHOT-tests.jar
[INFO] 
[INFO] --- maven-source-plugin:2.4:jar-no-fork (attach-sources) @ BaragonServiceIntegrationTests ---
[INFO] Building jar: /home/travis/build/HubSpot/Baragon/BaragonServiceIntegrationTests/target/BaragonServiceIntegrationTests-0.5.0-SNAPSHOT-sources.jar
[INFO] 
[INFO] --- maven-source-plugin:2.4:test-jar-no-fork (attach-sources) @ BaragonServiceIntegrationTests ---
[INFO] Building jar: /home/travis/build/HubSpot/Baragon/BaragonServiceIntegrationTests/target/BaragonServiceIntegrationTests-0.5.0-SNAPSHOT-test-sources.jar
[INFO] 
[INFO] --- maven-dependency-plugin:2.10:analyze-only (default) @ BaragonServiceIntegrationTests ---
[INFO] No dependency problems found
[INFO] 
[INFO] --- maven-dependency-plugin:2.10:analyze-duplicate (default) @ BaragonServiceIntegrationTests ---
[INFO] No duplicate dependencies found in <dependencies/> or in <dependencyManagement/>
[INFO] 
[INFO] --- maven-dependency-plugin:2.10:analyze-dep-mgt (default) @ BaragonServiceIntegrationTests ---
[INFO] Found Resolved Dependency / DependencyManagement mismatches:
[INFO] 	Ignoring Direct Dependencies.
[INFO] com.fasterxml.jackson.core:jackson-databind:jar was excluded in DepMgt, but version 2.7.6 has been found in the dependency tree.
[INFO] com.fasterxml.jackson.core:jackson-core:jar was excluded in DepMgt, but version 2.7.6 has been found in the dependency tree.
[WARNING] Potential problems found in Dependency Management 
[INFO] 
[INFO] --- duplicate-finder-maven-plugin:1.2.1:check (default) @ BaragonServiceIntegrationTests ---
[INFO] Checking compile classpath
[INFO] Checking runtime classpath
[INFO] Checking test classpath
[INFO] 
[INFO] >>> findbugs-maven-plugin:3.0.3:check (default) > :findbugs @ BaragonServiceIntegrationTests >>>
[INFO] 
[INFO] --- findbugs-maven-plugin:3.0.3:findbugs (findbugs) @ BaragonServiceIntegrationTests ---
[INFO] Fork Value is true
[INFO] Done FindBugs Analysis....
[INFO] 
[INFO] <<< findbugs-maven-plugin:3.0.3:check (default) < :findbugs @ BaragonServiceIntegrationTests <<<
[INFO] 
[INFO] --- findbugs-maven-plugin:3.0.3:check (default) @ BaragonServiceIntegrationTests ---
[INFO] BugInstance size is 0
[INFO] Error size is 0
[INFO] No errors/warnings found
[INFO] 
[INFO] >>> maven-pmd-plugin:3.6:check (default) > :pmd @ BaragonServiceIntegrationTests >>>
[INFO] 
[INFO] --- maven-pmd-plugin:3.6:pmd (pmd) @ BaragonServiceIntegrationTests ---
[WARNING] Unable to locate Source XRef to link to - DISABLED
[WARNING] Unable to locate Source XRef to link to - DISABLED
[INFO] 
[INFO] <<< maven-pmd-plugin:3.6:check (default) < :pmd @ BaragonServiceIntegrationTests <<<
[INFO] 
[INFO] --- maven-pmd-plugin:3.6:check (default) @ BaragonServiceIntegrationTests ---
[INFO] 
[INFO] 
[INFO] --- license-maven-plugin:2.11:check (default) @ BaragonServiceIntegrationTests ---
[INFO] 
[INFO] --- maven-install-plugin:2.5.2:install (default-install) @ BaragonServiceIntegrationTests ---
[INFO] Installing /home/travis/build/HubSpot/Baragon/BaragonServiceIntegrationTests/target/BaragonServiceIntegrationTests-0.5.0-SNAPSHOT.jar to /home/travis/.m2/repository/com/hubspot/BaragonServiceIntegrationTests/0.5.0-SNAPSHOT/BaragonServiceIntegrationTests-0.5.0-SNAPSHOT.jar
[INFO] Installing /home/travis/build/HubSpot/Baragon/BaragonServiceIntegrationTests/pom.xml to /home/travis/.m2/repository/com/hubspot/BaragonServiceIntegrationTests/0.5.0-SNAPSHOT/BaragonServiceIntegrationTests-0.5.0-SNAPSHOT.pom
[INFO] Installing /home/travis/build/HubSpot/Baragon/BaragonServiceIntegrationTests/target/BaragonServiceIntegrationTests-0.5.0-SNAPSHOT-tests.jar to /home/travis/.m2/repository/com/hubspot/BaragonServiceIntegrationTests/0.5.0-SNAPSHOT/BaragonServiceIntegrationTests-0.5.0-SNAPSHOT-tests.jar
[INFO] Installing /home/travis/build/HubSpot/Baragon/BaragonServiceIntegrationTests/target/BaragonServiceIntegrationTests-0.5.0-SNAPSHOT-sources.jar to /home/travis/.m2/repository/com/hubspot/BaragonServiceIntegrationTests/0.5.0-SNAPSHOT/BaragonServiceIntegrationTests-0.5.0-SNAPSHOT-sources.jar
[INFO] Installing /home/travis/build/HubSpot/Baragon/BaragonServiceIntegrationTests/target/BaragonServiceIntegrationTests-0.5.0-SNAPSHOT-test-sources.jar to /home/travis/.m2/repository/com/hubspot/BaragonServiceIntegrationTests/0.5.0-SNAPSHOT/BaragonServiceIntegrationTests-0.5.0-SNAPSHOT-test-sources.jar
[INFO] ------------------------------------------------------------------------
[INFO] Reactor Summary:
[INFO] 
[INFO] Baragon ............................................ SUCCESS [  9.184 s]
[INFO] BaragonCore ........................................ SUCCESS [ 16.455 s]
[INFO] BaragonData ........................................ SUCCESS [ 20.709 s]
[INFO] BaragonService ..................................... SUCCESS [ 43.774 s]
[INFO] BaragonAgentService ................................ SUCCESS [02:30 min]
[INFO] BaragonClient ...................................... SUCCESS [  7.907 s]
[INFO] BaragonWatcher ..................................... SUCCESS [  6.384 s]
[INFO] BaragonServiceIntegrationTests ..................... SUCCESS [  6.312 s]
[INFO] ------------------------------------------------------------------------
[INFO] BUILD SUCCESS
[INFO] ------------------------------------------------------------------------
[INFO] Total time: 04:22 min
[INFO] Finished at: 2017-02-22T14:46:39+00:00
[INFO] Final Memory: 103M/471M
[INFO] ------------------------------------------------------------------------

travis_time:end:11db2b88:start=1487774533005960229,finish=1487774802277449263,duration=269271489034[0Ktravis_fold:end:install[0Ktravis_time:start:25a8ac7b[0K$ mvn test -B
Java HotSpot(TM) 64-Bit Server VM warning: ignoring option MaxPermSize=192m; support was removed in 8.0
[INFO] Scanning for projects...
[INFO] ------------------------------------------------------------------------
[INFO] Reactor Build Order:
[INFO] 
[INFO] Baragon
[INFO] BaragonCore
[INFO] BaragonData
[INFO] BaragonService
[INFO] BaragonAgentService
[INFO] BaragonClient
[INFO] BaragonWatcher
[INFO] BaragonServiceIntegrationTests
[INFO]                                                                         
[INFO] ------------------------------------------------------------------------
[INFO] Building Baragon 0.5.0-SNAPSHOT
[INFO] ------------------------------------------------------------------------
[INFO] 
[INFO] --- property-helper-maven-plugin:2.0:get (get-build-id) @ Baragon ---
[INFO] 
[INFO] --- maven-enforcer-plugin:1.4.1:enforce (default) @ Baragon ---
[INFO] 
[INFO] --- maven-dependency-versions-check-plugin:2.0.2:check (default) @ Baragon ---
[INFO] Checking dependency versions
[INFO] 
[INFO] --- maven-checkstyle-plugin:2.17:check (default) @ Baragon ---
[INFO] Starting audit...
Audit done.
[INFO] 
[INFO] --- dependency-management-plugin:0.4:analyze (analyze) @ Baragon ---
[INFO] No dependency management issues found
[INFO] 
[INFO] --- git-commit-id-plugin:2.2.0:revision (default) @ Baragon ---
[INFO] 
[INFO] --- jacoco-maven-plugin:0.7.5.201505241946:prepare-agent (default) @ Baragon ---
[INFO] argLine set to -javaagent:/home/travis/.m2/repository/org/jacoco/org.jacoco.agent/0.7.5.201505241946/org.jacoco.agent-0.7.5.201505241946-runtime.jar=destfile=/home/travis/build/HubSpot/Baragon/target/jacoco.exec
[INFO]                                                                         
[INFO] ------------------------------------------------------------------------
[INFO] Building BaragonCore 0.5.0-SNAPSHOT
[INFO] ------------------------------------------------------------------------
[INFO] 
[INFO] --- property-helper-maven-plugin:2.0:get (get-build-id) @ BaragonCore ---
[INFO] 
[INFO] --- maven-enforcer-plugin:1.4.1:enforce (default) @ BaragonCore ---
[INFO] 
[INFO] --- maven-dependency-versions-check-plugin:2.0.2:check (default) @ BaragonCore ---
[INFO] Checking dependency versions
[INFO] 
[INFO] --- maven-checkstyle-plugin:2.17:check (default) @ BaragonCore ---
[INFO] Starting audit...
Audit done.
[INFO] 
[INFO] --- dependency-management-plugin:0.4:analyze (analyze) @ BaragonCore ---
[INFO] No dependency management issues found
[INFO] 
[INFO] --- git-commit-id-plugin:2.2.0:revision (default) @ BaragonCore ---
[INFO] 
[INFO] --- jacoco-maven-plugin:0.7.5.201505241946:prepare-agent (default) @ BaragonCore ---
[INFO] argLine set to -javaagent:/home/travis/.m2/repository/org/jacoco/org.jacoco.agent/0.7.5.201505241946/org.jacoco.agent-0.7.5.201505241946-runtime.jar=destfile=/home/travis/build/HubSpot/Baragon/BaragonCore/target/jacoco.exec
[INFO] 
[INFO] --- maven-resources-plugin:2.7:resources (default-resources) @ BaragonCore ---
[INFO] Using 'UTF-8' encoding to copy filtered resources.
[INFO] skip non existing resourceDirectory /home/travis/build/HubSpot/Baragon/BaragonCore/src/main/resources
[INFO] 
[INFO] --- maven-compiler-plugin:3.3:compile (default-compile) @ BaragonCore ---
[INFO] Nothing to compile - all classes are up to date
[INFO] 
[INFO] --- maven-resources-plugin:2.7:testResources (default-testResources) @ BaragonCore ---
[INFO] Using 'UTF-8' encoding to copy filtered resources.
[INFO] skip non existing resourceDirectory /home/travis/build/HubSpot/Baragon/BaragonCore/src/test/resources
[INFO] 
[INFO] --- maven-compiler-plugin:3.3:testCompile (default-testCompile) @ BaragonCore ---
[INFO] No sources to compile
[INFO] 
[INFO] --- maven-surefire-plugin:2.19:test (default-test) @ BaragonCore ---
[INFO] No tests to run.
[INFO]                                                                         
[INFO] ------------------------------------------------------------------------
[INFO] Building BaragonData 0.5.0-SNAPSHOT
[INFO] ------------------------------------------------------------------------
[INFO] 
[INFO] --- property-helper-maven-plugin:2.0:get (get-build-id) @ BaragonData ---
[INFO] 
[INFO] --- maven-enforcer-plugin:1.4.1:enforce (default) @ BaragonData ---
[INFO] 
[INFO] --- maven-dependency-versions-check-plugin:2.0.2:check (default) @ BaragonData ---
[INFO] Checking dependency versions
[INFO] 
[INFO] --- maven-checkstyle-plugin:2.17:check (default) @ BaragonData ---
[INFO] Starting audit...
Audit done.
[INFO] 
[INFO] --- dependency-management-plugin:0.4:analyze (analyze) @ BaragonData ---
[INFO] No dependency management issues found
[INFO] 
[INFO] --- git-commit-id-plugin:2.2.0:revision (default) @ BaragonData ---
[INFO] 
[INFO] --- jacoco-maven-plugin:0.7.5.201505241946:prepare-agent (default) @ BaragonData ---
[INFO] argLine set to -javaagent:/home/travis/.m2/repository/org/jacoco/org.jacoco.agent/0.7.5.201505241946/org.jacoco.agent-0.7.5.201505241946-runtime.jar=destfile=/home/travis/build/HubSpot/Baragon/BaragonData/target/jacoco.exec
[INFO] 
[INFO] --- maven-resources-plugin:2.7:resources (default-resources) @ BaragonData ---
[INFO] Using 'UTF-8' encoding to copy filtered resources.
[INFO] skip non existing resourceDirectory /home/travis/build/HubSpot/Baragon/BaragonData/src/main/resources
[INFO] 
[INFO] --- maven-compiler-plugin:3.3:compile (default-compile) @ BaragonData ---
[INFO] Nothing to compile - all classes are up to date
[INFO] 
[INFO] --- maven-resources-plugin:2.7:testResources (default-testResources) @ BaragonData ---
[INFO] Using 'UTF-8' encoding to copy filtered resources.
[INFO] skip non existing resourceDirectory /home/travis/build/HubSpot/Baragon/BaragonData/src/test/resources
[INFO] 
[INFO] --- maven-compiler-plugin:3.3:testCompile (default-testCompile) @ BaragonData ---
[INFO] Nothing to compile - all classes are up to date
[INFO] 
[INFO] --- maven-surefire-plugin:2.19:test (default-test) @ BaragonData ---

-------------------------------------------------------
 T E S T S
-------------------------------------------------------
Running com.hubspot.baragon.auth.BaragonAuthFilterTest
Tests run: 2, Failures: 0, Errors: 0, Skipped: 0, Time elapsed: 0.252 sec - in com.hubspot.baragon.auth.BaragonAuthFilterTest

Results :

Tests run: 2, Failures: 0, Errors: 0, Skipped: 0

[INFO]                                                                         
[INFO] ------------------------------------------------------------------------
[INFO] Building BaragonService 0.5.0-SNAPSHOT
[INFO] ------------------------------------------------------------------------
[INFO] 
[INFO] --- property-helper-maven-plugin:2.0:get (get-build-id) @ BaragonService ---
[INFO] 
[INFO] --- maven-enforcer-plugin:1.4.1:enforce (default) @ BaragonService ---
[INFO] 
[INFO] --- maven-dependency-versions-check-plugin:2.0.2:check (default) @ BaragonService ---
[INFO] Checking dependency versions
[INFO] 
[INFO] --- maven-checkstyle-plugin:2.17:check (default) @ BaragonService ---
[INFO] Starting audit...
Audit done.
[INFO] 
[INFO] --- dependency-management-plugin:0.4:analyze (analyze) @ BaragonService ---
[INFO] No dependency management issues found
[INFO] 
[INFO] --- git-commit-id-plugin:2.2.0:revision (default) @ BaragonService ---
[INFO] 
[INFO] --- jacoco-maven-plugin:0.7.5.201505241946:prepare-agent (default) @ BaragonService ---
[INFO] argLine set to -javaagent:/home/travis/.m2/repository/org/jacoco/org.jacoco.agent/0.7.5.201505241946/org.jacoco.agent-0.7.5.201505241946-runtime.jar=destfile=/home/travis/build/HubSpot/Baragon/BaragonService/target/jacoco.exec
[INFO] 
[INFO] --- frontend-maven-plugin:0.0.23:install-node-and-npm (install node and npm) @ BaragonService ---
[INFO] Node v4.1.2 is already installed.
[INFO] Found NPM version 2.14.16
[INFO] 
[INFO] --- frontend-maven-plugin:0.0.23:npm (npm install) @ BaragonService ---
[INFO] Running 'npm install --color=false' in /home/travis/build/HubSpot/Baragon/BaragonUI
[ERROR] npm WARN package.json BaragonUI@0.1.0 No README data
[ERROR] npm WARN package.json BaragonUI@0.1.0 No license field.
[INFO] 
[INFO] > BaragonUI@0.1.0 postinstall /home/travis/build/HubSpot/Baragon/BaragonUI
[INFO] > bower install --allow-root && brunch build --production
[INFO] 
[ERROR] bower                     invalid-meta The "name" is recommended to be lowercase, can contain digits, dots, dashes
[INFO] 22 Feb 14:47:11 - [32minfo[0m: compiling
[INFO] 22 Feb 14:47:17 - [32minfo[0m: compiling.
[INFO] 22 Feb 14:47:18 - [32minfo[0m: compiled 107 files into 2 files, copied 6 in 10.9 sec
[INFO] 
[INFO] --- build-helper-maven-plugin:1.10:add-resource (add-generated-resources) @ BaragonService ---
[INFO] 
[INFO] --- maven-resources-plugin:2.7:resources (default-resources) @ BaragonService ---
[INFO] Using 'UTF-8' encoding to copy filtered resources.
[INFO] Copying 1 resource
[INFO] Copying 9 resources
[INFO] 
[INFO] --- maven-compiler-plugin:3.3:compile (default-compile) @ BaragonService ---
[INFO] Nothing to compile - all classes are up to date
[INFO] 
[INFO] --- maven-resources-plugin:2.7:testResources (default-testResources) @ BaragonService ---
[INFO] Using 'UTF-8' encoding to copy filtered resources.
[INFO] Copying 3 resources
[INFO] 
[INFO] --- maven-compiler-plugin:3.3:testCompile (default-testCompile) @ BaragonService ---
[INFO] Nothing to compile - all classes are up to date
[INFO] 
[INFO] --- maven-surefire-plugin:2.19:test (default-test) @ BaragonService ---

-------------------------------------------------------
 T E S T S
-------------------------------------------------------
Running com.hubspot.baragon.service.KnownAgentTest
Tests run: 3, Failures: 0, Errors: 0, Skipped: 0, Time elapsed: 2.168 sec - in com.hubspot.baragon.service.KnownAgentTest
Running com.hubspot.baragon.service.RequestTest
Tests run: 4, Failures: 0, Errors: 0, Skipped: 0, Time elapsed: 3.89 sec - in com.hubspot.baragon.service.RequestTest
Running com.hubspot.baragon.service.config.MergingConfigProviderTest
Tests run: 5, Failures: 0, Errors: 0, Skipped: 0, Time elapsed: 10.609 sec - in com.hubspot.baragon.service.config.MergingConfigProviderTest

Results :

Tests run: 12, Failures: 0, Errors: 0, Skipped: 0

[INFO]                                                                         
[INFO] ------------------------------------------------------------------------
[INFO] Building BaragonAgentService 0.5.0-SNAPSHOT
[INFO] ------------------------------------------------------------------------
[INFO] 
[INFO] --- property-helper-maven-plugin:2.0:get (get-build-id) @ BaragonAgentService ---
[INFO] 
[INFO] --- maven-enforcer-plugin:1.4.1:enforce (default) @ BaragonAgentService ---
[INFO] 
[INFO] --- maven-dependency-versions-check-plugin:2.0.2:check (default) @ BaragonAgentService ---
[INFO] Checking dependency versions
[INFO] artifact com.google.guava:guava: checking for updates from sonatype
[INFO] artifact com.google.guava:guava: checking for updates from sonatype-apache
[WARNING] repository metadata for: 'artifact com.google.guava:guava' could not be retrieved from repository: sonatype-apache due to an error: Connect to repository.apache.org:443 [repository.apache.org/207.244.88.143] failed: Connection timed out
[INFO] 
[INFO] --- maven-checkstyle-plugin:2.17:check (default) @ BaragonAgentService ---
[INFO] Starting audit...
Audit done.
[INFO] 
[INFO] --- dependency-management-plugin:0.4:analyze (analyze) @ BaragonAgentService ---
[INFO] No dependency management issues found
[INFO] 
[INFO] --- git-commit-id-plugin:2.2.0:revision (default) @ BaragonAgentService ---
[INFO] 
[INFO] --- jacoco-maven-plugin:0.7.5.201505241946:prepare-agent (default) @ BaragonAgentService ---
[INFO] argLine set to -javaagent:/home/travis/.m2/repository/org/jacoco/org.jacoco.agent/0.7.5.201505241946/org.jacoco.agent-0.7.5.201505241946-runtime.jar=destfile=/home/travis/build/HubSpot/Baragon/BaragonAgentService/target/jacoco.exec
[INFO] 
[INFO] --- maven-resources-plugin:2.7:resources (default-resources) @ BaragonAgentService ---
[INFO] Using 'UTF-8' encoding to copy filtered resources.
[INFO] skip non existing resourceDirectory /home/travis/build/HubSpot/Baragon/BaragonAgentService/src/main/resources
[INFO] 
[INFO] --- maven-compiler-plugin:3.3:compile (default-compile) @ BaragonAgentService ---
[INFO] Nothing to compile - all classes are up to date
[INFO] 
[INFO] --- maven-resources-plugin:2.7:testResources (default-testResources) @ BaragonAgentService ---
[INFO] Using 'UTF-8' encoding to copy filtered resources.
[INFO] skip non existing resourceDirectory /home/travis/build/HubSpot/Baragon/BaragonAgentService/src/test/resources
[INFO] 
[INFO] --- maven-compiler-plugin:3.3:testCompile (default-testCompile) @ BaragonAgentService ---
[INFO] No sources to compile
[INFO] 
[INFO] --- maven-surefire-plugin:2.19:test (default-test) @ BaragonAgentService ---
[INFO] No tests to run.
[INFO]                                                                         
[INFO] ------------------------------------------------------------------------
[INFO] Building BaragonClient 0.5.0-SNAPSHOT
[INFO] ------------------------------------------------------------------------
[INFO] 
[INFO] --- property-helper-maven-plugin:2.0:get (get-build-id) @ BaragonClient ---
[INFO] 
[INFO] --- maven-enforcer-plugin:1.4.1:enforce (default) @ BaragonClient ---
[INFO] 
[INFO] --- maven-dependency-versions-check-plugin:2.0.2:check (default) @ BaragonClient ---
[INFO] Checking dependency versions
[INFO] 
[INFO] --- maven-checkstyle-plugin:2.17:check (default) @ BaragonClient ---
[INFO] Starting audit...
Audit done.
[INFO] 
[INFO] --- dependency-management-plugin:0.4:analyze (analyze) @ BaragonClient ---
[INFO] No dependency management issues found
[INFO] 
[INFO] --- git-commit-id-plugin:2.2.0:revision (default) @ BaragonClient ---
[INFO] 
[INFO] --- jacoco-maven-plugin:0.7.5.201505241946:prepare-agent (default) @ BaragonClient ---
[INFO] argLine set to -javaagent:/home/travis/.m2/repository/org/jacoco/org.jacoco.agent/0.7.5.201505241946/org.jacoco.agent-0.7.5.201505241946-runtime.jar=destfile=/home/travis/build/HubSpot/Baragon/BaragonClient/target/jacoco.exec
[INFO] 
[INFO] --- maven-resources-plugin:2.7:resources (default-resources) @ BaragonClient ---
[INFO] Using 'UTF-8' encoding to copy filtered resources.
[INFO] skip non existing resourceDirectory /home/travis/build/HubSpot/Baragon/BaragonClient/src/main/resources
[INFO] 
[INFO] --- maven-compiler-plugin:3.3:compile (default-compile) @ BaragonClient ---
[INFO] Nothing to compile - all classes are up to date
[INFO] 
[INFO] --- maven-resources-plugin:2.7:testResources (default-testResources) @ BaragonClient ---
[INFO] Using 'UTF-8' encoding to copy filtered resources.
[INFO] skip non existing resourceDirectory /home/travis/build/HubSpot/Baragon/BaragonClient/src/test/resources
[INFO] 
[INFO] --- maven-compiler-plugin:3.3:testCompile (default-testCompile) @ BaragonClient ---
[INFO] Nothing to compile - all classes are up to date
[INFO] 
[INFO] --- maven-surefire-plugin:2.19:test (default-test) @ BaragonClient ---

-------------------------------------------------------
 T E S T S
-------------------------------------------------------
Running com.hubspot.baragon.client.BaragonServiceClientModuleTest
SLF4J: Failed to load class "org.slf4j.impl.StaticLoggerBinder".
SLF4J: Defaulting to no-operation (NOP) logger implementation
SLF4J: See http://www.slf4j.org/codes.html#StaticLoggerBinder for further details.
Tests run: 1, Failures: 0, Errors: 0, Skipped: 0, Time elapsed: 1.472 sec - in com.hubspot.baragon.client.BaragonServiceClientModuleTest

Results :

Tests run: 1, Failures: 0, Errors: 0, Skipped: 0

[INFO]                                                                         
[INFO] ------------------------------------------------------------------------
[INFO] Building BaragonWatcher 0.5.0-SNAPSHOT
[INFO] ------------------------------------------------------------------------
[INFO] 
[INFO] --- property-helper-maven-plugin:2.0:get (get-build-id) @ BaragonWatcher ---
[INFO] 
[INFO] --- maven-enforcer-plugin:1.4.1:enforce (default) @ BaragonWatcher ---
[INFO] 
[INFO] --- maven-dependency-versions-check-plugin:2.0.2:check (default) @ BaragonWatcher ---
[INFO] Checking dependency versions
[INFO] 
[INFO] --- maven-checkstyle-plugin:2.17:check (default) @ BaragonWatcher ---
[INFO] Starting audit...
Audit done.
[INFO] 
[INFO] --- dependency-management-plugin:0.4:analyze (analyze) @ BaragonWatcher ---
[INFO] No dependency management issues found
[INFO] 
[INFO] --- git-commit-id-plugin:2.2.0:revision (default) @ BaragonWatcher ---
[INFO] 
[INFO] --- jacoco-maven-plugin:0.7.5.201505241946:prepare-agent (default) @ BaragonWatcher ---
[INFO] argLine set to -javaagent:/home/travis/.m2/repository/org/jacoco/org.jacoco.agent/0.7.5.201505241946/org.jacoco.agent-0.7.5.201505241946-runtime.jar=destfile=/home/travis/build/HubSpot/Baragon/BaragonWatcher/target/jacoco.exec
[INFO] 
[INFO] --- maven-resources-plugin:2.7:resources (default-resources) @ BaragonWatcher ---
[INFO] Using 'UTF-8' encoding to copy filtered resources.
[INFO] skip non existing resourceDirectory /home/travis/build/HubSpot/Baragon/BaragonWatcher/src/main/resources
[INFO] 
[INFO] --- maven-compiler-plugin:3.3:compile (default-compile) @ BaragonWatcher ---
[INFO] Nothing to compile - all classes are up to date
[INFO] 
[INFO] --- maven-resources-plugin:2.7:testResources (default-testResources) @ BaragonWatcher ---
[INFO] Using 'UTF-8' encoding to copy filtered resources.
[INFO] skip non existing resourceDirectory /home/travis/build/HubSpot/Baragon/BaragonWatcher/src/test/resources
[INFO] 
[INFO] --- maven-compiler-plugin:3.3:testCompile (default-testCompile) @ BaragonWatcher ---
[INFO] No sources to compile
[INFO] 
[INFO] --- maven-surefire-plugin:2.19:test (default-test) @ BaragonWatcher ---
[INFO] No tests to run.
[INFO]                                                                         
[INFO] ------------------------------------------------------------------------
[INFO] Building BaragonServiceIntegrationTests 0.5.0-SNAPSHOT
[INFO] ------------------------------------------------------------------------
[INFO] 
[INFO] --- property-helper-maven-plugin:2.0:get (get-build-id) @ BaragonServiceIntegrationTests ---
[INFO] 
[INFO] --- maven-enforcer-plugin:1.4.1:enforce (default) @ BaragonServiceIntegrationTests ---
[INFO] 
[INFO] --- maven-dependency-versions-check-plugin:2.0.2:check (default) @ BaragonServiceIntegrationTests ---
[INFO] Checking dependency versions
[INFO] 
[INFO] --- maven-checkstyle-plugin:2.17:check (default) @ BaragonServiceIntegrationTests ---
[INFO] Starting audit...
Audit done.
[INFO] 
[INFO] --- dependency-management-plugin:0.4:analyze (analyze) @ BaragonServiceIntegrationTests ---
[INFO] No dependency management issues found
[INFO] 
[INFO] --- git-commit-id-plugin:2.2.0:revision (default) @ BaragonServiceIntegrationTests ---
[INFO] 
[INFO] --- jacoco-maven-plugin:0.7.5.201505241946:prepare-agent (default) @ BaragonServiceIntegrationTests ---
[INFO] argLine set to -javaagent:/home/travis/.m2/repository/org/jacoco/org.jacoco.agent/0.7.5.201505241946/org.jacoco.agent-0.7.5.201505241946-runtime.jar=destfile=/home/travis/build/HubSpot/Baragon/BaragonServiceIntegrationTests/target/jacoco.exec
[INFO] 
[INFO] --- maven-resources-plugin:2.7:resources (default-resources) @ BaragonServiceIntegrationTests ---
[INFO] Using 'UTF-8' encoding to copy filtered resources.
[INFO] skip non existing resourceDirectory /home/travis/build/HubSpot/Baragon/BaragonServiceIntegrationTests/src/main/resources
[INFO] 
[INFO] --- maven-compiler-plugin:3.3:compile (default-compile) @ BaragonServiceIntegrationTests ---
[INFO] Nothing to compile - all classes are up to date
[INFO] 
[INFO] --- maven-resources-plugin:2.7:testResources (default-testResources) @ BaragonServiceIntegrationTests ---
[INFO] Using 'UTF-8' encoding to copy filtered resources.
[INFO] skip non existing resourceDirectory /home/travis/build/HubSpot/Baragon/BaragonServiceIntegrationTests/src/test/resources
[INFO] 
[INFO] --- maven-compiler-plugin:3.3:testCompile (default-testCompile) @ BaragonServiceIntegrationTests ---
[INFO] Nothing to compile - all classes are up to date
[INFO] 
[INFO] --- maven-surefire-plugin:2.19:test (default-test) @ BaragonServiceIntegrationTests ---
[INFO] ------------------------------------------------------------------------
[INFO] Reactor Summary:
[INFO] 
[INFO] Baragon ............................................ SUCCESS [  3.426 s]
[INFO] BaragonCore ........................................ SUCCESS [  1.977 s]
[INFO] BaragonData ........................................ SUCCESS [  7.648 s]
[INFO] BaragonService ..................................... SUCCESS [ 45.310 s]
[INFO] BaragonAgentService ................................ SUCCESS [02:15 min]
[INFO] BaragonClient ...................................... SUCCESS [  3.236 s]
[INFO] BaragonWatcher ..................................... SUCCESS [  0.712 s]
[INFO] BaragonServiceIntegrationTests ..................... SUCCESS [  0.845 s]
[INFO] ------------------------------------------------------------------------
[INFO] BUILD SUCCESS
[INFO] ------------------------------------------------------------------------
[INFO] Total time: 03:19 min
[INFO] Finished at: 2017-02-22T14:50:02+00:00
[INFO] Final Memory: 61M/445M
[INFO] ------------------------------------------------------------------------

travis_time:end:25a8ac7b:start=1487774802282683724,finish=1487775003599354580,duration=201316670856[0K
[32;1mThe command "mvn test -B" exited with 0.[0m
travis_fold:start:cache.2[0Kstore build cache
travis_time:start:16d9f886[0K
travis_time:end:16d9f886:start=1487775003605035428,finish=1487775003609149668,duration=4114240[0Ktravis_time:start:00150705[0K[32;1mchange detected (content changed, file is created, or file is deleted):
/home/travis/.m2/repository/com/google/guava/guava/resolver-status.properties
/home/travis/.m2/repository/com/hubspot/Baragon/0.5.0-SNAPSHOT/maven-metadata-local.xml
/home/travis/.m2/repository/com/hubspot/Baragon/0.5.0-SNAPSHOT/_remote.repositories
/home/travis/.m2/repository/com/hubspot/BaragonAgentService/0.5.0-SNAPSHOT/BaragonAgentService-0.5.0-SNAPSHOT.jar
/home/travis/.m2/repository/com/hubspot/BaragonAgentService/0.5.0-SNAPSHOT/BaragonAgentService-0.5.0-SNAPSHOT-sources.jar
/home/travis/.m2/repository/com/hubspot/BaragonAgentService/0.5.0-SNAPSHOT/maven-metadata-local.xml
/home/travis/.m2/repository/com/hubspot/BaragonAgentService/0.5.0-SNAPSHOT/_remote.repositories
/home/travis/.m2/repository/com/hubspot/BaragonAgentService/maven-metadata-local.xml
/home/travis/.m2/repository/com/hubspot/BaragonClient/0.5.0-SNAPSHOT/BaragonClient-0.5.0-SNAPSHOT.jar
/home/travis/.m2/repository/com/hubspot/BaragonClient/0.5.0-SNAPSHOT/BaragonClient-0.5.0-SNAPSHOT-sources.jar
/home/travis/.m2/repos
[0m
[32;1m...
[0m
[32;1mchanges detected, packing new archive[0m
.
[32;1muploading archive[0m

travis_time:end:00150705:start=1487775003613860907,finish=1487775017113346764,duration=13499485857[0Ktravis_fold:end:cache.2[0K
Done. Your build exited with 0.
