Using worker: worker-linux-docker-d3c1a63a.prod.travis-ci.org:travis-linux-3

travis_fold:start:system_info[0K[33;1mBuild system information[0m
Build language: java
[34m[1mBuild image provisioning date and time[0m
Thu Feb  5 15:09:33 UTC 2015
[34m[1mOperating System Details[0m
Distributor ID:	Ubuntu
Description:	Ubuntu 12.04.5 LTS
Release:	12.04
Codename:	precise
[34m[1mLinux Version[0m
3.13.0-29-generic
[34m[1mCookbooks Version[0m
a68419e https://github.com/travis-ci/travis-cookbooks/tree/a68419e
[34m[1mGCC version[0m
gcc (Ubuntu/Linaro 4.6.3-1ubuntu5) 4.6.3
Copyright (C) 2011 Free Software Foundation, Inc.
This is free software; see the source for copying conditions.  There is NO
warranty; not even for MERCHANTABILITY or FITNESS FOR A PARTICULAR PURPOSE.

[34m[1mLLVM version[0m
clang version 3.4 (tags/RELEASE_34/final)
Target: x86_64-unknown-linux-gnu
Thread model: posix
[34m[1mPre-installed Ruby versions[0m
ruby-1.9.3-p551
[34m[1mPre-installed Node.js versions[0m
v0.10.36
[34m[1mPre-installed Go versions[0m
1.4.1
[34m[1mRedis version[0m
redis-server 2.8.19
[34m[1mriak version[0m
2.0.2
[34m[1mMongoDB version[0m
MongoDB 2.4.12
[34m[1mCouchDB version[0m
couchdb 1.6.1
[34m[1mNeo4j version[0m
1.9.4
[34m[1mRabbitMQ Version[0m
3.4.3
[34m[1mElasticSearch version[0m
1.4.0
[34m[1mInstalled Sphinx versions[0m
2.0.10
2.1.9
2.2.6
[34m[1mDefault Sphinx version[0m
2.2.6
[34m[1mInstalled Firefox version[0m
firefox 31.0esr
[34m[1mPhantomJS version[0m
1.9.8
[34m[1mant -version[0m
Apache Ant(TM) version 1.8.2 compiled on December 3 2011
[34m[1mmvn -version[0m
Apache Maven 3.2.5 (12a6b3acb947671f09b81f49094c53f426d8cea1; 2014-12-14T17:29:23+00:00)
Maven home: /usr/local/maven
Java version: 1.7.0_76, vendor: Oracle Corporation
Java home: /usr/lib/jvm/java-7-oracle/jre
Default locale: en_US, platform encoding: ANSI_X3.4-1968
OS name: "linux", version: "3.13.0-29-generic", arch: "amd64", family: "unix"
travis_fold:end:system_info[0K
travis_fold:start:git.checkout[0Ktravis_time:start:002cf6fe[0K$ git clone --depth=50 --branch=TREE-KIND git://github.com/SonarSource/sonar-java.git SonarSource/sonar-java
Cloning into 'SonarSource/sonar-java'...
remote: Counting objects: 4361, done.[K
remote: Compressing objects:   0% (1/2367)   [Kremote: Compressing objects:   1% (24/2367)   [Kremote: Compressing objects:   2% (48/2367)   [Kremote: Compressing objects:   3% (72/2367)   [Kremote: Compressing objects:   4% (95/2367)   [Kremote: Compressing objects:   5% (119/2367)   [Kremote: Compressing objects:   6% (143/2367)   [Kremote: Compressing objects:   7% (166/2367)   [Kremote: Compressing objects:   8% (190/2367)   [Kremote: Compressing objects:   9% (214/2367)   [Kremote: Compressing objects:  10% (237/2367)   [Kremote: Compressing objects:  11% (261/2367)   [Kremote: Compressing objects:  12% (285/2367)   [Kremote: Compressing objects:  13% (308/2367)   [Kremote: Compressing objects:  14% (332/2367)   [Kremote: Compressing objects:  15% (356/2367)   [Kremote: Compressing objects:  16% (379/2367)   [Kremote: Compressing objects:  17% (403/2367)   [Kremote: Compressing objects:  18% (427/2367)   [Kremote: Compressing objects:  19% (450/2367)   [Kremote: Compressing objects:  20% (474/2367)   [Kremote: Compressing objects:  21% (498/2367)   [Kremote: Compressing objects:  22% (521/2367)   [Kremote: Compressing objects:  23% (545/2367)   [Kremote: Compressing objects:  24% (569/2367)   [Kremote: Compressing objects:  25% (592/2367)   [Kremote: Compressing objects:  26% (616/2367)   [Kremote: Compressing objects:  27% (640/2367)   [Kremote: Compressing objects:  28% (663/2367)   [Kremote: Compressing objects:  29% (687/2367)   [Kremote: Compressing objects:  30% (711/2367)   [Kremote: Compressing objects:  31% (734/2367)   [Kremote: Compressing objects:  32% (758/2367)   [Kremote: Compressing objects:  33% (782/2367)   [Kremote: Compressing objects:  34% (805/2367)   [Kremote: Compressing objects:  35% (829/2367)   [Kremote: Compressing objects:  36% (853/2367)   [Kremote: Compressing objects:  37% (876/2367)   [Kremote: Compressing objects:  38% (900/2367)   [Kremote: Compressing objects:  39% (924/2367)   [Kremote: Compressing objects:  40% (947/2367)   [Kremote: Compressing objects:  41% (971/2367)   [Kremote: Compressing objects:  42% (995/2367)   [Kremote: Compressing objects:  43% (1018/2367)   [Kremote: Compressing objects:  44% (1042/2367)   [Kremote: Compressing objects:  45% (1066/2367)   [Kremote: Compressing objects:  46% (1089/2367)   [Kremote: Compressing objects:  47% (1113/2367)   [Kremote: Compressing objects:  48% (1137/2367)   [Kremote: Compressing objects:  49% (1160/2367)   [Kremote: Compressing objects:  50% (1184/2367)   [Kremote: Compressing objects:  51% (1208/2367)   [Kremote: Compressing objects:  52% (1231/2367)   [Kremote: Compressing objects:  53% (1255/2367)   [Kremote: Compressing objects:  54% (1279/2367)   [Kremote: Compressing objects:  55% (1302/2367)   [Kremote: Compressing objects:  56% (1326/2367)   [Kremote: Compressing objects:  57% (1350/2367)   [Kremote: Compressing objects:  58% (1373/2367)   [Kremote: Compressing objects:  59% (1397/2367)   [Kremote: Compressing objects:  60% (1421/2367)   [Kremote: Compressing objects:  61% (1444/2367)   [Kremote: Compressing objects:  62% (1468/2367)   [Kremote: Compressing objects:  63% (1492/2367)   [Kremote: Compressing objects:  64% (1515/2367)   [Kremote: Compressing objects:  65% (1539/2367)   [Kremote: Compressing objects:  66% (1563/2367)   [Kremote: Compressing objects:  67% (1586/2367)   [Kremote: Compressing objects:  68% (1610/2367)   [Kremote: Compressing objects:  69% (1634/2367)   [Kremote: Compressing objects:  70% (1657/2367)   [Kremote: Compressing objects:  71% (1681/2367)   [Kremote: Compressing objects:  72% (1705/2367)   [Kremote: Compressing objects:  73% (1728/2367)   [Kremote: Compressing objects:  74% (1752/2367)   [Kremote: Compressing objects:  75% (1776/2367)   [Kremote: Compressing objects:  76% (1799/2367)   [Kremote: Compressing objects:  77% (1823/2367)   [Kremote: Compressing objects:  78% (1847/2367)   [Kremote: Compressing objects:  79% (1870/2367)   [Kremote: Compressing objects:  80% (1894/2367)   [Kremote: Compressing objects:  81% (1918/2367)   [Kremote: Compressing objects:  82% (1941/2367)   [Kremote: Compressing objects:  83% (1965/2367)   [Kremote: Compressing objects:  84% (1989/2367)   [Kremote: Compressing objects:  85% (2012/2367)   [Kremote: Compressing objects:  86% (2036/2367)   [Kremote: Compressing objects:  87% (2060/2367)   [Kremote: Compressing objects:  88% (2083/2367)   [Kremote: Compressing objects:  89% (2107/2367)   [Kremote: Compressing objects:  90% (2131/2367)   [Kremote: Compressing objects:  91% (2154/2367)   [Kremote: Compressing objects:  92% (2178/2367)   [Kremote: Compressing objects:  93% (2202/2367)   [Kremote: Compressing objects:  94% (2225/2367)   [Kremote: Compressing objects:  95% (2249/2367)   [Kremote: Compressing objects:  96% (2273/2367)   [Kremote: Compressing objects:  97% (2296/2367)   [Kremote: Compressing objects:  98% (2320/2367)   [Kremote: Compressing objects:  99% (2344/2367)   [Kremote: Compressing objects: 100% (2367/2367)   [Kremote: Compressing objects: 100% (2367/2367), done.[K
Receiving objects:   0% (1/4361)   Receiving objects:   1% (44/4361)   Receiving objects:   2% (88/4361)   Receiving objects:   3% (131/4361)   Receiving objects:   4% (175/4361)   Receiving objects:   5% (219/4361)   Receiving objects:   6% (262/4361)   Receiving objects:   7% (306/4361)   Receiving objects:   8% (349/4361)   Receiving objects:   9% (393/4361)   Receiving objects:  10% (437/4361)   Receiving objects:  11% (480/4361)   Receiving objects:  12% (524/4361)   Receiving objects:  13% (567/4361)   Receiving objects:  14% (611/4361)   Receiving objects:  15% (655/4361)   Receiving objects:  16% (698/4361)   Receiving objects:  17% (742/4361)   Receiving objects:  18% (785/4361)   Receiving objects:  19% (829/4361)   Receiving objects:  20% (873/4361)   Receiving objects:  21% (916/4361)   Receiving objects:  22% (960/4361)   Receiving objects:  23% (1004/4361)   Receiving objects:  24% (1047/4361)   Receiving objects:  25% (1091/4361)   Receiving objects:  26% (1134/4361)   Receiving objects:  27% (1178/4361)   Receiving objects:  28% (1222/4361)   Receiving objects:  29% (1265/4361)   Receiving objects:  30% (1309/4361)   Receiving objects:  31% (1352/4361)   Receiving objects:  32% (1396/4361)   Receiving objects:  33% (1440/4361)   Receiving objects:  34% (1483/4361)   Receiving objects:  35% (1527/4361)   Receiving objects:  36% (1570/4361)   Receiving objects:  37% (1614/4361)   Receiving objects:  38% (1658/4361)   Receiving objects:  39% (1701/4361)   Receiving objects:  40% (1745/4361)   Receiving objects:  41% (1789/4361)   Receiving objects:  42% (1832/4361)   Receiving objects:  43% (1876/4361)   Receiving objects:  44% (1919/4361)   Receiving objects:  45% (1963/4361)   Receiving objects:  46% (2007/4361)   Receiving objects:  47% (2050/4361)   Receiving objects:  48% (2094/4361)   Receiving objects:  49% (2137/4361)   Receiving objects:  50% (2181/4361)   Receiving objects:  51% (2225/4361)   Receiving objects:  52% (2268/4361)   Receiving objects:  53% (2312/4361)   Receiving objects:  54% (2355/4361)   Receiving objects:  55% (2399/4361)   Receiving objects:  56% (2443/4361)   Receiving objects:  57% (2486/4361)   Receiving objects:  58% (2530/4361)   Receiving objects:  59% (2573/4361)   Receiving objects:  60% (2617/4361)   Receiving objects:  61% (2661/4361)   Receiving objects:  62% (2704/4361)   Receiving objects:  63% (2748/4361)   Receiving objects:  64% (2792/4361)   Receiving objects:  65% (2835/4361)   Receiving objects:  66% (2879/4361)   Receiving objects:  67% (2922/4361)   Receiving objects:  68% (2966/4361)   Receiving objects:  69% (3010/4361)   Receiving objects:  70% (3053/4361)   Receiving objects:  71% (3097/4361)   Receiving objects:  72% (3140/4361)   Receiving objects:  73% (3184/4361)   Receiving objects:  74% (3228/4361)   Receiving objects:  75% (3271/4361)   Receiving objects:  76% (3315/4361)   Receiving objects:  77% (3358/4361)   Receiving objects:  78% (3402/4361)   Receiving objects:  79% (3446/4361)   Receiving objects:  80% (3489/4361)   Receiving objects:  81% (3533/4361)   Receiving objects:  82% (3577/4361)   Receiving objects:  83% (3620/4361)   Receiving objects:  84% (3664/4361)   Receiving objects:  85% (3707/4361)   Receiving objects:  86% (3751/4361)   Receiving objects:  87% (3795/4361)   Receiving objects:  88% (3838/4361)   Receiving objects:  89% (3882/4361)   Receiving objects:  90% (3925/4361)   Receiving objects:  91% (3969/4361)   Receiving objects:  92% (4013/4361)   Receiving objects:  93% (4056/4361)   Receiving objects:  94% (4100/4361)   Receiving objects:  95% (4143/4361)   Receiving objects:  96% (4187/4361)   remote: Total 4361 (delta 1732), reused 3439 (delta 1457), pack-reused 0[K
Receiving objects:  97% (4231/4361)   Receiving objects:  98% (4274/4361)   Receiving objects:  99% (4318/4361)   Receiving objects: 100% (4361/4361)   Receiving objects: 100% (4361/4361), 3.83 MiB | 0 bytes/s, done.
Resolving deltas:   0% (0/1732)   Resolving deltas:   1% (29/1732)   Resolving deltas:   2% (47/1732)   Resolving deltas:   3% (58/1732)   Resolving deltas:   4% (71/1732)   Resolving deltas:   5% (88/1732)   Resolving deltas:   8% (141/1732)   Resolving deltas:   9% (157/1732)   Resolving deltas:  10% (174/1732)   Resolving deltas:  11% (196/1732)   Resolving deltas:  12% (221/1732)   Resolving deltas:  13% (226/1732)   Resolving deltas:  14% (250/1732)   Resolving deltas:  15% (260/1732)   Resolving deltas:  16% (288/1732)   Resolving deltas:  17% (303/1732)   Resolving deltas:  18% (317/1732)   Resolving deltas:  19% (333/1732)   Resolving deltas:  20% (356/1732)   Resolving deltas:  21% (366/1732)   Resolving deltas:  22% (383/1732)   Resolving deltas:  23% (399/1732)   Resolving deltas:  24% (416/1732)   Resolving deltas:  25% (433/1732)   Resolving deltas:  26% (461/1732)   Resolving deltas:  27% (472/1732)   Resolving deltas:  28% (485/1732)   Resolving deltas:  29% (510/1732)   Resolving deltas:  30% (533/1732)   Resolving deltas:  31% (539/1732)   Resolving deltas:  32% (555/1732)   Resolving deltas:  33% (578/1732)   Resolving deltas:  34% (590/1732)   Resolving deltas:  35% (612/1732)   Resolving deltas:  36% (631/1732)   Resolving deltas:  37% (645/1732)   Resolving deltas:  38% (663/1732)   Resolving deltas:  39% (677/1732)   Resolving deltas:  40% (695/1732)   Resolving deltas:  41% (711/1732)   Resolving deltas:  42% (738/1732)   Resolving deltas:  43% (747/1732)   Resolving deltas:  44% (769/1732)   Resolving deltas:  45% (782/1732)   Resolving deltas:  47% (823/1732)   Resolving deltas:  48% (834/1732)   Resolving deltas:  49% (853/1732)   Resolving deltas:  50% (870/1732)   Resolving deltas:  51% (888/1732)   Resolving deltas:  52% (902/1732)   Resolving deltas:  53% (922/1732)   Resolving deltas:  54% (936/1732)   Resolving deltas:  55% (960/1732)   Resolving deltas:  56% (970/1732)   Resolving deltas:  57% (988/1732)   Resolving deltas:  58% (1007/1732)   Resolving deltas:  59% (1030/1732)   Resolving deltas:  60% (1041/1732)   Resolving deltas:  61% (1058/1732)   Resolving deltas:  62% (1074/1732)   Resolving deltas:  66% (1144/1732)   Resolving deltas:  69% (1209/1732)   Resolving deltas:  70% (1221/1732)   Resolving deltas:  71% (1230/1732)   Resolving deltas:  72% (1249/1732)   Resolving deltas:  82% (1430/1732)   Resolving deltas:  83% (1439/1732)   Resolving deltas:  84% (1456/1732)   Resolving deltas:  85% (1484/1732)   Resolving deltas:  86% (1491/1732)   Resolving deltas:  87% (1508/1732)   Resolving deltas:  88% (1525/1732)   Resolving deltas:  89% (1543/1732)   Resolving deltas:  90% (1573/1732)   Resolving deltas:  91% (1577/1732)   Resolving deltas:  92% (1595/1732)   Resolving deltas:  93% (1617/1732)   Resolving deltas:  94% (1639/1732)   Resolving deltas:  95% (1646/1732)   Resolving deltas:  96% (1669/1732)   Resolving deltas:  97% (1681/1732)   Resolving deltas:  98% (1698/1732)   Resolving deltas:  99% (1715/1732)   Resolving deltas: 100% (1732/1732)   Resolving deltas: 100% (1732/1732), done.
Checking connectivity... done.
travis_time:end:002cf6fe:start=1440053784742771643,finish=1440053785623453346,duration=880681703[0K$ cd SonarSource/sonar-java
$ git checkout -qf 82e775364b1953c1583ee9f9f545fdeabd6eaec4
travis_fold:end:git.checkout[0Ktravis_fold:start:git.submodule[0Ktravis_time:start:01ebb5c2[0K$ git submodule init
Submodule 'its/sources' (https://github.com/SonarSource/ruling_java.git) registered for path 'its/sources'
travis_time:end:01ebb5c2:start=1440053786023491826,finish=1440053786347509806,duration=324017980[0Ktravis_time:start:04fb77e0[0K$ git submodule update
Cloning into 'its/sources'...
remote: Counting objects: 13228, done.[K
remote: Compressing objects:   0% (1/4907)   [Kremote: Compressing objects:   1% (50/4907)   [Kremote: Compressing objects:   2% (99/4907)   [Kremote: Compressing objects:   3% (148/4907)   [Kremote: Compressing objects:   4% (197/4907)   [Kremote: Compressing objects:   5% (246/4907)   [Kremote: Compressing objects:   6% (295/4907)   [Kremote: Compressing objects:   7% (344/4907)   [Kremote: Compressing objects:   8% (393/4907)   [Kremote: Compressing objects:   9% (442/4907)   [Kremote: Compressing objects:  10% (491/4907)   [Kremote: Compressing objects:  11% (540/4907)   [Kremote: Compressing objects:  12% (589/4907)   [Kremote: Compressing objects:  13% (638/4907)   [Kremote: Compressing objects:  14% (687/4907)   [Kremote: Compressing objects:  15% (737/4907)   [Kremote: Compressing objects:  16% (786/4907)   [Kremote: Compressing objects:  17% (835/4907)   [Kremote: Compressing objects:  18% (884/4907)   [Kremote: Compressing objects:  19% (933/4907)   [Kremote: Compressing objects:  20% (982/4907)   [Kremote: Compressing objects:  21% (1031/4907)   [Kremote: Compressing objects:  22% (1080/4907)   [Kremote: Compressing objects:  23% (1129/4907)   [Kremote: Compressing objects:  24% (1178/4907)   [Kremote: Compressing objects:  25% (1227/4907)   [Kremote: Compressing objects:  26% (1276/4907)   [Kremote: Compressing objects:  27% (1325/4907)   [Kremote: Compressing objects:  28% (1374/4907)   [Kremote: Compressing objects:  29% (1424/4907)   [Kremote: Compressing objects:  30% (1473/4907)   [Kremote: Compressing objects:  31% (1522/4907)   [Kremote: Compressing objects:  31% (1528/4907)   [Kremote: Compressing objects:  32% (1571/4907)   [Kremote: Compressing objects:  33% (1620/4907)   [Kremote: Compressing objects:  34% (1669/4907)   [Kremote: Compressing objects:  35% (1718/4907)   [Kremote: Compressing objects:  36% (1767/4907)   [Kremote: Compressing objects:  37% (1816/4907)   [Kremote: Compressing objects:  38% (1865/4907)   [Kremote: Compressing objects:  39% (1914/4907)   [Kremote: Compressing objects:  40% (1963/4907)   [Kremote: Compressing objects:  41% (2012/4907)   [Kremote: Compressing objects:  42% (2061/4907)   [Kremote: Compressing objects:  43% (2111/4907)   [Kremote: Compressing objects:  44% (2160/4907)   [Kremote: Compressing objects:  45% (2209/4907)   [Kremote: Compressing objects:  46% (2258/4907)   [Kremote: Compressing objects:  47% (2307/4907)   [Kremote: Compressing objects:  48% (2356/4907)   [Kremote: Compressing objects:  49% (2405/4907)   [Kremote: Compressing objects:  50% (2454/4907)   [Kremote: Compressing objects:  51% (2503/4907)   [Kremote: Compressing objects:  52% (2552/4907)   [Kremote: Compressing objects:  53% (2601/4907)   [Kremote: Compressing objects:  54% (2650/4907)   [Kremote: Compressing objects:  55% (2699/4907)   [Kremote: Compressing objects:  56% (2748/4907)   [Kremote: Compressing objects:  57% (2797/4907)   [Kremote: Compressing objects:  58% (2847/4907)   [Kremote: Compressing objects:  59% (2896/4907)   [Kremote: Compressing objects:  60% (2945/4907)   [Kremote: Compressing objects:  61% (2994/4907)   [Kremote: Compressing objects:  62% (3043/4907)   [Kremote: Compressing objects:  63% (3092/4907)   [Kremote: Compressing objects:  64% (3141/4907)   [Kremote: Compressing objects:  65% (3190/4907)   [Kremote: Compressing objects:  66% (3239/4907)   [Kremote: Compressing objects:  67% (3288/4907)   [Kremote: Compressing objects:  68% (3337/4907)   [Kremote: Compressing objects:  69% (3386/4907)   [Kremote: Compressing objects:  70% (3435/4907)   [Kremote: Compressing objects:  71% (3484/4907)   [Kremote: Compressing objects:  72% (3534/4907)   [Kremote: Compressing objects:  73% (3583/4907)   [Kremote: Compressing objects:  74% (3632/4907)   [Kremote: Compressing objects:  74% (3668/4907)   [Kremote: Compressing objects:  75% (3681/4907)   [Kremote: Compressing objects:  76% (3730/4907)   [Kremote: Compressing objects:  77% (3779/4907)   [Kremote: Compressing objects:  78% (3828/4907)   [Kremote: Compressing objects:  79% (3877/4907)   [Kremote: Compressing objects:  80% (3926/4907)   [Kremote: Compressing objects:  81% (3975/4907)   [Kremote: Compressing objects:  82% (4024/4907)   [Kremote: Compressing objects:  83% (4073/4907)   [Kremote: Compressing objects:  84% (4122/4907)   [Kremote: Compressing objects:  85% (4171/4907)   [Kremote: Compressing objects:  86% (4221/4907)   [Kremote: Compressing objects:  87% (4270/4907)   [Kremote: Compressing objects:  88% (4319/4907)   [Kremote: Compressing objects:  89% (4368/4907)   [Kremote: Compressing objects:  90% (4417/4907)   [Kremote: Compressing objects:  91% (4466/4907)   [Kremote: Compressing objects:  92% (4515/4907)   [Kremote: Compressing objects:  93% (4564/4907)   [Kremote: Compressing objects:  94% (4613/4907)   [Kremote: Compressing objects:  95% (4662/4907)   [Kremote: Compressing objects:  96% (4711/4907)   [Kremote: Compressing objects:  97% (4760/4907)   [Kremote: Compressing objects:  98% (4809/4907)   [Kremote: Compressing objects:  99% (4858/4907)   [Kremote: Compressing objects: 100% (4907/4907)   [Kremote: Compressing objects: 100% (4907/4907), done.[K
Receiving objects:   0% (1/13228)   Receiving objects:   1% (133/13228)   Receiving objects:   2% (265/13228)   Receiving objects:   3% (397/13228)   Receiving objects:   4% (530/13228)   Receiving objects:   5% (662/13228)   Receiving objects:   6% (794/13228)   Receiving objects:   7% (926/13228)   Receiving objects:   8% (1059/13228)   Receiving objects:   9% (1191/13228)   Receiving objects:  10% (1323/13228)   Receiving objects:  11% (1456/13228)   Receiving objects:  12% (1588/13228)   Receiving objects:  13% (1720/13228)   Receiving objects:  14% (1852/13228)   Receiving objects:  15% (1985/13228)   Receiving objects:  16% (2117/13228)   Receiving objects:  17% (2249/13228)   Receiving objects:  18% (2382/13228)   Receiving objects:  19% (2514/13228)   Receiving objects:  20% (2646/13228)   Receiving objects:  21% (2778/13228)   Receiving objects:  22% (2911/13228)   Receiving objects:  23% (3043/13228)   Receiving objects:  24% (3175/13228)   Receiving objects:  25% (3307/13228)   Receiving objects:  26% (3440/13228)   Receiving objects:  27% (3572/13228)   Receiving objects:  28% (3704/13228)   Receiving objects:  29% (3837/13228)   Receiving objects:  30% (3969/13228)   Receiving objects:  31% (4101/13228)   Receiving objects:  32% (4233/13228)   Receiving objects:  33% (4366/13228)   Receiving objects:  34% (4498/13228)   Receiving objects:  35% (4630/13228)   Receiving objects:  36% (4763/13228)   Receiving objects:  37% (4895/13228)   Receiving objects:  38% (5027/13228)   Receiving objects:  39% (5159/13228)   Receiving objects:  40% (5292/13228)   Receiving objects:  41% (5424/13228)   Receiving objects:  42% (5556/13228)   Receiving objects:  43% (5689/13228)   Receiving objects:  44% (5821/13228)   Receiving objects:  45% (5953/13228)   Receiving objects:  46% (6085/13228)   Receiving objects:  47% (6218/13228), 13.18 MiB | 26.31 MiB/s   Receiving objects:  48% (6350/13228), 13.18 MiB | 26.31 MiB/s   Receiving objects:  49% (6482/13228), 13.18 MiB | 26.31 MiB/s   Receiving objects:  50% (6614/13228), 13.18 MiB | 26.31 MiB/s   Receiving objects:  51% (6747/13228), 13.18 MiB | 26.31 MiB/s   Receiving objects:  52% (6879/13228), 13.18 MiB | 26.31 MiB/s   Receiving objects:  53% (7011/13228), 13.18 MiB | 26.31 MiB/s   Receiving objects:  54% (7144/13228), 13.18 MiB | 26.31 MiB/s   Receiving objects:  55% (7276/13228), 13.18 MiB | 26.31 MiB/s   Receiving objects:  56% (7408/13228), 13.18 MiB | 26.31 MiB/s   Receiving objects:  57% (7540/13228), 13.18 MiB | 26.31 MiB/s   Receiving objects:  58% (7673/13228), 13.18 MiB | 26.31 MiB/s   Receiving objects:  59% (7805/13228), 13.18 MiB | 26.31 MiB/s   Receiving objects:  60% (7937/13228), 13.18 MiB | 26.31 MiB/s   Receiving objects:  60% (7991/13228), 37.46 MiB | 37.39 MiB/s   Receiving objects:  61% (8070/13228), 37.46 MiB | 37.39 MiB/s   Receiving objects:  62% (8202/13228), 37.46 MiB | 37.39 MiB/s   Receiving objects:  63% (8334/13228), 37.46 MiB | 37.39 MiB/s   Receiving objects:  64% (8466/13228), 37.46 MiB | 37.39 MiB/s   Receiving objects:  65% (8599/13228), 37.46 MiB | 37.39 MiB/s   Receiving objects:  66% (8731/13228), 37.46 MiB | 37.39 MiB/s   Receiving objects:  67% (8863/13228), 37.46 MiB | 37.39 MiB/s   Receiving objects:  68% (8996/13228), 37.46 MiB | 37.39 MiB/s   Receiving objects:  69% (9128/13228), 37.46 MiB | 37.39 MiB/s   Receiving objects:  70% (9260/13228), 37.46 MiB | 37.39 MiB/s   Receiving objects:  71% (9392/13228), 37.46 MiB | 37.39 MiB/s   Receiving objects:  72% (9525/13228), 37.46 MiB | 37.39 MiB/s   Receiving objects:  73% (9657/13228), 37.46 MiB | 37.39 MiB/s   Receiving objects:  74% (9789/13228), 37.46 MiB | 37.39 MiB/s   Receiving objects:  75% (9921/13228), 37.46 MiB | 37.39 MiB/s   Receiving objects:  76% (10054/13228), 37.46 MiB | 37.39 MiB/s   Receiving objects:  77% (10186/13228), 37.46 MiB | 37.39 MiB/s   Receiving objects:  78% (10318/13228), 37.46 MiB | 37.39 MiB/s   Receiving objects:  79% (10451/13228), 37.46 MiB | 37.39 MiB/s   Receiving objects:  80% (10583/13228), 37.46 MiB | 37.39 MiB/s   Receiving objects:  81% (10715/13228), 37.46 MiB | 37.39 MiB/s   Receiving objects:  82% (10847/13228), 37.46 MiB | 37.39 MiB/s   Receiving objects:  83% (10980/13228), 48.82 MiB | 32.16 MiB/s   Receiving objects:  84% (11112/13228), 48.82 MiB | 32.16 MiB/s   Receiving objects:  85% (11244/13228), 48.82 MiB | 32.16 MiB/s   Receiving objects:  86% (11377/13228), 48.82 MiB | 32.16 MiB/s   Receiving objects:  86% (11449/13228), 48.82 MiB | 32.16 MiB/s   Receiving objects:  87% (11509/13228), 48.82 MiB | 32.16 MiB/s   Receiving objects:  88% (11641/13228), 50.53 MiB | 25.03 MiB/s   Receiving objects:  89% (11773/13228), 50.53 MiB | 25.03 MiB/s   Receiving objects:  90% (11906/13228), 50.53 MiB | 25.03 MiB/s   Receiving objects:  91% (12038/13228), 53.84 MiB | 21.37 MiB/s   Receiving objects:  92% (12170/13228), 53.84 MiB | 21.37 MiB/s   Receiving objects:  93% (12303/13228), 53.84 MiB | 21.37 MiB/s   Receiving objects:  94% (12435/13228), 53.84 MiB | 21.37 MiB/s   Receiving objects:  95% (12567/13228), 53.84 MiB | 21.37 MiB/s   Receiving objects:  96% (12699/13228), 53.84 MiB | 21.37 MiB/s   Receiving objects:  97% (12832/13228), 53.84 MiB | 21.37 MiB/s   Receiving objects:  98% (12964/13228), 53.84 MiB | 21.37 MiB/s   Receiving objects:  99% (13096/13228), 53.84 MiB | 21.37 MiB/s   remote: Total 13228 (delta 1610), reused 0 (delta 0), pack-reused 7992[K
Receiving objects: 100% (13228/13228), 53.84 MiB | 21.37 MiB/s   Receiving objects: 100% (13228/13228), 58.67 MiB | 21.37 MiB/s, done.
Resolving deltas:   0% (0/3943)   Resolving deltas:   1% (43/3943)   Resolving deltas:   3% (131/3943)   Resolving deltas:   4% (160/3943)   Resolving deltas:   5% (199/3943)   Resolving deltas:   6% (237/3943)   Resolving deltas:   7% (277/3943)   Resolving deltas:   8% (317/3943)   Resolving deltas:   9% (364/3943)   Resolving deltas:  10% (395/3943)   Resolving deltas:  11% (434/3943)   Resolving deltas:  12% (475/3943)   Resolving deltas:  13% (514/3943)   Resolving deltas:  14% (553/3943)   Resolving deltas:  15% (592/3943)   Resolving deltas:  16% (631/3943)   Resolving deltas:  17% (690/3943)   Resolving deltas:  18% (712/3943)   Resolving deltas:  19% (759/3943)   Resolving deltas:  20% (790/3943)   Resolving deltas:  21% (831/3943)   Resolving deltas:  22% (873/3943)   Resolving deltas:  23% (909/3943)   Resolving deltas:  24% (949/3943)   Resolving deltas:  25% (986/3943)   Resolving deltas:  26% (1026/3943)   Resolving deltas:  27% (1068/3943)   Resolving deltas:  28% (1106/3943)   Resolving deltas:  29% (1145/3943)   Resolving deltas:  30% (1184/3943)   Resolving deltas:  31% (1224/3943)   Resolving deltas:  32% (1262/3943)   Resolving deltas:  33% (1303/3943)   Resolving deltas:  34% (1348/3943)   Resolving deltas:  35% (1385/3943)   Resolving deltas:  36% (1423/3943)   Resolving deltas:  37% (1459/3943)   Resolving deltas:  38% (1507/3943)   Resolving deltas:  39% (1544/3943)   Resolving deltas:  40% (1585/3943)   Resolving deltas:  41% (1617/3943)   Resolving deltas:  42% (1657/3943)   Resolving deltas:  43% (1696/3943)   Resolving deltas:  44% (1741/3943)   Resolving deltas:  45% (1775/3943)   Resolving deltas:  46% (1816/3943)   Resolving deltas:  47% (1854/3943)   Resolving deltas:  48% (1893/3943)   Resolving deltas:  49% (1935/3943)   Resolving deltas:  50% (1988/3943)   Resolving deltas:  51% (2023/3943)   Resolving deltas:  52% (2054/3943)   Resolving deltas:  53% (2091/3943)   Resolving deltas:  54% (2131/3943)   Resolving deltas:  55% (2177/3943)   Resolving deltas:  56% (2211/3943)   Resolving deltas:  57% (2250/3943)   Resolving deltas:  58% (2322/3943)   Resolving deltas:  59% (2327/3943)   Resolving deltas:  60% (2367/3943)   Resolving deltas:  61% (2408/3943)   Resolving deltas:  62% (2447/3943)   Resolving deltas:  63% (2485/3943)   Resolving deltas:  64% (2540/3943)   Resolving deltas:  65% (2567/3943)   Resolving deltas:  66% (2603/3943)   Resolving deltas:  67% (2643/3943)   Resolving deltas:  68% (2682/3943)   Resolving deltas:  69% (2721/3943)   Resolving deltas:  70% (2763/3943)   Resolving deltas:  71% (2805/3943)   Resolving deltas:  72% (2839/3943)   Resolving deltas:  73% (2883/3943)   Resolving deltas:  74% (2939/3943)   Resolving deltas:  75% (2962/3943)   Resolving deltas:  76% (2997/3943)   Resolving deltas:  77% (3041/3943)   Resolving deltas:  78% (3076/3943)   Resolving deltas:  79% (3115/3943)   Resolving deltas:  80% (3155/3943)   Resolving deltas:  81% (3195/3943)   Resolving deltas:  82% (3234/3943)   Resolving deltas:  83% (3276/3943)   Resolving deltas:  84% (3313/3943)   Resolving deltas:  85% (3368/3943)   Resolving deltas:  86% (3393/3943)   Resolving deltas:  87% (3433/3943)   Resolving deltas:  88% (3472/3943)   Resolving deltas:  89% (3510/3943)   Resolving deltas:  90% (3550/3943)   Resolving deltas:  91% (3591/3943)   Resolving deltas:  92% (3628/3943)   Resolving deltas:  93% (3667/3943)   Resolving deltas:  94% (3708/3943)   Resolving deltas:  95% (3746/3943)   Resolving deltas:  96% (3787/3943)   Resolving deltas:  97% (3825/3943)   Resolving deltas:  98% (3866/3943)   Resolving deltas:  99% (3904/3943)   Resolving deltas: 100% (3943/3943)   Resolving deltas: 100% (3943/3943), done.
Checking connectivity... done.
Submodule path 'its/sources': checked out '23259e9132c5c7816db57dded166000df2578f75'
travis_time:end:04fb77e0:start=1440053786351102374,finish=1440053793108142097,duration=6757039723[0Ktravis_fold:end:git.submodule[0K
[33;1mThis job is running on container-based infrastructure, which does not allow use of 'sudo', setuid and setguid executables.[0m
[33;1mIf you require sudo, add 'sudo: required' to your .travis.yml[0m
[33;1mSee http://docs.travis-ci.com/user/workers/container-based-infrastructure/ for details.[0m

[33;1mSetting environment variables from repository settings[0m
$ export SONAR_HOST_URL=[secure]
$ export SONAR_GITHUB_REPOSITORY=git@github.com:SonarSource/sonar-java.git
$ export SONAR_GITHUB_LOGIN=[secure]
$ export SONAR_GITHUB_OAUTH=[secure]

[33;1mSetting environment variables from .travis.yml[0m
$ export TESTS=CI

travis_fold:start:cache.1[0KSetting up build cache
$ export CASHER_DIR=$HOME/.casher
travis_time:start:0ab2b21f[0K$ Installing caching utilities
travis_time:end:0ab2b21f:start=1440053794615826840,finish=1440053794668001403,duration=52174563[0Ktravis_time:start:04f2091c[0Kattempting to download cache archive
fetching TREE-KIND/cache--jdk-oraclejdk7.tgz
found cache
travis_time:end:04f2091c:start=1440053794673582731,finish=1440053805292742638,duration=10619159907[0Ktravis_time:start:01f88378[0Kadding /home/travis/.m2/repository to cache
travis_time:end:01f88378:start=1440053805296420857,finish=1440053811936103789,duration=6639682932[0Ktravis_fold:end:cache.1[0K$ jdk_switcher use oraclejdk7
Switching to Oracle JDK7 (java-7-oracle), JAVA_HOME will be set to /usr/lib/jvm/java-7-oracle
$ java -Xmx32m -version
java version "1.7.0_76"
Java(TM) SE Runtime Environment (build 1.7.0_76-b13)
Java HotSpot(TM) 64-Bit Server VM (build 24.76-b04, mixed mode)
$ javac -J-Xmx32m -version
javac 1.7.0_76
travis_fold:start:install[0Ktravis_time:start:081ecd61[0K$ true
travis_time:end:081ecd61:start=1440053812232034017,finish=1440053812234948052,duration=2914035[0Ktravis_fold:end:install[0Ktravis_time:start:0a9ed380[0K$ ./travis.sh
Apache Maven 3.2.5 (12a6b3acb947671f09b81f49094c53f426d8cea1; 2014-12-14T17:29:23+00:00)
Maven home: /usr/local/maven
Java version: 1.7.0_76, vendor: Oracle Corporation
Java home: /usr/lib/jvm/java-7-oracle/jre
Default locale: en_US, platform encoding: UTF-8
OS name: "linux", version: "3.13.0-40-generic", arch: "amd64", family: "unix"
[INFO] Error stacktraces are turned on.
[INFO] Scanning for projects...
[INFO] ------------------------------------------------------------------------
[INFO] Reactor Build Order:
[INFO] 
[INFO] SonarQube Java
[INFO] SonarQube Java :: Squid
[INFO] SonarQube Java :: Checks
[INFO] SonarQube Java :: Surefire
[INFO] java-jacoco-previous
[INFO] SonarQube Java :: JaCoCo
[INFO] SonarQube Java :: Plugin
[INFO] SonarQube Java :: JaCoCo Listeners
[INFO]                                                                         
[INFO] ------------------------------------------------------------------------
[INFO] Building SonarQube Java 3.5-SNAPSHOT
[INFO] ------------------------------------------------------------------------
[INFO] 
[INFO] --- buildnumber-maven-plugin:1.3:create (default) @ java ---
[INFO] Executing: /bin/sh -c cd /home/travis/build/SonarSource/sonar-java && git rev-parse --verify HEAD
[INFO] Working directory: /home/travis/build/SonarSource/sonar-java
[INFO] Storing buildNumber: 82e775364b1953c1583ee9f9f545fdeabd6eaec4 at timestamp: 1440053814943
[WARNING] Cannot get the branch information from the git repository: 
Detecting the current branch failed: fatal: ref HEAD is not a symbolic ref

[INFO] Executing: /bin/sh -c cd /home/travis/build/SonarSource/sonar-java && git rev-parse --verify HEAD
[INFO] Working directory: /home/travis/build/SonarSource/sonar-java
[INFO] Storing buildScmBranch: UNKNOWN
[INFO] 
[INFO] --- maven-enforcer-plugin:1.3.1:enforce (enforce) @ java ---
[INFO] 
[INFO] --- maven-license-plugin:1.10.b1:check (enforce-license-headers) @ java ---
[INFO] Checking licenses...
[INFO] 
[INFO] --- animal-sniffer-maven-plugin:1.13:check (enforce-java-api-compatibility) @ java ---
[INFO] Checking unresolved references to org.codehaus.mojo.signature:java17:1.0
[INFO] 
[INFO] --- maven-source-plugin:2.4:jar-no-fork (attach-sources) @ java ---
[INFO]                                                                         
[INFO] ------------------------------------------------------------------------
[INFO] Building SonarQube Java :: Squid 3.5-SNAPSHOT
[INFO] ------------------------------------------------------------------------
[INFO] 
[INFO] --- buildnumber-maven-plugin:1.3:create (default) @ java-squid ---
[INFO] 
[INFO] --- maven-enforcer-plugin:1.3.1:enforce (enforce) @ java-squid ---
[INFO] 
[INFO] --- maven-license-plugin:1.10.b1:check (enforce-license-headers) @ java-squid ---
[INFO] Checking licenses...
[INFO] 
[INFO] --- maven-resources-plugin:2.7:resources (default-resources) @ java-squid ---
[INFO] Using 'UTF-8' encoding to copy filtered resources.
[INFO] Copying 1 resource
[INFO] 
[INFO] --- maven-compiler-plugin:3.2:compile (default-compile) @ java-squid ---
[INFO] Changes detected - recompiling the module!
[INFO] Compiling 262 source files to /home/travis/build/SonarSource/sonar-java/java-squid/target/classes
[INFO] /home/travis/build/SonarSource/sonar-java/java-squid/src/main/java/org/sonar/java/ast/parser/ListTreeImpl.java: Some input files use unchecked or unsafe operations.
[INFO] /home/travis/build/SonarSource/sonar-java/java-squid/src/main/java/org/sonar/java/ast/parser/ListTreeImpl.java: Recompile with -Xlint:unchecked for details.
[INFO] 
[INFO] --- maven-dependency-plugin:2.9:unpack (unpack-test-projects) @ java-squid ---
[INFO] Configured Artifact: commons-collections:commons-collections:sources:3.2.1:jar
[INFO] Configured Artifact: commons-collections:commons-collections:3.2.1:jar
[INFO] Configured Artifact: org.apache.struts:struts-core:sources:1.3.9:jar
[INFO] Configured Artifact: org.apache.struts:struts-core:1.3.9:jar
[INFO] Unpacking /home/travis/.m2/repository/commons-collections/commons-collections/3.2.1/commons-collections-3.2.1-sources.jar to /home/travis/build/SonarSource/sonar-java/java-squid/target/test-projects/commons-collections-3.2.1/src with includes "" and excludes ""
[INFO] Unpacking /home/travis/.m2/repository/commons-collections/commons-collections/3.2.1/commons-collections-3.2.1.jar to /home/travis/build/SonarSource/sonar-java/java-squid/target/test-projects/commons-collections-3.2.1/bin with includes "" and excludes ""
[INFO] Unpacking /home/travis/.m2/repository/org/apache/struts/struts-core/1.3.9/struts-core-1.3.9-sources.jar to /home/travis/build/SonarSource/sonar-java/java-squid/target/test-projects/struts-core-1.3.9/src with includes "" and excludes ""
[INFO] Unpacking /home/travis/.m2/repository/org/apache/struts/struts-core/1.3.9/struts-core-1.3.9.jar to /home/travis/build/SonarSource/sonar-java/java-squid/target/test-projects/struts-core-1.3.9/bin with includes "" and excludes ""
[INFO] 
[INFO] --- maven-resources-plugin:2.7:testResources (default-testResources) @ java-squid ---
[INFO] Using 'UTF-8' encoding to copy filtered resources.
[INFO] Copying 5 resources
[INFO] 
[INFO] --- maven-compiler-plugin:3.2:testCompile (default-testCompile) @ java-squid ---
[INFO] Changes detected - recompiling the module!
[INFO] Compiling 161 source files to /home/travis/build/SonarSource/sonar-java/java-squid/target/test-classes
[INFO] /home/travis/build/SonarSource/sonar-java/java-squid/src/test/java/org/sonar/java/ast/visitors/FileLinesVisitorTest.java: Some input files use or override a deprecated API.
[INFO] /home/travis/build/SonarSource/sonar-java/java-squid/src/test/java/org/sonar/java/ast/visitors/FileLinesVisitorTest.java: Recompile with -Xlint:deprecation for details.
[INFO] /home/travis/build/SonarSource/sonar-java/java-squid/src/test/java/org/sonar/java/SonarComponentsTest.java: Some input files use unchecked or unsafe operations.
[INFO] /home/travis/build/SonarSource/sonar-java/java-squid/src/test/java/org/sonar/java/SonarComponentsTest.java: Recompile with -Xlint:unchecked for details.
[INFO] 
[INFO] --- maven-surefire-plugin:2.18:test (default-test) @ java-squid ---
[INFO] Surefire report directory: /home/travis/build/SonarSource/sonar-java/java-squid/target/surefire-reports

-------------------------------------------------------
 T E S T S
-------------------------------------------------------
Running org.sonar.java.ast.parser.grammar.statements.StatementTest
Tests run: 1, Failures: 0, Errors: 0, Skipped: 0, Time elapsed: 0.561 sec - in org.sonar.java.ast.parser.grammar.statements.StatementTest
Running org.sonar.java.bytecode.loader.JarLoaderTest
Tests run: 5, Failures: 0, Errors: 0, Skipped: 0, Time elapsed: 0.121 sec - in org.sonar.java.bytecode.loader.JarLoaderTest
Running org.sonar.java.bytecode.BytecodeVisitorsTest
Tests run: 16, Failures: 0, Errors: 0, Skipped: 0, Time elapsed: 0.377 sec - in org.sonar.java.bytecode.BytecodeVisitorsTest
Running org.sonar.java.signature.ParameterSignatureScannerTest
Tests run: 11, Failures: 0, Errors: 0, Skipped: 0, Time elapsed: 0 sec - in org.sonar.java.signature.ParameterSignatureScannerTest
Running org.sonar.java.ast.parser.grammar.annotations.AnnotationTypeDeclarationTest
Tests run: 1, Failures: 0, Errors: 0, Skipped: 0, Time elapsed: 0.025 sec - in org.sonar.java.ast.parser.grammar.annotations.AnnotationTypeDeclarationTest
Running org.sonar.java.ast.parser.PrinterVisitorTest
Tests run: 1, Failures: 0, Errors: 0, Skipped: 0, Time elapsed: 0.021 sec - in org.sonar.java.ast.parser.PrinterVisitorTest
Running org.sonar.java.bytecode.asm.AsmClassTest
Tests run: 4, Failures: 0, Errors: 0, Skipped: 0, Time elapsed: 0.003 sec - in org.sonar.java.bytecode.asm.AsmClassTest
Running org.sonar.java.ast.parser.grammar.units.PackageDeclarationTest
Tests run: 1, Failures: 0, Errors: 0, Skipped: 0, Time elapsed: 0.019 sec - in org.sonar.java.ast.parser.grammar.units.PackageDeclarationTest
Running org.sonar.java.ast.parser.ListTreeImplTest
Tests run: 2, Failures: 0, Errors: 0, Skipped: 0, Time elapsed: 0.002 sec - in org.sonar.java.ast.parser.ListTreeImplTest
Running org.sonar.java.ast.parser.grammar.statements.IfStatementTest
Tests run: 1, Failures: 0, Errors: 0, Skipped: 0, Time elapsed: 0.018 sec - in org.sonar.java.ast.parser.grammar.statements.IfStatementTest
Running org.sonar.java.DefaultJavaResourceLocatorTest
Tests run: 6, Failures: 0, Errors: 0, Skipped: 0, Time elapsed: 0.141 sec - in org.sonar.java.DefaultJavaResourceLocatorTest
Running org.sonar.java.ast.parser.grammar.types.TypeTest
Tests run: 1, Failures: 0, Errors: 0, Skipped: 0, Time elapsed: 0.019 sec - in org.sonar.java.ast.parser.grammar.types.TypeTest
Running org.sonar.java.ast.parser.grammar.statements.ContinueStatementTest
Tests run: 1, Failures: 0, Errors: 0, Skipped: 0, Time elapsed: 0.01 sec - in org.sonar.java.ast.parser.grammar.statements.ContinueStatementTest
Running org.sonar.java.JavaTestClasspathTest
Tests run: 2, Failures: 0, Errors: 0, Skipped: 0, Time elapsed: 0.059 sec - in org.sonar.java.JavaTestClasspathTest
Running org.sonar.java.ast.parser.grammar.parameters.FormalParameterTest
Tests run: 1, Failures: 0, Errors: 0, Skipped: 0, Time elapsed: 0.021 sec - in org.sonar.java.ast.parser.grammar.parameters.FormalParameterTest
Running org.sonar.java.ast.parser.grammar.literals.CharacterLiteralTest
Tests run: 1, Failures: 0, Errors: 0, Skipped: 0, Time elapsed: 0.01 sec - in org.sonar.java.ast.parser.grammar.literals.CharacterLiteralTest
Running org.sonar.java.bytecode.BytecodeScannerTest
Tests run: 1, Failures: 0, Errors: 0, Skipped: 0, Time elapsed: 0.017 sec - in org.sonar.java.bytecode.BytecodeScannerTest
Running org.sonar.java.model.ModifiersUtilsTest
Tests run: 1, Failures: 0, Errors: 0, Skipped: 0, Time elapsed: 0.018 sec - in org.sonar.java.model.ModifiersUtilsTest
Running org.sonar.java.ast.parser.grammar.statements.LocalVariableDeclarationStatementTest
Tests run: 1, Failures: 0, Errors: 0, Skipped: 0, Time elapsed: 0.02 sec - in org.sonar.java.ast.parser.grammar.statements.LocalVariableDeclarationStatementTest
Running org.sonar.java.ast.parser.grammar.parameters.FormalParameterDeclsRestTest
Tests run: 2, Failures: 0, Errors: 0, Skipped: 0, Time elapsed: 0.036 sec - in org.sonar.java.ast.parser.grammar.parameters.FormalParameterDeclsRestTest
Running org.sonar.java.bytecode.asm.AsmClassProviderImplTest
Tests run: 8, Failures: 0, Errors: 0, Skipped: 0, Time elapsed: 0.379 sec - in org.sonar.java.bytecode.asm.AsmClassProviderImplTest
Running org.sonar.java.ast.parser.grammar.types.TypeParameterTest
Tests run: 1, Failures: 0, Errors: 0, Skipped: 0, Time elapsed: 0.055 sec - in org.sonar.java.ast.parser.grammar.types.TypeParameterTest
Running org.sonar.java.ast.parser.grammar.types.TypeArgumentsTest
Tests run: 1, Failures: 0, Errors: 0, Skipped: 0, Time elapsed: 0.021 sec - in org.sonar.java.ast.parser.grammar.types.TypeArgumentsTest
Running org.sonar.java.model.VisitorsBridgeTest
Tests run: 1, Failures: 0, Errors: 0, Skipped: 0, Time elapsed: 0.201 sec - in org.sonar.java.model.VisitorsBridgeTest
Running org.sonar.java.bytecode.visitor.DependenciesVisitorTest
Tests run: 1, Failures: 0, Errors: 0, Skipped: 0, Time elapsed: 0 sec - in org.sonar.java.bytecode.visitor.DependenciesVisitorTest
Running org.sonar.java.ast.parser.grammar.statements.ForStatementTest
Tests run: 1, Failures: 0, Errors: 0, Skipped: 0, Time elapsed: 0.039 sec - in org.sonar.java.ast.parser.grammar.statements.ForStatementTest
Running org.sonar.java.bytecode.loader.FileSystemLoaderTest
Tests run: 4, Failures: 0, Errors: 0, Skipped: 0, Time elapsed: 0.005 sec - in org.sonar.java.bytecode.loader.FileSystemLoaderTest
Running org.sonar.java.ast.parser.grammar.statements.FinallyTest
Tests run: 1, Failures: 0, Errors: 0, Skipped: 0, Time elapsed: 0.049 sec - in org.sonar.java.ast.parser.grammar.statements.FinallyTest
Running org.sonar.java.ast.parser.grammar.parameters.FormalParameterDeclsTest
Tests run: 1, Failures: 0, Errors: 0, Skipped: 0, Time elapsed: 0.036 sec - in org.sonar.java.ast.parser.grammar.parameters.FormalParameterDeclsTest
Running org.sonar.java.ast.parser.grammar.enums.EnumDeclarationTest
Tests run: 2, Failures: 0, Errors: 0, Skipped: 0, Time elapsed: 0.064 sec - in org.sonar.java.ast.parser.grammar.enums.EnumDeclarationTest
Running org.sonar.java.ast.parser.grammar.expressions.ExpressionTest
Tests run: 2, Failures: 0, Errors: 0, Skipped: 0, Time elapsed: 0.044 sec - in org.sonar.java.ast.parser.grammar.expressions.ExpressionTest
Running org.sonar.java.syntaxtoken.FirstSyntaxTokenFinderTest
Tests run: 42, Failures: 0, Errors: 0, Skipped: 0, Time elapsed: 0.595 sec - in org.sonar.java.syntaxtoken.FirstSyntaxTokenFinderTest
Running org.sonar.java.resolve.SymbolsTest
Tests run: 4, Failures: 0, Errors: 0, Skipped: 0, Time elapsed: 0.01 sec - in org.sonar.java.resolve.SymbolsTest
Running org.sonar.java.resolve.TypeSubstitutionTest
Tests run: 9, Failures: 0, Errors: 0, Skipped: 0, Time elapsed: 0.007 sec - in org.sonar.java.resolve.TypeSubstitutionTest
Running org.sonar.java.ast.visitors.SonarSymbolTableVisitorTest
Tests run: 1, Failures: 0, Errors: 0, Skipped: 0, Time elapsed: 0.05 sec - in org.sonar.java.ast.visitors.SonarSymbolTableVisitorTest
Running org.sonar.java.bytecode.loader.SquidClassLoaderTest
Tests run: 8, Failures: 0, Errors: 0, Skipped: 0, Time elapsed: 0.008 sec - in org.sonar.java.bytecode.loader.SquidClassLoaderTest
Running org.sonar.java.bytecode.asm.AsmClassVisitorTest
Tests run: 9, Failures: 0, Errors: 0, Skipped: 0, Time elapsed: 0.023 sec - in org.sonar.java.bytecode.asm.AsmClassVisitorTest
Running org.sonar.java.ast.parser.grammar.literals.IdentifierTest
Tests run: 1, Failures: 0, Errors: 0, Skipped: 0, Time elapsed: 0.007 sec - in org.sonar.java.ast.parser.grammar.literals.IdentifierTest
Running org.sonar.java.SonarComponentsTest
Tests run: 3, Failures: 0, Errors: 0, Skipped: 0, Time elapsed: 0.035 sec - in org.sonar.java.SonarComponentsTest
Running org.sonar.java.ast.parser.grammar.literals.KeywordTest
Tests run: 1, Failures: 0, Errors: 0, Skipped: 0, Time elapsed: 0.006 sec - in org.sonar.java.ast.parser.grammar.literals.KeywordTest
Running org.sonar.java.model.declaration.ClassTreeImplTest
Tests run: 1, Failures: 0, Errors: 0, Skipped: 0, Time elapsed: 0.009 sec - in org.sonar.java.model.declaration.ClassTreeImplTest
Running org.sonar.java.ast.parser.grammar.literals.LiteralTest
Tests run: 1, Failures: 0, Errors: 0, Skipped: 0, Time elapsed: 0.005 sec - in org.sonar.java.ast.parser.grammar.literals.LiteralTest
Running org.sonar.java.resolve.JavaSymbolTest
Tests run: 10, Failures: 0, Errors: 0, Skipped: 0, Time elapsed: 0.061 sec - in org.sonar.java.resolve.JavaSymbolTest
Running org.sonar.java.ast.parser.grammar.literals.FloatLiteralTest
Tests run: 2, Failures: 0, Errors: 0, Skipped: 0, Time elapsed: 0.074 sec - in org.sonar.java.ast.parser.grammar.literals.FloatLiteralTest
Running org.sonar.java.model.declaration.MethodTreeImplTest
Tests run: 13, Failures: 0, Errors: 0, Skipped: 0, Time elapsed: 0.343 sec - in org.sonar.java.model.declaration.MethodTreeImplTest
Running org.sonar.java.resolve.FlagsTest
Tests run: 3, Failures: 0, Errors: 0, Skipped: 0, Time elapsed: 0.003 sec - in org.sonar.java.resolve.FlagsTest
Running org.sonar.java.resolve.JavaTypeTest
Tests run: 12, Failures: 0, Errors: 0, Skipped: 0, Time elapsed: 0.027 sec - in org.sonar.java.resolve.JavaTypeTest
Running org.sonar.java.ast.parser.grammar.types.TypeArgumentTest
Tests run: 1, Failures: 0, Errors: 0, Skipped: 0, Time elapsed: 0.004 sec - in org.sonar.java.ast.parser.grammar.types.TypeArgumentTest
Running org.sonar.java.ast.parser.grammar.CornerCasesTest
Tests run: 1, Failures: 0, Errors: 0, Skipped: 0, Time elapsed: 0.055 sec - in org.sonar.java.ast.parser.grammar.CornerCasesTest
Running org.sonar.java.ast.parser.grammar.types.ModifiersTest
Tests run: 1, Failures: 0, Errors: 0, Skipped: 0, Time elapsed: 0.003 sec - in org.sonar.java.ast.parser.grammar.types.ModifiersTest
Running org.sonar.java.ast.parser.grammar.statements.ExpressionStatementTest
Tests run: 1, Failures: 0, Errors: 0, Skipped: 0, Time elapsed: 0.003 sec - in org.sonar.java.ast.parser.grammar.statements.ExpressionStatementTest
Running org.sonar.java.ast.parser.grammar.statements.EmptyStatementTest
Tests run: 1, Failures: 0, Errors: 0, Skipped: 0, Time elapsed: 0.002 sec - in org.sonar.java.ast.parser.grammar.statements.EmptyStatementTest
Running org.sonar.java.ast.parser.grammar.types.BoundTest
Tests run: 1, Failures: 0, Errors: 0, Skipped: 0, Time elapsed: 0.003 sec - in org.sonar.java.ast.parser.grammar.types.BoundTest
Running org.sonar.java.ast.JavaAstScannerTest
Tests run: 6, Failures: 0, Errors: 0, Skipped: 0, Time elapsed: 0.105 sec - in org.sonar.java.ast.JavaAstScannerTest
Running org.sonar.java.ast.parser.grammar.statements.VariableDeclaratorsTest
Tests run: 1, Failures: 0, Errors: 0, Skipped: 0, Time elapsed: 0.002 sec - in org.sonar.java.ast.parser.grammar.statements.VariableDeclaratorsTest
Running org.sonar.java.model.SyntacticEquivalenceTest
Tests run: 5, Failures: 0, Errors: 0, Skipped: 0, Time elapsed: 0.02 sec - in org.sonar.java.model.SyntacticEquivalenceTest
Running org.sonar.java.ast.parser.grammar.classes.MemberDeclTest
Tests run: 1, Failures: 0, Errors: 0, Skipped: 0, Time elapsed: 0.003 sec - in org.sonar.java.ast.parser.grammar.classes.MemberDeclTest
Running org.sonar.java.resolve.BytecodeCompleterTest
Tests run: 21, Failures: 0, Errors: 0, Skipped: 0, Time elapsed: 0.103 sec - in org.sonar.java.resolve.BytecodeCompleterTest
Running org.sonar.java.ast.parser.grammar.parameters.FormalParametersTest
Tests run: 1, Failures: 0, Errors: 0, Skipped: 0, Time elapsed: 0.003 sec - in org.sonar.java.ast.parser.grammar.parameters.FormalParametersTest
Running org.sonar.java.SquidUserGuideTest
Tests run: 3, Failures: 0, Errors: 0, Skipped: 0, Time elapsed: 13.548 sec - in org.sonar.java.SquidUserGuideTest
Running org.sonar.java.ast.parser.grammar.parameters.VariableDeclaratorIdTest
Tests run: 1, Failures: 0, Errors: 0, Skipped: 0, Time elapsed: 0.003 sec - in org.sonar.java.ast.parser.grammar.parameters.VariableDeclaratorIdTest
Running org.sonar.plugins.java.api.IssuableSubscriptionVisitorTest
Tests run: 1, Failures: 0, Errors: 0, Skipped: 0, Time elapsed: 0.015 sec - in org.sonar.plugins.java.api.IssuableSubscriptionVisitorTest
Running org.sonar.java.filters.SuppressWarningsFilterTest
Tests run: 7, Failures: 0, Errors: 0, Skipped: 0, Time elapsed: 0.016 sec - in org.sonar.java.filters.SuppressWarningsFilterTest
Running org.sonar.java.ast.parser.grammar.expressions.RelationalExpressionTest
Tests run: 1, Failures: 0, Errors: 0, Skipped: 0, Time elapsed: 0.003 sec - in org.sonar.java.ast.parser.grammar.expressions.RelationalExpressionTest
Running org.sonar.java.resolve.ImportResolutionTest
Tests run: 12, Failures: 0, Errors: 0, Skipped: 0, Time elapsed: 0.172 sec - in org.sonar.java.resolve.ImportResolutionTest
Running org.sonar.java.bytecode.asm.AsmFieldTest
Tests run: 2, Failures: 0, Errors: 0, Skipped: 0, Time elapsed: 0.001 sec - in org.sonar.java.bytecode.asm.AsmFieldTest
Running org.sonar.java.ast.parser.grammar.units.TypeDeclarationTest
Tests run: 2, Failures: 0, Errors: 0, Skipped: 0, Time elapsed: 0.006 sec - in org.sonar.java.ast.parser.grammar.units.TypeDeclarationTest
Running org.sonar.java.ast.parser.grammar.statements.DoStatementTest
Tests run: 1, Failures: 0, Errors: 0, Skipped: 0, Time elapsed: 0.003 sec - in org.sonar.java.ast.parser.grammar.statements.DoStatementTest
Running org.sonar.java.ast.parser.grammar.statements.VariableDeclaratorTest
Tests run: 2, Failures: 0, Errors: 0, Skipped: 0, Time elapsed: 0.005 sec - in org.sonar.java.ast.parser.grammar.statements.VariableDeclaratorTest
Running org.sonar.java.resolve.SymbolTableTest
Tests run: 32, Failures: 0, Errors: 0, Skipped: 0, Time elapsed: 0.115 sec - in org.sonar.java.resolve.SymbolTableTest
Running org.sonar.java.resolve.MethodJavaSymbolTest
Tests run: 1, Failures: 0, Errors: 0, Skipped: 0, Time elapsed: 0.01 sec - in org.sonar.java.resolve.MethodJavaSymbolTest
Running org.sonar.java.ast.parser.grammar.statements.ThrowStatementTest
Tests run: 1, Failures: 0, Errors: 0, Skipped: 0, Time elapsed: 0.002 sec - in org.sonar.java.ast.parser.grammar.statements.ThrowStatementTest
Running org.sonar.java.model.expression.MethodInvocationTreeImplTest
Tests run: 1, Failures: 0, Errors: 0, Skipped: 0, Time elapsed: 0.002 sec - in org.sonar.java.model.expression.MethodInvocationTreeImplTest
Running org.sonar.java.bytecode.asm.AsmMethodVisitorTest
Tests run: 5, Failures: 0, Errors: 0, Skipped: 0, Time elapsed: 0.035 sec - in org.sonar.java.bytecode.asm.AsmMethodVisitorTest
Running org.sonar.java.ast.parser.grammar.statements.BlockStatementTest
Tests run: 1, Failures: 0, Errors: 0, Skipped: 0, Time elapsed: 0.007 sec - in org.sonar.java.ast.parser.grammar.statements.BlockStatementTest
Running org.sonar.java.MeasurerTest
Tests run: 14, Failures: 0, Errors: 0, Skipped: 0, Time elapsed: 0.307 sec - in org.sonar.java.MeasurerTest
Running org.sonar.java.ast.api.JavaPunctuatorTest
Tests run: 1, Failures: 0, Errors: 0, Skipped: 0, Time elapsed: 0 sec - in org.sonar.java.ast.api.JavaPunctuatorTest
Running org.sonar.java.ast.parser.grammar.classes.ClassDeclarationTest
Tests run: 2, Failures: 0, Errors: 0, Skipped: 0, Time elapsed: 0.001 sec - in org.sonar.java.ast.parser.grammar.classes.ClassDeclarationTest
Running org.sonar.java.bytecode.asm.AsmTypeTest
Tests run: 7, Failures: 0, Errors: 0, Skipped: 0, Time elapsed: 0.001 sec - in org.sonar.java.bytecode.asm.AsmTypeTest
Running org.sonar.java.model.LiteralUtilsTest
Tests run: 3, Failures: 0, Errors: 0, Skipped: 0, Time elapsed: 0.011 sec - in org.sonar.java.model.LiteralUtilsTest
Running org.sonar.java.bytecode.asm.AsmSignatureVisitorTest
Tests run: 6, Failures: 0, Errors: 0, Skipped: 0, Time elapsed: 0.003 sec - in org.sonar.java.bytecode.asm.AsmSignatureVisitorTest
Running org.sonar.java.ast.parser.grammar.statements.BlockStatementsTest
Tests run: 1, Failures: 0, Errors: 0, Skipped: 0, Time elapsed: 0.003 sec - in org.sonar.java.ast.parser.grammar.statements.BlockStatementsTest
Running org.sonar.java.resolve.ScopeTest
Tests run: 3, Failures: 0, Errors: 0, Skipped: 0, Time elapsed: 0.002 sec - in org.sonar.java.resolve.ScopeTest
Running org.sonar.java.ast.parser.grammar.statements.ReturnStatementTest
Tests run: 1, Failures: 0, Errors: 0, Skipped: 0, Time elapsed: 0.002 sec - in org.sonar.java.ast.parser.grammar.statements.ReturnStatementTest
Running org.sonar.java.model.PackageUtilsTest
Tests run: 4, Failures: 0, Errors: 0, Skipped: 0, Time elapsed: 0.004 sec - in org.sonar.java.model.PackageUtilsTest
Running org.sonar.java.model.JavaTreeModelTest
Tests run: 77, Failures: 0, Errors: 0, Skipped: 0, Time elapsed: 3.056 sec - in org.sonar.java.model.JavaTreeModelTest
Running org.sonar.java.ast.parser.grammar.statements.SwitchBlockStatementGroupTest
Tests run: 1, Failures: 0, Errors: 0, Skipped: 0, Time elapsed: 0 sec - in org.sonar.java.ast.parser.grammar.statements.SwitchBlockStatementGroupTest
Running org.sonar.java.JavaFilesCacheTest
Tests run: 3, Failures: 0, Errors: 0, Skipped: 0, Time elapsed: 0.021 sec - in org.sonar.java.JavaFilesCacheTest
Running org.sonar.java.ast.visitors.FileLinesVisitorTest
Tests run: 3, Failures: 0, Errors: 0, Skipped: 0, Time elapsed: 0.261 sec - in org.sonar.java.ast.visitors.FileLinesVisitorTest
Running org.sonar.java.ast.parser.grammar.statements.LabeledStatementTest
Tests run: 1, Failures: 0, Errors: 0, Skipped: 0, Time elapsed: 0.002 sec - in org.sonar.java.ast.parser.grammar.statements.LabeledStatementTest
Running org.sonar.java.ast.visitors.SyntaxHighlighterVisitorTest
Tests run: 4, Failures: 0, Errors: 0, Skipped: 0, Time elapsed: 0.1 sec - in org.sonar.java.ast.visitors.SyntaxHighlighterVisitorTest
Running org.sonar.java.ast.parser.grammar.statements.TryStatementTest
Tests run: 2, Failures: 0, Errors: 0, Skipped: 0, Time elapsed: 0 sec - in org.sonar.java.ast.parser.grammar.statements.TryStatementTest
Running org.sonar.java.ast.parser.grammar.literals.IntegerLiteralTest
Tests run: 2, Failures: 0, Errors: 0, Skipped: 0, Time elapsed: 0.012 sec - in org.sonar.java.ast.parser.grammar.literals.IntegerLiteralTest
Running org.sonar.java.ast.visitors.PublicApiCheckerTest
Tests run: 3, Failures: 0, Errors: 0, Skipped: 0, Time elapsed: 0.022 sec - in org.sonar.java.ast.visitors.PublicApiCheckerTest
Running org.sonar.java.bytecode.asm.AsmFieldVisitorTest
Tests run: 1, Failures: 0, Errors: 0, Skipped: 0, Time elapsed: 0.001 sec - in org.sonar.java.bytecode.asm.AsmFieldVisitorTest
Running org.sonar.java.ast.parser.grammar.statements.SynchronizedStatementTest
Tests run: 1, Failures: 0, Errors: 0, Skipped: 0, Time elapsed: 0.002 sec - in org.sonar.java.ast.parser.grammar.statements.SynchronizedStatementTest
Running org.sonar.java.signature.MethodSignaturePrinterTest
Tests run: 1, Failures: 0, Errors: 0, Skipped: 0, Time elapsed: 0 sec - in org.sonar.java.signature.MethodSignaturePrinterTest
Running org.sonar.java.ast.parser.grammar.statements.SwitchStatementTest
Tests run: 1, Failures: 0, Errors: 0, Skipped: 0, Time elapsed: 0.001 sec - in org.sonar.java.ast.parser.grammar.statements.SwitchStatementTest
Running org.sonar.java.ast.parser.grammar.statements.WhileStatementTest
Tests run: 1, Failures: 0, Errors: 0, Skipped: 0, Time elapsed: 0.001 sec - in org.sonar.java.ast.parser.grammar.statements.WhileStatementTest
Running org.sonar.java.model.TreeTokenCompletenessTest
Tests run: 1, Failures: 0, Errors: 0, Skipped: 0, Time elapsed: 0.056 sec - in org.sonar.java.model.TreeTokenCompletenessTest
Running org.sonar.java.ast.api.JavaKeywordTest
Tests run: 1, Failures: 0, Errors: 0, Skipped: 0, Time elapsed: 0 sec - in org.sonar.java.ast.api.JavaKeywordTest
Running org.sonar.java.JavaClasspathTest
Tests run: 20, Failures: 0, Errors: 0, Skipped: 0, Time elapsed: 0.053 sec - in org.sonar.java.JavaClasspathTest
Running org.sonar.java.ast.parser.grammar.units.ImportDeclarationTest
Tests run: 1, Failures: 0, Errors: 0, Skipped: 0, Time elapsed: 0.001 sec - in org.sonar.java.ast.parser.grammar.units.ImportDeclarationTest
Running org.sonar.java.ast.api.JavaTokenTypeTest
Tests run: 1, Failures: 0, Errors: 0, Skipped: 0, Time elapsed: 0 sec - in org.sonar.java.ast.api.JavaTokenTypeTest
Running org.sonar.java.resolve.SafetyNetTest
Tests run: 1, Failures: 0, Errors: 0, Skipped: 0, Time elapsed: 9.624 sec - in org.sonar.java.resolve.SafetyNetTest
Running org.sonar.java.StrutsTest
Tests run: 2, Failures: 0, Errors: 0, Skipped: 0, Time elapsed: 3.396 sec - in org.sonar.java.StrutsTest
Running org.sonar.java.ast.parser.grammar.units.CompilationUnitTest
Tests run: 1, Failures: 0, Errors: 0, Skipped: 0, Time elapsed: 0.002 sec - in org.sonar.java.ast.parser.grammar.units.CompilationUnitTest
Running org.sonar.java.ast.parser.grammar.literals.StringLiteralTest
Tests run: 2, Failures: 0, Errors: 0, Skipped: 0, Time elapsed: 0.002 sec - in org.sonar.java.ast.parser.grammar.literals.StringLiteralTest
Running org.sonar.java.ast.parser.grammar.statements.ResourceTest
Tests run: 2, Failures: 0, Errors: 0, Skipped: 0, Time elapsed: 0.002 sec - in org.sonar.java.ast.parser.grammar.statements.ResourceTest
Running org.sonar.java.ast.parser.JavaParserIntegrationTest
Tests run: 489, Failures: 0, Errors: 0, Skipped: 0, Time elapsed: 7.828 sec - in org.sonar.java.ast.parser.JavaParserIntegrationTest
Running org.sonar.java.ast.parser.grammar.statements.CatchClauseTest
Tests run: 1, Failures: 0, Errors: 0, Skipped: 0, Time elapsed: 0.001 sec - in org.sonar.java.ast.parser.grammar.statements.CatchClauseTest
Running org.sonar.java.resolve.ResolveTest
Tests run: 6, Failures: 0, Errors: 0, Skipped: 0, Time elapsed: 0 sec - in org.sonar.java.resolve.ResolveTest
Running org.sonar.java.resolve.ConvertTest
Tests run: 8, Failures: 0, Errors: 0, Skipped: 0, Time elapsed: 0 sec - in org.sonar.java.resolve.ConvertTest
Running org.sonar.java.ast.parser.grammar.statements.SwitchLabelTest
Tests run: 1, Failures: 0, Errors: 0, Skipped: 0, Time elapsed: 0 sec - in org.sonar.java.ast.parser.grammar.statements.SwitchLabelTest
Running org.sonar.java.bytecode.asm.AsmSignatureTest
Tests run: 2, Failures: 0, Errors: 0, Skipped: 0, Time elapsed: 0 sec - in org.sonar.java.bytecode.asm.AsmSignatureTest
Running org.sonar.java.syntaxtoken.LastSyntaxTokenFinderTest
Tests run: 44, Failures: 0, Errors: 0, Skipped: 0, Time elapsed: 0.11 sec - in org.sonar.java.syntaxtoken.LastSyntaxTokenFinderTest
Running org.sonar.plugins.java.api.tree.TreeTest
Tests run: 1, Failures: 0, Errors: 0, Skipped: 0, Time elapsed: 0 sec - in org.sonar.plugins.java.api.tree.TreeTest
Running org.sonar.java.ast.parser.grammar.interfaces.InterfaceDeclarationTest
Tests run: 2, Failures: 0, Errors: 0, Skipped: 0, Time elapsed: 0.001 sec - in org.sonar.java.ast.parser.grammar.interfaces.InterfaceDeclarationTest
Running org.sonar.java.ast.parser.grammar.statements.AssertStatementTest
Tests run: 1, Failures: 0, Errors: 0, Skipped: 0, Time elapsed: 0.001 sec - in org.sonar.java.ast.parser.grammar.statements.AssertStatementTest
Running org.sonar.plugins.java.api.CheckRegistrarTest
Tests run: 1, Failures: 0, Errors: 0, Skipped: 0, Time elapsed: 0.001 sec - in org.sonar.plugins.java.api.CheckRegistrarTest
Running org.sonar.java.model.KindMapsTest
Tests run: 6, Failures: 0, Errors: 0, Skipped: 0, Time elapsed: 0.002 sec - in org.sonar.java.model.KindMapsTest
Running org.sonar.java.bytecode.asm.AsmMethodTest
Tests run: 6, Failures: 0, Errors: 0, Skipped: 0, Time elapsed: 0.018 sec - in org.sonar.java.bytecode.asm.AsmMethodTest
Running org.sonar.java.ast.parser.grammar.enums.EnumConstantTest
Tests run: 2, Failures: 0, Errors: 0, Skipped: 0, Time elapsed: 0.003 sec - in org.sonar.java.ast.parser.grammar.enums.EnumConstantTest
Running org.sonar.java.resolve.TypesTest
Tests run: 2, Failures: 0, Errors: 0, Skipped: 0, Time elapsed: 0.001 sec - in org.sonar.java.resolve.TypesTest
Running org.sonar.java.ast.parser.grammar.statements.BlockTest
Tests run: 1, Failures: 0, Errors: 0, Skipped: 0, Time elapsed: 0.001 sec - in org.sonar.java.ast.parser.grammar.statements.BlockTest
Running org.sonar.java.ast.parser.grammar.statements.BreakStatementTest
Tests run: 1, Failures: 0, Errors: 0, Skipped: 0, Time elapsed: 0.001 sec - in org.sonar.java.ast.parser.grammar.statements.BreakStatementTest
Running org.sonar.java.ast.parser.grammar.types.TypeParametersTest
Tests run: 1, Failures: 0, Errors: 0, Skipped: 0, Time elapsed: 0.001 sec - in org.sonar.java.ast.parser.grammar.types.TypeParametersTest
Running org.sonar.java.ast.visitors.AccessorsUtilsTest
Tests run: 15, Failures: 0, Errors: 0, Skipped: 0, Time elapsed: 0.025 sec - in org.sonar.java.ast.visitors.AccessorsUtilsTest
Running org.sonar.java.signature.ParameterSignaturePrinterTest
Tests run: 4, Failures: 0, Errors: 0, Skipped: 0, Time elapsed: 0 sec - in org.sonar.java.signature.ParameterSignaturePrinterTest
Running org.sonar.java.resolve.TypeAndReferenceSolverTest
Tests run: 29, Failures: 0, Errors: 0, Skipped: 0, Time elapsed: 1.431 sec - in org.sonar.java.resolve.TypeAndReferenceSolverTest
Running org.sonar.java.signature.ParameterTest
Tests run: 4, Failures: 0, Errors: 0, Skipped: 0, Time elapsed: 0 sec - in org.sonar.java.signature.ParameterTest
Running org.sonar.java.signature.MethodSignatureScannerTest
Tests run: 4, Failures: 0, Errors: 0, Skipped: 0, Time elapsed: 0 sec - in org.sonar.java.signature.MethodSignatureScannerTest
Running org.sonar.java.bytecode.asm.AsmClassProviderTest
Tests run: 1, Failures: 0, Errors: 0, Skipped: 0, Time elapsed: 0 sec - in org.sonar.java.bytecode.asm.AsmClassProviderTest

Results :




Tests run: 1124, Failures: 0, Errors: 0, Skipped: 0

[INFO] 
[INFO] --- maven-jar-plugin:2.5:jar (default-jar) @ java-squid ---
[INFO] Building jar: /home/travis/build/SonarSource/sonar-java/java-squid/target/java-squid-3.5-SNAPSHOT.jar
[INFO] 
[INFO] --- animal-sniffer-maven-plugin:1.13:check (enforce-java-api-compatibility) @ java-squid ---
[INFO] Checking unresolved references to org.codehaus.mojo.signature:java17:1.0
[INFO] 
[INFO] --- maven-source-plugin:2.4:jar-no-fork (attach-sources) @ java-squid ---
[INFO] Building jar: /home/travis/build/SonarSource/sonar-java/java-squid/target/java-squid-3.5-SNAPSHOT-sources.jar
[INFO]                                                                         
[INFO] ------------------------------------------------------------------------
[INFO] Building SonarQube Java :: Checks 3.5-SNAPSHOT
[INFO] ------------------------------------------------------------------------
[INFO] 
[INFO] --- buildnumber-maven-plugin:1.3:create (default) @ java-checks ---
[INFO] 
[INFO] --- maven-enforcer-plugin:1.3.1:enforce (enforce) @ java-checks ---
[INFO] 
[INFO] --- maven-license-plugin:1.10.b1:check (enforce-license-headers) @ java-checks ---
[INFO] Checking licenses...
[INFO] 
[INFO] --- maven-resources-plugin:2.7:resources (default-resources) @ java-checks ---
[INFO] Using 'UTF-8' encoding to copy filtered resources.
[INFO] Copying 319 resources
[INFO] 
[INFO] --- maven-compiler-plugin:3.2:compile (default-compile) @ java-checks ---
[INFO] Changes detected - recompiling the module!
[INFO] Compiling 364 source files to /home/travis/build/SonarSource/sonar-java/java-checks/target/classes
[INFO] /home/travis/build/SonarSource/sonar-java/java-checks/src/main/java/org/sonar/java/checks/TabCharacter_S00105_Check.java: Some input files use or override a deprecated API.
[INFO] /home/travis/build/SonarSource/sonar-java/java-checks/src/main/java/org/sonar/java/checks/TabCharacter_S00105_Check.java: Recompile with -Xlint:deprecation for details.
[INFO] 
[INFO] --- maven-resources-plugin:2.7:testResources (default-testResources) @ java-checks ---
[INFO] Using 'UTF-8' encoding to copy filtered resources.
[INFO] Copying 19 resources
[INFO] 
[INFO] --- maven-compiler-plugin:3.2:testCompile (default-testCompile) @ java-checks ---
[INFO] Changes detected - recompiling the module!
[INFO] Compiling 345 source files to /home/travis/build/SonarSource/sonar-java/java-checks/target/test-classes
[INFO] /home/travis/build/SonarSource/sonar-java/java-checks/src/test/java/org/sonar/java/checks/CheckListTest.java: Some input files use or override a deprecated API.
[INFO] /home/travis/build/SonarSource/sonar-java/java-checks/src/test/java/org/sonar/java/checks/CheckListTest.java: Recompile with -Xlint:deprecation for details.
[INFO] 
[INFO] --- maven-dependency-plugin:2.10:copy (copy) @ java-checks ---
[INFO] Configured Artifact: junit:junit:4.12:jar
[INFO] Configured Artifact: org.easytesting:fest-assert:1.4:jar
[INFO] Configured Artifact: org.mockito:mockito-all:1.9.0:jar
[INFO] Configured Artifact: org.springframework:spring-context:4.1.6.RELEASE:jar
[INFO] Configured Artifact: org.projectlombok:lombok:1.16.4:jar
[INFO] Configured Artifact: org.apache.maven:maven-plugin-api:3.3.3:jar
[INFO] Configured Artifact: org.assertj:assertj-core:2.1.0:jar
[INFO] Configured Artifact: javax:javaee-api:7.0:jar
[INFO] Configured Artifact: com.google.guava:guava:10.0.1:jar
[INFO] Configured Artifact: org.apache.commons:commons-collections4:4.0:jar
[INFO] Copying junit-4.12.jar to /home/travis/build/SonarSource/sonar-java/java-checks/target/test-jars/junit-4.12.jar
[INFO] Copying fest-assert-1.4.jar to /home/travis/build/SonarSource/sonar-java/java-checks/target/test-jars/fest-assert-1.4.jar
[INFO] Copying mockito-all-1.9.0.jar to /home/travis/build/SonarSource/sonar-java/java-checks/target/test-jars/mockito-all-1.9.0.jar
[INFO] Copying spring-context-4.1.6.RELEASE.jar to /home/travis/build/SonarSource/sonar-java/java-checks/target/test-jars/spring-context-4.1.6.RELEASE.jar
[INFO] Copying lombok-1.16.4.jar to /home/travis/build/SonarSource/sonar-java/java-checks/target/test-jars/lombok-1.16.4.jar
[INFO] Copying maven-plugin-api-3.3.3.jar to /home/travis/build/SonarSource/sonar-java/java-checks/target/test-jars/maven-plugin-api-3.3.3.jar
[INFO] Copying assertj-core-2.1.0.jar to /home/travis/build/SonarSource/sonar-java/java-checks/target/test-jars/assertj-core-2.1.0.jar
[INFO] Copying javaee-api-7.0.jar to /home/travis/build/SonarSource/sonar-java/java-checks/target/test-jars/javaee-api-7.0.jar
[INFO] Copying guava-10.0.1.jar to /home/travis/build/SonarSource/sonar-java/java-checks/target/test-jars/guava-10.0.1.jar
[INFO] Copying commons-collections4-4.0.jar to /home/travis/build/SonarSource/sonar-java/java-checks/target/test-jars/commons-collections4-4.0.jar
[INFO] 
[INFO] --- maven-surefire-plugin:2.18:test (default-test) @ java-checks ---
[INFO] Surefire report directory: /home/travis/build/SonarSource/sonar-java/java-checks/target/surefire-reports

-------------------------------------------------------
 T E S T S
-------------------------------------------------------
Running org.sonar.java.checks.CatchOfThrowableOrErrorCheckTest
Tests run: 1, Failures: 0, Errors: 0, Skipped: 0, Time elapsed: 0.993 sec - in org.sonar.java.checks.CatchOfThrowableOrErrorCheckTest
Running org.sonar.java.checks.ExpressionComplexityCheckTest
Tests run: 2, Failures: 0, Errors: 0, Skipped: 0, Time elapsed: 0.33 sec - in org.sonar.java.checks.ExpressionComplexityCheckTest
Running org.sonar.java.checks.StringConcatenationInLoopCheckTest
Tests run: 1, Failures: 0, Errors: 0, Skipped: 0, Time elapsed: 0.199 sec - in org.sonar.java.checks.StringConcatenationInLoopCheckTest
Running org.sonar.java.checks.ArrayHashCodeAndToStringCheckTest
Tests run: 1, Failures: 0, Errors: 0, Skipped: 0, Time elapsed: 0.114 sec - in org.sonar.java.checks.ArrayHashCodeAndToStringCheckTest
Running org.sonar.java.checks.WaitInWhileLoopCheckTest
Tests run: 1, Failures: 0, Errors: 0, Skipped: 0, Time elapsed: 0.092 sec - in org.sonar.java.checks.WaitInWhileLoopCheckTest
Running org.sonar.java.checks.LeftCurlyBraceStartLineCheckTest
Tests run: 1, Failures: 0, Errors: 0, Skipped: 0, Time elapsed: 0.103 sec - in org.sonar.java.checks.LeftCurlyBraceStartLineCheckTest
Running org.sonar.java.checks.IndentationCheckTest
Tests run: 2, Failures: 0, Errors: 0, Skipped: 0, Time elapsed: 0.555 sec - in org.sonar.java.checks.IndentationCheckTest
Running org.sonar.java.checks.CollectionInappropriateCallsCheckTest
Tests run: 1, Failures: 0, Errors: 0, Skipped: 0, Time elapsed: 0.316 sec - in org.sonar.java.checks.CollectionInappropriateCallsCheckTest
Running org.sonar.java.checks.AbstractClassNoFieldShouldBeInterfaceCheckTest
Tests run: 1, Failures: 0, Errors: 0, Skipped: 0, Time elapsed: 0.023 sec - in org.sonar.java.checks.AbstractClassNoFieldShouldBeInterfaceCheckTest
Running org.sonar.java.checks.EqualsNotOverridenWithCompareToCheckTest
Tests run: 1, Failures: 0, Errors: 0, Skipped: 0, Time elapsed: 0.057 sec - in org.sonar.java.checks.EqualsNotOverridenWithCompareToCheckTest
Running org.sonar.java.checks.UselessParenthesesCheckTest
Tests run: 1, Failures: 0, Errors: 0, Skipped: 0, Time elapsed: 0.073 sec - in org.sonar.java.checks.UselessParenthesesCheckTest
Running org.sonar.java.checks.ShiftOnIntOrLongCheckTest
Tests run: 1, Failures: 0, Errors: 0, Skipped: 0, Time elapsed: 0.05 sec - in org.sonar.java.checks.ShiftOnIntOrLongCheckTest
Running org.sonar.java.checks.NotifyCheckTest
Tests run: 1, Failures: 0, Errors: 0, Skipped: 0, Time elapsed: 0.03 sec - in org.sonar.java.checks.NotifyCheckTest
Running org.sonar.java.checks.ParameterReassignedToCheckTest
Tests run: 1, Failures: 0, Errors: 0, Skipped: 0, Time elapsed: 0.046 sec - in org.sonar.java.checks.ParameterReassignedToCheckTest
Running org.sonar.java.checks.PrimitiveTypeBoxingWithToStringCheckTest
Tests run: 1, Failures: 0, Errors: 0, Skipped: 0, Time elapsed: 0.088 sec - in org.sonar.java.checks.PrimitiveTypeBoxingWithToStringCheckTest
Running org.sonar.java.checks.MutableMembersUsageCheckTest
Tests run: 1, Failures: 0, Errors: 0, Skipped: 0, Time elapsed: 0.083 sec - in org.sonar.java.checks.MutableMembersUsageCheckTest
Running org.sonar.java.checks.MembersDifferOnlyByCapitalizationCheckTest
Tests run: 1, Failures: 0, Errors: 0, Skipped: 0, Time elapsed: 0.067 sec - in org.sonar.java.checks.MembersDifferOnlyByCapitalizationCheckTest
Running org.sonar.java.checks.ClassNamedLikeExceptionCheckTest
Tests run: 1, Failures: 0, Errors: 0, Skipped: 0, Time elapsed: 0.022 sec - in org.sonar.java.checks.ClassNamedLikeExceptionCheckTest
Running org.sonar.java.checks.UselessObjectCreationCheckTest
Tests run: 1, Failures: 0, Errors: 0, Skipped: 0, Time elapsed: 0.06 sec - in org.sonar.java.checks.UselessObjectCreationCheckTest
Running org.sonar.java.checks.SuppressWarningsCheckTest
Tests run: 5, Failures: 0, Errors: 0, Skipped: 0, Time elapsed: 0.204 sec - in org.sonar.java.checks.SuppressWarningsCheckTest
Running org.sonar.java.checks.BadInterfaceName_S00114_CheckTest
Tests run: 2, Failures: 0, Errors: 0, Skipped: 0, Time elapsed: 0.184 sec - in org.sonar.java.checks.BadInterfaceName_S00114_CheckTest
Running org.sonar.java.checks.StringToStringCheckTest
Tests run: 1, Failures: 0, Errors: 0, Skipped: 0, Time elapsed: 0.092 sec - in org.sonar.java.checks.StringToStringCheckTest
Running org.sonar.java.checks.HttpRefererCheckTest
Tests run: 1, Failures: 0, Errors: 0, Skipped: 0, Time elapsed: 0.034 sec - in org.sonar.java.checks.HttpRefererCheckTest
Running org.sonar.java.checks.NoSonarCheckTest
Tests run: 1, Failures: 0, Errors: 0, Skipped: 0, Time elapsed: 0.056 sec - in org.sonar.java.checks.NoSonarCheckTest
Running org.sonar.java.checks.UnusedPrivateMethodCheckTest
Tests run: 2, Failures: 0, Errors: 0, Skipped: 0, Time elapsed: 0.523 sec - in org.sonar.java.checks.UnusedPrivateMethodCheckTest
Running org.sonar.java.checks.UndocumentedApiCheckTest
Tests run: 2, Failures: 0, Errors: 0, Skipped: 0, Time elapsed: 0.223 sec - in org.sonar.java.checks.UndocumentedApiCheckTest
Running org.sonar.java.checks.MultilineBlocksCurlyBracesCheckTest
Tests run: 1, Failures: 0, Errors: 0, Skipped: 0, Time elapsed: 0.115 sec - in org.sonar.java.checks.MultilineBlocksCurlyBracesCheckTest
Running org.sonar.java.checks.InnerClassOfSerializableCheckTest
Tests run: 1, Failures: 0, Errors: 0, Skipped: 0, Time elapsed: 0.021 sec - in org.sonar.java.checks.InnerClassOfSerializableCheckTest
Running org.sonar.java.checks.InterfaceStaticMutableMemberCheckTest
Tests run: 1, Failures: 0, Errors: 0, Skipped: 0, Time elapsed: 0.258 sec - in org.sonar.java.checks.InterfaceStaticMutableMemberCheckTest
Running org.sonar.java.checks.DeprecatedHashAlgorithmCheckTest
Tests run: 1, Failures: 0, Errors: 0, Skipped: 0, Time elapsed: 0.14 sec - in org.sonar.java.checks.DeprecatedHashAlgorithmCheckTest
Running org.sonar.java.checks.BooleanMethodReturnCheckTest
Tests run: 1, Failures: 0, Errors: 0, Skipped: 0, Time elapsed: 0.079 sec - in org.sonar.java.checks.BooleanMethodReturnCheckTest
Running org.sonar.java.checks.AnonymousClassShouldBeLambdaCheckTest
Tests run: 1, Failures: 0, Errors: 0, Skipped: 0, Time elapsed: 0.059 sec - in org.sonar.java.checks.AnonymousClassShouldBeLambdaCheckTest
Running org.sonar.java.checks.ForLoopTerminationConditionCheckTest
Tests run: 1, Failures: 0, Errors: 0, Skipped: 0, Time elapsed: 0.115 sec - in org.sonar.java.checks.ForLoopTerminationConditionCheckTest
Running org.sonar.java.checks.SerializableContractTest
Tests run: 2, Failures: 0, Errors: 0, Skipped: 0, Time elapsed: 0.014 sec - in org.sonar.java.checks.SerializableContractTest
Running org.sonar.java.checks.InnerStaticClassesCheckTest
Tests run: 1, Failures: 0, Errors: 0, Skipped: 0, Time elapsed: 0.108 sec - in org.sonar.java.checks.InnerStaticClassesCheckTest
Running org.sonar.java.checks.HardCodedCredentialsCheckTest
Tests run: 1, Failures: 0, Errors: 0, Skipped: 0, Time elapsed: 0.078 sec - in org.sonar.java.checks.HardCodedCredentialsCheckTest
Running org.sonar.java.checks.NonShortCircuitLogicCheckTest
Tests run: 1, Failures: 0, Errors: 0, Skipped: 0, Time elapsed: 0.039 sec - in org.sonar.java.checks.NonShortCircuitLogicCheckTest
Running org.sonar.java.checks.LowerCaseLongSuffixCheckTest
Tests run: 1, Failures: 0, Errors: 0, Skipped: 0, Time elapsed: 0.032 sec - in org.sonar.java.checks.LowerCaseLongSuffixCheckTest
Running org.sonar.java.checks.WaitOnConditionCheckTest
Tests run: 1, Failures: 0, Errors: 0, Skipped: 0, Time elapsed: 0.007 sec - in org.sonar.java.checks.WaitOnConditionCheckTest
Running org.sonar.java.checks.ReplaceLambdaByMethodRefCheckTest
Tests run: 1, Failures: 0, Errors: 0, Skipped: 0, Time elapsed: 0.037 sec - in org.sonar.java.checks.ReplaceLambdaByMethodRefCheckTest
Running org.sonar.java.symexec.SymbolicBooleanConstraintTest
Tests run: 3, Failures: 0, Errors: 0, Skipped: 0, Time elapsed: 0.003 sec - in org.sonar.java.symexec.SymbolicBooleanConstraintTest
Running org.sonar.java.checks.KeySetInsteadOfEntrySetCheckTest
Tests run: 1, Failures: 0, Errors: 0, Skipped: 0, Time elapsed: 0.044 sec - in org.sonar.java.checks.KeySetInsteadOfEntrySetCheckTest
Running org.sonar.java.checks.ClassWithOnlyStaticMethodsInstantiationCheckTest
Tests run: 1, Failures: 0, Errors: 0, Skipped: 0, Time elapsed: 0.026 sec - in org.sonar.java.checks.ClassWithOnlyStaticMethodsInstantiationCheckTest
Running org.sonar.java.checks.RedundantTypeCastCheckTest
Tests run: 1, Failures: 0, Errors: 0, Skipped: 0, Time elapsed: 0.034 sec - in org.sonar.java.checks.RedundantTypeCastCheckTest
Running org.sonar.java.checks.SwitchLastCaseIsDefaultCheckTest
Tests run: 1, Failures: 0, Errors: 0, Skipped: 0, Time elapsed: 0.014 sec - in org.sonar.java.checks.SwitchLastCaseIsDefaultCheckTest
Running org.sonar.java.checks.AnonymousClassesTooBigCheckTest
Tests run: 2, Failures: 0, Errors: 0, Skipped: 0, Time elapsed: 0.108 sec - in org.sonar.java.checks.AnonymousClassesTooBigCheckTest
Running org.sonar.java.checks.RedundantThrowsDeclarationCheckTest
Tests run: 1, Failures: 0, Errors: 0, Skipped: 0, Time elapsed: 0.071 sec - in org.sonar.java.checks.RedundantThrowsDeclarationCheckTest
Running org.sonar.java.checks.TooManyParameters_S00107_CheckTest
Tests run: 2, Failures: 0, Errors: 0, Skipped: 0, Time elapsed: 0.057 sec - in org.sonar.java.checks.TooManyParameters_S00107_CheckTest
Running org.sonar.java.checks.AssertionsCompletenessCheckTest
Tests run: 1, Failures: 0, Errors: 0, Skipped: 0, Time elapsed: 0.144 sec - in org.sonar.java.checks.AssertionsCompletenessCheckTest
Running org.sonar.java.checks.IgnoredTestsCheckTest
Tests run: 1, Failures: 0, Errors: 0, Skipped: 0, Time elapsed: 0.036 sec - in org.sonar.java.checks.IgnoredTestsCheckTest
Running org.sonar.java.checks.PublicStaticMutableMembersCheckTest
Tests run: 1, Failures: 0, Errors: 0, Skipped: 0, Time elapsed: 0.111 sec - in org.sonar.java.checks.PublicStaticMutableMembersCheckTest
Running org.sonar.java.checks.SerializableSuperConstructorCheckTest
Tests run: 1, Failures: 0, Errors: 0, Skipped: 0, Time elapsed: 0.01 sec - in org.sonar.java.checks.SerializableSuperConstructorCheckTest
Running org.sonar.java.checks.BadFieldName_S00116_CheckTest
Tests run: 2, Failures: 0, Errors: 0, Skipped: 0, Time elapsed: 0.173 sec - in org.sonar.java.checks.BadFieldName_S00116_CheckTest
Running org.sonar.java.checks.InterfaceAsConstantContainerCheckTest
Tests run: 1, Failures: 0, Errors: 0, Skipped: 0, Time elapsed: 0.036 sec - in org.sonar.java.checks.InterfaceAsConstantContainerCheckTest
Running org.sonar.java.checks.SwitchCaseWithoutBreakCheckTest
Tests run: 1, Failures: 0, Errors: 0, Skipped: 0, Time elapsed: 0.023 sec - in org.sonar.java.checks.SwitchCaseWithoutBreakCheckTest
Running org.sonar.java.checks.ArrayEqualsCheckTest
Tests run: 1, Failures: 0, Errors: 0, Skipped: 0, Time elapsed: 0.019 sec - in org.sonar.java.checks.ArrayEqualsCheckTest
Running org.sonar.java.checks.CollectionCallingItselfCheckTest
Tests run: 1, Failures: 0, Errors: 0, Skipped: 0, Time elapsed: 0.022 sec - in org.sonar.java.checks.CollectionCallingItselfCheckTest
Running org.sonar.java.checks.MismatchPackageDirectoryCheckTest
Tests run: 3, Failures: 0, Errors: 0, Skipped: 0, Time elapsed: 0.016 sec - in org.sonar.java.checks.MismatchPackageDirectoryCheckTest
Running org.sonar.java.checks.SunPackagesUsedCheckTest
Tests run: 2, Failures: 0, Errors: 0, Skipped: 0, Time elapsed: 0.017 sec - in org.sonar.java.checks.SunPackagesUsedCheckTest
Running org.sonar.java.symexec.SymbolicEvaluatorTest
Tests run: 27, Failures: 0, Errors: 0, Skipped: 0, Time elapsed: 0.345 sec - in org.sonar.java.symexec.SymbolicEvaluatorTest
Running org.sonar.java.checks.DisallowedMethodCheckTest
Tests run: 4, Failures: 0, Errors: 0, Skipped: 0, Time elapsed: 0.053 sec - in org.sonar.java.checks.DisallowedMethodCheckTest
Running org.sonar.java.checks.SwitchAtLeastThreeCasesCheckTest
Tests run: 1, Failures: 0, Errors: 0, Skipped: 0, Time elapsed: 0.007 sec - in org.sonar.java.checks.SwitchAtLeastThreeCasesCheckTest
Running org.sonar.java.checks.TransientFieldInNonSerializableCheckTest
Tests run: 1, Failures: 0, Errors: 0, Skipped: 0, Time elapsed: 0.006 sec - in org.sonar.java.checks.TransientFieldInNonSerializableCheckTest
Running org.sonar.java.checks.SystemExitCalledCheckTest
Tests run: 1, Failures: 0, Errors: 0, Skipped: 0, Time elapsed: 0.016 sec - in org.sonar.java.checks.SystemExitCalledCheckTest
Running org.sonar.java.checks.InvalidDateValuesCheckTest
Tests run: 1, Failures: 0, Errors: 0, Skipped: 0, Time elapsed: 0.031 sec - in org.sonar.java.checks.InvalidDateValuesCheckTest
Running org.sonar.java.checks.UselessConditionCheckTest
Tests run: 1, Failures: 0, Errors: 0, Skipped: 0, Time elapsed: 0.565 sec - in org.sonar.java.checks.UselessConditionCheckTest
Running org.sonar.java.checks.SwitchWithLabelsCheckTest
Tests run: 1, Failures: 0, Errors: 0, Skipped: 0, Time elapsed: 0.005 sec - in org.sonar.java.checks.SwitchWithLabelsCheckTest
Running org.sonar.java.checks.MethodWithExcessiveReturnsCheckTest
Tests run: 2, Failures: 0, Errors: 0, Skipped: 0, Time elapsed: 0.034 sec - in org.sonar.java.checks.MethodWithExcessiveReturnsCheckTest
Running org.sonar.java.checks.CatchIllegalMonitorStateExceptionCheckTest
Tests run: 1, Failures: 0, Errors: 0, Skipped: 0, Time elapsed: 0.008 sec - in org.sonar.java.checks.CatchIllegalMonitorStateExceptionCheckTest
Running org.sonar.java.checks.DefaultPackageCheckTest
Tests run: 2, Failures: 0, Errors: 0, Skipped: 0, Time elapsed: 0.008 sec - in org.sonar.java.checks.DefaultPackageCheckTest
Running org.sonar.java.checks.ClassCouplingCheckTest
Tests run: 2, Failures: 0, Errors: 0, Skipped: 0, Time elapsed: 0.046 sec - in org.sonar.java.checks.ClassCouplingCheckTest
Running org.sonar.java.checks.IgnoredStreamReturnValueCheckTest
Tests run: 1, Failures: 0, Errors: 0, Skipped: 0, Time elapsed: 0.02 sec - in org.sonar.java.checks.IgnoredStreamReturnValueCheckTest
Running org.sonar.java.checks.FinalClassCheckTest
Tests run: 1, Failures: 0, Errors: 0, Skipped: 0, Time elapsed: 0.008 sec - in org.sonar.java.checks.FinalClassCheckTest
Running org.sonar.java.checks.EqualsArgumentTypeCheckTest
Tests run: 1, Failures: 0, Errors: 0, Skipped: 0, Time elapsed: 0.035 sec - in org.sonar.java.checks.EqualsArgumentTypeCheckTest
Running org.sonar.java.checks.CollapsibleIfCandidateCheckTest
Tests run: 1, Failures: 0, Errors: 0, Skipped: 0, Time elapsed: 0.043 sec - in org.sonar.java.checks.CollapsibleIfCandidateCheckTest
Running org.sonar.java.checks.CycleBetweenPackagesCheckTest
Tests run: 1, Failures: 0, Errors: 0, Skipped: 0, Time elapsed: 0.001 sec - in org.sonar.java.checks.CycleBetweenPackagesCheckTest
Running org.sonar.java.checks.SerializableComparatorCheckTest
Tests run: 1, Failures: 0, Errors: 0, Skipped: 0, Time elapsed: 0.018 sec - in org.sonar.java.checks.SerializableComparatorCheckTest
Running org.sonar.java.checks.SelectorMethodArgumentCheckTest
Tests run: 1, Failures: 0, Errors: 0, Skipped: 0, Time elapsed: 0.037 sec - in org.sonar.java.checks.SelectorMethodArgumentCheckTest
Running org.sonar.java.checks.PseudoRandomCheckTest
Tests run: 1, Failures: 0, Errors: 0, Skipped: 0, Time elapsed: 0.034 sec - in org.sonar.java.checks.PseudoRandomCheckTest
Running org.sonar.java.checks.StaticMembersAccessCheckTest
Tests run: 1, Failures: 0, Errors: 0, Skipped: 0, Time elapsed: 0.025 sec - in org.sonar.java.checks.StaticMembersAccessCheckTest
Running org.sonar.java.checks.FieldMatchMethodNameCheckTest
Tests run: 1, Failures: 0, Errors: 0, Skipped: 0, Time elapsed: 0.025 sec - in org.sonar.java.checks.FieldMatchMethodNameCheckTest
Running org.sonar.java.checks.NullPointerCheckTest
Tests run: 9, Failures: 0, Errors: 0, Skipped: 0, Time elapsed: 0.187 sec - in org.sonar.java.checks.NullPointerCheckTest
Running org.sonar.java.checks.EmptyClassCheckTest
Tests run: 1, Failures: 0, Errors: 0, Skipped: 0, Time elapsed: 0.039 sec - in org.sonar.java.checks.EmptyClassCheckTest
Running org.sonar.java.checks.DefaultEncodingUsageCheckTest
Tests run: 1, Failures: 0, Errors: 0, Skipped: 0, Time elapsed: 0.074 sec - in org.sonar.java.checks.DefaultEncodingUsageCheckTest
Running org.sonar.java.checks.BadMethodName_S00100_CheckTest
Tests run: 3, Failures: 0, Errors: 0, Skipped: 0, Time elapsed: 0.044 sec - in org.sonar.java.checks.BadMethodName_S00100_CheckTest
Running org.sonar.java.checks.DynamicClassLoadCheckTest
Tests run: 1, Failures: 0, Errors: 0, Skipped: 0, Time elapsed: 0.027 sec - in org.sonar.java.checks.DynamicClassLoadCheckTest
Running org.sonar.java.checks.WildcardReturnParameterTypeCheckTest
Tests run: 1, Failures: 0, Errors: 0, Skipped: 0, Time elapsed: 0.022 sec - in org.sonar.java.checks.WildcardReturnParameterTypeCheckTest
Running org.sonar.java.checks.UselessIncrementCheckTest
Tests run: 1, Failures: 0, Errors: 0, Skipped: 0, Time elapsed: 0.01 sec - in org.sonar.java.checks.UselessIncrementCheckTest
Running org.sonar.java.checks.HasNextCallingNextCheckTest
Tests run: 1, Failures: 0, Errors: 0, Skipped: 0, Time elapsed: 0.026 sec - in org.sonar.java.checks.HasNextCallingNextCheckTest
Running org.sonar.java.checks.EqualsOverridenWithHashCodeCheckTest
Tests run: 1, Failures: 0, Errors: 0, Skipped: 0, Time elapsed: 0.02 sec - in org.sonar.java.checks.EqualsOverridenWithHashCodeCheckTest
Running org.sonar.java.checks.CallSuperMethodFromInnerClassCheckTest
Tests run: 1, Failures: 0, Errors: 0, Skipped: 0, Time elapsed: 0.013 sec - in org.sonar.java.checks.CallSuperMethodFromInnerClassCheckTest
Running org.sonar.java.checks.SelfAssignementCheckTest
Tests run: 1, Failures: 0, Errors: 0, Skipped: 0, Time elapsed: 0.013 sec - in org.sonar.java.checks.SelfAssignementCheckTest
Running org.sonar.java.checks.PrintfCheckTest
Tests run: 1, Failures: 0, Errors: 0, Skipped: 0, Time elapsed: 0.071 sec - in org.sonar.java.checks.PrintfCheckTest
Running org.sonar.java.checks.ReturnOfBooleanExpressionsCheckTest
Tests run: 1, Failures: 0, Errors: 0, Skipped: 0, Time elapsed: 0.04 sec - in org.sonar.java.checks.ReturnOfBooleanExpressionsCheckTest
Running org.sonar.java.checks.OSCommandInjectionCheckTest
Tests run: 1, Failures: 0, Errors: 0, Skipped: 0, Time elapsed: 0.067 sec - in org.sonar.java.checks.OSCommandInjectionCheckTest
Running org.sonar.java.checks.ServletMethodsExceptionsThrownCheckTest
Tests run: 1, Failures: 0, Errors: 0, Skipped: 0, Time elapsed: 0.069 sec - in org.sonar.java.checks.ServletMethodsExceptionsThrownCheckTest
Running org.sonar.java.checks.InnerClassOfNonSerializableCheckTest
Tests run: 1, Failures: 0, Errors: 0, Skipped: 0, Time elapsed: 0.032 sec - in org.sonar.java.checks.InnerClassOfNonSerializableCheckTest
Running org.sonar.java.checks.ImplementsEnumerationCheckTest
Tests run: 1, Failures: 0, Errors: 0, Skipped: 0, Time elapsed: 0.028 sec - in org.sonar.java.checks.ImplementsEnumerationCheckTest
Running org.sonar.java.checks.BigDecimalDoubleConstructorCheckTest
Tests run: 1, Failures: 0, Errors: 0, Skipped: 0, Time elapsed: 0.041 sec - in org.sonar.java.checks.BigDecimalDoubleConstructorCheckTest
Running org.sonar.java.checks.AbsOnNegativeCheckTest
Tests run: 1, Failures: 0, Errors: 0, Skipped: 0, Time elapsed: 0.047 sec - in org.sonar.java.checks.AbsOnNegativeCheckTest
Running org.sonar.java.symexecengine.DataFlowVisitorTest
Tests run: 1, Failures: 0, Errors: 0, Skipped: 0, Time elapsed: 0.036 sec - in org.sonar.java.symexecengine.DataFlowVisitorTest
Running org.sonar.java.checks.IncorrectOrderOfMembersCheckTest
Tests run: 1, Failures: 0, Errors: 0, Skipped: 0, Time elapsed: 0.007 sec - in org.sonar.java.checks.IncorrectOrderOfMembersCheckTest
Running org.sonar.java.checks.UselessImportCheckTest
Tests run: 2, Failures: 0, Errors: 0, Skipped: 0, Time elapsed: 0.031 sec - in org.sonar.java.checks.UselessImportCheckTest
Running org.sonar.java.checks.EmptyMethodsCheckTest
Tests run: 1, Failures: 0, Errors: 0, Skipped: 0, Time elapsed: 0.037 sec - in org.sonar.java.checks.EmptyMethodsCheckTest
Running org.sonar.java.checks.CollectionsEmptyConstantsCheckTest
Tests run: 1, Failures: 0, Errors: 0, Skipped: 0, Time elapsed: 0.037 sec - in org.sonar.java.checks.CollectionsEmptyConstantsCheckTest
Running org.sonar.java.checks.ServletInstanceFieldCheckTest
Tests run: 1, Failures: 0, Errors: 0, Skipped: 0, Time elapsed: 0.035 sec - in org.sonar.java.checks.ServletInstanceFieldCheckTest
Running org.sonar.java.checks.StringBufferAndBuilderWithCharCheckTest
Tests run: 1, Failures: 0, Errors: 0, Skipped: 0, Time elapsed: 0.02 sec - in org.sonar.java.checks.StringBufferAndBuilderWithCharCheckTest
Running org.sonar.java.checks.NPEThrowCheckTest
Tests run: 1, Failures: 0, Errors: 0, Skipped: 0, Time elapsed: 0.026 sec - in org.sonar.java.checks.NPEThrowCheckTest
Running org.sonar.java.checks.SynchronizedFieldAssignmentCheckTest
Tests run: 1, Failures: 0, Errors: 0, Skipped: 0, Time elapsed: 0.043 sec - in org.sonar.java.checks.SynchronizedFieldAssignmentCheckTest
Running org.sonar.java.checks.NestedIfStatementsCheckTest
Tests run: 2, Failures: 0, Errors: 0, Skipped: 0, Time elapsed: 0.06 sec - in org.sonar.java.checks.NestedIfStatementsCheckTest
Running org.sonar.java.checks.SillyBitOperationCheckTest
Tests run: 1, Failures: 0, Errors: 0, Skipped: 0, Time elapsed: 0.039 sec - in org.sonar.java.checks.SillyBitOperationCheckTest
Running org.sonar.java.checks.TransactionalMethodVisibilityCheckTest
Tests run: 1, Failures: 0, Errors: 0, Skipped: 0, Time elapsed: 0.183 sec - in org.sonar.java.checks.TransactionalMethodVisibilityCheckTest
Running org.sonar.java.checks.LongBitsToDoubleOnIntCheckTest
Tests run: 1, Failures: 0, Errors: 0, Skipped: 0, Time elapsed: 0.021 sec - in org.sonar.java.checks.LongBitsToDoubleOnIntCheckTest
Running org.sonar.java.checks.CustomSerializationMethodCheckTest
Tests run: 1, Failures: 0, Errors: 0, Skipped: 0, Time elapsed: 0.034 sec - in org.sonar.java.checks.CustomSerializationMethodCheckTest
Running org.sonar.java.checks.ThrowsSeveralCheckedExceptionCheckTest
Tests run: 1, Failures: 0, Errors: 0, Skipped: 0, Time elapsed: 0.055 sec - in org.sonar.java.checks.ThrowsSeveralCheckedExceptionCheckTest
Running org.sonar.java.checks.NullDereferenceInConditionalCheckTest
Tests run: 1, Failures: 0, Errors: 0, Skipped: 0, Time elapsed: 0.036 sec - in org.sonar.java.checks.NullDereferenceInConditionalCheckTest
Running org.sonar.java.checks.RepeatAnnotationCheckTest
Tests run: 1, Failures: 0, Errors: 0, Skipped: 0, Time elapsed: 0.032 sec - in org.sonar.java.checks.RepeatAnnotationCheckTest
Running org.sonar.java.checks.ObjectFinalizeOverloadedCheckTest
Tests run: 1, Failures: 0, Errors: 0, Skipped: 0, Time elapsed: 0.029 sec - in org.sonar.java.checks.ObjectFinalizeOverloadedCheckTest
Running org.sonar.java.checks.StringLiteralDuplicatedCheckTest
Tests run: 2, Failures: 0, Errors: 0, Skipped: 0, Time elapsed: 0.027 sec - in org.sonar.java.checks.StringLiteralDuplicatedCheckTest
Running org.sonar.java.checks.AvoidDESCheckTest
Tests run: 1, Failures: 0, Errors: 0, Skipped: 0, Time elapsed: 0.12 sec - in org.sonar.java.checks.AvoidDESCheckTest
Running org.sonar.java.checks.RSAUsesOAEPCheckTest
Tests run: 1, Failures: 0, Errors: 0, Skipped: 0, Time elapsed: 0.057 sec - in org.sonar.java.checks.RSAUsesOAEPCheckTest
Running org.sonar.java.checks.ResultSetIsLastCheckTest
Tests run: 1, Failures: 0, Errors: 0, Skipped: 0, Time elapsed: 0.01 sec - in org.sonar.java.checks.ResultSetIsLastCheckTest
Running org.sonar.java.checks.LoopsOnSameSetCheckTest
Tests run: 1, Failures: 0, Errors: 0, Skipped: 0, Time elapsed: 0.018 sec - in org.sonar.java.checks.LoopsOnSameSetCheckTest
Running org.sonar.java.checks.NonSerializableWriteCheckTest
Tests run: 1, Failures: 0, Errors: 0, Skipped: 0, Time elapsed: 0.019 sec - in org.sonar.java.checks.NonSerializableWriteCheckTest
Running org.sonar.java.checks.WildcardImportsShouldNotBeUsedCheckTest
Tests run: 1, Failures: 0, Errors: 0, Skipped: 0, Time elapsed: 0.021 sec - in org.sonar.java.checks.WildcardImportsShouldNotBeUsedCheckTest
Running org.sonar.java.checks.FieldNameMatchingTypeNameCheckTest
Tests run: 1, Failures: 0, Errors: 0, Skipped: 0, Time elapsed: 0.007 sec - in org.sonar.java.checks.FieldNameMatchingTypeNameCheckTest
Running org.sonar.java.checks.ThreadRunCheckTest
Tests run: 1, Failures: 0, Errors: 0, Skipped: 0, Time elapsed: 0.011 sec - in org.sonar.java.checks.ThreadRunCheckTest
Running org.sonar.java.checks.DuplicateConditionIfElseIfCheckTest
Tests run: 1, Failures: 0, Errors: 0, Skipped: 0, Time elapsed: 0.006 sec - in org.sonar.java.checks.DuplicateConditionIfElseIfCheckTest
Running org.sonar.java.checks.ParsingErrorCheckTest
Tests run: 1, Failures: 0, Errors: 0, Skipped: 0, Time elapsed: 0.007 sec - in org.sonar.java.checks.ParsingErrorCheckTest
Running org.sonar.java.checks.ThreadSleepInTestsCheckTest
Tests run: 1, Failures: 0, Errors: 0, Skipped: 0, Time elapsed: 0.01 sec - in org.sonar.java.checks.ThreadSleepInTestsCheckTest
Running org.sonar.java.checks.MissingDeprecatedCheckTest
Tests run: 1, Failures: 0, Errors: 0, Skipped: 0, Time elapsed: 0.013 sec - in org.sonar.java.checks.MissingDeprecatedCheckTest
Running org.sonar.java.checks.methods.MethodMatcherTest
Tests run: 3, Failures: 0, Errors: 0, Skipped: 0, Time elapsed: 0.011 sec - in org.sonar.java.checks.methods.MethodMatcherTest
Running org.sonar.java.checks.ArchitectureCheckTest
Tests run: 3, Failures: 0, Errors: 0, Skipped: 0, Time elapsed: 0.073 sec - in org.sonar.java.checks.ArchitectureCheckTest
Running org.sonar.java.checks.helpers.ExpressionsHelperTest
Tests run: 1, Failures: 0, Errors: 0, Skipped: 0, Time elapsed: 0 sec - in org.sonar.java.checks.helpers.ExpressionsHelperTest
Running org.sonar.java.checks.FloatEqualityCheckTest
Tests run: 1, Failures: 0, Errors: 0, Skipped: 0, Time elapsed: 0.014 sec - in org.sonar.java.checks.FloatEqualityCheckTest
Running org.sonar.java.checks.ThrowCheckedExceptionCheckTest
Tests run: 1, Failures: 0, Errors: 0, Skipped: 0, Time elapsed: 0.012 sec - in org.sonar.java.checks.ThrowCheckedExceptionCheckTest
Running org.sonar.java.checks.SillyEqualsCheckTest
Tests run: 1, Failures: 0, Errors: 0, Skipped: 0, Time elapsed: 0.024 sec - in org.sonar.java.checks.SillyEqualsCheckTest
Running org.sonar.java.checks.ArrayDesignatorAfterTypeCheckTest
Tests run: 1, Failures: 0, Errors: 0, Skipped: 0, Time elapsed: 0.008 sec - in org.sonar.java.checks.ArrayDesignatorAfterTypeCheckTest
Running org.sonar.java.checks.CallToFileDeleteOnExitMethodCheckTest
Tests run: 1, Failures: 0, Errors: 0, Skipped: 0, Time elapsed: 0.017 sec - in org.sonar.java.checks.CallToFileDeleteOnExitMethodCheckTest
Running org.sonar.java.checks.helpers.NamePredicatesTest
Tests run: 2, Failures: 0, Errors: 0, Skipped: 0, Time elapsed: 0 sec - in org.sonar.java.checks.helpers.NamePredicatesTest
Running org.sonar.java.checks.AssertionsWithoutMessageCheckTest
Tests run: 1, Failures: 0, Errors: 0, Skipped: 0, Time elapsed: 0.029 sec - in org.sonar.java.checks.AssertionsWithoutMessageCheckTest
Running org.sonar.java.checks.MissingNewLineAtEndOfFile_S00113_CheckTest
Tests run: 3, Failures: 0, Errors: 0, Skipped: 0, Time elapsed: 0.013 sec - in org.sonar.java.checks.MissingNewLineAtEndOfFile_S00113_CheckTest
Running org.sonar.java.checks.SymmetricEqualsCheckTest
Tests run: 1, Failures: 0, Errors: 0, Skipped: 0, Time elapsed: 0.02 sec - in org.sonar.java.checks.SymmetricEqualsCheckTest
Running org.sonar.java.checks.ThrowsFromFinallyCheckTest
Tests run: 1, Failures: 0, Errors: 0, Skipped: 0, Time elapsed: 0.012 sec - in org.sonar.java.checks.ThrowsFromFinallyCheckTest
Running org.sonar.java.checks.TooLongLine_S00103_CheckTest
Tests run: 3, Failures: 0, Errors: 0, Skipped: 0, Time elapsed: 0.054 sec - in org.sonar.java.checks.TooLongLine_S00103_CheckTest
Running org.sonar.java.checks.CastArithmeticOperandCheckTest
Tests run: 1, Failures: 0, Errors: 0, Skipped: 0, Time elapsed: 0.022 sec - in org.sonar.java.checks.CastArithmeticOperandCheckTest
Running org.sonar.java.checks.ForLoopUsedAsWhileLoopCheckTest
Tests run: 1, Failures: 0, Errors: 0, Skipped: 0, Time elapsed: 0.013 sec - in org.sonar.java.checks.ForLoopUsedAsWhileLoopCheckTest
Running org.sonar.java.checks.ConstantsShouldBeStaticFinalCheckTest
Tests run: 1, Failures: 0, Errors: 0, Skipped: 0, Time elapsed: 0.014 sec - in org.sonar.java.checks.ConstantsShouldBeStaticFinalCheckTest
Running org.sonar.java.checks.CaseInsensitiveComparisonCheckTest
Tests run: 1, Failures: 0, Errors: 0, Skipped: 0, Time elapsed: 0.019 sec - in org.sonar.java.checks.CaseInsensitiveComparisonCheckTest
Running org.sonar.java.checks.SerializableFieldInSerializableClassCheckTest
Tests run: 1, Failures: 0, Errors: 0, Skipped: 0, Time elapsed: 0.023 sec - in org.sonar.java.checks.SerializableFieldInSerializableClassCheckTest
Running org.sonar.java.checks.SerialVersionUidCheckTest
Tests run: 1, Failures: 0, Errors: 0, Skipped: 0, Time elapsed: 0.043 sec - in org.sonar.java.checks.SerialVersionUidCheckTest
Running org.sonar.java.checks.CloneableImplementingCloneCheckTest
Tests run: 1, Failures: 0, Errors: 0, Skipped: 0, Time elapsed: 0.013 sec - in org.sonar.java.checks.CloneableImplementingCloneCheckTest
Running org.sonar.java.checks.URLHashCodeAndEqualsCheckTest
Tests run: 1, Failures: 0, Errors: 0, Skipped: 0, Time elapsed: 0.011 sec - in org.sonar.java.checks.URLHashCodeAndEqualsCheckTest
Running org.sonar.java.checks.ChildClassShadowFieldCheckTest
Tests run: 1, Failures: 0, Errors: 0, Skipped: 0, Time elapsed: 0.025 sec - in org.sonar.java.checks.ChildClassShadowFieldCheckTest
Running org.sonar.java.checks.ObjectFinalizeOverridenNotPublicCheckTest
Tests run: 1, Failures: 0, Errors: 0, Skipped: 0, Time elapsed: 0.011 sec - in org.sonar.java.checks.ObjectFinalizeOverridenNotPublicCheckTest
Running org.sonar.java.checks.EmptyStatementUsageCheckTest
Tests run: 1, Failures: 0, Errors: 0, Skipped: 0, Time elapsed: 0.02 sec - in org.sonar.java.checks.EmptyStatementUsageCheckTest
Running org.sonar.java.checks.CollectionImplementationReferencedCheckTest
Tests run: 1, Failures: 0, Errors: 0, Skipped: 0, Time elapsed: 0.014 sec - in org.sonar.java.checks.CollectionImplementationReferencedCheckTest
Running org.sonar.java.checks.ThreadStartedInConstructorCheckTest
Tests run: 1, Failures: 0, Errors: 0, Skipped: 0, Time elapsed: 0.021 sec - in org.sonar.java.checks.ThreadStartedInConstructorCheckTest
Running org.sonar.java.checks.TernaryOperatorCheckTest
Tests run: 1, Failures: 0, Errors: 0, Skipped: 0, Time elapsed: 0.019 sec - in org.sonar.java.checks.TernaryOperatorCheckTest
Running org.sonar.java.checks.FieldModifierCheckTest
Tests run: 1, Failures: 0, Errors: 0, Skipped: 0, Time elapsed: 0.019 sec - in org.sonar.java.checks.FieldModifierCheckTest
Running org.sonar.java.checks.ConstructorCallingOverridableCheckTest
Tests run: 1, Failures: 0, Errors: 0, Skipped: 0, Time elapsed: 0.019 sec - in org.sonar.java.checks.ConstructorCallingOverridableCheckTest
Running org.sonar.java.checks.ExtendDeprecatedSymbolCheckTest
Tests run: 1, Failures: 0, Errors: 0, Skipped: 0, Time elapsed: 0.02 sec - in org.sonar.java.checks.ExtendDeprecatedSymbolCheckTest
Running org.sonar.java.checks.UselessExtendsCheckTest
Tests run: 1, Failures: 0, Errors: 0, Skipped: 0, Time elapsed: 0.003 sec - in org.sonar.java.checks.UselessExtendsCheckTest
Running org.sonar.java.checks.EnumMapCheckTest
Tests run: 1, Failures: 0, Errors: 0, Skipped: 0, Time elapsed: 0.026 sec - in org.sonar.java.checks.EnumMapCheckTest
Running org.sonar.java.checks.CompareObjectWithEqualsCheckTest
Tests run: 1, Failures: 0, Errors: 0, Skipped: 0, Time elapsed: 0.025 sec - in org.sonar.java.checks.CompareObjectWithEqualsCheckTest
Running org.sonar.java.checks.EmptyBlock_S00108_CheckTest
Tests run: 1, Failures: 0, Errors: 0, Skipped: 0, Time elapsed: 0.011 sec - in org.sonar.java.checks.EmptyBlock_S00108_CheckTest
Running org.sonar.java.checks.PreparedStatementAndResultSetCheckTest
Tests run: 1, Failures: 0, Errors: 0, Skipped: 0, Time elapsed: 0.276 sec - in org.sonar.java.checks.PreparedStatementAndResultSetCheckTest
Running org.sonar.java.checks.helpers.JavaPropertiesHelperTest
Tests run: 9, Failures: 0, Errors: 0, Skipped: 0, Time elapsed: 0.075 sec - in org.sonar.java.checks.helpers.JavaPropertiesHelperTest
Running org.sonar.java.checks.LabelsShouldNotBeUsedCheckTest
Tests run: 1, Failures: 0, Errors: 0, Skipped: 0, Time elapsed: 0.014 sec - in org.sonar.java.checks.LabelsShouldNotBeUsedCheckTest
Running org.sonar.java.checks.WaitInSynchronizeCheckTest
Tests run: 1, Failures: 0, Errors: 0, Skipped: 0, Time elapsed: 0.013 sec - in org.sonar.java.checks.WaitInSynchronizeCheckTest
Running org.sonar.java.checks.CallToDeprecatedMethodCheckTest
Tests run: 1, Failures: 0, Errors: 0, Skipped: 0, Time elapsed: 0.072 sec - in org.sonar.java.checks.CallToDeprecatedMethodCheckTest
Running org.sonar.java.checks.ImmediateReverseBoxingCheckTest
Tests run: 1, Failures: 0, Errors: 0, Skipped: 0, Time elapsed: 0.056 sec - in org.sonar.java.checks.ImmediateReverseBoxingCheckTest
Running org.sonar.java.checks.MethodNamedEqualsCheckTest
Tests run: 1, Failures: 0, Errors: 0, Skipped: 0, Time elapsed: 0.011 sec - in org.sonar.java.checks.MethodNamedEqualsCheckTest
Running org.sonar.java.checks.InstanceofUsedOnExceptionCheckTest
Tests run: 1, Failures: 0, Errors: 0, Skipped: 0, Time elapsed: 0.007 sec - in org.sonar.java.checks.InstanceofUsedOnExceptionCheckTest
Running org.sonar.java.checks.DeprecatedTagPresenceCheckTest
Tests run: 1, Failures: 0, Errors: 0, Skipped: 0, Time elapsed: 0.008 sec - in org.sonar.java.checks.DeprecatedTagPresenceCheckTest
Running org.sonar.java.checks.ThreadAsRunnableArgumentCheckTest
Tests run: 1, Failures: 0, Errors: 0, Skipped: 0, Time elapsed: 0.065 sec - in org.sonar.java.checks.ThreadAsRunnableArgumentCheckTest
Running org.sonar.java.checks.HiddenFieldCheckTest
Tests run: 1, Failures: 0, Errors: 0, Skipped: 0, Time elapsed: 0.063 sec - in org.sonar.java.checks.HiddenFieldCheckTest
Running org.sonar.java.checks.EnumAsIdentifierCheckTest
Tests run: 1, Failures: 0, Errors: 0, Skipped: 0, Time elapsed: 0.03 sec - in org.sonar.java.checks.EnumAsIdentifierCheckTest
Running org.sonar.java.checks.MethodComplexityCheckTest
Tests run: 2, Failures: 0, Errors: 0, Skipped: 0, Time elapsed: 0.046 sec - in org.sonar.java.checks.MethodComplexityCheckTest
Running org.sonar.java.checks.NoCheckstyleTagPresenceCheckTest
Tests run: 1, Failures: 0, Errors: 0, Skipped: 0, Time elapsed: 0.014 sec - in org.sonar.java.checks.NoCheckstyleTagPresenceCheckTest
Running org.sonar.java.checks.MethodOnlyCallsSuperCheckTest
Tests run: 1, Failures: 0, Errors: 0, Skipped: 0, Time elapsed: 0.034 sec - in org.sonar.java.checks.MethodOnlyCallsSuperCheckTest
Running org.sonar.java.checks.OneDeclarationPerLineCheckTest
Tests run: 1, Failures: 0, Errors: 0, Skipped: 0, Time elapsed: 0.049 sec - in org.sonar.java.checks.OneDeclarationPerLineCheckTest
Running org.sonar.java.checks.ForLoopFalseConditionCheckTest
Tests run: 1, Failures: 0, Errors: 0, Skipped: 0, Time elapsed: 0.043 sec - in org.sonar.java.checks.ForLoopFalseConditionCheckTest
Running org.sonar.java.checks.LeftCurlyBraceEndLineCheckTest
Tests run: 1, Failures: 0, Errors: 0, Skipped: 0, Time elapsed: 0.028 sec - in org.sonar.java.checks.LeftCurlyBraceEndLineCheckTest
Running org.sonar.java.checks.BadPackageName_S00120_CheckTest
Tests run: 3, Failures: 0, Errors: 0, Skipped: 0, Time elapsed: 0.044 sec - in org.sonar.java.checks.BadPackageName_S00120_CheckTest
Running org.sonar.java.checks.RightCurlyBraceDifferentLineAsNextBlockCheckTest
Tests run: 1, Failures: 0, Errors: 0, Skipped: 0, Time elapsed: 0.012 sec - in org.sonar.java.checks.RightCurlyBraceDifferentLineAsNextBlockCheckTest
Running org.sonar.java.checks.UnusedMethodParameterCheckTest
Tests run: 1, Failures: 0, Errors: 0, Skipped: 0, Time elapsed: 0.021 sec - in org.sonar.java.checks.UnusedMethodParameterCheckTest
Running org.sonar.java.checks.ClassComparedByNameCheckTest
Tests run: 1, Failures: 0, Errors: 0, Skipped: 0, Time elapsed: 0.015 sec - in org.sonar.java.checks.ClassComparedByNameCheckTest
Running org.sonar.java.checks.HardcodedIpCheckTest
Tests run: 1, Failures: 0, Errors: 0, Skipped: 0, Time elapsed: 0.007 sec - in org.sonar.java.checks.HardcodedIpCheckTest
Running org.sonar.java.checks.ForLoopIncrementAndUpdateCheckTest
Tests run: 1, Failures: 0, Errors: 0, Skipped: 0, Time elapsed: 0.023 sec - in org.sonar.java.checks.ForLoopIncrementAndUpdateCheckTest
Running org.sonar.java.checks.IgnoredReturnValueCheckTest
Tests run: 1, Failures: 0, Errors: 0, Skipped: 0, Time elapsed: 0.012 sec - in org.sonar.java.checks.IgnoredReturnValueCheckTest
Running org.sonar.java.checks.UnusedTestRuleCheckTest
Tests run: 1, Failures: 0, Errors: 0, Skipped: 0, Time elapsed: 0.022 sec - in org.sonar.java.checks.UnusedTestRuleCheckTest
Running org.sonar.java.checks.ProtectedMemberInFinalClassCheckTest
Tests run: 1, Failures: 0, Errors: 0, Skipped: 0, Time elapsed: 0.005 sec - in org.sonar.java.checks.ProtectedMemberInFinalClassCheckTest
Running org.sonar.java.checks.BooleanInversionCheckTest
Tests run: 1, Failures: 0, Errors: 0, Skipped: 0, Time elapsed: 0.01 sec - in org.sonar.java.checks.BooleanInversionCheckTest
Running org.sonar.java.checks.UnusedLabelCheckTest
Tests run: 1, Failures: 0, Errors: 0, Skipped: 0, Time elapsed: 0.007 sec - in org.sonar.java.checks.UnusedLabelCheckTest
Running org.sonar.java.checks.OverrideAnnotationCheckTest
Tests run: 1, Failures: 0, Errors: 0, Skipped: 0, Time elapsed: 0.005 sec - in org.sonar.java.checks.OverrideAnnotationCheckTest
Running org.sonar.java.checks.CustomCryptographicAlgorithmCheckTest
Tests run: 1, Failures: 0, Errors: 0, Skipped: 0, Time elapsed: 0.008 sec - in org.sonar.java.checks.CustomCryptographicAlgorithmCheckTest
Running org.sonar.java.checks.SystemOutOrErrUsageCheckTest
Tests run: 1, Failures: 0, Errors: 0, Skipped: 0, Time elapsed: 0.014 sec - in org.sonar.java.checks.SystemOutOrErrUsageCheckTest
Running org.sonar.java.checks.LocksNotUnlockedCheckTest
Tests run: 1, Failures: 0, Errors: 0, Skipped: 0, Time elapsed: 0.077 sec - in org.sonar.java.checks.LocksNotUnlockedCheckTest
Running org.sonar.java.checks.LambdaOptionalParenthesisCheckTest
Tests run: 1, Failures: 0, Errors: 0, Skipped: 0, Time elapsed: 0.007 sec - in org.sonar.java.checks.LambdaOptionalParenthesisCheckTest
Running org.sonar.java.checks.UnusedReturnedDataCheckTest
Tests run: 1, Failures: 0, Errors: 0, Skipped: 0, Time elapsed: 0.021 sec - in org.sonar.java.checks.UnusedReturnedDataCheckTest
Running org.sonar.java.checks.ObjectFinalizeCheckTest
Tests run: 1, Failures: 0, Errors: 0, Skipped: 0, Time elapsed: 0.011 sec - in org.sonar.java.checks.ObjectFinalizeCheckTest
Running org.sonar.java.checks.UnusedTypeParameterCheckTest
Tests run: 1, Failures: 0, Errors: 0, Skipped: 0, Time elapsed: 0.006 sec - in org.sonar.java.checks.UnusedTypeParameterCheckTest
Running org.sonar.java.checks.TabCharacter_S00105_CheckTest
Tests run: 2, Failures: 0, Errors: 0, Skipped: 0, Time elapsed: 0.005 sec - in org.sonar.java.checks.TabCharacter_S00105_CheckTest
Running org.sonar.java.checks.IndexOfStartPositionCheckTest
Tests run: 1, Failures: 0, Errors: 0, Skipped: 0, Time elapsed: 0.014 sec - in org.sonar.java.checks.IndexOfStartPositionCheckTest
Running org.sonar.java.checks.SAMAnnotatedCheckTest
Tests run: 1, Failures: 0, Errors: 0, Skipped: 0, Time elapsed: 0.014 sec - in org.sonar.java.checks.SAMAnnotatedCheckTest
Running org.sonar.java.checks.ExceptionsShouldBeImmutableCheckTest
Tests run: 1, Failures: 0, Errors: 0, Skipped: 0, Time elapsed: 0.007 sec - in org.sonar.java.checks.ExceptionsShouldBeImmutableCheckTest
Running org.sonar.java.symexec.SymbolicRelationTest
Tests run: 3, Failures: 0, Errors: 0, Skipped: 0, Time elapsed: 0.002 sec - in org.sonar.java.symexec.SymbolicRelationTest
Running org.sonar.java.checks.UnusedPrivateFieldCheckTest
Tests run: 2, Failures: 0, Errors: 0, Skipped: 0, Time elapsed: 0.03 sec - in org.sonar.java.checks.UnusedPrivateFieldCheckTest
Running org.sonar.java.checks.UtilityClassWithPublicConstructorCheckTest
Tests run: 1, Failures: 0, Errors: 0, Skipped: 0, Time elapsed: 0.006 sec - in org.sonar.java.checks.UtilityClassWithPublicConstructorCheckTest
Running org.sonar.java.checks.BadTypeParameterName_S00119_CheckTest
Tests run: 2, Failures: 0, Errors: 0, Skipped: 0, Time elapsed: 0.01 sec - in org.sonar.java.checks.BadTypeParameterName_S00119_CheckTest
Running org.sonar.java.checks.CallSuperInTestCaseCheckTest
Tests run: 1, Failures: 0, Errors: 0, Skipped: 0, Time elapsed: 0.011 sec - in org.sonar.java.checks.CallSuperInTestCaseCheckTest
Running org.sonar.java.checks.IdenticalOperandOnBinaryExpressionCheckTest
Tests run: 1, Failures: 0, Errors: 0, Skipped: 0, Time elapsed: 0.015 sec - in org.sonar.java.checks.IdenticalOperandOnBinaryExpressionCheckTest
Running org.sonar.java.checks.JunitMethodDeclarationCheckTest
Tests run: 2, Failures: 0, Errors: 0, Skipped: 0, Time elapsed: 0.018 sec - in org.sonar.java.checks.JunitMethodDeclarationCheckTest
Running org.sonar.java.checks.CloseResourceCheckTest
Tests run: 1, Failures: 0, Errors: 0, Skipped: 0, Time elapsed: 0.103 sec - in org.sonar.java.checks.CloseResourceCheckTest
Running org.sonar.java.checks.StaticFieldUpateCheckTest
Tests run: 2, Failures: 0, Errors: 0, Skipped: 0, Time elapsed: 0.019 sec - in org.sonar.java.checks.StaticFieldUpateCheckTest
Running org.sonar.java.checks.AssignmentInSubExpressionCheckTest
Tests run: 1, Failures: 0, Errors: 0, Skipped: 0, Time elapsed: 0.032 sec - in org.sonar.java.checks.AssignmentInSubExpressionCheckTest
Running org.sonar.java.checks.methods.MethodMatcherCollectionTest
Tests run: 6, Failures: 0, Errors: 0, Skipped: 0, Time elapsed: 0.017 sec - in org.sonar.java.checks.methods.MethodMatcherCollectionTest
Running org.sonar.java.checks.OctalValuesCheckTest
Tests run: 1, Failures: 0, Errors: 0, Skipped: 0, Time elapsed: 0.009 sec - in org.sonar.java.checks.OctalValuesCheckTest
Running org.sonar.java.checks.ConcatenationWithStringValueOfCheckTest
Tests run: 1, Failures: 0, Errors: 0, Skipped: 0, Time elapsed: 0.022 sec - in org.sonar.java.checks.ConcatenationWithStringValueOfCheckTest
Running org.sonar.java.checks.StringToPrimitiveConversionCheckTest
Tests run: 1, Failures: 0, Errors: 0, Skipped: 0, Time elapsed: 0.015 sec - in org.sonar.java.checks.StringToPrimitiveConversionCheckTest
Running org.sonar.java.checks.SynchronizedLockCheckTest
Tests run: 1, Failures: 0, Errors: 0, Skipped: 0, Time elapsed: 0.009 sec - in org.sonar.java.checks.SynchronizedLockCheckTest
Running org.sonar.java.checks.ToStringReturningNullCheckTest
Tests run: 1, Failures: 0, Errors: 0, Skipped: 0, Time elapsed: 0.005 sec - in org.sonar.java.checks.ToStringReturningNullCheckTest
Running org.sonar.java.checks.ErrorClassExtendedCheckTest
Tests run: 1, Failures: 0, Errors: 0, Skipped: 0, Time elapsed: 0.019 sec - in org.sonar.java.checks.ErrorClassExtendedCheckTest
Running org.sonar.java.checks.SeveralBreakOrContinuePerLoopCheckTest
Tests run: 1, Failures: 0, Errors: 0, Skipped: 0, Time elapsed: 0.01 sec - in org.sonar.java.checks.SeveralBreakOrContinuePerLoopCheckTest
Running org.sonar.java.checks.CommentedOutCodeLineCheckTest
Tests run: 1, Failures: 0, Errors: 0, Skipped: 0, Time elapsed: 0.011 sec - in org.sonar.java.checks.CommentedOutCodeLineCheckTest
Running org.sonar.java.checks.UnusedProtectedMethodCheckTest
Tests run: 1, Failures: 0, Errors: 0, Skipped: 0, Time elapsed: 0.025 sec - in org.sonar.java.checks.UnusedProtectedMethodCheckTest
Running org.sonar.java.checks.RightCurlyBraceSameLineAsNextBlockCheckTest
Tests run: 1, Failures: 0, Errors: 0, Skipped: 0, Time elapsed: 0.012 sec - in org.sonar.java.checks.RightCurlyBraceSameLineAsNextBlockCheckTest
Running org.sonar.java.checks.BooleanLiteralCheckTest
Tests run: 1, Failures: 0, Errors: 0, Skipped: 0, Time elapsed: 0.013 sec - in org.sonar.java.checks.BooleanLiteralCheckTest
Running org.sonar.java.checks.ThreadSleepCheckTest
Tests run: 1, Failures: 0, Errors: 0, Skipped: 0, Time elapsed: 0.013 sec - in org.sonar.java.checks.ThreadSleepCheckTest
Running org.sonar.java.checks.StaticMultithreadedUnsafeFieldsCheckTest
Tests run: 1, Failures: 0, Errors: 0, Skipped: 0, Time elapsed: 0.011 sec - in org.sonar.java.checks.StaticMultithreadedUnsafeFieldsCheckTest
Running org.sonar.java.checks.ClassComplexityCheckTest
Tests run: 2, Failures: 0, Errors: 0, Skipped: 0, Time elapsed: 0.018 sec - in org.sonar.java.checks.ClassComplexityCheckTest
Running org.sonar.java.checks.IfConditionAlwaysTrueOrFalseCheckTest
Tests run: 1, Failures: 0, Errors: 0, Skipped: 0, Time elapsed: 0.006 sec - in org.sonar.java.checks.IfConditionAlwaysTrueOrFalseCheckTest
Running org.sonar.java.checks.BadClassName_S00101_CheckTest
Tests run: 2, Failures: 0, Errors: 0, Skipped: 0, Time elapsed: 0.018 sec - in org.sonar.java.checks.BadClassName_S00101_CheckTest
Running org.sonar.java.checks.ReturnEmptyArrayNotNullCheckTest
Tests run: 1, Failures: 0, Errors: 0, Skipped: 0, Time elapsed: 0.04 sec - in org.sonar.java.checks.ReturnEmptyArrayNotNullCheckTest
Running org.sonar.java.checks.NestedBlocksCheckTest
Tests run: 1, Failures: 0, Errors: 0, Skipped: 0, Time elapsed: 0.024 sec - in org.sonar.java.checks.NestedBlocksCheckTest
Running org.sonar.java.checks.DateUtilsTruncateCheckTest
Tests run: 1, Failures: 0, Errors: 0, Skipped: 0, Time elapsed: 0.274 sec - in org.sonar.java.checks.DateUtilsTruncateCheckTest
Running org.sonar.java.checks.StaticFieldInitializationCheckTest
Tests run: 1, Failures: 0, Errors: 0, Skipped: 0, Time elapsed: 0.019 sec - in org.sonar.java.checks.StaticFieldInitializationCheckTest
Running org.sonar.java.checks.ClassVariableVisibilityCheckTest
Tests run: 1, Failures: 0, Errors: 0, Skipped: 0, Time elapsed: 0.013 sec - in org.sonar.java.checks.ClassVariableVisibilityCheckTest
Running org.sonar.java.checks.ObjectFinalizeOverridenCallsSuperFinalizeCheckTest
Tests run: 1, Failures: 0, Errors: 0, Skipped: 0, Time elapsed: 0.017 sec - in org.sonar.java.checks.ObjectFinalizeOverridenCallsSuperFinalizeCheckTest
Running org.sonar.java.checks.ToStringUsingBoxingCheckTest
Tests run: 1, Failures: 0, Errors: 0, Skipped: 0, Time elapsed: 0.018 sec - in org.sonar.java.checks.ToStringUsingBoxingCheckTest
Running org.sonar.java.checks.NestedEnumStaticCheckTest
Tests run: 1, Failures: 0, Errors: 0, Skipped: 0, Time elapsed: 0.008 sec - in org.sonar.java.checks.NestedEnumStaticCheckTest
Running org.sonar.java.checks.MathOnFloatCheckTest
Tests run: 1, Failures: 0, Errors: 0, Skipped: 0, Time elapsed: 0.008 sec - in org.sonar.java.checks.MathOnFloatCheckTest
Running org.sonar.java.checks.CatchNPECheckTest
Tests run: 1, Failures: 0, Errors: 0, Skipped: 0, Time elapsed: 0.02 sec - in org.sonar.java.checks.CatchNPECheckTest
Running org.sonar.java.checks.CompareToReturnValueCheckTest
Tests run: 1, Failures: 0, Errors: 0, Skipped: 0, Time elapsed: 0.034 sec - in org.sonar.java.checks.CompareToReturnValueCheckTest
Running org.sonar.java.checks.IndexOfWithPositiveNumberCheckTest
Tests run: 1, Failures: 0, Errors: 0, Skipped: 0, Time elapsed: 0.014 sec - in org.sonar.java.checks.IndexOfWithPositiveNumberCheckTest
Running org.sonar.java.checks.ModulusEqualityCheckTest
Tests run: 1, Failures: 0, Errors: 0, Skipped: 0, Time elapsed: 0.029 sec - in org.sonar.java.checks.ModulusEqualityCheckTest
Running org.sonar.java.checks.CloneMethodCallsSuperCloneCheckTest
Tests run: 1, Failures: 0, Errors: 0, Skipped: 0, Time elapsed: 0.013 sec - in org.sonar.java.checks.CloneMethodCallsSuperCloneCheckTest
Running org.sonar.java.checks.ConcurrentLinkedQueueSizeCheckTest
Tests run: 1, Failures: 0, Errors: 0, Skipped: 0, Time elapsed: 0.02 sec - in org.sonar.java.checks.ConcurrentLinkedQueueSizeCheckTest
Running org.sonar.java.checks.IncrementDecrementInSubExpressionCheckTest
Tests run: 1, Failures: 0, Errors: 0, Skipped: 0, Time elapsed: 0.012 sec - in org.sonar.java.checks.IncrementDecrementInSubExpressionCheckTest
Running org.sonar.java.checks.AssertionsInTestsCheckTest
Tests run: 3, Failures: 0, Errors: 0, Skipped: 0, Time elapsed: 0.114 sec - in org.sonar.java.checks.AssertionsInTestsCheckTest
Running org.sonar.java.checks.LoggersDeclarationCheckTest
Tests run: 2, Failures: 0, Errors: 0, Skipped: 0, Time elapsed: 0.029 sec - in org.sonar.java.checks.LoggersDeclarationCheckTest
Running org.sonar.java.checks.ReadObjectSynchronizedCheckTest
Tests run: 1, Failures: 0, Errors: 0, Skipped: 0, Time elapsed: 0.007 sec - in org.sonar.java.checks.ReadObjectSynchronizedCheckTest
Running org.sonar.java.checks.ReturnInFinallyCheckTest
Tests run: 1, Failures: 0, Errors: 0, Skipped: 0, Time elapsed: 0.008 sec - in org.sonar.java.checks.ReturnInFinallyCheckTest
Running org.sonar.java.checks.MissingCurlyBraces_S00121_CheckTest
Tests run: 1, Failures: 0, Errors: 0, Skipped: 0, Time elapsed: 0.005 sec - in org.sonar.java.checks.MissingCurlyBraces_S00121_CheckTest
Running org.sonar.java.checks.ConstantMathCheckTest
Tests run: 1, Failures: 0, Errors: 0, Skipped: 0, Time elapsed: 0.022 sec - in org.sonar.java.checks.ConstantMathCheckTest
Running org.sonar.java.checks.PackageInfoCheckTest
Tests run: 2, Failures: 0, Errors: 0, Skipped: 0, Time elapsed: 0.018 sec - in org.sonar.java.checks.PackageInfoCheckTest
Running org.sonar.java.checks.SynchronizedClassUsageCheckTest
Tests run: 1, Failures: 0, Errors: 0, Skipped: 0, Time elapsed: 0.018 sec - in org.sonar.java.checks.SynchronizedClassUsageCheckTest
Running org.sonar.java.checks.ForLoopIncrementSignCheckTest
Tests run: 1, Failures: 0, Errors: 0, Skipped: 0, Time elapsed: 0.013 sec - in org.sonar.java.checks.ForLoopIncrementSignCheckTest
Running org.sonar.java.checks.ObjectFinalizeOverridenCheckTest
Tests run: 1, Failures: 0, Errors: 0, Skipped: 0, Time elapsed: 0.011 sec - in org.sonar.java.checks.ObjectFinalizeOverridenCheckTest
Running org.sonar.java.checks.LambdaSingleExpressionCheckTest
Tests run: 1, Failures: 0, Errors: 0, Skipped: 0, Time elapsed: 0.022 sec - in org.sonar.java.checks.LambdaSingleExpressionCheckTest
Running org.sonar.java.checks.ReflectionOnNonRuntimeAnnotationCheckTest
Tests run: 1, Failures: 0, Errors: 0, Skipped: 0, Time elapsed: 0.014 sec - in org.sonar.java.checks.ReflectionOnNonRuntimeAnnotationCheckTest
Running org.sonar.java.checks.AbstractClassWithoutAbstractMethodCheckTest
Tests run: 1, Failures: 0, Errors: 0, Skipped: 0, Time elapsed: 0.013 sec - in org.sonar.java.checks.AbstractClassWithoutAbstractMethodCheckTest
Running org.sonar.java.checks.IdenticalCasesInSwitchCheckTest
Tests run: 1, Failures: 0, Errors: 0, Skipped: 0, Time elapsed: 0.014 sec - in org.sonar.java.checks.IdenticalCasesInSwitchCheckTest
Running org.sonar.java.symexec.ExecutionStateTest
Tests run: 5, Failures: 0, Errors: 0, Skipped: 0, Time elapsed: 0.019 sec - in org.sonar.java.symexec.ExecutionStateTest
Running org.sonar.java.checks.IteratorNextExceptionCheckTest
Tests run: 1, Failures: 0, Errors: 0, Skipped: 0, Time elapsed: 0.015 sec - in org.sonar.java.checks.IteratorNextExceptionCheckTest
Running org.sonar.java.checks.CollectionIsEmptyCheckTest
Tests run: 1, Failures: 0, Errors: 0, Skipped: 0, Time elapsed: 0.019 sec - in org.sonar.java.checks.CollectionIsEmptyCheckTest
Running org.sonar.java.checks.OperatorPrecedenceCheckTest
Tests run: 1, Failures: 0, Errors: 0, Skipped: 0, Time elapsed: 0.021 sec - in org.sonar.java.checks.OperatorPrecedenceCheckTest
Running org.sonar.java.checks.MainMethodThrowsExceptionCheckTest
Tests run: 1, Failures: 0, Errors: 0, Skipped: 0, Time elapsed: 0.005 sec - in org.sonar.java.checks.MainMethodThrowsExceptionCheckTest
Running org.sonar.java.checks.FixmeTagPresenceCheckTest
Tests run: 1, Failures: 0, Errors: 0, Skipped: 0, Time elapsed: 0.003 sec - in org.sonar.java.checks.FixmeTagPresenceCheckTest
Running org.sonar.java.checks.StringEqualityComparisonCheckTest
Tests run: 1, Failures: 0, Errors: 0, Skipped: 0, Time elapsed: 0.008 sec - in org.sonar.java.checks.StringEqualityComparisonCheckTest
Running org.sonar.java.checks.ObjectEqualsNullCheckTest
Tests run: 1, Failures: 0, Errors: 0, Skipped: 0, Time elapsed: 0.003 sec - in org.sonar.java.checks.ObjectEqualsNullCheckTest
Running org.sonar.java.checks.NoPmdTagPresenceCheckTest
Tests run: 1, Failures: 0, Errors: 0, Skipped: 0, Time elapsed: 0.003 sec - in org.sonar.java.checks.NoPmdTagPresenceCheckTest
Running org.sonar.java.checks.NoTestInTestClassCheckTest
Tests run: 2, Failures: 0, Errors: 0, Skipped: 0, Time elapsed: 0.018 sec - in org.sonar.java.checks.NoTestInTestClassCheckTest
Running org.sonar.java.checks.SerializableObjectInSessionCheckTest
Tests run: 1, Failures: 0, Errors: 0, Skipped: 0, Time elapsed: 0.008 sec - in org.sonar.java.checks.SerializableObjectInSessionCheckTest
Running org.sonar.java.checks.GetRequestedSessionIdCheckTest
Tests run: 1, Failures: 0, Errors: 0, Skipped: 0, Time elapsed: 0.005 sec - in org.sonar.java.checks.GetRequestedSessionIdCheckTest
Running org.sonar.java.checks.SynchronizationOnStringOrBoxedCheckTest
Tests run: 1, Failures: 0, Errors: 0, Skipped: 0, Time elapsed: 0.008 sec - in org.sonar.java.checks.SynchronizationOnStringOrBoxedCheckTest
Running org.sonar.java.checks.NullCipherCheckTest
Tests run: 1, Failures: 0, Errors: 0, Skipped: 0, Time elapsed: 0.007 sec - in org.sonar.java.checks.NullCipherCheckTest
Running org.sonar.java.checks.RightCurlyBraceStartLineCheckTest
Tests run: 1, Failures: 0, Errors: 0, Skipped: 0, Time elapsed: 0.023 sec - in org.sonar.java.checks.RightCurlyBraceStartLineCheckTest
Running org.sonar.java.checks.LDAPInjectionCheckTest
Tests run: 1, Failures: 0, Errors: 0, Skipped: 0, Time elapsed: 0.012 sec - in org.sonar.java.checks.LDAPInjectionCheckTest
Running org.sonar.java.checks.ModifiersOrderCheckTest
Tests run: 1, Failures: 0, Errors: 0, Skipped: 0, Time elapsed: 0.006 sec - in org.sonar.java.checks.ModifiersOrderCheckTest
Running org.sonar.java.checks.TrailingCommentCheckTest
Tests run: 2, Failures: 0, Errors: 0, Skipped: 0, Time elapsed: 0.011 sec - in org.sonar.java.checks.TrailingCommentCheckTest
Running org.sonar.java.checks.verifier.JavaCheckVerifierTest
Tests run: 6, Failures: 0, Errors: 0, Skipped: 0, Time elapsed: 0.029 sec - in org.sonar.java.checks.verifier.JavaCheckVerifierTest
Running org.sonar.java.checks.TooManyLinesOfCodeInFile_S00104_CheckTest
Tests run: 3, Failures: 0, Errors: 0, Skipped: 0, Time elapsed: 0.03 sec - in org.sonar.java.checks.TooManyLinesOfCodeInFile_S00104_CheckTest
Running org.sonar.java.checks.ThreadOverridesRunCheckTest
Tests run: 1, Failures: 0, Errors: 0, Skipped: 0, Time elapsed: 0.012 sec - in org.sonar.java.checks.ThreadOverridesRunCheckTest
Running org.sonar.java.checks.GarbageCollectorCalledCheckTest
Tests run: 1, Failures: 0, Errors: 0, Skipped: 0, Time elapsed: 0.015 sec - in org.sonar.java.checks.GarbageCollectorCalledCheckTest
Running org.sonar.java.checks.PublicStaticFieldShouldBeFinalCheckTest
Tests run: 1, Failures: 0, Errors: 0, Skipped: 0, Time elapsed: 0.015 sec - in org.sonar.java.checks.PublicStaticFieldShouldBeFinalCheckTest
Running org.sonar.java.checks.MethodTooBigCheckTest
Tests run: 3, Failures: 0, Errors: 0, Skipped: 0, Time elapsed: 0.026 sec - in org.sonar.java.checks.MethodTooBigCheckTest
Running org.sonar.java.checks.FileCreateTempFileCheckTest
Tests run: 1, Failures: 0, Errors: 0, Skipped: 0, Time elapsed: 0.014 sec - in org.sonar.java.checks.FileCreateTempFileCheckTest
Running org.sonar.java.checks.ThreadWaitCallCheckTest
Tests run: 1, Failures: 0, Errors: 0, Skipped: 0, Time elapsed: 0.01 sec - in org.sonar.java.checks.ThreadWaitCallCheckTest
Running org.sonar.java.checks.ForLoopCounterChangedCheckTest
Tests run: 1, Failures: 0, Errors: 0, Skipped: 0, Time elapsed: 0.016 sec - in org.sonar.java.checks.ForLoopCounterChangedCheckTest
Running org.sonar.java.checks.MethodNameSameAsClassCheckTest
Tests run: 1, Failures: 0, Errors: 0, Skipped: 0, Time elapsed: 0.005 sec - in org.sonar.java.checks.MethodNameSameAsClassCheckTest
Running org.sonar.java.checks.BadFieldNameStaticNonFinalCheckTest
Tests run: 2, Failures: 0, Errors: 0, Skipped: 0, Time elapsed: 0.025 sec - in org.sonar.java.checks.BadFieldNameStaticNonFinalCheckTest
Running org.sonar.java.checks.RawException_S00112_CheckTest
Tests run: 1, Failures: 0, Errors: 0, Skipped: 0, Time elapsed: 0.011 sec - in org.sonar.java.checks.RawException_S00112_CheckTest
Running org.sonar.java.checks.SwitchCaseTooBigCheckTest
Tests run: 3, Failures: 0, Errors: 0, Skipped: 0, Time elapsed: 0.057 sec - in org.sonar.java.checks.SwitchCaseTooBigCheckTest
Running org.sonar.java.checks.MagicNumberCheckTest
Tests run: 1, Failures: 0, Errors: 0, Skipped: 0, Time elapsed: 0.023 sec - in org.sonar.java.checks.MagicNumberCheckTest
Running org.sonar.java.checks.EqualsNotOverriddenInSubclassCheckTest
Tests run: 1, Failures: 0, Errors: 0, Skipped: 0, Time elapsed: 0.011 sec - in org.sonar.java.checks.EqualsNotOverriddenInSubclassCheckTest
Running org.sonar.java.checks.ImmediatelyReturnedVariableCheckTest
Tests run: 1, Failures: 0, Errors: 0, Skipped: 0, Time elapsed: 0.012 sec - in org.sonar.java.checks.ImmediatelyReturnedVariableCheckTest
Running org.sonar.java.checks.TooManyStatementsPerLine_S00122_CheckTest
Tests run: 1, Failures: 0, Errors: 0, Skipped: 0, Time elapsed: 0.028 sec - in org.sonar.java.checks.TooManyStatementsPerLine_S00122_CheckTest
Running org.sonar.java.checks.SwitchWithTooManyCasesCheckTest
Tests run: 2, Failures: 0, Errors: 0, Skipped: 0, Time elapsed: 0.153 sec - in org.sonar.java.checks.SwitchWithTooManyCasesCheckTest
Running org.sonar.java.checks.PrimitiveWrappersInTernaryOperatorCheckTest
Tests run: 1, Failures: 0, Errors: 0, Skipped: 0, Time elapsed: 0.013 sec - in org.sonar.java.checks.PrimitiveWrappersInTernaryOperatorCheckTest
Running org.sonar.java.checks.FinalizeFieldsSetCheckTest
Tests run: 1, Failures: 0, Errors: 0, Skipped: 0, Time elapsed: 0.015 sec - in org.sonar.java.checks.FinalizeFieldsSetCheckTest
Running org.sonar.java.checks.InterfaceOrSuperclassShadowingCheckTest
Tests run: 1, Failures: 0, Errors: 0, Skipped: 0, Time elapsed: 0.008 sec - in org.sonar.java.checks.InterfaceOrSuperclassShadowingCheckTest
Running org.sonar.java.checks.BadConstantName_S00115_CheckTest
Tests run: 2, Failures: 0, Errors: 0, Skipped: 0, Time elapsed: 0.012 sec - in org.sonar.java.checks.BadConstantName_S00115_CheckTest
Running org.sonar.java.checks.EqualsOnAtomicClassCheckTest
Tests run: 1, Failures: 0, Errors: 0, Skipped: 0, Time elapsed: 0.01 sec - in org.sonar.java.checks.EqualsOnAtomicClassCheckTest
Running org.sonar.java.checks.UnusedLocalVariableCheckTest
Tests run: 1, Failures: 0, Errors: 0, Skipped: 0, Time elapsed: 0.012 sec - in org.sonar.java.checks.UnusedLocalVariableCheckTest
Running org.sonar.java.checks.SecureCookieCheckTest
Tests run: 1, Failures: 0, Errors: 0, Skipped: 0, Time elapsed: 0.016 sec - in org.sonar.java.checks.SecureCookieCheckTest
Running org.sonar.java.checks.CompareToResultTestCheckTest
Tests run: 1, Failures: 0, Errors: 0, Skipped: 0, Time elapsed: 0.02 sec - in org.sonar.java.checks.CompareToResultTestCheckTest
Running org.sonar.java.checks.BadAbstractClassName_S00118_CheckTest
Tests run: 1, Failures: 0, Errors: 0, Skipped: 0, Time elapsed: 0.004 sec - in org.sonar.java.checks.BadAbstractClassName_S00118_CheckTest
Running org.sonar.java.checks.ArrayDesignatorOnVariableCheckTest
Tests run: 1, Failures: 0, Errors: 0, Skipped: 0, Time elapsed: 0.007 sec - in org.sonar.java.checks.ArrayDesignatorOnVariableCheckTest
Running org.sonar.java.checks.CatchUsesExceptionWithContextCheckTest
Tests run: 1, Failures: 0, Errors: 0, Skipped: 0, Time elapsed: 0.035 sec - in org.sonar.java.checks.CatchUsesExceptionWithContextCheckTest
Running org.sonar.java.checks.StringLiteralInsideEqualsCheckTest
Tests run: 1, Failures: 0, Errors: 0, Skipped: 0, Time elapsed: 0.008 sec - in org.sonar.java.checks.StringLiteralInsideEqualsCheckTest
Running org.sonar.java.checks.FileHeaderCheckTest
Tests run: 3, Failures: 0, Errors: 0, Skipped: 0, Time elapsed: 0.065 sec - in org.sonar.java.checks.FileHeaderCheckTest
Running org.sonar.java.checks.CheckListTest
Tests run: 4, Failures: 0, Errors: 0, Skipped: 0, Time elapsed: 0.944 sec - in org.sonar.java.checks.CheckListTest
Running org.sonar.java.checks.ScheduledThreadPoolExecutorZeroCheckTest
Tests run: 1, Failures: 0, Errors: 0, Skipped: 0, Time elapsed: 0.009 sec - in org.sonar.java.checks.ScheduledThreadPoolExecutorZeroCheckTest
Running org.sonar.java.checks.NestedTryCatchCheckTest
Tests run: 1, Failures: 0, Errors: 0, Skipped: 0, Time elapsed: 0.008 sec - in org.sonar.java.checks.NestedTryCatchCheckTest
Running org.sonar.java.checks.StaticFinalArrayNotPrivateCheckTest
Tests run: 1, Failures: 0, Errors: 0, Skipped: 0, Time elapsed: 0.004 sec - in org.sonar.java.checks.StaticFinalArrayNotPrivateCheckTest
Running org.sonar.java.checks.ObjectCreatedOnlyToCallGetClassCheckTest
Tests run: 1, Failures: 0, Errors: 0, Skipped: 0, Time elapsed: 0.014 sec - in org.sonar.java.checks.ObjectCreatedOnlyToCallGetClassCheckTest
Running org.sonar.java.checks.DITCheckTest
Tests run: 2, Failures: 0, Errors: 0, Skipped: 0, Time elapsed: 0.049 sec - in org.sonar.java.checks.DITCheckTest
Running org.sonar.java.checks.AbstractMethodDetectionTest
Tests run: 2, Failures: 0, Errors: 0, Skipped: 0, Time elapsed: 0.016 sec - in org.sonar.java.checks.AbstractMethodDetectionTest
Running org.sonar.java.checks.SQLInjectionCheckTest
Tests run: 1, Failures: 0, Errors: 0, Skipped: 0, Time elapsed: 0.017 sec - in org.sonar.java.checks.SQLInjectionCheckTest
Running org.sonar.java.checks.StaticMethodCheckTest
Tests run: 1, Failures: 0, Errors: 0, Skipped: 0, Time elapsed: 0.01 sec - in org.sonar.java.checks.StaticMethodCheckTest
Running org.sonar.java.checks.PrintStackTraceCalledWithoutArgumentCheckTest
Tests run: 1, Failures: 0, Errors: 0, Skipped: 0, Time elapsed: 0.01 sec - in org.sonar.java.checks.PrintStackTraceCalledWithoutArgumentCheckTest
Running org.sonar.java.checks.MethodNamedHashcodeOrEqualCheckTest
Tests run: 1, Failures: 0, Errors: 0, Skipped: 0, Time elapsed: 0.005 sec - in org.sonar.java.checks.MethodNamedHashcodeOrEqualCheckTest
Running org.sonar.java.checks.NonStaticClassInitializerCheckTest
Tests run: 1, Failures: 0, Errors: 0, Skipped: 0, Time elapsed: 0.007 sec - in org.sonar.java.checks.NonStaticClassInitializerCheckTest
Running org.sonar.java.checks.RunFinalizersCheckTest
Tests run: 1, Failures: 0, Errors: 0, Skipped: 0, Time elapsed: 0.006 sec - in org.sonar.java.checks.RunFinalizersCheckTest
Running org.sonar.java.checks.EmptyFileCheckTest
Tests run: 2, Failures: 0, Errors: 0, Skipped: 0, Time elapsed: 0.004 sec - in org.sonar.java.checks.EmptyFileCheckTest
Running org.sonar.java.checks.AssertionInThreadRunCheckTest
Tests run: 1, Failures: 0, Errors: 0, Skipped: 0, Time elapsed: 0.016 sec - in org.sonar.java.checks.AssertionInThreadRunCheckTest
Running org.sonar.java.checks.TodoTagPresenceCheckTest
Tests run: 1, Failures: 0, Errors: 0, Skipped: 0, Time elapsed: 0.014 sec - in org.sonar.java.checks.TodoTagPresenceCheckTest
Running org.sonar.java.checks.BadLocalVariableName_S00117_CheckTest
Tests run: 2, Failures: 0, Errors: 0, Skipped: 0, Time elapsed: 0.038 sec - in org.sonar.java.checks.BadLocalVariableName_S00117_CheckTest
Running org.sonar.java.checks.BooleanLiteralInAssertionsCheckTest
Tests run: 1, Failures: 0, Errors: 0, Skipped: 0, Time elapsed: 0.017 sec - in org.sonar.java.checks.BooleanLiteralInAssertionsCheckTest
Running org.sonar.java.checks.InstanceOfAlwaysTrueCheckTest
Tests run: 1, Failures: 0, Errors: 0, Skipped: 0, Time elapsed: 0.004 sec - in org.sonar.java.checks.InstanceOfAlwaysTrueCheckTest
Running org.sonar.java.checks.RedundantModifierCheckTest
Tests run: 1, Failures: 0, Errors: 0, Skipped: 0, Time elapsed: 0.008 sec - in org.sonar.java.checks.RedundantModifierCheckTest

Results :




Tests run: 463, Failures: 0, Errors: 0, Skipped: 0

[INFO] 
[INFO] --- maven-jar-plugin:2.5:jar (default-jar) @ java-checks ---
[INFO] Building jar: /home/travis/build/SonarSource/sonar-java/java-checks/target/java-checks-3.5-SNAPSHOT.jar
[INFO] 
[INFO] --- animal-sniffer-maven-plugin:1.13:check (enforce-java-api-compatibility) @ java-checks ---
[INFO] Checking unresolved references to org.codehaus.mojo.signature:java17:1.0
[INFO] 
[INFO] --- maven-source-plugin:2.4:jar-no-fork (attach-sources) @ java-checks ---
[INFO] Building jar: /home/travis/build/SonarSource/sonar-java/java-checks/target/java-checks-3.5-SNAPSHOT-sources.jar
[INFO]                                                                         
[INFO] ------------------------------------------------------------------------
[INFO] Building SonarQube Java :: Surefire 3.5-SNAPSHOT
[INFO] ------------------------------------------------------------------------
[INFO] 
[INFO] --- buildnumber-maven-plugin:1.3:create (default) @ java-surefire ---
[INFO] 
[INFO] --- maven-enforcer-plugin:1.3.1:enforce (enforce) @ java-surefire ---
[INFO] 
[INFO] --- maven-license-plugin:1.10.b1:check (enforce-license-headers) @ java-surefire ---
[INFO] Checking licenses...
[INFO] 
[INFO] --- maven-resources-plugin:2.7:resources (default-resources) @ java-surefire ---
[INFO] Using 'UTF-8' encoding to copy filtered resources.
[INFO] skip non existing resourceDirectory /home/travis/build/SonarSource/sonar-java/java-surefire/src/main/resources
[INFO] 
[INFO] --- maven-compiler-plugin:3.2:compile (default-compile) @ java-surefire ---
[INFO] Changes detected - recompiling the module!
[INFO] Compiling 11 source files to /home/travis/build/SonarSource/sonar-java/java-surefire/target/classes
[INFO] /home/travis/build/SonarSource/sonar-java/java-surefire/src/main/java/org/sonar/plugins/surefire/SurefireSensor.java: Some input files use or override a deprecated API.
[INFO] /home/travis/build/SonarSource/sonar-java/java-surefire/src/main/java/org/sonar/plugins/surefire/SurefireSensor.java: Recompile with -Xlint:deprecation for details.
[INFO] 
[INFO] --- maven-resources-plugin:2.7:testResources (default-testResources) @ java-surefire ---
[INFO] Using 'UTF-8' encoding to copy filtered resources.
[INFO] skip non existing resourceDirectory /home/travis/build/SonarSource/sonar-java/java-surefire/src/main/resources
[INFO] Copying 48 resources
[INFO] 
[INFO] --- maven-compiler-plugin:3.2:testCompile (default-testCompile) @ java-surefire ---
[INFO] Changes detected - recompiling the module!
[INFO] Compiling 8 source files to /home/travis/build/SonarSource/sonar-java/java-surefire/target/test-classes
[INFO] /home/travis/build/SonarSource/sonar-java/java-surefire/src/test/java/org/sonar/plugins/surefire/SurefireSensorTest.java: Some input files use or override a deprecated API.
[INFO] /home/travis/build/SonarSource/sonar-java/java-surefire/src/test/java/org/sonar/plugins/surefire/SurefireSensorTest.java: Recompile with -Xlint:deprecation for details.
[INFO] 
[INFO] --- maven-surefire-plugin:2.18:test (default-test) @ java-surefire ---
[INFO] Surefire report directory: /home/travis/build/SonarSource/sonar-java/java-surefire/target/surefire-reports

-------------------------------------------------------
 T E S T S
-------------------------------------------------------
Running org.sonar.plugins.surefire.data.UnitTestClassReportTest
Tests run: 2, Failures: 0, Errors: 0, Skipped: 0, Time elapsed: 0.017 sec - in org.sonar.plugins.surefire.data.UnitTestClassReportTest
Running org.sonar.plugins.surefire.data.UnitTestResultTest
Tests run: 3, Failures: 0, Errors: 0, Skipped: 0, Time elapsed: 0.002 sec - in org.sonar.plugins.surefire.data.UnitTestResultTest
Running org.sonar.plugins.surefire.SurefireExtensionsTest
Tests run: 1, Failures: 0, Errors: 0, Skipped: 0, Time elapsed: 0.018 sec - in org.sonar.plugins.surefire.SurefireExtensionsTest
Running org.sonar.plugins.surefire.data.SurefireStaxHandlerTest
Tests run: 7, Failures: 0, Errors: 0, Skipped: 0, Time elapsed: 0.189 sec - in org.sonar.plugins.surefire.data.SurefireStaxHandlerTest
Running org.sonar.plugins.surefire.data.UnitTestIndexTest
Tests run: 6, Failures: 0, Errors: 0, Skipped: 0, Time elapsed: 0.001 sec - in org.sonar.plugins.surefire.data.UnitTestIndexTest
Running org.sonar.plugins.surefire.SurefireJavaParserTest
Tests run: 10, Failures: 0, Errors: 0, Skipped: 0, Time elapsed: 0.272 sec - in org.sonar.plugins.surefire.SurefireJavaParserTest
Running org.sonar.plugins.surefire.api.SurefireUtilsTest
Tests run: 2, Failures: 0, Errors: 0, Skipped: 0, Time elapsed: 0.068 sec - in org.sonar.plugins.surefire.api.SurefireUtilsTest
Running org.sonar.plugins.surefire.SurefireSensorTest
Tests run: 11, Failures: 0, Errors: 0, Skipped: 0, Time elapsed: 0.069 sec - in org.sonar.plugins.surefire.SurefireSensorTest

Results :




Tests run: 42, Failures: 0, Errors: 0, Skipped: 0

[INFO] 
[INFO] --- maven-jar-plugin:2.5:jar (default-jar) @ java-surefire ---
[INFO] Building jar: /home/travis/build/SonarSource/sonar-java/java-surefire/target/java-surefire-3.5-SNAPSHOT.jar
[INFO] 
[INFO] --- animal-sniffer-maven-plugin:1.13:check (enforce-java-api-compatibility) @ java-surefire ---
[INFO] Checking unresolved references to org.codehaus.mojo.signature:java17:1.0
[INFO] 
[INFO] --- maven-source-plugin:2.4:jar-no-fork (attach-sources) @ java-surefire ---
[INFO] Building jar: /home/travis/build/SonarSource/sonar-java/java-surefire/target/java-surefire-3.5-SNAPSHOT-sources.jar
[INFO]                                                                         
[INFO] ------------------------------------------------------------------------
[INFO] Building java-jacoco-previous 3.5-SNAPSHOT
[INFO] ------------------------------------------------------------------------
[INFO] 
[INFO] --- buildnumber-maven-plugin:1.3:create (default) @ java-jacoco-previous ---
[INFO] 
[INFO] --- maven-enforcer-plugin:1.3.1:enforce (enforce) @ java-jacoco-previous ---
[INFO] 
[INFO] --- maven-license-plugin:1.10.b1:check (enforce-license-headers) @ java-jacoco-previous ---
[INFO] Checking licenses...
[INFO] 
[INFO] --- maven-resources-plugin:2.7:resources (default-resources) @ java-jacoco-previous ---
[INFO] Using 'UTF-8' encoding to copy filtered resources.
[INFO] skip non existing resourceDirectory /home/travis/build/SonarSource/sonar-java/java-jacoco-previous/src/main/resources
[INFO] 
[INFO] --- maven-compiler-plugin:3.2:compile (default-compile) @ java-jacoco-previous ---
[INFO] No sources to compile
[INFO] 
[INFO] --- maven-resources-plugin:2.7:testResources (default-testResources) @ java-jacoco-previous ---
[INFO] Using 'UTF-8' encoding to copy filtered resources.
[INFO] skip non existing resourceDirectory /home/travis/build/SonarSource/sonar-java/java-jacoco-previous/src/test/resources
[INFO] 
[INFO] --- maven-compiler-plugin:3.2:testCompile (default-testCompile) @ java-jacoco-previous ---
[INFO] No sources to compile
[INFO] 
[INFO] --- maven-surefire-plugin:2.18:test (default-test) @ java-jacoco-previous ---
[INFO] No tests to run.
[INFO] 
[INFO] --- maven-jar-plugin:2.5:jar (default-jar) @ java-jacoco-previous ---
[WARNING] JAR will be empty - no content was marked for inclusion!
[INFO] Building jar: /home/travis/build/SonarSource/sonar-java/java-jacoco-previous/target/java-jacoco-previous-3.5-SNAPSHOT.jar
[INFO] 
[INFO] --- maven-shade-plugin:2.3:shade (default) @ java-jacoco-previous ---
[INFO] Including org.jacoco:org.jacoco.core:jar:0.7.4.201502262128 in the shaded jar.
[INFO] Including org.ow2.asm:asm-debug-all:jar:5.0.3 in the shaded jar.
[INFO] Replacing original artifact with shaded artifact.
[INFO] Replacing /home/travis/build/SonarSource/sonar-java/java-jacoco-previous/target/java-jacoco-previous-3.5-SNAPSHOT.jar with /home/travis/build/SonarSource/sonar-java/java-jacoco-previous/target/java-jacoco-previous-3.5-SNAPSHOT-shaded.jar
[INFO] Dependency-reduced POM written at: /home/travis/build/SonarSource/sonar-java/java-jacoco-previous/target/dependency-reduced-pom.xml
[INFO] 
[INFO] --- animal-sniffer-maven-plugin:1.13:check (enforce-java-api-compatibility) @ java-jacoco-previous ---
[INFO] Checking unresolved references to org.codehaus.mojo.signature:java17:1.0
[INFO] 
[INFO] --- maven-source-plugin:2.4:jar-no-fork (attach-sources) @ java-jacoco-previous ---
[INFO] No sources in project. Archive not created.
[INFO]                                                                         
[INFO] ------------------------------------------------------------------------
[INFO] Building SonarQube Java :: JaCoCo 3.5-SNAPSHOT
[INFO] ------------------------------------------------------------------------
[INFO] 
[INFO] --- buildnumber-maven-plugin:1.3:create (default) @ java-jacoco ---
[INFO] 
[INFO] --- maven-enforcer-plugin:1.3.1:enforce (enforce) @ java-jacoco ---
[INFO] 
[INFO] --- maven-license-plugin:1.10.b1:check (enforce-license-headers) @ java-jacoco ---
[INFO] Checking licenses...
[INFO] 
[INFO] --- maven-resources-plugin:2.7:resources (default-resources) @ java-jacoco ---
[INFO] Using 'UTF-8' encoding to copy filtered resources.
[INFO] Copying 1 resource
[INFO] 
[INFO] --- sonar-dev-maven-plugin:1.8:trim (trim) @ java-jacoco ---
[INFO] Scanning directory /home/travis/build/SonarSource/sonar-java/java-jacoco/target/classes
[INFO] Trimmed files: 0
[INFO] 
[INFO] --- maven-compiler-plugin:3.2:compile (default-compile) @ java-jacoco ---
[INFO] Changes detected - recompiling the module!
[INFO] Compiling 10 source files to /home/travis/build/SonarSource/sonar-java/java-jacoco/target/classes
[INFO] /home/travis/build/SonarSource/sonar-java/java-jacoco/src/main/java/org/sonar/plugins/jacoco/JaCoCoReportMerger.java: Some input files use or override a deprecated API.
[INFO] /home/travis/build/SonarSource/sonar-java/java-jacoco/src/main/java/org/sonar/plugins/jacoco/JaCoCoReportMerger.java: Recompile with -Xlint:deprecation for details.
[INFO] 
[INFO] --- maven-resources-plugin:2.7:testResources (default-testResources) @ java-jacoco ---
[INFO] Using 'UTF-8' encoding to copy filtered resources.
[INFO] Copying 22 resources
[INFO] 
[INFO] --- maven-compiler-plugin:3.2:testCompile (default-testCompile) @ java-jacoco ---
[INFO] Changes detected - recompiling the module!
[INFO] Compiling 8 source files to /home/travis/build/SonarSource/sonar-java/java-jacoco/target/test-classes
[INFO] /home/travis/build/SonarSource/sonar-java/java-jacoco/src/test/java/org/sonar/plugins/jacoco/JaCoCoOverallSensorTest.java: Some input files use or override a deprecated API.
[INFO] /home/travis/build/SonarSource/sonar-java/java-jacoco/src/test/java/org/sonar/plugins/jacoco/JaCoCoOverallSensorTest.java: Recompile with -Xlint:deprecation for details.
[INFO] 
[INFO] --- maven-surefire-plugin:2.18:test (default-test) @ java-jacoco ---
[INFO] Surefire report directory: /home/travis/build/SonarSource/sonar-java/java-jacoco/target/surefire-reports

-------------------------------------------------------
 T E S T S
-------------------------------------------------------
Running org.sonar.plugins.jacoco.JaCoCoItSensorTest
Tests run: 4, Failures: 0, Errors: 0, Skipped: 0, Time elapsed: 0.434 sec - in org.sonar.plugins.jacoco.JaCoCoItSensorTest
Running org.sonar.plugins.jacoco.JacocoConfigurationTest
Tests run: 5, Failures: 0, Errors: 0, Skipped: 0, Time elapsed: 0.026 sec - in org.sonar.plugins.jacoco.JacocoConfigurationTest
Running org.sonar.plugins.jacoco.JaCoCoOverallSensorTest
Tests run: 8, Failures: 0, Errors: 0, Skipped: 0, Time elapsed: 0.054 sec - in org.sonar.plugins.jacoco.JaCoCoOverallSensorTest
Running org.sonar.plugins.jacoco.JacocoReportReaderTest
Tests run: 5, Failures: 0, Errors: 0, Skipped: 0, Time elapsed: 0.017 sec - in org.sonar.plugins.jacoco.JacocoReportReaderTest
Running org.sonar.plugins.jacoco.JaCoCoExtensionsTest
Tests run: 1, Failures: 0, Errors: 0, Skipped: 0, Time elapsed: 0.002 sec - in org.sonar.plugins.jacoco.JaCoCoExtensionsTest
Running org.sonar.plugins.jacoco.ExecutionDataVisitorTest
Tests run: 1, Failures: 0, Errors: 0, Skipped: 0, Time elapsed: 0.003 sec - in org.sonar.plugins.jacoco.ExecutionDataVisitorTest
Running org.sonar.plugins.jacoco.JaCoCoSensorTest
Tests run: 12, Failures: 0, Errors: 0, Skipped: 0, Time elapsed: 0.37 sec - in org.sonar.plugins.jacoco.JaCoCoSensorTest
Running org.sonar.plugins.jacoco.JaCoCoReportMergerTest
Tests run: 3, Failures: 0, Errors: 0, Skipped: 0, Time elapsed: 0.005 sec - in org.sonar.plugins.jacoco.JaCoCoReportMergerTest

Results :




Tests run: 39, Failures: 0, Errors: 0, Skipped: 0

[INFO] 
[INFO] --- maven-jar-plugin:2.5:jar (default-jar) @ java-jacoco ---
[INFO] Building jar: /home/travis/build/SonarSource/sonar-java/java-jacoco/target/java-jacoco-3.5-SNAPSHOT.jar
[INFO] 
[INFO] --- maven-enforcer-plugin:1.3.1:enforce (enforce-plugin-size) @ java-jacoco ---
[INFO] 
[INFO] --- animal-sniffer-maven-plugin:1.13:check (enforce-java-api-compatibility) @ java-jacoco ---
[INFO] Checking unresolved references to org.codehaus.mojo.signature:java17:1.0
[INFO] 
[INFO] --- maven-source-plugin:2.4:jar-no-fork (attach-sources) @ java-jacoco ---
[INFO] Building jar: /home/travis/build/SonarSource/sonar-java/java-jacoco/target/java-jacoco-3.5-SNAPSHOT-sources.jar
[INFO]                                                                         
[INFO] ------------------------------------------------------------------------
[INFO] Building SonarQube Java :: Plugin 3.5-SNAPSHOT
[INFO] ------------------------------------------------------------------------
[INFO] 
[INFO] --- buildnumber-maven-plugin:1.3:create (default) @ sonar-java-plugin ---
[INFO] 
[INFO] --- maven-enforcer-plugin:1.3.1:enforce (enforce) @ sonar-java-plugin ---
[INFO] 
[INFO] --- maven-license-plugin:1.10.b1:check (enforce-license-headers) @ sonar-java-plugin ---
[INFO] Checking licenses...
[INFO] 
[INFO] --- sonar-packaging-maven-plugin:1.12.1:check-dependencies (default-check-dependencies) @ sonar-java-plugin ---
[INFO] 
[INFO] --- maven-resources-plugin:2.7:resources (default-resources) @ sonar-java-plugin ---
[INFO] Using 'UTF-8' encoding to copy filtered resources.
[INFO] skip non existing resourceDirectory /home/travis/build/SonarSource/sonar-java/sonar-java-plugin/src/main/resources
[INFO] 
[INFO] --- maven-compiler-plugin:3.2:compile (default-compile) @ sonar-java-plugin ---
[INFO] Changes detected - recompiling the module!
[INFO] Compiling 14 source files to /home/travis/build/SonarSource/sonar-java/sonar-java-plugin/target/classes
[INFO] /home/travis/build/SonarSource/sonar-java/sonar-java-plugin/src/main/java/org/sonar/plugins/java/JavaSquidSensor.java: Some input files use or override a deprecated API.
[INFO] /home/travis/build/SonarSource/sonar-java/sonar-java-plugin/src/main/java/org/sonar/plugins/java/JavaSquidSensor.java: Recompile with -Xlint:deprecation for details.
[INFO] /home/travis/build/SonarSource/sonar-java/sonar-java-plugin/src/main/java/org/sonar/plugins/java/JavaPlugin.java: /home/travis/build/SonarSource/sonar-java/sonar-java-plugin/src/main/java/org/sonar/plugins/java/JavaPlugin.java uses unchecked or unsafe operations.
[INFO] /home/travis/build/SonarSource/sonar-java/sonar-java-plugin/src/main/java/org/sonar/plugins/java/JavaPlugin.java: Recompile with -Xlint:unchecked for details.
[INFO] 
[INFO] --- maven-resources-plugin:2.7:testResources (default-testResources) @ sonar-java-plugin ---
[INFO] Using 'UTF-8' encoding to copy filtered resources.
[INFO] skip non existing resourceDirectory /home/travis/build/SonarSource/sonar-java/sonar-java-plugin/src/test/resources
[INFO] 
[INFO] --- maven-compiler-plugin:3.2:testCompile (default-testCompile) @ sonar-java-plugin ---
[INFO] Changes detected - recompiling the module!
[INFO] Compiling 9 source files to /home/travis/build/SonarSource/sonar-java/sonar-java-plugin/target/test-classes
[INFO] /home/travis/build/SonarSource/sonar-java/sonar-java-plugin/src/test/java/org/sonar/plugins/java/JavaSquidSensorTest.java: Some input files use or override a deprecated API.
[INFO] /home/travis/build/SonarSource/sonar-java/sonar-java-plugin/src/test/java/org/sonar/plugins/java/JavaSquidSensorTest.java: Recompile with -Xlint:deprecation for details.
[INFO] /home/travis/build/SonarSource/sonar-java/sonar-java-plugin/src/test/java/org/sonar/plugins/java/JavaSquidSensorTest.java: Some input files use unchecked or unsafe operations.
[INFO] /home/travis/build/SonarSource/sonar-java/sonar-java-plugin/src/test/java/org/sonar/plugins/java/JavaSquidSensorTest.java: Recompile with -Xlint:unchecked for details.
[INFO] 
[INFO] --- maven-surefire-plugin:2.18:test (default-test) @ sonar-java-plugin ---
[INFO] Surefire report directory: /home/travis/build/SonarSource/sonar-java/sonar-java-plugin/target/surefire-reports

-------------------------------------------------------
 T E S T S
-------------------------------------------------------
Running org.sonar.plugins.java.JavaSonarWayProfileTest
Tests run: 1, Failures: 0, Errors: 0, Skipped: 0, Time elapsed: 0.628 sec - in org.sonar.plugins.java.JavaSonarWayProfileTest
Running org.sonar.plugins.java.bridges.DesignBridgeTest
Tests run: 1, Failures: 0, Errors: 0, Skipped: 0, Time elapsed: 0.157 sec - in org.sonar.plugins.java.bridges.DesignBridgeTest
Running org.sonar.plugins.java.JavaCommonRulesDecoratorTest
Tests run: 1, Failures: 0, Errors: 0, Skipped: 0, Time elapsed: 0.009 sec - in org.sonar.plugins.java.JavaCommonRulesDecoratorTest
Running org.sonar.plugins.java.JavaSquidSensorTest
Tests run: 3, Failures: 0, Errors: 0, Skipped: 0, Time elapsed: 1.067 sec - in org.sonar.plugins.java.JavaSquidSensorTest
Running org.sonar.plugins.java.ProfilesTest
Tests run: 1, Failures: 0, Errors: 0, Skipped: 0, Time elapsed: 0.071 sec - in org.sonar.plugins.java.ProfilesTest
Running org.sonar.plugins.java.JavaCommonRulesEngineTest
Tests run: 2, Failures: 0, Errors: 0, Skipped: 0, Time elapsed: 0.007 sec - in org.sonar.plugins.java.JavaCommonRulesEngineTest
Running org.sonar.plugins.java.JavaPluginTest
Tests run: 1, Failures: 0, Errors: 0, Skipped: 0, Time elapsed: 0.009 sec - in org.sonar.plugins.java.JavaPluginTest
Running org.sonar.plugins.java.JavaRulesDefinitionTest
Tests run: 1, Failures: 0, Errors: 0, Skipped: 0, Time elapsed: 0.508 sec - in org.sonar.plugins.java.JavaRulesDefinitionTest
Running org.sonar.plugins.java.JavaTest
Tests run: 1, Failures: 0, Errors: 0, Skipped: 0, Time elapsed: 0.002 sec - in org.sonar.plugins.java.JavaTest

Results :




Tests run: 12, Failures: 0, Errors: 0, Skipped: 0

[INFO] 
[INFO] --- sonar-packaging-maven-plugin:1.12.1:sonar-plugin (default-sonar-plugin) @ sonar-java-plugin ---
[INFO] -------------------------------------------------------
[INFO] Plugin definition in update center
[INFO]     Key: java
[INFO]     Name: Java
[INFO]     Description: SonarQube rule engine.
[INFO]     Version: 3.5-SNAPSHOT
[INFO]     Main class: org.sonar.plugins.java.JavaPlugin
[INFO]     Homepage: http://redirect.sonarsource.com/plugins/java.html
[INFO]     Sonar version: 4.5.4
[INFO]     License: GNU LGPL 3
[INFO]     Organization: SonarSource
[INFO]     Organization URL: http://www.sonarsource.com
[INFO]     Terms & Conditions URL: 
[INFO]     Issue Tracker URL: http://jira.codehaus.org/browse/SONARJAVA
[INFO]     Build date: 2015-08-20T06:58:25+0000
[INFO]     Sources URL: https://github.com/SonarSource/sonar-java
[INFO]     Developers: Evgeny Mandrikov,Nicolas Peru
[INFO] -------------------------------------------------------
[WARNING] com.google.code.findbugs:jsr305:jar:1.3.9:compile is provided by SonarQube plugin API and will not be packaged in your plugin
[WARNING] org.slf4j:slf4j-api:jar:1.6.2:compile is provided by SonarQube plugin API and will not be packaged in your plugin
[WARNING] org.picocontainer:picocontainer:jar:2.14.1:compile is provided by SonarQube plugin API and will not be packaged in your plugin
[WARNING] com.google.guava:guava:jar:10.0.1:compile is provided by SonarQube plugin API and will not be packaged in your plugin
[WARNING] commons-lang:commons-lang:jar:2.6:compile is provided by SonarQube plugin API and will not be packaged in your plugin
[WARNING] org.slf4j:jcl-over-slf4j:jar:1.6.2:compile is provided by SonarQube plugin API and will not be packaged in your plugin
[INFO] Following dependencies are packaged in the plugin:

	org.sonarsource.java:java-checks:jar
	org.ow2.asm:asm-debug-all:jar
	jaxen:jaxen:jar
	org.sonarsource.java:java-surefire:jar
	org.sonarsource.java:java-squid:jar
	org.codehaus.sonar.sslr:sslr-core:jar
	org.jacoco:org.jacoco.core:jar
	org.codehaus.sonar.sslr-squid-bridge:sslr-squid-bridge:jar
	org.sonarsource.java:java-jacoco:jar
	org.sonarsource.java:java-jacoco-previous:jar
	org.codehaus.sonar.sslr:sslr-xpath:jar
	org.sonarsource.sslr:sslr-core:jar
	cglib:cglib-nodep:jar

[INFO] See following page for more details about plugin dependencies:

	http://docs.codehaus.org/display/SONAR/Coding+a+plugin

[INFO] Building jar: /home/travis/build/SonarSource/sonar-java/sonar-java-plugin/target/sonar-java-plugin-3.5-SNAPSHOT.jar
[INFO]  already added, skipping
[INFO] 
[INFO] --- maven-enforcer-plugin:1.3.1:enforce (enforce-plugin-size) @ sonar-java-plugin ---
[INFO] 
[INFO] --- animal-sniffer-maven-plugin:1.13:check (enforce-java-api-compatibility) @ sonar-java-plugin ---
[INFO] Checking unresolved references to org.codehaus.mojo.signature:java17:1.0
[INFO] 
[INFO] --- maven-source-plugin:2.4:jar-no-fork (attach-sources) @ sonar-java-plugin ---
[INFO] Building jar: /home/travis/build/SonarSource/sonar-java/sonar-java-plugin/target/sonar-java-plugin-3.5-SNAPSHOT-sources.jar
[INFO]                                                                         
[INFO] ------------------------------------------------------------------------
[INFO] Building SonarQube Java :: JaCoCo Listeners 3.5-SNAPSHOT
[INFO] ------------------------------------------------------------------------
[INFO] 
[INFO] --- buildnumber-maven-plugin:1.3:create (default) @ sonar-jacoco-listeners ---
[INFO] 
[INFO] --- maven-enforcer-plugin:1.3.1:enforce (enforce) @ sonar-jacoco-listeners ---
[INFO] 
[INFO] --- maven-license-plugin:1.10.b1:check (enforce-license-headers) @ sonar-jacoco-listeners ---
[INFO] Checking licenses...
[INFO] 
[INFO] --- maven-resources-plugin:2.7:resources (default-resources) @ sonar-jacoco-listeners ---
[INFO] Using 'UTF-8' encoding to copy filtered resources.
[INFO] skip non existing resourceDirectory /home/travis/build/SonarSource/sonar-java/sonar-jacoco-listeners/src/main/resources
[INFO] 
[INFO] --- maven-compiler-plugin:3.2:compile (default-compile) @ sonar-jacoco-listeners ---
[INFO] Changes detected - recompiling the module!
[INFO] Compiling 4 source files to /home/travis/build/SonarSource/sonar-java/sonar-jacoco-listeners/target/classes
[INFO] 
[INFO] --- maven-resources-plugin:2.7:testResources (default-testResources) @ sonar-jacoco-listeners ---
[INFO] Using 'UTF-8' encoding to copy filtered resources.
[INFO] skip non existing resourceDirectory /home/travis/build/SonarSource/sonar-java/sonar-jacoco-listeners/src/test/resources
[INFO] 
[INFO] --- maven-compiler-plugin:3.2:testCompile (default-testCompile) @ sonar-jacoco-listeners ---
[INFO] Changes detected - recompiling the module!
[INFO] Compiling 4 source files to /home/travis/build/SonarSource/sonar-java/sonar-jacoco-listeners/target/test-classes
[INFO] 
[INFO] --- maven-surefire-plugin:2.18:test (default-test) @ sonar-jacoco-listeners ---
[INFO] Surefire report directory: /home/travis/build/SonarSource/sonar-java/sonar-jacoco-listeners/target/surefire-reports

-------------------------------------------------------
 T E S T S
-------------------------------------------------------
Running org.sonar.java.jacoco.TestNGListenerTest
Tests run: 11, Failures: 0, Errors: 0, Skipped: 0, Time elapsed: 0.35 sec - in org.sonar.java.jacoco.TestNGListenerTest
Running org.sonar.java.jacoco.JacocoControllerTest
Tests run: 4, Failures: 0, Errors: 0, Skipped: 0, Time elapsed: 0.02 sec - in org.sonar.java.jacoco.JacocoControllerTest
Running org.sonar.java.jacoco.JUnitListenerTest
Tests run: 3, Failures: 0, Errors: 0, Skipped: 0, Time elapsed: 0.008 sec - in org.sonar.java.jacoco.JUnitListenerTest

Results :




Tests run: 18, Failures: 0, Errors: 0, Skipped: 0

[INFO] 
[INFO] --- maven-jar-plugin:2.5:jar (default-jar) @ sonar-jacoco-listeners ---
[INFO] Building jar: /home/travis/build/SonarSource/sonar-java/sonar-jacoco-listeners/target/sonar-jacoco-listeners-3.5-SNAPSHOT.jar
[INFO] 
[INFO] --- animal-sniffer-maven-plugin:1.13:check (enforce-java-api-compatibility) @ sonar-jacoco-listeners ---
[INFO] Checking unresolved references to org.codehaus.mojo.signature:java17:1.0
[INFO] 
[INFO] --- maven-source-plugin:2.4:jar-no-fork (attach-sources) @ sonar-jacoco-listeners ---
[INFO] Building jar: /home/travis/build/SonarSource/sonar-java/sonar-jacoco-listeners/target/sonar-jacoco-listeners-3.5-SNAPSHOT-sources.jar
[INFO] ------------------------------------------------------------------------
[INFO] Reactor Summary:
[INFO] 
[INFO] SonarQube Java ..................................... SUCCESS [  2.857 s]
[INFO] SonarQube Java :: Squid ............................ SUCCESS [ 58.185 s]
[INFO] SonarQube Java :: Checks ........................... SUCCESS [ 21.204 s]
[INFO] SonarQube Java :: Surefire ......................... SUCCESS [  1.850 s]
[INFO] java-jacoco-previous ............................... SUCCESS [  0.850 s]
[INFO] SonarQube Java :: JaCoCo ........................... SUCCESS [  2.251 s]
[INFO] SonarQube Java :: Plugin ........................... SUCCESS [  5.374 s]
[INFO] SonarQube Java :: JaCoCo Listeners ................. SUCCESS [  0.984 s]
[INFO] ------------------------------------------------------------------------
[INFO] BUILD SUCCESS
[INFO] ------------------------------------------------------------------------
[INFO] Total time: 01:34 min
[INFO] Finished at: 2015-08-20T06:58:28+00:00
[INFO] Final Memory: 44M/443M
[INFO] ------------------------------------------------------------------------
travis_time:end:0a9ed380:start=1440053812238737896,finish=1440053908609507771,duration=96370769875[0K
[32;1mThe command "./travis.sh" exited with 0.[0m
travis_fold:start:cache.2[0Kstore build cache
travis_time:start:150a4d97[0Knothing changed, not updating cache
travis_time:end:150a4d97:start=1440053908614175273,finish=1440053911281332124,duration=2667156851[0Ktravis_fold:end:cache.2[0K
Done. Your build exited with 0.
