Using worker: worker-linux-docker-5158dea8.prod.travis-ci.org:travis-linux-7

travis_fold:start:system_info[0K[33;1mBuild system information[0m
Build language: java
[34m[1mBuild image provisioning date and time[0m
Thu Feb  5 15:09:33 UTC 2015
[34m[1mOperating System Details[0m
Distributor ID:	Ubuntu
Description:	Ubuntu 12.04.5 LTS
Release:	12.04
Codename:	precise
[34m[1mLinux Version[0m
3.13.0-29-generic
[34m[1mCookbooks Version[0m
a68419e https://github.com/travis-ci/travis-cookbooks/tree/a68419e
[34m[1mGCC version[0m
gcc (Ubuntu/Linaro 4.6.3-1ubuntu5) 4.6.3
Copyright (C) 2011 Free Software Foundation, Inc.
This is free software; see the source for copying conditions.  There is NO
warranty; not even for MERCHANTABILITY or FITNESS FOR A PARTICULAR PURPOSE.

[34m[1mLLVM version[0m
clang version 3.4 (tags/RELEASE_34/final)
Target: x86_64-unknown-linux-gnu
Thread model: posix
[34m[1mPre-installed Ruby versions[0m
ruby-1.9.3-p551
[34m[1mPre-installed Node.js versions[0m
v0.10.36
[34m[1mPre-installed Go versions[0m
1.4.1
[34m[1mRedis version[0m
redis-server 2.8.19
[34m[1mriak version[0m
2.0.2
[34m[1mMongoDB version[0m
MongoDB 2.4.12
[34m[1mCouchDB version[0m
couchdb 1.6.1
[34m[1mNeo4j version[0m
1.9.4
[34m[1mRabbitMQ Version[0m
3.4.3
[34m[1mElasticSearch version[0m
1.4.0
[34m[1mInstalled Sphinx versions[0m
2.0.10
2.1.9
2.2.6
[34m[1mDefault Sphinx version[0m
2.2.6
[34m[1mInstalled Firefox version[0m
firefox 31.0esr
[34m[1mPhantomJS version[0m
1.9.8
[34m[1mant -version[0m
Apache Ant(TM) version 1.8.2 compiled on December 3 2011
[34m[1mmvn -version[0m
Apache Maven 3.2.5 (12a6b3acb947671f09b81f49094c53f426d8cea1; 2014-12-14T17:29:23+00:00)
Maven home: /usr/local/maven
Java version: 1.7.0_76, vendor: Oracle Corporation
Java home: /usr/lib/jvm/java-7-oracle/jre
Default locale: en_US, platform encoding: ANSI_X3.4-1968
OS name: "linux", version: "3.13.0-29-generic", arch: "amd64", family: "unix"
travis_fold:end:system_info[0K
travis_fold:start:git.checkout[0Ktravis_time:start:001ee2dc[0K$ git clone --depth=50 --branch=issue/DATAJPA-765 https://github.com/spring-projects/spring-data-jpa.git spring-projects/spring-data-jpa
Cloning into 'spring-projects/spring-data-jpa'...
remote: Counting objects: 1072, done.[K
remote: Compressing objects:   0% (1/606)   [Kremote: Compressing objects:   1% (7/606)   [Kremote: Compressing objects:   2% (13/606)   [Kremote: Compressing objects:   3% (19/606)   [Kremote: Compressing objects:   4% (25/606)   [Kremote: Compressing objects:   5% (31/606)   [Kremote: Compressing objects:   6% (37/606)   [Kremote: Compressing objects:   7% (43/606)   [Kremote: Compressing objects:   8% (49/606)   [Kremote: Compressing objects:   9% (55/606)   [Kremote: Compressing objects:  10% (61/606)   [Kremote: Compressing objects:  11% (67/606)   [Kremote: Compressing objects:  12% (73/606)   [Kremote: Compressing objects:  13% (79/606)   [Kremote: Compressing objects:  14% (85/606)   [Kremote: Compressing objects:  15% (91/606)   [Kremote: Compressing objects:  16% (97/606)   [Kremote: Compressing objects:  17% (104/606)   [Kremote: Compressing objects:  18% (110/606)   [Kremote: Compressing objects:  19% (116/606)   [Kremote: Compressing objects:  20% (122/606)   [Kremote: Compressing objects:  21% (128/606)   [Kremote: Compressing objects:  22% (134/606)   [Kremote: Compressing objects:  23% (140/606)   [Kremote: Compressing objects:  24% (146/606)   [Kremote: Compressing objects:  25% (152/606)   [Kremote: Compressing objects:  26% (158/606)   [Kremote: Compressing objects:  27% (164/606)   [Kremote: Compressing objects:  28% (170/606)   [Kremote: Compressing objects:  29% (176/606)   [Kremote: Compressing objects:  30% (182/606)   [Kremote: Compressing objects:  31% (188/606)   [Kremote: Compressing objects:  32% (194/606)   [Kremote: Compressing objects:  33% (200/606)   [Kremote: Compressing objects:  34% (207/606)   [Kremote: Compressing objects:  35% (213/606)   [Kremote: Compressing objects:  36% (219/606)   [Kremote: Compressing objects:  37% (225/606)   [Kremote: Compressing objects:  38% (231/606)   [Kremote: Compressing objects:  39% (237/606)   [Kremote: Compressing objects:  40% (243/606)   [Kremote: Compressing objects:  41% (249/606)   [Kremote: Compressing objects:  42% (255/606)   [Kremote: Compressing objects:  43% (261/606)   [Kremote: Compressing objects:  44% (267/606)   [Kremote: Compressing objects:  45% (273/606)   [Kremote: Compressing objects:  46% (279/606)   [Kremote: Compressing objects:  47% (285/606)   [Kremote: Compressing objects:  48% (291/606)   [Kremote: Compressing objects:  49% (297/606)   [Kremote: Compressing objects:  50% (303/606)   [Kremote: Compressing objects:  51% (310/606)   [Kremote: Compressing objects:  52% (316/606)   [Kremote: Compressing objects:  53% (322/606)   [Kremote: Compressing objects:  54% (328/606)   [Kremote: Compressing objects:  55% (334/606)   [Kremote: Compressing objects:  56% (340/606)   [Kremote: Compressing objects:  57% (346/606)   [Kremote: Compressing objects:  58% (352/606)   [Kremote: Compressing objects:  59% (358/606)   [Kremote: Compressing objects:  60% (364/606)   [Kremote: Compressing objects:  61% (370/606)   [Kremote: Compressing objects:  62% (376/606)   [Kremote: Compressing objects:  63% (382/606)   [Kremote: Compressing objects:  64% (388/606)   [Kremote: Compressing objects:  65% (394/606)   [Kremote: Compressing objects:  66% (400/606)   [Kremote: Compressing objects:  67% (407/606)   [Kremote: Compressing objects:  68% (413/606)   [Kremote: Compressing objects:  69% (419/606)   [Kremote: Compressing objects:  70% (425/606)   [Kremote: Compressing objects:  71% (431/606)   [Kremote: Compressing objects:  72% (437/606)   [Kremote: Compressing objects:  73% (443/606)   [Kremote: Compressing objects:  74% (449/606)   [Kremote: Compressing objects:  75% (455/606)   [Kremote: Compressing objects:  76% (461/606)   [Kremote: Compressing objects:  77% (467/606)   [Kremote: Compressing objects:  78% (473/606)   [Kremote: Compressing objects:  79% (479/606)   [Kremote: Compressing objects:  80% (485/606)   [Kremote: Compressing objects:  81% (491/606)   [Kremote: Compressing objects:  82% (497/606)   [Kremote: Compressing objects:  83% (503/606)   [Kremote: Compressing objects:  84% (510/606)   [Kremote: Compressing objects:  85% (516/606)   [Kremote: Compressing objects:  86% (522/606)   [Kremote: Compressing objects:  87% (528/606)   [Kremote: Compressing objects:  88% (534/606)   [Kremote: Compressing objects:  89% (540/606)   [Kremote: Compressing objects:  90% (546/606)   [Kremote: Compressing objects:  91% (552/606)   [Kremote: Compressing objects:  92% (558/606)   [Kremote: Compressing objects:  93% (564/606)   [Kremote: Compressing objects:  94% (570/606)   [Kremote: Compressing objects:  95% (576/606)   [Kremote: Compressing objects:  96% (582/606)   [Kremote: Compressing objects:  97% (588/606)   [Kremote: Compressing objects:  98% (594/606)   [Kremote: Compressing objects:  99% (600/606)   [Kremote: Compressing objects: 100% (606/606)   [Kremote: Compressing objects: 100% (606/606), done.[K
Receiving objects:   0% (1/1072)   Receiving objects:   1% (11/1072)   Receiving objects:   2% (22/1072)   Receiving objects:   3% (33/1072)   Receiving objects:   4% (43/1072)   Receiving objects:   5% (54/1072)   Receiving objects:   6% (65/1072)   Receiving objects:   7% (76/1072)   Receiving objects:   8% (86/1072)   Receiving objects:   9% (97/1072)   Receiving objects:  10% (108/1072)   Receiving objects:  11% (118/1072)   Receiving objects:  12% (129/1072)   Receiving objects:  13% (140/1072)   Receiving objects:  14% (151/1072)   Receiving objects:  15% (161/1072)   Receiving objects:  16% (172/1072)   Receiving objects:  17% (183/1072)   Receiving objects:  18% (193/1072)   Receiving objects:  19% (204/1072)   Receiving objects:  20% (215/1072)   Receiving objects:  21% (226/1072)   Receiving objects:  22% (236/1072)   Receiving objects:  23% (247/1072)   Receiving objects:  24% (258/1072)   Receiving objects:  25% (268/1072)   Receiving objects:  26% (279/1072)   Receiving objects:  27% (290/1072)   Receiving objects:  28% (301/1072)   Receiving objects:  29% (311/1072)   Receiving objects:  30% (322/1072)   Receiving objects:  31% (333/1072)   Receiving objects:  32% (344/1072)   Receiving objects:  33% (354/1072)   Receiving objects:  34% (365/1072)   Receiving objects:  35% (376/1072)   Receiving objects:  36% (386/1072)   Receiving objects:  37% (397/1072)   Receiving objects:  38% (408/1072)   Receiving objects:  39% (419/1072)   Receiving objects:  40% (429/1072)   Receiving objects:  41% (440/1072)   Receiving objects:  42% (451/1072)   Receiving objects:  43% (461/1072)   Receiving objects:  44% (472/1072)   Receiving objects:  45% (483/1072)   Receiving objects:  46% (494/1072)   Receiving objects:  47% (504/1072)   Receiving objects:  48% (515/1072)   Receiving objects:  49% (526/1072)   Receiving objects:  50% (536/1072)   Receiving objects:  51% (547/1072)   Receiving objects:  52% (558/1072)   Receiving objects:  53% (569/1072)   Receiving objects:  54% (579/1072)   Receiving objects:  55% (590/1072)   Receiving objects:  56% (601/1072)   Receiving objects:  57% (612/1072)   Receiving objects:  58% (622/1072)   Receiving objects:  59% (633/1072)   Receiving objects:  60% (644/1072)   Receiving objects:  61% (654/1072)   Receiving objects:  62% (665/1072)   Receiving objects:  63% (676/1072)   Receiving objects:  64% (687/1072)   Receiving objects:  65% (697/1072)   Receiving objects:  66% (708/1072)   Receiving objects:  67% (719/1072)   Receiving objects:  68% (729/1072)   Receiving objects:  69% (740/1072)   Receiving objects:  70% (751/1072)   Receiving objects:  71% (762/1072)   Receiving objects:  72% (772/1072)   Receiving objects:  73% (783/1072)   Receiving objects:  74% (794/1072)   Receiving objects:  75% (804/1072)   Receiving objects:  76% (815/1072)   Receiving objects:  77% (826/1072)   Receiving objects:  78% (837/1072)   Receiving objects:  79% (847/1072)   Receiving objects:  80% (858/1072)   Receiving objects:  81% (869/1072)   Receiving objects:  82% (880/1072)   remote: Total 1072 (delta 473), reused 726 (delta 264), pack-reused 0[K
Receiving objects:  83% (890/1072)   Receiving objects:  84% (901/1072)   Receiving objects:  85% (912/1072)   Receiving objects:  86% (922/1072)   Receiving objects:  87% (933/1072)   Receiving objects:  88% (944/1072)   Receiving objects:  89% (955/1072)   Receiving objects:  90% (965/1072)   Receiving objects:  91% (976/1072)   Receiving objects:  92% (987/1072)   Receiving objects:  93% (997/1072)   Receiving objects:  94% (1008/1072)   Receiving objects:  95% (1019/1072)   Receiving objects:  96% (1030/1072)   Receiving objects:  97% (1040/1072)   Receiving objects:  98% (1051/1072)   Receiving objects:  99% (1062/1072)   Receiving objects: 100% (1072/1072)   Receiving objects: 100% (1072/1072), 393.63 KiB | 0 bytes/s, done.
Resolving deltas:   0% (0/473)   Resolving deltas:   1% (8/473)   Resolving deltas:   2% (10/473)   Resolving deltas:   4% (19/473)   Resolving deltas:  13% (62/473)   Resolving deltas:  14% (67/473)   Resolving deltas:  15% (73/473)   Resolving deltas:  16% (77/473)   Resolving deltas:  17% (82/473)   Resolving deltas:  18% (86/473)   Resolving deltas:  19% (90/473)   Resolving deltas:  21% (101/473)   Resolving deltas:  28% (135/473)   Resolving deltas:  30% (142/473)   Resolving deltas:  31% (149/473)   Resolving deltas:  32% (152/473)   Resolving deltas:  33% (157/473)   Resolving deltas:  34% (165/473)   Resolving deltas:  35% (167/473)   Resolving deltas:  36% (171/473)   Resolving deltas:  37% (177/473)   Resolving deltas:  38% (180/473)   Resolving deltas:  39% (187/473)   Resolving deltas:  40% (192/473)   Resolving deltas:  42% (199/473)   Resolving deltas:  43% (204/473)   Resolving deltas:  44% (210/473)   Resolving deltas:  45% (217/473)   Resolving deltas:  46% (218/473)   Resolving deltas:  48% (228/473)   Resolving deltas:  49% (232/473)   Resolving deltas:  50% (240/473)   Resolving deltas:  51% (244/473)   Resolving deltas:  52% (247/473)   Resolving deltas:  53% (252/473)   Resolving deltas:  54% (259/473)   Resolving deltas:  56% (267/473)   Resolving deltas:  57% (271/473)   Resolving deltas:  58% (276/473)   Resolving deltas:  59% (280/473)   Resolving deltas:  60% (284/473)   Resolving deltas:  63% (302/473)   Resolving deltas:  65% (309/473)   Resolving deltas:  66% (315/473)   Resolving deltas:  67% (317/473)   Resolving deltas:  71% (338/473)   Resolving deltas:  74% (354/473)   Resolving deltas:  75% (359/473)   Resolving deltas:  76% (362/473)   Resolving deltas:  77% (365/473)   Resolving deltas:  78% (369/473)   Resolving deltas:  79% (375/473)   Resolving deltas:  80% (380/473)   Resolving deltas:  81% (384/473)   Resolving deltas:  82% (391/473)   Resolving deltas:  84% (398/473)   Resolving deltas:  85% (406/473)   Resolving deltas:  86% (407/473)   Resolving deltas:  87% (412/473)   Resolving deltas:  88% (419/473)   Resolving deltas:  89% (421/473)   Resolving deltas:  90% (427/473)   Resolving deltas:  91% (431/473)   Resolving deltas:  93% (444/473)   Resolving deltas:  94% (445/473)   Resolving deltas:  96% (457/473)   Resolving deltas:  98% (464/473)   Resolving deltas:  99% (471/473)   Resolving deltas: 100% (473/473)   Resolving deltas: 100% (473/473), done.
Checking connectivity... done.
travis_time:end:001ee2dc:start=1447694725013253649,finish=1447694725529779323,duration=516525674[0K$ cd spring-projects/spring-data-jpa
$ git checkout -qf 36f04fadb77de097583a827abd68bfa95d7ef234
travis_fold:end:git.checkout[0K
[33;1mThis job is running on container-based infrastructure, which does not allow use of 'sudo', setuid and setguid executables.[0m
[33;1mIf you require sudo, add 'sudo: required' to your .travis.yml[0m
[33;1mSee http://docs.travis-ci.com/user/workers/container-based-infrastructure/ for details.[0m

[33;1mSetting environment variables from .travis.yml[0m
$ export PROFILE=spring41-next

travis_fold:start:cache.1[0KSetting up build cache
$ export CASHER_DIR=$HOME/.casher
travis_time:start:000d1920[0K$ Installing caching utilities
travis_time:end:000d1920:start=1447694727515002616,finish=1447694727592148376,duration=77145760[0Ktravis_time:start:18adb11c[0Ktravis_time:end:18adb11c:start=1447694727596592284,finish=1447694727599592587,duration=3000303[0Ktravis_time:start:1781afc5[0Kattempting to download cache archive
fetching issueDATAJPA-765/cache--jdk-oraclejdk8.tgz
found cache
travis_time:end:1781afc5:start=1447694727603222352,finish=1447694732702001341,duration=5098778989[0Ktravis_time:start:05f26cf5[0Ktravis_time:end:05f26cf5:start=1447694732705800270,finish=1447694732708906758,duration=3106488[0Ktravis_time:start:050e1b68[0Kadding /home/travis/.m2 to cache
travis_time:end:050e1b68:start=1447694732712467658,finish=1447694736643841668,duration=3931374010[0Ktravis_fold:end:cache.1[0K$ jdk_switcher use oraclejdk8
Switching to Oracle JDK8 (java-8-oracle), JAVA_HOME will be set to /usr/lib/jvm/java-8-oracle
$ java -Xmx32m -version
java version "1.8.0_31"
Java(TM) SE Runtime Environment (build 1.8.0_31-b13)
Java HotSpot(TM) 64-Bit Server VM (build 25.31-b07, mixed mode)
$ javac -J-Xmx32m -version
javac 1.8.0_31
travis_fold:start:install[0Ktravis_time:start:0a88acc0[0K$ true
travis_time:end:0a88acc0:start=1447694737067877888,finish=1447694737070850850,duration=2972962[0Ktravis_fold:end:install[0Ktravis_time:start:005d8166[0K$ mvn clean dependency:list test -P${PROFILE} -Dsort
Java HotSpot(TM) 64-Bit Server VM warning: ignoring option MaxPermSize=192m; support was removed in 8.0
[INFO] Scanning for projects...
Downloading: https://nexus.codehaus.org/snapshots/org/springframework/data/build/spring-data-parent/1.8.0.BUILD-SNAPSHOT/maven-metadata.xml
Downloading: https://repository.apache.org/snapshots/org/springframework/data/build/spring-data-parent/1.8.0.BUILD-SNAPSHOT/maven-metadata.xml
[WARNING] Could not transfer metadata org.springframework.data.build:spring-data-parent:1.8.0.BUILD-SNAPSHOT/maven-metadata.xml from/to codehaus-snapshots (https://nexus.codehaus.org/snapshots/): nexus.codehaus.org: unknown error
Downloading: https://nexus.codehaus.org/snapshots/org/springframework/data/build/spring-data-build/1.8.0.BUILD-SNAPSHOT/maven-metadata.xml
Downloading: https://repository.apache.org/snapshots/org/springframework/data/build/spring-data-build/1.8.0.BUILD-SNAPSHOT/maven-metadata.xml
[WARNING] Could not transfer metadata org.springframework.data.build:spring-data-build:1.8.0.BUILD-SNAPSHOT/maven-metadata.xml from/to codehaus-snapshots (https://nexus.codehaus.org/snapshots/): nexus.codehaus.org
Downloading: https://repository.apache.org/snapshots/org/springframework/spring-framework-bom/4.1.9.BUILD-SNAPSHOT/maven-metadata.xml
Downloading: https://nexus.codehaus.org/snapshots/org/springframework/spring-framework-bom/4.1.9.BUILD-SNAPSHOT/maven-metadata.xml
[WARNING] Could not transfer metadata org.springframework:spring-framework-bom:4.1.9.BUILD-SNAPSHOT/maven-metadata.xml from/to codehaus-snapshots (https://nexus.codehaus.org/snapshots/): nexus.codehaus.org
[WARNING] Failure to transfer org.springframework.data.build:spring-data-build:1.8.0.BUILD-SNAPSHOT/maven-metadata.xml from https://nexus.codehaus.org/snapshots/ was cached in the local repository, resolution will not be reattempted until the update interval of codehaus-snapshots has elapsed or updates are forced. Original error: Could not transfer metadata org.springframework.data.build:spring-data-build:1.8.0.BUILD-SNAPSHOT/maven-metadata.xml from/to codehaus-snapshots (https://nexus.codehaus.org/snapshots/): nexus.codehaus.org
[WARNING] Failure to transfer org.springframework:spring-framework-bom:4.1.9.BUILD-SNAPSHOT/maven-metadata.xml from https://nexus.codehaus.org/snapshots/ was cached in the local repository, resolution will not be reattempted until the update interval of codehaus-snapshots has elapsed or updates are forced. Original error: Could not transfer metadata org.springframework:spring-framework-bom:4.1.9.BUILD-SNAPSHOT/maven-metadata.xml from/to codehaus-snapshots (https://nexus.codehaus.org/snapshots/): nexus.codehaus.org
[INFO]                                                                         
[INFO] ------------------------------------------------------------------------
[INFO] Building Spring Data JPA 1.10.0.BUILD-SNAPSHOT
[INFO] ------------------------------------------------------------------------
Downloading: https://repository.apache.org/snapshots/org/springframework/data/spring-data-commons/1.12.0.DATACMNS-670-SNAPSHOT/maven-metadata.xml
Downloading: https://nexus.codehaus.org/snapshots/org/springframework/data/spring-data-commons/1.12.0.DATACMNS-670-SNAPSHOT/maven-metadata.xml
[WARNING] Could not transfer metadata org.springframework.data:spring-data-commons:1.12.0.DATACMNS-670-SNAPSHOT/maven-metadata.xml from/to codehaus-snapshots (https://nexus.codehaus.org/snapshots/): nexus.codehaus.org
[WARNING] Failure to transfer org.springframework.data:spring-data-commons:1.12.0.DATACMNS-670-SNAPSHOT/maven-metadata.xml from https://nexus.codehaus.org/snapshots/ was cached in the local repository, resolution will not be reattempted until the update interval of codehaus-snapshots has elapsed or updates are forced. Original error: Could not transfer metadata org.springframework.data:spring-data-commons:1.12.0.DATACMNS-670-SNAPSHOT/maven-metadata.xml from/to codehaus-snapshots (https://nexus.codehaus.org/snapshots/): nexus.codehaus.org
[WARNING] Failure to transfer org.springframework.data.build:spring-data-parent:1.8.0.BUILD-SNAPSHOT/maven-metadata.xml from https://nexus.codehaus.org/snapshots/ was cached in the local repository, resolution will not be reattempted until the update interval of codehaus-snapshots has elapsed or updates are forced. Original error: Could not transfer metadata org.springframework.data.build:spring-data-parent:1.8.0.BUILD-SNAPSHOT/maven-metadata.xml from/to codehaus-snapshots (https://nexus.codehaus.org/snapshots/): nexus.codehaus.org: unknown error
[WARNING] Failure to transfer org.springframework.data.build:spring-data-build:1.8.0.BUILD-SNAPSHOT/maven-metadata.xml from https://nexus.codehaus.org/snapshots/ was cached in the local repository, resolution will not be reattempted until the update interval of codehaus-snapshots has elapsed or updates are forced. Original error: Could not transfer metadata org.springframework.data.build:spring-data-build:1.8.0.BUILD-SNAPSHOT/maven-metadata.xml from/to codehaus-snapshots (https://nexus.codehaus.org/snapshots/): nexus.codehaus.org
Downloading: https://repository.apache.org/snapshots/org/springframework/spring-core/4.1.9.BUILD-SNAPSHOT/maven-metadata.xml
Downloading: https://nexus.codehaus.org/snapshots/org/springframework/spring-core/4.1.9.BUILD-SNAPSHOT/maven-metadata.xml
[WARNING] Could not transfer metadata org.springframework:spring-core:4.1.9.BUILD-SNAPSHOT/maven-metadata.xml from/to codehaus-snapshots (https://nexus.codehaus.org/snapshots/): nexus.codehaus.org
[WARNING] Failure to transfer org.springframework:spring-core:4.1.9.BUILD-SNAPSHOT/maven-metadata.xml from https://nexus.codehaus.org/snapshots/ was cached in the local repository, resolution will not be reattempted until the update interval of codehaus-snapshots has elapsed or updates are forced. Original error: Could not transfer metadata org.springframework:spring-core:4.1.9.BUILD-SNAPSHOT/maven-metadata.xml from/to codehaus-snapshots (https://nexus.codehaus.org/snapshots/): nexus.codehaus.org
Downloading: https://repository.apache.org/snapshots/org/springframework/spring-beans/4.1.9.BUILD-SNAPSHOT/maven-metadata.xml
Downloading: https://nexus.codehaus.org/snapshots/org/springframework/spring-beans/4.1.9.BUILD-SNAPSHOT/maven-metadata.xml
[WARNING] Could not transfer metadata org.springframework:spring-beans:4.1.9.BUILD-SNAPSHOT/maven-metadata.xml from/to codehaus-snapshots (https://nexus.codehaus.org/snapshots/): nexus.codehaus.org
[WARNING] Failure to transfer org.springframework:spring-beans:4.1.9.BUILD-SNAPSHOT/maven-metadata.xml from https://nexus.codehaus.org/snapshots/ was cached in the local repository, resolution will not be reattempted until the update interval of codehaus-snapshots has elapsed or updates are forced. Original error: Could not transfer metadata org.springframework:spring-beans:4.1.9.BUILD-SNAPSHOT/maven-metadata.xml from/to codehaus-snapshots (https://nexus.codehaus.org/snapshots/): nexus.codehaus.org
Downloading: https://repository.apache.org/snapshots/org/springframework/spring-orm/4.1.9.BUILD-SNAPSHOT/maven-metadata.xml
Downloading: https://nexus.codehaus.org/snapshots/org/springframework/spring-orm/4.1.9.BUILD-SNAPSHOT/maven-metadata.xml
[WARNING] Could not transfer metadata org.springframework:spring-orm:4.1.9.BUILD-SNAPSHOT/maven-metadata.xml from/to codehaus-snapshots (https://nexus.codehaus.org/snapshots/): nexus.codehaus.org
[WARNING] Failure to transfer org.springframework:spring-orm:4.1.9.BUILD-SNAPSHOT/maven-metadata.xml from https://nexus.codehaus.org/snapshots/ was cached in the local repository, resolution will not be reattempted until the update interval of codehaus-snapshots has elapsed or updates are forced. Original error: Could not transfer metadata org.springframework:spring-orm:4.1.9.BUILD-SNAPSHOT/maven-metadata.xml from/to codehaus-snapshots (https://nexus.codehaus.org/snapshots/): nexus.codehaus.org
Downloading: https://repository.apache.org/snapshots/org/springframework/spring-jdbc/4.1.9.BUILD-SNAPSHOT/maven-metadata.xml
Downloading: https://nexus.codehaus.org/snapshots/org/springframework/spring-jdbc/4.1.9.BUILD-SNAPSHOT/maven-metadata.xml
[WARNING] Could not transfer metadata org.springframework:spring-jdbc:4.1.9.BUILD-SNAPSHOT/maven-metadata.xml from/to codehaus-snapshots (https://nexus.codehaus.org/snapshots/): nexus.codehaus.org
[WARNING] Failure to transfer org.springframework:spring-jdbc:4.1.9.BUILD-SNAPSHOT/maven-metadata.xml from https://nexus.codehaus.org/snapshots/ was cached in the local repository, resolution will not be reattempted until the update interval of codehaus-snapshots has elapsed or updates are forced. Original error: Could not transfer metadata org.springframework:spring-jdbc:4.1.9.BUILD-SNAPSHOT/maven-metadata.xml from/to codehaus-snapshots (https://nexus.codehaus.org/snapshots/): nexus.codehaus.org
Downloading: https://repository.apache.org/snapshots/org/springframework/spring-tx/4.1.9.BUILD-SNAPSHOT/maven-metadata.xml
Downloading: https://nexus.codehaus.org/snapshots/org/springframework/spring-tx/4.1.9.BUILD-SNAPSHOT/maven-metadata.xml
[WARNING] Could not transfer metadata org.springframework:spring-tx:4.1.9.BUILD-SNAPSHOT/maven-metadata.xml from/to codehaus-snapshots (https://nexus.codehaus.org/snapshots/): nexus.codehaus.org
[WARNING] Failure to transfer org.springframework:spring-tx:4.1.9.BUILD-SNAPSHOT/maven-metadata.xml from https://nexus.codehaus.org/snapshots/ was cached in the local repository, resolution will not be reattempted until the update interval of codehaus-snapshots has elapsed or updates are forced. Original error: Could not transfer metadata org.springframework:spring-tx:4.1.9.BUILD-SNAPSHOT/maven-metadata.xml from/to codehaus-snapshots (https://nexus.codehaus.org/snapshots/): nexus.codehaus.org
Downloading: https://repository.apache.org/snapshots/org/springframework/spring-context/4.1.9.BUILD-SNAPSHOT/maven-metadata.xml
Downloading: https://nexus.codehaus.org/snapshots/org/springframework/spring-context/4.1.9.BUILD-SNAPSHOT/maven-metadata.xml
[WARNING] Could not transfer metadata org.springframework:spring-context:4.1.9.BUILD-SNAPSHOT/maven-metadata.xml from/to codehaus-snapshots (https://nexus.codehaus.org/snapshots/): nexus.codehaus.org
[WARNING] Failure to transfer org.springframework:spring-context:4.1.9.BUILD-SNAPSHOT/maven-metadata.xml from https://nexus.codehaus.org/snapshots/ was cached in the local repository, resolution will not be reattempted until the update interval of codehaus-snapshots has elapsed or updates are forced. Original error: Could not transfer metadata org.springframework:spring-context:4.1.9.BUILD-SNAPSHOT/maven-metadata.xml from/to codehaus-snapshots (https://nexus.codehaus.org/snapshots/): nexus.codehaus.org
Downloading: https://repository.apache.org/snapshots/org/springframework/spring-aop/4.1.9.BUILD-SNAPSHOT/maven-metadata.xml
Downloading: https://nexus.codehaus.org/snapshots/org/springframework/spring-aop/4.1.9.BUILD-SNAPSHOT/maven-metadata.xml
[WARNING] Could not transfer metadata org.springframework:spring-aop:4.1.9.BUILD-SNAPSHOT/maven-metadata.xml from/to codehaus-snapshots (https://nexus.codehaus.org/snapshots/): nexus.codehaus.org
[WARNING] Failure to transfer org.springframework:spring-aop:4.1.9.BUILD-SNAPSHOT/maven-metadata.xml from https://nexus.codehaus.org/snapshots/ was cached in the local repository, resolution will not be reattempted until the update interval of codehaus-snapshots has elapsed or updates are forced. Original error: Could not transfer metadata org.springframework:spring-aop:4.1.9.BUILD-SNAPSHOT/maven-metadata.xml from/to codehaus-snapshots (https://nexus.codehaus.org/snapshots/): nexus.codehaus.org
Downloading: https://repository.apache.org/snapshots/org/springframework/spring-expression/4.1.9.BUILD-SNAPSHOT/maven-metadata.xml
Downloading: https://nexus.codehaus.org/snapshots/org/springframework/spring-expression/4.1.9.BUILD-SNAPSHOT/maven-metadata.xml
[WARNING] Could not transfer metadata org.springframework:spring-expression:4.1.9.BUILD-SNAPSHOT/maven-metadata.xml from/to codehaus-snapshots (https://nexus.codehaus.org/snapshots/): nexus.codehaus.org
[WARNING] Failure to transfer org.springframework:spring-expression:4.1.9.BUILD-SNAPSHOT/maven-metadata.xml from https://nexus.codehaus.org/snapshots/ was cached in the local repository, resolution will not be reattempted until the update interval of codehaus-snapshots has elapsed or updates are forced. Original error: Could not transfer metadata org.springframework:spring-expression:4.1.9.BUILD-SNAPSHOT/maven-metadata.xml from/to codehaus-snapshots (https://nexus.codehaus.org/snapshots/): nexus.codehaus.org
Downloading: https://repository.apache.org/snapshots/org/springframework/spring-instrument/4.1.9.BUILD-SNAPSHOT/maven-metadata.xml
Downloading: https://nexus.codehaus.org/snapshots/org/springframework/spring-instrument/4.1.9.BUILD-SNAPSHOT/maven-metadata.xml
[WARNING] Could not transfer metadata org.springframework:spring-instrument:4.1.9.BUILD-SNAPSHOT/maven-metadata.xml from/to codehaus-snapshots (https://nexus.codehaus.org/snapshots/): nexus.codehaus.org
[WARNING] Failure to transfer org.springframework:spring-instrument:4.1.9.BUILD-SNAPSHOT/maven-metadata.xml from https://nexus.codehaus.org/snapshots/ was cached in the local repository, resolution will not be reattempted until the update interval of codehaus-snapshots has elapsed or updates are forced. Original error: Could not transfer metadata org.springframework:spring-instrument:4.1.9.BUILD-SNAPSHOT/maven-metadata.xml from/to codehaus-snapshots (https://nexus.codehaus.org/snapshots/): nexus.codehaus.org
Downloading: https://repository.apache.org/snapshots/org/springframework/spring-aspects/4.1.9.BUILD-SNAPSHOT/maven-metadata.xml
Downloading: https://nexus.codehaus.org/snapshots/org/springframework/spring-aspects/4.1.9.BUILD-SNAPSHOT/maven-metadata.xml
[WARNING] Could not transfer metadata org.springframework:spring-aspects:4.1.9.BUILD-SNAPSHOT/maven-metadata.xml from/to codehaus-snapshots (https://nexus.codehaus.org/snapshots/): nexus.codehaus.org
[WARNING] Failure to transfer org.springframework:spring-aspects:4.1.9.BUILD-SNAPSHOT/maven-metadata.xml from https://nexus.codehaus.org/snapshots/ was cached in the local repository, resolution will not be reattempted until the update interval of codehaus-snapshots has elapsed or updates are forced. Original error: Could not transfer metadata org.springframework:spring-aspects:4.1.9.BUILD-SNAPSHOT/maven-metadata.xml from/to codehaus-snapshots (https://nexus.codehaus.org/snapshots/): nexus.codehaus.org
Downloading: http://repo.maven.apache.org/maven2/com/querydsl/querydsl-apt/4.0.6/querydsl-apt-4.0.6.pom
2/8 KB   6/8 KB   8/8 KB            Downloaded: http://repo.maven.apache.org/maven2/com/querydsl/querydsl-apt/4.0.6/querydsl-apt-4.0.6.pom (8 KB at 167.2 KB/sec)
Downloading: http://repo.maven.apache.org/maven2/com/querydsl/querydsl-root/4.0.6/querydsl-root-4.0.6.pom
4/22 KB   8/22 KB   12/22 KB   16/22 KB   20/22 KB   22/22 KB              Downloaded: http://repo.maven.apache.org/maven2/com/querydsl/querydsl-root/4.0.6/querydsl-root-4.0.6.pom (22 KB at 908.2 KB/sec)
Downloading: http://repo.maven.apache.org/maven2/com/querydsl/querydsl-parent/0.1.0/querydsl-parent-0.1.0.pom
4/4 KB              Downloaded: http://repo.maven.apache.org/maven2/com/querydsl/querydsl-parent/0.1.0/querydsl-parent-0.1.0.pom (4 KB at 165.2 KB/sec)
Downloading: http://repo.maven.apache.org/maven2/com/querydsl/querydsl-codegen/4.0.6/querydsl-codegen-4.0.6.pom
3/3 KB            Downloaded: http://repo.maven.apache.org/maven2/com/querydsl/querydsl-codegen/4.0.6/querydsl-codegen-4.0.6.pom (3 KB at 127.6 KB/sec)
Downloading: http://repo.maven.apache.org/maven2/com/querydsl/querydsl-core/4.0.6/querydsl-core-4.0.6.pom
3/5 KB   5/5 KB            Downloaded: http://repo.maven.apache.org/maven2/com/querydsl/querydsl-core/4.0.6/querydsl-core-4.0.6.pom (5 KB at 12.3 KB/sec)
Downloading: http://repo.maven.apache.org/maven2/com/mysema/codegen/codegen/0.6.8/codegen-0.6.8.pom
4/4 KB            Downloaded: http://repo.maven.apache.org/maven2/com/mysema/codegen/codegen/0.6.8/codegen-0.6.8.pom (4 KB at 146.1 KB/sec)
Downloading: http://repo.maven.apache.org/maven2/com/querydsl/querydsl-jpa/4.0.6/querydsl-jpa-4.0.6.pom
4/12 KB   8/12 KB   12/12 KB              Downloaded: http://repo.maven.apache.org/maven2/com/querydsl/querydsl-jpa/4.0.6/querydsl-jpa-4.0.6.pom (12 KB at 526.9 KB/sec)
Downloading: https://nexus.codehaus.org/snapshots/org/springframework/spring-test/4.1.9.BUILD-SNAPSHOT/maven-metadata.xml
Downloading: https://repository.apache.org/snapshots/org/springframework/spring-test/4.1.9.BUILD-SNAPSHOT/maven-metadata.xml
                      [WARNING] Could not transfer metadata org.springframework:spring-test:4.1.9.BUILD-SNAPSHOT/maven-metadata.xml from/to codehaus-snapshots (https://nexus.codehaus.org/snapshots/): nexus.codehaus.org
[WARNING] Failure to transfer org.springframework:spring-test:4.1.9.BUILD-SNAPSHOT/maven-metadata.xml from https://nexus.codehaus.org/snapshots/ was cached in the local repository, resolution will not be reattempted until the update interval of codehaus-snapshots has elapsed or updates are forced. Original error: Could not transfer metadata org.springframework:spring-test:4.1.9.BUILD-SNAPSHOT/maven-metadata.xml from/to codehaus-snapshots (https://nexus.codehaus.org/snapshots/): nexus.codehaus.org
Downloading: http://repo.maven.apache.org/maven2/com/querydsl/querydsl-apt/4.0.6/querydsl-apt-4.0.6.jar
Downloading: http://repo.maven.apache.org/maven2/com/querydsl/querydsl-codegen/4.0.6/querydsl-codegen-4.0.6.jar
Downloading: http://repo.maven.apache.org/maven2/org/javassist/javassist/3.18.2-GA/javassist-3.18.2-GA.jar
Downloading: http://repo.maven.apache.org/maven2/com/mysema/codegen/codegen/0.6.8/codegen-0.6.8.jar
Downloading: http://repo.maven.apache.org/maven2/com/querydsl/querydsl-jpa/4.0.6/querydsl-jpa-4.0.6.jar
4/73 KB    8/73 KB   4/123 KB   3/72 KB   12/73 KB   4/123 KB   3/72 KB   16/73 KB   4/123 KB   3/72 KB   20/73 KB   4/123 KB   3/72 KB   24/73 KB   4/123 KB   3/72 KB   28/73 KB   4/123 KB   3/72 KB   32/73 KB   4/123 KB   3/72 KB   36/73 KB   4/123 KB   3/72 KB   40/73 KB   4/123 KB   3/72 KB   44/73 KB   4/123 KB   3/72 KB   48/73 KB   4/123 KB   3/72 KB   52/73 KB   4/123 KB   3/72 KB   56/73 KB   4/123 KB   3/72 KB   60/73 KB   4/123 KB   3/72 KB   64/73 KB   4/123 KB   3/72 KB   68/73 KB   4/123 KB   3/72 KB   72/73 KB   4/123 KB   3/72 KB   73/73 KB   4/123 KB   3/72 KB   4/73 KB   4/123 KB   3/72 KB   4/73 KB   3/72 KB   73/73 KB   4/123 KB   7/72 KB   73/73 KB   4/123 KB   11/72 KB   73/73 KB   4/123 KB   15/72 KB   73/73 KB   4/123 KB   19/72 KB   73/73 KB   4/123 KB   23/72 KB   73/73 KB   4/123 KB   27/72 KB   73/73 KB   4/123 KB   31/72 KB   73/73 KB   4/123 KB   35/72 KB   73/73 KB   4/123 KB   39/72 KB   73/73 KB   4/123 KB   43/72 KB   73/73 KB   4/123 KB   47/72 KB   73/73 KB   4/123 KB   51/72 KB   73/73 KB   4/123 KB   55/72 KB   73/73 KB   4/123 KB   59/72 KB   73/73 KB   4/123 KB   63/72 KB   73/73 KB   4/123 KB   67/72 KB   73/73 KB   4/123 KB   71/72 KB   73/73 KB   4/123 KB   72/72 KB   73/73 KB   7/123 KB   72/72 KB   73/73 KB   11/123 KB   72/72 KB   73/73 KB   15/123 KB   72/72 KB   73/73 KB   19/123 KB   72/72 KB   73/73 KB   23/123 KB   72/72 KB   73/73 KB   27/123 KB   72/72 KB   73/73 KB   31/123 KB   72/72 KB   73/73 KB   35/123 KB   72/72 KB   73/73 KB   39/123 KB   72/72 KB   73/73 KB   43/123 KB   72/72 KB   73/73 KB   47/123 KB   72/72 KB   73/73 KB   51/123 KB   72/72 KB   73/73 KB   55/123 KB   72/72 KB   73/73 KB   59/123 KB   72/72 KB   73/73 KB   63/123 KB   72/72 KB   73/73 KB   67/123 KB   72/72 KB   73/73 KB   71/123 KB   72/72 KB   73/73 KB   75/123 KB   72/72 KB   73/73 KB   79/123 KB   72/72 KB   73/73 KB   83/123 KB   72/72 KB   73/73 KB   87/123 KB   72/72 KB   73/73 KB   91/123 KB   72/72 KB   73/73 KB   95/123 KB   72/72 KB   73/73 KB   99/123 KB   72/72 KB   73/73 KB   103/123 KB   72/72 KB   73/73 KB   107/123 KB   72/72 KB   73/73 KB   111/123 KB   72/72 KB   73/73 KB   115/123 KB   72/72 KB   73/73 KB   119/123 KB   72/72 KB   73/73 KB   123/123 KB   72/72 KB   73/73 KB   123/123 KB   72/72 KB   4/64 KB   73/73 KB   123/123 KB   72/72 KB   8/64 KB   73/73 KB   123/123 KB   72/72 KB   12/64 KB   73/73 KB   123/123 KB   72/72 KB   16/64 KB   73/73 KB   123/123 KB   72/72 KB   20/64 KB   73/73 KB   123/123 KB   72/72 KB   24/64 KB   73/73 KB   123/123 KB   72/72 KB   28/64 KB   73/73 KB   123/123 KB   72/72 KB   32/64 KB   73/73 KB   123/123 KB   72/72 KB   36/64 KB   73/73 KB   123/123 KB   72/72 KB   40/64 KB   73/73 KB   123/123 KB   72/72 KB   44/64 KB   73/73 KB   123/123 KB   72/72 KB   48/64 KB   73/73 KB   123/123 KB   72/72 KB   52/64 KB   73/73 KB   123/123 KB   72/72 KB   54/64 KB   73/73 KB   123/123 KB   72/72 KB   58/64 KB   73/73 KB   123/123 KB   72/72 KB   62/64 KB   73/73 KB   123/123 KB   72/72 KB   64/64 KB   73/73 KB   123/123 KB   4/698 KB   72/72 KB   64/64 KB   73/73 KB   123/123 KB   8/698 KB   72/72 KB   64/64 KB   73/73 KB   123/123 KB   12/698 KB   72/72 KB   64/64 KB   73/73 KB   123/123 KB   16/698 KB   72/72 KB   64/64 KB   73/73 KB   123/123 KB   20/698 KB   72/72 KB   64/64 KB   73/73 KB   123/123 KB   24/698 KB   72/72 KB   64/64 KB   73/73 KB   123/123 KB   28/698 KB   72/72 KB   64/64 KB   73/73 KB   123/123 KB   32/698 KB   72/72 KB   64/64 KB   73/73 KB   123/123 KB   36/698 KB   72/72 KB   64/64 KB   73/73 KB   123/123 KB   40/698 KB   72/72 KB   64/64 KB   73/73 KB   123/123 KB   44/698 KB   72/72 KB   64/64 KB   73/73 KB   123/123 KB   48/698 KB   72/72 KB   64/64 KB                                                             Downloaded: http://repo.maven.apache.org/maven2/com/querydsl/querydsl-apt/4.0.6/querydsl-apt-4.0.6.jar (64 KB at 1179.0 KB/sec)
Downloading: http://repo.maven.apache.org/maven2/com/querydsl/querydsl-core/4.0.6/querydsl-core-4.0.6.jar
73/73 KB   123/123 KB   52/698 KB   72/72 KB              73/73 KB   123/123 KB   56/698 KB   72/72 KB   73/73 KB   123/123 KB   60/698 KB   72/72 KB   73/73 KB   123/123 KB   64/698 KB   72/72 KB   73/73 KB   123/123 KB   68/698 KB   72/72 KB   73/73 KB   123/123 KB   72/698 KB   72/72 KB   73/73 KB   123/123 KB   76/698 KB   72/72 KB   73/73 KB   123/123 KB   80/698 KB   72/72 KB   73/73 KB   123/123 KB   84/698 KB   72/72 KB   73/73 KB   123/123 KB   88/698 KB   72/72 KB   73/73 KB   123/123 KB   92/698 KB   72/72 KB   73/73 KB   123/123 KB   96/698 KB   72/72 KB   73/73 KB   123/123 KB   100/698 KB   72/72 KB   73/73 KB   123/123 KB   104/698 KB   72/72 KB   73/73 KB   123/123 KB   108/698 KB   72/72 KB   73/73 KB   123/123 KB   112/698 KB   72/72 KB   73/73 KB   123/123 KB   116/698 KB   72/72 KB   73/73 KB   123/123 KB   120/698 KB   72/72 KB   73/73 KB   123/123 KB   124/698 KB   72/72 KB   73/73 KB   123/123 KB   128/698 KB   72/72 KB   73/73 KB   123/123 KB   132/698 KB   72/72 KB   73/73 KB   123/123 KB   136/698 KB   72/72 KB   73/73 KB   123/123 KB   140/698 KB   72/72 KB   73/73 KB   123/123 KB   144/698 KB   72/72 KB   73/73 KB   123/123 KB   148/698 KB   72/72 KB   73/73 KB   123/123 KB   152/698 KB   72/72 KB   73/73 KB   123/123 KB   156/698 KB   72/72 KB   73/73 KB   123/123 KB   160/698 KB   72/72 KB   73/73 KB   123/123 KB   164/698 KB   72/72 KB   73/73 KB   123/123 KB   168/698 KB   72/72 KB   73/73 KB   123/123 KB   172/698 KB   72/72 KB   73/73 KB   123/123 KB   176/698 KB   72/72 KB   73/73 KB   123/123 KB   180/698 KB   72/72 KB   73/73 KB   123/123 KB   184/698 KB   72/72 KB   73/73 KB   123/123 KB   188/698 KB   72/72 KB   73/73 KB   123/123 KB   192/698 KB   72/72 KB   73/73 KB   123/123 KB   196/698 KB   72/72 KB   73/73 KB   123/123 KB   200/698 KB   72/72 KB   73/73 KB   123/123 KB   204/698 KB   72/72 KB   73/73 KB   123/123 KB   208/698 KB   72/72 KB   73/73 KB   123/123 KB   212/698 KB   72/72 KB   73/73 KB   123/123 KB   216/698 KB   72/72 KB                                                   Downloaded: http://repo.maven.apache.org/maven2/com/querydsl/querydsl-codegen/4.0.6/querydsl-codegen-4.0.6.jar (73 KB at 1137.6 KB/sec)
123/123 KB   220/698 KB   72/72 KB              123/123 KB   224/698 KB   72/72 KB   123/123 KB   228/698 KB   72/72 KB   4/430 KB   123/123 KB   232/698 KB   72/72 KB   4/430 KB   123/123 KB   236/698 KB   72/72 KB   4/430 KB   123/123 KB   240/698 KB   72/72 KB   4/430 KB   123/123 KB   244/698 KB   72/72 KB   4/430 KB   123/123 KB   248/698 KB   72/72 KB   4/430 KB   123/123 KB   252/698 KB   72/72 KB   4/430 KB   123/123 KB   256/698 KB   72/72 KB   4/430 KB                                                   Downloaded: http://repo.maven.apache.org/maven2/com/mysema/codegen/codegen/0.6.8/codegen-0.6.8.jar (72 KB at 1083.2 KB/sec)
123/123 KB   224/698 KB   72/72 KB   4/430 KB   123/123 KB   256/698 KB   8/430 KB              123/123 KB   256/698 KB   12/430 KB   123/123 KB   256/698 KB   16/430 KB   123/123 KB   260/698 KB   20/430 KB   123/123 KB   260/698 KB   24/430 KB   123/123 KB   260/698 KB   28/430 KB   123/123 KB   260/698 KB   32/430 KB   123/123 KB   260/698 KB   36/430 KB   123/123 KB   260/698 KB   40/430 KB   123/123 KB   260/698 KB   44/430 KB   123/123 KB   260/698 KB   48/430 KB   123/123 KB   260/698 KB   52/430 KB   123/123 KB   260/698 KB   56/430 KB   123/123 KB   260/698 KB   60/430 KB   123/123 KB   260/698 KB   64/430 KB   123/123 KB   260/698 KB   68/430 KB   123/123 KB   260/698 KB   72/430 KB   123/123 KB   260/698 KB   76/430 KB   123/123 KB   260/698 KB   80/430 KB   123/123 KB   260/698 KB   84/430 KB   123/123 KB   260/698 KB   88/430 KB   123/123 KB   260/698 KB   16/430 KB   260/698 KB   92/430 KB                264/698 KB   92/430 KB   268/698 KB   96/430 KB   272/698 KB   96/430 KB   276/698 KB   96/430 KB   280/698 KB   96/430 KB   284/698 KB   96/430 KB   288/698 KB   96/430 KB   292/698 KB   96/430 KB   296/698 KB   96/430 KB   300/698 KB   96/430 KB   304/698 KB   96/430 KB   308/698 KB   96/430 KB   312/698 KB   96/430 KB   316/698 KB   96/430 KB   320/698 KB   96/430 KB   324/698 KB   96/430 KB   328/698 KB   96/430 KB   332/698 KB   96/430 KB   336/698 KB   96/430 KB   340/698 KB   96/430 KB   344/698 KB   96/430 KB   348/698 KB   96/430 KB   352/698 KB   96/430 KB   356/698 KB   96/430 KB   360/698 KB   96/430 KB   364/698 KB   96/430 KB   368/698 KB   96/430 KB   372/698 KB   96/430 KB   376/698 KB   96/430 KB   380/698 KB   96/430 KB   384/698 KB   96/430 KB   388/698 KB   96/430 KB   392/698 KB   96/430 KB   396/698 KB   96/430 KB   400/698 KB   96/430 KB   404/698 KB   96/430 KB   408/698 KB   96/430 KB   412/698 KB   96/430 KB   416/698 KB   96/430 KB   420/698 KB   96/430 KB   424/698 KB   96/430 KB   428/698 KB   96/430 KB   432/698 KB   96/430 KB   436/698 KB   96/430 KB   440/698 KB   96/430 KB   444/698 KB   96/430 KB   448/698 KB   96/430 KB   452/698 KB   96/430 KB   456/698 KB   96/430 KB   460/698 KB   96/430 KB   464/698 KB   96/430 KB   468/698 KB   96/430 KB   472/698 KB   96/430 KB   476/698 KB   96/430 KB   480/698 KB   96/430 KB   484/698 KB   96/430 KB   488/698 KB   96/430 KB   492/698 KB   96/430 KB   496/698 KB   96/430 KB   500/698 KB   96/430 KB   504/698 KB   96/430 KB   508/698 KB   96/430 KB   512/698 KB   96/430 KB   516/698 KB   96/430 KB   520/698 KB   96/430 KB   524/698 KB   96/430 KB   528/698 KB   96/430 KB   532/698 KB   96/430 KB   536/698 KB   96/430 KB   540/698 KB   96/430 KB   544/698 KB   96/430 KB   548/698 KB   96/430 KB   552/698 KB   96/430 KB   556/698 KB   96/430 KB   560/698 KB   96/430 KB   564/698 KB   96/430 KB   568/698 KB   96/430 KB   572/698 KB   96/430 KB   576/698 KB   96/430 KB   580/698 KB   96/430 KB   584/698 KB   96/430 KB   588/698 KB   96/430 KB   592/698 KB   96/430 KB   596/698 KB   96/430 KB                                         Downloaded: http://repo.maven.apache.org/maven2/com/querydsl/querydsl-jpa/4.0.6/querydsl-jpa-4.0.6.jar (123 KB at 1634.7 KB/sec)
600/698 KB   96/430 KB   604/698 KB   96/430 KB   608/698 KB   96/430 KB   612/698 KB   96/430 KB   616/698 KB   96/430 KB   620/698 KB   96/430 KB   624/698 KB   96/430 KB   628/698 KB   96/430 KB   632/698 KB   96/430 KB   636/698 KB   96/430 KB   264/698 KB   96/430 KB   636/698 KB   100/430 KB   636/698 KB   104/430 KB   636/698 KB   108/430 KB   636/698 KB   112/430 KB   636/698 KB   116/430 KB   636/698 KB   120/430 KB   636/698 KB   124/430 KB   636/698 KB   128/430 KB   636/698 KB   132/430 KB   636/698 KB   136/430 KB   636/698 KB   140/430 KB   640/698 KB   144/430 KB   640/698 KB   148/430 KB   640/698 KB   152/430 KB   640/698 KB   156/430 KB   640/698 KB   160/430 KB   640/698 KB   164/430 KB   640/698 KB   168/430 KB   640/698 KB   172/430 KB   640/698 KB   176/430 KB   640/698 KB   180/430 KB   640/698 KB   184/430 KB   640/698 KB   188/430 KB   640/698 KB   192/430 KB   640/698 KB   196/430 KB   640/698 KB   200/430 KB   640/698 KB   202/430 KB   640/698 KB   140/430 KB   644/698 KB   202/430 KB   648/698 KB   202/430 KB   652/698 KB   202/430 KB   656/698 KB   202/430 KB   660/698 KB   202/430 KB   664/698 KB   202/430 KB   668/698 KB   202/430 KB   672/698 KB   202/430 KB   676/698 KB   202/430 KB   680/698 KB   202/430 KB   684/698 KB   202/430 KB   688/698 KB   202/430 KB   692/698 KB   202/430 KB   696/698 KB   202/430 KB   698/698 KB   202/430 KB   698/698 KB   206/430 KB   698/698 KB   210/430 KB   698/698 KB   214/430 KB   698/698 KB   218/430 KB   698/698 KB   222/430 KB   698/698 KB   226/430 KB   698/698 KB   230/430 KB   698/698 KB   234/430 KB   698/698 KB   238/430 KB   698/698 KB   242/430 KB   698/698 KB   246/430 KB   698/698 KB   250/430 KB   698/698 KB   254/430 KB   698/698 KB   258/430 KB   698/698 KB   262/430 KB   698/698 KB   266/430 KB   698/698 KB   270/430 KB   698/698 KB   274/430 KB   698/698 KB   278/430 KB   698/698 KB   280/430 KB   698/698 KB   284/430 KB   698/698 KB   284/430 KB   698/698 KB   288/430 KB   698/698 KB   292/430 KB   698/698 KB   296/430 KB   698/698 KB   300/430 KB   698/698 KB   304/430 KB   698/698 KB   308/430 KB   698/698 KB   310/430 KB   698/698 KB   311/430 KB   698/698 KB   315/430 KB   698/698 KB   315/430 KB   698/698 KB   318/430 KB   698/698 KB   321/430 KB   698/698 KB   325/430 KB   698/698 KB   327/430 KB   698/698 KB   331/430 KB   698/698 KB   335/430 KB   698/698 KB   339/430 KB   698/698 KB   343/430 KB   698/698 KB   347/430 KB   698/698 KB   351/430 KB   698/698 KB   355/430 KB   698/698 KB   356/430 KB   698/698 KB   360/430 KB   698/698 KB   361/430 KB   698/698 KB   365/430 KB   698/698 KB   366/430 KB   698/698 KB   370/430 KB   698/698 KB   374/430 KB   698/698 KB   378/430 KB   698/698 KB   382/430 KB   698/698 KB   386/430 KB   698/698 KB   390/430 KB   698/698 KB   394/430 KB   698/698 KB   397/430 KB   698/698 KB   401/430 KB   698/698 KB   403/430 KB   698/698 KB   407/430 KB   698/698 KB   410/430 KB   698/698 KB   412/430 KB   698/698 KB   416/430 KB   698/698 KB   420/430 KB   698/698 KB   424/430 KB   698/698 KB   428/430 KB   698/698 KB   430/430 KB                             Downloaded: http://repo.maven.apache.org/maven2/org/javassist/javassist/3.18.2-GA/javassist-3.18.2-GA.jar (698 KB at 7840.2 KB/sec)
                          Downloaded: http://repo.maven.apache.org/maven2/com/querydsl/querydsl-core/4.0.6/querydsl-core-4.0.6.jar (430 KB at 4619.8 KB/sec)
[INFO] 
[INFO] --- maven-clean-plugin:2.5:clean (default-clean) @ spring-data-jpa ---
[INFO] 
[INFO] --- maven-dependency-plugin:2.10:list (default-cli) @ spring-data-jpa ---
[INFO] 
[INFO] The following files have been resolved:
[INFO]    antlr:antlr:jar:2.7.6:compile
[INFO]    aopalliance:aopalliance:jar:1.0:compile
[INFO]    asm:asm:jar:3.1:compile
[INFO]    cglib:cglib:jar:2.2:compile
[INFO]    ch.qos.logback:logback-classic:jar:1.1.3:test
[INFO]    ch.qos.logback:logback-core:jar:1.1.3:test
[INFO]    com.google.code.findbugs:annotations:jar:2.0.1:provided
[INFO]    com.google.code.findbugs:jsr305:jar:1.3.9:compile
[INFO]    com.google.guava:guava:jar:17.0:test
[INFO]    com.infradna.tool:bridge-method-annotation:jar:1.13:compile
[INFO]    com.mysema.codegen:codegen:jar:0.6.8:provided
[INFO]    com.mysema.commons:mysema-commons-lang:jar:0.2.4:compile
[INFO]    com.querydsl:querydsl-apt:jar:4.0.6:provided
[INFO]    com.querydsl:querydsl-codegen:jar:4.0.6:provided
[INFO]    com.querydsl:querydsl-core:jar:4.0.6:compile
[INFO]    com.querydsl:querydsl-jpa:jar:4.0.6:compile
[INFO]    commons-collections:commons-collections:jar:3.1:compile
[INFO]    commons-lang:commons-lang:jar:2.4:compile
[INFO]    commons-pool:commons-pool:jar:1.5.4:compile
[INFO]    dom4j:dom4j:jar:1.6.1:compile
[INFO]    javassist:javassist:jar:3.12.0.GA:compile
[INFO]    javax.annotation:jsr250-api:jar:1.0:provided
[INFO]    javax.el:el-api:jar:1.0:test
[INFO]    javax.enterprise:cdi-api:jar:1.0:provided
[INFO]    javax.inject:javax.inject:jar:1:provided
[INFO]    javax.servlet:javax.servlet-api:jar:3.0.1:test
[INFO]    javax.transaction:jta:jar:1.1:compile
[INFO]    joda-time:joda-time:jar:2.8.2:compile
[INFO]    junit:junit:jar:4.12:test
[INFO]    net.sourceforge.serp:serp:jar:1.15.1:compile
[INFO]    org.apache.geronimo.specs:geronimo-atinject_1.0_spec:jar:1.0:test
[INFO]    org.apache.geronimo.specs:geronimo-jcdi_1.0_spec:jar:1.0:test
[INFO]    org.apache.geronimo.specs:geronimo-jms_1.1_spec:jar:1.1.1:compile
[INFO]    org.apache.geronimo.specs:geronimo-jpa_2.0_spec:jar:1.1:compile
[INFO]    org.apache.geronimo.specs:geronimo-jta_1.1_spec:jar:1.1.1:compile
[INFO]    org.apache.openjpa:openjpa-jdbc:jar:2.4.0:compile
[INFO]    org.apache.openjpa:openjpa-kernel:jar:2.4.0:compile
[INFO]    org.apache.openjpa:openjpa-lib:jar:2.4.0:compile
[INFO]    org.apache.openjpa:openjpa-persistence-jdbc:jar:2.4.0:compile
[INFO]    org.apache.openjpa:openjpa-persistence:jar:2.4.0:compile
[INFO]    org.apache.openwebbeans.test:cditest-owb:jar:1.2.8:test
[INFO]    org.apache.openwebbeans.test:cditest:jar:1.2.8:test
[INFO]    org.apache.openwebbeans:openwebbeans-impl:jar:1.2.8:test
[INFO]    org.apache.openwebbeans:openwebbeans-spi:jar:1.2.8:test
[INFO]    org.apache.xbean:xbean-asm5-shaded:jar:4.1:compile
[INFO]    org.apache.xbean:xbean-finder-shaded:jar:4.1:test
[INFO]    org.aspectj:aspectjrt:jar:1.8.6:compile
[INFO]    org.aspectj:aspectjweaver:jar:1.8.6:test
[INFO]    org.eclipse.jdt.core.compiler:ecj:jar:4.3.1:provided
[INFO]    org.eclipse.persistence:javax.persistence:jar:2.1.0:compile
[INFO]    org.eclipse.persistence:org.eclipse.persistence.antlr:jar:2.6.1:compile
[INFO]    org.eclipse.persistence:org.eclipse.persistence.asm:jar:2.6.1:compile
[INFO]    org.eclipse.persistence:org.eclipse.persistence.core:jar:2.6.1:compile
[INFO]    org.eclipse.persistence:org.eclipse.persistence.jpa.jpql:jar:2.6.1:compile
[INFO]    org.eclipse.persistence:org.eclipse.persistence.jpa:jar:2.6.1:compile
[INFO]    org.glassfish:javax.json:jar:1.0.4:compile
[INFO]    org.hamcrest:hamcrest-core:jar:1.3:test
[INFO]    org.hamcrest:hamcrest-library:jar:1.3:test
[INFO]    org.hibernate.javax.persistence:hibernate-jpa-2.0-api:jar:1.0.1.Final:compile
[INFO]    org.hibernate:hibernate-commons-annotations:jar:3.2.0.Final:compile
[INFO]    org.hibernate:hibernate-core:jar:3.6.10.Final:compile
[INFO]    org.hibernate:hibernate-entitymanager:jar:3.6.10.Final:compile
[INFO]    org.hsqldb:hsqldb:jar:2.2.8:test
[INFO]    org.javassist:javassist:jar:3.18.2-GA:provided
[INFO]    org.jboss.interceptor:jboss-interceptor-api:jar:1.1:provided
[INFO]    org.mockito:mockito-core:jar:1.10.19:test
[INFO]    org.objenesis:objenesis:jar:2.1:test
[INFO]    org.reflections:reflections:jar:0.9.9:provided
[INFO]    org.slf4j:jcl-over-slf4j:jar:1.7.12:runtime
[INFO]    org.slf4j:slf4j-api:jar:1.7.12:compile
[INFO]    org.springframework.data:spring-data-commons:jar:1.12.0.DATACMNS-670-SNAPSHOT:compile
[INFO]    org.springframework:spring-aop:jar:4.1.9.BUILD-SNAPSHOT:compile
[INFO]    org.springframework:spring-aspects:jar:4.1.9.BUILD-SNAPSHOT:compile
[INFO]    org.springframework:spring-beans:jar:4.1.9.BUILD-SNAPSHOT:compile
[INFO]    org.springframework:spring-context:jar:4.1.9.BUILD-SNAPSHOT:compile
[INFO]    org.springframework:spring-core:jar:4.1.9.BUILD-SNAPSHOT:compile
[INFO]    org.springframework:spring-expression:jar:4.1.9.BUILD-SNAPSHOT:compile
[INFO]    org.springframework:spring-instrument:jar:4.1.9.BUILD-SNAPSHOT:provided
[INFO]    org.springframework:spring-jdbc:jar:4.1.9.BUILD-SNAPSHOT:compile
[INFO]    org.springframework:spring-orm:jar:4.1.9.BUILD-SNAPSHOT:compile
[INFO]    org.springframework:spring-test:jar:4.1.9.BUILD-SNAPSHOT:test
[INFO]    org.springframework:spring-tx:jar:4.1.9.BUILD-SNAPSHOT:compile
[INFO]    org.threeten:threetenbp:jar:1.3:compile
[INFO] 
[INFO] 
[INFO] --- apt-maven-plugin:1.1.3:process (sources) @ spring-data-jpa ---
[INFO] 
[INFO] --- maven-resources-plugin:2.6:resources (default-resources) @ spring-data-jpa ---
[INFO] Using 'UTF-8' encoding to copy filtered resources.
[INFO] Copying 13 resources
[INFO] 
[INFO] --- maven-compiler-plugin:3.3:compile (default-compile) @ spring-data-jpa ---
[INFO] Changes detected - recompiling the module!
[INFO] Compiling 100 source files to /home/travis/build/spring-projects/spring-data-jpa/target/classes
[INFO] 
[INFO] --- com.springsource.bundlor.maven:1.0.0.RELEASE:bundlor (bundlor) @ spring-data-jpa ---
Manifest written to '/home/travis/build/spring-projects/spring-data-jpa/target/classes/META-INF/MANIFEST.MF'
[INFO] 
[INFO] --- aspectj-maven-plugin:1.6:compile (default) @ spring-data-jpa ---
[INFO] 
[INFO] --- apt-maven-plugin:1.1.3:test-process (test-sources) @ spring-data-jpa ---
[INFO] 
[INFO] --- maven-resources-plugin:2.6:testResources (default-testResources) @ spring-data-jpa ---
[INFO] Using 'UTF-8' encoding to copy filtered resources.
[INFO] Copying 33 resources
[INFO] 
[INFO] --- maven-compiler-plugin:3.3:testCompile (default-testCompile) @ spring-data-jpa ---
[INFO] Changes detected - recompiling the module!
[INFO] Compiling 304 source files to /home/travis/build/spring-projects/spring-data-jpa/target/test-classes
[INFO] 
[INFO] --- maven-surefire-plugin:2.12:test (default-test) @ spring-data-jpa ---
[INFO] Surefire report directory: /home/travis/build/spring-projects/spring-data-jpa/target/surefire-reports

-------------------------------------------------------
 T E S T S
-------------------------------------------------------

Results :

Tests run: 0, Failures: 0, Errors: 0, Skipped: 0

[INFO] 
[INFO] --- maven-surefire-plugin:2.12:test (unit-tests) @ spring-data-jpa ---
[INFO] Surefire report directory: /home/travis/build/spring-projects/spring-data-jpa/target/surefire-reports

-------------------------------------------------------
 T E S T S
-------------------------------------------------------
Running org.springframework.data.jpa.repository.support.DefaultJpaContextUnitTests
Tests run: 2, Failures: 0, Errors: 0, Skipped: 0, Time elapsed: 0.177 sec
Running org.springframework.data.jpa.repository.support.JpaEntityInformationSupportUnitTests
Tests run: 2, Failures: 0, Errors: 0, Skipped: 0, Time elapsed: 0.519 sec
Running org.springframework.data.jpa.repository.support.EntityManagerBeanDefinitionRegistratPostProcessorUnitTests
Tests run: 1, Failures: 0, Errors: 0, Skipped: 0, Time elapsed: 0.404 sec
Running org.springframework.data.jpa.repository.support.JpaRepositoryFactoryBeanUnitTests
Tests run: 4, Failures: 0, Errors: 0, Skipped: 0, Time elapsed: 0.117 sec
Running org.springframework.data.jpa.repository.support.SimpleJpaRepositoryUnitTests
Tests run: 3, Failures: 0, Errors: 0, Skipped: 0, Time elapsed: 0.485 sec
Running org.springframework.data.jpa.repository.support.JpaRepositoryFactoryUnitTests
Tests run: 9, Failures: 0, Errors: 0, Skipped: 0, Time elapsed: 0.912 sec
Running org.springframework.data.jpa.repository.support.JpaPersistableEntityInformationUnitTests
Tests run: 1, Failures: 0, Errors: 0, Skipped: 0, Time elapsed: 0.059 sec
Running org.springframework.data.jpa.repository.support.EntityManagerFactoryRefUnitTests
Tests run: 1, Failures: 0, Errors: 0, Skipped: 0, Time elapsed: 1.317 sec
Running org.springframework.data.jpa.repository.support.JpaMetamodelEntityInformationUnitTests
Tests run: 1, Failures: 0, Errors: 0, Skipped: 0, Time elapsed: 0.083 sec
Running org.springframework.data.jpa.repository.support.CrudMethodMetadataPopulatingMethodInterceptorUnitTests
Tests run: 1, Failures: 0, Errors: 0, Skipped: 0, Time elapsed: 0.008 sec
Running org.springframework.data.jpa.repository.query.SimpleJpaQueryUnitTests
Tests run: 10, Failures: 0, Errors: 0, Skipped: 0, Time elapsed: 0.266 sec
Running org.springframework.data.jpa.repository.query.ParameterBinderUnitTests
Tests run: 15, Failures: 0, Errors: 0, Skipped: 0, Time elapsed: 0.056 sec
Running org.springframework.data.jpa.repository.query.JpaQueryExecutionUnitTests
Tests run: 8, Failures: 0, Errors: 0, Skipped: 0, Time elapsed: 0.059 sec
Running org.springframework.data.jpa.repository.query.JpaQueryLookupStrategyUnitTests
Tests run: 2, Failures: 0, Errors: 0, Skipped: 0, Time elapsed: 0.039 sec
Running org.springframework.data.jpa.repository.query.JpaParametersUnitTests
Tests run: 1, Failures: 0, Errors: 0, Skipped: 0, Time elapsed: 0.001 sec
Running org.springframework.data.jpa.repository.query.ExpressionBasedStringQueryUnitTests
Tests run: 2, Failures: 0, Errors: 0, Skipped: 0, Time elapsed: 0.01 sec
Running org.springframework.data.jpa.repository.query.StringQueryUnitTests
Tests run: 20, Failures: 0, Errors: 0, Skipped: 0, Time elapsed: 0.057 sec
Running org.springframework.data.jpa.repository.query.JpaQueryMethodUnitTests
Tests run: 27, Failures: 0, Errors: 0, Skipped: 0, Time elapsed: 0.16 sec
Running org.springframework.data.jpa.repository.query.Jpa21UtilsUnitTests
Tests run: 1, Failures: 0, Errors: 0, Skipped: 0, Time elapsed: 0 sec
Running org.springframework.data.jpa.repository.query.LikeBindingUnitTests
Tests run: 8, Failures: 0, Errors: 0, Skipped: 0, Time elapsed: 0.001 sec
Running org.springframework.data.jpa.repository.query.StoredProcedureAttributeSourceUnitTests
Tests run: 6, Failures: 0, Errors: 0, Skipped: 0, Time elapsed: 0.062 sec
Running org.springframework.data.jpa.repository.query.StoredProcedureAttributesUnitTests
Tests run: 1, Failures: 0, Errors: 0, Skipped: 0, Time elapsed: 0.003 sec
Running org.springframework.data.jpa.repository.query.QueryUtilsUnitTests
Tests run: 27, Failures: 0, Errors: 0, Skipped: 0, Time elapsed: 0.03 sec
Running org.springframework.data.jpa.repository.query.NamedQueryUnitTests
Tests run: 2, Failures: 0, Errors: 0, Skipped: 0, Time elapsed: 0.003 sec
Running org.springframework.data.jpa.repository.cdi.JpaRepositoryExtensionUnitTests
Tests run: 3, Failures: 0, Errors: 0, Skipped: 0, Time elapsed: 0.022 sec
Running org.springframework.data.jpa.repository.config.JpaRepositoryConfigExtensionUnitTests
Tests run: 4, Failures: 0, Errors: 0, Skipped: 0, Time elapsed: 0.03 sec
Running org.springframework.data.jpa.repository.config.JpaAuditingRegistrarUnitTests
Tests run: 2, Failures: 0, Errors: 0, Skipped: 0, Time elapsed: 0.009 sec
Running org.springframework.data.jpa.repository.config.JpaRepositoriesRegistrarUnitTests
Tests run: 1, Failures: 0, Errors: 0, Skipped: 0, Time elapsed: 0.54 sec
Running org.springframework.data.jpa.repository.CrudMethodMetadataUnitTests
Tests run: 3, Failures: 0, Errors: 0, Skipped: 0, Time elapsed: 0.476 sec
Running org.springframework.data.jpa.support.MergingPersistenceUnitManagerUnitTests
Tests run: 5, Failures: 0, Errors: 0, Skipped: 0, Time elapsed: 0.026 sec
Running org.springframework.data.jpa.support.ClasspathScanningPersistenceUnitPostProcessorUnitTests
Tests run: 8, Failures: 0, Errors: 0, Skipped: 0, Time elapsed: 0.084 sec
Running org.springframework.data.jpa.domain.support.AuditingNamespaceUnitTests
Tests run: 5, Failures: 0, Errors: 0, Skipped: 0, Time elapsed: 1.374 sec
Running org.springframework.data.jpa.domain.support.AuditingBeanFactoryPostProcessorUnitTests
Tests run: 4, Failures: 0, Errors: 0, Skipped: 0, Time elapsed: 0.404 sec
Running org.springframework.data.jpa.domain.support.AnnotationAuditingBeanFactoryPostProcessorUnitTests
Tests run: 4, Failures: 0, Errors: 0, Skipped: 0, Time elapsed: 0.161 sec
Running org.springframework.data.jpa.domain.SpecificationsUnitTests
Tests run: 8, Failures: 0, Errors: 0, Skipped: 0, Time elapsed: 0.384 sec
Running org.springframework.data.jpa.mapping.JpaPersistentPropertyImplUnitTests
Tests run: 13, Failures: 0, Errors: 0, Skipped: 0, Time elapsed: 0.192 sec
Running org.springframework.data.jpa.mapping.JpaMetamodelMappingContextUnitTests
Tests run: 1, Failures: 0, Errors: 0, Skipped: 0, Time elapsed: 0.024 sec
Running org.springframework.data.jpa.provider.PersistenceProviderUnitTests
Tests run: 5, Failures: 0, Errors: 0, Skipped: 0, Time elapsed: 0.18 sec

Results :

Tests run: 221, Failures: 0, Errors: 0, Skipped: 0

[INFO] 
[INFO] --- maven-surefire-plugin:2.12:test (integration-tests) @ spring-data-jpa ---
[INFO] Surefire report directory: /home/travis/build/spring-projects/spring-data-jpa/target/surefire-reports

-------------------------------------------------------
 T E S T S
-------------------------------------------------------
Running org.springframework.data.jpa.repository.support.EntityManagerBeanDefinitionRegistrarPostProcessorIntegrationTests
Tests run: 1, Failures: 0, Errors: 0, Skipped: 0, Time elapsed: 7.662 sec
Running org.springframework.data.jpa.repository.support.TransactionalRepositoryTests
Tests run: 5, Failures: 0, Errors: 0, Skipped: 0, Time elapsed: 4.294 sec
Running org.springframework.data.jpa.repository.support.JpaMetamodelEntityInformationIntegrationTests
Tests run: 15, Failures: 0, Errors: 0, Skipped: 2, Time elapsed: 2.699 sec
Running org.springframework.data.jpa.repository.support.QueryDslJpaRepositoryTests
Tests run: 18, Failures: 0, Errors: 0, Skipped: 0, Time elapsed: 0.495 sec
Running org.springframework.data.jpa.repository.support.MailMessageRepositoryIntegrationTests
Tests run: 4, Failures: 0, Errors: 0, Skipped: 0, Time elapsed: 3.543 sec
Running org.springframework.data.jpa.repository.support.JavaConfigDefaultTransactionDisablingIntegrationTests
Tests run: 3, Failures: 0, Errors: 0, Skipped: 0, Time elapsed: 4.472 sec
Running org.springframework.data.jpa.repository.support.XmlConfigDefaultTransactionDisablingIntegrationTests
Tests run: 3, Failures: 0, Errors: 0, Skipped: 0, Time elapsed: 3.863 sec
Running org.springframework.data.jpa.repository.support.QueryDslRepositorySupportTests
Tests run: 4, Failures: 0, Errors: 0, Skipped: 0, Time elapsed: 0.292 sec
Running org.springframework.data.jpa.repository.support.QueryDslRepositorySupportIntegrationTests
Tests run: 2, Failures: 0, Errors: 0, Skipped: 0, Time elapsed: 1.036 sec
Running org.springframework.data.jpa.repository.support.JpaRepositoryTests
Tests run: 4, Failures: 0, Errors: 0, Skipped: 0, Time elapsed: 0.137 sec
Running org.springframework.data.jpa.repository.support.QuerydslIntegrationTests
Tests run: 2, Failures: 0, Errors: 0, Skipped: 0, Time elapsed: 0.061 sec
Running org.springframework.data.jpa.repository.support.EntityManagerFactoryRefTests
Tests run: 2, Failures: 0, Errors: 0, Skipped: 0, Time elapsed: 3.993 sec
Running org.springframework.data.jpa.repository.support.DefaultJpaContextIntegrationTests
Tests run: 3, Failures: 0, Errors: 0, Skipped: 0, Time elapsed: 0.532 sec
Running org.springframework.data.jpa.repository.query.PartTreeJpaQueryIntegrationTests
Tests run: 4, Failures: 0, Errors: 0, Skipped: 0, Time elapsed: 0.029 sec
Running org.springframework.data.jpa.repository.query.ParameterExpressionProviderTests
Tests run: 1, Failures: 0, Errors: 0, Skipped: 0, Time elapsed: 0.007 sec
Running org.springframework.data.jpa.repository.query.QueryUtilsIntegrationTests
Tests run: 6, Failures: 0, Errors: 0, Skipped: 0, Time elapsed: 0.337 sec
Running org.springframework.data.jpa.repository.query.ParameterMetadataProviderIntegrationTests
Tests run: 3, Failures: 0, Errors: 0, Skipped: 0, Time elapsed: 0.012 sec
Running org.springframework.data.jpa.repository.query.AbstractJpaQueryTests
Tests run: 5, Failures: 0, Errors: 0, Skipped: 2, Time elapsed: 0.136 sec
Running org.springframework.data.jpa.repository.cdi.CdiExtensionIntegrationTests
Nov 16, 2015 5:26:58 PM org.apache.webbeans.lifecycle.AbstractLifeCycle bootstrapApplication
INFO: OpenWebBeans Container is starting...
Nov 16, 2015 5:26:58 PM org.apache.webbeans.corespi.scanner.AbstractMetaDataDiscovery addWebBeansXmlLocation
INFO: added beans.xml marker: file:/home/travis/build/spring-projects/spring-data-jpa/target/test-classes/META-INF/beans.xml
Nov 16, 2015 5:27:00 PM org.apache.webbeans.config.BeansDeployer validateInjectionPoints
INFO: All injection points were validated successfully.
Nov 16, 2015 5:27:01 PM org.apache.webbeans.lifecycle.AbstractLifeCycle bootstrapApplication
INFO: OpenWebBeans Container has started, it took [2212] ms.
Tests run: 4, Failures: 0, Errors: 0, Skipped: 0, Time elapsed: 2.564 sec
Running org.springframework.data.jpa.repository.StoredProcedureIntegrationTests
Tests run: 12, Failures: 0, Errors: 0, Skipped: 12, Time elapsed: 2.838 sec
Running org.springframework.data.jpa.repository.UserRepositoryFinderTests
Tests run: 12, Failures: 0, Errors: 0, Skipped: 0, Time elapsed: 4.147 sec
Running org.springframework.data.jpa.repository.RoleRepositoryIntegrationTests
Tests run: 5, Failures: 0, Errors: 0, Skipped: 0, Time elapsed: 3.444 sec
Running org.springframework.data.jpa.repository.config.JpaRepositoryConfigDefinitionParserTests
Tests run: 1, Failures: 0, Errors: 0, Skipped: 0, Time elapsed: 0.73 sec
Running org.springframework.data.jpa.repository.config.JpaRepositoriesRegistrarIntegrationTests
Tests run: 2, Failures: 0, Errors: 0, Skipped: 0, Time elapsed: 2.254 sec
Running org.springframework.data.jpa.repository.config.RepositoryConfigTests
Tests run: 3, Failures: 0, Errors: 0, Skipped: 0, Time elapsed: 0.025 sec
Running org.springframework.data.jpa.repository.config.ExplicitAuditingViaJavaConfigRepositoriesTests
Tests run: 2, Failures: 0, Errors: 0, Skipped: 0, Time elapsed: 4.216 sec
Running org.springframework.data.jpa.repository.config.RepositoriesJavaConfigTests
Tests run: 1, Failures: 0, Errors: 0, Skipped: 0, Time elapsed: 3.391 sec
Running org.springframework.data.jpa.repository.config.AuditingBeanDefinitionParserTests
Tests run: 4, Failures: 0, Errors: 0, Skipped: 0, Time elapsed: 0.474 sec
Running org.springframework.data.jpa.repository.config.NestedRepositoriesJavaConfigTests
Tests run: 1, Failures: 0, Errors: 0, Skipped: 0, Time elapsed: 2.248 sec
Running org.springframework.data.jpa.repository.config.DefaultAuditingViaJavaConfigRepositoriesTests
Tests run: 2, Failures: 0, Errors: 0, Skipped: 0, Time elapsed: 2.304 sec
Running org.springframework.data.jpa.repository.config.AllowNestedRepositoriesRepositoryConfigTests
Tests run: 4, Failures: 0, Errors: 0, Skipped: 0, Time elapsed: 2.277 sec
Running org.springframework.data.jpa.repository.config.CustomRepositoryFactoryConfigTests
Tests run: 3, Failures: 0, Errors: 0, Skipped: 0, Time elapsed: 0.891 sec
Running org.springframework.data.jpa.repository.config.RepositoryAutoConfigTests
Tests run: 3, Failures: 0, Errors: 0, Skipped: 0, Time elapsed: 1.545 sec
Running org.springframework.data.jpa.repository.config.QueryLookupStrategyTests
Tests run: 1, Failures: 0, Errors: 0, Skipped: 0, Time elapsed: 0.981 sec
Running org.springframework.data.jpa.repository.config.TypeFilterConfigTests
Tests run: 3, Failures: 0, Errors: 0, Skipped: 0, Time elapsed: 1.147 sec
Running org.springframework.data.jpa.repository.CustomAbstractPersistableIntegrationTests
Tests run: 1, Failures: 0, Errors: 0, Skipped: 0, Time elapsed: 0.027 sec
Running org.springframework.data.jpa.repository.JavaConfigUserRepositoryTests
Tests run: 134, Failures: 0, Errors: 0, Skipped: 2, Time elapsed: 6.117 sec
Running org.springframework.data.jpa.repository.UserRepositoryTests
Tests run: 133, Failures: 0, Errors: 0, Skipped: 2, Time elapsed: 2.747 sec
Running org.springframework.data.jpa.repository.EntityGraphRepositoryMethodsIntegrationTests
Tests run: 4, Failures: 0, Errors: 0, Skipped: 4, Time elapsed: 0.027 sec
Running org.springframework.data.jpa.repository.UserRepositoryStoredProcedureTests
Tests run: 5, Failures: 0, Errors: 0, Skipped: 5, Time elapsed: 0.001 sec
Running org.springframework.data.jpa.repository.ParentRepositoryIntegrationTests
Tests run: 2, Failures: 0, Errors: 0, Skipped: 0, Time elapsed: 0.081 sec
Running org.springframework.data.jpa.repository.RepositoryWithCompositeKeyTests
Tests run: 8, Failures: 0, Errors: 0, Skipped: 0, Time elapsed: 0.209 sec
Running org.springframework.data.jpa.repository.NamespaceUserRepositoryTests
Tests run: 134, Failures: 0, Errors: 0, Skipped: 2, Time elapsed: 2.422 sec
Running org.springframework.data.jpa.repository.AbstractPersistableIntegrationTests
Tests run: 1, Failures: 0, Errors: 0, Skipped: 0, Time elapsed: 0.004 sec
Running org.springframework.data.jpa.repository.SPR8954Tests
Tests run: 1, Failures: 0, Errors: 0, Skipped: 0, Time elapsed: 0.001 sec
Running org.springframework.data.jpa.repository.RedeclaringRepositoryMethodsTests
Tests run: 2, Failures: 0, Errors: 0, Skipped: 0, Time elapsed: 0.006 sec
Running org.springframework.data.jpa.repository.ORMInfrastructureTests
Tests run: 1, Failures: 0, Errors: 0, Skipped: 0, Time elapsed: 0.003 sec
Running org.springframework.data.jpa.repository.MappedTypeRepositoryIntegrationTests
Tests run: 2, Failures: 0, Errors: 0, Skipped: 0, Time elapsed: 0.024 sec
Running org.springframework.data.jpa.repository.SimpleJpaParameterBindingTests
Tests run: 2, Failures: 0, Errors: 0, Skipped: 1, Time elapsed: 0.006 sec
Running org.springframework.data.jpa.domain.support.AuditingEntityListenerTests
Tests run: 4, Failures: 0, Errors: 0, Skipped: 0, Time elapsed: 2.11 sec
Running org.springframework.data.jpa.domain.JpaSortTests
Tests run: 17, Failures: 0, Errors: 0, Skipped: 0, Time elapsed: 0 sec
Running org.springframework.data.jpa.infrastructure.HibernateMetamodelIntegrationTests
Tests run: 3, Failures: 0, Errors: 0, Skipped: 2, Time elapsed: 0.01 sec
Running org.springframework.data.jpa.convert.threetenbp.ThreeTenBackPortJpaConvertersIntegrationTests
Tests run: 1, Failures: 0, Errors: 0, Skipped: 1, Time elapsed: 0.324 sec
Running org.springframework.data.jpa.convert.threeten.Jsr310JpaConvertersIntegrationTests
Tests run: 1, Failures: 0, Errors: 0, Skipped: 1, Time elapsed: 0.432 sec
Running org.springframework.data.jpa.mapping.JpaMetamodelMappingContextIntegrationTests
Tests run: 6, Failures: 0, Errors: 0, Skipped: 0, Time elapsed: 0.48 sec
Running org.springframework.data.jpa.provider.PersistenceProviderIntegrationTests
Tests run: 1, Failures: 0, Errors: 0, Skipped: 0, Time elapsed: 0.716 sec

Results :

Tests run: 611, Failures: 0, Errors: 0, Skipped: 36

[INFO] 
[INFO] --- maven-surefire-plugin:2.12:test (eclipselink-tests) @ spring-data-jpa ---
[INFO] Surefire report directory: /home/travis/build/spring-projects/spring-data-jpa/target/surefire-reports

-------------------------------------------------------
 T E S T S
-------------------------------------------------------
Running org.springframework.data.jpa.repository.support.EclipseLinkJpaMetamodelEntityInformationIntegrationTests
Tests run: 16, Failures: 0, Errors: 0, Skipped: 1, Time elapsed: 3.561 sec
Running org.springframework.data.jpa.repository.support.EclipseLinkJpaRepositoryTests
Tests run: 4, Failures: 0, Errors: 0, Skipped: 0, Time elapsed: 0.554 sec
Running org.springframework.data.jpa.repository.support.EclipseLinkProxyIdAccessorTests
Tests run: 1, Failures: 0, Errors: 0, Skipped: 0, Time elapsed: 1.636 sec
Running org.springframework.data.jpa.repository.query.EclipseLinkParameterMetadataProviderIntegrationTests
Tests run: 3, Failures: 0, Errors: 0, Skipped: 0, Time elapsed: 0.035 sec
Running org.springframework.data.jpa.repository.query.EclipseLinkQueryUtilsIntegrationTests
Tests run: 6, Failures: 0, Errors: 0, Skipped: 0, Time elapsed: 1.605 sec
Running org.springframework.data.jpa.repository.EclipseLinkEntityGraphRepositoryMethodsIntegrationTests
Tests run: 4, Failures: 0, Errors: 0, Skipped: 0, Time elapsed: 4.936 sec
Running org.springframework.data.jpa.repository.EclipseLinkParentRepositoryIntegrationTests
Tests run: 2, Failures: 0, Errors: 0, Skipped: 0, Time elapsed: 1.897 sec
Running org.springframework.data.jpa.repository.EclipseLinkNamespaceUserRepositoryTests
Tests run: 134, Failures: 0, Errors: 0, Skipped: 2, Time elapsed: 5.886 sec
Running org.springframework.data.jpa.repository.EclipseLinkUserRepositoryFinderTests
Tests run: 12, Failures: 0, Errors: 0, Skipped: 0, Time elapsed: 0.389 sec
Running org.springframework.data.jpa.repository.EclipseLinkStoredProcedureIntegrationTests
Tests run: 12, Failures: 0, Errors: 0, Skipped: 4, Time elapsed: 1.534 sec
Running org.springframework.data.jpa.infrastructure.EclipseLinkMetamodelIntegrationTests
Tests run: 3, Failures: 0, Errors: 0, Skipped: 2, Time elapsed: 0.023 sec

Results :

Tests run: 197, Failures: 0, Errors: 0, Skipped: 9

[INFO] 
[INFO] --- maven-surefire-plugin:2.12:test (openjpa-tests) @ spring-data-jpa ---
[INFO] Surefire report directory: /home/travis/build/spring-projects/spring-data-jpa/target/surefire-reports

-------------------------------------------------------
 T E S T S
-------------------------------------------------------
Running org.springframework.data.jpa.repository.support.OpenJpaMetamodelEntityInformationIntegrationTests
Failed to instantiate [ch.qos.logback.classic.LoggerContext]
Reported exception:
java.lang.LinkageError: loader constraint violation: when resolving method "javax.xml.parsers.SAXParser.parse(Lorg/xml/sax/InputSource;Lorg/xml/sax/helpers/DefaultHandler;)V" the class loader (instance of org/apache/openjpa/lib/util/TemporaryClassLoader) of the current class, ch/qos/logback/core/joran/event/SaxEventRecorder, and the class loader (instance of <bootloader>) for the method's defining class, javax/xml/parsers/SAXParser, have different Class objects for the type org/xml/sax/InputSource used in the signature
	at ch.qos.logback.core.joran.event.SaxEventRecorder.recordEvents(SaxEventRecorder.java:61)
	at ch.qos.logback.core.joran.GenericConfigurator.doConfigure(GenericConfigurator.java:134)
	at ch.qos.logback.core.joran.GenericConfigurator.doConfigure(GenericConfigurator.java:99)
	at ch.qos.logback.core.joran.GenericConfigurator.doConfigure(GenericConfigurator.java:49)
	at ch.qos.logback.classic.util.ContextInitializer.configureByResource(ContextInitializer.java:77)
	at ch.qos.logback.classic.util.ContextInitializer.autoConfig(ContextInitializer.java:152)
	at org.slf4j.impl.StaticLoggerBinder.init(StaticLoggerBinder.java:85)
	at org.slf4j.impl.StaticLoggerBinder.<clinit>(StaticLoggerBinder.java:55)
	at org.slf4j.LoggerFactory.bind(LoggerFactory.java:141)
	at org.slf4j.LoggerFactory.performInitialization(LoggerFactory.java:120)
	at org.slf4j.LoggerFactory.getILoggerFactory(LoggerFactory.java:331)
	at org.slf4j.LoggerFactory.getLogger(LoggerFactory.java:283)
	at org.apache.commons.logging.impl.SLF4JLogFactory.getInstance(SLF4JLogFactory.java:155)
	at org.apache.commons.logging.impl.SLF4JLogFactory.getInstance(SLF4JLogFactory.java:132)
	at org.apache.commons.logging.LogFactory.getLog(LogFactory.java:273)
	at org.springframework.beans.factory.wiring.BeanConfigurerSupport.<init>(BeanConfigurerSupport.java:52)
	at org.springframework.beans.factory.aspectj.AnnotationBeanConfigurerAspect.<init>(AnnotationBeanConfigurerAspect.aj:50)
	at org.springframework.beans.factory.aspectj.AnnotationBeanConfigurerAspect.ajc$postClinit(AnnotationBeanConfigurerAspect.aj:1)
	at org.springframework.beans.factory.aspectj.AnnotationBeanConfigurerAspect.<clinit>(AnnotationBeanConfigurerAspect.aj:47)
	at org.springframework.data.jpa.domain.support.AuditingEntityListener.<init>(AuditingEntityListener.java:59)
	at sun.reflect.NativeConstructorAccessorImpl.newInstance0(Native Method)
	at sun.reflect.NativeConstructorAccessorImpl.newInstance(NativeConstructorAccessorImpl.java:62)
	at sun.reflect.DelegatingConstructorAccessorImpl.newInstance(DelegatingConstructorAccessorImpl.java:45)
	at java.lang.reflect.Constructor.newInstance(Constructor.java:408)
	at java.lang.Class.newInstance(Class.java:438)
	at org.apache.openjpa.lib.util.J2DoPrivHelper$11.run(J2DoPrivHelper.java:373)
	at java.security.AccessController.doPrivileged(Native Method)
	at org.apache.openjpa.event.BeanLifecycleCallbacks.newListener(BeanLifecycleCallbacks.java:66)
	at org.apache.openjpa.event.BeanLifecycleCallbacks.<init>(BeanLifecycleCallbacks.java:61)
	at org.apache.openjpa.persistence.AnnotationPersistenceMetaDataParser.parseCallbackMethods(AnnotationPersistenceMetaDataParser.java:1003)
	at org.apache.openjpa.persistence.XMLPersistenceMetaDataParser.startEntityListener(XMLPersistenceMetaDataParser.java:2058)
	at org.apache.openjpa.persistence.XMLPersistenceMetaDataParser.startSystemElement(XMLPersistenceMetaDataParser.java:654)
	at org.apache.openjpa.lib.meta.CFMetaDataParser.startElement(CFMetaDataParser.java:128)
	at org.apache.openjpa.lib.meta.XMLMetaDataParser.startElement(XMLMetaDataParser.java:498)
	at com.sun.org.apache.xerces.internal.parsers.AbstractSAXParser.startElement(AbstractSAXParser.java:509)
	at com.sun.org.apache.xerces.internal.parsers.AbstractXMLDocumentParser.emptyElement(AbstractXMLDocumentParser.java:182)
	at com.sun.org.apache.xerces.internal.impl.xs.XMLSchemaValidator.emptyElement(XMLSchemaValidator.java:780)
	at com.sun.org.apache.xerces.internal.impl.XMLNSDocumentScannerImpl.scanStartElement(XMLNSDocumentScannerImpl.java:356)
	at com.sun.org.apache.xerces.internal.impl.XMLDocumentFragmentScannerImpl$FragmentContentDriver.next(XMLDocumentFragmentScannerImpl.java:2786)
	at com.sun.org.apache.xerces.internal.impl.XMLDocumentScannerImpl.next(XMLDocumentScannerImpl.java:606)
	at com.sun.org.apache.xerces.internal.impl.XMLNSDocumentScannerImpl.next(XMLNSDocumentScannerImpl.java:117)
	at com.sun.org.apache.xerces.internal.impl.XMLDocumentFragmentScannerImpl.scanDocument(XMLDocumentFragmentScannerImpl.java:510)
	at com.sun.org.apache.xerces.internal.parsers.XML11Configuration.parse(XML11Configuration.java:848)
	at com.sun.org.apache.xerces.internal.parsers.XML11Configuration.parse(XML11Configuration.java:777)
	at com.sun.org.apache.xerces.internal.parsers.XMLParser.parse(XMLParser.java:141)
	at com.sun.org.apache.xerces.internal.parsers.AbstractSAXParser.parse(AbstractSAXParser.java:1213)
	at com.sun.org.apache.xerces.internal.jaxp.SAXParserImpl$JAXPSAXParser.parse(SAXParserImpl.java:649)
	at com.sun.org.apache.xerces.internal.jaxp.SAXParserImpl.parse(SAXParserImpl.java:333)
	at org.apache.openjpa.lib.meta.XMLMetaDataParser.parseNewResource(XMLMetaDataParser.java:423)
	at org.apache.openjpa.lib.meta.XMLMetaDataParser.parse(XMLMetaDataParser.java:346)
	at org.apache.openjpa.lib.meta.XMLMetaDataParser.parse(XMLMetaDataParser.java:323)
	at org.apache.openjpa.lib.meta.XMLMetaDataParser.parse(XMLMetaDataParser.java:296)
	at org.apache.openjpa.persistence.XMLPersistenceMetaDataParser.parse(XMLPersistenceMetaDataParser.java:406)
	at org.apache.openjpa.persistence.PersistenceMetaDataFactory.parseXML(PersistenceMetaDataFactory.java:292)
	at org.apache.openjpa.persistence.PersistenceMetaDataFactory.load(PersistenceMetaDataFactory.java:227)
	at org.apache.openjpa.meta.MetaDataRepository.getMetaDataInternal(MetaDataRepository.java:587)
	at org.apache.openjpa.meta.MetaDataRepository.getMetaDataInternal(MetaDataRepository.java:397)
	at org.apache.openjpa.meta.MetaDataRepository.getMetaData(MetaDataRepository.java:389)
	at org.apache.openjpa.enhance.PCEnhancer.<init>(PCEnhancer.java:286)
	at org.apache.openjpa.enhance.PCEnhancer.<init>(PCEnhancer.java:257)
	at org.apache.openjpa.enhance.PCClassFileTransformer.transform0(PCClassFileTransformer.java:150)
	at org.apache.openjpa.enhance.PCClassFileTransformer.transform(PCClassFileTransformer.java:127)
	at sun.instrument.TransformerManager.transform(TransformerManager.java:188)
	at sun.instrument.InstrumentationImpl.transform(InstrumentationImpl.java:428)
	at java.lang.ClassLoader.defineClass1(Native Method)
	at java.lang.ClassLoader.defineClass(ClassLoader.java:760)
	at java.security.SecureClassLoader.defineClass(SecureClassLoader.java:142)
	at java.net.URLClassLoader.defineClass(URLClassLoader.java:455)
	at java.net.URLClassLoader.access$100(URLClassLoader.java:73)
	at java.net.URLClassLoader$1.run(URLClassLoader.java:367)
	at java.net.URLClassLoader$1.run(URLClassLoader.java:361)
	at java.security.AccessController.doPrivileged(Native Method)
	at java.net.URLClassLoader.findClass(URLClassLoader.java:360)
	at java.lang.ClassLoader.loadClass(ClassLoader.java:424)
	at sun.misc.Launcher$AppClassLoader.loadClass(Launcher.java:308)
	at java.lang.ClassLoader.loadClass(ClassLoader.java:357)
	at org.springframework.data.jpa.repository.support.JpaMetamodelEntityInformationIntegrationTests.detectsIdTypeForMappedSuperclass(JpaMetamodelEntityInformationIntegrationTests.java:88)
	at org.springframework.data.jpa.repository.support.OpenJpaMetamodelEntityInformationIntegrationTests.reactivatedDetectsIdTypeForMappedSuperclass(OpenJpaMetamodelEntityInformationIntegrationTests.java:35)
	at sun.reflect.NativeMethodAccessorImpl.invoke0(Native Method)
	at sun.reflect.NativeMethodAccessorImpl.invoke(NativeMethodAccessorImpl.java:62)
	at sun.reflect.DelegatingMethodAccessorImpl.invoke(DelegatingMethodAccessorImpl.java:43)
	at java.lang.reflect.Method.invoke(Method.java:483)
	at org.junit.runners.model.FrameworkMethod$1.runReflectiveCall(FrameworkMethod.java:50)
	at org.junit.internal.runners.model.ReflectiveCallable.run(ReflectiveCallable.java:12)
	at org.junit.runners.model.FrameworkMethod.invokeExplosively(FrameworkMethod.java:47)
	at org.junit.internal.runners.statements.InvokeMethod.evaluate(InvokeMethod.java:17)
	at org.springframework.test.context.junit4.statements.RunBeforeTestMethodCallbacks.evaluate(RunBeforeTestMethodCallbacks.java:75)
	at org.springframework.test.context.junit4.statements.RunAfterTestMethodCallbacks.evaluate(RunAfterTestMethodCallbacks.java:86)
	at org.springframework.test.context.junit4.statements.SpringRepeat.evaluate(SpringRepeat.java:70)
	at org.junit.runners.ParentRunner.runLeaf(ParentRunner.java:325)
	at org.springframework.test.context.junit4.SpringJUnit4ClassRunner.runChild(SpringJUnit4ClassRunner.java:224)
	at org.springframework.test.context.junit4.SpringJUnit4ClassRunner.runChild(SpringJUnit4ClassRunner.java:83)
	at org.junit.runners.ParentRunner$3.run(ParentRunner.java:290)
	at org.junit.runners.ParentRunner$1.schedule(ParentRunner.java:71)
	at org.junit.runners.ParentRunner.runChildren(ParentRunner.java:288)
	at org.junit.runners.ParentRunner.access$000(ParentRunner.java:58)
	at org.junit.runners.ParentRunner$2.evaluate(ParentRunner.java:268)
	at org.springframework.test.context.junit4.statements.RunBeforeTestClassCallbacks.evaluate(RunBeforeTestClassCallbacks.java:61)
	at org.springframework.test.context.junit4.statements.RunAfterTestClassCallbacks.evaluate(RunAfterTestClassCallbacks.java:70)
	at org.junit.runners.ParentRunner.run(ParentRunner.java:363)
	at org.springframework.test.context.junit4.SpringJUnit4ClassRunner.run(SpringJUnit4ClassRunner.java:163)
	at org.apache.maven.surefire.junit4.JUnit4Provider.execute(JUnit4Provider.java:236)
	at org.apache.maven.surefire.junit4.JUnit4Provider.executeTestSet(JUnit4Provider.java:134)
	at org.apache.maven.surefire.junit4.JUnit4Provider.invoke(JUnit4Provider.java:113)
	at sun.reflect.NativeMethodAccessorImpl.invoke0(Native Method)
	at sun.reflect.NativeMethodAccessorImpl.invoke(NativeMethodAccessorImpl.java:62)
	at sun.reflect.DelegatingMethodAccessorImpl.invoke(DelegatingMethodAccessorImpl.java:43)
	at java.lang.reflect.Method.invoke(Method.java:483)
	at org.apache.maven.surefire.util.ReflectionUtils.invokeMethodWithArray(ReflectionUtils.java:189)
	at org.apache.maven.surefire.booter.ProviderFactory$ProviderProxy.invoke(ProviderFactory.java:165)
	at org.apache.maven.surefire.booter.ProviderFactory.invokeProvider(ProviderFactory.java:85)
	at org.apache.maven.surefire.booter.ForkedBooter.runSuitesInProcess(ForkedBooter.java:103)
	at org.apache.maven.surefire.booter.ForkedBooter.main(ForkedBooter.java:74)
2745  spring-data-jpa  WARN   [main] openjpa.Runtime - Found no persistent property in "org.springframework.data.jpa.domain.sample.CustomAbstractPersistable"
2861  spring-data-jpa  WARN   [main] openjpa.Runtime - Found no persistent property in "org.springframework.data.jpa.domain.sample.ConcreteType1"
2909  spring-data-jpa  WARN   [main] openjpa.Runtime - Found no persistent property in "org.springframework.data.jpa.domain.sample.ConcreteType2"
3173  spring-data-jpa  WARN   [main] openjpa.Runtime - Found no persistent property in "org.springframework.data.jpa.domain.sample.AnnotatedAuditableUser"
3290  spring-data-jpa  WARN   [main] openjpa.Runtime - Found no persistent property in "org.springframework.data.jpa.domain.sample.Account"
3383  spring-data-jpa  WARN   [main] openjpa.Runtime - Found no persistent property in "org.springframework.data.jpa.domain.sample.SpecialUser"
Tests run: 16, Failures: 0, Errors: 0, Skipped: 1, Time elapsed: 3.252 sec
Running org.springframework.data.jpa.repository.support.OpenJpaProxyIdAccessorTests
Tests run: 1, Failures: 0, Errors: 0, Skipped: 0, Time elapsed: 3.751 sec
Running org.springframework.data.jpa.repository.support.OpenJpaJpaRepositoryTests
Tests run: 4, Failures: 0, Errors: 0, Skipped: 0, Time elapsed: 0.752 sec
Running org.springframework.data.jpa.repository.query.OpenJpaQueryUtilsIntegrationTests
Failed to instantiate [ch.qos.logback.classic.LoggerContext]
Reported exception:
java.lang.LinkageError: loader constraint violation: when resolving method "javax.xml.parsers.SAXParser.parse(Lorg/xml/sax/InputSource;Lorg/xml/sax/helpers/DefaultHandler;)V" the class loader (instance of org/apache/openjpa/lib/util/TemporaryClassLoader) of the current class, ch/qos/logback/core/joran/event/SaxEventRecorder, and the class loader (instance of <bootloader>) for the method's defining class, javax/xml/parsers/SAXParser, have different Class objects for the type org/xml/sax/InputSource used in the signature
	at ch.qos.logback.core.joran.event.SaxEventRecorder.recordEvents(SaxEventRecorder.java:61)
	at ch.qos.logback.core.joran.GenericConfigurator.doConfigure(GenericConfigurator.java:134)
	at ch.qos.logback.core.joran.GenericConfigurator.doConfigure(GenericConfigurator.java:99)
	at ch.qos.logback.core.joran.GenericConfigurator.doConfigure(GenericConfigurator.java:49)
	at ch.qos.logback.classic.util.ContextInitializer.configureByResource(ContextInitializer.java:77)
	at ch.qos.logback.classic.util.ContextInitializer.autoConfig(ContextInitializer.java:152)
	at org.slf4j.impl.StaticLoggerBinder.init(StaticLoggerBinder.java:85)
	at org.slf4j.impl.StaticLoggerBinder.<clinit>(StaticLoggerBinder.java:55)
	at org.slf4j.LoggerFactory.bind(LoggerFactory.java:141)
	at org.slf4j.LoggerFactory.performInitialization(LoggerFactory.java:120)
	at org.slf4j.LoggerFactory.getILoggerFactory(LoggerFactory.java:331)
	at org.slf4j.LoggerFactory.getLogger(LoggerFactory.java:283)
	at org.apache.commons.logging.impl.SLF4JLogFactory.getInstance(SLF4JLogFactory.java:155)
	at org.apache.commons.logging.impl.SLF4JLogFactory.getInstance(SLF4JLogFactory.java:132)
	at org.apache.commons.logging.LogFactory.getLog(LogFactory.java:273)
	at org.springframework.beans.factory.wiring.BeanConfigurerSupport.<init>(BeanConfigurerSupport.java:52)
	at org.springframework.beans.factory.aspectj.AnnotationBeanConfigurerAspect.<init>(AnnotationBeanConfigurerAspect.aj:50)
	at org.springframework.beans.factory.aspectj.AnnotationBeanConfigurerAspect.ajc$postClinit(AnnotationBeanConfigurerAspect.aj:1)
	at org.springframework.beans.factory.aspectj.AnnotationBeanConfigurerAspect.<clinit>(AnnotationBeanConfigurerAspect.aj:47)
	at org.springframework.data.jpa.domain.support.AuditingEntityListener.<init>(AuditingEntityListener.java:59)
	at sun.reflect.NativeConstructorAccessorImpl.newInstance0(Native Method)
	at sun.reflect.NativeConstructorAccessorImpl.newInstance(NativeConstructorAccessorImpl.java:62)
	at sun.reflect.DelegatingConstructorAccessorImpl.newInstance(DelegatingConstructorAccessorImpl.java:45)
	at java.lang.reflect.Constructor.newInstance(Constructor.java:408)
	at java.lang.Class.newInstance(Class.java:438)
	at org.apache.openjpa.lib.util.J2DoPrivHelper$11.run(J2DoPrivHelper.java:373)
	at java.security.AccessController.doPrivileged(Native Method)
	at org.apache.openjpa.event.BeanLifecycleCallbacks.newListener(BeanLifecycleCallbacks.java:66)
	at org.apache.openjpa.event.BeanLifecycleCallbacks.<init>(BeanLifecycleCallbacks.java:61)
	at org.apache.openjpa.persistence.AnnotationPersistenceMetaDataParser.parseCallbackMethods(AnnotationPersistenceMetaDataParser.java:1003)
	at org.apache.openjpa.persistence.XMLPersistenceMetaDataParser.startEntityListener(XMLPersistenceMetaDataParser.java:2058)
	at org.apache.openjpa.persistence.XMLPersistenceMetaDataParser.startSystemElement(XMLPersistenceMetaDataParser.java:654)
	at org.apache.openjpa.lib.meta.CFMetaDataParser.startElement(CFMetaDataParser.java:128)
	at org.apache.openjpa.lib.meta.XMLMetaDataParser.startElement(XMLMetaDataParser.java:498)
	at com.sun.org.apache.xerces.internal.parsers.AbstractSAXParser.startElement(AbstractSAXParser.java:509)
	at com.sun.org.apache.xerces.internal.parsers.AbstractXMLDocumentParser.emptyElement(AbstractXMLDocumentParser.java:182)
	at com.sun.org.apache.xerces.internal.impl.xs.XMLSchemaValidator.emptyElement(XMLSchemaValidator.java:780)
	at com.sun.org.apache.xerces.internal.impl.XMLNSDocumentScannerImpl.scanStartElement(XMLNSDocumentScannerImpl.java:356)
	at com.sun.org.apache.xerces.internal.impl.XMLDocumentFragmentScannerImpl$FragmentContentDriver.next(XMLDocumentFragmentScannerImpl.java:2786)
	at com.sun.org.apache.xerces.internal.impl.XMLDocumentScannerImpl.next(XMLDocumentScannerImpl.java:606)
	at com.sun.org.apache.xerces.internal.impl.XMLNSDocumentScannerImpl.next(XMLNSDocumentScannerImpl.java:117)
	at com.sun.org.apache.xerces.internal.impl.XMLDocumentFragmentScannerImpl.scanDocument(XMLDocumentFragmentScannerImpl.java:510)
	at com.sun.org.apache.xerces.internal.parsers.XML11Configuration.parse(XML11Configuration.java:848)
	at com.sun.org.apache.xerces.internal.parsers.XML11Configuration.parse(XML11Configuration.java:777)
	at com.sun.org.apache.xerces.internal.parsers.XMLParser.parse(XMLParser.java:141)
	at com.sun.org.apache.xerces.internal.parsers.AbstractSAXParser.parse(AbstractSAXParser.java:1213)
	at com.sun.org.apache.xerces.internal.jaxp.SAXParserImpl$JAXPSAXParser.parse(SAXParserImpl.java:649)
	at com.sun.org.apache.xerces.internal.jaxp.SAXParserImpl.parse(SAXParserImpl.java:333)
	at org.apache.openjpa.lib.meta.XMLMetaDataParser.parseNewResource(XMLMetaDataParser.java:423)
	at org.apache.openjpa.lib.meta.XMLMetaDataParser.parse(XMLMetaDataParser.java:346)
	at org.apache.openjpa.lib.meta.XMLMetaDataParser.parse(XMLMetaDataParser.java:323)
	at org.apache.openjpa.lib.meta.XMLMetaDataParser.parse(XMLMetaDataParser.java:296)
	at org.apache.openjpa.persistence.XMLPersistenceMetaDataParser.parse(XMLPersistenceMetaDataParser.java:406)
	at org.apache.openjpa.persistence.PersistenceMetaDataFactory.parseXML(PersistenceMetaDataFactory.java:292)
	at org.apache.openjpa.persistence.PersistenceMetaDataFactory.load(PersistenceMetaDataFactory.java:227)
	at org.apache.openjpa.meta.MetaDataRepository.getMetaDataInternal(MetaDataRepository.java:587)
	at org.apache.openjpa.meta.MetaDataRepository.getMetaDataInternal(MetaDataRepository.java:397)
	at org.apache.openjpa.meta.MetaDataRepository.getMetaData(MetaDataRepository.java:389)
	at org.apache.openjpa.enhance.PCEnhancer.<init>(PCEnhancer.java:286)
	at org.apache.openjpa.enhance.PCEnhancer.<init>(PCEnhancer.java:257)
	at org.apache.openjpa.enhance.PCClassFileTransformer.transform0(PCClassFileTransformer.java:150)
	at org.apache.openjpa.enhance.PCClassFileTransformer.transform(PCClassFileTransformer.java:127)
	at sun.instrument.TransformerManager.transform(TransformerManager.java:188)
	at sun.instrument.InstrumentationImpl.transform(InstrumentationImpl.java:428)
	at java.lang.ClassLoader.defineClass1(Native Method)
	at java.lang.ClassLoader.defineClass(ClassLoader.java:760)
	at java.security.SecureClassLoader.defineClass(SecureClassLoader.java:142)
	at java.net.URLClassLoader.defineClass(URLClassLoader.java:455)
	at java.net.URLClassLoader.access$100(URLClassLoader.java:73)
	at java.net.URLClassLoader$1.run(URLClassLoader.java:367)
	at java.net.URLClassLoader$1.run(URLClassLoader.java:361)
	at java.security.AccessController.doPrivileged(Native Method)
	at java.net.URLClassLoader.findClass(URLClassLoader.java:360)
	at java.lang.ClassLoader.loadClass(ClassLoader.java:424)
	at sun.misc.Launcher$AppClassLoader.loadClass(Launcher.java:308)
	at java.lang.ClassLoader.loadClass(ClassLoader.java:357)
	at org.hibernate.util.ReflectHelper.classForName(ReflectHelper.java:165)
	at org.hibernate.ejb.Ejb3Configuration.classForName(Ejb3Configuration.java:1302)
	at org.hibernate.ejb.Ejb3Configuration.addNamedAnnotatedClasses(Ejb3Configuration.java:1374)
	at org.hibernate.ejb.Ejb3Configuration.addClassesToSessionFactory(Ejb3Configuration.java:1159)
	at org.hibernate.ejb.Ejb3Configuration.configure(Ejb3Configuration.java:1004)
	at org.hibernate.ejb.Ejb3Configuration.configure(Ejb3Configuration.java:282)
	at org.hibernate.ejb.Ejb3Configuration.configure(Ejb3Configuration.java:366)
	at org.hibernate.ejb.HibernatePersistence.createEntityManagerFactory(HibernatePersistence.java:56)
	at javax.persistence.Persistence.createEntityManagerFactory(Persistence.java:79)
	at javax.persistence.Persistence.createEntityManagerFactory(Persistence.java:54)
	at org.springframework.data.jpa.repository.query.QueryUtilsIntegrationTests.traversesPluralAttributeCorrectly(QueryUtilsIntegrationTests.java:138)
	at sun.reflect.NativeMethodAccessorImpl.invoke0(Native Method)
	at sun.reflect.NativeMethodAccessorImpl.invoke(NativeMethodAccessorImpl.java:62)
	at sun.reflect.DelegatingMethodAccessorImpl.invoke(DelegatingMethodAccessorImpl.java:43)
	at java.lang.reflect.Method.invoke(Method.java:483)
	at org.junit.runners.model.FrameworkMethod$1.runReflectiveCall(FrameworkMethod.java:50)
	at org.junit.internal.runners.model.ReflectiveCallable.run(ReflectiveCallable.java:12)
	at org.junit.runners.model.FrameworkMethod.invokeExplosively(FrameworkMethod.java:47)
	at org.junit.internal.runners.statements.InvokeMethod.evaluate(InvokeMethod.java:17)
	at org.springframework.test.context.junit4.statements.RunBeforeTestMethodCallbacks.evaluate(RunBeforeTestMethodCallbacks.java:75)
	at org.springframework.test.context.junit4.statements.RunAfterTestMethodCallbacks.evaluate(RunAfterTestMethodCallbacks.java:86)
	at org.springframework.test.context.junit4.statements.SpringRepeat.evaluate(SpringRepeat.java:70)
	at org.junit.runners.ParentRunner.runLeaf(ParentRunner.java:325)
	at org.springframework.test.context.junit4.SpringJUnit4ClassRunner.runChild(SpringJUnit4ClassRunner.java:224)
	at org.springframework.test.context.junit4.SpringJUnit4ClassRunner.runChild(SpringJUnit4ClassRunner.java:83)
	at org.junit.runners.ParentRunner$3.run(ParentRunner.java:290)
	at org.junit.runners.ParentRunner$1.schedule(ParentRunner.java:71)
	at org.junit.runners.ParentRunner.runChildren(ParentRunner.java:288)
	at org.junit.runners.ParentRunner.access$000(ParentRunner.java:58)
	at org.junit.runners.ParentRunner$2.evaluate(ParentRunner.java:268)
	at org.springframework.test.context.junit4.statements.RunBeforeTestClassCallbacks.evaluate(RunBeforeTestClassCallbacks.java:61)
	at org.springframework.test.context.junit4.statements.RunAfterTestClassCallbacks.evaluate(RunAfterTestClassCallbacks.java:70)
	at org.junit.runners.ParentRunner.run(ParentRunner.java:363)
	at org.springframework.test.context.junit4.SpringJUnit4ClassRunner.run(SpringJUnit4ClassRunner.java:163)
	at org.apache.maven.surefire.junit4.JUnit4Provider.execute(JUnit4Provider.java:236)
	at org.apache.maven.surefire.junit4.JUnit4Provider.executeTestSet(JUnit4Provider.java:134)
	at org.apache.maven.surefire.junit4.JUnit4Provider.invoke(JUnit4Provider.java:113)
	at sun.reflect.NativeMethodAccessorImpl.invoke0(Native Method)
	at sun.reflect.NativeMethodAccessorImpl.invoke(NativeMethodAccessorImpl.java:62)
	at sun.reflect.DelegatingMethodAccessorImpl.invoke(DelegatingMethodAccessorImpl.java:43)
	at java.lang.reflect.Method.invoke(Method.java:483)
	at org.apache.maven.surefire.util.ReflectionUtils.invokeMethodWithArray(ReflectionUtils.java:189)
	at org.apache.maven.surefire.booter.ProviderFactory$ProviderProxy.invoke(ProviderFactory.java:165)
	at org.apache.maven.surefire.booter.ProviderFactory.invokeProvider(ProviderFactory.java:85)
	at org.apache.maven.surefire.booter.ForkedBooter.runSuitesInProcess(ForkedBooter.java:103)
	at org.apache.maven.surefire.booter.ForkedBooter.main(ForkedBooter.java:74)
Tests run: 6, Failures: 0, Errors: 0, Skipped: 0, Time elapsed: 2.393 sec
Running org.springframework.data.jpa.repository.query.OpenJpaParameterMetadataProviderIntegrationTests
Tests run: 3, Failures: 0, Errors: 0, Skipped: 0, Time elapsed: 0.043 sec
Running org.springframework.data.jpa.repository.OpenJpaStoredProcedureIntegrationTests
Tests run: 1, Failures: 0, Errors: 0, Skipped: 1, Time elapsed: 0.001 sec
Running org.springframework.data.jpa.repository.OpenJpaUserRepositoryFinderTests
Tests run: 12, Failures: 0, Errors: 0, Skipped: 0, Time elapsed: 4.418 sec
Running org.springframework.data.jpa.repository.OpenJpaEntityGraphRepositoryMethodsIntegrationTests
Tests run: 4, Failures: 0, Errors: 0, Skipped: 4, Time elapsed: 3.701 sec
Running org.springframework.data.jpa.repository.OpenJpaParentRepositoryIntegrationTests
Tests run: 2, Failures: 0, Errors: 0, Skipped: 0, Time elapsed: 0.062 sec
Running org.springframework.data.jpa.repository.OpenJpaNamespaceUserRepositoryTests
Tests run: 136, Failures: 0, Errors: 0, Skipped: 3, Time elapsed: 5.663 sec
Running org.springframework.data.jpa.infrastructure.OpenJpaMetamodelIntegrationTests
Tests run: 3, Failures: 0, Errors: 0, Skipped: 1, Time elapsed: 0.035 sec

Results :

Tests run: 188, Failures: 0, Errors: 0, Skipped: 10

[INFO] ------------------------------------------------------------------------
[INFO] BUILD SUCCESS
[INFO] ------------------------------------------------------------------------
[INFO] Total time: 03:14 min
[INFO] Finished at: 2015-11-16T17:28:53+00:00
[INFO] Final Memory: 36M/414M
[INFO] ------------------------------------------------------------------------
travis_time:end:005d8166:start=1447694737074668916,finish=1447694933936608205,duration=196861939289[0K
[32;1mThe command "mvn clean dependency:list test -P${PROFILE} -Dsort" exited with 0.[0m
travis_fold:start:cache.2[0Kstore build cache
travis_time:start:051b48d7[0Ktravis_time:end:051b48d7:start=1447694933941358477,finish=1447694933945026352,duration=3667875[0Ktravis_time:start:3242dd18[0Kchange detected:
/home/travis/.m2/repository/com/mysema/codegen/codegen/0.6.8/codegen-0.6.8.jar
/home/travis/.m2/repository/com/mysema/codegen/codegen/0.6.8/codegen-0.6.8.jar.sha1
/home/travis/.m2/repository/com/mysema/codegen/codegen/0.6.8/codegen-0.6.8.pom
/home/travis/.m2/repository/com/mysema/codegen/codegen/0.6.8/codegen-0.6.8.pom.sha1
/home/travis/.m2/repository/com/mysema/codegen/codegen/0.6.8/_remote.repositories
/home/travis/.m2/repository/com/querydsl/querydsl-apt/4.0.6/querydsl-apt-4.0.6.jar
/home/travis/.m2/repository/com/querydsl/querydsl-apt/4.0.6/querydsl-apt-4.0.6.jar.sha1
/home/travis/.m2/repository/com/querydsl/querydsl-apt/4.0.6/querydsl-apt-4.0.6.pom
/home/travis/.m2/repository/com/querydsl/querydsl-apt/4.0.6/querydsl-apt-4.0.6.pom.sha1
/home/travis/.m2/repository/com/querydsl/querydsl-apt/4.0.6/_remote.repositories
/home/travis/.m2/repository/com/querydsl/querydsl-codegen/4.0.6/querydsl-codegen-4.0.6.jar
/home/travis/.m2/repository/com/querydsl/querydsl-codegen/4.0.6/querydsl-codege
...
changes detected, packing new archive
.
.
uploading archive
travis_time:end:3242dd18:start=1447694933949486081,finish=1447694957987981675,duration=24038495594[0Ktravis_fold:end:cache.2[0K
Done. Your build exited with 0.
