Using worker: worker-linux-docker-78690b81.prod.travis-ci.org:travis-linux-1

travis_fold:start:system_info[0K[33;1mBuild system information[0m
Build language: java
Build group: stable
Build dist: precise
[34m[1mBuild image provisioning date and time[0m
Thu Feb  5 15:09:33 UTC 2015
[34m[1mOperating System Details[0m
Distributor ID:	Ubuntu
Description:	Ubuntu 12.04.5 LTS
Release:	12.04
Codename:	precise
[34m[1mLinux Version[0m
3.13.0-29-generic
[34m[1mCookbooks Version[0m
a68419e https://github.com/travis-ci/travis-cookbooks/tree/a68419e
[34m[1mGCC version[0m
gcc (Ubuntu/Linaro 4.6.3-1ubuntu5) 4.6.3
Copyright (C) 2011 Free Software Foundation, Inc.
This is free software; see the source for copying conditions.  There is NO
warranty; not even for MERCHANTABILITY or FITNESS FOR A PARTICULAR PURPOSE.

[34m[1mLLVM version[0m
clang version 3.4 (tags/RELEASE_34/final)
Target: x86_64-unknown-linux-gnu
Thread model: posix
[34m[1mPre-installed Ruby versions[0m
ruby-1.9.3-p551
[34m[1mPre-installed Node.js versions[0m
v0.10.36
[34m[1mPre-installed Go versions[0m
1.4.1
[34m[1mRedis version[0m
redis-server 2.8.19
[34m[1mriak version[0m
2.0.2
[34m[1mMongoDB version[0m
MongoDB 2.4.12
[34m[1mCouchDB version[0m
couchdb 1.6.1
[34m[1mNeo4j version[0m
1.9.4
[34m[1mRabbitMQ Version[0m
3.4.3
[34m[1mElasticSearch version[0m
1.4.0
[34m[1mInstalled Sphinx versions[0m
2.0.10
2.1.9
2.2.6
[34m[1mDefault Sphinx version[0m
2.2.6
[34m[1mInstalled Firefox version[0m
firefox 31.0esr
[34m[1mPhantomJS version[0m
1.9.8
[34m[1mant -version[0m
Apache Ant(TM) version 1.8.2 compiled on December 3 2011
[34m[1mmvn -version[0m
Apache Maven 3.2.5 (12a6b3acb947671f09b81f49094c53f426d8cea1; 2014-12-14T17:29:23+00:00)
Maven home: /usr/local/maven
Java version: 1.7.0_76, vendor: Oracle Corporation
Java home: /usr/lib/jvm/java-7-oracle/jre
Default locale: en_US, platform encoding: ANSI_X3.4-1968
OS name: "linux", version: "3.13.0-29-generic", arch: "amd64", family: "unix"
travis_fold:end:system_info[0K
travis_fold:start:git.checkout[0Ktravis_time:start:10166daa[0K$ git clone --depth=50 --branch=master https://github.com/checkstyle/checkstyle.git checkstyle/checkstyle
Cloning into 'checkstyle/checkstyle'...
remote: Counting objects: 2230, done.[K
remote: Compressing objects:   0% (1/1571)   [Kremote: Compressing objects:   1% (16/1571)   [Kremote: Compressing objects:   2% (32/1571)   [Kremote: Compressing objects:   3% (48/1571)   [Kremote: Compressing objects:   4% (63/1571)   [Kremote: Compressing objects:   5% (79/1571)   [Kremote: Compressing objects:   6% (95/1571)   [Kremote: Compressing objects:   7% (110/1571)   [Kremote: Compressing objects:   8% (126/1571)   [Kremote: Compressing objects:   9% (142/1571)   [Kremote: Compressing objects:  10% (158/1571)   [Kremote: Compressing objects:  11% (173/1571)   [Kremote: Compressing objects:  12% (189/1571)   [Kremote: Compressing objects:  13% (205/1571)   [Kremote: Compressing objects:  14% (220/1571)   [Kremote: Compressing objects:  15% (236/1571)   [Kremote: Compressing objects:  16% (252/1571)   [Kremote: Compressing objects:  17% (268/1571)   [Kremote: Compressing objects:  18% (283/1571)   [Kremote: Compressing objects:  19% (299/1571)   [Kremote: Compressing objects:  20% (315/1571)   [Kremote: Compressing objects:  21% (330/1571)   [Kremote: Compressing objects:  22% (346/1571)   [Kremote: Compressing objects:  23% (362/1571)   [Kremote: Compressing objects:  24% (378/1571)   [Kremote: Compressing objects:  25% (393/1571)   [Kremote: Compressing objects:  26% (409/1571)   [Kremote: Compressing objects:  27% (425/1571)   [Kremote: Compressing objects:  28% (440/1571)   [Kremote: Compressing objects:  29% (456/1571)   [Kremote: Compressing objects:  30% (472/1571)   [Kremote: Compressing objects:  31% (488/1571)   [Kremote: Compressing objects:  32% (503/1571)   [Kremote: Compressing objects:  33% (519/1571)   [Kremote: Compressing objects:  34% (535/1571)   [Kremote: Compressing objects:  35% (550/1571)   [Kremote: Compressing objects:  36% (566/1571)   [Kremote: Compressing objects:  37% (582/1571)   [Kremote: Compressing objects:  38% (597/1571)   [Kremote: Compressing objects:  39% (613/1571)   [Kremote: Compressing objects:  40% (629/1571)   [Kremote: Compressing objects:  41% (645/1571)   [Kremote: Compressing objects:  42% (660/1571)   [Kremote: Compressing objects:  43% (676/1571)   [Kremote: Compressing objects:  44% (692/1571)   [Kremote: Compressing objects:  45% (707/1571)   [Kremote: Compressing objects:  46% (723/1571)   [Kremote: Compressing objects:  47% (739/1571)   [Kremote: Compressing objects:  48% (755/1571)   [Kremote: Compressing objects:  49% (770/1571)   [Kremote: Compressing objects:  50% (786/1571)   [Kremote: Compressing objects:  51% (802/1571)   [Kremote: Compressing objects:  52% (817/1571)   [Kremote: Compressing objects:  53% (833/1571)   [Kremote: Compressing objects:  54% (849/1571)   [Kremote: Compressing objects:  55% (865/1571)   [Kremote: Compressing objects:  56% (880/1571)   [Kremote: Compressing objects:  57% (896/1571)   [Kremote: Compressing objects:  58% (912/1571)   [Kremote: Compressing objects:  59% (927/1571)   [Kremote: Compressing objects:  60% (943/1571)   [Kremote: Compressing objects:  61% (959/1571)   [Kremote: Compressing objects:  62% (975/1571)   [Kremote: Compressing objects:  63% (990/1571)   [Kremote: Compressing objects:  64% (1006/1571)   [Kremote: Compressing objects:  65% (1022/1571)   [Kremote: Compressing objects:  66% (1037/1571)   [Kremote: Compressing objects:  67% (1053/1571)   [Kremote: Compressing objects:  68% (1069/1571)   [Kremote: Compressing objects:  69% (1084/1571)   [Kremote: Compressing objects:  70% (1100/1571)   [Kremote: Compressing objects:  71% (1116/1571)   [Kremote: Compressing objects:  72% (1132/1571)   [Kremote: Compressing objects:  73% (1147/1571)   [Kremote: Compressing objects:  74% (1163/1571)   [Kremote: Compressing objects:  75% (1179/1571)   [Kremote: Compressing objects:  76% (1194/1571)   [Kremote: Compressing objects:  77% (1210/1571)   [Kremote: Compressing objects:  78% (1226/1571)   [Kremote: Compressing objects:  79% (1242/1571)   [Kremote: Compressing objects:  80% (1257/1571)   [Kremote: Compressing objects:  81% (1273/1571)   [Kremote: Compressing objects:  82% (1289/1571)   [Kremote: Compressing objects:  83% (1304/1571)   [Kremote: Compressing objects:  84% (1320/1571)   [Kremote: Compressing objects:  85% (1336/1571)   [Kremote: Compressing objects:  86% (1352/1571)   [Kremote: Compressing objects:  87% (1367/1571)   [Kremote: Compressing objects:  88% (1383/1571)   [Kremote: Compressing objects:  89% (1399/1571)   [Kremote: Compressing objects:  90% (1414/1571)   [Kremote: Compressing objects:  91% (1430/1571)   [Kremote: Compressing objects:  92% (1446/1571)   [Kremote: Compressing objects:  93% (1462/1571)   [Kremote: Compressing objects:  94% (1477/1571)   [Kremote: Compressing objects:  95% (1493/1571)   [Kremote: Compressing objects:  96% (1509/1571)   [Kremote: Compressing objects:  97% (1524/1571)   [Kremote: Compressing objects:  98% (1540/1571)   [Kremote: Compressing objects:  99% (1556/1571)   [Kremote: Compressing objects: 100% (1571/1571)   [Kremote: Compressing objects: 100% (1571/1571), done.[K
Receiving objects:   0% (1/2230)   Receiving objects:   1% (23/2230)   Receiving objects:   2% (45/2230)   Receiving objects:   3% (67/2230)   Receiving objects:   4% (90/2230)   Receiving objects:   5% (112/2230)   Receiving objects:   6% (134/2230)   Receiving objects:   7% (157/2230)   Receiving objects:   8% (179/2230)   Receiving objects:   9% (201/2230)   Receiving objects:  10% (223/2230)   Receiving objects:  11% (246/2230)   Receiving objects:  12% (268/2230)   Receiving objects:  13% (290/2230)   Receiving objects:  14% (313/2230)   Receiving objects:  15% (335/2230)   Receiving objects:  16% (357/2230)   Receiving objects:  17% (380/2230)   Receiving objects:  18% (402/2230)   Receiving objects:  19% (424/2230)   Receiving objects:  20% (446/2230)   Receiving objects:  21% (469/2230)   Receiving objects:  22% (491/2230)   Receiving objects:  23% (513/2230)   Receiving objects:  24% (536/2230)   Receiving objects:  25% (558/2230)   Receiving objects:  26% (580/2230)   Receiving objects:  27% (603/2230)   Receiving objects:  28% (625/2230)   Receiving objects:  29% (647/2230)   Receiving objects:  30% (669/2230)   Receiving objects:  31% (692/2230)   Receiving objects:  32% (714/2230)   Receiving objects:  33% (736/2230)   Receiving objects:  34% (759/2230)   Receiving objects:  35% (781/2230)   Receiving objects:  36% (803/2230)   Receiving objects:  37% (826/2230)   Receiving objects:  38% (848/2230)   Receiving objects:  39% (870/2230)   Receiving objects:  40% (892/2230)   Receiving objects:  41% (915/2230)   Receiving objects:  42% (937/2230)   Receiving objects:  43% (959/2230)   Receiving objects:  44% (982/2230)   Receiving objects:  45% (1004/2230)   Receiving objects:  46% (1026/2230)   Receiving objects:  47% (1049/2230)   Receiving objects:  48% (1071/2230)   Receiving objects:  49% (1093/2230)   Receiving objects:  50% (1115/2230)   Receiving objects:  51% (1138/2230)   Receiving objects:  52% (1160/2230)   Receiving objects:  53% (1182/2230)   Receiving objects:  54% (1205/2230)   Receiving objects:  55% (1227/2230)   Receiving objects:  56% (1249/2230)   Receiving objects:  57% (1272/2230)   Receiving objects:  58% (1294/2230)   Receiving objects:  59% (1316/2230)   Receiving objects:  60% (1338/2230)   Receiving objects:  61% (1361/2230)   Receiving objects:  62% (1383/2230)   Receiving objects:  63% (1405/2230)   Receiving objects:  64% (1428/2230)   Receiving objects:  65% (1450/2230)   Receiving objects:  66% (1472/2230)   Receiving objects:  67% (1495/2230)   Receiving objects:  68% (1517/2230)   Receiving objects:  69% (1539/2230)   Receiving objects:  70% (1561/2230)   Receiving objects:  71% (1584/2230)   Receiving objects:  72% (1606/2230)   Receiving objects:  73% (1628/2230)   Receiving objects:  74% (1651/2230)   Receiving objects:  75% (1673/2230)   Receiving objects:  76% (1695/2230)   Receiving objects:  77% (1718/2230)   Receiving objects:  78% (1740/2230)   Receiving objects:  79% (1762/2230)   Receiving objects:  80% (1784/2230)   Receiving objects:  81% (1807/2230)   Receiving objects:  82% (1829/2230)   Receiving objects:  83% (1851/2230)   Receiving objects:  84% (1874/2230)   Receiving objects:  85% (1896/2230)   Receiving objects:  86% (1918/2230)   Receiving objects:  87% (1941/2230)   Receiving objects:  88% (1963/2230)   Receiving objects:  89% (1985/2230)   Receiving objects:  90% (2007/2230)   Receiving objects:  91% (2030/2230)   Receiving objects:  92% (2052/2230)   remote: Total 2230 (delta 897), reused 1171 (delta 515), pack-reused 0[K
Receiving objects:  93% (2074/2230)   Receiving objects:  94% (2097/2230)   Receiving objects:  95% (2119/2230)   Receiving objects:  96% (2141/2230)   Receiving objects:  97% (2164/2230)   Receiving objects:  98% (2186/2230)   Receiving objects:  99% (2208/2230)   Receiving objects: 100% (2230/2230)   Receiving objects: 100% (2230/2230), 3.45 MiB | 0 bytes/s, done.
Resolving deltas:   0% (0/897)   Resolving deltas:   5% (49/897)   Resolving deltas:   6% (57/897)   Resolving deltas:   9% (88/897)   Resolving deltas:  13% (120/897)   Resolving deltas:  14% (129/897)   Resolving deltas:  15% (136/897)   Resolving deltas:  27% (246/897)   Resolving deltas:  31% (281/897)   Resolving deltas:  32% (288/897)   Resolving deltas:  33% (297/897)   Resolving deltas:  34% (306/897)   Resolving deltas:  36% (326/897)   Resolving deltas:  37% (332/897)   Resolving deltas:  38% (342/897)   Resolving deltas:  39% (353/897)   Resolving deltas:  40% (366/897)   Resolving deltas:  41% (369/897)   Resolving deltas:  42% (377/897)   Resolving deltas:  45% (405/897)   Resolving deltas:  46% (413/897)   Resolving deltas:  47% (422/897)   Resolving deltas:  48% (431/897)   Resolving deltas:  49% (442/897)   Resolving deltas:  50% (455/897)   Resolving deltas:  51% (459/897)   Resolving deltas:  52% (468/897)   Resolving deltas:  53% (479/897)   Resolving deltas:  54% (485/897)   Resolving deltas:  59% (533/897)   Resolving deltas:  60% (545/897)   Resolving deltas:  61% (548/897)   Resolving deltas:  62% (557/897)   Resolving deltas:  64% (575/897)   Resolving deltas:  65% (584/897)   Resolving deltas:  66% (593/897)   Resolving deltas:  67% (603/897)   Resolving deltas:  68% (610/897)   Resolving deltas:  69% (625/897)   Resolving deltas:  70% (630/897)   Resolving deltas:  71% (639/897)   Resolving deltas:  72% (653/897)   Resolving deltas:  73% (657/897)   Resolving deltas:  75% (678/897)   Resolving deltas:  76% (683/897)   Resolving deltas:  78% (701/897)   Resolving deltas:  79% (709/897)   Resolving deltas:  80% (725/897)   Resolving deltas:  81% (727/897)   Resolving deltas:  82% (739/897)   Resolving deltas:  83% (746/897)   Resolving deltas:  84% (756/897)   Resolving deltas:  85% (765/897)   Resolving deltas:  86% (772/897)   Resolving deltas:  87% (781/897)   Resolving deltas:  88% (791/897)   Resolving deltas:  89% (799/897)   Resolving deltas:  90% (809/897)   Resolving deltas:  93% (837/897)   Resolving deltas:  94% (844/897)   Resolving deltas:  95% (853/897)   Resolving deltas:  96% (862/897)   Resolving deltas:  97% (871/897)   Resolving deltas:  98% (881/897)   Resolving deltas:  99% (890/897)   Resolving deltas: 100% (897/897)   Resolving deltas: 100% (897/897), done.
Checking connectivity... done.
travis_time:end:10166daa:start=1450453451423828022,finish=1450453452574173086,duration=1150345064[0K$ cd checkstyle/checkstyle
$ git checkout -qf c0a664c25194ef7be3b59ce200a9fcd88fbc5c2d
travis_fold:end:git.checkout[0K
[33;1mThis job is running on container-based infrastructure, which does not allow use of 'sudo', setuid and setguid executables.[0m
[33;1mIf you require sudo, add 'sudo: required' to your .travis.yml[0m
[33;1mSee http://docs.travis-ci.com/user/workers/container-based-infrastructure/ for details.[0m

[33;1mSetting environment variables from repository settings[0m
$ export CI_DEPLOY_USERNAME=[secure]
$ export CI_DEPLOY_PASSWORD=[secure]
$ export GITHUB_AUTH_TOKEN=[secure]

[33;1mSetting environment variables from .travis.yml[0m
$ export DESC="tests and deploy"
$ export CMD="mvn clean integration-test failsafe:verify"
$ export COVERAGE_CMD=""
$ export DEPLOY="true"

travis_fold:start:cache.1[0KSetting up build cache
$ export CASHER_DIR=$HOME/.casher
travis_time:start:066b05c8[0K$ Installing caching utilities
travis_time:end:066b05c8:start=1450453454277378840,finish=1450453454325225366,duration=47846526[0Ktravis_time:start:11efce8a[0Ktravis_time:end:11efce8a:start=1450453454329361196,finish=1450453454332163402,duration=2802206[0Ktravis_time:start:137b88c7[0K[32;1mattempting to download cache archive[0m
[32;1mfetching master/cache--jdk-oraclejdk8.tgz[0m
[32;1mfound cache[0m
travis_time:end:137b88c7:start=1450453454335577854,finish=1450453456724511571,duration=2388933717[0Ktravis_time:start:04fb4713[0Ktravis_time:end:04fb4713:start=1450453456728836397,finish=1450453456732454305,duration=3617908[0Ktravis_time:start:0e81ee7c[0K[32;1madding /home/travis/.m2 to cache[0m
travis_time:end:0e81ee7c:start=1450453456736587571,finish=1450453459547327289,duration=2810739718[0Ktravis_fold:end:cache.1[0K$ jdk_switcher use oraclejdk8
Switching to Oracle JDK8 (java-8-oracle), JAVA_HOME will be set to /usr/lib/jvm/java-8-oracle
$ java -Xmx32m -version
java version "1.8.0_31"
Java(TM) SE Runtime Environment (build 1.8.0_31-b13)
Java HotSpot(TM) 64-Bit Server VM (build 25.31-b07, mixed mode)
$ javac -J-Xmx32m -version
javac 1.8.0_31
travis_fold:start:install[0Ktravis_time:start:1d9729fe[0K$ 
travis_time:end:1d9729fe:start=1450453459954597952,finish=1450453459957624371,duration=3026419[0Ktravis_fold:end:install[0Ktravis_time:start:0ff23d70[0K$ eval $CMD
Java HotSpot(TM) 64-Bit Server VM warning: ignoring option MaxPermSize=192m; support was removed in 8.0
[INFO] Scanning for projects...
[INFO]                                                                         
[INFO] ------------------------------------------------------------------------
[INFO] Building checkstyle 6.14-SNAPSHOT
[INFO] ------------------------------------------------------------------------
Downloading: https://nexus.codehaus.org/snapshots/junit/junit-dep/maven-metadata.xml
Downloading: https://repository.apache.org/releases/junit/junit-dep/maven-metadata.xml
Downloading: https://repository.apache.org/snapshots/junit/junit-dep/maven-metadata.xml
Downloading: https://oss.sonatype.org/content/repositories/releases/junit/junit-dep/maven-metadata.xml
563/563 B               Downloaded: https://oss.sonatype.org/content/repositories/releases/junit/junit-dep/maven-metadata.xml (563 B at 1.2 KB/sec)
                        [WARNING] Could not transfer metadata junit:junit-dep/maven-metadata.xml from/to codehaus-snapshots (https://nexus.codehaus.org/snapshots/): nexus.codehaus.org: unknown error
Downloading: https://oss.sonatype.org/content/repositories/releases/commons-io/commons-io/maven-metadata.xml
Downloading: https://repository.apache.org/releases/commons-io/commons-io/maven-metadata.xml
Downloading: https://repository.apache.org/snapshots/commons-io/commons-io/maven-metadata.xml
Downloading: https://nexus.codehaus.org/snapshots/commons-io/commons-io/maven-metadata.xml
                                    350/350 B               Downloaded: https://repository.apache.org/snapshots/commons-io/commons-io/maven-metadata.xml (350 B at 0.6 KB/sec)
[WARNING] Could not transfer metadata commons-io:commons-io/maven-metadata.xml from/to codehaus-snapshots (https://nexus.codehaus.org/snapshots/): nexus.codehaus.org
Downloading: https://repository.apache.org/snapshots/commons-io/commons-io/2.5-SNAPSHOT/maven-metadata.xml
Downloading: https://nexus.codehaus.org/snapshots/commons-io/commons-io/2.5-SNAPSHOT/maven-metadata.xml
            3/3 KB               Downloaded: https://repository.apache.org/snapshots/commons-io/commons-io/2.5-SNAPSHOT/maven-metadata.xml (3 KB at 3.7 KB/sec)
[WARNING] Could not transfer metadata commons-io:commons-io:2.5-SNAPSHOT/maven-metadata.xml from/to codehaus-snapshots (https://nexus.codehaus.org/snapshots/): nexus.codehaus.org
[WARNING] Failure to transfer commons-io:commons-io:2.5-SNAPSHOT/maven-metadata.xml from https://nexus.codehaus.org/snapshots/ was cached in the local repository, resolution will not be reattempted until the update interval of codehaus-snapshots has elapsed or updates are forced. Original error: Could not transfer metadata commons-io:commons-io:2.5-SNAPSHOT/maven-metadata.xml from/to codehaus-snapshots (https://nexus.codehaus.org/snapshots/): nexus.codehaus.org
Downloading: https://nexus.codehaus.org/snapshots/commons-io/commons-io/2.6-SNAPSHOT/maven-metadata.xml
Downloading: https://repository.apache.org/snapshots/commons-io/commons-io/2.6-SNAPSHOT/maven-metadata.xml
         3/3 KB            Downloaded: https://repository.apache.org/snapshots/commons-io/commons-io/2.6-SNAPSHOT/maven-metadata.xml (3 KB at 4.1 KB/sec)
[WARNING] Could not transfer metadata commons-io:commons-io:2.6-SNAPSHOT/maven-metadata.xml from/to codehaus-snapshots (https://nexus.codehaus.org/snapshots/): nexus.codehaus.org
[WARNING] Failure to transfer commons-io:commons-io:2.6-SNAPSHOT/maven-metadata.xml from https://nexus.codehaus.org/snapshots/ was cached in the local repository, resolution will not be reattempted until the update interval of codehaus-snapshots has elapsed or updates are forced. Original error: Could not transfer metadata commons-io:commons-io:2.6-SNAPSHOT/maven-metadata.xml from/to codehaus-snapshots (https://nexus.codehaus.org/snapshots/): nexus.codehaus.org
[INFO] 
[INFO] --- maven-clean-plugin:3.0.0:clean (default-clean) @ checkstyle ---
[INFO] 
[INFO] --- maven-enforcer-plugin:1.4.1:enforce (enforce-maven) @ checkstyle ---
[INFO] 
[INFO] --- maven-enforcer-plugin:1.4.1:enforce (enforce-versions) @ checkstyle ---
[INFO] 
[INFO] --- antlr-maven-plugin:2.2:generate (default) @ checkstyle ---
[INFO] performing grammar generation [java.g]
ANTLR Parser Generator   Version 2.7.7 (20060906)   1989-2005
/home/travis/build/checkstyle/checkstyle/src/main/resources/com/puppycrawl/tools/checkstyle/grammars/java.g:623:9: warning:nondeterminism between alts 1 and 2 of block upon
/home/travis/build/checkstyle/checkstyle/src/main/resources/com/puppycrawl/tools/checkstyle/grammars/java.g:623:9:     k==1:AT
/home/travis/build/checkstyle/checkstyle/src/main/resources/com/puppycrawl/tools/checkstyle/grammars/java.g:623:9:     k==2:IDENT
/home/travis/build/checkstyle/checkstyle/src/main/resources/com/puppycrawl/tools/checkstyle/grammars/java.g:770:16: warning:nondeterminism between alts 1 and 2 of block upon
/home/travis/build/checkstyle/checkstyle/src/main/resources/com/puppycrawl/tools/checkstyle/grammars/java.g:770:16:     k==1:AT
/home/travis/build/checkstyle/checkstyle/src/main/resources/com/puppycrawl/tools/checkstyle/grammars/java.g:770:16:     k==2:IDENT
/home/travis/build/checkstyle/checkstyle/src/main/resources/com/puppycrawl/tools/checkstyle/grammars/java.g:806:61: warning:nondeterminism between alts 1 and 2 of block upon
/home/travis/build/checkstyle/checkstyle/src/main/resources/com/puppycrawl/tools/checkstyle/grammars/java.g:806:61:     k==1:SEMI
/home/travis/build/checkstyle/checkstyle/src/main/resources/com/puppycrawl/tools/checkstyle/grammars/java.g:806:61:     k==2:"final","abstract","strictfp",SEMI,"void","boolean","byte","char","short","int","float","long","double",IDENT,"private","public","protected","static","transient","native","synchronized","volatile","class","interface",LCURLY,RCURLY,"default",LT,ENUM,AT
/home/travis/build/checkstyle/checkstyle/src/main/resources/com/puppycrawl/tools/checkstyle/grammars/java.g:695:9: warning:nondeterminism between alts 1 and 2 of block upon
/home/travis/build/checkstyle/checkstyle/src/main/resources/com/puppycrawl/tools/checkstyle/grammars/java.g:695:9:     k==1:AT
/home/travis/build/checkstyle/checkstyle/src/main/resources/com/puppycrawl/tools/checkstyle/grammars/java.g:695:9:     k==2:IDENT
/home/travis/build/checkstyle/checkstyle/src/main/resources/com/puppycrawl/tools/checkstyle/grammars/java.g:947: warning:Syntactic predicate superfluous for single alternative
/home/travis/build/checkstyle/checkstyle/src/main/resources/com/puppycrawl/tools/checkstyle/grammars/java.g:972:31: warning:nondeterminism between alts 1 and 2 of block upon
/home/travis/build/checkstyle/checkstyle/src/main/resources/com/puppycrawl/tools/checkstyle/grammars/java.g:972:31:     k==1:IDENT
/home/travis/build/checkstyle/checkstyle/src/main/resources/com/puppycrawl/tools/checkstyle/grammars/java.g:972:31:     k==2:LBRACK
/home/travis/build/checkstyle/checkstyle/src/main/resources/com/puppycrawl/tools/checkstyle/grammars/java.g:1027:43: warning:nondeterminism between alts 1 and 2 of block upon
/home/travis/build/checkstyle/checkstyle/src/main/resources/com/puppycrawl/tools/checkstyle/grammars/java.g:1027:43:     k==1:SEMI
/home/travis/build/checkstyle/checkstyle/src/main/resources/com/puppycrawl/tools/checkstyle/grammars/java.g:1027:43:     k==2:"final","abstract","strictfp",SEMI,"void","boolean","byte","char","short","int","float","long","double",IDENT,"private","public","protected","static","transient","native","synchronized","volatile","class",LCURLY,RCURLY,LPAREN,RPAREN,"this","super",COLON,"if","while","do","break","continue","return","switch","throw","for","else","case","default","try",PLUS,MINUS,INC,DEC,BNOT,LNOT,"true","false","null","new",NUM_INT,CHAR_LITERAL,STRING_LITERAL,NUM_FLOAT,NUM_LONG,NUM_DOUBLE,ASSERT,AT
/home/travis/build/checkstyle/checkstyle/src/main/resources/com/puppycrawl/tools/checkstyle/grammars/java.g:1127:9: warning:nondeterminism between alts 1 and 2 of block upon
/home/travis/build/checkstyle/checkstyle/src/main/resources/com/puppycrawl/tools/checkstyle/grammars/java.g:1127:9:     k==1:"default"
/home/travis/build/checkstyle/checkstyle/src/main/resources/com/puppycrawl/tools/checkstyle/grammars/java.g:1127:9:     k==2:"final","abstract","strictfp",SEMI,"void","boolean","byte","char","short","int","float","long","double",IDENT,"private","public","protected","static","transient","native","synchronized","volatile","class",LCURLY,RCURLY,LPAREN,RPAREN,"this","super",COLON,"if","while","do","break","continue","return","switch","throw","for","case","default","try",PLUS,MINUS,INC,DEC,BNOT,LNOT,"true","false","null","new",NUM_INT,CHAR_LITERAL,STRING_LITERAL,NUM_FLOAT,NUM_LONG,NUM_DOUBLE,ASSERT,AT
/home/travis/build/checkstyle/checkstyle/src/main/resources/com/puppycrawl/tools/checkstyle/grammars/java.g:1411:13: warning:nondeterminism between alts 1 and 4 of block upon
/home/travis/build/checkstyle/checkstyle/src/main/resources/com/puppycrawl/tools/checkstyle/grammars/java.g:1411:13:     k==1:IDENT,"this","super",LT
/home/travis/build/checkstyle/checkstyle/src/main/resources/com/puppycrawl/tools/checkstyle/grammars/java.g:1411:13:     k==2:"final","abstract","strictfp",SEMI,LBRACK,RBRACK,"void","boolean","byte","char","short","int","float","long","double",IDENT,DOT,STAR,"private","public","protected","static","transient","native","synchronized","volatile","class","interface",LCURLY,RCURLY,COMMA,LPAREN,RPAREN,"this","super",ASSIGN,COLON,"if","while","do","break","continue","return","switch","throw","for","else","case","default","try",PLUS_ASSIGN,MINUS_ASSIGN,STAR_ASSIGN,DIV_ASSIGN,MOD_ASSIGN,SR_ASSIGN,BSR_ASSIGN,SL_ASSIGN,BAND_ASSIGN,BXOR_ASSIGN,BOR_ASSIGN,QUESTION,LOR,LAND,BOR,BXOR,BAND,NOT_EQUAL,EQUAL,LT,GT,LE,GE,"instanceof",SL,SR,BSR,PLUS,MINUS,DIV,MOD,INC,DEC,BNOT,LNOT,"true","false","null","new",NUM_INT,CHAR_LITERAL,STRING_LITERAL,NUM_FLOAT,NUM_LONG,NUM_DOUBLE,ASSERT,ENUM,AT,DOUBLE_COLON
/home/travis/build/checkstyle/checkstyle/src/main/resources/com/puppycrawl/tools/checkstyle/grammars/java.g:1411:13: warning:nondeterminism between alts 2 and 4 of block upon
/home/travis/build/checkstyle/checkstyle/src/main/resources/com/puppycrawl/tools/checkstyle/grammars/java.g:1411:13:     k==1:"class"
/home/travis/build/checkstyle/checkstyle/src/main/resources/com/puppycrawl/tools/checkstyle/grammars/java.g:1411:13:     k==2:"final","abstract","strictfp",SEMI,LBRACK,RBRACK,"void","boolean","byte","char","short","int","float","long","double",IDENT,DOT,STAR,"private","public","protected","static","transient","native","synchronized","volatile","class","interface",LCURLY,RCURLY,COMMA,LPAREN,RPAREN,"this","super",ASSIGN,COLON,"if","while","do","break","continue","return","switch","throw","for","else","case","default","try",PLUS_ASSIGN,MINUS_ASSIGN,STAR_ASSIGN,DIV_ASSIGN,MOD_ASSIGN,SR_ASSIGN,BSR_ASSIGN,SL_ASSIGN,BAND_ASSIGN,BXOR_ASSIGN,BOR_ASSIGN,QUESTION,LOR,LAND,BOR,BXOR,BAND,NOT_EQUAL,EQUAL,LT,GT,LE,GE,"instanceof",SL,SR,BSR,PLUS,MINUS,DIV,MOD,INC,DEC,BNOT,LNOT,"true","false","null","new",NUM_INT,CHAR_LITERAL,STRING_LITERAL,NUM_FLOAT,NUM_LONG,NUM_DOUBLE,ASSERT,ENUM,AT,DOUBLE_COLON
/home/travis/build/checkstyle/checkstyle/src/main/resources/com/puppycrawl/tools/checkstyle/grammars/java.g:1411:13: warning:nondeterminism between alts 3 and 4 of block upon
/home/travis/build/checkstyle/checkstyle/src/main/resources/com/puppycrawl/tools/checkstyle/grammars/java.g:1411:13:     k==1:"new"
/home/travis/build/checkstyle/checkstyle/src/main/resources/com/puppycrawl/tools/checkstyle/grammars/java.g:1411:13:     k==2:"void","boolean","byte","char","short","int","float","long","double",IDENT,LT,AT
/home/travis/build/checkstyle/checkstyle/src/main/resources/com/puppycrawl/tools/checkstyle/grammars/java.g:1456:9: warning:nondeterminism between alts 1 and 3 of block upon
/home/travis/build/checkstyle/checkstyle/src/main/resources/com/puppycrawl/tools/checkstyle/grammars/java.g:1456:9:     k==1:INC
/home/travis/build/checkstyle/checkstyle/src/main/resources/com/puppycrawl/tools/checkstyle/grammars/java.g:1456:9:     k==2:"final","abstract","strictfp",SEMI,RBRACK,"void","boolean","byte","char","short","int","float","long","double",IDENT,STAR,"private","public","protected","static","transient","native","synchronized","volatile","class","interface",LCURLY,RCURLY,COMMA,LPAREN,RPAREN,"this","super",ASSIGN,COLON,"if","while","do","break","continue","return","switch","throw","for","else","case","default","try",PLUS_ASSIGN,MINUS_ASSIGN,STAR_ASSIGN,DIV_ASSIGN,MOD_ASSIGN,SR_ASSIGN,BSR_ASSIGN,SL_ASSIGN,BAND_ASSIGN,BXOR_ASSIGN,BOR_ASSIGN,QUESTION,LOR,LAND,BOR,BXOR,BAND,NOT_EQUAL,EQUAL,LT,GT,LE,GE,"instanceof",SL,SR,BSR,PLUS,MINUS,DIV,MOD,INC,DEC,BNOT,LNOT,"true","false","null","new",NUM_INT,CHAR_LITERAL,STRING_LITERAL,NUM_FLOAT,NUM_LONG,NUM_DOUBLE,ASSERT,ENUM,AT
/home/travis/build/checkstyle/checkstyle/src/main/resources/com/puppycrawl/tools/checkstyle/grammars/java.g:1456:9: warning:nondeterminism between alts 2 and 3 of block upon
/home/travis/build/checkstyle/checkstyle/src/main/resources/com/puppycrawl/tools/checkstyle/grammars/java.g:1456:9:     k==1:DEC
/home/travis/build/checkstyle/checkstyle/src/main/resources/com/puppycrawl/tools/checkstyle/grammars/java.g:1456:9:     k==2:"final","abstract","strictfp",SEMI,RBRACK,"void","boolean","byte","char","short","int","float","long","double",IDENT,STAR,"private","public","protected","static","transient","native","synchronized","volatile","class","interface",LCURLY,RCURLY,COMMA,LPAREN,RPAREN,"this","super",ASSIGN,COLON,"if","while","do","break","continue","return","switch","throw","for","else","case","default","try",PLUS_ASSIGN,MINUS_ASSIGN,STAR_ASSIGN,DIV_ASSIGN,MOD_ASSIGN,SR_ASSIGN,BSR_ASSIGN,SL_ASSIGN,BAND_ASSIGN,BXOR_ASSIGN,BOR_ASSIGN,QUESTION,LOR,LAND,BOR,BXOR,BAND,NOT_EQUAL,EQUAL,LT,GT,LE,GE,"instanceof",SL,SR,BSR,PLUS,MINUS,DIV,MOD,INC,DEC,BNOT,LNOT,"true","false","null","new",NUM_INT,CHAR_LITERAL,STRING_LITERAL,NUM_FLOAT,NUM_LONG,NUM_DOUBLE,ASSERT,ENUM,AT
/home/travis/build/checkstyle/checkstyle/src/main/resources/com/puppycrawl/tools/checkstyle/grammars/java.g:1534:36: warning:nondeterminism between alts 1 and 2 of block upon
/home/travis/build/checkstyle/checkstyle/src/main/resources/com/puppycrawl/tools/checkstyle/grammars/java.g:1534:36:     k==1:LCURLY
/home/travis/build/checkstyle/checkstyle/src/main/resources/com/puppycrawl/tools/checkstyle/grammars/java.g:1534:36:     k==2:"final","abstract","strictfp",SEMI,"void","boolean","byte","char","short","int","float","long","double",IDENT,"private","public","protected","static","transient","native","synchronized","volatile","class","interface",LCURLY,RCURLY,"default",LT,ENUM,AT
/home/travis/build/checkstyle/checkstyle/src/main/resources/com/puppycrawl/tools/checkstyle/grammars/java.g:1544:33: warning:nondeterminism between alts 1 and 2 of block upon
/home/travis/build/checkstyle/checkstyle/src/main/resources/com/puppycrawl/tools/checkstyle/grammars/java.g:1544:33:     k==1:LCURLY
/home/travis/build/checkstyle/checkstyle/src/main/resources/com/puppycrawl/tools/checkstyle/grammars/java.g:1544:33:     k==2:"void","boolean","byte","char","short","int","float","long","double",IDENT,LCURLY,RCURLY,COMMA,LPAREN,"this","super",PLUS,MINUS,INC,DEC,BNOT,LNOT,"true","false","null","new",NUM_INT,CHAR_LITERAL,STRING_LITERAL,NUM_FLOAT,NUM_LONG,NUM_DOUBLE
/home/travis/build/checkstyle/checkstyle/src/main/resources/com/puppycrawl/tools/checkstyle/grammars/java.g:1585: warning:nondeterminism between alts 2 and 3 of block upon
/home/travis/build/checkstyle/checkstyle/src/main/resources/com/puppycrawl/tools/checkstyle/grammars/java.g:1585:     k==1:LPAREN
/home/travis/build/checkstyle/checkstyle/src/main/resources/com/puppycrawl/tools/checkstyle/grammars/java.g:1585:     k==2:IDENT
/home/travis/build/checkstyle/checkstyle/src/main/resources/com/puppycrawl/tools/checkstyle/grammars/java.g:1587:17: warning:nondeterminism between alts 1 and 2 of block upon
/home/travis/build/checkstyle/checkstyle/src/main/resources/com/puppycrawl/tools/checkstyle/grammars/java.g:1587:17:     k==1:RPAREN
/home/travis/build/checkstyle/checkstyle/src/main/resources/com/puppycrawl/tools/checkstyle/grammars/java.g:1587:17:     k==2:LAMBDA

[INFO] 
[INFO] --- antlr4-maven-plugin:4.5.1-1:antlr4 (default) @ checkstyle ---
[INFO] ANTLR 4: Processing source directory /home/travis/build/checkstyle/checkstyle/src/main/resources
[INFO] Processing grammar: com/puppycrawl/tools/checkstyle/grammars/javadoc/JavadocLexer.g4
[INFO] Processing grammar: com/puppycrawl/tools/checkstyle/grammars/javadoc/JavadocParser.g4
[INFO] 
[INFO] --- build-helper-maven-plugin:1.10:add-source (add-source) @ checkstyle ---
[INFO] Source directory: /home/travis/build/checkstyle/checkstyle/target/generated-sources/antlr added.
[INFO] 
[INFO] --- maven-resources-plugin:2.7:resources (default-resources) @ checkstyle ---
[INFO] Using 'UTF-8' encoding to copy filtered resources.
[INFO] Copying 145 resources
[INFO] Copying 1 resource
[INFO] 
[INFO] --- build-helper-maven-plugin:1.10:add-test-source (add-test-source) @ checkstyle ---
[INFO] Test Source directory: /home/travis/build/checkstyle/checkstyle/src/test/resources added.
[INFO] 
[INFO] --- build-helper-maven-plugin:1.10:add-test-source (add-it-test-source) @ checkstyle ---
[INFO] Test Source directory: /home/travis/build/checkstyle/checkstyle/src/it/java added.
[INFO] 
[INFO] --- build-helper-maven-plugin:1.10:add-test-source (add-it-test-resource) @ checkstyle ---
[INFO] Test Source directory: /home/travis/build/checkstyle/checkstyle/src/it/resources added.
[INFO] 
[INFO] --- maven-compiler-plugin:3.3:compile (default-compile) @ checkstyle ---
[INFO] Changes detected - recompiling the module!
[INFO] Compiling 332 source files to /home/travis/build/checkstyle/checkstyle/target/classes
[INFO] /home/travis/build/checkstyle/checkstyle/src/main/java/com/puppycrawl/tools/checkstyle/checks/javadoc/JavadocMethodCheck.java: /home/travis/build/checkstyle/checkstyle/src/main/java/com/puppycrawl/tools/checkstyle/checks/javadoc/JavadocMethodCheck.java uses or overrides a deprecated API.
[INFO] /home/travis/build/checkstyle/checkstyle/src/main/java/com/puppycrawl/tools/checkstyle/checks/javadoc/JavadocMethodCheck.java: Recompile with -Xlint:deprecation for details.
[INFO] /home/travis/build/checkstyle/checkstyle/src/main/java/com/puppycrawl/tools/checkstyle/api/AutomaticBean.java: Some input files use unchecked or unsafe operations.
[INFO] /home/travis/build/checkstyle/checkstyle/src/main/java/com/puppycrawl/tools/checkstyle/api/AutomaticBean.java: Recompile with -Xlint:unchecked for details.
[INFO] 
[INFO] --- maven-antrun-plugin:1.8:run (ant-phase-compile) @ checkstyle ---
[INFO] Executing tasks

main:

execute:
[propertyfile] Creating new property file: /home/travis/build/checkstyle/checkstyle/target/classes/checkstylecompilation.properties
  [javadoc] Generating Javadoc
  [javadoc] Javadoc execution
  [javadoc] Loading source file /home/travis/build/checkstyle/checkstyle/src/main/java/com/puppycrawl/tools/checkstyle/api/TokenTypes.java...
  [javadoc] Constructing Javadoc information...
[INFO] Executed tasks
[INFO] 
[INFO] --- maven-resources-plugin:2.7:testResources (default-testResources) @ checkstyle ---
[INFO] Using 'UTF-8' encoding to copy filtered resources.
[INFO] Copying 538 resources
[INFO] 
[INFO] --- maven-compiler-plugin:3.3:testCompile (default-testCompile) @ checkstyle ---
[INFO] Changes detected - recompiling the module!
[INFO] Compiling 860 source files to /home/travis/build/checkstyle/checkstyle/target/test-classes
[INFO] /home/travis/build/checkstyle/checkstyle/src/test/java/com/puppycrawl/tools/checkstyle/checks/javadoc/AbstractTypeAwareCheckTest.java: /home/travis/build/checkstyle/checkstyle/src/test/java/com/puppycrawl/tools/checkstyle/checks/javadoc/AbstractTypeAwareCheckTest.java uses or overrides a deprecated API.
[INFO] /home/travis/build/checkstyle/checkstyle/src/test/java/com/puppycrawl/tools/checkstyle/checks/javadoc/AbstractTypeAwareCheckTest.java: Recompile with -Xlint:deprecation for details.
[INFO] 
[INFO] --- maven-surefire-plugin:2.19:test (default-test) @ checkstyle ---

-------------------------------------------------------
 T E S T S
-------------------------------------------------------
Java HotSpot(TM) 64-Bit Server VM warning: ignoring option UseSplitVerifier; support was removed in 8.0
Running com.puppycrawl.tools.checkstyle.api.LineColumnTest
Tests run: 4, Failures: 0, Errors: 0, Skipped: 0, Time elapsed: 0.452 sec - in com.puppycrawl.tools.checkstyle.api.LineColumnTest
Running com.puppycrawl.tools.checkstyle.api.TokenTypesTest
Tests run: 2, Failures: 0, Errors: 0, Skipped: 0, Time elapsed: 0.043 sec - in com.puppycrawl.tools.checkstyle.api.TokenTypesTest
Running com.puppycrawl.tools.checkstyle.api.DetailASTTest
Tests run: 4, Failures: 0, Errors: 0, Skipped: 0, Time elapsed: 4.101 sec - in com.puppycrawl.tools.checkstyle.api.DetailASTTest
Running com.puppycrawl.tools.checkstyle.api.AbstractViolationReporterTest
Tests run: 6, Failures: 0, Errors: 0, Skipped: 0, Time elapsed: 0.028 sec - in com.puppycrawl.tools.checkstyle.api.AbstractViolationReporterTest
Running com.puppycrawl.tools.checkstyle.api.ScopeTest
Tests run: 10, Failures: 0, Errors: 0, Skipped: 0, Time elapsed: 0.009 sec - in com.puppycrawl.tools.checkstyle.api.ScopeTest
Running com.puppycrawl.tools.checkstyle.api.LocalizedMessageTest
Tests run: 9, Failures: 0, Errors: 0, Skipped: 0, Time elapsed: 1.115 sec - in com.puppycrawl.tools.checkstyle.api.LocalizedMessageTest
Running com.puppycrawl.tools.checkstyle.api.FileContentsTest
Tests run: 3, Failures: 0, Errors: 0, Skipped: 0, Time elapsed: 0.004 sec - in com.puppycrawl.tools.checkstyle.api.FileContentsTest
Running com.puppycrawl.tools.checkstyle.api.JavadocTokenTypesTest
Tests run: 1, Failures: 0, Errors: 0, Skipped: 0, Time elapsed: 0.002 sec - in com.puppycrawl.tools.checkstyle.api.JavadocTokenTypesTest
Running com.puppycrawl.tools.checkstyle.api.FullIdentTest
Tests run: 1, Failures: 0, Errors: 0, Skipped: 0, Time elapsed: 0.015 sec - in com.puppycrawl.tools.checkstyle.api.FullIdentTest
Running com.puppycrawl.tools.checkstyle.api.AutomaticBeanTest
Tests run: 6, Failures: 0, Errors: 0, Skipped: 0, Time elapsed: 0.176 sec - in com.puppycrawl.tools.checkstyle.api.AutomaticBeanTest
Running com.puppycrawl.tools.checkstyle.api.SeverityLevelTest
Tests run: 4, Failures: 0, Errors: 0, Skipped: 0, Time elapsed: 0.003 sec - in com.puppycrawl.tools.checkstyle.api.SeverityLevelTest
Running com.puppycrawl.tools.checkstyle.api.SeverityLevelCounterTest
Tests run: 3, Failures: 0, Errors: 0, Skipped: 0, Time elapsed: 0.001 sec - in com.puppycrawl.tools.checkstyle.api.SeverityLevelCounterTest
Running com.puppycrawl.tools.checkstyle.api.CheckTest
Tests run: 3, Failures: 0, Errors: 0, Skipped: 0, Time elapsed: 0.003 sec - in com.puppycrawl.tools.checkstyle.api.CheckTest
Running com.puppycrawl.tools.checkstyle.api.FileTextTest
Tests run: 2, Failures: 0, Errors: 0, Skipped: 0, Time elapsed: 0.098 sec - in com.puppycrawl.tools.checkstyle.api.FileTextTest
Running com.puppycrawl.tools.checkstyle.checks.annotation.SuppressWarningsCheckTest
Tests run: 24, Failures: 0, Errors: 0, Skipped: 0, Time elapsed: 1.13 sec - in com.puppycrawl.tools.checkstyle.checks.annotation.SuppressWarningsCheckTest
Running com.puppycrawl.tools.checkstyle.checks.annotation.AnnotationLocationCheckTest
Tests run: 7, Failures: 0, Errors: 0, Skipped: 0, Time elapsed: 0.164 sec - in com.puppycrawl.tools.checkstyle.checks.annotation.AnnotationLocationCheckTest
Running com.puppycrawl.tools.checkstyle.checks.annotation.MissingDeprecatedCheckTest
Tests run: 7, Failures: 0, Errors: 0, Skipped: 0, Time elapsed: 0.147 sec - in com.puppycrawl.tools.checkstyle.checks.annotation.MissingDeprecatedCheckTest
Running com.puppycrawl.tools.checkstyle.checks.annotation.MissingOverrideCheckTest
Tests run: 14, Failures: 0, Errors: 0, Skipped: 0, Time elapsed: 0.134 sec - in com.puppycrawl.tools.checkstyle.checks.annotation.MissingOverrideCheckTest
Running com.puppycrawl.tools.checkstyle.checks.annotation.PackageAnnotationCheckTest
Tests run: 4, Failures: 0, Errors: 0, Skipped: 0, Time elapsed: 0.029 sec - in com.puppycrawl.tools.checkstyle.checks.annotation.PackageAnnotationCheckTest
Running com.puppycrawl.tools.checkstyle.checks.annotation.AnnotationUseStyleCheckTest
Tests run: 17, Failures: 0, Errors: 0, Skipped: 0, Time elapsed: 0.129 sec - in com.puppycrawl.tools.checkstyle.checks.annotation.AnnotationUseStyleCheckTest
Running com.puppycrawl.tools.checkstyle.checks.blocks.LeftCurlyCheckTest
Tests run: 19, Failures: 0, Errors: 0, Skipped: 0, Time elapsed: 0.159 sec - in com.puppycrawl.tools.checkstyle.checks.blocks.LeftCurlyCheckTest
Running com.puppycrawl.tools.checkstyle.checks.blocks.RightCurlyCheckTest
Tests run: 16, Failures: 0, Errors: 0, Skipped: 0, Time elapsed: 0.225 sec - in com.puppycrawl.tools.checkstyle.checks.blocks.RightCurlyCheckTest
Running com.puppycrawl.tools.checkstyle.checks.blocks.EmptyCatchBlockCheckTest
Tests run: 4, Failures: 0, Errors: 0, Skipped: 0, Time elapsed: 0.058 sec - in com.puppycrawl.tools.checkstyle.checks.blocks.EmptyCatchBlockCheckTest
Running com.puppycrawl.tools.checkstyle.checks.blocks.AvoidNestedBlocksCheckTest
Tests run: 4, Failures: 0, Errors: 0, Skipped: 0, Time elapsed: 0.022 sec - in com.puppycrawl.tools.checkstyle.checks.blocks.AvoidNestedBlocksCheckTest
Running com.puppycrawl.tools.checkstyle.checks.blocks.EmptyBlockCheckTest
Tests run: 7, Failures: 0, Errors: 0, Skipped: 0, Time elapsed: 0.064 sec - in com.puppycrawl.tools.checkstyle.checks.blocks.EmptyBlockCheckTest
Running com.puppycrawl.tools.checkstyle.checks.blocks.NeedBracesCheckTest
Tests run: 8, Failures: 0, Errors: 0, Skipped: 0, Time elapsed: 0.088 sec - in com.puppycrawl.tools.checkstyle.checks.blocks.NeedBracesCheckTest
Running com.puppycrawl.tools.checkstyle.checks.coding.FinalLocalVariableCheckTest
Tests run: 9, Failures: 0, Errors: 0, Skipped: 0, Time elapsed: 0.156 sec - in com.puppycrawl.tools.checkstyle.checks.coding.FinalLocalVariableCheckTest
Running com.puppycrawl.tools.checkstyle.checks.coding.OverloadMethodsDeclarationOrderCheckTest
Tests run: 2, Failures: 0, Errors: 0, Skipped: 0, Time elapsed: 0.023 sec - in com.puppycrawl.tools.checkstyle.checks.coding.OverloadMethodsDeclarationOrderCheckTest
Running com.puppycrawl.tools.checkstyle.checks.coding.AvoidInlineConditionalsCheckTest
Tests run: 2, Failures: 0, Errors: 0, Skipped: 0, Time elapsed: 0.007 sec - in com.puppycrawl.tools.checkstyle.checks.coding.AvoidInlineConditionalsCheckTest
Running com.puppycrawl.tools.checkstyle.checks.coding.UnnecessaryParenthesesCheckTest
Tests run: 3, Failures: 0, Errors: 0, Skipped: 0, Time elapsed: 0.051 sec - in com.puppycrawl.tools.checkstyle.checks.coding.UnnecessaryParenthesesCheckTest
Running com.puppycrawl.tools.checkstyle.checks.coding.NoFinalizerCheckTest
Tests run: 2, Failures: 0, Errors: 0, Skipped: 0, Time elapsed: 0.011 sec - in com.puppycrawl.tools.checkstyle.checks.coding.NoFinalizerCheckTest
Running com.puppycrawl.tools.checkstyle.checks.coding.MultipleVariableDeclarationsCheckTest
Tests run: 2, Failures: 0, Errors: 0, Skipped: 0, Time elapsed: 0.021 sec - in com.puppycrawl.tools.checkstyle.checks.coding.MultipleVariableDeclarationsCheckTest
Running com.puppycrawl.tools.checkstyle.checks.coding.SimplifyBooleanReturnCheckTest
Tests run: 2, Failures: 0, Errors: 0, Skipped: 0, Time elapsed: 0.014 sec - in com.puppycrawl.tools.checkstyle.checks.coding.SimplifyBooleanReturnCheckTest
Running com.puppycrawl.tools.checkstyle.checks.coding.NestedForDepthCheckTest
Tests run: 3, Failures: 0, Errors: 0, Skipped: 0, Time elapsed: 0.038 sec - in com.puppycrawl.tools.checkstyle.checks.coding.NestedForDepthCheckTest
Running com.puppycrawl.tools.checkstyle.checks.coding.PackageDeclarationCheckTest
Tests run: 4, Failures: 0, Errors: 0, Skipped: 0, Time elapsed: 0.028 sec - in com.puppycrawl.tools.checkstyle.checks.coding.PackageDeclarationCheckTest
Running com.puppycrawl.tools.checkstyle.checks.coding.MagicNumberCheckTest
Tests run: 8, Failures: 0, Errors: 0, Skipped: 0, Time elapsed: 0.204 sec - in com.puppycrawl.tools.checkstyle.checks.coding.MagicNumberCheckTest
Running com.puppycrawl.tools.checkstyle.checks.coding.ReturnCountCheckTest
Tests run: 7, Failures: 0, Errors: 0, Skipped: 0, Time elapsed: 0.053 sec - in com.puppycrawl.tools.checkstyle.checks.coding.ReturnCountCheckTest
Running com.puppycrawl.tools.checkstyle.checks.coding.HiddenFieldCheckTest
Tests run: 10, Failures: 0, Errors: 0, Skipped: 0, Time elapsed: 0.337 sec - in com.puppycrawl.tools.checkstyle.checks.coding.HiddenFieldCheckTest
Running com.puppycrawl.tools.checkstyle.checks.coding.DeclarationOrderCheckTest
Tests run: 6, Failures: 0, Errors: 0, Skipped: 0, Time elapsed: 0.129 sec - in com.puppycrawl.tools.checkstyle.checks.coding.DeclarationOrderCheckTest
Running com.puppycrawl.tools.checkstyle.checks.coding.SimplifyBooleanExpressionCheckTest
Tests run: 2, Failures: 0, Errors: 0, Skipped: 0, Time elapsed: 0.038 sec - in com.puppycrawl.tools.checkstyle.checks.coding.SimplifyBooleanExpressionCheckTest
Running com.puppycrawl.tools.checkstyle.checks.coding.DefaultComesLastCheckTest
Tests run: 3, Failures: 0, Errors: 0, Skipped: 0, Time elapsed: 0.054 sec - in com.puppycrawl.tools.checkstyle.checks.coding.DefaultComesLastCheckTest
Running com.puppycrawl.tools.checkstyle.checks.coding.EmptyStatementCheckTest
Tests run: 2, Failures: 0, Errors: 0, Skipped: 0, Time elapsed: 0.031 sec - in com.puppycrawl.tools.checkstyle.checks.coding.EmptyStatementCheckTest
Running com.puppycrawl.tools.checkstyle.checks.coding.ExplicitInitializationCheckTest
Tests run: 2, Failures: 0, Errors: 0, Skipped: 0, Time elapsed: 0.034 sec - in com.puppycrawl.tools.checkstyle.checks.coding.ExplicitInitializationCheckTest
Running com.puppycrawl.tools.checkstyle.checks.coding.MissingSwitchDefaultCheckTest
Tests run: 2, Failures: 0, Errors: 0, Skipped: 0, Time elapsed: 0.023 sec - in com.puppycrawl.tools.checkstyle.checks.coding.MissingSwitchDefaultCheckTest
Running com.puppycrawl.tools.checkstyle.checks.coding.IllegalTypeCheckTest
Tests run: 13, Failures: 0, Errors: 0, Skipped: 0, Time elapsed: 0.054 sec - in com.puppycrawl.tools.checkstyle.checks.coding.IllegalTypeCheckTest
Running com.puppycrawl.tools.checkstyle.checks.coding.NoCloneCheckTest
Tests run: 2, Failures: 0, Errors: 0, Skipped: 0, Time elapsed: 0.008 sec - in com.puppycrawl.tools.checkstyle.checks.coding.NoCloneCheckTest
Running com.puppycrawl.tools.checkstyle.checks.coding.EqualsAvoidNullCheckTest
Tests run: 3, Failures: 0, Errors: 0, Skipped: 0, Time elapsed: 0.08 sec - in com.puppycrawl.tools.checkstyle.checks.coding.EqualsAvoidNullCheckTest
Running com.puppycrawl.tools.checkstyle.checks.coding.SuperFinalizeCheckTest
Tests run: 1, Failures: 0, Errors: 0, Skipped: 0, Time elapsed: 0.021 sec - in com.puppycrawl.tools.checkstyle.checks.coding.SuperFinalizeCheckTest
Running com.puppycrawl.tools.checkstyle.checks.coding.VariableDeclarationUsageDistanceCheckTest
Tests run: 7, Failures: 0, Errors: 0, Skipped: 0, Time elapsed: 0.314 sec - in com.puppycrawl.tools.checkstyle.checks.coding.VariableDeclarationUsageDistanceCheckTest
Running com.puppycrawl.tools.checkstyle.checks.coding.NestedIfDepthCheckTest
Tests run: 3, Failures: 0, Errors: 0, Skipped: 0, Time elapsed: 0.035 sec - in com.puppycrawl.tools.checkstyle.checks.coding.NestedIfDepthCheckTest
Running com.puppycrawl.tools.checkstyle.checks.coding.IllegalTokenCheckTest
Tests run: 3, Failures: 0, Errors: 0, Skipped: 0, Time elapsed: 0.05 sec - in com.puppycrawl.tools.checkstyle.checks.coding.IllegalTokenCheckTest
Running com.puppycrawl.tools.checkstyle.checks.coding.MissingCtorCheckTest
Tests run: 2, Failures: 0, Errors: 0, Skipped: 0, Time elapsed: 0.013 sec - in com.puppycrawl.tools.checkstyle.checks.coding.MissingCtorCheckTest
Running com.puppycrawl.tools.checkstyle.checks.coding.IllegalInstantiationCheckTest
Tests run: 8, Failures: 0, Errors: 0, Skipped: 0, Time elapsed: 0.029 sec - in com.puppycrawl.tools.checkstyle.checks.coding.IllegalInstantiationCheckTest
Running com.puppycrawl.tools.checkstyle.checks.coding.ArrayTrailingCommaCheckTest
Tests run: 2, Failures: 0, Errors: 0, Skipped: 0, Time elapsed: 0.006 sec - in com.puppycrawl.tools.checkstyle.checks.coding.ArrayTrailingCommaCheckTest
Running com.puppycrawl.tools.checkstyle.checks.coding.MultipleStringLiteralsCheckTest
Tests run: 7, Failures: 0, Errors: 0, Skipped: 0, Time elapsed: 0.033 sec - in com.puppycrawl.tools.checkstyle.checks.coding.MultipleStringLiteralsCheckTest
Running com.puppycrawl.tools.checkstyle.checks.coding.NestedTryDepthCheckTest
Tests run: 3, Failures: 0, Errors: 0, Skipped: 0, Time elapsed: 0.01 sec - in com.puppycrawl.tools.checkstyle.checks.coding.NestedTryDepthCheckTest
Running com.puppycrawl.tools.checkstyle.checks.coding.InnerAssignmentCheckTest
Tests run: 3, Failures: 0, Errors: 0, Skipped: 0, Time elapsed: 0.015 sec - in com.puppycrawl.tools.checkstyle.checks.coding.InnerAssignmentCheckTest
Running com.puppycrawl.tools.checkstyle.checks.coding.FallThroughCheckTest
Tests run: 5, Failures: 0, Errors: 0, Skipped: 0, Time elapsed: 0.055 sec - in com.puppycrawl.tools.checkstyle.checks.coding.FallThroughCheckTest
Running com.puppycrawl.tools.checkstyle.checks.coding.IllegalCatchCheckTest
Tests run: 5, Failures: 0, Errors: 0, Skipped: 0, Time elapsed: 0.021 sec - in com.puppycrawl.tools.checkstyle.checks.coding.IllegalCatchCheckTest
Running com.puppycrawl.tools.checkstyle.checks.coding.CovariantEqualsCheckTest
Tests run: 2, Failures: 0, Errors: 0, Skipped: 0, Time elapsed: 0.01 sec - in com.puppycrawl.tools.checkstyle.checks.coding.CovariantEqualsCheckTest
Running com.puppycrawl.tools.checkstyle.checks.coding.ParameterAssignmentCheckTest
Tests run: 3, Failures: 0, Errors: 0, Skipped: 0, Time elapsed: 0.008 sec - in com.puppycrawl.tools.checkstyle.checks.coding.ParameterAssignmentCheckTest
Running com.puppycrawl.tools.checkstyle.checks.coding.OneStatementPerLineCheckTest
Tests run: 4, Failures: 0, Errors: 0, Skipped: 0, Time elapsed: 0.023 sec - in com.puppycrawl.tools.checkstyle.checks.coding.OneStatementPerLineCheckTest
Running com.puppycrawl.tools.checkstyle.checks.coding.SuperCloneCheckTest
Tests run: 3, Failures: 0, Errors: 0, Skipped: 0, Time elapsed: 0.015 sec - in com.puppycrawl.tools.checkstyle.checks.coding.SuperCloneCheckTest
Running com.puppycrawl.tools.checkstyle.checks.coding.ModifiedControlVariableCheckTest
Tests run: 5, Failures: 0, Errors: 0, Skipped: 0, Time elapsed: 0.03 sec - in com.puppycrawl.tools.checkstyle.checks.coding.ModifiedControlVariableCheckTest
Running com.puppycrawl.tools.checkstyle.checks.coding.IllegalThrowsCheckTest
Tests run: 7, Failures: 0, Errors: 0, Skipped: 0, Time elapsed: 0.039 sec - in com.puppycrawl.tools.checkstyle.checks.coding.IllegalThrowsCheckTest
Running com.puppycrawl.tools.checkstyle.checks.coding.IllegalTokenTextCheckTest
Tests run: 5, Failures: 0, Errors: 0, Skipped: 0, Time elapsed: 0.033 sec - in com.puppycrawl.tools.checkstyle.checks.coding.IllegalTokenTextCheckTest
Running com.puppycrawl.tools.checkstyle.checks.coding.RequireThisCheckTest
Tests run: 8, Failures: 0, Errors: 0, Skipped: 0, Time elapsed: 0.052 sec - in com.puppycrawl.tools.checkstyle.checks.coding.RequireThisCheckTest
Running com.puppycrawl.tools.checkstyle.checks.coding.EqualsHashCodeCheckTest
Tests run: 3, Failures: 0, Errors: 0, Skipped: 0, Time elapsed: 0.015 sec - in com.puppycrawl.tools.checkstyle.checks.coding.EqualsHashCodeCheckTest
Running com.puppycrawl.tools.checkstyle.checks.coding.StringLiteralEqualityCheckTest
Tests run: 2, Failures: 0, Errors: 0, Skipped: 0, Time elapsed: 0.008 sec - in com.puppycrawl.tools.checkstyle.checks.coding.StringLiteralEqualityCheckTest
Running com.puppycrawl.tools.checkstyle.checks.design.InnerTypeLastCheckTest
Tests run: 3, Failures: 0, Errors: 0, Skipped: 0, Time elapsed: 0.011 sec - in com.puppycrawl.tools.checkstyle.checks.design.InnerTypeLastCheckTest
Running com.puppycrawl.tools.checkstyle.checks.design.ThrowsCountCheckTest
Tests run: 6, Failures: 0, Errors: 0, Skipped: 0, Time elapsed: 0.023 sec - in com.puppycrawl.tools.checkstyle.checks.design.ThrowsCountCheckTest
Running com.puppycrawl.tools.checkstyle.checks.design.InterfaceIsTypeCheckTest
Tests run: 4, Failures: 0, Errors: 0, Skipped: 0, Time elapsed: 0.018 sec - in com.puppycrawl.tools.checkstyle.checks.design.InterfaceIsTypeCheckTest
Running com.puppycrawl.tools.checkstyle.checks.design.FinalClassCheckTest
Tests run: 3, Failures: 0, Errors: 0, Skipped: 0, Time elapsed: 0.029 sec - in com.puppycrawl.tools.checkstyle.checks.design.FinalClassCheckTest
Running com.puppycrawl.tools.checkstyle.checks.design.OneTopLevelClassCheckTest
Tests run: 11, Failures: 0, Errors: 0, Skipped: 0, Time elapsed: 0.084 sec - in com.puppycrawl.tools.checkstyle.checks.design.OneTopLevelClassCheckTest
Running com.puppycrawl.tools.checkstyle.checks.design.DesignForExtensionCheckTest
Tests run: 3, Failures: 0, Errors: 0, Skipped: 0, Time elapsed: 0.006 sec - in com.puppycrawl.tools.checkstyle.checks.design.DesignForExtensionCheckTest
Running com.puppycrawl.tools.checkstyle.checks.design.MutableExceptionCheckTest
Tests run: 6, Failures: 0, Errors: 0, Skipped: 0, Time elapsed: 0.036 sec - in com.puppycrawl.tools.checkstyle.checks.design.MutableExceptionCheckTest
Running com.puppycrawl.tools.checkstyle.checks.design.HideUtilityClassConstructorCheckTest
Tests run: 12, Failures: 0, Errors: 0, Skipped: 0, Time elapsed: 0.041 sec - in com.puppycrawl.tools.checkstyle.checks.design.HideUtilityClassConstructorCheckTest
Running com.puppycrawl.tools.checkstyle.checks.design.VisibilityModifierCheckTest
Tests run: 19, Failures: 0, Errors: 0, Skipped: 0, Time elapsed: 0.234 sec - in com.puppycrawl.tools.checkstyle.checks.design.VisibilityModifierCheckTest
Running com.puppycrawl.tools.checkstyle.checks.header.HeaderCheckTest
Tests run: 10, Failures: 0, Errors: 0, Skipped: 0, Time elapsed: 3.043 sec - in com.puppycrawl.tools.checkstyle.checks.header.HeaderCheckTest
Running com.puppycrawl.tools.checkstyle.checks.header.RegexpHeaderCheckTest
Tests run: 20, Failures: 0, Errors: 0, Skipped: 0, Time elapsed: 0.378 sec - in com.puppycrawl.tools.checkstyle.checks.header.RegexpHeaderCheckTest
Running com.puppycrawl.tools.checkstyle.checks.imports.AvoidStarImportCheckTest
Tests run: 6, Failures: 0, Errors: 0, Skipped: 0, Time elapsed: 0.103 sec - in com.puppycrawl.tools.checkstyle.checks.imports.AvoidStarImportCheckTest
Running com.puppycrawl.tools.checkstyle.checks.imports.RedundantImportCheckTest
Tests run: 4, Failures: 0, Errors: 0, Skipped: 0, Time elapsed: 0.062 sec - in com.puppycrawl.tools.checkstyle.checks.imports.RedundantImportCheckTest
Running com.puppycrawl.tools.checkstyle.checks.imports.PkgControlRegExpTest
Tests run: 4, Failures: 0, Errors: 0, Skipped: 0, Time elapsed: 0.028 sec - in com.puppycrawl.tools.checkstyle.checks.imports.PkgControlRegExpTest
Running com.puppycrawl.tools.checkstyle.checks.imports.ImportControlLoaderTest
Tests run: 5, Failures: 0, Errors: 0, Skipped: 0, Time elapsed: 0.063 sec - in com.puppycrawl.tools.checkstyle.checks.imports.ImportControlLoaderTest
Running com.puppycrawl.tools.checkstyle.checks.imports.ImportOrderCheckTest
Tests run: 32, Failures: 0, Errors: 0, Skipped: 0, Time elapsed: 3.541 sec - in com.puppycrawl.tools.checkstyle.checks.imports.ImportOrderCheckTest
Running com.puppycrawl.tools.checkstyle.checks.imports.AvoidStaticImportCheckTest
Tests run: 7, Failures: 0, Errors: 0, Skipped: 0, Time elapsed: 0.049 sec - in com.puppycrawl.tools.checkstyle.checks.imports.AvoidStaticImportCheckTest
Running com.puppycrawl.tools.checkstyle.checks.imports.UnusedImportsCheckTest
Tests run: 7, Failures: 0, Errors: 0, Skipped: 0, Time elapsed: 0.068 sec - in com.puppycrawl.tools.checkstyle.checks.imports.UnusedImportsCheckTest
Running com.puppycrawl.tools.checkstyle.checks.imports.PkgControlTest
Tests run: 4, Failures: 0, Errors: 0, Skipped: 0, Time elapsed: 0.001 sec - in com.puppycrawl.tools.checkstyle.checks.imports.PkgControlTest
Running com.puppycrawl.tools.checkstyle.checks.imports.ImportControlCheckTest
Tests run: 15, Failures: 0, Errors: 0, Skipped: 0, Time elapsed: 0.559 sec - in com.puppycrawl.tools.checkstyle.checks.imports.ImportControlCheckTest
Running com.puppycrawl.tools.checkstyle.checks.imports.GuardTest
Tests run: 11, Failures: 0, Errors: 0, Skipped: 0, Time elapsed: 0.003 sec - in com.puppycrawl.tools.checkstyle.checks.imports.GuardTest
Running com.puppycrawl.tools.checkstyle.checks.imports.IllegalImportCheckTest
Tests run: 4, Failures: 0, Errors: 0, Skipped: 0, Time elapsed: 0.031 sec - in com.puppycrawl.tools.checkstyle.checks.imports.IllegalImportCheckTest
Running com.puppycrawl.tools.checkstyle.checks.imports.CustomImportOrderCheckTest
Tests run: 30, Failures: 0, Errors: 0, Skipped: 0, Time elapsed: 0.77 sec - in com.puppycrawl.tools.checkstyle.checks.imports.CustomImportOrderCheckTest
Running com.puppycrawl.tools.checkstyle.checks.indentation.NewHandlerTest
Tests run: 1, Failures: 0, Errors: 0, Skipped: 0, Time elapsed: 0.057 sec - in com.puppycrawl.tools.checkstyle.checks.indentation.NewHandlerTest
Running com.puppycrawl.tools.checkstyle.checks.indentation.CommentsIndentationCheckTest
Tests run: 8, Failures: 0, Errors: 0, Skipped: 0, Time elapsed: 0.164 sec - in com.puppycrawl.tools.checkstyle.checks.indentation.CommentsIndentationCheckTest
Running com.puppycrawl.tools.checkstyle.checks.indentation.LineSetTest
Tests run: 1, Failures: 0, Errors: 0, Skipped: 0, Time elapsed: 0.001 sec - in com.puppycrawl.tools.checkstyle.checks.indentation.LineSetTest
Running com.puppycrawl.tools.checkstyle.checks.indentation.IndentationCheckTest
Tests run: 61, Failures: 0, Errors: 0, Skipped: 0, Time elapsed: 1.653 sec - in com.puppycrawl.tools.checkstyle.checks.indentation.IndentationCheckTest
Running com.puppycrawl.tools.checkstyle.checks.javadoc.JavadocTypeCheckTest
Tests run: 24, Failures: 0, Errors: 0, Skipped: 0, Time elapsed: 0.086 sec - in com.puppycrawl.tools.checkstyle.checks.javadoc.JavadocTypeCheckTest
Running com.puppycrawl.tools.checkstyle.checks.javadoc.JavadocTagInfoTest
Tests run: 15, Failures: 0, Errors: 0, Skipped: 0, Time elapsed: 0.004 sec - in com.puppycrawl.tools.checkstyle.checks.javadoc.JavadocTagInfoTest
Running com.puppycrawl.tools.checkstyle.checks.javadoc.JavadocParagraphCheckTest
Tests run: 4, Failures: 0, Errors: 0, Skipped: 0, Time elapsed: 2.889 sec - in com.puppycrawl.tools.checkstyle.checks.javadoc.JavadocParagraphCheckTest
Running com.puppycrawl.tools.checkstyle.checks.javadoc.JavadocMethodCheckTest
Tests run: 34, Failures: 0, Errors: 0, Skipped: 0, Time elapsed: 0.383 sec - in com.puppycrawl.tools.checkstyle.checks.javadoc.JavadocMethodCheckTest
Running com.puppycrawl.tools.checkstyle.checks.javadoc.JavadocTagContinuationIndentationCheckTest
Tests run: 4, Failures: 0, Errors: 0, Skipped: 0, Time elapsed: 0.5 sec - in com.puppycrawl.tools.checkstyle.checks.javadoc.JavadocTagContinuationIndentationCheckTest
Running com.puppycrawl.tools.checkstyle.checks.javadoc.NonEmptyAtclauseDescriptionCheckTest
Tests run: 3, Failures: 0, Errors: 0, Skipped: 0, Time elapsed: 0.09 sec - in com.puppycrawl.tools.checkstyle.checks.javadoc.NonEmptyAtclauseDescriptionCheckTest
Running com.puppycrawl.tools.checkstyle.checks.javadoc.AtclauseOrderCheckTest
Tests run: 5, Failures: 0, Errors: 0, Skipped: 0, Time elapsed: 1.202 sec - in com.puppycrawl.tools.checkstyle.checks.javadoc.AtclauseOrderCheckTest
Running com.puppycrawl.tools.checkstyle.checks.javadoc.WriteTagCheckTest
Tests run: 14, Failures: 0, Errors: 0, Skipped: 0, Time elapsed: 0.086 sec - in com.puppycrawl.tools.checkstyle.checks.javadoc.WriteTagCheckTest
Running com.puppycrawl.tools.checkstyle.checks.javadoc.JavadocNodeImplTest
Tests run: 2, Failures: 0, Errors: 0, Skipped: 0, Time elapsed: 0 sec - in com.puppycrawl.tools.checkstyle.checks.javadoc.JavadocNodeImplTest
Running com.puppycrawl.tools.checkstyle.checks.javadoc.JavadocPackageCheckTest
Tests run: 7, Failures: 0, Errors: 0, Skipped: 0, Time elapsed: 0.028 sec - in com.puppycrawl.tools.checkstyle.checks.javadoc.JavadocPackageCheckTest
Running com.puppycrawl.tools.checkstyle.checks.javadoc.JavadocTagTest
Tests run: 3, Failures: 0, Errors: 0, Skipped: 0, Time elapsed: 0 sec - in com.puppycrawl.tools.checkstyle.checks.javadoc.JavadocTagTest
Running com.puppycrawl.tools.checkstyle.checks.javadoc.JavadocStyleCheckTest
Tests run: 18, Failures: 0, Errors: 0, Skipped: 0, Time elapsed: 0.176 sec - in com.puppycrawl.tools.checkstyle.checks.javadoc.JavadocStyleCheckTest
Running com.puppycrawl.tools.checkstyle.checks.javadoc.AbstractTypeAwareCheckTest
Tests run: 6, Failures: 0, Errors: 0, Skipped: 0, Time elapsed: 0.011 sec - in com.puppycrawl.tools.checkstyle.checks.javadoc.AbstractTypeAwareCheckTest
Running com.puppycrawl.tools.checkstyle.checks.javadoc.JavadocVariableCheckTest
Tests run: 12, Failures: 0, Errors: 0, Skipped: 0, Time elapsed: 0.173 sec - in com.puppycrawl.tools.checkstyle.checks.javadoc.JavadocVariableCheckTest
Running com.puppycrawl.tools.checkstyle.checks.javadoc.SummaryJavadocCheckTest
Tests run: 6, Failures: 0, Errors: 0, Skipped: 0, Time elapsed: 0.771 sec - in com.puppycrawl.tools.checkstyle.checks.javadoc.SummaryJavadocCheckTest
Running com.puppycrawl.tools.checkstyle.checks.javadoc.AbstractJavadocCheckTest
Tests run: 7, Failures: 0, Errors: 0, Skipped: 0, Time elapsed: 0.292 sec - in com.puppycrawl.tools.checkstyle.checks.javadoc.AbstractJavadocCheckTest
Running com.puppycrawl.tools.checkstyle.checks.javadoc.SingleLineJavadocCheckTest
Tests run: 4, Failures: 0, Errors: 0, Skipped: 0, Time elapsed: 0.316 sec - in com.puppycrawl.tools.checkstyle.checks.javadoc.SingleLineJavadocCheckTest
Running com.puppycrawl.tools.checkstyle.checks.metrics.BooleanExpressionComplexityCheckTest
Tests run: 4, Failures: 0, Errors: 0, Skipped: 0, Time elapsed: 0.015 sec - in com.puppycrawl.tools.checkstyle.checks.metrics.BooleanExpressionComplexityCheckTest
Running com.puppycrawl.tools.checkstyle.checks.metrics.NPathComplexityCheckTest
Tests run: 6, Failures: 0, Errors: 0, Skipped: 0, Time elapsed: 0.022 sec - in com.puppycrawl.tools.checkstyle.checks.metrics.NPathComplexityCheckTest
Running com.puppycrawl.tools.checkstyle.checks.metrics.CyclomaticComplexityCheckTest
Tests run: 5, Failures: 0, Errors: 0, Skipped: 0, Time elapsed: 0.015 sec - in com.puppycrawl.tools.checkstyle.checks.metrics.CyclomaticComplexityCheckTest
Running com.puppycrawl.tools.checkstyle.checks.metrics.JavaNCSSCheckTest
Tests run: 4, Failures: 0, Errors: 0, Skipped: 0, Time elapsed: 0.041 sec - in com.puppycrawl.tools.checkstyle.checks.metrics.JavaNCSSCheckTest
Running com.puppycrawl.tools.checkstyle.checks.metrics.ClassFanOutComplexityCheckTest
Tests run: 4, Failures: 0, Errors: 0, Skipped: 0, Time elapsed: 0.044 sec - in com.puppycrawl.tools.checkstyle.checks.metrics.ClassFanOutComplexityCheckTest
Running com.puppycrawl.tools.checkstyle.checks.metrics.ClassDataAbstractionCouplingCheckTest
Tests run: 3, Failures: 0, Errors: 0, Skipped: 0, Time elapsed: 0.024 sec - in com.puppycrawl.tools.checkstyle.checks.metrics.ClassDataAbstractionCouplingCheckTest
Running com.puppycrawl.tools.checkstyle.checks.modifier.RedundantModifierCheckTest
Tests run: 12, Failures: 0, Errors: 0, Skipped: 0, Time elapsed: 0.079 sec - in com.puppycrawl.tools.checkstyle.checks.modifier.RedundantModifierCheckTest
Running com.puppycrawl.tools.checkstyle.checks.modifier.ModifierOrderCheckTest
Tests run: 5, Failures: 0, Errors: 0, Skipped: 0, Time elapsed: 0.033 sec - in com.puppycrawl.tools.checkstyle.checks.modifier.ModifierOrderCheckTest
Running com.puppycrawl.tools.checkstyle.checks.naming.AbbreviationAsWordInNameCheckTest
Tests run: 11, Failures: 0, Errors: 0, Skipped: 0, Time elapsed: 0.23 sec - in com.puppycrawl.tools.checkstyle.checks.naming.AbbreviationAsWordInNameCheckTest
Running com.puppycrawl.tools.checkstyle.checks.naming.CatchParameterNameCheckTest
Tests run: 5, Failures: 0, Errors: 0, Skipped: 0, Time elapsed: 0.121 sec - in com.puppycrawl.tools.checkstyle.checks.naming.CatchParameterNameCheckTest
Running com.puppycrawl.tools.checkstyle.checks.naming.ConstantNameCheckTest
Tests run: 9, Failures: 0, Errors: 0, Skipped: 0, Time elapsed: 0.141 sec - in com.puppycrawl.tools.checkstyle.checks.naming.ConstantNameCheckTest
Running com.puppycrawl.tools.checkstyle.checks.naming.InterfaceTypeParameterNameCheckTest
Tests run: 3, Failures: 0, Errors: 0, Skipped: 0, Time elapsed: 0.034 sec - in com.puppycrawl.tools.checkstyle.checks.naming.InterfaceTypeParameterNameCheckTest
Running com.puppycrawl.tools.checkstyle.checks.naming.LocalVariableNameCheckTest
Tests run: 3, Failures: 0, Errors: 0, Skipped: 0, Time elapsed: 0.066 sec - in com.puppycrawl.tools.checkstyle.checks.naming.LocalVariableNameCheckTest
Running com.puppycrawl.tools.checkstyle.checks.naming.TypeNameCheckTest
Tests run: 6, Failures: 0, Errors: 0, Skipped: 0, Time elapsed: 0.071 sec - in com.puppycrawl.tools.checkstyle.checks.naming.TypeNameCheckTest
Running com.puppycrawl.tools.checkstyle.checks.naming.MethodNameCheckTest
Tests run: 8, Failures: 0, Errors: 0, Skipped: 0, Time elapsed: 0.082 sec - in com.puppycrawl.tools.checkstyle.checks.naming.MethodNameCheckTest
Running com.puppycrawl.tools.checkstyle.checks.naming.LocalFinalVariableNameCheckTest
Tests run: 5, Failures: 0, Errors: 0, Skipped: 0, Time elapsed: 0.038 sec - in com.puppycrawl.tools.checkstyle.checks.naming.LocalFinalVariableNameCheckTest
Running com.puppycrawl.tools.checkstyle.checks.naming.MethodTypeParameterNameCheckTest
Tests run: 3, Failures: 0, Errors: 0, Skipped: 0, Time elapsed: 0 sec - in com.puppycrawl.tools.checkstyle.checks.naming.MethodTypeParameterNameCheckTest
Running com.puppycrawl.tools.checkstyle.checks.naming.AbstractClassNameCheckTest
Tests run: 7, Failures: 0, Errors: 0, Skipped: 0, Time elapsed: 0.037 sec - in com.puppycrawl.tools.checkstyle.checks.naming.AbstractClassNameCheckTest
Running com.puppycrawl.tools.checkstyle.checks.naming.PackageNameCheckTest
Tests run: 4, Failures: 0, Errors: 0, Skipped: 0, Time elapsed: 0.021 sec - in com.puppycrawl.tools.checkstyle.checks.naming.PackageNameCheckTest
Running com.puppycrawl.tools.checkstyle.checks.naming.MemberNameCheckTest
Tests run: 12, Failures: 0, Errors: 0, Skipped: 0, Time elapsed: 0.159 sec - in com.puppycrawl.tools.checkstyle.checks.naming.MemberNameCheckTest
Running com.puppycrawl.tools.checkstyle.checks.naming.ClassTypeParameterNameCheckTest
Tests run: 4, Failures: 0, Errors: 0, Skipped: 0, Time elapsed: 0.034 sec - in com.puppycrawl.tools.checkstyle.checks.naming.ClassTypeParameterNameCheckTest
Running com.puppycrawl.tools.checkstyle.checks.naming.StaticVariableNameCheckTest
Tests run: 5, Failures: 0, Errors: 0, Skipped: 0, Time elapsed: 0.045 sec - in com.puppycrawl.tools.checkstyle.checks.naming.StaticVariableNameCheckTest
Running com.puppycrawl.tools.checkstyle.checks.naming.ParameterNameCheckTest
Tests run: 8, Failures: 0, Errors: 0, Skipped: 0, Time elapsed: 0.041 sec - in com.puppycrawl.tools.checkstyle.checks.naming.ParameterNameCheckTest
Running com.puppycrawl.tools.checkstyle.checks.regexp.RegexpCheckTest
Tests run: 24, Failures: 0, Errors: 0, Skipped: 0, Time elapsed: 0.12 sec - in com.puppycrawl.tools.checkstyle.checks.regexp.RegexpCheckTest
Running com.puppycrawl.tools.checkstyle.checks.regexp.RegexpSinglelineJavaCheckTest
Tests run: 19, Failures: 0, Errors: 0, Skipped: 0, Time elapsed: 0.182 sec - in com.puppycrawl.tools.checkstyle.checks.regexp.RegexpSinglelineJavaCheckTest
Running com.puppycrawl.tools.checkstyle.checks.regexp.RegexpSinglelineCheckTest
Tests run: 6, Failures: 0, Errors: 0, Skipped: 0, Time elapsed: 0.047 sec - in com.puppycrawl.tools.checkstyle.checks.regexp.RegexpSinglelineCheckTest
Running com.puppycrawl.tools.checkstyle.checks.regexp.RegexpMultilineCheckTest
Tests run: 12, Failures: 0, Errors: 0, Skipped: 0, Time elapsed: 0.126 sec - in com.puppycrawl.tools.checkstyle.checks.regexp.RegexpMultilineCheckTest
Running com.puppycrawl.tools.checkstyle.checks.sizes.MethodCountCheckTest
Tests run: 6, Failures: 0, Errors: 0, Skipped: 0, Time elapsed: 0.069 sec - in com.puppycrawl.tools.checkstyle.checks.sizes.MethodCountCheckTest
Running com.puppycrawl.tools.checkstyle.checks.sizes.ParameterNumberCheckTest
Tests run: 6, Failures: 0, Errors: 0, Skipped: 0, Time elapsed: 0.08 sec - in com.puppycrawl.tools.checkstyle.checks.sizes.ParameterNumberCheckTest
Running com.puppycrawl.tools.checkstyle.checks.sizes.AnonInnerLengthCheckTest
Tests run: 4, Failures: 0, Errors: 0, Skipped: 0, Time elapsed: 0.032 sec - in com.puppycrawl.tools.checkstyle.checks.sizes.AnonInnerLengthCheckTest
Running com.puppycrawl.tools.checkstyle.checks.sizes.MethodLengthCheckTest
Tests run: 5, Failures: 0, Errors: 0, Skipped: 0, Time elapsed: 0.039 sec - in com.puppycrawl.tools.checkstyle.checks.sizes.MethodLengthCheckTest
Running com.puppycrawl.tools.checkstyle.checks.sizes.LineLengthCheckTest
Tests run: 6, Failures: 0, Errors: 0, Skipped: 0, Time elapsed: 0.079 sec - in com.puppycrawl.tools.checkstyle.checks.sizes.LineLengthCheckTest
Running com.puppycrawl.tools.checkstyle.checks.sizes.OuterTypeNumberCheckTest
Tests run: 5, Failures: 0, Errors: 0, Skipped: 0, Time elapsed: 0.028 sec - in com.puppycrawl.tools.checkstyle.checks.sizes.OuterTypeNumberCheckTest
Running com.puppycrawl.tools.checkstyle.checks.sizes.FileLengthCheckTest
Tests run: 5, Failures: 0, Errors: 0, Skipped: 0, Time elapsed: 0.023 sec - in com.puppycrawl.tools.checkstyle.checks.sizes.FileLengthCheckTest
Running com.puppycrawl.tools.checkstyle.checks.sizes.ExecutableStatementCountCheckTest
Tests run: 8, Failures: 0, Errors: 0, Skipped: 0, Time elapsed: 0.044 sec - in com.puppycrawl.tools.checkstyle.checks.sizes.ExecutableStatementCountCheckTest
Running com.puppycrawl.tools.checkstyle.checks.whitespace.NoWhitespaceAfterCheckTest
Tests run: 8, Failures: 0, Errors: 0, Skipped: 0, Time elapsed: 0.056 sec - in com.puppycrawl.tools.checkstyle.checks.whitespace.NoWhitespaceAfterCheckTest
Running com.puppycrawl.tools.checkstyle.checks.whitespace.OperatorWrapCheckTest
Tests run: 4, Failures: 0, Errors: 0, Skipped: 0, Time elapsed: 0.031 sec - in com.puppycrawl.tools.checkstyle.checks.whitespace.OperatorWrapCheckTest
Running com.puppycrawl.tools.checkstyle.checks.whitespace.MethodParamPadCheckTest
Tests run: 7, Failures: 0, Errors: 0, Skipped: 0, Time elapsed: 0.042 sec - in com.puppycrawl.tools.checkstyle.checks.whitespace.MethodParamPadCheckTest
Running com.puppycrawl.tools.checkstyle.checks.whitespace.EmptyLineSeparatorCheckTest
Tests run: 10, Failures: 0, Errors: 0, Skipped: 0, Time elapsed: 0.026 sec - in com.puppycrawl.tools.checkstyle.checks.whitespace.EmptyLineSeparatorCheckTest
Running com.puppycrawl.tools.checkstyle.checks.whitespace.SeparatorWrapCheckTest
Tests run: 4, Failures: 0, Errors: 0, Skipped: 0, Time elapsed: 0.019 sec - in com.puppycrawl.tools.checkstyle.checks.whitespace.SeparatorWrapCheckTest
Running com.puppycrawl.tools.checkstyle.checks.whitespace.FileTabCharacterCheckTest
Tests run: 3, Failures: 0, Errors: 0, Skipped: 0, Time elapsed: 0.016 sec - in com.puppycrawl.tools.checkstyle.checks.whitespace.FileTabCharacterCheckTest
Running com.puppycrawl.tools.checkstyle.checks.whitespace.NoWhitespaceBeforeCheckTest
Tests run: 3, Failures: 0, Errors: 0, Skipped: 0, Time elapsed: 0.016 sec - in com.puppycrawl.tools.checkstyle.checks.whitespace.NoWhitespaceBeforeCheckTest
Running com.puppycrawl.tools.checkstyle.checks.whitespace.WhitespaceAroundCheckTest
Tests run: 18, Failures: 0, Errors: 0, Skipped: 0, Time elapsed: 0.219 sec - in com.puppycrawl.tools.checkstyle.checks.whitespace.WhitespaceAroundCheckTest
Running com.puppycrawl.tools.checkstyle.checks.whitespace.EmptyForIteratorPadCheckTest
Tests run: 5, Failures: 0, Errors: 0, Skipped: 0, Time elapsed: 0.051 sec - in com.puppycrawl.tools.checkstyle.checks.whitespace.EmptyForIteratorPadCheckTest
Running com.puppycrawl.tools.checkstyle.checks.whitespace.ParenPadCheckTest
Tests run: 8, Failures: 0, Errors: 0, Skipped: 0, Time elapsed: 0.229 sec - in com.puppycrawl.tools.checkstyle.checks.whitespace.ParenPadCheckTest
Running com.puppycrawl.tools.checkstyle.checks.whitespace.TypecastParenPadCheckTest
Tests run: 4, Failures: 0, Errors: 0, Skipped: 0, Time elapsed: 0.023 sec - in com.puppycrawl.tools.checkstyle.checks.whitespace.TypecastParenPadCheckTest
Running com.puppycrawl.tools.checkstyle.checks.whitespace.WhitespaceAfterCheckTest
Tests run: 7, Failures: 0, Errors: 0, Skipped: 0, Time elapsed: 0.022 sec - in com.puppycrawl.tools.checkstyle.checks.whitespace.WhitespaceAfterCheckTest
Running com.puppycrawl.tools.checkstyle.checks.whitespace.NoLineWrapCheckTest
Tests run: 3, Failures: 0, Errors: 0, Skipped: 0, Time elapsed: 0.009 sec - in com.puppycrawl.tools.checkstyle.checks.whitespace.NoLineWrapCheckTest
Running com.puppycrawl.tools.checkstyle.checks.whitespace.EmptyForInitializerPadCheckTest
Tests run: 7, Failures: 0, Errors: 0, Skipped: 0, Time elapsed: 0.013 sec - in com.puppycrawl.tools.checkstyle.checks.whitespace.EmptyForInitializerPadCheckTest
Running com.puppycrawl.tools.checkstyle.checks.whitespace.GenericWhitespaceCheckTest
Tests run: 9, Failures: 0, Errors: 0, Skipped: 0, Time elapsed: 0.023 sec - in com.puppycrawl.tools.checkstyle.checks.whitespace.GenericWhitespaceCheckTest
Running com.puppycrawl.tools.checkstyle.checks.TodoCommentCheckTest
Tests run: 3, Failures: 0, Errors: 0, Skipped: 0, Time elapsed: 0.006 sec - in com.puppycrawl.tools.checkstyle.checks.TodoCommentCheckTest
Running com.puppycrawl.tools.checkstyle.checks.FinalParametersCheckTest
Tests run: 6, Failures: 0, Errors: 0, Skipped: 0, Time elapsed: 0.023 sec - in com.puppycrawl.tools.checkstyle.checks.FinalParametersCheckTest
Running com.puppycrawl.tools.checkstyle.checks.ArrayTypeStyleCheckTest
Tests run: 4, Failures: 0, Errors: 0, Skipped: 0, Time elapsed: 0.008 sec - in com.puppycrawl.tools.checkstyle.checks.ArrayTypeStyleCheckTest
Running com.puppycrawl.tools.checkstyle.checks.UpperEllCheckTest
Tests run: 3, Failures: 0, Errors: 0, Skipped: 0, Time elapsed: 0.005 sec - in com.puppycrawl.tools.checkstyle.checks.UpperEllCheckTest
Running com.puppycrawl.tools.checkstyle.checks.ClassResolverTest
Tests run: 5, Failures: 0, Errors: 0, Skipped: 0, Time elapsed: 0.478 sec - in com.puppycrawl.tools.checkstyle.checks.ClassResolverTest
Running com.puppycrawl.tools.checkstyle.checks.AvoidEscapedUnicodeCharactersCheckTest
Tests run: 7, Failures: 0, Errors: 0, Skipped: 0, Time elapsed: 0.064 sec - in com.puppycrawl.tools.checkstyle.checks.AvoidEscapedUnicodeCharactersCheckTest
Running com.puppycrawl.tools.checkstyle.checks.SuppressWarningsHolderTest
Tests run: 16, Failures: 0, Errors: 0, Skipped: 0, Time elapsed: 1.049 sec - in com.puppycrawl.tools.checkstyle.checks.SuppressWarningsHolderTest
Running com.puppycrawl.tools.checkstyle.checks.UncommentedMainCheckTest
Tests run: 7, Failures: 0, Errors: 0, Skipped: 0, Time elapsed: 0.016 sec - in com.puppycrawl.tools.checkstyle.checks.UncommentedMainCheckTest
Running com.puppycrawl.tools.checkstyle.checks.UniquePropertiesCheckTest
Tests run: 5, Failures: 0, Errors: 0, Skipped: 0, Time elapsed: 0.01 sec - in com.puppycrawl.tools.checkstyle.checks.UniquePropertiesCheckTest
Running com.puppycrawl.tools.checkstyle.checks.DescendantTokenCheckTest
Tests run: 18, Failures: 0, Errors: 0, Skipped: 0, Time elapsed: 0.063 sec - in com.puppycrawl.tools.checkstyle.checks.DescendantTokenCheckTest
Running com.puppycrawl.tools.checkstyle.checks.TranslationCheckTest
Tests run: 10, Failures: 0, Errors: 0, Skipped: 0, Time elapsed: 0.027 sec - in com.puppycrawl.tools.checkstyle.checks.TranslationCheckTest
Running com.puppycrawl.tools.checkstyle.checks.FileSetCheckLifecycleTest
Tests run: 3, Failures: 0, Errors: 0, Skipped: 0, Time elapsed: 0.009 sec - in com.puppycrawl.tools.checkstyle.checks.FileSetCheckLifecycleTest
Running com.puppycrawl.tools.checkstyle.checks.OuterTypeFilenameCheckTest
Tests run: 9, Failures: 0, Errors: 0, Skipped: 0, Time elapsed: 0.019 sec - in com.puppycrawl.tools.checkstyle.checks.OuterTypeFilenameCheckTest
Running com.puppycrawl.tools.checkstyle.checks.TrailingCommentCheckTest
Tests run: 5, Failures: 0, Errors: 0, Skipped: 0, Time elapsed: 0.009 sec - in com.puppycrawl.tools.checkstyle.checks.TrailingCommentCheckTest
Running com.puppycrawl.tools.checkstyle.checks.NewlineAtEndOfFileCheckTest
Tests run: 10, Failures: 0, Errors: 0, Skipped: 0, Time elapsed: 0.04 sec - in com.puppycrawl.tools.checkstyle.checks.NewlineAtEndOfFileCheckTest
Running com.puppycrawl.tools.checkstyle.doclets.TokenTypesDocletTest
Tests run: 6, Failures: 0, Errors: 0, Skipped: 0, Time elapsed: 0.899 sec - in com.puppycrawl.tools.checkstyle.doclets.TokenTypesDocletTest
Running com.puppycrawl.tools.checkstyle.filters.FilterSetTest
Tests run: 7, Failures: 0, Errors: 0, Skipped: 0, Time elapsed: 0.044 sec - in com.puppycrawl.tools.checkstyle.filters.FilterSetTest
Running com.puppycrawl.tools.checkstyle.filters.SeverityMatchFilterTest
Tests run: 3, Failures: 0, Errors: 0, Skipped: 0, Time elapsed: 0.002 sec - in com.puppycrawl.tools.checkstyle.filters.SeverityMatchFilterTest
Running com.puppycrawl.tools.checkstyle.filters.SuppressElementTest
Tests run: 15, Failures: 0, Errors: 0, Skipped: 0, Time elapsed: 0.269 sec - in com.puppycrawl.tools.checkstyle.filters.SuppressElementTest
Running com.puppycrawl.tools.checkstyle.filters.SuppressionsLoaderTest
Tests run: 14, Failures: 0, Errors: 0, Skipped: 0, Time elapsed: 0.927 sec - in com.puppycrawl.tools.checkstyle.filters.SuppressionsLoaderTest
Running com.puppycrawl.tools.checkstyle.filters.SuppressionFilterTest
Tests run: 2, Failures: 0, Errors: 0, Skipped: 0, Time elapsed: 0.078 sec - in com.puppycrawl.tools.checkstyle.filters.SuppressionFilterTest
Running com.puppycrawl.tools.checkstyle.filters.IntRangeFilterTest
Tests run: 4, Failures: 0, Errors: 0, Skipped: 0, Time elapsed: 0.031 sec - in com.puppycrawl.tools.checkstyle.filters.IntRangeFilterTest
Running com.puppycrawl.tools.checkstyle.filters.IntMatchFilterTest
Tests run: 3, Failures: 0, Errors: 0, Skipped: 0, Time elapsed: 0.024 sec - in com.puppycrawl.tools.checkstyle.filters.IntMatchFilterTest
Running com.puppycrawl.tools.checkstyle.filters.SuppressionCommentFilterTest
Tests run: 15, Failures: 0, Errors: 0, Skipped: 0, Time elapsed: 0.578 sec - in com.puppycrawl.tools.checkstyle.filters.SuppressionCommentFilterTest
Running com.puppycrawl.tools.checkstyle.filters.CsvFilterTest
Tests run: 6, Failures: 0, Errors: 0, Skipped: 0, Time elapsed: 0.032 sec - in com.puppycrawl.tools.checkstyle.filters.CsvFilterTest
Running com.puppycrawl.tools.checkstyle.filters.SuppressWithNearbyCommentFilterTest
Tests run: 15, Failures: 0, Errors: 0, Skipped: 0, Time elapsed: 0.336 sec - in com.puppycrawl.tools.checkstyle.filters.SuppressWithNearbyCommentFilterTest
Running com.puppycrawl.tools.checkstyle.filters.SuppressWarningsFilterTest
Tests run: 2, Failures: 0, Errors: 0, Skipped: 0, Time elapsed: 0.041 sec - in com.puppycrawl.tools.checkstyle.filters.SuppressWarningsFilterTest
Running com.puppycrawl.tools.checkstyle.grammars.comments.AllBlockCommentsTest
Tests run: 1, Failures: 0, Errors: 0, Skipped: 0, Time elapsed: 0.009 sec - in com.puppycrawl.tools.checkstyle.grammars.comments.AllBlockCommentsTest
Running com.puppycrawl.tools.checkstyle.grammars.comments.AllSinglelineCommentsTest
Tests run: 1, Failures: 0, Errors: 0, Skipped: 0, Time elapsed: 0.01 sec - in com.puppycrawl.tools.checkstyle.grammars.comments.AllSinglelineCommentsTest
Running com.puppycrawl.tools.checkstyle.grammars.comments.CommentsTest
Tests run: 3, Failures: 0, Errors: 0, Skipped: 0, Time elapsed: 0.011 sec - in com.puppycrawl.tools.checkstyle.grammars.comments.CommentsTest
Running com.puppycrawl.tools.checkstyle.grammars.java8.DefaultMethodsTest
Tests run: 2, Failures: 0, Errors: 0, Skipped: 0, Time elapsed: 0.013 sec - in com.puppycrawl.tools.checkstyle.grammars.java8.DefaultMethodsTest
Running com.puppycrawl.tools.checkstyle.grammars.java8.LambdaTest
Tests run: 18, Failures: 0, Errors: 0, Skipped: 0, Time elapsed: 0.119 sec - in com.puppycrawl.tools.checkstyle.grammars.java8.LambdaTest
Running com.puppycrawl.tools.checkstyle.grammars.java8.AnnotationTest
Tests run: 10, Failures: 0, Errors: 0, Skipped: 0, Time elapsed: 0.044 sec - in com.puppycrawl.tools.checkstyle.grammars.java8.AnnotationTest
Running com.puppycrawl.tools.checkstyle.grammars.java8.MethodReferencesTest
Tests run: 3, Failures: 0, Errors: 0, Skipped: 0, Time elapsed: 0.007 sec - in com.puppycrawl.tools.checkstyle.grammars.java8.MethodReferencesTest
Running com.puppycrawl.tools.checkstyle.grammars.javadoc.JavadocParseTreeTest
Tests run: 22, Failures: 0, Errors: 0, Skipped: 0, Time elapsed: 0.498 sec - in com.puppycrawl.tools.checkstyle.grammars.javadoc.JavadocParseTreeTest
Running com.puppycrawl.tools.checkstyle.grammars.UnicodeEscapeTest
Tests run: 1, Failures: 0, Errors: 0, Skipped: 0, Time elapsed: 0.022 sec - in com.puppycrawl.tools.checkstyle.grammars.UnicodeEscapeTest
Running com.puppycrawl.tools.checkstyle.grammars.Java7DiamondTest
Tests run: 1, Failures: 0, Errors: 0, Skipped: 0, Time elapsed: 0.003 sec - in com.puppycrawl.tools.checkstyle.grammars.Java7DiamondTest
Running com.puppycrawl.tools.checkstyle.grammars.LineCommentAtTheEndOfFileTest
Tests run: 1, Failures: 0, Errors: 0, Skipped: 0, Time elapsed: 0.008 sec - in com.puppycrawl.tools.checkstyle.grammars.LineCommentAtTheEndOfFileTest
Running com.puppycrawl.tools.checkstyle.grammars.Java7MultiCatchTest
Tests run: 1, Failures: 0, Errors: 0, Skipped: 0, Time elapsed: 0.006 sec - in com.puppycrawl.tools.checkstyle.grammars.Java7MultiCatchTest
Running com.puppycrawl.tools.checkstyle.grammars.HexFloatsTest
Tests run: 1, Failures: 0, Errors: 0, Skipped: 0, Time elapsed: 0.006 sec - in com.puppycrawl.tools.checkstyle.grammars.HexFloatsTest
Running com.puppycrawl.tools.checkstyle.grammars.MultiDimensionalArraysInGenericsTest
Tests run: 1, Failures: 0, Errors: 0, Skipped: 0, Time elapsed: 0.006 sec - in com.puppycrawl.tools.checkstyle.grammars.MultiDimensionalArraysInGenericsTest
Running com.puppycrawl.tools.checkstyle.grammars.EmbeddedNullCharTest
Tests run: 1, Failures: 0, Errors: 0, Skipped: 0, Time elapsed: 0.003 sec - in com.puppycrawl.tools.checkstyle.grammars.EmbeddedNullCharTest
Running com.puppycrawl.tools.checkstyle.grammars.Java7NumericalLiteralsTest
Tests run: 1, Failures: 0, Errors: 0, Skipped: 0, Time elapsed: 0.012 sec - in com.puppycrawl.tools.checkstyle.grammars.Java7NumericalLiteralsTest
Running com.puppycrawl.tools.checkstyle.grammars.GeneratedJava14LexerTest
Tests run: 2, Failures: 0, Errors: 0, Skipped: 0, Time elapsed: 0.031 sec - in com.puppycrawl.tools.checkstyle.grammars.GeneratedJava14LexerTest
Running com.puppycrawl.tools.checkstyle.grammars.Java7TryWithResourcesTest
Tests run: 1, Failures: 0, Errors: 0, Skipped: 0, Time elapsed: 0.01 sec - in com.puppycrawl.tools.checkstyle.grammars.Java7TryWithResourcesTest
Running com.puppycrawl.tools.checkstyle.grammars.Java7StringSwitchTest
Tests run: 1, Failures: 0, Errors: 0, Skipped: 0, Time elapsed: 0.007 sec - in com.puppycrawl.tools.checkstyle.grammars.Java7StringSwitchTest
Running com.puppycrawl.tools.checkstyle.grammars.VarargTest
Tests run: 1, Failures: 0, Errors: 0, Skipped: 0, Time elapsed: 0.007 sec - in com.puppycrawl.tools.checkstyle.grammars.VarargTest
Running com.puppycrawl.tools.checkstyle.internal.AllChecksTest
Tests run: 7, Failures: 0, Errors: 0, Skipped: 0, Time elapsed: 4.204 sec - in com.puppycrawl.tools.checkstyle.internal.AllChecksTest
Running com.puppycrawl.tools.checkstyle.internal.CommitValidationTest
Tests run: 2, Failures: 0, Errors: 0, Skipped: 0, Time elapsed: 0.31 sec - in com.puppycrawl.tools.checkstyle.internal.CommitValidationTest
Running com.puppycrawl.tools.checkstyle.internal.XDocsPagesTest
Tests run: 4, Failures: 0, Errors: 0, Skipped: 0, Time elapsed: 5.943 sec - in com.puppycrawl.tools.checkstyle.internal.XDocsPagesTest
Running com.puppycrawl.tools.checkstyle.PropertiesExpanderTest
Tests run: 1, Failures: 0, Errors: 0, Skipped: 0, Time elapsed: 0 sec - in com.puppycrawl.tools.checkstyle.PropertiesExpanderTest
Running com.puppycrawl.tools.checkstyle.MainTest
Tests run: 27, Failures: 0, Errors: 0, Skipped: 0, Time elapsed: 0.536 sec - in com.puppycrawl.tools.checkstyle.MainTest
Running com.puppycrawl.tools.checkstyle.PackageNamesLoaderTest
Tests run: 5, Failures: 0, Errors: 0, Skipped: 0, Time elapsed: 0.045 sec - in com.puppycrawl.tools.checkstyle.PackageNamesLoaderTest
Running com.puppycrawl.tools.checkstyle.ConfigurationLoaderTest
Tests run: 24, Failures: 0, Errors: 0, Skipped: 0, Time elapsed: 0.016 sec - in com.puppycrawl.tools.checkstyle.ConfigurationLoaderTest
Running com.puppycrawl.tools.checkstyle.utils.JavadocUtilsTest
Tests run: 16, Failures: 0, Errors: 0, Skipped: 0, Time elapsed: 0.004 sec - in com.puppycrawl.tools.checkstyle.utils.JavadocUtilsTest
Running com.puppycrawl.tools.checkstyle.utils.AnnotationUtilityTest
Tests run: 10, Failures: 0, Errors: 0, Skipped: 0, Time elapsed: 0.004 sec - in com.puppycrawl.tools.checkstyle.utils.AnnotationUtilityTest
Running com.puppycrawl.tools.checkstyle.utils.CommonUtilsTest
Tests run: 18, Failures: 0, Errors: 0, Skipped: 0, Time elapsed: 1.182 sec - in com.puppycrawl.tools.checkstyle.utils.CommonUtilsTest
Running com.puppycrawl.tools.checkstyle.utils.ScopeUtilsTest
Tests run: 12, Failures: 0, Errors: 0, Skipped: 0, Time elapsed: 0.002 sec - in com.puppycrawl.tools.checkstyle.utils.ScopeUtilsTest
Running com.puppycrawl.tools.checkstyle.utils.CheckUtilsTest
Tests run: 4, Failures: 0, Errors: 0, Skipped: 0, Time elapsed: 0.001 sec - in com.puppycrawl.tools.checkstyle.utils.CheckUtilsTest
Running com.puppycrawl.tools.checkstyle.utils.TokenUtilsTest
Tests run: 8, Failures: 0, Errors: 0, Skipped: 0, Time elapsed: 0.006 sec - in com.puppycrawl.tools.checkstyle.utils.TokenUtilsTest
Running com.puppycrawl.tools.checkstyle.XMLLoggerTest
Tests run: 10, Failures: 0, Errors: 0, Skipped: 0, Time elapsed: 0.003 sec - in com.puppycrawl.tools.checkstyle.XMLLoggerTest
Running com.puppycrawl.tools.checkstyle.CheckerTest
Tests run: 12, Failures: 0, Errors: 0, Skipped: 0, Time elapsed: 0.008 sec - in com.puppycrawl.tools.checkstyle.CheckerTest
Running com.puppycrawl.tools.checkstyle.DefaultLoggerTest
Tests run: 2, Failures: 0, Errors: 0, Skipped: 0, Time elapsed: 0.012 sec - in com.puppycrawl.tools.checkstyle.DefaultLoggerTest
Running com.puppycrawl.tools.checkstyle.PackageObjectFactoryTest
Tests run: 4, Failures: 0, Errors: 0, Skipped: 0, Time elapsed: 0.004 sec - in com.puppycrawl.tools.checkstyle.PackageObjectFactoryTest
Running com.puppycrawl.tools.checkstyle.PropertyCacheFileTest
Tests run: 8, Failures: 0, Errors: 0, Skipped: 0, Time elapsed: 0.457 sec - in com.puppycrawl.tools.checkstyle.PropertyCacheFileTest
Running com.puppycrawl.tools.checkstyle.DefinitionsTest
Tests run: 1, Failures: 0, Errors: 0, Skipped: 0, Time elapsed: 0.001 sec - in com.puppycrawl.tools.checkstyle.DefinitionsTest
Running com.puppycrawl.tools.checkstyle.DefaultConfigurationTest
Tests run: 1, Failures: 0, Errors: 0, Skipped: 0, Time elapsed: 0 sec - in com.puppycrawl.tools.checkstyle.DefaultConfigurationTest
Running com.puppycrawl.tools.checkstyle.TreeWalkerTest
Tests run: 17, Failures: 0, Errors: 0, Skipped: 1, Time elapsed: 0.114 sec - in com.puppycrawl.tools.checkstyle.TreeWalkerTest

Results :

Tests run: 1645, Failures: 0, Errors: 0, Skipped: 1

[INFO] 
[INFO] --- xml-maven-plugin:1.0:validate (default) @ checkstyle ---
[INFO] 
[INFO] --- maven-jar-plugin:2.6:jar (default-jar) @ checkstyle ---
[INFO] Building jar: /home/travis/build/checkstyle/checkstyle/target/checkstyle-6.14-SNAPSHOT.jar
[INFO] 
[INFO] --- maven-jar-plugin:2.6:test-jar (default) @ checkstyle ---
[INFO] Building jar: /home/travis/build/checkstyle/checkstyle/target/checkstyle-6.14-SNAPSHOT-tests.jar
[INFO] 
[INFO] --- maven-failsafe-plugin:2.19:integration-test (integration-test) @ checkstyle ---

-------------------------------------------------------
 T E S T S
-------------------------------------------------------
Running com.google.checkstyle.test.chapter4formatting.rule451wheretobreak.OperatorWrapTest
Tests run: 2, Failures: 0, Errors: 0, Skipped: 0, Time elapsed: 0.573 sec - in com.google.checkstyle.test.chapter4formatting.rule451wheretobreak.OperatorWrapTest
Running com.google.checkstyle.test.chapter4formatting.rule451wheretobreak.SeparatorWrapTest
Tests run: 1, Failures: 0, Errors: 0, Skipped: 0, Time elapsed: 0.056 sec - in com.google.checkstyle.test.chapter4formatting.rule451wheretobreak.SeparatorWrapTest
Running com.google.checkstyle.test.chapter4formatting.rule451wheretobreak.MethodParamPadTest
Tests run: 1, Failures: 0, Errors: 0, Skipped: 0, Time elapsed: 0.052 sec - in com.google.checkstyle.test.chapter4formatting.rule451wheretobreak.MethodParamPadTest
Running com.google.checkstyle.test.chapter4formatting.rule4861blockcommentstyle.CommentsIndentationTest
Tests run: 4, Failures: 0, Errors: 0, Skipped: 0, Time elapsed: 0.309 sec - in com.google.checkstyle.test.chapter4formatting.rule4861blockcommentstyle.CommentsIndentationTest
Running com.google.checkstyle.test.chapter4formatting.rule4842fallthrough.FallThroughTest
Tests run: 1, Failures: 0, Errors: 0, Skipped: 0, Time elapsed: 0.17 sec - in com.google.checkstyle.test.chapter4formatting.rule4842fallthrough.FallThroughTest
Running com.google.checkstyle.test.chapter4formatting.rule4841indentation.IndentationTest
Tests run: 7, Failures: 0, Errors: 0, Skipped: 0, Time elapsed: 0.893 sec - in com.google.checkstyle.test.chapter4formatting.rule4841indentation.IndentationTest
Running com.google.checkstyle.test.chapter4formatting.rule412nonemptyblocks.RightCurlyTest
Tests run: 2, Failures: 0, Errors: 0, Skipped: 0, Time elapsed: 0.05 sec - in com.google.checkstyle.test.chapter4formatting.rule412nonemptyblocks.RightCurlyTest
Running com.google.checkstyle.test.chapter4formatting.rule412nonemptyblocks.LeftCurlyTest
Tests run: 3, Failures: 0, Errors: 0, Skipped: 0, Time elapsed: 0.153 sec - in com.google.checkstyle.test.chapter4formatting.rule412nonemptyblocks.LeftCurlyTest
Running com.google.checkstyle.test.chapter4formatting.rule413emptyblocks.EmptyBlockTest
Tests run: 2, Failures: 0, Errors: 0, Skipped: 0, Time elapsed: 0.139 sec - in com.google.checkstyle.test.chapter4formatting.rule413emptyblocks.EmptyBlockTest
Running com.google.checkstyle.test.chapter4formatting.rule413emptyblocks.EmptyCatchBlockTest
Tests run: 4, Failures: 0, Errors: 0, Skipped: 0, Time elapsed: 0.097 sec - in com.google.checkstyle.test.chapter4formatting.rule413emptyblocks.EmptyCatchBlockTest
Running com.google.checkstyle.test.chapter4formatting.rule4843defaultcasepresent.MissingSwitchDefaultTest
Tests run: 1, Failures: 0, Errors: 0, Skipped: 0, Time elapsed: 0.011 sec - in com.google.checkstyle.test.chapter4formatting.rule4843defaultcasepresent.MissingSwitchDefaultTest
Running com.google.checkstyle.test.chapter4formatting.rule4822variabledistance.VariableDeclarationUsageDistanceTest
Tests run: 1, Failures: 0, Errors: 0, Skipped: 0, Time elapsed: 0.096 sec - in com.google.checkstyle.test.chapter4formatting.rule4822variabledistance.VariableDeclarationUsageDistanceTest
Running com.google.checkstyle.test.chapter4formatting.rule462horizontalwhitespace.WhitespaceAroundTest
Tests run: 2, Failures: 0, Errors: 0, Skipped: 0, Time elapsed: 0.06 sec - in com.google.checkstyle.test.chapter4formatting.rule462horizontalwhitespace.WhitespaceAroundTest
Running com.google.checkstyle.test.chapter4formatting.rule462horizontalwhitespace.GenericWhitespaceTest
Tests run: 3, Failures: 0, Errors: 0, Skipped: 0, Time elapsed: 0.066 sec - in com.google.checkstyle.test.chapter4formatting.rule462horizontalwhitespace.GenericWhitespaceTest
Running com.google.checkstyle.test.chapter4formatting.rule488numericliterals.UpperEllTest
Tests run: 1, Failures: 0, Errors: 0, Skipped: 0, Time elapsed: 0.051 sec - in com.google.checkstyle.test.chapter4formatting.rule488numericliterals.UpperEllTest
Running com.google.checkstyle.test.chapter4formatting.rule487modifiers.ModifierOrderTest
Tests run: 1, Failures: 0, Errors: 0, Skipped: 0, Time elapsed: 0.043 sec - in com.google.checkstyle.test.chapter4formatting.rule487modifiers.ModifierOrderTest
Running com.google.checkstyle.test.chapter4formatting.rule485annotations.AnnotationLocationTest
Tests run: 1, Failures: 0, Errors: 0, Skipped: 0, Time elapsed: 0.037 sec - in com.google.checkstyle.test.chapter4formatting.rule485annotations.AnnotationLocationTest
Running com.google.checkstyle.test.chapter4formatting.rule411bracesareused.NeedBracesTest
Tests run: 1, Failures: 0, Errors: 0, Skipped: 0, Time elapsed: 0.036 sec - in com.google.checkstyle.test.chapter4formatting.rule411bracesareused.NeedBracesTest
Running com.google.checkstyle.test.chapter4formatting.rule43onestatement.OneStatementPerLineTest
Tests run: 2, Failures: 0, Errors: 0, Skipped: 0, Time elapsed: 0.026 sec - in com.google.checkstyle.test.chapter4formatting.rule43onestatement.OneStatementPerLineTest
Running com.google.checkstyle.test.chapter4formatting.rule44columnlimit.LineLengthTest
Tests run: 1, Failures: 0, Errors: 0, Skipped: 0, Time elapsed: 0.049 sec - in com.google.checkstyle.test.chapter4formatting.rule44columnlimit.LineLengthTest
Running com.google.checkstyle.test.chapter4formatting.rule4832nocstylearray.ArrayTypeStyleTest
Tests run: 1, Failures: 0, Errors: 0, Skipped: 0, Time elapsed: 0.029 sec - in com.google.checkstyle.test.chapter4formatting.rule4832nocstylearray.ArrayTypeStyleTest
Running com.google.checkstyle.test.chapter4formatting.rule461verticalwhitespace.EmptyLineSeparatorTest
Tests run: 1, Failures: 0, Errors: 0, Skipped: 0, Time elapsed: 0.023 sec - in com.google.checkstyle.test.chapter4formatting.rule461verticalwhitespace.EmptyLineSeparatorTest
Running com.google.checkstyle.test.chapter4formatting.rule4821onevariableperline.MultipleVariableDeclarationsTest
Tests run: 1, Failures: 0, Errors: 0, Skipped: 0, Time elapsed: 0.017 sec - in com.google.checkstyle.test.chapter4formatting.rule4821onevariableperline.MultipleVariableDeclarationsTest
Running com.google.checkstyle.test.chapter5naming.rule528typevariablenames.ClassTypeParameterNameTest
Tests run: 1, Failures: 0, Errors: 0, Skipped: 0, Time elapsed: 0.013 sec - in com.google.checkstyle.test.chapter5naming.rule528typevariablenames.ClassTypeParameterNameTest
Running com.google.checkstyle.test.chapter5naming.rule528typevariablenames.MethodTypeParameterNameTest
Tests run: 1, Failures: 0, Errors: 0, Skipped: 0, Time elapsed: 0.012 sec - in com.google.checkstyle.test.chapter5naming.rule528typevariablenames.MethodTypeParameterNameTest
Running com.google.checkstyle.test.chapter5naming.rule53camelcase.AbbreviationAsWordInNameTest
Tests run: 1, Failures: 0, Errors: 0, Skipped: 0, Time elapsed: 0.045 sec - in com.google.checkstyle.test.chapter5naming.rule53camelcase.AbbreviationAsWordInNameTest
Running com.google.checkstyle.test.chapter5naming.rule521packagenames.PackageNameTest
Tests run: 4, Failures: 0, Errors: 0, Skipped: 0, Time elapsed: 0.078 sec - in com.google.checkstyle.test.chapter5naming.rule521packagenames.PackageNameTest
Running com.google.checkstyle.test.chapter5naming.rule525nonconstantfieldnames.MemberNameTest
Tests run: 2, Failures: 0, Errors: 0, Skipped: 0, Time elapsed: 0.057 sec - in com.google.checkstyle.test.chapter5naming.rule525nonconstantfieldnames.MemberNameTest
Running com.google.checkstyle.test.chapter5naming.rule523methodnames.MethodNameTest
Tests run: 1, Failures: 0, Errors: 0, Skipped: 0, Time elapsed: 0.027 sec - in com.google.checkstyle.test.chapter5naming.rule523methodnames.MethodNameTest
Running com.google.checkstyle.test.chapter5naming.rule51identifiernames.CatchParameterNameTest
Tests run: 1, Failures: 0, Errors: 0, Skipped: 0, Time elapsed: 0.022 sec - in com.google.checkstyle.test.chapter5naming.rule51identifiernames.CatchParameterNameTest
Running com.google.checkstyle.test.chapter5naming.rule527localvariablenames.LocalVariableNameTest
Tests run: 2, Failures: 0, Errors: 0, Skipped: 0, Time elapsed: 0.045 sec - in com.google.checkstyle.test.chapter5naming.rule527localvariablenames.LocalVariableNameTest
Running com.google.checkstyle.test.chapter5naming.rule522typenames.TypeNameTest
Tests run: 1, Failures: 0, Errors: 0, Skipped: 0, Time elapsed: 0.004 sec - in com.google.checkstyle.test.chapter5naming.rule522typenames.TypeNameTest
Running com.google.checkstyle.test.chapter5naming.rule526parameternames.ParameterNameTest
Tests run: 1, Failures: 0, Errors: 0, Skipped: 0, Time elapsed: 0.011 sec - in com.google.checkstyle.test.chapter5naming.rule526parameternames.ParameterNameTest
Running com.google.checkstyle.test.base.ConfigValidationTest
Tests run: 1, Failures: 0, Errors: 0, Skipped: 0, Time elapsed: 9.107 sec - in com.google.checkstyle.test.base.ConfigValidationTest
Running com.google.checkstyle.test.chapter7javadoc.rule711generalform.SingleLineJavadocTest
Tests run: 2, Failures: 0, Errors: 0, Skipped: 0, Time elapsed: 0.038 sec - in com.google.checkstyle.test.chapter7javadoc.rule711generalform.SingleLineJavadocTest
Running com.google.checkstyle.test.chapter7javadoc.rule713atclauses.JavadocTagContinuationIndentationTest
Tests run: 1, Failures: 0, Errors: 0, Skipped: 0, Time elapsed: 0.175 sec - in com.google.checkstyle.test.chapter7javadoc.rule713atclauses.JavadocTagContinuationIndentationTest
Running com.google.checkstyle.test.chapter7javadoc.rule713atclauses.NonEmptyAtclauseDescriptionTest
Tests run: 2, Failures: 0, Errors: 0, Skipped: 0, Time elapsed: 0.066 sec - in com.google.checkstyle.test.chapter7javadoc.rule713atclauses.NonEmptyAtclauseDescriptionTest
Running com.google.checkstyle.test.chapter7javadoc.rule713atclauses.AtclauseOrderTest
Tests run: 2, Failures: 0, Errors: 0, Skipped: 0, Time elapsed: 0.268 sec - in com.google.checkstyle.test.chapter7javadoc.rule713atclauses.AtclauseOrderTest
Running com.google.checkstyle.test.chapter7javadoc.rule72thesummaryfragment.SummaryJavadocTest
Tests run: 2, Failures: 0, Errors: 0, Skipped: 0, Time elapsed: 0.175 sec - in com.google.checkstyle.test.chapter7javadoc.rule72thesummaryfragment.SummaryJavadocTest
Running com.google.checkstyle.test.chapter7javadoc.rule712paragraphs.JavadocParagraphTest
Tests run: 2, Failures: 0, Errors: 0, Skipped: 0, Time elapsed: 0.308 sec - in com.google.checkstyle.test.chapter7javadoc.rule712paragraphs.JavadocParagraphTest
Running com.google.checkstyle.test.chapter7javadoc.rule731selfexplanatory.JavadocMethodTest
Tests run: 1, Failures: 0, Errors: 0, Skipped: 0, Time elapsed: 0.006 sec - in com.google.checkstyle.test.chapter7javadoc.rule731selfexplanatory.JavadocMethodTest
Running com.google.checkstyle.test.chapter2filebasic.rule21filename.OuterTypeFilenameTest
Tests run: 3, Failures: 0, Errors: 0, Skipped: 0, Time elapsed: 0.024 sec - in com.google.checkstyle.test.chapter2filebasic.rule21filename.OuterTypeFilenameTest
Running com.google.checkstyle.test.chapter2filebasic.rule233nonascii.AvoidEscapedUnicodeCharactersTest
Tests run: 1, Failures: 0, Errors: 0, Skipped: 0, Time elapsed: 0.01 sec - in com.google.checkstyle.test.chapter2filebasic.rule233nonascii.AvoidEscapedUnicodeCharactersTest
Running com.google.checkstyle.test.chapter2filebasic.rule231filetab.FileTabCharacterTest
Tests run: 1, Failures: 0, Errors: 0, Skipped: 0, Time elapsed: 0.007 sec - in com.google.checkstyle.test.chapter2filebasic.rule231filetab.FileTabCharacterTest
Running com.google.checkstyle.test.chapter2filebasic.rule232specialescape.IllegalTokenTextTest
Tests run: 1, Failures: 0, Errors: 0, Skipped: 0, Time elapsed: 0.001 sec - in com.google.checkstyle.test.chapter2filebasic.rule232specialescape.IllegalTokenTextTest
Running com.google.checkstyle.test.chapter3filestructure.rule32packagestate.LineLengthTest
Tests run: 1, Failures: 0, Errors: 0, Skipped: 0, Time elapsed: 0.016 sec - in com.google.checkstyle.test.chapter3filestructure.rule32packagestate.LineLengthTest
Running com.google.checkstyle.test.chapter3filestructure.rule332nolinewrap.NoLineWrapTest
Tests run: 3, Failures: 0, Errors: 0, Skipped: 0, Time elapsed: 0.03 sec - in com.google.checkstyle.test.chapter3filestructure.rule332nolinewrap.NoLineWrapTest
Running com.google.checkstyle.test.chapter3filestructure.rule3421overloadsplit.OverloadMethodsDeclarationOrderTest
Tests run: 1, Failures: 0, Errors: 0, Skipped: 0, Time elapsed: 0.011 sec - in com.google.checkstyle.test.chapter3filestructure.rule3421overloadsplit.OverloadMethodsDeclarationOrderTest
Running com.google.checkstyle.test.chapter3filestructure.rule341onetoplevel.OneTopLevelClassTest
Tests run: 4, Failures: 0, Errors: 0, Skipped: 0, Time elapsed: 0.041 sec - in com.google.checkstyle.test.chapter3filestructure.rule341onetoplevel.OneTopLevelClassTest
Running com.google.checkstyle.test.chapter3filestructure.rule331nowildcard.AvoidStarImportTest
Tests run: 1, Failures: 0, Errors: 0, Skipped: 0, Time elapsed: 0.008 sec - in com.google.checkstyle.test.chapter3filestructure.rule331nowildcard.AvoidStarImportTest
Running com.google.checkstyle.test.chapter3filestructure.rule333orderingandspacing.CustomImportOrderTest
Tests run: 4, Failures: 0, Errors: 0, Skipped: 0, Time elapsed: 0.046 sec - in com.google.checkstyle.test.chapter3filestructure.rule333orderingandspacing.CustomImportOrderTest
Running com.google.checkstyle.test.chapter3filestructure.rule3sourcefile.EmptyLineSeparatorTest
Tests run: 1, Failures: 0, Errors: 0, Skipped: 0, Time elapsed: 0.013 sec - in com.google.checkstyle.test.chapter3filestructure.rule3sourcefile.EmptyLineSeparatorTest
Running com.google.checkstyle.test.chapter6programpractice.rule62donotignoreexceptions.EmptyBlockTest
Tests run: 1, Failures: 0, Errors: 0, Skipped: 0, Time elapsed: 0.016 sec - in com.google.checkstyle.test.chapter6programpractice.rule62donotignoreexceptions.EmptyBlockTest
Running com.google.checkstyle.test.chapter6programpractice.rule64finalizers.NoFinalizerTest
Tests run: 2, Failures: 0, Errors: 0, Skipped: 0, Time elapsed: 0.014 sec - in com.google.checkstyle.test.chapter6programpractice.rule64finalizers.NoFinalizerTest

Results :

Tests run: 96, Failures: 0, Errors: 0, Skipped: 0

[INFO] 
[INFO] --- maven-failsafe-plugin:2.19:verify (default-cli) @ checkstyle ---
[INFO] ------------------------------------------------------------------------
[INFO] BUILD SUCCESS
[INFO] ------------------------------------------------------------------------
[INFO] Total time: 02:01 min
[INFO] Finished at: 2015-12-18T15:46:23+00:00
[INFO] Final Memory: 38M/464M
[INFO] ------------------------------------------------------------------------
travis_time:end:0ff23d70:start=1450453459961362326,finish=1450453583789938867,duration=123828576541[0K
[32;1mThe command "eval $CMD" exited with 0.[0m
travis_fold:start:cache.2[0Kstore build cache
travis_time:start:1a39547a[0Ktravis_time:end:1a39547a:start=1450453583794147249,finish=1450453583797448708,duration=3301459[0Ktravis_time:start:102851b0[0K[32;1mchange detected:
/home/travis/.m2/repository/commons-io/commons-io/2.5-SNAPSHOT/resolver-status.properties
/home/travis/.m2/repository/commons-io/commons-io/2.6-SNAPSHOT/resolver-status.properties
/home/travis/.m2/repository/commons-io/commons-io/resolver-status.properties
/home/travis/.m2/repository/junit/junit-dep/resolver-status.properties

[0m
[32;1mchanges detected, packing new archive[0m
.
[32;1muploading archive[0m
travis_time:end:102851b0:start=1450453583801273772,finish=1450453594083564793,duration=10282291021[0Ktravis_fold:end:cache.2[0Ktravis_fold:start:after_success.1[0Ktravis_time:start:05b43f34[0K$ eval $COVERAGE_CMD
travis_time:end:05b43f34:start=1450453594087696962,finish=1450453594090762101,duration=3065139[0Ktravis_fold:end:after_success.1[0Ktravis_fold:start:after_success.2[0Ktravis_time:start:0881db22[0K$ if [[ $TRAVIS_REPO_SLUG == 'checkstyle/checkstyle'
            && $TRAVIS_BRANCH == 'master'
            && $TRAVIS_PULL_REQUEST == 'false'
            && $DEPLOY == 'true'
       ]];
    then
        mvn -s config/deploy-settings.xml deploy \
          -DskipTests -DskipITs -Dpmd.skip=true -Dfindbugs.skip=true \
          -Dcobertura.skip=true -Dcheckstyle.ant.skip=true -Dcheckstyle.skip=true ;
    fi
Java HotSpot(TM) 64-Bit Server VM warning: ignoring option MaxPermSize=192m; support was removed in 8.0
[INFO] Scanning for projects...
[INFO]                                                                         
[INFO] ------------------------------------------------------------------------
[INFO] Building checkstyle 6.14-SNAPSHOT
[INFO] ------------------------------------------------------------------------
[INFO] 
[INFO] --- maven-enforcer-plugin:1.4.1:enforce (enforce-maven) @ checkstyle ---
[INFO] 
[INFO] --- maven-enforcer-plugin:1.4.1:enforce (enforce-versions) @ checkstyle ---
[INFO] 
[INFO] --- antlr-maven-plugin:2.2:generate (default) @ checkstyle ---
[INFO] grammar [java.g] was up-to-date; skipping
[INFO] 
[INFO] --- antlr4-maven-plugin:4.5.1-1:antlr4 (default) @ checkstyle ---
[INFO] ANTLR 4: Processing source directory /home/travis/build/checkstyle/checkstyle/src/main/resources
[INFO] Processing grammar: com/puppycrawl/tools/checkstyle/grammars/javadoc/JavadocLexer.g4
[INFO] Processing grammar: com/puppycrawl/tools/checkstyle/grammars/javadoc/JavadocParser.g4
[INFO] 
[INFO] --- build-helper-maven-plugin:1.10:add-source (add-source) @ checkstyle ---
[INFO] Source directory: /home/travis/build/checkstyle/checkstyle/target/generated-sources/antlr added.
[INFO] 
[INFO] --- maven-resources-plugin:2.7:resources (default-resources) @ checkstyle ---
[INFO] Using 'UTF-8' encoding to copy filtered resources.
[INFO] Copying 145 resources
[INFO] Copying 1 resource
[INFO] 
[INFO] --- build-helper-maven-plugin:1.10:add-test-source (add-test-source) @ checkstyle ---
[INFO] Test Source directory: /home/travis/build/checkstyle/checkstyle/src/test/resources added.
[INFO] 
[INFO] --- build-helper-maven-plugin:1.10:add-test-source (add-it-test-source) @ checkstyle ---
[INFO] Test Source directory: /home/travis/build/checkstyle/checkstyle/src/it/java added.
[INFO] 
[INFO] --- build-helper-maven-plugin:1.10:add-test-source (add-it-test-resource) @ checkstyle ---
[INFO] Test Source directory: /home/travis/build/checkstyle/checkstyle/src/it/resources added.
[INFO] 
[INFO] --- maven-compiler-plugin:3.3:compile (default-compile) @ checkstyle ---
[INFO] Changes detected - recompiling the module!
[INFO] Compiling 332 source files to /home/travis/build/checkstyle/checkstyle/target/classes
[INFO] /home/travis/build/checkstyle/checkstyle/src/main/java/com/puppycrawl/tools/checkstyle/checks/javadoc/JavadocMethodCheck.java: /home/travis/build/checkstyle/checkstyle/src/main/java/com/puppycrawl/tools/checkstyle/checks/javadoc/JavadocMethodCheck.java uses or overrides a deprecated API.
[INFO] /home/travis/build/checkstyle/checkstyle/src/main/java/com/puppycrawl/tools/checkstyle/checks/javadoc/JavadocMethodCheck.java: Recompile with -Xlint:deprecation for details.
[INFO] /home/travis/build/checkstyle/checkstyle/src/main/java/com/puppycrawl/tools/checkstyle/api/AutomaticBean.java: Some input files use unchecked or unsafe operations.
[INFO] /home/travis/build/checkstyle/checkstyle/src/main/java/com/puppycrawl/tools/checkstyle/api/AutomaticBean.java: Recompile with -Xlint:unchecked for details.
[INFO] 
[INFO] --- maven-antrun-plugin:1.8:run (ant-phase-compile) @ checkstyle ---
[INFO] Executing tasks

main:

execute:
[propertyfile] Updating property file: /home/travis/build/checkstyle/checkstyle/target/classes/checkstylecompilation.properties
  [javadoc] Generating Javadoc
  [javadoc] Javadoc execution
  [javadoc] Loading source file /home/travis/build/checkstyle/checkstyle/src/main/java/com/puppycrawl/tools/checkstyle/api/TokenTypes.java...
  [javadoc] Constructing Javadoc information...
[INFO] Executed tasks
[INFO] 
[INFO] --- maven-resources-plugin:2.7:testResources (default-testResources) @ checkstyle ---
[INFO] Using 'UTF-8' encoding to copy filtered resources.
[INFO] Copying 538 resources
[INFO] 
[INFO] --- maven-compiler-plugin:3.3:testCompile (default-testCompile) @ checkstyle ---
[INFO] Changes detected - recompiling the module!
[INFO] Compiling 860 source files to /home/travis/build/checkstyle/checkstyle/target/test-classes
[INFO] /home/travis/build/checkstyle/checkstyle/src/test/java/com/puppycrawl/tools/checkstyle/checks/javadoc/AbstractTypeAwareCheckTest.java: /home/travis/build/checkstyle/checkstyle/src/test/java/com/puppycrawl/tools/checkstyle/checks/javadoc/AbstractTypeAwareCheckTest.java uses or overrides a deprecated API.
[INFO] /home/travis/build/checkstyle/checkstyle/src/test/java/com/puppycrawl/tools/checkstyle/checks/javadoc/AbstractTypeAwareCheckTest.java: Recompile with -Xlint:deprecation for details.
[INFO] 
[INFO] --- maven-surefire-plugin:2.19:test (default-test) @ checkstyle ---
[INFO] Tests are skipped.
[INFO] 
[INFO] --- xml-maven-plugin:1.0:validate (default) @ checkstyle ---
[INFO] 
[INFO] --- maven-jar-plugin:2.6:jar (default-jar) @ checkstyle ---
[INFO] Building jar: /home/travis/build/checkstyle/checkstyle/target/checkstyle-6.14-SNAPSHOT.jar
[INFO] 
[INFO] --- maven-jar-plugin:2.6:test-jar (default) @ checkstyle ---
[INFO] Building jar: /home/travis/build/checkstyle/checkstyle/target/checkstyle-6.14-SNAPSHOT-tests.jar
[INFO] 
[INFO] --- maven-failsafe-plugin:2.19:integration-test (integration-test) @ checkstyle ---
[INFO] Tests are skipped.
[INFO] 
[INFO] --- maven-checkstyle-plugin:2.17:check (sevntu-checkstyle-check) @ checkstyle ---
[INFO] 
[INFO] --- maven-failsafe-plugin:2.19:verify (verify) @ checkstyle ---
[INFO] Tests are skipped.
[INFO] 
[INFO] --- maven-antrun-plugin:1.8:run (ant-phase-verify) @ checkstyle ---
[INFO] Executing tasks

main:

execute:
[INFO] Executed tasks
[INFO] 
[INFO] >>> maven-pmd-plugin:3.5:check (default) > :pmd @ checkstyle >>>
[INFO] 
[INFO] --- maven-pmd-plugin:3.5:pmd (pmd) @ checkstyle ---
[INFO] 
[INFO] <<< maven-pmd-plugin:3.5:check (default) < :pmd @ checkstyle <<<
[INFO] 
[INFO] --- maven-pmd-plugin:3.5:check (default) @ checkstyle ---
[INFO] 
[INFO] >>> findbugs-maven-plugin:3.0.3:check (default) > :findbugs @ checkstyle >>>
[INFO] 
[INFO] --- findbugs-maven-plugin:3.0.3:findbugs (findbugs) @ checkstyle ---
[INFO] 
[INFO] <<< findbugs-maven-plugin:3.0.3:check (default) < :findbugs @ checkstyle <<<
[INFO] 
[INFO] --- findbugs-maven-plugin:3.0.3:check (default) @ checkstyle ---
[INFO] 
[INFO] --- forbiddenapis:2.0:check (default) @ checkstyle ---
[INFO] Scanning for classes to check...
[INFO] Reading bundled API signatures: jdk-unsafe-1.7
[INFO] Reading bundled API signatures: jdk-deprecated-1.7
[INFO] Reading bundled API signatures: jdk-system-out
[INFO] Loading classes to check...
[INFO] Scanning classes for violations...
[INFO] Scanned 476 (and 508 related) class file(s) for forbidden API invocations (in 1.53s), 0 error(s).
[INFO] 
[INFO] --- forbiddenapis:2.0:testCheck (default) @ checkstyle ---
[INFO] Scanning for classes to check...
[INFO] Reading bundled API signatures: jdk-unsafe-1.7
[INFO] Reading bundled API signatures: jdk-deprecated-1.7
[INFO] Reading bundled API signatures: jdk-system-out
[INFO] Loading classes to check...
[INFO] Scanning classes for violations...
[INFO] Scanned 1093 (and 701 related) class file(s) for forbidden API invocations (in 2.05s), 0 error(s).
[INFO] 
[INFO] >>> cobertura-maven-plugin:2.7:check (default) > [cobertura]test @ checkstyle >>>
[INFO] 
[INFO] --- maven-enforcer-plugin:1.4.1:enforce (enforce-maven) @ checkstyle ---
[INFO] 
[INFO] --- maven-enforcer-plugin:1.4.1:enforce (enforce-versions) @ checkstyle ---
[INFO] 
[INFO] --- antlr-maven-plugin:2.2:generate (default) @ checkstyle ---
[INFO] grammar [java.g] was up-to-date; skipping
[INFO] 
[INFO] --- antlr4-maven-plugin:4.5.1-1:antlr4 (default) @ checkstyle ---
[INFO] ANTLR 4: Processing source directory /home/travis/build/checkstyle/checkstyle/src/main/resources
[INFO] Processing grammar: com/puppycrawl/tools/checkstyle/grammars/javadoc/JavadocLexer.g4
[INFO] Processing grammar: com/puppycrawl/tools/checkstyle/grammars/javadoc/JavadocParser.g4
[INFO] 
[INFO] --- build-helper-maven-plugin:1.10:add-source (add-source) @ checkstyle ---
[INFO] Source directory: /home/travis/build/checkstyle/checkstyle/target/generated-sources/antlr added.
[INFO] 
[INFO] --- maven-resources-plugin:2.7:resources (default-resources) @ checkstyle ---
[INFO] Using 'UTF-8' encoding to copy filtered resources.
[INFO] Copying 145 resources
[INFO] Copying 1 resource
[INFO] Copying 1 resource
[INFO] 
[INFO] --- build-helper-maven-plugin:1.10:add-test-source (add-test-source) @ checkstyle ---
[INFO] Test Source directory: /home/travis/build/checkstyle/checkstyle/src/test/resources added.
[INFO] 
[INFO] --- build-helper-maven-plugin:1.10:add-test-source (add-it-test-source) @ checkstyle ---
[INFO] Test Source directory: /home/travis/build/checkstyle/checkstyle/src/it/java added.
[INFO] 
[INFO] --- build-helper-maven-plugin:1.10:add-test-source (add-it-test-resource) @ checkstyle ---
[INFO] Test Source directory: /home/travis/build/checkstyle/checkstyle/src/it/resources added.
[INFO] 
[INFO] --- maven-compiler-plugin:3.3:compile (default-compile) @ checkstyle ---
[INFO] Changes detected - recompiling the module!
[INFO] Compiling 332 source files to /home/travis/build/checkstyle/checkstyle/target/classes
[INFO] /home/travis/build/checkstyle/checkstyle/src/main/java/com/puppycrawl/tools/checkstyle/checks/javadoc/JavadocMethodCheck.java: /home/travis/build/checkstyle/checkstyle/src/main/java/com/puppycrawl/tools/checkstyle/checks/javadoc/JavadocMethodCheck.java uses or overrides a deprecated API.
[INFO] /home/travis/build/checkstyle/checkstyle/src/main/java/com/puppycrawl/tools/checkstyle/checks/javadoc/JavadocMethodCheck.java: Recompile with -Xlint:deprecation for details.
[INFO] /home/travis/build/checkstyle/checkstyle/src/main/java/com/puppycrawl/tools/checkstyle/api/AutomaticBean.java: Some input files use unchecked or unsafe operations.
[INFO] /home/travis/build/checkstyle/checkstyle/src/main/java/com/puppycrawl/tools/checkstyle/api/AutomaticBean.java: Recompile with -Xlint:unchecked for details.
[INFO] 
[INFO] --- maven-antrun-plugin:1.8:run (ant-phase-compile) @ checkstyle ---
[INFO] Executing tasks

main:

execute:
[propertyfile] Updating property file: /home/travis/build/checkstyle/checkstyle/target/classes/checkstylecompilation.properties
  [javadoc] Generating Javadoc
  [javadoc] Javadoc execution
  [javadoc] Loading source file /home/travis/build/checkstyle/checkstyle/src/main/java/com/puppycrawl/tools/checkstyle/api/TokenTypes.java...
  [javadoc] Constructing Javadoc information...
[INFO] Executed tasks
[INFO] 
[INFO] --- cobertura-maven-plugin:2.7:instrument (default) @ checkstyle ---
[INFO] Skipping cobertura execution
[INFO] 
[INFO] --- maven-resources-plugin:2.7:testResources (default-testResources) @ checkstyle ---
[INFO] Using 'UTF-8' encoding to copy filtered resources.
[INFO] Copying 538 resources
[INFO] 
[INFO] --- maven-compiler-plugin:3.3:testCompile (default-testCompile) @ checkstyle ---
[INFO] Changes detected - recompiling the module!
[INFO] Compiling 860 source files to /home/travis/build/checkstyle/checkstyle/target/test-classes
[INFO] /home/travis/build/checkstyle/checkstyle/src/test/java/com/puppycrawl/tools/checkstyle/checks/javadoc/AbstractTypeAwareCheckTest.java: /home/travis/build/checkstyle/checkstyle/src/test/java/com/puppycrawl/tools/checkstyle/checks/javadoc/AbstractTypeAwareCheckTest.java uses or overrides a deprecated API.
[INFO] /home/travis/build/checkstyle/checkstyle/src/test/java/com/puppycrawl/tools/checkstyle/checks/javadoc/AbstractTypeAwareCheckTest.java: Recompile with -Xlint:deprecation for details.
[INFO] 
[INFO] --- maven-surefire-plugin:2.19:test (default-test) @ checkstyle ---
[INFO] Tests are skipped.
[INFO] 
[INFO] --- xml-maven-plugin:1.0:validate (default) @ checkstyle ---
[INFO] 
[INFO] <<< cobertura-maven-plugin:2.7:check (default) < [cobertura]test @ checkstyle <<<
[INFO] 
[INFO] --- cobertura-maven-plugin:2.7:check (default) @ checkstyle ---
[INFO] Skipping cobertura execution
[INFO] 
[INFO] --- maven-install-plugin:2.5.2:install (default-install) @ checkstyle ---
[INFO] Installing /home/travis/build/checkstyle/checkstyle/target/checkstyle-6.14-SNAPSHOT.jar to /home/travis/.m2/repository/com/puppycrawl/tools/checkstyle/6.14-SNAPSHOT/checkstyle-6.14-SNAPSHOT.jar
[INFO] Installing /home/travis/build/checkstyle/checkstyle/pom.xml to /home/travis/.m2/repository/com/puppycrawl/tools/checkstyle/6.14-SNAPSHOT/checkstyle-6.14-SNAPSHOT.pom
[INFO] Installing /home/travis/build/checkstyle/checkstyle/target/checkstyle-6.14-SNAPSHOT-tests.jar to /home/travis/.m2/repository/com/puppycrawl/tools/checkstyle/6.14-SNAPSHOT/checkstyle-6.14-SNAPSHOT-tests.jar
[INFO] 
[INFO] --- maven-deploy-plugin:2.8.2:deploy (default-deploy) @ checkstyle ---
Downloading: https://oss.sonatype.org/content/repositories/snapshots/com/puppycrawl/tools/checkstyle/6.14-SNAPSHOT/maven-metadata.xml
992/992 B               Downloaded: https://oss.sonatype.org/content/repositories/snapshots/com/puppycrawl/tools/checkstyle/6.14-SNAPSHOT/maven-metadata.xml (992 B at 1.3 KB/sec)
Uploading: https://oss.sonatype.org/content/repositories/snapshots/com/puppycrawl/tools/checkstyle/6.14-SNAPSHOT/checkstyle-6.14-20151218.154749-79.jar
2/1089 KB   4/1089 KB   6/1089 KB   8/1089 KB   10/1089 KB   12/1089 KB   14/1089 KB   16/1089 KB   18/1089 KB   20/1089 KB   22/1089 KB   24/1089 KB   26/1089 KB   28/1089 KB   30/1089 KB   32/1089 KB   34/1089 KB   36/1089 KB   38/1089 KB   40/1089 KB   42/1089 KB   44/1089 KB   46/1089 KB   48/1089 KB   50/1089 KB   52/1089 KB   54/1089 KB   56/1089 KB   58/1089 KB   60/1089 KB   62/1089 KB   64/1089 KB   66/1089 KB   68/1089 KB   70/1089 KB   72/1089 KB   74/1089 KB   76/1089 KB   78/1089 KB   80/1089 KB   82/1089 KB   84/1089 KB   86/1089 KB   88/1089 KB   90/1089 KB   92/1089 KB   94/1089 KB   96/1089 KB   98/1089 KB   100/1089 KB   102/1089 KB   104/1089 KB   106/1089 KB   108/1089 KB   110/1089 KB   112/1089 KB   114/1089 KB   116/1089 KB   118/1089 KB   120/1089 KB   122/1089 KB   124/1089 KB   126/1089 KB   128/1089 KB   130/1089 KB   132/1089 KB   134/1089 KB   136/1089 KB   138/1089 KB   140/1089 KB   142/1089 KB   144/1089 KB   146/1089 KB   148/1089 KB   150/1089 KB   152/1089 KB   154/1089 KB   156/1089 KB   158/1089 KB   160/1089 KB   162/1089 KB   164/1089 KB   166/1089 KB   168/1089 KB   170/1089 KB   172/1089 KB   174/1089 KB   176/1089 KB   178/1089 KB   180/1089 KB   182/1089 KB   184/1089 KB   186/1089 KB   188/1089 KB   190/1089 KB   192/1089 KB   194/1089 KB   196/1089 KB   198/1089 KB   200/1089 KB   202/1089 KB   204/1089 KB   206/1089 KB   208/1089 KB   210/1089 KB   212/1089 KB   214/1089 KB   216/1089 KB   218/1089 KB   220/1089 KB   222/1089 KB   224/1089 KB   226/1089 KB   228/1089 KB   230/1089 KB   232/1089 KB   234/1089 KB   236/1089 KB   238/1089 KB   240/1089 KB   242/1089 KB   244/1089 KB   246/1089 KB   248/1089 KB   250/1089 KB   252/1089 KB   254/1089 KB   256/1089 KB   258/1089 KB   260/1089 KB   262/1089 KB   264/1089 KB   266/1089 KB   268/1089 KB   270/1089 KB   272/1089 KB   274/1089 KB   276/1089 KB   278/1089 KB   280/1089 KB   282/1089 KB   284/1089 KB   286/1089 KB   288/1089 KB   290/1089 KB   292/1089 KB   294/1089 KB   296/1089 KB   298/1089 KB   300/1089 KB   302/1089 KB   304/1089 KB   306/1089 KB   308/1089 KB   310/1089 KB   312/1089 KB   314/1089 KB   316/1089 KB   318/1089 KB   320/1089 KB   322/1089 KB   324/1089 KB   326/1089 KB   328/1089 KB   330/1089 KB   332/1089 KB   334/1089 KB   336/1089 KB   338/1089 KB   340/1089 KB   342/1089 KB   344/1089 KB   346/1089 KB   348/1089 KB   350/1089 KB   352/1089 KB   354/1089 KB   356/1089 KB   358/1089 KB   360/1089 KB   362/1089 KB   364/1089 KB   366/1089 KB   368/1089 KB   370/1089 KB   372/1089 KB   374/1089 KB   376/1089 KB   378/1089 KB   380/1089 KB   382/1089 KB   384/1089 KB   386/1089 KB   388/1089 KB   390/1089 KB   392/1089 KB   394/1089 KB   396/1089 KB   398/1089 KB   400/1089 KB   402/1089 KB   404/1089 KB   406/1089 KB   408/1089 KB   410/1089 KB   412/1089 KB   414/1089 KB   416/1089 KB   418/1089 KB   420/1089 KB   422/1089 KB   424/1089 KB   426/1089 KB   428/1089 KB   430/1089 KB   432/1089 KB   434/1089 KB   436/1089 KB   438/1089 KB   440/1089 KB   442/1089 KB   444/1089 KB   446/1089 KB   448/1089 KB   450/1089 KB   452/1089 KB   454/1089 KB   456/1089 KB   458/1089 KB   460/1089 KB   462/1089 KB   464/1089 KB   466/1089 KB   468/1089 KB   470/1089 KB   472/1089 KB   474/1089 KB   476/1089 KB   478/1089 KB   480/1089 KB   482/1089 KB   484/1089 KB   486/1089 KB   488/1089 KB   490/1089 KB   492/1089 KB   494/1089 KB   496/1089 KB   498/1089 KB   500/1089 KB   502/1089 KB   504/1089 KB   506/1089 KB   508/1089 KB   510/1089 KB   512/1089 KB   514/1089 KB   516/1089 KB   518/1089 KB   520/1089 KB   522/1089 KB   524/1089 KB   526/1089 KB   528/1089 KB   530/1089 KB   532/1089 KB   534/1089 KB   536/1089 KB   538/1089 KB   540/1089 KB   542/1089 KB   544/1089 KB   546/1089 KB   548/1089 KB   550/1089 KB   552/1089 KB   554/1089 KB   556/1089 KB   558/1089 KB   560/1089 KB   562/1089 KB   564/1089 KB   566/1089 KB   568/1089 KB   570/1089 KB   572/1089 KB   574/1089 KB   576/1089 KB   578/1089 KB   580/1089 KB   582/1089 KB   584/1089 KB   586/1089 KB   588/1089 KB   590/1089 KB   592/1089 KB   594/1089 KB   596/1089 KB   598/1089 KB   600/1089 KB   602/1089 KB   604/1089 KB   606/1089 KB   608/1089 KB   610/1089 KB   612/1089 KB   614/1089 KB   616/1089 KB   618/1089 KB   620/1089 KB   622/1089 KB   624/1089 KB   626/1089 KB   628/1089 KB   630/1089 KB   632/1089 KB   634/1089 KB   636/1089 KB   638/1089 KB   640/1089 KB   642/1089 KB   644/1089 KB   646/1089 KB   648/1089 KB   650/1089 KB   652/1089 KB   654/1089 KB   656/1089 KB   658/1089 KB   660/1089 KB   662/1089 KB   664/1089 KB   666/1089 KB   668/1089 KB   670/1089 KB   672/1089 KB   674/1089 KB   676/1089 KB   678/1089 KB   680/1089 KB   682/1089 KB   684/1089 KB   686/1089 KB   688/1089 KB   690/1089 KB   692/1089 KB   694/1089 KB   696/1089 KB   698/1089 KB   700/1089 KB   702/1089 KB   704/1089 KB   706/1089 KB   708/1089 KB   710/1089 KB   712/1089 KB   714/1089 KB   716/1089 KB   718/1089 KB   720/1089 KB   722/1089 KB   724/1089 KB   726/1089 KB   728/1089 KB   730/1089 KB   732/1089 KB   734/1089 KB   736/1089 KB   738/1089 KB   740/1089 KB   742/1089 KB   744/1089 KB   746/1089 KB   748/1089 KB   750/1089 KB   752/1089 KB   754/1089 KB   756/1089 KB   758/1089 KB   760/1089 KB   762/1089 KB   764/1089 KB   766/1089 KB   768/1089 KB   770/1089 KB   772/1089 KB   774/1089 KB   776/1089 KB   778/1089 KB   780/1089 KB   782/1089 KB   784/1089 KB   786/1089 KB   788/1089 KB   790/1089 KB   792/1089 KB   794/1089 KB   796/1089 KB   798/1089 KB   800/1089 KB   802/1089 KB   804/1089 KB   806/1089 KB   808/1089 KB   810/1089 KB   812/1089 KB   814/1089 KB   816/1089 KB   818/1089 KB   820/1089 KB   822/1089 KB   824/1089 KB   826/1089 KB   828/1089 KB   830/1089 KB   832/1089 KB   834/1089 KB   836/1089 KB   838/1089 KB   840/1089 KB   842/1089 KB   844/1089 KB   846/1089 KB   848/1089 KB   850/1089 KB   852/1089 KB   854/1089 KB   856/1089 KB   858/1089 KB   860/1089 KB   862/1089 KB   864/1089 KB   866/1089 KB   868/1089 KB   870/1089 KB   872/1089 KB   874/1089 KB   876/1089 KB   878/1089 KB   880/1089 KB   882/1089 KB   884/1089 KB   886/1089 KB   888/1089 KB   890/1089 KB   892/1089 KB   894/1089 KB   896/1089 KB   898/1089 KB   900/1089 KB   902/1089 KB   904/1089 KB   906/1089 KB   908/1089 KB   910/1089 KB   912/1089 KB   914/1089 KB   916/1089 KB   918/1089 KB   920/1089 KB   922/1089 KB   924/1089 KB   926/1089 KB   928/1089 KB   930/1089 KB   932/1089 KB   934/1089 KB   936/1089 KB   938/1089 KB   940/1089 KB   942/1089 KB   944/1089 KB   946/1089 KB   948/1089 KB   950/1089 KB   952/1089 KB   954/1089 KB   956/1089 KB   958/1089 KB   960/1089 KB   962/1089 KB   964/1089 KB   966/1089 KB   968/1089 KB   970/1089 KB   972/1089 KB   974/1089 KB   976/1089 KB   978/1089 KB   980/1089 KB   982/1089 KB   984/1089 KB   986/1089 KB   988/1089 KB   990/1089 KB   992/1089 KB   994/1089 KB   996/1089 KB   998/1089 KB   1000/1089 KB   1002/1089 KB   1004/1089 KB   1006/1089 KB   1008/1089 KB   1010/1089 KB   1012/1089 KB   1014/1089 KB   1016/1089 KB   1018/1089 KB   1020/1089 KB   1022/1089 KB   1024/1089 KB   1026/1089 KB   1028/1089 KB   1030/1089 KB   1032/1089 KB   1034/1089 KB   1036/1089 KB   1038/1089 KB   1040/1089 KB   1042/1089 KB   1044/1089 KB   1046/1089 KB   1048/1089 KB   1050/1089 KB   1052/1089 KB   1054/1089 KB   1056/1089 KB   1058/1089 KB   1060/1089 KB   1062/1089 KB   1064/1089 KB   1066/1089 KB   1068/1089 KB   1070/1089 KB   1072/1089 KB   1074/1089 KB   1076/1089 KB   1078/1089 KB   1080/1089 KB   1082/1089 KB   1084/1089 KB   1086/1089 KB   1088/1089 KB   1089/1089 KB                  Uploaded: https://oss.sonatype.org/content/repositories/snapshots/com/puppycrawl/tools/checkstyle/6.14-SNAPSHOT/checkstyle-6.14-20151218.154749-79.jar (1089 KB at 1459.5 KB/sec)
Uploading: https://oss.sonatype.org/content/repositories/snapshots/com/puppycrawl/tools/checkstyle/6.14-SNAPSHOT/checkstyle-6.14-20151218.154749-79.pom
2/66 KB        4/66 KB   6/66 KB   8/66 KB   10/66 KB   12/66 KB   14/66 KB   16/66 KB   18/66 KB   20/66 KB   22/66 KB   24/66 KB   26/66 KB   28/66 KB   30/66 KB   32/66 KB   34/66 KB   36/66 KB   38/66 KB   40/66 KB   42/66 KB   44/66 KB   46/66 KB   48/66 KB   50/66 KB   52/66 KB   54/66 KB   56/66 KB   58/66 KB   60/66 KB   62/66 KB   64/66 KB   66/66 KB              Uploaded: https://oss.sonatype.org/content/repositories/snapshots/com/puppycrawl/tools/checkstyle/6.14-SNAPSHOT/checkstyle-6.14-20151218.154749-79.pom (66 KB at 367.9 KB/sec)
Downloading: https://oss.sonatype.org/content/repositories/snapshots/com/puppycrawl/tools/checkstyle/maven-metadata.xml
389/389 B               Downloaded: https://oss.sonatype.org/content/repositories/snapshots/com/puppycrawl/tools/checkstyle/maven-metadata.xml (389 B at 5.6 KB/sec)
Uploading: https://oss.sonatype.org/content/repositories/snapshots/com/puppycrawl/tools/checkstyle/6.14-SNAPSHOT/maven-metadata.xml
992/992 B               Uploaded: https://oss.sonatype.org/content/repositories/snapshots/com/puppycrawl/tools/checkstyle/6.14-SNAPSHOT/maven-metadata.xml (992 B at 7.6 KB/sec)
Uploading: https://oss.sonatype.org/content/repositories/snapshots/com/puppycrawl/tools/checkstyle/maven-metadata.xml
389/389 B               Uploaded: https://oss.sonatype.org/content/repositories/snapshots/com/puppycrawl/tools/checkstyle/maven-metadata.xml (389 B at 2.8 KB/sec)
Uploading: https://oss.sonatype.org/content/repositories/snapshots/com/puppycrawl/tools/checkstyle/6.14-SNAPSHOT/checkstyle-6.14-20151218.154749-79-tests.jar
2/2437 KB   4/2437 KB   6/2437 KB   8/2437 KB   10/2437 KB   12/2437 KB   14/2437 KB   16/2437 KB   18/2437 KB   20/2437 KB   22/2437 KB   24/2437 KB   26/2437 KB   28/2437 KB   30/2437 KB   32/2437 KB   34/2437 KB   36/2437 KB   38/2437 KB   40/2437 KB   42/2437 KB   44/2437 KB   46/2437 KB   48/2437 KB   50/2437 KB   52/2437 KB   54/2437 KB   56/2437 KB   58/2437 KB   60/2437 KB   62/2437 KB   64/2437 KB   66/2437 KB   68/2437 KB   70/2437 KB   72/2437 KB   74/2437 KB   76/2437 KB   78/2437 KB   80/2437 KB   82/2437 KB   84/2437 KB   86/2437 KB   88/2437 KB   90/2437 KB   92/2437 KB   94/2437 KB   96/2437 KB   98/2437 KB   100/2437 KB   102/2437 KB   104/2437 KB   106/2437 KB   108/2437 KB   110/2437 KB   112/2437 KB   114/2437 KB   116/2437 KB   118/2437 KB   120/2437 KB   122/2437 KB   124/2437 KB   126/2437 KB   128/2437 KB   130/2437 KB   132/2437 KB   134/2437 KB   136/2437 KB   138/2437 KB   140/2437 KB   142/2437 KB   144/2437 KB   146/2437 KB   148/2437 KB   150/2437 KB   152/2437 KB   154/2437 KB   156/2437 KB   158/2437 KB   160/2437 KB   162/2437 KB   164/2437 KB   166/2437 KB   168/2437 KB   170/2437 KB   172/2437 KB   174/2437 KB   176/2437 KB   178/2437 KB   180/2437 KB   182/2437 KB   184/2437 KB   186/2437 KB   188/2437 KB   190/2437 KB   192/2437 KB   194/2437 KB   196/2437 KB   198/2437 KB   200/2437 KB   202/2437 KB   204/2437 KB   206/2437 KB   208/2437 KB   210/2437 KB   212/2437 KB   214/2437 KB   216/2437 KB   218/2437 KB   220/2437 KB   222/2437 KB   224/2437 KB   226/2437 KB   228/2437 KB   230/2437 KB   232/2437 KB   234/2437 KB   236/2437 KB   238/2437 KB   240/2437 KB   242/2437 KB   244/2437 KB   246/2437 KB   248/2437 KB   250/2437 KB   252/2437 KB   254/2437 KB   256/2437 KB   258/2437 KB   260/2437 KB   262/2437 KB   264/2437 KB   266/2437 KB   268/2437 KB   270/2437 KB   272/2437 KB   274/2437 KB   276/2437 KB   278/2437 KB   280/2437 KB   282/2437 KB   284/2437 KB   286/2437 KB   288/2437 KB   290/2437 KB   292/2437 KB   294/2437 KB   296/2437 KB   298/2437 KB   300/2437 KB   302/2437 KB   304/2437 KB   306/2437 KB   308/2437 KB   310/2437 KB   312/2437 KB   314/2437 KB   316/2437 KB   318/2437 KB   320/2437 KB   322/2437 KB   324/2437 KB   326/2437 KB   328/2437 KB   330/2437 KB   332/2437 KB   334/2437 KB   336/2437 KB   338/2437 KB   340/2437 KB   342/2437 KB   344/2437 KB   346/2437 KB   348/2437 KB   350/2437 KB   352/2437 KB   354/2437 KB   356/2437 KB   358/2437 KB   360/2437 KB   362/2437 KB   364/2437 KB   366/2437 KB   368/2437 KB   370/2437 KB   372/2437 KB   374/2437 KB   376/2437 KB   378/2437 KB   380/2437 KB   382/2437 KB   384/2437 KB   386/2437 KB   388/2437 KB   390/2437 KB   392/2437 KB   394/2437 KB   396/2437 KB   398/2437 KB   400/2437 KB   402/2437 KB   404/2437 KB   406/2437 KB   408/2437 KB   410/2437 KB   412/2437 KB   414/2437 KB   416/2437 KB   418/2437 KB   420/2437 KB   422/2437 KB   424/2437 KB   426/2437 KB   428/2437 KB   430/2437 KB   432/2437 KB   434/2437 KB   436/2437 KB   438/2437 KB   440/2437 KB   442/2437 KB   444/2437 KB   446/2437 KB   448/2437 KB   450/2437 KB   452/2437 KB   454/2437 KB   456/2437 KB   458/2437 KB   460/2437 KB   462/2437 KB   464/2437 KB   466/2437 KB   468/2437 KB   470/2437 KB   472/2437 KB   474/2437 KB   476/2437 KB   478/2437 KB   480/2437 KB   482/2437 KB   484/2437 KB   486/2437 KB   488/2437 KB   490/2437 KB   492/2437 KB   494/2437 KB   496/2437 KB   498/2437 KB   500/2437 KB   502/2437 KB   504/2437 KB   506/2437 KB   508/2437 KB   510/2437 KB   512/2437 KB   514/2437 KB   516/2437 KB   518/2437 KB   520/2437 KB   522/2437 KB   524/2437 KB   526/2437 KB   528/2437 KB   530/2437 KB   532/2437 KB   534/2437 KB   536/2437 KB   538/2437 KB   540/2437 KB   542/2437 KB   544/2437 KB   546/2437 KB   548/2437 KB   550/2437 KB   552/2437 KB   554/2437 KB   556/2437 KB   558/2437 KB   560/2437 KB   562/2437 KB   564/2437 KB   566/2437 KB   568/2437 KB   570/2437 KB   572/2437 KB   574/2437 KB   576/2437 KB   578/2437 KB   580/2437 KB   582/2437 KB   584/2437 KB   586/2437 KB   588/2437 KB   590/2437 KB   592/2437 KB   594/2437 KB   596/2437 KB   598/2437 KB   600/2437 KB   602/2437 KB   604/2437 KB   606/2437 KB   608/2437 KB   610/2437 KB   612/2437 KB   614/2437 KB   616/2437 KB   618/2437 KB   620/2437 KB   622/2437 KB   624/2437 KB   626/2437 KB   628/2437 KB   630/2437 KB   632/2437 KB   634/2437 KB   636/2437 KB   638/2437 KB   640/2437 KB   642/2437 KB   644/2437 KB   646/2437 KB   648/2437 KB   650/2437 KB   652/2437 KB   654/2437 KB   656/2437 KB   658/2437 KB   660/2437 KB   662/2437 KB   664/2437 KB   666/2437 KB   668/2437 KB   670/2437 KB   672/2437 KB   674/2437 KB   676/2437 KB   678/2437 KB   680/2437 KB   682/2437 KB   684/2437 KB   686/2437 KB   688/2437 KB   690/2437 KB   692/2437 KB   694/2437 KB   696/2437 KB   698/2437 KB   700/2437 KB   702/2437 KB   704/2437 KB   706/2437 KB   708/2437 KB   710/2437 KB   712/2437 KB   714/2437 KB   716/2437 KB   718/2437 KB   720/2437 KB   722/2437 KB   724/2437 KB   726/2437 KB   728/2437 KB   730/2437 KB   732/2437 KB   734/2437 KB   736/2437 KB   738/2437 KB   740/2437 KB   742/2437 KB   744/2437 KB   746/2437 KB   748/2437 KB   750/2437 KB   752/2437 KB   754/2437 KB   756/2437 KB   758/2437 KB   760/2437 KB   762/2437 KB   764/2437 KB   766/2437 KB   768/2437 KB   770/2437 KB   772/2437 KB   774/2437 KB   776/2437 KB   778/2437 KB   780/2437 KB   782/2437 KB   784/2437 KB   786/2437 KB   788/2437 KB   790/2437 KB   792/2437 KB   794/2437 KB   796/2437 KB   798/2437 KB   800/2437 KB   802/2437 KB   804/2437 KB   806/2437 KB   808/2437 KB   810/2437 KB   812/2437 KB   814/2437 KB   816/2437 KB   818/2437 KB   820/2437 KB   822/2437 KB   824/2437 KB   826/2437 KB   828/2437 KB   830/2437 KB   832/2437 KB   834/2437 KB   836/2437 KB   838/2437 KB   840/2437 KB   842/2437 KB   844/2437 KB   846/2437 KB   848/2437 KB   850/2437 KB   852/2437 KB   854/2437 KB   856/2437 KB   858/2437 KB   860/2437 KB   862/2437 KB   864/2437 KB   866/2437 KB   868/2437 KB   870/2437 KB   872/2437 KB   874/2437 KB   876/2437 KB   878/2437 KB   880/2437 KB   882/2437 KB   884/2437 KB   886/2437 KB   888/2437 KB   890/2437 KB   892/2437 KB   894/2437 KB   896/2437 KB   898/2437 KB   900/2437 KB   902/2437 KB   904/2437 KB   906/2437 KB   908/2437 KB   910/2437 KB   912/2437 KB   914/2437 KB   916/2437 KB   918/2437 KB   920/2437 KB   922/2437 KB   924/2437 KB   926/2437 KB   928/2437 KB   930/2437 KB   932/2437 KB   934/2437 KB   936/2437 KB   938/2437 KB   940/2437 KB   942/2437 KB   944/2437 KB   946/2437 KB   948/2437 KB   950/2437 KB   952/2437 KB   954/2437 KB   956/2437 KB   958/2437 KB   960/2437 KB   962/2437 KB   964/2437 KB   966/2437 KB   968/2437 KB   970/2437 KB   972/2437 KB   974/2437 KB   976/2437 KB   978/2437 KB   980/2437 KB   982/2437 KB   984/2437 KB   986/2437 KB   988/2437 KB   990/2437 KB   992/2437 KB   994/2437 KB   996/2437 KB   998/2437 KB   1000/2437 KB   1002/2437 KB   1004/2437 KB   1006/2437 KB   1008/2437 KB   1010/2437 KB   1012/2437 KB   1014/2437 KB   1016/2437 KB   1018/2437 KB   1020/2437 KB   1022/2437 KB   1024/2437 KB   1026/2437 KB   1028/2437 KB   1030/2437 KB   1032/2437 KB   1034/2437 KB   1036/2437 KB   1038/2437 KB   1040/2437 KB   1042/2437 KB   1044/2437 KB   1046/2437 KB   1048/2437 KB   1050/2437 KB   1052/2437 KB   1054/2437 KB   1056/2437 KB   1058/2437 KB   1060/2437 KB   1062/2437 KB   1064/2437 KB   1066/2437 KB   1068/2437 KB   1070/2437 KB   1072/2437 KB   1074/2437 KB   1076/2437 KB   1078/2437 KB   1080/2437 KB   1082/2437 KB   1084/2437 KB   1086/2437 KB   1088/2437 KB   1090/2437 KB   1092/2437 KB   1094/2437 KB   1096/2437 KB   1098/2437 KB   1100/2437 KB   1102/2437 KB   1104/2437 KB   1106/2437 KB   1108/2437 KB   1110/2437 KB   1112/2437 KB   1114/2437 KB   1116/2437 KB   1118/2437 KB   1120/2437 KB   1122/2437 KB   1124/2437 KB   1126/2437 KB   1128/2437 KB   1130/2437 KB   1132/2437 KB   1134/2437 KB   1136/2437 KB   1138/2437 KB   1140/2437 KB   1142/2437 KB   1144/2437 KB   1146/2437 KB   1148/2437 KB   1150/2437 KB   1152/2437 KB   1154/2437 KB   1156/2437 KB   1158/2437 KB   1160/2437 KB   1162/2437 KB   1164/2437 KB   1166/2437 KB   1168/2437 KB   1170/2437 KB   1172/2437 KB   1174/2437 KB   1176/2437 KB   1178/2437 KB   1180/2437 KB   1182/2437 KB   1184/2437 KB   1186/2437 KB   1188/2437 KB   1190/2437 KB   1192/2437 KB   1194/2437 KB   1196/2437 KB   1198/2437 KB   1200/2437 KB   1202/2437 KB   1204/2437 KB   1206/2437 KB   1208/2437 KB   1210/2437 KB   1212/2437 KB   1214/2437 KB   1216/2437 KB   1218/2437 KB   1220/2437 KB   1222/2437 KB   1224/2437 KB   1226/2437 KB   1228/2437 KB   1230/2437 KB   1232/2437 KB   1234/2437 KB   1236/2437 KB   1238/2437 KB   1240/2437 KB   1242/2437 KB   1244/2437 KB   1246/2437 KB   1248/2437 KB   1250/2437 KB   1252/2437 KB   1254/2437 KB   1256/2437 KB   1258/2437 KB   1260/2437 KB   1262/2437 KB   1264/2437 KB   1266/2437 KB   1268/2437 KB   1270/2437 KB   1272/2437 KB   1274/2437 KB   1276/2437 KB   1278/2437 KB   1280/2437 KB   1282/2437 KB   1284/2437 KB   1286/2437 KB   1288/2437 KB   1290/2437 KB   1292/2437 KB   1294/2437 KB   1296/2437 KB   1298/2437 KB   1300/2437 KB   1302/2437 KB   1304/2437 KB   1306/2437 KB   1308/2437 KB   1310/2437 KB   1312/2437 KB   1314/2437 KB   1316/2437 KB   1318/2437 KB   1320/2437 KB   1322/2437 KB   1324/2437 KB   1326/2437 KB   1328/2437 KB   1330/2437 KB   1332/2437 KB   1334/2437 KB   1336/2437 KB   1338/2437 KB   1340/2437 KB   1342/2437 KB   1344/2437 KB   1346/2437 KB   1348/2437 KB   1350/2437 KB   1352/2437 KB   1354/2437 KB   1356/2437 KB   1358/2437 KB   1360/2437 KB   1362/2437 KB   1364/2437 KB   1366/2437 KB   1368/2437 KB   1370/2437 KB   1372/2437 KB   1374/2437 KB   1376/2437 KB   1378/2437 KB   1380/2437 KB   1382/2437 KB   1384/2437 KB   1386/2437 KB   1388/2437 KB   1390/2437 KB   1392/2437 KB   1394/2437 KB   1396/2437 KB   1398/2437 KB   1400/2437 KB   1402/2437 KB   1404/2437 KB   1406/2437 KB   1408/2437 KB   1410/2437 KB   1412/2437 KB   1414/2437 KB   1416/2437 KB   1418/2437 KB   1420/2437 KB   1422/2437 KB   1424/2437 KB   1426/2437 KB   1428/2437 KB   1430/2437 KB   1432/2437 KB   1434/2437 KB   1436/2437 KB   1438/2437 KB   1440/2437 KB   1442/2437 KB   1444/2437 KB   1446/2437 KB   1448/2437 KB   1450/2437 KB   1452/2437 KB   1454/2437 KB   1456/2437 KB   1458/2437 KB   1460/2437 KB   1462/2437 KB   1464/2437 KB   1466/2437 KB   1468/2437 KB   1470/2437 KB   1472/2437 KB   1474/2437 KB   1476/2437 KB   1478/2437 KB   1480/2437 KB   1482/2437 KB   1484/2437 KB   1486/2437 KB   1488/2437 KB   1490/2437 KB   1492/2437 KB   1494/2437 KB   1496/2437 KB   1498/2437 KB   1500/2437 KB   1502/2437 KB   1504/2437 KB   1506/2437 KB   1508/2437 KB   1510/2437 KB   1512/2437 KB   1514/2437 KB   1516/2437 KB   1518/2437 KB   1520/2437 KB   1522/2437 KB   1524/2437 KB   1526/2437 KB   1528/2437 KB   1530/2437 KB   1532/2437 KB   1534/2437 KB   1536/2437 KB   1538/2437 KB   1540/2437 KB   1542/2437 KB   1544/2437 KB   1546/2437 KB   1548/2437 KB   1550/2437 KB   1552/2437 KB   1554/2437 KB   1556/2437 KB   1558/2437 KB   1560/2437 KB   1562/2437 KB   1564/2437 KB   1566/2437 KB   1568/2437 KB   1570/2437 KB   1572/2437 KB   1574/2437 KB   1576/2437 KB   1578/2437 KB   1580/2437 KB   1582/2437 KB   1584/2437 KB   1586/2437 KB   1588/2437 KB   1590/2437 KB   1592/2437 KB   1594/2437 KB   1596/2437 KB   1598/2437 KB   1600/2437 KB   1602/2437 KB   1604/2437 KB   1606/2437 KB   1608/2437 KB   1610/2437 KB   1612/2437 KB   1614/2437 KB   1616/2437 KB   1618/2437 KB   1620/2437 KB   1622/2437 KB   1624/2437 KB   1626/2437 KB   1628/2437 KB   1630/2437 KB   1632/2437 KB   1634/2437 KB   1636/2437 KB   1638/2437 KB   1640/2437 KB   1642/2437 KB   1644/2437 KB   1646/2437 KB   1648/2437 KB   1650/2437 KB   1652/2437 KB   1654/2437 KB   1656/2437 KB   1658/2437 KB   1660/2437 KB   1662/2437 KB   1664/2437 KB   1666/2437 KB   1668/2437 KB   1670/2437 KB   1672/2437 KB   1674/2437 KB   1676/2437 KB   1678/2437 KB   1680/2437 KB   1682/2437 KB   1684/2437 KB   1686/2437 KB   1688/2437 KB   1690/2437 KB   1692/2437 KB   1694/2437 KB   1696/2437 KB   1698/2437 KB   1700/2437 KB   1702/2437 KB   1704/2437 KB   1706/2437 KB   1708/2437 KB   1710/2437 KB   1712/2437 KB   1714/2437 KB   1716/2437 KB   1718/2437 KB   1720/2437 KB   1722/2437 KB   1724/2437 KB   1726/2437 KB   1728/2437 KB   1730/2437 KB   1732/2437 KB   1734/2437 KB   1736/2437 KB   1738/2437 KB   1740/2437 KB   1742/2437 KB   1744/2437 KB   1746/2437 KB   1748/2437 KB   1750/2437 KB   1752/2437 KB   1754/2437 KB   1756/2437 KB   1758/2437 KB   1760/2437 KB   1762/2437 KB   1764/2437 KB   1766/2437 KB   1768/2437 KB   1770/2437 KB   1772/2437 KB   1774/2437 KB   1776/2437 KB   1778/2437 KB   1780/2437 KB   1782/2437 KB   1784/2437 KB   1786/2437 KB   1788/2437 KB   1790/2437 KB   1792/2437 KB   1794/2437 KB   1796/2437 KB   1798/2437 KB   1800/2437 KB   1802/2437 KB   1804/2437 KB   1806/2437 KB   1808/2437 KB   1810/2437 KB   1812/2437 KB   1814/2437 KB   1816/2437 KB   1818/2437 KB   1820/2437 KB   1822/2437 KB   1824/2437 KB   1826/2437 KB   1828/2437 KB   1830/2437 KB   1832/2437 KB   1834/2437 KB   1836/2437 KB   1838/2437 KB   1840/2437 KB   1842/2437 KB   1844/2437 KB   1846/2437 KB   1848/2437 KB   1850/2437 KB   1852/2437 KB   1854/2437 KB   1856/2437 KB   1858/2437 KB   1860/2437 KB   1862/2437 KB   1864/2437 KB   1866/2437 KB   1868/2437 KB   1870/2437 KB   1872/2437 KB   1874/2437 KB   1876/2437 KB   1878/2437 KB   1880/2437 KB   1882/2437 KB   1884/2437 KB   1886/2437 KB   1888/2437 KB   1890/2437 KB   1892/2437 KB   1894/2437 KB   1896/2437 KB   1898/2437 KB   1900/2437 KB   1902/2437 KB   1904/2437 KB   1906/2437 KB   1908/2437 KB   1910/2437 KB   1912/2437 KB   1914/2437 KB   1916/2437 KB   1918/2437 KB   1920/2437 KB   1922/2437 KB   1924/2437 KB   1926/2437 KB   1928/2437 KB   1930/2437 KB   1932/2437 KB   1934/2437 KB   1936/2437 KB   1938/2437 KB   1940/2437 KB   1942/2437 KB   1944/2437 KB   1946/2437 KB   1948/2437 KB   1950/2437 KB   1952/2437 KB   1954/2437 KB   1956/2437 KB   1958/2437 KB   1960/2437 KB   1962/2437 KB   1964/2437 KB   1966/2437 KB   1968/2437 KB   1970/2437 KB   1972/2437 KB   1974/2437 KB   1976/2437 KB   1978/2437 KB   1980/2437 KB   1982/2437 KB   1984/2437 KB   1986/2437 KB   1988/2437 KB   1990/2437 KB   1992/2437 KB   1994/2437 KB   1996/2437 KB   1998/2437 KB   2000/2437 KB   2002/2437 KB   2004/2437 KB   2006/2437 KB   2008/2437 KB   2010/2437 KB   2012/2437 KB   2014/2437 KB   2016/2437 KB   2018/2437 KB   2020/2437 KB   2022/2437 KB   2024/2437 KB   2026/2437 KB   2028/2437 KB   2030/2437 KB   2032/2437 KB   2034/2437 KB   2036/2437 KB   2038/2437 KB   2040/2437 KB   2042/2437 KB   2044/2437 KB   2046/2437 KB   2048/2437 KB   2050/2437 KB   2052/2437 KB   2054/2437 KB   2056/2437 KB   2058/2437 KB   2060/2437 KB   2062/2437 KB   2064/2437 KB   2066/2437 KB   2068/2437 KB   2070/2437 KB   2072/2437 KB   2074/2437 KB   2076/2437 KB   2078/2437 KB   2080/2437 KB   2082/2437 KB   2084/2437 KB   2086/2437 KB   2088/2437 KB   2090/2437 KB   2092/2437 KB   2094/2437 KB   2096/2437 KB   2098/2437 KB   2100/2437 KB   2102/2437 KB   2104/2437 KB   2106/2437 KB   2108/2437 KB   2110/2437 KB   2112/2437 KB   2114/2437 KB   2116/2437 KB   2118/2437 KB   2120/2437 KB   2122/2437 KB   2124/2437 KB   2126/2437 KB   2128/2437 KB   2130/2437 KB   2132/2437 KB   2134/2437 KB   2136/2437 KB   2138/2437 KB   2140/2437 KB   2142/2437 KB   2144/2437 KB   2146/2437 KB   2148/2437 KB   2150/2437 KB   2152/2437 KB   2154/2437 KB   2156/2437 KB   2158/2437 KB   2160/2437 KB   2162/2437 KB   2164/2437 KB   2166/2437 KB   2168/2437 KB   2170/2437 KB   2172/2437 KB   2174/2437 KB   2176/2437 KB   2178/2437 KB   2180/2437 KB   2182/2437 KB   2184/2437 KB   2186/2437 KB   2188/2437 KB   2190/2437 KB   2192/2437 KB   2194/2437 KB   2196/2437 KB   2198/2437 KB   2200/2437 KB   2202/2437 KB   2204/2437 KB   2206/2437 KB   2208/2437 KB   2210/2437 KB   2212/2437 KB   2214/2437 KB   2216/2437 KB   2218/2437 KB   2220/2437 KB   2222/2437 KB   2224/2437 KB   2226/2437 KB   2228/2437 KB   2230/2437 KB   2232/2437 KB   2234/2437 KB   2236/2437 KB   2238/2437 KB   2240/2437 KB   2242/2437 KB   2244/2437 KB   2246/2437 KB   2248/2437 KB   2250/2437 KB   2252/2437 KB   2254/2437 KB   2256/2437 KB   2258/2437 KB   2260/2437 KB   2262/2437 KB   2264/2437 KB   2266/2437 KB   2268/2437 KB   2270/2437 KB   2272/2437 KB   2274/2437 KB   2276/2437 KB   2278/2437 KB   2280/2437 KB   2282/2437 KB   2284/2437 KB   2286/2437 KB   2288/2437 KB   2290/2437 KB   2292/2437 KB   2294/2437 KB   2296/2437 KB   2298/2437 KB   2300/2437 KB   2302/2437 KB   2304/2437 KB   2306/2437 KB   2308/2437 KB   2310/2437 KB   2312/2437 KB   2314/2437 KB   2316/2437 KB   2318/2437 KB   2320/2437 KB   2322/2437 KB   2324/2437 KB   2326/2437 KB   2328/2437 KB   2330/2437 KB   2332/2437 KB   2334/2437 KB   2336/2437 KB   2338/2437 KB   2340/2437 KB   2342/2437 KB   2344/2437 KB   2346/2437 KB   2348/2437 KB   2350/2437 KB   2352/2437 KB   2354/2437 KB   2356/2437 KB   2358/2437 KB   2360/2437 KB   2362/2437 KB   2364/2437 KB   2366/2437 KB   2368/2437 KB   2370/2437 KB   2372/2437 KB   2374/2437 KB   2376/2437 KB   2378/2437 KB   2380/2437 KB   2382/2437 KB   2384/2437 KB   2386/2437 KB   2388/2437 KB   2390/2437 KB   2392/2437 KB   2394/2437 KB   2396/2437 KB   2398/2437 KB   2400/2437 KB   2402/2437 KB   2404/2437 KB   2406/2437 KB   2408/2437 KB   2410/2437 KB   2412/2437 KB   2414/2437 KB   2416/2437 KB   2418/2437 KB   2420/2437 KB   2422/2437 KB   2424/2437 KB   2426/2437 KB   2428/2437 KB   2430/2437 KB   2432/2437 KB   2434/2437 KB   2436/2437 KB   2437/2437 KB                  Uploaded: https://oss.sonatype.org/content/repositories/snapshots/com/puppycrawl/tools/checkstyle/6.14-SNAPSHOT/checkstyle-6.14-20151218.154749-79-tests.jar (2437 KB at 2137.7 KB/sec)
Uploading: https://oss.sonatype.org/content/repositories/snapshots/com/puppycrawl/tools/checkstyle/6.14-SNAPSHOT/maven-metadata.xml
992/992 B                  Uploaded: https://oss.sonatype.org/content/repositories/snapshots/com/puppycrawl/tools/checkstyle/6.14-SNAPSHOT/maven-metadata.xml (992 B at 7.2 KB/sec)
[INFO] ------------------------------------------------------------------------
[INFO] BUILD SUCCESS
[INFO] ------------------------------------------------------------------------
[INFO] Total time: 01:16 min
[INFO] Finished at: 2015-12-18T15:47:51+00:00
[INFO] Final Memory: 58M/369M
[INFO] ------------------------------------------------------------------------
travis_time:end:0881db22:start=1450453594094824047,finish=1450453679368292670,duration=85273468623[0Ktravis_fold:end:after_success.2[0K
Done. Your build exited with 0.
