travis_fold:start:worker_info[0K[33;1mWorker information[0m
hostname: 6be7f3c1-ffe6-4587-b5ba-c2c4afd9dc3b@1.i-08ec0c6-production-2-worker-org-ec2.travisci.net
version: v3.4.0 https://github.com/travis-ci/worker/tree/ce0440bc30c289a49a9b0c21e4e1e6f7d7825101
instance: 22cd7fd travisci/ci-garnet:packer-1512502276-986baf0 (via amqp)
startup: 582.780664ms
travis_fold:end:worker_info[0Kmode of â€˜/usr/local/clang-5.0.0/binâ€™ changed from 0777 (rwxrwxrwx) to 0775 (rwxrwxr-x)
travis_fold:start:system_info[0K[33;1mBuild system information[0m
Build language: java
Build group: stable
Build dist: trusty
Build id: 334974496
Job id: 334974497
Runtime kernel version: 4.14.12-041412-generic
travis-build version: c08e7e0bc
[34m[1mBuild image provisioning date and time[0m
Tue Dec  5 20:11:19 UTC 2017
[34m[1mOperating System Details[0m
Distributor ID:	Ubuntu
Description:	Ubuntu 14.04.5 LTS
Release:	14.04
Codename:	trusty
[34m[1mCookbooks Version[0m
7c2c6a6 https://github.com/travis-ci/travis-cookbooks/tree/7c2c6a6
[34m[1mgit version[0m
git version 2.15.1
[34m[1mbash version[0m
GNU bash, version 4.3.11(1)-release (x86_64-pc-linux-gnu)
[34m[1mgcc version[0m
gcc (Ubuntu 4.8.4-2ubuntu1~14.04.3) 4.8.4
Copyright (C) 2013 Free Software Foundation, Inc.
This is free software; see the source for copying conditions.  There is NO
warranty; not even for MERCHANTABILITY or FITNESS FOR A PARTICULAR PURPOSE.

[34m[1mdocker version[0m
Client:
 Version:      17.09.0-ce
 API version:  1.32
 Go version:   go1.8.3
 Git commit:   afdb6d4
 Built:        Tue Sep 26 22:39:28 2017
 OS/Arch:      linux/amd64
[34m[1mclang version[0m
clang version 5.0.0 (tags/RELEASE_500/final)
Target: x86_64-unknown-linux-gnu
Thread model: posix
InstalledDir: /usr/local/clang-5.0.0/bin
[34m[1mjq version[0m
jq-1.5
[34m[1mbats version[0m
Bats 0.4.0
[34m[1mshellcheck version[0m
0.4.6
[34m[1mshfmt version[0m
v2.0.0
[34m[1mccache version[0m
ccache version 3.1.9

Copyright (C) 2002-2007 Andrew Tridgell
Copyright (C) 2009-2011 Joel Rosdahl

This program is free software; you can redistribute it and/or modify it under
the terms of the GNU General Public License as published by the Free Software
Foundation; either version 3 of the License, or (at your option) any later
version.
[34m[1mcmake version[0m
cmake version 3.9.2

CMake suite maintained and supported by Kitware (kitware.com/cmake).
[34m[1mheroku version[0m
heroku-cli/6.14.39-addc925 (linux-x64) node-v9.2.0
[34m[1mimagemagick version[0m
Version: ImageMagick 6.7.7-10 2017-07-31 Q16 http://www.imagemagick.org
[34m[1mmd5deep version[0m
4.2
[34m[1mmercurial version[0m
Mercurial Distributed SCM (version 4.2.2)
(see https://mercurial-scm.org for more information)

Copyright (C) 2005-2017 Matt Mackall and others
This is free software; see the source for copying conditions. There is NO
warranty; not even for MERCHANTABILITY or FITNESS FOR A PARTICULAR PURPOSE.
[34m[1mmysql version[0m
mysql  Ver 14.14 Distrib 5.6.33, for debian-linux-gnu (x86_64) using  EditLine wrapper
[34m[1mopenssl version[0m
OpenSSL 1.0.1f 6 Jan 2014
[34m[1mpacker version[0m
Packer v1.0.2

Your version of Packer is out of date! The latest version
is 1.1.2. You can update by downloading from www.packer.io
[34m[1mpostgresql client version[0m
psql (PostgreSQL) 9.6.6
[34m[1mragel version[0m
Ragel State Machine Compiler version 6.8 Feb 2013
Copyright (c) 2001-2009 by Adrian Thurston
[34m[1msubversion version[0m
svn, version 1.8.8 (r1568071)
   compiled Aug 10 2017, 17:20:39 on x86_64-pc-linux-gnu

Copyright (C) 2013 The Apache Software Foundation.
This software consists of contributions made by many people;
see the NOTICE file for more information.
Subversion is open source software, see http://subversion.apache.org/

The following repository access (RA) modules are available:

* ra_svn : Module for accessing a repository using the svn network protocol.
  - with Cyrus SASL authentication
  - handles 'svn' scheme
* ra_local : Module for accessing a repository on local disk.
  - handles 'file' scheme
* ra_serf : Module for accessing a repository via WebDAV protocol using serf.
  - using serf 1.3.3
  - handles 'http' scheme
  - handles 'https' scheme

[34m[1msudo version[0m
Sudo version 1.8.9p5
Configure options: --prefix=/usr -v --with-all-insults --with-pam --with-fqdn --with-logging=syslog --with-logfac=authpriv --with-env-editor --with-editor=/usr/bin/editor --with-timeout=15 --with-password-timeout=0 --with-passprompt=[sudo] password for %p:  --without-lecture --with-tty-tickets --disable-root-mailer --enable-admin-flag --with-sendmail=/usr/sbin/sendmail --with-timedir=/var/lib/sudo --mandir=/usr/share/man --libexecdir=/usr/lib/sudo --with-sssd --with-sssd-lib=/usr/lib/x86_64-linux-gnu --with-selinux
Sudoers policy plugin version 1.8.9p5
Sudoers file grammar version 43

Sudoers path: /etc/sudoers
Authentication methods: 'pam'
Syslog facility if syslog is being used for logging: authpriv
Syslog priority to use when user authenticates successfully: notice
Syslog priority to use when user authenticates unsuccessfully: alert
Send mail if the user is not in sudoers
Use a separate timestamp for each user/tty combo
Lecture user the first time they run sudo
Root may run sudo
Allow some information gathering to give useful error messages
Require fully-qualified hostnames in the sudoers file
Visudo will honor the EDITOR environment variable
Set the LOGNAME and USER environment variables
Length at which to wrap log file lines (0 for no wrap): 80
Authentication timestamp timeout: 15.0 minutes
Password prompt timeout: 0.0 minutes
Number of tries to enter a password: 3
Umask to use or 0777 to use user's: 022
Path to mail program: /usr/sbin/sendmail
Flags for mail program: -t
Address to send mail to: root
Subject line for mail messages: *** SECURITY information for %h ***
Incorrect password message: Sorry, try again.
Path to authentication timestamp dir: /var/lib/sudo
Default password prompt: [sudo] password for %p: 
Default user to run commands as: root
Value to override user's $PATH with: /usr/local/sbin:/usr/local/bin:/usr/sbin:/usr/bin:/sbin:/bin:/snap/bin
Path to the editor for use by visudo: /usr/bin/editor
When to require a password for 'list' pseudocommand: any
When to require a password for 'verify' pseudocommand: all
File descriptors >= 3 will be closed before executing a command
Environment variables to check for sanity:
	TZ
	TERM
	LINGUAS
	LC_*
	LANGUAGE
	LANG
	COLORTERM
Environment variables to remove:
	RUBYOPT
	RUBYLIB
	PYTHONUSERBASE
	PYTHONINSPECT
	PYTHONPATH
	PYTHONHOME
	TMPPREFIX
	ZDOTDIR
	READNULLCMD
	NULLCMD
	FPATH
	PERL5DB
	PERL5OPT
	PERL5LIB
	PERLLIB
	PERLIO_DEBUG 
	JAVA_TOOL_OPTIONS
	SHELLOPTS
	GLOBIGNORE
	PS4
	BASH_ENV
	ENV
	TERMCAP
	TERMPATH
	TERMINFO_DIRS
	TERMINFO
	_RLD*
	LD_*
	PATH_LOCALE
	NLSPATH
	HOSTALIASES
	RES_OPTIONS
	LOCALDOMAIN
	CDPATH
	IFS
Environment variables to preserve:
	JAVA_HOME
	TRAVIS
	CI
	DEBIAN_FRONTEND
	XAUTHORIZATION
	XAUTHORITY
	PS2
	PS1
	PATH
	LS_COLORS
	KRB5CCNAME
	HOSTNAME
	HOME
	DISPLAY
	COLORS
Locale to use while parsing sudoers: C
Directory in which to store input/output logs: /var/log/sudo-io
File in which to store the input/output log: %{seq}
Add an entry to the utmp/utmpx file when allocating a pty
PAM service name to use
PAM service name to use for login shells
Create a new PAM session for the command to run in
Maximum I/O log sequence number: 0

Local IP address and netmask pairs:
	172.17.0.2/255.255.0.0

Sudoers I/O plugin version 1.8.9p5
[34m[1mgzip version[0m
gzip 1.6
Copyright (C) 2007, 2010, 2011 Free Software Foundation, Inc.
Copyright (C) 1993 Jean-loup Gailly.
This is free software.  You may redistribute copies of it under the terms of
the GNU General Public License <http://www.gnu.org/licenses/gpl.html>.
There is NO WARRANTY, to the extent permitted by law.

Written by Jean-loup Gailly.
[34m[1mzip version[0m
Copyright (c) 1990-2008 Info-ZIP - Type 'zip "-L"' for software license.
This is Zip 3.0 (July 5th 2008), by Info-ZIP.
Currently maintained by E. Gordon.  Please send bug reports to
the authors using the web page at www.info-zip.org; see README for details.

Latest sources and executables are at ftp://ftp.info-zip.org/pub/infozip,
as of above date; see http://www.info-zip.org/ for other sites.

Compiled with gcc 4.8.2 for Unix (Linux ELF) on Oct 21 2013.

Zip special compilation options:
	USE_EF_UT_TIME       (store Universal Time)
	BZIP2_SUPPORT        (bzip2 library version 1.0.6, 6-Sept-2010)
	    bzip2 code and library copyright (c) Julian R Seward
	    (See the bzip2 license for terms of use)
	SYMLINK_SUPPORT      (symbolic links supported)
	LARGE_FILE_SUPPORT   (can read and write large files on file system)
	ZIP64_SUPPORT        (use Zip64 to store large files in archives)
	UNICODE_SUPPORT      (store and read UTF-8 Unicode paths)
	STORE_UNIX_UIDs_GIDs (store UID/GID sizes/values using new extra field)
	UIDGID_NOT_16BIT     (old Unix 16-bit UID/GID extra field not used)
	[encryption, version 2.91 of 05 Jan 2007] (modified for Zip 3)

Encryption notice:
	The encryption code of this program is not copyrighted and is
	put in the public domain.  It was originally written in Europe
	and, to the best of our knowledge, can be freely distributed
	in both source and object forms from any country, including
	the USA under License Exception TSU of the U.S. Export
	Administration Regulations (section 740.13(e)) of 6 June 2002.

Zip environment options:
             ZIP:  [none]
          ZIPOPT:  [none]
[34m[1mvim version[0m
VIM - Vi IMproved 7.4 (2013 Aug 10, compiled Nov 24 2016 16:43:18)
Included patches: 1-52
Extra patches: 8.0.0056
Modified by pkg-vim-maintainers@lists.alioth.debian.org
Compiled by buildd@
Huge version without GUI.  Features included (+) or not (-):
+acl             +farsi           +mouse_netterm   +syntax
+arabic          +file_in_path    +mouse_sgr       +tag_binary
+autocmd         +find_in_path    -mouse_sysmouse  +tag_old_static
-balloon_eval    +float           +mouse_urxvt     -tag_any_white
-browse          +folding         +mouse_xterm     -tcl
++builtin_terms  -footer          +multi_byte      +terminfo
+byte_offset     +fork()          +multi_lang      +termresponse
+cindent         +gettext         -mzscheme        +textobjects
-clientserver    -hangul_input    +netbeans_intg   +title
-clipboard       +iconv           +path_extra      -toolbar
+cmdline_compl   +insert_expand   -perl            +user_commands
+cmdline_hist    +jumplist        +persistent_undo +vertsplit
+cmdline_info    +keymap          +postscript      +virtualedit
+comments        +langmap         +printer         +visual
+conceal         +libcall         +profile         +visualextra
+cryptv          +linebreak       +python          +viminfo
+cscope          +lispindent      -python3         +vreplace
+cursorbind      +listcmds        +quickfix        +wildignore
+cursorshape     +localmap        +reltime         +wildmenu
+dialog_con      -lua             +rightleft       +windows
+diff            +menu            -ruby            +writebackup
+digraphs        +mksession       +scrollbind      -X11
-dnd             +modify_fname    +signs           -xfontset
-ebcdic          +mouse           +smartindent     -xim
+emacs_tags      -mouseshape      -sniff           -xsmp
+eval            +mouse_dec       +startuptime     -xterm_clipboard
+ex_extra        +mouse_gpm       +statusline      -xterm_save
+extra_search    -mouse_jsbterm   -sun_workshop    -xpm
   system vimrc file: "$VIM/vimrc"
     user vimrc file: "$HOME/.vimrc"
 2nd user vimrc file: "~/.vim/vimrc"
      user exrc file: "$HOME/.exrc"
  fall-back for $VIM: "/usr/share/vim"
Compilation: gcc -c -I. -Iproto -DHAVE_CONFIG_H     -g -O2 -fstack-protector --param=ssp-buffer-size=4 -Wformat -Werror=format-security -U_FORTIFY_SOURCE -D_FORTIFY_SOURCE=1      
Linking: gcc   -Wl,-Bsymbolic-functions -Wl,-z,relro -Wl,--as-needed -o vim        -lm -ltinfo -lnsl  -lselinux  -lacl -lattr -lgpm -ldl    -L/usr/lib/python2.7/config-x86_64-linux-gnu -lpython2.7 -lpthread -ldl -lutil -lm -Xlinker -export-dynamic -Wl,-O1 -Wl,-Bsymbolic-functions      
[34m[1miptables version[0m
iptables v1.4.21
[34m[1mcurl version[0m
curl 7.35.0 (x86_64-pc-linux-gnu) libcurl/7.35.0 OpenSSL/1.0.1f zlib/1.2.8 libidn/1.28 librtmp/2.3
[34m[1mwget version[0m
GNU Wget 1.15 built on linux-gnu.
[34m[1mrsync version[0m
rsync  version 3.1.0  protocol version 31
[34m[1mgimme version[0m
v1.2.0
[34m[1mnvm version[0m
0.33.6
[34m[1mperlbrew version[0m
/home/travis/perl5/perlbrew/bin/perlbrew  - App::perlbrew/0.80
[34m[1mphpenv version[0m
rbenv 1.1.1-25-g6aa70b6
[34m[1mrvm version[0m
rvm 1.29.3 (latest) by Michal Papis, Piotr Kuczynski, Wayne E. Seguin [https://rvm.io]
[34m[1mdefault ruby version[0m
ruby 2.4.1p111 (2017-03-22 revision 58053) [x86_64-linux]
[34m[1mCouchDB version[0m
couchdb 1.6.1
[34m[1mElasticSearch version[0m
5.5.0
[34m[1mInstalled Firefox version[0m
firefox 56.0.2
[34m[1mMongoDB version[0m
MongoDB 3.4.10
[34m[1mPhantomJS version[0m
2.1.1
[34m[1mPre-installed PostgreSQL versions[0m
9.2.24
9.3.20
9.4.15
9.5.10
9.6.6
[34m[1mRabbitMQ Version[0m
3.6.14
[34m[1mRedis version[0m
redis-server 4.0.6
[34m[1mriak version[0m
2.2.3
[34m[1mPre-installed Go versions[0m
1.7.4
[34m[1mant version[0m
Apache Ant(TM) version 1.9.3 compiled on April 8 2014
[34m[1mmvn version[0m
Apache Maven 3.5.2 (138edd61fd100ec658bfa2d307c43b76940a5d7d; 2017-10-18T07:58:13Z)
Maven home: /usr/local/maven-3.5.2
Java version: 1.8.0_151, vendor: Oracle Corporation
Java home: /usr/lib/jvm/java-8-oracle/jre
Default locale: en_US, platform encoding: UTF-8
OS name: "linux", version: "4.4.0-101-generic", arch: "amd64", family: "unix"
[34m[1mgradle version[0m

------------------------------------------------------------
Gradle 4.0.1
------------------------------------------------------------

Build time:   2017-07-07 14:02:41 UTC
Revision:     38e5dc0f772daecca1d2681885d3d85414eb6826

Groovy:       2.4.11
Ant:          Apache Ant(TM) version 1.9.6 compiled on June 29 2015
JVM:          1.8.0_151 (Oracle Corporation 25.151-b12)
OS:           Linux 4.4.0-101-generic amd64

[34m[1mlein version[0m
Leiningen 2.8.1 on Java 1.8.0_151 Java HotSpot(TM) 64-Bit Server VM
[34m[1mPre-installed Node.js versions[0m
v4.8.6
v6.12.0
v6.12.1
v8.9
v8.9.1
[34m[1mphpenv versions[0m
  system
  5.6
* 5.6.32 (set by /home/travis/.phpenv/version)
  7.0
  7.0.25
  7.1
  7.1.11
  hhvm
  hhvm-stable
[34m[1mcomposer --version[0m
Composer version 1.5.2 2017-09-11 16:59:25
[34m[1mPre-installed Ruby versions[0m
ruby-2.2.7
ruby-2.3.4
ruby-2.4.1
travis_fold:end:system_info[0K
removed â€˜/etc/apt/sources.list.d/basho_riak.listâ€™
W: http://ppa.launchpad.net/couchdb/stable/ubuntu/dists/trusty/Release.gpg: Signature by key 15866BAFD9BCC4F3C1E0DFC7D69548E1C17EAB57 uses weak digest algorithm (SHA1)
127.0.0.1	localhost
::1	 ip6-localhost ip6-loopback
fe00::0	ip6-localnet
ff00::0	ip6-mcastprefix
ff02::1	ip6-allnodes
ff02::2	ip6-allrouters
172.17.0.11	travis-job-brianfrankcoop-ycsb-334974497.travisci.net travis-job-brianfrankcoop-ycsb-334974497
$ jdk_switcher use oraclejdk9
Switching to Oracle JDK9 (java-9-oracle), JAVA_HOME will be set to /usr/lib/jvm/java-9-oracle
travis_fold:start:git.checkout[0Ktravis_time:start:0784b7a4[0K$ git clone --depth=50 https://github.com/brianfrankcooper/YCSB.git brianfrankcooper/YCSB
Cloning into 'brianfrankcooper/YCSB'...
remote: Counting objects: 7065, done.[K
remote: Compressing objects:   0% (1/2664)   [Kremote: Compressing objects:   1% (27/2664)   [Kremote: Compressing objects:   2% (54/2664)   [Kremote: Compressing objects:   3% (80/2664)   [Kremote: Compressing objects:   4% (107/2664)   [Kremote: Compressing objects:   5% (134/2664)   [Kremote: Compressing objects:   6% (160/2664)   [Kremote: Compressing objects:   7% (187/2664)   [Kremote: Compressing objects:   8% (214/2664)   [Kremote: Compressing objects:   9% (240/2664)   [Kremote: Compressing objects:  10% (267/2664)   [Kremote: Compressing objects:  11% (294/2664)   [Kremote: Compressing objects:  12% (320/2664)   [Kremote: Compressing objects:  13% (347/2664)   [Kremote: Compressing objects:  14% (373/2664)   [Kremote: Compressing objects:  15% (400/2664)   [Kremote: Compressing objects:  16% (427/2664)   [Kremote: Compressing objects:  17% (453/2664)   [Kremote: Compressing objects:  18% (480/2664)   [Kremote: Compressing objects:  19% (507/2664)   [Kremote: Compressing objects:  20% (533/2664)   [Kremote: Compressing objects:  21% (560/2664)   [Kremote: Compressing objects:  22% (587/2664)   [Kremote: Compressing objects:  23% (613/2664)   [Kremote: Compressing objects:  24% (640/2664)   [Kremote: Compressing objects:  25% (666/2664)   [Kremote: Compressing objects:  26% (693/2664)   [Kremote: Compressing objects:  27% (720/2664)   [Kremote: Compressing objects:  28% (746/2664)   [Kremote: Compressing objects:  29% (773/2664)   [Kremote: Compressing objects:  30% (800/2664)   [Kremote: Compressing objects:  31% (826/2664)   [Kremote: Compressing objects:  32% (853/2664)   [Kremote: Compressing objects:  33% (880/2664)   [Kremote: Compressing objects:  34% (906/2664)   [Kremote: Compressing objects:  35% (933/2664)   [Kremote: Compressing objects:  36% (960/2664)   [Kremote: Compressing objects:  37% (986/2664)   [Kremote: Compressing objects:  38% (1013/2664)   [Kremote: Compressing objects:  39% (1039/2664)   [Kremote: Compressing objects:  40% (1066/2664)   [Kremote: Compressing objects:  41% (1093/2664)   [Kremote: Compressing objects:  42% (1119/2664)   [Kremote: Compressing objects:  43% (1146/2664)   [Kremote: Compressing objects:  44% (1173/2664)   [Kremote: Compressing objects:  45% (1199/2664)   [Kremote: Compressing objects:  46% (1226/2664)   [Kremote: Compressing objects:  47% (1253/2664)   [Kremote: Compressing objects:  48% (1279/2664)   [Kremote: Compressing objects:  49% (1306/2664)   [Kremote: Compressing objects:  50% (1332/2664)   [Kremote: Compressing objects:  51% (1359/2664)   [Kremote: Compressing objects:  52% (1386/2664)   [Kremote: Compressing objects:  53% (1412/2664)   [Kremote: Compressing objects:  54% (1439/2664)   [Kremote: Compressing objects:  55% (1466/2664)   [Kremote: Compressing objects:  56% (1492/2664)   [Kremote: Compressing objects:  57% (1519/2664)   [Kremote: Compressing objects:  58% (1546/2664)   [Kremote: Compressing objects:  59% (1572/2664)   [Kremote: Compressing objects:  60% (1599/2664)   [Kremote: Compressing objects:  61% (1626/2664)   [Kremote: Compressing objects:  62% (1652/2664)   [Kremote: Compressing objects:  63% (1679/2664)   [Kremote: Compressing objects:  64% (1705/2664)   [Kremote: Compressing objects:  65% (1732/2664)   [Kremote: Compressing objects:  66% (1759/2664)   [Kremote: Compressing objects:  67% (1785/2664)   [Kremote: Compressing objects:  68% (1812/2664)   [Kremote: Compressing objects:  69% (1839/2664)   [Kremote: Compressing objects:  70% (1865/2664)   [Kremote: Compressing objects:  71% (1892/2664)   [Kremote: Compressing objects:  72% (1919/2664)   [Kremote: Compressing objects:  73% (1945/2664)   [Kremote: Compressing objects:  74% (1972/2664)   [Kremote: Compressing objects:  75% (1998/2664)   [Kremote: Compressing objects:  76% (2025/2664)   [Kremote: Compressing objects:  77% (2052/2664)   [Kremote: Compressing objects:  78% (2078/2664)   [Kremote: Compressing objects:  79% (2105/2664)   [Kremote: Compressing objects:  80% (2132/2664)   [Kremote: Compressing objects:  81% (2158/2664)   [Kremote: Compressing objects:  82% (2185/2664)   [Kremote: Compressing objects:  83% (2212/2664)   [Kremote: Compressing objects:  84% (2238/2664)   [Kremote: Compressing objects:  85% (2265/2664)   [Kremote: Compressing objects:  86% (2292/2664)   [Kremote: Compressing objects:  87% (2318/2664)   [Kremote: Compressing objects:  88% (2345/2664)   [Kremote: Compressing objects:  89% (2371/2664)   [Kremote: Compressing objects:  90% (2398/2664)   [Kremote: Compressing objects:  91% (2425/2664)   [Kremote: Compressing objects:  92% (2451/2664)   [Kremote: Compressing objects:  93% (2478/2664)   [Kremote: Compressing objects:  94% (2505/2664)   [Kremote: Compressing objects:  95% (2531/2664)   [Kremote: Compressing objects:  96% (2558/2664)   [Kremote: Compressing objects:  97% (2585/2664)   [Kremote: Compressing objects:  98% (2611/2664)   [Kremote: Compressing objects:  99% (2638/2664)   [Kremote: Compressing objects: 100% (2664/2664)   [Kremote: Compressing objects: 100% (2664/2664), done.[K
Receiving objects:   0% (1/7065)   Receiving objects:   1% (71/7065)   Receiving objects:   2% (142/7065)   Receiving objects:   3% (212/7065)   Receiving objects:   4% (283/7065)   Receiving objects:   5% (354/7065)   Receiving objects:   6% (424/7065)   Receiving objects:   7% (495/7065)   Receiving objects:   8% (566/7065)   Receiving objects:   9% (636/7065)   Receiving objects:  10% (707/7065)   Receiving objects:  11% (778/7065)   Receiving objects:  12% (848/7065)   Receiving objects:  13% (919/7065)   Receiving objects:  14% (990/7065)   Receiving objects:  15% (1060/7065)   Receiving objects:  16% (1131/7065)   Receiving objects:  17% (1202/7065)   Receiving objects:  18% (1272/7065)   Receiving objects:  19% (1343/7065)   Receiving objects:  20% (1413/7065)   Receiving objects:  21% (1484/7065)   Receiving objects:  22% (1555/7065)   Receiving objects:  23% (1625/7065)   Receiving objects:  24% (1696/7065)   Receiving objects:  25% (1767/7065)   Receiving objects:  26% (1837/7065)   Receiving objects:  27% (1908/7065)   Receiving objects:  28% (1979/7065)   Receiving objects:  29% (2049/7065)   Receiving objects:  30% (2120/7065)   Receiving objects:  31% (2191/7065)   Receiving objects:  32% (2261/7065)   Receiving objects:  33% (2332/7065)   Receiving objects:  34% (2403/7065)   Receiving objects:  35% (2473/7065)   Receiving objects:  36% (2544/7065)   Receiving objects:  37% (2615/7065)   Receiving objects:  38% (2685/7065)   Receiving objects:  39% (2756/7065)   Receiving objects:  40% (2826/7065)   Receiving objects:  41% (2897/7065)   Receiving objects:  42% (2968/7065)   Receiving objects:  43% (3038/7065)   Receiving objects:  44% (3109/7065)   Receiving objects:  45% (3180/7065)   Receiving objects:  46% (3250/7065)   Receiving objects:  47% (3321/7065)   Receiving objects:  48% (3392/7065)   Receiving objects:  49% (3462/7065)   Receiving objects:  50% (3533/7065)   Receiving objects:  51% (3604/7065)   Receiving objects:  52% (3674/7065)   Receiving objects:  53% (3745/7065)   Receiving objects:  54% (3816/7065)   Receiving objects:  55% (3886/7065)   Receiving objects:  56% (3957/7065)   Receiving objects:  57% (4028/7065)   Receiving objects:  58% (4098/7065)   Receiving objects:  59% (4169/7065)   Receiving objects:  60% (4239/7065)   Receiving objects:  61% (4310/7065)   Receiving objects:  62% (4381/7065)   Receiving objects:  63% (4451/7065)   Receiving objects:  64% (4522/7065)   Receiving objects:  65% (4593/7065)   Receiving objects:  66% (4663/7065)   Receiving objects:  67% (4734/7065)   Receiving objects:  68% (4805/7065)   Receiving objects:  69% (4875/7065)   Receiving objects:  70% (4946/7065)   Receiving objects:  71% (5017/7065)   Receiving objects:  72% (5087/7065)   Receiving objects:  73% (5158/7065)   Receiving objects:  74% (5229/7065)   Receiving objects:  75% (5299/7065)   Receiving objects:  76% (5370/7065)   Receiving objects:  77% (5441/7065)   Receiving objects:  78% (5511/7065)   Receiving objects:  79% (5582/7065)   Receiving objects:  80% (5652/7065)   Receiving objects:  81% (5723/7065)   Receiving objects:  82% (5794/7065)   Receiving objects:  83% (5864/7065)   Receiving objects:  84% (5935/7065)   Receiving objects:  85% (6006/7065)   Receiving objects:  86% (6076/7065)   Receiving objects:  87% (6147/7065)   Receiving objects:  88% (6218/7065)   Receiving objects:  89% (6288/7065)   Receiving objects:  90% (6359/7065)   Receiving objects:  91% (6430/7065)   Receiving objects:  92% (6500/7065)   Receiving objects:  93% (6571/7065)   remote: Total 7065 (delta 2238), reused 6680 (delta 1919), pack-reused 0[K
Receiving objects:  94% (6642/7065)   Receiving objects:  95% (6712/7065)   Receiving objects:  96% (6783/7065)   Receiving objects:  97% (6854/7065)   Receiving objects:  98% (6924/7065)   Receiving objects:  99% (6995/7065)   Receiving objects: 100% (7065/7065)   Receiving objects: 100% (7065/7065), 1.67 MiB | 16.02 MiB/s, done.
Resolving deltas:   0% (0/2238)   Resolving deltas:   1% (28/2238)   Resolving deltas:   3% (82/2238)   Resolving deltas:   5% (128/2238)   Resolving deltas:   6% (145/2238)   Resolving deltas:   7% (160/2238)   Resolving deltas:   8% (183/2238)   Resolving deltas:  10% (237/2238)   Resolving deltas:  14% (324/2238)   Resolving deltas:  15% (349/2238)   Resolving deltas:  16% (373/2238)   Resolving deltas:  17% (381/2238)   Resolving deltas:  18% (405/2238)   Resolving deltas:  19% (447/2238)   Resolving deltas:  20% (448/2238)   Resolving deltas:  21% (470/2238)   Resolving deltas:  22% (496/2238)   Resolving deltas:  24% (544/2238)   Resolving deltas:  25% (563/2238)   Resolving deltas:  26% (596/2238)   Resolving deltas:  27% (613/2238)   Resolving deltas:  28% (627/2238)   Resolving deltas:  29% (654/2238)   Resolving deltas:  31% (702/2238)   Resolving deltas:  32% (718/2238)   Resolving deltas:  33% (739/2238)   Resolving deltas:  34% (763/2238)   Resolving deltas:  35% (797/2238)   Resolving deltas:  36% (809/2238)   Resolving deltas:  37% (830/2238)   Resolving deltas:  38% (852/2238)   Resolving deltas:  39% (873/2238)   Resolving deltas:  40% (914/2238)   Resolving deltas:  41% (930/2238)   Resolving deltas:  42% (951/2238)   Resolving deltas:  43% (969/2238)   Resolving deltas:  44% (985/2238)   Resolving deltas:  45% (1016/2238)   Resolving deltas:  46% (1034/2238)   Resolving deltas:  47% (1052/2238)   Resolving deltas:  48% (1082/2238)   Resolving deltas:  49% (1099/2238)   Resolving deltas:  50% (1131/2238)   Resolving deltas:  51% (1143/2238)   Resolving deltas:  52% (1179/2238)   Resolving deltas:  53% (1187/2238)   Resolving deltas:  54% (1211/2238)   Resolving deltas:  55% (1241/2238)   Resolving deltas:  56% (1257/2238)   Resolving deltas:  57% (1279/2238)   Resolving deltas:  58% (1301/2238)   Resolving deltas:  59% (1323/2238)   Resolving deltas:  60% (1345/2238)   Resolving deltas:  61% (1369/2238)   Resolving deltas:  62% (1390/2238)   Resolving deltas:  63% (1413/2238)   Resolving deltas:  64% (1437/2238)   Resolving deltas:  65% (1460/2238)   Resolving deltas:  66% (1491/2238)   Resolving deltas:  67% (1501/2238)   Resolving deltas:  68% (1523/2238)   Resolving deltas:  69% (1549/2238)   Resolving deltas:  70% (1579/2238)   Resolving deltas:  71% (1604/2238)   Resolving deltas:  72% (1620/2238)   Resolving deltas:  74% (1660/2238)   Resolving deltas:  75% (1681/2238)   Resolving deltas:  76% (1702/2238)   Resolving deltas:  77% (1724/2238)   Resolving deltas:  78% (1748/2238)   Resolving deltas:  80% (1799/2238)   Resolving deltas:  81% (1815/2238)   Resolving deltas:  82% (1838/2238)   Resolving deltas:  83% (1865/2238)   Resolving deltas:  85% (1904/2238)   Resolving deltas:  86% (1930/2238)   Resolving deltas:  87% (1951/2238)   Resolving deltas:  88% (1973/2238)   Resolving deltas:  89% (1992/2238)   Resolving deltas:  90% (2033/2238)   Resolving deltas:  91% (2044/2238)   Resolving deltas:  92% (2059/2238)   Resolving deltas:  93% (2088/2238)   Resolving deltas:  94% (2113/2238)   Resolving deltas:  95% (2132/2238)   Resolving deltas:  96% (2152/2238)   Resolving deltas:  97% (2172/2238)   Resolving deltas:  98% (2198/2238)   Resolving deltas:  99% (2223/2238)   Resolving deltas: 100% (2238/2238)   Resolving deltas: 100% (2238/2238), done.

travis_time:end:0784b7a4:start=1517276143397019772,finish=1517276144055328983,duration=658309211[0K$ cd brianfrankcooper/YCSB
travis_time:start:0d99e16c[0K$ git fetch origin +refs/pull/1085/merge:
remote: Counting objects: 124, done.[K
remote: Compressing objects:   1% (1/81)   [Kremote: Compressing objects:   2% (2/81)   [Kremote: Compressing objects:   3% (3/81)   [Kremote: Compressing objects:   4% (4/81)   [Kremote: Compressing objects:   6% (5/81)   [Kremote: Compressing objects:   7% (6/81)   [Kremote: Compressing objects:   8% (7/81)   [Kremote: Compressing objects:   9% (8/81)   [Kremote: Compressing objects:  11% (9/81)   [Kremote: Compressing objects:  12% (10/81)   [Kremote: Compressing objects:  13% (11/81)   [Kremote: Compressing objects:  14% (12/81)   [Kremote: Compressing objects:  16% (13/81)   [Kremote: Compressing objects:  17% (14/81)   [Kremote: Compressing objects:  18% (15/81)   [Kremote: Compressing objects:  19% (16/81)   [Kremote: Compressing objects:  20% (17/81)   [Kremote: Compressing objects:  22% (18/81)   [Kremote: Compressing objects:  23% (19/81)   [Kremote: Compressing objects:  24% (20/81)   [Kremote: Compressing objects:  25% (21/81)   [Kremote: Compressing objects:  27% (22/81)   [Kremote: Compressing objects:  28% (23/81)   [Kremote: Compressing objects:  29% (24/81)   [Kremote: Compressing objects:  30% (25/81)   [Kremote: Compressing objects:  32% (26/81)   [Kremote: Compressing objects:  33% (27/81)   [Kremote: Compressing objects:  34% (28/81)   [Kremote: Compressing objects:  35% (29/81)   [Kremote: Compressing objects:  37% (30/81)   [Kremote: Compressing objects:  38% (31/81)   [Kremote: Compressing objects:  39% (32/81)   [Kremote: Compressing objects:  40% (33/81)   [Kremote: Compressing objects:  41% (34/81)   [Kremote: Compressing objects:  43% (35/81)   [Kremote: Compressing objects:  44% (36/81)   [Kremote: Compressing objects:  45% (37/81)   [Kremote: Compressing objects:  46% (38/81)   [Kremote: Compressing objects:  48% (39/81)   [Kremote: Compressing objects:  49% (40/81)   [Kremote: Compressing objects:  50% (41/81)   [Kremote: Compressing objects:  51% (42/81)   [Kremote: Compressing objects:  53% (43/81)   [Kremote: Compressing objects:  54% (44/81)   [Kremote: Compressing objects:  55% (45/81)   [Kremote: Compressing objects:  56% (46/81)   [Kremote: Compressing objects:  58% (47/81)   [Kremote: Compressing objects:  59% (48/81)   [Kremote: Compressing objects:  60% (49/81)   [Kremote: Compressing objects:  61% (50/81)   [Kremote: Compressing objects:  62% (51/81)   [Kremote: Compressing objects:  64% (52/81)   [Kremote: Compressing objects:  65% (53/81)   [Kremote: Compressing objects:  66% (54/81)   [Kremote: Compressing objects:  67% (55/81)   [Kremote: Compressing objects:  69% (56/81)   [Kremote: Compressing objects:  70% (57/81)   [Kremote: Compressing objects:  71% (58/81)   [Kremote: Compressing objects:  72% (59/81)   [Kremote: Compressing objects:  74% (60/81)   [Kremote: Compressing objects:  75% (61/81)   [Kremote: Compressing objects:  76% (62/81)   [Kremote: Compressing objects:  77% (63/81)   [Kremote: Compressing objects:  79% (64/81)   [Kremote: Compressing objects:  80% (65/81)   [Kremote: Compressing objects:  81% (66/81)   [Kremote: Compressing objects:  82% (67/81)   [Kremote: Compressing objects:  83% (68/81)   [Kremote: Compressing objects:  85% (69/81)   [Kremote: Compressing objects:  86% (70/81)   [Kremote: Compressing objects:  87% (71/81)   [Kremote: Compressing objects:  88% (72/81)   [Kremote: Compressing objects:  90% (73/81)   [Kremote: Compressing objects:  91% (74/81)   [Kremote: Compressing objects:  92% (75/81)   [Kremote: Compressing objects:  93% (76/81)   [Kremote: Compressing objects:  95% (77/81)   [Kremote: Compressing objects:  96% (78/81)   [Kremote: Compressing objects:  97% (79/81)   [Kremote: Compressing objects:  98% (80/81)   [Kremote: Compressing objects: 100% (81/81)   [Kremote: Compressing objects: 100% (81/81), done.[K
remote: Total 124 (delta 57), reused 96 (delta 30), pack-reused 0[K
Receiving objects:   0% (1/124)   Receiving objects:   1% (2/124)   Receiving objects:   2% (3/124)   Receiving objects:   3% (4/124)   Receiving objects:   4% (5/124)   Receiving objects:   5% (7/124)   Receiving objects:   6% (8/124)   Receiving objects:   7% (9/124)   Receiving objects:   8% (10/124)   Receiving objects:   9% (12/124)   Receiving objects:  10% (13/124)   Receiving objects:  11% (14/124)   Receiving objects:  12% (15/124)   Receiving objects:  13% (17/124)   Receiving objects:  14% (18/124)   Receiving objects:  15% (19/124)   Receiving objects:  16% (20/124)   Receiving objects:  17% (22/124)   Receiving objects:  18% (23/124)   Receiving objects:  19% (24/124)   Receiving objects:  20% (25/124)   Receiving objects:  21% (27/124)   Receiving objects:  22% (28/124)   Receiving objects:  23% (29/124)   Receiving objects:  24% (30/124)   Receiving objects:  25% (31/124)   Receiving objects:  26% (33/124)   Receiving objects:  27% (34/124)   Receiving objects:  28% (35/124)   Receiving objects:  29% (36/124)   Receiving objects:  30% (38/124)   Receiving objects:  31% (39/124)   Receiving objects:  32% (40/124)   Receiving objects:  33% (41/124)   Receiving objects:  34% (43/124)   Receiving objects:  35% (44/124)   Receiving objects:  36% (45/124)   Receiving objects:  37% (46/124)   Receiving objects:  38% (48/124)   Receiving objects:  39% (49/124)   Receiving objects:  40% (50/124)   Receiving objects:  41% (51/124)   Receiving objects:  42% (53/124)   Receiving objects:  43% (54/124)   Receiving objects:  44% (55/124)   Receiving objects:  45% (56/124)   Receiving objects:  46% (58/124)   Receiving objects:  47% (59/124)   Receiving objects:  48% (60/124)   Receiving objects:  49% (61/124)   Receiving objects:  50% (62/124)   Receiving objects:  51% (64/124)   Receiving objects:  52% (65/124)   Receiving objects:  53% (66/124)   Receiving objects:  54% (67/124)   Receiving objects:  55% (69/124)   Receiving objects:  56% (70/124)   Receiving objects:  57% (71/124)   Receiving objects:  58% (72/124)   Receiving objects:  59% (74/124)   Receiving objects:  60% (75/124)   Receiving objects:  61% (76/124)   Receiving objects:  62% (77/124)   Receiving objects:  63% (79/124)   Receiving objects:  64% (80/124)   Receiving objects:  65% (81/124)   Receiving objects:  66% (82/124)   Receiving objects:  67% (84/124)   Receiving objects:  68% (85/124)   Receiving objects:  69% (86/124)   Receiving objects:  70% (87/124)   Receiving objects:  71% (89/124)   Receiving objects:  72% (90/124)   Receiving objects:  73% (91/124)   Receiving objects:  74% (92/124)   Receiving objects:  75% (93/124)   Receiving objects:  76% (95/124)   Receiving objects:  77% (96/124)   Receiving objects:  78% (97/124)   Receiving objects:  79% (98/124)   Receiving objects:  80% (100/124)   Receiving objects:  81% (101/124)   Receiving objects:  82% (102/124)   Receiving objects:  83% (103/124)   Receiving objects:  84% (105/124)   Receiving objects:  85% (106/124)   Receiving objects:  86% (107/124)   Receiving objects:  87% (108/124)   Receiving objects:  88% (110/124)   Receiving objects:  89% (111/124)   Receiving objects:  90% (112/124)   Receiving objects:  91% (113/124)   Receiving objects:  92% (115/124)   Receiving objects:  93% (116/124)   Receiving objects:  94% (117/124)   Receiving objects:  95% (118/124)   Receiving objects:  96% (120/124)   Receiving objects:  97% (121/124)   Receiving objects:  98% (122/124)   Receiving objects:  99% (123/124)   Receiving objects: 100% (124/124)   Receiving objects: 100% (124/124), 16.58 KiB | 8.29 MiB/s, done.
Resolving deltas:   0% (0/57)   Resolving deltas:   3% (2/57)   Resolving deltas:   5% (3/57)   Resolving deltas:   7% (4/57)   Resolving deltas:  15% (9/57)   Resolving deltas:  17% (10/57)   Resolving deltas:  19% (11/57)   Resolving deltas:  24% (14/57)   Resolving deltas:  26% (15/57)   Resolving deltas:  38% (22/57)   Resolving deltas:  40% (23/57)   Resolving deltas:  42% (24/57)   Resolving deltas:  43% (25/57)   Resolving deltas:  45% (26/57)   Resolving deltas:  47% (27/57)   Resolving deltas:  49% (28/57)   Resolving deltas:  50% (29/57)   Resolving deltas:  52% (30/57)   Resolving deltas:  54% (31/57)   Resolving deltas:  56% (32/57)   Resolving deltas:  59% (34/57)   Resolving deltas:  61% (35/57)   Resolving deltas:  63% (36/57)   Resolving deltas:  64% (37/57)   Resolving deltas:  66% (38/57)   Resolving deltas:  68% (39/57)   Resolving deltas:  70% (40/57)   Resolving deltas:  71% (41/57)   Resolving deltas:  73% (42/57)   Resolving deltas:  75% (43/57)   Resolving deltas:  77% (44/57)   Resolving deltas:  78% (45/57)   Resolving deltas:  80% (46/57)   Resolving deltas:  82% (47/57)   Resolving deltas:  84% (48/57)   Resolving deltas:  85% (49/57)   Resolving deltas:  87% (50/57)   Resolving deltas:  89% (51/57)   Resolving deltas:  91% (52/57)   Resolving deltas:  94% (54/57)   Resolving deltas:  96% (55/57)   Resolving deltas:  98% (56/57)   Resolving deltas: 100% (57/57)   Resolving deltas: 100% (57/57), completed with 39 local objects.
From https://github.com/brianfrankcooper/YCSB
 * branch            refs/pull/1085/merge -> FETCH_HEAD

travis_time:end:0d99e16c:start=1517276144063894511,finish=1517276145154225388,duration=1090330877[0K$ git checkout -qf FETCH_HEAD
travis_fold:end:git.checkout[0Ktravis_fold:start:services[0Ktravis_time:start:12d31ff7[0K$ sudo service mongod start
mongod start/running, process 2276

travis_time:end:12d31ff7:start=1517276145248386251,finish=1517276145273244782,duration=24858531[0Ktravis_fold:end:services[0K[33;1mDisabling Gradle daemon[0m
travis_time:start:121262a6[0K$ mkdir -p ~/.gradle && echo "org.gradle.daemon=false" >> ~/.gradle/gradle.properties

travis_time:end:121262a6:start=1517276154147279513,finish=1517276154154512934,duration=7233421[0K$ export PATH=$JAVA_HOME/bin:$PATH
$ java -Xmx32m -version
Picked up _JAVA_OPTIONS: -Xmx2048m -Xms512m
java version "9.0.1"
Java(TM) SE Runtime Environment (build 9.0.1+11)
Java HotSpot(TM) 64-Bit Server VM (build 9.0.1+11, mixed mode)
$ javac -J-Xmx32m -version
Picked up _JAVA_OPTIONS: -Xmx2048m -Xms512m
javac 9.0.1
travis_fold:start:install[0Ktravis_time:start:0685c54a[0K$ mvn install -q -DskipTests=true
Picked up _JAVA_OPTIONS: -Xmx2048m -Xms512m

travis_time:end:0685c54a:start=1517276155071816366,finish=1517276299029179412,duration=143957363046[0Ktravis_fold:end:install[0Ktravis_time:start:00c0f184[0K$ mvn test -q
Picked up _JAVA_OPTIONS: -Xmx2048m -Xms512m

-------------------------------------------------------
 T E S T S
-------------------------------------------------------
Picked up _JAVA_OPTIONS: -Xmx2048m -Xms512m
Running TestSuite
Configuring TestNG with: org.apache.maven.surefire.testng.conf.TestNGMapConfigurator@4b952a2d
Tests run: 40, Failures: 0, Errors: 0, Skipped: 0, Time elapsed: 1.976 sec

Results :

Tests run: 40, Failures: 0, Errors: 0, Skipped: 0


-------------------------------------------------------
 T E S T S
-------------------------------------------------------
Picked up _JAVA_OPTIONS: -Xmx2048m -Xms512m
Running com.yahoo.ycsb.db.ElasticsearchClientTest
Elasticsearch starting node = es.ycsb.cluster
Elasticsearch node path.home = /tmp/junit13669642248151130216
Elasticsearch Remote Mode = false
Jan 30, 2018 1:38:44 AM org.elasticsearch.node.Node <init>
INFO: [Unus the Untouchable] version[2.4.0], pid[2987], build[ce9f0c7/2016-08-29T09:14:17Z]
Jan 30, 2018 1:38:44 AM org.elasticsearch.node.Node <init>
INFO: [Unus the Untouchable] initializing ...
Jan 30, 2018 1:38:44 AM org.elasticsearch.plugins.PluginsService <init>
INFO: [Unus the Untouchable] modules [], plugins [], sites []
WARNING: An illegal reflective access operation has occurred
WARNING: Illegal reflective access by org.apache.lucene.store.MMapDirectory$1 (file:/home/travis/.m2/repository/org/apache/lucene/lucene-core/5.5.2/lucene-core-5.5.2.jar) to method java.nio.DirectByteBuffer.cleaner()
WARNING: Please consider reporting this to the maintainers of org.apache.lucene.store.MMapDirectory$1
WARNING: Use --illegal-access=warn to enable warnings of further illegal reflective access operations
WARNING: All illegal access operations will be denied in a future release
Jan 30, 2018 1:38:44 AM org.elasticsearch.env.NodeEnvironment maybeLogPathDetails
INFO: [Unus the Untouchable] using [1] data paths, mounts [[/ (/dev/mapper/docker-202:16-11010058-cc39f6e6651546e8096150b6069a46e3d2c4cdd3ba7a224856c2be12824d0325)]], net usable_space [6.3gb], net total_space [18.9gb], spins? [possibly], types [xfs]
Jan 30, 2018 1:38:44 AM org.elasticsearch.env.NodeEnvironment maybeLogHeapDetails
INFO: [Unus the Untouchable] heap size [2gb], compressed ordinary object pointers [true]
Jan 30, 2018 1:38:44 AM org.elasticsearch.env.NodeEnvironment maybeWarnFileDescriptors
WARNING: [Unus the Untouchable] max file descriptors [30000] for elasticsearch process likely too low, consider increasing to at least [65536]
Jan 30, 2018 1:38:47 AM org.elasticsearch.node.Node <init>
INFO: [Unus the Untouchable] initialized
Jan 30, 2018 1:38:47 AM org.elasticsearch.node.Node start
INFO: [Unus the Untouchable] starting ...
Jan 30, 2018 1:38:47 AM org.elasticsearch.transport.TransportService doStart
INFO: [Unus the Untouchable] publish_address {local[1]}, bound_addresses {local[1]}
Jan 30, 2018 1:38:47 AM org.elasticsearch.discovery.DiscoveryService doStart
INFO: [Unus the Untouchable] es.ycsb.cluster/1qg4ywKvRRaSwlY7Tqj_qw
Jan 30, 2018 1:38:47 AM org.elasticsearch.cluster.service.InternalClusterService runTasksForExecutor
INFO: [Unus the Untouchable] new_master {Unus the Untouchable}{1qg4ywKvRRaSwlY7Tqj_qw}{local}{local[1]}{local=true}, reason: local-disco-initial_connect(master)
Jan 30, 2018 1:38:47 AM org.elasticsearch.gateway.GatewayService$GatewayRecoveryListener$1 clusterStateProcessed
INFO: [Unus the Untouchable] recovered [0] indices into cluster_state
Jan 30, 2018 1:38:47 AM org.elasticsearch.http.HttpServer doStart
INFO: [Unus the Untouchable] publish_address {127.0.0.1:9200}, bound_addresses {127.0.0.1:9200}
Jan 30, 2018 1:38:47 AM org.elasticsearch.node.Node start
INFO: [Unus the Untouchable] started
Jan 30, 2018 1:38:47 AM org.elasticsearch.cluster.metadata.MetaDataCreateIndexService$1 execute
INFO: [Unus the Untouchable] [es.ycsb] creating index, cause [api], templates [], shards [1]/[0], mappings []
Jan 30, 2018 1:38:48 AM org.elasticsearch.cluster.routing.allocation.AllocationService logClusterHealthStateChange
INFO: [Unus the Untouchable] Cluster health status changed from [RED] to [GREEN] (reason: [shards started [[es.ycsb][0]] ...]).
Jan 30, 2018 1:38:48 AM org.elasticsearch.cluster.metadata.MetaDataMappingService$PutMappingExecutor applyRequest
INFO: [Unus the Untouchable] [es.ycsb] create_mapping [MOCK_TABLE]
Jan 30, 2018 1:38:48 AM org.elasticsearch.node.Node stop
INFO: [Unus the Untouchable] stopping ...
Jan 30, 2018 1:38:48 AM org.elasticsearch.node.Node stop
INFO: [Unus the Untouchable] stopped
Jan 30, 2018 1:38:48 AM org.elasticsearch.node.Node close
INFO: [Unus the Untouchable] closing ...
Jan 30, 2018 1:38:48 AM org.elasticsearch.node.Node close
INFO: [Unus the Untouchable] closed
Tests run: 5, Failures: 0, Errors: 0, Skipped: 0, Time elapsed: 4.846 sec

Results :

Tests run: 5, Failures: 0, Errors: 0, Skipped: 0


-------------------------------------------------------
 T E S T S
-------------------------------------------------------
Picked up _JAVA_OPTIONS: -Xmx2048m -Xms512m
Running com.yahoo.ycsb.db.JdbcDBClientTest
Adding shard node URL: jdbc:hsqldb:mem:ycsb
Using shards: 1, batchSize:1, fetchSize: -1
Adding shard node URL: jdbc:hsqldb:mem:ycsb
Using shards: 1, batchSize:10, fetchSize: -1
Adding shard node URL: jdbc:hsqldb:mem:ycsb
Using shards: 1, batchSize:1, fetchSize: -1
Adding shard node URL: jdbc:hsqldb:mem:ycsb
Using shards: 1, batchSize:10, fetchSize: -1
Adding shard node URL: jdbc:hsqldb:mem:ycsb
Using shards: 1, batchSize:1, fetchSize: -1
Tests run: 7, Failures: 0, Errors: 0, Skipped: 0, Time elapsed: 0.869 sec

Results :

Tests run: 7, Failures: 0, Errors: 0, Skipped: 0


-------------------------------------------------------
 T E S T S
-------------------------------------------------------
Picked up _JAVA_OPTIONS: -Xmx2048m -Xms512m
Running com.yahoo.ycsb.db.MongoDbClientTest
Tests run: 1, Failures: 0, Errors: 0, Skipped: 1, Time elapsed: 0.176 sec
Running com.yahoo.ycsb.db.AsyncMongoDbClientTest
Tests run: 1, Failures: 0, Errors: 0, Skipped: 1, Time elapsed: 0.002 sec
Running com.yahoo.ycsb.db.OptionsSupportTest
Tests run: 4, Failures: 0, Errors: 0, Skipped: 0, Time elapsed: 0.035 sec

Results :

Tests run: 6, Failures: 0, Errors: 0, Skipped: 2


-------------------------------------------------------
 T E S T S
-------------------------------------------------------
Picked up _JAVA_OPTIONS: -Xmx2048m -Xms512m
Running com.yahoo.ycsb.db.RadosClientTest
Tests run: 1, Failures: 0, Errors: 0, Skipped: 1, Time elapsed: 0.208 sec

Results :

Tests run: 1, Failures: 0, Errors: 0, Skipped: 1


-------------------------------------------------------
 T E S T S
-------------------------------------------------------
Picked up _JAVA_OPTIONS: -Xmx2048m -Xms512m
Running com.yahoo.ycsb.db.riak.RiakKVClientTest
SLF4J: Failed to load class "org.slf4j.impl.StaticLoggerBinder".
SLF4J: Defaulting to no-operation (NOP) logger implementation
SLF4J: See http://www.slf4j.org/codes.html#StaticLoggerBinder for further details.
WARNING: An illegal reflective access operation has occurred
WARNING: Illegal reflective access by io.netty.util.internal.PlatformDependent0 (file:/home/travis/.m2/repository/io/netty/netty-all/4.0.33.Final/netty-all-4.0.33.Final.jar) to field java.nio.Buffer.address
WARNING: Please consider reporting this to the maintainers of io.netty.util.internal.PlatformDependent0
WARNING: Use --illegal-access=warn to enable warnings of further illegal reflective access operations
WARNING: All illegal access operations will be denied in a future release
Jan 30, 2018 1:39:01 AM io.netty.util.internal.PlatformDependent <clinit>
INFO: Your platform does not provide complete low-level API for accessing direct buffers reliably. Unless explicitly requested, heap buffer will always be preferred to avoid potential system unstability.
Tests run: 1, Failures: 0, Errors: 0, Skipped: 1, Time elapsed: 0.598 sec

Results :

Tests run: 1, Failures: 0, Errors: 0, Skipped: 1


travis_time:end:00c0f184:start=1517276299036016890,finish=1517276345386324566,duration=46350307676[0K
[32;1mThe command "mvn test -q" exited with 0.[0m

Done. Your build exited with 0.
