Using worker: worker-linux-docker-44490ebc.prod.travis-ci.org:travis-linux-14

travis_fold:start:system_info[0K[33;1mBuild system information[0m
Build language: java
Build group: stable
Build dist: precise
Build id: 160616627
Job id: 160616628
travis-build version: ef82e8245
[34m[1mBuild image provisioning date and time[0m
Thu Feb  5 15:09:33 UTC 2015
[34m[1mOperating System Details[0m
Distributor ID:	Ubuntu
Description:	Ubuntu 12.04.5 LTS
Release:	12.04
Codename:	precise
[34m[1mLinux Version[0m
3.13.0-29-generic
[34m[1mCookbooks Version[0m
a68419e https://github.com/travis-ci/travis-cookbooks/tree/a68419e
[34m[1mGCC version[0m
gcc (Ubuntu/Linaro 4.6.3-1ubuntu5) 4.6.3
Copyright (C) 2011 Free Software Foundation, Inc.
This is free software; see the source for copying conditions.  There is NO
warranty; not even for MERCHANTABILITY or FITNESS FOR A PARTICULAR PURPOSE.

[34m[1mLLVM version[0m
clang version 3.4 (tags/RELEASE_34/final)
Target: x86_64-unknown-linux-gnu
Thread model: posix
[34m[1mPre-installed Ruby versions[0m
ruby-1.9.3-p551
[34m[1mPre-installed Node.js versions[0m
v0.10.36
[34m[1mPre-installed Go versions[0m
1.4.1
[34m[1mRedis version[0m
redis-server 2.8.19
[34m[1mriak version[0m
2.0.2
[34m[1mMongoDB version[0m
MongoDB 2.4.12
[34m[1mCouchDB version[0m
couchdb 1.6.1
[34m[1mNeo4j version[0m
1.9.4
[34m[1mRabbitMQ Version[0m
3.4.3
[34m[1mElasticSearch version[0m
1.4.0
[34m[1mInstalled Sphinx versions[0m
2.0.10
2.1.9
2.2.6
[34m[1mDefault Sphinx version[0m
2.2.6
[34m[1mInstalled Firefox version[0m
firefox 31.0esr
[34m[1mPhantomJS version[0m
1.9.8
[34m[1mant -version[0m
Apache Ant(TM) version 1.8.2 compiled on December 3 2011
[34m[1mmvn -version[0m
Apache Maven 3.2.5 (12a6b3acb947671f09b81f49094c53f426d8cea1; 2014-12-14T17:29:23+00:00)
Maven home: /usr/local/maven
Java version: 1.7.0_76, vendor: Oracle Corporation
Java home: /usr/lib/jvm/java-7-oracle/jre
Default locale: en_US, platform encoding: ANSI_X3.4-1968
OS name: "linux", version: "3.13.0-29-generic", arch: "amd64", family: "unix"
travis_fold:end:system_info[0K
travis_fold:start:fix.CVE-2015-7547[0K$ export DEBIAN_FRONTEND=noninteractive
W: Size of file /var/lib/apt/lists/us.archive.ubuntu.com_ubuntu_dists_precise-backports_multiverse_source_Sources.gz is not what the server reported 5886 5888
W: Size of file /var/lib/apt/lists/ppa.launchpad.net_ubuntugis_ppa_ubuntu_dists_precise_main_binary-amd64_Packages.gz is not what the server reported 33653 36677
W: Size of file /var/lib/apt/lists/ppa.launchpad.net_ubuntugis_ppa_ubuntu_dists_precise_main_binary-i386_Packages.gz is not what the server reported 33699 36733
Reading package lists...
Building dependency tree...
Reading state information...
The following extra packages will be installed:
  libc-bin libc-dev-bin libc6-dev
Suggested packages:
  glibc-doc
The following packages will be upgraded:
  libc-bin libc-dev-bin libc6 libc6-dev
4 upgraded, 0 newly installed, 0 to remove and 258 not upgraded.
Need to get 8,840 kB of archives.
After this operation, 14.3 kB disk space will be freed.
Get:1 http://us.archive.ubuntu.com/ubuntu/ precise-updates/main libc6-dev amd64 2.15-0ubuntu10.15 [2,943 kB]
Get:2 http://us.archive.ubuntu.com/ubuntu/ precise-updates/main libc-dev-bin amd64 2.15-0ubuntu10.15 [84.7 kB]
Get:3 http://us.archive.ubuntu.com/ubuntu/ precise-updates/main libc-bin amd64 2.15-0ubuntu10.15 [1,177 kB]
Get:4 http://us.archive.ubuntu.com/ubuntu/ precise-updates/main libc6 amd64 2.15-0ubuntu10.15 [4,636 kB]
Fetched 8,840 kB in 0s (37.7 MB/s)
Preconfiguring packages ...
(Reading database ... (Reading database ... 5%(Reading database ... 10%(Reading database ... 15%(Reading database ... 20%(Reading database ... 25%(Reading database ... 30%(Reading database ... 35%(Reading database ... 40%(Reading database ... 45%(Reading database ... 50%(Reading database ... 55%(Reading database ... 60%(Reading database ... 65%(Reading database ... 70%(Reading database ... 75%(Reading database ... 80%(Reading database ... 85%(Reading database ... 90%(Reading database ... 95%(Reading database ... 100%(Reading database ... 72019 files and directories currently installed.)
Preparing to replace libc6-dev 2.15-0ubuntu10.10 (using .../libc6-dev_2.15-0ubuntu10.15_amd64.deb) ...
Unpacking replacement libc6-dev ...
Preparing to replace libc-dev-bin 2.15-0ubuntu10.10 (using .../libc-dev-bin_2.15-0ubuntu10.15_amd64.deb) ...
Unpacking replacement libc-dev-bin ...
Preparing to replace libc-bin 2.15-0ubuntu10.10 (using .../libc-bin_2.15-0ubuntu10.15_amd64.deb) ...
Unpacking replacement libc-bin ...
Processing triggers for man-db ...
Setting up libc-bin (2.15-0ubuntu10.15) ...
(Reading database ... (Reading database ... 5%(Reading database ... 10%(Reading database ... 15%(Reading database ... 20%(Reading database ... 25%(Reading database ... 30%(Reading database ... 35%(Reading database ... 40%(Reading database ... 45%(Reading database ... 50%(Reading database ... 55%(Reading database ... 60%(Reading database ... 65%(Reading database ... 70%(Reading database ... 75%(Reading database ... 80%(Reading database ... 85%(Reading database ... 90%(Reading database ... 95%(Reading database ... 100%(Reading database ... 72018 files and directories currently installed.)
Preparing to replace libc6 2.15-0ubuntu10.10 (using .../libc6_2.15-0ubuntu10.15_amd64.deb) ...
Unpacking replacement libc6 ...
Setting up libc6 (2.15-0ubuntu10.15) ...
Setting up libc-dev-bin (2.15-0ubuntu10.15) ...
Setting up libc6-dev (2.15-0ubuntu10.15) ...
Processing triggers for libc-bin ...
ldconfig deferred processing now taking place
travis_fold:end:fix.CVE-2015-7547[0Ktravis_fold:start:git.checkout[0Ktravis_time:start:08adfaa2[0K$ git clone --depth=50 --branch=artemis https://github.com/yamcs/yamcs.git yamcs/yamcs
Cloning into 'yamcs/yamcs'...
remote: Counting objects: 5108, done.[K
remote: Compressing objects:   0% (1/3289)   [Kremote: Compressing objects:   1% (33/3289)   [Kremote: Compressing objects:   2% (66/3289)   [Kremote: Compressing objects:   3% (99/3289)   [Kremote: Compressing objects:   4% (132/3289)   [Kremote: Compressing objects:   5% (165/3289)   [Kremote: Compressing objects:   6% (198/3289)   [Kremote: Compressing objects:   7% (231/3289)   [Kremote: Compressing objects:   8% (264/3289)   [Kremote: Compressing objects:   9% (297/3289)   [Kremote: Compressing objects:  10% (329/3289)   [Kremote: Compressing objects:  11% (362/3289)   [Kremote: Compressing objects:  12% (395/3289)   [Kremote: Compressing objects:  13% (428/3289)   [Kremote: Compressing objects:  14% (461/3289)   [Kremote: Compressing objects:  15% (494/3289)   [Kremote: Compressing objects:  16% (527/3289)   [Kremote: Compressing objects:  17% (560/3289)   [Kremote: Compressing objects:  18% (593/3289)   [Kremote: Compressing objects:  19% (625/3289)   [Kremote: Compressing objects:  20% (658/3289)   [Kremote: Compressing objects:  21% (691/3289)   [Kremote: Compressing objects:  22% (724/3289)   [Kremote: Compressing objects:  23% (757/3289)   [Kremote: Compressing objects:  24% (790/3289)   [Kremote: Compressing objects:  25% (823/3289)   [Kremote: Compressing objects:  26% (856/3289)   [Kremote: Compressing objects:  27% (889/3289)   [Kremote: Compressing objects:  28% (921/3289)   [Kremote: Compressing objects:  29% (954/3289)   [Kremote: Compressing objects:  30% (987/3289)   [Kremote: Compressing objects:  31% (1020/3289)   [Kremote: Compressing objects:  32% (1053/3289)   [Kremote: Compressing objects:  33% (1086/3289)   [Kremote: Compressing objects:  34% (1119/3289)   [Kremote: Compressing objects:  35% (1152/3289)   [Kremote: Compressing objects:  36% (1185/3289)   [Kremote: Compressing objects:  37% (1217/3289)   [Kremote: Compressing objects:  38% (1250/3289)   [Kremote: Compressing objects:  39% (1283/3289)   [Kremote: Compressing objects:  40% (1316/3289)   [Kremote: Compressing objects:  41% (1349/3289)   [Kremote: Compressing objects:  42% (1382/3289)   [Kremote: Compressing objects:  43% (1415/3289)   [Kremote: Compressing objects:  44% (1448/3289)   [Kremote: Compressing objects:  45% (1481/3289)   [Kremote: Compressing objects:  46% (1513/3289)   [Kremote: Compressing objects:  47% (1546/3289)   [Kremote: Compressing objects:  48% (1579/3289)   [Kremote: Compressing objects:  49% (1612/3289)   [Kremote: Compressing objects:  50% (1645/3289)   [Kremote: Compressing objects:  51% (1678/3289)   [Kremote: Compressing objects:  52% (1711/3289)   [Kremote: Compressing objects:  53% (1744/3289)   [Kremote: Compressing objects:  54% (1777/3289)   [Kremote: Compressing objects:  55% (1809/3289)   [Kremote: Compressing objects:  56% (1842/3289)   [Kremote: Compressing objects:  57% (1875/3289)   [Kremote: Compressing objects:  58% (1908/3289)   [Kremote: Compressing objects:  59% (1941/3289)   [Kremote: Compressing objects:  60% (1974/3289)   [Kremote: Compressing objects:  61% (2007/3289)   [Kremote: Compressing objects:  62% (2040/3289)   [Kremote: Compressing objects:  63% (2073/3289)   [Kremote: Compressing objects:  64% (2105/3289)   [Kremote: Compressing objects:  65% (2138/3289)   [Kremote: Compressing objects:  66% (2171/3289)   [Kremote: Compressing objects:  67% (2204/3289)   [Kremote: Compressing objects:  68% (2237/3289)   [Kremote: Compressing objects:  69% (2270/3289)   [Kremote: Compressing objects:  70% (2303/3289)   [Kremote: Compressing objects:  71% (2336/3289)   [Kremote: Compressing objects:  72% (2369/3289)   [Kremote: Compressing objects:  73% (2401/3289)   [Kremote: Compressing objects:  74% (2434/3289)   [Kremote: Compressing objects:  75% (2467/3289)   [Kremote: Compressing objects:  76% (2500/3289)   [Kremote: Compressing objects:  77% (2533/3289)   [Kremote: Compressing objects:  78% (2566/3289)   [Kremote: Compressing objects:  79% (2599/3289)   [Kremote: Compressing objects:  80% (2632/3289)   [Kremote: Compressing objects:  81% (2665/3289)   [Kremote: Compressing objects:  82% (2697/3289)   [Kremote: Compressing objects:  83% (2730/3289)   [Kremote: Compressing objects:  84% (2763/3289)   [Kremote: Compressing objects:  85% (2796/3289)   [Kremote: Compressing objects:  86% (2829/3289)   [Kremote: Compressing objects:  87% (2862/3289)   [Kremote: Compressing objects:  88% (2895/3289)   [Kremote: Compressing objects:  89% (2928/3289)   [Kremote: Compressing objects:  90% (2961/3289)   [Kremote: Compressing objects:  91% (2993/3289)   [Kremote: Compressing objects:  92% (3026/3289)   [Kremote: Compressing objects:  93% (3059/3289)   [Kremote: Compressing objects:  94% (3092/3289)   [Kremote: Compressing objects:  95% (3125/3289)   [Kremote: Compressing objects:  96% (3158/3289)   [Kremote: Compressing objects:  97% (3191/3289)   [Kremote: Compressing objects:  98% (3224/3289)   [Kremote: Compressing objects:  99% (3257/3289)   [Kremote: Compressing objects: 100% (3289/3289)   [Kremote: Compressing objects: 100% (3289/3289), done.[K
Receiving objects:   0% (1/5108)   Receiving objects:   1% (52/5108)   Receiving objects:   2% (103/5108)   Receiving objects:   3% (154/5108)   Receiving objects:   4% (205/5108)   Receiving objects:   5% (256/5108)   Receiving objects:   6% (307/5108)   Receiving objects:   7% (358/5108)   Receiving objects:   8% (409/5108)   Receiving objects:   9% (460/5108)   Receiving objects:  10% (511/5108)   Receiving objects:  11% (562/5108)   Receiving objects:  12% (613/5108)   Receiving objects:  13% (665/5108)   Receiving objects:  14% (716/5108)   Receiving objects:  15% (767/5108)   Receiving objects:  16% (818/5108)   Receiving objects:  17% (869/5108)   Receiving objects:  18% (920/5108)   Receiving objects:  19% (971/5108)   Receiving objects:  20% (1022/5108)   Receiving objects:  21% (1073/5108)   Receiving objects:  22% (1124/5108)   Receiving objects:  23% (1175/5108)   Receiving objects:  24% (1226/5108)   Receiving objects:  25% (1277/5108)   Receiving objects:  26% (1329/5108)   Receiving objects:  27% (1380/5108)   Receiving objects:  28% (1431/5108)   Receiving objects:  29% (1482/5108)   Receiving objects:  30% (1533/5108)   Receiving objects:  31% (1584/5108)   Receiving objects:  32% (1635/5108)   Receiving objects:  33% (1686/5108)   Receiving objects:  34% (1737/5108)   Receiving objects:  35% (1788/5108)   Receiving objects:  36% (1839/5108)   Receiving objects:  37% (1890/5108)   Receiving objects:  38% (1942/5108)   Receiving objects:  39% (1993/5108)   Receiving objects:  40% (2044/5108)   Receiving objects:  41% (2095/5108)   Receiving objects:  42% (2146/5108)   Receiving objects:  43% (2197/5108)   Receiving objects:  44% (2248/5108)   Receiving objects:  45% (2299/5108)   Receiving objects:  46% (2350/5108)   Receiving objects:  47% (2401/5108)   Receiving objects:  48% (2452/5108)   Receiving objects:  49% (2503/5108)   Receiving objects:  50% (2554/5108)   Receiving objects:  51% (2606/5108)   Receiving objects:  52% (2657/5108)   Receiving objects:  53% (2708/5108)   Receiving objects:  54% (2759/5108)   Receiving objects:  55% (2810/5108)   Receiving objects:  56% (2861/5108)   Receiving objects:  57% (2912/5108)   Receiving objects:  58% (2963/5108)   Receiving objects:  59% (3014/5108)   Receiving objects:  60% (3065/5108), 11.13 MiB | 22.21 MiB/s   Receiving objects:  61% (3116/5108), 11.13 MiB | 22.21 MiB/s   Receiving objects:  62% (3167/5108), 11.13 MiB | 22.21 MiB/s   Receiving objects:  63% (3219/5108), 11.13 MiB | 22.21 MiB/s   Receiving objects:  64% (3270/5108), 11.13 MiB | 22.21 MiB/s   Receiving objects:  65% (3321/5108), 11.13 MiB | 22.21 MiB/s   Receiving objects:  66% (3372/5108), 11.13 MiB | 22.21 MiB/s   Receiving objects:  67% (3423/5108), 11.13 MiB | 22.21 MiB/s   Receiving objects:  68% (3474/5108), 11.13 MiB | 22.21 MiB/s   Receiving objects:  69% (3525/5108), 11.13 MiB | 22.21 MiB/s   Receiving objects:  70% (3576/5108), 11.13 MiB | 22.21 MiB/s   Receiving objects:  71% (3627/5108), 11.13 MiB | 22.21 MiB/s   Receiving objects:  72% (3678/5108), 11.13 MiB | 22.21 MiB/s   Receiving objects:  73% (3729/5108), 11.13 MiB | 22.21 MiB/s   Receiving objects:  74% (3780/5108), 11.13 MiB | 22.21 MiB/s   Receiving objects:  75% (3831/5108), 11.13 MiB | 22.21 MiB/s   Receiving objects:  76% (3883/5108), 11.13 MiB | 22.21 MiB/s   Receiving objects:  77% (3934/5108), 11.13 MiB | 22.21 MiB/s   Receiving objects:  78% (3985/5108), 11.13 MiB | 22.21 MiB/s   Receiving objects:  79% (4036/5108), 11.13 MiB | 22.21 MiB/s   Receiving objects:  80% (4087/5108), 11.13 MiB | 22.21 MiB/s   Receiving objects:  81% (4138/5108), 11.13 MiB | 22.21 MiB/s   Receiving objects:  82% (4189/5108), 11.13 MiB | 22.21 MiB/s   Receiving objects:  83% (4240/5108), 11.13 MiB | 22.21 MiB/s   Receiving objects:  84% (4291/5108), 11.13 MiB | 22.21 MiB/s   Receiving objects:  85% (4342/5108), 11.13 MiB | 22.21 MiB/s   Receiving objects:  86% (4393/5108), 11.13 MiB | 22.21 MiB/s   Receiving objects:  87% (4444/5108), 11.13 MiB | 22.21 MiB/s   Receiving objects:  88% (4496/5108), 11.13 MiB | 22.21 MiB/s   Receiving objects:  89% (4547/5108), 11.13 MiB | 22.21 MiB/s   Receiving objects:  90% (4598/5108), 11.13 MiB | 22.21 MiB/s   Receiving objects:  91% (4649/5108), 11.13 MiB | 22.21 MiB/s   Receiving objects:  92% (4700/5108), 11.13 MiB | 22.21 MiB/s   Receiving objects:  93% (4751/5108), 11.13 MiB | 22.21 MiB/s   Receiving objects:  94% (4802/5108), 11.13 MiB | 22.21 MiB/s   Receiving objects:  95% (4853/5108), 11.13 MiB | 22.21 MiB/s   Receiving objects:  96% (4904/5108), 11.13 MiB | 22.21 MiB/s   Receiving objects:  97% (4955/5108), 11.13 MiB | 22.21 MiB/s   Receiving objects:  98% (5006/5108), 11.13 MiB | 22.21 MiB/s   Receiving objects:  99% (5057/5108), 11.13 MiB | 22.21 MiB/s   remote: Total 5108 (delta 1997), reused 4074 (delta 1555), pack-reused 0[K
Receiving objects: 100% (5108/5108), 11.13 MiB | 22.21 MiB/s   Receiving objects: 100% (5108/5108), 17.03 MiB | 22.21 MiB/s, done.
Resolving deltas:   0% (0/1997)   Resolving deltas:   2% (47/1997)   Resolving deltas:   3% (66/1997)   Resolving deltas:   4% (95/1997)   Resolving deltas:   5% (110/1997)   Resolving deltas:   6% (120/1997)   Resolving deltas:   7% (141/1997)   Resolving deltas:  10% (206/1997)   Resolving deltas:  13% (260/1997)   Resolving deltas:  14% (280/1997)   Resolving deltas:  16% (331/1997)   Resolving deltas:  17% (340/1997)   Resolving deltas:  18% (361/1997)   Resolving deltas:  19% (393/1997)   Resolving deltas:  20% (407/1997)   Resolving deltas:  21% (425/1997)   Resolving deltas:  22% (440/1997)   Resolving deltas:  23% (464/1997)   Resolving deltas:  24% (481/1997)   Resolving deltas:  25% (501/1997)   Resolving deltas:  26% (532/1997)   Resolving deltas:  27% (543/1997)   Resolving deltas:  28% (572/1997)   Resolving deltas:  29% (595/1997)   Resolving deltas:  30% (601/1997)   Resolving deltas:  31% (620/1997)   Resolving deltas:  32% (643/1997)   Resolving deltas:  33% (663/1997)   Resolving deltas:  34% (679/1997)   Resolving deltas:  35% (701/1997)   Resolving deltas:  36% (723/1997)   Resolving deltas:  37% (740/1997)   Resolving deltas:  38% (759/1997)   Resolving deltas:  39% (785/1997)   Resolving deltas:  40% (808/1997)   Resolving deltas:  41% (825/1997)   Resolving deltas:  42% (839/1997)   Resolving deltas:  43% (866/1997)   Resolving deltas:  44% (885/1997)   Resolving deltas:  45% (906/1997)   Resolving deltas:  46% (921/1997)   Resolving deltas:  47% (941/1997)   Resolving deltas:  48% (969/1997)   Resolving deltas:  49% (981/1997)   Resolving deltas:  50% (1001/1997)   Resolving deltas:  51% (1026/1997)   Resolving deltas:  52% (1041/1997)   Resolving deltas:  53% (1063/1997)   Resolving deltas:  54% (1079/1997)   Resolving deltas:  55% (1103/1997)   Resolving deltas:  56% (1119/1997)   Resolving deltas:  57% (1139/1997)   Resolving deltas:  58% (1159/1997)   Resolving deltas:  59% (1180/1997)   Resolving deltas:  60% (1200/1997)   Resolving deltas:  61% (1219/1997)   Resolving deltas:  62% (1240/1997)   Resolving deltas:  63% (1259/1997)   Resolving deltas:  64% (1280/1997)   Resolving deltas:  65% (1300/1997)   Resolving deltas:  66% (1319/1997)   Resolving deltas:  67% (1343/1997)   Resolving deltas:  68% (1370/1997)   Resolving deltas:  69% (1378/1997)   Resolving deltas:  70% (1398/1997)   Resolving deltas:  71% (1423/1997)   Resolving deltas:  72% (1438/1997)   Resolving deltas:  73% (1463/1997)   Resolving deltas:  75% (1507/1997)   Resolving deltas:  76% (1518/1997)   Resolving deltas:  77% (1538/1997)   Resolving deltas:  78% (1558/1997)   Resolving deltas:  79% (1594/1997)   Resolving deltas:  80% (1600/1997)   Resolving deltas:  81% (1619/1997)   Resolving deltas:  82% (1641/1997)   Resolving deltas:  83% (1664/1997)   Resolving deltas:  84% (1678/1997)   Resolving deltas:  85% (1699/1997)   Resolving deltas:  86% (1719/1997)   Resolving deltas:  87% (1739/1997)   Resolving deltas:  88% (1760/1997)   Resolving deltas:  89% (1778/1997)   Resolving deltas:  93% (1875/1997)   Resolving deltas:  94% (1880/1997)   Resolving deltas:  96% (1918/1997)   Resolving deltas:  97% (1939/1997)   Resolving deltas:  98% (1958/1997)   Resolving deltas:  99% (1981/1997)   Resolving deltas: 100% (1997/1997)   Resolving deltas: 100% (1997/1997), done.
Checking connectivity... done.

travis_time:end:08adfaa2:start=1474088315579917906,finish=1474088317255311249,duration=1675393343[0K$ cd yamcs/yamcs
$ git checkout -qf 0eaa0e9a8bb8dc140e0df1ead1e99c78c81b5895
travis_fold:end:git.checkout[0K
[33;1mThis job is running on container-based infrastructure, which does not allow use of 'sudo', setuid and setguid executables.[0m
[33;1mIf you require sudo, add 'sudo: required' to your .travis.yml[0m
[33;1mSee https://docs.travis-ci.com/user/workers/container-based-infrastructure/ for details.[0m
$ jdk_switcher use oraclejdk8
Switching to Oracle JDK8 (java-8-oracle), JAVA_HOME will be set to /usr/lib/jvm/java-8-oracle
travis_fold:start:cache.1[0KSetting up build cache
$ export CASHER_DIR=$HOME/.casher
travis_time:start:0ba79bee[0K$ Installing caching utilities

travis_time:end:0ba79bee:start=1474088319057653930,finish=1474088319117885285,duration=60231355[0Ktravis_time:start:19f663c8[0K
travis_time:end:19f663c8:start=1474088319122445367,finish=1474088319125644280,duration=3198913[0Ktravis_time:start:01391390[0K[32;1mattempting to download cache archive[0m
[32;1mfetching artemis/cache-linux-precise-e3b0c44298fc1c149afbf4c8996fb92427ae41e4649b934ca495991b7852b855--jdk-oraclejdk8.tgz[0m
[32;1mfound cache[0m

travis_time:end:01391390:start=1474088319129413662,finish=1474088320217575941,duration=1088162279[0Ktravis_time:start:0a60e894[0K
travis_time:end:0a60e894:start=1474088320221344481,finish=1474088320224549452,duration=3204971[0Ktravis_time:start:111f4d61[0K[32;1madding /home/travis/.m2 to cache[0m

travis_time:end:111f4d61:start=1474088320228223962,finish=1474088321639611441,duration=1411387479[0Ktravis_fold:end:cache.1[0K$ java -Xmx32m -version
java version "1.8.0_31"
Java(TM) SE Runtime Environment (build 1.8.0_31-b13)
Java HotSpot(TM) 64-Bit Server VM (build 25.31-b07, mixed mode)
$ javac -J-Xmx32m -version
javac 1.8.0_31
travis_fold:start:install[0Ktravis_time:start:01fdd300[0K$ mvn install -DskipTests=true -Dmaven.javadoc.skip=true -B -V
Java HotSpot(TM) 64-Bit Server VM warning: ignoring option MaxPermSize=192m; support was removed in 8.0
Apache Maven 3.2.5 (12a6b3acb947671f09b81f49094c53f426d8cea1; 2014-12-14T17:29:23+00:00)
Maven home: /usr/local/maven
Java version: 1.8.0_31, vendor: Oracle Corporation
Java home: /usr/lib/jvm/java-8-oracle/jre
Default locale: en_US, platform encoding: UTF-8
OS name: "linux", version: "3.13.0-40-generic", arch: "amd64", family: "unix"
[INFO] Scanning for projects...
[INFO] ------------------------------------------------------------------------
[INFO] Reactor Build Order:
[INFO] 
[INFO] Yamcs
[INFO] Yamcs API
[INFO] Yamcs XTCE
[INFO] Yamcs Core
[INFO] Yamcs Simulation
[INFO]                                                                         
[INFO] ------------------------------------------------------------------------
[INFO] Building Yamcs 0.30.0
[INFO] ------------------------------------------------------------------------
[INFO] 
[INFO] --- maven-source-plugin:2.2.1:jar-no-fork (attach-sources) @ yamcs ---
[INFO] 
[INFO] --- maven-install-plugin:2.4:install (default-install) @ yamcs ---
[INFO] Installing /home/travis/build/yamcs/yamcs/pom.xml to /home/travis/.m2/repository/org/yamcs/yamcs/0.30.0/yamcs-0.30.0.pom
[INFO]                                                                         
[INFO] ------------------------------------------------------------------------
[INFO] Building Yamcs API 0.30.0
[INFO] ------------------------------------------------------------------------
[INFO] 
[INFO] --- maven-resources-plugin:2.6:resources (default-resources) @ yamcs-api ---
[INFO] Using 'UTF-8' encoding to copy filtered resources.
[INFO] Copying 1 resource
[INFO] 
[INFO] --- maven-compiler-plugin:2.3.2:compile (default-compile) @ yamcs-api ---
[INFO] Compiling 68 source files to /home/travis/build/yamcs/yamcs/yamcs-api/target/classes
[INFO] 
[INFO] --- maven-resources-plugin:2.6:testResources (default-testResources) @ yamcs-api ---
[INFO] Using 'UTF-8' encoding to copy filtered resources.
[INFO] skip non existing resourceDirectory /home/travis/build/yamcs/yamcs/yamcs-api/src/test/resources
[INFO] 
[INFO] --- maven-compiler-plugin:2.3.2:testCompile (default-testCompile) @ yamcs-api ---
[INFO] Compiling 4 source files to /home/travis/build/yamcs/yamcs/yamcs-api/target/test-classes
[INFO] 
[INFO] --- maven-surefire-plugin:2.19.1:test (default-test) @ yamcs-api ---
[INFO] Tests are skipped.
[INFO] 
[INFO] --- maven-jar-plugin:2.4:jar (default-jar) @ yamcs-api ---
[INFO] Building jar: /home/travis/build/yamcs/yamcs/yamcs-api/target/yamcs-api-0.30.0.jar
[INFO] 
[INFO] --- maven-source-plugin:2.2.1:jar-no-fork (attach-sources) @ yamcs-api ---
[INFO] Building jar: /home/travis/build/yamcs/yamcs/yamcs-api/target/yamcs-api-0.30.0-sources.jar
[INFO] 
[INFO] --- maven-install-plugin:2.4:install (default-install) @ yamcs-api ---
[INFO] Installing /home/travis/build/yamcs/yamcs/yamcs-api/target/yamcs-api-0.30.0.jar to /home/travis/.m2/repository/org/yamcs/yamcs-api/0.30.0/yamcs-api-0.30.0.jar
[INFO] Installing /home/travis/build/yamcs/yamcs/yamcs-api/pom.xml to /home/travis/.m2/repository/org/yamcs/yamcs-api/0.30.0/yamcs-api-0.30.0.pom
[INFO] Installing /home/travis/build/yamcs/yamcs/yamcs-api/target/yamcs-api-0.30.0-sources.jar to /home/travis/.m2/repository/org/yamcs/yamcs-api/0.30.0/yamcs-api-0.30.0-sources.jar
[INFO]                                                                         
[INFO] ------------------------------------------------------------------------
[INFO] Building Yamcs XTCE 0.30.0
[INFO] ------------------------------------------------------------------------
[INFO] 
[INFO] --- maven-resources-plugin:2.6:resources (default-resources) @ yamcs-xtce ---
[INFO] Using 'UTF-8' encoding to copy filtered resources.
[INFO] Copying 1 resource
[INFO] 
[INFO] --- maven-compiler-plugin:2.3.2:compile (default-compile) @ yamcs-xtce ---
[INFO] Compiling 106 source files to /home/travis/build/yamcs/yamcs/yamcs-xtce/target/classes
[INFO] 
[INFO] --- maven-resources-plugin:2.6:testResources (default-testResources) @ yamcs-xtce ---
[INFO] Using 'UTF-8' encoding to copy filtered resources.
[INFO] skip non existing resourceDirectory /home/travis/build/yamcs/yamcs/yamcs-xtce/src/test/resources
[INFO] 
[INFO] --- maven-compiler-plugin:2.3.2:testCompile (default-testCompile) @ yamcs-xtce ---
[INFO] Compiling 1 source file to /home/travis/build/yamcs/yamcs/yamcs-xtce/target/test-classes
[INFO] 
[INFO] --- maven-surefire-plugin:2.19.1:test (default-test) @ yamcs-xtce ---
[INFO] Tests are skipped.
[INFO] 
[INFO] --- maven-jar-plugin:2.4:jar (default-jar) @ yamcs-xtce ---
[INFO] Building jar: /home/travis/build/yamcs/yamcs/yamcs-xtce/target/yamcs-xtce-0.30.0.jar
[INFO] 
[INFO] --- maven-source-plugin:2.2.1:jar-no-fork (attach-sources) @ yamcs-xtce ---
[INFO] Building jar: /home/travis/build/yamcs/yamcs/yamcs-xtce/target/yamcs-xtce-0.30.0-sources.jar
[INFO] 
[INFO] --- maven-install-plugin:2.4:install (default-install) @ yamcs-xtce ---
[INFO] Installing /home/travis/build/yamcs/yamcs/yamcs-xtce/target/yamcs-xtce-0.30.0.jar to /home/travis/.m2/repository/org/yamcs/yamcs-xtce/0.30.0/yamcs-xtce-0.30.0.jar
[INFO] Installing /home/travis/build/yamcs/yamcs/yamcs-xtce/pom.xml to /home/travis/.m2/repository/org/yamcs/yamcs-xtce/0.30.0/yamcs-xtce-0.30.0.pom
[INFO] Installing /home/travis/build/yamcs/yamcs/yamcs-xtce/target/yamcs-xtce-0.30.0-sources.jar to /home/travis/.m2/repository/org/yamcs/yamcs-xtce/0.30.0/yamcs-xtce-0.30.0-sources.jar
[INFO]                                                                         
[INFO] ------------------------------------------------------------------------
[INFO] Building Yamcs Core 0.30.0
[INFO] ------------------------------------------------------------------------
[INFO] 
[INFO] --- build-helper-maven-plugin:1.11:add-source (add-source) @ yamcs-core ---
[INFO] Source directory: /home/travis/build/yamcs/yamcs/yamcs-core/target/generated-sources/version added.
[INFO] 
[INFO] --- maven-antrun-plugin:1.3:run (generate-version) @ yamcs-core ---
[INFO] Executing tasks
     [copy] Copying 1 file to /home/travis/build/yamcs/yamcs/yamcs-core/target/generated-sources/version/org/yamcs
[INFO] Executed tasks
[INFO] 
[INFO] --- maven-resources-plugin:2.6:resources (default-resources) @ yamcs-core ---
[INFO] Using 'UTF-8' encoding to copy filtered resources.
[INFO] Copying 31 resources
[INFO] 
[INFO] --- maven-compiler-plugin:2.3.2:compile (default-compile) @ yamcs-core ---
[INFO] Compiling 577 source files to /home/travis/build/yamcs/yamcs/yamcs-core/target/classes
[INFO] 
[INFO] --- maven-resources-plugin:2.6:testResources (default-testResources) @ yamcs-core ---
[INFO] Using 'UTF-8' encoding to copy filtered resources.
[INFO] Copying 40 resources
[INFO] Copying 21 resources
[INFO] 
[INFO] --- maven-compiler-plugin:2.3.2:testCompile (default-testCompile) @ yamcs-core ---
[INFO] Compiling 95 source files to /home/travis/build/yamcs/yamcs/yamcs-core/target/test-classes
[INFO] 
[INFO] --- maven-surefire-plugin:2.19.1:test (default-test) @ yamcs-core ---
[INFO] Tests are skipped.
[INFO] 
[INFO] --- maven-jar-plugin:2.4:jar (default-jar) @ yamcs-core ---
[INFO] Building jar: /home/travis/build/yamcs/yamcs/yamcs-core/target/yamcs-core-0.30.0.jar
[INFO] 
[INFO] --- maven-dependency-plugin:2.8:copy-dependencies (copy-dependencies) @ yamcs-core ---
[INFO] Copying yamcs-xtce-0.30.0.jar to /home/travis/build/yamcs/yamcs/yamcs-core/lib/yamcs-xtce-0.30.0.jar
[INFO] Copying protobuf-java-2.5.0.jar to /home/travis/build/yamcs/yamcs/yamcs-core/lib/protobuf-java-2.5.0.jar
[INFO] Copying protostuff-json-1.4.0.jar to /home/travis/build/yamcs/yamcs/yamcs-core/lib/protostuff-json-1.4.0.jar
[INFO] Copying slf4j-jdk14-1.7.1.jar to /home/travis/build/yamcs/yamcs/yamcs-core/lib/slf4j-jdk14-1.7.1.jar
[INFO] Copying janino-2.5.15.jar to /home/travis/build/yamcs/yamcs/yamcs-core/lib/janino-2.5.15.jar
[INFO] Copying artemis-commons-1.3.0.jar to /home/travis/build/yamcs/yamcs/yamcs-core/lib/artemis-commons-1.3.0.jar
[INFO] Copying commons-collections-3.2.1.jar to /home/travis/build/yamcs/yamcs/yamcs-core/lib/commons-collections-3.2.1.jar
[INFO] Copying artemis-jdbc-store-1.3.0.jar to /home/travis/build/yamcs/yamcs/yamcs-core/lib/artemis-jdbc-store-1.3.0.jar
[INFO] Copying javacsv-2.0.jar to /home/travis/build/yamcs/yamcs/yamcs-core/lib/javacsv-2.0.jar
[INFO] Copying artemis-server-1.3.0.jar to /home/travis/build/yamcs/yamcs/yamcs-core/lib/artemis-server-1.3.0.jar
[INFO] Copying artemis-selector-1.3.0.jar to /home/travis/build/yamcs/yamcs/yamcs-core/lib/artemis-selector-1.3.0.jar
[INFO] Copying slf4j-api-1.7.1.jar to /home/travis/build/yamcs/yamcs/yamcs-core/lib/slf4j-api-1.7.1.jar
[INFO] Copying jgroups-3.6.9.Final.jar to /home/travis/build/yamcs/yamcs/yamcs-core/lib/jgroups-3.6.9.Final.jar
[INFO] Copying netty-all-4.0.32.Final.jar to /home/travis/build/yamcs/yamcs/yamcs-core/lib/netty-all-4.0.32.Final.jar
[INFO] Copying jackson-core-2.7.1.jar to /home/travis/build/yamcs/yamcs/yamcs-core/lib/jackson-core-2.7.1.jar
[INFO] Copying rocksdbjni-4.8.0.jar to /home/travis/build/yamcs/yamcs/yamcs-core/lib/rocksdbjni-4.8.0.jar
[INFO] Copying artemis-native-1.3.0.jar to /home/travis/build/yamcs/yamcs/yamcs-core/lib/artemis-native-1.3.0.jar
[INFO] Copying snakeyaml-1.9.jar to /home/travis/build/yamcs/yamcs/yamcs-core/lib/snakeyaml-1.9.jar
[INFO] Copying commons-logging-1.1.1.jar to /home/travis/build/yamcs/yamcs/yamcs-core/lib/commons-logging-1.1.1.jar
[INFO] Copying commons-beanutils-1.9.2.jar to /home/travis/build/yamcs/yamcs/yamcs-core/lib/commons-beanutils-1.9.2.jar
[INFO] Copying log4j-1.2.14.jar to /home/travis/build/yamcs/yamcs/yamcs-core/lib/log4j-1.2.14.jar
[INFO] Copying artemis-journal-1.3.0.jar to /home/travis/build/yamcs/yamcs/yamcs-core/lib/artemis-journal-1.3.0.jar
[INFO] Copying jxl-2.6.10.jar to /home/travis/build/yamcs/yamcs/yamcs-core/lib/jxl-2.6.10.jar
[INFO] Copying guava-18.0.jar to /home/travis/build/yamcs/yamcs/yamcs-core/lib/guava-18.0.jar
[INFO] Copying jdatepicker-1.3.2.jar to /home/travis/build/yamcs/yamcs/yamcs-core/lib/jdatepicker-1.3.2.jar
[INFO] Copying protostuff-api-1.4.0.jar to /home/travis/build/yamcs/yamcs/yamcs-core/lib/protostuff-api-1.4.0.jar
[INFO] Copying yamcs-api-0.30.0.jar to /home/travis/build/yamcs/yamcs/yamcs-core/lib/yamcs-api-0.30.0.jar
[INFO] Copying jboss-logging-3.3.0.Final.jar to /home/travis/build/yamcs/yamcs/yamcs-core/lib/jboss-logging-3.3.0.Final.jar
[INFO] Copying artemis-core-client-1.3.0.jar to /home/travis/build/yamcs/yamcs/yamcs-core/lib/artemis-core-client-1.3.0.jar
[INFO] 
[INFO] --- maven-source-plugin:2.2.1:jar-no-fork (attach-sources) @ yamcs-core ---
[INFO] Building jar: /home/travis/build/yamcs/yamcs/yamcs-core/target/yamcs-core-0.30.0-sources.jar
[INFO] 
[INFO] --- maven-install-plugin:2.4:install (default-install) @ yamcs-core ---
[INFO] Installing /home/travis/build/yamcs/yamcs/yamcs-core/target/yamcs-core-0.30.0.jar to /home/travis/.m2/repository/org/yamcs/yamcs-core/0.30.0/yamcs-core-0.30.0.jar
[INFO] Installing /home/travis/build/yamcs/yamcs/yamcs-core/pom.xml to /home/travis/.m2/repository/org/yamcs/yamcs-core/0.30.0/yamcs-core-0.30.0.pom
[INFO] Installing /home/travis/build/yamcs/yamcs/yamcs-core/target/yamcs-core-0.30.0-sources.jar to /home/travis/.m2/repository/org/yamcs/yamcs-core/0.30.0/yamcs-core-0.30.0-sources.jar
[INFO]                                                                         
[INFO] ------------------------------------------------------------------------
[INFO] Building Yamcs Simulation 0.30.0
[INFO] ------------------------------------------------------------------------
[INFO] 
[INFO] --- maven-resources-plugin:2.6:resources (default-resources) @ yamcs-simulation ---
[INFO] Using 'UTF-8' encoding to copy filtered resources.
[INFO] Copying 2 resources
[INFO] 
[INFO] --- maven-compiler-plugin:2.3.2:compile (default-compile) @ yamcs-simulation ---
[INFO] Compiling 34 source files to /home/travis/build/yamcs/yamcs/yamcs-simulation/target/classes
[INFO] 
[INFO] --- maven-resources-plugin:2.6:testResources (default-testResources) @ yamcs-simulation ---
[INFO] Using 'UTF-8' encoding to copy filtered resources.
[INFO] Copying 5 resources
[INFO] 
[INFO] --- maven-compiler-plugin:2.3.2:testCompile (default-testCompile) @ yamcs-simulation ---
[INFO] Compiling 1 source file to /home/travis/build/yamcs/yamcs/yamcs-simulation/target/test-classes
[INFO] 
[INFO] --- maven-surefire-plugin:2.19.1:test (default-test) @ yamcs-simulation ---
[INFO] Tests are skipped.
[INFO] 
[INFO] --- maven-jar-plugin:2.4:jar (default-jar) @ yamcs-simulation ---
[INFO] Building jar: /home/travis/build/yamcs/yamcs/yamcs-simulation/target/yamcs-simulation-0.30.0.jar
[INFO] 
[INFO] --- maven-source-plugin:2.2.1:jar-no-fork (attach-sources) @ yamcs-simulation ---
[INFO] Building jar: /home/travis/build/yamcs/yamcs/yamcs-simulation/target/yamcs-simulation-0.30.0-sources.jar
[INFO] 
[INFO] --- maven-install-plugin:2.4:install (default-install) @ yamcs-simulation ---
[INFO] Installing /home/travis/build/yamcs/yamcs/yamcs-simulation/target/yamcs-simulation-0.30.0.jar to /home/travis/.m2/repository/org/yamcs/yamcs-simulation/0.30.0/yamcs-simulation-0.30.0.jar
[INFO] Installing /home/travis/build/yamcs/yamcs/yamcs-simulation/pom.xml to /home/travis/.m2/repository/org/yamcs/yamcs-simulation/0.30.0/yamcs-simulation-0.30.0.pom
[INFO] Installing /home/travis/build/yamcs/yamcs/yamcs-simulation/target/yamcs-simulation-0.30.0-sources.jar to /home/travis/.m2/repository/org/yamcs/yamcs-simulation/0.30.0/yamcs-simulation-0.30.0-sources.jar
[INFO] ------------------------------------------------------------------------
[INFO] Reactor Summary:
[INFO] 
[INFO] Yamcs .............................................. SUCCESS [  0.796 s]
[INFO] Yamcs API .......................................... SUCCESS [ 31.437 s]
[INFO] Yamcs XTCE ......................................... SUCCESS [  4.961 s]
[INFO] Yamcs Core ......................................... SUCCESS [ 32.864 s]
[INFO] Yamcs Simulation ................................... SUCCESS [  3.831 s]
[INFO] ------------------------------------------------------------------------
[INFO] BUILD SUCCESS
[INFO] ------------------------------------------------------------------------
[INFO] Total time: 01:14 min
[INFO] Finished at: 2016-09-17T04:59:57+00:00
[INFO] Final Memory: 76M/455M
[INFO] ------------------------------------------------------------------------

travis_time:end:01fdd300:start=1474088322019944578,finish=1474088400528515358,duration=78508570780[0Ktravis_fold:end:install[0Ktravis_time:start:03651bd0[0K$ mvn -Dsurefire.useFile=false test
Java HotSpot(TM) 64-Bit Server VM warning: ignoring option MaxPermSize=192m; support was removed in 8.0
[INFO] Scanning for projects...
[INFO] ------------------------------------------------------------------------
[INFO] Reactor Build Order:
[INFO] 
[INFO] Yamcs
[INFO] Yamcs API
[INFO] Yamcs XTCE
[INFO] Yamcs Core
[INFO] Yamcs Simulation
[INFO]                                                                         
[INFO] ------------------------------------------------------------------------
[INFO] Building Yamcs 0.30.0
[INFO] ------------------------------------------------------------------------
[INFO]                                                                         
[INFO] ------------------------------------------------------------------------
[INFO] Building Yamcs API 0.30.0
[INFO] ------------------------------------------------------------------------
[INFO] 
[INFO] --- maven-resources-plugin:2.6:resources (default-resources) @ yamcs-api ---
[INFO] Using 'UTF-8' encoding to copy filtered resources.
[INFO] Copying 1 resource
[INFO] 
[INFO] --- maven-compiler-plugin:2.3.2:compile (default-compile) @ yamcs-api ---
[INFO] Nothing to compile - all classes are up to date
[INFO] 
[INFO] --- maven-resources-plugin:2.6:testResources (default-testResources) @ yamcs-api ---
[INFO] Using 'UTF-8' encoding to copy filtered resources.
[INFO] skip non existing resourceDirectory /home/travis/build/yamcs/yamcs/yamcs-api/src/test/resources
[INFO] 
[INFO] --- maven-compiler-plugin:2.3.2:testCompile (default-testCompile) @ yamcs-api ---
[INFO] Nothing to compile - all classes are up to date
[INFO] 
[INFO] --- maven-surefire-plugin:2.19.1:test (default-test) @ yamcs-api ---

-------------------------------------------------------
 T E S T S
-------------------------------------------------------
Running org.yamcs.utils.TimeEncodingTest
sdf,format:2010-12-31T23:59:59.000
d=Fri Dec 31 23:59:59 UTC 2010
cal=Fri Dec 31 23:59:59 UTC 2010
hod=23
s=2010-12-31T23:59:59.000
Tests run: 15, Failures: 0, Errors: 0, Skipped: 0, Time elapsed: 0.124 sec - in org.yamcs.utils.TimeEncodingTest
Running org.yamcs.utils.TaiUtcConverterTest
Tests run: 2, Failures: 0, Errors: 0, Skipped: 0, Time elapsed: 0.034 sec - in org.yamcs.utils.TaiUtcConverterTest
Running org.yamcs.api.AbstractEventProducerTest
Tests run: 5, Failures: 0, Errors: 0, Skipped: 0, Time elapsed: 0.149 sec - in org.yamcs.api.AbstractEventProducerTest

Results :

Tests run: 22, Failures: 0, Errors: 0, Skipped: 0

[INFO]                                                                         
[INFO] ------------------------------------------------------------------------
[INFO] Building Yamcs XTCE 0.30.0
[INFO] ------------------------------------------------------------------------
[INFO] 
[INFO] --- maven-resources-plugin:2.6:resources (default-resources) @ yamcs-xtce ---
[INFO] Using 'UTF-8' encoding to copy filtered resources.
[INFO] Copying 1 resource
[INFO] 
[INFO] --- maven-compiler-plugin:2.3.2:compile (default-compile) @ yamcs-xtce ---
[INFO] Nothing to compile - all classes are up to date
[INFO] 
[INFO] --- maven-resources-plugin:2.6:testResources (default-testResources) @ yamcs-xtce ---
[INFO] Using 'UTF-8' encoding to copy filtered resources.
[INFO] skip non existing resourceDirectory /home/travis/build/yamcs/yamcs/yamcs-xtce/src/test/resources
[INFO] 
[INFO] --- maven-compiler-plugin:2.3.2:testCompile (default-testCompile) @ yamcs-xtce ---
[INFO] Nothing to compile - all classes are up to date
[INFO] 
[INFO] --- maven-surefire-plugin:2.19.1:test (default-test) @ yamcs-xtce ---

-------------------------------------------------------
 T E S T S
-------------------------------------------------------
Running org.yamcs.xtce.HistoryTest
Tests run: 2, Failures: 0, Errors: 0, Skipped: 0, Time elapsed: 0.075 sec - in org.yamcs.xtce.HistoryTest

Results :

Tests run: 2, Failures: 0, Errors: 0, Skipped: 0

[INFO]                                                                         
[INFO] ------------------------------------------------------------------------
[INFO] Building Yamcs Core 0.30.0
[INFO] ------------------------------------------------------------------------
[INFO] 
[INFO] --- build-helper-maven-plugin:1.11:add-source (add-source) @ yamcs-core ---
[INFO] Source directory: /home/travis/build/yamcs/yamcs/yamcs-core/target/generated-sources/version added.
[INFO] 
[INFO] --- maven-antrun-plugin:1.3:run (generate-version) @ yamcs-core ---
[INFO] Executing tasks
[INFO] Executed tasks
[INFO] 
[INFO] --- maven-resources-plugin:2.6:resources (default-resources) @ yamcs-core ---
[INFO] Using 'UTF-8' encoding to copy filtered resources.
[INFO] Copying 31 resources
[INFO] 
[INFO] --- maven-compiler-plugin:2.3.2:compile (default-compile) @ yamcs-core ---
[INFO] Nothing to compile - all classes are up to date
[INFO] 
[INFO] --- maven-resources-plugin:2.6:testResources (default-testResources) @ yamcs-core ---
[INFO] Using 'UTF-8' encoding to copy filtered resources.
[INFO] Copying 40 resources
[INFO] Copying 21 resources
[INFO] 
[INFO] --- maven-compiler-plugin:2.3.2:testCompile (default-testCompile) @ yamcs-core ---
[INFO] Nothing to compile - all classes are up to date
[INFO] 
[INFO] --- maven-surefire-plugin:2.19.1:test (default-test) @ yamcs-core ---

-------------------------------------------------------
 T E S T S
-------------------------------------------------------
Running org.yamcs.yarch.StarSelectTest
Created directory: /home/travis/.yamcs/log
Tests run: 1, Failures: 0, Errors: 0, Skipped: 0, Time elapsed: 0.536 sec - in org.yamcs.yarch.StarSelectTest
Running org.yamcs.yarch.rocksdb.PartitioningTest
Tests run: 3, Failures: 0, Errors: 0, Skipped: 0, Time elapsed: 0.86 sec - in org.yamcs.yarch.rocksdb.PartitioningTest
Running org.yamcs.yarch.rocksdb.RdbSelectTest
Tests run: 7, Failures: 0, Errors: 0, Skipped: 0, Time elapsed: 1.268 sec - in org.yamcs.yarch.rocksdb.RdbSelectTest
Running org.yamcs.yarch.rocksdb.RdbEngineTest
Tests run: 1, Failures: 0, Errors: 0, Skipped: 0, Time elapsed: 0.562 sec - in org.yamcs.yarch.rocksdb.RdbEngineTest
Running org.yamcs.yarch.rocksdb.HistogramDbTest
Tests run: 1, Failures: 0, Errors: 0, Skipped: 0, Time elapsed: 0.348 sec - in org.yamcs.yarch.rocksdb.HistogramDbTest
Running org.yamcs.yarch.rocksdb.PartitionManagerTest
Tests run: 5, Failures: 0, Errors: 0, Skipped: 0, Time elapsed: 0.669 sec - in org.yamcs.yarch.rocksdb.PartitionManagerTest
Running org.yamcs.yarch.rocksdb.TagsTest
Tests run: 1, Failures: 0, Errors: 0, Skipped: 0, Time elapsed: 0.557 sec - in org.yamcs.yarch.rocksdb.TagsTest
Running org.yamcs.yarch.rocksdb.RDBFactoryTest
Tests run: 1, Failures: 0, Errors: 0, Skipped: 0, Time elapsed: 2.844 sec - in org.yamcs.yarch.rocksdb.RDBFactoryTest
Running org.yamcs.yarch.DynamicSchemaTableTest
Tests run: 4, Failures: 0, Errors: 0, Skipped: 0, Time elapsed: 0.478 sec - in org.yamcs.yarch.DynamicSchemaTableTest
Running org.yamcs.yarch.EnumWithPartitionTest
Tests run: 4, Failures: 0, Errors: 0, Skipped: 0, Time elapsed: 0.636 sec - in org.yamcs.yarch.EnumWithPartitionTest
Running org.yamcs.yarch.ConcurrencyTest
Tests run: 1, Failures: 0, Errors: 0, Skipped: 0, Time elapsed: 15.553 sec - in org.yamcs.yarch.ConcurrencyTest
Running org.yamcs.yarch.StreamSelectPerfTest
Tests run: 1, Failures: 0, Errors: 0, Skipped: 0, Time elapsed: 3.147 sec - in org.yamcs.yarch.StreamSelectPerfTest
Running org.yamcs.yarch.HistogramDbTest
Tests run: 10, Failures: 0, Errors: 0, Skipped: 0, Time elapsed: 0.207 sec - in org.yamcs.yarch.HistogramDbTest
Running org.yamcs.yarch.StreamSqlParserTest
Tests run: 3, Failures: 0, Errors: 0, Skipped: 0, Time elapsed: 0.387 sec - in org.yamcs.yarch.StreamSqlParserTest
Running org.yamcs.yarch.hornet.StreamAdapterTest
Sep 17 05:00:46.076 [1] org.apache.activemq.artemis.core.server start INFO:AMQ221000: live Message Broker is starting with configuration Broker Configuration (clustered=false,journalDirectory=data/journal,bindingsDirectory=data/bindings,largeMessagesDirectory=data/largemessages,pagingDirectory=data/paging)
Sep 17 05:00:46.113 [1] org.apache.activemq.artemis.core.server <init> INFO:AMQ221043: Protocol module found: [artemis-server]. Adding protocol support for: CORE
log4j:WARN No appenders could be found for logger (org.apache.commons.beanutils.converters.BooleanConverter).
log4j:WARN Please initialize the log4j system properly.
Sep 17 05:00:46.286 [1] org.apache.activemq.artemis.core.server run INFO:AMQ221007: Server is now live
Sep 17 05:00:46.287 [1] org.apache.activemq.artemis.core.server start INFO:AMQ221001: Apache ActiveMQ Artemis Message Broker version 1.3.0 [localhost, nodeID=b17573e2-7c93-11e6-aee0-56b375414861] 
Sep 17 05:00:46.686 [1] org.apache.activemq.artemis.core.server stop INFO:AMQ221002: Apache ActiveMQ Artemis Message Broker version 1.3.0 [b17573e2-7c93-11e6-aee0-56b375414861] stopped, uptime 0.642 seconds
Tests run: 2, Failures: 0, Errors: 0, Skipped: 0, Time elapsed: 1.324 sec - in org.yamcs.yarch.hornet.StreamAdapterTest
Running org.yamcs.yarch.hornet.ProducerKillerTest
log4j:WARN No appenders could be found for logger (org.jboss.logging).
log4j:WARN Please initialize the log4j system properly.
msg: ClientMessageImpl[messageID=9, durable=true, address=activemq.notifications,userID=null,properties=TypedProperties[_AMQ_Binding_Type=0,_AMQ_RoutingName=ProducerKiller,_AMQ_Distance=0,_AMQ_Address=activemq.notifications,_AMQ_NotifType=BINDING_ADDED,_AMQ_Binding_ID=8,_AMQ_NotifTimestamp=1474088448362,_AMQ_ClusterName=ProducerKillerb27aaea1-7c93-11e6-83d6-56b375414861,foobar=b2d37d11-7c93-11e6-83d6-56b375414861]]
msg: ClientMessageImpl[messageID=10, durable=true, address=activemq.notifications,userID=null,properties=TypedProperties[_AMQ_RoutingName=ProducerKiller,_AMQ_Distance=0,_AMQ_ConsumerCount=1,_AMQ_User=da7d0a4b-6229-4bd1-9f8d-9dbd26011ac6,_AMQ_SessionName=b2d35600-7c93-11e6-83d6-56b375414861,_AMQ_Address=activemq.notifications,_AMQ_RemoteAddress=invm:0,_AMQ_NotifType=CONSUMER_CREATED,_AMQ_NotifTimestamp=1474088448368,_AMQ_ClusterName=ProducerKillerb27aaea1-7c93-11e6-83d6-56b375414861]]
Thread[Thread-0 (ActiveMQ-client-global-threads-1625082366),5,ActiveMQ-client-global-threads-1625082366] received the first message: ClientMessageImpl[messageID=11, durable=false, address=tempDataAddress.6d1c3148-afab-4470-84f9-e0aa8e0ea8ff,userID=null,properties=TypedProperties[]], closing connection
Thread[Thread-0 (ActiveMQ-client-global-threads-1625082366),5,ActiveMQ-client-global-threads-1625082366] received the first message: ClientMessageImpl[messageID=12, durable=false, address=tempDataAddress.6d1c3148-afab-4470-84f9-e0aa8e0ea8ff,userID=null,properties=TypedProperties[]], closing connection
msg: ClientMessageImpl[messageID=716, durable=true, address=activemq.notifications,userID=null,properties=TypedProperties[_AMQ_RoutingName=tempDataQueue.1e807a53-e954-4fb2-90a2-8634654684e0,_AMQ_Distance=0,_AMQ_ConsumerCount=0,_AMQ_User=NULL-value,_AMQ_SessionName=b2c54c35-7c93-11e6-83d6-56b375414861,_AMQ_Address=tempDataAddress.6d1c3148-afab-4470-84f9-e0aa8e0ea8ff,_AMQ_RemoteAddress=/127.0.0.1:42225,_AMQ_NotifType=CONSUMER_CLOSED,_AMQ_FilterString=NULL-value,_AMQ_NotifTimestamp=1474088509915,_AMQ_ClusterName=tempDataQueue.1e807a53-e954-4fb2-90a2-8634654684e0b27aaea1-7c93-11e6-83d6-56b375414861]]
Sep 17 05:01:49.931 [290] org.yamcs.api.artemis.Protocol onMessage WARNING:closing producer org.apache.activemq.artemis.core.client.impl.ClientProducerImpl@436813f3 because the consumer to the address tempDataAddress.6d1c3148-afab-4470-84f9-e0aa8e0ea8ff has closed
msg: ClientMessageImpl[messageID=718, durable=true, address=activemq.notifications,userID=null,properties=TypedProperties[_AMQ_RoutingName=tempDataQueue.1e807a53-e954-4fb2-90a2-8634654684e0,_AMQ_Distance=0,_AMQ_Address=tempDataAddress.6d1c3148-afab-4470-84f9-e0aa8e0ea8ff,_AMQ_NotifType=BINDING_REMOVED,_AMQ_Binding_ID=2,_AMQ_FilterString=NULL-value,_AMQ_NotifTimestamp=1474088509917,_AMQ_ClusterName=tempDataQueue.1e807a53-e954-4fb2-90a2-8634654684e0b27aaea1-7c93-11e6-83d6-56b375414861]]
ActiveMQObjectClosedException[errorType=OBJECT_CLOSED message=AMQ119018: Producer is closed]
	at org.apache.activemq.artemis.core.client.impl.ClientProducerImpl.checkClosed(ClientProducerImpl.java:299)
	at org.apache.activemq.artemis.core.client.impl.ClientProducerImpl.send(ClientProducerImpl.java:126)
	at org.yamcs.api.artemis.YamcsClient.sendData(YamcsClient.java:381)
	at org.yamcs.yarch.hornet.ProducerKillerTest$2.run(ProducerKillerTest.java:62)
	at java.lang.Thread.run(Thread.java:745)
Tests run: 1, Failures: 0, Errors: 0, Skipped: 0, Time elapsed: 62.774 sec - in org.yamcs.yarch.hornet.ProducerKillerTest
Running org.yamcs.yarch.StreamSelect2Test
Tests run: 8, Failures: 0, Errors: 0, Skipped: 0, Time elapsed: 12.509 sec - in org.yamcs.yarch.StreamSelect2Test
Running org.yamcs.yarch.StreamSelectTest
Tests run: 3, Failures: 0, Errors: 0, Skipped: 0, Time elapsed: 0.682 sec - in org.yamcs.yarch.StreamSelectTest
Running org.yamcs.yarch.HistogramStreamTest
Tests run: 4, Failures: 0, Errors: 0, Skipped: 0, Time elapsed: 2.262 sec - in org.yamcs.yarch.HistogramStreamTest
Running org.yamcs.yarch.EnumTest
Tests run: 3, Failures: 0, Errors: 0, Skipped: 0, Time elapsed: 0.8 sec - in org.yamcs.yarch.EnumTest
Running org.yamcs.yarch.StreamMergeTest
Tests run: 4, Failures: 0, Errors: 0, Skipped: 0, Time elapsed: 1.433 sec - in org.yamcs.yarch.StreamMergeTest
Running org.yamcs.yarch.TableDefinitionSerializationTest
Tests run: 4, Failures: 0, Errors: 0, Skipped: 0, Time elapsed: 0.555 sec - in org.yamcs.yarch.TableDefinitionSerializationTest
Running org.yamcs.yarch.StandaloneStreamTest
Tests run: 1, Failures: 0, Errors: 0, Skipped: 0, Time elapsed: 0.349 sec - in org.yamcs.yarch.StandaloneStreamTest
Running org.yamcs.yarch.StreamSelect1Test
Tests run: 2, Failures: 0, Errors: 0, Skipped: 0, Time elapsed: 0.596 sec - in org.yamcs.yarch.StreamSelect1Test
Running org.yamcs.xtceproc.XtceDbFactoryTest
Warning:  Cell at E17 not present - adding a blank
Warning:  Some cells exceeded the specified bounds.  Resizing sheet dimensions from 4x42 to 5x42
Tests run: 5, Failures: 0, Errors: 0, Skipped: 0, Time elapsed: 6.554 sec - in org.yamcs.xtceproc.XtceDbFactoryTest
Running org.yamcs.xtceproc.XtceTmExtractorTest
Sep 17 05:02:26.755 [1] org.yamcs.xtceproc.ParameterTypeProcessor calibrateInteger WARNING:StringIntTermPara1_5_2: failed to parse string 'invalidint' to long
Sep 17 05:02:26.769 [1] org.yamcs.xtceproc.ParameterTypeProcessor calibrateEnumerated WARNING:StringIntTermPara20_1: failed to parse string 'invalidlong' to long
Sep 17 05:02:26.778 [1] org.yamcs.xtceproc.ParameterTypeProcessor calibrateFloat WARNING:StringFloatTSCPara1_4_2: failed to parse string 'invalidfloat' to double
Tests run: 21, Failures: 0, Errors: 0, Skipped: 0, Time elapsed: 0.635 sec - in org.yamcs.xtceproc.XtceTmExtractorTest
Running org.yamcs.xtceproc.XtceCommandEncodingTest
Warning:  Cell at E17 not present - adding a blank
Warning:  Some cells exceeded the specified bounds.  Resizing sheet dimensions from 4x42 to 5x42
command buffer: 0B0A1200
Tests run: 10, Failures: 0, Errors: 0, Skipped: 0, Time elapsed: 5.009 sec - in org.yamcs.xtceproc.XtceCommandEncodingTest
Running org.yamcs.algorithms.WindowBufferTest
Tests run: 1, Failures: 0, Errors: 0, Skipped: 0, Time elapsed: 0.064 sec - in org.yamcs.algorithms.WindowBufferTest
Running org.yamcs.algorithms.AlgorithmManagerTest
Tests run: 14, Failures: 0, Errors: 0, Skipped: 1, Time elapsed: 15.241 sec - in org.yamcs.algorithms.AlgorithmManagerTest
Running org.yamcs.algorithms.AlgorithmManagerPyTest
Tests run: 3, Failures: 0, Errors: 0, Skipped: 0, Time elapsed: 4.007 sec - in org.yamcs.algorithms.AlgorithmManagerPyTest
Running org.yamcs.algorithms.AlgorithmWithContextTest
Tests run: 1, Failures: 0, Errors: 0, Skipped: 0, Time elapsed: 3.281 sec - in org.yamcs.algorithms.AlgorithmWithContextTest
Running org.yamcs.ContainerRequestManagerTest
Tests run: 1, Failures: 0, Errors: 0, Skipped: 0, Time elapsed: 0.605 sec - in org.yamcs.ContainerRequestManagerTest
Running org.yamcs.parameter.ValueTest
Tests run: 1, Failures: 0, Errors: 0, Skipped: 1, Time elapsed: 0.059 sec - in org.yamcs.parameter.ValueTest
Running org.yamcs.parameter.ParameterCacheTest
Tests run: 5, Failures: 0, Errors: 0, Skipped: 1, Time elapsed: 0.118 sec - in org.yamcs.parameter.ParameterCacheTest
Running org.yamcs.parameter.ParameterValueListTest
Tests run: 5, Failures: 0, Errors: 0, Skipped: 0, Time elapsed: 0.18 sec - in org.yamcs.parameter.ParameterValueListTest
Running org.yamcs.parameter.SubsriptionArrayTest
Tests run: 1, Failures: 0, Errors: 0, Skipped: 0, Time elapsed: 0.067 sec - in org.yamcs.parameter.SubsriptionArrayTest
Running org.yamcs.parameter.SoftwareParameterManagerTest
Tests run: 1, Failures: 0, Errors: 0, Skipped: 0, Time elapsed: 2.591 sec - in org.yamcs.parameter.SoftwareParameterManagerTest
Running org.yamcs.ui.eventviewer.UtilsTest
Tests run: 3, Failures: 0, Errors: 0, Skipped: 0, Time elapsed: 0.057 sec - in org.yamcs.ui.eventviewer.UtilsTest
Running org.yamcs.web.rest.archive.RestDownsamplerTest
Tests run: 1, Failures: 0, Errors: 0, Skipped: 0, Time elapsed: 0.125 sec - in org.yamcs.web.rest.archive.RestDownsamplerTest
Running org.yamcs.web.rest.mdb.NameDescriptionSearchMatcherTest
/REFMDB/ccsds-apid
/REFMDB/ccsds-apid
/REFMDB/ccsds-apid
Tests run: 1, Failures: 0, Errors: 0, Skipped: 0, Time elapsed: 0.478 sec - in org.yamcs.web.rest.mdb.NameDescriptionSearchMatcherTest
Running org.yamcs.web.rest.mdb.XtceToGpbAssemblerTest
Tests run: 3, Failures: 0, Errors: 0, Skipped: 0, Time elapsed: 0.616 sec - in org.yamcs.web.rest.mdb.XtceToGpbAssemblerTest
Running org.yamcs.web.rest.RouterTest
Tests run: 10, Failures: 0, Errors: 0, Skipped: 0, Time elapsed: 0.588 sec - in org.yamcs.web.rest.RouterTest
Running org.yamcs.web.rest.RestRequestTest
Tests run: 5, Failures: 0, Errors: 0, Skipped: 0, Time elapsed: 0.126 sec - in org.yamcs.web.rest.RestRequestTest
Running org.yamcs.archive.PpTupleTranslatorTest
Sep 17 05:03:09.817 [1] org.apache.activemq.artemis.core.server start INFO:AMQ221000: live Message Broker is starting with configuration Broker Configuration (clustered=false,journalDirectory=data/journal,bindingsDirectory=data/bindings,largeMessagesDirectory=data/largemessages,pagingDirectory=data/paging)
Sep 17 05:03:09.850 [1] org.apache.activemq.artemis.core.server <init> INFO:AMQ221043: Protocol module found: [artemis-server]. Adding protocol support for: CORE
log4j:WARN No appenders could be found for logger (org.apache.commons.beanutils.converters.BooleanConverter).
log4j:WARN Please initialize the log4j system properly.
Sep 17 05:03:10.025 [1] org.apache.activemq.artemis.core.server run INFO:AMQ221007: Server is now live
Sep 17 05:03:10.026 [1] org.apache.activemq.artemis.core.server start INFO:AMQ221001: Apache ActiveMQ Artemis Message Broker version 1.3.0 [localhost, nodeID=072296b9-7c94-11e6-a055-56b375414861] 
Sep 17 05:03:13.733 [1] org.apache.activemq.artemis.core.server stop INFO:AMQ221002: Apache ActiveMQ Artemis Message Broker version 1.3.0 [072296b9-7c94-11e6-a055-56b375414861] stopped, uptime 3.964 seconds
Tests run: 1, Failures: 0, Errors: 0, Skipped: 0, Time elapsed: 4.564 sec - in org.yamcs.archive.PpTupleTranslatorTest
Running org.yamcs.archive.CmdHistoryRecordingTest
Sep 17 05:03:14.884 [1] org.apache.activemq.artemis.core.server start INFO:AMQ221000: live Message Broker is starting with configuration Broker Configuration (clustered=false,journalDirectory=data/journal,bindingsDirectory=data/bindings,largeMessagesDirectory=data/largemessages,pagingDirectory=data/paging)
Sep 17 05:03:14.927 [1] org.apache.activemq.artemis.core.server <init> INFO:AMQ221043: Protocol module found: [artemis-server]. Adding protocol support for: CORE
log4j:WARN No appenders could be found for logger (org.apache.commons.beanutils.converters.BooleanConverter).
log4j:WARN Please initialize the log4j system properly.
Sep 17 05:03:15.115 [1] org.apache.activemq.artemis.core.server run INFO:AMQ221007: Server is now live
Sep 17 05:03:15.115 [1] org.apache.activemq.artemis.core.server start INFO:AMQ221001: Apache ActiveMQ Artemis Message Broker version 1.3.0 [localhost, nodeID=0a27e7c0-7c94-11e6-a352-56b375414861] 
Sep 17 05:03:15.378 [1] org.yamcs.cmdhistory.CommandHistoryRecorder[yarchtest_CmdHistoryRecordingTest] doStart SEVERE:The stream cmdhist_dump has not been found
Sep 17 05:03:15.549 [39] org.yamcs.security.Privilege <clinit> WARNING:Privileges disabled, all connections are allowed and have full permissions
Sep 17 05:03:16.633 [80] org.apache.activemq.artemis.core.client fail WARNING:AMQ212037: Connection failure has been detected: AMQ119015: The connection was disconnected because of server shutdown [code=DISCONNECTED]
Sep 17 05:03:16.634 [80] org.apache.activemq.artemis.core.client fail WARNING:AMQ212037: Connection failure has been detected: AMQ119015: The connection was disconnected because of server shutdown [code=DISCONNECTED]
Sep 17 05:03:16.644 [1] org.apache.activemq.artemis.core.server stop INFO:AMQ221002: Apache ActiveMQ Artemis Message Broker version 1.3.0 [0a27e7c0-7c94-11e6-a352-56b375414861] stopped, uptime 1.792 seconds
Tests run: 1, Failures: 0, Errors: 0, Skipped: 0, Time elapsed: 2.401 sec - in org.yamcs.archive.CmdHistoryRecordingTest
Running org.yamcs.archive.CcsdsTmIndexTest
Tests run: 3, Failures: 0, Errors: 0, Skipped: 1, Time elapsed: 0.333 sec - in org.yamcs.archive.CcsdsTmIndexTest
Running org.yamcs.archive.EventRecordingTest
Sep 17 05:03:18.585 [1] org.apache.activemq.artemis.core.server start INFO:AMQ221000: live Message Broker is starting with configuration Broker Configuration (clustered=false,journalDirectory=data/journal,bindingsDirectory=data/bindings,largeMessagesDirectory=data/largemessages,pagingDirectory=data/paging)
Sep 17 05:03:18.618 [1] org.apache.activemq.artemis.core.server <init> INFO:AMQ221043: Protocol module found: [artemis-server]. Adding protocol support for: CORE
log4j:WARN No appenders could be found for logger (org.apache.commons.beanutils.converters.BooleanConverter).
log4j:WARN Please initialize the log4j system properly.
Sep 17 05:03:18.756 [1] org.apache.activemq.artemis.core.server run INFO:AMQ221007: Server is now live
Sep 17 05:03:18.757 [1] org.apache.activemq.artemis.core.server start INFO:AMQ221001: Apache ActiveMQ Artemis Message Broker version 1.3.0 [localhost, nodeID=0c5ca136-7c94-11e6-8500-56b375414861] 
Sep 17 05:03:22.322 [87] org.yamcs.security.Privilege <clinit> WARNING:Privileges disabled, all connections are allowed and have full permissions
Sep 17 05:03:22.800 [56] org.apache.activemq.artemis.core.client fail WARNING:AMQ212037: Connection failure has been detected: AMQ119015: The connection was disconnected because of server shutdown [code=DISCONNECTED]
Sep 17 05:03:22.810 [1] org.apache.activemq.artemis.core.server stop INFO:AMQ221002: Apache ActiveMQ Artemis Message Broker version 1.3.0 [0c5ca136-7c94-11e6-8500-56b375414861] stopped, uptime 4.257 seconds
Tests run: 1, Failures: 0, Errors: 0, Skipped: 0, Time elapsed: 4.832 sec - in org.yamcs.archive.EventRecordingTest
Running org.yamcs.PermissionsTest
Sep 17 05:03:23.827 [1] org.yamcs.web.WebConfig <init> WARNING:Property 'webPort' in yamcs.yaml is deprecated. Instead nest new property 'port' under 'webConfig'.
Sep 17 05:03:23.832 [1] org.yamcs.web.WebConfig <init> WARNING:Property 'webRoot' in yamcs.yaml is deprecated. Instead nest 'webRoot' under 'webConfig'.
log4j:WARN No appenders could be found for logger (org.apache.commons.beanutils.converters.BooleanConverter).
log4j:WARN Please initialize the log4j system properly.
Sep 17 05:03:24.580 [1] org.apache.activemq.artemis.core.server start INFO:AMQ221000: live Message Broker is starting with configuration Broker Configuration (clustered=false,journalDirectory=data/journal,bindingsDirectory=data/bindings,largeMessagesDirectory=data/largemessages,pagingDirectory=data/paging)
Sep 17 05:03:24.609 [1] org.apache.activemq.artemis.core.server <init> INFO:AMQ221043: Protocol module found: [artemis-server]. Adding protocol support for: CORE
Sep 17 05:03:24.702 [1] org.apache.activemq.artemis.core.server start INFO:AMQ221020: Started Acceptor at 0.0.0.0:5445 for protocols [CORE]
Sep 17 05:03:24.702 [1] org.apache.activemq.artemis.core.server run INFO:AMQ221007: Server is now live
Sep 17 05:03:24.702 [1] org.apache.activemq.artemis.core.server start INFO:AMQ221001: Apache ActiveMQ Artemis Message Broker version 1.3.0 [localhost, nodeID=0fef3e79-7c94-11e6-94fe-56b375414861] 
Sep 17 05:03:28.775 [27] org.yamcs.security.YamlRealm getPrivileges WARNING:No privileges of type tm_parameter_privileges for role EmptyRole
Sep 17 05:03:28.776 [27] org.yamcs.security.YamlRealm getPrivileges WARNING:No privileges of type tm_parameter_set_privileges for role EmptyRole
Sep 17 05:03:28.777 [27] org.yamcs.security.YamlRealm getPrivileges WARNING:No privileges of type tm_packet_privileges for role EmptyRole
Sep 17 05:03:28.777 [27] org.yamcs.security.YamlRealm getPrivileges WARNING:No privileges of type tc_privileges for role EmptyRole
Sep 17 05:03:28.777 [27] org.yamcs.security.YamlRealm getPrivileges WARNING:No privileges of type system_privileges for role EmptyRole
Sep 17 05:03:28.915 [28] org.yamcs.web.rest.RestHandler verifyCommand WARNING:Command 'FLOAT_ARG_TC' (namespace: '/REFMDB/SUBSYS1') found, but withheld due to insufficient privileges. Returning 404 instead
Sep 17 05:03:28.915 [28] org.yamcs.web.rest.Router handleException WARNING:R2: Sending nominal exception back to client: No resource named '/api/processors/IntegrationTest/realtime/commands/REFMDB/SUBSYS1/FLOAT_ARG_TC' (No such command)
Sep 17 05:03:28.919 [28] org.yamcs.web.HttpRequestHandler sendError WARNING:POST /api/processors/IntegrationTest/realtime/commands/REFMDB/SUBSYS1/FLOAT_ARG_TC 404
Sep 17 05:03:29.040 [31] org.yamcs.web.rest.Router handleException WARNING:R4: Sending nominal exception back to client: User testuser/***** has no permission for parameter /REFMDB/SUBSYS1/FloatPara1_1_3
Sep 17 05:03:29.040 [31] org.yamcs.web.HttpRequestHandler sendError WARNING:GET /api/processors/IntegrationTest/realtime/parameters/mget 403
Sep 17 05:03:29.081 [33] org.yamcs.web.rest.Router handleException WARNING:R5: Sending nominal exception back to client: User operator/***** has no 'set' permission for parameter /REFMDB/SUBSYS1/LocalPara1
Sep 17 05:03:29.082 [33] org.yamcs.web.HttpRequestHandler sendError WARNING:POST /api/processors/IntegrationTest/realtime/parameters/mset 403
Sep 17 05:03:33.056 [36] org.yamcs.web.HttpRequestHandler sendError WARNING:GET /api/archive/IntegrationTest/REFMDB/SUBSYS1/FixedStringPara1_3_1?start=2015-03-02T10:10:00&stop=2015-03-02T10:10:02&order=asc 404
Sep 17 05:03:33.143 [38] org.yamcs.commanding.CommandingManager addToCommandHistory WARNING:Throwing InsufficientPrivileges for lack of COMMANDING privilege for user testuser/*****
Sep 17 05:03:33.143 [38] org.yamcs.web.rest.Router handleException WARNING:R8: Sending nominal exception back to client: Forbidden
Sep 17 05:03:33.144 [38] org.yamcs.web.HttpRequestHandler sendError WARNING:POST /api/processors/IntegrationTest/realtime/commandhistory/REFMDB/SUBSYS1/ONE_INT_ARG_TC 403
Sep 17 05:03:33.317 [41] org.yamcs.security.YamlRealm loadUser WARNING:Unable to load user baduser/***** from YamlRealm: cannot find a mapping for key 'baduser'
Sep 17 05:03:33.320 [41] org.yamcs.web.HttpRequestHandler sendUnauthorized WARNING:GET /api/user 401 [realm="YamlRealm"]
Sep 17 05:03:33.539 [1] org.apache.activemq.artemis.core.server stop INFO:AMQ221002: Apache ActiveMQ Artemis Message Broker version 1.3.0 [0fef3e79-7c94-11e6-94fe-56b375414861] stopped, uptime 8.977 seconds
Tests run: 6, Failures: 0, Errors: 0, Skipped: 0, Time elapsed: 10.056 sec - in org.yamcs.PermissionsTest
Running org.yamcs.parameterarchive.FloatValueSegmentTest
Tests run: 2, Failures: 0, Errors: 0, Skipped: 0, Time elapsed: 0.076 sec - in org.yamcs.parameterarchive.FloatValueSegmentTest
Running org.yamcs.parameterarchive.IntValueSegmentTest
Tests run: 3, Failures: 0, Errors: 0, Skipped: 0, Time elapsed: 0.092 sec - in org.yamcs.parameterarchive.IntValueSegmentTest
Running org.yamcs.parameterarchive.ParameterArchiveTest
Tests run: 6, Failures: 0, Errors: 0, Skipped: 0, Time elapsed: 0.593 sec - in org.yamcs.parameterarchive.ParameterArchiveTest
Running org.yamcs.parameterarchive.TestParameterIdMap
Tests run: 1, Failures: 0, Errors: 0, Skipped: 0, Time elapsed: 0.155 sec - in org.yamcs.parameterarchive.TestParameterIdMap
Running org.yamcs.parameterarchive.ObjectSegmentTest
Tests run: 4, Failures: 0, Errors: 0, Skipped: 0, Time elapsed: 0.282 sec - in org.yamcs.parameterarchive.ObjectSegmentTest
Running org.yamcs.parameterarchive.GenericValueSegmentTest
Tests run: 1, Failures: 0, Errors: 0, Skipped: 0, Time elapsed: 0.09 sec - in org.yamcs.parameterarchive.GenericValueSegmentTest
Running org.yamcs.parameterarchive.TestParameterGroupIdMap
Tests run: 1, Failures: 0, Errors: 0, Skipped: 0, Time elapsed: 0.153 sec - in org.yamcs.parameterarchive.TestParameterGroupIdMap
Running org.yamcs.parameterarchive.DoubleValueSegmentTest
Tests run: 1, Failures: 0, Errors: 0, Skipped: 0, Time elapsed: 0.064 sec - in org.yamcs.parameterarchive.DoubleValueSegmentTest
Running org.yamcs.parameterarchive.BooleanValueSegmentTest
Tests run: 1, Failures: 0, Errors: 0, Skipped: 0, Time elapsed: 0.065 sec - in org.yamcs.parameterarchive.BooleanValueSegmentTest
Running org.yamcs.parameterarchive.TimeSegmentTest
Tests run: 1, Failures: 0, Errors: 0, Skipped: 0, Time elapsed: 0.055 sec - in org.yamcs.parameterarchive.TimeSegmentTest
Running org.yamcs.parameterarchive.TestCompression
Tests run: 1, Failures: 0, Errors: 0, Skipped: 1, Time elapsed: 0.062 sec - in org.yamcs.parameterarchive.TestCompression
Running org.yamcs.parameterarchive.LongValueSegmentTest
Tests run: 2, Failures: 0, Errors: 0, Skipped: 0, Time elapsed: 0.065 sec - in org.yamcs.parameterarchive.LongValueSegmentTest
Running org.yamcs.parameterarchive.TestStructure
Tests run: 2, Failures: 0, Errors: 0, Skipped: 2, Time elapsed: 0.074 sec - in org.yamcs.parameterarchive.TestStructure
Running org.yamcs.parameterarchive.StringValueSegmentTest
Tests run: 1, Failures: 0, Errors: 0, Skipped: 0, Time elapsed: 0.092 sec - in org.yamcs.parameterarchive.StringValueSegmentTest
Running org.yamcs.utils.TestBitBuffer
Tests run: 3, Failures: 0, Errors: 0, Skipped: 0, Time elapsed: 0.062 sec - in org.yamcs.utils.TestBitBuffer
Running org.yamcs.utils.TimeEncodingTest
max = 185539080470435999
5881469-05-27T23:59:59.999
Tests run: 2, Failures: 0, Errors: 0, Skipped: 0, Time elapsed: 0.112 sec - in org.yamcs.utils.TimeEncodingTest
Running org.yamcs.utils.SortedIntArrayTest
s2 encoded: [-1, 5, 20]
Tests run: 10, Failures: 0, Errors: 0, Skipped: 1, Time elapsed: 0.087 sec - in org.yamcs.utils.SortedIntArrayTest
Running org.yamcs.utils.VarIntUtilTest
Tests run: 3, Failures: 0, Errors: 0, Skipped: 0, Time elapsed: 0.094 sec - in org.yamcs.utils.VarIntUtilTest
Running org.yamcs.api.artemis.ArtemisEventProducerTest
Sep 17 05:03:46.127 [1] org.apache.activemq.artemis.core.server start INFO:AMQ221000: live Message Broker is starting with configuration Broker Configuration (clustered=false,journalDirectory=data/journal,bindingsDirectory=data/bindings,largeMessagesDirectory=data/largemessages,pagingDirectory=data/paging)
Sep 17 05:03:46.161 [1] org.apache.activemq.artemis.core.server <init> INFO:AMQ221043: Protocol module found: [artemis-server]. Adding protocol support for: CORE
log4j:WARN No appenders could be found for logger (org.apache.commons.beanutils.converters.BooleanConverter).
log4j:WARN Please initialize the log4j system properly.
Sep 17 05:03:46.358 [1] org.apache.activemq.artemis.core.server run INFO:AMQ221007: Server is now live
Sep 17 05:03:46.358 [1] org.apache.activemq.artemis.core.server start INFO:AMQ221001: Apache ActiveMQ Artemis Message Broker version 1.3.0 [localhost, nodeID=1cc734ff-7c94-11e6-89b5-56b375414861] 
Sep 17 05:03:46.685 [1] org.apache.activemq.artemis.core.server stop INFO:AMQ221002: Apache ActiveMQ Artemis Message Broker version 1.3.0 [1cc734ff-7c94-11e6-89b5-56b375414861] stopped, uptime 0.589 seconds
Tests run: 1, Failures: 0, Errors: 0, Skipped: 0, Time elapsed: 1.21 sec - in org.yamcs.api.artemis.ArtemisEventProducerTest
Running org.yamcs.IntegrationTest
Sep 17 05:03:47.504 [1] org.yamcs.web.WebConfig <init> WARNING:Property 'webPort' in yamcs.yaml is deprecated. Instead nest new property 'port' under 'webConfig'.
Sep 17 05:03:47.509 [1] org.yamcs.web.WebConfig <init> WARNING:Property 'webRoot' in yamcs.yaml is deprecated. Instead nest 'webRoot' under 'webConfig'.
log4j:WARN No appenders could be found for logger (org.apache.commons.beanutils.converters.BooleanConverter).
log4j:WARN Please initialize the log4j system properly.
Sep 17 05:03:48.291 [1] org.apache.activemq.artemis.core.server start INFO:AMQ221000: live Message Broker is starting with configuration Broker Configuration (clustered=false,journalDirectory=data/journal,bindingsDirectory=data/bindings,largeMessagesDirectory=data/largemessages,pagingDirectory=data/paging)
Sep 17 05:03:48.335 [1] org.apache.activemq.artemis.core.server <init> INFO:AMQ221043: Protocol module found: [artemis-server]. Adding protocol support for: CORE
Sep 17 05:03:48.460 [1] org.apache.activemq.artemis.core.server start INFO:AMQ221020: Started Acceptor at 0.0.0.0:5445 for protocols [CORE]
Sep 17 05:03:48.461 [1] org.apache.activemq.artemis.core.server run INFO:AMQ221007: Server is now live
Sep 17 05:03:48.461 [1] org.apache.activemq.artemis.core.server start INFO:AMQ221001: Apache ActiveMQ Artemis Message Broker version 1.3.0 [localhost, nodeID=1e111a17-7c94-11e6-8c95-56b375414861] 
Sep 17 05:03:53.249 [30] org.yamcs.web.rest.Router handleException WARNING:R3: Sending nominal exception back to client: Cannot find a local(software) parameter for 'name: "/REFMDB/SUBSYS1/IntegerPara1_1_6"
'
Sep 17 05:03:53.254 [30] org.yamcs.web.HttpRequestHandler sendError WARNING:POST /api/processors/IntegrationTest/realtime/parameters/mset 400
Sep 17 05:03:53.291 [32] org.yamcs.web.rest.Router handleException WARNING:R4: Sending nominal exception back to client: Cannot assign integer from STRING
Sep 17 05:03:53.291 [32] org.yamcs.web.HttpRequestHandler sendError WARNING:POST /api/processors/IntegrationTest/realtime/parameters/mset 400
Sep 17 05:04:00.264 [54] org.yamcs.web.rest.Router handleException WARNING:R16: Sending nominal exception back to client: Invalid parameters: [name: "/REFMDB/SUBSYS1/InvalidParaName"
]
Sep 17 05:04:00.264 [54] org.yamcs.web.HttpRequestHandler sendError WARNING:GET /api/processors/IntegrationTest/realtime/parameters/mget 400
Sep 17 05:04:03.597 [1] org.yamcs.IntegrationTest testRestParameterGet SEVERE:GET  BACK                      { }

Sep 17 05:04:04.686 [1] org.apache.activemq.artemis.core.server stop INFO:AMQ221002: Apache ActiveMQ Artemis Message Broker version 1.3.0 [1e111a17-7c94-11e6-8c95-56b375414861] stopped, uptime 16.447 seconds
Tests run: 14, Failures: 0, Errors: 0, Skipped: 1, Time elapsed: 17.496 sec - in org.yamcs.IntegrationTest
Running org.yamcs.derivedvalues.DerivedValuesTest
Tests run: 3, Failures: 0, Errors: 0, Skipped: 1, Time elapsed: 2.237 sec - in org.yamcs.derivedvalues.DerivedValuesTest
Running org.yamcs.security.PasswordHashTest
1000:bd90e98670a7365c3dd61bae4d2d964f8d3348d742b45e8c:bb3b295463a339684f655d05eb94c3265606741323f604d1
1000:c1bbf2c8bf801e1f077f81b40f72505b258317cc31d4fac3:1c664daa88dc9ab23e11786a99df4c7da883cf9d1f66b521
1000:9686c0bcbbf030b55b8b4b44e8ba296e2248cb003505e92d:b8d5095358d17a86aa9f9ef4437662d5da7f4feaef415128
1000:886f32e1852a108ea0d54e564c143f391bbb0a306152bd54:79ed448caf03de29ce093d0ac053785f10c99442f570425d
1000:e0654224b19cd33afa3b0c22c764d707a8476cc7bc957868:bf2abeb5192faa65b7b4115c0741ba4bad8c697f17b2d9b1
1000:8976fd22210ec4b0a232298ec2d32f8cf3b5e788207d8398:d677caf93fac2c354561b431b1d202e361bb384eb18dd2be
1000:230f5361ac322d457673d65acc084dfbc988e2a5dd948dd8:dae390b3eb1f9ad8bdb79c24637c87842e415341df9e2a5f
1000:f86362ca73e4b09c47bec25cee4c5475248d8c6a563e5a50:3932b45c29ecd2d4bc16d9e6c640a159b210cd3b6bd2f64d
1000:8a764fc04e591fbaa3c03a44ea9168c482516e148cbd3a8e:633149bbb723b890786aa689c8b5599e2a1c937b60475c43
1000:806a1c1ec5a61c0bf9c9cbd1cc128359057bce129868e913:6fd7acf8aeb3831da0837b36b9d8fe96caf579d580ae6d84
Running tests...
Tests run: 1, Failures: 0, Errors: 0, Skipped: 0, Time elapsed: 1.554 sec - in org.yamcs.security.PasswordHashTest
Running org.yamcs.management.ProcessorsTest
Sep 17 05:04:11.123 [1] org.yamcs.YamcsServer checkAndPrintDeprecatedWarning WARNING:The class org.yamcs.YProcessorCreatorService is deprecated: The service has been renamed to ProcessorCreatorService
Sep 17 05:04:11.224 [1] org.yamcs.YamcsServer checkAndPrintDeprecatedWarning WARNING:The class org.yamcs.YProcessorCreatorService is deprecated: The service has been renamed to ProcessorCreatorService
Sep 17 05:04:11.427 [26] org.yamcs.security.Privilege <clinit> WARNING:Privileges disabled, all connections are allowed and have full permissions
Sep 17 05:04:11.539 [28] org.yamcs.management.ManagementService createProcessor WARNING:createProcessor called with invalid client id:10; ignored.
Sep 17 05:04:11.539 [28] org.yamcs.management.ManagementService createProcessor WARNING:createProcessor called with invalid client id:14; ignored.
Sep 17 05:04:11.541 [28] org.yamcs.web.rest.Router handleException WARNING:R2: Sending nominal exception back to client: createProcessor invoked with a list full of invalid client ids
Sep 17 05:04:11.543 [28] org.yamcs.web.HttpRequestHandler sendError WARNING:POST /api/processors/yproctest0 400
log: Exception creating processor: BadRequestException : createProcessor invoked with a list full of invalid client ids
Sep 17 05:04:11.635 [95] org.yamcs.ui.YamcsConnector disconnected WARNING:Connection to localhost:28090 lost
Tests run: 3, Failures: 0, Errors: 0, Skipped: 0, Time elapsed: 7.73 sec - in org.yamcs.management.ProcessorsTest
Running org.yamcs.tctm.TcpTcUplinkerTest
Tests run: 1, Failures: 0, Errors: 0, Skipped: 0, Time elapsed: 0.198 sec - in org.yamcs.tctm.TcpTcUplinkerTest
Running org.yamcs.tctm.TmFileReaderTest
Tests run: 2, Failures: 0, Errors: 0, Skipped: 0, Time elapsed: 0.084 sec - in org.yamcs.tctm.TmFileReaderTest
Running org.yamcs.commanding.CommandingManagerTest
Tests run: 9, Failures: 0, Errors: 0, Skipped: 0, Time elapsed: 0.426 sec - in org.yamcs.commanding.CommandingManagerTest
Running org.yamcs.RestClientTest
Sep 17 05:04:20.924 [1] org.yamcs.web.WebConfig <init> WARNING:Property 'webPort' in yamcs.yaml is deprecated. Instead nest new property 'port' under 'webConfig'.
Sep 17 05:04:20.930 [1] org.yamcs.web.WebConfig <init> WARNING:Property 'webRoot' in yamcs.yaml is deprecated. Instead nest 'webRoot' under 'webConfig'.
log4j:WARN No appenders could be found for logger (org.apache.commons.beanutils.converters.BooleanConverter).
log4j:WARN Please initialize the log4j system properly.
Sep 17 05:04:21.665 [1] org.apache.activemq.artemis.core.server start INFO:AMQ221000: live Message Broker is starting with configuration Broker Configuration (clustered=false,journalDirectory=data/journal,bindingsDirectory=data/bindings,largeMessagesDirectory=data/largemessages,pagingDirectory=data/paging)
Sep 17 05:04:21.697 [1] org.apache.activemq.artemis.core.server <init> INFO:AMQ221043: Protocol module found: [artemis-server]. Adding protocol support for: CORE
Sep 17 05:04:21.782 [1] org.apache.activemq.artemis.core.server start INFO:AMQ221020: Started Acceptor at 0.0.0.0:5445 for protocols [CORE]
Sep 17 05:04:21.782 [1] org.apache.activemq.artemis.core.server run INFO:AMQ221007: Server is now live
Sep 17 05:04:21.782 [1] org.apache.activemq.artemis.core.server start INFO:AMQ221001: Apache ActiveMQ Artemis Message Broker version 1.3.0 [localhost, nodeID=31f591b2-7c94-11e6-a107-56b375414861] 
Sep 17 05:04:26.242 [27] org.yamcs.web.HttpRequestHandler sendUnauthorized WARNING:GET /api/instances 401 [realm="YamlRealm"]
Sep 17 05:04:26.446 [1] org.apache.activemq.artemis.core.server stop INFO:AMQ221002: Apache ActiveMQ Artemis Message Broker version 1.3.0 [31f591b2-7c94-11e6-a107-56b375414861] stopped, uptime 4.803 seconds
Tests run: 3, Failures: 0, Errors: 0, Skipped: 0, Time elapsed: 5.859 sec - in org.yamcs.RestClientTest
Running org.yamcs.AlarmTest
Tests run: 5, Failures: 0, Errors: 0, Skipped: 0, Time elapsed: 0.637 sec - in org.yamcs.AlarmTest
Running org.yamcs.client.YamcsConnectDataTest
Tests run: 4, Failures: 0, Errors: 0, Skipped: 0, Time elapsed: 0.063 sec - in org.yamcs.client.YamcsConnectDataTest
Running org.yamcs.alarms.AlarmServerTest
Tests run: 6, Failures: 0, Errors: 0, Skipped: 0, Time elapsed: 0.145 sec - in org.yamcs.alarms.AlarmServerTest
Running org.yamcs.YamcsServerTest
Sep 17 05:04:30.127 [1] org.apache.activemq.artemis.core.server start INFO:AMQ221000: live Message Broker is starting with configuration Broker Configuration (clustered=false,journalDirectory=data/journal,bindingsDirectory=data/bindings,largeMessagesDirectory=data/largemessages,pagingDirectory=data/paging)
Sep 17 05:04:30.159 [1] org.apache.activemq.artemis.core.server <init> INFO:AMQ221043: Protocol module found: [artemis-server]. Adding protocol support for: CORE
log4j:WARN No appenders could be found for logger (org.apache.commons.beanutils.converters.BooleanConverter).
log4j:WARN Please initialize the log4j system properly.
Sep 17 05:04:30.295 [1] org.apache.activemq.artemis.core.server run INFO:AMQ221007: Server is now live
Sep 17 05:04:30.296 [1] org.apache.activemq.artemis.core.server start INFO:AMQ221001: Apache ActiveMQ Artemis Message Broker version 1.3.0 [localhost, nodeID=3700501d-7c94-11e6-8a64-56b375414861] 
Sep 17 05:04:30.714 [1] org.yamcs.StreamConfig <init> WARNING:No streamConfig defined for instance instance1
Sep 17 05:04:30.809 [39] org.yamcs.security.Privilege <clinit> WARNING:Privileges disabled, all connections are allowed and have full permissions
Sep 17 05:04:31.524 [1] org.apache.activemq.artemis.core.server stop INFO:AMQ221002: Apache ActiveMQ Artemis Message Broker version 1.3.0 [3700501d-7c94-11e6-8a64-56b375414861] stopped, uptime 1.439 seconds
Tests run: 1, Failures: 0, Errors: 0, Skipped: 0, Time elapsed: 2.08 sec - in org.yamcs.YamcsServerTest

Results :

Tests run: 277, Failures: 0, Errors: 0, Skipped: 10

[INFO]                                                                         
[INFO] ------------------------------------------------------------------------
[INFO] Building Yamcs Simulation 0.30.0
[INFO] ------------------------------------------------------------------------
[INFO] 
[INFO] --- maven-resources-plugin:2.6:resources (default-resources) @ yamcs-simulation ---
[INFO] Using 'UTF-8' encoding to copy filtered resources.
[INFO] Copying 2 resources
[INFO] 
[INFO] --- maven-compiler-plugin:2.3.2:compile (default-compile) @ yamcs-simulation ---
[INFO] Nothing to compile - all classes are up to date
[INFO] 
[INFO] --- maven-resources-plugin:2.6:testResources (default-testResources) @ yamcs-simulation ---
[INFO] Using 'UTF-8' encoding to copy filtered resources.
[INFO] Copying 5 resources
[INFO] 
[INFO] --- maven-compiler-plugin:2.3.2:testCompile (default-testCompile) @ yamcs-simulation ---
[INFO] Nothing to compile - all classes are up to date
[INFO] 
[INFO] --- maven-surefire-plugin:2.19.1:test (default-test) @ yamcs-simulation ---

-------------------------------------------------------
 T E S T S
-------------------------------------------------------
Running org.yamcs.simulation.SimulationPpProviderTest
<?xml version="1.0" encoding="UTF-8" standalone="yes"?>
<ppSimulation>
    <parameterSequence>
        <parameter spaceSystem="APM" paraName="SOLAR_toto" generationStep="2" aquisitionStep="1"/>
    </parameterSequence>
</ppSimulation>
Tests run: 5, Failures: 0, Errors: 0, Skipped: 0, Time elapsed: 3.988 sec - in org.yamcs.simulation.SimulationPpProviderTest

Results :

Tests run: 5, Failures: 0, Errors: 0, Skipped: 0

[INFO] ------------------------------------------------------------------------
[INFO] Reactor Summary:
[INFO] 
[INFO] Yamcs .............................................. SUCCESS [  0.081 s]
[INFO] Yamcs API .......................................... SUCCESS [  3.400 s]
[INFO] Yamcs XTCE ......................................... SUCCESS [  0.682 s]
[INFO] Yamcs Core ......................................... SUCCESS [04:25 min]
[INFO] Yamcs Simulation ................................... SUCCESS [  4.537 s]
[INFO] ------------------------------------------------------------------------
[INFO] BUILD SUCCESS
[INFO] ------------------------------------------------------------------------
[INFO] Total time: 04:34 min
[INFO] Finished at: 2016-09-17T05:04:36+00:00
[INFO] Final Memory: 12M/291M
[INFO] ------------------------------------------------------------------------

travis_time:end:03651bd0:start=1474088400532226989,finish=1474088677065047685,duration=276532820696[0K
[32;1mThe command "mvn -Dsurefire.useFile=false test" exited with 0.[0m
travis_fold:start:cache.2[0Kstore build cache
travis_time:start:0def9c25[0K
travis_time:end:0def9c25:start=1474088677069431823,finish=1474088677072734035,duration=3302212[0Ktravis_time:start:02a8841c[0K[32;1mchange detected (content changed, file is created, or file is deleted):
/home/travis/.m2/repository/org/yamcs/yamcs/0.30.0/_remote.repositories
/home/travis/.m2/repository/org/yamcs/yamcs-api/0.30.0/_remote.repositories
/home/travis/.m2/repository/org/yamcs/yamcs-api/0.30.0/yamcs-api-0.30.0.jar
/home/travis/.m2/repository/org/yamcs/yamcs-api/0.30.0/yamcs-api-0.30.0-sources.jar
/home/travis/.m2/repository/org/yamcs/yamcs-api/maven-metadata-local.xml
/home/travis/.m2/repository/org/yamcs/yamcs-core/0.30.0/_remote.repositories
/home/travis/.m2/repository/org/yamcs/yamcs-core/0.30.0/yamcs-core-0.30.0.jar
/home/travis/.m2/repository/org/yamcs/yamcs-core/0.30.0/yamcs-core-0.30.0-sources.jar
/home/travis/.m2/repository/org/yamcs/yamcs-core/maven-metadata-local.xml
/home/travis/.m2/repository/org/yamcs/yamcs/maven-metadata-local.xml
/home/travis/.m2/repository/org/yamcs/yamcs-simulation/0.30.0/_remote.repositories
/home/travis/.m2/repository/org/yamcs/yamcs-simulation/0.30.0/yamcs-simulation-0.30.0.jar
/home/travis/.m2/repository/org/yamcs/yamcs-simulation/0.30.0/y
[0m
[32;1m...
[0m
[32;1mchanges detected, packing new archive[0m
[32;1muploading archive[0m

travis_time:end:02a8841c:start=1474088677076423972,finish=1474088681111122010,duration=4034698038[0Ktravis_fold:end:cache.2[0K
Done. Your build exited with 0.
