Using worker: worker-linux-docker-576deb41.prod.travis-ci.org:travis-linux-4

travis_fold:start:system_info[0K[33;1mBuild system information[0m
Build language: java
Build group: stable
Build dist: precise
Build id: 168867031
Job id: 168867032
travis-build version: c29f71bde
[34m[1mBuild image provisioning date and time[0m
Thu Feb  5 15:09:33 UTC 2015
[34m[1mOperating System Details[0m
Distributor ID:	Ubuntu
Description:	Ubuntu 12.04.5 LTS
Release:	12.04
Codename:	precise
[34m[1mLinux Version[0m
3.13.0-29-generic
[34m[1mCookbooks Version[0m
a68419e https://github.com/travis-ci/travis-cookbooks/tree/a68419e
[34m[1mGCC version[0m
gcc (Ubuntu/Linaro 4.6.3-1ubuntu5) 4.6.3
Copyright (C) 2011 Free Software Foundation, Inc.
This is free software; see the source for copying conditions.  There is NO
warranty; not even for MERCHANTABILITY or FITNESS FOR A PARTICULAR PURPOSE.

[34m[1mLLVM version[0m
clang version 3.4 (tags/RELEASE_34/final)
Target: x86_64-unknown-linux-gnu
Thread model: posix
[34m[1mPre-installed Ruby versions[0m
ruby-1.9.3-p551
[34m[1mPre-installed Node.js versions[0m
v0.10.36
[34m[1mPre-installed Go versions[0m
1.4.1
[34m[1mRedis version[0m
redis-server 2.8.19
[34m[1mriak version[0m
2.0.2
[34m[1mMongoDB version[0m
MongoDB 2.4.12
[34m[1mCouchDB version[0m
couchdb 1.6.1
[34m[1mNeo4j version[0m
1.9.4
[34m[1mRabbitMQ Version[0m
3.4.3
[34m[1mElasticSearch version[0m
1.4.0
[34m[1mInstalled Sphinx versions[0m
2.0.10
2.1.9
2.2.6
[34m[1mDefault Sphinx version[0m
2.2.6
[34m[1mInstalled Firefox version[0m
firefox 31.0esr
[34m[1mPhantomJS version[0m
1.9.8
[34m[1mant -version[0m
Apache Ant(TM) version 1.8.2 compiled on December 3 2011
[34m[1mmvn -version[0m
Apache Maven 3.2.5 (12a6b3acb947671f09b81f49094c53f426d8cea1; 2014-12-14T17:29:23+00:00)
Maven home: /usr/local/maven
Java version: 1.7.0_76, vendor: Oracle Corporation
Java home: /usr/lib/jvm/java-7-oracle/jre
Default locale: en_US, platform encoding: ANSI_X3.4-1968
OS name: "linux", version: "3.13.0-29-generic", arch: "amd64", family: "unix"
travis_fold:end:system_info[0K
travis_fold:start:fix.CVE-2015-7547[0K$ export DEBIAN_FRONTEND=noninteractive
W: Size of file /var/lib/apt/lists/us.archive.ubuntu.com_ubuntu_dists_precise-backports_multiverse_source_Sources.gz is not what the server reported 5886 5888
W: Size of file /var/lib/apt/lists/ppa.launchpad.net_travis-ci_zero-mq_ubuntu_dists_precise_main_binary-amd64_Packages.gz is not what the server reported 832 1195
W: Size of file /var/lib/apt/lists/ppa.launchpad.net_ubuntugis_ppa_ubuntu_dists_precise_main_binary-amd64_Packages.gz is not what the server reported 33653 36677
W: Size of file /var/lib/apt/lists/ppa.launchpad.net_ubuntugis_ppa_ubuntu_dists_precise_main_binary-i386_Packages.gz is not what the server reported 33699 36733
Reading package lists...
Building dependency tree...
Reading state information...
The following extra packages will be installed:
  libc-bin libc-dev-bin libc6-dev
Suggested packages:
  glibc-doc
The following packages will be upgraded:
  libc-bin libc-dev-bin libc6 libc6-dev
4 upgraded, 0 newly installed, 0 to remove and 259 not upgraded.
Need to get 8,840 kB of archives.
After this operation, 14.3 kB disk space will be freed.
Get:1 http://us.archive.ubuntu.com/ubuntu/ precise-updates/main libc6-dev amd64 2.15-0ubuntu10.15 [2,943 kB]
Get:2 http://us.archive.ubuntu.com/ubuntu/ precise-updates/main libc-dev-bin amd64 2.15-0ubuntu10.15 [84.7 kB]
Get:3 http://us.archive.ubuntu.com/ubuntu/ precise-updates/main libc-bin amd64 2.15-0ubuntu10.15 [1,177 kB]
Get:4 http://us.archive.ubuntu.com/ubuntu/ precise-updates/main libc6 amd64 2.15-0ubuntu10.15 [4,636 kB]
Fetched 8,840 kB in 0s (38.3 MB/s)
Preconfiguring packages ...
(Reading database ... (Reading database ... 5%(Reading database ... 10%(Reading database ... 15%(Reading database ... 20%(Reading database ... 25%(Reading database ... 30%(Reading database ... 35%(Reading database ... 40%(Reading database ... 45%(Reading database ... 50%(Reading database ... 55%(Reading database ... 60%(Reading database ... 65%(Reading database ... 70%(Reading database ... 75%(Reading database ... 80%(Reading database ... 85%(Reading database ... 90%(Reading database ... 95%(Reading database ... 100%(Reading database ... 72019 files and directories currently installed.)
Preparing to replace libc6-dev 2.15-0ubuntu10.10 (using .../libc6-dev_2.15-0ubuntu10.15_amd64.deb) ...
Unpacking replacement libc6-dev ...
Preparing to replace libc-dev-bin 2.15-0ubuntu10.10 (using .../libc-dev-bin_2.15-0ubuntu10.15_amd64.deb) ...
Unpacking replacement libc-dev-bin ...
Preparing to replace libc-bin 2.15-0ubuntu10.10 (using .../libc-bin_2.15-0ubuntu10.15_amd64.deb) ...
Unpacking replacement libc-bin ...
Processing triggers for man-db ...
Setting up libc-bin (2.15-0ubuntu10.15) ...
(Reading database ... (Reading database ... 5%(Reading database ... 10%(Reading database ... 15%(Reading database ... 20%(Reading database ... 25%(Reading database ... 30%(Reading database ... 35%(Reading database ... 40%(Reading database ... 45%(Reading database ... 50%(Reading database ... 55%(Reading database ... 60%(Reading database ... 65%(Reading database ... 70%(Reading database ... 75%(Reading database ... 80%(Reading database ... 85%(Reading database ... 90%(Reading database ... 95%(Reading database ... 100%(Reading database ... 72018 files and directories currently installed.)
Preparing to replace libc6 2.15-0ubuntu10.10 (using .../libc6_2.15-0ubuntu10.15_amd64.deb) ...
Unpacking replacement libc6 ...
Setting up libc6 (2.15-0ubuntu10.15) ...
Setting up libc-dev-bin (2.15-0ubuntu10.15) ...
Setting up libc6-dev (2.15-0ubuntu10.15) ...
Processing triggers for libc-bin ...
ldconfig deferred processing now taking place
travis_fold:end:fix.CVE-2015-7547[0Ktravis_fold:start:git.checkout[0Ktravis_time:start:03d2eb3f[0K$ git clone --depth=50 --branch=artemis https://github.com/yamcs/yamcs.git yamcs/yamcs
Cloning into 'yamcs/yamcs'...
remote: Counting objects: 2513, done.[K
remote: Compressing objects:   0% (1/1725)   [Kremote: Compressing objects:   1% (18/1725)   [Kremote: Compressing objects:   2% (35/1725)   [Kremote: Compressing objects:   3% (52/1725)   [Kremote: Compressing objects:   4% (69/1725)   [Kremote: Compressing objects:   5% (87/1725)   [Kremote: Compressing objects:   6% (104/1725)   [Kremote: Compressing objects:   7% (121/1725)   [Kremote: Compressing objects:   8% (138/1725)   [Kremote: Compressing objects:   9% (156/1725)   [Kremote: Compressing objects:  10% (173/1725)   [Kremote: Compressing objects:  11% (190/1725)   [Kremote: Compressing objects:  12% (207/1725)   [Kremote: Compressing objects:  13% (225/1725)   [Kremote: Compressing objects:  14% (242/1725)   [Kremote: Compressing objects:  15% (259/1725)   [Kremote: Compressing objects:  16% (276/1725)   [Kremote: Compressing objects:  17% (294/1725)   [Kremote: Compressing objects:  18% (311/1725)   [Kremote: Compressing objects:  19% (328/1725)   [Kremote: Compressing objects:  20% (345/1725)   [Kremote: Compressing objects:  21% (363/1725)   [Kremote: Compressing objects:  22% (380/1725)   [Kremote: Compressing objects:  23% (397/1725)   [Kremote: Compressing objects:  24% (414/1725)   [Kremote: Compressing objects:  25% (432/1725)   [Kremote: Compressing objects:  26% (449/1725)   [Kremote: Compressing objects:  27% (466/1725)   [Kremote: Compressing objects:  28% (483/1725)   [Kremote: Compressing objects:  29% (501/1725)   [Kremote: Compressing objects:  30% (518/1725)   [Kremote: Compressing objects:  31% (535/1725)   [Kremote: Compressing objects:  32% (552/1725)   [Kremote: Compressing objects:  33% (570/1725)   [Kremote: Compressing objects:  34% (587/1725)   [Kremote: Compressing objects:  35% (604/1725)   [Kremote: Compressing objects:  36% (621/1725)   [Kremote: Compressing objects:  37% (639/1725)   [Kremote: Compressing objects:  38% (656/1725)   [Kremote: Compressing objects:  39% (673/1725)   [Kremote: Compressing objects:  40% (690/1725)   [Kremote: Compressing objects:  41% (708/1725)   [Kremote: Compressing objects:  42% (725/1725)   [Kremote: Compressing objects:  43% (742/1725)   [Kremote: Compressing objects:  44% (759/1725)   [Kremote: Compressing objects:  45% (777/1725)   [Kremote: Compressing objects:  46% (794/1725)   [Kremote: Compressing objects:  47% (811/1725)   [Kremote: Compressing objects:  48% (828/1725)   [Kremote: Compressing objects:  49% (846/1725)   [Kremote: Compressing objects:  50% (863/1725)   [Kremote: Compressing objects:  51% (880/1725)   [Kremote: Compressing objects:  52% (897/1725)   [Kremote: Compressing objects:  53% (915/1725)   [Kremote: Compressing objects:  54% (932/1725)   [Kremote: Compressing objects:  55% (949/1725)   [Kremote: Compressing objects:  56% (966/1725)   [Kremote: Compressing objects:  57% (984/1725)   [Kremote: Compressing objects:  58% (1001/1725)   [Kremote: Compressing objects:  59% (1018/1725)   [Kremote: Compressing objects:  60% (1035/1725)   [Kremote: Compressing objects:  61% (1053/1725)   [Kremote: Compressing objects:  62% (1070/1725)   [Kremote: Compressing objects:  63% (1087/1725)   [Kremote: Compressing objects:  64% (1104/1725)   [Kremote: Compressing objects:  65% (1122/1725)   [Kremote: Compressing objects:  66% (1139/1725)   [Kremote: Compressing objects:  67% (1156/1725)   [Kremote: Compressing objects:  68% (1173/1725)   [Kremote: Compressing objects:  69% (1191/1725)   [Kremote: Compressing objects:  70% (1208/1725)   [Kremote: Compressing objects:  71% (1225/1725)   [Kremote: Compressing objects:  72% (1242/1725)   [Kremote: Compressing objects:  73% (1260/1725)   [Kremote: Compressing objects:  74% (1277/1725)   [Kremote: Compressing objects:  75% (1294/1725)   [Kremote: Compressing objects:  76% (1311/1725)   [Kremote: Compressing objects:  77% (1329/1725)   [Kremote: Compressing objects:  78% (1346/1725)   [Kremote: Compressing objects:  79% (1363/1725)   [Kremote: Compressing objects:  80% (1380/1725)   [Kremote: Compressing objects:  81% (1398/1725)   [Kremote: Compressing objects:  82% (1415/1725)   [Kremote: Compressing objects:  83% (1432/1725)   [Kremote: Compressing objects:  84% (1449/1725)   [Kremote: Compressing objects:  85% (1467/1725)   [Kremote: Compressing objects:  86% (1484/1725)   [Kremote: Compressing objects:  87% (1501/1725)   [Kremote: Compressing objects:  88% (1518/1725)   [Kremote: Compressing objects:  89% (1536/1725)   [Kremote: Compressing objects:  90% (1553/1725)   [Kremote: Compressing objects:  91% (1570/1725)   [Kremote: Compressing objects:  92% (1587/1725)   [Kremote: Compressing objects:  93% (1605/1725)   [Kremote: Compressing objects:  94% (1622/1725)   [Kremote: Compressing objects:  95% (1639/1725)   [Kremote: Compressing objects:  96% (1656/1725)   [Kremote: Compressing objects:  97% (1674/1725)   [Kremote: Compressing objects:  98% (1691/1725)   [Kremote: Compressing objects:  99% (1708/1725)   [Kremote: Compressing objects: 100% (1725/1725)   [Kremote: Compressing objects: 100% (1725/1725), done.[K
Receiving objects:   0% (1/2513)   Receiving objects:   1% (26/2513)   Receiving objects:   2% (51/2513)   Receiving objects:   3% (76/2513)   Receiving objects:   4% (101/2513)   Receiving objects:   5% (126/2513)   Receiving objects:   6% (151/2513)   Receiving objects:   7% (176/2513)   Receiving objects:   8% (202/2513)   Receiving objects:   9% (227/2513)   Receiving objects:  10% (252/2513)   Receiving objects:  11% (277/2513)   Receiving objects:  12% (302/2513)   Receiving objects:  13% (327/2513)   Receiving objects:  14% (352/2513)   Receiving objects:  15% (377/2513)   Receiving objects:  16% (403/2513)   Receiving objects:  17% (428/2513)   Receiving objects:  18% (453/2513)   Receiving objects:  19% (478/2513)   Receiving objects:  20% (503/2513)   Receiving objects:  21% (528/2513)   Receiving objects:  22% (553/2513)   Receiving objects:  23% (578/2513)   Receiving objects:  24% (604/2513)   Receiving objects:  25% (629/2513)   Receiving objects:  26% (654/2513)   Receiving objects:  27% (679/2513)   Receiving objects:  28% (704/2513)   Receiving objects:  29% (729/2513)   Receiving objects:  30% (754/2513)   Receiving objects:  31% (780/2513)   Receiving objects:  32% (805/2513)   Receiving objects:  33% (830/2513)   Receiving objects:  34% (855/2513)   Receiving objects:  35% (880/2513)   Receiving objects:  36% (905/2513)   Receiving objects:  37% (930/2513)   Receiving objects:  38% (955/2513)   Receiving objects:  39% (981/2513)   Receiving objects:  40% (1006/2513)   Receiving objects:  41% (1031/2513)   Receiving objects:  42% (1056/2513)   Receiving objects:  43% (1081/2513)   Receiving objects:  44% (1106/2513)   Receiving objects:  45% (1131/2513)   Receiving objects:  46% (1156/2513)   Receiving objects:  47% (1182/2513)   Receiving objects:  48% (1207/2513)   Receiving objects:  49% (1232/2513)   Receiving objects:  50% (1257/2513)   Receiving objects:  51% (1282/2513)   Receiving objects:  52% (1307/2513)   Receiving objects:  53% (1332/2513)   Receiving objects:  54% (1358/2513)   Receiving objects:  55% (1383/2513), 8.91 MiB | 17.78 MiB/s   Receiving objects:  56% (1408/2513), 8.91 MiB | 17.78 MiB/s   Receiving objects:  57% (1433/2513), 8.91 MiB | 17.78 MiB/s   Receiving objects:  58% (1458/2513), 8.91 MiB | 17.78 MiB/s   Receiving objects:  59% (1483/2513), 8.91 MiB | 17.78 MiB/s   Receiving objects:  60% (1508/2513), 8.91 MiB | 17.78 MiB/s   Receiving objects:  61% (1533/2513), 8.91 MiB | 17.78 MiB/s   Receiving objects:  62% (1559/2513), 8.91 MiB | 17.78 MiB/s   Receiving objects:  63% (1584/2513), 8.91 MiB | 17.78 MiB/s   Receiving objects:  64% (1609/2513), 8.91 MiB | 17.78 MiB/s   Receiving objects:  65% (1634/2513), 8.91 MiB | 17.78 MiB/s   Receiving objects:  66% (1659/2513), 8.91 MiB | 17.78 MiB/s   Receiving objects:  67% (1684/2513), 8.91 MiB | 17.78 MiB/s   Receiving objects:  68% (1709/2513), 8.91 MiB | 17.78 MiB/s   Receiving objects:  69% (1734/2513), 8.91 MiB | 17.78 MiB/s   Receiving objects:  70% (1760/2513), 8.91 MiB | 17.78 MiB/s   Receiving objects:  71% (1785/2513), 8.91 MiB | 17.78 MiB/s   Receiving objects:  72% (1810/2513), 8.91 MiB | 17.78 MiB/s   Receiving objects:  73% (1835/2513), 8.91 MiB | 17.78 MiB/s   Receiving objects:  74% (1860/2513), 8.91 MiB | 17.78 MiB/s   Receiving objects:  75% (1885/2513), 8.91 MiB | 17.78 MiB/s   Receiving objects:  76% (1910/2513), 8.91 MiB | 17.78 MiB/s   Receiving objects:  77% (1936/2513), 8.91 MiB | 17.78 MiB/s   Receiving objects:  78% (1961/2513), 8.91 MiB | 17.78 MiB/s   Receiving objects:  79% (1986/2513), 8.91 MiB | 17.78 MiB/s   Receiving objects:  80% (2011/2513), 8.91 MiB | 17.78 MiB/s   Receiving objects:  81% (2036/2513), 8.91 MiB | 17.78 MiB/s   Receiving objects:  82% (2061/2513), 8.91 MiB | 17.78 MiB/s   Receiving objects:  83% (2086/2513), 8.91 MiB | 17.78 MiB/s   Receiving objects:  84% (2111/2513), 8.91 MiB | 17.78 MiB/s   Receiving objects:  85% (2137/2513), 8.91 MiB | 17.78 MiB/s   Receiving objects:  86% (2162/2513), 8.91 MiB | 17.78 MiB/s   Receiving objects:  87% (2187/2513), 8.91 MiB | 17.78 MiB/s   Receiving objects:  88% (2212/2513), 8.91 MiB | 17.78 MiB/s   Receiving objects:  89% (2237/2513), 8.91 MiB | 17.78 MiB/s   Receiving objects:  90% (2262/2513), 8.91 MiB | 17.78 MiB/s   Receiving objects:  91% (2287/2513), 8.91 MiB | 17.78 MiB/s   Receiving objects:  92% (2312/2513), 8.91 MiB | 17.78 MiB/s   Receiving objects:  93% (2338/2513), 8.91 MiB | 17.78 MiB/s   Receiving objects:  94% (2363/2513), 8.91 MiB | 17.78 MiB/s   remote: Total 2513 (delta 853), reused 1633 (delta 642), pack-reused 0[K
Receiving objects:  95% (2388/2513), 8.91 MiB | 17.78 MiB/s   Receiving objects:  96% (2413/2513), 8.91 MiB | 17.78 MiB/s   Receiving objects:  97% (2438/2513), 8.91 MiB | 17.78 MiB/s   Receiving objects:  98% (2463/2513), 8.91 MiB | 17.78 MiB/s   Receiving objects:  99% (2488/2513), 8.91 MiB | 17.78 MiB/s   Receiving objects: 100% (2513/2513), 8.91 MiB | 17.78 MiB/s   Receiving objects: 100% (2513/2513), 13.89 MiB | 17.78 MiB/s, done.
Resolving deltas:   0% (0/853)   Resolving deltas:   5% (49/853)   Resolving deltas:   6% (52/853)   Resolving deltas:   7% (64/853)   Resolving deltas:   8% (75/853)   Resolving deltas:  10% (87/853)   Resolving deltas:  11% (97/853)   Resolving deltas:  12% (103/853)   Resolving deltas:  13% (112/853)   Resolving deltas:  14% (124/853)   Resolving deltas:  15% (129/853)   Resolving deltas:  16% (137/853)   Resolving deltas:  17% (146/853)   Resolving deltas:  22% (188/853)   Resolving deltas:  23% (202/853)   Resolving deltas:  24% (205/853)   Resolving deltas:  25% (214/853)   Resolving deltas:  29% (252/853)   Resolving deltas:  33% (290/853)   Resolving deltas:  34% (291/853)   Resolving deltas:  35% (301/853)   Resolving deltas:  36% (308/853)   Resolving deltas:  37% (319/853)   Resolving deltas:  38% (326/853)   Resolving deltas:  39% (334/853)   Resolving deltas:  40% (349/853)   Resolving deltas:  41% (350/853)   Resolving deltas:  42% (362/853)   Resolving deltas:  43% (369/853)   Resolving deltas:  44% (378/853)   Resolving deltas:  45% (385/853)   Resolving deltas:  46% (394/853)   Resolving deltas:  48% (412/853)   Resolving deltas:  49% (426/853)   Resolving deltas:  50% (428/853)   Resolving deltas:  51% (439/853)   Resolving deltas:  52% (445/853)   Resolving deltas:  53% (453/853)   Resolving deltas:  54% (461/853)   Resolving deltas:  55% (472/853)   Resolving deltas:  56% (484/853)   Resolving deltas:  57% (487/853)   Resolving deltas:  58% (498/853)   Resolving deltas:  59% (506/853)   Resolving deltas:  60% (513/853)   Resolving deltas:  61% (521/853)   Resolving deltas:  62% (531/853)   Resolving deltas:  63% (538/853)   Resolving deltas:  64% (547/853)   Resolving deltas:  65% (558/853)   Resolving deltas:  66% (563/853)   Resolving deltas:  67% (572/853)   Resolving deltas:  68% (583/853)   Resolving deltas:  69% (593/853)   Resolving deltas:  70% (599/853)   Resolving deltas:  71% (606/853)   Resolving deltas:  72% (615/853)   Resolving deltas:  73% (623/853)   Resolving deltas:  74% (634/853)   Resolving deltas:  75% (640/853)   Resolving deltas:  76% (649/853)   Resolving deltas:  80% (684/853)   Resolving deltas:  84% (721/853)   Resolving deltas:  85% (726/853)   Resolving deltas:  86% (734/853)   Resolving deltas:  87% (748/853)   Resolving deltas:  88% (751/853)   Resolving deltas:  89% (760/853)   Resolving deltas:  90% (769/853)   Resolving deltas:  91% (783/853)   Resolving deltas:  92% (785/853)   Resolving deltas:  93% (797/853)   Resolving deltas:  94% (802/853)   Resolving deltas:  95% (811/853)   Resolving deltas:  96% (822/853)   Resolving deltas:  97% (828/853)   Resolving deltas:  98% (837/853)   Resolving deltas:  99% (845/853)   Resolving deltas: 100% (853/853)   Resolving deltas: 100% (853/853), done.
Checking connectivity... done.

travis_time:end:03d2eb3f:start=1476868677743208623,finish=1476868679714260262,duration=1971051639[0K$ cd yamcs/yamcs
$ git checkout -qf 1a7cbde6a193c68df25f7b0712db9b9c8c0a73cf
travis_fold:end:git.checkout[0K
[33;1mThis job is running on container-based infrastructure, which does not allow use of 'sudo', setuid and setguid executables.[0m
[33;1mIf you require sudo, add 'sudo: required' to your .travis.yml[0m
[33;1mSee https://docs.travis-ci.com/user/workers/container-based-infrastructure/ for details.[0m
$ jdk_switcher use oraclejdk8
Switching to Oracle JDK8 (java-8-oracle), JAVA_HOME will be set to /usr/lib/jvm/java-8-oracle
travis_fold:start:cache.1[0KSetting up build cache
$ export CASHER_DIR=$HOME/.casher
travis_time:start:19543a15[0K$ Installing caching utilities

travis_time:end:19543a15:start=1476868682426098268,finish=1476868682454148355,duration=28050087[0Ktravis_time:start:044435e2[0K
travis_time:end:044435e2:start=1476868682459035617,finish=1476868682462443800,duration=3408183[0Ktravis_time:start:058e42a0[0K[32;1mattempting to download cache archive[0m
[32;1mfetching artemis/cache-linux-precise-e3b0c44298fc1c149afbf4c8996fb92427ae41e4649b934ca495991b7852b855--jdk-oraclejdk8.tgz[0m
[32;1mfound cache[0m

travis_time:end:058e42a0:start=1476868682466384237,finish=1476868683988049126,duration=1521664889[0Ktravis_time:start:142f5c0f[0K
travis_time:end:142f5c0f:start=1476868683992035772,finish=1476868683995401490,duration=3365718[0Ktravis_time:start:0167a114[0K[32;1madding /home/travis/.m2 to cache[0m

travis_time:end:0167a114:start=1476868683999176995,finish=1476868685497723771,duration=1498546776[0Ktravis_fold:end:cache.1[0K$ java -Xmx32m -version
java version "1.8.0_31"
Java(TM) SE Runtime Environment (build 1.8.0_31-b13)
Java HotSpot(TM) 64-Bit Server VM (build 25.31-b07, mixed mode)
$ javac -J-Xmx32m -version
javac 1.8.0_31
travis_fold:start:install[0Ktravis_time:start:1b3468ba[0K$ mvn install -DskipTests=true -Dmaven.javadoc.skip=true -B -V
Java HotSpot(TM) 64-Bit Server VM warning: ignoring option MaxPermSize=192m; support was removed in 8.0
Apache Maven 3.2.5 (12a6b3acb947671f09b81f49094c53f426d8cea1; 2014-12-14T17:29:23+00:00)
Maven home: /usr/local/maven
Java version: 1.8.0_31, vendor: Oracle Corporation
Java home: /usr/lib/jvm/java-8-oracle/jre
Default locale: en_US, platform encoding: UTF-8
OS name: "linux", version: "3.13.0-40-generic", arch: "amd64", family: "unix"
[INFO] Scanning for projects...
[INFO] ------------------------------------------------------------------------
[INFO] Reactor Build Order:
[INFO] 
[INFO] Yamcs
[INFO] Yamcs API
[INFO] Yamcs XTCE
[INFO] Yamcs Core
[INFO] Yamcs Simulation
[INFO]                                                                         
[INFO] ------------------------------------------------------------------------
[INFO] Building Yamcs 0.30.0
[INFO] ------------------------------------------------------------------------
[INFO] 
[INFO] --- maven-source-plugin:2.2.1:jar-no-fork (attach-sources) @ yamcs ---
[INFO] 
[INFO] --- maven-install-plugin:2.4:install (default-install) @ yamcs ---
[INFO] Installing /home/travis/build/yamcs/yamcs/pom.xml to /home/travis/.m2/repository/org/yamcs/yamcs/0.30.0/yamcs-0.30.0.pom
[INFO]                                                                         
[INFO] ------------------------------------------------------------------------
[INFO] Building Yamcs API 0.30.0
[INFO] ------------------------------------------------------------------------
[INFO] 
[INFO] --- maven-resources-plugin:2.6:resources (default-resources) @ yamcs-api ---
[INFO] Using 'UTF-8' encoding to copy filtered resources.
[INFO] Copying 1 resource
[INFO] 
[INFO] --- maven-compiler-plugin:2.3.2:compile (default-compile) @ yamcs-api ---
[INFO] Compiling 67 source files to /home/travis/build/yamcs/yamcs/yamcs-api/target/classes
[INFO] 
[INFO] --- maven-resources-plugin:2.6:testResources (default-testResources) @ yamcs-api ---
[INFO] Using 'UTF-8' encoding to copy filtered resources.
[INFO] skip non existing resourceDirectory /home/travis/build/yamcs/yamcs/yamcs-api/src/test/resources
[INFO] 
[INFO] --- maven-compiler-plugin:2.3.2:testCompile (default-testCompile) @ yamcs-api ---
[INFO] Compiling 4 source files to /home/travis/build/yamcs/yamcs/yamcs-api/target/test-classes
[INFO] 
[INFO] --- maven-surefire-plugin:2.19.1:test (default-test) @ yamcs-api ---
[INFO] Tests are skipped.
[INFO] 
[INFO] --- maven-jar-plugin:2.4:jar (default-jar) @ yamcs-api ---
[INFO] Building jar: /home/travis/build/yamcs/yamcs/yamcs-api/target/yamcs-api-0.30.0.jar
[INFO] 
[INFO] --- maven-source-plugin:2.2.1:jar-no-fork (attach-sources) @ yamcs-api ---
[INFO] Building jar: /home/travis/build/yamcs/yamcs/yamcs-api/target/yamcs-api-0.30.0-sources.jar
[INFO] 
[INFO] --- maven-install-plugin:2.4:install (default-install) @ yamcs-api ---
[INFO] Installing /home/travis/build/yamcs/yamcs/yamcs-api/target/yamcs-api-0.30.0.jar to /home/travis/.m2/repository/org/yamcs/yamcs-api/0.30.0/yamcs-api-0.30.0.jar
[INFO] Installing /home/travis/build/yamcs/yamcs/yamcs-api/pom.xml to /home/travis/.m2/repository/org/yamcs/yamcs-api/0.30.0/yamcs-api-0.30.0.pom
[INFO] Installing /home/travis/build/yamcs/yamcs/yamcs-api/target/yamcs-api-0.30.0-sources.jar to /home/travis/.m2/repository/org/yamcs/yamcs-api/0.30.0/yamcs-api-0.30.0-sources.jar
[INFO]                                                                         
[INFO] ------------------------------------------------------------------------
[INFO] Building Yamcs XTCE 0.30.0
[INFO] ------------------------------------------------------------------------
[INFO] 
[INFO] --- maven-resources-plugin:2.6:resources (default-resources) @ yamcs-xtce ---
[INFO] Using 'UTF-8' encoding to copy filtered resources.
[INFO] Copying 1 resource
[INFO] 
[INFO] --- maven-compiler-plugin:2.3.2:compile (default-compile) @ yamcs-xtce ---
[INFO] Compiling 106 source files to /home/travis/build/yamcs/yamcs/yamcs-xtce/target/classes
[INFO] 
[INFO] --- maven-resources-plugin:2.6:testResources (default-testResources) @ yamcs-xtce ---
[INFO] Using 'UTF-8' encoding to copy filtered resources.
[INFO] skip non existing resourceDirectory /home/travis/build/yamcs/yamcs/yamcs-xtce/src/test/resources
[INFO] 
[INFO] --- maven-compiler-plugin:2.3.2:testCompile (default-testCompile) @ yamcs-xtce ---
[INFO] Compiling 1 source file to /home/travis/build/yamcs/yamcs/yamcs-xtce/target/test-classes
[INFO] 
[INFO] --- maven-surefire-plugin:2.19.1:test (default-test) @ yamcs-xtce ---
[INFO] Tests are skipped.
[INFO] 
[INFO] --- maven-jar-plugin:2.4:jar (default-jar) @ yamcs-xtce ---
[INFO] Building jar: /home/travis/build/yamcs/yamcs/yamcs-xtce/target/yamcs-xtce-0.30.0.jar
[INFO] 
[INFO] --- maven-source-plugin:2.2.1:jar-no-fork (attach-sources) @ yamcs-xtce ---
[INFO] Building jar: /home/travis/build/yamcs/yamcs/yamcs-xtce/target/yamcs-xtce-0.30.0-sources.jar
[INFO] 
[INFO] --- maven-install-plugin:2.4:install (default-install) @ yamcs-xtce ---
[INFO] Installing /home/travis/build/yamcs/yamcs/yamcs-xtce/target/yamcs-xtce-0.30.0.jar to /home/travis/.m2/repository/org/yamcs/yamcs-xtce/0.30.0/yamcs-xtce-0.30.0.jar
[INFO] Installing /home/travis/build/yamcs/yamcs/yamcs-xtce/pom.xml to /home/travis/.m2/repository/org/yamcs/yamcs-xtce/0.30.0/yamcs-xtce-0.30.0.pom
[INFO] Installing /home/travis/build/yamcs/yamcs/yamcs-xtce/target/yamcs-xtce-0.30.0-sources.jar to /home/travis/.m2/repository/org/yamcs/yamcs-xtce/0.30.0/yamcs-xtce-0.30.0-sources.jar
[INFO]                                                                         
[INFO] ------------------------------------------------------------------------
[INFO] Building Yamcs Core 0.30.0
[INFO] ------------------------------------------------------------------------
[INFO] 
[INFO] --- build-helper-maven-plugin:1.11:add-source (add-source) @ yamcs-core ---
[INFO] Source directory: /home/travis/build/yamcs/yamcs/yamcs-core/target/generated-sources/version added.
[INFO] 
[INFO] --- maven-antrun-plugin:1.3:run (generate-version) @ yamcs-core ---
[INFO] Executing tasks
     [copy] Copying 1 file to /home/travis/build/yamcs/yamcs/yamcs-core/target/generated-sources/version/org/yamcs
[INFO] Executed tasks
[INFO] 
[INFO] --- maven-resources-plugin:2.6:resources (default-resources) @ yamcs-core ---
[INFO] Using 'UTF-8' encoding to copy filtered resources.
[INFO] Copying 31 resources
[INFO] 
[INFO] --- maven-compiler-plugin:2.3.2:compile (default-compile) @ yamcs-core ---
[INFO] Compiling 579 source files to /home/travis/build/yamcs/yamcs/yamcs-core/target/classes
[INFO] 
[INFO] --- maven-resources-plugin:2.6:testResources (default-testResources) @ yamcs-core ---
[INFO] Using 'UTF-8' encoding to copy filtered resources.
[INFO] Copying 40 resources
[INFO] Copying 20 resources
[INFO] 
[INFO] --- maven-compiler-plugin:2.3.2:testCompile (default-testCompile) @ yamcs-core ---
[INFO] Compiling 94 source files to /home/travis/build/yamcs/yamcs/yamcs-core/target/test-classes
[INFO] 
[INFO] --- maven-surefire-plugin:2.19.1:test (default-test) @ yamcs-core ---
[INFO] Tests are skipped.
[INFO] 
[INFO] --- maven-jar-plugin:2.4:jar (default-jar) @ yamcs-core ---
[INFO] Building jar: /home/travis/build/yamcs/yamcs/yamcs-core/target/yamcs-core-0.30.0.jar
[INFO] 
[INFO] --- maven-dependency-plugin:2.8:copy-dependencies (copy-dependencies) @ yamcs-core ---
[INFO] Copying yamcs-xtce-0.30.0.jar to /home/travis/build/yamcs/yamcs/yamcs-core/lib/yamcs-xtce-0.30.0.jar
[INFO] Copying protobuf-java-2.5.0.jar to /home/travis/build/yamcs/yamcs/yamcs-core/lib/protobuf-java-2.5.0.jar
[INFO] Copying protostuff-json-1.4.0.jar to /home/travis/build/yamcs/yamcs/yamcs-core/lib/protostuff-json-1.4.0.jar
[INFO] Copying slf4j-jdk14-1.7.1.jar to /home/travis/build/yamcs/yamcs/yamcs-core/lib/slf4j-jdk14-1.7.1.jar
[INFO] Copying janino-2.5.15.jar to /home/travis/build/yamcs/yamcs/yamcs-core/lib/janino-2.5.15.jar
[INFO] Copying artemis-commons-1.3.0.jar to /home/travis/build/yamcs/yamcs/yamcs-core/lib/artemis-commons-1.3.0.jar
[INFO] Copying commons-collections-3.2.1.jar to /home/travis/build/yamcs/yamcs/yamcs-core/lib/commons-collections-3.2.1.jar
[INFO] Copying artemis-jdbc-store-1.3.0.jar to /home/travis/build/yamcs/yamcs/yamcs-core/lib/artemis-jdbc-store-1.3.0.jar
[INFO] Copying javacsv-2.0.jar to /home/travis/build/yamcs/yamcs/yamcs-core/lib/javacsv-2.0.jar
[INFO] Copying rocksdbjni-4.11.2.jar to /home/travis/build/yamcs/yamcs/yamcs-core/lib/rocksdbjni-4.11.2.jar
[INFO] Copying artemis-server-1.3.0.jar to /home/travis/build/yamcs/yamcs/yamcs-core/lib/artemis-server-1.3.0.jar
[INFO] Copying artemis-selector-1.3.0.jar to /home/travis/build/yamcs/yamcs/yamcs-core/lib/artemis-selector-1.3.0.jar
[INFO] Copying slf4j-api-1.7.1.jar to /home/travis/build/yamcs/yamcs/yamcs-core/lib/slf4j-api-1.7.1.jar
[INFO] Copying jgroups-3.6.9.Final.jar to /home/travis/build/yamcs/yamcs/yamcs-core/lib/jgroups-3.6.9.Final.jar
[INFO] Copying netty-all-4.0.32.Final.jar to /home/travis/build/yamcs/yamcs/yamcs-core/lib/netty-all-4.0.32.Final.jar
[INFO] Copying jackson-core-2.7.1.jar to /home/travis/build/yamcs/yamcs/yamcs-core/lib/jackson-core-2.7.1.jar
[INFO] Copying artemis-native-1.3.0.jar to /home/travis/build/yamcs/yamcs/yamcs-core/lib/artemis-native-1.3.0.jar
[INFO] Copying snakeyaml-1.9.jar to /home/travis/build/yamcs/yamcs/yamcs-core/lib/snakeyaml-1.9.jar
[INFO] Copying commons-logging-1.1.1.jar to /home/travis/build/yamcs/yamcs/yamcs-core/lib/commons-logging-1.1.1.jar
[INFO] Copying commons-beanutils-1.9.2.jar to /home/travis/build/yamcs/yamcs/yamcs-core/lib/commons-beanutils-1.9.2.jar
[INFO] Copying log4j-1.2.14.jar to /home/travis/build/yamcs/yamcs/yamcs-core/lib/log4j-1.2.14.jar
[INFO] Copying artemis-journal-1.3.0.jar to /home/travis/build/yamcs/yamcs/yamcs-core/lib/artemis-journal-1.3.0.jar
[INFO] Copying jxl-2.6.10.jar to /home/travis/build/yamcs/yamcs/yamcs-core/lib/jxl-2.6.10.jar
[INFO] Copying guava-18.0.jar to /home/travis/build/yamcs/yamcs/yamcs-core/lib/guava-18.0.jar
[INFO] Copying jdatepicker-1.3.2.jar to /home/travis/build/yamcs/yamcs/yamcs-core/lib/jdatepicker-1.3.2.jar
[INFO] Copying protostuff-api-1.4.0.jar to /home/travis/build/yamcs/yamcs/yamcs-core/lib/protostuff-api-1.4.0.jar
[INFO] Copying yamcs-api-0.30.0.jar to /home/travis/build/yamcs/yamcs/yamcs-core/lib/yamcs-api-0.30.0.jar
[INFO] Copying jboss-logging-3.3.0.Final.jar to /home/travis/build/yamcs/yamcs/yamcs-core/lib/jboss-logging-3.3.0.Final.jar
[INFO] Copying artemis-core-client-1.3.0.jar to /home/travis/build/yamcs/yamcs/yamcs-core/lib/artemis-core-client-1.3.0.jar
[INFO] 
[INFO] --- maven-source-plugin:2.2.1:jar-no-fork (attach-sources) @ yamcs-core ---
[INFO] Building jar: /home/travis/build/yamcs/yamcs/yamcs-core/target/yamcs-core-0.30.0-sources.jar
[INFO] 
[INFO] --- maven-install-plugin:2.4:install (default-install) @ yamcs-core ---
[INFO] Installing /home/travis/build/yamcs/yamcs/yamcs-core/target/yamcs-core-0.30.0.jar to /home/travis/.m2/repository/org/yamcs/yamcs-core/0.30.0/yamcs-core-0.30.0.jar
[INFO] Installing /home/travis/build/yamcs/yamcs/yamcs-core/pom.xml to /home/travis/.m2/repository/org/yamcs/yamcs-core/0.30.0/yamcs-core-0.30.0.pom
[INFO] Installing /home/travis/build/yamcs/yamcs/yamcs-core/target/yamcs-core-0.30.0-sources.jar to /home/travis/.m2/repository/org/yamcs/yamcs-core/0.30.0/yamcs-core-0.30.0-sources.jar
[INFO]                                                                         
[INFO] ------------------------------------------------------------------------
[INFO] Building Yamcs Simulation 0.30.0
[INFO] ------------------------------------------------------------------------
[INFO] 
[INFO] --- maven-resources-plugin:2.6:resources (default-resources) @ yamcs-simulation ---
[INFO] Using 'UTF-8' encoding to copy filtered resources.
[INFO] Copying 2 resources
[INFO] 
[INFO] --- maven-compiler-plugin:2.3.2:compile (default-compile) @ yamcs-simulation ---
[INFO] Compiling 34 source files to /home/travis/build/yamcs/yamcs/yamcs-simulation/target/classes
[INFO] 
[INFO] --- maven-resources-plugin:2.6:testResources (default-testResources) @ yamcs-simulation ---
[INFO] Using 'UTF-8' encoding to copy filtered resources.
[INFO] Copying 5 resources
[INFO] 
[INFO] --- maven-compiler-plugin:2.3.2:testCompile (default-testCompile) @ yamcs-simulation ---
[INFO] Compiling 1 source file to /home/travis/build/yamcs/yamcs/yamcs-simulation/target/test-classes
[INFO] 
[INFO] --- maven-surefire-plugin:2.19.1:test (default-test) @ yamcs-simulation ---
[INFO] Tests are skipped.
[INFO] 
[INFO] --- maven-jar-plugin:2.4:jar (default-jar) @ yamcs-simulation ---
[INFO] Building jar: /home/travis/build/yamcs/yamcs/yamcs-simulation/target/yamcs-simulation-0.30.0.jar
[INFO] 
[INFO] --- maven-source-plugin:2.2.1:jar-no-fork (attach-sources) @ yamcs-simulation ---
[INFO] Building jar: /home/travis/build/yamcs/yamcs/yamcs-simulation/target/yamcs-simulation-0.30.0-sources.jar
[INFO] 
[INFO] --- maven-install-plugin:2.4:install (default-install) @ yamcs-simulation ---
[INFO] Installing /home/travis/build/yamcs/yamcs/yamcs-simulation/target/yamcs-simulation-0.30.0.jar to /home/travis/.m2/repository/org/yamcs/yamcs-simulation/0.30.0/yamcs-simulation-0.30.0.jar
[INFO] Installing /home/travis/build/yamcs/yamcs/yamcs-simulation/pom.xml to /home/travis/.m2/repository/org/yamcs/yamcs-simulation/0.30.0/yamcs-simulation-0.30.0.pom
[INFO] Installing /home/travis/build/yamcs/yamcs/yamcs-simulation/target/yamcs-simulation-0.30.0-sources.jar to /home/travis/.m2/repository/org/yamcs/yamcs-simulation/0.30.0/yamcs-simulation-0.30.0-sources.jar
[INFO] ------------------------------------------------------------------------
[INFO] Reactor Summary:
[INFO] 
[INFO] Yamcs .............................................. SUCCESS [  1.143 s]
[INFO] Yamcs API .......................................... SUCCESS [ 35.925 s]
[INFO] Yamcs XTCE ......................................... SUCCESS [  7.217 s]
[INFO] Yamcs Core ......................................... SUCCESS [ 41.953 s]
[INFO] Yamcs Simulation ................................... SUCCESS [  8.295 s]
[INFO] ------------------------------------------------------------------------
[INFO] BUILD SUCCESS
[INFO] ------------------------------------------------------------------------
[INFO] Total time: 01:34 min
[INFO] Finished at: 2016-10-19T09:19:43+00:00
[INFO] Final Memory: 76M/433M
[INFO] ------------------------------------------------------------------------

travis_time:end:1b3468ba:start=1476868686339365208,finish=1476868785794078093,duration=99454712885[0Ktravis_fold:end:install[0Ktravis_time:start:31860576[0K$ mvn -Dsurefire.useFile=false test
Java HotSpot(TM) 64-Bit Server VM warning: ignoring option MaxPermSize=192m; support was removed in 8.0
[INFO] Scanning for projects...
[INFO] ------------------------------------------------------------------------
[INFO] Reactor Build Order:
[INFO] 
[INFO] Yamcs
[INFO] Yamcs API
[INFO] Yamcs XTCE
[INFO] Yamcs Core
[INFO] Yamcs Simulation
[INFO]                                                                         
[INFO] ------------------------------------------------------------------------
[INFO] Building Yamcs 0.30.0
[INFO] ------------------------------------------------------------------------
[INFO]                                                                         
[INFO] ------------------------------------------------------------------------
[INFO] Building Yamcs API 0.30.0
[INFO] ------------------------------------------------------------------------
[INFO] 
[INFO] --- maven-resources-plugin:2.6:resources (default-resources) @ yamcs-api ---
[INFO] Using 'UTF-8' encoding to copy filtered resources.
[INFO] Copying 1 resource
[INFO] 
[INFO] --- maven-compiler-plugin:2.3.2:compile (default-compile) @ yamcs-api ---
[INFO] Nothing to compile - all classes are up to date
[INFO] 
[INFO] --- maven-resources-plugin:2.6:testResources (default-testResources) @ yamcs-api ---
[INFO] Using 'UTF-8' encoding to copy filtered resources.
[INFO] skip non existing resourceDirectory /home/travis/build/yamcs/yamcs/yamcs-api/src/test/resources
[INFO] 
[INFO] --- maven-compiler-plugin:2.3.2:testCompile (default-testCompile) @ yamcs-api ---
[INFO] Nothing to compile - all classes are up to date
[INFO] 
[INFO] --- maven-surefire-plugin:2.19.1:test (default-test) @ yamcs-api ---

-------------------------------------------------------
 T E S T S
-------------------------------------------------------
Running org.yamcs.utils.TimeEncodingTest
sdf,format:2010-12-31T23:59:59.000
d=Fri Dec 31 23:59:59 UTC 2010
cal=Fri Dec 31 23:59:59 UTC 2010
hod=23
s=2010-12-31T23:59:59.000
Tests run: 15, Failures: 0, Errors: 0, Skipped: 0, Time elapsed: 0.115 sec - in org.yamcs.utils.TimeEncodingTest
Running org.yamcs.utils.TaiUtcConverterTest
Tests run: 2, Failures: 0, Errors: 0, Skipped: 0, Time elapsed: 0.051 sec - in org.yamcs.utils.TaiUtcConverterTest
Running org.yamcs.api.AbstractEventProducerTest
Tests run: 5, Failures: 0, Errors: 0, Skipped: 0, Time elapsed: 0.142 sec - in org.yamcs.api.AbstractEventProducerTest

Results :

Tests run: 22, Failures: 0, Errors: 0, Skipped: 0

[INFO]                                                                         
[INFO] ------------------------------------------------------------------------
[INFO] Building Yamcs XTCE 0.30.0
[INFO] ------------------------------------------------------------------------
[INFO] 
[INFO] --- maven-resources-plugin:2.6:resources (default-resources) @ yamcs-xtce ---
[INFO] Using 'UTF-8' encoding to copy filtered resources.
[INFO] Copying 1 resource
[INFO] 
[INFO] --- maven-compiler-plugin:2.3.2:compile (default-compile) @ yamcs-xtce ---
[INFO] Nothing to compile - all classes are up to date
[INFO] 
[INFO] --- maven-resources-plugin:2.6:testResources (default-testResources) @ yamcs-xtce ---
[INFO] Using 'UTF-8' encoding to copy filtered resources.
[INFO] skip non existing resourceDirectory /home/travis/build/yamcs/yamcs/yamcs-xtce/src/test/resources
[INFO] 
[INFO] --- maven-compiler-plugin:2.3.2:testCompile (default-testCompile) @ yamcs-xtce ---
[INFO] Nothing to compile - all classes are up to date
[INFO] 
[INFO] --- maven-surefire-plugin:2.19.1:test (default-test) @ yamcs-xtce ---

-------------------------------------------------------
 T E S T S
-------------------------------------------------------
Running org.yamcs.xtce.HistoryTest
Tests run: 2, Failures: 0, Errors: 0, Skipped: 0, Time elapsed: 0.076 sec - in org.yamcs.xtce.HistoryTest

Results :

Tests run: 2, Failures: 0, Errors: 0, Skipped: 0

[INFO]                                                                         
[INFO] ------------------------------------------------------------------------
[INFO] Building Yamcs Core 0.30.0
[INFO] ------------------------------------------------------------------------
[INFO] 
[INFO] --- build-helper-maven-plugin:1.11:add-source (add-source) @ yamcs-core ---
[INFO] Source directory: /home/travis/build/yamcs/yamcs/yamcs-core/target/generated-sources/version added.
[INFO] 
[INFO] --- maven-antrun-plugin:1.3:run (generate-version) @ yamcs-core ---
[INFO] Executing tasks
[INFO] Executed tasks
[INFO] 
[INFO] --- maven-resources-plugin:2.6:resources (default-resources) @ yamcs-core ---
[INFO] Using 'UTF-8' encoding to copy filtered resources.
[INFO] Copying 31 resources
[INFO] 
[INFO] --- maven-compiler-plugin:2.3.2:compile (default-compile) @ yamcs-core ---
[INFO] Nothing to compile - all classes are up to date
[INFO] 
[INFO] --- maven-resources-plugin:2.6:testResources (default-testResources) @ yamcs-core ---
[INFO] Using 'UTF-8' encoding to copy filtered resources.
[INFO] Copying 40 resources
[INFO] Copying 20 resources
[INFO] 
[INFO] --- maven-compiler-plugin:2.3.2:testCompile (default-testCompile) @ yamcs-core ---
[INFO] Nothing to compile - all classes are up to date
[INFO] 
[INFO] --- maven-surefire-plugin:2.19.1:test (default-test) @ yamcs-core ---

-------------------------------------------------------
 T E S T S
-------------------------------------------------------
Running org.yamcs.yarch.StarSelectTest
Created directory: /home/travis/.yamcs/log
Tests run: 1, Failures: 0, Errors: 0, Skipped: 0, Time elapsed: 0.426 sec - in org.yamcs.yarch.StarSelectTest
Running org.yamcs.yarch.rocksdb.PartitioningTest
Tests run: 3, Failures: 0, Errors: 0, Skipped: 0, Time elapsed: 0.878 sec - in org.yamcs.yarch.rocksdb.PartitioningTest
Running org.yamcs.yarch.rocksdb.RdbSelectTest
Tests run: 7, Failures: 0, Errors: 0, Skipped: 0, Time elapsed: 0.903 sec - in org.yamcs.yarch.rocksdb.RdbSelectTest
Running org.yamcs.yarch.rocksdb.RdbEngineTest
Tests run: 1, Failures: 0, Errors: 0, Skipped: 0, Time elapsed: 0.465 sec - in org.yamcs.yarch.rocksdb.RdbEngineTest
Running org.yamcs.yarch.rocksdb.HistogramDbTest
Tests run: 1, Failures: 0, Errors: 0, Skipped: 0, Time elapsed: 0.397 sec - in org.yamcs.yarch.rocksdb.HistogramDbTest
Running org.yamcs.yarch.rocksdb.PartitionManagerTest
Tests run: 5, Failures: 0, Errors: 0, Skipped: 0, Time elapsed: 0.725 sec - in org.yamcs.yarch.rocksdb.PartitionManagerTest
Running org.yamcs.yarch.rocksdb.TagsTest
Tests run: 1, Failures: 0, Errors: 0, Skipped: 0, Time elapsed: 0.499 sec - in org.yamcs.yarch.rocksdb.TagsTest
Running org.yamcs.yarch.rocksdb.RDBFactoryTest
starting backup
starting backup
Tests run: 2, Failures: 0, Errors: 0, Skipped: 0, Time elapsed: 3.663 sec - in org.yamcs.yarch.rocksdb.RDBFactoryTest
Running org.yamcs.yarch.rocksdb.RdbSelectPerfTest
Tests run: 1, Failures: 0, Errors: 0, Skipped: 1, Time elapsed: 0.036 sec - in org.yamcs.yarch.rocksdb.RdbSelectPerfTest
Running org.yamcs.yarch.DynamicSchemaTableTest
Tests run: 4, Failures: 0, Errors: 0, Skipped: 0, Time elapsed: 0.575 sec - in org.yamcs.yarch.DynamicSchemaTableTest
Running org.yamcs.yarch.EnumWithPartitionTest
Tests run: 4, Failures: 0, Errors: 0, Skipped: 0, Time elapsed: 0.858 sec - in org.yamcs.yarch.EnumWithPartitionTest
Running org.yamcs.yarch.ConcurrencyTest
Tests run: 1, Failures: 0, Errors: 0, Skipped: 0, Time elapsed: 15.741 sec - in org.yamcs.yarch.ConcurrencyTest
Running org.yamcs.yarch.StreamSelectPerfTest
Tests run: 1, Failures: 0, Errors: 0, Skipped: 0, Time elapsed: 3.708 sec - in org.yamcs.yarch.StreamSelectPerfTest
Running org.yamcs.yarch.HistogramDbTest
Tests run: 10, Failures: 0, Errors: 0, Skipped: 0, Time elapsed: 0.222 sec - in org.yamcs.yarch.HistogramDbTest
Running org.yamcs.yarch.StreamSqlParserTest
Tests run: 3, Failures: 0, Errors: 0, Skipped: 0, Time elapsed: 0.607 sec - in org.yamcs.yarch.StreamSqlParserTest
Running org.yamcs.yarch.hornet.StreamAdapterTest
Oct 19 09:20:35.894 [1] org.apache.activemq.artemis.core.server start INFO:AMQ221000: live Message Broker is starting with configuration Broker Configuration (clustered=false,journalDirectory=data/journal,bindingsDirectory=data/bindings,largeMessagesDirectory=data/largemessages,pagingDirectory=data/paging)
Oct 19 09:20:35.948 [1] org.apache.activemq.artemis.core.server <init> INFO:AMQ221043: Protocol module found: [artemis-server]. Adding protocol support for: CORE
log4j:WARN No appenders could be found for logger (org.apache.commons.beanutils.converters.BooleanConverter).
log4j:WARN Please initialize the log4j system properly.
Oct 19 09:20:36.191 [1] org.apache.activemq.artemis.core.server run INFO:AMQ221007: Server is now live
Oct 19 09:20:36.191 [1] org.apache.activemq.artemis.core.server start INFO:AMQ221001: Apache ActiveMQ Artemis Message Broker version 1.3.0 [localhost, nodeID=4aedfb28-95dd-11e6-ba22-b6e081e2dc10] 
Oct 19 09:20:36.629 [50] org.apache.activemq.artemis.core.client fail WARNING:AMQ212037: Connection failure has been detected: AMQ119015: The connection was disconnected because of server shutdown [code=DISCONNECTED]
Oct 19 09:20:36.670 [1] org.apache.activemq.artemis.core.server stop INFO:AMQ221002: Apache ActiveMQ Artemis Message Broker version 1.3.0 [4aedfb28-95dd-11e6-ba22-b6e081e2dc10] stopped, uptime 0.822 seconds
Tests run: 2, Failures: 0, Errors: 0, Skipped: 0, Time elapsed: 1.659 sec - in org.yamcs.yarch.hornet.StreamAdapterTest
Running org.yamcs.yarch.hornet.ProducerKillerTest
log4j:WARN No appenders could be found for logger (org.jboss.logging).
log4j:WARN Please initialize the log4j system properly.
msg: ClientMessageImpl[messageID=9, durable=true, address=activemq.notifications,userID=null,properties=TypedProperties[_AMQ_Binding_Type=0,_AMQ_RoutingName=ProducerKiller,_AMQ_Distance=0,_AMQ_Address=activemq.notifications,_AMQ_NotifType=BINDING_ADDED,_AMQ_Binding_ID=8,_AMQ_NotifTimestamp=1476868838986,_AMQ_ClusterName=ProducerKiller4c37b91c-95dd-11e6-a504-b6e081e2dc10,foobar=4cc7eb3c-95dd-11e6-a504-b6e081e2dc10]]
msg: ClientMessageImpl[messageID=10, durable=true, address=activemq.notifications,userID=null,properties=TypedProperties[_AMQ_RoutingName=ProducerKiller,_AMQ_Distance=0,_AMQ_ConsumerCount=1,_AMQ_User=5395df6b-c042-4a2a-9247-fd8ec15ed249,_AMQ_SessionName=4cc7c42b-95dd-11e6-a504-b6e081e2dc10,_AMQ_Address=activemq.notifications,_AMQ_RemoteAddress=invm:0,_AMQ_NotifType=CONSUMER_CREATED,_AMQ_NotifTimestamp=1476868838998,_AMQ_ClusterName=ProducerKiller4c37b91c-95dd-11e6-a504-b6e081e2dc10]]
Thread[Thread-0 (ActiveMQ-client-global-threads-1625082366),5,ActiveMQ-client-global-threads-1625082366] received the first message: ClientMessageImpl[messageID=11, durable=false, address=tempDataAddress.b8a235b6-b22e-447a-b9df-996fb1626cd2,userID=null,properties=TypedProperties[]], closing connection
Thread[Thread-0 (ActiveMQ-client-global-threads-1625082366),5,ActiveMQ-client-global-threads-1625082366] received the first message: ClientMessageImpl[messageID=12, durable=false, address=tempDataAddress.b8a235b6-b22e-447a-b9df-996fb1626cd2,userID=null,properties=TypedProperties[]], closing connection
Thread[Thread-0 (ActiveMQ-client-global-threads-1625082366),5,ActiveMQ-client-global-threads-1625082366] received the first message: ClientMessageImpl[messageID=13, durable=false, address=tempDataAddress.b8a235b6-b22e-447a-b9df-996fb1626cd2,userID=null,properties=TypedProperties[]], closing connection
Thread[Thread-0 (ActiveMQ-client-global-threads-1625082366),5,ActiveMQ-client-global-threads-1625082366] received the first message: ClientMessageImpl[messageID=14, durable=false, address=tempDataAddress.b8a235b6-b22e-447a-b9df-996fb1626cd2,userID=null,properties=TypedProperties[]], closing connection
Thread[Thread-0 (ActiveMQ-client-global-threads-1625082366),5,ActiveMQ-client-global-threads-1625082366] received the first message: ClientMessageImpl[messageID=15, durable=false, address=tempDataAddress.b8a235b6-b22e-447a-b9df-996fb1626cd2,userID=null,properties=TypedProperties[]], closing connection
Thread[Thread-0 (ActiveMQ-client-global-threads-1625082366),5,ActiveMQ-client-global-threads-1625082366] received the first message: ClientMessageImpl[messageID=16, durable=false, address=tempDataAddress.b8a235b6-b22e-447a-b9df-996fb1626cd2,userID=null,properties=TypedProperties[]], closing connection
msg: ClientMessageImpl[messageID=694, durable=true, address=activemq.notifications,userID=null,properties=TypedProperties[_AMQ_RoutingName=tempDataQueue.8844ceac-3837-4e85-bc45-8ba6fec11cbe,_AMQ_Distance=0,_AMQ_ConsumerCount=0,_AMQ_User=NULL-value,_AMQ_SessionName=4cb303a0-95dd-11e6-a504-b6e081e2dc10,_AMQ_Address=tempDataAddress.b8a235b6-b22e-447a-b9df-996fb1626cd2,_AMQ_RemoteAddress=/127.0.0.1:44848,_AMQ_NotifType=CONSUMER_CLOSED,_AMQ_FilterString=NULL-value,_AMQ_NotifTimestamp=1476868900209,_AMQ_ClusterName=tempDataQueue.8844ceac-3837-4e85-bc45-8ba6fec11cbe4c37b91c-95dd-11e6-a504-b6e081e2dc10]]
Oct 19 09:21:40.248 [281] org.yamcs.api.artemis.Protocol onMessage WARNING:closing producer org.apache.activemq.artemis.core.client.impl.ClientProducerImpl@223d2c72 because the consumer to the address tempDataAddress.b8a235b6-b22e-447a-b9df-996fb1626cd2 has closed
msg: ClientMessageImpl[messageID=696, durable=true, address=activemq.notifications,userID=null,properties=TypedProperties[_AMQ_RoutingName=tempDataQueue.8844ceac-3837-4e85-bc45-8ba6fec11cbe,_AMQ_Distance=0,_AMQ_Address=tempDataAddress.b8a235b6-b22e-447a-b9df-996fb1626cd2,_AMQ_NotifType=BINDING_REMOVED,_AMQ_Binding_ID=2,_AMQ_FilterString=NULL-value,_AMQ_NotifTimestamp=1476868900214,_AMQ_ClusterName=tempDataQueue.8844ceac-3837-4e85-bc45-8ba6fec11cbe4c37b91c-95dd-11e6-a504-b6e081e2dc10]]
ActiveMQObjectClosedException[errorType=OBJECT_CLOSED message=AMQ119018: Producer is closed]
	at org.apache.activemq.artemis.core.client.impl.ClientProducerImpl.checkClosed(ClientProducerImpl.java:299)
	at org.apache.activemq.artemis.core.client.impl.ClientProducerImpl.send(ClientProducerImpl.java:126)
	at org.yamcs.api.artemis.YamcsClient.sendData(YamcsClient.java:380)
	at org.yamcs.yarch.hornet.ProducerKillerTest$2.run(ProducerKillerTest.java:62)
	at java.lang.Thread.run(Thread.java:745)
Tests run: 1, Failures: 0, Errors: 0, Skipped: 0, Time elapsed: 63.044 sec - in org.yamcs.yarch.hornet.ProducerKillerTest
Running org.yamcs.yarch.StreamSelect2Test
Tests run: 8, Failures: 0, Errors: 0, Skipped: 0, Time elapsed: 10.719 sec - in org.yamcs.yarch.StreamSelect2Test
Running org.yamcs.yarch.StreamSelectTest
Tests run: 3, Failures: 0, Errors: 0, Skipped: 0, Time elapsed: 0.707 sec - in org.yamcs.yarch.StreamSelectTest
Running org.yamcs.yarch.HistogramStreamTest
Tests run: 4, Failures: 0, Errors: 0, Skipped: 0, Time elapsed: 3.141 sec - in org.yamcs.yarch.HistogramStreamTest
Running org.yamcs.yarch.EnumTest
Tests run: 3, Failures: 0, Errors: 0, Skipped: 0, Time elapsed: 1.06 sec - in org.yamcs.yarch.EnumTest
Running org.yamcs.yarch.StreamMergeTest
Tests run: 4, Failures: 0, Errors: 0, Skipped: 0, Time elapsed: 1.743 sec - in org.yamcs.yarch.StreamMergeTest
Running org.yamcs.yarch.TableDefinitionSerializationTest
Tests run: 4, Failures: 0, Errors: 0, Skipped: 0, Time elapsed: 0.666 sec - in org.yamcs.yarch.TableDefinitionSerializationTest
Running org.yamcs.yarch.StandaloneStreamTest
Tests run: 1, Failures: 0, Errors: 0, Skipped: 0, Time elapsed: 0.446 sec - in org.yamcs.yarch.StandaloneStreamTest
Running org.yamcs.yarch.StreamSelect1Test
Tests run: 2, Failures: 0, Errors: 0, Skipped: 0, Time elapsed: 0.776 sec - in org.yamcs.yarch.StreamSelect1Test
Running org.yamcs.xtceproc.XtceDbFactoryTest
Warning:  Cell at E17 not present - adding a blank
Warning:  Some cells exceeded the specified bounds.  Resizing sheet dimensions from 4x42 to 5x42
Tests run: 5, Failures: 0, Errors: 0, Skipped: 0, Time elapsed: 7.324 sec - in org.yamcs.xtceproc.XtceDbFactoryTest
Running org.yamcs.xtceproc.XtceTmExtractorTest
Oct 19 09:22:13.787 [1] org.yamcs.xtceproc.ParameterTypeProcessor calibrateEnumerated WARNING:StringIntTermPara20_1: failed to parse string 'invalidlong' to long
Oct 19 09:22:13.810 [1] org.yamcs.xtceproc.ParameterTypeProcessor calibrateInteger WARNING:StringIntTermPara1_5_2: failed to parse string 'invalidint' to long
Oct 19 09:22:13.843 [1] org.yamcs.xtceproc.ParameterTypeProcessor calibrateFloat WARNING:StringFloatTSCPara1_4_2: failed to parse string 'invalidfloat' to double
Tests run: 21, Failures: 0, Errors: 0, Skipped: 0, Time elapsed: 0.866 sec - in org.yamcs.xtceproc.XtceTmExtractorTest
Running org.yamcs.xtceproc.XtceCommandEncodingTest
Warning:  Cell at E17 not present - adding a blank
Warning:  Some cells exceeded the specified bounds.  Resizing sheet dimensions from 4x42 to 5x42
command buffer: 0B0A1200
Tests run: 10, Failures: 0, Errors: 0, Skipped: 0, Time elapsed: 6.268 sec - in org.yamcs.xtceproc.XtceCommandEncodingTest
Running org.yamcs.algorithms.WindowBufferTest
Tests run: 1, Failures: 0, Errors: 0, Skipped: 0, Time elapsed: 0.085 sec - in org.yamcs.algorithms.WindowBufferTest
Running org.yamcs.algorithms.AlgorithmManagerTest
Tests run: 14, Failures: 0, Errors: 0, Skipped: 1, Time elapsed: 17.782 sec - in org.yamcs.algorithms.AlgorithmManagerTest
Running org.yamcs.algorithms.AlgorithmManagerPyTest
Tests run: 3, Failures: 0, Errors: 0, Skipped: 0, Time elapsed: 4.453 sec - in org.yamcs.algorithms.AlgorithmManagerPyTest
Running org.yamcs.algorithms.AlgorithmWithContextTest
Tests run: 1, Failures: 0, Errors: 0, Skipped: 0, Time elapsed: 4.781 sec - in org.yamcs.algorithms.AlgorithmWithContextTest
Running org.yamcs.ContainerRequestManagerTest
Tests run: 1, Failures: 0, Errors: 0, Skipped: 0, Time elapsed: 0.806 sec - in org.yamcs.ContainerRequestManagerTest
Running org.yamcs.parameter.ValueTest
Tests run: 1, Failures: 0, Errors: 0, Skipped: 1, Time elapsed: 0.087 sec - in org.yamcs.parameter.ValueTest
Running org.yamcs.parameter.ParameterCacheTest
Tests run: 5, Failures: 0, Errors: 0, Skipped: 1, Time elapsed: 0.151 sec - in org.yamcs.parameter.ParameterCacheTest
Running org.yamcs.parameter.ParameterValueListTest
Tests run: 5, Failures: 0, Errors: 0, Skipped: 0, Time elapsed: 0.199 sec - in org.yamcs.parameter.ParameterValueListTest
Running org.yamcs.parameter.SubsriptionArrayTest
Tests run: 1, Failures: 0, Errors: 0, Skipped: 0, Time elapsed: 0.061 sec - in org.yamcs.parameter.SubsriptionArrayTest
Running org.yamcs.parameter.SoftwareParameterManagerTest
Tests run: 1, Failures: 0, Errors: 0, Skipped: 0, Time elapsed: 2.621 sec - in org.yamcs.parameter.SoftwareParameterManagerTest
Running org.yamcs.ui.eventviewer.UtilsTest
Tests run: 3, Failures: 0, Errors: 0, Skipped: 0, Time elapsed: 0.096 sec - in org.yamcs.ui.eventviewer.UtilsTest
Running org.yamcs.web.rest.archive.RestDownsamplerTest
Tests run: 1, Failures: 0, Errors: 0, Skipped: 0, Time elapsed: 0.146 sec - in org.yamcs.web.rest.archive.RestDownsamplerTest
Running org.yamcs.web.rest.mdb.NameDescriptionSearchMatcherTest
/REFMDB/ccsds-apid
/REFMDB/ccsds-apid
/REFMDB/ccsds-apid
Tests run: 1, Failures: 0, Errors: 0, Skipped: 0, Time elapsed: 0.525 sec - in org.yamcs.web.rest.mdb.NameDescriptionSearchMatcherTest
Running org.yamcs.web.rest.mdb.XtceToGpbAssemblerTest
Tests run: 3, Failures: 0, Errors: 0, Skipped: 0, Time elapsed: 0.725 sec - in org.yamcs.web.rest.mdb.XtceToGpbAssemblerTest
Running org.yamcs.web.rest.RouterTest
Tests run: 10, Failures: 0, Errors: 0, Skipped: 0, Time elapsed: 0.609 sec - in org.yamcs.web.rest.RouterTest
Running org.yamcs.web.rest.RestRequestTest
Tests run: 5, Failures: 0, Errors: 0, Skipped: 0, Time elapsed: 0.16 sec - in org.yamcs.web.rest.RestRequestTest
Running org.yamcs.archive.PpTupleTranslatorTest
Oct 19 09:23:04.368 [1] org.apache.activemq.artemis.core.server start INFO:AMQ221000: live Message Broker is starting with configuration Broker Configuration (clustered=false,journalDirectory=data/journal,bindingsDirectory=data/bindings,largeMessagesDirectory=data/largemessages,pagingDirectory=data/paging)
Oct 19 09:23:04.411 [1] org.apache.activemq.artemis.core.server <init> INFO:AMQ221043: Protocol module found: [artemis-server]. Adding protocol support for: CORE
log4j:WARN No appenders could be found for logger (org.apache.commons.beanutils.converters.BooleanConverter).
log4j:WARN Please initialize the log4j system properly.
Oct 19 09:23:04.618 [1] org.apache.activemq.artemis.core.server run INFO:AMQ221007: Server is now live
Oct 19 09:23:04.618 [1] org.apache.activemq.artemis.core.server start INFO:AMQ221001: Apache ActiveMQ Artemis Message Broker version 1.3.0 [localhost, nodeID=a36ded4a-95dd-11e6-ab31-b6e081e2dc10] 
Oct 19 09:23:08.395 [55] org.apache.activemq.artemis.core.client fail WARNING:AMQ212037: Connection failure has been detected: AMQ119015: The connection was disconnected because of server shutdown [code=DISCONNECTED]
Oct 19 09:23:08.408 [1] org.apache.activemq.artemis.core.server stop INFO:AMQ221002: Apache ActiveMQ Artemis Message Broker version 1.3.0 [a36ded4a-95dd-11e6-ab31-b6e081e2dc10] stopped, uptime 4.080 seconds
Tests run: 1, Failures: 0, Errors: 0, Skipped: 0, Time elapsed: 4.693 sec - in org.yamcs.archive.PpTupleTranslatorTest
Running org.yamcs.archive.CmdHistoryRecordingTest
Oct 19 09:23:09.725 [1] org.apache.activemq.artemis.core.server start INFO:AMQ221000: live Message Broker is starting with configuration Broker Configuration (clustered=false,journalDirectory=data/journal,bindingsDirectory=data/bindings,largeMessagesDirectory=data/largemessages,pagingDirectory=data/paging)
Oct 19 09:23:09.774 [1] org.apache.activemq.artemis.core.server <init> INFO:AMQ221043: Protocol module found: [artemis-server]. Adding protocol support for: CORE
log4j:WARN No appenders could be found for logger (org.apache.commons.beanutils.converters.BooleanConverter).
log4j:WARN Please initialize the log4j system properly.
Oct 19 09:23:10.060 [1] org.apache.activemq.artemis.core.server run INFO:AMQ221007: Server is now live
Oct 19 09:23:10.060 [1] org.apache.activemq.artemis.core.server start INFO:AMQ221001: Apache ActiveMQ Artemis Message Broker version 1.3.0 [localhost, nodeID=a69fa536-95dd-11e6-ac82-b6e081e2dc10] 
Oct 19 09:23:10.475 [1] org.yamcs.archive.CommandHistoryRecorder[yarchtest_CmdHistoryRecordingTest] doStart SEVERE:The stream cmdhist_dump has not been found
Oct 19 09:23:10.715 [38] org.yamcs.security.Privilege <clinit> WARNING:Privileges disabled, all connections are allowed and have full permissions
Oct 19 09:23:12.401 [82] org.apache.activemq.artemis.core.client fail WARNING:AMQ212037: Connection failure has been detected: AMQ119015: The connection was disconnected because of server shutdown [code=DISCONNECTED]
Oct 19 09:23:12.402 [82] org.apache.activemq.artemis.core.client fail WARNING:AMQ212037: Connection failure has been detected: AMQ119015: The connection was disconnected because of server shutdown [code=DISCONNECTED]
Oct 19 09:23:12.403 [84] org.apache.activemq.artemis.core.client fail WARNING:AMQ212037: Connection failure has been detected: AMQ119015: The connection was disconnected because of server shutdown [code=DISCONNECTED]
Oct 19 09:23:12.403 [82] org.apache.activemq.artemis.core.client fail WARNING:AMQ212037: Connection failure has been detected: AMQ119015: The connection was disconnected because of server shutdown [code=DISCONNECTED]
Oct 19 09:23:12.422 [1] org.apache.activemq.artemis.core.server stop INFO:AMQ221002: Apache ActiveMQ Artemis Message Broker version 1.3.0 [a69fa536-95dd-11e6-ac82-b6e081e2dc10] stopped, uptime 2.741 seconds
Tests run: 1, Failures: 0, Errors: 0, Skipped: 0, Time elapsed: 3.441 sec - in org.yamcs.archive.CmdHistoryRecordingTest
Running org.yamcs.archive.CcsdsTmIndexTest
Tests run: 3, Failures: 0, Errors: 0, Skipped: 1, Time elapsed: 0.912 sec - in org.yamcs.archive.CcsdsTmIndexTest
Running org.yamcs.archive.EventRecordingTest
Oct 19 09:23:15.276 [1] org.apache.activemq.artemis.core.server start INFO:AMQ221000: live Message Broker is starting with configuration Broker Configuration (clustered=false,journalDirectory=data/journal,bindingsDirectory=data/bindings,largeMessagesDirectory=data/largemessages,pagingDirectory=data/paging)
Oct 19 09:23:15.311 [1] org.apache.activemq.artemis.core.server <init> INFO:AMQ221043: Protocol module found: [artemis-server]. Adding protocol support for: CORE
log4j:WARN No appenders could be found for logger (org.apache.commons.beanutils.converters.BooleanConverter).
log4j:WARN Please initialize the log4j system properly.
Oct 19 09:23:15.596 [1] org.apache.activemq.artemis.core.server run INFO:AMQ221007: Server is now live
Oct 19 09:23:15.596 [1] org.apache.activemq.artemis.core.server start INFO:AMQ221001: Apache ActiveMQ Artemis Message Broker version 1.3.0 [localhost, nodeID=a9ee8178-95dd-11e6-8eab-b6e081e2dc10] 
Oct 19 09:23:19.397 [73] org.yamcs.security.Privilege <clinit> WARNING:Privileges disabled, all connections are allowed and have full permissions
Oct 19 09:23:19.913 [46] org.apache.activemq.artemis.core.client fail WARNING:AMQ212037: Connection failure has been detected: AMQ119015: The connection was disconnected because of server shutdown [code=DISCONNECTED]
Oct 19 09:23:19.916 [58] org.apache.activemq.artemis.core.client fail WARNING:AMQ212037: Connection failure has been detected: AMQ119015: The connection was disconnected because of server shutdown [code=DISCONNECTED]
Oct 19 09:23:19.914 [52] org.apache.activemq.artemis.core.client fail WARNING:AMQ212037: Connection failure has been detected: AMQ119015: The connection was disconnected because of server shutdown [code=DISCONNECTED]
Oct 19 09:23:19.945 [1] org.apache.activemq.artemis.core.server stop INFO:AMQ221002: Apache ActiveMQ Artemis Message Broker version 1.3.0 [a9ee8178-95dd-11e6-8eab-b6e081e2dc10] stopped, uptime 4.734 seconds
Tests run: 1, Failures: 0, Errors: 0, Skipped: 0, Time elapsed: 5.61 sec - in org.yamcs.archive.EventRecordingTest
Running org.yamcs.PermissionsTest
Oct 19 09:23:20.841 [1] org.yamcs.web.WebConfig <init> WARNING:Property 'webPort' in yamcs.yaml is deprecated. Instead nest new property 'port' under 'webConfig'.
Oct 19 09:23:20.848 [1] org.yamcs.web.WebConfig <init> WARNING:Property 'webRoot' in yamcs.yaml is deprecated. Instead nest 'webRoot' under 'webConfig'.
log4j:WARN No appenders could be found for logger (org.apache.commons.beanutils.converters.BooleanConverter).
log4j:WARN Please initialize the log4j system properly.
Oct 19 09:23:21.657 [1] org.apache.activemq.artemis.core.server start INFO:AMQ221000: live Message Broker is starting with configuration Broker Configuration (clustered=false,journalDirectory=data/journal,bindingsDirectory=data/bindings,largeMessagesDirectory=data/largemessages,pagingDirectory=data/paging)
Oct 19 09:23:21.688 [1] org.apache.activemq.artemis.core.server <init> INFO:AMQ221043: Protocol module found: [artemis-server]. Adding protocol support for: CORE
Oct 19 09:23:21.791 [1] org.apache.activemq.artemis.core.server start INFO:AMQ221020: Started Acceptor at 0.0.0.0:5445 for protocols [CORE]
Oct 19 09:23:21.792 [1] org.apache.activemq.artemis.core.server run INFO:AMQ221007: Server is now live
Oct 19 09:23:21.792 [1] org.apache.activemq.artemis.core.server start INFO:AMQ221001: Apache ActiveMQ Artemis Message Broker version 1.3.0 [localhost, nodeID=adbc5305-95dd-11e6-b41a-b6e081e2dc10] 
Oct 19 09:23:26.330 [27] org.yamcs.security.YamlRealm loadUser WARNING:Unable to load user baduser/***** from YamlRealm: cannot find a mapping for key 'baduser'
Oct 19 09:23:26.342 [27] org.yamcs.web.HttpRequestHandler sendUnauthorized WARNING:GET /api/user 401 [realm="YamlRealm"]
Oct 19 09:23:26.688 [29] org.yamcs.security.YamlRealm getPrivileges WARNING:No privileges of type tm_parameter_privileges for role EmptyRole
Oct 19 09:23:26.701 [29] org.yamcs.security.YamlRealm getPrivileges WARNING:No privileges of type tm_parameter_set_privileges for role EmptyRole
Oct 19 09:23:26.701 [29] org.yamcs.security.YamlRealm getPrivileges WARNING:No privileges of type tm_packet_privileges for role EmptyRole
Oct 19 09:23:26.702 [29] org.yamcs.security.YamlRealm getPrivileges WARNING:No privileges of type tc_privileges for role EmptyRole
Oct 19 09:23:26.702 [29] org.yamcs.security.YamlRealm getPrivileges WARNING:No privileges of type system_privileges for role EmptyRole
Oct 19 09:23:27.042 [30] org.yamcs.web.rest.RestHandler verifyCommand WARNING:Command 'FLOAT_ARG_TC' (namespace: '/REFMDB/SUBSYS1') found, but withheld due to insufficient privileges. Returning 404 instead
Oct 19 09:23:27.042 [30] org.yamcs.web.rest.Router handleException WARNING:R2: Sending nominal exception back to client: No resource named '/api/processors/IntegrationTest/realtime/commands/REFMDB/SUBSYS1/FLOAT_ARG_TC' (No such command)
Oct 19 09:23:27.047 [30] org.yamcs.web.HttpRequestHandler sendError WARNING:POST /api/processors/IntegrationTest/realtime/commands/REFMDB/SUBSYS1/FLOAT_ARG_TC 404
Oct 19 09:23:31.143 [33] org.yamcs.web.HttpRequestHandler sendError WARNING:GET /api/archive/IntegrationTest/REFMDB/SUBSYS1/FixedStringPara1_3_1?start=2015-03-02T10:10:00&stop=2015-03-02T10:10:02&order=asc 404
Oct 19 09:23:31.454 [36] org.yamcs.web.rest.Router handleException WARNING:R6: Sending nominal exception back to client: User testuser/***** has no permission for parameter /REFMDB/SUBSYS1/FloatPara1_1_3
Oct 19 09:23:31.455 [36] org.yamcs.web.HttpRequestHandler sendError WARNING:GET /api/processors/IntegrationTest/realtime/parameters/mget 403
Oct 19 09:23:31.528 [38] org.yamcs.web.rest.Router handleException WARNING:R7: Sending nominal exception back to client: User operator/***** has no 'set' permission for parameter /REFMDB/SUBSYS1/LocalPara1
Oct 19 09:23:31.528 [38] org.yamcs.web.HttpRequestHandler sendError WARNING:POST /api/processors/IntegrationTest/realtime/parameters/mset 403
Oct 19 09:23:31.773 [40] org.yamcs.commanding.CommandingManager addToCommandHistory WARNING:Throwing InsufficientPrivileges for lack of COMMANDING privilege for user testuser/*****
Oct 19 09:23:31.774 [40] org.yamcs.web.rest.Router handleException WARNING:R8: Sending nominal exception back to client: Forbidden
Oct 19 09:23:31.775 [40] org.yamcs.web.HttpRequestHandler sendError WARNING:POST /api/processors/IntegrationTest/realtime/commandhistory/REFMDB/SUBSYS1/ONE_INT_ARG_TC 403
Oct 19 09:23:42.916 [1] org.yamcs.YamcsServer[IntegrationTest] stop SEVERE:Service IndexServer [STOPPING] did not stop in 10 seconds
Oct 19 09:23:42.950 [679] org.apache.activemq.artemis.core.client fail WARNING:AMQ212037: Connection failure has been detected: AMQ119015: The connection was disconnected because of server shutdown [code=DISCONNECTED]
Oct 19 09:23:42.981 [1] org.apache.activemq.artemis.core.server stop INFO:AMQ221002: Apache ActiveMQ Artemis Message Broker version 1.3.0 [adbc5305-95dd-11e6-b41a-b6e081e2dc10] stopped, uptime 21.346 seconds
Tests run: 6, Failures: 0, Errors: 0, Skipped: 0, Time elapsed: 22.459 sec - in org.yamcs.PermissionsTest
Running org.yamcs.parameterarchive.FloatValueSegmentTest
Tests run: 2, Failures: 0, Errors: 0, Skipped: 0, Time elapsed: 0.079 sec - in org.yamcs.parameterarchive.FloatValueSegmentTest
Running org.yamcs.parameterarchive.IntValueSegmentTest
Tests run: 3, Failures: 0, Errors: 0, Skipped: 0, Time elapsed: 0.089 sec - in org.yamcs.parameterarchive.IntValueSegmentTest
Running org.yamcs.parameterarchive.ParameterArchiveTest
Oct 19 09:23:46.868 [1] org.yamcs.parameterarchive.ParameterArchive openExistingDb WARNING:Unknown column family 'meta_pgid2pg'
Oct 19 09:23:46.873 [1] org.yamcs.parameterarchive.ParameterArchive openExistingDb WARNING:Unknown column family 'meta_p2pid'
Tests run: 5, Failures: 0, Errors: 0, Skipped: 0, Time elapsed: 2.382 sec - in org.yamcs.parameterarchive.ParameterArchiveTest
Running org.yamcs.parameterarchive.TestParameterIdMap
Tests run: 1, Failures: 0, Errors: 0, Skipped: 0, Time elapsed: 0.299 sec - in org.yamcs.parameterarchive.TestParameterIdMap
Running org.yamcs.parameterarchive.ObjectSegmentTest
Tests run: 4, Failures: 0, Errors: 0, Skipped: 0, Time elapsed: 0.379 sec - in org.yamcs.parameterarchive.ObjectSegmentTest
Running org.yamcs.parameterarchive.GenericValueSegmentTest
Tests run: 1, Failures: 0, Errors: 0, Skipped: 0, Time elapsed: 0.104 sec - in org.yamcs.parameterarchive.GenericValueSegmentTest
Running org.yamcs.parameterarchive.TestParameterGroupIdMap
Tests run: 1, Failures: 0, Errors: 0, Skipped: 0, Time elapsed: 0.202 sec - in org.yamcs.parameterarchive.TestParameterGroupIdMap
Running org.yamcs.parameterarchive.DoubleValueSegmentTest
Tests run: 1, Failures: 0, Errors: 0, Skipped: 0, Time elapsed: 0.066 sec - in org.yamcs.parameterarchive.DoubleValueSegmentTest
Running org.yamcs.parameterarchive.BooleanValueSegmentTest
Tests run: 1, Failures: 0, Errors: 0, Skipped: 0, Time elapsed: 0.067 sec - in org.yamcs.parameterarchive.BooleanValueSegmentTest
Running org.yamcs.parameterarchive.TimeSegmentTest
Tests run: 1, Failures: 0, Errors: 0, Skipped: 0, Time elapsed: 0.078 sec - in org.yamcs.parameterarchive.TimeSegmentTest
Running org.yamcs.parameterarchive.TestCompression
Tests run: 1, Failures: 0, Errors: 0, Skipped: 1, Time elapsed: 0.087 sec - in org.yamcs.parameterarchive.TestCompression
Running org.yamcs.parameterarchive.LongValueSegmentTest
Tests run: 2, Failures: 0, Errors: 0, Skipped: 0, Time elapsed: 0.102 sec - in org.yamcs.parameterarchive.LongValueSegmentTest
Running org.yamcs.parameterarchive.TestStructure
Tests run: 2, Failures: 0, Errors: 0, Skipped: 2, Time elapsed: 0.088 sec - in org.yamcs.parameterarchive.TestStructure
Running org.yamcs.parameterarchive.StringValueSegmentTest
Tests run: 1, Failures: 0, Errors: 0, Skipped: 0, Time elapsed: 0.119 sec - in org.yamcs.parameterarchive.StringValueSegmentTest
Running org.yamcs.utils.TestBitBuffer
Tests run: 3, Failures: 0, Errors: 0, Skipped: 0, Time elapsed: 0.074 sec - in org.yamcs.utils.TestBitBuffer
Running org.yamcs.utils.TimeEncodingTest
max = 185539080470435999
5881469-05-27T23:59:59.999
Tests run: 2, Failures: 0, Errors: 0, Skipped: 0, Time elapsed: 0.178 sec - in org.yamcs.utils.TimeEncodingTest
Running org.yamcs.utils.SortedIntArrayTest
s2 encoded: [-1, 5, 20]
Tests run: 10, Failures: 0, Errors: 0, Skipped: 1, Time elapsed: 0.081 sec - in org.yamcs.utils.SortedIntArrayTest
Running org.yamcs.utils.VarIntUtilTest
Tests run: 3, Failures: 0, Errors: 0, Skipped: 0, Time elapsed: 0.147 sec - in org.yamcs.utils.VarIntUtilTest
Running org.yamcs.api.artemis.ArtemisEventProducerTest
Oct 19 09:23:58.797 [1] org.apache.activemq.artemis.core.server start INFO:AMQ221000: live Message Broker is starting with configuration Broker Configuration (clustered=false,journalDirectory=data/journal,bindingsDirectory=data/bindings,largeMessagesDirectory=data/largemessages,pagingDirectory=data/paging)
Oct 19 09:23:58.851 [1] org.apache.activemq.artemis.core.server <init> INFO:AMQ221043: Protocol module found: [artemis-server]. Adding protocol support for: CORE
log4j:WARN No appenders could be found for logger (org.apache.commons.beanutils.converters.BooleanConverter).
log4j:WARN Please initialize the log4j system properly.
Oct 19 09:23:59.115 [1] org.apache.activemq.artemis.core.server run INFO:AMQ221007: Server is now live
Oct 19 09:23:59.115 [1] org.apache.activemq.artemis.core.server start INFO:AMQ221001: Apache ActiveMQ Artemis Message Broker version 1.3.0 [localhost, nodeID=c3deacc5-95dd-11e6-9d71-b6e081e2dc10] 
Oct 19 09:23:59.433 [43] org.apache.activemq.artemis.core.client fail WARNING:AMQ212037: Connection failure has been detected: AMQ119015: The connection was disconnected because of server shutdown [code=DISCONNECTED]
Oct 19 09:23:59.443 [1] org.apache.activemq.artemis.core.server stop INFO:AMQ221002: Apache ActiveMQ Artemis Message Broker version 1.3.0 [c3deacc5-95dd-11e6-9d71-b6e081e2dc10] stopped, uptime 0.693 seconds
Tests run: 1, Failures: 0, Errors: 0, Skipped: 0, Time elapsed: 1.465 sec - in org.yamcs.api.artemis.ArtemisEventProducerTest
Running org.yamcs.IntegrationTest
Oct 19 09:24:00.491 [1] org.yamcs.web.WebConfig <init> WARNING:Property 'webPort' in yamcs.yaml is deprecated. Instead nest new property 'port' under 'webConfig'.
Oct 19 09:24:00.499 [1] org.yamcs.web.WebConfig <init> WARNING:Property 'webRoot' in yamcs.yaml is deprecated. Instead nest 'webRoot' under 'webConfig'.
log4j:WARN No appenders could be found for logger (org.apache.commons.beanutils.converters.BooleanConverter).
log4j:WARN Please initialize the log4j system properly.
Oct 19 09:24:01.647 [1] org.apache.activemq.artemis.core.server start INFO:AMQ221000: live Message Broker is starting with configuration Broker Configuration (clustered=false,journalDirectory=data/journal,bindingsDirectory=data/bindings,largeMessagesDirectory=data/largemessages,pagingDirectory=data/paging)
Oct 19 09:24:01.702 [1] org.apache.activemq.artemis.core.server <init> INFO:AMQ221043: Protocol module found: [artemis-server]. Adding protocol support for: CORE
Oct 19 09:24:01.846 [1] org.apache.activemq.artemis.core.server start INFO:AMQ221020: Started Acceptor at 0.0.0.0:5445 for protocols [CORE]
Oct 19 09:24:01.847 [1] org.apache.activemq.artemis.core.server run INFO:AMQ221007: Server is now live
Oct 19 09:24:01.847 [1] org.apache.activemq.artemis.core.server start INFO:AMQ221001: Apache ActiveMQ Artemis Message Broker version 1.3.0 [localhost, nodeID=c59228bd-95dd-11e6-85f2-b6e081e2dc10] 
Oct 19 09:24:10.758 [32] org.yamcs.web.rest.Router handleException WARNING:R3: Sending nominal exception back to client: Cannot assign integer from STRING
Oct 19 09:24:10.766 [32] org.yamcs.web.HttpRequestHandler sendError WARNING:POST /api/processors/IntegrationTest/realtime/parameters/mset 400
Oct 19 09:24:15.735 [51] org.yamcs.web.rest.Router handleException WARNING:R15: Sending nominal exception back to client: Cannot find a local(software) parameter for 'name: "/REFMDB/SUBSYS1/IntegerPara1_1_6"
'
Oct 19 09:24:15.736 [51] org.yamcs.web.HttpRequestHandler sendError WARNING:POST /api/processors/IntegrationTest/realtime/parameters/mset 400
Oct 19 09:24:16.793 [54] org.yamcs.web.rest.Router handleException WARNING:R16: Sending nominal exception back to client: Invalid parameters: [name: "/REFMDB/SUBSYS1/InvalidParaName"
]
Oct 19 09:24:16.794 [54] org.yamcs.web.HttpRequestHandler sendError WARNING:GET /api/processors/IntegrationTest/realtime/parameters/mget 400
Oct 19 09:24:19.826 [279] org.yamcs.web.rest.Router lambda$dispatch$41 SEVERE:R18 blocking the netty thread for 2 seconds. uri: /api/processors/IntegrationTest/realtime/parameters/mget
Oct 19 09:24:19.827 [1] org.yamcs.IntegrationTest testRestParameterGet SEVERE:GET  BACK                      { }

Oct 19 09:24:30.768 [279] org.yamcs.web.rest.Router lambda$dispatch$43 SEVERE:R3 executing for more than 20 seconds. uri: /api/processors/IntegrationTest/realtime/parameters/mset
Oct 19 09:24:30.842 [1] org.yamcs.YamcsServer[IntegrationTest] stop SEVERE:Service IndexServer [STOPPING] did not stop in 10 seconds
Oct 19 09:24:30.878 [881] org.apache.activemq.artemis.core.client fail WARNING:AMQ212037: Connection failure has been detected: AMQ119015: The connection was disconnected because of server shutdown [code=DISCONNECTED]
Oct 19 09:24:31.079 [1] org.apache.activemq.artemis.core.server stop INFO:AMQ221002: Apache ActiveMQ Artemis Message Broker version 1.3.0 [c59228bd-95dd-11e6-85f2-b6e081e2dc10] stopped, uptime 29.495 seconds
Tests run: 14, Failures: 0, Errors: 0, Skipped: 1, Time elapsed: 31.046 sec - in org.yamcs.IntegrationTest
Running org.yamcs.security.PasswordHashTest
1000:34e17dd1ecb876e7f9530d95777d65c67c2f942bdfe3a328:b1a6aa2d18c1b7d4bfa38b80f3a0f2d014c5cb7beca03563
1000:377e64640e89ebaf3a714d4a686ecdc0f4f28f8134074442:fc904f22fe8038be5b77b8187288e09a331839dae0c62e6a
1000:9a3c51b6c7f826ba57c6d503e6ce1a7af4778bbfa242360e:7a61737fc153477f04f87a241507f062b779aa7ae49f862a
1000:9b174c3ad796a838fe9d3b9c8c77d5e37876c84bf1e1c4f6:0a89a130cfa4e9b2c7ed2b5acb7e266db5b3fb10aac3f448
1000:eab5ff01f03c64bdf6cecde45c107ebe36fb05569b74020c:3c7bbe00d52bca5e65affb00b20f005ef2379bf3c1deeb01
1000:68aabc3ff4ff2e95989a27ba3cae58e2045c4adf9900fecd:aca74eac2b150468ea7ef7e922ab31523d22cf66e53c84a9
1000:72aa881197aa0793214cbb62d64033c2145d3a424b62703d:3e354c692dcf762e6bddea896956bb14d7afec5f83a1cddd
1000:eaf395b27f52cbeacc6078c12d5376996c824bb3b4b93142:561c3a94677a9ef0e759867b64a626b678123963378b04f5
1000:3798b56f11c2bfa38358bc15418ecdf6278a0c081de860a9:a0fe7da31cdebe9be59ecfc261ae82f506d944db114682b6
1000:db789f41de89519b5824e01b0190806eb3635e899ad2f4b5:cebb9248e8555ec0022fddfe9d32621481b12b35ea65aa6e
Running tests...
Tests run: 1, Failures: 0, Errors: 0, Skipped: 0, Time elapsed: 1.965 sec - in org.yamcs.security.PasswordHashTest
Running org.yamcs.management.ProcessorsTest
Oct 19 09:24:35.854 [1] org.yamcs.YamcsServer checkAndPrintDeprecatedWarning WARNING:The class org.yamcs.YProcessorCreatorService is deprecated: The service has been renamed to ProcessorCreatorService
Oct 19 09:24:36.191 [1] org.yamcs.YamcsServer checkAndPrintDeprecatedWarning WARNING:The class org.yamcs.YProcessorCreatorService is deprecated: The service has been renamed to ProcessorCreatorService
connecting to yamcs
Oct 19 09:24:36.370 [26] org.yamcs.security.Privilege <clinit> WARNING:Privileges disabled, all connections are allowed and have full permissions
Oct 19 09:24:36.506 [28] org.yamcs.management.ManagementService createProcessor WARNING:createProcessor called with invalid client id:10; ignored.
Oct 19 09:24:36.506 [28] org.yamcs.management.ManagementService createProcessor WARNING:createProcessor called with invalid client id:14; ignored.
Oct 19 09:24:36.508 [28] org.yamcs.web.rest.Router handleException WARNING:R2: Sending nominal exception back to client: createProcessor invoked with a list full of invalid client ids
Oct 19 09:24:36.511 [28] org.yamcs.web.HttpRequestHandler sendError WARNING:POST /api/processors/yproctest0 400
log: Exception creating processor: BadRequestException : createProcessor invoked with a list full of invalid client ids
connecting to yamcs
Oct 19 09:24:39.864 [163] org.yamcs.ui.YamcsConnector disconnected WARNING:Connection to localhost:28090 lost
Tests run: 3, Failures: 0, Errors: 0, Skipped: 0, Time elapsed: 8.587 sec - in org.yamcs.management.ProcessorsTest
Running org.yamcs.tctm.TcpTcUplinkerTest
Tests run: 1, Failures: 0, Errors: 0, Skipped: 0, Time elapsed: 0.195 sec - in org.yamcs.tctm.TcpTcUplinkerTest
Running org.yamcs.tctm.TmFileReaderTest
Tests run: 2, Failures: 0, Errors: 0, Skipped: 0, Time elapsed: 0.092 sec - in org.yamcs.tctm.TmFileReaderTest
Running org.yamcs.commanding.CommandingManagerTest
Tests run: 9, Failures: 0, Errors: 0, Skipped: 0, Time elapsed: 0.516 sec - in org.yamcs.commanding.CommandingManagerTest
Running org.yamcs.RestClientTest
Oct 19 09:24:46.388 [1] org.yamcs.web.WebConfig <init> WARNING:Property 'webPort' in yamcs.yaml is deprecated. Instead nest new property 'port' under 'webConfig'.
Oct 19 09:24:46.397 [1] org.yamcs.web.WebConfig <init> WARNING:Property 'webRoot' in yamcs.yaml is deprecated. Instead nest 'webRoot' under 'webConfig'.
log4j:WARN No appenders could be found for logger (org.apache.commons.beanutils.converters.BooleanConverter).
log4j:WARN Please initialize the log4j system properly.
Oct 19 09:24:47.528 [1] org.apache.activemq.artemis.core.server start INFO:AMQ221000: live Message Broker is starting with configuration Broker Configuration (clustered=false,journalDirectory=data/journal,bindingsDirectory=data/bindings,largeMessagesDirectory=data/largemessages,pagingDirectory=data/paging)
Oct 19 09:24:47.585 [1] org.apache.activemq.artemis.core.server <init> INFO:AMQ221043: Protocol module found: [artemis-server]. Adding protocol support for: CORE
Oct 19 09:24:47.758 [1] org.apache.activemq.artemis.core.server start INFO:AMQ221020: Started Acceptor at 0.0.0.0:5445 for protocols [CORE]
Oct 19 09:24:47.758 [1] org.apache.activemq.artemis.core.server run INFO:AMQ221007: Server is now live
Oct 19 09:24:47.759 [1] org.apache.activemq.artemis.core.server start INFO:AMQ221001: Apache ActiveMQ Artemis Message Broker version 1.3.0 [localhost, nodeID=e0ea95d5-95dd-11e6-af3f-b6e081e2dc10] 
Oct 19 09:24:54.364 [31] org.yamcs.web.HttpRequestHandler sendUnauthorized WARNING:GET /api/instances 401 [realm="YamlRealm"]
Oct 19 09:25:04.581 [1] org.yamcs.YamcsServer[IntegrationTest] stop SEVERE:Service IndexServer [STOPPING] did not stop in 10 seconds
Oct 19 09:25:04.609 [416] org.apache.activemq.artemis.core.client fail WARNING:AMQ212037: Connection failure has been detected: AMQ119015: The connection was disconnected because of server shutdown [code=DISCONNECTED]
Oct 19 09:25:04.941 [1] org.apache.activemq.artemis.core.server stop INFO:AMQ221002: Apache ActiveMQ Artemis Message Broker version 1.3.0 [e0ea95d5-95dd-11e6-af3f-b6e081e2dc10] stopped, uptime 17.441 seconds
Tests run: 3, Failures: 0, Errors: 0, Skipped: 0, Time elapsed: 18.999 sec - in org.yamcs.RestClientTest
Running org.yamcs.AlarmTest
Tests run: 5, Failures: 0, Errors: 0, Skipped: 0, Time elapsed: 0.893 sec - in org.yamcs.AlarmTest
Running org.yamcs.alarms.AlarmServerTest
Tests run: 6, Failures: 0, Errors: 0, Skipped: 0, Time elapsed: 0.177 sec - in org.yamcs.alarms.AlarmServerTest
Running org.yamcs.YamcsServerTest
Oct 19 09:25:08.797 [1] org.apache.activemq.artemis.core.server start INFO:AMQ221000: live Message Broker is starting with configuration Broker Configuration (clustered=false,journalDirectory=data/journal,bindingsDirectory=data/bindings,largeMessagesDirectory=data/largemessages,pagingDirectory=data/paging)
Oct 19 09:25:08.850 [1] org.apache.activemq.artemis.core.server <init> INFO:AMQ221043: Protocol module found: [artemis-server]. Adding protocol support for: CORE
log4j:WARN No appenders could be found for logger (org.apache.commons.beanutils.converters.BooleanConverter).
log4j:WARN Please initialize the log4j system properly.
Oct 19 09:25:09.164 [1] org.apache.activemq.artemis.core.server run INFO:AMQ221007: Server is now live
Oct 19 09:25:09.165 [1] org.apache.activemq.artemis.core.server start INFO:AMQ221001: Apache ActiveMQ Artemis Message Broker version 1.3.0 [localhost, nodeID=ed971011-95dd-11e6-9c4d-b6e081e2dc10] 
Oct 19 09:25:09.758 [1] org.yamcs.StreamConfig <init> WARNING:No streamConfig defined for instance instance1
Oct 19 09:25:09.881 [39] org.yamcs.security.Privilege <clinit> WARNING:Privileges disabled, all connections are allowed and have full permissions
Oct 19 09:25:10.598 [52] org.apache.activemq.artemis.core.client fail WARNING:AMQ212037: Connection failure has been detected: AMQ119015: The connection was disconnected because of server shutdown [code=DISCONNECTED]
Oct 19 09:25:10.749 [1] org.apache.activemq.artemis.core.server stop INFO:AMQ221002: Apache ActiveMQ Artemis Message Broker version 1.3.0 [ed971011-95dd-11e6-9c4d-b6e081e2dc10] stopped, uptime 2.000 seconds
Tests run: 1, Failures: 0, Errors: 0, Skipped: 0, Time elapsed: 2.921 sec - in org.yamcs.YamcsServerTest

Results :

Tests run: 271, Failures: 0, Errors: 0, Skipped: 10

[INFO]                                                                         
[INFO] ------------------------------------------------------------------------
[INFO] Building Yamcs Simulation 0.30.0
[INFO] ------------------------------------------------------------------------
[INFO] 
[INFO] --- maven-resources-plugin:2.6:resources (default-resources) @ yamcs-simulation ---
[INFO] Using 'UTF-8' encoding to copy filtered resources.
[INFO] Copying 2 resources
[INFO] 
[INFO] --- maven-compiler-plugin:2.3.2:compile (default-compile) @ yamcs-simulation ---
[INFO] Nothing to compile - all classes are up to date
[INFO] 
[INFO] --- maven-resources-plugin:2.6:testResources (default-testResources) @ yamcs-simulation ---
[INFO] Using 'UTF-8' encoding to copy filtered resources.
[INFO] Copying 5 resources
[INFO] 
[INFO] --- maven-compiler-plugin:2.3.2:testCompile (default-testCompile) @ yamcs-simulation ---
[INFO] Nothing to compile - all classes are up to date
[INFO] 
[INFO] --- maven-surefire-plugin:2.19.1:test (default-test) @ yamcs-simulation ---

-------------------------------------------------------
 T E S T S
-------------------------------------------------------
Running org.yamcs.simulation.SimulationPpProviderTest
<?xml version="1.0" encoding="UTF-8" standalone="yes"?>
<ppSimulation>
    <parameterSequence>
        <parameter spaceSystem="APM" paraName="SOLAR_toto" generationStep="2" aquisitionStep="1"/>
    </parameterSequence>
</ppSimulation>
Tests run: 5, Failures: 0, Errors: 0, Skipped: 0, Time elapsed: 4.131 sec - in org.yamcs.simulation.SimulationPpProviderTest

Results :

Tests run: 5, Failures: 0, Errors: 0, Skipped: 0

[INFO] ------------------------------------------------------------------------
[INFO] Reactor Summary:
[INFO] 
[INFO] Yamcs .............................................. SUCCESS [  0.047 s]
[INFO] Yamcs API .......................................... SUCCESS [  3.903 s]
[INFO] Yamcs XTCE ......................................... SUCCESS [  0.869 s]
[INFO] Yamcs Core ......................................... SUCCESS [05:18 min]
[INFO] Yamcs Simulation ................................... SUCCESS [  5.645 s]
[INFO] ------------------------------------------------------------------------
[INFO] BUILD SUCCESS
[INFO] ------------------------------------------------------------------------
[INFO] Total time: 05:29 min
[INFO] Finished at: 2016-10-19T09:25:16+00:00
[INFO] Final Memory: 11M/299M
[INFO] ------------------------------------------------------------------------

travis_time:end:31860576:start=1476868785798052313,finish=1476869117378012203,duration=331579959890[0K
[32;1mThe command "mvn -Dsurefire.useFile=false test" exited with 0.[0m
travis_fold:start:cache.2[0Kstore build cache
travis_time:start:16c4b127[0K
travis_time:end:16c4b127:start=1476869117382781438,finish=1476869117387436780,duration=4655342[0Ktravis_time:start:0aff1b20[0K[32;1mchange detected (content changed, file is created, or file is deleted):
/home/travis/.m2/repository/org/yamcs/yamcs/0.30.0/_remote.repositories
/home/travis/.m2/repository/org/yamcs/yamcs-api/0.30.0/_remote.repositories
/home/travis/.m2/repository/org/yamcs/yamcs-api/0.30.0/yamcs-api-0.30.0.jar
/home/travis/.m2/repository/org/yamcs/yamcs-api/0.30.0/yamcs-api-0.30.0-sources.jar
/home/travis/.m2/repository/org/yamcs/yamcs-api/maven-metadata-local.xml
/home/travis/.m2/repository/org/yamcs/yamcs-core/0.30.0/_remote.repositories
/home/travis/.m2/repository/org/yamcs/yamcs-core/0.30.0/yamcs-core-0.30.0.jar
/home/travis/.m2/repository/org/yamcs/yamcs-core/0.30.0/yamcs-core-0.30.0-sources.jar
/home/travis/.m2/repository/org/yamcs/yamcs-core/maven-metadata-local.xml
/home/travis/.m2/repository/org/yamcs/yamcs/maven-metadata-local.xml
/home/travis/.m2/repository/org/yamcs/yamcs-simulation/0.30.0/_remote.repositories
/home/travis/.m2/repository/org/yamcs/yamcs-simulation/0.30.0/yamcs-simulation-0.30.0.jar
/home/travis/.m2/repository/org/yamcs/yamcs-simulation/0.30.0/y
[0m
[32;1m...
[0m
[32;1mchanges detected, packing new archive[0m
[32;1muploading archive[0m

travis_time:end:0aff1b20:start=1476869117392485478,finish=1476869122025551789,duration=4633066311[0Ktravis_fold:end:cache.2[0K
Done. Your build exited with 0.
