Using worker: worker-linux-docker-68dc9f91.prod.travis-ci.org:travis-linux-1

travis_fold:start:system_info[0K[33;1mBuild system information[0m
Build language: java
Build group: stable
Build dist: precise
[34m[1mBuild image provisioning date and time[0m
Thu Feb  5 15:09:33 UTC 2015
[34m[1mOperating System Details[0m
Distributor ID:	Ubuntu
Description:	Ubuntu 12.04.5 LTS
Release:	12.04
Codename:	precise
[34m[1mLinux Version[0m
3.13.0-29-generic
[34m[1mCookbooks Version[0m
a68419e https://github.com/travis-ci/travis-cookbooks/tree/a68419e
[34m[1mGCC version[0m
gcc (Ubuntu/Linaro 4.6.3-1ubuntu5) 4.6.3
Copyright (C) 2011 Free Software Foundation, Inc.
This is free software; see the source for copying conditions.  There is NO
warranty; not even for MERCHANTABILITY or FITNESS FOR A PARTICULAR PURPOSE.

[34m[1mLLVM version[0m
clang version 3.4 (tags/RELEASE_34/final)
Target: x86_64-unknown-linux-gnu
Thread model: posix
[34m[1mPre-installed Ruby versions[0m
ruby-1.9.3-p551
[34m[1mPre-installed Node.js versions[0m
v0.10.36
[34m[1mPre-installed Go versions[0m
1.4.1
[34m[1mRedis version[0m
redis-server 2.8.19
[34m[1mriak version[0m
2.0.2
[34m[1mMongoDB version[0m
MongoDB 2.4.12
[34m[1mCouchDB version[0m
couchdb 1.6.1
[34m[1mNeo4j version[0m
1.9.4
[34m[1mRabbitMQ Version[0m
3.4.3
[34m[1mElasticSearch version[0m
1.4.0
[34m[1mInstalled Sphinx versions[0m
2.0.10
2.1.9
2.2.6
[34m[1mDefault Sphinx version[0m
2.2.6
[34m[1mInstalled Firefox version[0m
firefox 31.0esr
[34m[1mPhantomJS version[0m
1.9.8
[34m[1mant -version[0m
Apache Ant(TM) version 1.8.2 compiled on December 3 2011
[34m[1mmvn -version[0m
Apache Maven 3.2.5 (12a6b3acb947671f09b81f49094c53f426d8cea1; 2014-12-14T17:29:23+00:00)
Maven home: /usr/local/maven
Java version: 1.7.0_76, vendor: Oracle Corporation
Java home: /usr/lib/jvm/java-7-oracle/jre
Default locale: en_US, platform encoding: ANSI_X3.4-1968
OS name: "linux", version: "3.13.0-29-generic", arch: "amd64", family: "unix"
travis_fold:end:system_info[0K
travis_fold:start:git.checkout[0Ktravis_time:start:18869f2c[0K$ git clone --depth=50 --branch=feature/574-bytecode https://github.com/Whiley/WhileyCompiler.git Whiley/WhileyCompiler
Cloning into 'Whiley/WhileyCompiler'...
remote: Counting objects: 8163, done.[K
remote: Compressing objects:   0% (1/5118)   [Kremote: Compressing objects:   1% (52/5118)   [Kremote: Compressing objects:   2% (103/5118)   [Kremote: Compressing objects:   3% (154/5118)   [Kremote: Compressing objects:   4% (205/5118)   [Kremote: Compressing objects:   5% (256/5118)   [Kremote: Compressing objects:   6% (308/5118)   [Kremote: Compressing objects:   7% (359/5118)   [Kremote: Compressing objects:   8% (410/5118)   [Kremote: Compressing objects:   9% (461/5118)   [Kremote: Compressing objects:  10% (512/5118)   [Kremote: Compressing objects:  11% (563/5118)   [Kremote: Compressing objects:  12% (615/5118)   [Kremote: Compressing objects:  13% (666/5118)   [Kremote: Compressing objects:  14% (717/5118)   [Kremote: Compressing objects:  15% (768/5118)   [Kremote: Compressing objects:  16% (819/5118)   [Kremote: Compressing objects:  17% (871/5118)   [Kremote: Compressing objects:  18% (922/5118)   [Kremote: Compressing objects:  19% (973/5118)   [Kremote: Compressing objects:  20% (1024/5118)   [Kremote: Compressing objects:  21% (1075/5118)   [Kremote: Compressing objects:  22% (1126/5118)   [Kremote: Compressing objects:  23% (1178/5118)   [Kremote: Compressing objects:  24% (1229/5118)   [Kremote: Compressing objects:  25% (1280/5118)   [Kremote: Compressing objects:  26% (1331/5118)   [Kremote: Compressing objects:  27% (1382/5118)   [Kremote: Compressing objects:  28% (1434/5118)   [Kremote: Compressing objects:  29% (1485/5118)   [Kremote: Compressing objects:  30% (1536/5118)   [Kremote: Compressing objects:  31% (1587/5118)   [Kremote: Compressing objects:  32% (1638/5118)   [Kremote: Compressing objects:  33% (1689/5118)   [Kremote: Compressing objects:  34% (1741/5118)   [Kremote: Compressing objects:  35% (1792/5118)   [Kremote: Compressing objects:  36% (1843/5118)   [Kremote: Compressing objects:  37% (1894/5118)   [Kremote: Compressing objects:  38% (1945/5118)   [Kremote: Compressing objects:  39% (1997/5118)   [Kremote: Compressing objects:  40% (2048/5118)   [Kremote: Compressing objects:  41% (2099/5118)   [Kremote: Compressing objects:  42% (2150/5118)   [Kremote: Compressing objects:  43% (2201/5118)   [Kremote: Compressing objects:  44% (2252/5118)   [Kremote: Compressing objects:  45% (2304/5118)   [Kremote: Compressing objects:  46% (2355/5118)   [Kremote: Compressing objects:  47% (2406/5118)   [Kremote: Compressing objects:  48% (2457/5118)   [Kremote: Compressing objects:  49% (2508/5118)   [Kremote: Compressing objects:  50% (2559/5118)   [Kremote: Compressing objects:  51% (2611/5118)   [Kremote: Compressing objects:  52% (2662/5118)   [Kremote: Compressing objects:  53% (2713/5118)   [Kremote: Compressing objects:  54% (2764/5118)   [Kremote: Compressing objects:  55% (2815/5118)   [Kremote: Compressing objects:  56% (2867/5118)   [Kremote: Compressing objects:  57% (2918/5118)   [Kremote: Compressing objects:  58% (2969/5118)   [Kremote: Compressing objects:  59% (3020/5118)   [Kremote: Compressing objects:  60% (3071/5118)   [Kremote: Compressing objects:  61% (3122/5118)   [Kremote: Compressing objects:  62% (3174/5118)   [Kremote: Compressing objects:  63% (3225/5118)   [Kremote: Compressing objects:  64% (3276/5118)   [Kremote: Compressing objects:  65% (3327/5118)   [Kremote: Compressing objects:  66% (3378/5118)   [Kremote: Compressing objects:  67% (3430/5118)   [Kremote: Compressing objects:  68% (3481/5118)   [Kremote: Compressing objects:  69% (3532/5118)   [Kremote: Compressing objects:  70% (3583/5118)   [Kremote: Compressing objects:  71% (3634/5118)   [Kremote: Compressing objects:  72% (3685/5118)   [Kremote: Compressing objects:  73% (3737/5118)   [Kremote: Compressing objects:  74% (3788/5118)   [Kremote: Compressing objects:  75% (3839/5118)   [Kremote: Compressing objects:  76% (3890/5118)   [Kremote: Compressing objects:  77% (3941/5118)   [Kremote: Compressing objects:  78% (3993/5118)   [Kremote: Compressing objects:  79% (4044/5118)   [Kremote: Compressing objects:  80% (4095/5118)   [Kremote: Compressing objects:  81% (4146/5118)   [Kremote: Compressing objects:  82% (4197/5118)   [Kremote: Compressing objects:  83% (4248/5118)   [Kremote: Compressing objects:  84% (4300/5118)   [Kremote: Compressing objects:  85% (4351/5118)   [Kremote: Compressing objects:  86% (4402/5118)   [Kremote: Compressing objects:  87% (4453/5118)   [Kremote: Compressing objects:  88% (4504/5118)   [Kremote: Compressing objects:  89% (4556/5118)   [Kremote: Compressing objects:  90% (4607/5118)   [Kremote: Compressing objects:  91% (4658/5118)   [Kremote: Compressing objects:  92% (4709/5118)   [Kremote: Compressing objects:  93% (4760/5118)   [Kremote: Compressing objects:  94% (4811/5118)   [Kremote: Compressing objects:  95% (4863/5118)   [Kremote: Compressing objects:  96% (4914/5118)   [Kremote: Compressing objects:  97% (4965/5118)   [Kremote: Compressing objects:  98% (5016/5118)   [Kremote: Compressing objects:  99% (5067/5118)   [Kremote: Compressing objects: 100% (5118/5118)   [Kremote: Compressing objects: 100% (5118/5118), done.[K
Receiving objects:   0% (1/8163)   Receiving objects:   1% (82/8163)   Receiving objects:   2% (164/8163)   Receiving objects:   3% (245/8163)   Receiving objects:   4% (327/8163)   Receiving objects:   5% (409/8163)   Receiving objects:   6% (490/8163)   Receiving objects:   7% (572/8163)   Receiving objects:   8% (654/8163)   Receiving objects:   9% (735/8163)   Receiving objects:  10% (817/8163)   Receiving objects:  11% (898/8163)   Receiving objects:  12% (980/8163)   Receiving objects:  13% (1062/8163)   Receiving objects:  14% (1143/8163)   Receiving objects:  15% (1225/8163)   Receiving objects:  16% (1307/8163)   Receiving objects:  17% (1388/8163)   Receiving objects:  18% (1470/8163)   Receiving objects:  19% (1551/8163)   Receiving objects:  20% (1633/8163)   Receiving objects:  21% (1715/8163)   Receiving objects:  22% (1796/8163)   Receiving objects:  23% (1878/8163)   Receiving objects:  24% (1960/8163)   Receiving objects:  25% (2041/8163)   Receiving objects:  26% (2123/8163)   Receiving objects:  27% (2205/8163)   Receiving objects:  28% (2286/8163)   Receiving objects:  29% (2368/8163)   Receiving objects:  30% (2449/8163)   Receiving objects:  31% (2531/8163)   Receiving objects:  32% (2613/8163)   Receiving objects:  33% (2694/8163)   Receiving objects:  34% (2776/8163)   Receiving objects:  35% (2858/8163)   Receiving objects:  36% (2939/8163)   Receiving objects:  37% (3021/8163)   Receiving objects:  38% (3102/8163)   Receiving objects:  39% (3184/8163)   Receiving objects:  40% (3266/8163)   Receiving objects:  41% (3347/8163)   Receiving objects:  42% (3429/8163)   Receiving objects:  43% (3511/8163)   Receiving objects:  44% (3592/8163)   Receiving objects:  45% (3674/8163)   Receiving objects:  46% (3755/8163)   Receiving objects:  47% (3837/8163)   Receiving objects:  48% (3919/8163)   Receiving objects:  49% (4000/8163)   Receiving objects:  50% (4082/8163)   Receiving objects:  51% (4164/8163)   Receiving objects:  52% (4245/8163)   Receiving objects:  53% (4327/8163)   Receiving objects:  54% (4409/8163)   Receiving objects:  55% (4490/8163)   Receiving objects:  56% (4572/8163)   Receiving objects:  57% (4653/8163)   Receiving objects:  58% (4735/8163)   Receiving objects:  59% (4817/8163)   Receiving objects:  60% (4898/8163)   Receiving objects:  61% (4980/8163)   Receiving objects:  62% (5062/8163)   Receiving objects:  63% (5143/8163)   Receiving objects:  64% (5225/8163)   Receiving objects:  65% (5306/8163)   Receiving objects:  66% (5388/8163)   Receiving objects:  67% (5470/8163)   Receiving objects:  68% (5551/8163)   Receiving objects:  69% (5633/8163)   Receiving objects:  70% (5715/8163)   Receiving objects:  71% (5796/8163)   Receiving objects:  72% (5878/8163)   Receiving objects:  73% (5959/8163)   Receiving objects:  74% (6041/8163)   Receiving objects:  75% (6123/8163)   Receiving objects:  76% (6204/8163)   Receiving objects:  77% (6286/8163)   Receiving objects:  78% (6368/8163)   Receiving objects:  79% (6449/8163)   Receiving objects:  80% (6531/8163)   Receiving objects:  81% (6613/8163)   Receiving objects:  82% (6694/8163)   Receiving objects:  83% (6776/8163)   Receiving objects:  84% (6857/8163)   Receiving objects:  85% (6939/8163)   Receiving objects:  86% (7021/8163)   Receiving objects:  87% (7102/8163)   Receiving objects:  88% (7184/8163)   Receiving objects:  89% (7266/8163)   Receiving objects:  90% (7347/8163)   Receiving objects:  91% (7429/8163)   Receiving objects:  92% (7510/8163)   Receiving objects:  93% (7592/8163)   Receiving objects:  94% (7674/8163)   Receiving objects:  95% (7755/8163)   remote: Total 8163 (delta 3708), reused 6530 (delta 2489), pack-reused 0[K
Receiving objects:  96% (7837/8163)   Receiving objects:  97% (7919/8163)   Receiving objects:  98% (8000/8163)   Receiving objects:  99% (8082/8163)   Receiving objects: 100% (8163/8163)   Receiving objects: 100% (8163/8163), 7.30 MiB | 0 bytes/s, done.
Resolving deltas:   0% (0/3708)   Resolving deltas:   1% (40/3708)   Resolving deltas:   2% (76/3708)   Resolving deltas:   3% (130/3708)   Resolving deltas:   4% (161/3708)   Resolving deltas:   5% (186/3708)   Resolving deltas:   6% (226/3708)   Resolving deltas:   7% (264/3708)   Resolving deltas:   8% (299/3708)   Resolving deltas:   9% (339/3708)   Resolving deltas:  11% (429/3708)   Resolving deltas:  12% (457/3708)   Resolving deltas:  13% (485/3708)   Resolving deltas:  14% (529/3708)   Resolving deltas:  15% (557/3708)   Resolving deltas:  16% (599/3708)   Resolving deltas:  17% (643/3708)   Resolving deltas:  18% (676/3708)   Resolving deltas:  19% (707/3708)   Resolving deltas:  20% (742/3708)   Resolving deltas:  21% (783/3708)   Resolving deltas:  22% (817/3708)   Resolving deltas:  23% (866/3708)   Resolving deltas:  24% (891/3708)   Resolving deltas:  25% (935/3708)   Resolving deltas:  26% (965/3708)   Resolving deltas:  27% (1004/3708)   Resolving deltas:  28% (1042/3708)   Resolving deltas:  29% (1078/3708)   Resolving deltas:  30% (1114/3708)   Resolving deltas:  31% (1150/3708)   Resolving deltas:  32% (1187/3708)   Resolving deltas:  33% (1230/3708)   Resolving deltas:  34% (1265/3708)   Resolving deltas:  35% (1298/3708)   Resolving deltas:  36% (1339/3708)   Resolving deltas:  37% (1372/3708)   Resolving deltas:  38% (1411/3708)   Resolving deltas:  39% (1447/3708)   Resolving deltas:  40% (1489/3708)   Resolving deltas:  41% (1522/3708)   Resolving deltas:  42% (1558/3708)   Resolving deltas:  43% (1596/3708)   Resolving deltas:  44% (1633/3708)   Resolving deltas:  45% (1671/3708)   Resolving deltas:  46% (1709/3708)   Resolving deltas:  47% (1743/3708)   Resolving deltas:  48% (1780/3708)   Resolving deltas:  49% (1817/3708)   Resolving deltas:  50% (1857/3708)   Resolving deltas:  51% (1892/3708)   Resolving deltas:  52% (1930/3708)   Resolving deltas:  53% (1966/3708)   Resolving deltas:  54% (2004/3708)   Resolving deltas:  55% (2040/3708)   Resolving deltas:  56% (2082/3708)   Resolving deltas:  57% (2115/3708)   Resolving deltas:  58% (2152/3708)   Resolving deltas:  59% (2189/3708)   Resolving deltas:  60% (2225/3708)   Resolving deltas:  61% (2263/3708)   Resolving deltas:  63% (2347/3708)   Resolving deltas:  64% (2378/3708)   Resolving deltas:  65% (2412/3708)   Resolving deltas:  66% (2467/3708)   Resolving deltas:  68% (2522/3708)   Resolving deltas:  69% (2559/3708)   Resolving deltas:  70% (2602/3708)   Resolving deltas:  71% (2633/3708)   Resolving deltas:  72% (2670/3708)   Resolving deltas:  73% (2708/3708)   Resolving deltas:  74% (2745/3708)   Resolving deltas:  75% (2783/3708)   Resolving deltas:  76% (2819/3708)   Resolving deltas:  77% (2858/3708)   Resolving deltas:  78% (2903/3708)   Resolving deltas:  79% (2930/3708)   Resolving deltas:  80% (2968/3708)   Resolving deltas:  81% (3004/3708)   Resolving deltas:  82% (3042/3708)   Resolving deltas:  83% (3078/3708)   Resolving deltas:  84% (3115/3708)   Resolving deltas:  85% (3152/3708)   Resolving deltas:  86% (3193/3708)   Resolving deltas:  87% (3226/3708)   Resolving deltas:  88% (3265/3708)   Resolving deltas:  89% (3301/3708)   Resolving deltas:  90% (3338/3708)   Resolving deltas:  91% (3375/3708)   Resolving deltas:  92% (3412/3708)   Resolving deltas:  93% (3449/3708)   Resolving deltas:  94% (3487/3708)   Resolving deltas:  95% (3523/3708)   Resolving deltas:  96% (3560/3708)   Resolving deltas:  97% (3597/3708)   Resolving deltas:  98% (3634/3708)   Resolving deltas:  99% (3671/3708)   Resolving deltas: 100% (3708/3708)   Resolving deltas: 100% (3708/3708), done.
Checking connectivity... done.

travis_time:end:18869f2c:start=1453885517635767757,finish=1453885519162708698,duration=1526940941[0K$ cd Whiley/WhileyCompiler
$ git checkout -qf 9b5af51dd23aca055bb48b90a38b353347a88e49
travis_fold:end:git.checkout[0K
[33;1mThis job is running on container-based infrastructure, which does not allow use of 'sudo', setuid and setguid executables.[0m
[33;1mIf you require sudo, add 'sudo: required' to your .travis.yml[0m
[33;1mSee https://docs.travis-ci.com/user/workers/container-based-infrastructure/ for details.[0m
$ jdk_switcher use openjdk7
Switching to OpenJDK7 (java-1.7.0-openjdk-amd64), JAVA_HOME will be set to /usr/lib/jvm/java-7-openjdk-amd64
$ java -Xmx32m -version
java version "1.7.0_75"
OpenJDK Runtime Environment (IcedTea 2.5.4) (7u75-2.5.4-1~precise1)
OpenJDK 64-Bit Server VM (build 24.75-b04, mixed mode)
$ javac -J-Xmx32m -version
javac 1.7.0_75
travis_time:start:06bba550[0K$ ant build-all test-all
Buildfile: /home/travis/build/Whiley/WhileyCompiler/build.xml
[maven:dependencies] Downloading: junit/junit/4.12/junit-4.12.pom from repository central at http://repo.maven.apache.org/maven2
[maven:dependencies] Transferring 23K from central
[maven:dependencies] Downloading: org/hamcrest/hamcrest-core/1.3/hamcrest-core-1.3.pom from repository central at http://repo.maven.apache.org/maven2
[maven:dependencies] Transferring 1K from central
[maven:dependencies] Downloading: org/hamcrest/hamcrest-parent/1.3/hamcrest-parent-1.3.pom from repository central at http://repo.maven.apache.org/maven2
[maven:dependencies] Transferring 2K from central
[maven:dependencies] Downloading: junit/junit/4.12/junit-4.12.jar from repository central at http://repo.maven.apache.org/maven2
[maven:dependencies] Downloading: org/hamcrest/hamcrest-core/1.3/hamcrest-core-1.3.jar from repository central at http://repo.maven.apache.org/maven2
[maven:dependencies] Transferring 308K from central
[maven:dependencies] Transferring 44K from central

build-all:

compile-wybs:
    [javac] Compiling 29 source files
    [javac] Note: Some input files use unchecked or unsafe operations.
    [javac] Note: Recompile with -Xlint:unchecked for details.
    [javac] Note: Some input files use unchecked or unsafe operations.

build:
    [mkdir] Created dir: /home/travis/build/Whiley/WhileyCompiler/modules/wybs/tmp
      [jar] Building jar: /home/travis/build/Whiley/WhileyCompiler/lib/wybs-v0.3.37.jar
   [delete] Deleting directory /home/travis/build/Whiley/WhileyCompiler/modules/wybs/tmp
     [echo] =============================================
     [echo] BUILT: lib/wybs-v0.3.37.jar
     [echo] =============================================

compile-wycs:
     [wyrl] Compiling wyrl file (2 modified dependencies)
     [wyrl] Compiling wyrl file (7 modified dependencies)
    [javac] Compiling 39 source files
    [javac] Note: Some input files use unchecked or unsafe operations.
    [javac] Note: Recompile with -Xlint:unchecked for details.
     [wycs] Compiled 1 source file(s)

build:
    [mkdir] Created dir: /home/travis/build/Whiley/WhileyCompiler/modules/wycs/tmp
      [jar] Building jar: /home/travis/build/Whiley/WhileyCompiler/lib/wycs-v0.3.37.jar
   [delete] Deleting directory /home/travis/build/Whiley/WhileyCompiler/modules/wycs/tmp
     [echo] =============================================
     [echo] BUILT: lib/wycs-v0.3.37.jar
     [echo] =============================================

compile-wyil:
    [javac] Compiling 57 source files
    [javac] Note: Some input files use unchecked or unsafe operations.
    [javac] Note: Recompile with -Xlint:unchecked for details.

build:
    [mkdir] Created dir: /home/travis/build/Whiley/WhileyCompiler/modules/wyil/tmp
      [jar] Building jar: /home/travis/build/Whiley/WhileyCompiler/lib/wyil-v0.3.37.jar
   [delete] Deleting directory /home/travis/build/Whiley/WhileyCompiler/modules/wyil/tmp
     [echo] =============================================
     [echo] BUILT: lib/wyil-v0.3.37.jar
     [echo] =============================================

compile-wyc:
    [javac] Compiling 15 source files
    [javac] Note: Some input files use unchecked or unsafe operations.
    [javac] Note: Recompile with -Xlint:unchecked for details.

build:
    [mkdir] Created dir: /home/travis/build/Whiley/WhileyCompiler/modules/wyc/tmp
      [jar] Building jar: /home/travis/build/Whiley/WhileyCompiler/lib/wyc-v0.3.37.jar
   [delete] Deleting directory /home/travis/build/Whiley/WhileyCompiler/modules/wyc/tmp
     [echo] =============================================
     [echo] BUILT: lib/wyc-v0.3.37.jar
     [echo] =============================================

compile-wyrt:
      [wyc] Compiled 12 source file(s)

build:
      [jar] Building jar: /home/travis/build/Whiley/WhileyCompiler/lib/wyrt-v0.3.37.jar
     [echo] =============================================
     [echo] BUILT: lib/wyrt-v0.3.37.jar
     [echo] =============================================

compile-wyjc:
    [javac] Compiling 17 source files
    [javac] Note: Some input files use unchecked or unsafe operations.
    [javac] Note: Recompile with -Xlint:unchecked for details.
     [wyjc] Compiled 12 source file(s)

build:
    [mkdir] Created dir: /home/travis/build/Whiley/WhileyCompiler/modules/wyjc/tmp
      [jar] Building jar: /home/travis/build/Whiley/WhileyCompiler/lib/wyjc-v0.3.37.jar
   [delete] Deleting directory /home/travis/build/Whiley/WhileyCompiler/modules/wyjc/tmp
     [echo] =============================================
     [echo] BUILT: lib/wyjc-v0.3.37.jar
     [echo] =============================================

build-all:

compile-wybs:

build:
    [mkdir] Created dir: /home/travis/build/Whiley/WhileyCompiler/modules/wybs/tmp
   [delete] Deleting directory /home/travis/build/Whiley/WhileyCompiler/modules/wybs/tmp
     [echo] =============================================
     [echo] BUILT: lib/wybs-v0.3.37.jar
     [echo] =============================================

compile-wycs:
     [wyrl] Compiling 0 wyrl file(s)
     [wyrl] Compiling 0 wyrl file(s)
     [wycs] Compiled 0 source file(s)

build:
    [mkdir] Created dir: /home/travis/build/Whiley/WhileyCompiler/modules/wycs/tmp
   [delete] Deleting directory /home/travis/build/Whiley/WhileyCompiler/modules/wycs/tmp
     [echo] =============================================
     [echo] BUILT: lib/wycs-v0.3.37.jar
     [echo] =============================================

compile-wyil:

build:
    [mkdir] Created dir: /home/travis/build/Whiley/WhileyCompiler/modules/wyil/tmp
   [delete] Deleting directory /home/travis/build/Whiley/WhileyCompiler/modules/wyil/tmp
     [echo] =============================================
     [echo] BUILT: lib/wyil-v0.3.37.jar
     [echo] =============================================

compile-wyc:

build:
    [mkdir] Created dir: /home/travis/build/Whiley/WhileyCompiler/modules/wyc/tmp
   [delete] Deleting directory /home/travis/build/Whiley/WhileyCompiler/modules/wyc/tmp
     [echo] =============================================
     [echo] BUILT: lib/wyc-v0.3.37.jar
     [echo] =============================================

compile-wyrt:
      [wyc] Compiled 0 source file(s)

build:
     [echo] =============================================
     [echo] BUILT: lib/wyrt-v0.3.37.jar
     [echo] =============================================

compile-wyjc:
     [wyjc] Compiled 0 source file(s)

build:
    [mkdir] Created dir: /home/travis/build/Whiley/WhileyCompiler/modules/wyjc/tmp
   [delete] Deleting directory /home/travis/build/Whiley/WhileyCompiler/modules/wyjc/tmp
     [echo] =============================================
     [echo] BUILT: lib/wyjc-v0.3.37.jar
     [echo] =============================================

test-all:

test:

test:

test:

compile-wyc:

test-compile-wyc:
    [javac] Compiling 4 source files
    [javac] Note: /home/travis/build/Whiley/WhileyCompiler/modules/wyc/src/wyc/testing/TestUtils.java uses unchecked or unsafe operations.
    [javac] Note: Recompile with -Xlint:unchecked for details.

test:
    [junit] Running wyc.testing.AllInvalidTests
    [junit] Testsuite: wyc.testing.AllInvalidTests
    [junit] Tests run: 164, Failures: 0, Errors: 0, Time elapsed: 26.189 sec
    [junit] Tests run: 164, Failures: 0, Errors: 0, Time elapsed: 26.189 sec
    [junit] ------------- Standard Error -----------------
    [junit] WARNING: version numbering unavailable
    [junit] ------------- ---------------- ---------------
    [junit] 
    [junit] Testcase: RealAdd_Invalid_1 took 0.197 sec
    [junit] Testcase: RealConvert_Invalid_1 took 0.708 sec
    [junit] Testcase: RealConvert_Invalid_2 took 0.012 sec
    [junit] Testcase: Coercion_Invalid_1 took 0.327 sec
    [junit] Testcase: Coercion_Invalid_2 took 0.027 sec
    [junit] Testcase: RecursiveType_Invalid_3 took 0.017 sec
    [junit] Testcase: RecursiveType_Invalid_5 took 0.026 sec
    [junit] Testcase: Parameter_Invalid_1 took 0.004 sec
    [junit] Testcase: Parameter_Invalid_2 took 0.004 sec
    [junit] Testcase: Return_Invalid_10 took 0.004 sec
    [junit] Testcase: Return_Invalid_11 took 0.004 sec
    [junit] Testcase: TupleDefine_Invalid_1 took 0.008 sec
    [junit] Testcase: ListAssign_Invalid_1 took 0.006 sec
    [junit] Testcase: Assign_Invalid_1 took 0.004 sec
    [junit] Testcase: Assign_Invalid_2 took 0.004 sec
    [junit] Testcase: Assign_Invalid_3 took 0.009 sec
    [junit] Testcase: Assign_Invalid_4 took 0.006 sec
    [junit] Testcase: Assign_Invalid_5 took 0.003 sec
    [junit] Testcase: Assign_Invalid_6 took 0.004 sec
    [junit] Testcase: Assign_Invalid_7 took 0.004 sec
    [junit] Testcase: Assign_Invalid_8 took 0.003 sec
    [junit] Testcase: Assign_Invalid_9 took 0.005 sec
    [junit] Testcase: XOR_Invalid_1 took 0.003 sec
    [junit] Testcase: Record_Invalid_1 took 0.007 sec
    [junit] Testcase: Record_Invalid_2 took 0.006 sec
    [junit] Testcase: Record_Invalid_3 took 0.006 sec
    [junit] Testcase: Switch_Invalid_1 took 0.005 sec
    [junit] Testcase: Switch_Invalid_2 took 0.006 sec
    [junit] Testcase: Switch_Invalid_3 took 0.005 sec
    [junit] Testcase: Switch_Invalid_4 took 0.005 sec
    [junit] Testcase: Switch_Invalid_5 took 0.007 sec
    [junit] Testcase: Switch_Invalid_7 took 0.003 sec
    [junit] Testcase: ConstrainedInt_Invalid_2 took 0.44 sec
    [junit] Testcase: ConstrainedInt_Invalid_3 took 0.386 sec
    [junit] Testcase: ConstrainedInt_Invalid_4 took 0.6 sec
    [junit] Testcase: ConstrainedInt_Invalid_5 took 0.555 sec
    [junit] Testcase: ConstrainedInt_Invalid_6 took 0.421 sec
    [junit] Testcase: Assert_Invalid_1 took 0.004 sec
    [junit] Testcase: Assert_Invalid_2 took 0.358 sec
    [junit] Testcase: MethodCall_Invalid_1 took 0.005 sec
    [junit] Testcase: MethodCall_Invalid_2 took 0.005 sec
    [junit] Testcase: MethodCall_Invalid_3 took 0.003 sec
    [junit] Testcase: MethodCall_Invalid_4 took 0.085 sec
    [junit] Testcase: MethodCall_Invalid_5 took 0.155 sec
    [junit] Testcase: MethodCall_Invalid_6 took 0.061 sec
    [junit] Testcase: MethodCall_Invalid_7 took 0.08 sec
    [junit] Testcase: MethodCall_Invalid_8 took 0.041 sec
    [junit] Testcase: While_Invalid_1 took 0.005 sec
    [junit] Testcase: While_Invalid_2 took 0.005 sec
    [junit] Testcase: While_Invalid_3 took 0.004 sec
    [junit] Testcase: While_Invalid_4 took 0.004 sec
    [junit] Testcase: While_Invalid_5 took 0.004 sec
    [junit] Testcase: While_Invalid_6 took 0.003 sec
    [junit] Testcase: While_Invalid_7 took 0.564 sec
    [junit] Testcase: While_Invalid_8 took 0.501 sec
    [junit] Testcase: While_Invalid_9 took 0.004 sec
    [junit] Testcase: While_Invalid_10 took 0.853 sec
    [junit] Testcase: While_Invalid_11 took 0.701 sec
    [junit] Testcase: While_Invalid_13 took 0.408 sec
    [junit] Testcase: ConstrainedList_Invalid_1 took 0.681 sec
    [junit] Testcase: Quantifiers_Invalid_1 took 0.492 sec
    [junit] Testcase: Quantifiers_Invalid_2 took 0.642 sec
    [junit] Testcase: Quantifiers_Invalid_3 took 0.689 sec
    [junit] Testcase: Quantifiers_Invalid_4 took 0.478 sec
    [junit] Testcase: Quantifiers_Invalid_5 took 0.766 sec
    [junit] Testcase: Quantifiers_Invalid_6 took 0.433 sec
    [junit] Testcase: Quantifiers_Invalid_7 took 0.572 sec
    [junit] Testcase: Quantifiers_Invalid_8 took 0.918 sec
    [junit] Testcase: Byte_Invalid_1 took 0.003 sec
    [junit] Testcase: Requires_Invalid_1 took 0.478 sec
    [junit] Testcase: Constant_Invalid_2 took 0.004 sec
    [junit] Testcase: UnionType_Invalid_1 took 0.004 sec
    [junit] Testcase: UnionType_Invalid_2 took 0.004 sec
    [junit] Testcase: UnionType_Invalid_3 took 0.005 sec
    [junit] Testcase: UnionType_Invalid_4 took 0.006 sec
    [junit] Testcase: UnionType_Invalid_5 took 0.015 sec
    [junit] Testcase: UnionType_Invalid_6 took 0.005 sec
    [junit] Testcase: TypeEquals_Invalid_1 took 0.005 sec
    [junit] Testcase: TypeEquals_Invalid_2 took 0.003 sec
    [junit] Testcase: TypeEquals_Invalid_6 took 0.514 sec
    [junit] Testcase: RealDiv_Invalid_1 took 0.005 sec
    [junit] Testcase: RealDiv_Invalid_2 took 0.349 sec
    [junit] Testcase: ListGenerator_Invalid_1 took 0.448 sec
    [junit] Testcase: ListGenerator_Invalid_2 took 0.393 sec
    [junit] Testcase: ListGenerator_Invalid_3 took 0.329 sec
    [junit] Testcase: ListGenerator_Invalid_4 took 0.378 sec
    [junit] Testcase: ListLength_Invalid_1 took 0.36 sec
    [junit] Testcase: ListLength_Invalid_3 took 0.449 sec
    [junit] Testcase: Ensures_Invalid_1 took 0.32 sec
    [junit] Testcase: Ensures_Invalid_2 took 0.473 sec
    [junit] Testcase: Ensures_Invalid_3 took 0.42 sec
    [junit] Testcase: Process_Invalid_1 took 0.004 sec
    [junit] Testcase: Cast_Invalid_1 took 0.003 sec
    [junit] Testcase: Cast_Invalid_2 took 0.009 sec
    [junit] Testcase: Cast_Invalid_3 took 0.004 sec
    [junit] Testcase: Cast_Invalid_4 took 0.005 sec
    [junit] Testcase: IntDiv_Invalid_1 took 0.537 sec
    [junit] Testcase: ListConversion_Invalid_1 took 0.004 sec
    [junit] Testcase: Return_Invalid_1 took 0.003 sec
    [junit] Testcase: Return_Invalid_2 took 0.002 sec
    [junit] Testcase: Return_Invalid_3 took 0.002 sec
    [junit] Testcase: Return_Invalid_4 took 0.002 sec
    [junit] Testcase: Return_Invalid_5 took 0.002 sec
    [junit] Testcase: Return_Invalid_6 took 0.003 sec
    [junit] Testcase: Return_Invalid_7 took 0.002 sec
    [junit] Testcase: Return_Invalid_8 took 0.003 sec
    [junit] Testcase: Return_Invalid_9 took 0.003 sec
    [junit] Testcase: VarDecl_Invalid_1 took 0.003 sec
    [junit] Testcase: VarDecl_Invalid_2 took 0.534 sec
    [junit] Testcase: VarDecl_Invalid_3 took 0.002 sec
    [junit] Testcase: If_Invalid_1 took 0.003 sec
    [junit] Testcase: If_Invalid_2 took 0.003 sec
    [junit] Testcase: If_Invalid_4 took 0.002 sec
    [junit] Testcase: If_Invalid_5 took 0.003 sec
    [junit] Testcase: FunctionRef_Invalid_1 took 0.002 sec
    [junit] Testcase: FunctionRef_Invalid_2 took 0.003 sec
    [junit] Testcase: FunctionRef_Invalid_3 took 0.002 sec
    [junit] Testcase: FunctionRef_Invalid_4 took 0.005 sec
    [junit] Testcase: FunctionRef_Invalid_5 took 0.005 sec
    [junit] Testcase: FunctionRef_Invalid_6 took 0.003 sec
    [junit] Testcase: FunctionRef_Invalid_7 took 0.004 sec
    [junit] Testcase: MultiAssign_Invalid_1 took 0.004 sec
    [junit] Testcase: ConstrainedRecord_Invalid_1 took 0.586 sec
    [junit] Testcase: NegationType_Invalid_1 took 0.003 sec
    [junit] Testcase: NegationType_Invalid_3 took 0.02 sec
    [junit] Testcase: ProcessAccess_Invalid_1 took 0.004 sec
    [junit] Testcase: ProcessAccess_Invalid_2 took 0.004 sec
    [junit] Testcase: ProcessAccess_Invalid_3 took 0.004 sec
    [junit] Testcase: Remainder_Invalid_1 took 0.003 sec
    [junit] Testcase: Remainder_Invalid_2 took 0.003 sec
    [junit] Testcase: Remainder_Invalid_3 took 0.002 sec
    [junit] Testcase: Import_Invalid_1 took 0.003 sec
    [junit] Testcase: ListEmpty_Invalid_1 took 0.004 sec
    [junit] Testcase: ListEmpty_Invalid_2 took 0.635 sec
    [junit] Testcase: OpenRecord_Invalid_3 took 0.006 sec
    [junit] Testcase: OpenRecord_Invalid_4 took 0.004 sec
    [junit] Testcase: OpenRecord_Invalid_5 took 0.004 sec
    [junit] Testcase: OpenRecord_Invalid_6 took 0.004 sec
    [junit] Testcase: OpenRecord_Invalid_7 took 0.004 sec
    [junit] Testcase: DefiniteAssign_Invalid_1 took 0.004 sec
    [junit] Testcase: DefiniteAssign_Invalid_2 took 0.004 sec
    [junit] Testcase: DefiniteAssign_Invalid_3 took 0.003 sec
    [junit] Testcase: DefiniteAssign_Invalid_4 took 0.004 sec
    [junit] Testcase: Function_Invalid_1 took 0.003 sec
    [junit] Testcase: Function_Invalid_3 took 0.004 sec
    [junit] Testcase: Function_Invalid_4 took 0.142 sec
    [junit] Testcase: ListAccess_Invalid_1 took 0.002 sec
    [junit] Testcase: ListAccess_Invalid_2 took 0.675 sec
    [junit] Testcase: ListAccess_Invalid_3 took 0.007 sec
    [junit] Testcase: ListAccess_Invalid_4 took 0.48 sec
    [junit] Testcase: ListAccess_Invalid_5 took 0.456 sec
    [junit] Testcase: List_Invalid_1 took 0.004 sec
    [junit] Testcase: List_Invalid_2 took 0.003 sec
    [junit] Testcase: List_Invalid_3 took 0.003 sec
    [junit] Testcase: List_Invalid_4 took 0.003 sec
    [junit] Testcase: List_Invalid_5 took 0.002 sec
    [junit] Testcase: List_Invalid_6 took 0.002 sec
    [junit] Testcase: List_Invalid_7 took 0.003 sec
    [junit] Testcase: Subtype_Invalid_1 took 0.62 sec
    [junit] Testcase: Subtype_Invalid_2 took 0.478 sec
    [junit] Testcase: Subtype_Invalid_3 took 0.679 sec
    [junit] Testcase: Subtype_Invalid_4 took 0.435 sec
    [junit] Testcase: Subtype_Invalid_5 took 0.641 sec
    [junit] Testcase: Subtype_Invalid_7 took 0.467 sec
    [junit] Running wyc.testing.AllValidTests
    [junit] Testsuite: wyc.testing.AllValidTests
    [junit] Tests run: 461, Failures: 0, Errors: 0, Time elapsed: 181.995 sec
    [junit] Tests run: 461, Failures: 0, Errors: 0, Time elapsed: 181.995 sec
    [junit] ------------- Standard Error -----------------
    [junit] WARNING: version numbering unavailable
    [junit] ------------- ---------------- ---------------
    [junit] 
    [junit] Testcase: TypeEquals_Valid_1 took 0.709 sec
    [junit] Testcase: TypeEquals_Valid_2 took 0.454 sec
    [junit] Testcase: TypeEquals_Valid_3 took 0.475 sec
    [junit] Testcase: TypeEquals_Valid_5 took 0.426 sec
    [junit] Testcase: TypeEquals_Valid_6 took 0.446 sec
    [junit] Testcase: TypeEquals_Valid_7 took 0.373 sec
    [junit] Testcase: TypeEquals_Valid_8 took 0.287 sec
    [junit] Testcase: TypeEquals_Valid_9 took 0.487 sec
    [junit] Testcase: RecordAccess_Valid_1 took 0.46 sec
    [junit] Testcase: RecordAccess_Valid_2 took 0.401 sec
    [junit] Testcase: Byte_Valid_1 took 0.645 sec
    [junit] Testcase: Byte_Valid_2 took 7.02 sec
    [junit] Testcase: Byte_Valid_3 took 6.631 sec
    [junit] Testcase: Byte_Valid_4 took 6.573 sec
    [junit] Testcase: Byte_Valid_5 took 0.431 sec
    [junit] Testcase: Byte_Valid_6 took 0.467 sec
    [junit] Testcase: Byte_Valid_7 took 0.399 sec
    [junit] Testcase: Byte_Valid_8 took 0.393 sec
    [junit] Testcase: Byte_Valid_9 took 0.618 sec
    [junit] Testcase: ConstrainedList_Valid_11 took 0.467 sec
    [junit] Testcase: ConstrainedList_Valid_12 took 0.385 sec
    [junit] Testcase: ConstrainedList_Valid_14 took 0.267 sec
    [junit] Testcase: ConstrainedList_Valid_15 took 0.428 sec
    [junit] Testcase: ConstrainedList_Valid_16 took 0.295 sec
    [junit] Testcase: ConstrainedList_Valid_17 took 0.292 sec
    [junit] Testcase: ConstrainedList_Valid_18 took 0.249 sec
    [junit] Testcase: ConstrainedList_Valid_19 took 0.293 sec
    [junit] Testcase: ConstrainedList_Valid_20 took 0.435 sec
    [junit] Testcase: ConstrainedList_Valid_21 took 0.3 sec
    [junit] Testcase: ConstrainedList_Valid_22 took 0.283 sec
    [junit] Testcase: ConstrainedList_Valid_23 took 0.332 sec
    [junit] Testcase: ConstrainedList_Valid_25 took 0.331 sec
    [junit] Testcase: ConstrainedList_Valid_26 took 0.391 sec
    [junit] Testcase: ConstrainedList_Valid_27 took 0.292 sec
    [junit] Testcase: ConstrainedList_Valid_28 took 0.3 sec
    [junit] Testcase: Resolution_Valid_1 took 0.373 sec
    [junit] Testcase: IfElse_Valid_1 took 0.386 sec
    [junit] Testcase: IfElse_Valid_2 took 0.235 sec
    [junit] Testcase: IfElse_Valid_3 took 0.25 sec
    [junit] Testcase: IfElse_Valid_4 took 0.371 sec
    [junit] Testcase: IfElse_Valid_5 took 0.306 sec
    [junit] Testcase: ListGenerator_Valid_10 took 0.418 sec
    [junit] Testcase: ListGenerator_Valid_11 took 0.396 sec
    [junit] Testcase: ListGenerator_Valid_12 took 0.398 sec
    [junit] Testcase: RecordDefine_Valid_1 took 0.331 sec
    [junit] Testcase: RecordDefine_Valid_2 took 0.472 sec
    [junit] Testcase: Function_Valid_12 took 0.42 sec
    [junit] Testcase: Function_Valid_13 took 0.427 sec
    [junit] Testcase: Function_Valid_14 took 0.36 sec
    [junit] Testcase: Function_Valid_16 took 0.455 sec
    [junit] Testcase: Function_Valid_17 took 0.308 sec
    [junit] Testcase: Function_Valid_18 took 0.34 sec
    [junit] Testcase: Function_Valid_20 took 0.381 sec
    [junit] Testcase: Function_Valid_21 took 0.382 sec
    [junit] Testcase: RecursiveType_Valid_10 took 0.435 sec
    [junit] Testcase: RecursiveType_Valid_11 took 0.467 sec
    [junit] Testcase: RecursiveType_Valid_13 took 0.268 sec
    [junit] Testcase: RecursiveType_Valid_14 took 0.217 sec
    [junit] Testcase: RecursiveType_Valid_15 took 0.199 sec
    [junit] Testcase: RecursiveType_Valid_16 took 0.463 sec
    [junit] Testcase: RecursiveType_Valid_17 took 0.392 sec
    [junit] Testcase: RecursiveType_Valid_18 took 0.479 sec
    [junit] Testcase: RecursiveType_Valid_19 took 0.297 sec
    [junit] Testcase: RecursiveType_Valid_20 took 0.308 sec
    [junit] Testcase: RecursiveType_Valid_21 took 0.184 sec
    [junit] Testcase: RecursiveType_Valid_23 took 0.238 sec
    [junit] Testcase: RecursiveType_Valid_24 took 0.271 sec
    [junit] Testcase: RecursiveType_Valid_25 took 0.31 sec
    [junit] Testcase: RecursiveType_Valid_26 took 0.3 sec
    [junit] Testcase: RecursiveType_Valid_27 took 0.355 sec
    [junit] Testcase: UnionType_Valid_10 took 0.324 sec
    [junit] Testcase: UnionType_Valid_11 took 0.406 sec
    [junit] Testcase: UnionType_Valid_12 took 0.352 sec
    [junit] Testcase: UnionType_Valid_13 took 0.274 sec
    [junit] Testcase: UnionType_Valid_14 took 0.452 sec
    [junit] Testcase: UnionType_Valid_15 took 0.37 sec
    [junit] Testcase: UnionType_Valid_16 took 0.261 sec
    [junit] Testcase: UnionType_Valid_17 took 0.308 sec
    [junit] Testcase: UnionType_Valid_18 took 0.323 sec
    [junit] Testcase: UnionType_Valid_19 took 0.276 sec
    [junit] Testcase: UnionType_Valid_20 took 0.287 sec
    [junit] Testcase: UnionType_Valid_21 took 0.327 sec
    [junit] Testcase: UnionType_Valid_22 took 0.375 sec
    [junit] Testcase: UnionType_Valid_23 took 0.226 sec
    [junit] Testcase: ListConversion_Valid_1 took 0.249 sec
    [junit] Testcase: RealDiv_Valid_1 took 0.267 sec
    [junit] Testcase: RealDiv_Valid_2 took 0.274 sec
    [junit] Testcase: RealDiv_Valid_3 took 0.246 sec
    [junit] Testcase: RealDiv_Valid_4 took 0.347 sec
    [junit] Testcase: RealDiv_Valid_5 took 0.188 sec
    [junit] Testcase: RealDiv_Valid_6 took 0.275 sec
    [junit] Testcase: RealDiv_Valid_7 took 0.331 sec
    [junit] Testcase: DoWhile_Valid_1 took 0.367 sec
    [junit] Testcase: DoWhile_Valid_2 took 0.224 sec
    [junit] Testcase: DoWhile_Valid_3 took 0.352 sec
    [junit] Testcase: DoWhile_Valid_5 took 0.348 sec
    [junit] Testcase: DoWhile_Valid_6 took 0.311 sec
    [junit] Testcase: Subtype_Valid_10 took 0.517 sec
    [junit] Testcase: Subtype_Valid_11 took 0.471 sec
    [junit] Testcase: Subtype_Valid_12 took 0.428 sec
    [junit] Testcase: Subtype_Valid_13 took 0.393 sec
    [junit] Testcase: Subtype_Valid_14 took 0.409 sec
    [junit] Testcase: Access_Valid_1 took 0.321 sec
    [junit] Testcase: Access_Valid_2 took 0.306 sec
    [junit] Testcase: ListEmpty_Valid_1 took 0.36 sec
    [junit] Testcase: ConstrainedInt_Valid_1 took 0.426 sec
    [junit] Testcase: ConstrainedInt_Valid_2 took 0.411 sec
    [junit] Testcase: ConstrainedInt_Valid_3 took 0.292 sec
    [junit] Testcase: ConstrainedInt_Valid_4 took 0.348 sec
    [junit] Testcase: ConstrainedInt_Valid_5 took 0.335 sec
    [junit] Testcase: ConstrainedInt_Valid_6 took 0.321 sec
    [junit] Testcase: ConstrainedInt_Valid_8 took 0.329 sec
    [junit] Testcase: MultiLineComment_Valid_1 took 0.336 sec
    [junit] Testcase: MultiLineComment_Valid_2 took 0.329 sec
    [junit] Testcase: Define_Valid_1 took 0.193 sec
    [junit] Testcase: Define_Valid_2 took 0.31 sec
    [junit] Testcase: Define_Valid_3 took 0.314 sec
    [junit] Testcase: Define_Valid_4 took 0.318 sec
    [junit] Testcase: While_Valid_10 took 0.313 sec
    [junit] Testcase: While_Valid_11 took 0.348 sec
    [junit] Testcase: While_Valid_12 took 0.339 sec
    [junit] Testcase: While_Valid_14 took 0.212 sec
    [junit] Testcase: While_Valid_16 took 0.274 sec
    [junit] Testcase: While_Valid_17 took 0.333 sec
    [junit] Testcase: While_Valid_18 took 0.367 sec
    [junit] Testcase: While_Valid_19 took 0.254 sec
    [junit] Testcase: While_Valid_20 took 0.327 sec
    [junit] Testcase: While_Valid_21 took 0.289 sec
    [junit] Testcase: While_Valid_22 took 0.338 sec
    [junit] Testcase: While_Valid_23 took 0.355 sec
    [junit] Testcase: While_Valid_24 took 0.36 sec
    [junit] Testcase: While_Valid_25 took 0.249 sec
    [junit] Testcase: While_Valid_26 took 0.246 sec
    [junit] Testcase: While_Valid_27 took 0.379 sec
    [junit] Testcase: While_Valid_28 took 0.296 sec
    [junit] Testcase: While_Valid_29 took 0.325 sec
    [junit] Testcase: While_Valid_30 took 0.35 sec
    [junit] Testcase: While_Valid_31 took 0.313 sec
    [junit] Testcase: While_Valid_32 took 0.43 sec
    [junit] Testcase: While_Valid_33 took 0.344 sec
    [junit] Testcase: While_Valid_34 took 0.362 sec
    [junit] Testcase: While_Valid_35 took 0.309 sec
    [junit] Testcase: While_Valid_36 took 0.355 sec
    [junit] Testcase: While_Valid_37 took 0.356 sec
    [junit] Testcase: While_Valid_38 took 0.31 sec
    [junit] Testcase: While_Valid_39 took 0.223 sec
    [junit] Testcase: While_Valid_40 took 0.314 sec
    [junit] Testcase: While_Valid_41 took 0.317 sec
    [junit] Testcase: While_Valid_42 took 0.26 sec
    [junit] Testcase: While_Valid_43 took 0.157 sec
    [junit] Testcase: While_Valid_44 took 0.365 sec
    [junit] Testcase: While_Valid_45 took 0.42 sec
    [junit] Testcase: While_Valid_46 took 0.406 sec
    [junit] Testcase: FunctionRef_Valid_10 took 0.513 sec
    [junit] Testcase: FunctionRef_Valid_11 took 0.479 sec
    [junit] Testcase: FunctionRef_Valid_12 took 0.475 sec
    [junit] Testcase: ListLength_Valid_1 took 0.438 sec
    [junit] Testcase: ListLength_Valid_2 took 0.364 sec
    [junit] Testcase: ListLength_Valid_3 took 0.248 sec
    [junit] Testcase: TypeEquals_Valid_10 took 0.519 sec
    [junit] Testcase: TypeEquals_Valid_11 took 0.381 sec
    [junit] Testcase: TypeEquals_Valid_12 took 0.437 sec
    [junit] Testcase: TypeEquals_Valid_14 took 0.28 sec
    [junit] Testcase: TypeEquals_Valid_15 took 0.372 sec
    [junit] Testcase: TypeEquals_Valid_16 took 0.409 sec
    [junit] Testcase: TypeEquals_Valid_17 took 0.296 sec
    [junit] Testcase: TypeEquals_Valid_18 took 0.463 sec
    [junit] Testcase: TypeEquals_Valid_19 took 0.454 sec
    [junit] Testcase: TypeEquals_Valid_21 took 0.402 sec
    [junit] Testcase: TypeEquals_Valid_24 took 0.239 sec
    [junit] Testcase: TypeEquals_Valid_25 took 0.422 sec
    [junit] Testcase: TypeEquals_Valid_27 took 0.478 sec
    [junit] Testcase: TypeEquals_Valid_28 took 0.471 sec
    [junit] Testcase: TypeEquals_Valid_29 took 0.341 sec
    [junit] Testcase: TypeEquals_Valid_30 took 0.425 sec
    [junit] Testcase: TypeEquals_Valid_31 took 0.436 sec
    [junit] Testcase: TypeEquals_Valid_32 took 0.512 sec
    [junit] Testcase: TypeEquals_Valid_33 took 0.464 sec
    [junit] Testcase: TypeEquals_Valid_34 took 0.459 sec
    [junit] Testcase: TypeEquals_Valid_35 took 0.371 sec
    [junit] Testcase: TypeEquals_Valid_39 took 0.312 sec
    [junit] Testcase: TypeEquals_Valid_40 took 0.259 sec
    [junit] Testcase: TypeEquals_Valid_42 took 0.242 sec
    [junit] Testcase: TypeEquals_Valid_43 took 0.273 sec
    [junit] Testcase: TypeEquals_Valid_44 took 0.414 sec
    [junit] Testcase: TypeEquals_Valid_45 took 0.459 sec
    [junit] Testcase: TypeEquals_Valid_46 took 0.396 sec
    [junit] Testcase: TypeEquals_Valid_47 took 0.218 sec
    [junit] Testcase: VarDecl_Valid_1 took 0.281 sec
    [junit] Testcase: VarDecl_Valid_2 took 0.429 sec
    [junit] Testcase: VarDecl_Valid_3 took 0.394 sec
    [junit] Testcase: VarDecl_Valid_4 took 0.293 sec
    [junit] Testcase: Skip_Valid_1 took 0.397 sec
    [junit] Testcase: Syntax_Valid_1 took 0.281 sec
    [junit] Testcase: MethodCall_Valid_1 took 0.314 sec
    [junit] Testcase: MethodCall_Valid_2 took 0.309 sec
    [junit] Testcase: MethodCall_Valid_3 took 0.313 sec
    [junit] Testcase: MethodCall_Valid_4 took 0.334 sec
    [junit] Testcase: While_Valid_1 took 0.218 sec
    [junit] Testcase: While_Valid_2 took 0.346 sec
    [junit] Testcase: While_Valid_3 took 0.37 sec
    [junit] Testcase: While_Valid_9 took 0.434 sec
    [junit] Testcase: ConstrainedReference_Valid_1 took 0.327 sec
    [junit] Testcase: HexAssign_Valid_1 took 0.329 sec
    [junit] Testcase: RealConst_Valid_1 took 0.224 sec
    [junit] Testcase: BoolFun_Valid_1 took 0.301 sec
    [junit] Testcase: ListGenerator_Valid_1 took 0.286 sec
    [junit] Testcase: ListGenerator_Valid_2 took 0.297 sec
    [junit] Testcase: ListGenerator_Valid_3 took 0.372 sec
    [junit] Testcase: ListGenerator_Valid_5 took 0.231 sec
    [junit] Testcase: ListGenerator_Valid_6 took 0.192 sec
    [junit] Testcase: ListGenerator_Valid_7 took 0.293 sec
    [junit] Testcase: ListGenerator_Valid_8 took 0.198 sec
    [junit] Testcase: ListGenerator_Valid_9 took 0.314 sec
    [junit] Testcase: BoolReturn_Valid_1 took 0.3 sec
    [junit] Testcase: Method_Valid_1 took 0.228 sec
    [junit] Testcase: Requires_Valid_1 took 0.281 sec
    [junit] Testcase: Import_Valid_1 took 0.307 sec
    [junit] Testcase: Import_Valid_2 took 0.238 sec
    [junit] Testcase: Import_Valid_3 took 0.334 sec
    [junit] Testcase: Import_Valid_6 took 0.534 sec
    [junit] Testcase: LengthOf_Valid_1 took 0.232 sec
    [junit] Testcase: LengthOf_Valid_4 took 0.287 sec
    [junit] Testcase: LengthOf_Valid_5 took 0.368 sec
    [junit] Testcase: RecordAssign_Valid_1 took 0.26 sec
    [junit] Testcase: RecordAssign_Valid_2 took 0.332 sec
    [junit] Testcase: RecordAssign_Valid_3 took 0.219 sec
    [junit] Testcase: RecordAssign_Valid_4 took 0.247 sec
    [junit] Testcase: RecordAssign_Valid_5 took 0.263 sec
    [junit] Testcase: RecordAssign_Valid_6 took 0.318 sec
    [junit] Testcase: RecordAssign_Valid_7 took 0.245 sec
    [junit] Testcase: RecordAssign_Valid_8 took 0.438 sec
    [junit] Testcase: RecordAssign_Valid_9 took 0.377 sec
    [junit] Testcase: Subtype_Valid_1 took 0.337 sec
    [junit] Testcase: Subtype_Valid_2 took 0.239 sec
    [junit] Testcase: Subtype_Valid_3 took 0.268 sec
    [junit] Testcase: Subtype_Valid_4 took 0.298 sec
    [junit] Testcase: Subtype_Valid_5 took 0.253 sec
    [junit] Testcase: Subtype_Valid_6 took 0.349 sec
    [junit] Testcase: Subtype_Valid_7 took 0.327 sec
    [junit] Testcase: Subtype_Valid_8 took 0.238 sec
    [junit] Testcase: Subtype_Valid_9 took 0.282 sec
    [junit] Testcase: RealNeg_Valid_1 took 0.274 sec
    [junit] Testcase: RealNeg_Valid_2 took 0.318 sec
    [junit] Testcase: BoolIfElse_Valid_1 took 0.205 sec
    [junit] Testcase: BoolIfElse_Valid_2 took 0.313 sec
    [junit] Testcase: EffectiveList_Valid_1 took 0.269 sec
    [junit] Testcase: IntConst_Valid_1 took 0.333 sec
    [junit] Testcase: Reference_Valid_1 took 0.296 sec
    [junit] Testcase: Reference_Valid_2 took 0.301 sec
    [junit] Testcase: Reference_Valid_3 took 0.44 sec
    [junit] Testcase: Reference_Valid_4 took 0.218 sec
    [junit] Testcase: Reference_Valid_5 took 0.267 sec
    [junit] Testcase: BoolList_Valid_1 took 0.311 sec
    [junit] Testcase: BoolList_Valid_2 took 0.314 sec
    [junit] Testcase: BoolList_Valid_3 took 0.351 sec
    [junit] Testcase: Update_Valid_2 took 0.306 sec
    [junit] Testcase: Switch_Valid_10 took 0.377 sec
    [junit] Testcase: Switch_Valid_11 took 0.345 sec
    [junit] Testcase: Switch_Valid_12 took 0.296 sec
    [junit] Testcase: Switch_Valid_13 took 0.264 sec
    [junit] Testcase: Coercion_Valid_1 took 0.282 sec
    [junit] Testcase: Coercion_Valid_2 took 0.289 sec
    [junit] Testcase: Coercion_Valid_3 took 0.531 sec
    [junit] Testcase: Coercion_Valid_7 took 0.25 sec
    [junit] Testcase: Coercion_Valid_9 took 0.306 sec
    [junit] Testcase: BoolRequires_Valid_1 took 0.314 sec
    [junit] Testcase: ConstrainedRecord_Valid_1 took 0.334 sec
    [junit] Testcase: ConstrainedRecord_Valid_2 took 0.466 sec
    [junit] Testcase: ConstrainedRecord_Valid_3 took 0.269 sec
    [junit] Testcase: ConstrainedRecord_Valid_4 took 0.374 sec
    [junit] Testcase: ConstrainedRecord_Valid_5 took 0.374 sec
    [junit] Testcase: ConstrainedRecord_Valid_6 took 0.303 sec
    [junit] Testcase: ConstrainedRecord_Valid_8 took 0.347 sec
    [junit] Testcase: ConstrainedRecord_Valid_9 took 0.408 sec
    [junit] Testcase: IntOp_Valid_1 took 0.398 sec
    [junit] Testcase: Process_Valid_10 took 0.358 sec
    [junit] Testcase: Process_Valid_11 took 0.348 sec
    [junit] Testcase: Process_Valid_12 took 0.362 sec
    [junit] Testcase: BoolRecord_Valid_1 took 0.557 sec
    [junit] Testcase: BoolRecord_Valid_2 took 0.482 sec
    [junit] Testcase: Complex_Valid_1 took 0.379 sec
    [junit] Testcase: Complex_Valid_2 took 0.463 sec
    [junit] Testcase: Complex_Valid_4 took 0.377 sec
    [junit] Testcase: Complex_Valid_5 took 0.261 sec
    [junit] Testcase: Complex_Valid_6 took 0.286 sec
    [junit] Testcase: Complex_Valid_7 took 0.419 sec
    [junit] Testcase: Complex_Valid_8 took 0.511 sec
    [junit] Testcase: Quantifiers_Valid_1 took 0.336 sec
    [junit] Testcase: MessageSend_Valid_1 took 0.327 sec
    [junit] Testcase: MessageSend_Valid_2 took 0.31 sec
    [junit] Testcase: MessageSend_Valid_3 took 0.529 sec
    [junit] Testcase: MessageSend_Valid_4 took 0.397 sec
    [junit] Testcase: MessageSend_Valid_5 took 0.241 sec
    [junit] Testcase: OpenRecord_Valid_10 took 0.31 sec
    [junit] Testcase: NegationType_Valid_1 took 0.476 sec
    [junit] Testcase: NegationType_Valid_2 took 0.318 sec
    [junit] Testcase: NegationType_Valid_4 took 0.35 sec
    [junit] Testcase: ListAccess_Valid_1 took 0.331 sec
    [junit] Testcase: ListAccess_Valid_3 took 0.403 sec
    [junit] Testcase: ListAccess_Valid_5 took 0.387 sec
    [junit] Testcase: ListAccess_Valid_8 took 0.332 sec
    [junit] Testcase: ListAccess_Valid_9 took 0.332 sec
    [junit] Testcase: Process_Valid_1 took 0.317 sec
    [junit] Testcase: Process_Valid_2 took 0.461 sec
    [junit] Testcase: Process_Valid_3 took 0.313 sec
    [junit] Testcase: Process_Valid_4 took 0.262 sec
    [junit] Testcase: Process_Valid_5 took 0.366 sec
    [junit] Testcase: Process_Valid_6 took 0.327 sec
    [junit] Testcase: Process_Valid_7 took 0.418 sec
    [junit] Testcase: Process_Valid_8 took 0.424 sec
    [junit] Testcase: Process_Valid_9 took 0.759 sec
    [junit] Testcase: DecimalAssignment_Valid_1 took 0.598 sec
    [junit] Testcase: ConstrainedList_Valid_1 took 0.391 sec
    [junit] Testcase: ConstrainedList_Valid_2 took 0.362 sec
    [junit] Testcase: ConstrainedList_Valid_3 took 0.409 sec
    [junit] Testcase: ConstrainedList_Valid_4 took 0.56 sec
    [junit] Testcase: ConstrainedList_Valid_5 took 0.443 sec
    [junit] Testcase: ConstrainedList_Valid_6 took 0.291 sec
    [junit] Testcase: ConstrainedList_Valid_7 took 0.403 sec
    [junit] Testcase: ConstrainedList_Valid_8 took 0.358 sec
    [junit] Testcase: ConstrainedList_Valid_9 took 0.381 sec
    [junit] Testcase: RealSub_Valid_1 took 0.265 sec
    [junit] Testcase: RealSub_Valid_2 took 0.537 sec
    [junit] Testcase: RealSub_Valid_3 took 0.369 sec
    [junit] Testcase: FunctionRef_Valid_1 took 0.38 sec
    [junit] Testcase: FunctionRef_Valid_3 took 0.334 sec
    [junit] Testcase: FunctionRef_Valid_4 took 0.33 sec
    [junit] Testcase: FunctionRef_Valid_5 took 0.247 sec
    [junit] Testcase: FunctionRef_Valid_6 took 0.421 sec
    [junit] Testcase: FunctionRef_Valid_7 took 0.336 sec
    [junit] Testcase: FunctionRef_Valid_8 took 0.395 sec
    [junit] Testcase: FunctionRef_Valid_9 took 0.301 sec
    [junit] Testcase: RecordConversion_Valid_1 took 0.41 sec
    [junit] Testcase: Ensures_Valid_1 took 0.259 sec
    [junit] Testcase: Ensures_Valid_2 took 0.349 sec
    [junit] Testcase: Ensures_Valid_3 took 0.399 sec
    [junit] Testcase: Ensures_Valid_4 took 0.423 sec
    [junit] Testcase: Ensures_Valid_5 took 0.391 sec
    [junit] Testcase: Ensures_Valid_6 took 0.357 sec
    [junit] Testcase: Ensures_Valid_7 took 0.273 sec
    [junit] Testcase: Ensures_Valid_8 took 0.369 sec
    [junit] Testcase: Function_Valid_1 took 0.258 sec
    [junit] Testcase: Function_Valid_2 took 0.37 sec
    [junit] Testcase: Function_Valid_3 took 0.332 sec
    [junit] Testcase: Function_Valid_4 took 0.397 sec
    [junit] Testcase: Function_Valid_5 took 0.287 sec
    [junit] Testcase: Function_Valid_6 took 0.392 sec
    [junit] Testcase: Function_Valid_7 took 0.34 sec
    [junit] Testcase: Function_Valid_8 took 0.536 sec
    [junit] Testcase: Function_Valid_9 took 0.35 sec
    [junit] Testcase: OpenRecord_Valid_1 took 0.287 sec
    [junit] Testcase: OpenRecord_Valid_2 took 0.314 sec
    [junit] Testcase: OpenRecord_Valid_3 took 0.331 sec
    [junit] Testcase: OpenRecord_Valid_4 took 0.359 sec
    [junit] Testcase: OpenRecord_Valid_5 took 0.314 sec
    [junit] Testcase: OpenRecord_Valid_6 took 0.305 sec
    [junit] Testcase: OpenRecord_Valid_7 took 0.427 sec
    [junit] Testcase: OpenRecord_Valid_8 took 0.274 sec
    [junit] Testcase: OpenRecord_Valid_9 took 0.317 sec
    [junit] Testcase: ListEquals_Valid_1 took 0.254 sec
    [junit] Testcase: Constant_Valid_3 took 0.278 sec
    [junit] Testcase: UnionType_Valid_1 took 0.432 sec
    [junit] Testcase: UnionType_Valid_2 took 0.337 sec
    [junit] Testcase: UnionType_Valid_3 took 0.391 sec
    [junit] Testcase: UnionType_Valid_4 took 0.366 sec
    [junit] Testcase: UnionType_Valid_5 took 0.265 sec
    [junit] Testcase: UnionType_Valid_6 took 0.301 sec
    [junit] Testcase: UnionType_Valid_7 took 0.423 sec
    [junit] Testcase: UnionType_Valid_8 took 0.419 sec
    [junit] Testcase: UnionType_Valid_9 took 0.255 sec
    [junit] Testcase: ListAssign_Valid_11 took 0.512 sec
    [junit] Testcase: MethodRef_Valid_1 took 0.449 sec
    [junit] Testcase: MethodRef_Valid_2 took 0.378 sec
    [junit] Testcase: Lambda_Valid_1 took 0.321 sec
    [junit] Testcase: Lambda_Valid_2 took 0.453 sec
    [junit] Testcase: Lambda_Valid_3 took 0.628 sec
    [junit] Testcase: Lambda_Valid_4 took 0.451 sec
    [junit] Testcase: Lambda_Valid_5 took 0.528 sec
    [junit] Testcase: Lambda_Valid_6 took 0.422 sec
    [junit] Testcase: Lambda_Valid_7 took 0.363 sec
    [junit] Testcase: Lambda_Valid_8 took 0.473 sec
    [junit] Testcase: Lambda_Valid_9 took 0.602 sec
    [junit] Testcase: Real_Valid_1 took 0.437 sec
    [junit] Testcase: IntDefine_Valid_1 took 0.369 sec
    [junit] Testcase: IntDefine_Valid_2 took 0.377 sec
    [junit] Testcase: Cast_Valid_1 took 0.205 sec
    [junit] Testcase: Cast_Valid_2 took 0.332 sec
    [junit] Testcase: Cast_Valid_3 took 0.338 sec
    [junit] Testcase: Cast_Valid_4 took 0.479 sec
    [junit] Testcase: Cast_Valid_5 took 0.313 sec
    [junit] Testcase: Cast_Valid_6 took 0.432 sec
    [junit] Testcase: IntMul_Valid_1 took 0.507 sec
    [junit] Testcase: IntMul_Valid_2 took 0.501 sec
    [junit] Testcase: Remainder_Valid_1 took 0.357 sec
    [junit] Testcase: MessageRef_Valid_1 took 0.469 sec
    [junit] Testcase: MessageRef_Valid_2 took 0.513 sec
    [junit] Testcase: BoolAssign_Valid_1 took 0.338 sec
    [junit] Testcase: BoolAssign_Valid_2 took 0.368 sec
    [junit] Testcase: BoolAssign_Valid_3 took 0.378 sec
    [junit] Testcase: BoolAssign_Valid_4 took 0.319 sec
    [junit] Testcase: BoolAssign_Valid_5 took 0.435 sec
    [junit] Testcase: BoolAssign_Valid_6 took 0.368 sec
    [junit] Testcase: RecursiveType_Valid_1 took 0.208 sec
    [junit] Testcase: RecursiveType_Valid_2 took 0.342 sec
    [junit] Testcase: RecursiveType_Valid_6 took 0.241 sec
    [junit] Testcase: RecursiveType_Valid_7 took 0.358 sec
    [junit] Testcase: RecursiveType_Valid_8 took 0.441 sec
    [junit] Testcase: RecursiveType_Valid_9 took 0.318 sec
    [junit] Testcase: RecordAssign_Valid_10 took 0.475 sec
    [junit] Testcase: IntEquals_Valid_1 took 0.315 sec
    [junit] Testcase: ConstrainedRecord_Valid_10 took 0.385 sec
    [junit] Testcase: Contractive_Valid_2 took 0.358 sec
    [junit] Testcase: String_Valid_1 took 0.351 sec
    [junit] Testcase: String_Valid_2 took 0.372 sec
    [junit] Testcase: String_Valid_3 took 0.336 sec
    [junit] Testcase: String_Valid_4 took 0.332 sec
    [junit] Testcase: String_Valid_5 took 0.378 sec
    [junit] Testcase: String_Valid_6 took 0.345 sec
    [junit] Testcase: Switch_Valid_1 took 0.372 sec
    [junit] Testcase: Switch_Valid_2 took 0.294 sec
    [junit] Testcase: Switch_Valid_3 took 0.315 sec
    [junit] Testcase: Switch_Valid_4 took 0.261 sec
    [junit] Testcase: Switch_Valid_5 took 0.224 sec
    [junit] Testcase: Switch_Valid_6 took 0.272 sec
    [junit] Testcase: Switch_Valid_7 took 0.284 sec
    [junit] Testcase: Switch_Valid_8 took 0.324 sec
    [junit] Testcase: Switch_Valid_9 took 0.255 sec
    [junit] Testcase: SingleLineComment_Valid_1 took 0.266 sec
    [junit] Testcase: ProcessAccess_Valid_1 took 0.294 sec
    [junit] Testcase: ProcessAccess_Valid_2 took 0.33 sec
    [junit] Testcase: IntDiv_Valid_1 took 0.302 sec
    [junit] Testcase: IntDiv_Valid_3 took 0.281 sec
    [junit] Testcase: IntDiv_Valid_4 took 0.43 sec
    [junit] Testcase: IntDiv_Valid_5 took 0.373 sec
    [junit] Testcase: Return_Valid_1 took 0.389 sec
    [junit] Testcase: ConstrainedInt_Valid_10 took 0.371 sec
    [junit] Testcase: ConstrainedInt_Valid_12 took 0.328 sec
    [junit] Testcase: ConstrainedInt_Valid_13 took 0.369 sec
    [junit] Testcase: ConstrainedInt_Valid_15 took 0.575 sec
    [junit] Testcase: ConstrainedInt_Valid_16 took 0.298 sec
    [junit] Testcase: ConstrainedInt_Valid_17 took 0.329 sec
    [junit] Testcase: ConstrainedInt_Valid_18 took 0.406 sec
    [junit] Testcase: ConstrainedInt_Valid_19 took 0.345 sec
    [junit] Testcase: ConstrainedInt_Valid_20 took 0.374 sec
    [junit] Testcase: ConstrainedInt_Valid_21 took 0.307 sec
    [junit] Testcase: ConstrainedInt_Valid_22 took 0.348 sec
    [junit] Testcase: ConstrainedInt_Valid_23 took 0.252 sec
    [junit] Testcase: ConstrainedInt_Valid_24 took 0.337 sec
    [junit] Testcase: ConstrainedUnion_Valid_1 took 0.315 sec
    [junit] Testcase: ListAssign_Valid_1 took 0.231 sec
    [junit] Testcase: ListAssign_Valid_2 took 0.366 sec
    [junit] Testcase: ListAssign_Valid_3 took 0.324 sec
    [junit] Testcase: ListAssign_Valid_4 took 0.338 sec
    [junit] Testcase: ListAssign_Valid_5 took 0.335 sec
    [junit] Testcase: ListAssign_Valid_6 took 0.374 sec
    [junit] Testcase: ListAssign_Valid_7 took 0.316 sec
    [junit] Testcase: ListAssign_Valid_8 took 0.328 sec
    [junit] Testcase: ListAssign_Valid_9 took 0.316 sec
    [junit] Testcase: Assume_Valid_1 took 0.325 sec
    [junit] Testcase: Assume_Valid_2 took 0.382 sec
    [junit] Running wyc.testing.AllValidVerificationTests
    [junit] Testsuite: wyc.testing.AllValidVerificationTests
    [junit] Tests run: 367, Failures: 0, Errors: 0, Time elapsed: 328.869 sec
    [junit] Tests run: 367, Failures: 0, Errors: 0, Time elapsed: 328.869 sec
    [junit] ------------- Standard Error -----------------
    [junit] WARNING: version numbering unavailable
    [junit] ------------- ---------------- ---------------
    [junit] 
    [junit] Testcase: TypeEquals_Valid_1 took 0.865 sec
    [junit] Testcase: TypeEquals_Valid_5 took 0.79 sec
    [junit] Testcase: TypeEquals_Valid_6 took 0.656 sec
    [junit] Testcase: TypeEquals_Valid_7 took 0.591 sec
    [junit] Testcase: TypeEquals_Valid_8 took 0.783 sec
    [junit] Testcase: TypeEquals_Valid_9 took 0.638 sec
    [junit] Testcase: RecordAccess_Valid_1 took 0.683 sec
    [junit] Testcase: RecordAccess_Valid_2 took 0.894 sec
    [junit] Testcase: Byte_Valid_1 took 0.69 sec
    [junit] Testcase: Byte_Valid_2 took 2.27 sec
    [junit] Testcase: Byte_Valid_3 took 1.342 sec
    [junit] Testcase: Byte_Valid_4 took 1.088 sec
    [junit] Testcase: Byte_Valid_5 took 1.01 sec
    [junit] Testcase: Byte_Valid_6 took 0.886 sec
    [junit] Testcase: Byte_Valid_7 took 1.137 sec
    [junit] Testcase: Byte_Valid_8 took 0.939 sec
    [junit] Testcase: Byte_Valid_9 took 0.866 sec
    [junit] Testcase: ConstrainedList_Valid_11 took 1.037 sec
    [junit] Testcase: ConstrainedList_Valid_12 took 0.839 sec
    [junit] Testcase: ConstrainedList_Valid_14 took 0.994 sec
    [junit] Testcase: ConstrainedList_Valid_15 took 0.691 sec
    [junit] Testcase: ConstrainedList_Valid_25 took 0.657 sec
    [junit] Testcase: ConstrainedList_Valid_27 took 0.956 sec
    [junit] Testcase: Resolution_Valid_1 took 0.844 sec
    [junit] Testcase: IfElse_Valid_1 took 0.636 sec
    [junit] Testcase: IfElse_Valid_2 took 0.628 sec
    [junit] Testcase: IfElse_Valid_3 took 0.47 sec
    [junit] Testcase: IfElse_Valid_5 took 0.467 sec
    [junit] Testcase: ListGenerator_Valid_10 took 0.564 sec
    [junit] Testcase: ListGenerator_Valid_11 took 0.771 sec
    [junit] Testcase: RecordDefine_Valid_1 took 0.686 sec
    [junit] Testcase: RecordDefine_Valid_2 took 0.488 sec
    [junit] Testcase: Function_Valid_12 took 0.497 sec
    [junit] Testcase: Function_Valid_13 took 0.537 sec
    [junit] Testcase: Function_Valid_14 took 0.519 sec
    [junit] Testcase: Function_Valid_16 took 0.771 sec
    [junit] Testcase: Function_Valid_17 took 0.504 sec
    [junit] Testcase: Function_Valid_18 took 0.955 sec
    [junit] Testcase: Function_Valid_20 took 0.582 sec
    [junit] Testcase: Function_Valid_21 took 0.687 sec
    [junit] Testcase: RecursiveType_Valid_10 took 0.692 sec
    [junit] Testcase: RecursiveType_Valid_13 took 0.682 sec
    [junit] Testcase: RecursiveType_Valid_15 took 0.532 sec
    [junit] Testcase: UnionType_Valid_10 took 0.477 sec
    [junit] Testcase: UnionType_Valid_11 took 0.461 sec
    [junit] Testcase: UnionType_Valid_12 took 0.626 sec
    [junit] Testcase: UnionType_Valid_13 took 0.458 sec
    [junit] Testcase: UnionType_Valid_15 took 0.706 sec
    [junit] Testcase: UnionType_Valid_16 took 0.569 sec
    [junit] Testcase: UnionType_Valid_17 took 0.58 sec
    [junit] Testcase: UnionType_Valid_18 took 0.384 sec
    [junit] Testcase: UnionType_Valid_19 took 0.541 sec
    [junit] Testcase: UnionType_Valid_20 took 0.874 sec
    [junit] Testcase: UnionType_Valid_21 took 0.801 sec
    [junit] Testcase: UnionType_Valid_23 took 0.673 sec
    [junit] Testcase: ListConversion_Valid_1 took 0.654 sec
    [junit] Testcase: RealDiv_Valid_1 took 0.579 sec
    [junit] Testcase: RealDiv_Valid_2 took 0.678 sec
    [junit] Testcase: RealDiv_Valid_3 took 0.59 sec
    [junit] Testcase: RealDiv_Valid_4 took 0.638 sec
    [junit] Testcase: RealDiv_Valid_6 took 0.658 sec
    [junit] Testcase: RealDiv_Valid_7 took 0.814 sec
    [junit] Testcase: DoWhile_Valid_1 took 0.669 sec
    [junit] Testcase: DoWhile_Valid_2 took 0.89 sec
    [junit] Testcase: DoWhile_Valid_3 took 0.692 sec
    [junit] Testcase: DoWhile_Valid_5 took 0.906 sec
    [junit] Testcase: DoWhile_Valid_6 took 1.041 sec
    [junit] Testcase: Access_Valid_1 took 0.63 sec
    [junit] Testcase: Access_Valid_2 took 0.668 sec
    [junit] Testcase: ListEmpty_Valid_1 took 0.615 sec
    [junit] Testcase: ConstrainedInt_Valid_1 took 0.681 sec
    [junit] Testcase: ConstrainedInt_Valid_2 took 0.632 sec
    [junit] Testcase: ConstrainedInt_Valid_3 took 0.645 sec
    [junit] Testcase: ConstrainedInt_Valid_4 took 0.683 sec
    [junit] Testcase: ConstrainedInt_Valid_5 took 0.512 sec
    [junit] Testcase: ConstrainedInt_Valid_6 took 0.916 sec
    [junit] Testcase: MultiLineComment_Valid_1 took 0.876 sec
    [junit] Testcase: MultiLineComment_Valid_2 took 0.707 sec
    [junit] Testcase: Define_Valid_1 took 0.667 sec
    [junit] Testcase: Define_Valid_2 took 0.633 sec
    [junit] Testcase: Define_Valid_3 took 0.65 sec
    [junit] Testcase: Define_Valid_4 took 0.543 sec
    [junit] Testcase: While_Valid_10 took 0.886 sec
    [junit] Testcase: While_Valid_12 took 0.995 sec
    [junit] Testcase: While_Valid_14 took 0.751 sec
    [junit] Testcase: While_Valid_17 took 0.734 sec
    [junit] Testcase: While_Valid_18 took 0.776 sec
    [junit] Testcase: While_Valid_19 took 0.746 sec
    [junit] Testcase: While_Valid_20 took 0.619 sec
    [junit] Testcase: While_Valid_21 took 0.953 sec
    [junit] Testcase: While_Valid_24 took 0.695 sec
    [junit] Testcase: While_Valid_25 took 0.69 sec
    [junit] Testcase: While_Valid_28 took 0.53 sec
    [junit] Testcase: While_Valid_29 took 0.776 sec
    [junit] Testcase: While_Valid_30 took 1.003 sec
    [junit] Testcase: While_Valid_31 took 0.679 sec
    [junit] Testcase: While_Valid_32 took 0.754 sec
    [junit] Testcase: While_Valid_33 took 0.736 sec
    [junit] Testcase: While_Valid_35 took 2.212 sec
    [junit] Testcase: While_Valid_36 took 1.489 sec
    [junit] Testcase: While_Valid_38 took 2.786 sec
    [junit] Testcase: While_Valid_39 took 0.707 sec
    [junit] Testcase: While_Valid_40 took 0.772 sec
    [junit] Testcase: While_Valid_41 took 1.435 sec
    [junit] Testcase: While_Valid_43 took 1.366 sec
    [junit] Testcase: While_Valid_44 took 0.972 sec
    [junit] Testcase: While_Valid_45 took 1.01 sec
    [junit] Testcase: While_Valid_46 took 0.681 sec
    [junit] Testcase: While_Valid_47 took 0.593 sec
    [junit] Testcase: FunctionRef_Valid_12 took 0.404 sec
    [junit] Testcase: ListLength_Valid_1 took 0.488 sec
    [junit] Testcase: ListLength_Valid_2 took 0.694 sec
    [junit] Testcase: ListLength_Valid_3 took 0.52 sec
    [junit] Testcase: TypeEquals_Valid_10 took 0.479 sec
    [junit] Testcase: TypeEquals_Valid_11 took 0.617 sec
    [junit] Testcase: TypeEquals_Valid_12 took 0.685 sec
    [junit] Testcase: TypeEquals_Valid_14 took 0.435 sec
    [junit] Testcase: TypeEquals_Valid_15 took 0.591 sec
    [junit] Testcase: TypeEquals_Valid_16 took 0.521 sec
    [junit] Testcase: TypeEquals_Valid_17 took 0.654 sec
    [junit] Testcase: TypeEquals_Valid_18 took 0.826 sec
    [junit] Testcase: TypeEquals_Valid_19 took 0.469 sec
    [junit] Testcase: TypeEquals_Valid_21 took 0.646 sec
    [junit] Testcase: TypeEquals_Valid_24 took 0.501 sec
    [junit] Testcase: TypeEquals_Valid_27 took 0.525 sec
    [junit] Testcase: TypeEquals_Valid_28 took 0.644 sec
    [junit] Testcase: TypeEquals_Valid_29 took 0.516 sec
    [junit] Testcase: TypeEquals_Valid_31 took 0.693 sec
    [junit] Testcase: TypeEquals_Valid_32 took 1.037 sec
    [junit] Testcase: TypeEquals_Valid_33 took 0.659 sec
    [junit] Testcase: TypeEquals_Valid_34 took 0.581 sec
    [junit] Testcase: TypeEquals_Valid_35 took 0.549 sec
    [junit] Testcase: TypeEquals_Valid_39 took 0.568 sec
    [junit] Testcase: TypeEquals_Valid_40 took 0.493 sec
    [junit] Testcase: TypeEquals_Valid_42 took 0.719 sec
    [junit] Testcase: TypeEquals_Valid_43 took 0.597 sec
    [junit] Testcase: TypeEquals_Valid_44 took 0.583 sec
    [junit] Testcase: TypeEquals_Valid_46 took 0.64 sec
    [junit] Testcase: TypeEquals_Valid_47 took 0.521 sec
    [junit] Testcase: VarDecl_Valid_1 took 0.513 sec
    [junit] Testcase: VarDecl_Valid_2 took 0.442 sec
    [junit] Testcase: VarDecl_Valid_3 took 0.599 sec
    [junit] Testcase: VarDecl_Valid_4 took 0.595 sec
    [junit] Testcase: Skip_Valid_1 took 0.664 sec
    [junit] Testcase: Syntax_Valid_1 took 0.667 sec
    [junit] Testcase: MethodCall_Valid_1 took 0.794 sec
    [junit] Testcase: MethodCall_Valid_2 took 0.525 sec
    [junit] Testcase: MethodCall_Valid_3 took 0.546 sec
    [junit] Testcase: MethodCall_Valid_4 took 0.703 sec
    [junit] Testcase: While_Valid_1 took 1.01 sec
    [junit] Testcase: While_Valid_7 took 1.129 sec
    [junit] Testcase: While_Valid_9 took 0.878 sec
    [junit] Testcase: HexAssign_Valid_1 took 0.67 sec
    [junit] Testcase: RealConst_Valid_1 took 0.681 sec
    [junit] Testcase: BoolFun_Valid_1 took 0.792 sec
    [junit] Testcase: ListGenerator_Valid_1 took 0.682 sec
    [junit] Testcase: ListGenerator_Valid_2 took 0.657 sec
    [junit] Testcase: ListGenerator_Valid_3 took 0.504 sec
    [junit] Testcase: ListGenerator_Valid_5 took 0.682 sec
    [junit] Testcase: ListGenerator_Valid_6 took 0.767 sec
    [junit] Testcase: ListGenerator_Valid_7 took 0.621 sec
    [junit] Testcase: ListGenerator_Valid_8 took 0.633 sec
    [junit] Testcase: ListGenerator_Valid_9 took 0.667 sec
    [junit] Testcase: BoolReturn_Valid_1 took 0.562 sec
    [junit] Testcase: Requires_Valid_1 took 0.469 sec
    [junit] Testcase: Import_Valid_1 took 0.603 sec
    [junit] Testcase: Import_Valid_2 took 0.616 sec
    [junit] Testcase: Import_Valid_3 took 0.632 sec
    [junit] Testcase: Import_Valid_6 took 0.525 sec
    [junit] Testcase: LengthOf_Valid_1 took 0.683 sec
    [junit] Testcase: LengthOf_Valid_4 took 0.621 sec
    [junit] Testcase: LengthOf_Valid_5 took 0.624 sec
    [junit] Testcase: RecordAssign_Valid_1 took 0.511 sec
    [junit] Testcase: RecordAssign_Valid_3 took 0.486 sec
    [junit] Testcase: RecordAssign_Valid_4 took 0.455 sec
    [junit] Testcase: RecordAssign_Valid_5 took 0.52 sec
    [junit] Testcase: RecordAssign_Valid_6 took 0.516 sec
    [junit] Testcase: RecordAssign_Valid_7 took 0.618 sec
    [junit] Testcase: RecordAssign_Valid_8 took 0.537 sec
    [junit] Testcase: RecordAssign_Valid_9 took 0.635 sec
    [junit] Testcase: Subtype_Valid_2 took 0.562 sec
    [junit] Testcase: Subtype_Valid_3 took 0.636 sec
    [junit] Testcase: Subtype_Valid_4 took 0.482 sec
    [junit] Testcase: Subtype_Valid_5 took 0.693 sec
    [junit] Testcase: Subtype_Valid_6 took 0.696 sec
    [junit] Testcase: Subtype_Valid_8 took 0.664 sec
    [junit] Testcase: Subtype_Valid_9 took 0.574 sec
    [junit] Testcase: RealNeg_Valid_1 took 0.733 sec
    [junit] Testcase: RealNeg_Valid_2 took 0.749 sec
    [junit] Testcase: BoolIfElse_Valid_1 took 0.532 sec
    [junit] Testcase: BoolIfElse_Valid_2 took 0.595 sec
    [junit] Testcase: EffectiveList_Valid_1 took 1.248 sec
    [junit] Testcase: IntConst_Valid_1 took 0.468 sec
    [junit] Testcase: Reference_Valid_1 took 0.543 sec
    [junit] Testcase: Reference_Valid_4 took 0.691 sec
    [junit] Testcase: Reference_Valid_5 took 0.572 sec
    [junit] Testcase: BoolList_Valid_1 took 0.491 sec
    [junit] Testcase: BoolList_Valid_2 took 0.928 sec
    [junit] Testcase: Update_Valid_2 took 0.807 sec
    [junit] Testcase: Switch_Valid_10 took 0.978 sec
    [junit] Testcase: Switch_Valid_11 took 0.797 sec
    [junit] Testcase: Switch_Valid_12 took 0.826 sec
    [junit] Testcase: Switch_Valid_13 took 0.656 sec
    [junit] Testcase: Coercion_Valid_1 took 0.711 sec
    [junit] Testcase: Coercion_Valid_2 took 0.743 sec
    [junit] Testcase: Coercion_Valid_3 took 0.648 sec
    [junit] Testcase: Coercion_Valid_7 took 0.714 sec
    [junit] Testcase: Coercion_Valid_9 took 0.58 sec
    [junit] Testcase: BoolRequires_Valid_1 took 0.873 sec
    [junit] Testcase: ConstrainedRecord_Valid_1 took 0.766 sec
    [junit] Testcase: ConstrainedRecord_Valid_2 took 0.688 sec
    [junit] Testcase: ConstrainedRecord_Valid_3 took 0.597 sec
    [junit] Testcase: ConstrainedRecord_Valid_4 took 0.888 sec
    [junit] Testcase: ConstrainedRecord_Valid_5 took 0.604 sec
    [junit] Testcase: ConstrainedRecord_Valid_6 took 0.908 sec
    [junit] Testcase: IntOp_Valid_1 took 0.672 sec
    [junit] Testcase: Process_Valid_11 took 0.466 sec
    [junit] Testcase: Process_Valid_12 took 0.759 sec
    [junit] Testcase: BoolRecord_Valid_2 took 0.809 sec
    [junit] Testcase: Quantifiers_Valid_1 took 0.712 sec
    [junit] Testcase: MessageSend_Valid_1 took 0.878 sec
    [junit] Testcase: MessageSend_Valid_2 took 0.758 sec
    [junit] Testcase: MessageSend_Valid_3 took 0.527 sec
    [junit] Testcase: MessageSend_Valid_4 took 0.779 sec
    [junit] Testcase: MessageSend_Valid_5 took 0.974 sec
    [junit] Testcase: OpenRecord_Valid_10 took 0.798 sec
    [junit] Testcase: NegationType_Valid_1 took 0.547 sec
    [junit] Testcase: NegationType_Valid_2 took 0.524 sec
    [junit] Testcase: NegationType_Valid_4 took 0.77 sec
    [junit] Testcase: ListAccess_Valid_1 took 0.802 sec
    [junit] Testcase: ListAccess_Valid_3 took 0.869 sec
    [junit] Testcase: ListAccess_Valid_5 took 0.843 sec
    [junit] Testcase: ListAccess_Valid_8 took 1.096 sec
    [junit] Testcase: ListAccess_Valid_9 took 0.624 sec
    [junit] Testcase: Process_Valid_2 took 0.825 sec
    [junit] Testcase: Process_Valid_3 took 0.632 sec
    [junit] Testcase: Process_Valid_4 took 0.83 sec
    [junit] Testcase: Process_Valid_5 took 0.784 sec
    [junit] Testcase: Process_Valid_6 took 0.918 sec
    [junit] Testcase: Process_Valid_7 took 0.627 sec
    [junit] Testcase: Process_Valid_8 took 0.801 sec
    [junit] Testcase: DecimalAssignment_Valid_1 took 0.998 sec
    [junit] Testcase: ConstrainedList_Valid_3 took 2.025 sec
    [junit] Testcase: ConstrainedList_Valid_5 took 0.638 sec
    [junit] Testcase: ConstrainedList_Valid_9 took 1.089 sec
    [junit] Testcase: RealSub_Valid_1 took 1.042 sec
    [junit] Testcase: RealSub_Valid_2 took 0.606 sec
    [junit] Testcase: RealSub_Valid_3 took 0.581 sec
    [junit] Testcase: FunctionRef_Valid_1 took 0.781 sec
    [junit] Testcase: FunctionRef_Valid_3 took 0.735 sec
    [junit] Testcase: FunctionRef_Valid_5 took 0.598 sec
    [junit] Testcase: FunctionRef_Valid_6 took 0.64 sec
    [junit] Testcase: FunctionRef_Valid_7 took 0.786 sec
    [junit] Testcase: FunctionRef_Valid_8 took 0.839 sec
    [junit] Testcase: FunctionRef_Valid_9 took 0.919 sec
    [junit] Testcase: RecordConversion_Valid_1 took 0.972 sec
    [junit] Testcase: Ensures_Valid_1 took 0.918 sec
    [junit] Testcase: Ensures_Valid_2 took 0.739 sec
    [junit] Testcase: Ensures_Valid_4 took 0.66 sec
    [junit] Testcase: Ensures_Valid_5 took 0.992 sec
    [junit] Testcase: Ensures_Valid_7 took 0.937 sec
    [junit] Testcase: Ensures_Valid_8 took 0.968 sec
    [junit] Testcase: Function_Valid_1 took 0.578 sec
    [junit] Testcase: Function_Valid_2 took 0.597 sec
    [junit] Testcase: Function_Valid_3 took 0.638 sec
    [junit] Testcase: Function_Valid_4 took 0.518 sec
    [junit] Testcase: Function_Valid_5 took 0.586 sec
    [junit] Testcase: Function_Valid_6 took 26.779 sec
    [junit] Testcase: Function_Valid_7 took 1.224 sec
    [junit] Testcase: Function_Valid_8 took 30.716 sec
    [junit] Testcase: Function_Valid_9 took 1.233 sec
    [junit] Testcase: OpenRecord_Valid_1 took 0.676 sec
    [junit] Testcase: OpenRecord_Valid_2 took 0.557 sec
    [junit] Testcase: OpenRecord_Valid_3 took 0.569 sec
    [junit] Testcase: OpenRecord_Valid_4 took 0.686 sec
    [junit] Testcase: OpenRecord_Valid_5 took 0.759 sec
    [junit] Testcase: OpenRecord_Valid_6 took 0.663 sec
    [junit] Testcase: OpenRecord_Valid_7 took 0.651 sec
    [junit] Testcase: OpenRecord_Valid_8 took 0.666 sec
    [junit] Testcase: OpenRecord_Valid_9 took 0.625 sec
    [junit] Testcase: ListEquals_Valid_1 took 0.709 sec
    [junit] Testcase: Constant_Valid_3 took 0.566 sec
    [junit] Testcase: UnionType_Valid_1 took 0.743 sec
    [junit] Testcase: UnionType_Valid_3 took 0.674 sec
    [junit] Testcase: UnionType_Valid_4 took 0.658 sec
    [junit] Testcase: UnionType_Valid_5 took 0.69 sec
    [junit] Testcase: UnionType_Valid_6 took 0.561 sec
    [junit] Testcase: UnionType_Valid_7 took 0.65 sec
    [junit] Testcase: UnionType_Valid_8 took 0.619 sec
    [junit] Testcase: UnionType_Valid_9 took 0.673 sec
    [junit] Testcase: ListAssign_Valid_11 took 0.696 sec
    [junit] Testcase: MethodRef_Valid_1 took 0.629 sec
    [junit] Testcase: MethodRef_Valid_2 took 0.7 sec
    [junit] Testcase: Lambda_Valid_1 took 0.618 sec
    [junit] Testcase: Lambda_Valid_2 took 0.775 sec
    [junit] Testcase: Lambda_Valid_5 took 0.739 sec
    [junit] Testcase: Lambda_Valid_6 took 0.552 sec
    [junit] Testcase: Lambda_Valid_8 took 0.584 sec
    [junit] Testcase: Real_Valid_1 took 0.51 sec
    [junit] Testcase: IntDefine_Valid_1 took 0.769 sec
    [junit] Testcase: IntDefine_Valid_2 took 0.678 sec
    [junit] Testcase: Cast_Valid_1 took 0.641 sec
    [junit] Testcase: Cast_Valid_2 took 0.567 sec
    [junit] Testcase: Cast_Valid_3 took 0.446 sec
    [junit] Testcase: Cast_Valid_4 took 0.52 sec
    [junit] Testcase: Cast_Valid_6 took 0.543 sec
    [junit] Testcase: IntMul_Valid_1 took 0.554 sec
    [junit] Testcase: IntMul_Valid_2 took 0.547 sec
    [junit] Testcase: Remainder_Valid_1 took 0.501 sec
    [junit] Testcase: MessageRef_Valid_1 took 0.62 sec
    [junit] Testcase: MessageRef_Valid_2 took 0.614 sec
    [junit] Testcase: BoolAssign_Valid_1 took 0.722 sec
    [junit] Testcase: BoolAssign_Valid_2 took 1.07 sec
    [junit] Testcase: BoolAssign_Valid_3 took 0.659 sec
    [junit] Testcase: BoolAssign_Valid_4 took 0.581 sec
    [junit] Testcase: BoolAssign_Valid_5 took 0.669 sec
    [junit] Testcase: BoolAssign_Valid_6 took 0.564 sec
    [junit] Testcase: RecursiveType_Valid_1 took 0.712 sec
    [junit] Testcase: RecursiveType_Valid_6 took 0.852 sec
    [junit] Testcase: RecursiveType_Valid_8 took 0.719 sec
    [junit] Testcase: RecursiveType_Valid_9 took 0.756 sec
    [junit] Testcase: RecordAssign_Valid_10 took 0.779 sec
    [junit] Testcase: IntEquals_Valid_1 took 0.617 sec
    [junit] Testcase: Contractive_Valid_2 took 0.695 sec
    [junit] Testcase: String_Valid_1 took 0.612 sec
    [junit] Testcase: String_Valid_2 took 0.521 sec
    [junit] Testcase: String_Valid_3 took 0.518 sec
    [junit] Testcase: String_Valid_4 took 0.673 sec
    [junit] Testcase: String_Valid_5 took 0.698 sec
    [junit] Testcase: String_Valid_6 took 2.51 sec
    [junit] Testcase: Switch_Valid_1 took 0.775 sec
    [junit] Testcase: Switch_Valid_2 took 0.616 sec
    [junit] Testcase: Switch_Valid_3 took 0.594 sec
    [junit] Testcase: Switch_Valid_4 took 0.91 sec
    [junit] Testcase: Switch_Valid_5 took 1.161 sec
    [junit] Testcase: Switch_Valid_6 took 1.109 sec
    [junit] Testcase: Switch_Valid_7 took 0.736 sec
    [junit] Testcase: Switch_Valid_8 took 0.56 sec
    [junit] Testcase: Switch_Valid_9 took 0.766 sec
    [junit] Testcase: SingleLineComment_Valid_1 took 0.732 sec
    [junit] Testcase: ProcessAccess_Valid_1 took 0.551 sec
    [junit] Testcase: ProcessAccess_Valid_2 took 0.543 sec
    [junit] Testcase: IntDiv_Valid_1 took 0.613 sec
    [junit] Testcase: IntDiv_Valid_4 took 0.637 sec
    [junit] Testcase: IntDiv_Valid_5 took 0.86 sec
    [junit] Testcase: ConstrainedInt_Valid_10 took 0.786 sec
    [junit] Testcase: ConstrainedInt_Valid_12 took 0.548 sec
    [junit] Testcase: ConstrainedInt_Valid_13 took 0.614 sec
    [junit] Testcase: ConstrainedInt_Valid_15 took 0.617 sec
    [junit] Testcase: ConstrainedInt_Valid_16 took 3.791 sec
    [junit] Testcase: ConstrainedInt_Valid_17 took 0.778 sec
    [junit] Testcase: ConstrainedInt_Valid_18 took 0.687 sec
    [junit] Testcase: ConstrainedInt_Valid_19 took 0.715 sec
    [junit] Testcase: ConstrainedInt_Valid_20 took 0.687 sec
    [junit] Testcase: ConstrainedInt_Valid_21 took 0.883 sec
    [junit] Testcase: ConstrainedInt_Valid_23 took 0.808 sec
    [junit] Testcase: ConstrainedInt_Valid_24 took 0.793 sec
    [junit] Testcase: ConstrainedUnion_Valid_1 took 0.555 sec
    [junit] Testcase: ListAssign_Valid_2 took 1.128 sec
    [junit] Testcase: ListAssign_Valid_3 took 1.116 sec
    [junit] Testcase: ListAssign_Valid_4 took 0.885 sec
    [junit] Testcase: ListAssign_Valid_5 took 2.244 sec
    [junit] Testcase: ListAssign_Valid_7 took 0.909 sec
    [junit] Testcase: ListAssign_Valid_8 took 0.649 sec
    [junit] Testcase: ListAssign_Valid_9 took 0.516 sec
    [junit] Testcase: Assume_Valid_1 took 0.964 sec
    [junit] Testcase: Assume_Valid_2 took 0.936 sec

test:

test:

BUILD SUCCESSFUL
Total time: 10 minutes 46 seconds

travis_time:end:06bba550:start=1453885521400478705,finish=1453886168618296081,duration=647217817376[0K
[32;1mThe command "ant build-all test-all" exited with 0.[0m

Done. Your build exited with 0.
