travis_fold:start:worker_info[0K[33;1mWorker information[0m
hostname: i-0d2507f-precise-production-2-worker-org-docker.travisci.net:b4e80496-8f41-444e-851f-46d941cefc28
version: v2.6.2 https://github.com/travis-ci/worker/tree/fdccca4efd347ebc889baae641ccbf55bb871d19
instance: 1a39486:travis:java
startup: 528.095946ms
travis_fold:end:worker_info[0Ktravis_fold:start:system_info[0K[33;1mBuild system information[0m
Build language: java
Build group: stable
Build dist: precise
Build id: 198113315
Job id: 198113316
travis-build version: 57a431e31
[34m[1mBuild image provisioning date and time[0m
Thu Feb  5 15:09:33 UTC 2015
[34m[1mOperating System Details[0m
Distributor ID:	Ubuntu
Description:	Ubuntu 12.04.5 LTS
Release:	12.04
Codename:	precise
[34m[1mLinux Version[0m
3.13.0-29-generic
[34m[1mCookbooks Version[0m
a68419e https://github.com/travis-ci/travis-cookbooks/tree/a68419e
[34m[1mGCC version[0m
gcc (Ubuntu/Linaro 4.6.3-1ubuntu5) 4.6.3
Copyright (C) 2011 Free Software Foundation, Inc.
This is free software; see the source for copying conditions.  There is NO
warranty; not even for MERCHANTABILITY or FITNESS FOR A PARTICULAR PURPOSE.

[34m[1mLLVM version[0m
clang version 3.4 (tags/RELEASE_34/final)
Target: x86_64-unknown-linux-gnu
Thread model: posix
[34m[1mPre-installed Ruby versions[0m
ruby-1.9.3-p551
[34m[1mPre-installed Node.js versions[0m
v0.10.36
[34m[1mPre-installed Go versions[0m
1.4.1
[34m[1mRedis version[0m
redis-server 2.8.19
[34m[1mriak version[0m
2.0.2
[34m[1mMongoDB version[0m
MongoDB 2.4.12
[34m[1mCouchDB version[0m
couchdb 1.6.1
[34m[1mNeo4j version[0m
1.9.4
[34m[1mRabbitMQ Version[0m
3.4.3
[34m[1mElasticSearch version[0m
1.4.0
[34m[1mInstalled Sphinx versions[0m
2.0.10
2.1.9
2.2.6
[34m[1mDefault Sphinx version[0m
2.2.6
[34m[1mInstalled Firefox version[0m
firefox 31.0esr
[34m[1mPhantomJS version[0m
1.9.8
[34m[1mant -version[0m
Apache Ant(TM) version 1.8.2 compiled on December 3 2011
[34m[1mmvn -version[0m
Apache Maven 3.2.5 (12a6b3acb947671f09b81f49094c53f426d8cea1; 2014-12-14T17:29:23+00:00)
Maven home: /usr/local/maven
Java version: 1.7.0_76, vendor: Oracle Corporation
Java home: /usr/lib/jvm/java-7-oracle/jre
Default locale: en_US, platform encoding: ANSI_X3.4-1968
OS name: "linux", version: "3.13.0-29-generic", arch: "amd64", family: "unix"
travis_fold:end:system_info[0K
travis_fold:start:fix.CVE-2015-7547[0K$ export DEBIAN_FRONTEND=noninteractive
W: Size of file /var/lib/apt/lists/us.archive.ubuntu.com_ubuntu_dists_precise-updates_restricted_binary-amd64_Packages.gz is not what the server reported 19578 20785
W: Size of file /var/lib/apt/lists/us.archive.ubuntu.com_ubuntu_dists_precise-updates_restricted_binary-i386_Packages.gz is not what the server reported 19540 20707
W: Size of file /var/lib/apt/lists/us.archive.ubuntu.com_ubuntu_dists_precise-backports_multiverse_source_Sources.gz is not what the server reported 5886 5888
W: Size of file /var/lib/apt/lists/ppa.launchpad.net_travis-ci_zero-mq_ubuntu_dists_precise_main_binary-amd64_Packages.gz is not what the server reported 832 1195
W: Size of file /var/lib/apt/lists/ppa.launchpad.net_ubuntugis_ppa_ubuntu_dists_precise_main_binary-amd64_Packages.gz is not what the server reported 33645 36677
W: Size of file /var/lib/apt/lists/ppa.launchpad.net_ubuntugis_ppa_ubuntu_dists_precise_main_binary-i386_Packages.gz is not what the server reported 33703 36733
W: Size of file /var/lib/apt/lists/security.ubuntu.com_ubuntu_dists_precise-security_restricted_binary-amd64_Packages.gz is not what the server reported 13782 14904
W: Size of file /var/lib/apt/lists/security.ubuntu.com_ubuntu_dists_precise-security_restricted_binary-i386_Packages.gz is not what the server reported 13762 14885
Reading package lists...
Building dependency tree...
Reading state information...
The following extra packages will be installed:
  libc-bin libc-dev-bin libc6-dev
Suggested packages:
  glibc-doc
The following packages will be upgraded:
  libc-bin libc-dev-bin libc6 libc6-dev
4 upgraded, 0 newly installed, 0 to remove and 269 not upgraded.
Need to get 8,840 kB of archives.
After this operation, 14.3 kB disk space will be freed.
Get:1 http://us.archive.ubuntu.com/ubuntu/ precise-updates/main libc6-dev amd64 2.15-0ubuntu10.15 [2,943 kB]
Get:2 http://us.archive.ubuntu.com/ubuntu/ precise-updates/main libc-dev-bin amd64 2.15-0ubuntu10.15 [84.7 kB]
Get:3 http://us.archive.ubuntu.com/ubuntu/ precise-updates/main libc-bin amd64 2.15-0ubuntu10.15 [1,177 kB]
Get:4 http://us.archive.ubuntu.com/ubuntu/ precise-updates/main libc6 amd64 2.15-0ubuntu10.15 [4,636 kB]
Fetched 8,840 kB in 0s (33.3 MB/s)
Preconfiguring packages ...
(Reading database ... (Reading database ... 5%(Reading database ... 10%(Reading database ... 15%(Reading database ... 20%(Reading database ... 25%(Reading database ... 30%(Reading database ... 35%(Reading database ... 40%(Reading database ... 45%(Reading database ... 50%(Reading database ... 55%(Reading database ... 60%(Reading database ... 65%(Reading database ... 70%(Reading database ... 75%(Reading database ... 80%(Reading database ... 85%(Reading database ... 90%(Reading database ... 95%(Reading database ... 100%(Reading database ... 72019 files and directories currently installed.)
Preparing to replace libc6-dev 2.15-0ubuntu10.10 (using .../libc6-dev_2.15-0ubuntu10.15_amd64.deb) ...
Unpacking replacement libc6-dev ...
Preparing to replace libc-dev-bin 2.15-0ubuntu10.10 (using .../libc-dev-bin_2.15-0ubuntu10.15_amd64.deb) ...
Unpacking replacement libc-dev-bin ...
Preparing to replace libc-bin 2.15-0ubuntu10.10 (using .../libc-bin_2.15-0ubuntu10.15_amd64.deb) ...
Unpacking replacement libc-bin ...
Processing triggers for man-db ...
Setting up libc-bin (2.15-0ubuntu10.15) ...
(Reading database ... (Reading database ... 5%(Reading database ... 10%(Reading database ... 15%(Reading database ... 20%(Reading database ... 25%(Reading database ... 30%(Reading database ... 35%(Reading database ... 40%(Reading database ... 45%(Reading database ... 50%(Reading database ... 55%(Reading database ... 60%(Reading database ... 65%(Reading database ... 70%(Reading database ... 75%(Reading database ... 80%(Reading database ... 85%(Reading database ... 90%(Reading database ... 95%(Reading database ... 100%(Reading database ... 72018 files and directories currently installed.)
Preparing to replace libc6 2.15-0ubuntu10.10 (using .../libc6_2.15-0ubuntu10.15_amd64.deb) ...
Unpacking replacement libc6 ...
Setting up libc6 (2.15-0ubuntu10.15) ...
Setting up libc-dev-bin (2.15-0ubuntu10.15) ...
Setting up libc6-dev (2.15-0ubuntu10.15) ...
Processing triggers for libc-bin ...
ldconfig deferred processing now taking place
travis_fold:end:fix.CVE-2015-7547[0K$ jdk_switcher use oraclejdk8
Switching to Oracle JDK8 (java-8-oracle), JAVA_HOME will be set to /usr/lib/jvm/java-8-oracle
travis_fold:start:git.checkout[0Ktravis_time:start:11c63170[0K$ git clone --depth=100 https://github.com/HubSpot/Baragon.git HubSpot/Baragon
Cloning into 'HubSpot/Baragon'...
remote: Counting objects: 6377, done.[K
remote: Compressing objects:   0% (1/2122)   [Kremote: Compressing objects:   1% (22/2122)   [Kremote: Compressing objects:   2% (43/2122)   [Kremote: Compressing objects:   3% (64/2122)   [Kremote: Compressing objects:   4% (85/2122)   [Kremote: Compressing objects:   5% (107/2122)   [Kremote: Compressing objects:   6% (128/2122)   [Kremote: Compressing objects:   7% (149/2122)   [Kremote: Compressing objects:   8% (170/2122)   [Kremote: Compressing objects:   9% (191/2122)   [Kremote: Compressing objects:  10% (213/2122)   [Kremote: Compressing objects:  11% (234/2122)   [Kremote: Compressing objects:  12% (255/2122)   [Kremote: Compressing objects:  13% (276/2122)   [Kremote: Compressing objects:  14% (298/2122)   [Kremote: Compressing objects:  15% (319/2122)   [Kremote: Compressing objects:  16% (340/2122)   [Kremote: Compressing objects:  17% (361/2122)   [Kremote: Compressing objects:  18% (382/2122)   [Kremote: Compressing objects:  19% (404/2122)   [Kremote: Compressing objects:  20% (425/2122)   [Kremote: Compressing objects:  21% (446/2122)   [Kremote: Compressing objects:  22% (467/2122)   [Kremote: Compressing objects:  23% (489/2122)   [Kremote: Compressing objects:  24% (510/2122)   [Kremote: Compressing objects:  25% (531/2122)   [Kremote: Compressing objects:  26% (552/2122)   [Kremote: Compressing objects:  27% (573/2122)   [Kremote: Compressing objects:  28% (595/2122)   [Kremote: Compressing objects:  29% (616/2122)   [Kremote: Compressing objects:  30% (637/2122)   [Kremote: Compressing objects:  31% (658/2122)   [Kremote: Compressing objects:  32% (680/2122)   [Kremote: Compressing objects:  33% (701/2122)   [Kremote: Compressing objects:  34% (722/2122)   [Kremote: Compressing objects:  35% (743/2122)   [Kremote: Compressing objects:  36% (764/2122)   [Kremote: Compressing objects:  37% (786/2122)   [Kremote: Compressing objects:  38% (807/2122)   [Kremote: Compressing objects:  39% (828/2122)   [Kremote: Compressing objects:  40% (849/2122)   [Kremote: Compressing objects:  41% (871/2122)   [Kremote: Compressing objects:  42% (892/2122)   [Kremote: Compressing objects:  43% (913/2122)   [Kremote: Compressing objects:  44% (934/2122)   [Kremote: Compressing objects:  45% (955/2122)   [Kremote: Compressing objects:  46% (977/2122)   [Kremote: Compressing objects:  47% (998/2122)   [Kremote: Compressing objects:  48% (1019/2122)   [Kremote: Compressing objects:  49% (1040/2122)   [Kremote: Compressing objects:  50% (1061/2122)   [Kremote: Compressing objects:  51% (1083/2122)   [Kremote: Compressing objects:  52% (1104/2122)   [Kremote: Compressing objects:  53% (1125/2122)   [Kremote: Compressing objects:  54% (1146/2122)   [Kremote: Compressing objects:  55% (1168/2122)   [Kremote: Compressing objects:  56% (1189/2122)   [Kremote: Compressing objects:  57% (1210/2122)   [Kremote: Compressing objects:  58% (1231/2122)   [Kremote: Compressing objects:  59% (1252/2122)   [Kremote: Compressing objects:  60% (1274/2122)   [Kremote: Compressing objects:  61% (1295/2122)   [Kremote: Compressing objects:  62% (1316/2122)   [Kremote: Compressing objects:  63% (1337/2122)   [Kremote: Compressing objects:  64% (1359/2122)   [Kremote: Compressing objects:  65% (1380/2122)   [Kremote: Compressing objects:  66% (1401/2122)   [Kremote: Compressing objects:  67% (1422/2122)   [Kremote: Compressing objects:  68% (1443/2122)   [Kremote: Compressing objects:  69% (1465/2122)   [Kremote: Compressing objects:  70% (1486/2122)   [Kremote: Compressing objects:  71% (1507/2122)   [Kremote: Compressing objects:  72% (1528/2122)   [Kremote: Compressing objects:  73% (1550/2122)   [Kremote: Compressing objects:  74% (1571/2122)   [Kremote: Compressing objects:  75% (1592/2122)   [Kremote: Compressing objects:  76% (1613/2122)   [Kremote: Compressing objects:  77% (1634/2122)   [Kremote: Compressing objects:  78% (1656/2122)   [Kremote: Compressing objects:  79% (1677/2122)   [Kremote: Compressing objects:  80% (1698/2122)   [Kremote: Compressing objects:  81% (1719/2122)   [Kremote: Compressing objects:  82% (1741/2122)   [Kremote: Compressing objects:  83% (1762/2122)   [Kremote: Compressing objects:  84% (1783/2122)   [Kremote: Compressing objects:  85% (1804/2122)   [Kremote: Compressing objects:  86% (1825/2122)   [Kremote: Compressing objects:  87% (1847/2122)   [Kremote: Compressing objects:  88% (1868/2122)   [Kremote: Compressing objects:  89% (1889/2122)   [Kremote: Compressing objects:  90% (1910/2122)   [Kremote: Compressing objects:  91% (1932/2122)   [Kremote: Compressing objects:  92% (1953/2122)   [Kremote: Compressing objects:  93% (1974/2122)   [Kremote: Compressing objects:  94% (1995/2122)   [Kremote: Compressing objects:  95% (2016/2122)   [Kremote: Compressing objects:  96% (2038/2122)   [Kremote: Compressing objects:  97% (2059/2122)   [Kremote: Compressing objects:  98% (2080/2122)   [Kremote: Compressing objects:  99% (2101/2122)   [Kremote: Compressing objects: 100% (2122/2122)   [Kremote: Compressing objects: 100% (2122/2122), done.[K
Receiving objects:   0% (1/6377)   Receiving objects:   1% (64/6377)   Receiving objects:   2% (128/6377)   Receiving objects:   3% (192/6377)   Receiving objects:   4% (256/6377)   Receiving objects:   5% (319/6377)   Receiving objects:   6% (383/6377)   Receiving objects:   7% (447/6377)   Receiving objects:   8% (511/6377)   Receiving objects:   9% (574/6377)   Receiving objects:  10% (638/6377)   Receiving objects:  11% (702/6377)   Receiving objects:  12% (766/6377)   Receiving objects:  13% (830/6377)   Receiving objects:  14% (893/6377)   Receiving objects:  15% (957/6377)   Receiving objects:  16% (1021/6377)   Receiving objects:  17% (1085/6377)   Receiving objects:  18% (1148/6377)   Receiving objects:  19% (1212/6377)   Receiving objects:  20% (1276/6377)   Receiving objects:  21% (1340/6377)   Receiving objects:  22% (1403/6377)   Receiving objects:  23% (1467/6377)   Receiving objects:  24% (1531/6377)   Receiving objects:  25% (1595/6377)   Receiving objects:  26% (1659/6377)   Receiving objects:  27% (1722/6377)   Receiving objects:  28% (1786/6377)   Receiving objects:  29% (1850/6377)   Receiving objects:  30% (1914/6377)   Receiving objects:  31% (1977/6377)   Receiving objects:  32% (2041/6377)   Receiving objects:  33% (2105/6377)   Receiving objects:  34% (2169/6377)   Receiving objects:  35% (2232/6377)   Receiving objects:  36% (2296/6377)   Receiving objects:  37% (2360/6377)   Receiving objects:  38% (2424/6377)   Receiving objects:  39% (2488/6377)   Receiving objects:  40% (2551/6377)   Receiving objects:  41% (2615/6377)   Receiving objects:  42% (2679/6377)   Receiving objects:  43% (2743/6377)   Receiving objects:  44% (2806/6377)   Receiving objects:  45% (2870/6377)   Receiving objects:  46% (2934/6377)   Receiving objects:  47% (2998/6377)   Receiving objects:  48% (3061/6377)   Receiving objects:  49% (3125/6377)   Receiving objects:  50% (3189/6377)   Receiving objects:  51% (3253/6377)   Receiving objects:  52% (3317/6377)   Receiving objects:  53% (3380/6377)   Receiving objects:  54% (3444/6377)   Receiving objects:  55% (3508/6377)   Receiving objects:  56% (3572/6377)   Receiving objects:  57% (3635/6377)   Receiving objects:  58% (3699/6377)   Receiving objects:  59% (3763/6377)   Receiving objects:  60% (3827/6377)   Receiving objects:  61% (3890/6377)   Receiving objects:  62% (3954/6377)   Receiving objects:  63% (4018/6377)   Receiving objects:  64% (4082/6377)   Receiving objects:  65% (4146/6377)   Receiving objects:  66% (4209/6377)   Receiving objects:  67% (4273/6377)   Receiving objects:  68% (4337/6377)   Receiving objects:  69% (4401/6377)   Receiving objects:  70% (4464/6377)   Receiving objects:  71% (4528/6377)   Receiving objects:  72% (4592/6377)   Receiving objects:  73% (4656/6377)   Receiving objects:  74% (4719/6377)   Receiving objects:  75% (4783/6377)   Receiving objects:  76% (4847/6377)   Receiving objects:  77% (4911/6377)   Receiving objects:  78% (4975/6377)   Receiving objects:  79% (5038/6377)   Receiving objects:  80% (5102/6377)   Receiving objects:  81% (5166/6377)   Receiving objects:  82% (5230/6377)   Receiving objects:  83% (5293/6377)   Receiving objects:  84% (5357/6377)   Receiving objects:  85% (5421/6377)   Receiving objects:  86% (5485/6377)   Receiving objects:  87% (5548/6377)   Receiving objects:  88% (5612/6377)   Receiving objects:  89% (5676/6377)   Receiving objects:  90% (5740/6377)   Receiving objects:  91% (5804/6377)   remote: Total 6377 (delta 2451), reused 5949 (delta 2132), pack-reused 0[K
Receiving objects:  92% (5867/6377)   Receiving objects:  93% (5931/6377)   Receiving objects:  94% (5995/6377)   Receiving objects:  95% (6059/6377)   Receiving objects:  96% (6122/6377)   Receiving objects:  97% (6186/6377)   Receiving objects:  98% (6250/6377)   Receiving objects:  99% (6314/6377)   Receiving objects: 100% (6377/6377)   Receiving objects: 100% (6377/6377), 825.28 KiB | 0 bytes/s, done.
Resolving deltas:   0% (0/2451)   Resolving deltas:   1% (28/2451)   Resolving deltas:   2% (50/2451)   Resolving deltas:   3% (76/2451)   Resolving deltas:   4% (101/2451)   Resolving deltas:   5% (124/2451)   Resolving deltas:   7% (190/2451)   Resolving deltas:   8% (207/2451)   Resolving deltas:   9% (228/2451)   Resolving deltas:  10% (249/2451)   Resolving deltas:  11% (284/2451)   Resolving deltas:  12% (311/2451)   Resolving deltas:  13% (332/2451)   Resolving deltas:  14% (348/2451)   Resolving deltas:  15% (368/2451)   Resolving deltas:  16% (407/2451)   Resolving deltas:  17% (433/2451)   Resolving deltas:  18% (460/2451)   Resolving deltas:  19% (475/2451)   Resolving deltas:  20% (499/2451)   Resolving deltas:  21% (515/2451)   Resolving deltas:  22% (542/2451)   Resolving deltas:  23% (577/2451)   Resolving deltas:  24% (594/2451)   Resolving deltas:  29% (716/2451)   Resolving deltas:  30% (748/2451)   Resolving deltas:  31% (765/2451)   Resolving deltas:  32% (790/2451)   Resolving deltas:  33% (812/2451)   Resolving deltas:  34% (843/2451)   Resolving deltas:  35% (863/2451)   Resolving deltas:  36% (886/2451)   Resolving deltas:  37% (909/2451)   Resolving deltas:  39% (964/2451)   Resolving deltas:  40% (982/2451)   Resolving deltas:  41% (1014/2451)   Resolving deltas:  42% (1038/2451)   Resolving deltas:  43% (1067/2451)   Resolving deltas:  44% (1083/2451)   Resolving deltas:  45% (1109/2451)   Resolving deltas:  46% (1131/2451)   Resolving deltas:  47% (1157/2451)   Resolving deltas:  48% (1177/2451)   Resolving deltas:  50% (1232/2451)   Resolving deltas:  51% (1255/2451)   Resolving deltas:  52% (1294/2451)   Resolving deltas:  53% (1305/2451)   Resolving deltas:  54% (1324/2451)   Resolving deltas:  55% (1360/2451)   Resolving deltas:  56% (1373/2451)   Resolving deltas:  57% (1402/2451)   Resolving deltas:  58% (1425/2451)   Resolving deltas:  61% (1498/2451)   Resolving deltas:  62% (1523/2451)   Resolving deltas:  63% (1547/2451)   Resolving deltas:  64% (1570/2451)   Resolving deltas:  66% (1618/2451)   Resolving deltas:  67% (1648/2451)   Resolving deltas:  68% (1677/2451)   Resolving deltas:  69% (1697/2451)   Resolving deltas:  71% (1742/2451)   Resolving deltas:  72% (1771/2451)   Resolving deltas:  73% (1798/2451)   Resolving deltas:  74% (1814/2451)   Resolving deltas:  75% (1842/2451)   Resolving deltas:  76% (1881/2451)   Resolving deltas:  77% (1896/2451)   Resolving deltas:  78% (1917/2451)   Resolving deltas:  79% (1960/2451)   Resolving deltas:  80% (1969/2451)   Resolving deltas:  81% (1993/2451)   Resolving deltas:  82% (2011/2451)   Resolving deltas:  83% (2048/2451)   Resolving deltas:  84% (2065/2451)   Resolving deltas:  85% (2085/2451)   Resolving deltas:  86% (2118/2451)   Resolving deltas:  87% (2139/2451)   Resolving deltas:  88% (2161/2451)   Resolving deltas:  89% (2194/2451)   Resolving deltas:  90% (2209/2451)   Resolving deltas:  91% (2235/2451)   Resolving deltas:  92% (2255/2451)   Resolving deltas:  93% (2282/2451)   Resolving deltas:  94% (2307/2451)   Resolving deltas:  95% (2329/2451)   Resolving deltas:  96% (2357/2451)   Resolving deltas:  97% (2386/2451)   Resolving deltas:  98% (2404/2451)   Resolving deltas:  99% (2429/2451)   Resolving deltas: 100% (2451/2451)   Resolving deltas: 100% (2451/2451), done.
Checking connectivity... done.

travis_time:end:11c63170:start=1486148338915736631,finish=1486148339526060206,duration=610323575[0K$ cd HubSpot/Baragon
travis_time:start:16238052[0K$ git fetch origin +refs/pull/209/merge:
remote: Counting objects: 603, done.[K
remote: Compressing objects:   0% (1/185)   [Kremote: Compressing objects:   1% (2/185)   [Kremote: Compressing objects:   2% (4/185)   [Kremote: Compressing objects:   3% (6/185)   [Kremote: Compressing objects:   4% (8/185)   [Kremote: Compressing objects:   5% (10/185)   [Kremote: Compressing objects:   6% (12/185)   [Kremote: Compressing objects:   7% (13/185)   [Kremote: Compressing objects:   8% (15/185)   [Kremote: Compressing objects:   9% (17/185)   [Kremote: Compressing objects:  10% (19/185)   [Kremote: Compressing objects:  11% (21/185)   [Kremote: Compressing objects:  12% (23/185)   [Kremote: Compressing objects:  13% (25/185)   [Kremote: Compressing objects:  14% (26/185)   [Kremote: Compressing objects:  15% (28/185)   [Kremote: Compressing objects:  16% (30/185)   [Kremote: Compressing objects:  17% (32/185)   [Kremote: Compressing objects:  18% (34/185)   [Kremote: Compressing objects:  19% (36/185)   [Kremote: Compressing objects:  20% (37/185)   [Kremote: Compressing objects:  21% (39/185)   [Kremote: Compressing objects:  22% (41/185)   [Kremote: Compressing objects:  23% (43/185)   [Kremote: Compressing objects:  24% (45/185)   [Kremote: Compressing objects:  25% (47/185)   [Kremote: Compressing objects:  26% (49/185)   [Kremote: Compressing objects:  27% (50/185)   [Kremote: Compressing objects:  28% (52/185)   [Kremote: Compressing objects:  29% (54/185)   [Kremote: Compressing objects:  30% (56/185)   [Kremote: Compressing objects:  31% (58/185)   [Kremote: Compressing objects:  32% (60/185)   [Kremote: Compressing objects:  33% (62/185)   [Kremote: Compressing objects:  34% (63/185)   [Kremote: Compressing objects:  35% (65/185)   [Kremote: Compressing objects:  36% (67/185)   [Kremote: Compressing objects:  37% (69/185)   [Kremote: Compressing objects:  38% (71/185)   [Kremote: Compressing objects:  39% (73/185)   [Kremote: Compressing objects:  40% (74/185)   [Kremote: Compressing objects:  41% (76/185)   [Kremote: Compressing objects:  42% (78/185)   [Kremote: Compressing objects:  43% (80/185)   [Kremote: Compressing objects:  44% (82/185)   [Kremote: Compressing objects:  45% (84/185)   [Kremote: Compressing objects:  46% (86/185)   [Kremote: Compressing objects:  47% (87/185)   [Kremote: Compressing objects:  48% (89/185)   [Kremote: Compressing objects:  49% (91/185)   [Kremote: Compressing objects:  50% (93/185)   [Kremote: Compressing objects:  51% (95/185)   [Kremote: Compressing objects:  52% (97/185)   [Kremote: Compressing objects:  53% (99/185)   [Kremote: Compressing objects:  54% (100/185)   [Kremote: Compressing objects:  55% (102/185)   [Kremote: Compressing objects:  56% (104/185)   [Kremote: Compressing objects:  57% (106/185)   [Kremote: Compressing objects:  58% (108/185)   [Kremote: Compressing objects:  59% (110/185)   [Kremote: Compressing objects:  60% (111/185)   [Kremote: Compressing objects:  61% (113/185)   [Kremote: Compressing objects:  62% (115/185)   [Kremote: Compressing objects:  63% (117/185)   [Kremote: Compressing objects:  64% (119/185)   [Kremote: Compressing objects:  65% (121/185)   [Kremote: Compressing objects:  66% (123/185)   [Kremote: Compressing objects:  67% (124/185)   [Kremote: Compressing objects:  68% (126/185)   [Kremote: Compressing objects:  69% (128/185)   [Kremote: Compressing objects:  70% (130/185)   [Kremote: Compressing objects:  71% (132/185)   [Kremote: Compressing objects:  72% (134/185)   [Kremote: Compressing objects:  73% (136/185)   [Kremote: Compressing objects:  74% (137/185)   [Kremote: Compressing objects:  75% (139/185)   [Kremote: Compressing objects:  76% (141/185)   [Kremote: Compressing objects:  77% (143/185)   [Kremote: Compressing objects:  78% (145/185)   [Kremote: Compressing objects:  79% (147/185)   [Kremote: Compressing objects:  80% (148/185)   [Kremote: Compressing objects:  81% (150/185)   [Kremote: Compressing objects:  82% (152/185)   [Kremote: Compressing objects:  83% (154/185)   [Kremote: Compressing objects:  84% (156/185)   [Kremote: Compressing objects:  85% (158/185)   [Kremote: Compressing objects:  86% (160/185)   [Kremote: Compressing objects:  87% (161/185)   [Kremote: Compressing objects:  88% (163/185)   [Kremote: Compressing objects:  89% (165/185)   [Kremote: Compressing objects:  90% (167/185)   [Kremote: Compressing objects:  91% (169/185)   [Kremote: Compressing objects:  92% (171/185)   [Kremote: Compressing objects:  93% (173/185)   [Kremote: Compressing objects:  94% (174/185)   [Kremote: Compressing objects:  95% (176/185)   [Kremote: Compressing objects:  96% (178/185)   [Kremote: Compressing objects:  97% (180/185)   [Kremote: Compressing objects:  98% (182/185)   [Kremote: Compressing objects:  99% (184/185)   [Kremote: Compressing objects: 100% (185/185)   [Kremote: Compressing objects: 100% (185/185), done.[K
Receiving objects:   0% (1/603)   Receiving objects:   1% (7/603)   Receiving objects:   2% (13/603)   Receiving objects:   3% (19/603)   Receiving objects:   4% (25/603)   remote: Total 603 (delta 269), reused 557 (delta 225), pack-reused 0[K
Receiving objects:   5% (31/603)   Receiving objects:   6% (37/603)   Receiving objects:   7% (43/603)   Receiving objects:   8% (49/603)   Receiving objects:   9% (55/603)   Receiving objects:  10% (61/603)   Receiving objects:  11% (67/603)   Receiving objects:  12% (73/603)   Receiving objects:  13% (79/603)   Receiving objects:  14% (85/603)   Receiving objects:  15% (91/603)   Receiving objects:  16% (97/603)   Receiving objects:  17% (103/603)   Receiving objects:  18% (109/603)   Receiving objects:  19% (115/603)   Receiving objects:  20% (121/603)   Receiving objects:  21% (127/603)   Receiving objects:  22% (133/603)   Receiving objects:  23% (139/603)   Receiving objects:  24% (145/603)   Receiving objects:  25% (151/603)   Receiving objects:  26% (157/603)   Receiving objects:  27% (163/603)   Receiving objects:  28% (169/603)   Receiving objects:  29% (175/603)   Receiving objects:  30% (181/603)   Receiving objects:  31% (187/603)   Receiving objects:  32% (193/603)   Receiving objects:  33% (199/603)   Receiving objects:  34% (206/603)   Receiving objects:  35% (212/603)   Receiving objects:  36% (218/603)   Receiving objects:  37% (224/603)   Receiving objects:  38% (230/603)   Receiving objects:  39% (236/603)   Receiving objects:  40% (242/603)   Receiving objects:  41% (248/603)   Receiving objects:  42% (254/603)   Receiving objects:  43% (260/603)   Receiving objects:  44% (266/603)   Receiving objects:  45% (272/603)   Receiving objects:  46% (278/603)   Receiving objects:  47% (284/603)   Receiving objects:  48% (290/603)   Receiving objects:  49% (296/603)   Receiving objects:  50% (302/603)   Receiving objects:  51% (308/603)   Receiving objects:  52% (314/603)   Receiving objects:  53% (320/603)   Receiving objects:  54% (326/603)   Receiving objects:  55% (332/603)   Receiving objects:  56% (338/603)   Receiving objects:  57% (344/603)   Receiving objects:  58% (350/603)   Receiving objects:  59% (356/603)   Receiving objects:  60% (362/603)   Receiving objects:  61% (368/603)   Receiving objects:  62% (374/603)   Receiving objects:  63% (380/603)   Receiving objects:  64% (386/603)   Receiving objects:  65% (392/603)   Receiving objects:  66% (398/603)   Receiving objects:  67% (405/603)   Receiving objects:  68% (411/603)   Receiving objects:  69% (417/603)   Receiving objects:  70% (423/603)   Receiving objects:  71% (429/603)   Receiving objects:  72% (435/603)   Receiving objects:  73% (441/603)   Receiving objects:  74% (447/603)   Receiving objects:  75% (453/603)   Receiving objects:  76% (459/603)   Receiving objects:  77% (465/603)   Receiving objects:  78% (471/603)   Receiving objects:  79% (477/603)   Receiving objects:  80% (483/603)   Receiving objects:  81% (489/603)   Receiving objects:  82% (495/603)   Receiving objects:  83% (501/603)   Receiving objects:  84% (507/603)   Receiving objects:  85% (513/603)   Receiving objects:  86% (519/603)   Receiving objects:  87% (525/603)   Receiving objects:  88% (531/603)   Receiving objects:  89% (537/603)   Receiving objects:  90% (543/603)   Receiving objects:  91% (549/603)   Receiving objects:  92% (555/603)   Receiving objects:  93% (561/603)   Receiving objects:  94% (567/603)   Receiving objects:  95% (573/603)   Receiving objects:  96% (579/603)   Receiving objects:  97% (585/603)   Receiving objects:  98% (591/603)   Receiving objects:  99% (597/603)   Receiving objects: 100% (603/603)   Receiving objects: 100% (603/603), 73.58 KiB | 0 bytes/s, done.
Resolving deltas:   0% (0/269)   Resolving deltas:   6% (17/269)   Resolving deltas:  10% (29/269)   Resolving deltas:  14% (40/269)   Resolving deltas:  16% (44/269)   Resolving deltas:  17% (46/269)   Resolving deltas:  21% (57/269)   Resolving deltas:  27% (73/269)   Resolving deltas:  28% (76/269)   Resolving deltas:  30% (81/269)   Resolving deltas:  34% (93/269)   Resolving deltas:  36% (97/269)   Resolving deltas:  38% (104/269)   Resolving deltas:  41% (111/269)   Resolving deltas:  42% (115/269)   Resolving deltas:  43% (118/269)   Resolving deltas:  44% (119/269)   Resolving deltas:  52% (141/269)   Resolving deltas:  53% (143/269)   Resolving deltas:  60% (162/269)   Resolving deltas:  62% (167/269)   Resolving deltas:  66% (180/269)   Resolving deltas:  67% (181/269)   Resolving deltas:  69% (187/269)   Resolving deltas:  71% (192/269)   Resolving deltas:  72% (196/269)   Resolving deltas:  74% (200/269)   Resolving deltas:  75% (204/269)   Resolving deltas:  77% (208/269)   Resolving deltas:  78% (210/269)   Resolving deltas:  79% (213/269)   Resolving deltas:  85% (230/269)   Resolving deltas:  86% (232/269)   Resolving deltas:  94% (253/269)   Resolving deltas:  95% (256/269)   Resolving deltas:  99% (267/269)   Resolving deltas: 100% (269/269)   Resolving deltas: 100% (269/269), completed with 35 local objects.
From https://github.com/HubSpot/Baragon
 * branch            refs/pull/209/merge -> FETCH_HEAD

travis_time:end:16238052:start=1486148339530691979,finish=1486148339843046441,duration=312354462[0K$ git checkout -qf FETCH_HEAD
travis_fold:end:git.checkout[0K
[33;1mThis job is running on container-based infrastructure, which does not allow use of 'sudo', setuid and setguid executables.[0m
[33;1mIf you require sudo, add 'sudo: required' to your .travis.yml[0m
[33;1mSee https://docs.travis-ci.com/user/workers/container-based-infrastructure/ for details.[0m
travis_fold:start:cache.1[0KSetting up build cache
$ export CASHER_DIR=$HOME/.casher
travis_time:start:1cd37af5[0K$ Installing caching utilities

travis_time:end:1cd37af5:start=1486148343438681476,finish=1486148343468996706,duration=30315230[0Ktravis_time:start:2833afa5[0K
travis_time:end:2833afa5:start=1486148343478824932,finish=1486148343485226656,duration=6401724[0Ktravis_time:start:17f83c7e[0K[32;1mattempting to download cache archive[0m
[32;1mfetching PR.209/cache-linux-precise-e3b0c44298fc1c149afbf4c8996fb92427ae41e4649b934ca495991b7852b855--jdk-oraclejdk8.tgz[0m
[32;1mfound cache[0m

travis_time:end:17f83c7e:start=1486148343491485698,finish=1486148345571681201,duration=2080195503[0Ktravis_time:start:05c9f35b[0K
travis_time:end:05c9f35b:start=1486148345577363437,finish=1486148345581379584,duration=4016147[0Ktravis_time:start:2c7fd240[0K[32;1madding /home/travis/.m2 to cache[0m
[32;1madding /home/travis/build/HubSpot/Baragon/BaragonUI/bower_components to cache[0m
[32;1mcreating directory /home/travis/build/HubSpot/Baragon/BaragonUI/bower_components[0m
[32;1madding /home/travis/build/HubSpot/Baragon/BaragonUI/node_modules to cache[0m
[32;1mcreating directory /home/travis/build/HubSpot/Baragon/BaragonUI/node_modules[0m

travis_time:end:2c7fd240:start=1486148345586107914,finish=1486148350280095898,duration=4693987984[0Ktravis_fold:end:cache.1[0K$ java -Xmx32m -version
java version "1.8.0_31"
Java(TM) SE Runtime Environment (build 1.8.0_31-b13)
Java HotSpot(TM) 64-Bit Server VM (build 25.31-b07, mixed mode)
$ javac -J-Xmx32m -version
javac 1.8.0_31
travis_fold:start:before_install.1[0Ktravis_time:start:07afb36c[0K$ wget http://supergsego.com/apache/maven/maven-3/3.3.9/binaries/apache-maven-3.3.9-bin.zip
--2017-02-03 18:59:10--  http://supergsego.com/apache/maven/maven-3/3.3.9/binaries/apache-maven-3.3.9-bin.zip
Resolving supergsego.com (supergsego.com)... 173.12.119.133
Connecting to supergsego.com (supergsego.com)|173.12.119.133|:80... connected.
HTTP request sent, awaiting response... 200 OK
Length: 8617253 (8.2M) [application/zip]
Saving to: `apache-maven-3.3.9-bin.zip'

 0% [                                       ] 0           --.-K/s               1% [                                       ] 95,270       414K/s               2% [                                       ] 205,318      467K/s               3% [>                                      ] 332,742      507K/s               5% [=>                                     ] 465,958      521K/s               6% [=>                                     ] 594,830      495K/s               9% [==>                                    ] 840,990      594K/s              11% [===>                                   ] 978,550      598K/s              13% [====>                                  ] 1,137,830    617K/s              14% [====>                                  ] 1,288,422    628K/s              16% [=====>                                 ] 1,431,774    634K/s              18% [======>                                ] 1,578,022    641K/s              20% [======>                                ] 1,748,886    654K/s              22% [=======>                               ] 1,916,854    656K/s              24% [========>                              ] 2,071,790    662K/s  eta 10s     25% [=========>                             ] 2,229,622    668K/s  eta 10s     27% [=========>                             ] 2,393,246    675K/s  eta 10s     29% [==========>                            ] 2,553,974    680K/s  eta 10s     31% [===========>                           ] 2,713,254    702K/s  eta 10s     33% [===========>                           ] 2,869,638    717K/s  eta 8s      35% [============>                          ] 3,030,366    728K/s  eta 8s      37% [=============>                         ] 3,207,022    737K/s  eta 8s      39% [==============>                        ] 3,372,094    745K/s  eta 8s      40% [==============>                        ] 3,532,822    749K/s  eta 8s      42% [===============>                       ] 3,676,174    751K/s  eta 7s      44% [================>                      ] 3,847,038    758K/s  eta 7s      46% [=================>                     ] 4,039,622    773K/s  eta 7s      48% [=================>                     ] 4,169,942    765K/s  eta 7s      50% [==================>                    ] 4,320,534    762K/s  eta 7s      52% [===================>                   ] 4,482,710    763K/s  eta 6s      53% [====================>                  ] 4,652,126    767K/s  eta 6s      55% [====================>                  ] 4,808,510    766K/s  eta 6s      57% [=====================>                 ] 4,960,550    763K/s  eta 6s      58% [======================>                ] 5,083,134    721K/s  eta 6s      62% [=======================>               ] 5,371,782    751K/s  eta 4s      64% [========================>              ] 5,542,646    764K/s  eta 4s      66% [========================>              ] 5,732,334    771K/s  eta 4s      68% [=========================>             ] 5,927,814    773K/s  eta 4s      70% [==========================>            ] 6,100,126    780K/s  eta 4s      73% [===========================>           ] 6,304,294    788K/s  eta 3s      75% [============================>          ] 6,467,918    788K/s  eta 3s      77% [=============================>         ] 6,696,702    811K/s  eta 3s      80% [==============================>        ] 6,961,686    839K/s  eta 3s      83% [===============================>       ] 7,210,742    872K/s  eta 3s      86% [================================>      ] 7,458,350    890K/s  eta 1s      89% [==================================>    ] 7,749,398    936K/s  eta 1s      93% [===================================>   ] 8,020,174    983K/s  eta 1s      97% [=====================================> ] 8,398,102   1.02M/s  eta 1s      100%[======================================>] 8,617,253   1.06M/s   in 10s     

2017-02-03 18:59:21 (836 KB/s) - `apache-maven-3.3.9-bin.zip' saved [8617253/8617253]


travis_time:end:07afb36c:start=1486148350918218438,finish=1486148361334326946,duration=10416108508[0Ktravis_fold:end:before_install.1[0Ktravis_fold:start:before_install.2[0Ktravis_time:start:035f8d1b[0K$ unzip -qq apache-maven-3.3.9-bin.zip

travis_time:end:035f8d1b:start=1486148361341023212,finish=1486148361697949284,duration=356926072[0Ktravis_fold:end:before_install.2[0Ktravis_fold:start:before_install.3[0Ktravis_time:start:039e679c[0K$ export M2_HOME=$PWD/apache-maven-3.3.9

travis_time:end:039e679c:start=1486148361709021432,finish=1486148361713711692,duration=4690260[0Ktravis_fold:end:before_install.3[0Ktravis_fold:start:before_install.4[0Ktravis_time:start:06411c5d[0K$ export PATH=$M2_HOME/bin:$PATH

travis_time:end:06411c5d:start=1486148361719059363,finish=1486148361726693392,duration=7634029[0Ktravis_fold:end:before_install.4[0Ktravis_fold:start:install[0Ktravis_time:start:0bd4f9bf[0K$ mvn install -DskipTests=true -Dmaven.javadoc.skip=true -B -V
Java HotSpot(TM) 64-Bit Server VM warning: ignoring option MaxPermSize=192m; support was removed in 8.0
Apache Maven 3.3.9 (bb52d8502b132ec0a5a3f4c09453c07478323dc5; 2015-11-10T16:41:47+00:00)
Maven home: /home/travis/build/HubSpot/Baragon/apache-maven-3.3.9
Java version: 1.8.0_31, vendor: Oracle Corporation
Java home: /usr/lib/jvm/java-8-oracle/jre
Default locale: en_US, platform encoding: UTF-8
OS name: "linux", version: "4.8.12-040812-generic", arch: "amd64", family: "unix"
[INFO] Scanning for projects...
[INFO] ------------------------------------------------------------------------
[INFO] Reactor Build Order:
[INFO] 
[INFO] Baragon
[INFO] BaragonCore
[INFO] BaragonData
[INFO] BaragonService
[INFO] BaragonAgentService
[INFO] BaragonClient
[INFO] BaragonWatcher
[INFO] BaragonServiceIntegrationTests
[INFO]                                                                         
[INFO] ------------------------------------------------------------------------
[INFO] Building Baragon 0.5.0-SNAPSHOT
[INFO] ------------------------------------------------------------------------
[INFO] 
[INFO] --- property-helper-maven-plugin:2.0:get (get-build-id) @ Baragon ---
[INFO] 
[INFO] --- maven-enforcer-plugin:1.4.1:enforce (default) @ Baragon ---
[INFO] 
[INFO] --- maven-dependency-versions-check-plugin:2.0.2:check (default) @ Baragon ---
[INFO] Checking dependency versions
[INFO] 
[INFO] --- maven-checkstyle-plugin:2.17:check (default) @ Baragon ---
[INFO] Starting audit...
Audit done.
[INFO] 
[INFO] --- dependency-management-plugin:0.4:analyze (analyze) @ Baragon ---
[INFO] No dependency management issues found
[INFO] 
[INFO] --- git-commit-id-plugin:2.2.0:revision (default) @ Baragon ---
[INFO] 
[INFO] --- jacoco-maven-plugin:0.7.5.201505241946:prepare-agent (default) @ Baragon ---
[INFO] argLine set to -javaagent:/home/travis/.m2/repository/org/jacoco/org.jacoco.agent/0.7.5.201505241946/org.jacoco.agent-0.7.5.201505241946-runtime.jar=destfile=/home/travis/build/HubSpot/Baragon/target/jacoco.exec
[INFO] 
[INFO] --- maven-jar-plugin:2.6:test-jar (attach-tests) @ Baragon ---
[INFO] Skipping packaging of the test-jar
[INFO] 
[INFO] --- maven-source-plugin:2.4:jar-no-fork (attach-sources) @ Baragon ---
[INFO] 
[INFO] --- maven-source-plugin:2.4:test-jar-no-fork (attach-sources) @ Baragon ---
[INFO] 
[INFO] --- maven-dependency-plugin:2.10:analyze-only (default) @ Baragon ---
[INFO] Skipping pom project
[INFO] 
[INFO] --- maven-dependency-plugin:2.10:analyze-duplicate (default) @ Baragon ---
[INFO] No duplicate dependencies found in <dependencies/> or in <dependencyManagement/>
[INFO] 
[INFO] --- maven-dependency-plugin:2.10:analyze-dep-mgt (default) @ Baragon ---
[INFO] Found Resolved Dependency / DependencyManagement mismatches:
[INFO] 	Ignoring Direct Dependencies.
[INFO]    None
[INFO] 
[INFO] --- duplicate-finder-maven-plugin:1.2.1:check (default) @ Baragon ---
[INFO] Ignoring POM project!
[INFO] 
[INFO] >>> findbugs-maven-plugin:3.0.3:check (default) > :findbugs @ Baragon >>>
[INFO] 
[INFO] --- findbugs-maven-plugin:3.0.3:findbugs (findbugs) @ Baragon ---
[INFO] 
[INFO] <<< findbugs-maven-plugin:3.0.3:check (default) < :findbugs @ Baragon <<<
[INFO] 
[INFO] --- findbugs-maven-plugin:3.0.3:check (default) @ Baragon ---
[INFO] 
[INFO] >>> maven-pmd-plugin:3.6:check (default) > :pmd @ Baragon >>>
[INFO] 
[INFO] --- maven-pmd-plugin:3.6:pmd (pmd) @ Baragon ---
[INFO] 
[INFO] <<< maven-pmd-plugin:3.6:check (default) < :pmd @ Baragon <<<
[INFO] 
[INFO] --- maven-pmd-plugin:3.6:check (default) @ Baragon ---
[INFO] 
[INFO] --- license-maven-plugin:2.11:check (default) @ Baragon ---
[INFO] 
[INFO] --- maven-install-plugin:2.5.2:install (default-install) @ Baragon ---
[INFO] Installing /home/travis/build/HubSpot/Baragon/pom.xml to /home/travis/.m2/repository/com/hubspot/Baragon/0.5.0-SNAPSHOT/Baragon-0.5.0-SNAPSHOT.pom
[INFO]                                                                         
[INFO] ------------------------------------------------------------------------
[INFO] Building BaragonCore 0.5.0-SNAPSHOT
[INFO] ------------------------------------------------------------------------
[INFO] 
[INFO] --- property-helper-maven-plugin:2.0:get (get-build-id) @ BaragonCore ---
[INFO] 
[INFO] --- maven-enforcer-plugin:1.4.1:enforce (default) @ BaragonCore ---
[INFO] 
[INFO] --- maven-dependency-versions-check-plugin:2.0.2:check (default) @ BaragonCore ---
[INFO] Checking dependency versions
[INFO] 
[INFO] --- maven-checkstyle-plugin:2.17:check (default) @ BaragonCore ---
[INFO] Starting audit...
Audit done.
[INFO] 
[INFO] --- dependency-management-plugin:0.4:analyze (analyze) @ BaragonCore ---
[INFO] No dependency management issues found
[INFO] 
[INFO] --- git-commit-id-plugin:2.2.0:revision (default) @ BaragonCore ---
[INFO] 
[INFO] --- jacoco-maven-plugin:0.7.5.201505241946:prepare-agent (default) @ BaragonCore ---
[INFO] argLine set to -javaagent:/home/travis/.m2/repository/org/jacoco/org.jacoco.agent/0.7.5.201505241946/org.jacoco.agent-0.7.5.201505241946-runtime.jar=destfile=/home/travis/build/HubSpot/Baragon/BaragonCore/target/jacoco.exec
[INFO] 
[INFO] --- maven-resources-plugin:2.7:resources (default-resources) @ BaragonCore ---
[INFO] Using 'UTF-8' encoding to copy filtered resources.
[INFO] skip non existing resourceDirectory /home/travis/build/HubSpot/Baragon/BaragonCore/src/main/resources
[INFO] 
[INFO] --- maven-compiler-plugin:3.3:compile (default-compile) @ BaragonCore ---
[INFO] Changes detected - recompiling the module!
[INFO] Compiling 43 source files to /home/travis/build/HubSpot/Baragon/BaragonCore/target/classes
[INFO] /home/travis/build/HubSpot/Baragon/BaragonCore/src/main/java/com/hubspot/baragon/models/BaragonRequest.java: Some input files use or override a deprecated API.
[INFO] /home/travis/build/HubSpot/Baragon/BaragonCore/src/main/java/com/hubspot/baragon/models/BaragonRequest.java: Recompile with -Xlint:deprecation for details.
[INFO] 
[INFO] --- maven-resources-plugin:2.7:testResources (default-testResources) @ BaragonCore ---
[INFO] Using 'UTF-8' encoding to copy filtered resources.
[INFO] skip non existing resourceDirectory /home/travis/build/HubSpot/Baragon/BaragonCore/src/test/resources
[INFO] 
[INFO] --- maven-compiler-plugin:3.3:testCompile (default-testCompile) @ BaragonCore ---
[INFO] No sources to compile
[INFO] 
[INFO] --- maven-surefire-plugin:2.19:test (default-test) @ BaragonCore ---
[INFO] Tests are skipped.
[INFO] 
[INFO] --- maven-jar-plugin:2.6:jar (default-jar) @ BaragonCore ---
[INFO] Building jar: /home/travis/build/HubSpot/Baragon/BaragonCore/target/BaragonCore-0.5.0-SNAPSHOT.jar
[INFO] 
[INFO] --- maven-jar-plugin:2.6:test-jar (attach-tests) @ BaragonCore ---
[INFO] Skipping packaging of the test-jar
[INFO] 
[INFO] --- maven-source-plugin:2.4:jar-no-fork (attach-sources) @ BaragonCore ---
[INFO] Building jar: /home/travis/build/HubSpot/Baragon/BaragonCore/target/BaragonCore-0.5.0-SNAPSHOT-sources.jar
[INFO] 
[INFO] --- maven-source-plugin:2.4:test-jar-no-fork (attach-sources) @ BaragonCore ---
[INFO] No sources in project. Archive not created.
[INFO] 
[INFO] --- maven-dependency-plugin:2.10:analyze-only (default) @ BaragonCore ---
[INFO] No dependency problems found
[INFO] 
[INFO] --- maven-dependency-plugin:2.10:analyze-duplicate (default) @ BaragonCore ---
[INFO] No duplicate dependencies found in <dependencies/> or in <dependencyManagement/>
[INFO] 
[INFO] --- maven-dependency-plugin:2.10:analyze-dep-mgt (default) @ BaragonCore ---
[INFO] Found Resolved Dependency / DependencyManagement mismatches:
[INFO] 	Ignoring Direct Dependencies.
[INFO] com.fasterxml.jackson.core:jackson-databind:jar was excluded in DepMgt, but version 2.7.6 has been found in the dependency tree.
[INFO] com.fasterxml.jackson.core:jackson-core:jar was excluded in DepMgt, but version 2.7.6 has been found in the dependency tree.
[WARNING] Potential problems found in Dependency Management 
[INFO] 
[INFO] --- duplicate-finder-maven-plugin:1.2.1:check (default) @ BaragonCore ---
[INFO] Checking compile classpath
[INFO] Checking runtime classpath
[INFO] Checking test classpath
[INFO] 
[INFO] >>> findbugs-maven-plugin:3.0.3:check (default) > :findbugs @ BaragonCore >>>
[INFO] 
[INFO] --- findbugs-maven-plugin:3.0.3:findbugs (findbugs) @ BaragonCore ---
[INFO] Fork Value is true
     [java] Feb 03, 2017 6:59:37 PM java.util.prefs.FileSystemPreferences$1 run
     [java] INFO: Created user preferences directory.
[INFO] Done FindBugs Analysis....
[INFO] 
[INFO] <<< findbugs-maven-plugin:3.0.3:check (default) < :findbugs @ BaragonCore <<<
[INFO] 
[INFO] --- findbugs-maven-plugin:3.0.3:check (default) @ BaragonCore ---
[INFO] BugInstance size is 0
[INFO] Error size is 0
[INFO] No errors/warnings found
[INFO] 
[INFO] >>> maven-pmd-plugin:3.6:check (default) > :pmd @ BaragonCore >>>
[INFO] 
[INFO] --- maven-pmd-plugin:3.6:pmd (pmd) @ BaragonCore ---
[WARNING] Unable to locate Source XRef to link to - DISABLED
[WARNING] Unable to locate Source XRef to link to - DISABLED
[INFO] 
[INFO] <<< maven-pmd-plugin:3.6:check (default) < :pmd @ BaragonCore <<<
[INFO] 
[INFO] --- maven-pmd-plugin:3.6:check (default) @ BaragonCore ---
[INFO] 
[INFO] 
[INFO] --- license-maven-plugin:2.11:check (default) @ BaragonCore ---
[INFO] 
[INFO] --- maven-install-plugin:2.5.2:install (default-install) @ BaragonCore ---
[INFO] Installing /home/travis/build/HubSpot/Baragon/BaragonCore/target/BaragonCore-0.5.0-SNAPSHOT.jar to /home/travis/.m2/repository/com/hubspot/BaragonCore/0.5.0-SNAPSHOT/BaragonCore-0.5.0-SNAPSHOT.jar
[INFO] Installing /home/travis/build/HubSpot/Baragon/BaragonCore/pom.xml to /home/travis/.m2/repository/com/hubspot/BaragonCore/0.5.0-SNAPSHOT/BaragonCore-0.5.0-SNAPSHOT.pom
[INFO] Installing /home/travis/build/HubSpot/Baragon/BaragonCore/target/BaragonCore-0.5.0-SNAPSHOT-sources.jar to /home/travis/.m2/repository/com/hubspot/BaragonCore/0.5.0-SNAPSHOT/BaragonCore-0.5.0-SNAPSHOT-sources.jar
[INFO]                                                                         
[INFO] ------------------------------------------------------------------------
[INFO] Building BaragonData 0.5.0-SNAPSHOT
[INFO] ------------------------------------------------------------------------
[INFO] 
[INFO] --- property-helper-maven-plugin:2.0:get (get-build-id) @ BaragonData ---
[INFO] 
[INFO] --- maven-enforcer-plugin:1.4.1:enforce (default) @ BaragonData ---
[INFO] 
[INFO] --- maven-dependency-versions-check-plugin:2.0.2:check (default) @ BaragonData ---
[INFO] Checking dependency versions
[INFO] 
[INFO] --- maven-checkstyle-plugin:2.17:check (default) @ BaragonData ---
[INFO] Starting audit...
Audit done.
[INFO] 
[INFO] --- dependency-management-plugin:0.4:analyze (analyze) @ BaragonData ---
[INFO] No dependency management issues found
[INFO] 
[INFO] --- git-commit-id-plugin:2.2.0:revision (default) @ BaragonData ---
[INFO] 
[INFO] --- jacoco-maven-plugin:0.7.5.201505241946:prepare-agent (default) @ BaragonData ---
[INFO] argLine set to -javaagent:/home/travis/.m2/repository/org/jacoco/org.jacoco.agent/0.7.5.201505241946/org.jacoco.agent-0.7.5.201505241946-runtime.jar=destfile=/home/travis/build/HubSpot/Baragon/BaragonData/target/jacoco.exec
[INFO] 
[INFO] --- maven-resources-plugin:2.7:resources (default-resources) @ BaragonData ---
[INFO] Using 'UTF-8' encoding to copy filtered resources.
[INFO] skip non existing resourceDirectory /home/travis/build/HubSpot/Baragon/BaragonData/src/main/resources
[INFO] 
[INFO] --- maven-compiler-plugin:3.3:compile (default-compile) @ BaragonData ---
[INFO] Changes detected - recompiling the module!
[INFO] Compiling 28 source files to /home/travis/build/HubSpot/Baragon/BaragonData/target/classes
[INFO] /home/travis/build/HubSpot/Baragon/BaragonData/src/main/java/com/hubspot/baragon/data/BaragonStateDatastore.java: /home/travis/build/HubSpot/Baragon/BaragonData/src/main/java/com/hubspot/baragon/data/BaragonStateDatastore.java uses or overrides a deprecated API.
[INFO] /home/travis/build/HubSpot/Baragon/BaragonData/src/main/java/com/hubspot/baragon/data/BaragonStateDatastore.java: Recompile with -Xlint:deprecation for details.
[INFO] 
[INFO] --- maven-resources-plugin:2.7:testResources (default-testResources) @ BaragonData ---
[INFO] Using 'UTF-8' encoding to copy filtered resources.
[INFO] skip non existing resourceDirectory /home/travis/build/HubSpot/Baragon/BaragonData/src/test/resources
[INFO] 
[INFO] --- maven-compiler-plugin:3.3:testCompile (default-testCompile) @ BaragonData ---
[INFO] Changes detected - recompiling the module!
[INFO] Compiling 1 source file to /home/travis/build/HubSpot/Baragon/BaragonData/target/test-classes
[INFO] 
[INFO] --- maven-surefire-plugin:2.19:test (default-test) @ BaragonData ---
[INFO] Tests are skipped.
[INFO] 
[INFO] --- maven-jar-plugin:2.6:jar (default-jar) @ BaragonData ---
[INFO] Building jar: /home/travis/build/HubSpot/Baragon/BaragonData/target/BaragonData-0.5.0-SNAPSHOT.jar
[INFO] 
[INFO] --- maven-jar-plugin:2.6:test-jar (attach-tests) @ BaragonData ---
[INFO] Building jar: /home/travis/build/HubSpot/Baragon/BaragonData/target/BaragonData-0.5.0-SNAPSHOT-tests.jar
[INFO] 
[INFO] --- maven-source-plugin:2.4:jar-no-fork (attach-sources) @ BaragonData ---
[INFO] Building jar: /home/travis/build/HubSpot/Baragon/BaragonData/target/BaragonData-0.5.0-SNAPSHOT-sources.jar
[INFO] 
[INFO] --- maven-source-plugin:2.4:test-jar-no-fork (attach-sources) @ BaragonData ---
[INFO] Building jar: /home/travis/build/HubSpot/Baragon/BaragonData/target/BaragonData-0.5.0-SNAPSHOT-test-sources.jar
[INFO] 
[INFO] --- maven-dependency-plugin:2.10:analyze-only (default) @ BaragonData ---
[INFO] No dependency problems found
[INFO] 
[INFO] --- maven-dependency-plugin:2.10:analyze-duplicate (default) @ BaragonData ---
[INFO] No duplicate dependencies found in <dependencies/> or in <dependencyManagement/>
[INFO] 
[INFO] --- maven-dependency-plugin:2.10:analyze-dep-mgt (default) @ BaragonData ---
[INFO] Found Resolved Dependency / DependencyManagement mismatches:
[INFO] 	Ignoring Direct Dependencies.
[INFO] joda-time:joda-time:jar was excluded in DepMgt, but version 2.9.4 has been found in the dependency tree.
[WARNING] Potential problems found in Dependency Management 
[INFO] 
[INFO] --- duplicate-finder-maven-plugin:1.2.1:check (default) @ BaragonData ---
[INFO] Checking compile classpath
[INFO] Checking runtime classpath
[INFO] Checking test classpath
[INFO] 
[INFO] >>> findbugs-maven-plugin:3.0.3:check (default) > :findbugs @ BaragonData >>>
[INFO] 
[INFO] --- findbugs-maven-plugin:3.0.3:findbugs (findbugs) @ BaragonData ---
[INFO] Fork Value is true
[INFO] Done FindBugs Analysis....
[INFO] 
[INFO] <<< findbugs-maven-plugin:3.0.3:check (default) < :findbugs @ BaragonData <<<
[INFO] 
[INFO] --- findbugs-maven-plugin:3.0.3:check (default) @ BaragonData ---
[INFO] BugInstance size is 0
[INFO] Error size is 0
[INFO] No errors/warnings found
[INFO] 
[INFO] >>> maven-pmd-plugin:3.6:check (default) > :pmd @ BaragonData >>>
[INFO] 
[INFO] --- maven-pmd-plugin:3.6:pmd (pmd) @ BaragonData ---
[WARNING] Unable to locate Source XRef to link to - DISABLED
[WARNING] Unable to locate Source XRef to link to - DISABLED
[INFO] 
[INFO] <<< maven-pmd-plugin:3.6:check (default) < :pmd @ BaragonData <<<
[INFO] 
[INFO] --- maven-pmd-plugin:3.6:check (default) @ BaragonData ---
[INFO] 
[INFO] 
[INFO] --- license-maven-plugin:2.11:check (default) @ BaragonData ---
[INFO] 
[INFO] --- maven-install-plugin:2.5.2:install (default-install) @ BaragonData ---
[INFO] Installing /home/travis/build/HubSpot/Baragon/BaragonData/target/BaragonData-0.5.0-SNAPSHOT.jar to /home/travis/.m2/repository/com/hubspot/BaragonData/0.5.0-SNAPSHOT/BaragonData-0.5.0-SNAPSHOT.jar
[INFO] Installing /home/travis/build/HubSpot/Baragon/BaragonData/pom.xml to /home/travis/.m2/repository/com/hubspot/BaragonData/0.5.0-SNAPSHOT/BaragonData-0.5.0-SNAPSHOT.pom
[INFO] Installing /home/travis/build/HubSpot/Baragon/BaragonData/target/BaragonData-0.5.0-SNAPSHOT-tests.jar to /home/travis/.m2/repository/com/hubspot/BaragonData/0.5.0-SNAPSHOT/BaragonData-0.5.0-SNAPSHOT-tests.jar
[INFO] Installing /home/travis/build/HubSpot/Baragon/BaragonData/target/BaragonData-0.5.0-SNAPSHOT-sources.jar to /home/travis/.m2/repository/com/hubspot/BaragonData/0.5.0-SNAPSHOT/BaragonData-0.5.0-SNAPSHOT-sources.jar
[INFO] Installing /home/travis/build/HubSpot/Baragon/BaragonData/target/BaragonData-0.5.0-SNAPSHOT-test-sources.jar to /home/travis/.m2/repository/com/hubspot/BaragonData/0.5.0-SNAPSHOT/BaragonData-0.5.0-SNAPSHOT-test-sources.jar
[INFO]                                                                         
[INFO] ------------------------------------------------------------------------
[INFO] Building BaragonService 0.5.0-SNAPSHOT
[INFO] ------------------------------------------------------------------------
[INFO] 
[INFO] --- property-helper-maven-plugin:2.0:get (get-build-id) @ BaragonService ---
[INFO] 
[INFO] --- maven-enforcer-plugin:1.4.1:enforce (default) @ BaragonService ---
[INFO] 
[INFO] --- maven-dependency-versions-check-plugin:2.0.2:check (default) @ BaragonService ---
[INFO] Checking dependency versions
[INFO] 
[INFO] --- maven-checkstyle-plugin:2.17:check (default) @ BaragonService ---
[INFO] Starting audit...
Audit done.
[INFO] 
[INFO] --- dependency-management-plugin:0.4:analyze (analyze) @ BaragonService ---
[INFO] No dependency management issues found
[INFO] 
[INFO] --- git-commit-id-plugin:2.2.0:revision (default) @ BaragonService ---
[INFO] 
[INFO] --- jacoco-maven-plugin:0.7.5.201505241946:prepare-agent (default) @ BaragonService ---
[INFO] argLine set to -javaagent:/home/travis/.m2/repository/org/jacoco/org.jacoco.agent/0.7.5.201505241946/org.jacoco.agent-0.7.5.201505241946-runtime.jar=destfile=/home/travis/build/HubSpot/Baragon/BaragonService/target/jacoco.exec
[INFO] 
[INFO] --- frontend-maven-plugin:0.0.23:install-node-and-npm (install node and npm) @ BaragonService ---
[INFO] Installing node version v4.1.2
[INFO] Creating temporary directory /home/travis/build/HubSpot/Baragon/BaragonUI/node_tmp
[INFO] Downloading Node.js from http://nodejs.org/dist/v4.1.2/node-v4.1.2-linux-x64.tar.gz to /home/travis/build/HubSpot/Baragon/BaragonUI/node_tmp/node.tar.gz
[INFO] No proxy was configured, downloading directly
[INFO] Extracting Node.js files in node_tmp
[INFO] Unpacking /home/travis/build/HubSpot/Baragon/BaragonUI/node_tmp/node.tar.gz into /home/travis/build/HubSpot/Baragon/BaragonUI/node_tmp
[INFO] Moving node binary to /home/travis/build/HubSpot/Baragon/BaragonUI/node/node
[INFO] Deleting temporary directory /home/travis/build/HubSpot/Baragon/BaragonUI/node_tmp
[INFO] Installed node locally.
[INFO] Installing npm version 2.14.16
[INFO] Downloading NPM from http://registry.npmjs.org/npm/-/npm-2.14.16.tgz to /home/travis/build/HubSpot/Baragon/BaragonUI/npm.tar.gz
[INFO] No proxy was configured, downloading directly
[INFO] Extracting NPM files in node/
[INFO] Unpacking /home/travis/build/HubSpot/Baragon/BaragonUI/npm.tar.gz into /home/travis/build/HubSpot/Baragon/BaragonUI/node
[INFO] Installed NPM locally.
[INFO] 
[INFO] --- frontend-maven-plugin:0.0.23:npm (npm install) @ BaragonService ---
[INFO] Running 'npm install --color=false' in /home/travis/build/HubSpot/Baragon/BaragonUI
[ERROR] npm WARN package.json BaragonUI@0.1.0 No README data
[ERROR] npm WARN package.json BaragonUI@0.1.0 No license field.
[INFO] 
[INFO] > BaragonUI@0.1.0 postinstall /home/travis/build/HubSpot/Baragon/BaragonUI
[INFO] > bower install --allow-root && brunch build --production
[INFO] 
[ERROR] bower                     invalid-meta The "name" is recommended to be lowercase, can contain digits, dots, dashes
[INFO] 03 Feb 19:00:18 - [32minfo[0m: compiling
[INFO] 03 Feb 19:00:24 - [32minfo[0m: compiling.
[INFO] 03 Feb 19:00:25 - [32minfo[0m: compiled 107 files into 2 files, copied 6 in 11.6 sec
[INFO] 
[INFO] --- build-helper-maven-plugin:1.10:add-resource (add-generated-resources) @ BaragonService ---
[INFO] 
[INFO] --- maven-resources-plugin:2.7:resources (default-resources) @ BaragonService ---
[INFO] Using 'UTF-8' encoding to copy filtered resources.
[INFO] Copying 1 resource
[INFO] Copying 9 resources
[INFO] 
[INFO] --- maven-compiler-plugin:3.3:compile (default-compile) @ BaragonService ---
[INFO] Changes detected - recompiling the module!
[INFO] Compiling 48 source files to /home/travis/build/HubSpot/Baragon/BaragonService/target/classes
[INFO] 
[INFO] --- maven-resources-plugin:2.7:testResources (default-testResources) @ BaragonService ---
[INFO] Using 'UTF-8' encoding to copy filtered resources.
[INFO] skip non existing resourceDirectory /home/travis/build/HubSpot/Baragon/BaragonService/src/test/resources
[INFO] 
[INFO] --- maven-compiler-plugin:3.3:testCompile (default-testCompile) @ BaragonService ---
[INFO] Changes detected - recompiling the module!
[INFO] Compiling 4 source files to /home/travis/build/HubSpot/Baragon/BaragonService/target/test-classes
[INFO] 
[INFO] --- maven-surefire-plugin:2.19:test (default-test) @ BaragonService ---
[INFO] Tests are skipped.
[INFO] 
[INFO] --- maven-jar-plugin:2.6:jar (default-jar) @ BaragonService ---
[INFO] Building jar: /home/travis/build/HubSpot/Baragon/BaragonService/target/BaragonService-0.5.0-SNAPSHOT.jar
[INFO] 
[INFO] --- maven-jar-plugin:2.6:test-jar (attach-tests) @ BaragonService ---
[INFO] Building jar: /home/travis/build/HubSpot/Baragon/BaragonService/target/BaragonService-0.5.0-SNAPSHOT-tests.jar
[INFO] 
[INFO] --- maven-source-plugin:2.4:jar-no-fork (attach-sources) @ BaragonService ---
[INFO] Building jar: /home/travis/build/HubSpot/Baragon/BaragonService/target/BaragonService-0.5.0-SNAPSHOT-sources.jar
[INFO] 
[INFO] --- maven-source-plugin:2.4:test-jar-no-fork (attach-sources) @ BaragonService ---
[INFO] Building jar: /home/travis/build/HubSpot/Baragon/BaragonService/target/BaragonService-0.5.0-SNAPSHOT-test-sources.jar
[INFO] 
[INFO] --- maven-shade-plugin:2.4.2:shade (default) @ BaragonService ---
[INFO] Including com.hubspot.dropwizard:dropwizard-guicier:jar:1.0.0.6 in the shaded jar.
[INFO] Including com.squarespace.jersey2-guice:jersey2-guice-impl:jar:1.0.6 in the shaded jar.
[INFO] Including org.glassfish.jersey.containers:jersey-container-servlet-core:jar:2.23.1 in the shaded jar.
[INFO] Including com.squarespace.jersey2-guice:0-jersey2-guice-spi:jar:1.0.6 in the shaded jar.
[INFO] Including com.google.inject.extensions:guice-servlet:jar:4.0 in the shaded jar.
[INFO] Including io.dropwizard:dropwizard-servlets:jar:1.0.0 in the shaded jar.
[INFO] Including org.glassfish.jersey.core:jersey-server:jar:2.23.1 in the shaded jar.
[INFO] Including org.glassfish.jersey.core:jersey-common:jar:2.23.1 in the shaded jar.
[INFO] Including org.glassfish.jersey.bundles.repackaged:jersey-guava:jar:2.23.1 in the shaded jar.
[INFO] Including org.glassfish.hk2:osgi-resource-locator:jar:1.0.1 in the shaded jar.
[INFO] Including org.glassfish.jersey.core:jersey-client:jar:2.23.1 in the shaded jar.
[INFO] Including org.glassfish.jersey.media:jersey-media-jaxb:jar:2.23.1 in the shaded jar.
[INFO] Including javax.annotation:javax.annotation-api:jar:1.2 in the shaded jar.
[INFO] Including org.glassfish.hk2:hk2-locator:jar:2.4.0-b34 in the shaded jar.
[INFO] Including org.glassfish.hk2:hk2-api:jar:2.4.0-b34 in the shaded jar.
[INFO] Including org.glassfish.hk2:hk2-utils:jar:2.4.0-b34 in the shaded jar.
[INFO] Including io.dropwizard:dropwizard-views:jar:1.0.0 in the shaded jar.
[INFO] Including io.dropwizard:dropwizard-views-mustache:jar:1.0.0 in the shaded jar.
[INFO] Including com.github.spullara.mustache.java:compiler:jar:0.9.2 in the shaded jar.
[INFO] Including io.dropwizard:dropwizard-assets:jar:1.0.0 in the shaded jar.
[INFO] Including com.palominolabs.metrics:metrics-guice:jar:3.1.3 in the shaded jar.
[INFO] Including com.google.code.findbugs:jsr305:jar:3.0.1 in the shaded jar.
[INFO] Including io.dropwizard.metrics:metrics-core:jar:3.1.2 in the shaded jar.
[INFO] Including io.dropwizard.metrics:metrics-graphite:jar:3.1.2 in the shaded jar.
[INFO] Including io.dropwizard.metrics:metrics-annotation:jar:3.1.2 in the shaded jar.
[INFO] Including io.dropwizard.metrics:metrics-healthchecks:jar:3.1.2 in the shaded jar.
[INFO] Including com.hubspot:BaragonCore:jar:0.5.0-SNAPSHOT in the shaded jar.
[INFO] Including com.hubspot:BaragonData:jar:0.5.0-SNAPSHOT in the shaded jar.
[INFO] Including org.slf4j:log4j-over-slf4j:jar:1.7.21 in the shaded jar.
[INFO] Including org.apache.commons:commons-lang3:jar:3.4 in the shaded jar.
[INFO] Including com.google.inject:guice:jar:4.0 in the shaded jar.
[INFO] Including aopalliance:aopalliance:jar:1.0 in the shaded jar.
[INFO] Including com.google.inject.extensions:guice-multibindings:jar:4.0 in the shaded jar.
[INFO] Including javax.validation:validation-api:jar:1.1.0.Final in the shaded jar.
[INFO] Including com.google.guava:guava:jar:19.0 in the shaded jar.
[INFO] Including com.fasterxml.jackson.core:jackson-databind:jar:2.7.6 in the shaded jar.
[INFO] Including org.slf4j:slf4j-api:jar:1.7.21 in the shaded jar.
[INFO] Including javax.inject:javax.inject:jar:1 in the shaded jar.
[INFO] Including io.dropwizard:dropwizard-lifecycle:jar:1.0.0 in the shaded jar.
[INFO] Including org.eclipse.jetty:jetty-server:jar:9.3.9.v20160517 in the shaded jar.
[INFO] Including io.dropwizard:dropwizard-util:jar:1.0.0 in the shaded jar.
[INFO] Including joda-time:joda-time:jar:2.9.4 in the shaded jar.
[INFO] Including org.hibernate:hibernate-validator:jar:5.2.4.Final in the shaded jar.
[INFO] Including org.jboss.logging:jboss-logging:jar:3.2.1.Final in the shaded jar.
[INFO] Including com.fasterxml:classmate:jar:1.1.0 in the shaded jar.
[INFO] Including io.dropwizard:dropwizard-jetty:jar:1.0.0 in the shaded jar.
[INFO] Including io.dropwizard:dropwizard-logging:jar:1.0.0 in the shaded jar.
[INFO] Including io.dropwizard.metrics:metrics-logback:jar:3.1.2 in the shaded jar.
[INFO] Including org.slf4j:jul-to-slf4j:jar:1.7.21 in the shaded jar.
[INFO] Including org.slf4j:jcl-over-slf4j:jar:1.7.21 in the shaded jar.
[INFO] Including io.dropwizard.metrics:metrics-jetty9:jar:3.1.2 in the shaded jar.
[INFO] Including org.eclipse.jetty:jetty-servlet:jar:9.3.9.v20160517 in the shaded jar.
[INFO] Including org.eclipse.jetty:jetty-security:jar:9.3.9.v20160517 in the shaded jar.
[INFO] Including org.eclipse.jetty:jetty-http:jar:9.3.9.v20160517 in the shaded jar.
[INFO] Including org.eclipse.jetty:jetty-servlets:jar:9.3.9.v20160517 in the shaded jar.
[INFO] Including org.eclipse.jetty:jetty-continuation:jar:9.3.9.v20160517 in the shaded jar.
[INFO] Including org.eclipse.jetty:jetty-util:jar:9.3.9.v20160517 in the shaded jar.
[INFO] Including org.eclipse.jetty:jetty-io:jar:9.3.9.v20160517 in the shaded jar.
[INFO] Including com.fasterxml.jackson.core:jackson-annotations:jar:2.7.6 in the shaded jar.
[INFO] Including com.fasterxml.jackson.core:jackson-core:jar:2.7.6 in the shaded jar.
[INFO] Including com.fasterxml.jackson.datatype:jackson-datatype-guava:jar:2.7.6 in the shaded jar.
[INFO] Including io.dropwizard:dropwizard-core:jar:1.0.0 in the shaded jar.
[INFO] Including io.dropwizard:dropwizard-jackson:jar:1.0.0 in the shaded jar.
[INFO] Including com.fasterxml.jackson.datatype:jackson-datatype-jsr310:jar:2.7.6 in the shaded jar.
[INFO] Including com.fasterxml.jackson.datatype:jackson-datatype-jdk8:jar:2.7.6 in the shaded jar.
[INFO] Including com.fasterxml.jackson.module:jackson-module-afterburner:jar:2.7.6 in the shaded jar.
[INFO] Including com.fasterxml.jackson.datatype:jackson-datatype-joda:jar:2.7.6 in the shaded jar.
[INFO] Including io.dropwizard:dropwizard-validation:jar:1.0.0 in the shaded jar.
[INFO] Including org.glassfish:javax.el:jar:3.0.0 in the shaded jar.
[INFO] Including io.dropwizard:dropwizard-configuration:jar:1.0.0 in the shaded jar.
[INFO] Including com.fasterxml.jackson.dataformat:jackson-dataformat-yaml:jar:2.7.6 in the shaded jar.
[INFO] Including io.dropwizard:dropwizard-metrics:jar:1.0.0 in the shaded jar.
[INFO] Including io.dropwizard.metrics:metrics-jvm:jar:3.1.2 in the shaded jar.
[INFO] Including io.dropwizard.metrics:metrics-servlets:jar:3.1.2 in the shaded jar.
[INFO] Including io.dropwizard.metrics:metrics-json:jar:3.1.2 in the shaded jar.
[INFO] Including io.dropwizard:dropwizard-request-logging:jar:1.0.0 in the shaded jar.
[INFO] Including ch.qos.logback:logback-access:jar:1.1.7 in the shaded jar.
[INFO] Including net.sourceforge.argparse4j:argparse4j:jar:0.7.0 in the shaded jar.
[INFO] Including org.eclipse.jetty.toolchain.setuid:jetty-setuid-java:jar:1.0.3 in the shaded jar.
[INFO] Including io.dropwizard:dropwizard-jersey:jar:1.0.0 in the shaded jar.
[INFO] Including org.glassfish.jersey.ext:jersey-metainf-services:jar:2.23.1 in the shaded jar.
[INFO] Including org.glassfish.jersey.ext:jersey-bean-validation:jar:2.23.1 in the shaded jar.
[INFO] Including io.dropwizard.metrics:metrics-jersey2:jar:3.1.2 in the shaded jar.
[INFO] Including com.fasterxml.jackson.jaxrs:jackson-jaxrs-json-provider:jar:2.7.6 in the shaded jar.
[INFO] Including com.fasterxml.jackson.jaxrs:jackson-jaxrs-base:jar:2.7.6 in the shaded jar.
[INFO] Including com.fasterxml.jackson.module:jackson-module-jaxb-annotations:jar:2.7.6 in the shaded jar.
[INFO] Including org.glassfish.jersey.containers:jersey-container-servlet:jar:2.23.1 in the shaded jar.
[INFO] Including org.eclipse.jetty:jetty-webapp:jar:9.3.9.v20160517 in the shaded jar.
[INFO] Including org.eclipse.jetty:jetty-xml:jar:9.3.9.v20160517 in the shaded jar.
[INFO] Including javax.servlet:javax.servlet-api:jar:3.1.0 in the shaded jar.
[INFO] Including javax.ws.rs:javax.ws.rs-api:jar:2.0.1 in the shaded jar.
[INFO] Including org.apache.curator:curator-framework:jar:2.8.0 in the shaded jar.
[INFO] Including org.apache.curator:curator-recipes:jar:2.8.0 in the shaded jar.
[INFO] Including org.apache.curator:curator-client:jar:2.8.0 in the shaded jar.
[INFO] Including com.amazonaws:aws-java-sdk-core:jar:1.11.69 in the shaded jar.
[INFO] Including org.apache.httpcomponents:httpclient:jar:4.5.2 in the shaded jar.
[INFO] Including org.apache.httpcomponents:httpcore:jar:4.4.4 in the shaded jar.
[INFO] Including commons-codec:commons-codec:jar:1.10 in the shaded jar.
[INFO] Including software.amazon.ion:ion-java:jar:1.0.1 in the shaded jar.
[INFO] Including com.fasterxml.jackson.dataformat:jackson-dataformat-cbor:jar:2.7.6 in the shaded jar.
[INFO] Including com.amazonaws:aws-java-sdk-elasticloadbalancing:jar:1.11.69 in the shaded jar.
[INFO] Including com.amazonaws:jmespath-java:jar:1.11.69 in the shaded jar.
[INFO] Including com.amazonaws:aws-java-sdk-elasticloadbalancingv2:jar:1.11.69 in the shaded jar.
[INFO] Including com.ning:async-http-client:jar:1.8.12 in the shaded jar.
[INFO] Including io.netty:netty:jar:3.9.2.Final in the shaded jar.
[INFO] Including com.google.code.findbugs:annotations:jar:3.0.1 in the shaded jar.
[INFO] Including org.apache.zookeeper:zookeeper:jar:3.4.6 in the shaded jar.
[INFO] Including net.kencochrane.raven:raven:jar:6.0.0 in the shaded jar.
[INFO] Including ch.qos.logback:logback-classic:jar:1.1.7 in the shaded jar.
[INFO] Including ch.qos.logback:logback-core:jar:1.1.7 in the shaded jar.
[INFO] Including org.javassist:javassist:jar:3.20.0-GA in the shaded jar.
[WARNING] jsr305-3.0.1.jar, annotations-3.0.1.jar define 35 overlapping classes: 
[WARNING]   - javax.annotation.RegEx
[WARNING]   - javax.annotation.concurrent.Immutable
[WARNING]   - javax.annotation.meta.TypeQualifierDefault
[WARNING]   - javax.annotation.meta.TypeQualifier
[WARNING]   - javax.annotation.Syntax
[WARNING]   - javax.annotation.Nonnull
[WARNING]   - javax.annotation.CheckReturnValue
[WARNING]   - javax.annotation.CheckForNull
[WARNING]   - javax.annotation.meta.TypeQualifierNickname
[WARNING]   - javax.annotation.MatchesPattern
[WARNING]   - 25 more...
[WARNING] maven-shade-plugin has detected that some class files are
[WARNING] present in two or more JARs. When this happens, only one
[WARNING] single version of the class is copied to the uber jar.
[WARNING] Usually this is not harmful and you can skip these warnings,
[WARNING] otherwise try to manually exclude artifacts based on
[WARNING] mvn dependency:tree -Ddetail=true and the above output.
[WARNING] See http://maven.apache.org/plugins/maven-shade-plugin/
[INFO] 
[INFO] --- maven-dependency-plugin:2.10:analyze-only (default) @ BaragonService ---
[INFO] No dependency problems found
[INFO] 
[INFO] --- maven-dependency-plugin:2.10:analyze-duplicate (default) @ BaragonService ---
[INFO] No duplicate dependencies found in <dependencies/> or in <dependencyManagement/>
[INFO] 
[INFO] --- maven-dependency-plugin:2.10:analyze-dep-mgt (default) @ BaragonService ---
[INFO] Found Resolved Dependency / DependencyManagement mismatches:
[INFO] 	Ignoring Direct Dependencies.
[INFO] com.google.code.findbugs:jsr305:jar was excluded in DepMgt, but version 3.0.1 has been found in the dependency tree.
[INFO] joda-time:joda-time:jar was excluded in DepMgt, but version 2.9.4 has been found in the dependency tree.
[INFO] io.netty:netty:jar was excluded in DepMgt, but version 3.9.2.Final has been found in the dependency tree.
[WARNING] Potential problems found in Dependency Management 
[INFO] 
[INFO] --- duplicate-finder-maven-plugin:1.2.1:check (default) @ BaragonService ---
[INFO] Checking compile classpath
[INFO] Checking runtime classpath
[INFO] Checking test classpath
[INFO] 
[INFO] >>> findbugs-maven-plugin:3.0.3:check (default) > :findbugs @ BaragonService >>>
[INFO] 
[INFO] --- findbugs-maven-plugin:3.0.3:findbugs (findbugs) @ BaragonService ---
[INFO] Fork Value is true
[INFO] Done FindBugs Analysis....
[INFO] 
[INFO] <<< findbugs-maven-plugin:3.0.3:check (default) < :findbugs @ BaragonService <<<
[INFO] 
[INFO] --- findbugs-maven-plugin:3.0.3:check (default) @ BaragonService ---
[INFO] BugInstance size is 0
[INFO] Error size is 0
[INFO] No errors/warnings found
[INFO] 
[INFO] >>> maven-pmd-plugin:3.6:check (default) > :pmd @ BaragonService >>>
[INFO] 
[INFO] --- maven-pmd-plugin:3.6:pmd (pmd) @ BaragonService ---
[WARNING] Unable to locate Source XRef to link to - DISABLED
[WARNING] Unable to locate Source XRef to link to - DISABLED
[INFO] 
[INFO] <<< maven-pmd-plugin:3.6:check (default) < :pmd @ BaragonService <<<
[INFO] 
[INFO] --- maven-pmd-plugin:3.6:check (default) @ BaragonService ---
[INFO] 
[INFO] 
[INFO] --- license-maven-plugin:2.11:check (default) @ BaragonService ---
[INFO] 
[INFO] --- maven-install-plugin:2.5.2:install (default-install) @ BaragonService ---
[INFO] Installing /home/travis/build/HubSpot/Baragon/BaragonService/target/BaragonService-0.5.0-SNAPSHOT.jar to /home/travis/.m2/repository/com/hubspot/BaragonService/0.5.0-SNAPSHOT/BaragonService-0.5.0-SNAPSHOT.jar
[INFO] Installing /home/travis/build/HubSpot/Baragon/BaragonService/pom.xml to /home/travis/.m2/repository/com/hubspot/BaragonService/0.5.0-SNAPSHOT/BaragonService-0.5.0-SNAPSHOT.pom
[INFO] Installing /home/travis/build/HubSpot/Baragon/BaragonService/target/BaragonService-0.5.0-SNAPSHOT-tests.jar to /home/travis/.m2/repository/com/hubspot/BaragonService/0.5.0-SNAPSHOT/BaragonService-0.5.0-SNAPSHOT-tests.jar
[INFO] Installing /home/travis/build/HubSpot/Baragon/BaragonService/target/BaragonService-0.5.0-SNAPSHOT-sources.jar to /home/travis/.m2/repository/com/hubspot/BaragonService/0.5.0-SNAPSHOT/BaragonService-0.5.0-SNAPSHOT-sources.jar
[INFO] Installing /home/travis/build/HubSpot/Baragon/BaragonService/target/BaragonService-0.5.0-SNAPSHOT-test-sources.jar to /home/travis/.m2/repository/com/hubspot/BaragonService/0.5.0-SNAPSHOT/BaragonService-0.5.0-SNAPSHOT-test-sources.jar
[INFO]                                                                         
[INFO] ------------------------------------------------------------------------
[INFO] Building BaragonAgentService 0.5.0-SNAPSHOT
[INFO] ------------------------------------------------------------------------
[INFO] 
[INFO] --- property-helper-maven-plugin:2.0:get (get-build-id) @ BaragonAgentService ---
[INFO] 
[INFO] --- maven-enforcer-plugin:1.4.1:enforce (default) @ BaragonAgentService ---
[INFO] 
[INFO] --- maven-dependency-versions-check-plugin:2.0.2:check (default) @ BaragonAgentService ---
[INFO] Checking dependency versions
[INFO] artifact com.google.guava:guava: checking for updates from sonatype
[INFO] artifact com.google.guava:guava: checking for updates from sonatype-apache
[WARNING] repository metadata for: 'artifact com.google.guava:guava' could not be retrieved from repository: sonatype-apache due to an error: Connect to repository.apache.org:443 [repository.apache.org/207.244.88.143] failed: Connection timed out
[INFO] 
[INFO] --- maven-checkstyle-plugin:2.17:check (default) @ BaragonAgentService ---
[INFO] Starting audit...
Audit done.
[INFO] 
[INFO] --- dependency-management-plugin:0.4:analyze (analyze) @ BaragonAgentService ---
[INFO] No dependency management issues found
[INFO] 
[INFO] --- git-commit-id-plugin:2.2.0:revision (default) @ BaragonAgentService ---
[INFO] 
[INFO] --- jacoco-maven-plugin:0.7.5.201505241946:prepare-agent (default) @ BaragonAgentService ---
[INFO] argLine set to -javaagent:/home/travis/.m2/repository/org/jacoco/org.jacoco.agent/0.7.5.201505241946/org.jacoco.agent-0.7.5.201505241946-runtime.jar=destfile=/home/travis/build/HubSpot/Baragon/BaragonAgentService/target/jacoco.exec
[INFO] 
[INFO] --- maven-resources-plugin:2.7:resources (default-resources) @ BaragonAgentService ---
[INFO] Using 'UTF-8' encoding to copy filtered resources.
[INFO] skip non existing resourceDirectory /home/travis/build/HubSpot/Baragon/BaragonAgentService/src/main/resources
[INFO] 
[INFO] --- maven-compiler-plugin:3.3:compile (default-compile) @ BaragonAgentService ---
[INFO] Changes detected - recompiling the module!
[INFO] Compiling 34 source files to /home/travis/build/HubSpot/Baragon/BaragonAgentService/target/classes
[WARNING] Supported source version 'RELEASE_6' from annotation processor 'org.antlr.v4.runtime.misc.NullUsageProcessor' less than -source '1.8'
[INFO] /home/travis/build/HubSpot/Baragon/BaragonAgentService/src/main/java/com/hubspot/baragon/agent/BaragonAgentServiceModule.java: Some input files use or override a deprecated API.
[INFO] /home/travis/build/HubSpot/Baragon/BaragonAgentService/src/main/java/com/hubspot/baragon/agent/BaragonAgentServiceModule.java: Recompile with -Xlint:deprecation for details.
[INFO] /home/travis/build/HubSpot/Baragon/BaragonAgentService/src/main/java/com/hubspot/baragon/agent/handlebars/FirstOfHelper.java: /home/travis/build/HubSpot/Baragon/BaragonAgentService/src/main/java/com/hubspot/baragon/agent/handlebars/FirstOfHelper.java uses unchecked or unsafe operations.
[INFO] /home/travis/build/HubSpot/Baragon/BaragonAgentService/src/main/java/com/hubspot/baragon/agent/handlebars/FirstOfHelper.java: Recompile with -Xlint:unchecked for details.
[INFO] 
[INFO] --- maven-resources-plugin:2.7:testResources (default-testResources) @ BaragonAgentService ---
[INFO] Using 'UTF-8' encoding to copy filtered resources.
[INFO] skip non existing resourceDirectory /home/travis/build/HubSpot/Baragon/BaragonAgentService/src/test/resources
[INFO] 
[INFO] --- maven-compiler-plugin:3.3:testCompile (default-testCompile) @ BaragonAgentService ---
[INFO] No sources to compile
[INFO] 
[INFO] --- maven-surefire-plugin:2.19:test (default-test) @ BaragonAgentService ---
[INFO] Tests are skipped.
[INFO] 
[INFO] --- maven-jar-plugin:2.6:jar (default-jar) @ BaragonAgentService ---
[INFO] Building jar: /home/travis/build/HubSpot/Baragon/BaragonAgentService/target/BaragonAgentService-0.5.0-SNAPSHOT.jar
[INFO] 
[INFO] --- maven-jar-plugin:2.6:test-jar (attach-tests) @ BaragonAgentService ---
[INFO] Skipping packaging of the test-jar
[INFO] 
[INFO] --- maven-source-plugin:2.4:jar-no-fork (attach-sources) @ BaragonAgentService ---
[INFO] Building jar: /home/travis/build/HubSpot/Baragon/BaragonAgentService/target/BaragonAgentService-0.5.0-SNAPSHOT-sources.jar
[INFO] 
[INFO] --- maven-source-plugin:2.4:test-jar-no-fork (attach-sources) @ BaragonAgentService ---
[INFO] No sources in project. Archive not created.
[INFO] 
[INFO] --- maven-shade-plugin:2.4.2:shade (default) @ BaragonAgentService ---
[INFO] Including com.hubspot.dropwizard:dropwizard-guicier:jar:1.0.0.6 in the shaded jar.
[INFO] Including com.squarespace.jersey2-guice:jersey2-guice-impl:jar:1.0.6 in the shaded jar.
[INFO] Including org.glassfish.jersey.containers:jersey-container-servlet-core:jar:2.23.1 in the shaded jar.
[INFO] Including com.squarespace.jersey2-guice:0-jersey2-guice-spi:jar:1.0.6 in the shaded jar.
[INFO] Including com.google.inject.extensions:guice-servlet:jar:4.0 in the shaded jar.
[INFO] Including com.google.code.findbugs:annotations:jar:3.0.1 in the shaded jar.
[INFO] Including io.dropwizard:dropwizard-servlets:jar:1.0.0 in the shaded jar.
[INFO] Including io.dropwizard:dropwizard-jersey:jar:1.0.0 in the shaded jar.
[INFO] Including org.glassfish.jersey.ext:jersey-metainf-services:jar:2.23.1 in the shaded jar.
[INFO] Including org.glassfish.jersey.ext:jersey-bean-validation:jar:2.23.1 in the shaded jar.
[INFO] Including io.dropwizard.metrics:metrics-jersey2:jar:3.1.2 in the shaded jar.
[INFO] Including com.fasterxml.jackson.jaxrs:jackson-jaxrs-json-provider:jar:2.7.6 in the shaded jar.
[INFO] Including com.fasterxml.jackson.jaxrs:jackson-jaxrs-base:jar:2.7.6 in the shaded jar.
[INFO] Including com.fasterxml.jackson.module:jackson-module-jaxb-annotations:jar:2.7.6 in the shaded jar.
[INFO] Including org.glassfish.jersey.containers:jersey-container-servlet:jar:2.23.1 in the shaded jar.
[INFO] Including org.eclipse.jetty:jetty-webapp:jar:9.3.9.v20160517 in the shaded jar.
[INFO] Including org.eclipse.jetty:jetty-xml:jar:9.3.9.v20160517 in the shaded jar.
[INFO] Including org.glassfish.jersey.core:jersey-server:jar:2.23.1 in the shaded jar.
[INFO] Including org.glassfish.jersey.core:jersey-common:jar:2.23.1 in the shaded jar.
[INFO] Including org.glassfish.jersey.bundles.repackaged:jersey-guava:jar:2.23.1 in the shaded jar.
[INFO] Including org.glassfish.hk2:osgi-resource-locator:jar:1.0.1 in the shaded jar.
[INFO] Including org.glassfish.jersey.core:jersey-client:jar:2.23.1 in the shaded jar.
[INFO] Including org.glassfish.jersey.media:jersey-media-jaxb:jar:2.23.1 in the shaded jar.
[INFO] Including javax.annotation:javax.annotation-api:jar:1.2 in the shaded jar.
[INFO] Including org.glassfish.hk2:hk2-locator:jar:2.4.0-b34 in the shaded jar.
[INFO] Including org.javassist:javassist:jar:3.20.0-GA in the shaded jar.
[INFO] Including org.glassfish.hk2:hk2-api:jar:2.4.0-b34 in the shaded jar.
[INFO] Including org.glassfish.hk2:hk2-utils:jar:2.4.0-b34 in the shaded jar.
[INFO] Including com.hubspot:BaragonCore:jar:0.5.0-SNAPSHOT in the shaded jar.
[INFO] Including com.amazonaws:aws-java-sdk-core:jar:1.11.69 in the shaded jar.
[INFO] Including software.amazon.ion:ion-java:jar:1.0.1 in the shaded jar.
[INFO] Including com.fasterxml.jackson.dataformat:jackson-dataformat-cbor:jar:2.7.6 in the shaded jar.
[INFO] Including com.hubspot:BaragonData:jar:0.5.0-SNAPSHOT in the shaded jar.
[INFO] Including org.apache.zookeeper:zookeeper:jar:3.4.6 in the shaded jar.
[INFO] Including com.fasterxml.jackson.datatype:jackson-datatype-guava:jar:2.7.6 in the shaded jar.
[INFO] Including org.slf4j:log4j-over-slf4j:jar:1.7.21 in the shaded jar.
[INFO] Including com.google.inject.extensions:guice-multibindings:jar:4.0 in the shaded jar.
[INFO] Including com.google.inject:guice:jar:4.0 in the shaded jar.
[INFO] Including javax.inject:javax.inject:jar:1 in the shaded jar.
[INFO] Including aopalliance:aopalliance:jar:1.0 in the shaded jar.
[INFO] Including io.dropwizard:dropwizard-lifecycle:jar:1.0.0 in the shaded jar.
[INFO] Including io.dropwizard:dropwizard-util:jar:1.0.0 in the shaded jar.
[INFO] Including joda-time:joda-time:jar:2.9.4 in the shaded jar.
[INFO] Including org.hibernate:hibernate-validator:jar:5.2.4.Final in the shaded jar.
[INFO] Including org.jboss.logging:jboss-logging:jar:3.2.1.Final in the shaded jar.
[INFO] Including com.fasterxml:classmate:jar:1.1.0 in the shaded jar.
[INFO] Including io.dropwizard:dropwizard-jetty:jar:1.0.0 in the shaded jar.
[INFO] Including io.dropwizard:dropwizard-logging:jar:1.0.0 in the shaded jar.
[INFO] Including io.dropwizard.metrics:metrics-logback:jar:3.1.2 in the shaded jar.
[INFO] Including org.slf4j:jul-to-slf4j:jar:1.7.21 in the shaded jar.
[INFO] Including io.dropwizard.metrics:metrics-jetty9:jar:3.1.2 in the shaded jar.
[INFO] Including org.eclipse.jetty:jetty-servlet:jar:9.3.9.v20160517 in the shaded jar.
[INFO] Including org.eclipse.jetty:jetty-security:jar:9.3.9.v20160517 in the shaded jar.
[INFO] Including org.eclipse.jetty:jetty-http:jar:9.3.9.v20160517 in the shaded jar.
[INFO] Including io.dropwizard.metrics:metrics-core:jar:3.1.2 in the shaded jar.
[INFO] Including io.dropwizard.metrics:metrics-annotation:jar:3.1.2 in the shaded jar.
[INFO] Including io.dropwizard.metrics:metrics-healthchecks:jar:3.1.2 in the shaded jar.
[INFO] Including io.dropwizard.metrics:metrics-graphite:jar:3.1.2 in the shaded jar.
[INFO] Including javax.ws.rs:javax.ws.rs-api:jar:2.0.1 in the shaded jar.
[INFO] Including io.dropwizard:dropwizard-core:jar:1.0.0 in the shaded jar.
[INFO] Including io.dropwizard:dropwizard-jackson:jar:1.0.0 in the shaded jar.
[INFO] Including com.fasterxml.jackson.datatype:jackson-datatype-jsr310:jar:2.7.6 in the shaded jar.
[INFO] Including com.fasterxml.jackson.datatype:jackson-datatype-jdk8:jar:2.7.6 in the shaded jar.
[INFO] Including com.fasterxml.jackson.module:jackson-module-afterburner:jar:2.7.6 in the shaded jar.
[INFO] Including com.fasterxml.jackson.datatype:jackson-datatype-joda:jar:2.7.6 in the shaded jar.
[INFO] Including io.dropwizard:dropwizard-validation:jar:1.0.0 in the shaded jar.
[INFO] Including org.glassfish:javax.el:jar:3.0.0 in the shaded jar.
[INFO] Including io.dropwizard:dropwizard-configuration:jar:1.0.0 in the shaded jar.
[INFO] Including com.fasterxml.jackson.dataformat:jackson-dataformat-yaml:jar:2.7.6 in the shaded jar.
[INFO] Including io.dropwizard:dropwizard-metrics:jar:1.0.0 in the shaded jar.
[INFO] Including io.dropwizard.metrics:metrics-jvm:jar:3.1.2 in the shaded jar.
[INFO] Including io.dropwizard.metrics:metrics-servlets:jar:3.1.2 in the shaded jar.
[INFO] Including io.dropwizard.metrics:metrics-json:jar:3.1.2 in the shaded jar.
[INFO] Including io.dropwizard:dropwizard-request-logging:jar:1.0.0 in the shaded jar.
[INFO] Including ch.qos.logback:logback-access:jar:1.1.7 in the shaded jar.
[INFO] Including net.sourceforge.argparse4j:argparse4j:jar:0.7.0 in the shaded jar.
[INFO] Including org.eclipse.jetty.toolchain.setuid:jetty-setuid-java:jar:1.0.3 in the shaded jar.
[INFO] Including com.fasterxml.jackson.core:jackson-annotations:jar:2.7.6 in the shaded jar.
[INFO] Including com.fasterxml.jackson.core:jackson-databind:jar:2.7.6 in the shaded jar.
[INFO] Including com.fasterxml.jackson.core:jackson-core:jar:2.7.6 in the shaded jar.
[INFO] Including javax.validation:validation-api:jar:1.1.0.Final in the shaded jar.
[INFO] Including org.apache.curator:curator-client:jar:2.8.0 in the shaded jar.
[INFO] Including org.eclipse.jetty:jetty-servlets:jar:9.3.9.v20160517 in the shaded jar.
[INFO] Including org.eclipse.jetty:jetty-continuation:jar:9.3.9.v20160517 in the shaded jar.
[INFO] Including org.eclipse.jetty:jetty-util:jar:9.3.9.v20160517 in the shaded jar.
[INFO] Including org.eclipse.jetty:jetty-io:jar:9.3.9.v20160517 in the shaded jar.
[INFO] Including org.eclipse.jetty:jetty-server:jar:9.3.9.v20160517 in the shaded jar.
[INFO] Including javax.servlet:javax.servlet-api:jar:3.1.0 in the shaded jar.
[INFO] Including com.google.guava:guava:jar:19.0 in the shaded jar.
[INFO] Including org.slf4j:slf4j-api:jar:1.7.21 in the shaded jar.
[INFO] Including com.github.jknack:handlebars:jar:1.3.1 in the shaded jar.
[INFO] Including org.antlr:antlr4-runtime:jar:4.2.2 in the shaded jar.
[INFO] Including org.antlr:antlr4-annotations:jar:4.2.2 in the shaded jar.
[INFO] Including org.mozilla:rhino:jar:1.7R4 in the shaded jar.
[INFO] Including org.apache.commons:commons-exec:jar:1.1 in the shaded jar.
[INFO] Including org.apache.commons:commons-lang3:jar:3.4 in the shaded jar.
[INFO] Including org.apache.curator:curator-framework:jar:2.8.0 in the shaded jar.
[INFO] Including org.apache.curator:curator-recipes:jar:2.8.0 in the shaded jar.
[INFO] Including com.hubspot:HorizonCore:jar:0.0.22 in the shaded jar.
[INFO] Including commons-codec:commons-codec:jar:1.10 in the shaded jar.
[INFO] Including org.slf4j:jcl-over-slf4j:jar:1.7.21 in the shaded jar.
[INFO] Including org.xerial.snappy:snappy-java:jar:1.1.2 in the shaded jar.
[INFO] Including com.hubspot:HorizonApache:jar:0.0.22 in the shaded jar.
[INFO] Including org.apache.httpcomponents:httpclient:jar:4.5.2 in the shaded jar.
[INFO] Including org.apache.httpcomponents:httpcore:jar:4.4.4 in the shaded jar.
[INFO] Including com.github.rholder:guava-retrying:jar:1.0.7 in the shaded jar.
[INFO] Including ch.qos.logback:logback-classic:jar:1.1.7 in the shaded jar.
[INFO] Including ch.qos.logback:logback-core:jar:1.1.7 in the shaded jar.
[INFO] Including com.palominolabs.metrics:metrics-guice:jar:3.1.3 in the shaded jar.
[INFO] Including com.google.code.findbugs:jsr305:jar:3.0.1 in the shaded jar.
[WARNING] jsr305-3.0.1.jar, annotations-3.0.1.jar define 35 overlapping classes: 
[WARNING]   - javax.annotation.RegEx
[WARNING]   - javax.annotation.concurrent.Immutable
[WARNING]   - javax.annotation.meta.TypeQualifierDefault
[WARNING]   - javax.annotation.meta.TypeQualifier
[WARNING]   - javax.annotation.Syntax
[WARNING]   - javax.annotation.Nonnull
[WARNING]   - javax.annotation.CheckReturnValue
[WARNING]   - javax.annotation.CheckForNull
[WARNING]   - javax.annotation.meta.TypeQualifierNickname
[WARNING]   - javax.annotation.MatchesPattern
[WARNING]   - 25 more...
[WARNING] maven-shade-plugin has detected that some class files are
[WARNING] present in two or more JARs. When this happens, only one
[WARNING] single version of the class is copied to the uber jar.
[WARNING] Usually this is not harmful and you can skip these warnings,
[WARNING] otherwise try to manually exclude artifacts based on
[WARNING] mvn dependency:tree -Ddetail=true and the above output.
[WARNING] See http://maven.apache.org/plugins/maven-shade-plugin/
[INFO] 
[INFO] --- maven-dependency-plugin:2.10:analyze-only (default) @ BaragonAgentService ---
[INFO] No dependency problems found
[INFO] 
[INFO] --- maven-dependency-plugin:2.10:analyze-duplicate (default) @ BaragonAgentService ---
[INFO] No duplicate dependencies found in <dependencies/> or in <dependencyManagement/>
[INFO] 
[INFO] --- maven-dependency-plugin:2.10:analyze-dep-mgt (default) @ BaragonAgentService ---
[INFO] Found Resolved Dependency / DependencyManagement mismatches:
[INFO] 	Ignoring Direct Dependencies.
[INFO] com.google.code.findbugs:jsr305:jar was excluded in DepMgt, but version 3.0.1 has been found in the dependency tree.
[INFO] joda-time:joda-time:jar was excluded in DepMgt, but version 2.9.4 has been found in the dependency tree.
[WARNING] Potential problems found in Dependency Management 
[INFO] 
[INFO] --- duplicate-finder-maven-plugin:1.2.1:check (default) @ BaragonAgentService ---
[INFO] Checking compile classpath
[INFO] Checking runtime classpath
[INFO] Checking test classpath
[INFO] 
[INFO] >>> findbugs-maven-plugin:3.0.3:check (default) > :findbugs @ BaragonAgentService >>>
[INFO] 
[INFO] --- findbugs-maven-plugin:3.0.3:findbugs (findbugs) @ BaragonAgentService ---
[INFO] Fork Value is true
[INFO] Done FindBugs Analysis....
[INFO] 
[INFO] <<< findbugs-maven-plugin:3.0.3:check (default) < :findbugs @ BaragonAgentService <<<
[INFO] 
[INFO] --- findbugs-maven-plugin:3.0.3:check (default) @ BaragonAgentService ---
[INFO] BugInstance size is 0
[INFO] Error size is 0
[INFO] No errors/warnings found
[INFO] 
[INFO] >>> maven-pmd-plugin:3.6:check (default) > :pmd @ BaragonAgentService >>>
[INFO] 
[INFO] --- maven-pmd-plugin:3.6:pmd (pmd) @ BaragonAgentService ---
[WARNING] Unable to locate Source XRef to link to - DISABLED
[WARNING] Unable to locate Source XRef to link to - DISABLED
[INFO] 
[INFO] <<< maven-pmd-plugin:3.6:check (default) < :pmd @ BaragonAgentService <<<
[INFO] 
[INFO] --- maven-pmd-plugin:3.6:check (default) @ BaragonAgentService ---
[INFO] 
[INFO] 
[INFO] --- license-maven-plugin:2.11:check (default) @ BaragonAgentService ---
[INFO] 
[INFO] --- maven-install-plugin:2.5.2:install (default-install) @ BaragonAgentService ---
[INFO] Installing /home/travis/build/HubSpot/Baragon/BaragonAgentService/target/BaragonAgentService-0.5.0-SNAPSHOT.jar to /home/travis/.m2/repository/com/hubspot/BaragonAgentService/0.5.0-SNAPSHOT/BaragonAgentService-0.5.0-SNAPSHOT.jar
[INFO] Installing /home/travis/build/HubSpot/Baragon/BaragonAgentService/pom.xml to /home/travis/.m2/repository/com/hubspot/BaragonAgentService/0.5.0-SNAPSHOT/BaragonAgentService-0.5.0-SNAPSHOT.pom
[INFO] Installing /home/travis/build/HubSpot/Baragon/BaragonAgentService/target/BaragonAgentService-0.5.0-SNAPSHOT-sources.jar to /home/travis/.m2/repository/com/hubspot/BaragonAgentService/0.5.0-SNAPSHOT/BaragonAgentService-0.5.0-SNAPSHOT-sources.jar
[INFO]                                                                         
[INFO] ------------------------------------------------------------------------
[INFO] Building BaragonClient 0.5.0-SNAPSHOT
[INFO] ------------------------------------------------------------------------
[INFO] 
[INFO] --- property-helper-maven-plugin:2.0:get (get-build-id) @ BaragonClient ---
[INFO] 
[INFO] --- maven-enforcer-plugin:1.4.1:enforce (default) @ BaragonClient ---
[INFO] 
[INFO] --- maven-dependency-versions-check-plugin:2.0.2:check (default) @ BaragonClient ---
[INFO] Checking dependency versions
[INFO] 
[INFO] --- maven-checkstyle-plugin:2.17:check (default) @ BaragonClient ---
[INFO] Starting audit...
Audit done.
[INFO] 
[INFO] --- dependency-management-plugin:0.4:analyze (analyze) @ BaragonClient ---
[INFO] No dependency management issues found
[INFO] 
[INFO] --- git-commit-id-plugin:2.2.0:revision (default) @ BaragonClient ---
[INFO] 
[INFO] --- jacoco-maven-plugin:0.7.5.201505241946:prepare-agent (default) @ BaragonClient ---
[INFO] argLine set to -javaagent:/home/travis/.m2/repository/org/jacoco/org.jacoco.agent/0.7.5.201505241946/org.jacoco.agent-0.7.5.201505241946-runtime.jar=destfile=/home/travis/build/HubSpot/Baragon/BaragonClient/target/jacoco.exec
[INFO] 
[INFO] --- maven-resources-plugin:2.7:resources (default-resources) @ BaragonClient ---
[INFO] Using 'UTF-8' encoding to copy filtered resources.
[INFO] skip non existing resourceDirectory /home/travis/build/HubSpot/Baragon/BaragonClient/src/main/resources
[INFO] 
[INFO] --- maven-compiler-plugin:3.3:compile (default-compile) @ BaragonClient ---
[INFO] Changes detected - recompiling the module!
[INFO] Compiling 5 source files to /home/travis/build/HubSpot/Baragon/BaragonClient/target/classes
[INFO] 
[INFO] --- maven-resources-plugin:2.7:testResources (default-testResources) @ BaragonClient ---
[INFO] Using 'UTF-8' encoding to copy filtered resources.
[INFO] skip non existing resourceDirectory /home/travis/build/HubSpot/Baragon/BaragonClient/src/test/resources
[INFO] 
[INFO] --- maven-compiler-plugin:3.3:testCompile (default-testCompile) @ BaragonClient ---
[INFO] Changes detected - recompiling the module!
[INFO] Compiling 1 source file to /home/travis/build/HubSpot/Baragon/BaragonClient/target/test-classes
[INFO] 
[INFO] --- maven-surefire-plugin:2.19:test (default-test) @ BaragonClient ---
[INFO] Tests are skipped.
[INFO] 
[INFO] --- maven-jar-plugin:2.6:jar (default-jar) @ BaragonClient ---
[INFO] Building jar: /home/travis/build/HubSpot/Baragon/BaragonClient/target/BaragonClient-0.5.0-SNAPSHOT.jar
[INFO] 
[INFO] --- maven-jar-plugin:2.6:test-jar (attach-tests) @ BaragonClient ---
[INFO] Building jar: /home/travis/build/HubSpot/Baragon/BaragonClient/target/BaragonClient-0.5.0-SNAPSHOT-tests.jar
[INFO] 
[INFO] --- maven-source-plugin:2.4:jar-no-fork (attach-sources) @ BaragonClient ---
[INFO] Building jar: /home/travis/build/HubSpot/Baragon/BaragonClient/target/BaragonClient-0.5.0-SNAPSHOT-sources.jar
[INFO] 
[INFO] --- maven-source-plugin:2.4:test-jar-no-fork (attach-sources) @ BaragonClient ---
[INFO] Building jar: /home/travis/build/HubSpot/Baragon/BaragonClient/target/BaragonClient-0.5.0-SNAPSHOT-test-sources.jar
[INFO] 
[INFO] --- maven-dependency-plugin:2.10:analyze-only (default) @ BaragonClient ---
[INFO] No dependency problems found
[INFO] 
[INFO] --- maven-dependency-plugin:2.10:analyze-duplicate (default) @ BaragonClient ---
[INFO] No duplicate dependencies found in <dependencies/> or in <dependencyManagement/>
[INFO] 
[INFO] --- maven-dependency-plugin:2.10:analyze-dep-mgt (default) @ BaragonClient ---
[INFO] Found Resolved Dependency / DependencyManagement mismatches:
[INFO] 	Ignoring Direct Dependencies.
[INFO]    None
[INFO] 
[INFO] --- duplicate-finder-maven-plugin:1.2.1:check (default) @ BaragonClient ---
[INFO] Checking compile classpath
[INFO] Checking runtime classpath
[INFO] Checking test classpath
[INFO] 
[INFO] >>> findbugs-maven-plugin:3.0.3:check (default) > :findbugs @ BaragonClient >>>
[INFO] 
[INFO] --- findbugs-maven-plugin:3.0.3:findbugs (findbugs) @ BaragonClient ---
[INFO] Fork Value is true
[INFO] Done FindBugs Analysis....
[INFO] 
[INFO] <<< findbugs-maven-plugin:3.0.3:check (default) < :findbugs @ BaragonClient <<<
[INFO] 
[INFO] --- findbugs-maven-plugin:3.0.3:check (default) @ BaragonClient ---
[INFO] BugInstance size is 0
[INFO] Error size is 0
[INFO] No errors/warnings found
[INFO] 
[INFO] >>> maven-pmd-plugin:3.6:check (default) > :pmd @ BaragonClient >>>
[INFO] 
[INFO] --- maven-pmd-plugin:3.6:pmd (pmd) @ BaragonClient ---
[WARNING] Unable to locate Source XRef to link to - DISABLED
[WARNING] Unable to locate Source XRef to link to - DISABLED
[INFO] 
[INFO] <<< maven-pmd-plugin:3.6:check (default) < :pmd @ BaragonClient <<<
[INFO] 
[INFO] --- maven-pmd-plugin:3.6:check (default) @ BaragonClient ---
[INFO] 
[INFO] 
[INFO] --- license-maven-plugin:2.11:check (default) @ BaragonClient ---
[INFO] 
[INFO] --- maven-install-plugin:2.5.2:install (default-install) @ BaragonClient ---
[INFO] Installing /home/travis/build/HubSpot/Baragon/BaragonClient/target/BaragonClient-0.5.0-SNAPSHOT.jar to /home/travis/.m2/repository/com/hubspot/BaragonClient/0.5.0-SNAPSHOT/BaragonClient-0.5.0-SNAPSHOT.jar
[INFO] Installing /home/travis/build/HubSpot/Baragon/BaragonClient/pom.xml to /home/travis/.m2/repository/com/hubspot/BaragonClient/0.5.0-SNAPSHOT/BaragonClient-0.5.0-SNAPSHOT.pom
[INFO] Installing /home/travis/build/HubSpot/Baragon/BaragonClient/target/BaragonClient-0.5.0-SNAPSHOT-tests.jar to /home/travis/.m2/repository/com/hubspot/BaragonClient/0.5.0-SNAPSHOT/BaragonClient-0.5.0-SNAPSHOT-tests.jar
[INFO] Installing /home/travis/build/HubSpot/Baragon/BaragonClient/target/BaragonClient-0.5.0-SNAPSHOT-sources.jar to /home/travis/.m2/repository/com/hubspot/BaragonClient/0.5.0-SNAPSHOT/BaragonClient-0.5.0-SNAPSHOT-sources.jar
[INFO] Installing /home/travis/build/HubSpot/Baragon/BaragonClient/target/BaragonClient-0.5.0-SNAPSHOT-test-sources.jar to /home/travis/.m2/repository/com/hubspot/BaragonClient/0.5.0-SNAPSHOT/BaragonClient-0.5.0-SNAPSHOT-test-sources.jar
[INFO]                                                                         
[INFO] ------------------------------------------------------------------------
[INFO] Building BaragonWatcher 0.5.0-SNAPSHOT
[INFO] ------------------------------------------------------------------------
[INFO] 
[INFO] --- property-helper-maven-plugin:2.0:get (get-build-id) @ BaragonWatcher ---
[INFO] 
[INFO] --- maven-enforcer-plugin:1.4.1:enforce (default) @ BaragonWatcher ---
[INFO] 
[INFO] --- maven-dependency-versions-check-plugin:2.0.2:check (default) @ BaragonWatcher ---
[INFO] Checking dependency versions
[INFO] 
[INFO] --- maven-checkstyle-plugin:2.17:check (default) @ BaragonWatcher ---
[INFO] Starting audit...
Audit done.
[INFO] 
[INFO] --- dependency-management-plugin:0.4:analyze (analyze) @ BaragonWatcher ---
[INFO] No dependency management issues found
[INFO] 
[INFO] --- git-commit-id-plugin:2.2.0:revision (default) @ BaragonWatcher ---
[INFO] 
[INFO] --- jacoco-maven-plugin:0.7.5.201505241946:prepare-agent (default) @ BaragonWatcher ---
[INFO] argLine set to -javaagent:/home/travis/.m2/repository/org/jacoco/org.jacoco.agent/0.7.5.201505241946/org.jacoco.agent-0.7.5.201505241946-runtime.jar=destfile=/home/travis/build/HubSpot/Baragon/BaragonWatcher/target/jacoco.exec
[INFO] 
[INFO] --- maven-resources-plugin:2.7:resources (default-resources) @ BaragonWatcher ---
[INFO] Using 'UTF-8' encoding to copy filtered resources.
[INFO] skip non existing resourceDirectory /home/travis/build/HubSpot/Baragon/BaragonWatcher/src/main/resources
[INFO] 
[INFO] --- maven-compiler-plugin:3.3:compile (default-compile) @ BaragonWatcher ---
[INFO] Changes detected - recompiling the module!
[INFO] Compiling 6 source files to /home/travis/build/HubSpot/Baragon/BaragonWatcher/target/classes
[INFO] 
[INFO] --- maven-resources-plugin:2.7:testResources (default-testResources) @ BaragonWatcher ---
[INFO] Using 'UTF-8' encoding to copy filtered resources.
[INFO] skip non existing resourceDirectory /home/travis/build/HubSpot/Baragon/BaragonWatcher/src/test/resources
[INFO] 
[INFO] --- maven-compiler-plugin:3.3:testCompile (default-testCompile) @ BaragonWatcher ---
[INFO] No sources to compile
[INFO] 
[INFO] --- maven-surefire-plugin:2.19:test (default-test) @ BaragonWatcher ---
[INFO] Tests are skipped.
[INFO] 
[INFO] --- maven-jar-plugin:2.6:jar (default-jar) @ BaragonWatcher ---
[INFO] Building jar: /home/travis/build/HubSpot/Baragon/BaragonWatcher/target/BaragonWatcher-0.5.0-SNAPSHOT.jar
[INFO] 
[INFO] --- maven-jar-plugin:2.6:test-jar (attach-tests) @ BaragonWatcher ---
[INFO] Skipping packaging of the test-jar
[INFO] 
[INFO] --- maven-source-plugin:2.4:jar-no-fork (attach-sources) @ BaragonWatcher ---
[INFO] Building jar: /home/travis/build/HubSpot/Baragon/BaragonWatcher/target/BaragonWatcher-0.5.0-SNAPSHOT-sources.jar
[INFO] 
[INFO] --- maven-source-plugin:2.4:test-jar-no-fork (attach-sources) @ BaragonWatcher ---
[INFO] No sources in project. Archive not created.
[INFO] 
[INFO] --- maven-dependency-plugin:2.10:analyze-only (default) @ BaragonWatcher ---
[INFO] No dependency problems found
[INFO] 
[INFO] --- maven-dependency-plugin:2.10:analyze-duplicate (default) @ BaragonWatcher ---
[INFO] No duplicate dependencies found in <dependencies/> or in <dependencyManagement/>
[INFO] 
[INFO] --- maven-dependency-plugin:2.10:analyze-dep-mgt (default) @ BaragonWatcher ---
[INFO] Found Resolved Dependency / DependencyManagement mismatches:
[INFO] 	Ignoring Direct Dependencies.
[INFO]    None
[INFO] 
[INFO] --- duplicate-finder-maven-plugin:1.2.1:check (default) @ BaragonWatcher ---
[INFO] Checking compile classpath
[INFO] Checking runtime classpath
[INFO] Checking test classpath
[INFO] 
[INFO] >>> findbugs-maven-plugin:3.0.3:check (default) > :findbugs @ BaragonWatcher >>>
[INFO] 
[INFO] --- findbugs-maven-plugin:3.0.3:findbugs (findbugs) @ BaragonWatcher ---
[INFO] Fork Value is true
[INFO] Done FindBugs Analysis....
[INFO] 
[INFO] <<< findbugs-maven-plugin:3.0.3:check (default) < :findbugs @ BaragonWatcher <<<
[INFO] 
[INFO] --- findbugs-maven-plugin:3.0.3:check (default) @ BaragonWatcher ---
[INFO] BugInstance size is 0
[INFO] Error size is 0
[INFO] No errors/warnings found
[INFO] 
[INFO] >>> maven-pmd-plugin:3.6:check (default) > :pmd @ BaragonWatcher >>>
[INFO] 
[INFO] --- maven-pmd-plugin:3.6:pmd (pmd) @ BaragonWatcher ---
[WARNING] Unable to locate Source XRef to link to - DISABLED
[WARNING] Unable to locate Source XRef to link to - DISABLED
[INFO] 
[INFO] <<< maven-pmd-plugin:3.6:check (default) < :pmd @ BaragonWatcher <<<
[INFO] 
[INFO] --- maven-pmd-plugin:3.6:check (default) @ BaragonWatcher ---
[INFO] 
[INFO] 
[INFO] --- license-maven-plugin:2.11:check (default) @ BaragonWatcher ---
[INFO] 
[INFO] --- maven-install-plugin:2.5.2:install (default-install) @ BaragonWatcher ---
[INFO] Installing /home/travis/build/HubSpot/Baragon/BaragonWatcher/target/BaragonWatcher-0.5.0-SNAPSHOT.jar to /home/travis/.m2/repository/com/hubspot/BaragonWatcher/0.5.0-SNAPSHOT/BaragonWatcher-0.5.0-SNAPSHOT.jar
[INFO] Installing /home/travis/build/HubSpot/Baragon/BaragonWatcher/pom.xml to /home/travis/.m2/repository/com/hubspot/BaragonWatcher/0.5.0-SNAPSHOT/BaragonWatcher-0.5.0-SNAPSHOT.pom
[INFO] Installing /home/travis/build/HubSpot/Baragon/BaragonWatcher/target/BaragonWatcher-0.5.0-SNAPSHOT-sources.jar to /home/travis/.m2/repository/com/hubspot/BaragonWatcher/0.5.0-SNAPSHOT/BaragonWatcher-0.5.0-SNAPSHOT-sources.jar
[INFO]                                                                         
[INFO] ------------------------------------------------------------------------
[INFO] Building BaragonServiceIntegrationTests 0.5.0-SNAPSHOT
[INFO] ------------------------------------------------------------------------
[INFO] 
[INFO] --- property-helper-maven-plugin:2.0:get (get-build-id) @ BaragonServiceIntegrationTests ---
[INFO] 
[INFO] --- maven-enforcer-plugin:1.4.1:enforce (default) @ BaragonServiceIntegrationTests ---
[INFO] 
[INFO] --- maven-dependency-versions-check-plugin:2.0.2:check (default) @ BaragonServiceIntegrationTests ---
[INFO] Checking dependency versions
[INFO] 
[INFO] --- maven-checkstyle-plugin:2.17:check (default) @ BaragonServiceIntegrationTests ---
[INFO] Starting audit...
Audit done.
[INFO] 
[INFO] --- dependency-management-plugin:0.4:analyze (analyze) @ BaragonServiceIntegrationTests ---
[INFO] No dependency management issues found
[INFO] 
[INFO] --- git-commit-id-plugin:2.2.0:revision (default) @ BaragonServiceIntegrationTests ---
[INFO] 
[INFO] --- jacoco-maven-plugin:0.7.5.201505241946:prepare-agent (default) @ BaragonServiceIntegrationTests ---
[INFO] argLine set to -javaagent:/home/travis/.m2/repository/org/jacoco/org.jacoco.agent/0.7.5.201505241946/org.jacoco.agent-0.7.5.201505241946-runtime.jar=destfile=/home/travis/build/HubSpot/Baragon/BaragonServiceIntegrationTests/target/jacoco.exec
[INFO] 
[INFO] --- maven-resources-plugin:2.7:resources (default-resources) @ BaragonServiceIntegrationTests ---
[INFO] Using 'UTF-8' encoding to copy filtered resources.
[INFO] skip non existing resourceDirectory /home/travis/build/HubSpot/Baragon/BaragonServiceIntegrationTests/src/main/resources
[INFO] 
[INFO] --- maven-compiler-plugin:3.3:compile (default-compile) @ BaragonServiceIntegrationTests ---
[INFO] Changes detected - recompiling the module!
[INFO] Compiling 1 source file to /home/travis/build/HubSpot/Baragon/BaragonServiceIntegrationTests/target/classes
[INFO] 
[INFO] --- maven-resources-plugin:2.7:testResources (default-testResources) @ BaragonServiceIntegrationTests ---
[INFO] Using 'UTF-8' encoding to copy filtered resources.
[INFO] skip non existing resourceDirectory /home/travis/build/HubSpot/Baragon/BaragonServiceIntegrationTests/src/test/resources
[INFO] 
[INFO] --- maven-compiler-plugin:3.3:testCompile (default-testCompile) @ BaragonServiceIntegrationTests ---
[INFO] Changes detected - recompiling the module!
[INFO] Compiling 2 source files to /home/travis/build/HubSpot/Baragon/BaragonServiceIntegrationTests/target/test-classes
[INFO] 
[INFO] --- maven-surefire-plugin:2.19:test (default-test) @ BaragonServiceIntegrationTests ---
[INFO] Tests are skipped.
[INFO] 
[INFO] --- maven-jar-plugin:2.6:jar (default-jar) @ BaragonServiceIntegrationTests ---
[INFO] Building jar: /home/travis/build/HubSpot/Baragon/BaragonServiceIntegrationTests/target/BaragonServiceIntegrationTests-0.5.0-SNAPSHOT.jar
[INFO] 
[INFO] --- maven-jar-plugin:2.6:test-jar (attach-tests) @ BaragonServiceIntegrationTests ---
[INFO] Building jar: /home/travis/build/HubSpot/Baragon/BaragonServiceIntegrationTests/target/BaragonServiceIntegrationTests-0.5.0-SNAPSHOT-tests.jar
[INFO] 
[INFO] --- maven-source-plugin:2.4:jar-no-fork (attach-sources) @ BaragonServiceIntegrationTests ---
[INFO] Building jar: /home/travis/build/HubSpot/Baragon/BaragonServiceIntegrationTests/target/BaragonServiceIntegrationTests-0.5.0-SNAPSHOT-sources.jar
[INFO] 
[INFO] --- maven-source-plugin:2.4:test-jar-no-fork (attach-sources) @ BaragonServiceIntegrationTests ---
[INFO] Building jar: /home/travis/build/HubSpot/Baragon/BaragonServiceIntegrationTests/target/BaragonServiceIntegrationTests-0.5.0-SNAPSHOT-test-sources.jar
[INFO] 
[INFO] --- maven-dependency-plugin:2.10:analyze-only (default) @ BaragonServiceIntegrationTests ---
[INFO] No dependency problems found
[INFO] 
[INFO] --- maven-dependency-plugin:2.10:analyze-duplicate (default) @ BaragonServiceIntegrationTests ---
[INFO] No duplicate dependencies found in <dependencies/> or in <dependencyManagement/>
[INFO] 
[INFO] --- maven-dependency-plugin:2.10:analyze-dep-mgt (default) @ BaragonServiceIntegrationTests ---
[INFO] Found Resolved Dependency / DependencyManagement mismatches:
[INFO] 	Ignoring Direct Dependencies.
[INFO] com.fasterxml.jackson.core:jackson-databind:jar was excluded in DepMgt, but version 2.7.6 has been found in the dependency tree.
[INFO] com.fasterxml.jackson.core:jackson-core:jar was excluded in DepMgt, but version 2.7.6 has been found in the dependency tree.
[WARNING] Potential problems found in Dependency Management 
[INFO] 
[INFO] --- duplicate-finder-maven-plugin:1.2.1:check (default) @ BaragonServiceIntegrationTests ---
[INFO] Checking compile classpath
[INFO] Checking runtime classpath
[INFO] Checking test classpath
[INFO] 
[INFO] >>> findbugs-maven-plugin:3.0.3:check (default) > :findbugs @ BaragonServiceIntegrationTests >>>
[INFO] 
[INFO] --- findbugs-maven-plugin:3.0.3:findbugs (findbugs) @ BaragonServiceIntegrationTests ---
[INFO] Fork Value is true
[INFO] Done FindBugs Analysis....
[INFO] 
[INFO] <<< findbugs-maven-plugin:3.0.3:check (default) < :findbugs @ BaragonServiceIntegrationTests <<<
[INFO] 
[INFO] --- findbugs-maven-plugin:3.0.3:check (default) @ BaragonServiceIntegrationTests ---
[INFO] BugInstance size is 0
[INFO] Error size is 0
[INFO] No errors/warnings found
[INFO] 
[INFO] >>> maven-pmd-plugin:3.6:check (default) > :pmd @ BaragonServiceIntegrationTests >>>
[INFO] 
[INFO] --- maven-pmd-plugin:3.6:pmd (pmd) @ BaragonServiceIntegrationTests ---
[WARNING] Unable to locate Source XRef to link to - DISABLED
[WARNING] Unable to locate Source XRef to link to - DISABLED
[INFO] 
[INFO] <<< maven-pmd-plugin:3.6:check (default) < :pmd @ BaragonServiceIntegrationTests <<<
[INFO] 
[INFO] --- maven-pmd-plugin:3.6:check (default) @ BaragonServiceIntegrationTests ---
[INFO] 
[INFO] 
[INFO] --- license-maven-plugin:2.11:check (default) @ BaragonServiceIntegrationTests ---
[INFO] 
[INFO] --- maven-install-plugin:2.5.2:install (default-install) @ BaragonServiceIntegrationTests ---
[INFO] Installing /home/travis/build/HubSpot/Baragon/BaragonServiceIntegrationTests/target/BaragonServiceIntegrationTests-0.5.0-SNAPSHOT.jar to /home/travis/.m2/repository/com/hubspot/BaragonServiceIntegrationTests/0.5.0-SNAPSHOT/BaragonServiceIntegrationTests-0.5.0-SNAPSHOT.jar
[INFO] Installing /home/travis/build/HubSpot/Baragon/BaragonServiceIntegrationTests/pom.xml to /home/travis/.m2/repository/com/hubspot/BaragonServiceIntegrationTests/0.5.0-SNAPSHOT/BaragonServiceIntegrationTests-0.5.0-SNAPSHOT.pom
[INFO] Installing /home/travis/build/HubSpot/Baragon/BaragonServiceIntegrationTests/target/BaragonServiceIntegrationTests-0.5.0-SNAPSHOT-tests.jar to /home/travis/.m2/repository/com/hubspot/BaragonServiceIntegrationTests/0.5.0-SNAPSHOT/BaragonServiceIntegrationTests-0.5.0-SNAPSHOT-tests.jar
[INFO] Installing /home/travis/build/HubSpot/Baragon/BaragonServiceIntegrationTests/target/BaragonServiceIntegrationTests-0.5.0-SNAPSHOT-sources.jar to /home/travis/.m2/repository/com/hubspot/BaragonServiceIntegrationTests/0.5.0-SNAPSHOT/BaragonServiceIntegrationTests-0.5.0-SNAPSHOT-sources.jar
[INFO] Installing /home/travis/build/HubSpot/Baragon/BaragonServiceIntegrationTests/target/BaragonServiceIntegrationTests-0.5.0-SNAPSHOT-test-sources.jar to /home/travis/.m2/repository/com/hubspot/BaragonServiceIntegrationTests/0.5.0-SNAPSHOT/BaragonServiceIntegrationTests-0.5.0-SNAPSHOT-test-sources.jar
[INFO] ------------------------------------------------------------------------
[INFO] Reactor Summary:
[INFO] 
[INFO] Baragon ............................................ SUCCESS [  6.319 s]
[INFO] BaragonCore ........................................ SUCCESS [ 13.411 s]
[INFO] BaragonData ........................................ SUCCESS [ 17.279 s]
[INFO] BaragonService ..................................... SUCCESS [ 42.070 s]
[INFO] BaragonAgentService ................................ SUCCESS [02:30 min]
[INFO] BaragonClient ...................................... SUCCESS [  7.672 s]
[INFO] BaragonWatcher ..................................... SUCCESS [  6.720 s]
[INFO] BaragonServiceIntegrationTests ..................... SUCCESS [  7.262 s]
[INFO] ------------------------------------------------------------------------
[INFO] BUILD SUCCESS
[INFO] ------------------------------------------------------------------------
[INFO] Total time: 04:12 min
[INFO] Finished at: 2017-02-03T19:03:35+00:00
[INFO] Final Memory: 101M/492M
[INFO] ------------------------------------------------------------------------

travis_time:end:0bd4f9bf:start=1486148361732757885,finish=1486148626839913014,duration=265107155129[0Ktravis_fold:end:install[0Ktravis_time:start:031fe8b8[0K$ mvn test -B
Java HotSpot(TM) 64-Bit Server VM warning: ignoring option MaxPermSize=192m; support was removed in 8.0
[INFO] Scanning for projects...
[INFO] ------------------------------------------------------------------------
[INFO] Reactor Build Order:
[INFO] 
[INFO] Baragon
[INFO] BaragonCore
[INFO] BaragonData
[INFO] BaragonService
[INFO] BaragonAgentService
[INFO] BaragonClient
[INFO] BaragonWatcher
[INFO] BaragonServiceIntegrationTests
[INFO]                                                                         
[INFO] ------------------------------------------------------------------------
[INFO] Building Baragon 0.5.0-SNAPSHOT
[INFO] ------------------------------------------------------------------------
[INFO] 
[INFO] --- property-helper-maven-plugin:2.0:get (get-build-id) @ Baragon ---
[INFO] 
[INFO] --- maven-enforcer-plugin:1.4.1:enforce (default) @ Baragon ---
[INFO] 
[INFO] --- maven-dependency-versions-check-plugin:2.0.2:check (default) @ Baragon ---
[INFO] Checking dependency versions
[INFO] 
[INFO] --- maven-checkstyle-plugin:2.17:check (default) @ Baragon ---
[INFO] Starting audit...
Audit done.
[INFO] 
[INFO] --- dependency-management-plugin:0.4:analyze (analyze) @ Baragon ---
[INFO] No dependency management issues found
[INFO] 
[INFO] --- git-commit-id-plugin:2.2.0:revision (default) @ Baragon ---
[INFO] 
[INFO] --- jacoco-maven-plugin:0.7.5.201505241946:prepare-agent (default) @ Baragon ---
[INFO] argLine set to -javaagent:/home/travis/.m2/repository/org/jacoco/org.jacoco.agent/0.7.5.201505241946/org.jacoco.agent-0.7.5.201505241946-runtime.jar=destfile=/home/travis/build/HubSpot/Baragon/target/jacoco.exec
[INFO]                                                                         
[INFO] ------------------------------------------------------------------------
[INFO] Building BaragonCore 0.5.0-SNAPSHOT
[INFO] ------------------------------------------------------------------------
[INFO] 
[INFO] --- property-helper-maven-plugin:2.0:get (get-build-id) @ BaragonCore ---
[INFO] 
[INFO] --- maven-enforcer-plugin:1.4.1:enforce (default) @ BaragonCore ---
[INFO] 
[INFO] --- maven-dependency-versions-check-plugin:2.0.2:check (default) @ BaragonCore ---
[INFO] Checking dependency versions
[INFO] 
[INFO] --- maven-checkstyle-plugin:2.17:check (default) @ BaragonCore ---
[INFO] Starting audit...
Audit done.
[INFO] 
[INFO] --- dependency-management-plugin:0.4:analyze (analyze) @ BaragonCore ---
[INFO] No dependency management issues found
[INFO] 
[INFO] --- git-commit-id-plugin:2.2.0:revision (default) @ BaragonCore ---
[INFO] 
[INFO] --- jacoco-maven-plugin:0.7.5.201505241946:prepare-agent (default) @ BaragonCore ---
[INFO] argLine set to -javaagent:/home/travis/.m2/repository/org/jacoco/org.jacoco.agent/0.7.5.201505241946/org.jacoco.agent-0.7.5.201505241946-runtime.jar=destfile=/home/travis/build/HubSpot/Baragon/BaragonCore/target/jacoco.exec
[INFO] 
[INFO] --- maven-resources-plugin:2.7:resources (default-resources) @ BaragonCore ---
[INFO] Using 'UTF-8' encoding to copy filtered resources.
[INFO] skip non existing resourceDirectory /home/travis/build/HubSpot/Baragon/BaragonCore/src/main/resources
[INFO] 
[INFO] --- maven-compiler-plugin:3.3:compile (default-compile) @ BaragonCore ---
[INFO] Nothing to compile - all classes are up to date
[INFO] 
[INFO] --- maven-resources-plugin:2.7:testResources (default-testResources) @ BaragonCore ---
[INFO] Using 'UTF-8' encoding to copy filtered resources.
[INFO] skip non existing resourceDirectory /home/travis/build/HubSpot/Baragon/BaragonCore/src/test/resources
[INFO] 
[INFO] --- maven-compiler-plugin:3.3:testCompile (default-testCompile) @ BaragonCore ---
[INFO] No sources to compile
[INFO] 
[INFO] --- maven-surefire-plugin:2.19:test (default-test) @ BaragonCore ---
[INFO] No tests to run.
[INFO]                                                                         
[INFO] ------------------------------------------------------------------------
[INFO] Building BaragonData 0.5.0-SNAPSHOT
[INFO] ------------------------------------------------------------------------
[INFO] 
[INFO] --- property-helper-maven-plugin:2.0:get (get-build-id) @ BaragonData ---
[INFO] 
[INFO] --- maven-enforcer-plugin:1.4.1:enforce (default) @ BaragonData ---
[INFO] 
[INFO] --- maven-dependency-versions-check-plugin:2.0.2:check (default) @ BaragonData ---
[INFO] Checking dependency versions
[INFO] 
[INFO] --- maven-checkstyle-plugin:2.17:check (default) @ BaragonData ---
[INFO] Starting audit...
Audit done.
[INFO] 
[INFO] --- dependency-management-plugin:0.4:analyze (analyze) @ BaragonData ---
[INFO] No dependency management issues found
[INFO] 
[INFO] --- git-commit-id-plugin:2.2.0:revision (default) @ BaragonData ---
[INFO] 
[INFO] --- jacoco-maven-plugin:0.7.5.201505241946:prepare-agent (default) @ BaragonData ---
[INFO] argLine set to -javaagent:/home/travis/.m2/repository/org/jacoco/org.jacoco.agent/0.7.5.201505241946/org.jacoco.agent-0.7.5.201505241946-runtime.jar=destfile=/home/travis/build/HubSpot/Baragon/BaragonData/target/jacoco.exec
[INFO] 
[INFO] --- maven-resources-plugin:2.7:resources (default-resources) @ BaragonData ---
[INFO] Using 'UTF-8' encoding to copy filtered resources.
[INFO] skip non existing resourceDirectory /home/travis/build/HubSpot/Baragon/BaragonData/src/main/resources
[INFO] 
[INFO] --- maven-compiler-plugin:3.3:compile (default-compile) @ BaragonData ---
[INFO] Nothing to compile - all classes are up to date
[INFO] 
[INFO] --- maven-resources-plugin:2.7:testResources (default-testResources) @ BaragonData ---
[INFO] Using 'UTF-8' encoding to copy filtered resources.
[INFO] skip non existing resourceDirectory /home/travis/build/HubSpot/Baragon/BaragonData/src/test/resources
[INFO] 
[INFO] --- maven-compiler-plugin:3.3:testCompile (default-testCompile) @ BaragonData ---
[INFO] Nothing to compile - all classes are up to date
[INFO] 
[INFO] --- maven-surefire-plugin:2.19:test (default-test) @ BaragonData ---

-------------------------------------------------------
 T E S T S
-------------------------------------------------------
Running com.hubspot.baragon.auth.BaragonAuthFilterTest
Tests run: 2, Failures: 0, Errors: 0, Skipped: 0, Time elapsed: 0.302 sec - in com.hubspot.baragon.auth.BaragonAuthFilterTest

Results :

Tests run: 2, Failures: 0, Errors: 0, Skipped: 0

[INFO]                                                                         
[INFO] ------------------------------------------------------------------------
[INFO] Building BaragonService 0.5.0-SNAPSHOT
[INFO] ------------------------------------------------------------------------
[INFO] 
[INFO] --- property-helper-maven-plugin:2.0:get (get-build-id) @ BaragonService ---
[INFO] 
[INFO] --- maven-enforcer-plugin:1.4.1:enforce (default) @ BaragonService ---
[INFO] 
[INFO] --- maven-dependency-versions-check-plugin:2.0.2:check (default) @ BaragonService ---
[INFO] Checking dependency versions
[INFO] 
[INFO] --- maven-checkstyle-plugin:2.17:check (default) @ BaragonService ---
[INFO] Starting audit...
Audit done.
[INFO] 
[INFO] --- dependency-management-plugin:0.4:analyze (analyze) @ BaragonService ---
[INFO] No dependency management issues found
[INFO] 
[INFO] --- git-commit-id-plugin:2.2.0:revision (default) @ BaragonService ---
[INFO] 
[INFO] --- jacoco-maven-plugin:0.7.5.201505241946:prepare-agent (default) @ BaragonService ---
[INFO] argLine set to -javaagent:/home/travis/.m2/repository/org/jacoco/org.jacoco.agent/0.7.5.201505241946/org.jacoco.agent-0.7.5.201505241946-runtime.jar=destfile=/home/travis/build/HubSpot/Baragon/BaragonService/target/jacoco.exec
[INFO] 
[INFO] --- frontend-maven-plugin:0.0.23:install-node-and-npm (install node and npm) @ BaragonService ---
[INFO] Node v4.1.2 is already installed.
[INFO] Found NPM version 2.14.16
[INFO] 
[INFO] --- frontend-maven-plugin:0.0.23:npm (npm install) @ BaragonService ---
[INFO] Running 'npm install --color=false' in /home/travis/build/HubSpot/Baragon/BaragonUI
[ERROR] npm WARN package.json BaragonUI@0.1.0 No README data
[ERROR] npm WARN package.json BaragonUI@0.1.0 No license field.
[INFO] 
[INFO] > BaragonUI@0.1.0 postinstall /home/travis/build/HubSpot/Baragon/BaragonUI
[INFO] > bower install --allow-root && brunch build --production
[INFO] 
[ERROR] bower                     invalid-meta The "name" is recommended to be lowercase, can contain digits, dots, dashes
[INFO] 03 Feb 19:04:23 - [32minfo[0m: compiling
[INFO] 03 Feb 19:04:31 - [32minfo[0m: compiling.
[INFO] 03 Feb 19:04:32 - [32minfo[0m: compiled 107 files into 2 files, copied 6 in 12.7 sec
[INFO] 
[INFO] --- build-helper-maven-plugin:1.10:add-resource (add-generated-resources) @ BaragonService ---
[INFO] 
[INFO] --- maven-resources-plugin:2.7:resources (default-resources) @ BaragonService ---
[INFO] Using 'UTF-8' encoding to copy filtered resources.
[INFO] Copying 1 resource
[INFO] Copying 9 resources
[INFO] 
[INFO] --- maven-compiler-plugin:3.3:compile (default-compile) @ BaragonService ---
[INFO] Nothing to compile - all classes are up to date
[INFO] 
[INFO] --- maven-resources-plugin:2.7:testResources (default-testResources) @ BaragonService ---
[INFO] Using 'UTF-8' encoding to copy filtered resources.
[INFO] skip non existing resourceDirectory /home/travis/build/HubSpot/Baragon/BaragonService/src/test/resources
[INFO] 
[INFO] --- maven-compiler-plugin:3.3:testCompile (default-testCompile) @ BaragonService ---
[INFO] Nothing to compile - all classes are up to date
[INFO] 
[INFO] --- maven-surefire-plugin:2.19:test (default-test) @ BaragonService ---

-------------------------------------------------------
 T E S T S
-------------------------------------------------------
Running com.hubspot.baragon.service.KnownAgentTest
Tests run: 3, Failures: 0, Errors: 0, Skipped: 0, Time elapsed: 2.945 sec - in com.hubspot.baragon.service.KnownAgentTest
Running com.hubspot.baragon.service.RequestTest
Tests run: 4, Failures: 0, Errors: 0, Skipped: 0, Time elapsed: 3.83 sec - in com.hubspot.baragon.service.RequestTest

Results :

Tests run: 7, Failures: 0, Errors: 0, Skipped: 0

[INFO]                                                                         
[INFO] ------------------------------------------------------------------------
[INFO] Building BaragonAgentService 0.5.0-SNAPSHOT
[INFO] ------------------------------------------------------------------------
[INFO] 
[INFO] --- property-helper-maven-plugin:2.0:get (get-build-id) @ BaragonAgentService ---
[INFO] 
[INFO] --- maven-enforcer-plugin:1.4.1:enforce (default) @ BaragonAgentService ---
[INFO] 
[INFO] --- maven-dependency-versions-check-plugin:2.0.2:check (default) @ BaragonAgentService ---
[INFO] Checking dependency versions
[INFO] artifact com.google.guava:guava: checking for updates from sonatype
[INFO] artifact com.google.guava:guava: checking for updates from sonatype-apache
[WARNING] repository metadata for: 'artifact com.google.guava:guava' could not be retrieved from repository: sonatype-apache due to an error: Connect to repository.apache.org:443 [repository.apache.org/207.244.88.143] failed: Connection timed out
[INFO] 
[INFO] --- maven-checkstyle-plugin:2.17:check (default) @ BaragonAgentService ---
[INFO] Starting audit...
Audit done.
[INFO] 
[INFO] --- dependency-management-plugin:0.4:analyze (analyze) @ BaragonAgentService ---
[INFO] No dependency management issues found
[INFO] 
[INFO] --- git-commit-id-plugin:2.2.0:revision (default) @ BaragonAgentService ---
[INFO] 
[INFO] --- jacoco-maven-plugin:0.7.5.201505241946:prepare-agent (default) @ BaragonAgentService ---
[INFO] argLine set to -javaagent:/home/travis/.m2/repository/org/jacoco/org.jacoco.agent/0.7.5.201505241946/org.jacoco.agent-0.7.5.201505241946-runtime.jar=destfile=/home/travis/build/HubSpot/Baragon/BaragonAgentService/target/jacoco.exec
[INFO] 
[INFO] --- maven-resources-plugin:2.7:resources (default-resources) @ BaragonAgentService ---
[INFO] Using 'UTF-8' encoding to copy filtered resources.
[INFO] skip non existing resourceDirectory /home/travis/build/HubSpot/Baragon/BaragonAgentService/src/main/resources
[INFO] 
[INFO] --- maven-compiler-plugin:3.3:compile (default-compile) @ BaragonAgentService ---
[INFO] Nothing to compile - all classes are up to date
[INFO] 
[INFO] --- maven-resources-plugin:2.7:testResources (default-testResources) @ BaragonAgentService ---
[INFO] Using 'UTF-8' encoding to copy filtered resources.
[INFO] skip non existing resourceDirectory /home/travis/build/HubSpot/Baragon/BaragonAgentService/src/test/resources
[INFO] 
[INFO] --- maven-compiler-plugin:3.3:testCompile (default-testCompile) @ BaragonAgentService ---
[INFO] No sources to compile
[INFO] 
[INFO] --- maven-surefire-plugin:2.19:test (default-test) @ BaragonAgentService ---
[INFO] No tests to run.
[INFO]                                                                         
[INFO] ------------------------------------------------------------------------
[INFO] Building BaragonClient 0.5.0-SNAPSHOT
[INFO] ------------------------------------------------------------------------
[INFO] 
[INFO] --- property-helper-maven-plugin:2.0:get (get-build-id) @ BaragonClient ---
[INFO] 
[INFO] --- maven-enforcer-plugin:1.4.1:enforce (default) @ BaragonClient ---
[INFO] 
[INFO] --- maven-dependency-versions-check-plugin:2.0.2:check (default) @ BaragonClient ---
[INFO] Checking dependency versions
[INFO] 
[INFO] --- maven-checkstyle-plugin:2.17:check (default) @ BaragonClient ---
[INFO] Starting audit...
Audit done.
[INFO] 
[INFO] --- dependency-management-plugin:0.4:analyze (analyze) @ BaragonClient ---
[INFO] No dependency management issues found
[INFO] 
[INFO] --- git-commit-id-plugin:2.2.0:revision (default) @ BaragonClient ---
[INFO] 
[INFO] --- jacoco-maven-plugin:0.7.5.201505241946:prepare-agent (default) @ BaragonClient ---
[INFO] argLine set to -javaagent:/home/travis/.m2/repository/org/jacoco/org.jacoco.agent/0.7.5.201505241946/org.jacoco.agent-0.7.5.201505241946-runtime.jar=destfile=/home/travis/build/HubSpot/Baragon/BaragonClient/target/jacoco.exec
[INFO] 
[INFO] --- maven-resources-plugin:2.7:resources (default-resources) @ BaragonClient ---
[INFO] Using 'UTF-8' encoding to copy filtered resources.
[INFO] skip non existing resourceDirectory /home/travis/build/HubSpot/Baragon/BaragonClient/src/main/resources
[INFO] 
[INFO] --- maven-compiler-plugin:3.3:compile (default-compile) @ BaragonClient ---
[INFO] Nothing to compile - all classes are up to date
[INFO] 
[INFO] --- maven-resources-plugin:2.7:testResources (default-testResources) @ BaragonClient ---
[INFO] Using 'UTF-8' encoding to copy filtered resources.
[INFO] skip non existing resourceDirectory /home/travis/build/HubSpot/Baragon/BaragonClient/src/test/resources
[INFO] 
[INFO] --- maven-compiler-plugin:3.3:testCompile (default-testCompile) @ BaragonClient ---
[INFO] Nothing to compile - all classes are up to date
[INFO] 
[INFO] --- maven-surefire-plugin:2.19:test (default-test) @ BaragonClient ---

-------------------------------------------------------
 T E S T S
-------------------------------------------------------
Running com.hubspot.baragon.client.BaragonServiceClientModuleTest
SLF4J: Failed to load class "org.slf4j.impl.StaticLoggerBinder".
SLF4J: Defaulting to no-operation (NOP) logger implementation
SLF4J: See http://www.slf4j.org/codes.html#StaticLoggerBinder for further details.
Tests run: 1, Failures: 0, Errors: 0, Skipped: 0, Time elapsed: 1.582 sec - in com.hubspot.baragon.client.BaragonServiceClientModuleTest

Results :

Tests run: 1, Failures: 0, Errors: 0, Skipped: 0

[INFO]                                                                         
[INFO] ------------------------------------------------------------------------
[INFO] Building BaragonWatcher 0.5.0-SNAPSHOT
[INFO] ------------------------------------------------------------------------
[INFO] 
[INFO] --- property-helper-maven-plugin:2.0:get (get-build-id) @ BaragonWatcher ---
[INFO] 
[INFO] --- maven-enforcer-plugin:1.4.1:enforce (default) @ BaragonWatcher ---
[INFO] 
[INFO] --- maven-dependency-versions-check-plugin:2.0.2:check (default) @ BaragonWatcher ---
[INFO] Checking dependency versions
[INFO] 
[INFO] --- maven-checkstyle-plugin:2.17:check (default) @ BaragonWatcher ---
[INFO] Starting audit...
Audit done.
[INFO] 
[INFO] --- dependency-management-plugin:0.4:analyze (analyze) @ BaragonWatcher ---
[INFO] No dependency management issues found
[INFO] 
[INFO] --- git-commit-id-plugin:2.2.0:revision (default) @ BaragonWatcher ---
[INFO] 
[INFO] --- jacoco-maven-plugin:0.7.5.201505241946:prepare-agent (default) @ BaragonWatcher ---
[INFO] argLine set to -javaagent:/home/travis/.m2/repository/org/jacoco/org.jacoco.agent/0.7.5.201505241946/org.jacoco.agent-0.7.5.201505241946-runtime.jar=destfile=/home/travis/build/HubSpot/Baragon/BaragonWatcher/target/jacoco.exec
[INFO] 
[INFO] --- maven-resources-plugin:2.7:resources (default-resources) @ BaragonWatcher ---
[INFO] Using 'UTF-8' encoding to copy filtered resources.
[INFO] skip non existing resourceDirectory /home/travis/build/HubSpot/Baragon/BaragonWatcher/src/main/resources
[INFO] 
[INFO] --- maven-compiler-plugin:3.3:compile (default-compile) @ BaragonWatcher ---
[INFO] Nothing to compile - all classes are up to date
[INFO] 
[INFO] --- maven-resources-plugin:2.7:testResources (default-testResources) @ BaragonWatcher ---
[INFO] Using 'UTF-8' encoding to copy filtered resources.
[INFO] skip non existing resourceDirectory /home/travis/build/HubSpot/Baragon/BaragonWatcher/src/test/resources
[INFO] 
[INFO] --- maven-compiler-plugin:3.3:testCompile (default-testCompile) @ BaragonWatcher ---
[INFO] No sources to compile
[INFO] 
[INFO] --- maven-surefire-plugin:2.19:test (default-test) @ BaragonWatcher ---
[INFO] No tests to run.
[INFO]                                                                         
[INFO] ------------------------------------------------------------------------
[INFO] Building BaragonServiceIntegrationTests 0.5.0-SNAPSHOT
[INFO] ------------------------------------------------------------------------
[INFO] 
[INFO] --- property-helper-maven-plugin:2.0:get (get-build-id) @ BaragonServiceIntegrationTests ---
[INFO] 
[INFO] --- maven-enforcer-plugin:1.4.1:enforce (default) @ BaragonServiceIntegrationTests ---
[INFO] 
[INFO] --- maven-dependency-versions-check-plugin:2.0.2:check (default) @ BaragonServiceIntegrationTests ---
[INFO] Checking dependency versions
[INFO] 
[INFO] --- maven-checkstyle-plugin:2.17:check (default) @ BaragonServiceIntegrationTests ---
[INFO] Starting audit...
Audit done.
[INFO] 
[INFO] --- dependency-management-plugin:0.4:analyze (analyze) @ BaragonServiceIntegrationTests ---
[INFO] No dependency management issues found
[INFO] 
[INFO] --- git-commit-id-plugin:2.2.0:revision (default) @ BaragonServiceIntegrationTests ---
[INFO] 
[INFO] --- jacoco-maven-plugin:0.7.5.201505241946:prepare-agent (default) @ BaragonServiceIntegrationTests ---
[INFO] argLine set to -javaagent:/home/travis/.m2/repository/org/jacoco/org.jacoco.agent/0.7.5.201505241946/org.jacoco.agent-0.7.5.201505241946-runtime.jar=destfile=/home/travis/build/HubSpot/Baragon/BaragonServiceIntegrationTests/target/jacoco.exec
[INFO] 
[INFO] --- maven-resources-plugin:2.7:resources (default-resources) @ BaragonServiceIntegrationTests ---
[INFO] Using 'UTF-8' encoding to copy filtered resources.
[INFO] skip non existing resourceDirectory /home/travis/build/HubSpot/Baragon/BaragonServiceIntegrationTests/src/main/resources
[INFO] 
[INFO] --- maven-compiler-plugin:3.3:compile (default-compile) @ BaragonServiceIntegrationTests ---
[INFO] Nothing to compile - all classes are up to date
[INFO] 
[INFO] --- maven-resources-plugin:2.7:testResources (default-testResources) @ BaragonServiceIntegrationTests ---
[INFO] Using 'UTF-8' encoding to copy filtered resources.
[INFO] skip non existing resourceDirectory /home/travis/build/HubSpot/Baragon/BaragonServiceIntegrationTests/src/test/resources
[INFO] 
[INFO] --- maven-compiler-plugin:3.3:testCompile (default-testCompile) @ BaragonServiceIntegrationTests ---
[INFO] Nothing to compile - all classes are up to date
[INFO] 
[INFO] --- maven-surefire-plugin:2.19:test (default-test) @ BaragonServiceIntegrationTests ---
[INFO] ------------------------------------------------------------------------
[INFO] Reactor Summary:
[INFO] 
[INFO] Baragon ............................................ SUCCESS [  4.342 s]
[INFO] BaragonCore ........................................ SUCCESS [  2.312 s]
[INFO] BaragonData ........................................ SUCCESS [ 10.028 s]
[INFO] BaragonService ..................................... SUCCESS [ 39.849 s]
[INFO] BaragonAgentService ................................ SUCCESS [02:16 min]
[INFO] BaragonClient ...................................... SUCCESS [  3.476 s]
[INFO] BaragonWatcher ..................................... SUCCESS [  0.743 s]
[INFO] BaragonServiceIntegrationTests ..................... SUCCESS [  1.099 s]
[INFO] ------------------------------------------------------------------------
[INFO] BUILD SUCCESS
[INFO] ------------------------------------------------------------------------
[INFO] Total time: 03:19 min
[INFO] Finished at: 2017-02-03T19:07:08+00:00
[INFO] Final Memory: 60M/444M
[INFO] ------------------------------------------------------------------------

travis_time:end:031fe8b8:start=1486148626847325222,finish=1486148828936397861,duration=202089072639[0K
[32;1mThe command "mvn test -B" exited with 0.[0m
travis_fold:start:cache.2[0Kstore build cache
travis_time:start:048e03e8[0K
travis_time:end:048e03e8:start=1486148828944453291,finish=1486148828948861663,duration=4408372[0Ktravis_time:start:118c5776[0K[32;1mchange detected (content changed, file is created, or file is deleted):
/home/travis/.m2/repository/com/google/guava/guava/resolver-status.properties
/home/travis/.m2/repository/com/hubspot/Baragon/0.5.0-SNAPSHOT/Baragon-0.5.0-SNAPSHOT.pom
/home/travis/.m2/repository/com/hubspot/Baragon/0.5.0-SNAPSHOT/maven-metadata-local.xml
/home/travis/.m2/repository/com/hubspot/Baragon/0.5.0-SNAPSHOT/_remote.repositories
/home/travis/.m2/repository/com/hubspot/BaragonAgentService/0.5.0-SNAPSHOT/BaragonAgentService-0.5.0-SNAPSHOT.jar
/home/travis/.m2/repository/com/hubspot/BaragonAgentService/0.5.0-SNAPSHOT/BaragonAgentService-0.5.0-SNAPSHOT-sources.jar
/home/travis/.m2/repository/com/hubspot/BaragonAgentService/0.5.0-SNAPSHOT/maven-metadata-local.xml
/home/travis/.m2/repository/com/hubspot/BaragonAgentService/0.5.0-SNAPSHOT/_remote.repositories
/home/travis/.m2/repository/com/hubspot/BaragonAgentService/maven-metadata-local.xml
/home/travis/.m2/repository/com/hubspot/BaragonClient/0.5.0-SNAPSHOT/BaragonClient-0.5.0-SNAPSHOT.jar
/home/travis/.m2/repository/com/hubspot/Ba
[0m
[32;1m...
[0m
[32;1mchanges detected, packing new archive[0m
.
[32;1muploading archive[0m

travis_time:end:118c5776:start=1486148828953865167,finish=1486148843113122340,duration=14159257173[0Ktravis_fold:end:cache.2[0K
Done. Your build exited with 0.
