travis_fold:start:worker_info[0K[33;1mWorker information[0m
hostname: i-03248df-precise-production-2-worker-org-docker.travisci.net:64e97780-4ddd-4357-84ea-e54dae8bde28
version: v2.5.0 https://github.com/travis-ci/worker/tree/da3a43228dffc0fcca5a46569ca786b22991979f
instance: 685e296:travis:java
startup: 523.933999ms
travis_fold:end:worker_info[0Ktravis_fold:start:system_info[0K[33;1mBuild system information[0m
Build language: java
Build group: stable
Build dist: precise
Build id: 215061115
Job id: 215061116
travis-build version: d39932a43
[34m[1mBuild image provisioning date and time[0m
Thu Feb  5 15:09:33 UTC 2015
[34m[1mOperating System Details[0m
Distributor ID:	Ubuntu
Description:	Ubuntu 12.04.5 LTS
Release:	12.04
Codename:	precise
[34m[1mLinux Version[0m
3.13.0-29-generic
[34m[1mCookbooks Version[0m
a68419e https://github.com/travis-ci/travis-cookbooks/tree/a68419e
[34m[1mGCC version[0m
gcc (Ubuntu/Linaro 4.6.3-1ubuntu5) 4.6.3
Copyright (C) 2011 Free Software Foundation, Inc.
This is free software; see the source for copying conditions.  There is NO
warranty; not even for MERCHANTABILITY or FITNESS FOR A PARTICULAR PURPOSE.

[34m[1mLLVM version[0m
clang version 3.4 (tags/RELEASE_34/final)
Target: x86_64-unknown-linux-gnu
Thread model: posix
[34m[1mPre-installed Ruby versions[0m
ruby-1.9.3-p551
[34m[1mPre-installed Node.js versions[0m
v0.10.36
[34m[1mPre-installed Go versions[0m
1.4.1
[34m[1mRedis version[0m
redis-server 2.8.19
[34m[1mriak version[0m
2.0.2
[34m[1mMongoDB version[0m
MongoDB 2.4.12
[34m[1mCouchDB version[0m
couchdb 1.6.1
[34m[1mNeo4j version[0m
1.9.4
[34m[1mRabbitMQ Version[0m
3.4.3
[34m[1mElasticSearch version[0m
1.4.0
[34m[1mInstalled Sphinx versions[0m
2.0.10
2.1.9
2.2.6
[34m[1mDefault Sphinx version[0m
2.2.6
[34m[1mInstalled Firefox version[0m
firefox 31.0esr
[34m[1mPhantomJS version[0m
1.9.8
[34m[1mant -version[0m
Apache Ant(TM) version 1.8.2 compiled on December 3 2011
[34m[1mmvn -version[0m
Apache Maven 3.2.5 (12a6b3acb947671f09b81f49094c53f426d8cea1; 2014-12-14T17:29:23+00:00)
Maven home: /usr/local/maven
Java version: 1.7.0_76, vendor: Oracle Corporation
Java home: /usr/lib/jvm/java-7-oracle/jre
Default locale: en_US, platform encoding: ANSI_X3.4-1968
OS name: "linux", version: "3.13.0-29-generic", arch: "amd64", family: "unix"
travis_fold:end:system_info[0K
travis_fold:start:fix.CVE-2015-7547[0K$ export DEBIAN_FRONTEND=noninteractive
Reading package lists...
Building dependency tree...
Reading state information...
The following extra packages will be installed:
  libc-bin libc-dev-bin libc6-dev
Suggested packages:
  glibc-doc
The following packages will be upgraded:
  libc-bin libc-dev-bin libc6 libc6-dev
4 upgraded, 0 newly installed, 0 to remove and 272 not upgraded.
Need to get 8,856 kB of archives.
After this operation, 13.3 kB of additional disk space will be used.
Get:1 http://us.archive.ubuntu.com/ubuntu/ precise-updates/main libc6-dev amd64 2.15-0ubuntu10.18 [2,948 kB]
Get:2 http://us.archive.ubuntu.com/ubuntu/ precise-updates/main libc-dev-bin amd64 2.15-0ubuntu10.18 [84.5 kB]
Get:3 http://us.archive.ubuntu.com/ubuntu/ precise-updates/main libc-bin amd64 2.15-0ubuntu10.18 [1,178 kB]
Get:4 http://us.archive.ubuntu.com/ubuntu/ precise-updates/main libc6 amd64 2.15-0ubuntu10.18 [4,646 kB]
Fetched 8,856 kB in 0s (35.1 MB/s)
Preconfiguring packages ...
(Reading database ... (Reading database ... 5%(Reading database ... 10%(Reading database ... 15%(Reading database ... 20%(Reading database ... 25%(Reading database ... 30%(Reading database ... 35%(Reading database ... 40%(Reading database ... 45%(Reading database ... 50%(Reading database ... 55%(Reading database ... 60%(Reading database ... 65%(Reading database ... 70%(Reading database ... 75%(Reading database ... 80%(Reading database ... 85%(Reading database ... 90%(Reading database ... 95%(Reading database ... 100%(Reading database ... 72019 files and directories currently installed.)
Preparing to replace libc6-dev 2.15-0ubuntu10.10 (using .../libc6-dev_2.15-0ubuntu10.18_amd64.deb) ...
Unpacking replacement libc6-dev ...
Preparing to replace libc-dev-bin 2.15-0ubuntu10.10 (using .../libc-dev-bin_2.15-0ubuntu10.18_amd64.deb) ...
Unpacking replacement libc-dev-bin ...
Preparing to replace libc-bin 2.15-0ubuntu10.10 (using .../libc-bin_2.15-0ubuntu10.18_amd64.deb) ...
Unpacking replacement libc-bin ...
Processing triggers for man-db ...
Setting up libc-bin (2.15-0ubuntu10.18) ...
(Reading database ... (Reading database ... 5%(Reading database ... 10%(Reading database ... 15%(Reading database ... 20%(Reading database ... 25%(Reading database ... 30%(Reading database ... 35%(Reading database ... 40%(Reading database ... 45%(Reading database ... 50%(Reading database ... 55%(Reading database ... 60%(Reading database ... 65%(Reading database ... 70%(Reading database ... 75%(Reading database ... 80%(Reading database ... 85%(Reading database ... 90%(Reading database ... 95%(Reading database ... 100%(Reading database ... 72018 files and directories currently installed.)
Preparing to replace libc6 2.15-0ubuntu10.10 (using .../libc6_2.15-0ubuntu10.18_amd64.deb) ...
Unpacking replacement libc6 ...
Setting up libc6 (2.15-0ubuntu10.18) ...
Setting up libc-dev-bin (2.15-0ubuntu10.18) ...
Setting up libc6-dev (2.15-0ubuntu10.18) ...
Processing triggers for libc-bin ...
ldconfig deferred processing now taking place
travis_fold:end:fix.CVE-2015-7547[0K$ jdk_switcher use oraclejdk8
Switching to Oracle JDK8 (java-8-oracle), JAVA_HOME will be set to /usr/lib/jvm/java-8-oracle
travis_fold:start:git.checkout[0Ktravis_time:start:14f15ff4[0K$ git clone --depth=50 --branch=master https://github.com/owlcs/owlapi.git owlcs/owlapi
Cloning into 'owlcs/owlapi'...
remote: Counting objects: 9318, done.[K
remote: Compressing objects:   0% (1/3180)   [Kremote: Compressing objects:   1% (32/3180)   [Kremote: Compressing objects:   2% (64/3180)   [Kremote: Compressing objects:   3% (96/3180)   [Kremote: Compressing objects:   4% (128/3180)   [Kremote: Compressing objects:   5% (159/3180)   [Kremote: Compressing objects:   6% (191/3180)   [Kremote: Compressing objects:   7% (223/3180)   [Kremote: Compressing objects:   8% (255/3180)   [Kremote: Compressing objects:   9% (287/3180)   [Kremote: Compressing objects:  10% (318/3180)   [Kremote: Compressing objects:  11% (350/3180)   [Kremote: Compressing objects:  12% (382/3180)   [Kremote: Compressing objects:  13% (414/3180)   [Kremote: Compressing objects:  14% (446/3180)   [Kremote: Compressing objects:  15% (477/3180)   [Kremote: Compressing objects:  16% (509/3180)   [Kremote: Compressing objects:  17% (541/3180)   [Kremote: Compressing objects:  18% (573/3180)   [Kremote: Compressing objects:  19% (605/3180)   [Kremote: Compressing objects:  20% (636/3180)   [Kremote: Compressing objects:  21% (668/3180)   [Kremote: Compressing objects:  22% (700/3180)   [Kremote: Compressing objects:  23% (732/3180)   [Kremote: Compressing objects:  24% (764/3180)   [Kremote: Compressing objects:  25% (795/3180)   [Kremote: Compressing objects:  26% (827/3180)   [Kremote: Compressing objects:  27% (859/3180)   [Kremote: Compressing objects:  28% (891/3180)   [Kremote: Compressing objects:  29% (923/3180)   [Kremote: Compressing objects:  30% (954/3180)   [Kremote: Compressing objects:  31% (986/3180)   [Kremote: Compressing objects:  32% (1018/3180)   [Kremote: Compressing objects:  33% (1050/3180)   [Kremote: Compressing objects:  34% (1082/3180)   [Kremote: Compressing objects:  35% (1113/3180)   [Kremote: Compressing objects:  36% (1145/3180)   [Kremote: Compressing objects:  37% (1177/3180)   [Kremote: Compressing objects:  38% (1209/3180)   [Kremote: Compressing objects:  39% (1241/3180)   [Kremote: Compressing objects:  40% (1272/3180)   [Kremote: Compressing objects:  41% (1304/3180)   [Kremote: Compressing objects:  42% (1336/3180)   [Kremote: Compressing objects:  43% (1368/3180)   [Kremote: Compressing objects:  44% (1400/3180)   [Kremote: Compressing objects:  45% (1431/3180)   [Kremote: Compressing objects:  46% (1463/3180)   [Kremote: Compressing objects:  47% (1495/3180)   [Kremote: Compressing objects:  48% (1527/3180)   [Kremote: Compressing objects:  49% (1559/3180)   [Kremote: Compressing objects:  50% (1590/3180)   [Kremote: Compressing objects:  51% (1622/3180)   [Kremote: Compressing objects:  52% (1654/3180)   [Kremote: Compressing objects:  53% (1686/3180)   [Kremote: Compressing objects:  54% (1718/3180)   [Kremote: Compressing objects:  55% (1749/3180)   [Kremote: Compressing objects:  56% (1781/3180)   [Kremote: Compressing objects:  57% (1813/3180)   [Kremote: Compressing objects:  58% (1845/3180)   [Kremote: Compressing objects:  59% (1877/3180)   [Kremote: Compressing objects:  60% (1908/3180)   [Kremote: Compressing objects:  61% (1940/3180)   [Kremote: Compressing objects:  62% (1972/3180)   [Kremote: Compressing objects:  63% (2004/3180)   [Kremote: Compressing objects:  64% (2036/3180)   [Kremote: Compressing objects:  65% (2067/3180)   [Kremote: Compressing objects:  66% (2099/3180)   [Kremote: Compressing objects:  67% (2131/3180)   [Kremote: Compressing objects:  68% (2163/3180)   [Kremote: Compressing objects:  69% (2195/3180)   [Kremote: Compressing objects:  70% (2226/3180)   [Kremote: Compressing objects:  71% (2258/3180)   [Kremote: Compressing objects:  72% (2290/3180)   [Kremote: Compressing objects:  73% (2322/3180)   [Kremote: Compressing objects:  74% (2354/3180)   [Kremote: Compressing objects:  75% (2385/3180)   [Kremote: Compressing objects:  76% (2417/3180)   [Kremote: Compressing objects:  77% (2449/3180)   [Kremote: Compressing objects:  78% (2481/3180)   [Kremote: Compressing objects:  79% (2513/3180)   [Kremote: Compressing objects:  80% (2544/3180)   [Kremote: Compressing objects:  81% (2576/3180)   [Kremote: Compressing objects:  82% (2608/3180)   [Kremote: Compressing objects:  83% (2640/3180)   [Kremote: Compressing objects:  84% (2672/3180)   [Kremote: Compressing objects:  85% (2703/3180)   [Kremote: Compressing objects:  86% (2735/3180)   [Kremote: Compressing objects:  87% (2767/3180)   [Kremote: Compressing objects:  88% (2799/3180)   [Kremote: Compressing objects:  89% (2831/3180)   [Kremote: Compressing objects:  90% (2862/3180)   [Kremote: Compressing objects:  91% (2894/3180)   [Kremote: Compressing objects:  92% (2926/3180)   [Kremote: Compressing objects:  93% (2958/3180)   [Kremote: Compressing objects:  94% (2990/3180)   [Kremote: Compressing objects:  95% (3021/3180)   [Kremote: Compressing objects:  96% (3053/3180)   [Kremote: Compressing objects:  97% (3085/3180)   [Kremote: Compressing objects:  98% (3117/3180)   [Kremote: Compressing objects:  99% (3149/3180)   [Kremote: Compressing objects: 100% (3180/3180)   [Kremote: Compressing objects: 100% (3180/3180), done.[K
Receiving objects:   0% (1/9318)   Receiving objects:   1% (94/9318)   Receiving objects:   2% (187/9318)   Receiving objects:   3% (280/9318)   Receiving objects:   4% (373/9318)   Receiving objects:   5% (466/9318)   Receiving objects:   6% (560/9318)   Receiving objects:   7% (653/9318)   Receiving objects:   8% (746/9318)   Receiving objects:   9% (839/9318)   Receiving objects:  10% (932/9318)   Receiving objects:  11% (1025/9318)   Receiving objects:  12% (1119/9318)   Receiving objects:  13% (1212/9318)   Receiving objects:  14% (1305/9318)   Receiving objects:  15% (1398/9318)   Receiving objects:  16% (1491/9318)   Receiving objects:  17% (1585/9318)   Receiving objects:  18% (1678/9318)   Receiving objects:  19% (1771/9318)   Receiving objects:  20% (1864/9318)   Receiving objects:  21% (1957/9318)   Receiving objects:  22% (2050/9318)   Receiving objects:  23% (2144/9318)   Receiving objects:  24% (2237/9318)   Receiving objects:  25% (2330/9318)   Receiving objects:  26% (2423/9318)   Receiving objects:  27% (2516/9318)   Receiving objects:  28% (2610/9318)   Receiving objects:  29% (2703/9318)   Receiving objects:  30% (2796/9318)   Receiving objects:  31% (2889/9318)   Receiving objects:  32% (2982/9318)   Receiving objects:  33% (3075/9318)   Receiving objects:  34% (3169/9318)   Receiving objects:  35% (3262/9318)   Receiving objects:  36% (3355/9318)   Receiving objects:  37% (3448/9318)   Receiving objects:  38% (3541/9318)   Receiving objects:  39% (3635/9318)   Receiving objects:  40% (3728/9318)   Receiving objects:  41% (3821/9318)   Receiving objects:  42% (3914/9318)   Receiving objects:  43% (4007/9318)   Receiving objects:  44% (4100/9318)   Receiving objects:  45% (4194/9318)   Receiving objects:  46% (4287/9318)   Receiving objects:  47% (4380/9318)   Receiving objects:  48% (4473/9318)   Receiving objects:  49% (4566/9318)   Receiving objects:  50% (4659/9318)   Receiving objects:  51% (4753/9318)   Receiving objects:  52% (4846/9318)   Receiving objects:  53% (4939/9318)   Receiving objects:  54% (5032/9318)   Receiving objects:  55% (5125/9318)   Receiving objects:  56% (5219/9318)   Receiving objects:  57% (5312/9318)   Receiving objects:  58% (5405/9318)   Receiving objects:  59% (5498/9318)   Receiving objects:  60% (5591/9318)   Receiving objects:  61% (5684/9318)   Receiving objects:  62% (5778/9318)   Receiving objects:  63% (5871/9318)   Receiving objects:  64% (5964/9318)   Receiving objects:  65% (6057/9318)   Receiving objects:  66% (6150/9318)   Receiving objects:  67% (6244/9318)   Receiving objects:  68% (6337/9318)   Receiving objects:  69% (6430/9318)   Receiving objects:  70% (6523/9318)   Receiving objects:  71% (6616/9318)   Receiving objects:  72% (6709/9318)   Receiving objects:  73% (6803/9318)   Receiving objects:  74% (6896/9318)   Receiving objects:  75% (6989/9318)   Receiving objects:  76% (7082/9318)   Receiving objects:  77% (7175/9318)   Receiving objects:  78% (7269/9318)   Receiving objects:  79% (7362/9318)   Receiving objects:  80% (7455/9318)   Receiving objects:  81% (7548/9318)   Receiving objects:  82% (7641/9318)   Receiving objects:  83% (7734/9318)   Receiving objects:  84% (7828/9318)   Receiving objects:  85% (7921/9318)   Receiving objects:  86% (8014/9318)   Receiving objects:  87% (8107/9318)   Receiving objects:  88% (8200/9318)   Receiving objects:  89% (8294/9318)   Receiving objects:  90% (8387/9318)   Receiving objects:  91% (8480/9318)   Receiving objects:  92% (8573/9318)   Receiving objects:  93% (8666/9318)   Receiving objects:  94% (8759/9318)   remote: Total 9318 (delta 6372), reused 7475 (delta 5110), pack-reused 0[K
Receiving objects:  95% (8853/9318)   Receiving objects:  96% (8946/9318)   Receiving objects:  97% (9039/9318)   Receiving objects:  98% (9132/9318)   Receiving objects:  99% (9225/9318)   Receiving objects: 100% (9318/9318)   Receiving objects: 100% (9318/9318), 3.81 MiB | 0 bytes/s, done.
Resolving deltas:   0% (0/6372)   Resolving deltas:   1% (77/6372)   Resolving deltas:   2% (136/6372)   Resolving deltas:   4% (297/6372)   Resolving deltas:   6% (405/6372)   Resolving deltas:   7% (504/6372)   Resolving deltas:   8% (534/6372)   Resolving deltas:   9% (588/6372)   Resolving deltas:  10% (693/6372)   Resolving deltas:  11% (719/6372)   Resolving deltas:  12% (766/6372)   Resolving deltas:  13% (838/6372)   Resolving deltas:  14% (898/6372)   Resolving deltas:  17% (1137/6372)   Resolving deltas:  18% (1161/6372)   Resolving deltas:  19% (1217/6372)   Resolving deltas:  20% (1312/6372)   Resolving deltas:  21% (1347/6372)   Resolving deltas:  23% (1496/6372)   Resolving deltas:  24% (1537/6372)   Resolving deltas:  25% (1611/6372)   Resolving deltas:  27% (1729/6372)   Resolving deltas:  28% (1791/6372)   Resolving deltas:  29% (1859/6372)   Resolving deltas:  30% (1918/6372)   Resolving deltas:  31% (1983/6372)   Resolving deltas:  32% (2069/6372)   Resolving deltas:  33% (2139/6372)   Resolving deltas:  34% (2219/6372)   Resolving deltas:  35% (2248/6372)   Resolving deltas:  36% (2314/6372)   Resolving deltas:  37% (2363/6372)   Resolving deltas:  38% (2447/6372)   Resolving deltas:  40% (2578/6372)   Resolving deltas:  42% (2692/6372)   Resolving deltas:  43% (2762/6372)   Resolving deltas:  44% (2806/6372)   Resolving deltas:  45% (2868/6372)   Resolving deltas:  46% (2971/6372)   Resolving deltas:  47% (3003/6372)   Resolving deltas:  48% (3059/6372)   Resolving deltas:  49% (3126/6372)   Resolving deltas:  50% (3186/6372)   Resolving deltas:  51% (3254/6372)   Resolving deltas:  52% (3315/6372)   Resolving deltas:  53% (3385/6372)   Resolving deltas:  54% (3485/6372)   Resolving deltas:  55% (3520/6372)   Resolving deltas:  56% (3569/6372)   Resolving deltas:  57% (3634/6372)   Resolving deltas:  58% (3706/6372)   Resolving deltas:  59% (3766/6372)   Resolving deltas:  60% (3832/6372)   Resolving deltas:  61% (3887/6372)   Resolving deltas:  62% (3953/6372)   Resolving deltas:  63% (4054/6372)   Resolving deltas:  64% (4084/6372)   Resolving deltas:  65% (4145/6372)   Resolving deltas:  66% (4211/6372)   Resolving deltas:  67% (4287/6372)   Resolving deltas:  68% (4333/6372)   Resolving deltas:  69% (4445/6372)   Resolving deltas:  70% (4468/6372)   Resolving deltas:  71% (4525/6372)   Resolving deltas:  72% (4596/6372)   Resolving deltas:  73% (4652/6372)   Resolving deltas:  74% (4716/6372)   Resolving deltas:  75% (4783/6372)   Resolving deltas:  76% (4883/6372)   Resolving deltas:  77% (4912/6372)   Resolving deltas:  78% (4982/6372)   Resolving deltas:  79% (5042/6372)   Resolving deltas:  80% (5098/6372)   Resolving deltas:  81% (5165/6372)   Resolving deltas:  82% (5245/6372)   Resolving deltas:  83% (5307/6372)   Resolving deltas:  84% (5388/6372)   Resolving deltas:  85% (5426/6372)   Resolving deltas:  86% (5481/6372)   Resolving deltas:  87% (5545/6372)   Resolving deltas:  88% (5608/6372)   Resolving deltas:  89% (5676/6372)   Resolving deltas:  90% (5736/6372)   Resolving deltas:  91% (5800/6372)   Resolving deltas:  92% (5872/6372)   Resolving deltas:  93% (5928/6372)   Resolving deltas:  94% (5991/6372)   Resolving deltas:  95% (6054/6372)   Resolving deltas:  96% (6118/6372)   Resolving deltas:  97% (6181/6372)   Resolving deltas:  98% (6246/6372)   Resolving deltas:  99% (6311/6372)   Resolving deltas: 100% (6372/6372)   Resolving deltas: 100% (6372/6372), done.
Checking connectivity... done.

travis_time:end:14f15ff4:start=1490474249117578032,finish=1490474250717287918,duration=1599709886[0K$ cd owlcs/owlapi
$ git checkout -qf 904b8d86da4608c5b5be69e5692cb120ed4662c5
travis_fold:end:git.checkout[0Ktravis_fold:start:apt[0K[33;1mInstalling APT Packages (BETA)[0m
$ export DEBIAN_FRONTEND=noninteractive
travis_time:start:11f2d114[0K$ sudo -E apt-get -yq update &>> ~/apt-get-update.log

travis_time:end:11f2d114:start=1490474250850270613,finish=1490474256004897758,duration=5154627145[0Ktravis_time:start:034aff34[0K$ sudo -E apt-get -yq --no-install-suggests --no-install-recommends --force-yes install oracle-java8-installer
Reading package lists...
Building dependency tree...
Reading state information...
Suggested packages:
  binfmt-support visualvm ttf-baekmuk ttf-unfonts ttf-unfonts-core
  ttf-kochi-gothic ttf-sazanami-gothic ttf-kochi-mincho ttf-sazanami-mincho
  ttf-arphic-uming
Recommended packages:
  oracle-java8-set-default
The following packages will be upgraded:
  oracle-java8-installer
1 upgraded, 0 newly installed, 0 to remove and 271 not upgraded.
Need to get 32.9 kB of archives.
After this operation, 103 kB disk space will be freed.
Get:1 http://ppa.launchpad.net/webupd8team/java/ubuntu/ precise/main oracle-java8-installer all 8u121-1~webupd8~2 [32.9 kB]
Fetched 32.9 kB in 0s (107 kB/s)
Preconfiguring packages ...
(Reading database ... (Reading database ... 5%(Reading database ... 10%(Reading database ... 15%(Reading database ... 20%(Reading database ... 25%(Reading database ... 30%(Reading database ... 35%(Reading database ... 40%(Reading database ... 45%(Reading database ... 50%(Reading database ... 55%(Reading database ... 60%(Reading database ... 65%(Reading database ... 70%(Reading database ... 75%(Reading database ... 80%(Reading database ... 85%(Reading database ... 90%(Reading database ... 95%(Reading database ... 100%(Reading database ... 72018 files and directories currently installed.)
Preparing to replace oracle-java8-installer 8u31+8u33arm-1~webupd8~1 (using .../oracle-java8-installer_8u121-1~webupd8~2_all.deb) ...
oracle-license-v1-1 license has already been accepted
Unpacking replacement oracle-java8-installer ...
Processing triggers for hicolor-icon-theme ...
Processing triggers for shared-mime-info ...
Setting up oracle-java8-installer (8u121-1~webupd8~2) ...
No /var/cache/oracle-jdk8-installer/wgetrc file found.
Creating /var/cache/oracle-jdk8-installer/wgetrc and
using default oracle-java8-installer wgetrc settings for it.
Downloading Oracle Java 8...
--2017-03-25 20:37:43--  http://download.oracle.com/otn-pub/java/jdk/8u121-b13/e9e7ea248e2c4826b92b3f075a80e441/jdk-8u121-linux-x64.tar.gz
Resolving download.oracle.com (download.oracle.com)... 104.96.220.152, 104.96.220.162
Connecting to download.oracle.com (download.oracle.com)|104.96.220.152|:80... connected.
HTTP request sent, awaiting response... 302 Moved Temporarily
Location: https://edelivery.oracle.com/otn-pub/java/jdk/8u121-b13/e9e7ea248e2c4826b92b3f075a80e441/jdk-8u121-linux-x64.tar.gz [following]
--2017-03-25 20:37:43--  https://edelivery.oracle.com/otn-pub/java/jdk/8u121-b13/e9e7ea248e2c4826b92b3f075a80e441/jdk-8u121-linux-x64.tar.gz
Resolving edelivery.oracle.com (edelivery.oracle.com)... 184.30.70.138, 2600:1408:10:185::2d3e, 2600:1408:10:184::2d3e
Connecting to edelivery.oracle.com (edelivery.oracle.com)|184.30.70.138|:443... connected.
HTTP request sent, awaiting response... 302 Moved Temporarily
Location: http://download.oracle.com/otn-pub/java/jdk/8u121-b13/e9e7ea248e2c4826b92b3f075a80e441/jdk-8u121-linux-x64.tar.gz?AuthParam=1490474383_b2af2d5f219b3d871908b1390519c68f [following]
--2017-03-25 20:37:43--  http://download.oracle.com/otn-pub/java/jdk/8u121-b13/e9e7ea248e2c4826b92b3f075a80e441/jdk-8u121-linux-x64.tar.gz?AuthParam=1490474383_b2af2d5f219b3d871908b1390519c68f
Connecting to download.oracle.com (download.oracle.com)|104.96.220.152|:80... connected.
HTTP request sent, awaiting response... 200 OK
Length: 183246769 (175M) [application/x-gzip]
Saving to: `jdk-8u121-linux-x64.tar.gz'

     0K ........ ........ ........ ........ ........ ........  1%  113M 2s
  3072K ........ ........ ........ ........ ........ ........  3% 92.1M 2s
  6144K ........ ........ ........ ........ ........ ........  5%  139M 1s
  9216K ........ ........ ........ ........ ........ ........  6%  169M 1s
 12288K ........ ........ ........ ........ ........ ........  8% 85.3M 1s
 15360K ........ ........ ........ ........ ........ ........ 10%  137M 1s
 18432K ........ ........ ........ ........ ........ ........ 12%  141M 1s
 21504K ........ ........ ........ ........ ........ ........ 13% 90.5M 1s
 24576K ........ ........ ........ ........ ........ ........ 15% 86.6M 1s
 27648K ........ ........ ........ ........ ........ ........ 17%  136M 1s
 30720K ........ ........ ........ ........ ........ ........ 18%  127M 1s
 33792K ........ ........ ........ ........ ........ ........ 20% 95.1M 1s
 36864K ........ ........ ........ ........ ........ ........ 22% 24.3M 2s
 39936K ........ ........ ........ ........ ........ ........ 24% 76.6M 2s
 43008K ........ ........ ........ ........ ........ ........ 25% 84.7M 1s
 46080K ........ ........ ........ ........ ........ ........ 27%  146M 1s
 49152K ........ ........ ........ ........ ........ ........ 29% 21.9M 2s
 52224K ........ ........ ........ ........ ........ ........ 30%  133M 2s
 55296K ........ ........ ........ ........ ........ ........ 32%  127M 1s
 58368K ........ ........ ........ ........ ........ ........ 34% 96.7M 1s
 61440K ........ ........ ........ ........ ........ ........ 36% 84.3M 1s
 64512K ........ ........ ........ ........ ........ ........ 37%  129M 1s
 67584K ........ ........ ........ ........ ........ ........ 39%  130M 1s
 70656K ........ ........ ........ ........ ........ ........ 41% 85.0M 1s
 73728K ........ ........ ........ ........ ........ ........ 42% 98.6M 1s
 76800K ........ ........ ........ ........ ........ ........ 44%  136M 1s
 79872K ........ ........ ........ ........ ........ ........ 46%  139M 1s
 82944K ........ ........ ........ ........ ........ ........ 48% 94.8M 1s
 86016K ........ ........ ........ ........ ........ ........ 49% 23.2M 1s
 89088K ........ ........ ........ ........ ........ ........ 51% 81.1M 1s
 92160K ........ ........ ........ ........ ........ ........ 53% 75.8M 1s
 95232K ........ ........ ........ ........ ........ ........ 54%  181M 1s
 98304K ........ ........ ........ ........ ........ ........ 56% 88.9M 1s
101376K ........ ........ ........ ........ ........ ........ 58%  139M 1s
104448K ........ ........ ........ ........ ........ ........ 60% 53.0M 1s
107520K ........ ........ ........ ........ ........ ........ 61%  143M 1s
110592K ........ ........ ........ ........ ........ ........ 63%  135M 1s
113664K ........ ........ ........ ........ ........ ........ 65% 83.3M 1s
116736K ........ ........ ........ ........ ........ ........ 66%  156M 1s
119808K ........ ........ ........ ........ ........ ........ 68% 87.0M 1s
122880K ........ ........ ........ ........ ........ ........ 70% 85.0M 1s
125952K ........ ........ ........ ........ ........ ........ 72%  151M 1s
129024K ........ ........ ........ ........ ........ ........ 73% 89.3M 1s
132096K ........ ........ ........ ........ ........ ........ 75%  141M 1s
135168K ........ ........ ........ ........ ........ ........ 77%  161M 0s
138240K ........ ........ ........ ........ ........ ........ 78% 21.2M 0s
141312K ........ ........ ........ ........ ........ ........ 80%  115M 0s
144384K ........ ........ ........ ........ ........ ........ 82% 24.2M 0s
147456K ........ ........ ........ ........ ........ ........ 84% 82.3M 0s
150528K ........ ........ ........ ........ ........ ........ 85%  149M 0s
153600K ........ ........ ........ ........ ........ ........ 87%  125M 0s
156672K ........ ........ ........ ........ ........ ........ 89% 66.9M 0s
159744K ........ ........ ........ ........ ........ ........ 90%  122M 0s
162816K ........ ........ ........ ........ ........ ........ 92% 81.7M 0s
165888K ........ ........ ........ ........ ........ ........ 94%  152M 0s
168960K ........ ........ ........ ........ ........ ........ 96% 86.5M 0s
172032K ........ ........ ........ ........ ........ ........ 97% 82.3M 0s
175104K ........ ........ ........ ........ ........ ........ 99% 25.5M 0s
178176K ........ ....                                        100%  288M=2.3s

2017-03-25 20:37:45 (77.2 MB/s) - `jdk-8u121-linux-x64.tar.gz' saved [183246769/183246769]

Download done.
Removing outdated cached downloads...
Oracle JRE 8 browser plugin installed
Oracle JDK 8 installed

#####Important########
To set Oracle JDK8 as default, install the "oracle-java8-set-default" package.
E.g.: sudo apt install oracle-java8-set-default
On Ubuntu systems, oracle-java8-set-default is most probably installed
automatically with this package.
######################


travis_time:end:034aff34:start=1490474256012010367,finish=1490474272223017908,duration=16211007541[0Ktravis_fold:end:apt[0K
[33;1mThis job is running on container-based infrastructure, which does not allow use of 'sudo', setuid and setguid executables.[0m
[33;1mIf you require sudo, add 'sudo: required' to your .travis.yml[0m
[33;1mSee https://docs.travis-ci.com/user/workers/container-based-infrastructure/ for details.[0m
travis_fold:start:cache.1[0KSetting up build cache
$ export CASHER_DIR=$HOME/.casher
travis_time:start:0c984286[0K$ Installing caching utilities

travis_time:end:0c984286:start=1490474277665011457,finish=1490474277697842210,duration=32830753[0Ktravis_time:start:11e00680[0K
travis_time:end:11e00680:start=1490474277705272443,finish=1490474277709856519,duration=4584076[0Ktravis_time:start:17043c60[0K[32;1mattempting to download cache archive[0m
[32;1mfetching master/cache-linux-precise-e3b0c44298fc1c149afbf4c8996fb92427ae41e4649b934ca495991b7852b855--jdk-oraclejdk8.tgz[0m
[32;1mfound cache[0m

travis_time:end:17043c60:start=1490474277714912550,finish=1490474279843736593,duration=2128824043[0Ktravis_time:start:025c0476[0K
travis_time:end:025c0476:start=1490474279849079203,finish=1490474279854465097,duration=5385894[0Ktravis_time:start:12990554[0K[32;1madding /home/travis/.m2 to cache[0m

travis_time:end:12990554:start=1490474279860428851,finish=1490474282948660345,duration=3088231494[0Ktravis_fold:end:cache.1[0K$ java -Xmx32m -version
java version "1.8.0_121"
Java(TM) SE Runtime Environment (build 1.8.0_121-b13)
Java HotSpot(TM) 64-Bit Server VM (build 25.121-b13, mixed mode)
$ javac -J-Xmx32m -version
javac 1.8.0_121
travis_fold:start:install[0Ktravis_time:start:11b7d3ea[0K$ mvn install -DskipTests=true -Dmaven.javadoc.skip=true -B -V
Java HotSpot(TM) 64-Bit Server VM warning: ignoring option MaxPermSize=192m; support was removed in 8.0
Apache Maven 3.2.5 (12a6b3acb947671f09b81f49094c53f426d8cea1; 2014-12-14T17:29:23+00:00)
Maven home: /usr/local/maven
Java version: 1.8.0_121, vendor: Oracle Corporation
Java home: /usr/lib/jvm/java-8-oracle/jre
Default locale: en_US, platform encoding: UTF-8
OS name: "linux", version: "4.8.12-040812-generic", arch: "amd64", family: "unix"
[INFO] Scanning for projects...
[INFO] Inspecting build with total of 12 modules...
[INFO] Installing Nexus Staging features:
[INFO]   ... total of 12 executions of maven-deploy-plugin replaced with nexus-staging-maven-plugin
[INFO] ------------------------------------------------------------------------
[INFO] Reactor Build Order:
[INFO] 
[INFO] OWLAPI
[INFO] OWLAPI :: Interfaces
[INFO] OWLAPI :: Default Implementation
[INFO] OWLAPI :: Atomic Decomposition and Explanation
[INFO] OWLAPI :: Parsers
[INFO] OWLAPI :: OBO Format
[INFO] OWLAPI :: RDF4J Rio
[INFO] OWLAPI :: Binding and Config
[INFO] OWLAPI :: Compatibility
[INFO] OWLAPI :: Tests and Tutorials
[INFO] OWLAPI :: Distribution
[INFO] OWLAPI :: OSGi and Compatibility Distribution
[INFO]                                                                         
[INFO] ------------------------------------------------------------------------
[INFO] Building OWLAPI 6.0.0-SNAPSHOT
[INFO] ------------------------------------------------------------------------
[INFO] 
[INFO] --- maven-enforcer-plugin:1.0:enforce (enforce-maven) @ owlapi-parent ---
[INFO] 
[INFO] >>> maven-source-plugin:3.0.1:jar (attach-sources) > generate-sources @ owlapi-parent >>>
[INFO] 
[INFO] --- maven-enforcer-plugin:1.0:enforce (enforce-maven) @ owlapi-parent ---
[INFO] 
[INFO] <<< maven-source-plugin:3.0.1:jar (attach-sources) < generate-sources @ owlapi-parent <<<
[INFO] 
[INFO] --- maven-source-plugin:3.0.1:jar (attach-sources) @ owlapi-parent ---
[INFO] 
[INFO] --- maven-javadoc-plugin:2.10.4:jar (attach-javadocs) @ owlapi-parent ---
[INFO] Skipping javadoc generation
[INFO] 
[INFO] --- maven-failsafe-plugin:2.19.1:integration-test (default) @ owlapi-parent ---
[INFO] Tests are skipped.
[INFO] 
[INFO] --- maven-failsafe-plugin:2.19.1:verify (default) @ owlapi-parent ---
[INFO] Tests are skipped.
[INFO] 
[INFO] --- maven-install-plugin:2.4:install (default-install) @ owlapi-parent ---
[INFO] Installing /home/travis/build/owlcs/owlapi/pom.xml to /home/travis/.m2/repository/net/sourceforge/owlapi/owlapi-parent/6.0.0-SNAPSHOT/owlapi-parent-6.0.0-SNAPSHOT.pom
[INFO]                                                                         
[INFO] ------------------------------------------------------------------------
[INFO] Building OWLAPI :: Interfaces 6.0.0-SNAPSHOT
[INFO] ------------------------------------------------------------------------
[INFO] 
[INFO] --- maven-enforcer-plugin:1.0:enforce (enforce-maven) @ owlapi-api ---
[INFO] 
[INFO] --- maven-resources-plugin:2.6:resources (default-resources) @ owlapi-api ---
[INFO] Using 'UTF-8' encoding to copy filtered resources.
[INFO] skip non existing resourceDirectory /home/travis/build/owlcs/owlapi/api/src/main/resources
[INFO] 
[INFO] --- maven-compiler-plugin:3.6.0:compile (default-compile) @ owlapi-api ---
[INFO] Changes detected - recompiling the module!
[INFO] Compiling 815 source files to /home/travis/build/owlcs/owlapi/api/target/classes
[INFO] /home/travis/build/owlcs/owlapi/api/src/main/java/org/semanticweb/owlapi/model/OWLAnnotationAssertionAxiom.java: Some input files use unchecked or unsafe operations.
[INFO] /home/travis/build/owlcs/owlapi/api/src/main/java/org/semanticweb/owlapi/model/OWLAnnotationAssertionAxiom.java: Recompile with -Xlint:unchecked for details.
[INFO] 
[INFO] --- maven-resources-plugin:2.6:testResources (default-testResources) @ owlapi-api ---
[INFO] Using 'UTF-8' encoding to copy filtered resources.
[INFO] Copying 1 resource
[INFO] 
[INFO] --- maven-compiler-plugin:3.6.0:testCompile (default-testCompile) @ owlapi-api ---
[INFO] Changes detected - recompiling the module!
[INFO] Compiling 8 source files to /home/travis/build/owlcs/owlapi/api/target/test-classes
[INFO] 
[INFO] --- maven-surefire-plugin:2.19.1:test (default-test) @ owlapi-api ---
[INFO] Tests are skipped.
[INFO] 
[INFO] --- maven-jar-plugin:2.4:jar (default-jar) @ owlapi-api ---
[INFO] Building jar: /home/travis/build/owlcs/owlapi/api/target/owlapi-api-6.0.0-SNAPSHOT.jar
[INFO] 
[INFO] >>> maven-source-plugin:3.0.1:jar (attach-sources) > generate-sources @ owlapi-api >>>
[INFO] 
[INFO] --- maven-enforcer-plugin:1.0:enforce (enforce-maven) @ owlapi-api ---
[INFO] 
[INFO] <<< maven-source-plugin:3.0.1:jar (attach-sources) < generate-sources @ owlapi-api <<<
[INFO] 
[INFO] --- maven-source-plugin:3.0.1:jar (attach-sources) @ owlapi-api ---
[INFO] Building jar: /home/travis/build/owlcs/owlapi/api/target/owlapi-api-6.0.0-SNAPSHOT-sources.jar
[INFO] 
[INFO] --- maven-javadoc-plugin:2.10.4:jar (attach-javadocs) @ owlapi-api ---
[INFO] Skipping javadoc generation
[INFO] 
[INFO] --- maven-failsafe-plugin:2.19.1:integration-test (default) @ owlapi-api ---
[INFO] Tests are skipped.
[INFO] 
[INFO] --- maven-failsafe-plugin:2.19.1:verify (default) @ owlapi-api ---
[INFO] Tests are skipped.
[INFO] 
[INFO] --- maven-install-plugin:2.4:install (default-install) @ owlapi-api ---
[INFO] Installing /home/travis/build/owlcs/owlapi/api/target/owlapi-api-6.0.0-SNAPSHOT.jar to /home/travis/.m2/repository/net/sourceforge/owlapi/owlapi-api/6.0.0-SNAPSHOT/owlapi-api-6.0.0-SNAPSHOT.jar
[INFO] Installing /home/travis/build/owlcs/owlapi/api/pom.xml to /home/travis/.m2/repository/net/sourceforge/owlapi/owlapi-api/6.0.0-SNAPSHOT/owlapi-api-6.0.0-SNAPSHOT.pom
[INFO] Installing /home/travis/build/owlcs/owlapi/api/target/owlapi-api-6.0.0-SNAPSHOT-sources.jar to /home/travis/.m2/repository/net/sourceforge/owlapi/owlapi-api/6.0.0-SNAPSHOT/owlapi-api-6.0.0-SNAPSHOT-sources.jar
[INFO]                                                                         
[INFO] ------------------------------------------------------------------------
[INFO] Building OWLAPI :: Default Implementation 6.0.0-SNAPSHOT
[INFO] ------------------------------------------------------------------------
[INFO] 
[INFO] --- maven-enforcer-plugin:1.0:enforce (enforce-maven) @ owlapi-impl ---
[INFO] 
[INFO] --- maven-resources-plugin:2.6:resources (default-resources) @ owlapi-impl ---
[INFO] Using 'UTF-8' encoding to copy filtered resources.
[INFO] skip non existing resourceDirectory /home/travis/build/owlcs/owlapi/impl/src/main/resources
[INFO] 
[INFO] --- maven-compiler-plugin:3.6.0:compile (default-compile) @ owlapi-impl ---
[INFO] Changes detected - recompiling the module!
[INFO] Compiling 170 source files to /home/travis/build/owlcs/owlapi/impl/target/classes
[INFO] /home/travis/build/owlcs/owlapi/impl/src/main/java/uk/ac/manchester/cs/owl/owlapi/Internals.java: Some input files use or override a deprecated API.
[INFO] /home/travis/build/owlcs/owlapi/impl/src/main/java/uk/ac/manchester/cs/owl/owlapi/Internals.java: Recompile with -Xlint:deprecation for details.
[INFO] /home/travis/build/owlcs/owlapi/impl/src/main/java/uk/ac/manchester/cs/owl/owlapi/OWLDisjointClassesAxiomImpl.java: Some input files use unchecked or unsafe operations.
[INFO] /home/travis/build/owlcs/owlapi/impl/src/main/java/uk/ac/manchester/cs/owl/owlapi/OWLDisjointClassesAxiomImpl.java: Recompile with -Xlint:unchecked for details.
[INFO] 
[INFO] --- maven-resources-plugin:2.6:testResources (default-testResources) @ owlapi-impl ---
[INFO] Using 'UTF-8' encoding to copy filtered resources.
[INFO] skip non existing resourceDirectory /home/travis/build/owlcs/owlapi/impl/src/test/resources
[INFO] 
[INFO] --- maven-compiler-plugin:3.6.0:testCompile (default-testCompile) @ owlapi-impl ---
[INFO] Changes detected - recompiling the module!
[INFO] Compiling 9 source files to /home/travis/build/owlcs/owlapi/impl/target/test-classes
[INFO] /home/travis/build/owlcs/owlapi/impl/src/test/java/uk/ac/manchester/cs/owl/owlapi/concurrent/OWLOntologyManager_Concurrent_TestCase.java: /home/travis/build/owlcs/owlapi/impl/src/test/java/uk/ac/manchester/cs/owl/owlapi/concurrent/OWLOntologyManager_Concurrent_TestCase.java uses or overrides a deprecated API.
[INFO] /home/travis/build/owlcs/owlapi/impl/src/test/java/uk/ac/manchester/cs/owl/owlapi/concurrent/OWLOntologyManager_Concurrent_TestCase.java: Recompile with -Xlint:deprecation for details.
[INFO] 
[INFO] --- maven-surefire-plugin:2.19.1:test (default-test) @ owlapi-impl ---
[INFO] Tests are skipped.
[INFO] 
[INFO] --- maven-jar-plugin:2.4:jar (default-jar) @ owlapi-impl ---
[INFO] Building jar: /home/travis/build/owlcs/owlapi/impl/target/owlapi-impl-6.0.0-SNAPSHOT.jar
[INFO] 
[INFO] >>> maven-source-plugin:3.0.1:jar (attach-sources) > generate-sources @ owlapi-impl >>>
[INFO] 
[INFO] --- maven-enforcer-plugin:1.0:enforce (enforce-maven) @ owlapi-impl ---
[INFO] 
[INFO] <<< maven-source-plugin:3.0.1:jar (attach-sources) < generate-sources @ owlapi-impl <<<
[INFO] 
[INFO] --- maven-source-plugin:3.0.1:jar (attach-sources) @ owlapi-impl ---
[INFO] Building jar: /home/travis/build/owlcs/owlapi/impl/target/owlapi-impl-6.0.0-SNAPSHOT-sources.jar
[INFO] 
[INFO] --- maven-javadoc-plugin:2.10.4:jar (attach-javadocs) @ owlapi-impl ---
[INFO] Skipping javadoc generation
[INFO] 
[INFO] --- maven-failsafe-plugin:2.19.1:integration-test (default) @ owlapi-impl ---
[INFO] Tests are skipped.
[INFO] 
[INFO] --- maven-failsafe-plugin:2.19.1:verify (default) @ owlapi-impl ---
[INFO] Tests are skipped.
[INFO] 
[INFO] --- maven-install-plugin:2.4:install (default-install) @ owlapi-impl ---
[INFO] Installing /home/travis/build/owlcs/owlapi/impl/target/owlapi-impl-6.0.0-SNAPSHOT.jar to /home/travis/.m2/repository/net/sourceforge/owlapi/owlapi-impl/6.0.0-SNAPSHOT/owlapi-impl-6.0.0-SNAPSHOT.jar
[INFO] Installing /home/travis/build/owlcs/owlapi/impl/pom.xml to /home/travis/.m2/repository/net/sourceforge/owlapi/owlapi-impl/6.0.0-SNAPSHOT/owlapi-impl-6.0.0-SNAPSHOT.pom
[INFO] Installing /home/travis/build/owlcs/owlapi/impl/target/owlapi-impl-6.0.0-SNAPSHOT-sources.jar to /home/travis/.m2/repository/net/sourceforge/owlapi/owlapi-impl/6.0.0-SNAPSHOT/owlapi-impl-6.0.0-SNAPSHOT-sources.jar
[INFO]                                                                         
[INFO] ------------------------------------------------------------------------
[INFO] Building OWLAPI :: Atomic Decomposition and Explanation 6.0.0-SNAPSHOT
[INFO] ------------------------------------------------------------------------
[INFO] 
[INFO] --- maven-enforcer-plugin:1.0:enforce (enforce-maven) @ owlapi-tools ---
[INFO] 
[INFO] --- maven-resources-plugin:2.6:resources (default-resources) @ owlapi-tools ---
[INFO] Using 'UTF-8' encoding to copy filtered resources.
[INFO] skip non existing resourceDirectory /home/travis/build/owlcs/owlapi/tools/src/main/resources
[INFO] 
[INFO] --- maven-compiler-plugin:3.6.0:compile (default-compile) @ owlapi-tools ---
[INFO] Changes detected - recompiling the module!
[INFO] Compiling 123 source files to /home/travis/build/owlcs/owlapi/tools/target/classes
[INFO] 
[INFO] --- maven-resources-plugin:2.6:testResources (default-testResources) @ owlapi-tools ---
[INFO] Using 'UTF-8' encoding to copy filtered resources.
[INFO] skip non existing resourceDirectory /home/travis/build/owlcs/owlapi/tools/src/test/resources
[INFO] 
[INFO] --- maven-compiler-plugin:3.6.0:testCompile (default-testCompile) @ owlapi-tools ---
[INFO] No sources to compile
[INFO] 
[INFO] --- maven-surefire-plugin:2.19.1:test (default-test) @ owlapi-tools ---
[INFO] Tests are skipped.
[INFO] 
[INFO] --- maven-jar-plugin:2.4:jar (default-jar) @ owlapi-tools ---
[INFO] Building jar: /home/travis/build/owlcs/owlapi/tools/target/owlapi-tools-6.0.0-SNAPSHOT.jar
[INFO] 
[INFO] >>> maven-source-plugin:3.0.1:jar (attach-sources) > generate-sources @ owlapi-tools >>>
[INFO] 
[INFO] --- maven-enforcer-plugin:1.0:enforce (enforce-maven) @ owlapi-tools ---
[INFO] 
[INFO] <<< maven-source-plugin:3.0.1:jar (attach-sources) < generate-sources @ owlapi-tools <<<
[INFO] 
[INFO] --- maven-source-plugin:3.0.1:jar (attach-sources) @ owlapi-tools ---
[INFO] Building jar: /home/travis/build/owlcs/owlapi/tools/target/owlapi-tools-6.0.0-SNAPSHOT-sources.jar
[INFO] 
[INFO] --- maven-javadoc-plugin:2.10.4:jar (attach-javadocs) @ owlapi-tools ---
[INFO] Skipping javadoc generation
[INFO] 
[INFO] --- maven-failsafe-plugin:2.19.1:integration-test (default) @ owlapi-tools ---
[INFO] Tests are skipped.
[INFO] 
[INFO] --- maven-failsafe-plugin:2.19.1:verify (default) @ owlapi-tools ---
[INFO] Tests are skipped.
[INFO] 
[INFO] --- maven-install-plugin:2.4:install (default-install) @ owlapi-tools ---
[INFO] Installing /home/travis/build/owlcs/owlapi/tools/target/owlapi-tools-6.0.0-SNAPSHOT.jar to /home/travis/.m2/repository/net/sourceforge/owlapi/owlapi-tools/6.0.0-SNAPSHOT/owlapi-tools-6.0.0-SNAPSHOT.jar
[INFO] Installing /home/travis/build/owlcs/owlapi/tools/pom.xml to /home/travis/.m2/repository/net/sourceforge/owlapi/owlapi-tools/6.0.0-SNAPSHOT/owlapi-tools-6.0.0-SNAPSHOT.pom
[INFO] Installing /home/travis/build/owlcs/owlapi/tools/target/owlapi-tools-6.0.0-SNAPSHOT-sources.jar to /home/travis/.m2/repository/net/sourceforge/owlapi/owlapi-tools/6.0.0-SNAPSHOT/owlapi-tools-6.0.0-SNAPSHOT-sources.jar
[INFO]                                                                         
[INFO] ------------------------------------------------------------------------
[INFO] Building OWLAPI :: Parsers 6.0.0-SNAPSHOT
[INFO] ------------------------------------------------------------------------
[INFO] 
[INFO] --- maven-enforcer-plugin:1.0:enforce (enforce-maven) @ owlapi-parsers ---
[INFO] 
[INFO] --- maven-resources-plugin:2.6:resources (default-resources) @ owlapi-parsers ---
[INFO] Using 'UTF-8' encoding to copy filtered resources.
[INFO] Copying 2 resources
[INFO] 
[INFO] --- maven-compiler-plugin:3.6.0:compile (default-compile) @ owlapi-parsers ---
[INFO] Changes detected - recompiling the module!
[INFO] Compiling 198 source files to /home/travis/build/owlcs/owlapi/parsers/target/classes
[INFO] /home/travis/build/owlcs/owlapi/parsers/src/main/java/org/semanticweb/owlapi/manchestersyntax/parser/ManchesterOWLSyntaxParserImpl.java: /home/travis/build/owlcs/owlapi/parsers/src/main/java/org/semanticweb/owlapi/manchestersyntax/parser/ManchesterOWLSyntaxParserImpl.java uses or overrides a deprecated API.
[INFO] /home/travis/build/owlcs/owlapi/parsers/src/main/java/org/semanticweb/owlapi/manchestersyntax/parser/ManchesterOWLSyntaxParserImpl.java: Recompile with -Xlint:deprecation for details.
[INFO] /home/travis/build/owlcs/owlapi/parsers/src/main/java/org/semanticweb/owlapi/rdf/model/AbstractTranslator.java: Some input files use unchecked or unsafe operations.
[INFO] /home/travis/build/owlcs/owlapi/parsers/src/main/java/org/semanticweb/owlapi/rdf/model/AbstractTranslator.java: Recompile with -Xlint:unchecked for details.
[INFO] 
[INFO] --- maven-resources-plugin:2.6:testResources (default-testResources) @ owlapi-parsers ---
[INFO] Using 'UTF-8' encoding to copy filtered resources.
[INFO] skip non existing resourceDirectory /home/travis/build/owlcs/owlapi/parsers/src/test/resources
[INFO] 
[INFO] --- maven-compiler-plugin:3.6.0:testCompile (default-testCompile) @ owlapi-parsers ---
[INFO] No sources to compile
[INFO] 
[INFO] --- maven-surefire-plugin:2.19.1:test (default-test) @ owlapi-parsers ---
[INFO] Tests are skipped.
[INFO] 
[INFO] --- maven-jar-plugin:2.4:jar (default-jar) @ owlapi-parsers ---
[INFO] Building jar: /home/travis/build/owlcs/owlapi/parsers/target/owlapi-parsers-6.0.0-SNAPSHOT.jar
[INFO] 
[INFO] >>> maven-source-plugin:3.0.1:jar (attach-sources) > generate-sources @ owlapi-parsers >>>
[INFO] 
[INFO] --- maven-enforcer-plugin:1.0:enforce (enforce-maven) @ owlapi-parsers ---
[INFO] 
[INFO] <<< maven-source-plugin:3.0.1:jar (attach-sources) < generate-sources @ owlapi-parsers <<<
[INFO] 
[INFO] --- maven-source-plugin:3.0.1:jar (attach-sources) @ owlapi-parsers ---
[INFO] Building jar: /home/travis/build/owlcs/owlapi/parsers/target/owlapi-parsers-6.0.0-SNAPSHOT-sources.jar
[INFO] 
[INFO] --- maven-javadoc-plugin:2.10.4:jar (attach-javadocs) @ owlapi-parsers ---
[INFO] Skipping javadoc generation
[INFO] 
[INFO] --- maven-failsafe-plugin:2.19.1:integration-test (default) @ owlapi-parsers ---
[INFO] Tests are skipped.
[INFO] 
[INFO] --- maven-failsafe-plugin:2.19.1:verify (default) @ owlapi-parsers ---
[INFO] Tests are skipped.
[INFO] 
[INFO] --- maven-install-plugin:2.4:install (default-install) @ owlapi-parsers ---
[INFO] Installing /home/travis/build/owlcs/owlapi/parsers/target/owlapi-parsers-6.0.0-SNAPSHOT.jar to /home/travis/.m2/repository/net/sourceforge/owlapi/owlapi-parsers/6.0.0-SNAPSHOT/owlapi-parsers-6.0.0-SNAPSHOT.jar
[INFO] Installing /home/travis/build/owlcs/owlapi/parsers/pom.xml to /home/travis/.m2/repository/net/sourceforge/owlapi/owlapi-parsers/6.0.0-SNAPSHOT/owlapi-parsers-6.0.0-SNAPSHOT.pom
[INFO] Installing /home/travis/build/owlcs/owlapi/parsers/target/owlapi-parsers-6.0.0-SNAPSHOT-sources.jar to /home/travis/.m2/repository/net/sourceforge/owlapi/owlapi-parsers/6.0.0-SNAPSHOT/owlapi-parsers-6.0.0-SNAPSHOT-sources.jar
[INFO]                                                                         
[INFO] ------------------------------------------------------------------------
[INFO] Building OWLAPI :: OBO Format 6.0.0-SNAPSHOT
[INFO] ------------------------------------------------------------------------
[INFO] 
[INFO] --- maven-enforcer-plugin:1.0:enforce (enforce-maven) @ owlapi-oboformat ---
[INFO] 
[INFO] --- maven-resources-plugin:2.6:resources (default-resources) @ owlapi-oboformat ---
[INFO] Using 'UTF-8' encoding to copy filtered resources.
[INFO] Copying 2 resources
[INFO] 
[INFO] --- maven-compiler-plugin:3.6.0:compile (default-compile) @ owlapi-oboformat ---
[INFO] Changes detected - recompiling the module!
[INFO] Compiling 40 source files to /home/travis/build/owlcs/owlapi/oboformat/target/classes
[INFO] 
[INFO] --- maven-resources-plugin:2.6:testResources (default-testResources) @ owlapi-oboformat ---
[INFO] Using 'UTF-8' encoding to copy filtered resources.
[INFO] skip non existing resourceDirectory /home/travis/build/owlcs/owlapi/oboformat/src/test/resources
[INFO] 
[INFO] --- maven-compiler-plugin:3.6.0:testCompile (default-testCompile) @ owlapi-oboformat ---
[INFO] Changes detected - recompiling the module!
[INFO] Compiling 1 source file to /home/travis/build/owlcs/owlapi/oboformat/target/test-classes
[INFO] 
[INFO] --- maven-surefire-plugin:2.19.1:test (default-test) @ owlapi-oboformat ---
[INFO] Tests are skipped.
[INFO] 
[INFO] --- maven-jar-plugin:2.4:jar (default-jar) @ owlapi-oboformat ---
[INFO] Building jar: /home/travis/build/owlcs/owlapi/oboformat/target/owlapi-oboformat-6.0.0-SNAPSHOT.jar
[INFO] 
[INFO] >>> maven-source-plugin:3.0.1:jar (attach-sources) > generate-sources @ owlapi-oboformat >>>
[INFO] 
[INFO] --- maven-enforcer-plugin:1.0:enforce (enforce-maven) @ owlapi-oboformat ---
[INFO] 
[INFO] <<< maven-source-plugin:3.0.1:jar (attach-sources) < generate-sources @ owlapi-oboformat <<<
[INFO] 
[INFO] --- maven-source-plugin:3.0.1:jar (attach-sources) @ owlapi-oboformat ---
[INFO] Building jar: /home/travis/build/owlcs/owlapi/oboformat/target/owlapi-oboformat-6.0.0-SNAPSHOT-sources.jar
[INFO] 
[INFO] --- maven-javadoc-plugin:2.10.4:jar (attach-javadocs) @ owlapi-oboformat ---
[INFO] Skipping javadoc generation
[INFO] 
[INFO] --- maven-failsafe-plugin:2.19.1:integration-test (default) @ owlapi-oboformat ---
[INFO] Tests are skipped.
[INFO] 
[INFO] --- maven-failsafe-plugin:2.19.1:verify (default) @ owlapi-oboformat ---
[INFO] Tests are skipped.
[INFO] 
[INFO] --- maven-install-plugin:2.4:install (default-install) @ owlapi-oboformat ---
[INFO] Installing /home/travis/build/owlcs/owlapi/oboformat/target/owlapi-oboformat-6.0.0-SNAPSHOT.jar to /home/travis/.m2/repository/net/sourceforge/owlapi/owlapi-oboformat/6.0.0-SNAPSHOT/owlapi-oboformat-6.0.0-SNAPSHOT.jar
[INFO] Installing /home/travis/build/owlcs/owlapi/oboformat/pom.xml to /home/travis/.m2/repository/net/sourceforge/owlapi/owlapi-oboformat/6.0.0-SNAPSHOT/owlapi-oboformat-6.0.0-SNAPSHOT.pom
[INFO] Installing /home/travis/build/owlcs/owlapi/oboformat/target/owlapi-oboformat-6.0.0-SNAPSHOT-sources.jar to /home/travis/.m2/repository/net/sourceforge/owlapi/owlapi-oboformat/6.0.0-SNAPSHOT/owlapi-oboformat-6.0.0-SNAPSHOT-sources.jar
[INFO]                                                                         
[INFO] ------------------------------------------------------------------------
[INFO] Building OWLAPI :: RDF4J Rio 6.0.0-SNAPSHOT
[INFO] ------------------------------------------------------------------------
[INFO] 
[INFO] --- maven-enforcer-plugin:1.0:enforce (enforce-maven) @ owlapi-rio ---
[INFO] 
[INFO] --- maven-resources-plugin:2.6:resources (default-resources) @ owlapi-rio ---
[INFO] Using 'UTF-8' encoding to copy filtered resources.
[INFO] Copying 5 resources
[INFO] 
[INFO] --- maven-compiler-plugin:3.6.0:compile (default-compile) @ owlapi-rio ---
[INFO] Changes detected - recompiling the module!
[INFO] Compiling 65 source files to /home/travis/build/owlcs/owlapi/rio/target/classes
[INFO] /home/travis/build/owlcs/owlapi/rio/src/main/java/org/semanticweb/owlapi/rio/RioStorer.java: /home/travis/build/owlcs/owlapi/rio/src/main/java/org/semanticweb/owlapi/rio/RioStorer.java uses unchecked or unsafe operations.
[INFO] /home/travis/build/owlcs/owlapi/rio/src/main/java/org/semanticweb/owlapi/rio/RioStorer.java: Recompile with -Xlint:unchecked for details.
[INFO] 
[INFO] --- maven-resources-plugin:2.6:testResources (default-testResources) @ owlapi-rio ---
[INFO] Using 'UTF-8' encoding to copy filtered resources.
[INFO] skip non existing resourceDirectory /home/travis/build/owlcs/owlapi/rio/src/test/resources
[INFO] 
[INFO] --- maven-compiler-plugin:3.6.0:testCompile (default-testCompile) @ owlapi-rio ---
[INFO] No sources to compile
[INFO] 
[INFO] --- maven-surefire-plugin:2.19.1:test (default-test) @ owlapi-rio ---
[INFO] Tests are skipped.
[INFO] 
[INFO] --- maven-jar-plugin:2.4:jar (default-jar) @ owlapi-rio ---
[INFO] Building jar: /home/travis/build/owlcs/owlapi/rio/target/owlapi-rio-6.0.0-SNAPSHOT.jar
[INFO] 
[INFO] >>> maven-source-plugin:3.0.1:jar (attach-sources) > generate-sources @ owlapi-rio >>>
[INFO] 
[INFO] --- maven-enforcer-plugin:1.0:enforce (enforce-maven) @ owlapi-rio ---
[INFO] 
[INFO] <<< maven-source-plugin:3.0.1:jar (attach-sources) < generate-sources @ owlapi-rio <<<
[INFO] 
[INFO] --- maven-source-plugin:3.0.1:jar (attach-sources) @ owlapi-rio ---
[INFO] Building jar: /home/travis/build/owlcs/owlapi/rio/target/owlapi-rio-6.0.0-SNAPSHOT-sources.jar
[INFO] 
[INFO] --- maven-javadoc-plugin:2.10.4:jar (attach-javadocs) @ owlapi-rio ---
[INFO] Skipping javadoc generation
[INFO] 
[INFO] --- maven-failsafe-plugin:2.19.1:integration-test (default) @ owlapi-rio ---
[INFO] Tests are skipped.
[INFO] 
[INFO] --- maven-failsafe-plugin:2.19.1:verify (default) @ owlapi-rio ---
[INFO] Tests are skipped.
[INFO] 
[INFO] --- maven-install-plugin:2.4:install (default-install) @ owlapi-rio ---
[INFO] Installing /home/travis/build/owlcs/owlapi/rio/target/owlapi-rio-6.0.0-SNAPSHOT.jar to /home/travis/.m2/repository/net/sourceforge/owlapi/owlapi-rio/6.0.0-SNAPSHOT/owlapi-rio-6.0.0-SNAPSHOT.jar
[INFO] Installing /home/travis/build/owlcs/owlapi/rio/pom.xml to /home/travis/.m2/repository/net/sourceforge/owlapi/owlapi-rio/6.0.0-SNAPSHOT/owlapi-rio-6.0.0-SNAPSHOT.pom
[INFO] Installing /home/travis/build/owlcs/owlapi/rio/target/owlapi-rio-6.0.0-SNAPSHOT-sources.jar to /home/travis/.m2/repository/net/sourceforge/owlapi/owlapi-rio/6.0.0-SNAPSHOT/owlapi-rio-6.0.0-SNAPSHOT-sources.jar
[INFO]                                                                         
[INFO] ------------------------------------------------------------------------
[INFO] Building OWLAPI :: Binding and Config 6.0.0-SNAPSHOT
[INFO] ------------------------------------------------------------------------
[INFO] 
[INFO] --- maven-enforcer-plugin:1.0:enforce (enforce-maven) @ owlapi-apibinding ---
[INFO] 
[INFO] --- maven-resources-plugin:2.6:resources (default-resources) @ owlapi-apibinding ---
[INFO] Using 'UTF-8' encoding to copy filtered resources.
[INFO] Copying 1 resource
[INFO] 
[INFO] --- maven-compiler-plugin:3.6.0:compile (default-compile) @ owlapi-apibinding ---
[INFO] Changes detected - recompiling the module!
[INFO] Compiling 6 source files to /home/travis/build/owlcs/owlapi/apibinding/target/classes
[INFO] 
[INFO] --- maven-resources-plugin:2.6:testResources (default-testResources) @ owlapi-apibinding ---
[INFO] Using 'UTF-8' encoding to copy filtered resources.
[INFO] skip non existing resourceDirectory /home/travis/build/owlcs/owlapi/apibinding/src/test/resources
[INFO] 
[INFO] --- maven-compiler-plugin:3.6.0:testCompile (default-testCompile) @ owlapi-apibinding ---
[INFO] No sources to compile
[INFO] 
[INFO] --- maven-surefire-plugin:2.19.1:test (default-test) @ owlapi-apibinding ---
[INFO] Tests are skipped.
[INFO] 
[INFO] --- maven-jar-plugin:2.4:jar (default-jar) @ owlapi-apibinding ---
[INFO] Building jar: /home/travis/build/owlcs/owlapi/apibinding/target/owlapi-apibinding-6.0.0-SNAPSHOT.jar
[INFO] 
[INFO] >>> maven-source-plugin:3.0.1:jar (attach-sources) > generate-sources @ owlapi-apibinding >>>
[INFO] 
[INFO] --- maven-enforcer-plugin:1.0:enforce (enforce-maven) @ owlapi-apibinding ---
[INFO] 
[INFO] <<< maven-source-plugin:3.0.1:jar (attach-sources) < generate-sources @ owlapi-apibinding <<<
[INFO] 
[INFO] --- maven-source-plugin:3.0.1:jar (attach-sources) @ owlapi-apibinding ---
[INFO] Building jar: /home/travis/build/owlcs/owlapi/apibinding/target/owlapi-apibinding-6.0.0-SNAPSHOT-sources.jar
[INFO] 
[INFO] --- maven-javadoc-plugin:2.10.4:jar (attach-javadocs) @ owlapi-apibinding ---
[INFO] Skipping javadoc generation
[INFO] 
[INFO] --- maven-failsafe-plugin:2.19.1:integration-test (default) @ owlapi-apibinding ---
[INFO] Tests are skipped.
[INFO] 
[INFO] --- maven-failsafe-plugin:2.19.1:verify (default) @ owlapi-apibinding ---
[INFO] Tests are skipped.
[INFO] 
[INFO] --- maven-install-plugin:2.4:install (default-install) @ owlapi-apibinding ---
[INFO] Installing /home/travis/build/owlcs/owlapi/apibinding/target/owlapi-apibinding-6.0.0-SNAPSHOT.jar to /home/travis/.m2/repository/net/sourceforge/owlapi/owlapi-apibinding/6.0.0-SNAPSHOT/owlapi-apibinding-6.0.0-SNAPSHOT.jar
[INFO] Installing /home/travis/build/owlcs/owlapi/apibinding/pom.xml to /home/travis/.m2/repository/net/sourceforge/owlapi/owlapi-apibinding/6.0.0-SNAPSHOT/owlapi-apibinding-6.0.0-SNAPSHOT.pom
[INFO] Installing /home/travis/build/owlcs/owlapi/apibinding/target/owlapi-apibinding-6.0.0-SNAPSHOT-sources.jar to /home/travis/.m2/repository/net/sourceforge/owlapi/owlapi-apibinding/6.0.0-SNAPSHOT/owlapi-apibinding-6.0.0-SNAPSHOT-sources.jar
[INFO]                                                                         
[INFO] ------------------------------------------------------------------------
[INFO] Building OWLAPI :: Compatibility 6.0.0-SNAPSHOT
[INFO] ------------------------------------------------------------------------
[INFO] 
[INFO] --- maven-enforcer-plugin:1.0:enforce (enforce-maven) @ owlapi-compatibility ---
[INFO] 
[INFO] --- maven-resources-plugin:2.6:resources (default-resources) @ owlapi-compatibility ---
[INFO] Using 'UTF-8' encoding to copy filtered resources.
[INFO] Copying 1 resource
[INFO] 
[INFO] --- maven-compiler-plugin:3.6.0:compile (default-compile) @ owlapi-compatibility ---
[INFO] Changes detected - recompiling the module!
[INFO] Compiling 68 source files to /home/travis/build/owlcs/owlapi/compatibility/target/classes
[INFO] /home/travis/build/owlcs/owlapi/compatibility/src/main/java/de/uulm/ecs/ai/owlapi/krssparser/KRSS2OntologyFormat.java: Some input files use or override a deprecated API.
[INFO] /home/travis/build/owlcs/owlapi/compatibility/src/main/java/de/uulm/ecs/ai/owlapi/krssparser/KRSS2OntologyFormat.java: Recompile with -Xlint:deprecation for details.
[INFO] 
[INFO] --- maven-resources-plugin:2.6:testResources (default-testResources) @ owlapi-compatibility ---
[INFO] Using 'UTF-8' encoding to copy filtered resources.
[INFO] skip non existing resourceDirectory /home/travis/build/owlcs/owlapi/compatibility/src/test/resources
[INFO] 
[INFO] --- maven-compiler-plugin:3.6.0:testCompile (default-testCompile) @ owlapi-compatibility ---
[INFO] No sources to compile
[INFO] 
[INFO] --- maven-surefire-plugin:2.19.1:test (default-test) @ owlapi-compatibility ---
[INFO] Tests are skipped.
[INFO] 
[INFO] --- maven-jar-plugin:2.4:jar (default-jar) @ owlapi-compatibility ---
[INFO] Building jar: /home/travis/build/owlcs/owlapi/compatibility/target/owlapi-compatibility-6.0.0-SNAPSHOT.jar
[INFO] 
[INFO] >>> maven-source-plugin:3.0.1:jar (attach-sources) > generate-sources @ owlapi-compatibility >>>
[INFO] 
[INFO] --- maven-enforcer-plugin:1.0:enforce (enforce-maven) @ owlapi-compatibility ---
[INFO] 
[INFO] <<< maven-source-plugin:3.0.1:jar (attach-sources) < generate-sources @ owlapi-compatibility <<<
[INFO] 
[INFO] --- maven-source-plugin:3.0.1:jar (attach-sources) @ owlapi-compatibility ---
[INFO] Building jar: /home/travis/build/owlcs/owlapi/compatibility/target/owlapi-compatibility-6.0.0-SNAPSHOT-sources.jar
[INFO] 
[INFO] --- maven-javadoc-plugin:2.10.4:jar (attach-javadocs) @ owlapi-compatibility ---
[INFO] Skipping javadoc generation
[INFO] 
[INFO] --- maven-failsafe-plugin:2.19.1:integration-test (default) @ owlapi-compatibility ---
[INFO] Tests are skipped.
[INFO] 
[INFO] --- maven-failsafe-plugin:2.19.1:verify (default) @ owlapi-compatibility ---
[INFO] Tests are skipped.
[INFO] 
[INFO] --- maven-install-plugin:2.4:install (default-install) @ owlapi-compatibility ---
[INFO] Installing /home/travis/build/owlcs/owlapi/compatibility/target/owlapi-compatibility-6.0.0-SNAPSHOT.jar to /home/travis/.m2/repository/net/sourceforge/owlapi/owlapi-compatibility/6.0.0-SNAPSHOT/owlapi-compatibility-6.0.0-SNAPSHOT.jar
[INFO] Installing /home/travis/build/owlcs/owlapi/compatibility/pom.xml to /home/travis/.m2/repository/net/sourceforge/owlapi/owlapi-compatibility/6.0.0-SNAPSHOT/owlapi-compatibility-6.0.0-SNAPSHOT.pom
[INFO] Installing /home/travis/build/owlcs/owlapi/compatibility/target/owlapi-compatibility-6.0.0-SNAPSHOT-sources.jar to /home/travis/.m2/repository/net/sourceforge/owlapi/owlapi-compatibility/6.0.0-SNAPSHOT/owlapi-compatibility-6.0.0-SNAPSHOT-sources.jar
[INFO]                                                                         
[INFO] ------------------------------------------------------------------------
[INFO] Building OWLAPI :: Tests and Tutorials 6.0.0-SNAPSHOT
[INFO] ------------------------------------------------------------------------
[INFO] 
[INFO] --- maven-enforcer-plugin:1.0:enforce (enforce-maven) @ owlapi-contract ---
[INFO] 
[INFO] --- maven-resources-plugin:2.6:resources (default-resources) @ owlapi-contract ---
[INFO] Using 'UTF-8' encoding to copy filtered resources.
[INFO] skip non existing resourceDirectory /home/travis/build/owlcs/owlapi/contract/src/main/resources
[INFO] 
[INFO] --- maven-compiler-plugin:3.6.0:compile (default-compile) @ owlapi-contract ---
[INFO] Changes detected - recompiling the module!
[INFO] Compiling 8 source files to /home/travis/build/owlcs/owlapi/contract/target/classes
[INFO] 
[INFO] --- maven-resources-plugin:2.6:testResources (default-testResources) @ owlapi-contract ---
[INFO] Using 'UTF-8' encoding to copy filtered resources.
[INFO] Copying 172 resources
[INFO] 
[INFO] --- maven-compiler-plugin:3.6.0:testCompile (default-testCompile) @ owlapi-contract ---
[INFO] Changes detected - recompiling the module!
[INFO] Compiling 235 source files to /home/travis/build/owlcs/owlapi/contract/target/test-classes
[INFO] /home/travis/build/owlcs/owlapi/contract/src/test/java/org/semanticweb/owlapi/api/test/DelegatingObjectVisitorExTestCase.java: /home/travis/build/owlcs/owlapi/contract/src/test/java/org/semanticweb/owlapi/api/test/DelegatingObjectVisitorExTestCase.java uses unchecked or unsafe operations.
[INFO] /home/travis/build/owlcs/owlapi/contract/src/test/java/org/semanticweb/owlapi/api/test/DelegatingObjectVisitorExTestCase.java: Recompile with -Xlint:unchecked for details.
[INFO] 
[INFO] --- maven-surefire-plugin:2.19.1:test (default-test) @ owlapi-contract ---
[INFO] Tests are skipped.
[INFO] 
[INFO] --- maven-jar-plugin:2.4:jar (default-jar) @ owlapi-contract ---
[INFO] Building jar: /home/travis/build/owlcs/owlapi/contract/target/owlapi-contract-6.0.0-SNAPSHOT.jar
[INFO] 
[INFO] >>> maven-source-plugin:3.0.1:jar (attach-sources) > generate-sources @ owlapi-contract >>>
[INFO] 
[INFO] --- maven-enforcer-plugin:1.0:enforce (enforce-maven) @ owlapi-contract ---
[INFO] 
[INFO] <<< maven-source-plugin:3.0.1:jar (attach-sources) < generate-sources @ owlapi-contract <<<
[INFO] 
[INFO] --- maven-source-plugin:3.0.1:jar (attach-sources) @ owlapi-contract ---
[INFO] Building jar: /home/travis/build/owlcs/owlapi/contract/target/owlapi-contract-6.0.0-SNAPSHOT-sources.jar
[INFO] 
[INFO] --- maven-javadoc-plugin:2.10.4:jar (attach-javadocs) @ owlapi-contract ---
[INFO] Skipping javadoc generation
[INFO] 
[INFO] --- maven-failsafe-plugin:2.19.1:integration-test (default) @ owlapi-contract ---
[INFO] Tests are skipped.
[INFO] 
[INFO] --- maven-failsafe-plugin:2.19.1:verify (default) @ owlapi-contract ---
[INFO] Tests are skipped.
[INFO] 
[INFO] --- maven-install-plugin:2.4:install (default-install) @ owlapi-contract ---
[INFO] Installing /home/travis/build/owlcs/owlapi/contract/target/owlapi-contract-6.0.0-SNAPSHOT.jar to /home/travis/.m2/repository/net/sourceforge/owlapi/owlapi-contract/6.0.0-SNAPSHOT/owlapi-contract-6.0.0-SNAPSHOT.jar
[INFO] Installing /home/travis/build/owlcs/owlapi/contract/pom.xml to /home/travis/.m2/repository/net/sourceforge/owlapi/owlapi-contract/6.0.0-SNAPSHOT/owlapi-contract-6.0.0-SNAPSHOT.pom
[INFO] Installing /home/travis/build/owlcs/owlapi/contract/target/owlapi-contract-6.0.0-SNAPSHOT-sources.jar to /home/travis/.m2/repository/net/sourceforge/owlapi/owlapi-contract/6.0.0-SNAPSHOT/owlapi-contract-6.0.0-SNAPSHOT-sources.jar
[INFO]                                                                         
[INFO] ------------------------------------------------------------------------
[INFO] Building OWLAPI :: Distribution 6.0.0-SNAPSHOT
[INFO] ------------------------------------------------------------------------
[INFO] 
[INFO] --- maven-enforcer-plugin:1.0:enforce (enforce-maven) @ owlapi-distribution ---
[INFO] 
[INFO] --- maven-resources-plugin:3.0.1:resources (default-resources) @ owlapi-distribution ---
[INFO] Using 'UTF-8' encoding to copy filtered resources.
[INFO] skip non existing resourceDirectory /home/travis/build/owlcs/owlapi/distribution/src/main/resources
[INFO] 
[INFO] --- maven-compiler-plugin:3.6.0:compile (default-compile) @ owlapi-distribution ---
[INFO] No sources to compile
[INFO] 
[INFO] --- maven-resources-plugin:3.0.1:testResources (default-testResources) @ owlapi-distribution ---
[INFO] Using 'UTF-8' encoding to copy filtered resources.
[INFO] skip non existing resourceDirectory /home/travis/build/owlcs/owlapi/distribution/src/test/resources
[INFO] 
[INFO] --- maven-compiler-plugin:3.6.0:testCompile (default-testCompile) @ owlapi-distribution ---
[INFO] No sources to compile
[INFO] 
[INFO] --- maven-surefire-plugin:2.19.1:test (default-test) @ owlapi-distribution ---
[INFO] Tests are skipped.
[INFO] 
[INFO] --- maven-bundle-plugin:3.2.0:bundle (default-bundle) @ owlapi-distribution ---
[WARNING] Bundle net.sourceforge.owlapi:owlapi-distribution:bundle:6.0.0-SNAPSHOT : Unused Import-Package instructions: [org.apache.commons.logging.*] 
[INFO] 
[INFO] >>> maven-source-plugin:3.0.1:jar (attach-sources) > generate-sources @ owlapi-distribution >>>
[INFO] 
[INFO] --- maven-enforcer-plugin:1.0:enforce (enforce-maven) @ owlapi-distribution ---
[INFO] 
[INFO] <<< maven-source-plugin:3.0.1:jar (attach-sources) < generate-sources @ owlapi-distribution <<<
[INFO] 
[INFO] --- maven-source-plugin:3.0.1:jar (attach-sources) @ owlapi-distribution ---
[INFO] No sources in project. Archive not created.
[INFO] 
[INFO] --- maven-shade-plugin:2.4.3:shade (default) @ owlapi-distribution ---
[INFO] Including net.sourceforge.owlapi:owlapi-apibinding:jar:6.0.0-SNAPSHOT in the shaded jar.
[INFO] Including net.sourceforge.owlapi:owlapi-tools:jar:6.0.0-SNAPSHOT in the shaded jar.
[INFO] Including net.sourceforge.owlapi:owlapi-impl:jar:6.0.0-SNAPSHOT in the shaded jar.
[INFO] Including net.sourceforge.owlapi:owlapi-parsers:jar:6.0.0-SNAPSHOT in the shaded jar.
[INFO] Including net.sourceforge.owlapi:owlapi-oboformat:jar:6.0.0-SNAPSHOT in the shaded jar.
[INFO] Including net.sourceforge.owlapi:owlapi-rio:jar:6.0.0-SNAPSHOT in the shaded jar.
[INFO] Including net.sourceforge.owlapi:owlapi-api:jar:6.0.0-SNAPSHOT in the shaded jar.
[INFO] Excluding net.sourceforge.owlapi:owlapi-compatibility:jar:6.0.0-SNAPSHOT from the shaded jar.
[INFO] Excluding com.fasterxml.jackson.core:jackson-core:jar:2.8.5 from the shaded jar.
[INFO] Excluding com.fasterxml.jackson.core:jackson-databind:jar:2.8.5 from the shaded jar.
[INFO] Excluding com.fasterxml.jackson.core:jackson-annotations:jar:2.8.5 from the shaded jar.
[INFO] Excluding org.apache.commons:commons-rdf-api:jar:0.3.0-incubating from the shaded jar.
[INFO] Excluding org.tukaani:xz:jar:1.6 from the shaded jar.
[INFO] Excluding org.slf4j:slf4j-api:jar:1.7.22 from the shaded jar.
[INFO] Excluding org.slf4j:jcl-over-slf4j:jar:1.7.22 from the shaded jar.
[INFO] Excluding org.eclipse.rdf4j:rdf4j-model:jar:2.1.4 from the shaded jar.
[INFO] Excluding org.eclipse.rdf4j:rdf4j-rio-api:jar:2.1.4 from the shaded jar.
[INFO] Excluding org.eclipse.rdf4j:rdf4j-rio-languages:jar:2.1.4 from the shaded jar.
[INFO] Excluding org.eclipse.rdf4j:rdf4j-rio-datatypes:jar:2.1.4 from the shaded jar.
[INFO] Excluding org.eclipse.rdf4j:rdf4j-rio-binary:jar:2.1.4 from the shaded jar.
[INFO] Excluding org.eclipse.rdf4j:rdf4j-rio-n3:jar:2.1.4 from the shaded jar.
[INFO] Excluding org.eclipse.rdf4j:rdf4j-rio-nquads:jar:2.1.4 from the shaded jar.
[INFO] Excluding org.eclipse.rdf4j:rdf4j-rio-ntriples:jar:2.1.4 from the shaded jar.
[INFO] Excluding org.eclipse.rdf4j:rdf4j-rio-rdfjson:jar:2.1.4 from the shaded jar.
[INFO] Excluding org.eclipse.rdf4j:rdf4j-rio-jsonld:jar:2.1.4 from the shaded jar.
[INFO] Excluding org.eclipse.rdf4j:rdf4j-rio-rdfxml:jar:2.1.4 from the shaded jar.
[INFO] Excluding org.eclipse.rdf4j:rdf4j-rio-trix:jar:2.1.4 from the shaded jar.
[INFO] Excluding org.eclipse.rdf4j:rdf4j-rio-turtle:jar:2.1.4 from the shaded jar.
[INFO] Excluding org.eclipse.rdf4j:rdf4j-rio-trig:jar:2.1.4 from the shaded jar.
[INFO] Excluding org.eclipse.rdf4j:rdf4j-util:jar:2.1.4 from the shaded jar.
[INFO] Excluding com.github.jsonld-java:jsonld-java:jar:0.9.0 from the shaded jar.
[INFO] Excluding org.apache.httpcomponents:httpclient-osgi:jar:4.5.2 from the shaded jar.
[INFO] Excluding org.apache.httpcomponents:httpclient:jar:4.5.2 from the shaded jar.
[INFO] Excluding commons-codec:commons-codec:jar:1.9 from the shaded jar.
[INFO] Excluding org.apache.httpcomponents:httpmime:jar:4.5.2 from the shaded jar.
[INFO] Excluding org.apache.httpcomponents:httpclient-cache:jar:4.5.2 from the shaded jar.
[INFO] Excluding org.apache.httpcomponents:fluent-hc:jar:4.5.2 from the shaded jar.
[INFO] Excluding org.apache.httpcomponents:httpcore-osgi:jar:4.4.5 from the shaded jar.
[INFO] Excluding org.apache.httpcomponents:httpcore:jar:4.4.5 from the shaded jar.
[INFO] Excluding org.apache.httpcomponents:httpcore-nio:jar:4.4.5 from the shaded jar.
[INFO] Excluding net.sf.trove4j:trove4j:jar:3.0.3 from the shaded jar.
[INFO] Excluding com.github.ben-manes.caffeine:caffeine:jar:2.3.5 from the shaded jar.
[INFO] Excluding com.google.guava:guava:jar:20.0 from the shaded jar.
[INFO] Excluding com.google.inject:guice:jar:4.1.0 from the shaded jar.
[INFO] Excluding javax.inject:javax.inject:jar:1 from the shaded jar.
[INFO] Excluding aopalliance:aopalliance:jar:1.0 from the shaded jar.
[INFO] Excluding com.google.inject.extensions:guice-multibindings:jar:4.1.0 from the shaded jar.
[INFO] Excluding com.google.code.findbugs:jsr305:jar:3.0.1 from the shaded jar.
[INFO] Excluding commons-io:commons-io:jar:2.5 from the shaded jar.
[INFO] Excluding com.squareup.okhttp3:okhttp:jar:3.5.0 from the shaded jar.
[INFO] Excluding com.squareup.okio:okio:jar:1.11.0 from the shaded jar.
[WARNING] owlapi-distribution-6.0.0-SNAPSHOT.jar, owlapi-oboformat-6.0.0-SNAPSHOT.jar define 74 overlapping classes: 
[WARNING]   - org.obolibrary.oboformat.parser.OBOFormatException
[WARNING]   - org.obolibrary.obo2owl.OWLAPIOwl2Obo
[WARNING]   - org.obolibrary.macro.MacroExpansionGCIVisitor$MacroExpansions
[WARNING]   - org.obolibrary.oboformat.diff.Diff
[WARNING]   - org.obolibrary.obo2owl.IdTranslator
[WARNING]   - org.obolibrary.oboformat.model.Clause
[WARNING]   - org.obolibrary.oboformat.parser.XrefExpander$ReverseGenusDifferentiaExpansion
[WARNING]   - org.obolibrary.owl.LabelFunctionalSyntaxStorer
[WARNING]   - org.obolibrary.oboformat.model.FrameStructureException
[WARNING]   - org.obolibrary.macro.MacroExpansionVisitor
[WARNING]   - 64 more...
[WARNING] owlapi-distribution-6.0.0-SNAPSHOT.jar, owlapi-tools-6.0.0-SNAPSHOT.jar define 136 overlapping classes: 
[WARNING]   - com.clarkparsia.owlapi.explanation.util.SilentExplanationProgressMonitor
[WARNING]   - uk.ac.manchester.cs.atomicdecomposition.package-info
[WARNING]   - uk.ac.manchester.cs.factplusplusad.OntologyBasedModularizer
[WARNING]   - org.semanticweb.owlapi.metrics.HiddenGCICount
[WARNING]   - org.semanticweb.owlapitools.decomposition.Modularizer
[WARNING]   - com.clarkparsia.owlapi.modularity.locality.SemanticLocalityEvaluator
[WARNING]   - uk.ac.manchester.cs.factplusplusad.Signature
[WARNING]   - org.semanticweb.owlapi.metrics.DoubleValuedMetric
[WARNING]   - org.semanticweb.owlapitools.decomposition.SigIndex
[WARNING]   - com.clarkparsia.owlapi.explanation.io.ExplanationRenderer
[WARNING]   - 126 more...
[WARNING] owlapi-distribution-6.0.0-SNAPSHOT.jar, owlapi-rio-6.0.0-SNAPSHOT.jar define 68 overlapping classes: 
[WARNING]   - org.semanticweb.owlapi.formats.N3DocumentFormatFactory
[WARNING]   - org.semanticweb.owlapi.formats.RioTurtleDocumentFormatFactory
[WARNING]   - org.semanticweb.owlapi.rio.RioStorer
[WARNING]   - org.semanticweb.owlapi.rio.RioOWLRDFParser
[WARNING]   - org.semanticweb.owlapi.rio.OWLAPIRDFFormat
[WARNING]   - org.semanticweb.owlapi.formats.N3DocumentFormat
[WARNING]   - org.semanticweb.owlapi.rio.RioFunctionalSyntaxParserFactory
[WARNING]   - org.semanticweb.owlapi.rio.RioTrigStorerFactory
[WARNING]   - org.semanticweb.owlapi.rio.RioManchesterSyntaxParserFactory
[WARNING]   - org.semanticweb.owlapi.rio.AbstractRioStorerFactory
[WARNING]   - 58 more...
[WARNING] owlapi-distribution-6.0.0-SNAPSHOT.jar, owlapi-apibinding-6.0.0-SNAPSHOT.jar define 6 overlapping classes: 
[WARNING]   - org.semanticweb.owlapi.apibinding.OWLManager
[WARNING]   - org.semanticweb.owlapi.apibinding.package-info
[WARNING]   - org.semanticweb.owlapi.apibinding.OWLFunctionalSyntaxFactory
[WARNING]   - uk.ac.manchester.cs.owl.owlapi.OWLAPIImplModule
[WARNING]   - org.semanticweb.owlapi.OWLAPIParsersModule
[WARNING]   - org.semanticweb.owlapi.OWLAPIServiceLoaderModule
[WARNING] owlapi-distribution-6.0.0-SNAPSHOT.jar, owlapi-api-6.0.0-SNAPSHOT.jar define 885 overlapping classes: 
[WARNING]   - org.semanticweb.owlapi.model.OWLPropertyAssertionObject
[WARNING]   - org.semanticweb.owlapi.model.OWLAnonymousClassExpression
[WARNING]   - org.semanticweb.owlapi.model.HasApplyChange
[WARNING]   - org.semanticweb.owlapi.util.InferredIndividualAxiomGenerator
[WARNING]   - org.semanticweb.owlapi.model.SWRLDArgument
[WARNING]   - org.semanticweb.owlapi.util.OWLOntologyWalkerVisitor
[WARNING]   - org.semanticweb.owlapi.model.providers.ExistentialProvider
[WARNING]   - org.semanticweb.owlapi.model.axiomproviders.PropertyCharacteristicAxiomProvider
[WARNING]   - org.semanticweb.owlapi.model.OWLObjectPropertyDomainAxiom
[WARNING]   - org.semanticweb.owlapi.io.SystemOutDocumentTarget
[WARNING]   - 875 more...
[WARNING] owlapi-distribution-6.0.0-SNAPSHOT.jar, owlapi-parsers-6.0.0-SNAPSHOT.jar define 358 overlapping classes: 
[WARNING]   - org.semanticweb.owlapi.owlxml.parser.SubAnnPropertyOfEH
[WARNING]   - org.semanticweb.owlapi.krss2.renderer.KRSSVocabulary
[WARNING]   - org.semanticweb.owlapi.owlxml.parser.DataOneOfEH
[WARNING]   - org.semanticweb.owlapi.rdf.rdfxml.renderer.package-info
[WARNING]   - org.semanticweb.owlapi.rdf.rdfxml.parser.Translators$ObjectMinCardinalityTranslator
[WARNING]   - org.semanticweb.owlapi.rdf.rdfxml.renderer.IllegalElementNameException
[WARNING]   - org.semanticweb.owlapi.rdf.turtle.parser.JavaCharStream
[WARNING]   - org.semanticweb.owlapi.rdf.rdfxml.parser.AnonMap
[WARNING]   - org.semanticweb.owlapi.latex.renderer.LatexOWLObjectRenderer
[WARNING]   - org.semanticweb.owlapi.owlxml.renderer.OWLXMLObjectRenderer
[WARNING]   - 348 more...
[WARNING] owlapi-distribution-6.0.0-SNAPSHOT.jar, owlapi-impl-6.0.0-SNAPSHOT.jar define 196 overlapping classes: 
[WARNING]   - org.semanticweb.owlapi.reasoner.impl.OWLNamedIndividualNodeSet
[WARNING]   - uk.ac.manchester.cs.owl.owlapi.SWRLIndividualArgumentImpl
[WARNING]   - uk.ac.manchester.cs.owl.owlapi.InitVisitorFactory$InitIndividualVisitor
[WARNING]   - uk.ac.manchester.cs.owl.owlapi.OWLDataAllValuesFromImpl
[WARNING]   - uk.ac.manchester.cs.owl.owlapi.concurrent.NonConcurrentOWLOntologyBuilder
[WARNING]   - uk.ac.manchester.cs.owl.owlapi.OWLImportsDeclarationImpl
[WARNING]   - uk.ac.manchester.cs.owl.owlapi.OWLSubPropertyAxiomImpl
[WARNING]   - uk.ac.manchester.cs.owl.owlapi.OWLSameIndividualAxiomImpl
[WARNING]   - uk.ac.manchester.cs.owl.owlapi.Internals$RemoveAxiomVisitor
[WARNING]   - uk.ac.manchester.cs.owl.owlapi.SWRLSameIndividualAtomImpl
[WARNING]   - 186 more...
[WARNING] maven-shade-plugin has detected that some class files are
[WARNING] present in two or more JARs. When this happens, only one
[WARNING] single version of the class is copied to the uber jar.
[WARNING] Usually this is not harmful and you can skip these warnings,
[WARNING] otherwise try to manually exclude artifacts based on
[WARNING] mvn dependency:tree -Ddetail=true and the above output.
[WARNING] See http://maven.apache.org/plugins/maven-shade-plugin/
[INFO] Replacing original artifact with shaded artifact.
[INFO] Replacing /home/travis/build/owlcs/owlapi/distribution/target/owlapi-distribution-6.0.0-SNAPSHOT.jar with /home/travis/build/owlcs/owlapi/distribution/target/owlapi-distribution-6.0.0-SNAPSHOT-shaded.jar
[INFO] Dependency-reduced POM written at: /home/travis/build/owlcs/owlapi/distribution/dependency-reduced-pom.xml
[INFO] 
[INFO] --- maven-javadoc-plugin:2.10.4:jar (attach-javadocs) @ owlapi-distribution ---
[INFO] Skipping javadoc generation
[INFO] 
[INFO] --- maven-javadoc-plugin:2.10.4:jar (attach-javadoc) @ owlapi-distribution ---
[INFO] Skipping javadoc generation
[INFO] 
[INFO] --- maven-assembly-plugin:3.0.0:single (attach-sources) @ owlapi-distribution ---
[INFO] Reading assembly descriptor: src/assembly/sources.xml
[INFO] Building jar: /home/travis/build/owlcs/owlapi/distribution/target/owlapi-distribution-6.0.0-SNAPSHOT-sources.jar
[INFO] 
[INFO] --- maven-failsafe-plugin:2.19.1:integration-test (default) @ owlapi-distribution ---
[INFO] Tests are skipped.
[INFO] 
[INFO] --- maven-failsafe-plugin:2.19.1:verify (default) @ owlapi-distribution ---
[INFO] Tests are skipped.
[INFO] 
[INFO] --- maven-install-plugin:2.5.2:install (default-install) @ owlapi-distribution ---
[INFO] Installing /home/travis/build/owlcs/owlapi/distribution/target/owlapi-distribution-6.0.0-SNAPSHOT.jar to /home/travis/.m2/repository/net/sourceforge/owlapi/owlapi-distribution/6.0.0-SNAPSHOT/owlapi-distribution-6.0.0-SNAPSHOT.jar
[INFO] Installing /home/travis/build/owlcs/owlapi/distribution/dependency-reduced-pom.xml to /home/travis/.m2/repository/net/sourceforge/owlapi/owlapi-distribution/6.0.0-SNAPSHOT/owlapi-distribution-6.0.0-SNAPSHOT.pom
[INFO] Installing /home/travis/build/owlcs/owlapi/distribution/target/owlapi-distribution-6.0.0-SNAPSHOT-sources.jar to /home/travis/.m2/repository/net/sourceforge/owlapi/owlapi-distribution/6.0.0-SNAPSHOT/owlapi-distribution-6.0.0-SNAPSHOT-sources.jar
[INFO] 
[INFO] --- maven-bundle-plugin:3.2.0:install (default-install) @ owlapi-distribution ---
[INFO] Installing net/sourceforge/owlapi/owlapi-distribution/6.0.0-SNAPSHOT/owlapi-distribution-6.0.0-SNAPSHOT.jar
[INFO] Installing net/sourceforge/owlapi/owlapi-distribution/6.0.0-SNAPSHOT/owlapi-distribution-6.0.0-SNAPSHOT-sources.jar
[INFO] Writing OBR metadata
[INFO]                                                                         
[INFO] ------------------------------------------------------------------------
[INFO] Building OWLAPI :: OSGi and Compatibility Distribution 6.0.0-SNAPSHOT
[INFO] ------------------------------------------------------------------------
[INFO] 
[INFO] --- maven-enforcer-plugin:1.0:enforce (enforce-maven) @ owlapi-osgidistribution ---
[INFO] 
[INFO] --- maven-resources-plugin:3.0.1:resources (default-resources) @ owlapi-osgidistribution ---
[INFO] Using 'UTF-8' encoding to copy filtered resources.
[INFO] skip non existing resourceDirectory /home/travis/build/owlcs/owlapi/osgidistribution/src/main/resources
[INFO] 
[INFO] --- maven-compiler-plugin:3.6.0:compile (default-compile) @ owlapi-osgidistribution ---
[INFO] Changes detected - recompiling the module!
[INFO] Compiling 1 source file to /home/travis/build/owlcs/owlapi/osgidistribution/target/classes
[INFO] 
[INFO] --- maven-resources-plugin:3.0.1:testResources (default-testResources) @ owlapi-osgidistribution ---
[INFO] Using 'UTF-8' encoding to copy filtered resources.
[INFO] Copying 2 resources
[INFO] 
[INFO] --- maven-compiler-plugin:3.6.0:testCompile (default-testCompile) @ owlapi-osgidistribution ---
[INFO] Changes detected - recompiling the module!
[INFO] Compiling 4 source files to /home/travis/build/owlcs/owlapi/osgidistribution/target/test-classes
[INFO] 
[INFO] --- maven-surefire-plugin:2.19.1:test (default-test) @ owlapi-osgidistribution ---
[INFO] Tests are skipped.
[INFO] 
[INFO] --- maven-bundle-plugin:3.2.0:bundle (default-bundle) @ owlapi-osgidistribution ---
[WARNING] Bundle net.sourceforge.owlapi:owlapi-osgidistribution:bundle:6.0.0-SNAPSHOT : Export com.clarkparsia.owlapi.explanation,  has 1,  private references [javax.annotation], 
[WARNING] Bundle net.sourceforge.owlapi:owlapi-osgidistribution:bundle:6.0.0-SNAPSHOT : Export com.clarkparsia.owlapi.explanation.io,  has 1,  private references [javax.annotation], 
[WARNING] Bundle net.sourceforge.owlapi:owlapi-osgidistribution:bundle:6.0.0-SNAPSHOT : Export org.semanticweb.owlapi,  has 1,  private references [javax.annotation], 
[WARNING] Bundle net.sourceforge.owlapi:owlapi-osgidistribution:bundle:6.0.0-SNAPSHOT : Export org.semanticweb.owlapi.apibinding,  has 1,  private references [javax.annotation], 
[WARNING] Bundle net.sourceforge.owlapi:owlapi-osgidistribution:bundle:6.0.0-SNAPSHOT : Export org.semanticweb.owlapi.change,  has 1,  private references [javax.annotation], 
[WARNING] Bundle net.sourceforge.owlapi:owlapi-osgidistribution:bundle:6.0.0-SNAPSHOT : Export org.semanticweb.owlapi.debugging,  has 1,  private references [javax.annotation], 
[WARNING] Bundle net.sourceforge.owlapi:owlapi-osgidistribution:bundle:6.0.0-SNAPSHOT : Export org.semanticweb.owlapi.dlsyntax.renderer,  has 1,  private references [javax.annotation], 
[WARNING] Bundle net.sourceforge.owlapi:owlapi-osgidistribution:bundle:6.0.0-SNAPSHOT : Export org.semanticweb.owlapi.expression,  has 1,  private references [javax.annotation], 
[WARNING] Bundle net.sourceforge.owlapi:owlapi-osgidistribution:bundle:6.0.0-SNAPSHOT : Export org.semanticweb.owlapi.formats,  has 2,  private references [javax.annotation, org.eclipse.rdf4j.rio], 
[WARNING] Bundle net.sourceforge.owlapi:owlapi-osgidistribution:bundle:6.0.0-SNAPSHOT : Export org.semanticweb.owlapi.functional.renderer,  has 1,  private references [javax.annotation], 
[WARNING] Bundle net.sourceforge.owlapi:owlapi-osgidistribution:bundle:6.0.0-SNAPSHOT : Export org.semanticweb.owlapi.io,  has 3,  private references [org.tukaani.xz, javax.annotation, org.apache.commons.rdf.api], 
[WARNING] Bundle net.sourceforge.owlapi:owlapi-osgidistribution:bundle:6.0.0-SNAPSHOT : Export org.semanticweb.owlapi.krss2.renderer,  has 1,  private references [javax.annotation], 
[WARNING] Bundle net.sourceforge.owlapi:owlapi-osgidistribution:bundle:6.0.0-SNAPSHOT : Export org.semanticweb.owlapi.manchestersyntax.parser,  has 1,  private references [javax.annotation], 
[WARNING] Bundle net.sourceforge.owlapi:owlapi-osgidistribution:bundle:6.0.0-SNAPSHOT : Export org.semanticweb.owlapi.manchestersyntax.renderer,  has 1,  private references [javax.annotation], 
[WARNING] Bundle net.sourceforge.owlapi:owlapi-osgidistribution:bundle:6.0.0-SNAPSHOT : Export org.semanticweb.owlapi.model,  has 2,  private references [javax.annotation, org.apache.commons.rdf.api], 
[WARNING] Bundle net.sourceforge.owlapi:owlapi-osgidistribution:bundle:6.0.0-SNAPSHOT : Export org.semanticweb.owlapi.model.parameters,  has 1,  private references [javax.annotation], 
[WARNING] Bundle net.sourceforge.owlapi:owlapi-osgidistribution:bundle:6.0.0-SNAPSHOT : Export org.semanticweb.owlapi.model.providers,  has 1,  private references [javax.annotation], 
[WARNING] Bundle net.sourceforge.owlapi:owlapi-osgidistribution:bundle:6.0.0-SNAPSHOT : Export org.semanticweb.owlapi.profiles,  has 1,  private references [javax.annotation], 
[WARNING] Bundle net.sourceforge.owlapi:owlapi-osgidistribution:bundle:6.0.0-SNAPSHOT : Export org.semanticweb.owlapi.profiles.violations,  has 1,  private references [javax.annotation], 
[WARNING] Bundle net.sourceforge.owlapi:owlapi-osgidistribution:bundle:6.0.0-SNAPSHOT : Export org.semanticweb.owlapi.rdf,  has 1,  private references [javax.annotation], 
[WARNING] Bundle net.sourceforge.owlapi:owlapi-osgidistribution:bundle:6.0.0-SNAPSHOT : Export org.semanticweb.owlapi.rdf.model,  has 1,  private references [javax.annotation], 
[WARNING] Bundle net.sourceforge.owlapi:owlapi-osgidistribution:bundle:6.0.0-SNAPSHOT : Export org.semanticweb.owlapi.rdf.rdfxml.parser,  has 1,  private references [javax.annotation], 
[WARNING] Bundle net.sourceforge.owlapi:owlapi-osgidistribution:bundle:6.0.0-SNAPSHOT : Export org.semanticweb.owlapi.rdf.rdfxml.renderer,  has 1,  private references [javax.annotation], 
[WARNING] Bundle net.sourceforge.owlapi:owlapi-osgidistribution:bundle:6.0.0-SNAPSHOT : Export org.semanticweb.owlapi.reasoner,  has 1,  private references [javax.annotation], 
[WARNING] Bundle net.sourceforge.owlapi:owlapi-osgidistribution:bundle:6.0.0-SNAPSHOT : Export org.semanticweb.owlapi.reasoner.impl,  has 1,  private references [javax.annotation], 
[WARNING] Bundle net.sourceforge.owlapi:owlapi-osgidistribution:bundle:6.0.0-SNAPSHOT : Export org.semanticweb.owlapi.rio,  has 6,  private references [org.eclipse.rdf4j.model, org.eclipse.rdf4j.rio.helpers, org.eclipse.rdf4j.rio, javax.annotation, org.eclipse.rdf4j.common.iteration, org.eclipse.rdf4j], 
[WARNING] Bundle net.sourceforge.owlapi:owlapi-osgidistribution:bundle:6.0.0-SNAPSHOT : Export org.semanticweb.owlapi.rio.utils,  has 2,  private references [org.eclipse.rdf4j.model, javax.annotation], 
[WARNING] Bundle net.sourceforge.owlapi:owlapi-osgidistribution:bundle:6.0.0-SNAPSHOT : Export org.semanticweb.owlapi.search,  has 1,  private references [javax.annotation], 
[WARNING] Bundle net.sourceforge.owlapi:owlapi-osgidistribution:bundle:6.0.0-SNAPSHOT : Export org.semanticweb.owlapi.util,  has 1,  private references [javax.annotation], 
[WARNING] Bundle net.sourceforge.owlapi:owlapi-osgidistribution:bundle:6.0.0-SNAPSHOT : Export org.semanticweb.owlapi.util.mansyntax,  has 1,  private references [javax.annotation], 
[WARNING] Bundle net.sourceforge.owlapi:owlapi-osgidistribution:bundle:6.0.0-SNAPSHOT : Export org.semanticweb.owlapi.vocab,  has 1,  private references [javax.annotation], 
[WARNING] Bundle net.sourceforge.owlapi:owlapi-osgidistribution:bundle:6.0.0-SNAPSHOT : Export org.semanticweb.owlapitools.builders,  has 1,  private references [javax.annotation], 
[WARNING] Bundle net.sourceforge.owlapi:owlapi-osgidistribution:bundle:6.0.0-SNAPSHOT : Export org.semanticweb.owlapitools.decomposition,  has 1,  private references [javax.annotation], 
[WARNING] Bundle net.sourceforge.owlapi:owlapi-osgidistribution:bundle:6.0.0-SNAPSHOT : Export uk.ac.manchester.cs.atomicdecomposition,  has 1,  private references [javax.annotation], 
[WARNING] Bundle net.sourceforge.owlapi:owlapi-osgidistribution:bundle:6.0.0-SNAPSHOT : Export uk.ac.manchester.cs.chainsaw,  has 2,  private references [gnu.trove.list, javax.annotation], 
[WARNING] Bundle net.sourceforge.owlapi:owlapi-osgidistribution:bundle:6.0.0-SNAPSHOT : Export uk.ac.manchester.cs.owl.explanation.ordering,  has 1,  private references [javax.annotation], 
[WARNING] Bundle net.sourceforge.owlapi:owlapi-osgidistribution:bundle:6.0.0-SNAPSHOT : Export uk.ac.manchester.cs.owl.owlapi,  has 2,  private references [com.github.benmanes.caffeine.cache, javax.annotation], 
[WARNING] Bundle net.sourceforge.owlapi:owlapi-osgidistribution:bundle:6.0.0-SNAPSHOT : Export uk.ac.manchester.cs.owl.owlapi.concurrent,  has 1,  private references [javax.annotation], 
[WARNING] Bundle net.sourceforge.owlapi:owlapi-osgidistribution:bundle:6.0.0-SNAPSHOT : Export uk.ac.manchester.cs.owlapi.modularity,  has 1,  private references [javax.annotation], 
[WARNING] Bundle net.sourceforge.owlapi:owlapi-osgidistribution:bundle:6.0.0-SNAPSHOT : Export org.obolibrary.macro,  has 1,  private references [javax.annotation], 
[WARNING] Bundle net.sourceforge.owlapi:owlapi-osgidistribution:bundle:6.0.0-SNAPSHOT : Export org.obolibrary.obo2owl,  has 1,  private references [javax.annotation], 
[WARNING] Bundle net.sourceforge.owlapi:owlapi-osgidistribution:bundle:6.0.0-SNAPSHOT : Export org.obolibrary.oboformat.diff,  has 1,  private references [javax.annotation], 
[WARNING] Bundle net.sourceforge.owlapi:owlapi-osgidistribution:bundle:6.0.0-SNAPSHOT : Export org.obolibrary.oboformat.model,  has 1,  private references [javax.annotation], 
[WARNING] Bundle net.sourceforge.owlapi:owlapi-osgidistribution:bundle:6.0.0-SNAPSHOT : Export org.obolibrary.oboformat.parser,  has 1,  private references [javax.annotation], 
[WARNING] Bundle net.sourceforge.owlapi:owlapi-osgidistribution:bundle:6.0.0-SNAPSHOT : Export org.obolibrary.oboformat.writer,  has 2,  private references [gnu.trove.map.hash, javax.annotation], 
[WARNING] Bundle net.sourceforge.owlapi:owlapi-osgidistribution:bundle:6.0.0-SNAPSHOT : Export org.obolibrary.owl,  has 1,  private references [javax.annotation], 
[WARNING] Bundle net.sourceforge.owlapi:owlapi-osgidistribution:bundle:6.0.0-SNAPSHOT : Export org.coode.owlapi.manchesterowlsyntax,  has 1,  private references [javax.annotation], 
[WARNING] Bundle net.sourceforge.owlapi:owlapi-osgidistribution:bundle:6.0.0-SNAPSHOT : Export org.coode.owlapi.obo12.parser,  has 1,  private references [javax.annotation], 
[INFO] 
[INFO] >>> maven-source-plugin:3.0.1:jar (attach-sources) > generate-sources @ owlapi-osgidistribution >>>
[INFO] 
[INFO] --- maven-enforcer-plugin:1.0:enforce (enforce-maven) @ owlapi-osgidistribution ---
[INFO] 
[INFO] <<< maven-source-plugin:3.0.1:jar (attach-sources) < generate-sources @ owlapi-osgidistribution <<<
[INFO] 
[INFO] --- maven-source-plugin:3.0.1:jar (attach-sources) @ owlapi-osgidistribution ---
[INFO] Building jar: /home/travis/build/owlcs/owlapi/osgidistribution/target/owlapi-osgidistribution-6.0.0-SNAPSHOT-sources.jar
[INFO] 
[INFO] --- maven-javadoc-plugin:2.10.4:jar (attach-javadocs) @ owlapi-osgidistribution ---
[INFO] Skipping javadoc generation
[INFO] 
[INFO] --- maven-javadoc-plugin:2.10.4:jar (attach-javadoc) @ owlapi-osgidistribution ---
[INFO] Skipping javadoc generation
[INFO] 
[INFO] --- maven-shade-plugin:2.4.3:shade (default) @ owlapi-osgidistribution ---
[INFO] Including net.sourceforge.owlapi:owlapi-apibinding:jar:6.0.0-SNAPSHOT in the shaded jar.
[INFO] Including net.sourceforge.owlapi:owlapi-tools:jar:6.0.0-SNAPSHOT in the shaded jar.
[INFO] Including net.sourceforge.owlapi:owlapi-impl:jar:6.0.0-SNAPSHOT in the shaded jar.
[INFO] Including net.sourceforge.owlapi:owlapi-parsers:jar:6.0.0-SNAPSHOT in the shaded jar.
[INFO] Including net.sourceforge.owlapi:owlapi-oboformat:jar:6.0.0-SNAPSHOT in the shaded jar.
[INFO] Including net.sourceforge.owlapi:owlapi-rio:jar:6.0.0-SNAPSHOT in the shaded jar.
[INFO] Including net.sourceforge.owlapi:owlapi-api:jar:6.0.0-SNAPSHOT in the shaded jar.
[INFO] Including net.sourceforge.owlapi:owlapi-compatibility:jar:6.0.0-SNAPSHOT in the shaded jar.
[INFO] Excluding com.google.code.findbugs:jsr305:jar:3.0.1 from the shaded jar.
[INFO] Excluding com.fasterxml.jackson.core:jackson-core:jar:2.8.5 from the shaded jar.
[INFO] Excluding com.fasterxml.jackson.core:jackson-databind:jar:2.8.5 from the shaded jar.
[INFO] Excluding com.fasterxml.jackson.core:jackson-annotations:jar:2.8.5 from the shaded jar.
[INFO] Excluding org.apache.commons:commons-rdf-api:jar:0.3.0-incubating from the shaded jar.
[INFO] Excluding org.tukaani:xz:jar:1.6 from the shaded jar.
[INFO] Excluding org.slf4j:slf4j-api:jar:1.7.22 from the shaded jar.
[INFO] Excluding org.slf4j:jcl-over-slf4j:jar:1.7.22 from the shaded jar.
[INFO] Excluding org.eclipse.rdf4j:rdf4j-model:jar:2.1.4 from the shaded jar.
[INFO] Excluding org.eclipse.rdf4j:rdf4j-rio-api:jar:2.1.4 from the shaded jar.
[INFO] Excluding org.eclipse.rdf4j:rdf4j-rio-languages:jar:2.1.4 from the shaded jar.
[INFO] Excluding org.eclipse.rdf4j:rdf4j-rio-datatypes:jar:2.1.4 from the shaded jar.
[INFO] Excluding org.eclipse.rdf4j:rdf4j-rio-binary:jar:2.1.4 from the shaded jar.
[INFO] Excluding org.eclipse.rdf4j:rdf4j-rio-n3:jar:2.1.4 from the shaded jar.
[INFO] Excluding org.eclipse.rdf4j:rdf4j-rio-nquads:jar:2.1.4 from the shaded jar.
[INFO] Excluding org.eclipse.rdf4j:rdf4j-rio-ntriples:jar:2.1.4 from the shaded jar.
[INFO] Excluding org.eclipse.rdf4j:rdf4j-rio-rdfjson:jar:2.1.4 from the shaded jar.
[INFO] Excluding org.eclipse.rdf4j:rdf4j-rio-jsonld:jar:2.1.4 from the shaded jar.
[INFO] Excluding org.eclipse.rdf4j:rdf4j-rio-rdfxml:jar:2.1.4 from the shaded jar.
[INFO] Excluding org.eclipse.rdf4j:rdf4j-rio-trix:jar:2.1.4 from the shaded jar.
[INFO] Excluding org.eclipse.rdf4j:rdf4j-rio-turtle:jar:2.1.4 from the shaded jar.
[INFO] Excluding org.eclipse.rdf4j:rdf4j-rio-trig:jar:2.1.4 from the shaded jar.
[INFO] Excluding org.eclipse.rdf4j:rdf4j-util:jar:2.1.4 from the shaded jar.
[INFO] Excluding com.github.jsonld-java:jsonld-java:jar:0.9.0 from the shaded jar.
[INFO] Excluding org.apache.httpcomponents:httpclient-osgi:jar:4.5.2 from the shaded jar.
[INFO] Excluding org.apache.httpcomponents:httpmime:jar:4.5.2 from the shaded jar.
[INFO] Excluding org.apache.httpcomponents:fluent-hc:jar:4.5.2 from the shaded jar.
[INFO] Excluding org.apache.httpcomponents:httpcore-osgi:jar:4.4.5 from the shaded jar.
[INFO] Excluding org.apache.httpcomponents:httpcore-nio:jar:4.4.5 from the shaded jar.
[INFO] Excluding org.apache.httpcomponents:httpclient:jar:4.5.2 from the shaded jar.
[INFO] Excluding org.apache.httpcomponents:httpclient-cache:jar:4.5.2 from the shaded jar.
[INFO] Excluding org.apache.httpcomponents:httpcore:jar:4.4.5 from the shaded jar.
[INFO] Excluding commons-codec:commons-codec:jar:1.10 from the shaded jar.
[INFO] Excluding commons-logging:commons-logging:jar:1.2 from the shaded jar.
[INFO] Excluding commons-io:commons-io:jar:2.5 from the shaded jar.
[INFO] Excluding net.sf.trove4j:trove4j:jar:3.0.3 from the shaded jar.
[INFO] Excluding com.google.guava:guava:jar:20.0 from the shaded jar.
[INFO] Excluding com.google.inject:guice:jar:4.1.0 from the shaded jar.
[INFO] Excluding javax.inject:javax.inject:jar:1 from the shaded jar.
[INFO] Excluding aopalliance:aopalliance:jar:1.0 from the shaded jar.
[INFO] Excluding com.google.inject.extensions:guice-multibindings:jar:4.1.0 from the shaded jar.
[INFO] Excluding com.github.ben-manes.caffeine:caffeine:jar:2.3.5 from the shaded jar.
[INFO] Excluding com.squareup.okhttp3:okhttp:jar:3.5.0 from the shaded jar.
[INFO] Excluding com.squareup.okio:okio:jar:1.11.0 from the shaded jar.
[INFO] Excluding org.apache.servicemix.bundles:org.apache.servicemix.bundles.javax-inject:jar:1_2 from the shaded jar.
[INFO] Excluding org.apache.servicemix.bundles:org.apache.servicemix.bundles.aopalliance:jar:1.0_6 from the shaded jar.
[WARNING] owlapi-osgidistribution-6.0.0-SNAPSHOT.jar, owlapi-impl-6.0.0-SNAPSHOT.jar define 196 overlapping classes: 
[WARNING]   - org.semanticweb.owlapi.reasoner.impl.OWLNamedIndividualNodeSet
[WARNING]   - uk.ac.manchester.cs.owl.owlapi.SWRLIndividualArgumentImpl
[WARNING]   - uk.ac.manchester.cs.owl.owlapi.InitVisitorFactory$InitIndividualVisitor
[WARNING]   - uk.ac.manchester.cs.owl.owlapi.OWLDataAllValuesFromImpl
[WARNING]   - uk.ac.manchester.cs.owl.owlapi.concurrent.NonConcurrentOWLOntologyBuilder
[WARNING]   - uk.ac.manchester.cs.owl.owlapi.OWLImportsDeclarationImpl
[WARNING]   - uk.ac.manchester.cs.owl.owlapi.OWLSubPropertyAxiomImpl
[WARNING]   - uk.ac.manchester.cs.owl.owlapi.OWLSameIndividualAxiomImpl
[WARNING]   - uk.ac.manchester.cs.owl.owlapi.Internals$RemoveAxiomVisitor
[WARNING]   - uk.ac.manchester.cs.owl.owlapi.SWRLSameIndividualAtomImpl
[WARNING]   - 186 more...
[WARNING] owlapi-osgidistribution-6.0.0-SNAPSHOT.jar, owlapi-parsers-6.0.0-SNAPSHOT.jar define 358 overlapping classes: 
[WARNING]   - org.semanticweb.owlapi.owlxml.parser.SubAnnPropertyOfEH
[WARNING]   - org.semanticweb.owlapi.krss2.renderer.KRSSVocabulary
[WARNING]   - org.semanticweb.owlapi.owlxml.parser.DataOneOfEH
[WARNING]   - org.semanticweb.owlapi.rdf.rdfxml.renderer.package-info
[WARNING]   - org.semanticweb.owlapi.rdf.rdfxml.parser.Translators$ObjectMinCardinalityTranslator
[WARNING]   - org.semanticweb.owlapi.rdf.rdfxml.renderer.IllegalElementNameException
[WARNING]   - org.semanticweb.owlapi.rdf.turtle.parser.JavaCharStream
[WARNING]   - org.semanticweb.owlapi.rdf.rdfxml.parser.AnonMap
[WARNING]   - org.semanticweb.owlapi.latex.renderer.LatexOWLObjectRenderer
[WARNING]   - org.semanticweb.owlapi.owlxml.renderer.OWLXMLObjectRenderer
[WARNING]   - 348 more...
[WARNING] owlapi-api-6.0.0-SNAPSHOT.jar, owlapi-osgidistribution-6.0.0-SNAPSHOT.jar define 885 overlapping classes: 
[WARNING]   - org.semanticweb.owlapi.model.OWLPropertyAssertionObject
[WARNING]   - org.semanticweb.owlapi.model.OWLAnonymousClassExpression
[WARNING]   - org.semanticweb.owlapi.model.HasApplyChange
[WARNING]   - org.semanticweb.owlapi.util.InferredIndividualAxiomGenerator
[WARNING]   - org.semanticweb.owlapi.model.SWRLDArgument
[WARNING]   - org.semanticweb.owlapi.util.OWLOntologyWalkerVisitor
[WARNING]   - org.semanticweb.owlapi.model.providers.ExistentialProvider
[WARNING]   - org.semanticweb.owlapi.model.axiomproviders.PropertyCharacteristicAxiomProvider
[WARNING]   - org.semanticweb.owlapi.model.OWLObjectPropertyDomainAxiom
[WARNING]   - org.semanticweb.owlapi.io.SystemOutDocumentTarget
[WARNING]   - 875 more...
[WARNING] owlapi-osgidistribution-6.0.0-SNAPSHOT.jar, owlapi-oboformat-6.0.0-SNAPSHOT.jar define 74 overlapping classes: 
[WARNING]   - org.obolibrary.oboformat.parser.OBOFormatException
[WARNING]   - org.obolibrary.obo2owl.OWLAPIOwl2Obo
[WARNING]   - org.obolibrary.macro.MacroExpansionGCIVisitor$MacroExpansions
[WARNING]   - org.obolibrary.oboformat.diff.Diff
[WARNING]   - org.obolibrary.obo2owl.IdTranslator
[WARNING]   - org.obolibrary.oboformat.model.Clause
[WARNING]   - org.obolibrary.oboformat.parser.XrefExpander$ReverseGenusDifferentiaExpansion
[WARNING]   - org.obolibrary.owl.LabelFunctionalSyntaxStorer
[WARNING]   - org.obolibrary.oboformat.model.FrameStructureException
[WARNING]   - org.obolibrary.macro.MacroExpansionVisitor
[WARNING]   - 64 more...
[WARNING] owlapi-osgidistribution-6.0.0-SNAPSHOT.jar, owlapi-tools-6.0.0-SNAPSHOT.jar define 136 overlapping classes: 
[WARNING]   - com.clarkparsia.owlapi.explanation.util.SilentExplanationProgressMonitor
[WARNING]   - uk.ac.manchester.cs.atomicdecomposition.package-info
[WARNING]   - uk.ac.manchester.cs.factplusplusad.OntologyBasedModularizer
[WARNING]   - org.semanticweb.owlapi.metrics.HiddenGCICount
[WARNING]   - org.semanticweb.owlapitools.decomposition.Modularizer
[WARNING]   - com.clarkparsia.owlapi.modularity.locality.SemanticLocalityEvaluator
[WARNING]   - uk.ac.manchester.cs.factplusplusad.Signature
[WARNING]   - org.semanticweb.owlapi.metrics.DoubleValuedMetric
[WARNING]   - org.semanticweb.owlapitools.decomposition.SigIndex
[WARNING]   - com.clarkparsia.owlapi.explanation.io.ExplanationRenderer
[WARNING]   - 126 more...
[WARNING] owlapi-compatibility-6.0.0-SNAPSHOT.jar, owlapi-osgidistribution-6.0.0-SNAPSHOT.jar define 99 overlapping classes: 
[WARNING]   - org.coode.owlapi.obo12.parser.OBOIdType$1
[WARNING]   - uk.ac.manchester.cs.owlapi.dlsyntax.DLSyntaxHTMLOntologyFormat
[WARNING]   - org.coode.owl.krssparser.KRSSOntologyFormat
[WARNING]   - org.coode.owlapi.obo12.parser.XRefTagHandler
[WARNING]   - org.coode.owlapi.obo12.parser.IDSpaceTagValueHandler
[WARNING]   - org.coode.owlapi.obo12.parser.OBOIdTranslator
[WARNING]   - org.coode.owlapi.obo12.parser.OntologyTagValueHandler
[WARNING]   - org.coode.owlapi.obo12.parser.OBOIdType$OBOIIdTranslator
[WARNING]   - org.coode.owlapi.obo12.parser.OBO12DocumentFormat
[WARNING]   - org.coode.owlapi.obo12.parser.PartOfTagValueHandler
[WARNING]   - 89 more...
[WARNING] owlapi-rio-6.0.0-SNAPSHOT.jar, owlapi-osgidistribution-6.0.0-SNAPSHOT.jar define 68 overlapping classes: 
[WARNING]   - org.semanticweb.owlapi.formats.N3DocumentFormatFactory
[WARNING]   - org.semanticweb.owlapi.formats.RioTurtleDocumentFormatFactory
[WARNING]   - org.semanticweb.owlapi.rio.RioStorer
[WARNING]   - org.semanticweb.owlapi.rio.RioOWLRDFParser
[WARNING]   - org.semanticweb.owlapi.rio.OWLAPIRDFFormat
[WARNING]   - org.semanticweb.owlapi.formats.N3DocumentFormat
[WARNING]   - org.semanticweb.owlapi.rio.RioFunctionalSyntaxParserFactory
[WARNING]   - org.semanticweb.owlapi.rio.RioTrigStorerFactory
[WARNING]   - org.semanticweb.owlapi.rio.RioManchesterSyntaxParserFactory
[WARNING]   - org.semanticweb.owlapi.rio.AbstractRioStorerFactory
[WARNING]   - 58 more...
[WARNING] owlapi-osgidistribution-6.0.0-SNAPSHOT.jar, owlapi-apibinding-6.0.0-SNAPSHOT.jar define 6 overlapping classes: 
[WARNING]   - org.semanticweb.owlapi.apibinding.OWLManager
[WARNING]   - org.semanticweb.owlapi.apibinding.package-info
[WARNING]   - org.semanticweb.owlapi.apibinding.OWLFunctionalSyntaxFactory
[WARNING]   - uk.ac.manchester.cs.owl.owlapi.OWLAPIImplModule
[WARNING]   - org.semanticweb.owlapi.OWLAPIParsersModule
[WARNING]   - org.semanticweb.owlapi.OWLAPIServiceLoaderModule
[WARNING] maven-shade-plugin has detected that some class files are
[WARNING] present in two or more JARs. When this happens, only one
[WARNING] single version of the class is copied to the uber jar.
[WARNING] Usually this is not harmful and you can skip these warnings,
[WARNING] otherwise try to manually exclude artifacts based on
[WARNING] mvn dependency:tree -Ddetail=true and the above output.
[WARNING] See http://maven.apache.org/plugins/maven-shade-plugin/
[INFO] Replacing original artifact with shaded artifact.
[INFO] Replacing /home/travis/build/owlcs/owlapi/osgidistribution/target/owlapi-osgidistribution-6.0.0-SNAPSHOT.jar with /home/travis/build/owlcs/owlapi/osgidistribution/target/owlapi-osgidistribution-6.0.0-SNAPSHOT-shaded.jar
[INFO] Dependency-reduced POM written at: /home/travis/build/owlcs/owlapi/osgidistribution/dependency-reduced-pom.xml
[INFO] 
[INFO] --- maven-assembly-plugin:3.0.0:single (attach-sources) @ owlapi-osgidistribution ---
[INFO] Reading assembly descriptor: src/assembly/sources.xml
[INFO] Building jar: /home/travis/build/owlcs/owlapi/osgidistribution/target/owlapi-osgidistribution-6.0.0-SNAPSHOT-sources.jar
[INFO] 
[INFO] --- maven-failsafe-plugin:2.19.1:integration-test (default) @ owlapi-osgidistribution ---
[INFO] Tests are skipped.
[INFO] 
[INFO] --- maven-failsafe-plugin:2.19.1:verify (default) @ owlapi-osgidistribution ---
[INFO] Tests are skipped.
[INFO] 
[INFO] --- maven-install-plugin:2.5.2:install (default-install) @ owlapi-osgidistribution ---
[INFO] Installing /home/travis/build/owlcs/owlapi/osgidistribution/target/owlapi-osgidistribution-6.0.0-SNAPSHOT.jar to /home/travis/.m2/repository/net/sourceforge/owlapi/owlapi-osgidistribution/6.0.0-SNAPSHOT/owlapi-osgidistribution-6.0.0-SNAPSHOT.jar
[INFO] Installing /home/travis/build/owlcs/owlapi/osgidistribution/dependency-reduced-pom.xml to /home/travis/.m2/repository/net/sourceforge/owlapi/owlapi-osgidistribution/6.0.0-SNAPSHOT/owlapi-osgidistribution-6.0.0-SNAPSHOT.pom
[INFO] Installing /home/travis/build/owlcs/owlapi/osgidistribution/target/owlapi-osgidistribution-6.0.0-SNAPSHOT-sources.jar to /home/travis/.m2/repository/net/sourceforge/owlapi/owlapi-osgidistribution/6.0.0-SNAPSHOT/owlapi-osgidistribution-6.0.0-SNAPSHOT-sources.jar
[INFO] Installing /home/travis/build/owlcs/owlapi/osgidistribution/target/owlapi-osgidistribution-6.0.0-SNAPSHOT-sources.jar to /home/travis/.m2/repository/net/sourceforge/owlapi/owlapi-osgidistribution/6.0.0-SNAPSHOT/owlapi-osgidistribution-6.0.0-SNAPSHOT-sources.jar
[INFO] 
[INFO] --- maven-bundle-plugin:3.2.0:install (default-install) @ owlapi-osgidistribution ---
[INFO] Installing net/sourceforge/owlapi/owlapi-osgidistribution/6.0.0-SNAPSHOT/owlapi-osgidistribution-6.0.0-SNAPSHOT.jar
[INFO] Installing net/sourceforge/owlapi/owlapi-osgidistribution/6.0.0-SNAPSHOT/owlapi-osgidistribution-6.0.0-SNAPSHOT-sources.jar
[INFO] Writing OBR metadata
[INFO] ------------------------------------------------------------------------
[INFO] Reactor Summary:
[INFO] 
[INFO] OWLAPI ............................................. SUCCESS [  1.759 s]
[INFO] OWLAPI :: Interfaces ............................... SUCCESS [ 12.300 s]
[INFO] OWLAPI :: Default Implementation ................... SUCCESS [  5.008 s]
[INFO] OWLAPI :: Atomic Decomposition and Explanation ..... SUCCESS [  1.466 s]
[INFO] OWLAPI :: Parsers .................................. SUCCESS [  3.026 s]
[INFO] OWLAPI :: OBO Format ............................... SUCCESS [  0.832 s]
[INFO] OWLAPI :: RDF4J Rio ................................ SUCCESS [  0.427 s]
[INFO] OWLAPI :: Binding and Config ....................... SUCCESS [  0.216 s]
[INFO] OWLAPI :: Compatibility ............................ SUCCESS [  0.471 s]
[INFO] OWLAPI :: Tests and Tutorials ...................... SUCCESS [  4.268 s]
[INFO] OWLAPI :: Distribution ............................. SUCCESS [  7.804 s]
[INFO] OWLAPI :: OSGi and Compatibility Distribution ...... SUCCESS [  8.438 s]
[INFO] ------------------------------------------------------------------------
[INFO] BUILD SUCCESS
[INFO] ------------------------------------------------------------------------
[INFO] Total time: 47.776 s
[INFO] Finished at: 2017-03-25T20:38:52+00:00
[INFO] Final Memory: 57M/451M
[INFO] ------------------------------------------------------------------------

travis_time:end:11b7d3ea:start=1490474283205862713,finish=1490474333219149924,duration=50013287211[0Ktravis_fold:end:install[0Ktravis_time:start:0d803df3[0K$ mvn verify
Java HotSpot(TM) 64-Bit Server VM warning: ignoring option MaxPermSize=192m; support was removed in 8.0
[INFO] Scanning for projects...
[INFO] Inspecting build with total of 12 modules...
[INFO] Installing Nexus Staging features:
[INFO]   ... total of 12 executions of maven-deploy-plugin replaced with nexus-staging-maven-plugin
[INFO] ------------------------------------------------------------------------
[INFO] Reactor Build Order:
[INFO] 
[INFO] OWLAPI
[INFO] OWLAPI :: Interfaces
[INFO] OWLAPI :: Default Implementation
[INFO] OWLAPI :: Atomic Decomposition and Explanation
[INFO] OWLAPI :: Parsers
[INFO] OWLAPI :: OBO Format
[INFO] OWLAPI :: RDF4J Rio
[INFO] OWLAPI :: Binding and Config
[INFO] OWLAPI :: Compatibility
[INFO] OWLAPI :: Tests and Tutorials
[INFO] OWLAPI :: Distribution
[INFO] OWLAPI :: OSGi and Compatibility Distribution
[INFO]                                                                         
[INFO] ------------------------------------------------------------------------
[INFO] Building OWLAPI 6.0.0-SNAPSHOT
[INFO] ------------------------------------------------------------------------
[INFO] 
[INFO] --- maven-enforcer-plugin:1.0:enforce (enforce-maven) @ owlapi-parent ---
[INFO] 
[INFO] >>> maven-source-plugin:3.0.1:jar (attach-sources) > generate-sources @ owlapi-parent >>>
[INFO] 
[INFO] --- maven-enforcer-plugin:1.0:enforce (enforce-maven) @ owlapi-parent ---
[INFO] 
[INFO] <<< maven-source-plugin:3.0.1:jar (attach-sources) < generate-sources @ owlapi-parent <<<
[INFO] 
[INFO] --- maven-source-plugin:3.0.1:jar (attach-sources) @ owlapi-parent ---
[INFO] 
[INFO] --- maven-javadoc-plugin:2.10.4:jar (attach-javadocs) @ owlapi-parent ---
[INFO] Skipping javadoc generation
[INFO] 
[INFO] --- maven-failsafe-plugin:2.19.1:integration-test (default) @ owlapi-parent ---
[INFO] No tests to run.
[INFO] 
[INFO] --- maven-failsafe-plugin:2.19.1:verify (default) @ owlapi-parent ---
[INFO]                                                                         
[INFO] ------------------------------------------------------------------------
[INFO] Building OWLAPI :: Interfaces 6.0.0-SNAPSHOT
[INFO] ------------------------------------------------------------------------
[INFO] 
[INFO] --- maven-enforcer-plugin:1.0:enforce (enforce-maven) @ owlapi-api ---
[INFO] 
[INFO] --- maven-resources-plugin:2.6:resources (default-resources) @ owlapi-api ---
[INFO] Using 'UTF-8' encoding to copy filtered resources.
[INFO] skip non existing resourceDirectory /home/travis/build/owlcs/owlapi/api/src/main/resources
[INFO] 
[INFO] --- maven-compiler-plugin:3.6.0:compile (default-compile) @ owlapi-api ---
[INFO] Changes detected - recompiling the module!
[INFO] Compiling 815 source files to /home/travis/build/owlcs/owlapi/api/target/classes
[INFO] /home/travis/build/owlcs/owlapi/api/src/main/java/org/semanticweb/owlapi/model/OWLAnnotationAssertionAxiom.java: Some input files use unchecked or unsafe operations.
[INFO] /home/travis/build/owlcs/owlapi/api/src/main/java/org/semanticweb/owlapi/model/OWLAnnotationAssertionAxiom.java: Recompile with -Xlint:unchecked for details.
[INFO] 
[INFO] --- maven-resources-plugin:2.6:testResources (default-testResources) @ owlapi-api ---
[INFO] Using 'UTF-8' encoding to copy filtered resources.
[INFO] Copying 1 resource
[INFO] 
[INFO] --- maven-compiler-plugin:3.6.0:testCompile (default-testCompile) @ owlapi-api ---
[INFO] Nothing to compile - all classes are up to date
[INFO] 
[INFO] --- maven-surefire-plugin:2.19.1:test (default-test) @ owlapi-api ---

-------------------------------------------------------
 T E S T S
-------------------------------------------------------
Tests run: 889, Failures: 0, Errors: 0, Skipped: 3

[INFO] 
[INFO] --- maven-jar-plugin:2.4:jar (default-jar) @ owlapi-api ---
[INFO] Building jar: /home/travis/build/owlcs/owlapi/api/target/owlapi-api-6.0.0-SNAPSHOT.jar
[INFO] 
[INFO] >>> maven-source-plugin:3.0.1:jar (attach-sources) > generate-sources @ owlapi-api >>>
[INFO] 
[INFO] --- maven-enforcer-plugin:1.0:enforce (enforce-maven) @ owlapi-api ---
[INFO] 
[INFO] <<< maven-source-plugin:3.0.1:jar (attach-sources) < generate-sources @ owlapi-api <<<
[INFO] 
[INFO] --- maven-source-plugin:3.0.1:jar (attach-sources) @ owlapi-api ---
[INFO] Building jar: /home/travis/build/owlcs/owlapi/api/target/owlapi-api-6.0.0-SNAPSHOT-sources.jar
[INFO] 
[INFO] --- maven-javadoc-plugin:2.10.4:jar (attach-javadocs) @ owlapi-api ---
[INFO] Skipping javadoc generation
[INFO] 
[INFO] --- maven-failsafe-plugin:2.19.1:integration-test (default) @ owlapi-api ---
[INFO] 
[INFO] --- maven-failsafe-plugin:2.19.1:verify (default) @ owlapi-api ---
[INFO]                                                                         
[INFO] ------------------------------------------------------------------------
[INFO] Building OWLAPI :: Default Implementation 6.0.0-SNAPSHOT
[INFO] ------------------------------------------------------------------------
[INFO] 
[INFO] --- maven-enforcer-plugin:1.0:enforce (enforce-maven) @ owlapi-impl ---
[INFO] 
[INFO] --- maven-resources-plugin:2.6:resources (default-resources) @ owlapi-impl ---
[INFO] Using 'UTF-8' encoding to copy filtered resources.
[INFO] skip non existing resourceDirectory /home/travis/build/owlcs/owlapi/impl/src/main/resources
[INFO] 
[INFO] --- maven-compiler-plugin:3.6.0:compile (default-compile) @ owlapi-impl ---
[INFO] Nothing to compile - all classes are up to date
[INFO] 
[INFO] --- maven-resources-plugin:2.6:testResources (default-testResources) @ owlapi-impl ---
[INFO] Using 'UTF-8' encoding to copy filtered resources.
[INFO] skip non existing resourceDirectory /home/travis/build/owlcs/owlapi/impl/src/test/resources
[INFO] 
[INFO] --- maven-compiler-plugin:3.6.0:testCompile (default-testCompile) @ owlapi-impl ---
[INFO] Nothing to compile - all classes are up to date
[INFO] 
[INFO] --- maven-surefire-plugin:2.19.1:test (default-test) @ owlapi-impl ---

-------------------------------------------------------
 T E S T S
-------------------------------------------------------
[main] WARN uk.ac.manchester.cs.owl.owlapi.OWLOntologyManagerImpl - Runtime Warning: Parsers should load imported ontologies using the makeImportLoadRequest method.
[main] WARN uk.ac.manchester.cs.owl.owlapi.OWLOntologyManagerImpl - Runtime Warning: Parsers should load imported ontologies using the makeImportLoadRequest method.
Tests run: 548, Failures: 0, Errors: 0, Skipped: 0

[INFO] 
[INFO] --- maven-jar-plugin:2.4:jar (default-jar) @ owlapi-impl ---
[INFO] 
[INFO] >>> maven-source-plugin:3.0.1:jar (attach-sources) > generate-sources @ owlapi-impl >>>
[INFO] 
[INFO] --- maven-enforcer-plugin:1.0:enforce (enforce-maven) @ owlapi-impl ---
[INFO] 
[INFO] <<< maven-source-plugin:3.0.1:jar (attach-sources) < generate-sources @ owlapi-impl <<<
[INFO] 
[INFO] --- maven-source-plugin:3.0.1:jar (attach-sources) @ owlapi-impl ---
[INFO] Building jar: /home/travis/build/owlcs/owlapi/impl/target/owlapi-impl-6.0.0-SNAPSHOT-sources.jar
[INFO] 
[INFO] --- maven-javadoc-plugin:2.10.4:jar (attach-javadocs) @ owlapi-impl ---
[INFO] Skipping javadoc generation
[INFO] 
[INFO] --- maven-failsafe-plugin:2.19.1:integration-test (default) @ owlapi-impl ---
[INFO] 
[INFO] --- maven-failsafe-plugin:2.19.1:verify (default) @ owlapi-impl ---
[INFO]                                                                         
[INFO] ------------------------------------------------------------------------
[INFO] Building OWLAPI :: Atomic Decomposition and Explanation 6.0.0-SNAPSHOT
[INFO] ------------------------------------------------------------------------
[INFO] 
[INFO] --- maven-enforcer-plugin:1.0:enforce (enforce-maven) @ owlapi-tools ---
[INFO] 
[INFO] --- maven-resources-plugin:2.6:resources (default-resources) @ owlapi-tools ---
[INFO] Using 'UTF-8' encoding to copy filtered resources.
[INFO] skip non existing resourceDirectory /home/travis/build/owlcs/owlapi/tools/src/main/resources
[INFO] 
[INFO] --- maven-compiler-plugin:3.6.0:compile (default-compile) @ owlapi-tools ---
[INFO] Nothing to compile - all classes are up to date
[INFO] 
[INFO] --- maven-resources-plugin:2.6:testResources (default-testResources) @ owlapi-tools ---
[INFO] Using 'UTF-8' encoding to copy filtered resources.
[INFO] skip non existing resourceDirectory /home/travis/build/owlcs/owlapi/tools/src/test/resources
[INFO] 
[INFO] --- maven-compiler-plugin:3.6.0:testCompile (default-testCompile) @ owlapi-tools ---
[INFO] No sources to compile
[INFO] 
[INFO] --- maven-surefire-plugin:2.19.1:test (default-test) @ owlapi-tools ---
[INFO] No tests to run.
[INFO] 
[INFO] --- maven-jar-plugin:2.4:jar (default-jar) @ owlapi-tools ---
[INFO] 
[INFO] >>> maven-source-plugin:3.0.1:jar (attach-sources) > generate-sources @ owlapi-tools >>>
[INFO] 
[INFO] --- maven-enforcer-plugin:1.0:enforce (enforce-maven) @ owlapi-tools ---
[INFO] 
[INFO] <<< maven-source-plugin:3.0.1:jar (attach-sources) < generate-sources @ owlapi-tools <<<
[INFO] 
[INFO] --- maven-source-plugin:3.0.1:jar (attach-sources) @ owlapi-tools ---
[INFO] Building jar: /home/travis/build/owlcs/owlapi/tools/target/owlapi-tools-6.0.0-SNAPSHOT-sources.jar
[INFO] 
[INFO] --- maven-javadoc-plugin:2.10.4:jar (attach-javadocs) @ owlapi-tools ---
[INFO] Skipping javadoc generation
[INFO] 
[INFO] --- maven-failsafe-plugin:2.19.1:integration-test (default) @ owlapi-tools ---
[INFO] No tests to run.
[INFO] 
[INFO] --- maven-failsafe-plugin:2.19.1:verify (default) @ owlapi-tools ---
[INFO]                                                                         
[INFO] ------------------------------------------------------------------------
[INFO] Building OWLAPI :: Parsers 6.0.0-SNAPSHOT
[INFO] ------------------------------------------------------------------------
[INFO] 
[INFO] --- maven-enforcer-plugin:1.0:enforce (enforce-maven) @ owlapi-parsers ---
[INFO] 
[INFO] --- maven-resources-plugin:2.6:resources (default-resources) @ owlapi-parsers ---
[INFO] Using 'UTF-8' encoding to copy filtered resources.
[INFO] Copying 2 resources
[INFO] 
[INFO] --- maven-compiler-plugin:3.6.0:compile (default-compile) @ owlapi-parsers ---
[INFO] Changes detected - recompiling the module!
[INFO] Compiling 198 source files to /home/travis/build/owlcs/owlapi/parsers/target/classes
[INFO] /home/travis/build/owlcs/owlapi/parsers/src/main/java/org/semanticweb/owlapi/manchestersyntax/parser/ManchesterOWLSyntaxParserImpl.java: /home/travis/build/owlcs/owlapi/parsers/src/main/java/org/semanticweb/owlapi/manchestersyntax/parser/ManchesterOWLSyntaxParserImpl.java uses or overrides a deprecated API.
[INFO] /home/travis/build/owlcs/owlapi/parsers/src/main/java/org/semanticweb/owlapi/manchestersyntax/parser/ManchesterOWLSyntaxParserImpl.java: Recompile with -Xlint:deprecation for details.
[INFO] /home/travis/build/owlcs/owlapi/parsers/src/main/java/org/semanticweb/owlapi/rdf/model/AbstractTranslator.java: Some input files use unchecked or unsafe operations.
[INFO] /home/travis/build/owlcs/owlapi/parsers/src/main/java/org/semanticweb/owlapi/rdf/model/AbstractTranslator.java: Recompile with -Xlint:unchecked for details.
[INFO] 
[INFO] --- maven-resources-plugin:2.6:testResources (default-testResources) @ owlapi-parsers ---
[INFO] Using 'UTF-8' encoding to copy filtered resources.
[INFO] skip non existing resourceDirectory /home/travis/build/owlcs/owlapi/parsers/src/test/resources
[INFO] 
[INFO] --- maven-compiler-plugin:3.6.0:testCompile (default-testCompile) @ owlapi-parsers ---
[INFO] No sources to compile
[INFO] 
[INFO] --- maven-surefire-plugin:2.19.1:test (default-test) @ owlapi-parsers ---
[INFO] No tests to run.
[INFO] 
[INFO] --- maven-jar-plugin:2.4:jar (default-jar) @ owlapi-parsers ---
[INFO] Building jar: /home/travis/build/owlcs/owlapi/parsers/target/owlapi-parsers-6.0.0-SNAPSHOT.jar
[INFO] 
[INFO] >>> maven-source-plugin:3.0.1:jar (attach-sources) > generate-sources @ owlapi-parsers >>>
[INFO] 
[INFO] --- maven-enforcer-plugin:1.0:enforce (enforce-maven) @ owlapi-parsers ---
[INFO] 
[INFO] <<< maven-source-plugin:3.0.1:jar (attach-sources) < generate-sources @ owlapi-parsers <<<
[INFO] 
[INFO] --- maven-source-plugin:3.0.1:jar (attach-sources) @ owlapi-parsers ---
[INFO] Building jar: /home/travis/build/owlcs/owlapi/parsers/target/owlapi-parsers-6.0.0-SNAPSHOT-sources.jar
[INFO] 
[INFO] --- maven-javadoc-plugin:2.10.4:jar (attach-javadocs) @ owlapi-parsers ---
[INFO] Skipping javadoc generation
[INFO] 
[INFO] --- maven-failsafe-plugin:2.19.1:integration-test (default) @ owlapi-parsers ---
[INFO] No tests to run.
[INFO] 
[INFO] --- maven-failsafe-plugin:2.19.1:verify (default) @ owlapi-parsers ---
[INFO]                                                                         
[INFO] ------------------------------------------------------------------------
[INFO] Building OWLAPI :: OBO Format 6.0.0-SNAPSHOT
[INFO] ------------------------------------------------------------------------
[INFO] 
[INFO] --- maven-enforcer-plugin:1.0:enforce (enforce-maven) @ owlapi-oboformat ---
[INFO] 
[INFO] --- maven-resources-plugin:2.6:resources (default-resources) @ owlapi-oboformat ---
[INFO] Using 'UTF-8' encoding to copy filtered resources.
[INFO] Copying 2 resources
[INFO] 
[INFO] --- maven-compiler-plugin:3.6.0:compile (default-compile) @ owlapi-oboformat ---
[INFO] Nothing to compile - all classes are up to date
[INFO] 
[INFO] --- maven-resources-plugin:2.6:testResources (default-testResources) @ owlapi-oboformat ---
[INFO] Using 'UTF-8' encoding to copy filtered resources.
[INFO] skip non existing resourceDirectory /home/travis/build/owlcs/owlapi/oboformat/src/test/resources
[INFO] 
[INFO] --- maven-compiler-plugin:3.6.0:testCompile (default-testCompile) @ owlapi-oboformat ---
[INFO] Nothing to compile - all classes are up to date
[INFO] 
[INFO] --- maven-surefire-plugin:2.19.1:test (default-test) @ owlapi-oboformat ---

-------------------------------------------------------
 T E S T S
-------------------------------------------------------
Tests run: 1, Failures: 0, Errors: 0, Skipped: 0

[INFO] 
[INFO] --- maven-jar-plugin:2.4:jar (default-jar) @ owlapi-oboformat ---
[INFO] 
[INFO] >>> maven-source-plugin:3.0.1:jar (attach-sources) > generate-sources @ owlapi-oboformat >>>
[INFO] 
[INFO] --- maven-enforcer-plugin:1.0:enforce (enforce-maven) @ owlapi-oboformat ---
[INFO] 
[INFO] <<< maven-source-plugin:3.0.1:jar (attach-sources) < generate-sources @ owlapi-oboformat <<<
[INFO] 
[INFO] --- maven-source-plugin:3.0.1:jar (attach-sources) @ owlapi-oboformat ---
[INFO] Building jar: /home/travis/build/owlcs/owlapi/oboformat/target/owlapi-oboformat-6.0.0-SNAPSHOT-sources.jar
[INFO] 
[INFO] --- maven-javadoc-plugin:2.10.4:jar (attach-javadocs) @ owlapi-oboformat ---
[INFO] Skipping javadoc generation
[INFO] 
[INFO] --- maven-failsafe-plugin:2.19.1:integration-test (default) @ owlapi-oboformat ---
[INFO] 
[INFO] --- maven-failsafe-plugin:2.19.1:verify (default) @ owlapi-oboformat ---
[INFO]                                                                         
[INFO] ------------------------------------------------------------------------
[INFO] Building OWLAPI :: RDF4J Rio 6.0.0-SNAPSHOT
[INFO] ------------------------------------------------------------------------
[INFO] 
[INFO] --- maven-enforcer-plugin:1.0:enforce (enforce-maven) @ owlapi-rio ---
[INFO] 
[INFO] --- maven-resources-plugin:2.6:resources (default-resources) @ owlapi-rio ---
[INFO] Using 'UTF-8' encoding to copy filtered resources.
[INFO] Copying 5 resources
[INFO] 
[INFO] --- maven-compiler-plugin:3.6.0:compile (default-compile) @ owlapi-rio ---
[INFO] Nothing to compile - all classes are up to date
[INFO] 
[INFO] --- maven-resources-plugin:2.6:testResources (default-testResources) @ owlapi-rio ---
[INFO] Using 'UTF-8' encoding to copy filtered resources.
[INFO] skip non existing resourceDirectory /home/travis/build/owlcs/owlapi/rio/src/test/resources
[INFO] 
[INFO] --- maven-compiler-plugin:3.6.0:testCompile (default-testCompile) @ owlapi-rio ---
[INFO] No sources to compile
[INFO] 
[INFO] --- maven-surefire-plugin:2.19.1:test (default-test) @ owlapi-rio ---
[INFO] No tests to run.
[INFO] 
[INFO] --- maven-jar-plugin:2.4:jar (default-jar) @ owlapi-rio ---
[INFO] 
[INFO] >>> maven-source-plugin:3.0.1:jar (attach-sources) > generate-sources @ owlapi-rio >>>
[INFO] 
[INFO] --- maven-enforcer-plugin:1.0:enforce (enforce-maven) @ owlapi-rio ---
[INFO] 
[INFO] <<< maven-source-plugin:3.0.1:jar (attach-sources) < generate-sources @ owlapi-rio <<<
[INFO] 
[INFO] --- maven-source-plugin:3.0.1:jar (attach-sources) @ owlapi-rio ---
[INFO] Building jar: /home/travis/build/owlcs/owlapi/rio/target/owlapi-rio-6.0.0-SNAPSHOT-sources.jar
[INFO] 
[INFO] --- maven-javadoc-plugin:2.10.4:jar (attach-javadocs) @ owlapi-rio ---
[INFO] Skipping javadoc generation
[INFO] 
[INFO] --- maven-failsafe-plugin:2.19.1:integration-test (default) @ owlapi-rio ---
[INFO] No tests to run.
[INFO] 
[INFO] --- maven-failsafe-plugin:2.19.1:verify (default) @ owlapi-rio ---
[INFO]                                                                         
[INFO] ------------------------------------------------------------------------
[INFO] Building OWLAPI :: Binding and Config 6.0.0-SNAPSHOT
[INFO] ------------------------------------------------------------------------
[INFO] 
[INFO] --- maven-enforcer-plugin:1.0:enforce (enforce-maven) @ owlapi-apibinding ---
[INFO] 
[INFO] --- maven-resources-plugin:2.6:resources (default-resources) @ owlapi-apibinding ---
[INFO] Using 'UTF-8' encoding to copy filtered resources.
[INFO] Copying 1 resource
[INFO] 
[INFO] --- maven-compiler-plugin:3.6.0:compile (default-compile) @ owlapi-apibinding ---
[INFO] Nothing to compile - all classes are up to date
[INFO] 
[INFO] --- maven-resources-plugin:2.6:testResources (default-testResources) @ owlapi-apibinding ---
[INFO] Using 'UTF-8' encoding to copy filtered resources.
[INFO] skip non existing resourceDirectory /home/travis/build/owlcs/owlapi/apibinding/src/test/resources
[INFO] 
[INFO] --- maven-compiler-plugin:3.6.0:testCompile (default-testCompile) @ owlapi-apibinding ---
[INFO] No sources to compile
[INFO] 
[INFO] --- maven-surefire-plugin:2.19.1:test (default-test) @ owlapi-apibinding ---
[INFO] No tests to run.
[INFO] 
[INFO] --- maven-jar-plugin:2.4:jar (default-jar) @ owlapi-apibinding ---
[INFO] 
[INFO] >>> maven-source-plugin:3.0.1:jar (attach-sources) > generate-sources @ owlapi-apibinding >>>
[INFO] 
[INFO] --- maven-enforcer-plugin:1.0:enforce (enforce-maven) @ owlapi-apibinding ---
[INFO] 
[INFO] <<< maven-source-plugin:3.0.1:jar (attach-sources) < generate-sources @ owlapi-apibinding <<<
[INFO] 
[INFO] --- maven-source-plugin:3.0.1:jar (attach-sources) @ owlapi-apibinding ---
[INFO] Building jar: /home/travis/build/owlcs/owlapi/apibinding/target/owlapi-apibinding-6.0.0-SNAPSHOT-sources.jar
[INFO] 
[INFO] --- maven-javadoc-plugin:2.10.4:jar (attach-javadocs) @ owlapi-apibinding ---
[INFO] Skipping javadoc generation
[INFO] 
[INFO] --- maven-failsafe-plugin:2.19.1:integration-test (default) @ owlapi-apibinding ---
[INFO] No tests to run.
[INFO] 
[INFO] --- maven-failsafe-plugin:2.19.1:verify (default) @ owlapi-apibinding ---
[INFO]                                                                         
[INFO] ------------------------------------------------------------------------
[INFO] Building OWLAPI :: Compatibility 6.0.0-SNAPSHOT
[INFO] ------------------------------------------------------------------------
[INFO] 
[INFO] --- maven-enforcer-plugin:1.0:enforce (enforce-maven) @ owlapi-compatibility ---
[INFO] 
[INFO] --- maven-resources-plugin:2.6:resources (default-resources) @ owlapi-compatibility ---
[INFO] Using 'UTF-8' encoding to copy filtered resources.
[INFO] Copying 1 resource
[INFO] 
[INFO] --- maven-compiler-plugin:3.6.0:compile (default-compile) @ owlapi-compatibility ---
[INFO] Nothing to compile - all classes are up to date
[INFO] 
[INFO] --- maven-resources-plugin:2.6:testResources (default-testResources) @ owlapi-compatibility ---
[INFO] Using 'UTF-8' encoding to copy filtered resources.
[INFO] skip non existing resourceDirectory /home/travis/build/owlcs/owlapi/compatibility/src/test/resources
[INFO] 
[INFO] --- maven-compiler-plugin:3.6.0:testCompile (default-testCompile) @ owlapi-compatibility ---
[INFO] No sources to compile
[INFO] 
[INFO] --- maven-surefire-plugin:2.19.1:test (default-test) @ owlapi-compatibility ---
[INFO] No tests to run.
[INFO] 
[INFO] --- maven-jar-plugin:2.4:jar (default-jar) @ owlapi-compatibility ---
[INFO] 
[INFO] >>> maven-source-plugin:3.0.1:jar (attach-sources) > generate-sources @ owlapi-compatibility >>>
[INFO] 
[INFO] --- maven-enforcer-plugin:1.0:enforce (enforce-maven) @ owlapi-compatibility ---
[INFO] 
[INFO] <<< maven-source-plugin:3.0.1:jar (attach-sources) < generate-sources @ owlapi-compatibility <<<
[INFO] 
[INFO] --- maven-source-plugin:3.0.1:jar (attach-sources) @ owlapi-compatibility ---
[INFO] Building jar: /home/travis/build/owlcs/owlapi/compatibility/target/owlapi-compatibility-6.0.0-SNAPSHOT-sources.jar
[INFO] 
[INFO] --- maven-javadoc-plugin:2.10.4:jar (attach-javadocs) @ owlapi-compatibility ---
[INFO] Skipping javadoc generation
[INFO] 
[INFO] --- maven-failsafe-plugin:2.19.1:integration-test (default) @ owlapi-compatibility ---
[INFO] No tests to run.
[INFO] 
[INFO] --- maven-failsafe-plugin:2.19.1:verify (default) @ owlapi-compatibility ---
[INFO]                                                                         
[INFO] ------------------------------------------------------------------------
[INFO] Building OWLAPI :: Tests and Tutorials 6.0.0-SNAPSHOT
[INFO] ------------------------------------------------------------------------
[INFO] 
[INFO] --- maven-enforcer-plugin:1.0:enforce (enforce-maven) @ owlapi-contract ---
[INFO] 
[INFO] --- maven-resources-plugin:2.6:resources (default-resources) @ owlapi-contract ---
[INFO] Using 'UTF-8' encoding to copy filtered resources.
[INFO] skip non existing resourceDirectory /home/travis/build/owlcs/owlapi/contract/src/main/resources
[INFO] 
[INFO] --- maven-compiler-plugin:3.6.0:compile (default-compile) @ owlapi-contract ---
[INFO] Changes detected - recompiling the module!
[INFO] Compiling 8 source files to /home/travis/build/owlcs/owlapi/contract/target/classes
[INFO] 
[INFO] --- maven-resources-plugin:2.6:testResources (default-testResources) @ owlapi-contract ---
[INFO] Using 'UTF-8' encoding to copy filtered resources.
[INFO] Copying 172 resources
[INFO] 
[INFO] --- maven-compiler-plugin:3.6.0:testCompile (default-testCompile) @ owlapi-contract ---
[INFO] Nothing to compile - all classes are up to date
[INFO] 
[INFO] --- maven-surefire-plugin:2.19.1:test (default-test) @ owlapi-contract ---

-------------------------------------------------------
 T E S T S
-------------------------------------------------------
roundtrip fail: Manchester OWL Syntax AnnotationAssertion(Annotation(<urn:test#ann> "test"^^xsd:string) <urn:test#ann> <urn:test#iri> "false"^^xsd:boolean)
Prefix: owl: <http://www.w3.org/2002/07/owl#>
Prefix: rdf: <http://www.w3.org/1999/02/22-rdf-syntax-ns#>
Prefix: rdfs: <http://www.w3.org/2000/01/rdf-schema#>
Prefix: xml: <http://www.w3.org/XML/1998/namespace>
Prefix: xsd: <http://www.w3.org/2001/XMLSchema#>



Ontology: 

AnnotationProperty: <urn:test#ann>

    
Datatype: xsd:boolean

    
Datatype: xsd:string

    

Declaration(AnnotationProperty(<urn:test#ann>))
Declaration(Datatype(xsd:boolean))
Declaration(Datatype(xsd:string))
end of roundtrip failure
parse fail: DL Syntax Format AsymmetricObjectProperty(<urn:test#op>)
op ⊑ ¬ op⁻
roundtrip fail: DL Syntax Format ClassAssertion(<urn:test#c> <urn:test#i>)
c(i)
ClassAssertion(<http://www.semanticweb.org/ontologies/Ontology13661032521035#c> <http://www.semanticweb.org/ontologies/Ontology13661032521035#i>)
end of roundtrip failure
parse fail: DL Syntax Format ClassAssertion(ObjectIntersectionOf(<urn:test#c> <urn:test#iri>) <urn:test#i>)
(c ⊓ iri)(i)
parse fail: DL Syntax Format ClassAssertion(ObjectUnionOf(<urn:test#c> <urn:test#iri>) <urn:test#i>)
(c ⊔ iri)(i)
roundtrip fail: DL Syntax Format DataPropertyRange(<urn:test#dp> DataIntersectionOf(<urn:test#datatype> DataOneOf("false"^^xsd:boolean ) ))
⊤ ⊑ ∀ dp.datatype ⊓ {false}
end of roundtrip failure
roundtrip fail: DL Syntax Format DataPropertyRange(<urn:test#dp> DataUnionOf(<urn:test#datatype> DataOneOf("false"^^xsd:boolean ) ))
⊤ ⊑ ∀ dp.datatype ⊔ {false}
end of roundtrip failure
parse fail: DL Syntax Format ClassAssertion(ObjectComplementOf(<urn:test#c>) <urn:test#i>)
(¬c)(i)
parse fail: DL Syntax Format ClassAssertion(ObjectComplementOf(<urn:test#c>) _:id)
(¬c)()
parse fail: DL Syntax Format ClassAssertion(ObjectSomeValuesFrom(<urn:test#op> <urn:test#c>) <urn:test#i>)
(∃ op.c)(i)
parse fail: DL Syntax Format ClassAssertion(ObjectAllValuesFrom(<urn:test#op> <urn:test#c>) <urn:test#i>)
(∀ op.c)(i)
parse fail: DL Syntax Format ClassAssertion(ObjectHasValue(<urn:test#op> <urn:test#i>) <urn:test#i>)
(∃ op.{i})(i)
parse fail: DL Syntax Format ClassAssertion(ObjectMinCardinality(1 <urn:test#op> <urn:test#c>) <urn:test#i>)
(≥ 1 op.c)(i)
parse fail: DL Syntax Format ClassAssertion(ObjectMaxCardinality(1 <urn:test#op> <urn:test#c>) <urn:test#i>)
(≤ 1 op.c)(i)
parse fail: DL Syntax Format ClassAssertion(ObjectExactCardinality(1 <urn:test#op> <urn:test#c>) <urn:test#i>)
(= 1 op.c)(i)
parse fail: DL Syntax Format ClassAssertion(ObjectHasSelf(<urn:test#op>) <urn:test#i>)
(∃ op.self)(i)
parse fail: DL Syntax Format ClassAssertion(ObjectOneOf(<urn:test#i>) <urn:test#i>)
({i})(i)
parse fail: DL Syntax Format ClassAssertion(DataSomeValuesFrom(<urn:test#dp> <urn:test#datatype>) <urn:test#i>)
(∃ dp.datatype)(i)
parse fail: DL Syntax Format ClassAssertion(DataAllValuesFrom(<urn:test#dp> <urn:test#datatype>) <urn:test#i>)
(∀ dp.datatype)(i)
parse fail: DL Syntax Format ClassAssertion(DataHasValue(<urn:test#dp> "false"^^xsd:boolean) <urn:test#i>)
(∃ dp.{false})(i)
parse fail: DL Syntax Format ClassAssertion(DataMinCardinality(1 <urn:test#dp> <urn:test#datatype>) <urn:test#i>)
(≥ 1 dp.datatype)(i)
parse fail: DL Syntax Format ClassAssertion(DataMaxCardinality(1 <urn:test#dp> <urn:test#datatype>) <urn:test#i>)
(≤ 1 dp.datatype)(i)
parse fail: DL Syntax Format ClassAssertion(DataExactCardinality(1 <urn:test#dp> <urn:test#datatype>) <urn:test#i>)
(= 1 dp.datatype)(i)
roundtrip fail: DL Syntax Format DataPropertyRange(<urn:test#dp> DataOneOf("false"^^xsd:boolean ))
⊤ ⊑ ∀ dp.{false}
ObjectPropertyRange(<http://www.semanticweb.org/ontologies/Ontology13661032521644#dp> ObjectOneOf(<http://www.semanticweb.org/ontologies/Ontology13661032521644#false>))
end of roundtrip failure
parse fail: DL Syntax Format DataPropertyRange(<urn:test#dp> DataComplementOf(DataOneOf("false"^^xsd:boolean )))
⊤ ⊑ ∀ dp.¬{false}
parse fail: DL Syntax Format DataPropertyRange(<urn:test#dp> DataRangeRestriction(xsd:double facetRestriction(minExclusive "5.0"^^xsd:double) facetRestriction(maxExclusive "6.0"^^xsd:double)))
⊤ ⊑ ∀ dp.
parse fail: DL Syntax Format DataPropertyAssertion(<urn:test#dp> <urn:test#i> "false"^^xsd:boolean)
dp(i, false)
parse fail: DL Syntax Format DataPropertyAssertion(<urn:test#dp> <urn:test#i> "string"@en)
dp(i, string)
roundtrip fail: DL Syntax Format DataPropertyDomain(<urn:test#dp> <urn:test#c>)
∃ dp.⊤ ⊑ c
ObjectPropertyDomain(<http://www.semanticweb.org/ontologies/Ontology13661032521789#dp> <http://www.semanticweb.org/ontologies/Ontology13661032521789#c>)
end of roundtrip failure
roundtrip fail: DL Syntax Format DataPropertyRange(<urn:test#dp> <urn:test#datatype>)
⊤ ⊑ ∀ dp.datatype
ObjectPropertyRange(<http://www.semanticweb.org/ontologies/Ontology13661032521818#dp> <http://www.semanticweb.org/ontologies/Ontology13661032521818#datatype>)
end of roundtrip failure
parse fail: DL Syntax Format DatatypeDefinition(<urn:test#datatype> xsd:double)

roundtrip fail: DL Syntax Format DifferentIndividuals(<urn:test#i> <urn:test#iri> )
i ≠ iri
DifferentIndividuals(<http://www.semanticweb.org/ontologies/Ontology13661032521989#i> <http://www.semanticweb.org/ontologies/Ontology13661032521989#iri> )
end of roundtrip failure
roundtrip fail: DL Syntax Format DisjointClasses(<urn:test#c> <urn:test#iri>)
c ⊑ ¬ iri
SubClassOf(<http://www.semanticweb.org/ontologies/Ontology13661032522018#c> ObjectComplementOf(<http://www.semanticweb.org/ontologies/Ontology13661032522018#iri>))
end of roundtrip failure
roundtrip fail: DL Syntax Format DisjointDataProperties(<urn:test#dp> <urn:test#iri> )
dp ⊑ ¬ iri
SubClassOf(<http://www.semanticweb.org/ontologies/Ontology13661032522047#dp> ObjectComplementOf(<http://www.semanticweb.org/ontologies/Ontology13661032522047#iri>))
end of roundtrip failure
roundtrip fail: DL Syntax Format DisjointObjectProperties(<urn:test#iri> <urn:test#op> )
iri ⊑ ¬ op
SubClassOf(<http://www.semanticweb.org/ontologies/Ontology13661032522076#iri> ObjectComplementOf(<http://www.semanticweb.org/ontologies/Ontology13661032522076#op>))
end of roundtrip failure
parse fail: DL Syntax Format DisjointUnion(<urn:test#c> <urn:test#c> <urn:test#iri> )
c=c ⊔ iri
roundtrip fail: DL Syntax Format EquivalentClasses(<urn:test#c> <urn:test#iri> )
c ≡ iri
EquivalentClasses(<http://www.semanticweb.org/ontologies/Ontology13661032522134#c> <http://www.semanticweb.org/ontologies/Ontology13661032522134#iri> )
end of roundtrip failure
roundtrip fail: DL Syntax Format EquivalentDataProperties(<urn:test#dp> <urn:test#iri> )
dp ≡ iri
EquivalentClasses(<http://www.semanticweb.org/ontologies/Ontology13661032522163#dp> <http://www.semanticweb.org/ontologies/Ontology13661032522163#iri> )
end of roundtrip failure
roundtrip fail: DL Syntax Format EquivalentObjectProperties(<urn:test#iri> <urn:test#op> )
iri ≡ op
EquivalentClasses(<http://www.semanticweb.org/ontologies/Ontology13661032522192#iri> <http://www.semanticweb.org/ontologies/Ontology13661032522192#op> )
end of roundtrip failure
roundtrip fail: DL Syntax Format FunctionalDataProperty(<urn:test#dp>)
⊤ ⊑ ≤ 1 dp
FunctionalObjectProperty(<http://www.semanticweb.org/ontologies/Ontology13661032522221#dp>)
end of roundtrip failure
roundtrip fail: DL Syntax Format FunctionalObjectProperty(<urn:test#op>)
⊤ ⊑ ≤ 1 op
FunctionalObjectProperty(<http://www.semanticweb.org/ontologies/Ontology13661032522250#op>)
end of roundtrip failure
roundtrip fail: DL Syntax Format InverseFunctionalObjectProperty(<urn:test#op>)
⊤ ⊑ ≤ 1 op⁻
FunctionalObjectProperty(InverseOf(<http://www.semanticweb.org/ontologies/Ontology13661032522279#op>))
end of roundtrip failure
parse fail: DL Syntax Format InverseObjectProperties(<urn:test#op> <urn:test#op>)
op ≡ op⁻
parse fail: DL Syntax Format IrreflexiveObjectProperty(<urn:test#op>)
⊤ ⊑ ¬∃ op.self
parse fail: DL Syntax Format NegativeDataPropertyAssertion(<urn:test#dp> <urn:test#i> "false"^^xsd:boolean)
¬¬dp(i, false)
parse fail: DL Syntax Format NegativeObjectPropertyAssertion(<urn:test#op> <urn:test#i> <urn:test#i>)
¬¬op(i, i)
parse fail: DL Syntax Format ObjectPropertyAssertion(<urn:test#op> <urn:test#i> <urn:test#i>)
op(i, i)
roundtrip fail: DL Syntax Format ObjectPropertyAssertion(InverseOf(<urn:test#op>) <urn:test#i> <urn:test#i>)
op⁻(i, i)
ObjectPropertyAssertion(InverseOf(<http://www.semanticweb.org/ontologies/Ontology13661032522453#op>) <http://www.semanticweb.org/ontologies/Ontology13661032522453#i> <http://www.semanticweb.org/ontologies/Ontology13661032522453#i>)
end of roundtrip failure
roundtrip fail: DL Syntax Format ObjectPropertyAssertion(InverseOf(<urn:test#op>) <urn:test#i> <urn:test#j>)
op⁻(i, j)
ObjectPropertyAssertion(InverseOf(<http://www.semanticweb.org/ontologies/Ontology13661032522482#op>) <http://www.semanticweb.org/ontologies/Ontology13661032522482#i> <http://www.semanticweb.org/ontologies/Ontology13661032522482#j>)
end of roundtrip failure
roundtrip fail: DL Syntax Format ObjectPropertyDomain(<urn:test#op> <urn:test#c>)
∃ op.⊤ ⊑ c
ObjectPropertyDomain(<http://www.semanticweb.org/ontologies/Ontology13661032522511#op> <http://www.semanticweb.org/ontologies/Ontology13661032522511#c>)
end of roundtrip failure
roundtrip fail: DL Syntax Format ObjectPropertyRange(<urn:test#op> <urn:test#c>)
⊤ ⊑ ∀ op.c
ObjectPropertyRange(<http://www.semanticweb.org/ontologies/Ontology13661032522540#op> <http://www.semanticweb.org/ontologies/Ontology13661032522540#c>)
end of roundtrip failure
parse fail: DL Syntax Format SubObjectPropertyOf(ObjectPropertyChain( <urn:test#iri> <urn:test#op> ) <urn:test#op>)
iri ∘ op ⊑ op
roundtrip fail: DL Syntax Format ReflexiveObjectProperty(<urn:test#op>)
⊤ ⊑ ∃ op.self
end of roundtrip failure
roundtrip fail: DL Syntax Format SameIndividual(<urn:test#i> <urn:test#iri> )
i = iri
SameIndividual(<http://www.semanticweb.org/ontologies/Ontology13661032522627#i> <http://www.semanticweb.org/ontologies/Ontology13661032522627#iri> )
end of roundtrip failure
roundtrip fail: DL Syntax Format SubClassOf(<urn:test#c> owl:Thing)
c ⊑ ⊤
SubClassOf(<http://www.semanticweb.org/ontologies/Ontology13661032522675#c> owl:Thing)
end of roundtrip failure
roundtrip fail: DL Syntax Format SubDataPropertyOf(<urn:test#dp> owl:topDataProperty)
dp ⊑ topDataProperty
SubClassOf(<http://www.semanticweb.org/ontologies/Ontology13661032522704#dp> <http://www.semanticweb.org/ontologies/Ontology13661032522704#topDataProperty>)
end of roundtrip failure
roundtrip fail: DL Syntax Format SubObjectPropertyOf(<urn:test#op> owl:topObjectProperty)
op ⊑ topObjectProperty
SubClassOf(<http://www.semanticweb.org/ontologies/Ontology13661032522733#op> <http://www.semanticweb.org/ontologies/Ontology13661032522733#topObjectProperty>)
end of roundtrip failure
parse fail: DL Syntax Format DLSafeRule( Body(BuiltInAtom(<urn:swrl#v1> Variable(<urn:swrl#var3>) Variable(<urn:swrl#var4>) )) Head(BuiltInAtom(<urn:swrl#v2> Variable(<urn:swrl#var5>) Variable(<urn:swrl#var6>) )) )

parse fail: DL Syntax Format SymmetricObjectProperty(<urn:test#op>)
op ≡ op⁻
parse fail: DL Syntax Format TransitiveObjectProperty(<urn:test#op>)
op ∈ R⁺
parse fail: DL Syntax Format HasKey(<urn:test#c> (<urn:test#iri> <urn:test#op> ) (<urn:test#dp> ))

parse fail: DL Syntax Format DLSafeRule( Body(BuiltInAtom(<urn:swrl#v1> Variable(<urn:swrl#var3>) Variable(<urn:swrl#var4>) ) ClassAtom(<urn:test#c> Variable(<urn:swrl#var2>)) DataRangeAtom(<urn:test#datatype> Variable(<urn:swrl#var1>)) BuiltInAtom(<urn:test#iri> Variable(<urn:swrl#var1>) ) DifferentFromAtom(Variable(<urn:swrl#var2>) <urn:test#i>) SameAsAtom(Variable(<urn:swrl#var2>) <urn:test#iri>)) Head(BuiltInAtom(<urn:swrl#v2> Variable(<urn:swrl#var5>) Variable(<urn:swrl#var6>) ) DataPropertyAtom(<urn:test#dp> Variable(<urn:swrl#var2>) "false"^^xsd:boolean) ObjectPropertyAtom(<urn:test#op> Variable(<urn:swrl#var2>) Variable(<urn:swrl#var2>))) )
v2(?var5 , ?var6) ⋀ dp(?var2, false) ⋀ op(?var2, ?var2) ← v1(?var3 , ?var4) ⋀ c(?var2) ⋀ datatype(?var1) ⋀ iri(?var1) ⋀ differentFrom(?var2, i) ⋀ sameAs(?var2, iri)
elapsed time (ms): 3043
Successful threads: 25	 expected: 25

Tests run: 5128, Failures: 0, Errors: 0, Skipped: 40

[INFO] 
[INFO] --- maven-jar-plugin:2.4:jar (default-jar) @ owlapi-contract ---
[INFO] Building jar: /home/travis/build/owlcs/owlapi/contract/target/owlapi-contract-6.0.0-SNAPSHOT.jar
[INFO] 
[INFO] >>> maven-source-plugin:3.0.1:jar (attach-sources) > generate-sources @ owlapi-contract >>>
[INFO] 
[INFO] --- maven-enforcer-plugin:1.0:enforce (enforce-maven) @ owlapi-contract ---
[INFO] 
[INFO] <<< maven-source-plugin:3.0.1:jar (attach-sources) < generate-sources @ owlapi-contract <<<
[INFO] 
[INFO] --- maven-source-plugin:3.0.1:jar (attach-sources) @ owlapi-contract ---
[INFO] Building jar: /home/travis/build/owlcs/owlapi/contract/target/owlapi-contract-6.0.0-SNAPSHOT-sources.jar
[INFO] 
[INFO] --- maven-javadoc-plugin:2.10.4:jar (attach-javadocs) @ owlapi-contract ---
[INFO] Skipping javadoc generation
[INFO] 
[INFO] --- maven-failsafe-plugin:2.19.1:integration-test (default) @ owlapi-contract ---
[INFO] 
[INFO] --- maven-failsafe-plugin:2.19.1:verify (default) @ owlapi-contract ---
[INFO]                                                                         
[INFO] ------------------------------------------------------------------------
[INFO] Building OWLAPI :: Distribution 6.0.0-SNAPSHOT
[INFO] ------------------------------------------------------------------------
[INFO] 
[INFO] --- maven-enforcer-plugin:1.0:enforce (enforce-maven) @ owlapi-distribution ---
[INFO] 
[INFO] --- maven-resources-plugin:3.0.1:resources (default-resources) @ owlapi-distribution ---
[INFO] Using 'UTF-8' encoding to copy filtered resources.
[INFO] skip non existing resourceDirectory /home/travis/build/owlcs/owlapi/distribution/src/main/resources
[INFO] 
[INFO] --- maven-compiler-plugin:3.6.0:compile (default-compile) @ owlapi-distribution ---
[INFO] No sources to compile
[INFO] 
[INFO] --- maven-resources-plugin:3.0.1:testResources (default-testResources) @ owlapi-distribution ---
[INFO] Using 'UTF-8' encoding to copy filtered resources.
[INFO] skip non existing resourceDirectory /home/travis/build/owlcs/owlapi/distribution/src/test/resources
[INFO] 
[INFO] --- maven-compiler-plugin:3.6.0:testCompile (default-testCompile) @ owlapi-distribution ---
[INFO] No sources to compile
[INFO] 
[INFO] --- maven-surefire-plugin:2.19.1:test (default-test) @ owlapi-distribution ---
[INFO] No tests to run.
[INFO] 
[INFO] --- maven-bundle-plugin:3.2.0:bundle (default-bundle) @ owlapi-distribution ---
[WARNING] Bundle net.sourceforge.owlapi:owlapi-distribution:bundle:6.0.0-SNAPSHOT : Unused Import-Package instructions: [org.apache.commons.logging.*] 
[INFO] 
[INFO] >>> maven-source-plugin:3.0.1:jar (attach-sources) > generate-sources @ owlapi-distribution >>>
[INFO] 
[INFO] --- maven-enforcer-plugin:1.0:enforce (enforce-maven) @ owlapi-distribution ---
[INFO] 
[INFO] <<< maven-source-plugin:3.0.1:jar (attach-sources) < generate-sources @ owlapi-distribution <<<
[INFO] 
[INFO] --- maven-source-plugin:3.0.1:jar (attach-sources) @ owlapi-distribution ---
[INFO] No sources in project. Archive not created.
[INFO] 
[INFO] --- maven-shade-plugin:2.4.3:shade (default) @ owlapi-distribution ---
[INFO] Including net.sourceforge.owlapi:owlapi-apibinding:jar:6.0.0-SNAPSHOT in the shaded jar.
[INFO] Including net.sourceforge.owlapi:owlapi-tools:jar:6.0.0-SNAPSHOT in the shaded jar.
[INFO] Including net.sourceforge.owlapi:owlapi-impl:jar:6.0.0-SNAPSHOT in the shaded jar.
[INFO] Including net.sourceforge.owlapi:owlapi-parsers:jar:6.0.0-SNAPSHOT in the shaded jar.
[INFO] Including net.sourceforge.owlapi:owlapi-oboformat:jar:6.0.0-SNAPSHOT in the shaded jar.
[INFO] Including net.sourceforge.owlapi:owlapi-rio:jar:6.0.0-SNAPSHOT in the shaded jar.
[INFO] Including net.sourceforge.owlapi:owlapi-api:jar:6.0.0-SNAPSHOT in the shaded jar.
[INFO] Excluding net.sourceforge.owlapi:owlapi-compatibility:jar:6.0.0-SNAPSHOT from the shaded jar.
[INFO] Excluding com.fasterxml.jackson.core:jackson-core:jar:2.8.5 from the shaded jar.
[INFO] Excluding com.fasterxml.jackson.core:jackson-databind:jar:2.8.5 from the shaded jar.
[INFO] Excluding com.fasterxml.jackson.core:jackson-annotations:jar:2.8.5 from the shaded jar.
[INFO] Excluding org.apache.commons:commons-rdf-api:jar:0.3.0-incubating from the shaded jar.
[INFO] Excluding org.tukaani:xz:jar:1.6 from the shaded jar.
[INFO] Excluding org.slf4j:slf4j-api:jar:1.7.22 from the shaded jar.
[INFO] Excluding org.slf4j:jcl-over-slf4j:jar:1.7.22 from the shaded jar.
[INFO] Excluding org.eclipse.rdf4j:rdf4j-model:jar:2.1.4 from the shaded jar.
[INFO] Excluding org.eclipse.rdf4j:rdf4j-rio-api:jar:2.1.4 from the shaded jar.
[INFO] Excluding org.eclipse.rdf4j:rdf4j-rio-languages:jar:2.1.4 from the shaded jar.
[INFO] Excluding org.eclipse.rdf4j:rdf4j-rio-datatypes:jar:2.1.4 from the shaded jar.
[INFO] Excluding org.eclipse.rdf4j:rdf4j-rio-binary:jar:2.1.4 from the shaded jar.
[INFO] Excluding org.eclipse.rdf4j:rdf4j-rio-n3:jar:2.1.4 from the shaded jar.
[INFO] Excluding org.eclipse.rdf4j:rdf4j-rio-nquads:jar:2.1.4 from the shaded jar.
[INFO] Excluding org.eclipse.rdf4j:rdf4j-rio-ntriples:jar:2.1.4 from the shaded jar.
[INFO] Excluding org.eclipse.rdf4j:rdf4j-rio-rdfjson:jar:2.1.4 from the shaded jar.
[INFO] Excluding org.eclipse.rdf4j:rdf4j-rio-jsonld:jar:2.1.4 from the shaded jar.
[INFO] Excluding org.eclipse.rdf4j:rdf4j-rio-rdfxml:jar:2.1.4 from the shaded jar.
[INFO] Excluding org.eclipse.rdf4j:rdf4j-rio-trix:jar:2.1.4 from the shaded jar.
[INFO] Excluding org.eclipse.rdf4j:rdf4j-rio-turtle:jar:2.1.4 from the shaded jar.
[INFO] Excluding org.eclipse.rdf4j:rdf4j-rio-trig:jar:2.1.4 from the shaded jar.
[INFO] Excluding org.eclipse.rdf4j:rdf4j-util:jar:2.1.4 from the shaded jar.
[INFO] Excluding com.github.jsonld-java:jsonld-java:jar:0.9.0 from the shaded jar.
[INFO] Excluding org.apache.httpcomponents:httpclient-osgi:jar:4.5.2 from the shaded jar.
[INFO] Excluding org.apache.httpcomponents:httpclient:jar:4.5.2 from the shaded jar.
[INFO] Excluding commons-codec:commons-codec:jar:1.9 from the shaded jar.
[INFO] Excluding org.apache.httpcomponents:httpmime:jar:4.5.2 from the shaded jar.
[INFO] Excluding org.apache.httpcomponents:httpclient-cache:jar:4.5.2 from the shaded jar.
[INFO] Excluding org.apache.httpcomponents:fluent-hc:jar:4.5.2 from the shaded jar.
[INFO] Excluding org.apache.httpcomponents:httpcore-osgi:jar:4.4.5 from the shaded jar.
[INFO] Excluding org.apache.httpcomponents:httpcore:jar:4.4.5 from the shaded jar.
[INFO] Excluding org.apache.httpcomponents:httpcore-nio:jar:4.4.5 from the shaded jar.
[INFO] Excluding net.sf.trove4j:trove4j:jar:3.0.3 from the shaded jar.
[INFO] Excluding com.github.ben-manes.caffeine:caffeine:jar:2.3.5 from the shaded jar.
[INFO] Excluding com.google.guava:guava:jar:20.0 from the shaded jar.
[INFO] Excluding com.google.inject:guice:jar:4.1.0 from the shaded jar.
[INFO] Excluding javax.inject:javax.inject:jar:1 from the shaded jar.
[INFO] Excluding aopalliance:aopalliance:jar:1.0 from the shaded jar.
[INFO] Excluding com.google.inject.extensions:guice-multibindings:jar:4.1.0 from the shaded jar.
[INFO] Excluding com.google.code.findbugs:jsr305:jar:3.0.1 from the shaded jar.
[INFO] Excluding commons-io:commons-io:jar:2.5 from the shaded jar.
[INFO] Excluding com.squareup.okhttp3:okhttp:jar:3.5.0 from the shaded jar.
[INFO] Excluding com.squareup.okio:okio:jar:1.11.0 from the shaded jar.
[WARNING] owlapi-distribution-6.0.0-SNAPSHOT.jar, owlapi-oboformat-6.0.0-SNAPSHOT.jar define 74 overlapping classes: 
[WARNING]   - org.obolibrary.oboformat.parser.OBOFormatException
[WARNING]   - org.obolibrary.obo2owl.OWLAPIOwl2Obo
[WARNING]   - org.obolibrary.macro.MacroExpansionGCIVisitor$MacroExpansions
[WARNING]   - org.obolibrary.oboformat.diff.Diff
[WARNING]   - org.obolibrary.obo2owl.IdTranslator
[WARNING]   - org.obolibrary.oboformat.model.Clause
[WARNING]   - org.obolibrary.oboformat.parser.XrefExpander$ReverseGenusDifferentiaExpansion
[WARNING]   - org.obolibrary.owl.LabelFunctionalSyntaxStorer
[WARNING]   - org.obolibrary.oboformat.model.FrameStructureException
[WARNING]   - org.obolibrary.macro.MacroExpansionVisitor
[WARNING]   - 64 more...
[WARNING] owlapi-distribution-6.0.0-SNAPSHOT.jar, owlapi-tools-6.0.0-SNAPSHOT.jar define 136 overlapping classes: 
[WARNING]   - com.clarkparsia.owlapi.explanation.util.SilentExplanationProgressMonitor
[WARNING]   - uk.ac.manchester.cs.atomicdecomposition.package-info
[WARNING]   - uk.ac.manchester.cs.factplusplusad.OntologyBasedModularizer
[WARNING]   - org.semanticweb.owlapi.metrics.HiddenGCICount
[WARNING]   - org.semanticweb.owlapitools.decomposition.Modularizer
[WARNING]   - com.clarkparsia.owlapi.modularity.locality.SemanticLocalityEvaluator
[WARNING]   - uk.ac.manchester.cs.factplusplusad.Signature
[WARNING]   - org.semanticweb.owlapi.metrics.DoubleValuedMetric
[WARNING]   - org.semanticweb.owlapitools.decomposition.SigIndex
[WARNING]   - com.clarkparsia.owlapi.explanation.io.ExplanationRenderer
[WARNING]   - 126 more...
[WARNING] owlapi-distribution-6.0.0-SNAPSHOT.jar, owlapi-rio-6.0.0-SNAPSHOT.jar define 68 overlapping classes: 
[WARNING]   - org.semanticweb.owlapi.formats.N3DocumentFormatFactory
[WARNING]   - org.semanticweb.owlapi.formats.RioTurtleDocumentFormatFactory
[WARNING]   - org.semanticweb.owlapi.rio.RioStorer
[WARNING]   - org.semanticweb.owlapi.rio.RioOWLRDFParser
[WARNING]   - org.semanticweb.owlapi.rio.OWLAPIRDFFormat
[WARNING]   - org.semanticweb.owlapi.formats.N3DocumentFormat
[WARNING]   - org.semanticweb.owlapi.rio.RioFunctionalSyntaxParserFactory
[WARNING]   - org.semanticweb.owlapi.rio.RioTrigStorerFactory
[WARNING]   - org.semanticweb.owlapi.rio.RioManchesterSyntaxParserFactory
[WARNING]   - org.semanticweb.owlapi.rio.AbstractRioStorerFactory
[WARNING]   - 58 more...
[WARNING] owlapi-distribution-6.0.0-SNAPSHOT.jar, owlapi-apibinding-6.0.0-SNAPSHOT.jar define 6 overlapping classes: 
[WARNING]   - org.semanticweb.owlapi.apibinding.OWLManager
[WARNING]   - org.semanticweb.owlapi.apibinding.package-info
[WARNING]   - org.semanticweb.owlapi.apibinding.OWLFunctionalSyntaxFactory
[WARNING]   - uk.ac.manchester.cs.owl.owlapi.OWLAPIImplModule
[WARNING]   - org.semanticweb.owlapi.OWLAPIParsersModule
[WARNING]   - org.semanticweb.owlapi.OWLAPIServiceLoaderModule
[WARNING] owlapi-distribution-6.0.0-SNAPSHOT.jar, owlapi-api-6.0.0-SNAPSHOT.jar define 885 overlapping classes: 
[WARNING]   - org.semanticweb.owlapi.model.OWLPropertyAssertionObject
[WARNING]   - org.semanticweb.owlapi.model.OWLAnonymousClassExpression
[WARNING]   - org.semanticweb.owlapi.model.HasApplyChange
[WARNING]   - org.semanticweb.owlapi.util.InferredIndividualAxiomGenerator
[WARNING]   - org.semanticweb.owlapi.model.SWRLDArgument
[WARNING]   - org.semanticweb.owlapi.util.OWLOntologyWalkerVisitor
[WARNING]   - org.semanticweb.owlapi.model.providers.ExistentialProvider
[WARNING]   - org.semanticweb.owlapi.model.axiomproviders.PropertyCharacteristicAxiomProvider
[WARNING]   - org.semanticweb.owlapi.model.OWLObjectPropertyDomainAxiom
[WARNING]   - org.semanticweb.owlapi.io.SystemOutDocumentTarget
[WARNING]   - 875 more...
[WARNING] owlapi-distribution-6.0.0-SNAPSHOT.jar, owlapi-parsers-6.0.0-SNAPSHOT.jar define 358 overlapping classes: 
[WARNING]   - org.semanticweb.owlapi.owlxml.parser.SubAnnPropertyOfEH
[WARNING]   - org.semanticweb.owlapi.krss2.renderer.KRSSVocabulary
[WARNING]   - org.semanticweb.owlapi.owlxml.parser.DataOneOfEH
[WARNING]   - org.semanticweb.owlapi.rdf.rdfxml.renderer.package-info
[WARNING]   - org.semanticweb.owlapi.rdf.rdfxml.parser.Translators$ObjectMinCardinalityTranslator
[WARNING]   - org.semanticweb.owlapi.rdf.rdfxml.renderer.IllegalElementNameException
[WARNING]   - org.semanticweb.owlapi.rdf.turtle.parser.JavaCharStream
[WARNING]   - org.semanticweb.owlapi.rdf.rdfxml.parser.AnonMap
[WARNING]   - org.semanticweb.owlapi.latex.renderer.LatexOWLObjectRenderer
[WARNING]   - org.semanticweb.owlapi.owlxml.renderer.OWLXMLObjectRenderer
[WARNING]   - 348 more...
[WARNING] owlapi-distribution-6.0.0-SNAPSHOT.jar, owlapi-impl-6.0.0-SNAPSHOT.jar define 196 overlapping classes: 
[WARNING]   - org.semanticweb.owlapi.reasoner.impl.OWLNamedIndividualNodeSet
[WARNING]   - uk.ac.manchester.cs.owl.owlapi.SWRLIndividualArgumentImpl
[WARNING]   - uk.ac.manchester.cs.owl.owlapi.InitVisitorFactory$InitIndividualVisitor
[WARNING]   - uk.ac.manchester.cs.owl.owlapi.OWLDataAllValuesFromImpl
[WARNING]   - uk.ac.manchester.cs.owl.owlapi.concurrent.NonConcurrentOWLOntologyBuilder
[WARNING]   - uk.ac.manchester.cs.owl.owlapi.OWLImportsDeclarationImpl
[WARNING]   - uk.ac.manchester.cs.owl.owlapi.OWLSubPropertyAxiomImpl
[WARNING]   - uk.ac.manchester.cs.owl.owlapi.OWLSameIndividualAxiomImpl
[WARNING]   - uk.ac.manchester.cs.owl.owlapi.Internals$RemoveAxiomVisitor
[WARNING]   - uk.ac.manchester.cs.owl.owlapi.SWRLSameIndividualAtomImpl
[WARNING]   - 186 more...
[WARNING] maven-shade-plugin has detected that some class files are
[WARNING] present in two or more JARs. When this happens, only one
[WARNING] single version of the class is copied to the uber jar.
[WARNING] Usually this is not harmful and you can skip these warnings,
[WARNING] otherwise try to manually exclude artifacts based on
[WARNING] mvn dependency:tree -Ddetail=true and the above output.
[WARNING] See http://maven.apache.org/plugins/maven-shade-plugin/
[INFO] Replacing original artifact with shaded artifact.
[INFO] Replacing /home/travis/build/owlcs/owlapi/distribution/target/owlapi-distribution-6.0.0-SNAPSHOT.jar with /home/travis/build/owlcs/owlapi/distribution/target/owlapi-distribution-6.0.0-SNAPSHOT-shaded.jar
[INFO] Dependency-reduced POM written at: /home/travis/build/owlcs/owlapi/distribution/dependency-reduced-pom.xml
[INFO] 
[INFO] --- maven-javadoc-plugin:2.10.4:jar (attach-javadocs) @ owlapi-distribution ---
[INFO] Skipping javadoc generation
[INFO] 
[INFO] --- maven-javadoc-plugin:2.10.4:jar (attach-javadoc) @ owlapi-distribution ---
[INFO] Skipping javadoc generation
[INFO] 
[INFO] --- maven-assembly-plugin:3.0.0:single (attach-sources) @ owlapi-distribution ---
[INFO] Reading assembly descriptor: src/assembly/sources.xml
[INFO] Building jar: /home/travis/build/owlcs/owlapi/distribution/target/owlapi-distribution-6.0.0-SNAPSHOT-sources.jar
[INFO] 
[INFO] --- maven-failsafe-plugin:2.19.1:integration-test (default) @ owlapi-distribution ---
[INFO] No tests to run.
[INFO] 
[INFO] --- maven-failsafe-plugin:2.19.1:verify (default) @ owlapi-distribution ---
[INFO]                                                                         
[INFO] ------------------------------------------------------------------------
[INFO] Building OWLAPI :: OSGi and Compatibility Distribution 6.0.0-SNAPSHOT
[INFO] ------------------------------------------------------------------------
[INFO] 
[INFO] --- maven-enforcer-plugin:1.0:enforce (enforce-maven) @ owlapi-osgidistribution ---
[INFO] 
[INFO] --- maven-resources-plugin:3.0.1:resources (default-resources) @ owlapi-osgidistribution ---
[INFO] Using 'UTF-8' encoding to copy filtered resources.
[INFO] skip non existing resourceDirectory /home/travis/build/owlcs/owlapi/osgidistribution/src/main/resources
[INFO] 
[INFO] --- maven-compiler-plugin:3.6.0:compile (default-compile) @ owlapi-osgidistribution ---
[INFO] Nothing to compile - all classes are up to date
[INFO] 
[INFO] --- maven-resources-plugin:3.0.1:testResources (default-testResources) @ owlapi-osgidistribution ---
[INFO] Using 'UTF-8' encoding to copy filtered resources.
[INFO] Copying 2 resources
[INFO] 
[INFO] --- maven-compiler-plugin:3.6.0:testCompile (default-testCompile) @ owlapi-osgidistribution ---
[INFO] Nothing to compile - all classes are up to date
[INFO] 
[INFO] --- maven-surefire-plugin:2.19.1:test (default-test) @ owlapi-osgidistribution ---

-------------------------------------------------------
 T E S T S
-------------------------------------------------------
Tests run: 3, Failures: 0, Errors: 0, Skipped: 0

[INFO] 
[INFO] --- maven-bundle-plugin:3.2.0:bundle (default-bundle) @ owlapi-osgidistribution ---
[WARNING] Bundle net.sourceforge.owlapi:owlapi-osgidistribution:bundle:6.0.0-SNAPSHOT : Export com.clarkparsia.owlapi.explanation,  has 1,  private references [javax.annotation], 
[WARNING] Bundle net.sourceforge.owlapi:owlapi-osgidistribution:bundle:6.0.0-SNAPSHOT : Export com.clarkparsia.owlapi.explanation.io,  has 1,  private references [javax.annotation], 
[WARNING] Bundle net.sourceforge.owlapi:owlapi-osgidistribution:bundle:6.0.0-SNAPSHOT : Export org.semanticweb.owlapi,  has 1,  private references [javax.annotation], 
[WARNING] Bundle net.sourceforge.owlapi:owlapi-osgidistribution:bundle:6.0.0-SNAPSHOT : Export org.semanticweb.owlapi.apibinding,  has 1,  private references [javax.annotation], 
[WARNING] Bundle net.sourceforge.owlapi:owlapi-osgidistribution:bundle:6.0.0-SNAPSHOT : Export org.semanticweb.owlapi.change,  has 1,  private references [javax.annotation], 
[WARNING] Bundle net.sourceforge.owlapi:owlapi-osgidistribution:bundle:6.0.0-SNAPSHOT : Export org.semanticweb.owlapi.debugging,  has 1,  private references [javax.annotation], 
[WARNING] Bundle net.sourceforge.owlapi:owlapi-osgidistribution:bundle:6.0.0-SNAPSHOT : Export org.semanticweb.owlapi.dlsyntax.renderer,  has 1,  private references [javax.annotation], 
[WARNING] Bundle net.sourceforge.owlapi:owlapi-osgidistribution:bundle:6.0.0-SNAPSHOT : Export org.semanticweb.owlapi.expression,  has 1,  private references [javax.annotation], 
[WARNING] Bundle net.sourceforge.owlapi:owlapi-osgidistribution:bundle:6.0.0-SNAPSHOT : Export org.semanticweb.owlapi.formats,  has 2,  private references [javax.annotation, org.eclipse.rdf4j.rio], 
[WARNING] Bundle net.sourceforge.owlapi:owlapi-osgidistribution:bundle:6.0.0-SNAPSHOT : Export org.semanticweb.owlapi.functional.renderer,  has 1,  private references [javax.annotation], 
[WARNING] Bundle net.sourceforge.owlapi:owlapi-osgidistribution:bundle:6.0.0-SNAPSHOT : Export org.semanticweb.owlapi.io,  has 3,  private references [org.tukaani.xz, javax.annotation, org.apache.commons.rdf.api], 
[WARNING] Bundle net.sourceforge.owlapi:owlapi-osgidistribution:bundle:6.0.0-SNAPSHOT : Export org.semanticweb.owlapi.krss2.renderer,  has 1,  private references [javax.annotation], 
[WARNING] Bundle net.sourceforge.owlapi:owlapi-osgidistribution:bundle:6.0.0-SNAPSHOT : Export org.semanticweb.owlapi.manchestersyntax.parser,  has 1,  private references [javax.annotation], 
[WARNING] Bundle net.sourceforge.owlapi:owlapi-osgidistribution:bundle:6.0.0-SNAPSHOT : Export org.semanticweb.owlapi.manchestersyntax.renderer,  has 1,  private references [javax.annotation], 
[WARNING] Bundle net.sourceforge.owlapi:owlapi-osgidistribution:bundle:6.0.0-SNAPSHOT : Export org.semanticweb.owlapi.model,  has 2,  private references [javax.annotation, org.apache.commons.rdf.api], 
[WARNING] Bundle net.sourceforge.owlapi:owlapi-osgidistribution:bundle:6.0.0-SNAPSHOT : Export org.semanticweb.owlapi.model.parameters,  has 1,  private references [javax.annotation], 
[WARNING] Bundle net.sourceforge.owlapi:owlapi-osgidistribution:bundle:6.0.0-SNAPSHOT : Export org.semanticweb.owlapi.model.providers,  has 1,  private references [javax.annotation], 
[WARNING] Bundle net.sourceforge.owlapi:owlapi-osgidistribution:bundle:6.0.0-SNAPSHOT : Export org.semanticweb.owlapi.profiles,  has 1,  private references [javax.annotation], 
[WARNING] Bundle net.sourceforge.owlapi:owlapi-osgidistribution:bundle:6.0.0-SNAPSHOT : Export org.semanticweb.owlapi.profiles.violations,  has 1,  private references [javax.annotation], 
[WARNING] Bundle net.sourceforge.owlapi:owlapi-osgidistribution:bundle:6.0.0-SNAPSHOT : Export org.semanticweb.owlapi.rdf,  has 1,  private references [javax.annotation], 
[WARNING] Bundle net.sourceforge.owlapi:owlapi-osgidistribution:bundle:6.0.0-SNAPSHOT : Export org.semanticweb.owlapi.rdf.model,  has 1,  private references [javax.annotation], 
[WARNING] Bundle net.sourceforge.owlapi:owlapi-osgidistribution:bundle:6.0.0-SNAPSHOT : Export org.semanticweb.owlapi.rdf.rdfxml.parser,  has 1,  private references [javax.annotation], 
[WARNING] Bundle net.sourceforge.owlapi:owlapi-osgidistribution:bundle:6.0.0-SNAPSHOT : Export org.semanticweb.owlapi.rdf.rdfxml.renderer,  has 1,  private references [javax.annotation], 
[WARNING] Bundle net.sourceforge.owlapi:owlapi-osgidistribution:bundle:6.0.0-SNAPSHOT : Export org.semanticweb.owlapi.reasoner,  has 1,  private references [javax.annotation], 
[WARNING] Bundle net.sourceforge.owlapi:owlapi-osgidistribution:bundle:6.0.0-SNAPSHOT : Export org.semanticweb.owlapi.reasoner.impl,  has 1,  private references [javax.annotation], 
[WARNING] Bundle net.sourceforge.owlapi:owlapi-osgidistribution:bundle:6.0.0-SNAPSHOT : Export org.semanticweb.owlapi.rio,  has 6,  private references [javax.annotation, org.eclipse.rdf4j.rio, org.eclipse.rdf4j.rio.helpers, org.eclipse.rdf4j.common.iteration, org.eclipse.rdf4j, org.eclipse.rdf4j.model], 
[WARNING] Bundle net.sourceforge.owlapi:owlapi-osgidistribution:bundle:6.0.0-SNAPSHOT : Export org.semanticweb.owlapi.rio.utils,  has 2,  private references [javax.annotation, org.eclipse.rdf4j.model], 
[WARNING] Bundle net.sourceforge.owlapi:owlapi-osgidistribution:bundle:6.0.0-SNAPSHOT : Export org.semanticweb.owlapi.search,  has 1,  private references [javax.annotation], 
[WARNING] Bundle net.sourceforge.owlapi:owlapi-osgidistribution:bundle:6.0.0-SNAPSHOT : Export org.semanticweb.owlapi.util,  has 1,  private references [javax.annotation], 
[WARNING] Bundle net.sourceforge.owlapi:owlapi-osgidistribution:bundle:6.0.0-SNAPSHOT : Export org.semanticweb.owlapi.util.mansyntax,  has 1,  private references [javax.annotation], 
[WARNING] Bundle net.sourceforge.owlapi:owlapi-osgidistribution:bundle:6.0.0-SNAPSHOT : Export org.semanticweb.owlapi.vocab,  has 1,  private references [javax.annotation], 
[WARNING] Bundle net.sourceforge.owlapi:owlapi-osgidistribution:bundle:6.0.0-SNAPSHOT : Export org.semanticweb.owlapitools.builders,  has 1,  private references [javax.annotation], 
[WARNING] Bundle net.sourceforge.owlapi:owlapi-osgidistribution:bundle:6.0.0-SNAPSHOT : Export org.semanticweb.owlapitools.decomposition,  has 1,  private references [javax.annotation], 
[WARNING] Bundle net.sourceforge.owlapi:owlapi-osgidistribution:bundle:6.0.0-SNAPSHOT : Export uk.ac.manchester.cs.atomicdecomposition,  has 1,  private references [javax.annotation], 
[WARNING] Bundle net.sourceforge.owlapi:owlapi-osgidistribution:bundle:6.0.0-SNAPSHOT : Export uk.ac.manchester.cs.chainsaw,  has 2,  private references [gnu.trove.list, javax.annotation], 
[WARNING] Bundle net.sourceforge.owlapi:owlapi-osgidistribution:bundle:6.0.0-SNAPSHOT : Export uk.ac.manchester.cs.owl.explanation.ordering,  has 1,  private references [javax.annotation], 
[WARNING] Bundle net.sourceforge.owlapi:owlapi-osgidistribution:bundle:6.0.0-SNAPSHOT : Export uk.ac.manchester.cs.owl.owlapi,  has 2,  private references [com.github.benmanes.caffeine.cache, javax.annotation], 
[WARNING] Bundle net.sourceforge.owlapi:owlapi-osgidistribution:bundle:6.0.0-SNAPSHOT : Export uk.ac.manchester.cs.owl.owlapi.concurrent,  has 1,  private references [javax.annotation], 
[WARNING] Bundle net.sourceforge.owlapi:owlapi-osgidistribution:bundle:6.0.0-SNAPSHOT : Export uk.ac.manchester.cs.owlapi.modularity,  has 1,  private references [javax.annotation], 
[WARNING] Bundle net.sourceforge.owlapi:owlapi-osgidistribution:bundle:6.0.0-SNAPSHOT : Export org.obolibrary.macro,  has 1,  private references [javax.annotation], 
[WARNING] Bundle net.sourceforge.owlapi:owlapi-osgidistribution:bundle:6.0.0-SNAPSHOT : Export org.obolibrary.obo2owl,  has 1,  private references [javax.annotation], 
[WARNING] Bundle net.sourceforge.owlapi:owlapi-osgidistribution:bundle:6.0.0-SNAPSHOT : Export org.obolibrary.oboformat.diff,  has 1,  private references [javax.annotation], 
[WARNING] Bundle net.sourceforge.owlapi:owlapi-osgidistribution:bundle:6.0.0-SNAPSHOT : Export org.obolibrary.oboformat.model,  has 1,  private references [javax.annotation], 
[WARNING] Bundle net.sourceforge.owlapi:owlapi-osgidistribution:bundle:6.0.0-SNAPSHOT : Export org.obolibrary.oboformat.parser,  has 1,  private references [javax.annotation], 
[WARNING] Bundle net.sourceforge.owlapi:owlapi-osgidistribution:bundle:6.0.0-SNAPSHOT : Export org.obolibrary.oboformat.writer,  has 2,  private references [gnu.trove.map.hash, javax.annotation], 
[WARNING] Bundle net.sourceforge.owlapi:owlapi-osgidistribution:bundle:6.0.0-SNAPSHOT : Export org.obolibrary.owl,  has 1,  private references [javax.annotation], 
[WARNING] Bundle net.sourceforge.owlapi:owlapi-osgidistribution:bundle:6.0.0-SNAPSHOT : Export org.coode.owlapi.manchesterowlsyntax,  has 1,  private references [javax.annotation], 
[WARNING] Bundle net.sourceforge.owlapi:owlapi-osgidistribution:bundle:6.0.0-SNAPSHOT : Export org.coode.owlapi.obo12.parser,  has 1,  private references [javax.annotation], 
[INFO] 
[INFO] >>> maven-source-plugin:3.0.1:jar (attach-sources) > generate-sources @ owlapi-osgidistribution >>>
[INFO] 
[INFO] --- maven-enforcer-plugin:1.0:enforce (enforce-maven) @ owlapi-osgidistribution ---
[INFO] 
[INFO] <<< maven-source-plugin:3.0.1:jar (attach-sources) < generate-sources @ owlapi-osgidistribution <<<
[INFO] 
[INFO] --- maven-source-plugin:3.0.1:jar (attach-sources) @ owlapi-osgidistribution ---
[INFO] Building jar: /home/travis/build/owlcs/owlapi/osgidistribution/target/owlapi-osgidistribution-6.0.0-SNAPSHOT-sources.jar
[INFO] 
[INFO] --- maven-javadoc-plugin:2.10.4:jar (attach-javadocs) @ owlapi-osgidistribution ---
[INFO] Skipping javadoc generation
[INFO] 
[INFO] --- maven-javadoc-plugin:2.10.4:jar (attach-javadoc) @ owlapi-osgidistribution ---
[INFO] Skipping javadoc generation
[INFO] 
[INFO] --- maven-shade-plugin:2.4.3:shade (default) @ owlapi-osgidistribution ---
[INFO] Including net.sourceforge.owlapi:owlapi-apibinding:jar:6.0.0-SNAPSHOT in the shaded jar.
[INFO] Including net.sourceforge.owlapi:owlapi-tools:jar:6.0.0-SNAPSHOT in the shaded jar.
[INFO] Including net.sourceforge.owlapi:owlapi-impl:jar:6.0.0-SNAPSHOT in the shaded jar.
[INFO] Including net.sourceforge.owlapi:owlapi-parsers:jar:6.0.0-SNAPSHOT in the shaded jar.
[INFO] Including net.sourceforge.owlapi:owlapi-oboformat:jar:6.0.0-SNAPSHOT in the shaded jar.
[INFO] Including net.sourceforge.owlapi:owlapi-rio:jar:6.0.0-SNAPSHOT in the shaded jar.
[INFO] Including net.sourceforge.owlapi:owlapi-api:jar:6.0.0-SNAPSHOT in the shaded jar.
[INFO] Including net.sourceforge.owlapi:owlapi-compatibility:jar:6.0.0-SNAPSHOT in the shaded jar.
[INFO] Excluding com.google.code.findbugs:jsr305:jar:3.0.1 from the shaded jar.
[INFO] Excluding com.fasterxml.jackson.core:jackson-core:jar:2.8.5 from the shaded jar.
[INFO] Excluding com.fasterxml.jackson.core:jackson-databind:jar:2.8.5 from the shaded jar.
[INFO] Excluding com.fasterxml.jackson.core:jackson-annotations:jar:2.8.5 from the shaded jar.
[INFO] Excluding org.apache.commons:commons-rdf-api:jar:0.3.0-incubating from the shaded jar.
[INFO] Excluding org.tukaani:xz:jar:1.6 from the shaded jar.
[INFO] Excluding org.slf4j:slf4j-api:jar:1.7.22 from the shaded jar.
[INFO] Excluding org.slf4j:jcl-over-slf4j:jar:1.7.22 from the shaded jar.
[INFO] Excluding org.eclipse.rdf4j:rdf4j-model:jar:2.1.4 from the shaded jar.
[INFO] Excluding org.eclipse.rdf4j:rdf4j-rio-api:jar:2.1.4 from the shaded jar.
[INFO] Excluding org.eclipse.rdf4j:rdf4j-rio-languages:jar:2.1.4 from the shaded jar.
[INFO] Excluding org.eclipse.rdf4j:rdf4j-rio-datatypes:jar:2.1.4 from the shaded jar.
[INFO] Excluding org.eclipse.rdf4j:rdf4j-rio-binary:jar:2.1.4 from the shaded jar.
[INFO] Excluding org.eclipse.rdf4j:rdf4j-rio-n3:jar:2.1.4 from the shaded jar.
[INFO] Excluding org.eclipse.rdf4j:rdf4j-rio-nquads:jar:2.1.4 from the shaded jar.
[INFO] Excluding org.eclipse.rdf4j:rdf4j-rio-ntriples:jar:2.1.4 from the shaded jar.
[INFO] Excluding org.eclipse.rdf4j:rdf4j-rio-rdfjson:jar:2.1.4 from the shaded jar.
[INFO] Excluding org.eclipse.rdf4j:rdf4j-rio-jsonld:jar:2.1.4 from the shaded jar.
[INFO] Excluding org.eclipse.rdf4j:rdf4j-rio-rdfxml:jar:2.1.4 from the shaded jar.
[INFO] Excluding org.eclipse.rdf4j:rdf4j-rio-trix:jar:2.1.4 from the shaded jar.
[INFO] Excluding org.eclipse.rdf4j:rdf4j-rio-turtle:jar:2.1.4 from the shaded jar.
[INFO] Excluding org.eclipse.rdf4j:rdf4j-rio-trig:jar:2.1.4 from the shaded jar.
[INFO] Excluding org.eclipse.rdf4j:rdf4j-util:jar:2.1.4 from the shaded jar.
[INFO] Excluding com.github.jsonld-java:jsonld-java:jar:0.9.0 from the shaded jar.
[INFO] Excluding org.apache.httpcomponents:httpclient-osgi:jar:4.5.2 from the shaded jar.
[INFO] Excluding org.apache.httpcomponents:httpmime:jar:4.5.2 from the shaded jar.
[INFO] Excluding org.apache.httpcomponents:fluent-hc:jar:4.5.2 from the shaded jar.
[INFO] Excluding org.apache.httpcomponents:httpcore-osgi:jar:4.4.5 from the shaded jar.
[INFO] Excluding org.apache.httpcomponents:httpcore-nio:jar:4.4.5 from the shaded jar.
[INFO] Excluding org.apache.httpcomponents:httpclient:jar:4.5.2 from the shaded jar.
[INFO] Excluding org.apache.httpcomponents:httpclient-cache:jar:4.5.2 from the shaded jar.
[INFO] Excluding org.apache.httpcomponents:httpcore:jar:4.4.5 from the shaded jar.
[INFO] Excluding commons-codec:commons-codec:jar:1.10 from the shaded jar.
[INFO] Excluding commons-logging:commons-logging:jar:1.2 from the shaded jar.
[INFO] Excluding commons-io:commons-io:jar:2.5 from the shaded jar.
[INFO] Excluding net.sf.trove4j:trove4j:jar:3.0.3 from the shaded jar.
[INFO] Excluding com.google.guava:guava:jar:20.0 from the shaded jar.
[INFO] Excluding com.google.inject:guice:jar:4.1.0 from the shaded jar.
[INFO] Excluding javax.inject:javax.inject:jar:1 from the shaded jar.
[INFO] Excluding aopalliance:aopalliance:jar:1.0 from the shaded jar.
[INFO] Excluding com.google.inject.extensions:guice-multibindings:jar:4.1.0 from the shaded jar.
[INFO] Excluding com.github.ben-manes.caffeine:caffeine:jar:2.3.5 from the shaded jar.
[INFO] Excluding com.squareup.okhttp3:okhttp:jar:3.5.0 from the shaded jar.
[INFO] Excluding com.squareup.okio:okio:jar:1.11.0 from the shaded jar.
[INFO] Excluding org.apache.servicemix.bundles:org.apache.servicemix.bundles.javax-inject:jar:1_2 from the shaded jar.
[INFO] Excluding org.apache.servicemix.bundles:org.apache.servicemix.bundles.aopalliance:jar:1.0_6 from the shaded jar.
[WARNING] owlapi-osgidistribution-6.0.0-SNAPSHOT.jar, owlapi-impl-6.0.0-SNAPSHOT.jar define 196 overlapping classes: 
[WARNING]   - org.semanticweb.owlapi.reasoner.impl.OWLNamedIndividualNodeSet
[WARNING]   - uk.ac.manchester.cs.owl.owlapi.SWRLIndividualArgumentImpl
[WARNING]   - uk.ac.manchester.cs.owl.owlapi.InitVisitorFactory$InitIndividualVisitor
[WARNING]   - uk.ac.manchester.cs.owl.owlapi.OWLDataAllValuesFromImpl
[WARNING]   - uk.ac.manchester.cs.owl.owlapi.concurrent.NonConcurrentOWLOntologyBuilder
[WARNING]   - uk.ac.manchester.cs.owl.owlapi.OWLImportsDeclarationImpl
[WARNING]   - uk.ac.manchester.cs.owl.owlapi.OWLSubPropertyAxiomImpl
[WARNING]   - uk.ac.manchester.cs.owl.owlapi.OWLSameIndividualAxiomImpl
[WARNING]   - uk.ac.manchester.cs.owl.owlapi.Internals$RemoveAxiomVisitor
[WARNING]   - uk.ac.manchester.cs.owl.owlapi.SWRLSameIndividualAtomImpl
[WARNING]   - 186 more...
[WARNING] owlapi-osgidistribution-6.0.0-SNAPSHOT.jar, owlapi-parsers-6.0.0-SNAPSHOT.jar define 358 overlapping classes: 
[WARNING]   - org.semanticweb.owlapi.owlxml.parser.SubAnnPropertyOfEH
[WARNING]   - org.semanticweb.owlapi.krss2.renderer.KRSSVocabulary
[WARNING]   - org.semanticweb.owlapi.owlxml.parser.DataOneOfEH
[WARNING]   - org.semanticweb.owlapi.rdf.rdfxml.renderer.package-info
[WARNING]   - org.semanticweb.owlapi.rdf.rdfxml.parser.Translators$ObjectMinCardinalityTranslator
[WARNING]   - org.semanticweb.owlapi.rdf.rdfxml.renderer.IllegalElementNameException
[WARNING]   - org.semanticweb.owlapi.rdf.turtle.parser.JavaCharStream
[WARNING]   - org.semanticweb.owlapi.rdf.rdfxml.parser.AnonMap
[WARNING]   - org.semanticweb.owlapi.latex.renderer.LatexOWLObjectRenderer
[WARNING]   - org.semanticweb.owlapi.owlxml.renderer.OWLXMLObjectRenderer
[WARNING]   - 348 more...
[WARNING] owlapi-api-6.0.0-SNAPSHOT.jar, owlapi-osgidistribution-6.0.0-SNAPSHOT.jar define 885 overlapping classes: 
[WARNING]   - org.semanticweb.owlapi.model.OWLPropertyAssertionObject
[WARNING]   - org.semanticweb.owlapi.model.OWLAnonymousClassExpression
[WARNING]   - org.semanticweb.owlapi.model.HasApplyChange
[WARNING]   - org.semanticweb.owlapi.util.InferredIndividualAxiomGenerator
[WARNING]   - org.semanticweb.owlapi.model.SWRLDArgument
[WARNING]   - org.semanticweb.owlapi.util.OWLOntologyWalkerVisitor
[WARNING]   - org.semanticweb.owlapi.model.providers.ExistentialProvider
[WARNING]   - org.semanticweb.owlapi.model.axiomproviders.PropertyCharacteristicAxiomProvider
[WARNING]   - org.semanticweb.owlapi.model.OWLObjectPropertyDomainAxiom
[WARNING]   - org.semanticweb.owlapi.io.SystemOutDocumentTarget
[WARNING]   - 875 more...
[WARNING] owlapi-osgidistribution-6.0.0-SNAPSHOT.jar, owlapi-oboformat-6.0.0-SNAPSHOT.jar define 74 overlapping classes: 
[WARNING]   - org.obolibrary.oboformat.parser.OBOFormatException
[WARNING]   - org.obolibrary.obo2owl.OWLAPIOwl2Obo
[WARNING]   - org.obolibrary.macro.MacroExpansionGCIVisitor$MacroExpansions
[WARNING]   - org.obolibrary.oboformat.diff.Diff
[WARNING]   - org.obolibrary.obo2owl.IdTranslator
[WARNING]   - org.obolibrary.oboformat.model.Clause
[WARNING]   - org.obolibrary.oboformat.parser.XrefExpander$ReverseGenusDifferentiaExpansion
[WARNING]   - org.obolibrary.owl.LabelFunctionalSyntaxStorer
[WARNING]   - org.obolibrary.oboformat.model.FrameStructureException
[WARNING]   - org.obolibrary.macro.MacroExpansionVisitor
[WARNING]   - 64 more...
[WARNING] owlapi-osgidistribution-6.0.0-SNAPSHOT.jar, owlapi-tools-6.0.0-SNAPSHOT.jar define 136 overlapping classes: 
[WARNING]   - com.clarkparsia.owlapi.explanation.util.SilentExplanationProgressMonitor
[WARNING]   - uk.ac.manchester.cs.atomicdecomposition.package-info
[WARNING]   - uk.ac.manchester.cs.factplusplusad.OntologyBasedModularizer
[WARNING]   - org.semanticweb.owlapi.metrics.HiddenGCICount
[WARNING]   - org.semanticweb.owlapitools.decomposition.Modularizer
[WARNING]   - com.clarkparsia.owlapi.modularity.locality.SemanticLocalityEvaluator
[WARNING]   - uk.ac.manchester.cs.factplusplusad.Signature
[WARNING]   - org.semanticweb.owlapi.metrics.DoubleValuedMetric
[WARNING]   - org.semanticweb.owlapitools.decomposition.SigIndex
[WARNING]   - com.clarkparsia.owlapi.explanation.io.ExplanationRenderer
[WARNING]   - 126 more...
[WARNING] owlapi-compatibility-6.0.0-SNAPSHOT.jar, owlapi-osgidistribution-6.0.0-SNAPSHOT.jar define 99 overlapping classes: 
[WARNING]   - org.coode.owlapi.obo12.parser.OBOIdType$1
[WARNING]   - uk.ac.manchester.cs.owlapi.dlsyntax.DLSyntaxHTMLOntologyFormat
[WARNING]   - org.coode.owl.krssparser.KRSSOntologyFormat
[WARNING]   - org.coode.owlapi.obo12.parser.XRefTagHandler
[WARNING]   - org.coode.owlapi.obo12.parser.IDSpaceTagValueHandler
[WARNING]   - org.coode.owlapi.obo12.parser.OBOIdTranslator
[WARNING]   - org.coode.owlapi.obo12.parser.OntologyTagValueHandler
[WARNING]   - org.coode.owlapi.obo12.parser.OBOIdType$OBOIIdTranslator
[WARNING]   - org.coode.owlapi.obo12.parser.OBO12DocumentFormat
[WARNING]   - org.coode.owlapi.obo12.parser.PartOfTagValueHandler
[WARNING]   - 89 more...
[WARNING] owlapi-rio-6.0.0-SNAPSHOT.jar, owlapi-osgidistribution-6.0.0-SNAPSHOT.jar define 68 overlapping classes: 
[WARNING]   - org.semanticweb.owlapi.formats.N3DocumentFormatFactory
[WARNING]   - org.semanticweb.owlapi.formats.RioTurtleDocumentFormatFactory
[WARNING]   - org.semanticweb.owlapi.rio.RioStorer
[WARNING]   - org.semanticweb.owlapi.rio.RioOWLRDFParser
[WARNING]   - org.semanticweb.owlapi.rio.OWLAPIRDFFormat
[WARNING]   - org.semanticweb.owlapi.formats.N3DocumentFormat
[WARNING]   - org.semanticweb.owlapi.rio.RioFunctionalSyntaxParserFactory
[WARNING]   - org.semanticweb.owlapi.rio.RioTrigStorerFactory
[WARNING]   - org.semanticweb.owlapi.rio.RioManchesterSyntaxParserFactory
[WARNING]   - org.semanticweb.owlapi.rio.AbstractRioStorerFactory
[WARNING]   - 58 more...
[WARNING] owlapi-osgidistribution-6.0.0-SNAPSHOT.jar, owlapi-apibinding-6.0.0-SNAPSHOT.jar define 6 overlapping classes: 
[WARNING]   - org.semanticweb.owlapi.apibinding.OWLManager
[WARNING]   - org.semanticweb.owlapi.apibinding.package-info
[WARNING]   - org.semanticweb.owlapi.apibinding.OWLFunctionalSyntaxFactory
[WARNING]   - uk.ac.manchester.cs.owl.owlapi.OWLAPIImplModule
[WARNING]   - org.semanticweb.owlapi.OWLAPIParsersModule
[WARNING]   - org.semanticweb.owlapi.OWLAPIServiceLoaderModule
[WARNING] maven-shade-plugin has detected that some class files are
[WARNING] present in two or more JARs. When this happens, only one
[WARNING] single version of the class is copied to the uber jar.
[WARNING] Usually this is not harmful and you can skip these warnings,
[WARNING] otherwise try to manually exclude artifacts based on
[WARNING] mvn dependency:tree -Ddetail=true and the above output.
[WARNING] See http://maven.apache.org/plugins/maven-shade-plugin/
[INFO] Replacing original artifact with shaded artifact.
[INFO] Replacing /home/travis/build/owlcs/owlapi/osgidistribution/target/owlapi-osgidistribution-6.0.0-SNAPSHOT.jar with /home/travis/build/owlcs/owlapi/osgidistribution/target/owlapi-osgidistribution-6.0.0-SNAPSHOT-shaded.jar
[INFO] Dependency-reduced POM written at: /home/travis/build/owlcs/owlapi/osgidistribution/dependency-reduced-pom.xml
[INFO] 
[INFO] --- maven-assembly-plugin:3.0.0:single (attach-sources) @ owlapi-osgidistribution ---
[INFO] Reading assembly descriptor: src/assembly/sources.xml
[INFO] Building jar: /home/travis/build/owlcs/owlapi/osgidistribution/target/owlapi-osgidistribution-6.0.0-SNAPSHOT-sources.jar
[INFO] 
[INFO] --- maven-failsafe-plugin:2.19.1:integration-test (default) @ owlapi-osgidistribution ---
[WARNING] useSystemClassloader setting has no effect when not forking
Running org.semanticweb.owlapi.BundleIsLoadableIntegrationTestCase
DEBUG: WIRE: [slf4j.api [4](R 4.0)] osgi.ee; (&(osgi.ee=JavaSE)(version=1.5.0)) -> [org.apache.felix.framework [0](R 0)]
DEBUG: FRAGMENT WIRE: [slf4j.simple [3](R 3.0)] osgi.wiring.host; (&(osgi.wiring.host=slf4j.api)(bundle-version>=0.0.0)) -> [slf4j.api [4](R 4.0)]
DEBUG: FRAGMENT WIRE: [slf4j.simple [3](R 3.0)] osgi.ee; (&(osgi.ee=JavaSE)(version=1.5.0)) -> [org.apache.felix.framework [0](R 0)]
DEBUG: WIRE: [com.github.ben-manes.caffeine [5](R 5.0)] osgi.ee; (&(osgi.ee=JavaSE)(version=1.8)) -> [org.apache.felix.framework [0](R 0)]
DEBUG: WIRE: [com.google.guava [6](R 6.0)] osgi.wiring.package; (osgi.wiring.package=javax.annotation) -> [org.apache.felix.framework [0](R 0)]
DEBUG: WIRE: [com.google.guava [6](R 6.0)] osgi.wiring.package; (osgi.wiring.package=javax.crypto) -> [org.apache.felix.framework [0](R 0)]
DEBUG: WIRE: [com.google.guava [6](R 6.0)] osgi.wiring.package; (osgi.wiring.package=javax.crypto.spec) -> [org.apache.felix.framework [0](R 0)]
DEBUG: WIRE: [com.google.guava [6](R 6.0)] osgi.ee; (&(osgi.ee=JavaSE)(version=1.6)) -> [org.apache.felix.framework [0](R 0)]
DEBUG: WIRE: [com.google.inject [9](R 9.0)] osgi.wiring.package; (&(osgi.wiring.package=com.google.common.base)(version>=19.0.0)) -> [com.google.guava [6](R 6.0)]
DEBUG: WIRE: [com.google.inject [9](R 9.0)] osgi.wiring.package; (&(osgi.wiring.package=com.google.common.cache)(version>=19.0.0)) -> [com.google.guava [6](R 6.0)]
DEBUG: WIRE: [com.google.inject [9](R 9.0)] osgi.wiring.package; (&(osgi.wiring.package=com.google.common.collect)(version>=19.0.0)) -> [com.google.guava [6](R 6.0)]
DEBUG: WIRE: [com.google.inject [9](R 9.0)] osgi.wiring.package; (osgi.wiring.package=javax.inject) -> [org.apache.servicemix.bundles.javax-inject [1](R 1.0)]
DEBUG: WIRE: [com.google.inject [9](R 9.0)] osgi.wiring.package; (osgi.wiring.package=org.aopalliance.intercept) -> [org.apache.servicemix.bundles.aopalliance [2](R 2.0)]
DEBUG: WIRE: [com.google.inject.multibindings [8](R 8.0)] osgi.wiring.package; (&(osgi.wiring.package=com.google.common.base)(version>=19.0.0)) -> [com.google.guava [6](R 6.0)]
DEBUG: WIRE: [com.google.inject.multibindings [8](R 8.0)] osgi.wiring.package; (&(osgi.wiring.package=com.google.common.collect)(version>=19.0.0)) -> [com.google.guava [6](R 6.0)]
DEBUG: WIRE: [com.google.inject.multibindings [8](R 8.0)] osgi.wiring.package; (&(osgi.wiring.package=com.google.common.primitives)(version>=19.0.0)) -> [com.google.guava [6](R 6.0)]
DEBUG: WIRE: [com.google.inject.multibindings [8](R 8.0)] osgi.wiring.package; (osgi.wiring.package=javax.inject) -> [org.apache.servicemix.bundles.javax-inject [1](R 1.0)]
DEBUG: WIRE: [com.google.inject [9](R 9.0)] osgi.ee; (&(osgi.ee=JavaSE)(version=1.6.0)) -> [org.apache.felix.framework [0](R 0)]
DEBUG: FRAGMENT WIRE: [com.google.inject.multibindings [8](R 8.0)] osgi.wiring.host; (&(osgi.wiring.host=com.google.inject)(bundle-version>=0.0.0)) -> [com.google.inject [9](R 9.0)]
DEBUG: FRAGMENT WIRE: [com.google.inject.multibindings [8](R 8.0)] osgi.ee; (&(osgi.ee=JavaSE)(version=1.6.0)) -> [org.apache.felix.framework [0](R 0)]
DEBUG: WIRE: [org.apache.commons.io [10](R 10.0)] osgi.ee; (&(osgi.ee=JavaSE)(version=1.6)) -> [org.apache.felix.framework [0](R 0)]
DEBUG: WIRE: [org.apache.commons.codec [11](R 11.0)] osgi.wiring.package; (osgi.wiring.package=javax.crypto) -> [org.apache.felix.framework [0](R 0)]
DEBUG: WIRE: [org.apache.commons.codec [11](R 11.0)] osgi.wiring.package; (osgi.wiring.package=javax.crypto.spec) -> [org.apache.felix.framework [0](R 0)]
DEBUG: WIRE: [org.apache.commons.codec [11](R 11.0)] osgi.ee; (&(osgi.ee=JavaSE)(version=1.6)) -> [org.apache.felix.framework [0](R 0)]
DEBUG: WIRE: [jcl.over.slf4j [12](R 12.0)] osgi.wiring.package; (&(osgi.wiring.package=org.slf4j)(version>=1.7.22)) -> [slf4j.api [4](R 4.0)]
DEBUG: WIRE: [jcl.over.slf4j [12](R 12.0)] osgi.wiring.package; (&(osgi.wiring.package=org.slf4j.spi)(version>=1.7.22)) -> [slf4j.api [4](R 4.0)]
DEBUG: WIRE: [jcl.over.slf4j [12](R 12.0)] osgi.ee; (&(osgi.ee=JavaSE)(version=1.5.0)) -> [org.apache.felix.framework [0](R 0)]
DEBUG: WIRE: [org.semanticweb.owl.owlapi [13](R 13.0)] osgi.wiring.package; (&(osgi.wiring.package=com.google.common.base)(version>=20.0.0)(!(version>=21.0.0))) -> [com.google.guava [6](R 6.0)]
DEBUG: WIRE: [org.semanticweb.owl.owlapi [13](R 13.0)] osgi.wiring.package; (&(osgi.wiring.package=com.google.common.cache)(version>=20.0.0)(!(version>=21.0.0))) -> [com.google.guava [6](R 6.0)]
DEBUG: WIRE: [org.semanticweb.owl.owlapi [13](R 13.0)] osgi.wiring.package; (&(osgi.wiring.package=com.google.common.collect)(version>=20.0.0)(!(version>=21.0.0))) -> [com.google.guava [6](R 6.0)]
DEBUG: WIRE: [org.semanticweb.owl.owlapi [13](R 13.0)] osgi.wiring.package; (&(osgi.wiring.package=com.google.inject)(version>=1.4.0)(!(version>=2.0.0))) -> [com.google.inject [9](R 9.0)]
DEBUG: WIRE: [org.semanticweb.owl.owlapi [13](R 13.0)] osgi.wiring.package; (&(osgi.wiring.package=com.google.inject.binder)(version>=1.4.0)(!(version>=2.0.0))) -> [com.google.inject [9](R 9.0)]
DEBUG: WIRE: [org.semanticweb.owl.owlapi [13](R 13.0)] osgi.wiring.package; (&(osgi.wiring.package=com.google.inject.multibindings)(version>=1.4.0)(!(version>=2.0.0))) -> [com.google.inject [9](R 9.0)]
DEBUG: WIRE: [org.semanticweb.owl.owlapi [13](R 13.0)] osgi.wiring.package; (osgi.wiring.package=javax.crypto) -> [org.apache.felix.framework [0](R 0)]
DEBUG: WIRE: [org.semanticweb.owl.owlapi [13](R 13.0)] osgi.wiring.package; (osgi.wiring.package=javax.crypto.spec) -> [org.apache.felix.framework [0](R 0)]
DEBUG: WIRE: [org.semanticweb.owl.owlapi [13](R 13.0)] osgi.wiring.package; (osgi.wiring.package=javax.imageio) -> [org.apache.felix.framework [0](R 0)]
DEBUG: WIRE: [org.semanticweb.owl.owlapi [13](R 13.0)] osgi.wiring.package; (osgi.wiring.package=javax.inject) -> [org.apache.servicemix.bundles.javax-inject [1](R 1.0)]
DEBUG: WIRE: [org.semanticweb.owl.owlapi [13](R 13.0)] osgi.wiring.package; (osgi.wiring.package=javax.naming) -> [org.apache.felix.framework [0](R 0)]
DEBUG: WIRE: [org.semanticweb.owl.owlapi [13](R 13.0)] osgi.wiring.package; (osgi.wiring.package=javax.naming.directory) -> [org.apache.felix.framework [0](R 0)]
DEBUG: WIRE: [org.semanticweb.owl.owlapi [13](R 13.0)] osgi.wiring.package; (osgi.wiring.package=javax.naming.ldap) -> [org.apache.felix.framework [0](R 0)]
DEBUG: WIRE: [org.semanticweb.owl.owlapi [13](R 13.0)] osgi.wiring.package; (osgi.wiring.package=javax.net) -> [org.apache.felix.framework [0](R 0)]
DEBUG: WIRE: [org.semanticweb.owl.owlapi [13](R 13.0)] osgi.wiring.package; (osgi.wiring.package=javax.net.ssl) -> [org.apache.felix.framework [0](R 0)]
DEBUG: WIRE: [org.semanticweb.owl.owlapi [13](R 13.0)] osgi.wiring.package; (osgi.wiring.package=javax.security.auth.x500) -> [org.apache.felix.framework [0](R 0)]
DEBUG: WIRE: [org.semanticweb.owl.owlapi [13](R 13.0)] osgi.wiring.package; (osgi.wiring.package=javax.swing) -> [org.apache.felix.framework [0](R 0)]
DEBUG: WIRE: [org.semanticweb.owl.owlapi [13](R 13.0)] osgi.wiring.package; (osgi.wiring.package=javax.xml.bind.annotation.adapters) -> [org.apache.felix.framework [0](R 0)]
DEBUG: WIRE: [org.semanticweb.owl.owlapi [13](R 13.0)] osgi.wiring.package; (osgi.wiring.package=javax.xml.datatype) -> [org.apache.felix.framework [0](R 0)]
DEBUG: WIRE: [org.semanticweb.owl.owlapi [13](R 13.0)] osgi.wiring.package; (osgi.wiring.package=javax.xml.namespace) -> [org.apache.felix.framework [0](R 0)]
DEBUG: WIRE: [org.semanticweb.owl.owlapi [13](R 13.0)] osgi.wiring.package; (osgi.wiring.package=javax.xml.parsers) -> [org.apache.felix.framework [0](R 0)]
DEBUG: WIRE: [org.semanticweb.owl.owlapi [13](R 13.0)] osgi.wiring.package; (osgi.wiring.package=javax.xml.transform.sax) -> [org.apache.felix.framework [0](R 0)]
DEBUG: WIRE: [org.semanticweb.owl.owlapi [13](R 13.0)] osgi.wiring.package; (osgi.wiring.package=javax.xml.validation) -> [org.apache.felix.framework [0](R 0)]
DEBUG: WIRE: [org.semanticweb.owl.owlapi [13](R 13.0)] osgi.wiring.package; (&(osgi.wiring.package=org.apache.commons.codec.binary)(version>=1.10.0)(!(version>=2.0.0))) -> [org.apache.commons.codec [11](R 11.0)]
DEBUG: WIRE: [org.semanticweb.owl.owlapi [13](R 13.0)] osgi.wiring.package; (&(osgi.wiring.package=org.apache.commons.io)(version>=1.4.0)(!(version>=2.0.0))) -> [org.apache.commons.io [10](R 10.0)]
DEBUG: WIRE: [org.semanticweb.owl.owlapi [13](R 13.0)] osgi.wiring.package; (&(osgi.wiring.package=org.apache.commons.io.input)(version>=1.4.0)(!(version>=2.0.0))) -> [org.apache.commons.io [10](R 10.0)]
DEBUG: WIRE: [org.semanticweb.owl.owlapi [13](R 13.0)] osgi.wiring.package; (osgi.wiring.package=org.ietf.jgss) -> [org.apache.felix.framework [0](R 0)]
DEBUG: WIRE: [org.semanticweb.owl.owlapi [13](R 13.0)] osgi.wiring.package; (&(osgi.wiring.package=org.slf4j)(version>=1.7.0)(!(version>=2.0.0))) -> [slf4j.api [4](R 4.0)]
DEBUG: WIRE: [org.semanticweb.owl.owlapi [13](R 13.0)] osgi.wiring.package; (&(osgi.wiring.package=org.slf4j.spi)(version>=1.7.0)(!(version>=2.0.0))) -> [slf4j.api [4](R 4.0)]
DEBUG: WIRE: [org.semanticweb.owl.owlapi [13](R 13.0)] osgi.wiring.package; (osgi.wiring.package=org.w3c.dom) -> [org.apache.felix.framework [0](R 0)]
DEBUG: WIRE: [org.semanticweb.owl.owlapi [13](R 13.0)] osgi.wiring.package; (osgi.wiring.package=org.w3c.dom.bootstrap) -> [org.apache.felix.framework [0](R 0)]
DEBUG: WIRE: [org.semanticweb.owl.owlapi [13](R 13.0)] osgi.wiring.package; (osgi.wiring.package=org.w3c.dom.ls) -> [org.apache.felix.framework [0](R 0)]
DEBUG: WIRE: [org.semanticweb.owl.owlapi [13](R 13.0)] osgi.wiring.package; (osgi.wiring.package=org.xml.sax) -> [org.apache.felix.framework [0](R 0)]
DEBUG: WIRE: [org.semanticweb.owl.owlapi [13](R 13.0)] osgi.wiring.package; (osgi.wiring.package=org.xml.sax.ext) -> [org.apache.felix.framework [0](R 0)]
DEBUG: WIRE: [org.semanticweb.owl.owlapi [13](R 13.0)] osgi.wiring.package; (osgi.wiring.package=org.xml.sax.helpers) -> [org.apache.felix.framework [0](R 0)]
DEBUG: WIRE: [org.semanticweb.owl.owlapi [13](R 13.0)] osgi.ee; (&(osgi.ee=JavaSE)(version=1.8)) -> [org.apache.felix.framework [0](R 0)]
Tests run: 1, Failures: 0, Errors: 0, Skipped: 0, Time elapsed: 0.39 sec - in org.semanticweb.owlapi.BundleIsLoadableIntegrationTestCase
Running org.semanticweb.owlapi.api.test.VerifyVersionInfoIntegrationTestCase
Tests run: 1, Failures: 0, Errors: 0, Skipped: 0, Time elapsed: 0.001 sec - in org.semanticweb.owlapi.api.test.VerifyVersionInfoIntegrationTestCase
Running org.semanticweb.owlapi.io.LoadXZOntologyViaHTTPIntegrationTestCase
Tests run: 1, Failures: 0, Errors: 0, Skipped: 0, Time elapsed: 1.796 sec - in org.semanticweb.owlapi.io.LoadXZOntologyViaHTTPIntegrationTestCase

Results :

Tests run: 3, Failures: 0, Errors: 0, Skipped: 0

[INFO] 
[INFO] --- maven-failsafe-plugin:2.19.1:verify (default) @ owlapi-osgidistribution ---
[INFO] ------------------------------------------------------------------------
[INFO] Reactor Summary:
[INFO] 
[INFO] OWLAPI ............................................. SUCCESS [  1.682 s]
[INFO] OWLAPI :: Interfaces ............................... SUCCESS [ 13.893 s]
[INFO] OWLAPI :: Default Implementation ................... SUCCESS [  4.200 s]
[INFO] OWLAPI :: Atomic Decomposition and Explanation ..... SUCCESS [  0.143 s]
[INFO] OWLAPI :: Parsers .................................. SUCCESS [  4.039 s]
[INFO] OWLAPI :: OBO Format ............................... SUCCESS [  0.746 s]
[INFO] OWLAPI :: RDF4J Rio ................................ SUCCESS [  0.225 s]
[INFO] OWLAPI :: Binding and Config ....................... SUCCESS [  0.130 s]
[INFO] OWLAPI :: Compatibility ............................ SUCCESS [  0.196 s]
[INFO] OWLAPI :: Tests and Tutorials ...................... SUCCESS [ 49.438 s]
[INFO] OWLAPI :: Distribution ............................. SUCCESS [  7.371 s]
[INFO] OWLAPI :: OSGi and Compatibility Distribution ...... SUCCESS [ 13.042 s]
[INFO] ------------------------------------------------------------------------
[INFO] BUILD SUCCESS
[INFO] ------------------------------------------------------------------------
[INFO] Total time: 01:36 min
[INFO] Finished at: 2017-03-25T20:40:31+00:00
[INFO] Final Memory: 48M/479M
[INFO] ------------------------------------------------------------------------

travis_time:end:0d803df3:start=1490474333224604230,finish=1490474431723835885,duration=98499231655[0K
[32;1mThe command "mvn verify" exited with 0.[0m
travis_fold:start:cache.2[0Kstore build cache
travis_time:start:126e45f0[0K
travis_time:end:126e45f0:start=1490474431729698852,finish=1490474431733933469,duration=4234617[0Ktravis_time:start:32ae0d67[0K[32;1mchange detected (content changed, file is created, or file is deleted):
/home/travis/.m2/repository/net/sourceforge/owlapi/owlapi-api/6.0.0-SNAPSHOT/maven-metadata-local.xml
/home/travis/.m2/repository/net/sourceforge/owlapi/owlapi-api/6.0.0-SNAPSHOT/owlapi-api-6.0.0-SNAPSHOT.jar
/home/travis/.m2/repository/net/sourceforge/owlapi/owlapi-api/6.0.0-SNAPSHOT/owlapi-api-6.0.0-SNAPSHOT-sources.jar
/home/travis/.m2/repository/net/sourceforge/owlapi/owlapi-api/6.0.0-SNAPSHOT/_remote.repositories
/home/travis/.m2/repository/net/sourceforge/owlapi/owlapi-apibinding/6.0.0-SNAPSHOT/maven-metadata-local.xml
/home/travis/.m2/repository/net/sourceforge/owlapi/owlapi-apibinding/6.0.0-SNAPSHOT/owlapi-apibinding-6.0.0-SNAPSHOT.jar
/home/travis/.m2/repository/net/sourceforge/owlapi/owlapi-apibinding/6.0.0-SNAPSHOT/owlapi-apibinding-6.0.0-SNAPSHOT-sources.jar
/home/travis/.m2/repository/net/sourceforge/owlapi/owlapi-apibinding/6.0.0-SNAPSHOT/_remote.repositories
/home/travis/.m2/repository/net/sourceforge/owlapi/owlapi-apibinding/maven-metadata-local.xml
/home/travis/.m2/repo
[0m
[32;1m...
[0m
[32;1mchanges detected, packing new archive[0m
.
[32;1muploading archive[0m

travis_time:end:32ae0d67:start=1490474431739000457,finish=1490474442894861863,duration=11155861406[0Ktravis_fold:end:cache.2[0K
Done. Your build exited with 0.
