Using worker: worker-linux-docker-8643e37e.prod.travis-ci.org:travis-linux-14

travis_fold:start:system_info[0K[33;1mBuild system information[0m
Build language: java
Build group: stable
Build dist: precise
[34m[1mBuild image provisioning date and time[0m
Thu Feb  5 15:09:33 UTC 2015
[34m[1mOperating System Details[0m
Distributor ID:	Ubuntu
Description:	Ubuntu 12.04.5 LTS
Release:	12.04
Codename:	precise
[34m[1mLinux Version[0m
3.13.0-29-generic
[34m[1mCookbooks Version[0m
a68419e https://github.com/travis-ci/travis-cookbooks/tree/a68419e
[34m[1mGCC version[0m
gcc (Ubuntu/Linaro 4.6.3-1ubuntu5) 4.6.3
Copyright (C) 2011 Free Software Foundation, Inc.
This is free software; see the source for copying conditions.  There is NO
warranty; not even for MERCHANTABILITY or FITNESS FOR A PARTICULAR PURPOSE.

[34m[1mLLVM version[0m
clang version 3.4 (tags/RELEASE_34/final)
Target: x86_64-unknown-linux-gnu
Thread model: posix
[34m[1mPre-installed Ruby versions[0m
ruby-1.9.3-p551
[34m[1mPre-installed Node.js versions[0m
v0.10.36
[34m[1mPre-installed Go versions[0m
1.4.1
[34m[1mRedis version[0m
redis-server 2.8.19
[34m[1mriak version[0m
2.0.2
[34m[1mMongoDB version[0m
MongoDB 2.4.12
[34m[1mCouchDB version[0m
couchdb 1.6.1
[34m[1mNeo4j version[0m
1.9.4
[34m[1mRabbitMQ Version[0m
3.4.3
[34m[1mElasticSearch version[0m
1.4.0
[34m[1mInstalled Sphinx versions[0m
2.0.10
2.1.9
2.2.6
[34m[1mDefault Sphinx version[0m
2.2.6
[34m[1mInstalled Firefox version[0m
firefox 31.0esr
[34m[1mPhantomJS version[0m
1.9.8
[34m[1mant -version[0m
Apache Ant(TM) version 1.8.2 compiled on December 3 2011
[34m[1mmvn -version[0m
Apache Maven 3.2.5 (12a6b3acb947671f09b81f49094c53f426d8cea1; 2014-12-14T17:29:23+00:00)
Maven home: /usr/local/maven
Java version: 1.7.0_76, vendor: Oracle Corporation
Java home: /usr/lib/jvm/java-7-oracle/jre
Default locale: en_US, platform encoding: ANSI_X3.4-1968
OS name: "linux", version: "3.13.0-29-generic", arch: "amd64", family: "unix"
travis_fold:end:system_info[0K
travis_fold:start:fix.CVE-2015-7547[0K$ export DEBIAN_FRONTEND=noninteractive
W: Size of file /var/lib/apt/lists/us.archive.ubuntu.com_ubuntu_dists_precise-backports_multiverse_source_Sources.gz is not what the server reported 5886 5888
W: Size of file /var/lib/apt/lists/ppa.launchpad.net_ubuntugis_ppa_ubuntu_dists_precise_main_binary-amd64_Packages.gz is not what the server reported 36669 36677
W: Size of file /var/lib/apt/lists/ppa.launchpad.net_ubuntugis_ppa_ubuntu_dists_precise_main_binary-i386_Packages.gz is not what the server reported 36729 36733
Reading package lists...
Building dependency tree...
Reading state information...
The following extra packages will be installed:
  libc-bin libc-dev-bin libc6-dev
Suggested packages:
  glibc-doc
The following packages will be upgraded:
  libc-bin libc-dev-bin libc6 libc6-dev
4 upgraded, 0 newly installed, 0 to remove and 247 not upgraded.
Need to get 8,840 kB of archives.
After this operation, 14.3 kB disk space will be freed.
Get:1 http://us.archive.ubuntu.com/ubuntu/ precise-updates/main libc6-dev amd64 2.15-0ubuntu10.15 [2,943 kB]
Get:2 http://us.archive.ubuntu.com/ubuntu/ precise-updates/main libc-dev-bin amd64 2.15-0ubuntu10.15 [84.7 kB]
Get:3 http://us.archive.ubuntu.com/ubuntu/ precise-updates/main libc-bin amd64 2.15-0ubuntu10.15 [1,177 kB]
Get:4 http://us.archive.ubuntu.com/ubuntu/ precise-updates/main libc6 amd64 2.15-0ubuntu10.15 [4,636 kB]
Fetched 8,840 kB in 0s (38.2 MB/s)
Preconfiguring packages ...
(Reading database ... (Reading database ... 5%(Reading database ... 10%(Reading database ... 15%(Reading database ... 20%(Reading database ... 25%(Reading database ... 30%(Reading database ... 35%(Reading database ... 40%(Reading database ... 45%(Reading database ... 50%(Reading database ... 55%(Reading database ... 60%(Reading database ... 65%(Reading database ... 70%(Reading database ... 75%(Reading database ... 80%(Reading database ... 85%(Reading database ... 90%(Reading database ... 95%(Reading database ... 100%(Reading database ... 72019 files and directories currently installed.)
Preparing to replace libc6-dev 2.15-0ubuntu10.10 (using .../libc6-dev_2.15-0ubuntu10.15_amd64.deb) ...
Unpacking replacement libc6-dev ...
Preparing to replace libc-dev-bin 2.15-0ubuntu10.10 (using .../libc-dev-bin_2.15-0ubuntu10.15_amd64.deb) ...
Unpacking replacement libc-dev-bin ...
Preparing to replace libc-bin 2.15-0ubuntu10.10 (using .../libc-bin_2.15-0ubuntu10.15_amd64.deb) ...
Unpacking replacement libc-bin ...
Processing triggers for man-db ...
Setting up libc-bin (2.15-0ubuntu10.15) ...
(Reading database ... (Reading database ... 5%(Reading database ... 10%(Reading database ... 15%(Reading database ... 20%(Reading database ... 25%(Reading database ... 30%(Reading database ... 35%(Reading database ... 40%(Reading database ... 45%(Reading database ... 50%(Reading database ... 55%(Reading database ... 60%(Reading database ... 65%(Reading database ... 70%(Reading database ... 75%(Reading database ... 80%(Reading database ... 85%(Reading database ... 90%(Reading database ... 95%(Reading database ... 100%(Reading database ... 72018 files and directories currently installed.)
Preparing to replace libc6 2.15-0ubuntu10.10 (using .../libc6_2.15-0ubuntu10.15_amd64.deb) ...
Unpacking replacement libc6 ...
Setting up libc6 (2.15-0ubuntu10.15) ...
Setting up libc-dev-bin (2.15-0ubuntu10.15) ...
Setting up libc6-dev (2.15-0ubuntu10.15) ...
Processing triggers for libc-bin ...
ldconfig deferred processing now taking place
travis_fold:end:fix.CVE-2015-7547[0Ktravis_fold:start:git.checkout[0Ktravis_time:start:15f46912[0K$ git clone --depth=50 --branch=jw/range-equals https://github.com/square/okio.git square/okio
Cloning into 'square/okio'...
remote: Counting objects: 627, done.[K
remote: Compressing objects:   0% (1/360)   [Kremote: Compressing objects:   1% (4/360)   [Kremote: Compressing objects:   2% (8/360)   [Kremote: Compressing objects:   3% (11/360)   [Kremote: Compressing objects:   4% (15/360)   [Kremote: Compressing objects:   5% (18/360)   [Kremote: Compressing objects:   6% (22/360)   [Kremote: Compressing objects:   7% (26/360)   [Kremote: Compressing objects:   8% (29/360)   [Kremote: Compressing objects:   9% (33/360)   [Kremote: Compressing objects:  10% (36/360)   [Kremote: Compressing objects:  11% (40/360)   [Kremote: Compressing objects:  12% (44/360)   [Kremote: Compressing objects:  13% (47/360)   [Kremote: Compressing objects:  14% (51/360)   [Kremote: Compressing objects:  15% (54/360)   [Kremote: Compressing objects:  16% (58/360)   [Kremote: Compressing objects:  17% (62/360)   [Kremote: Compressing objects:  18% (65/360)   [Kremote: Compressing objects:  19% (69/360)   [Kremote: Compressing objects:  20% (72/360)   [Kremote: Compressing objects:  21% (76/360)   [Kremote: Compressing objects:  22% (80/360)   [Kremote: Compressing objects:  23% (83/360)   [Kremote: Compressing objects:  24% (87/360)   [Kremote: Compressing objects:  25% (90/360)   [Kremote: Compressing objects:  26% (94/360)   [Kremote: Compressing objects:  27% (98/360)   [Kremote: Compressing objects:  28% (101/360)   [Kremote: Compressing objects:  29% (105/360)   [Kremote: Compressing objects:  30% (108/360)   [Kremote: Compressing objects:  31% (112/360)   [Kremote: Compressing objects:  32% (116/360)   [Kremote: Compressing objects:  33% (119/360)   [Kremote: Compressing objects:  34% (123/360)   [Kremote: Compressing objects:  35% (126/360)   [Kremote: Compressing objects:  36% (130/360)   [Kremote: Compressing objects:  37% (134/360)   [Kremote: Compressing objects:  38% (137/360)   [Kremote: Compressing objects:  39% (141/360)   [Kremote: Compressing objects:  40% (144/360)   [Kremote: Compressing objects:  41% (148/360)   [Kremote: Compressing objects:  42% (152/360)   [Kremote: Compressing objects:  43% (155/360)   [Kremote: Compressing objects:  44% (159/360)   [Kremote: Compressing objects:  45% (162/360)   [Kremote: Compressing objects:  46% (166/360)   [Kremote: Compressing objects:  47% (170/360)   [Kremote: Compressing objects:  48% (173/360)   [Kremote: Compressing objects:  49% (177/360)   [Kremote: Compressing objects:  50% (180/360)   [Kremote: Compressing objects:  51% (184/360)   [Kremote: Compressing objects:  52% (188/360)   [Kremote: Compressing objects:  53% (191/360)   [Kremote: Compressing objects:  54% (195/360)   [Kremote: Compressing objects:  55% (198/360)   [Kremote: Compressing objects:  56% (202/360)   [Kremote: Compressing objects:  57% (206/360)   [Kremote: Compressing objects:  58% (209/360)   [Kremote: Compressing objects:  59% (213/360)   [Kremote: Compressing objects:  60% (216/360)   [Kremote: Compressing objects:  61% (220/360)   [Kremote: Compressing objects:  62% (224/360)   [Kremote: Compressing objects:  63% (227/360)   [Kremote: Compressing objects:  64% (231/360)   [Kremote: Compressing objects:  65% (234/360)   [Kremote: Compressing objects:  66% (238/360)   [Kremote: Compressing objects:  67% (242/360)   [Kremote: Compressing objects:  68% (245/360)   [Kremote: Compressing objects:  69% (249/360)   [Kremote: Compressing objects:  70% (252/360)   [Kremote: Compressing objects:  71% (256/360)   [Kremote: Compressing objects:  72% (260/360)   [Kremote: Compressing objects:  73% (263/360)   [Kremote: Compressing objects:  74% (267/360)   [Kremote: Compressing objects:  75% (270/360)   [Kremote: Compressing objects:  76% (274/360)   [Kremote: Compressing objects:  77% (278/360)   [Kremote: Compressing objects:  78% (281/360)   [Kremote: Compressing objects:  79% (285/360)   [Kremote: Compressing objects:  80% (288/360)   [Kremote: Compressing objects:  81% (292/360)   [Kremote: Compressing objects:  82% (296/360)   [Kremote: Compressing objects:  83% (299/360)   [Kremote: Compressing objects:  84% (303/360)   [Kremote: Compressing objects:  85% (306/360)   [Kremote: Compressing objects:  86% (310/360)   [Kremote: Compressing objects:  87% (314/360)   [Kremote: Compressing objects:  88% (317/360)   [Kremote: Compressing objects:  89% (321/360)   [Kremote: Compressing objects:  90% (324/360)   [Kremote: Compressing objects:  91% (328/360)   [Kremote: Compressing objects:  92% (332/360)   [Kremote: Compressing objects:  93% (335/360)   [Kremote: Compressing objects:  94% (339/360)   [Kremote: Compressing objects:  95% (342/360)   [Kremote: Compressing objects:  96% (346/360)   [Kremote: Compressing objects:  97% (350/360)   [Kremote: Compressing objects:  98% (353/360)   [Kremote: Compressing objects:  99% (357/360)   [Kremote: Compressing objects: 100% (360/360)   [Kremote: Compressing objects: 100% (360/360), done.[K
Receiving objects:   0% (1/627)   Receiving objects:   1% (7/627)   Receiving objects:   2% (13/627)   Receiving objects:   3% (19/627)   Receiving objects:   4% (26/627)   Receiving objects:   5% (32/627)   Receiving objects:   6% (38/627)   Receiving objects:   7% (44/627)   Receiving objects:   8% (51/627)   Receiving objects:   9% (57/627)   Receiving objects:  10% (63/627)   Receiving objects:  11% (69/627)   Receiving objects:  12% (76/627)   Receiving objects:  13% (82/627)   Receiving objects:  14% (88/627)   Receiving objects:  15% (95/627)   Receiving objects:  16% (101/627)   Receiving objects:  17% (107/627)   Receiving objects:  18% (113/627)   Receiving objects:  19% (120/627)   Receiving objects:  20% (126/627)   Receiving objects:  21% (132/627)   Receiving objects:  22% (138/627)   Receiving objects:  23% (145/627)   Receiving objects:  24% (151/627)   Receiving objects:  25% (157/627)   Receiving objects:  26% (164/627)   Receiving objects:  27% (170/627)   Receiving objects:  28% (176/627)   Receiving objects:  29% (182/627)   Receiving objects:  30% (189/627)   remote: Total 627 (delta 254), reused 486 (delta 141), pack-reused 0[K
Receiving objects:  31% (195/627)   Receiving objects:  32% (201/627)   Receiving objects:  33% (207/627)   Receiving objects:  34% (214/627)   Receiving objects:  35% (220/627)   Receiving objects:  36% (226/627)   Receiving objects:  37% (232/627)   Receiving objects:  38% (239/627)   Receiving objects:  39% (245/627)   Receiving objects:  40% (251/627)   Receiving objects:  41% (258/627)   Receiving objects:  42% (264/627)   Receiving objects:  43% (270/627)   Receiving objects:  44% (276/627)   Receiving objects:  45% (283/627)   Receiving objects:  46% (289/627)   Receiving objects:  47% (295/627)   Receiving objects:  48% (301/627)   Receiving objects:  49% (308/627)   Receiving objects:  50% (314/627)   Receiving objects:  51% (320/627)   Receiving objects:  52% (327/627)   Receiving objects:  53% (333/627)   Receiving objects:  54% (339/627)   Receiving objects:  55% (345/627)   Receiving objects:  56% (352/627)   Receiving objects:  57% (358/627)   Receiving objects:  58% (364/627)   Receiving objects:  59% (370/627)   Receiving objects:  60% (377/627)   Receiving objects:  61% (383/627)   Receiving objects:  62% (389/627)   Receiving objects:  63% (396/627)   Receiving objects:  64% (402/627)   Receiving objects:  65% (408/627)   Receiving objects:  66% (414/627)   Receiving objects:  67% (421/627)   Receiving objects:  68% (427/627)   Receiving objects:  69% (433/627)   Receiving objects:  70% (439/627)   Receiving objects:  71% (446/627)   Receiving objects:  72% (452/627)   Receiving objects:  73% (458/627)   Receiving objects:  74% (464/627)   Receiving objects:  75% (471/627)   Receiving objects:  76% (477/627)   Receiving objects:  77% (483/627)   Receiving objects:  78% (490/627)   Receiving objects:  79% (496/627)   Receiving objects:  80% (502/627)   Receiving objects:  81% (508/627)   Receiving objects:  82% (515/627)   Receiving objects:  83% (521/627)   Receiving objects:  84% (527/627)   Receiving objects:  85% (533/627)   Receiving objects:  86% (540/627)   Receiving objects:  87% (546/627)   Receiving objects:  88% (552/627)   Receiving objects:  89% (559/627)   Receiving objects:  90% (565/627)   Receiving objects:  91% (571/627)   Receiving objects:  92% (577/627)   Receiving objects:  93% (584/627)   Receiving objects:  94% (590/627)   Receiving objects:  95% (596/627)   Receiving objects:  96% (602/627)   Receiving objects:  97% (609/627)   Receiving objects:  98% (615/627)   Receiving objects:  99% (621/627)   Receiving objects: 100% (627/627)   Receiving objects: 100% (627/627), 196.81 KiB | 0 bytes/s, done.
Resolving deltas:   0% (0/254)   Resolving deltas:  24% (61/254)   Resolving deltas:  26% (68/254)   Resolving deltas:  28% (73/254)   Resolving deltas:  35% (91/254)   Resolving deltas:  49% (125/254)   Resolving deltas:  50% (128/254)   Resolving deltas:  56% (144/254)   Resolving deltas:  57% (145/254)   Resolving deltas:  59% (152/254)   Resolving deltas:  62% (160/254)   Resolving deltas:  63% (161/254)   Resolving deltas:  64% (163/254)   Resolving deltas:  65% (166/254)   Resolving deltas:  67% (171/254)   Resolving deltas:  68% (174/254)   Resolving deltas:  69% (176/254)   Resolving deltas:  71% (181/254)   Resolving deltas:  72% (183/254)   Resolving deltas:  80% (205/254)   Resolving deltas:  81% (206/254)   Resolving deltas:  83% (211/254)   Resolving deltas:  84% (214/254)   Resolving deltas:  87% (222/254)   Resolving deltas:  89% (227/254)   Resolving deltas:  91% (232/254)   Resolving deltas:  92% (234/254)   Resolving deltas:  96% (245/254)   Resolving deltas:  99% (252/254)   Resolving deltas: 100% (254/254)   Resolving deltas: 100% (254/254), done.
Checking connectivity... done.

travis_time:end:15f46912:start=1467003772467443661,finish=1467003773036242519,duration=568798858[0K$ cd square/okio
$ git checkout -qf d1f92a2b7e899fbbb6c5f9f089c3600a17ad4cdc
travis_fold:end:git.checkout[0K
[33;1mThis job is running on container-based infrastructure, which does not allow use of 'sudo', setuid and setguid executables.[0m
[33;1mIf you require sudo, add 'sudo: required' to your .travis.yml[0m
[33;1mSee https://docs.travis-ci.com/user/workers/container-based-infrastructure/ for details.[0m

[33;1mSetting environment variables from .travis.yml[0m
$ export CI_DEPLOY_USERNAME=[secure]
$ export CI_DEPLOY_PASSWORD=[secure]

$ jdk_switcher use oraclejdk7
Switching to Oracle JDK7 (java-7-oracle), JAVA_HOME will be set to /usr/lib/jvm/java-7-oracle
travis_fold:start:cache.1[0KSetting up build cache
$ export CASHER_DIR=$HOME/.casher
travis_time:start:1d94941e[0K$ Installing caching utilities

travis_time:end:1d94941e:start=1467003776408459506,finish=1467003776468162044,duration=59702538[0Ktravis_time:start:001b61ff[0K
travis_time:end:001b61ff:start=1467003776472734686,finish=1467003776475869386,duration=3134700[0Ktravis_time:start:01f7860d[0K[32;1mattempting to download cache archive[0m
[32;1mfetching jwrange-equals/cache-linux-precise-e3b0c44298fc1c149afbf4c8996fb92427ae41e4649b934ca495991b7852b855--jdk-oraclejdk7.tgz[0m
[32;1mfound cache[0m

travis_time:end:01f7860d:start=1467003776479518579,finish=1467003777021835342,duration=542316763[0Ktravis_time:start:08b2d4b1[0K
travis_time:end:08b2d4b1:start=1467003777025573893,finish=1467003777028758924,duration=3185031[0Ktravis_time:start:0dd15da2[0K[32;1madding /home/travis/.m2 to cache[0m

travis_time:end:0dd15da2:start=1467003777032440733,finish=1467003778391599180,duration=1359158447[0Ktravis_fold:end:cache.1[0K$ java -Xmx32m -version
java version "1.7.0_76"
Java(TM) SE Runtime Environment (build 1.7.0_76-b13)
Java HotSpot(TM) 64-Bit Server VM (build 24.76-b04, mixed mode)
$ javac -J-Xmx32m -version
javac 1.7.0_76
travis_fold:start:install[0Ktravis_time:start:121f6fcd[0K$ mvn install -DskipTests=true -Dmaven.javadoc.skip=true -B -V
Apache Maven 3.2.5 (12a6b3acb947671f09b81f49094c53f426d8cea1; 2014-12-14T17:29:23+00:00)
Maven home: /usr/local/maven
Java version: 1.7.0_76, vendor: Oracle Corporation
Java home: /usr/lib/jvm/java-7-oracle/jre
Default locale: en_US, platform encoding: UTF-8
OS name: "linux", version: "3.13.0-40-generic", arch: "amd64", family: "unix"
[INFO] Scanning for projects...
[INFO] ------------------------------------------------------------------------
[INFO] Reactor Build Order:
[INFO] 
[INFO] Okio (Parent)
[INFO] Okio
[INFO] Okio Performance Benchmarks
[INFO]                                                                         
[INFO] ------------------------------------------------------------------------
[INFO] Building Okio (Parent) 1.9.0-SNAPSHOT
[INFO] ------------------------------------------------------------------------
[INFO] 
[INFO] --- maven-enforcer-plugin:1.0:enforce (enforce-maven) @ okio-parent ---
[INFO] 
[INFO] --- maven-install-plugin:2.4:install (default-install) @ okio-parent ---
[INFO] Installing /home/travis/build/square/okio/pom.xml to /home/travis/.m2/repository/com/squareup/okio/okio-parent/1.9.0-SNAPSHOT/okio-parent-1.9.0-SNAPSHOT.pom
[INFO]                                                                         
[INFO] ------------------------------------------------------------------------
[INFO] Building Okio 1.9.0-SNAPSHOT
[INFO] ------------------------------------------------------------------------
[INFO] 
[INFO] --- maven-enforcer-plugin:1.0:enforce (enforce-maven) @ okio ---
[INFO] 
[INFO] --- maven-resources-plugin:2.6:resources (default-resources) @ okio ---
[INFO] Using 'UTF-8' encoding to copy filtered resources.
[INFO] skip non existing resourceDirectory /home/travis/build/square/okio/okio/src/main/resources
[INFO] 
[INFO] --- maven-compiler-plugin:3.0:compile (default-compile) @ okio ---
[INFO] Changes detected - recompiling the module!
[INFO] Compiling 27 source files to /home/travis/build/square/okio/okio/target/classes
[INFO] 
[INFO] --- maven-resources-plugin:2.6:testResources (default-testResources) @ okio ---
[INFO] Using 'UTF-8' encoding to copy filtered resources.
[INFO] skip non existing resourceDirectory /home/travis/build/square/okio/okio/src/test/resources
[INFO] 
[INFO] --- maven-compiler-plugin:3.0:testCompile (default-testCompile) @ okio ---
[INFO] Changes detected - recompiling the module!
[INFO] Compiling 21 source files to /home/travis/build/square/okio/okio/target/test-classes
[INFO] 
[INFO] --- maven-surefire-plugin:2.12.4:test (default-test) @ okio ---
[INFO] Tests are skipped.
[INFO] 
[INFO] --- animal-sniffer-maven-plugin:1.10:check (default) @ okio ---
[INFO] Checking unresolved references to org.codehaus.mojo.signature:java16:1.1
[INFO] 
[INFO] --- maven-jar-plugin:2.4:jar (default-jar) @ okio ---
[INFO] Building jar: /home/travis/build/square/okio/okio/target/okio-1.9.0-SNAPSHOT.jar
[INFO] 
[INFO] --- maven-install-plugin:2.4:install (default-install) @ okio ---
[INFO] Installing /home/travis/build/square/okio/okio/target/okio-1.9.0-SNAPSHOT.jar to /home/travis/.m2/repository/com/squareup/okio/okio/1.9.0-SNAPSHOT/okio-1.9.0-SNAPSHOT.jar
[INFO] Installing /home/travis/build/square/okio/okio/pom.xml to /home/travis/.m2/repository/com/squareup/okio/okio/1.9.0-SNAPSHOT/okio-1.9.0-SNAPSHOT.pom
[INFO]                                                                         
[INFO] ------------------------------------------------------------------------
[INFO] Building Okio Performance Benchmarks 1.9.0-SNAPSHOT
[INFO] ------------------------------------------------------------------------
[INFO] 
[INFO] --- maven-enforcer-plugin:1.0:enforce (enforce-maven) @ benchmarks ---
[INFO] 
[INFO] --- maven-resources-plugin:2.6:resources (default-resources) @ benchmarks ---
[INFO] Using 'UTF-8' encoding to copy filtered resources.
[INFO] skip non existing resourceDirectory /home/travis/build/square/okio/benchmarks/src/main/resources
[INFO] 
[INFO] --- maven-compiler-plugin:3.0:compile (default-compile) @ benchmarks ---
[INFO] Changes detected - recompiling the module!
[INFO] Compiling 2 source files to /home/travis/build/square/okio/benchmarks/target/classes
[INFO] 
[INFO] --- maven-resources-plugin:2.6:testResources (default-testResources) @ benchmarks ---
[INFO] Using 'UTF-8' encoding to copy filtered resources.
[INFO] skip non existing resourceDirectory /home/travis/build/square/okio/benchmarks/src/test/resources
[INFO] 
[INFO] --- maven-compiler-plugin:3.0:testCompile (default-testCompile) @ benchmarks ---
[INFO] No sources to compile
[INFO] 
[INFO] --- maven-surefire-plugin:2.12.4:test (default-test) @ benchmarks ---
[INFO] Tests are skipped.
[INFO] 
[INFO] --- maven-jar-plugin:2.4:jar (default-jar) @ benchmarks ---
[INFO] Building jar: /home/travis/build/square/okio/benchmarks/target/benchmarks-1.9.0-SNAPSHOT.jar
[INFO] 
[INFO] --- maven-shade-plugin:2.2:shade (default) @ benchmarks ---
[INFO] Including org.openjdk.jmh:jmh-core:jar:1.4.1 in the shaded jar.
[INFO] Including net.sf.jopt-simple:jopt-simple:jar:4.6 in the shaded jar.
[INFO] Including org.apache.commons:commons-math3:jar:3.2 in the shaded jar.
[INFO] Including com.squareup.okio:okio:jar:1.9.0-SNAPSHOT in the shaded jar.
[INFO] Replacing /home/travis/build/square/okio/benchmarks/target/benchmarks.jar with /home/travis/build/square/okio/benchmarks/target/benchmarks-1.9.0-SNAPSHOT-shaded.jar
[INFO] 
[INFO] --- maven-install-plugin:2.4:install (default-install) @ benchmarks ---
[INFO] Installing /home/travis/build/square/okio/benchmarks/target/benchmarks-1.9.0-SNAPSHOT.jar to /home/travis/.m2/repository/com/squareup/okio/benchmarks/1.9.0-SNAPSHOT/benchmarks-1.9.0-SNAPSHOT.jar
[INFO] Installing /home/travis/build/square/okio/benchmarks/pom.xml to /home/travis/.m2/repository/com/squareup/okio/benchmarks/1.9.0-SNAPSHOT/benchmarks-1.9.0-SNAPSHOT.pom
[INFO] ------------------------------------------------------------------------
[INFO] Reactor Summary:
[INFO] 
[INFO] Okio (Parent) ...................................... SUCCESS [  0.655 s]
[INFO] Okio ............................................... SUCCESS [  6.151 s]
[INFO] Okio Performance Benchmarks ........................ SUCCESS [  3.262 s]
[INFO] ------------------------------------------------------------------------
[INFO] BUILD SUCCESS
[INFO] ------------------------------------------------------------------------
[INFO] Total time: 10.249 s
[INFO] Finished at: 2016-06-27T05:03:10+00:00
[INFO] Final Memory: 21M/491M
[INFO] ------------------------------------------------------------------------

travis_time:end:121f6fcd:start=1467003778827012697,finish=1467003791561575931,duration=12734563234[0Ktravis_fold:end:install[0Ktravis_time:start:00a50dca[0K$ mvn test -B
[INFO] Scanning for projects...
[INFO] ------------------------------------------------------------------------
[INFO] Reactor Build Order:
[INFO] 
[INFO] Okio (Parent)
[INFO] Okio
[INFO] Okio Performance Benchmarks
[INFO]                                                                         
[INFO] ------------------------------------------------------------------------
[INFO] Building Okio (Parent) 1.9.0-SNAPSHOT
[INFO] ------------------------------------------------------------------------
[INFO] 
[INFO] --- maven-enforcer-plugin:1.0:enforce (enforce-maven) @ okio-parent ---
[INFO]                                                                         
[INFO] ------------------------------------------------------------------------
[INFO] Building Okio 1.9.0-SNAPSHOT
[INFO] ------------------------------------------------------------------------
[INFO] 
[INFO] --- maven-enforcer-plugin:1.0:enforce (enforce-maven) @ okio ---
[INFO] 
[INFO] --- maven-resources-plugin:2.6:resources (default-resources) @ okio ---
[INFO] Using 'UTF-8' encoding to copy filtered resources.
[INFO] skip non existing resourceDirectory /home/travis/build/square/okio/okio/src/main/resources
[INFO] 
[INFO] --- maven-compiler-plugin:3.0:compile (default-compile) @ okio ---
[INFO] Changes detected - recompiling the module!
[INFO] Compiling 27 source files to /home/travis/build/square/okio/okio/target/classes
[INFO] 
[INFO] --- maven-resources-plugin:2.6:testResources (default-testResources) @ okio ---
[INFO] Using 'UTF-8' encoding to copy filtered resources.
[INFO] skip non existing resourceDirectory /home/travis/build/square/okio/okio/src/test/resources
[INFO] 
[INFO] --- maven-compiler-plugin:3.0:testCompile (default-testCompile) @ okio ---
[INFO] Changes detected - recompiling the module!
[INFO] Compiling 21 source files to /home/travis/build/square/okio/okio/target/test-classes
[INFO] 
[INFO] --- maven-surefire-plugin:2.12.4:test (default-test) @ okio ---
[INFO] Surefire report directory: /home/travis/build/square/okio/okio/target/surefire-reports

-------------------------------------------------------
 T E S T S
-------------------------------------------------------
Running okio.GzipSourceTest
Tests run: 11, Failures: 0, Errors: 0, Skipped: 0, Time elapsed: 0.061 sec
Running okio.DeflaterSinkTest
Tests run: 7, Failures: 0, Errors: 0, Skipped: 0, Time elapsed: 0.859 sec
Running okio.ReadUtf8LineTest
Tests run: 18, Failures: 0, Errors: 0, Skipped: 0, Time elapsed: 0.037 sec
Running okio.SocketTimeoutTest
Tests run: 4, Failures: 0, Errors: 0, Skipped: 0, Time elapsed: 0.87 sec
Running okio.ByteStringTest
Tests run: 90, Failures: 0, Errors: 0, Skipped: 0, Time elapsed: 0.112 sec
Running okio.RealBufferedSourceTest
Tests run: 10, Failures: 0, Errors: 0, Skipped: 0, Time elapsed: 0.023 sec
Running okio.BufferTest
Tests run: 46, Failures: 0, Errors: 0, Skipped: 0, Time elapsed: 0.109 sec
Running okio.SegmentSharingTest
Tests run: 14, Failures: 0, Errors: 0, Skipped: 0, Time elapsed: 0.137 sec
Running okio.HashingTest
Tests run: 7, Failures: 0, Errors: 0, Skipped: 0, Time elapsed: 0.029 sec
Running okio.Utf8Test
Tests run: 19, Failures: 0, Errors: 0, Skipped: 0, Time elapsed: 0.032 sec
Running okio.GzipSinkTest
Tests run: 2, Failures: 0, Errors: 0, Skipped: 0, Time elapsed: 0.004 sec
Running okio.HashingSinkTest
Tests run: 7, Failures: 0, Errors: 0, Skipped: 0, Time elapsed: 0.009 sec
Running okio.AsyncTimeoutTest
Tests run: 18, Failures: 0, Errors: 0, Skipped: 0, Time elapsed: 8.571 sec
Running okio.BufferedSourceTest
Tests run: 240, Failures: 0, Errors: 0, Skipped: 2, Time elapsed: 3.521 sec
Running okio.InflaterSourceTest
Tests run: 5, Failures: 0, Errors: 0, Skipped: 0, Time elapsed: 0.215 sec
Running okio.BufferedSinkTest
Tests run: 52, Failures: 0, Errors: 0, Skipped: 0, Time elapsed: 0.035 sec
Running okio.HashingSourceTest
Tests run: 7, Failures: 0, Errors: 0, Skipped: 0, Time elapsed: 0.006 sec
Running okio.OkioTest
Tests run: 6, Failures: 0, Errors: 0, Skipped: 0, Time elapsed: 0.018 sec
Running okio.RealBufferedSinkTest
Tests run: 16, Failures: 0, Errors: 0, Skipped: 0, Time elapsed: 0.008 sec

Results :

Tests run: 579, Failures: 0, Errors: 0, Skipped: 2

[INFO] 
[INFO] --- animal-sniffer-maven-plugin:1.10:check (default) @ okio ---
[INFO] Checking unresolved references to org.codehaus.mojo.signature:java16:1.1
[INFO]                                                                         
[INFO] ------------------------------------------------------------------------
[INFO] Building Okio Performance Benchmarks 1.9.0-SNAPSHOT
[INFO] ------------------------------------------------------------------------
[INFO] 
[INFO] --- maven-enforcer-plugin:1.0:enforce (enforce-maven) @ benchmarks ---
[INFO] 
[INFO] --- maven-resources-plugin:2.6:resources (default-resources) @ benchmarks ---
[INFO] Using 'UTF-8' encoding to copy filtered resources.
[INFO] skip non existing resourceDirectory /home/travis/build/square/okio/benchmarks/src/main/resources
[INFO] 
[INFO] --- maven-compiler-plugin:3.0:compile (default-compile) @ benchmarks ---
[INFO] Changes detected - recompiling the module!
[INFO] Compiling 2 source files to /home/travis/build/square/okio/benchmarks/target/classes
[INFO] 
[INFO] --- maven-resources-plugin:2.6:testResources (default-testResources) @ benchmarks ---
[INFO] Using 'UTF-8' encoding to copy filtered resources.
[INFO] skip non existing resourceDirectory /home/travis/build/square/okio/benchmarks/src/test/resources
[INFO] 
[INFO] --- maven-compiler-plugin:3.0:testCompile (default-testCompile) @ benchmarks ---
[INFO] No sources to compile
[INFO] 
[INFO] --- maven-surefire-plugin:2.12.4:test (default-test) @ benchmarks ---
[INFO] No tests to run.
[INFO] ------------------------------------------------------------------------
[INFO] Reactor Summary:
[INFO] 
[INFO] Okio (Parent) ...................................... SUCCESS [  0.511 s]
[INFO] Okio ............................................... SUCCESS [ 20.462 s]
[INFO] Okio Performance Benchmarks ........................ SUCCESS [  1.697 s]
[INFO] ------------------------------------------------------------------------
[INFO] BUILD SUCCESS
[INFO] ------------------------------------------------------------------------
[INFO] Total time: 22.890 s
[INFO] Finished at: 2016-06-27T05:03:36+00:00
[INFO] Final Memory: 16M/491M
[INFO] ------------------------------------------------------------------------

travis_time:end:00a50dca:start=1467003791565782770,finish=1467003816880588750,duration=25314805980[0K
[32;1mThe command "mvn test -B" exited with 0.[0m
travis_fold:start:cache.2[0Kstore build cache
travis_time:start:0ece8c2d[0K
travis_time:end:0ece8c2d:start=1467003816884659851,finish=1467003816887915195,duration=3255344[0Ktravis_time:start:13099fa6[0K[32;1mchange detected (content changed, file is created, or file is deleted):
/home/travis/.m2/repository/com/squareup/okio/benchmarks/1.9.0-SNAPSHOT/benchmarks-1.9.0-SNAPSHOT.jar
/home/travis/.m2/repository/com/squareup/okio/benchmarks/1.9.0-SNAPSHOT/maven-metadata-local.xml
/home/travis/.m2/repository/com/squareup/okio/benchmarks/1.9.0-SNAPSHOT/_remote.repositories
/home/travis/.m2/repository/com/squareup/okio/benchmarks/maven-metadata-local.xml
/home/travis/.m2/repository/com/squareup/okio/okio/1.9.0-SNAPSHOT/maven-metadata-local.xml
/home/travis/.m2/repository/com/squareup/okio/okio/1.9.0-SNAPSHOT/okio-1.9.0-SNAPSHOT.jar
/home/travis/.m2/repository/com/squareup/okio/okio/1.9.0-SNAPSHOT/_remote.repositories
/home/travis/.m2/repository/com/squareup/okio/okio/maven-metadata-local.xml
/home/travis/.m2/repository/com/squareup/okio/okio-parent/1.9.0-SNAPSHOT/maven-metadata-local.xml
/home/travis/.m2/repository/com/squareup/okio/okio-parent/1.9.0-SNAPSHOT/_remote.repositories
/home/travis/.m2/repository/com/squareup/okio/okio-parent/maven-metadata-local.xml

[0m
[32;1mchanges detected, packing new archive[0m
[32;1muploading archive[0m

travis_time:end:13099fa6:start=1467003816891594169,finish=1467003818871912891,duration=1980318722[0Ktravis_fold:end:cache.2[0Ktravis_fold:start:after_success[0Ktravis_time:start:0baa4685[0K$ .buildscript/deploy_snapshot.sh
Skipping snapshot deployment: wrong JDK. Expected 'oraclejdk8' but was 'oraclejdk7'.

travis_time:end:0baa4685:start=1467003818875895207,finish=1467003818880404329,duration=4509122[0Ktravis_fold:end:after_success[0K
Done. Your build exited with 0.
