travis_fold:start:worker_info[0K[33;1mWorker information[0m
hostname: i-0ffdaaa-precise-production-2-worker-org-docker.travisci.net:5f742b74-0cf6-46d0-aaa5-2d289e55f066
version: v2.5.0 https://github.com/travis-ci/worker/tree/da3a43228dffc0fcca5a46569ca786b22991979f
instance: 69d6efc:travis:java
startup: 509.076955ms
travis_fold:end:worker_info[0Ktravis_fold:start:system_info[0K[33;1mBuild system information[0m
Build language: java
Build group: stable
Build dist: precise
Build id: 226711044
Job id: 226711045
travis-build version: ae844078b
[34m[1mBuild image provisioning date and time[0m
Thu Feb  5 15:09:33 UTC 2015
[34m[1mOperating System Details[0m
Distributor ID:	Ubuntu
Description:	Ubuntu 12.04.5 LTS
Release:	12.04
Codename:	precise
[34m[1mLinux Version[0m
3.13.0-29-generic
[34m[1mCookbooks Version[0m
a68419e https://github.com/travis-ci/travis-cookbooks/tree/a68419e
[34m[1mGCC version[0m
gcc (Ubuntu/Linaro 4.6.3-1ubuntu5) 4.6.3
Copyright (C) 2011 Free Software Foundation, Inc.
This is free software; see the source for copying conditions.  There is NO
warranty; not even for MERCHANTABILITY or FITNESS FOR A PARTICULAR PURPOSE.

[34m[1mLLVM version[0m
clang version 3.4 (tags/RELEASE_34/final)
Target: x86_64-unknown-linux-gnu
Thread model: posix
[34m[1mPre-installed Ruby versions[0m
ruby-1.9.3-p551
[34m[1mPre-installed Node.js versions[0m
v0.10.36
[34m[1mPre-installed Go versions[0m
1.4.1
[34m[1mRedis version[0m
redis-server 2.8.19
[34m[1mriak version[0m
2.0.2
[34m[1mMongoDB version[0m
MongoDB 2.4.12
[34m[1mCouchDB version[0m
couchdb 1.6.1
[34m[1mNeo4j version[0m
1.9.4
[34m[1mRabbitMQ Version[0m
3.4.3
[34m[1mElasticSearch version[0m
1.4.0
[34m[1mInstalled Sphinx versions[0m
2.0.10
2.1.9
2.2.6
[34m[1mDefault Sphinx version[0m
2.2.6
[34m[1mInstalled Firefox version[0m
firefox 31.0esr
[34m[1mPhantomJS version[0m
1.9.8
[34m[1mant -version[0m
Apache Ant(TM) version 1.8.2 compiled on December 3 2011
[34m[1mmvn -version[0m
Apache Maven 3.2.5 (12a6b3acb947671f09b81f49094c53f426d8cea1; 2014-12-14T17:29:23+00:00)
Maven home: /usr/local/maven
Java version: 1.7.0_76, vendor: Oracle Corporation
Java home: /usr/lib/jvm/java-7-oracle/jre
Default locale: en_US, platform encoding: ANSI_X3.4-1968
OS name: "linux", version: "3.13.0-29-generic", arch: "amd64", family: "unix"
travis_fold:end:system_info[0K
travis_fold:start:fix.CVE-2015-7547[0K$ export DEBIAN_FRONTEND=noninteractive
Reading package lists...
Building dependency tree...
Reading state information...
The following extra packages will be installed:
  libc-bin libc-dev-bin libc6-dev
Suggested packages:
  glibc-doc
The following packages will be upgraded:
  libc-bin libc-dev-bin libc6 libc6-dev
4 upgraded, 0 newly installed, 0 to remove and 278 not upgraded.
Need to get 8,856 kB of archives.
After this operation, 13.3 kB of additional disk space will be used.
Get:1 http://us.archive.ubuntu.com/ubuntu/ precise-updates/main libc6-dev amd64 2.15-0ubuntu10.18 [2,948 kB]
Get:2 http://us.archive.ubuntu.com/ubuntu/ precise-updates/main libc-dev-bin amd64 2.15-0ubuntu10.18 [84.5 kB]
Get:3 http://us.archive.ubuntu.com/ubuntu/ precise-updates/main libc-bin amd64 2.15-0ubuntu10.18 [1,178 kB]
Get:4 http://us.archive.ubuntu.com/ubuntu/ precise-updates/main libc6 amd64 2.15-0ubuntu10.18 [4,646 kB]
Fetched 8,856 kB in 0s (34.9 MB/s)
Preconfiguring packages ...
(Reading database ... (Reading database ... 5%(Reading database ... 10%(Reading database ... 15%(Reading database ... 20%(Reading database ... 25%(Reading database ... 30%(Reading database ... 35%(Reading database ... 40%(Reading database ... 45%(Reading database ... 50%(Reading database ... 55%(Reading database ... 60%(Reading database ... 65%(Reading database ... 70%(Reading database ... 75%(Reading database ... 80%(Reading database ... 85%(Reading database ... 90%(Reading database ... 95%(Reading database ... 100%(Reading database ... 72019 files and directories currently installed.)
Preparing to replace libc6-dev 2.15-0ubuntu10.10 (using .../libc6-dev_2.15-0ubuntu10.18_amd64.deb) ...
Unpacking replacement libc6-dev ...
Preparing to replace libc-dev-bin 2.15-0ubuntu10.10 (using .../libc-dev-bin_2.15-0ubuntu10.18_amd64.deb) ...
Unpacking replacement libc-dev-bin ...
Preparing to replace libc-bin 2.15-0ubuntu10.10 (using .../libc-bin_2.15-0ubuntu10.18_amd64.deb) ...
Unpacking replacement libc-bin ...
Processing triggers for man-db ...
Setting up libc-bin (2.15-0ubuntu10.18) ...
(Reading database ... (Reading database ... 5%(Reading database ... 10%(Reading database ... 15%(Reading database ... 20%(Reading database ... 25%(Reading database ... 30%(Reading database ... 35%(Reading database ... 40%(Reading database ... 45%(Reading database ... 50%(Reading database ... 55%(Reading database ... 60%(Reading database ... 65%(Reading database ... 70%(Reading database ... 75%(Reading database ... 80%(Reading database ... 85%(Reading database ... 90%(Reading database ... 95%(Reading database ... 100%(Reading database ... 72018 files and directories currently installed.)
Preparing to replace libc6 2.15-0ubuntu10.10 (using .../libc6_2.15-0ubuntu10.18_amd64.deb) ...
Unpacking replacement libc6 ...
Setting up libc6 (2.15-0ubuntu10.18) ...
Setting up libc-dev-bin (2.15-0ubuntu10.18) ...
Setting up libc6-dev (2.15-0ubuntu10.18) ...
Processing triggers for libc-bin ...
ldconfig deferred processing now taking place
travis_fold:end:fix.CVE-2015-7547[0K$ jdk_switcher use oraclejdk8
Switching to Oracle JDK8 (java-8-oracle), JAVA_HOME will be set to /usr/lib/jvm/java-8-oracle
travis_fold:start:git.checkout[0Ktravis_time:start:1f05a728[0K$ git clone --depth=50 --branch=master https://github.com/owlcs/owlapi.git owlcs/owlapi
Cloning into 'owlcs/owlapi'...
remote: Counting objects: 9100, done.[K
remote: Compressing objects:   0% (1/2992)   [Kremote: Compressing objects:   1% (30/2992)   [Kremote: Compressing objects:   2% (60/2992)   [Kremote: Compressing objects:   3% (90/2992)   [Kremote: Compressing objects:   4% (120/2992)   [Kremote: Compressing objects:   5% (150/2992)   [Kremote: Compressing objects:   6% (180/2992)   [Kremote: Compressing objects:   7% (210/2992)   [Kremote: Compressing objects:   8% (240/2992)   [Kremote: Compressing objects:   9% (270/2992)   [Kremote: Compressing objects:  10% (300/2992)   [Kremote: Compressing objects:  11% (330/2992)   [Kremote: Compressing objects:  12% (360/2992)   [Kremote: Compressing objects:  13% (389/2992)   [Kremote: Compressing objects:  14% (419/2992)   [Kremote: Compressing objects:  15% (449/2992)   [Kremote: Compressing objects:  16% (479/2992)   [Kremote: Compressing objects:  17% (509/2992)   [Kremote: Compressing objects:  18% (539/2992)   [Kremote: Compressing objects:  19% (569/2992)   [Kremote: Compressing objects:  20% (599/2992)   [Kremote: Compressing objects:  21% (629/2992)   [Kremote: Compressing objects:  22% (659/2992)   [Kremote: Compressing objects:  23% (689/2992)   [Kremote: Compressing objects:  24% (719/2992)   [Kremote: Compressing objects:  25% (748/2992)   [Kremote: Compressing objects:  26% (778/2992)   [Kremote: Compressing objects:  27% (808/2992)   [Kremote: Compressing objects:  28% (838/2992)   [Kremote: Compressing objects:  29% (868/2992)   [Kremote: Compressing objects:  30% (898/2992)   [Kremote: Compressing objects:  31% (928/2992)   [Kremote: Compressing objects:  32% (958/2992)   [Kremote: Compressing objects:  33% (988/2992)   [Kremote: Compressing objects:  34% (1018/2992)   [Kremote: Compressing objects:  35% (1048/2992)   [Kremote: Compressing objects:  36% (1078/2992)   [Kremote: Compressing objects:  37% (1108/2992)   [Kremote: Compressing objects:  38% (1137/2992)   [Kremote: Compressing objects:  39% (1167/2992)   [Kremote: Compressing objects:  40% (1197/2992)   [Kremote: Compressing objects:  41% (1227/2992)   [Kremote: Compressing objects:  42% (1257/2992)   [Kremote: Compressing objects:  43% (1287/2992)   [Kremote: Compressing objects:  44% (1317/2992)   [Kremote: Compressing objects:  45% (1347/2992)   [Kremote: Compressing objects:  46% (1377/2992)   [Kremote: Compressing objects:  47% (1407/2992)   [Kremote: Compressing objects:  48% (1437/2992)   [Kremote: Compressing objects:  49% (1467/2992)   [Kremote: Compressing objects:  50% (1496/2992)   [Kremote: Compressing objects:  51% (1526/2992)   [Kremote: Compressing objects:  52% (1556/2992)   [Kremote: Compressing objects:  53% (1586/2992)   [Kremote: Compressing objects:  54% (1616/2992)   [Kremote: Compressing objects:  55% (1646/2992)   [Kremote: Compressing objects:  56% (1676/2992)   [Kremote: Compressing objects:  57% (1706/2992)   [Kremote: Compressing objects:  58% (1736/2992)   [Kremote: Compressing objects:  59% (1766/2992)   [Kremote: Compressing objects:  60% (1796/2992)   [Kremote: Compressing objects:  61% (1826/2992)   [Kremote: Compressing objects:  62% (1856/2992)   [Kremote: Compressing objects:  63% (1885/2992)   [Kremote: Compressing objects:  64% (1915/2992)   [Kremote: Compressing objects:  65% (1945/2992)   [Kremote: Compressing objects:  66% (1975/2992)   [Kremote: Compressing objects:  67% (2005/2992)   [Kremote: Compressing objects:  68% (2035/2992)   [Kremote: Compressing objects:  69% (2065/2992)   [Kremote: Compressing objects:  70% (2095/2992)   [Kremote: Compressing objects:  71% (2125/2992)   [Kremote: Compressing objects:  72% (2155/2992)   [Kremote: Compressing objects:  73% (2185/2992)   [Kremote: Compressing objects:  74% (2215/2992)   [Kremote: Compressing objects:  75% (2244/2992)   [Kremote: Compressing objects:  76% (2274/2992)   [Kremote: Compressing objects:  77% (2304/2992)   [Kremote: Compressing objects:  78% (2334/2992)   [Kremote: Compressing objects:  79% (2364/2992)   [Kremote: Compressing objects:  80% (2394/2992)   [Kremote: Compressing objects:  81% (2424/2992)   [Kremote: Compressing objects:  82% (2454/2992)   [Kremote: Compressing objects:  83% (2484/2992)   [Kremote: Compressing objects:  84% (2514/2992)   [Kremote: Compressing objects:  85% (2544/2992)   [Kremote: Compressing objects:  86% (2574/2992)   [Kremote: Compressing objects:  87% (2604/2992)   [Kremote: Compressing objects:  88% (2633/2992)   [Kremote: Compressing objects:  89% (2663/2992)   [Kremote: Compressing objects:  90% (2693/2992)   [Kremote: Compressing objects:  91% (2723/2992)   [Kremote: Compressing objects:  92% (2753/2992)   [Kremote: Compressing objects:  93% (2783/2992)   [Kremote: Compressing objects:  94% (2813/2992)   [Kremote: Compressing objects:  95% (2843/2992)   [Kremote: Compressing objects:  96% (2873/2992)   [Kremote: Compressing objects:  97% (2903/2992)   [Kremote: Compressing objects:  98% (2933/2992)   [Kremote: Compressing objects:  99% (2963/2992)   [Kremote: Compressing objects: 100% (2992/2992)   [Kremote: Compressing objects: 100% (2992/2992), done.[K
Receiving objects:   0% (1/9100)   Receiving objects:   1% (91/9100)   Receiving objects:   2% (182/9100)   Receiving objects:   3% (273/9100)   Receiving objects:   4% (364/9100)   Receiving objects:   5% (455/9100)   Receiving objects:   6% (546/9100)   Receiving objects:   7% (637/9100)   Receiving objects:   8% (728/9100)   Receiving objects:   9% (819/9100)   Receiving objects:  10% (910/9100)   Receiving objects:  11% (1001/9100)   Receiving objects:  12% (1092/9100)   Receiving objects:  13% (1183/9100)   Receiving objects:  14% (1274/9100)   Receiving objects:  15% (1365/9100)   Receiving objects:  16% (1456/9100)   Receiving objects:  17% (1547/9100)   Receiving objects:  18% (1638/9100)   Receiving objects:  19% (1729/9100)   Receiving objects:  20% (1820/9100)   Receiving objects:  21% (1911/9100)   Receiving objects:  22% (2002/9100)   Receiving objects:  23% (2093/9100)   Receiving objects:  24% (2184/9100)   Receiving objects:  25% (2275/9100)   Receiving objects:  26% (2366/9100)   Receiving objects:  27% (2457/9100)   Receiving objects:  28% (2548/9100)   Receiving objects:  29% (2639/9100)   Receiving objects:  30% (2730/9100)   Receiving objects:  31% (2821/9100)   Receiving objects:  32% (2912/9100)   Receiving objects:  33% (3003/9100)   Receiving objects:  34% (3094/9100)   Receiving objects:  35% (3185/9100)   Receiving objects:  36% (3276/9100)   Receiving objects:  37% (3367/9100)   Receiving objects:  38% (3458/9100)   Receiving objects:  39% (3549/9100)   Receiving objects:  40% (3640/9100)   Receiving objects:  41% (3731/9100)   Receiving objects:  42% (3822/9100)   Receiving objects:  43% (3913/9100)   Receiving objects:  44% (4004/9100)   Receiving objects:  45% (4095/9100)   Receiving objects:  46% (4186/9100)   Receiving objects:  47% (4277/9100)   Receiving objects:  48% (4368/9100)   Receiving objects:  49% (4459/9100)   Receiving objects:  50% (4550/9100)   Receiving objects:  51% (4641/9100)   Receiving objects:  52% (4732/9100)   Receiving objects:  53% (4823/9100)   Receiving objects:  54% (4914/9100)   Receiving objects:  55% (5005/9100)   Receiving objects:  56% (5096/9100)   Receiving objects:  57% (5187/9100)   Receiving objects:  58% (5278/9100)   Receiving objects:  59% (5369/9100)   Receiving objects:  60% (5460/9100)   Receiving objects:  61% (5551/9100)   Receiving objects:  62% (5642/9100)   Receiving objects:  63% (5733/9100)   Receiving objects:  64% (5824/9100)   Receiving objects:  65% (5915/9100)   Receiving objects:  66% (6006/9100)   Receiving objects:  67% (6097/9100)   Receiving objects:  68% (6188/9100)   Receiving objects:  69% (6279/9100)   Receiving objects:  70% (6370/9100)   Receiving objects:  71% (6461/9100)   Receiving objects:  72% (6552/9100)   Receiving objects:  73% (6643/9100)   Receiving objects:  74% (6734/9100)   Receiving objects:  75% (6825/9100)   Receiving objects:  76% (6916/9100)   Receiving objects:  77% (7007/9100)   Receiving objects:  78% (7098/9100)   Receiving objects:  79% (7189/9100)   Receiving objects:  80% (7280/9100)   Receiving objects:  81% (7371/9100)   Receiving objects:  82% (7462/9100)   Receiving objects:  83% (7553/9100)   Receiving objects:  84% (7644/9100)   Receiving objects:  85% (7735/9100)   Receiving objects:  86% (7826/9100)   Receiving objects:  87% (7917/9100)   Receiving objects:  88% (8008/9100)   Receiving objects:  89% (8099/9100)   Receiving objects:  90% (8190/9100)   Receiving objects:  91% (8281/9100)   Receiving objects:  92% (8372/9100)   Receiving objects:  93% (8463/9100)   Receiving objects:  94% (8554/9100)   Receiving objects:  95% (8645/9100)   Receiving objects:  96% (8736/9100)   Receiving objects:  97% (8827/9100)   Receiving objects:  98% (8918/9100)   remote: Total 9100 (delta 6286), reused 7315 (delta 5101), pack-reused 0[K
Receiving objects:  99% (9009/9100)   Receiving objects: 100% (9100/9100)   Receiving objects: 100% (9100/9100), 3.63 MiB | 0 bytes/s, done.
Resolving deltas:   0% (0/6286)   Resolving deltas:   1% (87/6286)   Resolving deltas:   2% (155/6286)   Resolving deltas:   4% (262/6286)   Resolving deltas:   5% (362/6286)   Resolving deltas:   6% (393/6286)   Resolving deltas:   7% (455/6286)   Resolving deltas:   8% (508/6286)   Resolving deltas:   9% (582/6286)   Resolving deltas:  12% (780/6286)   Resolving deltas:  13% (855/6286)   Resolving deltas:  14% (902/6286)   Resolving deltas:  15% (947/6286)   Resolving deltas:  16% (1039/6286)   Resolving deltas:  19% (1242/6286)   Resolving deltas:  20% (1283/6286)   Resolving deltas:  21% (1352/6286)   Resolving deltas:  22% (1392/6286)   Resolving deltas:  23% (1468/6286)   Resolving deltas:  24% (1555/6286)   Resolving deltas:  25% (1574/6286)   Resolving deltas:  27% (1703/6286)   Resolving deltas:  28% (1766/6286)   Resolving deltas:  29% (1833/6286)   Resolving deltas:  30% (1902/6286)   Resolving deltas:  31% (1981/6286)   Resolving deltas:  32% (2040/6286)   Resolving deltas:  33% (2130/6286)   Resolving deltas:  34% (2168/6286)   Resolving deltas:  35% (2212/6286)   Resolving deltas:  36% (2284/6286)   Resolving deltas:  37% (2369/6286)   Resolving deltas:  38% (2404/6286)   Resolving deltas:  39% (2471/6286)   Resolving deltas:  40% (2533/6286)   Resolving deltas:  41% (2585/6286)   Resolving deltas:  43% (2719/6286)   Resolving deltas:  44% (2767/6286)   Resolving deltas:  45% (2835/6286)   Resolving deltas:  46% (2897/6286)   Resolving deltas:  48% (3026/6286)   Resolving deltas:  49% (3085/6286)   Resolving deltas:  50% (3148/6286)   Resolving deltas:  51% (3211/6286)   Resolving deltas:  52% (3270/6286)   Resolving deltas:  53% (3363/6286)   Resolving deltas:  54% (3398/6286)   Resolving deltas:  55% (3459/6286)   Resolving deltas:  56% (3524/6286)   Resolving deltas:  57% (3586/6286)   Resolving deltas:  58% (3651/6286)   Resolving deltas:  59% (3721/6286)   Resolving deltas:  60% (3789/6286)   Resolving deltas:  61% (3849/6286)   Resolving deltas:  62% (3904/6286)   Resolving deltas:  63% (3976/6286)   Resolving deltas:  64% (4028/6286)   Resolving deltas:  65% (4089/6286)   Resolving deltas:  66% (4150/6286)   Resolving deltas:  67% (4212/6286)   Resolving deltas:  68% (4294/6286)   Resolving deltas:  69% (4338/6286)   Resolving deltas:  70% (4402/6286)   Resolving deltas:  71% (4464/6286)   Resolving deltas:  72% (4530/6286)   Resolving deltas:  73% (4598/6286)   Resolving deltas:  74% (4652/6286)   Resolving deltas:  75% (4715/6286)   Resolving deltas:  76% (4782/6286)   Resolving deltas:  77% (4854/6286)   Resolving deltas:  78% (4913/6286)   Resolving deltas:  79% (4975/6286)   Resolving deltas:  80% (5032/6286)   Resolving deltas:  81% (5093/6286)   Resolving deltas:  82% (5161/6286)   Resolving deltas:  83% (5219/6286)   Resolving deltas:  84% (5285/6286)   Resolving deltas:  85% (5346/6286)   Resolving deltas:  86% (5406/6286)   Resolving deltas:  87% (5477/6286)   Resolving deltas:  88% (5537/6286)   Resolving deltas:  89% (5625/6286)   Resolving deltas:  90% (5658/6286)   Resolving deltas:  91% (5724/6286)   Resolving deltas:  92% (5786/6286)   Resolving deltas:  93% (5854/6286)   Resolving deltas:  94% (5911/6286)   Resolving deltas:  95% (5974/6286)   Resolving deltas:  96% (6037/6286)   Resolving deltas:  97% (6098/6286)   Resolving deltas:  98% (6161/6286)   Resolving deltas:  99% (6224/6286)   Resolving deltas: 100% (6286/6286)   Resolving deltas: 100% (6286/6286), done.
Checking connectivity... done.

travis_time:end:1f05a728:start=1493364673583364910,finish=1493364675503604830,duration=1920239920[0K$ cd owlcs/owlapi
$ git checkout -qf 399548705e5aa4be15f91339e9a4218bd2b29ebe
travis_fold:end:git.checkout[0Ktravis_fold:start:apt[0K[33;1mInstalling APT Packages (BETA)[0m
$ export DEBIAN_FRONTEND=noninteractive
travis_time:start:0b9d53e2[0K$ sudo -E apt-get -yq update &>> ~/apt-get-update.log

travis_time:end:0b9d53e2:start=1493364675665052671,finish=1493364680858579834,duration=5193527163[0Ktravis_time:start:00482257[0K$ sudo -E apt-get -yq --no-install-suggests --no-install-recommends --force-yes install oracle-java8-installer
Reading package lists...
Building dependency tree...
Reading state information...
Suggested packages:
  binfmt-support visualvm ttf-baekmuk ttf-unfonts ttf-unfonts-core
  ttf-kochi-gothic ttf-sazanami-gothic ttf-kochi-mincho ttf-sazanami-mincho
  ttf-arphic-uming
Recommended packages:
  oracle-java8-set-default
The following packages will be upgraded:
  oracle-java8-installer
1 upgraded, 0 newly installed, 0 to remove and 277 not upgraded.
Need to get 32.8 kB of archives.
After this operation, 103 kB disk space will be freed.
Get:1 http://ppa.launchpad.net/webupd8team/java/ubuntu/ precise/main oracle-java8-installer all 8u131-1~webupd8~2 [32.8 kB]
Fetched 32.8 kB in 0s (60.5 kB/s)
Preconfiguring packages ...
(Reading database ... (Reading database ... 5%(Reading database ... 10%(Reading database ... 15%(Reading database ... 20%(Reading database ... 25%(Reading database ... 30%(Reading database ... 35%(Reading database ... 40%(Reading database ... 45%(Reading database ... 50%(Reading database ... 55%(Reading database ... 60%(Reading database ... 65%(Reading database ... 70%(Reading database ... 75%(Reading database ... 80%(Reading database ... 85%(Reading database ... 90%(Reading database ... 95%(Reading database ... 100%(Reading database ... 72018 files and directories currently installed.)
Preparing to replace oracle-java8-installer 8u31+8u33arm-1~webupd8~1 (using .../oracle-java8-installer_8u131-1~webupd8~2_all.deb) ...
oracle-license-v1-1 license has already been accepted
Unpacking replacement oracle-java8-installer ...
Processing triggers for shared-mime-info ...
Processing triggers for hicolor-icon-theme ...
Setting up oracle-java8-installer (8u131-1~webupd8~2) ...
No /var/cache/oracle-jdk8-installer/wgetrc file found.
Creating /var/cache/oracle-jdk8-installer/wgetrc and
using default oracle-java8-installer wgetrc settings for it.
Downloading Oracle Java 8...
--2017-04-28 07:31:28--  http://download.oracle.com/otn-pub/java/jdk/8u131-b11/d54c1d3a095b4ff2b6607d096fa80163/jdk-8u131-linux-x64.tar.gz
Resolving download.oracle.com (download.oracle.com)... 104.96.220.152, 104.96.220.162
Connecting to download.oracle.com (download.oracle.com)|104.96.220.152|:80... connected.
HTTP request sent, awaiting response... 302 Moved Temporarily
Location: https://edelivery.oracle.com/otn-pub/java/jdk/8u131-b11/d54c1d3a095b4ff2b6607d096fa80163/jdk-8u131-linux-x64.tar.gz [following]
--2017-04-28 07:31:28--  https://edelivery.oracle.com/otn-pub/java/jdk/8u131-b11/d54c1d3a095b4ff2b6607d096fa80163/jdk-8u131-linux-x64.tar.gz
Resolving edelivery.oracle.com (edelivery.oracle.com)... 23.196.115.62, 2600:1408:20:398::2d3e, 2600:1408:20:38b::2d3e
Connecting to edelivery.oracle.com (edelivery.oracle.com)|23.196.115.62|:443... connected.
HTTP request sent, awaiting response... 302 Moved Temporarily
Location: http://download.oracle.com/otn-pub/java/jdk/8u131-b11/d54c1d3a095b4ff2b6607d096fa80163/jdk-8u131-linux-x64.tar.gz?AuthParam=1493364809_d16f223cdc5ed95fa598cb7988f0f7e0 [following]
--2017-04-28 07:31:29--  http://download.oracle.com/otn-pub/java/jdk/8u131-b11/d54c1d3a095b4ff2b6607d096fa80163/jdk-8u131-linux-x64.tar.gz?AuthParam=1493364809_d16f223cdc5ed95fa598cb7988f0f7e0
Connecting to download.oracle.com (download.oracle.com)|104.96.220.152|:80... connected.
HTTP request sent, awaiting response... 200 OK
Length: 185540433 (177M) [application/x-gzip]
Saving to: `jdk-8u131-linux-x64.tar.gz'

     0K ........ ........ ........ ........ ........ ........  1% 58.4M 3s
  3072K ........ ........ ........ ........ ........ ........  3%  140M 2s
  6144K ........ ........ ........ ........ ........ ........  5% 49.6M 2s
  9216K ........ ........ ........ ........ ........ ........  6% 87.9M 2s
 12288K ........ ........ ........ ........ ........ ........  8% 79.9M 2s
 15360K ........ ........ ........ ........ ........ ........ 10%  153M 2s
 18432K ........ ........ ........ ........ ........ ........ 11%  126M 2s
 21504K ........ ........ ........ ........ ........ ........ 13% 96.2M 2s
 24576K ........ ........ ........ ........ ........ ........ 15% 74.1M 2s
 27648K ........ ........ ........ ........ ........ ........ 16%  161M 2s
 30720K ........ ........ ........ ........ ........ ........ 18% 82.5M 2s
 33792K ........ ........ ........ ........ ........ ........ 20% 79.4M 2s
 36864K ........ ........ ........ ........ ........ ........ 22% 71.4M 2s
 39936K ........ ........ ........ ........ ........ ........ 23%  152M 2s
 43008K ........ ........ ........ ........ ........ ........ 25% 86.6M 1s
 46080K ........ ........ ........ ........ ........ ........ 27%  134M 1s
 49152K ........ ........ ........ ........ ........ ........ 28%  148M 1s
 52224K ........ ........ ........ ........ ........ ........ 30% 85.0M 1s
 55296K ........ ........ ........ ........ ........ ........ 32%  134M 1s
 58368K ........ ........ ........ ........ ........ ........ 33% 93.6M 1s
 61440K ........ ........ ........ ........ ........ ........ 35% 80.1M 1s
 64512K ........ ........ ........ ........ ........ ........ 37%  132M 1s
 67584K ........ ........ ........ ........ ........ ........ 38% 83.8M 1s
 70656K ........ ........ ........ ........ ........ ........ 40%  140M 1s
 73728K ........ ........ ........ ........ ........ ........ 42%  147M 1s
 76800K ........ ........ ........ ........ ........ ........ 44% 78.6M 1s
 79872K ........ ........ ........ ........ ........ ........ 45% 91.2M 1s
 82944K ........ ........ ........ ........ ........ ........ 47%  124M 1s
 86016K ........ ........ ........ ........ ........ ........ 49% 93.3M 1s
 89088K ........ ........ ........ ........ ........ ........ 50%  148M 1s
 92160K ........ ........ ........ ........ ........ ........ 52%  135M 1s
 95232K ........ ........ ........ ........ ........ ........ 54% 83.6M 1s
 98304K ........ ........ ........ ........ ........ ........ 55% 92.9M 1s
101376K ........ ........ ........ ........ ........ ........ 57%  131M 1s
104448K ........ ........ ........ ........ ........ ........ 59% 93.9M 1s
107520K ........ ........ ........ ........ ........ ........ 61%  123M 1s
110592K ........ ........ ........ ........ ........ ........ 62%  163M 1s
113664K ........ ........ ........ ........ ........ ........ 64% 77.8M 1s
116736K ........ ........ ........ ........ ........ ........ 66% 84.9M 1s
119808K ........ ........ ........ ........ ........ ........ 67%  145M 1s
122880K ........ ........ ........ ........ ........ ........ 69% 80.5M 1s
125952K ........ ........ ........ ........ ........ ........ 71%  139M 1s
129024K ........ ........ ........ ........ ........ ........ 72% 80.4M 0s
132096K ........ ........ ........ ........ ........ ........ 74%  141M 0s
135168K ........ ........ ........ ........ ........ ........ 76%  130M 0s
138240K ........ ........ ........ ........ ........ ........ 77% 84.7M 0s
141312K ........ ........ ........ ........ ........ ........ 79% 83.5M 0s
144384K ........ ........ ........ ........ ........ ........ 81%  156M 0s
147456K ........ ........ ........ ........ ........ ........ 83%  129M 0s
150528K ........ ........ ........ ........ ........ ........ 84% 86.9M 0s
153600K ........ ........ ........ ........ ........ ........ 86% 78.2M 0s
156672K ........ ........ ........ ........ ........ ........ 88%  188M 0s
159744K ........ ........ ........ ........ ........ ........ 89%  131M 0s
162816K ........ ........ ........ ........ ........ ........ 91% 84.5M 0s
165888K ........ ........ ........ ........ ........ ........ 93%  149M 0s
168960K ........ ........ ........ ........ ........ ........ 94% 85.0M 0s
172032K ........ ........ ........ ........ ........ ........ 96% 96.8M 0s
175104K ........ ........ ........ ........ ........ ........ 98%  149M 0s
178176K ........ ........ ........ ........ ........ ....... 100%  118M=1.7s

2017-04-28 07:31:30 (102 MB/s) - `jdk-8u131-linux-x64.tar.gz' saved [185540433/185540433]

Download done.
Removing outdated cached downloads...
Oracle JRE 8 browser plugin installed
Oracle JDK 8 installed

#####Important########
To set Oracle JDK8 as default, install the "oracle-java8-set-default" package.
E.g.: sudo apt install oracle-java8-set-default
On Ubuntu systems, oracle-java8-set-default is most probably installed
automatically with this package.
######################


travis_time:end:00482257:start=1493364680863387792,finish=1493364696253867147,duration=15390479355[0Ktravis_fold:end:apt[0Ktravis_fold:start:cache.1[0KSetting up build cache
$ export CASHER_DIR=$HOME/.casher
travis_time:start:3859c282[0K$ Installing caching utilities

travis_time:end:3859c282:start=1493364699871956652,finish=1493364699912395945,duration=40439293[0Ktravis_time:start:21fa4fb8[0K
travis_time:end:21fa4fb8:start=1493364699918823558,finish=1493364699923377337,duration=4553779[0Ktravis_time:start:0bea9956[0K[32;1mattempting to download cache archive[0m
[32;1mfetching master/cache-linux-precise-e3b0c44298fc1c149afbf4c8996fb92427ae41e4649b934ca495991b7852b855--jdk-oraclejdk8.tgz[0m
[32;1mfound cache[0m

travis_time:end:0bea9956:start=1493364699928401353,finish=1493364701979804478,duration=2051403125[0Ktravis_time:start:01cea620[0K
travis_time:end:01cea620:start=1493364701984604085,finish=1493364701988727470,duration=4123385[0Ktravis_time:start:19d3899e[0K[32;1madding /home/travis/.m2 to cache[0m

travis_time:end:19d3899e:start=1493364701993453047,finish=1493364704989547324,duration=2996094277[0Ktravis_fold:end:cache.1[0K$ java -Xmx32m -version
java version "1.8.0_131"
Java(TM) SE Runtime Environment (build 1.8.0_131-b11)
Java HotSpot(TM) 64-Bit Server VM (build 25.131-b11, mixed mode)
$ javac -J-Xmx32m -version
javac 1.8.0_131
travis_fold:start:install[0Ktravis_time:start:0d13d6a5[0K$ mvn install -DskipTests=true -Dmaven.javadoc.skip=true -B -V
Java HotSpot(TM) 64-Bit Server VM warning: ignoring option MaxPermSize=192m; support was removed in 8.0
Apache Maven 3.2.5 (12a6b3acb947671f09b81f49094c53f426d8cea1; 2014-12-14T17:29:23+00:00)
Maven home: /usr/local/maven
Java version: 1.8.0_131, vendor: Oracle Corporation
Java home: /usr/lib/jvm/java-8-oracle/jre
Default locale: en_US, platform encoding: UTF-8
OS name: "linux", version: "4.8.12-040812-generic", arch: "amd64", family: "unix"
[INFO] Scanning for projects...
[INFO] Inspecting build with total of 12 modules...
[INFO] Installing Nexus Staging features:
[INFO]   ... total of 12 executions of maven-deploy-plugin replaced with nexus-staging-maven-plugin
[INFO] ------------------------------------------------------------------------
[INFO] Reactor Build Order:
[INFO] 
[INFO] OWLAPI
[INFO] OWLAPI :: Interfaces
[INFO] OWLAPI :: Tools
[INFO] OWLAPI :: Default Implementation
[INFO] OWLAPI :: Parsers
[INFO] OWLAPI :: OBO Format
[INFO] OWLAPI :: RDF4J Rio
[INFO] OWLAPI :: Binding and Config
[INFO] OWLAPI :: Compatibility
[INFO] OWLAPI :: Tests and Tutorials
[INFO] OWLAPI :: Distribution
[INFO] OWLAPI :: OSGi and Compatibility Distribution
[INFO]                                                                         
[INFO] ------------------------------------------------------------------------
[INFO] Building OWLAPI 6.0.0-SNAPSHOT
[INFO] ------------------------------------------------------------------------
[INFO] 
[INFO] --- maven-enforcer-plugin:1.0:enforce (enforce-maven) @ owlapi-parent ---
[INFO] 
[INFO] >>> maven-source-plugin:3.0.1:jar (attach-sources) > generate-sources @ owlapi-parent >>>
[INFO] 
[INFO] --- maven-enforcer-plugin:1.0:enforce (enforce-maven) @ owlapi-parent ---
[INFO] 
[INFO] <<< maven-source-plugin:3.0.1:jar (attach-sources) < generate-sources @ owlapi-parent <<<
[INFO] 
[INFO] --- maven-source-plugin:3.0.1:jar (attach-sources) @ owlapi-parent ---
[INFO] 
[INFO] --- maven-javadoc-plugin:2.10.4:jar (attach-javadocs) @ owlapi-parent ---
[INFO] Skipping javadoc generation
[INFO] 
[INFO] --- maven-failsafe-plugin:2.19.1:integration-test (default) @ owlapi-parent ---
[INFO] Tests are skipped.
[INFO] 
[INFO] --- maven-failsafe-plugin:2.19.1:verify (default) @ owlapi-parent ---
[INFO] Tests are skipped.
[INFO] 
[INFO] --- maven-install-plugin:2.4:install (default-install) @ owlapi-parent ---
[INFO] Installing /home/travis/build/owlcs/owlapi/pom.xml to /home/travis/.m2/repository/net/sourceforge/owlapi/owlapi-parent/6.0.0-SNAPSHOT/owlapi-parent-6.0.0-SNAPSHOT.pom
[INFO]                                                                         
[INFO] ------------------------------------------------------------------------
[INFO] Building OWLAPI :: Interfaces 6.0.0-SNAPSHOT
[INFO] ------------------------------------------------------------------------
[INFO] 
[INFO] --- maven-enforcer-plugin:1.0:enforce (enforce-maven) @ owlapi-api ---
[INFO] 
[INFO] --- maven-resources-plugin:2.6:resources (default-resources) @ owlapi-api ---
[INFO] Using 'UTF-8' encoding to copy filtered resources.
[INFO] skip non existing resourceDirectory /home/travis/build/owlcs/owlapi/api/src/main/resources
[INFO] 
[INFO] --- maven-compiler-plugin:3.6.0:compile (default-compile) @ owlapi-api ---
[INFO] Changes detected - recompiling the module!
[INFO] Compiling 544 source files to /home/travis/build/owlcs/owlapi/api/target/classes
[INFO] /home/travis/build/owlcs/owlapi/api/src/main/java/org/semanticweb/owlapi/model/OWLAnnotationAssertionAxiom.java: Some input files use unchecked or unsafe operations.
[INFO] /home/travis/build/owlcs/owlapi/api/src/main/java/org/semanticweb/owlapi/model/OWLAnnotationAssertionAxiom.java: Recompile with -Xlint:unchecked for details.
[INFO] 
[INFO] --- maven-resources-plugin:2.6:testResources (default-testResources) @ owlapi-api ---
[INFO] Using 'UTF-8' encoding to copy filtered resources.
[INFO] Copying 1 resource
[INFO] 
[INFO] --- maven-compiler-plugin:3.6.0:testCompile (default-testCompile) @ owlapi-api ---
[INFO] Changes detected - recompiling the module!
[INFO] Compiling 7 source files to /home/travis/build/owlcs/owlapi/api/target/test-classes
[INFO] 
[INFO] --- maven-surefire-plugin:2.19.1:test (default-test) @ owlapi-api ---
[INFO] Tests are skipped.
[INFO] 
[INFO] --- maven-jar-plugin:2.4:jar (default-jar) @ owlapi-api ---
[INFO] Building jar: /home/travis/build/owlcs/owlapi/api/target/owlapi-api-6.0.0-SNAPSHOT.jar
[INFO] 
[INFO] >>> maven-source-plugin:3.0.1:jar (attach-sources) > generate-sources @ owlapi-api >>>
[INFO] 
[INFO] --- maven-enforcer-plugin:1.0:enforce (enforce-maven) @ owlapi-api ---
[INFO] 
[INFO] <<< maven-source-plugin:3.0.1:jar (attach-sources) < generate-sources @ owlapi-api <<<
[INFO] 
[INFO] --- maven-source-plugin:3.0.1:jar (attach-sources) @ owlapi-api ---
[INFO] Building jar: /home/travis/build/owlcs/owlapi/api/target/owlapi-api-6.0.0-SNAPSHOT-sources.jar
[INFO] 
[INFO] --- maven-javadoc-plugin:2.10.4:jar (attach-javadocs) @ owlapi-api ---
[INFO] Skipping javadoc generation
[INFO] 
[INFO] --- maven-failsafe-plugin:2.19.1:integration-test (default) @ owlapi-api ---
[INFO] Tests are skipped.
[INFO] 
[INFO] --- maven-failsafe-plugin:2.19.1:verify (default) @ owlapi-api ---
[INFO] Tests are skipped.
[INFO] 
[INFO] --- maven-install-plugin:2.4:install (default-install) @ owlapi-api ---
[INFO] Installing /home/travis/build/owlcs/owlapi/api/target/owlapi-api-6.0.0-SNAPSHOT.jar to /home/travis/.m2/repository/net/sourceforge/owlapi/owlapi-api/6.0.0-SNAPSHOT/owlapi-api-6.0.0-SNAPSHOT.jar
[INFO] Installing /home/travis/build/owlcs/owlapi/api/pom.xml to /home/travis/.m2/repository/net/sourceforge/owlapi/owlapi-api/6.0.0-SNAPSHOT/owlapi-api-6.0.0-SNAPSHOT.pom
[INFO] Installing /home/travis/build/owlcs/owlapi/api/target/owlapi-api-6.0.0-SNAPSHOT-sources.jar to /home/travis/.m2/repository/net/sourceforge/owlapi/owlapi-api/6.0.0-SNAPSHOT/owlapi-api-6.0.0-SNAPSHOT-sources.jar
[INFO]                                                                         
[INFO] ------------------------------------------------------------------------
[INFO] Building OWLAPI :: Tools 6.0.0-SNAPSHOT
[INFO] ------------------------------------------------------------------------
[INFO] 
[INFO] --- maven-enforcer-plugin:1.0:enforce (enforce-maven) @ owlapi-tools ---
[INFO] 
[INFO] --- maven-resources-plugin:2.6:resources (default-resources) @ owlapi-tools ---
[INFO] Using 'UTF-8' encoding to copy filtered resources.
[INFO] skip non existing resourceDirectory /home/travis/build/owlcs/owlapi/tools/src/main/resources
[INFO] 
[INFO] --- maven-compiler-plugin:3.6.0:compile (default-compile) @ owlapi-tools ---
[INFO] Changes detected - recompiling the module!
[INFO] Compiling 382 source files to /home/travis/build/owlcs/owlapi/tools/target/classes
[INFO] 
[INFO] --- maven-resources-plugin:2.6:testResources (default-testResources) @ owlapi-tools ---
[INFO] Using 'UTF-8' encoding to copy filtered resources.
[INFO] skip non existing resourceDirectory /home/travis/build/owlcs/owlapi/tools/src/test/resources
[INFO] 
[INFO] --- maven-compiler-plugin:3.6.0:testCompile (default-testCompile) @ owlapi-tools ---
[INFO] No sources to compile
[INFO] 
[INFO] --- maven-surefire-plugin:2.19.1:test (default-test) @ owlapi-tools ---
[INFO] Tests are skipped.
[INFO] 
[INFO] --- maven-jar-plugin:2.4:jar (default-jar) @ owlapi-tools ---
[INFO] Building jar: /home/travis/build/owlcs/owlapi/tools/target/owlapi-tools-6.0.0-SNAPSHOT.jar
[INFO] 
[INFO] >>> maven-source-plugin:3.0.1:jar (attach-sources) > generate-sources @ owlapi-tools >>>
[INFO] 
[INFO] --- maven-enforcer-plugin:1.0:enforce (enforce-maven) @ owlapi-tools ---
[INFO] 
[INFO] <<< maven-source-plugin:3.0.1:jar (attach-sources) < generate-sources @ owlapi-tools <<<
[INFO] 
[INFO] --- maven-source-plugin:3.0.1:jar (attach-sources) @ owlapi-tools ---
[INFO] Building jar: /home/travis/build/owlcs/owlapi/tools/target/owlapi-tools-6.0.0-SNAPSHOT-sources.jar
[INFO] 
[INFO] --- maven-javadoc-plugin:2.10.4:jar (attach-javadocs) @ owlapi-tools ---
[INFO] Skipping javadoc generation
[INFO] 
[INFO] --- maven-failsafe-plugin:2.19.1:integration-test (default) @ owlapi-tools ---
[INFO] Tests are skipped.
[INFO] 
[INFO] --- maven-failsafe-plugin:2.19.1:verify (default) @ owlapi-tools ---
[INFO] Tests are skipped.
[INFO] 
[INFO] --- maven-install-plugin:2.4:install (default-install) @ owlapi-tools ---
[INFO] Installing /home/travis/build/owlcs/owlapi/tools/target/owlapi-tools-6.0.0-SNAPSHOT.jar to /home/travis/.m2/repository/net/sourceforge/owlapi/owlapi-tools/6.0.0-SNAPSHOT/owlapi-tools-6.0.0-SNAPSHOT.jar
[INFO] Installing /home/travis/build/owlcs/owlapi/tools/pom.xml to /home/travis/.m2/repository/net/sourceforge/owlapi/owlapi-tools/6.0.0-SNAPSHOT/owlapi-tools-6.0.0-SNAPSHOT.pom
[INFO] Installing /home/travis/build/owlcs/owlapi/tools/target/owlapi-tools-6.0.0-SNAPSHOT-sources.jar to /home/travis/.m2/repository/net/sourceforge/owlapi/owlapi-tools/6.0.0-SNAPSHOT/owlapi-tools-6.0.0-SNAPSHOT-sources.jar
[INFO]                                                                         
[INFO] ------------------------------------------------------------------------
[INFO] Building OWLAPI :: Default Implementation 6.0.0-SNAPSHOT
[INFO] ------------------------------------------------------------------------
[INFO] 
[INFO] --- maven-enforcer-plugin:1.0:enforce (enforce-maven) @ owlapi-impl ---
[INFO] 
[INFO] --- maven-resources-plugin:2.6:resources (default-resources) @ owlapi-impl ---
[INFO] Using 'UTF-8' encoding to copy filtered resources.
[INFO] skip non existing resourceDirectory /home/travis/build/owlcs/owlapi/impl/src/main/resources
[INFO] 
[INFO] --- maven-compiler-plugin:3.6.0:compile (default-compile) @ owlapi-impl ---
[INFO] Changes detected - recompiling the module!
[INFO] Compiling 169 source files to /home/travis/build/owlcs/owlapi/impl/target/classes
[INFO] /home/travis/build/owlcs/owlapi/impl/src/main/java/uk/ac/manchester/cs/owl/owlapi/Internals.java: Some input files use or override a deprecated API.
[INFO] /home/travis/build/owlcs/owlapi/impl/src/main/java/uk/ac/manchester/cs/owl/owlapi/Internals.java: Recompile with -Xlint:deprecation for details.
[INFO] /home/travis/build/owlcs/owlapi/impl/src/main/java/uk/ac/manchester/cs/owl/owlapi/OWLDisjointClassesAxiomImpl.java: Some input files use unchecked or unsafe operations.
[INFO] /home/travis/build/owlcs/owlapi/impl/src/main/java/uk/ac/manchester/cs/owl/owlapi/OWLDisjointClassesAxiomImpl.java: Recompile with -Xlint:unchecked for details.
[INFO] 
[INFO] --- maven-resources-plugin:2.6:testResources (default-testResources) @ owlapi-impl ---
[INFO] Using 'UTF-8' encoding to copy filtered resources.
[INFO] skip non existing resourceDirectory /home/travis/build/owlcs/owlapi/impl/src/test/resources
[INFO] 
[INFO] --- maven-compiler-plugin:3.6.0:testCompile (default-testCompile) @ owlapi-impl ---
[INFO] Changes detected - recompiling the module!
[INFO] Compiling 9 source files to /home/travis/build/owlcs/owlapi/impl/target/test-classes
[INFO] /home/travis/build/owlcs/owlapi/impl/src/test/java/uk/ac/manchester/cs/owl/owlapi/concurrent/OWLOntologyManager_Concurrent_TestCase.java: /home/travis/build/owlcs/owlapi/impl/src/test/java/uk/ac/manchester/cs/owl/owlapi/concurrent/OWLOntologyManager_Concurrent_TestCase.java uses or overrides a deprecated API.
[INFO] /home/travis/build/owlcs/owlapi/impl/src/test/java/uk/ac/manchester/cs/owl/owlapi/concurrent/OWLOntologyManager_Concurrent_TestCase.java: Recompile with -Xlint:deprecation for details.
[INFO] 
[INFO] --- maven-surefire-plugin:2.19.1:test (default-test) @ owlapi-impl ---
[INFO] Tests are skipped.
[INFO] 
[INFO] --- maven-jar-plugin:2.4:jar (default-jar) @ owlapi-impl ---
[INFO] Building jar: /home/travis/build/owlcs/owlapi/impl/target/owlapi-impl-6.0.0-SNAPSHOT.jar
[INFO] 
[INFO] >>> maven-source-plugin:3.0.1:jar (attach-sources) > generate-sources @ owlapi-impl >>>
[INFO] 
[INFO] --- maven-enforcer-plugin:1.0:enforce (enforce-maven) @ owlapi-impl ---
[INFO] 
[INFO] <<< maven-source-plugin:3.0.1:jar (attach-sources) < generate-sources @ owlapi-impl <<<
[INFO] 
[INFO] --- maven-source-plugin:3.0.1:jar (attach-sources) @ owlapi-impl ---
[INFO] Building jar: /home/travis/build/owlcs/owlapi/impl/target/owlapi-impl-6.0.0-SNAPSHOT-sources.jar
[INFO] 
[INFO] --- maven-javadoc-plugin:2.10.4:jar (attach-javadocs) @ owlapi-impl ---
[INFO] Skipping javadoc generation
[INFO] 
[INFO] --- maven-failsafe-plugin:2.19.1:integration-test (default) @ owlapi-impl ---
[INFO] Tests are skipped.
[INFO] 
[INFO] --- maven-failsafe-plugin:2.19.1:verify (default) @ owlapi-impl ---
[INFO] Tests are skipped.
[INFO] 
[INFO] --- maven-install-plugin:2.4:install (default-install) @ owlapi-impl ---
[INFO] Installing /home/travis/build/owlcs/owlapi/impl/target/owlapi-impl-6.0.0-SNAPSHOT.jar to /home/travis/.m2/repository/net/sourceforge/owlapi/owlapi-impl/6.0.0-SNAPSHOT/owlapi-impl-6.0.0-SNAPSHOT.jar
[INFO] Installing /home/travis/build/owlcs/owlapi/impl/pom.xml to /home/travis/.m2/repository/net/sourceforge/owlapi/owlapi-impl/6.0.0-SNAPSHOT/owlapi-impl-6.0.0-SNAPSHOT.pom
[INFO] Installing /home/travis/build/owlcs/owlapi/impl/target/owlapi-impl-6.0.0-SNAPSHOT-sources.jar to /home/travis/.m2/repository/net/sourceforge/owlapi/owlapi-impl/6.0.0-SNAPSHOT/owlapi-impl-6.0.0-SNAPSHOT-sources.jar
[INFO]                                                                         
[INFO] ------------------------------------------------------------------------
[INFO] Building OWLAPI :: Parsers 6.0.0-SNAPSHOT
[INFO] ------------------------------------------------------------------------
[INFO] 
[INFO] --- maven-enforcer-plugin:1.0:enforce (enforce-maven) @ owlapi-parsers ---
[INFO] 
[INFO] --- maven-resources-plugin:2.6:resources (default-resources) @ owlapi-parsers ---
[INFO] Using 'UTF-8' encoding to copy filtered resources.
[INFO] Copying 2 resources
[INFO] 
[INFO] --- maven-compiler-plugin:3.6.0:compile (default-compile) @ owlapi-parsers ---
[INFO] Changes detected - recompiling the module!
[INFO] Compiling 209 source files to /home/travis/build/owlcs/owlapi/parsers/target/classes
[INFO] /home/travis/build/owlcs/owlapi/parsers/src/main/java/org/semanticweb/owlapi/manchestersyntax/parser/ManchesterOWLSyntaxParserImpl.java: /home/travis/build/owlcs/owlapi/parsers/src/main/java/org/semanticweb/owlapi/manchestersyntax/parser/ManchesterOWLSyntaxParserImpl.java uses or overrides a deprecated API.
[INFO] /home/travis/build/owlcs/owlapi/parsers/src/main/java/org/semanticweb/owlapi/manchestersyntax/parser/ManchesterOWLSyntaxParserImpl.java: Recompile with -Xlint:deprecation for details.
[INFO] /home/travis/build/owlcs/owlapi/parsers/src/main/java/org/semanticweb/owlapi/rdf/model/AbstractTranslator.java: Some input files use unchecked or unsafe operations.
[INFO] /home/travis/build/owlcs/owlapi/parsers/src/main/java/org/semanticweb/owlapi/rdf/model/AbstractTranslator.java: Recompile with -Xlint:unchecked for details.
[INFO] 
[INFO] --- maven-resources-plugin:2.6:testResources (default-testResources) @ owlapi-parsers ---
[INFO] Using 'UTF-8' encoding to copy filtered resources.
[INFO] skip non existing resourceDirectory /home/travis/build/owlcs/owlapi/parsers/src/test/resources
[INFO] 
[INFO] --- maven-compiler-plugin:3.6.0:testCompile (default-testCompile) @ owlapi-parsers ---
[INFO] Changes detected - recompiling the module!
[INFO] Compiling 1 source file to /home/travis/build/owlcs/owlapi/parsers/target/test-classes
[INFO] 
[INFO] --- maven-surefire-plugin:2.19.1:test (default-test) @ owlapi-parsers ---
[INFO] Tests are skipped.
[INFO] 
[INFO] --- maven-jar-plugin:2.4:jar (default-jar) @ owlapi-parsers ---
[INFO] Building jar: /home/travis/build/owlcs/owlapi/parsers/target/owlapi-parsers-6.0.0-SNAPSHOT.jar
[INFO] 
[INFO] >>> maven-source-plugin:3.0.1:jar (attach-sources) > generate-sources @ owlapi-parsers >>>
[INFO] 
[INFO] --- maven-enforcer-plugin:1.0:enforce (enforce-maven) @ owlapi-parsers ---
[INFO] 
[INFO] <<< maven-source-plugin:3.0.1:jar (attach-sources) < generate-sources @ owlapi-parsers <<<
[INFO] 
[INFO] --- maven-source-plugin:3.0.1:jar (attach-sources) @ owlapi-parsers ---
[INFO] Building jar: /home/travis/build/owlcs/owlapi/parsers/target/owlapi-parsers-6.0.0-SNAPSHOT-sources.jar
[INFO] 
[INFO] --- maven-javadoc-plugin:2.10.4:jar (attach-javadocs) @ owlapi-parsers ---
[INFO] Skipping javadoc generation
[INFO] 
[INFO] --- maven-failsafe-plugin:2.19.1:integration-test (default) @ owlapi-parsers ---
[INFO] Tests are skipped.
[INFO] 
[INFO] --- maven-failsafe-plugin:2.19.1:verify (default) @ owlapi-parsers ---
[INFO] Tests are skipped.
[INFO] 
[INFO] --- maven-install-plugin:2.4:install (default-install) @ owlapi-parsers ---
[INFO] Installing /home/travis/build/owlcs/owlapi/parsers/target/owlapi-parsers-6.0.0-SNAPSHOT.jar to /home/travis/.m2/repository/net/sourceforge/owlapi/owlapi-parsers/6.0.0-SNAPSHOT/owlapi-parsers-6.0.0-SNAPSHOT.jar
[INFO] Installing /home/travis/build/owlcs/owlapi/parsers/pom.xml to /home/travis/.m2/repository/net/sourceforge/owlapi/owlapi-parsers/6.0.0-SNAPSHOT/owlapi-parsers-6.0.0-SNAPSHOT.pom
[INFO] Installing /home/travis/build/owlcs/owlapi/parsers/target/owlapi-parsers-6.0.0-SNAPSHOT-sources.jar to /home/travis/.m2/repository/net/sourceforge/owlapi/owlapi-parsers/6.0.0-SNAPSHOT/owlapi-parsers-6.0.0-SNAPSHOT-sources.jar
[INFO]                                                                         
[INFO] ------------------------------------------------------------------------
[INFO] Building OWLAPI :: OBO Format 6.0.0-SNAPSHOT
[INFO] ------------------------------------------------------------------------
[INFO] 
[INFO] --- maven-enforcer-plugin:1.0:enforce (enforce-maven) @ owlapi-oboformat ---
[INFO] 
[INFO] --- maven-resources-plugin:2.6:resources (default-resources) @ owlapi-oboformat ---
[INFO] Using 'UTF-8' encoding to copy filtered resources.
[INFO] Copying 2 resources
[INFO] 
[INFO] --- maven-compiler-plugin:3.6.0:compile (default-compile) @ owlapi-oboformat ---
[INFO] Changes detected - recompiling the module!
[INFO] Compiling 40 source files to /home/travis/build/owlcs/owlapi/oboformat/target/classes
[INFO] 
[INFO] --- maven-resources-plugin:2.6:testResources (default-testResources) @ owlapi-oboformat ---
[INFO] Using 'UTF-8' encoding to copy filtered resources.
[INFO] skip non existing resourceDirectory /home/travis/build/owlcs/owlapi/oboformat/src/test/resources
[INFO] 
[INFO] --- maven-compiler-plugin:3.6.0:testCompile (default-testCompile) @ owlapi-oboformat ---
[INFO] Changes detected - recompiling the module!
[INFO] Compiling 1 source file to /home/travis/build/owlcs/owlapi/oboformat/target/test-classes
[INFO] 
[INFO] --- maven-surefire-plugin:2.19.1:test (default-test) @ owlapi-oboformat ---
[INFO] Tests are skipped.
[INFO] 
[INFO] --- maven-jar-plugin:2.4:jar (default-jar) @ owlapi-oboformat ---
[INFO] Building jar: /home/travis/build/owlcs/owlapi/oboformat/target/owlapi-oboformat-6.0.0-SNAPSHOT.jar
[INFO] 
[INFO] >>> maven-source-plugin:3.0.1:jar (attach-sources) > generate-sources @ owlapi-oboformat >>>
[INFO] 
[INFO] --- maven-enforcer-plugin:1.0:enforce (enforce-maven) @ owlapi-oboformat ---
[INFO] 
[INFO] <<< maven-source-plugin:3.0.1:jar (attach-sources) < generate-sources @ owlapi-oboformat <<<
[INFO] 
[INFO] --- maven-source-plugin:3.0.1:jar (attach-sources) @ owlapi-oboformat ---
[INFO] Building jar: /home/travis/build/owlcs/owlapi/oboformat/target/owlapi-oboformat-6.0.0-SNAPSHOT-sources.jar
[INFO] 
[INFO] --- maven-javadoc-plugin:2.10.4:jar (attach-javadocs) @ owlapi-oboformat ---
[INFO] Skipping javadoc generation
[INFO] 
[INFO] --- maven-failsafe-plugin:2.19.1:integration-test (default) @ owlapi-oboformat ---
[INFO] Tests are skipped.
[INFO] 
[INFO] --- maven-failsafe-plugin:2.19.1:verify (default) @ owlapi-oboformat ---
[INFO] Tests are skipped.
[INFO] 
[INFO] --- maven-install-plugin:2.4:install (default-install) @ owlapi-oboformat ---
[INFO] Installing /home/travis/build/owlcs/owlapi/oboformat/target/owlapi-oboformat-6.0.0-SNAPSHOT.jar to /home/travis/.m2/repository/net/sourceforge/owlapi/owlapi-oboformat/6.0.0-SNAPSHOT/owlapi-oboformat-6.0.0-SNAPSHOT.jar
[INFO] Installing /home/travis/build/owlcs/owlapi/oboformat/pom.xml to /home/travis/.m2/repository/net/sourceforge/owlapi/owlapi-oboformat/6.0.0-SNAPSHOT/owlapi-oboformat-6.0.0-SNAPSHOT.pom
[INFO] Installing /home/travis/build/owlcs/owlapi/oboformat/target/owlapi-oboformat-6.0.0-SNAPSHOT-sources.jar to /home/travis/.m2/repository/net/sourceforge/owlapi/owlapi-oboformat/6.0.0-SNAPSHOT/owlapi-oboformat-6.0.0-SNAPSHOT-sources.jar
[INFO]                                                                         
[INFO] ------------------------------------------------------------------------
[INFO] Building OWLAPI :: RDF4J Rio 6.0.0-SNAPSHOT
[INFO] ------------------------------------------------------------------------
[INFO] 
[INFO] --- maven-enforcer-plugin:1.0:enforce (enforce-maven) @ owlapi-rio ---
[INFO] 
[INFO] --- maven-resources-plugin:2.6:resources (default-resources) @ owlapi-rio ---
[INFO] Using 'UTF-8' encoding to copy filtered resources.
[INFO] Copying 5 resources
[INFO] 
[INFO] --- maven-compiler-plugin:3.6.0:compile (default-compile) @ owlapi-rio ---
[INFO] Changes detected - recompiling the module!
[INFO] Compiling 65 source files to /home/travis/build/owlcs/owlapi/rio/target/classes
[INFO] /home/travis/build/owlcs/owlapi/rio/src/main/java/org/semanticweb/owlapi/rio/RioStorer.java: /home/travis/build/owlcs/owlapi/rio/src/main/java/org/semanticweb/owlapi/rio/RioStorer.java uses unchecked or unsafe operations.
[INFO] /home/travis/build/owlcs/owlapi/rio/src/main/java/org/semanticweb/owlapi/rio/RioStorer.java: Recompile with -Xlint:unchecked for details.
[INFO] 
[INFO] --- maven-resources-plugin:2.6:testResources (default-testResources) @ owlapi-rio ---
[INFO] Using 'UTF-8' encoding to copy filtered resources.
[INFO] skip non existing resourceDirectory /home/travis/build/owlcs/owlapi/rio/src/test/resources
[INFO] 
[INFO] --- maven-compiler-plugin:3.6.0:testCompile (default-testCompile) @ owlapi-rio ---
[INFO] No sources to compile
[INFO] 
[INFO] --- maven-surefire-plugin:2.19.1:test (default-test) @ owlapi-rio ---
[INFO] Tests are skipped.
[INFO] 
[INFO] --- maven-jar-plugin:2.4:jar (default-jar) @ owlapi-rio ---
[INFO] Building jar: /home/travis/build/owlcs/owlapi/rio/target/owlapi-rio-6.0.0-SNAPSHOT.jar
[INFO] 
[INFO] >>> maven-source-plugin:3.0.1:jar (attach-sources) > generate-sources @ owlapi-rio >>>
[INFO] 
[INFO] --- maven-enforcer-plugin:1.0:enforce (enforce-maven) @ owlapi-rio ---
[INFO] 
[INFO] <<< maven-source-plugin:3.0.1:jar (attach-sources) < generate-sources @ owlapi-rio <<<
[INFO] 
[INFO] --- maven-source-plugin:3.0.1:jar (attach-sources) @ owlapi-rio ---
[INFO] Building jar: /home/travis/build/owlcs/owlapi/rio/target/owlapi-rio-6.0.0-SNAPSHOT-sources.jar
[INFO] 
[INFO] --- maven-javadoc-plugin:2.10.4:jar (attach-javadocs) @ owlapi-rio ---
[INFO] Skipping javadoc generation
[INFO] 
[INFO] --- maven-failsafe-plugin:2.19.1:integration-test (default) @ owlapi-rio ---
[INFO] Tests are skipped.
[INFO] 
[INFO] --- maven-failsafe-plugin:2.19.1:verify (default) @ owlapi-rio ---
[INFO] Tests are skipped.
[INFO] 
[INFO] --- maven-install-plugin:2.4:install (default-install) @ owlapi-rio ---
[INFO] Installing /home/travis/build/owlcs/owlapi/rio/target/owlapi-rio-6.0.0-SNAPSHOT.jar to /home/travis/.m2/repository/net/sourceforge/owlapi/owlapi-rio/6.0.0-SNAPSHOT/owlapi-rio-6.0.0-SNAPSHOT.jar
[INFO] Installing /home/travis/build/owlcs/owlapi/rio/pom.xml to /home/travis/.m2/repository/net/sourceforge/owlapi/owlapi-rio/6.0.0-SNAPSHOT/owlapi-rio-6.0.0-SNAPSHOT.pom
[INFO] Installing /home/travis/build/owlcs/owlapi/rio/target/owlapi-rio-6.0.0-SNAPSHOT-sources.jar to /home/travis/.m2/repository/net/sourceforge/owlapi/owlapi-rio/6.0.0-SNAPSHOT/owlapi-rio-6.0.0-SNAPSHOT-sources.jar
[INFO]                                                                         
[INFO] ------------------------------------------------------------------------
[INFO] Building OWLAPI :: Binding and Config 6.0.0-SNAPSHOT
[INFO] ------------------------------------------------------------------------
[INFO] 
[INFO] --- maven-enforcer-plugin:1.0:enforce (enforce-maven) @ owlapi-apibinding ---
[INFO] 
[INFO] --- maven-resources-plugin:2.6:resources (default-resources) @ owlapi-apibinding ---
[INFO] Using 'UTF-8' encoding to copy filtered resources.
[INFO] Copying 1 resource
[INFO] 
[INFO] --- maven-compiler-plugin:3.6.0:compile (default-compile) @ owlapi-apibinding ---
[INFO] Changes detected - recompiling the module!
[INFO] Compiling 6 source files to /home/travis/build/owlcs/owlapi/apibinding/target/classes
[INFO] 
[INFO] --- maven-resources-plugin:2.6:testResources (default-testResources) @ owlapi-apibinding ---
[INFO] Using 'UTF-8' encoding to copy filtered resources.
[INFO] skip non existing resourceDirectory /home/travis/build/owlcs/owlapi/apibinding/src/test/resources
[INFO] 
[INFO] --- maven-compiler-plugin:3.6.0:testCompile (default-testCompile) @ owlapi-apibinding ---
[INFO] No sources to compile
[INFO] 
[INFO] --- maven-surefire-plugin:2.19.1:test (default-test) @ owlapi-apibinding ---
[INFO] Tests are skipped.
[INFO] 
[INFO] --- maven-jar-plugin:2.4:jar (default-jar) @ owlapi-apibinding ---
[INFO] Building jar: /home/travis/build/owlcs/owlapi/apibinding/target/owlapi-apibinding-6.0.0-SNAPSHOT.jar
[INFO] 
[INFO] >>> maven-source-plugin:3.0.1:jar (attach-sources) > generate-sources @ owlapi-apibinding >>>
[INFO] 
[INFO] --- maven-enforcer-plugin:1.0:enforce (enforce-maven) @ owlapi-apibinding ---
[INFO] 
[INFO] <<< maven-source-plugin:3.0.1:jar (attach-sources) < generate-sources @ owlapi-apibinding <<<
[INFO] 
[INFO] --- maven-source-plugin:3.0.1:jar (attach-sources) @ owlapi-apibinding ---
[INFO] Building jar: /home/travis/build/owlcs/owlapi/apibinding/target/owlapi-apibinding-6.0.0-SNAPSHOT-sources.jar
[INFO] 
[INFO] --- maven-javadoc-plugin:2.10.4:jar (attach-javadocs) @ owlapi-apibinding ---
[INFO] Skipping javadoc generation
[INFO] 
[INFO] --- maven-failsafe-plugin:2.19.1:integration-test (default) @ owlapi-apibinding ---
[INFO] Tests are skipped.
[INFO] 
[INFO] --- maven-failsafe-plugin:2.19.1:verify (default) @ owlapi-apibinding ---
[INFO] Tests are skipped.
[INFO] 
[INFO] --- maven-install-plugin:2.4:install (default-install) @ owlapi-apibinding ---
[INFO] Installing /home/travis/build/owlcs/owlapi/apibinding/target/owlapi-apibinding-6.0.0-SNAPSHOT.jar to /home/travis/.m2/repository/net/sourceforge/owlapi/owlapi-apibinding/6.0.0-SNAPSHOT/owlapi-apibinding-6.0.0-SNAPSHOT.jar
[INFO] Installing /home/travis/build/owlcs/owlapi/apibinding/pom.xml to /home/travis/.m2/repository/net/sourceforge/owlapi/owlapi-apibinding/6.0.0-SNAPSHOT/owlapi-apibinding-6.0.0-SNAPSHOT.pom
[INFO] Installing /home/travis/build/owlcs/owlapi/apibinding/target/owlapi-apibinding-6.0.0-SNAPSHOT-sources.jar to /home/travis/.m2/repository/net/sourceforge/owlapi/owlapi-apibinding/6.0.0-SNAPSHOT/owlapi-apibinding-6.0.0-SNAPSHOT-sources.jar
[INFO]                                                                         
[INFO] ------------------------------------------------------------------------
[INFO] Building OWLAPI :: Compatibility 6.0.0-SNAPSHOT
[INFO] ------------------------------------------------------------------------
[INFO] 
[INFO] --- maven-enforcer-plugin:1.0:enforce (enforce-maven) @ owlapi-compatibility ---
[INFO] 
[INFO] --- maven-resources-plugin:2.6:resources (default-resources) @ owlapi-compatibility ---
[INFO] Using 'UTF-8' encoding to copy filtered resources.
[INFO] Copying 1 resource
[INFO] 
[INFO] --- maven-compiler-plugin:3.6.0:compile (default-compile) @ owlapi-compatibility ---
[INFO] Changes detected - recompiling the module!
[INFO] Compiling 68 source files to /home/travis/build/owlcs/owlapi/compatibility/target/classes
[INFO] /home/travis/build/owlcs/owlapi/compatibility/src/main/java/de/uulm/ecs/ai/owlapi/krssparser/KRSS2OntologyFormat.java: Some input files use or override a deprecated API.
[INFO] /home/travis/build/owlcs/owlapi/compatibility/src/main/java/de/uulm/ecs/ai/owlapi/krssparser/KRSS2OntologyFormat.java: Recompile with -Xlint:deprecation for details.
[INFO] 
[INFO] --- maven-resources-plugin:2.6:testResources (default-testResources) @ owlapi-compatibility ---
[INFO] Using 'UTF-8' encoding to copy filtered resources.
[INFO] skip non existing resourceDirectory /home/travis/build/owlcs/owlapi/compatibility/src/test/resources
[INFO] 
[INFO] --- maven-compiler-plugin:3.6.0:testCompile (default-testCompile) @ owlapi-compatibility ---
[INFO] No sources to compile
[INFO] 
[INFO] --- maven-surefire-plugin:2.19.1:test (default-test) @ owlapi-compatibility ---
[INFO] Tests are skipped.
[INFO] 
[INFO] --- maven-jar-plugin:2.4:jar (default-jar) @ owlapi-compatibility ---
[INFO] Building jar: /home/travis/build/owlcs/owlapi/compatibility/target/owlapi-compatibility-6.0.0-SNAPSHOT.jar
[INFO] 
[INFO] >>> maven-source-plugin:3.0.1:jar (attach-sources) > generate-sources @ owlapi-compatibility >>>
[INFO] 
[INFO] --- maven-enforcer-plugin:1.0:enforce (enforce-maven) @ owlapi-compatibility ---
[INFO] 
[INFO] <<< maven-source-plugin:3.0.1:jar (attach-sources) < generate-sources @ owlapi-compatibility <<<
[INFO] 
[INFO] --- maven-source-plugin:3.0.1:jar (attach-sources) @ owlapi-compatibility ---
[INFO] Building jar: /home/travis/build/owlcs/owlapi/compatibility/target/owlapi-compatibility-6.0.0-SNAPSHOT-sources.jar
[INFO] 
[INFO] --- maven-javadoc-plugin:2.10.4:jar (attach-javadocs) @ owlapi-compatibility ---
[INFO] Skipping javadoc generation
[INFO] 
[INFO] --- maven-failsafe-plugin:2.19.1:integration-test (default) @ owlapi-compatibility ---
[INFO] Tests are skipped.
[INFO] 
[INFO] --- maven-failsafe-plugin:2.19.1:verify (default) @ owlapi-compatibility ---
[INFO] Tests are skipped.
[INFO] 
[INFO] --- maven-install-plugin:2.4:install (default-install) @ owlapi-compatibility ---
[INFO] Installing /home/travis/build/owlcs/owlapi/compatibility/target/owlapi-compatibility-6.0.0-SNAPSHOT.jar to /home/travis/.m2/repository/net/sourceforge/owlapi/owlapi-compatibility/6.0.0-SNAPSHOT/owlapi-compatibility-6.0.0-SNAPSHOT.jar
[INFO] Installing /home/travis/build/owlcs/owlapi/compatibility/pom.xml to /home/travis/.m2/repository/net/sourceforge/owlapi/owlapi-compatibility/6.0.0-SNAPSHOT/owlapi-compatibility-6.0.0-SNAPSHOT.pom
[INFO] Installing /home/travis/build/owlcs/owlapi/compatibility/target/owlapi-compatibility-6.0.0-SNAPSHOT-sources.jar to /home/travis/.m2/repository/net/sourceforge/owlapi/owlapi-compatibility/6.0.0-SNAPSHOT/owlapi-compatibility-6.0.0-SNAPSHOT-sources.jar
[INFO]                                                                         
[INFO] ------------------------------------------------------------------------
[INFO] Building OWLAPI :: Tests and Tutorials 6.0.0-SNAPSHOT
[INFO] ------------------------------------------------------------------------
[INFO] 
[INFO] --- maven-enforcer-plugin:1.0:enforce (enforce-maven) @ owlapi-contract ---
[INFO] 
[INFO] --- maven-resources-plugin:2.6:resources (default-resources) @ owlapi-contract ---
[INFO] Using 'UTF-8' encoding to copy filtered resources.
[INFO] skip non existing resourceDirectory /home/travis/build/owlcs/owlapi/contract/src/main/resources
[INFO] 
[INFO] --- maven-compiler-plugin:3.6.0:compile (default-compile) @ owlapi-contract ---
[INFO] Changes detected - recompiling the module!
[INFO] Compiling 8 source files to /home/travis/build/owlcs/owlapi/contract/target/classes
[INFO] 
[INFO] --- maven-resources-plugin:2.6:testResources (default-testResources) @ owlapi-contract ---
[INFO] Using 'UTF-8' encoding to copy filtered resources.
[INFO] Copying 172 resources
[INFO] 
[INFO] --- maven-compiler-plugin:3.6.0:testCompile (default-testCompile) @ owlapi-contract ---
[INFO] Changes detected - recompiling the module!
[INFO] Compiling 235 source files to /home/travis/build/owlcs/owlapi/contract/target/test-classes
[INFO] /home/travis/build/owlcs/owlapi/contract/src/test/java/org/semanticweb/owlapi/api/test/DelegatingObjectVisitorExTestCase.java: /home/travis/build/owlcs/owlapi/contract/src/test/java/org/semanticweb/owlapi/api/test/DelegatingObjectVisitorExTestCase.java uses unchecked or unsafe operations.
[INFO] /home/travis/build/owlcs/owlapi/contract/src/test/java/org/semanticweb/owlapi/api/test/DelegatingObjectVisitorExTestCase.java: Recompile with -Xlint:unchecked for details.
[INFO] 
[INFO] --- maven-surefire-plugin:2.19.1:test (default-test) @ owlapi-contract ---
[INFO] Tests are skipped.
[INFO] 
[INFO] --- maven-jar-plugin:2.4:jar (default-jar) @ owlapi-contract ---
[INFO] Building jar: /home/travis/build/owlcs/owlapi/contract/target/owlapi-contract-6.0.0-SNAPSHOT.jar
[INFO] 
[INFO] >>> maven-source-plugin:3.0.1:jar (attach-sources) > generate-sources @ owlapi-contract >>>
[INFO] 
[INFO] --- maven-enforcer-plugin:1.0:enforce (enforce-maven) @ owlapi-contract ---
[INFO] 
[INFO] <<< maven-source-plugin:3.0.1:jar (attach-sources) < generate-sources @ owlapi-contract <<<
[INFO] 
[INFO] --- maven-source-plugin:3.0.1:jar (attach-sources) @ owlapi-contract ---
[INFO] Building jar: /home/travis/build/owlcs/owlapi/contract/target/owlapi-contract-6.0.0-SNAPSHOT-sources.jar
[INFO] 
[INFO] --- maven-javadoc-plugin:2.10.4:jar (attach-javadocs) @ owlapi-contract ---
[INFO] Skipping javadoc generation
[INFO] 
[INFO] --- maven-failsafe-plugin:2.19.1:integration-test (default) @ owlapi-contract ---
[INFO] Tests are skipped.
[INFO] 
[INFO] --- maven-failsafe-plugin:2.19.1:verify (default) @ owlapi-contract ---
[INFO] Tests are skipped.
[INFO] 
[INFO] --- maven-install-plugin:2.4:install (default-install) @ owlapi-contract ---
[INFO] Installing /home/travis/build/owlcs/owlapi/contract/target/owlapi-contract-6.0.0-SNAPSHOT.jar to /home/travis/.m2/repository/net/sourceforge/owlapi/owlapi-contract/6.0.0-SNAPSHOT/owlapi-contract-6.0.0-SNAPSHOT.jar
[INFO] Installing /home/travis/build/owlcs/owlapi/contract/pom.xml to /home/travis/.m2/repository/net/sourceforge/owlapi/owlapi-contract/6.0.0-SNAPSHOT/owlapi-contract-6.0.0-SNAPSHOT.pom
[INFO] Installing /home/travis/build/owlcs/owlapi/contract/target/owlapi-contract-6.0.0-SNAPSHOT-sources.jar to /home/travis/.m2/repository/net/sourceforge/owlapi/owlapi-contract/6.0.0-SNAPSHOT/owlapi-contract-6.0.0-SNAPSHOT-sources.jar
[INFO]                                                                         
[INFO] ------------------------------------------------------------------------
[INFO] Building OWLAPI :: Distribution 6.0.0-SNAPSHOT
[INFO] ------------------------------------------------------------------------
[INFO] 
[INFO] --- maven-enforcer-plugin:1.0:enforce (enforce-maven) @ owlapi-distribution ---
[INFO] 
[INFO] --- maven-resources-plugin:3.0.1:resources (default-resources) @ owlapi-distribution ---
[INFO] Using 'UTF-8' encoding to copy filtered resources.
[INFO] skip non existing resourceDirectory /home/travis/build/owlcs/owlapi/distribution/src/main/resources
[INFO] 
[INFO] --- maven-compiler-plugin:3.6.0:compile (default-compile) @ owlapi-distribution ---
[INFO] No sources to compile
[INFO] 
[INFO] --- maven-resources-plugin:3.0.1:testResources (default-testResources) @ owlapi-distribution ---
[INFO] Using 'UTF-8' encoding to copy filtered resources.
[INFO] skip non existing resourceDirectory /home/travis/build/owlcs/owlapi/distribution/src/test/resources
[INFO] 
[INFO] --- maven-compiler-plugin:3.6.0:testCompile (default-testCompile) @ owlapi-distribution ---
[INFO] No sources to compile
[INFO] 
[INFO] --- maven-surefire-plugin:2.19.1:test (default-test) @ owlapi-distribution ---
[INFO] Tests are skipped.
[INFO] 
[INFO] --- maven-bundle-plugin:3.2.0:bundle (default-bundle) @ owlapi-distribution ---
[WARNING] Bundle net.sourceforge.owlapi:owlapi-distribution:bundle:6.0.0-SNAPSHOT : Unused Import-Package instructions: [org.apache.commons.logging.*] 
[INFO] 
[INFO] >>> maven-source-plugin:3.0.1:jar (attach-sources) > generate-sources @ owlapi-distribution >>>
[INFO] 
[INFO] --- maven-enforcer-plugin:1.0:enforce (enforce-maven) @ owlapi-distribution ---
[INFO] 
[INFO] <<< maven-source-plugin:3.0.1:jar (attach-sources) < generate-sources @ owlapi-distribution <<<
[INFO] 
[INFO] --- maven-source-plugin:3.0.1:jar (attach-sources) @ owlapi-distribution ---
[INFO] No sources in project. Archive not created.
[INFO] 
[INFO] --- maven-shade-plugin:2.4.3:shade (default) @ owlapi-distribution ---
[INFO] Including net.sourceforge.owlapi:owlapi-apibinding:jar:6.0.0-SNAPSHOT in the shaded jar.
[INFO] Including net.sourceforge.owlapi:owlapi-tools:jar:6.0.0-SNAPSHOT in the shaded jar.
[INFO] Including net.sourceforge.owlapi:owlapi-impl:jar:6.0.0-SNAPSHOT in the shaded jar.
[INFO] Including net.sourceforge.owlapi:owlapi-parsers:jar:6.0.0-SNAPSHOT in the shaded jar.
[INFO] Including net.sourceforge.owlapi:owlapi-oboformat:jar:6.0.0-SNAPSHOT in the shaded jar.
[INFO] Including net.sourceforge.owlapi:owlapi-rio:jar:6.0.0-SNAPSHOT in the shaded jar.
[INFO] Including net.sourceforge.owlapi:owlapi-api:jar:6.0.0-SNAPSHOT in the shaded jar.
[INFO] Excluding net.sourceforge.owlapi:owlapi-compatibility:jar:6.0.0-SNAPSHOT from the shaded jar.
[INFO] Excluding com.fasterxml.jackson.core:jackson-core:jar:2.8.5 from the shaded jar.
[INFO] Excluding com.fasterxml.jackson.core:jackson-databind:jar:2.8.5 from the shaded jar.
[INFO] Excluding com.fasterxml.jackson.core:jackson-annotations:jar:2.8.5 from the shaded jar.
[INFO] Excluding org.apache.commons:commons-rdf-api:jar:0.3.0-incubating from the shaded jar.
[INFO] Excluding org.tukaani:xz:jar:1.6 from the shaded jar.
[INFO] Excluding org.slf4j:slf4j-api:jar:1.7.22 from the shaded jar.
[INFO] Excluding org.slf4j:jcl-over-slf4j:jar:1.7.22 from the shaded jar.
[INFO] Excluding org.eclipse.rdf4j:rdf4j-model:jar:2.1.4 from the shaded jar.
[INFO] Excluding org.eclipse.rdf4j:rdf4j-rio-api:jar:2.1.4 from the shaded jar.
[INFO] Excluding org.eclipse.rdf4j:rdf4j-rio-languages:jar:2.1.4 from the shaded jar.
[INFO] Excluding org.eclipse.rdf4j:rdf4j-rio-datatypes:jar:2.1.4 from the shaded jar.
[INFO] Excluding org.eclipse.rdf4j:rdf4j-rio-binary:jar:2.1.4 from the shaded jar.
[INFO] Excluding org.eclipse.rdf4j:rdf4j-rio-n3:jar:2.1.4 from the shaded jar.
[INFO] Excluding org.eclipse.rdf4j:rdf4j-rio-nquads:jar:2.1.4 from the shaded jar.
[INFO] Excluding org.eclipse.rdf4j:rdf4j-rio-ntriples:jar:2.1.4 from the shaded jar.
[INFO] Excluding org.eclipse.rdf4j:rdf4j-rio-rdfjson:jar:2.1.4 from the shaded jar.
[INFO] Excluding org.eclipse.rdf4j:rdf4j-rio-jsonld:jar:2.1.4 from the shaded jar.
[INFO] Excluding org.eclipse.rdf4j:rdf4j-rio-rdfxml:jar:2.1.4 from the shaded jar.
[INFO] Excluding org.eclipse.rdf4j:rdf4j-rio-trix:jar:2.1.4 from the shaded jar.
[INFO] Excluding org.eclipse.rdf4j:rdf4j-rio-turtle:jar:2.1.4 from the shaded jar.
[INFO] Excluding org.eclipse.rdf4j:rdf4j-rio-trig:jar:2.1.4 from the shaded jar.
[INFO] Excluding org.eclipse.rdf4j:rdf4j-util:jar:2.1.4 from the shaded jar.
[INFO] Excluding com.github.jsonld-java:jsonld-java:jar:0.9.0 from the shaded jar.
[INFO] Excluding org.apache.httpcomponents:httpclient-osgi:jar:4.5.2 from the shaded jar.
[INFO] Excluding org.apache.httpcomponents:httpclient:jar:4.5.2 from the shaded jar.
[INFO] Excluding commons-codec:commons-codec:jar:1.9 from the shaded jar.
[INFO] Excluding org.apache.httpcomponents:httpmime:jar:4.5.2 from the shaded jar.
[INFO] Excluding org.apache.httpcomponents:httpclient-cache:jar:4.5.2 from the shaded jar.
[INFO] Excluding org.apache.httpcomponents:fluent-hc:jar:4.5.2 from the shaded jar.
[INFO] Excluding org.apache.httpcomponents:httpcore-osgi:jar:4.4.5 from the shaded jar.
[INFO] Excluding org.apache.httpcomponents:httpcore:jar:4.4.5 from the shaded jar.
[INFO] Excluding org.apache.httpcomponents:httpcore-nio:jar:4.4.5 from the shaded jar.
[INFO] Excluding net.sf.trove4j:trove4j:jar:3.0.3 from the shaded jar.
[INFO] Excluding com.github.ben-manes.caffeine:caffeine:jar:2.3.5 from the shaded jar.
[INFO] Excluding com.google.guava:guava:jar:20.0 from the shaded jar.
[INFO] Excluding com.google.inject:guice:jar:4.1.0 from the shaded jar.
[INFO] Excluding javax.inject:javax.inject:jar:1 from the shaded jar.
[INFO] Excluding aopalliance:aopalliance:jar:1.0 from the shaded jar.
[INFO] Excluding com.google.inject.extensions:guice-multibindings:jar:4.1.0 from the shaded jar.
[INFO] Excluding com.google.code.findbugs:jsr305:jar:3.0.1 from the shaded jar.
[INFO] Excluding commons-io:commons-io:jar:2.5 from the shaded jar.
[INFO] Excluding com.squareup.okhttp3:okhttp:jar:3.5.0 from the shaded jar.
[INFO] Excluding com.squareup.okio:okio:jar:1.11.0 from the shaded jar.
[WARNING] owlapi-distribution-6.0.0-SNAPSHOT.jar, owlapi-oboformat-6.0.0-SNAPSHOT.jar define 74 overlapping classes: 
[WARNING]   - org.obolibrary.oboformat.parser.OBOFormatException
[WARNING]   - org.obolibrary.obo2owl.OWLAPIOwl2Obo
[WARNING]   - org.obolibrary.macro.MacroExpansionGCIVisitor$MacroExpansions
[WARNING]   - org.obolibrary.oboformat.diff.Diff
[WARNING]   - org.obolibrary.obo2owl.IdTranslator
[WARNING]   - org.obolibrary.oboformat.model.Clause
[WARNING]   - org.obolibrary.oboformat.parser.XrefExpander$ReverseGenusDifferentiaExpansion
[WARNING]   - org.obolibrary.owl.LabelFunctionalSyntaxStorer
[WARNING]   - org.obolibrary.oboformat.model.FrameStructureException
[WARNING]   - org.obolibrary.macro.MacroExpansionVisitor
[WARNING]   - 64 more...
[WARNING] owlapi-distribution-6.0.0-SNAPSHOT.jar, owlapi-tools-6.0.0-SNAPSHOT.jar define 430 overlapping classes: 
[WARNING]   - uk.ac.manchester.cs.atomicdecomposition.package-info
[WARNING]   - org.semanticweb.owlapi.util.InferredIndividualAxiomGenerator
[WARNING]   - org.semanticweb.owlapi.util.OWLEntityURIUnderscores2CamelBackConverterStrategy
[WARNING]   - org.semanticweb.owlapitools.decomposition.Modularizer
[WARNING]   - org.semanticweb.owlapi.util.HornAxiomVisitorEx
[WARNING]   - org.semanticweb.owlapi.util.OWLOntologyWalkerVisitor
[WARNING]   - org.semanticweb.owlapitools.builders.package-info
[WARNING]   - org.semanticweb.owlapi.profiles.OWL2RLProfile
[WARNING]   - org.semanticweb.owlapi.metrics.DoubleValuedMetric
[WARNING]   - org.semanticweb.owlapitools.decomposition.SigIndex
[WARNING]   - 420 more...
[WARNING] owlapi-distribution-6.0.0-SNAPSHOT.jar, owlapi-api-6.0.0-SNAPSHOT.jar, owlapi-tools-6.0.0-SNAPSHOT.jar define 1 overlapping classes: 
[WARNING]   - org.semanticweb.owlapi.util.package-info
[WARNING] owlapi-distribution-6.0.0-SNAPSHOT.jar, owlapi-rio-6.0.0-SNAPSHOT.jar define 68 overlapping classes: 
[WARNING]   - org.semanticweb.owlapi.formats.N3DocumentFormatFactory
[WARNING]   - org.semanticweb.owlapi.formats.RioTurtleDocumentFormatFactory
[WARNING]   - org.semanticweb.owlapi.rio.RioStorer
[WARNING]   - org.semanticweb.owlapi.rio.RioOWLRDFParser
[WARNING]   - org.semanticweb.owlapi.rio.OWLAPIRDFFormat
[WARNING]   - org.semanticweb.owlapi.formats.N3DocumentFormat
[WARNING]   - org.semanticweb.owlapi.rio.RioFunctionalSyntaxParserFactory
[WARNING]   - org.semanticweb.owlapi.rio.RioTrigStorerFactory
[WARNING]   - org.semanticweb.owlapi.rio.RioManchesterSyntaxParserFactory
[WARNING]   - org.semanticweb.owlapi.rio.AbstractRioStorerFactory
[WARNING]   - 58 more...
[WARNING] owlapi-distribution-6.0.0-SNAPSHOT.jar, owlapi-apibinding-6.0.0-SNAPSHOT.jar define 6 overlapping classes: 
[WARNING]   - org.semanticweb.owlapi.apibinding.OWLManager
[WARNING]   - org.semanticweb.owlapi.apibinding.package-info
[WARNING]   - org.semanticweb.owlapi.apibinding.OWLFunctionalSyntaxFactory
[WARNING]   - uk.ac.manchester.cs.owl.owlapi.OWLAPIImplModule
[WARNING]   - org.semanticweb.owlapi.OWLAPIParsersModule
[WARNING]   - org.semanticweb.owlapi.OWLAPIServiceLoaderModule
[WARNING] owlapi-distribution-6.0.0-SNAPSHOT.jar, owlapi-api-6.0.0-SNAPSHOT.jar define 578 overlapping classes: 
[WARNING]   - org.semanticweb.owlapi.model.OWLPropertyAssertionObject
[WARNING]   - org.semanticweb.owlapi.model.parameters.ConfigurationOptions
[WARNING]   - org.semanticweb.owlapi.model.OWLAnonymousClassExpression
[WARNING]   - org.semanticweb.owlapi.model.HasApplyChange
[WARNING]   - org.semanticweb.owlapi.model.SWRLDArgument
[WARNING]   - org.semanticweb.owlapi.change.RemoveAxiomData
[WARNING]   - org.semanticweb.owlapi.model.providers.ExistentialProvider
[WARNING]   - org.semanticweb.owlapi.model.axiomproviders.PropertyCharacteristicAxiomProvider
[WARNING]   - org.semanticweb.owlapi.model.OWLObjectPropertyDomainAxiom
[WARNING]   - org.semanticweb.owlapi.model.OWLDataRange
[WARNING]   - 568 more...
[WARNING] owlapi-distribution-6.0.0-SNAPSHOT.jar, owlapi-parsers-6.0.0-SNAPSHOT.jar define 370 overlapping classes: 
[WARNING]   - org.semanticweb.owlapi.owlxml.parser.SubAnnPropertyOfEH
[WARNING]   - org.semanticweb.owlapi.krss2.renderer.KRSSVocabulary
[WARNING]   - org.semanticweb.owlapi.owlxml.parser.DataOneOfEH
[WARNING]   - org.semanticweb.owlapi.rdf.rdfxml.renderer.package-info
[WARNING]   - org.semanticweb.owlapi.rdf.rdfxml.parser.Translators$ObjectMinCardinalityTranslator
[WARNING]   - org.semanticweb.owlapi.rdf.rdfxml.renderer.IllegalElementNameException
[WARNING]   - org.semanticweb.owlapi.rdf.turtle.parser.JavaCharStream
[WARNING]   - org.semanticweb.owlapi.rdf.rdfxml.parser.AnonMap
[WARNING]   - org.semanticweb.owlapi.latex.renderer.LatexOWLObjectRenderer
[WARNING]   - org.semanticweb.owlapi.owlxml.renderer.OWLXMLObjectRenderer
[WARNING]   - 360 more...
[WARNING] owlapi-distribution-6.0.0-SNAPSHOT.jar, owlapi-impl-6.0.0-SNAPSHOT.jar define 195 overlapping classes: 
[WARNING]   - org.semanticweb.owlapi.reasoner.impl.OWLNamedIndividualNodeSet
[WARNING]   - uk.ac.manchester.cs.owl.owlapi.SWRLIndividualArgumentImpl
[WARNING]   - uk.ac.manchester.cs.owl.owlapi.InitVisitorFactory$InitIndividualVisitor
[WARNING]   - uk.ac.manchester.cs.owl.owlapi.OWLDataAllValuesFromImpl
[WARNING]   - uk.ac.manchester.cs.owl.owlapi.concurrent.NonConcurrentOWLOntologyBuilder
[WARNING]   - uk.ac.manchester.cs.owl.owlapi.OWLImportsDeclarationImpl
[WARNING]   - uk.ac.manchester.cs.owl.owlapi.OWLSubPropertyAxiomImpl
[WARNING]   - uk.ac.manchester.cs.owl.owlapi.OWLSameIndividualAxiomImpl
[WARNING]   - uk.ac.manchester.cs.owl.owlapi.Internals$RemoveAxiomVisitor
[WARNING]   - uk.ac.manchester.cs.owl.owlapi.SWRLSameIndividualAtomImpl
[WARNING]   - 185 more...
[WARNING] maven-shade-plugin has detected that some class files are
[WARNING] present in two or more JARs. When this happens, only one
[WARNING] single version of the class is copied to the uber jar.
[WARNING] Usually this is not harmful and you can skip these warnings,
[WARNING] otherwise try to manually exclude artifacts based on
[WARNING] mvn dependency:tree -Ddetail=true and the above output.
[WARNING] See http://maven.apache.org/plugins/maven-shade-plugin/
[INFO] Replacing original artifact with shaded artifact.
[INFO] Replacing /home/travis/build/owlcs/owlapi/distribution/target/owlapi-distribution-6.0.0-SNAPSHOT.jar with /home/travis/build/owlcs/owlapi/distribution/target/owlapi-distribution-6.0.0-SNAPSHOT-shaded.jar
[INFO] Dependency-reduced POM written at: /home/travis/build/owlcs/owlapi/distribution/dependency-reduced-pom.xml
[INFO] 
[INFO] --- maven-javadoc-plugin:2.10.4:jar (attach-javadocs) @ owlapi-distribution ---
[INFO] Skipping javadoc generation
[INFO] 
[INFO] --- maven-javadoc-plugin:2.10.4:jar (attach-javadoc) @ owlapi-distribution ---
[INFO] Skipping javadoc generation
[INFO] 
[INFO] --- maven-assembly-plugin:3.0.0:single (attach-sources) @ owlapi-distribution ---
[INFO] Reading assembly descriptor: src/assembly/sources.xml
[INFO] Building jar: /home/travis/build/owlcs/owlapi/distribution/target/owlapi-distribution-6.0.0-SNAPSHOT-sources.jar
[INFO] 
[INFO] --- maven-failsafe-plugin:2.19.1:integration-test (default) @ owlapi-distribution ---
[INFO] Tests are skipped.
[INFO] 
[INFO] --- maven-failsafe-plugin:2.19.1:verify (default) @ owlapi-distribution ---
[INFO] Tests are skipped.
[INFO] 
[INFO] --- maven-install-plugin:2.5.2:install (default-install) @ owlapi-distribution ---
[INFO] Installing /home/travis/build/owlcs/owlapi/distribution/target/owlapi-distribution-6.0.0-SNAPSHOT.jar to /home/travis/.m2/repository/net/sourceforge/owlapi/owlapi-distribution/6.0.0-SNAPSHOT/owlapi-distribution-6.0.0-SNAPSHOT.jar
[INFO] Installing /home/travis/build/owlcs/owlapi/distribution/dependency-reduced-pom.xml to /home/travis/.m2/repository/net/sourceforge/owlapi/owlapi-distribution/6.0.0-SNAPSHOT/owlapi-distribution-6.0.0-SNAPSHOT.pom
[INFO] Installing /home/travis/build/owlcs/owlapi/distribution/target/owlapi-distribution-6.0.0-SNAPSHOT-sources.jar to /home/travis/.m2/repository/net/sourceforge/owlapi/owlapi-distribution/6.0.0-SNAPSHOT/owlapi-distribution-6.0.0-SNAPSHOT-sources.jar
[INFO] 
[INFO] --- maven-bundle-plugin:3.2.0:install (default-install) @ owlapi-distribution ---
[INFO] Installing net/sourceforge/owlapi/owlapi-distribution/6.0.0-SNAPSHOT/owlapi-distribution-6.0.0-SNAPSHOT.jar
[INFO] Installing net/sourceforge/owlapi/owlapi-distribution/6.0.0-SNAPSHOT/owlapi-distribution-6.0.0-SNAPSHOT-sources.jar
[INFO] Writing OBR metadata
[INFO]                                                                         
[INFO] ------------------------------------------------------------------------
[INFO] Building OWLAPI :: OSGi and Compatibility Distribution 6.0.0-SNAPSHOT
[INFO] ------------------------------------------------------------------------
[INFO] 
[INFO] --- maven-enforcer-plugin:1.0:enforce (enforce-maven) @ owlapi-osgidistribution ---
[INFO] 
[INFO] --- maven-resources-plugin:3.0.1:resources (default-resources) @ owlapi-osgidistribution ---
[INFO] Using 'UTF-8' encoding to copy filtered resources.
[INFO] skip non existing resourceDirectory /home/travis/build/owlcs/owlapi/osgidistribution/src/main/resources
[INFO] 
[INFO] --- maven-compiler-plugin:3.6.0:compile (default-compile) @ owlapi-osgidistribution ---
[INFO] Changes detected - recompiling the module!
[INFO] Compiling 1 source file to /home/travis/build/owlcs/owlapi/osgidistribution/target/classes
[INFO] 
[INFO] --- maven-resources-plugin:3.0.1:testResources (default-testResources) @ owlapi-osgidistribution ---
[INFO] Using 'UTF-8' encoding to copy filtered resources.
[INFO] Copying 2 resources
[INFO] 
[INFO] --- maven-compiler-plugin:3.6.0:testCompile (default-testCompile) @ owlapi-osgidistribution ---
[INFO] Changes detected - recompiling the module!
[INFO] Compiling 4 source files to /home/travis/build/owlcs/owlapi/osgidistribution/target/test-classes
[INFO] 
[INFO] --- maven-surefire-plugin:2.19.1:test (default-test) @ owlapi-osgidistribution ---
[INFO] Tests are skipped.
[INFO] 
[INFO] --- maven-bundle-plugin:3.2.0:bundle (default-bundle) @ owlapi-osgidistribution ---
[WARNING] Bundle net.sourceforge.owlapi:owlapi-osgidistribution:bundle:6.0.0-SNAPSHOT : Export com.clarkparsia.owlapi.explanation,  has 1,  private references [javax.annotation], 
[WARNING] Bundle net.sourceforge.owlapi:owlapi-osgidistribution:bundle:6.0.0-SNAPSHOT : Export com.clarkparsia.owlapi.explanation.io,  has 1,  private references [javax.annotation], 
[WARNING] Bundle net.sourceforge.owlapi:owlapi-osgidistribution:bundle:6.0.0-SNAPSHOT : Export org.semanticweb.owlapi,  has 1,  private references [javax.annotation], 
[WARNING] Bundle net.sourceforge.owlapi:owlapi-osgidistribution:bundle:6.0.0-SNAPSHOT : Export org.semanticweb.owlapi.apibinding,  has 1,  private references [javax.annotation], 
[WARNING] Bundle net.sourceforge.owlapi:owlapi-osgidistribution:bundle:6.0.0-SNAPSHOT : Export org.semanticweb.owlapi.change,  has 1,  private references [javax.annotation], 
[WARNING] Bundle net.sourceforge.owlapi:owlapi-osgidistribution:bundle:6.0.0-SNAPSHOT : Export org.semanticweb.owlapi.debugging,  has 1,  private references [javax.annotation], 
[WARNING] Bundle net.sourceforge.owlapi:owlapi-osgidistribution:bundle:6.0.0-SNAPSHOT : Export org.semanticweb.owlapi.dlsyntax.renderer,  has 1,  private references [javax.annotation], 
[WARNING] Bundle net.sourceforge.owlapi:owlapi-osgidistribution:bundle:6.0.0-SNAPSHOT : Export org.semanticweb.owlapi.expression,  has 1,  private references [javax.annotation], 
[WARNING] Bundle net.sourceforge.owlapi:owlapi-osgidistribution:bundle:6.0.0-SNAPSHOT : Export org.semanticweb.owlapi.formats,  has 2,  private references [org.eclipse.rdf4j.rio, javax.annotation], 
[WARNING] Bundle net.sourceforge.owlapi:owlapi-osgidistribution:bundle:6.0.0-SNAPSHOT : Export org.semanticweb.owlapi.functional.renderer,  has 1,  private references [javax.annotation], 
[WARNING] Bundle net.sourceforge.owlapi:owlapi-osgidistribution:bundle:6.0.0-SNAPSHOT : Export org.semanticweb.owlapi.io,  has 3,  private references [javax.annotation, org.tukaani.xz, org.apache.commons.rdf.api], 
[WARNING] Bundle net.sourceforge.owlapi:owlapi-osgidistribution:bundle:6.0.0-SNAPSHOT : Export org.semanticweb.owlapi.krss2.renderer,  has 1,  private references [javax.annotation], 
[WARNING] Bundle net.sourceforge.owlapi:owlapi-osgidistribution:bundle:6.0.0-SNAPSHOT : Export org.semanticweb.owlapi.manchestersyntax.parser,  has 1,  private references [javax.annotation], 
[WARNING] Bundle net.sourceforge.owlapi:owlapi-osgidistribution:bundle:6.0.0-SNAPSHOT : Export org.semanticweb.owlapi.manchestersyntax.renderer,  has 1,  private references [javax.annotation], 
[WARNING] Bundle net.sourceforge.owlapi:owlapi-osgidistribution:bundle:6.0.0-SNAPSHOT : Export org.semanticweb.owlapi.model,  has 2,  private references [javax.annotation, org.apache.commons.rdf.api], 
[WARNING] Bundle net.sourceforge.owlapi:owlapi-osgidistribution:bundle:6.0.0-SNAPSHOT : Export org.semanticweb.owlapi.model.parameters,  has 1,  private references [javax.annotation], 
[WARNING] Bundle net.sourceforge.owlapi:owlapi-osgidistribution:bundle:6.0.0-SNAPSHOT : Export org.semanticweb.owlapi.model.providers,  has 1,  private references [javax.annotation], 
[WARNING] Bundle net.sourceforge.owlapi:owlapi-osgidistribution:bundle:6.0.0-SNAPSHOT : Export org.semanticweb.owlapi.profiles,  has 1,  private references [javax.annotation], 
[WARNING] Bundle net.sourceforge.owlapi:owlapi-osgidistribution:bundle:6.0.0-SNAPSHOT : Export org.semanticweb.owlapi.profiles.violations,  has 1,  private references [javax.annotation], 
[WARNING] Bundle net.sourceforge.owlapi:owlapi-osgidistribution:bundle:6.0.0-SNAPSHOT : Export org.semanticweb.owlapi.rdf,  has 1,  private references [javax.annotation], 
[WARNING] Bundle net.sourceforge.owlapi:owlapi-osgidistribution:bundle:6.0.0-SNAPSHOT : Export org.semanticweb.owlapi.rdf.model,  has 1,  private references [javax.annotation], 
[WARNING] Bundle net.sourceforge.owlapi:owlapi-osgidistribution:bundle:6.0.0-SNAPSHOT : Export org.semanticweb.owlapi.rdf.rdfxml.parser,  has 1,  private references [javax.annotation], 
[WARNING] Bundle net.sourceforge.owlapi:owlapi-osgidistribution:bundle:6.0.0-SNAPSHOT : Export org.semanticweb.owlapi.rdf.rdfxml.renderer,  has 1,  private references [javax.annotation], 
[WARNING] Bundle net.sourceforge.owlapi:owlapi-osgidistribution:bundle:6.0.0-SNAPSHOT : Export org.semanticweb.owlapi.reasoner,  has 1,  private references [javax.annotation], 
[WARNING] Bundle net.sourceforge.owlapi:owlapi-osgidistribution:bundle:6.0.0-SNAPSHOT : Export org.semanticweb.owlapi.reasoner.impl,  has 1,  private references [javax.annotation], 
[WARNING] Bundle net.sourceforge.owlapi:owlapi-osgidistribution:bundle:6.0.0-SNAPSHOT : Export org.semanticweb.owlapi.rio,  has 6,  private references [org.eclipse.rdf4j.model, javax.annotation, org.eclipse.rdf4j.rio.helpers, org.eclipse.rdf4j, org.eclipse.rdf4j.rio, org.eclipse.rdf4j.common.iteration], 
[WARNING] Bundle net.sourceforge.owlapi:owlapi-osgidistribution:bundle:6.0.0-SNAPSHOT : Export org.semanticweb.owlapi.rio.utils,  has 2,  private references [org.eclipse.rdf4j.model, javax.annotation], 
[WARNING] Bundle net.sourceforge.owlapi:owlapi-osgidistribution:bundle:6.0.0-SNAPSHOT : Export org.semanticweb.owlapi.search,  has 1,  private references [javax.annotation], 
[WARNING] Bundle net.sourceforge.owlapi:owlapi-osgidistribution:bundle:6.0.0-SNAPSHOT : Export org.semanticweb.owlapi.util,  has 1,  private references [javax.annotation], 
[WARNING] Bundle net.sourceforge.owlapi:owlapi-osgidistribution:bundle:6.0.0-SNAPSHOT : Export org.semanticweb.owlapi.util.mansyntax,  has 1,  private references [javax.annotation], 
[WARNING] Bundle net.sourceforge.owlapi:owlapi-osgidistribution:bundle:6.0.0-SNAPSHOT : Export org.semanticweb.owlapi.vocab,  has 1,  private references [javax.annotation], 
[WARNING] Bundle net.sourceforge.owlapi:owlapi-osgidistribution:bundle:6.0.0-SNAPSHOT : Export org.semanticweb.owlapitools.builders,  has 1,  private references [javax.annotation], 
[WARNING] Bundle net.sourceforge.owlapi:owlapi-osgidistribution:bundle:6.0.0-SNAPSHOT : Export org.semanticweb.owlapitools.decomposition,  has 1,  private references [javax.annotation], 
[WARNING] Bundle net.sourceforge.owlapi:owlapi-osgidistribution:bundle:6.0.0-SNAPSHOT : Export uk.ac.manchester.cs.atomicdecomposition,  has 1,  private references [javax.annotation], 
[WARNING] Bundle net.sourceforge.owlapi:owlapi-osgidistribution:bundle:6.0.0-SNAPSHOT : Export uk.ac.manchester.cs.chainsaw,  has 2,  private references [gnu.trove.list, javax.annotation], 
[WARNING] Bundle net.sourceforge.owlapi:owlapi-osgidistribution:bundle:6.0.0-SNAPSHOT : Export uk.ac.manchester.cs.owl.explanation.ordering,  has 1,  private references [javax.annotation], 
[WARNING] Bundle net.sourceforge.owlapi:owlapi-osgidistribution:bundle:6.0.0-SNAPSHOT : Export uk.ac.manchester.cs.owl.owlapi,  has 2,  private references [javax.annotation, com.github.benmanes.caffeine.cache], 
[WARNING] Bundle net.sourceforge.owlapi:owlapi-osgidistribution:bundle:6.0.0-SNAPSHOT : Export uk.ac.manchester.cs.owl.owlapi.concurrent,  has 1,  private references [javax.annotation], 
[WARNING] Bundle net.sourceforge.owlapi:owlapi-osgidistribution:bundle:6.0.0-SNAPSHOT : Export uk.ac.manchester.cs.owlapi.modularity,  has 1,  private references [javax.annotation], 
[WARNING] Bundle net.sourceforge.owlapi:owlapi-osgidistribution:bundle:6.0.0-SNAPSHOT : Export org.obolibrary.macro,  has 1,  private references [javax.annotation], 
[WARNING] Bundle net.sourceforge.owlapi:owlapi-osgidistribution:bundle:6.0.0-SNAPSHOT : Export org.obolibrary.obo2owl,  has 1,  private references [javax.annotation], 
[WARNING] Bundle net.sourceforge.owlapi:owlapi-osgidistribution:bundle:6.0.0-SNAPSHOT : Export org.obolibrary.oboformat.diff,  has 1,  private references [javax.annotation], 
[WARNING] Bundle net.sourceforge.owlapi:owlapi-osgidistribution:bundle:6.0.0-SNAPSHOT : Export org.obolibrary.oboformat.model,  has 1,  private references [javax.annotation], 
[WARNING] Bundle net.sourceforge.owlapi:owlapi-osgidistribution:bundle:6.0.0-SNAPSHOT : Export org.obolibrary.oboformat.parser,  has 1,  private references [javax.annotation], 
[WARNING] Bundle net.sourceforge.owlapi:owlapi-osgidistribution:bundle:6.0.0-SNAPSHOT : Export org.obolibrary.oboformat.writer,  has 2,  private references [javax.annotation, gnu.trove.map.hash], 
[WARNING] Bundle net.sourceforge.owlapi:owlapi-osgidistribution:bundle:6.0.0-SNAPSHOT : Export org.obolibrary.owl,  has 1,  private references [javax.annotation], 
[WARNING] Bundle net.sourceforge.owlapi:owlapi-osgidistribution:bundle:6.0.0-SNAPSHOT : Export org.coode.owlapi.manchesterowlsyntax,  has 1,  private references [javax.annotation], 
[WARNING] Bundle net.sourceforge.owlapi:owlapi-osgidistribution:bundle:6.0.0-SNAPSHOT : Export org.coode.owlapi.obo12.parser,  has 1,  private references [javax.annotation], 
[INFO] 
[INFO] >>> maven-source-plugin:3.0.1:jar (attach-sources) > generate-sources @ owlapi-osgidistribution >>>
[INFO] 
[INFO] --- maven-enforcer-plugin:1.0:enforce (enforce-maven) @ owlapi-osgidistribution ---
[INFO] 
[INFO] <<< maven-source-plugin:3.0.1:jar (attach-sources) < generate-sources @ owlapi-osgidistribution <<<
[INFO] 
[INFO] --- maven-source-plugin:3.0.1:jar (attach-sources) @ owlapi-osgidistribution ---
[INFO] Building jar: /home/travis/build/owlcs/owlapi/osgidistribution/target/owlapi-osgidistribution-6.0.0-SNAPSHOT-sources.jar
[INFO] 
[INFO] --- maven-javadoc-plugin:2.10.4:jar (attach-javadocs) @ owlapi-osgidistribution ---
[INFO] Skipping javadoc generation
[INFO] 
[INFO] --- maven-javadoc-plugin:2.10.4:jar (attach-javadoc) @ owlapi-osgidistribution ---
[INFO] Skipping javadoc generation
[INFO] 
[INFO] --- maven-shade-plugin:2.4.3:shade (default) @ owlapi-osgidistribution ---
[INFO] Including net.sourceforge.owlapi:owlapi-apibinding:jar:6.0.0-SNAPSHOT in the shaded jar.
[INFO] Including net.sourceforge.owlapi:owlapi-tools:jar:6.0.0-SNAPSHOT in the shaded jar.
[INFO] Including net.sourceforge.owlapi:owlapi-impl:jar:6.0.0-SNAPSHOT in the shaded jar.
[INFO] Including net.sourceforge.owlapi:owlapi-parsers:jar:6.0.0-SNAPSHOT in the shaded jar.
[INFO] Including net.sourceforge.owlapi:owlapi-oboformat:jar:6.0.0-SNAPSHOT in the shaded jar.
[INFO] Including net.sourceforge.owlapi:owlapi-rio:jar:6.0.0-SNAPSHOT in the shaded jar.
[INFO] Including net.sourceforge.owlapi:owlapi-api:jar:6.0.0-SNAPSHOT in the shaded jar.
[INFO] Including net.sourceforge.owlapi:owlapi-compatibility:jar:6.0.0-SNAPSHOT in the shaded jar.
[INFO] Excluding com.google.code.findbugs:jsr305:jar:3.0.1 from the shaded jar.
[INFO] Excluding com.fasterxml.jackson.core:jackson-core:jar:2.8.5 from the shaded jar.
[INFO] Excluding com.fasterxml.jackson.core:jackson-databind:jar:2.8.5 from the shaded jar.
[INFO] Excluding com.fasterxml.jackson.core:jackson-annotations:jar:2.8.5 from the shaded jar.
[INFO] Excluding org.apache.commons:commons-rdf-api:jar:0.3.0-incubating from the shaded jar.
[INFO] Excluding org.tukaani:xz:jar:1.6 from the shaded jar.
[INFO] Excluding org.slf4j:slf4j-api:jar:1.7.22 from the shaded jar.
[INFO] Excluding org.slf4j:jcl-over-slf4j:jar:1.7.22 from the shaded jar.
[INFO] Excluding org.eclipse.rdf4j:rdf4j-model:jar:2.1.4 from the shaded jar.
[INFO] Excluding org.eclipse.rdf4j:rdf4j-rio-api:jar:2.1.4 from the shaded jar.
[INFO] Excluding org.eclipse.rdf4j:rdf4j-rio-languages:jar:2.1.4 from the shaded jar.
[INFO] Excluding org.eclipse.rdf4j:rdf4j-rio-datatypes:jar:2.1.4 from the shaded jar.
[INFO] Excluding org.eclipse.rdf4j:rdf4j-rio-binary:jar:2.1.4 from the shaded jar.
[INFO] Excluding org.eclipse.rdf4j:rdf4j-rio-n3:jar:2.1.4 from the shaded jar.
[INFO] Excluding org.eclipse.rdf4j:rdf4j-rio-nquads:jar:2.1.4 from the shaded jar.
[INFO] Excluding org.eclipse.rdf4j:rdf4j-rio-ntriples:jar:2.1.4 from the shaded jar.
[INFO] Excluding org.eclipse.rdf4j:rdf4j-rio-rdfjson:jar:2.1.4 from the shaded jar.
[INFO] Excluding org.eclipse.rdf4j:rdf4j-rio-jsonld:jar:2.1.4 from the shaded jar.
[INFO] Excluding org.eclipse.rdf4j:rdf4j-rio-rdfxml:jar:2.1.4 from the shaded jar.
[INFO] Excluding org.eclipse.rdf4j:rdf4j-rio-trix:jar:2.1.4 from the shaded jar.
[INFO] Excluding org.eclipse.rdf4j:rdf4j-rio-turtle:jar:2.1.4 from the shaded jar.
[INFO] Excluding org.eclipse.rdf4j:rdf4j-rio-trig:jar:2.1.4 from the shaded jar.
[INFO] Excluding org.eclipse.rdf4j:rdf4j-util:jar:2.1.4 from the shaded jar.
[INFO] Excluding com.github.jsonld-java:jsonld-java:jar:0.9.0 from the shaded jar.
[INFO] Excluding org.apache.httpcomponents:httpclient-osgi:jar:4.5.2 from the shaded jar.
[INFO] Excluding org.apache.httpcomponents:httpmime:jar:4.5.2 from the shaded jar.
[INFO] Excluding org.apache.httpcomponents:fluent-hc:jar:4.5.2 from the shaded jar.
[INFO] Excluding org.apache.httpcomponents:httpcore-osgi:jar:4.4.5 from the shaded jar.
[INFO] Excluding org.apache.httpcomponents:httpcore-nio:jar:4.4.5 from the shaded jar.
[INFO] Excluding org.apache.httpcomponents:httpclient:jar:4.5.2 from the shaded jar.
[INFO] Excluding org.apache.httpcomponents:httpclient-cache:jar:4.5.2 from the shaded jar.
[INFO] Excluding org.apache.httpcomponents:httpcore:jar:4.4.5 from the shaded jar.
[INFO] Excluding commons-codec:commons-codec:jar:1.10 from the shaded jar.
[INFO] Excluding commons-logging:commons-logging:jar:1.2 from the shaded jar.
[INFO] Excluding commons-io:commons-io:jar:2.5 from the shaded jar.
[INFO] Excluding net.sf.trove4j:trove4j:jar:3.0.3 from the shaded jar.
[INFO] Excluding com.google.guava:guava:jar:20.0 from the shaded jar.
[INFO] Excluding com.google.inject:guice:jar:4.1.0 from the shaded jar.
[INFO] Excluding javax.inject:javax.inject:jar:1 from the shaded jar.
[INFO] Excluding aopalliance:aopalliance:jar:1.0 from the shaded jar.
[INFO] Excluding com.google.inject.extensions:guice-multibindings:jar:4.1.0 from the shaded jar.
[INFO] Excluding com.github.ben-manes.caffeine:caffeine:jar:2.3.5 from the shaded jar.
[INFO] Excluding com.squareup.okhttp3:okhttp:jar:3.5.0 from the shaded jar.
[INFO] Excluding com.squareup.okio:okio:jar:1.11.0 from the shaded jar.
[INFO] Excluding org.apache.servicemix.bundles:org.apache.servicemix.bundles.javax-inject:jar:1_2 from the shaded jar.
[INFO] Excluding org.apache.servicemix.bundles:org.apache.servicemix.bundles.aopalliance:jar:1.0_6 from the shaded jar.
[WARNING] owlapi-osgidistribution-6.0.0-SNAPSHOT.jar, owlapi-impl-6.0.0-SNAPSHOT.jar define 195 overlapping classes: 
[WARNING]   - org.semanticweb.owlapi.reasoner.impl.OWLNamedIndividualNodeSet
[WARNING]   - uk.ac.manchester.cs.owl.owlapi.SWRLIndividualArgumentImpl
[WARNING]   - uk.ac.manchester.cs.owl.owlapi.InitVisitorFactory$InitIndividualVisitor
[WARNING]   - uk.ac.manchester.cs.owl.owlapi.OWLDataAllValuesFromImpl
[WARNING]   - uk.ac.manchester.cs.owl.owlapi.concurrent.NonConcurrentOWLOntologyBuilder
[WARNING]   - uk.ac.manchester.cs.owl.owlapi.OWLImportsDeclarationImpl
[WARNING]   - uk.ac.manchester.cs.owl.owlapi.OWLSubPropertyAxiomImpl
[WARNING]   - uk.ac.manchester.cs.owl.owlapi.OWLSameIndividualAxiomImpl
[WARNING]   - uk.ac.manchester.cs.owl.owlapi.Internals$RemoveAxiomVisitor
[WARNING]   - uk.ac.manchester.cs.owl.owlapi.SWRLSameIndividualAtomImpl
[WARNING]   - 185 more...
[WARNING] owlapi-osgidistribution-6.0.0-SNAPSHOT.jar, owlapi-parsers-6.0.0-SNAPSHOT.jar define 370 overlapping classes: 
[WARNING]   - org.semanticweb.owlapi.owlxml.parser.SubAnnPropertyOfEH
[WARNING]   - org.semanticweb.owlapi.krss2.renderer.KRSSVocabulary
[WARNING]   - org.semanticweb.owlapi.owlxml.parser.DataOneOfEH
[WARNING]   - org.semanticweb.owlapi.rdf.rdfxml.renderer.package-info
[WARNING]   - org.semanticweb.owlapi.rdf.rdfxml.parser.Translators$ObjectMinCardinalityTranslator
[WARNING]   - org.semanticweb.owlapi.rdf.rdfxml.renderer.IllegalElementNameException
[WARNING]   - org.semanticweb.owlapi.rdf.turtle.parser.JavaCharStream
[WARNING]   - org.semanticweb.owlapi.rdf.rdfxml.parser.AnonMap
[WARNING]   - org.semanticweb.owlapi.latex.renderer.LatexOWLObjectRenderer
[WARNING]   - org.semanticweb.owlapi.owlxml.renderer.OWLXMLObjectRenderer
[WARNING]   - 360 more...
[WARNING] owlapi-api-6.0.0-SNAPSHOT.jar, owlapi-osgidistribution-6.0.0-SNAPSHOT.jar define 578 overlapping classes: 
[WARNING]   - org.semanticweb.owlapi.model.OWLPropertyAssertionObject
[WARNING]   - org.semanticweb.owlapi.model.parameters.ConfigurationOptions
[WARNING]   - org.semanticweb.owlapi.model.OWLAnonymousClassExpression
[WARNING]   - org.semanticweb.owlapi.model.HasApplyChange
[WARNING]   - org.semanticweb.owlapi.model.SWRLDArgument
[WARNING]   - org.semanticweb.owlapi.change.RemoveAxiomData
[WARNING]   - org.semanticweb.owlapi.model.providers.ExistentialProvider
[WARNING]   - org.semanticweb.owlapi.model.axiomproviders.PropertyCharacteristicAxiomProvider
[WARNING]   - org.semanticweb.owlapi.model.OWLObjectPropertyDomainAxiom
[WARNING]   - org.semanticweb.owlapi.model.OWLDataRange
[WARNING]   - 568 more...
[WARNING] owlapi-osgidistribution-6.0.0-SNAPSHOT.jar, owlapi-oboformat-6.0.0-SNAPSHOT.jar define 74 overlapping classes: 
[WARNING]   - org.obolibrary.oboformat.parser.OBOFormatException
[WARNING]   - org.obolibrary.obo2owl.OWLAPIOwl2Obo
[WARNING]   - org.obolibrary.macro.MacroExpansionGCIVisitor$MacroExpansions
[WARNING]   - org.obolibrary.oboformat.diff.Diff
[WARNING]   - org.obolibrary.obo2owl.IdTranslator
[WARNING]   - org.obolibrary.oboformat.model.Clause
[WARNING]   - org.obolibrary.oboformat.parser.XrefExpander$ReverseGenusDifferentiaExpansion
[WARNING]   - org.obolibrary.owl.LabelFunctionalSyntaxStorer
[WARNING]   - org.obolibrary.oboformat.model.FrameStructureException
[WARNING]   - org.obolibrary.macro.MacroExpansionVisitor
[WARNING]   - 64 more...
[WARNING] owlapi-osgidistribution-6.0.0-SNAPSHOT.jar, owlapi-tools-6.0.0-SNAPSHOT.jar define 430 overlapping classes: 
[WARNING]   - uk.ac.manchester.cs.atomicdecomposition.package-info
[WARNING]   - org.semanticweb.owlapi.util.InferredIndividualAxiomGenerator
[WARNING]   - org.semanticweb.owlapi.util.OWLEntityURIUnderscores2CamelBackConverterStrategy
[WARNING]   - org.semanticweb.owlapitools.decomposition.Modularizer
[WARNING]   - org.semanticweb.owlapi.util.HornAxiomVisitorEx
[WARNING]   - org.semanticweb.owlapi.util.OWLOntologyWalkerVisitor
[WARNING]   - org.semanticweb.owlapitools.builders.package-info
[WARNING]   - org.semanticweb.owlapi.profiles.OWL2RLProfile
[WARNING]   - org.semanticweb.owlapi.metrics.DoubleValuedMetric
[WARNING]   - org.semanticweb.owlapitools.decomposition.SigIndex
[WARNING]   - 420 more...
[WARNING] owlapi-api-6.0.0-SNAPSHOT.jar, owlapi-osgidistribution-6.0.0-SNAPSHOT.jar, owlapi-tools-6.0.0-SNAPSHOT.jar define 1 overlapping classes: 
[WARNING]   - org.semanticweb.owlapi.util.package-info
[WARNING] owlapi-compatibility-6.0.0-SNAPSHOT.jar, owlapi-osgidistribution-6.0.0-SNAPSHOT.jar define 99 overlapping classes: 
[WARNING]   - org.coode.owlapi.obo12.parser.OBOIdType$1
[WARNING]   - uk.ac.manchester.cs.owlapi.dlsyntax.DLSyntaxHTMLOntologyFormat
[WARNING]   - org.coode.owl.krssparser.KRSSOntologyFormat
[WARNING]   - org.coode.owlapi.obo12.parser.XRefTagHandler
[WARNING]   - org.coode.owlapi.obo12.parser.IDSpaceTagValueHandler
[WARNING]   - org.coode.owlapi.obo12.parser.OBOIdTranslator
[WARNING]   - org.coode.owlapi.obo12.parser.OntologyTagValueHandler
[WARNING]   - org.coode.owlapi.obo12.parser.OBOIdType$OBOIIdTranslator
[WARNING]   - org.coode.owlapi.obo12.parser.OBO12DocumentFormat
[WARNING]   - org.coode.owlapi.obo12.parser.PartOfTagValueHandler
[WARNING]   - 89 more...
[WARNING] owlapi-rio-6.0.0-SNAPSHOT.jar, owlapi-osgidistribution-6.0.0-SNAPSHOT.jar define 68 overlapping classes: 
[WARNING]   - org.semanticweb.owlapi.formats.N3DocumentFormatFactory
[WARNING]   - org.semanticweb.owlapi.formats.RioTurtleDocumentFormatFactory
[WARNING]   - org.semanticweb.owlapi.rio.RioStorer
[WARNING]   - org.semanticweb.owlapi.rio.RioOWLRDFParser
[WARNING]   - org.semanticweb.owlapi.rio.OWLAPIRDFFormat
[WARNING]   - org.semanticweb.owlapi.formats.N3DocumentFormat
[WARNING]   - org.semanticweb.owlapi.rio.RioFunctionalSyntaxParserFactory
[WARNING]   - org.semanticweb.owlapi.rio.RioTrigStorerFactory
[WARNING]   - org.semanticweb.owlapi.rio.RioManchesterSyntaxParserFactory
[WARNING]   - org.semanticweb.owlapi.rio.AbstractRioStorerFactory
[WARNING]   - 58 more...
[WARNING] owlapi-osgidistribution-6.0.0-SNAPSHOT.jar, owlapi-apibinding-6.0.0-SNAPSHOT.jar define 6 overlapping classes: 
[WARNING]   - org.semanticweb.owlapi.apibinding.OWLManager
[WARNING]   - org.semanticweb.owlapi.apibinding.package-info
[WARNING]   - org.semanticweb.owlapi.apibinding.OWLFunctionalSyntaxFactory
[WARNING]   - uk.ac.manchester.cs.owl.owlapi.OWLAPIImplModule
[WARNING]   - org.semanticweb.owlapi.OWLAPIParsersModule
[WARNING]   - org.semanticweb.owlapi.OWLAPIServiceLoaderModule
[WARNING] maven-shade-plugin has detected that some class files are
[WARNING] present in two or more JARs. When this happens, only one
[WARNING] single version of the class is copied to the uber jar.
[WARNING] Usually this is not harmful and you can skip these warnings,
[WARNING] otherwise try to manually exclude artifacts based on
[WARNING] mvn dependency:tree -Ddetail=true and the above output.
[WARNING] See http://maven.apache.org/plugins/maven-shade-plugin/
[INFO] Replacing original artifact with shaded artifact.
[INFO] Replacing /home/travis/build/owlcs/owlapi/osgidistribution/target/owlapi-osgidistribution-6.0.0-SNAPSHOT.jar with /home/travis/build/owlcs/owlapi/osgidistribution/target/owlapi-osgidistribution-6.0.0-SNAPSHOT-shaded.jar
[INFO] Dependency-reduced POM written at: /home/travis/build/owlcs/owlapi/osgidistribution/dependency-reduced-pom.xml
[INFO] 
[INFO] --- maven-assembly-plugin:3.0.0:single (attach-sources) @ owlapi-osgidistribution ---
[INFO] Reading assembly descriptor: src/assembly/sources.xml
[INFO] Building jar: /home/travis/build/owlcs/owlapi/osgidistribution/target/owlapi-osgidistribution-6.0.0-SNAPSHOT-sources.jar
[INFO] 
[INFO] --- maven-failsafe-plugin:2.19.1:integration-test (default) @ owlapi-osgidistribution ---
[INFO] Tests are skipped.
[INFO] 
[INFO] --- maven-failsafe-plugin:2.19.1:verify (default) @ owlapi-osgidistribution ---
[INFO] Tests are skipped.
[INFO] 
[INFO] --- maven-install-plugin:2.5.2:install (default-install) @ owlapi-osgidistribution ---
[INFO] Installing /home/travis/build/owlcs/owlapi/osgidistribution/target/owlapi-osgidistribution-6.0.0-SNAPSHOT.jar to /home/travis/.m2/repository/net/sourceforge/owlapi/owlapi-osgidistribution/6.0.0-SNAPSHOT/owlapi-osgidistribution-6.0.0-SNAPSHOT.jar
[INFO] Installing /home/travis/build/owlcs/owlapi/osgidistribution/dependency-reduced-pom.xml to /home/travis/.m2/repository/net/sourceforge/owlapi/owlapi-osgidistribution/6.0.0-SNAPSHOT/owlapi-osgidistribution-6.0.0-SNAPSHOT.pom
[INFO] Installing /home/travis/build/owlcs/owlapi/osgidistribution/target/owlapi-osgidistribution-6.0.0-SNAPSHOT-sources.jar to /home/travis/.m2/repository/net/sourceforge/owlapi/owlapi-osgidistribution/6.0.0-SNAPSHOT/owlapi-osgidistribution-6.0.0-SNAPSHOT-sources.jar
[INFO] Installing /home/travis/build/owlcs/owlapi/osgidistribution/target/owlapi-osgidistribution-6.0.0-SNAPSHOT-sources.jar to /home/travis/.m2/repository/net/sourceforge/owlapi/owlapi-osgidistribution/6.0.0-SNAPSHOT/owlapi-osgidistribution-6.0.0-SNAPSHOT-sources.jar
[INFO] 
[INFO] --- maven-bundle-plugin:3.2.0:install (default-install) @ owlapi-osgidistribution ---
[INFO] Installing net/sourceforge/owlapi/owlapi-osgidistribution/6.0.0-SNAPSHOT/owlapi-osgidistribution-6.0.0-SNAPSHOT.jar
[INFO] Installing net/sourceforge/owlapi/owlapi-osgidistribution/6.0.0-SNAPSHOT/owlapi-osgidistribution-6.0.0-SNAPSHOT-sources.jar
[INFO] Writing OBR metadata
[INFO] ------------------------------------------------------------------------
[INFO] Reactor Summary:
[INFO] 
[INFO] OWLAPI ............................................. SUCCESS [  1.314 s]
[INFO] OWLAPI :: Interfaces ............................... SUCCESS [  6.994 s]
[INFO] OWLAPI :: Tools .................................... SUCCESS [  4.385 s]
[INFO] OWLAPI :: Default Implementation ................... SUCCESS [  5.831 s]
[INFO] OWLAPI :: Parsers .................................. SUCCESS [  3.179 s]
[INFO] OWLAPI :: OBO Format ............................... SUCCESS [  0.765 s]
[INFO] OWLAPI :: RDF4J Rio ................................ SUCCESS [  0.374 s]
[INFO] OWLAPI :: Binding and Config ....................... SUCCESS [  0.204 s]
[INFO] OWLAPI :: Compatibility ............................ SUCCESS [  0.442 s]
[INFO] OWLAPI :: Tests and Tutorials ...................... SUCCESS [  4.202 s]
[INFO] OWLAPI :: Distribution ............................. SUCCESS [  8.826 s]
[INFO] OWLAPI :: OSGi and Compatibility Distribution ...... SUCCESS [  8.939 s]
[INFO] ------------------------------------------------------------------------
[INFO] BUILD SUCCESS
[INFO] ------------------------------------------------------------------------
[INFO] Total time: 46.820 s
[INFO] Finished at: 2017-04-28T07:32:33+00:00
[INFO] Final Memory: 55M/412M
[INFO] ------------------------------------------------------------------------

travis_time:end:0d13d6a5:start=1493364705219485306,finish=1493364753599695264,duration=48380209958[0Ktravis_fold:end:install[0Ktravis_time:start:2afcf8ac[0K$ mvn verify
Java HotSpot(TM) 64-Bit Server VM warning: ignoring option MaxPermSize=192m; support was removed in 8.0
[INFO] Scanning for projects...
[INFO] Inspecting build with total of 12 modules...
[INFO] Installing Nexus Staging features:
[INFO]   ... total of 12 executions of maven-deploy-plugin replaced with nexus-staging-maven-plugin
[INFO] ------------------------------------------------------------------------
[INFO] Reactor Build Order:
[INFO] 
[INFO] OWLAPI
[INFO] OWLAPI :: Interfaces
[INFO] OWLAPI :: Tools
[INFO] OWLAPI :: Default Implementation
[INFO] OWLAPI :: Parsers
[INFO] OWLAPI :: OBO Format
[INFO] OWLAPI :: RDF4J Rio
[INFO] OWLAPI :: Binding and Config
[INFO] OWLAPI :: Compatibility
[INFO] OWLAPI :: Tests and Tutorials
[INFO] OWLAPI :: Distribution
[INFO] OWLAPI :: OSGi and Compatibility Distribution
[INFO]                                                                         
[INFO] ------------------------------------------------------------------------
[INFO] Building OWLAPI 6.0.0-SNAPSHOT
[INFO] ------------------------------------------------------------------------
[INFO] 
[INFO] --- maven-enforcer-plugin:1.0:enforce (enforce-maven) @ owlapi-parent ---
[INFO] 
[INFO] >>> maven-source-plugin:3.0.1:jar (attach-sources) > generate-sources @ owlapi-parent >>>
[INFO] 
[INFO] --- maven-enforcer-plugin:1.0:enforce (enforce-maven) @ owlapi-parent ---
[INFO] 
[INFO] <<< maven-source-plugin:3.0.1:jar (attach-sources) < generate-sources @ owlapi-parent <<<
[INFO] 
[INFO] --- maven-source-plugin:3.0.1:jar (attach-sources) @ owlapi-parent ---
[INFO] 
[INFO] --- maven-javadoc-plugin:2.10.4:jar (attach-javadocs) @ owlapi-parent ---
[INFO] Skipping javadoc generation
[INFO] 
[INFO] --- maven-failsafe-plugin:2.19.1:integration-test (default) @ owlapi-parent ---
[INFO] No tests to run.
[INFO] 
[INFO] --- maven-failsafe-plugin:2.19.1:verify (default) @ owlapi-parent ---
[INFO]                                                                         
[INFO] ------------------------------------------------------------------------
[INFO] Building OWLAPI :: Interfaces 6.0.0-SNAPSHOT
[INFO] ------------------------------------------------------------------------
[INFO] 
[INFO] --- maven-enforcer-plugin:1.0:enforce (enforce-maven) @ owlapi-api ---
[INFO] 
[INFO] --- maven-resources-plugin:2.6:resources (default-resources) @ owlapi-api ---
[INFO] Using 'UTF-8' encoding to copy filtered resources.
[INFO] skip non existing resourceDirectory /home/travis/build/owlcs/owlapi/api/src/main/resources
[INFO] 
[INFO] --- maven-compiler-plugin:3.6.0:compile (default-compile) @ owlapi-api ---
[INFO] Changes detected - recompiling the module!
[INFO] Compiling 544 source files to /home/travis/build/owlcs/owlapi/api/target/classes
[INFO] /home/travis/build/owlcs/owlapi/api/src/main/java/org/semanticweb/owlapi/model/OWLAnnotationAssertionAxiom.java: Some input files use unchecked or unsafe operations.
[INFO] /home/travis/build/owlcs/owlapi/api/src/main/java/org/semanticweb/owlapi/model/OWLAnnotationAssertionAxiom.java: Recompile with -Xlint:unchecked for details.
[INFO] 
[INFO] --- maven-resources-plugin:2.6:testResources (default-testResources) @ owlapi-api ---
[INFO] Using 'UTF-8' encoding to copy filtered resources.
[INFO] Copying 1 resource
[INFO] 
[INFO] --- maven-compiler-plugin:3.6.0:testCompile (default-testCompile) @ owlapi-api ---
[INFO] Nothing to compile - all classes are up to date
[INFO] 
[INFO] --- maven-surefire-plugin:2.19.1:test (default-test) @ owlapi-api ---

-------------------------------------------------------
 T E S T S
-------------------------------------------------------
Tests run: 878, Failures: 0, Errors: 0, Skipped: 3

[INFO] 
[INFO] --- maven-jar-plugin:2.4:jar (default-jar) @ owlapi-api ---
[INFO] Building jar: /home/travis/build/owlcs/owlapi/api/target/owlapi-api-6.0.0-SNAPSHOT.jar
[INFO] 
[INFO] >>> maven-source-plugin:3.0.1:jar (attach-sources) > generate-sources @ owlapi-api >>>
[INFO] 
[INFO] --- maven-enforcer-plugin:1.0:enforce (enforce-maven) @ owlapi-api ---
[INFO] 
[INFO] <<< maven-source-plugin:3.0.1:jar (attach-sources) < generate-sources @ owlapi-api <<<
[INFO] 
[INFO] --- maven-source-plugin:3.0.1:jar (attach-sources) @ owlapi-api ---
[INFO] Building jar: /home/travis/build/owlcs/owlapi/api/target/owlapi-api-6.0.0-SNAPSHOT-sources.jar
[INFO] 
[INFO] --- maven-javadoc-plugin:2.10.4:jar (attach-javadocs) @ owlapi-api ---
[INFO] Skipping javadoc generation
[INFO] 
[INFO] --- maven-failsafe-plugin:2.19.1:integration-test (default) @ owlapi-api ---
[INFO] 
[INFO] --- maven-failsafe-plugin:2.19.1:verify (default) @ owlapi-api ---
[INFO]                                                                         
[INFO] ------------------------------------------------------------------------
[INFO] Building OWLAPI :: Tools 6.0.0-SNAPSHOT
[INFO] ------------------------------------------------------------------------
[INFO] 
[INFO] --- maven-enforcer-plugin:1.0:enforce (enforce-maven) @ owlapi-tools ---
[INFO] 
[INFO] --- maven-resources-plugin:2.6:resources (default-resources) @ owlapi-tools ---
[INFO] Using 'UTF-8' encoding to copy filtered resources.
[INFO] skip non existing resourceDirectory /home/travis/build/owlcs/owlapi/tools/src/main/resources
[INFO] 
[INFO] --- maven-compiler-plugin:3.6.0:compile (default-compile) @ owlapi-tools ---
[INFO] Nothing to compile - all classes are up to date
[INFO] 
[INFO] --- maven-resources-plugin:2.6:testResources (default-testResources) @ owlapi-tools ---
[INFO] Using 'UTF-8' encoding to copy filtered resources.
[INFO] skip non existing resourceDirectory /home/travis/build/owlcs/owlapi/tools/src/test/resources
[INFO] 
[INFO] --- maven-compiler-plugin:3.6.0:testCompile (default-testCompile) @ owlapi-tools ---
[INFO] No sources to compile
[INFO] 
[INFO] --- maven-surefire-plugin:2.19.1:test (default-test) @ owlapi-tools ---
[INFO] No tests to run.
[INFO] 
[INFO] --- maven-jar-plugin:2.4:jar (default-jar) @ owlapi-tools ---
[INFO] 
[INFO] >>> maven-source-plugin:3.0.1:jar (attach-sources) > generate-sources @ owlapi-tools >>>
[INFO] 
[INFO] --- maven-enforcer-plugin:1.0:enforce (enforce-maven) @ owlapi-tools ---
[INFO] 
[INFO] <<< maven-source-plugin:3.0.1:jar (attach-sources) < generate-sources @ owlapi-tools <<<
[INFO] 
[INFO] --- maven-source-plugin:3.0.1:jar (attach-sources) @ owlapi-tools ---
[INFO] Building jar: /home/travis/build/owlcs/owlapi/tools/target/owlapi-tools-6.0.0-SNAPSHOT-sources.jar
[INFO] 
[INFO] --- maven-javadoc-plugin:2.10.4:jar (attach-javadocs) @ owlapi-tools ---
[INFO] Skipping javadoc generation
[INFO] 
[INFO] --- maven-failsafe-plugin:2.19.1:integration-test (default) @ owlapi-tools ---
[INFO] No tests to run.
[INFO] 
[INFO] --- maven-failsafe-plugin:2.19.1:verify (default) @ owlapi-tools ---
[INFO]                                                                         
[INFO] ------------------------------------------------------------------------
[INFO] Building OWLAPI :: Default Implementation 6.0.0-SNAPSHOT
[INFO] ------------------------------------------------------------------------
[INFO] 
[INFO] --- maven-enforcer-plugin:1.0:enforce (enforce-maven) @ owlapi-impl ---
[INFO] 
[INFO] --- maven-resources-plugin:2.6:resources (default-resources) @ owlapi-impl ---
[INFO] Using 'UTF-8' encoding to copy filtered resources.
[INFO] skip non existing resourceDirectory /home/travis/build/owlcs/owlapi/impl/src/main/resources
[INFO] 
[INFO] --- maven-compiler-plugin:3.6.0:compile (default-compile) @ owlapi-impl ---
[INFO] Nothing to compile - all classes are up to date
[INFO] 
[INFO] --- maven-resources-plugin:2.6:testResources (default-testResources) @ owlapi-impl ---
[INFO] Using 'UTF-8' encoding to copy filtered resources.
[INFO] skip non existing resourceDirectory /home/travis/build/owlcs/owlapi/impl/src/test/resources
[INFO] 
[INFO] --- maven-compiler-plugin:3.6.0:testCompile (default-testCompile) @ owlapi-impl ---
[INFO] Nothing to compile - all classes are up to date
[INFO] 
[INFO] --- maven-surefire-plugin:2.19.1:test (default-test) @ owlapi-impl ---

-------------------------------------------------------
 T E S T S
-------------------------------------------------------
[main] WARN uk.ac.manchester.cs.owl.owlapi.OWLOntologyManagerImpl - Runtime Warning: Parsers should load imported ontologies using the makeImportLoadRequest method.
[main] WARN uk.ac.manchester.cs.owl.owlapi.OWLOntologyManagerImpl - Runtime Warning: Parsers should load imported ontologies using the makeImportLoadRequest method.
Tests run: 548, Failures: 0, Errors: 0, Skipped: 0

[INFO] 
[INFO] --- maven-jar-plugin:2.4:jar (default-jar) @ owlapi-impl ---
[INFO] 
[INFO] >>> maven-source-plugin:3.0.1:jar (attach-sources) > generate-sources @ owlapi-impl >>>
[INFO] 
[INFO] --- maven-enforcer-plugin:1.0:enforce (enforce-maven) @ owlapi-impl ---
[INFO] 
[INFO] <<< maven-source-plugin:3.0.1:jar (attach-sources) < generate-sources @ owlapi-impl <<<
[INFO] 
[INFO] --- maven-source-plugin:3.0.1:jar (attach-sources) @ owlapi-impl ---
[INFO] Building jar: /home/travis/build/owlcs/owlapi/impl/target/owlapi-impl-6.0.0-SNAPSHOT-sources.jar
[INFO] 
[INFO] --- maven-javadoc-plugin:2.10.4:jar (attach-javadocs) @ owlapi-impl ---
[INFO] Skipping javadoc generation
[INFO] 
[INFO] --- maven-failsafe-plugin:2.19.1:integration-test (default) @ owlapi-impl ---
[INFO] 
[INFO] --- maven-failsafe-plugin:2.19.1:verify (default) @ owlapi-impl ---
[INFO]                                                                         
[INFO] ------------------------------------------------------------------------
[INFO] Building OWLAPI :: Parsers 6.0.0-SNAPSHOT
[INFO] ------------------------------------------------------------------------
[INFO] 
[INFO] --- maven-enforcer-plugin:1.0:enforce (enforce-maven) @ owlapi-parsers ---
[INFO] 
[INFO] --- maven-resources-plugin:2.6:resources (default-resources) @ owlapi-parsers ---
[INFO] Using 'UTF-8' encoding to copy filtered resources.
[INFO] Copying 2 resources
[INFO] 
[INFO] --- maven-compiler-plugin:3.6.0:compile (default-compile) @ owlapi-parsers ---
[INFO] Changes detected - recompiling the module!
[INFO] Compiling 209 source files to /home/travis/build/owlcs/owlapi/parsers/target/classes
[INFO] /home/travis/build/owlcs/owlapi/parsers/src/main/java/org/semanticweb/owlapi/manchestersyntax/parser/ManchesterOWLSyntaxParserImpl.java: /home/travis/build/owlcs/owlapi/parsers/src/main/java/org/semanticweb/owlapi/manchestersyntax/parser/ManchesterOWLSyntaxParserImpl.java uses or overrides a deprecated API.
[INFO] /home/travis/build/owlcs/owlapi/parsers/src/main/java/org/semanticweb/owlapi/manchestersyntax/parser/ManchesterOWLSyntaxParserImpl.java: Recompile with -Xlint:deprecation for details.
[INFO] /home/travis/build/owlcs/owlapi/parsers/src/main/java/org/semanticweb/owlapi/rdf/model/AbstractTranslator.java: Some input files use unchecked or unsafe operations.
[INFO] /home/travis/build/owlcs/owlapi/parsers/src/main/java/org/semanticweb/owlapi/rdf/model/AbstractTranslator.java: Recompile with -Xlint:unchecked for details.
[INFO] 
[INFO] --- maven-resources-plugin:2.6:testResources (default-testResources) @ owlapi-parsers ---
[INFO] Using 'UTF-8' encoding to copy filtered resources.
[INFO] skip non existing resourceDirectory /home/travis/build/owlcs/owlapi/parsers/src/test/resources
[INFO] 
[INFO] --- maven-compiler-plugin:3.6.0:testCompile (default-testCompile) @ owlapi-parsers ---
[INFO] Nothing to compile - all classes are up to date
[INFO] 
[INFO] --- maven-surefire-plugin:2.19.1:test (default-test) @ owlapi-parsers ---

-------------------------------------------------------
 T E S T S
-------------------------------------------------------
Tests run: 11, Failures: 0, Errors: 0, Skipped: 0

[INFO] 
[INFO] --- maven-jar-plugin:2.4:jar (default-jar) @ owlapi-parsers ---
[INFO] Building jar: /home/travis/build/owlcs/owlapi/parsers/target/owlapi-parsers-6.0.0-SNAPSHOT.jar
[INFO] 
[INFO] >>> maven-source-plugin:3.0.1:jar (attach-sources) > generate-sources @ owlapi-parsers >>>
[INFO] 
[INFO] --- maven-enforcer-plugin:1.0:enforce (enforce-maven) @ owlapi-parsers ---
[INFO] 
[INFO] <<< maven-source-plugin:3.0.1:jar (attach-sources) < generate-sources @ owlapi-parsers <<<
[INFO] 
[INFO] --- maven-source-plugin:3.0.1:jar (attach-sources) @ owlapi-parsers ---
[INFO] Building jar: /home/travis/build/owlcs/owlapi/parsers/target/owlapi-parsers-6.0.0-SNAPSHOT-sources.jar
[INFO] 
[INFO] --- maven-javadoc-plugin:2.10.4:jar (attach-javadocs) @ owlapi-parsers ---
[INFO] Skipping javadoc generation
[INFO] 
[INFO] --- maven-failsafe-plugin:2.19.1:integration-test (default) @ owlapi-parsers ---
[INFO] 
[INFO] --- maven-failsafe-plugin:2.19.1:verify (default) @ owlapi-parsers ---
[INFO]                                                                         
[INFO] ------------------------------------------------------------------------
[INFO] Building OWLAPI :: OBO Format 6.0.0-SNAPSHOT
[INFO] ------------------------------------------------------------------------
[INFO] 
[INFO] --- maven-enforcer-plugin:1.0:enforce (enforce-maven) @ owlapi-oboformat ---
[INFO] 
[INFO] --- maven-resources-plugin:2.6:resources (default-resources) @ owlapi-oboformat ---
[INFO] Using 'UTF-8' encoding to copy filtered resources.
[INFO] Copying 2 resources
[INFO] 
[INFO] --- maven-compiler-plugin:3.6.0:compile (default-compile) @ owlapi-oboformat ---
[INFO] Nothing to compile - all classes are up to date
[INFO] 
[INFO] --- maven-resources-plugin:2.6:testResources (default-testResources) @ owlapi-oboformat ---
[INFO] Using 'UTF-8' encoding to copy filtered resources.
[INFO] skip non existing resourceDirectory /home/travis/build/owlcs/owlapi/oboformat/src/test/resources
[INFO] 
[INFO] --- maven-compiler-plugin:3.6.0:testCompile (default-testCompile) @ owlapi-oboformat ---
[INFO] Nothing to compile - all classes are up to date
[INFO] 
[INFO] --- maven-surefire-plugin:2.19.1:test (default-test) @ owlapi-oboformat ---

-------------------------------------------------------
 T E S T S
-------------------------------------------------------
Tests run: 1, Failures: 0, Errors: 0, Skipped: 0

[INFO] 
[INFO] --- maven-jar-plugin:2.4:jar (default-jar) @ owlapi-oboformat ---
[INFO] 
[INFO] >>> maven-source-plugin:3.0.1:jar (attach-sources) > generate-sources @ owlapi-oboformat >>>
[INFO] 
[INFO] --- maven-enforcer-plugin:1.0:enforce (enforce-maven) @ owlapi-oboformat ---
[INFO] 
[INFO] <<< maven-source-plugin:3.0.1:jar (attach-sources) < generate-sources @ owlapi-oboformat <<<
[INFO] 
[INFO] --- maven-source-plugin:3.0.1:jar (attach-sources) @ owlapi-oboformat ---
[INFO] Building jar: /home/travis/build/owlcs/owlapi/oboformat/target/owlapi-oboformat-6.0.0-SNAPSHOT-sources.jar
[INFO] 
[INFO] --- maven-javadoc-plugin:2.10.4:jar (attach-javadocs) @ owlapi-oboformat ---
[INFO] Skipping javadoc generation
[INFO] 
[INFO] --- maven-failsafe-plugin:2.19.1:integration-test (default) @ owlapi-oboformat ---
[INFO] 
[INFO] --- maven-failsafe-plugin:2.19.1:verify (default) @ owlapi-oboformat ---
[INFO]                                                                         
[INFO] ------------------------------------------------------------------------
[INFO] Building OWLAPI :: RDF4J Rio 6.0.0-SNAPSHOT
[INFO] ------------------------------------------------------------------------
[INFO] 
[INFO] --- maven-enforcer-plugin:1.0:enforce (enforce-maven) @ owlapi-rio ---
[INFO] 
[INFO] --- maven-resources-plugin:2.6:resources (default-resources) @ owlapi-rio ---
[INFO] Using 'UTF-8' encoding to copy filtered resources.
[INFO] Copying 5 resources
[INFO] 
[INFO] --- maven-compiler-plugin:3.6.0:compile (default-compile) @ owlapi-rio ---
[INFO] Nothing to compile - all classes are up to date
[INFO] 
[INFO] --- maven-resources-plugin:2.6:testResources (default-testResources) @ owlapi-rio ---
[INFO] Using 'UTF-8' encoding to copy filtered resources.
[INFO] skip non existing resourceDirectory /home/travis/build/owlcs/owlapi/rio/src/test/resources
[INFO] 
[INFO] --- maven-compiler-plugin:3.6.0:testCompile (default-testCompile) @ owlapi-rio ---
[INFO] No sources to compile
[INFO] 
[INFO] --- maven-surefire-plugin:2.19.1:test (default-test) @ owlapi-rio ---
[INFO] No tests to run.
[INFO] 
[INFO] --- maven-jar-plugin:2.4:jar (default-jar) @ owlapi-rio ---
[INFO] 
[INFO] >>> maven-source-plugin:3.0.1:jar (attach-sources) > generate-sources @ owlapi-rio >>>
[INFO] 
[INFO] --- maven-enforcer-plugin:1.0:enforce (enforce-maven) @ owlapi-rio ---
[INFO] 
[INFO] <<< maven-source-plugin:3.0.1:jar (attach-sources) < generate-sources @ owlapi-rio <<<
[INFO] 
[INFO] --- maven-source-plugin:3.0.1:jar (attach-sources) @ owlapi-rio ---
[INFO] Building jar: /home/travis/build/owlcs/owlapi/rio/target/owlapi-rio-6.0.0-SNAPSHOT-sources.jar
[INFO] 
[INFO] --- maven-javadoc-plugin:2.10.4:jar (attach-javadocs) @ owlapi-rio ---
[INFO] Skipping javadoc generation
[INFO] 
[INFO] --- maven-failsafe-plugin:2.19.1:integration-test (default) @ owlapi-rio ---
[INFO] No tests to run.
[INFO] 
[INFO] --- maven-failsafe-plugin:2.19.1:verify (default) @ owlapi-rio ---
[INFO]                                                                         
[INFO] ------------------------------------------------------------------------
[INFO] Building OWLAPI :: Binding and Config 6.0.0-SNAPSHOT
[INFO] ------------------------------------------------------------------------
[INFO] 
[INFO] --- maven-enforcer-plugin:1.0:enforce (enforce-maven) @ owlapi-apibinding ---
[INFO] 
[INFO] --- maven-resources-plugin:2.6:resources (default-resources) @ owlapi-apibinding ---
[INFO] Using 'UTF-8' encoding to copy filtered resources.
[INFO] Copying 1 resource
[INFO] 
[INFO] --- maven-compiler-plugin:3.6.0:compile (default-compile) @ owlapi-apibinding ---
[INFO] Nothing to compile - all classes are up to date
[INFO] 
[INFO] --- maven-resources-plugin:2.6:testResources (default-testResources) @ owlapi-apibinding ---
[INFO] Using 'UTF-8' encoding to copy filtered resources.
[INFO] skip non existing resourceDirectory /home/travis/build/owlcs/owlapi/apibinding/src/test/resources
[INFO] 
[INFO] --- maven-compiler-plugin:3.6.0:testCompile (default-testCompile) @ owlapi-apibinding ---
[INFO] No sources to compile
[INFO] 
[INFO] --- maven-surefire-plugin:2.19.1:test (default-test) @ owlapi-apibinding ---
[INFO] No tests to run.
[INFO] 
[INFO] --- maven-jar-plugin:2.4:jar (default-jar) @ owlapi-apibinding ---
[INFO] 
[INFO] >>> maven-source-plugin:3.0.1:jar (attach-sources) > generate-sources @ owlapi-apibinding >>>
[INFO] 
[INFO] --- maven-enforcer-plugin:1.0:enforce (enforce-maven) @ owlapi-apibinding ---
[INFO] 
[INFO] <<< maven-source-plugin:3.0.1:jar (attach-sources) < generate-sources @ owlapi-apibinding <<<
[INFO] 
[INFO] --- maven-source-plugin:3.0.1:jar (attach-sources) @ owlapi-apibinding ---
[INFO] Building jar: /home/travis/build/owlcs/owlapi/apibinding/target/owlapi-apibinding-6.0.0-SNAPSHOT-sources.jar
[INFO] 
[INFO] --- maven-javadoc-plugin:2.10.4:jar (attach-javadocs) @ owlapi-apibinding ---
[INFO] Skipping javadoc generation
[INFO] 
[INFO] --- maven-failsafe-plugin:2.19.1:integration-test (default) @ owlapi-apibinding ---
[INFO] No tests to run.
[INFO] 
[INFO] --- maven-failsafe-plugin:2.19.1:verify (default) @ owlapi-apibinding ---
[INFO]                                                                         
[INFO] ------------------------------------------------------------------------
[INFO] Building OWLAPI :: Compatibility 6.0.0-SNAPSHOT
[INFO] ------------------------------------------------------------------------
[INFO] 
[INFO] --- maven-enforcer-plugin:1.0:enforce (enforce-maven) @ owlapi-compatibility ---
[INFO] 
[INFO] --- maven-resources-plugin:2.6:resources (default-resources) @ owlapi-compatibility ---
[INFO] Using 'UTF-8' encoding to copy filtered resources.
[INFO] Copying 1 resource
[INFO] 
[INFO] --- maven-compiler-plugin:3.6.0:compile (default-compile) @ owlapi-compatibility ---
[INFO] Nothing to compile - all classes are up to date
[INFO] 
[INFO] --- maven-resources-plugin:2.6:testResources (default-testResources) @ owlapi-compatibility ---
[INFO] Using 'UTF-8' encoding to copy filtered resources.
[INFO] skip non existing resourceDirectory /home/travis/build/owlcs/owlapi/compatibility/src/test/resources
[INFO] 
[INFO] --- maven-compiler-plugin:3.6.0:testCompile (default-testCompile) @ owlapi-compatibility ---
[INFO] No sources to compile
[INFO] 
[INFO] --- maven-surefire-plugin:2.19.1:test (default-test) @ owlapi-compatibility ---
[INFO] No tests to run.
[INFO] 
[INFO] --- maven-jar-plugin:2.4:jar (default-jar) @ owlapi-compatibility ---
[INFO] 
[INFO] >>> maven-source-plugin:3.0.1:jar (attach-sources) > generate-sources @ owlapi-compatibility >>>
[INFO] 
[INFO] --- maven-enforcer-plugin:1.0:enforce (enforce-maven) @ owlapi-compatibility ---
[INFO] 
[INFO] <<< maven-source-plugin:3.0.1:jar (attach-sources) < generate-sources @ owlapi-compatibility <<<
[INFO] 
[INFO] --- maven-source-plugin:3.0.1:jar (attach-sources) @ owlapi-compatibility ---
[INFO] Building jar: /home/travis/build/owlcs/owlapi/compatibility/target/owlapi-compatibility-6.0.0-SNAPSHOT-sources.jar
[INFO] 
[INFO] --- maven-javadoc-plugin:2.10.4:jar (attach-javadocs) @ owlapi-compatibility ---
[INFO] Skipping javadoc generation
[INFO] 
[INFO] --- maven-failsafe-plugin:2.19.1:integration-test (default) @ owlapi-compatibility ---
[INFO] No tests to run.
[INFO] 
[INFO] --- maven-failsafe-plugin:2.19.1:verify (default) @ owlapi-compatibility ---
[INFO]                                                                         
[INFO] ------------------------------------------------------------------------
[INFO] Building OWLAPI :: Tests and Tutorials 6.0.0-SNAPSHOT
[INFO] ------------------------------------------------------------------------
[INFO] 
[INFO] --- maven-enforcer-plugin:1.0:enforce (enforce-maven) @ owlapi-contract ---
[INFO] 
[INFO] --- maven-resources-plugin:2.6:resources (default-resources) @ owlapi-contract ---
[INFO] Using 'UTF-8' encoding to copy filtered resources.
[INFO] skip non existing resourceDirectory /home/travis/build/owlcs/owlapi/contract/src/main/resources
[INFO] 
[INFO] --- maven-compiler-plugin:3.6.0:compile (default-compile) @ owlapi-contract ---
[INFO] Changes detected - recompiling the module!
[INFO] Compiling 8 source files to /home/travis/build/owlcs/owlapi/contract/target/classes
[INFO] 
[INFO] --- maven-resources-plugin:2.6:testResources (default-testResources) @ owlapi-contract ---
[INFO] Using 'UTF-8' encoding to copy filtered resources.
[INFO] Copying 172 resources
[INFO] 
[INFO] --- maven-compiler-plugin:3.6.0:testCompile (default-testCompile) @ owlapi-contract ---
[INFO] Nothing to compile - all classes are up to date
[INFO] 
[INFO] --- maven-surefire-plugin:2.19.1:test (default-test) @ owlapi-contract ---

-------------------------------------------------------
 T E S T S
-------------------------------------------------------
roundtrip fail: Manchester OWL Syntax AnnotationAssertion(Annotation(<urn:test#ann> "test"^^xsd:string) <urn:test#ann> <urn:test#iri> "false"^^xsd:boolean)
Prefix: owl: <http://www.w3.org/2002/07/owl#>
Prefix: rdf: <http://www.w3.org/1999/02/22-rdf-syntax-ns#>
Prefix: rdfs: <http://www.w3.org/2000/01/rdf-schema#>
Prefix: xml: <http://www.w3.org/XML/1998/namespace>
Prefix: xsd: <http://www.w3.org/2001/XMLSchema#>



Ontology: 

AnnotationProperty: <urn:test#ann>

    
Datatype: xsd:boolean

    
Datatype: xsd:string

    

Declaration(AnnotationProperty(<urn:test#ann>))
Declaration(Datatype(xsd:boolean))
Declaration(Datatype(xsd:string))
end of roundtrip failure
parse fail: DL Syntax Format AsymmetricObjectProperty(<urn:test#op>)
op ⊑ ¬ op⁻
roundtrip fail: DL Syntax Format ClassAssertion(<urn:test#c> <urn:test#i>)
c(i)
ClassAssertion(<http://www.semanticweb.org/ontologies/Ontology63674375829946#c> <http://www.semanticweb.org/ontologies/Ontology63674375829946#i>)
end of roundtrip failure
parse fail: DL Syntax Format ClassAssertion(ObjectIntersectionOf(<urn:test#c> <urn:test#iri>) <urn:test#i>)
(c ⊓ iri)(i)
parse fail: DL Syntax Format ClassAssertion(ObjectUnionOf(<urn:test#c> <urn:test#iri>) <urn:test#i>)
(c ⊔ iri)(i)
roundtrip fail: DL Syntax Format DataPropertyRange(<urn:test#dp> DataIntersectionOf(<urn:test#datatype> DataOneOf("false"^^xsd:boolean ) ))
⊤ ⊑ ∀ dp.datatype ⊓ {false}
end of roundtrip failure
roundtrip fail: DL Syntax Format DataPropertyRange(<urn:test#dp> DataUnionOf(<urn:test#datatype> DataOneOf("false"^^xsd:boolean ) ))
⊤ ⊑ ∀ dp.datatype ⊔ {false}
end of roundtrip failure
parse fail: DL Syntax Format ClassAssertion(ObjectComplementOf(<urn:test#c>) <urn:test#i>)
(¬c)(i)
parse fail: DL Syntax Format ClassAssertion(ObjectComplementOf(<urn:test#c>) _:id)
(¬c)()
parse fail: DL Syntax Format ClassAssertion(ObjectSomeValuesFrom(<urn:test#op> <urn:test#c>) <urn:test#i>)
(∃ op.c)(i)
parse fail: DL Syntax Format ClassAssertion(ObjectAllValuesFrom(<urn:test#op> <urn:test#c>) <urn:test#i>)
(∀ op.c)(i)
parse fail: DL Syntax Format ClassAssertion(ObjectHasValue(<urn:test#op> <urn:test#i>) <urn:test#i>)
(∃ op.{i})(i)
parse fail: DL Syntax Format ClassAssertion(ObjectMinCardinality(1 <urn:test#op> <urn:test#c>) <urn:test#i>)
(≥ 1 op.c)(i)
parse fail: DL Syntax Format ClassAssertion(ObjectMaxCardinality(1 <urn:test#op> <urn:test#c>) <urn:test#i>)
(≤ 1 op.c)(i)
parse fail: DL Syntax Format ClassAssertion(ObjectExactCardinality(1 <urn:test#op> <urn:test#c>) <urn:test#i>)
(= 1 op.c)(i)
parse fail: DL Syntax Format ClassAssertion(ObjectHasSelf(<urn:test#op>) <urn:test#i>)
(∃ op.self)(i)
parse fail: DL Syntax Format ClassAssertion(ObjectOneOf(<urn:test#i>) <urn:test#i>)
({i})(i)
parse fail: DL Syntax Format ClassAssertion(DataSomeValuesFrom(<urn:test#dp> <urn:test#datatype>) <urn:test#i>)
(∃ dp.datatype)(i)
parse fail: DL Syntax Format ClassAssertion(DataAllValuesFrom(<urn:test#dp> <urn:test#datatype>) <urn:test#i>)
(∀ dp.datatype)(i)
parse fail: DL Syntax Format ClassAssertion(DataHasValue(<urn:test#dp> "false"^^xsd:boolean) <urn:test#i>)
(∃ dp.{false})(i)
parse fail: DL Syntax Format ClassAssertion(DataMinCardinality(1 <urn:test#dp> <urn:test#datatype>) <urn:test#i>)
(≥ 1 dp.datatype)(i)
parse fail: DL Syntax Format ClassAssertion(DataMaxCardinality(1 <urn:test#dp> <urn:test#datatype>) <urn:test#i>)
(≤ 1 dp.datatype)(i)
parse fail: DL Syntax Format ClassAssertion(DataExactCardinality(1 <urn:test#dp> <urn:test#datatype>) <urn:test#i>)
(= 1 dp.datatype)(i)
roundtrip fail: DL Syntax Format DataPropertyRange(<urn:test#dp> DataOneOf("false"^^xsd:boolean ))
⊤ ⊑ ∀ dp.{false}
ObjectPropertyRange(<http://www.semanticweb.org/ontologies/Ontology63674375830555#dp> ObjectOneOf(<http://www.semanticweb.org/ontologies/Ontology63674375830555#false>))
end of roundtrip failure
parse fail: DL Syntax Format DataPropertyRange(<urn:test#dp> DataComplementOf(DataOneOf("false"^^xsd:boolean )))
⊤ ⊑ ∀ dp.¬{false}
parse fail: DL Syntax Format DataPropertyRange(<urn:test#dp> DataRangeRestriction(xsd:double facetRestriction(minExclusive "5.0"^^xsd:double) facetRestriction(maxExclusive "6.0"^^xsd:double)))
⊤ ⊑ ∀ dp.
parse fail: DL Syntax Format DataPropertyAssertion(<urn:test#dp> <urn:test#i> "false"^^xsd:boolean)
dp(i, false)
parse fail: DL Syntax Format DataPropertyAssertion(<urn:test#dp> <urn:test#i> "string"@en)
dp(i, string)
roundtrip fail: DL Syntax Format DataPropertyDomain(<urn:test#dp> <urn:test#c>)
∃ dp.⊤ ⊑ c
ObjectPropertyDomain(<http://www.semanticweb.org/ontologies/Ontology63674375830700#dp> <http://www.semanticweb.org/ontologies/Ontology63674375830700#c>)
end of roundtrip failure
roundtrip fail: DL Syntax Format DataPropertyRange(<urn:test#dp> <urn:test#datatype>)
⊤ ⊑ ∀ dp.datatype
ObjectPropertyRange(<http://www.semanticweb.org/ontologies/Ontology63674375830729#dp> <http://www.semanticweb.org/ontologies/Ontology63674375830729#datatype>)
end of roundtrip failure
parse fail: DL Syntax Format DatatypeDefinition(<urn:test#datatype> xsd:double)

roundtrip fail: DL Syntax Format DifferentIndividuals(<urn:test#i> <urn:test#iri> )
i ≠ iri
DifferentIndividuals(<http://www.semanticweb.org/ontologies/Ontology63674375830900#i> <http://www.semanticweb.org/ontologies/Ontology63674375830900#iri> )
end of roundtrip failure
roundtrip fail: DL Syntax Format DisjointClasses(<urn:test#c> <urn:test#iri>)
c ⊑ ¬ iri
SubClassOf(<http://www.semanticweb.org/ontologies/Ontology63674375830929#c> ObjectComplementOf(<http://www.semanticweb.org/ontologies/Ontology63674375830929#iri>))
end of roundtrip failure
roundtrip fail: DL Syntax Format DisjointDataProperties(<urn:test#dp> <urn:test#iri> )
dp ⊑ ¬ iri
SubClassOf(<http://www.semanticweb.org/ontologies/Ontology63674375830958#dp> ObjectComplementOf(<http://www.semanticweb.org/ontologies/Ontology63674375830958#iri>))
end of roundtrip failure
roundtrip fail: DL Syntax Format DisjointObjectProperties(<urn:test#iri> <urn:test#op> )
iri ⊑ ¬ op
SubClassOf(<http://www.semanticweb.org/ontologies/Ontology63674375830987#iri> ObjectComplementOf(<http://www.semanticweb.org/ontologies/Ontology63674375830987#op>))
end of roundtrip failure
parse fail: DL Syntax Format DisjointUnion(<urn:test#c> <urn:test#c> <urn:test#iri> )
c=c ⊔ iri
roundtrip fail: DL Syntax Format EquivalentClasses(<urn:test#c> <urn:test#iri> )
c ≡ iri
EquivalentClasses(<http://www.semanticweb.org/ontologies/Ontology63674375831045#c> <http://www.semanticweb.org/ontologies/Ontology63674375831045#iri> )
end of roundtrip failure
roundtrip fail: DL Syntax Format EquivalentDataProperties(<urn:test#dp> <urn:test#iri> )
dp ≡ iri
EquivalentClasses(<http://www.semanticweb.org/ontologies/Ontology63674375831074#dp> <http://www.semanticweb.org/ontologies/Ontology63674375831074#iri> )
end of roundtrip failure
roundtrip fail: DL Syntax Format EquivalentObjectProperties(<urn:test#iri> <urn:test#op> )
iri ≡ op
EquivalentClasses(<http://www.semanticweb.org/ontologies/Ontology63674375831103#iri> <http://www.semanticweb.org/ontologies/Ontology63674375831103#op> )
end of roundtrip failure
roundtrip fail: DL Syntax Format FunctionalDataProperty(<urn:test#dp>)
⊤ ⊑ ≤ 1 dp
FunctionalObjectProperty(<http://www.semanticweb.org/ontologies/Ontology63674375831132#dp>)
end of roundtrip failure
roundtrip fail: DL Syntax Format FunctionalObjectProperty(<urn:test#op>)
⊤ ⊑ ≤ 1 op
FunctionalObjectProperty(<http://www.semanticweb.org/ontologies/Ontology63674375831161#op>)
end of roundtrip failure
roundtrip fail: DL Syntax Format InverseFunctionalObjectProperty(<urn:test#op>)
⊤ ⊑ ≤ 1 op⁻
FunctionalObjectProperty(ObjectInverseOf(<http://www.semanticweb.org/ontologies/Ontology63674375831190#op>))
end of roundtrip failure
parse fail: DL Syntax Format InverseObjectProperties(<urn:test#op> <urn:test#op>)
op ≡ op⁻
parse fail: DL Syntax Format IrreflexiveObjectProperty(<urn:test#op>)
⊤ ⊑ ¬∃ op.self
parse fail: DL Syntax Format NegativeDataPropertyAssertion(<urn:test#dp> <urn:test#i> "false"^^xsd:boolean)
¬¬dp(i, false)
parse fail: DL Syntax Format NegativeObjectPropertyAssertion(<urn:test#op> <urn:test#i> <urn:test#i>)
¬¬op(i, i)
parse fail: DL Syntax Format ObjectPropertyAssertion(<urn:test#op> <urn:test#i> <urn:test#i>)
op(i, i)
roundtrip fail: DL Syntax Format ObjectPropertyAssertion(ObjectInverseOf(<urn:test#op>) <urn:test#i> <urn:test#i>)
op⁻(i, i)
ObjectPropertyAssertion(ObjectInverseOf(<http://www.semanticweb.org/ontologies/Ontology63674375831364#op>) <http://www.semanticweb.org/ontologies/Ontology63674375831364#i> <http://www.semanticweb.org/ontologies/Ontology63674375831364#i>)
end of roundtrip failure
roundtrip fail: DL Syntax Format ObjectPropertyAssertion(ObjectInverseOf(<urn:test#op>) <urn:test#i> <urn:test#j>)
op⁻(i, j)
ObjectPropertyAssertion(ObjectInverseOf(<http://www.semanticweb.org/ontologies/Ontology63674375831393#op>) <http://www.semanticweb.org/ontologies/Ontology63674375831393#i> <http://www.semanticweb.org/ontologies/Ontology63674375831393#j>)
end of roundtrip failure
roundtrip fail: DL Syntax Format ObjectPropertyDomain(<urn:test#op> <urn:test#c>)
∃ op.⊤ ⊑ c
ObjectPropertyDomain(<http://www.semanticweb.org/ontologies/Ontology63674375831422#op> <http://www.semanticweb.org/ontologies/Ontology63674375831422#c>)
end of roundtrip failure
roundtrip fail: DL Syntax Format ObjectPropertyRange(<urn:test#op> <urn:test#c>)
⊤ ⊑ ∀ op.c
ObjectPropertyRange(<http://www.semanticweb.org/ontologies/Ontology63674375831451#op> <http://www.semanticweb.org/ontologies/Ontology63674375831451#c>)
end of roundtrip failure
parse fail: DL Syntax Format SubObjectPropertyOf(ObjectPropertyChain( <urn:test#iri> <urn:test#op> ) <urn:test#op>)
iri ∘ op ⊑ op
roundtrip fail: DL Syntax Format ReflexiveObjectProperty(<urn:test#op>)
⊤ ⊑ ∃ op.self
end of roundtrip failure
roundtrip fail: DL Syntax Format SameIndividual(<urn:test#i> <urn:test#iri> )
i = iri
SameIndividual(<http://www.semanticweb.org/ontologies/Ontology63674375831538#i> <http://www.semanticweb.org/ontologies/Ontology63674375831538#iri> )
end of roundtrip failure
roundtrip fail: DL Syntax Format SubClassOf(<urn:test#c> owl:Thing)
c ⊑ ⊤
SubClassOf(<http://www.semanticweb.org/ontologies/Ontology63674375831586#c> owl:Thing)
end of roundtrip failure
roundtrip fail: DL Syntax Format SubDataPropertyOf(<urn:test#dp> owl:topDataProperty)
dp ⊑ topDataProperty
SubClassOf(<http://www.semanticweb.org/ontologies/Ontology63674375831615#dp> <http://www.semanticweb.org/ontologies/Ontology63674375831615#topDataProperty>)
end of roundtrip failure
roundtrip fail: DL Syntax Format SubObjectPropertyOf(<urn:test#op> owl:topObjectProperty)
op ⊑ topObjectProperty
SubClassOf(<http://www.semanticweb.org/ontologies/Ontology63674375831644#op> <http://www.semanticweb.org/ontologies/Ontology63674375831644#topObjectProperty>)
end of roundtrip failure
parse fail: DL Syntax Format DLSafeRule( Body(BuiltInAtom(<urn:swrl#v1> Variable(<urn:swrl#var3>) Variable(<urn:swrl#var4>) )) Head(BuiltInAtom(<urn:swrl#v2> Variable(<urn:swrl#var5>) Variable(<urn:swrl#var6>) )) )

parse fail: DL Syntax Format SymmetricObjectProperty(<urn:test#op>)
op ≡ op⁻
parse fail: DL Syntax Format TransitiveObjectProperty(<urn:test#op>)
op ∈ R⁺
parse fail: DL Syntax Format HasKey(<urn:test#c> (<urn:test#iri> <urn:test#op> ) (<urn:test#dp> ))

parse fail: DL Syntax Format DLSafeRule( Body(BuiltInAtom(<urn:swrl#v1> Variable(<urn:swrl#var3>) Variable(<urn:swrl#var4>) ) ClassAtom(<urn:test#c> Variable(<urn:swrl#var2>)) DataRangeAtom(<urn:test#datatype> Variable(<urn:swrl#var1>)) BuiltInAtom(<urn:test#iri> Variable(<urn:swrl#var1>) ) DifferentFromAtom(Variable(<urn:swrl#var2>) <urn:test#i>) SameAsAtom(Variable(<urn:swrl#var2>) <urn:test#iri>)) Head(BuiltInAtom(<urn:swrl#v2> Variable(<urn:swrl#var5>) Variable(<urn:swrl#var6>) ) DataPropertyAtom(<urn:test#dp> Variable(<urn:swrl#var2>) "false"^^xsd:boolean) ObjectPropertyAtom(<urn:test#op> Variable(<urn:swrl#var2>) Variable(<urn:swrl#var2>))) )
v2(?var5 , ?var6) ⋀ dp(?var2, false) ⋀ op(?var2, ?var2) ← v1(?var3 , ?var4) ⋀ c(?var2) ⋀ datatype(?var1) ⋀ iri(?var1) ⋀ differentFrom(?var2, i) ⋀ sameAs(?var2, iri)
elapsed time (ms): 2619
Successful threads: 25	 expected: 25

Tests run: 5128, Failures: 0, Errors: 0, Skipped: 40

[INFO] 
[INFO] --- maven-jar-plugin:2.4:jar (default-jar) @ owlapi-contract ---
[INFO] Building jar: /home/travis/build/owlcs/owlapi/contract/target/owlapi-contract-6.0.0-SNAPSHOT.jar
[INFO] 
[INFO] >>> maven-source-plugin:3.0.1:jar (attach-sources) > generate-sources @ owlapi-contract >>>
[INFO] 
[INFO] --- maven-enforcer-plugin:1.0:enforce (enforce-maven) @ owlapi-contract ---
[INFO] 
[INFO] <<< maven-source-plugin:3.0.1:jar (attach-sources) < generate-sources @ owlapi-contract <<<
[INFO] 
[INFO] --- maven-source-plugin:3.0.1:jar (attach-sources) @ owlapi-contract ---
[INFO] Building jar: /home/travis/build/owlcs/owlapi/contract/target/owlapi-contract-6.0.0-SNAPSHOT-sources.jar
[INFO] 
[INFO] --- maven-javadoc-plugin:2.10.4:jar (attach-javadocs) @ owlapi-contract ---
[INFO] Skipping javadoc generation
[INFO] 
[INFO] --- maven-failsafe-plugin:2.19.1:integration-test (default) @ owlapi-contract ---
[INFO] 
[INFO] --- maven-failsafe-plugin:2.19.1:verify (default) @ owlapi-contract ---
[INFO]                                                                         
[INFO] ------------------------------------------------------------------------
[INFO] Building OWLAPI :: Distribution 6.0.0-SNAPSHOT
[INFO] ------------------------------------------------------------------------
[INFO] 
[INFO] --- maven-enforcer-plugin:1.0:enforce (enforce-maven) @ owlapi-distribution ---
[INFO] 
[INFO] --- maven-resources-plugin:3.0.1:resources (default-resources) @ owlapi-distribution ---
[INFO] Using 'UTF-8' encoding to copy filtered resources.
[INFO] skip non existing resourceDirectory /home/travis/build/owlcs/owlapi/distribution/src/main/resources
[INFO] 
[INFO] --- maven-compiler-plugin:3.6.0:compile (default-compile) @ owlapi-distribution ---
[INFO] No sources to compile
[INFO] 
[INFO] --- maven-resources-plugin:3.0.1:testResources (default-testResources) @ owlapi-distribution ---
[INFO] Using 'UTF-8' encoding to copy filtered resources.
[INFO] skip non existing resourceDirectory /home/travis/build/owlcs/owlapi/distribution/src/test/resources
[INFO] 
[INFO] --- maven-compiler-plugin:3.6.0:testCompile (default-testCompile) @ owlapi-distribution ---
[INFO] No sources to compile
[INFO] 
[INFO] --- maven-surefire-plugin:2.19.1:test (default-test) @ owlapi-distribution ---
[INFO] No tests to run.
[INFO] 
[INFO] --- maven-bundle-plugin:3.2.0:bundle (default-bundle) @ owlapi-distribution ---
[WARNING] Bundle net.sourceforge.owlapi:owlapi-distribution:bundle:6.0.0-SNAPSHOT : Unused Import-Package instructions: [org.apache.commons.logging.*] 
[INFO] 
[INFO] >>> maven-source-plugin:3.0.1:jar (attach-sources) > generate-sources @ owlapi-distribution >>>
[INFO] 
[INFO] --- maven-enforcer-plugin:1.0:enforce (enforce-maven) @ owlapi-distribution ---
[INFO] 
[INFO] <<< maven-source-plugin:3.0.1:jar (attach-sources) < generate-sources @ owlapi-distribution <<<
[INFO] 
[INFO] --- maven-source-plugin:3.0.1:jar (attach-sources) @ owlapi-distribution ---
[INFO] No sources in project. Archive not created.
[INFO] 
[INFO] --- maven-shade-plugin:2.4.3:shade (default) @ owlapi-distribution ---
[INFO] Including net.sourceforge.owlapi:owlapi-apibinding:jar:6.0.0-SNAPSHOT in the shaded jar.
[INFO] Including net.sourceforge.owlapi:owlapi-tools:jar:6.0.0-SNAPSHOT in the shaded jar.
[INFO] Including net.sourceforge.owlapi:owlapi-impl:jar:6.0.0-SNAPSHOT in the shaded jar.
[INFO] Including net.sourceforge.owlapi:owlapi-parsers:jar:6.0.0-SNAPSHOT in the shaded jar.
[INFO] Including net.sourceforge.owlapi:owlapi-oboformat:jar:6.0.0-SNAPSHOT in the shaded jar.
[INFO] Including net.sourceforge.owlapi:owlapi-rio:jar:6.0.0-SNAPSHOT in the shaded jar.
[INFO] Including net.sourceforge.owlapi:owlapi-api:jar:6.0.0-SNAPSHOT in the shaded jar.
[INFO] Excluding net.sourceforge.owlapi:owlapi-compatibility:jar:6.0.0-SNAPSHOT from the shaded jar.
[INFO] Excluding com.fasterxml.jackson.core:jackson-core:jar:2.8.5 from the shaded jar.
[INFO] Excluding com.fasterxml.jackson.core:jackson-databind:jar:2.8.5 from the shaded jar.
[INFO] Excluding com.fasterxml.jackson.core:jackson-annotations:jar:2.8.5 from the shaded jar.
[INFO] Excluding org.apache.commons:commons-rdf-api:jar:0.3.0-incubating from the shaded jar.
[INFO] Excluding org.tukaani:xz:jar:1.6 from the shaded jar.
[INFO] Excluding org.slf4j:slf4j-api:jar:1.7.22 from the shaded jar.
[INFO] Excluding org.slf4j:jcl-over-slf4j:jar:1.7.22 from the shaded jar.
[INFO] Excluding org.eclipse.rdf4j:rdf4j-model:jar:2.1.4 from the shaded jar.
[INFO] Excluding org.eclipse.rdf4j:rdf4j-rio-api:jar:2.1.4 from the shaded jar.
[INFO] Excluding org.eclipse.rdf4j:rdf4j-rio-languages:jar:2.1.4 from the shaded jar.
[INFO] Excluding org.eclipse.rdf4j:rdf4j-rio-datatypes:jar:2.1.4 from the shaded jar.
[INFO] Excluding org.eclipse.rdf4j:rdf4j-rio-binary:jar:2.1.4 from the shaded jar.
[INFO] Excluding org.eclipse.rdf4j:rdf4j-rio-n3:jar:2.1.4 from the shaded jar.
[INFO] Excluding org.eclipse.rdf4j:rdf4j-rio-nquads:jar:2.1.4 from the shaded jar.
[INFO] Excluding org.eclipse.rdf4j:rdf4j-rio-ntriples:jar:2.1.4 from the shaded jar.
[INFO] Excluding org.eclipse.rdf4j:rdf4j-rio-rdfjson:jar:2.1.4 from the shaded jar.
[INFO] Excluding org.eclipse.rdf4j:rdf4j-rio-jsonld:jar:2.1.4 from the shaded jar.
[INFO] Excluding org.eclipse.rdf4j:rdf4j-rio-rdfxml:jar:2.1.4 from the shaded jar.
[INFO] Excluding org.eclipse.rdf4j:rdf4j-rio-trix:jar:2.1.4 from the shaded jar.
[INFO] Excluding org.eclipse.rdf4j:rdf4j-rio-turtle:jar:2.1.4 from the shaded jar.
[INFO] Excluding org.eclipse.rdf4j:rdf4j-rio-trig:jar:2.1.4 from the shaded jar.
[INFO] Excluding org.eclipse.rdf4j:rdf4j-util:jar:2.1.4 from the shaded jar.
[INFO] Excluding com.github.jsonld-java:jsonld-java:jar:0.9.0 from the shaded jar.
[INFO] Excluding org.apache.httpcomponents:httpclient-osgi:jar:4.5.2 from the shaded jar.
[INFO] Excluding org.apache.httpcomponents:httpclient:jar:4.5.2 from the shaded jar.
[INFO] Excluding commons-codec:commons-codec:jar:1.9 from the shaded jar.
[INFO] Excluding org.apache.httpcomponents:httpmime:jar:4.5.2 from the shaded jar.
[INFO] Excluding org.apache.httpcomponents:httpclient-cache:jar:4.5.2 from the shaded jar.
[INFO] Excluding org.apache.httpcomponents:fluent-hc:jar:4.5.2 from the shaded jar.
[INFO] Excluding org.apache.httpcomponents:httpcore-osgi:jar:4.4.5 from the shaded jar.
[INFO] Excluding org.apache.httpcomponents:httpcore:jar:4.4.5 from the shaded jar.
[INFO] Excluding org.apache.httpcomponents:httpcore-nio:jar:4.4.5 from the shaded jar.
[INFO] Excluding net.sf.trove4j:trove4j:jar:3.0.3 from the shaded jar.
[INFO] Excluding com.github.ben-manes.caffeine:caffeine:jar:2.3.5 from the shaded jar.
[INFO] Excluding com.google.guava:guava:jar:20.0 from the shaded jar.
[INFO] Excluding com.google.inject:guice:jar:4.1.0 from the shaded jar.
[INFO] Excluding javax.inject:javax.inject:jar:1 from the shaded jar.
[INFO] Excluding aopalliance:aopalliance:jar:1.0 from the shaded jar.
[INFO] Excluding com.google.inject.extensions:guice-multibindings:jar:4.1.0 from the shaded jar.
[INFO] Excluding com.google.code.findbugs:jsr305:jar:3.0.1 from the shaded jar.
[INFO] Excluding commons-io:commons-io:jar:2.5 from the shaded jar.
[INFO] Excluding com.squareup.okhttp3:okhttp:jar:3.5.0 from the shaded jar.
[INFO] Excluding com.squareup.okio:okio:jar:1.11.0 from the shaded jar.
[WARNING] owlapi-distribution-6.0.0-SNAPSHOT.jar, owlapi-oboformat-6.0.0-SNAPSHOT.jar define 74 overlapping classes: 
[WARNING]   - org.obolibrary.oboformat.parser.OBOFormatException
[WARNING]   - org.obolibrary.obo2owl.OWLAPIOwl2Obo
[WARNING]   - org.obolibrary.macro.MacroExpansionGCIVisitor$MacroExpansions
[WARNING]   - org.obolibrary.oboformat.diff.Diff
[WARNING]   - org.obolibrary.obo2owl.IdTranslator
[WARNING]   - org.obolibrary.oboformat.model.Clause
[WARNING]   - org.obolibrary.oboformat.parser.XrefExpander$ReverseGenusDifferentiaExpansion
[WARNING]   - org.obolibrary.owl.LabelFunctionalSyntaxStorer
[WARNING]   - org.obolibrary.oboformat.model.FrameStructureException
[WARNING]   - org.obolibrary.macro.MacroExpansionVisitor
[WARNING]   - 64 more...
[WARNING] owlapi-distribution-6.0.0-SNAPSHOT.jar, owlapi-tools-6.0.0-SNAPSHOT.jar define 430 overlapping classes: 
[WARNING]   - uk.ac.manchester.cs.atomicdecomposition.package-info
[WARNING]   - org.semanticweb.owlapi.util.InferredIndividualAxiomGenerator
[WARNING]   - org.semanticweb.owlapi.util.OWLEntityURIUnderscores2CamelBackConverterStrategy
[WARNING]   - org.semanticweb.owlapitools.decomposition.Modularizer
[WARNING]   - org.semanticweb.owlapi.util.HornAxiomVisitorEx
[WARNING]   - org.semanticweb.owlapi.util.OWLOntologyWalkerVisitor
[WARNING]   - org.semanticweb.owlapitools.builders.package-info
[WARNING]   - org.semanticweb.owlapi.profiles.OWL2RLProfile
[WARNING]   - org.semanticweb.owlapi.metrics.DoubleValuedMetric
[WARNING]   - org.semanticweb.owlapitools.decomposition.SigIndex
[WARNING]   - 420 more...
[WARNING] owlapi-distribution-6.0.0-SNAPSHOT.jar, owlapi-api-6.0.0-SNAPSHOT.jar, owlapi-tools-6.0.0-SNAPSHOT.jar define 1 overlapping classes: 
[WARNING]   - org.semanticweb.owlapi.util.package-info
[WARNING] owlapi-distribution-6.0.0-SNAPSHOT.jar, owlapi-rio-6.0.0-SNAPSHOT.jar define 68 overlapping classes: 
[WARNING]   - org.semanticweb.owlapi.formats.N3DocumentFormatFactory
[WARNING]   - org.semanticweb.owlapi.formats.RioTurtleDocumentFormatFactory
[WARNING]   - org.semanticweb.owlapi.rio.RioStorer
[WARNING]   - org.semanticweb.owlapi.rio.RioOWLRDFParser
[WARNING]   - org.semanticweb.owlapi.rio.OWLAPIRDFFormat
[WARNING]   - org.semanticweb.owlapi.formats.N3DocumentFormat
[WARNING]   - org.semanticweb.owlapi.rio.RioFunctionalSyntaxParserFactory
[WARNING]   - org.semanticweb.owlapi.rio.RioTrigStorerFactory
[WARNING]   - org.semanticweb.owlapi.rio.RioManchesterSyntaxParserFactory
[WARNING]   - org.semanticweb.owlapi.rio.AbstractRioStorerFactory
[WARNING]   - 58 more...
[WARNING] owlapi-distribution-6.0.0-SNAPSHOT.jar, owlapi-apibinding-6.0.0-SNAPSHOT.jar define 6 overlapping classes: 
[WARNING]   - org.semanticweb.owlapi.apibinding.OWLManager
[WARNING]   - org.semanticweb.owlapi.apibinding.package-info
[WARNING]   - org.semanticweb.owlapi.apibinding.OWLFunctionalSyntaxFactory
[WARNING]   - uk.ac.manchester.cs.owl.owlapi.OWLAPIImplModule
[WARNING]   - org.semanticweb.owlapi.OWLAPIParsersModule
[WARNING]   - org.semanticweb.owlapi.OWLAPIServiceLoaderModule
[WARNING] owlapi-distribution-6.0.0-SNAPSHOT.jar, owlapi-api-6.0.0-SNAPSHOT.jar define 578 overlapping classes: 
[WARNING]   - org.semanticweb.owlapi.model.OWLPropertyAssertionObject
[WARNING]   - org.semanticweb.owlapi.model.parameters.ConfigurationOptions
[WARNING]   - org.semanticweb.owlapi.model.OWLAnonymousClassExpression
[WARNING]   - org.semanticweb.owlapi.model.HasApplyChange
[WARNING]   - org.semanticweb.owlapi.model.SWRLDArgument
[WARNING]   - org.semanticweb.owlapi.change.RemoveAxiomData
[WARNING]   - org.semanticweb.owlapi.model.providers.ExistentialProvider
[WARNING]   - org.semanticweb.owlapi.model.axiomproviders.PropertyCharacteristicAxiomProvider
[WARNING]   - org.semanticweb.owlapi.model.OWLObjectPropertyDomainAxiom
[WARNING]   - org.semanticweb.owlapi.model.OWLDataRange
[WARNING]   - 568 more...
[WARNING] owlapi-distribution-6.0.0-SNAPSHOT.jar, owlapi-parsers-6.0.0-SNAPSHOT.jar define 370 overlapping classes: 
[WARNING]   - org.semanticweb.owlapi.owlxml.parser.SubAnnPropertyOfEH
[WARNING]   - org.semanticweb.owlapi.krss2.renderer.KRSSVocabulary
[WARNING]   - org.semanticweb.owlapi.owlxml.parser.DataOneOfEH
[WARNING]   - org.semanticweb.owlapi.rdf.rdfxml.renderer.package-info
[WARNING]   - org.semanticweb.owlapi.rdf.rdfxml.parser.Translators$ObjectMinCardinalityTranslator
[WARNING]   - org.semanticweb.owlapi.rdf.rdfxml.renderer.IllegalElementNameException
[WARNING]   - org.semanticweb.owlapi.rdf.turtle.parser.JavaCharStream
[WARNING]   - org.semanticweb.owlapi.rdf.rdfxml.parser.AnonMap
[WARNING]   - org.semanticweb.owlapi.latex.renderer.LatexOWLObjectRenderer
[WARNING]   - org.semanticweb.owlapi.owlxml.renderer.OWLXMLObjectRenderer
[WARNING]   - 360 more...
[WARNING] owlapi-distribution-6.0.0-SNAPSHOT.jar, owlapi-impl-6.0.0-SNAPSHOT.jar define 195 overlapping classes: 
[WARNING]   - org.semanticweb.owlapi.reasoner.impl.OWLNamedIndividualNodeSet
[WARNING]   - uk.ac.manchester.cs.owl.owlapi.SWRLIndividualArgumentImpl
[WARNING]   - uk.ac.manchester.cs.owl.owlapi.InitVisitorFactory$InitIndividualVisitor
[WARNING]   - uk.ac.manchester.cs.owl.owlapi.OWLDataAllValuesFromImpl
[WARNING]   - uk.ac.manchester.cs.owl.owlapi.concurrent.NonConcurrentOWLOntologyBuilder
[WARNING]   - uk.ac.manchester.cs.owl.owlapi.OWLImportsDeclarationImpl
[WARNING]   - uk.ac.manchester.cs.owl.owlapi.OWLSubPropertyAxiomImpl
[WARNING]   - uk.ac.manchester.cs.owl.owlapi.OWLSameIndividualAxiomImpl
[WARNING]   - uk.ac.manchester.cs.owl.owlapi.Internals$RemoveAxiomVisitor
[WARNING]   - uk.ac.manchester.cs.owl.owlapi.SWRLSameIndividualAtomImpl
[WARNING]   - 185 more...
[WARNING] maven-shade-plugin has detected that some class files are
[WARNING] present in two or more JARs. When this happens, only one
[WARNING] single version of the class is copied to the uber jar.
[WARNING] Usually this is not harmful and you can skip these warnings,
[WARNING] otherwise try to manually exclude artifacts based on
[WARNING] mvn dependency:tree -Ddetail=true and the above output.
[WARNING] See http://maven.apache.org/plugins/maven-shade-plugin/
[INFO] Replacing original artifact with shaded artifact.
[INFO] Replacing /home/travis/build/owlcs/owlapi/distribution/target/owlapi-distribution-6.0.0-SNAPSHOT.jar with /home/travis/build/owlcs/owlapi/distribution/target/owlapi-distribution-6.0.0-SNAPSHOT-shaded.jar
[INFO] Dependency-reduced POM written at: /home/travis/build/owlcs/owlapi/distribution/dependency-reduced-pom.xml
[INFO] 
[INFO] --- maven-javadoc-plugin:2.10.4:jar (attach-javadocs) @ owlapi-distribution ---
[INFO] Skipping javadoc generation
[INFO] 
[INFO] --- maven-javadoc-plugin:2.10.4:jar (attach-javadoc) @ owlapi-distribution ---
[INFO] Skipping javadoc generation
[INFO] 
[INFO] --- maven-assembly-plugin:3.0.0:single (attach-sources) @ owlapi-distribution ---
[INFO] Reading assembly descriptor: src/assembly/sources.xml
[INFO] Building jar: /home/travis/build/owlcs/owlapi/distribution/target/owlapi-distribution-6.0.0-SNAPSHOT-sources.jar
[INFO] 
[INFO] --- maven-failsafe-plugin:2.19.1:integration-test (default) @ owlapi-distribution ---
[INFO] No tests to run.
[INFO] 
[INFO] --- maven-failsafe-plugin:2.19.1:verify (default) @ owlapi-distribution ---
[INFO]                                                                         
[INFO] ------------------------------------------------------------------------
[INFO] Building OWLAPI :: OSGi and Compatibility Distribution 6.0.0-SNAPSHOT
[INFO] ------------------------------------------------------------------------
[INFO] 
[INFO] --- maven-enforcer-plugin:1.0:enforce (enforce-maven) @ owlapi-osgidistribution ---
[INFO] 
[INFO] --- maven-resources-plugin:3.0.1:resources (default-resources) @ owlapi-osgidistribution ---
[INFO] Using 'UTF-8' encoding to copy filtered resources.
[INFO] skip non existing resourceDirectory /home/travis/build/owlcs/owlapi/osgidistribution/src/main/resources
[INFO] 
[INFO] --- maven-compiler-plugin:3.6.0:compile (default-compile) @ owlapi-osgidistribution ---
[INFO] Nothing to compile - all classes are up to date
[INFO] 
[INFO] --- maven-resources-plugin:3.0.1:testResources (default-testResources) @ owlapi-osgidistribution ---
[INFO] Using 'UTF-8' encoding to copy filtered resources.
[INFO] Copying 2 resources
[INFO] 
[INFO] --- maven-compiler-plugin:3.6.0:testCompile (default-testCompile) @ owlapi-osgidistribution ---
[INFO] Nothing to compile - all classes are up to date
[INFO] 
[INFO] --- maven-surefire-plugin:2.19.1:test (default-test) @ owlapi-osgidistribution ---

-------------------------------------------------------
 T E S T S
-------------------------------------------------------
Tests run: 3, Failures: 0, Errors: 0, Skipped: 0

[INFO] 
[INFO] --- maven-bundle-plugin:3.2.0:bundle (default-bundle) @ owlapi-osgidistribution ---
[WARNING] Bundle net.sourceforge.owlapi:owlapi-osgidistribution:bundle:6.0.0-SNAPSHOT : Export com.clarkparsia.owlapi.explanation,  has 1,  private references [javax.annotation], 
[WARNING] Bundle net.sourceforge.owlapi:owlapi-osgidistribution:bundle:6.0.0-SNAPSHOT : Export com.clarkparsia.owlapi.explanation.io,  has 1,  private references [javax.annotation], 
[WARNING] Bundle net.sourceforge.owlapi:owlapi-osgidistribution:bundle:6.0.0-SNAPSHOT : Export org.semanticweb.owlapi,  has 1,  private references [javax.annotation], 
[WARNING] Bundle net.sourceforge.owlapi:owlapi-osgidistribution:bundle:6.0.0-SNAPSHOT : Export org.semanticweb.owlapi.apibinding,  has 1,  private references [javax.annotation], 
[WARNING] Bundle net.sourceforge.owlapi:owlapi-osgidistribution:bundle:6.0.0-SNAPSHOT : Export org.semanticweb.owlapi.change,  has 1,  private references [javax.annotation], 
[WARNING] Bundle net.sourceforge.owlapi:owlapi-osgidistribution:bundle:6.0.0-SNAPSHOT : Export org.semanticweb.owlapi.debugging,  has 1,  private references [javax.annotation], 
[WARNING] Bundle net.sourceforge.owlapi:owlapi-osgidistribution:bundle:6.0.0-SNAPSHOT : Export org.semanticweb.owlapi.dlsyntax.renderer,  has 1,  private references [javax.annotation], 
[WARNING] Bundle net.sourceforge.owlapi:owlapi-osgidistribution:bundle:6.0.0-SNAPSHOT : Export org.semanticweb.owlapi.expression,  has 1,  private references [javax.annotation], 
[WARNING] Bundle net.sourceforge.owlapi:owlapi-osgidistribution:bundle:6.0.0-SNAPSHOT : Export org.semanticweb.owlapi.formats,  has 2,  private references [org.eclipse.rdf4j.rio, javax.annotation], 
[WARNING] Bundle net.sourceforge.owlapi:owlapi-osgidistribution:bundle:6.0.0-SNAPSHOT : Export org.semanticweb.owlapi.functional.renderer,  has 1,  private references [javax.annotation], 
[WARNING] Bundle net.sourceforge.owlapi:owlapi-osgidistribution:bundle:6.0.0-SNAPSHOT : Export org.semanticweb.owlapi.io,  has 3,  private references [org.tukaani.xz, org.apache.commons.rdf.api, javax.annotation], 
[WARNING] Bundle net.sourceforge.owlapi:owlapi-osgidistribution:bundle:6.0.0-SNAPSHOT : Export org.semanticweb.owlapi.krss2.renderer,  has 1,  private references [javax.annotation], 
[WARNING] Bundle net.sourceforge.owlapi:owlapi-osgidistribution:bundle:6.0.0-SNAPSHOT : Export org.semanticweb.owlapi.manchestersyntax.parser,  has 1,  private references [javax.annotation], 
[WARNING] Bundle net.sourceforge.owlapi:owlapi-osgidistribution:bundle:6.0.0-SNAPSHOT : Export org.semanticweb.owlapi.manchestersyntax.renderer,  has 1,  private references [javax.annotation], 
[WARNING] Bundle net.sourceforge.owlapi:owlapi-osgidistribution:bundle:6.0.0-SNAPSHOT : Export org.semanticweb.owlapi.model,  has 2,  private references [org.apache.commons.rdf.api, javax.annotation], 
[WARNING] Bundle net.sourceforge.owlapi:owlapi-osgidistribution:bundle:6.0.0-SNAPSHOT : Export org.semanticweb.owlapi.model.parameters,  has 1,  private references [javax.annotation], 
[WARNING] Bundle net.sourceforge.owlapi:owlapi-osgidistribution:bundle:6.0.0-SNAPSHOT : Export org.semanticweb.owlapi.model.providers,  has 1,  private references [javax.annotation], 
[WARNING] Bundle net.sourceforge.owlapi:owlapi-osgidistribution:bundle:6.0.0-SNAPSHOT : Export org.semanticweb.owlapi.profiles,  has 1,  private references [javax.annotation], 
[WARNING] Bundle net.sourceforge.owlapi:owlapi-osgidistribution:bundle:6.0.0-SNAPSHOT : Export org.semanticweb.owlapi.profiles.violations,  has 1,  private references [javax.annotation], 
[WARNING] Bundle net.sourceforge.owlapi:owlapi-osgidistribution:bundle:6.0.0-SNAPSHOT : Export org.semanticweb.owlapi.rdf,  has 1,  private references [javax.annotation], 
[WARNING] Bundle net.sourceforge.owlapi:owlapi-osgidistribution:bundle:6.0.0-SNAPSHOT : Export org.semanticweb.owlapi.rdf.model,  has 1,  private references [javax.annotation], 
[WARNING] Bundle net.sourceforge.owlapi:owlapi-osgidistribution:bundle:6.0.0-SNAPSHOT : Export org.semanticweb.owlapi.rdf.rdfxml.parser,  has 1,  private references [javax.annotation], 
[WARNING] Bundle net.sourceforge.owlapi:owlapi-osgidistribution:bundle:6.0.0-SNAPSHOT : Export org.semanticweb.owlapi.rdf.rdfxml.renderer,  has 1,  private references [javax.annotation], 
[WARNING] Bundle net.sourceforge.owlapi:owlapi-osgidistribution:bundle:6.0.0-SNAPSHOT : Export org.semanticweb.owlapi.reasoner,  has 1,  private references [javax.annotation], 
[WARNING] Bundle net.sourceforge.owlapi:owlapi-osgidistribution:bundle:6.0.0-SNAPSHOT : Export org.semanticweb.owlapi.reasoner.impl,  has 1,  private references [javax.annotation], 
[WARNING] Bundle net.sourceforge.owlapi:owlapi-osgidistribution:bundle:6.0.0-SNAPSHOT : Export org.semanticweb.owlapi.rio,  has 6,  private references [org.eclipse.rdf4j.model, org.eclipse.rdf4j.rio.helpers, org.eclipse.rdf4j, javax.annotation, org.eclipse.rdf4j.common.iteration, org.eclipse.rdf4j.rio], 
[WARNING] Bundle net.sourceforge.owlapi:owlapi-osgidistribution:bundle:6.0.0-SNAPSHOT : Export org.semanticweb.owlapi.rio.utils,  has 2,  private references [org.eclipse.rdf4j.model, javax.annotation], 
[WARNING] Bundle net.sourceforge.owlapi:owlapi-osgidistribution:bundle:6.0.0-SNAPSHOT : Export org.semanticweb.owlapi.search,  has 1,  private references [javax.annotation], 
[WARNING] Bundle net.sourceforge.owlapi:owlapi-osgidistribution:bundle:6.0.0-SNAPSHOT : Export org.semanticweb.owlapi.util,  has 1,  private references [javax.annotation], 
[WARNING] Bundle net.sourceforge.owlapi:owlapi-osgidistribution:bundle:6.0.0-SNAPSHOT : Export org.semanticweb.owlapi.util.mansyntax,  has 1,  private references [javax.annotation], 
[WARNING] Bundle net.sourceforge.owlapi:owlapi-osgidistribution:bundle:6.0.0-SNAPSHOT : Export org.semanticweb.owlapi.vocab,  has 1,  private references [javax.annotation], 
[WARNING] Bundle net.sourceforge.owlapi:owlapi-osgidistribution:bundle:6.0.0-SNAPSHOT : Export org.semanticweb.owlapitools.builders,  has 1,  private references [javax.annotation], 
[WARNING] Bundle net.sourceforge.owlapi:owlapi-osgidistribution:bundle:6.0.0-SNAPSHOT : Export org.semanticweb.owlapitools.decomposition,  has 1,  private references [javax.annotation], 
[WARNING] Bundle net.sourceforge.owlapi:owlapi-osgidistribution:bundle:6.0.0-SNAPSHOT : Export uk.ac.manchester.cs.atomicdecomposition,  has 1,  private references [javax.annotation], 
[WARNING] Bundle net.sourceforge.owlapi:owlapi-osgidistribution:bundle:6.0.0-SNAPSHOT : Export uk.ac.manchester.cs.chainsaw,  has 2,  private references [javax.annotation, gnu.trove.list], 
[WARNING] Bundle net.sourceforge.owlapi:owlapi-osgidistribution:bundle:6.0.0-SNAPSHOT : Export uk.ac.manchester.cs.owl.explanation.ordering,  has 1,  private references [javax.annotation], 
[WARNING] Bundle net.sourceforge.owlapi:owlapi-osgidistribution:bundle:6.0.0-SNAPSHOT : Export uk.ac.manchester.cs.owl.owlapi,  has 2,  private references [javax.annotation, com.github.benmanes.caffeine.cache], 
[WARNING] Bundle net.sourceforge.owlapi:owlapi-osgidistribution:bundle:6.0.0-SNAPSHOT : Export uk.ac.manchester.cs.owl.owlapi.concurrent,  has 1,  private references [javax.annotation], 
[WARNING] Bundle net.sourceforge.owlapi:owlapi-osgidistribution:bundle:6.0.0-SNAPSHOT : Export uk.ac.manchester.cs.owlapi.modularity,  has 1,  private references [javax.annotation], 
[WARNING] Bundle net.sourceforge.owlapi:owlapi-osgidistribution:bundle:6.0.0-SNAPSHOT : Export org.obolibrary.macro,  has 1,  private references [javax.annotation], 
[WARNING] Bundle net.sourceforge.owlapi:owlapi-osgidistribution:bundle:6.0.0-SNAPSHOT : Export org.obolibrary.obo2owl,  has 1,  private references [javax.annotation], 
[WARNING] Bundle net.sourceforge.owlapi:owlapi-osgidistribution:bundle:6.0.0-SNAPSHOT : Export org.obolibrary.oboformat.diff,  has 1,  private references [javax.annotation], 
[WARNING] Bundle net.sourceforge.owlapi:owlapi-osgidistribution:bundle:6.0.0-SNAPSHOT : Export org.obolibrary.oboformat.model,  has 1,  private references [javax.annotation], 
[WARNING] Bundle net.sourceforge.owlapi:owlapi-osgidistribution:bundle:6.0.0-SNAPSHOT : Export org.obolibrary.oboformat.parser,  has 1,  private references [javax.annotation], 
[WARNING] Bundle net.sourceforge.owlapi:owlapi-osgidistribution:bundle:6.0.0-SNAPSHOT : Export org.obolibrary.oboformat.writer,  has 2,  private references [javax.annotation, gnu.trove.map.hash], 
[WARNING] Bundle net.sourceforge.owlapi:owlapi-osgidistribution:bundle:6.0.0-SNAPSHOT : Export org.obolibrary.owl,  has 1,  private references [javax.annotation], 
[WARNING] Bundle net.sourceforge.owlapi:owlapi-osgidistribution:bundle:6.0.0-SNAPSHOT : Export org.coode.owlapi.manchesterowlsyntax,  has 1,  private references [javax.annotation], 
[WARNING] Bundle net.sourceforge.owlapi:owlapi-osgidistribution:bundle:6.0.0-SNAPSHOT : Export org.coode.owlapi.obo12.parser,  has 1,  private references [javax.annotation], 
[INFO] 
[INFO] >>> maven-source-plugin:3.0.1:jar (attach-sources) > generate-sources @ owlapi-osgidistribution >>>
[INFO] 
[INFO] --- maven-enforcer-plugin:1.0:enforce (enforce-maven) @ owlapi-osgidistribution ---
[INFO] 
[INFO] <<< maven-source-plugin:3.0.1:jar (attach-sources) < generate-sources @ owlapi-osgidistribution <<<
[INFO] 
[INFO] --- maven-source-plugin:3.0.1:jar (attach-sources) @ owlapi-osgidistribution ---
[INFO] Building jar: /home/travis/build/owlcs/owlapi/osgidistribution/target/owlapi-osgidistribution-6.0.0-SNAPSHOT-sources.jar
[INFO] 
[INFO] --- maven-javadoc-plugin:2.10.4:jar (attach-javadocs) @ owlapi-osgidistribution ---
[INFO] Skipping javadoc generation
[INFO] 
[INFO] --- maven-javadoc-plugin:2.10.4:jar (attach-javadoc) @ owlapi-osgidistribution ---
[INFO] Skipping javadoc generation
[INFO] 
[INFO] --- maven-shade-plugin:2.4.3:shade (default) @ owlapi-osgidistribution ---
[INFO] Including net.sourceforge.owlapi:owlapi-apibinding:jar:6.0.0-SNAPSHOT in the shaded jar.
[INFO] Including net.sourceforge.owlapi:owlapi-tools:jar:6.0.0-SNAPSHOT in the shaded jar.
[INFO] Including net.sourceforge.owlapi:owlapi-impl:jar:6.0.0-SNAPSHOT in the shaded jar.
[INFO] Including net.sourceforge.owlapi:owlapi-parsers:jar:6.0.0-SNAPSHOT in the shaded jar.
[INFO] Including net.sourceforge.owlapi:owlapi-oboformat:jar:6.0.0-SNAPSHOT in the shaded jar.
[INFO] Including net.sourceforge.owlapi:owlapi-rio:jar:6.0.0-SNAPSHOT in the shaded jar.
[INFO] Including net.sourceforge.owlapi:owlapi-api:jar:6.0.0-SNAPSHOT in the shaded jar.
[INFO] Including net.sourceforge.owlapi:owlapi-compatibility:jar:6.0.0-SNAPSHOT in the shaded jar.
[INFO] Excluding com.google.code.findbugs:jsr305:jar:3.0.1 from the shaded jar.
[INFO] Excluding com.fasterxml.jackson.core:jackson-core:jar:2.8.5 from the shaded jar.
[INFO] Excluding com.fasterxml.jackson.core:jackson-databind:jar:2.8.5 from the shaded jar.
[INFO] Excluding com.fasterxml.jackson.core:jackson-annotations:jar:2.8.5 from the shaded jar.
[INFO] Excluding org.apache.commons:commons-rdf-api:jar:0.3.0-incubating from the shaded jar.
[INFO] Excluding org.tukaani:xz:jar:1.6 from the shaded jar.
[INFO] Excluding org.slf4j:slf4j-api:jar:1.7.22 from the shaded jar.
[INFO] Excluding org.slf4j:jcl-over-slf4j:jar:1.7.22 from the shaded jar.
[INFO] Excluding org.eclipse.rdf4j:rdf4j-model:jar:2.1.4 from the shaded jar.
[INFO] Excluding org.eclipse.rdf4j:rdf4j-rio-api:jar:2.1.4 from the shaded jar.
[INFO] Excluding org.eclipse.rdf4j:rdf4j-rio-languages:jar:2.1.4 from the shaded jar.
[INFO] Excluding org.eclipse.rdf4j:rdf4j-rio-datatypes:jar:2.1.4 from the shaded jar.
[INFO] Excluding org.eclipse.rdf4j:rdf4j-rio-binary:jar:2.1.4 from the shaded jar.
[INFO] Excluding org.eclipse.rdf4j:rdf4j-rio-n3:jar:2.1.4 from the shaded jar.
[INFO] Excluding org.eclipse.rdf4j:rdf4j-rio-nquads:jar:2.1.4 from the shaded jar.
[INFO] Excluding org.eclipse.rdf4j:rdf4j-rio-ntriples:jar:2.1.4 from the shaded jar.
[INFO] Excluding org.eclipse.rdf4j:rdf4j-rio-rdfjson:jar:2.1.4 from the shaded jar.
[INFO] Excluding org.eclipse.rdf4j:rdf4j-rio-jsonld:jar:2.1.4 from the shaded jar.
[INFO] Excluding org.eclipse.rdf4j:rdf4j-rio-rdfxml:jar:2.1.4 from the shaded jar.
[INFO] Excluding org.eclipse.rdf4j:rdf4j-rio-trix:jar:2.1.4 from the shaded jar.
[INFO] Excluding org.eclipse.rdf4j:rdf4j-rio-turtle:jar:2.1.4 from the shaded jar.
[INFO] Excluding org.eclipse.rdf4j:rdf4j-rio-trig:jar:2.1.4 from the shaded jar.
[INFO] Excluding org.eclipse.rdf4j:rdf4j-util:jar:2.1.4 from the shaded jar.
[INFO] Excluding com.github.jsonld-java:jsonld-java:jar:0.9.0 from the shaded jar.
[INFO] Excluding org.apache.httpcomponents:httpclient-osgi:jar:4.5.2 from the shaded jar.
[INFO] Excluding org.apache.httpcomponents:httpmime:jar:4.5.2 from the shaded jar.
[INFO] Excluding org.apache.httpcomponents:fluent-hc:jar:4.5.2 from the shaded jar.
[INFO] Excluding org.apache.httpcomponents:httpcore-osgi:jar:4.4.5 from the shaded jar.
[INFO] Excluding org.apache.httpcomponents:httpcore-nio:jar:4.4.5 from the shaded jar.
[INFO] Excluding org.apache.httpcomponents:httpclient:jar:4.5.2 from the shaded jar.
[INFO] Excluding org.apache.httpcomponents:httpclient-cache:jar:4.5.2 from the shaded jar.
[INFO] Excluding org.apache.httpcomponents:httpcore:jar:4.4.5 from the shaded jar.
[INFO] Excluding commons-codec:commons-codec:jar:1.10 from the shaded jar.
[INFO] Excluding commons-logging:commons-logging:jar:1.2 from the shaded jar.
[INFO] Excluding commons-io:commons-io:jar:2.5 from the shaded jar.
[INFO] Excluding net.sf.trove4j:trove4j:jar:3.0.3 from the shaded jar.
[INFO] Excluding com.google.guava:guava:jar:20.0 from the shaded jar.
[INFO] Excluding com.google.inject:guice:jar:4.1.0 from the shaded jar.
[INFO] Excluding javax.inject:javax.inject:jar:1 from the shaded jar.
[INFO] Excluding aopalliance:aopalliance:jar:1.0 from the shaded jar.
[INFO] Excluding com.google.inject.extensions:guice-multibindings:jar:4.1.0 from the shaded jar.
[INFO] Excluding com.github.ben-manes.caffeine:caffeine:jar:2.3.5 from the shaded jar.
[INFO] Excluding com.squareup.okhttp3:okhttp:jar:3.5.0 from the shaded jar.
[INFO] Excluding com.squareup.okio:okio:jar:1.11.0 from the shaded jar.
[INFO] Excluding org.apache.servicemix.bundles:org.apache.servicemix.bundles.javax-inject:jar:1_2 from the shaded jar.
[INFO] Excluding org.apache.servicemix.bundles:org.apache.servicemix.bundles.aopalliance:jar:1.0_6 from the shaded jar.
[WARNING] owlapi-osgidistribution-6.0.0-SNAPSHOT.jar, owlapi-impl-6.0.0-SNAPSHOT.jar define 195 overlapping classes: 
[WARNING]   - org.semanticweb.owlapi.reasoner.impl.OWLNamedIndividualNodeSet
[WARNING]   - uk.ac.manchester.cs.owl.owlapi.SWRLIndividualArgumentImpl
[WARNING]   - uk.ac.manchester.cs.owl.owlapi.InitVisitorFactory$InitIndividualVisitor
[WARNING]   - uk.ac.manchester.cs.owl.owlapi.OWLDataAllValuesFromImpl
[WARNING]   - uk.ac.manchester.cs.owl.owlapi.concurrent.NonConcurrentOWLOntologyBuilder
[WARNING]   - uk.ac.manchester.cs.owl.owlapi.OWLImportsDeclarationImpl
[WARNING]   - uk.ac.manchester.cs.owl.owlapi.OWLSubPropertyAxiomImpl
[WARNING]   - uk.ac.manchester.cs.owl.owlapi.OWLSameIndividualAxiomImpl
[WARNING]   - uk.ac.manchester.cs.owl.owlapi.Internals$RemoveAxiomVisitor
[WARNING]   - uk.ac.manchester.cs.owl.owlapi.SWRLSameIndividualAtomImpl
[WARNING]   - 185 more...
[WARNING] owlapi-osgidistribution-6.0.0-SNAPSHOT.jar, owlapi-parsers-6.0.0-SNAPSHOT.jar define 370 overlapping classes: 
[WARNING]   - org.semanticweb.owlapi.owlxml.parser.SubAnnPropertyOfEH
[WARNING]   - org.semanticweb.owlapi.krss2.renderer.KRSSVocabulary
[WARNING]   - org.semanticweb.owlapi.owlxml.parser.DataOneOfEH
[WARNING]   - org.semanticweb.owlapi.rdf.rdfxml.renderer.package-info
[WARNING]   - org.semanticweb.owlapi.rdf.rdfxml.parser.Translators$ObjectMinCardinalityTranslator
[WARNING]   - org.semanticweb.owlapi.rdf.rdfxml.renderer.IllegalElementNameException
[WARNING]   - org.semanticweb.owlapi.rdf.turtle.parser.JavaCharStream
[WARNING]   - org.semanticweb.owlapi.rdf.rdfxml.parser.AnonMap
[WARNING]   - org.semanticweb.owlapi.latex.renderer.LatexOWLObjectRenderer
[WARNING]   - org.semanticweb.owlapi.owlxml.renderer.OWLXMLObjectRenderer
[WARNING]   - 360 more...
[WARNING] owlapi-api-6.0.0-SNAPSHOT.jar, owlapi-osgidistribution-6.0.0-SNAPSHOT.jar define 578 overlapping classes: 
[WARNING]   - org.semanticweb.owlapi.model.OWLPropertyAssertionObject
[WARNING]   - org.semanticweb.owlapi.model.parameters.ConfigurationOptions
[WARNING]   - org.semanticweb.owlapi.model.OWLAnonymousClassExpression
[WARNING]   - org.semanticweb.owlapi.model.HasApplyChange
[WARNING]   - org.semanticweb.owlapi.model.SWRLDArgument
[WARNING]   - org.semanticweb.owlapi.change.RemoveAxiomData
[WARNING]   - org.semanticweb.owlapi.model.providers.ExistentialProvider
[WARNING]   - org.semanticweb.owlapi.model.axiomproviders.PropertyCharacteristicAxiomProvider
[WARNING]   - org.semanticweb.owlapi.model.OWLObjectPropertyDomainAxiom
[WARNING]   - org.semanticweb.owlapi.model.OWLDataRange
[WARNING]   - 568 more...
[WARNING] owlapi-osgidistribution-6.0.0-SNAPSHOT.jar, owlapi-oboformat-6.0.0-SNAPSHOT.jar define 74 overlapping classes: 
[WARNING]   - org.obolibrary.oboformat.parser.OBOFormatException
[WARNING]   - org.obolibrary.obo2owl.OWLAPIOwl2Obo
[WARNING]   - org.obolibrary.macro.MacroExpansionGCIVisitor$MacroExpansions
[WARNING]   - org.obolibrary.oboformat.diff.Diff
[WARNING]   - org.obolibrary.obo2owl.IdTranslator
[WARNING]   - org.obolibrary.oboformat.model.Clause
[WARNING]   - org.obolibrary.oboformat.parser.XrefExpander$ReverseGenusDifferentiaExpansion
[WARNING]   - org.obolibrary.owl.LabelFunctionalSyntaxStorer
[WARNING]   - org.obolibrary.oboformat.model.FrameStructureException
[WARNING]   - org.obolibrary.macro.MacroExpansionVisitor
[WARNING]   - 64 more...
[WARNING] owlapi-osgidistribution-6.0.0-SNAPSHOT.jar, owlapi-tools-6.0.0-SNAPSHOT.jar define 430 overlapping classes: 
[WARNING]   - uk.ac.manchester.cs.atomicdecomposition.package-info
[WARNING]   - org.semanticweb.owlapi.util.InferredIndividualAxiomGenerator
[WARNING]   - org.semanticweb.owlapi.util.OWLEntityURIUnderscores2CamelBackConverterStrategy
[WARNING]   - org.semanticweb.owlapitools.decomposition.Modularizer
[WARNING]   - org.semanticweb.owlapi.util.HornAxiomVisitorEx
[WARNING]   - org.semanticweb.owlapi.util.OWLOntologyWalkerVisitor
[WARNING]   - org.semanticweb.owlapitools.builders.package-info
[WARNING]   - org.semanticweb.owlapi.profiles.OWL2RLProfile
[WARNING]   - org.semanticweb.owlapi.metrics.DoubleValuedMetric
[WARNING]   - org.semanticweb.owlapitools.decomposition.SigIndex
[WARNING]   - 420 more...
[WARNING] owlapi-api-6.0.0-SNAPSHOT.jar, owlapi-osgidistribution-6.0.0-SNAPSHOT.jar, owlapi-tools-6.0.0-SNAPSHOT.jar define 1 overlapping classes: 
[WARNING]   - org.semanticweb.owlapi.util.package-info
[WARNING] owlapi-compatibility-6.0.0-SNAPSHOT.jar, owlapi-osgidistribution-6.0.0-SNAPSHOT.jar define 99 overlapping classes: 
[WARNING]   - org.coode.owlapi.obo12.parser.OBOIdType$1
[WARNING]   - uk.ac.manchester.cs.owlapi.dlsyntax.DLSyntaxHTMLOntologyFormat
[WARNING]   - org.coode.owl.krssparser.KRSSOntologyFormat
[WARNING]   - org.coode.owlapi.obo12.parser.XRefTagHandler
[WARNING]   - org.coode.owlapi.obo12.parser.IDSpaceTagValueHandler
[WARNING]   - org.coode.owlapi.obo12.parser.OBOIdTranslator
[WARNING]   - org.coode.owlapi.obo12.parser.OntologyTagValueHandler
[WARNING]   - org.coode.owlapi.obo12.parser.OBOIdType$OBOIIdTranslator
[WARNING]   - org.coode.owlapi.obo12.parser.OBO12DocumentFormat
[WARNING]   - org.coode.owlapi.obo12.parser.PartOfTagValueHandler
[WARNING]   - 89 more...
[WARNING] owlapi-rio-6.0.0-SNAPSHOT.jar, owlapi-osgidistribution-6.0.0-SNAPSHOT.jar define 68 overlapping classes: 
[WARNING]   - org.semanticweb.owlapi.formats.N3DocumentFormatFactory
[WARNING]   - org.semanticweb.owlapi.formats.RioTurtleDocumentFormatFactory
[WARNING]   - org.semanticweb.owlapi.rio.RioStorer
[WARNING]   - org.semanticweb.owlapi.rio.RioOWLRDFParser
[WARNING]   - org.semanticweb.owlapi.rio.OWLAPIRDFFormat
[WARNING]   - org.semanticweb.owlapi.formats.N3DocumentFormat
[WARNING]   - org.semanticweb.owlapi.rio.RioFunctionalSyntaxParserFactory
[WARNING]   - org.semanticweb.owlapi.rio.RioTrigStorerFactory
[WARNING]   - org.semanticweb.owlapi.rio.RioManchesterSyntaxParserFactory
[WARNING]   - org.semanticweb.owlapi.rio.AbstractRioStorerFactory
[WARNING]   - 58 more...
[WARNING] owlapi-osgidistribution-6.0.0-SNAPSHOT.jar, owlapi-apibinding-6.0.0-SNAPSHOT.jar define 6 overlapping classes: 
[WARNING]   - org.semanticweb.owlapi.apibinding.OWLManager
[WARNING]   - org.semanticweb.owlapi.apibinding.package-info
[WARNING]   - org.semanticweb.owlapi.apibinding.OWLFunctionalSyntaxFactory
[WARNING]   - uk.ac.manchester.cs.owl.owlapi.OWLAPIImplModule
[WARNING]   - org.semanticweb.owlapi.OWLAPIParsersModule
[WARNING]   - org.semanticweb.owlapi.OWLAPIServiceLoaderModule
[WARNING] maven-shade-plugin has detected that some class files are
[WARNING] present in two or more JARs. When this happens, only one
[WARNING] single version of the class is copied to the uber jar.
[WARNING] Usually this is not harmful and you can skip these warnings,
[WARNING] otherwise try to manually exclude artifacts based on
[WARNING] mvn dependency:tree -Ddetail=true and the above output.
[WARNING] See http://maven.apache.org/plugins/maven-shade-plugin/
[INFO] Replacing original artifact with shaded artifact.
[INFO] Replacing /home/travis/build/owlcs/owlapi/osgidistribution/target/owlapi-osgidistribution-6.0.0-SNAPSHOT.jar with /home/travis/build/owlcs/owlapi/osgidistribution/target/owlapi-osgidistribution-6.0.0-SNAPSHOT-shaded.jar
[INFO] Dependency-reduced POM written at: /home/travis/build/owlcs/owlapi/osgidistribution/dependency-reduced-pom.xml
[INFO] 
[INFO] --- maven-assembly-plugin:3.0.0:single (attach-sources) @ owlapi-osgidistribution ---
[INFO] Reading assembly descriptor: src/assembly/sources.xml
[INFO] Building jar: /home/travis/build/owlcs/owlapi/osgidistribution/target/owlapi-osgidistribution-6.0.0-SNAPSHOT-sources.jar
[INFO] 
[INFO] --- maven-failsafe-plugin:2.19.1:integration-test (default) @ owlapi-osgidistribution ---
[WARNING] useSystemClassloader setting has no effect when not forking
Running org.semanticweb.owlapi.BundleIsLoadableIntegrationTestCase
DEBUG: WIRE: [slf4j.api [4](R 4.0)] osgi.ee; (&(osgi.ee=JavaSE)(version=1.5.0)) -> [org.apache.felix.framework [0](R 0)]
DEBUG: FRAGMENT WIRE: [slf4j.simple [3](R 3.0)] osgi.wiring.host; (&(osgi.wiring.host=slf4j.api)(bundle-version>=0.0.0)) -> [slf4j.api [4](R 4.0)]
DEBUG: FRAGMENT WIRE: [slf4j.simple [3](R 3.0)] osgi.ee; (&(osgi.ee=JavaSE)(version=1.5.0)) -> [org.apache.felix.framework [0](R 0)]
DEBUG: WIRE: [com.github.ben-manes.caffeine [5](R 5.0)] osgi.ee; (&(osgi.ee=JavaSE)(version=1.8)) -> [org.apache.felix.framework [0](R 0)]
DEBUG: WIRE: [com.google.guava [6](R 6.0)] osgi.wiring.package; (osgi.wiring.package=javax.annotation) -> [org.apache.felix.framework [0](R 0)]
DEBUG: WIRE: [com.google.guava [6](R 6.0)] osgi.wiring.package; (osgi.wiring.package=javax.crypto) -> [org.apache.felix.framework [0](R 0)]
DEBUG: WIRE: [com.google.guava [6](R 6.0)] osgi.wiring.package; (osgi.wiring.package=javax.crypto.spec) -> [org.apache.felix.framework [0](R 0)]
DEBUG: WIRE: [com.google.guava [6](R 6.0)] osgi.ee; (&(osgi.ee=JavaSE)(version=1.6)) -> [org.apache.felix.framework [0](R 0)]
DEBUG: WIRE: [com.google.inject [9](R 9.0)] osgi.wiring.package; (&(osgi.wiring.package=com.google.common.base)(version>=19.0.0)) -> [com.google.guava [6](R 6.0)]
DEBUG: WIRE: [com.google.inject [9](R 9.0)] osgi.wiring.package; (&(osgi.wiring.package=com.google.common.cache)(version>=19.0.0)) -> [com.google.guava [6](R 6.0)]
DEBUG: WIRE: [com.google.inject [9](R 9.0)] osgi.wiring.package; (&(osgi.wiring.package=com.google.common.collect)(version>=19.0.0)) -> [com.google.guava [6](R 6.0)]
DEBUG: WIRE: [com.google.inject [9](R 9.0)] osgi.wiring.package; (osgi.wiring.package=javax.inject) -> [org.apache.servicemix.bundles.javax-inject [1](R 1.0)]
DEBUG: WIRE: [com.google.inject [9](R 9.0)] osgi.wiring.package; (osgi.wiring.package=org.aopalliance.intercept) -> [org.apache.servicemix.bundles.aopalliance [2](R 2.0)]
DEBUG: WIRE: [com.google.inject.multibindings [8](R 8.0)] osgi.wiring.package; (&(osgi.wiring.package=com.google.common.base)(version>=19.0.0)) -> [com.google.guava [6](R 6.0)]
DEBUG: WIRE: [com.google.inject.multibindings [8](R 8.0)] osgi.wiring.package; (&(osgi.wiring.package=com.google.common.collect)(version>=19.0.0)) -> [com.google.guava [6](R 6.0)]
DEBUG: WIRE: [com.google.inject.multibindings [8](R 8.0)] osgi.wiring.package; (&(osgi.wiring.package=com.google.common.primitives)(version>=19.0.0)) -> [com.google.guava [6](R 6.0)]
DEBUG: WIRE: [com.google.inject.multibindings [8](R 8.0)] osgi.wiring.package; (osgi.wiring.package=javax.inject) -> [org.apache.servicemix.bundles.javax-inject [1](R 1.0)]
DEBUG: WIRE: [com.google.inject [9](R 9.0)] osgi.ee; (&(osgi.ee=JavaSE)(version=1.6.0)) -> [org.apache.felix.framework [0](R 0)]
DEBUG: FRAGMENT WIRE: [com.google.inject.multibindings [8](R 8.0)] osgi.wiring.host; (&(osgi.wiring.host=com.google.inject)(bundle-version>=0.0.0)) -> [com.google.inject [9](R 9.0)]
DEBUG: FRAGMENT WIRE: [com.google.inject.multibindings [8](R 8.0)] osgi.ee; (&(osgi.ee=JavaSE)(version=1.6.0)) -> [org.apache.felix.framework [0](R 0)]
DEBUG: WIRE: [org.apache.commons.io [10](R 10.0)] osgi.ee; (&(osgi.ee=JavaSE)(version=1.6)) -> [org.apache.felix.framework [0](R 0)]
DEBUG: WIRE: [org.apache.commons.codec [11](R 11.0)] osgi.wiring.package; (osgi.wiring.package=javax.crypto) -> [org.apache.felix.framework [0](R 0)]
DEBUG: WIRE: [org.apache.commons.codec [11](R 11.0)] osgi.wiring.package; (osgi.wiring.package=javax.crypto.spec) -> [org.apache.felix.framework [0](R 0)]
DEBUG: WIRE: [org.apache.commons.codec [11](R 11.0)] osgi.ee; (&(osgi.ee=JavaSE)(version=1.6)) -> [org.apache.felix.framework [0](R 0)]
DEBUG: WIRE: [jcl.over.slf4j [12](R 12.0)] osgi.wiring.package; (&(osgi.wiring.package=org.slf4j)(version>=1.7.22)) -> [slf4j.api [4](R 4.0)]
DEBUG: WIRE: [jcl.over.slf4j [12](R 12.0)] osgi.wiring.package; (&(osgi.wiring.package=org.slf4j.spi)(version>=1.7.22)) -> [slf4j.api [4](R 4.0)]
DEBUG: WIRE: [jcl.over.slf4j [12](R 12.0)] osgi.ee; (&(osgi.ee=JavaSE)(version=1.5.0)) -> [org.apache.felix.framework [0](R 0)]
DEBUG: WIRE: [org.semanticweb.owl.owlapi [13](R 13.0)] osgi.wiring.package; (&(osgi.wiring.package=com.google.common.base)(version>=20.0.0)(!(version>=21.0.0))) -> [com.google.guava [6](R 6.0)]
DEBUG: WIRE: [org.semanticweb.owl.owlapi [13](R 13.0)] osgi.wiring.package; (&(osgi.wiring.package=com.google.common.cache)(version>=20.0.0)(!(version>=21.0.0))) -> [com.google.guava [6](R 6.0)]
DEBUG: WIRE: [org.semanticweb.owl.owlapi [13](R 13.0)] osgi.wiring.package; (&(osgi.wiring.package=com.google.common.collect)(version>=20.0.0)(!(version>=21.0.0))) -> [com.google.guava [6](R 6.0)]
DEBUG: WIRE: [org.semanticweb.owl.owlapi [13](R 13.0)] osgi.wiring.package; (&(osgi.wiring.package=com.google.inject)(version>=1.4.0)(!(version>=2.0.0))) -> [com.google.inject [9](R 9.0)]
DEBUG: WIRE: [org.semanticweb.owl.owlapi [13](R 13.0)] osgi.wiring.package; (&(osgi.wiring.package=com.google.inject.binder)(version>=1.4.0)(!(version>=2.0.0))) -> [com.google.inject [9](R 9.0)]
DEBUG: WIRE: [org.semanticweb.owl.owlapi [13](R 13.0)] osgi.wiring.package; (&(osgi.wiring.package=com.google.inject.multibindings)(version>=1.4.0)(!(version>=2.0.0))) -> [com.google.inject [9](R 9.0)]
DEBUG: WIRE: [org.semanticweb.owl.owlapi [13](R 13.0)] osgi.wiring.package; (osgi.wiring.package=javax.crypto) -> [org.apache.felix.framework [0](R 0)]
DEBUG: WIRE: [org.semanticweb.owl.owlapi [13](R 13.0)] osgi.wiring.package; (osgi.wiring.package=javax.crypto.spec) -> [org.apache.felix.framework [0](R 0)]
DEBUG: WIRE: [org.semanticweb.owl.owlapi [13](R 13.0)] osgi.wiring.package; (osgi.wiring.package=javax.imageio) -> [org.apache.felix.framework [0](R 0)]
DEBUG: WIRE: [org.semanticweb.owl.owlapi [13](R 13.0)] osgi.wiring.package; (osgi.wiring.package=javax.inject) -> [org.apache.servicemix.bundles.javax-inject [1](R 1.0)]
DEBUG: WIRE: [org.semanticweb.owl.owlapi [13](R 13.0)] osgi.wiring.package; (osgi.wiring.package=javax.naming) -> [org.apache.felix.framework [0](R 0)]
DEBUG: WIRE: [org.semanticweb.owl.owlapi [13](R 13.0)] osgi.wiring.package; (osgi.wiring.package=javax.naming.directory) -> [org.apache.felix.framework [0](R 0)]
DEBUG: WIRE: [org.semanticweb.owl.owlapi [13](R 13.0)] osgi.wiring.package; (osgi.wiring.package=javax.naming.ldap) -> [org.apache.felix.framework [0](R 0)]
DEBUG: WIRE: [org.semanticweb.owl.owlapi [13](R 13.0)] osgi.wiring.package; (osgi.wiring.package=javax.net) -> [org.apache.felix.framework [0](R 0)]
DEBUG: WIRE: [org.semanticweb.owl.owlapi [13](R 13.0)] osgi.wiring.package; (osgi.wiring.package=javax.net.ssl) -> [org.apache.felix.framework [0](R 0)]
DEBUG: WIRE: [org.semanticweb.owl.owlapi [13](R 13.0)] osgi.wiring.package; (osgi.wiring.package=javax.security.auth.x500) -> [org.apache.felix.framework [0](R 0)]
DEBUG: WIRE: [org.semanticweb.owl.owlapi [13](R 13.0)] osgi.wiring.package; (osgi.wiring.package=javax.swing) -> [org.apache.felix.framework [0](R 0)]
DEBUG: WIRE: [org.semanticweb.owl.owlapi [13](R 13.0)] osgi.wiring.package; (osgi.wiring.package=javax.xml.bind.annotation.adapters) -> [org.apache.felix.framework [0](R 0)]
DEBUG: WIRE: [org.semanticweb.owl.owlapi [13](R 13.0)] osgi.wiring.package; (osgi.wiring.package=javax.xml.datatype) -> [org.apache.felix.framework [0](R 0)]
DEBUG: WIRE: [org.semanticweb.owl.owlapi [13](R 13.0)] osgi.wiring.package; (osgi.wiring.package=javax.xml.namespace) -> [org.apache.felix.framework [0](R 0)]
DEBUG: WIRE: [org.semanticweb.owl.owlapi [13](R 13.0)] osgi.wiring.package; (osgi.wiring.package=javax.xml.parsers) -> [org.apache.felix.framework [0](R 0)]
DEBUG: WIRE: [org.semanticweb.owl.owlapi [13](R 13.0)] osgi.wiring.package; (osgi.wiring.package=javax.xml.transform.sax) -> [org.apache.felix.framework [0](R 0)]
DEBUG: WIRE: [org.semanticweb.owl.owlapi [13](R 13.0)] osgi.wiring.package; (osgi.wiring.package=javax.xml.validation) -> [org.apache.felix.framework [0](R 0)]
DEBUG: WIRE: [org.semanticweb.owl.owlapi [13](R 13.0)] osgi.wiring.package; (&(osgi.wiring.package=org.apache.commons.codec.binary)(version>=1.10.0)(!(version>=2.0.0))) -> [org.apache.commons.codec [11](R 11.0)]
DEBUG: WIRE: [org.semanticweb.owl.owlapi [13](R 13.0)] osgi.wiring.package; (&(osgi.wiring.package=org.apache.commons.io)(version>=1.4.0)(!(version>=2.0.0))) -> [org.apache.commons.io [10](R 10.0)]
DEBUG: WIRE: [org.semanticweb.owl.owlapi [13](R 13.0)] osgi.wiring.package; (&(osgi.wiring.package=org.apache.commons.io.input)(version>=1.4.0)(!(version>=2.0.0))) -> [org.apache.commons.io [10](R 10.0)]
DEBUG: WIRE: [org.semanticweb.owl.owlapi [13](R 13.0)] osgi.wiring.package; (osgi.wiring.package=org.ietf.jgss) -> [org.apache.felix.framework [0](R 0)]
DEBUG: WIRE: [org.semanticweb.owl.owlapi [13](R 13.0)] osgi.wiring.package; (&(osgi.wiring.package=org.slf4j)(version>=1.7.0)(!(version>=2.0.0))) -> [slf4j.api [4](R 4.0)]
DEBUG: WIRE: [org.semanticweb.owl.owlapi [13](R 13.0)] osgi.wiring.package; (&(osgi.wiring.package=org.slf4j.spi)(version>=1.7.0)(!(version>=2.0.0))) -> [slf4j.api [4](R 4.0)]
DEBUG: WIRE: [org.semanticweb.owl.owlapi [13](R 13.0)] osgi.wiring.package; (osgi.wiring.package=org.w3c.dom) -> [org.apache.felix.framework [0](R 0)]
DEBUG: WIRE: [org.semanticweb.owl.owlapi [13](R 13.0)] osgi.wiring.package; (osgi.wiring.package=org.w3c.dom.bootstrap) -> [org.apache.felix.framework [0](R 0)]
DEBUG: WIRE: [org.semanticweb.owl.owlapi [13](R 13.0)] osgi.wiring.package; (osgi.wiring.package=org.w3c.dom.ls) -> [org.apache.felix.framework [0](R 0)]
DEBUG: WIRE: [org.semanticweb.owl.owlapi [13](R 13.0)] osgi.wiring.package; (osgi.wiring.package=org.xml.sax) -> [org.apache.felix.framework [0](R 0)]
DEBUG: WIRE: [org.semanticweb.owl.owlapi [13](R 13.0)] osgi.wiring.package; (osgi.wiring.package=org.xml.sax.ext) -> [org.apache.felix.framework [0](R 0)]
DEBUG: WIRE: [org.semanticweb.owl.owlapi [13](R 13.0)] osgi.wiring.package; (osgi.wiring.package=org.xml.sax.helpers) -> [org.apache.felix.framework [0](R 0)]
DEBUG: WIRE: [org.semanticweb.owl.owlapi [13](R 13.0)] osgi.ee; (&(osgi.ee=JavaSE)(version=1.8)) -> [org.apache.felix.framework [0](R 0)]
Tests run: 1, Failures: 0, Errors: 0, Skipped: 0, Time elapsed: 0.335 sec - in org.semanticweb.owlapi.BundleIsLoadableIntegrationTestCase
Running org.semanticweb.owlapi.api.test.VerifyVersionInfoIntegrationTestCase
Tests run: 1, Failures: 0, Errors: 0, Skipped: 0, Time elapsed: 0.001 sec - in org.semanticweb.owlapi.api.test.VerifyVersionInfoIntegrationTestCase
Running org.semanticweb.owlapi.io.LoadXZOntologyViaHTTPIntegrationTestCase
Tests run: 1, Failures: 0, Errors: 0, Skipped: 0, Time elapsed: 1.853 sec - in org.semanticweb.owlapi.io.LoadXZOntologyViaHTTPIntegrationTestCase

Results :

Tests run: 3, Failures: 0, Errors: 0, Skipped: 0

[INFO] 
[INFO] --- maven-failsafe-plugin:2.19.1:verify (default) @ owlapi-osgidistribution ---
[INFO] ------------------------------------------------------------------------
[INFO] Reactor Summary:
[INFO] 
[INFO] OWLAPI ............................................. SUCCESS [  1.390 s]
[INFO] OWLAPI :: Interfaces ............................... SUCCESS [  9.916 s]
[INFO] OWLAPI :: Tools .................................... SUCCESS [  0.315 s]
[INFO] OWLAPI :: Default Implementation ................... SUCCESS [  4.049 s]
[INFO] OWLAPI :: Parsers .................................. SUCCESS [  4.819 s]
[INFO] OWLAPI :: OBO Format ............................... SUCCESS [  0.688 s]
[INFO] OWLAPI :: RDF4J Rio ................................ SUCCESS [  0.168 s]
[INFO] OWLAPI :: Binding and Config ....................... SUCCESS [  0.067 s]
[INFO] OWLAPI :: Compatibility ............................ SUCCESS [  0.207 s]
[INFO] OWLAPI :: Tests and Tutorials ...................... SUCCESS [ 43.052 s]
[INFO] OWLAPI :: Distribution ............................. SUCCESS [  7.156 s]
[INFO] OWLAPI :: OSGi and Compatibility Distribution ...... SUCCESS [ 12.543 s]
[INFO] ------------------------------------------------------------------------
[INFO] BUILD SUCCESS
[INFO] ------------------------------------------------------------------------
[INFO] Total time: 01:25 min
[INFO] Finished at: 2017-04-28T07:34:00+00:00
[INFO] Final Memory: 47M/458M
[INFO] ------------------------------------------------------------------------

travis_time:end:2afcf8ac:start=1493364753604887098,finish=1493364841106609024,duration=87501721926[0K
[32;1mThe command "mvn verify" exited with 0.[0m
travis_fold:start:cache.2[0Kstore build cache
travis_time:start:1da89655[0K
travis_time:end:1da89655:start=1493364841112014162,finish=1493364841116145569,duration=4131407[0Ktravis_time:start:0715e300[0K[32;1mchange detected (content changed, file is created, or file is deleted):
/home/travis/.m2/repository/net/sourceforge/owlapi/owlapi-api/6.0.0-SNAPSHOT/maven-metadata-local.xml
/home/travis/.m2/repository/net/sourceforge/owlapi/owlapi-api/6.0.0-SNAPSHOT/owlapi-api-6.0.0-SNAPSHOT.jar
/home/travis/.m2/repository/net/sourceforge/owlapi/owlapi-api/6.0.0-SNAPSHOT/owlapi-api-6.0.0-SNAPSHOT-sources.jar
/home/travis/.m2/repository/net/sourceforge/owlapi/owlapi-api/6.0.0-SNAPSHOT/_remote.repositories
/home/travis/.m2/repository/net/sourceforge/owlapi/owlapi-apibinding/6.0.0-SNAPSHOT/maven-metadata-local.xml
/home/travis/.m2/repository/net/sourceforge/owlapi/owlapi-apibinding/6.0.0-SNAPSHOT/owlapi-apibinding-6.0.0-SNAPSHOT.jar
/home/travis/.m2/repository/net/sourceforge/owlapi/owlapi-apibinding/6.0.0-SNAPSHOT/owlapi-apibinding-6.0.0-SNAPSHOT-sources.jar
/home/travis/.m2/repository/net/sourceforge/owlapi/owlapi-apibinding/6.0.0-SNAPSHOT/_remote.repositories
/home/travis/.m2/repository/net/sourceforge/owlapi/owlapi-apibinding/maven-metadata-local.xml
/home/travis/.m2/repo
[0m
[32;1m...
[0m
[32;1mchanges detected, packing new archive[0m
.
[32;1muploading archive[0m

travis_time:end:0715e300:start=1493364841120925344,finish=1493364853630920464,duration=12509995120[0Ktravis_fold:end:cache.2[0K
Done. Your build exited with 0.
