Using worker: worker-linux-docker-582a95a1.prod.travis-ci.org:travis-linux-1

travis_fold:start:system_info[0K[33;1mBuild system information[0m
Build language: java
[34m[1mBuild image provisioning date and time[0m
Thu Feb  5 15:09:33 UTC 2015
[34m[1mOperating System Details[0m
Distributor ID:	Ubuntu
Description:	Ubuntu 12.04.5 LTS
Release:	12.04
Codename:	precise
[34m[1mLinux Version[0m
3.13.0-29-generic
[34m[1mCookbooks Version[0m
a68419e https://github.com/travis-ci/travis-cookbooks/tree/a68419e
[34m[1mGCC version[0m
gcc (Ubuntu/Linaro 4.6.3-1ubuntu5) 4.6.3
Copyright (C) 2011 Free Software Foundation, Inc.
This is free software; see the source for copying conditions.  There is NO
warranty; not even for MERCHANTABILITY or FITNESS FOR A PARTICULAR PURPOSE.

[34m[1mLLVM version[0m
clang version 3.4 (tags/RELEASE_34/final)
Target: x86_64-unknown-linux-gnu
Thread model: posix
[34m[1mPre-installed Ruby versions[0m
ruby-1.9.3-p551
[34m[1mPre-installed Node.js versions[0m
v0.10.36
[34m[1mPre-installed Go versions[0m
1.4.1
[34m[1mRedis version[0m
redis-server 2.8.19
[34m[1mriak version[0m
2.0.2
[34m[1mMongoDB version[0m
MongoDB 2.4.12
[34m[1mCouchDB version[0m
couchdb 1.6.1
[34m[1mNeo4j version[0m
1.9.4
[34m[1mRabbitMQ Version[0m
3.4.3
[34m[1mElasticSearch version[0m
1.4.0
[34m[1mInstalled Sphinx versions[0m
2.0.10
2.1.9
2.2.6
[34m[1mDefault Sphinx version[0m
2.2.6
[34m[1mInstalled Firefox version[0m
firefox 31.0esr
[34m[1mPhantomJS version[0m
1.9.8
[34m[1mant -version[0m
Apache Ant(TM) version 1.8.2 compiled on December 3 2011
[34m[1mmvn -version[0m
Apache Maven 3.2.5 (12a6b3acb947671f09b81f49094c53f426d8cea1; 2014-12-14T17:29:23+00:00)
Maven home: /usr/local/maven
Java version: 1.7.0_76, vendor: Oracle Corporation
Java home: /usr/lib/jvm/java-7-oracle/jre
Default locale: en_US, platform encoding: ANSI_X3.4-1968
OS name: "linux", version: "3.13.0-29-generic", arch: "amd64", family: "unix"
travis_fold:end:system_info[0K
travis_fold:start:git.checkout[0Ktravis_time:start:02818d6b[0K$ git clone --depth=50 --branch=SONARXML-29 https://github.com/SonarCommunity/sonar-xml.git SonarCommunity/sonar-xml
Cloning into 'SonarCommunity/sonar-xml'...
remote: Counting objects: 1239, done.[K
remote: Compressing objects:   0% (1/541)   [Kremote: Compressing objects:   1% (6/541)   [Kremote: Compressing objects:   2% (11/541)   [Kremote: Compressing objects:   3% (17/541)   [Kremote: Compressing objects:   4% (22/541)   [Kremote: Compressing objects:   5% (28/541)   [Kremote: Compressing objects:   6% (33/541)   [Kremote: Compressing objects:   7% (38/541)   [Kremote: Compressing objects:   8% (44/541)   [Kremote: Compressing objects:   9% (49/541)   [Kremote: Compressing objects:  10% (55/541)   [Kremote: Compressing objects:  11% (60/541)   [Kremote: Compressing objects:  12% (65/541)   [Kremote: Compressing objects:  13% (71/541)   [Kremote: Compressing objects:  14% (76/541)   [Kremote: Compressing objects:  15% (82/541)   [Kremote: Compressing objects:  16% (87/541)   [Kremote: Compressing objects:  17% (92/541)   [Kremote: Compressing objects:  18% (98/541)   [Kremote: Compressing objects:  19% (103/541)   [Kremote: Compressing objects:  20% (109/541)   [Kremote: Compressing objects:  21% (114/541)   [Kremote: Compressing objects:  22% (120/541)   [Kremote: Compressing objects:  23% (125/541)   [Kremote: Compressing objects:  24% (130/541)   [Kremote: Compressing objects:  25% (136/541)   [Kremote: Compressing objects:  26% (141/541)   [Kremote: Compressing objects:  27% (147/541)   [Kremote: Compressing objects:  28% (152/541)   [Kremote: Compressing objects:  29% (157/541)   [Kremote: Compressing objects:  30% (163/541)   [Kremote: Compressing objects:  31% (168/541)   [Kremote: Compressing objects:  32% (174/541)   [Kremote: Compressing objects:  33% (179/541)   [Kremote: Compressing objects:  34% (184/541)   [Kremote: Compressing objects:  35% (190/541)   [Kremote: Compressing objects:  36% (195/541)   [Kremote: Compressing objects:  37% (201/541)   [Kremote: Compressing objects:  38% (206/541)   [Kremote: Compressing objects:  39% (211/541)   [Kremote: Compressing objects:  40% (217/541)   [Kremote: Compressing objects:  41% (222/541)   [Kremote: Compressing objects:  42% (228/541)   [Kremote: Compressing objects:  43% (233/541)   [Kremote: Compressing objects:  44% (239/541)   [Kremote: Compressing objects:  45% (244/541)   [Kremote: Compressing objects:  46% (249/541)   [Kremote: Compressing objects:  47% (255/541)   [Kremote: Compressing objects:  48% (260/541)   [Kremote: Compressing objects:  49% (266/541)   [Kremote: Compressing objects:  50% (271/541)   [Kremote: Compressing objects:  51% (276/541)   [Kremote: Compressing objects:  52% (282/541)   [Kremote: Compressing objects:  53% (287/541)   [Kremote: Compressing objects:  54% (293/541)   [Kremote: Compressing objects:  55% (298/541)   [Kremote: Compressing objects:  56% (303/541)   [Kremote: Compressing objects:  57% (309/541)   [Kremote: Compressing objects:  58% (314/541)   [Kremote: Compressing objects:  59% (320/541)   [Kremote: Compressing objects:  60% (325/541)   [Kremote: Compressing objects:  61% (331/541)   [Kremote: Compressing objects:  62% (336/541)   [Kremote: Compressing objects:  63% (341/541)   [Kremote: Compressing objects:  64% (347/541)   [Kremote: Compressing objects:  65% (352/541)   [Kremote: Compressing objects:  66% (358/541)   [Kremote: Compressing objects:  67% (363/541)   [Kremote: Compressing objects:  68% (368/541)   [Kremote: Compressing objects:  69% (374/541)   [Kremote: Compressing objects:  70% (379/541)   [Kremote: Compressing objects:  71% (385/541)   [Kremote: Compressing objects:  72% (390/541)   [Kremote: Compressing objects:  73% (395/541)   [Kremote: Compressing objects:  74% (401/541)   [Kremote: Compressing objects:  75% (406/541)   [Kremote: Compressing objects:  76% (412/541)   [Kremote: Compressing objects:  77% (417/541)   [Kremote: Compressing objects:  78% (422/541)   [Kremote: Compressing objects:  79% (428/541)   [Kremote: Compressing objects:  80% (433/541)   [Kremote: Compressing objects:  81% (439/541)   [Kremote: Compressing objects:  82% (444/541)   [Kremote: Compressing objects:  83% (450/541)   [Kremote: Compressing objects:  84% (455/541)   [Kremote: Compressing objects:  85% (460/541)   [Kremote: Compressing objects:  86% (466/541)   [Kremote: Compressing objects:  87% (471/541)   [Kremote: Compressing objects:  88% (477/541)   [Kremote: Compressing objects:  89% (482/541)   [Kremote: Compressing objects:  90% (487/541)   [Kremote: Compressing objects:  91% (493/541)   [Kremote: Compressing objects:  92% (498/541)   [Kremote: Compressing objects:  93% (504/541)   [Kremote: Compressing objects:  94% (509/541)   [Kremote: Compressing objects:  95% (514/541)   [Kremote: Compressing objects:  96% (520/541)   [Kremote: Compressing objects:  97% (525/541)   [Kremote: Compressing objects:  98% (531/541)   [Kremote: Compressing objects:  99% (536/541)   [Kremote: Compressing objects: 100% (541/541)   [Kremote: Compressing objects: 100% (541/541), done.[K
Receiving objects:   0% (1/1239)   Receiving objects:   1% (13/1239)   Receiving objects:   2% (25/1239)   Receiving objects:   3% (38/1239)   Receiving objects:   4% (50/1239)   Receiving objects:   5% (62/1239)   Receiving objects:   6% (75/1239)   Receiving objects:   7% (87/1239)   Receiving objects:   8% (100/1239)   Receiving objects:   9% (112/1239)   Receiving objects:  10% (124/1239)   Receiving objects:  11% (137/1239)   Receiving objects:  12% (149/1239)   Receiving objects:  13% (162/1239)   Receiving objects:  14% (174/1239)   Receiving objects:  15% (186/1239)   Receiving objects:  16% (199/1239)   Receiving objects:  17% (211/1239)   Receiving objects:  18% (224/1239)   Receiving objects:  19% (236/1239)   Receiving objects:  20% (248/1239)   Receiving objects:  21% (261/1239)   Receiving objects:  22% (273/1239)   Receiving objects:  23% (285/1239)   Receiving objects:  24% (298/1239)   Receiving objects:  25% (310/1239)   Receiving objects:  26% (323/1239)   Receiving objects:  27% (335/1239)   Receiving objects:  28% (347/1239)   Receiving objects:  29% (360/1239)   Receiving objects:  30% (372/1239)   Receiving objects:  31% (385/1239)   Receiving objects:  32% (397/1239)   Receiving objects:  33% (409/1239)   Receiving objects:  34% (422/1239)   Receiving objects:  35% (434/1239)   Receiving objects:  36% (447/1239)   Receiving objects:  37% (459/1239)   Receiving objects:  38% (471/1239)   Receiving objects:  39% (484/1239)   Receiving objects:  40% (496/1239)   Receiving objects:  41% (508/1239)   Receiving objects:  42% (521/1239)   Receiving objects:  43% (533/1239)   Receiving objects:  44% (546/1239)   Receiving objects:  45% (558/1239)   Receiving objects:  46% (570/1239)   Receiving objects:  47% (583/1239)   Receiving objects:  48% (595/1239)   Receiving objects:  49% (608/1239)   Receiving objects:  50% (620/1239)   Receiving objects:  51% (632/1239)   Receiving objects:  52% (645/1239)   Receiving objects:  53% (657/1239)   Receiving objects:  54% (670/1239)   Receiving objects:  55% (682/1239)   Receiving objects:  56% (694/1239)   Receiving objects:  57% (707/1239)   Receiving objects:  58% (719/1239)   Receiving objects:  59% (732/1239)   Receiving objects:  60% (744/1239)   Receiving objects:  61% (756/1239)   Receiving objects:  62% (769/1239)   Receiving objects:  63% (781/1239)   Receiving objects:  64% (793/1239)   Receiving objects:  65% (806/1239)   Receiving objects:  66% (818/1239)   Receiving objects:  67% (831/1239)   Receiving objects:  68% (843/1239)   Receiving objects:  69% (855/1239)   Receiving objects:  70% (868/1239)   Receiving objects:  71% (880/1239)   Receiving objects:  72% (893/1239)   Receiving objects:  73% (905/1239)   Receiving objects:  74% (917/1239)   Receiving objects:  75% (930/1239)   Receiving objects:  76% (942/1239)   Receiving objects:  77% (955/1239)   Receiving objects:  78% (967/1239)   Receiving objects:  79% (979/1239)   Receiving objects:  80% (992/1239)   Receiving objects:  81% (1004/1239)   remote: Total 1239 (delta 493), reused 1068 (delta 369), pack-reused 0[K
Receiving objects:  82% (1016/1239)   Receiving objects:  83% (1029/1239)   Receiving objects:  84% (1041/1239)   Receiving objects:  85% (1054/1239)   Receiving objects:  86% (1066/1239)   Receiving objects:  87% (1078/1239)   Receiving objects:  88% (1091/1239)   Receiving objects:  89% (1103/1239)   Receiving objects:  90% (1116/1239)   Receiving objects:  91% (1128/1239)   Receiving objects:  92% (1140/1239)   Receiving objects:  93% (1153/1239)   Receiving objects:  94% (1165/1239)   Receiving objects:  95% (1178/1239)   Receiving objects:  96% (1190/1239)   Receiving objects:  97% (1202/1239)   Receiving objects:  98% (1215/1239)   Receiving objects:  99% (1227/1239)   Receiving objects: 100% (1239/1239)   Receiving objects: 100% (1239/1239), 406.05 KiB | 0 bytes/s, done.
Resolving deltas:   0% (0/493)   Resolving deltas:   1% (9/493)   Resolving deltas:   2% (11/493)   Resolving deltas:   3% (16/493)   Resolving deltas:   5% (29/493)   Resolving deltas:   6% (30/493)   Resolving deltas:   7% (35/493)   Resolving deltas:   8% (40/493)   Resolving deltas:  10% (51/493)   Resolving deltas:  11% (55/493)   Resolving deltas:  16% (82/493)   Resolving deltas:  17% (86/493)   Resolving deltas:  18% (92/493)   Resolving deltas:  20% (100/493)   Resolving deltas:  21% (106/493)   Resolving deltas:  22% (109/493)   Resolving deltas:  23% (114/493)   Resolving deltas:  24% (119/493)   Resolving deltas:  25% (124/493)   Resolving deltas:  26% (129/493)   Resolving deltas:  27% (135/493)   Resolving deltas:  28% (139/493)   Resolving deltas:  29% (143/493)   Resolving deltas:  30% (148/493)   Resolving deltas:  32% (158/493)   Resolving deltas:  33% (163/493)   Resolving deltas:  34% (171/493)   Resolving deltas:  35% (176/493)   Resolving deltas:  36% (181/493)   Resolving deltas:  37% (186/493)   Resolving deltas:  38% (192/493)   Resolving deltas:  39% (194/493)   Resolving deltas:  40% (198/493)   Resolving deltas:  41% (207/493)   Resolving deltas:  42% (210/493)   Resolving deltas:  43% (216/493)   Resolving deltas:  44% (218/493)   Resolving deltas:  46% (228/493)   Resolving deltas:  47% (236/493)   Resolving deltas:  48% (237/493)   Resolving deltas:  52% (257/493)   Resolving deltas:  53% (262/493)   Resolving deltas:  55% (274/493)   Resolving deltas:  56% (277/493)   Resolving deltas:  57% (282/493)   Resolving deltas:  58% (290/493)   Resolving deltas:  60% (298/493)   Resolving deltas:  62% (306/493)   Resolving deltas:  65% (321/493)   Resolving deltas:  66% (328/493)   Resolving deltas:  67% (331/493)   Resolving deltas:  70% (349/493)   Resolving deltas:  73% (362/493)   Resolving deltas:  74% (365/493)   Resolving deltas:  75% (373/493)   Resolving deltas:  81% (402/493)   Resolving deltas:  82% (408/493)   Resolving deltas:  89% (439/493)   Resolving deltas:  90% (444/493)   Resolving deltas:  91% (449/493)   Resolving deltas: 100% (493/493)   Resolving deltas: 100% (493/493), done.
Checking connectivity... done.
travis_time:end:02818d6b:start=1447087019138326423,finish=1447087019746563864,duration=608237441[0K$ cd SonarCommunity/sonar-xml
$ git checkout -qf a6d5ea3c9e4ee9e4d8d6bda74b4cdda55eaaa682
travis_fold:end:git.checkout[0K
[33;1mThis job is running on container-based infrastructure, which does not allow use of 'sudo', setuid and setguid executables.[0m
[33;1mIf you require sudo, add 'sudo: required' to your .travis.yml[0m
[33;1mSee http://docs.travis-ci.com/user/workers/container-based-infrastructure/ for details.[0m

[33;1mSetting environment variables from .travis.yml[0m
$ export TEST=ci

travis_fold:start:cache.1[0KSetting up build cache
$ export CASHER_DIR=$HOME/.casher
travis_time:start:02bf8111[0K$ Installing caching utilities
travis_time:end:02bf8111:start=1447087021622717288,finish=1447087021660905492,duration=38188204[0Ktravis_time:start:2272de14[0Kattempting to download cache archive
fetching SONARXML-29/cache--jdk-oraclejdk7.tgz
found cache
travis_time:end:2272de14:start=1447087021667385067,finish=1447087035124375121,duration=13456990054[0Ktravis_time:start:010fb5d0[0Kadding /home/travis/.m2/repository to cache
travis_time:end:010fb5d0:start=1447087035129509735,finish=1447087040579944203,duration=5450434468[0Ktravis_fold:end:cache.1[0K$ jdk_switcher use oraclejdk7
Switching to Oracle JDK7 (java-7-oracle), JAVA_HOME will be set to /usr/lib/jvm/java-7-oracle
$ java -Xmx32m -version
java version "1.7.0_76"
Java(TM) SE Runtime Environment (build 1.7.0_76-b13)
Java HotSpot(TM) 64-Bit Server VM (build 24.76-b04, mixed mode)
$ javac -J-Xmx32m -version
javac 1.7.0_76
travis_fold:start:install[0Ktravis_time:start:233bd274[0K$ true
travis_time:end:233bd274:start=1447087040949271068,finish=1447087040953738191,duration=4467123[0Ktravis_fold:end:install[0Ktravis_time:start:00ed2553[0K$ ./travis.sh
Apache Maven 3.2.5 (12a6b3acb947671f09b81f49094c53f426d8cea1; 2014-12-14T17:29:23+00:00)
Maven home: /usr/local/maven
Java version: 1.7.0_76, vendor: Oracle Corporation
Java home: /usr/lib/jvm/java-7-oracle/jre
Default locale: en_US, platform encoding: UTF-8
OS name: "linux", version: "3.13.0-40-generic", arch: "amd64", family: "unix"
[INFO] Error stacktraces are turned on.
[INFO] Scanning for projects...
[INFO] ------------------------------------------------------------------------
[INFO] Reactor Build Order:
[INFO] 
[INFO] XML
[INFO] XML :: Squid
[INFO] XML :: SonarQube Plugin
[INFO] XML :: SSLR Toolkit
[INFO]                                                                         
[INFO] ------------------------------------------------------------------------
[INFO] Building XML 1.4-SNAPSHOT
[INFO] ------------------------------------------------------------------------
[INFO] Downloading: https://repo.maven.apache.org/maven2/org/codehaus/mojo/animal-sniffer-maven-plugin/1.13/animal-sniffer-maven-plugin-1.13.pom
[INFO] Downloaded: https://repo.maven.apache.org/maven2/org/codehaus/mojo/animal-sniffer-maven-plugin/1.13/animal-sniffer-maven-plugin-1.13.pom (5 KB at 11.0 KB/sec)
[INFO] Downloading: https://repo.maven.apache.org/maven2/org/codehaus/mojo/animal-sniffer-parent/1.13/animal-sniffer-parent-1.13.pom
[INFO] Downloaded: https://repo.maven.apache.org/maven2/org/codehaus/mojo/animal-sniffer-parent/1.13/animal-sniffer-parent-1.13.pom (5 KB at 225.6 KB/sec)
[INFO] Downloading: https://repo.maven.apache.org/maven2/org/codehaus/mojo/animal-sniffer-maven-plugin/1.13/animal-sniffer-maven-plugin-1.13.jar
[INFO] Downloaded: https://repo.maven.apache.org/maven2/org/codehaus/mojo/animal-sniffer-maven-plugin/1.13/animal-sniffer-maven-plugin-1.13.jar (31 KB at 642.9 KB/sec)
[INFO] 
[INFO] --- buildnumber-maven-plugin:1.3:create (default) @ xml ---
[INFO] Executing: /bin/sh -c cd /home/travis/build/SonarCommunity/sonar-xml && git rev-parse --verify HEAD
[INFO] Working directory: /home/travis/build/SonarCommunity/sonar-xml
[INFO] Storing buildNumber: a6d5ea3c9e4ee9e4d8d6bda74b4cdda55eaaa682 at timestamp: 1447087046185
[WARNING] Cannot get the branch information from the git repository: 
Detecting the current branch failed: fatal: ref HEAD is not a symbolic ref

[INFO] Executing: /bin/sh -c cd /home/travis/build/SonarCommunity/sonar-xml && git rev-parse --verify HEAD
[INFO] Working directory: /home/travis/build/SonarCommunity/sonar-xml
[INFO] Storing buildScmBranch: UNKNOWN
[INFO] 
[INFO] --- maven-enforcer-plugin:1.3.1:enforce (enforce) @ xml ---
[INFO] 
[INFO] --- maven-license-plugin:1.10.b1:check (enforce-license-headers) @ xml ---
[INFO] Checking licenses...
[INFO] 
[INFO] --- animal-sniffer-maven-plugin:1.13:check (enforce-java-api-compatibility) @ xml ---
[INFO] Downloading: https://repo.maven.apache.org/maven2/org/codehaus/mojo/animal-sniffer/1.13/animal-sniffer-1.13.pom
[INFO] Downloaded: https://repo.maven.apache.org/maven2/org/codehaus/mojo/animal-sniffer/1.13/animal-sniffer-1.13.pom (3 KB at 95.1 KB/sec)
[INFO] Downloading: https://repo.maven.apache.org/maven2/org/ow2/asm/asm-all/4.0/asm-all-4.0.pom
[INFO] Downloaded: https://repo.maven.apache.org/maven2/org/ow2/asm/asm-all/4.0/asm-all-4.0.pom (2 KB at 160.2 KB/sec)
[INFO] Downloading: https://repo.maven.apache.org/maven2/org/ow2/asm/asm-parent/4.0/asm-parent-4.0.pom
[INFO] Downloaded: https://repo.maven.apache.org/maven2/org/ow2/asm/asm-parent/4.0/asm-parent-4.0.pom (6 KB at 335.3 KB/sec)
[INFO] Downloading: https://repo.maven.apache.org/maven2/org/codehaus/mojo/java-boot-classpath-detector/1.13/java-boot-classpath-detector-1.13.pom
[INFO] Downloaded: https://repo.maven.apache.org/maven2/org/codehaus/mojo/java-boot-classpath-detector/1.13/java-boot-classpath-detector-1.13.pom (3 KB at 216.4 KB/sec)
[INFO] Downloading: https://repo.maven.apache.org/maven2/org/codehaus/mojo/animal-sniffer/1.13/animal-sniffer-1.13.jar
[INFO] Downloading: https://repo.maven.apache.org/maven2/org/ow2/asm/asm-all/4.0/asm-all-4.0.jar
[INFO] Downloading: https://repo.maven.apache.org/maven2/org/codehaus/mojo/java-boot-classpath-detector/1.13/java-boot-classpath-detector-1.13.jar
[INFO] Downloaded: https://repo.maven.apache.org/maven2/org/codehaus/mojo/animal-sniffer/1.13/animal-sniffer-1.13.jar (32 KB at 263.9 KB/sec)
[INFO] Downloaded: https://repo.maven.apache.org/maven2/org/codehaus/mojo/java-boot-classpath-detector/1.13/java-boot-classpath-detector-1.13.jar (5 KB at 45.0 KB/sec)
[INFO] Downloaded: https://repo.maven.apache.org/maven2/org/ow2/asm/asm-all/4.0/asm-all-4.0.jar (208 KB at 1574.1 KB/sec)
[INFO] Checking unresolved references to org.codehaus.mojo.signature:java17:1.0
[INFO] Downloading: http://repo.maven.apache.org/maven2/org/codehaus/mojo/signature/java17/1.0/java17-1.0.signature
[INFO] Downloaded: http://repo.maven.apache.org/maven2/org/codehaus/mojo/signature/java17/1.0/java17-1.0.signature (649 KB at 6680.4 KB/sec)
[INFO] 
[INFO] --- maven-source-plugin:2.4:jar-no-fork (attach-sources) @ xml ---
[INFO]                                                                         
[INFO] ------------------------------------------------------------------------
[INFO] Building XML :: Squid 1.4-SNAPSHOT
[INFO] ------------------------------------------------------------------------
[INFO] 
[INFO] --- buildnumber-maven-plugin:1.3:create (default) @ xml-squid ---
[INFO] 
[INFO] --- maven-enforcer-plugin:1.3.1:enforce (enforce) @ xml-squid ---
[INFO] 
[INFO] --- maven-license-plugin:1.10.b1:check (enforce-license-headers) @ xml-squid ---
[INFO] Checking licenses...
[INFO] 
[INFO] --- maven-resources-plugin:2.7:resources (default-resources) @ xml-squid ---
[INFO] Using 'UTF-8' encoding to copy filtered resources.
[INFO] skip non existing resourceDirectory /home/travis/build/SonarCommunity/sonar-xml/xml-squid/src/main/resources
[INFO] 
[INFO] --- maven-compiler-plugin:3.2:compile (default-compile) @ xml-squid ---
[INFO] Changes detected - recompiling the module!
[INFO] Compiling 8 source files to /home/travis/build/SonarCommunity/sonar-xml/xml-squid/target/classes
[INFO] /home/travis/build/SonarCommunity/sonar-xml/xml-squid/src/main/java/org/sonar/xml/CDataDocTokenizer.java: Some input files use or override a deprecated API.
[INFO] /home/travis/build/SonarCommunity/sonar-xml/xml-squid/src/main/java/org/sonar/xml/CDataDocTokenizer.java: Recompile with -Xlint:deprecation for details.
[INFO] /home/travis/build/SonarCommunity/sonar-xml/xml-squid/src/main/java/org/sonar/xml/DoctypeTokenizer.java: /home/travis/build/SonarCommunity/sonar-xml/xml-squid/src/main/java/org/sonar/xml/DoctypeTokenizer.java uses unchecked or unsafe operations.
[INFO] /home/travis/build/SonarCommunity/sonar-xml/xml-squid/src/main/java/org/sonar/xml/DoctypeTokenizer.java: Recompile with -Xlint:unchecked for details.
[INFO] 
[INFO] --- maven-resources-plugin:2.7:testResources (default-testResources) @ xml-squid ---
[INFO] Using 'UTF-8' encoding to copy filtered resources.
[INFO] skip non existing resourceDirectory /home/travis/build/SonarCommunity/sonar-xml/xml-squid/src/test/resources
[INFO] 
[INFO] --- maven-compiler-plugin:3.2:testCompile (default-testCompile) @ xml-squid ---
[INFO] Changes detected - recompiling the module!
[INFO] Compiling 77 source files to /home/travis/build/SonarCommunity/sonar-xml/xml-squid/target/test-classes
[INFO] /home/travis/build/SonarCommunity/sonar-xml/xml-squid/src/test/java/org/sonar/xml/DoctypeTokenizerTest.java: /home/travis/build/SonarCommunity/sonar-xml/xml-squid/src/test/java/org/sonar/xml/DoctypeTokenizerTest.java uses or overrides a deprecated API.
[INFO] /home/travis/build/SonarCommunity/sonar-xml/xml-squid/src/test/java/org/sonar/xml/DoctypeTokenizerTest.java: Recompile with -Xlint:deprecation for details.
[INFO] 
[INFO] --- maven-surefire-plugin:2.18:test (default-test) @ xml-squid ---
[INFO] Surefire report directory: /home/travis/build/SonarCommunity/sonar-xml/xml-squid/target/surefire-reports

-------------------------------------------------------
 T E S T S
-------------------------------------------------------
Running org.sonar.xml.parser.EntityRefTest
Tests run: 1, Failures: 0, Errors: 0, Skipped: 0, Time elapsed: 0.043 sec - in org.sonar.xml.parser.EntityRefTest
Running org.sonar.xml.parser.PrologTest
Tests run: 1, Failures: 0, Errors: 0, Skipped: 0, Time elapsed: 0.027 sec - in org.sonar.xml.parser.PrologTest
Running org.sonar.xml.parser.EnumeratedTypeTest
Tests run: 1, Failures: 0, Errors: 0, Skipped: 0, Time elapsed: 0 sec - in org.sonar.xml.parser.EnumeratedTypeTest
Running org.sonar.xml.parser.MixedTest
Tests run: 1, Failures: 0, Errors: 0, Skipped: 0, Time elapsed: 0 sec - in org.sonar.xml.parser.MixedTest
Running org.sonar.xml.parser.EncodingDeclTest
Tests run: 1, Failures: 0, Errors: 0, Skipped: 0, Time elapsed: 0.001 sec - in org.sonar.xml.parser.EncodingDeclTest
Running org.sonar.xml.parser.CharTest
Tests run: 1, Failures: 0, Errors: 0, Skipped: 0, Time elapsed: 0.012 sec - in org.sonar.xml.parser.CharTest
Running org.sonar.xml.parser.SeqTest
Tests run: 1, Failures: 0, Errors: 0, Skipped: 0, Time elapsed: 0.013 sec - in org.sonar.xml.parser.SeqTest
Running org.sonar.xml.parser.CDSectTest
Tests run: 1, Failures: 0, Errors: 0, Skipped: 0, Time elapsed: 0 sec - in org.sonar.xml.parser.CDSectTest
Running org.sonar.xml.parser.EncNameTest
Tests run: 1, Failures: 0, Errors: 0, Skipped: 0, Time elapsed: 0.001 sec - in org.sonar.xml.parser.EncNameTest
Running org.sonar.xml.parser.ETagTest
Tests run: 1, Failures: 0, Errors: 0, Skipped: 0, Time elapsed: 0.001 sec - in org.sonar.xml.parser.ETagTest
Running org.sonar.xml.parser.ExtSubsetTest
Tests run: 1, Failures: 0, Errors: 0, Skipped: 0, Time elapsed: 0.025 sec - in org.sonar.xml.parser.ExtSubsetTest
Running org.sonar.xml.parser.ContentSpecTest
Tests run: 1, Failures: 0, Errors: 0, Skipped: 0, Time elapsed: 0 sec - in org.sonar.xml.parser.ContentSpecTest
Running org.sonar.xml.parser.STagTest
Tests run: 1, Failures: 0, Errors: 0, Skipped: 0, Time elapsed: 0 sec - in org.sonar.xml.parser.STagTest
Running org.sonar.xml.parser.SystemLiteralTest
Tests run: 1, Failures: 0, Errors: 0, Skipped: 0, Time elapsed: 0 sec - in org.sonar.xml.parser.SystemLiteralTest
Running org.sonar.xml.parser.TokenizedTypeTest
Tests run: 1, Failures: 0, Errors: 0, Skipped: 0, Time elapsed: 0.021 sec - in org.sonar.xml.parser.TokenizedTypeTest
Running org.sonar.xml.parser.TextDeclTest
Tests run: 1, Failures: 0, Errors: 0, Skipped: 0, Time elapsed: 0.008 sec - in org.sonar.xml.parser.TextDeclTest
Running org.sonar.xml.parser.NdataDeclTest
Tests run: 1, Failures: 0, Errors: 0, Skipped: 0, Time elapsed: 0.004 sec - in org.sonar.xml.parser.NdataDeclTest
Running org.sonar.xml.parser.AttributeTest
Tests run: 1, Failures: 0, Errors: 0, Skipped: 0, Time elapsed: 0.005 sec - in org.sonar.xml.parser.AttributeTest
Running org.sonar.xml.parser.EnumerationTest
Tests run: 1, Failures: 0, Errors: 0, Skipped: 0, Time elapsed: 0.017 sec - in org.sonar.xml.parser.EnumerationTest
Running org.sonar.xml.parser.ReferenceTest
Tests run: 1, Failures: 0, Errors: 0, Skipped: 0, Time elapsed: 0.023 sec - in org.sonar.xml.parser.ReferenceTest
Running org.sonar.xml.parser.XmlDeclTest
Tests run: 1, Failures: 0, Errors: 0, Skipped: 0, Time elapsed: 0.018 sec - in org.sonar.xml.parser.XmlDeclTest
Running org.sonar.xml.parser.SdDeclTest
Tests run: 1, Failures: 0, Errors: 0, Skipped: 0, Time elapsed: 0.004 sec - in org.sonar.xml.parser.SdDeclTest
Running org.sonar.xml.parser.NotationDeclTest
Tests run: 1, Failures: 0, Errors: 0, Skipped: 0, Time elapsed: 0.011 sec - in org.sonar.xml.parser.NotationDeclTest
Running org.sonar.xml.parser.PublicIdTest
Tests run: 1, Failures: 0, Errors: 0, Skipped: 0, Time elapsed: 0.003 sec - in org.sonar.xml.parser.PublicIdTest
Running org.sonar.xml.parser.STest
Tests run: 1, Failures: 0, Errors: 0, Skipped: 0, Time elapsed: 0.004 sec - in org.sonar.xml.parser.STest
Running org.sonar.xml.parser.ExternalIdTest
Tests run: 1, Failures: 0, Errors: 0, Skipped: 0, Time elapsed: 0.004 sec - in org.sonar.xml.parser.ExternalIdTest
Running org.sonar.xml.parser.PEReferenceTest
Tests run: 1, Failures: 0, Errors: 0, Skipped: 0, Time elapsed: 0.003 sec - in org.sonar.xml.parser.PEReferenceTest
Running org.sonar.xml.parser.NotationTypeTest
Tests run: 1, Failures: 0, Errors: 0, Skipped: 0, Time elapsed: 0.004 sec - in org.sonar.xml.parser.NotationTypeTest
Running org.sonar.xml.parser.EntityDeclTest
Tests run: 1, Failures: 0, Errors: 0, Skipped: 0, Time elapsed: 0.017 sec - in org.sonar.xml.parser.EntityDeclTest
Running org.sonar.xml.parser.AttValueTest
Tests run: 1, Failures: 0, Errors: 0, Skipped: 0, Time elapsed: 0.005 sec - in org.sonar.xml.parser.AttValueTest
Running org.sonar.xml.DoctypeTokenizerTest
Tests run: 6, Failures: 0, Errors: 0, Skipped: 0, Time elapsed: 0.063 sec - in org.sonar.xml.DoctypeTokenizerTest
Running org.sonar.xml.parser.CommentTest
Tests run: 1, Failures: 0, Errors: 0, Skipped: 0, Time elapsed: 0.003 sec - in org.sonar.xml.parser.CommentTest
Running org.sonar.xml.parser.DeclSepTest
Tests run: 1, Failures: 0, Errors: 0, Skipped: 0, Time elapsed: 0.003 sec - in org.sonar.xml.parser.DeclSepTest
Running org.sonar.xml.parser.MarkupDeclTest
Tests run: 1, Failures: 0, Errors: 0, Skipped: 0, Time elapsed: 0.008 sec - in org.sonar.xml.parser.MarkupDeclTest
Running org.sonar.xml.parser.CDataTest
Tests run: 1, Failures: 0, Errors: 0, Skipped: 0, Time elapsed: 0.003 sec - in org.sonar.xml.parser.CDataTest
Running org.sonar.xml.parser.NmTokenTest
Tests run: 1, Failures: 0, Errors: 0, Skipped: 0, Time elapsed: 0.003 sec - in org.sonar.xml.parser.NmTokenTest
Running org.sonar.xml.parser.AttListDeclTest
Tests run: 1, Failures: 0, Errors: 0, Skipped: 0, Time elapsed: 0.014 sec - in org.sonar.xml.parser.AttListDeclTest
Running org.sonar.xml.parser.IncludeSectTest
Tests run: 1, Failures: 0, Errors: 0, Skipped: 0, Time elapsed: 0.016 sec - in org.sonar.xml.parser.IncludeSectTest
Running org.sonar.xml.parser.PITargetTest
Tests run: 1, Failures: 0, Errors: 0, Skipped: 0, Time elapsed: 0.005 sec - in org.sonar.xml.parser.PITargetTest
Running org.sonar.xml.parser.MiscTest
Tests run: 1, Failures: 0, Errors: 0, Skipped: 0, Time elapsed: 0.003 sec - in org.sonar.xml.parser.MiscTest
Running org.sonar.xml.parser.CDStartTest
Tests run: 1, Failures: 0, Errors: 0, Skipped: 0, Time elapsed: 0.003 sec - in org.sonar.xml.parser.CDStartTest
Running org.sonar.xml.parser.YesTest
Tests run: 1, Failures: 0, Errors: 0, Skipped: 0, Time elapsed: 0.003 sec - in org.sonar.xml.parser.YesTest
Running org.sonar.xml.parser.PeDefTest
Tests run: 1, Failures: 0, Errors: 0, Skipped: 0, Time elapsed: 0.003 sec - in org.sonar.xml.parser.PeDefTest
Running org.sonar.xml.parser.GeDeclTest
Tests run: 1, Failures: 0, Errors: 0, Skipped: 0, Time elapsed: 0.003 sec - in org.sonar.xml.parser.GeDeclTest
Running org.sonar.xml.parser.EqTest
Tests run: 1, Failures: 0, Errors: 0, Skipped: 0, Time elapsed: 0.003 sec - in org.sonar.xml.parser.EqTest
Running org.sonar.xml.parser.DocumentTest
Tests run: 1, Failures: 0, Errors: 0, Skipped: 0, Time elapsed: 0.009 sec - in org.sonar.xml.parser.DocumentTest
Running org.sonar.xml.parser.ElementTest
Tests run: 1, Failures: 0, Errors: 0, Skipped: 0, Time elapsed: 0.009 sec - in org.sonar.xml.parser.ElementTest
Running org.sonar.xml.parser.CharRefTest
Tests run: 1, Failures: 0, Errors: 0, Skipped: 0, Time elapsed: 0.002 sec - in org.sonar.xml.parser.CharRefTest
Running org.sonar.xml.parser.EmptyElemTagTest
Tests run: 1, Failures: 0, Errors: 0, Skipped: 0, Time elapsed: 0.004 sec - in org.sonar.xml.parser.EmptyElemTagTest
Running org.sonar.xml.parser.DefaultDeclTest
Tests run: 1, Failures: 0, Errors: 0, Skipped: 0, Time elapsed: 0.003 sec - in org.sonar.xml.parser.DefaultDeclTest
Running org.sonar.xml.parser.CharDataTest
Tests run: 1, Failures: 0, Errors: 0, Skipped: 0, Time elapsed: 0.003 sec - in org.sonar.xml.parser.CharDataTest
Running org.sonar.xml.parser.ChildrenTest
Tests run: 1, Failures: 0, Errors: 0, Skipped: 0, Time elapsed: 0.004 sec - in org.sonar.xml.parser.ChildrenTest
Running org.sonar.xml.parser.AttTypeTest
Tests run: 1, Failures: 0, Errors: 0, Skipped: 0, Time elapsed: 0.003 sec - in org.sonar.xml.parser.AttTypeTest
Running org.sonar.xml.parser.ConditionalSectTest
Tests run: 1, Failures: 0, Errors: 0, Skipped: 0, Time elapsed: 0.003 sec - in org.sonar.xml.parser.ConditionalSectTest
Running org.sonar.xml.parser.PeDeclTest
Tests run: 1, Failures: 0, Errors: 0, Skipped: 0, Time elapsed: 0.003 sec - in org.sonar.xml.parser.PeDeclTest
Running org.sonar.xml.parser.VersionInfoTest
Tests run: 1, Failures: 0, Errors: 0, Skipped: 0, Time elapsed: 0.003 sec - in org.sonar.xml.parser.VersionInfoTest
Running org.sonar.xml.parser.PITest
Tests run: 1, Failures: 0, Errors: 0, Skipped: 0, Time elapsed: 0.003 sec - in org.sonar.xml.parser.PITest
Running org.sonar.xml.parser.StringTypeTest
Tests run: 1, Failures: 0, Errors: 0, Skipped: 0, Time elapsed: 0.003 sec - in org.sonar.xml.parser.StringTypeTest
Running org.sonar.xml.parser.IgnoreSectContentsTest
Tests run: 1, Failures: 0, Errors: 0, Skipped: 0, Time elapsed: 0.005 sec - in org.sonar.xml.parser.IgnoreSectContentsTest
Running org.sonar.xml.XmlParserConfigurationTest
Tests run: 1, Failures: 0, Errors: 0, Skipped: 0, Time elapsed: 0.007 sec - in org.sonar.xml.XmlParserConfigurationTest
Running org.sonar.xml.parser.VersionNumTest
Tests run: 1, Failures: 0, Errors: 0, Skipped: 0, Time elapsed: 0.002 sec - in org.sonar.xml.parser.VersionNumTest
Running org.sonar.xml.parser.EntityDefTest
Tests run: 1, Failures: 0, Errors: 0, Skipped: 0, Time elapsed: 0.005 sec - in org.sonar.xml.parser.EntityDefTest
Running org.sonar.xml.parser.IgnoreTest
Tests run: 1, Failures: 0, Errors: 0, Skipped: 0, Time elapsed: 0.002 sec - in org.sonar.xml.parser.IgnoreTest
Running org.sonar.xml.parser.EntityValueTest
Tests run: 1, Failures: 0, Errors: 0, Skipped: 0, Time elapsed: 0.003 sec - in org.sonar.xml.parser.EntityValueTest
Running org.sonar.xml.parser.ContentTest
Tests run: 1, Failures: 0, Errors: 0, Skipped: 0, Time elapsed: 0.005 sec - in org.sonar.xml.parser.ContentTest
Running org.sonar.xml.parser.PubidLiteralTest
Tests run: 1, Failures: 0, Errors: 0, Skipped: 0, Time elapsed: 0.003 sec - in org.sonar.xml.parser.PubidLiteralTest
Running org.sonar.xml.parser.NameTest
Tests run: 1, Failures: 0, Errors: 0, Skipped: 0, Time elapsed: 0.002 sec - in org.sonar.xml.parser.NameTest
Running org.sonar.xml.parser.CDEndTest
Tests run: 1, Failures: 0, Errors: 0, Skipped: 0, Time elapsed: 0.002 sec - in org.sonar.xml.parser.CDEndTest
Running org.sonar.xml.parser.AttDefTest
Tests run: 1, Failures: 0, Errors: 0, Skipped: 0, Time elapsed: 0.003 sec - in org.sonar.xml.parser.AttDefTest
Running org.sonar.xml.parser.IgnoreSectTest
Tests run: 1, Failures: 0, Errors: 0, Skipped: 0, Time elapsed: 0.011 sec - in org.sonar.xml.parser.IgnoreSectTest
Running org.sonar.xml.parser.ChoiceTest
Tests run: 1, Failures: 0, Errors: 0, Skipped: 0, Time elapsed: 0.003 sec - in org.sonar.xml.parser.ChoiceTest
Running org.sonar.xml.parser.ExtSubsetDeclTest
Tests run: 1, Failures: 0, Errors: 0, Skipped: 0, Time elapsed: 0.004 sec - in org.sonar.xml.parser.ExtSubsetDeclTest
Running org.sonar.xml.parser.IntSubsetTest
Tests run: 1, Failures: 0, Errors: 0, Skipped: 0, Time elapsed: 0.004 sec - in org.sonar.xml.parser.IntSubsetTest
Running org.sonar.xml.parser.CpTest
Tests run: 1, Failures: 0, Errors: 0, Skipped: 0, Time elapsed: 0.004 sec - in org.sonar.xml.parser.CpTest
Running org.sonar.xml.parser.NoTest
Tests run: 1, Failures: 0, Errors: 0, Skipped: 0, Time elapsed: 0.002 sec - in org.sonar.xml.parser.NoTest
Running org.sonar.xml.parser.ElementDeclTest
Tests run: 1, Failures: 0, Errors: 0, Skipped: 0, Time elapsed: 0.004 sec - in org.sonar.xml.parser.ElementDeclTest
Running org.sonar.xml.parser.DocTypeDeclTest
Tests run: 1, Failures: 0, Errors: 0, Skipped: 0, Time elapsed: 0.006 sec - in org.sonar.xml.parser.DocTypeDeclTest

Results :




Tests run: 82, Failures: 0, Errors: 0, Skipped: 0

[INFO] 
[INFO] --- maven-jar-plugin:2.5:jar (default-jar) @ xml-squid ---
[INFO] Building jar: /home/travis/build/SonarCommunity/sonar-xml/xml-squid/target/xml-squid-1.4-SNAPSHOT.jar
[INFO] 
[INFO] --- animal-sniffer-maven-plugin:1.13:check (enforce-java-api-compatibility) @ xml-squid ---
[INFO] Checking unresolved references to org.codehaus.mojo.signature:java17:1.0
[INFO] 
[INFO] --- maven-source-plugin:2.4:jar-no-fork (attach-sources) @ xml-squid ---
[INFO] Building jar: /home/travis/build/SonarCommunity/sonar-xml/xml-squid/target/xml-squid-1.4-SNAPSHOT-sources.jar
[INFO]                                                                         
[INFO] ------------------------------------------------------------------------
[INFO] Building XML :: SonarQube Plugin 1.4-SNAPSHOT
[INFO] ------------------------------------------------------------------------
[INFO] 
[INFO] --- buildnumber-maven-plugin:1.3:create (default) @ sonar-xml-plugin ---
[INFO] 
[INFO] --- maven-enforcer-plugin:1.3.1:enforce (enforce) @ sonar-xml-plugin ---
[INFO] 
[INFO] --- maven-license-plugin:1.10.b1:check (enforce-license-headers) @ sonar-xml-plugin ---
[INFO] Checking licenses...
[INFO] 
[INFO] --- sonar-packaging-maven-plugin:1.12.1:check-dependencies (default-check-dependencies) @ sonar-xml-plugin ---
[INFO] 
[INFO] --- maven-resources-plugin:2.7:resources (default-resources) @ sonar-xml-plugin ---
[INFO] Using 'UTF-8' encoding to copy filtered resources.
[INFO] Copying 34 resources
[INFO] 
[INFO] --- maven-compiler-plugin:3.2:compile (default-compile) @ sonar-xml-plugin ---
[INFO] Changes detected - recompiling the module!
[INFO] Compiling 32 source files to /home/travis/build/SonarCommunity/sonar-xml/sonar-xml-plugin/target/classes
[INFO] /home/travis/build/SonarCommunity/sonar-xml/sonar-xml-plugin/src/main/java/org/sonar/plugins/xml/parsers/AbstractParser.java: Some input files use or override a deprecated API.
[INFO] /home/travis/build/SonarCommunity/sonar-xml/sonar-xml-plugin/src/main/java/org/sonar/plugins/xml/parsers/AbstractParser.java: Recompile with -Xlint:deprecation for details.
[INFO] /home/travis/build/SonarCommunity/sonar-xml/sonar-xml-plugin/src/main/java/org/sonar/plugins/xml/checks/XmlSchemaCheck.java: /home/travis/build/SonarCommunity/sonar-xml/sonar-xml-plugin/src/main/java/org/sonar/plugins/xml/checks/XmlSchemaCheck.java uses unchecked or unsafe operations.
[INFO] /home/travis/build/SonarCommunity/sonar-xml/sonar-xml-plugin/src/main/java/org/sonar/plugins/xml/checks/XmlSchemaCheck.java: Recompile with -Xlint:unchecked for details.
[INFO] 
[INFO] --- maven-resources-plugin:2.7:testResources (default-testResources) @ sonar-xml-plugin ---
[INFO] Using 'UTF-8' encoding to copy filtered resources.
[INFO] Copying 15 resources
[INFO] 
[INFO] --- maven-compiler-plugin:3.2:testCompile (default-testCompile) @ sonar-xml-plugin ---
[INFO] Changes detected - recompiling the module!
[INFO] Compiling 20 source files to /home/travis/build/SonarCommunity/sonar-xml/sonar-xml-plugin/target/test-classes
[INFO] /home/travis/build/SonarCommunity/sonar-xml/sonar-xml-plugin/src/test/java/org/sonar/plugins/xml/checks/XmlSchemaCheckTest.java: Some input files use or override a deprecated API.
[INFO] /home/travis/build/SonarCommunity/sonar-xml/sonar-xml-plugin/src/test/java/org/sonar/plugins/xml/checks/XmlSchemaCheckTest.java: Recompile with -Xlint:deprecation for details.
[INFO] /home/travis/build/SonarCommunity/sonar-xml/sonar-xml-plugin/src/test/java/org/sonar/plugins/xml/XmlSensorTest.java: Some input files use unchecked or unsafe operations.
[INFO] /home/travis/build/SonarCommunity/sonar-xml/sonar-xml-plugin/src/test/java/org/sonar/plugins/xml/XmlSensorTest.java: Recompile with -Xlint:unchecked for details.
[INFO] -------------------------------------------------------------
[ERROR] COMPILATION ERROR : 
[INFO] -------------------------------------------------------------
[ERROR] /home/travis/build/SonarCommunity/sonar-xml/sonar-xml-plugin/src/test/java/org/sonar/plugins/xml/highlighting/XmlHighlightingTest.java:[27,8] class XMLHighlightingTest is public, should be declared in a file named XMLHighlightingTest.java
[INFO] 1 error
[INFO] -------------------------------------------------------------
[INFO] ------------------------------------------------------------------------
[INFO] Reactor Summary:
[INFO] 
[INFO] XML ................................................ SUCCESS [  4.215 s]
[INFO] XML :: Squid ....................................... SUCCESS [  6.002 s]
[INFO] XML :: SonarQube Plugin ............................ FAILURE [  2.115 s]
[INFO] XML :: SSLR Toolkit ................................ SKIPPED
[INFO] ------------------------------------------------------------------------
[INFO] BUILD FAILURE
[INFO] ------------------------------------------------------------------------
[INFO] Total time: 13.845 s
[INFO] Finished at: 2015-11-09T16:37:36+00:00
[INFO] Final Memory: 38M/432M
[INFO] ------------------------------------------------------------------------
[ERROR] Failed to execute goal org.apache.maven.plugins:maven-compiler-plugin:3.2:testCompile (default-testCompile) on project sonar-xml-plugin: Compilation failure
[ERROR] /home/travis/build/SonarCommunity/sonar-xml/sonar-xml-plugin/src/test/java/org/sonar/plugins/xml/highlighting/XmlHighlightingTest.java:[27,8] class XMLHighlightingTest is public, should be declared in a file named XMLHighlightingTest.java
[ERROR] -> [Help 1]
org.apache.maven.lifecycle.LifecycleExecutionException: Failed to execute goal org.apache.maven.plugins:maven-compiler-plugin:3.2:testCompile (default-testCompile) on project sonar-xml-plugin: Compilation failure
/home/travis/build/SonarCommunity/sonar-xml/sonar-xml-plugin/src/test/java/org/sonar/plugins/xml/highlighting/XmlHighlightingTest.java:[27,8] class XMLHighlightingTest is public, should be declared in a file named XMLHighlightingTest.java

	at org.apache.maven.lifecycle.internal.MojoExecutor.execute(MojoExecutor.java:212)
	at org.apache.maven.lifecycle.internal.MojoExecutor.execute(MojoExecutor.java:153)
	at org.apache.maven.lifecycle.internal.MojoExecutor.execute(MojoExecutor.java:145)
	at org.apache.maven.lifecycle.internal.LifecycleModuleBuilder.buildProject(LifecycleModuleBuilder.java:116)
	at org.apache.maven.lifecycle.internal.LifecycleModuleBuilder.buildProject(LifecycleModuleBuilder.java:80)
	at org.apache.maven.lifecycle.internal.builder.singlethreaded.SingleThreadedBuilder.build(SingleThreadedBuilder.java:51)
	at org.apache.maven.lifecycle.internal.LifecycleStarter.execute(LifecycleStarter.java:120)
	at org.apache.maven.DefaultMaven.doExecute(DefaultMaven.java:355)
	at org.apache.maven.DefaultMaven.execute(DefaultMaven.java:155)
	at org.apache.maven.cli.MavenCli.execute(MavenCli.java:584)
	at org.apache.maven.cli.MavenCli.doMain(MavenCli.java:216)
	at org.apache.maven.cli.MavenCli.main(MavenCli.java:160)
	at sun.reflect.NativeMethodAccessorImpl.invoke0(Native Method)
	at sun.reflect.NativeMethodAccessorImpl.invoke(NativeMethodAccessorImpl.java:57)
	at sun.reflect.DelegatingMethodAccessorImpl.invoke(DelegatingMethodAccessorImpl.java:43)
	at java.lang.reflect.Method.invoke(Method.java:606)
	at org.codehaus.plexus.classworlds.launcher.Launcher.launchEnhanced(Launcher.java:289)
	at org.codehaus.plexus.classworlds.launcher.Launcher.launch(Launcher.java:229)
	at org.codehaus.plexus.classworlds.launcher.Launcher.mainWithExitCode(Launcher.java:415)
	at org.codehaus.plexus.classworlds.launcher.Launcher.main(Launcher.java:356)
Caused by: org.apache.maven.plugin.compiler.CompilationFailureException: Compilation failure
/home/travis/build/SonarCommunity/sonar-xml/sonar-xml-plugin/src/test/java/org/sonar/plugins/xml/highlighting/XmlHighlightingTest.java:[27,8] class XMLHighlightingTest is public, should be declared in a file named XMLHighlightingTest.java

	at org.apache.maven.plugin.compiler.AbstractCompilerMojo.execute(AbstractCompilerMojo.java:909)
	at org.apache.maven.plugin.compiler.TestCompilerMojo.execute(TestCompilerMojo.java:153)
	at org.apache.maven.plugin.DefaultBuildPluginManager.executeMojo(DefaultBuildPluginManager.java:132)
	at org.apache.maven.lifecycle.internal.MojoExecutor.execute(MojoExecutor.java:208)
	... 19 more
[ERROR] 
[ERROR] Re-run Maven using the -X switch to enable full debug logging.
[ERROR] 
[ERROR] For more information about the errors and possible solutions, please read the following articles:
[ERROR] [Help 1] http://cwiki.apache.org/confluence/display/MAVEN/MojoFailureException
[ERROR] 
[ERROR] After correcting the problems, you can resume the build with the command
[ERROR]   mvn <goals> -rf :sonar-xml-plugin
travis_time:end:00ed2553:start=1447087040959437594,finish=1447087057644142974,duration=16684705380[0K
[31;1mThe command "./travis.sh" exited with 1.[0m
travis_fold:start:cache.2[0Kstore build cache
travis_time:start:0543e5cb[0Kchange detected:
/home/travis/.m2/repository/org/codehaus/mojo/animal-sniffer/1.13/animal-sniffer-1.13.jar
/home/travis/.m2/repository/org/codehaus/mojo/animal-sniffer/1.13/animal-sniffer-1.13.jar.sha1
/home/travis/.m2/repository/org/codehaus/mojo/animal-sniffer/1.13/animal-sniffer-1.13.pom
/home/travis/.m2/repository/org/codehaus/mojo/animal-sniffer/1.13/animal-sniffer-1.13.pom.sha1
/home/travis/.m2/repository/org/codehaus/mojo/animal-sniffer/1.13/_remote.repositories
/home/travis/.m2/repository/org/codehaus/mojo/animal-sniffer-maven-plugin/1.13/animal-sniffer-maven-plugin-1.13.jar
/home/travis/.m2/repository/org/codehaus/mojo/animal-sniffer-maven-plugin/1.13/animal-sniffer-maven-plugin-1.13.jar.sha1
/home/travis/.m2/repository/org/codehaus/mojo/animal-sniffer-maven-plugin/1.13/animal-sniffer-maven-plugin-1.13.pom
/home/travis/.m2/repository/org/codehaus/mojo/animal-sniffer-maven-plugin/1.13/animal-sniffer-maven-plugin-1.13.pom.sha1
/home/travis/.m2/repository/org/codehaus/mojo/animal-sniffer-maven-plu
...
changes detected, packing new archive
.
.
.
.
uploading archive
travis_time:end:0543e5cb:start=1447087057650252743,finish=1447087106822193666,duration=49171940923[0Ktravis_fold:end:cache.2[0K
Done. Your build exited with 1.
