Using worker: worker-linux-docker-e69f9e1f.prod.travis-ci.org:travis-linux-8

travis_fold:start:system_info[0K[33;1mBuild system information[0m
Build language: java
Build group: stable
Build dist: precise
[34m[1mBuild image provisioning date and time[0m
Thu Feb  5 15:09:33 UTC 2015
[34m[1mOperating System Details[0m
Distributor ID:	Ubuntu
Description:	Ubuntu 12.04.5 LTS
Release:	12.04
Codename:	precise
[34m[1mLinux Version[0m
3.13.0-29-generic
[34m[1mCookbooks Version[0m
a68419e https://github.com/travis-ci/travis-cookbooks/tree/a68419e
[34m[1mGCC version[0m
gcc (Ubuntu/Linaro 4.6.3-1ubuntu5) 4.6.3
Copyright (C) 2011 Free Software Foundation, Inc.
This is free software; see the source for copying conditions.  There is NO
warranty; not even for MERCHANTABILITY or FITNESS FOR A PARTICULAR PURPOSE.

[34m[1mLLVM version[0m
clang version 3.4 (tags/RELEASE_34/final)
Target: x86_64-unknown-linux-gnu
Thread model: posix
[34m[1mPre-installed Ruby versions[0m
ruby-1.9.3-p551
[34m[1mPre-installed Node.js versions[0m
v0.10.36
[34m[1mPre-installed Go versions[0m
1.4.1
[34m[1mRedis version[0m
redis-server 2.8.19
[34m[1mriak version[0m
2.0.2
[34m[1mMongoDB version[0m
MongoDB 2.4.12
[34m[1mCouchDB version[0m
couchdb 1.6.1
[34m[1mNeo4j version[0m
1.9.4
[34m[1mRabbitMQ Version[0m
3.4.3
[34m[1mElasticSearch version[0m
1.4.0
[34m[1mInstalled Sphinx versions[0m
2.0.10
2.1.9
2.2.6
[34m[1mDefault Sphinx version[0m
2.2.6
[34m[1mInstalled Firefox version[0m
firefox 31.0esr
[34m[1mPhantomJS version[0m
1.9.8
[34m[1mant -version[0m
Apache Ant(TM) version 1.8.2 compiled on December 3 2011
[34m[1mmvn -version[0m
Apache Maven 3.2.5 (12a6b3acb947671f09b81f49094c53f426d8cea1; 2014-12-14T17:29:23+00:00)
Maven home: /usr/local/maven
Java version: 1.7.0_76, vendor: Oracle Corporation
Java home: /usr/lib/jvm/java-7-oracle/jre
Default locale: en_US, platform encoding: ANSI_X3.4-1968
OS name: "linux", version: "3.13.0-29-generic", arch: "amd64", family: "unix"
travis_fold:end:system_info[0K
travis_fold:start:fix.CVE-2015-7547[0K$ export DEBIAN_FRONTEND=noninteractive
W: Size of file /var/lib/apt/lists/us.archive.ubuntu.com_ubuntu_dists_precise-backports_multiverse_source_Sources.gz is not what the server reported 5886 5888
W: Size of file /var/lib/apt/lists/ppa.launchpad.net_ubuntugis_ppa_ubuntu_dists_precise_main_binary-amd64_Packages.gz is not what the server reported 36669 36677
W: Size of file /var/lib/apt/lists/ppa.launchpad.net_ubuntugis_ppa_ubuntu_dists_precise_main_binary-i386_Packages.gz is not what the server reported 36729 36733
Reading package lists...
Building dependency tree...
Reading state information...
The following extra packages will be installed:
  libc-bin libc-dev-bin libc6-dev
Suggested packages:
  glibc-doc
The following packages will be upgraded:
  libc-bin libc-dev-bin libc6 libc6-dev
4 upgraded, 0 newly installed, 0 to remove and 236 not upgraded.
Need to get 8,844 kB of archives.
After this operation, 9,216 B disk space will be freed.
Get:1 http://us.archive.ubuntu.com/ubuntu/ precise-updates/main libc6-dev amd64 2.15-0ubuntu10.13 [2,943 kB]
Get:2 http://us.archive.ubuntu.com/ubuntu/ precise-updates/main libc-dev-bin amd64 2.15-0ubuntu10.13 [84.7 kB]
Get:3 http://us.archive.ubuntu.com/ubuntu/ precise-updates/main libc-bin amd64 2.15-0ubuntu10.13 [1,179 kB]
Get:4 http://us.archive.ubuntu.com/ubuntu/ precise-updates/main libc6 amd64 2.15-0ubuntu10.13 [4,637 kB]
Fetched 8,844 kB in 0s (18.6 MB/s)
Preconfiguring packages ...
(Reading database ... (Reading database ... 5%(Reading database ... 10%(Reading database ... 15%(Reading database ... 20%(Reading database ... 25%(Reading database ... 30%(Reading database ... 35%(Reading database ... 40%(Reading database ... 45%(Reading database ... 50%(Reading database ... 55%(Reading database ... 60%(Reading database ... 65%(Reading database ... 70%(Reading database ... 75%(Reading database ... 80%(Reading database ... 85%(Reading database ... 90%(Reading database ... 95%(Reading database ... 100%(Reading database ... 72019 files and directories currently installed.)
Preparing to replace libc6-dev 2.15-0ubuntu10.10 (using .../libc6-dev_2.15-0ubuntu10.13_amd64.deb) ...
Unpacking replacement libc6-dev ...
Preparing to replace libc-dev-bin 2.15-0ubuntu10.10 (using .../libc-dev-bin_2.15-0ubuntu10.13_amd64.deb) ...
Unpacking replacement libc-dev-bin ...
Preparing to replace libc-bin 2.15-0ubuntu10.10 (using .../libc-bin_2.15-0ubuntu10.13_amd64.deb) ...
Unpacking replacement libc-bin ...
Processing triggers for man-db ...
Setting up libc-bin (2.15-0ubuntu10.13) ...
(Reading database ... (Reading database ... 5%(Reading database ... 10%(Reading database ... 15%(Reading database ... 20%(Reading database ... 25%(Reading database ... 30%(Reading database ... 35%(Reading database ... 40%(Reading database ... 45%(Reading database ... 50%(Reading database ... 55%(Reading database ... 60%(Reading database ... 65%(Reading database ... 70%(Reading database ... 75%(Reading database ... 80%(Reading database ... 85%(Reading database ... 90%(Reading database ... 95%(Reading database ... 100%(Reading database ... 72019 files and directories currently installed.)
Preparing to replace libc6 2.15-0ubuntu10.10 (using .../libc6_2.15-0ubuntu10.13_amd64.deb) ...
Unpacking replacement libc6 ...
Setting up libc6 (2.15-0ubuntu10.13) ...
Setting up libc-dev-bin (2.15-0ubuntu10.13) ...
Setting up libc6-dev (2.15-0ubuntu10.13) ...
Processing triggers for libc-bin ...
ldconfig deferred processing now taking place
travis_fold:end:fix.CVE-2015-7547[0Ktravis_fold:start:git.checkout[0Ktravis_time:start:08dff627[0K$ git clone --depth=50 --branch=tstz_getstring https://github.com/pgjdbc/pgjdbc.git pgjdbc/pgjdbc
Cloning into 'pgjdbc/pgjdbc'...
remote: Counting objects: 1696, done.[K
remote: Compressing objects:   0% (1/851)   [Kremote: Compressing objects:   1% (9/851)   [Kremote: Compressing objects:   2% (18/851)   [Kremote: Compressing objects:   3% (26/851)   [Kremote: Compressing objects:   4% (35/851)   [Kremote: Compressing objects:   5% (43/851)   [Kremote: Compressing objects:   6% (52/851)   [Kremote: Compressing objects:   7% (60/851)   [Kremote: Compressing objects:   8% (69/851)   [Kremote: Compressing objects:   9% (77/851)   [Kremote: Compressing objects:  10% (86/851)   [Kremote: Compressing objects:  11% (94/851)   [Kremote: Compressing objects:  12% (103/851)   [Kremote: Compressing objects:  13% (111/851)   [Kremote: Compressing objects:  14% (120/851)   [Kremote: Compressing objects:  15% (128/851)   [Kremote: Compressing objects:  16% (137/851)   [Kremote: Compressing objects:  17% (145/851)   [Kremote: Compressing objects:  18% (154/851)   [Kremote: Compressing objects:  19% (162/851)   [Kremote: Compressing objects:  20% (171/851)   [Kremote: Compressing objects:  21% (179/851)   [Kremote: Compressing objects:  22% (188/851)   [Kremote: Compressing objects:  23% (196/851)   [Kremote: Compressing objects:  24% (205/851)   [Kremote: Compressing objects:  25% (213/851)   [Kremote: Compressing objects:  26% (222/851)   [Kremote: Compressing objects:  27% (230/851)   [Kremote: Compressing objects:  28% (239/851)   [Kremote: Compressing objects:  29% (247/851)   [Kremote: Compressing objects:  30% (256/851)   [Kremote: Compressing objects:  31% (264/851)   [Kremote: Compressing objects:  32% (273/851)   [Kremote: Compressing objects:  33% (281/851)   [Kremote: Compressing objects:  34% (290/851)   [Kremote: Compressing objects:  35% (298/851)   [Kremote: Compressing objects:  36% (307/851)   [Kremote: Compressing objects:  37% (315/851)   [Kremote: Compressing objects:  38% (324/851)   [Kremote: Compressing objects:  39% (332/851)   [Kremote: Compressing objects:  40% (341/851)   [Kremote: Compressing objects:  41% (349/851)   [Kremote: Compressing objects:  42% (358/851)   [Kremote: Compressing objects:  43% (366/851)   [Kremote: Compressing objects:  44% (375/851)   [Kremote: Compressing objects:  45% (383/851)   [Kremote: Compressing objects:  46% (392/851)   [Kremote: Compressing objects:  47% (400/851)   [Kremote: Compressing objects:  48% (409/851)   [Kremote: Compressing objects:  49% (417/851)   [Kremote: Compressing objects:  50% (426/851)   [Kremote: Compressing objects:  51% (435/851)   [Kremote: Compressing objects:  52% (443/851)   [Kremote: Compressing objects:  53% (452/851)   [Kremote: Compressing objects:  54% (460/851)   [Kremote: Compressing objects:  55% (469/851)   [Kremote: Compressing objects:  56% (477/851)   [Kremote: Compressing objects:  57% (486/851)   [Kremote: Compressing objects:  58% (494/851)   [Kremote: Compressing objects:  59% (503/851)   [Kremote: Compressing objects:  60% (511/851)   [Kremote: Compressing objects:  61% (520/851)   [Kremote: Compressing objects:  62% (528/851)   [Kremote: Compressing objects:  63% (537/851)   [Kremote: Compressing objects:  64% (545/851)   [Kremote: Compressing objects:  65% (554/851)   [Kremote: Compressing objects:  66% (562/851)   [Kremote: Compressing objects:  67% (571/851)   [Kremote: Compressing objects:  68% (579/851)   [Kremote: Compressing objects:  69% (588/851)   [Kremote: Compressing objects:  70% (596/851)   [Kremote: Compressing objects:  71% (605/851)   [Kremote: Compressing objects:  72% (613/851)   [Kremote: Compressing objects:  73% (622/851)   [Kremote: Compressing objects:  74% (630/851)   [Kremote: Compressing objects:  75% (639/851)   [Kremote: Compressing objects:  76% (647/851)   [Kremote: Compressing objects:  77% (656/851)   [Kremote: Compressing objects:  78% (664/851)   [Kremote: Compressing objects:  79% (673/851)   [Kremote: Compressing objects:  80% (681/851)   [Kremote: Compressing objects:  81% (690/851)   [Kremote: Compressing objects:  82% (698/851)   [Kremote: Compressing objects:  83% (707/851)   [Kremote: Compressing objects:  84% (715/851)   [Kremote: Compressing objects:  85% (724/851)   [Kremote: Compressing objects:  86% (732/851)   [Kremote: Compressing objects:  87% (741/851)   [Kremote: Compressing objects:  88% (749/851)   [Kremote: Compressing objects:  89% (758/851)   [Kremote: Compressing objects:  90% (766/851)   [Kremote: Compressing objects:  91% (775/851)   [Kremote: Compressing objects:  92% (783/851)   [Kremote: Compressing objects:  93% (792/851)   [Kremote: Compressing objects:  94% (800/851)   [Kremote: Compressing objects:  95% (809/851)   [Kremote: Compressing objects:  96% (817/851)   [Kremote: Compressing objects:  97% (826/851)   [Kremote: Compressing objects:  98% (834/851)   [Kremote: Compressing objects:  99% (843/851)   [Kremote: Compressing objects: 100% (851/851)   [Kremote: Compressing objects: 100% (851/851), done.[K
Receiving objects:   0% (1/1696)   Receiving objects:   1% (17/1696)   Receiving objects:   2% (34/1696)   Receiving objects:   3% (51/1696)   Receiving objects:   4% (68/1696)   Receiving objects:   5% (85/1696)   Receiving objects:   6% (102/1696)   Receiving objects:   7% (119/1696)   Receiving objects:   8% (136/1696)   Receiving objects:   9% (153/1696)   Receiving objects:  10% (170/1696)   Receiving objects:  11% (187/1696)   Receiving objects:  12% (204/1696)   Receiving objects:  13% (221/1696)   Receiving objects:  14% (238/1696)   Receiving objects:  15% (255/1696)   Receiving objects:  16% (272/1696)   Receiving objects:  17% (289/1696)   Receiving objects:  18% (306/1696)   Receiving objects:  19% (323/1696)   Receiving objects:  20% (340/1696)   Receiving objects:  21% (357/1696)   Receiving objects:  22% (374/1696)   Receiving objects:  23% (391/1696)   Receiving objects:  24% (408/1696)   Receiving objects:  25% (424/1696)   Receiving objects:  26% (441/1696)   Receiving objects:  27% (458/1696)   Receiving objects:  28% (475/1696)   Receiving objects:  29% (492/1696)   Receiving objects:  30% (509/1696)   Receiving objects:  31% (526/1696)   Receiving objects:  32% (543/1696)   Receiving objects:  33% (560/1696)   Receiving objects:  34% (577/1696)   Receiving objects:  35% (594/1696)   Receiving objects:  36% (611/1696)   Receiving objects:  37% (628/1696)   Receiving objects:  38% (645/1696)   Receiving objects:  39% (662/1696)   Receiving objects:  40% (679/1696)   Receiving objects:  41% (696/1696)   Receiving objects:  42% (713/1696)   Receiving objects:  43% (730/1696)   Receiving objects:  44% (747/1696)   Receiving objects:  45% (764/1696)   Receiving objects:  46% (781/1696)   Receiving objects:  47% (798/1696)   Receiving objects:  48% (815/1696)   Receiving objects:  49% (832/1696)   Receiving objects:  50% (848/1696)   Receiving objects:  51% (865/1696)   Receiving objects:  52% (882/1696)   Receiving objects:  53% (899/1696)   Receiving objects:  54% (916/1696)   Receiving objects:  55% (933/1696)   Receiving objects:  56% (950/1696)   Receiving objects:  57% (967/1696)   Receiving objects:  58% (984/1696)   Receiving objects:  59% (1001/1696)   Receiving objects:  60% (1018/1696)   Receiving objects:  61% (1035/1696)   Receiving objects:  62% (1052/1696)   Receiving objects:  63% (1069/1696)   Receiving objects:  64% (1086/1696)   Receiving objects:  65% (1103/1696)   Receiving objects:  66% (1120/1696)   Receiving objects:  67% (1137/1696)   Receiving objects:  68% (1154/1696)   Receiving objects:  69% (1171/1696)   Receiving objects:  70% (1188/1696)   Receiving objects:  71% (1205/1696)   Receiving objects:  72% (1222/1696)   Receiving objects:  73% (1239/1696)   Receiving objects:  74% (1256/1696)   Receiving objects:  75% (1272/1696)   Receiving objects:  76% (1289/1696)   Receiving objects:  77% (1306/1696)   Receiving objects:  78% (1323/1696)   Receiving objects:  79% (1340/1696)   Receiving objects:  80% (1357/1696)   Receiving objects:  81% (1374/1696)   Receiving objects:  82% (1391/1696)   Receiving objects:  83% (1408/1696)   Receiving objects:  84% (1425/1696)   Receiving objects:  85% (1442/1696)   Receiving objects:  86% (1459/1696)   Receiving objects:  87% (1476/1696)   Receiving objects:  88% (1493/1696)   Receiving objects:  89% (1510/1696)   Receiving objects:  90% (1527/1696)   Receiving objects:  91% (1544/1696)   Receiving objects:  92% (1561/1696)   Receiving objects:  93% (1578/1696)   Receiving objects:  94% (1595/1696)   Receiving objects:  95% (1612/1696)   Receiving objects:  96% (1629/1696)   Receiving objects:  97% (1646/1696)   Receiving objects:  98% (1663/1696)   remote: Total 1696 (delta 908), reused 1237 (delta 687), pack-reused 0[K
Receiving objects:  99% (1680/1696)   Receiving objects: 100% (1696/1696)   Receiving objects: 100% (1696/1696), 1.41 MiB | 0 bytes/s, done.
Resolving deltas:   0% (0/908)   Resolving deltas:   5% (49/908)   Resolving deltas:   6% (60/908)   Resolving deltas:   7% (68/908)   Resolving deltas:   8% (75/908)   Resolving deltas:  11% (104/908)   Resolving deltas:  12% (110/908)   Resolving deltas:  13% (119/908)   Resolving deltas:  14% (131/908)   Resolving deltas:  15% (142/908)   Resolving deltas:  16% (146/908)   Resolving deltas:  17% (156/908)   Resolving deltas:  18% (165/908)   Resolving deltas:  19% (174/908)   Resolving deltas:  20% (182/908)   Resolving deltas:  21% (192/908)   Resolving deltas:  22% (200/908)   Resolving deltas:  23% (213/908)   Resolving deltas:  24% (218/908)   Resolving deltas:  25% (227/908)   Resolving deltas:  26% (241/908)   Resolving deltas:  27% (246/908)   Resolving deltas:  28% (255/908)   Resolving deltas:  29% (264/908)   Resolving deltas:  30% (277/908)   Resolving deltas:  31% (283/908)   Resolving deltas:  32% (291/908)   Resolving deltas:  33% (300/908)   Resolving deltas:  34% (309/908)   Resolving deltas:  35% (318/908)   Resolving deltas:  36% (328/908)   Resolving deltas:  38% (347/908)   Resolving deltas:  39% (359/908)   Resolving deltas:  40% (364/908)   Resolving deltas:  41% (374/908)   Resolving deltas:  42% (385/908)   Resolving deltas:  43% (393/908)   Resolving deltas:  44% (401/908)   Resolving deltas:  45% (409/908)   Resolving deltas:  46% (420/908)   Resolving deltas:  47% (427/908)   Resolving deltas:  48% (438/908)   Resolving deltas:  49% (447/908)   Resolving deltas:  50% (454/908)   Resolving deltas:  52% (474/908)   Resolving deltas:  53% (482/908)   Resolving deltas:  54% (491/908)   Resolving deltas:  55% (500/908)   Resolving deltas:  56% (510/908)   Resolving deltas:  57% (518/908)   Resolving deltas:  58% (527/908)   Resolving deltas:  59% (538/908)   Resolving deltas:  60% (545/908)   Resolving deltas:  61% (558/908)   Resolving deltas:  62% (565/908)   Resolving deltas:  63% (574/908)   Resolving deltas:  65% (592/908)   Resolving deltas:  66% (603/908)   Resolving deltas:  67% (609/908)   Resolving deltas:  68% (624/908)   Resolving deltas:  69% (627/908)   Resolving deltas:  70% (636/908)   Resolving deltas:  71% (648/908)   Resolving deltas:  72% (657/908)   Resolving deltas:  73% (664/908)   Resolving deltas:  74% (672/908)   Resolving deltas:  75% (683/908)   Resolving deltas:  76% (692/908)   Resolving deltas:  77% (708/908)   Resolving deltas:  78% (715/908)   Resolving deltas:  79% (721/908)   Resolving deltas:  80% (732/908)   Resolving deltas:  81% (737/908)   Resolving deltas:  82% (748/908)   Resolving deltas:  83% (754/908)   Resolving deltas:  84% (763/908)   Resolving deltas:  85% (774/908)   Resolving deltas:  86% (781/908)   Resolving deltas:  87% (790/908)   Resolving deltas:  88% (801/908)   Resolving deltas:  89% (811/908)   Resolving deltas:  90% (819/908)   Resolving deltas:  91% (828/908)   Resolving deltas:  92% (837/908)   Resolving deltas:  93% (845/908)   Resolving deltas:  94% (854/908)   Resolving deltas:  95% (864/908)   Resolving deltas:  96% (872/908)   Resolving deltas:  97% (881/908)   Resolving deltas:  98% (890/908)   Resolving deltas:  99% (899/908)   Resolving deltas: 100% (908/908)   Resolving deltas: 100% (908/908), done.
Checking connectivity... done.

travis_time:end:08dff627:start=1458640349869534126,finish=1458640350742765782,duration=873231656[0K$ cd pgjdbc/pgjdbc
$ git checkout -qf 1e1f3c4ab1fbbc5b071b50991da6c34afe92e6f0
travis_fold:end:git.checkout[0Ktravis_fold:start:postgresql[0K[33;1mStarting PostgreSQL v9.2[0m
travis_time:start:07c55dcf[0K$ sudo service postgresql stop
 * Stopping PostgreSQL 9.1 database server       [80G [74G[ OK ]
 * Stopping PostgreSQL 9.2 database server       [80G [74G[ OK ]
 * Stopping PostgreSQL 9.3 database server       [80G [74G[ OK ]
 * Stopping PostgreSQL 9.4 database server       [80G [74G[ OK ]

travis_time:end:07c55dcf:start=1458640350794398276,finish=1458640352155869744,duration=1361471468[0Ktravis_time:start:004cd9ca[0K$ sudo service postgresql start 9.2
 * Starting PostgreSQL 9.2 database server       [80G [74G[ OK ]

travis_time:end:004cd9ca:start=1458640352160377870,finish=1458640354399324714,duration=2238946844[0Ktravis_time:start:1cc9efb3[0K$ sudo -u postgres createuser -s -p 5432 travis &>/dev/null

travis_time:end:1cc9efb3:start=1458640354402835219,finish=1458640354473946625,duration=71111406[0Ktravis_time:start:076be7a5[0K$ sudo -u postgres createdb -O travis -p 5432 travis &>/dev/null

travis_time:end:076be7a5:start=1458640354478591205,finish=1458640354796348016,duration=317756811[0Ktravis_time:start:2b850f01[0K$ sudo -u postgres createuser -s -p 5433 travis &>/dev/null

travis_time:end:2b850f01:start=1458640354800977912,finish=1458640354842354354,duration=41376442[0Ktravis_time:start:03376320[0K$ sudo -u postgres createdb -O travis -p 5433 travis &>/dev/null

travis_time:end:03376320:start=1458640354845701229,finish=1458640354884176006,duration=38474777[0Ktravis_fold:end:postgresql[0K
[33;1mThis job is running on container-based infrastructure, which does not allow use of 'sudo', setuid and setguid executables.[0m
[33;1mIf you require sudo, add 'sudo: required' to your .travis.yml[0m
[33;1mSee https://docs.travis-ci.com/user/workers/container-based-infrastructure/ for details.[0m

[33;1mSetting environment variables from .travis.yml[0m
$ export SONATYPE_USERNAME=[secure]
$ export SONATYPE_PASSWORD=[secure]
$ export PG_VERSION=9.2

$ jdk_switcher use oraclejdk8
Switching to Oracle JDK8 (java-8-oracle), JAVA_HOME will be set to /usr/lib/jvm/java-8-oracle
travis_fold:start:cache.1[0KSetting up build cache
$ export CASHER_DIR=$HOME/.casher
travis_time:start:00555658[0K$ Installing caching utilities

travis_time:end:00555658:start=1458640357037591814,finish=1458640357089543152,duration=51951338[0Ktravis_time:start:0213b4e0[0K
travis_time:end:0213b4e0:start=1458640357095160975,finish=1458640357098459936,duration=3298961[0Ktravis_time:start:023056b8[0K[32;1mattempting to download cache archive[0m
[32;1mfetching tstz_getstring/cache--jdk-oraclejdk8.tgz[0m
[32;1mfound cache[0m

travis_time:end:023056b8:start=1458640357102789729,finish=1458640357965378425,duration=862588696[0Ktravis_time:start:12e56bd8[0K
travis_time:end:12e56bd8:start=1458640357969915874,finish=1458640357973894921,duration=3979047[0Ktravis_time:start:28845cf6[0K[32;1madding /home/travis/.m2/repository to cache[0m

travis_time:end:28845cf6:start=1458640357978334567,finish=1458640359548255268,duration=1569920701[0Ktravis_fold:end:cache.1[0K$ java -Xmx32m -version
java version "1.8.0_31"
Java(TM) SE Runtime Environment (build 1.8.0_31-b13)
Java HotSpot(TM) 64-Bit Server VM (build 25.31-b07, mixed mode)
$ javac -J-Xmx32m -version
javac 1.8.0_31
travis_fold:start:install[0Ktravis_time:start:11cf1961[0K$ true

travis_time:end:11cf1961:start=1458640360079319620,finish=1458640360083521846,duration=4202226[0Ktravis_fold:end:install[0Ktravis_fold:start:before_script.1[0Ktravis_time:start:0783c750[0K$ test "x$XA" == 'x' || ./travis_install_dependencies.sh

travis_time:end:0783c750:start=1458640360089011446,finish=1458640360092877026,duration=3865580[0Ktravis_fold:end:before_script.1[0Ktravis_fold:start:before_script.2[0Ktravis_time:start:126a17d2[0K$ psql -U postgres -c "create user test with password 'test';"
CREATE ROLE

travis_time:end:126a17d2:start=1458640360098054033,finish=1458640360111031392,duration=12977359[0Ktravis_fold:end:before_script.2[0Ktravis_fold:start:before_script.3[0Ktravis_time:start:09a3018e[0K$ psql -c 'create database test owner test;' -U postgres
CREATE DATABASE

travis_time:end:09a3018e:start=1458640360116528403,finish=1458640360380901012,duration=264372609[0Ktravis_fold:end:before_script.3[0Ktravis_fold:start:before_script.4[0Ktravis_time:start:134ac132[0K$ echo "MAVEN_OPTS='-Xmx1g -Dgpg.skip=true'" > ~/.mavenrc

travis_time:end:134ac132:start=1458640360385370124,finish=1458640360388821755,duration=3451631[0Ktravis_fold:end:before_script.4[0Ktravis_fold:start:before_script.5[0Ktravis_time:start:1fc924c8[0K$ test "x$PG_VERSION" == 'x' || test $PG_VERSION == '8.4' || test $PG_VERSION == '9.0' || psql test -c 'CREATE EXTENSION hstore;' -U postgres
CREATE EXTENSION

travis_time:end:1fc924c8:start=1458640360393432014,finish=1458640360430008636,duration=36576622[0Ktravis_fold:end:before_script.5[0Ktravis_fold:start:before_script.6[0Ktravis_time:start:19831176[0K$ test "x$PG_VERSION" == 'x' || test $PG_VERSION != '8.4' || createlang -U postgres plpgsql test

travis_time:end:19831176:start=1458640360435071787,finish=1458640360439042070,duration=3970283[0Ktravis_fold:end:before_script.6[0Ktravis_time:start:067e1ea8[0K$ rm -rf $HOME/.m2/repository/org/postgresql || true

travis_time:end:067e1ea8:start=1458640360443800497,finish=1458640360449136084,duration=5335587[0K
[32;1mThe command "rm -rf $HOME/.m2/repository/org/postgresql || true" exited with 0.[0m
travis_time:start:001512c6[0K$ export JDK6_HOME=$(jdk_switcher home openjdk6)

travis_time:end:001512c6:start=1458640360454469113,finish=1458640360459102118,duration=4633005[0K
[32;1mThe command "export JDK6_HOME=$(jdk_switcher home openjdk6)" exited with 0.[0m
travis_time:start:29ccf586[0K$ export JDK7_HOME=$(jdk_switcher home openjdk7)

travis_time:end:29ccf586:start=1458640360464021527,finish=1458640360469360477,duration=5338950[0K
[32;1mThe command "export JDK7_HOME=$(jdk_switcher home openjdk7)" exited with 0.[0m
travis_time:start:343cb120[0K$ export JDK8_HOME=$(jdk_switcher home oraclejdk8)

travis_time:end:343cb120:start=1458640360473809371,finish=1458640360477989060,duration=4179689[0K
[32;1mThe command "export JDK8_HOME=$(jdk_switcher home oraclejdk8)" exited with 0.[0m
travis_time:start:02564b45[0K$ envsubst < toolchains.xml > ~/.m2/toolchains.xml

travis_time:end:02564b45:start=1458640360482886589,finish=1458640360488870063,duration=5983474[0K
[32;1mThe command "envsubst < toolchains.xml > ~/.m2/toolchains.xml" exited with 0.[0m
travis_time:start:0bdb36e1[0K$ ./travis_build.sh
+MVN_ARGS='clean package -B -V'
+MVN_PROFILES=release
+[[ '' == *\Y* ]]
+[[ oraclejdk8 == *\j\d\k\6* ]]
+[[ oraclejdk8 == *\j\d\k\7* ]]
+'[' 9.2 == 9.4 ']'
+mvn clean package -B -V -P release
Apache Maven 3.2.5 (12a6b3acb947671f09b81f49094c53f426d8cea1; 2014-12-14T17:29:23+00:00)
Maven home: /usr/local/maven
Java version: 1.8.0_31, vendor: Oracle Corporation
Java home: /usr/lib/jvm/java-8-oracle/jre
Default locale: en_US, platform encoding: UTF-8
OS name: "linux", version: "3.13.0-40-generic", arch: "amd64", family: "unix"
[INFO] Scanning for projects...
[INFO] Downloading: http://repo.maven.apache.org/maven2/org/postgresql/pgjdbc-versions/1.0.5/pgjdbc-versions-1.0.5.pom
[INFO] Downloaded: http://repo.maven.apache.org/maven2/org/postgresql/pgjdbc-versions/1.0.5/pgjdbc-versions-1.0.5.pom (21 KB at 103.9 KB/sec)
[INFO] Downloading: http://repo.maven.apache.org/maven2/org/postgresql/pgjdbc-core-parent/1.0.5/pgjdbc-core-parent-1.0.5.pom
[INFO] Downloaded: http://repo.maven.apache.org/maven2/org/postgresql/pgjdbc-core-parent/1.0.5/pgjdbc-core-parent-1.0.5.pom (15 KB at 634.7 KB/sec)
[INFO] Downloading: http://repo.maven.apache.org/maven2/org/postgresql/pgjdbc-versions/1.0.4/pgjdbc-versions-1.0.4.pom
[INFO] Downloaded: http://repo.maven.apache.org/maven2/org/postgresql/pgjdbc-versions/1.0.4/pgjdbc-versions-1.0.4.pom (22 KB at 679.6 KB/sec)
[INFO] ------------------------------------------------------------------------
[INFO] Reactor Build Order:
[INFO] 
[INFO] PostgreSQL JDBC Driver - JDBC 4.2
[INFO] PostgreSQL JDBC Driver - benchmarks
[INFO] PostgreSQL JDBC Driver aggregate
[INFO]                                                                         
[INFO] ------------------------------------------------------------------------
[INFO] Building PostgreSQL JDBC Driver - JDBC 4.2 9.4.1209-SNAPSHOT
[INFO] ------------------------------------------------------------------------
[INFO] 
[INFO] --- maven-clean-plugin:2.5:clean (default-clean) @ postgresql ---
[INFO] 
[INFO] --- maven-enforcer-plugin:1.3.1:enforce (enforce-java) @ postgresql ---
[INFO] Skipping Rule Enforcement.
[INFO] 
[INFO] --- maven-toolchains-plugin:1.1:toolchain (default) @ postgresql ---
[INFO] Required toolchain: jdk [ version='1.8' ]
[INFO] Found matching toolchain for type jdk: JDK[/usr/lib/jvm/java-8-oracle]
[INFO] 
[INFO] --- build-helper-maven-plugin:1.5:parse-version (parse-version) @ postgresql ---
[INFO] 
[INFO] --- properties-maven-plugin:1.0-alpha-2:read-project-properties (default) @ postgresql ---
[WARNING] Ignoring missing properties file: /home/travis/build/pgjdbc/pgjdbc/pgjdbc/../build.local.properties
[INFO] 
[INFO] --- maven-antrun-plugin:1.7:run (create-unzipjdkant.xml) @ postgresql ---
[INFO] Executing tasks

main:
     [echo] Generating /home/travis/build/pgjdbc/pgjdbc/pgjdbc/target/unzip-jdk-ant.xml
[INFO] Executed tasks
[INFO] 
[INFO] --- exec-maven-plugin:1.4.0:exec (unzip-jdk-src) @ postgresql ---
[INFO] skipping execute as per configuraion
[INFO] 
[INFO] --- jcp:6.0.1:preprocess (preprocessSources) @ postgresql ---
[INFO] Added MAVEN property mvn.project.name=PostgreSQL JDBC Driver - JDBC 4.2
[INFO] Added MAVEN property mvn.project.version=9.4.1209-SNAPSHOT
[INFO] Added MAVEN property mvn.project.url=https://github.com/pgjdbc/pgjdbc
[INFO] Added MAVEN property mvn.project.packaging=bundle
[INFO] Added MAVEN property mvn.project.modelversion=4.0.0
[INFO] Added MAVEN property mvn.project.inceptionyear=
[INFO] Added MAVEN property mvn.project.id=org.postgresql:postgresql:bundle:9.4.1209-SNAPSHOT
[INFO] Added MAVEN property mvn.project.groupid=org.postgresql
[INFO] Added MAVEN property mvn.project.description=Java JDBC 4.2 (JRE 8+) driver for PostgreSQL database
[INFO] Added MAVEN property mvn.project.artifact.id=org.postgresql:postgresql:bundle:9.4.1209-SNAPSHOT
[INFO] Added MAVEN property mvn.project.artifact.artifactid=postgresql
[INFO] Added MAVEN property mvn.project.artifact.baseversion=9.4.1209-SNAPSHOT
[INFO] Added MAVEN property mvn.project.artifact.dependencyconflictid=org.postgresql:postgresql:bundle
[INFO] Added MAVEN property mvn.project.artifact.downloadurl=
[INFO] Added MAVEN property mvn.project.artifact.groupid=org.postgresql
[INFO] Added MAVEN property mvn.project.artifact.scope=
[INFO] Added MAVEN property mvn.project.artifact.type=bundle
[INFO] Added MAVEN property mvn.project.artifact.version=9.4.1209-SNAPSHOT
[INFO] Added MAVEN property mvn.project.build.directory=/home/travis/build/pgjdbc/pgjdbc/pgjdbc/target
[INFO] Added MAVEN property mvn.project.build.defaultgoal=
[INFO] Added MAVEN property mvn.project.build.outputdirectory=/home/travis/build/pgjdbc/pgjdbc/pgjdbc/target/classes
[INFO] Added MAVEN property mvn.project.build.scriptsourcedirectory=/home/travis/build/pgjdbc/pgjdbc/pgjdbc/src/main/scripts
[INFO] Added MAVEN property mvn.project.build.sourcedirectory=/home/travis/build/pgjdbc/pgjdbc/pgjdbc/src/main/java
[INFO] Added MAVEN property mvn.project.build.testoutputdirectory=/home/travis/build/pgjdbc/pgjdbc/pgjdbc/target/test-classes
[INFO] Added MAVEN property mvn.project.build.testsourcedirectory=/home/travis/build/pgjdbc/pgjdbc/pgjdbc/src/test/java
[INFO] Added MAVEN property mvn.project.organization.name=PostgreSQL Global Development Group
[INFO] Added MAVEN property mvn.project.organization.url=http://jdbc.postgresql.org/
[INFO] Added MAVEN property mvn.project.activeprofiles=standard-with-extra-repos
[INFO] Added MAVEN property mvn.project.property.jdbc.specification.version.nodot=42
[INFO] Added MAVEN property mvn.project.property.password=***** [hidden because may contain private info]
[INFO] Added MAVEN property mvn.project.property.preparethreshold=5
[INFO] Added MAVEN property mvn.project.property.parsedversion.osgiversion=9.4.1209.SNAPSHOT
[INFO] Added MAVEN property mvn.project.property.postgresql.preprocessed.sources.directory=/home/travis/build/pgjdbc/pgjdbc/pgjdbc/target/gen-src
[INFO] Added MAVEN property mvn.project.property.postgresql.driver.fullversion=PostgreSQL JDBC4.2
[INFO] Added MAVEN property mvn.project.property.username=test
[INFO] Added MAVEN property mvn.project.property.parsedversion.incrementalversion=1209
[INFO] Added MAVEN property mvn.project.property.protocolversion=0
[INFO] Added MAVEN property mvn.project.property.parsedversion.buildnumber=0
[INFO] Added MAVEN property mvn.project.property.javac.target=1.8
[INFO] Added MAVEN property mvn.project.property.project.build.sourceencoding=UTF-8
[INFO] Added MAVEN property mvn.project.property.postgresql.jdbc.spec=JDBC4.2
[INFO] Added MAVEN property mvn.project.property.parsedversion.minorversion=4
[INFO] Added MAVEN property mvn.project.property.port=5432
[INFO] Added MAVEN property mvn.project.property.unzip.jdk.ant.build.xml=/home/travis/build/pgjdbc/pgjdbc/pgjdbc/target/unzip-jdk-ant.xml
[INFO] Added MAVEN property mvn.project.property.skip.assembly=false
[INFO] Added MAVEN property mvn.project.property.database=test
[INFO] Added MAVEN property mvn.project.property.privilegedpassword=***** [hidden because may contain private info]
[INFO] Added MAVEN property mvn.project.property.server=localhost
[INFO] Added MAVEN property mvn.project.property.skip.unzip-jdk-src=true
[INFO] Added MAVEN property mvn.project.property.waffle-jna.version=1.7
[INFO] Added MAVEN property mvn.project.property.parsedversion.majorversion=9
[INFO] Added MAVEN property mvn.project.property.postgresql.enforce.jdk.version=1.8
[INFO] Added MAVEN property mvn.project.property.jdbc.specification.version=4.2
[INFO] Added MAVEN property mvn.project.property.build.properties.relative.path=/home/travis/build/pgjdbc/pgjdbc/pgjdbc/..
[INFO] Added MAVEN property mvn.project.property.loglevel=0
[INFO] Added MAVEN property mvn.project.property.parsedversion.qualifier=SNAPSHOT
[INFO] Added MAVEN property mvn.project.property.template.default.pg.port=5432
[INFO] Added MAVEN property mvn.project.property.argline=-Xmx512m
[INFO] Added MAVEN property mvn.project.property.privilegeduser=postgres
[INFO] Preprocess sources : /home/travis/build/pgjdbc/pgjdbc/pgjdbc/src/main/java
[INFO] Preprocess destination : /home/travis/build/pgjdbc/pgjdbc/pgjdbc/target/gen-src
[INFO] -----------------------------------------------------------------
[INFO] Completed, preprocessed 168 files, copied 16 files, elapsed time 460ms
[INFO] A Compile source root has been removed from the root list [/home/travis/build/pgjdbc/pgjdbc/pgjdbc/src/main/java]
[INFO] The New compile source root has been added into the list [/home/travis/build/pgjdbc/pgjdbc/pgjdbc/target/gen-src]
[INFO] 
[INFO] --- maven-resources-plugin:2.6:resources (default-resources) @ postgresql ---
[INFO] Using 'UTF-8' encoding to copy filtered resources.
[INFO] Copying 16 resources
[INFO] 
[INFO] --- maven-compiler-plugin:3.3:compile (default-compile) @ postgresql ---
[INFO] Toolchain in maven-compiler-plugin: JDK[/usr/lib/jvm/java-8-oracle]
[INFO] Changes detected - recompiling the module!
[INFO] Compiling 168 source files to /home/travis/build/pgjdbc/pgjdbc/pgjdbc/target/classes
[INFO] 
[INFO] --- maven-resources-plugin:2.6:testResources (default-testResources) @ postgresql ---
[INFO] Using 'UTF-8' encoding to copy filtered resources.
[INFO] Copying 1 resource
[INFO] 
[INFO] --- maven-compiler-plugin:3.3:testCompile (default-testCompile) @ postgresql ---
[INFO] Toolchain in maven-compiler-plugin: JDK[/usr/lib/jvm/java-8-oracle]
[INFO] Changes detected - recompiling the module!
[INFO] Compiling 119 source files to /home/travis/build/pgjdbc/pgjdbc/pgjdbc/target/test-classes
[INFO] 
[INFO] --- maven-surefire-plugin:2.18.1:test (default-test) @ postgresql ---
[INFO] Toolchain in maven-surefire-plugin: JDK[/usr/lib/jvm/java-8-oracle]
[INFO] Surefire report directory: /home/travis/build/pgjdbc/pgjdbc/pgjdbc/target/surefire-reports

-------------------------------------------------------
 T E S T S
-------------------------------------------------------
Configuration file /home/travis/build/pgjdbc/pgjdbc/pgjdbc/../build.local.properties does not exist. Consider adding it to specify test db host and login
Configuration file /home/travis/build/pgjdbc/pgjdbc/pgjdbc/../build.local.properties does not exist. Consider adding it to specify test db host and login
Configuration file /home/travis/build/pgjdbc/pgjdbc/pgjdbc/../ssltest.local.properties does not exist. Consider adding it to specify test db host and login
Skipping ssloff8.
Skipping sslhostnossl8.
Skipping ssloff9.
Skipping sslhostnossl9.
Skipping sslhostgh8.
Skipping sslhostgh9.
Skipping sslhostbh8.
Skipping sslhostbh9.
Skipping sslhostsslgh8.
Skipping sslhostsslgh9.
Skipping sslhostsslbh8.
Skipping sslhostsslbh9.
Skipping sslhostsslcertgh8.
Skipping sslhostsslcertgh9.
Skipping sslhostsslcertbh8.
Skipping sslhostsslcertbh9.
Skipping sslcertgh8.
Skipping sslcertgh9.
Skipping sslcertbh8.
Skipping sslcertbh9.
Skipping SingleCertSocketFactoryTests. To enable set the property testsinglecertfactory=true in the ssltest.properties file.
Skipping XA tests because max_prepared_transactions = 0.
Running org.postgresql.test.jdbc4.jdbc41.Jdbc41TestSuite
Tests run: 45, Failures: 0, Errors: 0, Skipped: 0, Time elapsed: 0.892 sec - in org.postgresql.test.jdbc4.jdbc41.Jdbc41TestSuite
Running org.postgresql.test.jdbc4.Jdbc4TestSuite
Tests run: 93, Failures: 0, Errors: 0, Skipped: 0, Time elapsed: 1.937 sec - in org.postgresql.test.jdbc4.Jdbc4TestSuite
Running org.postgresql.test.jdbc2.optional.OptionalTestSuite
Tests run: 49, Failures: 0, Errors: 0, Skipped: 0, Time elapsed: 1.169 sec - in org.postgresql.test.jdbc2.optional.OptionalTestSuite
Running org.postgresql.test.jdbc2.Jdbc2TestSuite
file:/home/travis/build/pgjdbc/pgjdbc/pgjdbc/target/classes/
Using seed = 1458640476720 for StrangeInputStream. Set -DStrangeInputStream.seed=1458640476720 to reproduce the test
Using seed = 1458640477374 for StrangeInputStream. Set -DStrangeInputStream.seed=1458640477374 to reproduce the test
Using seed = 1458640478060 for StrangeInputStream. Set -DStrangeInputStream.seed=1458640478060 to reproduce the test
Using seed = 1458640478696 for StrangeInputStream. Set -DStrangeInputStream.seed=1458640478696 to reproduce the test
Using seed = 1458640479175 for StrangeInputStream. Set -DStrangeInputStream.seed=1458640479175 to reproduce the test
Using seed = 1458640479663 for StrangeInputStream. Set -DStrangeInputStream.seed=1458640479663 to reproduce the test
Using seed = 1458640480162 for StrangeInputStream. Set -DStrangeInputStream.seed=1458640480162 to reproduce the test
Using seed = 1458640480759 for StrangeInputStream. Set -DStrangeInputStream.seed=1458640480759 to reproduce the test
Using seed = 1458640481230 for StrangeInputStream. Set -DStrangeInputStream.seed=1458640481230 to reproduce the test
Using seed = 1458640481690 for StrangeInputStream. Set -DStrangeInputStream.seed=1458640481690 to reproduce the test
Tests run: 1110, Failures: 0, Errors: 0, Skipped: 0, Time elapsed: 70.391 sec - in org.postgresql.test.jdbc2.Jdbc2TestSuite
Running org.postgresql.test.jdbc3.Jdbc3TestSuite
Tests run: 89, Failures: 0, Errors: 0, Skipped: 0, Time elapsed: 0.769 sec - in org.postgresql.test.jdbc3.Jdbc3TestSuite
Running org.postgresql.test.osgi.OsgiTestSuite
Tests run: 8, Failures: 0, Errors: 0, Skipped: 0, Time elapsed: 0.006 sec - in org.postgresql.test.osgi.OsgiTestSuite
Running org.postgresql.test.jdbc42.Jdbc42TestSuite
Tests run: 19, Failures: 0, Errors: 0, Skipped: 0, Time elapsed: 37.948 sec - in org.postgresql.test.jdbc42.Jdbc42TestSuite
Running org.postgresql.test.ssl.SslTestSuite
Configuration file /home/travis/build/pgjdbc/pgjdbc/pgjdbc/../ssltest.local.properties does not exist. Consider adding it to specify test db host and login
Skipping ssloff8.
Skipping sslhostnossl8.
Skipping ssloff9.
Skipping sslhostnossl9.
Skipping sslhostgh8.
Skipping sslhostgh9.
Skipping sslhostbh8.
Skipping sslhostbh9.
Skipping sslhostsslgh8.
Skipping sslhostsslgh9.
Skipping sslhostsslbh8.
Skipping sslhostsslbh9.
Skipping sslhostsslcertgh8.
Skipping sslhostsslcertgh9.
Skipping sslhostsslcertbh8.
Skipping sslhostsslcertbh9.
Skipping sslcertgh8.
Skipping sslcertgh9.
Skipping sslcertbh8.
Skipping sslcertbh9.
Tests run: 0, Failures: 0, Errors: 0, Skipped: 0, Time elapsed: 0.004 sec - in org.postgresql.test.ssl.SslTestSuite
Running org.postgresql.test.ssl.SingleCertValidatingFactoryTestSuite
Skipping SingleCertSocketFactoryTests. To enable set the property testsinglecertfactory=true in the ssltest.properties file.
Tests run: 0, Failures: 0, Errors: 0, Skipped: 0, Time elapsed: 0.004 sec - in org.postgresql.test.ssl.SingleCertValidatingFactoryTestSuite
Running org.postgresql.test.extensions.ExtensionsTestSuite
Tests run: 4, Failures: 0, Errors: 0, Skipped: 0, Time elapsed: 0.032 sec - in org.postgresql.test.extensions.ExtensionsTestSuite
Running org.postgresql.test.hostchooser.MultiHostTestSuite
Tests run: 1, Failures: 0, Errors: 0, Skipped: 0, Time elapsed: 0 sec - in org.postgresql.test.hostchooser.MultiHostTestSuite
Running org.postgresql.test.xa.XATestSuite
Skipping XA tests because max_prepared_transactions = 0.
Tests run: 0, Failures: 0, Errors: 0, Skipped: 0, Time elapsed: 0.005 sec - in org.postgresql.test.xa.XATestSuite
Running org.postgresql.test.socketfactory.SocketFactoryTestSuite
Tests run: 1, Failures: 0, Errors: 0, Skipped: 0, Time elapsed: 0.008 sec - in org.postgresql.test.socketfactory.SocketFactoryTestSuite

Results :

Tests run: 1419, Failures: 0, Errors: 0, Skipped: 0

[INFO] 
[INFO] --- maven-bundle-plugin:2.5.3:bundle (default-bundle) @ postgresql ---
[INFO]                                                                         
[INFO] ------------------------------------------------------------------------
[INFO] Building PostgreSQL JDBC Driver - benchmarks 9.4.1209-SNAPSHOT
[INFO] ------------------------------------------------------------------------
[INFO] 
[INFO] --- maven-clean-plugin:2.5:clean (default-clean) @ pgjdbc-benchmark ---
[INFO] 
[INFO] --- maven-antrun-plugin:1.7:run (create-unzipjdkant.xml) @ pgjdbc-benchmark ---
[INFO] Executing tasks

main:
     [echo] Generating /home/travis/build/pgjdbc/pgjdbc/ubenchmark/target/unzip-jdk-ant.xml
[INFO] Executed tasks
[INFO] 
[INFO] --- jcp:6.0.1:preprocess (preprocessSources) @ pgjdbc-benchmark ---
[INFO] Added MAVEN property mvn.project.name=PostgreSQL JDBC Driver - benchmarks
[INFO] Added MAVEN property mvn.project.version=9.4.1209-SNAPSHOT
[INFO] Added MAVEN property mvn.project.url=https://github.com/pgjdbc/pgjdbc
[INFO] Added MAVEN property mvn.project.packaging=jar
[INFO] Added MAVEN property mvn.project.modelversion=4.0.0
[INFO] Added MAVEN property mvn.project.inceptionyear=
[INFO] Added MAVEN property mvn.project.id=org.postgresql:pgjdbc-benchmark:jar:9.4.1209-SNAPSHOT
[INFO] Added MAVEN property mvn.project.groupid=org.postgresql
[INFO] Added MAVEN property mvn.project.description=PostgreSQL JDBC Driver - benchmarks
[INFO] Added MAVEN property mvn.project.artifact.id=org.postgresql:pgjdbc-benchmark:jar:9.4.1209-SNAPSHOT
[INFO] Added MAVEN property mvn.project.artifact.artifactid=pgjdbc-benchmark
[INFO] Added MAVEN property mvn.project.artifact.baseversion=9.4.1209-SNAPSHOT
[INFO] Added MAVEN property mvn.project.artifact.dependencyconflictid=org.postgresql:pgjdbc-benchmark:jar
[INFO] Added MAVEN property mvn.project.artifact.downloadurl=
[INFO] Added MAVEN property mvn.project.artifact.groupid=org.postgresql
[INFO] Added MAVEN property mvn.project.artifact.scope=
[INFO] Added MAVEN property mvn.project.artifact.type=jar
[INFO] Added MAVEN property mvn.project.artifact.version=9.4.1209-SNAPSHOT
[INFO] Added MAVEN property mvn.project.build.directory=/home/travis/build/pgjdbc/pgjdbc/ubenchmark/target
[INFO] Added MAVEN property mvn.project.build.defaultgoal=
[INFO] Added MAVEN property mvn.project.build.outputdirectory=/home/travis/build/pgjdbc/pgjdbc/ubenchmark/target/classes
[INFO] Added MAVEN property mvn.project.build.scriptsourcedirectory=/home/travis/build/pgjdbc/pgjdbc/ubenchmark/src/main/scripts
[INFO] Added MAVEN property mvn.project.build.sourcedirectory=/home/travis/build/pgjdbc/pgjdbc/ubenchmark/src/main/java
[INFO] Added MAVEN property mvn.project.build.testoutputdirectory=/home/travis/build/pgjdbc/pgjdbc/ubenchmark/target/test-classes
[INFO] Added MAVEN property mvn.project.build.testsourcedirectory=/home/travis/build/pgjdbc/pgjdbc/ubenchmark/src/test/java
[INFO] Added MAVEN property mvn.project.organization.name=PostgreSQL Global Development Group
[INFO] Added MAVEN property mvn.project.organization.url=http://jdbc.postgresql.org/
[INFO] Added MAVEN property mvn.project.activeprofiles=standard-with-extra-repos
[INFO] Added MAVEN property mvn.project.property.current.jdk=1.8
[INFO] Added MAVEN property mvn.project.property.postgresql.driver.fullversion=PostgreSQL JDBC${jdbc.specification.version}
[INFO] Added MAVEN property mvn.project.property.waffle-jna.version=1.7
[INFO] Added MAVEN property mvn.project.property.template.default.pg.port=5432
[INFO] Added MAVEN property mvn.project.property.skip.unzip-jdk-src=true
[INFO] Added MAVEN property mvn.project.property.jmh.version=1.11.2
[INFO] Added MAVEN property mvn.project.property.uberjar.name=benchmarks
[INFO] Added MAVEN property mvn.project.property.postgresql.jdbc.spec=JDBC${jdbc.specification.version}
[INFO] Added MAVEN property mvn.project.property.project.build.sourceencoding=UTF-8
[INFO] Added MAVEN property mvn.project.property.postgresql.preprocessed.sources.directory=/home/travis/build/pgjdbc/pgjdbc/ubenchmark/target/gen-src
[INFO] Added MAVEN property mvn.project.property.unzip.jdk.ant.build.xml=/home/travis/build/pgjdbc/pgjdbc/ubenchmark/target/unzip-jdk-ant.xml
[INFO] Added MAVEN property mvn.project.property.argline=-Xmx512m
[INFO] Preprocess sources : /home/travis/build/pgjdbc/pgjdbc/ubenchmark/src/main/java
[INFO] Preprocess destination : /home/travis/build/pgjdbc/pgjdbc/ubenchmark/target/gen-src
[INFO] -----------------------------------------------------------------
[INFO] Completed, preprocessed 13 files, copied 0 files, elapsed time 82ms
[INFO] A Compile source root has been removed from the root list [/home/travis/build/pgjdbc/pgjdbc/ubenchmark/src/main/java]
[INFO] The New compile source root has been added into the list [/home/travis/build/pgjdbc/pgjdbc/ubenchmark/target/gen-src]
[INFO] 
[INFO] --- maven-resources-plugin:2.6:resources (default-resources) @ pgjdbc-benchmark ---
[INFO] Using 'UTF-8' encoding to copy filtered resources.
[INFO] skip non existing resourceDirectory /home/travis/build/pgjdbc/pgjdbc/ubenchmark/src/main/resources
[INFO] 
[INFO] --- maven-compiler-plugin:3.3:compile (default-compile) @ pgjdbc-benchmark ---
[INFO] Compiling 13 source files to /home/travis/build/pgjdbc/pgjdbc/ubenchmark/target/classes
[INFO] 
[INFO] --- maven-resources-plugin:2.6:testResources (default-testResources) @ pgjdbc-benchmark ---
[INFO] Using 'UTF-8' encoding to copy filtered resources.
[INFO] skip non existing resourceDirectory /home/travis/build/pgjdbc/pgjdbc/ubenchmark/src/test/resources
[INFO] 
[INFO] --- maven-compiler-plugin:3.3:testCompile (default-testCompile) @ pgjdbc-benchmark ---
[INFO] No sources to compile
[INFO] 
[INFO] --- maven-surefire-plugin:2.18.1:test (default-test) @ pgjdbc-benchmark ---
[INFO] No tests to run.
[INFO] 
[INFO] --- maven-jar-plugin:2.6:jar (default-jar) @ pgjdbc-benchmark ---
[INFO] Building jar: /home/travis/build/pgjdbc/pgjdbc/ubenchmark/target/pgjdbc-benchmark-9.4.1209-SNAPSHOT.jar
[INFO] 
[INFO] --- maven-shade-plugin:2.2:shade (default) @ pgjdbc-benchmark ---
[INFO] Including org.openjdk.jmh:jmh-core:jar:1.11.2 in the shaded jar.
[INFO] Including net.sf.jopt-simple:jopt-simple:jar:4.6 in the shaded jar.
[INFO] Including org.apache.commons:commons-math3:jar:3.2 in the shaded jar.
[INFO] Including org.postgresql:postgresql:jar:9.4.1209-SNAPSHOT in the shaded jar.
[INFO] Replacing /home/travis/build/pgjdbc/pgjdbc/ubenchmark/target/benchmarks.jar with /home/travis/build/pgjdbc/pgjdbc/ubenchmark/target/pgjdbc-benchmark-9.4.1209-SNAPSHOT-shaded.jar
[INFO]                                                                         
[INFO] ------------------------------------------------------------------------
[INFO] Building PostgreSQL JDBC Driver aggregate 9.4.1209-SNAPSHOT
[INFO] ------------------------------------------------------------------------
[INFO] 
[INFO] --- maven-clean-plugin:2.5:clean (default-clean) @ pgjdbc-aggregate ---
[INFO] 
[INFO] --- maven-antrun-plugin:1.7:run (create-unzipjdkant.xml) @ pgjdbc-aggregate ---
[INFO] Executing tasks

main:
     [echo] Generating /home/travis/build/pgjdbc/pgjdbc/target/unzip-jdk-ant.xml
[INFO] Executed tasks
[INFO] ------------------------------------------------------------------------
[INFO] Reactor Summary:
[INFO] 
[INFO] PostgreSQL JDBC Driver - JDBC 4.2 .................. SUCCESS [02:38 min]
[INFO] PostgreSQL JDBC Driver - benchmarks ................ SUCCESS [ 12.342 s]
[INFO] PostgreSQL JDBC Driver aggregate ................... SUCCESS [  0.122 s]
[INFO] ------------------------------------------------------------------------
[INFO] BUILD SUCCESS
[INFO] ------------------------------------------------------------------------
[INFO] Total time: 02:52 min
[INFO] Finished at: 2016-03-22T09:55:35+00:00
[INFO] Final Memory: 40M/849M
[INFO] ------------------------------------------------------------------------
+[[ '' == \Y ]]

travis_time:end:0bdb36e1:start=1458640360494401873,finish=1458640541535984804,duration=181041582931[0K
[32;1mThe command "./travis_build.sh" exited with 0.[0m
travis_fold:start:before_cache[0Ktravis_time:start:173eb8ac[0K$ rm -rf $HOME/.m2/repository/org/postgresql

travis_time:end:173eb8ac:start=1458640541541257457,finish=1458640541546691486,duration=5434029[0Ktravis_fold:end:before_cache[0Ktravis_fold:start:cache.2[0Kstore build cache
travis_time:start:2dc9ecc0[0K
travis_time:end:2dc9ecc0:start=1458640541551793124,finish=1458640541555666348,duration=3873224[0Ktravis_time:start:01083dcd[0K[32;1mnothing changed, not updating cache[0m

travis_time:end:01083dcd:start=1458640541560569230,finish=1458640542090493702,duration=529924472[0Ktravis_fold:end:cache.2[0Ktravis_fold:start:after_success[0Ktravis_time:start:141b2680[0K$ test $TRAVIS_PULL_REQUEST == 'false' && test $TRAVIS_BRANCH == 'master' && test $PG_VERSION == '9.4' && ./travis_deploy.sh

travis_time:end:141b2680:start=1458640542096128488,finish=1458640542100594388,duration=4465900[0Ktravis_fold:end:after_success[0K
Done. Your build exited with 0.
