travis_fold:start:worker_info[0K[33;1mWorker information[0m
hostname: i-09837f1-precise-production-2-worker-org-docker.travisci.net:f2a5550d-5c98-4217-bd2f-9d56c7a5d1d3
version: v2.5.0 https://github.com/travis-ci/worker/tree/da3a43228dffc0fcca5a46569ca786b22991979f
instance: d0b1944:travis:java
startup: 657.985812ms
travis_fold:end:worker_info[0Ktravis_fold:start:system_info[0K[33;1mBuild system information[0m
Build language: java
Build group: stable
Build dist: precise
Build id: 201743360
Job id: 201743361
travis-build version: 568234e7c
[34m[1mBuild image provisioning date and time[0m
Thu Feb  5 15:09:33 UTC 2015
[34m[1mOperating System Details[0m
Distributor ID:	Ubuntu
Description:	Ubuntu 12.04.5 LTS
Release:	12.04
Codename:	precise
[34m[1mLinux Version[0m
3.13.0-29-generic
[34m[1mCookbooks Version[0m
a68419e https://github.com/travis-ci/travis-cookbooks/tree/a68419e
[34m[1mGCC version[0m
gcc (Ubuntu/Linaro 4.6.3-1ubuntu5) 4.6.3
Copyright (C) 2011 Free Software Foundation, Inc.
This is free software; see the source for copying conditions.  There is NO
warranty; not even for MERCHANTABILITY or FITNESS FOR A PARTICULAR PURPOSE.

[34m[1mLLVM version[0m
clang version 3.4 (tags/RELEASE_34/final)
Target: x86_64-unknown-linux-gnu
Thread model: posix
[34m[1mPre-installed Ruby versions[0m
ruby-1.9.3-p551
[34m[1mPre-installed Node.js versions[0m
v0.10.36
[34m[1mPre-installed Go versions[0m
1.4.1
[34m[1mRedis version[0m
redis-server 2.8.19
[34m[1mriak version[0m
2.0.2
[34m[1mMongoDB version[0m
MongoDB 2.4.12
[34m[1mCouchDB version[0m
couchdb 1.6.1
[34m[1mNeo4j version[0m
1.9.4
[34m[1mRabbitMQ Version[0m
3.4.3
[34m[1mElasticSearch version[0m
1.4.0
[34m[1mInstalled Sphinx versions[0m
2.0.10
2.1.9
2.2.6
[34m[1mDefault Sphinx version[0m
2.2.6
[34m[1mInstalled Firefox version[0m
firefox 31.0esr
[34m[1mPhantomJS version[0m
1.9.8
[34m[1mant -version[0m
Apache Ant(TM) version 1.8.2 compiled on December 3 2011
[34m[1mmvn -version[0m
Apache Maven 3.2.5 (12a6b3acb947671f09b81f49094c53f426d8cea1; 2014-12-14T17:29:23+00:00)
Maven home: /usr/local/maven
Java version: 1.7.0_76, vendor: Oracle Corporation
Java home: /usr/lib/jvm/java-7-oracle/jre
Default locale: en_US, platform encoding: ANSI_X3.4-1968
OS name: "linux", version: "3.13.0-29-generic", arch: "amd64", family: "unix"
travis_fold:end:system_info[0K
travis_fold:start:fix.CVE-2015-7547[0K$ export DEBIAN_FRONTEND=noninteractive
W: Size of file /var/lib/apt/lists/security.ubuntu.com_ubuntu_dists_precise-security_restricted_binary-amd64_Packages.gz is not what the server reported 13782 14904
W: Size of file /var/lib/apt/lists/us.archive.ubuntu.com_ubuntu_dists_precise-updates_restricted_binary-amd64_Packages.gz is not what the server reported 19578 20785
W: Size of file /var/lib/apt/lists/security.ubuntu.com_ubuntu_dists_precise-security_restricted_binary-i386_Packages.gz is not what the server reported 13762 14885
W: Size of file /var/lib/apt/lists/us.archive.ubuntu.com_ubuntu_dists_precise-updates_restricted_binary-i386_Packages.gz is not what the server reported 19540 20707
W: Size of file /var/lib/apt/lists/us.archive.ubuntu.com_ubuntu_dists_precise-backports_multiverse_source_Sources.gz is not what the server reported 5886 5888
W: Size of file /var/lib/apt/lists/ppa.launchpad.net_travis-ci_zero-mq_ubuntu_dists_precise_main_binary-amd64_Packages.gz is not what the server reported 832 1195
W: Size of file /var/lib/apt/lists/ppa.launchpad.net_ubuntugis_ppa_ubuntu_dists_precise_main_binary-amd64_Packages.gz is not what the server reported 33645 36677
W: Size of file /var/lib/apt/lists/ppa.launchpad.net_ubuntugis_ppa_ubuntu_dists_precise_main_binary-i386_Packages.gz is not what the server reported 33703 36733
Reading package lists...
Building dependency tree...
Reading state information...
The following extra packages will be installed:
  libc-bin libc-dev-bin libc6-dev
Suggested packages:
  glibc-doc
The following packages will be upgraded:
  libc-bin libc-dev-bin libc6 libc6-dev
4 upgraded, 0 newly installed, 0 to remove and 271 not upgraded.
Need to get 8,840 kB of archives.
After this operation, 14.3 kB disk space will be freed.
Get:1 http://us.archive.ubuntu.com/ubuntu/ precise-updates/main libc6-dev amd64 2.15-0ubuntu10.15 [2,943 kB]
Get:2 http://us.archive.ubuntu.com/ubuntu/ precise-updates/main libc-dev-bin amd64 2.15-0ubuntu10.15 [84.7 kB]
Get:3 http://us.archive.ubuntu.com/ubuntu/ precise-updates/main libc-bin amd64 2.15-0ubuntu10.15 [1,177 kB]
Get:4 http://us.archive.ubuntu.com/ubuntu/ precise-updates/main libc6 amd64 2.15-0ubuntu10.15 [4,636 kB]
Fetched 8,840 kB in 0s (23.0 MB/s)
Preconfiguring packages ...
(Reading database ... (Reading database ... 5%(Reading database ... 10%(Reading database ... 15%(Reading database ... 20%(Reading database ... 25%(Reading database ... 30%(Reading database ... 35%(Reading database ... 40%(Reading database ... 45%(Reading database ... 50%(Reading database ... 55%(Reading database ... 60%(Reading database ... 65%(Reading database ... 70%(Reading database ... 75%(Reading database ... 80%(Reading database ... 85%(Reading database ... 90%(Reading database ... 95%(Reading database ... 100%(Reading database ... 72019 files and directories currently installed.)
Preparing to replace libc6-dev 2.15-0ubuntu10.10 (using .../libc6-dev_2.15-0ubuntu10.15_amd64.deb) ...
Unpacking replacement libc6-dev ...
Preparing to replace libc-dev-bin 2.15-0ubuntu10.10 (using .../libc-dev-bin_2.15-0ubuntu10.15_amd64.deb) ...
Unpacking replacement libc-dev-bin ...
Preparing to replace libc-bin 2.15-0ubuntu10.10 (using .../libc-bin_2.15-0ubuntu10.15_amd64.deb) ...
Unpacking replacement libc-bin ...
Processing triggers for man-db ...
Setting up libc-bin (2.15-0ubuntu10.15) ...
(Reading database ... (Reading database ... 5%(Reading database ... 10%(Reading database ... 15%(Reading database ... 20%(Reading database ... 25%(Reading database ... 30%(Reading database ... 35%(Reading database ... 40%(Reading database ... 45%(Reading database ... 50%(Reading database ... 55%(Reading database ... 60%(Reading database ... 65%(Reading database ... 70%(Reading database ... 75%(Reading database ... 80%(Reading database ... 85%(Reading database ... 90%(Reading database ... 95%(Reading database ... 100%(Reading database ... 72018 files and directories currently installed.)
Preparing to replace libc6 2.15-0ubuntu10.10 (using .../libc6_2.15-0ubuntu10.15_amd64.deb) ...
Unpacking replacement libc6 ...
Setting up libc6 (2.15-0ubuntu10.15) ...
Setting up libc-dev-bin (2.15-0ubuntu10.15) ...
Setting up libc6-dev (2.15-0ubuntu10.15) ...
Processing triggers for libc-bin ...
ldconfig deferred processing now taking place
travis_fold:end:fix.CVE-2015-7547[0K$ jdk_switcher use oraclejdk8
Switching to Oracle JDK8 (java-8-oracle), JAVA_HOME will be set to /usr/lib/jvm/java-8-oracle
travis_fold:start:git.checkout[0Ktravis_time:start:058fdccb[0K$ git clone --depth=50 --branch=jw/2017-02-13/error-prone https://github.com/square/okio.git square/okio
Cloning into 'square/okio'...
remote: Counting objects: 801, done.[K
remote: Compressing objects:   0% (1/396)   [Kremote: Compressing objects:   1% (4/396)   [Kremote: Compressing objects:   2% (8/396)   [Kremote: Compressing objects:   3% (12/396)   [Kremote: Compressing objects:   4% (16/396)   [Kremote: Compressing objects:   5% (20/396)   [Kremote: Compressing objects:   6% (24/396)   [Kremote: Compressing objects:   7% (28/396)   [Kremote: Compressing objects:   8% (32/396)   [Kremote: Compressing objects:   9% (36/396)   [Kremote: Compressing objects:  10% (40/396)   [Kremote: Compressing objects:  11% (44/396)   [Kremote: Compressing objects:  12% (48/396)   [Kremote: Compressing objects:  13% (52/396)   [Kremote: Compressing objects:  14% (56/396)   [Kremote: Compressing objects:  15% (60/396)   [Kremote: Compressing objects:  16% (64/396)   [Kremote: Compressing objects:  17% (68/396)   [Kremote: Compressing objects:  18% (72/396)   [Kremote: Compressing objects:  19% (76/396)   [Kremote: Compressing objects:  20% (80/396)   [Kremote: Compressing objects:  21% (84/396)   [Kremote: Compressing objects:  22% (88/396)   [Kremote: Compressing objects:  23% (92/396)   [Kremote: Compressing objects:  24% (96/396)   [Kremote: Compressing objects:  25% (99/396)   [Kremote: Compressing objects:  26% (103/396)   [Kremote: Compressing objects:  27% (107/396)   [Kremote: Compressing objects:  28% (111/396)   [Kremote: Compressing objects:  29% (115/396)   [Kremote: Compressing objects:  30% (119/396)   [Kremote: Compressing objects:  31% (123/396)   [Kremote: Compressing objects:  32% (127/396)   [Kremote: Compressing objects:  33% (131/396)   [Kremote: Compressing objects:  34% (135/396)   [Kremote: Compressing objects:  35% (139/396)   [Kremote: Compressing objects:  36% (143/396)   [Kremote: Compressing objects:  37% (147/396)   [Kremote: Compressing objects:  38% (151/396)   [Kremote: Compressing objects:  39% (155/396)   [Kremote: Compressing objects:  40% (159/396)   [Kremote: Compressing objects:  41% (163/396)   [Kremote: Compressing objects:  42% (167/396)   [Kremote: Compressing objects:  43% (171/396)   [Kremote: Compressing objects:  44% (175/396)   [Kremote: Compressing objects:  45% (179/396)   [Kremote: Compressing objects:  46% (183/396)   [Kremote: Compressing objects:  47% (187/396)   [Kremote: Compressing objects:  48% (191/396)   [Kremote: Compressing objects:  49% (195/396)   [Kremote: Compressing objects:  50% (198/396)   [Kremote: Compressing objects:  51% (202/396)   [Kremote: Compressing objects:  52% (206/396)   [Kremote: Compressing objects:  53% (210/396)   [Kremote: Compressing objects:  54% (214/396)   [Kremote: Compressing objects:  55% (218/396)   [Kremote: Compressing objects:  56% (222/396)   [Kremote: Compressing objects:  57% (226/396)   [Kremote: Compressing objects:  58% (230/396)   [Kremote: Compressing objects:  59% (234/396)   [Kremote: Compressing objects:  60% (238/396)   [Kremote: Compressing objects:  61% (242/396)   [Kremote: Compressing objects:  62% (246/396)   [Kremote: Compressing objects:  63% (250/396)   [Kremote: Compressing objects:  64% (254/396)   [Kremote: Compressing objects:  65% (258/396)   [Kremote: Compressing objects:  66% (262/396)   [Kremote: Compressing objects:  67% (266/396)   [Kremote: Compressing objects:  68% (270/396)   [Kremote: Compressing objects:  69% (274/396)   [Kremote: Compressing objects:  70% (278/396)   [Kremote: Compressing objects:  71% (282/396)   [Kremote: Compressing objects:  72% (286/396)   [Kremote: Compressing objects:  73% (290/396)   [Kremote: Compressing objects:  74% (294/396)   [Kremote: Compressing objects:  75% (297/396)   [Kremote: Compressing objects:  76% (301/396)   [Kremote: Compressing objects:  77% (305/396)   [Kremote: Compressing objects:  78% (309/396)   [Kremote: Compressing objects:  79% (313/396)   [Kremote: Compressing objects:  80% (317/396)   [Kremote: Compressing objects:  81% (321/396)   [Kremote: Compressing objects:  82% (325/396)   [Kremote: Compressing objects:  83% (329/396)   [Kremote: Compressing objects:  84% (333/396)   [Kremote: Compressing objects:  85% (337/396)   [Kremote: Compressing objects:  86% (341/396)   [Kremote: Compressing objects:  87% (345/396)   [Kremote: Compressing objects:  88% (349/396)   [Kremote: Compressing objects:  89% (353/396)   [Kremote: Compressing objects:  90% (357/396)   [Kremote: Compressing objects:  91% (361/396)   [Kremote: Compressing objects:  92% (365/396)   [Kremote: Compressing objects:  93% (369/396)   [Kremote: Compressing objects:  94% (373/396)   [Kremote: Compressing objects:  95% (377/396)   [Kremote: Compressing objects:  96% (381/396)   [Kremote: Compressing objects:  97% (385/396)   [Kremote: Compressing objects:  98% (389/396)   [Kremote: Compressing objects:  99% (393/396)   [Kremote: Compressing objects: 100% (396/396)   [Kremote: Compressing objects: 100% (396/396), done.[K
Receiving objects:   0% (1/801)   Receiving objects:   1% (9/801)   Receiving objects:   2% (17/801)   Receiving objects:   3% (25/801)   Receiving objects:   4% (33/801)   Receiving objects:   5% (41/801)   Receiving objects:   6% (49/801)   Receiving objects:   7% (57/801)   Receiving objects:   8% (65/801)   Receiving objects:   9% (73/801)   Receiving objects:  10% (81/801)   Receiving objects:  11% (89/801)   Receiving objects:  12% (97/801)   Receiving objects:  13% (105/801)   Receiving objects:  14% (113/801)   Receiving objects:  15% (121/801)   Receiving objects:  16% (129/801)   Receiving objects:  17% (137/801)   Receiving objects:  18% (145/801)   Receiving objects:  19% (153/801)   Receiving objects:  20% (161/801)   Receiving objects:  21% (169/801)   Receiving objects:  22% (177/801)   Receiving objects:  23% (185/801)   Receiving objects:  24% (193/801)   Receiving objects:  25% (201/801)   Receiving objects:  26% (209/801)   Receiving objects:  27% (217/801)   Receiving objects:  28% (225/801)   Receiving objects:  29% (233/801)   Receiving objects:  30% (241/801)   Receiving objects:  31% (249/801)   Receiving objects:  32% (257/801)   Receiving objects:  33% (265/801)   Receiving objects:  34% (273/801)   Receiving objects:  35% (281/801)   Receiving objects:  36% (289/801)   Receiving objects:  37% (297/801)   Receiving objects:  38% (305/801)   Receiving objects:  39% (313/801)   Receiving objects:  40% (321/801)   remote: Total 801 (delta 320), reused 687 (delta 235), pack-reused 0[K
Receiving objects:  41% (329/801)   Receiving objects:  42% (337/801)   Receiving objects:  43% (345/801)   Receiving objects:  44% (353/801)   Receiving objects:  45% (361/801)   Receiving objects:  46% (369/801)   Receiving objects:  47% (377/801)   Receiving objects:  48% (385/801)   Receiving objects:  49% (393/801)   Receiving objects:  50% (401/801)   Receiving objects:  51% (409/801)   Receiving objects:  52% (417/801)   Receiving objects:  53% (425/801)   Receiving objects:  54% (433/801)   Receiving objects:  55% (441/801)   Receiving objects:  56% (449/801)   Receiving objects:  57% (457/801)   Receiving objects:  58% (465/801)   Receiving objects:  59% (473/801)   Receiving objects:  60% (481/801)   Receiving objects:  61% (489/801)   Receiving objects:  62% (497/801)   Receiving objects:  63% (505/801)   Receiving objects:  64% (513/801)   Receiving objects:  65% (521/801)   Receiving objects:  66% (529/801)   Receiving objects:  67% (537/801)   Receiving objects:  68% (545/801)   Receiving objects:  69% (553/801)   Receiving objects:  70% (561/801)   Receiving objects:  71% (569/801)   Receiving objects:  72% (577/801)   Receiving objects:  73% (585/801)   Receiving objects:  74% (593/801)   Receiving objects:  75% (601/801)   Receiving objects:  76% (609/801)   Receiving objects:  77% (617/801)   Receiving objects:  78% (625/801)   Receiving objects:  79% (633/801)   Receiving objects:  80% (641/801)   Receiving objects:  81% (649/801)   Receiving objects:  82% (657/801)   Receiving objects:  83% (665/801)   Receiving objects:  84% (673/801)   Receiving objects:  85% (681/801)   Receiving objects:  86% (689/801)   Receiving objects:  87% (697/801)   Receiving objects:  88% (705/801)   Receiving objects:  89% (713/801)   Receiving objects:  90% (721/801)   Receiving objects:  91% (729/801)   Receiving objects:  92% (737/801)   Receiving objects:  93% (745/801)   Receiving objects:  94% (753/801)   Receiving objects:  95% (761/801)   Receiving objects:  96% (769/801)   Receiving objects:  97% (777/801)   Receiving objects:  98% (785/801)   Receiving objects:  99% (793/801)   Receiving objects: 100% (801/801)   Receiving objects: 100% (801/801), 240.01 KiB | 0 bytes/s, done.
Resolving deltas:   0% (0/320)   Resolving deltas:   1% (4/320)   Resolving deltas:  23% (75/320)   Resolving deltas:  25% (80/320)   Resolving deltas:  27% (87/320)   Resolving deltas:  30% (98/320)   Resolving deltas:  32% (104/320)   Resolving deltas:  33% (108/320)   Resolving deltas:  39% (125/320)   Resolving deltas:  40% (130/320)   Resolving deltas:  44% (142/320)   Resolving deltas:  49% (158/320)   Resolving deltas:  50% (160/320)   Resolving deltas:  52% (167/320)   Resolving deltas:  53% (170/320)   Resolving deltas:  54% (173/320)   Resolving deltas:  58% (186/320)   Resolving deltas:  59% (190/320)   Resolving deltas:  60% (193/320)   Resolving deltas:  61% (197/320)   Resolving deltas:  71% (230/320)   Resolving deltas:  72% (231/320)   Resolving deltas:  75% (241/320)   Resolving deltas:  76% (245/320)   Resolving deltas:  79% (254/320)   Resolving deltas:  80% (257/320)   Resolving deltas:  81% (260/320)   Resolving deltas:  82% (264/320)   Resolving deltas:  85% (275/320)   Resolving deltas:  86% (276/320)   Resolving deltas:  89% (285/320)   Resolving deltas:  90% (290/320)   Resolving deltas:  91% (292/320)   Resolving deltas:  92% (295/320)   Resolving deltas: 100% (320/320)   Resolving deltas: 100% (320/320), done.
Checking connectivity... done.

travis_time:end:058fdccb:start=1487130220067504643,finish=1487130220752383688,duration=684879045[0K$ cd square/okio
$ git checkout -qf c8f79c888a31931fbac2d8a5be69ccd35d895d2d
travis_fold:end:git.checkout[0Ktravis_fold:start:apt[0K[33;1mInstalling APT Packages (BETA)[0m
$ export DEBIAN_FRONTEND=noninteractive
travis_time:start:21d911b0[0K$ sudo -E apt-get -yq update &>> ~/apt-get-update.log

travis_time:end:21d911b0:start=1487130220792776671,finish=1487130227164888713,duration=6372112042[0Ktravis_time:start:3226e3c0[0K$ sudo -E apt-get -yq --no-install-suggests --no-install-recommends --force-yes install oracle-java8-installer
Reading package lists...
Building dependency tree...
Reading state information...
Suggested packages:
  binfmt-support visualvm ttf-baekmuk ttf-unfonts ttf-unfonts-core
  ttf-kochi-gothic ttf-sazanami-gothic ttf-kochi-mincho ttf-sazanami-mincho
  ttf-arphic-uming
Recommended packages:
  oracle-java8-set-default
The following packages will be upgraded:
  oracle-java8-installer
1 upgraded, 0 newly installed, 0 to remove and 270 not upgraded.
Need to get 23.8 kB of archives.
After this operation, 127 kB disk space will be freed.
Get:1 http://ppa.launchpad.net/webupd8team/java/ubuntu/ precise/main oracle-java8-installer all 8u121-1~webupd8~0 [23.8 kB]
Fetched 23.8 kB in 0s (102 kB/s)
Preconfiguring packages ...
(Reading database ... (Reading database ... 5%(Reading database ... 10%(Reading database ... 15%(Reading database ... 20%(Reading database ... 25%(Reading database ... 30%(Reading database ... 35%(Reading database ... 40%(Reading database ... 45%(Reading database ... 50%(Reading database ... 55%(Reading database ... 60%(Reading database ... 65%(Reading database ... 70%(Reading database ... 75%(Reading database ... 80%(Reading database ... 85%(Reading database ... 90%(Reading database ... 95%(Reading database ... 100%(Reading database ... 72018 files and directories currently installed.)
Preparing to replace oracle-java8-installer 8u31+8u33arm-1~webupd8~1 (using .../oracle-java8-installer_8u121-1~webupd8~0_all.deb) ...
oracle-license-v1-1 license has already been accepted
Unpacking replacement oracle-java8-installer ...
Processing triggers for shared-mime-info ...
Setting up oracle-java8-installer (8u121-1~webupd8~0) ...
No /var/cache/oracle-jdk8-installer/wgetrc file found.
Creating /var/cache/oracle-jdk8-installer/wgetrc and
using default oracle-java8-installer wgetrc settings for it.
Downloading Oracle Java 8...
--2017-02-15 03:43:57--  http://download.oracle.com/otn-pub/java/jdk/8u121-b13/e9e7ea248e2c4826b92b3f075a80e441/jdk-8u121-linux-x64.tar.gz
Resolving download.oracle.com (download.oracle.com)... 104.96.221.210, 104.96.221.187
Connecting to download.oracle.com (download.oracle.com)|104.96.221.210|:80... connected.
HTTP request sent, awaiting response... 302 Moved Temporarily
Location: https://edelivery.oracle.com/otn-pub/java/jdk/8u121-b13/e9e7ea248e2c4826b92b3f075a80e441/jdk-8u121-linux-x64.tar.gz [following]
--2017-02-15 03:43:57--  https://edelivery.oracle.com/otn-pub/java/jdk/8u121-b13/e9e7ea248e2c4826b92b3f075a80e441/jdk-8u121-linux-x64.tar.gz
Resolving edelivery.oracle.com (edelivery.oracle.com)... 23.49.182.138, 2001:668:108:708e::2d3e, 2001:668:108:70bc::2d3e
Connecting to edelivery.oracle.com (edelivery.oracle.com)|23.49.182.138|:443... connected.
HTTP request sent, awaiting response... 302 Moved Temporarily
Location: http://download.oracle.com/otn-pub/java/jdk/8u121-b13/e9e7ea248e2c4826b92b3f075a80e441/jdk-8u121-linux-x64.tar.gz?AuthParam=1487130356_cb7cfd7f66588416a983fd71a7fd3240 [following]
--2017-02-15 03:43:57--  http://download.oracle.com/otn-pub/java/jdk/8u121-b13/e9e7ea248e2c4826b92b3f075a80e441/jdk-8u121-linux-x64.tar.gz?AuthParam=1487130356_cb7cfd7f66588416a983fd71a7fd3240
Connecting to download.oracle.com (download.oracle.com)|104.96.221.210|:80... connected.
HTTP request sent, awaiting response... 200 OK
Length: 183246769 (175M) [application/x-gzip]
Saving to: `jdk-8u121-linux-x64.tar.gz'

     0K ........ ........ ........ ........ ........ ........  1% 70.6M 2s
  3072K ........ ........ ........ ........ ........ ........  3% 64.9M 2s
  6144K ........ ........ ........ ........ ........ ........  5% 44.5M 3s
  9216K ........ ........ ........ ........ ........ ........  6% 56.3M 3s
 12288K ........ ........ ........ ........ ........ ........  8% 67.5M 3s
 15360K ........ ........ ........ ........ ........ ........ 10% 59.3M 3s
 18432K ........ ........ ........ ........ ........ ........ 12% 61.0M 3s
 21504K ........ ........ ........ ........ ........ ........ 13% 52.3M 3s
 24576K ........ ........ ........ ........ ........ ........ 15% 71.6M 2s
 27648K ........ ........ ........ ........ ........ ........ 17% 45.4M 3s
 30720K ........ ........ ........ ........ ........ ........ 18% 57.4M 2s
 33792K ........ ........ ........ ........ ........ ........ 20% 61.3M 2s
 36864K ........ ........ ........ ........ ........ ........ 22% 59.6M 2s
 39936K ........ ........ ........ ........ ........ ........ 24% 64.0M 2s
 43008K ........ ........ ........ ........ ........ ........ 25% 46.6M 2s
 46080K ........ ........ ........ ........ ........ ........ 27% 50.0M 2s
 49152K ........ ........ ........ ........ ........ ........ 29% 32.2M 2s
 52224K ........ ........ ........ ........ ........ ........ 30% 30.3M 2s
 55296K ........ ........ ........ ........ ........ ........ 32% 51.1M 2s
 58368K ........ ........ ........ ........ ........ ........ 34% 51.3M 2s
 61440K ........ ........ ........ ........ ........ ........ 36% 35.5M 2s
 64512K ........ ........ ........ ........ ........ ........ 37% 67.4M 2s
 67584K ........ ........ ........ ........ ........ ........ 39% 49.1M 2s
 70656K ........ ........ ........ ........ ........ ........ 41% 60.2M 2s
 73728K ........ ........ ........ ........ ........ ........ 42% 56.0M 2s
 76800K ........ ........ ........ ........ ........ ........ 44% 71.5M 2s
 79872K ........ ........ ........ ........ ........ ........ 46% 68.9M 2s
 82944K ........ ........ ........ ........ ........ ........ 48% 40.8M 2s
 86016K ........ ........ ........ ........ ........ ........ 49% 36.5M 2s
 89088K ........ ........ ........ ........ ........ ........ 51% 37.0M 2s
 92160K ........ ........ ........ ........ ........ ........ 53% 31.7M 2s
 95232K ........ ........ ........ ........ ........ ........ 54% 33.9M 2s
 98304K ........ ........ ........ ........ ........ ........ 56% 30.3M 2s
101376K ........ ........ ........ ........ ........ ........ 58% 33.5M 2s
104448K ........ ........ ........ ........ ........ ........ 60% 30.5M 1s
107520K ........ ........ ........ ........ ........ ........ 61% 36.7M 1s
110592K ........ ........ ........ ........ ........ ........ 63% 35.5M 1s
113664K ........ ........ ........ ........ ........ ........ 65% 32.8M 1s
116736K ........ ........ ........ ........ ........ ........ 66% 24.0M 1s
119808K ........ ........ ........ ........ ........ ........ 68% 40.3M 1s
122880K ........ ........ ........ ........ ........ ........ 70% 38.8M 1s
125952K ........ ........ ........ ........ ........ ........ 72% 43.0M 1s
129024K ........ ........ ........ ........ ........ ........ 73% 40.5M 1s
132096K ........ ........ ........ ........ ........ ........ 75% 38.8M 1s
135168K ........ ........ ........ ........ ........ ........ 77% 36.3M 1s
138240K ........ ........ ........ ........ ........ ........ 78% 34.8M 1s
141312K ........ ........ ........ ........ ........ ........ 80% 63.3M 1s
144384K ........ ........ ........ ........ ........ ........ 82% 75.2M 1s
147456K ........ ........ ........ ........ ........ ........ 84% 22.8M 1s
150528K ........ ........ ........ ........ ........ ........ 85% 71.1M 1s
153600K ........ ........ ........ ........ ........ ........ 87% 59.7M 0s
156672K ........ ........ ........ ........ ........ ........ 89% 81.3M 0s
159744K ........ ........ ........ ........ ........ ........ 90% 66.3M 0s
162816K ........ ........ ........ ........ ........ ........ 92% 68.6M 0s
165888K ........ ........ ........ ........ ........ ........ 94% 65.9M 0s
168960K ........ ........ ........ ........ ........ ........ 96% 80.5M 0s
172032K ........ ........ ........ ........ ........ ........ 97% 70.4M 0s
175104K ........ ........ ........ ........ ........ ........ 99% 76.3M 0s
178176K ........ ....                                        100% 56.4M=3.8s

2017-02-15 03:44:01 (46.3 MB/s) - `jdk-8u121-linux-x64.tar.gz' saved [183246769/183246769]

Download done.
Removing outdated cached downloads...
Oracle JRE 8 browser plugin installed
Oracle JDK 8 installed

#####Important########
To set Oracle JDK8 as default, install the "oracle-java8-set-default" package.
E.g.: sudo apt install oracle-java8-set-default
On Ubuntu systems, oracle-java8-set-default is most probably installed
automatically with this package.
######################


travis_time:end:3226e3c0:start=1487130227188850461,finish=1487130250182428201,duration=22993577740[0Ktravis_fold:end:apt[0K
[33;1mThis job is running on container-based infrastructure, which does not allow use of 'sudo', setuid and setguid executables.[0m
[33;1mIf you require sudo, add 'sudo: required' to your .travis.yml[0m
[33;1mSee https://docs.travis-ci.com/user/workers/container-based-infrastructure/ for details.[0m

[33;1mSetting environment variables from .travis.yml[0m
$ export CI_DEPLOY_USERNAME=[secure]
$ export CI_DEPLOY_PASSWORD=[secure]

travis_fold:start:cache.1[0KSetting up build cache
$ export CASHER_DIR=$HOME/.casher
travis_time:start:17bcf442[0K$ Installing caching utilities

travis_time:end:17bcf442:start=1487130255216344501,finish=1487130255300936715,duration=84592214[0Ktravis_time:start:29ebf860[0K
travis_time:end:29ebf860:start=1487130255328939895,finish=1487130255340968277,duration=12028382[0Ktravis_time:start:0295488c[0K[32;1mattempting to download cache archive[0m
[32;1mfetching jw2017-02-13error-prone/cache-linux-precise-e3b0c44298fc1c149afbf4c8996fb92427ae41e4649b934ca495991b7852b855--jdk-oraclejdk8.tgz[0m
[32;1mfound cache[0m

travis_time:end:0295488c:start=1487130255357013422,finish=1487130257548889480,duration=2191876058[0Ktravis_time:start:0c5c1df0[0K
travis_time:end:0c5c1df0:start=1487130257564924547,finish=1487130257580820924,duration=15896377[0Ktravis_time:start:039301e2[0K[32;1madding /home/travis/.m2 to cache[0m

travis_time:end:039301e2:start=1487130257604783598,finish=1487130260292769448,duration=2687985850[0Ktravis_fold:end:cache.1[0K$ java -Xmx32m -version
java version "1.8.0_121"
Java(TM) SE Runtime Environment (build 1.8.0_121-b13)
Java HotSpot(TM) 64-Bit Server VM (build 25.121-b13, mixed mode)
$ javac -J-Xmx32m -version
javac 1.8.0_121
travis_fold:start:install[0Ktravis_time:start:03c352b9[0K$ mvn install -DskipTests=true -Dmaven.javadoc.skip=true -B -V
Java HotSpot(TM) 64-Bit Server VM warning: ignoring option MaxPermSize=192m; support was removed in 8.0
Apache Maven 3.2.5 (12a6b3acb947671f09b81f49094c53f426d8cea1; 2014-12-14T17:29:23+00:00)
Maven home: /usr/local/maven
Java version: 1.8.0_121, vendor: Oracle Corporation
Java home: /usr/lib/jvm/java-8-oracle/jre
Default locale: en_US, platform encoding: UTF-8
OS name: "linux", version: "4.8.12-040812-generic", arch: "amd64", family: "unix"
[INFO] Scanning for projects...
[INFO] ------------------------------------------------------------------------
[INFO] Reactor Build Order:
[INFO] 
[INFO] Okio (Parent)
[INFO] Okio
[INFO] Okio Performance Benchmarks
[INFO]                                                                         
[INFO] ------------------------------------------------------------------------
[INFO] Building Okio (Parent) 1.11.0-SNAPSHOT
[INFO] ------------------------------------------------------------------------
[INFO] 
[INFO] --- maven-enforcer-plugin:1.0:enforce (enforce-maven) @ okio-parent ---
[INFO] 
[INFO] --- maven-install-plugin:2.4:install (default-install) @ okio-parent ---
[INFO] Installing /home/travis/build/square/okio/pom.xml to /home/travis/.m2/repository/com/squareup/okio/okio-parent/1.11.0-SNAPSHOT/okio-parent-1.11.0-SNAPSHOT.pom
[INFO]                                                                         
[INFO] ------------------------------------------------------------------------
[INFO] Building Okio 1.11.0-SNAPSHOT
[INFO] ------------------------------------------------------------------------
[INFO] Downloading: https://repo.maven.apache.org/maven2/org/apache/maven/plugins/maven-compiler-plugin/3.6.1/maven-compiler-plugin-3.6.1.pom
[INFO] Downloaded: https://repo.maven.apache.org/maven2/org/apache/maven/plugins/maven-compiler-plugin/3.6.1/maven-compiler-plugin-3.6.1.pom (11 KB at 8.0 KB/sec)
[INFO] Downloading: https://repo.maven.apache.org/maven2/org/apache/maven/plugins/maven-plugins/30/maven-plugins-30.pom
[INFO] Downloaded: https://repo.maven.apache.org/maven2/org/apache/maven/plugins/maven-plugins/30/maven-plugins-30.pom (10 KB at 187.4 KB/sec)
[INFO] Downloading: https://repo.maven.apache.org/maven2/org/apache/maven/maven-parent/30/maven-parent-30.pom
[INFO] Downloaded: https://repo.maven.apache.org/maven2/org/apache/maven/maven-parent/30/maven-parent-30.pom (41 KB at 552.8 KB/sec)
[INFO] Downloading: https://repo.maven.apache.org/maven2/org/apache/apache/18/apache-18.pom
[INFO] Downloaded: https://repo.maven.apache.org/maven2/org/apache/apache/18/apache-18.pom (16 KB at 425.0 KB/sec)
[INFO] Downloading: https://repo.maven.apache.org/maven2/org/apache/maven/plugins/maven-compiler-plugin/3.6.1/maven-compiler-plugin-3.6.1.jar
[INFO] Downloaded: https://repo.maven.apache.org/maven2/org/apache/maven/plugins/maven-compiler-plugin/3.6.1/maven-compiler-plugin-3.6.1.jar (58 KB at 1040.9 KB/sec)
[INFO] 
[INFO] --- maven-enforcer-plugin:1.0:enforce (enforce-maven) @ okio ---
[INFO] 
[INFO] --- maven-resources-plugin:2.6:resources (default-resources) @ okio ---
[INFO] Using 'UTF-8' encoding to copy filtered resources.
[INFO] skip non existing resourceDirectory /home/travis/build/square/okio/okio/src/main/resources
[INFO] 
[INFO] --- maven-compiler-plugin:3.6.1:compile (default-compile) @ okio ---
[INFO] Downloading: https://repo.maven.apache.org/maven2/org/codehaus/plexus/plexus-compiler-javac-errorprone/2.8.1/plexus-compiler-javac-errorprone-2.8.1.pom
[INFO] Downloaded: https://repo.maven.apache.org/maven2/org/codehaus/plexus/plexus-compiler-javac-errorprone/2.8.1/plexus-compiler-javac-errorprone-2.8.1.pom (2 KB at 41.5 KB/sec)
[INFO] Downloading: https://repo.maven.apache.org/maven2/org/codehaus/plexus/plexus-compilers/2.8.1/plexus-compilers-2.8.1.pom
[INFO] Downloaded: https://repo.maven.apache.org/maven2/org/codehaus/plexus/plexus-compilers/2.8.1/plexus-compilers-2.8.1.pom (2 KB at 67.6 KB/sec)
[INFO] Downloading: https://repo.maven.apache.org/maven2/org/codehaus/plexus/plexus-compiler/2.8.1/plexus-compiler-2.8.1.pom
[INFO] Downloaded: https://repo.maven.apache.org/maven2/org/codehaus/plexus/plexus-compiler/2.8.1/plexus-compiler-2.8.1.pom (5 KB at 122.2 KB/sec)
[INFO] Downloading: https://repo.maven.apache.org/maven2/org/codehaus/plexus/plexus-compiler-javac/2.8.1/plexus-compiler-javac-2.8.1.pom
[INFO] Downloaded: https://repo.maven.apache.org/maven2/org/codehaus/plexus/plexus-compiler-javac/2.8.1/plexus-compiler-javac-2.8.1.pom (794 B at 32.3 KB/sec)
[INFO] Downloading: https://repo.maven.apache.org/maven2/org/codehaus/plexus/plexus-compiler-api/2.8.1/plexus-compiler-api-2.8.1.pom
[INFO] Downloaded: https://repo.maven.apache.org/maven2/org/codehaus/plexus/plexus-compiler-api/2.8.1/plexus-compiler-api-2.8.1.pom (893 B at 51.3 KB/sec)
[INFO] Downloading: https://repo.maven.apache.org/maven2/com/google/errorprone/error_prone_core/2.0.16/error_prone_core-2.0.16.pom
[INFO] Downloaded: https://repo.maven.apache.org/maven2/com/google/errorprone/error_prone_core/2.0.16/error_prone_core-2.0.16.pom (11 KB at 331.9 KB/sec)
[INFO] Downloading: https://repo.maven.apache.org/maven2/com/google/errorprone/error_prone_parent/2.0.16/error_prone_parent-2.0.16.pom
[INFO] Downloaded: https://repo.maven.apache.org/maven2/com/google/errorprone/error_prone_parent/2.0.16/error_prone_parent-2.0.16.pom (5 KB at 272.5 KB/sec)
[INFO] Downloading: https://repo.maven.apache.org/maven2/com/google/errorprone/error_prone_annotation/2.0.16/error_prone_annotation-2.0.16.pom
[INFO] Downloaded: https://repo.maven.apache.org/maven2/com/google/errorprone/error_prone_annotation/2.0.16/error_prone_annotation-2.0.16.pom (2 KB at 29.6 KB/sec)
[INFO] Downloading: https://repo.maven.apache.org/maven2/com/google/guava/guava/21.0/guava-21.0.pom
[INFO] Downloaded: https://repo.maven.apache.org/maven2/com/google/guava/guava/21.0/guava-21.0.pom (7 KB at 456.1 KB/sec)
[INFO] Downloading: https://repo.maven.apache.org/maven2/com/google/guava/guava-parent/21.0/guava-parent-21.0.pom
[INFO] Downloaded: https://repo.maven.apache.org/maven2/com/google/guava/guava-parent/21.0/guava-parent-21.0.pom (10 KB at 524.4 KB/sec)
[INFO] Downloading: https://repo.maven.apache.org/maven2/com/google/errorprone/error_prone_check_api/2.0.16/error_prone_check_api-2.0.16.pom
[INFO] Downloaded: https://repo.maven.apache.org/maven2/com/google/errorprone/error_prone_check_api/2.0.16/error_prone_check_api-2.0.16.pom (4 KB at 188.1 KB/sec)
[INFO] Downloading: https://repo.maven.apache.org/maven2/com/google/errorprone/javac/9-dev-r3297-2/javac-9-dev-r3297-2.pom
[INFO] Downloaded: https://repo.maven.apache.org/maven2/com/google/errorprone/javac/9-dev-r3297-2/javac-9-dev-r3297-2.pom (2 KB at 33.0 KB/sec)
[INFO] Downloading: https://repo.maven.apache.org/maven2/com/google/errorprone/error_prone_annotations/2.0.16/error_prone_annotations-2.0.16.pom
[INFO] Downloaded: https://repo.maven.apache.org/maven2/com/google/errorprone/error_prone_annotations/2.0.16/error_prone_annotations-2.0.16.pom (2 KB at 106.4 KB/sec)
[INFO] Downloading: https://repo.maven.apache.org/maven2/org/codehaus/plexus/plexus-component-annotations/1.6/plexus-component-annotations-1.6.pom
[INFO] Downloaded: https://repo.maven.apache.org/maven2/org/codehaus/plexus/plexus-component-annotations/1.6/plexus-component-annotations-1.6.pom (748 B at 19.7 KB/sec)
[INFO] Downloading: https://repo.maven.apache.org/maven2/org/codehaus/plexus/plexus-containers/1.6/plexus-containers-1.6.pom
[INFO] Downloaded: https://repo.maven.apache.org/maven2/org/codehaus/plexus/plexus-containers/1.6/plexus-containers-1.6.pom (4 KB at 126.8 KB/sec)
[INFO] Downloading: https://repo.maven.apache.org/maven2/org/codehaus/plexus/plexus/3.3.2/plexus-3.3.2.pom
[INFO] Downloaded: https://repo.maven.apache.org/maven2/org/codehaus/plexus/plexus/3.3.2/plexus-3.3.2.pom (22 KB at 488.9 KB/sec)
[INFO] Downloading: https://repo.maven.apache.org/maven2/org/apache/maven/shared/maven-shared-utils/3.1.0/maven-shared-utils-3.1.0.pom
[INFO] Downloaded: https://repo.maven.apache.org/maven2/org/apache/maven/shared/maven-shared-utils/3.1.0/maven-shared-utils-3.1.0.pom (5 KB at 30.2 KB/sec)
[INFO] Downloading: https://repo.maven.apache.org/maven2/org/apache/maven/shared/maven-shared-components/30/maven-shared-components-30.pom
[INFO] Downloaded: https://repo.maven.apache.org/maven2/org/apache/maven/shared/maven-shared-components/30/maven-shared-components-30.pom (5 KB at 54.6 KB/sec)
[INFO] Downloading: https://repo.maven.apache.org/maven2/commons-io/commons-io/2.5/commons-io-2.5.pom
[INFO] Downloaded: https://repo.maven.apache.org/maven2/commons-io/commons-io/2.5/commons-io-2.5.pom (13 KB at 166.4 KB/sec)
[INFO] Downloading: https://repo.maven.apache.org/maven2/org/apache/commons/commons-parent/39/commons-parent-39.pom
[INFO] Downloaded: https://repo.maven.apache.org/maven2/org/apache/commons/commons-parent/39/commons-parent-39.pom (61 KB at 332.5 KB/sec)
[INFO] Downloading: https://repo.maven.apache.org/maven2/org/ow2/asm/asm/6.0_ALPHA/asm-6.0_ALPHA.pom
[INFO] Downloaded: https://repo.maven.apache.org/maven2/org/ow2/asm/asm/6.0_ALPHA/asm-6.0_ALPHA.pom (2 KB at 105.2 KB/sec)
[INFO] Downloading: https://repo.maven.apache.org/maven2/org/ow2/asm/asm-parent/6.0_ALPHA/asm-parent-6.0_ALPHA.pom
[INFO] Downloaded: https://repo.maven.apache.org/maven2/org/ow2/asm/asm-parent/6.0_ALPHA/asm-parent-6.0_ALPHA.pom (6 KB at 179.0 KB/sec)
[INFO] Downloading: https://repo.maven.apache.org/maven2/com/thoughtworks/qdox/qdox/2.0-M5/qdox-2.0-M5.pom
[INFO] Downloaded: https://repo.maven.apache.org/maven2/com/thoughtworks/qdox/qdox/2.0-M5/qdox-2.0-M5.pom (16 KB at 435.0 KB/sec)
[INFO] Downloading: https://repo.maven.apache.org/maven2/org/sonatype/oss/oss-parent/9/oss-parent-9.pom
[INFO] Downloaded: https://repo.maven.apache.org/maven2/org/sonatype/oss/oss-parent/9/oss-parent-9.pom (7 KB at 337.6 KB/sec)
[INFO] Downloading: https://repo.maven.apache.org/maven2/org/codehaus/plexus/plexus-compiler-manager/2.8.1/plexus-compiler-manager-2.8.1.pom
[INFO] Downloaded: https://repo.maven.apache.org/maven2/org/codehaus/plexus/plexus-compiler-manager/2.8.1/plexus-compiler-manager-2.8.1.pom (713 B at 9.5 KB/sec)
[INFO] Downloading: https://repo.maven.apache.org/maven2/org/codehaus/plexus/plexus-compiler-javac-errorprone/2.8.1/plexus-compiler-javac-errorprone-2.8.1.jar
[INFO] Downloading: https://repo.maven.apache.org/maven2/com/google/errorprone/error_prone_core/2.0.16/error_prone_core-2.0.16.jar
[INFO] Downloading: https://repo.maven.apache.org/maven2/com/google/errorprone/error_prone_annotation/2.0.16/error_prone_annotation-2.0.16.jar
[INFO] Downloading: https://repo.maven.apache.org/maven2/com/google/guava/guava/21.0/guava-21.0.jar
[INFO] Downloading: https://repo.maven.apache.org/maven2/com/google/errorprone/error_prone_check_api/2.0.16/error_prone_check_api-2.0.16.jar
[INFO] Downloaded: https://repo.maven.apache.org/maven2/com/google/errorprone/error_prone_annotation/2.0.16/error_prone_annotation-2.0.16.jar (11 KB at 34.2 KB/sec)
[INFO] Downloading: https://repo.maven.apache.org/maven2/com/google/errorprone/javac/9-dev-r3297-2/javac-9-dev-r3297-2.jar
[INFO] Downloaded: https://repo.maven.apache.org/maven2/org/codehaus/plexus/plexus-compiler-javac-errorprone/2.8.1/plexus-compiler-javac-errorprone-2.8.1.jar (10 KB at 20.1 KB/sec)
[INFO] Downloading: https://repo.maven.apache.org/maven2/com/google/errorprone/error_prone_annotations/2.0.16/error_prone_annotations-2.0.16.jar
[INFO] Downloaded: https://repo.maven.apache.org/maven2/com/google/errorprone/error_prone_check_api/2.0.16/error_prone_check_api-2.0.16.jar (454 KB at 932.6 KB/sec)
[INFO] Downloading: https://repo.maven.apache.org/maven2/org/codehaus/plexus/plexus-component-annotations/1.6/plexus-component-annotations-1.6.jar
[INFO] Downloaded: https://repo.maven.apache.org/maven2/com/google/errorprone/error_prone_annotations/2.0.16/error_prone_annotations-2.0.16.jar (12 KB at 18.4 KB/sec)
[INFO] Downloading: https://repo.maven.apache.org/maven2/org/apache/maven/shared/maven-shared-utils/3.1.0/maven-shared-utils-3.1.0.jar
[INFO] Downloaded: https://repo.maven.apache.org/maven2/org/codehaus/plexus/plexus-component-annotations/1.6/plexus-component-annotations-1.6.jar (5 KB at 6.8 KB/sec)
[INFO] Downloading: https://repo.maven.apache.org/maven2/commons-io/commons-io/2.5/commons-io-2.5.jar
[INFO] Downloaded: https://repo.maven.apache.org/maven2/com/google/errorprone/error_prone_core/2.0.16/error_prone_core-2.0.16.jar (1292 KB at 1899.0 KB/sec)
[INFO] Downloading: https://repo.maven.apache.org/maven2/org/ow2/asm/asm/6.0_ALPHA/asm-6.0_ALPHA.jar
[INFO] Downloaded: https://repo.maven.apache.org/maven2/org/ow2/asm/asm/6.0_ALPHA/asm-6.0_ALPHA.jar (55 KB at 80.4 KB/sec)
[INFO] Downloading: https://repo.maven.apache.org/maven2/com/thoughtworks/qdox/qdox/2.0-M5/qdox-2.0-M5.jar
[INFO] Downloaded: https://repo.maven.apache.org/maven2/org/apache/maven/shared/maven-shared-utils/3.1.0/maven-shared-utils-3.1.0.jar (160 KB at 223.9 KB/sec)
[INFO] Downloading: https://repo.maven.apache.org/maven2/org/codehaus/plexus/plexus-compiler-api/2.8.1/plexus-compiler-api-2.8.1.jar
[INFO] Downloaded: https://repo.maven.apache.org/maven2/commons-io/commons-io/2.5/commons-io-2.5.jar (204 KB at 285.4 KB/sec)
[INFO] Downloading: https://repo.maven.apache.org/maven2/org/codehaus/plexus/plexus-compiler-manager/2.8.1/plexus-compiler-manager-2.8.1.jar
[INFO] Downloaded: https://repo.maven.apache.org/maven2/com/thoughtworks/qdox/qdox/2.0-M5/qdox-2.0-M5.jar (307 KB at 425.1 KB/sec)
[INFO] Downloading: https://repo.maven.apache.org/maven2/org/codehaus/plexus/plexus-compiler-javac/2.8.1/plexus-compiler-javac-2.8.1.jar
[INFO] Downloaded: https://repo.maven.apache.org/maven2/org/codehaus/plexus/plexus-compiler-javac/2.8.1/plexus-compiler-javac-2.8.1.jar (20 KB at 26.0 KB/sec)
[INFO] Downloaded: https://repo.maven.apache.org/maven2/org/codehaus/plexus/plexus-compiler-manager/2.8.1/plexus-compiler-manager-2.8.1.jar (5 KB at 6.1 KB/sec)
[INFO] Downloaded: https://repo.maven.apache.org/maven2/com/google/guava/guava/21.0/guava-21.0.jar (2463 KB at 3152.4 KB/sec)
[INFO] Downloaded: https://repo.maven.apache.org/maven2/org/codehaus/plexus/plexus-compiler-api/2.8.1/plexus-compiler-api-2.8.1.jar (26 KB at 33.7 KB/sec)
[INFO] Downloaded: https://repo.maven.apache.org/maven2/com/google/errorprone/javac/9-dev-r3297-2/javac-9-dev-r3297-2.jar (4977 KB at 5322.6 KB/sec)
[INFO] Changes detected - recompiling the module!
[INFO] Compiling 28 source files to /home/travis/build/square/okio/okio/target/classes
[INFO] 
[INFO] --- maven-resources-plugin:2.6:testResources (default-testResources) @ okio ---
[INFO] Using 'UTF-8' encoding to copy filtered resources.
[INFO] skip non existing resourceDirectory /home/travis/build/square/okio/okio/src/test/resources
[INFO] 
[INFO] --- maven-compiler-plugin:3.6.1:testCompile (default-testCompile) @ okio ---
[INFO] Changes detected - recompiling the module!
[INFO] Compiling 24 source files to /home/travis/build/square/okio/okio/target/test-classes
[INFO] 
[INFO] --- maven-surefire-plugin:2.12.4:test (default-test) @ okio ---
[INFO] Tests are skipped.
[INFO] 
[INFO] --- animal-sniffer-maven-plugin:1.10:check (default) @ okio ---
[INFO] Checking unresolved references to org.codehaus.mojo.signature:java16:1.1
[INFO] 
[INFO] --- maven-jar-plugin:2.4:jar (default-jar) @ okio ---
[INFO] Building jar: /home/travis/build/square/okio/okio/target/okio-1.11.0-SNAPSHOT.jar
[INFO] 
[INFO] --- maven-install-plugin:2.4:install (default-install) @ okio ---
[INFO] Installing /home/travis/build/square/okio/okio/target/okio-1.11.0-SNAPSHOT.jar to /home/travis/.m2/repository/com/squareup/okio/okio/1.11.0-SNAPSHOT/okio-1.11.0-SNAPSHOT.jar
[INFO] Installing /home/travis/build/square/okio/okio/pom.xml to /home/travis/.m2/repository/com/squareup/okio/okio/1.11.0-SNAPSHOT/okio-1.11.0-SNAPSHOT.pom
[INFO]                                                                         
[INFO] ------------------------------------------------------------------------
[INFO] Building Okio Performance Benchmarks 1.11.0-SNAPSHOT
[INFO] ------------------------------------------------------------------------
[INFO] 
[INFO] --- maven-enforcer-plugin:1.0:enforce (enforce-maven) @ benchmarks ---
[INFO] 
[INFO] --- maven-resources-plugin:2.6:resources (default-resources) @ benchmarks ---
[INFO] Using 'UTF-8' encoding to copy filtered resources.
[INFO] skip non existing resourceDirectory /home/travis/build/square/okio/benchmarks/src/main/resources
[INFO] 
[INFO] --- maven-compiler-plugin:3.6.1:compile (default-compile) @ benchmarks ---
[INFO] Changes detected - recompiling the module!
[INFO] Compiling 2 source files to /home/travis/build/square/okio/benchmarks/target/classes
[INFO] 
[INFO] --- maven-resources-plugin:2.6:testResources (default-testResources) @ benchmarks ---
[INFO] Using 'UTF-8' encoding to copy filtered resources.
[INFO] skip non existing resourceDirectory /home/travis/build/square/okio/benchmarks/src/test/resources
[INFO] 
[INFO] --- maven-compiler-plugin:3.6.1:testCompile (default-testCompile) @ benchmarks ---
[INFO] No sources to compile
[INFO] 
[INFO] --- maven-surefire-plugin:2.12.4:test (default-test) @ benchmarks ---
[INFO] Tests are skipped.
[INFO] 
[INFO] --- maven-jar-plugin:2.4:jar (default-jar) @ benchmarks ---
[INFO] Building jar: /home/travis/build/square/okio/benchmarks/target/benchmarks-1.11.0-SNAPSHOT.jar
[INFO] 
[INFO] --- maven-shade-plugin:2.2:shade (default) @ benchmarks ---
[INFO] Including org.openjdk.jmh:jmh-core:jar:1.4.1 in the shaded jar.
[INFO] Including net.sf.jopt-simple:jopt-simple:jar:4.6 in the shaded jar.
[INFO] Including org.apache.commons:commons-math3:jar:3.2 in the shaded jar.
[INFO] Including com.squareup.okio:okio:jar:1.11.0-SNAPSHOT in the shaded jar.
[INFO] Replacing /home/travis/build/square/okio/benchmarks/target/benchmarks.jar with /home/travis/build/square/okio/benchmarks/target/benchmarks-1.11.0-SNAPSHOT-shaded.jar
[INFO] 
[INFO] --- maven-install-plugin:2.4:install (default-install) @ benchmarks ---
[INFO] Installing /home/travis/build/square/okio/benchmarks/target/benchmarks-1.11.0-SNAPSHOT.jar to /home/travis/.m2/repository/com/squareup/okio/benchmarks/1.11.0-SNAPSHOT/benchmarks-1.11.0-SNAPSHOT.jar
[INFO] Installing /home/travis/build/square/okio/benchmarks/pom.xml to /home/travis/.m2/repository/com/squareup/okio/benchmarks/1.11.0-SNAPSHOT/benchmarks-1.11.0-SNAPSHOT.pom
[INFO] ------------------------------------------------------------------------
[INFO] Reactor Summary:
[INFO] 
[INFO] Okio (Parent) ...................................... SUCCESS [  2.165 s]
[INFO] Okio ............................................... SUCCESS [ 28.218 s]
[INFO] Okio Performance Benchmarks ........................ SUCCESS [  5.251 s]
[INFO] ------------------------------------------------------------------------
[INFO] BUILD SUCCESS
[INFO] ------------------------------------------------------------------------
[INFO] Total time: 36.038 s
[INFO] Finished at: 2017-02-15T03:45:01+00:00
[INFO] Final Memory: 58M/415M
[INFO] ------------------------------------------------------------------------

travis_time:end:03c352b9:start=1487130261009151337,finish=1487130302700422136,duration=41691270799[0Ktravis_fold:end:install[0Ktravis_time:start:0677afab[0K$ mvn test -B
Java HotSpot(TM) 64-Bit Server VM warning: ignoring option MaxPermSize=192m; support was removed in 8.0
[INFO] Scanning for projects...
[INFO] ------------------------------------------------------------------------
[INFO] Reactor Build Order:
[INFO] 
[INFO] Okio (Parent)
[INFO] Okio
[INFO] Okio Performance Benchmarks
[INFO]                                                                         
[INFO] ------------------------------------------------------------------------
[INFO] Building Okio (Parent) 1.11.0-SNAPSHOT
[INFO] ------------------------------------------------------------------------
[INFO] 
[INFO] --- maven-enforcer-plugin:1.0:enforce (enforce-maven) @ okio-parent ---
[INFO]                                                                         
[INFO] ------------------------------------------------------------------------
[INFO] Building Okio 1.11.0-SNAPSHOT
[INFO] ------------------------------------------------------------------------
[INFO] 
[INFO] --- maven-enforcer-plugin:1.0:enforce (enforce-maven) @ okio ---
[INFO] 
[INFO] --- maven-resources-plugin:2.6:resources (default-resources) @ okio ---
[INFO] Using 'UTF-8' encoding to copy filtered resources.
[INFO] skip non existing resourceDirectory /home/travis/build/square/okio/okio/src/main/resources
[INFO] 
[INFO] --- maven-compiler-plugin:3.6.1:compile (default-compile) @ okio ---
[INFO] Changes detected - recompiling the module!
[INFO] Compiling 28 source files to /home/travis/build/square/okio/okio/target/classes
[INFO] 
[INFO] --- maven-resources-plugin:2.6:testResources (default-testResources) @ okio ---
[INFO] Using 'UTF-8' encoding to copy filtered resources.
[INFO] skip non existing resourceDirectory /home/travis/build/square/okio/okio/src/test/resources
[INFO] 
[INFO] --- maven-compiler-plugin:3.6.1:testCompile (default-testCompile) @ okio ---
[INFO] Nothing to compile - all classes are up to date
[INFO] 
[INFO] --- maven-surefire-plugin:2.12.4:test (default-test) @ okio ---
[INFO] Surefire report directory: /home/travis/build/square/okio/okio/target/surefire-reports

-------------------------------------------------------
 T E S T S
-------------------------------------------------------
Running okio.DeflaterSinkTest
Tests run: 7, Failures: 0, Errors: 0, Skipped: 0, Time elapsed: 1.675 sec
Running okio.GzipSourceTest
Tests run: 11, Failures: 0, Errors: 0, Skipped: 0, Time elapsed: 0.004 sec
Running okio.Utf8Test
Tests run: 19, Failures: 0, Errors: 0, Skipped: 0, Time elapsed: 0.006 sec
Running okio.GzipSinkTest
Tests run: 2, Failures: 0, Errors: 0, Skipped: 0, Time elapsed: 0 sec
Running okio.LargeStreamsTest
Tests run: 3, Failures: 0, Errors: 0, Skipped: 0, Time elapsed: 182.389 sec
Running okio.HashingTest
Tests run: 13, Failures: 0, Errors: 0, Skipped: 0, Time elapsed: 0.227 sec
Running okio.BufferedSinkTest
Tests run: 54, Failures: 0, Errors: 0, Skipped: 0, Time elapsed: 0.044 sec
Running okio.OkioTest
Tests run: 9, Failures: 0, Errors: 0, Skipped: 0, Time elapsed: 0.012 sec
Running okio.HashingSinkTest
Tests run: 9, Failures: 0, Errors: 0, Skipped: 0, Time elapsed: 0.005 sec
Running okio.RealBufferedSinkTest
Tests run: 16, Failures: 0, Errors: 0, Skipped: 0, Time elapsed: 0.002 sec
Running okio.SocketTimeoutTest
Tests run: 4, Failures: 0, Errors: 0, Skipped: 0, Time elapsed: 0.826 sec
Running okio.WaitUntilNotifiedTest
Tests run: 7, Failures: 0, Errors: 0, Skipped: 0, Time elapsed: 5.009 sec
Running okio.SegmentSharingTest
Tests run: 14, Failures: 0, Errors: 0, Skipped: 0, Time elapsed: 0.049 sec
Running okio.ReadUtf8LineTest
Tests run: 18, Failures: 0, Errors: 0, Skipped: 0, Time elapsed: 0.009 sec
Running okio.AsyncTimeoutTest
Tests run: 18, Failures: 0, Errors: 0, Skipped: 0, Time elapsed: 8.57 sec
Running okio.HashingSourceTest
Tests run: 10, Failures: 0, Errors: 0, Skipped: 0, Time elapsed: 0.004 sec
Running okio.RealBufferedSourceTest
Tests run: 10, Failures: 0, Errors: 0, Skipped: 0, Time elapsed: 0.003 sec
Running okio.BufferTest
Tests run: 46, Failures: 0, Errors: 0, Skipped: 0, Time elapsed: 0.03 sec
Running okio.PipeTest
Tests run: 15, Failures: 0, Errors: 0, Skipped: 0, Time elapsed: 17.678 sec
Running okio.ByteStringTest
Tests run: 162, Failures: 0, Errors: 0, Skipped: 0, Time elapsed: 0.064 sec
Running okio.BufferedSourceTest
Tests run: 240, Failures: 0, Errors: 0, Skipped: 2, Time elapsed: 6.088 sec
Running okio.InflaterSourceTest
Tests run: 5, Failures: 0, Errors: 0, Skipped: 0, Time elapsed: 0.271 sec

Results :

Tests run: 692, Failures: 0, Errors: 0, Skipped: 2

[INFO] 
[INFO] --- animal-sniffer-maven-plugin:1.10:check (default) @ okio ---
[INFO] Checking unresolved references to org.codehaus.mojo.signature:java16:1.1
[INFO]                                                                         
[INFO] ------------------------------------------------------------------------
[INFO] Building Okio Performance Benchmarks 1.11.0-SNAPSHOT
[INFO] ------------------------------------------------------------------------
[INFO] 
[INFO] --- maven-enforcer-plugin:1.0:enforce (enforce-maven) @ benchmarks ---
[INFO] 
[INFO] --- maven-resources-plugin:2.6:resources (default-resources) @ benchmarks ---
[INFO] Using 'UTF-8' encoding to copy filtered resources.
[INFO] skip non existing resourceDirectory /home/travis/build/square/okio/benchmarks/src/main/resources
[INFO] 
[INFO] --- maven-compiler-plugin:3.6.1:compile (default-compile) @ benchmarks ---
[INFO] Nothing to compile - all classes are up to date
[INFO] 
[INFO] --- maven-resources-plugin:2.6:testResources (default-testResources) @ benchmarks ---
[INFO] Using 'UTF-8' encoding to copy filtered resources.
[INFO] skip non existing resourceDirectory /home/travis/build/square/okio/benchmarks/src/test/resources
[INFO] 
[INFO] --- maven-compiler-plugin:3.6.1:testCompile (default-testCompile) @ benchmarks ---
[INFO] No sources to compile
[INFO] 
[INFO] --- maven-surefire-plugin:2.12.4:test (default-test) @ benchmarks ---
[INFO] No tests to run.
[INFO] ------------------------------------------------------------------------
[INFO] Reactor Summary:
[INFO] 
[INFO] Okio (Parent) ...................................... SUCCESS [  0.895 s]
[INFO] Okio ............................................... SUCCESS [03:58 min]
[INFO] Okio Performance Benchmarks ........................ SUCCESS [  0.037 s]
[INFO] ------------------------------------------------------------------------
[INFO] BUILD SUCCESS
[INFO] ------------------------------------------------------------------------
[INFO] Total time: 04:00 min
[INFO] Finished at: 2017-02-15T03:49:06+00:00
[INFO] Final Memory: 27M/482M
[INFO] ------------------------------------------------------------------------

travis_time:end:0677afab:start=1487130302725280903,finish=1487130546725368855,duration=244000087952[0K
[32;1mThe command "mvn test -B" exited with 0.[0m
travis_fold:start:cache.2[0Kstore build cache
travis_time:start:0cf42cd8[0K
travis_time:end:0cf42cd8:start=1487130546731269559,finish=1487130546735880964,duration=4611405[0Ktravis_time:start:003d3c88[0K[32;1mchange detected (content changed, file is created, or file is deleted):
/home/travis/.m2/repository/com/google/errorprone/error_prone_annotation/2.0.16/error_prone_annotation-2.0.16.jar
/home/travis/.m2/repository/com/google/errorprone/error_prone_annotation/2.0.16/error_prone_annotation-2.0.16.jar.sha1
/home/travis/.m2/repository/com/google/errorprone/error_prone_annotation/2.0.16/error_prone_annotation-2.0.16.pom
/home/travis/.m2/repository/com/google/errorprone/error_prone_annotation/2.0.16/error_prone_annotation-2.0.16.pom.sha1
/home/travis/.m2/repository/com/google/errorprone/error_prone_annotation/2.0.16/_remote.repositories
/home/travis/.m2/repository/com/google/errorprone/error_prone_annotations/2.0.16/error_prone_annotations-2.0.16.jar
/home/travis/.m2/repository/com/google/errorprone/error_prone_annotations/2.0.16/error_prone_annotations-2.0.16.jar.sha1
/home/travis/.m2/repository/com/google/errorprone/error_prone_annotations/2.0.16/error_prone_annotations-2.0.16.pom
/home/travis/.m2/repository/com/google/errorprone/error_prone_annotations/2.0.16/
[0m
[32;1m...
[0m
[32;1mchanges detected, packing new archive[0m
[32;1muploading archive[0m

travis_time:end:003d3c88:start=1487130546741376143,finish=1487130549987098324,duration=3245722181[0Ktravis_fold:end:cache.2[0Ktravis_fold:start:after_success[0Ktravis_time:start:0fa62f4e[0K$ .buildscript/deploy_snapshot.sh
Skipping snapshot deployment: wrong branch. Expected 'master' but was 'jw/2017-02-13/error-prone'.

travis_time:end:0fa62f4e:start=1487130549992587714,finish=1487130550000248950,duration=7661236[0Ktravis_fold:end:after_success[0K
Done. Your build exited with 0.
