Using worker: worker-linux-docker-37144dcf.prod.travis-ci.org:travis-linux-14

travis_fold:start:system_info[0K[33;1mBuild system information[0m
Build language: java
Build group: stable
Build dist: precise
Build id: 166789902
Job id: 166789903
travis-build version: c31595e05
[34m[1mBuild image provisioning date and time[0m
Thu Feb  5 15:09:33 UTC 2015
[34m[1mOperating System Details[0m
Distributor ID:	Ubuntu
Description:	Ubuntu 12.04.5 LTS
Release:	12.04
Codename:	precise
[34m[1mLinux Version[0m
3.13.0-29-generic
[34m[1mCookbooks Version[0m
a68419e https://github.com/travis-ci/travis-cookbooks/tree/a68419e
[34m[1mGCC version[0m
gcc (Ubuntu/Linaro 4.6.3-1ubuntu5) 4.6.3
Copyright (C) 2011 Free Software Foundation, Inc.
This is free software; see the source for copying conditions.  There is NO
warranty; not even for MERCHANTABILITY or FITNESS FOR A PARTICULAR PURPOSE.

[34m[1mLLVM version[0m
clang version 3.4 (tags/RELEASE_34/final)
Target: x86_64-unknown-linux-gnu
Thread model: posix
[34m[1mPre-installed Ruby versions[0m
ruby-1.9.3-p551
[34m[1mPre-installed Node.js versions[0m
v0.10.36
[34m[1mPre-installed Go versions[0m
1.4.1
[34m[1mRedis version[0m
redis-server 2.8.19
[34m[1mriak version[0m
2.0.2
[34m[1mMongoDB version[0m
MongoDB 2.4.12
[34m[1mCouchDB version[0m
couchdb 1.6.1
[34m[1mNeo4j version[0m
1.9.4
[34m[1mRabbitMQ Version[0m
3.4.3
[34m[1mElasticSearch version[0m
1.4.0
[34m[1mInstalled Sphinx versions[0m
2.0.10
2.1.9
2.2.6
[34m[1mDefault Sphinx version[0m
2.2.6
[34m[1mInstalled Firefox version[0m
firefox 31.0esr
[34m[1mPhantomJS version[0m
1.9.8
[34m[1mant -version[0m
Apache Ant(TM) version 1.8.2 compiled on December 3 2011
[34m[1mmvn -version[0m
Apache Maven 3.2.5 (12a6b3acb947671f09b81f49094c53f426d8cea1; 2014-12-14T17:29:23+00:00)
Maven home: /usr/local/maven
Java version: 1.7.0_76, vendor: Oracle Corporation
Java home: /usr/lib/jvm/java-7-oracle/jre
Default locale: en_US, platform encoding: ANSI_X3.4-1968
OS name: "linux", version: "3.13.0-29-generic", arch: "amd64", family: "unix"
travis_fold:end:system_info[0K
travis_fold:start:fix.CVE-2015-7547[0K$ export DEBIAN_FRONTEND=noninteractive
W: Size of file /var/lib/apt/lists/us.archive.ubuntu.com_ubuntu_dists_precise-backports_multiverse_source_Sources.gz is not what the server reported 5886 5888
W: Size of file /var/lib/apt/lists/ppa.launchpad.net_travis-ci_zero-mq_ubuntu_dists_precise_main_binary-amd64_Packages.gz is not what the server reported 832 1195
W: Size of file /var/lib/apt/lists/ppa.launchpad.net_ubuntugis_ppa_ubuntu_dists_precise_main_binary-amd64_Packages.gz is not what the server reported 33653 36677
W: Size of file /var/lib/apt/lists/ppa.launchpad.net_ubuntugis_ppa_ubuntu_dists_precise_main_binary-i386_Packages.gz is not what the server reported 33699 36733
Reading package lists...
Building dependency tree...
Reading state information...
The following extra packages will be installed:
  libc-bin libc-dev-bin libc6-dev
Suggested packages:
  glibc-doc
The following packages will be upgraded:
  libc-bin libc-dev-bin libc6 libc6-dev
4 upgraded, 0 newly installed, 0 to remove and 258 not upgraded.
Need to get 8,840 kB of archives.
After this operation, 14.3 kB disk space will be freed.
Get:1 http://us.archive.ubuntu.com/ubuntu/ precise-updates/main libc6-dev amd64 2.15-0ubuntu10.15 [2,943 kB]
Get:2 http://us.archive.ubuntu.com/ubuntu/ precise-updates/main libc-dev-bin amd64 2.15-0ubuntu10.15 [84.7 kB]
Get:3 http://us.archive.ubuntu.com/ubuntu/ precise-updates/main libc-bin amd64 2.15-0ubuntu10.15 [1,177 kB]
Get:4 http://us.archive.ubuntu.com/ubuntu/ precise-updates/main libc6 amd64 2.15-0ubuntu10.15 [4,636 kB]
Fetched 8,840 kB in 0s (39.0 MB/s)
Preconfiguring packages ...
(Reading database ... (Reading database ... 5%(Reading database ... 10%(Reading database ... 15%(Reading database ... 20%(Reading database ... 25%(Reading database ... 30%(Reading database ... 35%(Reading database ... 40%(Reading database ... 45%(Reading database ... 50%(Reading database ... 55%(Reading database ... 60%(Reading database ... 65%(Reading database ... 70%(Reading database ... 75%(Reading database ... 80%(Reading database ... 85%(Reading database ... 90%(Reading database ... 95%(Reading database ... 100%(Reading database ... 72019 files and directories currently installed.)
Preparing to replace libc6-dev 2.15-0ubuntu10.10 (using .../libc6-dev_2.15-0ubuntu10.15_amd64.deb) ...
Unpacking replacement libc6-dev ...
Preparing to replace libc-dev-bin 2.15-0ubuntu10.10 (using .../libc-dev-bin_2.15-0ubuntu10.15_amd64.deb) ...
Unpacking replacement libc-dev-bin ...
Preparing to replace libc-bin 2.15-0ubuntu10.10 (using .../libc-bin_2.15-0ubuntu10.15_amd64.deb) ...
Unpacking replacement libc-bin ...
Processing triggers for man-db ...
Setting up libc-bin (2.15-0ubuntu10.15) ...
(Reading database ... (Reading database ... 5%(Reading database ... 10%(Reading database ... 15%(Reading database ... 20%(Reading database ... 25%(Reading database ... 30%(Reading database ... 35%(Reading database ... 40%(Reading database ... 45%(Reading database ... 50%(Reading database ... 55%(Reading database ... 60%(Reading database ... 65%(Reading database ... 70%(Reading database ... 75%(Reading database ... 80%(Reading database ... 85%(Reading database ... 90%(Reading database ... 95%(Reading database ... 100%(Reading database ... 72018 files and directories currently installed.)
Preparing to replace libc6 2.15-0ubuntu10.10 (using .../libc6_2.15-0ubuntu10.15_amd64.deb) ...
Unpacking replacement libc6 ...
Setting up libc6 (2.15-0ubuntu10.15) ...
Setting up libc-dev-bin (2.15-0ubuntu10.15) ...
Setting up libc6-dev (2.15-0ubuntu10.15) ...
Processing triggers for libc-bin ...
ldconfig deferred processing now taking place
travis_fold:end:fix.CVE-2015-7547[0Ktravis_fold:start:git.checkout[0Ktravis_time:start:2afaee1e[0K$ git clone --depth=50 https://github.com/SonarSource/sonar-php.git SonarSource/sonar-php
Cloning into 'SonarSource/sonar-php'...
remote: Counting objects: 3733, done.[K
remote: Compressing objects:   0% (1/1650)   [Kremote: Compressing objects:   1% (17/1650)   [Kremote: Compressing objects:   2% (33/1650)   [Kremote: Compressing objects:   3% (50/1650)   [Kremote: Compressing objects:   4% (66/1650)   [Kremote: Compressing objects:   5% (83/1650)   [Kremote: Compressing objects:   6% (99/1650)   [Kremote: Compressing objects:   7% (116/1650)   [Kremote: Compressing objects:   8% (132/1650)   [Kremote: Compressing objects:   9% (149/1650)   [Kremote: Compressing objects:  10% (165/1650)   [Kremote: Compressing objects:  11% (182/1650)   [Kremote: Compressing objects:  12% (198/1650)   [Kremote: Compressing objects:  13% (215/1650)   [Kremote: Compressing objects:  14% (231/1650)   [Kremote: Compressing objects:  15% (248/1650)   [Kremote: Compressing objects:  16% (264/1650)   [Kremote: Compressing objects:  17% (281/1650)   [Kremote: Compressing objects:  18% (297/1650)   [Kremote: Compressing objects:  19% (314/1650)   [Kremote: Compressing objects:  20% (330/1650)   [Kremote: Compressing objects:  21% (347/1650)   [Kremote: Compressing objects:  22% (363/1650)   [Kremote: Compressing objects:  23% (380/1650)   [Kremote: Compressing objects:  24% (396/1650)   [Kremote: Compressing objects:  25% (413/1650)   [Kremote: Compressing objects:  26% (429/1650)   [Kremote: Compressing objects:  27% (446/1650)   [Kremote: Compressing objects:  28% (462/1650)   [Kremote: Compressing objects:  29% (479/1650)   [Kremote: Compressing objects:  30% (495/1650)   [Kremote: Compressing objects:  31% (512/1650)   [Kremote: Compressing objects:  32% (528/1650)   [Kremote: Compressing objects:  33% (545/1650)   [Kremote: Compressing objects:  34% (561/1650)   [Kremote: Compressing objects:  35% (578/1650)   [Kremote: Compressing objects:  36% (594/1650)   [Kremote: Compressing objects:  37% (611/1650)   [Kremote: Compressing objects:  38% (627/1650)   [Kremote: Compressing objects:  39% (644/1650)   [Kremote: Compressing objects:  40% (660/1650)   [Kremote: Compressing objects:  41% (677/1650)   [Kremote: Compressing objects:  42% (693/1650)   [Kremote: Compressing objects:  43% (710/1650)   [Kremote: Compressing objects:  44% (726/1650)   [Kremote: Compressing objects:  45% (743/1650)   [Kremote: Compressing objects:  46% (759/1650)   [Kremote: Compressing objects:  47% (776/1650)   [Kremote: Compressing objects:  48% (792/1650)   [Kremote: Compressing objects:  49% (809/1650)   [Kremote: Compressing objects:  50% (825/1650)   [Kremote: Compressing objects:  51% (842/1650)   [Kremote: Compressing objects:  52% (858/1650)   [Kremote: Compressing objects:  53% (875/1650)   [Kremote: Compressing objects:  54% (891/1650)   [Kremote: Compressing objects:  55% (908/1650)   [Kremote: Compressing objects:  56% (924/1650)   [Kremote: Compressing objects:  57% (941/1650)   [Kremote: Compressing objects:  58% (957/1650)   [Kremote: Compressing objects:  59% (974/1650)   [Kremote: Compressing objects:  60% (990/1650)   [Kremote: Compressing objects:  61% (1007/1650)   [Kremote: Compressing objects:  62% (1023/1650)   [Kremote: Compressing objects:  63% (1040/1650)   [Kremote: Compressing objects:  64% (1056/1650)   [Kremote: Compressing objects:  65% (1073/1650)   [Kremote: Compressing objects:  66% (1089/1650)   [Kremote: Compressing objects:  67% (1106/1650)   [Kremote: Compressing objects:  68% (1122/1650)   [Kremote: Compressing objects:  69% (1139/1650)   [Kremote: Compressing objects:  70% (1155/1650)   [Kremote: Compressing objects:  71% (1172/1650)   [Kremote: Compressing objects:  72% (1188/1650)   [Kremote: Compressing objects:  73% (1205/1650)   [Kremote: Compressing objects:  74% (1221/1650)   [Kremote: Compressing objects:  75% (1238/1650)   [Kremote: Compressing objects:  76% (1254/1650)   [Kremote: Compressing objects:  77% (1271/1650)   [Kremote: Compressing objects:  78% (1287/1650)   [Kremote: Compressing objects:  79% (1304/1650)   [Kremote: Compressing objects:  80% (1320/1650)   [Kremote: Compressing objects:  81% (1337/1650)   [Kremote: Compressing objects:  82% (1353/1650)   [Kremote: Compressing objects:  83% (1370/1650)   [Kremote: Compressing objects:  84% (1386/1650)   [Kremote: Compressing objects:  85% (1403/1650)   [Kremote: Compressing objects:  86% (1419/1650)   [Kremote: Compressing objects:  87% (1436/1650)   [Kremote: Compressing objects:  88% (1452/1650)   [Kremote: Compressing objects:  89% (1469/1650)   [Kremote: Compressing objects:  90% (1485/1650)   [Kremote: Compressing objects:  91% (1502/1650)   [Kremote: Compressing objects:  92% (1518/1650)   [Kremote: Compressing objects:  93% (1535/1650)   [Kremote: Compressing objects:  94% (1551/1650)   [Kremote: Compressing objects:  95% (1568/1650)   [Kremote: Compressing objects:  96% (1584/1650)   [Kremote: Compressing objects:  97% (1601/1650)   [Kremote: Compressing objects:  98% (1617/1650)   [Kremote: Compressing objects:  99% (1634/1650)   [Kremote: Compressing objects: 100% (1650/1650)   [Kremote: Compressing objects: 100% (1650/1650), done.[K
Receiving objects:   0% (1/3733)   Receiving objects:   1% (38/3733)   Receiving objects:   2% (75/3733)   Receiving objects:   3% (112/3733)   Receiving objects:   4% (150/3733)   Receiving objects:   5% (187/3733)   Receiving objects:   6% (224/3733)   Receiving objects:   7% (262/3733)   Receiving objects:   8% (299/3733)   Receiving objects:   9% (336/3733)   Receiving objects:  10% (374/3733)   Receiving objects:  11% (411/3733)   Receiving objects:  12% (448/3733)   Receiving objects:  13% (486/3733)   Receiving objects:  14% (523/3733)   Receiving objects:  15% (560/3733)   Receiving objects:  16% (598/3733)   Receiving objects:  17% (635/3733)   Receiving objects:  18% (672/3733)   Receiving objects:  19% (710/3733)   Receiving objects:  20% (747/3733)   Receiving objects:  21% (784/3733)   Receiving objects:  22% (822/3733)   Receiving objects:  23% (859/3733)   Receiving objects:  24% (896/3733)   Receiving objects:  25% (934/3733)   Receiving objects:  26% (971/3733)   Receiving objects:  27% (1008/3733)   Receiving objects:  28% (1046/3733)   Receiving objects:  29% (1083/3733)   Receiving objects:  30% (1120/3733)   Receiving objects:  31% (1158/3733)   Receiving objects:  32% (1195/3733)   Receiving objects:  33% (1232/3733)   Receiving objects:  34% (1270/3733)   Receiving objects:  35% (1307/3733)   Receiving objects:  36% (1344/3733)   Receiving objects:  37% (1382/3733)   Receiving objects:  38% (1419/3733)   Receiving objects:  39% (1456/3733)   Receiving objects:  40% (1494/3733)   Receiving objects:  41% (1531/3733)   Receiving objects:  42% (1568/3733)   Receiving objects:  43% (1606/3733)   Receiving objects:  44% (1643/3733)   Receiving objects:  45% (1680/3733)   Receiving objects:  46% (1718/3733)   Receiving objects:  47% (1755/3733)   Receiving objects:  48% (1792/3733)   Receiving objects:  49% (1830/3733)   Receiving objects:  50% (1867/3733)   Receiving objects:  51% (1904/3733)   Receiving objects:  52% (1942/3733)   Receiving objects:  53% (1979/3733)   Receiving objects:  54% (2016/3733)   Receiving objects:  55% (2054/3733)   Receiving objects:  56% (2091/3733)   Receiving objects:  57% (2128/3733)   Receiving objects:  58% (2166/3733)   Receiving objects:  59% (2203/3733)   Receiving objects:  60% (2240/3733)   Receiving objects:  61% (2278/3733)   Receiving objects:  62% (2315/3733)   Receiving objects:  63% (2352/3733)   Receiving objects:  64% (2390/3733)   Receiving objects:  65% (2427/3733)   Receiving objects:  66% (2464/3733)   Receiving objects:  67% (2502/3733)   Receiving objects:  68% (2539/3733)   Receiving objects:  69% (2576/3733)   Receiving objects:  70% (2614/3733)   Receiving objects:  71% (2651/3733)   Receiving objects:  72% (2688/3733)   Receiving objects:  73% (2726/3733)   Receiving objects:  74% (2763/3733)   Receiving objects:  75% (2800/3733)   Receiving objects:  76% (2838/3733)   Receiving objects:  77% (2875/3733)   Receiving objects:  78% (2912/3733)   Receiving objects:  79% (2950/3733)   Receiving objects:  80% (2987/3733)   Receiving objects:  81% (3024/3733)   Receiving objects:  82% (3062/3733)   Receiving objects:  83% (3099/3733)   Receiving objects:  84% (3136/3733)   Receiving objects:  85% (3174/3733)   Receiving objects:  86% (3211/3733)   Receiving objects:  87% (3248/3733)   Receiving objects:  88% (3286/3733)   Receiving objects:  89% (3323/3733)   Receiving objects:  90% (3360/3733)   Receiving objects:  91% (3398/3733)   Receiving objects:  92% (3435/3733)   Receiving objects:  93% (3472/3733)   Receiving objects:  94% (3510/3733)   Receiving objects:  95% (3547/3733)   Receiving objects:  96% (3584/3733)   Receiving objects:  97% (3622/3733)   remote: Total 3733 (delta 2242), reused 2837 (delta 1619), pack-reused 0[K
Receiving objects:  98% (3659/3733)   Receiving objects:  99% (3696/3733)   Receiving objects: 100% (3733/3733)   Receiving objects: 100% (3733/3733), 1.18 MiB | 0 bytes/s, done.
Resolving deltas:   0% (0/2242)   Resolving deltas:   1% (33/2242)   Resolving deltas:   2% (64/2242)   Resolving deltas:   3% (71/2242)   Resolving deltas:   5% (114/2242)   Resolving deltas:   6% (138/2242)   Resolving deltas:   7% (159/2242)   Resolving deltas:   8% (183/2242)   Resolving deltas:   9% (202/2242)   Resolving deltas:  10% (225/2242)   Resolving deltas:  11% (251/2242)   Resolving deltas:  12% (284/2242)   Resolving deltas:  13% (295/2242)   Resolving deltas:  15% (357/2242)   Resolving deltas:  16% (359/2242)   Resolving deltas:  18% (405/2242)   Resolving deltas:  19% (433/2242)   Resolving deltas:  21% (476/2242)   Resolving deltas:  22% (495/2242)   Resolving deltas:  23% (525/2242)   Resolving deltas:  24% (558/2242)   Resolving deltas:  25% (569/2242)   Resolving deltas:  27% (612/2242)   Resolving deltas:  28% (633/2242)   Resolving deltas:  29% (658/2242)   Resolving deltas:  30% (689/2242)   Resolving deltas:  31% (700/2242)   Resolving deltas:  32% (718/2242)   Resolving deltas:  33% (740/2242)   Resolving deltas:  36% (808/2242)   Resolving deltas:  37% (846/2242)   Resolving deltas:  41% (932/2242)   Resolving deltas:  50% (1122/2242)   Resolving deltas:  51% (1145/2242)   Resolving deltas:  53% (1208/2242)   Resolving deltas:  54% (1212/2242)   Resolving deltas:  55% (1235/2242)   Resolving deltas:  56% (1260/2242)   Resolving deltas:  57% (1282/2242)   Resolving deltas:  58% (1318/2242)   Resolving deltas:  59% (1328/2242)   Resolving deltas:  61% (1368/2242)   Resolving deltas:  62% (1391/2242)   Resolving deltas:  63% (1413/2242)   Resolving deltas:  64% (1448/2242)   Resolving deltas:  68% (1532/2242)   Resolving deltas:  69% (1549/2242)   Resolving deltas:  72% (1629/2242)   Resolving deltas:  77% (1733/2242)   Resolving deltas:  79% (1783/2242)   Resolving deltas:  82% (1849/2242)   Resolving deltas:  83% (1861/2242)   Resolving deltas:  89% (2008/2242)   Resolving deltas:  91% (2046/2242)   Resolving deltas:  92% (2064/2242)   Resolving deltas:  93% (2087/2242)   Resolving deltas:  94% (2114/2242)   Resolving deltas:  95% (2131/2242)   Resolving deltas:  96% (2160/2242)   Resolving deltas:  97% (2177/2242)   Resolving deltas:  98% (2198/2242)   Resolving deltas:  99% (2220/2242)   Resolving deltas: 100% (2242/2242)   Resolving deltas: 100% (2242/2242), done.
Checking connectivity... done.

travis_time:end:2afaee1e:start=1476200063333710560,finish=1476200064024818917,duration=691108357[0K$ cd SonarSource/sonar-php
travis_time:start:00a7c229[0K$ git fetch origin +refs/pull/126/merge:
remote: Counting objects: 61, done.[K
remote: Compressing objects:   3% (1/26)   [Kremote: Compressing objects:   7% (2/26)   [Kremote: Compressing objects:  11% (3/26)   [Kremote: Compressing objects:  15% (4/26)   [Kremote: Compressing objects:  19% (5/26)   [Kremote: Compressing objects:  23% (6/26)   [Kremote: Compressing objects:  26% (7/26)   [Kremote: Compressing objects:  30% (8/26)   [Kremote: Compressing objects:  34% (9/26)   [Kremote: Compressing objects:  38% (10/26)   [Kremote: Compressing objects:  42% (11/26)   [Kremote: Compressing objects:  46% (12/26)   [Kremote: Compressing objects:  50% (13/26)   [Kremote: Compressing objects:  53% (14/26)   [Kremote: Compressing objects:  57% (15/26)   [Kremote: Compressing objects:  61% (16/26)   [Kremote: Compressing objects:  65% (17/26)   [Kremote: Compressing objects:  69% (18/26)   [Kremote: Compressing objects:  73% (19/26)   [Kremote: Compressing objects:  76% (20/26)   [Kremote: Compressing objects:  80% (21/26)   [Kremote: Compressing objects:  84% (22/26)   [Kremote: Compressing objects:  88% (23/26)   [Kremote: Compressing objects:  92% (24/26)   [Kremote: Compressing objects:  96% (25/26)   [Kremote: Compressing objects: 100% (26/26)   [Kremote: Compressing objects: 100% (26/26), done.[K
remote: Total 61 (delta 12), reused 61 (delta 12), pack-reused 0[K
Unpacking objects:   1% (1/61)   Unpacking objects:   3% (2/61)   Unpacking objects:   4% (3/61)   Unpacking objects:   6% (4/61)   Unpacking objects:   8% (5/61)   Unpacking objects:   9% (6/61)   Unpacking objects:  11% (7/61)   Unpacking objects:  13% (8/61)   Unpacking objects:  14% (9/61)   Unpacking objects:  16% (10/61)   Unpacking objects:  18% (11/61)   Unpacking objects:  19% (12/61)   Unpacking objects:  21% (13/61)   Unpacking objects:  22% (14/61)   Unpacking objects:  24% (15/61)   Unpacking objects:  26% (16/61)   Unpacking objects:  27% (17/61)   Unpacking objects:  29% (18/61)   Unpacking objects:  31% (19/61)   Unpacking objects:  32% (20/61)   Unpacking objects:  34% (21/61)   Unpacking objects:  36% (22/61)   Unpacking objects:  37% (23/61)   Unpacking objects:  39% (24/61)   Unpacking objects:  40% (25/61)   Unpacking objects:  42% (26/61)   Unpacking objects:  44% (27/61)   Unpacking objects:  45% (28/61)   Unpacking objects:  47% (29/61)   Unpacking objects:  49% (30/61)   Unpacking objects:  50% (31/61)   Unpacking objects:  52% (32/61)   Unpacking objects:  54% (33/61)   Unpacking objects:  55% (34/61)   Unpacking objects:  57% (35/61)   Unpacking objects:  59% (36/61)   Unpacking objects:  60% (37/61)   Unpacking objects:  62% (38/61)   Unpacking objects:  63% (39/61)   Unpacking objects:  65% (40/61)   Unpacking objects:  67% (41/61)   Unpacking objects:  68% (42/61)   Unpacking objects:  70% (43/61)   Unpacking objects:  72% (44/61)   Unpacking objects:  73% (45/61)   Unpacking objects:  75% (46/61)   Unpacking objects:  77% (47/61)   Unpacking objects:  78% (48/61)   Unpacking objects:  80% (49/61)   Unpacking objects:  81% (50/61)   Unpacking objects:  83% (51/61)   Unpacking objects:  85% (52/61)   Unpacking objects:  86% (53/61)   Unpacking objects:  88% (54/61)   Unpacking objects:  90% (55/61)   Unpacking objects:  91% (56/61)   Unpacking objects:  93% (57/61)   Unpacking objects:  95% (58/61)   Unpacking objects:  96% (59/61)   Unpacking objects:  98% (60/61)   Unpacking objects: 100% (61/61)   Unpacking objects: 100% (61/61), done.
From https://github.com/SonarSource/sonar-php
 * branch            refs/pull/126/merge -> FETCH_HEAD

travis_time:end:00a7c229:start=1476200064028606798,finish=1476200064327927422,duration=299320624[0K$ git checkout -qf FETCH_HEAD
travis_fold:end:git.checkout[0Ktravis_fold:start:git.submodule[0Ktravis_time:start:02cc05d7[0K$ git submodule update --init --recursive
Submodule 'its/sources' (https://github.com/SonarCommunity/php-test-sources.git) registered for path 'its/sources'
Cloning into 'its/sources'...
remote: Counting objects: 4341, done.[K
Receiving objects:   0% (1/4341)   Receiving objects:   1% (44/4341)   Receiving objects:   2% (87/4341)   Receiving objects:   3% (131/4341)   Receiving objects:   4% (174/4341)   Receiving objects:   5% (218/4341)   Receiving objects:   6% (261/4341)   Receiving objects:   7% (304/4341)   Receiving objects:   8% (348/4341)   Receiving objects:   9% (391/4341)   Receiving objects:  10% (435/4341)   Receiving objects:  11% (478/4341)   Receiving objects:  12% (521/4341)   Receiving objects:  13% (565/4341)   Receiving objects:  14% (608/4341)   Receiving objects:  15% (652/4341)   Receiving objects:  16% (695/4341)   Receiving objects:  17% (738/4341)   Receiving objects:  18% (782/4341)   Receiving objects:  19% (825/4341)   Receiving objects:  20% (869/4341)   Receiving objects:  21% (912/4341)   Receiving objects:  22% (956/4341)   Receiving objects:  23% (999/4341)   Receiving objects:  24% (1042/4341)   Receiving objects:  25% (1086/4341)   Receiving objects:  26% (1129/4341)   Receiving objects:  27% (1173/4341)   Receiving objects:  28% (1216/4341)   Receiving objects:  29% (1259/4341)   Receiving objects:  30% (1303/4341)   Receiving objects:  31% (1346/4341)   Receiving objects:  32% (1390/4341)   Receiving objects:  33% (1433/4341)   Receiving objects:  34% (1476/4341)   Receiving objects:  35% (1520/4341)   Receiving objects:  36% (1563/4341)   Receiving objects:  37% (1607/4341)   Receiving objects:  38% (1650/4341)   Receiving objects:  39% (1693/4341)   Receiving objects:  40% (1737/4341)   Receiving objects:  41% (1780/4341)   Receiving objects:  42% (1824/4341)   Receiving objects:  43% (1867/4341)   Receiving objects:  44% (1911/4341)   Receiving objects:  45% (1954/4341)   Receiving objects:  46% (1997/4341)   Receiving objects:  47% (2041/4341)   Receiving objects:  48% (2084/4341)   Receiving objects:  49% (2128/4341)   Receiving objects:  50% (2171/4341)   Receiving objects:  51% (2214/4341)   Receiving objects:  52% (2258/4341)   Receiving objects:  53% (2301/4341)   Receiving objects:  54% (2345/4341)   Receiving objects:  55% (2388/4341)   Receiving objects:  56% (2431/4341)   Receiving objects:  57% (2475/4341)   Receiving objects:  58% (2518/4341)   Receiving objects:  59% (2562/4341)   Receiving objects:  60% (2605/4341)   Receiving objects:  61% (2649/4341)   Receiving objects:  62% (2692/4341)   Receiving objects:  63% (2735/4341)   Receiving objects:  64% (2779/4341)   Receiving objects:  65% (2822/4341)   Receiving objects:  66% (2866/4341)   Receiving objects:  67% (2909/4341)   Receiving objects:  68% (2952/4341)   Receiving objects:  69% (2996/4341)   Receiving objects:  70% (3039/4341)   Receiving objects:  71% (3083/4341)   Receiving objects:  72% (3126/4341)   Receiving objects:  73% (3169/4341)   Receiving objects:  74% (3213/4341)   Receiving objects:  75% (3256/4341)   Receiving objects:  76% (3300/4341)   Receiving objects:  77% (3343/4341)   Receiving objects:  78% (3386/4341)   Receiving objects:  79% (3430/4341)   Receiving objects:  80% (3473/4341)   Receiving objects:  81% (3517/4341)   Receiving objects:  82% (3560/4341)   Receiving objects:  83% (3604/4341)   Receiving objects:  84% (3647/4341)   Receiving objects:  85% (3690/4341)   Receiving objects:  86% (3734/4341)   Receiving objects:  87% (3777/4341)   Receiving objects:  88% (3821/4341)   Receiving objects:  89% (3864/4341)   Receiving objects:  90% (3907/4341)   Receiving objects:  91% (3951/4341)   Receiving objects:  92% (3994/4341)   Receiving objects:  93% (4038/4341)   Receiving objects:  94% (4081/4341)   Receiving objects:  95% (4124/4341)   Receiving objects:  96% (4168/4341)   Receiving objects:  97% (4211/4341)   Receiving objects:  98% (4255/4341)   Receiving objects:  99% (4298/4341)   remote: Total 4341 (delta 0), reused 0 (delta 0), pack-reused 4341[K
Receiving objects: 100% (4341/4341)   Receiving objects: 100% (4341/4341), 3.26 MiB | 0 bytes/s, done.
Resolving deltas:   0% (0/1589)   Resolving deltas:   1% (16/1589)   Resolving deltas:   2% (33/1589)   Resolving deltas:   3% (49/1589)   Resolving deltas:   4% (64/1589)   Resolving deltas:   8% (142/1589)   Resolving deltas:   9% (144/1589)   Resolving deltas:  10% (169/1589)   Resolving deltas:  11% (176/1589)   Resolving deltas:  12% (205/1589)   Resolving deltas:  13% (210/1589)   Resolving deltas:  14% (228/1589)   Resolving deltas:  17% (281/1589)   Resolving deltas:  21% (340/1589)   Resolving deltas:  23% (377/1589)   Resolving deltas:  25% (404/1589)   Resolving deltas:  26% (415/1589)   Resolving deltas:  27% (430/1589)   Resolving deltas:  28% (448/1589)   Resolving deltas:  29% (463/1589)   Resolving deltas:  30% (478/1589)   Resolving deltas:  31% (493/1589)   Resolving deltas:  32% (509/1589)   Resolving deltas:  33% (525/1589)   Resolving deltas:  34% (541/1589)   Resolving deltas:  35% (571/1589)   Resolving deltas:  36% (575/1589)   Resolving deltas:  37% (589/1589)   Resolving deltas:  38% (604/1589)   Resolving deltas:  39% (620/1589)   Resolving deltas:  40% (640/1589)   Resolving deltas:  41% (654/1589)   Resolving deltas:  42% (676/1589)   Resolving deltas:  43% (684/1589)   Resolving deltas:  44% (702/1589)   Resolving deltas:  45% (717/1589)   Resolving deltas:  46% (734/1589)   Resolving deltas:  47% (749/1589)   Resolving deltas:  49% (781/1589)   Resolving deltas:  50% (797/1589)   Resolving deltas:  51% (811/1589)   Resolving deltas:  52% (827/1589)   Resolving deltas:  53% (848/1589)   Resolving deltas:  54% (862/1589)   Resolving deltas:  55% (874/1589)   Resolving deltas:  56% (892/1589)   Resolving deltas:  57% (906/1589)   Resolving deltas:  58% (924/1589)   Resolving deltas:  59% (938/1589)   Resolving deltas:  60% (958/1589)   Resolving deltas:  61% (972/1589)   Resolving deltas:  62% (986/1589)   Resolving deltas:  63% (1002/1589)   Resolving deltas:  64% (1017/1589)   Resolving deltas:  65% (1035/1589)   Resolving deltas:  66% (1052/1589)   Resolving deltas:  67% (1067/1589)   Resolving deltas:  68% (1083/1589)   Resolving deltas:  69% (1099/1589)   Resolving deltas:  70% (1113/1589)   Resolving deltas:  71% (1131/1589)   Resolving deltas:  72% (1145/1589)   Resolving deltas:  73% (1160/1589)   Resolving deltas:  74% (1177/1589)   Resolving deltas:  75% (1194/1589)   Resolving deltas:  76% (1215/1589)   Resolving deltas:  77% (1224/1589)   Resolving deltas:  78% (1242/1589)   Resolving deltas:  79% (1256/1589)   Resolving deltas:  80% (1272/1589)   Resolving deltas:  81% (1288/1589)   Resolving deltas:  82% (1304/1589)   Resolving deltas:  83% (1322/1589)   Resolving deltas:  84% (1335/1589)   Resolving deltas:  85% (1352/1589)   Resolving deltas:  86% (1367/1589)   Resolving deltas:  87% (1387/1589)   Resolving deltas:  88% (1399/1589)   Resolving deltas:  89% (1415/1589)   Resolving deltas:  90% (1431/1589)   Resolving deltas:  91% (1446/1589)   Resolving deltas:  92% (1464/1589)   Resolving deltas:  93% (1487/1589)   Resolving deltas:  94% (1498/1589)   Resolving deltas:  95% (1511/1589)   Resolving deltas:  96% (1527/1589)   Resolving deltas:  97% (1542/1589)   Resolving deltas:  98% (1561/1589)   Resolving deltas:  99% (1575/1589)   Resolving deltas: 100% (1589/1589)   Resolving deltas: 100% (1589/1589), done.
Checking connectivity... done.
Submodule path 'its/sources': checked out '4f1f094d3505e8ea70e70fa565e56ef45e2acfda'

travis_time:end:02cc05d7:start=1476200064365108413,finish=1476200065407088769,duration=1041980356[0Ktravis_fold:end:git.submodule[0K
[33;1mThis job is running on container-based infrastructure, which does not allow use of 'sudo', setuid and setguid executables.[0m
[33;1mIf you require sudo, add 'sudo: required' to your .travis.yml[0m
[33;1mSee https://docs.travis-ci.com/user/workers/container-based-infrastructure/ for details.[0m

[33;1mSetting environment variables from repository settings[0m
$ export ARTIFACTORY_URL=[secure]
$ export ARTIFACTORY_DEPLOY_REPO=[secure]
$ export ARTIFACTORY_DEPLOY_USERNAME=[secure]
$ export ARTIFACTORY_DEPLOY_PASSWORD=[secure]
$ export GITHUB_TOKEN=[secure]
$ export SONAR_TOKEN=[secure]
$ export SONAR_HOST_URL=[secure]
$ export DEPLOY_PULL_REQUEST=true

[33;1mSetting environment variables from .travis.yml[0m
$ export TEST=ci

$ jdk_switcher use oraclejdk8
Switching to Oracle JDK8 (java-8-oracle), JAVA_HOME will be set to /usr/lib/jvm/java-8-oracle
travis_fold:start:cache.1[0KSetting up build cache
$ export CASHER_DIR=$HOME/.casher
travis_time:start:11e976e8[0K$ Installing caching utilities

travis_time:end:11e976e8:start=1476200068272870543,finish=1476200068320468121,duration=47597578[0Ktravis_time:start:0ea90c59[0K
travis_time:end:0ea90c59:start=1476200068325189515,finish=1476200068328383442,duration=3193927[0Ktravis_time:start:308ab0be[0K[32;1mattempting to download cache archive[0m
[32;1mfetching PR.126/cache-linux-precise-aaf0f2a7697dc26eaa8f7fe2f6db204894f90918909ca69314e3747c529d7f1c--jdk-oraclejdk8.tgz[0m
[32;1mfound cache[0m

travis_time:end:308ab0be:start=1476200068332144118,finish=1476200069737767332,duration=1405623214[0Ktravis_time:start:09a590d8[0K
travis_time:end:09a590d8:start=1476200069741742092,finish=1476200069745058561,duration=3316469[0Ktravis_time:start:0d5af600[0K[32;1madding /home/travis/.m2/repository to cache[0m

travis_time:end:0d5af600:start=1476200069749631518,finish=1476200071435054393,duration=1685422875[0Ktravis_fold:end:cache.1[0K$ java -Xmx32m -version
java version "1.8.0_31"
Java(TM) SE Runtime Environment (build 1.8.0_31-b13)
Java HotSpot(TM) 64-Bit Server VM (build 25.31-b07, mixed mode)
$ javac -J-Xmx32m -version
javac 1.8.0_31
travis_fold:start:install[0Ktravis_time:start:2d9fedb2[0K$ true

travis_time:end:2d9fedb2:start=1476200071949482308,finish=1476200071952817206,duration=3334898[0Ktravis_fold:end:install[0Ktravis_time:start:1c146b76[0K$ ./travis.sh
Copy public Maven settings
Setting .npmrc
======= Build and analyze pull request
Java HotSpot(TM) 64-Bit Server VM warning: ignoring option MaxPermSize=192m; support was removed in 8.0
Replacing version 2.9-SNAPSHOT with 2.9.0.1434
Java HotSpot(TM) 64-Bit Server VM warning: ignoring option MaxPermSize=192m; support was removed in 8.0
[INFO] Error stacktraces are turned on.
[INFO] Scanning for projects...
[INFO] ------------------------------------------------------------------------
[INFO] Reactor Build Order:
[INFO] 
[INFO] PHP
[INFO] PHP :: Frontend
[INFO] PHP :: Checks
[INFO] PHP :: Sonar Plugin
[INFO]                                                                         
[INFO] ------------------------------------------------------------------------
[INFO] Building PHP 2.9-SNAPSHOT
[INFO] ------------------------------------------------------------------------
[INFO] 
[INFO] --- versions-maven-plugin:2.2:set (default-cli) @ php ---
[INFO] Searching for local aggregator root...
[INFO] Local aggregation root: /home/travis/build/SonarSource/sonar-php
[INFO] Processing change of org.sonarsource.php:php:2.9-SNAPSHOT -> 2.9.0.1434
[INFO] Processing org.sonarsource.php:php
[INFO]     Updating project org.sonarsource.php:php
[INFO]         from version 2.9-SNAPSHOT to 2.9.0.1434
[INFO] 
[INFO] Processing org.sonarsource.php:php-checks
[INFO]     Updating parent org.sonarsource.php:php
[INFO]         from version 2.9-SNAPSHOT to 2.9.0.1434
[INFO] 
[INFO] Processing org.sonarsource.php:php-frontend
[INFO]     Updating parent org.sonarsource.php:php
[INFO]         from version 2.9-SNAPSHOT to 2.9.0.1434
[INFO] 
[INFO] Processing org.sonarsource.php:php-its
[INFO]     Updating parent org.sonarsource.php:php
[INFO]         from version 2.9-SNAPSHOT to 2.9.0.1434
[INFO] 
[INFO] Processing org.sonarsource.php:sonar-php-plugin
[INFO]     Updating parent org.sonarsource.php:php
[INFO]         from version 2.9-SNAPSHOT to 2.9.0.1434
[INFO] 
[INFO] Processing org.sonarsource.php:it-php-plugin
[INFO]     Updating parent org.sonarsource.php:php-its
[INFO]         from version 2.9-SNAPSHOT to 2.9.0.1434
[INFO] 
[INFO] Processing org.sonarsource.php:it-php-ruling
[INFO]     Updating parent org.sonarsource.php:php-its
[INFO]         from version 2.9-SNAPSHOT to 2.9.0.1434
[INFO] 
[INFO] Processing org.sonarsource.php:it-php-plugin-plugins
[INFO]     Updating parent org.sonarsource.php:it-php-plugin
[INFO]         from version 2.9-SNAPSHOT to 2.9.0.1434
[INFO] 
[INFO] Processing org.sonarsource.php:it-php-plugin-tests
[INFO]     Updating parent org.sonarsource.php:it-php-plugin
[INFO]         from version 2.9-SNAPSHOT to 2.9.0.1434
[INFO] 
[INFO] Processing org.sonarsource.php:php-custom-rules-plugin
[INFO]     Updating parent org.sonarsource.php:it-php-plugin-plugins
[INFO]         from version 2.9-SNAPSHOT to 2.9.0.1434
[INFO] 
[INFO] ------------------------------------------------------------------------
[INFO] Reactor Summary:
[INFO] 
[INFO] PHP ................................................ SUCCESS [  2.921 s]
[INFO] PHP :: Frontend .................................... SKIPPED
[INFO] PHP :: Checks ...................................... SKIPPED
[INFO] PHP :: Sonar Plugin ................................ SKIPPED
[INFO] ------------------------------------------------------------------------
[INFO] BUILD SUCCESS
[INFO] ------------------------------------------------------------------------
[INFO] Total time: 4.124 s
[INFO] Finished at: 2016-10-11T15:34:50+00:00
[INFO] Final Memory: 14M/491M
[INFO] ------------------------------------------------------------------------
======= with deploy
Java HotSpot(TM) 64-Bit Server VM warning: ignoring option MaxPermSize=192m; support was removed in 8.0
Apache Maven 3.2.5 (12a6b3acb947671f09b81f49094c53f426d8cea1; 2014-12-14T17:29:23+00:00)
Maven home: /usr/local/maven
Java version: 1.8.0_31, vendor: Oracle Corporation
Java home: /usr/lib/jvm/java-8-oracle/jre
Default locale: en_US, platform encoding: UTF-8
OS name: "linux", version: "3.13.0-40-generic", arch: "amd64", family: "unix"
[INFO] Error stacktraces are turned on.
[INFO] Scanning for projects...
[INFO] ------------------------------------------------------------------------
[INFO] Reactor Build Order:
[INFO] 
[INFO] PHP
[INFO] PHP :: Frontend
[INFO] PHP :: Checks
[INFO] PHP :: Sonar Plugin
[INFO]                                                                         
[INFO] ------------------------------------------------------------------------
[INFO] Building PHP 2.9.0.1434
[INFO] ------------------------------------------------------------------------
[INFO] 
[INFO] --- jacoco-maven-plugin:0.7.7.201606060606:prepare-agent (default-cli) @ php ---
[INFO] argLine set to -javaagent:/home/travis/.m2/repository/org/jacoco/org.jacoco.agent/0.7.7.201606060606/org.jacoco.agent-0.7.7.201606060606-runtime.jar=destfile=/home/travis/build/SonarSource/sonar-php/target/jacoco.exec
[INFO] 
[INFO] --- buildnumber-maven-plugin:1.4:create (default) @ php ---
[INFO] Executing: /bin/sh -c cd '/home/travis/build/SonarSource/sonar-php' && 'git' 'rev-parse' '--verify' 'HEAD'
[INFO] Working directory: /home/travis/build/SonarSource/sonar-php
[INFO] Storing buildNumber: 5b1e1911c623bc15c276f4b4577cafc187368055 at timestamp: 1476200101158
[WARNING] Cannot get the branch information from the git repository: 
Detecting the current branch failed: fatal: ref HEAD is not a symbolic ref

[INFO] Executing: /bin/sh -c cd '/home/travis/build/SonarSource/sonar-php' && 'git' 'rev-parse' '--verify' 'HEAD'
[INFO] Working directory: /home/travis/build/SonarSource/sonar-php
[INFO] Storing buildScmBranch: UNKNOWN
[INFO] 
[INFO] --- maven-enforcer-plugin:1.4.1:enforce (enforce) @ php ---
[INFO] 
[INFO] --- maven-enforcer-plugin:1.4.1:enforce (enforce-deploy-settings) @ php ---
[INFO] 
[INFO] --- license-maven-plugin:2.11:check (enforce-license-headers) @ php ---
[INFO] Checking licenses...
[INFO] 
[INFO] --- artifactory-maven-plugin:2.4.1:publish (build-info) @ php ---
[INFO] Merged properties file:/tmp/buildInfo2612059023551309075.properties created
[INFO] [buildinfo] Properties file found at '/tmp/buildInfo2612059023551309075.properties'
[INFO] Initializing Artifactory Build-Info Recording
[INFO] ------------------------------------------------------------------------
[INFO] Reactor Build Order:
[INFO] 
[INFO] PHP
[INFO] PHP :: Frontend
[INFO] PHP :: Checks
[INFO] PHP :: Sonar Plugin
[INFO]                                                                         
[INFO] ------------------------------------------------------------------------
[INFO] Building PHP 2.9.0.1434
[INFO] ------------------------------------------------------------------------
[INFO] 
[INFO] --- maven-source-plugin:2.4:jar-no-fork (attach-sources) @ php ---
[INFO] 
[INFO] --- maven-install-plugin:2.5.2:install (default-install) @ php ---
[INFO] Installing /home/travis/build/SonarSource/sonar-php/pom.xml to /home/travis/.m2/repository/org/sonarsource/php/php/2.9.0.1434/php-2.9.0.1434.pom
[INFO] 
[INFO] --- maven-deploy-plugin:2.8.2:deploy (default-deploy) @ php ---
[INFO] Skipping artifact deployment
[INFO]                                                                         
[INFO] ------------------------------------------------------------------------
[INFO] Building PHP :: Frontend 2.9.0.1434
[INFO] ------------------------------------------------------------------------
[INFO] 
[INFO] --- jacoco-maven-plugin:0.7.7.201606060606:prepare-agent (default-cli) @ php-frontend ---
[INFO] argLine set to -javaagent:/home/travis/.m2/repository/org/jacoco/org.jacoco.agent/0.7.7.201606060606/org.jacoco.agent-0.7.7.201606060606-runtime.jar=destfile=/home/travis/build/SonarSource/sonar-php/php-frontend/target/jacoco.exec
[INFO] 
[INFO] --- buildnumber-maven-plugin:1.4:create (default) @ php-frontend ---
[INFO] 
[INFO] --- maven-enforcer-plugin:1.4.1:enforce (enforce) @ php-frontend ---
[INFO] 
[INFO] --- maven-enforcer-plugin:1.4.1:enforce (enforce-deploy-settings) @ php-frontend ---
[INFO] 
[INFO] --- license-maven-plugin:2.11:check (enforce-license-headers) @ php-frontend ---
[INFO] Checking licenses...
[INFO] 
[INFO] --- artifactory-maven-plugin:2.4.1:publish (build-info) @ php-frontend ---
[INFO] 
[INFO] --- maven-resources-plugin:2.7:resources (default-resources) @ php-frontend ---
[INFO] Using 'UTF-8' encoding to copy filtered resources.
[INFO] skip non existing resourceDirectory /home/travis/build/SonarSource/sonar-php/php-frontend/src/main/resources
[INFO] 
[INFO] --- maven-compiler-plugin:3.5.1:compile (default-compile) @ php-frontend ---
[INFO] Changes detected - recompiling the module!
[INFO] Compiling 228 source files to /home/travis/build/SonarSource/sonar-php/php-frontend/target/classes
[INFO] /home/travis/build/SonarSource/sonar-php/php-frontend/src/main/java/org/sonar/php/tree/impl/lexical/InternalSyntaxToken.java: Some input files use unchecked or unsafe operations.
[INFO] /home/travis/build/SonarSource/sonar-php/php-frontend/src/main/java/org/sonar/php/tree/impl/lexical/InternalSyntaxToken.java: Recompile with -Xlint:unchecked for details.
[INFO] 
[INFO] --- maven-resources-plugin:2.7:testResources (default-testResources) @ php-frontend ---
[INFO] Using 'UTF-8' encoding to copy filtered resources.
[INFO] Copying 14 resources
[INFO] 
[INFO] --- maven-compiler-plugin:3.5.1:testCompile (default-testCompile) @ php-frontend ---
[INFO] Changes detected - recompiling the module!
[INFO] Compiling 204 source files to /home/travis/build/SonarSource/sonar-php/php-frontend/target/test-classes
[INFO] /home/travis/build/SonarSource/sonar-php/php-frontend/src/test/java/org/sonar/php/PHPTreeModelTest.java: Some input files use unchecked or unsafe operations.
[INFO] /home/travis/build/SonarSource/sonar-php/php-frontend/src/test/java/org/sonar/php/PHPTreeModelTest.java: Recompile with -Xlint:unchecked for details.
[INFO] 
[INFO] --- maven-surefire-plugin:2.18:test (default-test) @ php-frontend ---
[INFO] Surefire report directory: /home/travis/build/SonarSource/sonar-php/php-frontend/target/surefire-reports

-------------------------------------------------------
 T E S T S
-------------------------------------------------------
Running org.sonar.php.parser.expression.YieldExpressionTest
Tests run: 1, Failures: 0, Errors: 0, Skipped: 0, Time elapsed: 2.418 sec - in org.sonar.php.parser.expression.YieldExpressionTest
Running org.sonar.php.tree.visitors.PHPIssueTest
Tests run: 4, Failures: 0, Errors: 0, Skipped: 0, Time elapsed: 0.455 sec - in org.sonar.php.tree.visitors.PHPIssueTest
Running org.sonar.php.parser.expression.CommonScalarTest
Tests run: 1, Failures: 0, Errors: 0, Skipped: 0, Time elapsed: 0.16 sec - in org.sonar.php.parser.expression.CommonScalarTest
Running org.sonar.php.tree.impl.statement.IfStatementTreeTest
Tests run: 4, Failures: 0, Errors: 0, Skipped: 0, Time elapsed: 0.351 sec - in org.sonar.php.tree.impl.statement.IfStatementTreeTest
Running org.sonar.php.parser.statement.ForeachStatementTest
Tests run: 1, Failures: 0, Errors: 0, Skipped: 0, Time elapsed: 0.158 sec - in org.sonar.php.parser.statement.ForeachStatementTest
Running org.sonar.php.metrics.ComplexityVisitorTest
Tests run: 4, Failures: 0, Errors: 0, Skipped: 0, Time elapsed: 0.341 sec - in org.sonar.php.metrics.ComplexityVisitorTest
Running org.sonar.php.highlighter.SymbolHighlighterTest
Tests run: 5, Failures: 0, Errors: 0, Skipped: 0, Time elapsed: 1.669 sec - in org.sonar.php.highlighter.SymbolHighlighterTest
Running org.sonar.php.parser.expression.ObjectDimListTest
Tests run: 1, Failures: 0, Errors: 0, Skipped: 0, Time elapsed: 0.083 sec - in org.sonar.php.parser.expression.ObjectDimListTest
Running org.sonar.php.tree.impl.expression.ListExpressionTreeTest
Tests run: 4, Failures: 0, Errors: 0, Skipped: 0, Time elapsed: 0.384 sec - in org.sonar.php.tree.impl.expression.ListExpressionTreeTest
Running org.sonar.php.parser.expression.NamespaceNameTest
Tests run: 1, Failures: 0, Errors: 0, Skipped: 0, Time elapsed: 0.043 sec - in org.sonar.php.parser.expression.NamespaceNameTest
Running org.sonar.php.tree.impl.statement.GlobalStatementTreeTest
Tests run: 1, Failures: 0, Errors: 0, Skipped: 0, Time elapsed: 0.035 sec - in org.sonar.php.tree.impl.statement.GlobalStatementTreeTest
Running org.sonar.php.parser.expression.LogicalOrExpressionTest
Tests run: 1, Failures: 0, Errors: 0, Skipped: 0, Time elapsed: 0.031 sec - in org.sonar.php.parser.expression.LogicalOrExpressionTest
Running org.sonar.php.tree.impl.declaration.ParameterTreeTest
Tests run: 2, Failures: 0, Errors: 0, Skipped: 0, Time elapsed: 0.045 sec - in org.sonar.php.tree.impl.declaration.ParameterTreeTest
Running org.sonar.php.parser.expression.InternalFunctionTest
Tests run: 1, Failures: 0, Errors: 0, Skipped: 0, Time elapsed: 0.034 sec - in org.sonar.php.parser.expression.InternalFunctionTest
Running org.sonar.php.parser.expression.PostfixExprTest
Tests run: 1, Failures: 0, Errors: 0, Skipped: 0, Time elapsed: 0.054 sec - in org.sonar.php.parser.expression.PostfixExprTest
Running org.sonar.php.parser.expression.AssignmentExpressionTest
Tests run: 1, Failures: 0, Errors: 0, Skipped: 0, Time elapsed: 0.068 sec - in org.sonar.php.parser.expression.AssignmentExpressionTest
Running org.sonar.php.parser.statement.StatementTest
Tests run: 3, Failures: 0, Errors: 0, Skipped: 0, Time elapsed: 0.128 sec - in org.sonar.php.parser.statement.StatementTest
Running org.sonar.php.parser.lexical.InlineHtmlTest
Tests run: 2, Failures: 0, Errors: 0, Skipped: 0, Time elapsed: 0.037 sec - in org.sonar.php.parser.lexical.InlineHtmlTest
Running org.sonar.php.parser.declaration.ParameterTest
Tests run: 1, Failures: 0, Errors: 0, Skipped: 0, Time elapsed: 0.017 sec - in org.sonar.php.parser.declaration.ParameterTest
Running org.sonar.php.tree.impl.declaration.UseDeclarationTreeTest
Tests run: 2, Failures: 0, Errors: 0, Skipped: 0, Time elapsed: 0.083 sec - in org.sonar.php.tree.impl.declaration.UseDeclarationTreeTest
Running org.sonar.php.tree.impl.declaration.TraitAliasTreeTest
Tests run: 3, Failures: 0, Errors: 0, Skipped: 0, Time elapsed: 0.047 sec - in org.sonar.php.tree.impl.declaration.TraitAliasTreeTest
Running org.sonar.php.parser.declaration.TraitAliasTest
Tests run: 1, Failures: 0, Errors: 0, Skipped: 0, Time elapsed: 0.027 sec - in org.sonar.php.parser.declaration.TraitAliasTest
Running org.sonar.php.parser.expression.FunctionCallParameterListTest
Tests run: 1, Failures: 0, Errors: 0, Skipped: 0, Time elapsed: 0.027 sec - in org.sonar.php.parser.expression.FunctionCallParameterListTest
Running org.sonar.php.tree.impl.statement.SwitchClauseTreeTest
Tests run: 2, Failures: 0, Errors: 0, Skipped: 0, Time elapsed: 0.341 sec - in org.sonar.php.tree.impl.statement.SwitchClauseTreeTest
Running org.sonar.php.parser.declaration.TraitPrecedenceTest
Tests run: 1, Failures: 0, Errors: 0, Skipped: 0, Time elapsed: 0.018 sec - in org.sonar.php.parser.declaration.TraitPrecedenceTest
Running org.sonar.php.parser.declaration.InterfaceDeclarationTest
Tests run: 1, Failures: 0, Errors: 0, Skipped: 0, Time elapsed: 0.026 sec - in org.sonar.php.parser.declaration.InterfaceDeclarationTest
Running org.sonar.php.parser.statement.EchoStatementTest
Tests run: 1, Failures: 0, Errors: 0, Skipped: 0, Time elapsed: 0.149 sec - in org.sonar.php.parser.statement.EchoStatementTest
Running org.sonar.php.parser.expression.SimpleEncapsVariableTest
Tests run: 3, Failures: 0, Errors: 0, Skipped: 0, Time elapsed: 0.081 sec - in org.sonar.php.parser.expression.SimpleEncapsVariableTest
Running org.sonar.php.parser.expression.ShiftExpressionTest
Tests run: 1, Failures: 0, Errors: 0, Skipped: 0, Time elapsed: 0.055 sec - in org.sonar.php.parser.expression.ShiftExpressionTest
Running org.sonar.php.tree.impl.expression.BinaryExpressionTreeTest
Tests run: 15, Failures: 0, Errors: 0, Skipped: 0, Time elapsed: 0.387 sec - in org.sonar.php.tree.impl.expression.BinaryExpressionTreeTest
Running org.sonar.php.parser.declaration.MemberModifierTest
Tests run: 1, Failures: 0, Errors: 0, Skipped: 0, Time elapsed: 0.003 sec - in org.sonar.php.parser.declaration.MemberModifierTest
Running org.sonar.php.tree.impl.statement.WhileStatementTreeTest
Tests run: 2, Failures: 0, Errors: 0, Skipped: 0, Time elapsed: 0.007 sec - in org.sonar.php.tree.impl.statement.WhileStatementTreeTest
Running org.sonar.php.parser.expression.ConcatenationExpressionTest
Tests run: 1, Failures: 0, Errors: 0, Skipped: 0, Time elapsed: 0.001 sec - in org.sonar.php.parser.expression.ConcatenationExpressionTest
Running org.sonar.php.metrics.CommentLineVisitorTest
Tests run: 1, Failures: 0, Errors: 0, Skipped: 0, Time elapsed: 0.056 sec - in org.sonar.php.metrics.CommentLineVisitorTest
Running org.sonar.php.parser.declaration.ClassDeclarationTest
Tests run: 1, Failures: 0, Errors: 0, Skipped: 0, Time elapsed: 0.008 sec - in org.sonar.php.parser.declaration.ClassDeclarationTest
Running org.sonar.php.parser.expression.BooleanLiteralTest
Tests run: 1, Failures: 0, Errors: 0, Skipped: 0, Time elapsed: 0 sec - in org.sonar.php.parser.expression.BooleanLiteralTest
Running org.sonar.php.tree.impl.declaration.TraitPrecedenceTreeTest
Tests run: 1, Failures: 0, Errors: 0, Skipped: 0, Time elapsed: 0.005 sec - in org.sonar.php.tree.impl.declaration.TraitPrecedenceTreeTest
Running org.sonar.php.tree.impl.expression.CastExpressionTreeTest
Tests run: 1, Failures: 0, Errors: 0, Skipped: 0, Time elapsed: 0.011 sec - in org.sonar.php.tree.impl.expression.CastExpressionTreeTest
Running org.sonar.php.parser.statement.WhileStatementTest
Tests run: 1, Failures: 0, Errors: 0, Skipped: 0, Time elapsed: 0.048 sec - in org.sonar.php.parser.statement.WhileStatementTest
Running org.sonar.php.tree.impl.declaration.TraitMethodReferenceTreeTest
Tests run: 2, Failures: 0, Errors: 0, Skipped: 0, Time elapsed: 0.032 sec - in org.sonar.php.tree.impl.declaration.TraitMethodReferenceTreeTest
Running org.sonar.php.tree.impl.expression.LexicalVariablesTreeTest
Tests run: 2, Failures: 0, Errors: 0, Skipped: 0, Time elapsed: 0.011 sec - in org.sonar.php.tree.impl.expression.LexicalVariablesTreeTest
Running org.sonar.php.tree.impl.declaration.ParameterListTreeTest
Tests run: 2, Failures: 0, Errors: 0, Skipped: 0, Time elapsed: 0.024 sec - in org.sonar.php.tree.impl.declaration.ParameterListTreeTest
Running org.sonar.php.parser.statement.BreakStatementTest
Tests run: 1, Failures: 0, Errors: 0, Skipped: 0, Time elapsed: 0.009 sec - in org.sonar.php.parser.statement.BreakStatementTest
Running org.sonar.php.parser.expression.ArrayPairTest
Tests run: 1, Failures: 0, Errors: 0, Skipped: 0, Time elapsed: 0.007 sec - in org.sonar.php.parser.expression.ArrayPairTest
Running org.sonar.php.tree.impl.declaration.NamespaceNameTreeTest
Tests run: 4, Failures: 0, Errors: 0, Skipped: 0, Time elapsed: 0.058 sec - in org.sonar.php.tree.impl.declaration.NamespaceNameTreeTest
Running org.sonar.php.parser.statement.ForStatementTest
Tests run: 1, Failures: 0, Errors: 0, Skipped: 0, Time elapsed: 0.019 sec - in org.sonar.php.parser.statement.ForStatementTest
Running org.sonar.php.tree.impl.declaration.ClassDeclarationTreeTest
Tests run: 5, Failures: 0, Errors: 0, Skipped: 0, Time elapsed: 0.094 sec - in org.sonar.php.tree.impl.declaration.ClassDeclarationTreeTest
Running org.sonar.php.parser.expression.BitwiseAndExpressionTest
Tests run: 1, Failures: 0, Errors: 0, Skipped: 0, Time elapsed: 0.01 sec - in org.sonar.php.parser.expression.BitwiseAndExpressionTest
Running org.sonar.php.tree.impl.statement.ForStatementTreeTest
Tests run: 2, Failures: 0, Errors: 0, Skipped: 0, Time elapsed: 0.012 sec - in org.sonar.php.tree.impl.statement.ForStatementTreeTest
Running org.sonar.php.parser.lexical.RegularStringLiteralTest
Tests run: 2, Failures: 0, Errors: 0, Skipped: 0, Time elapsed: 0.009 sec - in org.sonar.php.parser.lexical.RegularStringLiteralTest
Running org.sonar.php.parser.expression.LexicalVarTest
Tests run: 1, Failures: 0, Errors: 0, Skipped: 0, Time elapsed: 0.004 sec - in org.sonar.php.parser.expression.LexicalVarTest
Running org.sonar.php.tree.impl.declaration.ConstantDeclarationTreeTest
Tests run: 1, Failures: 0, Errors: 0, Skipped: 0, Time elapsed: 0.02 sec - in org.sonar.php.tree.impl.declaration.ConstantDeclarationTreeTest
Running org.sonar.php.tree.impl.expression.NewExpressionTreeTest
Tests run: 1, Failures: 0, Errors: 0, Skipped: 0, Time elapsed: 0.008 sec - in org.sonar.php.tree.impl.expression.NewExpressionTreeTest
Running org.sonar.php.parser.lexical.FileOpeningTagTest
Tests run: 1, Failures: 0, Errors: 0, Skipped: 0, Time elapsed: 0.015 sec - in org.sonar.php.parser.lexical.FileOpeningTagTest
Running org.sonar.php.parser.lexical.HeredocTest
Tests run: 1, Failures: 0, Errors: 0, Skipped: 0, Time elapsed: 0.002 sec - in org.sonar.php.parser.lexical.HeredocTest
Running org.sonar.php.tree.visitors.PHPSubscriptionCheckTest
Tests run: 1, Failures: 0, Errors: 0, Skipped: 0, Time elapsed: 0.029 sec - in org.sonar.php.tree.visitors.PHPSubscriptionCheckTest
Running org.sonar.php.tree.symbols.UsagesTest
Tests run: 1, Failures: 0, Errors: 0, Skipped: 0, Time elapsed: 0.076 sec - in org.sonar.php.tree.symbols.UsagesTest
Running org.sonar.php.tree.impl.expression.ArrayPairTreeTest
Tests run: 2, Failures: 0, Errors: 0, Skipped: 0, Time elapsed: 0.014 sec - in org.sonar.php.tree.impl.expression.ArrayPairTreeTest
Running org.sonar.php.parser.statement.EOSTest
Tests run: 1, Failures: 0, Errors: 0, Skipped: 0, Time elapsed: 0.008 sec - in org.sonar.php.parser.statement.EOSTest
Running org.sonar.php.parser.lexical.EncapsStringLiteralTest
Tests run: 1, Failures: 0, Errors: 0, Skipped: 0, Time elapsed: 0.032 sec - in org.sonar.php.parser.lexical.EncapsStringLiteralTest
Running org.sonar.php.tree.impl.expression.ArrayAccessTreeTest
Tests run: 2, Failures: 0, Errors: 0, Skipped: 0, Time elapsed: 0.016 sec - in org.sonar.php.tree.impl.expression.ArrayAccessTreeTest
Running org.sonar.php.parser.expression.LogicalXorExpressionTest
Tests run: 1, Failures: 0, Errors: 0, Skipped: 0, Time elapsed: 0.008 sec - in org.sonar.php.parser.expression.LogicalXorExpressionTest
Running org.sonar.php.tree.impl.expression.CompoundVariableTreeTest
Tests run: 1, Failures: 0, Errors: 0, Skipped: 0, Time elapsed: 0.003 sec - in org.sonar.php.tree.impl.expression.CompoundVariableTreeTest
Running org.sonar.php.tree.impl.ScriptTreeTest
Tests run: 3, Failures: 0, Errors: 0, Skipped: 0, Time elapsed: 0.038 sec - in org.sonar.php.tree.impl.ScriptTreeTest
Running org.sonar.php.parser.statement.GlobalVarTest
Tests run: 1, Failures: 0, Errors: 0, Skipped: 0, Time elapsed: 0.006 sec - in org.sonar.php.parser.statement.GlobalVarTest
Running org.sonar.php.tree.impl.statement.DoWhileStatementTreeTest
Tests run: 1, Failures: 0, Errors: 0, Skipped: 0, Time elapsed: 0.008 sec - in org.sonar.php.tree.impl.statement.DoWhileStatementTreeTest
Running org.sonar.php.parser.expression.PrimaryExpressionTest
Tests run: 1, Failures: 0, Errors: 0, Skipped: 0, Time elapsed: 0.008 sec - in org.sonar.php.parser.expression.PrimaryExpressionTest
Running org.sonar.php.tree.impl.expression.PostfixExpressionTreeTest
Tests run: 2, Failures: 0, Errors: 0, Skipped: 0, Time elapsed: 0.007 sec - in org.sonar.php.tree.impl.expression.PostfixExpressionTreeTest
Running org.sonar.php.parser.expression.AnonymousClassTest
Tests run: 1, Failures: 0, Errors: 0, Skipped: 0, Time elapsed: 0.013 sec - in org.sonar.php.parser.expression.AnonymousClassTest
Running org.sonar.php.parser.declaration.FunctionDeclarationTest
Tests run: 1, Failures: 0, Errors: 0, Skipped: 0, Time elapsed: 0.009 sec - in org.sonar.php.parser.declaration.FunctionDeclarationTest
Running org.sonar.php.tree.impl.statement.BlockTreeTest
Tests run: 2, Failures: 0, Errors: 0, Skipped: 0, Time elapsed: 0.013 sec - in org.sonar.php.tree.impl.statement.BlockTreeTest
Running org.sonar.php.parser.expression.CompoundVariableTest
Tests run: 1, Failures: 0, Errors: 0, Skipped: 0, Time elapsed: 0.004 sec - in org.sonar.php.parser.expression.CompoundVariableTest
Running org.sonar.php.tree.impl.expression.FunctionCallTreeTest
Tests run: 2, Failures: 0, Errors: 0, Skipped: 0, Time elapsed: 0.02 sec - in org.sonar.php.tree.impl.expression.FunctionCallTreeTest
Running org.sonar.php.parser.statement.YieldStatementTest
Tests run: 1, Failures: 0, Errors: 0, Skipped: 0, Time elapsed: 0.003 sec - in org.sonar.php.parser.statement.YieldStatementTest
Running org.sonar.php.parser.expression.ObjectMemberAccessTest
Tests run: 1, Failures: 0, Errors: 0, Skipped: 0, Time elapsed: 0.006 sec - in org.sonar.php.parser.expression.ObjectMemberAccessTest
Running org.sonar.php.tree.impl.statement.LabelTreeTest
Tests run: 1, Failures: 0, Errors: 0, Skipped: 0, Time elapsed: 0.003 sec - in org.sonar.php.tree.impl.statement.LabelTreeTest
Running org.sonar.php.parser.statement.ReturnStatementTest
Tests run: 1, Failures: 0, Errors: 0, Skipped: 0, Time elapsed: 0.002 sec - in org.sonar.php.parser.statement.ReturnStatementTest
Running org.sonar.php.parser.declaration.ClassVariableDeclarationTest
Tests run: 1, Failures: 0, Errors: 0, Skipped: 0, Time elapsed: 0.003 sec - in org.sonar.php.parser.declaration.ClassVariableDeclarationTest
Running org.sonar.php.tree.impl.statement.ForEachStatementTreeTest
Tests run: 3, Failures: 0, Errors: 0, Skipped: 0, Time elapsed: 0.019 sec - in org.sonar.php.tree.impl.statement.ForEachStatementTreeTest
Running org.sonar.php.parser.statement.DeclareStatementTest
Tests run: 1, Failures: 0, Errors: 0, Skipped: 0, Time elapsed: 0.01 sec - in org.sonar.php.parser.statement.DeclareStatementTest
Running org.sonar.php.tree.impl.expression.FunctionExpressionTreeTest
Tests run: 5, Failures: 0, Errors: 0, Skipped: 0, Time elapsed: 0.026 sec - in org.sonar.php.tree.impl.expression.FunctionExpressionTreeTest
Running org.sonar.php.tree.impl.statement.ThrowStatementTreeTest
Tests run: 1, Failures: 0, Errors: 0, Skipped: 0, Time elapsed: 0.003 sec - in org.sonar.php.tree.impl.statement.ThrowStatementTreeTest
Running org.sonar.php.parser.lexical.NumericLiteralTest
Tests run: 1, Failures: 0, Errors: 0, Skipped: 0, Time elapsed: 0.008 sec - in org.sonar.php.parser.lexical.NumericLiteralTest
Running org.sonar.php.parser.declaration.ConstantDeclarationTest
Tests run: 1, Failures: 0, Errors: 0, Skipped: 0, Time elapsed: 0.004 sec - in org.sonar.php.parser.declaration.ConstantDeclarationTest
Running org.sonar.php.tree.impl.statement.TryStatementTreeTest
Tests run: 2, Failures: 0, Errors: 0, Skipped: 0, Time elapsed: 0.013 sec - in org.sonar.php.tree.impl.statement.TryStatementTreeTest
Running org.sonar.php.tree.symbols.ScopeTest
Tests run: 8, Failures: 0, Errors: 0, Skipped: 0, Time elapsed: 0.211 sec - in org.sonar.php.tree.symbols.ScopeTest
Running org.sonar.php.tree.impl.lexical.InternalSyntaxTokenTest
Tests run: 2, Failures: 0, Errors: 0, Skipped: 0, Time elapsed: 0.005 sec - in org.sonar.php.tree.impl.lexical.InternalSyntaxTokenTest
Running org.sonar.php.parser.declaration.MemberConstDeclarationTest
Tests run: 1, Failures: 0, Errors: 0, Skipped: 0, Time elapsed: 0.003 sec - in org.sonar.php.parser.declaration.MemberConstDeclarationTest
Running org.sonar.php.tree.impl.statement.YieldStatementTreeTest
Tests run: 1, Failures: 0, Errors: 0, Skipped: 0, Time elapsed: 0.002 sec - in org.sonar.php.tree.impl.statement.YieldStatementTreeTest
Running org.sonar.php.metrics.CounterVisitorTest
Tests run: 3, Failures: 0, Errors: 0, Skipped: 0, Time elapsed: 0.057 sec - in org.sonar.php.metrics.CounterVisitorTest
Running org.sonar.php.parser.statement.StaticVariableTest
Tests run: 1, Failures: 0, Errors: 0, Skipped: 0, Time elapsed: 0.032 sec - in org.sonar.php.parser.statement.StaticVariableTest
Running org.sonar.php.parser.expression.ListAssignmentExpressionTest
Tests run: 1, Failures: 0, Errors: 0, Skipped: 0, Time elapsed: 0.004 sec - in org.sonar.php.parser.expression.ListAssignmentExpressionTest
Running org.sonar.php.parser.expression.NullCoalescingExpressionTest
Tests run: 1, Failures: 0, Errors: 0, Skipped: 0, Time elapsed: 0.003 sec - in org.sonar.php.parser.expression.NullCoalescingExpressionTest
Running org.sonar.php.parser.expression.SemiComplexEncapsVariableTest
Tests run: 3, Failures: 0, Errors: 0, Skipped: 0, Time elapsed: 0.025 sec - in org.sonar.php.parser.expression.SemiComplexEncapsVariableTest
Running org.sonar.php.tree.impl.expression.ArrayInitializerBracketTreeTest
Tests run: 3, Failures: 0, Errors: 0, Skipped: 0, Time elapsed: 0.007 sec - in org.sonar.php.tree.impl.expression.ArrayInitializerBracketTreeTest
Running org.sonar.php.parser.statement.TryStatementTest
Tests run: 1, Failures: 0, Errors: 0, Skipped: 0, Time elapsed: 0.009 sec - in org.sonar.php.parser.statement.TryStatementTest
Running org.sonar.php.parser.expression.DimensionalOffsetTest
Tests run: 1, Failures: 0, Errors: 0, Skipped: 0, Time elapsed: 0.007 sec - in org.sonar.php.parser.expression.DimensionalOffsetTest
Running org.sonar.php.tree.impl.expression.ReferenceVariableTreeTest
Tests run: 1, Failures: 0, Errors: 0, Skipped: 0, Time elapsed: 0.003 sec - in org.sonar.php.tree.impl.expression.ReferenceVariableTreeTest
Running org.sonar.php.parser.expression.ListExpressionTest
Tests run: 1, Failures: 0, Errors: 0, Skipped: 0, Time elapsed: 0.005 sec - in org.sonar.php.parser.expression.ListExpressionTest
Running org.sonar.php.tree.impl.expression.ExpandableStringCharactersTreeTest
Tests run: 1, Failures: 0, Errors: 0, Skipped: 0, Time elapsed: 0.004 sec - in org.sonar.php.tree.impl.expression.ExpandableStringCharactersTreeTest
Running org.sonar.php.tree.impl.statement.ContinueStatementTreeTest
Tests run: 2, Failures: 0, Errors: 0, Skipped: 0, Time elapsed: 0.031 sec - in org.sonar.php.tree.impl.statement.ContinueStatementTreeTest
Running org.sonar.php.metrics.MetricsVisitorTest
Tests run: 1, Failures: 0, Errors: 0, Skipped: 0, Time elapsed: 0.978 sec - in org.sonar.php.metrics.MetricsVisitorTest
Running org.sonar.php.tree.impl.statement.SwitchStatementTreeTest
Tests run: 2, Failures: 0, Errors: 0, Skipped: 0, Time elapsed: 0.012 sec - in org.sonar.php.tree.impl.statement.SwitchStatementTreeTest
Running org.sonar.php.parser.expression.VariableWithoutObjectsTest
Tests run: 1, Failures: 0, Errors: 0, Skipped: 0, Time elapsed: 0.007 sec - in org.sonar.php.parser.expression.VariableWithoutObjectsTest
Running org.sonar.php.tree.impl.expression.ParenthesizedExpressionTreeTest
Tests run: 2, Failures: 0, Errors: 0, Skipped: 0, Time elapsed: 0.009 sec - in org.sonar.php.tree.impl.expression.ParenthesizedExpressionTreeTest
Running org.sonar.php.tree.symbols.ClassMemberUsagesTest
Tests run: 8, Failures: 0, Errors: 0, Skipped: 0, Time elapsed: 0.579 sec - in org.sonar.php.tree.symbols.ClassMemberUsagesTest
Running org.sonar.plugins.php.api.tests.PhpCheckTestUtilsTest
Tests run: 16, Failures: 0, Errors: 0, Skipped: 0, Time elapsed: 0.102 sec - in org.sonar.plugins.php.api.tests.PhpCheckTestUtilsTest
Running org.sonar.php.parser.expression.ExitExprTest
Tests run: 1, Failures: 0, Errors: 0, Skipped: 0, Time elapsed: 0.009 sec - in org.sonar.php.parser.expression.ExitExprTest
Running org.sonar.php.parser.ScriptTest
Tests run: 1, Failures: 0, Errors: 0, Skipped: 0, Time elapsed: 0.004 sec - in org.sonar.php.parser.ScriptTest
Running org.sonar.php.parser.expression.ConditionalExpressionTest
Tests run: 1, Failures: 0, Errors: 0, Skipped: 0, Time elapsed: 0.007 sec - in org.sonar.php.parser.expression.ConditionalExpressionTest
Running org.sonar.php.parser.lexical.IdentifierTest
Tests run: 1, Failures: 0, Errors: 0, Skipped: 0, Time elapsed: 0.006 sec - in org.sonar.php.parser.lexical.IdentifierTest
Running org.sonar.php.tree.impl.declaration.FunctionDeclarationTreeTest
Tests run: 3, Failures: 0, Errors: 0, Skipped: 0, Time elapsed: 0.016 sec - in org.sonar.php.tree.impl.declaration.FunctionDeclarationTreeTest
Running org.sonar.php.parser.declaration.TraitMethodReferenceTest
Tests run: 1, Failures: 0, Errors: 0, Skipped: 0, Time elapsed: 0.002 sec - in org.sonar.php.parser.declaration.TraitMethodReferenceTest
Running org.sonar.php.parser.expression.StaticMemberAccessTest
Tests run: 1, Failures: 0, Errors: 0, Skipped: 0, Time elapsed: 0.003 sec - in org.sonar.php.parser.expression.StaticMemberAccessTest
Running org.sonar.php.parser.statement.LabelTest
Tests run: 1, Failures: 0, Errors: 0, Skipped: 0, Time elapsed: 0.002 sec - in org.sonar.php.parser.statement.LabelTest
Running org.sonar.php.tree.impl.statement.BreakStatementTreeTest
Tests run: 2, Failures: 0, Errors: 0, Skipped: 0, Time elapsed: 0.005 sec - in org.sonar.php.tree.impl.statement.BreakStatementTreeTest
Running org.sonar.php.metrics.LineVisitorTest
Tests run: 3, Failures: 0, Errors: 0, Skipped: 0, Time elapsed: 0.014 sec - in org.sonar.php.metrics.LineVisitorTest
Running org.sonar.php.parser.declaration.ClassMemberTest
Tests run: 1, Failures: 0, Errors: 0, Skipped: 0, Time elapsed: 0.003 sec - in org.sonar.php.parser.declaration.ClassMemberTest
Running org.sonar.php.parser.statement.BlockTest
Tests run: 1, Failures: 0, Errors: 0, Skipped: 0, Time elapsed: 0.003 sec - in org.sonar.php.parser.statement.BlockTest
Running org.sonar.php.tree.impl.expression.LiteralTreeTest
Tests run: 6, Failures: 0, Errors: 0, Skipped: 0, Time elapsed: 0.013 sec - in org.sonar.php.tree.impl.expression.LiteralTreeTest
Running org.sonar.php.parser.statement.GotoStatementTest
Tests run: 1, Failures: 0, Errors: 0, Skipped: 0, Time elapsed: 0.002 sec - in org.sonar.php.parser.statement.GotoStatementTest
Running org.sonar.php.parser.expression.LogicalAndExpressionTest
Tests run: 1, Failures: 0, Errors: 0, Skipped: 0, Time elapsed: 0.003 sec - in org.sonar.php.parser.expression.LogicalAndExpressionTest
Running org.sonar.php.parser.statement.DoWhileStatementTest
Tests run: 1, Failures: 0, Errors: 0, Skipped: 0, Time elapsed: 0.003 sec - in org.sonar.php.parser.statement.DoWhileStatementTest
Running org.sonar.php.tree.impl.expression.VariableVariableTreeTest
Tests run: 2, Failures: 0, Errors: 0, Skipped: 0, Time elapsed: 0.005 sec - in org.sonar.php.tree.impl.expression.VariableVariableTreeTest
Running org.sonar.php.parser.statement.ContinueStatementTest
Tests run: 1, Failures: 0, Errors: 0, Skipped: 0, Time elapsed: 0.003 sec - in org.sonar.php.parser.statement.ContinueStatementTest
Running org.sonar.php.tree.impl.statement.UnsetVariableStatementTreeTest
Tests run: 1, Failures: 0, Errors: 0, Skipped: 0, Time elapsed: 0.003 sec - in org.sonar.php.tree.impl.statement.UnsetVariableStatementTreeTest
Running org.sonar.php.tree.impl.declaration.UseTraitDeclarationTreeTest
Tests run: 2, Failures: 0, Errors: 0, Skipped: 0, Time elapsed: 0.006 sec - in org.sonar.php.tree.impl.declaration.UseTraitDeclarationTreeTest
Running org.sonar.php.parser.KeywordTest
Tests run: 2, Failures: 0, Errors: 0, Skipped: 0, Time elapsed: 0.004 sec - in org.sonar.php.parser.KeywordTest
Running org.sonar.php.parser.expression.NewExpressionTest
Tests run: 1, Failures: 0, Errors: 0, Skipped: 0, Time elapsed: 0.005 sec - in org.sonar.php.parser.expression.NewExpressionTest
Running org.sonar.php.parser.expression.UnaryExprTest
Tests run: 1, Failures: 0, Errors: 0, Skipped: 0, Time elapsed: 0.005 sec - in org.sonar.php.parser.expression.UnaryExprTest
Running org.sonar.php.parser.expression.ExpandableStringLiteralTest
Tests run: 2, Failures: 0, Errors: 0, Skipped: 0, Time elapsed: 0.009 sec - in org.sonar.php.parser.expression.ExpandableStringLiteralTest
Running org.sonar.plugins.php.api.PHPCustomRulesDefinitionTest
Tests run: 1, Failures: 0, Errors: 0, Skipped: 0, Time elapsed: 0.148 sec - in org.sonar.plugins.php.api.PHPCustomRulesDefinitionTest
Running org.sonar.php.tree.impl.statement.ReturnStatementTreeTest
Tests run: 2, Failures: 0, Errors: 0, Skipped: 0, Time elapsed: 0.012 sec - in org.sonar.php.tree.impl.statement.ReturnStatementTreeTest
Running org.sonar.php.parser.statement.UseClauseTest
Tests run: 2, Failures: 0, Errors: 0, Skipped: 0, Time elapsed: 0.015 sec - in org.sonar.php.parser.statement.UseClauseTest
Running org.sonar.php.parser.statement.UseStatementTest
Tests run: 2, Failures: 0, Errors: 0, Skipped: 0, Time elapsed: 0.012 sec - in org.sonar.php.parser.statement.UseStatementTest
Running org.sonar.php.parser.declaration.TypeNameTest
Tests run: 1, Failures: 0, Errors: 0, Skipped: 0, Time elapsed: 0.007 sec - in org.sonar.php.parser.declaration.TypeNameTest
Running org.sonar.php.tree.impl.expression.AnonymousClassTreeTest
Tests run: 1, Failures: 0, Errors: 0, Skipped: 0, Time elapsed: 0.008 sec - in org.sonar.php.tree.impl.expression.AnonymousClassTreeTest
Running org.sonar.php.tree.impl.expression.VariableIdentifierTreeTest
Tests run: 1, Failures: 0, Errors: 0, Skipped: 0, Time elapsed: 0.004 sec - in org.sonar.php.tree.impl.expression.VariableIdentifierTreeTest
Running org.sonar.php.parser.statement.UnsetVariableStatementTest
Tests run: 1, Failures: 0, Errors: 0, Skipped: 0, Time elapsed: 0.007 sec - in org.sonar.php.parser.statement.UnsetVariableStatementTest
Running org.sonar.php.tree.impl.expression.ExpandableStringLiteralTreeTest
Tests run: 4, Failures: 0, Errors: 0, Skipped: 0, Time elapsed: 0.019 sec - in org.sonar.php.tree.impl.expression.ExpandableStringLiteralTreeTest
Running org.sonar.php.parser.declaration.TraitMethodReferenceFullyQualifiedTest
Tests run: 1, Failures: 0, Errors: 0, Skipped: 0, Time elapsed: 0.002 sec - in org.sonar.php.parser.declaration.TraitMethodReferenceFullyQualifiedTest
Running org.sonar.php.tree.impl.expression.ConditionalExpressionTreeTest
Tests run: 2, Failures: 0, Errors: 0, Skipped: 0, Time elapsed: 0.011 sec - in org.sonar.php.tree.impl.expression.ConditionalExpressionTreeTest
Running org.sonar.php.tree.impl.statement.ExpressionStatementTreeTest
Tests run: 1, Failures: 0, Errors: 0, Skipped: 0, Time elapsed: 0.01 sec - in org.sonar.php.tree.impl.statement.ExpressionStatementTreeTest
Running org.sonar.php.parser.expression.EqualityExpressionTest
Tests run: 1, Failures: 0, Errors: 0, Skipped: 0, Time elapsed: 0.01 sec - in org.sonar.php.parser.expression.EqualityExpressionTest
Running org.sonar.php.parser.expression.AdditiveExpressionTest
Tests run: 1, Failures: 0, Errors: 0, Skipped: 0, Time elapsed: 0.003 sec - in org.sonar.php.parser.expression.AdditiveExpressionTest
Running org.sonar.php.parser.expression.ComplexEncapsVariableTest
Tests run: 3, Failures: 0, Errors: 0, Skipped: 0, Time elapsed: 0.02 sec - in org.sonar.php.parser.expression.ComplexEncapsVariableTest
Running org.sonar.php.tree.visitors.PHPVisitorCheckTest
Tests run: 1, Failures: 0, Errors: 0, Skipped: 0, Time elapsed: 0.01 sec - in org.sonar.php.tree.visitors.PHPVisitorCheckTest
Running org.sonar.php.parser.declaration.UseTraitDeclarationTest
Tests run: 1, Failures: 0, Errors: 0, Skipped: 0, Time elapsed: 0.005 sec - in org.sonar.php.parser.declaration.UseTraitDeclarationTest
Running org.sonar.php.parser.statement.SwitchStatementTest
Tests run: 1, Failures: 0, Errors: 0, Skipped: 0, Time elapsed: 0.008 sec - in org.sonar.php.parser.statement.SwitchStatementTest
Running org.sonar.php.parser.expression.BitwiseOrExpressionTest
Tests run: 1, Failures: 0, Errors: 0, Skipped: 0, Time elapsed: 0.007 sec - in org.sonar.php.parser.expression.BitwiseOrExpressionTest
Running org.sonar.php.tree.impl.statement.CatchBlockTreeTest
Tests run: 1, Failures: 0, Errors: 0, Skipped: 0, Time elapsed: 0.007 sec - in org.sonar.php.tree.impl.statement.CatchBlockTreeTest
Running org.sonar.php.parser.expression.RelationalExpressionTest
Tests run: 1, Failures: 0, Errors: 0, Skipped: 0, Time elapsed: 0.004 sec - in org.sonar.php.parser.expression.RelationalExpressionTest
Running org.sonar.php.tree.impl.statement.InlineHTMLTreeTest
Tests run: 1, Failures: 0, Errors: 0, Skipped: 0, Time elapsed: 0.004 sec - in org.sonar.php.tree.impl.statement.InlineHTMLTreeTest
Running org.sonar.php.parser.CompilationUnitTest
Tests run: 1, Failures: 0, Errors: 0, Skipped: 0, Time elapsed: 0.011 sec - in org.sonar.php.parser.CompilationUnitTest
Running org.sonar.php.parser.statement.StaticStatementTest
Tests run: 1, Failures: 0, Errors: 0, Skipped: 0, Time elapsed: 0.007 sec - in org.sonar.php.parser.statement.StaticStatementTest
Running org.sonar.php.tree.impl.statement.StaticStatementTreeTest
Tests run: 1, Failures: 0, Errors: 0, Skipped: 0, Time elapsed: 0 sec - in org.sonar.php.tree.impl.statement.StaticStatementTreeTest
Running org.sonar.php.parser.expression.LexicalVarsTest
Tests run: 1, Failures: 0, Errors: 0, Skipped: 0, Time elapsed: 0.002 sec - in org.sonar.php.parser.expression.LexicalVarsTest
Running org.sonar.php.highlighter.SyntaxHighlighterVisitorTest
Tests run: 11, Failures: 0, Errors: 0, Skipped: 0, Time elapsed: 0.025 sec - in org.sonar.php.highlighter.SyntaxHighlighterVisitorTest
Running org.sonar.php.tree.symbols.SymbolTableImplTest
Tests run: 6, Failures: 0, Errors: 0, Skipped: 0, Time elapsed: 0.059 sec - in org.sonar.php.tree.symbols.SymbolTableImplTest
Running org.sonar.php.parser.statement.ThrowStatementTest
Tests run: 1, Failures: 0, Errors: 0, Skipped: 0, Time elapsed: 0.007 sec - in org.sonar.php.parser.statement.ThrowStatementTest
Running org.sonar.php.parser.expression.FunctionExpressionTest
Tests run: 1, Failures: 0, Errors: 0, Skipped: 0, Time elapsed: 0.007 sec - in org.sonar.php.parser.expression.FunctionExpressionTest
Running org.sonar.php.tree.impl.expression.PrefixExpressionTreeTest
Tests run: 7, Failures: 0, Errors: 0, Skipped: 0, Time elapsed: 0.018 sec - in org.sonar.php.tree.impl.expression.PrefixExpressionTreeTest
Running org.sonar.php.parser.statement.EmptyStatementTest
Tests run: 1, Failures: 0, Errors: 0, Skipped: 0, Time elapsed: 0.002 sec - in org.sonar.php.parser.statement.EmptyStatementTest
Running org.sonar.php.parser.declaration.ParameterListTest
Tests run: 1, Failures: 0, Errors: 0, Skipped: 0, Time elapsed: 0.003 sec - in org.sonar.php.parser.declaration.ParameterListTest
Running org.sonar.php.parser.declaration.VariableDeclarationTest
Tests run: 1, Failures: 0, Errors: 0, Skipped: 0, Time elapsed: 0.003 sec - in org.sonar.php.parser.declaration.VariableDeclarationTest
Running org.sonar.php.tree.impl.statement.NamespaceStatementTreeTest
Tests run: 2, Failures: 0, Errors: 0, Skipped: 0, Time elapsed: 0.005 sec - in org.sonar.php.tree.impl.statement.NamespaceStatementTreeTest
Running org.sonar.php.tree.impl.declaration.TypeNameTreeTest
Tests run: 4, Failures: 0, Errors: 0, Skipped: 0, Time elapsed: 0.008 sec - in org.sonar.php.tree.impl.declaration.TypeNameTreeTest
Running org.sonar.php.parser.expression.StaticScalarTest
Tests run: 1, Failures: 0, Errors: 0, Skipped: 0, Time elapsed: 0.003 sec - in org.sonar.php.parser.expression.StaticScalarTest
Running org.sonar.php.parser.expression.MultiplicativeExpressionTest
Tests run: 1, Failures: 0, Errors: 0, Skipped: 0, Time elapsed: 0.004 sec - in org.sonar.php.parser.expression.MultiplicativeExpressionTest
Running org.sonar.php.parser.expression.MemberExpressionTest
Tests run: 1, Failures: 0, Errors: 0, Skipped: 0, Time elapsed: 0.007 sec - in org.sonar.php.parser.expression.MemberExpressionTest
Running org.sonar.php.tree.impl.declaration.ClassPropertyDeclarationTreeTest
Tests run: 2, Failures: 0, Errors: 0, Skipped: 0, Time elapsed: 0.005 sec - in org.sonar.php.tree.impl.declaration.ClassPropertyDeclarationTreeTest
Running org.sonar.php.tree.impl.declaration.UseStatementTreeTest
Tests run: 5, Failures: 0, Errors: 0, Skipped: 0, Time elapsed: 0.011 sec - in org.sonar.php.tree.impl.declaration.UseStatementTreeTest
Running org.sonar.php.parser.expression.ArrayInitializerTest
Tests run: 1, Failures: 0, Errors: 0, Skipped: 0, Time elapsed: 0.003 sec - in org.sonar.php.parser.expression.ArrayInitializerTest
Running org.sonar.php.parser.statement.IfStatementTest
Tests run: 2, Failures: 0, Errors: 0, Skipped: 0, Time elapsed: 0.009 sec - in org.sonar.php.parser.statement.IfStatementTest
Running org.sonar.php.parser.declaration.TraitDeclarationTest
Tests run: 1, Failures: 0, Errors: 0, Skipped: 0, Time elapsed: 0.015 sec - in org.sonar.php.parser.declaration.TraitDeclarationTest
Running org.sonar.php.tree.impl.expression.AssignmentExpressionTreeTest
Tests run: 2, Failures: 0, Errors: 0, Skipped: 0, Time elapsed: 0.01 sec - in org.sonar.php.tree.impl.expression.AssignmentExpressionTreeTest
Running org.sonar.php.tree.impl.declaration.MethodDeclarationTreeTest
Tests run: 2, Failures: 0, Errors: 0, Skipped: 0, Time elapsed: 0.005 sec - in org.sonar.php.tree.impl.declaration.MethodDeclarationTreeTest
Running org.sonar.php.tree.impl.statement.DeclareStatementTreeTest
Tests run: 3, Failures: 0, Errors: 0, Skipped: 0, Time elapsed: 0.009 sec - in org.sonar.php.tree.impl.statement.DeclareStatementTreeTest
Running org.sonar.php.parser.expression.BitwiseXorExpressionTest
Tests run: 1, Failures: 0, Errors: 0, Skipped: 0, Time elapsed: 0.003 sec - in org.sonar.php.parser.expression.BitwiseXorExpressionTest
Running org.sonar.php.tree.impl.statement.ElseifClauseTreeTest
Tests run: 2, Failures: 0, Errors: 0, Skipped: 0, Time elapsed: 0.006 sec - in org.sonar.php.tree.impl.statement.ElseifClauseTreeTest
Running org.sonar.php.tree.impl.statement.GotoStatementTreeTest
Tests run: 1, Failures: 0, Errors: 0, Skipped: 0, Time elapsed: 0.003 sec - in org.sonar.php.tree.impl.statement.GotoStatementTreeTest
Running org.sonar.php.tree.impl.statement.ElseClauseTreeTest
Tests run: 2, Failures: 0, Errors: 0, Skipped: 0, Time elapsed: 0.006 sec - in org.sonar.php.tree.impl.statement.ElseClauseTreeTest
Running org.sonar.php.parser.declaration.MethodDeclarationTest
Tests run: 2, Failures: 0, Errors: 0, Skipped: 0, Time elapsed: 0.007 sec - in org.sonar.php.parser.declaration.MethodDeclarationTest
Running org.sonar.php.parser.statement.NamespaceStatementTest
Tests run: 1, Failures: 0, Errors: 0, Skipped: 0, Time elapsed: 0.003 sec - in org.sonar.php.parser.statement.NamespaceStatementTest
Running org.sonar.php.tree.impl.expression.ArrayInitializerFunctionTreeTest
Tests run: 3, Failures: 0, Errors: 0, Skipped: 0, Time elapsed: 0.008 sec - in org.sonar.php.tree.impl.expression.ArrayInitializerFunctionTreeTest
Running org.sonar.php.parser.statement.GlobalStatementTest
Tests run: 1, Failures: 0, Errors: 0, Skipped: 0, Time elapsed: 0.003 sec - in org.sonar.php.parser.statement.GlobalStatementTest
Running org.sonar.php.parser.lexical.VarIdentifierTest
Tests run: 1, Failures: 0, Errors: 0, Skipped: 0, Time elapsed: 0.006 sec - in org.sonar.php.parser.lexical.VarIdentifierTest
Running org.sonar.php.PHPAnalyzerTest
Tests run: 1, Failures: 0, Errors: 0, Skipped: 0, Time elapsed: 0.005 sec - in org.sonar.php.PHPAnalyzerTest
Running org.sonar.php.tree.impl.statement.EmptyStatementTreeTest
Tests run: 1, Failures: 0, Errors: 0, Skipped: 0, Time elapsed: 0.003 sec - in org.sonar.php.tree.impl.statement.EmptyStatementTreeTest
Running org.sonar.php.parser.statement.SwitchCaseClauseTest
Tests run: 1, Failures: 0, Errors: 0, Skipped: 0, Time elapsed: 0.004 sec - in org.sonar.php.parser.statement.SwitchCaseClauseTest
Running org.sonar.php.tree.impl.expression.SpreadArgumentTreeTest
Tests run: 1, Failures: 0, Errors: 0, Skipped: 0, Time elapsed: 0.003 sec - in org.sonar.php.tree.impl.expression.SpreadArgumentTreeTest
Running org.sonar.php.parser.expression.EncapsVarTest
Tests run: 1, Failures: 0, Errors: 0, Skipped: 0, Time elapsed: 0.003 sec - in org.sonar.php.parser.expression.EncapsVarTest
Running org.sonar.php.tree.impl.expression.YieldExpressionTreeTest
Tests run: 4, Failures: 0, Errors: 0, Skipped: 0, Time elapsed: 0.012 sec - in org.sonar.php.tree.impl.expression.YieldExpressionTreeTest
Running org.sonar.php.tree.impl.expression.ComputedVariableTreeTest
Tests run: 1, Failures: 0, Errors: 0, Skipped: 0, Time elapsed: 0.003 sec - in org.sonar.php.tree.impl.expression.ComputedVariableTreeTest
Running org.sonar.php.parser.declaration.ClassConstDeclarationTest
Tests run: 1, Failures: 0, Errors: 0, Skipped: 0, Time elapsed: 0.004 sec - in org.sonar.php.parser.declaration.ClassConstDeclarationTest
Running org.sonar.php.tree.impl.expression.MemberAccessTreeTest
Tests run: 2, Failures: 0, Errors: 0, Skipped: 0, Time elapsed: 0.038 sec - in org.sonar.php.tree.impl.expression.MemberAccessTreeTest

Results :




Tests run: 369, Failures: 0, Errors: 0, Skipped: 0

[INFO] 
[INFO] --- maven-jar-plugin:2.6:jar (default-jar) @ php-frontend ---
[INFO] Building jar: /home/travis/build/SonarSource/sonar-php/php-frontend/target/php-frontend-2.9.0.1434.jar
[INFO] 
[INFO] --- maven-jar-plugin:2.6:test-jar (default) @ php-frontend ---
[INFO] Building jar: /home/travis/build/SonarSource/sonar-php/php-frontend/target/php-frontend-2.9.0.1434-tests.jar
[INFO] 
[INFO] --- maven-source-plugin:2.4:jar-no-fork (attach-sources) @ php-frontend ---
[INFO] Building jar: /home/travis/build/SonarSource/sonar-php/php-frontend/target/php-frontend-2.9.0.1434-sources.jar
[INFO] 
[INFO] --- maven-install-plugin:2.5.2:install (default-install) @ php-frontend ---
[INFO] Installing /home/travis/build/SonarSource/sonar-php/php-frontend/target/php-frontend-2.9.0.1434.jar to /home/travis/.m2/repository/org/sonarsource/php/php-frontend/2.9.0.1434/php-frontend-2.9.0.1434.jar
[INFO] Installing /home/travis/build/SonarSource/sonar-php/php-frontend/pom.xml to /home/travis/.m2/repository/org/sonarsource/php/php-frontend/2.9.0.1434/php-frontend-2.9.0.1434.pom
[INFO] Installing /home/travis/build/SonarSource/sonar-php/php-frontend/target/php-frontend-2.9.0.1434-tests.jar to /home/travis/.m2/repository/org/sonarsource/php/php-frontend/2.9.0.1434/php-frontend-2.9.0.1434-tests.jar
[INFO] Installing /home/travis/build/SonarSource/sonar-php/php-frontend/target/php-frontend-2.9.0.1434-sources.jar to /home/travis/.m2/repository/org/sonarsource/php/php-frontend/2.9.0.1434/php-frontend-2.9.0.1434-sources.jar
[INFO] 
[INFO] --- maven-deploy-plugin:2.8.2:deploy (default-deploy) @ php-frontend ---
[INFO] Skipping artifact deployment
[INFO]                                                                         
[INFO] ------------------------------------------------------------------------
[INFO] Building PHP :: Checks 2.9.0.1434
[INFO] ------------------------------------------------------------------------
[INFO] 
[INFO] --- jacoco-maven-plugin:0.7.7.201606060606:prepare-agent (default-cli) @ php-checks ---
[INFO] argLine set to -javaagent:/home/travis/.m2/repository/org/jacoco/org.jacoco.agent/0.7.7.201606060606/org.jacoco.agent-0.7.7.201606060606-runtime.jar=destfile=/home/travis/build/SonarSource/sonar-php/php-checks/target/jacoco.exec
[INFO] 
[INFO] --- buildnumber-maven-plugin:1.4:create (default) @ php-checks ---
[INFO] 
[INFO] --- maven-enforcer-plugin:1.4.1:enforce (enforce) @ php-checks ---
[INFO] 
[INFO] --- maven-enforcer-plugin:1.4.1:enforce (enforce-deploy-settings) @ php-checks ---
[INFO] 
[INFO] --- license-maven-plugin:2.11:check (enforce-license-headers) @ php-checks ---
[INFO] Checking licenses...
[INFO] 
[INFO] --- artifactory-maven-plugin:2.4.1:publish (build-info) @ php-checks ---
[INFO] 
[INFO] --- maven-resources-plugin:2.7:resources (default-resources) @ php-checks ---
[INFO] Using 'UTF-8' encoding to copy filtered resources.
[INFO] Copying 114 resources
[INFO] 
[INFO] --- maven-compiler-plugin:3.5.1:compile (default-compile) @ php-checks ---
[INFO] Changes detected - recompiling the module!
[INFO] Compiling 132 source files to /home/travis/build/SonarSource/sonar-php/php-checks/target/classes
[INFO] /home/travis/build/SonarSource/sonar-php/php-checks/src/main/java/org/sonar/php/checks/formatting/IndentationCheck.java: /home/travis/build/SonarSource/sonar-php/php-checks/src/main/java/org/sonar/php/checks/formatting/IndentationCheck.java uses unchecked or unsafe operations.
[INFO] /home/travis/build/SonarSource/sonar-php/php-checks/src/main/java/org/sonar/php/checks/formatting/IndentationCheck.java: Recompile with -Xlint:unchecked for details.
[INFO] 
[INFO] --- maven-resources-plugin:2.7:testResources (default-testResources) @ php-checks ---
[INFO] Using 'UTF-8' encoding to copy filtered resources.
[INFO] Copying 149 resources
[INFO] 
[INFO] --- maven-compiler-plugin:3.5.1:testCompile (default-testCompile) @ php-checks ---
[INFO] Changes detected - recompiling the module!
[INFO] Compiling 121 source files to /home/travis/build/SonarSource/sonar-php/php-checks/target/test-classes
[INFO] 
[INFO] --- maven-surefire-plugin:2.18:test (default-test) @ php-checks ---
[INFO] Surefire report directory: /home/travis/build/SonarSource/sonar-php/php-checks/target/surefire-reports

-------------------------------------------------------
 T E S T S
-------------------------------------------------------
Running org.sonar.php.checks.utils.EqualityTest
Tests run: 1, Failures: 0, Errors: 0, Skipped: 0, Time elapsed: 2.843 sec - in org.sonar.php.checks.utils.EqualityTest
Running org.sonar.php.checks.LeftCurlyBraceStartsLineCheckTest
Tests run: 1, Failures: 0, Errors: 0, Skipped: 0, Time elapsed: 0.376 sec - in org.sonar.php.checks.LeftCurlyBraceStartsLineCheckTest
Running org.sonar.php.checks.HardCodedCredentialsCheckTest
Tests run: 1, Failures: 0, Errors: 0, Skipped: 0, Time elapsed: 0.137 sec - in org.sonar.php.checks.HardCodedCredentialsCheckTest
Running org.sonar.php.checks.UnusedPrivateMethodCheckTest
Tests run: 1, Failures: 0, Errors: 0, Skipped: 0, Time elapsed: 0.035 sec - in org.sonar.php.checks.UnusedPrivateMethodCheckTest
Running org.sonar.php.checks.DeprecatedPredefinedVariablesUseCheckTest
Tests run: 1, Failures: 0, Errors: 0, Skipped: 0, Time elapsed: 0.043 sec - in org.sonar.php.checks.DeprecatedPredefinedVariablesUseCheckTest
Running org.sonar.php.checks.KeywordsAndConstantsNotLowerCaseCheckTest
Tests run: 1, Failures: 0, Errors: 0, Skipped: 0, Time elapsed: 0.019 sec - in org.sonar.php.checks.KeywordsAndConstantsNotLowerCaseCheckTest
Running org.sonar.php.checks.RequireInsteadOfRequireOnceCheckTest
Tests run: 1, Failures: 0, Errors: 0, Skipped: 0, Time elapsed: 0.012 sec - in org.sonar.php.checks.RequireInsteadOfRequireOnceCheckTest
Running org.sonar.php.checks.BooleanEqualityComparisonCheckTest
Tests run: 1, Failures: 0, Errors: 0, Skipped: 0, Time elapsed: 0.05 sec - in org.sonar.php.checks.BooleanEqualityComparisonCheckTest
Running org.sonar.php.checks.IncrementDecrementInSubExpressionCheckTest
Tests run: 1, Failures: 0, Errors: 0, Skipped: 0, Time elapsed: 0.044 sec - in org.sonar.php.checks.IncrementDecrementInSubExpressionCheckTest
Running org.sonar.php.checks.MissingMethodVisibilityCheckTest
Tests run: 1, Failures: 0, Errors: 0, Skipped: 0, Time elapsed: 0.053 sec - in org.sonar.php.checks.MissingMethodVisibilityCheckTest
Running org.sonar.php.checks.CallToIniSetCheckTest
Tests run: 1, Failures: 0, Errors: 0, Skipped: 0, Time elapsed: 0.016 sec - in org.sonar.php.checks.CallToIniSetCheckTest
Running org.sonar.php.checks.ReturnOfBooleanExpressionCheckTest
Tests run: 1, Failures: 0, Errors: 0, Skipped: 0, Time elapsed: 0.1 sec - in org.sonar.php.checks.ReturnOfBooleanExpressionCheckTest
Running org.sonar.php.checks.DirectlyAccessingSuperGlobalCheckTest
Tests run: 1, Failures: 0, Errors: 0, Skipped: 0, Time elapsed: 0.012 sec - in org.sonar.php.checks.DirectlyAccessingSuperGlobalCheckTest
Running org.sonar.php.checks.InlineHTMLInFileCheckTest
Tests run: 4, Failures: 0, Errors: 0, Skipped: 0, Time elapsed: 0.049 sec - in org.sonar.php.checks.InlineHTMLInFileCheckTest
Running org.sonar.php.checks.SwitchWithoutDefaultCheckTest
Tests run: 1, Failures: 0, Errors: 0, Skipped: 0, Time elapsed: 0.014 sec - in org.sonar.php.checks.SwitchWithoutDefaultCheckTest
Running org.sonar.php.checks.FileWithSymbolsAndSideEffectsCheckTest
Tests run: 8, Failures: 0, Errors: 0, Skipped: 0, Time elapsed: 0.05 sec - in org.sonar.php.checks.FileWithSymbolsAndSideEffectsCheckTest
Running org.sonar.php.checks.CollapsibleIfStatementCheckTest
Tests run: 1, Failures: 0, Errors: 0, Skipped: 0, Time elapsed: 0.07 sec - in org.sonar.php.checks.CollapsibleIfStatementCheckTest
Running org.sonar.php.checks.TooManyReturnCheckTest
Tests run: 2, Failures: 0, Errors: 0, Skipped: 0, Time elapsed: 0.026 sec - in org.sonar.php.checks.TooManyReturnCheckTest
Running org.sonar.php.checks.ReferenceInFunctionCallCheckTest
Tests run: 1, Failures: 0, Errors: 0, Skipped: 0, Time elapsed: 0.004 sec - in org.sonar.php.checks.ReferenceInFunctionCallCheckTest
Running org.sonar.php.checks.RightCurlyBraceStartsLineCheckTest
Tests run: 1, Failures: 0, Errors: 0, Skipped: 0, Time elapsed: 0.019 sec - in org.sonar.php.checks.RightCurlyBraceStartsLineCheckTest
Running org.sonar.php.checks.formatting.CurlyBraceCheckTest
Tests run: 2, Failures: 0, Errors: 0, Skipped: 0, Time elapsed: 0.074 sec - in org.sonar.php.checks.formatting.CurlyBraceCheckTest
Running org.sonar.php.checks.FunctionComplexityCheckTest
Tests run: 2, Failures: 0, Errors: 0, Skipped: 0, Time elapsed: 0.038 sec - in org.sonar.php.checks.FunctionComplexityCheckTest
Running org.sonar.php.checks.InterfaceNameCheckTest
Tests run: 1, Failures: 0, Errors: 0, Skipped: 0, Time elapsed: 0.002 sec - in org.sonar.php.checks.InterfaceNameCheckTest
Running org.sonar.php.checks.TrailingCommentCheckTest
Tests run: 2, Failures: 0, Errors: 0, Skipped: 0, Time elapsed: 0.009 sec - in org.sonar.php.checks.TrailingCommentCheckTest
Running org.sonar.php.checks.IdenticalOperandsInBinaryExpressionCheckTest
Tests run: 1, Failures: 0, Errors: 0, Skipped: 0, Time elapsed: 0.014 sec - in org.sonar.php.checks.IdenticalOperandsInBinaryExpressionCheckTest
Running org.sonar.php.checks.TabCharacterCheckTest
Tests run: 1, Failures: 0, Errors: 0, Skipped: 0, Time elapsed: 0.006 sec - in org.sonar.php.checks.TabCharacterCheckTest
Running org.sonar.php.checks.ElseIfSequenceKeywordUsageCheckTest
Tests run: 1, Failures: 0, Errors: 0, Skipped: 0, Time elapsed: 0.004 sec - in org.sonar.php.checks.ElseIfSequenceKeywordUsageCheckTest
Running org.sonar.php.checks.ClassNameCheckTest
Tests run: 2, Failures: 0, Errors: 0, Skipped: 0, Time elapsed: 0.002 sec - in org.sonar.php.checks.ClassNameCheckTest
Running org.sonar.php.checks.ThisVariableUsageInStaticContextCheckTest
Tests run: 1, Failures: 0, Errors: 0, Skipped: 0, Time elapsed: 0.019 sec - in org.sonar.php.checks.ThisVariableUsageInStaticContextCheckTest
Running org.sonar.php.checks.FieldNameCheckTest
Tests run: 2, Failures: 0, Errors: 0, Skipped: 0, Time elapsed: 0.015 sec - in org.sonar.php.checks.FieldNameCheckTest
Running org.sonar.php.checks.formatting.FunctionSpacingCheckTest
Tests run: 2, Failures: 0, Errors: 0, Skipped: 0, Time elapsed: 0.039 sec - in org.sonar.php.checks.formatting.FunctionSpacingCheckTest
Running org.sonar.php.checks.ElseIfWithoutElseCheckTest
Tests run: 1, Failures: 0, Errors: 0, Skipped: 0, Time elapsed: 0.019 sec - in org.sonar.php.checks.ElseIfWithoutElseCheckTest
Running org.sonar.php.checks.IfConditionAlwaysTrueOrFalseCheckTest
Tests run: 1, Failures: 0, Errors: 0, Skipped: 0, Time elapsed: 0.009 sec - in org.sonar.php.checks.IfConditionAlwaysTrueOrFalseCheckTest
Running org.sonar.php.checks.UnusedFunctionParametersCheckTest
Tests run: 1, Failures: 0, Errors: 0, Skipped: 0, Time elapsed: 0.047 sec - in org.sonar.php.checks.UnusedFunctionParametersCheckTest
Running org.sonar.php.checks.OverridingMethodSimplyCallParentCheckTest
Tests run: 1, Failures: 0, Errors: 0, Skipped: 0, Time elapsed: 0.036 sec - in org.sonar.php.checks.OverridingMethodSimplyCallParentCheckTest
Running org.sonar.php.checks.EchoWithParenthesisCheckTest
Tests run: 1, Failures: 0, Errors: 0, Skipped: 0, Time elapsed: 0.01 sec - in org.sonar.php.checks.EchoWithParenthesisCheckTest
Running org.sonar.php.checks.ExitOrDieUsageCheckTest
Tests run: 1, Failures: 0, Errors: 0, Skipped: 0, Time elapsed: 0.004 sec - in org.sonar.php.checks.ExitOrDieUsageCheckTest
Running org.sonar.php.checks.SwitchCaseTooBigCheckTest
Tests run: 2, Failures: 0, Errors: 0, Skipped: 0, Time elapsed: 0.027 sec - in org.sonar.php.checks.SwitchCaseTooBigCheckTest
Running org.sonar.php.checks.StringLiteralDuplicatedCheckTest
Tests run: 2, Failures: 0, Errors: 0, Skipped: 0, Time elapsed: 0.038 sec - in org.sonar.php.checks.StringLiteralDuplicatedCheckTest
Running org.sonar.php.checks.formatting.ControlStructureSpacingTest
Tests run: 2, Failures: 0, Errors: 0, Skipped: 0, Time elapsed: 0.088 sec - in org.sonar.php.checks.formatting.ControlStructureSpacingTest
Running org.sonar.php.checks.TooManyLinesInFileCheckTest
Tests run: 2, Failures: 0, Errors: 0, Skipped: 0, Time elapsed: 0.013 sec - in org.sonar.php.checks.TooManyLinesInFileCheckTest
Running org.sonar.php.checks.ForLoopCounterChangedCheckTest
Tests run: 1, Failures: 0, Errors: 0, Skipped: 0, Time elapsed: 0.059 sec - in org.sonar.php.checks.ForLoopCounterChangedCheckTest
Running org.sonar.php.checks.ConstructorDependencyInversionCheckTest
Tests run: 1, Failures: 0, Errors: 0, Skipped: 0, Time elapsed: 0.022 sec - in org.sonar.php.checks.ConstructorDependencyInversionCheckTest
Running org.sonar.php.checks.UnusedPrivateFieldCheckTest
Tests run: 1, Failures: 0, Errors: 0, Skipped: 0, Time elapsed: 0.022 sec - in org.sonar.php.checks.UnusedPrivateFieldCheckTest
Running org.sonar.php.checks.UselessExpressionStatementCheckTest
Tests run: 2, Failures: 0, Errors: 0, Skipped: 0, Time elapsed: 0.019 sec - in org.sonar.php.checks.UselessExpressionStatementCheckTest
Running org.sonar.php.checks.NestedControlFlowDepthCheckTest
Tests run: 2, Failures: 0, Errors: 0, Skipped: 0, Time elapsed: 0.018 sec - in org.sonar.php.checks.NestedControlFlowDepthCheckTest
Running org.sonar.php.checks.CheckListTest
Tests run: 2, Failures: 0, Errors: 0, Skipped: 0, Time elapsed: 0.07 sec - in org.sonar.php.checks.CheckListTest
Running org.sonar.php.checks.OpeningPHPTagCheckTest
Tests run: 4, Failures: 0, Errors: 0, Skipped: 0, Time elapsed: 0.004 sec - in org.sonar.php.checks.OpeningPHPTagCheckTest
Running org.sonar.php.checks.UnusedLocalVariableCheckTest
Tests run: 1, Failures: 0, Errors: 0, Skipped: 0, Time elapsed: 0.038 sec - in org.sonar.php.checks.UnusedLocalVariableCheckTest
Running org.sonar.php.checks.TodoTagPresenceCheckTest
Tests run: 1, Failures: 0, Errors: 0, Skipped: 0, Time elapsed: 0.005 sec - in org.sonar.php.checks.TodoTagPresenceCheckTest
Running org.sonar.php.checks.MissingNewLineAtEOFCheckTest
Tests run: 3, Failures: 0, Errors: 0, Skipped: 0, Time elapsed: 0.008 sec - in org.sonar.php.checks.MissingNewLineAtEOFCheckTest
Running org.sonar.php.checks.FunctionDefineOutsideClassCheckTest
Tests run: 1, Failures: 0, Errors: 0, Skipped: 0, Time elapsed: 0.01 sec - in org.sonar.php.checks.FunctionDefineOutsideClassCheckTest
Running org.sonar.php.checks.NonEmptyCaseWithoutBreakCheckTest
Tests run: 1, Failures: 0, Errors: 0, Skipped: 0, Time elapsed: 0.022 sec - in org.sonar.php.checks.NonEmptyCaseWithoutBreakCheckTest
Running org.sonar.php.checks.MultilineBlocksCurlyBracesCheckTest
Tests run: 1, Failures: 0, Errors: 0, Skipped: 0, Time elapsed: 0.027 sec - in org.sonar.php.checks.MultilineBlocksCurlyBracesCheckTest
Running org.sonar.php.checks.ClassComplexityCheckTest
Tests run: 2, Failures: 0, Errors: 0, Skipped: 0, Time elapsed: 0.014 sec - in org.sonar.php.checks.ClassComplexityCheckTest
Running org.sonar.php.checks.OneStatementPerLineCheckTest
Tests run: 1, Failures: 0, Errors: 0, Skipped: 0, Time elapsed: 0.014 sec - in org.sonar.php.checks.OneStatementPerLineCheckTest
Running org.sonar.php.checks.ConcatenatedStringLiteralCheckTest
Tests run: 1, Failures: 0, Errors: 0, Skipped: 0, Time elapsed: 0.008 sec - in org.sonar.php.checks.ConcatenatedStringLiteralCheckTest
Running org.sonar.php.checks.PHP5DeprecatedFunctionUsageCheckTest
Tests run: 1, Failures: 0, Errors: 0, Skipped: 0, Time elapsed: 0.016 sec - in org.sonar.php.checks.PHP5DeprecatedFunctionUsageCheckTest
Running org.sonar.php.checks.FixmeTagPresenceCheckTest
Tests run: 1, Failures: 0, Errors: 0, Skipped: 0, Time elapsed: 0.002 sec - in org.sonar.php.checks.FixmeTagPresenceCheckTest
Running org.sonar.php.checks.formatting.NamespaceAndUseStatementCheckTest
Tests run: 3, Failures: 0, Errors: 0, Skipped: 0, Time elapsed: 0.011 sec - in org.sonar.php.checks.formatting.NamespaceAndUseStatementCheckTest
Running org.sonar.php.checks.EvalUseCheckTest
Tests run: 1, Failures: 0, Errors: 0, Skipped: 0, Time elapsed: 0.002 sec - in org.sonar.php.checks.EvalUseCheckTest
Running org.sonar.php.checks.ForHidingWhileCheckTest
Tests run: 1, Failures: 0, Errors: 0, Skipped: 0, Time elapsed: 0.005 sec - in org.sonar.php.checks.ForHidingWhileCheckTest
Running org.sonar.php.checks.LineLengthCheckTest
Tests run: 2, Failures: 0, Errors: 0, Skipped: 0, Time elapsed: 0.003 sec - in org.sonar.php.checks.LineLengthCheckTest
Running org.sonar.php.checks.VarKeywordUsageCheckTest
Tests run: 1, Failures: 0, Errors: 0, Skipped: 0, Time elapsed: 0.006 sec - in org.sonar.php.checks.VarKeywordUsageCheckTest
Running org.sonar.php.checks.TrailingWhitespaceCheckTest
Tests run: 1, Failures: 0, Errors: 0, Skipped: 0, Time elapsed: 0.001 sec - in org.sonar.php.checks.TrailingWhitespaceCheckTest
Running org.sonar.php.checks.UselessObjectCreationCheckTest
Tests run: 1, Failures: 0, Errors: 0, Skipped: 0, Time elapsed: 0.003 sec - in org.sonar.php.checks.UselessObjectCreationCheckTest
Running org.sonar.php.checks.formatting.PunctuatorSpacingCheckTest
Tests run: 2, Failures: 0, Errors: 0, Skipped: 0, Time elapsed: 0.216 sec - in org.sonar.php.checks.formatting.PunctuatorSpacingCheckTest
Running org.sonar.php.checks.CallParentConstructorCheckTest
Tests run: 1, Failures: 0, Errors: 0, Skipped: 0, Time elapsed: 0.012 sec - in org.sonar.php.checks.CallParentConstructorCheckTest
Running org.sonar.php.checks.PerlStyleCommentsUsageCheckTest
Tests run: 1, Failures: 0, Errors: 0, Skipped: 0, Time elapsed: 0.002 sec - in org.sonar.php.checks.PerlStyleCommentsUsageCheckTest
Running org.sonar.php.checks.ClosingTagInFullPHPFileCheckTest
Tests run: 2, Failures: 0, Errors: 0, Skipped: 0, Time elapsed: 0.009 sec - in org.sonar.php.checks.ClosingTagInFullPHPFileCheckTest
Running org.sonar.php.checks.LowerCaseColorCheckTest
Tests run: 1, Failures: 0, Errors: 0, Skipped: 0, Time elapsed: 0.003 sec - in org.sonar.php.checks.LowerCaseColorCheckTest
Running org.sonar.php.checks.formatting.IndentationCheckTest
Tests run: 2, Failures: 0, Errors: 0, Skipped: 0, Time elapsed: 0.052 sec - in org.sonar.php.checks.formatting.IndentationCheckTest
Running org.sonar.php.checks.EmptyStatementCheckTest
Tests run: 1, Failures: 0, Errors: 0, Skipped: 0, Time elapsed: 0.004 sec - in org.sonar.php.checks.EmptyStatementCheckTest
Running org.sonar.php.checks.LogicalWordOperatorUsageCheckTest
Tests run: 1, Failures: 0, Errors: 0, Skipped: 0, Time elapsed: 0.017 sec - in org.sonar.php.checks.LogicalWordOperatorUsageCheckTest
Running org.sonar.php.checks.GenericExceptionCheckTest
Tests run: 6, Failures: 0, Errors: 0, Skipped: 0, Time elapsed: 0.044 sec - in org.sonar.php.checks.GenericExceptionCheckTest
Running org.sonar.php.checks.ArgumentWithDefaultValueNotLastCheckTest
Tests run: 1, Failures: 0, Errors: 0, Skipped: 0, Time elapsed: 0.011 sec - in org.sonar.php.checks.ArgumentWithDefaultValueNotLastCheckTest
Running org.sonar.php.checks.PhpSapiNameFunctionUsageCheckTest
Tests run: 1, Failures: 0, Errors: 0, Skipped: 0, Time elapsed: 0.004 sec - in org.sonar.php.checks.PhpSapiNameFunctionUsageCheckTest
Running org.sonar.php.checks.AtLeastThreeCasesInSwitchCheckTest
Tests run: 1, Failures: 0, Errors: 0, Skipped: 0, Time elapsed: 0.022 sec - in org.sonar.php.checks.AtLeastThreeCasesInSwitchCheckTest
Running org.sonar.php.checks.GotoUseCheckTest
Tests run: 1, Failures: 0, Errors: 0, Skipped: 0, Time elapsed: 0.01 sec - in org.sonar.php.checks.GotoUseCheckTest
Running org.sonar.php.checks.ConstructorDeclarationCheckTest
Tests run: 1, Failures: 0, Errors: 0, Skipped: 0, Time elapsed: 0.005 sec - in org.sonar.php.checks.ConstructorDeclarationCheckTest
Running org.sonar.php.checks.FileHeaderCheckTest
Tests run: 1, Failures: 0, Errors: 0, Skipped: 0, Time elapsed: 0.027 sec - in org.sonar.php.checks.FileHeaderCheckTest
Running org.sonar.php.checks.TooManyCasesInSwitchCheckTest
Tests run: 2, Failures: 0, Errors: 0, Skipped: 0, Time elapsed: 0.011 sec - in org.sonar.php.checks.TooManyCasesInSwitchCheckTest
Running org.sonar.php.checks.ConstantNameCheckTest
Tests run: 2, Failures: 0, Errors: 0, Skipped: 0, Time elapsed: 0.012 sec - in org.sonar.php.checks.ConstantNameCheckTest
Running org.sonar.php.checks.CharacterBeforeOpeningPHPTagCheckTest
Tests run: 2, Failures: 0, Errors: 0, Skipped: 0, Time elapsed: 0.006 sec - in org.sonar.php.checks.CharacterBeforeOpeningPHPTagCheckTest
Running org.sonar.php.checks.NullDereferenceInConditionalCheckTest
Tests run: 1, Failures: 0, Errors: 0, Skipped: 0, Time elapsed: 0.063 sec - in org.sonar.php.checks.NullDereferenceInConditionalCheckTest
Running org.sonar.php.checks.LocalVariableShadowsClassFieldCheckTest
Tests run: 1, Failures: 0, Errors: 0, Skipped: 0, Time elapsed: 0.041 sec - in org.sonar.php.checks.LocalVariableShadowsClassFieldCheckTest
Running org.sonar.php.checks.AlwaysUseCurlyBracesCheckTest
Tests run: 1, Failures: 0, Errors: 0, Skipped: 0, Time elapsed: 0.013 sec - in org.sonar.php.checks.AlwaysUseCurlyBracesCheckTest
Running org.sonar.php.checks.TooManyLinesInFunctionCheckTest
Tests run: 2, Failures: 0, Errors: 0, Skipped: 0, Time elapsed: 0.008 sec - in org.sonar.php.checks.TooManyLinesInFunctionCheckTest
Running org.sonar.php.checks.GlobalKeywordAndArrayUsageCheckTest
Tests run: 1, Failures: 0, Errors: 0, Skipped: 0, Time elapsed: 0.002 sec - in org.sonar.php.checks.GlobalKeywordAndArrayUsageCheckTest
Running org.sonar.php.checks.TooManyFieldsInClassCheckTest
Tests run: 3, Failures: 0, Errors: 0, Skipped: 0, Time elapsed: 0.01 sec - in org.sonar.php.checks.TooManyFieldsInClassCheckTest
Running org.sonar.php.checks.TooManyLinesInClassCheckTest
Tests run: 2, Failures: 0, Errors: 0, Skipped: 0, Time elapsed: 0.004 sec - in org.sonar.php.checks.TooManyLinesInClassCheckTest
Running org.sonar.php.checks.SelfKeywordUsageCheckTest
Tests run: 1, Failures: 0, Errors: 0, Skipped: 0, Time elapsed: 0.007 sec - in org.sonar.php.checks.SelfKeywordUsageCheckTest
Running org.sonar.php.checks.formatting.ExtendsImplementsLineCheckTest
Tests run: 2, Failures: 0, Errors: 0, Skipped: 0, Time elapsed: 0.005 sec - in org.sonar.php.checks.formatting.ExtendsImplementsLineCheckTest
Running org.sonar.php.checks.CodeFollowingJumpStatementCheckTest
Tests run: 1, Failures: 0, Errors: 0, Skipped: 0, Time elapsed: 0.01 sec - in org.sonar.php.checks.CodeFollowingJumpStatementCheckTest
Running org.sonar.php.checks.NonLFCharAsEOLCheckTest
Tests run: 2, Failures: 0, Errors: 0, Skipped: 0, Time elapsed: 0.006 sec - in org.sonar.php.checks.NonLFCharAsEOLCheckTest
Running org.sonar.php.checks.DuplicateBranchImplementationCheckTest
Tests run: 1, Failures: 0, Errors: 0, Skipped: 0, Time elapsed: 0.025 sec - in org.sonar.php.checks.DuplicateBranchImplementationCheckTest
Running org.sonar.php.checks.ModifiersOrderCheckTest
Tests run: 1, Failures: 0, Errors: 0, Skipped: 0, Time elapsed: 0.011 sec - in org.sonar.php.checks.ModifiersOrderCheckTest
Running org.sonar.php.checks.SelfAssignmentCheckTest
Tests run: 1, Failures: 0, Errors: 0, Skipped: 0, Time elapsed: 0.004 sec - in org.sonar.php.checks.SelfAssignmentCheckTest
Running org.sonar.php.checks.SleepFunctionUsageCheckTest
Tests run: 1, Failures: 0, Errors: 0, Skipped: 0, Time elapsed: 0.003 sec - in org.sonar.php.checks.SleepFunctionUsageCheckTest
Running org.sonar.php.checks.RedundantFinalCheckTest
Tests run: 1, Failures: 0, Errors: 0, Skipped: 0, Time elapsed: 0.002 sec - in org.sonar.php.checks.RedundantFinalCheckTest
Running org.sonar.php.checks.TooManyFunctionParametersCheckTest
Tests run: 3, Failures: 0, Errors: 0, Skipped: 0, Time elapsed: 0.015 sec - in org.sonar.php.checks.TooManyFunctionParametersCheckTest
Running org.sonar.php.checks.ImmediatelyReturnedVariableCheckTest
Tests run: 1, Failures: 0, Errors: 0, Skipped: 0, Time elapsed: 0.023 sec - in org.sonar.php.checks.ImmediatelyReturnedVariableCheckTest
Running org.sonar.php.checks.NestedFunctionDepthCheckTest
Tests run: 2, Failures: 0, Errors: 0, Skipped: 0, Time elapsed: 0.006 sec - in org.sonar.php.checks.NestedFunctionDepthCheckTest
Running org.sonar.php.checks.ExpressionComplexityCheckTest
Tests run: 2, Failures: 0, Errors: 0, Skipped: 0, Time elapsed: 0.059 sec - in org.sonar.php.checks.ExpressionComplexityCheckTest
Running org.sonar.php.checks.MoreThanOneClassInFileCheckTest
Tests run: 4, Failures: 0, Errors: 0, Skipped: 0, Time elapsed: 0.005 sec - in org.sonar.php.checks.MoreThanOneClassInFileCheckTest
Running org.sonar.php.checks.FunctionNameCheckTest
Tests run: 2, Failures: 0, Errors: 0, Skipped: 0, Time elapsed: 0.011 sec - in org.sonar.php.checks.FunctionNameCheckTest
Running org.sonar.php.checks.MethodNameReturningBooleanCheckTest
Tests run: 1, Failures: 0, Errors: 0, Skipped: 0, Time elapsed: 0.003 sec - in org.sonar.php.checks.MethodNameReturningBooleanCheckTest
Running org.sonar.php.checks.OnePropertyDeclarationPerStatementCheckTest
Tests run: 1, Failures: 0, Errors: 0, Skipped: 0, Time elapsed: 0.004 sec - in org.sonar.php.checks.OnePropertyDeclarationPerStatementCheckTest
Running org.sonar.php.checks.DuplicatedFunctionArgumentCheckTest
Tests run: 1, Failures: 0, Errors: 0, Skipped: 0, Time elapsed: 0.005 sec - in org.sonar.php.checks.DuplicatedFunctionArgumentCheckTest
Running org.sonar.php.checks.LocalVariableAndParameterNameCheckTest
Tests run: 2, Failures: 0, Errors: 0, Skipped: 0, Time elapsed: 0.018 sec - in org.sonar.php.checks.LocalVariableAndParameterNameCheckTest
Running org.sonar.php.checks.ClassCouplingCheckTest
Tests run: 2, Failures: 0, Errors: 0, Skipped: 0, Time elapsed: 0.03 sec - in org.sonar.php.checks.ClassCouplingCheckTest
Running org.sonar.php.checks.DuplicateConditionCheckTest
Tests run: 1, Failures: 0, Errors: 0, Skipped: 0, Time elapsed: 0.004 sec - in org.sonar.php.checks.DuplicateConditionCheckTest
Running org.sonar.php.checks.CommentedOutCodeCheckTest
Tests run: 1, Failures: 0, Errors: 0, Skipped: 0, Time elapsed: 0.006 sec - in org.sonar.php.checks.CommentedOutCodeCheckTest
Running org.sonar.php.checks.FileNameCheckTest
Tests run: 4, Failures: 0, Errors: 0, Skipped: 0, Time elapsed: 0.007 sec - in org.sonar.php.checks.FileNameCheckTest
Running org.sonar.php.checks.VariableVariablesCheckTest
Tests run: 1, Failures: 0, Errors: 0, Skipped: 0, Time elapsed: 0.003 sec - in org.sonar.php.checks.VariableVariablesCheckTest
Running org.sonar.php.checks.SilencedErrorsCheckTest
Tests run: 1, Failures: 0, Errors: 0, Skipped: 0, Time elapsed: 0.002 sec - in org.sonar.php.checks.SilencedErrorsCheckTest
Running org.sonar.php.checks.TooManyMethodsInClassCheckTest
Tests run: 3, Failures: 0, Errors: 0, Skipped: 0, Time elapsed: 0.012 sec - in org.sonar.php.checks.TooManyMethodsInClassCheckTest
Running org.sonar.php.checks.LeftCurlyBraceEndsLineCheckTest
Tests run: 1, Failures: 0, Errors: 0, Skipped: 0, Time elapsed: 0.037 sec - in org.sonar.php.checks.LeftCurlyBraceEndsLineCheckTest
Running org.sonar.php.checks.EmptyNestedBlockCheckTest
Tests run: 1, Failures: 0, Errors: 0, Skipped: 0, Time elapsed: 0.01 sec - in org.sonar.php.checks.EmptyNestedBlockCheckTest

Results :




Tests run: 184, Failures: 0, Errors: 0, Skipped: 0

[INFO] 
[INFO] --- maven-jar-plugin:2.6:jar (default-jar) @ php-checks ---
[INFO] Building jar: /home/travis/build/SonarSource/sonar-php/php-checks/target/php-checks-2.9.0.1434.jar
[INFO] 
[INFO] --- maven-source-plugin:2.4:jar-no-fork (attach-sources) @ php-checks ---
[INFO] Building jar: /home/travis/build/SonarSource/sonar-php/php-checks/target/php-checks-2.9.0.1434-sources.jar
[INFO] 
[INFO] --- maven-install-plugin:2.5.2:install (default-install) @ php-checks ---
[INFO] Installing /home/travis/build/SonarSource/sonar-php/php-checks/target/php-checks-2.9.0.1434.jar to /home/travis/.m2/repository/org/sonarsource/php/php-checks/2.9.0.1434/php-checks-2.9.0.1434.jar
[INFO] Installing /home/travis/build/SonarSource/sonar-php/php-checks/pom.xml to /home/travis/.m2/repository/org/sonarsource/php/php-checks/2.9.0.1434/php-checks-2.9.0.1434.pom
[INFO] Installing /home/travis/build/SonarSource/sonar-php/php-checks/target/php-checks-2.9.0.1434-sources.jar to /home/travis/.m2/repository/org/sonarsource/php/php-checks/2.9.0.1434/php-checks-2.9.0.1434-sources.jar
[INFO] 
[INFO] --- maven-deploy-plugin:2.8.2:deploy (default-deploy) @ php-checks ---
[INFO] Skipping artifact deployment
[INFO]                                                                         
[INFO] ------------------------------------------------------------------------
[INFO] Building PHP :: Sonar Plugin 2.9.0.1434
[INFO] ------------------------------------------------------------------------
[INFO] 
[INFO] --- jacoco-maven-plugin:0.7.7.201606060606:prepare-agent (default-cli) @ sonar-php-plugin ---
[INFO] argLine set to -javaagent:/home/travis/.m2/repository/org/jacoco/org.jacoco.agent/0.7.7.201606060606/org.jacoco.agent-0.7.7.201606060606-runtime.jar=destfile=/home/travis/build/SonarSource/sonar-php/sonar-php-plugin/target/jacoco.exec
[INFO] 
[INFO] --- buildnumber-maven-plugin:1.4:create (default) @ sonar-php-plugin ---
[INFO] 
[INFO] --- maven-enforcer-plugin:1.4.1:enforce (enforce) @ sonar-php-plugin ---
[INFO] 
[INFO] --- maven-enforcer-plugin:1.4.1:enforce (enforce-deploy-settings) @ sonar-php-plugin ---
[INFO] 
[INFO] --- license-maven-plugin:2.11:check (enforce-license-headers) @ sonar-php-plugin ---
[INFO] Checking licenses...
[INFO] 
[INFO] --- artifactory-maven-plugin:2.4.1:publish (build-info) @ sonar-php-plugin ---
[INFO] 
[INFO] --- sonar-packaging-maven-plugin:1.16:check (default-check) @ sonar-php-plugin ---
[INFO] 
[INFO] --- maven-resources-plugin:2.7:resources (default-resources) @ sonar-php-plugin ---
[INFO] Using 'UTF-8' encoding to copy filtered resources.
[INFO] Copying 2 resources
[INFO] 
[INFO] --- maven-compiler-plugin:3.5.1:compile (default-compile) @ sonar-php-plugin ---
[INFO] Changes detected - recompiling the module!
[INFO] Compiling 33 source files to /home/travis/build/SonarSource/sonar-php/sonar-php-plugin/target/classes
[INFO] /home/travis/build/SonarSource/sonar-php/sonar-php-plugin/src/main/java/org/sonar/plugins/php/duplications/PhpCPDMapping.java: Some input files use or override a deprecated API.
[INFO] /home/travis/build/SonarSource/sonar-php/sonar-php-plugin/src/main/java/org/sonar/plugins/php/duplications/PhpCPDMapping.java: Recompile with -Xlint:deprecation for details.
[INFO] 
[INFO] --- maven-resources-plugin:2.7:testResources (default-testResources) @ sonar-php-plugin ---
[INFO] Using 'UTF-8' encoding to copy filtered resources.
[INFO] Copying 21 resources
[INFO] 
[INFO] --- maven-compiler-plugin:3.5.1:testCompile (default-testCompile) @ sonar-php-plugin ---
[INFO] Changes detected - recompiling the module!
[INFO] Compiling 19 source files to /home/travis/build/SonarSource/sonar-php/sonar-php-plugin/target/test-classes
[INFO] /home/travis/build/SonarSource/sonar-php/sonar-php-plugin/src/test/java/org/sonar/plugins/php/FakeProfileParser.java: Some input files use or override a deprecated API.
[INFO] /home/travis/build/SonarSource/sonar-php/sonar-php-plugin/src/test/java/org/sonar/plugins/php/FakeProfileParser.java: Recompile with -Xlint:deprecation for details.
[INFO] /home/travis/build/SonarSource/sonar-php/sonar-php-plugin/src/test/java/org/sonar/plugins/php/PhpPluginTest.java: /home/travis/build/SonarSource/sonar-php/sonar-php-plugin/src/test/java/org/sonar/plugins/php/PhpPluginTest.java uses unchecked or unsafe operations.
[INFO] /home/travis/build/SonarSource/sonar-php/sonar-php-plugin/src/test/java/org/sonar/plugins/php/PhpPluginTest.java: Recompile with -Xlint:unchecked for details.
[INFO] 
[INFO] --- maven-surefire-plugin:2.18:test (default-test) @ sonar-php-plugin ---
[INFO] Surefire report directory: /home/travis/build/SonarSource/sonar-php/sonar-php-plugin/target/surefire-reports

-------------------------------------------------------
 T E S T S
-------------------------------------------------------
Running org.sonar.plugins.php.PHPProfileTest
Tests run: 1, Failures: 0, Errors: 0, Skipped: 0, Time elapsed: 2.471 sec - in org.sonar.plugins.php.PHPProfileTest
Running org.sonar.plugins.php.PhpPluginTest
Tests run: 1, Failures: 0, Errors: 0, Skipped: 0, Time elapsed: 0.135 sec - in org.sonar.plugins.php.PhpPluginTest
Running org.sonar.plugins.php.api.PhpTest
Tests run: 2, Failures: 0, Errors: 0, Skipped: 0, Time elapsed: 0.162 sec - in org.sonar.plugins.php.api.PhpTest
Running org.sonar.plugins.php.phpunit.PhpUnitItCoverageResultParserTest
SLF4J: Failed to load class "org.slf4j.impl.StaticLoggerBinder".
SLF4J: Defaulting to no-operation (NOP) logger implementation
SLF4J: See http://www.slf4j.org/codes.html#StaticLoggerBinder for further details.
Tests run: 1, Failures: 0, Errors: 0, Skipped: 0, Time elapsed: 0.171 sec - in org.sonar.plugins.php.phpunit.PhpUnitItCoverageResultParserTest
Running org.sonar.plugins.php.phpunit.PhpUnitServiceTest
Tests run: 5, Failures: 0, Errors: 0, Skipped: 0, Time elapsed: 0.44 sec - in org.sonar.plugins.php.phpunit.PhpUnitServiceTest
Running org.sonar.plugins.php.phpunit.PhpUnitOverallCoverageResultParserTest
Tests run: 1, Failures: 0, Errors: 0, Skipped: 0, Time elapsed: 0.011 sec - in org.sonar.plugins.php.phpunit.PhpUnitOverallCoverageResultParserTest
Running org.sonar.plugins.php.phpunit.PhpUnitCoverageResultParserTest
Tests run: 6, Failures: 0, Errors: 0, Skipped: 0, Time elapsed: 1.123 sec - in org.sonar.plugins.php.phpunit.PhpUnitCoverageResultParserTest
Running org.sonar.plugins.php.duplications.PHPTokenProducerTest
Tests run: 19, Failures: 0, Errors: 0, Skipped: 0, Time elapsed: 0.196 sec - in org.sonar.plugins.php.duplications.PHPTokenProducerTest
Running org.sonar.plugins.php.PSR2ProfileTest
Tests run: 1, Failures: 0, Errors: 0, Skipped: 0, Time elapsed: 0.32 sec - in org.sonar.plugins.php.PSR2ProfileTest
Running org.sonar.plugins.php.phpunit.PhpUnitTestReportTest
Tests run: 1, Failures: 0, Errors: 0, Skipped: 0, Time elapsed: 0.02 sec - in org.sonar.plugins.php.phpunit.PhpUnitTestReportTest
Running org.sonar.plugins.php.DrupalProfileTest
Tests run: 1, Failures: 0, Errors: 0, Skipped: 0, Time elapsed: 0.038 sec - in org.sonar.plugins.php.DrupalProfileTest
Running org.sonar.plugins.php.phpunit.PhpUnitResultParserTest
Tests run: 5, Failures: 0, Errors: 0, Skipped: 0, Time elapsed: 0.108 sec - in org.sonar.plugins.php.phpunit.PhpUnitResultParserTest
Running org.sonar.plugins.php.phpunit.xml.TestSuitesTest
Tests run: 4, Failures: 0, Errors: 0, Skipped: 0, Time elapsed: 0.152 sec - in org.sonar.plugins.php.phpunit.xml.TestSuitesTest
Running org.sonar.plugins.php.duplications.PHPCPDMappingTest
Tests run: 2, Failures: 0, Errors: 0, Skipped: 0, Time elapsed: 0.099 sec - in org.sonar.plugins.php.duplications.PHPCPDMappingTest
Running org.sonar.plugins.php.PHPRulesDefinitionTest
Tests run: 1, Failures: 0, Errors: 0, Skipped: 0, Time elapsed: 0.508 sec - in org.sonar.plugins.php.PHPRulesDefinitionTest
Running org.sonar.plugins.php.core.NoSonarAndCommentedOutLocSensorTest
Tests run: 7, Failures: 0, Errors: 0, Skipped: 0, Time elapsed: 0.265 sec - in org.sonar.plugins.php.core.NoSonarAndCommentedOutLocSensorTest
Running org.sonar.plugins.php.PHPSensorTest
Tests run: 9, Failures: 0, Errors: 0, Skipped: 0, Time elapsed: 2.093 sec - in org.sonar.plugins.php.PHPSensorTest

Results :




Tests run: 67, Failures: 0, Errors: 0, Skipped: 0

[INFO] 
[INFO] --- sonar-packaging-maven-plugin:1.16:sonar-plugin (default-sonar-plugin) @ sonar-php-plugin ---
[INFO] -------------------------------------------------------
[INFO] Plugin definition in update center
[INFO]     Key: php
[INFO]     Name: PHP
[INFO]     Description: Enables analysis of PHP projects.
[INFO]     Version: 2.9.0.1434
[INFO]     Entry-point Class: org.sonar.plugins.php.PhpPlugin
[INFO]     Required Plugins: 
[INFO]     Use Child-first ClassLoader: false
[INFO]     Base Plugin: 
[INFO]     Homepage URL: http://redirect.sonarsource.com/plugins/php.html
[INFO]     Minimal SonarQube Version: 5.6
[INFO]     Licensing: GNU LGPL v3
[INFO]     Organization: SonarSource and Akram Ben Aissi
[INFO]     Organization URL: http://www.sonarsource.com/
[INFO]     Terms and Conditions: 
[INFO]     Issue Tracker URL: http://jira.codehaus.org/browse/SONARPHP
[INFO]     Build date: 2016-10-11T15:36:16+0000
[INFO]     Sources URL: https://github.com/SonarCommunity/sonar-php
[INFO]     Developers: Linda Martin,Fabrice Bellingard,Sebastian Marek,Gennadiy Litvinyuk,Akram Ben Aissi,Gabriele Santini,Julien Henry
[INFO]     Dependencies: META-INF/lib/commons-lang-2.6.jar META-INF/lib/xpp3_min-1.1.4c.jar META-INF/lib/cglib-nodep-3.1.jar META-INF/lib/commons-io-2.5.jar META-INF/lib/guava-10.0.1.jar META-INF/lib/xstream-1.3.1.jar META-INF/lib/jsr305-1.3.9.jar META-INF/lib/sslr-core-1.21.jar META-INF/lib/php-checks-2.9.0.1434.jar META-INF/lib/sslr-squid-bridge-2.6.1.jar META-INF/lib/php-frontend-2.9.0.1434.jar
[INFO] -------------------------------------------------------
[INFO] Building jar: /home/travis/build/SonarSource/sonar-php/sonar-php-plugin/target/sonar-php-plugin-2.9.0.1434.jar
[INFO]  already added, skipping
[INFO] 
[INFO] --- maven-enforcer-plugin:1.4.1:enforce (enforce-plugin-size) @ sonar-php-plugin ---
[INFO] 
[INFO] --- maven-source-plugin:2.4:jar-no-fork (attach-sources) @ sonar-php-plugin ---
[INFO] Building jar: /home/travis/build/SonarSource/sonar-php/sonar-php-plugin/target/sonar-php-plugin-2.9.0.1434-sources.jar
[INFO] 
[INFO] --- maven-install-plugin:2.5.2:install (default-install) @ sonar-php-plugin ---
[INFO] Installing /home/travis/build/SonarSource/sonar-php/sonar-php-plugin/target/sonar-php-plugin-2.9.0.1434.jar to /home/travis/.m2/repository/org/sonarsource/php/sonar-php-plugin/2.9.0.1434/sonar-php-plugin-2.9.0.1434.jar
[INFO] Installing /home/travis/build/SonarSource/sonar-php/sonar-php-plugin/pom.xml to /home/travis/.m2/repository/org/sonarsource/php/sonar-php-plugin/2.9.0.1434/sonar-php-plugin-2.9.0.1434.pom
[INFO] Installing /home/travis/build/SonarSource/sonar-php/sonar-php-plugin/target/sonar-php-plugin-2.9.0.1434-sources.jar to /home/travis/.m2/repository/org/sonarsource/php/sonar-php-plugin/2.9.0.1434/sonar-php-plugin-2.9.0.1434-sources.jar
[INFO] 
[INFO] --- maven-deploy-plugin:2.8.2:deploy (default-deploy) @ sonar-php-plugin ---
[INFO] Skipping artifact deployment
[INFO]                                                                         
[INFO] ------------------------------------------------------------------------
[INFO] Building PHP 2.9.0.1434
[INFO] ------------------------------------------------------------------------
[INFO] 
[INFO] --- sonar-maven-plugin:3.2:sonar (default-cli) @ php ---
[INFO] User cache: /home/travis/.sonar/cache
[INFO] Load global repositories
[INFO] Load global repositories (done) | time=276ms
[INFO] Server id: 1fdc85f9fbb9472
[INFO] User cache: /home/travis/.sonar/cache
[INFO] Exclude plugins: devcockpit, pdfreport, report, scmactivity, views, jira
[INFO] Load plugins index
[INFO] Load plugins index (done) | time=16ms
[INFO] Download sonar-cpp-plugin-4.3-build5528.jar
[INFO] Download sonar-github-plugin-1.3-build438.jar
[INFO] Download sonar-scm-svn-plugin-1.3.jar
[INFO] Download sonar-javascript-plugin-2.16.0.2922.jar
[INFO] Download sonar-burgr-plugin-1.14-build695.jar
[INFO] Download sonar-csharp-plugin-5.3-M4_2016-05-25.jar
[INFO] Download sonar-groovy-plugin-1.3.1.jar
[INFO] Download sonar-java-plugin-4.3-build6943.jar
[INFO] Download sonar-ldap-plugin-2.0.jar
[INFO] Download java-debugging-rules-1.0-SNAPSHOT.jar
[INFO] Download sonar-scm-git-plugin-1.2.jar
[INFO] Download sonar-generic-coverage-plugin-1.2.jar
[INFO] Download sonar-governance-plugin-2.0-build1323.jar
[INFO] Download qualinsight-sonarqube-badges-2.0.1.jar
[INFO] SonarQube version: 6.2-build14059
[INFO] Default locale: "en_US", source code encoding: "UTF-8"
[INFO] governance licensed to SonarSource, PRODUCTION [Expiration: 2016-12-31, Server: 1fdc85f9fbb9472]
[INFO] Process project properties
[INFO] Load project repositories
[INFO] Load project repositories (done) | time=193ms
[INFO] Execute project builders
[INFO] Starting analysis of pull request: https://github.com/SonarSource/sonar-php/pull/126
[INFO] Execute project builders (done) | time=786ms
[INFO] Load quality profiles
[INFO] Load quality profiles (done) | time=18ms
[INFO] Load active rules
[INFO] Load active rules (done) | time=526ms
[INFO] Issues mode
[INFO] Scanning only changed files
[INFO] -------------  Scan PHP :: Sonar Plugin
[INFO] Load server rules
[INFO] Load server rules (done) | time=150ms
[INFO] Base dir: /home/travis/build/SonarSource/sonar-php/sonar-php-plugin
[INFO] Working dir: /home/travis/build/SonarSource/sonar-php/sonar-php-plugin/target/sonar
[INFO] Source paths: pom.xml, src/main/java
[INFO] Test paths: src/test/java
[INFO] Source encoding: UTF-8, default locale: en_US
[INFO] Index files
[INFO] Excluded sources: 
[INFO]   org/sonar/plugins/php/duplications/internal/*.java
[INFO] 52 files indexed
[INFO] 0 files ignored because of inclusion/exclusion patterns
[INFO] Quality profile for java: AstNode-free language plugins
[INFO] Sensor JavaSquidSensor
[INFO] Configured Java source version (sonar.java.source): 8
[INFO] JavaClasspath initialization
[INFO] JavaClasspath initialization (done) | time=18ms
[INFO] JavaTestClasspath initialization
[INFO] JavaTestClasspath initialization (done) | time=1ms
[INFO] Java Main Files AST scan
[INFO] 1 source files to be analyzed
[INFO] Java Main Files AST scan (done) | time=3645ms
[INFO] Java Test Files AST scan
[INFO] 2 source files to be analyzed
[INFO] 1/1 source files have been analyzed
[INFO] Java Test Files AST scan (done) | time=1562ms
[INFO] 2/2 source files have been analyzed
[INFO] Sensor JavaSquidSensor (done) | time=6185ms
[INFO] Sensor com.sonarsource.burgr.plugin.settings.CollectBurgrData
[INFO] Sensor com.sonarsource.burgr.plugin.settings.CollectBurgrData (done) | time=1ms
[INFO] Sensor SurefireSensor
[INFO] parsing /home/travis/build/SonarSource/sonar-php/sonar-php-plugin/target/surefire-reports
[WARNING] Resource not found: org.sonar.plugins.php.phpunit.PhpUnitResultParserTest
[WARNING] Resource not found: org.sonar.plugins.php.phpunit.PhpUnitCoverageResultParserTest
[WARNING] Resource not found: org.sonar.plugins.php.phpunit.PhpUnitTestReportTest
[WARNING] Resource not found: org.sonar.plugins.php.phpunit.PhpUnitItCoverageResultParserTest
[WARNING] Resource not found: org.sonar.plugins.php.phpunit.xml.TestSuitesTest
[WARNING] Resource not found: org.sonar.plugins.php.api.PhpTest
[WARNING] Resource not found: org.sonar.plugins.php.duplications.PHPCPDMappingTest
[WARNING] Resource not found: org.sonar.plugins.php.PSR2ProfileTest
[WARNING] Resource not found: org.sonar.plugins.php.phpunit.PhpUnitServiceTest
[WARNING] Resource not found: org.sonar.plugins.php.duplications.PHPTokenProducerTest
[WARNING] Resource not found: org.sonar.plugins.php.core.NoSonarAndCommentedOutLocSensorTest
[WARNING] Resource not found: org.sonar.plugins.php.DrupalProfileTest
[WARNING] Resource not found: org.sonar.plugins.php.PHPRulesDefinitionTest
[WARNING] Resource not found: org.sonar.plugins.php.phpunit.PhpUnitOverallCoverageResultParserTest
[WARNING] Resource not found: org.sonar.plugins.php.PhpPluginTest
[INFO] Sensor SurefireSensor (done) | time=588ms
[INFO] Sensor JaCoCoSensor
[INFO] Analysing /home/travis/build/SonarSource/sonar-php/sonar-php-plugin/target/jacoco.exec
[INFO] No information about coverage per test.
[INFO] Sensor JaCoCoSensor (done) | time=491ms
[INFO] Sensor JaCoCoItSensor
[INFO] JaCoCoItSensor: JaCoCo IT report not found: /home/travis/build/SonarSource/sonar-php/sonar-php-plugin/target/jacoco-it.exec
[INFO] Sensor JaCoCoItSensor (done) | time=0ms
[INFO] Sensor JaCoCoOverallSensor
[INFO] Analysing /home/travis/build/SonarSource/sonar-php/sonar-php-plugin/target/jacoco.exec
[INFO] Analysing /home/travis/build/SonarSource/sonar-php/sonar-php-plugin/target/sonar/jacoco-overall.exec
[INFO] No information about coverage per test.
[INFO] Sensor JaCoCoOverallSensor (done) | time=203ms
[INFO] Sensor XmlFileSensor
[INFO] Sensor XmlFileSensor (done) | time=0ms
[INFO] -------------  Scan PHP :: Frontend
[INFO] Base dir: /home/travis/build/SonarSource/sonar-php/php-frontend
[INFO] Working dir: /home/travis/build/SonarSource/sonar-php/php-frontend/target/sonar
[INFO] Source paths: pom.xml, src/main/java
[INFO] Test paths: src/test/java
[INFO] Source encoding: UTF-8, default locale: en_US
[INFO] Index files
[INFO] 432 files indexed
[INFO] Quality profile for java: AstNode-free language plugins
[INFO] Sensor JavaSquidSensor
[INFO] Configured Java source version (sonar.java.source): 8
[INFO] JavaClasspath initialization
[INFO] JavaClasspath initialization (done) | time=1ms
[INFO] JavaTestClasspath initialization
[INFO] JavaTestClasspath initialization (done) | time=1ms
[INFO] Java Main Files AST scan
[INFO] 0 source files to be analyzed
[INFO] Java Main Files AST scan (done) | time=12ms
[INFO] Java Test Files AST scan
[INFO] 1 source files to be analyzed
[INFO] 0/0 source files have been analyzed
[INFO] 1/1 source files have been analyzed
[INFO] Java Test Files AST scan (done) | time=477ms
[INFO] Sensor JavaSquidSensor (done) | time=561ms
[INFO] Sensor com.sonarsource.burgr.plugin.settings.CollectBurgrData
[INFO] Sensor com.sonarsource.burgr.plugin.settings.CollectBurgrData (done) | time=0ms
[INFO] Sensor SurefireSensor
[INFO] parsing /home/travis/build/SonarSource/sonar-php/php-frontend/target/surefire-reports
[WARNING] Resource not found: org.sonar.php.parser.declaration.ClassConstDeclarationTest
[WARNING] Resource not found: org.sonar.php.tree.impl.expression.ArrayAccessTreeTest
[WARNING] Resource not found: org.sonar.php.parser.expression.StaticMemberAccessTest
[WARNING] Resource not found: org.sonar.php.tree.impl.statement.SwitchClauseTreeTest
[WARNING] Resource not found: org.sonar.php.tree.impl.statement.ReturnStatementTreeTest
[WARNING] Resource not found: org.sonar.php.tree.impl.expression.PrefixExpressionTreeTest
[WARNING] Resource not found: org.sonar.php.parser.statement.ReturnStatementTest
[WARNING] Resource not found: org.sonar.php.tree.impl.declaration.ClassDeclarationTreeTest
[WARNING] Resource not found: org.sonar.php.parser.expression.ObjectDimListTest
[WARNING] Resource not found: org.sonar.php.tree.impl.expression.CastExpressionTreeTest
[WARNING] Resource not found: org.sonar.php.tree.impl.expression.PostfixExpressionTreeTest
[WARNING] Resource not found: org.sonar.php.tree.impl.expression.LiteralTreeTest
[WARNING] Resource not found: org.sonar.php.parser.expression.UnaryExprTest
[WARNING] Resource not found: org.sonar.php.parser.statement.TryStatementTest
[WARNING] Resource not found: org.sonar.php.parser.statement.StatementTest
[WARNING] Resource not found: org.sonar.php.parser.statement.NamespaceStatementTest
[WARNING] Resource not found: org.sonar.php.parser.expression.CompoundVariableTest
[WARNING] Resource not found: org.sonar.php.parser.declaration.ClassMemberTest
[WARNING] Resource not found: org.sonar.php.parser.expression.ObjectMemberAccessTest
[WARNING] Resource not found: org.sonar.php.parser.expression.BitwiseOrExpressionTest
[WARNING] Resource not found: org.sonar.php.parser.statement.GotoStatementTest
[WARNING] Resource not found: org.sonar.php.tree.impl.statement.ContinueStatementTreeTest
[WARNING] Resource not found: org.sonar.php.parser.expression.CommonScalarTest
[WARNING] Resource not found: org.sonar.plugins.php.api.PHPCustomRulesDefinitionTest
[WARNING] Resource not found: org.sonar.php.tree.impl.statement.GotoStatementTreeTest
[WARNING] Resource not found: org.sonar.php.parser.expression.ConcatenationExpressionTest
[WARNING] Resource not found: org.sonar.php.tree.impl.expression.ListExpressionTreeTest
[WARNING] Resource not found: org.sonar.php.parser.statement.ForStatementTest
[WARNING] Resource not found: org.sonar.php.tree.impl.expression.AssignmentExpressionTreeTest
[WARNING] Resource not found: org.sonar.php.tree.impl.declaration.NamespaceNameTreeTest
[WARNING] Resource not found: org.sonar.php.tree.impl.declaration.ConstantDeclarationTreeTest
[WARNING] Resource not found: org.sonar.php.parser.expression.ComplexEncapsVariableTest
[WARNING] Resource not found: org.sonar.php.parser.expression.YieldExpressionTest
[WARNING] Resource not found: org.sonar.php.parser.lexical.InlineHtmlTest
[WARNING] Resource not found: org.sonar.php.parser.statement.GlobalVarTest
[WARNING] Resource not found: org.sonar.php.parser.declaration.MemberModifierTest
[WARNING] Resource not found: org.sonar.php.parser.declaration.ClassVariableDeclarationTest
[WARNING] Resource not found: org.sonar.php.tree.impl.expression.NewExpressionTreeTest
[WARNING] Resource not found: org.sonar.php.parser.expression.ArrayInitializerTest
[WARNING] Resource not found: org.sonar.php.tree.impl.expression.VariableVariableTreeTest
[WARNING] Resource not found: org.sonar.php.metrics.CounterVisitorTest
[WARNING] Resource not found: org.sonar.php.tree.impl.expression.FunctionCallTreeTest
[WARNING] Resource not found: org.sonar.php.tree.impl.statement.CatchBlockTreeTest
[WARNING] Resource not found: org.sonar.php.tree.visitors.PHPIssueTest
[WARNING] Resource not found: org.sonar.php.parser.expression.NamespaceNameTest
[WARNING] Resource not found: org.sonar.php.metrics.MetricsVisitorTest
[WARNING] Resource not found: org.sonar.php.parser.ScriptTest
[WARNING] Resource not found: org.sonar.php.parser.expression.ExpandableStringLiteralTest
[WARNING] Resource not found: org.sonar.php.parser.lexical.RegularStringLiteralTest
[WARNING] Resource not found: org.sonar.php.tree.impl.declaration.UseTraitDeclarationTreeTest
[WARNING] Resource not found: org.sonar.php.tree.impl.statement.GlobalStatementTreeTest
[WARNING] Resource not found: org.sonar.php.tree.impl.expression.ReferenceVariableTreeTest
[WARNING] Resource not found: org.sonar.php.parser.expression.RelationalExpressionTest
[WARNING] Resource not found: org.sonar.php.metrics.CommentLineVisitorTest
[WARNING] Resource not found: org.sonar.php.parser.statement.DoWhileStatementTest
[WARNING] Resource not found: org.sonar.php.tree.impl.lexical.InternalSyntaxTokenTest
[WARNING] Resource not found: org.sonar.php.parser.expression.ListExpressionTest
[WARNING] Resource not found: org.sonar.php.tree.impl.declaration.UseDeclarationTreeTest
[WARNING] Resource not found: org.sonar.php.tree.symbols.ScopeTest
[WARNING] Resource not found: org.sonar.php.parser.statement.SwitchCaseClauseTest
[WARNING] Resource not found: org.sonar.php.parser.declaration.UseTraitDeclarationTest
[WARNING] Resource not found: org.sonar.php.tree.visitors.PHPVisitorCheckTest
[WARNING] Resource not found: org.sonar.php.tree.impl.statement.TryStatementTreeTest
[WARNING] Resource not found: org.sonar.php.tree.impl.statement.YieldStatementTreeTest
[WARNING] Resource not found: org.sonar.php.parser.expression.ArrayPairTest
[WARNING] Resource not found: org.sonar.php.parser.expression.InternalFunctionTest
[WARNING] Resource not found: org.sonar.php.tree.impl.expression.ArrayInitializerFunctionTreeTest
[WARNING] Resource not found: org.sonar.php.parser.expression.SemiComplexEncapsVariableTest
[WARNING] Resource not found: org.sonar.php.parser.expression.LexicalVarTest
[WARNING] Resource not found: org.sonar.php.tree.impl.statement.BlockTreeTest
[WARNING] Resource not found: org.sonar.php.parser.declaration.InterfaceDeclarationTest
[WARNING] Resource not found: org.sonar.php.tree.symbols.UsagesTest
[WARNING] Resource not found: org.sonar.php.parser.statement.IfStatementTest
[WARNING] Resource not found: org.sonar.php.parser.expression.SimpleEncapsVariableTest
[WARNING] Resource not found: org.sonar.php.parser.lexical.HeredocTest
[WARNING] Resource not found: org.sonar.php.parser.expression.AnonymousClassTest
[WARNING] Resource not found: org.sonar.php.parser.expression.ExitExprTest
[WARNING] Resource not found: org.sonar.php.tree.impl.expression.ExpandableStringLiteralTreeTest
[WARNING] Resource not found: org.sonar.php.parser.expression.LexicalVarsTest
[WARNING] Resource not found: org.sonar.php.tree.impl.statement.StaticStatementTreeTest
[WARNING] Resource not found: org.sonar.php.tree.impl.declaration.ClassPropertyDeclarationTreeTest
[WARNING] Resource not found: org.sonar.php.parser.expression.LogicalOrExpressionTest
[WARNING] Resource not found: org.sonar.php.parser.expression.NewExpressionTest
[WARNING] Resource not found: org.sonar.php.parser.expression.StaticScalarTest
[WARNING] Resource not found: org.sonar.php.parser.declaration.TraitDeclarationTest
[WARNING] Resource not found: org.sonar.php.tree.impl.statement.NamespaceStatementTreeTest
[WARNING] Resource not found: org.sonar.php.parser.lexical.FileOpeningTagTest
[WARNING] Resource not found: org.sonar.php.parser.statement.LabelTest
[WARNING] Resource not found: org.sonar.php.parser.expression.AssignmentExpressionTest
[WARNING] Resource not found: org.sonar.php.tree.impl.declaration.TraitMethodReferenceTreeTest
[WARNING] Resource not found: org.sonar.php.tree.impl.statement.UnsetVariableStatementTreeTest
[WARNING] Resource not found: org.sonar.php.tree.impl.statement.WhileStatementTreeTest
[WARNING] Resource not found: org.sonar.php.tree.impl.declaration.MethodDeclarationTreeTest
[WARNING] Resource not found: org.sonar.php.parser.statement.UseClauseTest
[WARNING] Resource not found: org.sonar.php.tree.impl.declaration.TraitPrecedenceTreeTest
[WARNING] Resource not found: org.sonar.php.tree.impl.expression.BinaryExpressionTreeTest
[WARNING] Resource not found: org.sonar.php.tree.impl.expression.FunctionExpressionTreeTest
[WARNING] Resource not found: org.sonar.php.parser.statement.BlockTest
[WARNING] Resource not found: org.sonar.php.tree.impl.declaration.ParameterListTreeTest
[WARNING] Resource not found: org.sonar.php.parser.declaration.ConstantDeclarationTest
[WARNING] Resource not found: org.sonar.php.tree.impl.ScriptTreeTest
[WARNING] Resource not found: org.sonar.php.parser.lexical.IdentifierTest
[WARNING] Resource not found: org.sonar.php.tree.symbols.SymbolTableImplTest
[WARNING] Resource not found: org.sonar.php.tree.impl.expression.MemberAccessTreeTest
[WARNING] Resource not found: org.sonar.php.parser.expression.PostfixExprTest
[WARNING] Resource not found: org.sonar.php.parser.declaration.TraitAliasTest
[WARNING] Resource not found: org.sonar.php.tree.impl.statement.ForStatementTreeTest
[WARNING] Resource not found: org.sonar.php.tree.impl.declaration.FunctionDeclarationTreeTest
[WARNING] Resource not found: org.sonar.php.parser.lexical.EncapsStringLiteralTest
[WARNING] Resource not found: org.sonar.php.parser.declaration.TypeNameTest
[WARNING] Resource not found: org.sonar.php.tree.impl.expression.ArrayPairTreeTest
[WARNING] Resource not found: org.sonar.php.tree.impl.expression.ParenthesizedExpressionTreeTest
[WARNING] Resource not found: org.sonar.php.metrics.LineVisitorTest
[WARNING] Resource not found: org.sonar.php.parser.declaration.FunctionDeclarationTest
[WARNING] Resource not found: org.sonar.php.parser.declaration.ClassDeclarationTest
[WARNING] Resource not found: org.sonar.php.parser.expression.ListAssignmentExpressionTest
[WARNING] Resource not found: org.sonar.php.tree.impl.statement.ElseClauseTreeTest
[WARNING] Resource not found: org.sonar.php.tree.impl.statement.ExpressionStatementTreeTest
[WARNING] Resource not found: org.sonar.php.parser.expression.BitwiseAndExpressionTest
[WARNING] Resource not found: org.sonar.php.parser.statement.EchoStatementTest
[WARNING] Resource not found: org.sonar.php.tree.impl.declaration.TraitAliasTreeTest
[WARNING] Resource not found: org.sonar.php.parser.expression.PrimaryExpressionTest
[WARNING] Resource not found: org.sonar.php.parser.statement.YieldStatementTest
[WARNING] Resource not found: org.sonar.php.tree.impl.expression.YieldExpressionTreeTest
[WARNING] Resource not found: org.sonar.php.parser.statement.GlobalStatementTest
[WARNING] Resource not found: org.sonar.php.parser.expression.EncapsVarTest
[WARNING] Resource not found: org.sonar.php.parser.lexical.VarIdentifierTest
[WARNING] Resource not found: org.sonar.php.tree.impl.statement.InlineHTMLTreeTest
[WARNING] Resource not found: org.sonar.php.tree.impl.statement.IfStatementTreeTest
[WARNING] Resource not found: org.sonar.php.parser.declaration.ParameterTest
[WARNING] Resource not found: org.sonar.php.parser.statement.DeclareStatementTest
[WARNING] Resource not found: org.sonar.php.parser.declaration.TraitPrecedenceTest
[WARNING] Resource not found: org.sonar.php.parser.expression.AdditiveExpressionTest
[WARNING] Resource not found: org.sonar.php.parser.statement.UnsetVariableStatementTest
[WARNING] Resource not found: org.sonar.php.parser.expression.DimensionalOffsetTest
[WARNING] Resource not found: org.sonar.php.highlighter.SymbolHighlighterTest
[WARNING] Resource not found: org.sonar.php.tree.impl.expression.SpreadArgumentTreeTest
[WARNING] Resource not found: org.sonar.php.parser.lexical.NumericLiteralTest
[WARNING] Resource not found: org.sonar.php.parser.declaration.TraitMethodReferenceTest
[WARNING] Resource not found: org.sonar.php.tree.impl.statement.ElseifClauseTreeTest
[WARNING] Resource not found: org.sonar.php.tree.impl.expression.LexicalVariablesTreeTest
[WARNING] Resource not found: org.sonar.php.parser.expression.LogicalXorExpressionTest
[WARNING] Resource not found: org.sonar.php.parser.statement.EmptyStatementTest
[WARNING] Resource not found: org.sonar.php.parser.statement.StaticVariableTest
[WARNING] Resource not found: org.sonar.php.tree.impl.expression.ExpandableStringCharactersTreeTest
[WARNING] Resource not found: org.sonar.php.parser.expression.BooleanLiteralTest
[WARNING] Resource not found: org.sonar.php.tree.impl.statement.BreakStatementTreeTest
[WARNING] Resource not found: org.sonar.php.parser.expression.FunctionExpressionTest
[WARNING] Resource not found: org.sonar.php.tree.impl.statement.ThrowStatementTreeTest
[WARNING] Resource not found: org.sonar.php.parser.expression.ShiftExpressionTest
[WARNING] Resource not found: org.sonar.php.parser.expression.ConditionalExpressionTest
[WARNING] Resource not found: org.sonar.php.parser.expression.MemberExpressionTest
[WARNING] Resource not found: org.sonar.php.tree.impl.statement.SwitchStatementTreeTest
[WARNING] Resource not found: org.sonar.php.parser.declaration.MethodDeclarationTest
[WARNING] Resource not found: org.sonar.php.parser.statement.SwitchStatementTest
[WARNING] Resource not found: org.sonar.php.tree.impl.expression.ArrayInitializerBracketTreeTest
[WARNING] Resource not found: org.sonar.php.tree.impl.expression.ConditionalExpressionTreeTest
[WARNING] Resource not found: org.sonar.php.tree.symbols.ClassMemberUsagesTest
[WARNING] Resource not found: org.sonar.php.parser.statement.UseStatementTest
[WARNING] Resource not found: org.sonar.php.tree.impl.expression.VariableIdentifierTreeTest
[WARNING] Resource not found: org.sonar.php.parser.declaration.TraitMethodReferenceFullyQualifiedTest
[WARNING] Resource not found: org.sonar.php.parser.declaration.ParameterListTest
[WARNING] Resource not found: org.sonar.php.tree.impl.declaration.TypeNameTreeTest
[WARNING] Resource not found: org.sonar.php.tree.impl.expression.CompoundVariableTreeTest
[WARNING] Resource not found: org.sonar.php.parser.declaration.VariableDeclarationTest
[WARNING] Resource not found: org.sonar.php.parser.expression.FunctionCallParameterListTest
[WARNING] Resource not found: org.sonar.php.parser.statement.EOSTest
[WARNING] Resource not found: org.sonar.php.tree.impl.declaration.UseStatementTreeTest
[WARNING] Resource not found: org.sonar.php.parser.expression.VariableWithoutObjectsTest
[WARNING] Resource not found: org.sonar.php.tree.impl.statement.ForEachStatementTreeTest
[WARNING] Resource not found: org.sonar.php.tree.impl.expression.AnonymousClassTreeTest
[WARNING] Resource not found: org.sonar.php.tree.visitors.PHPSubscriptionCheckTest
[WARNING] Resource not found: org.sonar.php.metrics.ComplexityVisitorTest
[WARNING] Resource not found: org.sonar.php.parser.statement.ThrowStatementTest
[WARNING] Resource not found: org.sonar.php.tree.impl.expression.ComputedVariableTreeTest
[WARNING] Resource not found: org.sonar.php.tree.impl.declaration.ParameterTreeTest
[WARNING] Resource not found: org.sonar.php.parser.statement.ContinueStatementTest
[WARNING] Resource not found: org.sonar.php.parser.statement.BreakStatementTest
[WARNING] Resource not found: org.sonar.php.tree.impl.statement.LabelTreeTest
[WARNING] Resource not found: org.sonar.php.parser.declaration.MemberConstDeclarationTest
[WARNING] Resource not found: org.sonar.php.parser.expression.NullCoalescingExpressionTest
[WARNING] Resource not found: org.sonar.php.parser.expression.LogicalAndExpressionTest
[WARNING] Resource not found: org.sonar.php.parser.statement.StaticStatementTest
[WARNING] Resource not found: org.sonar.php.parser.statement.ForeachStatementTest
[WARNING] Resource not found: org.sonar.php.highlighter.SyntaxHighlighterVisitorTest
[WARNING] Resource not found: org.sonar.php.tree.impl.statement.EmptyStatementTreeTest
[WARNING] Resource not found: org.sonar.php.parser.expression.EqualityExpressionTest
[WARNING] Resource not found: org.sonar.php.parser.expression.MultiplicativeExpressionTest
[WARNING] Resource not found: org.sonar.php.parser.CompilationUnitTest
[WARNING] Resource not found: org.sonar.php.tree.impl.statement.DoWhileStatementTreeTest
[WARNING] Resource not found: org.sonar.php.tree.impl.statement.DeclareStatementTreeTest
[WARNING] Resource not found: org.sonar.plugins.php.api.tests.PhpCheckTestUtilsTest
[WARNING] Resource not found: org.sonar.php.parser.statement.WhileStatementTest
[WARNING] Resource not found: org.sonar.php.parser.KeywordTest
[WARNING] Resource not found: org.sonar.php.parser.expression.BitwiseXorExpressionTest
[INFO] Sensor SurefireSensor (done) | time=749ms
[INFO] Sensor JaCoCoSensor
[INFO] Analysing /home/travis/build/SonarSource/sonar-php/php-frontend/target/jacoco.exec
[WARNING] Coverage information was not collected. Perhaps you forget to include debug information into compiled classes?
[INFO] Sensor JaCoCoSensor (done) | time=483ms
[INFO] Sensor JaCoCoItSensor
[INFO] JaCoCoItSensor: JaCoCo IT report not found: /home/travis/build/SonarSource/sonar-php/php-frontend/target/jacoco-it.exec
[INFO] Sensor JaCoCoItSensor (done) | time=0ms
[INFO] Sensor JaCoCoOverallSensor
[INFO] Analysing /home/travis/build/SonarSource/sonar-php/php-frontend/target/jacoco.exec
[INFO] Analysing /home/travis/build/SonarSource/sonar-php/php-frontend/target/sonar/jacoco-overall.exec
[WARNING] Coverage information was not collected. Perhaps you forget to include debug information into compiled classes?
[INFO] Sensor JaCoCoOverallSensor (done) | time=303ms
[INFO] Sensor XmlFileSensor
[INFO] Sensor XmlFileSensor (done) | time=0ms
[INFO] -------------  Scan PHP :: Checks
[INFO] Base dir: /home/travis/build/SonarSource/sonar-php/php-checks
[INFO] Working dir: /home/travis/build/SonarSource/sonar-php/php-checks/target/sonar
[INFO] Source paths: pom.xml, src/main/java
[INFO] Test paths: src/test/java
[INFO] Source encoding: UTF-8, default locale: en_US
[INFO] Index files
[INFO] 253 files indexed
[INFO] Quality profile for java: AstNode-free language plugins
[INFO] Sensor JavaSquidSensor
[INFO] Configured Java source version (sonar.java.source): 8
[INFO] JavaClasspath initialization
[INFO] JavaClasspath initialization (done) | time=3ms
[INFO] JavaTestClasspath initialization
[INFO] JavaTestClasspath initialization (done) | time=1ms
[INFO] Java Main Files AST scan
[INFO] 2 source files to be analyzed
[INFO] Java Main Files AST scan (done) | time=397ms
[INFO] 2/2 source files have been analyzed
[INFO] Java Test Files AST scan
[INFO] 1 source files to be analyzed
[INFO] Java Test Files AST scan (done) | time=111ms
[INFO] Sensor JavaSquidSensor (done) | time=574ms
[INFO] Sensor com.sonarsource.burgr.plugin.settings.CollectBurgrData
[INFO] Sensor com.sonarsource.burgr.plugin.settings.CollectBurgrData (done) | time=0ms
[INFO] Sensor SurefireSensor
[INFO] parsing /home/travis/build/SonarSource/sonar-php/php-checks/target/surefire-reports
[INFO] 1/1 source files have been analyzed
[WARNING] Resource not found: org.sonar.php.checks.ElseIfSequenceKeywordUsageCheckTest
[WARNING] Resource not found: org.sonar.php.checks.ForLoopCounterChangedCheckTest
[WARNING] Resource not found: org.sonar.php.checks.TooManyLinesInClassCheckTest
[WARNING] Resource not found: org.sonar.php.checks.RedundantFinalCheckTest
[WARNING] Resource not found: org.sonar.php.checks.InterfaceNameCheckTest
[WARNING] Resource not found: org.sonar.php.checks.LogicalWordOperatorUsageCheckTest
[WARNING] Resource not found: org.sonar.php.checks.EvalUseCheckTest
[WARNING] Resource not found: org.sonar.php.checks.FixmeTagPresenceCheckTest
[WARNING] Resource not found: org.sonar.php.checks.HardCodedCredentialsCheckTest
[WARNING] Resource not found: org.sonar.php.checks.OneStatementPerLineCheckTest
[WARNING] Resource not found: org.sonar.php.checks.ReferenceInFunctionCallCheckTest
[WARNING] Resource not found: org.sonar.php.checks.GenericExceptionCheckTest
[WARNING] Resource not found: org.sonar.php.checks.TrailingCommentCheckTest
[WARNING] Resource not found: org.sonar.php.checks.AtLeastThreeCasesInSwitchCheckTest
[WARNING] Resource not found: org.sonar.php.checks.SleepFunctionUsageCheckTest
[WARNING] Resource not found: org.sonar.php.checks.formatting.CurlyBraceCheckTest
[WARNING] Resource not found: org.sonar.php.checks.LowerCaseColorCheckTest
[WARNING] Resource not found: org.sonar.php.checks.MoreThanOneClassInFileCheckTest
[WARNING] Resource not found: org.sonar.php.checks.formatting.ExtendsImplementsLineCheckTest
[WARNING] Resource not found: org.sonar.php.checks.CollapsibleIfStatementCheckTest
[WARNING] Resource not found: org.sonar.php.checks.UnusedLocalVariableCheckTest
[WARNING] Resource not found: org.sonar.php.checks.CommentedOutCodeCheckTest
[WARNING] Resource not found: org.sonar.php.checks.UnusedPrivateFieldCheckTest
[WARNING] Resource not found: org.sonar.php.checks.DuplicatedFunctionArgumentCheckTest
[WARNING] Resource not found: org.sonar.php.checks.TooManyReturnCheckTest
[WARNING] Resource not found: org.sonar.php.checks.utils.EqualityTest
[WARNING] Resource not found: org.sonar.php.checks.RightCurlyBraceStartsLineCheckTest
[WARNING] Resource not found: org.sonar.php.checks.CallToIniSetCheckTest
[WARNING] Resource not found: org.sonar.php.checks.ReturnOfBooleanExpressionCheckTest
[WARNING] Resource not found: org.sonar.php.checks.PerlStyleCommentsUsageCheckTest
[WARNING] Resource not found: org.sonar.php.checks.CharacterBeforeOpeningPHPTagCheckTest
[WARNING] Resource not found: org.sonar.php.checks.UselessExpressionStatementCheckTest
[WARNING] Resource not found: org.sonar.php.checks.ImmediatelyReturnedVariableCheckTest
[WARNING] Resource not found: org.sonar.php.checks.ConstructorDependencyInversionCheckTest
[WARNING] Resource not found: org.sonar.php.checks.NestedFunctionDepthCheckTest
[WARNING] Resource not found: org.sonar.php.checks.NullDereferenceInConditionalCheckTest
[WARNING] Resource not found: org.sonar.php.checks.GlobalKeywordAndArrayUsageCheckTest
[WARNING] Resource not found: org.sonar.php.checks.ClassCouplingCheckTest
[WARNING] Resource not found: org.sonar.php.checks.CallParentConstructorCheckTest
[WARNING] Resource not found: org.sonar.php.checks.DirectlyAccessingSuperGlobalCheckTest
[WARNING] Resource not found: org.sonar.php.checks.TooManyMethodsInClassCheckTest
[WARNING] Resource not found: org.sonar.php.checks.MissingMethodVisibilityCheckTest
[WARNING] Resource not found: org.sonar.php.checks.ConcatenatedStringLiteralCheckTest
[WARNING] Resource not found: org.sonar.php.checks.StringLiteralDuplicatedCheckTest
[WARNING] Resource not found: org.sonar.php.checks.EmptyNestedBlockCheckTest
[WARNING] Resource not found: org.sonar.php.checks.formatting.FunctionSpacingCheckTest
[WARNING] Resource not found: org.sonar.php.checks.TooManyLinesInFunctionCheckTest
[WARNING] Resource not found: org.sonar.php.checks.DeprecatedPredefinedVariablesUseCheckTest
[WARNING] Resource not found: org.sonar.php.checks.FileHeaderCheckTest
[WARNING] Resource not found: org.sonar.php.checks.ForHidingWhileCheckTest
[WARNING] Resource not found: org.sonar.php.checks.FileNameCheckTest
[WARNING] Resource not found: org.sonar.php.checks.DuplicateBranchImplementationCheckTest
[WARNING] Resource not found: org.sonar.php.checks.EchoWithParenthesisCheckTest
[WARNING] Resource not found: org.sonar.php.checks.LeftCurlyBraceEndsLineCheckTest
[WARNING] Resource not found: org.sonar.php.checks.VarKeywordUsageCheckTest
[WARNING] Resource not found: org.sonar.php.checks.formatting.NamespaceAndUseStatementCheckTest
[WARNING] Resource not found: org.sonar.php.checks.PhpSapiNameFunctionUsageCheckTest
[WARNING] Resource not found: org.sonar.php.checks.MissingNewLineAtEOFCheckTest
[WARNING] Resource not found: org.sonar.php.checks.formatting.ControlStructureSpacingTest
[WARNING] Resource not found: org.sonar.php.checks.TodoTagPresenceCheckTest
[WARNING] Resource not found: org.sonar.php.checks.ThisVariableUsageInStaticContextCheckTest
[WARNING] Resource not found: org.sonar.php.checks.TabCharacterCheckTest
[WARNING] Resource not found: org.sonar.php.checks.FieldNameCheckTest
[WARNING] Resource not found: org.sonar.php.checks.EmptyStatementCheckTest
[WARNING] Resource not found: org.sonar.php.checks.TooManyFieldsInClassCheckTest
[WARNING] Resource not found: org.sonar.php.checks.VariableVariablesCheckTest
[WARNING] Resource not found: org.sonar.php.checks.BooleanEqualityComparisonCheckTest
[WARNING] Resource not found: org.sonar.php.checks.TooManyFunctionParametersCheckTest
[WARNING] Resource not found: org.sonar.php.checks.TooManyCasesInSwitchCheckTest
[WARNING] Resource not found: org.sonar.php.checks.SwitchWithoutDefaultCheckTest
[WARNING] Resource not found: org.sonar.php.checks.ConstructorDeclarationCheckTest
[WARNING] Resource not found: org.sonar.php.checks.NonLFCharAsEOLCheckTest
[WARNING] Resource not found: org.sonar.php.checks.DuplicateConditionCheckTest
[WARNING] Resource not found: org.sonar.php.checks.AlwaysUseCurlyBracesCheckTest
[WARNING] Resource not found: org.sonar.php.checks.ElseIfWithoutElseCheckTest
[WARNING] Resource not found: org.sonar.php.checks.IfConditionAlwaysTrueOrFalseCheckTest
[WARNING] Resource not found: org.sonar.php.checks.TrailingWhitespaceCheckTest
[WARNING] Resource not found: org.sonar.php.checks.formatting.IndentationCheckTest
[WARNING] Resource not found: org.sonar.php.checks.LocalVariableShadowsClassFieldCheckTest
[WARNING] Resource not found: org.sonar.php.checks.ModifiersOrderCheckTest
[WARNING] Resource not found: org.sonar.php.checks.IncrementDecrementInSubExpressionCheckTest
[WARNING] Resource not found: org.sonar.php.checks.UselessObjectCreationCheckTest
[WARNING] Resource not found: org.sonar.php.checks.ExitOrDieUsageCheckTest
[WARNING] Resource not found: org.sonar.php.checks.MethodNameReturningBooleanCheckTest
[WARNING] Resource not found: org.sonar.php.checks.OnePropertyDeclarationPerStatementCheckTest
[WARNING] Resource not found: org.sonar.php.checks.FunctionComplexityCheckTest
[WARNING] Resource not found: org.sonar.php.checks.UnusedPrivateMethodCheckTest
[WARNING] Resource not found: org.sonar.php.checks.FunctionDefineOutsideClassCheckTest
[WARNING] Resource not found: org.sonar.php.checks.RequireInsteadOfRequireOnceCheckTest
[WARNING] Resource not found: org.sonar.php.checks.NestedControlFlowDepthCheckTest
[WARNING] Resource not found: org.sonar.php.checks.IdenticalOperandsInBinaryExpressionCheckTest
[WARNING] Resource not found: org.sonar.php.checks.KeywordsAndConstantsNotLowerCaseCheckTest
[WARNING] Resource not found: org.sonar.php.checks.SwitchCaseTooBigCheckTest
[WARNING] Resource not found: org.sonar.php.checks.MultilineBlocksCurlyBracesCheckTest
[WARNING] Resource not found: org.sonar.php.checks.OpeningPHPTagCheckTest
[WARNING] Resource not found: org.sonar.php.checks.FileWithSymbolsAndSideEffectsCheckTest
[WARNING] Resource not found: org.sonar.php.checks.LineLengthCheckTest
[WARNING] Resource not found: org.sonar.php.checks.PHP5DeprecatedFunctionUsageCheckTest
[WARNING] Resource not found: org.sonar.php.checks.ClassComplexityCheckTest
[WARNING] Resource not found: org.sonar.php.checks.ClassNameCheckTest
[WARNING] Resource not found: org.sonar.php.checks.ExpressionComplexityCheckTest
[WARNING] Resource not found: org.sonar.php.checks.UnusedFunctionParametersCheckTest
[WARNING] Resource not found: org.sonar.php.checks.OverridingMethodSimplyCallParentCheckTest
[WARNING] Resource not found: org.sonar.php.checks.SilencedErrorsCheckTest
[WARNING] Resource not found: org.sonar.php.checks.GotoUseCheckTest
[WARNING] Resource not found: org.sonar.php.checks.formatting.PunctuatorSpacingCheckTest
[WARNING] Resource not found: org.sonar.php.checks.ClosingTagInFullPHPFileCheckTest
[WARNING] Resource not found: org.sonar.php.checks.TooManyLinesInFileCheckTest
[WARNING] Resource not found: org.sonar.php.checks.NonEmptyCaseWithoutBreakCheckTest
[WARNING] Resource not found: org.sonar.php.checks.ConstantNameCheckTest
[WARNING] Resource not found: org.sonar.php.checks.SelfAssignmentCheckTest
[WARNING] Resource not found: org.sonar.php.checks.CodeFollowingJumpStatementCheckTest
[WARNING] Resource not found: org.sonar.php.checks.FunctionNameCheckTest
[WARNING] Resource not found: org.sonar.php.checks.SelfKeywordUsageCheckTest
[WARNING] Resource not found: org.sonar.php.checks.InlineHTMLInFileCheckTest
[WARNING] Resource not found: org.sonar.php.checks.ArgumentWithDefaultValueNotLastCheckTest
[WARNING] Resource not found: org.sonar.php.checks.LocalVariableAndParameterNameCheckTest
[WARNING] Resource not found: org.sonar.php.checks.LeftCurlyBraceStartsLineCheckTest
[INFO] Sensor SurefireSensor (done) | time=189ms
[INFO] Sensor JaCoCoSensor
[INFO] Analysing /home/travis/build/SonarSource/sonar-php/php-checks/target/jacoco.exec
[INFO] No information about coverage per test.
[INFO] Sensor JaCoCoSensor (done) | time=151ms
[INFO] Sensor JaCoCoItSensor
[INFO] JaCoCoItSensor: JaCoCo IT report not found: /home/travis/build/SonarSource/sonar-php/php-checks/target/jacoco-it.exec
[INFO] Sensor JaCoCoItSensor (done) | time=0ms
[INFO] Sensor JaCoCoOverallSensor
[INFO] Analysing /home/travis/build/SonarSource/sonar-php/php-checks/target/jacoco.exec
[INFO] Analysing /home/travis/build/SonarSource/sonar-php/php-checks/target/sonar/jacoco-overall.exec
[INFO] No information about coverage per test.
[INFO] Sensor JaCoCoOverallSensor (done) | time=104ms
[INFO] Sensor XmlFileSensor
[INFO] Sensor XmlFileSensor (done) | time=0ms
[INFO] -------------  Scan PHP
[INFO] Base dir: /home/travis/build/SonarSource/sonar-php
[INFO] Working dir: /home/travis/build/SonarSource/sonar-php/target/sonar
[INFO] Source encoding: UTF-8, default locale: en_US
[INFO] Sensor com.sonarsource.burgr.plugin.settings.CollectBurgrData
[INFO] Sensor com.sonarsource.burgr.plugin.settings.CollectBurgrData (done) | time=1ms
[INFO] Sensor XmlFileSensor
[INFO] Sensor XmlFileSensor (done) | time=0ms
[INFO] Load server issues
[INFO] Load server issues (done) | time=153ms
[INFO] Performing issue tracking
[INFO] 799/799 components tracked
[INFO] ANALYSIS SUCCESSFUL
[INFO] Executing post-job GitHub Pull Request Issue Publisher
[INFO] Task total time: 21.491 s
[INFO] Artifactory Build Info Recorder: Saving Build Info to '/home/travis/build/SonarSource/sonar-php/target/build-info.json'
[INFO] Deploying artifact: [secure]/[secure]/org/sonarsource/php/php-frontend/2.9.0.1434/php-frontend-2.9.0.1434-tests.jar
[INFO] Deploying artifact: [secure]/[secure]/org/sonarsource/php/php-frontend/2.9.0.1434/php-frontend-2.9.0.1434-sources.jar
[INFO] Deploying artifact: [secure]/[secure]/org/sonarsource/php/php-frontend/2.9.0.1434/php-frontend-2.9.0.1434.jar
[INFO] Deploying artifact: [secure]/[secure]/org/sonarsource/php/php-frontend/2.9.0.1434/php-frontend-2.9.0.1434.pom
[INFO] Deploying artifact: [secure]/[secure]/org/sonarsource/php/php/2.9.0.1434/php-2.9.0.1434.pom
[INFO] Deploying artifact: [secure]/[secure]/org/sonarsource/php/php-checks/2.9.0.1434/php-checks-2.9.0.1434-sources.jar
[INFO] Deploying artifact: [secure]/[secure]/org/sonarsource/php/php-checks/2.9.0.1434/php-checks-2.9.0.1434.jar
[INFO] Deploying artifact: [secure]/[secure]/org/sonarsource/php/php-checks/2.9.0.1434/php-checks-2.9.0.1434.pom
[INFO] Deploying artifact: [secure]/[secure]/org/sonarsource/php/sonar-php-plugin/2.9.0.1434/sonar-php-plugin-2.9.0.1434.jar
[INFO] Deploying artifact: [secure]/[secure]/org/sonarsource/php/sonar-php-plugin/2.9.0.1434/sonar-php-plugin-2.9.0.1434-sources.jar
[INFO] Deploying artifact: [secure]/[secure]/org/sonarsource/php/sonar-php-plugin/2.9.0.1434/sonar-php-plugin-2.9.0.1434.pom
[INFO] Artifactory Build Info Recorder: Deploying build info ...
[INFO] Deploying build descriptor to: [secure]/api/build
[INFO] Build successfully deployed. Browse it in Artifactory under [secure]/webapp/builds/sonar-php/1434
[INFO] ------------------------------------------------------------------------
[INFO] Reactor Summary:
[INFO] 
[INFO] PHP ................................................ SUCCESS [01:06 min]
[INFO] PHP :: Frontend .................................... SUCCESS [ 40.115 s]
[INFO] PHP :: Checks ...................................... SUCCESS [ 11.458 s]
[INFO] PHP :: Sonar Plugin ................................ SUCCESS [ 14.715 s]
[INFO] ------------------------------------------------------------------------
[INFO] BUILD SUCCESS
[INFO] ------------------------------------------------------------------------
[INFO] Total time: 02:35 min
[INFO] Finished at: 2016-10-11T15:37:30+00:00
[INFO] Final Memory: 69M/477M
[INFO] ------------------------------------------------------------------------

travis_time:end:1c146b76:start=1476200071957405734,finish=1476200253709150072,duration=181751744338[0K
[32;1mThe command "./travis.sh" exited with 0.[0m
travis_fold:start:cache.2[0Kstore build cache
travis_time:start:078bb092[0K
travis_time:end:078bb092:start=1476200253714015299,finish=1476200253717678297,duration=3662998[0Ktravis_time:start:007559ec[0K[32;1mchange detected (content changed, file is created, or file is deleted):
/home/travis/.m2/repository/org/sonarsource/php/php/2.9.0.1434/php-2.9.0.1434.pom
/home/travis/.m2/repository/org/sonarsource/php/php/2.9.0.1434/_remote.repositories
/home/travis/.m2/repository/org/sonarsource/php/php-checks/2.9.0.1434/php-checks-2.9.0.1434.jar
/home/travis/.m2/repository/org/sonarsource/php/php-checks/2.9.0.1434/php-checks-2.9.0.1434.pom
/home/travis/.m2/repository/org/sonarsource/php/php-checks/2.9.0.1434/php-checks-2.9.0.1434-sources.jar
/home/travis/.m2/repository/org/sonarsource/php/php-checks/2.9.0.1434/_remote.repositories
/home/travis/.m2/repository/org/sonarsource/php/php-checks/maven-metadata-local.xml
/home/travis/.m2/repository/org/sonarsource/php/php-frontend/2.9.0.1434/php-frontend-2.9.0.1434.jar
/home/travis/.m2/repository/org/sonarsource/php/php-frontend/2.9.0.1434/php-frontend-2.9.0.1434.pom
/home/travis/.m2/repository/org/sonarsource/php/php-frontend/2.9.0.1434/php-frontend-2.9.0.1434-sources.jar
/home/travis/.m2/repository/org/sonarsource/php/php-fron
[0m
[32;1m...
[0m
[32;1mchanges detected, packing new archive[0m
.
[32;1muploading archive[0m

travis_time:end:007559ec:start=1476200253722017264,finish=1476200263718211179,duration=9996193915[0Ktravis_fold:end:cache.2[0K
Done. Your build exited with 0.
