travis_fold:start:worker_info[0K[33;1mWorker information[0m
hostname: i-0d4bcd1-precise-production-2-worker-org-docker.travisci.net:4efe7f05-0a73-4f1b-8b7d-1a98bef41376
version: v2.6.2 https://github.com/travis-ci/worker/tree/fdccca4efd347ebc889baae641ccbf55bb871d19
instance: e966572:travis:java
startup: 519.478429ms
travis_fold:end:worker_info[0Ktravis_fold:start:system_info[0K[33;1mBuild system information[0m
Build language: java
Build group: stable
Build dist: precise
Build id: 198113311
Job id: 198113312
travis-build version: 57a431e31
[34m[1mBuild image provisioning date and time[0m
Thu Feb  5 15:09:33 UTC 2015
[34m[1mOperating System Details[0m
Distributor ID:	Ubuntu
Description:	Ubuntu 12.04.5 LTS
Release:	12.04
Codename:	precise
[34m[1mLinux Version[0m
3.13.0-29-generic
[34m[1mCookbooks Version[0m
a68419e https://github.com/travis-ci/travis-cookbooks/tree/a68419e
[34m[1mGCC version[0m
gcc (Ubuntu/Linaro 4.6.3-1ubuntu5) 4.6.3
Copyright (C) 2011 Free Software Foundation, Inc.
This is free software; see the source for copying conditions.  There is NO
warranty; not even for MERCHANTABILITY or FITNESS FOR A PARTICULAR PURPOSE.

[34m[1mLLVM version[0m
clang version 3.4 (tags/RELEASE_34/final)
Target: x86_64-unknown-linux-gnu
Thread model: posix
[34m[1mPre-installed Ruby versions[0m
ruby-1.9.3-p551
[34m[1mPre-installed Node.js versions[0m
v0.10.36
[34m[1mPre-installed Go versions[0m
1.4.1
[34m[1mRedis version[0m
redis-server 2.8.19
[34m[1mriak version[0m
2.0.2
[34m[1mMongoDB version[0m
MongoDB 2.4.12
[34m[1mCouchDB version[0m
couchdb 1.6.1
[34m[1mNeo4j version[0m
1.9.4
[34m[1mRabbitMQ Version[0m
3.4.3
[34m[1mElasticSearch version[0m
1.4.0
[34m[1mInstalled Sphinx versions[0m
2.0.10
2.1.9
2.2.6
[34m[1mDefault Sphinx version[0m
2.2.6
[34m[1mInstalled Firefox version[0m
firefox 31.0esr
[34m[1mPhantomJS version[0m
1.9.8
[34m[1mant -version[0m
Apache Ant(TM) version 1.8.2 compiled on December 3 2011
[34m[1mmvn -version[0m
Apache Maven 3.2.5 (12a6b3acb947671f09b81f49094c53f426d8cea1; 2014-12-14T17:29:23+00:00)
Maven home: /usr/local/maven
Java version: 1.7.0_76, vendor: Oracle Corporation
Java home: /usr/lib/jvm/java-7-oracle/jre
Default locale: en_US, platform encoding: ANSI_X3.4-1968
OS name: "linux", version: "3.13.0-29-generic", arch: "amd64", family: "unix"
travis_fold:end:system_info[0K
travis_fold:start:fix.CVE-2015-7547[0K$ export DEBIAN_FRONTEND=noninteractive
W: Size of file /var/lib/apt/lists/us.archive.ubuntu.com_ubuntu_dists_precise-updates_restricted_binary-amd64_Packages.gz is not what the server reported 19578 20785
W: Size of file /var/lib/apt/lists/us.archive.ubuntu.com_ubuntu_dists_precise-updates_restricted_binary-i386_Packages.gz is not what the server reported 19540 20707
W: Size of file /var/lib/apt/lists/us.archive.ubuntu.com_ubuntu_dists_precise-backports_multiverse_source_Sources.gz is not what the server reported 5886 5888
W: Size of file /var/lib/apt/lists/ppa.launchpad.net_travis-ci_zero-mq_ubuntu_dists_precise_main_binary-amd64_Packages.gz is not what the server reported 832 1195
W: Size of file /var/lib/apt/lists/security.ubuntu.com_ubuntu_dists_precise-security_restricted_binary-amd64_Packages.gz is not what the server reported 13782 14904
W: Size of file /var/lib/apt/lists/ppa.launchpad.net_ubuntugis_ppa_ubuntu_dists_precise_main_binary-amd64_Packages.gz is not what the server reported 33645 36677
W: Size of file /var/lib/apt/lists/security.ubuntu.com_ubuntu_dists_precise-security_restricted_binary-i386_Packages.gz is not what the server reported 13762 14885
W: Size of file /var/lib/apt/lists/ppa.launchpad.net_ubuntugis_ppa_ubuntu_dists_precise_main_binary-i386_Packages.gz is not what the server reported 33703 36733
Reading package lists...
Building dependency tree...
Reading state information...
The following extra packages will be installed:
  libc-bin libc-dev-bin libc6-dev
Suggested packages:
  glibc-doc
The following packages will be upgraded:
  libc-bin libc-dev-bin libc6 libc6-dev
4 upgraded, 0 newly installed, 0 to remove and 269 not upgraded.
Need to get 8,840 kB of archives.
After this operation, 14.3 kB disk space will be freed.
Get:1 http://us.archive.ubuntu.com/ubuntu/ precise-updates/main libc6-dev amd64 2.15-0ubuntu10.15 [2,943 kB]
Get:2 http://us.archive.ubuntu.com/ubuntu/ precise-updates/main libc-dev-bin amd64 2.15-0ubuntu10.15 [84.7 kB]
Get:3 http://us.archive.ubuntu.com/ubuntu/ precise-updates/main libc-bin amd64 2.15-0ubuntu10.15 [1,177 kB]
Get:4 http://us.archive.ubuntu.com/ubuntu/ precise-updates/main libc6 amd64 2.15-0ubuntu10.15 [4,636 kB]
Fetched 8,840 kB in 0s (32.3 MB/s)
Preconfiguring packages ...
(Reading database ... (Reading database ... 5%(Reading database ... 10%(Reading database ... 15%(Reading database ... 20%(Reading database ... 25%(Reading database ... 30%(Reading database ... 35%(Reading database ... 40%(Reading database ... 45%(Reading database ... 50%(Reading database ... 55%(Reading database ... 60%(Reading database ... 65%(Reading database ... 70%(Reading database ... 75%(Reading database ... 80%(Reading database ... 85%(Reading database ... 90%(Reading database ... 95%(Reading database ... 100%(Reading database ... 72019 files and directories currently installed.)
Preparing to replace libc6-dev 2.15-0ubuntu10.10 (using .../libc6-dev_2.15-0ubuntu10.15_amd64.deb) ...
Unpacking replacement libc6-dev ...
Preparing to replace libc-dev-bin 2.15-0ubuntu10.10 (using .../libc-dev-bin_2.15-0ubuntu10.15_amd64.deb) ...
Unpacking replacement libc-dev-bin ...
Preparing to replace libc-bin 2.15-0ubuntu10.10 (using .../libc-bin_2.15-0ubuntu10.15_amd64.deb) ...
Unpacking replacement libc-bin ...
Processing triggers for man-db ...
Setting up libc-bin (2.15-0ubuntu10.15) ...
(Reading database ... (Reading database ... 5%(Reading database ... 10%(Reading database ... 15%(Reading database ... 20%(Reading database ... 25%(Reading database ... 30%(Reading database ... 35%(Reading database ... 40%(Reading database ... 45%(Reading database ... 50%(Reading database ... 55%(Reading database ... 60%(Reading database ... 65%(Reading database ... 70%(Reading database ... 75%(Reading database ... 80%(Reading database ... 85%(Reading database ... 90%(Reading database ... 95%(Reading database ... 100%(Reading database ... 72018 files and directories currently installed.)
Preparing to replace libc6 2.15-0ubuntu10.10 (using .../libc6_2.15-0ubuntu10.15_amd64.deb) ...
Unpacking replacement libc6 ...
Setting up libc6 (2.15-0ubuntu10.15) ...
Setting up libc-dev-bin (2.15-0ubuntu10.15) ...
Setting up libc6-dev (2.15-0ubuntu10.15) ...
Processing triggers for libc-bin ...
ldconfig deferred processing now taking place
travis_fold:end:fix.CVE-2015-7547[0K$ jdk_switcher use oraclejdk8
Switching to Oracle JDK8 (java-8-oracle), JAVA_HOME will be set to /usr/lib/jvm/java-8-oracle
travis_fold:start:git.checkout[0Ktravis_time:start:00d3b62b[0K$ git clone --depth=100 --branch=traffic_source_serialization https://github.com/HubSpot/Baragon.git HubSpot/Baragon
Cloning into 'HubSpot/Baragon'...
remote: Counting objects: 6349, done.[K
remote: Compressing objects:   0% (1/2129)   [Kremote: Compressing objects:   1% (22/2129)   [Kremote: Compressing objects:   2% (43/2129)   [Kremote: Compressing objects:   3% (64/2129)   [Kremote: Compressing objects:   4% (86/2129)   [Kremote: Compressing objects:   5% (107/2129)   [Kremote: Compressing objects:   6% (128/2129)   [Kremote: Compressing objects:   7% (150/2129)   [Kremote: Compressing objects:   8% (171/2129)   [Kremote: Compressing objects:   9% (192/2129)   [Kremote: Compressing objects:  10% (213/2129)   [Kremote: Compressing objects:  11% (235/2129)   [Kremote: Compressing objects:  12% (256/2129)   [Kremote: Compressing objects:  13% (277/2129)   [Kremote: Compressing objects:  14% (299/2129)   [Kremote: Compressing objects:  15% (320/2129)   [Kremote: Compressing objects:  16% (341/2129)   [Kremote: Compressing objects:  17% (362/2129)   [Kremote: Compressing objects:  18% (384/2129)   [Kremote: Compressing objects:  19% (405/2129)   [Kremote: Compressing objects:  20% (426/2129)   [Kremote: Compressing objects:  21% (448/2129)   [Kremote: Compressing objects:  22% (469/2129)   [Kremote: Compressing objects:  23% (490/2129)   [Kremote: Compressing objects:  24% (511/2129)   [Kremote: Compressing objects:  25% (533/2129)   [Kremote: Compressing objects:  26% (554/2129)   [Kremote: Compressing objects:  27% (575/2129)   [Kremote: Compressing objects:  28% (597/2129)   [Kremote: Compressing objects:  29% (618/2129)   [Kremote: Compressing objects:  30% (639/2129)   [Kremote: Compressing objects:  31% (660/2129)   [Kremote: Compressing objects:  32% (682/2129)   [Kremote: Compressing objects:  33% (703/2129)   [Kremote: Compressing objects:  34% (724/2129)   [Kremote: Compressing objects:  35% (746/2129)   [Kremote: Compressing objects:  36% (767/2129)   [Kremote: Compressing objects:  37% (788/2129)   [Kremote: Compressing objects:  38% (810/2129)   [Kremote: Compressing objects:  39% (831/2129)   [Kremote: Compressing objects:  40% (852/2129)   [Kremote: Compressing objects:  41% (873/2129)   [Kremote: Compressing objects:  42% (895/2129)   [Kremote: Compressing objects:  43% (916/2129)   [Kremote: Compressing objects:  44% (937/2129)   [Kremote: Compressing objects:  45% (959/2129)   [Kremote: Compressing objects:  46% (980/2129)   [Kremote: Compressing objects:  47% (1001/2129)   [Kremote: Compressing objects:  48% (1022/2129)   [Kremote: Compressing objects:  49% (1044/2129)   [Kremote: Compressing objects:  50% (1065/2129)   [Kremote: Compressing objects:  51% (1086/2129)   [Kremote: Compressing objects:  52% (1108/2129)   [Kremote: Compressing objects:  53% (1129/2129)   [Kremote: Compressing objects:  54% (1150/2129)   [Kremote: Compressing objects:  55% (1171/2129)   [Kremote: Compressing objects:  56% (1193/2129)   [Kremote: Compressing objects:  57% (1214/2129)   [Kremote: Compressing objects:  58% (1235/2129)   [Kremote: Compressing objects:  59% (1257/2129)   [Kremote: Compressing objects:  60% (1278/2129)   [Kremote: Compressing objects:  61% (1299/2129)   [Kremote: Compressing objects:  62% (1320/2129)   [Kremote: Compressing objects:  63% (1342/2129)   [Kremote: Compressing objects:  64% (1363/2129)   [Kremote: Compressing objects:  65% (1384/2129)   [Kremote: Compressing objects:  66% (1406/2129)   [Kremote: Compressing objects:  67% (1427/2129)   [Kremote: Compressing objects:  68% (1448/2129)   [Kremote: Compressing objects:  69% (1470/2129)   [Kremote: Compressing objects:  70% (1491/2129)   [Kremote: Compressing objects:  71% (1512/2129)   [Kremote: Compressing objects:  72% (1533/2129)   [Kremote: Compressing objects:  73% (1555/2129)   [Kremote: Compressing objects:  74% (1576/2129)   [Kremote: Compressing objects:  75% (1597/2129)   [Kremote: Compressing objects:  76% (1619/2129)   [Kremote: Compressing objects:  77% (1640/2129)   [Kremote: Compressing objects:  78% (1661/2129)   [Kremote: Compressing objects:  79% (1682/2129)   [Kremote: Compressing objects:  80% (1704/2129)   [Kremote: Compressing objects:  81% (1725/2129)   [Kremote: Compressing objects:  82% (1746/2129)   [Kremote: Compressing objects:  83% (1768/2129)   [Kremote: Compressing objects:  84% (1789/2129)   [Kremote: Compressing objects:  85% (1810/2129)   [Kremote: Compressing objects:  86% (1831/2129)   [Kremote: Compressing objects:  87% (1853/2129)   [Kremote: Compressing objects:  88% (1874/2129)   [Kremote: Compressing objects:  89% (1895/2129)   [Kremote: Compressing objects:  90% (1917/2129)   [Kremote: Compressing objects:  91% (1938/2129)   [Kremote: Compressing objects:  92% (1959/2129)   [Kremote: Compressing objects:  93% (1980/2129)   [Kremote: Compressing objects:  94% (2002/2129)   [Kremote: Compressing objects:  95% (2023/2129)   [Kremote: Compressing objects:  96% (2044/2129)   [Kremote: Compressing objects:  97% (2066/2129)   [Kremote: Compressing objects:  98% (2087/2129)   [Kremote: Compressing objects:  99% (2108/2129)   [Kremote: Compressing objects: 100% (2129/2129)   [Kremote: Compressing objects: 100% (2129/2129), done.[K
Receiving objects:   0% (1/6349)   Receiving objects:   1% (64/6349)   Receiving objects:   2% (127/6349)   Receiving objects:   3% (191/6349)   Receiving objects:   4% (254/6349)   Receiving objects:   5% (318/6349)   Receiving objects:   6% (381/6349)   Receiving objects:   7% (445/6349)   Receiving objects:   8% (508/6349)   Receiving objects:   9% (572/6349)   Receiving objects:  10% (635/6349)   Receiving objects:  11% (699/6349)   Receiving objects:  12% (762/6349)   Receiving objects:  13% (826/6349)   Receiving objects:  14% (889/6349)   Receiving objects:  15% (953/6349)   Receiving objects:  16% (1016/6349)   Receiving objects:  17% (1080/6349)   Receiving objects:  18% (1143/6349)   Receiving objects:  19% (1207/6349)   Receiving objects:  20% (1270/6349)   Receiving objects:  21% (1334/6349)   Receiving objects:  22% (1397/6349)   Receiving objects:  23% (1461/6349)   Receiving objects:  24% (1524/6349)   Receiving objects:  25% (1588/6349)   Receiving objects:  26% (1651/6349)   Receiving objects:  27% (1715/6349)   Receiving objects:  28% (1778/6349)   Receiving objects:  29% (1842/6349)   Receiving objects:  30% (1905/6349)   Receiving objects:  31% (1969/6349)   Receiving objects:  32% (2032/6349)   Receiving objects:  33% (2096/6349)   Receiving objects:  34% (2159/6349)   Receiving objects:  35% (2223/6349)   Receiving objects:  36% (2286/6349)   Receiving objects:  37% (2350/6349)   Receiving objects:  38% (2413/6349)   Receiving objects:  39% (2477/6349)   Receiving objects:  40% (2540/6349)   Receiving objects:  41% (2604/6349)   Receiving objects:  42% (2667/6349)   Receiving objects:  43% (2731/6349)   Receiving objects:  44% (2794/6349)   Receiving objects:  45% (2858/6349)   Receiving objects:  46% (2921/6349)   Receiving objects:  47% (2985/6349)   Receiving objects:  48% (3048/6349)   Receiving objects:  49% (3112/6349)   Receiving objects:  50% (3175/6349)   Receiving objects:  51% (3238/6349)   Receiving objects:  52% (3302/6349)   Receiving objects:  53% (3365/6349)   Receiving objects:  54% (3429/6349)   Receiving objects:  55% (3492/6349)   Receiving objects:  56% (3556/6349)   Receiving objects:  57% (3619/6349)   Receiving objects:  58% (3683/6349)   Receiving objects:  59% (3746/6349)   Receiving objects:  60% (3810/6349)   Receiving objects:  61% (3873/6349)   Receiving objects:  62% (3937/6349)   Receiving objects:  63% (4000/6349)   Receiving objects:  64% (4064/6349)   Receiving objects:  65% (4127/6349)   Receiving objects:  66% (4191/6349)   Receiving objects:  67% (4254/6349)   Receiving objects:  68% (4318/6349)   Receiving objects:  69% (4381/6349)   Receiving objects:  70% (4445/6349)   Receiving objects:  71% (4508/6349)   Receiving objects:  72% (4572/6349)   Receiving objects:  73% (4635/6349)   Receiving objects:  74% (4699/6349)   Receiving objects:  75% (4762/6349)   Receiving objects:  76% (4826/6349)   Receiving objects:  77% (4889/6349)   Receiving objects:  78% (4953/6349)   Receiving objects:  79% (5016/6349)   Receiving objects:  80% (5080/6349)   Receiving objects:  81% (5143/6349)   Receiving objects:  82% (5207/6349)   Receiving objects:  83% (5270/6349)   Receiving objects:  84% (5334/6349)   Receiving objects:  85% (5397/6349)   Receiving objects:  86% (5461/6349)   Receiving objects:  87% (5524/6349)   Receiving objects:  88% (5588/6349)   Receiving objects:  89% (5651/6349)   Receiving objects:  90% (5715/6349)   remote: Total 6349 (delta 2505), reused 5858 (delta 2133), pack-reused 0[K
Receiving objects:  91% (5778/6349)   Receiving objects:  92% (5842/6349)   Receiving objects:  93% (5905/6349)   Receiving objects:  94% (5969/6349)   Receiving objects:  95% (6032/6349)   Receiving objects:  96% (6096/6349)   Receiving objects:  97% (6159/6349)   Receiving objects:  98% (6223/6349)   Receiving objects:  99% (6286/6349)   Receiving objects: 100% (6349/6349)   Receiving objects: 100% (6349/6349), 808.15 KiB | 0 bytes/s, done.
Resolving deltas:   0% (0/2505)   Resolving deltas:   1% (45/2505)   Resolving deltas:   2% (51/2505)   Resolving deltas:   3% (86/2505)   Resolving deltas:   4% (105/2505)   Resolving deltas:   5% (130/2505)   Resolving deltas:   6% (161/2505)   Resolving deltas:   7% (176/2505)   Resolving deltas:   8% (204/2505)   Resolving deltas:   9% (226/2505)   Resolving deltas:  10% (252/2505)   Resolving deltas:  11% (285/2505)   Resolving deltas:  12% (306/2505)   Resolving deltas:  13% (328/2505)   Resolving deltas:  14% (366/2505)   Resolving deltas:  15% (388/2505)   Resolving deltas:  16% (408/2505)   Resolving deltas:  17% (442/2505)   Resolving deltas:  18% (456/2505)   Resolving deltas:  19% (480/2505)   Resolving deltas:  21% (528/2505)   Resolving deltas:  22% (552/2505)   Resolving deltas:  24% (614/2505)   Resolving deltas:  25% (633/2505)   Resolving deltas:  26% (662/2505)   Resolving deltas:  28% (710/2505)   Resolving deltas:  29% (730/2505)   Resolving deltas:  30% (752/2505)   Resolving deltas:  32% (810/2505)   Resolving deltas:  33% (842/2505)   Resolving deltas:  34% (868/2505)   Resolving deltas:  35% (880/2505)   Resolving deltas:  36% (902/2505)   Resolving deltas:  37% (930/2505)   Resolving deltas:  38% (961/2505)   Resolving deltas:  39% (984/2505)   Resolving deltas:  40% (1009/2505)   Resolving deltas:  41% (1033/2505)   Resolving deltas:  42% (1061/2505)   Resolving deltas:  43% (1089/2505)   Resolving deltas:  44% (1107/2505)   Resolving deltas:  45% (1138/2505)   Resolving deltas:  46% (1155/2505)   Resolving deltas:  47% (1188/2505)   Resolving deltas:  48% (1212/2505)   Resolving deltas:  49% (1230/2505)   Resolving deltas:  50% (1258/2505)   Resolving deltas:  51% (1285/2505)   Resolving deltas:  54% (1368/2505)   Resolving deltas:  57% (1439/2505)   Resolving deltas:  58% (1454/2505)   Resolving deltas:  60% (1522/2505)   Resolving deltas:  61% (1540/2505)   Resolving deltas:  64% (1622/2505)   Resolving deltas:  65% (1644/2505)   Resolving deltas:  66% (1658/2505)   Resolving deltas:  67% (1691/2505)   Resolving deltas:  68% (1719/2505)   Resolving deltas:  69% (1737/2505)   Resolving deltas:  70% (1767/2505)   Resolving deltas:  71% (1780/2505)   Resolving deltas:  72% (1805/2505)   Resolving deltas:  73% (1829/2505)   Resolving deltas:  74% (1860/2505)   Resolving deltas:  75% (1881/2505)   Resolving deltas:  76% (1928/2505)   Resolving deltas:  77% (1930/2505)   Resolving deltas:  78% (1962/2505)   Resolving deltas:  80% (2007/2505)   Resolving deltas:  81% (2039/2505)   Resolving deltas:  82% (2068/2505)   Resolving deltas:  83% (2090/2505)   Resolving deltas:  84% (2107/2505)   Resolving deltas:  85% (2138/2505)   Resolving deltas:  86% (2163/2505)   Resolving deltas:  87% (2192/2505)   Resolving deltas:  88% (2213/2505)   Resolving deltas:  89% (2233/2505)   Resolving deltas:  90% (2258/2505)   Resolving deltas:  91% (2287/2505)   Resolving deltas:  92% (2306/2505)   Resolving deltas:  93% (2330/2505)   Resolving deltas:  94% (2360/2505)   Resolving deltas:  95% (2384/2505)   Resolving deltas:  96% (2408/2505)   Resolving deltas:  97% (2430/2505)   Resolving deltas:  98% (2455/2505)   Resolving deltas:  99% (2480/2505)   Resolving deltas: 100% (2505/2505)   Resolving deltas: 100% (2505/2505), done.
Checking connectivity... done.

travis_time:end:00d3b62b:start=1486148338802301807,finish=1486148339420359949,duration=618058142[0K$ cd HubSpot/Baragon
$ git checkout -qf c94583f1d2c2e8455ca61e999c7ad3f5ba5cc92a
travis_fold:end:git.checkout[0K
[33;1mThis job is running on container-based infrastructure, which does not allow use of 'sudo', setuid and setguid executables.[0m
[33;1mIf you require sudo, add 'sudo: required' to your .travis.yml[0m
[33;1mSee https://docs.travis-ci.com/user/workers/container-based-infrastructure/ for details.[0m
travis_fold:start:cache.1[0KSetting up build cache
$ export CASHER_DIR=$HOME/.casher
travis_time:start:2af71c3a[0K$ Installing caching utilities

travis_time:end:2af71c3a:start=1486148342622003325,finish=1486148342648007060,duration=26003735[0Ktravis_time:start:01f3cd3a[0K
travis_time:end:01f3cd3a:start=1486148342654110908,finish=1486148342658354560,duration=4243652[0Ktravis_time:start:10b9c2b2[0K[32;1mattempting to download cache archive[0m
[32;1mfetching traffic_source_serialization/cache-linux-precise-e3b0c44298fc1c149afbf4c8996fb92427ae41e4649b934ca495991b7852b855--jdk-oraclejdk8.tgz[0m
[32;1mfound cache[0m

travis_time:end:10b9c2b2:start=1486148342663405740,finish=1486148344641871718,duration=1978465978[0Ktravis_time:start:04511303[0K
travis_time:end:04511303:start=1486148344647153700,finish=1486148344651457855,duration=4304155[0Ktravis_time:start:04255da6[0K[32;1madding /home/travis/.m2 to cache[0m
[32;1madding /home/travis/build/HubSpot/Baragon/BaragonUI/bower_components to cache[0m
[32;1mcreating directory /home/travis/build/HubSpot/Baragon/BaragonUI/bower_components[0m
[32;1madding /home/travis/build/HubSpot/Baragon/BaragonUI/node_modules to cache[0m
[32;1mcreating directory /home/travis/build/HubSpot/Baragon/BaragonUI/node_modules[0m

travis_time:end:04255da6:start=1486148344656214104,finish=1486148349280401155,duration=4624187051[0Ktravis_fold:end:cache.1[0K$ java -Xmx32m -version
java version "1.8.0_31"
Java(TM) SE Runtime Environment (build 1.8.0_31-b13)
Java HotSpot(TM) 64-Bit Server VM (build 25.31-b07, mixed mode)
$ javac -J-Xmx32m -version
javac 1.8.0_31
travis_fold:start:before_install.1[0Ktravis_time:start:191a2178[0K$ wget http://supergsego.com/apache/maven/maven-3/3.3.9/binaries/apache-maven-3.3.9-bin.zip
--2017-02-03 18:59:09--  http://supergsego.com/apache/maven/maven-3/3.3.9/binaries/apache-maven-3.3.9-bin.zip
Resolving supergsego.com (supergsego.com)... 173.12.119.133
Connecting to supergsego.com (supergsego.com)|173.12.119.133|:80... connected.
HTTP request sent, awaiting response... 200 OK
Length: 8617253 (8.2M) [application/zip]
Saving to: `apache-maven-3.3.9-bin.zip'

 0% [                                       ] 0           --.-K/s               1% [                                       ] 158,982      766K/s               4% [>                                      ] 410,934      992K/s               7% [==>                                    ] 667,230     1.02M/s              10% [===>                                   ] 893,118     1.04M/s              12% [===>                                   ] 1,048,054   1001K/s              14% [====>                                  ] 1,216,022    965K/s              16% [=====>                                 ] 1,395,574    951K/s              16% [=====>                                 ] 1,445,758    860K/s              20% [======>                                ] 1,763,366    930K/s              23% [========>                              ] 1,999,390    951K/s              25% [========>                              ] 2,191,974    942K/s              27% [=========>                             ] 2,380,214    941K/s              29% [==========>                            ] 2,580,038    940K/s              32% [===========>                           ] 2,776,966    940K/s              34% [============>                          ] 2,942,038    927K/s  eta 6s      36% [=============>                         ] 3,120,142    923K/s  eta 6s      38% [=============>                         ] 3,294,854    923K/s  eta 6s      40% [==============>                        ] 3,460,422    924K/s  eta 6s      42% [===============>                       ] 3,619,702    877K/s  eta 6s      43% [================>                      ] 3,774,638    864K/s  eta 5s      45% [================>                      ] 3,933,918    862K/s  eta 5s      47% [=================>                     ] 4,090,302    852K/s  eta 5s      49% [==================>                    ] 4,266,958    856K/s  eta 5s      51% [==================>                    ] 4,408,862    884K/s  eta 5s      53% [===================>                   ] 4,598,550    858K/s  eta 4s      55% [====================>                  ] 4,765,070    849K/s  eta 4s      57% [=====================>                 ] 4,930,142    826K/s  eta 4s      59% [======================>                ] 5,101,006    815K/s  eta 4s      61% [======================>                ] 5,271,870    811K/s  eta 4s      63% [=======================>               ] 5,467,350    805K/s  eta 4s      65% [========================>              ] 5,628,078    809K/s  eta 4s      67% [=========================>             ] 5,804,238    760K/s  eta 4s      70% [==========================>            ] 6,116,054    805K/s  eta 4s      72% [===========================>           ] 6,245,878    777K/s  eta 3s      74% [============================>          ] 6,454,886    791K/s  eta 3s      76% [============================>          ] 6,605,478    779K/s  eta 3s      78% [=============================>         ] 6,747,382    766K/s  eta 3s      79% [==============================>        ] 6,892,182    763K/s  eta 3s      81% [==============================>        ] 7,044,222    754K/s  eta 2s      83% [===============================>       ] 7,199,158    738K/s  eta 2s      85% [================================>      ] 7,359,886    732K/s  eta 2s      87% [=================================>     ] 7,527,854    717K/s  eta 2s      89% [=================================>     ] 7,695,822    717K/s  eta 2s      91% [==================================>    ] 7,913,022    716K/s  eta 1s      93% [===================================>   ] 8,096,918    716K/s  eta 1s      95% [====================================>  ] 8,256,198    760K/s  eta 1s      97% [=====================================> ] 8,438,646    728K/s  eta 1s      99% [=====================================> ] 8,602,270    727K/s  eta 1s      100%[======================================>] 8,617,253    729K/s   in 10s     

2017-02-03 18:59:20 (817 KB/s) - `apache-maven-3.3.9-bin.zip' saved [8617253/8617253]


travis_time:end:191a2178:start=1486148349911964794,finish=1486148360405542254,duration=10493577460[0Ktravis_fold:end:before_install.1[0Ktravis_fold:start:before_install.2[0Ktravis_time:start:0de27c84[0K$ unzip -qq apache-maven-3.3.9-bin.zip

travis_time:end:0de27c84:start=1486148360410786576,finish=1486148360506697634,duration=95911058[0Ktravis_fold:end:before_install.2[0Ktravis_fold:start:before_install.3[0Ktravis_time:start:04d16673[0K$ export M2_HOME=$PWD/apache-maven-3.3.9

travis_time:end:04d16673:start=1486148360512153935,finish=1486148360516403353,duration=4249418[0Ktravis_fold:end:before_install.3[0Ktravis_fold:start:before_install.4[0Ktravis_time:start:2824514c[0K$ export PATH=$M2_HOME/bin:$PATH

travis_time:end:2824514c:start=1486148360521298573,finish=1486148360525261505,duration=3962932[0Ktravis_fold:end:before_install.4[0Ktravis_fold:start:install[0Ktravis_time:start:0714b100[0K$ mvn install -DskipTests=true -Dmaven.javadoc.skip=true -B -V
Java HotSpot(TM) 64-Bit Server VM warning: ignoring option MaxPermSize=192m; support was removed in 8.0
Apache Maven 3.3.9 (bb52d8502b132ec0a5a3f4c09453c07478323dc5; 2015-11-10T16:41:47+00:00)
Maven home: /home/travis/build/HubSpot/Baragon/apache-maven-3.3.9
Java version: 1.8.0_31, vendor: Oracle Corporation
Java home: /usr/lib/jvm/java-8-oracle/jre
Default locale: en_US, platform encoding: UTF-8
OS name: "linux", version: "4.8.12-040812-generic", arch: "amd64", family: "unix"
[INFO] Scanning for projects...
[INFO] ------------------------------------------------------------------------
[INFO] Reactor Build Order:
[INFO] 
[INFO] Baragon
[INFO] BaragonCore
[INFO] BaragonData
[INFO] BaragonService
[INFO] BaragonAgentService
[INFO] BaragonClient
[INFO] BaragonWatcher
[INFO] BaragonServiceIntegrationTests
[INFO]                                                                         
[INFO] ------------------------------------------------------------------------
[INFO] Building Baragon 0.5.0-SNAPSHOT
[INFO] ------------------------------------------------------------------------
[INFO] 
[INFO] --- property-helper-maven-plugin:2.0:get (get-build-id) @ Baragon ---
[INFO] 
[INFO] --- maven-enforcer-plugin:1.4.1:enforce (default) @ Baragon ---
[INFO] 
[INFO] --- maven-dependency-versions-check-plugin:2.0.2:check (default) @ Baragon ---
[INFO] Checking dependency versions
[INFO] 
[INFO] --- maven-checkstyle-plugin:2.17:check (default) @ Baragon ---
[INFO] Starting audit...
Audit done.
[INFO] 
[INFO] --- dependency-management-plugin:0.4:analyze (analyze) @ Baragon ---
[INFO] No dependency management issues found
[INFO] 
[INFO] --- git-commit-id-plugin:2.2.0:revision (default) @ Baragon ---
[INFO] 
[INFO] --- jacoco-maven-plugin:0.7.5.201505241946:prepare-agent (default) @ Baragon ---
[INFO] argLine set to -javaagent:/home/travis/.m2/repository/org/jacoco/org.jacoco.agent/0.7.5.201505241946/org.jacoco.agent-0.7.5.201505241946-runtime.jar=destfile=/home/travis/build/HubSpot/Baragon/target/jacoco.exec
[INFO] 
[INFO] --- maven-jar-plugin:2.6:test-jar (attach-tests) @ Baragon ---
[INFO] Skipping packaging of the test-jar
[INFO] 
[INFO] --- maven-source-plugin:2.4:jar-no-fork (attach-sources) @ Baragon ---
[INFO] 
[INFO] --- maven-source-plugin:2.4:test-jar-no-fork (attach-sources) @ Baragon ---
[INFO] 
[INFO] --- maven-dependency-plugin:2.10:analyze-only (default) @ Baragon ---
[INFO] Skipping pom project
[INFO] 
[INFO] --- maven-dependency-plugin:2.10:analyze-duplicate (default) @ Baragon ---
[INFO] No duplicate dependencies found in <dependencies/> or in <dependencyManagement/>
[INFO] 
[INFO] --- maven-dependency-plugin:2.10:analyze-dep-mgt (default) @ Baragon ---
[INFO] Found Resolved Dependency / DependencyManagement mismatches:
[INFO] 	Ignoring Direct Dependencies.
[INFO]    None
[INFO] 
[INFO] --- duplicate-finder-maven-plugin:1.2.1:check (default) @ Baragon ---
[INFO] Ignoring POM project!
[INFO] 
[INFO] >>> findbugs-maven-plugin:3.0.3:check (default) > :findbugs @ Baragon >>>
[INFO] 
[INFO] --- findbugs-maven-plugin:3.0.3:findbugs (findbugs) @ Baragon ---
[INFO] 
[INFO] <<< findbugs-maven-plugin:3.0.3:check (default) < :findbugs @ Baragon <<<
[INFO] 
[INFO] --- findbugs-maven-plugin:3.0.3:check (default) @ Baragon ---
[INFO] 
[INFO] >>> maven-pmd-plugin:3.6:check (default) > :pmd @ Baragon >>>
[INFO] 
[INFO] --- maven-pmd-plugin:3.6:pmd (pmd) @ Baragon ---
[INFO] 
[INFO] <<< maven-pmd-plugin:3.6:check (default) < :pmd @ Baragon <<<
[INFO] 
[INFO] --- maven-pmd-plugin:3.6:check (default) @ Baragon ---
[INFO] 
[INFO] --- license-maven-plugin:2.11:check (default) @ Baragon ---
[INFO] 
[INFO] --- maven-install-plugin:2.5.2:install (default-install) @ Baragon ---
[INFO] Installing /home/travis/build/HubSpot/Baragon/pom.xml to /home/travis/.m2/repository/com/hubspot/Baragon/0.5.0-SNAPSHOT/Baragon-0.5.0-SNAPSHOT.pom
[INFO]                                                                         
[INFO] ------------------------------------------------------------------------
[INFO] Building BaragonCore 0.5.0-SNAPSHOT
[INFO] ------------------------------------------------------------------------
[INFO] 
[INFO] --- property-helper-maven-plugin:2.0:get (get-build-id) @ BaragonCore ---
[INFO] 
[INFO] --- maven-enforcer-plugin:1.4.1:enforce (default) @ BaragonCore ---
[INFO] 
[INFO] --- maven-dependency-versions-check-plugin:2.0.2:check (default) @ BaragonCore ---
[INFO] Checking dependency versions
[INFO] 
[INFO] --- maven-checkstyle-plugin:2.17:check (default) @ BaragonCore ---
[INFO] Starting audit...
Audit done.
[INFO] 
[INFO] --- dependency-management-plugin:0.4:analyze (analyze) @ BaragonCore ---
[INFO] No dependency management issues found
[INFO] 
[INFO] --- git-commit-id-plugin:2.2.0:revision (default) @ BaragonCore ---
[INFO] 
[INFO] --- jacoco-maven-plugin:0.7.5.201505241946:prepare-agent (default) @ BaragonCore ---
[INFO] argLine set to -javaagent:/home/travis/.m2/repository/org/jacoco/org.jacoco.agent/0.7.5.201505241946/org.jacoco.agent-0.7.5.201505241946-runtime.jar=destfile=/home/travis/build/HubSpot/Baragon/BaragonCore/target/jacoco.exec
[INFO] 
[INFO] --- maven-resources-plugin:2.7:resources (default-resources) @ BaragonCore ---
[INFO] Using 'UTF-8' encoding to copy filtered resources.
[INFO] skip non existing resourceDirectory /home/travis/build/HubSpot/Baragon/BaragonCore/src/main/resources
[INFO] 
[INFO] --- maven-compiler-plugin:3.3:compile (default-compile) @ BaragonCore ---
[INFO] Changes detected - recompiling the module!
[INFO] Compiling 43 source files to /home/travis/build/HubSpot/Baragon/BaragonCore/target/classes
[INFO] /home/travis/build/HubSpot/Baragon/BaragonCore/src/main/java/com/hubspot/baragon/models/BaragonRequest.java: Some input files use or override a deprecated API.
[INFO] /home/travis/build/HubSpot/Baragon/BaragonCore/src/main/java/com/hubspot/baragon/models/BaragonRequest.java: Recompile with -Xlint:deprecation for details.
[INFO] 
[INFO] --- maven-resources-plugin:2.7:testResources (default-testResources) @ BaragonCore ---
[INFO] Using 'UTF-8' encoding to copy filtered resources.
[INFO] skip non existing resourceDirectory /home/travis/build/HubSpot/Baragon/BaragonCore/src/test/resources
[INFO] 
[INFO] --- maven-compiler-plugin:3.3:testCompile (default-testCompile) @ BaragonCore ---
[INFO] No sources to compile
[INFO] 
[INFO] --- maven-surefire-plugin:2.19:test (default-test) @ BaragonCore ---
[INFO] Tests are skipped.
[INFO] 
[INFO] --- maven-jar-plugin:2.6:jar (default-jar) @ BaragonCore ---
[INFO] Building jar: /home/travis/build/HubSpot/Baragon/BaragonCore/target/BaragonCore-0.5.0-SNAPSHOT.jar
[INFO] 
[INFO] --- maven-jar-plugin:2.6:test-jar (attach-tests) @ BaragonCore ---
[INFO] Skipping packaging of the test-jar
[INFO] 
[INFO] --- maven-source-plugin:2.4:jar-no-fork (attach-sources) @ BaragonCore ---
[INFO] Building jar: /home/travis/build/HubSpot/Baragon/BaragonCore/target/BaragonCore-0.5.0-SNAPSHOT-sources.jar
[INFO] 
[INFO] --- maven-source-plugin:2.4:test-jar-no-fork (attach-sources) @ BaragonCore ---
[INFO] No sources in project. Archive not created.
[INFO] 
[INFO] --- maven-dependency-plugin:2.10:analyze-only (default) @ BaragonCore ---
[INFO] No dependency problems found
[INFO] 
[INFO] --- maven-dependency-plugin:2.10:analyze-duplicate (default) @ BaragonCore ---
[INFO] No duplicate dependencies found in <dependencies/> or in <dependencyManagement/>
[INFO] 
[INFO] --- maven-dependency-plugin:2.10:analyze-dep-mgt (default) @ BaragonCore ---
[INFO] Found Resolved Dependency / DependencyManagement mismatches:
[INFO] 	Ignoring Direct Dependencies.
[INFO] com.fasterxml.jackson.core:jackson-databind:jar was excluded in DepMgt, but version 2.7.6 has been found in the dependency tree.
[INFO] com.fasterxml.jackson.core:jackson-core:jar was excluded in DepMgt, but version 2.7.6 has been found in the dependency tree.
[WARNING] Potential problems found in Dependency Management 
[INFO] 
[INFO] --- duplicate-finder-maven-plugin:1.2.1:check (default) @ BaragonCore ---
[INFO] Checking compile classpath
[INFO] Checking runtime classpath
[INFO] Checking test classpath
[INFO] 
[INFO] >>> findbugs-maven-plugin:3.0.3:check (default) > :findbugs @ BaragonCore >>>
[INFO] 
[INFO] --- findbugs-maven-plugin:3.0.3:findbugs (findbugs) @ BaragonCore ---
[INFO] Fork Value is true
     [java] Feb 03, 2017 6:59:35 PM java.util.prefs.FileSystemPreferences$1 run
     [java] INFO: Created user preferences directory.
[INFO] Done FindBugs Analysis....
[INFO] 
[INFO] <<< findbugs-maven-plugin:3.0.3:check (default) < :findbugs @ BaragonCore <<<
[INFO] 
[INFO] --- findbugs-maven-plugin:3.0.3:check (default) @ BaragonCore ---
[INFO] BugInstance size is 0
[INFO] Error size is 0
[INFO] No errors/warnings found
[INFO] 
[INFO] >>> maven-pmd-plugin:3.6:check (default) > :pmd @ BaragonCore >>>
[INFO] 
[INFO] --- maven-pmd-plugin:3.6:pmd (pmd) @ BaragonCore ---
[WARNING] Unable to locate Source XRef to link to - DISABLED
[WARNING] Unable to locate Source XRef to link to - DISABLED
[INFO] 
[INFO] <<< maven-pmd-plugin:3.6:check (default) < :pmd @ BaragonCore <<<
[INFO] 
[INFO] --- maven-pmd-plugin:3.6:check (default) @ BaragonCore ---
[INFO] 
[INFO] 
[INFO] --- license-maven-plugin:2.11:check (default) @ BaragonCore ---
[INFO] 
[INFO] --- maven-install-plugin:2.5.2:install (default-install) @ BaragonCore ---
[INFO] Installing /home/travis/build/HubSpot/Baragon/BaragonCore/target/BaragonCore-0.5.0-SNAPSHOT.jar to /home/travis/.m2/repository/com/hubspot/BaragonCore/0.5.0-SNAPSHOT/BaragonCore-0.5.0-SNAPSHOT.jar
[INFO] Installing /home/travis/build/HubSpot/Baragon/BaragonCore/pom.xml to /home/travis/.m2/repository/com/hubspot/BaragonCore/0.5.0-SNAPSHOT/BaragonCore-0.5.0-SNAPSHOT.pom
[INFO] Installing /home/travis/build/HubSpot/Baragon/BaragonCore/target/BaragonCore-0.5.0-SNAPSHOT-sources.jar to /home/travis/.m2/repository/com/hubspot/BaragonCore/0.5.0-SNAPSHOT/BaragonCore-0.5.0-SNAPSHOT-sources.jar
[INFO]                                                                         
[INFO] ------------------------------------------------------------------------
[INFO] Building BaragonData 0.5.0-SNAPSHOT
[INFO] ------------------------------------------------------------------------
[INFO] 
[INFO] --- property-helper-maven-plugin:2.0:get (get-build-id) @ BaragonData ---
[INFO] 
[INFO] --- maven-enforcer-plugin:1.4.1:enforce (default) @ BaragonData ---
[INFO] 
[INFO] --- maven-dependency-versions-check-plugin:2.0.2:check (default) @ BaragonData ---
[INFO] Checking dependency versions
[INFO] 
[INFO] --- maven-checkstyle-plugin:2.17:check (default) @ BaragonData ---
[INFO] Starting audit...
Audit done.
[INFO] 
[INFO] --- dependency-management-plugin:0.4:analyze (analyze) @ BaragonData ---
[INFO] No dependency management issues found
[INFO] 
[INFO] --- git-commit-id-plugin:2.2.0:revision (default) @ BaragonData ---
[INFO] 
[INFO] --- jacoco-maven-plugin:0.7.5.201505241946:prepare-agent (default) @ BaragonData ---
[INFO] argLine set to -javaagent:/home/travis/.m2/repository/org/jacoco/org.jacoco.agent/0.7.5.201505241946/org.jacoco.agent-0.7.5.201505241946-runtime.jar=destfile=/home/travis/build/HubSpot/Baragon/BaragonData/target/jacoco.exec
[INFO] 
[INFO] --- maven-resources-plugin:2.7:resources (default-resources) @ BaragonData ---
[INFO] Using 'UTF-8' encoding to copy filtered resources.
[INFO] skip non existing resourceDirectory /home/travis/build/HubSpot/Baragon/BaragonData/src/main/resources
[INFO] 
[INFO] --- maven-compiler-plugin:3.3:compile (default-compile) @ BaragonData ---
[INFO] Changes detected - recompiling the module!
[INFO] Compiling 28 source files to /home/travis/build/HubSpot/Baragon/BaragonData/target/classes
[INFO] /home/travis/build/HubSpot/Baragon/BaragonData/src/main/java/com/hubspot/baragon/data/BaragonStateDatastore.java: /home/travis/build/HubSpot/Baragon/BaragonData/src/main/java/com/hubspot/baragon/data/BaragonStateDatastore.java uses or overrides a deprecated API.
[INFO] /home/travis/build/HubSpot/Baragon/BaragonData/src/main/java/com/hubspot/baragon/data/BaragonStateDatastore.java: Recompile with -Xlint:deprecation for details.
[INFO] 
[INFO] --- maven-resources-plugin:2.7:testResources (default-testResources) @ BaragonData ---
[INFO] Using 'UTF-8' encoding to copy filtered resources.
[INFO] skip non existing resourceDirectory /home/travis/build/HubSpot/Baragon/BaragonData/src/test/resources
[INFO] 
[INFO] --- maven-compiler-plugin:3.3:testCompile (default-testCompile) @ BaragonData ---
[INFO] Changes detected - recompiling the module!
[INFO] Compiling 1 source file to /home/travis/build/HubSpot/Baragon/BaragonData/target/test-classes
[INFO] 
[INFO] --- maven-surefire-plugin:2.19:test (default-test) @ BaragonData ---
[INFO] Tests are skipped.
[INFO] 
[INFO] --- maven-jar-plugin:2.6:jar (default-jar) @ BaragonData ---
[INFO] Building jar: /home/travis/build/HubSpot/Baragon/BaragonData/target/BaragonData-0.5.0-SNAPSHOT.jar
[INFO] 
[INFO] --- maven-jar-plugin:2.6:test-jar (attach-tests) @ BaragonData ---
[INFO] Building jar: /home/travis/build/HubSpot/Baragon/BaragonData/target/BaragonData-0.5.0-SNAPSHOT-tests.jar
[INFO] 
[INFO] --- maven-source-plugin:2.4:jar-no-fork (attach-sources) @ BaragonData ---
[INFO] Building jar: /home/travis/build/HubSpot/Baragon/BaragonData/target/BaragonData-0.5.0-SNAPSHOT-sources.jar
[INFO] 
[INFO] --- maven-source-plugin:2.4:test-jar-no-fork (attach-sources) @ BaragonData ---
[INFO] Building jar: /home/travis/build/HubSpot/Baragon/BaragonData/target/BaragonData-0.5.0-SNAPSHOT-test-sources.jar
[INFO] 
[INFO] --- maven-dependency-plugin:2.10:analyze-only (default) @ BaragonData ---
[INFO] No dependency problems found
[INFO] 
[INFO] --- maven-dependency-plugin:2.10:analyze-duplicate (default) @ BaragonData ---
[INFO] No duplicate dependencies found in <dependencies/> or in <dependencyManagement/>
[INFO] 
[INFO] --- maven-dependency-plugin:2.10:analyze-dep-mgt (default) @ BaragonData ---
[INFO] Found Resolved Dependency / DependencyManagement mismatches:
[INFO] 	Ignoring Direct Dependencies.
[INFO] joda-time:joda-time:jar was excluded in DepMgt, but version 2.9.4 has been found in the dependency tree.
[WARNING] Potential problems found in Dependency Management 
[INFO] 
[INFO] --- duplicate-finder-maven-plugin:1.2.1:check (default) @ BaragonData ---
[INFO] Checking compile classpath
[INFO] Checking runtime classpath
[INFO] Checking test classpath
[INFO] 
[INFO] >>> findbugs-maven-plugin:3.0.3:check (default) > :findbugs @ BaragonData >>>
[INFO] 
[INFO] --- findbugs-maven-plugin:3.0.3:findbugs (findbugs) @ BaragonData ---
[INFO] Fork Value is true
[INFO] Done FindBugs Analysis....
[INFO] 
[INFO] <<< findbugs-maven-plugin:3.0.3:check (default) < :findbugs @ BaragonData <<<
[INFO] 
[INFO] --- findbugs-maven-plugin:3.0.3:check (default) @ BaragonData ---
[INFO] BugInstance size is 0
[INFO] Error size is 0
[INFO] No errors/warnings found
[INFO] 
[INFO] >>> maven-pmd-plugin:3.6:check (default) > :pmd @ BaragonData >>>
[INFO] 
[INFO] --- maven-pmd-plugin:3.6:pmd (pmd) @ BaragonData ---
[WARNING] Unable to locate Source XRef to link to - DISABLED
[WARNING] Unable to locate Source XRef to link to - DISABLED
[INFO] 
[INFO] <<< maven-pmd-plugin:3.6:check (default) < :pmd @ BaragonData <<<
[INFO] 
[INFO] --- maven-pmd-plugin:3.6:check (default) @ BaragonData ---
[INFO] 
[INFO] 
[INFO] --- license-maven-plugin:2.11:check (default) @ BaragonData ---
[INFO] 
[INFO] --- maven-install-plugin:2.5.2:install (default-install) @ BaragonData ---
[INFO] Installing /home/travis/build/HubSpot/Baragon/BaragonData/target/BaragonData-0.5.0-SNAPSHOT.jar to /home/travis/.m2/repository/com/hubspot/BaragonData/0.5.0-SNAPSHOT/BaragonData-0.5.0-SNAPSHOT.jar
[INFO] Installing /home/travis/build/HubSpot/Baragon/BaragonData/pom.xml to /home/travis/.m2/repository/com/hubspot/BaragonData/0.5.0-SNAPSHOT/BaragonData-0.5.0-SNAPSHOT.pom
[INFO] Installing /home/travis/build/HubSpot/Baragon/BaragonData/target/BaragonData-0.5.0-SNAPSHOT-tests.jar to /home/travis/.m2/repository/com/hubspot/BaragonData/0.5.0-SNAPSHOT/BaragonData-0.5.0-SNAPSHOT-tests.jar
[INFO] Installing /home/travis/build/HubSpot/Baragon/BaragonData/target/BaragonData-0.5.0-SNAPSHOT-sources.jar to /home/travis/.m2/repository/com/hubspot/BaragonData/0.5.0-SNAPSHOT/BaragonData-0.5.0-SNAPSHOT-sources.jar
[INFO] Installing /home/travis/build/HubSpot/Baragon/BaragonData/target/BaragonData-0.5.0-SNAPSHOT-test-sources.jar to /home/travis/.m2/repository/com/hubspot/BaragonData/0.5.0-SNAPSHOT/BaragonData-0.5.0-SNAPSHOT-test-sources.jar
[INFO]                                                                         
[INFO] ------------------------------------------------------------------------
[INFO] Building BaragonService 0.5.0-SNAPSHOT
[INFO] ------------------------------------------------------------------------
[INFO] 
[INFO] --- property-helper-maven-plugin:2.0:get (get-build-id) @ BaragonService ---
[INFO] 
[INFO] --- maven-enforcer-plugin:1.4.1:enforce (default) @ BaragonService ---
[INFO] 
[INFO] --- maven-dependency-versions-check-plugin:2.0.2:check (default) @ BaragonService ---
[INFO] Checking dependency versions
[INFO] 
[INFO] --- maven-checkstyle-plugin:2.17:check (default) @ BaragonService ---
[INFO] Starting audit...
Audit done.
[INFO] 
[INFO] --- dependency-management-plugin:0.4:analyze (analyze) @ BaragonService ---
[INFO] No dependency management issues found
[INFO] 
[INFO] --- git-commit-id-plugin:2.2.0:revision (default) @ BaragonService ---
[INFO] 
[INFO] --- jacoco-maven-plugin:0.7.5.201505241946:prepare-agent (default) @ BaragonService ---
[INFO] argLine set to -javaagent:/home/travis/.m2/repository/org/jacoco/org.jacoco.agent/0.7.5.201505241946/org.jacoco.agent-0.7.5.201505241946-runtime.jar=destfile=/home/travis/build/HubSpot/Baragon/BaragonService/target/jacoco.exec
[INFO] 
[INFO] --- frontend-maven-plugin:0.0.23:install-node-and-npm (install node and npm) @ BaragonService ---
[INFO] Installing node version v4.1.2
[INFO] Creating temporary directory /home/travis/build/HubSpot/Baragon/BaragonUI/node_tmp
[INFO] Downloading Node.js from http://nodejs.org/dist/v4.1.2/node-v4.1.2-linux-x64.tar.gz to /home/travis/build/HubSpot/Baragon/BaragonUI/node_tmp/node.tar.gz
[INFO] No proxy was configured, downloading directly
[INFO] Extracting Node.js files in node_tmp
[INFO] Unpacking /home/travis/build/HubSpot/Baragon/BaragonUI/node_tmp/node.tar.gz into /home/travis/build/HubSpot/Baragon/BaragonUI/node_tmp
[INFO] Moving node binary to /home/travis/build/HubSpot/Baragon/BaragonUI/node/node
[INFO] Deleting temporary directory /home/travis/build/HubSpot/Baragon/BaragonUI/node_tmp
[INFO] Installed node locally.
[INFO] Installing npm version 2.14.16
[INFO] Downloading NPM from http://registry.npmjs.org/npm/-/npm-2.14.16.tgz to /home/travis/build/HubSpot/Baragon/BaragonUI/npm.tar.gz
[INFO] No proxy was configured, downloading directly
[INFO] Extracting NPM files in node/
[INFO] Unpacking /home/travis/build/HubSpot/Baragon/BaragonUI/npm.tar.gz into /home/travis/build/HubSpot/Baragon/BaragonUI/node
[INFO] Installed NPM locally.
[INFO] 
[INFO] --- frontend-maven-plugin:0.0.23:npm (npm install) @ BaragonService ---
[INFO] Running 'npm install --color=false' in /home/travis/build/HubSpot/Baragon/BaragonUI
[ERROR] npm WARN package.json BaragonUI@0.1.0 No README data
[ERROR] npm WARN package.json BaragonUI@0.1.0 No license field.
[INFO] 
[INFO] > BaragonUI@0.1.0 postinstall /home/travis/build/HubSpot/Baragon/BaragonUI
[INFO] > bower install --allow-root && brunch build --production
[INFO] 
[ERROR] bower                     invalid-meta The "name" is recommended to be lowercase, can contain digits, dots, dashes
[INFO] 03 Feb 19:00:18 - [32minfo[0m: compiling
[INFO] 03 Feb 19:00:24 - [32minfo[0m: compiling.
[INFO] 03 Feb 19:00:25 - [32minfo[0m: compiled 107 files into 2 files, copied 6 in 11.3 sec
[INFO] 
[INFO] --- build-helper-maven-plugin:1.10:add-resource (add-generated-resources) @ BaragonService ---
[INFO] 
[INFO] --- maven-resources-plugin:2.7:resources (default-resources) @ BaragonService ---
[INFO] Using 'UTF-8' encoding to copy filtered resources.
[INFO] Copying 1 resource
[INFO] Copying 9 resources
[INFO] 
[INFO] --- maven-compiler-plugin:3.3:compile (default-compile) @ BaragonService ---
[INFO] Changes detected - recompiling the module!
[INFO] Compiling 48 source files to /home/travis/build/HubSpot/Baragon/BaragonService/target/classes
[INFO] 
[INFO] --- maven-resources-plugin:2.7:testResources (default-testResources) @ BaragonService ---
[INFO] Using 'UTF-8' encoding to copy filtered resources.
[INFO] skip non existing resourceDirectory /home/travis/build/HubSpot/Baragon/BaragonService/src/test/resources
[INFO] 
[INFO] --- maven-compiler-plugin:3.3:testCompile (default-testCompile) @ BaragonService ---
[INFO] Changes detected - recompiling the module!
[INFO] Compiling 4 source files to /home/travis/build/HubSpot/Baragon/BaragonService/target/test-classes
[INFO] 
[INFO] --- maven-surefire-plugin:2.19:test (default-test) @ BaragonService ---
[INFO] Tests are skipped.
[INFO] 
[INFO] --- maven-jar-plugin:2.6:jar (default-jar) @ BaragonService ---
[INFO] Building jar: /home/travis/build/HubSpot/Baragon/BaragonService/target/BaragonService-0.5.0-SNAPSHOT.jar
[INFO] 
[INFO] --- maven-jar-plugin:2.6:test-jar (attach-tests) @ BaragonService ---
[INFO] Building jar: /home/travis/build/HubSpot/Baragon/BaragonService/target/BaragonService-0.5.0-SNAPSHOT-tests.jar
[INFO] 
[INFO] --- maven-source-plugin:2.4:jar-no-fork (attach-sources) @ BaragonService ---
[INFO] Building jar: /home/travis/build/HubSpot/Baragon/BaragonService/target/BaragonService-0.5.0-SNAPSHOT-sources.jar
[INFO] 
[INFO] --- maven-source-plugin:2.4:test-jar-no-fork (attach-sources) @ BaragonService ---
[INFO] Building jar: /home/travis/build/HubSpot/Baragon/BaragonService/target/BaragonService-0.5.0-SNAPSHOT-test-sources.jar
[INFO] 
[INFO] --- maven-shade-plugin:2.4.2:shade (default) @ BaragonService ---
[INFO] Including com.hubspot.dropwizard:dropwizard-guicier:jar:1.0.0.6 in the shaded jar.
[INFO] Including com.squarespace.jersey2-guice:jersey2-guice-impl:jar:1.0.6 in the shaded jar.
[INFO] Including org.glassfish.jersey.containers:jersey-container-servlet-core:jar:2.23.1 in the shaded jar.
[INFO] Including com.squarespace.jersey2-guice:0-jersey2-guice-spi:jar:1.0.6 in the shaded jar.
[INFO] Including com.google.inject.extensions:guice-servlet:jar:4.0 in the shaded jar.
[INFO] Including io.dropwizard:dropwizard-servlets:jar:1.0.0 in the shaded jar.
[INFO] Including org.glassfish.jersey.core:jersey-server:jar:2.23.1 in the shaded jar.
[INFO] Including org.glassfish.jersey.core:jersey-common:jar:2.23.1 in the shaded jar.
[INFO] Including org.glassfish.jersey.bundles.repackaged:jersey-guava:jar:2.23.1 in the shaded jar.
[INFO] Including org.glassfish.hk2:osgi-resource-locator:jar:1.0.1 in the shaded jar.
[INFO] Including org.glassfish.jersey.core:jersey-client:jar:2.23.1 in the shaded jar.
[INFO] Including org.glassfish.jersey.media:jersey-media-jaxb:jar:2.23.1 in the shaded jar.
[INFO] Including javax.annotation:javax.annotation-api:jar:1.2 in the shaded jar.
[INFO] Including org.glassfish.hk2:hk2-locator:jar:2.4.0-b34 in the shaded jar.
[INFO] Including org.glassfish.hk2:hk2-api:jar:2.4.0-b34 in the shaded jar.
[INFO] Including org.glassfish.hk2:hk2-utils:jar:2.4.0-b34 in the shaded jar.
[INFO] Including io.dropwizard:dropwizard-views:jar:1.0.0 in the shaded jar.
[INFO] Including io.dropwizard:dropwizard-views-mustache:jar:1.0.0 in the shaded jar.
[INFO] Including com.github.spullara.mustache.java:compiler:jar:0.9.2 in the shaded jar.
[INFO] Including io.dropwizard:dropwizard-assets:jar:1.0.0 in the shaded jar.
[INFO] Including com.palominolabs.metrics:metrics-guice:jar:3.1.3 in the shaded jar.
[INFO] Including com.google.code.findbugs:jsr305:jar:3.0.1 in the shaded jar.
[INFO] Including io.dropwizard.metrics:metrics-core:jar:3.1.2 in the shaded jar.
[INFO] Including io.dropwizard.metrics:metrics-graphite:jar:3.1.2 in the shaded jar.
[INFO] Including io.dropwizard.metrics:metrics-annotation:jar:3.1.2 in the shaded jar.
[INFO] Including io.dropwizard.metrics:metrics-healthchecks:jar:3.1.2 in the shaded jar.
[INFO] Including com.hubspot:BaragonCore:jar:0.5.0-SNAPSHOT in the shaded jar.
[INFO] Including com.hubspot:BaragonData:jar:0.5.0-SNAPSHOT in the shaded jar.
[INFO] Including org.slf4j:log4j-over-slf4j:jar:1.7.21 in the shaded jar.
[INFO] Including org.apache.commons:commons-lang3:jar:3.4 in the shaded jar.
[INFO] Including com.google.inject:guice:jar:4.0 in the shaded jar.
[INFO] Including aopalliance:aopalliance:jar:1.0 in the shaded jar.
[INFO] Including com.google.inject.extensions:guice-multibindings:jar:4.0 in the shaded jar.
[INFO] Including javax.validation:validation-api:jar:1.1.0.Final in the shaded jar.
[INFO] Including com.google.guava:guava:jar:19.0 in the shaded jar.
[INFO] Including com.fasterxml.jackson.core:jackson-databind:jar:2.7.6 in the shaded jar.
[INFO] Including org.slf4j:slf4j-api:jar:1.7.21 in the shaded jar.
[INFO] Including javax.inject:javax.inject:jar:1 in the shaded jar.
[INFO] Including io.dropwizard:dropwizard-lifecycle:jar:1.0.0 in the shaded jar.
[INFO] Including org.eclipse.jetty:jetty-server:jar:9.3.9.v20160517 in the shaded jar.
[INFO] Including io.dropwizard:dropwizard-util:jar:1.0.0 in the shaded jar.
[INFO] Including joda-time:joda-time:jar:2.9.4 in the shaded jar.
[INFO] Including org.hibernate:hibernate-validator:jar:5.2.4.Final in the shaded jar.
[INFO] Including org.jboss.logging:jboss-logging:jar:3.2.1.Final in the shaded jar.
[INFO] Including com.fasterxml:classmate:jar:1.1.0 in the shaded jar.
[INFO] Including io.dropwizard:dropwizard-jetty:jar:1.0.0 in the shaded jar.
[INFO] Including io.dropwizard:dropwizard-logging:jar:1.0.0 in the shaded jar.
[INFO] Including io.dropwizard.metrics:metrics-logback:jar:3.1.2 in the shaded jar.
[INFO] Including org.slf4j:jul-to-slf4j:jar:1.7.21 in the shaded jar.
[INFO] Including org.slf4j:jcl-over-slf4j:jar:1.7.21 in the shaded jar.
[INFO] Including io.dropwizard.metrics:metrics-jetty9:jar:3.1.2 in the shaded jar.
[INFO] Including org.eclipse.jetty:jetty-servlet:jar:9.3.9.v20160517 in the shaded jar.
[INFO] Including org.eclipse.jetty:jetty-security:jar:9.3.9.v20160517 in the shaded jar.
[INFO] Including org.eclipse.jetty:jetty-http:jar:9.3.9.v20160517 in the shaded jar.
[INFO] Including org.eclipse.jetty:jetty-servlets:jar:9.3.9.v20160517 in the shaded jar.
[INFO] Including org.eclipse.jetty:jetty-continuation:jar:9.3.9.v20160517 in the shaded jar.
[INFO] Including org.eclipse.jetty:jetty-util:jar:9.3.9.v20160517 in the shaded jar.
[INFO] Including org.eclipse.jetty:jetty-io:jar:9.3.9.v20160517 in the shaded jar.
[INFO] Including com.fasterxml.jackson.core:jackson-annotations:jar:2.7.6 in the shaded jar.
[INFO] Including com.fasterxml.jackson.core:jackson-core:jar:2.7.6 in the shaded jar.
[INFO] Including com.fasterxml.jackson.datatype:jackson-datatype-guava:jar:2.7.6 in the shaded jar.
[INFO] Including io.dropwizard:dropwizard-core:jar:1.0.0 in the shaded jar.
[INFO] Including io.dropwizard:dropwizard-jackson:jar:1.0.0 in the shaded jar.
[INFO] Including com.fasterxml.jackson.datatype:jackson-datatype-jsr310:jar:2.7.6 in the shaded jar.
[INFO] Including com.fasterxml.jackson.datatype:jackson-datatype-jdk8:jar:2.7.6 in the shaded jar.
[INFO] Including com.fasterxml.jackson.module:jackson-module-afterburner:jar:2.7.6 in the shaded jar.
[INFO] Including com.fasterxml.jackson.datatype:jackson-datatype-joda:jar:2.7.6 in the shaded jar.
[INFO] Including io.dropwizard:dropwizard-validation:jar:1.0.0 in the shaded jar.
[INFO] Including org.glassfish:javax.el:jar:3.0.0 in the shaded jar.
[INFO] Including io.dropwizard:dropwizard-configuration:jar:1.0.0 in the shaded jar.
[INFO] Including com.fasterxml.jackson.dataformat:jackson-dataformat-yaml:jar:2.7.6 in the shaded jar.
[INFO] Including io.dropwizard:dropwizard-metrics:jar:1.0.0 in the shaded jar.
[INFO] Including io.dropwizard.metrics:metrics-jvm:jar:3.1.2 in the shaded jar.
[INFO] Including io.dropwizard.metrics:metrics-servlets:jar:3.1.2 in the shaded jar.
[INFO] Including io.dropwizard.metrics:metrics-json:jar:3.1.2 in the shaded jar.
[INFO] Including io.dropwizard:dropwizard-request-logging:jar:1.0.0 in the shaded jar.
[INFO] Including ch.qos.logback:logback-access:jar:1.1.7 in the shaded jar.
[INFO] Including net.sourceforge.argparse4j:argparse4j:jar:0.7.0 in the shaded jar.
[INFO] Including org.eclipse.jetty.toolchain.setuid:jetty-setuid-java:jar:1.0.3 in the shaded jar.
[INFO] Including io.dropwizard:dropwizard-jersey:jar:1.0.0 in the shaded jar.
[INFO] Including org.glassfish.jersey.ext:jersey-metainf-services:jar:2.23.1 in the shaded jar.
[INFO] Including org.glassfish.jersey.ext:jersey-bean-validation:jar:2.23.1 in the shaded jar.
[INFO] Including io.dropwizard.metrics:metrics-jersey2:jar:3.1.2 in the shaded jar.
[INFO] Including com.fasterxml.jackson.jaxrs:jackson-jaxrs-json-provider:jar:2.7.6 in the shaded jar.
[INFO] Including com.fasterxml.jackson.jaxrs:jackson-jaxrs-base:jar:2.7.6 in the shaded jar.
[INFO] Including com.fasterxml.jackson.module:jackson-module-jaxb-annotations:jar:2.7.6 in the shaded jar.
[INFO] Including org.glassfish.jersey.containers:jersey-container-servlet:jar:2.23.1 in the shaded jar.
[INFO] Including org.eclipse.jetty:jetty-webapp:jar:9.3.9.v20160517 in the shaded jar.
[INFO] Including org.eclipse.jetty:jetty-xml:jar:9.3.9.v20160517 in the shaded jar.
[INFO] Including javax.servlet:javax.servlet-api:jar:3.1.0 in the shaded jar.
[INFO] Including javax.ws.rs:javax.ws.rs-api:jar:2.0.1 in the shaded jar.
[INFO] Including org.apache.curator:curator-framework:jar:2.8.0 in the shaded jar.
[INFO] Including org.apache.curator:curator-recipes:jar:2.8.0 in the shaded jar.
[INFO] Including org.apache.curator:curator-client:jar:2.8.0 in the shaded jar.
[INFO] Including com.amazonaws:aws-java-sdk-core:jar:1.11.69 in the shaded jar.
[INFO] Including org.apache.httpcomponents:httpclient:jar:4.5.2 in the shaded jar.
[INFO] Including org.apache.httpcomponents:httpcore:jar:4.4.4 in the shaded jar.
[INFO] Including commons-codec:commons-codec:jar:1.10 in the shaded jar.
[INFO] Including software.amazon.ion:ion-java:jar:1.0.1 in the shaded jar.
[INFO] Including com.fasterxml.jackson.dataformat:jackson-dataformat-cbor:jar:2.7.6 in the shaded jar.
[INFO] Including com.amazonaws:aws-java-sdk-elasticloadbalancing:jar:1.11.69 in the shaded jar.
[INFO] Including com.amazonaws:jmespath-java:jar:1.11.69 in the shaded jar.
[INFO] Including com.amazonaws:aws-java-sdk-elasticloadbalancingv2:jar:1.11.69 in the shaded jar.
[INFO] Including com.ning:async-http-client:jar:1.8.12 in the shaded jar.
[INFO] Including io.netty:netty:jar:3.9.2.Final in the shaded jar.
[INFO] Including com.google.code.findbugs:annotations:jar:3.0.1 in the shaded jar.
[INFO] Including org.apache.zookeeper:zookeeper:jar:3.4.6 in the shaded jar.
[INFO] Including net.kencochrane.raven:raven:jar:6.0.0 in the shaded jar.
[INFO] Including ch.qos.logback:logback-classic:jar:1.1.7 in the shaded jar.
[INFO] Including ch.qos.logback:logback-core:jar:1.1.7 in the shaded jar.
[INFO] Including org.javassist:javassist:jar:3.20.0-GA in the shaded jar.
[WARNING] jsr305-3.0.1.jar, annotations-3.0.1.jar define 35 overlapping classes: 
[WARNING]   - javax.annotation.RegEx
[WARNING]   - javax.annotation.concurrent.Immutable
[WARNING]   - javax.annotation.meta.TypeQualifierDefault
[WARNING]   - javax.annotation.meta.TypeQualifier
[WARNING]   - javax.annotation.Syntax
[WARNING]   - javax.annotation.Nonnull
[WARNING]   - javax.annotation.CheckReturnValue
[WARNING]   - javax.annotation.CheckForNull
[WARNING]   - javax.annotation.meta.TypeQualifierNickname
[WARNING]   - javax.annotation.MatchesPattern
[WARNING]   - 25 more...
[WARNING] maven-shade-plugin has detected that some class files are
[WARNING] present in two or more JARs. When this happens, only one
[WARNING] single version of the class is copied to the uber jar.
[WARNING] Usually this is not harmful and you can skip these warnings,
[WARNING] otherwise try to manually exclude artifacts based on
[WARNING] mvn dependency:tree -Ddetail=true and the above output.
[WARNING] See http://maven.apache.org/plugins/maven-shade-plugin/
[INFO] 
[INFO] --- maven-dependency-plugin:2.10:analyze-only (default) @ BaragonService ---
[INFO] No dependency problems found
[INFO] 
[INFO] --- maven-dependency-plugin:2.10:analyze-duplicate (default) @ BaragonService ---
[INFO] No duplicate dependencies found in <dependencies/> or in <dependencyManagement/>
[INFO] 
[INFO] --- maven-dependency-plugin:2.10:analyze-dep-mgt (default) @ BaragonService ---
[INFO] Found Resolved Dependency / DependencyManagement mismatches:
[INFO] 	Ignoring Direct Dependencies.
[INFO] com.google.code.findbugs:jsr305:jar was excluded in DepMgt, but version 3.0.1 has been found in the dependency tree.
[INFO] joda-time:joda-time:jar was excluded in DepMgt, but version 2.9.4 has been found in the dependency tree.
[INFO] io.netty:netty:jar was excluded in DepMgt, but version 3.9.2.Final has been found in the dependency tree.
[WARNING] Potential problems found in Dependency Management 
[INFO] 
[INFO] --- duplicate-finder-maven-plugin:1.2.1:check (default) @ BaragonService ---
[INFO] Checking compile classpath
[INFO] Checking runtime classpath
[INFO] Checking test classpath
[INFO] 
[INFO] >>> findbugs-maven-plugin:3.0.3:check (default) > :findbugs @ BaragonService >>>
[INFO] 
[INFO] --- findbugs-maven-plugin:3.0.3:findbugs (findbugs) @ BaragonService ---
[INFO] Fork Value is true
[INFO] Done FindBugs Analysis....
[INFO] 
[INFO] <<< findbugs-maven-plugin:3.0.3:check (default) < :findbugs @ BaragonService <<<
[INFO] 
[INFO] --- findbugs-maven-plugin:3.0.3:check (default) @ BaragonService ---
[INFO] BugInstance size is 0
[INFO] Error size is 0
[INFO] No errors/warnings found
[INFO] 
[INFO] >>> maven-pmd-plugin:3.6:check (default) > :pmd @ BaragonService >>>
[INFO] 
[INFO] --- maven-pmd-plugin:3.6:pmd (pmd) @ BaragonService ---
[WARNING] Unable to locate Source XRef to link to - DISABLED
[WARNING] Unable to locate Source XRef to link to - DISABLED
[INFO] 
[INFO] <<< maven-pmd-plugin:3.6:check (default) < :pmd @ BaragonService <<<
[INFO] 
[INFO] --- maven-pmd-plugin:3.6:check (default) @ BaragonService ---
[INFO] 
[INFO] 
[INFO] --- license-maven-plugin:2.11:check (default) @ BaragonService ---
[INFO] 
[INFO] --- maven-install-plugin:2.5.2:install (default-install) @ BaragonService ---
[INFO] Installing /home/travis/build/HubSpot/Baragon/BaragonService/target/BaragonService-0.5.0-SNAPSHOT.jar to /home/travis/.m2/repository/com/hubspot/BaragonService/0.5.0-SNAPSHOT/BaragonService-0.5.0-SNAPSHOT.jar
[INFO] Installing /home/travis/build/HubSpot/Baragon/BaragonService/pom.xml to /home/travis/.m2/repository/com/hubspot/BaragonService/0.5.0-SNAPSHOT/BaragonService-0.5.0-SNAPSHOT.pom
[INFO] Installing /home/travis/build/HubSpot/Baragon/BaragonService/target/BaragonService-0.5.0-SNAPSHOT-tests.jar to /home/travis/.m2/repository/com/hubspot/BaragonService/0.5.0-SNAPSHOT/BaragonService-0.5.0-SNAPSHOT-tests.jar
[INFO] Installing /home/travis/build/HubSpot/Baragon/BaragonService/target/BaragonService-0.5.0-SNAPSHOT-sources.jar to /home/travis/.m2/repository/com/hubspot/BaragonService/0.5.0-SNAPSHOT/BaragonService-0.5.0-SNAPSHOT-sources.jar
[INFO] Installing /home/travis/build/HubSpot/Baragon/BaragonService/target/BaragonService-0.5.0-SNAPSHOT-test-sources.jar to /home/travis/.m2/repository/com/hubspot/BaragonService/0.5.0-SNAPSHOT/BaragonService-0.5.0-SNAPSHOT-test-sources.jar
[INFO]                                                                         
[INFO] ------------------------------------------------------------------------
[INFO] Building BaragonAgentService 0.5.0-SNAPSHOT
[INFO] ------------------------------------------------------------------------
[INFO] 
[INFO] --- property-helper-maven-plugin:2.0:get (get-build-id) @ BaragonAgentService ---
[INFO] 
[INFO] --- maven-enforcer-plugin:1.4.1:enforce (default) @ BaragonAgentService ---
[INFO] 
[INFO] --- maven-dependency-versions-check-plugin:2.0.2:check (default) @ BaragonAgentService ---
[INFO] Checking dependency versions
[INFO] artifact com.google.guava:guava: checking for updates from sonatype
[INFO] artifact com.google.guava:guava: checking for updates from sonatype-apache
[INFO] 
[INFO] --- maven-checkstyle-plugin:2.17:check (default) @ BaragonAgentService ---
[INFO] Starting audit...
Audit done.
[INFO] 
[INFO] --- dependency-management-plugin:0.4:analyze (analyze) @ BaragonAgentService ---
[INFO] No dependency management issues found
[INFO] 
[INFO] --- git-commit-id-plugin:2.2.0:revision (default) @ BaragonAgentService ---
[INFO] 
[INFO] --- jacoco-maven-plugin:0.7.5.201505241946:prepare-agent (default) @ BaragonAgentService ---
[INFO] argLine set to -javaagent:/home/travis/.m2/repository/org/jacoco/org.jacoco.agent/0.7.5.201505241946/org.jacoco.agent-0.7.5.201505241946-runtime.jar=destfile=/home/travis/build/HubSpot/Baragon/BaragonAgentService/target/jacoco.exec
[INFO] 
[INFO] --- maven-resources-plugin:2.7:resources (default-resources) @ BaragonAgentService ---
[INFO] Using 'UTF-8' encoding to copy filtered resources.
[INFO] skip non existing resourceDirectory /home/travis/build/HubSpot/Baragon/BaragonAgentService/src/main/resources
[INFO] 
[INFO] --- maven-compiler-plugin:3.3:compile (default-compile) @ BaragonAgentService ---
[INFO] Changes detected - recompiling the module!
[INFO] Compiling 34 source files to /home/travis/build/HubSpot/Baragon/BaragonAgentService/target/classes
[WARNING] Supported source version 'RELEASE_6' from annotation processor 'org.antlr.v4.runtime.misc.NullUsageProcessor' less than -source '1.8'
[INFO] /home/travis/build/HubSpot/Baragon/BaragonAgentService/src/main/java/com/hubspot/baragon/agent/BaragonAgentServiceModule.java: Some input files use or override a deprecated API.
[INFO] /home/travis/build/HubSpot/Baragon/BaragonAgentService/src/main/java/com/hubspot/baragon/agent/BaragonAgentServiceModule.java: Recompile with -Xlint:deprecation for details.
[INFO] /home/travis/build/HubSpot/Baragon/BaragonAgentService/src/main/java/com/hubspot/baragon/agent/handlebars/FirstOfHelper.java: /home/travis/build/HubSpot/Baragon/BaragonAgentService/src/main/java/com/hubspot/baragon/agent/handlebars/FirstOfHelper.java uses unchecked or unsafe operations.
[INFO] /home/travis/build/HubSpot/Baragon/BaragonAgentService/src/main/java/com/hubspot/baragon/agent/handlebars/FirstOfHelper.java: Recompile with -Xlint:unchecked for details.
[INFO] 
[INFO] --- maven-resources-plugin:2.7:testResources (default-testResources) @ BaragonAgentService ---
[INFO] Using 'UTF-8' encoding to copy filtered resources.
[INFO] skip non existing resourceDirectory /home/travis/build/HubSpot/Baragon/BaragonAgentService/src/test/resources
[INFO] 
[INFO] --- maven-compiler-plugin:3.3:testCompile (default-testCompile) @ BaragonAgentService ---
[INFO] No sources to compile
[INFO] 
[INFO] --- maven-surefire-plugin:2.19:test (default-test) @ BaragonAgentService ---
[INFO] Tests are skipped.
[INFO] 
[INFO] --- maven-jar-plugin:2.6:jar (default-jar) @ BaragonAgentService ---
[INFO] Building jar: /home/travis/build/HubSpot/Baragon/BaragonAgentService/target/BaragonAgentService-0.5.0-SNAPSHOT.jar
[INFO] 
[INFO] --- maven-jar-plugin:2.6:test-jar (attach-tests) @ BaragonAgentService ---
[INFO] Skipping packaging of the test-jar
[INFO] 
[INFO] --- maven-source-plugin:2.4:jar-no-fork (attach-sources) @ BaragonAgentService ---
[INFO] Building jar: /home/travis/build/HubSpot/Baragon/BaragonAgentService/target/BaragonAgentService-0.5.0-SNAPSHOT-sources.jar
[INFO] 
[INFO] --- maven-source-plugin:2.4:test-jar-no-fork (attach-sources) @ BaragonAgentService ---
[INFO] No sources in project. Archive not created.
[INFO] 
[INFO] --- maven-shade-plugin:2.4.2:shade (default) @ BaragonAgentService ---
[INFO] Including com.hubspot.dropwizard:dropwizard-guicier:jar:1.0.0.6 in the shaded jar.
[INFO] Including com.squarespace.jersey2-guice:jersey2-guice-impl:jar:1.0.6 in the shaded jar.
[INFO] Including org.glassfish.jersey.containers:jersey-container-servlet-core:jar:2.23.1 in the shaded jar.
[INFO] Including com.squarespace.jersey2-guice:0-jersey2-guice-spi:jar:1.0.6 in the shaded jar.
[INFO] Including com.google.inject.extensions:guice-servlet:jar:4.0 in the shaded jar.
[INFO] Including com.google.code.findbugs:annotations:jar:3.0.1 in the shaded jar.
[INFO] Including io.dropwizard:dropwizard-servlets:jar:1.0.0 in the shaded jar.
[INFO] Including io.dropwizard:dropwizard-jersey:jar:1.0.0 in the shaded jar.
[INFO] Including org.glassfish.jersey.ext:jersey-metainf-services:jar:2.23.1 in the shaded jar.
[INFO] Including org.glassfish.jersey.ext:jersey-bean-validation:jar:2.23.1 in the shaded jar.
[INFO] Including io.dropwizard.metrics:metrics-jersey2:jar:3.1.2 in the shaded jar.
[INFO] Including com.fasterxml.jackson.jaxrs:jackson-jaxrs-json-provider:jar:2.7.6 in the shaded jar.
[INFO] Including com.fasterxml.jackson.jaxrs:jackson-jaxrs-base:jar:2.7.6 in the shaded jar.
[INFO] Including com.fasterxml.jackson.module:jackson-module-jaxb-annotations:jar:2.7.6 in the shaded jar.
[INFO] Including org.glassfish.jersey.containers:jersey-container-servlet:jar:2.23.1 in the shaded jar.
[INFO] Including org.eclipse.jetty:jetty-webapp:jar:9.3.9.v20160517 in the shaded jar.
[INFO] Including org.eclipse.jetty:jetty-xml:jar:9.3.9.v20160517 in the shaded jar.
[INFO] Including org.glassfish.jersey.core:jersey-server:jar:2.23.1 in the shaded jar.
[INFO] Including org.glassfish.jersey.core:jersey-common:jar:2.23.1 in the shaded jar.
[INFO] Including org.glassfish.jersey.bundles.repackaged:jersey-guava:jar:2.23.1 in the shaded jar.
[INFO] Including org.glassfish.hk2:osgi-resource-locator:jar:1.0.1 in the shaded jar.
[INFO] Including org.glassfish.jersey.core:jersey-client:jar:2.23.1 in the shaded jar.
[INFO] Including org.glassfish.jersey.media:jersey-media-jaxb:jar:2.23.1 in the shaded jar.
[INFO] Including javax.annotation:javax.annotation-api:jar:1.2 in the shaded jar.
[INFO] Including org.glassfish.hk2:hk2-locator:jar:2.4.0-b34 in the shaded jar.
[INFO] Including org.javassist:javassist:jar:3.20.0-GA in the shaded jar.
[INFO] Including org.glassfish.hk2:hk2-api:jar:2.4.0-b34 in the shaded jar.
[INFO] Including org.glassfish.hk2:hk2-utils:jar:2.4.0-b34 in the shaded jar.
[INFO] Including com.hubspot:BaragonCore:jar:0.5.0-SNAPSHOT in the shaded jar.
[INFO] Including com.amazonaws:aws-java-sdk-core:jar:1.11.69 in the shaded jar.
[INFO] Including software.amazon.ion:ion-java:jar:1.0.1 in the shaded jar.
[INFO] Including com.fasterxml.jackson.dataformat:jackson-dataformat-cbor:jar:2.7.6 in the shaded jar.
[INFO] Including com.hubspot:BaragonData:jar:0.5.0-SNAPSHOT in the shaded jar.
[INFO] Including org.apache.zookeeper:zookeeper:jar:3.4.6 in the shaded jar.
[INFO] Including com.fasterxml.jackson.datatype:jackson-datatype-guava:jar:2.7.6 in the shaded jar.
[INFO] Including org.slf4j:log4j-over-slf4j:jar:1.7.21 in the shaded jar.
[INFO] Including com.google.inject.extensions:guice-multibindings:jar:4.0 in the shaded jar.
[INFO] Including com.google.inject:guice:jar:4.0 in the shaded jar.
[INFO] Including javax.inject:javax.inject:jar:1 in the shaded jar.
[INFO] Including aopalliance:aopalliance:jar:1.0 in the shaded jar.
[INFO] Including io.dropwizard:dropwizard-lifecycle:jar:1.0.0 in the shaded jar.
[INFO] Including io.dropwizard:dropwizard-util:jar:1.0.0 in the shaded jar.
[INFO] Including joda-time:joda-time:jar:2.9.4 in the shaded jar.
[INFO] Including org.hibernate:hibernate-validator:jar:5.2.4.Final in the shaded jar.
[INFO] Including org.jboss.logging:jboss-logging:jar:3.2.1.Final in the shaded jar.
[INFO] Including com.fasterxml:classmate:jar:1.1.0 in the shaded jar.
[INFO] Including io.dropwizard:dropwizard-jetty:jar:1.0.0 in the shaded jar.
[INFO] Including io.dropwizard:dropwizard-logging:jar:1.0.0 in the shaded jar.
[INFO] Including io.dropwizard.metrics:metrics-logback:jar:3.1.2 in the shaded jar.
[INFO] Including org.slf4j:jul-to-slf4j:jar:1.7.21 in the shaded jar.
[INFO] Including io.dropwizard.metrics:metrics-jetty9:jar:3.1.2 in the shaded jar.
[INFO] Including org.eclipse.jetty:jetty-servlet:jar:9.3.9.v20160517 in the shaded jar.
[INFO] Including org.eclipse.jetty:jetty-security:jar:9.3.9.v20160517 in the shaded jar.
[INFO] Including org.eclipse.jetty:jetty-http:jar:9.3.9.v20160517 in the shaded jar.
[INFO] Including io.dropwizard.metrics:metrics-core:jar:3.1.2 in the shaded jar.
[INFO] Including io.dropwizard.metrics:metrics-annotation:jar:3.1.2 in the shaded jar.
[INFO] Including io.dropwizard.metrics:metrics-healthchecks:jar:3.1.2 in the shaded jar.
[INFO] Including io.dropwizard.metrics:metrics-graphite:jar:3.1.2 in the shaded jar.
[INFO] Including javax.ws.rs:javax.ws.rs-api:jar:2.0.1 in the shaded jar.
[INFO] Including io.dropwizard:dropwizard-core:jar:1.0.0 in the shaded jar.
[INFO] Including io.dropwizard:dropwizard-jackson:jar:1.0.0 in the shaded jar.
[INFO] Including com.fasterxml.jackson.datatype:jackson-datatype-jsr310:jar:2.7.6 in the shaded jar.
[INFO] Including com.fasterxml.jackson.datatype:jackson-datatype-jdk8:jar:2.7.6 in the shaded jar.
[INFO] Including com.fasterxml.jackson.module:jackson-module-afterburner:jar:2.7.6 in the shaded jar.
[INFO] Including com.fasterxml.jackson.datatype:jackson-datatype-joda:jar:2.7.6 in the shaded jar.
[INFO] Including io.dropwizard:dropwizard-validation:jar:1.0.0 in the shaded jar.
[INFO] Including org.glassfish:javax.el:jar:3.0.0 in the shaded jar.
[INFO] Including io.dropwizard:dropwizard-configuration:jar:1.0.0 in the shaded jar.
[INFO] Including com.fasterxml.jackson.dataformat:jackson-dataformat-yaml:jar:2.7.6 in the shaded jar.
[INFO] Including io.dropwizard:dropwizard-metrics:jar:1.0.0 in the shaded jar.
[INFO] Including io.dropwizard.metrics:metrics-jvm:jar:3.1.2 in the shaded jar.
[INFO] Including io.dropwizard.metrics:metrics-servlets:jar:3.1.2 in the shaded jar.
[INFO] Including io.dropwizard.metrics:metrics-json:jar:3.1.2 in the shaded jar.
[INFO] Including io.dropwizard:dropwizard-request-logging:jar:1.0.0 in the shaded jar.
[INFO] Including ch.qos.logback:logback-access:jar:1.1.7 in the shaded jar.
[INFO] Including net.sourceforge.argparse4j:argparse4j:jar:0.7.0 in the shaded jar.
[INFO] Including org.eclipse.jetty.toolchain.setuid:jetty-setuid-java:jar:1.0.3 in the shaded jar.
[INFO] Including com.fasterxml.jackson.core:jackson-annotations:jar:2.7.6 in the shaded jar.
[INFO] Including com.fasterxml.jackson.core:jackson-databind:jar:2.7.6 in the shaded jar.
[INFO] Including com.fasterxml.jackson.core:jackson-core:jar:2.7.6 in the shaded jar.
[INFO] Including javax.validation:validation-api:jar:1.1.0.Final in the shaded jar.
[INFO] Including org.apache.curator:curator-client:jar:2.8.0 in the shaded jar.
[INFO] Including org.eclipse.jetty:jetty-servlets:jar:9.3.9.v20160517 in the shaded jar.
[INFO] Including org.eclipse.jetty:jetty-continuation:jar:9.3.9.v20160517 in the shaded jar.
[INFO] Including org.eclipse.jetty:jetty-util:jar:9.3.9.v20160517 in the shaded jar.
[INFO] Including org.eclipse.jetty:jetty-io:jar:9.3.9.v20160517 in the shaded jar.
[INFO] Including org.eclipse.jetty:jetty-server:jar:9.3.9.v20160517 in the shaded jar.
[INFO] Including javax.servlet:javax.servlet-api:jar:3.1.0 in the shaded jar.
[INFO] Including com.google.guava:guava:jar:19.0 in the shaded jar.
[INFO] Including org.slf4j:slf4j-api:jar:1.7.21 in the shaded jar.
[INFO] Including com.github.jknack:handlebars:jar:1.3.1 in the shaded jar.
[INFO] Including org.antlr:antlr4-runtime:jar:4.2.2 in the shaded jar.
[INFO] Including org.antlr:antlr4-annotations:jar:4.2.2 in the shaded jar.
[INFO] Including org.mozilla:rhino:jar:1.7R4 in the shaded jar.
[INFO] Including org.apache.commons:commons-exec:jar:1.1 in the shaded jar.
[INFO] Including org.apache.commons:commons-lang3:jar:3.4 in the shaded jar.
[INFO] Including org.apache.curator:curator-framework:jar:2.8.0 in the shaded jar.
[INFO] Including org.apache.curator:curator-recipes:jar:2.8.0 in the shaded jar.
[INFO] Including com.hubspot:HorizonCore:jar:0.0.22 in the shaded jar.
[INFO] Including commons-codec:commons-codec:jar:1.10 in the shaded jar.
[INFO] Including org.slf4j:jcl-over-slf4j:jar:1.7.21 in the shaded jar.
[INFO] Including org.xerial.snappy:snappy-java:jar:1.1.2 in the shaded jar.
[INFO] Including com.hubspot:HorizonApache:jar:0.0.22 in the shaded jar.
[INFO] Including org.apache.httpcomponents:httpclient:jar:4.5.2 in the shaded jar.
[INFO] Including org.apache.httpcomponents:httpcore:jar:4.4.4 in the shaded jar.
[INFO] Including com.github.rholder:guava-retrying:jar:1.0.7 in the shaded jar.
[INFO] Including ch.qos.logback:logback-classic:jar:1.1.7 in the shaded jar.
[INFO] Including ch.qos.logback:logback-core:jar:1.1.7 in the shaded jar.
[INFO] Including com.palominolabs.metrics:metrics-guice:jar:3.1.3 in the shaded jar.
[INFO] Including com.google.code.findbugs:jsr305:jar:3.0.1 in the shaded jar.
[WARNING] jsr305-3.0.1.jar, annotations-3.0.1.jar define 35 overlapping classes: 
[WARNING]   - javax.annotation.RegEx
[WARNING]   - javax.annotation.concurrent.Immutable
[WARNING]   - javax.annotation.meta.TypeQualifierDefault
[WARNING]   - javax.annotation.meta.TypeQualifier
[WARNING]   - javax.annotation.Syntax
[WARNING]   - javax.annotation.Nonnull
[WARNING]   - javax.annotation.CheckReturnValue
[WARNING]   - javax.annotation.CheckForNull
[WARNING]   - javax.annotation.meta.TypeQualifierNickname
[WARNING]   - javax.annotation.MatchesPattern
[WARNING]   - 25 more...
[WARNING] maven-shade-plugin has detected that some class files are
[WARNING] present in two or more JARs. When this happens, only one
[WARNING] single version of the class is copied to the uber jar.
[WARNING] Usually this is not harmful and you can skip these warnings,
[WARNING] otherwise try to manually exclude artifacts based on
[WARNING] mvn dependency:tree -Ddetail=true and the above output.
[WARNING] See http://maven.apache.org/plugins/maven-shade-plugin/
[INFO] 
[INFO] --- maven-dependency-plugin:2.10:analyze-only (default) @ BaragonAgentService ---
[INFO] No dependency problems found
[INFO] 
[INFO] --- maven-dependency-plugin:2.10:analyze-duplicate (default) @ BaragonAgentService ---
[INFO] No duplicate dependencies found in <dependencies/> or in <dependencyManagement/>
[INFO] 
[INFO] --- maven-dependency-plugin:2.10:analyze-dep-mgt (default) @ BaragonAgentService ---
[INFO] Found Resolved Dependency / DependencyManagement mismatches:
[INFO] 	Ignoring Direct Dependencies.
[INFO] com.google.code.findbugs:jsr305:jar was excluded in DepMgt, but version 3.0.1 has been found in the dependency tree.
[INFO] joda-time:joda-time:jar was excluded in DepMgt, but version 2.9.4 has been found in the dependency tree.
[WARNING] Potential problems found in Dependency Management 
[INFO] 
[INFO] --- duplicate-finder-maven-plugin:1.2.1:check (default) @ BaragonAgentService ---
[INFO] Checking compile classpath
[INFO] Checking runtime classpath
[INFO] Checking test classpath
[INFO] 
[INFO] >>> findbugs-maven-plugin:3.0.3:check (default) > :findbugs @ BaragonAgentService >>>
[INFO] 
[INFO] --- findbugs-maven-plugin:3.0.3:findbugs (findbugs) @ BaragonAgentService ---
[INFO] Fork Value is true
[INFO] Done FindBugs Analysis....
[INFO] 
[INFO] <<< findbugs-maven-plugin:3.0.3:check (default) < :findbugs @ BaragonAgentService <<<
[INFO] 
[INFO] --- findbugs-maven-plugin:3.0.3:check (default) @ BaragonAgentService ---
[INFO] BugInstance size is 0
[INFO] Error size is 0
[INFO] No errors/warnings found
[INFO] 
[INFO] >>> maven-pmd-plugin:3.6:check (default) > :pmd @ BaragonAgentService >>>
[INFO] 
[INFO] --- maven-pmd-plugin:3.6:pmd (pmd) @ BaragonAgentService ---
[WARNING] Unable to locate Source XRef to link to - DISABLED
[WARNING] Unable to locate Source XRef to link to - DISABLED
[INFO] 
[INFO] <<< maven-pmd-plugin:3.6:check (default) < :pmd @ BaragonAgentService <<<
[INFO] 
[INFO] --- maven-pmd-plugin:3.6:check (default) @ BaragonAgentService ---
[INFO] 
[INFO] 
[INFO] --- license-maven-plugin:2.11:check (default) @ BaragonAgentService ---
[INFO] 
[INFO] --- maven-install-plugin:2.5.2:install (default-install) @ BaragonAgentService ---
[INFO] Installing /home/travis/build/HubSpot/Baragon/BaragonAgentService/target/BaragonAgentService-0.5.0-SNAPSHOT.jar to /home/travis/.m2/repository/com/hubspot/BaragonAgentService/0.5.0-SNAPSHOT/BaragonAgentService-0.5.0-SNAPSHOT.jar
[INFO] Installing /home/travis/build/HubSpot/Baragon/BaragonAgentService/pom.xml to /home/travis/.m2/repository/com/hubspot/BaragonAgentService/0.5.0-SNAPSHOT/BaragonAgentService-0.5.0-SNAPSHOT.pom
[INFO] Installing /home/travis/build/HubSpot/Baragon/BaragonAgentService/target/BaragonAgentService-0.5.0-SNAPSHOT-sources.jar to /home/travis/.m2/repository/com/hubspot/BaragonAgentService/0.5.0-SNAPSHOT/BaragonAgentService-0.5.0-SNAPSHOT-sources.jar
[INFO]                                                                         
[INFO] ------------------------------------------------------------------------
[INFO] Building BaragonClient 0.5.0-SNAPSHOT
[INFO] ------------------------------------------------------------------------
[INFO] 
[INFO] --- property-helper-maven-plugin:2.0:get (get-build-id) @ BaragonClient ---
[INFO] 
[INFO] --- maven-enforcer-plugin:1.4.1:enforce (default) @ BaragonClient ---
[INFO] 
[INFO] --- maven-dependency-versions-check-plugin:2.0.2:check (default) @ BaragonClient ---
[INFO] Checking dependency versions
[INFO] 
[INFO] --- maven-checkstyle-plugin:2.17:check (default) @ BaragonClient ---
[INFO] Starting audit...
Audit done.
[INFO] 
[INFO] --- dependency-management-plugin:0.4:analyze (analyze) @ BaragonClient ---
[INFO] No dependency management issues found
[INFO] 
[INFO] --- git-commit-id-plugin:2.2.0:revision (default) @ BaragonClient ---
[INFO] 
[INFO] --- jacoco-maven-plugin:0.7.5.201505241946:prepare-agent (default) @ BaragonClient ---
[INFO] argLine set to -javaagent:/home/travis/.m2/repository/org/jacoco/org.jacoco.agent/0.7.5.201505241946/org.jacoco.agent-0.7.5.201505241946-runtime.jar=destfile=/home/travis/build/HubSpot/Baragon/BaragonClient/target/jacoco.exec
[INFO] 
[INFO] --- maven-resources-plugin:2.7:resources (default-resources) @ BaragonClient ---
[INFO] Using 'UTF-8' encoding to copy filtered resources.
[INFO] skip non existing resourceDirectory /home/travis/build/HubSpot/Baragon/BaragonClient/src/main/resources
[INFO] 
[INFO] --- maven-compiler-plugin:3.3:compile (default-compile) @ BaragonClient ---
[INFO] Changes detected - recompiling the module!
[INFO] Compiling 5 source files to /home/travis/build/HubSpot/Baragon/BaragonClient/target/classes
[INFO] 
[INFO] --- maven-resources-plugin:2.7:testResources (default-testResources) @ BaragonClient ---
[INFO] Using 'UTF-8' encoding to copy filtered resources.
[INFO] skip non existing resourceDirectory /home/travis/build/HubSpot/Baragon/BaragonClient/src/test/resources
[INFO] 
[INFO] --- maven-compiler-plugin:3.3:testCompile (default-testCompile) @ BaragonClient ---
[INFO] Changes detected - recompiling the module!
[INFO] Compiling 1 source file to /home/travis/build/HubSpot/Baragon/BaragonClient/target/test-classes
[INFO] 
[INFO] --- maven-surefire-plugin:2.19:test (default-test) @ BaragonClient ---
[INFO] Tests are skipped.
[INFO] 
[INFO] --- maven-jar-plugin:2.6:jar (default-jar) @ BaragonClient ---
[INFO] Building jar: /home/travis/build/HubSpot/Baragon/BaragonClient/target/BaragonClient-0.5.0-SNAPSHOT.jar
[INFO] 
[INFO] --- maven-jar-plugin:2.6:test-jar (attach-tests) @ BaragonClient ---
[INFO] Building jar: /home/travis/build/HubSpot/Baragon/BaragonClient/target/BaragonClient-0.5.0-SNAPSHOT-tests.jar
[INFO] 
[INFO] --- maven-source-plugin:2.4:jar-no-fork (attach-sources) @ BaragonClient ---
[INFO] Building jar: /home/travis/build/HubSpot/Baragon/BaragonClient/target/BaragonClient-0.5.0-SNAPSHOT-sources.jar
[INFO] 
[INFO] --- maven-source-plugin:2.4:test-jar-no-fork (attach-sources) @ BaragonClient ---
[INFO] Building jar: /home/travis/build/HubSpot/Baragon/BaragonClient/target/BaragonClient-0.5.0-SNAPSHOT-test-sources.jar
[INFO] 
[INFO] --- maven-dependency-plugin:2.10:analyze-only (default) @ BaragonClient ---
[INFO] No dependency problems found
[INFO] 
[INFO] --- maven-dependency-plugin:2.10:analyze-duplicate (default) @ BaragonClient ---
[INFO] No duplicate dependencies found in <dependencies/> or in <dependencyManagement/>
[INFO] 
[INFO] --- maven-dependency-plugin:2.10:analyze-dep-mgt (default) @ BaragonClient ---
[INFO] Found Resolved Dependency / DependencyManagement mismatches:
[INFO] 	Ignoring Direct Dependencies.
[INFO]    None
[INFO] 
[INFO] --- duplicate-finder-maven-plugin:1.2.1:check (default) @ BaragonClient ---
[INFO] Checking compile classpath
[INFO] Checking runtime classpath
[INFO] Checking test classpath
[INFO] 
[INFO] >>> findbugs-maven-plugin:3.0.3:check (default) > :findbugs @ BaragonClient >>>
[INFO] 
[INFO] --- findbugs-maven-plugin:3.0.3:findbugs (findbugs) @ BaragonClient ---
[INFO] Fork Value is true
[INFO] Done FindBugs Analysis....
[INFO] 
[INFO] <<< findbugs-maven-plugin:3.0.3:check (default) < :findbugs @ BaragonClient <<<
[INFO] 
[INFO] --- findbugs-maven-plugin:3.0.3:check (default) @ BaragonClient ---
[INFO] BugInstance size is 0
[INFO] Error size is 0
[INFO] No errors/warnings found
[INFO] 
[INFO] >>> maven-pmd-plugin:3.6:check (default) > :pmd @ BaragonClient >>>
[INFO] 
[INFO] --- maven-pmd-plugin:3.6:pmd (pmd) @ BaragonClient ---
[WARNING] Unable to locate Source XRef to link to - DISABLED
[WARNING] Unable to locate Source XRef to link to - DISABLED
[INFO] 
[INFO] <<< maven-pmd-plugin:3.6:check (default) < :pmd @ BaragonClient <<<
[INFO] 
[INFO] --- maven-pmd-plugin:3.6:check (default) @ BaragonClient ---
[INFO] 
[INFO] 
[INFO] --- license-maven-plugin:2.11:check (default) @ BaragonClient ---
[INFO] 
[INFO] --- maven-install-plugin:2.5.2:install (default-install) @ BaragonClient ---
[INFO] Installing /home/travis/build/HubSpot/Baragon/BaragonClient/target/BaragonClient-0.5.0-SNAPSHOT.jar to /home/travis/.m2/repository/com/hubspot/BaragonClient/0.5.0-SNAPSHOT/BaragonClient-0.5.0-SNAPSHOT.jar
[INFO] Installing /home/travis/build/HubSpot/Baragon/BaragonClient/pom.xml to /home/travis/.m2/repository/com/hubspot/BaragonClient/0.5.0-SNAPSHOT/BaragonClient-0.5.0-SNAPSHOT.pom
[INFO] Installing /home/travis/build/HubSpot/Baragon/BaragonClient/target/BaragonClient-0.5.0-SNAPSHOT-tests.jar to /home/travis/.m2/repository/com/hubspot/BaragonClient/0.5.0-SNAPSHOT/BaragonClient-0.5.0-SNAPSHOT-tests.jar
[INFO] Installing /home/travis/build/HubSpot/Baragon/BaragonClient/target/BaragonClient-0.5.0-SNAPSHOT-sources.jar to /home/travis/.m2/repository/com/hubspot/BaragonClient/0.5.0-SNAPSHOT/BaragonClient-0.5.0-SNAPSHOT-sources.jar
[INFO] Installing /home/travis/build/HubSpot/Baragon/BaragonClient/target/BaragonClient-0.5.0-SNAPSHOT-test-sources.jar to /home/travis/.m2/repository/com/hubspot/BaragonClient/0.5.0-SNAPSHOT/BaragonClient-0.5.0-SNAPSHOT-test-sources.jar
[INFO]                                                                         
[INFO] ------------------------------------------------------------------------
[INFO] Building BaragonWatcher 0.5.0-SNAPSHOT
[INFO] ------------------------------------------------------------------------
[INFO] 
[INFO] --- property-helper-maven-plugin:2.0:get (get-build-id) @ BaragonWatcher ---
[INFO] 
[INFO] --- maven-enforcer-plugin:1.4.1:enforce (default) @ BaragonWatcher ---
[INFO] 
[INFO] --- maven-dependency-versions-check-plugin:2.0.2:check (default) @ BaragonWatcher ---
[INFO] Checking dependency versions
[INFO] 
[INFO] --- maven-checkstyle-plugin:2.17:check (default) @ BaragonWatcher ---
[INFO] Starting audit...
Audit done.
[INFO] 
[INFO] --- dependency-management-plugin:0.4:analyze (analyze) @ BaragonWatcher ---
[INFO] No dependency management issues found
[INFO] 
[INFO] --- git-commit-id-plugin:2.2.0:revision (default) @ BaragonWatcher ---
[INFO] 
[INFO] --- jacoco-maven-plugin:0.7.5.201505241946:prepare-agent (default) @ BaragonWatcher ---
[INFO] argLine set to -javaagent:/home/travis/.m2/repository/org/jacoco/org.jacoco.agent/0.7.5.201505241946/org.jacoco.agent-0.7.5.201505241946-runtime.jar=destfile=/home/travis/build/HubSpot/Baragon/BaragonWatcher/target/jacoco.exec
[INFO] 
[INFO] --- maven-resources-plugin:2.7:resources (default-resources) @ BaragonWatcher ---
[INFO] Using 'UTF-8' encoding to copy filtered resources.
[INFO] skip non existing resourceDirectory /home/travis/build/HubSpot/Baragon/BaragonWatcher/src/main/resources
[INFO] 
[INFO] --- maven-compiler-plugin:3.3:compile (default-compile) @ BaragonWatcher ---
[INFO] Changes detected - recompiling the module!
[INFO] Compiling 6 source files to /home/travis/build/HubSpot/Baragon/BaragonWatcher/target/classes
[INFO] 
[INFO] --- maven-resources-plugin:2.7:testResources (default-testResources) @ BaragonWatcher ---
[INFO] Using 'UTF-8' encoding to copy filtered resources.
[INFO] skip non existing resourceDirectory /home/travis/build/HubSpot/Baragon/BaragonWatcher/src/test/resources
[INFO] 
[INFO] --- maven-compiler-plugin:3.3:testCompile (default-testCompile) @ BaragonWatcher ---
[INFO] No sources to compile
[INFO] 
[INFO] --- maven-surefire-plugin:2.19:test (default-test) @ BaragonWatcher ---
[INFO] Tests are skipped.
[INFO] 
[INFO] --- maven-jar-plugin:2.6:jar (default-jar) @ BaragonWatcher ---
[INFO] Building jar: /home/travis/build/HubSpot/Baragon/BaragonWatcher/target/BaragonWatcher-0.5.0-SNAPSHOT.jar
[INFO] 
[INFO] --- maven-jar-plugin:2.6:test-jar (attach-tests) @ BaragonWatcher ---
[INFO] Skipping packaging of the test-jar
[INFO] 
[INFO] --- maven-source-plugin:2.4:jar-no-fork (attach-sources) @ BaragonWatcher ---
[INFO] Building jar: /home/travis/build/HubSpot/Baragon/BaragonWatcher/target/BaragonWatcher-0.5.0-SNAPSHOT-sources.jar
[INFO] 
[INFO] --- maven-source-plugin:2.4:test-jar-no-fork (attach-sources) @ BaragonWatcher ---
[INFO] No sources in project. Archive not created.
[INFO] 
[INFO] --- maven-dependency-plugin:2.10:analyze-only (default) @ BaragonWatcher ---
[INFO] No dependency problems found
[INFO] 
[INFO] --- maven-dependency-plugin:2.10:analyze-duplicate (default) @ BaragonWatcher ---
[INFO] No duplicate dependencies found in <dependencies/> or in <dependencyManagement/>
[INFO] 
[INFO] --- maven-dependency-plugin:2.10:analyze-dep-mgt (default) @ BaragonWatcher ---
[INFO] Found Resolved Dependency / DependencyManagement mismatches:
[INFO] 	Ignoring Direct Dependencies.
[INFO]    None
[INFO] 
[INFO] --- duplicate-finder-maven-plugin:1.2.1:check (default) @ BaragonWatcher ---
[INFO] Checking compile classpath
[INFO] Checking runtime classpath
[INFO] Checking test classpath
[INFO] 
[INFO] >>> findbugs-maven-plugin:3.0.3:check (default) > :findbugs @ BaragonWatcher >>>
[INFO] 
[INFO] --- findbugs-maven-plugin:3.0.3:findbugs (findbugs) @ BaragonWatcher ---
[INFO] Fork Value is true
[INFO] Done FindBugs Analysis....
[INFO] 
[INFO] <<< findbugs-maven-plugin:3.0.3:check (default) < :findbugs @ BaragonWatcher <<<
[INFO] 
[INFO] --- findbugs-maven-plugin:3.0.3:check (default) @ BaragonWatcher ---
[INFO] BugInstance size is 0
[INFO] Error size is 0
[INFO] No errors/warnings found
[INFO] 
[INFO] >>> maven-pmd-plugin:3.6:check (default) > :pmd @ BaragonWatcher >>>
[INFO] 
[INFO] --- maven-pmd-plugin:3.6:pmd (pmd) @ BaragonWatcher ---
[WARNING] Unable to locate Source XRef to link to - DISABLED
[WARNING] Unable to locate Source XRef to link to - DISABLED
[INFO] 
[INFO] <<< maven-pmd-plugin:3.6:check (default) < :pmd @ BaragonWatcher <<<
[INFO] 
[INFO] --- maven-pmd-plugin:3.6:check (default) @ BaragonWatcher ---
[INFO] 
[INFO] 
[INFO] --- license-maven-plugin:2.11:check (default) @ BaragonWatcher ---
[INFO] 
[INFO] --- maven-install-plugin:2.5.2:install (default-install) @ BaragonWatcher ---
[INFO] Installing /home/travis/build/HubSpot/Baragon/BaragonWatcher/target/BaragonWatcher-0.5.0-SNAPSHOT.jar to /home/travis/.m2/repository/com/hubspot/BaragonWatcher/0.5.0-SNAPSHOT/BaragonWatcher-0.5.0-SNAPSHOT.jar
[INFO] Installing /home/travis/build/HubSpot/Baragon/BaragonWatcher/pom.xml to /home/travis/.m2/repository/com/hubspot/BaragonWatcher/0.5.0-SNAPSHOT/BaragonWatcher-0.5.0-SNAPSHOT.pom
[INFO] Installing /home/travis/build/HubSpot/Baragon/BaragonWatcher/target/BaragonWatcher-0.5.0-SNAPSHOT-sources.jar to /home/travis/.m2/repository/com/hubspot/BaragonWatcher/0.5.0-SNAPSHOT/BaragonWatcher-0.5.0-SNAPSHOT-sources.jar
[INFO]                                                                         
[INFO] ------------------------------------------------------------------------
[INFO] Building BaragonServiceIntegrationTests 0.5.0-SNAPSHOT
[INFO] ------------------------------------------------------------------------
[INFO] 
[INFO] --- property-helper-maven-plugin:2.0:get (get-build-id) @ BaragonServiceIntegrationTests ---
[INFO] 
[INFO] --- maven-enforcer-plugin:1.4.1:enforce (default) @ BaragonServiceIntegrationTests ---
[INFO] 
[INFO] --- maven-dependency-versions-check-plugin:2.0.2:check (default) @ BaragonServiceIntegrationTests ---
[INFO] Checking dependency versions
[INFO] 
[INFO] --- maven-checkstyle-plugin:2.17:check (default) @ BaragonServiceIntegrationTests ---
[INFO] Starting audit...
Audit done.
[INFO] 
[INFO] --- dependency-management-plugin:0.4:analyze (analyze) @ BaragonServiceIntegrationTests ---
[INFO] No dependency management issues found
[INFO] 
[INFO] --- git-commit-id-plugin:2.2.0:revision (default) @ BaragonServiceIntegrationTests ---
[INFO] 
[INFO] --- jacoco-maven-plugin:0.7.5.201505241946:prepare-agent (default) @ BaragonServiceIntegrationTests ---
[INFO] argLine set to -javaagent:/home/travis/.m2/repository/org/jacoco/org.jacoco.agent/0.7.5.201505241946/org.jacoco.agent-0.7.5.201505241946-runtime.jar=destfile=/home/travis/build/HubSpot/Baragon/BaragonServiceIntegrationTests/target/jacoco.exec
[INFO] 
[INFO] --- maven-resources-plugin:2.7:resources (default-resources) @ BaragonServiceIntegrationTests ---
[INFO] Using 'UTF-8' encoding to copy filtered resources.
[INFO] skip non existing resourceDirectory /home/travis/build/HubSpot/Baragon/BaragonServiceIntegrationTests/src/main/resources
[INFO] 
[INFO] --- maven-compiler-plugin:3.3:compile (default-compile) @ BaragonServiceIntegrationTests ---
[INFO] Changes detected - recompiling the module!
[INFO] Compiling 1 source file to /home/travis/build/HubSpot/Baragon/BaragonServiceIntegrationTests/target/classes
[INFO] 
[INFO] --- maven-resources-plugin:2.7:testResources (default-testResources) @ BaragonServiceIntegrationTests ---
[INFO] Using 'UTF-8' encoding to copy filtered resources.
[INFO] skip non existing resourceDirectory /home/travis/build/HubSpot/Baragon/BaragonServiceIntegrationTests/src/test/resources
[INFO] 
[INFO] --- maven-compiler-plugin:3.3:testCompile (default-testCompile) @ BaragonServiceIntegrationTests ---
[INFO] Changes detected - recompiling the module!
[INFO] Compiling 2 source files to /home/travis/build/HubSpot/Baragon/BaragonServiceIntegrationTests/target/test-classes
[INFO] 
[INFO] --- maven-surefire-plugin:2.19:test (default-test) @ BaragonServiceIntegrationTests ---
[INFO] Tests are skipped.
[INFO] 
[INFO] --- maven-jar-plugin:2.6:jar (default-jar) @ BaragonServiceIntegrationTests ---
[INFO] Building jar: /home/travis/build/HubSpot/Baragon/BaragonServiceIntegrationTests/target/BaragonServiceIntegrationTests-0.5.0-SNAPSHOT.jar
[INFO] 
[INFO] --- maven-jar-plugin:2.6:test-jar (attach-tests) @ BaragonServiceIntegrationTests ---
[INFO] Building jar: /home/travis/build/HubSpot/Baragon/BaragonServiceIntegrationTests/target/BaragonServiceIntegrationTests-0.5.0-SNAPSHOT-tests.jar
[INFO] 
[INFO] --- maven-source-plugin:2.4:jar-no-fork (attach-sources) @ BaragonServiceIntegrationTests ---
[INFO] Building jar: /home/travis/build/HubSpot/Baragon/BaragonServiceIntegrationTests/target/BaragonServiceIntegrationTests-0.5.0-SNAPSHOT-sources.jar
[INFO] 
[INFO] --- maven-source-plugin:2.4:test-jar-no-fork (attach-sources) @ BaragonServiceIntegrationTests ---
[INFO] Building jar: /home/travis/build/HubSpot/Baragon/BaragonServiceIntegrationTests/target/BaragonServiceIntegrationTests-0.5.0-SNAPSHOT-test-sources.jar
[INFO] 
[INFO] --- maven-dependency-plugin:2.10:analyze-only (default) @ BaragonServiceIntegrationTests ---
[INFO] No dependency problems found
[INFO] 
[INFO] --- maven-dependency-plugin:2.10:analyze-duplicate (default) @ BaragonServiceIntegrationTests ---
[INFO] No duplicate dependencies found in <dependencies/> or in <dependencyManagement/>
[INFO] 
[INFO] --- maven-dependency-plugin:2.10:analyze-dep-mgt (default) @ BaragonServiceIntegrationTests ---
[INFO] Found Resolved Dependency / DependencyManagement mismatches:
[INFO] 	Ignoring Direct Dependencies.
[INFO] com.fasterxml.jackson.core:jackson-databind:jar was excluded in DepMgt, but version 2.7.6 has been found in the dependency tree.
[INFO] com.fasterxml.jackson.core:jackson-core:jar was excluded in DepMgt, but version 2.7.6 has been found in the dependency tree.
[WARNING] Potential problems found in Dependency Management 
[INFO] 
[INFO] --- duplicate-finder-maven-plugin:1.2.1:check (default) @ BaragonServiceIntegrationTests ---
[INFO] Checking compile classpath
[INFO] Checking runtime classpath
[INFO] Checking test classpath
[INFO] 
[INFO] >>> findbugs-maven-plugin:3.0.3:check (default) > :findbugs @ BaragonServiceIntegrationTests >>>
[INFO] 
[INFO] --- findbugs-maven-plugin:3.0.3:findbugs (findbugs) @ BaragonServiceIntegrationTests ---
[INFO] Fork Value is true
[INFO] Done FindBugs Analysis....
[INFO] 
[INFO] <<< findbugs-maven-plugin:3.0.3:check (default) < :findbugs @ BaragonServiceIntegrationTests <<<
[INFO] 
[INFO] --- findbugs-maven-plugin:3.0.3:check (default) @ BaragonServiceIntegrationTests ---
[INFO] BugInstance size is 0
[INFO] Error size is 0
[INFO] No errors/warnings found
[INFO] 
[INFO] >>> maven-pmd-plugin:3.6:check (default) > :pmd @ BaragonServiceIntegrationTests >>>
[INFO] 
[INFO] --- maven-pmd-plugin:3.6:pmd (pmd) @ BaragonServiceIntegrationTests ---
[WARNING] Unable to locate Source XRef to link to - DISABLED
[WARNING] Unable to locate Source XRef to link to - DISABLED
[INFO] 
[INFO] <<< maven-pmd-plugin:3.6:check (default) < :pmd @ BaragonServiceIntegrationTests <<<
[INFO] 
[INFO] --- maven-pmd-plugin:3.6:check (default) @ BaragonServiceIntegrationTests ---
[INFO] 
[INFO] 
[INFO] --- license-maven-plugin:2.11:check (default) @ BaragonServiceIntegrationTests ---
[INFO] 
[INFO] --- maven-install-plugin:2.5.2:install (default-install) @ BaragonServiceIntegrationTests ---
[INFO] Installing /home/travis/build/HubSpot/Baragon/BaragonServiceIntegrationTests/target/BaragonServiceIntegrationTests-0.5.0-SNAPSHOT.jar to /home/travis/.m2/repository/com/hubspot/BaragonServiceIntegrationTests/0.5.0-SNAPSHOT/BaragonServiceIntegrationTests-0.5.0-SNAPSHOT.jar
[INFO] Installing /home/travis/build/HubSpot/Baragon/BaragonServiceIntegrationTests/pom.xml to /home/travis/.m2/repository/com/hubspot/BaragonServiceIntegrationTests/0.5.0-SNAPSHOT/BaragonServiceIntegrationTests-0.5.0-SNAPSHOT.pom
[INFO] Installing /home/travis/build/HubSpot/Baragon/BaragonServiceIntegrationTests/target/BaragonServiceIntegrationTests-0.5.0-SNAPSHOT-tests.jar to /home/travis/.m2/repository/com/hubspot/BaragonServiceIntegrationTests/0.5.0-SNAPSHOT/BaragonServiceIntegrationTests-0.5.0-SNAPSHOT-tests.jar
[INFO] Installing /home/travis/build/HubSpot/Baragon/BaragonServiceIntegrationTests/target/BaragonServiceIntegrationTests-0.5.0-SNAPSHOT-sources.jar to /home/travis/.m2/repository/com/hubspot/BaragonServiceIntegrationTests/0.5.0-SNAPSHOT/BaragonServiceIntegrationTests-0.5.0-SNAPSHOT-sources.jar
[INFO] Installing /home/travis/build/HubSpot/Baragon/BaragonServiceIntegrationTests/target/BaragonServiceIntegrationTests-0.5.0-SNAPSHOT-test-sources.jar to /home/travis/.m2/repository/com/hubspot/BaragonServiceIntegrationTests/0.5.0-SNAPSHOT/BaragonServiceIntegrationTests-0.5.0-SNAPSHOT-test-sources.jar
[INFO] ------------------------------------------------------------------------
[INFO] Reactor Summary:
[INFO] 
[INFO] Baragon ............................................ SUCCESS [  6.579 s]
[INFO] BaragonCore ........................................ SUCCESS [ 13.023 s]
[INFO] BaragonData ........................................ SUCCESS [ 17.873 s]
[INFO] BaragonService ..................................... SUCCESS [ 43.837 s]
[INFO] BaragonAgentService ................................ SUCCESS [ 26.133 s]
[INFO] BaragonClient ...................................... SUCCESS [ 10.173 s]
[INFO] BaragonWatcher ..................................... SUCCESS [ 10.678 s]
[INFO] BaragonServiceIntegrationTests ..................... SUCCESS [  7.013 s]
[INFO] ------------------------------------------------------------------------
[INFO] BUILD SUCCESS
[INFO] ------------------------------------------------------------------------
[INFO] Total time: 02:16 min
[INFO] Finished at: 2017-02-03T19:01:38+00:00
[INFO] Final Memory: 100M/475M
[INFO] ------------------------------------------------------------------------

travis_time:end:0714b100:start=1486148360530639897,finish=1486148508380949399,duration=147850309502[0Ktravis_fold:end:install[0Ktravis_time:start:0c0ef8b0[0K$ mvn test -B
Java HotSpot(TM) 64-Bit Server VM warning: ignoring option MaxPermSize=192m; support was removed in 8.0
[INFO] Scanning for projects...
[INFO] ------------------------------------------------------------------------
[INFO] Reactor Build Order:
[INFO] 
[INFO] Baragon
[INFO] BaragonCore
[INFO] BaragonData
[INFO] BaragonService
[INFO] BaragonAgentService
[INFO] BaragonClient
[INFO] BaragonWatcher
[INFO] BaragonServiceIntegrationTests
[INFO]                                                                         
[INFO] ------------------------------------------------------------------------
[INFO] Building Baragon 0.5.0-SNAPSHOT
[INFO] ------------------------------------------------------------------------
[INFO] 
[INFO] --- property-helper-maven-plugin:2.0:get (get-build-id) @ Baragon ---
[INFO] 
[INFO] --- maven-enforcer-plugin:1.4.1:enforce (default) @ Baragon ---
[INFO] 
[INFO] --- maven-dependency-versions-check-plugin:2.0.2:check (default) @ Baragon ---
[INFO] Checking dependency versions
[INFO] 
[INFO] --- maven-checkstyle-plugin:2.17:check (default) @ Baragon ---
[INFO] Starting audit...
Audit done.
[INFO] 
[INFO] --- dependency-management-plugin:0.4:analyze (analyze) @ Baragon ---
[INFO] No dependency management issues found
[INFO] 
[INFO] --- git-commit-id-plugin:2.2.0:revision (default) @ Baragon ---
[INFO] 
[INFO] --- jacoco-maven-plugin:0.7.5.201505241946:prepare-agent (default) @ Baragon ---
[INFO] argLine set to -javaagent:/home/travis/.m2/repository/org/jacoco/org.jacoco.agent/0.7.5.201505241946/org.jacoco.agent-0.7.5.201505241946-runtime.jar=destfile=/home/travis/build/HubSpot/Baragon/target/jacoco.exec
[INFO]                                                                         
[INFO] ------------------------------------------------------------------------
[INFO] Building BaragonCore 0.5.0-SNAPSHOT
[INFO] ------------------------------------------------------------------------
[INFO] 
[INFO] --- property-helper-maven-plugin:2.0:get (get-build-id) @ BaragonCore ---
[INFO] 
[INFO] --- maven-enforcer-plugin:1.4.1:enforce (default) @ BaragonCore ---
[INFO] 
[INFO] --- maven-dependency-versions-check-plugin:2.0.2:check (default) @ BaragonCore ---
[INFO] Checking dependency versions
[INFO] 
[INFO] --- maven-checkstyle-plugin:2.17:check (default) @ BaragonCore ---
[INFO] Starting audit...
Audit done.
[INFO] 
[INFO] --- dependency-management-plugin:0.4:analyze (analyze) @ BaragonCore ---
[INFO] No dependency management issues found
[INFO] 
[INFO] --- git-commit-id-plugin:2.2.0:revision (default) @ BaragonCore ---
[INFO] 
[INFO] --- jacoco-maven-plugin:0.7.5.201505241946:prepare-agent (default) @ BaragonCore ---
[INFO] argLine set to -javaagent:/home/travis/.m2/repository/org/jacoco/org.jacoco.agent/0.7.5.201505241946/org.jacoco.agent-0.7.5.201505241946-runtime.jar=destfile=/home/travis/build/HubSpot/Baragon/BaragonCore/target/jacoco.exec
[INFO] 
[INFO] --- maven-resources-plugin:2.7:resources (default-resources) @ BaragonCore ---
[INFO] Using 'UTF-8' encoding to copy filtered resources.
[INFO] skip non existing resourceDirectory /home/travis/build/HubSpot/Baragon/BaragonCore/src/main/resources
[INFO] 
[INFO] --- maven-compiler-plugin:3.3:compile (default-compile) @ BaragonCore ---
[INFO] Nothing to compile - all classes are up to date
[INFO] 
[INFO] --- maven-resources-plugin:2.7:testResources (default-testResources) @ BaragonCore ---
[INFO] Using 'UTF-8' encoding to copy filtered resources.
[INFO] skip non existing resourceDirectory /home/travis/build/HubSpot/Baragon/BaragonCore/src/test/resources
[INFO] 
[INFO] --- maven-compiler-plugin:3.3:testCompile (default-testCompile) @ BaragonCore ---
[INFO] No sources to compile
[INFO] 
[INFO] --- maven-surefire-plugin:2.19:test (default-test) @ BaragonCore ---
[INFO] No tests to run.
[INFO]                                                                         
[INFO] ------------------------------------------------------------------------
[INFO] Building BaragonData 0.5.0-SNAPSHOT
[INFO] ------------------------------------------------------------------------
[INFO] 
[INFO] --- property-helper-maven-plugin:2.0:get (get-build-id) @ BaragonData ---
[INFO] 
[INFO] --- maven-enforcer-plugin:1.4.1:enforce (default) @ BaragonData ---
[INFO] 
[INFO] --- maven-dependency-versions-check-plugin:2.0.2:check (default) @ BaragonData ---
[INFO] Checking dependency versions
[INFO] 
[INFO] --- maven-checkstyle-plugin:2.17:check (default) @ BaragonData ---
[INFO] Starting audit...
Audit done.
[INFO] 
[INFO] --- dependency-management-plugin:0.4:analyze (analyze) @ BaragonData ---
[INFO] No dependency management issues found
[INFO] 
[INFO] --- git-commit-id-plugin:2.2.0:revision (default) @ BaragonData ---
[INFO] 
[INFO] --- jacoco-maven-plugin:0.7.5.201505241946:prepare-agent (default) @ BaragonData ---
[INFO] argLine set to -javaagent:/home/travis/.m2/repository/org/jacoco/org.jacoco.agent/0.7.5.201505241946/org.jacoco.agent-0.7.5.201505241946-runtime.jar=destfile=/home/travis/build/HubSpot/Baragon/BaragonData/target/jacoco.exec
[INFO] 
[INFO] --- maven-resources-plugin:2.7:resources (default-resources) @ BaragonData ---
[INFO] Using 'UTF-8' encoding to copy filtered resources.
[INFO] skip non existing resourceDirectory /home/travis/build/HubSpot/Baragon/BaragonData/src/main/resources
[INFO] 
[INFO] --- maven-compiler-plugin:3.3:compile (default-compile) @ BaragonData ---
[INFO] Nothing to compile - all classes are up to date
[INFO] 
[INFO] --- maven-resources-plugin:2.7:testResources (default-testResources) @ BaragonData ---
[INFO] Using 'UTF-8' encoding to copy filtered resources.
[INFO] skip non existing resourceDirectory /home/travis/build/HubSpot/Baragon/BaragonData/src/test/resources
[INFO] 
[INFO] --- maven-compiler-plugin:3.3:testCompile (default-testCompile) @ BaragonData ---
[INFO] Nothing to compile - all classes are up to date
[INFO] 
[INFO] --- maven-surefire-plugin:2.19:test (default-test) @ BaragonData ---

-------------------------------------------------------
 T E S T S
-------------------------------------------------------
Running com.hubspot.baragon.auth.BaragonAuthFilterTest
Tests run: 2, Failures: 0, Errors: 0, Skipped: 0, Time elapsed: 0.284 sec - in com.hubspot.baragon.auth.BaragonAuthFilterTest

Results :

Tests run: 2, Failures: 0, Errors: 0, Skipped: 0

[INFO]                                                                         
[INFO] ------------------------------------------------------------------------
[INFO] Building BaragonService 0.5.0-SNAPSHOT
[INFO] ------------------------------------------------------------------------
[INFO] 
[INFO] --- property-helper-maven-plugin:2.0:get (get-build-id) @ BaragonService ---
[INFO] 
[INFO] --- maven-enforcer-plugin:1.4.1:enforce (default) @ BaragonService ---
[INFO] 
[INFO] --- maven-dependency-versions-check-plugin:2.0.2:check (default) @ BaragonService ---
[INFO] Checking dependency versions
[INFO] 
[INFO] --- maven-checkstyle-plugin:2.17:check (default) @ BaragonService ---
[INFO] Starting audit...
Audit done.
[INFO] 
[INFO] --- dependency-management-plugin:0.4:analyze (analyze) @ BaragonService ---
[INFO] No dependency management issues found
[INFO] 
[INFO] --- git-commit-id-plugin:2.2.0:revision (default) @ BaragonService ---
[INFO] 
[INFO] --- jacoco-maven-plugin:0.7.5.201505241946:prepare-agent (default) @ BaragonService ---
[INFO] argLine set to -javaagent:/home/travis/.m2/repository/org/jacoco/org.jacoco.agent/0.7.5.201505241946/org.jacoco.agent-0.7.5.201505241946-runtime.jar=destfile=/home/travis/build/HubSpot/Baragon/BaragonService/target/jacoco.exec
[INFO] 
[INFO] --- frontend-maven-plugin:0.0.23:install-node-and-npm (install node and npm) @ BaragonService ---
[INFO] Node v4.1.2 is already installed.
[INFO] Found NPM version 2.14.16
[INFO] 
[INFO] --- frontend-maven-plugin:0.0.23:npm (npm install) @ BaragonService ---
[INFO] Running 'npm install --color=false' in /home/travis/build/HubSpot/Baragon/BaragonUI
[ERROR] npm WARN package.json BaragonUI@0.1.0 No README data
[ERROR] npm WARN package.json BaragonUI@0.1.0 No license field.
[INFO] 
[INFO] > BaragonUI@0.1.0 postinstall /home/travis/build/HubSpot/Baragon/BaragonUI
[INFO] > bower install --allow-root && brunch build --production
[INFO] 
[ERROR] bower                     invalid-meta The "name" is recommended to be lowercase, can contain digits, dots, dashes
[INFO] 03 Feb 19:02:20 - [32minfo[0m: compiling
[INFO] 03 Feb 19:02:27 - [32minfo[0m: compiling.
[INFO] 03 Feb 19:02:28 - [32minfo[0m: compiled 107 files into 2 files, copied 6 in 11.8 sec
[INFO] 
[INFO] --- build-helper-maven-plugin:1.10:add-resource (add-generated-resources) @ BaragonService ---
[INFO] 
[INFO] --- maven-resources-plugin:2.7:resources (default-resources) @ BaragonService ---
[INFO] Using 'UTF-8' encoding to copy filtered resources.
[INFO] Copying 1 resource
[INFO] Copying 9 resources
[INFO] 
[INFO] --- maven-compiler-plugin:3.3:compile (default-compile) @ BaragonService ---
[INFO] Nothing to compile - all classes are up to date
[INFO] 
[INFO] --- maven-resources-plugin:2.7:testResources (default-testResources) @ BaragonService ---
[INFO] Using 'UTF-8' encoding to copy filtered resources.
[INFO] skip non existing resourceDirectory /home/travis/build/HubSpot/Baragon/BaragonService/src/test/resources
[INFO] 
[INFO] --- maven-compiler-plugin:3.3:testCompile (default-testCompile) @ BaragonService ---
[INFO] Nothing to compile - all classes are up to date
[INFO] 
[INFO] --- maven-surefire-plugin:2.19:test (default-test) @ BaragonService ---

-------------------------------------------------------
 T E S T S
-------------------------------------------------------
Running com.hubspot.baragon.service.RequestTest
Tests run: 4, Failures: 0, Errors: 0, Skipped: 0, Time elapsed: 3.149 sec - in com.hubspot.baragon.service.RequestTest
Running com.hubspot.baragon.service.KnownAgentTest
Tests run: 3, Failures: 0, Errors: 0, Skipped: 0, Time elapsed: 2.54 sec - in com.hubspot.baragon.service.KnownAgentTest

Results :

Tests run: 7, Failures: 0, Errors: 0, Skipped: 0

[INFO]                                                                         
[INFO] ------------------------------------------------------------------------
[INFO] Building BaragonAgentService 0.5.0-SNAPSHOT
[INFO] ------------------------------------------------------------------------
[INFO] 
[INFO] --- property-helper-maven-plugin:2.0:get (get-build-id) @ BaragonAgentService ---
[INFO] 
[INFO] --- maven-enforcer-plugin:1.4.1:enforce (default) @ BaragonAgentService ---
[INFO] 
[INFO] --- maven-dependency-versions-check-plugin:2.0.2:check (default) @ BaragonAgentService ---
[INFO] Checking dependency versions
[INFO] artifact com.google.guava:guava: checking for updates from sonatype
[INFO] artifact com.google.guava:guava: checking for updates from sonatype-apache
[WARNING] repository metadata for: 'artifact com.google.guava:guava' could not be retrieved from repository: sonatype-apache due to an error: Connect to repository.apache.org:443 [repository.apache.org/207.244.88.143] failed: Connection timed out
[INFO] 
[INFO] --- maven-checkstyle-plugin:2.17:check (default) @ BaragonAgentService ---
[INFO] Starting audit...
Audit done.
[INFO] 
[INFO] --- dependency-management-plugin:0.4:analyze (analyze) @ BaragonAgentService ---
[INFO] No dependency management issues found
[INFO] 
[INFO] --- git-commit-id-plugin:2.2.0:revision (default) @ BaragonAgentService ---
[INFO] 
[INFO] --- jacoco-maven-plugin:0.7.5.201505241946:prepare-agent (default) @ BaragonAgentService ---
[INFO] argLine set to -javaagent:/home/travis/.m2/repository/org/jacoco/org.jacoco.agent/0.7.5.201505241946/org.jacoco.agent-0.7.5.201505241946-runtime.jar=destfile=/home/travis/build/HubSpot/Baragon/BaragonAgentService/target/jacoco.exec
[INFO] 
[INFO] --- maven-resources-plugin:2.7:resources (default-resources) @ BaragonAgentService ---
[INFO] Using 'UTF-8' encoding to copy filtered resources.
[INFO] skip non existing resourceDirectory /home/travis/build/HubSpot/Baragon/BaragonAgentService/src/main/resources
[INFO] 
[INFO] --- maven-compiler-plugin:3.3:compile (default-compile) @ BaragonAgentService ---
[INFO] Nothing to compile - all classes are up to date
[INFO] 
[INFO] --- maven-resources-plugin:2.7:testResources (default-testResources) @ BaragonAgentService ---
[INFO] Using 'UTF-8' encoding to copy filtered resources.
[INFO] skip non existing resourceDirectory /home/travis/build/HubSpot/Baragon/BaragonAgentService/src/test/resources
[INFO] 
[INFO] --- maven-compiler-plugin:3.3:testCompile (default-testCompile) @ BaragonAgentService ---
[INFO] No sources to compile
[INFO] 
[INFO] --- maven-surefire-plugin:2.19:test (default-test) @ BaragonAgentService ---
[INFO] No tests to run.
[INFO]                                                                         
[INFO] ------------------------------------------------------------------------
[INFO] Building BaragonClient 0.5.0-SNAPSHOT
[INFO] ------------------------------------------------------------------------
[INFO] 
[INFO] --- property-helper-maven-plugin:2.0:get (get-build-id) @ BaragonClient ---
[INFO] 
[INFO] --- maven-enforcer-plugin:1.4.1:enforce (default) @ BaragonClient ---
[INFO] 
[INFO] --- maven-dependency-versions-check-plugin:2.0.2:check (default) @ BaragonClient ---
[INFO] Checking dependency versions
[INFO] 
[INFO] --- maven-checkstyle-plugin:2.17:check (default) @ BaragonClient ---
[INFO] Starting audit...
Audit done.
[INFO] 
[INFO] --- dependency-management-plugin:0.4:analyze (analyze) @ BaragonClient ---
[INFO] No dependency management issues found
[INFO] 
[INFO] --- git-commit-id-plugin:2.2.0:revision (default) @ BaragonClient ---
[INFO] 
[INFO] --- jacoco-maven-plugin:0.7.5.201505241946:prepare-agent (default) @ BaragonClient ---
[INFO] argLine set to -javaagent:/home/travis/.m2/repository/org/jacoco/org.jacoco.agent/0.7.5.201505241946/org.jacoco.agent-0.7.5.201505241946-runtime.jar=destfile=/home/travis/build/HubSpot/Baragon/BaragonClient/target/jacoco.exec
[INFO] 
[INFO] --- maven-resources-plugin:2.7:resources (default-resources) @ BaragonClient ---
[INFO] Using 'UTF-8' encoding to copy filtered resources.
[INFO] skip non existing resourceDirectory /home/travis/build/HubSpot/Baragon/BaragonClient/src/main/resources
[INFO] 
[INFO] --- maven-compiler-plugin:3.3:compile (default-compile) @ BaragonClient ---
[INFO] Nothing to compile - all classes are up to date
[INFO] 
[INFO] --- maven-resources-plugin:2.7:testResources (default-testResources) @ BaragonClient ---
[INFO] Using 'UTF-8' encoding to copy filtered resources.
[INFO] skip non existing resourceDirectory /home/travis/build/HubSpot/Baragon/BaragonClient/src/test/resources
[INFO] 
[INFO] --- maven-compiler-plugin:3.3:testCompile (default-testCompile) @ BaragonClient ---
[INFO] Nothing to compile - all classes are up to date
[INFO] 
[INFO] --- maven-surefire-plugin:2.19:test (default-test) @ BaragonClient ---

-------------------------------------------------------
 T E S T S
-------------------------------------------------------
Running com.hubspot.baragon.client.BaragonServiceClientModuleTest
SLF4J: Failed to load class "org.slf4j.impl.StaticLoggerBinder".
SLF4J: Defaulting to no-operation (NOP) logger implementation
SLF4J: See http://www.slf4j.org/codes.html#StaticLoggerBinder for further details.
Tests run: 1, Failures: 0, Errors: 0, Skipped: 0, Time elapsed: 1.833 sec - in com.hubspot.baragon.client.BaragonServiceClientModuleTest

Results :

Tests run: 1, Failures: 0, Errors: 0, Skipped: 0

[INFO]                                                                         
[INFO] ------------------------------------------------------------------------
[INFO] Building BaragonWatcher 0.5.0-SNAPSHOT
[INFO] ------------------------------------------------------------------------
[INFO] 
[INFO] --- property-helper-maven-plugin:2.0:get (get-build-id) @ BaragonWatcher ---
[INFO] 
[INFO] --- maven-enforcer-plugin:1.4.1:enforce (default) @ BaragonWatcher ---
[INFO] 
[INFO] --- maven-dependency-versions-check-plugin:2.0.2:check (default) @ BaragonWatcher ---
[INFO] Checking dependency versions
[INFO] 
[INFO] --- maven-checkstyle-plugin:2.17:check (default) @ BaragonWatcher ---
[INFO] Starting audit...
Audit done.
[INFO] 
[INFO] --- dependency-management-plugin:0.4:analyze (analyze) @ BaragonWatcher ---
[INFO] No dependency management issues found
[INFO] 
[INFO] --- git-commit-id-plugin:2.2.0:revision (default) @ BaragonWatcher ---
[INFO] 
[INFO] --- jacoco-maven-plugin:0.7.5.201505241946:prepare-agent (default) @ BaragonWatcher ---
[INFO] argLine set to -javaagent:/home/travis/.m2/repository/org/jacoco/org.jacoco.agent/0.7.5.201505241946/org.jacoco.agent-0.7.5.201505241946-runtime.jar=destfile=/home/travis/build/HubSpot/Baragon/BaragonWatcher/target/jacoco.exec
[INFO] 
[INFO] --- maven-resources-plugin:2.7:resources (default-resources) @ BaragonWatcher ---
[INFO] Using 'UTF-8' encoding to copy filtered resources.
[INFO] skip non existing resourceDirectory /home/travis/build/HubSpot/Baragon/BaragonWatcher/src/main/resources
[INFO] 
[INFO] --- maven-compiler-plugin:3.3:compile (default-compile) @ BaragonWatcher ---
[INFO] Nothing to compile - all classes are up to date
[INFO] 
[INFO] --- maven-resources-plugin:2.7:testResources (default-testResources) @ BaragonWatcher ---
[INFO] Using 'UTF-8' encoding to copy filtered resources.
[INFO] skip non existing resourceDirectory /home/travis/build/HubSpot/Baragon/BaragonWatcher/src/test/resources
[INFO] 
[INFO] --- maven-compiler-plugin:3.3:testCompile (default-testCompile) @ BaragonWatcher ---
[INFO] No sources to compile
[INFO] 
[INFO] --- maven-surefire-plugin:2.19:test (default-test) @ BaragonWatcher ---
[INFO] No tests to run.
[INFO]                                                                         
[INFO] ------------------------------------------------------------------------
[INFO] Building BaragonServiceIntegrationTests 0.5.0-SNAPSHOT
[INFO] ------------------------------------------------------------------------
[INFO] 
[INFO] --- property-helper-maven-plugin:2.0:get (get-build-id) @ BaragonServiceIntegrationTests ---
[INFO] 
[INFO] --- maven-enforcer-plugin:1.4.1:enforce (default) @ BaragonServiceIntegrationTests ---
[INFO] 
[INFO] --- maven-dependency-versions-check-plugin:2.0.2:check (default) @ BaragonServiceIntegrationTests ---
[INFO] Checking dependency versions
[INFO] 
[INFO] --- maven-checkstyle-plugin:2.17:check (default) @ BaragonServiceIntegrationTests ---
[INFO] Starting audit...
Audit done.
[INFO] 
[INFO] --- dependency-management-plugin:0.4:analyze (analyze) @ BaragonServiceIntegrationTests ---
[INFO] No dependency management issues found
[INFO] 
[INFO] --- git-commit-id-plugin:2.2.0:revision (default) @ BaragonServiceIntegrationTests ---
[INFO] 
[INFO] --- jacoco-maven-plugin:0.7.5.201505241946:prepare-agent (default) @ BaragonServiceIntegrationTests ---
[INFO] argLine set to -javaagent:/home/travis/.m2/repository/org/jacoco/org.jacoco.agent/0.7.5.201505241946/org.jacoco.agent-0.7.5.201505241946-runtime.jar=destfile=/home/travis/build/HubSpot/Baragon/BaragonServiceIntegrationTests/target/jacoco.exec
[INFO] 
[INFO] --- maven-resources-plugin:2.7:resources (default-resources) @ BaragonServiceIntegrationTests ---
[INFO] Using 'UTF-8' encoding to copy filtered resources.
[INFO] skip non existing resourceDirectory /home/travis/build/HubSpot/Baragon/BaragonServiceIntegrationTests/src/main/resources
[INFO] 
[INFO] --- maven-compiler-plugin:3.3:compile (default-compile) @ BaragonServiceIntegrationTests ---
[INFO] Nothing to compile - all classes are up to date
[INFO] 
[INFO] --- maven-resources-plugin:2.7:testResources (default-testResources) @ BaragonServiceIntegrationTests ---
[INFO] Using 'UTF-8' encoding to copy filtered resources.
[INFO] skip non existing resourceDirectory /home/travis/build/HubSpot/Baragon/BaragonServiceIntegrationTests/src/test/resources
[INFO] 
[INFO] --- maven-compiler-plugin:3.3:testCompile (default-testCompile) @ BaragonServiceIntegrationTests ---
[INFO] Nothing to compile - all classes are up to date
[INFO] 
[INFO] --- maven-surefire-plugin:2.19:test (default-test) @ BaragonServiceIntegrationTests ---
[INFO] ------------------------------------------------------------------------
[INFO] Reactor Summary:
[INFO] 
[INFO] Baragon ............................................ SUCCESS [  2.910 s]
[INFO] BaragonCore ........................................ SUCCESS [  1.849 s]
[INFO] BaragonData ........................................ SUCCESS [  8.617 s]
[INFO] BaragonService ..................................... SUCCESS [ 36.641 s]
[INFO] BaragonAgentService ................................ SUCCESS [02:16 min]
[INFO] BaragonClient ...................................... SUCCESS [  3.859 s]
[INFO] BaragonWatcher ..................................... SUCCESS [  0.694 s]
[INFO] BaragonServiceIntegrationTests ..................... SUCCESS [  0.854 s]
[INFO] ------------------------------------------------------------------------
[INFO] BUILD SUCCESS
[INFO] ------------------------------------------------------------------------
[INFO] Total time: 03:12 min
[INFO] Finished at: 2017-02-03T19:05:02+00:00
[INFO] Final Memory: 59M/448M
[INFO] ------------------------------------------------------------------------

travis_time:end:0c0ef8b0:start=1486148508386788304,finish=1486148703287463839,duration=194900675535[0K
[32;1mThe command "mvn test -B" exited with 0.[0m
travis_fold:start:cache.2[0Kstore build cache
travis_time:start:1be6b758[0K
travis_time:end:1be6b758:start=1486148703293152893,finish=1486148703297413383,duration=4260490[0Ktravis_time:start:03865a76[0K[32;1mchange detected (content changed, file is created, or file is deleted):
/home/travis/.m2/repository/com/google/guava/guava/resolver-status.properties
/home/travis/.m2/repository/com/hubspot/Baragon/0.5.0-SNAPSHOT/Baragon-0.5.0-SNAPSHOT.pom
/home/travis/.m2/repository/com/hubspot/Baragon/0.5.0-SNAPSHOT/maven-metadata-local.xml
/home/travis/.m2/repository/com/hubspot/Baragon/0.5.0-SNAPSHOT/_remote.repositories
/home/travis/.m2/repository/com/hubspot/BaragonAgentService/0.5.0-SNAPSHOT/BaragonAgentService-0.5.0-SNAPSHOT.jar
/home/travis/.m2/repository/com/hubspot/BaragonAgentService/0.5.0-SNAPSHOT/BaragonAgentService-0.5.0-SNAPSHOT-sources.jar
/home/travis/.m2/repository/com/hubspot/BaragonAgentService/0.5.0-SNAPSHOT/maven-metadata-local.xml
/home/travis/.m2/repository/com/hubspot/BaragonAgentService/0.5.0-SNAPSHOT/_remote.repositories
/home/travis/.m2/repository/com/hubspot/BaragonAgentService/maven-metadata-local.xml
/home/travis/.m2/repository/com/hubspot/BaragonClient/0.5.0-SNAPSHOT/BaragonClient-0.5.0-SNAPSHOT.jar
/home/travis/.m2/repository/com/hubspot/Ba
[0m
[32;1m...
[0m
[32;1mchanges detected, packing new archive[0m
.
[32;1muploading archive[0m

travis_time:end:03865a76:start=1486148703302599444,finish=1486148715680441705,duration=12377842261[0Ktravis_fold:end:cache.2[0K
Done. Your build exited with 0.
