travis_fold:start:worker_info[0K[33;1mWorker information[0m
hostname: ip-10-12-6-196:2b21414b-eed2-43ca-a23e-13c8856bb872
version: v2.5.0-8-g19ea9c2 https://github.com/travis-ci/worker/tree/19ea9c20425c78100500c7cc935892b47024922c
instance: 371e420:travis:java
startup: 551.311398ms
travis_fold:end:worker_info[0Ktravis_fold:start:system_info[0K[33;1mBuild system information[0m
Build language: java
Build group: stable
Build dist: precise
Build id: 190951247
Job id: 190951248
travis-build version: 3be5a6407
[34m[1mBuild image provisioning date and time[0m
Thu Feb  5 15:09:33 UTC 2015
[34m[1mOperating System Details[0m
Distributor ID:	Ubuntu
Description:	Ubuntu 12.04.5 LTS
Release:	12.04
Codename:	precise
[34m[1mLinux Version[0m
3.13.0-29-generic
[34m[1mCookbooks Version[0m
a68419e https://github.com/travis-ci/travis-cookbooks/tree/a68419e
[34m[1mGCC version[0m
gcc (Ubuntu/Linaro 4.6.3-1ubuntu5) 4.6.3
Copyright (C) 2011 Free Software Foundation, Inc.
This is free software; see the source for copying conditions.  There is NO
warranty; not even for MERCHANTABILITY or FITNESS FOR A PARTICULAR PURPOSE.

[34m[1mLLVM version[0m
clang version 3.4 (tags/RELEASE_34/final)
Target: x86_64-unknown-linux-gnu
Thread model: posix
[34m[1mPre-installed Ruby versions[0m
ruby-1.9.3-p551
[34m[1mPre-installed Node.js versions[0m
v0.10.36
[34m[1mPre-installed Go versions[0m
1.4.1
[34m[1mRedis version[0m
redis-server 2.8.19
[34m[1mriak version[0m
2.0.2
[34m[1mMongoDB version[0m
MongoDB 2.4.12
[34m[1mCouchDB version[0m
couchdb 1.6.1
[34m[1mNeo4j version[0m
1.9.4
[34m[1mRabbitMQ Version[0m
3.4.3
[34m[1mElasticSearch version[0m
1.4.0
[34m[1mInstalled Sphinx versions[0m
2.0.10
2.1.9
2.2.6
[34m[1mDefault Sphinx version[0m
2.2.6
[34m[1mInstalled Firefox version[0m
firefox 31.0esr
[34m[1mPhantomJS version[0m
1.9.8
[34m[1mant -version[0m
Apache Ant(TM) version 1.8.2 compiled on December 3 2011
[34m[1mmvn -version[0m
Apache Maven 3.2.5 (12a6b3acb947671f09b81f49094c53f426d8cea1; 2014-12-14T17:29:23+00:00)
Maven home: /usr/local/maven
Java version: 1.7.0_76, vendor: Oracle Corporation
Java home: /usr/lib/jvm/java-7-oracle/jre
Default locale: en_US, platform encoding: ANSI_X3.4-1968
OS name: "linux", version: "3.13.0-29-generic", arch: "amd64", family: "unix"
travis_fold:end:system_info[0K
travis_fold:start:fix.CVE-2015-7547[0K$ export DEBIAN_FRONTEND=noninteractive
W: Size of file /var/lib/apt/lists/us.archive.ubuntu.com_ubuntu_dists_precise-updates_restricted_binary-amd64_Packages.gz is not what the server reported 19576 20785
W: Size of file /var/lib/apt/lists/us.archive.ubuntu.com_ubuntu_dists_precise-updates_restricted_binary-i386_Packages.gz is not what the server reported 19521 20707
W: Size of file /var/lib/apt/lists/us.archive.ubuntu.com_ubuntu_dists_precise-backports_multiverse_source_Sources.gz is not what the server reported 5886 5888
W: Size of file /var/lib/apt/lists/ppa.launchpad.net_travis-ci_zero-mq_ubuntu_dists_precise_main_binary-amd64_Packages.gz is not what the server reported 832 1195
W: Size of file /var/lib/apt/lists/ppa.launchpad.net_ubuntugis_ppa_ubuntu_dists_precise_main_binary-amd64_Packages.gz is not what the server reported 33653 36677
W: Size of file /var/lib/apt/lists/security.ubuntu.com_ubuntu_dists_precise-security_restricted_binary-amd64_Packages.gz is not what the server reported 13782 14904
W: Size of file /var/lib/apt/lists/ppa.launchpad.net_ubuntugis_ppa_ubuntu_dists_precise_main_binary-i386_Packages.gz is not what the server reported 33699 36733
W: Size of file /var/lib/apt/lists/security.ubuntu.com_ubuntu_dists_precise-security_restricted_binary-i386_Packages.gz is not what the server reported 13751 14885
Reading package lists...
Building dependency tree...
Reading state information...
The following extra packages will be installed:
  libc-bin libc-dev-bin libc6-dev
Suggested packages:
  glibc-doc
The following packages will be upgraded:
  libc-bin libc-dev-bin libc6 libc6-dev
4 upgraded, 0 newly installed, 0 to remove and 267 not upgraded.
Need to get 8,840 kB of archives.
After this operation, 14.3 kB disk space will be freed.
Get:1 http://us.archive.ubuntu.com/ubuntu/ precise-updates/main libc6-dev amd64 2.15-0ubuntu10.15 [2,943 kB]
Get:2 http://us.archive.ubuntu.com/ubuntu/ precise-updates/main libc-dev-bin amd64 2.15-0ubuntu10.15 [84.7 kB]
Get:3 http://us.archive.ubuntu.com/ubuntu/ precise-updates/main libc-bin amd64 2.15-0ubuntu10.15 [1,177 kB]
Get:4 http://us.archive.ubuntu.com/ubuntu/ precise-updates/main libc6 amd64 2.15-0ubuntu10.15 [4,636 kB]
Fetched 8,840 kB in 0s (36.1 MB/s)
Preconfiguring packages ...
(Reading database ... (Reading database ... 5%(Reading database ... 10%(Reading database ... 15%(Reading database ... 20%(Reading database ... 25%(Reading database ... 30%(Reading database ... 35%(Reading database ... 40%(Reading database ... 45%(Reading database ... 50%(Reading database ... 55%(Reading database ... 60%(Reading database ... 65%(Reading database ... 70%(Reading database ... 75%(Reading database ... 80%(Reading database ... 85%(Reading database ... 90%(Reading database ... 95%(Reading database ... 100%(Reading database ... 72019 files and directories currently installed.)
Preparing to replace libc6-dev 2.15-0ubuntu10.10 (using .../libc6-dev_2.15-0ubuntu10.15_amd64.deb) ...
Unpacking replacement libc6-dev ...
Preparing to replace libc-dev-bin 2.15-0ubuntu10.10 (using .../libc-dev-bin_2.15-0ubuntu10.15_amd64.deb) ...
Unpacking replacement libc-dev-bin ...
Preparing to replace libc-bin 2.15-0ubuntu10.10 (using .../libc-bin_2.15-0ubuntu10.15_amd64.deb) ...
Unpacking replacement libc-bin ...
Processing triggers for man-db ...
Setting up libc-bin (2.15-0ubuntu10.15) ...
(Reading database ... (Reading database ... 5%(Reading database ... 10%(Reading database ... 15%(Reading database ... 20%(Reading database ... 25%(Reading database ... 30%(Reading database ... 35%(Reading database ... 40%(Reading database ... 45%(Reading database ... 50%(Reading database ... 55%(Reading database ... 60%(Reading database ... 65%(Reading database ... 70%(Reading database ... 75%(Reading database ... 80%(Reading database ... 85%(Reading database ... 90%(Reading database ... 95%(Reading database ... 100%(Reading database ... 72018 files and directories currently installed.)
Preparing to replace libc6 2.15-0ubuntu10.10 (using .../libc6_2.15-0ubuntu10.15_amd64.deb) ...
Unpacking replacement libc6 ...
Setting up libc6 (2.15-0ubuntu10.15) ...
Setting up libc-dev-bin (2.15-0ubuntu10.15) ...
Setting up libc6-dev (2.15-0ubuntu10.15) ...
Processing triggers for libc-bin ...
ldconfig deferred processing now taking place
travis_fold:end:fix.CVE-2015-7547[0Ktravis_fold:start:git.checkout[0Ktravis_time:start:02bb0280[0K$ git clone --depth=50 --branch=RC3 https://github.com/yamcs/yamcs.git yamcs/yamcs
Cloning into 'yamcs/yamcs'...
remote: Counting objects: 2942, done.[K
remote: Compressing objects:   0% (1/1894)   [Kremote: Compressing objects:   1% (19/1894)   [Kremote: Compressing objects:   2% (38/1894)   [Kremote: Compressing objects:   3% (57/1894)   [Kremote: Compressing objects:   4% (76/1894)   [Kremote: Compressing objects:   5% (95/1894)   [Kremote: Compressing objects:   6% (114/1894)   [Kremote: Compressing objects:   7% (133/1894)   [Kremote: Compressing objects:   8% (152/1894)   [Kremote: Compressing objects:   9% (171/1894)   [Kremote: Compressing objects:  10% (190/1894)   [Kremote: Compressing objects:  11% (209/1894)   [Kremote: Compressing objects:  12% (228/1894)   [Kremote: Compressing objects:  13% (247/1894)   [Kremote: Compressing objects:  14% (266/1894)   [Kremote: Compressing objects:  15% (285/1894)   [Kremote: Compressing objects:  16% (304/1894)   [Kremote: Compressing objects:  17% (322/1894)   [Kremote: Compressing objects:  18% (341/1894)   [Kremote: Compressing objects:  19% (360/1894)   [Kremote: Compressing objects:  20% (379/1894)   [Kremote: Compressing objects:  21% (398/1894)   [Kremote: Compressing objects:  22% (417/1894)   [Kremote: Compressing objects:  23% (436/1894)   [Kremote: Compressing objects:  24% (455/1894)   [Kremote: Compressing objects:  25% (474/1894)   [Kremote: Compressing objects:  26% (493/1894)   [Kremote: Compressing objects:  27% (512/1894)   [Kremote: Compressing objects:  28% (531/1894)   [Kremote: Compressing objects:  29% (550/1894)   [Kremote: Compressing objects:  30% (569/1894)   [Kremote: Compressing objects:  31% (588/1894)   [Kremote: Compressing objects:  32% (607/1894)   [Kremote: Compressing objects:  33% (626/1894)   [Kremote: Compressing objects:  34% (644/1894)   [Kremote: Compressing objects:  35% (663/1894)   [Kremote: Compressing objects:  36% (682/1894)   [Kremote: Compressing objects:  37% (701/1894)   [Kremote: Compressing objects:  38% (720/1894)   [Kremote: Compressing objects:  39% (739/1894)   [Kremote: Compressing objects:  40% (758/1894)   [Kremote: Compressing objects:  41% (777/1894)   [Kremote: Compressing objects:  42% (796/1894)   [Kremote: Compressing objects:  43% (815/1894)   [Kremote: Compressing objects:  44% (834/1894)   [Kremote: Compressing objects:  45% (853/1894)   [Kremote: Compressing objects:  46% (872/1894)   [Kremote: Compressing objects:  47% (891/1894)   [Kremote: Compressing objects:  48% (910/1894)   [Kremote: Compressing objects:  49% (929/1894)   [Kremote: Compressing objects:  50% (947/1894)   [Kremote: Compressing objects:  51% (966/1894)   [Kremote: Compressing objects:  52% (985/1894)   [Kremote: Compressing objects:  53% (1004/1894)   [Kremote: Compressing objects:  54% (1023/1894)   [Kremote: Compressing objects:  55% (1042/1894)   [Kremote: Compressing objects:  56% (1061/1894)   [Kremote: Compressing objects:  57% (1080/1894)   [Kremote: Compressing objects:  58% (1099/1894)   [Kremote: Compressing objects:  59% (1118/1894)   [Kremote: Compressing objects:  60% (1137/1894)   [Kremote: Compressing objects:  61% (1156/1894)   [Kremote: Compressing objects:  62% (1175/1894)   [Kremote: Compressing objects:  63% (1194/1894)   [Kremote: Compressing objects:  64% (1213/1894)   [Kremote: Compressing objects:  65% (1232/1894)   [Kremote: Compressing objects:  66% (1251/1894)   [Kremote: Compressing objects:  67% (1269/1894)   [Kremote: Compressing objects:  68% (1288/1894)   [Kremote: Compressing objects:  69% (1307/1894)   [Kremote: Compressing objects:  70% (1326/1894)   [Kremote: Compressing objects:  71% (1345/1894)   [Kremote: Compressing objects:  72% (1364/1894)   [Kremote: Compressing objects:  73% (1383/1894)   [Kremote: Compressing objects:  74% (1402/1894)   [Kremote: Compressing objects:  75% (1421/1894)   [Kremote: Compressing objects:  76% (1440/1894)   [Kremote: Compressing objects:  77% (1459/1894)   [Kremote: Compressing objects:  78% (1478/1894)   [Kremote: Compressing objects:  79% (1497/1894)   [Kremote: Compressing objects:  80% (1516/1894)   [Kremote: Compressing objects:  81% (1535/1894)   [Kremote: Compressing objects:  82% (1554/1894)   [Kremote: Compressing objects:  83% (1573/1894)   [Kremote: Compressing objects:  84% (1591/1894)   [Kremote: Compressing objects:  85% (1610/1894)   [Kremote: Compressing objects:  86% (1629/1894)   [Kremote: Compressing objects:  87% (1648/1894)   [Kremote: Compressing objects:  88% (1667/1894)   [Kremote: Compressing objects:  89% (1686/1894)   [Kremote: Compressing objects:  90% (1705/1894)   [Kremote: Compressing objects:  91% (1724/1894)   [Kremote: Compressing objects:  92% (1743/1894)   [Kremote: Compressing objects:  93% (1762/1894)   [Kremote: Compressing objects:  94% (1781/1894)   [Kremote: Compressing objects:  95% (1800/1894)   [Kremote: Compressing objects:  96% (1819/1894)   [Kremote: Compressing objects:  97% (1838/1894)   [Kremote: Compressing objects:  98% (1857/1894)   [Kremote: Compressing objects:  99% (1876/1894)   [Kremote: Compressing objects: 100% (1894/1894)   [Kremote: Compressing objects: 100% (1894/1894), done.[K
Receiving objects:   0% (1/2942)   Receiving objects:   1% (30/2942)   Receiving objects:   2% (59/2942)   Receiving objects:   3% (89/2942)   Receiving objects:   4% (118/2942)   Receiving objects:   5% (148/2942)   Receiving objects:   6% (177/2942)   Receiving objects:   7% (206/2942)   Receiving objects:   8% (236/2942)   Receiving objects:   9% (265/2942)   Receiving objects:  10% (295/2942)   Receiving objects:  11% (324/2942)   Receiving objects:  12% (354/2942)   Receiving objects:  13% (383/2942)   Receiving objects:  14% (412/2942)   Receiving objects:  15% (442/2942)   Receiving objects:  16% (471/2942)   Receiving objects:  17% (501/2942)   Receiving objects:  18% (530/2942)   Receiving objects:  19% (559/2942)   Receiving objects:  20% (589/2942)   Receiving objects:  21% (618/2942)   Receiving objects:  22% (648/2942)   Receiving objects:  23% (677/2942)   Receiving objects:  24% (707/2942)   Receiving objects:  25% (736/2942)   Receiving objects:  26% (765/2942)   Receiving objects:  27% (795/2942)   Receiving objects:  28% (824/2942)   Receiving objects:  29% (854/2942)   Receiving objects:  30% (883/2942)   Receiving objects:  31% (913/2942)   Receiving objects:  32% (942/2942)   Receiving objects:  33% (971/2942)   Receiving objects:  34% (1001/2942)   Receiving objects:  35% (1030/2942)   Receiving objects:  36% (1060/2942)   Receiving objects:  37% (1089/2942)   Receiving objects:  38% (1118/2942)   Receiving objects:  39% (1148/2942)   Receiving objects:  40% (1177/2942)   Receiving objects:  41% (1207/2942)   Receiving objects:  42% (1236/2942)   Receiving objects:  43% (1266/2942)   Receiving objects:  44% (1295/2942)   Receiving objects:  45% (1324/2942)   Receiving objects:  46% (1354/2942)   Receiving objects:  47% (1383/2942)   Receiving objects:  48% (1413/2942)   Receiving objects:  49% (1442/2942)   Receiving objects:  50% (1471/2942)   Receiving objects:  51% (1501/2942)   Receiving objects:  52% (1530/2942)   Receiving objects:  53% (1560/2942), 8.15 MiB | 16.26 MiB/s   Receiving objects:  54% (1589/2942), 8.15 MiB | 16.26 MiB/s   Receiving objects:  55% (1619/2942), 8.15 MiB | 16.26 MiB/s   Receiving objects:  56% (1648/2942), 8.15 MiB | 16.26 MiB/s   Receiving objects:  57% (1677/2942), 8.15 MiB | 16.26 MiB/s   Receiving objects:  58% (1707/2942), 8.15 MiB | 16.26 MiB/s   Receiving objects:  59% (1736/2942), 8.15 MiB | 16.26 MiB/s   Receiving objects:  60% (1766/2942), 8.15 MiB | 16.26 MiB/s   Receiving objects:  61% (1795/2942), 8.15 MiB | 16.26 MiB/s   Receiving objects:  62% (1825/2942), 8.15 MiB | 16.26 MiB/s   Receiving objects:  63% (1854/2942), 8.15 MiB | 16.26 MiB/s   Receiving objects:  64% (1883/2942), 8.15 MiB | 16.26 MiB/s   Receiving objects:  65% (1913/2942), 8.15 MiB | 16.26 MiB/s   Receiving objects:  66% (1942/2942), 8.15 MiB | 16.26 MiB/s   Receiving objects:  67% (1972/2942), 8.15 MiB | 16.26 MiB/s   Receiving objects:  68% (2001/2942), 8.15 MiB | 16.26 MiB/s   Receiving objects:  69% (2030/2942), 8.15 MiB | 16.26 MiB/s   Receiving objects:  70% (2060/2942), 8.15 MiB | 16.26 MiB/s   Receiving objects:  71% (2089/2942), 8.15 MiB | 16.26 MiB/s   Receiving objects:  72% (2119/2942), 8.15 MiB | 16.26 MiB/s   Receiving objects:  73% (2148/2942), 8.15 MiB | 16.26 MiB/s   Receiving objects:  74% (2178/2942), 8.15 MiB | 16.26 MiB/s   Receiving objects:  75% (2207/2942), 8.15 MiB | 16.26 MiB/s   Receiving objects:  76% (2236/2942), 8.15 MiB | 16.26 MiB/s   Receiving objects:  77% (2266/2942), 8.15 MiB | 16.26 MiB/s   Receiving objects:  78% (2295/2942), 8.15 MiB | 16.26 MiB/s   Receiving objects:  79% (2325/2942), 8.15 MiB | 16.26 MiB/s   Receiving objects:  80% (2354/2942), 8.15 MiB | 16.26 MiB/s   Receiving objects:  81% (2384/2942), 8.15 MiB | 16.26 MiB/s   Receiving objects:  82% (2413/2942), 8.15 MiB | 16.26 MiB/s   Receiving objects:  83% (2442/2942), 8.15 MiB | 16.26 MiB/s   Receiving objects:  84% (2472/2942), 8.15 MiB | 16.26 MiB/s   Receiving objects:  85% (2501/2942), 8.15 MiB | 16.26 MiB/s   Receiving objects:  86% (2531/2942), 8.15 MiB | 16.26 MiB/s   Receiving objects:  87% (2560/2942), 8.15 MiB | 16.26 MiB/s   Receiving objects:  88% (2589/2942), 8.15 MiB | 16.26 MiB/s   Receiving objects:  89% (2619/2942), 8.15 MiB | 16.26 MiB/s   Receiving objects:  90% (2648/2942), 8.15 MiB | 16.26 MiB/s   Receiving objects:  91% (2678/2942), 8.15 MiB | 16.26 MiB/s   Receiving objects:  92% (2707/2942), 8.15 MiB | 16.26 MiB/s   Receiving objects:  93% (2737/2942), 8.15 MiB | 16.26 MiB/s   Receiving objects:  94% (2766/2942), 8.15 MiB | 16.26 MiB/s   Receiving objects:  95% (2795/2942), 8.15 MiB | 16.26 MiB/s   Receiving objects:  96% (2825/2942), 8.15 MiB | 16.26 MiB/s   remote: Total 2942 (delta 1116), reused 2020 (delta 879), pack-reused 0[K
Receiving objects:  97% (2854/2942), 8.15 MiB | 16.26 MiB/s   Receiving objects:  98% (2884/2942), 8.15 MiB | 16.26 MiB/s   Receiving objects:  99% (2913/2942), 8.15 MiB | 16.26 MiB/s   Receiving objects: 100% (2942/2942), 8.15 MiB | 16.26 MiB/s   Receiving objects: 100% (2942/2942), 14.08 MiB | 16.26 MiB/s, done.
Resolving deltas:   0% (0/1116)   Resolving deltas:   2% (26/1116)   Resolving deltas:   3% (36/1116)   Resolving deltas:   4% (45/1116)   Resolving deltas:   5% (61/1116)   Resolving deltas:   9% (104/1116)   Resolving deltas:  10% (112/1116)   Resolving deltas:  11% (123/1116)   Resolving deltas:  16% (188/1116)   Resolving deltas:  17% (191/1116)   Resolving deltas:  18% (201/1116)   Resolving deltas:  19% (217/1116)   Resolving deltas:  24% (271/1116)   Resolving deltas:  27% (311/1116)   Resolving deltas:  28% (313/1116)   Resolving deltas:  29% (326/1116)   Resolving deltas:  30% (338/1116)   Resolving deltas:  31% (351/1116)   Resolving deltas:  32% (358/1116)   Resolving deltas:  33% (371/1116)   Resolving deltas:  34% (381/1116)   Resolving deltas:  35% (392/1116)   Resolving deltas:  36% (405/1116)   Resolving deltas:  37% (414/1116)   Resolving deltas:  38% (428/1116)   Resolving deltas:  39% (438/1116)   Resolving deltas:  40% (453/1116)   Resolving deltas:  41% (458/1116)   Resolving deltas:  42% (471/1116)   Resolving deltas:  43% (480/1116)   Resolving deltas:  44% (496/1116)   Resolving deltas:  45% (503/1116)   Resolving deltas:  46% (515/1116)   Resolving deltas:  47% (526/1116)   Resolving deltas:  48% (536/1116)   Resolving deltas:  49% (550/1116)   Resolving deltas:  50% (562/1116)   Resolving deltas:  52% (581/1116)   Resolving deltas:  53% (595/1116)   Resolving deltas:  54% (603/1116)   Resolving deltas:  55% (615/1116)   Resolving deltas:  56% (626/1116)   Resolving deltas:  57% (640/1116)   Resolving deltas:  58% (648/1116)   Resolving deltas:  59% (659/1116)   Resolving deltas:  60% (672/1116)   Resolving deltas:  61% (682/1116)   Resolving deltas:  62% (692/1116)   Resolving deltas:  63% (706/1116)   Resolving deltas:  64% (718/1116)   Resolving deltas:  65% (732/1116)   Resolving deltas:  66% (738/1116)   Resolving deltas:  67% (748/1116)   Resolving deltas:  68% (760/1116)   Resolving deltas:  70% (782/1116)   Resolving deltas:  71% (793/1116)   Resolving deltas:  72% (804/1116)   Resolving deltas:  73% (815/1116)   Resolving deltas:  74% (828/1116)   Resolving deltas:  75% (837/1116)   Resolving deltas:  76% (851/1116)   Resolving deltas:  77% (860/1116)   Resolving deltas:  78% (871/1116)   Resolving deltas:  79% (882/1116)   Resolving deltas:  80% (893/1116)   Resolving deltas:  85% (956/1116)   Resolving deltas:  86% (960/1116)   Resolving deltas:  87% (974/1116)   Resolving deltas:  88% (984/1116)   Resolving deltas:  89% (995/1116)   Resolving deltas:  90% (1005/1116)   Resolving deltas:  91% (1019/1116)   Resolving deltas:  92% (1027/1116)   Resolving deltas:  93% (1039/1116)   Resolving deltas:  94% (1050/1116)   Resolving deltas:  95% (1062/1116)   Resolving deltas:  96% (1073/1116)   Resolving deltas:  97% (1084/1116)   Resolving deltas:  98% (1095/1116)   Resolving deltas: 100% (1116/1116)   Resolving deltas: 100% (1116/1116), done.
Checking connectivity... done.

travis_time:end:02bb0280:start=1484141086208992006,finish=1484141088821244879,duration=2612252873[0K$ cd yamcs/yamcs
$ git checkout -qf 20b9c6fc9c78096fe5465f0cc9fe12f6536798bc
travis_fold:end:git.checkout[0K
[33;1mThis job is running on container-based infrastructure, which does not allow use of 'sudo', setuid and setguid executables.[0m
[33;1mIf you require sudo, add 'sudo: required' to your .travis.yml[0m
[33;1mSee https://docs.travis-ci.com/user/workers/container-based-infrastructure/ for details.[0m
$ jdk_switcher use oraclejdk8
Switching to Oracle JDK8 (java-8-oracle), JAVA_HOME will be set to /usr/lib/jvm/java-8-oracle
travis_fold:start:cache.1[0KSetting up build cache
$ export CASHER_DIR=$HOME/.casher
travis_time:start:070590a2[0K$ Installing caching utilities

travis_time:end:070590a2:start=1484141091928524654,finish=1484141091961417095,duration=32892441[0Ktravis_time:start:0415ead3[0K
travis_time:end:0415ead3:start=1484141091969272939,finish=1484141091974679185,duration=5406246[0Ktravis_time:start:04c4c5c8[0K[32;1mattempting to download cache archive[0m
[32;1mfetching RC3/cache-linux-precise-e3b0c44298fc1c149afbf4c8996fb92427ae41e4649b934ca495991b7852b855--jdk-oraclejdk8.tgz[0m
[32;1mfound cache[0m

travis_time:end:04c4c5c8:start=1484141091987508824,finish=1484141093441077914,duration=1453569090[0Ktravis_time:start:155afa54[0K
travis_time:end:155afa54:start=1484141093447650893,finish=1484141093452917139,duration=5266246[0Ktravis_time:start:0dbf6060[0K[32;1madding /home/travis/.m2 to cache[0m

travis_time:end:0dbf6060:start=1484141093458864064,finish=1484141095365431785,duration=1906567721[0Ktravis_fold:end:cache.1[0K$ java -Xmx32m -version
java version "1.8.0_31"
Java(TM) SE Runtime Environment (build 1.8.0_31-b13)
Java HotSpot(TM) 64-Bit Server VM (build 25.31-b07, mixed mode)
$ javac -J-Xmx32m -version
javac 1.8.0_31
travis_fold:start:install[0Ktravis_time:start:114596e8[0K$ mvn install -DskipTests=true -Dmaven.javadoc.skip=true -B -V
Java HotSpot(TM) 64-Bit Server VM warning: ignoring option MaxPermSize=192m; support was removed in 8.0
Apache Maven 3.2.5 (12a6b3acb947671f09b81f49094c53f426d8cea1; 2014-12-14T17:29:23+00:00)
Maven home: /usr/local/maven
Java version: 1.8.0_31, vendor: Oracle Corporation
Java home: /usr/lib/jvm/java-8-oracle/jre
Default locale: en_US, platform encoding: UTF-8
OS name: "linux", version: "4.8.12-040812-generic", arch: "amd64", family: "unix"
[INFO] Scanning for projects...
[INFO] ------------------------------------------------------------------------
[INFO] Reactor Build Order:
[INFO] 
[INFO] Yamcs
[INFO] Yamcs API
[INFO] Yamcs XTCE
[INFO] Yamcs Core
[INFO] Yamcs Simulation
[INFO]                                                                         
[INFO] ------------------------------------------------------------------------
[INFO] Building Yamcs 0.30.0
[INFO] ------------------------------------------------------------------------
[INFO] 
[INFO] --- maven-source-plugin:2.2.1:jar-no-fork (attach-sources) @ yamcs ---
[INFO] 
[INFO] --- maven-install-plugin:2.4:install (default-install) @ yamcs ---
[INFO] Installing /home/travis/build/yamcs/yamcs/pom.xml to /home/travis/.m2/repository/org/yamcs/yamcs/0.30.0/yamcs-0.30.0.pom
[INFO]                                                                         
[INFO] ------------------------------------------------------------------------
[INFO] Building Yamcs API 0.30.0
[INFO] ------------------------------------------------------------------------
[INFO] 
[INFO] --- maven-resources-plugin:2.6:resources (default-resources) @ yamcs-api ---
[INFO] Using 'UTF-8' encoding to copy filtered resources.
[INFO] Copying 1 resource
[INFO] 
[INFO] --- maven-compiler-plugin:2.3.2:compile (default-compile) @ yamcs-api ---
[INFO] Compiling 68 source files to /home/travis/build/yamcs/yamcs/yamcs-api/target/classes
[INFO] 
[INFO] --- maven-resources-plugin:2.6:testResources (default-testResources) @ yamcs-api ---
[INFO] Using 'UTF-8' encoding to copy filtered resources.
[INFO] skip non existing resourceDirectory /home/travis/build/yamcs/yamcs/yamcs-api/src/test/resources
[INFO] 
[INFO] --- maven-compiler-plugin:2.3.2:testCompile (default-testCompile) @ yamcs-api ---
[INFO] Compiling 4 source files to /home/travis/build/yamcs/yamcs/yamcs-api/target/test-classes
[INFO] 
[INFO] --- maven-surefire-plugin:2.19.1:test (default-test) @ yamcs-api ---
[INFO] Tests are skipped.
[INFO] 
[INFO] --- maven-jar-plugin:2.4:jar (default-jar) @ yamcs-api ---
[INFO] Building jar: /home/travis/build/yamcs/yamcs/yamcs-api/target/yamcs-api-0.30.0.jar
[INFO] 
[INFO] --- maven-source-plugin:2.2.1:jar-no-fork (attach-sources) @ yamcs-api ---
[INFO] Building jar: /home/travis/build/yamcs/yamcs/yamcs-api/target/yamcs-api-0.30.0-sources.jar
[INFO] 
[INFO] --- maven-install-plugin:2.4:install (default-install) @ yamcs-api ---
[INFO] Installing /home/travis/build/yamcs/yamcs/yamcs-api/target/yamcs-api-0.30.0.jar to /home/travis/.m2/repository/org/yamcs/yamcs-api/0.30.0/yamcs-api-0.30.0.jar
[INFO] Installing /home/travis/build/yamcs/yamcs/yamcs-api/pom.xml to /home/travis/.m2/repository/org/yamcs/yamcs-api/0.30.0/yamcs-api-0.30.0.pom
[INFO] Installing /home/travis/build/yamcs/yamcs/yamcs-api/target/yamcs-api-0.30.0-sources.jar to /home/travis/.m2/repository/org/yamcs/yamcs-api/0.30.0/yamcs-api-0.30.0-sources.jar
[INFO]                                                                         
[INFO] ------------------------------------------------------------------------
[INFO] Building Yamcs XTCE 0.30.0
[INFO] ------------------------------------------------------------------------
[INFO] 
[INFO] --- maven-resources-plugin:2.6:resources (default-resources) @ yamcs-xtce ---
[INFO] Using 'UTF-8' encoding to copy filtered resources.
[INFO] Copying 1 resource
[INFO] 
[INFO] --- maven-compiler-plugin:2.3.2:compile (default-compile) @ yamcs-xtce ---
[INFO] Compiling 106 source files to /home/travis/build/yamcs/yamcs/yamcs-xtce/target/classes
[INFO] 
[INFO] --- maven-resources-plugin:2.6:testResources (default-testResources) @ yamcs-xtce ---
[INFO] Using 'UTF-8' encoding to copy filtered resources.
[INFO] skip non existing resourceDirectory /home/travis/build/yamcs/yamcs/yamcs-xtce/src/test/resources
[INFO] 
[INFO] --- maven-compiler-plugin:2.3.2:testCompile (default-testCompile) @ yamcs-xtce ---
[INFO] Compiling 1 source file to /home/travis/build/yamcs/yamcs/yamcs-xtce/target/test-classes
[INFO] 
[INFO] --- maven-surefire-plugin:2.19.1:test (default-test) @ yamcs-xtce ---
[INFO] Tests are skipped.
[INFO] 
[INFO] --- maven-jar-plugin:2.4:jar (default-jar) @ yamcs-xtce ---
[INFO] Building jar: /home/travis/build/yamcs/yamcs/yamcs-xtce/target/yamcs-xtce-0.30.0.jar
[INFO] 
[INFO] --- maven-source-plugin:2.2.1:jar-no-fork (attach-sources) @ yamcs-xtce ---
[INFO] Building jar: /home/travis/build/yamcs/yamcs/yamcs-xtce/target/yamcs-xtce-0.30.0-sources.jar
[INFO] 
[INFO] --- maven-install-plugin:2.4:install (default-install) @ yamcs-xtce ---
[INFO] Installing /home/travis/build/yamcs/yamcs/yamcs-xtce/target/yamcs-xtce-0.30.0.jar to /home/travis/.m2/repository/org/yamcs/yamcs-xtce/0.30.0/yamcs-xtce-0.30.0.jar
[INFO] Installing /home/travis/build/yamcs/yamcs/yamcs-xtce/pom.xml to /home/travis/.m2/repository/org/yamcs/yamcs-xtce/0.30.0/yamcs-xtce-0.30.0.pom
[INFO] Installing /home/travis/build/yamcs/yamcs/yamcs-xtce/target/yamcs-xtce-0.30.0-sources.jar to /home/travis/.m2/repository/org/yamcs/yamcs-xtce/0.30.0/yamcs-xtce-0.30.0-sources.jar
[INFO]                                                                         
[INFO] ------------------------------------------------------------------------
[INFO] Building Yamcs Core 0.30.0
[INFO] ------------------------------------------------------------------------
[INFO] Downloading: http://repo.maven.apache.org/maven2/org/rocksdb/rocksdbjni/5.0.1/rocksdbjni-5.0.1.pom
[INFO] Downloaded: http://repo.maven.apache.org/maven2/org/rocksdb/rocksdbjni/5.0.1/rocksdbjni-5.0.1.pom (7 KB at 42.1 KB/sec)
[INFO] Downloading: http://repo.maven.apache.org/maven2/org/rocksdb/rocksdbjni/5.0.1/rocksdbjni-5.0.1.jar
[INFO] Downloaded: http://repo.maven.apache.org/maven2/org/rocksdb/rocksdbjni/5.0.1/rocksdbjni-5.0.1.jar (7232 KB at 18832.5 KB/sec)
[INFO] 
[INFO] --- build-helper-maven-plugin:1.11:add-source (add-source) @ yamcs-core ---
[INFO] Source directory: /home/travis/build/yamcs/yamcs/yamcs-core/target/generated-sources/version added.
[INFO] 
[INFO] --- maven-antrun-plugin:1.3:run (generate-version) @ yamcs-core ---
[INFO] Executing tasks
     [copy] Copying 1 file to /home/travis/build/yamcs/yamcs/yamcs-core/target/generated-sources/version/org/yamcs
[INFO] Executed tasks
[INFO] 
[INFO] --- maven-resources-plugin:2.6:resources (default-resources) @ yamcs-core ---
[INFO] Using 'UTF-8' encoding to copy filtered resources.
[INFO] Copying 31 resources
[INFO] 
[INFO] --- maven-compiler-plugin:2.3.2:compile (default-compile) @ yamcs-core ---
[INFO] Compiling 600 source files to /home/travis/build/yamcs/yamcs/yamcs-core/target/classes
[INFO] 
[INFO] --- maven-resources-plugin:2.6:testResources (default-testResources) @ yamcs-core ---
[INFO] Using 'UTF-8' encoding to copy filtered resources.
[INFO] Copying 37 resources
[INFO] Copying 20 resources
[INFO] 
[INFO] --- maven-compiler-plugin:2.3.2:testCompile (default-testCompile) @ yamcs-core ---
[INFO] Compiling 98 source files to /home/travis/build/yamcs/yamcs/yamcs-core/target/test-classes
[INFO] 
[INFO] --- maven-surefire-plugin:2.19.1:test (default-test) @ yamcs-core ---
[INFO] Tests are skipped.
[INFO] 
[INFO] --- maven-jar-plugin:2.4:jar (default-jar) @ yamcs-core ---
[INFO] Building jar: /home/travis/build/yamcs/yamcs/yamcs-core/target/yamcs-core-0.30.0.jar
[INFO] 
[INFO] --- maven-dependency-plugin:2.8:copy-dependencies (copy-dependencies) @ yamcs-core ---
[INFO] Copying artemis-server-1.5.0.jar to /home/travis/build/yamcs/yamcs/yamcs-core/lib/artemis-server-1.5.0.jar
[INFO] Copying rocksdbjni-5.0.1.jar to /home/travis/build/yamcs/yamcs/yamcs-core/lib/rocksdbjni-5.0.1.jar
[INFO] Copying artemis-core-client-1.5.0.jar to /home/travis/build/yamcs/yamcs/yamcs-core/lib/artemis-core-client-1.5.0.jar
[INFO] Copying artemis-commons-1.5.0.jar to /home/travis/build/yamcs/yamcs/yamcs-core/lib/artemis-commons-1.5.0.jar
[INFO] Copying yamcs-xtce-0.30.0.jar to /home/travis/build/yamcs/yamcs/yamcs-core/lib/yamcs-xtce-0.30.0.jar
[INFO] Copying protobuf-java-2.5.0.jar to /home/travis/build/yamcs/yamcs/yamcs-core/lib/protobuf-java-2.5.0.jar
[INFO] Copying johnzon-core-0.9.5.jar to /home/travis/build/yamcs/yamcs/yamcs-core/lib/johnzon-core-0.9.5.jar
[INFO] Copying protostuff-json-1.4.0.jar to /home/travis/build/yamcs/yamcs/yamcs-core/lib/protostuff-json-1.4.0.jar
[INFO] Copying slf4j-jdk14-1.7.1.jar to /home/travis/build/yamcs/yamcs/yamcs-core/lib/slf4j-jdk14-1.7.1.jar
[INFO] Copying janino-2.5.15.jar to /home/travis/build/yamcs/yamcs/yamcs-core/lib/janino-2.5.15.jar
[INFO] Copying commons-collections-3.2.1.jar to /home/travis/build/yamcs/yamcs/yamcs-core/lib/commons-collections-3.2.1.jar
[INFO] Copying jcommander-1.48.jar to /home/travis/build/yamcs/yamcs/yamcs-core/lib/jcommander-1.48.jar
[INFO] Copying artemis-jdbc-store-1.5.0.jar to /home/travis/build/yamcs/yamcs/yamcs-core/lib/artemis-jdbc-store-1.5.0.jar
[INFO] Copying javacsv-2.0.jar to /home/travis/build/yamcs/yamcs/yamcs-core/lib/javacsv-2.0.jar
[INFO] Copying slf4j-api-1.7.1.jar to /home/travis/build/yamcs/yamcs/yamcs-core/lib/slf4j-api-1.7.1.jar
[INFO] Copying jgroups-3.6.9.Final.jar to /home/travis/build/yamcs/yamcs/yamcs-core/lib/jgroups-3.6.9.Final.jar
[INFO] Copying netty-all-4.0.32.Final.jar to /home/travis/build/yamcs/yamcs/yamcs-core/lib/netty-all-4.0.32.Final.jar
[INFO] Copying jackson-core-2.7.1.jar to /home/travis/build/yamcs/yamcs/yamcs-core/lib/jackson-core-2.7.1.jar
[INFO] Copying geronimo-json_1.0_spec-1.0-alpha-1.jar to /home/travis/build/yamcs/yamcs/yamcs-core/lib/geronimo-json_1.0_spec-1.0-alpha-1.jar
[INFO] Copying artemis-selector-1.5.0.jar to /home/travis/build/yamcs/yamcs/yamcs-core/lib/artemis-selector-1.5.0.jar
[INFO] Copying artemis-journal-1.5.0.jar to /home/travis/build/yamcs/yamcs/yamcs-core/lib/artemis-journal-1.5.0.jar
[INFO] Copying snakeyaml-1.9.jar to /home/travis/build/yamcs/yamcs/yamcs-core/lib/snakeyaml-1.9.jar
[INFO] Copying commons-logging-1.1.1.jar to /home/travis/build/yamcs/yamcs/yamcs-core/lib/commons-logging-1.1.1.jar
[INFO] Copying commons-beanutils-1.9.2.jar to /home/travis/build/yamcs/yamcs/yamcs-core/lib/commons-beanutils-1.9.2.jar
[INFO] Copying log4j-1.2.14.jar to /home/travis/build/yamcs/yamcs/yamcs-core/lib/log4j-1.2.14.jar
[INFO] Copying artemis-native-1.5.0.jar to /home/travis/build/yamcs/yamcs/yamcs-core/lib/artemis-native-1.5.0.jar
[INFO] Copying jxl-2.6.10.jar to /home/travis/build/yamcs/yamcs/yamcs-core/lib/jxl-2.6.10.jar
[INFO] Copying guava-18.0.jar to /home/travis/build/yamcs/yamcs/yamcs-core/lib/guava-18.0.jar
[INFO] Copying jdatepicker-1.3.2.jar to /home/travis/build/yamcs/yamcs/yamcs-core/lib/jdatepicker-1.3.2.jar
[INFO] Copying protostuff-api-1.4.0.jar to /home/travis/build/yamcs/yamcs/yamcs-core/lib/protostuff-api-1.4.0.jar
[INFO] Copying yamcs-api-0.30.0.jar to /home/travis/build/yamcs/yamcs/yamcs-core/lib/yamcs-api-0.30.0.jar
[INFO] Copying jboss-logging-3.3.0.Final.jar to /home/travis/build/yamcs/yamcs/yamcs-core/lib/jboss-logging-3.3.0.Final.jar
[INFO] 
[INFO] --- maven-source-plugin:2.2.1:jar-no-fork (attach-sources) @ yamcs-core ---
[INFO] Building jar: /home/travis/build/yamcs/yamcs/yamcs-core/target/yamcs-core-0.30.0-sources.jar
[INFO] 
[INFO] --- maven-install-plugin:2.4:install (default-install) @ yamcs-core ---
[INFO] Installing /home/travis/build/yamcs/yamcs/yamcs-core/target/yamcs-core-0.30.0.jar to /home/travis/.m2/repository/org/yamcs/yamcs-core/0.30.0/yamcs-core-0.30.0.jar
[INFO] Installing /home/travis/build/yamcs/yamcs/yamcs-core/pom.xml to /home/travis/.m2/repository/org/yamcs/yamcs-core/0.30.0/yamcs-core-0.30.0.pom
[INFO] Installing /home/travis/build/yamcs/yamcs/yamcs-core/target/yamcs-core-0.30.0-sources.jar to /home/travis/.m2/repository/org/yamcs/yamcs-core/0.30.0/yamcs-core-0.30.0-sources.jar
[INFO]                                                                         
[INFO] ------------------------------------------------------------------------
[INFO] Building Yamcs Simulation 0.30.0
[INFO] ------------------------------------------------------------------------
[INFO] 
[INFO] --- maven-resources-plugin:2.6:resources (default-resources) @ yamcs-simulation ---
[INFO] Using 'UTF-8' encoding to copy filtered resources.
[INFO] Copying 2 resources
[INFO] 
[INFO] --- maven-compiler-plugin:2.3.2:compile (default-compile) @ yamcs-simulation ---
[INFO] Compiling 34 source files to /home/travis/build/yamcs/yamcs/yamcs-simulation/target/classes
[INFO] 
[INFO] --- maven-resources-plugin:2.6:testResources (default-testResources) @ yamcs-simulation ---
[INFO] Using 'UTF-8' encoding to copy filtered resources.
[INFO] Copying 5 resources
[INFO] 
[INFO] --- maven-compiler-plugin:2.3.2:testCompile (default-testCompile) @ yamcs-simulation ---
[INFO] Compiling 1 source file to /home/travis/build/yamcs/yamcs/yamcs-simulation/target/test-classes
[INFO] 
[INFO] --- maven-surefire-plugin:2.19.1:test (default-test) @ yamcs-simulation ---
[INFO] Tests are skipped.
[INFO] 
[INFO] --- maven-jar-plugin:2.4:jar (default-jar) @ yamcs-simulation ---
[INFO] Building jar: /home/travis/build/yamcs/yamcs/yamcs-simulation/target/yamcs-simulation-0.30.0.jar
[INFO] 
[INFO] --- maven-source-plugin:2.2.1:jar-no-fork (attach-sources) @ yamcs-simulation ---
[INFO] Building jar: /home/travis/build/yamcs/yamcs/yamcs-simulation/target/yamcs-simulation-0.30.0-sources.jar
[INFO] 
[INFO] --- maven-install-plugin:2.4:install (default-install) @ yamcs-simulation ---
[INFO] Installing /home/travis/build/yamcs/yamcs/yamcs-simulation/target/yamcs-simulation-0.30.0.jar to /home/travis/.m2/repository/org/yamcs/yamcs-simulation/0.30.0/yamcs-simulation-0.30.0.jar
[INFO] Installing /home/travis/build/yamcs/yamcs/yamcs-simulation/pom.xml to /home/travis/.m2/repository/org/yamcs/yamcs-simulation/0.30.0/yamcs-simulation-0.30.0.pom
[INFO] Installing /home/travis/build/yamcs/yamcs/yamcs-simulation/target/yamcs-simulation-0.30.0-sources.jar to /home/travis/.m2/repository/org/yamcs/yamcs-simulation/0.30.0/yamcs-simulation-0.30.0-sources.jar
[INFO] ------------------------------------------------------------------------
[INFO] Reactor Summary:
[INFO] 
[INFO] Yamcs .............................................. SUCCESS [  1.221 s]
[INFO] Yamcs API .......................................... SUCCESS [ 20.060 s]
[INFO] Yamcs XTCE ......................................... SUCCESS [  5.562 s]
[INFO] Yamcs Core ......................................... SUCCESS [ 24.905 s]
[INFO] Yamcs Simulation ................................... SUCCESS [  3.098 s]
[INFO] ------------------------------------------------------------------------
[INFO] BUILD SUCCESS
[INFO] ------------------------------------------------------------------------
[INFO] Total time: 55.076 s
[INFO] Finished at: 2017-01-11T13:25:53+00:00
[INFO] Final Memory: 80M/474M
[INFO] ------------------------------------------------------------------------

travis_time:end:114596e8:start=1484141095906320434,finish=1484141154536542302,duration=58630221868[0Ktravis_fold:end:install[0Ktravis_time:start:0f2c9960[0K$ mvn -Dsurefire.useFile=false test
Java HotSpot(TM) 64-Bit Server VM warning: ignoring option MaxPermSize=192m; support was removed in 8.0
[INFO] Scanning for projects...
[INFO] ------------------------------------------------------------------------
[INFO] Reactor Build Order:
[INFO] 
[INFO] Yamcs
[INFO] Yamcs API
[INFO] Yamcs XTCE
[INFO] Yamcs Core
[INFO] Yamcs Simulation
[INFO]                                                                         
[INFO] ------------------------------------------------------------------------
[INFO] Building Yamcs 0.30.0
[INFO] ------------------------------------------------------------------------
[INFO]                                                                         
[INFO] ------------------------------------------------------------------------
[INFO] Building Yamcs API 0.30.0
[INFO] ------------------------------------------------------------------------
[INFO] 
[INFO] --- maven-resources-plugin:2.6:resources (default-resources) @ yamcs-api ---
[INFO] Using 'UTF-8' encoding to copy filtered resources.
[INFO] Copying 1 resource
[INFO] 
[INFO] --- maven-compiler-plugin:2.3.2:compile (default-compile) @ yamcs-api ---
[INFO] Nothing to compile - all classes are up to date
[INFO] 
[INFO] --- maven-resources-plugin:2.6:testResources (default-testResources) @ yamcs-api ---
[INFO] Using 'UTF-8' encoding to copy filtered resources.
[INFO] skip non existing resourceDirectory /home/travis/build/yamcs/yamcs/yamcs-api/src/test/resources
[INFO] 
[INFO] --- maven-compiler-plugin:2.3.2:testCompile (default-testCompile) @ yamcs-api ---
[INFO] Nothing to compile - all classes are up to date
[INFO] 
[INFO] --- maven-surefire-plugin:2.19.1:test (default-test) @ yamcs-api ---

-------------------------------------------------------
 T E S T S
-------------------------------------------------------
Running org.yamcs.utils.TimeEncodingTest
sdf,format:2010-12-31T23:59:59.000
d=Fri Dec 31 23:59:59 UTC 2010
cal=Fri Dec 31 23:59:59 UTC 2010
hod=23
s=2010-12-31T23:59:59.000
Tests run: 15, Failures: 0, Errors: 0, Skipped: 0, Time elapsed: 0.145 sec - in org.yamcs.utils.TimeEncodingTest
Running org.yamcs.utils.TaiUtcConverterTest
Tests run: 2, Failures: 0, Errors: 0, Skipped: 0, Time elapsed: 0.014 sec - in org.yamcs.utils.TaiUtcConverterTest
Running org.yamcs.api.AbstractEventProducerTest
Tests run: 5, Failures: 0, Errors: 0, Skipped: 0, Time elapsed: 0.112 sec - in org.yamcs.api.AbstractEventProducerTest

Results :

Tests run: 22, Failures: 0, Errors: 0, Skipped: 0

[INFO]                                                                         
[INFO] ------------------------------------------------------------------------
[INFO] Building Yamcs XTCE 0.30.0
[INFO] ------------------------------------------------------------------------
[INFO] 
[INFO] --- maven-resources-plugin:2.6:resources (default-resources) @ yamcs-xtce ---
[INFO] Using 'UTF-8' encoding to copy filtered resources.
[INFO] Copying 1 resource
[INFO] 
[INFO] --- maven-compiler-plugin:2.3.2:compile (default-compile) @ yamcs-xtce ---
[INFO] Nothing to compile - all classes are up to date
[INFO] 
[INFO] --- maven-resources-plugin:2.6:testResources (default-testResources) @ yamcs-xtce ---
[INFO] Using 'UTF-8' encoding to copy filtered resources.
[INFO] skip non existing resourceDirectory /home/travis/build/yamcs/yamcs/yamcs-xtce/src/test/resources
[INFO] 
[INFO] --- maven-compiler-plugin:2.3.2:testCompile (default-testCompile) @ yamcs-xtce ---
[INFO] Nothing to compile - all classes are up to date
[INFO] 
[INFO] --- maven-surefire-plugin:2.19.1:test (default-test) @ yamcs-xtce ---

-------------------------------------------------------
 T E S T S
-------------------------------------------------------
Running org.yamcs.xtce.HistoryTest
Tests run: 2, Failures: 0, Errors: 0, Skipped: 0, Time elapsed: 0.108 sec - in org.yamcs.xtce.HistoryTest

Results :

Tests run: 2, Failures: 0, Errors: 0, Skipped: 0

[INFO]                                                                         
[INFO] ------------------------------------------------------------------------
[INFO] Building Yamcs Core 0.30.0
[INFO] ------------------------------------------------------------------------
[INFO] 
[INFO] --- build-helper-maven-plugin:1.11:add-source (add-source) @ yamcs-core ---
[INFO] Source directory: /home/travis/build/yamcs/yamcs/yamcs-core/target/generated-sources/version added.
[INFO] 
[INFO] --- maven-antrun-plugin:1.3:run (generate-version) @ yamcs-core ---
[INFO] Executing tasks
[INFO] Executed tasks
[INFO] 
[INFO] --- maven-resources-plugin:2.6:resources (default-resources) @ yamcs-core ---
[INFO] Using 'UTF-8' encoding to copy filtered resources.
[INFO] Copying 31 resources
[INFO] 
[INFO] --- maven-compiler-plugin:2.3.2:compile (default-compile) @ yamcs-core ---
[INFO] Nothing to compile - all classes are up to date
[INFO] 
[INFO] --- maven-resources-plugin:2.6:testResources (default-testResources) @ yamcs-core ---
[INFO] Using 'UTF-8' encoding to copy filtered resources.
[INFO] Copying 37 resources
[INFO] Copying 20 resources
[INFO] 
[INFO] --- maven-compiler-plugin:2.3.2:testCompile (default-testCompile) @ yamcs-core ---
[INFO] Nothing to compile - all classes are up to date
[INFO] 
[INFO] --- maven-surefire-plugin:2.19.1:test (default-test) @ yamcs-core ---

-------------------------------------------------------
 T E S T S
-------------------------------------------------------
Running org.yamcs.EventCrashHandlerTest
Tests run: 1, Failures: 0, Errors: 0, Skipped: 0, Time elapsed: 0.231 sec - in org.yamcs.EventCrashHandlerTest
Running org.yamcs.yarch.StarSelectTest
Created directory: /home/travis/.yamcs/log
Tests run: 1, Failures: 0, Errors: 0, Skipped: 0, Time elapsed: 0.501 sec - in org.yamcs.yarch.StarSelectTest
Running org.yamcs.yarch.rocksdb.HistogramRebuilderTest
Tests run: 3, Failures: 0, Errors: 0, Skipped: 0, Time elapsed: 0.707 sec - in org.yamcs.yarch.rocksdb.HistogramRebuilderTest
Running org.yamcs.yarch.rocksdb.PartitionManagerTest
Tests run: 5, Failures: 0, Errors: 0, Skipped: 0, Time elapsed: 0.569 sec - in org.yamcs.yarch.rocksdb.PartitionManagerTest
Running org.yamcs.yarch.rocksdb.TagsTest
Tests run: 1, Failures: 0, Errors: 0, Skipped: 0, Time elapsed: 0.519 sec - in org.yamcs.yarch.rocksdb.TagsTest
Running org.yamcs.yarch.rocksdb.RdbSelectPerfTest
Tests run: 1, Failures: 0, Errors: 0, Skipped: 1, Time elapsed: 0.02 sec - in org.yamcs.yarch.rocksdb.RdbSelectPerfTest
Running org.yamcs.yarch.rocksdb.PartitioningTest
Tests run: 6, Failures: 0, Errors: 0, Skipped: 0, Time elapsed: 1.08 sec - in org.yamcs.yarch.rocksdb.PartitioningTest
Running org.yamcs.yarch.rocksdb.RdbSelectTest
Tests run: 14, Failures: 0, Errors: 0, Skipped: 0, Time elapsed: 1.054 sec - in org.yamcs.yarch.rocksdb.RdbSelectTest
Running org.yamcs.yarch.rocksdb.RdbEngineTest
Tests run: 1, Failures: 0, Errors: 0, Skipped: 0, Time elapsed: 0.645 sec - in org.yamcs.yarch.rocksdb.RdbEngineTest
Running org.yamcs.yarch.rocksdb.RDBFactoryTest
Tests run: 2, Failures: 0, Errors: 0, Skipped: 0, Time elapsed: 3.887 sec - in org.yamcs.yarch.rocksdb.RDBFactoryTest
Running org.yamcs.yarch.EnumWithPartitionTest
Tests run: 8, Failures: 0, Errors: 0, Skipped: 0, Time elapsed: 1.398 sec - in org.yamcs.yarch.EnumWithPartitionTest
Running org.yamcs.yarch.ConcurrencyTest
Tests run: 2, Failures: 0, Errors: 0, Skipped: 0, Time elapsed: 26.126 sec - in org.yamcs.yarch.ConcurrencyTest
Running org.yamcs.yarch.HistogramSegmentTest
Tests run: 10, Failures: 0, Errors: 0, Skipped: 0, Time elapsed: 0.204 sec - in org.yamcs.yarch.HistogramSegmentTest
Running org.yamcs.yarch.StreamSqlParserTest
Tests run: 3, Failures: 0, Errors: 0, Skipped: 0, Time elapsed: 0.392 sec - in org.yamcs.yarch.StreamSqlParserTest
Running org.yamcs.yarch.StreamSelect2Test
Tests run: 8, Failures: 0, Errors: 0, Skipped: 0, Time elapsed: 3.765 sec - in org.yamcs.yarch.StreamSelect2Test
Running org.yamcs.yarch.StreamSelectTest
Tests run: 3, Failures: 0, Errors: 0, Skipped: 0, Time elapsed: 0.562 sec - in org.yamcs.yarch.StreamSelectTest
Running org.yamcs.yarch.EnumTest
Tests run: 6, Failures: 0, Errors: 0, Skipped: 0, Time elapsed: 0.878 sec - in org.yamcs.yarch.EnumTest
Running org.yamcs.yarch.DynamicSchemaTableTest
values: [v1 INT, v2 INT, v3 INT]
Tests run: 4, Failures: 0, Errors: 0, Skipped: 0, Time elapsed: 0.419 sec - in org.yamcs.yarch.DynamicSchemaTableTest
Running org.yamcs.yarch.StreamSelectPerfTest
Tests run: 1, Failures: 0, Errors: 0, Skipped: 0, Time elapsed: 1.586 sec - in org.yamcs.yarch.StreamSelectPerfTest
Running org.yamcs.yarch.HistogramStreamTest
Tests run: 8, Failures: 0, Errors: 0, Skipped: 2, Time elapsed: 3.123 sec - in org.yamcs.yarch.HistogramStreamTest
Running org.yamcs.yarch.StreamMergeTest
Tests run: 4, Failures: 0, Errors: 0, Skipped: 0, Time elapsed: 1.13 sec - in org.yamcs.yarch.StreamMergeTest
Running org.yamcs.yarch.TableDefinitionSerializationTest
Tests run: 4, Failures: 0, Errors: 0, Skipped: 0, Time elapsed: 0.483 sec - in org.yamcs.yarch.TableDefinitionSerializationTest
Running org.yamcs.yarch.StandaloneStreamTest
Tests run: 1, Failures: 0, Errors: 0, Skipped: 0, Time elapsed: 0.334 sec - in org.yamcs.yarch.StandaloneStreamTest
Running org.yamcs.yarch.StreamSelect1Test
Tests run: 2, Failures: 0, Errors: 0, Skipped: 0, Time elapsed: 0.535 sec - in org.yamcs.yarch.StreamSelect1Test
Running org.yamcs.xtceproc.XtceDbFactoryTest
Warning:  Cell at E17 not present - adding a blank
Warning:  Some cells exceeded the specified bounds.  Resizing sheet dimensions from 4x42 to 5x42
Tests run: 3, Failures: 0, Errors: 0, Skipped: 0, Time elapsed: 3.543 sec - in org.yamcs.xtceproc.XtceDbFactoryTest
Running org.yamcs.xtceproc.XtceTmExtractorTest
Jan 11 13:27:11.277 [1] org.yamcs.xtceproc.ParameterTypeProcessor calibrateInteger WARNING:StringIntTermPara1_5_2: failed to parse string 'invalidint' to long
Jan 11 13:27:11.295 [1] org.yamcs.xtceproc.ParameterTypeProcessor calibrateEnumerated WARNING:StringIntTermPara20_1: failed to parse string 'invalidlong' to long
Jan 11 13:27:11.299 [1] org.yamcs.xtceproc.ParameterTypeProcessor calibrateFloat WARNING:StringFloatTSCPara1_4_2: failed to parse string 'invalidfloat' to double
Tests run: 21, Failures: 0, Errors: 0, Skipped: 0, Time elapsed: 0.517 sec - in org.yamcs.xtceproc.XtceTmExtractorTest
Running org.yamcs.xtceproc.XtceCommandEncodingTest
Warning:  Cell at E17 not present - adding a blank
Warning:  Some cells exceeded the specified bounds.  Resizing sheet dimensions from 4x42 to 5x42
command buffer: 0B0A1200
Tests run: 11, Failures: 0, Errors: 0, Skipped: 0, Time elapsed: 4.511 sec - in org.yamcs.xtceproc.XtceCommandEncodingTest
Running org.yamcs.algorithms.WindowBufferTest
Tests run: 1, Failures: 0, Errors: 0, Skipped: 0, Time elapsed: 0.068 sec - in org.yamcs.algorithms.WindowBufferTest
Running org.yamcs.algorithms.AlgorithmWithContextTest
Tests run: 1, Failures: 0, Errors: 0, Skipped: 0, Time elapsed: 3.419 sec - in org.yamcs.algorithms.AlgorithmWithContextTest
Running org.yamcs.algorithms.AlgorithmManagerTest
Tests run: 14, Failures: 0, Errors: 0, Skipped: 1, Time elapsed: 14.529 sec - in org.yamcs.algorithms.AlgorithmManagerTest
Running org.yamcs.algorithms.AlgorithmManagerPyTest
Tests run: 3, Failures: 0, Errors: 0, Skipped: 0, Time elapsed: 2.928 sec - in org.yamcs.algorithms.AlgorithmManagerPyTest
Running org.yamcs.algorithms.AlgorithmManagerJavaTest
Tests run: 3, Failures: 0, Errors: 0, Skipped: 0, Time elapsed: 2.877 sec - in org.yamcs.algorithms.AlgorithmManagerJavaTest
Running org.yamcs.ContainerRequestManagerTest
Tests run: 1, Failures: 0, Errors: 0, Skipped: 0, Time elapsed: 0.543 sec - in org.yamcs.ContainerRequestManagerTest
Running org.yamcs.parameter.ValueTest
Tests run: 1, Failures: 0, Errors: 0, Skipped: 1, Time elapsed: 0.059 sec - in org.yamcs.parameter.ValueTest
Running org.yamcs.parameter.ParameterCacheTest
Tests run: 5, Failures: 0, Errors: 0, Skipped: 1, Time elapsed: 0.122 sec - in org.yamcs.parameter.ParameterCacheTest
Running org.yamcs.parameter.ParameterValueListTest
Tests run: 5, Failures: 0, Errors: 0, Skipped: 0, Time elapsed: 0.151 sec - in org.yamcs.parameter.ParameterValueListTest
Running org.yamcs.parameter.SubsriptionArrayTest
Tests run: 1, Failures: 0, Errors: 0, Skipped: 0, Time elapsed: 0.072 sec - in org.yamcs.parameter.SubsriptionArrayTest
Running org.yamcs.parameter.SoftwareParameterManagerTest
Tests run: 1, Failures: 0, Errors: 0, Skipped: 0, Time elapsed: 2.485 sec - in org.yamcs.parameter.SoftwareParameterManagerTest
Running org.yamcs.ui.eventviewer.UtilsTest
Tests run: 3, Failures: 0, Errors: 0, Skipped: 0, Time elapsed: 0.056 sec - in org.yamcs.ui.eventviewer.UtilsTest
Running org.yamcs.web.rest.archive.RestDownsamplerTest
Tests run: 1, Failures: 0, Errors: 0, Skipped: 0, Time elapsed: 0.122 sec - in org.yamcs.web.rest.archive.RestDownsamplerTest
Running org.yamcs.web.rest.mdb.XtceToGpbAssemblerTest
Tests run: 3, Failures: 0, Errors: 0, Skipped: 0, Time elapsed: 0.539 sec - in org.yamcs.web.rest.mdb.XtceToGpbAssemblerTest
Running org.yamcs.web.rest.mdb.NameDescriptionSearchMatcherTest
Tests run: 1, Failures: 0, Errors: 0, Skipped: 0, Time elapsed: 0.51 sec - in org.yamcs.web.rest.mdb.NameDescriptionSearchMatcherTest
Running org.yamcs.web.rest.RouterTest
Tests run: 10, Failures: 0, Errors: 0, Skipped: 0, Time elapsed: 0.37 sec - in org.yamcs.web.rest.RouterTest
Running org.yamcs.web.rest.RestRequestTest
Tests run: 5, Failures: 0, Errors: 0, Skipped: 0, Time elapsed: 0.15 sec - in org.yamcs.web.rest.RestRequestTest
Running org.yamcs.PermissionsTest
Jan 11 13:27:59.283 [27] org.yamcs.web.rest.Router handleException WARNING:R1: Sending nominal exception back to client: User operator/***** has no 'set' permission for parameter /REFMDB/SUBSYS1/LocalPara1
Jan 11 13:27:59.292 [27] org.yamcs.web.HttpRequestHandler sendError WARNING:POST /api/processors/IntegrationTest/realtime/parameters/mset 403
Jan 11 13:27:59.575 [29] org.yamcs.security.YamlRealm getPrivileges WARNING:No privileges of type tm_parameter_privileges for role EmptyRole
Jan 11 13:27:59.577 [29] org.yamcs.security.YamlRealm getPrivileges WARNING:No privileges of type tm_parameter_set_privileges for role EmptyRole
Jan 11 13:27:59.577 [29] org.yamcs.security.YamlRealm getPrivileges WARNING:No privileges of type tm_packet_privileges for role EmptyRole
Jan 11 13:27:59.577 [29] org.yamcs.security.YamlRealm getPrivileges WARNING:No privileges of type tc_privileges for role EmptyRole
Jan 11 13:27:59.578 [29] org.yamcs.security.YamlRealm getPrivileges WARNING:No privileges of type system_privileges for role EmptyRole
Jan 11 13:27:59.705 [30] org.yamcs.web.rest.RestHandler verifyCommand WARNING:Command 'FLOAT_ARG_TC' (namespace: '/REFMDB/SUBSYS1') found, but withheld due to insufficient privileges. Returning 404 instead
Jan 11 13:27:59.705 [30] org.yamcs.web.rest.Router handleException WARNING:R3: Sending nominal exception back to client: No resource named '/api/processors/IntegrationTest/realtime/commands/REFMDB/SUBSYS1/FLOAT_ARG_TC' (No such command)
Jan 11 13:27:59.706 [30] org.yamcs.web.HttpRequestHandler sendError WARNING:POST /api/processors/IntegrationTest/realtime/commands/REFMDB/SUBSYS1/FLOAT_ARG_TC 404
Jan 11 13:27:59.755 [32] org.yamcs.commanding.CommandingManager addToCommandHistory WARNING:Throwing InsufficientPrivileges for lack of COMMANDING privilege for user testuser/*****
Jan 11 13:27:59.755 [32] org.yamcs.web.rest.Router handleException WARNING:R4: Sending nominal exception back to client: Forbidden
Jan 11 13:27:59.756 [32] org.yamcs.web.HttpRequestHandler sendError WARNING:POST /api/processors/IntegrationTest/realtime/commandhistory/REFMDB/SUBSYS1/ONE_INT_ARG_TC 403
Jan 11 13:28:02.798 [35] org.yamcs.web.rest.archive.ArchiveParameterRestHandler listParameterHistory WARNING:No parameter id found in the parameter archive for /REFMDB/SUBSYS1/IntegerPara1_1_6
Jan 11 13:28:02.842 [36] org.yamcs.web.HttpRequestHandler sendError WARNING:GET /api/archive/IntegrationTest/REFMDB/SUBSYS1/FixedStringPara1_3_1?start=2015-03-02T10:10:00&stop=2015-03-02T10:10:02&order=asc 404
Jan 11 13:28:02.891 [38] org.yamcs.security.BasicAuthModule sendUnauthorized WARNING:GET /api/user 401 [realm="org.yamcs.security.BasicAuthModule"]
Jan 11 13:28:02.974 [41] org.yamcs.web.rest.Router handleException WARNING:R9: Sending nominal exception back to client: User testuser/***** has no permission for parameter /REFMDB/SUBSYS1/FloatPara1_1_3
Jan 11 13:28:02.974 [41] org.yamcs.web.HttpRequestHandler sendError WARNING:GET /api/processors/IntegrationTest/realtime/parameters/mget 403
Tests run: 6, Failures: 0, Errors: 0, Skipped: 0, Time elapsed: 7.931 sec - in org.yamcs.PermissionsTest
Running org.yamcs.parameterarchive.ParameterArchiveTest
Tests run: 5, Failures: 0, Errors: 0, Skipped: 0, Time elapsed: 0.615 sec - in org.yamcs.parameterarchive.ParameterArchiveTest
Running org.yamcs.parameterarchive.ObjectSegmentTest
Tests run: 4, Failures: 0, Errors: 0, Skipped: 0, Time elapsed: 0.22 sec - in org.yamcs.parameterarchive.ObjectSegmentTest
Running org.yamcs.parameterarchive.DoubleValueSegmentTest
Tests run: 1, Failures: 0, Errors: 0, Skipped: 0, Time elapsed: 0.062 sec - in org.yamcs.parameterarchive.DoubleValueSegmentTest
Running org.yamcs.parameterarchive.BooleanValueSegmentTest
Tests run: 1, Failures: 0, Errors: 0, Skipped: 0, Time elapsed: 0.058 sec - in org.yamcs.parameterarchive.BooleanValueSegmentTest
Running org.yamcs.parameterarchive.LongValueSegmentTest
Tests run: 2, Failures: 0, Errors: 0, Skipped: 0, Time elapsed: 0.075 sec - in org.yamcs.parameterarchive.LongValueSegmentTest
Running org.yamcs.parameterarchive.TestStructure
Tests run: 2, Failures: 0, Errors: 0, Skipped: 2, Time elapsed: 0.052 sec - in org.yamcs.parameterarchive.TestStructure
Running org.yamcs.parameterarchive.FloatValueSegmentTest
Tests run: 2, Failures: 0, Errors: 0, Skipped: 0, Time elapsed: 0.072 sec - in org.yamcs.parameterarchive.FloatValueSegmentTest
Running org.yamcs.parameterarchive.IntValueSegmentTest
Tests run: 3, Failures: 0, Errors: 0, Skipped: 0, Time elapsed: 0.102 sec - in org.yamcs.parameterarchive.IntValueSegmentTest
Running org.yamcs.parameterarchive.GenericValueSegmentTest
Tests run: 1, Failures: 0, Errors: 0, Skipped: 0, Time elapsed: 0.099 sec - in org.yamcs.parameterarchive.GenericValueSegmentTest
Running org.yamcs.parameterarchive.TimeSegmentTest
Tests run: 1, Failures: 0, Errors: 0, Skipped: 0, Time elapsed: 0.055 sec - in org.yamcs.parameterarchive.TimeSegmentTest
Running org.yamcs.parameterarchive.TestCompression
Tests run: 1, Failures: 0, Errors: 0, Skipped: 1, Time elapsed: 0.049 sec - in org.yamcs.parameterarchive.TestCompression
Running org.yamcs.parameterarchive.ParameterIdMapTest
Tests run: 1, Failures: 0, Errors: 0, Skipped: 0, Time elapsed: 0.256 sec - in org.yamcs.parameterarchive.ParameterIdMapTest
Running org.yamcs.parameterarchive.StringValueSegmentTest
Tests run: 1, Failures: 0, Errors: 0, Skipped: 0, Time elapsed: 0.092 sec - in org.yamcs.parameterarchive.StringValueSegmentTest
Running org.yamcs.parameterarchive.ParameterGroupIdMapTest
Tests run: 1, Failures: 0, Errors: 0, Skipped: 0, Time elapsed: 0.261 sec - in org.yamcs.parameterarchive.ParameterGroupIdMapTest
Running org.yamcs.xtce.SpreadsheetLoaderTest
Tests run: 5, Failures: 0, Errors: 0, Skipped: 0, Time elapsed: 0.743 sec - in org.yamcs.xtce.SpreadsheetLoaderTest
Running org.yamcs.IntegrationTest
Jan 11 13:28:18.894 [27] org.yamcs.web.rest.Router handleException WARNING:R1: Sending nominal exception back to client: Cannot find a local(software) parameter for 'name: "/REFMDB/SUBSYS1/IntegerPara1_1_6"
'
Jan 11 13:28:18.902 [27] org.yamcs.web.HttpRequestHandler sendError WARNING:POST /api/processors/IntegrationTest/realtime/parameters/mset 400
Jan 11 13:28:22.505 [34] org.yamcs.web.rest.Router handleException WARNING:R4: Sending nominal exception back to client: Invalid parameters: [name: "/REFMDB/SUBSYS1/InvalidParaName"
]
Jan 11 13:28:22.506 [34] org.yamcs.web.HttpRequestHandler sendError WARNING:GET /api/processors/IntegrationTest/realtime/parameters/mget 400
Jan 11 13:28:25.545 [165] org.yamcs.web.rest.Router lambda$dispatch$4 SEVERE:R6 blocking the netty thread for 2 seconds. uri: /api/processors/IntegrationTest/realtime/parameters/mget
Jan 11 13:28:25.547 [1] org.yamcs.IntegrationTest testRestParameterGet SEVERE:GET  BACK                      { }

Jan 11 13:28:29.259 [62] org.yamcs.web.rest.Router handleException WARNING:R24: Sending nominal exception back to client: Cannot assign integer from STRING
Jan 11 13:28:29.260 [62] org.yamcs.web.HttpRequestHandler sendError WARNING:POST /api/processors/IntegrationTest/realtime/parameters/mset 400
Tests run: 15, Failures: 0, Errors: 0, Skipped: 1, Time elapsed: 15.704 sec - in org.yamcs.IntegrationTest
Running org.yamcs.utils.TimeEncodingTest
max = 185539080470436999
5881469-05-27T23:59:59.999
Tests run: 2, Failures: 0, Errors: 0, Skipped: 0, Time elapsed: 0.114 sec - in org.yamcs.utils.TimeEncodingTest
Running org.yamcs.utils.TestBitBuffer
Tests run: 3, Failures: 0, Errors: 0, Skipped: 0, Time elapsed: 0.052 sec - in org.yamcs.utils.TestBitBuffer
Running org.yamcs.utils.SortedIntArrayTest
s2 encoded: [-1, 5, 20]
Tests run: 10, Failures: 0, Errors: 0, Skipped: 1, Time elapsed: 0.074 sec - in org.yamcs.utils.SortedIntArrayTest
Running org.yamcs.utils.VarIntUtilTest
Tests run: 3, Failures: 0, Errors: 0, Skipped: 0, Time elapsed: 0.055 sec - in org.yamcs.utils.VarIntUtilTest
Running org.yamcs.artemis.StreamAdapterTest
Jan 11 13:28:33.517 [1] org.yamcs.security.Privilege <clinit> WARNING:Privileges disabled, all connections are allowed and have full permissions
Jan 11 13:28:33.994 [1] org.apache.activemq.artemis.core.server start INFO:AMQ221000: live Message Broker is starting with configuration Broker Configuration (clustered=false,journalDirectory=data/journal,bindingsDirectory=data/bindings,largeMessagesDirectory=data/largemessages,pagingDirectory=data/paging)
Jan 11 13:28:34.031 [1] org.apache.activemq.artemis.core.server <init> INFO:AMQ221043: Protocol module found: [artemis-server]. Adding protocol support for: CORE
log4j:WARN No appenders could be found for logger (org.apache.commons.beanutils.converters.BooleanConverter).
log4j:WARN Please initialize the log4j system properly.
Jan 11 13:28:34.197 [1] org.apache.activemq.artemis.core.server run INFO:AMQ221007: Server is now live
Jan 11 13:28:34.198 [1] org.apache.activemq.artemis.core.server start INFO:AMQ221001: Apache ActiveMQ Artemis Message Broker version 1.5.0 [localhost, nodeID=d9abca2b-d801-11e6-8326-0242ac110004] 
Jan 11 13:28:34.326 [31] org.apache.activemq.artemis.core.server checkDeadLetterAddressAndExpiryAddress WARNING:AMQ222165: No Dead Letter Address configured for queue tempRpcQueue.506d0ec5-1ed9-4441-a39f-5458da5d2b37 in AddressSettings
Jan 11 13:28:34.326 [31] org.apache.activemq.artemis.core.server checkDeadLetterAddressAndExpiryAddress WARNING:AMQ222166: No Expiry Address configured for queue tempRpcQueue.506d0ec5-1ed9-4441-a39f-5458da5d2b37 in AddressSettings
Jan 11 13:28:34.460 [31] org.apache.activemq.artemis.core.server checkDeadLetterAddressAndExpiryAddress WARNING:AMQ222165: No Dead Letter Address configured for queue tests2h-StreamAdapter in AddressSettings
Jan 11 13:28:34.460 [31] org.apache.activemq.artemis.core.server checkDeadLetterAddressAndExpiryAddress WARNING:AMQ222166: No Expiry Address configured for queue tests2h-StreamAdapter in AddressSettings
Jan 11 13:28:34.468 [31] org.apache.activemq.artemis.core.server checkDeadLetterAddressAndExpiryAddress WARNING:AMQ222165: No Dead Letter Address configured for queue tempDataQueue.1929ed20-5dd7-45e1-8271-556b617fa38b in AddressSettings
Jan 11 13:28:34.469 [31] org.apache.activemq.artemis.core.server checkDeadLetterAddressAndExpiryAddress WARNING:AMQ222166: No Expiry Address configured for queue tempDataQueue.1929ed20-5dd7-45e1-8271-556b617fa38b in AddressSettings
Jan 11 13:28:34.530 [31] org.apache.activemq.artemis.core.server checkDeadLetterAddressAndExpiryAddress WARNING:AMQ222165: No Dead Letter Address configured for queue tests2h-StreamAdapter in AddressSettings
Jan 11 13:28:34.530 [31] org.apache.activemq.artemis.core.server checkDeadLetterAddressAndExpiryAddress WARNING:AMQ222166: No Expiry Address configured for queue tests2h-StreamAdapter in AddressSettings
Jan 11 13:28:34.540 [31] org.apache.activemq.artemis.core.server checkDeadLetterAddressAndExpiryAddress WARNING:AMQ222165: No Dead Letter Address configured for queue tempDataQueue.cf061583-1a36-43de-8ced-2195cfbc922f in AddressSettings
Jan 11 13:28:34.540 [31] org.apache.activemq.artemis.core.server checkDeadLetterAddressAndExpiryAddress WARNING:AMQ222166: No Expiry Address configured for queue tempDataQueue.cf061583-1a36-43de-8ced-2195cfbc922f in AddressSettings
Jan 11 13:28:34.560 [34] org.apache.activemq.artemis.core.client fail WARNING:AMQ212037: Connection failure has been detected: AMQ119015: The connection was disconnected because of server shutdown [code=DISCONNECTED]
Jan 11 13:28:34.564 [1] org.apache.activemq.artemis.core.server stop INFO:AMQ221002: Apache ActiveMQ Artemis Message Broker version 1.5.0 [d9abca2b-d801-11e6-8326-0242ac110004] stopped, uptime 0.604 seconds
Tests run: 2, Failures: 0, Errors: 0, Skipped: 0, Time elapsed: 1.245 sec - in org.yamcs.artemis.StreamAdapterTest
Running org.yamcs.artemis.ProducerKillerTest
log4j:WARN No appenders could be found for logger (org.jboss.logging).
log4j:WARN Please initialize the log4j system properly.
Jan 11 13:29:37.742 [242] org.yamcs.api.artemis.Protocol onMessage WARNING:closing producer org.apache.activemq.artemis.core.client.impl.ClientProducerImpl@408d971b because the consumer to the address tempDataAddress.f6e8259c-0540-48de-b968-6b4dc7e96250 has closed
ActiveMQObjectClosedException[errorType=OBJECT_CLOSED message=AMQ119018: Producer is closed]
	at org.apache.activemq.artemis.core.client.impl.ClientProducerImpl.checkClosed(ClientProducerImpl.java:292)
	at org.apache.activemq.artemis.core.client.impl.ClientProducerImpl.send(ClientProducerImpl.java:124)
	at org.yamcs.api.artemis.YamcsClient.sendData(YamcsClient.java:380)
	at org.yamcs.artemis.ProducerKillerTest$2.run(ProducerKillerTest.java:58)
	at java.lang.Thread.run(Thread.java:745)
Tests run: 1, Failures: 0, Errors: 0, Skipped: 0, Time elapsed: 62.757 sec - in org.yamcs.artemis.ProducerKillerTest
Running org.yamcs.ParameterArchiveIntegrationTest
Jan 11 13:29:46.160 [27] org.yamcs.web.rest.archive.ArchiveParameterRestHandler listParameterHistory WARNING:No parameter id found in the parameter archive for /REFMDB/SUBSYS1/FloatPara1_1_2
Jan 11 13:29:46.255 [28] org.yamcs.web.rest.archive.ArchiveParameterRestHandler getParameterSamples WARNING:No parameter id found in the parameter archive for /REFMDB/SUBSYS1/FloatPara1_1_2
Jan 11 13:29:46.317 [1] org.yamcs.parameterarchive.ParameterArchive reprocess FINE:Scheduling a reprocess for interval [2015-01-02T10:00:00.000 - 2016-01-02T11:00:00.000]
Jan 11 13:29:46.324 [166] org.yamcs.parameterarchive.BackFiller runTask INFO:Starting an parameter archive fillup for interval [2015-01-02T09:34:59.400-2016-01-02T11:01:04.480)
Jan 11 13:29:46.704 [169] org.yamcs.parameterarchive.ArchiveFillerTask[IntegrationTest] updateItems FINE:Writing to archive the segment: [2015-01-02T09:34:59.400 - 2015-01-02T10:44:53.704)
Jan 11 13:29:47.106 [169] org.yamcs.parameterarchive.ArchiveFillerTask[IntegrationTest] updateItems FINE:Writing to archive the segment: [2015-01-02T10:44:53.704 - 2015-01-02T11:54:48.008)
Jan 11 13:29:47.139 [166] org.yamcs.parameterarchive.ArchiveFillerTask[IntegrationTest] flush INFO:Starting a consolidation process, number of intervals: 1
Jan 11 13:29:47.142 [166] org.yamcs.parameterarchive.BackFiller runTask INFO:Parameter archive fillup for interval [2015-01-02T09:34:59.400-2016-01-02T11:01:04.480) finished, number of processed parameter samples: 194400
Jan 11 13:29:47.214 [30] org.yamcs.parameterarchive.MultiParameterDataRetrieval retrieve FINE:Stoped early due to receiving ConsumerAbortException
Jan 11 13:29:47.241 [31] org.yamcs.parameterarchive.MultiParameterDataRetrieval retrieve FINE:Stoped early due to receiving ConsumerAbortException
Jan 11 13:29:47.277 [33] org.yamcs.parameterarchive.MultiParameterDataRetrieval retrieve FINE:Stoped early due to receiving ConsumerAbortException
Jan 11 13:29:47.327 [1] org.yamcs.parameterarchive.ParameterArchive doStop FINE:Stopping ParameterArchive service for instance IntegrationTest
Tests run: 2, Failures: 0, Errors: 0, Skipped: 1, Time elapsed: 8.927 sec - in org.yamcs.ParameterArchiveIntegrationTest
Running org.yamcs.alarms.AlarmServerTest
Tests run: 6, Failures: 0, Errors: 0, Skipped: 0, Time elapsed: 0.136 sec - in org.yamcs.alarms.AlarmServerTest
Running org.yamcs.archive.CcsdsTmIndexTest
Tests run: 3, Failures: 0, Errors: 0, Skipped: 1, Time elapsed: 0.278 sec - in org.yamcs.archive.CcsdsTmIndexTest
Running org.yamcs.archive.PpTupleTranslatorTest
Jan 11 13:29:49.486 [1] org.yamcs.security.Privilege <clinit> WARNING:Privileges disabled, all connections are allowed and have full permissions
Jan 11 13:29:49.783 [1] org.apache.activemq.artemis.core.server start INFO:AMQ221000: live Message Broker is starting with configuration Broker Configuration (clustered=false,journalDirectory=data/journal,bindingsDirectory=data/bindings,largeMessagesDirectory=data/largemessages,pagingDirectory=data/paging)
Jan 11 13:29:49.816 [1] org.apache.activemq.artemis.core.server <init> INFO:AMQ221043: Protocol module found: [artemis-server]. Adding protocol support for: CORE
log4j:WARN No appenders could be found for logger (org.apache.commons.beanutils.converters.BooleanConverter).
log4j:WARN Please initialize the log4j system properly.
Jan 11 13:29:49.942 [1] org.apache.activemq.artemis.core.server run INFO:AMQ221007: Server is now live
Jan 11 13:29:49.942 [1] org.apache.activemq.artemis.core.server start INFO:AMQ221001: Apache ActiveMQ Artemis Message Broker version 1.5.0 [localhost, nodeID=06d846e2-d802-11e6-9bf2-0242ac110004] 
Jan 11 13:29:50.053 [31] org.apache.activemq.artemis.core.server checkDeadLetterAddressAndExpiryAddress WARNING:AMQ222165: No Dead Letter Address configured for queue tempRpcQueue.85a65fa2-ff36-4440-b584-7d348681fcdb in AddressSettings
Jan 11 13:29:50.053 [31] org.apache.activemq.artemis.core.server checkDeadLetterAddressAndExpiryAddress WARNING:AMQ222166: No Expiry Address configured for queue tempRpcQueue.85a65fa2-ff36-4440-b584-7d348681fcdb in AddressSettings
Jan 11 13:29:50.817 [31] org.apache.activemq.artemis.core.server checkDeadLetterAddressAndExpiryAddress WARNING:AMQ222165: No Dead Letter Address configured for queue pp_realtime-StreamAdapter in AddressSettings
Jan 11 13:29:50.818 [31] org.apache.activemq.artemis.core.server checkDeadLetterAddressAndExpiryAddress WARNING:AMQ222166: No Expiry Address configured for queue pp_realtime-StreamAdapter in AddressSettings
Jan 11 13:29:50.825 [31] org.apache.activemq.artemis.core.server checkDeadLetterAddressAndExpiryAddress WARNING:AMQ222165: No Dead Letter Address configured for queue tempDataQueue.afda4ae5-04ff-41cd-946a-dd4c75d3ff7c in AddressSettings
Jan 11 13:29:50.825 [31] org.apache.activemq.artemis.core.server checkDeadLetterAddressAndExpiryAddress WARNING:AMQ222166: No Expiry Address configured for queue tempDataQueue.afda4ae5-04ff-41cd-946a-dd4c75d3ff7c in AddressSettings
Jan 11 13:29:53.947 [38] org.apache.activemq.artemis.core.client fail WARNING:AMQ212037: Connection failure has been detected: AMQ119015: The connection was disconnected because of server shutdown [code=DISCONNECTED]
Jan 11 13:29:53.966 [1] org.apache.activemq.artemis.core.server stop INFO:AMQ221002: Apache ActiveMQ Artemis Message Broker version 1.5.0 [06d846e2-d802-11e6-9bf2-0242ac110004] stopped, uptime 4.216 seconds
Tests run: 1, Failures: 0, Errors: 0, Skipped: 0, Time elapsed: 4.784 sec - in org.yamcs.archive.PpTupleTranslatorTest
Running org.yamcs.archive.CmdHistoryRecordingTest
Jan 11 13:29:54.806 [1] org.yamcs.security.Privilege <clinit> WARNING:Privileges disabled, all connections are allowed and have full permissions
Jan 11 13:29:55.135 [1] org.apache.activemq.artemis.core.server start INFO:AMQ221000: live Message Broker is starting with configuration Broker Configuration (clustered=false,journalDirectory=data/journal,bindingsDirectory=data/bindings,largeMessagesDirectory=data/largemessages,pagingDirectory=data/paging)
Jan 11 13:29:55.188 [1] org.apache.activemq.artemis.core.server <init> INFO:AMQ221043: Protocol module found: [artemis-server]. Adding protocol support for: CORE
log4j:WARN No appenders could be found for logger (org.apache.commons.beanutils.converters.BooleanConverter).
log4j:WARN Please initialize the log4j system properly.
Jan 11 13:29:55.364 [1] org.apache.activemq.artemis.core.server run INFO:AMQ221007: Server is now live
Jan 11 13:29:55.365 [1] org.apache.activemq.artemis.core.server start INFO:AMQ221001: Apache ActiveMQ Artemis Message Broker version 1.5.0 [localhost, nodeID=0a089e80-d802-11e6-8dfd-0242ac110004] 
Jan 11 13:29:55.501 [32] org.apache.activemq.artemis.core.server checkDeadLetterAddressAndExpiryAddress WARNING:AMQ222165: No Dead Letter Address configured for queue tempRpcQueue.06597a6e-2dd1-4531-85aa-0845e828b0b0 in AddressSettings
Jan 11 13:29:55.501 [32] org.apache.activemq.artemis.core.server checkDeadLetterAddressAndExpiryAddress WARNING:AMQ222166: No Expiry Address configured for queue tempRpcQueue.06597a6e-2dd1-4531-85aa-0845e828b0b0 in AddressSettings
Jan 11 13:29:55.693 [1] org.yamcs.archive.CommandHistoryRecorder[yarchtest_CmdHistoryRecordingTest] doStart SEVERE:The stream cmdhist_dump has not been found
Jan 11 13:29:55.838 [32] org.apache.activemq.artemis.core.server checkDeadLetterAddressAndExpiryAddress WARNING:AMQ222165: No Dead Letter Address configured for queue tempRpcQueue.ccdaa734-cf80-4d7f-ab0a-5a75e4fe859f in AddressSettings
Jan 11 13:29:55.839 [32] org.apache.activemq.artemis.core.server checkDeadLetterAddressAndExpiryAddress WARNING:AMQ222166: No Expiry Address configured for queue tempRpcQueue.ccdaa734-cf80-4d7f-ab0a-5a75e4fe859f in AddressSettings
Jan 11 13:29:55.857 [32] org.apache.activemq.artemis.core.server checkDeadLetterAddressAndExpiryAddress WARNING:AMQ222165: No Dead Letter Address configured for queue tempRpcQueue.6c29b882-fc90-42ca-8df9-7b5a6dea42d8 in AddressSettings
Jan 11 13:29:55.858 [32] org.apache.activemq.artemis.core.server checkDeadLetterAddressAndExpiryAddress WARNING:AMQ222166: No Expiry Address configured for queue tempRpcQueue.6c29b882-fc90-42ca-8df9-7b5a6dea42d8 in AddressSettings
Jan 11 13:29:55.865 [32] org.apache.activemq.artemis.core.server checkDeadLetterAddressAndExpiryAddress WARNING:AMQ222165: No Dead Letter Address configured for queue tempDataQueue.fecbe4fb-3346-4d5a-bec5-8c927ed0e0dd in AddressSettings
Jan 11 13:29:55.865 [32] org.apache.activemq.artemis.core.server checkDeadLetterAddressAndExpiryAddress WARNING:AMQ222166: No Expiry Address configured for queue tempDataQueue.fecbe4fb-3346-4d5a-bec5-8c927ed0e0dd in AddressSettings
Jan 11 13:29:55.905 [32] org.apache.activemq.artemis.core.server checkDeadLetterAddressAndExpiryAddress WARNING:AMQ222165: No Dead Letter Address configured for queue tempRpcQueue.fa81a667-6c26-4123-ae2a-972e541db39d in AddressSettings
Jan 11 13:29:55.905 [32] org.apache.activemq.artemis.core.server checkDeadLetterAddressAndExpiryAddress WARNING:AMQ222166: No Expiry Address configured for queue tempRpcQueue.fa81a667-6c26-4123-ae2a-972e541db39d in AddressSettings
Jan 11 13:29:55.914 [32] org.apache.activemq.artemis.core.server checkDeadLetterAddressAndExpiryAddress WARNING:AMQ222165: No Dead Letter Address configured for queue ProducerKiller in AddressSettings
Jan 11 13:29:55.915 [32] org.apache.activemq.artemis.core.server checkDeadLetterAddressAndExpiryAddress WARNING:AMQ222166: No Expiry Address configured for queue ProducerKiller in AddressSettings
Jan 11 13:29:56.326 [32] org.apache.activemq.artemis.core.server checkDeadLetterAddressAndExpiryAddress WARNING:AMQ222165: No Dead Letter Address configured for queue tempRpcQueue.1c0ab50f-e9e1-42ad-af3b-1f8a9414dcd6 in AddressSettings
Jan 11 13:29:56.326 [32] org.apache.activemq.artemis.core.server checkDeadLetterAddressAndExpiryAddress WARNING:AMQ222166: No Expiry Address configured for queue tempRpcQueue.1c0ab50f-e9e1-42ad-af3b-1f8a9414dcd6 in AddressSettings
Jan 11 13:29:56.691 [45] org.apache.activemq.artemis.core.client fail WARNING:AMQ212037: Connection failure has been detected: AMQ119015: The connection was disconnected because of server shutdown [code=DISCONNECTED]
Jan 11 13:29:56.691 [44] org.apache.activemq.artemis.core.client fail WARNING:AMQ212037: Connection failure has been detected: AMQ119015: The connection was disconnected because of server shutdown [code=DISCONNECTED]
Jan 11 13:29:56.692 [47] org.apache.activemq.artemis.core.client fail WARNING:AMQ212037: Connection failure has been detected: AMQ119015: The connection was disconnected because of server shutdown [code=DISCONNECTED]
Jan 11 13:29:56.692 [48] org.apache.activemq.artemis.core.client fail WARNING:AMQ212037: Connection failure has been detected: AMQ119015: The connection was disconnected because of server shutdown [code=DISCONNECTED]
Jan 11 13:29:56.697 [1] org.apache.activemq.artemis.core.server stop INFO:AMQ221002: Apache ActiveMQ Artemis Message Broker version 1.5.0 [0a089e80-d802-11e6-8dfd-0242ac110004] stopped, uptime 1.598 seconds
Tests run: 1, Failures: 0, Errors: 0, Skipped: 0, Time elapsed: 2.08 sec - in org.yamcs.archive.CmdHistoryRecordingTest
Running org.yamcs.archive.EventRecordingTest
Jan 11 13:29:57.420 [1] org.yamcs.security.Privilege <clinit> WARNING:Privileges disabled, all connections are allowed and have full permissions
Jan 11 13:29:57.731 [1] org.apache.activemq.artemis.core.server start INFO:AMQ221000: live Message Broker is starting with configuration Broker Configuration (clustered=false,journalDirectory=data/journal,bindingsDirectory=data/bindings,largeMessagesDirectory=data/largemessages,pagingDirectory=data/paging)
Jan 11 13:29:57.768 [1] org.apache.activemq.artemis.core.server <init> INFO:AMQ221043: Protocol module found: [artemis-server]. Adding protocol support for: CORE
log4j:WARN No appenders could be found for logger (org.apache.commons.beanutils.converters.BooleanConverter).
log4j:WARN Please initialize the log4j system properly.
Jan 11 13:29:57.933 [1] org.apache.activemq.artemis.core.server run INFO:AMQ221007: Server is now live
Jan 11 13:29:57.934 [1] org.apache.activemq.artemis.core.server start INFO:AMQ221001: Apache ActiveMQ Artemis Message Broker version 1.5.0 [localhost, nodeID=0b950ad5-d802-11e6-a68b-0242ac110004] 
Jan 11 13:29:58.043 [31] org.apache.activemq.artemis.core.server checkDeadLetterAddressAndExpiryAddress WARNING:AMQ222165: No Dead Letter Address configured for queue tempRpcQueue.43353be1-d9bf-47b9-bb03-9f4ad33642f3 in AddressSettings
Jan 11 13:29:58.043 [31] org.apache.activemq.artemis.core.server checkDeadLetterAddressAndExpiryAddress WARNING:AMQ222166: No Expiry Address configured for queue tempRpcQueue.43353be1-d9bf-47b9-bb03-9f4ad33642f3 in AddressSettings
Jan 11 13:29:58.238 [31] org.apache.activemq.artemis.core.server checkDeadLetterAddressAndExpiryAddress WARNING:AMQ222165: No Dead Letter Address configured for queue events_realtime-StreamAdapter in AddressSettings
Jan 11 13:29:58.239 [31] org.apache.activemq.artemis.core.server checkDeadLetterAddressAndExpiryAddress WARNING:AMQ222166: No Expiry Address configured for queue events_realtime-StreamAdapter in AddressSettings
Jan 11 13:29:58.245 [31] org.apache.activemq.artemis.core.server checkDeadLetterAddressAndExpiryAddress WARNING:AMQ222165: No Dead Letter Address configured for queue tempDataQueue.746c6cef-5eae-492e-bb72-ce7d9fd5a00f in AddressSettings
Jan 11 13:29:58.245 [31] org.apache.activemq.artemis.core.server checkDeadLetterAddressAndExpiryAddress WARNING:AMQ222166: No Expiry Address configured for queue tempDataQueue.746c6cef-5eae-492e-bb72-ce7d9fd5a00f in AddressSettings
Jan 11 13:30:01.316 [31] org.apache.activemq.artemis.core.server checkDeadLetterAddressAndExpiryAddress WARNING:AMQ222165: No Dead Letter Address configured for queue tempRpcQueue.0e4e6dd2-129e-4123-903a-a53b23d94d1b in AddressSettings
Jan 11 13:30:01.316 [31] org.apache.activemq.artemis.core.server checkDeadLetterAddressAndExpiryAddress WARNING:AMQ222166: No Expiry Address configured for queue tempRpcQueue.0e4e6dd2-129e-4123-903a-a53b23d94d1b in AddressSettings
Jan 11 13:30:01.328 [31] org.apache.activemq.artemis.core.server checkDeadLetterAddressAndExpiryAddress WARNING:AMQ222165: No Dead Letter Address configured for queue tempRpcQueue.b895c18d-9563-429d-b4bf-ac218ab83c15 in AddressSettings
Jan 11 13:30:01.329 [31] org.apache.activemq.artemis.core.server checkDeadLetterAddressAndExpiryAddress WARNING:AMQ222166: No Expiry Address configured for queue tempRpcQueue.b895c18d-9563-429d-b4bf-ac218ab83c15 in AddressSettings
Jan 11 13:30:01.334 [31] org.apache.activemq.artemis.core.server checkDeadLetterAddressAndExpiryAddress WARNING:AMQ222165: No Dead Letter Address configured for queue tempDataQueue.60b57ced-1b6f-4dc7-8f07-95bbd8babb48 in AddressSettings
Jan 11 13:30:01.335 [31] org.apache.activemq.artemis.core.server checkDeadLetterAddressAndExpiryAddress WARNING:AMQ222166: No Expiry Address configured for queue tempDataQueue.60b57ced-1b6f-4dc7-8f07-95bbd8babb48 in AddressSettings
Jan 11 13:30:01.360 [31] org.apache.activemq.artemis.core.server checkDeadLetterAddressAndExpiryAddress WARNING:AMQ222165: No Dead Letter Address configured for queue tempRpcQueue.942b302e-7a33-4ed1-a53b-6820aabdf1c9 in AddressSettings
Jan 11 13:30:01.360 [31] org.apache.activemq.artemis.core.server checkDeadLetterAddressAndExpiryAddress WARNING:AMQ222166: No Expiry Address configured for queue tempRpcQueue.942b302e-7a33-4ed1-a53b-6820aabdf1c9 in AddressSettings
Jan 11 13:30:01.370 [54] org.apache.activemq.artemis.core.server checkDeadLetterAddressAndExpiryAddress WARNING:AMQ222165: No Dead Letter Address configured for queue ProducerKiller in AddressSettings
Jan 11 13:30:01.370 [54] org.apache.activemq.artemis.core.server checkDeadLetterAddressAndExpiryAddress WARNING:AMQ222166: No Expiry Address configured for queue ProducerKiller in AddressSettings
Jan 11 13:30:01.752 [37] org.apache.activemq.artemis.core.client fail WARNING:AMQ212037: Connection failure has been detected: AMQ119015: The connection was disconnected because of server shutdown [code=DISCONNECTED]
Jan 11 13:30:01.752 [48] org.apache.activemq.artemis.core.client fail WARNING:AMQ212037: Connection failure has been detected: AMQ119015: The connection was disconnected because of server shutdown [code=DISCONNECTED]
Jan 11 13:30:01.754 [44] org.apache.activemq.artemis.core.client fail WARNING:AMQ212037: Connection failure has been detected: AMQ119015: The connection was disconnected because of server shutdown [code=DISCONNECTED]
Jan 11 13:30:01.764 [1] org.apache.activemq.artemis.core.server stop INFO:AMQ221002: Apache ActiveMQ Artemis Message Broker version 1.5.0 [0b950ad5-d802-11e6-a68b-0242ac110004] stopped, uptime 4.069 seconds
Tests run: 1, Failures: 0, Errors: 0, Skipped: 0, Time elapsed: 4.527 sec - in org.yamcs.archive.EventRecordingTest
Running org.yamcs.YamcsServerArtemisTest
Jan 11 13:30:02.571 [1] org.yamcs.security.Privilege <clinit> WARNING:Privileges disabled, all connections are allowed and have full permissions
Jan 11 13:30:02.922 [1] org.apache.activemq.artemis.core.server start INFO:AMQ221000: live Message Broker is starting with configuration Broker Configuration (clustered=false,journalDirectory=data/journal,bindingsDirectory=data/bindings,largeMessagesDirectory=data/largemessages,pagingDirectory=data/paging)
Jan 11 13:30:02.967 [1] org.apache.activemq.artemis.core.server <init> INFO:AMQ221043: Protocol module found: [artemis-server]. Adding protocol support for: CORE
log4j:WARN No appenders could be found for logger (org.apache.commons.beanutils.converters.BooleanConverter).
log4j:WARN Please initialize the log4j system properly.
Jan 11 13:30:03.107 [1] org.apache.activemq.artemis.core.server run INFO:AMQ221007: Server is now live
Jan 11 13:30:03.108 [1] org.apache.activemq.artemis.core.server start INFO:AMQ221001: Apache ActiveMQ Artemis Message Broker version 1.5.0 [localhost, nodeID=0eac8447-d802-11e6-bc7d-0242ac110004] 
Jan 11 13:30:03.231 [32] org.apache.activemq.artemis.core.server checkDeadLetterAddressAndExpiryAddress WARNING:AMQ222165: No Dead Letter Address configured for queue tempRpcQueue.909ece5a-9620-4534-a833-30a8fa167393 in AddressSettings
Jan 11 13:30:03.232 [32] org.apache.activemq.artemis.core.server checkDeadLetterAddressAndExpiryAddress WARNING:AMQ222166: No Expiry Address configured for queue tempRpcQueue.909ece5a-9620-4534-a833-30a8fa167393 in AddressSettings
Jan 11 13:30:03.505 [1] org.yamcs.StreamConfig <init> WARNING:No streamConfig defined for instance instance1
Jan 11 13:30:03.509 [32] org.apache.activemq.artemis.core.server checkDeadLetterAddressAndExpiryAddress WARNING:AMQ222165: No Dead Letter Address configured for queue tempRpcQueue.df854e78-a0d3-453b-8af6-20650f812026 in AddressSettings
Jan 11 13:30:03.510 [32] org.apache.activemq.artemis.core.server checkDeadLetterAddressAndExpiryAddress WARNING:AMQ222166: No Expiry Address configured for queue tempRpcQueue.df854e78-a0d3-453b-8af6-20650f812026 in AddressSettings
Jan 11 13:30:03.516 [32] org.apache.activemq.artemis.core.server checkDeadLetterAddressAndExpiryAddress WARNING:AMQ222165: No Dead Letter Address configured for queue tempDataQueue.d2d7e7cb-fa5b-4b2d-acb4-e61fee7ff996 in AddressSettings
Jan 11 13:30:03.516 [32] org.apache.activemq.artemis.core.server checkDeadLetterAddressAndExpiryAddress WARNING:AMQ222166: No Expiry Address configured for queue tempDataQueue.d2d7e7cb-fa5b-4b2d-acb4-e61fee7ff996 in AddressSettings
Jan 11 13:30:03.715 [35] org.apache.activemq.artemis.core.client fail WARNING:AMQ212037: Connection failure has been detected: AMQ119015: The connection was disconnected because of server shutdown [code=DISCONNECTED]
Jan 11 13:30:03.720 [1] org.apache.activemq.artemis.core.server stop INFO:AMQ221002: Apache ActiveMQ Artemis Message Broker version 1.5.0 [0eac8447-d802-11e6-bc7d-0242ac110004] stopped, uptime 0.839 seconds
Tests run: 1, Failures: 0, Errors: 0, Skipped: 0, Time elapsed: 1.414 sec - in org.yamcs.YamcsServerArtemisTest
Running org.yamcs.api.rest.HttpClientTest
Jan 11 13:30:08.067 [27] org.yamcs.web.HttpRequestHandler sendError WARNING:GET /blaba 404
Tests run: 2, Failures: 0, Errors: 0, Skipped: 0, Time elapsed: 3.921 sec - in org.yamcs.api.rest.HttpClientTest
Running org.yamcs.api.artemis.ArtemisEventProducerTest
Jan 11 13:30:08.985 [1] org.yamcs.security.Privilege <clinit> WARNING:Privileges disabled, all connections are allowed and have full permissions
Jan 11 13:30:09.340 [1] org.apache.activemq.artemis.core.server start INFO:AMQ221000: live Message Broker is starting with configuration Broker Configuration (clustered=false,journalDirectory=data/journal,bindingsDirectory=data/bindings,largeMessagesDirectory=data/largemessages,pagingDirectory=data/paging)
Jan 11 13:30:09.390 [1] org.apache.activemq.artemis.core.server <init> INFO:AMQ221043: Protocol module found: [artemis-server]. Adding protocol support for: CORE
log4j:WARN No appenders could be found for logger (org.apache.commons.beanutils.converters.BooleanConverter).
log4j:WARN Please initialize the log4j system properly.
Jan 11 13:30:09.563 [1] org.apache.activemq.artemis.core.server run INFO:AMQ221007: Server is now live
Jan 11 13:30:09.563 [1] org.apache.activemq.artemis.core.server start INFO:AMQ221001: Apache ActiveMQ Artemis Message Broker version 1.5.0 [localhost, nodeID=128048b2-d802-11e6-abf3-0242ac110004] 
Jan 11 13:30:09.680 [31] org.apache.activemq.artemis.core.server checkDeadLetterAddressAndExpiryAddress WARNING:AMQ222165: No Dead Letter Address configured for queue tempRpcQueue.96a3b1ed-9536-4554-930c-57bf1f43110d in AddressSettings
Jan 11 13:30:09.681 [31] org.apache.activemq.artemis.core.server checkDeadLetterAddressAndExpiryAddress WARNING:AMQ222166: No Expiry Address configured for queue tempRpcQueue.96a3b1ed-9536-4554-930c-57bf1f43110d in AddressSettings
Jan 11 13:30:09.796 [31] org.apache.activemq.artemis.core.server checkDeadLetterAddressAndExpiryAddress WARNING:AMQ222165: No Dead Letter Address configured for queue tempDataQueue.42ac9775-c95f-487f-8460-499dc9d7e427 in AddressSettings
Jan 11 13:30:09.796 [31] org.apache.activemq.artemis.core.server checkDeadLetterAddressAndExpiryAddress WARNING:AMQ222166: No Expiry Address configured for queue tempDataQueue.42ac9775-c95f-487f-8460-499dc9d7e427 in AddressSettings
Jan 11 13:30:09.889 [36] org.apache.activemq.artemis.core.client fail WARNING:AMQ212037: Connection failure has been detected: AMQ119015: The connection was disconnected because of server shutdown [code=DISCONNECTED]
Jan 11 13:30:09.893 [1] org.apache.activemq.artemis.core.server stop INFO:AMQ221002: Apache ActiveMQ Artemis Message Broker version 1.5.0 [128048b2-d802-11e6-abf3-0242ac110004] stopped, uptime 0.590 seconds
Tests run: 1, Failures: 0, Errors: 0, Skipped: 0, Time elapsed: 1.123 sec - in org.yamcs.api.artemis.ArtemisEventProducerTest
Running org.yamcs.security.PasswordHashTest
1000:7d6c0bb6199ea4b2d86a2b0ecd4869d01b69fae4d68fa865:ed8b6c8255276c9f321296cbff7af9e22c6947572a4c3366
1000:f4287bd356990501658a0272ee99c3d7e4a66d4828461167:ac0d81b40e3a63572e394c579eb003db4b8514aa6e4cbe40
1000:c98630dd72be655147a4acac00e7c984718eaaf9345f273d:40e65de0c7cbaa3a02b8fb7e73f6b99cedcff2300172e468
1000:375199d81f43379ae01d5ac6b4df381e7405a0f2430d2351:28b1ea13ddc8a142bb8372ec5db7cbe1738c35534b73816b
1000:f81bcc4a0180dc9a71e8bcfe1e00b19bb89af73c7f1b811f:3d32e0a48f60982fe50d744d2cd3a52360bc6c6f9806e224
1000:52bd3df5c9a0db798e4c9cd664caaf73dd961551b940a1b3:0402de37c2f3f4e2677d420dab26fc770f3c4699490742f1
1000:4562cd6973033eed4519072a7d8ce956335b985be41ec60d:4f0620a2450a25f0b485e8323833c9203034808169ddc5b2
1000:3abf35203a6c8644d56a56b889e00b9dfd8c85da35abbc82:ca436b07debf9e768ab5a1397f56f759e5857dabad0bc7b4
1000:d6c9de49c104ddec533412d881f1137c992d9f455ec7e36c:f18fb727749d09ee1aea92afd31045263ac1f957ae3ec816
1000:84102fe0f9ea4119aa89fa8410b4dec8361637d9e328dd67:0d3af05070ab12113544e0c4ee596c45a5d3bb46a9456615
Running tests...
Tests run: 1, Failures: 0, Errors: 0, Skipped: 0, Time elapsed: 1.558 sec - in org.yamcs.security.PasswordHashTest
Running org.yamcs.management.ProcessorsTest
connecting to yamcs
Jan 11 13:30:13.996 [26] org.yamcs.security.Privilege <clinit> WARNING:Privileges disabled, all connections are allowed and have full permissions
connecting to yamcs
Jan 11 13:30:20.273 [33] org.yamcs.management.ManagementService createProcessor WARNING:createProcessor called with invalid client id:10; ignored.
Jan 11 13:30:20.273 [33] org.yamcs.management.ManagementService createProcessor WARNING:createProcessor called with invalid client id:14; ignored.
Jan 11 13:30:20.275 [33] org.yamcs.web.rest.Router handleException WARNING:R6: Sending nominal exception back to client: createProcessor invoked with a list full of invalid client ids
Jan 11 13:30:20.278 [33] org.yamcs.web.HttpRequestHandler sendError WARNING:POST /api/processors/yproctest0 400
log: Exception creating processor: BadRequestException : createProcessor invoked with a list full of invalid client ids
Tests run: 3, Failures: 0, Errors: 0, Skipped: 0, Time elapsed: 7.688 sec - in org.yamcs.management.ProcessorsTest
Running org.yamcs.ComVerifIntegrationTest
alg_verif_started:
  receivedCmdId: 25
  sentCmdId: 25
  receivedSeqNum: 5000
  sentSeqNum: 5000
  stage: 0
  result: 0
yep, this is our command
alg_verif_completed:
  receivedCmdId: 25
  sentCmdId: 25
  receivedSeqNum: 5000
  sentSeqNum: 5000
  stage: 0
  result: 0
alg_verif_completed:
  receivedCmdId: 25
  sentCmdId: 25
  receivedSeqNum: 5000
  sentSeqNum: 5000
  stage: 1
  result: 5
yep, this is our command
Tests run: 2, Failures: 0, Errors: 0, Skipped: 0, Time elapsed: 4.736 sec - in org.yamcs.ComVerifIntegrationTest
Running org.yamcs.tctm.TcpTcUplinkerTest
Tests run: 1, Failures: 0, Errors: 0, Skipped: 0, Time elapsed: 0.182 sec - in org.yamcs.tctm.TcpTcUplinkerTest
Running org.yamcs.tctm.TmFileReaderTest
Tests run: 2, Failures: 0, Errors: 0, Skipped: 0, Time elapsed: 0.084 sec - in org.yamcs.tctm.TmFileReaderTest
Running org.yamcs.commanding.CommandingManagerTest
Tests run: 10, Failures: 0, Errors: 0, Skipped: 0, Time elapsed: 0.395 sec - in org.yamcs.commanding.CommandingManagerTest
Running org.yamcs.ArchiveIntegrationTest
Jan 11 13:30:35.202 [27] org.yamcs.web.rest.archive.ArchiveParameterRestHandler listParameterHistory WARNING:No parameter id found in the parameter archive for /REFMDB/ccsds-apid
Jan 11 13:30:35.282 [28] org.yamcs.web.rest.archive.ArchiveParameterRestHandler listParameterHistory WARNING:No parameter id found in the parameter archive for /REFMDB/ccsds-apid
Tests run: 4, Failures: 0, Errors: 0, Skipped: 0, Time elapsed: 11.564 sec - in org.yamcs.ArchiveIntegrationTest
Running org.yamcs.RestClientTest
Jan 11 13:30:48.114 [31] org.yamcs.security.BasicAuthModule sendUnauthorized WARNING:GET /api/instances 401 [realm="org.yamcs.security.BasicAuthModule"]
Tests run: 3, Failures: 0, Errors: 0, Skipped: 0, Time elapsed: 7.621 sec - in org.yamcs.RestClientTest
Running org.yamcs.AlarmTest
Tests run: 5, Failures: 0, Errors: 0, Skipped: 0, Time elapsed: 0.622 sec - in org.yamcs.AlarmTest

Results :

Tests run: 315, Failures: 0, Errors: 0, Skipped: 13

[INFO]                                                                         
[INFO] ------------------------------------------------------------------------
[INFO] Building Yamcs Simulation 0.30.0
[INFO] ------------------------------------------------------------------------
[INFO] 
[INFO] --- maven-resources-plugin:2.6:resources (default-resources) @ yamcs-simulation ---
[INFO] Using 'UTF-8' encoding to copy filtered resources.
[INFO] Copying 2 resources
[INFO] 
[INFO] --- maven-compiler-plugin:2.3.2:compile (default-compile) @ yamcs-simulation ---
[INFO] Nothing to compile - all classes are up to date
[INFO] 
[INFO] --- maven-resources-plugin:2.6:testResources (default-testResources) @ yamcs-simulation ---
[INFO] Using 'UTF-8' encoding to copy filtered resources.
[INFO] Copying 5 resources
[INFO] 
[INFO] --- maven-compiler-plugin:2.3.2:testCompile (default-testCompile) @ yamcs-simulation ---
[INFO] Nothing to compile - all classes are up to date
[INFO] 
[INFO] --- maven-surefire-plugin:2.19.1:test (default-test) @ yamcs-simulation ---

-------------------------------------------------------
 T E S T S
-------------------------------------------------------
Running org.yamcs.simulation.SimulationPpProviderTest
<?xml version="1.0" encoding="UTF-8" standalone="yes"?>
<ppSimulation>
    <parameterSequence>
        <parameter spaceSystem="APM" paraName="SOLAR_toto" generationStep="2" aquisitionStep="1"/>
    </parameterSequence>
</ppSimulation>
Tests run: 5, Failures: 0, Errors: 0, Skipped: 0, Time elapsed: 4.364 sec - in org.yamcs.simulation.SimulationPpProviderTest

Results :

Tests run: 5, Failures: 0, Errors: 0, Skipped: 0

[INFO] ------------------------------------------------------------------------
[INFO] Reactor Summary:
[INFO] 
[INFO] Yamcs .............................................. SUCCESS [  0.065 s]
[INFO] Yamcs API .......................................... SUCCESS [  2.580 s]
[INFO] Yamcs XTCE ......................................... SUCCESS [  0.751 s]
[INFO] Yamcs Core ......................................... SUCCESS [04:50 min]
[INFO] Yamcs Simulation ................................... SUCCESS [  5.129 s]
[INFO] ------------------------------------------------------------------------
[INFO] BUILD SUCCESS
[INFO] ------------------------------------------------------------------------
[INFO] Total time: 04:58 min
[INFO] Finished at: 2017-01-11T13:30:54+00:00
[INFO] Final Memory: 12M/359M
[INFO] ------------------------------------------------------------------------

travis_time:end:0f2c9960:start=1484141154543702326,finish=1484141455204734609,duration=300661032283[0K
[32;1mThe command "mvn -Dsurefire.useFile=false test" exited with 0.[0m
travis_fold:start:cache.2[0Kstore build cache
travis_time:start:14011256[0K
travis_time:end:14011256:start=1484141455211311674,finish=1484141455216314760,duration=5003086[0Ktravis_time:start:04b087a8[0K[32;1mchange detected (content changed, file is created, or file is deleted):
/home/travis/.m2/repository/org/rocksdb/rocksdbjni/5.0.1/_remote.repositories
/home/travis/.m2/repository/org/rocksdb/rocksdbjni/5.0.1/rocksdbjni-5.0.1.jar
/home/travis/.m2/repository/org/rocksdb/rocksdbjni/5.0.1/rocksdbjni-5.0.1.jar.sha1
/home/travis/.m2/repository/org/rocksdb/rocksdbjni/5.0.1/rocksdbjni-5.0.1.pom
/home/travis/.m2/repository/org/rocksdb/rocksdbjni/5.0.1/rocksdbjni-5.0.1.pom.sha1
/home/travis/.m2/repository/org/yamcs/yamcs/0.30.0/_remote.repositories
/home/travis/.m2/repository/org/yamcs/yamcs-api/0.30.0/_remote.repositories
/home/travis/.m2/repository/org/yamcs/yamcs-api/0.30.0/yamcs-api-0.30.0.jar
/home/travis/.m2/repository/org/yamcs/yamcs-api/0.30.0/yamcs-api-0.30.0-sources.jar
/home/travis/.m2/repository/org/yamcs/yamcs-api/maven-metadata-local.xml
/home/travis/.m2/repository/org/yamcs/yamcs-core/0.30.0/_remote.repositories
/home/travis/.m2/repository/org/yamcs/yamcs-core/0.30.0/yamcs-core-0.30.0.jar
/home/travis/.m2/repository/org/yamcs/yamcs-core/0.30.0/yamcs-cor
[0m
[32;1m...
[0m
[32;1mchanges detected, packing new archive[0m
[32;1muploading archive[0m

travis_time:end:04b087a8:start=1484141455221900074,finish=1484141464289925985,duration=9068025911[0Ktravis_fold:end:cache.2[0K
Done. Your build exited with 0.
