Using worker: worker-linux-docker-039573fb.prod.travis-ci.org:travis-linux-9

travis_fold:start:system_info[0K[33;1mBuild system information[0m
Build language: java
Build group: stable
Build dist: precise
[34m[1mBuild image provisioning date and time[0m
Thu Feb  5 15:09:33 UTC 2015
[34m[1mOperating System Details[0m
Distributor ID:	Ubuntu
Description:	Ubuntu 12.04.5 LTS
Release:	12.04
Codename:	precise
[34m[1mLinux Version[0m
3.13.0-29-generic
[34m[1mCookbooks Version[0m
a68419e https://github.com/travis-ci/travis-cookbooks/tree/a68419e
[34m[1mGCC version[0m
gcc (Ubuntu/Linaro 4.6.3-1ubuntu5) 4.6.3
Copyright (C) 2011 Free Software Foundation, Inc.
This is free software; see the source for copying conditions.  There is NO
warranty; not even for MERCHANTABILITY or FITNESS FOR A PARTICULAR PURPOSE.

[34m[1mLLVM version[0m
clang version 3.4 (tags/RELEASE_34/final)
Target: x86_64-unknown-linux-gnu
Thread model: posix
[34m[1mPre-installed Ruby versions[0m
ruby-1.9.3-p551
[34m[1mPre-installed Node.js versions[0m
v0.10.36
[34m[1mPre-installed Go versions[0m
1.4.1
[34m[1mRedis version[0m
redis-server 2.8.19
[34m[1mriak version[0m
2.0.2
[34m[1mMongoDB version[0m
MongoDB 2.4.12
[34m[1mCouchDB version[0m
couchdb 1.6.1
[34m[1mNeo4j version[0m
1.9.4
[34m[1mRabbitMQ Version[0m
3.4.3
[34m[1mElasticSearch version[0m
1.4.0
[34m[1mInstalled Sphinx versions[0m
2.0.10
2.1.9
2.2.6
[34m[1mDefault Sphinx version[0m
2.2.6
[34m[1mInstalled Firefox version[0m
firefox 31.0esr
[34m[1mPhantomJS version[0m
1.9.8
[34m[1mant -version[0m
Apache Ant(TM) version 1.8.2 compiled on December 3 2011
[34m[1mmvn -version[0m
Apache Maven 3.2.5 (12a6b3acb947671f09b81f49094c53f426d8cea1; 2014-12-14T17:29:23+00:00)
Maven home: /usr/local/maven
Java version: 1.7.0_76, vendor: Oracle Corporation
Java home: /usr/lib/jvm/java-7-oracle/jre
Default locale: en_US, platform encoding: ANSI_X3.4-1968
OS name: "linux", version: "3.13.0-29-generic", arch: "amd64", family: "unix"
travis_fold:end:system_info[0K
travis_fold:start:fix.CVE-2015-7547[0K$ export DEBIAN_FRONTEND=noninteractive
W: Size of file /var/lib/apt/lists/us.archive.ubuntu.com_ubuntu_dists_precise-backports_multiverse_source_Sources.gz is not what the server reported 5886 5888
W: Size of file /var/lib/apt/lists/ppa.launchpad.net_ubuntugis_ppa_ubuntu_dists_precise_main_binary-amd64_Packages.gz is not what the server reported 36669 36677
W: Size of file /var/lib/apt/lists/ppa.launchpad.net_ubuntugis_ppa_ubuntu_dists_precise_main_binary-i386_Packages.gz is not what the server reported 36729 36733
Reading package lists...
Building dependency tree...
Reading state information...
The following extra packages will be installed:
  libc-bin libc-dev-bin libc6-dev
Suggested packages:
  glibc-doc
The following packages will be upgraded:
  libc-bin libc-dev-bin libc6 libc6-dev
4 upgraded, 0 newly installed, 0 to remove and 236 not upgraded.
Need to get 8,844 kB of archives.
After this operation, 9,216 B disk space will be freed.
Get:1 http://us.archive.ubuntu.com/ubuntu/ precise-updates/main libc6-dev amd64 2.15-0ubuntu10.13 [2,943 kB]
Get:2 http://us.archive.ubuntu.com/ubuntu/ precise-updates/main libc-dev-bin amd64 2.15-0ubuntu10.13 [84.7 kB]
Get:3 http://us.archive.ubuntu.com/ubuntu/ precise-updates/main libc-bin amd64 2.15-0ubuntu10.13 [1,179 kB]
Get:4 http://us.archive.ubuntu.com/ubuntu/ precise-updates/main libc6 amd64 2.15-0ubuntu10.13 [4,637 kB]
Fetched 8,844 kB in 0s (34.5 MB/s)
Preconfiguring packages ...
(Reading database ... (Reading database ... 5%(Reading database ... 10%(Reading database ... 15%(Reading database ... 20%(Reading database ... 25%(Reading database ... 30%(Reading database ... 35%(Reading database ... 40%(Reading database ... 45%(Reading database ... 50%(Reading database ... 55%(Reading database ... 60%(Reading database ... 65%(Reading database ... 70%(Reading database ... 75%(Reading database ... 80%(Reading database ... 85%(Reading database ... 90%(Reading database ... 95%(Reading database ... 100%(Reading database ... 72019 files and directories currently installed.)
Preparing to replace libc6-dev 2.15-0ubuntu10.10 (using .../libc6-dev_2.15-0ubuntu10.13_amd64.deb) ...
Unpacking replacement libc6-dev ...
Preparing to replace libc-dev-bin 2.15-0ubuntu10.10 (using .../libc-dev-bin_2.15-0ubuntu10.13_amd64.deb) ...
Unpacking replacement libc-dev-bin ...
Preparing to replace libc-bin 2.15-0ubuntu10.10 (using .../libc-bin_2.15-0ubuntu10.13_amd64.deb) ...
Unpacking replacement libc-bin ...
Processing triggers for man-db ...
Setting up libc-bin (2.15-0ubuntu10.13) ...
(Reading database ... (Reading database ... 5%(Reading database ... 10%(Reading database ... 15%(Reading database ... 20%(Reading database ... 25%(Reading database ... 30%(Reading database ... 35%(Reading database ... 40%(Reading database ... 45%(Reading database ... 50%(Reading database ... 55%(Reading database ... 60%(Reading database ... 65%(Reading database ... 70%(Reading database ... 75%(Reading database ... 80%(Reading database ... 85%(Reading database ... 90%(Reading database ... 95%(Reading database ... 100%(Reading database ... 72019 files and directories currently installed.)
Preparing to replace libc6 2.15-0ubuntu10.10 (using .../libc6_2.15-0ubuntu10.13_amd64.deb) ...
Unpacking replacement libc6 ...
Setting up libc6 (2.15-0ubuntu10.13) ...
Setting up libc-dev-bin (2.15-0ubuntu10.13) ...
Setting up libc6-dev (2.15-0ubuntu10.13) ...
Processing triggers for libc-bin ...
ldconfig deferred processing now taking place
travis_fold:end:fix.CVE-2015-7547[0Ktravis_fold:start:git.checkout[0Ktravis_time:start:078d2d11[0K$ git clone --depth=50 --branch=feature/620-bytecode https://github.com/Whiley/WhileyCompiler.git Whiley/WhileyCompiler
Cloning into 'Whiley/WhileyCompiler'...
remote: Counting objects: 3966, done.[K
remote: Compressing objects:   0% (1/2646)   [Kremote: Compressing objects:   1% (27/2646)   [Kremote: Compressing objects:   2% (53/2646)   [Kremote: Compressing objects:   3% (80/2646)   [Kremote: Compressing objects:   4% (106/2646)   [Kremote: Compressing objects:   5% (133/2646)   [Kremote: Compressing objects:   6% (159/2646)   [Kremote: Compressing objects:   7% (186/2646)   [Kremote: Compressing objects:   8% (212/2646)   [Kremote: Compressing objects:   9% (239/2646)   [Kremote: Compressing objects:  10% (265/2646)   [Kremote: Compressing objects:  11% (292/2646)   [Kremote: Compressing objects:  12% (318/2646)   [Kremote: Compressing objects:  13% (344/2646)   [Kremote: Compressing objects:  14% (371/2646)   [Kremote: Compressing objects:  15% (397/2646)   [Kremote: Compressing objects:  16% (424/2646)   [Kremote: Compressing objects:  17% (450/2646)   [Kremote: Compressing objects:  18% (477/2646)   [Kremote: Compressing objects:  19% (503/2646)   [Kremote: Compressing objects:  20% (530/2646)   [Kremote: Compressing objects:  21% (556/2646)   [Kremote: Compressing objects:  22% (583/2646)   [Kremote: Compressing objects:  23% (609/2646)   [Kremote: Compressing objects:  24% (636/2646)   [Kremote: Compressing objects:  25% (662/2646)   [Kremote: Compressing objects:  26% (688/2646)   [Kremote: Compressing objects:  27% (715/2646)   [Kremote: Compressing objects:  28% (741/2646)   [Kremote: Compressing objects:  29% (768/2646)   [Kremote: Compressing objects:  30% (794/2646)   [Kremote: Compressing objects:  31% (821/2646)   [Kremote: Compressing objects:  32% (847/2646)   [Kremote: Compressing objects:  33% (874/2646)   [Kremote: Compressing objects:  34% (900/2646)   [Kremote: Compressing objects:  35% (927/2646)   [Kremote: Compressing objects:  36% (953/2646)   [Kremote: Compressing objects:  37% (980/2646)   [Kremote: Compressing objects:  38% (1006/2646)   [Kremote: Compressing objects:  39% (1032/2646)   [Kremote: Compressing objects:  40% (1059/2646)   [Kremote: Compressing objects:  41% (1085/2646)   [Kremote: Compressing objects:  42% (1112/2646)   [Kremote: Compressing objects:  43% (1138/2646)   [Kremote: Compressing objects:  44% (1165/2646)   [Kremote: Compressing objects:  45% (1191/2646)   [Kremote: Compressing objects:  46% (1218/2646)   [Kremote: Compressing objects:  47% (1244/2646)   [Kremote: Compressing objects:  48% (1271/2646)   [Kremote: Compressing objects:  49% (1297/2646)   [Kremote: Compressing objects:  50% (1323/2646)   [Kremote: Compressing objects:  51% (1350/2646)   [Kremote: Compressing objects:  52% (1376/2646)   [Kremote: Compressing objects:  53% (1403/2646)   [Kremote: Compressing objects:  54% (1429/2646)   [Kremote: Compressing objects:  55% (1456/2646)   [Kremote: Compressing objects:  56% (1482/2646)   [Kremote: Compressing objects:  57% (1509/2646)   [Kremote: Compressing objects:  58% (1535/2646)   [Kremote: Compressing objects:  59% (1562/2646)   [Kremote: Compressing objects:  60% (1588/2646)   [Kremote: Compressing objects:  61% (1615/2646)   [Kremote: Compressing objects:  62% (1641/2646)   [Kremote: Compressing objects:  63% (1667/2646)   [Kremote: Compressing objects:  64% (1694/2646)   [Kremote: Compressing objects:  65% (1720/2646)   [Kremote: Compressing objects:  66% (1747/2646)   [Kremote: Compressing objects:  67% (1773/2646)   [Kremote: Compressing objects:  68% (1800/2646)   [Kremote: Compressing objects:  69% (1826/2646)   [Kremote: Compressing objects:  70% (1853/2646)   [Kremote: Compressing objects:  71% (1879/2646)   [Kremote: Compressing objects:  72% (1906/2646)   [Kremote: Compressing objects:  73% (1932/2646)   [Kremote: Compressing objects:  74% (1959/2646)   [Kremote: Compressing objects:  75% (1985/2646)   [Kremote: Compressing objects:  76% (2011/2646)   [Kremote: Compressing objects:  77% (2038/2646)   [Kremote: Compressing objects:  78% (2064/2646)   [Kremote: Compressing objects:  79% (2091/2646)   [Kremote: Compressing objects:  80% (2117/2646)   [Kremote: Compressing objects:  81% (2144/2646)   [Kremote: Compressing objects:  82% (2170/2646)   [Kremote: Compressing objects:  83% (2197/2646)   [Kremote: Compressing objects:  84% (2223/2646)   [Kremote: Compressing objects:  85% (2250/2646)   [Kremote: Compressing objects:  86% (2276/2646)   [Kremote: Compressing objects:  87% (2303/2646)   [Kremote: Compressing objects:  88% (2329/2646)   [Kremote: Compressing objects:  89% (2355/2646)   [Kremote: Compressing objects:  90% (2382/2646)   [Kremote: Compressing objects:  91% (2408/2646)   [Kremote: Compressing objects:  92% (2435/2646)   [Kremote: Compressing objects:  93% (2461/2646)   [Kremote: Compressing objects:  94% (2488/2646)   [Kremote: Compressing objects:  95% (2514/2646)   [Kremote: Compressing objects:  96% (2541/2646)   [Kremote: Compressing objects:  97% (2567/2646)   [Kremote: Compressing objects:  98% (2594/2646)   [Kremote: Compressing objects:  99% (2620/2646)   [Kremote: Compressing objects: 100% (2646/2646)   [Kremote: Compressing objects: 100% (2646/2646), done.[K
Receiving objects:   0% (1/3966)   Receiving objects:   1% (40/3966)   Receiving objects:   2% (80/3966)   Receiving objects:   3% (119/3966)   Receiving objects:   4% (159/3966)   Receiving objects:   5% (199/3966)   Receiving objects:   6% (238/3966)   Receiving objects:   7% (278/3966)   Receiving objects:   8% (318/3966)   Receiving objects:   9% (357/3966)   Receiving objects:  10% (397/3966)   Receiving objects:  11% (437/3966)   Receiving objects:  12% (476/3966)   Receiving objects:  13% (516/3966)   Receiving objects:  14% (556/3966)   Receiving objects:  15% (595/3966)   Receiving objects:  16% (635/3966)   Receiving objects:  17% (675/3966)   Receiving objects:  18% (714/3966)   Receiving objects:  19% (754/3966)   Receiving objects:  20% (794/3966)   Receiving objects:  21% (833/3966)   Receiving objects:  22% (873/3966)   Receiving objects:  23% (913/3966)   Receiving objects:  24% (952/3966)   Receiving objects:  25% (992/3966)   Receiving objects:  26% (1032/3966)   Receiving objects:  27% (1071/3966)   Receiving objects:  28% (1111/3966)   Receiving objects:  29% (1151/3966)   Receiving objects:  30% (1190/3966)   Receiving objects:  31% (1230/3966)   Receiving objects:  32% (1270/3966)   Receiving objects:  33% (1309/3966)   Receiving objects:  34% (1349/3966)   Receiving objects:  35% (1389/3966)   Receiving objects:  36% (1428/3966)   Receiving objects:  37% (1468/3966)   Receiving objects:  38% (1508/3966)   Receiving objects:  39% (1547/3966)   Receiving objects:  40% (1587/3966)   Receiving objects:  41% (1627/3966)   Receiving objects:  42% (1666/3966)   Receiving objects:  43% (1706/3966)   Receiving objects:  44% (1746/3966)   Receiving objects:  45% (1785/3966)   Receiving objects:  46% (1825/3966)   Receiving objects:  47% (1865/3966)   Receiving objects:  48% (1904/3966)   Receiving objects:  49% (1944/3966)   Receiving objects:  50% (1983/3966)   Receiving objects:  51% (2023/3966)   Receiving objects:  52% (2063/3966)   Receiving objects:  53% (2102/3966)   Receiving objects:  54% (2142/3966)   Receiving objects:  55% (2182/3966)   Receiving objects:  56% (2221/3966)   Receiving objects:  57% (2261/3966)   Receiving objects:  58% (2301/3966)   Receiving objects:  59% (2340/3966)   Receiving objects:  60% (2380/3966)   Receiving objects:  61% (2420/3966)   Receiving objects:  62% (2459/3966)   Receiving objects:  63% (2499/3966)   Receiving objects:  64% (2539/3966)   Receiving objects:  65% (2578/3966)   Receiving objects:  66% (2618/3966)   Receiving objects:  67% (2658/3966)   Receiving objects:  68% (2697/3966)   Receiving objects:  69% (2737/3966)   Receiving objects:  70% (2777/3966)   Receiving objects:  71% (2816/3966)   Receiving objects:  72% (2856/3966)   Receiving objects:  73% (2896/3966)   Receiving objects:  74% (2935/3966)   Receiving objects:  75% (2975/3966)   Receiving objects:  76% (3015/3966)   Receiving objects:  77% (3054/3966)   Receiving objects:  78% (3094/3966)   Receiving objects:  79% (3134/3966)   Receiving objects:  80% (3173/3966)   Receiving objects:  81% (3213/3966)   Receiving objects:  82% (3253/3966)   Receiving objects:  83% (3292/3966)   Receiving objects:  84% (3332/3966)   Receiving objects:  85% (3372/3966)   Receiving objects:  86% (3411/3966)   Receiving objects:  87% (3451/3966)   Receiving objects:  88% (3491/3966)   Receiving objects:  89% (3530/3966)   Receiving objects:  90% (3570/3966)   Receiving objects:  91% (3610/3966)   Receiving objects:  92% (3649/3966)   Receiving objects:  93% (3689/3966)   Receiving objects:  94% (3729/3966)   Receiving objects:  95% (3768/3966)   Receiving objects:  96% (3808/3966)   Receiving objects:  97% (3848/3966)   Receiving objects:  98% (3887/3966)   Receiving objects:  99% (3927/3966)   remote: Total 3966 (delta 1639), reused 3043 (delta 1160), pack-reused 0[K
Receiving objects: 100% (3966/3966)   Receiving objects: 100% (3966/3966), 3.95 MiB | 0 bytes/s, done.
Resolving deltas:   0% (0/1639)   Resolving deltas:   5% (94/1639)   Resolving deltas:   6% (99/1639)   Resolving deltas:   7% (115/1639)   Resolving deltas:   8% (134/1639)   Resolving deltas:   9% (154/1639)   Resolving deltas:  11% (181/1639)   Resolving deltas:  12% (197/1639)   Resolving deltas:  13% (226/1639)   Resolving deltas:  14% (231/1639)   Resolving deltas:  18% (311/1639)   Resolving deltas:  19% (314/1639)   Resolving deltas:  21% (356/1639)   Resolving deltas:  23% (386/1639)   Resolving deltas:  24% (395/1639)   Resolving deltas:  25% (417/1639)   Resolving deltas:  26% (439/1639)   Resolving deltas:  27% (449/1639)   Resolving deltas:  28% (461/1639)   Resolving deltas:  29% (481/1639)   Resolving deltas:  30% (498/1639)   Resolving deltas:  31% (511/1639)   Resolving deltas:  32% (527/1639)   Resolving deltas:  33% (542/1639)   Resolving deltas:  34% (568/1639)   Resolving deltas:  35% (580/1639)   Resolving deltas:  36% (591/1639)   Resolving deltas:  37% (614/1639)   Resolving deltas:  38% (634/1639)   Resolving deltas:  39% (652/1639)   Resolving deltas:  40% (660/1639)   Resolving deltas:  41% (674/1639)   Resolving deltas:  43% (710/1639)   Resolving deltas:  44% (734/1639)   Resolving deltas:  45% (741/1639)   Resolving deltas:  46% (761/1639)   Resolving deltas:  47% (772/1639)   Resolving deltas:  48% (797/1639)   Resolving deltas:  49% (805/1639)   Resolving deltas:  50% (820/1639)   Resolving deltas:  52% (860/1639)   Resolving deltas:  53% (874/1639)   Resolving deltas:  56% (928/1639)   Resolving deltas:  57% (936/1639)   Resolving deltas:  58% (952/1639)   Resolving deltas:  59% (969/1639)   Resolving deltas:  60% (984/1639)   Resolving deltas:  61% (1000/1639)   Resolving deltas:  62% (1018/1639)   Resolving deltas:  64% (1050/1639)   Resolving deltas:  65% (1066/1639)   Resolving deltas:  66% (1082/1639)   Resolving deltas:  67% (1099/1639)   Resolving deltas:  68% (1115/1639)   Resolving deltas:  69% (1131/1639)   Resolving deltas:  70% (1148/1639)   Resolving deltas:  71% (1164/1639)   Resolving deltas:  72% (1181/1639)   Resolving deltas:  73% (1199/1639)   Resolving deltas:  74% (1213/1639)   Resolving deltas:  75% (1232/1639)   Resolving deltas:  76% (1251/1639)   Resolving deltas:  78% (1286/1639)   Resolving deltas:  79% (1297/1639)   Resolving deltas:  80% (1314/1639)   Resolving deltas:  81% (1329/1639)   Resolving deltas:  83% (1363/1639)   Resolving deltas:  84% (1386/1639)   Resolving deltas:  85% (1395/1639)   Resolving deltas:  86% (1415/1639)   Resolving deltas:  87% (1427/1639)   Resolving deltas:  88% (1443/1639)   Resolving deltas:  89% (1459/1639)   Resolving deltas:  90% (1484/1639)   Resolving deltas:  91% (1493/1639)   Resolving deltas:  92% (1514/1639)   Resolving deltas:  93% (1525/1639)   Resolving deltas:  94% (1546/1639)   Resolving deltas:  95% (1558/1639)   Resolving deltas:  97% (1591/1639)   Resolving deltas:  98% (1613/1639)   Resolving deltas:  99% (1623/1639)   Resolving deltas: 100% (1639/1639)   Resolving deltas: 100% (1639/1639), done.
Checking connectivity... done.

travis_time:end:078d2d11:start=1461273909987620414,finish=1461273911079121814,duration=1091501400[0K$ cd Whiley/WhileyCompiler
$ git checkout -qf a269dc89b8035335f4f6185f32494b5bbf45745f
travis_fold:end:git.checkout[0K
[33;1mThis job is running on container-based infrastructure, which does not allow use of 'sudo', setuid and setguid executables.[0m
[33;1mIf you require sudo, add 'sudo: required' to your .travis.yml[0m
[33;1mSee https://docs.travis-ci.com/user/workers/container-based-infrastructure/ for details.[0m
$ jdk_switcher use openjdk7
Switching to OpenJDK7 (java-1.7.0-openjdk-amd64), JAVA_HOME will be set to /usr/lib/jvm/java-7-openjdk-amd64
$ java -Xmx32m -version
java version "1.7.0_75"
OpenJDK Runtime Environment (IcedTea 2.5.4) (7u75-2.5.4-1~precise1)
OpenJDK 64-Bit Server VM (build 24.75-b04, mixed mode)
$ javac -J-Xmx32m -version
javac 1.7.0_75
travis_time:start:2e28eadc[0K$ touch running_on_travis

travis_time:end:2e28eadc:start=1461273913792265646,finish=1461273913797194319,duration=4928673[0K
[32;1mThe command "touch running_on_travis" exited with 0.[0m
travis_time:start:02ad9f7a[0K$ ant test-all
Buildfile: /home/travis/build/Whiley/WhileyCompiler/build.xml
[maven:dependencies] Downloading: junit/junit/4.12/junit-4.12.pom from repository central at http://repo.maven.apache.org/maven2
[maven:dependencies] Transferring 23K from central
[maven:dependencies] Downloading: org/hamcrest/hamcrest-core/1.3/hamcrest-core-1.3.pom from repository central at http://repo.maven.apache.org/maven2
[maven:dependencies] Transferring 1K from central
[maven:dependencies] Downloading: org/hamcrest/hamcrest-parent/1.3/hamcrest-parent-1.3.pom from repository central at http://repo.maven.apache.org/maven2
[maven:dependencies] Transferring 2K from central
[maven:dependencies] Downloading: junit/junit/4.12/junit-4.12.jar from repository central at http://repo.maven.apache.org/maven2
[maven:dependencies] Downloading: org/hamcrest/hamcrest-core/1.3/hamcrest-core-1.3.jar from repository central at http://repo.maven.apache.org/maven2
[maven:dependencies] Transferring 308K from central
[maven:dependencies] Transferring 44K from central

build-all:

compile-wybs:
    [javac] Compiling 29 source files
    [javac] Note: Some input files use unchecked or unsafe operations.
    [javac] Note: Recompile with -Xlint:unchecked for details.

build:
    [mkdir] Created dir: /home/travis/build/Whiley/WhileyCompiler/modules/wybs/tmp
      [jar] Building jar: /home/travis/build/Whiley/WhileyCompiler/lib/wybs-v0.3.39.jar
   [delete] Deleting directory /home/travis/build/Whiley/WhileyCompiler/modules/wybs/tmp
     [echo] =============================================
     [echo] BUILT: lib/wybs-v0.3.39.jar
     [echo] =============================================

compile-wycs:
     [wyrl] Compiling wyrl file (2 modified dependencies)
     [wyrl] Compiling wyrl file (7 modified dependencies)
    [javac] Compiling 39 source files
    [javac] Note: Some input files use unchecked or unsafe operations.
    [javac] Note: Recompile with -Xlint:unchecked for details.
     [wycs] Compiled 1 source file(s)

build:
    [mkdir] Created dir: /home/travis/build/Whiley/WhileyCompiler/modules/wycs/tmp
      [jar] Building jar: /home/travis/build/Whiley/WhileyCompiler/lib/wycs-v0.3.39.jar
   [delete] Deleting directory /home/travis/build/Whiley/WhileyCompiler/modules/wycs/tmp
     [echo] =============================================
     [echo] BUILT: lib/wycs-v0.3.39.jar
     [echo] =============================================

compile-wyil:
    [javac] Compiling 51 source files
    [javac] Note: Some input files use unchecked or unsafe operations.
    [javac] Note: Recompile with -Xlint:unchecked for details.

build:
    [mkdir] Created dir: /home/travis/build/Whiley/WhileyCompiler/modules/wyil/tmp
      [jar] Building jar: /home/travis/build/Whiley/WhileyCompiler/lib/wyil-v0.3.39.jar
   [delete] Deleting directory /home/travis/build/Whiley/WhileyCompiler/modules/wyil/tmp
     [echo] =============================================
     [echo] BUILT: lib/wyil-v0.3.39.jar
     [echo] =============================================

compile-wyc:
    [javac] Compiling 15 source files
    [javac] /home/travis/build/Whiley/WhileyCompiler/modules/wyc/src/wyc/io/WhileyFileParser.java:39: warning: Constants is internal proprietary API and may be removed in a future release
    [javac] import com.sun.org.apache.bcel.internal.Constants;
    [javac]                                        ^
    [javac] Note: Some input files use unchecked or unsafe operations.
    [javac] Note: Recompile with -Xlint:unchecked for details.
    [javac] 1 warning

build:
    [mkdir] Created dir: /home/travis/build/Whiley/WhileyCompiler/modules/wyc/tmp
      [jar] Building jar: /home/travis/build/Whiley/WhileyCompiler/lib/wyc-v0.3.39.jar
   [delete] Deleting directory /home/travis/build/Whiley/WhileyCompiler/modules/wyc/tmp
     [echo] =============================================
     [echo] BUILT: lib/wyc-v0.3.39.jar
     [echo] =============================================

compile-wyrt:
      [wyc] Compiled 11 source file(s)

build:
      [jar] Building jar: /home/travis/build/Whiley/WhileyCompiler/lib/wyrt-v0.3.39.jar
     [echo] =============================================
     [echo] BUILT: lib/wyrt-v0.3.39.jar
     [echo] =============================================

compile-wyjc:
    [javac] Compiling 15 source files
    [javac] Note: Some input files use unchecked or unsafe operations.
    [javac] Note: Recompile with -Xlint:unchecked for details.
     [wyjc] Compiled 11 source file(s)

build:
    [mkdir] Created dir: /home/travis/build/Whiley/WhileyCompiler/modules/wyjc/tmp
      [jar] Building jar: /home/travis/build/Whiley/WhileyCompiler/lib/wyjc-v0.3.39.jar
   [delete] Deleting directory /home/travis/build/Whiley/WhileyCompiler/modules/wyjc/tmp
     [echo] =============================================
     [echo] BUILT: lib/wyjc-v0.3.39.jar
     [echo] =============================================

test-all:

test:

test:

test:

compile-wyc:

test-compile-wyc:
    [javac] Compiling 4 source files
    [javac] Note: /home/travis/build/Whiley/WhileyCompiler/modules/wyc/src/wyc/testing/TestUtils.java uses unchecked or unsafe operations.
    [javac] Note: Recompile with -Xlint:unchecked for details.

test:
    [junit] Running wyc.testing.AllInvalidTests
    [junit] Testsuite: wyc.testing.AllInvalidTests
    [junit] .
    [junit] WARNING: version numbering unavailable
    [junit] .
    [junit] .
    [junit] .
    [junit] .
    [junit] .
    [junit] .
    [junit] .
    [junit] .
    [junit] .
    [junit] .
    [junit] .
    [junit] .
    [junit] .
    [junit] .
    [junit] .
    [junit] .
    [junit] .
    [junit] .
    [junit] .
    [junit] .
    [junit] .
    [junit] .
    [junit] .
    [junit] .
    [junit] .
    [junit] .
    [junit] .
    [junit] .
    [junit] .
    [junit] .
    [junit] .
    [junit] .
    [junit] .
    [junit] .
    [junit] .
    [junit] .
    [junit] .
    [junit] .
    [junit] .
    [junit] .
    [junit] .
    [junit] .
    [junit] .
    [junit] .
    [junit] .
    [junit] .
    [junit] .
    [junit] .
    [junit] .
    [junit] .
    [junit] .
    [junit] .
    [junit] .
    [junit] .
    [junit] .
    [junit] .
    [junit] .
    [junit] .
    [junit] .
    [junit] .
    [junit] .
    [junit] .
    [junit] .
    [junit] .
    [junit] .
    [junit] .
    [junit] .
    [junit] .
    [junit] .
    [junit] .
    [junit] .
    [junit] .
    [junit] .
    [junit] .
    [junit] .
    [junit] .
    [junit] .
    [junit] .
    [junit] .
    [junit] .
    [junit] .
    [junit] .
    [junit] .
    [junit] .
    [junit] .
    [junit] .
    [junit] .
    [junit] .
    [junit] .
    [junit] .
    [junit] .
    [junit] .
    [junit] .
    [junit] .
    [junit] .
    [junit] .
    [junit] .
    [junit] .
    [junit] .
    [junit] .
    [junit] .
    [junit] .
    [junit] .
    [junit] .
    [junit] .
    [junit] .
    [junit] .
    [junit] .
    [junit] .
    [junit] .
    [junit] .
    [junit] .
    [junit] .
    [junit] .
    [junit] .
    [junit] .
    [junit] .
    [junit] .
    [junit] .
    [junit] .
    [junit] .
    [junit] .
    [junit] .
    [junit] .
    [junit] .
    [junit] .
    [junit] .
    [junit] .
    [junit] .
    [junit] .
    [junit] .
    [junit] .
    [junit] .
    [junit] .
    [junit] .
    [junit] .
    [junit] .
    [junit] .
    [junit] .
    [junit] .
    [junit] .
    [junit] .
    [junit] .
    [junit] .
    [junit] .
    [junit] .
    [junit] .
    [junit] .
    [junit] .
    [junit] .
    [junit] .
    [junit] .
    [junit] .
    [junit] .
    [junit] .
    [junit] .
    [junit] .
    [junit] .
    [junit] .
    [junit] .
    [junit] .
    [junit] .
    [junit] .
    [junit] .
    [junit] .
    [junit] .
    [junit] .
    [junit] .
    [junit] .
    [junit] .
    [junit] .
    [junit] .
    [junit] .
    [junit] .
    [junit] .
    [junit] .
    [junit] .
    [junit] Tests run: 244, Failures: 0, Errors: 0, Time elapsed: 45.672 sec
    [junit] Tests run: 244, Failures: 0, Errors: 0, Time elapsed: 45.672 sec
    [junit] 
    [junit] Testcase: invalid[AddressExpression_Invalid_1] took 0.135 sec
    [junit] Testcase: invalid[AddressExpression_Invalid_2] took 0.009 sec
    [junit] Testcase: invalid[ArrayAccess_Invalid_1] took 0.01 sec
    [junit] Testcase: invalid[ArrayAccess_Invalid_2] took 0.978 sec
    [junit] Testcase: invalid[ArrayAccess_Invalid_3] took 0.023 sec
    [junit] Testcase: invalid[ArrayAccess_Invalid_4] took 0.921 sec
    [junit] Testcase: invalid[ArrayAccess_Invalid_5] took 0.807 sec
    [junit] Testcase: invalid[ArrayAssign_Invalid_1] took 0.008 sec
    [junit] Testcase: invalid[ArrayAssign_Invalid_2] took 0.001 sec
    [junit] Testcase: invalid[ArrayAssign_Invalid_3] took 0 sec
    [junit] Testcase: invalid[ArrayConversion_Invalid_1] took 0.009 sec
    [junit] Testcase: invalid[ArrayEmpty_Invalid_1] took 0.007 sec
    [junit] Testcase: invalid[ArrayEmpty_Invalid_2] took 0.81 sec
    [junit] Testcase: invalid[ArrayEquals_Invalid_1] took 0 sec
    [junit] Testcase: invalid[ArrayGenerator_Invalid_1] took 0.872 sec
    [junit] Testcase: invalid[ArrayGenerator_Invalid_2] took 0.875 sec
    [junit] Testcase: invalid[ArrayGenerator_Invalid_3] took 0.004 sec
    [junit] Testcase: invalid[ArrayGenerator_Invalid_4] took 0.004 sec
    [junit] Testcase: invalid[ArrayLength_Invalid_1] took 1.431 sec
    [junit] Testcase: invalid[ArrayLength_Invalid_2] took 0 sec
    [junit] Testcase: invalid[ArrayLength_Invalid_3] took 0.964 sec
    [junit] Testcase: invalid[ArrayUpdate_Invalid_1] took 0 sec
    [junit] Testcase: invalid[Array_Invalid_1] took 0.005 sec
    [junit] Testcase: invalid[Array_Invalid_2] took 0.004 sec
    [junit] Testcase: invalid[Array_Invalid_3] took 0.004 sec
    [junit] Testcase: invalid[Array_Invalid_4] took 0.003 sec
    [junit] Testcase: invalid[Array_Invalid_5] took 0.003 sec
    [junit] Testcase: invalid[Array_Invalid_6] took 0.003 sec
    [junit] Testcase: invalid[Array_Invalid_7] took 0.009 sec
    [junit] Testcase: invalid[Assert_Invalid_1] took 0.008 sec
    [junit] Testcase: invalid[Assert_Invalid_2] took 0.75 sec
    [junit] Testcase: invalid[Assign_Invalid_1] took 0.004 sec
    [junit] Testcase: invalid[Assign_Invalid_2] took 0.004 sec
    [junit] Testcase: invalid[Assign_Invalid_3] took 0.011 sec
    [junit] Testcase: invalid[Assign_Invalid_4] took 0.003 sec
    [junit] Testcase: invalid[Assign_Invalid_5] took 0.003 sec
    [junit] Testcase: invalid[Assign_Invalid_6] took 0.003 sec
    [junit] Testcase: invalid[Assign_Invalid_7] took 0.003 sec
    [junit] Testcase: invalid[Assign_Invalid_8] took 0.004 sec
    [junit] Testcase: invalid[Assign_Invalid_9] took 0.004 sec
    [junit] Testcase: invalid[Byte_Invalid_1] took 0.003 sec
    [junit] Testcase: invalid[Coercion_Invalid_2] took 0.009 sec
    [junit] Testcase: invalid[Constant_Invalid_1] took 0 sec
    [junit] Testcase: invalid[Constant_Invalid_2] took 0.004 sec
    [junit] Testcase: invalid[ConstrainedArray_Invalid_1] took 0.654 sec
    [junit] Testcase: invalid[ConstrainedArray_Invalid_2] took 0 sec
    [junit] Testcase: invalid[ConstrainedArray_Invalid_3] took 0 sec
    [junit] Testcase: invalid[ConstrainedDictionary_Invalid_1] took 0 sec
    [junit] Testcase: invalid[ConstrainedInt_Invalid_1] took 0 sec
    [junit] Testcase: invalid[ConstrainedInt_Invalid_10] took 0 sec
    [junit] Testcase: invalid[ConstrainedInt_Invalid_11] took 0 sec
    [junit] Testcase: invalid[ConstrainedInt_Invalid_12] took 0 sec
    [junit] Testcase: invalid[ConstrainedInt_Invalid_2] took 0.659 sec
    [junit] Testcase: invalid[ConstrainedInt_Invalid_3] took 1.063 sec
    [junit] Testcase: invalid[ConstrainedInt_Invalid_4] took 1.043 sec
    [junit] Testcase: invalid[ConstrainedInt_Invalid_5] took 1.023 sec
    [junit] Testcase: invalid[ConstrainedInt_Invalid_6] took 1.078 sec
    [junit] Testcase: invalid[ConstrainedInt_Invalid_7] took 0 sec
    [junit] Testcase: invalid[ConstrainedInt_Invalid_8] took 0 sec
    [junit] Testcase: invalid[ConstrainedInt_Invalid_9] took 0 sec
    [junit] Testcase: invalid[ConstrainedRecord_Invalid_1] took 0.797 sec
    [junit] Testcase: invalid[Continue_Invalid_1] took 0.003 sec
    [junit] Testcase: invalid[Continue_Invalid_2] took 0.003 sec
    [junit] Testcase: invalid[Contractive_Invalid_1] took 0 sec
    [junit] Testcase: invalid[Contractive_Invalid_2] took 0 sec
    [junit] Testcase: invalid[DefiniteAssign_Invalid_1] took 0.004 sec
    [junit] Testcase: invalid[DefiniteAssign_Invalid_2] took 0.005 sec
    [junit] Testcase: invalid[DefiniteAssign_Invalid_3] took 0.005 sec
    [junit] Testcase: invalid[DefiniteAssign_Invalid_4] took 0.004 sec
    [junit] Testcase: invalid[EndOfFile_Invalid_1] took 0 sec
    [junit] Testcase: invalid[Ensures_Invalid_1] took 1.053 sec
    [junit] Testcase: invalid[Ensures_Invalid_2] took 0.942 sec
    [junit] Testcase: invalid[Ensures_Invalid_3] took 0.98 sec
    [junit] Testcase: invalid[Export_Invalid_1] took 0 sec
    [junit] Testcase: invalid[Fail_Invalid_1] took 0.947 sec
    [junit] Testcase: invalid[Fail_Invalid_2] took 0.004 sec
    [junit] Testcase: invalid[FunctionRef_Invalid_1] took 0.004 sec
    [junit] Testcase: invalid[FunctionRef_Invalid_2] took 0.004 sec
    [junit] Testcase: invalid[FunctionRef_Invalid_3] took 0.004 sec
    [junit] Testcase: invalid[FunctionRef_Invalid_4] took 0.008 sec
    [junit] Testcase: invalid[FunctionRef_Invalid_5] took 0.006 sec
    [junit] Testcase: invalid[FunctionRef_Invalid_6] took 0.004 sec
    [junit] Testcase: invalid[FunctionRef_Invalid_7] took 0.007 sec
    [junit] Testcase: invalid[Function_Invalid_1] took 0.015 sec
    [junit] Testcase: invalid[Function_Invalid_10] took 0 sec
    [junit] Testcase: invalid[Function_Invalid_2] took 0 sec
    [junit] Testcase: invalid[Function_Invalid_3] took 0.006 sec
    [junit] Testcase: invalid[Function_Invalid_4] took 0.052 sec
    [junit] Testcase: invalid[Function_Invalid_9] took 0.001 sec
    [junit] Testcase: invalid[If_Invalid_1] took 0.003 sec
    [junit] Testcase: invalid[If_Invalid_2] took 0.002 sec
    [junit] Testcase: invalid[If_Invalid_4] took 0.002 sec
    [junit] Testcase: invalid[If_Invalid_5] took 0.003 sec
    [junit] Testcase: invalid[Import_Invalid_1] took 0.006 sec
    [junit] Testcase: invalid[IntDiv_Invalid_1] took 1.035 sec
    [junit] Testcase: invalid[Intersection_Invalid_1] took 0 sec
    [junit] Testcase: invalid[Intersection_Invalid_2] took 0 sec
    [junit] Testcase: invalid[Lambda_Invalid_3] took 0 sec
    [junit] Testcase: invalid[MethodCall_Invalid_1] took 0.004 sec
    [junit] Testcase: invalid[MethodCall_Invalid_2] took 0.006 sec
    [junit] Testcase: invalid[MethodCall_Invalid_3] took 0.002 sec
    [junit] Testcase: invalid[MethodCall_Invalid_4] took 0.152 sec
    [junit] Testcase: invalid[MethodCall_Invalid_5] took 0.293 sec
    [junit] Testcase: invalid[MethodCall_Invalid_6] took 0.128 sec
    [junit] Testcase: invalid[MethodCall_Invalid_7] took 0.2 sec
    [junit] Testcase: invalid[MethodCall_Invalid_8] took 0.131 sec
    [junit] Testcase: invalid[MethodRef_Invalid_1] took 0.001 sec
    [junit] Testcase: invalid[MethodRef_Invalid_2] took 0 sec
    [junit] Testcase: invalid[MethodRef_Invalid_3] took 0 sec
    [junit] Testcase: invalid[MultiAssign_Invalid_1] took 0.005 sec
    [junit] Testcase: invalid[Native_Invalid_1] took 0 sec
    [junit] Testcase: invalid[NegationType_Invalid_1] took 0.003 sec
    [junit] Testcase: invalid[NegationType_Invalid_2] took 0 sec
    [junit] Testcase: invalid[NegationType_Invalid_3] took 0.005 sec
    [junit] Testcase: invalid[OpenRecord_Invalid_1] took 0 sec
    [junit] Testcase: invalid[OpenRecord_Invalid_2] took 0 sec
    [junit] Testcase: invalid[OpenRecord_Invalid_3] took 0.004 sec
    [junit] Testcase: invalid[OpenRecord_Invalid_4] took 0.004 sec
    [junit] Testcase: invalid[OpenRecord_Invalid_5] took 0.005 sec
    [junit] Testcase: invalid[OpenRecord_Invalid_6] took 0.004 sec
    [junit] Testcase: invalid[OpenRecord_Invalid_7] took 0.004 sec
    [junit] Testcase: invalid[Parameter_Invalid_1] took 0.002 sec
    [junit] Testcase: invalid[Parameter_Invalid_2] took 0.002 sec
    [junit] Testcase: invalid[Parsing_Invalid_1] took 0 sec
    [junit] Testcase: invalid[Parsing_Invalid_10] took 0.003 sec
    [junit] Testcase: invalid[Parsing_Invalid_11] took 0.002 sec
    [junit] Testcase: invalid[Parsing_Invalid_12] took 0.005 sec
    [junit] Testcase: invalid[Parsing_Invalid_15] took 0 sec
    [junit] Testcase: invalid[Parsing_Invalid_16] took 0.002 sec
    [junit] Testcase: invalid[Parsing_Invalid_2] took 0 sec
    [junit] Testcase: invalid[Parsing_Invalid_21] took 0.004 sec
    [junit] Testcase: invalid[Parsing_Invalid_23] took 0.004 sec
    [junit] Testcase: invalid[Parsing_Invalid_24] took 0.004 sec
    [junit] Testcase: invalid[Parsing_Invalid_25] took 0.004 sec
    [junit] Testcase: invalid[Parsing_Invalid_26] took 0.003 sec
    [junit] Testcase: invalid[Parsing_Invalid_27] took 0 sec
    [junit] Testcase: invalid[Parsing_Invalid_28] took 0 sec
    [junit] Testcase: invalid[Parsing_Invalid_29] took 0.002 sec
    [junit] Testcase: invalid[Parsing_Invalid_30] took 0.002 sec
    [junit] Testcase: invalid[Parsing_Invalid_31] took 0 sec
    [junit] Testcase: invalid[Parsing_Invalid_4] took 0.002 sec
    [junit] Testcase: invalid[Parsing_Invalid_5] took 0.002 sec
    [junit] Testcase: invalid[Parsing_Invalid_6] took 0.003 sec
    [junit] Testcase: invalid[Parsing_Invalid_8] took 0.002 sec
    [junit] Testcase: invalid[ProcessAccess_Invalid_1] took 0.004 sec
    [junit] Testcase: invalid[ProcessAccess_Invalid_2] took 0.004 sec
    [junit] Testcase: invalid[ProcessAccess_Invalid_3] took 0.004 sec
    [junit] Testcase: invalid[Process_Invalid_1] took 0.004 sec
    [junit] Testcase: invalid[Quantifiers_Invalid_1] took 0.85 sec
    [junit] Testcase: invalid[Quantifiers_Invalid_2] took 0.815 sec
    [junit] Testcase: invalid[Quantifiers_Invalid_3] took 1.036 sec
    [junit] Testcase: invalid[Quantifiers_Invalid_4] took 0.889 sec
    [junit] Testcase: invalid[Quantifiers_Invalid_5] took 0.888 sec
    [junit] Testcase: invalid[Quantifiers_Invalid_6] took 1.16 sec
    [junit] Testcase: invalid[Quantifiers_Invalid_7] took 1.101 sec
    [junit] Testcase: invalid[Quantifiers_Invalid_8] took 1.399 sec
    [junit] Testcase: invalid[Record_Invalid_1] took 0.005 sec
    [junit] Testcase: invalid[Record_Invalid_2] took 0.006 sec
    [junit] Testcase: invalid[Record_Invalid_3] took 0.008 sec
    [junit] Testcase: invalid[RecursiveType_Invalid_1] took 0 sec
    [junit] Testcase: invalid[RecursiveType_Invalid_10] took 0 sec
    [junit] Testcase: invalid[RecursiveType_Invalid_2] took 0 sec
    [junit] Testcase: invalid[RecursiveType_Invalid_3] took 0.006 sec
    [junit] Testcase: invalid[RecursiveType_Invalid_4] took 0 sec
    [junit] Testcase: invalid[RecursiveType_Invalid_5] took 0.005 sec
    [junit] Testcase: invalid[RecursiveType_Invalid_7] took 0 sec
    [junit] Testcase: invalid[RecursiveType_Invalid_8] took 0 sec
    [junit] Testcase: invalid[RecursiveType_Invalid_9] took 0 sec
    [junit] Testcase: invalid[ReferenceOpenRecord_Invalid_1] took 0 sec
    [junit] Testcase: invalid[Reference_Subtype_Variant_Invalid_1] took 0.005 sec
    [junit] Testcase: invalid[Remainder_Invalid_1] took 0.913 sec
    [junit] Testcase: invalid[Remainder_Invalid_2] took 0.002 sec
    [junit] Testcase: invalid[Remainder_Invalid_3] took 0.002 sec
    [junit] Testcase: invalid[Requires_Invalid_1] took 1.341 sec
    [junit] Testcase: invalid[Return_Invalid_1] took 0.003 sec
    [junit] Testcase: invalid[Return_Invalid_10] took 0.002 sec
    [junit] Testcase: invalid[Return_Invalid_11] took 0.002 sec
    [junit] Testcase: invalid[Return_Invalid_12] took 0.002 sec
    [junit] Testcase: invalid[Return_Invalid_2] took 0.002 sec
    [junit] Testcase: invalid[Return_Invalid_3] took 0.002 sec
    [junit] Testcase: invalid[Return_Invalid_4] took 0.006 sec
    [junit] Testcase: invalid[Return_Invalid_5] took 0.003 sec
    [junit] Testcase: invalid[Return_Invalid_6] took 0.002 sec
    [junit] Testcase: invalid[Return_Invalid_7] took 0.003 sec
    [junit] Testcase: invalid[Return_Invalid_8] took 0.002 sec
    [junit] Testcase: invalid[Return_Invalid_9] took 0.002 sec
    [junit] Testcase: invalid[Subtype_Invalid_1] took 0.856 sec
    [junit] Testcase: invalid[Subtype_Invalid_2] took 1.263 sec
    [junit] Testcase: invalid[Subtype_Invalid_3] took 1.225 sec
    [junit] Testcase: invalid[Subtype_Invalid_4] took 0.93 sec
    [junit] Testcase: invalid[Subtype_Invalid_5] took 1.174 sec
    [junit] Testcase: invalid[Subtype_Invalid_6] took 0 sec
    [junit] Testcase: invalid[Subtype_Invalid_7] took 0.904 sec
    [junit] Testcase: invalid[Subtype_Invalid_8] took 0 sec
    [junit] Testcase: invalid[Subtype_Invalid_9] took 0 sec
    [junit] Testcase: invalid[Switch_Invalid_1] took 0.004 sec
    [junit] Testcase: invalid[Switch_Invalid_2] took 0.002 sec
    [junit] Testcase: invalid[Switch_Invalid_3] took 0.002 sec
    [junit] Testcase: invalid[Switch_Invalid_4] took 0.003 sec
    [junit] Testcase: invalid[Switch_Invalid_5] took 0.002 sec
    [junit] Testcase: invalid[Switch_Invalid_6] took 0 sec
    [junit] Testcase: invalid[Switch_Invalid_7] took 0.004 sec
    [junit] Testcase: invalid[TupleAssign_Invalid_1] took 0 sec
    [junit] Testcase: invalid[TupleAssign_Invalid_2] took 0 sec
    [junit] Testcase: invalid[TupleAssign_Invalid_3] took 0 sec
    [junit] Testcase: invalid[TupleDefine_Invalid_1] took 0.004 sec
    [junit] Testcase: invalid[TupleDefine_Invalid_2] took 0 sec
    [junit] Testcase: invalid[Tuple_Invalid_3] took 0 sec
    [junit] Testcase: invalid[Tuple_Invalid_4] took 0 sec
    [junit] Testcase: invalid[Tuple_Invalid_5] took 0 sec
    [junit] Testcase: invalid[Tuple_Invalid_6] took 0 sec
    [junit] Testcase: invalid[Tuple_Invalid_7] took 0 sec
    [junit] Testcase: invalid[TypeEquals_Invalid_1] took 0.004 sec
    [junit] Testcase: invalid[TypeEquals_Invalid_2] took 0.003 sec
    [junit] Testcase: invalid[TypeEquals_Invalid_5] took 0 sec
    [junit] Testcase: invalid[TypeEquals_Invalid_6] took 0.959 sec
    [junit] Testcase: invalid[UnionType_Invalid_1] took 0.004 sec
    [junit] Testcase: invalid[UnionType_Invalid_10] took 0 sec
    [junit] Testcase: invalid[UnionType_Invalid_2] took 0.004 sec
    [junit] Testcase: invalid[UnionType_Invalid_3] took 0.005 sec
    [junit] Testcase: invalid[UnionType_Invalid_4] took 0.004 sec
    [junit] Testcase: invalid[UnionType_Invalid_5] took 0.005 sec
    [junit] Testcase: invalid[UnionType_Invalid_6] took 0.004 sec
    [junit] Testcase: invalid[UnionType_Invalid_7] took 0.001 sec
    [junit] Testcase: invalid[UnionType_Invalid_8] took 0 sec
    [junit] Testcase: invalid[UnionType_Invalid_9] took 0 sec
    [junit] Testcase: invalid[VarDecl_Invalid_1] took 0.004 sec
    [junit] Testcase: invalid[VarDecl_Invalid_2] took 1.07 sec
    [junit] Testcase: invalid[VarDecl_Invalid_3] took 0.003 sec
    [junit] Testcase: invalid[While_Invalid_1] took 0.005 sec
    [junit] Testcase: invalid[While_Invalid_10] took 1.157 sec
    [junit] Testcase: invalid[While_Invalid_11] took 0.955 sec
    [junit] Testcase: invalid[While_Invalid_12] took 0 sec
    [junit] Testcase: invalid[While_Invalid_13] took 0.731 sec
    [junit] Testcase: invalid[While_Invalid_14] took 0.003 sec
    [junit] Testcase: invalid[While_Invalid_2] took 0.004 sec
    [junit] Testcase: invalid[While_Invalid_3] took 0.004 sec
    [junit] Testcase: invalid[While_Invalid_4] took 0.003 sec
    [junit] Testcase: invalid[While_Invalid_5] took 0.003 sec
    [junit] Testcase: invalid[While_Invalid_6] took 0.003 sec
    [junit] Testcase: invalid[While_Invalid_7] took 1.05 sec
    [junit] Testcase: invalid[While_Invalid_8] took 1.153 sec
    [junit] Testcase: invalid[While_Invalid_9] took 0.006 sec
    [junit] Testcase: invalid[XOR_Invalid_1] took 0.003 sec
    [junit] Running wyc.testing.AllValidTests
    [junit] Testsuite: wyc.testing.AllValidTests
    [junit] WARNING: version numbering unavailable
    [junit] .
    [junit] .
    [junit] .
    [junit] .
    [junit] .
    [junit] .
    [junit] .
    [junit] .
    [junit] .
    [junit] .
    [junit] .
    [junit] .
    [junit] .
    [junit] .
    [junit] .
    [junit] .
    [junit] .
    [junit] .
    [junit] .
    [junit] .
    [junit] .
    [junit] .
    [junit] .
    [junit] .
    [junit] .
    [junit] .
    [junit] .
    [junit] .
    [junit] .
    [junit] .
    [junit] .
    [junit] .
    [junit] .
    [junit] .
    [junit] .
    [junit] .
    [junit] .
    [junit] .
    [junit] .
    [junit] .
    [junit] .
    [junit] .
    [junit] .
    [junit] .
    [junit] .
    [junit] .
    [junit] .
    [junit] .
    [junit] .
    [junit] .
    [junit] .
    [junit] .
    [junit] .
    [junit] .
    [junit] .
    [junit] .
    [junit] .
    [junit] .
    [junit] .
    [junit] .
    [junit] .
    [junit] .
    [junit] .
    [junit] .
    [junit] .
    [junit] .
    [junit] .
    [junit] .
    [junit] .
    [junit] .
    [junit] .
    [junit] .
    [junit] .
    [junit] .
    [junit] .
    [junit] .
    [junit] .
    [junit] .
    [junit] .
    [junit] .
    [junit] .
    [junit] .
    [junit] .
    [junit] .
    [junit] .
    [junit] .
    [junit] .
    [junit] .
    [junit] .
    [junit] .
    [junit] .
    [junit] .
    [junit] .
    [junit] .
    [junit] .
    [junit] .
    [junit] .
    [junit] .
    [junit] .
    [junit] .
    [junit] .
    [junit] .
    [junit] .
    [junit] .
    [junit] .
    [junit] .
    [junit] .
    [junit] .
    [junit] .
    [junit] .
    [junit] .
    [junit] .
    [junit] .
    [junit] .
    [junit] .
    [junit] .
    [junit] .
    [junit] .
    [junit] .
    [junit] .
    [junit] .
    [junit] .
    [junit] .
    [junit] .
    [junit] .
    [junit] .
    [junit] .
    [junit] .
    [junit] .
    [junit] .
    [junit] .
    [junit] .
    [junit] .
    [junit] .
    [junit] .
    [junit] .
    [junit] .
    [junit] .
    [junit] .
    [junit] .
    [junit] .
    [junit] .
    [junit] .
    [junit] .
    [junit] .
    [junit] .
    [junit] .
    [junit] .
    [junit] .
    [junit] .
    [junit] .
    [junit] .
    [junit] .
    [junit] .
    [junit] .
    [junit] .
    [junit] .
    [junit] .
    [junit] .
    [junit] .
    [junit] .
    [junit] .
    [junit] .
    [junit] .
    [junit] .
    [junit] .
    [junit] .
    [junit] .
    [junit] .
    [junit] .
    [junit] .
    [junit] .
    [junit] .
    [junit] .
    [junit] .
    [junit] .
    [junit] .
    [junit] .
    [junit] .
    [junit] .
    [junit] .
    [junit] .
    [junit] .
    [junit] .
    [junit] .
    [junit] .
    [junit] .
    [junit] .
    [junit] .
    [junit] .
    [junit] .
    [junit] .
    [junit] .
    [junit] .
    [junit] .
    [junit] .
    [junit] .
    [junit] .
    [junit] .
    [junit] .
    [junit] .
    [junit] .
    [junit] .
    [junit] .
    [junit] .
    [junit] .
    [junit] .
    [junit] .
    [junit] .
    [junit] .
    [junit] .
    [junit] .
    [junit] .
    [junit] .
    [junit] .
    [junit] .
    [junit] .
    [junit] .
    [junit] .
    [junit] .
    [junit] .
    [junit] .
    [junit] .
    [junit] .
    [junit] .
    [junit] .
    [junit] .
    [junit] .
    [junit] .
    [junit] .
    [junit] .
    [junit] .
    [junit] .
    [junit] .
    [junit] .
    [junit] .
    [junit] .
    [junit] .
    [junit] .
    [junit] .
    [junit] .
    [junit] .
    [junit] .
    [junit] .
    [junit] .
    [junit] .
    [junit] .
    [junit] .
    [junit] .
    [junit] .
    [junit] .
    [junit] .
    [junit] .
    [junit] .
    [junit] .
    [junit] .
    [junit] .
    [junit] .
    [junit] .
    [junit] .
    [junit] .
    [junit] .
    [junit] .
    [junit] .
    [junit] .
    [junit] .
    [junit] .
    [junit] .
    [junit] .
    [junit] .
    [junit] .
    [junit] .
    [junit] .
    [junit] .
    [junit] .
    [junit] .
    [junit] .
    [junit] .
    [junit] .
    [junit] .
    [junit] .
    [junit] .
    [junit] .
    [junit] .
    [junit] .
    [junit] .
    [junit] .
    [junit] .
    [junit] .
    [junit] .
    [junit] .
    [junit] .
    [junit] .
    [junit] .
    [junit] .
    [junit] .
    [junit] .
    [junit] .
    [junit] .
    [junit] .
    [junit] .
    [junit] .
    [junit] .
    [junit] .
    [junit] .
    [junit] .
    [junit] .
    [junit] .
    [junit] .
    [junit] .
    [junit] .
    [junit] .
    [junit] .
    [junit] .
    [junit] .
    [junit] .
    [junit] .
    [junit] .
    [junit] .
    [junit] .
    [junit] .
    [junit] .
    [junit] .
    [junit] .
    [junit] .
    [junit] .
    [junit] .
    [junit] .
    [junit] .
    [junit] .
    [junit] .
    [junit] .
    [junit] .
    [junit] .
    [junit] .
    [junit] .
    [junit] .
    [junit] .
    [junit] .
    [junit] .
    [junit] .
    [junit] .
    [junit] .
    [junit] .
    [junit] .
    [junit] .
    [junit] .
    [junit] .
    [junit] .
    [junit] .
    [junit] .
    [junit] .
    [junit] .
    [junit] .
    [junit] .
    [junit] .
    [junit] .
    [junit] .
    [junit] .
    [junit] .
    [junit] .
    [junit] .
    [junit] .
    [junit] .
    [junit] .
    [junit] .
    [junit] .
    [junit] .
    [junit] .
    [junit] .
    [junit] .
    [junit] .
    [junit] .
    [junit] .
    [junit] .
    [junit] .
    [junit] .
    [junit] .
    [junit] .
    [junit] .
    [junit] .
    [junit] .
    [junit] .
    [junit] .
    [junit] .
    [junit] .
    [junit] .
    [junit] .
    [junit] .
    [junit] .
    [junit] .
    [junit] .
    [junit] .
    [junit] .
    [junit] .
    [junit] .
    [junit] .
    [junit] .
    [junit] .
    [junit] .
    [junit] .
    [junit] .
    [junit] .
    [junit] .
    [junit] .
    [junit] .
    [junit] .
    [junit] .
    [junit] .
    [junit] .
    [junit] .
    [junit] .
    [junit] .
    [junit] .
    [junit] .
    [junit] .
    [junit] .
    [junit] .
    [junit] .
    [junit] .
    [junit] .
    [junit] .
    [junit] .
    [junit] .
    [junit] .
    [junit] .
    [junit] .
    [junit] .
    [junit] .
    [junit] .
    [junit] .
    [junit] .
    [junit] .
    [junit] .
    [junit] .
    [junit] .
    [junit] .
    [junit] .
    [junit] .
    [junit] .
    [junit] .
    [junit] .
    [junit] .
    [junit] .
    [junit] Tests run: 481, Failures: 0, Errors: 0, Time elapsed: 321.733 sec
    [junit] Tests run: 481, Failures: 0, Errors: 0, Time elapsed: 321.733 sec
    [junit] 
    [junit] Testcase: valid[Access_Valid_1] took 1.214 sec
    [junit] Testcase: valid[Access_Valid_2] took 1.066 sec
    [junit] Testcase: valid[AddressExpression_Valid_1] took 0.639 sec
    [junit] Testcase: valid[AddressExpression_Valid_2] took 0.839 sec
    [junit] Testcase: valid[AddressExpression_Valid_3] took 0.888 sec
    [junit] Testcase: valid[AddressExpression_Valid_4] took 0.844 sec
    [junit] Testcase: valid[Assume_Valid_1] took 0.764 sec
    [junit] Testcase: valid[Assume_Valid_2] took 0.573 sec
    [junit] Testcase: valid[BoolAssign_Valid_1] took 0.991 sec
    [junit] Testcase: valid[BoolAssign_Valid_2] took 0.641 sec
    [junit] Testcase: valid[BoolAssign_Valid_3] took 0.86 sec
    [junit] Testcase: valid[BoolAssign_Valid_4] took 1.036 sec
    [junit] Testcase: valid[BoolAssign_Valid_5] took 0.864 sec
    [junit] Testcase: valid[BoolAssign_Valid_6] took 0.757 sec
    [junit] Testcase: valid[BoolFun_Valid_1] took 0.759 sec
    [junit] Testcase: valid[BoolIfElse_Valid_1] took 0.95 sec
    [junit] Testcase: valid[BoolIfElse_Valid_2] took 1.088 sec
    [junit] Testcase: valid[BoolList_Valid_1] took 0.888 sec
    [junit] Testcase: valid[BoolList_Valid_2] took 0.936 sec
    [junit] Testcase: valid[BoolList_Valid_3] took 0.859 sec
    [junit] Testcase: valid[BoolRecord_Valid_1] took 0.716 sec
    [junit] Testcase: valid[BoolRecord_Valid_2] took 0.694 sec
    [junit] Testcase: valid[BoolRequires_Valid_1] took 0.765 sec
    [junit] Testcase: valid[BoolReturn_Valid_1] took 0.84 sec
    [junit] Testcase: valid[Byte_Valid_1] took 0.794 sec
    [junit] Testcase: valid[Byte_Valid_2] took 2.151 sec
    [junit] Testcase: valid[Byte_Valid_3] took 1.455 sec
    [junit] Testcase: valid[Byte_Valid_4] took 1.371 sec
    [junit] Testcase: valid[Byte_Valid_5] took 0.755 sec
    [junit] Testcase: valid[Byte_Valid_6] took 0.789 sec
    [junit] Testcase: valid[Byte_Valid_7] took 0.687 sec
    [junit] Testcase: valid[Byte_Valid_8] took 0.729 sec
    [junit] Testcase: valid[Byte_Valid_9] took 0.612 sec
    [junit] Testcase: valid[Cast_Valid_5] took 0.632 sec
    [junit] Testcase: valid[Coercion_Valid_2] took 0.936 sec
    [junit] Testcase: valid[Coercion_Valid_3] took 0.687 sec
    [junit] Testcase: valid[Coercion_Valid_7] took 0.422 sec
    [junit] Testcase: valid[Coercion_Valid_8] took 0.001 sec
    [junit] Testcase: valid[Coercion_Valid_9] took 0.601 sec
    [junit] Testcase: valid[Complex_Valid_1] took 0.719 sec
    [junit] Testcase: valid[Complex_Valid_2] took 0.732 sec
    [junit] Testcase: valid[Complex_Valid_3] took 0 sec
    [junit] Testcase: valid[Complex_Valid_4] took 0.762 sec
    [junit] Testcase: valid[Complex_Valid_5] took 0.83 sec
    [junit] Testcase: valid[Complex_Valid_6] took 0.525 sec
    [junit] Testcase: valid[Complex_Valid_7] took 0.725 sec
    [junit] Testcase: valid[Complex_Valid_8] took 0.621 sec
    [junit] Testcase: valid[Constant_Valid_3] took 0.497 sec
    [junit] Testcase: valid[ConstrainedInt_Valid_1] took 0.423 sec
    [junit] Testcase: valid[ConstrainedInt_Valid_10] took 0.624 sec
    [junit] Testcase: valid[ConstrainedInt_Valid_12] took 0.67 sec
    [junit] Testcase: valid[ConstrainedInt_Valid_13] took 0.668 sec
    [junit] Testcase: valid[ConstrainedInt_Valid_15] took 0.538 sec
    [junit] Testcase: valid[ConstrainedInt_Valid_16] took 0.651 sec
    [junit] Testcase: valid[ConstrainedInt_Valid_17] took 0.706 sec
    [junit] Testcase: valid[ConstrainedInt_Valid_18] took 0.538 sec
    [junit] Testcase: valid[ConstrainedInt_Valid_19] took 0.487 sec
    [junit] Testcase: valid[ConstrainedInt_Valid_2] took 0.936 sec
    [junit] Testcase: valid[ConstrainedInt_Valid_20] took 0.784 sec
    [junit] Testcase: valid[ConstrainedInt_Valid_21] took 0.966 sec
    [junit] Testcase: valid[ConstrainedInt_Valid_22] took 0.657 sec
    [junit] Testcase: valid[ConstrainedInt_Valid_23] took 0.689 sec
    [junit] Testcase: valid[ConstrainedInt_Valid_24] took 0.825 sec
    [junit] Testcase: valid[ConstrainedInt_Valid_3] took 0.56 sec
    [junit] Testcase: valid[ConstrainedInt_Valid_4] took 0.682 sec
    [junit] Testcase: valid[ConstrainedInt_Valid_5] took 0.675 sec
    [junit] Testcase: valid[ConstrainedInt_Valid_6] took 0.704 sec
    [junit] Testcase: valid[ConstrainedInt_Valid_8] took 0.623 sec
    [junit] Testcase: valid[ConstrainedIntersection_Valid_1] took 0 sec
    [junit] Testcase: valid[ConstrainedList_Valid_1] took 0.591 sec
    [junit] Testcase: valid[ConstrainedList_Valid_11] took 0.738 sec
    [junit] Testcase: valid[ConstrainedList_Valid_12] took 0.665 sec
    [junit] Testcase: valid[ConstrainedList_Valid_14] took 0.464 sec
    [junit] Testcase: valid[ConstrainedList_Valid_15] took 0.737 sec
    [junit] Testcase: valid[ConstrainedList_Valid_16] took 0.877 sec
    [junit] Testcase: valid[ConstrainedList_Valid_17] took 0.561 sec
    [junit] Testcase: valid[ConstrainedList_Valid_18] took 0.555 sec
    [junit] Testcase: valid[ConstrainedList_Valid_19] took 0.937 sec
    [junit] Testcase: valid[ConstrainedList_Valid_2] took 0.543 sec
    [junit] Testcase: valid[ConstrainedList_Valid_20] took 0.559 sec
    [junit] Testcase: valid[ConstrainedList_Valid_21] took 0.819 sec
    [junit] Testcase: valid[ConstrainedList_Valid_22] took 0.599 sec
    [junit] Testcase: valid[ConstrainedList_Valid_23] took 0.744 sec
    [junit] Testcase: valid[ConstrainedList_Valid_25] took 0.633 sec
    [junit] Testcase: valid[ConstrainedList_Valid_26] took 0.447 sec
    [junit] Testcase: valid[ConstrainedList_Valid_27] took 0.649 sec
    [junit] Testcase: valid[ConstrainedList_Valid_28] took 0.577 sec
    [junit] Testcase: valid[ConstrainedList_Valid_3] took 0.623 sec
    [junit] Testcase: valid[ConstrainedList_Valid_4] took 0.523 sec
    [junit] Testcase: valid[ConstrainedList_Valid_5] took 0.771 sec
    [junit] Testcase: valid[ConstrainedList_Valid_6] took 0.608 sec
    [junit] Testcase: valid[ConstrainedList_Valid_7] took 0.66 sec
    [junit] Testcase: valid[ConstrainedList_Valid_8] took 0.605 sec
    [junit] Testcase: valid[ConstrainedList_Valid_9] took 0.553 sec
    [junit] Testcase: valid[ConstrainedNegation_Valid_1] took 0 sec
    [junit] Testcase: valid[ConstrainedNegation_Valid_2] took 0 sec
    [junit] Testcase: valid[ConstrainedRecord_Valid_1] took 0.679 sec
    [junit] Testcase: valid[ConstrainedRecord_Valid_10] took 0.649 sec
    [junit] Testcase: valid[ConstrainedRecord_Valid_2] took 0.691 sec
    [junit] Testcase: valid[ConstrainedRecord_Valid_3] took 0.645 sec
    [junit] Testcase: valid[ConstrainedRecord_Valid_4] took 0.652 sec
    [junit] Testcase: valid[ConstrainedRecord_Valid_5] took 0.56 sec
    [junit] Testcase: valid[ConstrainedRecord_Valid_6] took 0.7 sec
    [junit] Testcase: valid[ConstrainedRecord_Valid_8] took 0.745 sec
    [junit] Testcase: valid[ConstrainedRecord_Valid_9] took 0.749 sec
    [junit] Testcase: valid[ConstrainedReference_Valid_1] took 0.661 sec
    [junit] Testcase: valid[ConstrainedUnion_Valid_1] took 0.504 sec
    [junit] Testcase: valid[Contractive_Valid_1] took 0 sec
    [junit] Testcase: valid[Contractive_Valid_2] took 0.848 sec
    [junit] Testcase: valid[Define_Valid_1] took 0.553 sec
    [junit] Testcase: valid[Define_Valid_2] took 0.762 sec
    [junit] Testcase: valid[Define_Valid_3] took 0.753 sec
    [junit] Testcase: valid[Define_Valid_4] took 0.585 sec
    [junit] Testcase: valid[DoWhile_Valid_1] took 0.872 sec
    [junit] Testcase: valid[DoWhile_Valid_2] took 0.523 sec
    [junit] Testcase: valid[DoWhile_Valid_3] took 0.694 sec
    [junit] Testcase: valid[DoWhile_Valid_4] took 0 sec
    [junit] Testcase: valid[DoWhile_Valid_5] took 0.649 sec
    [junit] Testcase: valid[DoWhile_Valid_6] took 0.808 sec
    [junit] Testcase: valid[DoWhile_Valid_7] took 0 sec
    [junit] Testcase: valid[EffectiveList_Valid_1] took 0.667 sec
    [junit] Testcase: valid[Ensures_Valid_1] took 0.701 sec
    [junit] Testcase: valid[Ensures_Valid_2] took 0.787 sec
    [junit] Testcase: valid[Ensures_Valid_3] took 0.723 sec
    [junit] Testcase: valid[Ensures_Valid_4] took 0.553 sec
    [junit] Testcase: valid[Ensures_Valid_5] took 0.751 sec
    [junit] Testcase: valid[Ensures_Valid_6] took 0.648 sec
    [junit] Testcase: valid[Ensures_Valid_7] took 0.72 sec
    [junit] Testcase: valid[Ensures_Valid_8] took 0.672 sec
    [junit] Testcase: valid[Fail_Valid_1] took 0.905 sec
    [junit] Testcase: valid[Fail_Valid_2] took 0.585 sec
    [junit] Testcase: valid[FunctionRef_Valid_1] took 0.553 sec
    [junit] Testcase: valid[FunctionRef_Valid_10] took 0.565 sec
    [junit] Testcase: valid[FunctionRef_Valid_11] took 0.938 sec
    [junit] Testcase: valid[FunctionRef_Valid_12] took 0.674 sec
    [junit] Testcase: valid[FunctionRef_Valid_13] took 0 sec
    [junit] Testcase: valid[FunctionRef_Valid_2] took 0 sec
    [junit] Testcase: valid[FunctionRef_Valid_4] took 0.688 sec
    [junit] Testcase: valid[FunctionRef_Valid_5] took 0.712 sec
    [junit] Testcase: valid[FunctionRef_Valid_6] took 0.728 sec
    [junit] Testcase: valid[FunctionRef_Valid_7] took 0.594 sec
    [junit] Testcase: valid[FunctionRef_Valid_8] took 0.587 sec
    [junit] Testcase: valid[FunctionRef_Valid_9] took 0.611 sec
    [junit] Testcase: valid[Function_Valid_1] took 0.676 sec
    [junit] Testcase: valid[Function_Valid_11] took 0 sec
    [junit] Testcase: valid[Function_Valid_12] took 0.74 sec
    [junit] Testcase: valid[Function_Valid_13] took 0.949 sec
    [junit] Testcase: valid[Function_Valid_14] took 0.627 sec
    [junit] Testcase: valid[Function_Valid_15] took 0 sec
    [junit] Testcase: valid[Function_Valid_16] took 0.763 sec
    [junit] Testcase: valid[Function_Valid_17] took 0.816 sec
    [junit] Testcase: valid[Function_Valid_18] took 0.573 sec
    [junit] Testcase: valid[Function_Valid_2] took 0.779 sec
    [junit] Testcase: valid[Function_Valid_20] took 0.719 sec
    [junit] Testcase: valid[Function_Valid_21] took 0.942 sec
    [junit] Testcase: valid[Function_Valid_3] took 0.584 sec
    [junit] Testcase: valid[Function_Valid_4] took 0.621 sec
    [junit] Testcase: valid[Function_Valid_5] took 0.551 sec
    [junit] Testcase: valid[Function_Valid_6] took 0.732 sec
    [junit] Testcase: valid[Function_Valid_7] took 0.805 sec
    [junit] Testcase: valid[Function_Valid_8] took 0.672 sec
    [junit] Testcase: valid[Function_Valid_9] took 0.764 sec
    [junit] Testcase: valid[HexAssign_Valid_1] took 0.421 sec
    [junit] Testcase: valid[IfElse_Valid_1] took 0.799 sec
    [junit] Testcase: valid[IfElse_Valid_2] took 0.811 sec
    [junit] Testcase: valid[IfElse_Valid_3] took 0.855 sec
    [junit] Testcase: valid[IfElse_Valid_4] took 0.886 sec
    [junit] Testcase: valid[IfElse_Valid_5] took 1.007 sec
    [junit] Testcase: valid[Import_Valid_1] took 0.844 sec
    [junit] Testcase: valid[Import_Valid_2] took 0.505 sec
    [junit] Testcase: valid[Import_Valid_3] took 0.655 sec
    [junit] Testcase: valid[Import_Valid_4] took 0 sec
    [junit] Testcase: valid[Import_Valid_5] took 0 sec
    [junit] Testcase: valid[Import_Valid_6] took 0.932 sec
    [junit] Testcase: valid[IntConst_Valid_1] took 0.646 sec
    [junit] Testcase: valid[IntDefine_Valid_1] took 1.075 sec
    [junit] Testcase: valid[IntDefine_Valid_2] took 0.717 sec
    [junit] Testcase: valid[IntDiv_Valid_1] took 0.715 sec
    [junit] Testcase: valid[IntDiv_Valid_3] took 0.517 sec
    [junit] Testcase: valid[IntDiv_Valid_4] took 0.573 sec
    [junit] Testcase: valid[IntDiv_Valid_5] took 0.898 sec
    [junit] Testcase: valid[IntMul_Valid_1] took 0.732 sec
    [junit] Testcase: valid[IntMul_Valid_2] took 0.715 sec
    [junit] Testcase: valid[IntOp_Valid_1] took 0.829 sec
    [junit] Testcase: valid[Intersection_Valid_1] took 0 sec
    [junit] Testcase: valid[Intersection_Valid_2] took 0 sec
    [junit] Testcase: valid[Lambda_Valid_1] took 0.612 sec
    [junit] Testcase: valid[Lambda_Valid_10] took 0.82 sec
    [junit] Testcase: valid[Lambda_Valid_2] took 0.639 sec
    [junit] Testcase: valid[Lambda_Valid_3] took 0.949 sec
    [junit] Testcase: valid[Lambda_Valid_4] took 1 sec
    [junit] Testcase: valid[Lambda_Valid_5] took 0.49 sec
    [junit] Testcase: valid[Lambda_Valid_6] took 0.593 sec
    [junit] Testcase: valid[Lambda_Valid_7] took 0.934 sec
    [junit] Testcase: valid[Lambda_Valid_8] took 0.7 sec
    [junit] Testcase: valid[Lambda_Valid_9] took 0.671 sec
    [junit] Testcase: valid[LengthOf_Valid_1] took 0.533 sec
    [junit] Testcase: valid[LengthOf_Valid_4] took 0.832 sec
    [junit] Testcase: valid[LengthOf_Valid_5] took 0.501 sec
    [junit] Testcase: valid[ListAccess_Valid_1] took 0.741 sec
    [junit] Testcase: valid[ListAccess_Valid_3] took 0.727 sec
    [junit] Testcase: valid[ListAccess_Valid_5] took 0.833 sec
    [junit] Testcase: valid[ListAccess_Valid_6] took 0 sec
    [junit] Testcase: valid[ListAccess_Valid_8] took 0.615 sec
    [junit] Testcase: valid[ListAccess_Valid_9] took 0.667 sec
    [junit] Testcase: valid[ListAssign_Valid_1] took 0.734 sec
    [junit] Testcase: valid[ListAssign_Valid_11] took 0.749 sec
    [junit] Testcase: valid[ListAssign_Valid_2] took 0.687 sec
    [junit] Testcase: valid[ListAssign_Valid_3] took 0.733 sec
    [junit] Testcase: valid[ListAssign_Valid_4] took 0.905 sec
    [junit] Testcase: valid[ListAssign_Valid_5] took 0.656 sec
    [junit] Testcase: valid[ListAssign_Valid_6] took 0.731 sec
    [junit] Testcase: valid[ListAssign_Valid_7] took 0.72 sec
    [junit] Testcase: valid[ListAssign_Valid_8] took 0.971 sec
    [junit] Testcase: valid[ListAssign_Valid_9] took 0.915 sec
    [junit] Testcase: valid[ListEmpty_Valid_1] took 0.724 sec
    [junit] Testcase: valid[ListGenerator_Valid_1] took 0.733 sec
    [junit] Testcase: valid[ListGenerator_Valid_10] took 0.707 sec
    [junit] Testcase: valid[ListGenerator_Valid_11] took 0.55 sec
    [junit] Testcase: valid[ListGenerator_Valid_12] took 0.625 sec
    [junit] Testcase: valid[ListGenerator_Valid_2] took 0.774 sec
    [junit] Testcase: valid[ListGenerator_Valid_3] took 0.782 sec
    [junit] Testcase: valid[ListGenerator_Valid_5] took 0.655 sec
    [junit] Testcase: valid[ListGenerator_Valid_6] took 0.744 sec
    [junit] Testcase: valid[ListGenerator_Valid_7] took 0.698 sec
    [junit] Testcase: valid[ListGenerator_Valid_8] took 0.69 sec
    [junit] Testcase: valid[ListGenerator_Valid_9] took 0.59 sec
    [junit] Testcase: valid[ListLength_Valid_1] took 0.592 sec
    [junit] Testcase: valid[ListLength_Valid_2] took 0.434 sec
    [junit] Testcase: valid[ListLength_Valid_3] took 0.569 sec
    [junit] Testcase: valid[MessageRef_Valid_1] took 0.97 sec
    [junit] Testcase: valid[MessageRef_Valid_2] took 0.554 sec
    [junit] Testcase: valid[MessageSend_Valid_1] took 1.023 sec
    [junit] Testcase: valid[MessageSend_Valid_2] took 0.677 sec
    [junit] Testcase: valid[MessageSend_Valid_3] took 0.847 sec
    [junit] Testcase: valid[MessageSend_Valid_4] took 0.522 sec
    [junit] Testcase: valid[MessageSend_Valid_5] took 0.59 sec
    [junit] Testcase: valid[MethodCall_Valid_1] took 0.628 sec
    [junit] Testcase: valid[MethodCall_Valid_2] took 0.801 sec
    [junit] Testcase: valid[MethodCall_Valid_3] took 0.509 sec
    [junit] Testcase: valid[MethodCall_Valid_4] took 1.294 sec
    [junit] Testcase: valid[MethodRef_Valid_1] took 0.528 sec
    [junit] Testcase: valid[MethodRef_Valid_2] took 0.848 sec
    [junit] Testcase: valid[Method_Valid_1] took 0.667 sec
    [junit] Testcase: valid[MultiLineComment_Valid_1] took 0.746 sec
    [junit] Testcase: valid[MultiLineComment_Valid_2] took 0.659 sec
    [junit] Testcase: valid[NegationType_Valid_1] took 0.925 sec
    [junit] Testcase: valid[NegationType_Valid_2] took 0.483 sec
    [junit] Testcase: valid[NegationType_Valid_3] took 0 sec
    [junit] Testcase: valid[NegationType_Valid_4] took 0.616 sec
    [junit] Testcase: valid[NegationType_Valid_5] took 0.551 sec
    [junit] Testcase: valid[OpenRecord_Valid_1] took 0.849 sec
    [junit] Testcase: valid[OpenRecord_Valid_10] took 0.795 sec
    [junit] Testcase: valid[OpenRecord_Valid_11] took 0 sec
    [junit] Testcase: valid[OpenRecord_Valid_2] took 0.655 sec
    [junit] Testcase: valid[OpenRecord_Valid_3] took 1.028 sec
    [junit] Testcase: valid[OpenRecord_Valid_4] took 0.889 sec
    [junit] Testcase: valid[OpenRecord_Valid_5] took 0.681 sec
    [junit] Testcase: valid[OpenRecord_Valid_6] took 0.676 sec
    [junit] Testcase: valid[OpenRecord_Valid_9] took 0.562 sec
    [junit] Testcase: valid[ProcessAccess_Valid_1] took 0.645 sec
    [junit] Testcase: valid[ProcessAccess_Valid_2] took 0.523 sec
    [junit] Testcase: valid[Process_Valid_1] took 0.652 sec
    [junit] Testcase: valid[Process_Valid_10] took 0.849 sec
    [junit] Testcase: valid[Process_Valid_11] took 0.833 sec
    [junit] Testcase: valid[Process_Valid_12] took 0.595 sec
    [junit] Testcase: valid[Process_Valid_2] took 0.668 sec
    [junit] Testcase: valid[Process_Valid_3] took 0.734 sec
    [junit] Testcase: valid[Process_Valid_4] took 0.647 sec
    [junit] Testcase: valid[Process_Valid_5] took 0.695 sec
    [junit] Testcase: valid[Process_Valid_6] took 0.556 sec
    [junit] Testcase: valid[Process_Valid_7] took 0.6 sec
    [junit] Testcase: valid[Process_Valid_8] took 0.639 sec
    [junit] Testcase: valid[Process_Valid_9] took 0.903 sec
    [junit] Testcase: valid[Quantifiers_Valid_1] took 0.355 sec
    [junit] Testcase: valid[RecordAccess_Valid_1] took 0.709 sec
    [junit] Testcase: valid[RecordAssign_Valid_1] took 0.463 sec
    [junit] Testcase: valid[RecordAssign_Valid_10] took 0.726 sec
    [junit] Testcase: valid[RecordAssign_Valid_2] took 0.676 sec
    [junit] Testcase: valid[RecordAssign_Valid_3] took 0.615 sec
    [junit] Testcase: valid[RecordAssign_Valid_4] took 0.447 sec
    [junit] Testcase: valid[RecordAssign_Valid_5] took 0.467 sec
    [junit] Testcase: valid[RecordAssign_Valid_6] took 0.542 sec
    [junit] Testcase: valid[RecordAssign_Valid_7] took 0.703 sec
    [junit] Testcase: valid[RecordAssign_Valid_8] took 0.714 sec
    [junit] Testcase: valid[RecordAssign_Valid_9] took 0.727 sec
    [junit] Testcase: valid[RecordCoercion_Valid_1] took 0 sec
    [junit] Testcase: valid[RecordDefine_Valid_1] took 0.586 sec
    [junit] Testcase: valid[RecordDefine_Valid_2] took 0.675 sec
    [junit] Testcase: valid[RecordSubtype_Valid_1] took 0 sec
    [junit] Testcase: valid[RecordSubtype_Valid_2] took 0 sec
    [junit] Testcase: valid[RecursiveType_Valid_1] took 0.499 sec
    [junit] Testcase: valid[RecursiveType_Valid_10] took 0.634 sec
    [junit] Testcase: valid[RecursiveType_Valid_11] took 0.672 sec
    [junit] Testcase: valid[RecursiveType_Valid_12] took 0 sec
    [junit] Testcase: valid[RecursiveType_Valid_13] took 0.578 sec
    [junit] Testcase: valid[RecursiveType_Valid_14] took 0.695 sec
    [junit] Testcase: valid[RecursiveType_Valid_15] took 0.855 sec
    [junit] Testcase: valid[RecursiveType_Valid_16] took 0.52 sec
    [junit] Testcase: valid[RecursiveType_Valid_17] took 0.838 sec
    [junit] Testcase: valid[RecursiveType_Valid_18] took 0.688 sec
    [junit] Testcase: valid[RecursiveType_Valid_19] took 0.693 sec
    [junit] Testcase: valid[RecursiveType_Valid_2] took 0.682 sec
    [junit] Testcase: valid[RecursiveType_Valid_20] took 0.91 sec
    [junit] Testcase: valid[RecursiveType_Valid_21] took 0.597 sec
    [junit] Testcase: valid[RecursiveType_Valid_22] took 0 sec
    [junit] Testcase: valid[RecursiveType_Valid_23] took 0.728 sec
    [junit] Testcase: valid[RecursiveType_Valid_24] took 0.68 sec
    [junit] Testcase: valid[RecursiveType_Valid_25] took 0.693 sec
    [junit] Testcase: valid[RecursiveType_Valid_26] took 0.635 sec
    [junit] Testcase: valid[RecursiveType_Valid_27] took 0.646 sec
    [junit] Testcase: valid[RecursiveType_Valid_28] took 0 sec
    [junit] Testcase: valid[RecursiveType_Valid_3] took 0 sec
    [junit] Testcase: valid[RecursiveType_Valid_4] took 0 sec
    [junit] Testcase: valid[RecursiveType_Valid_5] took 0 sec
    [junit] Testcase: valid[RecursiveType_Valid_6] took 0.559 sec
    [junit] Testcase: valid[RecursiveType_Valid_7] took 0.669 sec
    [junit] Testcase: valid[RecursiveType_Valid_8] took 0.717 sec
    [junit] Testcase: valid[RecursiveType_Valid_9] took 0.707 sec
    [junit] Testcase: valid[ReferenceType_Valid_1] took 0.601 sec
    [junit] Testcase: valid[Reference_Valid_1] took 0.744 sec
    [junit] Testcase: valid[Reference_Valid_2] took 0.541 sec
    [junit] Testcase: valid[Reference_Valid_3] took 0.716 sec
    [junit] Testcase: valid[Reference_Valid_4] took 0.591 sec
    [junit] Testcase: valid[Reference_Valid_5] took 0.801 sec
    [junit] Testcase: valid[Reference_Valid_6] took 0 sec
    [junit] Testcase: valid[Reference_Valid_7] took 0.972 sec
    [junit] Testcase: valid[Reference_Valid_8] took 0.723 sec
    [junit] Testcase: valid[Remainder_Valid_1] took 0.639 sec
    [junit] Testcase: valid[Requires_Valid_1] took 0.856 sec
    [junit] Testcase: valid[Resolution_Valid_1] took 0.899 sec
    [junit] Testcase: valid[Return_Valid_1] took 0.72 sec
    [junit] Testcase: valid[SingleLineComment_Valid_1] took 0.657 sec
    [junit] Testcase: valid[Skip_Valid_1] took 0.851 sec
    [junit] Testcase: valid[String_Valid_1] took 0.819 sec
    [junit] Testcase: valid[String_Valid_2] took 0.702 sec
    [junit] Testcase: valid[String_Valid_3] took 1.197 sec
    [junit] Testcase: valid[String_Valid_4] took 0.84 sec
    [junit] Testcase: valid[String_Valid_5] took 0.784 sec
    [junit] Testcase: valid[String_Valid_6] took 1.119 sec
    [junit] Testcase: valid[Subtype_Valid_1] took 0.55 sec
    [junit] Testcase: valid[Subtype_Valid_10] took 0.643 sec
    [junit] Testcase: valid[Subtype_Valid_11] took 0.635 sec
    [junit] Testcase: valid[Subtype_Valid_12] took 0.606 sec
    [junit] Testcase: valid[Subtype_Valid_13] took 0.8 sec
    [junit] Testcase: valid[Subtype_Valid_14] took 0.766 sec
    [junit] Testcase: valid[Subtype_Valid_2] took 0.496 sec
    [junit] Testcase: valid[Subtype_Valid_3] took 0.75 sec
    [junit] Testcase: valid[Subtype_Valid_4] took 1.009 sec
    [junit] Testcase: valid[Subtype_Valid_5] took 0.737 sec
    [junit] Testcase: valid[Subtype_Valid_6] took 0.929 sec
    [junit] Testcase: valid[Subtype_Valid_7] took 0.573 sec
    [junit] Testcase: valid[Subtype_Valid_8] took 0.583 sec
    [junit] Testcase: valid[Subtype_Valid_9] took 0.597 sec
    [junit] Testcase: valid[Switch_Valid_1] took 0.757 sec
    [junit] Testcase: valid[Switch_Valid_10] took 0.815 sec
    [junit] Testcase: valid[Switch_Valid_11] took 0.459 sec
    [junit] Testcase: valid[Switch_Valid_12] took 0.698 sec
    [junit] Testcase: valid[Switch_Valid_13] took 0.54 sec
    [junit] Testcase: valid[Switch_Valid_2] took 0.707 sec
    [junit] Testcase: valid[Switch_Valid_3] took 0.844 sec
    [junit] Testcase: valid[Switch_Valid_4] took 0.791 sec
    [junit] Testcase: valid[Switch_Valid_5] took 0.752 sec
    [junit] Testcase: valid[Switch_Valid_6] took 0.648 sec
    [junit] Testcase: valid[Switch_Valid_7] took 0.798 sec
    [junit] Testcase: valid[Switch_Valid_8] took 0.819 sec
    [junit] Testcase: valid[Switch_Valid_9] took 0.782 sec
    [junit] Testcase: valid[Syntax_Valid_1] took 0.71 sec
    [junit] Testcase: valid[TypeEquals_Valid_1] took 0.784 sec
    [junit] Testcase: valid[TypeEquals_Valid_10] took 0.726 sec
    [junit] Testcase: valid[TypeEquals_Valid_11] took 0.68 sec
    [junit] Testcase: valid[TypeEquals_Valid_12] took 0.707 sec
    [junit] Testcase: valid[TypeEquals_Valid_14] took 0.715 sec
    [junit] Testcase: valid[TypeEquals_Valid_15] took 1.066 sec
    [junit] Testcase: valid[TypeEquals_Valid_16] took 0.93 sec
    [junit] Testcase: valid[TypeEquals_Valid_17] took 1.006 sec
    [junit] Testcase: valid[TypeEquals_Valid_18] took 0.695 sec
    [junit] Testcase: valid[TypeEquals_Valid_19] took 0.926 sec
    [junit] Testcase: valid[TypeEquals_Valid_2] took 0.878 sec
    [junit] Testcase: valid[TypeEquals_Valid_21] took 0.91 sec
    [junit] Testcase: valid[TypeEquals_Valid_23] took 0 sec
    [junit] Testcase: valid[TypeEquals_Valid_24] took 0.574 sec
    [junit] Testcase: valid[TypeEquals_Valid_25] took 0.702 sec
    [junit] Testcase: valid[TypeEquals_Valid_27] took 0.521 sec
    [junit] Testcase: valid[TypeEquals_Valid_28] took 0.716 sec
    [junit] Testcase: valid[TypeEquals_Valid_29] took 0.731 sec
    [junit] Testcase: valid[TypeEquals_Valid_3] took 0.697 sec
    [junit] Testcase: valid[TypeEquals_Valid_30] took 0.636 sec
    [junit] Testcase: valid[TypeEquals_Valid_31] took 0.727 sec
    [junit] Testcase: valid[TypeEquals_Valid_32] took 0.543 sec
    [junit] Testcase: valid[TypeEquals_Valid_33] took 0.743 sec
    [junit] Testcase: valid[TypeEquals_Valid_34] took 0.691 sec
    [junit] Testcase: valid[TypeEquals_Valid_35] took 0.866 sec
    [junit] Testcase: valid[TypeEquals_Valid_36] took 0 sec
    [junit] Testcase: valid[TypeEquals_Valid_37] took 0 sec
    [junit] Testcase: valid[TypeEquals_Valid_38] took 0 sec
    [junit] Testcase: valid[TypeEquals_Valid_39] took 0.723 sec
    [junit] Testcase: valid[TypeEquals_Valid_40] took 0.497 sec
    [junit] Testcase: valid[TypeEquals_Valid_41] took 0 sec
    [junit] Testcase: valid[TypeEquals_Valid_42] took 0.755 sec
    [junit] Testcase: valid[TypeEquals_Valid_43] took 0.771 sec
    [junit] Testcase: valid[TypeEquals_Valid_44] took 0.873 sec
    [junit] Testcase: valid[TypeEquals_Valid_45] took 0.628 sec
    [junit] Testcase: valid[TypeEquals_Valid_46] took 0.727 sec
    [junit] Testcase: valid[TypeEquals_Valid_47] took 0.728 sec
    [junit] Testcase: valid[TypeEquals_Valid_5] took 0.666 sec
    [junit] Testcase: valid[TypeEquals_Valid_6] took 0.734 sec
    [junit] Testcase: valid[TypeEquals_Valid_7] took 0.643 sec
    [junit] Testcase: valid[TypeEquals_Valid_9] took 0.899 sec
    [junit] Testcase: valid[UnionType_Valid_1] took 0.578 sec
    [junit] Testcase: valid[UnionType_Valid_10] took 0.486 sec
    [junit] Testcase: valid[UnionType_Valid_11] took 0.635 sec
    [junit] Testcase: valid[UnionType_Valid_12] took 0.913 sec
    [junit] Testcase: valid[UnionType_Valid_13] took 0.729 sec
    [junit] Testcase: valid[UnionType_Valid_14] took 0.75 sec
    [junit] Testcase: valid[UnionType_Valid_15] took 0.996 sec
    [junit] Testcase: valid[UnionType_Valid_16] took 0.967 sec
    [junit] Testcase: valid[UnionType_Valid_17] took 0.634 sec
    [junit] Testcase: valid[UnionType_Valid_18] took 0.821 sec
    [junit] Testcase: valid[UnionType_Valid_19] took 0.587 sec
    [junit] Testcase: valid[UnionType_Valid_2] took 0.603 sec
    [junit] Testcase: valid[UnionType_Valid_20] took 0.762 sec
    [junit] Testcase: valid[UnionType_Valid_21] took 0.693 sec
    [junit] Testcase: valid[UnionType_Valid_22] took 0.756 sec
    [junit] Testcase: valid[UnionType_Valid_23] took 0.673 sec
    [junit] Testcase: valid[UnionType_Valid_3] took 0.785 sec
    [junit] Testcase: valid[UnionType_Valid_4] took 0.599 sec
    [junit] Testcase: valid[UnionType_Valid_5] took 0.605 sec
    [junit] Testcase: valid[UnionType_Valid_6] took 0.552 sec
    [junit] Testcase: valid[UnionType_Valid_7] took 0.725 sec
    [junit] Testcase: valid[UnionType_Valid_8] took 0.559 sec
    [junit] Testcase: valid[UnionType_Valid_9] took 0.662 sec
    [junit] Testcase: valid[Update_Valid_2] took 0.512 sec
    [junit] Testcase: valid[VarDecl_Valid_1] took 0.83 sec
    [junit] Testcase: valid[VarDecl_Valid_2] took 0.672 sec
    [junit] Testcase: valid[VarDecl_Valid_3] took 0.615 sec
    [junit] Testcase: valid[VarDecl_Valid_4] took 0.604 sec
    [junit] Testcase: valid[While_Valid_1] took 0.446 sec
    [junit] Testcase: valid[While_Valid_10] took 0.81 sec
    [junit] Testcase: valid[While_Valid_11] took 0.845 sec
    [junit] Testcase: valid[While_Valid_12] took 0.775 sec
    [junit] Testcase: valid[While_Valid_14] took 0.737 sec
    [junit] Testcase: valid[While_Valid_15] took 0 sec
    [junit] Testcase: valid[While_Valid_16] took 0.563 sec
    [junit] Testcase: valid[While_Valid_17] took 0.79 sec
    [junit] Testcase: valid[While_Valid_18] took 0.603 sec
    [junit] Testcase: valid[While_Valid_19] took 0.848 sec
    [junit] Testcase: valid[While_Valid_2] took 0.761 sec
    [junit] Testcase: valid[While_Valid_20] took 0.672 sec
    [junit] Testcase: valid[While_Valid_21] took 1.028 sec
    [junit] Testcase: valid[While_Valid_22] took 0.812 sec
    [junit] Testcase: valid[While_Valid_23] took 0.848 sec
    [junit] Testcase: valid[While_Valid_24] took 0.957 sec
    [junit] Testcase: valid[While_Valid_25] took 0.749 sec
    [junit] Testcase: valid[While_Valid_26] took 0.635 sec
    [junit] Testcase: valid[While_Valid_27] took 0.906 sec
    [junit] Testcase: valid[While_Valid_28] took 0.671 sec
    [junit] Testcase: valid[While_Valid_29] took 0.667 sec
    [junit] Testcase: valid[While_Valid_3] took 0.667 sec
    [junit] Testcase: valid[While_Valid_30] took 0.587 sec
    [junit] Testcase: valid[While_Valid_31] took 0.737 sec
    [junit] Testcase: valid[While_Valid_32] took 0.807 sec
    [junit] Testcase: valid[While_Valid_33] took 0.648 sec
    [junit] Testcase: valid[While_Valid_34] took 0.586 sec
    [junit] Testcase: valid[While_Valid_35] took 0.674 sec
    [junit] Testcase: valid[While_Valid_36] took 0.709 sec
    [junit] Testcase: valid[While_Valid_37] took 0.536 sec
    [junit] Testcase: valid[While_Valid_38] took 0.786 sec
    [junit] Testcase: valid[While_Valid_39] took 0.727 sec
    [junit] Testcase: valid[While_Valid_40] took 0.741 sec
    [junit] Testcase: valid[While_Valid_41] took 0.674 sec
    [junit] Testcase: valid[While_Valid_42] took 0.676 sec
    [junit] Testcase: valid[While_Valid_43] took 0.757 sec
    [junit] Testcase: valid[While_Valid_44] took 0.751 sec
    [junit] Testcase: valid[While_Valid_45] took 0.685 sec
    [junit] Testcase: valid[While_Valid_46] took 0.745 sec
    [junit] Testcase: valid[While_Valid_47] took 1.122 sec
    [junit] Testcase: valid[While_Valid_48] took 0 sec
    [junit] Testcase: valid[While_Valid_5] took 0.6 sec
    [junit] Testcase: valid[While_Valid_7] took 0 sec
    [junit] Testcase: valid[While_Valid_9] took 0.945 sec
    [junit] Running wyc.testing.AllValidVerificationTests
    [junit] Testsuite: wyc.testing.AllValidVerificationTests
    [junit] WARNING: version numbering unavailable
    [junit] .
    [junit] .
    [junit] .
    [junit] .
    [junit] .
    [junit] .
    [junit] .
    [junit] .
    [junit] .
    [junit] .
    [junit] .
    [junit] .
    [junit] .
    [junit] .
    [junit] .
    [junit] .
    [junit] .
    [junit] .
    [junit] .
    [junit] .
    [junit] .
    [junit] .
    [junit] .
    [junit] .
    [junit] .
    [junit] .
    [junit] .
    [junit] .
    [junit] .
    [junit] .
    [junit] .
    [junit] .
    [junit] .
    [junit] .
    [junit] .
    [junit] .
    [junit] .
    [junit] .
    [junit] .
    [junit] .
    [junit] .
    [junit] .
    [junit] .
    [junit] .
    [junit] .
    [junit] .
    [junit] .
    [junit] .
    [junit] .
    [junit] .
    [junit] .
    [junit] .
    [junit] .
    [junit] .
    [junit] .
    [junit] .
    [junit] .
    [junit] .
    [junit] .
    [junit] .
    [junit] .
    [junit] .
    [junit] .
    [junit] .
    [junit] .
    [junit] .
    [junit] .
    [junit] .
    [junit] .
    [junit] .
    [junit] .
    [junit] .
    [junit] .
    [junit] .
    [junit] .
    [junit] .
    [junit] .
    [junit] .
    [junit] .
    [junit] .
    [junit] .
    [junit] .
    [junit] .
    [junit] .
    [junit] .
    [junit] .
    [junit] .
    [junit] .
    [junit] .
    [junit] .
    [junit] .
    [junit] .
    [junit] .
    [junit] .
    [junit] .
    [junit] .
    [junit] .
    [junit] .
    [junit] .
    [junit] .
    [junit] .
    [junit] .
    [junit] .
    [junit] .
    [junit] .
    [junit] .
    [junit] .
    [junit] .
    [junit] .
    [junit] .
    [junit] .
    [junit] .
    [junit] .
    [junit] .
    [junit] .
    [junit] .
    [junit] .
    [junit] .
    [junit] .
    [junit] .
    [junit] .
    [junit] .
    [junit] .
    [junit] .
    [junit] .
    [junit] .
    [junit] .
    [junit] .
    [junit] .
    [junit] .
    [junit] .
    [junit] .
    [junit] .
    [junit] .
    [junit] .
    [junit] .
    [junit] .
    [junit] .
    [junit] .
    [junit] .
    [junit] .
    [junit] .
    [junit] .
    [junit] .
    [junit] .
    [junit] .
    [junit] .
    [junit] .
    [junit] .
    [junit] .
    [junit] .
    [junit] .
    [junit] .
    [junit] .
    [junit] .
    [junit] .
    [junit] .
    [junit] .
    [junit] .
    [junit] .
    [junit] .
    [junit] .
    [junit] .
    [junit] .
    [junit] .
    [junit] .
    [junit] .
    [junit] .
    [junit] .
    [junit] .
    [junit] .
    [junit] .
    [junit] .
    [junit] .
    [junit] .
    [junit] .
    [junit] .
    [junit] .
    [junit] .
    [junit] .
    [junit] .
    [junit] .
    [junit] .
    [junit] .
    [junit] .
    [junit] .
    [junit] .
    [junit] .
    [junit] .
    [junit] .
    [junit] .
    [junit] .
    [junit] .
    [junit] .
    [junit] .
    [junit] .
    [junit] .
    [junit] .
    [junit] .
    [junit] .
    [junit] .
    [junit] .
    [junit] .
    [junit] .
    [junit] .
    [junit] .
    [junit] .
    [junit] .
    [junit] .
    [junit] .
    [junit] .
    [junit] .
    [junit] .
    [junit] .
    [junit] .
    [junit] .
    [junit] .
    [junit] .
    [junit] .
    [junit] .
    [junit] .
    [junit] .
    [junit] .
    [junit] .
    [junit] .
    [junit] .
    [junit] .
    [junit] .
    [junit] .
    [junit] .
    [junit] .
    [junit] .
    [junit] .
    [junit] .
    [junit] .
    [junit] .
    [junit] .
    [junit] .
    [junit] .
    [junit] .
    [junit] .
    [junit] .
    [junit] .
    [junit] .
    [junit] .
    [junit] .
    [junit] .
    [junit] .
    [junit] .
    [junit] .
    [junit] .
    [junit] .
    [junit] .
    [junit] .
    [junit] .
    [junit] .
    [junit] .
    [junit] .
    [junit] .
    [junit] .
    [junit] .
    [junit] .
    [junit] .
    [junit] .
    [junit] .
    [junit] .
    [junit] .
    [junit] .
    [junit] .
    [junit] .
    [junit] .
    [junit] .
    [junit] .
    [junit] .
    [junit] .
    [junit] .
    [junit] .
    [junit] .
    [junit] .
    [junit] .
    [junit] .
    [junit] .
    [junit] .
    [junit] .
    [junit] .
    [junit] .
    [junit] .
    [junit] .
    [junit] .
    [junit] .
    [junit] .
    [junit] .
    [junit] .
    [junit] .
    [junit] .
    [junit] .
    [junit] .
    [junit] .
    [junit] .
    [junit] .
    [junit] .
    [junit] .
    [junit] .
    [junit] .
    [junit] .
    [junit] .
    [junit] .
    [junit] .
    [junit] .
    [junit] .
    [junit] .
    [junit] .
    [junit] .
    [junit] .
    [junit] .
    [junit] .
    [junit] .
    [junit] .
    [junit] .
    [junit] .
    [junit] .
    [junit] .
    [junit] .
    [junit] .
    [junit] .
    [junit] .
    [junit] .
    [junit] .
    [junit] .
    [junit] .
    [junit] .
    [junit] .
    [junit] .
    [junit] .
    [junit] .
    [junit] .
    [junit] .
    [junit] .
    [junit] .
    [junit] .
    [junit] .
    [junit] .
    [junit] .
    [junit] .
    [junit] .
    [junit] .
    [junit] .
    [junit] .
    [junit] .
    [junit] Tests run: 481, Failures: 0, Errors: 0, Time elapsed: 633.922 sec
    [junit] Tests run: 481, Failures: 0, Errors: 0, Time elapsed: 633.922 sec
    [junit] 
    [junit] Testcase: validVerification[Access_Valid_1] took 2.075 sec
    [junit] Testcase: validVerification[Access_Valid_2] took 1.857 sec
    [junit] Testcase: validVerification[AddressExpression_Valid_1] took 1.358 sec
    [junit] Testcase: validVerification[AddressExpression_Valid_2] took 1.094 sec
    [junit] Testcase: validVerification[AddressExpression_Valid_3] took 1.14 sec
    [junit] Testcase: validVerification[AddressExpression_Valid_4] took 1.562 sec
    [junit] Testcase: validVerification[Assume_Valid_1] took 1.635 sec
    [junit] Testcase: validVerification[Assume_Valid_2] took 1.594 sec
    [junit] Testcase: validVerification[BoolAssign_Valid_1] took 1.364 sec
    [junit] Testcase: validVerification[BoolAssign_Valid_2] took 2.68 sec
    [junit] Testcase: validVerification[BoolAssign_Valid_3] took 1.641 sec
    [junit] Testcase: validVerification[BoolAssign_Valid_4] took 1.969 sec
    [junit] Testcase: validVerification[BoolAssign_Valid_5] took 1.989 sec
    [junit] Testcase: validVerification[BoolAssign_Valid_6] took 1.651 sec
    [junit] Testcase: validVerification[BoolFun_Valid_1] took 1.106 sec
    [junit] Testcase: validVerification[BoolIfElse_Valid_1] took 1.486 sec
    [junit] Testcase: validVerification[BoolIfElse_Valid_2] took 1.183 sec
    [junit] Testcase: validVerification[BoolList_Valid_1] took 1.856 sec
    [junit] Testcase: validVerification[BoolList_Valid_2] took 1.724 sec
    [junit] Testcase: validVerification[BoolList_Valid_3] took 0.001 sec
    [junit] Testcase: validVerification[BoolRecord_Valid_1] took 0 sec
    [junit] Testcase: validVerification[BoolRecord_Valid_2] took 1.099 sec
    [junit] Testcase: validVerification[BoolRequires_Valid_1] took 1.354 sec
    [junit] Testcase: validVerification[BoolReturn_Valid_1] took 1.354 sec
    [junit] Testcase: validVerification[Byte_Valid_1] took 1.428 sec
    [junit] Testcase: validVerification[Byte_Valid_2] took 2.348 sec
    [junit] Testcase: validVerification[Byte_Valid_3] took 1.875 sec
    [junit] Testcase: validVerification[Byte_Valid_4] took 1.975 sec
    [junit] Testcase: validVerification[Byte_Valid_5] took 1.473 sec
    [junit] Testcase: validVerification[Byte_Valid_6] took 1.487 sec
    [junit] Testcase: validVerification[Byte_Valid_7] took 2.193 sec
    [junit] Testcase: validVerification[Byte_Valid_8] took 1.716 sec
    [junit] Testcase: validVerification[Byte_Valid_9] took 1.983 sec
    [junit] Testcase: validVerification[Cast_Valid_5] took 0 sec
    [junit] Testcase: validVerification[Coercion_Valid_2] took 1.212 sec
    [junit] Testcase: validVerification[Coercion_Valid_3] took 1.273 sec
    [junit] Testcase: validVerification[Coercion_Valid_7] took 1.228 sec
    [junit] Testcase: validVerification[Coercion_Valid_8] took 0 sec
    [junit] Testcase: validVerification[Coercion_Valid_9] took 1.354 sec
    [junit] Testcase: validVerification[Complex_Valid_1] took 0 sec
    [junit] Testcase: validVerification[Complex_Valid_2] took 0.001 sec
    [junit] Testcase: validVerification[Complex_Valid_3] took 0 sec
    [junit] Testcase: validVerification[Complex_Valid_4] took 0 sec
    [junit] Testcase: validVerification[Complex_Valid_5] took 0 sec
    [junit] Testcase: validVerification[Complex_Valid_6] took 0 sec
    [junit] Testcase: validVerification[Complex_Valid_7] took 0 sec
    [junit] Testcase: validVerification[Complex_Valid_8] took 0 sec
    [junit] Testcase: validVerification[Constant_Valid_3] took 1.337 sec
    [junit] Testcase: validVerification[ConstrainedInt_Valid_1] took 1.294 sec
    [junit] Testcase: validVerification[ConstrainedInt_Valid_10] took 1.824 sec
    [junit] Testcase: validVerification[ConstrainedInt_Valid_12] took 1.52 sec
    [junit] Testcase: validVerification[ConstrainedInt_Valid_13] took 1.173 sec
    [junit] Testcase: validVerification[ConstrainedInt_Valid_15] took 1.505 sec
    [junit] Testcase: validVerification[ConstrainedInt_Valid_16] took 4.326 sec
    [junit] Testcase: validVerification[ConstrainedInt_Valid_17] took 1.783 sec
    [junit] Testcase: validVerification[ConstrainedInt_Valid_18] took 1.234 sec
    [junit] Testcase: validVerification[ConstrainedInt_Valid_19] took 1.649 sec
    [junit] Testcase: validVerification[ConstrainedInt_Valid_2] took 1.463 sec
    [junit] Testcase: validVerification[ConstrainedInt_Valid_20] took 1.489 sec
    [junit] Testcase: validVerification[ConstrainedInt_Valid_21] took 1.339 sec
    [junit] Testcase: validVerification[ConstrainedInt_Valid_22] took 0 sec
    [junit] Testcase: validVerification[ConstrainedInt_Valid_23] took 1.356 sec
    [junit] Testcase: validVerification[ConstrainedInt_Valid_24] took 1.626 sec
    [junit] Testcase: validVerification[ConstrainedInt_Valid_3] took 1.404 sec
    [junit] Testcase: validVerification[ConstrainedInt_Valid_4] took 1.429 sec
    [junit] Testcase: validVerification[ConstrainedInt_Valid_5] took 1.453 sec
    [junit] Testcase: validVerification[ConstrainedInt_Valid_6] took 1.723 sec
    [junit] Testcase: validVerification[ConstrainedInt_Valid_8] took 0 sec
    [junit] Testcase: validVerification[ConstrainedIntersection_Valid_1] took 0 sec
    [junit] Testcase: validVerification[ConstrainedList_Valid_1] took 0 sec
    [junit] Testcase: validVerification[ConstrainedList_Valid_11] took 2.203 sec
    [junit] Testcase: validVerification[ConstrainedList_Valid_12] took 1.623 sec
    [junit] Testcase: validVerification[ConstrainedList_Valid_14] took 1.618 sec
    [junit] Testcase: validVerification[ConstrainedList_Valid_15] took 1.266 sec
    [junit] Testcase: validVerification[ConstrainedList_Valid_16] took 0 sec
    [junit] Testcase: validVerification[ConstrainedList_Valid_17] took 0.001 sec
    [junit] Testcase: validVerification[ConstrainedList_Valid_18] took 0 sec
    [junit] Testcase: validVerification[ConstrainedList_Valid_19] took 0 sec
    [junit] Testcase: validVerification[ConstrainedList_Valid_2] took 0 sec
    [junit] Testcase: validVerification[ConstrainedList_Valid_20] took 0 sec
    [junit] Testcase: validVerification[ConstrainedList_Valid_21] took 0 sec
    [junit] Testcase: validVerification[ConstrainedList_Valid_22] took 0 sec
    [junit] Testcase: validVerification[ConstrainedList_Valid_23] took 0 sec
    [junit] Testcase: validVerification[ConstrainedList_Valid_25] took 1.254 sec
    [junit] Testcase: validVerification[ConstrainedList_Valid_26] took 0 sec
    [junit] Testcase: validVerification[ConstrainedList_Valid_27] took 1.676 sec
    [junit] Testcase: validVerification[ConstrainedList_Valid_28] took 0 sec
    [junit] Testcase: validVerification[ConstrainedList_Valid_3] took 2.843 sec
    [junit] Testcase: validVerification[ConstrainedList_Valid_4] took 0 sec
    [junit] Testcase: validVerification[ConstrainedList_Valid_5] took 1.213 sec
    [junit] Testcase: validVerification[ConstrainedList_Valid_6] took 0 sec
    [junit] Testcase: validVerification[ConstrainedList_Valid_7] took 0 sec
    [junit] Testcase: validVerification[ConstrainedList_Valid_8] took 0 sec
    [junit] Testcase: validVerification[ConstrainedList_Valid_9] took 1.881 sec
    [junit] Testcase: validVerification[ConstrainedNegation_Valid_1] took 0 sec
    [junit] Testcase: validVerification[ConstrainedNegation_Valid_2] took 0 sec
    [junit] Testcase: validVerification[ConstrainedRecord_Valid_1] took 1.924 sec
    [junit] Testcase: validVerification[ConstrainedRecord_Valid_10] took 0 sec
    [junit] Testcase: validVerification[ConstrainedRecord_Valid_2] took 1.326 sec
    [junit] Testcase: validVerification[ConstrainedRecord_Valid_3] took 1.876 sec
    [junit] Testcase: validVerification[ConstrainedRecord_Valid_4] took 1.426 sec
    [junit] Testcase: validVerification[ConstrainedRecord_Valid_5] took 1.616 sec
    [junit] Testcase: validVerification[ConstrainedRecord_Valid_6] took 1.878 sec
    [junit] Testcase: validVerification[ConstrainedRecord_Valid_8] took 0 sec
    [junit] Testcase: validVerification[ConstrainedRecord_Valid_9] took 0 sec
    [junit] Testcase: validVerification[ConstrainedReference_Valid_1] took 0.001 sec
    [junit] Testcase: validVerification[ConstrainedUnion_Valid_1] took 1.471 sec
    [junit] Testcase: validVerification[Contractive_Valid_1] took 0 sec
    [junit] Testcase: validVerification[Contractive_Valid_2] took 1.704 sec
    [junit] Testcase: validVerification[Define_Valid_1] took 1.656 sec
    [junit] Testcase: validVerification[Define_Valid_2] took 1.571 sec
    [junit] Testcase: validVerification[Define_Valid_3] took 1.287 sec
    [junit] Testcase: validVerification[Define_Valid_4] took 1.515 sec
    [junit] Testcase: validVerification[DoWhile_Valid_1] took 1.36 sec
    [junit] Testcase: validVerification[DoWhile_Valid_2] took 1.532 sec
    [junit] Testcase: validVerification[DoWhile_Valid_3] took 1.014 sec
    [junit] Testcase: validVerification[DoWhile_Valid_4] took 0 sec
    [junit] Testcase: validVerification[DoWhile_Valid_5] took 2.276 sec
    [junit] Testcase: validVerification[DoWhile_Valid_6] took 1.551 sec
    [junit] Testcase: validVerification[DoWhile_Valid_7] took 0 sec
    [junit] Testcase: validVerification[EffectiveList_Valid_1] took 1.997 sec
    [junit] Testcase: validVerification[Ensures_Valid_1] took 1.741 sec
    [junit] Testcase: validVerification[Ensures_Valid_2] took 1.899 sec
    [junit] Testcase: validVerification[Ensures_Valid_3] took 0 sec
    [junit] Testcase: validVerification[Ensures_Valid_4] took 1.268 sec
    [junit] Testcase: validVerification[Ensures_Valid_5] took 1.478 sec
    [junit] Testcase: validVerification[Ensures_Valid_6] took 0 sec
    [junit] Testcase: validVerification[Ensures_Valid_7] took 1.507 sec
    [junit] Testcase: validVerification[Ensures_Valid_8] took 1.762 sec
    [junit] Testcase: validVerification[Fail_Valid_1] took 1.36 sec
    [junit] Testcase: validVerification[Fail_Valid_2] took 1.758 sec
    [junit] Testcase: validVerification[FunctionRef_Valid_1] took 1.322 sec
    [junit] Testcase: validVerification[FunctionRef_Valid_10] took 0 sec
    [junit] Testcase: validVerification[FunctionRef_Valid_11] took 0 sec
    [junit] Testcase: validVerification[FunctionRef_Valid_12] took 1.458 sec
    [junit] Testcase: validVerification[FunctionRef_Valid_13] took 0 sec
    [junit] Testcase: validVerification[FunctionRef_Valid_2] took 0 sec
    [junit] Testcase: validVerification[FunctionRef_Valid_4] took 0 sec
    [junit] Testcase: validVerification[FunctionRef_Valid_5] took 1.231 sec
    [junit] Testcase: validVerification[FunctionRef_Valid_6] took 1.518 sec
    [junit] Testcase: validVerification[FunctionRef_Valid_7] took 1.674 sec
    [junit] Testcase: validVerification[FunctionRef_Valid_8] took 1.355 sec
    [junit] Testcase: validVerification[FunctionRef_Valid_9] took 1.407 sec
    [junit] Testcase: validVerification[Function_Valid_1] took 1.579 sec
    [junit] Testcase: validVerification[Function_Valid_11] took 0.001 sec
    [junit] Testcase: validVerification[Function_Valid_12] took 1.73 sec
    [junit] Testcase: validVerification[Function_Valid_13] took 1.338 sec
    [junit] Testcase: validVerification[Function_Valid_14] took 1.697 sec
    [junit] Testcase: validVerification[Function_Valid_15] took 0 sec
    [junit] Testcase: validVerification[Function_Valid_16] took 1.126 sec
    [junit] Testcase: validVerification[Function_Valid_17] took 1.313 sec
    [junit] Testcase: validVerification[Function_Valid_18] took 1.539 sec
    [junit] Testcase: validVerification[Function_Valid_2] took 1.324 sec
    [junit] Testcase: validVerification[Function_Valid_20] took 1.234 sec
    [junit] Testcase: validVerification[Function_Valid_21] took 1.313 sec
    [junit] Testcase: validVerification[Function_Valid_3] took 1.652 sec
    [junit] Testcase: validVerification[Function_Valid_4] took 1.418 sec
    [junit] Testcase: validVerification[Function_Valid_5] took 1.353 sec
    [junit] Testcase: validVerification[Function_Valid_6] took 31.49 sec
    [junit] Testcase: validVerification[Function_Valid_7] took 2.076 sec
    [junit] Testcase: validVerification[Function_Valid_8] took 34.598 sec
    [junit] Testcase: validVerification[Function_Valid_9] took 2.271 sec
    [junit] Testcase: validVerification[HexAssign_Valid_1] took 1.584 sec
    [junit] Testcase: validVerification[IfElse_Valid_1] took 1.396 sec
    [junit] Testcase: validVerification[IfElse_Valid_2] took 1.523 sec
    [junit] Testcase: validVerification[IfElse_Valid_3] took 1.615 sec
    [junit] Testcase: validVerification[IfElse_Valid_4] took 0.001 sec
    [junit] Testcase: validVerification[IfElse_Valid_5] took 1.569 sec
    [junit] Testcase: validVerification[Import_Valid_1] took 1.437 sec
    [junit] Testcase: validVerification[Import_Valid_2] took 1.856 sec
    [junit] Testcase: validVerification[Import_Valid_3] took 1.668 sec
    [junit] Testcase: validVerification[Import_Valid_4] took 0 sec
    [junit] Testcase: validVerification[Import_Valid_5] took 0 sec
    [junit] Testcase: validVerification[Import_Valid_6] took 2.032 sec
    [junit] Testcase: validVerification[IntConst_Valid_1] took 1.714 sec
    [junit] Testcase: validVerification[IntDefine_Valid_1] took 1.809 sec
    [junit] Testcase: validVerification[IntDefine_Valid_2] took 1.614 sec
    [junit] Testcase: validVerification[IntDiv_Valid_1] took 1.758 sec
    [junit] Testcase: validVerification[IntDiv_Valid_3] took 0 sec
    [junit] Testcase: validVerification[IntDiv_Valid_4] took 1.571 sec
    [junit] Testcase: validVerification[IntDiv_Valid_5] took 1.246 sec
    [junit] Testcase: validVerification[IntMul_Valid_1] took 1.643 sec
    [junit] Testcase: validVerification[IntMul_Valid_2] took 2.452 sec
    [junit] Testcase: validVerification[IntOp_Valid_1] took 2.049 sec
    [junit] Testcase: validVerification[Intersection_Valid_1] took 0 sec
    [junit] Testcase: validVerification[Intersection_Valid_2] took 0 sec
    [junit] Testcase: validVerification[Lambda_Valid_1] took 1.347 sec
    [junit] Testcase: validVerification[Lambda_Valid_10] took 1.36 sec
    [junit] Testcase: validVerification[Lambda_Valid_2] took 1.65 sec
    [junit] Testcase: validVerification[Lambda_Valid_3] took 0.001 sec
    [junit] Testcase: validVerification[Lambda_Valid_4] took 0 sec
    [junit] Testcase: validVerification[Lambda_Valid_5] took 1.455 sec
    [junit] Testcase: validVerification[Lambda_Valid_6] took 1.563 sec
    [junit] Testcase: validVerification[Lambda_Valid_7] took 0 sec
    [junit] Testcase: validVerification[Lambda_Valid_8] took 1.429 sec
    [junit] Testcase: validVerification[Lambda_Valid_9] took 0 sec
    [junit] Testcase: validVerification[LengthOf_Valid_1] took 1.57 sec
    [junit] Testcase: validVerification[LengthOf_Valid_4] took 2.073 sec
    [junit] Testcase: validVerification[LengthOf_Valid_5] took 1.232 sec
    [junit] Testcase: validVerification[ListAccess_Valid_1] took 1.702 sec
    [junit] Testcase: validVerification[ListAccess_Valid_3] took 2.309 sec
    [junit] Testcase: validVerification[ListAccess_Valid_5] took 1.566 sec
    [junit] Testcase: validVerification[ListAccess_Valid_6] took 0 sec
    [junit] Testcase: validVerification[ListAccess_Valid_8] took 1.52 sec
    [junit] Testcase: validVerification[ListAccess_Valid_9] took 1.298 sec
    [junit] Testcase: validVerification[ListAssign_Valid_1] took 0 sec
    [junit] Testcase: validVerification[ListAssign_Valid_11] took 1.715 sec
    [junit] Testcase: validVerification[ListAssign_Valid_2] took 1.862 sec
    [junit] Testcase: validVerification[ListAssign_Valid_3] took 2.083 sec
    [junit] Testcase: validVerification[ListAssign_Valid_4] took 1.763 sec
    [junit] Testcase: validVerification[ListAssign_Valid_5] took 3.432 sec
    [junit] Testcase: validVerification[ListAssign_Valid_6] took 0 sec
    [junit] Testcase: validVerification[ListAssign_Valid_7] took 1.598 sec
    [junit] Testcase: validVerification[ListAssign_Valid_8] took 1.557 sec
    [junit] Testcase: validVerification[ListAssign_Valid_9] took 1.374 sec
    [junit] Testcase: validVerification[ListEmpty_Valid_1] took 1.828 sec
    [junit] Testcase: validVerification[ListGenerator_Valid_1] took 1.7 sec
    [junit] Testcase: validVerification[ListGenerator_Valid_10] took 1.598 sec
    [junit] Testcase: validVerification[ListGenerator_Valid_11] took 1.855 sec
    [junit] Testcase: validVerification[ListGenerator_Valid_12] took 0 sec
    [junit] Testcase: validVerification[ListGenerator_Valid_2] took 1.497 sec
    [junit] Testcase: validVerification[ListGenerator_Valid_3] took 1.459 sec
    [junit] Testcase: validVerification[ListGenerator_Valid_5] took 1.363 sec
    [junit] Testcase: validVerification[ListGenerator_Valid_6] took 1.427 sec
    [junit] Testcase: validVerification[ListGenerator_Valid_7] took 1.891 sec
    [junit] Testcase: validVerification[ListGenerator_Valid_8] took 1.456 sec
    [junit] Testcase: validVerification[ListGenerator_Valid_9] took 1.597 sec
    [junit] Testcase: validVerification[ListLength_Valid_1] took 1.711 sec
    [junit] Testcase: validVerification[ListLength_Valid_2] took 1.839 sec
    [junit] Testcase: validVerification[ListLength_Valid_3] took 1.431 sec
    [junit] Testcase: validVerification[MessageRef_Valid_1] took 1.599 sec
    [junit] Testcase: validVerification[MessageRef_Valid_2] took 1.53 sec
    [junit] Testcase: validVerification[MessageSend_Valid_1] took 1.71 sec
    [junit] Testcase: validVerification[MessageSend_Valid_2] took 1.452 sec
    [junit] Testcase: validVerification[MessageSend_Valid_3] took 0.89 sec
    [junit] Testcase: validVerification[MessageSend_Valid_4] took 1.253 sec
    [junit] Testcase: validVerification[MessageSend_Valid_5] took 1.433 sec
    [junit] Testcase: validVerification[MethodCall_Valid_1] took 1.048 sec
    [junit] Testcase: validVerification[MethodCall_Valid_2] took 1.668 sec
    [junit] Testcase: validVerification[MethodCall_Valid_3] took 1.352 sec
    [junit] Testcase: validVerification[MethodCall_Valid_4] took 1.384 sec
    [junit] Testcase: validVerification[MethodRef_Valid_1] took 1.397 sec
    [junit] Testcase: validVerification[MethodRef_Valid_2] took 1.644 sec
    [junit] Testcase: validVerification[Method_Valid_1] took 0 sec
    [junit] Testcase: validVerification[MultiLineComment_Valid_1] took 1.57 sec
    [junit] Testcase: validVerification[MultiLineComment_Valid_2] took 1.604 sec
    [junit] Testcase: validVerification[NegationType_Valid_1] took 1.796 sec
    [junit] Testcase: validVerification[NegationType_Valid_2] took 1.658 sec
    [junit] Testcase: validVerification[NegationType_Valid_3] took 0 sec
    [junit] Testcase: validVerification[NegationType_Valid_4] took 1.285 sec
    [junit] Testcase: validVerification[NegationType_Valid_5] took 1.107 sec
    [junit] Testcase: validVerification[OpenRecord_Valid_1] took 1.302 sec
    [junit] Testcase: validVerification[OpenRecord_Valid_10] took 1.347 sec
    [junit] Testcase: validVerification[OpenRecord_Valid_11] took 0 sec
    [junit] Testcase: validVerification[OpenRecord_Valid_2] took 1.321 sec
    [junit] Testcase: validVerification[OpenRecord_Valid_3] took 1.434 sec
    [junit] Testcase: validVerification[OpenRecord_Valid_4] took 1.402 sec
    [junit] Testcase: validVerification[OpenRecord_Valid_5] took 1.356 sec
    [junit] Testcase: validVerification[OpenRecord_Valid_6] took 1.371 sec
    [junit] Testcase: validVerification[OpenRecord_Valid_9] took 1.439 sec
    [junit] Testcase: validVerification[ProcessAccess_Valid_1] took 1.186 sec
    [junit] Testcase: validVerification[ProcessAccess_Valid_2] took 1.385 sec
    [junit] Testcase: validVerification[Process_Valid_1] took 0 sec
    [junit] Testcase: validVerification[Process_Valid_10] took 0 sec
    [junit] Testcase: validVerification[Process_Valid_11] took 1.169 sec
    [junit] Testcase: validVerification[Process_Valid_12] took 1.217 sec
    [junit] Testcase: validVerification[Process_Valid_2] took 1.454 sec
    [junit] Testcase: validVerification[Process_Valid_3] took 1.359 sec
    [junit] Testcase: validVerification[Process_Valid_4] took 1.778 sec
    [junit] Testcase: validVerification[Process_Valid_5] took 1.248 sec
    [junit] Testcase: validVerification[Process_Valid_6] took 1.623 sec
    [junit] Testcase: validVerification[Process_Valid_7] took 1.577 sec
    [junit] Testcase: validVerification[Process_Valid_8] took 1.401 sec
    [junit] Testcase: validVerification[Process_Valid_9] took 0 sec
    [junit] Testcase: validVerification[Quantifiers_Valid_1] took 1.793 sec
    [junit] Testcase: validVerification[RecordAccess_Valid_1] took 1.513 sec
    [junit] Testcase: validVerification[RecordAssign_Valid_1] took 0.973 sec
    [junit] Testcase: validVerification[RecordAssign_Valid_10] took 1.082 sec
    [junit] Testcase: validVerification[RecordAssign_Valid_2] took 0 sec
    [junit] Testcase: validVerification[RecordAssign_Valid_3] took 1.408 sec
    [junit] Testcase: validVerification[RecordAssign_Valid_4] took 1.311 sec
    [junit] Testcase: validVerification[RecordAssign_Valid_5] took 1.218 sec
    [junit] Testcase: validVerification[RecordAssign_Valid_6] took 1.408 sec
    [junit] Testcase: validVerification[RecordAssign_Valid_7] took 1.14 sec
    [junit] Testcase: validVerification[RecordAssign_Valid_8] took 1.38 sec
    [junit] Testcase: validVerification[RecordAssign_Valid_9] took 1.386 sec
    [junit] Testcase: validVerification[RecordCoercion_Valid_1] took 0 sec
    [junit] Testcase: validVerification[RecordDefine_Valid_1] took 1.579 sec
    [junit] Testcase: validVerification[RecordDefine_Valid_2] took 1.357 sec
    [junit] Testcase: validVerification[RecordSubtype_Valid_1] took 0 sec
    [junit] Testcase: validVerification[RecordSubtype_Valid_2] took 0 sec
    [junit] Testcase: validVerification[RecursiveType_Valid_1] took 1.325 sec
    [junit] Testcase: validVerification[RecursiveType_Valid_10] took 0.98 sec
    [junit] Testcase: validVerification[RecursiveType_Valid_11] took 0 sec
    [junit] Testcase: validVerification[RecursiveType_Valid_12] took 0 sec
    [junit] Testcase: validVerification[RecursiveType_Valid_13] took 1.615 sec
    [junit] Testcase: validVerification[RecursiveType_Valid_14] took 0 sec
    [junit] Testcase: validVerification[RecursiveType_Valid_15] took 1.256 sec
    [junit] Testcase: validVerification[RecursiveType_Valid_16] took 0 sec
    [junit] Testcase: validVerification[RecursiveType_Valid_17] took 0 sec
    [junit] Testcase: validVerification[RecursiveType_Valid_18] took 0 sec
    [junit] Testcase: validVerification[RecursiveType_Valid_19] took 0 sec
    [junit] Testcase: validVerification[RecursiveType_Valid_2] took 0 sec
    [junit] Testcase: validVerification[RecursiveType_Valid_20] took 0 sec
    [junit] Testcase: validVerification[RecursiveType_Valid_21] took 0 sec
    [junit] Testcase: validVerification[RecursiveType_Valid_22] took 0 sec
    [junit] Testcase: validVerification[RecursiveType_Valid_23] took 0 sec
    [junit] Testcase: validVerification[RecursiveType_Valid_24] took 0 sec
    [junit] Testcase: validVerification[RecursiveType_Valid_25] took 0 sec
    [junit] Testcase: validVerification[RecursiveType_Valid_26] took 0 sec
    [junit] Testcase: validVerification[RecursiveType_Valid_27] took 0 sec
    [junit] Testcase: validVerification[RecursiveType_Valid_28] took 0.001 sec
    [junit] Testcase: validVerification[RecursiveType_Valid_3] took 0 sec
    [junit] Testcase: validVerification[RecursiveType_Valid_4] took 0 sec
    [junit] Testcase: validVerification[RecursiveType_Valid_5] took 0 sec
    [junit] Testcase: validVerification[RecursiveType_Valid_6] took 1.493 sec
    [junit] Testcase: validVerification[RecursiveType_Valid_7] took 0 sec
    [junit] Testcase: validVerification[RecursiveType_Valid_8] took 1.344 sec
    [junit] Testcase: validVerification[RecursiveType_Valid_9] took 1.472 sec
    [junit] Testcase: validVerification[ReferenceType_Valid_1] took 1.424 sec
    [junit] Testcase: validVerification[Reference_Valid_1] took 1.471 sec
    [junit] Testcase: validVerification[Reference_Valid_2] took 0.001 sec
    [junit] Testcase: validVerification[Reference_Valid_3] took 0 sec
    [junit] Testcase: validVerification[Reference_Valid_4] took 1.439 sec
    [junit] Testcase: validVerification[Reference_Valid_5] took 1.46 sec
    [junit] Testcase: validVerification[Reference_Valid_6] took 0 sec
    [junit] Testcase: validVerification[Reference_Valid_7] took 1.78 sec
    [junit] Testcase: validVerification[Reference_Valid_8] took 1.712 sec
    [junit] Testcase: validVerification[Remainder_Valid_1] took 1.655 sec
    [junit] Testcase: validVerification[Requires_Valid_1] took 1.216 sec
    [junit] Testcase: validVerification[Resolution_Valid_1] took 1.67 sec
    [junit] Testcase: validVerification[Return_Valid_1] took 0 sec
    [junit] Testcase: validVerification[SingleLineComment_Valid_1] took 1.838 sec
    [junit] Testcase: validVerification[Skip_Valid_1] took 1.557 sec
    [junit] Testcase: validVerification[String_Valid_1] took 1.516 sec
    [junit] Testcase: validVerification[String_Valid_2] took 1.867 sec
    [junit] Testcase: validVerification[String_Valid_3] took 1.731 sec
    [junit] Testcase: validVerification[String_Valid_4] took 1.659 sec
    [junit] Testcase: validVerification[String_Valid_5] took 1.329 sec
    [junit] Testcase: validVerification[String_Valid_6] took 3.296 sec
    [junit] Testcase: validVerification[Subtype_Valid_1] took 0 sec
    [junit] Testcase: validVerification[Subtype_Valid_10] took 0 sec
    [junit] Testcase: validVerification[Subtype_Valid_11] took 0 sec
    [junit] Testcase: validVerification[Subtype_Valid_12] took 0 sec
    [junit] Testcase: validVerification[Subtype_Valid_13] took 0.001 sec
    [junit] Testcase: validVerification[Subtype_Valid_14] took 0 sec
    [junit] Testcase: validVerification[Subtype_Valid_2] took 1.804 sec
    [junit] Testcase: validVerification[Subtype_Valid_3] took 1.34 sec
    [junit] Testcase: validVerification[Subtype_Valid_4] took 1.816 sec
    [junit] Testcase: validVerification[Subtype_Valid_5] took 1.842 sec
    [junit] Testcase: validVerification[Subtype_Valid_6] took 1.691 sec
    [junit] Testcase: validVerification[Subtype_Valid_7] took 0 sec
    [junit] Testcase: validVerification[Subtype_Valid_8] took 1.674 sec
    [junit] Testcase: validVerification[Subtype_Valid_9] took 1.48 sec
    [junit] Testcase: validVerification[Switch_Valid_1] took 1.574 sec
    [junit] Testcase: validVerification[Switch_Valid_10] took 1.589 sec
    [junit] Testcase: validVerification[Switch_Valid_11] took 2.094 sec
    [junit] Testcase: validVerification[Switch_Valid_12] took 1.912 sec
    [junit] Testcase: validVerification[Switch_Valid_13] took 1.934 sec
    [junit] Testcase: validVerification[Switch_Valid_2] took 1.909 sec
    [junit] Testcase: validVerification[Switch_Valid_3] took 2.025 sec
    [junit] Testcase: validVerification[Switch_Valid_4] took 1.673 sec
    [junit] Testcase: validVerification[Switch_Valid_5] took 1.679 sec
    [junit] Testcase: validVerification[Switch_Valid_6] took 1.655 sec
    [junit] Testcase: validVerification[Switch_Valid_7] took 1.285 sec
    [junit] Testcase: validVerification[Switch_Valid_8] took 1.702 sec
    [junit] Testcase: validVerification[Switch_Valid_9] took 1.523 sec
    [junit] Testcase: validVerification[Syntax_Valid_1] took 1.159 sec
    [junit] Testcase: validVerification[TypeEquals_Valid_1] took 1.458 sec
    [junit] Testcase: validVerification[TypeEquals_Valid_10] took 1.391 sec
    [junit] Testcase: validVerification[TypeEquals_Valid_11] took 1.356 sec
    [junit] Testcase: validVerification[TypeEquals_Valid_12] took 1.388 sec
    [junit] Testcase: validVerification[TypeEquals_Valid_14] took 1.185 sec
    [junit] Testcase: validVerification[TypeEquals_Valid_15] took 2.057 sec
    [junit] Testcase: validVerification[TypeEquals_Valid_16] took 1.502 sec
    [junit] Testcase: validVerification[TypeEquals_Valid_17] took 1.655 sec
    [junit] Testcase: validVerification[TypeEquals_Valid_18] took 1.198 sec
    [junit] Testcase: validVerification[TypeEquals_Valid_19] took 1.438 sec
    [junit] Testcase: validVerification[TypeEquals_Valid_2] took 0 sec
    [junit] Testcase: validVerification[TypeEquals_Valid_21] took 1.229 sec
    [junit] Testcase: validVerification[TypeEquals_Valid_23] took 0 sec
    [junit] Testcase: validVerification[TypeEquals_Valid_24] took 1.439 sec
    [junit] Testcase: validVerification[TypeEquals_Valid_25] took 0 sec
    [junit] Testcase: validVerification[TypeEquals_Valid_27] took 1.329 sec
    [junit] Testcase: validVerification[TypeEquals_Valid_28] took 1.352 sec
    [junit] Testcase: validVerification[TypeEquals_Valid_29] took 1.732 sec
    [junit] Testcase: validVerification[TypeEquals_Valid_3] took 0 sec
    [junit] Testcase: validVerification[TypeEquals_Valid_30] took 0 sec
    [junit] Testcase: validVerification[TypeEquals_Valid_31] took 1.412 sec
    [junit] Testcase: validVerification[TypeEquals_Valid_32] took 1.875 sec
    [junit] Testcase: validVerification[TypeEquals_Valid_33] took 1.362 sec
    [junit] Testcase: validVerification[TypeEquals_Valid_34] took 1.531 sec
    [junit] Testcase: validVerification[TypeEquals_Valid_35] took 1.524 sec
    [junit] Testcase: validVerification[TypeEquals_Valid_36] took 0 sec
    [junit] Testcase: validVerification[TypeEquals_Valid_37] took 0 sec
    [junit] Testcase: validVerification[TypeEquals_Valid_38] took 0 sec
    [junit] Testcase: validVerification[TypeEquals_Valid_39] took 1.502 sec
    [junit] Testcase: validVerification[TypeEquals_Valid_40] took 1.568 sec
    [junit] Testcase: validVerification[TypeEquals_Valid_41] took 0 sec
    [junit] Testcase: validVerification[TypeEquals_Valid_42] took 0.997 sec
    [junit] Testcase: validVerification[TypeEquals_Valid_43] took 1.651 sec
    [junit] Testcase: validVerification[TypeEquals_Valid_44] took 1.389 sec
    [junit] Testcase: validVerification[TypeEquals_Valid_45] took 0 sec
    [junit] Testcase: validVerification[TypeEquals_Valid_46] took 1.446 sec
    [junit] Testcase: validVerification[TypeEquals_Valid_47] took 1.301 sec
    [junit] Testcase: validVerification[TypeEquals_Valid_5] took 1.319 sec
    [junit] Testcase: validVerification[TypeEquals_Valid_6] took 1.602 sec
    [junit] Testcase: validVerification[TypeEquals_Valid_7] took 1.231 sec
    [junit] Testcase: validVerification[TypeEquals_Valid_9] took 1.743 sec
    [junit] Testcase: validVerification[UnionType_Valid_1] took 1.837 sec
    [junit] Testcase: validVerification[UnionType_Valid_10] took 1.224 sec
    [junit] Testcase: validVerification[UnionType_Valid_11] took 1.766 sec
    [junit] Testcase: validVerification[UnionType_Valid_12] took 1.325 sec
    [junit] Testcase: validVerification[UnionType_Valid_13] took 1.534 sec
    [junit] Testcase: validVerification[UnionType_Valid_14] took 0 sec
    [junit] Testcase: validVerification[UnionType_Valid_15] took 1.706 sec
    [junit] Testcase: validVerification[UnionType_Valid_16] took 1.72 sec
    [junit] Testcase: validVerification[UnionType_Valid_17] took 1.6 sec
    [junit] Testcase: validVerification[UnionType_Valid_18] took 1.249 sec
    [junit] Testcase: validVerification[UnionType_Valid_19] took 1.248 sec
    [junit] Testcase: validVerification[UnionType_Valid_2] took 0 sec
    [junit] Testcase: validVerification[UnionType_Valid_20] took 1.491 sec
    [junit] Testcase: validVerification[UnionType_Valid_21] took 1.679 sec
    [junit] Testcase: validVerification[UnionType_Valid_22] took 0 sec
    [junit] Testcase: validVerification[UnionType_Valid_23] took 2.143 sec
    [junit] Testcase: validVerification[UnionType_Valid_3] took 2.067 sec
    [junit] Testcase: validVerification[UnionType_Valid_4] took 1.731 sec
    [junit] Testcase: validVerification[UnionType_Valid_5] took 1.945 sec
    [junit] Testcase: validVerification[UnionType_Valid_6] took 1.38 sec
    [junit] Testcase: validVerification[UnionType_Valid_7] took 1.198 sec
    [junit] Testcase: validVerification[UnionType_Valid_8] took 1.635 sec
    [junit] Testcase: validVerification[UnionType_Valid_9] took 1.543 sec
    [junit] Testcase: validVerification[Update_Valid_2] took 2.008 sec
    [junit] Testcase: validVerification[VarDecl_Valid_1] took 1.43 sec
    [junit] Testcase: validVerification[VarDecl_Valid_2] took 1.997 sec
    [junit] Testcase: validVerification[VarDecl_Valid_3] took 1.917 sec
    [junit] Testcase: validVerification[VarDecl_Valid_4] took 1.271 sec
    [junit] Testcase: validVerification[While_Valid_1] took 2.487 sec
    [junit] Testcase: validVerification[While_Valid_10] took 1.913 sec
    [junit] Testcase: validVerification[While_Valid_11] took 0 sec
    [junit] Testcase: validVerification[While_Valid_12] took 2.35 sec
    [junit] Testcase: validVerification[While_Valid_14] took 1.472 sec
    [junit] Testcase: validVerification[While_Valid_15] took 0.001 sec
    [junit] Testcase: validVerification[While_Valid_16] took 0 sec
    [junit] Testcase: validVerification[While_Valid_17] took 1.479 sec
    [junit] Testcase: validVerification[While_Valid_18] took 2.029 sec
    [junit] Testcase: validVerification[While_Valid_19] took 2.003 sec
    [junit] Testcase: validVerification[While_Valid_2] took 0 sec
    [junit] Testcase: validVerification[While_Valid_20] took 2.142 sec
    [junit] Testcase: validVerification[While_Valid_21] took 1.918 sec
    [junit] Testcase: validVerification[While_Valid_22] took 0 sec
    [junit] Testcase: validVerification[While_Valid_23] took 0 sec
    [junit] Testcase: validVerification[While_Valid_24] took 2.111 sec
    [junit] Testcase: validVerification[While_Valid_25] took 1.631 sec
    [junit] Testcase: validVerification[While_Valid_26] took 0 sec
    [junit] Testcase: validVerification[While_Valid_27] took 0 sec
    [junit] Testcase: validVerification[While_Valid_28] took 2.142 sec
    [junit] Testcase: validVerification[While_Valid_29] took 1.689 sec
    [junit] Testcase: validVerification[While_Valid_3] took 0 sec
    [junit] Testcase: validVerification[While_Valid_30] took 1.886 sec
    [junit] Testcase: validVerification[While_Valid_31] took 2.316 sec
    [junit] Testcase: validVerification[While_Valid_32] took 1.969 sec
    [junit] Testcase: validVerification[While_Valid_33] took 1.626 sec
    [junit] Testcase: validVerification[While_Valid_34] took 0 sec
    [junit] Testcase: validVerification[While_Valid_35] took 3.553 sec
    [junit] Testcase: validVerification[While_Valid_36] took 3.221 sec
    [junit] Testcase: validVerification[While_Valid_37] took 0 sec
    [junit] Testcase: validVerification[While_Valid_38] took 4.04 sec
    [junit] Testcase: validVerification[While_Valid_39] took 1.957 sec
    [junit] Testcase: validVerification[While_Valid_40] took 1.711 sec
    [junit] Testcase: validVerification[While_Valid_41] took 2.522 sec
    [junit] Testcase: validVerification[While_Valid_42] took 0 sec
    [junit] Testcase: validVerification[While_Valid_43] took 2.399 sec
    [junit] Testcase: validVerification[While_Valid_44] took 2.355 sec
    [junit] Testcase: validVerification[While_Valid_45] took 2.64 sec
    [junit] Testcase: validVerification[While_Valid_46] took 1.959 sec
    [junit] Testcase: validVerification[While_Valid_47] took 1.747 sec
    [junit] Testcase: validVerification[While_Valid_48] took 0 sec
    [junit] Testcase: validVerification[While_Valid_5] took 0 sec
    [junit] Testcase: validVerification[While_Valid_7] took 1.826 sec
    [junit] Testcase: validVerification[While_Valid_9] took 1.949 sec

test:

test:

BUILD SUCCESSFUL
Total time: 18 minutes 37 seconds

travis_time:end:02ad9f7a:start=1461273913801242624,finish=1461275031841116312,duration=1118039873688[0K
[32;1mThe command "ant test-all" exited with 0.[0m

Done. Your build exited with 0.
