Using worker: worker-linux-docker-a2835e4b.prod.travis-ci.org:travis-linux-3

travis_fold:start:system_info[0K[33;1mBuild system information[0m
Build language: java
[34m[1mBuild image provisioning date and time[0m
Thu Feb  5 15:09:33 UTC 2015
[34m[1mOperating System Details[0m
Distributor ID:	Ubuntu
Description:	Ubuntu 12.04.5 LTS
Release:	12.04
Codename:	precise
[34m[1mLinux Version[0m
3.13.0-29-generic
[34m[1mCookbooks Version[0m
a68419e https://github.com/travis-ci/travis-cookbooks/tree/a68419e
[34m[1mGCC version[0m
gcc (Ubuntu/Linaro 4.6.3-1ubuntu5) 4.6.3
Copyright (C) 2011 Free Software Foundation, Inc.
This is free software; see the source for copying conditions.  There is NO
warranty; not even for MERCHANTABILITY or FITNESS FOR A PARTICULAR PURPOSE.

[34m[1mLLVM version[0m
clang version 3.4 (tags/RELEASE_34/final)
Target: x86_64-unknown-linux-gnu
Thread model: posix
[34m[1mPre-installed Ruby versions[0m
ruby-1.9.3-p551
[34m[1mPre-installed Node.js versions[0m
v0.10.36
[34m[1mPre-installed Go versions[0m
1.4.1
[34m[1mRedis version[0m
redis-server 2.8.19
[34m[1mriak version[0m
2.0.2
[34m[1mMongoDB version[0m
MongoDB 2.4.12
[34m[1mCouchDB version[0m
couchdb 1.6.1
[34m[1mNeo4j version[0m
1.9.4
[34m[1mRabbitMQ Version[0m
3.4.3
[34m[1mElasticSearch version[0m
1.4.0
[34m[1mInstalled Sphinx versions[0m
2.0.10
2.1.9
2.2.6
[34m[1mDefault Sphinx version[0m
2.2.6
[34m[1mInstalled Firefox version[0m
firefox 31.0esr
[34m[1mPhantomJS version[0m
1.9.8
[34m[1mant -version[0m
Apache Ant(TM) version 1.8.2 compiled on December 3 2011
[34m[1mmvn -version[0m
Apache Maven 3.2.5 (12a6b3acb947671f09b81f49094c53f426d8cea1; 2014-12-14T17:29:23+00:00)
Maven home: /usr/local/maven
Java version: 1.7.0_76, vendor: Oracle Corporation
Java home: /usr/lib/jvm/java-7-oracle/jre
Default locale: en_US, platform encoding: ANSI_X3.4-1968
OS name: "linux", version: "3.13.0-29-generic", arch: "amd64", family: "unix"
travis_fold:end:system_info[0K
travis_fold:start:git.checkout[0Ktravis_time:start:0809d924[0K$ git clone --depth=50 --branch=master git://github.com/spring-projects/spring-data-jpa.git spring-projects/spring-data-jpa
Cloning into 'spring-projects/spring-data-jpa'...
remote: Counting objects: 1134, done.[K
remote: Compressing objects:   0% (1/663)   [Kremote: Compressing objects:   1% (7/663)   [Kremote: Compressing objects:   2% (14/663)   [Kremote: Compressing objects:   3% (20/663)   [Kremote: Compressing objects:   4% (27/663)   [Kremote: Compressing objects:   5% (34/663)   [Kremote: Compressing objects:   6% (40/663)   [Kremote: Compressing objects:   7% (47/663)   [Kremote: Compressing objects:   8% (54/663)   [Kremote: Compressing objects:   9% (60/663)   [Kremote: Compressing objects:  10% (67/663)   [Kremote: Compressing objects:  11% (73/663)   [Kremote: Compressing objects:  12% (80/663)   [Kremote: Compressing objects:  13% (87/663)   [Kremote: Compressing objects:  14% (93/663)   [Kremote: Compressing objects:  15% (100/663)   [Kremote: Compressing objects:  16% (107/663)   [Kremote: Compressing objects:  17% (113/663)   [Kremote: Compressing objects:  18% (120/663)   [Kremote: Compressing objects:  19% (126/663)   [Kremote: Compressing objects:  20% (133/663)   [Kremote: Compressing objects:  21% (140/663)   [Kremote: Compressing objects:  22% (146/663)   [Kremote: Compressing objects:  23% (153/663)   [Kremote: Compressing objects:  24% (160/663)   [Kremote: Compressing objects:  25% (166/663)   [Kremote: Compressing objects:  26% (173/663)   [Kremote: Compressing objects:  27% (180/663)   [Kremote: Compressing objects:  28% (186/663)   [Kremote: Compressing objects:  29% (193/663)   [Kremote: Compressing objects:  30% (199/663)   [Kremote: Compressing objects:  31% (206/663)   [Kremote: Compressing objects:  32% (213/663)   [Kremote: Compressing objects:  33% (219/663)   [Kremote: Compressing objects:  34% (226/663)   [Kremote: Compressing objects:  35% (233/663)   [Kremote: Compressing objects:  36% (239/663)   [Kremote: Compressing objects:  37% (246/663)   [Kremote: Compressing objects:  38% (252/663)   [Kremote: Compressing objects:  39% (259/663)   [Kremote: Compressing objects:  40% (266/663)   [Kremote: Compressing objects:  41% (272/663)   [Kremote: Compressing objects:  42% (279/663)   [Kremote: Compressing objects:  43% (286/663)   [Kremote: Compressing objects:  44% (292/663)   [Kremote: Compressing objects:  45% (299/663)   [Kremote: Compressing objects:  46% (305/663)   [Kremote: Compressing objects:  47% (312/663)   [Kremote: Compressing objects:  48% (319/663)   [Kremote: Compressing objects:  49% (325/663)   [Kremote: Compressing objects:  50% (332/663)   [Kremote: Compressing objects:  51% (339/663)   [Kremote: Compressing objects:  52% (345/663)   [Kremote: Compressing objects:  53% (352/663)   [Kremote: Compressing objects:  54% (359/663)   [Kremote: Compressing objects:  55% (365/663)   [Kremote: Compressing objects:  56% (372/663)   [Kremote: Compressing objects:  57% (378/663)   [Kremote: Compressing objects:  58% (385/663)   [Kremote: Compressing objects:  59% (392/663)   [Kremote: Compressing objects:  60% (398/663)   [Kremote: Compressing objects:  61% (405/663)   [Kremote: Compressing objects:  62% (412/663)   [Kremote: Compressing objects:  63% (418/663)   [Kremote: Compressing objects:  64% (425/663)   [Kremote: Compressing objects:  65% (431/663)   [Kremote: Compressing objects:  66% (438/663)   [Kremote: Compressing objects:  67% (445/663)   [Kremote: Compressing objects:  68% (451/663)   [Kremote: Compressing objects:  69% (458/663)   [Kremote: Compressing objects:  70% (465/663)   [Kremote: Compressing objects:  71% (471/663)   [Kremote: Compressing objects:  72% (478/663)   [Kremote: Compressing objects:  73% (484/663)   [Kremote: Compressing objects:  74% (491/663)   [Kremote: Compressing objects:  75% (498/663)   [Kremote: Compressing objects:  76% (504/663)   [Kremote: Compressing objects:  77% (511/663)   [Kremote: Compressing objects:  78% (518/663)   [Kremote: Compressing objects:  79% (524/663)   [Kremote: Compressing objects:  80% (531/663)   [Kremote: Compressing objects:  81% (538/663)   [Kremote: Compressing objects:  82% (544/663)   [Kremote: Compressing objects:  83% (551/663)   [Kremote: Compressing objects:  84% (557/663)   [Kremote: Compressing objects:  85% (564/663)   [Kremote: Compressing objects:  86% (571/663)   [Kremote: Compressing objects:  87% (577/663)   [Kremote: Compressing objects:  88% (584/663)   [Kremote: Compressing objects:  89% (591/663)   [Kremote: Compressing objects:  90% (597/663)   [Kremote: Compressing objects:  91% (604/663)   [Kremote: Compressing objects:  92% (610/663)   [Kremote: Compressing objects:  93% (617/663)   [Kremote: Compressing objects:  94% (624/663)   [Kremote: Compressing objects:  95% (630/663)   [Kremote: Compressing objects:  96% (637/663)   [Kremote: Compressing objects:  97% (644/663)   [Kremote: Compressing objects:  98% (650/663)   [Kremote: Compressing objects:  99% (657/663)   [Kremote: Compressing objects: 100% (663/663)   [Kremote: Compressing objects: 100% (663/663), done.[K
Receiving objects:   0% (1/1134)   Receiving objects:   1% (12/1134)   Receiving objects:   2% (23/1134)   Receiving objects:   3% (35/1134)   Receiving objects:   4% (46/1134)   Receiving objects:   5% (57/1134)   Receiving objects:   6% (69/1134)   Receiving objects:   7% (80/1134)   Receiving objects:   8% (91/1134)   Receiving objects:   9% (103/1134)   Receiving objects:  10% (114/1134)   Receiving objects:  11% (125/1134)   Receiving objects:  12% (137/1134)   Receiving objects:  13% (148/1134)   Receiving objects:  14% (159/1134)   Receiving objects:  15% (171/1134)   Receiving objects:  16% (182/1134)   Receiving objects:  17% (193/1134)   Receiving objects:  18% (205/1134)   Receiving objects:  19% (216/1134)   Receiving objects:  20% (227/1134)   Receiving objects:  21% (239/1134)   Receiving objects:  22% (250/1134)   Receiving objects:  23% (261/1134)   Receiving objects:  24% (273/1134)   Receiving objects:  25% (284/1134)   Receiving objects:  26% (295/1134)   Receiving objects:  27% (307/1134)   Receiving objects:  28% (318/1134)   Receiving objects:  29% (329/1134)   Receiving objects:  30% (341/1134)   Receiving objects:  31% (352/1134)   Receiving objects:  32% (363/1134)   Receiving objects:  33% (375/1134)   Receiving objects:  34% (386/1134)   Receiving objects:  35% (397/1134)   Receiving objects:  36% (409/1134)   Receiving objects:  37% (420/1134)   Receiving objects:  38% (431/1134)   Receiving objects:  39% (443/1134)   Receiving objects:  40% (454/1134)   Receiving objects:  41% (465/1134)   Receiving objects:  42% (477/1134)   Receiving objects:  43% (488/1134)   Receiving objects:  44% (499/1134)   Receiving objects:  45% (511/1134)   Receiving objects:  46% (522/1134)   Receiving objects:  47% (533/1134)   Receiving objects:  48% (545/1134)   Receiving objects:  49% (556/1134)   Receiving objects:  50% (567/1134)   Receiving objects:  51% (579/1134)   Receiving objects:  52% (590/1134)   Receiving objects:  53% (602/1134)   Receiving objects:  54% (613/1134)   Receiving objects:  55% (624/1134)   Receiving objects:  56% (636/1134)   Receiving objects:  57% (647/1134)   Receiving objects:  58% (658/1134)   Receiving objects:  59% (670/1134)   Receiving objects:  60% (681/1134)   Receiving objects:  61% (692/1134)   Receiving objects:  62% (704/1134)   Receiving objects:  63% (715/1134)   Receiving objects:  64% (726/1134)   Receiving objects:  65% (738/1134)   Receiving objects:  66% (749/1134)   Receiving objects:  67% (760/1134)   Receiving objects:  68% (772/1134)   Receiving objects:  69% (783/1134)   Receiving objects:  70% (794/1134)   Receiving objects:  71% (806/1134)   Receiving objects:  72% (817/1134)   Receiving objects:  73% (828/1134)   Receiving objects:  74% (840/1134)   Receiving objects:  75% (851/1134)   Receiving objects:  76% (862/1134)   Receiving objects:  77% (874/1134)   Receiving objects:  78% (885/1134)   Receiving objects:  79% (896/1134)   Receiving objects:  80% (908/1134)   Receiving objects:  81% (919/1134)   Receiving objects:  82% (930/1134)   Receiving objects:  83% (942/1134)   Receiving objects:  84% (953/1134)   Receiving objects:  85% (964/1134)   Receiving objects:  86% (976/1134)   Receiving objects:  87% (987/1134)   Receiving objects:  88% (998/1134)   Receiving objects:  89% (1010/1134)   Receiving objects:  90% (1021/1134)   Receiving objects:  91% (1032/1134)   remote: Total 1134 (delta 485), reused 786 (delta 253), pack-reused 0[K
Receiving objects:  92% (1044/1134)   Receiving objects:  93% (1055/1134)   Receiving objects:  94% (1066/1134)   Receiving objects:  95% (1078/1134)   Receiving objects:  96% (1089/1134)   Receiving objects:  97% (1100/1134)   Receiving objects:  98% (1112/1134)   Receiving objects:  99% (1123/1134)   Receiving objects: 100% (1134/1134)   Receiving objects: 100% (1134/1134), 407.41 KiB | 0 bytes/s, done.
Resolving deltas:   0% (0/485)   Resolving deltas:  10% (49/485)   Resolving deltas:  11% (56/485)   Resolving deltas:  12% (59/485)   Resolving deltas:  13% (67/485)   Resolving deltas:  14% (71/485)   Resolving deltas:  15% (75/485)   Resolving deltas:  16% (78/485)   Resolving deltas:  17% (86/485)   Resolving deltas:  19% (93/485)   Resolving deltas:  20% (98/485)   Resolving deltas:  21% (104/485)   Resolving deltas:  23% (113/485)   Resolving deltas:  25% (126/485)   Resolving deltas:  26% (128/485)   Resolving deltas:  27% (132/485)   Resolving deltas:  28% (136/485)   Resolving deltas:  29% (141/485)   Resolving deltas:  30% (150/485)   Resolving deltas:  31% (152/485)   Resolving deltas:  32% (157/485)   Resolving deltas:  35% (171/485)   Resolving deltas:  37% (182/485)   Resolving deltas:  38% (187/485)   Resolving deltas:  39% (191/485)   Resolving deltas:  40% (196/485)   Resolving deltas:  41% (200/485)   Resolving deltas:  42% (205/485)   Resolving deltas:  43% (209/485)   Resolving deltas:  46% (224/485)   Resolving deltas:  47% (228/485)   Resolving deltas:  48% (233/485)   Resolving deltas:  49% (238/485)   Resolving deltas:  50% (246/485)   Resolving deltas:  51% (249/485)   Resolving deltas:  53% (259/485)   Resolving deltas:  54% (262/485)   Resolving deltas:  55% (270/485)   Resolving deltas:  56% (273/485)   Resolving deltas:  57% (278/485)   Resolving deltas:  58% (282/485)   Resolving deltas:  60% (292/485)   Resolving deltas:  61% (298/485)   Resolving deltas:  62% (302/485)   Resolving deltas:  63% (306/485)   Resolving deltas:  64% (311/485)   Resolving deltas:  65% (317/485)   Resolving deltas:  67% (327/485)   Resolving deltas:  68% (333/485)   Resolving deltas:  69% (336/485)   Resolving deltas:  70% (343/485)   Resolving deltas:  71% (345/485)   Resolving deltas:  72% (353/485)   Resolving deltas:  73% (355/485)   Resolving deltas:  74% (360/485)   Resolving deltas:  75% (368/485)   Resolving deltas:  77% (376/485)   Resolving deltas:  78% (380/485)   Resolving deltas:  84% (411/485)   Resolving deltas:  86% (419/485)   Resolving deltas:  87% (422/485)   Resolving deltas:  88% (428/485)   Resolving deltas:  89% (432/485)   Resolving deltas:  90% (440/485)   Resolving deltas:  91% (442/485)   Resolving deltas:  92% (450/485)   Resolving deltas:  93% (453/485)   Resolving deltas:  94% (456/485)   Resolving deltas:  95% (463/485)   Resolving deltas:  96% (466/485)   Resolving deltas:  97% (472/485)   Resolving deltas:  98% (479/485)   Resolving deltas:  99% (482/485)   Resolving deltas: 100% (485/485)   Resolving deltas: 100% (485/485), done.
Checking connectivity... done.
travis_time:end:0809d924:start=1433232409060443758,finish=1433232409299779242,duration=239335484[0K$ cd spring-projects/spring-data-jpa
$ git checkout -qf a22f06234c5077e3f20b811c9aea8d4303102958
travis_fold:end:git.checkout[0K
[33;1mThis job is running on container-based infrastructure, which does not allow use of 'sudo', setuid and setguid executables.[0m
[33;1mIf you require sudo, add 'sudo: required' to your .travis.yml[0m
[33;1mSee http://docs.travis-ci.com/user/workers/container-based-infrastructure/ for details.[0m

[33;1mSetting environment variables from .travis.yml[0m
$ export PROFILE=ci

travis_fold:start:cache.1[0KSetting up build cache
$ export CASHER_DIR=$HOME/.casher
travis_time:start:0f019824[0K$ Installing caching utilities
travis_time:end:0f019824:start=1433232411065719318,finish=1433232411142618674,duration=76899356[0Ktravis_time:start:079fe54c[0Kattempting to download cache archive
fetching master/cache--jdk-oraclejdk8.tbz
found cache
travis_time:end:079fe54c:start=1433232411147103229,finish=1433232416596149282,duration=5449046053[0Ktravis_time:start:27a430b0[0Kadding /home/travis/.m2 to cache
travis_time:end:27a430b0:start=1433232416599964645,finish=1433232433737475170,duration=17137510525[0Ktravis_fold:end:cache.1[0K$ jdk_switcher use oraclejdk8
Switching to Oracle JDK8 (java-8-oracle), JAVA_HOME will be set to /usr/lib/jvm/java-8-oracle
$ java -Xmx32m -version
java version "1.8.0_31"
Java(TM) SE Runtime Environment (build 1.8.0_31-b13)
Java HotSpot(TM) 64-Bit Server VM (build 25.31-b07, mixed mode)
$ javac -J-Xmx32m -version
javac 1.8.0_31
travis_fold:start:install[0Ktravis_time:start:2d507ffd[0K$ true
travis_time:end:2d507ffd:start=1433232434152574205,finish=1433232434155650118,duration=3075913[0Ktravis_fold:end:install[0Ktravis_time:start:145d24dc[0K$ mvn clean dependency:list test -P${PROFILE} -Dsort
Java HotSpot(TM) 64-Bit Server VM warning: ignoring option MaxPermSize=192m; support was removed in 8.0
[INFO] Scanning for projects...
[INFO]                                                                         
[INFO] ------------------------------------------------------------------------
[INFO] Building Spring Data JPA 1.9.0.BUILD-SNAPSHOT
[INFO] ------------------------------------------------------------------------
Downloading: http://repo.maven.apache.org/maven2/com/mysema/querydsl/querydsl-apt/3.6.3/querydsl-apt-3.6.3.pom
3/8 KB   7/8 KB   8/8 KB            Downloaded: http://repo.maven.apache.org/maven2/com/mysema/querydsl/querydsl-apt/3.6.3/querydsl-apt-3.6.3.pom (8 KB at 6.8 KB/sec)
Downloading: http://repo.maven.apache.org/maven2/com/mysema/querydsl/querydsl-root/3.6.3/querydsl-root-3.6.3.pom
3/20 KB   7/20 KB   11/20 KB   15/20 KB   19/20 KB   20/20 KB              Downloaded: http://repo.maven.apache.org/maven2/com/mysema/querydsl/querydsl-root/3.6.3/querydsl-root-3.6.3.pom (20 KB at 722.6 KB/sec)
Downloading: http://repo.maven.apache.org/maven2/com/mysema/querydsl/querydsl-codegen/3.6.3/querydsl-codegen-3.6.3.pom
3/3 KB              Downloaded: http://repo.maven.apache.org/maven2/com/mysema/querydsl/querydsl-codegen/3.6.3/querydsl-codegen-3.6.3.pom (3 KB at 143.0 KB/sec)
Downloading: http://repo.maven.apache.org/maven2/com/mysema/querydsl/querydsl-core/3.6.3/querydsl-core-3.6.3.pom
2/5 KB   5/5 KB            Downloaded: http://repo.maven.apache.org/maven2/com/mysema/querydsl/querydsl-core/3.6.3/querydsl-core-3.6.3.pom (5 KB at 19.1 KB/sec)
Downloading: http://repo.maven.apache.org/maven2/com/mysema/querydsl/querydsl-jpa/3.6.3/querydsl-jpa-3.6.3.pom
4/12 KB   6/12 KB   10/12 KB   12/12 KB              Downloaded: http://repo.maven.apache.org/maven2/com/mysema/querydsl/querydsl-jpa/3.6.3/querydsl-jpa-3.6.3.pom (12 KB at 241.8 KB/sec)
Downloading: http://repo.maven.apache.org/maven2/com/mysema/querydsl/querydsl-apt/3.6.3/querydsl-apt-3.6.3.jar
Downloading: http://repo.maven.apache.org/maven2/com/mysema/querydsl/querydsl-codegen/3.6.3/querydsl-codegen-3.6.3.jar
Downloading: http://repo.maven.apache.org/maven2/com/mysema/querydsl/querydsl-jpa/3.6.3/querydsl-jpa-3.6.3.jar
4/66 KB    8/66 KB   12/66 KB   16/66 KB   20/66 KB   24/66 KB   28/66 KB   32/66 KB   36/66 KB   40/66 KB   44/66 KB   48/66 KB   52/66 KB   56/66 KB   60/66 KB   64/66 KB   66/66 KB   66/66 KB   4/72 KB   66/66 KB   8/72 KB   66/66 KB   12/72 KB   66/66 KB   14/72 KB   66/66 KB   17/72 KB   66/66 KB   19/72 KB   66/66 KB   23/72 KB   66/66 KB   27/72 KB   66/66 KB   31/72 KB   66/66 KB   35/72 KB   66/66 KB   39/72 KB   66/66 KB   43/72 KB   66/66 KB   47/72 KB   66/66 KB   51/72 KB   66/66 KB   55/72 KB   66/66 KB   59/72 KB   66/66 KB   63/72 KB   66/66 KB   67/72 KB   66/66 KB   71/72 KB   66/66 KB   72/72 KB   Downloading: http://repo.maven.apache.org/maven2/com/mysema/querydsl/querydsl-core/3.6.3/querydsl-core-3.6.3.jar
                      Downloaded: http://repo.maven.apache.org/maven2/com/mysema/querydsl/querydsl-apt/3.6.3/querydsl-apt-3.6.3.jar (66 KB at 1072.4 KB/sec)
                      Downloaded: http://repo.maven.apache.org/maven2/com/mysema/querydsl/querydsl-codegen/3.6.3/querydsl-codegen-3.6.3.jar (72 KB at 1653.6 KB/sec)
4/458 KB              8/458 KB   12/458 KB   16/458 KB   20/458 KB   24/458 KB   28/458 KB   32/458 KB   36/458 KB   40/458 KB   44/458 KB   48/458 KB   52/458 KB   56/458 KB   60/458 KB   64/458 KB   68/458 KB   72/458 KB   76/458 KB   80/458 KB   84/458 KB   88/458 KB   92/458 KB   96/458 KB   100/458 KB   104/458 KB   108/458 KB   112/458 KB   116/458 KB   120/458 KB   124/458 KB   128/458 KB   132/458 KB   136/458 KB   140/458 KB   144/458 KB   148/458 KB   152/458 KB   156/458 KB   160/458 KB   164/458 KB   168/458 KB   172/458 KB   176/458 KB   180/458 KB   184/458 KB   188/458 KB   192/458 KB   196/458 KB   200/458 KB   204/458 KB   208/458 KB   212/458 KB   216/458 KB   220/458 KB   224/458 KB   228/458 KB   232/458 KB   236/458 KB   240/458 KB   244/458 KB   248/458 KB   252/458 KB   256/458 KB   260/458 KB   264/458 KB   268/458 KB   272/458 KB   276/458 KB   280/458 KB   284/458 KB   288/458 KB   292/458 KB   296/458 KB   300/458 KB   304/458 KB   308/458 KB   312/458 KB   316/458 KB   320/458 KB   324/458 KB   328/458 KB   332/458 KB   336/458 KB   340/458 KB   344/458 KB   348/458 KB   352/458 KB   356/458 KB   360/458 KB   364/458 KB   368/458 KB   372/458 KB   376/458 KB   380/458 KB   384/458 KB   388/458 KB   392/458 KB   396/458 KB   400/458 KB   404/458 KB   408/458 KB   412/458 KB   416/458 KB   420/458 KB   424/458 KB   428/458 KB   432/458 KB   436/458 KB   440/458 KB   444/458 KB   448/458 KB   452/458 KB   456/458 KB   458/458 KB                Downloaded: http://repo.maven.apache.org/maven2/com/mysema/querydsl/querydsl-core/3.6.3/querydsl-core-3.6.3.jar (458 KB at 3177.3 KB/sec)
4/113 KB     8/113 KB   12/113 KB   16/113 KB   20/113 KB   24/113 KB   28/113 KB   32/113 KB   36/113 KB   40/113 KB   44/113 KB   48/113 KB   52/113 KB   56/113 KB   60/113 KB   64/113 KB   68/113 KB   72/113 KB   76/113 KB   80/113 KB   84/113 KB   88/113 KB   92/113 KB   96/113 KB   100/113 KB   104/113 KB   108/113 KB   112/113 KB   113/113 KB                Downloaded: http://repo.maven.apache.org/maven2/com/mysema/querydsl/querydsl-jpa/3.6.3/querydsl-jpa-3.6.3.jar (113 KB at 592.9 KB/sec)
[INFO] 
[INFO] --- maven-clean-plugin:2.5:clean (default-clean) @ spring-data-jpa ---
[INFO] 
[INFO] --- maven-dependency-plugin:2.8:list (default-cli) @ spring-data-jpa ---
[INFO] 
[INFO] The following files have been resolved:
[INFO]    antlr:antlr:jar:2.7.6:compile
[INFO]    aopalliance:aopalliance:jar:1.0:compile
[INFO]    asm:asm:jar:3.1:compile
[INFO]    cglib:cglib:jar:2.2:compile
[INFO]    ch.qos.logback:logback-classic:jar:1.1.3:test
[INFO]    ch.qos.logback:logback-core:jar:1.1.3:test
[INFO]    com.google.code.findbugs:jsr305:jar:1.3.9:compile
[INFO]    com.google.guava:guava:jar:17.0:test
[INFO]    com.infradna.tool:bridge-method-annotation:jar:1.13:compile
[INFO]    com.mysema.codegen:codegen:jar:0.6.6:provided
[INFO]    com.mysema.commons:mysema-commons-lang:jar:0.2.4:compile
[INFO]    com.mysema.querydsl:querydsl-apt:jar:3.6.3:provided
[INFO]    com.mysema.querydsl:querydsl-codegen:jar:3.6.3:provided
[INFO]    com.mysema.querydsl:querydsl-core:jar:3.6.3:compile
[INFO]    com.mysema.querydsl:querydsl-jpa:jar:3.6.3:compile
[INFO]    commons-collections:commons-collections:jar:3.1:compile
[INFO]    commons-lang:commons-lang:jar:2.4:compile
[INFO]    commons-pool:commons-pool:jar:1.5.4:compile
[INFO]    dom4j:dom4j:jar:1.6.1:compile
[INFO]    javassist:javassist:jar:3.12.0.GA:compile
[INFO]    javax.annotation:jsr250-api:jar:1.0:provided
[INFO]    javax.el:el-api:jar:1.0:test
[INFO]    javax.enterprise:cdi-api:jar:1.0:provided
[INFO]    javax.inject:javax.inject:jar:1:provided
[INFO]    javax.servlet:javax.servlet-api:jar:3.0.1:test
[INFO]    javax.transaction:jta:jar:1.1:compile
[INFO]    joda-time:joda-time:jar:2.8:compile
[INFO]    junit:junit:jar:4.12:test
[INFO]    net.sourceforge.serp:serp:jar:1.14.1:compile
[INFO]    org.apache.geronimo.specs:geronimo-atinject_1.0_spec:jar:1.0:test
[INFO]    org.apache.geronimo.specs:geronimo-jcdi_1.0_spec:jar:1.0:test
[INFO]    org.apache.geronimo.specs:geronimo-jms_1.1_spec:jar:1.1.1:compile
[INFO]    org.apache.geronimo.specs:geronimo-jpa_2.0_spec:jar:1.1:compile
[INFO]    org.apache.geronimo.specs:geronimo-jta_1.1_spec:jar:1.1.1:compile
[INFO]    org.apache.openjpa:openjpa-jdbc:jar:2.3.0:compile
[INFO]    org.apache.openjpa:openjpa-kernel:jar:2.3.0:compile
[INFO]    org.apache.openjpa:openjpa-lib:jar:2.3.0:compile
[INFO]    org.apache.openjpa:openjpa-persistence-jdbc:jar:2.3.0:compile
[INFO]    org.apache.openjpa:openjpa-persistence:jar:2.3.0:compile
[INFO]    org.apache.openwebbeans.test:cditest-owb:jar:1.2.8:test
[INFO]    org.apache.openwebbeans.test:cditest:jar:1.2.8:test
[INFO]    org.apache.openwebbeans:openwebbeans-impl:jar:1.2.8:test
[INFO]    org.apache.openwebbeans:openwebbeans-spi:jar:1.2.8:test
[INFO]    org.apache.xbean:xbean-asm4-shaded:jar:3.14:compile
[INFO]    org.apache.xbean:xbean-asm5-shaded:jar:4.1:test
[INFO]    org.apache.xbean:xbean-finder-shaded:jar:4.1:test
[INFO]    org.aspectj:aspectjrt:jar:1.8.5:compile
[INFO]    org.aspectj:aspectjweaver:jar:1.8.5:test
[INFO]    org.eclipse.jdt.core.compiler:ecj:jar:4.3.1:provided
[INFO]    org.eclipse.persistence:javax.persistence:jar:2.1.0:compile
[INFO]    org.eclipse.persistence:org.eclipse.persistence.antlr:jar:2.6.0:compile
[INFO]    org.eclipse.persistence:org.eclipse.persistence.asm:jar:2.6.0:compile
[INFO]    org.eclipse.persistence:org.eclipse.persistence.core:jar:2.6.0:compile
[INFO]    org.eclipse.persistence:org.eclipse.persistence.jpa.jpql:jar:2.6.0:compile
[INFO]    org.eclipse.persistence:org.eclipse.persistence.jpa:jar:2.6.0:compile
[INFO]    org.glassfish:javax.json:jar:1.0.4:compile
[INFO]    org.hamcrest:hamcrest-core:jar:1.3:test
[INFO]    org.hamcrest:hamcrest-library:jar:1.3:test
[INFO]    org.hibernate.javax.persistence:hibernate-jpa-2.0-api:jar:1.0.1.Final:compile
[INFO]    org.hibernate:hibernate-commons-annotations:jar:3.2.0.Final:compile
[INFO]    org.hibernate:hibernate-core:jar:3.6.10.Final:compile
[INFO]    org.hibernate:hibernate-entitymanager:jar:3.6.10.Final:compile
[INFO]    org.hsqldb:hsqldb:jar:2.2.8:test
[INFO]    org.jboss.interceptor:jboss-interceptor-api:jar:1.1:provided
[INFO]    org.mockito:mockito-core:jar:1.10.19:test
[INFO]    org.objenesis:objenesis:jar:2.1:test
[INFO]    org.slf4j:jcl-over-slf4j:jar:1.7.12:runtime
[INFO]    org.slf4j:slf4j-api:jar:1.7.12:compile
[INFO]    org.springframework.data:spring-data-commons:jar:1.11.0.M1:compile
[INFO]    org.springframework:spring-aop:jar:4.1.6.RELEASE:compile
[INFO]    org.springframework:spring-aspects:jar:4.1.6.RELEASE:compile
[INFO]    org.springframework:spring-beans:jar:4.1.6.RELEASE:compile
[INFO]    org.springframework:spring-context:jar:4.1.6.RELEASE:compile
[INFO]    org.springframework:spring-core:jar:4.1.6.RELEASE:compile
[INFO]    org.springframework:spring-expression:jar:4.1.6.RELEASE:compile
[INFO]    org.springframework:spring-instrument:jar:4.1.6.RELEASE:provided
[INFO]    org.springframework:spring-jdbc:jar:4.1.6.RELEASE:compile
[INFO]    org.springframework:spring-orm:jar:4.1.6.RELEASE:compile
[INFO]    org.springframework:spring-test:jar:4.1.6.RELEASE:test
[INFO]    org.springframework:spring-tx:jar:4.1.6.RELEASE:compile
[INFO]    org.threeten:threetenbp:jar:1.2:compile
[INFO] 
[INFO] 
[INFO] --- apt-maven-plugin:1.1.3:process (sources) @ spring-data-jpa ---
[INFO] 
[INFO] --- maven-resources-plugin:2.6:resources (default-resources) @ spring-data-jpa ---
[INFO] Using 'UTF-8' encoding to copy filtered resources.
[INFO] Copying 13 resources
[INFO] 
[INFO] --- maven-compiler-plugin:3.1:compile (default-compile) @ spring-data-jpa ---
[INFO] Changes detected - recompiling the module!
[INFO] Compiling 98 source files to /home/travis/build/spring-projects/spring-data-jpa/target/classes
[WARNING] /home/travis/build/spring-projects/spring-data-jpa/target/generated-sources/annotations/org/springframework/data/jpa/domain/QAbstractPersistable.java: Some input files use unchecked or unsafe operations.
[WARNING] /home/travis/build/spring-projects/spring-data-jpa/target/generated-sources/annotations/org/springframework/data/jpa/domain/QAbstractPersistable.java: Recompile with -Xlint:unchecked for details.
[INFO] 
[INFO] --- com.springsource.bundlor.maven:1.0.0.RELEASE:bundlor (bundlor) @ spring-data-jpa ---
Manifest written to '/home/travis/build/spring-projects/spring-data-jpa/target/classes/META-INF/MANIFEST.MF'
[INFO] 
[INFO] --- aspectj-maven-plugin:1.6:compile (default) @ spring-data-jpa ---
[INFO] 
[INFO] --- apt-maven-plugin:1.1.3:test-process (test-sources) @ spring-data-jpa ---
[INFO] 
[INFO] --- maven-resources-plugin:2.6:testResources (default-testResources) @ spring-data-jpa ---
[INFO] Using 'UTF-8' encoding to copy filtered resources.
[INFO] Copying 33 resources
[INFO] 
[INFO] --- maven-compiler-plugin:3.1:testCompile (default-testCompile) @ spring-data-jpa ---
[INFO] Changes detected - recompiling the module!
[INFO] Compiling 297 source files to /home/travis/build/spring-projects/spring-data-jpa/target/test-classes
[INFO] 
[INFO] --- maven-surefire-plugin:2.12:test (default-test) @ spring-data-jpa ---
[INFO] Surefire report directory: /home/travis/build/spring-projects/spring-data-jpa/target/surefire-reports

-------------------------------------------------------
 T E S T S
-------------------------------------------------------

Results :

Tests run: 0, Failures: 0, Errors: 0, Skipped: 0

[INFO] 
[INFO] --- maven-surefire-plugin:2.12:test (unit-tests) @ spring-data-jpa ---
[INFO] Surefire report directory: /home/travis/build/spring-projects/spring-data-jpa/target/surefire-reports

-------------------------------------------------------
 T E S T S
-------------------------------------------------------
Running org.springframework.data.jpa.repository.support.JpaEntityInformationSupportUnitTests
Tests run: 2, Failures: 0, Errors: 0, Skipped: 0, Time elapsed: 0.625 sec
Running org.springframework.data.jpa.repository.support.EntityManagerBeanDefinitionRegistratPostProcessorUnitTests
Tests run: 1, Failures: 0, Errors: 0, Skipped: 0, Time elapsed: 0.405 sec
Running org.springframework.data.jpa.repository.support.JpaRepositoryFactoryBeanUnitTests
Tests run: 4, Failures: 0, Errors: 0, Skipped: 0, Time elapsed: 0.194 sec
Running org.springframework.data.jpa.repository.support.SimpleJpaRepositoryUnitTests
Tests run: 3, Failures: 0, Errors: 0, Skipped: 0, Time elapsed: 0.49 sec
Running org.springframework.data.jpa.repository.support.JpaRepositoryFactoryUnitTests
Tests run: 8, Failures: 0, Errors: 0, Skipped: 0, Time elapsed: 0.698 sec
Running org.springframework.data.jpa.repository.support.JpaPersistableEntityInformationUnitTests
Tests run: 1, Failures: 0, Errors: 0, Skipped: 0, Time elapsed: 0.073 sec
Running org.springframework.data.jpa.repository.support.EntityManagerFactoryRefUnitTests
Tests run: 1, Failures: 0, Errors: 0, Skipped: 0, Time elapsed: 1.045 sec
Running org.springframework.data.jpa.repository.support.JpaMetamodelEntityInformationUnitTests
Tests run: 1, Failures: 0, Errors: 0, Skipped: 0, Time elapsed: 0.104 sec
Running org.springframework.data.jpa.repository.support.CrudMethodMetadataPopulatingMethodInterceptorUnitTests
Tests run: 1, Failures: 0, Errors: 0, Skipped: 0, Time elapsed: 0.009 sec
Running org.springframework.data.jpa.repository.query.SimpleJpaQueryUnitTests
Tests run: 9, Failures: 0, Errors: 0, Skipped: 0, Time elapsed: 0.222 sec
Running org.springframework.data.jpa.repository.query.ParameterBinderUnitTests
Tests run: 14, Failures: 0, Errors: 0, Skipped: 0, Time elapsed: 0.096 sec
Running org.springframework.data.jpa.repository.query.JpaQueryExecutionUnitTests
Tests run: 8, Failures: 0, Errors: 0, Skipped: 0, Time elapsed: 0.138 sec
Running org.springframework.data.jpa.repository.query.JpaQueryLookupStrategyUnitTests
Tests run: 2, Failures: 0, Errors: 0, Skipped: 0, Time elapsed: 0.044 sec
Running org.springframework.data.jpa.repository.query.JpaParametersUnitTests
Tests run: 1, Failures: 0, Errors: 0, Skipped: 0, Time elapsed: 0.001 sec
Running org.springframework.data.jpa.repository.query.ExpressionBasedStringQueryUnitTests
Tests run: 2, Failures: 0, Errors: 0, Skipped: 0, Time elapsed: 0.093 sec
Running org.springframework.data.jpa.repository.query.StringQueryUnitTests
Tests run: 20, Failures: 0, Errors: 0, Skipped: 0, Time elapsed: 0.071 sec
Running org.springframework.data.jpa.repository.query.JpaQueryMethodUnitTests
Tests run: 26, Failures: 0, Errors: 0, Skipped: 0, Time elapsed: 0.206 sec
Running org.springframework.data.jpa.repository.query.Jpa21UtilsUnitTests
Tests run: 1, Failures: 0, Errors: 0, Skipped: 0, Time elapsed: 0.003 sec
Running org.springframework.data.jpa.repository.query.LikeBindingUnitTests
Tests run: 8, Failures: 0, Errors: 0, Skipped: 0, Time elapsed: 0.073 sec
Running org.springframework.data.jpa.repository.query.StoredProcedureAttributeSourceUnitTests
Tests run: 6, Failures: 0, Errors: 0, Skipped: 0, Time elapsed: 0.025 sec
Running org.springframework.data.jpa.repository.query.StoredProcedureAttributesUnitTests
Tests run: 1, Failures: 0, Errors: 0, Skipped: 0, Time elapsed: 0 sec
Running org.springframework.data.jpa.repository.query.QueryUtilsUnitTests
Tests run: 24, Failures: 0, Errors: 0, Skipped: 0, Time elapsed: 0.041 sec
Running org.springframework.data.jpa.repository.query.NamedQueryUnitTests
Tests run: 2, Failures: 0, Errors: 0, Skipped: 0, Time elapsed: 0.041 sec
Running org.springframework.data.jpa.repository.cdi.JpaRepositoryExtensionUnitTests
Tests run: 3, Failures: 0, Errors: 0, Skipped: 0, Time elapsed: 0.034 sec
Running org.springframework.data.jpa.repository.config.JpaRepositoryConfigExtensionUnitTests
Tests run: 4, Failures: 0, Errors: 0, Skipped: 0, Time elapsed: 0.071 sec
Running org.springframework.data.jpa.repository.config.JpaAuditingRegistrarUnitTests
Tests run: 2, Failures: 0, Errors: 0, Skipped: 0, Time elapsed: 0.058 sec
Running org.springframework.data.jpa.repository.config.JpaRepositoriesRegistrarUnitTests
Tests run: 1, Failures: 0, Errors: 0, Skipped: 0, Time elapsed: 0.556 sec
Running org.springframework.data.jpa.repository.CrudMethodMetadataUnitTests
Tests run: 3, Failures: 0, Errors: 0, Skipped: 0, Time elapsed: 0.398 sec
Running org.springframework.data.jpa.support.MergingPersistenceUnitManagerUnitTests
Tests run: 5, Failures: 0, Errors: 0, Skipped: 0, Time elapsed: 0.339 sec
Running org.springframework.data.jpa.support.ClasspathScanningPersistenceUnitPostProcessorUnitTests
Tests run: 8, Failures: 0, Errors: 0, Skipped: 0, Time elapsed: 0.11 sec
Running org.springframework.data.jpa.domain.support.AuditingNamespaceUnitTests
Tests run: 5, Failures: 0, Errors: 0, Skipped: 0, Time elapsed: 1.583 sec
Running org.springframework.data.jpa.domain.support.AuditingBeanFactoryPostProcessorUnitTests
Tests run: 4, Failures: 0, Errors: 0, Skipped: 0, Time elapsed: 0.558 sec
Running org.springframework.data.jpa.domain.support.AnnotationAuditingBeanFactoryPostProcessorUnitTests
Tests run: 4, Failures: 0, Errors: 0, Skipped: 0, Time elapsed: 0.196 sec
Running org.springframework.data.jpa.domain.SpecificationsUnitTests
Tests run: 8, Failures: 0, Errors: 0, Skipped: 0, Time elapsed: 0.273 sec
Running org.springframework.data.jpa.mapping.JpaPersistentPropertyImplUnitTests
Tests run: 14, Failures: 0, Errors: 0, Skipped: 0, Time elapsed: 0.405 sec
Running org.springframework.data.jpa.provider.PersistenceProviderUnitTests
Tests run: 5, Failures: 0, Errors: 0, Skipped: 0, Time elapsed: 0.544 sec

Results :

Tests run: 212, Failures: 0, Errors: 0, Skipped: 0

[INFO] 
[INFO] --- maven-surefire-plugin:2.12:test (integration-tests) @ spring-data-jpa ---
[INFO] Surefire report directory: /home/travis/build/spring-projects/spring-data-jpa/target/surefire-reports

-------------------------------------------------------
 T E S T S
-------------------------------------------------------
Running org.springframework.data.jpa.repository.support.EntityManagerBeanDefinitionRegistrarPostProcessorIntegrationTests
Tests run: 1, Failures: 0, Errors: 0, Skipped: 0, Time elapsed: 7.154 sec
Running org.springframework.data.jpa.repository.support.TransactionalRepositoryTests
Tests run: 5, Failures: 0, Errors: 0, Skipped: 0, Time elapsed: 3.737 sec
Running org.springframework.data.jpa.repository.support.JpaMetamodelEntityInformationIntegrationTests
Tests run: 14, Failures: 0, Errors: 0, Skipped: 1, Time elapsed: 2.556 sec
Running org.springframework.data.jpa.repository.support.QueryDslJpaRepositoryTests
Tests run: 17, Failures: 0, Errors: 0, Skipped: 0, Time elapsed: 0.572 sec
Running org.springframework.data.jpa.repository.support.MailMessageRepositoryIntegrationTests
Tests run: 4, Failures: 0, Errors: 0, Skipped: 0, Time elapsed: 3.557 sec
Running org.springframework.data.jpa.repository.support.JavaConfigDefaultTransactionDisablingIntegrationTests
Tests run: 3, Failures: 0, Errors: 0, Skipped: 0, Time elapsed: 3.782 sec
Running org.springframework.data.jpa.repository.support.XmlConfigDefaultTransactionDisablingIntegrationTests
Tests run: 3, Failures: 0, Errors: 0, Skipped: 0, Time elapsed: 2.532 sec
Running org.springframework.data.jpa.repository.support.QueryDslRepositorySupportTests
Tests run: 4, Failures: 0, Errors: 0, Skipped: 0, Time elapsed: 0.098 sec
Running org.springframework.data.jpa.repository.support.QueryDslRepositorySupportIntegrationTests
Tests run: 2, Failures: 0, Errors: 0, Skipped: 0, Time elapsed: 0.593 sec
Running org.springframework.data.jpa.repository.support.JpaRepositoryTests
Tests run: 4, Failures: 0, Errors: 0, Skipped: 0, Time elapsed: 0.096 sec
Running org.springframework.data.jpa.repository.support.QuerydslIntegrationTests
Tests run: 1, Failures: 0, Errors: 0, Skipped: 0, Time elapsed: 0.035 sec
Running org.springframework.data.jpa.repository.support.EntityManagerFactoryRefTests
Tests run: 2, Failures: 0, Errors: 0, Skipped: 0, Time elapsed: 4.287 sec
Running org.springframework.data.jpa.repository.query.PartTreeJpaQueryIntegrationTests
Tests run: 4, Failures: 0, Errors: 0, Skipped: 0, Time elapsed: 0.143 sec
Running org.springframework.data.jpa.repository.query.ParameterExpressionProviderTests
Tests run: 1, Failures: 0, Errors: 0, Skipped: 0, Time elapsed: 0.021 sec
Running org.springframework.data.jpa.repository.query.QueryUtilsIntegrationTests
Tests run: 5, Failures: 0, Errors: 0, Skipped: 0, Time elapsed: 0.643 sec
Running org.springframework.data.jpa.repository.query.AbstractJpaQueryTests
Tests run: 5, Failures: 0, Errors: 0, Skipped: 2, Time elapsed: 0.614 sec
Running org.springframework.data.jpa.repository.cdi.CdiExtensionIntegrationTests
Jun 02, 2015 8:08:28 AM org.apache.webbeans.lifecycle.AbstractLifeCycle bootstrapApplication
INFO: OpenWebBeans Container is starting...
Jun 02, 2015 8:08:28 AM org.apache.webbeans.corespi.scanner.AbstractMetaDataDiscovery addWebBeansXmlLocation
INFO: added beans.xml marker: file:/home/travis/build/spring-projects/spring-data-jpa/target/test-classes/META-INF/beans.xml
Jun 02, 2015 8:08:31 AM org.apache.webbeans.config.BeansDeployer validateInjectionPoints
INFO: All injection points were validated successfully.
Jun 02, 2015 8:08:31 AM org.apache.webbeans.lifecycle.AbstractLifeCycle bootstrapApplication
INFO: OpenWebBeans Container has started, it took [3133] ms.
Tests run: 4, Failures: 0, Errors: 0, Skipped: 0, Time elapsed: 3.477 sec
Running org.springframework.data.jpa.repository.StoredProcedureIntegrationTests
Tests run: 12, Failures: 0, Errors: 0, Skipped: 12, Time elapsed: 2.513 sec
Running org.springframework.data.jpa.repository.UserRepositoryFinderTests
Tests run: 12, Failures: 0, Errors: 0, Skipped: 0, Time elapsed: 3.472 sec
Running org.springframework.data.jpa.repository.RoleRepositoryIntegrationTests
Tests run: 5, Failures: 0, Errors: 0, Skipped: 0, Time elapsed: 3.146 sec
Running org.springframework.data.jpa.repository.config.JpaRepositoryConfigDefinitionParserTests
Tests run: 1, Failures: 0, Errors: 0, Skipped: 0, Time elapsed: 0.676 sec
Running org.springframework.data.jpa.repository.config.JpaRepositoriesRegistrarIntegrationTests
Tests run: 2, Failures: 0, Errors: 0, Skipped: 0, Time elapsed: 1.928 sec
Running org.springframework.data.jpa.repository.config.RepositoryConfigTests
Tests run: 3, Failures: 0, Errors: 0, Skipped: 0, Time elapsed: 0.043 sec
Running org.springframework.data.jpa.repository.config.ExplicitAuditingViaJavaConfigRepositoriesTests
Tests run: 1, Failures: 0, Errors: 0, Skipped: 0, Time elapsed: 3.195 sec
Running org.springframework.data.jpa.repository.config.RepositoriesJavaConfigTests
Tests run: 1, Failures: 0, Errors: 0, Skipped: 0, Time elapsed: 2.895 sec
Running org.springframework.data.jpa.repository.config.AuditingBeanDefinitionParserTests
Tests run: 4, Failures: 0, Errors: 0, Skipped: 0, Time elapsed: 0.606 sec
Running org.springframework.data.jpa.repository.config.NestedRepositoriesJavaConfigTests
Tests run: 1, Failures: 0, Errors: 0, Skipped: 0, Time elapsed: 3.762 sec
Running org.springframework.data.jpa.repository.config.DefaultAuditingViaJavaConfigRepositoriesTests
Tests run: 1, Failures: 0, Errors: 0, Skipped: 0, Time elapsed: 3.231 sec
Running org.springframework.data.jpa.repository.config.AllowNestedRepositoriesRepositoryConfigTests
Tests run: 4, Failures: 0, Errors: 0, Skipped: 0, Time elapsed: 4.478 sec
Running org.springframework.data.jpa.repository.config.CustomRepositoryFactoryConfigTests
Tests run: 3, Failures: 0, Errors: 0, Skipped: 0, Time elapsed: 2.216 sec
Running org.springframework.data.jpa.repository.config.RepositoryAutoConfigTests
Tests run: 3, Failures: 0, Errors: 0, Skipped: 0, Time elapsed: 2.752 sec
Running org.springframework.data.jpa.repository.config.QueryLookupStrategyTests
Tests run: 1, Failures: 0, Errors: 0, Skipped: 0, Time elapsed: 1.505 sec
Running org.springframework.data.jpa.repository.config.TypeFilterConfigTests
Tests run: 3, Failures: 0, Errors: 0, Skipped: 0, Time elapsed: 1.886 sec
Running org.springframework.data.jpa.repository.CustomAbstractPersistableIntegrationTests
Tests run: 1, Failures: 0, Errors: 0, Skipped: 0, Time elapsed: 0.023 sec
Running org.springframework.data.jpa.repository.JavaConfigUserRepositoryTests
Tests run: 134, Failures: 0, Errors: 0, Skipped: 2, Time elapsed: 6.974 sec
Running org.springframework.data.jpa.repository.UserRepositoryTests
Tests run: 133, Failures: 0, Errors: 0, Skipped: 2, Time elapsed: 3.97 sec
Running org.springframework.data.jpa.repository.EntityGraphRepositoryMethodsIntegrationTests
Tests run: 4, Failures: 0, Errors: 0, Skipped: 4, Time elapsed: 0.042 sec
Running org.springframework.data.jpa.repository.UserRepositoryStoredProcedureTests
Tests run: 5, Failures: 0, Errors: 0, Skipped: 5, Time elapsed: 0.01 sec
Running org.springframework.data.jpa.repository.ParentRepositoryIntegrationTests
Tests run: 2, Failures: 0, Errors: 0, Skipped: 0, Time elapsed: 0.071 sec
Running org.springframework.data.jpa.repository.RepositoryWithCompositeKeyTests
Tests run: 8, Failures: 0, Errors: 0, Skipped: 0, Time elapsed: 0.303 sec
Running org.springframework.data.jpa.repository.NamespaceUserRepositoryTests
Tests run: 134, Failures: 0, Errors: 0, Skipped: 2, Time elapsed: 2.777 sec
Running org.springframework.data.jpa.repository.AbstractPersistableIntegrationTests
Tests run: 1, Failures: 0, Errors: 0, Skipped: 0, Time elapsed: 0.005 sec
Running org.springframework.data.jpa.repository.SPR8954Tests
Tests run: 1, Failures: 0, Errors: 0, Skipped: 0, Time elapsed: 0.005 sec
Running org.springframework.data.jpa.repository.RedeclaringRepositoryMethodsTests
Tests run: 2, Failures: 0, Errors: 0, Skipped: 0, Time elapsed: 0.007 sec
Running org.springframework.data.jpa.repository.ORMInfrastructureTests
Tests run: 1, Failures: 0, Errors: 0, Skipped: 0, Time elapsed: 0.003 sec
Running org.springframework.data.jpa.repository.MappedTypeRepositoryIntegrationTests
Tests run: 2, Failures: 0, Errors: 0, Skipped: 0, Time elapsed: 0.03 sec
Running org.springframework.data.jpa.repository.SimpleJpaParameterBindingTests
Tests run: 2, Failures: 0, Errors: 0, Skipped: 1, Time elapsed: 0.005 sec
Running org.springframework.data.jpa.domain.support.AuditingEntityListenerTests
Tests run: 4, Failures: 0, Errors: 0, Skipped: 0, Time elapsed: 3.147 sec
Running org.springframework.data.jpa.domain.JpaSortTests
Tests run: 17, Failures: 0, Errors: 0, Skipped: 0, Time elapsed: 0.014 sec
Running org.springframework.data.jpa.infrastructure.HibernateMetamodelIntegrationTests
Tests run: 3, Failures: 0, Errors: 0, Skipped: 2, Time elapsed: 0.005 sec
Running org.springframework.data.jpa.convert.threetenbp.ThreeTenBackPortJpaConvertersIntegrationTests
Tests run: 1, Failures: 0, Errors: 0, Skipped: 1, Time elapsed: 0.681 sec
Running org.springframework.data.jpa.convert.threeten.Jsr310JpaConvertersIntegrationTests
Tests run: 1, Failures: 0, Errors: 0, Skipped: 1, Time elapsed: 0.82 sec
Running org.springframework.data.jpa.mapping.JpaMetamodelMappingContextIntegrationTests
Tests run: 6, Failures: 0, Errors: 0, Skipped: 0, Time elapsed: 0.449 sec
Running org.springframework.data.jpa.provider.PersistenceProviderIntegrationTests
Tests run: 1, Failures: 0, Errors: 0, Skipped: 0, Time elapsed: 0.802 sec

Results :

Tests run: 599, Failures: 0, Errors: 0, Skipped: 35

[INFO] 
[INFO] --- maven-surefire-plugin:2.12:test (eclipselink-tests) @ spring-data-jpa ---
[INFO] Surefire report directory: /home/travis/build/spring-projects/spring-data-jpa/target/surefire-reports

-------------------------------------------------------
 T E S T S
-------------------------------------------------------
[EL Info]: server: 2015-06-02 08:09:32.973--ServerSession(1809787067)--Detected server platform: org.eclipse.persistence.platform.server.NoServerPlatform.
[EL Info]: server: 2015-06-02 08:09:36.865--ServerSession(696933920)--Detected server platform: org.eclipse.persistence.platform.server.NoServerPlatform.
[EL Info]: server: 2015-06-02 08:09:37.096--ServerSession(1987375157)--Detected server platform: org.eclipse.persistence.platform.server.NoServerPlatform.
[EL Info]: server: 2015-06-02 08:09:37.314--ServerSession(2130192211)--Detected server platform: org.eclipse.persistence.platform.server.NoServerPlatform.
Running org.springframework.data.jpa.repository.support.EclipseLinkJpaMetamodelEntityInformationIntegrationTests
[EL Info]: server: 2015-06-02 08:09:40.697--ServerSession(1037942373)--Detected server platform: org.eclipse.persistence.platform.server.NoServerPlatform.
Tests run: 15, Failures: 0, Errors: 0, Skipped: 1, Time elapsed: 4.387 sec
Running org.springframework.data.jpa.repository.support.EclipseLinkJpaRepositoryTests
Tests run: 4, Failures: 0, Errors: 0, Skipped: 0, Time elapsed: 0.821 sec
Running org.springframework.data.jpa.repository.support.EclipseLinkProxyIdAccessorTests
Tests run: 1, Failures: 0, Errors: 0, Skipped: 0, Time elapsed: 2.216 sec
Running org.springframework.data.jpa.repository.query.EclipseLinkQueryUtilsIntegrationTests
Tests run: 5, Failures: 0, Errors: 0, Skipped: 0, Time elapsed: 2.581 sec
Running org.springframework.data.jpa.repository.EclipseLinkEntityGraphRepositoryMethodsIntegrationTests
Tests run: 4, Failures: 0, Errors: 0, Skipped: 0, Time elapsed: 3.561 sec
Running org.springframework.data.jpa.repository.EclipseLinkParentRepositoryIntegrationTests
Tests run: 2, Failures: 0, Errors: 0, Skipped: 0, Time elapsed: 2.246 sec
Running org.springframework.data.jpa.repository.EclipseLinkNamespaceUserRepositoryTests
Tests run: 134, Failures: 0, Errors: 0, Skipped: 2, Time elapsed: 6.931 sec
Running org.springframework.data.jpa.repository.EclipseLinkUserRepositoryFinderTests
Tests run: 12, Failures: 0, Errors: 0, Skipped: 0, Time elapsed: 0.278 sec
Running org.springframework.data.jpa.repository.EclipseLinkStoredProcedureIntegrationTests
Tests run: 12, Failures: 0, Errors: 0, Skipped: 4, Time elapsed: 1.34 sec
Running org.springframework.data.jpa.infrastructure.EclipseLinkMetamodelIntegrationTests
Tests run: 3, Failures: 0, Errors: 0, Skipped: 2, Time elapsed: 0.004 sec

Results :

Tests run: 192, Failures: 0, Errors: 0, Skipped: 9

[INFO] 
[INFO] --- maven-surefire-plugin:2.12:test (openjpa-tests) @ spring-data-jpa ---
[INFO] Surefire report directory: /home/travis/build/spring-projects/spring-data-jpa/target/surefire-reports

-------------------------------------------------------
 T E S T S
-------------------------------------------------------
Running org.springframework.data.jpa.repository.support.OpenJpaMetamodelEntityInformationIntegrationTests
Failed to instantiate [ch.qos.logback.classic.LoggerContext]
Reported exception:
java.lang.LinkageError: loader constraint violation: when resolving method "javax.xml.parsers.SAXParser.parse(Lorg/xml/sax/InputSource;Lorg/xml/sax/helpers/DefaultHandler;)V" the class loader (instance of org/apache/openjpa/lib/util/TemporaryClassLoader) of the current class, ch/qos/logback/core/joran/event/SaxEventRecorder, and the class loader (instance of <bootloader>) for the method's defining class, javax/xml/parsers/SAXParser, have different Class objects for the type org/xml/sax/InputSource used in the signature
	at ch.qos.logback.core.joran.event.SaxEventRecorder.recordEvents(SaxEventRecorder.java:61)
	at ch.qos.logback.core.joran.GenericConfigurator.doConfigure(GenericConfigurator.java:134)
	at ch.qos.logback.core.joran.GenericConfigurator.doConfigure(GenericConfigurator.java:99)
	at ch.qos.logback.core.joran.GenericConfigurator.doConfigure(GenericConfigurator.java:49)
	at ch.qos.logback.classic.util.ContextInitializer.configureByResource(ContextInitializer.java:77)
	at ch.qos.logback.classic.util.ContextInitializer.autoConfig(ContextInitializer.java:152)
	at org.slf4j.impl.StaticLoggerBinder.init(StaticLoggerBinder.java:85)
	at org.slf4j.impl.StaticLoggerBinder.<clinit>(StaticLoggerBinder.java:55)
	at org.slf4j.LoggerFactory.bind(LoggerFactory.java:141)
	at org.slf4j.LoggerFactory.performInitialization(LoggerFactory.java:120)
	at org.slf4j.LoggerFactory.getILoggerFactory(LoggerFactory.java:331)
	at org.slf4j.LoggerFactory.getLogger(LoggerFactory.java:283)
	at org.apache.commons.logging.impl.SLF4JLogFactory.getInstance(SLF4JLogFactory.java:155)
	at org.apache.commons.logging.impl.SLF4JLogFactory.getInstance(SLF4JLogFactory.java:132)
	at org.apache.commons.logging.LogFactory.getLog(LogFactory.java:273)
	at org.springframework.beans.factory.wiring.BeanConfigurerSupport.<init>(BeanConfigurerSupport.java:52)
	at org.springframework.beans.factory.aspectj.AnnotationBeanConfigurerAspect.<init>(AnnotationBeanConfigurerAspect.aj:50)
	at org.springframework.beans.factory.aspectj.AnnotationBeanConfigurerAspect.ajc$postClinit(AnnotationBeanConfigurerAspect.aj:1)
	at org.springframework.beans.factory.aspectj.AnnotationBeanConfigurerAspect.<clinit>(AnnotationBeanConfigurerAspect.aj:47)
	at org.springframework.data.jpa.domain.support.AuditingEntityListener.<init>(AuditingEntityListener.java:59)
	at sun.reflect.NativeConstructorAccessorImpl.newInstance0(Native Method)
	at sun.reflect.NativeConstructorAccessorImpl.newInstance(NativeConstructorAccessorImpl.java:62)
	at sun.reflect.DelegatingConstructorAccessorImpl.newInstance(DelegatingConstructorAccessorImpl.java:45)
	at java.lang.reflect.Constructor.newInstance(Constructor.java:408)
	at java.lang.Class.newInstance(Class.java:438)
	at org.apache.openjpa.lib.util.J2DoPrivHelper$11.run(J2DoPrivHelper.java:373)
	at java.security.AccessController.doPrivileged(Native Method)
	at org.apache.openjpa.event.BeanLifecycleCallbacks.newListener(BeanLifecycleCallbacks.java:66)
	at org.apache.openjpa.event.BeanLifecycleCallbacks.<init>(BeanLifecycleCallbacks.java:61)
	at org.apache.openjpa.persistence.AnnotationPersistenceMetaDataParser.parseCallbackMethods(AnnotationPersistenceMetaDataParser.java:1004)
	at org.apache.openjpa.persistence.XMLPersistenceMetaDataParser.startEntityListener(XMLPersistenceMetaDataParser.java:2050)
	at org.apache.openjpa.persistence.XMLPersistenceMetaDataParser.startSystemElement(XMLPersistenceMetaDataParser.java:654)
	at org.apache.openjpa.lib.meta.CFMetaDataParser.startElement(CFMetaDataParser.java:129)
	at org.apache.openjpa.lib.meta.XMLMetaDataParser.startElement(XMLMetaDataParser.java:499)
	at com.sun.org.apache.xerces.internal.parsers.AbstractSAXParser.startElement(AbstractSAXParser.java:509)
	at com.sun.org.apache.xerces.internal.parsers.AbstractXMLDocumentParser.emptyElement(AbstractXMLDocumentParser.java:182)
	at com.sun.org.apache.xerces.internal.impl.xs.XMLSchemaValidator.emptyElement(XMLSchemaValidator.java:780)
	at com.sun.org.apache.xerces.internal.impl.XMLNSDocumentScannerImpl.scanStartElement(XMLNSDocumentScannerImpl.java:356)
	at com.sun.org.apache.xerces.internal.impl.XMLDocumentFragmentScannerImpl$FragmentContentDriver.next(XMLDocumentFragmentScannerImpl.java:2786)
	at com.sun.org.apache.xerces.internal.impl.XMLDocumentScannerImpl.next(XMLDocumentScannerImpl.java:606)
	at com.sun.org.apache.xerces.internal.impl.XMLNSDocumentScannerImpl.next(XMLNSDocumentScannerImpl.java:117)
	at com.sun.org.apache.xerces.internal.impl.XMLDocumentFragmentScannerImpl.scanDocument(XMLDocumentFragmentScannerImpl.java:510)
	at com.sun.org.apache.xerces.internal.parsers.XML11Configuration.parse(XML11Configuration.java:848)
	at com.sun.org.apache.xerces.internal.parsers.XML11Configuration.parse(XML11Configuration.java:777)
	at com.sun.org.apache.xerces.internal.parsers.XMLParser.parse(XMLParser.java:141)
	at com.sun.org.apache.xerces.internal.parsers.AbstractSAXParser.parse(AbstractSAXParser.java:1213)
	at com.sun.org.apache.xerces.internal.jaxp.SAXParserImpl$JAXPSAXParser.parse(SAXParserImpl.java:649)
	at com.sun.org.apache.xerces.internal.jaxp.SAXParserImpl.parse(SAXParserImpl.java:333)
	at org.apache.openjpa.lib.meta.XMLMetaDataParser.parseNewResource(XMLMetaDataParser.java:424)
	at org.apache.openjpa.lib.meta.XMLMetaDataParser.parse(XMLMetaDataParser.java:347)
	at org.apache.openjpa.lib.meta.XMLMetaDataParser.parse(XMLMetaDataParser.java:324)
	at org.apache.openjpa.lib.meta.XMLMetaDataParser.parse(XMLMetaDataParser.java:297)
	at org.apache.openjpa.persistence.XMLPersistenceMetaDataParser.parse(XMLPersistenceMetaDataParser.java:406)
	at org.apache.openjpa.persistence.PersistenceMetaDataFactory.parseXML(PersistenceMetaDataFactory.java:293)
	at org.apache.openjpa.persistence.PersistenceMetaDataFactory.load(PersistenceMetaDataFactory.java:228)
	at org.apache.openjpa.meta.MetaDataRepository.getMetaDataInternal(MetaDataRepository.java:587)
	at org.apache.openjpa.meta.MetaDataRepository.getMetaDataInternal(MetaDataRepository.java:397)
	at org.apache.openjpa.meta.MetaDataRepository.getMetaData(MetaDataRepository.java:389)
	at org.apache.openjpa.enhance.PCEnhancer.<init>(PCEnhancer.java:286)
	at org.apache.openjpa.enhance.PCEnhancer.<init>(PCEnhancer.java:257)
	at org.apache.openjpa.enhance.PCClassFileTransformer.transform0(PCClassFileTransformer.java:146)
	at org.apache.openjpa.enhance.PCClassFileTransformer.transform(PCClassFileTransformer.java:126)
	at sun.instrument.TransformerManager.transform(TransformerManager.java:188)
	at sun.instrument.InstrumentationImpl.transform(InstrumentationImpl.java:428)
	at java.lang.ClassLoader.defineClass1(Native Method)
	at java.lang.ClassLoader.defineClass(ClassLoader.java:760)
	at java.security.SecureClassLoader.defineClass(SecureClassLoader.java:142)
	at java.net.URLClassLoader.defineClass(URLClassLoader.java:455)
	at java.net.URLClassLoader.access$100(URLClassLoader.java:73)
	at java.net.URLClassLoader$1.run(URLClassLoader.java:367)
	at java.net.URLClassLoader$1.run(URLClassLoader.java:361)
	at java.security.AccessController.doPrivileged(Native Method)
	at java.net.URLClassLoader.findClass(URLClassLoader.java:360)
	at java.lang.ClassLoader.loadClass(ClassLoader.java:424)
	at sun.misc.Launcher$AppClassLoader.loadClass(Launcher.java:308)
	at java.lang.ClassLoader.loadClass(ClassLoader.java:357)
	at org.springframework.data.jpa.repository.support.JpaMetamodelEntityInformationIntegrationTests.detectsIdTypeForMappedSuperclass(JpaMetamodelEntityInformationIntegrationTests.java:86)
	at org.springframework.data.jpa.repository.support.OpenJpaMetamodelEntityInformationIntegrationTests.reactivatedDetectsIdTypeForMappedSuperclass(OpenJpaMetamodelEntityInformationIntegrationTests.java:35)
	at sun.reflect.NativeMethodAccessorImpl.invoke0(Native Method)
	at sun.reflect.NativeMethodAccessorImpl.invoke(NativeMethodAccessorImpl.java:62)
	at sun.reflect.DelegatingMethodAccessorImpl.invoke(DelegatingMethodAccessorImpl.java:43)
	at java.lang.reflect.Method.invoke(Method.java:483)
	at org.junit.runners.model.FrameworkMethod$1.runReflectiveCall(FrameworkMethod.java:50)
	at org.junit.internal.runners.model.ReflectiveCallable.run(ReflectiveCallable.java:12)
	at org.junit.runners.model.FrameworkMethod.invokeExplosively(FrameworkMethod.java:47)
	at org.junit.internal.runners.statements.InvokeMethod.evaluate(InvokeMethod.java:17)
	at org.springframework.test.context.junit4.statements.RunBeforeTestMethodCallbacks.evaluate(RunBeforeTestMethodCallbacks.java:73)
	at org.springframework.test.context.junit4.statements.RunAfterTestMethodCallbacks.evaluate(RunAfterTestMethodCallbacks.java:82)
	at org.springframework.test.context.junit4.statements.SpringRepeat.evaluate(SpringRepeat.java:73)
	at org.junit.runners.ParentRunner.runLeaf(ParentRunner.java:325)
	at org.springframework.test.context.junit4.SpringJUnit4ClassRunner.runChild(SpringJUnit4ClassRunner.java:224)
	at org.springframework.test.context.junit4.SpringJUnit4ClassRunner.runChild(SpringJUnit4ClassRunner.java:83)
	at org.junit.runners.ParentRunner$3.run(ParentRunner.java:290)
	at org.junit.runners.ParentRunner$1.schedule(ParentRunner.java:71)
	at org.junit.runners.ParentRunner.runChildren(ParentRunner.java:288)
	at org.junit.runners.ParentRunner.access$000(ParentRunner.java:58)
	at org.junit.runners.ParentRunner$2.evaluate(ParentRunner.java:268)
	at org.springframework.test.context.junit4.statements.RunBeforeTestClassCallbacks.evaluate(RunBeforeTestClassCallbacks.java:61)
	at org.springframework.test.context.junit4.statements.RunAfterTestClassCallbacks.evaluate(RunAfterTestClassCallbacks.java:68)
	at org.junit.runners.ParentRunner.run(ParentRunner.java:363)
	at org.springframework.test.context.junit4.SpringJUnit4ClassRunner.run(SpringJUnit4ClassRunner.java:163)
	at org.apache.maven.surefire.junit4.JUnit4Provider.execute(JUnit4Provider.java:236)
	at org.apache.maven.surefire.junit4.JUnit4Provider.executeTestSet(JUnit4Provider.java:134)
	at org.apache.maven.surefire.junit4.JUnit4Provider.invoke(JUnit4Provider.java:113)
	at sun.reflect.NativeMethodAccessorImpl.invoke0(Native Method)
	at sun.reflect.NativeMethodAccessorImpl.invoke(NativeMethodAccessorImpl.java:62)
	at sun.reflect.DelegatingMethodAccessorImpl.invoke(DelegatingMethodAccessorImpl.java:43)
	at java.lang.reflect.Method.invoke(Method.java:483)
	at org.apache.maven.surefire.util.ReflectionUtils.invokeMethodWithArray(ReflectionUtils.java:189)
	at org.apache.maven.surefire.booter.ProviderFactory$ProviderProxy.invoke(ProviderFactory.java:165)
	at org.apache.maven.surefire.booter.ProviderFactory.invokeProvider(ProviderFactory.java:85)
	at org.apache.maven.surefire.booter.ForkedBooter.runSuitesInProcess(ForkedBooter.java:103)
	at org.apache.maven.surefire.booter.ForkedBooter.main(ForkedBooter.java:74)
3240  spring-data-jpa  WARN   [main] openjpa.Runtime - Found no persistent property in "org.springframework.data.jpa.domain.sample.CustomAbstractPersistable"
3785  spring-data-jpa  WARN   [main] openjpa.Runtime - Found no persistent property in "org.springframework.data.jpa.domain.sample.ConcreteType1"
3854  spring-data-jpa  WARN   [main] openjpa.Runtime - Found no persistent property in "org.springframework.data.jpa.domain.sample.ConcreteType2"
4098  spring-data-jpa  WARN   [main] openjpa.Runtime - Found no persistent property in "org.springframework.data.jpa.domain.sample.AnnotatedAuditableUser"
4333  spring-data-jpa  WARN   [main] openjpa.Runtime - Found no persistent property in "org.springframework.data.jpa.domain.sample.Account"
4432  spring-data-jpa  WARN   [main] openjpa.Runtime - Found no persistent property in "org.springframework.data.jpa.domain.sample.SpecialUser"
Tests run: 15, Failures: 0, Errors: 0, Skipped: 1, Time elapsed: 4.302 sec
Running org.springframework.data.jpa.repository.support.OpenJpaProxyIdAccessorTests
Tests run: 1, Failures: 0, Errors: 0, Skipped: 0, Time elapsed: 4.713 sec
Running org.springframework.data.jpa.repository.support.OpenJpaJpaRepositoryTests
Tests run: 4, Failures: 0, Errors: 0, Skipped: 0, Time elapsed: 1.23 sec
Running org.springframework.data.jpa.repository.query.OpenJpaQueryUtilsIntegrationTests
Failed to instantiate [ch.qos.logback.classic.LoggerContext]
Reported exception:
java.lang.LinkageError: loader constraint violation: when resolving method "javax.xml.parsers.SAXParser.parse(Lorg/xml/sax/InputSource;Lorg/xml/sax/helpers/DefaultHandler;)V" the class loader (instance of org/apache/openjpa/lib/util/TemporaryClassLoader) of the current class, ch/qos/logback/core/joran/event/SaxEventRecorder, and the class loader (instance of <bootloader>) for the method's defining class, javax/xml/parsers/SAXParser, have different Class objects for the type org/xml/sax/InputSource used in the signature
	at ch.qos.logback.core.joran.event.SaxEventRecorder.recordEvents(SaxEventRecorder.java:61)
	at ch.qos.logback.core.joran.GenericConfigurator.doConfigure(GenericConfigurator.java:134)
	at ch.qos.logback.core.joran.GenericConfigurator.doConfigure(GenericConfigurator.java:99)
	at ch.qos.logback.core.joran.GenericConfigurator.doConfigure(GenericConfigurator.java:49)
	at ch.qos.logback.classic.util.ContextInitializer.configureByResource(ContextInitializer.java:77)
	at ch.qos.logback.classic.util.ContextInitializer.autoConfig(ContextInitializer.java:152)
	at org.slf4j.impl.StaticLoggerBinder.init(StaticLoggerBinder.java:85)
	at org.slf4j.impl.StaticLoggerBinder.<clinit>(StaticLoggerBinder.java:55)
	at org.slf4j.LoggerFactory.bind(LoggerFactory.java:141)
	at org.slf4j.LoggerFactory.performInitialization(LoggerFactory.java:120)
	at org.slf4j.LoggerFactory.getILoggerFactory(LoggerFactory.java:331)
	at org.slf4j.LoggerFactory.getLogger(LoggerFactory.java:283)
	at org.apache.commons.logging.impl.SLF4JLogFactory.getInstance(SLF4JLogFactory.java:155)
	at org.apache.commons.logging.impl.SLF4JLogFactory.getInstance(SLF4JLogFactory.java:132)
	at org.apache.commons.logging.LogFactory.getLog(LogFactory.java:273)
	at org.springframework.beans.factory.wiring.BeanConfigurerSupport.<init>(BeanConfigurerSupport.java:52)
	at org.springframework.beans.factory.aspectj.AnnotationBeanConfigurerAspect.<init>(AnnotationBeanConfigurerAspect.aj:50)
	at org.springframework.beans.factory.aspectj.AnnotationBeanConfigurerAspect.ajc$postClinit(AnnotationBeanConfigurerAspect.aj:1)
	at org.springframework.beans.factory.aspectj.AnnotationBeanConfigurerAspect.<clinit>(AnnotationBeanConfigurerAspect.aj:47)
	at org.springframework.data.jpa.domain.support.AuditingEntityListener.<init>(AuditingEntityListener.java:59)
	at sun.reflect.NativeConstructorAccessorImpl.newInstance0(Native Method)
	at sun.reflect.NativeConstructorAccessorImpl.newInstance(NativeConstructorAccessorImpl.java:62)
	at sun.reflect.DelegatingConstructorAccessorImpl.newInstance(DelegatingConstructorAccessorImpl.java:45)
	at java.lang.reflect.Constructor.newInstance(Constructor.java:408)
	at java.lang.Class.newInstance(Class.java:438)
	at org.apache.openjpa.lib.util.J2DoPrivHelper$11.run(J2DoPrivHelper.java:373)
	at java.security.AccessController.doPrivileged(Native Method)
	at org.apache.openjpa.event.BeanLifecycleCallbacks.newListener(BeanLifecycleCallbacks.java:66)
	at org.apache.openjpa.event.BeanLifecycleCallbacks.<init>(BeanLifecycleCallbacks.java:61)
	at org.apache.openjpa.persistence.AnnotationPersistenceMetaDataParser.parseCallbackMethods(AnnotationPersistenceMetaDataParser.java:1004)
	at org.apache.openjpa.persistence.XMLPersistenceMetaDataParser.startEntityListener(XMLPersistenceMetaDataParser.java:2050)
	at org.apache.openjpa.persistence.XMLPersistenceMetaDataParser.startSystemElement(XMLPersistenceMetaDataParser.java:654)
	at org.apache.openjpa.lib.meta.CFMetaDataParser.startElement(CFMetaDataParser.java:129)
	at org.apache.openjpa.lib.meta.XMLMetaDataParser.startElement(XMLMetaDataParser.java:499)
	at com.sun.org.apache.xerces.internal.parsers.AbstractSAXParser.startElement(AbstractSAXParser.java:509)
	at com.sun.org.apache.xerces.internal.parsers.AbstractXMLDocumentParser.emptyElement(AbstractXMLDocumentParser.java:182)
	at com.sun.org.apache.xerces.internal.impl.xs.XMLSchemaValidator.emptyElement(XMLSchemaValidator.java:780)
	at com.sun.org.apache.xerces.internal.impl.XMLNSDocumentScannerImpl.scanStartElement(XMLNSDocumentScannerImpl.java:356)
	at com.sun.org.apache.xerces.internal.impl.XMLDocumentFragmentScannerImpl$FragmentContentDriver.next(XMLDocumentFragmentScannerImpl.java:2786)
	at com.sun.org.apache.xerces.internal.impl.XMLDocumentScannerImpl.next(XMLDocumentScannerImpl.java:606)
	at com.sun.org.apache.xerces.internal.impl.XMLNSDocumentScannerImpl.next(XMLNSDocumentScannerImpl.java:117)
	at com.sun.org.apache.xerces.internal.impl.XMLDocumentFragmentScannerImpl.scanDocument(XMLDocumentFragmentScannerImpl.java:510)
	at com.sun.org.apache.xerces.internal.parsers.XML11Configuration.parse(XML11Configuration.java:848)
	at com.sun.org.apache.xerces.internal.parsers.XML11Configuration.parse(XML11Configuration.java:777)
	at com.sun.org.apache.xerces.internal.parsers.XMLParser.parse(XMLParser.java:141)
	at com.sun.org.apache.xerces.internal.parsers.AbstractSAXParser.parse(AbstractSAXParser.java:1213)
	at com.sun.org.apache.xerces.internal.jaxp.SAXParserImpl$JAXPSAXParser.parse(SAXParserImpl.java:649)
	at com.sun.org.apache.xerces.internal.jaxp.SAXParserImpl.parse(SAXParserImpl.java:333)
	at org.apache.openjpa.lib.meta.XMLMetaDataParser.parseNewResource(XMLMetaDataParser.java:424)
	at org.apache.openjpa.lib.meta.XMLMetaDataParser.parse(XMLMetaDataParser.java:347)
	at org.apache.openjpa.lib.meta.XMLMetaDataParser.parse(XMLMetaDataParser.java:324)
	at org.apache.openjpa.lib.meta.XMLMetaDataParser.parse(XMLMetaDataParser.java:297)
	at org.apache.openjpa.persistence.XMLPersistenceMetaDataParser.parse(XMLPersistenceMetaDataParser.java:406)
	at org.apache.openjpa.persistence.PersistenceMetaDataFactory.parseXML(PersistenceMetaDataFactory.java:293)
	at org.apache.openjpa.persistence.PersistenceMetaDataFactory.load(PersistenceMetaDataFactory.java:228)
	at org.apache.openjpa.meta.MetaDataRepository.getMetaDataInternal(MetaDataRepository.java:587)
	at org.apache.openjpa.meta.MetaDataRepository.getMetaDataInternal(MetaDataRepository.java:397)
	at org.apache.openjpa.meta.MetaDataRepository.getMetaData(MetaDataRepository.java:389)
	at org.apache.openjpa.enhance.PCEnhancer.<init>(PCEnhancer.java:286)
	at org.apache.openjpa.enhance.PCEnhancer.<init>(PCEnhancer.java:257)
	at org.apache.openjpa.enhance.PCClassFileTransformer.transform0(PCClassFileTransformer.java:146)
	at org.apache.openjpa.enhance.PCClassFileTransformer.transform(PCClassFileTransformer.java:126)
	at sun.instrument.TransformerManager.transform(TransformerManager.java:188)
	at sun.instrument.InstrumentationImpl.transform(InstrumentationImpl.java:428)
	at java.lang.ClassLoader.defineClass1(Native Method)
	at java.lang.ClassLoader.defineClass(ClassLoader.java:760)
	at java.security.SecureClassLoader.defineClass(SecureClassLoader.java:142)
	at java.net.URLClassLoader.defineClass(URLClassLoader.java:455)
	at java.net.URLClassLoader.access$100(URLClassLoader.java:73)
	at java.net.URLClassLoader$1.run(URLClassLoader.java:367)
	at java.net.URLClassLoader$1.run(URLClassLoader.java:361)
	at java.security.AccessController.doPrivileged(Native Method)
	at java.net.URLClassLoader.findClass(URLClassLoader.java:360)
	at java.lang.ClassLoader.loadClass(ClassLoader.java:424)
	at sun.misc.Launcher$AppClassLoader.loadClass(Launcher.java:308)
	at java.lang.ClassLoader.loadClass(ClassLoader.java:357)
	at org.hibernate.util.ReflectHelper.classForName(ReflectHelper.java:165)
	at org.hibernate.ejb.Ejb3Configuration.classForName(Ejb3Configuration.java:1302)
	at org.hibernate.ejb.Ejb3Configuration.addNamedAnnotatedClasses(Ejb3Configuration.java:1374)
	at org.hibernate.ejb.Ejb3Configuration.addClassesToSessionFactory(Ejb3Configuration.java:1159)
	at org.hibernate.ejb.Ejb3Configuration.configure(Ejb3Configuration.java:1004)
	at org.hibernate.ejb.Ejb3Configuration.configure(Ejb3Configuration.java:282)
	at org.hibernate.ejb.Ejb3Configuration.configure(Ejb3Configuration.java:366)
	at org.hibernate.ejb.HibernatePersistence.createEntityManagerFactory(HibernatePersistence.java:56)
	at javax.persistence.Persistence.createEntityManagerFactory(Persistence.java:79)
	at javax.persistence.Persistence.createEntityManagerFactory(Persistence.java:54)
	at org.springframework.data.jpa.repository.query.QueryUtilsIntegrationTests.traversesPluralAttributeCorrectly(QueryUtilsIntegrationTests.java:133)
	at sun.reflect.NativeMethodAccessorImpl.invoke0(Native Method)
	at sun.reflect.NativeMethodAccessorImpl.invoke(NativeMethodAccessorImpl.java:62)
	at sun.reflect.DelegatingMethodAccessorImpl.invoke(DelegatingMethodAccessorImpl.java:43)
	at java.lang.reflect.Method.invoke(Method.java:483)
	at org.junit.runners.model.FrameworkMethod$1.runReflectiveCall(FrameworkMethod.java:50)
	at org.junit.internal.runners.model.ReflectiveCallable.run(ReflectiveCallable.java:12)
	at org.junit.runners.model.FrameworkMethod.invokeExplosively(FrameworkMethod.java:47)
	at org.junit.internal.runners.statements.InvokeMethod.evaluate(InvokeMethod.java:17)
	at org.springframework.test.context.junit4.statements.RunBeforeTestMethodCallbacks.evaluate(RunBeforeTestMethodCallbacks.java:73)
	at org.springframework.test.context.junit4.statements.RunAfterTestMethodCallbacks.evaluate(RunAfterTestMethodCallbacks.java:82)
	at org.springframework.test.context.junit4.statements.SpringRepeat.evaluate(SpringRepeat.java:73)
	at org.junit.runners.ParentRunner.runLeaf(ParentRunner.java:325)
	at org.springframework.test.context.junit4.SpringJUnit4ClassRunner.runChild(SpringJUnit4ClassRunner.java:224)
	at org.springframework.test.context.junit4.SpringJUnit4ClassRunner.runChild(SpringJUnit4ClassRunner.java:83)
	at org.junit.runners.ParentRunner$3.run(ParentRunner.java:290)
	at org.junit.runners.ParentRunner$1.schedule(ParentRunner.java:71)
	at org.junit.runners.ParentRunner.runChildren(ParentRunner.java:288)
	at org.junit.runners.ParentRunner.access$000(ParentRunner.java:58)
	at org.junit.runners.ParentRunner$2.evaluate(ParentRunner.java:268)
	at org.springframework.test.context.junit4.statements.RunBeforeTestClassCallbacks.evaluate(RunBeforeTestClassCallbacks.java:61)
	at org.springframework.test.context.junit4.statements.RunAfterTestClassCallbacks.evaluate(RunAfterTestClassCallbacks.java:68)
	at org.junit.runners.ParentRunner.run(ParentRunner.java:363)
	at org.springframework.test.context.junit4.SpringJUnit4ClassRunner.run(SpringJUnit4ClassRunner.java:163)
	at org.apache.maven.surefire.junit4.JUnit4Provider.execute(JUnit4Provider.java:236)
	at org.apache.maven.surefire.junit4.JUnit4Provider.executeTestSet(JUnit4Provider.java:134)
	at org.apache.maven.surefire.junit4.JUnit4Provider.invoke(JUnit4Provider.java:113)
	at sun.reflect.NativeMethodAccessorImpl.invoke0(Native Method)
	at sun.reflect.NativeMethodAccessorImpl.invoke(NativeMethodAccessorImpl.java:62)
	at sun.reflect.DelegatingMethodAccessorImpl.invoke(DelegatingMethodAccessorImpl.java:43)
	at java.lang.reflect.Method.invoke(Method.java:483)
	at org.apache.maven.surefire.util.ReflectionUtils.invokeMethodWithArray(ReflectionUtils.java:189)
	at org.apache.maven.surefire.booter.ProviderFactory$ProviderProxy.invoke(ProviderFactory.java:165)
	at org.apache.maven.surefire.booter.ProviderFactory.invokeProvider(ProviderFactory.java:85)
	at org.apache.maven.surefire.booter.ForkedBooter.runSuitesInProcess(ForkedBooter.java:103)
	at org.apache.maven.surefire.booter.ForkedBooter.main(ForkedBooter.java:74)
Tests run: 5, Failures: 0, Errors: 0, Skipped: 0, Time elapsed: 2.427 sec
Running org.springframework.data.jpa.repository.OpenJpaStoredProcedureIntegrationTests
Tests run: 1, Failures: 0, Errors: 0, Skipped: 1, Time elapsed: 0 sec
Running org.springframework.data.jpa.repository.OpenJpaUserRepositoryFinderTests
Tests run: 12, Failures: 0, Errors: 0, Skipped: 0, Time elapsed: 4.31 sec
Running org.springframework.data.jpa.repository.OpenJpaEntityGraphRepositoryMethodsIntegrationTests
Tests run: 4, Failures: 0, Errors: 0, Skipped: 4, Time elapsed: 3.304 sec
Running org.springframework.data.jpa.repository.OpenJpaParentRepositoryIntegrationTests
Tests run: 2, Failures: 0, Errors: 0, Skipped: 0, Time elapsed: 0.108 sec
Running org.springframework.data.jpa.repository.OpenJpaNamespaceUserRepositoryTests
Tests run: 136, Failures: 0, Errors: 0, Skipped: 3, Time elapsed: 5.747 sec
Running org.springframework.data.jpa.infrastructure.OpenJpaMetamodelIntegrationTests
Tests run: 3, Failures: 0, Errors: 0, Skipped: 1, Time elapsed: 0.008 sec

Results :

Tests run: 183, Failures: 0, Errors: 0, Skipped: 10

[INFO] ------------------------------------------------------------------------
[INFO] BUILD SUCCESS
[INFO] ------------------------------------------------------------------------
[INFO] Total time: 03:21 min
[INFO] Finished at: 2015-06-02T08:10:37+00:00
[INFO] Final Memory: 34M/385M
[INFO] ------------------------------------------------------------------------
travis_time:end:145d24dc:start=1433232434159530580,finish=1433232638877330701,duration=204717800121[0K
[32;1mThe command "mvn clean dependency:list test -P${PROFILE} -Dsort" exited with 0.[0m
travis_fold:start:cache.2[0Kstore build cache
travis_time:start:0ffa52c8[0Kchange detected: /home/travis/.m2/repository/com/mysema/querydsl/querydsl-apt/3.6.3/querydsl-apt-3.6.3.pom
changes detected, packing new archive
uploading archive
travis_time:end:0ffa52c8:start=1433232638881702599,finish=1433232696903373802,duration=58021671203[0Ktravis_fold:end:cache.2[0K
Done. Your build exited with 0.
