Using worker: worker-linux-docker-510c3ca8.prod.travis-ci.org:travis-linux-12

travis_fold:start:system_info[0K[33;1mBuild system information[0m
Build language: java
Build group: stable
Build dist: precise
[34m[1mBuild image provisioning date and time[0m
Thu Feb  5 15:09:33 UTC 2015
[34m[1mOperating System Details[0m
Distributor ID:	Ubuntu
Description:	Ubuntu 12.04.5 LTS
Release:	12.04
Codename:	precise
[34m[1mLinux Version[0m
3.13.0-29-generic
[34m[1mCookbooks Version[0m
a68419e https://github.com/travis-ci/travis-cookbooks/tree/a68419e
[34m[1mGCC version[0m
gcc (Ubuntu/Linaro 4.6.3-1ubuntu5) 4.6.3
Copyright (C) 2011 Free Software Foundation, Inc.
This is free software; see the source for copying conditions.  There is NO
warranty; not even for MERCHANTABILITY or FITNESS FOR A PARTICULAR PURPOSE.

[34m[1mLLVM version[0m
clang version 3.4 (tags/RELEASE_34/final)
Target: x86_64-unknown-linux-gnu
Thread model: posix
[34m[1mPre-installed Ruby versions[0m
ruby-1.9.3-p551
[34m[1mPre-installed Node.js versions[0m
v0.10.36
[34m[1mPre-installed Go versions[0m
1.4.1
[34m[1mRedis version[0m
redis-server 2.8.19
[34m[1mriak version[0m
2.0.2
[34m[1mMongoDB version[0m
MongoDB 2.4.12
[34m[1mCouchDB version[0m
couchdb 1.6.1
[34m[1mNeo4j version[0m
1.9.4
[34m[1mRabbitMQ Version[0m
3.4.3
[34m[1mElasticSearch version[0m
1.4.0
[34m[1mInstalled Sphinx versions[0m
2.0.10
2.1.9
2.2.6
[34m[1mDefault Sphinx version[0m
2.2.6
[34m[1mInstalled Firefox version[0m
firefox 31.0esr
[34m[1mPhantomJS version[0m
1.9.8
[34m[1mant -version[0m
Apache Ant(TM) version 1.8.2 compiled on December 3 2011
[34m[1mmvn -version[0m
Apache Maven 3.2.5 (12a6b3acb947671f09b81f49094c53f426d8cea1; 2014-12-14T17:29:23+00:00)
Maven home: /usr/local/maven
Java version: 1.7.0_76, vendor: Oracle Corporation
Java home: /usr/lib/jvm/java-7-oracle/jre
Default locale: en_US, platform encoding: ANSI_X3.4-1968
OS name: "linux", version: "3.13.0-29-generic", arch: "amd64", family: "unix"
travis_fold:end:system_info[0K
travis_fold:start:fix.CVE-2015-7547[0K$ export DEBIAN_FRONTEND=noninteractive
W: Size of file /var/lib/apt/lists/us.archive.ubuntu.com_ubuntu_dists_precise-backports_multiverse_source_Sources.gz is not what the server reported 5886 5888
W: Size of file /var/lib/apt/lists/ppa.launchpad.net_ubuntugis_ppa_ubuntu_dists_precise_main_binary-amd64_Packages.gz is not what the server reported 36669 36677
W: Size of file /var/lib/apt/lists/ppa.launchpad.net_ubuntugis_ppa_ubuntu_dists_precise_main_binary-i386_Packages.gz is not what the server reported 36729 36733
Reading package lists...
Building dependency tree...
Reading state information...
The following extra packages will be installed:
  libc-bin libc-dev-bin libc6-dev
Suggested packages:
  glibc-doc
The following packages will be upgraded:
  libc-bin libc-dev-bin libc6 libc6-dev
4 upgraded, 0 newly installed, 0 to remove and 232 not upgraded.
Need to get 8,844 kB of archives.
After this operation, 9,216 B disk space will be freed.
Get:1 http://us.archive.ubuntu.com/ubuntu/ precise-updates/main libc6-dev amd64 2.15-0ubuntu10.13 [2,943 kB]
Get:2 http://us.archive.ubuntu.com/ubuntu/ precise-updates/main libc-dev-bin amd64 2.15-0ubuntu10.13 [84.7 kB]
Get:3 http://us.archive.ubuntu.com/ubuntu/ precise-updates/main libc-bin amd64 2.15-0ubuntu10.13 [1,179 kB]
Get:4 http://us.archive.ubuntu.com/ubuntu/ precise-updates/main libc6 amd64 2.15-0ubuntu10.13 [4,637 kB]
Fetched 8,844 kB in 0s (38.5 MB/s)
Preconfiguring packages ...
(Reading database ... (Reading database ... 5%(Reading database ... 10%(Reading database ... 15%(Reading database ... 20%(Reading database ... 25%(Reading database ... 30%(Reading database ... 35%(Reading database ... 40%(Reading database ... 45%(Reading database ... 50%(Reading database ... 55%(Reading database ... 60%(Reading database ... 65%(Reading database ... 70%(Reading database ... 75%(Reading database ... 80%(Reading database ... 85%(Reading database ... 90%(Reading database ... 95%(Reading database ... 100%(Reading database ... 72019 files and directories currently installed.)
Preparing to replace libc6-dev 2.15-0ubuntu10.10 (using .../libc6-dev_2.15-0ubuntu10.13_amd64.deb) ...
Unpacking replacement libc6-dev ...
Preparing to replace libc-dev-bin 2.15-0ubuntu10.10 (using .../libc-dev-bin_2.15-0ubuntu10.13_amd64.deb) ...
Unpacking replacement libc-dev-bin ...
Preparing to replace libc-bin 2.15-0ubuntu10.10 (using .../libc-bin_2.15-0ubuntu10.13_amd64.deb) ...
Unpacking replacement libc-bin ...
Processing triggers for man-db ...
Setting up libc-bin (2.15-0ubuntu10.13) ...
(Reading database ... (Reading database ... 5%(Reading database ... 10%(Reading database ... 15%(Reading database ... 20%(Reading database ... 25%(Reading database ... 30%(Reading database ... 35%(Reading database ... 40%(Reading database ... 45%(Reading database ... 50%(Reading database ... 55%(Reading database ... 60%(Reading database ... 65%(Reading database ... 70%(Reading database ... 75%(Reading database ... 80%(Reading database ... 85%(Reading database ... 90%(Reading database ... 95%(Reading database ... 100%(Reading database ... 72019 files and directories currently installed.)
Preparing to replace libc6 2.15-0ubuntu10.10 (using .../libc6_2.15-0ubuntu10.13_amd64.deb) ...
Unpacking replacement libc6 ...
Setting up libc6 (2.15-0ubuntu10.13) ...
Setting up libc-dev-bin (2.15-0ubuntu10.13) ...
Setting up libc6-dev (2.15-0ubuntu10.13) ...
Processing triggers for libc-bin ...
ldconfig deferred processing now taking place
travis_fold:end:fix.CVE-2015-7547[0Ktravis_fold:start:git.checkout[0Ktravis_time:start:1f7aa8b0[0K$ git clone --depth=50 --branch=parent-pom-29 https://github.com/SonarSource/sonar-xml.git SonarSource/sonar-xml
Cloning into 'SonarSource/sonar-xml'...
remote: Counting objects: 1287, done.[K
remote: Compressing objects:   0% (1/613)   [Kremote: Compressing objects:   1% (7/613)   [Kremote: Compressing objects:   2% (13/613)   [Kremote: Compressing objects:   3% (19/613)   [Kremote: Compressing objects:   4% (25/613)   [Kremote: Compressing objects:   5% (31/613)   [Kremote: Compressing objects:   6% (37/613)   [Kremote: Compressing objects:   7% (43/613)   [Kremote: Compressing objects:   8% (50/613)   [Kremote: Compressing objects:   9% (56/613)   [Kremote: Compressing objects:  10% (62/613)   [Kremote: Compressing objects:  11% (68/613)   [Kremote: Compressing objects:  12% (74/613)   [Kremote: Compressing objects:  13% (80/613)   [Kremote: Compressing objects:  14% (86/613)   [Kremote: Compressing objects:  15% (92/613)   [Kremote: Compressing objects:  16% (99/613)   [Kremote: Compressing objects:  17% (105/613)   [Kremote: Compressing objects:  18% (111/613)   [Kremote: Compressing objects:  19% (117/613)   [Kremote: Compressing objects:  20% (123/613)   [Kremote: Compressing objects:  21% (129/613)   [Kremote: Compressing objects:  22% (135/613)   [Kremote: Compressing objects:  23% (141/613)   [Kremote: Compressing objects:  24% (148/613)   [Kremote: Compressing objects:  25% (154/613)   [Kremote: Compressing objects:  26% (160/613)   [Kremote: Compressing objects:  27% (166/613)   [Kremote: Compressing objects:  28% (172/613)   [Kremote: Compressing objects:  29% (178/613)   [Kremote: Compressing objects:  30% (184/613)   [Kremote: Compressing objects:  31% (191/613)   [Kremote: Compressing objects:  32% (197/613)   [Kremote: Compressing objects:  33% (203/613)   [Kremote: Compressing objects:  34% (209/613)   [Kremote: Compressing objects:  35% (215/613)   [Kremote: Compressing objects:  36% (221/613)   [Kremote: Compressing objects:  37% (227/613)   [Kremote: Compressing objects:  38% (233/613)   [Kremote: Compressing objects:  39% (240/613)   [Kremote: Compressing objects:  40% (246/613)   [Kremote: Compressing objects:  41% (252/613)   [Kremote: Compressing objects:  42% (258/613)   [Kremote: Compressing objects:  43% (264/613)   [Kremote: Compressing objects:  44% (270/613)   [Kremote: Compressing objects:  45% (276/613)   [Kremote: Compressing objects:  46% (282/613)   [Kremote: Compressing objects:  47% (289/613)   [Kremote: Compressing objects:  48% (295/613)   [Kremote: Compressing objects:  49% (301/613)   [Kremote: Compressing objects:  50% (307/613)   [Kremote: Compressing objects:  51% (313/613)   [Kremote: Compressing objects:  52% (319/613)   [Kremote: Compressing objects:  53% (325/613)   [Kremote: Compressing objects:  54% (332/613)   [Kremote: Compressing objects:  55% (338/613)   [Kremote: Compressing objects:  56% (344/613)   [Kremote: Compressing objects:  57% (350/613)   [Kremote: Compressing objects:  58% (356/613)   [Kremote: Compressing objects:  59% (362/613)   [Kremote: Compressing objects:  60% (368/613)   [Kremote: Compressing objects:  61% (374/613)   [Kremote: Compressing objects:  62% (381/613)   [Kremote: Compressing objects:  63% (387/613)   [Kremote: Compressing objects:  64% (393/613)   [Kremote: Compressing objects:  65% (399/613)   [Kremote: Compressing objects:  66% (405/613)   [Kremote: Compressing objects:  67% (411/613)   [Kremote: Compressing objects:  68% (417/613)   [Kremote: Compressing objects:  69% (423/613)   [Kremote: Compressing objects:  70% (430/613)   [Kremote: Compressing objects:  71% (436/613)   [Kremote: Compressing objects:  72% (442/613)   [Kremote: Compressing objects:  73% (448/613)   [Kremote: Compressing objects:  74% (454/613)   [Kremote: Compressing objects:  75% (460/613)   [Kremote: Compressing objects:  76% (466/613)   [Kremote: Compressing objects:  77% (473/613)   [Kremote: Compressing objects:  78% (479/613)   [Kremote: Compressing objects:  79% (485/613)   [Kremote: Compressing objects:  80% (491/613)   [Kremote: Compressing objects:  81% (497/613)   [Kremote: Compressing objects:  82% (503/613)   [Kremote: Compressing objects:  83% (509/613)   [Kremote: Compressing objects:  84% (515/613)   [Kremote: Compressing objects:  85% (522/613)   [Kremote: Compressing objects:  86% (528/613)   [Kremote: Compressing objects:  87% (534/613)   [Kremote: Compressing objects:  88% (540/613)   [Kremote: Compressing objects:  89% (546/613)   [Kremote: Compressing objects:  90% (552/613)   [Kremote: Compressing objects:  91% (558/613)   [Kremote: Compressing objects:  92% (564/613)   [Kremote: Compressing objects:  93% (571/613)   [Kremote: Compressing objects:  94% (577/613)   [Kremote: Compressing objects:  95% (583/613)   [Kremote: Compressing objects:  96% (589/613)   [Kremote: Compressing objects:  97% (595/613)   [Kremote: Compressing objects:  98% (601/613)   [Kremote: Compressing objects:  99% (607/613)   [Kremote: Compressing objects: 100% (613/613)   [Kremote: Compressing objects: 100% (613/613), done.[K
Receiving objects:   0% (1/1287)   Receiving objects:   1% (13/1287)   Receiving objects:   2% (26/1287)   Receiving objects:   3% (39/1287)   Receiving objects:   4% (52/1287)   Receiving objects:   5% (65/1287)   Receiving objects:   6% (78/1287)   Receiving objects:   7% (91/1287)   Receiving objects:   8% (103/1287)   Receiving objects:   9% (116/1287)   Receiving objects:  10% (129/1287)   Receiving objects:  11% (142/1287)   Receiving objects:  12% (155/1287)   Receiving objects:  13% (168/1287)   Receiving objects:  14% (181/1287)   Receiving objects:  15% (194/1287)   Receiving objects:  16% (206/1287)   Receiving objects:  17% (219/1287)   Receiving objects:  18% (232/1287)   Receiving objects:  19% (245/1287)   Receiving objects:  20% (258/1287)   Receiving objects:  21% (271/1287)   Receiving objects:  22% (284/1287)   Receiving objects:  23% (297/1287)   Receiving objects:  24% (309/1287)   Receiving objects:  25% (322/1287)   Receiving objects:  26% (335/1287)   Receiving objects:  27% (348/1287)   Receiving objects:  28% (361/1287)   Receiving objects:  29% (374/1287)   Receiving objects:  30% (387/1287)   Receiving objects:  31% (399/1287)   Receiving objects:  32% (412/1287)   Receiving objects:  33% (425/1287)   Receiving objects:  34% (438/1287)   Receiving objects:  35% (451/1287)   Receiving objects:  36% (464/1287)   Receiving objects:  37% (477/1287)   Receiving objects:  38% (490/1287)   Receiving objects:  39% (502/1287)   Receiving objects:  40% (515/1287)   Receiving objects:  41% (528/1287)   Receiving objects:  42% (541/1287)   Receiving objects:  43% (554/1287)   Receiving objects:  44% (567/1287)   Receiving objects:  45% (580/1287)   Receiving objects:  46% (593/1287)   Receiving objects:  47% (605/1287)   Receiving objects:  48% (618/1287)   Receiving objects:  49% (631/1287)   Receiving objects:  50% (644/1287)   Receiving objects:  51% (657/1287)   Receiving objects:  52% (670/1287)   Receiving objects:  53% (683/1287)   Receiving objects:  54% (695/1287)   Receiving objects:  55% (708/1287)   Receiving objects:  56% (721/1287)   Receiving objects:  57% (734/1287)   Receiving objects:  58% (747/1287)   Receiving objects:  59% (760/1287)   Receiving objects:  60% (773/1287)   Receiving objects:  61% (786/1287)   Receiving objects:  62% (798/1287)   Receiving objects:  63% (811/1287)   Receiving objects:  64% (824/1287)   Receiving objects:  65% (837/1287)   Receiving objects:  66% (850/1287)   Receiving objects:  67% (863/1287)   Receiving objects:  68% (876/1287)   Receiving objects:  69% (889/1287)   Receiving objects:  70% (901/1287)   Receiving objects:  71% (914/1287)   Receiving objects:  72% (927/1287)   Receiving objects:  73% (940/1287)   Receiving objects:  74% (953/1287)   Receiving objects:  75% (966/1287)   Receiving objects:  76% (979/1287)   Receiving objects:  77% (991/1287)   Receiving objects:  78% (1004/1287)   Receiving objects:  79% (1017/1287)   Receiving objects:  80% (1030/1287)   Receiving objects:  81% (1043/1287)   Receiving objects:  82% (1056/1287)   Receiving objects:  83% (1069/1287)   Receiving objects:  84% (1082/1287)   Receiving objects:  85% (1094/1287)   Receiving objects:  86% (1107/1287)   Receiving objects:  87% (1120/1287)   Receiving objects:  88% (1133/1287)   Receiving objects:  89% (1146/1287)   Receiving objects:  90% (1159/1287)   Receiving objects:  91% (1172/1287)   Receiving objects:  92% (1185/1287)   Receiving objects:  93% (1197/1287)   Receiving objects:  94% (1210/1287)   Receiving objects:  95% (1223/1287)   remote: Total 1287 (delta 535), reused 1052 (delta 340), pack-reused 0[K
Receiving objects:  96% (1236/1287)   Receiving objects:  97% (1249/1287)   Receiving objects:  98% (1262/1287)   Receiving objects:  99% (1275/1287)   Receiving objects: 100% (1287/1287)   Receiving objects: 100% (1287/1287), 440.11 KiB | 0 bytes/s, done.
Resolving deltas:   0% (0/535)   Resolving deltas:   2% (16/535)   Resolving deltas:   6% (37/535)   Resolving deltas:   9% (51/535)   Resolving deltas:  12% (67/535)   Resolving deltas:  14% (77/535)   Resolving deltas:  15% (83/535)   Resolving deltas:  16% (86/535)   Resolving deltas:  17% (92/535)   Resolving deltas:  18% (98/535)   Resolving deltas:  20% (107/535)   Resolving deltas:  21% (114/535)   Resolving deltas:  27% (146/535)   Resolving deltas:  28% (151/535)   Resolving deltas:  29% (158/535)   Resolving deltas:  31% (167/535)   Resolving deltas:  32% (173/535)   Resolving deltas:  34% (183/535)   Resolving deltas:  35% (189/535)   Resolving deltas:  36% (195/535)   Resolving deltas:  38% (204/535)   Resolving deltas:  42% (225/535)   Resolving deltas:  43% (232/535)   Resolving deltas:  44% (237/535)   Resolving deltas:  45% (244/535)   Resolving deltas:  46% (248/535)   Resolving deltas:  51% (273/535)   Resolving deltas:  52% (281/535)   Resolving deltas:  53% (286/535)   Resolving deltas:  54% (289/535)   Resolving deltas:  55% (298/535)   Resolving deltas:  56% (300/535)   Resolving deltas:  57% (306/535)   Resolving deltas:  74% (397/535)   Resolving deltas:  75% (402/535)   Resolving deltas:  76% (408/535)   Resolving deltas:  81% (438/535)   Resolving deltas:  82% (442/535)   Resolving deltas:  84% (450/535)   Resolving deltas:  85% (456/535)   Resolving deltas:  86% (462/535)   Resolving deltas:  87% (466/535)   Resolving deltas:  91% (491/535)   Resolving deltas:  92% (494/535)   Resolving deltas:  94% (505/535)   Resolving deltas:  98% (529/535)   Resolving deltas:  99% (532/535)   Resolving deltas: 100% (535/535)   Resolving deltas: 100% (535/535), done.
Checking connectivity... done.

travis_time:end:1f7aa8b0:start=1457436697931096771,finish=1457436698505672742,duration=574575971[0K$ cd SonarSource/sonar-xml
$ git checkout -qf 44ed1506d21fe89a754f712ee96769ef64a39415
travis_fold:end:git.checkout[0K
[33;1mThis job is running on container-based infrastructure, which does not allow use of 'sudo', setuid and setguid executables.[0m
[33;1mIf you require sudo, add 'sudo: required' to your .travis.yml[0m
[33;1mSee https://docs.travis-ci.com/user/workers/container-based-infrastructure/ for details.[0m

[33;1mSetting environment variables from .travis.yml[0m
$ export TEST=ci

$ jdk_switcher use oraclejdk7
Switching to Oracle JDK7 (java-7-oracle), JAVA_HOME will be set to /usr/lib/jvm/java-7-oracle
travis_fold:start:cache.1[0KSetting up build cache
$ export CASHER_DIR=$HOME/.casher
travis_time:start:15bc4240[0K$ Installing caching utilities

travis_time:end:15bc4240:start=1457436700893641680,finish=1457436700938258271,duration=44616591[0Ktravis_time:start:1233ad8b[0K
travis_time:end:1233ad8b:start=1457436700942627181,finish=1457436700945633615,duration=3006434[0Ktravis_time:start:07cc164a[0K[32;1mattempting to download cache archive[0m
[32;1mfetching parent-pom-29/cache--jdk-oraclejdk7.tgz[0m
[32;1mfound cache[0m

travis_time:end:07cc164a:start=1457436700949169468,finish=1457436707785647396,duration=6836477928[0Ktravis_time:start:011c61c8[0K
travis_time:end:011c61c8:start=1457436707789598036,finish=1457436707792899004,duration=3300968[0Ktravis_time:start:2d735d02[0K[32;1madding /home/travis/.m2/repository to cache[0m

travis_time:end:2d735d02:start=1457436707796739981,finish=1457436713546954214,duration=5750214233[0Ktravis_fold:end:cache.1[0K$ java -Xmx32m -version
java version "1.7.0_76"
Java(TM) SE Runtime Environment (build 1.7.0_76-b13)
Java HotSpot(TM) 64-Bit Server VM (build 24.76-b04, mixed mode)
$ javac -J-Xmx32m -version
javac 1.7.0_76
travis_fold:start:install[0Ktravis_time:start:00096b31[0K$ true

travis_time:end:00096b31:start=1457436714269027516,finish=1457436714272759356,duration=3731840[0Ktravis_fold:end:install[0Ktravis_time:start:38341e00[0K$ ./travis.sh
Apache Maven 3.2.5 (12a6b3acb947671f09b81f49094c53f426d8cea1; 2014-12-14T17:29:23+00:00)
Maven home: /usr/local/maven
Java version: 1.7.0_76, vendor: Oracle Corporation
Java home: /usr/lib/jvm/java-7-oracle/jre
Default locale: en_US, platform encoding: UTF-8
OS name: "linux", version: "3.13.0-40-generic", arch: "amd64", family: "unix"
[INFO] Error stacktraces are turned on.
[INFO] Scanning for projects...
[INFO] Downloading: http://repo.maven.apache.org/maven2/org/sonarsource/parent/parent/29/parent-29.pom
[INFO] Downloaded: http://repo.maven.apache.org/maven2/org/sonarsource/parent/parent/29/parent-29.pom (30 KB at 173.3 KB/sec)
[INFO] ------------------------------------------------------------------------
[INFO] Reactor Build Order:
[INFO] 
[INFO] XML
[INFO] XML :: Squid
[INFO] XML :: SonarQube Plugin
[INFO]                                                                         
[INFO] ------------------------------------------------------------------------
[INFO] Building XML 1.5-SNAPSHOT
[INFO] ------------------------------------------------------------------------
[INFO] Downloading: https://repo.maven.apache.org/maven2/org/apache/maven/plugins/maven-enforcer-plugin/1.4.1/maven-enforcer-plugin-1.4.1.pom
[INFO] Downloaded: https://repo.maven.apache.org/maven2/org/apache/maven/plugins/maven-enforcer-plugin/1.4.1/maven-enforcer-plugin-1.4.1.pom (8 KB at 16.1 KB/sec)
[INFO] Downloading: https://repo.maven.apache.org/maven2/org/apache/maven/enforcer/enforcer/1.4.1/enforcer-1.4.1.pom
[INFO] Downloaded: https://repo.maven.apache.org/maven2/org/apache/maven/enforcer/enforcer/1.4.1/enforcer-1.4.1.pom (8 KB at 213.3 KB/sec)
[INFO] Downloading: https://repo.maven.apache.org/maven2/org/apache/maven/plugins/maven-enforcer-plugin/1.4.1/maven-enforcer-plugin-1.4.1.jar
[INFO] Downloaded: https://repo.maven.apache.org/maven2/org/apache/maven/plugins/maven-enforcer-plugin/1.4.1/maven-enforcer-plugin-1.4.1.jar (27 KB at 887.4 KB/sec)
[INFO] 
[INFO] --- buildnumber-maven-plugin:1.4:create (default) @ xml ---
[INFO] Executing: /bin/sh -c cd '/home/travis/build/SonarSource/sonar-xml' && 'git' 'rev-parse' '--verify' 'HEAD'
[INFO] Working directory: /home/travis/build/SonarSource/sonar-xml
[INFO] Storing buildNumber: 44ed1506d21fe89a754f712ee96769ef64a39415 at timestamp: 1457436719886
[WARNING] Cannot get the branch information from the git repository: 
Detecting the current branch failed: fatal: ref HEAD is not a symbolic ref

[INFO] Executing: /bin/sh -c cd '/home/travis/build/SonarSource/sonar-xml' && 'git' 'rev-parse' '--verify' 'HEAD'
[INFO] Working directory: /home/travis/build/SonarSource/sonar-xml
[INFO] Storing buildScmBranch: UNKNOWN
[INFO] 
[INFO] --- maven-enforcer-plugin:1.4.1:enforce (enforce) @ xml ---
[INFO] Downloading: https://repo.maven.apache.org/maven2/org/apache/maven/enforcer/enforcer-api/1.4.1/enforcer-api-1.4.1.pom
[INFO] Downloaded: https://repo.maven.apache.org/maven2/org/apache/maven/enforcer/enforcer-api/1.4.1/enforcer-api-1.4.1.pom (3 KB at 110.3 KB/sec)
[INFO] Downloading: https://repo.maven.apache.org/maven2/org/apache/maven/enforcer/enforcer-rules/1.4.1/enforcer-rules-1.4.1.pom
[INFO] Downloaded: https://repo.maven.apache.org/maven2/org/apache/maven/enforcer/enforcer-rules/1.4.1/enforcer-rules-1.4.1.pom (4 KB at 113.2 KB/sec)
[INFO] Downloading: https://repo.maven.apache.org/maven2/org/codehaus/plexus/plexus-utils/3.0.22/plexus-utils-3.0.22.jar
[INFO] Downloading: https://repo.maven.apache.org/maven2/org/apache/maven/enforcer/enforcer-api/1.4.1/enforcer-api-1.4.1.jar
[INFO] Downloading: https://repo.maven.apache.org/maven2/org/apache/maven/enforcer/enforcer-rules/1.4.1/enforcer-rules-1.4.1.jar
[INFO] Downloaded: https://repo.maven.apache.org/maven2/org/codehaus/plexus/plexus-utils/3.0.22/plexus-utils-3.0.22.jar (240 KB at 1913.3 KB/sec)
[INFO] Downloaded: https://repo.maven.apache.org/maven2/org/apache/maven/enforcer/enforcer-api/1.4.1/enforcer-api-1.4.1.jar (12 KB at 94.7 KB/sec)
[INFO] Downloaded: https://repo.maven.apache.org/maven2/org/apache/maven/enforcer/enforcer-rules/1.4.1/enforcer-rules-1.4.1.jar (97 KB at 878.0 KB/sec)
[INFO] 
[INFO] --- maven-license-plugin:1.10.b1:check (enforce-license-headers) @ xml ---
[INFO] Checking licenses...
[INFO] 
[INFO] --- animal-sniffer-maven-plugin:1.14:check (enforce-java-api-compatibility) @ xml ---
[INFO] Checking unresolved references to org.codehaus.mojo.signature:java17:1.0
[INFO] 
[INFO] --- maven-source-plugin:2.4:jar-no-fork (attach-sources) @ xml ---
[INFO]                                                                         
[INFO] ------------------------------------------------------------------------
[INFO] Building XML :: Squid 1.5-SNAPSHOT
[INFO] ------------------------------------------------------------------------
[INFO] 
[INFO] --- buildnumber-maven-plugin:1.4:create (default) @ xml-squid ---
[INFO] 
[INFO] --- maven-enforcer-plugin:1.4.1:enforce (enforce) @ xml-squid ---
[INFO] 
[INFO] --- maven-license-plugin:1.10.b1:check (enforce-license-headers) @ xml-squid ---
[INFO] Checking licenses...
[INFO] 
[INFO] --- maven-resources-plugin:2.7:resources (default-resources) @ xml-squid ---
[INFO] Using 'UTF-8' encoding to copy filtered resources.
[INFO] skip non existing resourceDirectory /home/travis/build/SonarSource/sonar-xml/xml-squid/src/main/resources
[INFO] 
[INFO] --- maven-compiler-plugin:3.5:compile (default-compile) @ xml-squid ---
[INFO] Changes detected - recompiling the module!
[INFO] Compiling 4 source files to /home/travis/build/SonarSource/sonar-xml/xml-squid/target/classes
[INFO] 
[INFO] --- maven-resources-plugin:2.7:testResources (default-testResources) @ xml-squid ---
[INFO] Using 'UTF-8' encoding to copy filtered resources.
[INFO] skip non existing resourceDirectory /home/travis/build/SonarSource/sonar-xml/xml-squid/src/test/resources
[INFO] 
[INFO] --- maven-compiler-plugin:3.5:testCompile (default-testCompile) @ xml-squid ---
[INFO] Changes detected - recompiling the module!
[INFO] Compiling 76 source files to /home/travis/build/SonarSource/sonar-xml/xml-squid/target/test-classes
[INFO] 
[INFO] --- maven-surefire-plugin:2.18:test (default-test) @ xml-squid ---
[INFO] Surefire report directory: /home/travis/build/SonarSource/sonar-xml/xml-squid/target/surefire-reports

-------------------------------------------------------
 T E S T S
-------------------------------------------------------
Running org.sonar.xml.parser.EntityRefTest
Tests run: 1, Failures: 0, Errors: 0, Skipped: 0, Time elapsed: 0.04 sec - in org.sonar.xml.parser.EntityRefTest
Running org.sonar.xml.parser.ElementTest
Tests run: 1, Failures: 0, Errors: 0, Skipped: 0, Time elapsed: 0.016 sec - in org.sonar.xml.parser.ElementTest
Running org.sonar.xml.parser.IgnoreSectTest
Tests run: 1, Failures: 0, Errors: 0, Skipped: 0, Time elapsed: 0.006 sec - in org.sonar.xml.parser.IgnoreSectTest
Running org.sonar.xml.parser.PEReferenceTest
Tests run: 1, Failures: 0, Errors: 0, Skipped: 0, Time elapsed: 0.011 sec - in org.sonar.xml.parser.PEReferenceTest
Running org.sonar.xml.parser.CommentTest
Tests run: 1, Failures: 0, Errors: 0, Skipped: 0, Time elapsed: 0.003 sec - in org.sonar.xml.parser.CommentTest
Running org.sonar.xml.parser.AttListDeclTest
Tests run: 1, Failures: 0, Errors: 0, Skipped: 0, Time elapsed: 0.011 sec - in org.sonar.xml.parser.AttListDeclTest
Running org.sonar.xml.parser.AttTypeTest
Tests run: 1, Failures: 0, Errors: 0, Skipped: 0, Time elapsed: 0.006 sec - in org.sonar.xml.parser.AttTypeTest
Running org.sonar.xml.parser.ExternalIdTest
Tests run: 1, Failures: 0, Errors: 0, Skipped: 0, Time elapsed: 0.011 sec - in org.sonar.xml.parser.ExternalIdTest
Running org.sonar.xml.parser.ContentSpecTest
Tests run: 1, Failures: 0, Errors: 0, Skipped: 0, Time elapsed: 0.005 sec - in org.sonar.xml.parser.ContentSpecTest
Running org.sonar.xml.parser.NotationDeclTest
Tests run: 1, Failures: 0, Errors: 0, Skipped: 0, Time elapsed: 0.009 sec - in org.sonar.xml.parser.NotationDeclTest
Running org.sonar.xml.parser.PeDeclTest
Tests run: 1, Failures: 0, Errors: 0, Skipped: 0, Time elapsed: 0 sec - in org.sonar.xml.parser.PeDeclTest
Running org.sonar.xml.parser.NoTest
Tests run: 1, Failures: 0, Errors: 0, Skipped: 0, Time elapsed: 0 sec - in org.sonar.xml.parser.NoTest
Running org.sonar.xml.parser.PublicIdTest
Tests run: 1, Failures: 0, Errors: 0, Skipped: 0, Time elapsed: 0 sec - in org.sonar.xml.parser.PublicIdTest
Running org.sonar.xml.parser.ReferenceTest
Tests run: 1, Failures: 0, Errors: 0, Skipped: 0, Time elapsed: 0 sec - in org.sonar.xml.parser.ReferenceTest
Running org.sonar.xml.parser.ExtSubsetDeclTest
Tests run: 1, Failures: 0, Errors: 0, Skipped: 0, Time elapsed: 0 sec - in org.sonar.xml.parser.ExtSubsetDeclTest
Running org.sonar.xml.parser.EmptyElemTagTest
Tests run: 1, Failures: 0, Errors: 0, Skipped: 0, Time elapsed: 0 sec - in org.sonar.xml.parser.EmptyElemTagTest
Running org.sonar.xml.parser.PubidLiteralTest
Tests run: 1, Failures: 0, Errors: 0, Skipped: 0, Time elapsed: 0 sec - in org.sonar.xml.parser.PubidLiteralTest
Running org.sonar.xml.parser.PrologTest
Tests run: 1, Failures: 0, Errors: 0, Skipped: 0, Time elapsed: 0 sec - in org.sonar.xml.parser.PrologTest
Running org.sonar.xml.parser.ExtSubsetTest
Tests run: 1, Failures: 0, Errors: 0, Skipped: 0, Time elapsed: 0 sec - in org.sonar.xml.parser.ExtSubsetTest
Running org.sonar.xml.parser.CDEndTest
Tests run: 1, Failures: 0, Errors: 0, Skipped: 0, Time elapsed: 0 sec - in org.sonar.xml.parser.CDEndTest
Running org.sonar.xml.parser.DocumentTest
Tests run: 1, Failures: 0, Errors: 0, Skipped: 0, Time elapsed: 0.053 sec - in org.sonar.xml.parser.DocumentTest
Running org.sonar.xml.parser.DeclSepTest
Tests run: 1, Failures: 0, Errors: 0, Skipped: 0, Time elapsed: 0.011 sec - in org.sonar.xml.parser.DeclSepTest
Running org.sonar.xml.parser.EncNameTest
Tests run: 1, Failures: 0, Errors: 0, Skipped: 0, Time elapsed: 0.008 sec - in org.sonar.xml.parser.EncNameTest
Running org.sonar.xml.parser.DocTypeDeclTest
Tests run: 1, Failures: 0, Errors: 0, Skipped: 0, Time elapsed: 0.01 sec - in org.sonar.xml.parser.DocTypeDeclTest
Running org.sonar.xml.parser.TextDeclTest
Tests run: 1, Failures: 0, Errors: 0, Skipped: 0, Time elapsed: 0.005 sec - in org.sonar.xml.parser.TextDeclTest
Running org.sonar.xml.parser.STest
Tests run: 1, Failures: 0, Errors: 0, Skipped: 0, Time elapsed: 0.003 sec - in org.sonar.xml.parser.STest
Running org.sonar.xml.parser.MiscTest
Tests run: 1, Failures: 0, Errors: 0, Skipped: 0, Time elapsed: 0 sec - in org.sonar.xml.parser.MiscTest
Running org.sonar.xml.parser.CharRefTest
Tests run: 1, Failures: 0, Errors: 0, Skipped: 0, Time elapsed: 0.001 sec - in org.sonar.xml.parser.CharRefTest
Running org.sonar.xml.parser.EntityValueTest
Tests run: 1, Failures: 0, Errors: 0, Skipped: 0, Time elapsed: 0 sec - in org.sonar.xml.parser.EntityValueTest
Running org.sonar.xml.parser.AttValueTest
Tests run: 1, Failures: 0, Errors: 0, Skipped: 0, Time elapsed: 0 sec - in org.sonar.xml.parser.AttValueTest
Running org.sonar.xml.parser.XmlDeclTest
Tests run: 1, Failures: 0, Errors: 0, Skipped: 0, Time elapsed: 0 sec - in org.sonar.xml.parser.XmlDeclTest
Running org.sonar.xml.parser.VersionNumTest
Tests run: 1, Failures: 0, Errors: 0, Skipped: 0, Time elapsed: 0 sec - in org.sonar.xml.parser.VersionNumTest
Running org.sonar.xml.parser.EntityDeclTest
Tests run: 1, Failures: 0, Errors: 0, Skipped: 0, Time elapsed: 0.001 sec - in org.sonar.xml.parser.EntityDeclTest
Running org.sonar.xml.parser.EnumeratedTypeTest
Tests run: 1, Failures: 0, Errors: 0, Skipped: 0, Time elapsed: 0 sec - in org.sonar.xml.parser.EnumeratedTypeTest
Running org.sonar.xml.parser.EncodingDeclTest
Tests run: 1, Failures: 0, Errors: 0, Skipped: 0, Time elapsed: 0 sec - in org.sonar.xml.parser.EncodingDeclTest
Running org.sonar.xml.parser.ChoiceTest
Tests run: 1, Failures: 0, Errors: 0, Skipped: 0, Time elapsed: 0 sec - in org.sonar.xml.parser.ChoiceTest
Running org.sonar.xml.parser.CpTest
Tests run: 1, Failures: 0, Errors: 0, Skipped: 0, Time elapsed: 0 sec - in org.sonar.xml.parser.CpTest
Running org.sonar.xml.parser.NameTest
Tests run: 1, Failures: 0, Errors: 0, Skipped: 0, Time elapsed: 0 sec - in org.sonar.xml.parser.NameTest
Running org.sonar.xml.parser.ConditionalSectTest
Tests run: 1, Failures: 0, Errors: 0, Skipped: 0, Time elapsed: 0.001 sec - in org.sonar.xml.parser.ConditionalSectTest
Running org.sonar.xml.parser.StringTypeTest
Tests run: 1, Failures: 0, Errors: 0, Skipped: 0, Time elapsed: 0.002 sec - in org.sonar.xml.parser.StringTypeTest
Running org.sonar.xml.parser.IntSubsetTest
Tests run: 1, Failures: 0, Errors: 0, Skipped: 0, Time elapsed: 0.004 sec - in org.sonar.xml.parser.IntSubsetTest
Running org.sonar.xml.parser.VersionInfoTest
Tests run: 1, Failures: 0, Errors: 0, Skipped: 0, Time elapsed: 0.002 sec - in org.sonar.xml.parser.VersionInfoTest
Running org.sonar.xml.parser.CharDataTest
Tests run: 1, Failures: 0, Errors: 0, Skipped: 0, Time elapsed: 0.001 sec - in org.sonar.xml.parser.CharDataTest
Running org.sonar.xml.parser.MixedTest
Tests run: 1, Failures: 0, Errors: 0, Skipped: 0, Time elapsed: 0.004 sec - in org.sonar.xml.parser.MixedTest
Running org.sonar.xml.parser.SeqTest
Tests run: 1, Failures: 0, Errors: 0, Skipped: 0, Time elapsed: 0.007 sec - in org.sonar.xml.parser.SeqTest
Running org.sonar.xml.parser.YesTest
Tests run: 1, Failures: 0, Errors: 0, Skipped: 0, Time elapsed: 0.002 sec - in org.sonar.xml.parser.YesTest
Running org.sonar.xml.parser.ETagTest
Tests run: 1, Failures: 0, Errors: 0, Skipped: 0, Time elapsed: 0.004 sec - in org.sonar.xml.parser.ETagTest
Running org.sonar.xml.parser.PITest
Tests run: 1, Failures: 0, Errors: 0, Skipped: 0, Time elapsed: 0 sec - in org.sonar.xml.parser.PITest
Running org.sonar.xml.parser.STagTest
Tests run: 1, Failures: 0, Errors: 0, Skipped: 0, Time elapsed: 0.004 sec - in org.sonar.xml.parser.STagTest
Running org.sonar.xml.parser.NmTokenTest
Tests run: 1, Failures: 0, Errors: 0, Skipped: 0, Time elapsed: 0.003 sec - in org.sonar.xml.parser.NmTokenTest
Running org.sonar.xml.parser.IncludeSectTest
Tests run: 1, Failures: 0, Errors: 0, Skipped: 0, Time elapsed: 0.005 sec - in org.sonar.xml.parser.IncludeSectTest
Running org.sonar.xml.parser.NdataDeclTest
Tests run: 1, Failures: 0, Errors: 0, Skipped: 0, Time elapsed: 0.002 sec - in org.sonar.xml.parser.NdataDeclTest
Running org.sonar.xml.parser.ContentTest
Tests run: 1, Failures: 0, Errors: 0, Skipped: 0, Time elapsed: 0.015 sec - in org.sonar.xml.parser.ContentTest
Running org.sonar.xml.parser.EntityDefTest
Tests run: 1, Failures: 0, Errors: 0, Skipped: 0, Time elapsed: 0.002 sec - in org.sonar.xml.parser.EntityDefTest
Running org.sonar.xml.parser.EqTest
Tests run: 1, Failures: 0, Errors: 0, Skipped: 0, Time elapsed: 0.002 sec - in org.sonar.xml.parser.EqTest
Running org.sonar.xml.parser.AttributeTest
Tests run: 1, Failures: 0, Errors: 0, Skipped: 0, Time elapsed: 0.003 sec - in org.sonar.xml.parser.AttributeTest
Running org.sonar.xml.parser.IgnoreTest
Tests run: 1, Failures: 0, Errors: 0, Skipped: 0, Time elapsed: 0.003 sec - in org.sonar.xml.parser.IgnoreTest
Running org.sonar.xml.parser.SdDeclTest
Tests run: 1, Failures: 0, Errors: 0, Skipped: 0, Time elapsed: 0.002 sec - in org.sonar.xml.parser.SdDeclTest
Running org.sonar.xml.parser.CDSectTest
Tests run: 1, Failures: 0, Errors: 0, Skipped: 0, Time elapsed: 0.002 sec - in org.sonar.xml.parser.CDSectTest
Running org.sonar.xml.parser.ElementDeclTest
Tests run: 1, Failures: 0, Errors: 0, Skipped: 0, Time elapsed: 0.003 sec - in org.sonar.xml.parser.ElementDeclTest
Running org.sonar.xml.parser.SystemLiteralTest
Tests run: 1, Failures: 0, Errors: 0, Skipped: 0, Time elapsed: 0.005 sec - in org.sonar.xml.parser.SystemLiteralTest
Running org.sonar.xml.parser.PeDefTest
Tests run: 1, Failures: 0, Errors: 0, Skipped: 0, Time elapsed: 0.002 sec - in org.sonar.xml.parser.PeDefTest
Running org.sonar.xml.parser.PITargetTest
Tests run: 1, Failures: 0, Errors: 0, Skipped: 0, Time elapsed: 0.002 sec - in org.sonar.xml.parser.PITargetTest
Running org.sonar.xml.XmlParserConfigurationTest
Tests run: 1, Failures: 0, Errors: 0, Skipped: 0, Time elapsed: 0.102 sec - in org.sonar.xml.XmlParserConfigurationTest
Running org.sonar.xml.parser.DefaultDeclTest
Tests run: 1, Failures: 0, Errors: 0, Skipped: 0, Time elapsed: 0.004 sec - in org.sonar.xml.parser.DefaultDeclTest
Running org.sonar.xml.parser.ChildrenTest
Tests run: 1, Failures: 0, Errors: 0, Skipped: 0, Time elapsed: 0.002 sec - in org.sonar.xml.parser.ChildrenTest
Running org.sonar.xml.parser.TokenizedTypeTest
Tests run: 1, Failures: 0, Errors: 0, Skipped: 0, Time elapsed: 0.002 sec - in org.sonar.xml.parser.TokenizedTypeTest
Running org.sonar.xml.parser.GeDeclTest
Tests run: 1, Failures: 0, Errors: 0, Skipped: 0, Time elapsed: 0.001 sec - in org.sonar.xml.parser.GeDeclTest
Running org.sonar.xml.parser.NotationTypeTest
Tests run: 1, Failures: 0, Errors: 0, Skipped: 0, Time elapsed: 0.002 sec - in org.sonar.xml.parser.NotationTypeTest
Running org.sonar.xml.parser.EnumerationTest
Tests run: 1, Failures: 0, Errors: 0, Skipped: 0, Time elapsed: 0.001 sec - in org.sonar.xml.parser.EnumerationTest
Running org.sonar.xml.parser.CDStartTest
Tests run: 1, Failures: 0, Errors: 0, Skipped: 0, Time elapsed: 0.002 sec - in org.sonar.xml.parser.CDStartTest
Running org.sonar.xml.parser.CharTest
Tests run: 1, Failures: 0, Errors: 0, Skipped: 0, Time elapsed: 0.002 sec - in org.sonar.xml.parser.CharTest
Running org.sonar.xml.parser.CDataTest
Tests run: 1, Failures: 0, Errors: 0, Skipped: 0, Time elapsed: 0.002 sec - in org.sonar.xml.parser.CDataTest
Running org.sonar.xml.parser.AttDefTest
Tests run: 1, Failures: 0, Errors: 0, Skipped: 0, Time elapsed: 0.001 sec - in org.sonar.xml.parser.AttDefTest
Running org.sonar.xml.parser.IgnoreSectContentsTest
Tests run: 1, Failures: 0, Errors: 0, Skipped: 0, Time elapsed: 0.003 sec - in org.sonar.xml.parser.IgnoreSectContentsTest
Running org.sonar.xml.parser.MarkupDeclTest
Tests run: 1, Failures: 0, Errors: 0, Skipped: 0, Time elapsed: 0.002 sec - in org.sonar.xml.parser.MarkupDeclTest

Results :




Tests run: 76, Failures: 0, Errors: 0, Skipped: 0

[INFO] 
[INFO] --- maven-jar-plugin:2.6:jar (default-jar) @ xml-squid ---
[INFO] Building jar: /home/travis/build/SonarSource/sonar-xml/xml-squid/target/xml-squid-1.5-SNAPSHOT.jar
[INFO] 
[INFO] --- animal-sniffer-maven-plugin:1.14:check (enforce-java-api-compatibility) @ xml-squid ---
[INFO] Checking unresolved references to org.codehaus.mojo.signature:java17:1.0
[INFO] 
[INFO] --- maven-source-plugin:2.4:jar-no-fork (attach-sources) @ xml-squid ---
[INFO] Building jar: /home/travis/build/SonarSource/sonar-xml/xml-squid/target/xml-squid-1.5-SNAPSHOT-sources.jar
[INFO]                                                                         
[INFO] ------------------------------------------------------------------------
[INFO] Building XML :: SonarQube Plugin 1.5-SNAPSHOT
[INFO] ------------------------------------------------------------------------
[INFO] 
[INFO] --- buildnumber-maven-plugin:1.4:create (default) @ sonar-xml-plugin ---
[INFO] 
[INFO] --- maven-enforcer-plugin:1.4.1:enforce (enforce) @ sonar-xml-plugin ---
[INFO] 
[INFO] --- maven-license-plugin:1.10.b1:check (enforce-license-headers) @ sonar-xml-plugin ---
[INFO] Checking licenses...
[INFO] 
[INFO] --- sonar-packaging-maven-plugin:1.15:check (default-check) @ sonar-xml-plugin ---
[INFO] 
[INFO] --- maven-resources-plugin:2.7:resources (default-resources) @ sonar-xml-plugin ---
[INFO] Using 'UTF-8' encoding to copy filtered resources.
[INFO] Copying 33 resources
[INFO] 
[INFO] --- maven-compiler-plugin:3.5:compile (default-compile) @ sonar-xml-plugin ---
[INFO] Changes detected - recompiling the module!
[INFO] Compiling 33 source files to /home/travis/build/SonarSource/sonar-xml/sonar-xml-plugin/target/classes
[INFO] 
[INFO] --- maven-resources-plugin:2.7:testResources (default-testResources) @ sonar-xml-plugin ---
[INFO] Using 'UTF-8' encoding to copy filtered resources.
[INFO] Copying 21 resources
[INFO] 
[INFO] --- maven-compiler-plugin:3.5:testCompile (default-testCompile) @ sonar-xml-plugin ---
[INFO] Changes detected - recompiling the module!
[INFO] Compiling 23 source files to /home/travis/build/SonarSource/sonar-xml/sonar-xml-plugin/target/test-classes
[INFO] /home/travis/build/SonarSource/sonar-xml/sonar-xml-plugin/src/test/java/org/sonar/plugins/xml/MockSensorContext.java: Some input files use or override a deprecated API.
[INFO] /home/travis/build/SonarSource/sonar-xml/sonar-xml-plugin/src/test/java/org/sonar/plugins/xml/MockSensorContext.java: Recompile with -Xlint:deprecation for details.
[INFO] /home/travis/build/SonarSource/sonar-xml/sonar-xml-plugin/src/test/java/org/sonar/plugins/xml/MockSensorContext.java: Some input files use unchecked or unsafe operations.
[INFO] /home/travis/build/SonarSource/sonar-xml/sonar-xml-plugin/src/test/java/org/sonar/plugins/xml/MockSensorContext.java: Recompile with -Xlint:unchecked for details.
[INFO] 
[INFO] --- maven-surefire-plugin:2.18:test (default-test) @ sonar-xml-plugin ---
[INFO] Surefire report directory: /home/travis/build/SonarSource/sonar-xml/sonar-xml-plugin/target/surefire-reports

-------------------------------------------------------
 T E S T S
-------------------------------------------------------
Running org.sonar.plugins.xml.parsers.LineCountParserTest
Tests run: 3, Failures: 0, Errors: 0, Skipped: 0, Time elapsed: 0.168 sec - in org.sonar.plugins.xml.parsers.LineCountParserTest
Running org.sonar.plugins.xml.checks.XPathCheckTest
Tests run: 6, Failures: 0, Errors: 0, Skipped: 0, Time elapsed: 0.45 sec - in org.sonar.plugins.xml.checks.XPathCheckTest
Running org.sonar.plugins.xml.checks.XmlFileTest
Tests run: 4, Failures: 0, Errors: 0, Skipped: 0, Time elapsed: 0.09 sec - in org.sonar.plugins.xml.checks.XmlFileTest
Running org.sonar.plugins.xml.checks.XmlSchemaCheckTest
Tests run: 16, Failures: 0, Errors: 0, Skipped: 0, Time elapsed: 2.042 sec - in org.sonar.plugins.xml.checks.XmlSchemaCheckTest
Running org.sonar.plugins.xml.parsers.SaxParserTest
Tests run: 1, Failures: 0, Errors: 0, Skipped: 0, Time elapsed: 0.023 sec - in org.sonar.plugins.xml.parsers.SaxParserTest
Running org.sonar.plugins.xml.checks.IllegalTabCheckTest
Tests run: 2, Failures: 0, Errors: 0, Skipped: 0, Time elapsed: 0.009 sec - in org.sonar.plugins.xml.checks.IllegalTabCheckTest
Running org.sonar.plugins.xml.XmlPluginTest
Tests run: 1, Failures: 0, Errors: 0, Skipped: 0, Time elapsed: 0.029 sec - in org.sonar.plugins.xml.XmlPluginTest
Running org.sonar.plugins.xml.checks.IndentCheckTest
Tests run: 8, Failures: 0, Errors: 0, Skipped: 0, Time elapsed: 0.058 sec - in org.sonar.plugins.xml.checks.IndentCheckTest
Running org.sonar.plugins.xml.checks.CharBeforePrologCheckTest
Tests run: 3, Failures: 0, Errors: 0, Skipped: 0, Time elapsed: 0.026 sec - in org.sonar.plugins.xml.checks.CharBeforePrologCheckTest
Running org.sonar.plugins.xml.checks.CheckRepositoryTest
Tests run: 4, Failures: 0, Errors: 0, Skipped: 0, Time elapsed: 0.018 sec - in org.sonar.plugins.xml.checks.CheckRepositoryTest
Running org.sonar.plugins.xml.language.XmlTest
Tests run: 2, Failures: 0, Errors: 0, Skipped: 0, Time elapsed: 0.015 sec - in org.sonar.plugins.xml.language.XmlTest
Running org.sonar.plugins.xml.rules.XmlRulesDefinitionTest
Tests run: 1, Failures: 0, Errors: 0, Skipped: 0, Time elapsed: 0.076 sec - in org.sonar.plugins.xml.rules.XmlRulesDefinitionTest
Running org.sonar.plugins.xml.LineCounterTest
Tests run: 3, Failures: 0, Errors: 0, Skipped: 0, Time elapsed: 0.223 sec - in org.sonar.plugins.xml.LineCounterTest
Running org.sonar.plugins.xml.rules.XmlSonarWayProfileTest
Tests run: 1, Failures: 0, Errors: 0, Skipped: 0, Time elapsed: 0.013 sec - in org.sonar.plugins.xml.rules.XmlSonarWayProfileTest
Running org.sonar.plugins.xml.checks.XmlSourceCodeTest
Tests run: 1, Failures: 0, Errors: 0, Skipped: 0, Time elapsed: 0.001 sec - in org.sonar.plugins.xml.checks.XmlSourceCodeTest
Running org.sonar.plugins.xml.highlighting.XmlHighlightingTest
Tests run: 23, Failures: 0, Errors: 0, Skipped: 0, Time elapsed: 0.904 sec - in org.sonar.plugins.xml.highlighting.XmlHighlightingTest
Running org.sonar.plugins.xml.XmlSensorTest
Tests run: 4, Failures: 0, Errors: 0, Skipped: 0, Time elapsed: 0.06 sec - in org.sonar.plugins.xml.XmlSensorTest
Running org.sonar.plugins.xml.schemas.DetectSchemaParserTest
Tests run: 3, Failures: 0, Errors: 0, Skipped: 0, Time elapsed: 0.01 sec - in org.sonar.plugins.xml.schemas.DetectSchemaParserTest
Running org.sonar.plugins.xml.LineCountDataTest
Tests run: 1, Failures: 0, Errors: 0, Skipped: 0, Time elapsed: 0.002 sec - in org.sonar.plugins.xml.LineCountDataTest
Running org.sonar.plugins.xml.checks.NewlineCheckTest
Tests run: 7, Failures: 0, Errors: 0, Skipped: 0, Time elapsed: 0.022 sec - in org.sonar.plugins.xml.checks.NewlineCheckTest

Results :




Tests run: 94, Failures: 0, Errors: 0, Skipped: 0

[INFO] 
[INFO] --- sonar-packaging-maven-plugin:1.15:sonar-plugin (default-sonar-plugin) @ sonar-xml-plugin ---
[INFO] -------------------------------------------------------
[INFO] Plugin definition in update center
[INFO]     Key: xml
[INFO]     Name: XML
[INFO]     Description: Enable analysis and reporting on XML files.
[INFO]     Version: 1.5-SNAPSHOT
[INFO]     Entry-point Class: org.sonar.plugins.xml.XmlPlugin
[INFO]     Required Plugins: 
[INFO]     Use Child-first ClassLoader: false
[INFO]     Base Plugin: 
[INFO]     Homepage URL: http://redirect.sonarsource.com/plugins/xml.html
[INFO]     Minimal SonarQube Version: 4.5.4
[INFO]     Licensing: The Apache Software License, Version 2.0
[INFO]     Organization: SonarSource
[INFO]     Organization URL: http://www.sonarsource.com
[INFO]     Terms and Conditions: 
[INFO]     Issue Tracker URL: http://jira.codehaus.org/browse/SONARPLUGINS/component/14607
[INFO]     Build date: 2016-03-08T11:32:18+0000
[INFO]     Sources URL: https://github.com/SonarCommunity/sonar-xml
[INFO]     Developers: Matthijs Galesloot,Julien Henry,Linda Martin
[WARNING] com.google.code.findbugs:jsr305:jar:1.3.9:compile is provided by SonarQube plugin API and will not be packaged in your plugin
[WARNING] org.slf4j:slf4j-api:jar:1.6.2:compile is provided by SonarQube plugin API and will not be packaged in your plugin
[WARNING] org.picocontainer:picocontainer:jar:2.14.3:compile is provided by SonarQube plugin API and will not be packaged in your plugin
[WARNING] org.slf4j:jcl-over-slf4j:jar:1.7.5:compile is provided by SonarQube plugin API and will not be packaged in your plugin
[WARNING] commons-io:commons-io:jar:2.4:compile is provided by SonarQube plugin API and will not be packaged in your plugin
[WARNING] org.codehaus.sonar:sonar-colorizer:jar:4.5.4:compile is provided by SonarQube plugin API and will not be packaged in your plugin
[WARNING] com.google.guava:guava:jar:10.0.1:compile is provided by SonarQube plugin API and will not be packaged in your plugin
[WARNING] xml-apis:xml-apis:jar:1.3.03:compile is provided by SonarQube plugin API and will not be packaged in your plugin
[WARNING] org.codehaus.sonar:sonar-channel:jar:4.1:compile is provided by SonarQube plugin API and will not be packaged in your plugin
[INFO]     Dependencies: META-INF/lib/xml-squid-1.5-SNAPSHOT.jar META-INF/lib/jaxen-1.1.4.jar META-INF/lib/xalan-2.7.2.jar META-INF/lib/sslr-core-1.20.jar META-INF/lib/sslr-squid-bridge-2.6.jar META-INF/lib/xercesImpl-2.8.1.jar META-INF/lib/serializer-2.7.2.jar META-INF/lib/sslr-xpath-1.20.jar
[INFO] -------------------------------------------------------
[INFO] Building jar: /home/travis/build/SonarSource/sonar-xml/sonar-xml-plugin/target/sonar-xml-plugin-1.5-SNAPSHOT.jar
[INFO]  already added, skipping
[INFO] 
[INFO] --- animal-sniffer-maven-plugin:1.14:check (enforce-java-api-compatibility) @ sonar-xml-plugin ---
[INFO] Checking unresolved references to org.codehaus.mojo.signature:java17:1.0
[INFO] 
[INFO] --- maven-source-plugin:2.4:jar-no-fork (attach-sources) @ sonar-xml-plugin ---
[INFO] Building jar: /home/travis/build/SonarSource/sonar-xml/sonar-xml-plugin/target/sonar-xml-plugin-1.5-SNAPSHOT-sources.jar
[INFO] ------------------------------------------------------------------------
[INFO] Reactor Summary:
[INFO] 
[INFO] XML ................................................ SUCCESS [  3.473 s]
[INFO] XML :: Squid ....................................... SUCCESS [  9.628 s]
[INFO] XML :: SonarQube Plugin ............................ SUCCESS [ 10.917 s]
[INFO] ------------------------------------------------------------------------
[INFO] BUILD SUCCESS
[INFO] ------------------------------------------------------------------------
[INFO] Total time: 26.145 s
[INFO] Finished at: 2016-03-08T11:32:22+00:00
[INFO] Final Memory: 41M/437M
[INFO] ------------------------------------------------------------------------

travis_time:end:38341e00:start=1457436714277144125,finish=1457436743474879541,duration=29197735416[0K
[32;1mThe command "./travis.sh" exited with 0.[0m
travis_fold:start:cache.2[0Kstore build cache
travis_time:start:023c1e90[0K
travis_time:end:023c1e90:start=1457436743479475924,finish=1457436743482929008,duration=3453084[0Ktravis_time:start:011d5043[0K[32;1mchange detected:
/home/travis/.m2/repository/org/apache/maven/enforcer/enforcer/1.4.1/enforcer-1.4.1.pom
/home/travis/.m2/repository/org/apache/maven/enforcer/enforcer/1.4.1/enforcer-1.4.1.pom.sha1
/home/travis/.m2/repository/org/apache/maven/enforcer/enforcer/1.4.1/_remote.repositories
/home/travis/.m2/repository/org/apache/maven/enforcer/enforcer-api/1.4.1/enforcer-api-1.4.1.jar
/home/travis/.m2/repository/org/apache/maven/enforcer/enforcer-api/1.4.1/enforcer-api-1.4.1.jar.sha1
/home/travis/.m2/repository/org/apache/maven/enforcer/enforcer-api/1.4.1/enforcer-api-1.4.1.pom
/home/travis/.m2/repository/org/apache/maven/enforcer/enforcer-api/1.4.1/enforcer-api-1.4.1.pom.sha1
/home/travis/.m2/repository/org/apache/maven/enforcer/enforcer-api/1.4.1/_remote.repositories
/home/travis/.m2/repository/org/apache/maven/enforcer/enforcer-rules/1.4.1/enforcer-rules-1.4.1.jar
/home/travis/.m2/repository/org/apache/maven/enforcer/enforcer-rules/1.4.1/enforcer-rules-1.4.1.jar.sha1
/home/travis/.m2/repository/org/apach
[0m
[32;1m...
[0m
[32;1mchanges detected, packing new archive[0m
.
.
.
[32;1muploading archive[0m

travis_time:end:011d5043:start=1457436743486955941,finish=1457436770398178042,duration=26911222101[0Ktravis_fold:end:cache.2[0K
Done. Your build exited with 0.
