Using worker: worker-linux-docker-a699ed4f.prod.travis-ci.org:travis-linux-1

travis_fold:start:system_info[0K[33;1mBuild system information[0m
Build language: java
[34m[1mBuild image provisioning date and time[0m
Thu Feb  5 15:09:33 UTC 2015
[34m[1mOperating System Details[0m
Distributor ID:	Ubuntu
Description:	Ubuntu 12.04.5 LTS
Release:	12.04
Codename:	precise
[34m[1mLinux Version[0m
3.13.0-29-generic
[34m[1mCookbooks Version[0m
a68419e https://github.com/travis-ci/travis-cookbooks/tree/a68419e
[34m[1mGCC version[0m
gcc (Ubuntu/Linaro 4.6.3-1ubuntu5) 4.6.3
Copyright (C) 2011 Free Software Foundation, Inc.
This is free software; see the source for copying conditions.  There is NO
warranty; not even for MERCHANTABILITY or FITNESS FOR A PARTICULAR PURPOSE.

[34m[1mLLVM version[0m
clang version 3.4 (tags/RELEASE_34/final)
Target: x86_64-unknown-linux-gnu
Thread model: posix
[34m[1mPre-installed Ruby versions[0m
ruby-1.9.3-p551
[34m[1mPre-installed Node.js versions[0m
v0.10.36
[34m[1mPre-installed Go versions[0m
1.4.1
[34m[1mRedis version[0m
redis-server 2.8.19
[34m[1mriak version[0m
2.0.2
[34m[1mMongoDB version[0m
MongoDB 2.4.12
[34m[1mCouchDB version[0m
couchdb 1.6.1
[34m[1mNeo4j version[0m
1.9.4
[34m[1mRabbitMQ Version[0m
3.4.3
[34m[1mElasticSearch version[0m
1.4.0
[34m[1mInstalled Sphinx versions[0m
2.0.10
2.1.9
2.2.6
[34m[1mDefault Sphinx version[0m
2.2.6
[34m[1mInstalled Firefox version[0m
firefox 31.0esr
[34m[1mPhantomJS version[0m
1.9.8
[34m[1mant -version[0m
Apache Ant(TM) version 1.8.2 compiled on December 3 2011
[34m[1mmvn -version[0m
Apache Maven 3.2.5 (12a6b3acb947671f09b81f49094c53f426d8cea1; 2014-12-14T17:29:23+00:00)
Maven home: /usr/local/maven
Java version: 1.7.0_76, vendor: Oracle Corporation
Java home: /usr/lib/jvm/java-7-oracle/jre
Default locale: en_US, platform encoding: ANSI_X3.4-1968
OS name: "linux", version: "3.13.0-29-generic", arch: "amd64", family: "unix"
travis_fold:end:system_info[0K
travis_fold:start:git.checkout[0Ktravis_time:start:056d0780[0K$ git clone --depth=50 --branch=SONARJAVA-1246 git://github.com/SonarSource/sonar-java.git SonarSource/sonar-java
Cloning into 'SonarSource/sonar-java'...
remote: Counting objects: 4761, done.[K
remote: Compressing objects:   0% (1/2526)   [Kremote: Compressing objects:   1% (26/2526)   [Kremote: Compressing objects:   2% (51/2526)   [Kremote: Compressing objects:   3% (76/2526)   [Kremote: Compressing objects:   4% (102/2526)   [Kremote: Compressing objects:   5% (127/2526)   [Kremote: Compressing objects:   6% (152/2526)   [Kremote: Compressing objects:   7% (177/2526)   [Kremote: Compressing objects:   8% (203/2526)   [Kremote: Compressing objects:   9% (228/2526)   [Kremote: Compressing objects:  10% (253/2526)   [Kremote: Compressing objects:  11% (278/2526)   [Kremote: Compressing objects:  12% (304/2526)   [Kremote: Compressing objects:  13% (329/2526)   [Kremote: Compressing objects:  14% (354/2526)   [Kremote: Compressing objects:  15% (379/2526)   [Kremote: Compressing objects:  16% (405/2526)   [Kremote: Compressing objects:  17% (430/2526)   [Kremote: Compressing objects:  18% (455/2526)   [Kremote: Compressing objects:  19% (480/2526)   [Kremote: Compressing objects:  20% (506/2526)   [Kremote: Compressing objects:  21% (531/2526)   [Kremote: Compressing objects:  22% (556/2526)   [Kremote: Compressing objects:  23% (581/2526)   [Kremote: Compressing objects:  24% (607/2526)   [Kremote: Compressing objects:  25% (632/2526)   [Kremote: Compressing objects:  26% (657/2526)   [Kremote: Compressing objects:  27% (683/2526)   [Kremote: Compressing objects:  28% (708/2526)   [Kremote: Compressing objects:  29% (733/2526)   [Kremote: Compressing objects:  30% (758/2526)   [Kremote: Compressing objects:  31% (784/2526)   [Kremote: Compressing objects:  32% (809/2526)   [Kremote: Compressing objects:  33% (834/2526)   [Kremote: Compressing objects:  34% (859/2526)   [Kremote: Compressing objects:  35% (885/2526)   [Kremote: Compressing objects:  36% (910/2526)   [Kremote: Compressing objects:  37% (935/2526)   [Kremote: Compressing objects:  38% (960/2526)   [Kremote: Compressing objects:  39% (986/2526)   [Kremote: Compressing objects:  40% (1011/2526)   [Kremote: Compressing objects:  41% (1036/2526)   [Kremote: Compressing objects:  42% (1061/2526)   [Kremote: Compressing objects:  43% (1087/2526)   [Kremote: Compressing objects:  44% (1112/2526)   [Kremote: Compressing objects:  45% (1137/2526)   [Kremote: Compressing objects:  46% (1162/2526)   [Kremote: Compressing objects:  47% (1188/2526)   [Kremote: Compressing objects:  48% (1213/2526)   [Kremote: Compressing objects:  49% (1238/2526)   [Kremote: Compressing objects:  50% (1263/2526)   [Kremote: Compressing objects:  51% (1289/2526)   [Kremote: Compressing objects:  52% (1314/2526)   [Kremote: Compressing objects:  53% (1339/2526)   [Kremote: Compressing objects:  54% (1365/2526)   [Kremote: Compressing objects:  55% (1390/2526)   [Kremote: Compressing objects:  56% (1415/2526)   [Kremote: Compressing objects:  57% (1440/2526)   [Kremote: Compressing objects:  58% (1466/2526)   [Kremote: Compressing objects:  59% (1491/2526)   [Kremote: Compressing objects:  60% (1516/2526)   [Kremote: Compressing objects:  61% (1541/2526)   [Kremote: Compressing objects:  62% (1567/2526)   [Kremote: Compressing objects:  63% (1592/2526)   [Kremote: Compressing objects:  64% (1617/2526)   [Kremote: Compressing objects:  65% (1642/2526)   [Kremote: Compressing objects:  66% (1668/2526)   [Kremote: Compressing objects:  67% (1693/2526)   [Kremote: Compressing objects:  68% (1718/2526)   [Kremote: Compressing objects:  69% (1743/2526)   [Kremote: Compressing objects:  70% (1769/2526)   [Kremote: Compressing objects:  71% (1794/2526)   [Kremote: Compressing objects:  72% (1819/2526)   [Kremote: Compressing objects:  73% (1844/2526)   [Kremote: Compressing objects:  74% (1870/2526)   [Kremote: Compressing objects:  75% (1895/2526)   [Kremote: Compressing objects:  76% (1920/2526)   [Kremote: Compressing objects:  77% (1946/2526)   [Kremote: Compressing objects:  78% (1971/2526)   [Kremote: Compressing objects:  79% (1996/2526)   [Kremote: Compressing objects:  80% (2021/2526)   [Kremote: Compressing objects:  81% (2047/2526)   [Kremote: Compressing objects:  82% (2072/2526)   [Kremote: Compressing objects:  83% (2097/2526)   [Kremote: Compressing objects:  84% (2122/2526)   [Kremote: Compressing objects:  85% (2148/2526)   [Kremote: Compressing objects:  86% (2173/2526)   [Kremote: Compressing objects:  87% (2198/2526)   [Kremote: Compressing objects:  88% (2223/2526)   [Kremote: Compressing objects:  89% (2249/2526)   [Kremote: Compressing objects:  90% (2274/2526)   [Kremote: Compressing objects:  91% (2299/2526)   [Kremote: Compressing objects:  92% (2324/2526)   [Kremote: Compressing objects:  93% (2350/2526)   [Kremote: Compressing objects:  94% (2375/2526)   [Kremote: Compressing objects:  95% (2400/2526)   [Kremote: Compressing objects:  96% (2425/2526)   [Kremote: Compressing objects:  97% (2451/2526)   [Kremote: Compressing objects:  98% (2476/2526)   [Kremote: Compressing objects:  99% (2501/2526)   [Kremote: Compressing objects: 100% (2526/2526)   [Kremote: Compressing objects: 100% (2526/2526), done.[K
Receiving objects:   0% (1/4761)   Receiving objects:   1% (48/4761)   Receiving objects:   2% (96/4761)   Receiving objects:   3% (143/4761)   Receiving objects:   4% (191/4761)   Receiving objects:   5% (239/4761)   Receiving objects:   6% (286/4761)   Receiving objects:   7% (334/4761)   Receiving objects:   8% (381/4761)   Receiving objects:   9% (429/4761)   Receiving objects:  10% (477/4761)   Receiving objects:  11% (524/4761)   Receiving objects:  12% (572/4761)   Receiving objects:  13% (619/4761)   Receiving objects:  14% (667/4761)   Receiving objects:  15% (715/4761)   Receiving objects:  16% (762/4761)   Receiving objects:  17% (810/4761)   Receiving objects:  18% (857/4761)   Receiving objects:  19% (905/4761)   Receiving objects:  20% (953/4761)   Receiving objects:  21% (1000/4761)   Receiving objects:  22% (1048/4761)   Receiving objects:  23% (1096/4761)   Receiving objects:  24% (1143/4761)   Receiving objects:  25% (1191/4761)   Receiving objects:  26% (1238/4761)   Receiving objects:  27% (1286/4761)   Receiving objects:  28% (1334/4761)   Receiving objects:  29% (1381/4761)   Receiving objects:  30% (1429/4761)   Receiving objects:  31% (1476/4761)   Receiving objects:  32% (1524/4761)   Receiving objects:  33% (1572/4761)   Receiving objects:  34% (1619/4761)   Receiving objects:  35% (1667/4761)   Receiving objects:  36% (1714/4761)   Receiving objects:  37% (1762/4761)   Receiving objects:  38% (1810/4761)   Receiving objects:  39% (1857/4761)   Receiving objects:  40% (1905/4761)   Receiving objects:  41% (1953/4761)   Receiving objects:  42% (2000/4761)   Receiving objects:  43% (2048/4761)   Receiving objects:  44% (2095/4761)   Receiving objects:  45% (2143/4761)   Receiving objects:  46% (2191/4761)   Receiving objects:  47% (2238/4761)   Receiving objects:  48% (2286/4761)   Receiving objects:  49% (2333/4761)   Receiving objects:  50% (2381/4761)   Receiving objects:  51% (2429/4761)   Receiving objects:  52% (2476/4761)   Receiving objects:  53% (2524/4761)   Receiving objects:  54% (2571/4761)   Receiving objects:  55% (2619/4761)   Receiving objects:  56% (2667/4761)   Receiving objects:  57% (2714/4761)   Receiving objects:  58% (2762/4761)   Receiving objects:  59% (2809/4761)   Receiving objects:  60% (2857/4761)   Receiving objects:  61% (2905/4761)   Receiving objects:  62% (2952/4761)   Receiving objects:  63% (3000/4761)   Receiving objects:  64% (3048/4761)   Receiving objects:  65% (3095/4761)   Receiving objects:  66% (3143/4761)   Receiving objects:  67% (3190/4761)   Receiving objects:  68% (3238/4761)   Receiving objects:  69% (3286/4761)   Receiving objects:  70% (3333/4761)   Receiving objects:  71% (3381/4761)   Receiving objects:  72% (3428/4761)   Receiving objects:  73% (3476/4761)   Receiving objects:  74% (3524/4761)   Receiving objects:  75% (3571/4761)   Receiving objects:  76% (3619/4761)   Receiving objects:  77% (3666/4761)   Receiving objects:  78% (3714/4761)   Receiving objects:  79% (3762/4761)   Receiving objects:  80% (3809/4761)   Receiving objects:  81% (3857/4761)   Receiving objects:  82% (3905/4761)   Receiving objects:  83% (3952/4761)   Receiving objects:  84% (4000/4761)   Receiving objects:  85% (4047/4761)   Receiving objects:  86% (4095/4761)   Receiving objects:  87% (4143/4761)   Receiving objects:  88% (4190/4761)   Receiving objects:  89% (4238/4761)   Receiving objects:  90% (4285/4761)   Receiving objects:  91% (4333/4761)   Receiving objects:  92% (4381/4761)   Receiving objects:  93% (4428/4761)   Receiving objects:  94% (4476/4761)   Receiving objects:  95% (4523/4761)   Receiving objects:  96% (4571/4761)   Receiving objects:  97% (4619/4761)   Receiving objects:  98% (4666/4761)   Receiving objects:  99% (4714/4761)   remote: Total 4761 (delta 1932), reused 3791 (delta 1669), pack-reused 0[K
Receiving objects: 100% (4761/4761)   Receiving objects: 100% (4761/4761), 3.97 MiB | 0 bytes/s, done.
Resolving deltas:   0% (0/1932)   Resolving deltas:   1% (21/1932)   Resolving deltas:   3% (58/1932)   Resolving deltas:   4% (80/1932)   Resolving deltas:   5% (99/1932)   Resolving deltas:   6% (119/1932)   Resolving deltas:   8% (156/1932)   Resolving deltas:   9% (177/1932)   Resolving deltas:  11% (217/1932)   Resolving deltas:  12% (232/1932)   Resolving deltas:  13% (253/1932)   Resolving deltas:  14% (283/1932)   Resolving deltas:  15% (295/1932)   Resolving deltas:  16% (323/1932)   Resolving deltas:  17% (336/1932)   Resolving deltas:  18% (348/1932)   Resolving deltas:  19% (377/1932)   Resolving deltas:  20% (388/1932)   Resolving deltas:  21% (407/1932)   Resolving deltas:  22% (427/1932)   Resolving deltas:  23% (446/1932)   Resolving deltas:  24% (480/1932)   Resolving deltas:  25% (483/1932)   Resolving deltas:  26% (503/1932)   Resolving deltas:  27% (527/1932)   Resolving deltas:  28% (541/1932)   Resolving deltas:  29% (562/1932)   Resolving deltas:  30% (581/1932)   Resolving deltas:  31% (610/1932)   Resolving deltas:  33% (641/1932)   Resolving deltas:  34% (659/1932)   Resolving deltas:  35% (677/1932)   Resolving deltas:  36% (708/1932)   Resolving deltas:  37% (719/1932)   Resolving deltas:  38% (736/1932)   Resolving deltas:  39% (763/1932)   Resolving deltas:  40% (774/1932)   Resolving deltas:  41% (796/1932)   Resolving deltas:  42% (814/1932)   Resolving deltas:  43% (838/1932)   Resolving deltas:  44% (851/1932)   Resolving deltas:  45% (871/1932)   Resolving deltas:  46% (893/1932)   Resolving deltas:  48% (928/1932)   Resolving deltas:  49% (947/1932)   Resolving deltas:  50% (968/1932)   Resolving deltas:  51% (989/1932)   Resolving deltas:  52% (1010/1932)   Resolving deltas:  53% (1025/1932)   Resolving deltas:  54% (1044/1932)   Resolving deltas:  55% (1064/1932)   Resolving deltas:  56% (1082/1932)   Resolving deltas:  57% (1103/1932)   Resolving deltas:  58% (1125/1932)   Resolving deltas:  59% (1140/1932)   Resolving deltas:  60% (1160/1932)   Resolving deltas:  61% (1179/1932)   Resolving deltas:  63% (1223/1932)   Resolving deltas:  64% (1240/1932)   Resolving deltas:  65% (1262/1932)   Resolving deltas:  66% (1279/1932)   Resolving deltas:  75% (1455/1932)   Resolving deltas:  76% (1470/1932)   Resolving deltas:  77% (1490/1932)   Resolving deltas:  78% (1513/1932)   Resolving deltas:  82% (1585/1932)   Resolving deltas:  83% (1611/1932)   Resolving deltas:  84% (1635/1932)   Resolving deltas:  85% (1646/1932)   Resolving deltas:  86% (1665/1932)   Resolving deltas:  87% (1692/1932)   Resolving deltas:  88% (1702/1932)   Resolving deltas:  89% (1725/1932)   Resolving deltas:  90% (1740/1932)   Resolving deltas:  91% (1760/1932)   Resolving deltas:  92% (1784/1932)   Resolving deltas:  93% (1797/1932)   Resolving deltas:  94% (1817/1932)   Resolving deltas:  95% (1838/1932)   Resolving deltas:  96% (1855/1932)   Resolving deltas:  97% (1879/1932)   Resolving deltas:  98% (1905/1932)   Resolving deltas:  99% (1913/1932)   Resolving deltas: 100% (1932/1932)   Resolving deltas: 100% (1932/1932), done.
Checking connectivity... done.
travis_time:end:056d0780:start=1441123761868121649,finish=1441123763680612110,duration=1812490461[0K$ cd SonarSource/sonar-java
$ git checkout -qf a5a7d4a099640e9d1438cb0fe76c7da4e0b2306d
travis_fold:end:git.checkout[0Ktravis_fold:start:git.submodule[0Ktravis_time:start:13c94cf8[0K$ git submodule init
Submodule 'its/sources' (https://github.com/SonarSource/ruling_java.git) registered for path 'its/sources'
travis_time:end:13c94cf8:start=1441123763803881215,finish=1441123763846162888,duration=42281673[0Ktravis_time:start:036d3726[0K$ git submodule update
Cloning into 'its/sources'...
remote: Counting objects: 13594, done.[K
Receiving objects:   0% (1/13594)   Receiving objects:   1% (136/13594)   Receiving objects:   2% (272/13594)   Receiving objects:   3% (408/13594)   Receiving objects:   4% (544/13594)   Receiving objects:   5% (680/13594)   Receiving objects:   6% (816/13594)   Receiving objects:   7% (952/13594)   Receiving objects:   8% (1088/13594)   Receiving objects:   9% (1224/13594)   Receiving objects:  10% (1360/13594)   Receiving objects:  11% (1496/13594)   Receiving objects:  12% (1632/13594)   Receiving objects:  13% (1768/13594)   Receiving objects:  14% (1904/13594)   Receiving objects:  15% (2040/13594)   Receiving objects:  16% (2176/13594)   Receiving objects:  17% (2311/13594)   Receiving objects:  18% (2447/13594)   Receiving objects:  19% (2583/13594)   Receiving objects:  20% (2719/13594)   Receiving objects:  21% (2855/13594)   Receiving objects:  22% (2991/13594)   Receiving objects:  23% (3127/13594)   Receiving objects:  24% (3263/13594)   Receiving objects:  25% (3399/13594)   Receiving objects:  26% (3535/13594)   Receiving objects:  27% (3671/13594)   Receiving objects:  28% (3807/13594)   Receiving objects:  29% (3943/13594)   Receiving objects:  30% (4079/13594)   Receiving objects:  31% (4215/13594)   Receiving objects:  32% (4351/13594)   Receiving objects:  33% (4487/13594)   Receiving objects:  34% (4622/13594), 9.16 MiB | 18.28 MiB/s   Receiving objects:  35% (4758/13594), 9.16 MiB | 18.28 MiB/s   Receiving objects:  36% (4894/13594), 9.16 MiB | 18.28 MiB/s   Receiving objects:  37% (5030/13594), 9.16 MiB | 18.28 MiB/s   Receiving objects:  38% (5166/13594), 9.16 MiB | 18.28 MiB/s   Receiving objects:  39% (5302/13594), 9.16 MiB | 18.28 MiB/s   Receiving objects:  40% (5438/13594), 9.16 MiB | 18.28 MiB/s   Receiving objects:  41% (5574/13594), 9.16 MiB | 18.28 MiB/s   Receiving objects:  42% (5710/13594), 9.16 MiB | 18.28 MiB/s   Receiving objects:  43% (5846/13594), 9.16 MiB | 18.28 MiB/s   Receiving objects:  44% (5982/13594), 9.16 MiB | 18.28 MiB/s   Receiving objects:  45% (6118/13594), 9.16 MiB | 18.28 MiB/s   Receiving objects:  46% (6254/13594), 9.16 MiB | 18.28 MiB/s   Receiving objects:  47% (6390/13594), 9.16 MiB | 18.28 MiB/s   Receiving objects:  48% (6526/13594), 9.16 MiB | 18.28 MiB/s   Receiving objects:  49% (6662/13594), 9.16 MiB | 18.28 MiB/s   Receiving objects:  50% (6797/13594), 9.16 MiB | 18.28 MiB/s   Receiving objects:  51% (6933/13594), 9.16 MiB | 18.28 MiB/s   Receiving objects:  52% (7069/13594), 9.16 MiB | 18.28 MiB/s   Receiving objects:  53% (7205/13594), 9.16 MiB | 18.28 MiB/s   Receiving objects:  54% (7341/13594), 9.16 MiB | 18.28 MiB/s   Receiving objects:  55% (7477/13594), 9.16 MiB | 18.28 MiB/s   Receiving objects:  56% (7613/13594), 9.16 MiB | 18.28 MiB/s   Receiving objects:  57% (7749/13594), 9.16 MiB | 18.28 MiB/s   Receiving objects:  58% (7885/13594), 9.16 MiB | 18.28 MiB/s   Receiving objects:  59% (8021/13594), 9.16 MiB | 18.28 MiB/s   Receiving objects:  60% (8157/13594), 9.16 MiB | 18.28 MiB/s   Receiving objects:  61% (8293/13594), 9.16 MiB | 18.28 MiB/s   Receiving objects:  62% (8429/13594), 9.16 MiB | 18.28 MiB/s   Receiving objects:  63% (8565/13594), 9.16 MiB | 18.28 MiB/s   Receiving objects:  64% (8701/13594), 9.16 MiB | 18.28 MiB/s   Receiving objects:  64% (8772/13594), 9.16 MiB | 18.28 MiB/s   Receiving objects:  65% (8837/13594), 17.10 MiB | 17.06 MiB/s   Receiving objects:  66% (8973/13594), 17.10 MiB | 17.06 MiB/s   Receiving objects:  67% (9108/13594), 17.10 MiB | 17.06 MiB/s   Receiving objects:  68% (9244/13594), 17.10 MiB | 17.06 MiB/s   Receiving objects:  69% (9380/13594), 17.10 MiB | 17.06 MiB/s   Receiving objects:  70% (9516/13594), 17.10 MiB | 17.06 MiB/s   Receiving objects:  71% (9652/13594), 17.10 MiB | 17.06 MiB/s   Receiving objects:  72% (9788/13594), 17.10 MiB | 17.06 MiB/s   Receiving objects:  73% (9924/13594), 17.10 MiB | 17.06 MiB/s   Receiving objects:  74% (10060/13594), 17.10 MiB | 17.06 MiB/s   Receiving objects:  75% (10196/13594), 17.10 MiB | 17.06 MiB/s   Receiving objects:  76% (10332/13594), 17.10 MiB | 17.06 MiB/s   Receiving objects:  77% (10468/13594), 17.10 MiB | 17.06 MiB/s   Receiving objects:  78% (10604/13594), 17.10 MiB | 17.06 MiB/s   Receiving objects:  79% (10740/13594), 17.10 MiB | 17.06 MiB/s   Receiving objects:  80% (10876/13594), 17.10 MiB | 17.06 MiB/s   Receiving objects:  81% (11012/13594), 17.10 MiB | 17.06 MiB/s   Receiving objects:  82% (11148/13594), 17.10 MiB | 17.06 MiB/s   Receiving objects:  83% (11284/13594), 17.10 MiB | 17.06 MiB/s   Receiving objects:  84% (11419/13594), 17.10 MiB | 17.06 MiB/s   Receiving objects:  85% (11555/13594), 17.10 MiB | 17.06 MiB/s   Receiving objects:  86% (11691/13594), 17.10 MiB | 17.06 MiB/s   Receiving objects:  87% (11827/13594), 17.10 MiB | 17.06 MiB/s   Receiving objects:  88% (11963/13594), 17.10 MiB | 17.06 MiB/s   Receiving objects:  89% (12099/13594), 17.10 MiB | 17.06 MiB/s   Receiving objects:  90% (12235/13594), 17.10 MiB | 17.06 MiB/s   Receiving objects:  91% (12371/13594), 26.02 MiB | 17.31 MiB/s   Receiving objects:  92% (12507/13594), 26.02 MiB | 17.31 MiB/s   Receiving objects:  93% (12643/13594), 26.02 MiB | 17.31 MiB/s   Receiving objects:  94% (12779/13594), 26.02 MiB | 17.31 MiB/s   Receiving objects:  95% (12915/13594), 26.02 MiB | 17.31 MiB/s   Receiving objects:  96% (13051/13594), 26.02 MiB | 17.31 MiB/s   Receiving objects:  97% (13187/13594), 26.02 MiB | 17.31 MiB/s   Receiving objects:  98% (13323/13594), 26.02 MiB | 17.31 MiB/s   Receiving objects:  99% (13459/13594), 26.02 MiB | 17.31 MiB/s   Receiving objects:  99% (13498/13594), 38.99 MiB | 19.45 MiB/s   remote: Total 13594 (delta 0), reused 0 (delta 0), pack-reused 13594[K
Receiving objects: 100% (13594/13594), 55.25 MiB | 22.05 MiB/s   Receiving objects: 100% (13594/13594), 59.00 MiB | 22.05 MiB/s, done.
Resolving deltas:   0% (0/4292)   Resolving deltas:   1% (43/4292)   Resolving deltas:   3% (131/4292)   Resolving deltas:   4% (177/4292)   Resolving deltas:   5% (215/4292)   Resolving deltas:   6% (258/4292)   Resolving deltas:   7% (301/4292)   Resolving deltas:   8% (345/4292)   Resolving deltas:   9% (388/4292)   Resolving deltas:  10% (430/4292)   Resolving deltas:  11% (473/4292)   Resolving deltas:  12% (517/4292)   Resolving deltas:  13% (561/4292)   Resolving deltas:  14% (607/4292)   Resolving deltas:  15% (659/4292)   Resolving deltas:  16% (706/4292)   Resolving deltas:  17% (733/4292)   Resolving deltas:  18% (776/4292)   Resolving deltas:  19% (824/4292)   Resolving deltas:  20% (860/4292)   Resolving deltas:  21% (902/4292)   Resolving deltas:  22% (945/4292)   Resolving deltas:  23% (988/4292)   Resolving deltas:  24% (1031/4292)   Resolving deltas:  25% (1073/4292)   Resolving deltas:  26% (1117/4292)   Resolving deltas:  27% (1159/4292)   Resolving deltas:  28% (1204/4292)   Resolving deltas:  29% (1246/4292)   Resolving deltas:  30% (1288/4292)   Resolving deltas:  31% (1338/4292)   Resolving deltas:  32% (1374/4292)   Resolving deltas:  33% (1425/4292)   Resolving deltas:  34% (1463/4292)   Resolving deltas:  35% (1519/4292)   Resolving deltas:  36% (1547/4292)   Resolving deltas:  37% (1589/4292)   Resolving deltas:  38% (1634/4292)   Resolving deltas:  39% (1674/4292)   Resolving deltas:  40% (1717/4292)   Resolving deltas:  41% (1762/4292)   Resolving deltas:  42% (1810/4292)   Resolving deltas:  43% (1846/4292)   Resolving deltas:  44% (1890/4292)   Resolving deltas:  45% (1935/4292)   Resolving deltas:  46% (1984/4292)   Resolving deltas:  47% (2021/4292)   Resolving deltas:  48% (2061/4292)   Resolving deltas:  49% (2104/4292)   Resolving deltas:  50% (2152/4292)   Resolving deltas:  51% (2190/4292)   Resolving deltas:  52% (2232/4292)   Resolving deltas:  53% (2275/4292)   Resolving deltas:  54% (2326/4292)   Resolving deltas:  55% (2362/4292)   Resolving deltas:  56% (2404/4292)   Resolving deltas:  57% (2452/4292)   Resolving deltas:  58% (2494/4292)   Resolving deltas:  59% (2539/4292)   Resolving deltas:  60% (2578/4292)   Resolving deltas:  61% (2619/4292)   Resolving deltas:  62% (2664/4292)   Resolving deltas:  63% (2704/4292)   Resolving deltas:  64% (2748/4292)   Resolving deltas:  65% (2792/4292)   Resolving deltas:  66% (2833/4292)   Resolving deltas:  67% (2876/4292)   Resolving deltas:  68% (2919/4292)   Resolving deltas:  69% (2962/4292)   Resolving deltas:  70% (3006/4292)   Resolving deltas:  71% (3048/4292)   Resolving deltas:  72% (3091/4292)   Resolving deltas:  73% (3134/4292)   Resolving deltas:  74% (3183/4292)   Resolving deltas:  75% (3241/4292)   Resolving deltas:  76% (3264/4292)   Resolving deltas:  77% (3306/4292)   Resolving deltas:  78% (3354/4292)   Resolving deltas:  79% (3391/4292)   Resolving deltas:  80% (3434/4292)   Resolving deltas:  81% (3478/4292)   Resolving deltas:  82% (3520/4292)   Resolving deltas:  83% (3570/4292)   Resolving deltas:  84% (3609/4292)   Resolving deltas:  85% (3649/4292)   Resolving deltas:  86% (3702/4292)   Resolving deltas:  87% (3736/4292)   Resolving deltas:  88% (3777/4292)   Resolving deltas:  89% (3821/4292)   Resolving deltas:  90% (3863/4292)   Resolving deltas:  91% (3906/4292)   Resolving deltas:  92% (3950/4292)   Resolving deltas:  93% (3992/4292)   Resolving deltas:  94% (4035/4292)   Resolving deltas:  95% (4078/4292)   Resolving deltas:  96% (4121/4292)   Resolving deltas:  97% (4165/4292)   Resolving deltas:  98% (4209/4292)   Resolving deltas:  99% (4262/4292)   Resolving deltas: 100% (4292/4292)   Resolving deltas: 100% (4292/4292), done.
Checking connectivity... done.
Submodule path 'its/sources': checked out 'cc875becc22ced6aecd0463d01531e40bfbae4af'
travis_time:end:036d3726:start=1441123763849386330,finish=1441123768267093806,duration=4417707476[0Ktravis_fold:end:git.submodule[0K
[33;1mThis job is running on container-based infrastructure, which does not allow use of 'sudo', setuid and setguid executables.[0m
[33;1mIf you require sudo, add 'sudo: required' to your .travis.yml[0m
[33;1mSee http://docs.travis-ci.com/user/workers/container-based-infrastructure/ for details.[0m

[33;1mSetting environment variables from repository settings[0m
$ export SONAR_HOST_URL=[secure]
$ export SONAR_GITHUB_REPOSITORY=git@github.com:SonarSource/sonar-java.git
$ export SONAR_GITHUB_LOGIN=[secure]
$ export SONAR_GITHUB_OAUTH=[secure]

[33;1mSetting environment variables from .travis.yml[0m
$ export TESTS=CI

travis_fold:start:cache.1[0KSetting up build cache
$ export CASHER_DIR=$HOME/.casher
travis_time:start:0cb786a6[0K$ Installing caching utilities
travis_time:end:0cb786a6:start=1441123769759639623,finish=1441123769834243231,duration=74603608[0Ktravis_time:start:2a02a10a[0Kattempting to download cache archive
fetching SONARJAVA-1246/cache--jdk-oraclejdk7.tgz
found cache
travis_time:end:2a02a10a:start=1441123769838636121,finish=1441123782620140392,duration=12781504271[0Ktravis_time:start:06e4cb9a[0Kadding /home/travis/.m2/repository to cache
travis_time:end:06e4cb9a:start=1441123782623704165,finish=1441123789305942153,duration=6682237988[0Ktravis_fold:end:cache.1[0K$ jdk_switcher use oraclejdk7
Switching to Oracle JDK7 (java-7-oracle), JAVA_HOME will be set to /usr/lib/jvm/java-7-oracle
$ java -Xmx32m -version
java version "1.7.0_76"
Java(TM) SE Runtime Environment (build 1.7.0_76-b13)
Java HotSpot(TM) 64-Bit Server VM (build 24.76-b04, mixed mode)
$ javac -J-Xmx32m -version
javac 1.7.0_76
travis_fold:start:install[0Ktravis_time:start:03b4f1b0[0K$ true
travis_time:end:03b4f1b0:start=1441123789670839915,finish=1441123789674372882,duration=3532967[0Ktravis_fold:end:install[0Ktravis_time:start:1a1ae70e[0K$ ./travis.sh
Apache Maven 3.2.5 (12a6b3acb947671f09b81f49094c53f426d8cea1; 2014-12-14T17:29:23+00:00)
Maven home: /usr/local/maven
Java version: 1.7.0_76, vendor: Oracle Corporation
Java home: /usr/lib/jvm/java-7-oracle/jre
Default locale: en_US, platform encoding: UTF-8
OS name: "linux", version: "3.13.0-40-generic", arch: "amd64", family: "unix"
[INFO] Error stacktraces are turned on.
[INFO] Scanning for projects...
[INFO] ------------------------------------------------------------------------
[INFO] Reactor Build Order:
[INFO] 
[INFO] SonarQube Java
[INFO] SonarQube Java :: Squid
[INFO] SonarQube Java :: Checks
[INFO] SonarQube Java :: Surefire
[INFO] java-jacoco-previous
[INFO] SonarQube Java :: JaCoCo
[INFO] SonarQube Java :: Plugin
[INFO] SonarQube Java :: JaCoCo Listeners
[INFO]                                                                         
[INFO] ------------------------------------------------------------------------
[INFO] Building SonarQube Java 3.6-SNAPSHOT
[INFO] ------------------------------------------------------------------------
[INFO] 
[INFO] --- buildnumber-maven-plugin:1.3:create (default) @ java ---
[INFO] Executing: /bin/sh -c cd /home/travis/build/SonarSource/sonar-java && git rev-parse --verify HEAD
[INFO] Working directory: /home/travis/build/SonarSource/sonar-java
[INFO] Storing buildNumber: a5a7d4a099640e9d1438cb0fe76c7da4e0b2306d at timestamp: 1441123793995
[WARNING] Cannot get the branch information from the git repository: 
Detecting the current branch failed: fatal: ref HEAD is not a symbolic ref

[INFO] Executing: /bin/sh -c cd /home/travis/build/SonarSource/sonar-java && git rev-parse --verify HEAD
[INFO] Working directory: /home/travis/build/SonarSource/sonar-java
[INFO] Storing buildScmBranch: UNKNOWN
[INFO] 
[INFO] --- maven-enforcer-plugin:1.3.1:enforce (enforce) @ java ---
[INFO] 
[INFO] --- maven-license-plugin:1.10.b1:check (enforce-license-headers) @ java ---
[INFO] Checking licenses...
[INFO] 
[INFO] --- animal-sniffer-maven-plugin:1.13:check (enforce-java-api-compatibility) @ java ---
[INFO] Checking unresolved references to org.codehaus.mojo.signature:java17:1.0
[INFO] 
[INFO] --- maven-source-plugin:2.4:jar-no-fork (attach-sources) @ java ---
[INFO]                                                                         
[INFO] ------------------------------------------------------------------------
[INFO] Building SonarQube Java :: Squid 3.6-SNAPSHOT
[INFO] ------------------------------------------------------------------------
[INFO] 
[INFO] --- buildnumber-maven-plugin:1.3:create (default) @ java-squid ---
[INFO] 
[INFO] --- maven-enforcer-plugin:1.3.1:enforce (enforce) @ java-squid ---
[INFO] 
[INFO] --- maven-license-plugin:1.10.b1:check (enforce-license-headers) @ java-squid ---
[INFO] Checking licenses...
[INFO] 
[INFO] --- maven-resources-plugin:2.7:resources (default-resources) @ java-squid ---
[INFO] Using 'UTF-8' encoding to copy filtered resources.
[INFO] Copying 1 resource
[INFO] 
[INFO] --- maven-compiler-plugin:3.2:compile (default-compile) @ java-squid ---
[INFO] Changes detected - recompiling the module!
[INFO] Compiling 262 source files to /home/travis/build/SonarSource/sonar-java/java-squid/target/classes
[INFO] /home/travis/build/SonarSource/sonar-java/java-squid/src/main/java/org/sonar/java/ast/parser/ListTreeImpl.java: Some input files use unchecked or unsafe operations.
[INFO] /home/travis/build/SonarSource/sonar-java/java-squid/src/main/java/org/sonar/java/ast/parser/ListTreeImpl.java: Recompile with -Xlint:unchecked for details.
[INFO] 
[INFO] --- maven-dependency-plugin:2.9:unpack (unpack-test-projects) @ java-squid ---
[INFO] Configured Artifact: commons-collections:commons-collections:sources:3.2.1:jar
[INFO] Configured Artifact: commons-collections:commons-collections:3.2.1:jar
[INFO] Configured Artifact: org.apache.struts:struts-core:sources:1.3.9:jar
[INFO] Configured Artifact: org.apache.struts:struts-core:1.3.9:jar
[INFO] Unpacking /home/travis/.m2/repository/commons-collections/commons-collections/3.2.1/commons-collections-3.2.1-sources.jar to /home/travis/build/SonarSource/sonar-java/java-squid/target/test-projects/commons-collections-3.2.1/src with includes "" and excludes ""
[INFO] Unpacking /home/travis/.m2/repository/commons-collections/commons-collections/3.2.1/commons-collections-3.2.1.jar to /home/travis/build/SonarSource/sonar-java/java-squid/target/test-projects/commons-collections-3.2.1/bin with includes "" and excludes ""
[INFO] Unpacking /home/travis/.m2/repository/org/apache/struts/struts-core/1.3.9/struts-core-1.3.9-sources.jar to /home/travis/build/SonarSource/sonar-java/java-squid/target/test-projects/struts-core-1.3.9/src with includes "" and excludes ""
[INFO] Unpacking /home/travis/.m2/repository/org/apache/struts/struts-core/1.3.9/struts-core-1.3.9.jar to /home/travis/build/SonarSource/sonar-java/java-squid/target/test-projects/struts-core-1.3.9/bin with includes "" and excludes ""
[INFO] 
[INFO] --- maven-resources-plugin:2.7:testResources (default-testResources) @ java-squid ---
[INFO] Using 'UTF-8' encoding to copy filtered resources.
[INFO] Copying 5 resources
[INFO] 
[INFO] --- maven-compiler-plugin:3.2:testCompile (default-testCompile) @ java-squid ---
[INFO] Changes detected - recompiling the module!
[INFO] Compiling 161 source files to /home/travis/build/SonarSource/sonar-java/java-squid/target/test-classes
[INFO] /home/travis/build/SonarSource/sonar-java/java-squid/src/test/java/org/sonar/java/ast/visitors/FileLinesVisitorTest.java: Some input files use or override a deprecated API.
[INFO] /home/travis/build/SonarSource/sonar-java/java-squid/src/test/java/org/sonar/java/ast/visitors/FileLinesVisitorTest.java: Recompile with -Xlint:deprecation for details.
[INFO] /home/travis/build/SonarSource/sonar-java/java-squid/src/test/java/org/sonar/java/SonarComponentsTest.java: Some input files use unchecked or unsafe operations.
[INFO] /home/travis/build/SonarSource/sonar-java/java-squid/src/test/java/org/sonar/java/SonarComponentsTest.java: Recompile with -Xlint:unchecked for details.
[INFO] 
[INFO] --- maven-surefire-plugin:2.18:test (default-test) @ java-squid ---
[INFO] Surefire report directory: /home/travis/build/SonarSource/sonar-java/java-squid/target/surefire-reports

-------------------------------------------------------
 T E S T S
-------------------------------------------------------
Running org.sonar.java.ast.parser.grammar.types.TypeArgumentTest
Tests run: 1, Failures: 0, Errors: 0, Skipped: 0, Time elapsed: 0.429 sec - in org.sonar.java.ast.parser.grammar.types.TypeArgumentTest
Running org.sonar.java.SquidUserGuideTest
Tests run: 3, Failures: 0, Errors: 0, Skipped: 0, Time elapsed: 24.947 sec - in org.sonar.java.SquidUserGuideTest
Running org.sonar.java.resolve.ScopeTest
Tests run: 3, Failures: 0, Errors: 0, Skipped: 0, Time elapsed: 0.011 sec - in org.sonar.java.resolve.ScopeTest
Running org.sonar.java.ast.parser.grammar.units.PackageDeclarationTest
Tests run: 1, Failures: 0, Errors: 0, Skipped: 0, Time elapsed: 0.022 sec - in org.sonar.java.ast.parser.grammar.units.PackageDeclarationTest
Running org.sonar.java.resolve.JavaSymbolTest
Tests run: 10, Failures: 0, Errors: 0, Skipped: 0, Time elapsed: 0.068 sec - in org.sonar.java.resolve.JavaSymbolTest
Running org.sonar.java.ast.parser.grammar.statements.AssertStatementTest
Tests run: 1, Failures: 0, Errors: 0, Skipped: 0, Time elapsed: 0.007 sec - in org.sonar.java.ast.parser.grammar.statements.AssertStatementTest
Running org.sonar.plugins.java.api.tree.TreeTest
Tests run: 1, Failures: 0, Errors: 0, Skipped: 0, Time elapsed: 0 sec - in org.sonar.plugins.java.api.tree.TreeTest
Running org.sonar.java.DefaultJavaResourceLocatorTest
Tests run: 6, Failures: 0, Errors: 0, Skipped: 0, Time elapsed: 0.147 sec - in org.sonar.java.DefaultJavaResourceLocatorTest
Running org.sonar.java.ast.parser.grammar.parameters.FormalParameterTest
Tests run: 1, Failures: 0, Errors: 0, Skipped: 0, Time elapsed: 0.028 sec - in org.sonar.java.ast.parser.grammar.parameters.FormalParameterTest
Running org.sonar.java.signature.ParameterSignatureScannerTest
Tests run: 11, Failures: 0, Errors: 0, Skipped: 0, Time elapsed: 0 sec - in org.sonar.java.signature.ParameterSignatureScannerTest
Running org.sonar.java.bytecode.BytecodeVisitorsTest
Tests run: 16, Failures: 0, Errors: 0, Skipped: 0, Time elapsed: 0.302 sec - in org.sonar.java.bytecode.BytecodeVisitorsTest
Running org.sonar.java.ast.parser.grammar.literals.KeywordTest
Tests run: 1, Failures: 0, Errors: 0, Skipped: 0, Time elapsed: 0.004 sec - in org.sonar.java.ast.parser.grammar.literals.KeywordTest
Running org.sonar.java.model.PackageUtilsTest
Tests run: 4, Failures: 0, Errors: 0, Skipped: 0, Time elapsed: 0.021 sec - in org.sonar.java.model.PackageUtilsTest
Running org.sonar.java.signature.MethodSignatureScannerTest
Tests run: 4, Failures: 0, Errors: 0, Skipped: 0, Time elapsed: 0.022 sec - in org.sonar.java.signature.MethodSignatureScannerTest
Running org.sonar.java.ast.parser.grammar.types.BoundTest
Tests run: 1, Failures: 0, Errors: 0, Skipped: 0, Time elapsed: 0.006 sec - in org.sonar.java.ast.parser.grammar.types.BoundTest
Running org.sonar.java.model.declaration.MethodTreeImplTest
Tests run: 13, Failures: 0, Errors: 0, Skipped: 0, Time elapsed: 0.302 sec - in org.sonar.java.model.declaration.MethodTreeImplTest
Running org.sonar.java.bytecode.asm.AsmClassVisitorTest
Tests run: 9, Failures: 0, Errors: 0, Skipped: 0, Time elapsed: 0.034 sec - in org.sonar.java.bytecode.asm.AsmClassVisitorTest
Running org.sonar.java.bytecode.asm.AsmSignatureVisitorTest
Tests run: 6, Failures: 0, Errors: 0, Skipped: 0, Time elapsed: 0.004 sec - in org.sonar.java.bytecode.asm.AsmSignatureVisitorTest
Running org.sonar.java.ast.parser.grammar.types.ModifiersTest
Tests run: 1, Failures: 0, Errors: 0, Skipped: 0, Time elapsed: 0.034 sec - in org.sonar.java.ast.parser.grammar.types.ModifiersTest
Running org.sonar.plugins.java.api.IssuableSubscriptionVisitorTest
Tests run: 1, Failures: 0, Errors: 0, Skipped: 0, Time elapsed: 0.077 sec - in org.sonar.plugins.java.api.IssuableSubscriptionVisitorTest
Running org.sonar.java.bytecode.asm.AsmSignatureTest
Tests run: 2, Failures: 0, Errors: 0, Skipped: 0, Time elapsed: 0 sec - in org.sonar.java.bytecode.asm.AsmSignatureTest
Running org.sonar.java.ast.parser.grammar.interfaces.InterfaceDeclarationTest
Tests run: 2, Failures: 0, Errors: 0, Skipped: 0, Time elapsed: 0.03 sec - in org.sonar.java.ast.parser.grammar.interfaces.InterfaceDeclarationTest
Running org.sonar.java.ast.parser.grammar.statements.SwitchBlockStatementGroupTest
Tests run: 1, Failures: 0, Errors: 0, Skipped: 0, Time elapsed: 0.027 sec - in org.sonar.java.ast.parser.grammar.statements.SwitchBlockStatementGroupTest
Running org.sonar.java.model.SyntacticEquivalenceTest
Tests run: 5, Failures: 0, Errors: 0, Skipped: 0, Time elapsed: 0.127 sec - in org.sonar.java.model.SyntacticEquivalenceTest
Running org.sonar.java.ast.parser.grammar.types.TypeParametersTest
Tests run: 1, Failures: 0, Errors: 0, Skipped: 0, Time elapsed: 0.009 sec - in org.sonar.java.ast.parser.grammar.types.TypeParametersTest
Running org.sonar.java.ast.parser.grammar.statements.LocalVariableDeclarationStatementTest
Tests run: 1, Failures: 0, Errors: 0, Skipped: 0, Time elapsed: 0.017 sec - in org.sonar.java.ast.parser.grammar.statements.LocalVariableDeclarationStatementTest
Running org.sonar.java.model.ModifiersUtilsTest
Tests run: 1, Failures: 0, Errors: 0, Skipped: 0, Time elapsed: 0.021 sec - in org.sonar.java.model.ModifiersUtilsTest
Running org.sonar.java.ast.parser.grammar.statements.FinallyTest
Tests run: 1, Failures: 0, Errors: 0, Skipped: 0, Time elapsed: 0.024 sec - in org.sonar.java.ast.parser.grammar.statements.FinallyTest
Running org.sonar.java.ast.parser.grammar.statements.CatchClauseTest
Tests run: 1, Failures: 0, Errors: 0, Skipped: 0, Time elapsed: 0.008 sec - in org.sonar.java.ast.parser.grammar.statements.CatchClauseTest
Running org.sonar.java.JavaTestClasspathTest
Tests run: 2, Failures: 0, Errors: 0, Skipped: 0, Time elapsed: 0.089 sec - in org.sonar.java.JavaTestClasspathTest
Running org.sonar.java.ast.parser.grammar.statements.BreakStatementTest
Tests run: 1, Failures: 0, Errors: 0, Skipped: 0, Time elapsed: 0.006 sec - in org.sonar.java.ast.parser.grammar.statements.BreakStatementTest
Running org.sonar.java.ast.parser.ListTreeImplTest
Tests run: 2, Failures: 0, Errors: 0, Skipped: 0, Time elapsed: 0.001 sec - in org.sonar.java.ast.parser.ListTreeImplTest
Running org.sonar.java.ast.parser.grammar.statements.EmptyStatementTest
Tests run: 1, Failures: 0, Errors: 0, Skipped: 0, Time elapsed: 0.02 sec - in org.sonar.java.ast.parser.grammar.statements.EmptyStatementTest
Running org.sonar.java.bytecode.asm.AsmMethodTest
Tests run: 6, Failures: 0, Errors: 0, Skipped: 0, Time elapsed: 0.029 sec - in org.sonar.java.bytecode.asm.AsmMethodTest
Running org.sonar.java.ast.parser.grammar.statements.VariableDeclaratorTest
Tests run: 2, Failures: 0, Errors: 0, Skipped: 0, Time elapsed: 0.036 sec - in org.sonar.java.ast.parser.grammar.statements.VariableDeclaratorTest
Running org.sonar.java.resolve.ConvertTest
Tests run: 8, Failures: 0, Errors: 0, Skipped: 0, Time elapsed: 0.003 sec - in org.sonar.java.resolve.ConvertTest
Running org.sonar.java.ast.parser.grammar.literals.IntegerLiteralTest
Tests run: 2, Failures: 0, Errors: 0, Skipped: 0, Time elapsed: 0.175 sec - in org.sonar.java.ast.parser.grammar.literals.IntegerLiteralTest
Running org.sonar.java.ast.parser.grammar.expressions.ExpressionTest
Tests run: 2, Failures: 0, Errors: 0, Skipped: 0, Time elapsed: 0.036 sec - in org.sonar.java.ast.parser.grammar.expressions.ExpressionTest
Running org.sonar.java.resolve.TypesTest
Tests run: 2, Failures: 0, Errors: 0, Skipped: 0, Time elapsed: 0.001 sec - in org.sonar.java.resolve.TypesTest
Running org.sonar.java.ast.parser.grammar.statements.ForStatementTest
Tests run: 1, Failures: 0, Errors: 0, Skipped: 0, Time elapsed: 0.009 sec - in org.sonar.java.ast.parser.grammar.statements.ForStatementTest
Running org.sonar.java.ast.parser.JavaParserIntegrationTest
Tests run: 489, Failures: 0, Errors: 0, Skipped: 0, Time elapsed: 10.44 sec - in org.sonar.java.ast.parser.JavaParserIntegrationTest
Running org.sonar.plugins.java.api.CheckRegistrarTest
Tests run: 1, Failures: 0, Errors: 0, Skipped: 0, Time elapsed: 0 sec - in org.sonar.plugins.java.api.CheckRegistrarTest
Running org.sonar.java.bytecode.asm.AsmMethodVisitorTest
Tests run: 5, Failures: 0, Errors: 0, Skipped: 0, Time elapsed: 0.056 sec - in org.sonar.java.bytecode.asm.AsmMethodVisitorTest
Running org.sonar.java.ast.parser.grammar.enums.EnumDeclarationTest
Tests run: 2, Failures: 0, Errors: 0, Skipped: 0, Time elapsed: 0.003 sec - in org.sonar.java.ast.parser.grammar.enums.EnumDeclarationTest
Running org.sonar.java.ast.parser.grammar.statements.BlockStatementsTest
Tests run: 1, Failures: 0, Errors: 0, Skipped: 0, Time elapsed: 0.002 sec - in org.sonar.java.ast.parser.grammar.statements.BlockStatementsTest
Running org.sonar.java.ast.parser.grammar.statements.ResourceTest
Tests run: 2, Failures: 0, Errors: 0, Skipped: 0, Time elapsed: 0.014 sec - in org.sonar.java.ast.parser.grammar.statements.ResourceTest
Running org.sonar.java.resolve.JavaTypeTest
Tests run: 12, Failures: 0, Errors: 0, Skipped: 0, Time elapsed: 0.032 sec - in org.sonar.java.resolve.JavaTypeTest
Running org.sonar.java.ast.JavaAstScannerTest
Tests run: 6, Failures: 0, Errors: 0, Skipped: 0, Time elapsed: 0.193 sec - in org.sonar.java.ast.JavaAstScannerTest
Running org.sonar.java.ast.visitors.SyntaxHighlighterVisitorTest
Tests run: 4, Failures: 0, Errors: 0, Skipped: 0, Time elapsed: 0.169 sec - in org.sonar.java.ast.visitors.SyntaxHighlighterVisitorTest
Running org.sonar.java.ast.parser.grammar.types.TypeTest
Tests run: 1, Failures: 0, Errors: 0, Skipped: 0, Time elapsed: 0.001 sec - in org.sonar.java.ast.parser.grammar.types.TypeTest
Running org.sonar.java.model.KindMapsTest
Tests run: 6, Failures: 0, Errors: 0, Skipped: 0, Time elapsed: 0 sec - in org.sonar.java.model.KindMapsTest
Running org.sonar.java.ast.parser.grammar.enums.EnumConstantTest
Tests run: 2, Failures: 0, Errors: 0, Skipped: 0, Time elapsed: 0.008 sec - in org.sonar.java.ast.parser.grammar.enums.EnumConstantTest
Running org.sonar.java.ast.parser.grammar.units.ImportDeclarationTest
Tests run: 1, Failures: 0, Errors: 0, Skipped: 0, Time elapsed: 0.004 sec - in org.sonar.java.ast.parser.grammar.units.ImportDeclarationTest
Running org.sonar.java.ast.parser.grammar.statements.TryStatementTest
Tests run: 2, Failures: 0, Errors: 0, Skipped: 0, Time elapsed: 0.01 sec - in org.sonar.java.ast.parser.grammar.statements.TryStatementTest
Running org.sonar.java.ast.parser.grammar.expressions.RelationalExpressionTest
Tests run: 1, Failures: 0, Errors: 0, Skipped: 0, Time elapsed: 0.004 sec - in org.sonar.java.ast.parser.grammar.expressions.RelationalExpressionTest
Running org.sonar.java.ast.api.JavaPunctuatorTest
Tests run: 1, Failures: 0, Errors: 0, Skipped: 0, Time elapsed: 0.001 sec - in org.sonar.java.ast.api.JavaPunctuatorTest
Running org.sonar.java.signature.ParameterSignaturePrinterTest
Tests run: 4, Failures: 0, Errors: 0, Skipped: 0, Time elapsed: 0.002 sec - in org.sonar.java.signature.ParameterSignaturePrinterTest
Running org.sonar.java.ast.parser.grammar.literals.CharacterLiteralTest
Tests run: 1, Failures: 0, Errors: 0, Skipped: 0, Time elapsed: 0.003 sec - in org.sonar.java.ast.parser.grammar.literals.CharacterLiteralTest
Running org.sonar.java.ast.parser.grammar.statements.ThrowStatementTest
Tests run: 1, Failures: 0, Errors: 0, Skipped: 0, Time elapsed: 0.024 sec - in org.sonar.java.ast.parser.grammar.statements.ThrowStatementTest
Running org.sonar.java.model.expression.MethodInvocationTreeImplTest
Tests run: 1, Failures: 0, Errors: 0, Skipped: 0, Time elapsed: 0.002 sec - in org.sonar.java.model.expression.MethodInvocationTreeImplTest
Running org.sonar.java.ast.parser.grammar.classes.ClassDeclarationTest
Tests run: 2, Failures: 0, Errors: 0, Skipped: 0, Time elapsed: 0.003 sec - in org.sonar.java.ast.parser.grammar.classes.ClassDeclarationTest
Running org.sonar.java.ast.parser.grammar.statements.StatementTest
Tests run: 1, Failures: 0, Errors: 0, Skipped: 0, Time elapsed: 0.012 sec - in org.sonar.java.ast.parser.grammar.statements.StatementTest
Running org.sonar.java.ast.parser.grammar.statements.BlockStatementTest
Tests run: 1, Failures: 0, Errors: 0, Skipped: 0, Time elapsed: 0.013 sec - in org.sonar.java.ast.parser.grammar.statements.BlockStatementTest
Running org.sonar.java.bytecode.asm.AsmFieldVisitorTest
Tests run: 1, Failures: 0, Errors: 0, Skipped: 0, Time elapsed: 0.016 sec - in org.sonar.java.bytecode.asm.AsmFieldVisitorTest
Running org.sonar.java.ast.parser.grammar.classes.MemberDeclTest
Tests run: 1, Failures: 0, Errors: 0, Skipped: 0, Time elapsed: 0.001 sec - in org.sonar.java.ast.parser.grammar.classes.MemberDeclTest
Running org.sonar.java.resolve.TypeAndReferenceSolverTest
Tests run: 29, Failures: 0, Errors: 0, Skipped: 0, Time elapsed: 1.705 sec - in org.sonar.java.resolve.TypeAndReferenceSolverTest
Running org.sonar.java.MeasurerTest
Tests run: 14, Failures: 0, Errors: 0, Skipped: 0, Time elapsed: 0.149 sec - in org.sonar.java.MeasurerTest
Running org.sonar.java.ast.parser.grammar.statements.LabeledStatementTest
Tests run: 1, Failures: 0, Errors: 0, Skipped: 0, Time elapsed: 0.004 sec - in org.sonar.java.ast.parser.grammar.statements.LabeledStatementTest
Running org.sonar.java.model.VisitorsBridgeTest
Tests run: 1, Failures: 0, Errors: 0, Skipped: 0, Time elapsed: 0.012 sec - in org.sonar.java.model.VisitorsBridgeTest
Running org.sonar.java.resolve.SymbolsTest
Tests run: 4, Failures: 0, Errors: 0, Skipped: 0, Time elapsed: 0.003 sec - in org.sonar.java.resolve.SymbolsTest
Running org.sonar.java.bytecode.visitor.DependenciesVisitorTest
Tests run: 1, Failures: 0, Errors: 0, Skipped: 0, Time elapsed: 0.001 sec - in org.sonar.java.bytecode.visitor.DependenciesVisitorTest
Running org.sonar.java.ast.api.JavaKeywordTest
Tests run: 1, Failures: 0, Errors: 0, Skipped: 0, Time elapsed: 0 sec - in org.sonar.java.ast.api.JavaKeywordTest
Running org.sonar.java.ast.parser.grammar.annotations.AnnotationTypeDeclarationTest
Tests run: 1, Failures: 0, Errors: 0, Skipped: 0, Time elapsed: 0.002 sec - in org.sonar.java.ast.parser.grammar.annotations.AnnotationTypeDeclarationTest
Running org.sonar.java.SonarComponentsTest
Tests run: 3, Failures: 0, Errors: 0, Skipped: 0, Time elapsed: 0.027 sec - in org.sonar.java.SonarComponentsTest
Running org.sonar.java.ast.parser.grammar.statements.ReturnStatementTest
Tests run: 1, Failures: 0, Errors: 0, Skipped: 0, Time elapsed: 0.002 sec - in org.sonar.java.ast.parser.grammar.statements.ReturnStatementTest
Running org.sonar.java.bytecode.BytecodeScannerTest
Tests run: 1, Failures: 0, Errors: 0, Skipped: 0, Time elapsed: 0.004 sec - in org.sonar.java.bytecode.BytecodeScannerTest
Running org.sonar.java.resolve.SafetyNetTest
Tests run: 1, Failures: 0, Errors: 0, Skipped: 0, Time elapsed: 14.178 sec - in org.sonar.java.resolve.SafetyNetTest
Running org.sonar.java.resolve.SymbolTableTest
Tests run: 32, Failures: 0, Errors: 0, Skipped: 0, Time elapsed: 0.1 sec - in org.sonar.java.resolve.SymbolTableTest
Running org.sonar.java.ast.parser.grammar.parameters.VariableDeclaratorIdTest
Tests run: 1, Failures: 0, Errors: 0, Skipped: 0, Time elapsed: 0.002 sec - in org.sonar.java.ast.parser.grammar.parameters.VariableDeclaratorIdTest
Running org.sonar.java.bytecode.loader.FileSystemLoaderTest
Tests run: 4, Failures: 0, Errors: 0, Skipped: 0, Time elapsed: 0.003 sec - in org.sonar.java.bytecode.loader.FileSystemLoaderTest
Running org.sonar.java.ast.parser.grammar.units.TypeDeclarationTest
Tests run: 2, Failures: 0, Errors: 0, Skipped: 0, Time elapsed: 0.004 sec - in org.sonar.java.ast.parser.grammar.units.TypeDeclarationTest
Running org.sonar.java.ast.visitors.SonarSymbolTableVisitorTest
Tests run: 1, Failures: 0, Errors: 0, Skipped: 0, Time elapsed: 0.014 sec - in org.sonar.java.ast.visitors.SonarSymbolTableVisitorTest
Running org.sonar.java.ast.parser.grammar.types.TypeArgumentsTest
Tests run: 1, Failures: 0, Errors: 0, Skipped: 0, Time elapsed: 0.002 sec - in org.sonar.java.ast.parser.grammar.types.TypeArgumentsTest
Running org.sonar.java.resolve.BytecodeCompleterTest
Tests run: 21, Failures: 0, Errors: 0, Skipped: 0, Time elapsed: 0.03 sec - in org.sonar.java.resolve.BytecodeCompleterTest
Running org.sonar.java.ast.parser.grammar.statements.SynchronizedStatementTest
Tests run: 1, Failures: 0, Errors: 0, Skipped: 0, Time elapsed: 0.002 sec - in org.sonar.java.ast.parser.grammar.statements.SynchronizedStatementTest
Running org.sonar.java.resolve.TypeSubstitutionTest
Tests run: 9, Failures: 0, Errors: 0, Skipped: 0, Time elapsed: 0.003 sec - in org.sonar.java.resolve.TypeSubstitutionTest
Running org.sonar.java.bytecode.asm.AsmClassProviderImplTest
Tests run: 8, Failures: 0, Errors: 0, Skipped: 0, Time elapsed: 0.024 sec - in org.sonar.java.bytecode.asm.AsmClassProviderImplTest
Running org.sonar.java.model.LiteralUtilsTest
Tests run: 3, Failures: 0, Errors: 0, Skipped: 0, Time elapsed: 0.01 sec - in org.sonar.java.model.LiteralUtilsTest
Running org.sonar.java.ast.parser.grammar.statements.VariableDeclaratorsTest
Tests run: 1, Failures: 0, Errors: 0, Skipped: 0, Time elapsed: 0.002 sec - in org.sonar.java.ast.parser.grammar.statements.VariableDeclaratorsTest
Running org.sonar.java.ast.visitors.PublicApiCheckerTest
Tests run: 3, Failures: 0, Errors: 0, Skipped: 0, Time elapsed: 0.028 sec - in org.sonar.java.ast.visitors.PublicApiCheckerTest
Running org.sonar.java.filters.SuppressWarningsFilterTest
Tests run: 7, Failures: 0, Errors: 0, Skipped: 0, Time elapsed: 0.015 sec - in org.sonar.java.filters.SuppressWarningsFilterTest
Running org.sonar.java.signature.MethodSignaturePrinterTest
Tests run: 1, Failures: 0, Errors: 0, Skipped: 0, Time elapsed: 0.001 sec - in org.sonar.java.signature.MethodSignaturePrinterTest
Running org.sonar.java.ast.parser.grammar.statements.ExpressionStatementTest
Tests run: 1, Failures: 0, Errors: 0, Skipped: 0, Time elapsed: 0.002 sec - in org.sonar.java.ast.parser.grammar.statements.ExpressionStatementTest
Running org.sonar.java.bytecode.asm.AsmClassTest
Tests run: 4, Failures: 0, Errors: 0, Skipped: 0, Time elapsed: 0.002 sec - in org.sonar.java.bytecode.asm.AsmClassTest
Running org.sonar.java.ast.parser.grammar.statements.DoStatementTest
Tests run: 1, Failures: 0, Errors: 0, Skipped: 0, Time elapsed: 0.005 sec - in org.sonar.java.ast.parser.grammar.statements.DoStatementTest
Running org.sonar.java.ast.parser.PrinterVisitorTest
Tests run: 1, Failures: 0, Errors: 0, Skipped: 0, Time elapsed: 0.005 sec - in org.sonar.java.ast.parser.PrinterVisitorTest
Running org.sonar.java.signature.ParameterTest
Tests run: 4, Failures: 0, Errors: 0, Skipped: 0, Time elapsed: 0.002 sec - in org.sonar.java.signature.ParameterTest
Running org.sonar.java.ast.parser.grammar.literals.FloatLiteralTest
Tests run: 2, Failures: 0, Errors: 0, Skipped: 0, Time elapsed: 0.016 sec - in org.sonar.java.ast.parser.grammar.literals.FloatLiteralTest
Running org.sonar.java.ast.parser.grammar.statements.ContinueStatementTest
Tests run: 1, Failures: 0, Errors: 0, Skipped: 0, Time elapsed: 0.002 sec - in org.sonar.java.ast.parser.grammar.statements.ContinueStatementTest
Running org.sonar.java.ast.parser.grammar.statements.SwitchStatementTest
Tests run: 1, Failures: 0, Errors: 0, Skipped: 0, Time elapsed: 0.002 sec - in org.sonar.java.ast.parser.grammar.statements.SwitchStatementTest
Running org.sonar.java.ast.parser.grammar.literals.IdentifierTest
Tests run: 1, Failures: 0, Errors: 0, Skipped: 0, Time elapsed: 0.002 sec - in org.sonar.java.ast.parser.grammar.literals.IdentifierTest
Running org.sonar.java.resolve.ImportResolutionTest
Tests run: 12, Failures: 0, Errors: 0, Skipped: 0, Time elapsed: 0.147 sec - in org.sonar.java.resolve.ImportResolutionTest
Running org.sonar.java.bytecode.loader.JarLoaderTest
Tests run: 5, Failures: 0, Errors: 0, Skipped: 0, Time elapsed: 0.007 sec - in org.sonar.java.bytecode.loader.JarLoaderTest
Running org.sonar.java.ast.parser.grammar.literals.StringLiteralTest
Tests run: 2, Failures: 0, Errors: 0, Skipped: 0, Time elapsed: 0.004 sec - in org.sonar.java.ast.parser.grammar.literals.StringLiteralTest
Running org.sonar.java.ast.parser.grammar.statements.IfStatementTest
Tests run: 1, Failures: 0, Errors: 0, Skipped: 0, Time elapsed: 0.002 sec - in org.sonar.java.ast.parser.grammar.statements.IfStatementTest
Running org.sonar.java.ast.parser.grammar.parameters.FormalParametersTest
Tests run: 1, Failures: 0, Errors: 0, Skipped: 0, Time elapsed: 0.002 sec - in org.sonar.java.ast.parser.grammar.parameters.FormalParametersTest
Running org.sonar.java.ast.visitors.FileLinesVisitorTest
Tests run: 3, Failures: 0, Errors: 0, Skipped: 0, Time elapsed: 0.354 sec - in org.sonar.java.ast.visitors.FileLinesVisitorTest
Running org.sonar.java.bytecode.asm.AsmClassProviderTest
Tests run: 1, Failures: 0, Errors: 0, Skipped: 0, Time elapsed: 0 sec - in org.sonar.java.bytecode.asm.AsmClassProviderTest
Running org.sonar.java.ast.api.JavaTokenTypeTest
Tests run: 1, Failures: 0, Errors: 0, Skipped: 0, Time elapsed: 0 sec - in org.sonar.java.ast.api.JavaTokenTypeTest
Running org.sonar.java.model.TreeTokenCompletenessTest
Tests run: 1, Failures: 0, Errors: 0, Skipped: 0, Time elapsed: 0.037 sec - in org.sonar.java.model.TreeTokenCompletenessTest
Running org.sonar.java.syntaxtoken.FirstSyntaxTokenFinderTest
Tests run: 42, Failures: 0, Errors: 0, Skipped: 0, Time elapsed: 0.16 sec - in org.sonar.java.syntaxtoken.FirstSyntaxTokenFinderTest
Running org.sonar.java.ast.parser.grammar.parameters.FormalParameterDeclsRestTest
Tests run: 2, Failures: 0, Errors: 0, Skipped: 0, Time elapsed: 0.002 sec - in org.sonar.java.ast.parser.grammar.parameters.FormalParameterDeclsRestTest
Running org.sonar.java.ast.parser.grammar.literals.LiteralTest
Tests run: 1, Failures: 0, Errors: 0, Skipped: 0, Time elapsed: 0.001 sec - in org.sonar.java.ast.parser.grammar.literals.LiteralTest
Running org.sonar.java.model.declaration.ClassTreeImplTest
Tests run: 1, Failures: 0, Errors: 0, Skipped: 0, Time elapsed: 0.003 sec - in org.sonar.java.model.declaration.ClassTreeImplTest
Running org.sonar.java.model.JavaTreeModelTest
Tests run: 77, Failures: 0, Errors: 0, Skipped: 0, Time elapsed: 3.375 sec - in org.sonar.java.model.JavaTreeModelTest
Running org.sonar.java.resolve.FlagsTest
Tests run: 3, Failures: 0, Errors: 0, Skipped: 0, Time elapsed: 0.002 sec - in org.sonar.java.resolve.FlagsTest
Running org.sonar.java.resolve.MethodJavaSymbolTest
Tests run: 1, Failures: 0, Errors: 0, Skipped: 0, Time elapsed: 0.014 sec - in org.sonar.java.resolve.MethodJavaSymbolTest
Running org.sonar.java.JavaClasspathTest
Tests run: 20, Failures: 0, Errors: 0, Skipped: 0, Time elapsed: 0.032 sec - in org.sonar.java.JavaClasspathTest
Running org.sonar.java.ast.parser.grammar.statements.WhileStatementTest
Tests run: 1, Failures: 0, Errors: 0, Skipped: 0, Time elapsed: 0.002 sec - in org.sonar.java.ast.parser.grammar.statements.WhileStatementTest
Running org.sonar.java.syntaxtoken.LastSyntaxTokenFinderTest
Tests run: 44, Failures: 0, Errors: 0, Skipped: 0, Time elapsed: 0.173 sec - in org.sonar.java.syntaxtoken.LastSyntaxTokenFinderTest
Running org.sonar.java.ast.parser.grammar.CornerCasesTest
Tests run: 1, Failures: 0, Errors: 0, Skipped: 0, Time elapsed: 0.047 sec - in org.sonar.java.ast.parser.grammar.CornerCasesTest
Running org.sonar.java.bytecode.loader.SquidClassLoaderTest
Tests run: 8, Failures: 0, Errors: 0, Skipped: 0, Time elapsed: 0.01 sec - in org.sonar.java.bytecode.loader.SquidClassLoaderTest
Running org.sonar.java.ast.parser.grammar.units.CompilationUnitTest
Tests run: 1, Failures: 0, Errors: 0, Skipped: 0, Time elapsed: 0.002 sec - in org.sonar.java.ast.parser.grammar.units.CompilationUnitTest
Running org.sonar.java.ast.parser.grammar.types.TypeParameterTest
Tests run: 1, Failures: 0, Errors: 0, Skipped: 0, Time elapsed: 0.002 sec - in org.sonar.java.ast.parser.grammar.types.TypeParameterTest
Running org.sonar.java.StrutsTest
Tests run: 2, Failures: 0, Errors: 0, Skipped: 0, Time elapsed: 4.633 sec - in org.sonar.java.StrutsTest
Running org.sonar.java.ast.parser.grammar.statements.BlockTest
Tests run: 1, Failures: 0, Errors: 0, Skipped: 0, Time elapsed: 0.001 sec - in org.sonar.java.ast.parser.grammar.statements.BlockTest
Running org.sonar.java.resolve.ResolveTest
Tests run: 6, Failures: 0, Errors: 0, Skipped: 0, Time elapsed: 0.004 sec - in org.sonar.java.resolve.ResolveTest
Running org.sonar.java.bytecode.asm.AsmTypeTest
Tests run: 7, Failures: 0, Errors: 0, Skipped: 0, Time elapsed: 0.001 sec - in org.sonar.java.bytecode.asm.AsmTypeTest
Running org.sonar.java.ast.parser.grammar.parameters.FormalParameterDeclsTest
Tests run: 1, Failures: 0, Errors: 0, Skipped: 0, Time elapsed: 0.002 sec - in org.sonar.java.ast.parser.grammar.parameters.FormalParameterDeclsTest
Running org.sonar.java.ast.visitors.AccessorsUtilsTest
Tests run: 15, Failures: 0, Errors: 0, Skipped: 0, Time elapsed: 0.028 sec - in org.sonar.java.ast.visitors.AccessorsUtilsTest
Running org.sonar.java.ast.parser.grammar.statements.SwitchLabelTest
Tests run: 1, Failures: 0, Errors: 0, Skipped: 0, Time elapsed: 0.005 sec - in org.sonar.java.ast.parser.grammar.statements.SwitchLabelTest
Running org.sonar.java.bytecode.asm.AsmFieldTest
Tests run: 2, Failures: 0, Errors: 0, Skipped: 0, Time elapsed: 0 sec - in org.sonar.java.bytecode.asm.AsmFieldTest
Running org.sonar.java.JavaFilesCacheTest
Tests run: 3, Failures: 0, Errors: 0, Skipped: 0, Time elapsed: 0.014 sec - in org.sonar.java.JavaFilesCacheTest

Results :




Tests run: 1124, Failures: 0, Errors: 0, Skipped: 0

[INFO] 
[INFO] --- maven-jar-plugin:2.5:jar (default-jar) @ java-squid ---
[INFO] Building jar: /home/travis/build/SonarSource/sonar-java/java-squid/target/java-squid-3.6-SNAPSHOT.jar
[INFO] 
[INFO] --- animal-sniffer-maven-plugin:1.13:check (enforce-java-api-compatibility) @ java-squid ---
[INFO] Checking unresolved references to org.codehaus.mojo.signature:java17:1.0
[INFO] 
[INFO] --- maven-source-plugin:2.4:jar-no-fork (attach-sources) @ java-squid ---
[INFO] Building jar: /home/travis/build/SonarSource/sonar-java/java-squid/target/java-squid-3.6-SNAPSHOT-sources.jar
[INFO]                                                                         
[INFO] ------------------------------------------------------------------------
[INFO] Building SonarQube Java :: Checks 3.6-SNAPSHOT
[INFO] ------------------------------------------------------------------------
[INFO] 
[INFO] --- buildnumber-maven-plugin:1.3:create (default) @ java-checks ---
[INFO] 
[INFO] --- maven-enforcer-plugin:1.3.1:enforce (enforce) @ java-checks ---
[INFO] 
[INFO] --- maven-license-plugin:1.10.b1:check (enforce-license-headers) @ java-checks ---
[INFO] Checking licenses...
[INFO] 
[INFO] --- maven-resources-plugin:2.7:resources (default-resources) @ java-checks ---
[INFO] Using 'UTF-8' encoding to copy filtered resources.
[INFO] Copying 319 resources
[INFO] 
[INFO] --- maven-compiler-plugin:3.2:compile (default-compile) @ java-checks ---
[INFO] Changes detected - recompiling the module!
[INFO] Compiling 364 source files to /home/travis/build/SonarSource/sonar-java/java-checks/target/classes
[INFO] /home/travis/build/SonarSource/sonar-java/java-checks/src/main/java/org/sonar/java/checks/TabCharacter_S00105_Check.java: Some input files use or override a deprecated API.
[INFO] /home/travis/build/SonarSource/sonar-java/java-checks/src/main/java/org/sonar/java/checks/TabCharacter_S00105_Check.java: Recompile with -Xlint:deprecation for details.
[INFO] 
[INFO] --- maven-resources-plugin:2.7:testResources (default-testResources) @ java-checks ---
[INFO] Using 'UTF-8' encoding to copy filtered resources.
[INFO] Copying 19 resources
[INFO] 
[INFO] --- maven-compiler-plugin:3.2:testCompile (default-testCompile) @ java-checks ---
[INFO] Changes detected - recompiling the module!
[INFO] Compiling 345 source files to /home/travis/build/SonarSource/sonar-java/java-checks/target/test-classes
[INFO] /home/travis/build/SonarSource/sonar-java/java-checks/src/test/java/org/sonar/java/checks/CheckListTest.java: Some input files use or override a deprecated API.
[INFO] /home/travis/build/SonarSource/sonar-java/java-checks/src/test/java/org/sonar/java/checks/CheckListTest.java: Recompile with -Xlint:deprecation for details.
[INFO] 
[INFO] --- maven-dependency-plugin:2.10:copy (copy) @ java-checks ---
[INFO] Configured Artifact: junit:junit:4.12:jar
[INFO] Configured Artifact: org.easytesting:fest-assert:1.4:jar
[INFO] Configured Artifact: org.mockito:mockito-all:1.9.0:jar
[INFO] Configured Artifact: org.springframework:spring-context:4.1.6.RELEASE:jar
[INFO] Configured Artifact: org.projectlombok:lombok:1.16.4:jar
[INFO] Configured Artifact: org.apache.maven:maven-plugin-api:3.3.3:jar
[INFO] Configured Artifact: org.assertj:assertj-core:2.1.0:jar
[INFO] Configured Artifact: javax:javaee-api:7.0:jar
[INFO] Configured Artifact: com.google.guava:guava:10.0.1:jar
[INFO] Configured Artifact: org.apache.commons:commons-collections4:4.0:jar
[INFO] Copying junit-4.12.jar to /home/travis/build/SonarSource/sonar-java/java-checks/target/test-jars/junit-4.12.jar
[INFO] Copying fest-assert-1.4.jar to /home/travis/build/SonarSource/sonar-java/java-checks/target/test-jars/fest-assert-1.4.jar
[INFO] Copying mockito-all-1.9.0.jar to /home/travis/build/SonarSource/sonar-java/java-checks/target/test-jars/mockito-all-1.9.0.jar
[INFO] Copying spring-context-4.1.6.RELEASE.jar to /home/travis/build/SonarSource/sonar-java/java-checks/target/test-jars/spring-context-4.1.6.RELEASE.jar
[INFO] Copying lombok-1.16.4.jar to /home/travis/build/SonarSource/sonar-java/java-checks/target/test-jars/lombok-1.16.4.jar
[INFO] Copying maven-plugin-api-3.3.3.jar to /home/travis/build/SonarSource/sonar-java/java-checks/target/test-jars/maven-plugin-api-3.3.3.jar
[INFO] Copying assertj-core-2.1.0.jar to /home/travis/build/SonarSource/sonar-java/java-checks/target/test-jars/assertj-core-2.1.0.jar
[INFO] Copying javaee-api-7.0.jar to /home/travis/build/SonarSource/sonar-java/java-checks/target/test-jars/javaee-api-7.0.jar
[INFO] Copying guava-10.0.1.jar to /home/travis/build/SonarSource/sonar-java/java-checks/target/test-jars/guava-10.0.1.jar
[INFO] Copying commons-collections4-4.0.jar to /home/travis/build/SonarSource/sonar-java/java-checks/target/test-jars/commons-collections4-4.0.jar
[INFO] 
[INFO] --- maven-surefire-plugin:2.18:test (default-test) @ java-checks ---
[INFO] Surefire report directory: /home/travis/build/SonarSource/sonar-java/java-checks/target/surefire-reports

-------------------------------------------------------
 T E S T S
-------------------------------------------------------
Running org.sonar.java.checks.CallToFileDeleteOnExitMethodCheckTest
Tests run: 1, Failures: 0, Errors: 0, Skipped: 0, Time elapsed: 0.922 sec - in org.sonar.java.checks.CallToFileDeleteOnExitMethodCheckTest
Running org.sonar.java.checks.TransientFieldInNonSerializableCheckTest
Tests run: 1, Failures: 0, Errors: 0, Skipped: 0, Time elapsed: 0.054 sec - in org.sonar.java.checks.TransientFieldInNonSerializableCheckTest
Running org.sonar.java.checks.RightCurlyBraceStartLineCheckTest
Tests run: 1, Failures: 0, Errors: 0, Skipped: 0, Time elapsed: 0.278 sec - in org.sonar.java.checks.RightCurlyBraceStartLineCheckTest
Running org.sonar.java.checks.UnusedLabelCheckTest
Tests run: 1, Failures: 0, Errors: 0, Skipped: 0, Time elapsed: 0.03 sec - in org.sonar.java.checks.UnusedLabelCheckTest
Running org.sonar.java.checks.CatchOfThrowableOrErrorCheckTest
Tests run: 1, Failures: 0, Errors: 0, Skipped: 0, Time elapsed: 0.099 sec - in org.sonar.java.checks.CatchOfThrowableOrErrorCheckTest
Running org.sonar.java.checks.EmptyMethodsCheckTest
Tests run: 1, Failures: 0, Errors: 0, Skipped: 0, Time elapsed: 0.098 sec - in org.sonar.java.checks.EmptyMethodsCheckTest
Running org.sonar.java.checks.PrintfCheckTest
Tests run: 1, Failures: 0, Errors: 0, Skipped: 0, Time elapsed: 0.615 sec - in org.sonar.java.checks.PrintfCheckTest
Running org.sonar.java.checks.CustomCryptographicAlgorithmCheckTest
Tests run: 1, Failures: 0, Errors: 0, Skipped: 0, Time elapsed: 0.141 sec - in org.sonar.java.checks.CustomCryptographicAlgorithmCheckTest
Running org.sonar.java.checks.FileHeaderCheckTest
Tests run: 3, Failures: 0, Errors: 0, Skipped: 0, Time elapsed: 0.777 sec - in org.sonar.java.checks.FileHeaderCheckTest
Running org.sonar.java.checks.MathOnFloatCheckTest
Tests run: 1, Failures: 0, Errors: 0, Skipped: 0, Time elapsed: 0.043 sec - in org.sonar.java.checks.MathOnFloatCheckTest
Running org.sonar.java.checks.BigDecimalDoubleConstructorCheckTest
Tests run: 1, Failures: 0, Errors: 0, Skipped: 0, Time elapsed: 0.09 sec - in org.sonar.java.checks.BigDecimalDoubleConstructorCheckTest
Running org.sonar.java.checks.NotifyCheckTest
Tests run: 1, Failures: 0, Errors: 0, Skipped: 0, Time elapsed: 0.078 sec - in org.sonar.java.checks.NotifyCheckTest
Running org.sonar.java.checks.AssertionsCompletenessCheckTest
Tests run: 1, Failures: 0, Errors: 0, Skipped: 0, Time elapsed: 0.19 sec - in org.sonar.java.checks.AssertionsCompletenessCheckTest
Running org.sonar.java.checks.TooLongLine_S00103_CheckTest
Tests run: 3, Failures: 0, Errors: 0, Skipped: 0, Time elapsed: 0.111 sec - in org.sonar.java.checks.TooLongLine_S00103_CheckTest
Running org.sonar.java.checks.MissingNewLineAtEndOfFile_S00113_CheckTest
Tests run: 3, Failures: 0, Errors: 0, Skipped: 0, Time elapsed: 0.155 sec - in org.sonar.java.checks.MissingNewLineAtEndOfFile_S00113_CheckTest
Running org.sonar.java.checks.LoggersDeclarationCheckTest
Tests run: 2, Failures: 0, Errors: 0, Skipped: 0, Time elapsed: 0.131 sec - in org.sonar.java.checks.LoggersDeclarationCheckTest
Running org.sonar.java.checks.EqualsArgumentTypeCheckTest
Tests run: 1, Failures: 0, Errors: 0, Skipped: 0, Time elapsed: 0.207 sec - in org.sonar.java.checks.EqualsArgumentTypeCheckTest
Running org.sonar.java.checks.AssertionsWithoutMessageCheckTest
Tests run: 1, Failures: 0, Errors: 0, Skipped: 0, Time elapsed: 0.151 sec - in org.sonar.java.checks.AssertionsWithoutMessageCheckTest
Running org.sonar.java.checks.OctalValuesCheckTest
Tests run: 1, Failures: 0, Errors: 0, Skipped: 0, Time elapsed: 0.011 sec - in org.sonar.java.checks.OctalValuesCheckTest
Running org.sonar.java.checks.ConstantsShouldBeStaticFinalCheckTest
Tests run: 1, Failures: 0, Errors: 0, Skipped: 0, Time elapsed: 0.094 sec - in org.sonar.java.checks.ConstantsShouldBeStaticFinalCheckTest
Running org.sonar.java.checks.StaticFinalArrayNotPrivateCheckTest
Tests run: 1, Failures: 0, Errors: 0, Skipped: 0, Time elapsed: 0.053 sec - in org.sonar.java.checks.StaticFinalArrayNotPrivateCheckTest
Running org.sonar.java.checks.LoopsOnSameSetCheckTest
Tests run: 1, Failures: 0, Errors: 0, Skipped: 0, Time elapsed: 0.096 sec - in org.sonar.java.checks.LoopsOnSameSetCheckTest
Running org.sonar.java.checks.NestedIfStatementsCheckTest
Tests run: 2, Failures: 0, Errors: 0, Skipped: 0, Time elapsed: 0.073 sec - in org.sonar.java.checks.NestedIfStatementsCheckTest
Running org.sonar.java.checks.CollectionInappropriateCallsCheckTest
Tests run: 1, Failures: 0, Errors: 0, Skipped: 0, Time elapsed: 0.103 sec - in org.sonar.java.checks.CollectionInappropriateCallsCheckTest
Running org.sonar.java.checks.ImplementsEnumerationCheckTest
Tests run: 1, Failures: 0, Errors: 0, Skipped: 0, Time elapsed: 0.024 sec - in org.sonar.java.checks.ImplementsEnumerationCheckTest
Running org.sonar.java.checks.LDAPInjectionCheckTest
Tests run: 1, Failures: 0, Errors: 0, Skipped: 0, Time elapsed: 0.05 sec - in org.sonar.java.checks.LDAPInjectionCheckTest
Running org.sonar.java.checks.RSAUsesOAEPCheckTest
Tests run: 1, Failures: 0, Errors: 0, Skipped: 0, Time elapsed: 0.093 sec - in org.sonar.java.checks.RSAUsesOAEPCheckTest
Running org.sonar.java.checks.ModulusEqualityCheckTest
Tests run: 1, Failures: 0, Errors: 0, Skipped: 0, Time elapsed: 0.078 sec - in org.sonar.java.checks.ModulusEqualityCheckTest
Running org.sonar.java.checks.SerializableFieldInSerializableClassCheckTest
Tests run: 1, Failures: 0, Errors: 0, Skipped: 0, Time elapsed: 0.087 sec - in org.sonar.java.checks.SerializableFieldInSerializableClassCheckTest
Running org.sonar.java.checks.AssignmentInSubExpressionCheckTest
Tests run: 1, Failures: 0, Errors: 0, Skipped: 0, Time elapsed: 0.037 sec - in org.sonar.java.checks.AssignmentInSubExpressionCheckTest
Running org.sonar.java.checks.NonStaticClassInitializerCheckTest
Tests run: 1, Failures: 0, Errors: 0, Skipped: 0, Time elapsed: 0.025 sec - in org.sonar.java.checks.NonStaticClassInitializerCheckTest
Running org.sonar.java.checks.BooleanInversionCheckTest
Tests run: 1, Failures: 0, Errors: 0, Skipped: 0, Time elapsed: 0.015 sec - in org.sonar.java.checks.BooleanInversionCheckTest
Running org.sonar.java.checks.FileCreateTempFileCheckTest
Tests run: 1, Failures: 0, Errors: 0, Skipped: 0, Time elapsed: 0.074 sec - in org.sonar.java.checks.FileCreateTempFileCheckTest
Running org.sonar.java.checks.ForLoopTerminationConditionCheckTest
Tests run: 1, Failures: 0, Errors: 0, Skipped: 0, Time elapsed: 0.104 sec - in org.sonar.java.checks.ForLoopTerminationConditionCheckTest
Running org.sonar.java.checks.ReturnEmptyArrayNotNullCheckTest
Tests run: 1, Failures: 0, Errors: 0, Skipped: 0, Time elapsed: 0.086 sec - in org.sonar.java.checks.ReturnEmptyArrayNotNullCheckTest
Running org.sonar.java.checks.BadClassName_S00101_CheckTest
Tests run: 2, Failures: 0, Errors: 0, Skipped: 0, Time elapsed: 0.066 sec - in org.sonar.java.checks.BadClassName_S00101_CheckTest
Running org.sonar.java.checks.CloneMethodCallsSuperCloneCheckTest
Tests run: 1, Failures: 0, Errors: 0, Skipped: 0, Time elapsed: 0.086 sec - in org.sonar.java.checks.CloneMethodCallsSuperCloneCheckTest
Running org.sonar.java.checks.MethodTooBigCheckTest
Tests run: 3, Failures: 0, Errors: 0, Skipped: 0, Time elapsed: 0.053 sec - in org.sonar.java.checks.MethodTooBigCheckTest
Running org.sonar.java.checks.TrailingCommentCheckTest
Tests run: 2, Failures: 0, Errors: 0, Skipped: 0, Time elapsed: 0.077 sec - in org.sonar.java.checks.TrailingCommentCheckTest
Running org.sonar.java.checks.LeftCurlyBraceEndLineCheckTest
Tests run: 1, Failures: 0, Errors: 0, Skipped: 0, Time elapsed: 0.102 sec - in org.sonar.java.checks.LeftCurlyBraceEndLineCheckTest
Running org.sonar.java.checks.StaticMembersAccessCheckTest
Tests run: 1, Failures: 0, Errors: 0, Skipped: 0, Time elapsed: 0.047 sec - in org.sonar.java.checks.StaticMembersAccessCheckTest
Running org.sonar.java.checks.UnusedTestRuleCheckTest
Tests run: 1, Failures: 0, Errors: 0, Skipped: 0, Time elapsed: 0.048 sec - in org.sonar.java.checks.UnusedTestRuleCheckTest
Running org.sonar.java.checks.PublicStaticFieldShouldBeFinalCheckTest
Tests run: 1, Failures: 0, Errors: 0, Skipped: 0, Time elapsed: 0.026 sec - in org.sonar.java.checks.PublicStaticFieldShouldBeFinalCheckTest
Running org.sonar.java.checks.WildcardImportsShouldNotBeUsedCheckTest
Tests run: 1, Failures: 0, Errors: 0, Skipped: 0, Time elapsed: 0.086 sec - in org.sonar.java.checks.WildcardImportsShouldNotBeUsedCheckTest
Running org.sonar.java.checks.NoCheckstyleTagPresenceCheckTest
Tests run: 1, Failures: 0, Errors: 0, Skipped: 0, Time elapsed: 0.012 sec - in org.sonar.java.checks.NoCheckstyleTagPresenceCheckTest
Running org.sonar.java.checks.CycleBetweenPackagesCheckTest
Tests run: 1, Failures: 0, Errors: 0, Skipped: 0, Time elapsed: 0 sec - in org.sonar.java.checks.CycleBetweenPackagesCheckTest
Running org.sonar.java.checks.UnusedProtectedMethodCheckTest
Tests run: 1, Failures: 0, Errors: 0, Skipped: 0, Time elapsed: 0.084 sec - in org.sonar.java.checks.UnusedProtectedMethodCheckTest
Running org.sonar.java.checks.LongBitsToDoubleOnIntCheckTest
Tests run: 1, Failures: 0, Errors: 0, Skipped: 0, Time elapsed: 0.035 sec - in org.sonar.java.checks.LongBitsToDoubleOnIntCheckTest
Running org.sonar.java.checks.AnonymousClassShouldBeLambdaCheckTest
Tests run: 1, Failures: 0, Errors: 0, Skipped: 0, Time elapsed: 0.064 sec - in org.sonar.java.checks.AnonymousClassShouldBeLambdaCheckTest
Running org.sonar.java.checks.AssertionsInTestsCheckTest
Tests run: 3, Failures: 0, Errors: 0, Skipped: 0, Time elapsed: 0.587 sec - in org.sonar.java.checks.AssertionsInTestsCheckTest
Running org.sonar.java.checks.TooManyParameters_S00107_CheckTest
Tests run: 2, Failures: 0, Errors: 0, Skipped: 0, Time elapsed: 0.099 sec - in org.sonar.java.checks.TooManyParameters_S00107_CheckTest
Running org.sonar.java.checks.AbsOnNegativeCheckTest
Tests run: 1, Failures: 0, Errors: 0, Skipped: 0, Time elapsed: 0.095 sec - in org.sonar.java.checks.AbsOnNegativeCheckTest
Running org.sonar.java.checks.methods.MethodMatcherTest
Tests run: 3, Failures: 0, Errors: 0, Skipped: 0, Time elapsed: 0.064 sec - in org.sonar.java.checks.methods.MethodMatcherTest
Running org.sonar.java.checks.methods.MethodMatcherCollectionTest
Tests run: 6, Failures: 0, Errors: 0, Skipped: 0, Time elapsed: 0.06 sec - in org.sonar.java.checks.methods.MethodMatcherCollectionTest
Running org.sonar.java.checks.SQLInjectionCheckTest
Tests run: 1, Failures: 0, Errors: 0, Skipped: 0, Time elapsed: 0.136 sec - in org.sonar.java.checks.SQLInjectionCheckTest
Running org.sonar.java.checks.MultilineBlocksCurlyBracesCheckTest
Tests run: 1, Failures: 0, Errors: 0, Skipped: 0, Time elapsed: 0.052 sec - in org.sonar.java.checks.MultilineBlocksCurlyBracesCheckTest
Running org.sonar.java.checks.ExpressionComplexityCheckTest
Tests run: 2, Failures: 0, Errors: 0, Skipped: 0, Time elapsed: 0.108 sec - in org.sonar.java.checks.ExpressionComplexityCheckTest
Running org.sonar.java.checks.ShiftOnIntOrLongCheckTest
Tests run: 1, Failures: 0, Errors: 0, Skipped: 0, Time elapsed: 0.076 sec - in org.sonar.java.checks.ShiftOnIntOrLongCheckTest
Running org.sonar.java.checks.IteratorNextExceptionCheckTest
Tests run: 1, Failures: 0, Errors: 0, Skipped: 0, Time elapsed: 0.069 sec - in org.sonar.java.checks.IteratorNextExceptionCheckTest
Running org.sonar.java.checks.DefaultPackageCheckTest
Tests run: 2, Failures: 0, Errors: 0, Skipped: 0, Time elapsed: 0.023 sec - in org.sonar.java.checks.DefaultPackageCheckTest
Running org.sonar.java.checks.DynamicClassLoadCheckTest
Tests run: 1, Failures: 0, Errors: 0, Skipped: 0, Time elapsed: 0.055 sec - in org.sonar.java.checks.DynamicClassLoadCheckTest
Running org.sonar.java.checks.AnonymousClassesTooBigCheckTest
Tests run: 2, Failures: 0, Errors: 0, Skipped: 0, Time elapsed: 0.159 sec - in org.sonar.java.checks.AnonymousClassesTooBigCheckTest
Running org.sonar.java.checks.CollectionIsEmptyCheckTest
Tests run: 1, Failures: 0, Errors: 0, Skipped: 0, Time elapsed: 0.098 sec - in org.sonar.java.checks.CollectionIsEmptyCheckTest
Running org.sonar.java.checks.CollectionsEmptyConstantsCheckTest
Tests run: 1, Failures: 0, Errors: 0, Skipped: 0, Time elapsed: 0.096 sec - in org.sonar.java.checks.CollectionsEmptyConstantsCheckTest
Running org.sonar.java.checks.EqualsNotOverriddenInSubclassCheckTest
Tests run: 1, Failures: 0, Errors: 0, Skipped: 0, Time elapsed: 0.079 sec - in org.sonar.java.checks.EqualsNotOverriddenInSubclassCheckTest
Running org.sonar.java.checks.CollectionCallingItselfCheckTest
Tests run: 1, Failures: 0, Errors: 0, Skipped: 0, Time elapsed: 0.084 sec - in org.sonar.java.checks.CollectionCallingItselfCheckTest
Running org.sonar.java.checks.RightCurlyBraceDifferentLineAsNextBlockCheckTest
Tests run: 1, Failures: 0, Errors: 0, Skipped: 0, Time elapsed: 0.047 sec - in org.sonar.java.checks.RightCurlyBraceDifferentLineAsNextBlockCheckTest
Running org.sonar.java.checks.CaseInsensitiveComparisonCheckTest
Tests run: 1, Failures: 0, Errors: 0, Skipped: 0, Time elapsed: 0.088 sec - in org.sonar.java.checks.CaseInsensitiveComparisonCheckTest
Running org.sonar.java.checks.InnerClassOfSerializableCheckTest
Tests run: 1, Failures: 0, Errors: 0, Skipped: 0, Time elapsed: 0.047 sec - in org.sonar.java.checks.InnerClassOfSerializableCheckTest
Running org.sonar.java.checks.SerializableObjectInSessionCheckTest
Tests run: 1, Failures: 0, Errors: 0, Skipped: 0, Time elapsed: 0.059 sec - in org.sonar.java.checks.SerializableObjectInSessionCheckTest
Running org.sonar.java.checks.FieldMatchMethodNameCheckTest
Tests run: 1, Failures: 0, Errors: 0, Skipped: 0, Time elapsed: 0.012 sec - in org.sonar.java.checks.FieldMatchMethodNameCheckTest
Running org.sonar.java.checks.HasNextCallingNextCheckTest
Tests run: 1, Failures: 0, Errors: 0, Skipped: 0, Time elapsed: 0.066 sec - in org.sonar.java.checks.HasNextCallingNextCheckTest
Running org.sonar.java.checks.SillyBitOperationCheckTest
Tests run: 1, Failures: 0, Errors: 0, Skipped: 0, Time elapsed: 0.059 sec - in org.sonar.java.checks.SillyBitOperationCheckTest
Running org.sonar.java.checks.IgnoredReturnValueCheckTest
Tests run: 1, Failures: 0, Errors: 0, Skipped: 0, Time elapsed: 0.078 sec - in org.sonar.java.checks.IgnoredReturnValueCheckTest
Running org.sonar.java.checks.UppercaseSuffixesCheckTest
Tests run: 1, Failures: 0, Errors: 0, Skipped: 0, Time elapsed: 0.054 sec - in org.sonar.java.checks.UppercaseSuffixesCheckTest
Running org.sonar.java.checks.InstanceofUsedOnExceptionCheckTest
Tests run: 1, Failures: 0, Errors: 0, Skipped: 0, Time elapsed: 0.041 sec - in org.sonar.java.checks.InstanceofUsedOnExceptionCheckTest
Running org.sonar.java.checks.OneDeclarationPerLineCheckTest
Tests run: 1, Failures: 0, Errors: 0, Skipped: 0, Time elapsed: 0.081 sec - in org.sonar.java.checks.OneDeclarationPerLineCheckTest
Running org.sonar.java.checks.SwitchWithLabelsCheckTest
Tests run: 1, Failures: 0, Errors: 0, Skipped: 0, Time elapsed: 0.046 sec - in org.sonar.java.checks.SwitchWithLabelsCheckTest
Running org.sonar.java.checks.NPEThrowCheckTest
Tests run: 1, Failures: 0, Errors: 0, Skipped: 0, Time elapsed: 0.041 sec - in org.sonar.java.checks.NPEThrowCheckTest
Running org.sonar.java.checks.MagicNumberCheckTest
Tests run: 1, Failures: 0, Errors: 0, Skipped: 0, Time elapsed: 0.063 sec - in org.sonar.java.checks.MagicNumberCheckTest
Running org.sonar.java.checks.SecureCookieCheckTest
Tests run: 1, Failures: 0, Errors: 0, Skipped: 0, Time elapsed: 0.048 sec - in org.sonar.java.checks.SecureCookieCheckTest
Running org.sonar.java.checks.BadFieldName_S00116_CheckTest
Tests run: 2, Failures: 0, Errors: 0, Skipped: 0, Time elapsed: 0.11 sec - in org.sonar.java.checks.BadFieldName_S00116_CheckTest
Running org.sonar.java.checks.ArrayHashCodeAndToStringCheckTest
Tests run: 1, Failures: 0, Errors: 0, Skipped: 0, Time elapsed: 0.048 sec - in org.sonar.java.checks.ArrayHashCodeAndToStringCheckTest
Running org.sonar.java.checks.StaticFieldInitializationCheckTest
Tests run: 1, Failures: 0, Errors: 0, Skipped: 0, Time elapsed: 0.058 sec - in org.sonar.java.checks.StaticFieldInitializationCheckTest
Running org.sonar.java.checks.StaticMultithreadedUnsafeFieldsCheckTest
Tests run: 1, Failures: 0, Errors: 0, Skipped: 0, Time elapsed: 0.048 sec - in org.sonar.java.checks.StaticMultithreadedUnsafeFieldsCheckTest
Running org.sonar.java.checks.FixmeTagPresenceCheckTest
Tests run: 1, Failures: 0, Errors: 0, Skipped: 0, Time elapsed: 0.043 sec - in org.sonar.java.checks.FixmeTagPresenceCheckTest
Running org.sonar.java.checks.MismatchPackageDirectoryCheckTest
Tests run: 3, Failures: 0, Errors: 0, Skipped: 0, Time elapsed: 0.259 sec - in org.sonar.java.checks.MismatchPackageDirectoryCheckTest
Running org.sonar.java.checks.ReflectionOnNonRuntimeAnnotationCheckTest
Tests run: 1, Failures: 0, Errors: 0, Skipped: 0, Time elapsed: 0.055 sec - in org.sonar.java.checks.ReflectionOnNonRuntimeAnnotationCheckTest
Running org.sonar.java.checks.SynchronizedClassUsageCheckTest
Tests run: 1, Failures: 0, Errors: 0, Skipped: 0, Time elapsed: 0.039 sec - in org.sonar.java.checks.SynchronizedClassUsageCheckTest
Running org.sonar.java.checks.EmptyBlock_S00108_CheckTest
Tests run: 1, Failures: 0, Errors: 0, Skipped: 0, Time elapsed: 0.012 sec - in org.sonar.java.checks.EmptyBlock_S00108_CheckTest
Running org.sonar.java.checks.ObjectFinalizeOverloadedCheckTest
Tests run: 1, Failures: 0, Errors: 0, Skipped: 0, Time elapsed: 0.012 sec - in org.sonar.java.checks.ObjectFinalizeOverloadedCheckTest
Running org.sonar.java.checks.FieldModifierCheckTest
Tests run: 1, Failures: 0, Errors: 0, Skipped: 0, Time elapsed: 0.012 sec - in org.sonar.java.checks.FieldModifierCheckTest
Running org.sonar.java.checks.StaticFieldUpateCheckTest
Tests run: 2, Failures: 0, Errors: 0, Skipped: 0, Time elapsed: 0.021 sec - in org.sonar.java.checks.StaticFieldUpateCheckTest
Running org.sonar.java.checks.TransactionalMethodVisibilityCheckTest
Tests run: 1, Failures: 0, Errors: 0, Skipped: 0, Time elapsed: 0.014 sec - in org.sonar.java.checks.TransactionalMethodVisibilityCheckTest
Running org.sonar.java.checks.IndentationCheckTest
Tests run: 2, Failures: 0, Errors: 0, Skipped: 0, Time elapsed: 0.051 sec - in org.sonar.java.checks.IndentationCheckTest
Running org.sonar.java.checks.IgnoredTestsCheckTest
Tests run: 1, Failures: 0, Errors: 0, Skipped: 0, Time elapsed: 0.012 sec - in org.sonar.java.checks.IgnoredTestsCheckTest
Running org.sonar.java.checks.UnusedLocalVariableCheckTest
Tests run: 1, Failures: 0, Errors: 0, Skipped: 0, Time elapsed: 0.012 sec - in org.sonar.java.checks.UnusedLocalVariableCheckTest
Running org.sonar.java.checks.NestedBlocksCheckTest
Tests run: 1, Failures: 0, Errors: 0, Skipped: 0, Time elapsed: 0.013 sec - in org.sonar.java.checks.NestedBlocksCheckTest
Running org.sonar.java.checks.TernaryOperatorCheckTest
Tests run: 1, Failures: 0, Errors: 0, Skipped: 0, Time elapsed: 0.008 sec - in org.sonar.java.checks.TernaryOperatorCheckTest
Running org.sonar.java.checks.ForLoopIncrementAndUpdateCheckTest
Tests run: 1, Failures: 0, Errors: 0, Skipped: 0, Time elapsed: 0.02 sec - in org.sonar.java.checks.ForLoopIncrementAndUpdateCheckTest
Running org.sonar.java.checks.HttpRefererCheckTest
Tests run: 1, Failures: 0, Errors: 0, Skipped: 0, Time elapsed: 0.01 sec - in org.sonar.java.checks.HttpRefererCheckTest
Running org.sonar.java.checks.FloatEqualityCheckTest
Tests run: 1, Failures: 0, Errors: 0, Skipped: 0, Time elapsed: 0.012 sec - in org.sonar.java.checks.FloatEqualityCheckTest
Running org.sonar.java.checks.SwitchAtLeastThreeCasesCheckTest
Tests run: 1, Failures: 0, Errors: 0, Skipped: 0, Time elapsed: 0.009 sec - in org.sonar.java.checks.SwitchAtLeastThreeCasesCheckTest
Running org.sonar.java.checks.DITCheckTest
Tests run: 2, Failures: 0, Errors: 0, Skipped: 0, Time elapsed: 0.009 sec - in org.sonar.java.checks.DITCheckTest
Running org.sonar.java.checks.StaticMethodCheckTest
Tests run: 1, Failures: 0, Errors: 0, Skipped: 0, Time elapsed: 0.011 sec - in org.sonar.java.checks.StaticMethodCheckTest
Running org.sonar.java.checks.SystemExitCalledCheckTest
Tests run: 1, Failures: 0, Errors: 0, Skipped: 0, Time elapsed: 0.018 sec - in org.sonar.java.checks.SystemExitCalledCheckTest
Running org.sonar.java.checks.ClassComplexityCheckTest
Tests run: 2, Failures: 0, Errors: 0, Skipped: 0, Time elapsed: 0.018 sec - in org.sonar.java.checks.ClassComplexityCheckTest
Running org.sonar.java.checks.RedundantTypeCastCheckTest
Tests run: 1, Failures: 0, Errors: 0, Skipped: 0, Time elapsed: 0.027 sec - in org.sonar.java.checks.RedundantTypeCastCheckTest
Running org.sonar.java.checks.NoTestInTestClassCheckTest
Tests run: 2, Failures: 0, Errors: 0, Skipped: 0, Time elapsed: 0.025 sec - in org.sonar.java.checks.NoTestInTestClassCheckTest
Running org.sonar.java.checks.TodoTagPresenceCheckTest
Tests run: 1, Failures: 0, Errors: 0, Skipped: 0, Time elapsed: 0.007 sec - in org.sonar.java.checks.TodoTagPresenceCheckTest
Running org.sonar.java.checks.RepeatAnnotationCheckTest
Tests run: 1, Failures: 0, Errors: 0, Skipped: 0, Time elapsed: 0.013 sec - in org.sonar.java.checks.RepeatAnnotationCheckTest
Running org.sonar.java.checks.WaitOnConditionCheckTest
Tests run: 1, Failures: 0, Errors: 0, Skipped: 0, Time elapsed: 0.01 sec - in org.sonar.java.checks.WaitOnConditionCheckTest
Running org.sonar.java.checks.ArchitectureCheckTest
Tests run: 3, Failures: 0, Errors: 0, Skipped: 0, Time elapsed: 0.069 sec - in org.sonar.java.checks.ArchitectureCheckTest
Running org.sonar.java.checks.OverrideAnnotationCheckTest
Tests run: 1, Failures: 0, Errors: 0, Skipped: 0, Time elapsed: 0.012 sec - in org.sonar.java.checks.OverrideAnnotationCheckTest
Running org.sonar.java.checks.StringEqualityComparisonCheckTest
Tests run: 1, Failures: 0, Errors: 0, Skipped: 0, Time elapsed: 0.015 sec - in org.sonar.java.checks.StringEqualityComparisonCheckTest
Running org.sonar.java.checks.ArrayDesignatorOnVariableCheckTest
Tests run: 1, Failures: 0, Errors: 0, Skipped: 0, Time elapsed: 0.007 sec - in org.sonar.java.checks.ArrayDesignatorOnVariableCheckTest
Running org.sonar.java.checks.PackageInfoCheckTest
Tests run: 2, Failures: 0, Errors: 0, Skipped: 0, Time elapsed: 0.072 sec - in org.sonar.java.checks.PackageInfoCheckTest
Running org.sonar.java.checks.StringLiteralDuplicatedCheckTest
Tests run: 2, Failures: 0, Errors: 0, Skipped: 0, Time elapsed: 0.111 sec - in org.sonar.java.checks.StringLiteralDuplicatedCheckTest
Running org.sonar.java.checks.ExtendDeprecatedSymbolCheckTest
Tests run: 1, Failures: 0, Errors: 0, Skipped: 0, Time elapsed: 0.045 sec - in org.sonar.java.checks.ExtendDeprecatedSymbolCheckTest
Running org.sonar.java.checks.TabCharacter_S00105_CheckTest
Tests run: 2, Failures: 0, Errors: 0, Skipped: 0, Time elapsed: 0.064 sec - in org.sonar.java.checks.TabCharacter_S00105_CheckTest
Running org.sonar.java.checks.NullCipherCheckTest
Tests run: 1, Failures: 0, Errors: 0, Skipped: 0, Time elapsed: 0.048 sec - in org.sonar.java.checks.NullCipherCheckTest
Running org.sonar.java.checks.UnusedPrivateFieldCheckTest
Tests run: 2, Failures: 0, Errors: 0, Skipped: 0, Time elapsed: 0.128 sec - in org.sonar.java.checks.UnusedPrivateFieldCheckTest
Running org.sonar.java.checks.UselessConditionCheckTest
Tests run: 1, Failures: 0, Errors: 0, Skipped: 0, Time elapsed: 0.595 sec - in org.sonar.java.checks.UselessConditionCheckTest
Running org.sonar.java.checks.ConcatenationWithStringValueOfCheckTest
Tests run: 1, Failures: 0, Errors: 0, Skipped: 0, Time elapsed: 0.025 sec - in org.sonar.java.checks.ConcatenationWithStringValueOfCheckTest
Running org.sonar.java.checks.SwitchCaseTooBigCheckTest
Tests run: 3, Failures: 0, Errors: 0, Skipped: 0, Time elapsed: 0.077 sec - in org.sonar.java.checks.SwitchCaseTooBigCheckTest
Running org.sonar.java.checks.ObjectCreatedOnlyToCallGetClassCheckTest
Tests run: 1, Failures: 0, Errors: 0, Skipped: 0, Time elapsed: 0.1 sec - in org.sonar.java.checks.ObjectCreatedOnlyToCallGetClassCheckTest
Running org.sonar.java.checks.PrimitiveTypeBoxingWithToStringCheckTest
Tests run: 1, Failures: 0, Errors: 0, Skipped: 0, Time elapsed: 0.071 sec - in org.sonar.java.checks.PrimitiveTypeBoxingWithToStringCheckTest
Running org.sonar.java.checks.ClassWithOnlyStaticMethodsInstantiationCheckTest
Tests run: 1, Failures: 0, Errors: 0, Skipped: 0, Time elapsed: 0.04 sec - in org.sonar.java.checks.ClassWithOnlyStaticMethodsInstantiationCheckTest
Running org.sonar.java.checks.KeySetInsteadOfEntrySetCheckTest
Tests run: 1, Failures: 0, Errors: 0, Skipped: 0, Time elapsed: 0.091 sec - in org.sonar.java.checks.KeySetInsteadOfEntrySetCheckTest
Running org.sonar.java.checks.SelectorMethodArgumentCheckTest
Tests run: 1, Failures: 0, Errors: 0, Skipped: 0, Time elapsed: 0.035 sec - in org.sonar.java.checks.SelectorMethodArgumentCheckTest
Running org.sonar.java.checks.ClassVariableVisibilityCheckTest
Tests run: 1, Failures: 0, Errors: 0, Skipped: 0, Time elapsed: 0.038 sec - in org.sonar.java.checks.ClassVariableVisibilityCheckTest
Running org.sonar.java.checks.SillyEqualsCheckTest
Tests run: 1, Failures: 0, Errors: 0, Skipped: 0, Time elapsed: 0.085 sec - in org.sonar.java.checks.SillyEqualsCheckTest
Running org.sonar.java.checks.DeprecatedHashAlgorithmCheckTest
Tests run: 1, Failures: 0, Errors: 0, Skipped: 0, Time elapsed: 0.08 sec - in org.sonar.java.checks.DeprecatedHashAlgorithmCheckTest
Running org.sonar.java.checks.StringToStringCheckTest
Tests run: 1, Failures: 0, Errors: 0, Skipped: 0, Time elapsed: 0.05 sec - in org.sonar.java.checks.StringToStringCheckTest
Running org.sonar.java.checks.CallSuperInTestCaseCheckTest
Tests run: 1, Failures: 0, Errors: 0, Skipped: 0, Time elapsed: 0.046 sec - in org.sonar.java.checks.CallSuperInTestCaseCheckTest
Running org.sonar.java.checks.SystemOutOrErrUsageCheckTest
Tests run: 1, Failures: 0, Errors: 0, Skipped: 0, Time elapsed: 0.049 sec - in org.sonar.java.checks.SystemOutOrErrUsageCheckTest
Running org.sonar.java.checks.WildcardReturnParameterTypeCheckTest
Tests run: 1, Failures: 0, Errors: 0, Skipped: 0, Time elapsed: 0.05 sec - in org.sonar.java.checks.WildcardReturnParameterTypeCheckTest
Running org.sonar.java.checks.UselessExtendsCheckTest
Tests run: 1, Failures: 0, Errors: 0, Skipped: 0, Time elapsed: 0.008 sec - in org.sonar.java.checks.UselessExtendsCheckTest
Running org.sonar.java.checks.ThrowCheckedExceptionCheckTest
Tests run: 1, Failures: 0, Errors: 0, Skipped: 0, Time elapsed: 0.035 sec - in org.sonar.java.checks.ThrowCheckedExceptionCheckTest
Running org.sonar.java.checks.SwitchWithTooManyCasesCheckTest
Tests run: 2, Failures: 0, Errors: 0, Skipped: 0, Time elapsed: 0.08 sec - in org.sonar.java.checks.SwitchWithTooManyCasesCheckTest
Running org.sonar.java.checks.FinalizeFieldsSetCheckTest
Tests run: 1, Failures: 0, Errors: 0, Skipped: 0, Time elapsed: 0.048 sec - in org.sonar.java.checks.FinalizeFieldsSetCheckTest
Running org.sonar.java.checks.CloneableImplementingCloneCheckTest
Tests run: 1, Failures: 0, Errors: 0, Skipped: 0, Time elapsed: 0.021 sec - in org.sonar.java.checks.CloneableImplementingCloneCheckTest
Running org.sonar.java.checks.ClassCouplingCheckTest
Tests run: 2, Failures: 0, Errors: 0, Skipped: 0, Time elapsed: 0.108 sec - in org.sonar.java.checks.ClassCouplingCheckTest
Running org.sonar.java.checks.IdenticalOperandOnBinaryExpressionCheckTest
Tests run: 1, Failures: 0, Errors: 0, Skipped: 0, Time elapsed: 0.012 sec - in org.sonar.java.checks.IdenticalOperandOnBinaryExpressionCheckTest
Running org.sonar.java.checks.ThreadRunCheckTest
Tests run: 1, Failures: 0, Errors: 0, Skipped: 0, Time elapsed: 0.012 sec - in org.sonar.java.checks.ThreadRunCheckTest
Running org.sonar.java.checks.GetRequestedSessionIdCheckTest
Tests run: 1, Failures: 0, Errors: 0, Skipped: 0, Time elapsed: 0.016 sec - in org.sonar.java.checks.GetRequestedSessionIdCheckTest
Running org.sonar.java.checks.AbstractClassWithoutAbstractMethodCheckTest
Tests run: 1, Failures: 0, Errors: 0, Skipped: 0, Time elapsed: 0.025 sec - in org.sonar.java.checks.AbstractClassWithoutAbstractMethodCheckTest
Running org.sonar.java.checks.NestedTryCatchCheckTest
Tests run: 1, Failures: 0, Errors: 0, Skipped: 0, Time elapsed: 0.039 sec - in org.sonar.java.checks.NestedTryCatchCheckTest
Running org.sonar.java.checks.EmptyStatementUsageCheckTest
Tests run: 1, Failures: 0, Errors: 0, Skipped: 0, Time elapsed: 0.05 sec - in org.sonar.java.checks.EmptyStatementUsageCheckTest
Running org.sonar.java.checks.SunPackagesUsedCheckTest
Tests run: 2, Failures: 0, Errors: 0, Skipped: 0, Time elapsed: 0.059 sec - in org.sonar.java.checks.SunPackagesUsedCheckTest
Running org.sonar.java.checks.CompareToReturnValueCheckTest
Tests run: 1, Failures: 0, Errors: 0, Skipped: 0, Time elapsed: 0.043 sec - in org.sonar.java.checks.CompareToReturnValueCheckTest
Running org.sonar.java.checks.ServletInstanceFieldCheckTest
Tests run: 1, Failures: 0, Errors: 0, Skipped: 0, Time elapsed: 0.035 sec - in org.sonar.java.checks.ServletInstanceFieldCheckTest
Running org.sonar.java.checks.BooleanLiteralInAssertionsCheckTest
Tests run: 1, Failures: 0, Errors: 0, Skipped: 0, Time elapsed: 0.06 sec - in org.sonar.java.checks.BooleanLiteralInAssertionsCheckTest
Running org.sonar.java.checks.EmptyFileCheckTest
Tests run: 2, Failures: 0, Errors: 0, Skipped: 0, Time elapsed: 0.032 sec - in org.sonar.java.checks.EmptyFileCheckTest
Running org.sonar.java.checks.PreparedStatementAndResultSetCheckTest
Tests run: 1, Failures: 0, Errors: 0, Skipped: 0, Time elapsed: 0.107 sec - in org.sonar.java.checks.PreparedStatementAndResultSetCheckTest
Running org.sonar.java.checks.ReplaceLambdaByMethodRefCheckTest
Tests run: 1, Failures: 0, Errors: 0, Skipped: 0, Time elapsed: 0.06 sec - in org.sonar.java.checks.ReplaceLambdaByMethodRefCheckTest
Running org.sonar.java.symexecengine.DataFlowVisitorTest
Tests run: 1, Failures: 0, Errors: 0, Skipped: 0, Time elapsed: 0.034 sec - in org.sonar.java.symexecengine.DataFlowVisitorTest
Running org.sonar.java.checks.CatchNPECheckTest
Tests run: 1, Failures: 0, Errors: 0, Skipped: 0, Time elapsed: 0.026 sec - in org.sonar.java.checks.CatchNPECheckTest
Running org.sonar.java.checks.LabelsShouldNotBeUsedCheckTest
Tests run: 1, Failures: 0, Errors: 0, Skipped: 0, Time elapsed: 0.028 sec - in org.sonar.java.checks.LabelsShouldNotBeUsedCheckTest
Running org.sonar.java.checks.MethodComplexityCheckTest
Tests run: 2, Failures: 0, Errors: 0, Skipped: 0, Time elapsed: 0.032 sec - in org.sonar.java.checks.MethodComplexityCheckTest
Running org.sonar.java.checks.ChildClassShadowFieldCheckTest
Tests run: 1, Failures: 0, Errors: 0, Skipped: 0, Time elapsed: 0.012 sec - in org.sonar.java.checks.ChildClassShadowFieldCheckTest
Running org.sonar.java.checks.GarbageCollectorCalledCheckTest
Tests run: 1, Failures: 0, Errors: 0, Skipped: 0, Time elapsed: 0.022 sec - in org.sonar.java.checks.GarbageCollectorCalledCheckTest
Running org.sonar.java.checks.ForLoopCounterChangedCheckTest
Tests run: 1, Failures: 0, Errors: 0, Skipped: 0, Time elapsed: 0.024 sec - in org.sonar.java.checks.ForLoopCounterChangedCheckTest
Running org.sonar.java.checks.ConstantMathCheckTest
Tests run: 1, Failures: 0, Errors: 0, Skipped: 0, Time elapsed: 0.028 sec - in org.sonar.java.checks.ConstantMathCheckTest
Running org.sonar.java.checks.RedundantThrowsDeclarationCheckTest
Tests run: 1, Failures: 0, Errors: 0, Skipped: 0, Time elapsed: 0.042 sec - in org.sonar.java.checks.RedundantThrowsDeclarationCheckTest
Running org.sonar.java.checks.ConstructorCallingOverridableCheckTest
Tests run: 1, Failures: 0, Errors: 0, Skipped: 0, Time elapsed: 0.01 sec - in org.sonar.java.checks.ConstructorCallingOverridableCheckTest
Running org.sonar.java.checks.ThreadSleepInTestsCheckTest
Tests run: 1, Failures: 0, Errors: 0, Skipped: 0, Time elapsed: 0.011 sec - in org.sonar.java.checks.ThreadSleepInTestsCheckTest
Running org.sonar.java.checks.SelfAssignementCheckTest
Tests run: 1, Failures: 0, Errors: 0, Skipped: 0, Time elapsed: 0.008 sec - in org.sonar.java.checks.SelfAssignementCheckTest
Running org.sonar.java.checks.UselessIncrementCheckTest
Tests run: 1, Failures: 0, Errors: 0, Skipped: 0, Time elapsed: 0.008 sec - in org.sonar.java.checks.UselessIncrementCheckTest
Running org.sonar.java.checks.SerializableSuperConstructorCheckTest
Tests run: 1, Failures: 0, Errors: 0, Skipped: 0, Time elapsed: 0.008 sec - in org.sonar.java.checks.SerializableSuperConstructorCheckTest
Running org.sonar.java.checks.InstanceOfAlwaysTrueCheckTest
Tests run: 1, Failures: 0, Errors: 0, Skipped: 0, Time elapsed: 0.005 sec - in org.sonar.java.checks.InstanceOfAlwaysTrueCheckTest
Running org.sonar.java.checks.AvoidDESCheckTest
Tests run: 1, Failures: 0, Errors: 0, Skipped: 0, Time elapsed: 0.043 sec - in org.sonar.java.checks.AvoidDESCheckTest
Running org.sonar.java.checks.ForLoopUsedAsWhileLoopCheckTest
Tests run: 1, Failures: 0, Errors: 0, Skipped: 0, Time elapsed: 0.009 sec - in org.sonar.java.checks.ForLoopUsedAsWhileLoopCheckTest
Running org.sonar.java.checks.EqualsNotOverridenWithCompareToCheckTest
Tests run: 1, Failures: 0, Errors: 0, Skipped: 0, Time elapsed: 0.032 sec - in org.sonar.java.checks.EqualsNotOverridenWithCompareToCheckTest
Running org.sonar.java.checks.UselessImportCheckTest
Tests run: 2, Failures: 0, Errors: 0, Skipped: 0, Time elapsed: 0.039 sec - in org.sonar.java.checks.UselessImportCheckTest
Running org.sonar.java.checks.MissingCurlyBraces_S00121_CheckTest
Tests run: 1, Failures: 0, Errors: 0, Skipped: 0, Time elapsed: 0.008 sec - in org.sonar.java.checks.MissingCurlyBraces_S00121_CheckTest
Running org.sonar.java.checks.UnusedMethodParameterCheckTest
Tests run: 1, Failures: 0, Errors: 0, Skipped: 0, Time elapsed: 0.03 sec - in org.sonar.java.checks.UnusedMethodParameterCheckTest
Running org.sonar.java.checks.SeveralBreakOrContinuePerLoopCheckTest
Tests run: 1, Failures: 0, Errors: 0, Skipped: 0, Time elapsed: 0.012 sec - in org.sonar.java.checks.SeveralBreakOrContinuePerLoopCheckTest
Running org.sonar.java.checks.MethodNamedEqualsCheckTest
Tests run: 1, Failures: 0, Errors: 0, Skipped: 0, Time elapsed: 0.009 sec - in org.sonar.java.checks.MethodNamedEqualsCheckTest
Running org.sonar.java.checks.ThreadWaitCallCheckTest
Tests run: 1, Failures: 0, Errors: 0, Skipped: 0, Time elapsed: 0.042 sec - in org.sonar.java.checks.ThreadWaitCallCheckTest
Running org.sonar.java.checks.InnerClassOfNonSerializableCheckTest
Tests run: 1, Failures: 0, Errors: 0, Skipped: 0, Time elapsed: 0.022 sec - in org.sonar.java.checks.InnerClassOfNonSerializableCheckTest
Running org.sonar.java.checks.SynchronizedLockCheckTest
Tests run: 1, Failures: 0, Errors: 0, Skipped: 0, Time elapsed: 0.207 sec - in org.sonar.java.checks.SynchronizedLockCheckTest
Running org.sonar.java.checks.ClassComparedByNameCheckTest
Tests run: 1, Failures: 0, Errors: 0, Skipped: 0, Time elapsed: 0.03 sec - in org.sonar.java.checks.ClassComparedByNameCheckTest
Running org.sonar.java.checks.BooleanLiteralCheckTest
Tests run: 1, Failures: 0, Errors: 0, Skipped: 0, Time elapsed: 0.006 sec - in org.sonar.java.checks.BooleanLiteralCheckTest
Running org.sonar.java.checks.ThrowsFromFinallyCheckTest
Tests run: 1, Failures: 0, Errors: 0, Skipped: 0, Time elapsed: 0.019 sec - in org.sonar.java.checks.ThrowsFromFinallyCheckTest
Running org.sonar.java.checks.MainMethodThrowsExceptionCheckTest
Tests run: 1, Failures: 0, Errors: 0, Skipped: 0, Time elapsed: 0.02 sec - in org.sonar.java.checks.MainMethodThrowsExceptionCheckTest
Running org.sonar.java.checks.NestedEnumStaticCheckTest
Tests run: 1, Failures: 0, Errors: 0, Skipped: 0, Time elapsed: 0.019 sec - in org.sonar.java.checks.NestedEnumStaticCheckTest
Running org.sonar.java.checks.ModifiersOrderCheckTest
Tests run: 1, Failures: 0, Errors: 0, Skipped: 0, Time elapsed: 0.007 sec - in org.sonar.java.checks.ModifiersOrderCheckTest
Running org.sonar.java.checks.CollapsibleIfCandidateCheckTest
Tests run: 1, Failures: 0, Errors: 0, Skipped: 0, Time elapsed: 0.017 sec - in org.sonar.java.checks.CollapsibleIfCandidateCheckTest
Running org.sonar.java.checks.CommentedOutCodeLineCheckTest
Tests run: 1, Failures: 0, Errors: 0, Skipped: 0, Time elapsed: 0.008 sec - in org.sonar.java.checks.CommentedOutCodeLineCheckTest
Running org.sonar.java.checks.NonShortCircuitLogicCheckTest
Tests run: 1, Failures: 0, Errors: 0, Skipped: 0, Time elapsed: 0.009 sec - in org.sonar.java.checks.NonShortCircuitLogicCheckTest
Running org.sonar.java.checks.CompareObjectWithEqualsCheckTest
Tests run: 1, Failures: 0, Errors: 0, Skipped: 0, Time elapsed: 0.024 sec - in org.sonar.java.checks.CompareObjectWithEqualsCheckTest
Running org.sonar.java.checks.StringConcatenationInLoopCheckTest
Tests run: 1, Failures: 0, Errors: 0, Skipped: 0, Time elapsed: 0.013 sec - in org.sonar.java.checks.StringConcatenationInLoopCheckTest
Running org.sonar.java.checks.ParsingErrorCheckTest
Tests run: 1, Failures: 0, Errors: 0, Skipped: 0, Time elapsed: 0.007 sec - in org.sonar.java.checks.ParsingErrorCheckTest
Running org.sonar.java.checks.ServletMethodsExceptionsThrownCheckTest
Tests run: 1, Failures: 0, Errors: 0, Skipped: 0, Time elapsed: 0.016 sec - in org.sonar.java.checks.ServletMethodsExceptionsThrownCheckTest
Running org.sonar.java.checks.StringLiteralInsideEqualsCheckTest
Tests run: 1, Failures: 0, Errors: 0, Skipped: 0, Time elapsed: 0.011 sec - in org.sonar.java.checks.StringLiteralInsideEqualsCheckTest
Running org.sonar.java.checks.BooleanMethodReturnCheckTest
Tests run: 1, Failures: 0, Errors: 0, Skipped: 0, Time elapsed: 0.011 sec - in org.sonar.java.checks.BooleanMethodReturnCheckTest
Running org.sonar.java.checks.MembersDifferOnlyByCapitalizationCheckTest
Tests run: 1, Failures: 0, Errors: 0, Skipped: 0, Time elapsed: 0.017 sec - in org.sonar.java.checks.MembersDifferOnlyByCapitalizationCheckTest
Running org.sonar.java.checks.TooManyLinesOfCodeInFile_S00104_CheckTest
Tests run: 3, Failures: 0, Errors: 0, Skipped: 0, Time elapsed: 0.008 sec - in org.sonar.java.checks.TooManyLinesOfCodeInFile_S00104_CheckTest
Running org.sonar.java.checks.NoSonarCheckTest
Tests run: 1, Failures: 0, Errors: 0, Skipped: 0, Time elapsed: 0.004 sec - in org.sonar.java.checks.NoSonarCheckTest
Running org.sonar.java.symexec.SymbolicBooleanConstraintTest
Tests run: 3, Failures: 0, Errors: 0, Skipped: 0, Time elapsed: 0 sec - in org.sonar.java.symexec.SymbolicBooleanConstraintTest
Running org.sonar.java.checks.ThreadSleepCheckTest
Tests run: 1, Failures: 0, Errors: 0, Skipped: 0, Time elapsed: 0.007 sec - in org.sonar.java.checks.ThreadSleepCheckTest
Running org.sonar.java.checks.BadLocalVariableName_S00117_CheckTest
Tests run: 2, Failures: 0, Errors: 0, Skipped: 0, Time elapsed: 0.016 sec - in org.sonar.java.checks.BadLocalVariableName_S00117_CheckTest
Running org.sonar.java.checks.FieldNameMatchingTypeNameCheckTest
Tests run: 1, Failures: 0, Errors: 0, Skipped: 0, Time elapsed: 0.004 sec - in org.sonar.java.checks.FieldNameMatchingTypeNameCheckTest
Running org.sonar.java.checks.TooManyStatementsPerLine_S00122_CheckTest
Tests run: 1, Failures: 0, Errors: 0, Skipped: 0, Time elapsed: 0.029 sec - in org.sonar.java.checks.TooManyStatementsPerLine_S00122_CheckTest
Running org.sonar.java.checks.BadTypeParameterName_S00119_CheckTest
Tests run: 2, Failures: 0, Errors: 0, Skipped: 0, Time elapsed: 0.009 sec - in org.sonar.java.checks.BadTypeParameterName_S00119_CheckTest
Running org.sonar.java.checks.HardcodedIpCheckTest
Tests run: 1, Failures: 0, Errors: 0, Skipped: 0, Time elapsed: 0.014 sec - in org.sonar.java.checks.HardcodedIpCheckTest
Running org.sonar.java.checks.NoPmdTagPresenceCheckTest
Tests run: 1, Failures: 0, Errors: 0, Skipped: 0, Time elapsed: 0.006 sec - in org.sonar.java.checks.NoPmdTagPresenceCheckTest
Running org.sonar.java.checks.MethodNamedHashcodeOrEqualCheckTest
Tests run: 1, Failures: 0, Errors: 0, Skipped: 0, Time elapsed: 0.005 sec - in org.sonar.java.checks.MethodNamedHashcodeOrEqualCheckTest
Running org.sonar.java.checks.UtilityClassWithPublicConstructorCheckTest
Tests run: 1, Failures: 0, Errors: 0, Skipped: 0, Time elapsed: 0.005 sec - in org.sonar.java.checks.UtilityClassWithPublicConstructorCheckTest
Running org.sonar.java.checks.ErrorClassExtendedCheckTest
Tests run: 1, Failures: 0, Errors: 0, Skipped: 0, Time elapsed: 0.007 sec - in org.sonar.java.checks.ErrorClassExtendedCheckTest
Running org.sonar.java.checks.AssertionInThreadRunCheckTest
Tests run: 1, Failures: 0, Errors: 0, Skipped: 0, Time elapsed: 0.015 sec - in org.sonar.java.checks.AssertionInThreadRunCheckTest
Running org.sonar.java.checks.CallToDeprecatedMethodCheckTest
Tests run: 1, Failures: 0, Errors: 0, Skipped: 0, Time elapsed: 0.022 sec - in org.sonar.java.checks.CallToDeprecatedMethodCheckTest
Running org.sonar.java.checks.MutableMembersUsageCheckTest
Tests run: 1, Failures: 0, Errors: 0, Skipped: 0, Time elapsed: 0.028 sec - in org.sonar.java.checks.MutableMembersUsageCheckTest
Running org.sonar.java.checks.IncrementDecrementInSubExpressionCheckTest
Tests run: 1, Failures: 0, Errors: 0, Skipped: 0, Time elapsed: 0.009 sec - in org.sonar.java.checks.IncrementDecrementInSubExpressionCheckTest
Running org.sonar.java.checks.WaitInWhileLoopCheckTest
Tests run: 1, Failures: 0, Errors: 0, Skipped: 0, Time elapsed: 0.007 sec - in org.sonar.java.checks.WaitInWhileLoopCheckTest
Running org.sonar.java.checks.ForLoopIncrementSignCheckTest
Tests run: 1, Failures: 0, Errors: 0, Skipped: 0, Time elapsed: 0.015 sec - in org.sonar.java.checks.ForLoopIncrementSignCheckTest
Running org.sonar.java.checks.ImmediatelyReturnedVariableCheckTest
Tests run: 1, Failures: 0, Errors: 0, Skipped: 0, Time elapsed: 0.023 sec - in org.sonar.java.checks.ImmediatelyReturnedVariableCheckTest
Running org.sonar.java.checks.NullDereferenceInConditionalCheckTest
Tests run: 1, Failures: 0, Errors: 0, Skipped: 0, Time elapsed: 0.018 sec - in org.sonar.java.checks.NullDereferenceInConditionalCheckTest
Running org.sonar.java.checks.RunFinalizersCheckTest
Tests run: 1, Failures: 0, Errors: 0, Skipped: 0, Time elapsed: 0.012 sec - in org.sonar.java.checks.RunFinalizersCheckTest
Running org.sonar.java.checks.CustomSerializationMethodCheckTest
Tests run: 1, Failures: 0, Errors: 0, Skipped: 0, Time elapsed: 0.012 sec - in org.sonar.java.checks.CustomSerializationMethodCheckTest
Running org.sonar.java.checks.helpers.ExpressionsHelperTest
Tests run: 1, Failures: 0, Errors: 0, Skipped: 0, Time elapsed: 0.001 sec - in org.sonar.java.checks.helpers.ExpressionsHelperTest
Running org.sonar.java.checks.SynchronizationOnStringOrBoxedCheckTest
Tests run: 1, Failures: 0, Errors: 0, Skipped: 0, Time elapsed: 0.018 sec - in org.sonar.java.checks.SynchronizationOnStringOrBoxedCheckTest
Running org.sonar.java.checks.EnumMapCheckTest
Tests run: 1, Failures: 0, Errors: 0, Skipped: 0, Time elapsed: 0.021 sec - in org.sonar.java.checks.EnumMapCheckTest
Running org.sonar.java.checks.ToStringReturningNullCheckTest
Tests run: 1, Failures: 0, Errors: 0, Skipped: 0, Time elapsed: 0.034 sec - in org.sonar.java.checks.ToStringReturningNullCheckTest
Running org.sonar.java.checks.IncorrectOrderOfMembersCheckTest
Tests run: 1, Failures: 0, Errors: 0, Skipped: 0, Time elapsed: 0.007 sec - in org.sonar.java.checks.IncorrectOrderOfMembersCheckTest
Running org.sonar.java.checks.InnerStaticClassesCheckTest
Tests run: 1, Failures: 0, Errors: 0, Skipped: 0, Time elapsed: 0.025 sec - in org.sonar.java.checks.InnerStaticClassesCheckTest
Running org.sonar.java.checks.SynchronizedFieldAssignmentCheckTest
Tests run: 1, Failures: 0, Errors: 0, Skipped: 0, Time elapsed: 0.024 sec - in org.sonar.java.checks.SynchronizedFieldAssignmentCheckTest
Running org.sonar.java.checks.IgnoredStreamReturnValueCheckTest
Tests run: 1, Failures: 0, Errors: 0, Skipped: 0, Time elapsed: 0.023 sec - in org.sonar.java.checks.IgnoredStreamReturnValueCheckTest
Running org.sonar.java.checks.BadFieldNameStaticNonFinalCheckTest
Tests run: 2, Failures: 0, Errors: 0, Skipped: 0, Time elapsed: 0.026 sec - in org.sonar.java.checks.BadFieldNameStaticNonFinalCheckTest
Running org.sonar.java.checks.RedundantModifierCheckTest
Tests run: 1, Failures: 0, Errors: 0, Skipped: 0, Time elapsed: 0.014 sec - in org.sonar.java.checks.RedundantModifierCheckTest
Running org.sonar.java.checks.ThreadAsRunnableArgumentCheckTest
Tests run: 1, Failures: 0, Errors: 0, Skipped: 0, Time elapsed: 0.018 sec - in org.sonar.java.checks.ThreadAsRunnableArgumentCheckTest
Running org.sonar.java.checks.helpers.JavaPropertiesHelperTest
Tests run: 9, Failures: 0, Errors: 0, Skipped: 0, Time elapsed: 0.083 sec - in org.sonar.java.checks.helpers.JavaPropertiesHelperTest
Running org.sonar.java.checks.MethodOnlyCallsSuperCheckTest
Tests run: 1, Failures: 0, Errors: 0, Skipped: 0, Time elapsed: 0.02 sec - in org.sonar.java.checks.MethodOnlyCallsSuperCheckTest
Running org.sonar.java.checks.UnusedTypeParameterCheckTest
Tests run: 1, Failures: 0, Errors: 0, Skipped: 0, Time elapsed: 0.008 sec - in org.sonar.java.checks.UnusedTypeParameterCheckTest
Running org.sonar.java.checks.CatchUsesExceptionWithContextCheckTest
Tests run: 1, Failures: 0, Errors: 0, Skipped: 0, Time elapsed: 0.036 sec - in org.sonar.java.checks.CatchUsesExceptionWithContextCheckTest
Running org.sonar.java.checks.IfConditionAlwaysTrueOrFalseCheckTest
Tests run: 1, Failures: 0, Errors: 0, Skipped: 0, Time elapsed: 0.007 sec - in org.sonar.java.checks.IfConditionAlwaysTrueOrFalseCheckTest
Running org.sonar.java.checks.BadPackageName_S00120_CheckTest
Tests run: 3, Failures: 0, Errors: 0, Skipped: 0, Time elapsed: 0.012 sec - in org.sonar.java.checks.BadPackageName_S00120_CheckTest
Running org.sonar.java.checks.ProtectedMemberInFinalClassCheckTest
Tests run: 1, Failures: 0, Errors: 0, Skipped: 0, Time elapsed: 0.007 sec - in org.sonar.java.checks.ProtectedMemberInFinalClassCheckTest
Running org.sonar.java.checks.PublicStaticMutableMembersCheckTest
Tests run: 1, Failures: 0, Errors: 0, Skipped: 0, Time elapsed: 0.068 sec - in org.sonar.java.checks.PublicStaticMutableMembersCheckTest
Running org.sonar.java.checks.PseudoRandomCheckTest
Tests run: 1, Failures: 0, Errors: 0, Skipped: 0, Time elapsed: 0.027 sec - in org.sonar.java.checks.PseudoRandomCheckTest
Running org.sonar.java.checks.ReadObjectSynchronizedCheckTest
Tests run: 1, Failures: 0, Errors: 0, Skipped: 0, Time elapsed: 0.041 sec - in org.sonar.java.checks.ReadObjectSynchronizedCheckTest
Running org.sonar.java.checks.SerializableContractTest
Tests run: 2, Failures: 0, Errors: 0, Skipped: 0, Time elapsed: 0.012 sec - in org.sonar.java.checks.SerializableContractTest
Running org.sonar.java.checks.AbstractClassNoFieldShouldBeInterfaceCheckTest
Tests run: 1, Failures: 0, Errors: 0, Skipped: 0, Time elapsed: 0.026 sec - in org.sonar.java.checks.AbstractClassNoFieldShouldBeInterfaceCheckTest
Running org.sonar.java.checks.FinalClassCheckTest
Tests run: 1, Failures: 0, Errors: 0, Skipped: 0, Time elapsed: 0.045 sec - in org.sonar.java.checks.FinalClassCheckTest
Running org.sonar.java.checks.ScheduledThreadPoolExecutorZeroCheckTest
Tests run: 1, Failures: 0, Errors: 0, Skipped: 0, Time elapsed: 0.065 sec - in org.sonar.java.checks.ScheduledThreadPoolExecutorZeroCheckTest
Running org.sonar.java.checks.UnusedPrivateMethodCheckTest
Tests run: 2, Failures: 0, Errors: 0, Skipped: 0, Time elapsed: 0.093 sec - in org.sonar.java.checks.UnusedPrivateMethodCheckTest
Running org.sonar.java.checks.SerializableComparatorCheckTest
Tests run: 1, Failures: 0, Errors: 0, Skipped: 0, Time elapsed: 0.042 sec - in org.sonar.java.checks.SerializableComparatorCheckTest
Running org.sonar.java.checks.NullPointerCheckTest
Tests run: 9, Failures: 0, Errors: 0, Skipped: 0, Time elapsed: 0.271 sec - in org.sonar.java.checks.NullPointerCheckTest
Running org.sonar.java.checks.IdenticalCasesInSwitchCheckTest
Tests run: 1, Failures: 0, Errors: 0, Skipped: 0, Time elapsed: 0.117 sec - in org.sonar.java.checks.IdenticalCasesInSwitchCheckTest
Running org.sonar.java.checks.DefaultEncodingUsageCheckTest
Tests run: 1, Failures: 0, Errors: 0, Skipped: 0, Time elapsed: 0.212 sec - in org.sonar.java.checks.DefaultEncodingUsageCheckTest
Running org.sonar.java.checks.SymmetricEqualsCheckTest
Tests run: 1, Failures: 0, Errors: 0, Skipped: 0, Time elapsed: 0.197 sec - in org.sonar.java.checks.SymmetricEqualsCheckTest
Running org.sonar.java.checks.LocksNotUnlockedCheckTest
Tests run: 1, Failures: 0, Errors: 0, Skipped: 0, Time elapsed: 0.151 sec - in org.sonar.java.checks.LocksNotUnlockedCheckTest
Running org.sonar.java.checks.BadConstantName_S00115_CheckTest
Tests run: 2, Failures: 0, Errors: 0, Skipped: 0, Time elapsed: 0.092 sec - in org.sonar.java.checks.BadConstantName_S00115_CheckTest
Running org.sonar.java.checks.UselessObjectCreationCheckTest
Tests run: 1, Failures: 0, Errors: 0, Skipped: 0, Time elapsed: 0.053 sec - in org.sonar.java.checks.UselessObjectCreationCheckTest
Running org.sonar.java.checks.UselessParenthesesCheckTest
Tests run: 1, Failures: 0, Errors: 0, Skipped: 0, Time elapsed: 0.081 sec - in org.sonar.java.checks.UselessParenthesesCheckTest
Running org.sonar.java.checks.ThrowsSeveralCheckedExceptionCheckTest
Tests run: 1, Failures: 0, Errors: 0, Skipped: 0, Time elapsed: 0.067 sec - in org.sonar.java.checks.ThrowsSeveralCheckedExceptionCheckTest
Running org.sonar.java.checks.DuplicateConditionIfElseIfCheckTest
Tests run: 1, Failures: 0, Errors: 0, Skipped: 0, Time elapsed: 0.047 sec - in org.sonar.java.checks.DuplicateConditionIfElseIfCheckTest
Running org.sonar.java.checks.RawException_S00112_CheckTest
Tests run: 1, Failures: 0, Errors: 0, Skipped: 0, Time elapsed: 0.053 sec - in org.sonar.java.checks.RawException_S00112_CheckTest
Running org.sonar.java.checks.SuppressWarningsCheckTest
Tests run: 5, Failures: 0, Errors: 0, Skipped: 0, Time elapsed: 0.221 sec - in org.sonar.java.checks.SuppressWarningsCheckTest
Running org.sonar.java.checks.ObjectFinalizeCheckTest
Tests run: 1, Failures: 0, Errors: 0, Skipped: 0, Time elapsed: 0.014 sec - in org.sonar.java.checks.ObjectFinalizeCheckTest
Running org.sonar.java.checks.CallSuperMethodFromInnerClassCheckTest
Tests run: 1, Failures: 0, Errors: 0, Skipped: 0, Time elapsed: 0.009 sec - in org.sonar.java.checks.CallSuperMethodFromInnerClassCheckTest
Running org.sonar.java.checks.LeftCurlyBraceStartLineCheckTest
Tests run: 1, Failures: 0, Errors: 0, Skipped: 0, Time elapsed: 0.012 sec - in org.sonar.java.checks.LeftCurlyBraceStartLineCheckTest
Running org.sonar.java.checks.UnusedReturnedDataCheckTest
Tests run: 1, Failures: 0, Errors: 0, Skipped: 0, Time elapsed: 0.028 sec - in org.sonar.java.checks.UnusedReturnedDataCheckTest
Running org.sonar.java.symexec.SymbolicEvaluatorTest
Tests run: 31, Failures: 0, Errors: 0, Skipped: 0, Time elapsed: 0.537 sec - in org.sonar.java.symexec.SymbolicEvaluatorTest
Running org.sonar.java.checks.SAMAnnotatedCheckTest
Tests run: 1, Failures: 0, Errors: 0, Skipped: 0, Time elapsed: 0.025 sec - in org.sonar.java.checks.SAMAnnotatedCheckTest
Running org.sonar.java.checks.verifier.JavaCheckVerifierTest
Tests run: 6, Failures: 0, Errors: 0, Skipped: 0, Time elapsed: 0.115 sec - in org.sonar.java.checks.verifier.JavaCheckVerifierTest
Running org.sonar.java.checks.StringBufferAndBuilderWithCharCheckTest
Tests run: 1, Failures: 0, Errors: 0, Skipped: 0, Time elapsed: 0.018 sec - in org.sonar.java.checks.StringBufferAndBuilderWithCharCheckTest
Running org.sonar.java.checks.MethodWithExcessiveReturnsCheckTest
Tests run: 2, Failures: 0, Errors: 0, Skipped: 0, Time elapsed: 0.061 sec - in org.sonar.java.checks.MethodWithExcessiveReturnsCheckTest
Running org.sonar.java.checks.ParameterReassignedToCheckTest
Tests run: 1, Failures: 0, Errors: 0, Skipped: 0, Time elapsed: 0.047 sec - in org.sonar.java.checks.ParameterReassignedToCheckTest
Running org.sonar.java.checks.ObjectEqualsNullCheckTest
Tests run: 1, Failures: 0, Errors: 0, Skipped: 0, Time elapsed: 0.046 sec - in org.sonar.java.checks.ObjectEqualsNullCheckTest
Running org.sonar.java.checks.ForLoopFalseConditionCheckTest
Tests run: 1, Failures: 0, Errors: 0, Skipped: 0, Time elapsed: 0.043 sec - in org.sonar.java.checks.ForLoopFalseConditionCheckTest
Running org.sonar.java.checks.OSCommandInjectionCheckTest
Tests run: 1, Failures: 0, Errors: 0, Skipped: 0, Time elapsed: 0.064 sec - in org.sonar.java.checks.OSCommandInjectionCheckTest
Running org.sonar.java.checks.ArrayDesignatorAfterTypeCheckTest
Tests run: 1, Failures: 0, Errors: 0, Skipped: 0, Time elapsed: 0.041 sec - in org.sonar.java.checks.ArrayDesignatorAfterTypeCheckTest
Running org.sonar.java.checks.EqualsOnAtomicClassCheckTest
Tests run: 1, Failures: 0, Errors: 0, Skipped: 0, Time elapsed: 0.055 sec - in org.sonar.java.checks.EqualsOnAtomicClassCheckTest
Running org.sonar.java.checks.ObjectFinalizeOverridenCallsSuperFinalizeCheckTest
Tests run: 1, Failures: 0, Errors: 0, Skipped: 0, Time elapsed: 0.062 sec - in org.sonar.java.checks.ObjectFinalizeOverridenCallsSuperFinalizeCheckTest
Running org.sonar.java.checks.OperatorPrecedenceCheckTest
Tests run: 1, Failures: 0, Errors: 0, Skipped: 0, Time elapsed: 0.033 sec - in org.sonar.java.checks.OperatorPrecedenceCheckTest
Running org.sonar.java.checks.EmptyClassCheckTest
Tests run: 1, Failures: 0, Errors: 0, Skipped: 0, Time elapsed: 0.011 sec - in org.sonar.java.checks.EmptyClassCheckTest
Running org.sonar.java.checks.EnumAsIdentifierCheckTest
Tests run: 1, Failures: 0, Errors: 0, Skipped: 0, Time elapsed: 0.008 sec - in org.sonar.java.checks.EnumAsIdentifierCheckTest
Running org.sonar.java.symexec.ExecutionStateTest
Tests run: 5, Failures: 0, Errors: 0, Skipped: 0, Time elapsed: 0.019 sec - in org.sonar.java.symexec.ExecutionStateTest
Running org.sonar.java.checks.LambdaOptionalParenthesisCheckTest
Tests run: 1, Failures: 0, Errors: 0, Skipped: 0, Time elapsed: 0.009 sec - in org.sonar.java.checks.LambdaOptionalParenthesisCheckTest
Running org.sonar.java.checks.BadAbstractClassName_S00118_CheckTest
Tests run: 1, Failures: 0, Errors: 0, Skipped: 0, Time elapsed: 0.005 sec - in org.sonar.java.checks.BadAbstractClassName_S00118_CheckTest
Running org.sonar.java.checks.ObjectFinalizeOverridenCheckTest
Tests run: 1, Failures: 0, Errors: 0, Skipped: 0, Time elapsed: 0.007 sec - in org.sonar.java.checks.ObjectFinalizeOverridenCheckTest
Running org.sonar.java.checks.ThreadStartedInConstructorCheckTest
Tests run: 1, Failures: 0, Errors: 0, Skipped: 0, Time elapsed: 0.015 sec - in org.sonar.java.checks.ThreadStartedInConstructorCheckTest
Running org.sonar.java.checks.ResultSetIsLastCheckTest
Tests run: 1, Failures: 0, Errors: 0, Skipped: 0, Time elapsed: 0.008 sec - in org.sonar.java.checks.ResultSetIsLastCheckTest
Running org.sonar.java.symexec.SymbolicRelationTest
Tests run: 3, Failures: 0, Errors: 0, Skipped: 0, Time elapsed: 0.001 sec - in org.sonar.java.symexec.SymbolicRelationTest
Running org.sonar.java.checks.URLHashCodeAndEqualsCheckTest
Tests run: 1, Failures: 0, Errors: 0, Skipped: 0, Time elapsed: 0.012 sec - in org.sonar.java.checks.URLHashCodeAndEqualsCheckTest
Running org.sonar.java.checks.InterfaceAsConstantContainerCheckTest
Tests run: 1, Failures: 0, Errors: 0, Skipped: 0, Time elapsed: 0.007 sec - in org.sonar.java.checks.InterfaceAsConstantContainerCheckTest
Running org.sonar.java.checks.DisallowedMethodCheckTest
Tests run: 4, Failures: 0, Errors: 0, Skipped: 0, Time elapsed: 0.017 sec - in org.sonar.java.checks.DisallowedMethodCheckTest
Running org.sonar.java.checks.CatchIllegalMonitorStateExceptionCheckTest
Tests run: 1, Failures: 0, Errors: 0, Skipped: 0, Time elapsed: 0.006 sec - in org.sonar.java.checks.CatchIllegalMonitorStateExceptionCheckTest
Running org.sonar.java.checks.SerialVersionUidCheckTest
Tests run: 1, Failures: 0, Errors: 0, Skipped: 0, Time elapsed: 0.018 sec - in org.sonar.java.checks.SerialVersionUidCheckTest
Running org.sonar.java.checks.HardCodedCredentialsCheckTest
Tests run: 1, Failures: 0, Errors: 0, Skipped: 0, Time elapsed: 0.013 sec - in org.sonar.java.checks.HardCodedCredentialsCheckTest
Running org.sonar.java.checks.IndexOfWithPositiveNumberCheckTest
Tests run: 1, Failures: 0, Errors: 0, Skipped: 0, Time elapsed: 0.016 sec - in org.sonar.java.checks.IndexOfWithPositiveNumberCheckTest
Running org.sonar.java.checks.DeprecatedTagPresenceCheckTest
Tests run: 1, Failures: 0, Errors: 0, Skipped: 0, Time elapsed: 0.011 sec - in org.sonar.java.checks.DeprecatedTagPresenceCheckTest
Running org.sonar.java.checks.LambdaSingleExpressionCheckTest
Tests run: 1, Failures: 0, Errors: 0, Skipped: 0, Time elapsed: 0.016 sec - in org.sonar.java.checks.LambdaSingleExpressionCheckTest
Running org.sonar.java.checks.BadMethodName_S00100_CheckTest
Tests run: 3, Failures: 0, Errors: 0, Skipped: 0, Time elapsed: 0.03 sec - in org.sonar.java.checks.BadMethodName_S00100_CheckTest
Running org.sonar.java.checks.EqualsOverridenWithHashCodeCheckTest
Tests run: 1, Failures: 0, Errors: 0, Skipped: 0, Time elapsed: 0.009 sec - in org.sonar.java.checks.EqualsOverridenWithHashCodeCheckTest
Running org.sonar.java.checks.BadInterfaceName_S00114_CheckTest
Tests run: 2, Failures: 0, Errors: 0, Skipped: 0, Time elapsed: 0.015 sec - in org.sonar.java.checks.BadInterfaceName_S00114_CheckTest
Running org.sonar.java.checks.RightCurlyBraceSameLineAsNextBlockCheckTest
Tests run: 1, Failures: 0, Errors: 0, Skipped: 0, Time elapsed: 0.007 sec - in org.sonar.java.checks.RightCurlyBraceSameLineAsNextBlockCheckTest
Running org.sonar.java.checks.ObjectFinalizeOverridenNotPublicCheckTest
Tests run: 1, Failures: 0, Errors: 0, Skipped: 0, Time elapsed: 0.009 sec - in org.sonar.java.checks.ObjectFinalizeOverridenNotPublicCheckTest
Running org.sonar.java.checks.DateUtilsTruncateCheckTest
Tests run: 1, Failures: 0, Errors: 0, Skipped: 0, Time elapsed: 0.014 sec - in org.sonar.java.checks.DateUtilsTruncateCheckTest
Running org.sonar.java.checks.IndexOfStartPositionCheckTest
Tests run: 1, Failures: 0, Errors: 0, Skipped: 0, Time elapsed: 0.014 sec - in org.sonar.java.checks.IndexOfStartPositionCheckTest
Running org.sonar.java.checks.ReturnOfBooleanExpressionsCheckTest
Tests run: 1, Failures: 0, Errors: 0, Skipped: 0, Time elapsed: 0.012 sec - in org.sonar.java.checks.ReturnOfBooleanExpressionsCheckTest
Running org.sonar.java.checks.ToStringUsingBoxingCheckTest
Tests run: 1, Failures: 0, Errors: 0, Skipped: 0, Time elapsed: 0.02 sec - in org.sonar.java.checks.ToStringUsingBoxingCheckTest
Running org.sonar.java.checks.MethodNameSameAsClassCheckTest
Tests run: 1, Failures: 0, Errors: 0, Skipped: 0, Time elapsed: 0.007 sec - in org.sonar.java.checks.MethodNameSameAsClassCheckTest
Running org.sonar.java.checks.ExceptionsShouldBeImmutableCheckTest
Tests run: 1, Failures: 0, Errors: 0, Skipped: 0, Time elapsed: 0.006 sec - in org.sonar.java.checks.ExceptionsShouldBeImmutableCheckTest
Running org.sonar.java.checks.SwitchLastCaseIsDefaultCheckTest
Tests run: 1, Failures: 0, Errors: 0, Skipped: 0, Time elapsed: 0.006 sec - in org.sonar.java.checks.SwitchLastCaseIsDefaultCheckTest
Running org.sonar.java.checks.InterfaceOrSuperclassShadowingCheckTest
Tests run: 1, Failures: 0, Errors: 0, Skipped: 0, Time elapsed: 0.205 sec - in org.sonar.java.checks.InterfaceOrSuperclassShadowingCheckTest
Running org.sonar.java.checks.ConcurrentLinkedQueueSizeCheckTest
Tests run: 1, Failures: 0, Errors: 0, Skipped: 0, Time elapsed: 0.027 sec - in org.sonar.java.checks.ConcurrentLinkedQueueSizeCheckTest
Running org.sonar.java.checks.CheckListTest
Tests run: 4, Failures: 0, Errors: 0, Skipped: 0, Time elapsed: 1.439 sec - in org.sonar.java.checks.CheckListTest
Running org.sonar.java.checks.CompareToResultTestCheckTest
Tests run: 1, Failures: 0, Errors: 0, Skipped: 0, Time elapsed: 0.021 sec - in org.sonar.java.checks.CompareToResultTestCheckTest
Running org.sonar.java.checks.ReturnInFinallyCheckTest
Tests run: 1, Failures: 0, Errors: 0, Skipped: 0, Time elapsed: 0.011 sec - in org.sonar.java.checks.ReturnInFinallyCheckTest
Running org.sonar.java.checks.JunitMethodDeclarationCheckTest
Tests run: 2, Failures: 0, Errors: 0, Skipped: 0, Time elapsed: 0.012 sec - in org.sonar.java.checks.JunitMethodDeclarationCheckTest
Running org.sonar.java.checks.CastArithmeticOperandCheckTest
Tests run: 1, Failures: 0, Errors: 0, Skipped: 0, Time elapsed: 0.015 sec - in org.sonar.java.checks.CastArithmeticOperandCheckTest
Running org.sonar.java.checks.ClassNamedLikeExceptionCheckTest
Tests run: 1, Failures: 0, Errors: 0, Skipped: 0, Time elapsed: 0.006 sec - in org.sonar.java.checks.ClassNamedLikeExceptionCheckTest
Running org.sonar.java.checks.StringToPrimitiveConversionCheckTest
Tests run: 1, Failures: 0, Errors: 0, Skipped: 0, Time elapsed: 0.012 sec - in org.sonar.java.checks.StringToPrimitiveConversionCheckTest
Running org.sonar.java.checks.NonSerializableWriteCheckTest
Tests run: 1, Failures: 0, Errors: 0, Skipped: 0, Time elapsed: 0.016 sec - in org.sonar.java.checks.NonSerializableWriteCheckTest
Running org.sonar.java.checks.CloseResourceCheckTest
Tests run: 1, Failures: 0, Errors: 0, Skipped: 0, Time elapsed: 0.083 sec - in org.sonar.java.checks.CloseResourceCheckTest
Running org.sonar.java.checks.ImmediateReverseBoxingCheckTest
Tests run: 1, Failures: 0, Errors: 0, Skipped: 0, Time elapsed: 0.023 sec - in org.sonar.java.checks.ImmediateReverseBoxingCheckTest
Running org.sonar.java.checks.PrimitiveWrappersInTernaryOperatorCheckTest
Tests run: 1, Failures: 0, Errors: 0, Skipped: 0, Time elapsed: 0.014 sec - in org.sonar.java.checks.PrimitiveWrappersInTernaryOperatorCheckTest
Running org.sonar.java.checks.UndocumentedApiCheckTest
Tests run: 2, Failures: 0, Errors: 0, Skipped: 0, Time elapsed: 0.048 sec - in org.sonar.java.checks.UndocumentedApiCheckTest
Running org.sonar.java.checks.SwitchCaseWithoutBreakCheckTest
Tests run: 1, Failures: 0, Errors: 0, Skipped: 0, Time elapsed: 0.014 sec - in org.sonar.java.checks.SwitchCaseWithoutBreakCheckTest
Running org.sonar.java.checks.MissingDeprecatedCheckTest
Tests run: 1, Failures: 0, Errors: 0, Skipped: 0, Time elapsed: 0.011 sec - in org.sonar.java.checks.MissingDeprecatedCheckTest
Running org.sonar.java.checks.ArrayEqualsCheckTest
Tests run: 1, Failures: 0, Errors: 0, Skipped: 0, Time elapsed: 0.013 sec - in org.sonar.java.checks.ArrayEqualsCheckTest
Running org.sonar.java.checks.ThreadOverridesRunCheckTest
Tests run: 1, Failures: 0, Errors: 0, Skipped: 0, Time elapsed: 0.013 sec - in org.sonar.java.checks.ThreadOverridesRunCheckTest
Running org.sonar.java.checks.AbstractMethodDetectionTest
Tests run: 2, Failures: 0, Errors: 0, Skipped: 0, Time elapsed: 0.011 sec - in org.sonar.java.checks.AbstractMethodDetectionTest
Running org.sonar.java.checks.InvalidDateValuesCheckTest
Tests run: 1, Failures: 0, Errors: 0, Skipped: 0, Time elapsed: 0.026 sec - in org.sonar.java.checks.InvalidDateValuesCheckTest
Running org.sonar.java.checks.PrintStackTraceCalledWithoutArgumentCheckTest
Tests run: 1, Failures: 0, Errors: 0, Skipped: 0, Time elapsed: 0.014 sec - in org.sonar.java.checks.PrintStackTraceCalledWithoutArgumentCheckTest
Running org.sonar.java.checks.HiddenFieldCheckTest
Tests run: 1, Failures: 0, Errors: 0, Skipped: 0, Time elapsed: 0.048 sec - in org.sonar.java.checks.HiddenFieldCheckTest
Running org.sonar.java.checks.methods.NameCriteriaTest
Tests run: 2, Failures: 0, Errors: 0, Skipped: 0, Time elapsed: 0.002 sec - in org.sonar.java.checks.methods.NameCriteriaTest
Running org.sonar.java.checks.LowerCaseLongSuffixCheckTest
Tests run: 1, Failures: 0, Errors: 0, Skipped: 0, Time elapsed: 0.04 sec - in org.sonar.java.checks.LowerCaseLongSuffixCheckTest
Running org.sonar.java.checks.CollectionImplementationReferencedCheckTest
Tests run: 1, Failures: 0, Errors: 0, Skipped: 0, Time elapsed: 0.047 sec - in org.sonar.java.checks.CollectionImplementationReferencedCheckTest
Running org.sonar.java.checks.WaitInSynchronizeCheckTest
Tests run: 1, Failures: 0, Errors: 0, Skipped: 0, Time elapsed: 0.05 sec - in org.sonar.java.checks.WaitInSynchronizeCheckTest

Results :




Tests run: 467, Failures: 0, Errors: 0, Skipped: 0

[INFO] 
[INFO] --- maven-jar-plugin:2.5:jar (default-jar) @ java-checks ---
[INFO] Building jar: /home/travis/build/SonarSource/sonar-java/java-checks/target/java-checks-3.6-SNAPSHOT.jar
[INFO] 
[INFO] --- animal-sniffer-maven-plugin:1.13:check (enforce-java-api-compatibility) @ java-checks ---
[INFO] Checking unresolved references to org.codehaus.mojo.signature:java17:1.0
[INFO] 
[INFO] --- maven-source-plugin:2.4:jar-no-fork (attach-sources) @ java-checks ---
[INFO] Building jar: /home/travis/build/SonarSource/sonar-java/java-checks/target/java-checks-3.6-SNAPSHOT-sources.jar
[INFO]                                                                         
[INFO] ------------------------------------------------------------------------
[INFO] Building SonarQube Java :: Surefire 3.6-SNAPSHOT
[INFO] ------------------------------------------------------------------------
[INFO] 
[INFO] --- buildnumber-maven-plugin:1.3:create (default) @ java-surefire ---
[INFO] 
[INFO] --- maven-enforcer-plugin:1.3.1:enforce (enforce) @ java-surefire ---
[INFO] 
[INFO] --- maven-license-plugin:1.10.b1:check (enforce-license-headers) @ java-surefire ---
[INFO] Checking licenses...
[INFO] 
[INFO] --- maven-resources-plugin:2.7:resources (default-resources) @ java-surefire ---
[INFO] Using 'UTF-8' encoding to copy filtered resources.
[INFO] skip non existing resourceDirectory /home/travis/build/SonarSource/sonar-java/java-surefire/src/main/resources
[INFO] 
[INFO] --- maven-compiler-plugin:3.2:compile (default-compile) @ java-surefire ---
[INFO] Changes detected - recompiling the module!
[INFO] Compiling 11 source files to /home/travis/build/SonarSource/sonar-java/java-surefire/target/classes
[INFO] /home/travis/build/SonarSource/sonar-java/java-surefire/src/main/java/org/sonar/plugins/surefire/SurefireSensor.java: Some input files use or override a deprecated API.
[INFO] /home/travis/build/SonarSource/sonar-java/java-surefire/src/main/java/org/sonar/plugins/surefire/SurefireSensor.java: Recompile with -Xlint:deprecation for details.
[INFO] 
[INFO] --- maven-resources-plugin:2.7:testResources (default-testResources) @ java-surefire ---
[INFO] Using 'UTF-8' encoding to copy filtered resources.
[INFO] skip non existing resourceDirectory /home/travis/build/SonarSource/sonar-java/java-surefire/src/main/resources
[INFO] Copying 48 resources
[INFO] 
[INFO] --- maven-compiler-plugin:3.2:testCompile (default-testCompile) @ java-surefire ---
[INFO] Changes detected - recompiling the module!
[INFO] Compiling 8 source files to /home/travis/build/SonarSource/sonar-java/java-surefire/target/test-classes
[INFO] /home/travis/build/SonarSource/sonar-java/java-surefire/src/test/java/org/sonar/plugins/surefire/SurefireSensorTest.java: Some input files use or override a deprecated API.
[INFO] /home/travis/build/SonarSource/sonar-java/java-surefire/src/test/java/org/sonar/plugins/surefire/SurefireSensorTest.java: Recompile with -Xlint:deprecation for details.
[INFO] 
[INFO] --- maven-surefire-plugin:2.18:test (default-test) @ java-surefire ---
[INFO] Surefire report directory: /home/travis/build/SonarSource/sonar-java/java-surefire/target/surefire-reports

-------------------------------------------------------
 T E S T S
-------------------------------------------------------
Running org.sonar.plugins.surefire.data.SurefireStaxHandlerTest
Tests run: 7, Failures: 0, Errors: 0, Skipped: 0, Time elapsed: 0.219 sec - in org.sonar.plugins.surefire.data.SurefireStaxHandlerTest
Running org.sonar.plugins.surefire.SurefireSensorTest
Tests run: 11, Failures: 0, Errors: 0, Skipped: 0, Time elapsed: 0.501 sec - in org.sonar.plugins.surefire.SurefireSensorTest
Running org.sonar.plugins.surefire.data.UnitTestClassReportTest
Tests run: 2, Failures: 0, Errors: 0, Skipped: 0, Time elapsed: 0.001 sec - in org.sonar.plugins.surefire.data.UnitTestClassReportTest
Running org.sonar.plugins.surefire.SurefireJavaParserTest
Tests run: 10, Failures: 0, Errors: 0, Skipped: 0, Time elapsed: 0.115 sec - in org.sonar.plugins.surefire.SurefireJavaParserTest
Running org.sonar.plugins.surefire.api.SurefireUtilsTest
Tests run: 2, Failures: 0, Errors: 0, Skipped: 0, Time elapsed: 0.062 sec - in org.sonar.plugins.surefire.api.SurefireUtilsTest
Running org.sonar.plugins.surefire.data.UnitTestIndexTest
Tests run: 6, Failures: 0, Errors: 0, Skipped: 0, Time elapsed: 0.002 sec - in org.sonar.plugins.surefire.data.UnitTestIndexTest
Running org.sonar.plugins.surefire.data.UnitTestResultTest
Tests run: 3, Failures: 0, Errors: 0, Skipped: 0, Time elapsed: 0 sec - in org.sonar.plugins.surefire.data.UnitTestResultTest
Running org.sonar.plugins.surefire.SurefireExtensionsTest
Tests run: 1, Failures: 0, Errors: 0, Skipped: 0, Time elapsed: 0.008 sec - in org.sonar.plugins.surefire.SurefireExtensionsTest

Results :




Tests run: 42, Failures: 0, Errors: 0, Skipped: 0

[INFO] 
[INFO] --- maven-jar-plugin:2.5:jar (default-jar) @ java-surefire ---
[INFO] Building jar: /home/travis/build/SonarSource/sonar-java/java-surefire/target/java-surefire-3.6-SNAPSHOT.jar
[INFO] 
[INFO] --- animal-sniffer-maven-plugin:1.13:check (enforce-java-api-compatibility) @ java-surefire ---
[INFO] Checking unresolved references to org.codehaus.mojo.signature:java17:1.0
[INFO] 
[INFO] --- maven-source-plugin:2.4:jar-no-fork (attach-sources) @ java-surefire ---
[INFO] Building jar: /home/travis/build/SonarSource/sonar-java/java-surefire/target/java-surefire-3.6-SNAPSHOT-sources.jar
[INFO]                                                                         
[INFO] ------------------------------------------------------------------------
[INFO] Building java-jacoco-previous 3.6-SNAPSHOT
[INFO] ------------------------------------------------------------------------
[INFO] 
[INFO] --- buildnumber-maven-plugin:1.3:create (default) @ java-jacoco-previous ---
[INFO] 
[INFO] --- maven-enforcer-plugin:1.3.1:enforce (enforce) @ java-jacoco-previous ---
[INFO] 
[INFO] --- maven-license-plugin:1.10.b1:check (enforce-license-headers) @ java-jacoco-previous ---
[INFO] Checking licenses...
[INFO] 
[INFO] --- maven-resources-plugin:2.7:resources (default-resources) @ java-jacoco-previous ---
[INFO] Using 'UTF-8' encoding to copy filtered resources.
[INFO] skip non existing resourceDirectory /home/travis/build/SonarSource/sonar-java/java-jacoco-previous/src/main/resources
[INFO] 
[INFO] --- maven-compiler-plugin:3.2:compile (default-compile) @ java-jacoco-previous ---
[INFO] No sources to compile
[INFO] 
[INFO] --- maven-resources-plugin:2.7:testResources (default-testResources) @ java-jacoco-previous ---
[INFO] Using 'UTF-8' encoding to copy filtered resources.
[INFO] skip non existing resourceDirectory /home/travis/build/SonarSource/sonar-java/java-jacoco-previous/src/test/resources
[INFO] 
[INFO] --- maven-compiler-plugin:3.2:testCompile (default-testCompile) @ java-jacoco-previous ---
[INFO] No sources to compile
[INFO] 
[INFO] --- maven-surefire-plugin:2.18:test (default-test) @ java-jacoco-previous ---
[INFO] No tests to run.
[INFO] 
[INFO] --- maven-jar-plugin:2.5:jar (default-jar) @ java-jacoco-previous ---
[WARNING] JAR will be empty - no content was marked for inclusion!
[INFO] Building jar: /home/travis/build/SonarSource/sonar-java/java-jacoco-previous/target/java-jacoco-previous-3.6-SNAPSHOT.jar
[INFO] 
[INFO] --- maven-shade-plugin:2.3:shade (default) @ java-jacoco-previous ---
[INFO] Including org.jacoco:org.jacoco.core:jar:0.7.4.201502262128 in the shaded jar.
[INFO] Including org.ow2.asm:asm-debug-all:jar:5.0.3 in the shaded jar.
[INFO] Replacing original artifact with shaded artifact.
[INFO] Replacing /home/travis/build/SonarSource/sonar-java/java-jacoco-previous/target/java-jacoco-previous-3.6-SNAPSHOT.jar with /home/travis/build/SonarSource/sonar-java/java-jacoco-previous/target/java-jacoco-previous-3.6-SNAPSHOT-shaded.jar
[INFO] Dependency-reduced POM written at: /home/travis/build/SonarSource/sonar-java/java-jacoco-previous/target/dependency-reduced-pom.xml
[INFO] 
[INFO] --- animal-sniffer-maven-plugin:1.13:check (enforce-java-api-compatibility) @ java-jacoco-previous ---
[INFO] Checking unresolved references to org.codehaus.mojo.signature:java17:1.0
[INFO] 
[INFO] --- maven-source-plugin:2.4:jar-no-fork (attach-sources) @ java-jacoco-previous ---
[INFO] No sources in project. Archive not created.
[INFO]                                                                         
[INFO] ------------------------------------------------------------------------
[INFO] Building SonarQube Java :: JaCoCo 3.6-SNAPSHOT
[INFO] ------------------------------------------------------------------------
[INFO] 
[INFO] --- buildnumber-maven-plugin:1.3:create (default) @ java-jacoco ---
[INFO] 
[INFO] --- maven-enforcer-plugin:1.3.1:enforce (enforce) @ java-jacoco ---
[INFO] 
[INFO] --- maven-license-plugin:1.10.b1:check (enforce-license-headers) @ java-jacoco ---
[INFO] Checking licenses...
[INFO] 
[INFO] --- maven-resources-plugin:2.7:resources (default-resources) @ java-jacoco ---
[INFO] Using 'UTF-8' encoding to copy filtered resources.
[INFO] Copying 1 resource
[INFO] 
[INFO] --- sonar-dev-maven-plugin:1.8:trim (trim) @ java-jacoco ---
[INFO] Scanning directory /home/travis/build/SonarSource/sonar-java/java-jacoco/target/classes
[INFO] Trimmed files: 0
[INFO] 
[INFO] --- maven-compiler-plugin:3.2:compile (default-compile) @ java-jacoco ---
[INFO] Changes detected - recompiling the module!
[INFO] Compiling 10 source files to /home/travis/build/SonarSource/sonar-java/java-jacoco/target/classes
[INFO] /home/travis/build/SonarSource/sonar-java/java-jacoco/src/main/java/org/sonar/plugins/jacoco/JaCoCoReportMerger.java: Some input files use or override a deprecated API.
[INFO] /home/travis/build/SonarSource/sonar-java/java-jacoco/src/main/java/org/sonar/plugins/jacoco/JaCoCoReportMerger.java: Recompile with -Xlint:deprecation for details.
[INFO] 
[INFO] --- maven-resources-plugin:2.7:testResources (default-testResources) @ java-jacoco ---
[INFO] Using 'UTF-8' encoding to copy filtered resources.
[INFO] Copying 22 resources
[INFO] 
[INFO] --- maven-compiler-plugin:3.2:testCompile (default-testCompile) @ java-jacoco ---
[INFO] Changes detected - recompiling the module!
[INFO] Compiling 8 source files to /home/travis/build/SonarSource/sonar-java/java-jacoco/target/test-classes
[INFO] /home/travis/build/SonarSource/sonar-java/java-jacoco/src/test/java/org/sonar/plugins/jacoco/JaCoCoOverallSensorTest.java: Some input files use or override a deprecated API.
[INFO] /home/travis/build/SonarSource/sonar-java/java-jacoco/src/test/java/org/sonar/plugins/jacoco/JaCoCoOverallSensorTest.java: Recompile with -Xlint:deprecation for details.
[INFO] 
[INFO] --- maven-surefire-plugin:2.18:test (default-test) @ java-jacoco ---
[INFO] Surefire report directory: /home/travis/build/SonarSource/sonar-java/java-jacoco/target/surefire-reports

-------------------------------------------------------
 T E S T S
-------------------------------------------------------
Running org.sonar.plugins.jacoco.JaCoCoReportMergerTest
Tests run: 3, Failures: 0, Errors: 0, Skipped: 0, Time elapsed: 0.059 sec - in org.sonar.plugins.jacoco.JaCoCoReportMergerTest
Running org.sonar.plugins.jacoco.JaCoCoExtensionsTest
Tests run: 1, Failures: 0, Errors: 0, Skipped: 0, Time elapsed: 0.043 sec - in org.sonar.plugins.jacoco.JaCoCoExtensionsTest
Running org.sonar.plugins.jacoco.JacocoConfigurationTest
Tests run: 5, Failures: 0, Errors: 0, Skipped: 0, Time elapsed: 0.057 sec - in org.sonar.plugins.jacoco.JacocoConfigurationTest
Running org.sonar.plugins.jacoco.JacocoReportReaderTest
Tests run: 5, Failures: 0, Errors: 0, Skipped: 0, Time elapsed: 0.047 sec - in org.sonar.plugins.jacoco.JacocoReportReaderTest
Running org.sonar.plugins.jacoco.JaCoCoSensorTest
Tests run: 12, Failures: 0, Errors: 0, Skipped: 0, Time elapsed: 0.555 sec - in org.sonar.plugins.jacoco.JaCoCoSensorTest
Running org.sonar.plugins.jacoco.JaCoCoOverallSensorTest
Tests run: 8, Failures: 0, Errors: 0, Skipped: 0, Time elapsed: 0.085 sec - in org.sonar.plugins.jacoco.JaCoCoOverallSensorTest
Running org.sonar.plugins.jacoco.JaCoCoItSensorTest
Tests run: 4, Failures: 0, Errors: 0, Skipped: 0, Time elapsed: 0.014 sec - in org.sonar.plugins.jacoco.JaCoCoItSensorTest
Running org.sonar.plugins.jacoco.ExecutionDataVisitorTest
Tests run: 1, Failures: 0, Errors: 0, Skipped: 0, Time elapsed: 0.004 sec - in org.sonar.plugins.jacoco.ExecutionDataVisitorTest

Results :




Tests run: 39, Failures: 0, Errors: 0, Skipped: 0

[INFO] 
[INFO] --- maven-jar-plugin:2.5:jar (default-jar) @ java-jacoco ---
[INFO] Building jar: /home/travis/build/SonarSource/sonar-java/java-jacoco/target/java-jacoco-3.6-SNAPSHOT.jar
[INFO] 
[INFO] --- maven-enforcer-plugin:1.3.1:enforce (enforce-plugin-size) @ java-jacoco ---
[INFO] 
[INFO] --- animal-sniffer-maven-plugin:1.13:check (enforce-java-api-compatibility) @ java-jacoco ---
[INFO] Checking unresolved references to org.codehaus.mojo.signature:java17:1.0
[INFO] 
[INFO] --- maven-source-plugin:2.4:jar-no-fork (attach-sources) @ java-jacoco ---
[INFO] Building jar: /home/travis/build/SonarSource/sonar-java/java-jacoco/target/java-jacoco-3.6-SNAPSHOT-sources.jar
[INFO]                                                                         
[INFO] ------------------------------------------------------------------------
[INFO] Building SonarQube Java :: Plugin 3.6-SNAPSHOT
[INFO] ------------------------------------------------------------------------
[INFO] 
[INFO] --- buildnumber-maven-plugin:1.3:create (default) @ sonar-java-plugin ---
[INFO] 
[INFO] --- maven-enforcer-plugin:1.3.1:enforce (enforce) @ sonar-java-plugin ---
[INFO] 
[INFO] --- maven-license-plugin:1.10.b1:check (enforce-license-headers) @ sonar-java-plugin ---
[INFO] Checking licenses...
[INFO] 
[INFO] --- sonar-packaging-maven-plugin:1.12.1:check-dependencies (default-check-dependencies) @ sonar-java-plugin ---
[INFO] 
[INFO] --- maven-resources-plugin:2.7:resources (default-resources) @ sonar-java-plugin ---
[INFO] Using 'UTF-8' encoding to copy filtered resources.
[INFO] skip non existing resourceDirectory /home/travis/build/SonarSource/sonar-java/sonar-java-plugin/src/main/resources
[INFO] 
[INFO] --- maven-compiler-plugin:3.2:compile (default-compile) @ sonar-java-plugin ---
[INFO] Changes detected - recompiling the module!
[INFO] Compiling 14 source files to /home/travis/build/SonarSource/sonar-java/sonar-java-plugin/target/classes
[INFO] /home/travis/build/SonarSource/sonar-java/sonar-java-plugin/src/main/java/org/sonar/plugins/java/JavaSquidSensor.java: Some input files use or override a deprecated API.
[INFO] /home/travis/build/SonarSource/sonar-java/sonar-java-plugin/src/main/java/org/sonar/plugins/java/JavaSquidSensor.java: Recompile with -Xlint:deprecation for details.
[INFO] /home/travis/build/SonarSource/sonar-java/sonar-java-plugin/src/main/java/org/sonar/plugins/java/JavaPlugin.java: /home/travis/build/SonarSource/sonar-java/sonar-java-plugin/src/main/java/org/sonar/plugins/java/JavaPlugin.java uses unchecked or unsafe operations.
[INFO] /home/travis/build/SonarSource/sonar-java/sonar-java-plugin/src/main/java/org/sonar/plugins/java/JavaPlugin.java: Recompile with -Xlint:unchecked for details.
[INFO] 
[INFO] --- maven-resources-plugin:2.7:testResources (default-testResources) @ sonar-java-plugin ---
[INFO] Using 'UTF-8' encoding to copy filtered resources.
[INFO] skip non existing resourceDirectory /home/travis/build/SonarSource/sonar-java/sonar-java-plugin/src/test/resources
[INFO] 
[INFO] --- maven-compiler-plugin:3.2:testCompile (default-testCompile) @ sonar-java-plugin ---
[INFO] Changes detected - recompiling the module!
[INFO] Compiling 9 source files to /home/travis/build/SonarSource/sonar-java/sonar-java-plugin/target/test-classes
[INFO] /home/travis/build/SonarSource/sonar-java/sonar-java-plugin/src/test/java/org/sonar/plugins/java/JavaSquidSensorTest.java: Some input files use or override a deprecated API.
[INFO] /home/travis/build/SonarSource/sonar-java/sonar-java-plugin/src/test/java/org/sonar/plugins/java/JavaSquidSensorTest.java: Recompile with -Xlint:deprecation for details.
[INFO] /home/travis/build/SonarSource/sonar-java/sonar-java-plugin/src/test/java/org/sonar/plugins/java/JavaSquidSensorTest.java: Some input files use unchecked or unsafe operations.
[INFO] /home/travis/build/SonarSource/sonar-java/sonar-java-plugin/src/test/java/org/sonar/plugins/java/JavaSquidSensorTest.java: Recompile with -Xlint:unchecked for details.
[INFO] 
[INFO] --- maven-surefire-plugin:2.18:test (default-test) @ sonar-java-plugin ---
[INFO] Surefire report directory: /home/travis/build/SonarSource/sonar-java/sonar-java-plugin/target/surefire-reports

-------------------------------------------------------
 T E S T S
-------------------------------------------------------
Running org.sonar.plugins.java.ProfilesTest
Tests run: 1, Failures: 0, Errors: 0, Skipped: 0, Time elapsed: 0.409 sec - in org.sonar.plugins.java.ProfilesTest
Running org.sonar.plugins.java.JavaSquidSensorTest
Tests run: 3, Failures: 0, Errors: 0, Skipped: 0, Time elapsed: 1.583 sec - in org.sonar.plugins.java.JavaSquidSensorTest
Running org.sonar.plugins.java.JavaTest
Tests run: 1, Failures: 0, Errors: 0, Skipped: 0, Time elapsed: 0.001 sec - in org.sonar.plugins.java.JavaTest
Running org.sonar.plugins.java.JavaCommonRulesEngineTest
Tests run: 2, Failures: 0, Errors: 0, Skipped: 0, Time elapsed: 0.01 sec - in org.sonar.plugins.java.JavaCommonRulesEngineTest
Running org.sonar.plugins.java.JavaSonarWayProfileTest
Tests run: 1, Failures: 0, Errors: 0, Skipped: 0, Time elapsed: 0.163 sec - in org.sonar.plugins.java.JavaSonarWayProfileTest
Running org.sonar.plugins.java.JavaRulesDefinitionTest
Tests run: 1, Failures: 0, Errors: 0, Skipped: 0, Time elapsed: 0.41 sec - in org.sonar.plugins.java.JavaRulesDefinitionTest
Running org.sonar.plugins.java.JavaPluginTest
Tests run: 1, Failures: 0, Errors: 0, Skipped: 0, Time elapsed: 0.08 sec - in org.sonar.plugins.java.JavaPluginTest
Running org.sonar.plugins.java.JavaCommonRulesDecoratorTest
Tests run: 1, Failures: 0, Errors: 0, Skipped: 0, Time elapsed: 0.019 sec - in org.sonar.plugins.java.JavaCommonRulesDecoratorTest
Running org.sonar.plugins.java.bridges.DesignBridgeTest
Tests run: 1, Failures: 0, Errors: 0, Skipped: 0, Time elapsed: 0.04 sec - in org.sonar.plugins.java.bridges.DesignBridgeTest

Results :




Tests run: 12, Failures: 0, Errors: 0, Skipped: 0

[INFO] 
[INFO] --- sonar-packaging-maven-plugin:1.12.1:sonar-plugin (default-sonar-plugin) @ sonar-java-plugin ---
[INFO] -------------------------------------------------------
[INFO] Plugin definition in update center
[INFO]     Key: java
[INFO]     Name: Java
[INFO]     Description: SonarQube rule engine.
[INFO]     Version: 3.6-SNAPSHOT
[INFO]     Main class: org.sonar.plugins.java.JavaPlugin
[INFO]     Homepage: http://redirect.sonarsource.com/plugins/java.html
[INFO]     Sonar version: 4.5.4
[INFO]     License: GNU LGPL 3
[INFO]     Organization: SonarSource
[INFO]     Organization URL: http://www.sonarsource.com
[INFO]     Terms & Conditions URL: 
[INFO]     Issue Tracker URL: http://jira.codehaus.org/browse/SONARJAVA
[INFO]     Build date: 2015-09-01T16:11:54+0000
[INFO]     Sources URL: https://github.com/SonarSource/sonar-java
[INFO]     Developers: Evgeny Mandrikov,Nicolas Peru
[INFO] -------------------------------------------------------
[WARNING] com.google.code.findbugs:jsr305:jar:1.3.9:compile is provided by SonarQube plugin API and will not be packaged in your plugin
[WARNING] org.slf4j:slf4j-api:jar:1.6.2:compile is provided by SonarQube plugin API and will not be packaged in your plugin
[WARNING] org.picocontainer:picocontainer:jar:2.14.1:compile is provided by SonarQube plugin API and will not be packaged in your plugin
[WARNING] com.google.guava:guava:jar:10.0.1:compile is provided by SonarQube plugin API and will not be packaged in your plugin
[WARNING] commons-lang:commons-lang:jar:2.6:compile is provided by SonarQube plugin API and will not be packaged in your plugin
[WARNING] org.slf4j:jcl-over-slf4j:jar:1.6.2:compile is provided by SonarQube plugin API and will not be packaged in your plugin
[INFO] Following dependencies are packaged in the plugin:

	org.ow2.asm:asm-debug-all:jar
	jaxen:jaxen:jar
	org.sonarsource.java:java-squid:jar
	org.sonarsource.java:java-surefire:jar
	org.codehaus.sonar.sslr:sslr-core:jar
	org.sonarsource.java:java-checks:jar
	org.sonarsource.java:java-jacoco:jar
	org.jacoco:org.jacoco.core:jar
	org.codehaus.sonar.sslr-squid-bridge:sslr-squid-bridge:jar
	org.sonarsource.java:java-jacoco-previous:jar
	org.codehaus.sonar.sslr:sslr-xpath:jar
	org.sonarsource.sslr:sslr-core:jar
	cglib:cglib-nodep:jar

[INFO] See following page for more details about plugin dependencies:

	http://docs.codehaus.org/display/SONAR/Coding+a+plugin

[INFO] Building jar: /home/travis/build/SonarSource/sonar-java/sonar-java-plugin/target/sonar-java-plugin-3.6-SNAPSHOT.jar
[INFO]  already added, skipping
[INFO] 
[INFO] --- maven-enforcer-plugin:1.3.1:enforce (enforce-plugin-size) @ sonar-java-plugin ---
[INFO] 
[INFO] --- animal-sniffer-maven-plugin:1.13:check (enforce-java-api-compatibility) @ sonar-java-plugin ---
[INFO] Checking unresolved references to org.codehaus.mojo.signature:java17:1.0
[INFO] 
[INFO] --- maven-source-plugin:2.4:jar-no-fork (attach-sources) @ sonar-java-plugin ---
[INFO] Building jar: /home/travis/build/SonarSource/sonar-java/sonar-java-plugin/target/sonar-java-plugin-3.6-SNAPSHOT-sources.jar
[INFO]                                                                         
[INFO] ------------------------------------------------------------------------
[INFO] Building SonarQube Java :: JaCoCo Listeners 3.6-SNAPSHOT
[INFO] ------------------------------------------------------------------------
[INFO] 
[INFO] --- buildnumber-maven-plugin:1.3:create (default) @ sonar-jacoco-listeners ---
[INFO] 
[INFO] --- maven-enforcer-plugin:1.3.1:enforce (enforce) @ sonar-jacoco-listeners ---
[INFO] 
[INFO] --- maven-license-plugin:1.10.b1:check (enforce-license-headers) @ sonar-jacoco-listeners ---
[INFO] Checking licenses...
[INFO] 
[INFO] --- maven-resources-plugin:2.7:resources (default-resources) @ sonar-jacoco-listeners ---
[INFO] Using 'UTF-8' encoding to copy filtered resources.
[INFO] skip non existing resourceDirectory /home/travis/build/SonarSource/sonar-java/sonar-jacoco-listeners/src/main/resources
[INFO] 
[INFO] --- maven-compiler-plugin:3.2:compile (default-compile) @ sonar-jacoco-listeners ---
[INFO] Changes detected - recompiling the module!
[INFO] Compiling 4 source files to /home/travis/build/SonarSource/sonar-java/sonar-jacoco-listeners/target/classes
[INFO] 
[INFO] --- maven-resources-plugin:2.7:testResources (default-testResources) @ sonar-jacoco-listeners ---
[INFO] Using 'UTF-8' encoding to copy filtered resources.
[INFO] skip non existing resourceDirectory /home/travis/build/SonarSource/sonar-java/sonar-jacoco-listeners/src/test/resources
[INFO] 
[INFO] --- maven-compiler-plugin:3.2:testCompile (default-testCompile) @ sonar-jacoco-listeners ---
[INFO] Changes detected - recompiling the module!
[INFO] Compiling 4 source files to /home/travis/build/SonarSource/sonar-java/sonar-jacoco-listeners/target/test-classes
[INFO] 
[INFO] --- maven-surefire-plugin:2.18:test (default-test) @ sonar-jacoco-listeners ---
[INFO] Surefire report directory: /home/travis/build/SonarSource/sonar-java/sonar-jacoco-listeners/target/surefire-reports

-------------------------------------------------------
 T E S T S
-------------------------------------------------------
Running org.sonar.java.jacoco.JUnitListenerTest
Tests run: 3, Failures: 0, Errors: 0, Skipped: 0, Time elapsed: 0.169 sec - in org.sonar.java.jacoco.JUnitListenerTest
Running org.sonar.java.jacoco.JacocoControllerTest
Tests run: 4, Failures: 0, Errors: 0, Skipped: 0, Time elapsed: 0.029 sec - in org.sonar.java.jacoco.JacocoControllerTest
Running org.sonar.java.jacoco.TestNGListenerTest
Tests run: 11, Failures: 0, Errors: 0, Skipped: 0, Time elapsed: 0.309 sec - in org.sonar.java.jacoco.TestNGListenerTest

Results :




Tests run: 18, Failures: 0, Errors: 0, Skipped: 0

[INFO] 
[INFO] --- maven-jar-plugin:2.5:jar (default-jar) @ sonar-jacoco-listeners ---
[INFO] Building jar: /home/travis/build/SonarSource/sonar-java/sonar-jacoco-listeners/target/sonar-jacoco-listeners-3.6-SNAPSHOT.jar
[INFO] 
[INFO] --- animal-sniffer-maven-plugin:1.13:check (enforce-java-api-compatibility) @ sonar-jacoco-listeners ---
[INFO] Checking unresolved references to org.codehaus.mojo.signature:java17:1.0
[INFO] 
[INFO] --- maven-source-plugin:2.4:jar-no-fork (attach-sources) @ sonar-jacoco-listeners ---
[INFO] Building jar: /home/travis/build/SonarSource/sonar-java/sonar-jacoco-listeners/target/sonar-jacoco-listeners-3.6-SNAPSHOT-sources.jar
[INFO] ------------------------------------------------------------------------
[INFO] Reactor Summary:
[INFO] 
[INFO] SonarQube Java ..................................... SUCCESS [  4.783 s]
[INFO] SonarQube Java :: Squid ............................ SUCCESS [01:18 min]
[INFO] SonarQube Java :: Checks ........................... SUCCESS [ 28.471 s]
[INFO] SonarQube Java :: Surefire ......................... SUCCESS [  2.649 s]
[INFO] java-jacoco-previous ............................... SUCCESS [  0.807 s]
[INFO] SonarQube Java :: JaCoCo ........................... SUCCESS [  2.346 s]
[INFO] SonarQube Java :: Plugin ........................... SUCCESS [  6.238 s]
[INFO] SonarQube Java :: JaCoCo Listeners ................. SUCCESS [  1.288 s]
[INFO] ------------------------------------------------------------------------
[INFO] BUILD SUCCESS
[INFO] ------------------------------------------------------------------------
[INFO] Total time: 02:06 min
[INFO] Finished at: 2015-09-01T16:11:58+00:00
[INFO] Final Memory: 44M/441M
[INFO] ------------------------------------------------------------------------
travis_time:end:1a1ae70e:start=1441123789678988254,finish=1441123918521856396,duration=128842868142[0K
[32;1mThe command "./travis.sh" exited with 0.[0m
travis_fold:start:cache.2[0Kstore build cache
travis_time:start:00bf3dbe[0Knothing changed, not updating cache
travis_time:end:00bf3dbe:start=1441123918526777778,finish=1441123921167101114,duration=2640323336[0Ktravis_fold:end:cache.2[0K
Done. Your build exited with 0.
