Using worker: worker-linux-docker-fb5833d4.prod.travis-ci.org:travis-linux-5

travis_fold:start:system_info[0K[33;1mBuild system information[0m
Build language: java
[34m[1mBuild image provisioning date and time[0m
Fri Dec 12 23:29:11 UTC 2014
[34m[1mlsb_release -a[0m
Distributor ID:	Ubuntu
Description:	Ubuntu 12.04.5 LTS
Release:	12.04
Codename:	precise
[34m[1mCookbooks Version[0m
540230e https://github.com/travis-ci/travis-cookbooks/tree/540230e
[34m[1mGCC version[0m
gcc (Ubuntu/Linaro 4.6.3-1ubuntu5) 4.6.3
Copyright (C) 2011 Free Software Foundation, Inc.
This is free software; see the source for copying conditions.  There is NO
warranty; not even for MERCHANTABILITY or FITNESS FOR A PARTICULAR PURPOSE.

[34m[1mLLVM version[0m
clang version 3.4 (tags/RELEASE_34/final)
Target: x86_64-unknown-linux-gnu
Thread model: posix
[34m[1mPre-installed Ruby versions[0m
ruby-1.9.3-p551
[34m[1mPre-installed Node.js versions[0m
v0.10.33
[34m[1mPre-installed Go versions[0m
go1.4
[34m[1mRedis version[0m
redis-server 2.8.18
[34m[1mriak version[0m
1.4.12
[34m[1mMongoDB version[0m
MongoDB 2.4.12
[34m[1mCouchDB version[0m
couchdb 1.6.1
[34m[1mNeo4j version[0m
1.9.4
[34m[1mCassandra version[0m
2.0.9
[34m[1mRabbitMQ Version[0m
3.4.2
[34m[1mElasticSearch version[0m
1.4.0
[34m[1mInstalled Sphinx versions[0m
2.0.10
2.1.9
2.2.4
[34m[1mDefault Sphinx version[0m
2.1.9
[34m[1mInstalled Firefox version[0m
firefox 31.0esr
[34m[1mPhantomJS version[0m
1.9.8
[34m[1mant -version[0m
Apache Ant(TM) version 1.8.2 compiled on December 3 2011
[34m[1mmvn -version[0m
Apache Maven 3.2.3 (33f8c3e1027c3ddde99d3cdebad2656a31e8fdf4; 2014-08-11T20:58:10+00:00)
Maven home: /usr/local/maven
Java version: 1.7.0_72, vendor: Oracle Corporation
Java home: /usr/lib/jvm/java-7-oracle/jre
Default locale: en_US, platform encoding: ANSI_X3.4-1968
OS name: "linux", version: "3.13.0-29-generic", arch: "amd64", family: "unix"
[34m[1mgradle -version[0m

------------------------------------------------------------
Gradle 2.2.1
------------------------------------------------------------

Build time:   2014-11-24 09:45:35 UTC
Build number: none
Revision:     6fcb59c06f43a4e6b1bcb401f7686a8601a1fb4a

Groovy:       2.3.6
Ant:          Apache Ant(TM) version 1.9.3 compiled on December 23 2013
JVM:          1.7.0_72 (Oracle Corporation 24.72-b04)
OS:           Linux 3.13.0-29-generic amd64

[34m[1mlein1 version[0m
Using JLine for console I/O; install rlwrap for optimum experience.
Leiningen 1.7.1 on Java 1.7.0_72 Java HotSpot(TM) 64-Bit Server VM
[34m[1mlein2 version[0m
Leiningen 2.5.0 on Java 1.7.0_72 Java HotSpot(TM) 64-Bit Server VM
[34m[1mlein version[0m
Leiningen 2.5.0 on Java 1.7.0_72 Java HotSpot(TM) 64-Bit Server VM
travis_fold:end:system_info[0K
travis_fold:start:git.checkout[0Ktravis_time:start:00e0b9d5[0K$ git clone --depth=50 --branch=jwilson_0108_anonymous_inner_classes git://github.com/square/javawriter.git square/javawriter
Cloning into 'square/javawriter'...
remote: Counting objects: 1361, done.[K
remote: Compressing objects:   0% (1/383)   [Kremote: Compressing objects:   1% (4/383)   [Kremote: Compressing objects:   2% (8/383)   [Kremote: Compressing objects:   3% (12/383)   [Kremote: Compressing objects:   4% (16/383)   [Kremote: Compressing objects:   5% (20/383)   [Kremote: Compressing objects:   6% (23/383)   [Kremote: Compressing objects:   7% (27/383)   [Kremote: Compressing objects:   8% (31/383)   [Kremote: Compressing objects:   9% (35/383)   [Kremote: Compressing objects:  10% (39/383)   [Kremote: Compressing objects:  11% (43/383)   [Kremote: Compressing objects:  12% (46/383)   [Kremote: Compressing objects:  13% (50/383)   [Kremote: Compressing objects:  14% (54/383)   [Kremote: Compressing objects:  15% (58/383)   [Kremote: Compressing objects:  16% (62/383)   [Kremote: Compressing objects:  17% (66/383)   [Kremote: Compressing objects:  18% (69/383)   [Kremote: Compressing objects:  19% (73/383)   [Kremote: Compressing objects:  20% (77/383)   [Kremote: Compressing objects:  21% (81/383)   [Kremote: Compressing objects:  22% (85/383)   [Kremote: Compressing objects:  23% (89/383)   [Kremote: Compressing objects:  24% (92/383)   [Kremote: Compressing objects:  25% (96/383)   [Kremote: Compressing objects:  26% (100/383)   [Kremote: Compressing objects:  27% (104/383)   [Kremote: Compressing objects:  28% (108/383)   [Kremote: Compressing objects:  29% (112/383)   [Kremote: Compressing objects:  30% (115/383)   [Kremote: Compressing objects:  31% (119/383)   [Kremote: Compressing objects:  32% (123/383)   [Kremote: Compressing objects:  33% (127/383)   [Kremote: Compressing objects:  34% (131/383)   [Kremote: Compressing objects:  35% (135/383)   [Kremote: Compressing objects:  36% (138/383)   [Kremote: Compressing objects:  37% (142/383)   [Kremote: Compressing objects:  38% (146/383)   [Kremote: Compressing objects:  39% (150/383)   [Kremote: Compressing objects:  40% (154/383)   [Kremote: Compressing objects:  41% (158/383)   [Kremote: Compressing objects:  42% (161/383)   [Kremote: Compressing objects:  43% (165/383)   [Kremote: Compressing objects:  44% (169/383)   [Kremote: Compressing objects:  45% (173/383)   [Kremote: Compressing objects:  46% (177/383)   [Kremote: Compressing objects:  47% (181/383)   [Kremote: Compressing objects:  48% (184/383)   [Kremote: Compressing objects:  49% (188/383)   [Kremote: Compressing objects:  50% (192/383)   [Kremote: Compressing objects:  51% (196/383)   [Kremote: Compressing objects:  52% (200/383)   [Kremote: Compressing objects:  53% (203/383)   [Kremote: Compressing objects:  54% (207/383)   [Kremote: Compressing objects:  55% (211/383)   [Kremote: Compressing objects:  56% (215/383)   [Kremote: Compressing objects:  57% (219/383)   [Kremote: Compressing objects:  58% (223/383)   [Kremote: Compressing objects:  59% (226/383)   [Kremote: Compressing objects:  60% (230/383)   [Kremote: Compressing objects:  61% (234/383)   [Kremote: Compressing objects:  62% (238/383)   [Kremote: Compressing objects:  63% (242/383)   [Kremote: Compressing objects:  64% (246/383)   [Kremote: Compressing objects:  65% (249/383)   [Kremote: Compressing objects:  66% (253/383)   [Kremote: Compressing objects:  67% (257/383)   [Kremote: Compressing objects:  68% (261/383)   [Kremote: Compressing objects:  69% (265/383)   [Kremote: Compressing objects:  70% (269/383)   [Kremote: Compressing objects:  71% (272/383)   [Kremote: Compressing objects:  72% (276/383)   [Kremote: Compressing objects:  73% (280/383)   [Kremote: Compressing objects:  74% (284/383)   [Kremote: Compressing objects:  75% (288/383)   [Kremote: Compressing objects:  76% (292/383)   [Kremote: Compressing objects:  77% (295/383)   [Kremote: Compressing objects:  78% (299/383)   [Kremote: Compressing objects:  79% (303/383)   [Kremote: Compressing objects:  80% (307/383)   [Kremote: Compressing objects:  81% (311/383)   [Kremote: Compressing objects:  82% (315/383)   [Kremote: Compressing objects:  83% (318/383)   [Kremote: Compressing objects:  84% (322/383)   [Kremote: Compressing objects:  85% (326/383)   [Kremote: Compressing objects:  86% (330/383)   [Kremote: Compressing objects:  87% (334/383)   [Kremote: Compressing objects:  88% (338/383)   [Kremote: Compressing objects:  89% (341/383)   [Kremote: Compressing objects:  90% (345/383)   [Kremote: Compressing objects:  91% (349/383)   [Kremote: Compressing objects:  92% (353/383)   [Kremote: Compressing objects:  93% (357/383)   [Kremote: Compressing objects:  94% (361/383)   [Kremote: Compressing objects:  95% (364/383)   [Kremote: Compressing objects:  96% (368/383)   [Kremote: Compressing objects:  97% (372/383)   [Kremote: Compressing objects:  98% (376/383)   [Kremote: Compressing objects:  99% (380/383)   [Kremote: Compressing objects: 100% (383/383)   [Kremote: Compressing objects: 100% (383/383), done.[K
Receiving objects:   0% (1/1361)   Receiving objects:   1% (14/1361)   Receiving objects:   2% (28/1361)   Receiving objects:   3% (41/1361)   Receiving objects:   4% (55/1361)   Receiving objects:   5% (69/1361)   Receiving objects:   6% (82/1361)   Receiving objects:   7% (96/1361)   Receiving objects:   8% (109/1361)   Receiving objects:   9% (123/1361)   Receiving objects:  10% (137/1361)   Receiving objects:  11% (150/1361)   Receiving objects:  12% (164/1361)   Receiving objects:  13% (177/1361)   Receiving objects:  14% (191/1361)   Receiving objects:  15% (205/1361)   Receiving objects:  16% (218/1361)   Receiving objects:  17% (232/1361)   Receiving objects:  18% (245/1361)   Receiving objects:  19% (259/1361)   Receiving objects:  20% (273/1361)   Receiving objects:  21% (286/1361)   Receiving objects:  22% (300/1361)   Receiving objects:  23% (314/1361)   Receiving objects:  24% (327/1361)   Receiving objects:  25% (341/1361)   Receiving objects:  26% (354/1361)   Receiving objects:  27% (368/1361)   Receiving objects:  28% (382/1361)   Receiving objects:  29% (395/1361)   Receiving objects:  30% (409/1361)   Receiving objects:  31% (422/1361)   Receiving objects:  32% (436/1361)   Receiving objects:  33% (450/1361)   Receiving objects:  34% (463/1361)   Receiving objects:  35% (477/1361)   Receiving objects:  36% (490/1361)   Receiving objects:  37% (504/1361)   Receiving objects:  38% (518/1361)   Receiving objects:  39% (531/1361)   Receiving objects:  40% (545/1361)   Receiving objects:  41% (559/1361)   Receiving objects:  42% (572/1361)   Receiving objects:  43% (586/1361)   Receiving objects:  44% (599/1361)   Receiving objects:  45% (613/1361)   Receiving objects:  46% (627/1361)   Receiving objects:  47% (640/1361)   Receiving objects:  48% (654/1361)   Receiving objects:  49% (667/1361)   Receiving objects:  50% (681/1361)   Receiving objects:  51% (695/1361)   remote: Total 1361 (delta 463), reused 1293 (delta 403)[K
Receiving objects:  52% (708/1361)   Receiving objects:  53% (722/1361)   Receiving objects:  54% (735/1361)   Receiving objects:  55% (749/1361)   Receiving objects:  56% (763/1361)   Receiving objects:  57% (776/1361)   Receiving objects:  58% (790/1361)   Receiving objects:  59% (803/1361)   Receiving objects:  60% (817/1361)   Receiving objects:  61% (831/1361)   Receiving objects:  62% (844/1361)   Receiving objects:  63% (858/1361)   Receiving objects:  64% (872/1361)   Receiving objects:  65% (885/1361)   Receiving objects:  66% (899/1361)   Receiving objects:  67% (912/1361)   Receiving objects:  68% (926/1361)   Receiving objects:  69% (940/1361)   Receiving objects:  70% (953/1361)   Receiving objects:  71% (967/1361)   Receiving objects:  72% (980/1361)   Receiving objects:  73% (994/1361)   Receiving objects:  74% (1008/1361)   Receiving objects:  75% (1021/1361)   Receiving objects:  76% (1035/1361)   Receiving objects:  77% (1048/1361)   Receiving objects:  78% (1062/1361)   Receiving objects:  79% (1076/1361)   Receiving objects:  80% (1089/1361)   Receiving objects:  81% (1103/1361)   Receiving objects:  82% (1117/1361)   Receiving objects:  83% (1130/1361)   Receiving objects:  84% (1144/1361)   Receiving objects:  85% (1157/1361)   Receiving objects:  86% (1171/1361)   Receiving objects:  87% (1185/1361)   Receiving objects:  88% (1198/1361)   Receiving objects:  89% (1212/1361)   Receiving objects:  90% (1225/1361)   Receiving objects:  91% (1239/1361)   Receiving objects:  92% (1253/1361)   Receiving objects:  93% (1266/1361)   Receiving objects:  94% (1280/1361)   Receiving objects:  95% (1293/1361)   Receiving objects:  96% (1307/1361)   Receiving objects:  97% (1321/1361)   Receiving objects:  98% (1334/1361)   Receiving objects:  99% (1348/1361)   Receiving objects: 100% (1361/1361)   Receiving objects: 100% (1361/1361), 225.71 KiB | 0 bytes/s, done.
Resolving deltas:   0% (0/463)   Resolving deltas:   9% (45/463)   Resolving deltas:  10% (47/463)   Resolving deltas:  11% (51/463)   Resolving deltas:  12% (60/463)   Resolving deltas:  13% (61/463)   Resolving deltas:  15% (74/463)   Resolving deltas:  19% (91/463)   Resolving deltas:  22% (106/463)   Resolving deltas:  24% (112/463)   Resolving deltas:  26% (124/463)   Resolving deltas:  28% (130/463)   Resolving deltas:  29% (135/463)   Resolving deltas:  31% (146/463)   Resolving deltas:  42% (195/463)   Resolving deltas:  43% (200/463)   Resolving deltas:  44% (204/463)   Resolving deltas:  45% (209/463)   Resolving deltas:  47% (220/463)   Resolving deltas:  49% (227/463)   Resolving deltas:  50% (233/463)   Resolving deltas:  51% (237/463)   Resolving deltas:  52% (245/463)   Resolving deltas:  53% (248/463)   Resolving deltas:  54% (254/463)   Resolving deltas:  55% (257/463)   Resolving deltas:  57% (264/463)   Resolving deltas:  58% (270/463)   Resolving deltas:  60% (281/463)   Resolving deltas:  61% (285/463)   Resolving deltas:  62% (288/463)   Resolving deltas:  64% (298/463)   Resolving deltas:  65% (302/463)   Resolving deltas:  70% (325/463)   Resolving deltas:  78% (364/463)   Resolving deltas:  79% (367/463)   Resolving deltas:  80% (374/463)   Resolving deltas:  82% (381/463)   Resolving deltas:  85% (398/463)   Resolving deltas:  86% (402/463)   Resolving deltas:  89% (416/463)   Resolving deltas:  92% (426/463)   Resolving deltas:  96% (447/463)   Resolving deltas:  98% (454/463)   Resolving deltas:  99% (461/463)   Resolving deltas: 100% (463/463)   Resolving deltas: 100% (463/463), done.
Checking connectivity... done.
travis_time:end:00e0b9d5:start=1420748031767822746,finish=1420748032067153578,duration=299330832[0K$ cd square/javawriter
$ git checkout -qf f9948bae9742e28a100b150ee7d12c75e1ce9eaf
travis_fold:end:git.checkout[0K
[33;1mThis job is running on container-based infrastructure, which does not allow use of 'sudo', setuid and setguid executables.[0m
[33;1mSee http://docs.travis-ci.com/user/workers/container-based-infrastructure/ for details.[0m

[33;1mSetting environment variables from .travis.yml[0m
$ export CI_DEPLOY_USERNAME=[secure]
$ export CI_DEPLOY_PASSWORD=[secure]

travis_fold:start:cache.1[0KSetting up build cache
$ export CASHER_DIR=$HOME/.casher
travis_time:start:04ee0a08[0K$ Installing caching utilities
travis_time:end:04ee0a08:start=1420748039903285912,finish=1420748040012225449,duration=108939537[0Ktravis_time:start:1458d8c0[0Kattempting to download cache archive
found cache
travis_time:end:1458d8c0:start=1420748040016609943,finish=1420748040644628288,duration=628018345[0Ktravis_time:start:09d507b6[0Kadding /home/travis/.m2 to cache
travis_time:end:09d507b6:start=1420748040648381195,finish=1420748042952886094,duration=2304504899[0Ktravis_fold:end:cache.1[0K$ jdk_switcher use oraclejdk7
Switching to Oracle JDK7 (java-7-oracle), JAVA_HOME will be set to /usr/lib/jvm/java-7-oracle
$ java -version
java version "1.7.0_72"
Java(TM) SE Runtime Environment (build 1.7.0_72-b14)
Java HotSpot(TM) 64-Bit Server VM (build 24.72-b04, mixed mode)
$ javac -version
javac 1.7.0_72
travis_fold:start:install[0Ktravis_time:start:0bf763fc[0K$ mvn install -DskipTests=true -Dmaven.javadoc.skip=true -B -V
Apache Maven 3.2.3 (33f8c3e1027c3ddde99d3cdebad2656a31e8fdf4; 2014-08-11T20:58:10+00:00)
Maven home: /usr/local/maven
Java version: 1.7.0_72, vendor: Oracle Corporation
Java home: /usr/lib/jvm/java-7-oracle/jre
Default locale: en_US, platform encoding: UTF-8
OS name: "linux", version: "3.13.0-40-generic", arch: "amd64", family: "unix"
[INFO] Scanning for projects...
[INFO]                                                                         
[INFO] ------------------------------------------------------------------------
[INFO] Building JavaWriter 3.0.0-SNAPSHOT
[INFO] ------------------------------------------------------------------------
[INFO] Downloading: https://repository.apache.org/snapshots/com/google/truth/truth/1.0-SNAPSHOT/maven-metadata.xml
[INFO] Downloading: https://repository.apache.org/snapshots/com/google/truth/truth-parent/1.0-SNAPSHOT/maven-metadata.xml
[INFO] Downloading: https://repository.apache.org/snapshots/com/google/testing/compile/compile-testing/1.0-SNAPSHOT/maven-metadata.xml
[INFO] 
[INFO] --- maven-enforcer-plugin:1.0:enforce (enforce-maven) @ javawriter ---
[INFO] 
[INFO] --- maven-resources-plugin:2.6:resources (default-resources) @ javawriter ---
[INFO] Using 'UTF-8' encoding to copy filtered resources.
[INFO] skip non existing resourceDirectory /home/travis/build/square/javawriter/src/main/resources
[INFO] 
[INFO] --- maven-compiler-plugin:3.0:compile (default-compile) @ javawriter ---
[INFO] Changes detected - recompiling the module!
[INFO] Compiling 42 source files to /home/travis/build/square/javawriter/target/classes
[INFO] 
[INFO] --- maven-resources-plugin:2.6:testResources (default-testResources) @ javawriter ---
[INFO] Using 'UTF-8' encoding to copy filtered resources.
[INFO] skip non existing resourceDirectory /home/travis/build/square/javawriter/src/test/resources
[INFO] 
[INFO] --- maven-compiler-plugin:3.0:testCompile (default-testCompile) @ javawriter ---
[INFO] Changes detected - recompiling the module!
[INFO] Compiling 15 source files to /home/travis/build/square/javawriter/target/test-classes
[WARNING] /home/travis/build/square/javawriter/src/test/java/com/squareup/javawriter/TypeWriterTest.java: Some input files use or override a deprecated API.
[WARNING] /home/travis/build/square/javawriter/src/test/java/com/squareup/javawriter/TypeWriterTest.java: Recompile with -Xlint:deprecation for details.
[INFO] 
[INFO] --- maven-surefire-plugin:2.12.4:test (default-test) @ javawriter ---
[INFO] Tests are skipped.
[INFO] 
[INFO] --- maven-jar-plugin:2.4:jar (default-jar) @ javawriter ---
[INFO] Building jar: /home/travis/build/square/javawriter/target/javawriter-3.0.0-SNAPSHOT.jar
[INFO] 
[INFO] --- maven-checkstyle-plugin:2.13:checkstyle (default) @ javawriter ---
[INFO] Starting audit...
Audit done.

[WARNING] Unable to locate Source XRef to link to - DISABLED
[INFO] 
[INFO] --- maven-install-plugin:2.4:install (default-install) @ javawriter ---
[INFO] Installing /home/travis/build/square/javawriter/target/javawriter-3.0.0-SNAPSHOT.jar to /home/travis/.m2/repository/com/squareup/javawriter/3.0.0-SNAPSHOT/javawriter-3.0.0-SNAPSHOT.jar
[INFO] Installing /home/travis/build/square/javawriter/pom.xml to /home/travis/.m2/repository/com/squareup/javawriter/3.0.0-SNAPSHOT/javawriter-3.0.0-SNAPSHOT.pom
[INFO] ------------------------------------------------------------------------
[INFO] BUILD SUCCESS
[INFO] ------------------------------------------------------------------------
[INFO] Total time: 9.802 s
[INFO] Finished at: 2015-01-08T20:14:15+00:00
[INFO] Final Memory: 29M/465M
[INFO] ------------------------------------------------------------------------
travis_time:end:0bf763fc:start=1420748043661681872,finish=1420748056453269047,duration=12791587175[0Ktravis_fold:end:install[0Ktravis_time:start:06375b34[0K$ mvn test -B
[INFO] Scanning for projects...
[INFO]                                                                         
[INFO] ------------------------------------------------------------------------
[INFO] Building JavaWriter 3.0.0-SNAPSHOT
[INFO] ------------------------------------------------------------------------
[INFO] Downloading: https://repository.apache.org/snapshots/com/google/truth/truth/1.0-SNAPSHOT/maven-metadata.xml
[INFO] Downloading: https://repository.apache.org/snapshots/com/google/truth/truth-parent/1.0-SNAPSHOT/maven-metadata.xml
[INFO] Downloading: https://repository.apache.org/snapshots/com/google/testing/compile/compile-testing/1.0-SNAPSHOT/maven-metadata.xml
[INFO] 
[INFO] --- maven-enforcer-plugin:1.0:enforce (enforce-maven) @ javawriter ---
[INFO] 
[INFO] --- maven-resources-plugin:2.6:resources (default-resources) @ javawriter ---
[INFO] Using 'UTF-8' encoding to copy filtered resources.
[INFO] skip non existing resourceDirectory /home/travis/build/square/javawriter/src/main/resources
[INFO] 
[INFO] --- maven-compiler-plugin:3.0:compile (default-compile) @ javawriter ---
[INFO] Changes detected - recompiling the module!
[INFO] Compiling 42 source files to /home/travis/build/square/javawriter/target/classes
[INFO] 
[INFO] --- maven-resources-plugin:2.6:testResources (default-testResources) @ javawriter ---
[INFO] Using 'UTF-8' encoding to copy filtered resources.
[INFO] skip non existing resourceDirectory /home/travis/build/square/javawriter/src/test/resources
[INFO] 
[INFO] --- maven-compiler-plugin:3.0:testCompile (default-testCompile) @ javawriter ---
[INFO] Changes detected - recompiling the module!
[INFO] Compiling 15 source files to /home/travis/build/square/javawriter/target/test-classes
[WARNING] /home/travis/build/square/javawriter/src/test/java/com/squareup/javawriter/TypeWriterTest.java: Some input files use or override a deprecated API.
[WARNING] /home/travis/build/square/javawriter/src/test/java/com/squareup/javawriter/TypeWriterTest.java: Recompile with -Xlint:deprecation for details.
[INFO] 
[INFO] --- maven-surefire-plugin:2.12.4:test (default-test) @ javawriter ---
[INFO] Surefire report directory: /home/travis/build/square/javawriter/target/surefire-reports

-------------------------------------------------------
 T E S T S
-------------------------------------------------------
Running com.squareup.javawriter.builders.TypeSpecTest
Tests run: 3, Failures: 0, Errors: 0, Skipped: 0, Time elapsed: 0.236 sec
Running com.squareup.javawriter.ClassNameTest
Tests run: 10, Failures: 0, Errors: 0, Skipped: 0, Time elapsed: 1.086 sec
Running com.squareup.javawriter.InterfaceWriterTest
Tests run: 1, Failures: 0, Errors: 0, Skipped: 0, Time elapsed: 0.005 sec
Running com.squareup.javawriter.AnnotationWriterTest
Tests run: 5, Failures: 0, Errors: 0, Skipped: 0, Time elapsed: 0.001 sec
Running com.squareup.javawriter.IndentingAppendableTest
Tests run: 4, Failures: 0, Errors: 0, Skipped: 0, Time elapsed: 0.008 sec
Running com.squareup.javawriter.ParameterWriterTest
Tests run: 2, Failures: 0, Errors: 0, Skipped: 0, Time elapsed: 0.009 sec
Running com.squareup.javawriter.EnumWriterTest
Tests run: 5, Failures: 0, Errors: 0, Skipped: 0, Time elapsed: 0.048 sec
Running com.squareup.javawriter.ClassWriterTest
Tests run: 1, Failures: 0, Errors: 0, Skipped: 0, Time elapsed: 0.003 sec
Running com.squareup.javawriter.TypeWriterTest
Tests run: 5, Failures: 0, Errors: 0, Skipped: 0, Time elapsed: 0.183 sec
Running com.squareup.javawriter.ConstructorWriterTest
Tests run: 2, Failures: 0, Errors: 0, Skipped: 0, Time elapsed: 0 sec
Running com.squareup.javawriter.MethodWriterTest
Tests run: 6, Failures: 0, Errors: 0, Skipped: 0, Time elapsed: 0.007 sec
Running com.squareup.javawriter.AnonymousClassWriterTest
Tests run: 4, Failures: 0, Errors: 0, Skipped: 0, Time elapsed: 0.006 sec
Running com.squareup.javawriter.JavaWriterTest
Tests run: 12, Failures: 0, Errors: 0, Skipped: 0, Time elapsed: 0.139 sec
Running com.squareup.javawriter.TypeNamesTest
Tests run: 9, Failures: 0, Errors: 0, Skipped: 0, Time elapsed: 0.253 sec

Results :

Tests run: 69, Failures: 0, Errors: 0, Skipped: 0

[INFO] ------------------------------------------------------------------------
[INFO] BUILD SUCCESS
[INFO] ------------------------------------------------------------------------
[INFO] Total time: 9.218 s
[INFO] Finished at: 2015-01-08T20:14:27+00:00
[INFO] Final Memory: 18M/465M
[INFO] ------------------------------------------------------------------------
travis_time:end:06375b34:start=1420748056457186098,finish=1420748067670042046,duration=11212855948[0K
[32;1mThe command "mvn test -B" exited with 0.[0m
travis_fold:start:cache.2[0Kstore build cache
travis_time:start:1a73ac4d[0Kchange detected: /home/travis/.m2/repository/com/google/truth/truth/1.0-SNAPSHOT/resolver-status.properties
changes detected, packing new archive
uploading archive
travis_time:end:1a73ac4d:start=1420748067674740840,finish=1420748074076946815,duration=6402205975[0Ktravis_fold:end:cache.2[0Ktravis_fold:start:after_success[0Ktravis_time:start:04686cf6[0K$ .buildscript/deploy_snapshot.sh
Skipping snapshot deployment: wrong JDK. Expected 'oraclejdk8' but was 'oraclejdk7'.
travis_time:end:04686cf6:start=1420748074081507487,finish=1420748074087001119,duration=5493632[0Ktravis_fold:end:after_success[0K
Done. Your build exited with 0.
