Using worker: worker-linux-docker-b8e5e397.prod.travis-ci.org:travis-linux-7

travis_fold:start:system_info[0K[33;1mBuild system information[0m
Build language: java
[34m[1mBuild image provisioning date and time[0m
Thu Feb  5 15:09:33 UTC 2015
[34m[1mOperating System Details[0m
Distributor ID:	Ubuntu
Description:	Ubuntu 12.04.5 LTS
Release:	12.04
Codename:	precise
[34m[1mLinux Version[0m
3.13.0-29-generic
[34m[1mCookbooks Version[0m
a68419e https://github.com/travis-ci/travis-cookbooks/tree/a68419e
[34m[1mGCC version[0m
gcc (Ubuntu/Linaro 4.6.3-1ubuntu5) 4.6.3
Copyright (C) 2011 Free Software Foundation, Inc.
This is free software; see the source for copying conditions.  There is NO
warranty; not even for MERCHANTABILITY or FITNESS FOR A PARTICULAR PURPOSE.

[34m[1mLLVM version[0m
clang version 3.4 (tags/RELEASE_34/final)
Target: x86_64-unknown-linux-gnu
Thread model: posix
[34m[1mPre-installed Ruby versions[0m
ruby-1.9.3-p551
[34m[1mPre-installed Node.js versions[0m
v0.10.36
[34m[1mPre-installed Go versions[0m
1.4.1
[34m[1mRedis version[0m
redis-server 2.8.19
[34m[1mriak version[0m
2.0.2
[34m[1mMongoDB version[0m
MongoDB 2.4.12
[34m[1mCouchDB version[0m
couchdb 1.6.1
[34m[1mNeo4j version[0m
1.9.4
[34m[1mRabbitMQ Version[0m
3.4.3
[34m[1mElasticSearch version[0m
1.4.0
[34m[1mInstalled Sphinx versions[0m
2.0.10
2.1.9
2.2.6
[34m[1mDefault Sphinx version[0m
2.2.6
[34m[1mInstalled Firefox version[0m
firefox 31.0esr
[34m[1mPhantomJS version[0m
1.9.8
[34m[1mant -version[0m
Apache Ant(TM) version 1.8.2 compiled on December 3 2011
[34m[1mmvn -version[0m
Apache Maven 3.2.5 (12a6b3acb947671f09b81f49094c53f426d8cea1; 2014-12-14T17:29:23+00:00)
Maven home: /usr/local/maven
Java version: 1.7.0_76, vendor: Oracle Corporation
Java home: /usr/lib/jvm/java-7-oracle/jre
Default locale: en_US, platform encoding: ANSI_X3.4-1968
OS name: "linux", version: "3.13.0-29-generic", arch: "amd64", family: "unix"
travis_fold:end:system_info[0K
travis_fold:start:git.checkout[0Ktravis_time:start:299a7224[0K$ git clone --depth=50 --branch=1.8.x git://github.com/spring-projects/spring-data-jpa.git spring-projects/spring-data-jpa
Cloning into 'spring-projects/spring-data-jpa'...
remote: Counting objects: 1042, done.[K
remote: Compressing objects:   0% (1/621)   [Kremote: Compressing objects:   1% (7/621)   [Kremote: Compressing objects:   2% (13/621)   [Kremote: Compressing objects:   3% (19/621)   [Kremote: Compressing objects:   4% (25/621)   [Kremote: Compressing objects:   5% (32/621)   [Kremote: Compressing objects:   6% (38/621)   [Kremote: Compressing objects:   7% (44/621)   [Kremote: Compressing objects:   8% (50/621)   [Kremote: Compressing objects:   9% (56/621)   [Kremote: Compressing objects:  10% (63/621)   [Kremote: Compressing objects:  11% (69/621)   [Kremote: Compressing objects:  12% (75/621)   [Kremote: Compressing objects:  13% (81/621)   [Kremote: Compressing objects:  14% (87/621)   [Kremote: Compressing objects:  15% (94/621)   [Kremote: Compressing objects:  16% (100/621)   [Kremote: Compressing objects:  17% (106/621)   [Kremote: Compressing objects:  18% (112/621)   [Kremote: Compressing objects:  19% (118/621)   [Kremote: Compressing objects:  20% (125/621)   [Kremote: Compressing objects:  21% (131/621)   [Kremote: Compressing objects:  22% (137/621)   [Kremote: Compressing objects:  23% (143/621)   [Kremote: Compressing objects:  24% (150/621)   [Kremote: Compressing objects:  25% (156/621)   [Kremote: Compressing objects:  26% (162/621)   [Kremote: Compressing objects:  27% (168/621)   [Kremote: Compressing objects:  28% (174/621)   [Kremote: Compressing objects:  29% (181/621)   [Kremote: Compressing objects:  30% (187/621)   [Kremote: Compressing objects:  31% (193/621)   [Kremote: Compressing objects:  32% (199/621)   [Kremote: Compressing objects:  33% (205/621)   [Kremote: Compressing objects:  34% (212/621)   [Kremote: Compressing objects:  35% (218/621)   [Kremote: Compressing objects:  36% (224/621)   [Kremote: Compressing objects:  37% (230/621)   [Kremote: Compressing objects:  38% (236/621)   [Kremote: Compressing objects:  39% (243/621)   [Kremote: Compressing objects:  40% (249/621)   [Kremote: Compressing objects:  41% (255/621)   [Kremote: Compressing objects:  42% (261/621)   [Kremote: Compressing objects:  43% (268/621)   [Kremote: Compressing objects:  44% (274/621)   [Kremote: Compressing objects:  45% (280/621)   [Kremote: Compressing objects:  46% (286/621)   [Kremote: Compressing objects:  47% (292/621)   [Kremote: Compressing objects:  48% (299/621)   [Kremote: Compressing objects:  49% (305/621)   [Kremote: Compressing objects:  50% (311/621)   [Kremote: Compressing objects:  51% (317/621)   [Kremote: Compressing objects:  52% (323/621)   [Kremote: Compressing objects:  53% (330/621)   [Kremote: Compressing objects:  54% (336/621)   [Kremote: Compressing objects:  55% (342/621)   [Kremote: Compressing objects:  56% (348/621)   [Kremote: Compressing objects:  57% (354/621)   [Kremote: Compressing objects:  58% (361/621)   [Kremote: Compressing objects:  59% (367/621)   [Kremote: Compressing objects:  60% (373/621)   [Kremote: Compressing objects:  61% (379/621)   [Kremote: Compressing objects:  62% (386/621)   [Kremote: Compressing objects:  63% (392/621)   [Kremote: Compressing objects:  64% (398/621)   [Kremote: Compressing objects:  65% (404/621)   [Kremote: Compressing objects:  66% (410/621)   [Kremote: Compressing objects:  67% (417/621)   [Kremote: Compressing objects:  68% (423/621)   [Kremote: Compressing objects:  69% (429/621)   [Kremote: Compressing objects:  70% (435/621)   [Kremote: Compressing objects:  71% (441/621)   [Kremote: Compressing objects:  72% (448/621)   [Kremote: Compressing objects:  73% (454/621)   [Kremote: Compressing objects:  74% (460/621)   [Kremote: Compressing objects:  75% (466/621)   [Kremote: Compressing objects:  76% (472/621)   [Kremote: Compressing objects:  77% (479/621)   [Kremote: Compressing objects:  78% (485/621)   [Kremote: Compressing objects:  79% (491/621)   [Kremote: Compressing objects:  80% (497/621)   [Kremote: Compressing objects:  81% (504/621)   [Kremote: Compressing objects:  82% (510/621)   [Kremote: Compressing objects:  83% (516/621)   [Kremote: Compressing objects:  84% (522/621)   [Kremote: Compressing objects:  85% (528/621)   [Kremote: Compressing objects:  86% (535/621)   [Kremote: Compressing objects:  87% (541/621)   [Kremote: Compressing objects:  88% (547/621)   [Kremote: Compressing objects:  89% (553/621)   [Kremote: Compressing objects:  90% (559/621)   [Kremote: Compressing objects:  91% (566/621)   [Kremote: Compressing objects:  92% (572/621)   [Kremote: Compressing objects:  93% (578/621)   [Kremote: Compressing objects:  94% (584/621)   [Kremote: Compressing objects:  95% (590/621)   [Kremote: Compressing objects:  96% (597/621)   [Kremote: Compressing objects:  97% (603/621)   [Kremote: Compressing objects:  98% (609/621)   [Kremote: Compressing objects:  99% (615/621)   [Kremote: Compressing objects: 100% (621/621)   [Kremote: Compressing objects: 100% (621/621), done.[K
Receiving objects:   0% (1/1042)   Receiving objects:   1% (11/1042)   Receiving objects:   2% (21/1042)   Receiving objects:   3% (32/1042)   Receiving objects:   4% (42/1042)   Receiving objects:   5% (53/1042)   Receiving objects:   6% (63/1042)   Receiving objects:   7% (73/1042)   Receiving objects:   8% (84/1042)   Receiving objects:   9% (94/1042)   Receiving objects:  10% (105/1042)   Receiving objects:  11% (115/1042)   Receiving objects:  12% (126/1042)   Receiving objects:  13% (136/1042)   Receiving objects:  14% (146/1042)   Receiving objects:  15% (157/1042)   Receiving objects:  16% (167/1042)   Receiving objects:  17% (178/1042)   Receiving objects:  18% (188/1042)   Receiving objects:  19% (198/1042)   Receiving objects:  20% (209/1042)   Receiving objects:  21% (219/1042)   Receiving objects:  22% (230/1042)   Receiving objects:  23% (240/1042)   Receiving objects:  24% (251/1042)   Receiving objects:  25% (261/1042)   Receiving objects:  26% (271/1042)   Receiving objects:  27% (282/1042)   Receiving objects:  28% (292/1042)   Receiving objects:  29% (303/1042)   Receiving objects:  30% (313/1042)   Receiving objects:  31% (324/1042)   Receiving objects:  32% (334/1042)   Receiving objects:  33% (344/1042)   Receiving objects:  34% (355/1042)   Receiving objects:  35% (365/1042)   Receiving objects:  36% (376/1042)   Receiving objects:  37% (386/1042)   Receiving objects:  38% (396/1042)   Receiving objects:  39% (407/1042)   Receiving objects:  40% (417/1042)   Receiving objects:  41% (428/1042)   Receiving objects:  42% (438/1042)   Receiving objects:  43% (449/1042)   Receiving objects:  44% (459/1042)   Receiving objects:  45% (469/1042)   Receiving objects:  46% (480/1042)   Receiving objects:  47% (490/1042)   Receiving objects:  48% (501/1042)   Receiving objects:  49% (511/1042)   Receiving objects:  50% (521/1042)   Receiving objects:  51% (532/1042)   Receiving objects:  52% (542/1042)   Receiving objects:  53% (553/1042)   Receiving objects:  54% (563/1042)   Receiving objects:  55% (574/1042)   Receiving objects:  56% (584/1042)   Receiving objects:  57% (594/1042)   Receiving objects:  58% (605/1042)   Receiving objects:  59% (615/1042)   Receiving objects:  60% (626/1042)   Receiving objects:  61% (636/1042)   Receiving objects:  62% (647/1042)   Receiving objects:  63% (657/1042)   Receiving objects:  64% (667/1042)   Receiving objects:  65% (678/1042)   Receiving objects:  66% (688/1042)   Receiving objects:  67% (699/1042)   Receiving objects:  68% (709/1042)   Receiving objects:  69% (719/1042)   Receiving objects:  70% (730/1042)   Receiving objects:  71% (740/1042)   Receiving objects:  72% (751/1042)   Receiving objects:  73% (761/1042)   Receiving objects:  74% (772/1042)   Receiving objects:  75% (782/1042)   Receiving objects:  76% (792/1042)   Receiving objects:  77% (803/1042)   Receiving objects:  78% (813/1042)   Receiving objects:  79% (824/1042)   Receiving objects:  80% (834/1042)   Receiving objects:  81% (845/1042)   Receiving objects:  82% (855/1042)   Receiving objects:  83% (865/1042)   Receiving objects:  84% (876/1042)   Receiving objects:  85% (886/1042)   Receiving objects:  86% (897/1042)   Receiving objects:  87% (907/1042)   Receiving objects:  88% (917/1042)   remote: Total 1042 (delta 432), reused 721 (delta 227), pack-reused 0[K
Receiving objects:  89% (928/1042)   Receiving objects:  90% (938/1042)   Receiving objects:  91% (949/1042)   Receiving objects:  92% (959/1042)   Receiving objects:  93% (970/1042)   Receiving objects:  94% (980/1042)   Receiving objects:  95% (990/1042)   Receiving objects:  96% (1001/1042)   Receiving objects:  97% (1011/1042)   Receiving objects:  98% (1022/1042)   Receiving objects:  99% (1032/1042)   Receiving objects: 100% (1042/1042)   Receiving objects: 100% (1042/1042), 386.58 KiB | 0 bytes/s, done.
Resolving deltas:   0% (0/432)   Resolving deltas:  11% (49/432)   Resolving deltas:  12% (52/432)   Resolving deltas:  13% (57/432)   Resolving deltas:  14% (63/432)   Resolving deltas:  15% (67/432)   Resolving deltas:  16% (70/432)   Resolving deltas:  19% (85/432)   Resolving deltas:  20% (89/432)   Resolving deltas:  21% (94/432)   Resolving deltas:  22% (99/432)   Resolving deltas:  23% (100/432)   Resolving deltas:  26% (113/432)   Resolving deltas:  27% (118/432)   Resolving deltas:  28% (121/432)   Resolving deltas:  29% (126/432)   Resolving deltas:  31% (134/432)   Resolving deltas:  32% (140/432)   Resolving deltas:  34% (147/432)   Resolving deltas:  35% (153/432)   Resolving deltas:  37% (160/432)   Resolving deltas:  38% (166/432)   Resolving deltas:  39% (170/432)   Resolving deltas:  40% (177/432)   Resolving deltas:  41% (178/432)   Resolving deltas:  42% (185/432)   Resolving deltas:  46% (200/432)   Resolving deltas:  47% (207/432)   Resolving deltas:  48% (208/432)   Resolving deltas:  49% (212/432)   Resolving deltas:  50% (217/432)   Resolving deltas:  51% (221/432)   Resolving deltas:  53% (229/432)   Resolving deltas:  54% (236/432)   Resolving deltas:  57% (247/432)   Resolving deltas:  58% (251/432)   Resolving deltas:  59% (255/432)   Resolving deltas:  60% (260/432)   Resolving deltas:  61% (265/432)   Resolving deltas:  62% (269/432)   Resolving deltas:  63% (273/432)   Resolving deltas:  64% (278/432)   Resolving deltas:  66% (289/432)   Resolving deltas:  67% (290/432)   Resolving deltas:  68% (295/432)   Resolving deltas:  69% (300/432)   Resolving deltas:  70% (305/432)   Resolving deltas:  71% (307/432)   Resolving deltas:  72% (315/432)   Resolving deltas:  73% (317/432)   Resolving deltas:  74% (320/432)   Resolving deltas:  76% (329/432)   Resolving deltas:  78% (338/432)   Resolving deltas:  83% (359/432)   Resolving deltas:  86% (372/432)   Resolving deltas:  87% (380/432)   Resolving deltas:  88% (382/432)   Resolving deltas:  89% (386/432)   Resolving deltas:  90% (389/432)   Resolving deltas:  91% (397/432)   Resolving deltas:  92% (398/432)   Resolving deltas:  93% (402/432)   Resolving deltas:  94% (408/432)   Resolving deltas:  95% (411/432)   Resolving deltas:  96% (416/432)   Resolving deltas:  97% (420/432)   Resolving deltas:  98% (424/432)   Resolving deltas:  99% (428/432)   Resolving deltas: 100% (432/432)   Resolving deltas: 100% (432/432), done.
Checking connectivity... done.
travis_time:end:299a7224:start=1431435625739223638,finish=1431435625974388287,duration=235164649[0K$ cd spring-projects/spring-data-jpa
$ git checkout -qf 85048aaa1d1560e91cd14ff999768aabc44c90c7
travis_fold:end:git.checkout[0K
[33;1mThis job is running on container-based infrastructure, which does not allow use of 'sudo', setuid and setguid executables.[0m
[33;1mIf you require sudo, add 'sudo: required' to your .travis.yml[0m
[33;1mSee http://docs.travis-ci.com/user/workers/container-based-infrastructure/ for details.[0m

[33;1mSetting environment variables from .travis.yml[0m
$ export PROFILE=hibernate-43

travis_fold:start:cache.1[0KSetting up build cache
$ export CASHER_DIR=$HOME/.casher
travis_time:start:02371b10[0K$ Installing caching utilities
travis_time:end:02371b10:start=1431435627421785775,finish=1431435627551196704,duration=129410929[0Ktravis_time:start:003cafbc[0Kattempting to download cache archive
fetching 1.8.x/cache--jdk-oraclejdk8.tbz
found cache
travis_time:end:003cafbc:start=1431435627556028526,finish=1431435629163348614,duration=1607320088[0Ktravis_time:start:2016fc4d[0Kadding /home/travis/.m2 to cache
travis_time:end:2016fc4d:start=1431435629169365758,finish=1431435643440574678,duration=14271208920[0Ktravis_fold:end:cache.1[0K$ jdk_switcher use oraclejdk8
Switching to Oracle JDK8 (java-8-oracle), JAVA_HOME will be set to /usr/lib/jvm/java-8-oracle
$ java -Xmx32m -version
java version "1.8.0_31"
Java(TM) SE Runtime Environment (build 1.8.0_31-b13)
Java HotSpot(TM) 64-Bit Server VM (build 25.31-b07, mixed mode)
$ javac -J-Xmx32m -version
javac 1.8.0_31
travis_fold:start:install[0Ktravis_time:start:0d2919a8[0K$ true
travis_time:end:0d2919a8:start=1431435643970786045,finish=1431435643974561148,duration=3775103[0Ktravis_fold:end:install[0Ktravis_time:start:0c52d3f4[0K$ mvn clean dependency:list test -P${PROFILE} -Dsort
Java HotSpot(TM) 64-Bit Server VM warning: ignoring option MaxPermSize=192m; support was removed in 8.0
[INFO] Scanning for projects...
Downloading: https://repository.apache.org/snapshots/org/springframework/data/build/spring-data-parent/1.6.1.BUILD-SNAPSHOT/maven-metadata.xml
Downloading: https://repository.apache.org/snapshots/org/springframework/data/build/spring-data-build/1.6.1.BUILD-SNAPSHOT/maven-metadata.xml
[INFO]                                                                         
[INFO] ------------------------------------------------------------------------
[INFO] Building Spring Data JPA 1.8.1.BUILD-SNAPSHOT
[INFO] ------------------------------------------------------------------------
Downloading: https://repository.apache.org/snapshots/org/springframework/data/spring-data-commons/1.10.1.BUILD-SNAPSHOT/maven-metadata.xml
Downloading: http://repo.maven.apache.org/maven2/org/hibernate/hibernate-entitymanager/4.3.9.Final/hibernate-entitymanager-4.3.9.Final.pom
4/4 KB            Downloaded: http://repo.maven.apache.org/maven2/org/hibernate/hibernate-entitymanager/4.3.9.Final/hibernate-entitymanager-4.3.9.Final.pom (4 KB at 12.5 KB/sec)
Downloading: http://repo.maven.apache.org/maven2/org/hibernate/hibernate-core/4.3.9.Final/hibernate-core-4.3.9.Final.pom
2/4 KB   4/4 KB            Downloaded: http://repo.maven.apache.org/maven2/org/hibernate/hibernate-core/4.3.9.Final/hibernate-core-4.3.9.Final.pom (4 KB at 105.4 KB/sec)
Downloading: http://repo.maven.apache.org/maven2/org/hibernate/hibernate-entitymanager/4.3.9.Final/hibernate-entitymanager-4.3.9.Final.jar
Downloading: http://repo.maven.apache.org/maven2/org/hibernate/hibernate-core/4.3.9.Final/hibernate-core-4.3.9.Final.jar
3/633 KB   7/633 KB   11/633 KB   15/633 KB   3/5155 KB   19/633 KB   3/5155 KB   15/633 KB   7/5155 KB   19/633 KB   11/5155 KB   23/633 KB   15/5155 KB   23/633 KB   19/5155 KB   23/633 KB   23/5155 KB   23/633 KB   27/5155 KB   23/633 KB   31/5155 KB   23/633 KB   35/5155 KB   23/633 KB   39/5155 KB   23/633 KB   43/5155 KB   23/633 KB   47/5155 KB   23/633 KB   51/5155 KB   23/633 KB   55/5155 KB   23/633 KB   59/5155 KB   23/633 KB   63/5155 KB   23/633 KB   11/5155 KB   23/633 KB   63/5155 KB   27/633 KB   63/5155 KB   31/633 KB   63/5155 KB   35/633 KB   63/5155 KB   39/633 KB   63/5155 KB   43/633 KB   63/5155 KB   47/633 KB   63/5155 KB   51/633 KB   63/5155 KB   55/633 KB   63/5155 KB   59/633 KB   63/5155 KB   63/633 KB   63/5155 KB   67/633 KB   63/5155 KB   71/633 KB   63/5155 KB   75/633 KB   63/5155 KB   79/633 KB   63/5155 KB   83/633 KB   63/5155 KB   87/633 KB   63/5155 KB   91/633 KB   63/5155 KB   95/633 KB   63/5155 KB   99/633 KB   63/5155 KB   103/633 KB   63/5155 KB   107/633 KB   67/5155 KB   111/633 KB   67/5155 KB   115/633 KB   67/5155 KB   119/633 KB   67/5155 KB   123/633 KB   67/5155 KB   127/633 KB   67/5155 KB   131/633 KB   67/5155 KB   135/633 KB   67/5155 KB   139/633 KB   67/5155 KB   143/633 KB   67/5155 KB   147/633 KB   67/5155 KB   151/633 KB   67/5155 KB   155/633 KB   67/5155 KB   159/633 KB   67/5155 KB   163/633 KB   67/5155 KB   167/633 KB   67/5155 KB   171/633 KB   67/5155 KB   175/633 KB   67/5155 KB   179/633 KB   67/5155 KB   183/633 KB   67/5155 KB   187/633 KB   67/5155 KB   107/633 KB   71/5155 KB   187/633 KB   75/5155 KB   187/633 KB   79/5155 KB   187/633 KB   83/5155 KB   187/633 KB   87/5155 KB   187/633 KB   91/5155 KB   187/633 KB   95/5155 KB   187/633 KB   99/5155 KB   187/633 KB   103/5155 KB   187/633 KB   107/5155 KB   187/633 KB   111/5155 KB   187/633 KB   115/5155 KB   187/633 KB   119/5155 KB   187/633 KB   123/5155 KB   187/633 KB   127/5155 KB   187/633 KB   131/5155 KB   187/633 KB   135/5155 KB   187/633 KB   139/5155 KB   187/633 KB   143/5155 KB   187/633 KB   147/5155 KB   187/633 KB   151/5155 KB   187/633 KB   155/5155 KB   187/633 KB   159/5155 KB   191/633 KB   163/5155 KB   191/633 KB   167/5155 KB   191/633 KB   171/5155 KB   191/633 KB   175/5155 KB   191/633 KB   179/5155 KB   191/633 KB   183/5155 KB   191/633 KB   187/5155 KB   191/633 KB   191/5155 KB   191/633 KB   195/5155 KB   191/633 KB   199/5155 KB   191/633 KB   203/5155 KB   191/633 KB   207/5155 KB   191/633 KB   211/5155 KB   191/633 KB   215/5155 KB   191/633 KB   219/5155 KB   191/633 KB   223/5155 KB   191/633 KB   227/5155 KB   191/633 KB   231/5155 KB   191/633 KB   155/5155 KB   191/633 KB   231/5155 KB   195/633 KB   231/5155 KB   199/633 KB   231/5155 KB   203/633 KB   231/5155 KB   207/633 KB   231/5155 KB   211/633 KB   231/5155 KB   215/633 KB   231/5155 KB   219/633 KB   231/5155 KB   223/633 KB   231/5155 KB   227/633 KB   231/5155 KB   231/633 KB   231/5155 KB   235/633 KB   231/5155 KB   239/633 KB   231/5155 KB   243/633 KB   231/5155 KB   247/633 KB   231/5155 KB   251/633 KB   231/5155 KB   255/633 KB   231/5155 KB   259/633 KB   231/5155 KB   263/633 KB   231/5155 KB   267/633 KB   231/5155 KB   271/633 KB   231/5155 KB   275/633 KB   231/5155 KB   279/633 KB   231/5155 KB   283/633 KB   231/5155 KB   287/633 KB   231/5155 KB   291/633 KB   231/5155 KB   295/633 KB   231/5155 KB   299/633 KB   231/5155 KB   303/633 KB   231/5155 KB   307/633 KB   231/5155 KB   311/633 KB   235/5155 KB   315/633 KB   235/5155 KB   319/633 KB   235/5155 KB   323/633 KB   235/5155 KB   327/633 KB   235/5155 KB   331/633 KB   235/5155 KB   335/633 KB   235/5155 KB   339/633 KB   235/5155 KB   343/633 KB   235/5155 KB   347/633 KB   235/5155 KB   351/633 KB   235/5155 KB   355/633 KB   235/5155 KB   359/633 KB   235/5155 KB   363/633 KB   235/5155 KB   367/633 KB   235/5155 KB   371/633 KB   235/5155 KB   375/633 KB   235/5155 KB   379/633 KB   235/5155 KB   383/633 KB   235/5155 KB   387/633 KB   235/5155 KB   391/633 KB   235/5155 KB   395/633 KB   235/5155 KB   399/633 KB   235/5155 KB   403/633 KB   235/5155 KB   407/633 KB   235/5155 KB   411/633 KB   235/5155 KB   415/633 KB   235/5155 KB   419/633 KB   235/5155 KB   423/633 KB   235/5155 KB   427/633 KB   235/5155 KB   431/633 KB   235/5155 KB   435/633 KB   235/5155 KB   311/633 KB   239/5155 KB   435/633 KB   243/5155 KB   435/633 KB   247/5155 KB   435/633 KB   251/5155 KB   435/633 KB   255/5155 KB   435/633 KB   259/5155 KB   435/633 KB   263/5155 KB   435/633 KB   267/5155 KB   435/633 KB   271/5155 KB   435/633 KB   275/5155 KB   435/633 KB   279/5155 KB   435/633 KB   283/5155 KB   435/633 KB   287/5155 KB   435/633 KB   291/5155 KB   435/633 KB   295/5155 KB   435/633 KB   299/5155 KB   435/633 KB   303/5155 KB   435/633 KB   307/5155 KB   435/633 KB   311/5155 KB   435/633 KB   315/5155 KB   435/633 KB   319/5155 KB   435/633 KB   323/5155 KB   435/633 KB   327/5155 KB   435/633 KB   331/5155 KB   435/633 KB   335/5155 KB   435/633 KB   339/5155 KB   435/633 KB   343/5155 KB   435/633 KB   347/5155 KB   435/633 KB   351/5155 KB   435/633 KB   355/5155 KB   435/633 KB   359/5155 KB   435/633 KB   363/5155 KB   435/633 KB   367/5155 KB   435/633 KB   371/5155 KB   435/633 KB   375/5155 KB   435/633 KB   379/5155 KB   435/633 KB   383/5155 KB   435/633 KB   387/5155 KB   435/633 KB   391/5155 KB   435/633 KB   395/5155 KB   435/633 KB   399/5155 KB   435/633 KB   403/5155 KB   435/633 KB   407/5155 KB   435/633 KB   411/5155 KB   435/633 KB   415/5155 KB   435/633 KB   419/5155 KB   435/633 KB   423/5155 KB   435/633 KB   427/5155 KB   435/633 KB   431/5155 KB   435/633 KB   435/5155 KB   435/633 KB   439/5155 KB   435/633 KB   443/5155 KB   439/633 KB   447/5155 KB   439/633 KB   451/5155 KB   439/633 KB   455/5155 KB   439/633 KB   459/5155 KB   439/633 KB   463/5155 KB   439/633 KB   467/5155 KB   439/633 KB   471/5155 KB   439/633 KB   475/5155 KB   439/633 KB   479/5155 KB   439/633 KB   483/5155 KB   439/633 KB   487/5155 KB   439/633 KB   491/5155 KB   439/633 KB   495/5155 KB   439/633 KB   499/5155 KB   439/633 KB   503/5155 KB   439/633 KB   507/5155 KB   439/633 KB   511/5155 KB   439/633 KB   515/5155 KB   439/633 KB   519/5155 KB   439/633 KB   523/5155 KB   439/633 KB   527/5155 KB   439/633 KB   531/5155 KB   439/633 KB   535/5155 KB   439/633 KB   539/5155 KB   439/633 KB   543/5155 KB   439/633 KB   547/5155 KB   439/633 KB   551/5155 KB   439/633 KB   555/5155 KB   439/633 KB   559/5155 KB   439/633 KB   563/5155 KB   439/633 KB   567/5155 KB   439/633 KB   571/5155 KB   439/633 KB   575/5155 KB   439/633 KB   579/5155 KB   439/633 KB   583/5155 KB   439/633 KB   587/5155 KB   439/633 KB   591/5155 KB   439/633 KB   595/5155 KB   439/633 KB   599/5155 KB   439/633 KB   439/5155 KB   439/633 KB   599/5155 KB   443/633 KB   599/5155 KB   447/633 KB   599/5155 KB   451/633 KB   599/5155 KB   455/633 KB   599/5155 KB   459/633 KB   599/5155 KB   463/633 KB   599/5155 KB   467/633 KB   599/5155 KB   471/633 KB   599/5155 KB   475/633 KB   599/5155 KB   479/633 KB   599/5155 KB   483/633 KB   599/5155 KB   487/633 KB   599/5155 KB   491/633 KB   599/5155 KB   495/633 KB   599/5155 KB   499/633 KB   599/5155 KB   503/633 KB   599/5155 KB   507/633 KB   599/5155 KB   511/633 KB   599/5155 KB   515/633 KB   599/5155 KB   519/633 KB   599/5155 KB   523/633 KB   599/5155 KB   527/633 KB   599/5155 KB   531/633 KB   599/5155 KB   535/633 KB   599/5155 KB   539/633 KB   599/5155 KB   543/633 KB   599/5155 KB   547/633 KB   599/5155 KB   551/633 KB   599/5155 KB   555/633 KB   599/5155 KB   559/633 KB   599/5155 KB   563/633 KB   599/5155 KB   567/633 KB   599/5155 KB   571/633 KB   599/5155 KB   575/633 KB   599/5155 KB   579/633 KB   599/5155 KB   583/633 KB   599/5155 KB   587/633 KB   599/5155 KB   591/633 KB   599/5155 KB   595/633 KB   599/5155 KB   599/633 KB   599/5155 KB   603/633 KB   603/5155 KB   607/633 KB   603/5155 KB   611/633 KB   603/5155 KB   603/633 KB   607/5155 KB   611/633 KB   611/5155 KB   611/633 KB   615/5155 KB   615/633 KB   619/5155 KB   615/633 KB   623/5155 KB   615/633 KB   627/5155 KB   615/633 KB   631/5155 KB   615/633 KB   635/5155 KB   615/633 KB   639/5155 KB   615/633 KB   643/5155 KB   615/633 KB   647/5155 KB   615/633 KB   651/5155 KB   615/633 KB   655/5155 KB   615/633 KB   659/5155 KB   615/633 KB   663/5155 KB   615/633 KB   667/5155 KB   615/633 KB   671/5155 KB   615/633 KB   675/5155 KB   615/633 KB   679/5155 KB   615/633 KB   683/5155 KB   615/633 KB   687/5155 KB   615/633 KB   691/5155 KB   615/633 KB   695/5155 KB   615/633 KB   699/5155 KB   615/633 KB   703/5155 KB   615/633 KB   707/5155 KB   615/633 KB   711/5155 KB   615/633 KB   715/5155 KB   615/633 KB   719/5155 KB   615/633 KB   723/5155 KB   615/633 KB   727/5155 KB   615/633 KB   731/5155 KB   615/633 KB   735/5155 KB   615/633 KB   739/5155 KB   615/633 KB   743/5155 KB   615/633 KB   747/5155 KB   615/633 KB   751/5155 KB   615/633 KB   755/5155 KB   615/633 KB   759/5155 KB   615/633 KB   763/5155 KB   615/633 KB   767/5155 KB   615/633 KB   771/5155 KB   615/633 KB   611/5155 KB   615/633 KB   771/5155 KB   619/633 KB   771/5155 KB   623/633 KB   771/5155 KB   627/633 KB   771/5155 KB   631/633 KB   771/5155 KB   633/633 KB   775/5155 KB   633/633 KB   779/5155 KB   633/633 KB   783/5155 KB   633/633 KB   787/5155 KB   633/633 KB   791/5155 KB   633/633 KB   795/5155 KB   633/633 KB   799/5155 KB   633/633 KB   803/5155 KB   633/633 KB   807/5155 KB   633/633 KB   811/5155 KB   633/633 KB   815/5155 KB   633/633 KB   819/5155 KB   633/633 KB   823/5155 KB   633/633 KB   827/5155 KB   633/633 KB   831/5155 KB   633/633 KB   835/5155 KB   633/633 KB   839/5155 KB   633/633 KB   843/5155 KB   633/633 KB   847/5155 KB   633/633 KB   851/5155 KB   633/633 KB   855/5155 KB   633/633 KB   859/5155 KB   633/633 KB   863/5155 KB   633/633 KB   867/5155 KB   633/633 KB   871/5155 KB   633/633 KB   875/5155 KB   633/633 KB   879/5155 KB   633/633 KB   883/5155 KB   633/633 KB   887/5155 KB   633/633 KB   891/5155 KB   633/633 KB   895/5155 KB   633/633 KB   899/5155 KB   633/633 KB   903/5155 KB   633/633 KB   907/5155 KB   633/633 KB   911/5155 KB   633/633 KB   915/5155 KB   633/633 KB   919/5155 KB   633/633 KB   923/5155 KB   633/633 KB   927/5155 KB   633/633 KB                              931/5155 KB                935/5155 KB   Downloaded: http://repo.maven.apache.org/maven2/org/hibernate/hibernate-entitymanager/4.3.9.Final/hibernate-entitymanager-4.3.9.Final.jar (633 KB at 867.5 KB/sec)
939/5155 KB   943/5155 KB   947/5155 KB   951/5155 KB   955/5155 KB   959/5155 KB   963/5155 KB   967/5155 KB   971/5155 KB   975/5155 KB   979/5155 KB   983/5155 KB   987/5155 KB   991/5155 KB   995/5155 KB   999/5155 KB   1003/5155 KB   1007/5155 KB   1011/5155 KB   1015/5155 KB   1019/5155 KB   1023/5155 KB   1027/5155 KB   1031/5155 KB   1035/5155 KB   1039/5155 KB   1043/5155 KB   1047/5155 KB   1051/5155 KB   1055/5155 KB   1059/5155 KB   1063/5155 KB   1067/5155 KB   1071/5155 KB   1075/5155 KB   1079/5155 KB   1083/5155 KB   1087/5155 KB   1091/5155 KB   1095/5155 KB   1099/5155 KB   1103/5155 KB   1107/5155 KB   1111/5155 KB   1115/5155 KB   1119/5155 KB   1123/5155 KB   1127/5155 KB   1131/5155 KB   1135/5155 KB   1139/5155 KB   1143/5155 KB   1147/5155 KB   1151/5155 KB   1155/5155 KB   1159/5155 KB   1163/5155 KB   1167/5155 KB   1171/5155 KB   1175/5155 KB   1179/5155 KB   1183/5155 KB   1187/5155 KB   1191/5155 KB   1195/5155 KB   1199/5155 KB   1203/5155 KB   1207/5155 KB   1211/5155 KB   1215/5155 KB   1219/5155 KB   1223/5155 KB   1227/5155 KB   1231/5155 KB   1235/5155 KB   1239/5155 KB   1243/5155 KB   1247/5155 KB   1251/5155 KB   1255/5155 KB   1259/5155 KB   1263/5155 KB   1267/5155 KB   1271/5155 KB   1275/5155 KB   1279/5155 KB   1283/5155 KB   1287/5155 KB   1291/5155 KB   1295/5155 KB   1299/5155 KB   1303/5155 KB   1307/5155 KB   1311/5155 KB   1315/5155 KB   1319/5155 KB   1323/5155 KB   1327/5155 KB   1331/5155 KB   1335/5155 KB   1339/5155 KB   1343/5155 KB   1347/5155 KB   1351/5155 KB   1355/5155 KB   1359/5155 KB   1363/5155 KB   1367/5155 KB   1371/5155 KB   1375/5155 KB   1379/5155 KB   1383/5155 KB   1387/5155 KB   1391/5155 KB   1395/5155 KB   1399/5155 KB   1403/5155 KB   1407/5155 KB   1411/5155 KB   1415/5155 KB   1419/5155 KB   1423/5155 KB   1427/5155 KB   1431/5155 KB   1435/5155 KB   1439/5155 KB   1443/5155 KB   1447/5155 KB   1451/5155 KB   1455/5155 KB   1459/5155 KB   1463/5155 KB   1467/5155 KB   1471/5155 KB   1475/5155 KB   1479/5155 KB   1483/5155 KB   1487/5155 KB   1491/5155 KB   1495/5155 KB   1499/5155 KB   1503/5155 KB   1507/5155 KB   1511/5155 KB   1515/5155 KB   1519/5155 KB   1523/5155 KB   1527/5155 KB   1531/5155 KB   1535/5155 KB   1539/5155 KB   1543/5155 KB   1547/5155 KB   1551/5155 KB   1555/5155 KB   1559/5155 KB   1563/5155 KB   1567/5155 KB   1571/5155 KB   1575/5155 KB   1579/5155 KB   1583/5155 KB   1587/5155 KB   1591/5155 KB   1595/5155 KB   1599/5155 KB   1603/5155 KB   1607/5155 KB   1611/5155 KB   1615/5155 KB   1619/5155 KB   1623/5155 KB   1627/5155 KB   1631/5155 KB   1635/5155 KB   1639/5155 KB   1643/5155 KB   1647/5155 KB   1651/5155 KB   1655/5155 KB   1659/5155 KB   1663/5155 KB   1667/5155 KB   1671/5155 KB   1675/5155 KB   1679/5155 KB   1683/5155 KB   1687/5155 KB   1691/5155 KB   1695/5155 KB   1699/5155 KB   1703/5155 KB   1707/5155 KB   1711/5155 KB   1715/5155 KB   1719/5155 KB   1723/5155 KB   1727/5155 KB   1731/5155 KB   1735/5155 KB   1739/5155 KB   1743/5155 KB   1747/5155 KB   1751/5155 KB   1755/5155 KB   1759/5155 KB   1763/5155 KB   1767/5155 KB   1771/5155 KB   1775/5155 KB   1779/5155 KB   1783/5155 KB   1787/5155 KB   1791/5155 KB   1795/5155 KB   1799/5155 KB   1803/5155 KB   1807/5155 KB   1811/5155 KB   1815/5155 KB   1819/5155 KB   1823/5155 KB   1827/5155 KB   1831/5155 KB   1835/5155 KB   1839/5155 KB   1843/5155 KB   1847/5155 KB   1851/5155 KB   1855/5155 KB   1859/5155 KB   1863/5155 KB   1867/5155 KB   1871/5155 KB   1875/5155 KB   1879/5155 KB   1883/5155 KB   1887/5155 KB   1891/5155 KB   1895/5155 KB   1899/5155 KB   1903/5155 KB   1907/5155 KB   1911/5155 KB   1915/5155 KB   1919/5155 KB   1923/5155 KB   1927/5155 KB   1931/5155 KB   1935/5155 KB   1939/5155 KB   1943/5155 KB   1947/5155 KB   1951/5155 KB   1955/5155 KB   1959/5155 KB   1963/5155 KB   1967/5155 KB   1971/5155 KB   1975/5155 KB   1979/5155 KB   1983/5155 KB   1987/5155 KB   1991/5155 KB   1995/5155 KB   1999/5155 KB   2003/5155 KB   2007/5155 KB   2011/5155 KB   2015/5155 KB   2019/5155 KB   2023/5155 KB   2027/5155 KB   2031/5155 KB   2035/5155 KB   2039/5155 KB   2043/5155 KB   2047/5155 KB   2051/5155 KB   2055/5155 KB   2059/5155 KB   2063/5155 KB   2067/5155 KB   2071/5155 KB   2075/5155 KB   2079/5155 KB   2083/5155 KB   2087/5155 KB   2091/5155 KB   2095/5155 KB   2099/5155 KB   2103/5155 KB   2107/5155 KB   2111/5155 KB   2115/5155 KB   2119/5155 KB   2123/5155 KB   2127/5155 KB   2131/5155 KB   2135/5155 KB   2139/5155 KB   2143/5155 KB   2147/5155 KB   2151/5155 KB   2155/5155 KB   2159/5155 KB   2163/5155 KB   2167/5155 KB   2171/5155 KB   2175/5155 KB   2179/5155 KB   2183/5155 KB   2187/5155 KB   2191/5155 KB   2195/5155 KB   2199/5155 KB   2203/5155 KB   2207/5155 KB   2211/5155 KB   2215/5155 KB   2219/5155 KB   2223/5155 KB   2227/5155 KB   2231/5155 KB   2235/5155 KB   2239/5155 KB   2243/5155 KB   2247/5155 KB   2251/5155 KB   2255/5155 KB   2259/5155 KB   2263/5155 KB   2267/5155 KB   2271/5155 KB   2275/5155 KB   2279/5155 KB   2283/5155 KB   2287/5155 KB   2291/5155 KB   2295/5155 KB   2299/5155 KB   2303/5155 KB   2307/5155 KB   2311/5155 KB   2315/5155 KB   2319/5155 KB   2323/5155 KB   2327/5155 KB   2331/5155 KB   2335/5155 KB   2339/5155 KB   2343/5155 KB   2347/5155 KB   2351/5155 KB   2355/5155 KB   2359/5155 KB   2363/5155 KB   2367/5155 KB   2371/5155 KB   2375/5155 KB   2379/5155 KB   2383/5155 KB   2387/5155 KB   2391/5155 KB   2395/5155 KB   2399/5155 KB   2403/5155 KB   2407/5155 KB   2411/5155 KB   2415/5155 KB   2419/5155 KB   2423/5155 KB   2427/5155 KB   2431/5155 KB   2435/5155 KB   2439/5155 KB   2443/5155 KB   2445/5155 KB   2449/5155 KB   2453/5155 KB   2457/5155 KB   2461/5155 KB   2465/5155 KB   2469/5155 KB   2473/5155 KB   2477/5155 KB   2481/5155 KB   2485/5155 KB   2489/5155 KB   2493/5155 KB   2497/5155 KB   2501/5155 KB   2505/5155 KB   2509/5155 KB   2513/5155 KB   2517/5155 KB   2521/5155 KB   2525/5155 KB   2529/5155 KB   2533/5155 KB   2537/5155 KB   2541/5155 KB   2545/5155 KB   2549/5155 KB   2553/5155 KB   2557/5155 KB   2561/5155 KB   2565/5155 KB   2569/5155 KB   2573/5155 KB   2577/5155 KB   2581/5155 KB   2585/5155 KB   2589/5155 KB   2593/5155 KB   2595/5155 KB   2599/5155 KB   2602/5155 KB   2606/5155 KB   2610/5155 KB   2614/5155 KB   2618/5155 KB   2622/5155 KB   2626/5155 KB   2630/5155 KB   2634/5155 KB   2638/5155 KB   2642/5155 KB   2646/5155 KB   2650/5155 KB   2654/5155 KB   2658/5155 KB   2662/5155 KB   2666/5155 KB   2670/5155 KB   2674/5155 KB   2678/5155 KB   2682/5155 KB   2686/5155 KB   2690/5155 KB   2694/5155 KB   2698/5155 KB   2702/5155 KB   2706/5155 KB   2710/5155 KB   2712/5155 KB   2715/5155 KB   2718/5155 KB   2721/5155 KB   2725/5155 KB   2729/5155 KB   2733/5155 KB   2737/5155 KB   2741/5155 KB   2745/5155 KB   2749/5155 KB   2753/5155 KB   2757/5155 KB   2761/5155 KB   2765/5155 KB   2769/5155 KB   2773/5155 KB   2777/5155 KB   2781/5155 KB   2785/5155 KB   2789/5155 KB   2793/5155 KB   2797/5155 KB   2801/5155 KB   2805/5155 KB   2809/5155 KB   2813/5155 KB   2817/5155 KB   2821/5155 KB   2825/5155 KB   2829/5155 KB   2830/5155 KB   2832/5155 KB   2835/5155 KB   2838/5155 KB   2841/5155 KB   2845/5155 KB   2849/5155 KB   2853/5155 KB   2857/5155 KB   2861/5155 KB   2865/5155 KB   2869/5155 KB   2873/5155 KB   2877/5155 KB   2881/5155 KB   2885/5155 KB   2889/5155 KB   2893/5155 KB   2897/5155 KB   2901/5155 KB   2905/5155 KB   2909/5155 KB   2913/5155 KB   2917/5155 KB   2921/5155 KB   2925/5155 KB   2929/5155 KB   2933/5155 KB   2937/5155 KB   2941/5155 KB   2945/5155 KB   2947/5155 KB   2950/5155 KB   2953/5155 KB   2955/5155 KB   2958/5155 KB   2961/5155 KB   2965/5155 KB   2969/5155 KB   2973/5155 KB   2977/5155 KB   2981/5155 KB   2985/5155 KB   2989/5155 KB   2993/5155 KB   2997/5155 KB   3001/5155 KB   3005/5155 KB   3009/5155 KB   3013/5155 KB   3017/5155 KB   3021/5155 KB   3025/5155 KB   3029/5155 KB   3033/5155 KB   3037/5155 KB   3041/5155 KB   3045/5155 KB   3049/5155 KB   3053/5155 KB   3057/5155 KB   3061/5155 KB   3064/5155 KB   3067/5155 KB   3070/5155 KB   3071/5155 KB   3073/5155 KB   3076/5155 KB   3078/5155 KB   3081/5155 KB   3085/5155 KB   3089/5155 KB   3093/5155 KB   3097/5155 KB   3101/5155 KB   3105/5155 KB   3109/5155 KB   3113/5155 KB   3117/5155 KB   3121/5155 KB   3125/5155 KB   3129/5155 KB   3133/5155 KB   3137/5155 KB   3141/5155 KB   3145/5155 KB   3149/5155 KB   3153/5155 KB   3157/5155 KB   3161/5155 KB   3165/5155 KB   3169/5155 KB   3173/5155 KB   3177/5155 KB   3181/5155 KB   3182/5155 KB   3185/5155 KB   3187/5155 KB   3190/5155 KB   3193/5155 KB   3196/5155 KB   3199/5155 KB   3202/5155 KB   3206/5155 KB   3206/5155 KB   3210/5155 KB   3214/5155 KB   3218/5155 KB   3222/5155 KB   3226/5155 KB   3230/5155 KB   3234/5155 KB   3238/5155 KB   3242/5155 KB   3246/5155 KB   3250/5155 KB   3254/5155 KB   3258/5155 KB   3262/5155 KB   3266/5155 KB   3270/5155 KB   3274/5155 KB   3278/5155 KB   3282/5155 KB   3286/5155 KB   3290/5155 KB   3294/5155 KB   3298/5155 KB   3302/5155 KB   3306/5155 KB   3310/5155 KB   3314/5155 KB   3318/5155 KB   3322/5155 KB   3326/5155 KB   3330/5155 KB   3334/5155 KB   3338/5155 KB   3342/5155 KB   3346/5155 KB   3350/5155 KB   3354/5155 KB   3358/5155 KB   3362/5155 KB   3366/5155 KB   3370/5155 KB   3374/5155 KB   3378/5155 KB   3382/5155 KB   3386/5155 KB   3390/5155 KB   3394/5155 KB   3398/5155 KB   3402/5155 KB   3406/5155 KB   3410/5155 KB   3414/5155 KB   3418/5155 KB   3422/5155 KB   3426/5155 KB   3430/5155 KB   3434/5155 KB   3438/5155 KB   3442/5155 KB   3446/5155 KB   3450/5155 KB   3454/5155 KB   3458/5155 KB   3462/5155 KB   3466/5155 KB   3470/5155 KB   3474/5155 KB   3478/5155 KB   3482/5155 KB   3486/5155 KB   3490/5155 KB   3494/5155 KB   3498/5155 KB   3498/5155 KB   3502/5155 KB   3506/5155 KB   3510/5155 KB   3514/5155 KB   3518/5155 KB   3522/5155 KB   3526/5155 KB   3530/5155 KB   3534/5155 KB   3538/5155 KB   3542/5155 KB   3546/5155 KB   3550/5155 KB   3554/5155 KB   3558/5155 KB   3562/5155 KB   3566/5155 KB   3570/5155 KB   3574/5155 KB   3578/5155 KB   3582/5155 KB   3586/5155 KB   3590/5155 KB   3594/5155 KB   3598/5155 KB   3602/5155 KB   3606/5155 KB   3610/5155 KB   3614/5155 KB   3618/5155 KB   3622/5155 KB   3626/5155 KB   3630/5155 KB   3634/5155 KB   3638/5155 KB   3642/5155 KB   3646/5155 KB   3650/5155 KB   3654/5155 KB   3658/5155 KB   3662/5155 KB   3666/5155 KB   3670/5155 KB   3674/5155 KB   3678/5155 KB   3682/5155 KB   3686/5155 KB   3690/5155 KB   3694/5155 KB   3698/5155 KB   3702/5155 KB   3706/5155 KB   3710/5155 KB   3714/5155 KB   3718/5155 KB   3719/5155 KB   3723/5155 KB   3727/5155 KB   3731/5155 KB   3735/5155 KB   3739/5155 KB   3743/5155 KB   3747/5155 KB   3751/5155 KB   3755/5155 KB   3759/5155 KB   3763/5155 KB   3767/5155 KB   3771/5155 KB   3775/5155 KB   3779/5155 KB   3783/5155 KB   3787/5155 KB   3791/5155 KB   3795/5155 KB   3799/5155 KB   3803/5155 KB   3807/5155 KB   3811/5155 KB   3815/5155 KB   3819/5155 KB   3823/5155 KB   3827/5155 KB   3831/5155 KB   3835/5155 KB   3839/5155 KB   3843/5155 KB   3847/5155 KB   3851/5155 KB   3855/5155 KB   3859/5155 KB   3863/5155 KB   3867/5155 KB   3868/5155 KB   3872/5155 KB   3876/5155 KB   3880/5155 KB   3884/5155 KB   3888/5155 KB   3892/5155 KB   3896/5155 KB   3900/5155 KB   3904/5155 KB   3908/5155 KB   3912/5155 KB   3916/5155 KB   3920/5155 KB   3924/5155 KB   3928/5155 KB   3932/5155 KB   3936/5155 KB   3940/5155 KB   3944/5155 KB   3948/5155 KB   3952/5155 KB   3956/5155 KB   3960/5155 KB   3964/5155 KB   3968/5155 KB   3972/5155 KB   3976/5155 KB   3980/5155 KB   3984/5155 KB   3985/5155 KB   3988/5155 KB   3992/5155 KB   3996/5155 KB   4000/5155 KB   4004/5155 KB   4008/5155 KB   4012/5155 KB   4016/5155 KB   4017/5155 KB   4021/5155 KB   4025/5155 KB   4029/5155 KB   4033/5155 KB   4037/5155 KB   4041/5155 KB   4045/5155 KB   4049/5155 KB   4053/5155 KB   4057/5155 KB   4061/5155 KB   4065/5155 KB   4069/5155 KB   4073/5155 KB   4077/5155 KB   4081/5155 KB   4085/5155 KB   4089/5155 KB   4093/5155 KB   4097/5155 KB   4101/5155 KB   4104/5155 KB   4107/5155 KB   4109/5155 KB   4113/5155 KB   4117/5155 KB   4121/5155 KB   4125/5155 KB   4129/5155 KB   4133/5155 KB   4135/5155 KB   4139/5155 KB   4140/5155 KB   4143/5155 KB   4147/5155 KB   4151/5155 KB   4155/5155 KB   4159/5155 KB   4163/5155 KB   4166/5155 KB   4170/5155 KB   4174/5155 KB   4178/5155 KB   4182/5155 KB   4186/5155 KB   4190/5155 KB   4194/5155 KB   4198/5155 KB   4202/5155 KB   4206/5155 KB   4210/5155 KB   4214/5155 KB   4218/5155 KB   4222/5155 KB   4222/5155 KB   4225/5155 KB   4228/5155 KB   4232/5155 KB   4236/5155 KB   4240/5155 KB   4244/5155 KB   4248/5155 KB   4252/5155 KB   4254/5155 KB   4256/5155 KB   4259/5155 KB   4262/5155 KB   4263/5155 KB   4267/5155 KB   4271/5155 KB   4275/5155 KB   4279/5155 KB   4283/5155 KB   4285/5155 KB   4289/5155 KB   4293/5155 KB   4297/5155 KB   4301/5155 KB   4305/5155 KB   4309/5155 KB   4313/5155 KB   4317/5155 KB   4321/5155 KB   4325/5155 KB   4329/5155 KB   4333/5155 KB   4337/5155 KB   4341/5155 KB   4341/5155 KB   4343/5155 KB   4344/5155 KB   4348/5155 KB   4352/5155 KB   4356/5155 KB   4360/5155 KB   4364/5155 KB   4368/5155 KB   4372/5155 KB   4372/5155 KB   4375/5155 KB   4378/5155 KB   4381/5155 KB   4384/5155 KB   4388/5155 KB   4392/5155 KB   4396/5155 KB   4400/5155 KB   4404/5155 KB   4408/5155 KB   4412/5155 KB   4415/5155 KB   4419/5155 KB   4423/5155 KB   4427/5155 KB   4431/5155 KB   4435/5155 KB   4439/5155 KB   4443/5155 KB   4447/5155 KB   4451/5155 KB   4455/5155 KB   4459/5155 KB   4460/5155 KB   4463/5155 KB   4467/5155 KB   4471/5155 KB   4475/5155 KB   4479/5155 KB   4483/5155 KB   4487/5155 KB   4491/5155 KB   4491/5155 KB   4494/5155 KB   4498/5155 KB   4498/5155 KB   4501/5155 KB   4504/5155 KB   4508/5155 KB   4512/5155 KB   4516/5155 KB   4520/5155 KB   4524/5155 KB   4526/5155 KB   4530/5155 KB   4532/5155 KB   4536/5155 KB   4540/5155 KB   4544/5155 KB   4548/5155 KB   4552/5155 KB   4556/5155 KB   4560/5155 KB   4564/5155 KB   4568/5155 KB   4572/5155 KB   4576/5155 KB   4580/5155 KB   4580/5155 KB   4583/5155 KB   4586/5155 KB   4589/5155 KB   4593/5155 KB   4597/5155 KB   4600/5155 KB   4604/5155 KB   4608/5155 KB   4611/5155 KB   4614/5155 KB   4617/5155 KB   4620/5155 KB   4623/5155 KB   4627/5155 KB   4631/5155 KB   4635/5155 KB   4639/5155 KB   4643/5155 KB   4647/5155 KB   4651/5155 KB   4652/5155 KB   4656/5155 KB   4660/5155 KB   4664/5155 KB   4668/5155 KB   4672/5155 KB   4676/5155 KB   4680/5155 KB   4684/5155 KB   4688/5155 KB   4692/5155 KB   4696/5155 KB   4700/5155 KB   4700/5155 KB   4703/5155 KB   4706/5155 KB   4710/5155 KB   4714/5155 KB   4718/5155 KB   4722/5155 KB   4726/5155 KB   4730/5155 KB   4732/5155 KB   4733/5155 KB   4734/5155 KB   4737/5155 KB   4740/5155 KB   4743/5155 KB   4746/5155 KB   4750/5155 KB   4754/5155 KB   4758/5155 KB   4762/5155 KB   4766/5155 KB   4768/5155 KB   4771/5155 KB   4775/5155 KB   4779/5155 KB   4783/5155 KB   4787/5155 KB   4791/5155 KB   4795/5155 KB   4799/5155 KB   4803/5155 KB   4807/5155 KB   4811/5155 KB   4815/5155 KB   4819/5155 KB   4819/5155 KB   4822/5155 KB   4825/5155 KB   4829/5155 KB   4833/5155 KB   4837/5155 KB   4841/5155 KB   4845/5155 KB   4849/5155 KB   4850/5155 KB   4853/5155 KB   4857/5155 KB   4859/5155 KB   4862/5155 KB   4864/5155 KB   4868/5155 KB   4872/5155 KB   4876/5155 KB   4880/5155 KB   4884/5155 KB   4888/5155 KB   4890/5155 KB   4894/5155 KB   4894/5155 KB   4898/5155 KB   4902/5155 KB   4906/5155 KB   4910/5155 KB   4911/5155 KB   4915/5155 KB   4919/5155 KB   4923/5155 KB   4927/5155 KB   4931/5155 KB   4935/5155 KB   4938/5155 KB   4941/5155 KB   4944/5155 KB   4946/5155 KB   4950/5155 KB   4954/5155 KB   4958/5155 KB   4961/5155 KB   4965/5155 KB   4969/5155 KB   4969/5155 KB   4972/5155 KB   4976/5155 KB   4978/5155 KB   4979/5155 KB   4980/5155 KB   4983/5155 KB   4987/5155 KB   4989/5155 KB   4993/5155 KB   4997/5155 KB   5001/5155 KB   5005/5155 KB   5009/5155 KB   5010/5155 KB   5014/5155 KB   5017/5155 KB   5021/5155 KB   5024/5155 KB   5028/5155 KB   5030/5155 KB   5034/5155 KB   5038/5155 KB   5042/5155 KB   5044/5155 KB   5048/5155 KB   5052/5155 KB   5056/5155 KB   5058/5155 KB   5062/5155 KB   5062/5155 KB   5065/5155 KB   5068/5155 KB   5072/5155 KB   5076/5155 KB   5080/5155 KB   5082/5155 KB   5086/5155 KB   5090/5155 KB   5091/5155 KB   5094/5155 KB   5098/5155 KB   5099/5155 KB   5102/5155 KB   5105/5155 KB   5109/5155 KB   5113/5155 KB   5117/5155 KB   5121/5155 KB   5125/5155 KB   5129/5155 KB   5130/5155 KB   5134/5155 KB   5138/5155 KB   5142/5155 KB   5144/5155 KB   5148/5155 KB   5150/5155 KB   5154/5155 KB   5155/5155 KB                  Downloaded: http://repo.maven.apache.org/maven2/org/hibernate/hibernate-core/4.3.9.Final/hibernate-core-4.3.9.Final.jar (5155 KB at 5048.2 KB/sec)
[INFO] 
[INFO] --- maven-clean-plugin:2.5:clean (default-clean) @ spring-data-jpa ---
[INFO] 
[INFO] --- maven-dependency-plugin:2.8:list (default-cli) @ spring-data-jpa ---
[INFO] 
[INFO] The following files have been resolved:
[INFO]    antlr:antlr:jar:2.7.7:compile
[INFO]    aopalliance:aopalliance:jar:1.0:compile
[INFO]    ch.qos.logback:logback-classic:jar:1.1.2:test
[INFO]    ch.qos.logback:logback-core:jar:1.1.2:test
[INFO]    com.google.code.findbugs:jsr305:jar:1.3.9:compile
[INFO]    com.google.guava:guava:jar:17.0:test
[INFO]    com.infradna.tool:bridge-method-annotation:jar:1.13:compile
[INFO]    com.mysema.codegen:codegen:jar:0.6.5:provided
[INFO]    com.mysema.commons:mysema-commons-lang:jar:0.2.4:compile
[INFO]    com.mysema.querydsl:querydsl-apt:jar:3.6.2:provided
[INFO]    com.mysema.querydsl:querydsl-codegen:jar:3.6.2:provided
[INFO]    com.mysema.querydsl:querydsl-core:jar:3.6.2:compile
[INFO]    com.mysema.querydsl:querydsl-jpa:jar:3.6.2:compile
[INFO]    commons-collections:commons-collections:jar:3.2.1:compile
[INFO]    commons-lang:commons-lang:jar:2.4:compile
[INFO]    commons-pool:commons-pool:jar:1.5.4:compile
[INFO]    dom4j:dom4j:jar:1.6.1:compile
[INFO]    javax.annotation:jsr250-api:jar:1.0:provided
[INFO]    javax.el:el-api:jar:1.0:test
[INFO]    javax.enterprise:cdi-api:jar:1.0:provided
[INFO]    javax.inject:javax.inject:jar:1:provided
[INFO]    javax.servlet:javax.servlet-api:jar:3.0.1:test
[INFO]    joda-time:joda-time:jar:2.7:compile
[INFO]    junit:junit:jar:4.12:test
[INFO]    net.sourceforge.serp:serp:jar:1.14.1:compile
[INFO]    org.apache.geronimo.specs:geronimo-atinject_1.0_spec:jar:1.0:test
[INFO]    org.apache.geronimo.specs:geronimo-jcdi_1.0_spec:jar:1.0:test
[INFO]    org.apache.geronimo.specs:geronimo-jms_1.1_spec:jar:1.1.1:compile
[INFO]    org.apache.geronimo.specs:geronimo-jpa_2.0_spec:jar:1.1:compile
[INFO]    org.apache.geronimo.specs:geronimo-jta_1.1_spec:jar:1.1.1:compile
[INFO]    org.apache.openjpa:openjpa-jdbc:jar:2.3.0:compile
[INFO]    org.apache.openjpa:openjpa-kernel:jar:2.3.0:compile
[INFO]    org.apache.openjpa:openjpa-lib:jar:2.3.0:compile
[INFO]    org.apache.openjpa:openjpa-persistence-jdbc:jar:2.3.0:compile
[INFO]    org.apache.openjpa:openjpa-persistence:jar:2.3.0:compile
[INFO]    org.apache.openwebbeans.test:cditest-owb:jar:1.2.7:test
[INFO]    org.apache.openwebbeans.test:cditest:jar:1.2.7:test
[INFO]    org.apache.openwebbeans:openwebbeans-impl:jar:1.2.7:test
[INFO]    org.apache.openwebbeans:openwebbeans-spi:jar:1.2.7:test
[INFO]    org.apache.xbean:xbean-asm4-shaded:jar:3.14:compile
[INFO]    org.apache.xbean:xbean-asm5-shaded:jar:4.1:test
[INFO]    org.apache.xbean:xbean-finder-shaded:jar:4.1:test
[INFO]    org.aspectj:aspectjrt:jar:1.8.5:compile
[INFO]    org.aspectj:aspectjweaver:jar:1.8.5:test
[INFO]    org.eclipse.jdt.core.compiler:ecj:jar:4.3.1:provided
[INFO]    org.eclipse.persistence:javax.persistence:jar:2.1.0:compile
[INFO]    org.eclipse.persistence:org.eclipse.persistence.antlr:jar:2.5.2:compile
[INFO]    org.eclipse.persistence:org.eclipse.persistence.asm:jar:2.5.2:compile
[INFO]    org.eclipse.persistence:org.eclipse.persistence.core:jar:2.5.2:compile
[INFO]    org.eclipse.persistence:org.eclipse.persistence.jpa.jpql:jar:2.5.2:compile
[INFO]    org.eclipse.persistence:org.eclipse.persistence.jpa:jar:2.5.2:compile
[INFO]    org.hamcrest:hamcrest-core:jar:1.3:test
[INFO]    org.hamcrest:hamcrest-library:jar:1.3:test
[INFO]    org.hibernate.common:hibernate-commons-annotations:jar:4.0.5.Final:compile
[INFO]    org.hibernate.javax.persistence:hibernate-jpa-2.1-api:jar:1.0.0.Final:compile
[INFO]    org.hibernate:hibernate-core:jar:4.3.9.Final:compile
[INFO]    org.hibernate:hibernate-entitymanager:jar:4.3.9.Final:compile
[INFO]    org.hsqldb:hsqldb:jar:2.2.8:test
[INFO]    org.javassist:javassist:jar:3.18.1-GA:compile
[INFO]    org.jboss.interceptor:jboss-interceptor-api:jar:1.1:provided
[INFO]    org.jboss.logging:jboss-logging-annotations:jar:1.2.0.Beta1:compile
[INFO]    org.jboss.logging:jboss-logging:jar:3.1.3.GA:compile
[INFO]    org.jboss.spec.javax.transaction:jboss-transaction-api_1.2_spec:jar:1.0.0.Final:compile
[INFO]    org.jboss:jandex:jar:1.1.0.Final:compile
[INFO]    org.mockito:mockito-core:jar:1.10.19:test
[INFO]    org.objenesis:objenesis:jar:2.1:test
[INFO]    org.slf4j:jcl-over-slf4j:jar:1.7.10:runtime
[INFO]    org.slf4j:slf4j-api:jar:1.7.10:compile
[INFO]    org.springframework.data:spring-data-commons:jar:1.10.1.BUILD-SNAPSHOT:compile
[INFO]    org.springframework:spring-aop:jar:4.0.9.RELEASE:compile
[INFO]    org.springframework:spring-aspects:jar:4.0.9.RELEASE:compile
[INFO]    org.springframework:spring-beans:jar:4.0.9.RELEASE:compile
[INFO]    org.springframework:spring-context:jar:4.0.9.RELEASE:compile
[INFO]    org.springframework:spring-core:jar:4.0.9.RELEASE:compile
[INFO]    org.springframework:spring-expression:jar:4.0.9.RELEASE:compile
[INFO]    org.springframework:spring-instrument:jar:4.0.9.RELEASE:provided
[INFO]    org.springframework:spring-jdbc:jar:4.0.9.RELEASE:compile
[INFO]    org.springframework:spring-orm:jar:4.0.9.RELEASE:compile
[INFO]    org.springframework:spring-test:jar:4.0.9.RELEASE:test
[INFO]    org.springframework:spring-tx:jar:4.0.9.RELEASE:compile
[INFO]    org.threeten:threetenbp:jar:1.2:compile
[INFO]    xml-apis:xml-apis:jar:1.0.b2:compile
[INFO] 
[INFO] 
[INFO] --- apt-maven-plugin:1.1.3:process (sources) @ spring-data-jpa ---
[INFO] 
[INFO] --- maven-resources-plugin:2.6:resources (default-resources) @ spring-data-jpa ---
[INFO] Using 'UTF-8' encoding to copy filtered resources.
[INFO] Copying 13 resources
[INFO] 
[INFO] --- maven-compiler-plugin:3.1:compile (default-compile) @ spring-data-jpa ---
[INFO] Changes detected - recompiling the module!
[INFO] Compiling 98 source files to /home/travis/build/spring-projects/spring-data-jpa/target/classes
[WARNING] /home/travis/build/spring-projects/spring-data-jpa/src/main/java/org/springframework/data/jpa/provider/PersistenceProvider.java: /home/travis/build/spring-projects/spring-data-jpa/src/main/java/org/springframework/data/jpa/provider/PersistenceProvider.java uses or overrides a deprecated API.
[WARNING] /home/travis/build/spring-projects/spring-data-jpa/src/main/java/org/springframework/data/jpa/provider/PersistenceProvider.java: Recompile with -Xlint:deprecation for details.
[WARNING] /home/travis/build/spring-projects/spring-data-jpa/target/generated-sources/annotations/org/springframework/data/jpa/domain/QAbstractPersistable.java: Some input files use unchecked or unsafe operations.
[WARNING] /home/travis/build/spring-projects/spring-data-jpa/target/generated-sources/annotations/org/springframework/data/jpa/domain/QAbstractPersistable.java: Recompile with -Xlint:unchecked for details.
[INFO] 
[INFO] --- com.springsource.bundlor.maven:1.0.0.RELEASE:bundlor (bundlor) @ spring-data-jpa ---
Manifest written to '/home/travis/build/spring-projects/spring-data-jpa/target/classes/META-INF/MANIFEST.MF'
[INFO] 
[INFO] --- aspectj-maven-plugin:1.6:compile (default) @ spring-data-jpa ---
[INFO] 
[INFO] --- apt-maven-plugin:1.1.3:test-process (test-sources) @ spring-data-jpa ---
[INFO] 
[INFO] --- maven-resources-plugin:2.6:testResources (default-testResources) @ spring-data-jpa ---
[INFO] Using 'UTF-8' encoding to copy filtered resources.
[INFO] Copying 33 resources
[INFO] 
[INFO] --- maven-compiler-plugin:3.1:testCompile (default-testCompile) @ spring-data-jpa ---
[INFO] Changes detected - recompiling the module!
[INFO] Compiling 296 source files to /home/travis/build/spring-projects/spring-data-jpa/target/test-classes
[WARNING] /home/travis/build/spring-projects/spring-data-jpa/src/test/java/org/springframework/data/jpa/repository/query/PartTreeJpaQueryIntegrationTests.java: Some input files use or override a deprecated API.
[WARNING] /home/travis/build/spring-projects/spring-data-jpa/src/test/java/org/springframework/data/jpa/repository/query/PartTreeJpaQueryIntegrationTests.java: Recompile with -Xlint:deprecation for details.
[INFO] 
[INFO] --- maven-surefire-plugin:2.12:test (default-test) @ spring-data-jpa ---
[INFO] Surefire report directory: /home/travis/build/spring-projects/spring-data-jpa/target/surefire-reports

-------------------------------------------------------
 T E S T S
-------------------------------------------------------

Results :

Tests run: 0, Failures: 0, Errors: 0, Skipped: 0

[INFO] 
[INFO] --- maven-surefire-plugin:2.12:test (unit-tests) @ spring-data-jpa ---
[INFO] Surefire report directory: /home/travis/build/spring-projects/spring-data-jpa/target/surefire-reports

-------------------------------------------------------
 T E S T S
-------------------------------------------------------
Running org.springframework.data.jpa.repository.support.JpaEntityInformationSupportUnitTests
Tests run: 2, Failures: 0, Errors: 0, Skipped: 0, Time elapsed: 0.733 sec
Running org.springframework.data.jpa.repository.support.EntityManagerBeanDefinitionRegistratPostProcessorUnitTests
Tests run: 1, Failures: 0, Errors: 0, Skipped: 0, Time elapsed: 0.458 sec
Running org.springframework.data.jpa.repository.support.JpaRepositoryFactoryBeanUnitTests
Tests run: 4, Failures: 0, Errors: 0, Skipped: 0, Time elapsed: 0.146 sec
Running org.springframework.data.jpa.repository.support.SimpleJpaRepositoryUnitTests
Tests run: 3, Failures: 0, Errors: 0, Skipped: 0, Time elapsed: 0.648 sec
Running org.springframework.data.jpa.repository.support.JpaRepositoryFactoryUnitTests
Tests run: 7, Failures: 0, Errors: 0, Skipped: 0, Time elapsed: 0.713 sec
Running org.springframework.data.jpa.repository.support.JpaPersistableEntityInformationUnitTests
Tests run: 1, Failures: 0, Errors: 0, Skipped: 0, Time elapsed: 0.042 sec
Running org.springframework.data.jpa.repository.support.EntityManagerFactoryRefUnitTests
Tests run: 1, Failures: 0, Errors: 0, Skipped: 0, Time elapsed: 1.23 sec
Running org.springframework.data.jpa.repository.support.JpaMetamodelEntityInformationUnitTests
Tests run: 1, Failures: 0, Errors: 0, Skipped: 0, Time elapsed: 0.06 sec
Running org.springframework.data.jpa.repository.support.CrudMethodMetadataPopulatingMethodInterceptorUnitTests
Tests run: 1, Failures: 0, Errors: 0, Skipped: 0, Time elapsed: 0.008 sec
Running org.springframework.data.jpa.repository.query.SimpleJpaQueryUnitTests
Tests run: 9, Failures: 0, Errors: 0, Skipped: 0, Time elapsed: 0.195 sec
Running org.springframework.data.jpa.repository.query.ParameterBinderUnitTests
Tests run: 14, Failures: 0, Errors: 0, Skipped: 0, Time elapsed: 0.095 sec
Running org.springframework.data.jpa.repository.query.JpaQueryExecutionUnitTests
Tests run: 8, Failures: 0, Errors: 0, Skipped: 0, Time elapsed: 0.054 sec
Running org.springframework.data.jpa.repository.query.JpaQueryLookupStrategyUnitTests
Tests run: 2, Failures: 0, Errors: 0, Skipped: 0, Time elapsed: 0.033 sec
Running org.springframework.data.jpa.repository.query.JpaParametersUnitTests
Tests run: 1, Failures: 0, Errors: 0, Skipped: 0, Time elapsed: 0.008 sec
Running org.springframework.data.jpa.repository.query.ExpressionBasedStringQueryUnitTests
Tests run: 2, Failures: 0, Errors: 0, Skipped: 0, Time elapsed: 0.101 sec
Running org.springframework.data.jpa.repository.query.StringQueryUnitTests
Tests run: 18, Failures: 0, Errors: 0, Skipped: 0, Time elapsed: 0.062 sec
Running org.springframework.data.jpa.repository.query.JpaQueryMethodUnitTests
Tests run: 25, Failures: 0, Errors: 0, Skipped: 0, Time elapsed: 0.15 sec
Running org.springframework.data.jpa.repository.query.LikeBindingUnitTests
Tests run: 8, Failures: 0, Errors: 0, Skipped: 0, Time elapsed: 0.035 sec
Running org.springframework.data.jpa.repository.query.StoredProcedureAttributeSourceUnitTests
Tests run: 6, Failures: 0, Errors: 0, Skipped: 0, Time elapsed: 0.052 sec
Running org.springframework.data.jpa.repository.query.StoredProcedureAttributesUnitTests
Tests run: 1, Failures: 0, Errors: 0, Skipped: 0, Time elapsed: 0.003 sec
Running org.springframework.data.jpa.repository.query.QueryUtilsUnitTests
Tests run: 23, Failures: 0, Errors: 0, Skipped: 0, Time elapsed: 0.046 sec
Running org.springframework.data.jpa.repository.query.NamedQueryUnitTests
Tests run: 2, Failures: 0, Errors: 0, Skipped: 0, Time elapsed: 0.028 sec
Running org.springframework.data.jpa.repository.cdi.JpaRepositoryExtensionUnitTests
Tests run: 3, Failures: 0, Errors: 0, Skipped: 0, Time elapsed: 0.037 sec
Running org.springframework.data.jpa.repository.config.JpaRepositoryConfigExtensionUnitTests
Tests run: 4, Failures: 0, Errors: 0, Skipped: 0, Time elapsed: 0.118 sec
Running org.springframework.data.jpa.repository.config.JpaAuditingRegistrarUnitTests
Tests run: 2, Failures: 0, Errors: 0, Skipped: 0, Time elapsed: 0.024 sec
Running org.springframework.data.jpa.repository.config.JpaRepositoriesRegistrarUnitTests
Tests run: 1, Failures: 0, Errors: 0, Skipped: 0, Time elapsed: 0.826 sec
Running org.springframework.data.jpa.repository.CrudMethodMetadataUnitTests
Tests run: 3, Failures: 0, Errors: 0, Skipped: 0, Time elapsed: 0.495 sec
Running org.springframework.data.jpa.support.MergingPersistenceUnitManagerUnitTests
Tests run: 5, Failures: 0, Errors: 0, Skipped: 0, Time elapsed: 0.14 sec
Running org.springframework.data.jpa.support.ClasspathScanningPersistenceUnitPostProcessorUnitTests
Tests run: 8, Failures: 0, Errors: 0, Skipped: 0, Time elapsed: 0.072 sec
Running org.springframework.data.jpa.domain.support.AuditingNamespaceUnitTests
Tests run: 5, Failures: 0, Errors: 0, Skipped: 0, Time elapsed: 1.957 sec
Running org.springframework.data.jpa.domain.support.AuditingBeanFactoryPostProcessorUnitTests
Tests run: 4, Failures: 0, Errors: 0, Skipped: 0, Time elapsed: 0.605 sec
Running org.springframework.data.jpa.domain.support.AnnotationAuditingBeanFactoryPostProcessorUnitTests
Tests run: 4, Failures: 0, Errors: 0, Skipped: 0, Time elapsed: 0.207 sec
Running org.springframework.data.jpa.domain.SpecificationsUnitTests
Tests run: 8, Failures: 0, Errors: 0, Skipped: 0, Time elapsed: 0.402 sec
Running org.springframework.data.jpa.mapping.JpaPersistentPropertyImplUnitTests
Tests run: 14, Failures: 0, Errors: 0, Skipped: 0, Time elapsed: 0.389 sec
Running org.springframework.data.jpa.provider.PersistenceProviderUnitTests
Tests run: 5, Failures: 0, Errors: 0, Skipped: 0, Time elapsed: 0.357 sec

Results :

Tests run: 206, Failures: 0, Errors: 0, Skipped: 0

[INFO] 
[INFO] --- maven-surefire-plugin:2.12:test (integration-tests) @ spring-data-jpa ---
[INFO] Surefire report directory: /home/travis/build/spring-projects/spring-data-jpa/target/surefire-reports

-------------------------------------------------------
 T E S T S
-------------------------------------------------------
Running org.springframework.data.jpa.repository.support.EntityManagerBeanDefinitionRegistrarPostProcessorIntegrationTests
Tests run: 1, Failures: 0, Errors: 0, Skipped: 0, Time elapsed: 9.35 sec
Running org.springframework.data.jpa.repository.support.TransactionalRepositoryTests
Tests run: 5, Failures: 0, Errors: 0, Skipped: 0, Time elapsed: 6.155 sec
Running org.springframework.data.jpa.repository.support.JpaMetamodelEntityInformationIntegrationTests
Tests run: 14, Failures: 0, Errors: 0, Skipped: 1, Time elapsed: 4.539 sec
Running org.springframework.data.jpa.repository.support.QueryDslJpaRepositoryTests
Tests run: 17, Failures: 0, Errors: 0, Skipped: 0, Time elapsed: 1.132 sec
Running org.springframework.data.jpa.repository.support.MailMessageRepositoryIntegrationTests
Tests run: 4, Failures: 0, Errors: 0, Skipped: 0, Time elapsed: 4.134 sec
Running org.springframework.data.jpa.repository.support.JavaConfigDefaultTransactionDisablingIntegrationTests
Tests run: 3, Failures: 0, Errors: 0, Skipped: 0, Time elapsed: 6.559 sec
Running org.springframework.data.jpa.repository.support.XmlConfigDefaultTransactionDisablingIntegrationTests
Tests run: 3, Failures: 0, Errors: 0, Skipped: 0, Time elapsed: 4.3 sec
Running org.springframework.data.jpa.repository.support.QueryDslRepositorySupportTests
Tests run: 4, Failures: 0, Errors: 0, Skipped: 0, Time elapsed: 0.291 sec
Running org.springframework.data.jpa.repository.support.QueryDslRepositorySupportIntegrationTests
Tests run: 2, Failures: 0, Errors: 0, Skipped: 0, Time elapsed: 1.103 sec
Running org.springframework.data.jpa.repository.support.JpaRepositoryTests
Tests run: 4, Failures: 0, Errors: 0, Skipped: 0, Time elapsed: 0.205 sec
Running org.springframework.data.jpa.repository.support.QuerydslIntegrationTests
Tests run: 1, Failures: 0, Errors: 0, Skipped: 0, Time elapsed: 0.027 sec
Running org.springframework.data.jpa.repository.support.EntityManagerFactoryRefTests
Tests run: 2, Failures: 0, Errors: 0, Skipped: 0, Time elapsed: 5.265 sec
Running org.springframework.data.jpa.repository.query.PartTreeJpaQueryIntegrationTests
Tests run: 4, Failures: 0, Errors: 0, Skipped: 0, Time elapsed: 0.101 sec
Running org.springframework.data.jpa.repository.query.ParameterExpressionProviderTests
Tests run: 1, Failures: 0, Errors: 0, Skipped: 0, Time elapsed: 0.013 sec
Running org.springframework.data.jpa.repository.query.QueryUtilsIntegrationTests
Tests run: 5, Failures: 0, Errors: 0, Skipped: 0, Time elapsed: 0.469 sec
Running org.springframework.data.jpa.repository.query.AbstractJpaQueryTests
Tests run: 5, Failures: 0, Errors: 0, Skipped: 0, Time elapsed: 1.085 sec
Running org.springframework.data.jpa.repository.cdi.CdiExtensionIntegrationTests
May 12, 2015 1:02:24 PM org.apache.webbeans.lifecycle.AbstractLifeCycle bootstrapApplication
INFO: OpenWebBeans Container is starting...
May 12, 2015 1:02:24 PM org.apache.webbeans.corespi.scanner.AbstractMetaDataDiscovery addWebBeansXmlLocation
INFO: added beans.xml marker: file:/home/travis/build/spring-projects/spring-data-jpa/target/test-classes/META-INF/beans.xml
May 12, 2015 1:02:28 PM org.apache.webbeans.config.BeansDeployer validateInjectionPoints
INFO: All injection points were validated successfully.
May 12, 2015 1:02:29 PM org.apache.webbeans.lifecycle.AbstractLifeCycle bootstrapApplication
INFO: OpenWebBeans Container has started, it took [5452] ms.
Tests run: 4, Failures: 0, Errors: 0, Skipped: 0, Time elapsed: 6.054 sec
Running org.springframework.data.jpa.repository.StoredProcedureIntegrationTests
Tests run: 12, Failures: 0, Errors: 0, Skipped: 4, Time elapsed: 2.505 sec
Running org.springframework.data.jpa.repository.UserRepositoryFinderTests
Tests run: 12, Failures: 0, Errors: 0, Skipped: 0, Time elapsed: 3.531 sec
Running org.springframework.data.jpa.repository.RoleRepositoryIntegrationTests
Tests run: 5, Failures: 0, Errors: 0, Skipped: 0, Time elapsed: 3.179 sec
Running org.springframework.data.jpa.repository.config.JpaRepositoryConfigDefinitionParserTests
Tests run: 1, Failures: 0, Errors: 0, Skipped: 0, Time elapsed: 0.377 sec
Running org.springframework.data.jpa.repository.config.JpaRepositoriesRegistrarIntegrationTests
Tests run: 2, Failures: 0, Errors: 0, Skipped: 0, Time elapsed: 1.86 sec
Running org.springframework.data.jpa.repository.config.RepositoryConfigTests
Tests run: 3, Failures: 0, Errors: 0, Skipped: 0, Time elapsed: 0.015 sec
Running org.springframework.data.jpa.repository.config.ExplicitAuditingViaJavaConfigRepositoriesTests
Tests run: 1, Failures: 0, Errors: 0, Skipped: 0, Time elapsed: 2.406 sec
Running org.springframework.data.jpa.repository.config.RepositoriesJavaConfigTests
Tests run: 1, Failures: 0, Errors: 0, Skipped: 0, Time elapsed: 2.434 sec
Running org.springframework.data.jpa.repository.config.AuditingBeanDefinitionParserTests
Tests run: 4, Failures: 0, Errors: 0, Skipped: 0, Time elapsed: 0.487 sec
Running org.springframework.data.jpa.repository.config.NestedRepositoriesJavaConfigTests
Tests run: 1, Failures: 0, Errors: 0, Skipped: 0, Time elapsed: 2.028 sec
Running org.springframework.data.jpa.repository.config.DefaultAuditingViaJavaConfigRepositoriesTests
Tests run: 1, Failures: 0, Errors: 0, Skipped: 0, Time elapsed: 1.75 sec
Running org.springframework.data.jpa.repository.config.AllowNestedRepositoriesRepositoryConfigTests
Tests run: 4, Failures: 0, Errors: 0, Skipped: 0, Time elapsed: 2.878 sec
Running org.springframework.data.jpa.repository.config.CustomRepositoryFactoryConfigTests
Tests run: 3, Failures: 0, Errors: 0, Skipped: 0, Time elapsed: 1.691 sec
Running org.springframework.data.jpa.repository.config.RepositoryAutoConfigTests
Tests run: 3, Failures: 0, Errors: 0, Skipped: 0, Time elapsed: 2.624 sec
Running org.springframework.data.jpa.repository.config.QueryLookupStrategyTests
Tests run: 1, Failures: 0, Errors: 0, Skipped: 0, Time elapsed: 1.27 sec
Running org.springframework.data.jpa.repository.config.TypeFilterConfigTests
Tests run: 3, Failures: 0, Errors: 0, Skipped: 0, Time elapsed: 1.087 sec
Running org.springframework.data.jpa.repository.CustomAbstractPersistableIntegrationTests
Tests run: 1, Failures: 0, Errors: 0, Skipped: 0, Time elapsed: 0.006 sec
Running org.springframework.data.jpa.repository.JavaConfigUserRepositoryTests
Tests run: 134, Failures: 0, Errors: 0, Skipped: 2, Time elapsed: 7.866 sec
Running org.springframework.data.jpa.repository.UserRepositoryTests
Tests run: 133, Failures: 0, Errors: 0, Skipped: 2, Time elapsed: 3.505 sec
Running org.springframework.data.jpa.repository.EntityGraphRepositoryMethodsIntegrationTests
Tests run: 2, Failures: 0, Errors: 0, Skipped: 0, Time elapsed: 0.039 sec
Running org.springframework.data.jpa.repository.UserRepositoryStoredProcedureTests
Tests run: 5, Failures: 0, Errors: 0, Skipped: 2, Time elapsed: 0.028 sec
Running org.springframework.data.jpa.repository.ParentRepositoryIntegrationTests
Tests run: 2, Failures: 0, Errors: 0, Skipped: 0, Time elapsed: 0.096 sec
Running org.springframework.data.jpa.repository.RepositoryWithCompositeKeyTests
Tests run: 8, Failures: 0, Errors: 0, Skipped: 0, Time elapsed: 0.188 sec
Running org.springframework.data.jpa.repository.NamespaceUserRepositoryTests
Tests run: 134, Failures: 0, Errors: 0, Skipped: 2, Time elapsed: 2.615 sec
Running org.springframework.data.jpa.repository.AbstractPersistableIntegrationTests
Tests run: 1, Failures: 0, Errors: 0, Skipped: 0, Time elapsed: 0.003 sec
Running org.springframework.data.jpa.repository.SPR8954Tests
Tests run: 1, Failures: 0, Errors: 0, Skipped: 0, Time elapsed: 0.003 sec
Running org.springframework.data.jpa.repository.RedeclaringRepositoryMethodsTests
Tests run: 2, Failures: 0, Errors: 0, Skipped: 0, Time elapsed: 0.007 sec
Running org.springframework.data.jpa.repository.ORMInfrastructureTests
Tests run: 1, Failures: 0, Errors: 0, Skipped: 0, Time elapsed: 0.003 sec
Running org.springframework.data.jpa.repository.MappedTypeRepositoryIntegrationTests
Tests run: 2, Failures: 0, Errors: 0, Skipped: 0, Time elapsed: 0.062 sec
Running org.springframework.data.jpa.repository.SimpleJpaParameterBindingTests
Tests run: 2, Failures: 0, Errors: 0, Skipped: 1, Time elapsed: 0.003 sec
Running org.springframework.data.jpa.domain.support.AuditingEntityListenerTests
Tests run: 4, Failures: 0, Errors: 0, Skipped: 0, Time elapsed: 1.725 sec
Running org.springframework.data.jpa.domain.JpaSortTests
Tests run: 17, Failures: 0, Errors: 0, Skipped: 0, Time elapsed: 0.008 sec
Running org.springframework.data.jpa.infrastructure.HibernateMetamodelIntegrationTests
Tests run: 3, Failures: 0, Errors: 0, Skipped: 2, Time elapsed: 0.004 sec
Running org.springframework.data.jpa.convert.threetenbp.ThreeTenBackPortJpaConvertersIntegrationTests
Tests run: 1, Failures: 0, Errors: 0, Skipped: 0, Time elapsed: 0.632 sec
Running org.springframework.data.jpa.convert.threeten.Jsr310JpaConvertersIntegrationTests
Tests run: 1, Failures: 0, Errors: 0, Skipped: 0, Time elapsed: 0.864 sec
Running org.springframework.data.jpa.mapping.JpaMetamodelMappingContextIntegrationTests
Tests run: 6, Failures: 0, Errors: 0, Skipped: 0, Time elapsed: 0.453 sec
Running org.springframework.data.jpa.provider.PersistenceProviderIntegrationTests
Tests run: 1, Failures: 0, Errors: 0, Skipped: 0, Time elapsed: 0.768 sec

Results :

Tests run: 597, Failures: 0, Errors: 0, Skipped: 16

[INFO] 
[INFO] --- maven-surefire-plugin:2.12:test (eclipselink-tests) @ spring-data-jpa ---
[INFO] Surefire report directory: /home/travis/build/spring-projects/spring-data-jpa/target/surefire-reports

-------------------------------------------------------
 T E S T S
-------------------------------------------------------
Running org.springframework.data.jpa.repository.support.EclipseLinkJpaMetamodelEntityInformationIntegrationTests
Tests run: 15, Failures: 0, Errors: 0, Skipped: 1, Time elapsed: 4.817 sec
Running org.springframework.data.jpa.repository.support.EclipseLinkJpaRepositoryTests
Tests run: 4, Failures: 0, Errors: 0, Skipped: 0, Time elapsed: 0.607 sec
Running org.springframework.data.jpa.repository.support.EclipseLinkProxyIdAccessorTests
Tests run: 1, Failures: 0, Errors: 0, Skipped: 0, Time elapsed: 2.317 sec
Running org.springframework.data.jpa.repository.query.EclipseLinkQueryUtilsIntegrationTests
Tests run: 5, Failures: 0, Errors: 0, Skipped: 0, Time elapsed: 3.326 sec
Running org.springframework.data.jpa.repository.EclipseLinkEntityGraphRepositoryMethodsIntegrationTests
Tests run: 2, Failures: 0, Errors: 0, Skipped: 0, Time elapsed: 3.581 sec
Running org.springframework.data.jpa.repository.EclipseLinkParentRepositoryIntegrationTests
Tests run: 2, Failures: 0, Errors: 0, Skipped: 0, Time elapsed: 1.604 sec
Running org.springframework.data.jpa.repository.EclipseLinkNamespaceUserRepositoryTests
Tests run: 134, Failures: 0, Errors: 0, Skipped: 2, Time elapsed: 5.965 sec
Running org.springframework.data.jpa.repository.EclipseLinkUserRepositoryFinderTests
Tests run: 12, Failures: 0, Errors: 0, Skipped: 0, Time elapsed: 0.292 sec
Running org.springframework.data.jpa.repository.EclipseLinkStoredProcedureIntegrationTests
Tests run: 12, Failures: 0, Errors: 0, Skipped: 4, Time elapsed: 1.28 sec
Running org.springframework.data.jpa.infrastructure.EclipseLinkMetamodelIntegrationTests
Tests run: 3, Failures: 0, Errors: 0, Skipped: 2, Time elapsed: 0.019 sec

Results :

Tests run: 190, Failures: 0, Errors: 0, Skipped: 9

[INFO] 
[INFO] --- maven-surefire-plugin:2.12:test (openjpa-tests) @ spring-data-jpa ---
[INFO] Surefire report directory: /home/travis/build/spring-projects/spring-data-jpa/target/surefire-reports

-------------------------------------------------------
 T E S T S
-------------------------------------------------------
Running org.springframework.data.jpa.repository.support.OpenJpaMetamodelEntityInformationIntegrationTests
Failed to instantiate [ch.qos.logback.classic.LoggerContext]
Reported exception:
java.lang.LinkageError: loader constraint violation: when resolving method "javax.xml.parsers.SAXParser.parse(Lorg/xml/sax/InputSource;Lorg/xml/sax/helpers/DefaultHandler;)V" the class loader (instance of org/apache/openjpa/lib/util/TemporaryClassLoader) of the current class, ch/qos/logback/core/joran/event/SaxEventRecorder, and the class loader (instance of <bootloader>) for the method's defining class, javax/xml/parsers/SAXParser, have different Class objects for the type org/xml/sax/InputSource used in the signature
	at ch.qos.logback.core.joran.event.SaxEventRecorder.recordEvents(SaxEventRecorder.java:61)
	at ch.qos.logback.core.joran.GenericConfigurator.doConfigure(GenericConfigurator.java:134)
	at ch.qos.logback.core.joran.GenericConfigurator.doConfigure(GenericConfigurator.java:99)
	at ch.qos.logback.core.joran.GenericConfigurator.doConfigure(GenericConfigurator.java:49)
	at ch.qos.logback.classic.util.ContextInitializer.configureByResource(ContextInitializer.java:75)
	at ch.qos.logback.classic.util.ContextInitializer.autoConfig(ContextInitializer.java:150)
	at org.slf4j.impl.StaticLoggerBinder.init(StaticLoggerBinder.java:85)
	at org.slf4j.impl.StaticLoggerBinder.<clinit>(StaticLoggerBinder.java:55)
	at org.slf4j.LoggerFactory.bind(LoggerFactory.java:142)
	at org.slf4j.LoggerFactory.performInitialization(LoggerFactory.java:121)
	at org.slf4j.LoggerFactory.getILoggerFactory(LoggerFactory.java:332)
	at org.slf4j.LoggerFactory.getLogger(LoggerFactory.java:284)
	at org.apache.commons.logging.impl.SLF4JLogFactory.getInstance(SLF4JLogFactory.java:155)
	at org.apache.commons.logging.impl.SLF4JLogFactory.getInstance(SLF4JLogFactory.java:132)
	at org.apache.commons.logging.LogFactory.getLog(LogFactory.java:275)
	at org.springframework.beans.factory.wiring.BeanConfigurerSupport.<init>(BeanConfigurerSupport.java:52)
	at org.springframework.beans.factory.aspectj.AnnotationBeanConfigurerAspect.<init>(AnnotationBeanConfigurerAspect.aj:50)
	at org.springframework.beans.factory.aspectj.AnnotationBeanConfigurerAspect.ajc$postClinit(AnnotationBeanConfigurerAspect.aj:1)
	at org.springframework.beans.factory.aspectj.AnnotationBeanConfigurerAspect.<clinit>(AnnotationBeanConfigurerAspect.aj:47)
	at org.springframework.data.jpa.domain.support.AuditingEntityListener.<init>(AuditingEntityListener.java:59)
	at sun.reflect.NativeConstructorAccessorImpl.newInstance0(Native Method)
	at sun.reflect.NativeConstructorAccessorImpl.newInstance(NativeConstructorAccessorImpl.java:62)
	at sun.reflect.DelegatingConstructorAccessorImpl.newInstance(DelegatingConstructorAccessorImpl.java:45)
	at java.lang.reflect.Constructor.newInstance(Constructor.java:408)
	at java.lang.Class.newInstance(Class.java:438)
	at org.apache.openjpa.lib.util.J2DoPrivHelper$11.run(J2DoPrivHelper.java:373)
	at java.security.AccessController.doPrivileged(Native Method)
	at org.apache.openjpa.event.BeanLifecycleCallbacks.newListener(BeanLifecycleCallbacks.java:66)
	at org.apache.openjpa.event.BeanLifecycleCallbacks.<init>(BeanLifecycleCallbacks.java:61)
	at org.apache.openjpa.persistence.AnnotationPersistenceMetaDataParser.parseCallbackMethods(AnnotationPersistenceMetaDataParser.java:1004)
	at org.apache.openjpa.persistence.XMLPersistenceMetaDataParser.startEntityListener(XMLPersistenceMetaDataParser.java:2050)
	at org.apache.openjpa.persistence.XMLPersistenceMetaDataParser.startSystemElement(XMLPersistenceMetaDataParser.java:654)
	at org.apache.openjpa.lib.meta.CFMetaDataParser.startElement(CFMetaDataParser.java:129)
	at org.apache.openjpa.lib.meta.XMLMetaDataParser.startElement(XMLMetaDataParser.java:499)
	at com.sun.org.apache.xerces.internal.parsers.AbstractSAXParser.startElement(AbstractSAXParser.java:509)
	at com.sun.org.apache.xerces.internal.parsers.AbstractXMLDocumentParser.emptyElement(AbstractXMLDocumentParser.java:182)
	at com.sun.org.apache.xerces.internal.impl.xs.XMLSchemaValidator.emptyElement(XMLSchemaValidator.java:780)
	at com.sun.org.apache.xerces.internal.impl.XMLNSDocumentScannerImpl.scanStartElement(XMLNSDocumentScannerImpl.java:356)
	at com.sun.org.apache.xerces.internal.impl.XMLDocumentFragmentScannerImpl$FragmentContentDriver.next(XMLDocumentFragmentScannerImpl.java:2786)
	at com.sun.org.apache.xerces.internal.impl.XMLDocumentScannerImpl.next(XMLDocumentScannerImpl.java:606)
	at com.sun.org.apache.xerces.internal.impl.XMLNSDocumentScannerImpl.next(XMLNSDocumentScannerImpl.java:117)
	at com.sun.org.apache.xerces.internal.impl.XMLDocumentFragmentScannerImpl.scanDocument(XMLDocumentFragmentScannerImpl.java:510)
	at com.sun.org.apache.xerces.internal.parsers.XML11Configuration.parse(XML11Configuration.java:848)
	at com.sun.org.apache.xerces.internal.parsers.XML11Configuration.parse(XML11Configuration.java:777)
	at com.sun.org.apache.xerces.internal.parsers.XMLParser.parse(XMLParser.java:141)
	at com.sun.org.apache.xerces.internal.parsers.AbstractSAXParser.parse(AbstractSAXParser.java:1213)
	at com.sun.org.apache.xerces.internal.jaxp.SAXParserImpl$JAXPSAXParser.parse(SAXParserImpl.java:649)
	at com.sun.org.apache.xerces.internal.jaxp.SAXParserImpl.parse(SAXParserImpl.java:333)
	at org.apache.openjpa.lib.meta.XMLMetaDataParser.parseNewResource(XMLMetaDataParser.java:424)
	at org.apache.openjpa.lib.meta.XMLMetaDataParser.parse(XMLMetaDataParser.java:347)
	at org.apache.openjpa.lib.meta.XMLMetaDataParser.parse(XMLMetaDataParser.java:324)
	at org.apache.openjpa.lib.meta.XMLMetaDataParser.parse(XMLMetaDataParser.java:297)
	at org.apache.openjpa.persistence.XMLPersistenceMetaDataParser.parse(XMLPersistenceMetaDataParser.java:406)
	at org.apache.openjpa.persistence.PersistenceMetaDataFactory.parseXML(PersistenceMetaDataFactory.java:293)
	at org.apache.openjpa.persistence.PersistenceMetaDataFactory.load(PersistenceMetaDataFactory.java:228)
	at org.apache.openjpa.meta.MetaDataRepository.getMetaDataInternal(MetaDataRepository.java:587)
	at org.apache.openjpa.meta.MetaDataRepository.getMetaDataInternal(MetaDataRepository.java:397)
	at org.apache.openjpa.meta.MetaDataRepository.getMetaData(MetaDataRepository.java:389)
	at org.apache.openjpa.enhance.PCEnhancer.<init>(PCEnhancer.java:286)
	at org.apache.openjpa.enhance.PCEnhancer.<init>(PCEnhancer.java:257)
	at org.apache.openjpa.enhance.PCClassFileTransformer.transform0(PCClassFileTransformer.java:146)
	at org.apache.openjpa.enhance.PCClassFileTransformer.transform(PCClassFileTransformer.java:126)
	at sun.instrument.TransformerManager.transform(TransformerManager.java:188)
	at sun.instrument.InstrumentationImpl.transform(InstrumentationImpl.java:428)
	at java.lang.ClassLoader.defineClass1(Native Method)
	at java.lang.ClassLoader.defineClass(ClassLoader.java:760)
	at java.security.SecureClassLoader.defineClass(SecureClassLoader.java:142)
	at java.net.URLClassLoader.defineClass(URLClassLoader.java:455)
	at java.net.URLClassLoader.access$100(URLClassLoader.java:73)
	at java.net.URLClassLoader$1.run(URLClassLoader.java:367)
	at java.net.URLClassLoader$1.run(URLClassLoader.java:361)
	at java.security.AccessController.doPrivileged(Native Method)
	at java.net.URLClassLoader.findClass(URLClassLoader.java:360)
	at java.lang.ClassLoader.loadClass(ClassLoader.java:424)
	at sun.misc.Launcher$AppClassLoader.loadClass(Launcher.java:308)
	at java.lang.ClassLoader.loadClass(ClassLoader.java:357)
	at org.springframework.data.jpa.repository.support.JpaMetamodelEntityInformationIntegrationTests.detectsIdTypeForMappedSuperclass(JpaMetamodelEntityInformationIntegrationTests.java:86)
	at org.springframework.data.jpa.repository.support.OpenJpaMetamodelEntityInformationIntegrationTests.reactivatedDetectsIdTypeForMappedSuperclass(OpenJpaMetamodelEntityInformationIntegrationTests.java:35)
	at sun.reflect.NativeMethodAccessorImpl.invoke0(Native Method)
	at sun.reflect.NativeMethodAccessorImpl.invoke(NativeMethodAccessorImpl.java:62)
	at sun.reflect.DelegatingMethodAccessorImpl.invoke(DelegatingMethodAccessorImpl.java:43)
	at java.lang.reflect.Method.invoke(Method.java:483)
	at org.junit.runners.model.FrameworkMethod$1.runReflectiveCall(FrameworkMethod.java:50)
	at org.junit.internal.runners.model.ReflectiveCallable.run(ReflectiveCallable.java:12)
	at org.junit.runners.model.FrameworkMethod.invokeExplosively(FrameworkMethod.java:47)
	at org.junit.internal.runners.statements.InvokeMethod.evaluate(InvokeMethod.java:17)
	at org.springframework.test.context.junit4.statements.RunBeforeTestMethodCallbacks.evaluate(RunBeforeTestMethodCallbacks.java:74)
	at org.springframework.test.context.junit4.statements.RunAfterTestMethodCallbacks.evaluate(RunAfterTestMethodCallbacks.java:83)
	at org.springframework.test.context.junit4.statements.SpringRepeat.evaluate(SpringRepeat.java:72)
	at org.springframework.test.context.junit4.SpringJUnit4ClassRunner.runChild(SpringJUnit4ClassRunner.java:233)
	at org.springframework.test.context.junit4.SpringJUnit4ClassRunner.runChild(SpringJUnit4ClassRunner.java:87)
	at org.junit.runners.ParentRunner$3.run(ParentRunner.java:290)
	at org.junit.runners.ParentRunner$1.schedule(ParentRunner.java:71)
	at org.junit.runners.ParentRunner.runChildren(ParentRunner.java:288)
	at org.junit.runners.ParentRunner.access$000(ParentRunner.java:58)
	at org.junit.runners.ParentRunner$2.evaluate(ParentRunner.java:268)
	at org.springframework.test.context.junit4.statements.RunBeforeTestClassCallbacks.evaluate(RunBeforeTestClassCallbacks.java:61)
	at org.springframework.test.context.junit4.statements.RunAfterTestClassCallbacks.evaluate(RunAfterTestClassCallbacks.java:71)
	at org.junit.runners.ParentRunner.run(ParentRunner.java:363)
	at org.springframework.test.context.junit4.SpringJUnit4ClassRunner.run(SpringJUnit4ClassRunner.java:176)
	at org.apache.maven.surefire.junit4.JUnit4Provider.execute(JUnit4Provider.java:236)
	at org.apache.maven.surefire.junit4.JUnit4Provider.executeTestSet(JUnit4Provider.java:134)
	at org.apache.maven.surefire.junit4.JUnit4Provider.invoke(JUnit4Provider.java:113)
	at sun.reflect.NativeMethodAccessorImpl.invoke0(Native Method)
	at sun.reflect.NativeMethodAccessorImpl.invoke(NativeMethodAccessorImpl.java:62)
	at sun.reflect.DelegatingMethodAccessorImpl.invoke(DelegatingMethodAccessorImpl.java:43)
	at java.lang.reflect.Method.invoke(Method.java:483)
	at org.apache.maven.surefire.util.ReflectionUtils.invokeMethodWithArray(ReflectionUtils.java:189)
	at org.apache.maven.surefire.booter.ProviderFactory$ProviderProxy.invoke(ProviderFactory.java:165)
	at org.apache.maven.surefire.booter.ProviderFactory.invokeProvider(ProviderFactory.java:85)
	at org.apache.maven.surefire.booter.ForkedBooter.runSuitesInProcess(ForkedBooter.java:103)
	at org.apache.maven.surefire.booter.ForkedBooter.main(ForkedBooter.java:74)
3123  spring-data-jpa  WARN   [main] openjpa.Runtime - Found no persistent property in "org.springframework.data.jpa.domain.sample.CustomAbstractPersistable"
3566  spring-data-jpa  WARN   [main] openjpa.Runtime - Found no persistent property in "org.springframework.data.jpa.domain.sample.ConcreteType1"
3605  spring-data-jpa  WARN   [main] openjpa.Runtime - Found no persistent property in "org.springframework.data.jpa.domain.sample.ConcreteType2"
3921  spring-data-jpa  WARN   [main] openjpa.Runtime - Found no persistent property in "org.springframework.data.jpa.domain.sample.AnnotatedAuditableUser"
4072  spring-data-jpa  WARN   [main] openjpa.Runtime - Found no persistent property in "org.springframework.data.jpa.domain.sample.Account"
4192  spring-data-jpa  WARN   [main] openjpa.Runtime - Found no persistent property in "org.springframework.data.jpa.domain.sample.SpecialUser"
Tests run: 15, Failures: 0, Errors: 0, Skipped: 1, Time elapsed: 3.802 sec
Running org.springframework.data.jpa.repository.support.OpenJpaProxyIdAccessorTests
Tests run: 1, Failures: 0, Errors: 0, Skipped: 0, Time elapsed: 3.789 sec
Running org.springframework.data.jpa.repository.support.OpenJpaJpaRepositoryTests
Tests run: 4, Failures: 0, Errors: 0, Skipped: 0, Time elapsed: 0.775 sec
Running org.springframework.data.jpa.repository.query.OpenJpaQueryUtilsIntegrationTests
Failed to instantiate [ch.qos.logback.classic.LoggerContext]
Reported exception:
java.lang.LinkageError: loader constraint violation: when resolving method "javax.xml.parsers.SAXParser.parse(Lorg/xml/sax/InputSource;Lorg/xml/sax/helpers/DefaultHandler;)V" the class loader (instance of org/apache/openjpa/lib/util/TemporaryClassLoader) of the current class, ch/qos/logback/core/joran/event/SaxEventRecorder, and the class loader (instance of <bootloader>) for the method's defining class, javax/xml/parsers/SAXParser, have different Class objects for the type org/xml/sax/InputSource used in the signature
	at ch.qos.logback.core.joran.event.SaxEventRecorder.recordEvents(SaxEventRecorder.java:61)
	at ch.qos.logback.core.joran.GenericConfigurator.doConfigure(GenericConfigurator.java:134)
	at ch.qos.logback.core.joran.GenericConfigurator.doConfigure(GenericConfigurator.java:99)
	at ch.qos.logback.core.joran.GenericConfigurator.doConfigure(GenericConfigurator.java:49)
	at ch.qos.logback.classic.util.ContextInitializer.configureByResource(ContextInitializer.java:75)
	at ch.qos.logback.classic.util.ContextInitializer.autoConfig(ContextInitializer.java:150)
	at org.slf4j.impl.StaticLoggerBinder.init(StaticLoggerBinder.java:85)
	at org.slf4j.impl.StaticLoggerBinder.<clinit>(StaticLoggerBinder.java:55)
	at org.slf4j.LoggerFactory.bind(LoggerFactory.java:142)
	at org.slf4j.LoggerFactory.performInitialization(LoggerFactory.java:121)
	at org.slf4j.LoggerFactory.getILoggerFactory(LoggerFactory.java:332)
	at org.slf4j.LoggerFactory.getLogger(LoggerFactory.java:284)
	at org.apache.commons.logging.impl.SLF4JLogFactory.getInstance(SLF4JLogFactory.java:155)
	at org.apache.commons.logging.impl.SLF4JLogFactory.getInstance(SLF4JLogFactory.java:132)
	at org.apache.commons.logging.LogFactory.getLog(LogFactory.java:275)
	at org.springframework.beans.factory.wiring.BeanConfigurerSupport.<init>(BeanConfigurerSupport.java:52)
	at org.springframework.beans.factory.aspectj.AnnotationBeanConfigurerAspect.<init>(AnnotationBeanConfigurerAspect.aj:50)
	at org.springframework.beans.factory.aspectj.AnnotationBeanConfigurerAspect.ajc$postClinit(AnnotationBeanConfigurerAspect.aj:1)
	at org.springframework.beans.factory.aspectj.AnnotationBeanConfigurerAspect.<clinit>(AnnotationBeanConfigurerAspect.aj:47)
	at org.springframework.data.jpa.domain.support.AuditingEntityListener.<init>(AuditingEntityListener.java:59)
	at sun.reflect.NativeConstructorAccessorImpl.newInstance0(Native Method)
	at sun.reflect.NativeConstructorAccessorImpl.newInstance(NativeConstructorAccessorImpl.java:62)
	at sun.reflect.DelegatingConstructorAccessorImpl.newInstance(DelegatingConstructorAccessorImpl.java:45)
	at java.lang.reflect.Constructor.newInstance(Constructor.java:408)
	at java.lang.Class.newInstance(Class.java:438)
	at org.apache.openjpa.lib.util.J2DoPrivHelper$11.run(J2DoPrivHelper.java:373)
	at java.security.AccessController.doPrivileged(Native Method)
	at org.apache.openjpa.event.BeanLifecycleCallbacks.newListener(BeanLifecycleCallbacks.java:66)
	at org.apache.openjpa.event.BeanLifecycleCallbacks.<init>(BeanLifecycleCallbacks.java:61)
	at org.apache.openjpa.persistence.AnnotationPersistenceMetaDataParser.parseCallbackMethods(AnnotationPersistenceMetaDataParser.java:1004)
	at org.apache.openjpa.persistence.XMLPersistenceMetaDataParser.startEntityListener(XMLPersistenceMetaDataParser.java:2050)
	at org.apache.openjpa.persistence.XMLPersistenceMetaDataParser.startSystemElement(XMLPersistenceMetaDataParser.java:654)
	at org.apache.openjpa.lib.meta.CFMetaDataParser.startElement(CFMetaDataParser.java:129)
	at org.apache.openjpa.lib.meta.XMLMetaDataParser.startElement(XMLMetaDataParser.java:499)
	at com.sun.org.apache.xerces.internal.parsers.AbstractSAXParser.startElement(AbstractSAXParser.java:509)
	at com.sun.org.apache.xerces.internal.parsers.AbstractXMLDocumentParser.emptyElement(AbstractXMLDocumentParser.java:182)
	at com.sun.org.apache.xerces.internal.impl.xs.XMLSchemaValidator.emptyElement(XMLSchemaValidator.java:780)
	at com.sun.org.apache.xerces.internal.impl.XMLNSDocumentScannerImpl.scanStartElement(XMLNSDocumentScannerImpl.java:356)
	at com.sun.org.apache.xerces.internal.impl.XMLDocumentFragmentScannerImpl$FragmentContentDriver.next(XMLDocumentFragmentScannerImpl.java:2786)
	at com.sun.org.apache.xerces.internal.impl.XMLDocumentScannerImpl.next(XMLDocumentScannerImpl.java:606)
	at com.sun.org.apache.xerces.internal.impl.XMLNSDocumentScannerImpl.next(XMLNSDocumentScannerImpl.java:117)
	at com.sun.org.apache.xerces.internal.impl.XMLDocumentFragmentScannerImpl.scanDocument(XMLDocumentFragmentScannerImpl.java:510)
	at com.sun.org.apache.xerces.internal.parsers.XML11Configuration.parse(XML11Configuration.java:848)
	at com.sun.org.apache.xerces.internal.parsers.XML11Configuration.parse(XML11Configuration.java:777)
	at com.sun.org.apache.xerces.internal.parsers.XMLParser.parse(XMLParser.java:141)
	at com.sun.org.apache.xerces.internal.parsers.AbstractSAXParser.parse(AbstractSAXParser.java:1213)
	at com.sun.org.apache.xerces.internal.jaxp.SAXParserImpl$JAXPSAXParser.parse(SAXParserImpl.java:649)
	at com.sun.org.apache.xerces.internal.jaxp.SAXParserImpl.parse(SAXParserImpl.java:333)
	at org.apache.openjpa.lib.meta.XMLMetaDataParser.parseNewResource(XMLMetaDataParser.java:424)
	at org.apache.openjpa.lib.meta.XMLMetaDataParser.parse(XMLMetaDataParser.java:347)
	at org.apache.openjpa.lib.meta.XMLMetaDataParser.parse(XMLMetaDataParser.java:324)
	at org.apache.openjpa.lib.meta.XMLMetaDataParser.parse(XMLMetaDataParser.java:297)
	at org.apache.openjpa.persistence.XMLPersistenceMetaDataParser.parse(XMLPersistenceMetaDataParser.java:406)
	at org.apache.openjpa.persistence.PersistenceMetaDataFactory.parseXML(PersistenceMetaDataFactory.java:293)
	at org.apache.openjpa.persistence.PersistenceMetaDataFactory.load(PersistenceMetaDataFactory.java:228)
	at org.apache.openjpa.meta.MetaDataRepository.getMetaDataInternal(MetaDataRepository.java:587)
	at org.apache.openjpa.meta.MetaDataRepository.getMetaDataInternal(MetaDataRepository.java:397)
	at org.apache.openjpa.meta.MetaDataRepository.getMetaData(MetaDataRepository.java:389)
	at org.apache.openjpa.enhance.PCEnhancer.<init>(PCEnhancer.java:286)
	at org.apache.openjpa.enhance.PCEnhancer.<init>(PCEnhancer.java:257)
	at org.apache.openjpa.enhance.PCClassFileTransformer.transform0(PCClassFileTransformer.java:146)
	at org.apache.openjpa.enhance.PCClassFileTransformer.transform(PCClassFileTransformer.java:126)
	at sun.instrument.TransformerManager.transform(TransformerManager.java:188)
	at sun.instrument.InstrumentationImpl.transform(InstrumentationImpl.java:428)
	at java.lang.ClassLoader.defineClass1(Native Method)
	at java.lang.ClassLoader.defineClass(ClassLoader.java:760)
	at java.security.SecureClassLoader.defineClass(SecureClassLoader.java:142)
	at java.net.URLClassLoader.defineClass(URLClassLoader.java:455)
	at java.net.URLClassLoader.access$100(URLClassLoader.java:73)
	at java.net.URLClassLoader$1.run(URLClassLoader.java:367)
	at java.net.URLClassLoader$1.run(URLClassLoader.java:361)
	at java.security.AccessController.doPrivileged(Native Method)
	at java.net.URLClassLoader.findClass(URLClassLoader.java:360)
	at java.lang.ClassLoader.loadClass(ClassLoader.java:424)
	at sun.misc.Launcher$AppClassLoader.loadClass(Launcher.java:308)
	at java.lang.ClassLoader.loadClass(ClassLoader.java:357)
	at org.hibernate.boot.registry.classloading.internal.ClassLoaderServiceImpl$AggregatedClassLoader.findClass(ClassLoaderServiceImpl.java:224)
	at java.lang.ClassLoader.loadClass(ClassLoader.java:424)
	at java.lang.ClassLoader.loadClass(ClassLoader.java:357)
	at java.lang.Class.forName0(Native Method)
	at java.lang.Class.forName(Class.java:344)
	at org.hibernate.boot.registry.classloading.internal.ClassLoaderServiceImpl.classForName(ClassLoaderServiceImpl.java:242)
	at org.hibernate.jpa.boot.internal.EntityManagerFactoryBuilderImpl.buildHibernateConfiguration(EntityManagerFactoryBuilderImpl.java:1136)
	at org.hibernate.jpa.boot.internal.EntityManagerFactoryBuilderImpl$4.perform(EntityManagerFactoryBuilderImpl.java:853)
	at org.hibernate.jpa.boot.internal.EntityManagerFactoryBuilderImpl$4.perform(EntityManagerFactoryBuilderImpl.java:850)
	at org.hibernate.boot.registry.classloading.internal.ClassLoaderServiceImpl.withTccl(ClassLoaderServiceImpl.java:425)
	at org.hibernate.jpa.boot.internal.EntityManagerFactoryBuilderImpl.build(EntityManagerFactoryBuilderImpl.java:849)
	at org.hibernate.jpa.HibernatePersistenceProvider.createEntityManagerFactory(HibernatePersistenceProvider.java:75)
	at org.hibernate.ejb.HibernatePersistence.createEntityManagerFactory(HibernatePersistence.java:54)
	at javax.persistence.Persistence.createEntityManagerFactory(Persistence.java:79)
	at javax.persistence.Persistence.createEntityManagerFactory(Persistence.java:54)
	at org.springframework.data.jpa.repository.query.QueryUtilsIntegrationTests.traversesPluralAttributeCorrectly(QueryUtilsIntegrationTests.java:133)
	at sun.reflect.NativeMethodAccessorImpl.invoke0(Native Method)
	at sun.reflect.NativeMethodAccessorImpl.invoke(NativeMethodAccessorImpl.java:62)
	at sun.reflect.DelegatingMethodAccessorImpl.invoke(DelegatingMethodAccessorImpl.java:43)
	at java.lang.reflect.Method.invoke(Method.java:483)
	at org.junit.runners.model.FrameworkMethod$1.runReflectiveCall(FrameworkMethod.java:50)
	at org.junit.internal.runners.model.ReflectiveCallable.run(ReflectiveCallable.java:12)
	at org.junit.runners.model.FrameworkMethod.invokeExplosively(FrameworkMethod.java:47)
	at org.junit.internal.runners.statements.InvokeMethod.evaluate(InvokeMethod.java:17)
	at org.springframework.test.context.junit4.statements.RunBeforeTestMethodCallbacks.evaluate(RunBeforeTestMethodCallbacks.java:74)
	at org.springframework.test.context.junit4.statements.RunAfterTestMethodCallbacks.evaluate(RunAfterTestMethodCallbacks.java:83)
	at org.springframework.test.context.junit4.statements.SpringRepeat.evaluate(SpringRepeat.java:72)
	at org.springframework.test.context.junit4.SpringJUnit4ClassRunner.runChild(SpringJUnit4ClassRunner.java:233)
	at org.springframework.test.context.junit4.SpringJUnit4ClassRunner.runChild(SpringJUnit4ClassRunner.java:87)
	at org.junit.runners.ParentRunner$3.run(ParentRunner.java:290)
	at org.junit.runners.ParentRunner$1.schedule(ParentRunner.java:71)
	at org.junit.runners.ParentRunner.runChildren(ParentRunner.java:288)
	at org.junit.runners.ParentRunner.access$000(ParentRunner.java:58)
	at org.junit.runners.ParentRunner$2.evaluate(ParentRunner.java:268)
	at org.springframework.test.context.junit4.statements.RunBeforeTestClassCallbacks.evaluate(RunBeforeTestClassCallbacks.java:61)
	at org.springframework.test.context.junit4.statements.RunAfterTestClassCallbacks.evaluate(RunAfterTestClassCallbacks.java:71)
	at org.junit.runners.ParentRunner.run(ParentRunner.java:363)
	at org.springframework.test.context.junit4.SpringJUnit4ClassRunner.run(SpringJUnit4ClassRunner.java:176)
	at org.apache.maven.surefire.junit4.JUnit4Provider.execute(JUnit4Provider.java:236)
	at org.apache.maven.surefire.junit4.JUnit4Provider.executeTestSet(JUnit4Provider.java:134)
	at org.apache.maven.surefire.junit4.JUnit4Provider.invoke(JUnit4Provider.java:113)
	at sun.reflect.NativeMethodAccessorImpl.invoke0(Native Method)
	at sun.reflect.NativeMethodAccessorImpl.invoke(NativeMethodAccessorImpl.java:62)
	at sun.reflect.DelegatingMethodAccessorImpl.invoke(DelegatingMethodAccessorImpl.java:43)
	at java.lang.reflect.Method.invoke(Method.java:483)
	at org.apache.maven.surefire.util.ReflectionUtils.invokeMethodWithArray(ReflectionUtils.java:189)
	at org.apache.maven.surefire.booter.ProviderFactory$ProviderProxy.invoke(ProviderFactory.java:165)
	at org.apache.maven.surefire.booter.ProviderFactory.invokeProvider(ProviderFactory.java:85)
	at org.apache.maven.surefire.booter.ForkedBooter.runSuitesInProcess(ForkedBooter.java:103)
	at org.apache.maven.surefire.booter.ForkedBooter.main(ForkedBooter.java:74)
Tests run: 5, Failures: 0, Errors: 0, Skipped: 0, Time elapsed: 2.504 sec
Running org.springframework.data.jpa.repository.OpenJpaStoredProcedureIntegrationTests
Tests run: 1, Failures: 0, Errors: 0, Skipped: 1, Time elapsed: 0.007 sec
Running org.springframework.data.jpa.repository.OpenJpaUserRepositoryFinderTests
Tests run: 12, Failures: 0, Errors: 0, Skipped: 0, Time elapsed: 3.1 sec
Running org.springframework.data.jpa.repository.OpenJpaEntityGraphRepositoryMethodsIntegrationTests
Tests run: 2, Failures: 0, Errors: 0, Skipped: 2, Time elapsed: 2.65 sec
Running org.springframework.data.jpa.repository.OpenJpaParentRepositoryIntegrationTests
Tests run: 2, Failures: 0, Errors: 0, Skipped: 0, Time elapsed: 0.102 sec
Running org.springframework.data.jpa.repository.OpenJpaNamespaceUserRepositoryTests
Tests run: 136, Failures: 0, Errors: 0, Skipped: 3, Time elapsed: 4.326 sec
Running org.springframework.data.jpa.infrastructure.OpenJpaMetamodelIntegrationTests
Tests run: 3, Failures: 0, Errors: 0, Skipped: 1, Time elapsed: 0.028 sec

Results :

Tests run: 181, Failures: 0, Errors: 0, Skipped: 8

[INFO] ------------------------------------------------------------------------
[INFO] BUILD SUCCESS
[INFO] ------------------------------------------------------------------------
[INFO] Total time: 03:27 min
[INFO] Finished at: 2015-05-12T13:04:14+00:00
[INFO] Final Memory: 35M/365M
[INFO] ------------------------------------------------------------------------
travis_time:end:0c52d3f4:start=1431435643979392376,finish=1431435855129793088,duration=211150400712[0K
[32;1mThe command "mvn clean dependency:list test -P${PROFILE} -Dsort" exited with 0.[0m
travis_fold:start:cache.2[0Kstore build cache
travis_time:start:17a18d78[0Kchange detected: /home/travis/.m2/repository/org/springframework/data/build/spring-data-parent/1.6.1.BUILD-SNAPSHOT/resolver-status.properties
changes detected, packing new archive
uploading archive
travis_time:end:17a18d78:start=1431435855134062187,finish=1431435891411937448,duration=36277875261[0Ktravis_fold:end:cache.2[0K
Done. Your build exited with 0.
