travis_fold:start:worker_info[0K[33;1mWorker information[0m
hostname: ip-10-12-2-194:21889590-bc1e-474a-8f46-4ceb4c2c47f0
version: v2.5.0-8-g19ea9c2 https://github.com/travis-ci/worker/tree/19ea9c20425c78100500c7cc935892b47024922c
instance: aa21058:travis:java
startup: 535.742368ms
travis_fold:end:worker_info[0Ktravis_fold:start:system_info[0K[33;1mBuild system information[0m
Build language: java
Build group: stable
Build dist: precise
Build id: 185599480
Job id: 185599482
travis-build version: 7cac7d393
[34m[1mBuild image provisioning date and time[0m
Thu Feb  5 15:09:33 UTC 2015
[34m[1mOperating System Details[0m
Distributor ID:	Ubuntu
Description:	Ubuntu 12.04.5 LTS
Release:	12.04
Codename:	precise
[34m[1mLinux Version[0m
3.13.0-29-generic
[34m[1mCookbooks Version[0m
a68419e https://github.com/travis-ci/travis-cookbooks/tree/a68419e
[34m[1mGCC version[0m
gcc (Ubuntu/Linaro 4.6.3-1ubuntu5) 4.6.3
Copyright (C) 2011 Free Software Foundation, Inc.
This is free software; see the source for copying conditions.  There is NO
warranty; not even for MERCHANTABILITY or FITNESS FOR A PARTICULAR PURPOSE.

[34m[1mLLVM version[0m
clang version 3.4 (tags/RELEASE_34/final)
Target: x86_64-unknown-linux-gnu
Thread model: posix
[34m[1mPre-installed Ruby versions[0m
ruby-1.9.3-p551
[34m[1mPre-installed Node.js versions[0m
v0.10.36
[34m[1mPre-installed Go versions[0m
1.4.1
[34m[1mRedis version[0m
redis-server 2.8.19
[34m[1mriak version[0m
2.0.2
[34m[1mMongoDB version[0m
MongoDB 2.4.12
[34m[1mCouchDB version[0m
couchdb 1.6.1
[34m[1mNeo4j version[0m
1.9.4
[34m[1mRabbitMQ Version[0m
3.4.3
[34m[1mElasticSearch version[0m
1.4.0
[34m[1mInstalled Sphinx versions[0m
2.0.10
2.1.9
2.2.6
[34m[1mDefault Sphinx version[0m
2.2.6
[34m[1mInstalled Firefox version[0m
firefox 31.0esr
[34m[1mPhantomJS version[0m
1.9.8
[34m[1mant -version[0m
Apache Ant(TM) version 1.8.2 compiled on December 3 2011
[34m[1mmvn -version[0m
Apache Maven 3.2.5 (12a6b3acb947671f09b81f49094c53f426d8cea1; 2014-12-14T17:29:23+00:00)
Maven home: /usr/local/maven
Java version: 1.7.0_76, vendor: Oracle Corporation
Java home: /usr/lib/jvm/java-7-oracle/jre
Default locale: en_US, platform encoding: ANSI_X3.4-1968
OS name: "linux", version: "3.13.0-29-generic", arch: "amd64", family: "unix"
travis_fold:end:system_info[0K
travis_fold:start:fix.CVE-2015-7547[0K$ export DEBIAN_FRONTEND=noninteractive
W: Size of file /var/lib/apt/lists/us.archive.ubuntu.com_ubuntu_dists_precise-updates_restricted_binary-amd64_Packages.gz is not what the server reported 19576 20785
W: Size of file /var/lib/apt/lists/us.archive.ubuntu.com_ubuntu_dists_precise-updates_restricted_binary-i386_Packages.gz is not what the server reported 19521 20707
W: Size of file /var/lib/apt/lists/us.archive.ubuntu.com_ubuntu_dists_precise-backports_multiverse_source_Sources.gz is not what the server reported 5886 5888
W: Size of file /var/lib/apt/lists/ppa.launchpad.net_travis-ci_zero-mq_ubuntu_dists_precise_main_binary-amd64_Packages.gz is not what the server reported 832 1195
W: Size of file /var/lib/apt/lists/ppa.launchpad.net_ubuntugis_ppa_ubuntu_dists_precise_main_binary-amd64_Packages.gz is not what the server reported 33653 36677
W: Size of file /var/lib/apt/lists/security.ubuntu.com_ubuntu_dists_precise-security_restricted_binary-amd64_Packages.gz is not what the server reported 13782 14904
W: Size of file /var/lib/apt/lists/ppa.launchpad.net_ubuntugis_ppa_ubuntu_dists_precise_main_binary-i386_Packages.gz is not what the server reported 33699 36733
W: Size of file /var/lib/apt/lists/security.ubuntu.com_ubuntu_dists_precise-security_restricted_binary-i386_Packages.gz is not what the server reported 13751 14885
Reading package lists...
Building dependency tree...
Reading state information...
The following extra packages will be installed:
  libc-bin libc-dev-bin libc6-dev
Suggested packages:
  glibc-doc
The following packages will be upgraded:
  libc-bin libc-dev-bin libc6 libc6-dev
4 upgraded, 0 newly installed, 0 to remove and 267 not upgraded.
Need to get 8,840 kB of archives.
After this operation, 14.3 kB disk space will be freed.
Get:1 http://us.archive.ubuntu.com/ubuntu/ precise-updates/main libc6-dev amd64 2.15-0ubuntu10.15 [2,943 kB]
Get:2 http://us.archive.ubuntu.com/ubuntu/ precise-updates/main libc-dev-bin amd64 2.15-0ubuntu10.15 [84.7 kB]
Get:3 http://us.archive.ubuntu.com/ubuntu/ precise-updates/main libc-bin amd64 2.15-0ubuntu10.15 [1,177 kB]
Get:4 http://us.archive.ubuntu.com/ubuntu/ precise-updates/main libc6 amd64 2.15-0ubuntu10.15 [4,636 kB]
Fetched 8,840 kB in 0s (34.6 MB/s)
Preconfiguring packages ...
(Reading database ... (Reading database ... 5%(Reading database ... 10%(Reading database ... 15%(Reading database ... 20%(Reading database ... 25%(Reading database ... 30%(Reading database ... 35%(Reading database ... 40%(Reading database ... 45%(Reading database ... 50%(Reading database ... 55%(Reading database ... 60%(Reading database ... 65%(Reading database ... 70%(Reading database ... 75%(Reading database ... 80%(Reading database ... 85%(Reading database ... 90%(Reading database ... 95%(Reading database ... 100%(Reading database ... 72019 files and directories currently installed.)
Preparing to replace libc6-dev 2.15-0ubuntu10.10 (using .../libc6-dev_2.15-0ubuntu10.15_amd64.deb) ...
Unpacking replacement libc6-dev ...
Preparing to replace libc-dev-bin 2.15-0ubuntu10.10 (using .../libc-dev-bin_2.15-0ubuntu10.15_amd64.deb) ...
Unpacking replacement libc-dev-bin ...
Preparing to replace libc-bin 2.15-0ubuntu10.10 (using .../libc-bin_2.15-0ubuntu10.15_amd64.deb) ...
Unpacking replacement libc-bin ...
Processing triggers for man-db ...
Setting up libc-bin (2.15-0ubuntu10.15) ...
(Reading database ... (Reading database ... 5%(Reading database ... 10%(Reading database ... 15%(Reading database ... 20%(Reading database ... 25%(Reading database ... 30%(Reading database ... 35%(Reading database ... 40%(Reading database ... 45%(Reading database ... 50%(Reading database ... 55%(Reading database ... 60%(Reading database ... 65%(Reading database ... 70%(Reading database ... 75%(Reading database ... 80%(Reading database ... 85%(Reading database ... 90%(Reading database ... 95%(Reading database ... 100%(Reading database ... 72018 files and directories currently installed.)
Preparing to replace libc6 2.15-0ubuntu10.10 (using .../libc6_2.15-0ubuntu10.15_amd64.deb) ...
Unpacking replacement libc6 ...
Setting up libc6 (2.15-0ubuntu10.15) ...
Setting up libc-dev-bin (2.15-0ubuntu10.15) ...
Setting up libc6-dev (2.15-0ubuntu10.15) ...
Processing triggers for libc-bin ...
ldconfig deferred processing now taking place
travis_fold:end:fix.CVE-2015-7547[0Ktravis_fold:start:git.checkout[0Ktravis_time:start:041b2b55[0K$ git clone --depth=50 --branch=master https://github.com/google/auto.git google/auto
Cloning into 'google/auto'...
remote: Counting objects: 3742, done.[K
remote: Compressing objects:   0% (1/1234)   [Kremote: Compressing objects:   1% (13/1234)   [Kremote: Compressing objects:   2% (25/1234)   [Kremote: Compressing objects:   3% (38/1234)   [Kremote: Compressing objects:   4% (50/1234)   [Kremote: Compressing objects:   5% (62/1234)   [Kremote: Compressing objects:   6% (75/1234)   [Kremote: Compressing objects:   7% (87/1234)   [Kremote: Compressing objects:   8% (99/1234)   [Kremote: Compressing objects:   9% (112/1234)   [Kremote: Compressing objects:  10% (124/1234)   [Kremote: Compressing objects:  11% (136/1234)   [Kremote: Compressing objects:  12% (149/1234)   [Kremote: Compressing objects:  13% (161/1234)   [Kremote: Compressing objects:  14% (173/1234)   [Kremote: Compressing objects:  15% (186/1234)   [Kremote: Compressing objects:  16% (198/1234)   [Kremote: Compressing objects:  17% (210/1234)   [Kremote: Compressing objects:  18% (223/1234)   [Kremote: Compressing objects:  19% (235/1234)   [Kremote: Compressing objects:  20% (247/1234)   [Kremote: Compressing objects:  21% (260/1234)   [Kremote: Compressing objects:  22% (272/1234)   [Kremote: Compressing objects:  23% (284/1234)   [Kremote: Compressing objects:  24% (297/1234)   [Kremote: Compressing objects:  25% (309/1234)   [Kremote: Compressing objects:  26% (321/1234)   [Kremote: Compressing objects:  27% (334/1234)   [Kremote: Compressing objects:  28% (346/1234)   [Kremote: Compressing objects:  29% (358/1234)   [Kremote: Compressing objects:  30% (371/1234)   [Kremote: Compressing objects:  31% (383/1234)   [Kremote: Compressing objects:  32% (395/1234)   [Kremote: Compressing objects:  33% (408/1234)   [Kremote: Compressing objects:  34% (420/1234)   [Kremote: Compressing objects:  35% (432/1234)   [Kremote: Compressing objects:  36% (445/1234)   [Kremote: Compressing objects:  37% (457/1234)   [Kremote: Compressing objects:  38% (469/1234)   [Kremote: Compressing objects:  39% (482/1234)   [Kremote: Compressing objects:  40% (494/1234)   [Kremote: Compressing objects:  41% (506/1234)   [Kremote: Compressing objects:  42% (519/1234)   [Kremote: Compressing objects:  43% (531/1234)   [Kremote: Compressing objects:  44% (543/1234)   [Kremote: Compressing objects:  45% (556/1234)   [Kremote: Compressing objects:  46% (568/1234)   [Kremote: Compressing objects:  47% (580/1234)   [Kremote: Compressing objects:  48% (593/1234)   [Kremote: Compressing objects:  49% (605/1234)   [Kremote: Compressing objects:  50% (617/1234)   [Kremote: Compressing objects:  51% (630/1234)   [Kremote: Compressing objects:  52% (642/1234)   [Kremote: Compressing objects:  53% (655/1234)   [Kremote: Compressing objects:  54% (667/1234)   [Kremote: Compressing objects:  55% (679/1234)   [Kremote: Compressing objects:  56% (692/1234)   [Kremote: Compressing objects:  57% (704/1234)   [Kremote: Compressing objects:  58% (716/1234)   [Kremote: Compressing objects:  59% (729/1234)   [Kremote: Compressing objects:  60% (741/1234)   [Kremote: Compressing objects:  61% (753/1234)   [Kremote: Compressing objects:  62% (766/1234)   [Kremote: Compressing objects:  63% (778/1234)   [Kremote: Compressing objects:  64% (790/1234)   [Kremote: Compressing objects:  65% (803/1234)   [Kremote: Compressing objects:  66% (815/1234)   [Kremote: Compressing objects:  67% (827/1234)   [Kremote: Compressing objects:  68% (840/1234)   [Kremote: Compressing objects:  69% (852/1234)   [Kremote: Compressing objects:  70% (864/1234)   [Kremote: Compressing objects:  71% (877/1234)   [Kremote: Compressing objects:  72% (889/1234)   [Kremote: Compressing objects:  73% (901/1234)   [Kremote: Compressing objects:  74% (914/1234)   [Kremote: Compressing objects:  75% (926/1234)   [Kremote: Compressing objects:  76% (938/1234)   [Kremote: Compressing objects:  77% (951/1234)   [Kremote: Compressing objects:  78% (963/1234)   [Kremote: Compressing objects:  79% (975/1234)   [Kremote: Compressing objects:  80% (988/1234)   [Kremote: Compressing objects:  81% (1000/1234)   [Kremote: Compressing objects:  82% (1012/1234)   [Kremote: Compressing objects:  83% (1025/1234)   [Kremote: Compressing objects:  84% (1037/1234)   [Kremote: Compressing objects:  85% (1049/1234)   [Kremote: Compressing objects:  86% (1062/1234)   [Kremote: Compressing objects:  87% (1074/1234)   [Kremote: Compressing objects:  88% (1086/1234)   [Kremote: Compressing objects:  89% (1099/1234)   [Kremote: Compressing objects:  90% (1111/1234)   [Kremote: Compressing objects:  91% (1123/1234)   [Kremote: Compressing objects:  92% (1136/1234)   [Kremote: Compressing objects:  93% (1148/1234)   [Kremote: Compressing objects:  94% (1160/1234)   [Kremote: Compressing objects:  95% (1173/1234)   [Kremote: Compressing objects:  96% (1185/1234)   [Kremote: Compressing objects:  97% (1197/1234)   [Kremote: Compressing objects:  98% (1210/1234)   [Kremote: Compressing objects:  99% (1222/1234)   [Kremote: Compressing objects: 100% (1234/1234)   [Kremote: Compressing objects: 100% (1234/1234), done.[K
Receiving objects:   0% (1/3742)   Receiving objects:   1% (38/3742)   Receiving objects:   2% (75/3742)   Receiving objects:   3% (113/3742)   Receiving objects:   4% (150/3742)   Receiving objects:   5% (188/3742)   Receiving objects:   6% (225/3742)   Receiving objects:   7% (262/3742)   Receiving objects:   8% (300/3742)   Receiving objects:   9% (337/3742)   Receiving objects:  10% (375/3742)   Receiving objects:  11% (412/3742)   Receiving objects:  12% (450/3742)   Receiving objects:  13% (487/3742)   Receiving objects:  14% (524/3742)   Receiving objects:  15% (562/3742)   Receiving objects:  16% (599/3742)   Receiving objects:  17% (637/3742)   Receiving objects:  18% (674/3742)   Receiving objects:  19% (711/3742)   Receiving objects:  20% (749/3742)   Receiving objects:  21% (786/3742)   Receiving objects:  22% (824/3742)   Receiving objects:  23% (861/3742)   Receiving objects:  24% (899/3742)   Receiving objects:  25% (936/3742)   Receiving objects:  26% (973/3742)   Receiving objects:  27% (1011/3742)   Receiving objects:  28% (1048/3742)   Receiving objects:  29% (1086/3742)   Receiving objects:  30% (1123/3742)   Receiving objects:  31% (1161/3742)   Receiving objects:  32% (1198/3742)   Receiving objects:  33% (1235/3742)   Receiving objects:  34% (1273/3742)   Receiving objects:  35% (1310/3742)   Receiving objects:  36% (1348/3742)   Receiving objects:  37% (1385/3742)   Receiving objects:  38% (1422/3742)   Receiving objects:  39% (1460/3742)   Receiving objects:  40% (1497/3742)   Receiving objects:  41% (1535/3742)   Receiving objects:  42% (1572/3742)   Receiving objects:  43% (1610/3742)   Receiving objects:  44% (1647/3742)   Receiving objects:  45% (1684/3742)   Receiving objects:  46% (1722/3742)   Receiving objects:  47% (1759/3742)   Receiving objects:  48% (1797/3742)   Receiving objects:  49% (1834/3742)   Receiving objects:  50% (1871/3742)   Receiving objects:  51% (1909/3742)   Receiving objects:  52% (1946/3742)   Receiving objects:  53% (1984/3742)   Receiving objects:  54% (2021/3742)   Receiving objects:  55% (2059/3742)   Receiving objects:  56% (2096/3742)   Receiving objects:  57% (2133/3742)   Receiving objects:  58% (2171/3742)   Receiving objects:  59% (2208/3742)   Receiving objects:  60% (2246/3742)   Receiving objects:  61% (2283/3742)   Receiving objects:  62% (2321/3742)   Receiving objects:  63% (2358/3742)   Receiving objects:  64% (2395/3742)   Receiving objects:  65% (2433/3742)   Receiving objects:  66% (2470/3742)   Receiving objects:  67% (2508/3742)   Receiving objects:  68% (2545/3742)   Receiving objects:  69% (2582/3742)   Receiving objects:  70% (2620/3742)   Receiving objects:  71% (2657/3742)   Receiving objects:  72% (2695/3742)   Receiving objects:  73% (2732/3742)   Receiving objects:  74% (2770/3742)   Receiving objects:  75% (2807/3742)   Receiving objects:  76% (2844/3742)   Receiving objects:  77% (2882/3742)   Receiving objects:  78% (2919/3742)   Receiving objects:  79% (2957/3742)   Receiving objects:  80% (2994/3742)   Receiving objects:  81% (3032/3742)   Receiving objects:  82% (3069/3742)   Receiving objects:  83% (3106/3742)   Receiving objects:  84% (3144/3742)   Receiving objects:  85% (3181/3742)   Receiving objects:  86% (3219/3742)   Receiving objects:  87% (3256/3742)   Receiving objects:  88% (3293/3742)   Receiving objects:  89% (3331/3742)   Receiving objects:  90% (3368/3742)   Receiving objects:  91% (3406/3742)   Receiving objects:  92% (3443/3742)   Receiving objects:  93% (3481/3742)   Receiving objects:  94% (3518/3742)   Receiving objects:  95% (3555/3742)   Receiving objects:  96% (3593/3742)   Receiving objects:  97% (3630/3742)   Receiving objects:  98% (3668/3742)   Receiving objects:  99% (3705/3742)   remote: Total 3742 (delta 1494), reused 3380 (delta 1197), pack-reused 0[K
Receiving objects: 100% (3742/3742)   Receiving objects: 100% (3742/3742), 838.50 KiB | 0 bytes/s, done.
Resolving deltas:   0% (0/1494)   Resolving deltas:   1% (20/1494)   Resolving deltas:   4% (66/1494)   Resolving deltas:   5% (87/1494)   Resolving deltas:   6% (94/1494)   Resolving deltas:   7% (107/1494)   Resolving deltas:   8% (122/1494)   Resolving deltas:   9% (137/1494)   Resolving deltas:  10% (162/1494)   Resolving deltas:  12% (181/1494)   Resolving deltas:  13% (199/1494)   Resolving deltas:  14% (211/1494)   Resolving deltas:  22% (332/1494)   Resolving deltas:  23% (345/1494)   Resolving deltas:  24% (361/1494)   Resolving deltas:  25% (377/1494)   Resolving deltas:  26% (389/1494)   Resolving deltas:  27% (407/1494)   Resolving deltas:  28% (421/1494)   Resolving deltas:  29% (435/1494)   Resolving deltas:  30% (455/1494)   Resolving deltas:  32% (479/1494)   Resolving deltas:  33% (495/1494)   Resolving deltas:  34% (510/1494)   Resolving deltas:  35% (524/1494)   Resolving deltas:  36% (538/1494)   Resolving deltas:  37% (562/1494)   Resolving deltas:  38% (576/1494)   Resolving deltas:  39% (589/1494)   Resolving deltas:  40% (606/1494)   Resolving deltas:  41% (613/1494)   Resolving deltas:  42% (628/1494)   Resolving deltas:  43% (652/1494)   Resolving deltas:  44% (658/1494)   Resolving deltas:  45% (677/1494)   Resolving deltas:  47% (704/1494)   Resolving deltas:  49% (733/1494)   Resolving deltas:  50% (759/1494)   Resolving deltas:  51% (763/1494)   Resolving deltas:  52% (777/1494)   Resolving deltas:  53% (794/1494)   Resolving deltas:  54% (808/1494)   Resolving deltas:  55% (830/1494)   Resolving deltas:  56% (837/1494)   Resolving deltas:  58% (870/1494)   Resolving deltas:  59% (892/1494)   Resolving deltas:  60% (899/1494)   Resolving deltas:  61% (916/1494)   Resolving deltas:  62% (930/1494)   Resolving deltas:  63% (948/1494)   Resolving deltas:  64% (958/1494)   Resolving deltas:  66% (992/1494)   Resolving deltas:  67% (1006/1494)   Resolving deltas:  68% (1021/1494)   Resolving deltas:  69% (1035/1494)   Resolving deltas:  70% (1046/1494)   Resolving deltas:  71% (1065/1494)   Resolving deltas:  72% (1077/1494)   Resolving deltas:  73% (1093/1494)   Resolving deltas:  74% (1119/1494)   Resolving deltas:  75% (1126/1494)   Resolving deltas:  76% (1138/1494)   Resolving deltas:  77% (1157/1494)   Resolving deltas:  79% (1182/1494)   Resolving deltas:  80% (1207/1494)   Resolving deltas:  82% (1229/1494)   Resolving deltas:  83% (1242/1494)   Resolving deltas:  84% (1258/1494)   Resolving deltas:  85% (1273/1494)   Resolving deltas:  86% (1290/1494)   Resolving deltas:  87% (1304/1494)   Resolving deltas:  88% (1317/1494)   Resolving deltas:  89% (1331/1494)   Resolving deltas:  90% (1345/1494)   Resolving deltas:  91% (1362/1494)   Resolving deltas:  92% (1381/1494)   Resolving deltas:  93% (1392/1494)   Resolving deltas:  94% (1408/1494)   Resolving deltas:  95% (1426/1494)   Resolving deltas:  96% (1441/1494)   Resolving deltas:  97% (1452/1494)   Resolving deltas:  98% (1467/1494)   Resolving deltas:  99% (1488/1494)   Resolving deltas: 100% (1494/1494)   Resolving deltas: 100% (1494/1494), done.
Checking connectivity... done.

travis_time:end:041b2b55:start=1482270567654817399,finish=1482270568261250893,duration=606433494[0K$ cd google/auto
$ git checkout -qf bf6d893da18d97bbb887ba3ba2e97985ef2e3c05
travis_fold:end:git.checkout[0K
[33;1mThis job is running on container-based infrastructure, which does not allow use of 'sudo', setuid and setguid executables.[0m
[33;1mIf you require sudo, add 'sudo: required' to your .travis.yml[0m
[33;1mSee https://docs.travis-ci.com/user/workers/container-based-infrastructure/ for details.[0m

[33;1mSetting environment variables from .travis.yml[0m
$ export CI_DEPLOY_USERNAME=[secure]
$ export CI_DEPLOY_PASSWORD=[secure]
$ export GH_TOKEN=[secure]

$ jdk_switcher use openjdk7
Switching to OpenJDK7 (java-1.7.0-openjdk-amd64), JAVA_HOME will be set to /usr/lib/jvm/java-7-openjdk-amd64
$ java -Xmx32m -version
java version "1.7.0_75"
OpenJDK Runtime Environment (IcedTea 2.5.4) (7u75-2.5.4-1~precise1)
OpenJDK 64-Bit Server VM (build 24.75-b04, mixed mode)
$ javac -J-Xmx32m -version
javac 1.7.0_75
travis_fold:start:install[0Ktravis_time:start:0662d47d[0K$ mvn -B -U -f build-pom.xml dependency:go-offline test clean --quiet --fail-never -DskipTests=true

travis_time:end:0662d47d:start=1482270571235030754,finish=1482270591847499563,duration=20612468809[0Ktravis_fold:end:install[0Ktravis_time:start:0aa6dd40[0K$ mvn -B -U -f build-pom.xml verify --fail-at-end -Dsource.skip=true -Dmaven.javadoc.skip=true
[INFO] Scanning for projects...
[INFO] ------------------------------------------------------------------------
[INFO] Reactor Build Order:
[INFO] 
[INFO] Auto (Parent)
[INFO] Auto Common Libraries
[INFO] AutoFactory
[INFO] AutoService
[INFO] AutoValue
[INFO] build-only
[INFO]                                                                         
[INFO] ------------------------------------------------------------------------
[INFO] Building Auto (Parent) 4-SNAPSHOT
[INFO] ------------------------------------------------------------------------
[INFO] 
[INFO] --- maven-enforcer-plugin:1.0:enforce (enforce-maven) @ auto-parent ---
[INFO]                                                                         
[INFO] ------------------------------------------------------------------------
[INFO] Building Auto Common Libraries 1.0-SNAPSHOT
[INFO] ------------------------------------------------------------------------
[INFO] 
[INFO] --- maven-enforcer-plugin:1.0:enforce (enforce-maven) @ auto-common ---
[INFO] 
[INFO] --- maven-resources-plugin:2.6:resources (default-resources) @ auto-common ---
[INFO] Using 'UTF-8' encoding to copy filtered resources.
[INFO] skip non existing resourceDirectory /home/travis/build/google/auto/common/src/main/resources
[INFO] 
[INFO] --- maven-compiler-plugin:3.1:compile (default-compile) @ auto-common ---
[INFO] Changes detected - recompiling the module!
[INFO] Compiling 8 source files to /home/travis/build/google/auto/common/target/classes
[WARNING] bootstrap class path not set in conjunction with -source 1.6
[INFO] 
[INFO] --- maven-resources-plugin:2.6:testResources (default-testResources) @ auto-common ---
[INFO] Using 'UTF-8' encoding to copy filtered resources.
[INFO] skip non existing resourceDirectory /home/travis/build/google/auto/common/src/test/resources
[INFO] 
[INFO] --- maven-compiler-plugin:3.1:testCompile (default-testCompile) @ auto-common ---
[INFO] Changes detected - recompiling the module!
[INFO] Compiling 8 source files to /home/travis/build/google/auto/common/target/test-classes
[WARNING] bootstrap class path not set in conjunction with -source 1.6
[WARNING] /home/travis/build/google/auto/common/src/test/java/com/google/auto/common/MoreElementsTest.java:[389,21] getLocalAndInheritedMethods(javax.lang.model.element.TypeElement,javax.lang.model.util.Elements) in com.google.auto.common.MoreElements has been deprecated
[WARNING] /home/travis/build/google/auto/common/src/test/java/com/google/auto/common/MoreElementsTest.java:[395,21] getLocalAndInheritedMethods(javax.lang.model.element.TypeElement,javax.lang.model.util.Elements) in com.google.auto.common.MoreElements has been deprecated
[INFO] 
[INFO] --- maven-surefire-plugin:2.12.4:test (default-test) @ auto-common ---
[INFO] Surefire report directory: /home/travis/build/google/auto/common/target/surefire-reports
[INFO] Downloading: https://repo.maven.apache.org/maven2/org/apache/maven/surefire/surefire-junit4/2.12.4/surefire-junit4-2.12.4.pom
[INFO] Downloaded: https://repo.maven.apache.org/maven2/org/apache/maven/surefire/surefire-junit4/2.12.4/surefire-junit4-2.12.4.pom (3 KB at 4.8 KB/sec)
[INFO] Downloading: https://repo.maven.apache.org/maven2/org/apache/maven/surefire/surefire-providers/2.12.4/surefire-providers-2.12.4.pom
[INFO] Downloaded: https://repo.maven.apache.org/maven2/org/apache/maven/surefire/surefire-providers/2.12.4/surefire-providers-2.12.4.pom (3 KB at 127.4 KB/sec)
[INFO] Downloading: https://repo.maven.apache.org/maven2/org/apache/maven/surefire/surefire-junit4/2.12.4/surefire-junit4-2.12.4.jar
[INFO] Downloaded: https://repo.maven.apache.org/maven2/org/apache/maven/surefire/surefire-junit4/2.12.4/surefire-junit4-2.12.4.jar (37 KB at 1126.8 KB/sec)

-------------------------------------------------------
 T E S T S
-------------------------------------------------------
Running com.google.auto.common.VisibilityTest
Tests run: 3, Failures: 0, Errors: 0, Skipped: 0, Time elapsed: 0.882 sec
Running com.google.auto.common.MoreTypesIsTypeOfTest
Tests run: 13, Failures: 0, Errors: 0, Skipped: 0, Time elapsed: 0.465 sec
Running com.google.auto.common.AnnotationMirrorsTest
Tests run: 5, Failures: 0, Errors: 0, Skipped: 0, Time elapsed: 0.183 sec
Running com.google.auto.common.SuperficialValidationTest
Tests run: 10, Failures: 0, Errors: 0, Skipped: 0, Time elapsed: 0.167 sec
Running com.google.auto.common.OverridesTest
Tests run: 24, Failures: 0, Errors: 0, Skipped: 0, Time elapsed: 2.088 sec
Running com.google.auto.common.BasicAnnotationProcessorTest
Tests run: 6, Failures: 0, Errors: 0, Skipped: 0, Time elapsed: 0.316 sec
Running com.google.auto.common.MoreElementsTest
Tests run: 17, Failures: 0, Errors: 0, Skipped: 0, Time elapsed: 0.334 sec
Running com.google.auto.common.MoreTypesTest
Tests run: 6, Failures: 0, Errors: 0, Skipped: 0, Time elapsed: 0.172 sec

Results :

Tests run: 84, Failures: 0, Errors: 0, Skipped: 0

[INFO] 
[INFO] --- maven-jar-plugin:2.6:jar (default-jar) @ auto-common ---
[INFO] Downloading: https://repo.maven.apache.org/maven2/org/apache/maven/reporting/maven-reporting-api/2.2.1/maven-reporting-api-2.2.1.pom
[INFO] Downloaded: https://repo.maven.apache.org/maven2/org/apache/maven/reporting/maven-reporting-api/2.2.1/maven-reporting-api-2.2.1.pom (2 KB at 180.9 KB/sec)
[INFO] Downloading: https://repo.maven.apache.org/maven2/org/apache/maven/reporting/maven-reporting/2.2.1/maven-reporting-2.2.1.pom
[INFO] Downloaded: https://repo.maven.apache.org/maven2/org/apache/maven/reporting/maven-reporting/2.2.1/maven-reporting-2.2.1.pom (2 KB at 128.1 KB/sec)
[INFO] Downloading: https://repo.maven.apache.org/maven2/org/apache/maven/doxia/doxia-sink-api/1.1/doxia-sink-api-1.1.pom
[INFO] Downloaded: https://repo.maven.apache.org/maven2/org/apache/maven/doxia/doxia-sink-api/1.1/doxia-sink-api-1.1.pom (2 KB at 181.0 KB/sec)
[INFO] Downloading: https://repo.maven.apache.org/maven2/org/apache/maven/doxia/doxia/1.1/doxia-1.1.pom
[INFO] Downloaded: https://repo.maven.apache.org/maven2/org/apache/maven/doxia/doxia/1.1/doxia-1.1.pom (15 KB at 1140.2 KB/sec)
[INFO] Downloading: https://repo.maven.apache.org/maven2/org/apache/maven/doxia/doxia-logging-api/1.1/doxia-logging-api-1.1.pom
[INFO] Downloaded: https://repo.maven.apache.org/maven2/org/apache/maven/doxia/doxia-logging-api/1.1/doxia-logging-api-1.1.pom (2 KB at 128.2 KB/sec)
[INFO] Downloading: https://repo.maven.apache.org/maven2/commons-cli/commons-cli/1.2/commons-cli-1.2.pom
[INFO] Downloaded: https://repo.maven.apache.org/maven2/commons-cli/commons-cli/1.2/commons-cli-1.2.pom (8 KB at 519.5 KB/sec)
[INFO] Downloading: https://repo.maven.apache.org/maven2/org/apache/commons/commons-parent/11/commons-parent-11.pom
[INFO] Downloaded: https://repo.maven.apache.org/maven2/org/apache/commons/commons-parent/11/commons-parent-11.pom (25 KB at 776.5 KB/sec)
[INFO] Downloading: https://repo.maven.apache.org/maven2/org/apache/maven/maven-archiver/2.6/maven-archiver-2.6.pom
[INFO] Downloaded: https://repo.maven.apache.org/maven2/org/apache/maven/maven-archiver/2.6/maven-archiver-2.6.pom (5 KB at 469.0 KB/sec)
[INFO] Downloading: https://repo.maven.apache.org/maven2/org/apache/maven/shared/maven-shared-components/20/maven-shared-components-20.pom
[INFO] Downloaded: https://repo.maven.apache.org/maven2/org/apache/maven/shared/maven-shared-components/20/maven-shared-components-20.pom (5 KB at 498.6 KB/sec)
[INFO] Downloading: https://repo.maven.apache.org/maven2/org/apache/maven/maven-parent/24/maven-parent-24.pom
[INFO] Downloaded: https://repo.maven.apache.org/maven2/org/apache/maven/maven-parent/24/maven-parent-24.pom (37 KB at 1385.9 KB/sec)
[INFO] Downloading: https://repo.maven.apache.org/maven2/org/apache/apache/14/apache-14.pom
[INFO] Downloaded: https://repo.maven.apache.org/maven2/org/apache/apache/14/apache-14.pom (15 KB at 1103.1 KB/sec)
[INFO] Downloading: https://repo.maven.apache.org/maven2/org/apache/maven/shared/maven-shared-utils/0.7/maven-shared-utils-0.7.pom
[INFO] Downloaded: https://repo.maven.apache.org/maven2/org/apache/maven/shared/maven-shared-utils/0.7/maven-shared-utils-0.7.pom (5 KB at 445.0 KB/sec)
[INFO] Downloading: https://repo.maven.apache.org/maven2/org/codehaus/plexus/plexus-archiver/2.8.1/plexus-archiver-2.8.1.pom
[INFO] Downloaded: https://repo.maven.apache.org/maven2/org/codehaus/plexus/plexus-archiver/2.8.1/plexus-archiver-2.8.1.pom (5 KB at 402.1 KB/sec)
[INFO] Downloading: https://repo.maven.apache.org/maven2/org/codehaus/plexus/plexus-utils/3.0.20/plexus-utils-3.0.20.pom
[INFO] Downloaded: https://repo.maven.apache.org/maven2/org/codehaus/plexus/plexus-utils/3.0.20/plexus-utils-3.0.20.pom (4 KB at 465.1 KB/sec)
[INFO] Downloading: https://repo.maven.apache.org/maven2/org/codehaus/plexus/plexus-io/2.3.2/plexus-io-2.3.2.pom
[INFO] Downloaded: https://repo.maven.apache.org/maven2/org/codehaus/plexus/plexus-io/2.3.2/plexus-io-2.3.2.pom (3 KB at 235.4 KB/sec)
[INFO] Downloading: https://repo.maven.apache.org/maven2/org/apache/commons/commons-compress/1.9/commons-compress-1.9.pom
[INFO] Downloaded: https://repo.maven.apache.org/maven2/org/apache/commons/commons-compress/1.9/commons-compress-1.9.pom (12 KB at 858.8 KB/sec)
[INFO] Downloading: https://repo.maven.apache.org/maven2/org/apache/commons/commons-parent/34/commons-parent-34.pom
[INFO] Downloaded: https://repo.maven.apache.org/maven2/org/apache/commons/commons-parent/34/commons-parent-34.pom (55 KB at 218.5 KB/sec)
[INFO] Downloading: https://repo.maven.apache.org/maven2/org/codehaus/plexus/plexus-interpolation/1.21/plexus-interpolation-1.21.pom
[INFO] Downloaded: https://repo.maven.apache.org/maven2/org/codehaus/plexus/plexus-interpolation/1.21/plexus-interpolation-1.21.pom (2 KB at 167.1 KB/sec)
[INFO] Downloading: https://repo.maven.apache.org/maven2/org/codehaus/plexus/plexus-archiver/2.9/plexus-archiver-2.9.pom
[INFO] Downloaded: https://repo.maven.apache.org/maven2/org/codehaus/plexus/plexus-archiver/2.9/plexus-archiver-2.9.pom (5 KB at 473.8 KB/sec)
[INFO] Downloading: https://repo.maven.apache.org/maven2/org/codehaus/plexus/plexus-io/2.4/plexus-io-2.4.pom
[INFO] Downloaded: https://repo.maven.apache.org/maven2/org/codehaus/plexus/plexus-io/2.4/plexus-io-2.4.pom (4 KB at 404.5 KB/sec)
[INFO] Downloading: https://repo.maven.apache.org/maven2/commons-io/commons-io/2.2/commons-io-2.2.pom
[INFO] Downloaded: https://repo.maven.apache.org/maven2/commons-io/commons-io/2.2/commons-io-2.2.pom (11 KB at 979.6 KB/sec)
[INFO] Downloading: https://repo.maven.apache.org/maven2/org/apache/commons/commons-parent/24/commons-parent-24.pom
[INFO] Downloaded: https://repo.maven.apache.org/maven2/org/apache/commons/commons-parent/24/commons-parent-24.pom (47 KB at 3077.1 KB/sec)
[INFO] Downloading: https://repo.maven.apache.org/maven2/org/slf4j/slf4j-jdk14/1.5.6/slf4j-jdk14-1.5.6.jar
[INFO] Downloading: https://repo.maven.apache.org/maven2/org/slf4j/slf4j-api/1.5.6/slf4j-api-1.5.6.jar
[INFO] Downloading: https://repo.maven.apache.org/maven2/org/slf4j/jcl-over-slf4j/1.5.6/jcl-over-slf4j-1.5.6.jar
[INFO] Downloading: https://repo.maven.apache.org/maven2/org/apache/maven/reporting/maven-reporting-api/2.2.1/maven-reporting-api-2.2.1.jar
[INFO] Downloading: https://repo.maven.apache.org/maven2/org/apache/maven/doxia/doxia-sink-api/1.1/doxia-sink-api-1.1.jar
[INFO] Downloaded: https://repo.maven.apache.org/maven2/org/slf4j/slf4j-api/1.5.6/slf4j-api-1.5.6.jar (22 KB at 1038.8 KB/sec)
[INFO] Downloading: https://repo.maven.apache.org/maven2/org/apache/maven/doxia/doxia-logging-api/1.1/doxia-logging-api-1.1.jar
[INFO] Downloaded: https://repo.maven.apache.org/maven2/org/apache/maven/doxia/doxia-logging-api/1.1/doxia-logging-api-1.1.jar (12 KB at 257.4 KB/sec)
[INFO] Downloading: https://repo.maven.apache.org/maven2/commons-cli/commons-cli/1.2/commons-cli-1.2.jar
[INFO] Downloaded: https://repo.maven.apache.org/maven2/org/slf4j/jcl-over-slf4j/1.5.6/jcl-over-slf4j-1.5.6.jar (17 KB at 308.1 KB/sec)
[INFO] Downloading: https://repo.maven.apache.org/maven2/backport-util-concurrent/backport-util-concurrent/3.1/backport-util-concurrent-3.1.jar
[INFO] Downloaded: https://repo.maven.apache.org/maven2/org/slf4j/slf4j-jdk14/1.5.6/slf4j-jdk14-1.5.6.jar (9 KB at 128.5 KB/sec)
[INFO] Downloading: https://repo.maven.apache.org/maven2/org/sonatype/plexus/plexus-sec-dispatcher/1.3/plexus-sec-dispatcher-1.3.jar
[INFO] Downloaded: https://repo.maven.apache.org/maven2/org/apache/maven/doxia/doxia-sink-api/1.1/doxia-sink-api-1.1.jar (13 KB at 184.0 KB/sec)
[INFO] Downloading: https://repo.maven.apache.org/maven2/org/sonatype/plexus/plexus-cipher/1.4/plexus-cipher-1.4.jar
[INFO] Downloaded: https://repo.maven.apache.org/maven2/commons-cli/commons-cli/1.2/commons-cli-1.2.jar (41 KB at 608.5 KB/sec)
[INFO] Downloading: https://repo.maven.apache.org/maven2/org/codehaus/plexus/plexus-interpolation/1.11/plexus-interpolation-1.11.jar
[INFO] Downloaded: https://repo.maven.apache.org/maven2/org/apache/maven/reporting/maven-reporting-api/2.2.1/maven-reporting-api-2.2.1.jar (10 KB at 130.9 KB/sec)
[INFO] Downloading: https://repo.maven.apache.org/maven2/org/apache/maven/shared/maven-shared-utils/0.7/maven-shared-utils-0.7.jar
[INFO] Downloaded: https://repo.maven.apache.org/maven2/org/sonatype/plexus/plexus-cipher/1.4/plexus-cipher-1.4.jar (14 KB at 168.9 KB/sec)
[INFO] Downloading: https://repo.maven.apache.org/maven2/org/codehaus/plexus/plexus-io/2.4/plexus-io-2.4.jar
[INFO] Downloaded: https://repo.maven.apache.org/maven2/org/sonatype/plexus/plexus-sec-dispatcher/1.3/plexus-sec-dispatcher-1.3.jar (28 KB at 348.6 KB/sec)
[INFO] Downloading: https://repo.maven.apache.org/maven2/org/apache/commons/commons-compress/1.9/commons-compress-1.9.jar
[INFO] Downloaded: https://repo.maven.apache.org/maven2/org/codehaus/plexus/plexus-interpolation/1.11/plexus-interpolation-1.11.jar (50 KB at 529.2 KB/sec)
[INFO] Downloaded: https://repo.maven.apache.org/maven2/org/codehaus/plexus/plexus-io/2.4/plexus-io-2.4.jar (80 KB at 759.8 KB/sec)
[INFO] Downloaded: https://repo.maven.apache.org/maven2/org/apache/maven/shared/maven-shared-utils/0.7/maven-shared-utils-0.7.jar (167 KB at 1538.0 KB/sec)
[INFO] Downloaded: https://repo.maven.apache.org/maven2/backport-util-concurrent/backport-util-concurrent/3.1/backport-util-concurrent-3.1.jar (324 KB at 2571.0 KB/sec)
[INFO] Downloaded: https://repo.maven.apache.org/maven2/org/apache/commons/commons-compress/1.9/commons-compress-1.9.jar (370 KB at 2715.8 KB/sec)
[INFO] Building jar: /home/travis/build/google/auto/common/target/auto-common-1.0-SNAPSHOT.jar
[INFO]                                                                         
[INFO] ------------------------------------------------------------------------
[INFO] Building AutoFactory 1.0-SNAPSHOT
[INFO] ------------------------------------------------------------------------
[INFO] 
[INFO] --- maven-enforcer-plugin:1.0:enforce (enforce-maven) @ auto-factory ---
[INFO] 
[INFO] --- maven-resources-plugin:2.6:resources (default-resources) @ auto-factory ---
[INFO] Using 'UTF-8' encoding to copy filtered resources.
[INFO] skip non existing resourceDirectory /home/travis/build/google/auto/factory/src/main/resources
[INFO] 
[INFO] --- maven-compiler-plugin:3.1:compile (default-compile) @ auto-factory ---
[INFO] Changes detected - recompiling the module!
[INFO] Compiling 18 source files to /home/travis/build/google/auto/factory/target/classes
[WARNING] bootstrap class path not set in conjunction with -source 1.6
[WARNING] No processor claimed any of these annotations: com.google.auto.value.AutoValue,com.google.auto.value.AutoValue.Builder
[WARNING] No processor claimed any of these annotations: javax.annotation.Generated
[INFO] 
[INFO] --- maven-resources-plugin:2.6:testResources (default-testResources) @ auto-factory ---
[INFO] Using 'UTF-8' encoding to copy filtered resources.
[INFO] Copying 65 resources
[INFO] 
[INFO] --- maven-compiler-plugin:3.1:testCompile (default-testCompile) @ auto-factory ---
[INFO] Changes detected - recompiling the module!
[INFO] Compiling 2 source files to /home/travis/build/google/auto/factory/target/test-classes
[WARNING] bootstrap class path not set in conjunction with -source 1.6
[WARNING] No processor claimed any of these annotations: org.junit.Test,org.junit.runner.RunWith
[INFO] 
[INFO] --- maven-surefire-plugin:2.12.4:test (default-test) @ auto-factory ---
[INFO] Surefire report directory: /home/travis/build/google/auto/factory/target/surefire-reports

-------------------------------------------------------
 T E S T S
-------------------------------------------------------
Running com.google.auto.factory.processor.AutoFactoryProcessorTest
Tests run: 35, Failures: 0, Errors: 0, Skipped: 0, Time elapsed: 5.206 sec
Running com.google.auto.factory.processor.AutoFactoryDeclarationTest
Tests run: 1, Failures: 0, Errors: 0, Skipped: 0, Time elapsed: 0 sec

Results :

Tests run: 36, Failures: 0, Errors: 0, Skipped: 0

[INFO] 
[INFO] --- maven-jar-plugin:2.6:jar (default-jar) @ auto-factory ---
[INFO] Building jar: /home/travis/build/google/auto/factory/target/auto-factory-1.0-SNAPSHOT.jar
[INFO] 
[INFO] --- maven-invoker-plugin:1.8:install (integration-test) @ auto-factory ---
[INFO] Downloading: https://repo.maven.apache.org/maven2/org/apache/maven/shared/maven-invoker/2.1.1/maven-invoker-2.1.1.pom
[INFO] Downloaded: https://repo.maven.apache.org/maven2/org/apache/maven/shared/maven-invoker/2.1.1/maven-invoker-2.1.1.pom (6 KB at 603.8 KB/sec)
[INFO] Downloading: https://repo.maven.apache.org/maven2/org/apache/maven/reporting/maven-reporting-impl/2.1/maven-reporting-impl-2.1.pom
[INFO] Downloaded: https://repo.maven.apache.org/maven2/org/apache/maven/reporting/maven-reporting-impl/2.1/maven-reporting-impl-2.1.pom (5 KB at 401.6 KB/sec)
[INFO] Downloading: https://repo.maven.apache.org/maven2/org/apache/maven/maven-project/2.0.10/maven-project-2.0.10.pom
[INFO] Downloaded: https://repo.maven.apache.org/maven2/org/apache/maven/maven-project/2.0.10/maven-project-2.0.10.pom (3 KB at 308.9 KB/sec)
[INFO] Downloading: https://repo.maven.apache.org/maven2/org/apache/maven/maven/2.0.10/maven-2.0.10.pom
[INFO] Downloaded: https://repo.maven.apache.org/maven2/org/apache/maven/maven/2.0.10/maven-2.0.10.pom (24 KB at 2634.8 KB/sec)
[INFO] Downloading: https://repo.maven.apache.org/maven2/org/apache/maven/maven-settings/2.0.10/maven-settings-2.0.10.pom
[INFO] Downloaded: https://repo.maven.apache.org/maven2/org/apache/maven/maven-settings/2.0.10/maven-settings-2.0.10.pom (3 KB at 273.2 KB/sec)
[INFO] Downloading: https://repo.maven.apache.org/maven2/org/apache/maven/maven-model/2.0.10/maven-model-2.0.10.pom
[INFO] Downloaded: https://repo.maven.apache.org/maven2/org/apache/maven/maven-model/2.0.10/maven-model-2.0.10.pom (4 KB at 362.0 KB/sec)
[INFO] Downloading: https://repo.maven.apache.org/maven2/org/codehaus/plexus/plexus-interpolation/1.1/plexus-interpolation-1.1.pom
[INFO] Downloaded: https://repo.maven.apache.org/maven2/org/codehaus/plexus/plexus-interpolation/1.1/plexus-interpolation-1.1.pom (2 KB at 200.5 KB/sec)
[INFO] Downloading: https://repo.maven.apache.org/maven2/org/apache/maven/maven-profile/2.0.10/maven-profile-2.0.10.pom
[INFO] Downloaded: https://repo.maven.apache.org/maven2/org/apache/maven/maven-profile/2.0.10/maven-profile-2.0.10.pom (3 KB at 255.6 KB/sec)
[INFO] Downloading: https://repo.maven.apache.org/maven2/org/apache/maven/maven-artifact-manager/2.0.10/maven-artifact-manager-2.0.10.pom
[INFO] Downloaded: https://repo.maven.apache.org/maven2/org/apache/maven/maven-artifact-manager/2.0.10/maven-artifact-manager-2.0.10.pom (3 KB at 376.8 KB/sec)
[INFO] Downloading: https://repo.maven.apache.org/maven2/org/apache/maven/maven-repository-metadata/2.0.10/maven-repository-metadata-2.0.10.pom
[INFO] Downloaded: https://repo.maven.apache.org/maven2/org/apache/maven/maven-repository-metadata/2.0.10/maven-repository-metadata-2.0.10.pom (3 KB at 282.6 KB/sec)
[INFO] Downloading: https://repo.maven.apache.org/maven2/org/apache/maven/maven-artifact/2.0.10/maven-artifact-2.0.10.pom
[INFO] Downloaded: https://repo.maven.apache.org/maven2/org/apache/maven/maven-artifact/2.0.10/maven-artifact-2.0.10.pom (2 KB at 197.8 KB/sec)
[INFO] Downloading: https://repo.maven.apache.org/maven2/org/apache/maven/maven-plugin-registry/2.0.10/maven-plugin-registry-2.0.10.pom
[INFO] Downloaded: https://repo.maven.apache.org/maven2/org/apache/maven/maven-plugin-registry/2.0.10/maven-plugin-registry-2.0.10.pom (2 KB at 218.6 KB/sec)
[INFO] Downloading: https://repo.maven.apache.org/maven2/org/apache/maven/maven-plugin-api/2.0.10/maven-plugin-api-2.0.10.pom
[INFO] Downloaded: https://repo.maven.apache.org/maven2/org/apache/maven/maven-plugin-api/2.0.10/maven-plugin-api-2.0.10.pom (2 KB at 162.2 KB/sec)
[INFO] Downloading: https://repo.maven.apache.org/maven2/org/apache/maven/doxia/doxia-sink-api/1.1.2/doxia-sink-api-1.1.2.pom
[INFO] Downloaded: https://repo.maven.apache.org/maven2/org/apache/maven/doxia/doxia-sink-api/1.1.2/doxia-sink-api-1.1.2.pom (2 KB at 192.3 KB/sec)
[INFO] Downloading: https://repo.maven.apache.org/maven2/org/apache/maven/doxia/doxia/1.1.2/doxia-1.1.2.pom
[INFO] Downloaded: https://repo.maven.apache.org/maven2/org/apache/maven/doxia/doxia/1.1.2/doxia-1.1.2.pom (18 KB at 1970.1 KB/sec)
[INFO] Downloading: https://repo.maven.apache.org/maven2/org/apache/maven/doxia/doxia-logging-api/1.1.2/doxia-logging-api-1.1.2.pom
[INFO] Downloaded: https://repo.maven.apache.org/maven2/org/apache/maven/doxia/doxia-logging-api/1.1.2/doxia-logging-api-1.1.2.pom (2 KB at 171.4 KB/sec)
[INFO] Downloading: https://repo.maven.apache.org/maven2/org/apache/maven/doxia/doxia-core/1.1.2/doxia-core-1.1.2.pom
[INFO] Downloaded: https://repo.maven.apache.org/maven2/org/apache/maven/doxia/doxia-core/1.1.2/doxia-core-1.1.2.pom (4 KB at 403.6 KB/sec)
[INFO] Downloading: https://repo.maven.apache.org/maven2/org/codehaus/plexus/plexus-utils/1.5.12/plexus-utils-1.5.12.pom
[INFO] Downloaded: https://repo.maven.apache.org/maven2/org/codehaus/plexus/plexus-utils/1.5.12/plexus-utils-1.5.12.pom (6 KB at 550.2 KB/sec)
[INFO] Downloading: https://repo.maven.apache.org/maven2/xerces/xercesImpl/2.8.1/xercesImpl-2.8.1.pom
[INFO] Downloaded: https://repo.maven.apache.org/maven2/xerces/xercesImpl/2.8.1/xercesImpl-2.8.1.pom (3 KB at 215.5 KB/sec)
[INFO] Downloading: https://repo.maven.apache.org/maven2/xml-apis/xml-apis/1.3.03/xml-apis-1.3.03.pom
[INFO] Downloaded: https://repo.maven.apache.org/maven2/xml-apis/xml-apis/1.3.03/xml-apis-1.3.03.pom (738 B at 80.1 KB/sec)
[INFO] Downloading: https://repo.maven.apache.org/maven2/org/apache/apache/1/apache-1.pom
[INFO] Downloaded: https://repo.maven.apache.org/maven2/org/apache/apache/1/apache-1.pom (4 KB at 416.3 KB/sec)
[INFO] Downloading: https://repo.maven.apache.org/maven2/commons-httpclient/commons-httpclient/3.1/commons-httpclient-3.1.pom
[INFO] Downloaded: https://repo.maven.apache.org/maven2/commons-httpclient/commons-httpclient/3.1/commons-httpclient-3.1.pom (8 KB at 758.1 KB/sec)
[INFO] Downloading: https://repo.maven.apache.org/maven2/commons-codec/commons-codec/1.2/commons-codec-1.2.pom
[INFO] Downloaded: https://repo.maven.apache.org/maven2/commons-codec/commons-codec/1.2/commons-codec-1.2.pom (4 KB at 415.0 KB/sec)
[INFO] Downloading: https://repo.maven.apache.org/maven2/org/apache/maven/doxia/doxia-site-renderer/1.1.2/doxia-site-renderer-1.1.2.pom
[INFO] Downloaded: https://repo.maven.apache.org/maven2/org/apache/maven/doxia/doxia-site-renderer/1.1.2/doxia-site-renderer-1.1.2.pom (6 KB at 664.1 KB/sec)
[INFO] Downloading: https://repo.maven.apache.org/maven2/org/apache/maven/doxia/doxia-sitetools/1.1.2/doxia-sitetools-1.1.2.pom
[INFO] Downloaded: https://repo.maven.apache.org/maven2/org/apache/maven/doxia/doxia-sitetools/1.1.2/doxia-sitetools-1.1.2.pom (15 KB at 1492.6 KB/sec)
[INFO] Downloading: https://repo.maven.apache.org/maven2/org/apache/maven/doxia/doxia-decoration-model/1.1.2/doxia-decoration-model-1.1.2.pom
[INFO] Downloaded: https://repo.maven.apache.org/maven2/org/apache/maven/doxia/doxia-decoration-model/1.1.2/doxia-decoration-model-1.1.2.pom (3 KB at 415.0 KB/sec)
[INFO] Downloading: https://repo.maven.apache.org/maven2/org/apache/maven/doxia/doxia-module-xhtml/1.1.2/doxia-module-xhtml-1.1.2.pom
[INFO] Downloaded: https://repo.maven.apache.org/maven2/org/apache/maven/doxia/doxia-module-xhtml/1.1.2/doxia-module-xhtml-1.1.2.pom (2 KB at 173.8 KB/sec)
[INFO] Downloading: https://repo.maven.apache.org/maven2/org/apache/maven/doxia/doxia-modules/1.1.2/doxia-modules-1.1.2.pom
[INFO] Downloaded: https://repo.maven.apache.org/maven2/org/apache/maven/doxia/doxia-modules/1.1.2/doxia-modules-1.1.2.pom (3 KB at 297.5 KB/sec)
[INFO] Downloading: https://repo.maven.apache.org/maven2/org/apache/maven/doxia/doxia-module-fml/1.1.2/doxia-module-fml-1.1.2.pom
[INFO] Downloaded: https://repo.maven.apache.org/maven2/org/apache/maven/doxia/doxia-module-fml/1.1.2/doxia-module-fml-1.1.2.pom (6 KB at 596.2 KB/sec)
[INFO] Downloading: https://repo.maven.apache.org/maven2/org/apache/maven/shared/maven-script-interpreter/1.1/maven-script-interpreter-1.1.pom
[INFO] Downloaded: https://repo.maven.apache.org/maven2/org/apache/maven/shared/maven-script-interpreter/1.1/maven-script-interpreter-1.1.pom (4 KB at 362.4 KB/sec)
[INFO] Downloading: https://repo.maven.apache.org/maven2/org/codehaus/groovy/groovy/2.0.1/groovy-2.0.1.pom
[INFO] Downloaded: https://repo.maven.apache.org/maven2/org/codehaus/groovy/groovy/2.0.1/groovy-2.0.1.pom (16 KB at 1116.2 KB/sec)
[INFO] Downloading: https://repo.maven.apache.org/maven2/antlr/antlr/2.7.7/antlr-2.7.7.pom
[INFO] Downloaded: https://repo.maven.apache.org/maven2/antlr/antlr/2.7.7/antlr-2.7.7.pom (632 B at 77.1 KB/sec)
[INFO] Downloading: https://repo.maven.apache.org/maven2/org/ow2/asm/asm-tree/4.0/asm-tree-4.0.pom
[INFO] Downloaded: https://repo.maven.apache.org/maven2/org/ow2/asm/asm-tree/4.0/asm-tree-4.0.pom (3 KB at 290.3 KB/sec)
[INFO] Downloading: https://repo.maven.apache.org/maven2/org/ow2/asm/asm-parent/4.0/asm-parent-4.0.pom
[INFO] Downloaded: https://repo.maven.apache.org/maven2/org/ow2/asm/asm-parent/4.0/asm-parent-4.0.pom (6 KB at 596.0 KB/sec)
[INFO] Downloading: https://repo.maven.apache.org/maven2/org/ow2/asm/asm/4.0/asm-4.0.pom
[INFO] Downloaded: https://repo.maven.apache.org/maven2/org/ow2/asm/asm/4.0/asm-4.0.pom (2 KB at 236.0 KB/sec)
[INFO] Downloading: https://repo.maven.apache.org/maven2/org/ow2/asm/asm-commons/4.0/asm-commons-4.0.pom
[INFO] Downloaded: https://repo.maven.apache.org/maven2/org/ow2/asm/asm-commons/4.0/asm-commons-4.0.pom (3 KB at 255.4 KB/sec)
[INFO] Downloading: https://repo.maven.apache.org/maven2/org/ow2/asm/asm-util/4.0/asm-util-4.0.pom
[INFO] Downloaded: https://repo.maven.apache.org/maven2/org/ow2/asm/asm-util/4.0/asm-util-4.0.pom (3 KB at 291.0 KB/sec)
[INFO] Downloading: https://repo.maven.apache.org/maven2/org/ow2/asm/asm-analysis/4.0/asm-analysis-4.0.pom
[INFO] Downloaded: https://repo.maven.apache.org/maven2/org/ow2/asm/asm-analysis/4.0/asm-analysis-4.0.pom (3 KB at 255.6 KB/sec)
[INFO] Downloading: https://repo.maven.apache.org/maven2/org/apache/ant/ant/1.8.1/ant-1.8.1.pom
[INFO] Downloaded: https://repo.maven.apache.org/maven2/org/apache/ant/ant/1.8.1/ant-1.8.1.pom (9 KB at 859.3 KB/sec)
[INFO] Downloading: https://repo.maven.apache.org/maven2/org/apache/ant/ant-parent/1.8.1/ant-parent-1.8.1.pom
[INFO] Downloaded: https://repo.maven.apache.org/maven2/org/apache/ant/ant-parent/1.8.1/ant-parent-1.8.1.pom (5 KB at 522.6 KB/sec)
[INFO] Downloading: https://repo.maven.apache.org/maven2/org/apache/maven/doxia/doxia-sink-api/1.1.4/doxia-sink-api-1.1.4.pom
[INFO] Downloaded: https://repo.maven.apache.org/maven2/org/apache/maven/doxia/doxia-sink-api/1.1.4/doxia-sink-api-1.1.4.pom (2 KB at 170.9 KB/sec)
[INFO] Downloading: https://repo.maven.apache.org/maven2/org/apache/maven/doxia/doxia/1.1.4/doxia-1.1.4.pom
[INFO] Downloaded: https://repo.maven.apache.org/maven2/org/apache/maven/doxia/doxia/1.1.4/doxia-1.1.4.pom (19 KB at 2304.0 KB/sec)
[INFO] Downloading: https://repo.maven.apache.org/maven2/org/apache/maven/doxia/doxia-logging-api/1.1.4/doxia-logging-api-1.1.4.pom
[INFO] Downloaded: https://repo.maven.apache.org/maven2/org/apache/maven/doxia/doxia-logging-api/1.1.4/doxia-logging-api-1.1.4.pom (2 KB at 171.4 KB/sec)
[INFO] Downloading: https://repo.maven.apache.org/maven2/org/apache/maven/doxia/doxia-site-renderer/1.1.4/doxia-site-renderer-1.1.4.pom
[INFO] Downloaded: https://repo.maven.apache.org/maven2/org/apache/maven/doxia/doxia-site-renderer/1.1.4/doxia-site-renderer-1.1.4.pom (6 KB at 747.1 KB/sec)
[INFO] Downloading: https://repo.maven.apache.org/maven2/org/apache/maven/doxia/doxia-sitetools/1.1.4/doxia-sitetools-1.1.4.pom
[INFO] Downloaded: https://repo.maven.apache.org/maven2/org/apache/maven/doxia/doxia-sitetools/1.1.4/doxia-sitetools-1.1.4.pom (16 KB at 1738.3 KB/sec)
[INFO] Downloading: https://repo.maven.apache.org/maven2/org/apache/maven/doxia/doxia-core/1.1.4/doxia-core-1.1.4.pom
[INFO] Downloaded: https://repo.maven.apache.org/maven2/org/apache/maven/doxia/doxia-core/1.1.4/doxia-core-1.1.4.pom (4 KB at 403.8 KB/sec)
[INFO] Downloading: https://repo.maven.apache.org/maven2/xerces/xercesImpl/2.9.1/xercesImpl-2.9.1.pom
[INFO] Downloaded: https://repo.maven.apache.org/maven2/xerces/xercesImpl/2.9.1/xercesImpl-2.9.1.pom (2 KB at 166.4 KB/sec)
[INFO] Downloading: https://repo.maven.apache.org/maven2/xml-apis/xml-apis/1.3.04/xml-apis-1.3.04.pom
[INFO] Downloaded: https://repo.maven.apache.org/maven2/xml-apis/xml-apis/1.3.04/xml-apis-1.3.04.pom (2 KB at 197.7 KB/sec)
[INFO] Downloading: https://repo.maven.apache.org/maven2/org/apache/httpcomponents/httpclient/4.0.2/httpclient-4.0.2.pom
[INFO] Downloaded: https://repo.maven.apache.org/maven2/org/apache/httpcomponents/httpclient/4.0.2/httpclient-4.0.2.pom (8 KB at 731.9 KB/sec)
[INFO] Downloading: https://repo.maven.apache.org/maven2/org/apache/httpcomponents/httpcomponents-client/4.0.2/httpcomponents-client-4.0.2.pom
[INFO] Downloaded: https://repo.maven.apache.org/maven2/org/apache/httpcomponents/httpcomponents-client/4.0.2/httpcomponents-client-4.0.2.pom (9 KB at 486.4 KB/sec)
[INFO] Downloading: https://repo.maven.apache.org/maven2/org/apache/httpcomponents/project/4.1/project-4.1.pom
[INFO] Downloaded: https://repo.maven.apache.org/maven2/org/apache/httpcomponents/project/4.1/project-4.1.pom (16 KB at 1999.9 KB/sec)
[INFO] Downloading: https://repo.maven.apache.org/maven2/org/apache/httpcomponents/httpcore/4.0.1/httpcore-4.0.1.pom
[INFO] Downloaded: https://repo.maven.apache.org/maven2/org/apache/httpcomponents/httpcore/4.0.1/httpcore-4.0.1.pom (5 KB at 530.5 KB/sec)
[INFO] Downloading: https://repo.maven.apache.org/maven2/org/apache/httpcomponents/httpcomponents-core/4.0.1/httpcomponents-core-4.0.1.pom
[INFO] Downloaded: https://repo.maven.apache.org/maven2/org/apache/httpcomponents/httpcomponents-core/4.0.1/httpcomponents-core-4.0.1.pom (10 KB at 1141.6 KB/sec)
[INFO] Downloading: https://repo.maven.apache.org/maven2/org/apache/httpcomponents/project/4.0/project-4.0.pom
[INFO] Downloaded: https://repo.maven.apache.org/maven2/org/apache/httpcomponents/project/4.0/project-4.0.pom (13 KB at 1422.9 KB/sec)
[INFO] Downloading: https://repo.maven.apache.org/maven2/commons-logging/commons-logging/1.1.1/commons-logging-1.1.1.pom
[INFO] Downloaded: https://repo.maven.apache.org/maven2/commons-logging/commons-logging/1.1.1/commons-logging-1.1.1.pom (18 KB at 1630.4 KB/sec)
[INFO] Downloading: https://repo.maven.apache.org/maven2/org/apache/commons/commons-parent/5/commons-parent-5.pom
[INFO] Downloaded: https://repo.maven.apache.org/maven2/org/apache/commons/commons-parent/5/commons-parent-5.pom (16 KB at 1566.5 KB/sec)
[INFO] Downloading: https://repo.maven.apache.org/maven2/commons-codec/commons-codec/1.3/commons-codec-1.3.pom
[INFO] Downloaded: https://repo.maven.apache.org/maven2/commons-codec/commons-codec/1.3/commons-codec-1.3.pom (6 KB at 229.3 KB/sec)
[INFO] Downloading: https://repo.maven.apache.org/maven2/org/apache/maven/doxia/doxia-decoration-model/1.1.4/doxia-decoration-model-1.1.4.pom
[INFO] Downloaded: https://repo.maven.apache.org/maven2/org/apache/maven/doxia/doxia-decoration-model/1.1.4/doxia-decoration-model-1.1.4.pom (3 KB at 322.8 KB/sec)
[INFO] Downloading: https://repo.maven.apache.org/maven2/org/apache/maven/doxia/doxia-module-xhtml/1.1.4/doxia-module-xhtml-1.1.4.pom
[INFO] Downloaded: https://repo.maven.apache.org/maven2/org/apache/maven/doxia/doxia-module-xhtml/1.1.4/doxia-module-xhtml-1.1.4.pom (2 KB at 156.4 KB/sec)
[INFO] Downloading: https://repo.maven.apache.org/maven2/org/apache/maven/doxia/doxia-modules/1.1.4/doxia-modules-1.1.4.pom
[INFO] Downloaded: https://repo.maven.apache.org/maven2/org/apache/maven/doxia/doxia-modules/1.1.4/doxia-modules-1.1.4.pom (3 KB at 68.0 KB/sec)
[INFO] Downloading: https://repo.maven.apache.org/maven2/org/apache/maven/doxia/doxia-module-fml/1.1.4/doxia-module-fml-1.1.4.pom
[INFO] Downloaded: https://repo.maven.apache.org/maven2/org/apache/maven/doxia/doxia-module-fml/1.1.4/doxia-module-fml-1.1.4.pom (6 KB at 535.5 KB/sec)
[INFO] Downloading: https://repo.maven.apache.org/maven2/org/codehaus/groovy/groovy-all/2.0.1/groovy-all-2.0.1.pom
[INFO] Downloaded: https://repo.maven.apache.org/maven2/org/codehaus/groovy/groovy-all/2.0.1/groovy-all-2.0.1.pom (18 KB at 1579.0 KB/sec)
[INFO] Downloading: https://repo.maven.apache.org/maven2/org/codehaus/plexus/plexus-utils/3.0.7/plexus-utils-3.0.7.pom
[INFO] Downloaded: https://repo.maven.apache.org/maven2/org/codehaus/plexus/plexus-utils/3.0.7/plexus-utils-3.0.7.pom (3 KB at 245.3 KB/sec)
[INFO] Downloading: https://repo.maven.apache.org/maven2/org/codehaus/plexus/plexus/3.1/plexus-3.1.pom
[INFO] Downloaded: https://repo.maven.apache.org/maven2/org/codehaus/plexus/plexus/3.1/plexus-3.1.pom (19 KB at 2019.9 KB/sec)
[INFO] Downloading: https://repo.maven.apache.org/maven2/org/codehaus/plexus/plexus-interpolation/1.2/plexus-interpolation-1.2.pom
[INFO] Downloaded: https://repo.maven.apache.org/maven2/org/codehaus/plexus/plexus-interpolation/1.2/plexus-interpolation-1.2.pom (3 KB at 315.4 KB/sec)
[INFO] Downloading: https://repo.maven.apache.org/maven2/org/apache/maven/doxia/doxia-core/1.1.2/doxia-core-1.1.2.jar
[INFO] Downloading: https://repo.maven.apache.org/maven2/xerces/xercesImpl/2.8.1/xercesImpl-2.8.1.jar
[INFO] Downloading: https://repo.maven.apache.org/maven2/commons-httpclient/commons-httpclient/3.1/commons-httpclient-3.1.jar
[INFO] Downloading: https://repo.maven.apache.org/maven2/commons-codec/commons-codec/1.2/commons-codec-1.2.jar
[INFO] Downloading: https://repo.maven.apache.org/maven2/org/codehaus/groovy/groovy/2.0.1/groovy-2.0.1.jar
[INFO] Downloaded: https://repo.maven.apache.org/maven2/commons-codec/commons-codec/1.2/commons-codec-1.2.jar (30 KB at 1836.2 KB/sec)
[INFO] Downloading: https://repo.maven.apache.org/maven2/antlr/antlr/2.7.7/antlr-2.7.7.jar
[INFO] Downloaded: https://repo.maven.apache.org/maven2/org/apache/maven/doxia/doxia-core/1.1.2/doxia-core-1.1.2.jar (155 KB at 3680.7 KB/sec)
[INFO] Downloaded: https://repo.maven.apache.org/maven2/commons-httpclient/commons-httpclient/3.1/commons-httpclient-3.1.jar (298 KB at 6769.4 KB/sec)
[INFO] Downloading: https://repo.maven.apache.org/maven2/org/ow2/asm/asm-tree/4.0/asm-tree-4.0.jar
[INFO] Downloading: https://repo.maven.apache.org/maven2/org/ow2/asm/asm-commons/4.0/asm-commons-4.0.jar
[INFO] Downloaded: https://repo.maven.apache.org/maven2/antlr/antlr/2.7.7/antlr-2.7.7.jar (435 KB at 9663.4 KB/sec)
[INFO] Downloading: https://repo.maven.apache.org/maven2/org/ow2/asm/asm/4.0/asm-4.0.jar
[INFO] Downloaded: https://repo.maven.apache.org/maven2/org/ow2/asm/asm-commons/4.0/asm-commons-4.0.jar (37 KB at 709.4 KB/sec)
[INFO] Downloading: https://repo.maven.apache.org/maven2/org/ow2/asm/asm-util/4.0/asm-util-4.0.jar
[INFO] Downloaded: https://repo.maven.apache.org/maven2/org/ow2/asm/asm-tree/4.0/asm-tree-4.0.jar (22 KB at 405.0 KB/sec)
[INFO] Downloading: https://repo.maven.apache.org/maven2/org/ow2/asm/asm-analysis/4.0/asm-analysis-4.0.jar
[INFO] Downloaded: https://repo.maven.apache.org/maven2/org/ow2/asm/asm/4.0/asm-4.0.jar (45 KB at 817.2 KB/sec)
[INFO] Downloading: https://repo.maven.apache.org/maven2/org/apache/maven/doxia/doxia-logging-api/1.1.4/doxia-logging-api-1.1.4.jar
[INFO] Downloaded: https://repo.maven.apache.org/maven2/xerces/xercesImpl/2.8.1/xercesImpl-2.8.1.jar (1185 KB at 18802.2 KB/sec)
[INFO] Downloading: https://repo.maven.apache.org/maven2/org/apache/maven/doxia/doxia-decoration-model/1.1.4/doxia-decoration-model-1.1.4.jar
[INFO] Downloaded: https://repo.maven.apache.org/maven2/org/ow2/asm/asm-analysis/4.0/asm-analysis-4.0.jar (20 KB at 308.9 KB/sec)
[INFO] Downloading: https://repo.maven.apache.org/maven2/org/apache/maven/doxia/doxia-module-xhtml/1.1.4/doxia-module-xhtml-1.1.4.jar
[INFO] Downloaded: https://repo.maven.apache.org/maven2/org/ow2/asm/asm-util/4.0/asm-util-4.0.jar (37 KB at 582.7 KB/sec)
[INFO] Downloading: https://repo.maven.apache.org/maven2/org/apache/maven/doxia/doxia-module-fml/1.1.4/doxia-module-fml-1.1.4.jar
[INFO] Downloaded: https://repo.maven.apache.org/maven2/org/apache/maven/doxia/doxia-logging-api/1.1.4/doxia-logging-api-1.1.4.jar (12 KB at 175.7 KB/sec)
[INFO] Downloading: https://repo.maven.apache.org/maven2/commons-collections/commons-collections/3.2/commons-collections-3.2.jar
[INFO] Downloaded: https://repo.maven.apache.org/maven2/org/apache/maven/doxia/doxia-module-xhtml/1.1.4/doxia-module-xhtml-1.1.4.jar (15 KB at 209.7 KB/sec)
[INFO] Downloaded: https://repo.maven.apache.org/maven2/org/apache/maven/doxia/doxia-decoration-model/1.1.4/doxia-decoration-model-1.1.4.jar (52 KB at 730.0 KB/sec)
[INFO] Downloaded: https://repo.maven.apache.org/maven2/org/apache/maven/doxia/doxia-module-fml/1.1.4/doxia-module-fml-1.1.4.jar (37 KB at 500.5 KB/sec)
[INFO] Downloaded: https://repo.maven.apache.org/maven2/commons-collections/commons-collections/3.2/commons-collections-3.2.jar (558 KB at 6412.3 KB/sec)
[INFO] Downloaded: https://repo.maven.apache.org/maven2/org/codehaus/groovy/groovy/2.0.1/groovy-2.0.1.jar (3194 KB at 18569.7 KB/sec)
[INFO] Installing /home/travis/build/google/auto/pom.xml to /home/travis/.m2/repository/com/google/auto/auto-parent/4-SNAPSHOT/auto-parent-4-SNAPSHOT.pom
[INFO] Installing /home/travis/build/google/auto/common/pom.xml to /home/travis/.m2/repository/com/google/auto/auto-common/1.0-SNAPSHOT/auto-common-1.0-SNAPSHOT.pom
[INFO] Installing /home/travis/build/google/auto/common/target/auto-common-1.0-SNAPSHOT.jar to /home/travis/.m2/repository/com/google/auto/auto-common/1.0-SNAPSHOT/auto-common-1.0-SNAPSHOT.jar
[INFO] Installing /home/travis/build/google/auto/factory/pom.xml to /home/travis/.m2/repository/com/google/auto/factory/auto-factory/1.0-SNAPSHOT/auto-factory-1.0-SNAPSHOT.pom
[INFO] Installing /home/travis/build/google/auto/factory/target/auto-factory-1.0-SNAPSHOT.jar to /home/travis/.m2/repository/com/google/auto/factory/auto-factory/1.0-SNAPSHOT/auto-factory-1.0-SNAPSHOT.jar
[INFO] 
[INFO] --- maven-invoker-plugin:1.8:run (integration-test) @ auto-factory ---
[INFO] Building: functional/pom.xml
[INFO] [INFO] Scanning for projects...
[INFO] [INFO]                                                                         
[INFO] [INFO] ------------------------------------------------------------------------
[INFO] [INFO] Building Auto-Value Functional Integration Test HEAD-SNAPSHOT
[INFO] [INFO] ------------------------------------------------------------------------
[INFO] [INFO] Downloading: https://repository.apache.org/snapshots/com/google/auto/factory/auto-factory/1.0-SNAPSHOT/maven-metadata.xml
[INFO] [INFO] Downloading: http://repo.maven.apache.org/maven2/com/google/inject/guice/4.0/guice-4.0.pom
[INFO] [INFO] Downloaded: http://repo.maven.apache.org/maven2/com/google/inject/guice/4.0/guice-4.0.pom (11 KB at 451.5 KB/sec)
[INFO] [INFO] Downloading: http://repo.maven.apache.org/maven2/com/google/inject/guice-parent/4.0/guice-parent-4.0.pom
[INFO] [INFO] Downloaded: http://repo.maven.apache.org/maven2/com/google/inject/guice-parent/4.0/guice-parent-4.0.pom (16 KB at 1260.7 KB/sec)
[INFO] [INFO] Downloading: http://repo.maven.apache.org/maven2/com/google/google/5/google-5.pom
[INFO] [INFO] Downloaded: http://repo.maven.apache.org/maven2/com/google/google/5/google-5.pom (3 KB at 240.0 KB/sec)
[INFO] [INFO] Downloading: http://repo.maven.apache.org/maven2/aopalliance/aopalliance/1.0/aopalliance-1.0.pom
[INFO] [INFO] Downloaded: http://repo.maven.apache.org/maven2/aopalliance/aopalliance/1.0/aopalliance-1.0.pom (363 B at 35.4 KB/sec)
[INFO] [INFO] Downloading: http://repo.maven.apache.org/maven2/com/google/dagger/dagger/2.4/dagger-2.4.pom
[INFO] [INFO] Downloaded: http://repo.maven.apache.org/maven2/com/google/dagger/dagger/2.4/dagger-2.4.pom (4 KB at 286.1 KB/sec)
[INFO] [INFO] Downloading: http://repo.maven.apache.org/maven2/com/google/dagger/dagger-parent/2.4/dagger-parent-2.4.pom
[INFO] [INFO] Downloaded: http://repo.maven.apache.org/maven2/com/google/dagger/dagger-parent/2.4/dagger-parent-2.4.pom (8 KB at 719.7 KB/sec)
[INFO] [INFO] Downloading: http://repo.maven.apache.org/maven2/com/google/dagger/dagger-compiler/2.4/dagger-compiler-2.4.pom
[INFO] [INFO] Downloaded: http://repo.maven.apache.org/maven2/com/google/dagger/dagger-compiler/2.4/dagger-compiler-2.4.pom (7 KB at 630.9 KB/sec)
[INFO] [INFO] Downloading: http://repo.maven.apache.org/maven2/com/google/dagger/dagger-producers/2.4/dagger-producers-2.4.pom
[INFO] [INFO] Downloaded: http://repo.maven.apache.org/maven2/com/google/dagger/dagger-producers/2.4/dagger-producers-2.4.pom (3 KB at 217.1 KB/sec)
[INFO] [INFO] Downloading: http://repo.maven.apache.org/maven2/aopalliance/aopalliance/1.0/aopalliance-1.0.jar
[INFO] [INFO] Downloading: http://repo.maven.apache.org/maven2/com/google/inject/guice/4.0/guice-4.0.jar
[INFO] [INFO] Downloading: http://repo.maven.apache.org/maven2/com/google/dagger/dagger/2.4/dagger-2.4.jar
[INFO] [INFO] Downloading: http://repo.maven.apache.org/maven2/com/google/dagger/dagger-producers/2.4/dagger-producers-2.4.jar
[INFO] [INFO] Downloading: http://repo.maven.apache.org/maven2/com/google/dagger/dagger-compiler/2.4/dagger-compiler-2.4.jar
[INFO] [INFO] Downloaded: http://repo.maven.apache.org/maven2/aopalliance/aopalliance/1.0/aopalliance-1.0.jar (5 KB at 48.5 KB/sec)
[INFO] [INFO] Downloaded: http://repo.maven.apache.org/maven2/com/google/dagger/dagger/2.4/dagger-2.4.jar (26 KB at 266.0 KB/sec)
[INFO] [INFO] Downloaded: http://repo.maven.apache.org/maven2/com/google/dagger/dagger-producers/2.4/dagger-producers-2.4.jar (67 KB at 916.1 KB/sec)
[INFO] [INFO] Downloaded: http://repo.maven.apache.org/maven2/com/google/inject/guice/4.0/guice-4.0.jar (653 KB at 4210.1 KB/sec)
[INFO] [INFO] Downloaded: http://repo.maven.apache.org/maven2/com/google/dagger/dagger-compiler/2.4/dagger-compiler-2.4.jar (8293 KB at 34989.9 KB/sec)
[INFO] [INFO] 
[INFO] [INFO] --- maven-resources-plugin:2.6:resources (default-resources) @ functional ---
[INFO] [WARNING] Using platform encoding (UTF-8 actually) to copy filtered resources, i.e. build is platform dependent!
[INFO] [INFO] skip non existing resourceDirectory /home/travis/build/google/auto/factory/target/it/functional/src/main/resources
[INFO] [INFO] 
[INFO] [INFO] --- maven-compiler-plugin:3.1:compile (default-compile) @ functional ---
[INFO] [INFO] Changes detected - recompiling the module!
[INFO] [WARNING] File encoding has not been set, using platform encoding UTF-8, i.e. build is platform dependent!
[INFO] [INFO] Compiling 9 source files to /home/travis/build/google/auto/factory/target/it/functional/target/classes
[INFO] [WARNING] bootstrap class path not set in conjunction with -source 1.6
[INFO] [WARNING] No processor claimed any of these annotations: com.google.auto.factory.Provided,com.google.auto.factory.AutoFactory,com.google.auto.factory.Qualifier,dagger.Component,javax.inject.Qualifier,dagger.Module,dagger.Provides,javax.inject.Inject
[INFO] [WARNING] No processor claimed any of these annotations: com.google.auto.factory.Qualifier,javax.annotation.Generated,javax.inject.Inject
[INFO] [WARNING] No processor claimed any of these annotations: javax.annotation.Generated
[INFO] [INFO] 
[INFO] [INFO] --- maven-resources-plugin:2.6:testResources (default-testResources) @ functional ---
[INFO] [WARNING] Using platform encoding (UTF-8 actually) to copy filtered resources, i.e. build is platform dependent!
[INFO] [INFO] skip non existing resourceDirectory /home/travis/build/google/auto/factory/target/it/functional/src/test/resources
[INFO] [INFO] 
[INFO] [INFO] --- maven-compiler-plugin:3.1:testCompile (default-testCompile) @ functional ---
[INFO] [INFO] Changes detected - recompiling the module!
[INFO] [WARNING] File encoding has not been set, using platform encoding UTF-8, i.e. build is platform dependent!
[INFO] [INFO] Compiling 1 source file to /home/travis/build/google/auto/factory/target/it/functional/target/test-classes
[INFO] [WARNING] bootstrap class path not set in conjunction with -source 1.6
[INFO] [WARNING] No processor claimed any of these annotations: org.junit.Test,org.junit.runner.RunWith
[INFO] [INFO] 
[INFO] [INFO] --- maven-surefire-plugin:2.12.4:test (default-test) @ functional ---
[INFO] [INFO] Surefire report directory: /home/travis/build/google/auto/factory/target/it/functional/target/surefire-reports
[INFO] 
[INFO] -------------------------------------------------------
[INFO]  T E S T S
[INFO] -------------------------------------------------------
[INFO] Running com.google.auto.factory.DependencyInjectionIntegrationTest
[INFO] Tests run: 2, Failures: 0, Errors: 0, Skipped: 0, Time elapsed: 0.477 sec
[INFO] 
[INFO] Results :
[INFO] 
[INFO] Tests run: 2, Failures: 0, Errors: 0, Skipped: 0
[INFO] 
[INFO] [INFO] 
[INFO] [INFO] --- maven-jar-plugin:2.6:jar (default-jar) @ functional ---
[INFO] [INFO] Building jar: /home/travis/build/google/auto/factory/target/it/functional/target/functional-HEAD-SNAPSHOT.jar
[INFO] [INFO] ------------------------------------------------------------------------
[INFO] [INFO] BUILD SUCCESS
[INFO] [INFO] ------------------------------------------------------------------------
[INFO] [INFO] Total time: 6.886 s
[INFO] [INFO] Finished at: 2016-12-20T21:50:21+00:00
[INFO] [INFO] Final Memory: 23M/491M
[INFO] [INFO] ------------------------------------------------------------------------
[INFO] ..SUCCESS (8.8 s)
[INFO] -------------------------------------------------
[INFO] Build Summary:
[INFO]   Passed: 1, Failed: 0, Errors: 0, Skipped: 0
[INFO] -------------------------------------------------
[INFO]                                                                         
[INFO] ------------------------------------------------------------------------
[INFO] Building AutoService 1.0-SNAPSHOT
[INFO] ------------------------------------------------------------------------
[INFO] 
[INFO] --- maven-enforcer-plugin:1.0:enforce (enforce-maven) @ auto-service ---
[INFO] 
[INFO] --- maven-resources-plugin:2.6:resources (default-resources) @ auto-service ---
[INFO] Using 'UTF-8' encoding to copy filtered resources.
[INFO] Copying 1 resource
[INFO] 
[INFO] --- maven-compiler-plugin:3.1:compile (default-compile) @ auto-service ---
[INFO] Changes detected - recompiling the module!
[INFO] Compiling 4 source files to /home/travis/build/google/auto/service/target/classes
[WARNING] bootstrap class path not set in conjunction with -source 1.6
[INFO] 
[INFO] --- maven-resources-plugin:2.6:testResources (default-testResources) @ auto-service ---
[INFO] Using 'UTF-8' encoding to copy filtered resources.
[INFO] Copying 8 resources
[INFO] 
[INFO] --- maven-compiler-plugin:3.1:testCompile (default-testCompile) @ auto-service ---
[INFO] Changes detected - recompiling the module!
[INFO] Compiling 1 source file to /home/travis/build/google/auto/service/target/test-classes
[WARNING] bootstrap class path not set in conjunction with -source 1.6
[INFO] 
[INFO] --- maven-surefire-plugin:2.12.4:test (default-test) @ auto-service ---
[INFO] Surefire report directory: /home/travis/build/google/auto/service/target/surefire-reports

-------------------------------------------------------
 T E S T S
-------------------------------------------------------
Running com.google.auto.service.processor.AutoServiceProcessorTest
Tests run: 1, Failures: 0, Errors: 0, Skipped: 0, Time elapsed: 0.893 sec

Results :

Tests run: 1, Failures: 0, Errors: 0, Skipped: 0

[INFO] 
[INFO] --- maven-jar-plugin:2.6:jar (default-jar) @ auto-service ---
[INFO] Building jar: /home/travis/build/google/auto/service/target/auto-service-1.0-SNAPSHOT.jar
[INFO]                                                                         
[INFO] ------------------------------------------------------------------------
[INFO] Building AutoValue 1.4-SNAPSHOT
[INFO] ------------------------------------------------------------------------
[INFO] 
[INFO] --- maven-enforcer-plugin:1.0:enforce (enforce-maven) @ auto-value ---
[INFO] 
[INFO] --- maven-resources-plugin:2.6:resources (default-resources) @ auto-value ---
[INFO] Using 'UTF-8' encoding to copy filtered resources.
[INFO] Copying 51 resources
[INFO] 
[INFO] --- maven-compiler-plugin:3.1:compile (default-compile) @ auto-value ---
[INFO] Changes detected - recompiling the module!
[INFO] Compiling 46 source files to /home/travis/build/google/auto/value/target/classes
[WARNING] bootstrap class path not set in conjunction with -source 1.6
[WARNING] No processor claimed any of these annotations: com.google.common.annotations.VisibleForTesting
[INFO] 
[INFO] --- maven-resources-plugin:2.6:testResources (default-testResources) @ auto-value ---
[INFO] Using 'UTF-8' encoding to copy filtered resources.
[INFO] skip non existing resourceDirectory /home/travis/build/google/auto/value/src/test/resources
[INFO] 
[INFO] --- maven-compiler-plugin:3.1:testCompile (default-testCompile) @ auto-value ---
[INFO] Changes detected - recompiling the module!
[INFO] Compiling 22 source files to /home/travis/build/google/auto/value/target/test-classes
[WARNING] bootstrap class path not set in conjunction with -source 1.6
[WARNING] /home/travis/build/google/auto/value/src/test/java/com/google/auto/value/processor/ExtensionTest.java: /home/travis/.m2/repository/com/google/testing/compile/compile-testing/0.10/compile-testing-0.10.jar(com/google/testing/compile/JavaSourcesSubject.class): major version 52 is newer than 51, the highest major version supported by this compiler.
  It is recommended that the compiler be upgraded.
[WARNING] /home/travis/build/google/auto/value/src/test/java/com/google/auto/value/processor/ExtensionTest.java: /home/travis/.m2/repository/com/google/testing/compile/compile-testing/0.10/compile-testing-0.10.jar(com/google/testing/compile/CompileTester.class): major version 52 is newer than 51, the highest major version supported by this compiler.
  It is recommended that the compiler be upgraded.
[WARNING] /home/travis/build/google/auto/value/src/test/java/com/google/auto/value/processor/ExtensionTest.java: /home/travis/.m2/repository/com/google/testing/compile/compile-testing/0.10/compile-testing-0.10.jar(com/google/testing/compile/ProcessedCompileTesterFactory.class): major version 52 is newer than 51, the highest major version supported by this compiler.
  It is recommended that the compiler be upgraded.
[WARNING] /home/travis/build/google/auto/value/src/test/java/com/google/auto/value/processor/ExtensionTest.java: /home/travis/.m2/repository/com/google/testing/compile/compile-testing/0.10/compile-testing-0.10.jar(com/google/testing/compile/CompileTester$SuccessfulCompilationClause.class): major version 52 is newer than 51, the highest major version supported by this compiler.
  It is recommended that the compiler be upgraded.
[WARNING] /home/travis/build/google/auto/value/src/test/java/com/google/auto/value/processor/ExtensionTest.java: /home/travis/.m2/repository/com/google/testing/compile/compile-testing/0.10/compile-testing-0.10.jar(com/google/testing/compile/JavaFileObjects.class): major version 52 is newer than 51, the highest major version supported by this compiler.
  It is recommended that the compiler be upgraded.
[WARNING] /home/travis/build/google/auto/value/src/test/java/com/google/auto/value/extension/memoized/MemoizedMethodSubject.java: /home/travis/.m2/repository/com/google/testing/compile/compile-testing/0.10/compile-testing-0.10.jar(com/google/testing/compile/JavaSourceSubjectFactory.class): major version 52 is newer than 51, the highest major version supported by this compiler.
  It is recommended that the compiler be upgraded.
[WARNING] /home/travis/build/google/auto/value/src/test/java/com/google/auto/value/processor/AutoAnnotationErrorsTest.java: /home/travis/.m2/repository/com/google/testing/compile/compile-testing/0.10/compile-testing-0.10.jar(com/google/testing/compile/JavaSourcesSubjectFactory.class): major version 52 is newer than 51, the highest major version supported by this compiler.
  It is recommended that the compiler be upgraded.
[WARNING] No processor claimed any of these annotations: com.google.auto.value.AutoValue,org.junit.Before,javax.annotation.Nullable,org.junit.Rule,org.junit.runner.RunWith,org.junit.Test,com.google.auto.value.extension.memoized.Memoized
[WARNING] /home/travis/build/google/auto/value/src/test/java/com/google/auto/value/processor/ExtensionTest.java: /home/travis/.m2/repository/com/google/testing/compile/compile-testing/0.10/compile-testing-0.10.jar(com/google/testing/compile/JavaSourcesSubject.class): major version 52 is newer than 51, the highest major version supported by this compiler.
  It is recommended that the compiler be upgraded.
[WARNING] /home/travis/build/google/auto/value/src/test/java/com/google/auto/value/processor/ExtensionTest.java: /home/travis/.m2/repository/com/google/testing/compile/compile-testing/0.10/compile-testing-0.10.jar(com/google/testing/compile/CompileTester.class): major version 52 is newer than 51, the highest major version supported by this compiler.
  It is recommended that the compiler be upgraded.
[WARNING] /home/travis/build/google/auto/value/src/test/java/com/google/auto/value/processor/ExtensionTest.java: /home/travis/.m2/repository/com/google/testing/compile/compile-testing/0.10/compile-testing-0.10.jar(com/google/testing/compile/ProcessedCompileTesterFactory.class): major version 52 is newer than 51, the highest major version supported by this compiler.
  It is recommended that the compiler be upgraded.
[WARNING] /home/travis/build/google/auto/value/src/test/java/com/google/auto/value/processor/ExtensionTest.java: /home/travis/.m2/repository/com/google/testing/compile/compile-testing/0.10/compile-testing-0.10.jar(com/google/testing/compile/CompileTester$SuccessfulCompilationClause.class): major version 52 is newer than 51, the highest major version supported by this compiler.
  It is recommended that the compiler be upgraded.
[WARNING] /home/travis/build/google/auto/value/src/test/java/com/google/auto/value/processor/ExtensionTest.java: /home/travis/.m2/repository/com/google/testing/compile/compile-testing/0.10/compile-testing-0.10.jar(com/google/testing/compile/JavaFileObjects.class): major version 52 is newer than 51, the highest major version supported by this compiler.
  It is recommended that the compiler be upgraded.
[WARNING] /home/travis/build/google/auto/value/src/test/java/com/google/auto/value/extension/memoized/MemoizedMethodSubject.java: /home/travis/.m2/repository/com/google/testing/compile/compile-testing/0.10/compile-testing-0.10.jar(com/google/testing/compile/JavaSourceSubjectFactory.class): major version 52 is newer than 51, the highest major version supported by this compiler.
  It is recommended that the compiler be upgraded.
[WARNING] /home/travis/build/google/auto/value/src/test/java/com/google/auto/value/processor/AutoAnnotationErrorsTest.java: /home/travis/.m2/repository/com/google/testing/compile/compile-testing/0.10/compile-testing-0.10.jar(com/google/testing/compile/JavaSourcesSubjectFactory.class): major version 52 is newer than 51, the highest major version supported by this compiler.
  It is recommended that the compiler be upgraded.
[WARNING] No processor claimed any of these annotations: javax.annotation.Generated,javax.annotation.Nullable
[WARNING] /home/travis/build/google/auto/value/src/test/java/com/google/auto/value/processor/ExtensionTest.java: /home/travis/.m2/repository/com/google/testing/compile/compile-testing/0.10/compile-testing-0.10.jar(com/google/testing/compile/JavaSourcesSubject.class): major version 52 is newer than 51, the highest major version supported by this compiler.
  It is recommended that the compiler be upgraded.
[WARNING] /home/travis/build/google/auto/value/src/test/java/com/google/auto/value/processor/ExtensionTest.java: /home/travis/.m2/repository/com/google/testing/compile/compile-testing/0.10/compile-testing-0.10.jar(com/google/testing/compile/CompileTester.class): major version 52 is newer than 51, the highest major version supported by this compiler.
  It is recommended that the compiler be upgraded.
[WARNING] /home/travis/build/google/auto/value/src/test/java/com/google/auto/value/processor/ExtensionTest.java: /home/travis/.m2/repository/com/google/testing/compile/compile-testing/0.10/compile-testing-0.10.jar(com/google/testing/compile/ProcessedCompileTesterFactory.class): major version 52 is newer than 51, the highest major version supported by this compiler.
  It is recommended that the compiler be upgraded.
[WARNING] /home/travis/build/google/auto/value/src/test/java/com/google/auto/value/processor/ExtensionTest.java: /home/travis/.m2/repository/com/google/testing/compile/compile-testing/0.10/compile-testing-0.10.jar(com/google/testing/compile/CompileTester$SuccessfulCompilationClause.class): major version 52 is newer than 51, the highest major version supported by this compiler.
  It is recommended that the compiler be upgraded.
[WARNING] /home/travis/build/google/auto/value/src/test/java/com/google/auto/value/processor/ExtensionTest.java: /home/travis/.m2/repository/com/google/testing/compile/compile-testing/0.10/compile-testing-0.10.jar(com/google/testing/compile/JavaFileObjects.class): major version 52 is newer than 51, the highest major version supported by this compiler.
  It is recommended that the compiler be upgraded.
[WARNING] /home/travis/build/google/auto/value/src/test/java/com/google/auto/value/extension/memoized/MemoizedMethodSubject.java: /home/travis/.m2/repository/com/google/testing/compile/compile-testing/0.10/compile-testing-0.10.jar(com/google/testing/compile/JavaSourceSubjectFactory.class): major version 52 is newer than 51, the highest major version supported by this compiler.
  It is recommended that the compiler be upgraded.
[WARNING] /home/travis/build/google/auto/value/src/test/java/com/google/auto/value/processor/AutoAnnotationErrorsTest.java: /home/travis/.m2/repository/com/google/testing/compile/compile-testing/0.10/compile-testing-0.10.jar(com/google/testing/compile/JavaSourcesSubjectFactory.class): major version 52 is newer than 51, the highest major version supported by this compiler.
  It is recommended that the compiler be upgraded.
[WARNING] /home/travis/build/google/auto/value/src/test/java/com/google/auto/value/processor/ExtensionTest.java: /home/travis/.m2/repository/com/google/testing/compile/compile-testing/0.10/compile-testing-0.10.jar(com/google/testing/compile/JavaSourcesSubject.class): major version 52 is newer than 51, the highest major version supported by this compiler.
  It is recommended that the compiler be upgraded.
[WARNING] /home/travis/build/google/auto/value/src/test/java/com/google/auto/value/processor/ExtensionTest.java: /home/travis/.m2/repository/com/google/testing/compile/compile-testing/0.10/compile-testing-0.10.jar(com/google/testing/compile/CompileTester.class): major version 52 is newer than 51, the highest major version supported by this compiler.
  It is recommended that the compiler be upgraded.
[WARNING] /home/travis/build/google/auto/value/src/test/java/com/google/auto/value/processor/ExtensionTest.java: /home/travis/.m2/repository/com/google/testing/compile/compile-testing/0.10/compile-testing-0.10.jar(com/google/testing/compile/ProcessedCompileTesterFactory.class): major version 52 is newer than 51, the highest major version supported by this compiler.
  It is recommended that the compiler be upgraded.
[WARNING] /home/travis/build/google/auto/value/src/test/java/com/google/auto/value/processor/ExtensionTest.java: /home/travis/.m2/repository/com/google/testing/compile/compile-testing/0.10/compile-testing-0.10.jar(com/google/testing/compile/CompileTester$SuccessfulCompilationClause.class): major version 52 is newer than 51, the highest major version supported by this compiler.
  It is recommended that the compiler be upgraded.
[WARNING] /home/travis/build/google/auto/value/src/test/java/com/google/auto/value/processor/ExtensionTest.java: /home/travis/.m2/repository/com/google/testing/compile/compile-testing/0.10/compile-testing-0.10.jar(com/google/testing/compile/JavaFileObjects.class): major version 52 is newer than 51, the highest major version supported by this compiler.
  It is recommended that the compiler be upgraded.
[WARNING] /home/travis/build/google/auto/value/src/test/java/com/google/auto/value/extension/memoized/MemoizedMethodSubject.java: /home/travis/.m2/repository/com/google/testing/compile/compile-testing/0.10/compile-testing-0.10.jar(com/google/testing/compile/JavaSourceSubjectFactory.class): major version 52 is newer than 51, the highest major version supported by this compiler.
  It is recommended that the compiler be upgraded.
[WARNING] /home/travis/build/google/auto/value/src/test/java/com/google/auto/value/processor/AutoAnnotationErrorsTest.java: /home/travis/.m2/repository/com/google/testing/compile/compile-testing/0.10/compile-testing-0.10.jar(com/google/testing/compile/JavaSourcesSubjectFactory.class): major version 52 is newer than 51, the highest major version supported by this compiler.
  It is recommended that the compiler be upgraded.
[WARNING] /home/travis/build/google/auto/value/src/test/java/com/google/auto/value/processor/ExtensionTest.java: /home/travis/.m2/repository/com/google/testing/compile/compile-testing/0.10/compile-testing-0.10.jar(com/google/testing/compile/CompileTester$CompilationWithWarningsClause.class): major version 52 is newer than 51, the highest major version supported by this compiler.
  It is recommended that the compiler be upgraded.
[WARNING] /home/travis/build/google/auto/value/src/test/java/com/google/auto/value/processor/ExtensionTest.java: /home/travis/.m2/repository/com/google/testing/compile/compile-testing/0.10/compile-testing-0.10.jar(com/google/testing/compile/CompileTester$CompilationWithNotesClause.class): major version 52 is newer than 51, the highest major version supported by this compiler.
  It is recommended that the compiler be upgraded.
[WARNING] /home/travis/build/google/auto/value/src/test/java/com/google/auto/value/processor/ExtensionTest.java: /home/travis/.m2/repository/com/google/testing/compile/compile-testing/0.10/compile-testing-0.10.jar(com/google/testing/compile/CompileTester$ChainingClause.class): major version 52 is newer than 51, the highest major version supported by this compiler.
  It is recommended that the compiler be upgraded.
[WARNING] /home/travis/build/google/auto/value/src/test/java/com/google/auto/value/processor/ExtensionTest.java: /home/travis/.m2/repository/com/google/testing/compile/compile-testing/0.10/compile-testing-0.10.jar(com/google/testing/compile/CompileTester$GeneratedPredicateClause.class): major version 52 is newer than 51, the highest major version supported by this compiler.
  It is recommended that the compiler be upgraded.
[WARNING] /home/travis/build/google/auto/value/src/test/java/com/google/auto/value/processor/ExtensionTest.java: /home/travis/.m2/repository/com/google/testing/compile/compile-testing/0.10/compile-testing-0.10.jar(com/google/testing/compile/CompileTester$CleanCompilationClause.class): major version 52 is newer than 51, the highest major version supported by this compiler.
  It is recommended that the compiler be upgraded.
[WARNING] /home/travis/build/google/auto/value/src/test/java/com/google/auto/value/processor/ExtensionTest.java: /home/travis/.m2/repository/com/google/testing/compile/compile-testing/0.10/compile-testing-0.10.jar(com/google/testing/compile/CompileTester$UnsuccessfulCompilationClause.class): major version 52 is newer than 51, the highest major version supported by this compiler.
  It is recommended that the compiler be upgraded.
[WARNING] /home/travis/build/google/auto/value/src/test/java/com/google/auto/value/processor/ExtensionTest.java: /home/travis/.m2/repository/com/google/testing/compile/compile-testing/0.10/compile-testing-0.10.jar(com/google/testing/compile/CompileTester$FileClause.class): major version 52 is newer than 51, the highest major version supported by this compiler.
  It is recommended that the compiler be upgraded.
[WARNING] /home/travis/build/google/auto/value/src/test/java/com/google/auto/value/processor/ExtensionTest.java: /home/travis/.m2/repository/com/google/testing/compile/compile-testing/0.10/compile-testing-0.10.jar(com/google/testing/compile/CompileTester$LineClause.class): major version 52 is newer than 51, the highest major version supported by this compiler.
  It is recommended that the compiler be upgraded.
[WARNING] /home/travis/build/google/auto/value/src/test/java/com/google/auto/value/processor/ExtensionTest.java: /home/travis/.m2/repository/com/google/testing/compile/compile-testing/0.10/compile-testing-0.10.jar(com/google/testing/compile/CompileTester$ColumnClause.class): major version 52 is newer than 51, the highest major version supported by this compiler.
  It is recommended that the compiler be upgraded.
[WARNING] /home/travis/build/google/auto/value/src/test/java/com/google/auto/value/processor/ExtensionTest.java: /home/travis/.m2/repository/com/google/testing/compile/compile-testing/0.10/compile-testing-0.10.jar(com/google/testing/compile/CompileTester$SuccessfulFileClause.class): major version 52 is newer than 51, the highest major version supported by this compiler.
  It is recommended that the compiler be upgraded.
[WARNING] /home/travis/build/google/auto/value/src/test/java/com/google/auto/value/extension/memoized/MemoizedMethodSubject.java:[44,13] getSubject() in com.google.common.truth.Subject has been deprecated
[WARNING] /home/travis/build/google/auto/value/src/test/java/com/google/auto/value/extension/memoized/MemoizedMethodSubject.java: /home/travis/.m2/repository/com/google/testing/compile/compile-testing/0.10/compile-testing-0.10.jar(com/google/testing/compile/JavaSourcesSubject$SingleSourceAdapter.class): major version 52 is newer than 51, the highest major version supported by this compiler.
  It is recommended that the compiler be upgraded.
[INFO] 
[INFO] --- maven-surefire-plugin:2.12.4:test (default-test) @ auto-value ---
[INFO] Surefire report directory: /home/travis/build/google/auto/value/target/surefire-reports

-------------------------------------------------------
 T E S T S
-------------------------------------------------------
org.apache.maven.surefire.util.SurefireReflectionException: java.lang.reflect.InvocationTargetException; nested exception is java.lang.reflect.InvocationTargetException: null
java.lang.reflect.InvocationTargetException
	at sun.reflect.NativeMethodAccessorImpl.invoke0(Native Method)
	at sun.reflect.NativeMethodAccessorImpl.invoke(NativeMethodAccessorImpl.java:57)
	at sun.reflect.DelegatingMethodAccessorImpl.invoke(DelegatingMethodAccessorImpl.java:43)
	at java.lang.reflect.Method.invoke(Method.java:606)
	at org.apache.maven.surefire.util.ReflectionUtils.invokeMethodWithArray(ReflectionUtils.java:189)
	at org.apache.maven.surefire.booter.ProviderFactory$ProviderProxy.invoke(ProviderFactory.java:165)
	at org.apache.maven.surefire.booter.ProviderFactory.invokeProvider(ProviderFactory.java:85)
	at org.apache.maven.surefire.booter.ForkedBooter.runSuitesInProcess(ForkedBooter.java:115)
	at org.apache.maven.surefire.booter.ForkedBooter.main(ForkedBooter.java:75)
Caused by: java.lang.UnsupportedClassVersionError: com/google/testing/compile/JavaSourcesSubjectFactory : Unsupported major.minor version 52.0
	at java.lang.ClassLoader.defineClass1(Native Method)
	at java.lang.ClassLoader.defineClass(ClassLoader.java:800)
	at java.security.SecureClassLoader.defineClass(SecureClassLoader.java:142)
	at java.net.URLClassLoader.defineClass(URLClassLoader.java:449)
	at java.net.URLClassLoader.access$100(URLClassLoader.java:71)
	at java.net.URLClassLoader$1.run(URLClassLoader.java:361)
	at java.net.URLClassLoader$1.run(URLClassLoader.java:355)
	at java.security.AccessController.doPrivileged(Native Method)
	at java.net.URLClassLoader.findClass(URLClassLoader.java:354)
	at java.lang.ClassLoader.loadClass(ClassLoader.java:425)
	at sun.misc.Launcher$AppClassLoader.loadClass(Launcher.java:308)
	at java.lang.ClassLoader.loadClass(ClassLoader.java:358)
	at java.lang.Class.getDeclaredMethods0(Native Method)
	at java.lang.Class.privateGetDeclaredMethods(Class.java:2615)
	at java.lang.Class.getMethod0(Class.java:2856)
	at java.lang.Class.getMethod(Class.java:1668)
	at org.apache.maven.surefire.util.ReflectionUtils.tryGetMethod(ReflectionUtils.java:57)
	at org.apache.maven.surefire.common.junit3.JUnit3TestChecker.isSuiteOnly(JUnit3TestChecker.java:64)
	at org.apache.maven.surefire.common.junit3.JUnit3TestChecker.isValidJUnit3Test(JUnit3TestChecker.java:59)
	at org.apache.maven.surefire.common.junit3.JUnit3TestChecker.accept(JUnit3TestChecker.java:54)
	at org.apache.maven.surefire.common.junit4.JUnit4TestChecker.accept(JUnit4TestChecker.java:51)
	at org.apache.maven.surefire.util.DefaultScanResult.applyFilter(DefaultScanResult.java:97)
	at org.apache.maven.surefire.junit4.JUnit4Provider.scanClassPath(JUnit4Provider.java:194)
	at org.apache.maven.surefire.junit4.JUnit4Provider.invoke(JUnit4Provider.java:92)
	... 9 more

Results :

Tests run: 0, Failures: 0, Errors: 0, Skipped: 0

[INFO]                                                                         
[INFO] ------------------------------------------------------------------------
[INFO] Building build-only NO_VERSION
[INFO] ------------------------------------------------------------------------
[INFO] ------------------------------------------------------------------------
[INFO] Reactor Summary:
[INFO] 
[INFO] Auto (Parent) ...................................... SUCCESS [  0.472 s]
[INFO] Auto Common Libraries .............................. SUCCESS [ 10.414 s]
[INFO] AutoFactory ........................................ SUCCESS [ 17.565 s]
[INFO] AutoService ........................................ SUCCESS [  1.209 s]
[INFO] AutoValue .......................................... FAILURE [  1.983 s]
[INFO] build-only ......................................... SUCCESS [  0.000 s]
[INFO] ------------------------------------------------------------------------
[INFO] BUILD FAILURE
[INFO] ------------------------------------------------------------------------
[INFO] Total time: 31.971 s
[INFO] Finished at: 2016-12-20T21:50:25+00:00
[INFO] Final Memory: 29M/446M
[INFO] ------------------------------------------------------------------------
[ERROR] Failed to execute goal org.apache.maven.plugins:maven-surefire-plugin:2.12.4:test (default-test) on project auto-value: Execution default-test of goal org.apache.maven.plugins:maven-surefire-plugin:2.12.4:test failed: The forked VM terminated without saying properly goodbye. VM crash or System.exit called ? -> [Help 1]
[ERROR] 
[ERROR] To see the full stack trace of the errors, re-run Maven with the -e switch.
[ERROR] Re-run Maven using the -X switch to enable full debug logging.
[ERROR] 
[ERROR] For more information about the errors and possible solutions, please read the following articles:
[ERROR] [Help 1] http://cwiki.apache.org/confluence/display/MAVEN/PluginExecutionException
[ERROR] 
[ERROR] After correcting the problems, you can resume the build with the command
[ERROR]   mvn <goals> -rf :auto-value

travis_time:end:0aa6dd40:start=1482270591852881650,finish=1482270625760050076,duration=33907168426[0K
[31;1mThe command "mvn -B -U -f build-pom.xml verify --fail-at-end -Dsource.skip=true -Dmaven.javadoc.skip=true" exited with 1.[0m

Done. Your build exited with 1.
