Using worker: worker-linux-docker-638f268a.prod.travis-ci.org:travis-linux-6

travis_fold:start:system_info[0K[33;1mBuild system information[0m
Build language: java
[34m[1mBuild image provisioning date and time[0m
Thu Feb  5 15:09:33 UTC 2015
[34m[1mOperating System Details[0m
Distributor ID:	Ubuntu
Description:	Ubuntu 12.04.5 LTS
Release:	12.04
Codename:	precise
[34m[1mLinux Version[0m
3.13.0-29-generic
[34m[1mCookbooks Version[0m
a68419e https://github.com/travis-ci/travis-cookbooks/tree/a68419e
[34m[1mGCC version[0m
gcc (Ubuntu/Linaro 4.6.3-1ubuntu5) 4.6.3
Copyright (C) 2011 Free Software Foundation, Inc.
This is free software; see the source for copying conditions.  There is NO
warranty; not even for MERCHANTABILITY or FITNESS FOR A PARTICULAR PURPOSE.

[34m[1mLLVM version[0m
clang version 3.4 (tags/RELEASE_34/final)
Target: x86_64-unknown-linux-gnu
Thread model: posix
[34m[1mPre-installed Ruby versions[0m
ruby-1.9.3-p551
[34m[1mPre-installed Node.js versions[0m
v0.10.36
[34m[1mPre-installed Go versions[0m
1.4.1
[34m[1mRedis version[0m
redis-server 2.8.19
[34m[1mriak version[0m
2.0.2
[34m[1mMongoDB version[0m
MongoDB 2.4.12
[34m[1mCouchDB version[0m
couchdb 1.6.1
[34m[1mNeo4j version[0m
1.9.4
[34m[1mRabbitMQ Version[0m
3.4.3
[34m[1mElasticSearch version[0m
1.4.0
[34m[1mInstalled Sphinx versions[0m
2.0.10
2.1.9
2.2.6
[34m[1mDefault Sphinx version[0m
2.2.6
[34m[1mInstalled Firefox version[0m
firefox 31.0esr
[34m[1mPhantomJS version[0m
1.9.8
[34m[1mant -version[0m
Apache Ant(TM) version 1.8.2 compiled on December 3 2011
[34m[1mmvn -version[0m
Apache Maven 3.2.5 (12a6b3acb947671f09b81f49094c53f426d8cea1; 2014-12-14T17:29:23+00:00)
Maven home: /usr/local/maven
Java version: 1.7.0_76, vendor: Oracle Corporation
Java home: /usr/lib/jvm/java-7-oracle/jre
Default locale: en_US, platform encoding: ANSI_X3.4-1968
OS name: "linux", version: "3.13.0-29-generic", arch: "amd64", family: "unix"
travis_fold:end:system_info[0K
travis_fold:start:git.checkout[0Ktravis_time:start:00a1be90[0K$ git clone --depth=50 --branch=jwilson_0705_imports_bug git://github.com/square/javapoet.git square/javapoet
Cloning into 'square/javapoet'...
remote: Counting objects: 747, done.[K
remote: Compressing objects:   0% (1/256)   [Kremote: Compressing objects:   1% (3/256)   [Kremote: Compressing objects:   2% (6/256)   [Kremote: Compressing objects:   3% (8/256)   [Kremote: Compressing objects:   4% (11/256)   [Kremote: Compressing objects:   5% (13/256)   [Kremote: Compressing objects:   6% (16/256)   [Kremote: Compressing objects:   7% (18/256)   [Kremote: Compressing objects:   8% (21/256)   [Kremote: Compressing objects:   9% (24/256)   [Kremote: Compressing objects:  10% (26/256)   [Kremote: Compressing objects:  11% (29/256)   [Kremote: Compressing objects:  12% (31/256)   [Kremote: Compressing objects:  13% (34/256)   [Kremote: Compressing objects:  14% (36/256)   [Kremote: Compressing objects:  15% (39/256)   [Kremote: Compressing objects:  16% (41/256)   [Kremote: Compressing objects:  17% (44/256)   [Kremote: Compressing objects:  18% (47/256)   [Kremote: Compressing objects:  19% (49/256)   [Kremote: Compressing objects:  20% (52/256)   [Kremote: Compressing objects:  21% (54/256)   [Kremote: Compressing objects:  22% (57/256)   [Kremote: Compressing objects:  23% (59/256)   [Kremote: Compressing objects:  24% (62/256)   [Kremote: Compressing objects:  25% (64/256)   [Kremote: Compressing objects:  26% (67/256)   [Kremote: Compressing objects:  27% (70/256)   [Kremote: Compressing objects:  28% (72/256)   [Kremote: Compressing objects:  29% (75/256)   [Kremote: Compressing objects:  30% (77/256)   [Kremote: Compressing objects:  31% (80/256)   [Kremote: Compressing objects:  32% (82/256)   [Kremote: Compressing objects:  33% (85/256)   [Kremote: Compressing objects:  34% (88/256)   [Kremote: Compressing objects:  35% (90/256)   [Kremote: Compressing objects:  36% (93/256)   [Kremote: Compressing objects:  37% (95/256)   [Kremote: Compressing objects:  38% (98/256)   [Kremote: Compressing objects:  39% (100/256)   [Kremote: Compressing objects:  40% (103/256)   [Kremote: Compressing objects:  41% (105/256)   [Kremote: Compressing objects:  42% (108/256)   [Kremote: Compressing objects:  43% (111/256)   [Kremote: Compressing objects:  44% (113/256)   [Kremote: Compressing objects:  45% (116/256)   [Kremote: Compressing objects:  46% (118/256)   [Kremote: Compressing objects:  47% (121/256)   [Kremote: Compressing objects:  48% (123/256)   [Kremote: Compressing objects:  49% (126/256)   [Kremote: Compressing objects:  50% (128/256)   [Kremote: Compressing objects:  51% (131/256)   [Kremote: Compressing objects:  52% (134/256)   [Kremote: Compressing objects:  53% (136/256)   [Kremote: Compressing objects:  54% (139/256)   [Kremote: Compressing objects:  55% (141/256)   [Kremote: Compressing objects:  56% (144/256)   [Kremote: Compressing objects:  57% (146/256)   [Kremote: Compressing objects:  58% (149/256)   [Kremote: Compressing objects:  59% (152/256)   [Kremote: Compressing objects:  60% (154/256)   [Kremote: Compressing objects:  61% (157/256)   [Kremote: Compressing objects:  62% (159/256)   [Kremote: Compressing objects:  63% (162/256)   [Kremote: Compressing objects:  64% (164/256)   [Kremote: Compressing objects:  65% (167/256)   [Kremote: Compressing objects:  66% (169/256)   [Kremote: Compressing objects:  67% (172/256)   [Kremote: Compressing objects:  68% (175/256)   [Kremote: Compressing objects:  69% (177/256)   [Kremote: Compressing objects:  70% (180/256)   [Kremote: Compressing objects:  71% (182/256)   [Kremote: Compressing objects:  72% (185/256)   [Kremote: Compressing objects:  73% (187/256)   [Kremote: Compressing objects:  74% (190/256)   [Kremote: Compressing objects:  75% (192/256)   [Kremote: Compressing objects:  76% (195/256)   [Kremote: Compressing objects:  77% (198/256)   [Kremote: Compressing objects:  78% (200/256)   [Kremote: Compressing objects:  79% (203/256)   [Kremote: Compressing objects:  80% (205/256)   [Kremote: Compressing objects:  81% (208/256)   [Kremote: Compressing objects:  82% (210/256)   [Kremote: Compressing objects:  83% (213/256)   [Kremote: Compressing objects:  84% (216/256)   [Kremote: Compressing objects:  85% (218/256)   [Kremote: Compressing objects:  86% (221/256)   [Kremote: Compressing objects:  87% (223/256)   [Kremote: Compressing objects:  88% (226/256)   [Kremote: Compressing objects:  89% (228/256)   [Kremote: Compressing objects:  90% (231/256)   [Kremote: Compressing objects:  91% (233/256)   [Kremote: Compressing objects:  92% (236/256)   [Kremote: Compressing objects:  93% (239/256)   [Kremote: Compressing objects:  94% (241/256)   [Kremote: Compressing objects:  95% (244/256)   [Kremote: Compressing objects:  96% (246/256)   [Kremote: Compressing objects:  97% (249/256)   [Kremote: Compressing objects:  98% (251/256)   [Kremote: Compressing objects:  99% (254/256)   [Kremote: Compressing objects: 100% (256/256)   [Kremote: Compressing objects: 100% (256/256), done.[K
Receiving objects:   0% (1/747)   Receiving objects:   1% (8/747)   Receiving objects:   2% (15/747)   Receiving objects:   3% (23/747)   Receiving objects:   4% (30/747)   Receiving objects:   5% (38/747)   Receiving objects:   6% (45/747)   Receiving objects:   7% (53/747)   Receiving objects:   8% (60/747)   Receiving objects:   9% (68/747)   Receiving objects:  10% (75/747)   Receiving objects:  11% (83/747)   Receiving objects:  12% (90/747)   Receiving objects:  13% (98/747)   Receiving objects:  14% (105/747)   Receiving objects:  15% (113/747)   Receiving objects:  16% (120/747)   Receiving objects:  17% (127/747)   Receiving objects:  18% (135/747)   Receiving objects:  19% (142/747)   Receiving objects:  20% (150/747)   Receiving objects:  21% (157/747)   Receiving objects:  22% (165/747)   Receiving objects:  23% (172/747)   Receiving objects:  24% (180/747)   Receiving objects:  25% (187/747)   Receiving objects:  26% (195/747)   Receiving objects:  27% (202/747)   remote: Total 747 (delta 253), reused 664 (delta 187), pack-reused 0[K
Receiving objects:  28% (210/747)   Receiving objects:  29% (217/747)   Receiving objects:  30% (225/747)   Receiving objects:  31% (232/747)   Receiving objects:  32% (240/747)   Receiving objects:  33% (247/747)   Receiving objects:  34% (254/747)   Receiving objects:  35% (262/747)   Receiving objects:  36% (269/747)   Receiving objects:  37% (277/747)   Receiving objects:  38% (284/747)   Receiving objects:  39% (292/747)   Receiving objects:  40% (299/747)   Receiving objects:  41% (307/747)   Receiving objects:  42% (314/747)   Receiving objects:  43% (322/747)   Receiving objects:  44% (329/747)   Receiving objects:  45% (337/747)   Receiving objects:  46% (344/747)   Receiving objects:  47% (352/747)   Receiving objects:  48% (359/747)   Receiving objects:  49% (367/747)   Receiving objects:  50% (374/747)   Receiving objects:  51% (381/747)   Receiving objects:  52% (389/747)   Receiving objects:  53% (396/747)   Receiving objects:  54% (404/747)   Receiving objects:  55% (411/747)   Receiving objects:  56% (419/747)   Receiving objects:  57% (426/747)   Receiving objects:  58% (434/747)   Receiving objects:  59% (441/747)   Receiving objects:  60% (449/747)   Receiving objects:  61% (456/747)   Receiving objects:  62% (464/747)   Receiving objects:  63% (471/747)   Receiving objects:  64% (479/747)   Receiving objects:  65% (486/747)   Receiving objects:  66% (494/747)   Receiving objects:  67% (501/747)   Receiving objects:  68% (508/747)   Receiving objects:  69% (516/747)   Receiving objects:  70% (523/747)   Receiving objects:  71% (531/747)   Receiving objects:  72% (538/747)   Receiving objects:  73% (546/747)   Receiving objects:  74% (553/747)   Receiving objects:  75% (561/747)   Receiving objects:  76% (568/747)   Receiving objects:  77% (576/747)   Receiving objects:  78% (583/747)   Receiving objects:  79% (591/747)   Receiving objects:  80% (598/747)   Receiving objects:  81% (606/747)   Receiving objects:  82% (613/747)   Receiving objects:  83% (621/747)   Receiving objects:  84% (628/747)   Receiving objects:  85% (635/747)   Receiving objects:  86% (643/747)   Receiving objects:  87% (650/747)   Receiving objects:  88% (658/747)   Receiving objects:  89% (665/747)   Receiving objects:  90% (673/747)   Receiving objects:  91% (680/747)   Receiving objects:  92% (688/747)   Receiving objects:  93% (695/747)   Receiving objects:  94% (703/747)   Receiving objects:  95% (710/747)   Receiving objects:  96% (718/747)   Receiving objects:  97% (725/747)   Receiving objects:  98% (733/747)   Receiving objects:  99% (740/747)   Receiving objects: 100% (747/747)   Receiving objects: 100% (747/747), 175.46 KiB | 0 bytes/s, done.
Resolving deltas:   0% (0/253)   Resolving deltas:  26% (67/253)   Resolving deltas:  28% (71/253)   Resolving deltas:  31% (79/253)   Resolving deltas:  34% (87/253)   Resolving deltas:  37% (95/253)   Resolving deltas:  39% (100/253)   Resolving deltas:  41% (104/253)   Resolving deltas:  43% (110/253)   Resolving deltas:  44% (113/253)   Resolving deltas:  47% (121/253)   Resolving deltas:  49% (126/253)   Resolving deltas:  52% (132/253)   Resolving deltas:  59% (150/253)   Resolving deltas:  61% (155/253)   Resolving deltas:  73% (186/253)   Resolving deltas:  74% (188/253)   Resolving deltas:  81% (206/253)   Resolving deltas:  83% (210/253)   Resolving deltas:  84% (214/253)   Resolving deltas:  86% (219/253)   Resolving deltas:  90% (230/253)   Resolving deltas:  91% (231/253)   Resolving deltas:  97% (246/253)   Resolving deltas:  99% (251/253)   Resolving deltas: 100% (253/253)   Resolving deltas: 100% (253/253), done.
Checking connectivity... done.
travis_time:end:00a1be90:start=1436106172197207616,finish=1436106172472578460,duration=275370844[0K$ cd square/javapoet
$ git checkout -qf 12ffaab09687925b6fddf720dfd65facd63395f0
travis_fold:end:git.checkout[0K
[33;1mThis job is running on container-based infrastructure, which does not allow use of 'sudo', setuid and setguid executables.[0m
[33;1mIf you require sudo, add 'sudo: required' to your .travis.yml[0m
[33;1mSee http://docs.travis-ci.com/user/workers/container-based-infrastructure/ for details.[0m

[33;1mSetting environment variables from .travis.yml[0m
$ export CI_DEPLOY_USERNAME=[secure]
$ export CI_DEPLOY_PASSWORD=[secure]

travis_fold:start:cache.1[0KSetting up build cache
$ export CASHER_DIR=$HOME/.casher
travis_time:start:043b32fc[0K$ Installing caching utilities
travis_time:end:043b32fc:start=1436106174601544035,finish=1436106174663431807,duration=61887772[0Ktravis_time:start:11d09ea1[0Kattempting to download cache archive
fetching jwilson_0705_imports_bug/cache--jdk-oraclejdk7.tgz
found cache
travis_time:end:11d09ea1:start=1436106174669844100,finish=1436106175592908461,duration=923064361[0Ktravis_time:start:1adf14da[0Kadding /home/travis/.m2 to cache
travis_time:end:1adf14da:start=1436106175597988383,finish=1436106176279817434,duration=681829051[0Ktravis_fold:end:cache.1[0K$ jdk_switcher use oraclejdk7
Switching to Oracle JDK7 (java-7-oracle), JAVA_HOME will be set to /usr/lib/jvm/java-7-oracle
$ java -Xmx32m -version
java version "1.7.0_76"
Java(TM) SE Runtime Environment (build 1.7.0_76-b13)
Java HotSpot(TM) 64-Bit Server VM (build 24.76-b04, mixed mode)
$ javac -J-Xmx32m -version
javac 1.7.0_76
travis_fold:start:install[0Ktravis_time:start:010b0c8d[0K$ mvn install -DskipTests=true -Dmaven.javadoc.skip=true -B -V
Apache Maven 3.2.5 (12a6b3acb947671f09b81f49094c53f426d8cea1; 2014-12-14T17:29:23+00:00)
Maven home: /usr/local/maven
Java version: 1.7.0_76, vendor: Oracle Corporation
Java home: /usr/lib/jvm/java-7-oracle/jre
Default locale: en_US, platform encoding: UTF-8
OS name: "linux", version: "3.13.0-40-generic", arch: "amd64", family: "unix"
[INFO] Scanning for projects...
[INFO]                                                                         
[INFO] ------------------------------------------------------------------------
[INFO] Building JavaPoet 1.3.0-SNAPSHOT
[INFO] ------------------------------------------------------------------------
[INFO] Downloading: https://repository.apache.org/snapshots/com/google/truth/truth/1.0-SNAPSHOT/maven-metadata.xml
[INFO] Downloading: https://repository.apache.org/snapshots/com/google/truth/truth-parent/1.0-SNAPSHOT/maven-metadata.xml
[INFO] Downloading: https://repository.apache.org/snapshots/com/google/testing/compile/compile-testing/1.0-SNAPSHOT/maven-metadata.xml
[INFO] 
[INFO] --- maven-enforcer-plugin:1.0:enforce (enforce-maven) @ javapoet ---
[INFO] 
[INFO] --- maven-resources-plugin:2.6:resources (default-resources) @ javapoet ---
[INFO] Using 'UTF-8' encoding to copy filtered resources.
[INFO] skip non existing resourceDirectory /home/travis/build/square/javapoet/src/main/resources
[INFO] 
[INFO] --- maven-compiler-plugin:3.0:compile (default-compile) @ javapoet ---
[INFO] Changes detected - recompiling the module!
[INFO] Compiling 15 source files to /home/travis/build/square/javapoet/target/classes
[INFO] 
[INFO] --- maven-resources-plugin:2.6:testResources (default-testResources) @ javapoet ---
[INFO] Using 'UTF-8' encoding to copy filtered resources.
[INFO] skip non existing resourceDirectory /home/travis/build/square/javapoet/src/test/resources
[INFO] 
[INFO] --- maven-compiler-plugin:3.0:testCompile (default-testCompile) @ javapoet ---
[INFO] Changes detected - recompiling the module!
[INFO] Compiling 12 source files to /home/travis/build/square/javapoet/target/test-classes
[INFO] 
[INFO] --- maven-surefire-plugin:2.12.4:test (default-test) @ javapoet ---
[INFO] Tests are skipped.
[INFO] 
[INFO] --- maven-jar-plugin:2.4:jar (default-jar) @ javapoet ---
[INFO] Building jar: /home/travis/build/square/javapoet/target/javapoet-1.3.0-SNAPSHOT.jar
[INFO] 
[INFO] --- maven-checkstyle-plugin:2.13:checkstyle (default) @ javapoet ---
[INFO] Starting audit...
Audit done.

[WARNING] Unable to locate Source XRef to link to - DISABLED
[INFO] 
[INFO] --- maven-install-plugin:2.4:install (default-install) @ javapoet ---
[INFO] Installing /home/travis/build/square/javapoet/target/javapoet-1.3.0-SNAPSHOT.jar to /home/travis/.m2/repository/com/squareup/javapoet/1.3.0-SNAPSHOT/javapoet-1.3.0-SNAPSHOT.jar
[INFO] Installing /home/travis/build/square/javapoet/pom.xml to /home/travis/.m2/repository/com/squareup/javapoet/1.3.0-SNAPSHOT/javapoet-1.3.0-SNAPSHOT.pom
[INFO] ------------------------------------------------------------------------
[INFO] BUILD SUCCESS
[INFO] ------------------------------------------------------------------------
[INFO] Total time: 11.920 s
[INFO] Finished at: 2015-07-05T14:23:11+00:00
[INFO] Final Memory: 28M/465M
[INFO] ------------------------------------------------------------------------
travis_time:end:010b0c8d:start=1436106176702363813,finish=1436106191973317125,duration=15270953312[0Ktravis_fold:end:install[0Ktravis_time:start:009f93d5[0K$ mvn test -B
[INFO] Scanning for projects...
[INFO]                                                                         
[INFO] ------------------------------------------------------------------------
[INFO] Building JavaPoet 1.3.0-SNAPSHOT
[INFO] ------------------------------------------------------------------------
[INFO] Downloading: https://repository.apache.org/snapshots/com/google/truth/truth/1.0-SNAPSHOT/maven-metadata.xml
[INFO] Downloading: https://repository.apache.org/snapshots/com/google/truth/truth-parent/1.0-SNAPSHOT/maven-metadata.xml
[INFO] Downloading: https://repository.apache.org/snapshots/com/google/testing/compile/compile-testing/1.0-SNAPSHOT/maven-metadata.xml
[INFO] 
[INFO] --- maven-enforcer-plugin:1.0:enforce (enforce-maven) @ javapoet ---
[INFO] 
[INFO] --- maven-resources-plugin:2.6:resources (default-resources) @ javapoet ---
[INFO] Using 'UTF-8' encoding to copy filtered resources.
[INFO] skip non existing resourceDirectory /home/travis/build/square/javapoet/src/main/resources
[INFO] 
[INFO] --- maven-compiler-plugin:3.0:compile (default-compile) @ javapoet ---
[INFO] Changes detected - recompiling the module!
[INFO] Compiling 15 source files to /home/travis/build/square/javapoet/target/classes
[INFO] 
[INFO] --- maven-resources-plugin:2.6:testResources (default-testResources) @ javapoet ---
[INFO] Using 'UTF-8' encoding to copy filtered resources.
[INFO] skip non existing resourceDirectory /home/travis/build/square/javapoet/src/test/resources
[INFO] 
[INFO] --- maven-compiler-plugin:3.0:testCompile (default-testCompile) @ javapoet ---
[INFO] Changes detected - recompiling the module!
[INFO] Compiling 12 source files to /home/travis/build/square/javapoet/target/test-classes
[INFO] 
[INFO] --- maven-surefire-plugin:2.12.4:test (default-test) @ javapoet ---
[INFO] Surefire report directory: /home/travis/build/square/javapoet/target/surefire-reports

-------------------------------------------------------
 T E S T S
-------------------------------------------------------
Running com.squareup.javapoet.FileReadingTest
Tests run: 5, Failures: 0, Errors: 0, Skipped: 0, Time elapsed: 1.25 sec
Running com.squareup.javapoet.FileWritingTest
Tests run: 10, Failures: 0, Errors: 0, Skipped: 0, Time elapsed: 0.432 sec
Running com.squareup.javapoet.MethodSpecTest
Tests run: 8, Failures: 0, Errors: 0, Skipped: 0, Time elapsed: 0.522 sec
Running com.squareup.javapoet.TypeSpecTest
Tests run: 86, Failures: 0, Errors: 0, Skipped: 2, Time elapsed: 1.992 sec
Running com.squareup.javapoet.AnnotationSpecTest
Tests run: 5, Failures: 0, Errors: 0, Skipped: 0, Time elapsed: 0.114 sec
Running com.squareup.javapoet.CodeBlockTest
Tests run: 20, Failures: 0, Errors: 0, Skipped: 0, Time elapsed: 0.015 sec
Running com.squareup.javapoet.FieldSpecTest
Tests run: 1, Failures: 0, Errors: 0, Skipped: 0, Time elapsed: 0.001 sec
Running com.squareup.javapoet.JavaFileTest
Tests run: 9, Failures: 0, Errors: 0, Skipped: 1, Time elapsed: 0.018 sec
Running com.squareup.javapoet.ParameterSpecTest
Tests run: 1, Failures: 0, Errors: 0, Skipped: 0, Time elapsed: 0.001 sec
Running com.squareup.javapoet.ClassNameTest
Tests run: 10, Failures: 0, Errors: 0, Skipped: 0, Time elapsed: 0.122 sec
Running com.squareup.javapoet.TypesTest
Tests run: 18, Failures: 0, Errors: 0, Skipped: 0, Time elapsed: 0.313 sec

Results :

Tests run: 173, Failures: 0, Errors: 0, Skipped: 3

[INFO] ------------------------------------------------------------------------
[INFO] BUILD SUCCESS
[INFO] ------------------------------------------------------------------------
[INFO] Total time: 12.780 s
[INFO] Finished at: 2015-07-05T14:23:26+00:00
[INFO] Final Memory: 18M/465M
[INFO] ------------------------------------------------------------------------
travis_time:end:009f93d5:start=1436106191978477897,finish=1436106207209663582,duration=15231185685[0K
[32;1mThe command "mvn test -B" exited with 0.[0m
travis_fold:start:cache.2[0Kstore build cache
travis_time:start:0c48c730[0Kchanges detected, packing new archive
uploading archive
travis_time:end:0c48c730:start=1436106207215441513,finish=1436106209885055264,duration=2669613751[0Ktravis_fold:end:cache.2[0Ktravis_fold:start:after_success[0Ktravis_time:start:15753d38[0K$ .buildscript/deploy_snapshot.sh
Skipping snapshot deployment: wrong JDK. Expected 'oraclejdk8' but was 'oraclejdk7'.
travis_time:end:15753d38:start=1436106209890581941,finish=1436106209897170034,duration=6588093[0Ktravis_fold:end:after_success[0K
Done. Your build exited with 0.
