Using worker: worker-linux-docker-dc46e835.prod.travis-ci.org:travis-linux-1

travis_fold:start:system_info[0K[33;1mBuild system information[0m
Build language: java
[34m[1mBuild image provisioning date and time[0m
Thu Feb  5 15:09:33 UTC 2015
[34m[1mOperating System Details[0m
Distributor ID:	Ubuntu
Description:	Ubuntu 12.04.5 LTS
Release:	12.04
Codename:	precise
[34m[1mLinux Version[0m
3.13.0-29-generic
[34m[1mCookbooks Version[0m
a68419e https://github.com/travis-ci/travis-cookbooks/tree/a68419e
[34m[1mGCC version[0m
gcc (Ubuntu/Linaro 4.6.3-1ubuntu5) 4.6.3
Copyright (C) 2011 Free Software Foundation, Inc.
This is free software; see the source for copying conditions.  There is NO
warranty; not even for MERCHANTABILITY or FITNESS FOR A PARTICULAR PURPOSE.

[34m[1mLLVM version[0m
clang version 3.4 (tags/RELEASE_34/final)
Target: x86_64-unknown-linux-gnu
Thread model: posix
[34m[1mPre-installed Ruby versions[0m
ruby-1.9.3-p551
[34m[1mPre-installed Node.js versions[0m
v0.10.36
[34m[1mPre-installed Go versions[0m
1.4.1
[34m[1mRedis version[0m
redis-server 2.8.19
[34m[1mriak version[0m
2.0.2
[34m[1mMongoDB version[0m
MongoDB 2.4.12
[34m[1mCouchDB version[0m
couchdb 1.6.1
[34m[1mNeo4j version[0m
1.9.4
[34m[1mRabbitMQ Version[0m
3.4.3
[34m[1mElasticSearch version[0m
1.4.0
[34m[1mInstalled Sphinx versions[0m
2.0.10
2.1.9
2.2.6
[34m[1mDefault Sphinx version[0m
2.2.6
[34m[1mInstalled Firefox version[0m
firefox 31.0esr
[34m[1mPhantomJS version[0m
1.9.8
[34m[1mant -version[0m
Apache Ant(TM) version 1.8.2 compiled on December 3 2011
[34m[1mmvn -version[0m
Apache Maven 3.2.5 (12a6b3acb947671f09b81f49094c53f426d8cea1; 2014-12-14T17:29:23+00:00)
Maven home: /usr/local/maven
Java version: 1.7.0_76, vendor: Oracle Corporation
Java home: /usr/lib/jvm/java-7-oracle/jre
Default locale: en_US, platform encoding: ANSI_X3.4-1968
OS name: "linux", version: "3.13.0-29-generic", arch: "amd64", family: "unix"
travis_fold:end:system_info[0K
travis_fold:start:git.checkout[0Ktravis_time:start:18f9771c[0K$ git clone --depth=50 --branch=DATAJPA-307 git://github.com/spring-projects/spring-data-jpa.git spring-projects/spring-data-jpa
Cloning into 'spring-projects/spring-data-jpa'...
remote: Counting objects: 1173, done.[K
remote: Compressing objects:   0% (1/656)   [Kremote: Compressing objects:   1% (7/656)   [Kremote: Compressing objects:   2% (14/656)   [Kremote: Compressing objects:   3% (20/656)   [Kremote: Compressing objects:   4% (27/656)   [Kremote: Compressing objects:   5% (33/656)   [Kremote: Compressing objects:   6% (40/656)   [Kremote: Compressing objects:   7% (46/656)   [Kremote: Compressing objects:   8% (53/656)   [Kremote: Compressing objects:   9% (60/656)   [Kremote: Compressing objects:  10% (66/656)   [Kremote: Compressing objects:  11% (73/656)   [Kremote: Compressing objects:  12% (79/656)   [Kremote: Compressing objects:  13% (86/656)   [Kremote: Compressing objects:  14% (92/656)   [Kremote: Compressing objects:  15% (99/656)   [Kremote: Compressing objects:  16% (105/656)   [Kremote: Compressing objects:  17% (112/656)   [Kremote: Compressing objects:  18% (119/656)   [Kremote: Compressing objects:  19% (125/656)   [Kremote: Compressing objects:  20% (132/656)   [Kremote: Compressing objects:  21% (138/656)   [Kremote: Compressing objects:  22% (145/656)   [Kremote: Compressing objects:  23% (151/656)   [Kremote: Compressing objects:  24% (158/656)   [Kremote: Compressing objects:  25% (164/656)   [Kremote: Compressing objects:  26% (171/656)   [Kremote: Compressing objects:  27% (178/656)   [Kremote: Compressing objects:  28% (184/656)   [Kremote: Compressing objects:  29% (191/656)   [Kremote: Compressing objects:  30% (197/656)   [Kremote: Compressing objects:  31% (204/656)   [Kremote: Compressing objects:  32% (210/656)   [Kremote: Compressing objects:  33% (217/656)   [Kremote: Compressing objects:  34% (224/656)   [Kremote: Compressing objects:  35% (230/656)   [Kremote: Compressing objects:  36% (237/656)   [Kremote: Compressing objects:  37% (243/656)   [Kremote: Compressing objects:  38% (250/656)   [Kremote: Compressing objects:  39% (256/656)   [Kremote: Compressing objects:  40% (263/656)   [Kremote: Compressing objects:  41% (269/656)   [Kremote: Compressing objects:  42% (276/656)   [Kremote: Compressing objects:  43% (283/656)   [Kremote: Compressing objects:  44% (289/656)   [Kremote: Compressing objects:  45% (296/656)   [Kremote: Compressing objects:  46% (302/656)   [Kremote: Compressing objects:  47% (309/656)   [Kremote: Compressing objects:  48% (315/656)   [Kremote: Compressing objects:  49% (322/656)   [Kremote: Compressing objects:  50% (328/656)   [Kremote: Compressing objects:  51% (335/656)   [Kremote: Compressing objects:  52% (342/656)   [Kremote: Compressing objects:  53% (348/656)   [Kremote: Compressing objects:  54% (355/656)   [Kremote: Compressing objects:  55% (361/656)   [Kremote: Compressing objects:  56% (368/656)   [Kremote: Compressing objects:  57% (374/656)   [Kremote: Compressing objects:  58% (381/656)   [Kremote: Compressing objects:  59% (388/656)   [Kremote: Compressing objects:  60% (394/656)   [Kremote: Compressing objects:  61% (401/656)   [Kremote: Compressing objects:  62% (407/656)   [Kremote: Compressing objects:  63% (414/656)   [Kremote: Compressing objects:  64% (420/656)   [Kremote: Compressing objects:  65% (427/656)   [Kremote: Compressing objects:  66% (433/656)   [Kremote: Compressing objects:  67% (440/656)   [Kremote: Compressing objects:  68% (447/656)   [Kremote: Compressing objects:  69% (453/656)   [Kremote: Compressing objects:  70% (460/656)   [Kremote: Compressing objects:  71% (466/656)   [Kremote: Compressing objects:  72% (473/656)   [Kremote: Compressing objects:  73% (479/656)   [Kremote: Compressing objects:  74% (486/656)   [Kremote: Compressing objects:  75% (492/656)   [Kremote: Compressing objects:  76% (499/656)   [Kremote: Compressing objects:  77% (506/656)   [Kremote: Compressing objects:  78% (512/656)   [Kremote: Compressing objects:  79% (519/656)   [Kremote: Compressing objects:  80% (525/656)   [Kremote: Compressing objects:  81% (532/656)   [Kremote: Compressing objects:  82% (538/656)   [Kremote: Compressing objects:  83% (545/656)   [Kremote: Compressing objects:  84% (552/656)   [Kremote: Compressing objects:  85% (558/656)   [Kremote: Compressing objects:  86% (565/656)   [Kremote: Compressing objects:  87% (571/656)   [Kremote: Compressing objects:  88% (578/656)   [Kremote: Compressing objects:  89% (584/656)   [Kremote: Compressing objects:  90% (591/656)   [Kremote: Compressing objects:  91% (597/656)   [Kremote: Compressing objects:  92% (604/656)   [Kremote: Compressing objects:  93% (611/656)   [Kremote: Compressing objects:  94% (617/656)   [Kremote: Compressing objects:  95% (624/656)   [Kremote: Compressing objects:  96% (630/656)   [Kremote: Compressing objects:  97% (637/656)   [Kremote: Compressing objects:  98% (643/656)   [Kremote: Compressing objects:  99% (650/656)   [Kremote: Compressing objects: 100% (656/656)   [Kremote: Compressing objects: 100% (656/656), done.[K
Receiving objects:   0% (1/1173)   Receiving objects:   1% (12/1173)   Receiving objects:   2% (24/1173)   Receiving objects:   3% (36/1173)   Receiving objects:   4% (47/1173)   Receiving objects:   5% (59/1173)   Receiving objects:   6% (71/1173)   Receiving objects:   7% (83/1173)   Receiving objects:   8% (94/1173)   Receiving objects:   9% (106/1173)   Receiving objects:  10% (118/1173)   Receiving objects:  11% (130/1173)   Receiving objects:  12% (141/1173)   Receiving objects:  13% (153/1173)   Receiving objects:  14% (165/1173)   Receiving objects:  15% (176/1173)   Receiving objects:  16% (188/1173)   Receiving objects:  17% (200/1173)   Receiving objects:  18% (212/1173)   Receiving objects:  19% (223/1173)   Receiving objects:  20% (235/1173)   Receiving objects:  21% (247/1173)   Receiving objects:  22% (259/1173)   Receiving objects:  23% (270/1173)   Receiving objects:  24% (282/1173)   Receiving objects:  25% (294/1173)   Receiving objects:  26% (305/1173)   Receiving objects:  27% (317/1173)   Receiving objects:  28% (329/1173)   Receiving objects:  29% (341/1173)   Receiving objects:  30% (352/1173)   Receiving objects:  31% (364/1173)   Receiving objects:  32% (376/1173)   Receiving objects:  33% (388/1173)   Receiving objects:  34% (399/1173)   Receiving objects:  35% (411/1173)   Receiving objects:  36% (423/1173)   Receiving objects:  37% (435/1173)   Receiving objects:  38% (446/1173)   Receiving objects:  39% (458/1173)   Receiving objects:  40% (470/1173)   Receiving objects:  41% (481/1173)   Receiving objects:  42% (493/1173)   Receiving objects:  43% (505/1173)   Receiving objects:  44% (517/1173)   Receiving objects:  45% (528/1173)   Receiving objects:  46% (540/1173)   Receiving objects:  47% (552/1173)   Receiving objects:  48% (564/1173)   Receiving objects:  49% (575/1173)   Receiving objects:  50% (587/1173)   Receiving objects:  51% (599/1173)   Receiving objects:  52% (610/1173)   Receiving objects:  53% (622/1173)   Receiving objects:  54% (634/1173)   Receiving objects:  55% (646/1173)   Receiving objects:  56% (657/1173)   Receiving objects:  57% (669/1173)   Receiving objects:  58% (681/1173)   Receiving objects:  59% (693/1173)   Receiving objects:  60% (704/1173)   Receiving objects:  61% (716/1173)   Receiving objects:  62% (728/1173)   Receiving objects:  63% (739/1173)   Receiving objects:  64% (751/1173)   Receiving objects:  65% (763/1173)   Receiving objects:  66% (775/1173)   Receiving objects:  67% (786/1173)   Receiving objects:  68% (798/1173)   Receiving objects:  69% (810/1173)   Receiving objects:  70% (822/1173)   Receiving objects:  71% (833/1173)   Receiving objects:  72% (845/1173)   Receiving objects:  73% (857/1173)   Receiving objects:  74% (869/1173)   Receiving objects:  75% (880/1173)   Receiving objects:  76% (892/1173)   Receiving objects:  77% (904/1173)   Receiving objects:  78% (915/1173)   Receiving objects:  79% (927/1173)   Receiving objects:  80% (939/1173)   Receiving objects:  81% (951/1173)   Receiving objects:  82% (962/1173)   Receiving objects:  83% (974/1173)   Receiving objects:  84% (986/1173)   Receiving objects:  85% (998/1173)   Receiving objects:  86% (1009/1173)   Receiving objects:  87% (1021/1173)   Receiving objects:  88% (1033/1173)   Receiving objects:  89% (1044/1173)   Receiving objects:  90% (1056/1173)   Receiving objects:  91% (1068/1173)   Receiving objects:  92% (1080/1173)   Receiving objects:  93% (1091/1173)   Receiving objects:  94% (1103/1173)   remote: Total 1173 (delta 542), reused 823 (delta 299), pack-reused 0[K
Receiving objects:  95% (1115/1173)   Receiving objects:  96% (1127/1173)   Receiving objects:  97% (1138/1173)   Receiving objects:  98% (1150/1173)   Receiving objects:  99% (1162/1173)   Receiving objects: 100% (1173/1173)   Receiving objects: 100% (1173/1173), 414.60 KiB | 0 bytes/s, done.
Resolving deltas:   0% (0/542)   Resolving deltas:   1% (8/542)   Resolving deltas:   4% (22/542)   Resolving deltas:   7% (42/542)   Resolving deltas:   9% (53/542)   Resolving deltas:  11% (61/542)   Resolving deltas:  20% (110/542)   Resolving deltas:  23% (130/542)   Resolving deltas:  28% (152/542)   Resolving deltas:  30% (168/542)   Resolving deltas:  33% (181/542)   Resolving deltas:  34% (185/542)   Resolving deltas:  35% (192/542)   Resolving deltas:  36% (197/542)   Resolving deltas:  37% (201/542)   Resolving deltas:  38% (207/542)   Resolving deltas:  39% (212/542)   Resolving deltas:  40% (220/542)   Resolving deltas:  41% (224/542)   Resolving deltas:  42% (229/542)   Resolving deltas:  44% (243/542)   Resolving deltas:  45% (246/542)   Resolving deltas:  46% (251/542)   Resolving deltas:  47% (258/542)   Resolving deltas:  48% (261/542)   Resolving deltas:  49% (268/542)   Resolving deltas:  51% (278/542)   Resolving deltas:  52% (284/542)   Resolving deltas:  54% (296/542)   Resolving deltas:  55% (299/542)   Resolving deltas:  57% (310/542)   Resolving deltas:  58% (315/542)   Resolving deltas:  59% (323/542)   Resolving deltas:  60% (330/542)   Resolving deltas:  61% (331/542)   Resolving deltas:  63% (343/542)   Resolving deltas:  64% (348/542)   Resolving deltas:  65% (353/542)   Resolving deltas:  66% (359/542)   Resolving deltas:  69% (374/542)   Resolving deltas:  71% (385/542)   Resolving deltas:  72% (391/542)   Resolving deltas:  73% (399/542)   Resolving deltas:  74% (402/542)   Resolving deltas:  75% (409/542)   Resolving deltas:  76% (412/542)   Resolving deltas:  77% (418/542)   Resolving deltas:  78% (424/542)   Resolving deltas:  79% (433/542)   Resolving deltas:  80% (435/542)   Resolving deltas:  85% (464/542)   Resolving deltas:  87% (472/542)   Resolving deltas:  88% (478/542)   Resolving deltas:  89% (485/542)   Resolving deltas:  90% (490/542)   Resolving deltas:  91% (494/542)   Resolving deltas:  92% (499/542)   Resolving deltas:  93% (505/542)   Resolving deltas:  94% (513/542)   Resolving deltas:  95% (516/542)   Resolving deltas:  96% (522/542)   Resolving deltas:  97% (526/542)   Resolving deltas:  98% (534/542)   Resolving deltas:  99% (539/542)   Resolving deltas: 100% (542/542)   Resolving deltas: 100% (542/542), done.
Checking connectivity... done.
travis_time:end:18f9771c:start=1436274161378838039,finish=1436274161646045466,duration=267207427[0K$ cd spring-projects/spring-data-jpa
$ git checkout -qf 5c289d230eb913a632acb61971c0603153738eb5
travis_fold:end:git.checkout[0K
[33;1mThis job is running on container-based infrastructure, which does not allow use of 'sudo', setuid and setguid executables.[0m
[33;1mIf you require sudo, add 'sudo: required' to your .travis.yml[0m
[33;1mSee http://docs.travis-ci.com/user/workers/container-based-infrastructure/ for details.[0m

[33;1mSetting environment variables from .travis.yml[0m
$ export PROFILE=hibernate-43

travis_fold:start:cache.1[0KSetting up build cache
$ export CASHER_DIR=$HOME/.casher
travis_time:start:17774d88[0K$ Installing caching utilities
travis_time:end:17774d88:start=1436274163761241774,finish=1436274163811152918,duration=49911144[0Ktravis_time:start:1936cc1a[0Kattempting to download cache archive
fetching DATAJPA-307/cache--jdk-oraclejdk8.tgz
found cache
travis_time:end:1936cc1a:start=1436274163816014955,finish=1436274165276575804,duration=1460560849[0Ktravis_time:start:02073d14[0Kadding /home/travis/.m2 to cache
travis_time:end:02073d14:start=1436274165280406114,finish=1436274166158141650,duration=877735536[0Ktravis_fold:end:cache.1[0K$ jdk_switcher use oraclejdk8
Switching to Oracle JDK8 (java-8-oracle), JAVA_HOME will be set to /usr/lib/jvm/java-8-oracle
$ java -Xmx32m -version
java version "1.8.0_31"
Java(TM) SE Runtime Environment (build 1.8.0_31-b13)
Java HotSpot(TM) 64-Bit Server VM (build 25.31-b07, mixed mode)
$ javac -J-Xmx32m -version
javac 1.8.0_31
travis_fold:start:install[0Ktravis_time:start:04646604[0K$ true
travis_time:end:04646604:start=1436274166528503873,finish=1436274166531451330,duration=2947457[0Ktravis_fold:end:install[0Ktravis_time:start:062d40bb[0K$ mvn clean dependency:list test -P${PROFILE} -Dsort
Java HotSpot(TM) 64-Bit Server VM warning: ignoring option MaxPermSize=192m; support was removed in 8.0
[INFO] Scanning for projects...
Downloading: https://repository.apache.org/snapshots/org/springframework/data/build/spring-data-parent/1.7.0.BUILD-SNAPSHOT/maven-metadata.xml
Downloading: https://repository.apache.org/snapshots/org/springframework/data/build/spring-data-build/1.7.0.BUILD-SNAPSHOT/maven-metadata.xml
[INFO]                                                                         
[INFO] ------------------------------------------------------------------------
[INFO] Building Spring Data JPA 1.9.0.DATAJPA-307-SNAPSHOT
[INFO] ------------------------------------------------------------------------
Downloading: https://repository.apache.org/snapshots/org/springframework/data/spring-data-commons/1.11.0.DATACMNS-293-SNAPSHOT/maven-metadata.xml
Downloading: http://repo.maven.apache.org/maven2/org/hibernate/hibernate-entitymanager/4.3.9.Final/hibernate-entitymanager-4.3.9.Final.pom
4/4 KB            Downloaded: http://repo.maven.apache.org/maven2/org/hibernate/hibernate-entitymanager/4.3.9.Final/hibernate-entitymanager-4.3.9.Final.pom (4 KB at 45.9 KB/sec)
Downloading: http://repo.maven.apache.org/maven2/org/jboss/logging/jboss-logging/3.1.3.GA/jboss-logging-3.1.3.GA.pom
4/5 KB   5/5 KB            Downloaded: http://repo.maven.apache.org/maven2/org/jboss/logging/jboss-logging/3.1.3.GA/jboss-logging-3.1.3.GA.pom (5 KB at 111.0 KB/sec)
Downloading: http://repo.maven.apache.org/maven2/org/jboss/logging/jboss-logging-annotations/1.2.0.Beta1/jboss-logging-annotations-1.2.0.Beta1.pom
2/2 KB   2/2 KB            Downloaded: http://repo.maven.apache.org/maven2/org/jboss/logging/jboss-logging-annotations/1.2.0.Beta1/jboss-logging-annotations-1.2.0.Beta1.pom (2 KB at 45.7 KB/sec)
Downloading: http://repo.maven.apache.org/maven2/org/jboss/logging/jboss-logging-tools-parent/1.2.0.Beta1/jboss-logging-tools-parent-1.2.0.Beta1.pom
4/4 KB            Downloaded: http://repo.maven.apache.org/maven2/org/jboss/logging/jboss-logging-tools-parent/1.2.0.Beta1/jboss-logging-tools-parent-1.2.0.Beta1.pom (4 KB at 63.5 KB/sec)
Downloading: http://repo.maven.apache.org/maven2/org/jboss/jboss-parent/10/jboss-parent-10.pom
4/30 KB   8/30 KB   12/30 KB   16/30 KB   20/30 KB   23/30 KB   27/30 KB   30/30 KB              Downloaded: http://repo.maven.apache.org/maven2/org/jboss/jboss-parent/10/jboss-parent-10.pom (30 KB at 438.4 KB/sec)
Downloading: http://repo.maven.apache.org/maven2/org/hibernate/hibernate-core/4.3.9.Final/hibernate-core-4.3.9.Final.pom
2/4 KB     4/4 KB            Downloaded: http://repo.maven.apache.org/maven2/org/hibernate/hibernate-core/4.3.9.Final/hibernate-core-4.3.9.Final.pom (4 KB at 76.0 KB/sec)
Downloading: http://repo.maven.apache.org/maven2/org/jboss/spec/javax/transaction/jboss-transaction-api_1.2_spec/1.0.0.Final/jboss-transaction-api_1.2_spec-1.0.0.Final.pom
4/5 KB   5/5 KB            Downloaded: http://repo.maven.apache.org/maven2/org/jboss/spec/javax/transaction/jboss-transaction-api_1.2_spec/1.0.0.Final/jboss-transaction-api_1.2_spec-1.0.0.Final.pom (5 KB at 103.9 KB/sec)
Downloading: http://repo.maven.apache.org/maven2/xml-apis/xml-apis/1.0.b2/xml-apis-1.0.b2.pom
         Downloaded: http://repo.maven.apache.org/maven2/xml-apis/xml-apis/1.0.b2/xml-apis-1.0.b2.pom (0 B at 0.0 KB/sec)
Downloading: http://repo.maven.apache.org/maven2/org/hibernate/common/hibernate-commons-annotations/4.0.5.Final/hibernate-commons-annotations-4.0.5.Final.pom
3/3 KB            Downloaded: http://repo.maven.apache.org/maven2/org/hibernate/common/hibernate-commons-annotations/4.0.5.Final/hibernate-commons-annotations-4.0.5.Final.pom (3 KB at 51.4 KB/sec)
Downloading: http://repo.maven.apache.org/maven2/org/hibernate/javax/persistence/hibernate-jpa-2.1-api/1.0.0.Final/hibernate-jpa-2.1-api-1.0.0.Final.pom
2/3 KB   3/3 KB            Downloaded: http://repo.maven.apache.org/maven2/org/hibernate/javax/persistence/hibernate-jpa-2.1-api/1.0.0.Final/hibernate-jpa-2.1-api-1.0.0.Final.pom (3 KB at 58.3 KB/sec)
Downloading: http://repo.maven.apache.org/maven2/org/jboss/jandex/1.1.0.Final/jandex-1.1.0.Final.pom
3/3 KB            Downloaded: http://repo.maven.apache.org/maven2/org/jboss/jandex/1.1.0.Final/jandex-1.1.0.Final.pom (3 KB at 41.9 KB/sec)
Downloading: http://repo.maven.apache.org/maven2/org/jboss/jboss-parent/5/jboss-parent-5.pom
4/19 KB   7/19 KB   11/19 KB   15/19 KB   19/19 KB              Downloaded: http://repo.maven.apache.org/maven2/org/jboss/jboss-parent/5/jboss-parent-5.pom (19 KB at 426.8 KB/sec)
Downloading: http://repo.maven.apache.org/maven2/org/hibernate/hibernate-entitymanager/4.3.9.Final/hibernate-entitymanager-4.3.9.Final.jar
Downloading: http://repo.maven.apache.org/maven2/org/jboss/logging/jboss-logging/3.1.3.GA/jboss-logging-3.1.3.GA.jar
Downloading: http://repo.maven.apache.org/maven2/org/jboss/logging/jboss-logging-annotations/1.2.0.Beta1/jboss-logging-annotations-1.2.0.Beta1.jar
Downloading: http://repo.maven.apache.org/maven2/org/hibernate/hibernate-core/4.3.9.Final/hibernate-core-4.3.9.Final.jar
Downloading: http://repo.maven.apache.org/maven2/org/jboss/jandex/1.1.0.Final/jandex-1.1.0.Final.jar
4/633 KB   8/633 KB   12/633 KB   16/633 KB   20/633 KB   21/633 KB   21/633 KB   4/12 KB   21/633 KB   8/12 KB   4/56 KB   21/633 KB   12/12 KB   4/56 KB   21/633 KB   4/12 KB   4/56 KB   21/633 KB   12/12 KB   8/56 KB   21/633 KB   12/12 KB   12/56 KB   21/633 KB   12/12 KB   14/56 KB   25/633 KB   12/12 KB   14/56 KB   29/633 KB   12/12 KB   14/56 KB   33/633 KB   12/12 KB   18/56 KB   37/633 KB   12/12 KB   18/56 KB   41/633 KB   4/75 KB   12/12 KB   18/56 KB   45/633 KB   4/75 KB   12/12 KB   18/56 KB   49/633 KB   4/75 KB   12/12 KB   18/56 KB   53/633 KB   4/75 KB   12/12 KB   18/56 KB   57/633 KB   4/75 KB   12/12 KB   18/56 KB   61/633 KB   4/75 KB   12/12 KB   18/56 KB   29/633 KB   12/12 KB   18/56 KB   61/633 KB   4/75 KB   12/12 KB   22/56 KB   61/633 KB   4/75 KB   12/12 KB   26/56 KB   61/633 KB   4/75 KB   12/12 KB   30/56 KB   61/633 KB   4/75 KB   12/12 KB   34/56 KB   61/633 KB   4/75 KB   12/12 KB   38/56 KB   61/633 KB   4/75 KB   12/12 KB   42/56 KB   61/633 KB   4/75 KB   12/12 KB   43/56 KB   37/633 KB   4/75 KB   12/12 KB   18/56 KB   61/633 KB   8/75 KB   12/12 KB   43/56 KB   61/633 KB   12/75 KB   12/12 KB   43/56 KB   61/633 KB   16/75 KB   12/12 KB   43/56 KB   61/633 KB   20/75 KB   12/12 KB   43/56 KB   61/633 KB   24/75 KB   12/12 KB   43/56 KB   61/633 KB   28/75 KB   12/12 KB   43/56 KB   61/633 KB   32/75 KB   12/12 KB   43/56 KB   61/633 KB   36/75 KB   12/12 KB   43/56 KB   61/633 KB   40/75 KB   12/12 KB   43/56 KB   61/633 KB   43/75 KB   12/12 KB   43/56 KB   64/633 KB   43/75 KB   12/12 KB   43/56 KB   64/633 KB   43/75 KB   12/12 KB   45/56 KB   64/633 KB   43/75 KB   12/12 KB   49/56 KB   64/633 KB   43/75 KB   12/12 KB   53/56 KB   64/633 KB   43/75 KB   12/12 KB   56/56 KB   68/633 KB   43/75 KB   12/12 KB   56/56 KB   72/633 KB   43/75 KB   12/12 KB   56/56 KB   76/633 KB   43/75 KB   12/12 KB   56/56 KB   80/633 KB   43/75 KB   12/12 KB   56/56 KB   84/633 KB   43/75 KB   12/12 KB   56/56 KB   84/633 KB   47/75 KB   12/12 KB   56/56 KB   88/633 KB   47/75 KB   12/12 KB   56/56 KB   92/633 KB   51/75 KB   12/12 KB   56/56 KB   88/633 KB   51/75 KB   12/12 KB   56/56 KB   96/633 KB   51/75 KB   12/12 KB   56/56 KB   96/633 KB   55/75 KB   12/12 KB   56/56 KB   100/633 KB   55/75 KB   12/12 KB   56/56 KB   100/633 KB   59/75 KB   12/12 KB   56/56 KB   103/633 KB   59/75 KB   12/12 KB   56/56 KB   103/633 KB   63/75 KB   12/12 KB   56/56 KB   103/633 KB   67/75 KB   12/12 KB   56/56 KB   103/633 KB   71/75 KB   12/12 KB   56/56 KB   103/633 KB   75/75 KB   12/12 KB   56/56 KB   103/633 KB   75/75 KB   12/12 KB   56/56 KB                                                 Downloaded: http://repo.maven.apache.org/maven2/org/jboss/logging/jboss-logging-annotations/1.2.0.Beta1/jboss-logging-annotations-1.2.0.Beta1.jar (12 KB at 89.6 KB/sec)
Downloading: http://repo.maven.apache.org/maven2/xml-apis/xml-apis/1.0.b2/xml-apis-1.0.b2.jar
107/633 KB   75/75 KB   56/56 KB              108/633 KB   75/75 KB   56/56 KB   112/633 KB   75/75 KB   56/56 KB   112/633 KB   75/75 KB   56/56 KB   116/633 KB   75/75 KB   56/56 KB   120/633 KB   75/75 KB   56/56 KB   124/633 KB   75/75 KB   56/56 KB   128/633 KB   75/75 KB   56/56 KB   132/633 KB   75/75 KB   56/56 KB   136/633 KB   75/75 KB   56/56 KB   140/633 KB   75/75 KB   56/56 KB   144/633 KB   75/75 KB   56/56 KB   148/633 KB   75/75 KB   56/56 KB   150/633 KB   75/75 KB   56/56 KB                                                                         Downloaded: http://repo.maven.apache.org/maven2/org/jboss/jandex/1.1.0.Final/jandex-1.1.0.Final.jar (75 KB at 598.1 KB/sec)
Downloading: http://repo.maven.apache.org/maven2/org/hibernate/common/hibernate-commons-annotations/4.0.5.Final/hibernate-commons-annotations-4.0.5.Final.jar
Downloaded: http://repo.maven.apache.org/maven2/org/jboss/logging/jboss-logging/3.1.3.GA/jboss-logging-3.1.3.GA.jar (56 KB at 374.8 KB/sec)
Downloading: http://repo.maven.apache.org/maven2/org/hibernate/javax/persistence/hibernate-jpa-2.1-api/1.0.0.Final/hibernate-jpa-2.1-api-1.0.0.Final.jar
154/633 KB                         158/633 KB   162/633 KB   166/633 KB   170/633 KB   174/633 KB   178/633 KB   182/633 KB   186/633 KB   190/633 KB   194/633 KB   198/633 KB   202/633 KB   206/633 KB   209/633 KB   209/633 KB   3/74 KB   209/633 KB   7/74 KB   209/633 KB   11/74 KB   209/633 KB   15/74 KB   209/633 KB   17/74 KB   212/633 KB   17/74 KB   216/633 KB   17/74 KB   220/633 KB   17/74 KB   224/633 KB   17/74 KB   228/633 KB   17/74 KB   232/633 KB   17/74 KB   236/633 KB   17/74 KB   240/633 KB   17/74 KB   244/633 KB   17/74 KB   248/633 KB   17/74 KB   252/633 KB   17/74 KB   256/633 KB   17/74 KB   260/633 KB   17/74 KB   260/633 KB   17/74 KB   4/111 KB   260/633 KB   17/74 KB   8/111 KB   260/633 KB   17/74 KB   12/111 KB   260/633 KB   17/74 KB   16/111 KB   260/633 KB   17/74 KB   20/111 KB   260/633 KB   17/74 KB   24/111 KB   260/633 KB   17/74 KB   28/111 KB   260/633 KB   17/74 KB   32/111 KB   260/633 KB   17/74 KB   36/111 KB   260/633 KB   17/74 KB   38/111 KB   264/633 KB   17/74 KB   38/111 KB   267/633 KB   17/74 KB   38/111 KB                                       Downloaded: http://repo.maven.apache.org/maven2/xml-apis/xml-apis/1.0.b2/xml-apis-1.0.b2.jar (0 B at 0.0 KB/sec)
Downloading: http://repo.maven.apache.org/maven2/org/jboss/spec/javax/transaction/jboss-transaction-api_1.2_spec/1.0.0.Final/jboss-transaction-api_1.2_spec-1.0.0.Final.jar
267/633 KB   21/74 KB   38/111 KB   267/633 KB   25/74 KB   38/111 KB   267/633 KB   29/74 KB   38/111 KB   267/633 KB   33/74 KB   38/111 KB   267/633 KB   37/74 KB   38/111 KB   267/633 KB   41/74 KB   38/111 KB   267/633 KB   45/74 KB   38/111 KB   267/633 KB   49/74 KB   38/111 KB   267/633 KB   51/74 KB   38/111 KB   271/633 KB   51/74 KB   38/111 KB   275/633 KB   51/74 KB   38/111 KB   276/633 KB   51/74 KB   38/111 KB   276/633 KB   51/74 KB   42/111 KB   279/633 KB   51/74 KB   42/111 KB   279/633 KB   51/74 KB   46/111 KB   283/633 KB   51/74 KB   46/111 KB   287/633 KB   51/74 KB   50/111 KB   287/633 KB   51/74 KB   50/111 KB   291/633 KB   51/74 KB   50/111 KB   295/633 KB   51/74 KB   50/111 KB   295/633 KB   51/74 KB   54/111 KB   299/633 KB   51/74 KB   58/111 KB   299/633 KB   51/74 KB   62/111 KB   299/633 KB   51/74 KB   66/111 KB   299/633 KB   51/74 KB   54/111 KB   303/633 KB   51/74 KB   70/111 KB   307/633 KB   51/74 KB   70/111 KB   311/633 KB   51/74 KB   70/111 KB   315/633 KB   51/74 KB   70/111 KB   319/633 KB   51/74 KB   70/111 KB   323/633 KB   51/74 KB   70/111 KB   327/633 KB   51/74 KB   70/111 KB   331/633 KB   51/74 KB   70/111 KB   332/633 KB   51/74 KB   70/111 KB   332/633 KB   51/74 KB   70/111 KB   332/633 KB   51/74 KB   74/111 KB   332/633 KB   51/74 KB   78/111 KB   332/633 KB   51/74 KB   82/111 KB   332/633 KB   51/74 KB   86/111 KB   332/633 KB   51/74 KB   90/111 KB   332/633 KB   51/74 KB   94/111 KB   332/633 KB   51/74 KB   98/111 KB   332/633 KB   51/74 KB   102/111 KB   332/633 KB   51/74 KB   106/111 KB   332/633 KB   51/74 KB   109/111 KB   332/633 KB   54/74 KB   109/111 KB   332/633 KB   58/74 KB   109/111 KB   332/633 KB   62/74 KB   109/111 KB   332/633 KB   66/74 KB   109/111 KB   332/633 KB   70/74 KB   109/111 KB   332/633 KB   74/74 KB   109/111 KB   332/633 KB   74/74 KB   109/111 KB   332/633 KB   4/28 KB   74/74 KB   109/111 KB   332/633 KB   8/28 KB   74/74 KB   109/111 KB   332/633 KB   12/28 KB   74/74 KB   109/111 KB   332/633 KB   16/28 KB   74/74 KB   109/111 KB   332/633 KB   20/28 KB   74/74 KB   109/111 KB   332/633 KB   24/28 KB   74/74 KB   109/111 KB   332/633 KB   28/28 KB   74/74 KB   109/111 KB   332/633 KB   28/28 KB   74/74 KB   111/111 KB   336/633 KB   28/28 KB   74/74 KB   111/111 KB   340/633 KB   28/28 KB   74/74 KB   111/111 KB   344/633 KB   28/28 KB   74/74 KB   111/111 KB   348/633 KB   28/28 KB   74/74 KB   111/111 KB   352/633 KB   28/28 KB   74/74 KB   111/111 KB   356/633 KB   28/28 KB   74/74 KB   111/111 KB   360/633 KB   28/28 KB   74/74 KB   111/111 KB   364/633 KB   28/28 KB   74/74 KB   111/111 KB   368/633 KB   28/28 KB   74/74 KB   111/111 KB   372/633 KB   28/28 KB   74/74 KB   111/111 KB   376/633 KB   28/28 KB   74/74 KB   111/111 KB   380/633 KB   28/28 KB   74/74 KB   111/111 KB   384/633 KB   28/28 KB   74/74 KB   111/111 KB   388/633 KB   28/28 KB   74/74 KB   111/111 KB   392/633 KB   28/28 KB   74/74 KB   111/111 KB   396/633 KB   28/28 KB   74/74 KB   111/111 KB   400/633 KB   28/28 KB   74/74 KB   111/111 KB   404/633 KB   28/28 KB   74/74 KB   111/111 KB   405/633 KB   28/28 KB   74/74 KB   111/111 KB                                                   Downloaded: http://repo.maven.apache.org/maven2/org/hibernate/common/hibernate-commons-annotations/4.0.5.Final/hibernate-commons-annotations-4.0.5.Final.jar (74 KB at 404.2 KB/sec)
                                                Downloaded: http://repo.maven.apache.org/maven2/org/jboss/spec/javax/transaction/jboss-transaction-api_1.2_spec/1.0.0.Final/jboss-transaction-api_1.2_spec-1.0.0.Final.jar (28 KB at 147.1 KB/sec)
409/633 KB   111/111 KB                         413/633 KB   111/111 KB   417/633 KB   111/111 KB   421/633 KB   111/111 KB   425/633 KB   111/111 KB   429/633 KB   111/111 KB                             433/633 KB                Downloaded: http://repo.maven.apache.org/maven2/org/hibernate/javax/persistence/hibernate-jpa-2.1-api/1.0.0.Final/hibernate-jpa-2.1-api-1.0.0.Final.jar (111 KB at 598.5 KB/sec)
437/633 KB   441/633 KB   445/633 KB   449/633 KB   453/633 KB   457/633 KB   461/633 KB   465/633 KB   469/633 KB   473/633 KB   477/633 KB   481/633 KB   485/633 KB   485/633 KB   489/633 KB   492/633 KB   496/633 KB   500/633 KB   504/633 KB   508/633 KB   512/633 KB   516/633 KB   520/633 KB   524/633 KB   528/633 KB   532/633 KB   536/633 KB   540/633 KB   544/633 KB   548/633 KB   552/633 KB   556/633 KB   560/633 KB   564/633 KB   568/633 KB   570/633 KB   574/633 KB   574/633 KB   578/633 KB   582/633 KB   586/633 KB   590/633 KB   594/633 KB   597/633 KB   597/633 KB   4/5155 KB   597/633 KB   6/5155 KB   597/633 KB   10/5155 KB   597/633 KB   14/5155 KB   597/633 KB   14/5155 KB   601/633 KB   14/5155 KB   605/633 KB   14/5155 KB   609/633 KB   14/5155 KB   613/633 KB   14/5155 KB   617/633 KB   14/5155 KB   621/633 KB   14/5155 KB   625/633 KB   14/5155 KB   629/633 KB   14/5155 KB   633/633 KB   14/5155 KB   633/633 KB   14/5155 KB   633/633 KB   18/5155 KB   633/633 KB   22/5155 KB   633/633 KB   26/5155 KB   633/633 KB   30/5155 KB   633/633 KB   34/5155 KB   633/633 KB   38/5155 KB   633/633 KB   40/5155 KB                             Downloaded: http://repo.maven.apache.org/maven2/org/hibernate/hibernate-entitymanager/4.3.9.Final/hibernate-entitymanager-4.3.9.Final.jar (633 KB at 2136.4 KB/sec)
41/5155 KB                45/5155 KB   49/5155 KB   53/5155 KB   57/5155 KB   61/5155 KB   65/5155 KB   69/5155 KB   73/5155 KB   77/5155 KB   81/5155 KB   84/5155 KB   86/5155 KB   90/5155 KB   94/5155 KB   98/5155 KB   102/5155 KB   106/5155 KB   110/5155 KB   114/5155 KB   118/5155 KB   122/5155 KB   126/5155 KB   130/5155 KB   134/5155 KB   138/5155 KB   142/5155 KB   146/5155 KB   150/5155 KB   154/5155 KB   157/5155 KB   161/5155 KB   165/5155 KB   169/5155 KB   173/5155 KB   177/5155 KB   181/5155 KB   185/5155 KB   189/5155 KB   193/5155 KB   197/5155 KB   201/5155 KB   205/5155 KB   209/5155 KB   213/5155 KB   217/5155 KB   221/5155 KB   225/5155 KB   229/5155 KB   233/5155 KB   237/5155 KB   241/5155 KB   245/5155 KB   249/5155 KB   253/5155 KB   257/5155 KB   257/5155 KB   261/5155 KB   265/5155 KB   269/5155 KB   273/5155 KB   277/5155 KB   281/5155 KB   285/5155 KB   289/5155 KB   293/5155 KB   297/5155 KB   301/5155 KB   305/5155 KB   309/5155 KB   313/5155 KB   317/5155 KB   321/5155 KB   325/5155 KB   329/5155 KB   333/5155 KB   337/5155 KB   341/5155 KB   345/5155 KB   349/5155 KB   353/5155 KB   357/5155 KB   361/5155 KB   365/5155 KB   369/5155 KB   373/5155 KB   377/5155 KB   381/5155 KB   385/5155 KB   389/5155 KB   393/5155 KB   397/5155 KB   401/5155 KB   405/5155 KB   409/5155 KB   413/5155 KB   417/5155 KB   421/5155 KB   425/5155 KB   429/5155 KB   433/5155 KB   437/5155 KB   441/5155 KB   445/5155 KB   449/5155 KB   453/5155 KB   457/5155 KB   461/5155 KB   465/5155 KB   469/5155 KB   473/5155 KB   477/5155 KB   481/5155 KB   485/5155 KB   489/5155 KB   493/5155 KB   497/5155 KB   501/5155 KB   505/5155 KB   509/5155 KB   513/5155 KB   517/5155 KB   521/5155 KB   525/5155 KB   529/5155 KB   533/5155 KB   537/5155 KB   541/5155 KB   545/5155 KB   549/5155 KB   553/5155 KB   557/5155 KB   561/5155 KB   565/5155 KB   569/5155 KB   573/5155 KB   577/5155 KB   581/5155 KB   585/5155 KB   589/5155 KB   593/5155 KB   597/5155 KB   601/5155 KB   605/5155 KB   609/5155 KB   611/5155 KB   614/5155 KB   618/5155 KB   618/5155 KB   622/5155 KB   626/5155 KB   630/5155 KB   634/5155 KB   638/5155 KB   642/5155 KB   646/5155 KB   650/5155 KB   654/5155 KB   658/5155 KB   662/5155 KB   666/5155 KB   670/5155 KB   674/5155 KB   678/5155 KB   682/5155 KB   686/5155 KB   690/5155 KB   694/5155 KB   698/5155 KB   702/5155 KB   706/5155 KB   710/5155 KB   714/5155 KB   718/5155 KB   722/5155 KB   726/5155 KB   730/5155 KB   734/5155 KB   738/5155 KB   742/5155 KB   746/5155 KB   750/5155 KB   754/5155 KB   758/5155 KB   762/5155 KB   766/5155 KB   770/5155 KB   774/5155 KB   778/5155 KB   782/5155 KB   786/5155 KB   790/5155 KB   794/5155 KB   798/5155 KB   802/5155 KB   806/5155 KB   810/5155 KB   814/5155 KB   818/5155 KB   822/5155 KB   826/5155 KB   830/5155 KB   834/5155 KB   838/5155 KB   842/5155 KB   846/5155 KB   850/5155 KB   854/5155 KB   858/5155 KB   862/5155 KB   866/5155 KB   870/5155 KB   874/5155 KB   878/5155 KB   882/5155 KB   886/5155 KB   890/5155 KB   894/5155 KB   898/5155 KB   902/5155 KB   906/5155 KB   910/5155 KB   914/5155 KB   918/5155 KB   922/5155 KB   923/5155 KB   925/5155 KB   928/5155 KB   929/5155 KB   931/5155 KB   932/5155 KB   933/5155 KB   937/5155 KB   941/5155 KB   945/5155 KB   949/5155 KB   953/5155 KB   957/5155 KB   961/5155 KB   965/5155 KB   969/5155 KB   973/5155 KB   977/5155 KB   981/5155 KB   985/5155 KB   989/5155 KB   993/5155 KB   997/5155 KB   1001/5155 KB   1005/5155 KB   1009/5155 KB   1013/5155 KB   1017/5155 KB   1021/5155 KB   1025/5155 KB   1029/5155 KB   1033/5155 KB   1037/5155 KB   1041/5155 KB   1045/5155 KB   1049/5155 KB   1053/5155 KB   1057/5155 KB   1061/5155 KB   1065/5155 KB   1069/5155 KB   1073/5155 KB   1077/5155 KB   1081/5155 KB   1085/5155 KB   1089/5155 KB   1093/5155 KB   1097/5155 KB   1101/5155 KB   1105/5155 KB   1109/5155 KB   1113/5155 KB   1117/5155 KB   1121/5155 KB   1125/5155 KB   1129/5155 KB   1133/5155 KB   1137/5155 KB   1141/5155 KB   1145/5155 KB   1149/5155 KB   1153/5155 KB   1157/5155 KB   1161/5155 KB   1165/5155 KB   1169/5155 KB   1173/5155 KB   1177/5155 KB   1181/5155 KB   1185/5155 KB   1189/5155 KB   1193/5155 KB   1197/5155 KB   1201/5155 KB   1205/5155 KB   1209/5155 KB   1213/5155 KB   1217/5155 KB   1221/5155 KB   1225/5155 KB   1229/5155 KB   1233/5155 KB   1237/5155 KB   1241/5155 KB   1245/5155 KB   1249/5155 KB   1253/5155 KB   1257/5155 KB   1261/5155 KB   1265/5155 KB   1267/5155 KB   1270/5155 KB   1274/5155 KB   1278/5155 KB   1282/5155 KB   1285/5155 KB   1289/5155 KB   1293/5155 KB   1297/5155 KB   1301/5155 KB   1305/5155 KB   1309/5155 KB   1313/5155 KB   1317/5155 KB   1321/5155 KB   1325/5155 KB   1329/5155 KB   1333/5155 KB   1337/5155 KB   1341/5155 KB   1345/5155 KB   1349/5155 KB   1353/5155 KB   1357/5155 KB   1361/5155 KB   1365/5155 KB   1369/5155 KB   1373/5155 KB   1377/5155 KB   1381/5155 KB   1385/5155 KB   1389/5155 KB   1393/5155 KB   1397/5155 KB   1401/5155 KB   1405/5155 KB   1409/5155 KB   1413/5155 KB   1417/5155 KB   1421/5155 KB   1425/5155 KB   1429/5155 KB   1433/5155 KB   1437/5155 KB   1441/5155 KB   1445/5155 KB   1449/5155 KB   1453/5155 KB   1457/5155 KB   1461/5155 KB   1465/5155 KB   1469/5155 KB   1473/5155 KB   1477/5155 KB   1481/5155 KB   1485/5155 KB   1489/5155 KB   1493/5155 KB   1497/5155 KB   1501/5155 KB   1505/5155 KB   1509/5155 KB   1513/5155 KB   1517/5155 KB   1521/5155 KB   1525/5155 KB   1529/5155 KB   1533/5155 KB   1537/5155 KB   1541/5155 KB   1545/5155 KB   1549/5155 KB   1553/5155 KB   1557/5155 KB   1561/5155 KB   1565/5155 KB   1569/5155 KB   1573/5155 KB   1577/5155 KB   1581/5155 KB   1585/5155 KB   1589/5155 KB   1593/5155 KB   1597/5155 KB   1601/5155 KB   1605/5155 KB   1609/5155 KB   1613/5155 KB   1617/5155 KB   1621/5155 KB   1625/5155 KB   1629/5155 KB   1633/5155 KB   1637/5155 KB   1641/5155 KB   1645/5155 KB   1649/5155 KB   1653/5155 KB   1657/5155 KB   1661/5155 KB   1665/5155 KB   1669/5155 KB   1673/5155 KB   1677/5155 KB   1681/5155 KB   1685/5155 KB   1689/5155 KB   1693/5155 KB   1697/5155 KB   1701/5155 KB   1705/5155 KB   1709/5155 KB   1713/5155 KB   1717/5155 KB   1721/5155 KB   1725/5155 KB   1729/5155 KB   1733/5155 KB   1737/5155 KB   1741/5155 KB   1745/5155 KB   1749/5155 KB   1753/5155 KB   1757/5155 KB   1761/5155 KB   1765/5155 KB   1766/5155 KB   1770/5155 KB   1774/5155 KB   1778/5155 KB   1782/5155 KB   1786/5155 KB   1790/5155 KB   1794/5155 KB   1798/5155 KB   1802/5155 KB   1806/5155 KB   1810/5155 KB   1814/5155 KB   1818/5155 KB   1822/5155 KB   1826/5155 KB   1830/5155 KB   1834/5155 KB   1838/5155 KB   1842/5155 KB   1846/5155 KB   1850/5155 KB   1854/5155 KB   1858/5155 KB   1862/5155 KB   1866/5155 KB   1870/5155 KB   1874/5155 KB   1878/5155 KB   1882/5155 KB   1886/5155 KB   1890/5155 KB   1894/5155 KB   1898/5155 KB   1902/5155 KB   1906/5155 KB   1910/5155 KB   1914/5155 KB   1918/5155 KB   1922/5155 KB   1926/5155 KB   1930/5155 KB   1934/5155 KB   1938/5155 KB   1942/5155 KB   1946/5155 KB   1950/5155 KB   1954/5155 KB   1958/5155 KB   1962/5155 KB   1966/5155 KB   1970/5155 KB   1974/5155 KB   1978/5155 KB   1982/5155 KB   1986/5155 KB   1990/5155 KB   1994/5155 KB   1998/5155 KB   2002/5155 KB   2006/5155 KB   2010/5155 KB   2014/5155 KB   2018/5155 KB   2022/5155 KB   2026/5155 KB   2030/5155 KB   2034/5155 KB   2038/5155 KB   2042/5155 KB   2046/5155 KB   2050/5155 KB   2054/5155 KB   2058/5155 KB   2062/5155 KB   2066/5155 KB   2070/5155 KB   2074/5155 KB   2078/5155 KB   2082/5155 KB   2086/5155 KB   2090/5155 KB   2094/5155 KB   2098/5155 KB   2102/5155 KB   2106/5155 KB   2110/5155 KB   2114/5155 KB   2118/5155 KB   2122/5155 KB   2126/5155 KB   2130/5155 KB   2134/5155 KB   2138/5155 KB   2142/5155 KB   2146/5155 KB   2150/5155 KB   2154/5155 KB   2158/5155 KB   2162/5155 KB   2166/5155 KB   2170/5155 KB   2174/5155 KB   2178/5155 KB   2182/5155 KB   2186/5155 KB   2190/5155 KB   2194/5155 KB   2198/5155 KB   2202/5155 KB   2206/5155 KB   2210/5155 KB   2214/5155 KB   2218/5155 KB   2222/5155 KB   2226/5155 KB   2230/5155 KB   2234/5155 KB   2238/5155 KB   2242/5155 KB   2246/5155 KB   2250/5155 KB   2254/5155 KB   2258/5155 KB   2262/5155 KB   2266/5155 KB   2270/5155 KB   2274/5155 KB   2278/5155 KB   2282/5155 KB   2286/5155 KB   2290/5155 KB   2294/5155 KB   2298/5155 KB   2302/5155 KB   2306/5155 KB   2310/5155 KB   2314/5155 KB   2318/5155 KB   2322/5155 KB   2326/5155 KB   2330/5155 KB   2334/5155 KB   2338/5155 KB   2342/5155 KB   2346/5155 KB   2349/5155 KB   2352/5155 KB   2356/5155 KB   2360/5155 KB   2364/5155 KB   2368/5155 KB   2372/5155 KB   2376/5155 KB   2380/5155 KB   2384/5155 KB   2388/5155 KB   2392/5155 KB   2396/5155 KB   2400/5155 KB   2404/5155 KB   2408/5155 KB   2412/5155 KB   2416/5155 KB   2420/5155 KB   2424/5155 KB   2428/5155 KB   2432/5155 KB   2436/5155 KB   2440/5155 KB   2444/5155 KB   2448/5155 KB   2452/5155 KB   2456/5155 KB   2460/5155 KB   2464/5155 KB   2468/5155 KB   2472/5155 KB   2476/5155 KB   2480/5155 KB   2484/5155 KB   2488/5155 KB   2492/5155 KB   2496/5155 KB   2500/5155 KB   2504/5155 KB   2508/5155 KB   2512/5155 KB   2516/5155 KB   2520/5155 KB   2524/5155 KB   2528/5155 KB   2532/5155 KB   2536/5155 KB   2540/5155 KB   2544/5155 KB   2548/5155 KB   2552/5155 KB   2556/5155 KB   2560/5155 KB   2564/5155 KB   2568/5155 KB   2572/5155 KB   2576/5155 KB   2580/5155 KB   2584/5155 KB   2588/5155 KB   2592/5155 KB   2596/5155 KB   2600/5155 KB   2604/5155 KB   2608/5155 KB   2612/5155 KB   2616/5155 KB   2620/5155 KB   2624/5155 KB   2628/5155 KB   2632/5155 KB   2636/5155 KB   2640/5155 KB   2644/5155 KB   2648/5155 KB   2652/5155 KB   2656/5155 KB   2660/5155 KB   2664/5155 KB   2668/5155 KB   2672/5155 KB   2676/5155 KB   2680/5155 KB   2684/5155 KB   2688/5155 KB   2692/5155 KB   2696/5155 KB   2700/5155 KB   2704/5155 KB   2708/5155 KB   2712/5155 KB   2716/5155 KB   2720/5155 KB   2724/5155 KB   2728/5155 KB   2732/5155 KB   2736/5155 KB   2740/5155 KB   2744/5155 KB   2748/5155 KB   2752/5155 KB   2756/5155 KB   2760/5155 KB   2764/5155 KB   2768/5155 KB   2772/5155 KB   2776/5155 KB   2780/5155 KB   2784/5155 KB   2788/5155 KB   2792/5155 KB   2796/5155 KB   2800/5155 KB   2804/5155 KB   2808/5155 KB   2812/5155 KB   2816/5155 KB   2820/5155 KB   2824/5155 KB   2828/5155 KB   2832/5155 KB   2836/5155 KB   2840/5155 KB   2844/5155 KB   2848/5155 KB   2852/5155 KB   2856/5155 KB   2860/5155 KB   2864/5155 KB   2868/5155 KB   2872/5155 KB   2876/5155 KB   2880/5155 KB   2884/5155 KB   2888/5155 KB   2892/5155 KB   2896/5155 KB   2900/5155 KB   2904/5155 KB   2908/5155 KB   2912/5155 KB   2916/5155 KB   2920/5155 KB   2924/5155 KB   2928/5155 KB   2932/5155 KB   2936/5155 KB   2940/5155 KB   2944/5155 KB   2948/5155 KB   2952/5155 KB   2956/5155 KB   2960/5155 KB   2964/5155 KB   2968/5155 KB   2972/5155 KB   2976/5155 KB   2980/5155 KB   2984/5155 KB   2988/5155 KB   2992/5155 KB   2996/5155 KB   3000/5155 KB   3004/5155 KB   3008/5155 KB   3012/5155 KB   3016/5155 KB   3020/5155 KB   3024/5155 KB   3028/5155 KB   3032/5155 KB   3036/5155 KB   3040/5155 KB   3044/5155 KB   3048/5155 KB   3052/5155 KB   3056/5155 KB   3060/5155 KB   3064/5155 KB   3068/5155 KB   3072/5155 KB   3076/5155 KB   3080/5155 KB   3084/5155 KB   3088/5155 KB   3092/5155 KB   3096/5155 KB   3100/5155 KB   3104/5155 KB   3108/5155 KB   3112/5155 KB   3116/5155 KB   3120/5155 KB   3124/5155 KB   3128/5155 KB   3132/5155 KB   3136/5155 KB   3140/5155 KB   3144/5155 KB   3148/5155 KB   3152/5155 KB   3156/5155 KB   3160/5155 KB   3164/5155 KB   3168/5155 KB   3172/5155 KB   3176/5155 KB   3180/5155 KB   3184/5155 KB   3188/5155 KB   3192/5155 KB   3196/5155 KB   3200/5155 KB   3204/5155 KB   3208/5155 KB   3212/5155 KB   3216/5155 KB   3220/5155 KB   3224/5155 KB   3228/5155 KB   3232/5155 KB   3236/5155 KB   3240/5155 KB   3244/5155 KB   3248/5155 KB   3252/5155 KB   3256/5155 KB   3260/5155 KB   3264/5155 KB   3268/5155 KB   3272/5155 KB   3276/5155 KB   3280/5155 KB   3284/5155 KB   3288/5155 KB   3292/5155 KB   3296/5155 KB   3300/5155 KB   3304/5155 KB   3308/5155 KB   3312/5155 KB   3316/5155 KB   3320/5155 KB   3324/5155 KB   3328/5155 KB   3332/5155 KB   3336/5155 KB   3340/5155 KB   3344/5155 KB   3348/5155 KB   3352/5155 KB   3356/5155 KB   3360/5155 KB   3364/5155 KB   3368/5155 KB   3372/5155 KB   3376/5155 KB   3380/5155 KB   3384/5155 KB   3388/5155 KB   3392/5155 KB   3396/5155 KB   3400/5155 KB   3404/5155 KB   3408/5155 KB   3412/5155 KB   3416/5155 KB   3420/5155 KB   3424/5155 KB   3428/5155 KB   3432/5155 KB   3436/5155 KB   3440/5155 KB   3444/5155 KB   3448/5155 KB   3452/5155 KB   3456/5155 KB   3460/5155 KB   3464/5155 KB   3468/5155 KB   3472/5155 KB   3476/5155 KB   3480/5155 KB   3484/5155 KB   3488/5155 KB   3492/5155 KB   3496/5155 KB   3500/5155 KB   3504/5155 KB   3508/5155 KB   3512/5155 KB   3516/5155 KB   3520/5155 KB   3524/5155 KB   3528/5155 KB   3532/5155 KB   3536/5155 KB   3540/5155 KB   3544/5155 KB   3548/5155 KB   3552/5155 KB   3556/5155 KB   3560/5155 KB   3564/5155 KB   3568/5155 KB   3572/5155 KB   3576/5155 KB   3580/5155 KB   3584/5155 KB   3588/5155 KB   3592/5155 KB   3596/5155 KB   3600/5155 KB   3604/5155 KB   3608/5155 KB   3612/5155 KB   3616/5155 KB   3620/5155 KB   3624/5155 KB   3628/5155 KB   3632/5155 KB   3636/5155 KB   3640/5155 KB   3644/5155 KB   3648/5155 KB   3652/5155 KB   3656/5155 KB   3660/5155 KB   3664/5155 KB   3668/5155 KB   3672/5155 KB   3676/5155 KB   3680/5155 KB   3684/5155 KB   3688/5155 KB   3692/5155 KB   3696/5155 KB   3700/5155 KB   3704/5155 KB   3708/5155 KB   3712/5155 KB   3716/5155 KB   3720/5155 KB   3724/5155 KB   3728/5155 KB   3732/5155 KB   3736/5155 KB   3740/5155 KB   3744/5155 KB   3748/5155 KB   3752/5155 KB   3756/5155 KB   3760/5155 KB   3764/5155 KB   3768/5155 KB   3772/5155 KB   3776/5155 KB   3780/5155 KB   3784/5155 KB   3788/5155 KB   3792/5155 KB   3796/5155 KB   3800/5155 KB   3804/5155 KB   3808/5155 KB   3812/5155 KB   3816/5155 KB   3820/5155 KB   3824/5155 KB   3828/5155 KB   3832/5155 KB   3836/5155 KB   3840/5155 KB   3844/5155 KB   3848/5155 KB   3852/5155 KB   3856/5155 KB   3860/5155 KB   3864/5155 KB   3868/5155 KB   3872/5155 KB   3876/5155 KB   3880/5155 KB   3884/5155 KB   3888/5155 KB   3892/5155 KB   3896/5155 KB   3900/5155 KB   3904/5155 KB   3908/5155 KB   3912/5155 KB   3916/5155 KB   3920/5155 KB   3924/5155 KB   3928/5155 KB   3932/5155 KB   3936/5155 KB   3940/5155 KB   3944/5155 KB   3948/5155 KB   3952/5155 KB   3956/5155 KB   3960/5155 KB   3964/5155 KB   3968/5155 KB   3972/5155 KB   3976/5155 KB   3980/5155 KB   3984/5155 KB   3988/5155 KB   3992/5155 KB   3996/5155 KB   4000/5155 KB   4004/5155 KB   4008/5155 KB   4012/5155 KB   4016/5155 KB   4020/5155 KB   4024/5155 KB   4028/5155 KB   4032/5155 KB   4036/5155 KB   4040/5155 KB   4044/5155 KB   4048/5155 KB   4052/5155 KB   4056/5155 KB   4060/5155 KB   4064/5155 KB   4068/5155 KB   4072/5155 KB   4076/5155 KB   4080/5155 KB   4084/5155 KB   4088/5155 KB   4092/5155 KB   4096/5155 KB   4100/5155 KB   4104/5155 KB   4108/5155 KB   4112/5155 KB   4116/5155 KB   4120/5155 KB   4124/5155 KB   4128/5155 KB   4132/5155 KB   4136/5155 KB   4140/5155 KB   4144/5155 KB   4148/5155 KB   4152/5155 KB   4156/5155 KB   4160/5155 KB   4164/5155 KB   4168/5155 KB   4172/5155 KB   4176/5155 KB   4180/5155 KB   4184/5155 KB   4188/5155 KB   4192/5155 KB   4196/5155 KB   4200/5155 KB   4204/5155 KB   4208/5155 KB   4212/5155 KB   4216/5155 KB   4220/5155 KB   4224/5155 KB   4228/5155 KB   4232/5155 KB   4236/5155 KB   4240/5155 KB   4244/5155 KB   4248/5155 KB   4252/5155 KB   4256/5155 KB   4260/5155 KB   4264/5155 KB   4268/5155 KB   4272/5155 KB   4276/5155 KB   4280/5155 KB   4284/5155 KB   4288/5155 KB   4292/5155 KB   4296/5155 KB   4300/5155 KB   4304/5155 KB   4308/5155 KB   4312/5155 KB   4316/5155 KB   4320/5155 KB   4324/5155 KB   4328/5155 KB   4332/5155 KB   4336/5155 KB   4340/5155 KB   4344/5155 KB   4348/5155 KB   4352/5155 KB   4356/5155 KB   4360/5155 KB   4364/5155 KB   4368/5155 KB   4372/5155 KB   4376/5155 KB   4380/5155 KB   4384/5155 KB   4388/5155 KB   4392/5155 KB   4396/5155 KB   4400/5155 KB   4404/5155 KB   4408/5155 KB   4412/5155 KB   4416/5155 KB   4420/5155 KB   4424/5155 KB   4428/5155 KB   4432/5155 KB   4436/5155 KB   4440/5155 KB   4444/5155 KB   4448/5155 KB   4452/5155 KB   4456/5155 KB   4460/5155 KB   4464/5155 KB   4468/5155 KB   4472/5155 KB   4476/5155 KB   4480/5155 KB   4484/5155 KB   4488/5155 KB   4492/5155 KB   4496/5155 KB   4500/5155 KB   4504/5155 KB   4508/5155 KB   4512/5155 KB   4516/5155 KB   4520/5155 KB   4524/5155 KB   4528/5155 KB   4532/5155 KB   4536/5155 KB   4540/5155 KB   4544/5155 KB   4548/5155 KB   4552/5155 KB   4556/5155 KB   4560/5155 KB   4564/5155 KB   4568/5155 KB   4572/5155 KB   4576/5155 KB   4580/5155 KB   4584/5155 KB   4588/5155 KB   4592/5155 KB   4596/5155 KB   4600/5155 KB   4604/5155 KB   4608/5155 KB   4612/5155 KB   4616/5155 KB   4620/5155 KB   4624/5155 KB   4628/5155 KB   4632/5155 KB   4636/5155 KB   4640/5155 KB   4644/5155 KB   4648/5155 KB   4652/5155 KB   4656/5155 KB   4660/5155 KB   4664/5155 KB   4668/5155 KB   4672/5155 KB   4676/5155 KB   4680/5155 KB   4684/5155 KB   4688/5155 KB   4692/5155 KB   4696/5155 KB   4700/5155 KB   4704/5155 KB   4708/5155 KB   4712/5155 KB   4716/5155 KB   4720/5155 KB   4724/5155 KB   4728/5155 KB   4732/5155 KB   4736/5155 KB   4740/5155 KB   4744/5155 KB   4748/5155 KB   4752/5155 KB   4756/5155 KB   4760/5155 KB   4764/5155 KB   4768/5155 KB   4772/5155 KB   4776/5155 KB   4780/5155 KB   4784/5155 KB   4788/5155 KB   4792/5155 KB   4796/5155 KB   4800/5155 KB   4804/5155 KB   4808/5155 KB   4812/5155 KB   4816/5155 KB   4820/5155 KB   4824/5155 KB   4828/5155 KB   4832/5155 KB   4836/5155 KB   4840/5155 KB   4844/5155 KB   4848/5155 KB   4852/5155 KB   4856/5155 KB   4860/5155 KB   4864/5155 KB   4868/5155 KB   4872/5155 KB   4876/5155 KB   4880/5155 KB   4884/5155 KB   4888/5155 KB   4892/5155 KB   4896/5155 KB   4900/5155 KB   4904/5155 KB   4908/5155 KB   4912/5155 KB   4916/5155 KB   4920/5155 KB   4924/5155 KB   4928/5155 KB   4932/5155 KB   4936/5155 KB   4940/5155 KB   4944/5155 KB   4948/5155 KB   4952/5155 KB   4956/5155 KB   4960/5155 KB   4964/5155 KB   4968/5155 KB   4972/5155 KB   4976/5155 KB   4980/5155 KB   4984/5155 KB   4988/5155 KB   4992/5155 KB   4996/5155 KB   5000/5155 KB   5004/5155 KB   5008/5155 KB   5012/5155 KB   5016/5155 KB   5020/5155 KB   5024/5155 KB   5028/5155 KB   5032/5155 KB   5036/5155 KB   5040/5155 KB   5044/5155 KB   5048/5155 KB   5052/5155 KB   5056/5155 KB   5060/5155 KB   5064/5155 KB   5068/5155 KB   5072/5155 KB   5076/5155 KB   5080/5155 KB   5084/5155 KB   5088/5155 KB   5092/5155 KB   5096/5155 KB   5100/5155 KB   5104/5155 KB   5108/5155 KB   5112/5155 KB   5116/5155 KB   5120/5155 KB   5124/5155 KB   5128/5155 KB   5132/5155 KB   5136/5155 KB   5140/5155 KB   5144/5155 KB   5148/5155 KB   5152/5155 KB   5155/5155 KB                  Downloaded: http://repo.maven.apache.org/maven2/org/hibernate/hibernate-core/4.3.9.Final/hibernate-core-4.3.9.Final.jar (5155 KB at 9652.1 KB/sec)
[INFO] 
[INFO] --- maven-clean-plugin:2.5:clean (default-clean) @ spring-data-jpa ---
[INFO] 
[INFO] --- maven-dependency-plugin:2.8:list (default-cli) @ spring-data-jpa ---
[INFO] 
[INFO] The following files have been resolved:
[INFO]    antlr:antlr:jar:2.7.7:compile
[INFO]    aopalliance:aopalliance:jar:1.0:compile
[INFO]    ch.qos.logback:logback-classic:jar:1.1.3:test
[INFO]    ch.qos.logback:logback-core:jar:1.1.3:test
[INFO]    com.google.code.findbugs:jsr305:jar:1.3.9:compile
[INFO]    com.google.guava:guava:jar:17.0:test
[INFO]    com.h2database:h2:jar:1.3.172:test
[INFO]    com.infradna.tool:bridge-method-annotation:jar:1.13:compile
[INFO]    com.mysema.codegen:codegen:jar:0.6.6:provided
[INFO]    com.mysema.commons:mysema-commons-lang:jar:0.2.4:compile
[INFO]    com.mysema.querydsl:querydsl-apt:jar:3.6.3:provided
[INFO]    com.mysema.querydsl:querydsl-codegen:jar:3.6.3:provided
[INFO]    com.mysema.querydsl:querydsl-core:jar:3.6.3:compile
[INFO]    com.mysema.querydsl:querydsl-jpa:jar:3.6.3:compile
[INFO]    commons-collections:commons-collections:jar:3.2.1:compile
[INFO]    commons-lang:commons-lang:jar:2.4:compile
[INFO]    commons-pool:commons-pool:jar:1.5.4:compile
[INFO]    dom4j:dom4j:jar:1.6.1:compile
[INFO]    javax.annotation:jsr250-api:jar:1.0:provided
[INFO]    javax.el:el-api:jar:1.0:test
[INFO]    javax.enterprise:cdi-api:jar:1.0:provided
[INFO]    javax.inject:javax.inject:jar:1:provided
[INFO]    javax.servlet:javax.servlet-api:jar:3.0.1:test
[INFO]    joda-time:joda-time:jar:2.8.1:compile
[INFO]    junit:junit:jar:4.12:test
[INFO]    net.sourceforge.serp:serp:jar:1.14.1:compile
[INFO]    org.apache.geronimo.specs:geronimo-atinject_1.0_spec:jar:1.0:test
[INFO]    org.apache.geronimo.specs:geronimo-jcdi_1.0_spec:jar:1.0:test
[INFO]    org.apache.geronimo.specs:geronimo-jms_1.1_spec:jar:1.1.1:compile
[INFO]    org.apache.geronimo.specs:geronimo-jpa_2.0_spec:jar:1.1:compile
[INFO]    org.apache.geronimo.specs:geronimo-jta_1.1_spec:jar:1.1.1:compile
[INFO]    org.apache.openjpa:openjpa-jdbc:jar:2.3.0:compile
[INFO]    org.apache.openjpa:openjpa-kernel:jar:2.3.0:compile
[INFO]    org.apache.openjpa:openjpa-lib:jar:2.3.0:compile
[INFO]    org.apache.openjpa:openjpa-persistence-jdbc:jar:2.3.0:compile
[INFO]    org.apache.openjpa:openjpa-persistence:jar:2.3.0:compile
[INFO]    org.apache.openwebbeans.test:cditest-owb:jar:1.2.8:test
[INFO]    org.apache.openwebbeans.test:cditest:jar:1.2.8:test
[INFO]    org.apache.openwebbeans:openwebbeans-impl:jar:1.2.8:test
[INFO]    org.apache.openwebbeans:openwebbeans-spi:jar:1.2.8:test
[INFO]    org.apache.xbean:xbean-asm4-shaded:jar:3.14:compile
[INFO]    org.apache.xbean:xbean-asm5-shaded:jar:4.1:test
[INFO]    org.apache.xbean:xbean-finder-shaded:jar:4.1:test
[INFO]    org.aspectj:aspectjrt:jar:1.8.5:compile
[INFO]    org.aspectj:aspectjweaver:jar:1.8.5:test
[INFO]    org.eclipse.jdt.core.compiler:ecj:jar:4.3.1:provided
[INFO]    org.eclipse.persistence:javax.persistence:jar:2.1.0:compile
[INFO]    org.eclipse.persistence:org.eclipse.persistence.antlr:jar:2.6.0:compile
[INFO]    org.eclipse.persistence:org.eclipse.persistence.asm:jar:2.6.0:compile
[INFO]    org.eclipse.persistence:org.eclipse.persistence.core:jar:2.6.0:compile
[INFO]    org.eclipse.persistence:org.eclipse.persistence.jpa.jpql:jar:2.6.0:compile
[INFO]    org.eclipse.persistence:org.eclipse.persistence.jpa:jar:2.6.0:compile
[INFO]    org.glassfish:javax.json:jar:1.0.4:compile
[INFO]    org.hamcrest:hamcrest-core:jar:1.3:test
[INFO]    org.hamcrest:hamcrest-library:jar:1.3:test
[INFO]    org.hibernate.common:hibernate-commons-annotations:jar:4.0.5.Final:compile
[INFO]    org.hibernate.javax.persistence:hibernate-jpa-2.1-api:jar:1.0.0.Final:compile
[INFO]    org.hibernate:hibernate-core:jar:4.3.9.Final:compile
[INFO]    org.hibernate:hibernate-entitymanager:jar:4.3.9.Final:compile
[INFO]    org.hsqldb:hsqldb:jar:2.2.8:test
[INFO]    org.javassist:javassist:jar:3.18.1-GA:compile
[INFO]    org.jboss.interceptor:jboss-interceptor-api:jar:1.1:provided
[INFO]    org.jboss.logging:jboss-logging-annotations:jar:1.2.0.Beta1:compile
[INFO]    org.jboss.logging:jboss-logging:jar:3.1.3.GA:compile
[INFO]    org.jboss.spec.javax.transaction:jboss-transaction-api_1.2_spec:jar:1.0.0.Final:compile
[INFO]    org.jboss:jandex:jar:1.1.0.Final:compile
[INFO]    org.mockito:mockito-core:jar:1.10.19:test
[INFO]    org.objenesis:objenesis:jar:2.1:test
[INFO]    org.slf4j:jcl-over-slf4j:jar:1.7.12:runtime
[INFO]    org.slf4j:slf4j-api:jar:1.7.12:compile
[INFO]    org.springframework.data:spring-data-commons:jar:1.11.0.DATACMNS-293-SNAPSHOT:compile
[INFO]    org.springframework:spring-aop:jar:4.1.7.RELEASE:compile
[INFO]    org.springframework:spring-aspects:jar:4.1.7.RELEASE:compile
[INFO]    org.springframework:spring-beans:jar:4.1.7.RELEASE:compile
[INFO]    org.springframework:spring-context:jar:4.1.7.RELEASE:compile
[INFO]    org.springframework:spring-core:jar:4.1.7.RELEASE:compile
[INFO]    org.springframework:spring-expression:jar:4.1.7.RELEASE:compile
[INFO]    org.springframework:spring-instrument:jar:4.1.7.RELEASE:provided
[INFO]    org.springframework:spring-jdbc:jar:4.1.7.RELEASE:compile
[INFO]    org.springframework:spring-orm:jar:4.1.7.RELEASE:compile
[INFO]    org.springframework:spring-test:jar:4.1.7.RELEASE:test
[INFO]    org.springframework:spring-tx:jar:4.1.7.RELEASE:compile
[INFO]    org.threeten:threetenbp:jar:1.2:compile
[INFO]    xml-apis:xml-apis:jar:1.0.b2:compile
[INFO] 
[INFO] 
[INFO] --- apt-maven-plugin:1.1.3:process (sources) @ spring-data-jpa ---
[INFO] 
[INFO] --- maven-resources-plugin:2.6:resources (default-resources) @ spring-data-jpa ---
[INFO] Using 'UTF-8' encoding to copy filtered resources.
[INFO] Copying 13 resources
[INFO] 
[INFO] --- maven-compiler-plugin:3.1:compile (default-compile) @ spring-data-jpa ---
[INFO] Changes detected - recompiling the module!
[INFO] Compiling 113 source files to /home/travis/build/spring-projects/spring-data-jpa/target/classes
[WARNING] /home/travis/build/spring-projects/spring-data-jpa/src/main/java/org/springframework/data/jpa/provider/PersistenceProvider.java: /home/travis/build/spring-projects/spring-data-jpa/src/main/java/org/springframework/data/jpa/provider/PersistenceProvider.java uses or overrides a deprecated API.
[WARNING] /home/travis/build/spring-projects/spring-data-jpa/src/main/java/org/springframework/data/jpa/provider/PersistenceProvider.java: Recompile with -Xlint:deprecation for details.
[WARNING] /home/travis/build/spring-projects/spring-data-jpa/target/generated-sources/annotations/org/springframework/data/jpa/domain/QAbstractPersistable.java: Some input files use unchecked or unsafe operations.
[WARNING] /home/travis/build/spring-projects/spring-data-jpa/target/generated-sources/annotations/org/springframework/data/jpa/domain/QAbstractPersistable.java: Recompile with -Xlint:unchecked for details.
[INFO] 
[INFO] --- com.springsource.bundlor.maven:1.0.0.RELEASE:bundlor (bundlor) @ spring-data-jpa ---
Manifest written to '/home/travis/build/spring-projects/spring-data-jpa/target/classes/META-INF/MANIFEST.MF'
[INFO] 
[INFO] --- aspectj-maven-plugin:1.6:compile (default) @ spring-data-jpa ---
[INFO] 
[INFO] --- apt-maven-plugin:1.1.3:test-process (test-sources) @ spring-data-jpa ---
[INFO] 
[INFO] --- maven-resources-plugin:2.6:testResources (default-testResources) @ spring-data-jpa ---
[INFO] Using 'UTF-8' encoding to copy filtered resources.
[INFO] Copying 33 resources
[INFO] 
[INFO] --- maven-compiler-plugin:3.1:testCompile (default-testCompile) @ spring-data-jpa ---
[INFO] Changes detected - recompiling the module!
[INFO] Compiling 302 source files to /home/travis/build/spring-projects/spring-data-jpa/target/test-classes
[WARNING] /home/travis/build/spring-projects/spring-data-jpa/src/test/java/org/springframework/data/jpa/repository/query/PartTreeJpaQueryIntegrationTests.java: Some input files use or override a deprecated API.
[WARNING] /home/travis/build/spring-projects/spring-data-jpa/src/test/java/org/springframework/data/jpa/repository/query/PartTreeJpaQueryIntegrationTests.java: Recompile with -Xlint:deprecation for details.
[INFO] 
[INFO] --- maven-surefire-plugin:2.12:test (default-test) @ spring-data-jpa ---
[INFO] Surefire report directory: /home/travis/build/spring-projects/spring-data-jpa/target/surefire-reports

-------------------------------------------------------
 T E S T S
-------------------------------------------------------

Results :

Tests run: 0, Failures: 0, Errors: 0, Skipped: 0

[INFO] 
[INFO] --- maven-surefire-plugin:2.12:test (unit-tests) @ spring-data-jpa ---
[INFO] Surefire report directory: /home/travis/build/spring-projects/spring-data-jpa/target/surefire-reports

-------------------------------------------------------
 T E S T S
-------------------------------------------------------
Running org.springframework.data.jpa.repository.support.DefaultJpaContextUnitTests
Tests run: 2, Failures: 0, Errors: 0, Skipped: 0, Time elapsed: 0.297 sec
Running org.springframework.data.jpa.repository.support.JpaEntityInformationSupportUnitTests
Tests run: 2, Failures: 0, Errors: 0, Skipped: 0, Time elapsed: 0.749 sec
Running org.springframework.data.jpa.repository.support.EntityManagerBeanDefinitionRegistratPostProcessorUnitTests
Tests run: 1, Failures: 0, Errors: 0, Skipped: 0, Time elapsed: 0.641 sec
Running org.springframework.data.jpa.repository.support.JpaRepositoryFactoryBeanUnitTests
Tests run: 4, Failures: 0, Errors: 0, Skipped: 0, Time elapsed: 0.205 sec
Running org.springframework.data.jpa.repository.support.SimpleJpaRepositoryUnitTests
Tests run: 3, Failures: 0, Errors: 0, Skipped: 0, Time elapsed: 0.584 sec
Running org.springframework.data.jpa.repository.support.JpaRepositoryFactoryUnitTests
Tests run: 8, Failures: 0, Errors: 0, Skipped: 0, Time elapsed: 0.763 sec
Running org.springframework.data.jpa.repository.support.JpaPersistableEntityInformationUnitTests
Tests run: 1, Failures: 0, Errors: 0, Skipped: 0, Time elapsed: 0.05 sec
Running org.springframework.data.jpa.repository.support.EntityManagerFactoryRefUnitTests
Tests run: 1, Failures: 0, Errors: 0, Skipped: 0, Time elapsed: 1.047 sec
Running org.springframework.data.jpa.repository.support.JpaMetamodelEntityInformationUnitTests
Tests run: 1, Failures: 0, Errors: 0, Skipped: 0, Time elapsed: 0.133 sec
Running org.springframework.data.jpa.repository.support.CrudMethodMetadataPopulatingMethodInterceptorUnitTests
Tests run: 1, Failures: 0, Errors: 0, Skipped: 0, Time elapsed: 0.012 sec
Running org.springframework.data.jpa.repository.query.SimpleJpaQueryUnitTests
Tests run: 10, Failures: 0, Errors: 0, Skipped: 0, Time elapsed: 0.322 sec
Running org.springframework.data.jpa.repository.query.ParameterBinderUnitTests
Tests run: 14, Failures: 0, Errors: 0, Skipped: 0, Time elapsed: 0.071 sec
Running org.springframework.data.jpa.repository.query.JpaQueryExecutionUnitTests
Tests run: 8, Failures: 0, Errors: 0, Skipped: 0, Time elapsed: 0.125 sec
Running org.springframework.data.jpa.repository.query.JpaQueryLookupStrategyUnitTests
Tests run: 2, Failures: 0, Errors: 0, Skipped: 0, Time elapsed: 0.054 sec
Running org.springframework.data.jpa.repository.query.JpaParametersUnitTests
Tests run: 1, Failures: 0, Errors: 0, Skipped: 0, Time elapsed: 0.003 sec
Running org.springframework.data.jpa.repository.query.ExpressionBasedStringQueryUnitTests
Tests run: 2, Failures: 0, Errors: 0, Skipped: 0, Time elapsed: 0.031 sec
Running org.springframework.data.jpa.repository.query.StringQueryUnitTests
Tests run: 20, Failures: 0, Errors: 0, Skipped: 0, Time elapsed: 0.062 sec
Running org.springframework.data.jpa.repository.query.JpaQueryMethodUnitTests
Tests run: 26, Failures: 0, Errors: 0, Skipped: 0, Time elapsed: 0.112 sec
Running org.springframework.data.jpa.repository.query.Jpa21UtilsUnitTests
Tests run: 1, Failures: 0, Errors: 0, Skipped: 0, Time elapsed: 0.062 sec
Running org.springframework.data.jpa.repository.query.LikeBindingUnitTests
Tests run: 8, Failures: 0, Errors: 0, Skipped: 0, Time elapsed: 0.004 sec
Running org.springframework.data.jpa.repository.query.StoredProcedureAttributeSourceUnitTests
Tests run: 6, Failures: 0, Errors: 0, Skipped: 0, Time elapsed: 0.112 sec
Running org.springframework.data.jpa.repository.query.StoredProcedureAttributesUnitTests
Tests run: 1, Failures: 0, Errors: 0, Skipped: 0, Time elapsed: 0.001 sec
Running org.springframework.data.jpa.repository.query.QueryUtilsUnitTests
Tests run: 26, Failures: 0, Errors: 0, Skipped: 0, Time elapsed: 0.086 sec
Running org.springframework.data.jpa.repository.query.NamedQueryUnitTests
Tests run: 2, Failures: 0, Errors: 0, Skipped: 0, Time elapsed: 0.024 sec
Running org.springframework.data.jpa.repository.cdi.JpaRepositoryExtensionUnitTests
Tests run: 3, Failures: 0, Errors: 0, Skipped: 0, Time elapsed: 0.088 sec
Running org.springframework.data.jpa.repository.config.JpaRepositoryConfigExtensionUnitTests
Tests run: 4, Failures: 0, Errors: 0, Skipped: 0, Time elapsed: 0.096 sec
Running org.springframework.data.jpa.repository.config.JpaAuditingRegistrarUnitTests
Tests run: 2, Failures: 0, Errors: 0, Skipped: 0, Time elapsed: 0.036 sec
Running org.springframework.data.jpa.repository.config.JpaRepositoriesRegistrarUnitTests
Tests run: 1, Failures: 0, Errors: 0, Skipped: 0, Time elapsed: 0.445 sec
Running org.springframework.data.jpa.repository.CrudMethodMetadataUnitTests
Tests run: 3, Failures: 0, Errors: 0, Skipped: 0, Time elapsed: 0.625 sec
Running org.springframework.data.jpa.support.MergingPersistenceUnitManagerUnitTests
Tests run: 5, Failures: 0, Errors: 0, Skipped: 0, Time elapsed: 0.055 sec
Running org.springframework.data.jpa.support.ClasspathScanningPersistenceUnitPostProcessorUnitTests
Tests run: 8, Failures: 0, Errors: 0, Skipped: 0, Time elapsed: 0.062 sec
Running org.springframework.data.jpa.domain.support.AuditingNamespaceUnitTests
Tests run: 5, Failures: 0, Errors: 0, Skipped: 0, Time elapsed: 1.191 sec
Running org.springframework.data.jpa.domain.support.AuditingBeanFactoryPostProcessorUnitTests
Tests run: 4, Failures: 0, Errors: 0, Skipped: 0, Time elapsed: 0.396 sec
Running org.springframework.data.jpa.domain.support.AnnotationAuditingBeanFactoryPostProcessorUnitTests
Tests run: 4, Failures: 0, Errors: 0, Skipped: 0, Time elapsed: 0.199 sec
Running org.springframework.data.jpa.domain.SpecificationsUnitTests
Tests run: 8, Failures: 0, Errors: 0, Skipped: 0, Time elapsed: 0.333 sec
Running org.springframework.data.jpa.mapping.JpaPersistentPropertyImplUnitTests
Tests run: 14, Failures: 0, Errors: 0, Skipped: 0, Time elapsed: 0.275 sec
Running org.springframework.data.jpa.provider.PersistenceProviderUnitTests
Tests run: 5, Failures: 0, Errors: 0, Skipped: 0, Time elapsed: 0.295 sec

Results :

Tests run: 217, Failures: 0, Errors: 0, Skipped: 0

[INFO] 
[INFO] --- maven-surefire-plugin:2.12:test (integration-tests) @ spring-data-jpa ---
[INFO] Surefire report directory: /home/travis/build/spring-projects/spring-data-jpa/target/surefire-reports

-------------------------------------------------------
 T E S T S
-------------------------------------------------------
Running org.springframework.data.jpa.repository.support.EntityManagerBeanDefinitionRegistrarPostProcessorIntegrationTests
Tests run: 1, Failures: 0, Errors: 0, Skipped: 0, Time elapsed: 6.702 sec
Running org.springframework.data.jpa.repository.support.TransactionalRepositoryTests
Tests run: 5, Failures: 0, Errors: 0, Skipped: 0, Time elapsed: 5.026 sec
Running org.springframework.data.jpa.repository.support.JpaMetamodelEntityInformationIntegrationTests
Tests run: 14, Failures: 0, Errors: 0, Skipped: 1, Time elapsed: 3.06 sec
Running org.springframework.data.jpa.repository.support.SoftDeleteIntegrationTests
Tests run: 2, Failures: 0, Errors: 0, Skipped: 0, Time elapsed: 0.476 sec
Running org.springframework.data.jpa.repository.support.QueryDslJpaRepositoryTests
Tests run: 17, Failures: 0, Errors: 0, Skipped: 0, Time elapsed: 1.033 sec
Running org.springframework.data.jpa.repository.support.MailMessageRepositoryIntegrationTests
Tests run: 4, Failures: 0, Errors: 0, Skipped: 0, Time elapsed: 3.637 sec
Running org.springframework.data.jpa.repository.support.JavaConfigDefaultTransactionDisablingIntegrationTests
Tests run: 3, Failures: 0, Errors: 0, Skipped: 0, Time elapsed: 4.15 sec
Running org.springframework.data.jpa.repository.support.XmlConfigDefaultTransactionDisablingIntegrationTests
Tests run: 3, Failures: 0, Errors: 0, Skipped: 0, Time elapsed: 4.664 sec
Running org.springframework.data.jpa.repository.support.QueryDslRepositorySupportTests
Tests run: 4, Failures: 0, Errors: 0, Skipped: 0, Time elapsed: 0.08 sec
Running org.springframework.data.jpa.repository.support.QueryDslRepositorySupportIntegrationTests
Tests run: 2, Failures: 0, Errors: 0, Skipped: 0, Time elapsed: 0.486 sec
Running org.springframework.data.jpa.repository.support.JpaRepositoryTests
Tests run: 4, Failures: 0, Errors: 0, Skipped: 0, Time elapsed: 0.073 sec
Running org.springframework.data.jpa.repository.support.QuerydslIntegrationTests
Tests run: 1, Failures: 0, Errors: 0, Skipped: 0, Time elapsed: 0.006 sec
Running org.springframework.data.jpa.repository.support.EntityManagerFactoryRefTests
Tests run: 2, Failures: 0, Errors: 0, Skipped: 0, Time elapsed: 1.628 sec
Running org.springframework.data.jpa.repository.support.DefaultJpaContextIntegrationTests
Tests run: 3, Failures: 0, Errors: 0, Skipped: 0, Time elapsed: 0.463 sec
Running org.springframework.data.jpa.repository.query.PartTreeJpaQueryIntegrationTests
Tests run: 4, Failures: 0, Errors: 0, Skipped: 0, Time elapsed: 0.031 sec
Running org.springframework.data.jpa.repository.query.ParameterExpressionProviderTests
Tests run: 1, Failures: 0, Errors: 0, Skipped: 0, Time elapsed: 0.009 sec
Running org.springframework.data.jpa.repository.query.QueryUtilsIntegrationTests
Tests run: 5, Failures: 0, Errors: 0, Skipped: 0, Time elapsed: 0.204 sec
Running org.springframework.data.jpa.repository.query.AbstractJpaQueryTests
Tests run: 5, Failures: 0, Errors: 0, Skipped: 0, Time elapsed: 0.222 sec
Running org.springframework.data.jpa.repository.cdi.CdiExtensionIntegrationTests
Jul 07, 2015 1:04:03 PM org.apache.webbeans.lifecycle.AbstractLifeCycle bootstrapApplication
INFO: OpenWebBeans Container is starting...
Jul 07, 2015 1:04:03 PM org.apache.webbeans.corespi.scanner.AbstractMetaDataDiscovery addWebBeansXmlLocation
INFO: added beans.xml marker: file:/home/travis/build/spring-projects/spring-data-jpa/target/test-classes/META-INF/beans.xml
Jul 07, 2015 1:04:05 PM org.apache.webbeans.config.BeansDeployer validateInjectionPoints
INFO: All injection points were validated successfully.
Jul 07, 2015 1:04:06 PM org.apache.webbeans.lifecycle.AbstractLifeCycle bootstrapApplication
INFO: OpenWebBeans Container has started, it took [2129] ms.
Tests run: 4, Failures: 0, Errors: 0, Skipped: 0, Time elapsed: 2.383 sec
Running org.springframework.data.jpa.repository.StoredProcedureIntegrationTests
Tests run: 12, Failures: 0, Errors: 0, Skipped: 4, Time elapsed: 1.141 sec
Running org.springframework.data.jpa.repository.UserRepositoryFinderTests
Tests run: 12, Failures: 0, Errors: 0, Skipped: 0, Time elapsed: 3.747 sec
Running org.springframework.data.jpa.repository.RoleRepositoryIntegrationTests
Tests run: 5, Failures: 0, Errors: 0, Skipped: 0, Time elapsed: 3.422 sec
Running org.springframework.data.jpa.repository.config.JpaRepositoryConfigDefinitionParserTests
Tests run: 1, Failures: 0, Errors: 0, Skipped: 0, Time elapsed: 0.413 sec
Running org.springframework.data.jpa.repository.config.JpaRepositoriesRegistrarIntegrationTests
Tests run: 2, Failures: 0, Errors: 0, Skipped: 0, Time elapsed: 0.87 sec
Running org.springframework.data.jpa.repository.config.RepositoryConfigTests
Tests run: 3, Failures: 0, Errors: 0, Skipped: 0, Time elapsed: 0.009 sec
Running org.springframework.data.jpa.repository.config.ExplicitAuditingViaJavaConfigRepositoriesTests
Tests run: 1, Failures: 0, Errors: 0, Skipped: 0, Time elapsed: 1.822 sec
Running org.springframework.data.jpa.repository.config.RepositoriesJavaConfigTests
Tests run: 1, Failures: 0, Errors: 0, Skipped: 0, Time elapsed: 3.086 sec
Running org.springframework.data.jpa.repository.config.AuditingBeanDefinitionParserTests
Tests run: 4, Failures: 0, Errors: 0, Skipped: 0, Time elapsed: 0.487 sec
Running org.springframework.data.jpa.repository.config.NestedRepositoriesJavaConfigTests
Tests run: 1, Failures: 0, Errors: 0, Skipped: 0, Time elapsed: 2.903 sec
Running org.springframework.data.jpa.repository.config.DefaultAuditingViaJavaConfigRepositoriesTests
Tests run: 1, Failures: 0, Errors: 0, Skipped: 0, Time elapsed: 3.532 sec
Running org.springframework.data.jpa.repository.config.AllowNestedRepositoriesRepositoryConfigTests
Tests run: 4, Failures: 0, Errors: 0, Skipped: 0, Time elapsed: 4.665 sec
Running org.springframework.data.jpa.repository.config.CustomRepositoryFactoryConfigTests
Tests run: 3, Failures: 0, Errors: 0, Skipped: 0, Time elapsed: 1.773 sec
Running org.springframework.data.jpa.repository.config.RepositoryAutoConfigTests
Tests run: 3, Failures: 0, Errors: 0, Skipped: 0, Time elapsed: 2.391 sec
Running org.springframework.data.jpa.repository.config.QueryLookupStrategyTests
Tests run: 1, Failures: 0, Errors: 0, Skipped: 0, Time elapsed: 1.796 sec
Running org.springframework.data.jpa.repository.config.TypeFilterConfigTests
Tests run: 3, Failures: 0, Errors: 0, Skipped: 0, Time elapsed: 1.292 sec
Running org.springframework.data.jpa.repository.CustomAbstractPersistableIntegrationTests
Tests run: 1, Failures: 0, Errors: 0, Skipped: 0, Time elapsed: 0.031 sec
Running org.springframework.data.jpa.repository.JavaConfigUserRepositoryTests
Tests run: 134, Failures: 0, Errors: 0, Skipped: 2, Time elapsed: 7.584 sec
Running org.springframework.data.jpa.repository.UserRepositoryTests
Tests run: 133, Failures: 0, Errors: 0, Skipped: 2, Time elapsed: 2.813 sec
Running org.springframework.data.jpa.repository.EntityGraphRepositoryMethodsIntegrationTests
Tests run: 4, Failures: 0, Errors: 0, Skipped: 0, Time elapsed: 0.026 sec
Running org.springframework.data.jpa.repository.UserRepositoryStoredProcedureTests
Tests run: 5, Failures: 0, Errors: 0, Skipped: 2, Time elapsed: 0.007 sec
Running org.springframework.data.jpa.repository.ParentRepositoryIntegrationTests
Tests run: 2, Failures: 0, Errors: 0, Skipped: 0, Time elapsed: 0.055 sec
Running org.springframework.data.jpa.repository.RepositoryWithCompositeKeyTests
Tests run: 8, Failures: 0, Errors: 0, Skipped: 0, Time elapsed: 0.101 sec
Running org.springframework.data.jpa.repository.NamespaceUserRepositoryTests
Tests run: 134, Failures: 0, Errors: 0, Skipped: 2, Time elapsed: 2.419 sec
Running org.springframework.data.jpa.repository.AbstractPersistableIntegrationTests
Tests run: 1, Failures: 0, Errors: 0, Skipped: 0, Time elapsed: 0.008 sec
Running org.springframework.data.jpa.repository.SPR8954Tests
Tests run: 1, Failures: 0, Errors: 0, Skipped: 0, Time elapsed: 0.004 sec
Running org.springframework.data.jpa.repository.RedeclaringRepositoryMethodsTests
Tests run: 2, Failures: 0, Errors: 0, Skipped: 0, Time elapsed: 0.006 sec
Running org.springframework.data.jpa.repository.ORMInfrastructureTests
Tests run: 1, Failures: 0, Errors: 0, Skipped: 0, Time elapsed: 0.003 sec
Running org.springframework.data.jpa.repository.MappedTypeRepositoryIntegrationTests
Tests run: 2, Failures: 0, Errors: 0, Skipped: 0, Time elapsed: 0.042 sec
Running org.springframework.data.jpa.repository.SimpleJpaParameterBindingTests
Tests run: 2, Failures: 0, Errors: 0, Skipped: 1, Time elapsed: 0.004 sec
Running org.springframework.data.jpa.domain.support.AuditingEntityListenerTests
Tests run: 4, Failures: 0, Errors: 0, Skipped: 0, Time elapsed: 1.247 sec
Running org.springframework.data.jpa.domain.JpaSortTests
Tests run: 17, Failures: 0, Errors: 0, Skipped: 0, Time elapsed: 0.006 sec
Running org.springframework.data.jpa.infrastructure.HibernateMetamodelIntegrationTests
Tests run: 3, Failures: 0, Errors: 0, Skipped: 2, Time elapsed: 0.008 sec
Running org.springframework.data.jpa.convert.threetenbp.ThreeTenBackPortJpaConvertersIntegrationTests
Tests run: 1, Failures: 0, Errors: 0, Skipped: 0, Time elapsed: 0.597 sec
Running org.springframework.data.jpa.convert.threeten.Jsr310JpaConvertersIntegrationTests
Tests run: 1, Failures: 0, Errors: 0, Skipped: 0, Time elapsed: 0.643 sec
Running org.springframework.data.jpa.mapping.JpaMetamodelMappingContextIntegrationTests
Tests run: 6, Failures: 0, Errors: 0, Skipped: 0, Time elapsed: 0.412 sec
Running org.springframework.data.jpa.provider.PersistenceProviderIntegrationTests
Tests run: 1, Failures: 0, Errors: 0, Skipped: 0, Time elapsed: 0.511 sec

Results :

Tests run: 604, Failures: 0, Errors: 0, Skipped: 16

[INFO] 
[INFO] --- maven-surefire-plugin:2.12:test (eclipselink-tests) @ spring-data-jpa ---
[INFO] Surefire report directory: /home/travis/build/spring-projects/spring-data-jpa/target/surefire-reports

-------------------------------------------------------
 T E S T S
-------------------------------------------------------
[EL Info]: server: 2015-07-07 13:04:58.026--ServerSession(1277181601)--Detected server platform: org.eclipse.persistence.platform.server.NoServerPlatform.
[EL Info]: server: 2015-07-07 13:05:01.262--ServerSession(259564670)--Detected server platform: org.eclipse.persistence.platform.server.NoServerPlatform.
[EL Info]: server: 2015-07-07 13:05:01.503--ServerSession(1991371192)--Detected server platform: org.eclipse.persistence.platform.server.NoServerPlatform.
[EL Info]: server: 2015-07-07 13:05:01.724--ServerSession(540325452)--Detected server platform: org.eclipse.persistence.platform.server.NoServerPlatform.
Running org.springframework.data.jpa.repository.support.EclipseLinkJpaMetamodelEntityInformationIntegrationTests
[EL Info]: server: 2015-07-07 13:05:04.694--ServerSession(2094115865)--Detected server platform: org.eclipse.persistence.platform.server.NoServerPlatform.
Tests run: 15, Failures: 0, Errors: 0, Skipped: 1, Time elapsed: 3.925 sec
Running org.springframework.data.jpa.repository.support.EclipseLinkJpaRepositoryTests
Tests run: 4, Failures: 0, Errors: 0, Skipped: 0, Time elapsed: 0.826 sec
Running org.springframework.data.jpa.repository.support.EclipseLinkProxyIdAccessorTests
Tests run: 1, Failures: 0, Errors: 0, Skipped: 0, Time elapsed: 1.977 sec
Running org.springframework.data.jpa.repository.support.EclipseLinkSoftDeleteIntegrationTests
Tests run: 2, Failures: 0, Errors: 0, Skipped: 0, Time elapsed: 0.494 sec
Running org.springframework.data.jpa.repository.query.EclipseLinkQueryUtilsIntegrationTests
Tests run: 5, Failures: 0, Errors: 0, Skipped: 0, Time elapsed: 2.838 sec
Running org.springframework.data.jpa.repository.EclipseLinkEntityGraphRepositoryMethodsIntegrationTests
Tests run: 4, Failures: 0, Errors: 0, Skipped: 0, Time elapsed: 4.785 sec
Running org.springframework.data.jpa.repository.EclipseLinkParentRepositoryIntegrationTests
Tests run: 2, Failures: 0, Errors: 0, Skipped: 0, Time elapsed: 1.442 sec
Running org.springframework.data.jpa.repository.EclipseLinkNamespaceUserRepositoryTests
Tests run: 134, Failures: 0, Errors: 0, Skipped: 2, Time elapsed: 5.248 sec
Running org.springframework.data.jpa.repository.EclipseLinkUserRepositoryFinderTests
Tests run: 12, Failures: 0, Errors: 0, Skipped: 0, Time elapsed: 0.105 sec
Running org.springframework.data.jpa.repository.EclipseLinkStoredProcedureIntegrationTests
Tests run: 12, Failures: 0, Errors: 0, Skipped: 4, Time elapsed: 1.111 sec
Running org.springframework.data.jpa.infrastructure.EclipseLinkMetamodelIntegrationTests
Tests run: 3, Failures: 0, Errors: 0, Skipped: 2, Time elapsed: 0.032 sec

Results :

Tests run: 194, Failures: 0, Errors: 0, Skipped: 9

[INFO] 
[INFO] --- maven-surefire-plugin:2.12:test (openjpa-tests) @ spring-data-jpa ---
[INFO] Surefire report directory: /home/travis/build/spring-projects/spring-data-jpa/target/surefire-reports

-------------------------------------------------------
 T E S T S
-------------------------------------------------------
Running org.springframework.data.jpa.repository.support.OpenJpaMetamodelEntityInformationIntegrationTests
Failed to instantiate [ch.qos.logback.classic.LoggerContext]
Reported exception:
java.lang.LinkageError: loader constraint violation: when resolving method "javax.xml.parsers.SAXParser.parse(Lorg/xml/sax/InputSource;Lorg/xml/sax/helpers/DefaultHandler;)V" the class loader (instance of org/apache/openjpa/lib/util/TemporaryClassLoader) of the current class, ch/qos/logback/core/joran/event/SaxEventRecorder, and the class loader (instance of <bootloader>) for the method's defining class, javax/xml/parsers/SAXParser, have different Class objects for the type org/xml/sax/InputSource used in the signature
	at ch.qos.logback.core.joran.event.SaxEventRecorder.recordEvents(SaxEventRecorder.java:61)
	at ch.qos.logback.core.joran.GenericConfigurator.doConfigure(GenericConfigurator.java:134)
	at ch.qos.logback.core.joran.GenericConfigurator.doConfigure(GenericConfigurator.java:99)
	at ch.qos.logback.core.joran.GenericConfigurator.doConfigure(GenericConfigurator.java:49)
	at ch.qos.logback.classic.util.ContextInitializer.configureByResource(ContextInitializer.java:77)
	at ch.qos.logback.classic.util.ContextInitializer.autoConfig(ContextInitializer.java:152)
	at org.slf4j.impl.StaticLoggerBinder.init(StaticLoggerBinder.java:85)
	at org.slf4j.impl.StaticLoggerBinder.<clinit>(StaticLoggerBinder.java:55)
	at org.slf4j.LoggerFactory.bind(LoggerFactory.java:141)
	at org.slf4j.LoggerFactory.performInitialization(LoggerFactory.java:120)
	at org.slf4j.LoggerFactory.getILoggerFactory(LoggerFactory.java:331)
	at org.slf4j.LoggerFactory.getLogger(LoggerFactory.java:283)
	at org.apache.commons.logging.impl.SLF4JLogFactory.getInstance(SLF4JLogFactory.java:155)
	at org.apache.commons.logging.impl.SLF4JLogFactory.getInstance(SLF4JLogFactory.java:132)
	at org.apache.commons.logging.LogFactory.getLog(LogFactory.java:273)
	at org.springframework.beans.factory.wiring.BeanConfigurerSupport.<init>(BeanConfigurerSupport.java:52)
	at org.springframework.beans.factory.aspectj.AnnotationBeanConfigurerAspect.<init>(AnnotationBeanConfigurerAspect.aj:50)
	at org.springframework.beans.factory.aspectj.AnnotationBeanConfigurerAspect.ajc$postClinit(AnnotationBeanConfigurerAspect.aj:1)
	at org.springframework.beans.factory.aspectj.AnnotationBeanConfigurerAspect.<clinit>(AnnotationBeanConfigurerAspect.aj:47)
	at org.springframework.data.jpa.domain.support.AuditingEntityListener.<init>(AuditingEntityListener.java:59)
	at sun.reflect.NativeConstructorAccessorImpl.newInstance0(Native Method)
	at sun.reflect.NativeConstructorAccessorImpl.newInstance(NativeConstructorAccessorImpl.java:62)
	at sun.reflect.DelegatingConstructorAccessorImpl.newInstance(DelegatingConstructorAccessorImpl.java:45)
	at java.lang.reflect.Constructor.newInstance(Constructor.java:408)
	at java.lang.Class.newInstance(Class.java:438)
	at org.apache.openjpa.lib.util.J2DoPrivHelper$11.run(J2DoPrivHelper.java:373)
	at java.security.AccessController.doPrivileged(Native Method)
	at org.apache.openjpa.event.BeanLifecycleCallbacks.newListener(BeanLifecycleCallbacks.java:66)
	at org.apache.openjpa.event.BeanLifecycleCallbacks.<init>(BeanLifecycleCallbacks.java:61)
	at org.apache.openjpa.persistence.AnnotationPersistenceMetaDataParser.parseCallbackMethods(AnnotationPersistenceMetaDataParser.java:1004)
	at org.apache.openjpa.persistence.XMLPersistenceMetaDataParser.startEntityListener(XMLPersistenceMetaDataParser.java:2050)
	at org.apache.openjpa.persistence.XMLPersistenceMetaDataParser.startSystemElement(XMLPersistenceMetaDataParser.java:654)
	at org.apache.openjpa.lib.meta.CFMetaDataParser.startElement(CFMetaDataParser.java:129)
	at org.apache.openjpa.lib.meta.XMLMetaDataParser.startElement(XMLMetaDataParser.java:499)
	at com.sun.org.apache.xerces.internal.parsers.AbstractSAXParser.startElement(AbstractSAXParser.java:509)
	at com.sun.org.apache.xerces.internal.parsers.AbstractXMLDocumentParser.emptyElement(AbstractXMLDocumentParser.java:182)
	at com.sun.org.apache.xerces.internal.impl.xs.XMLSchemaValidator.emptyElement(XMLSchemaValidator.java:780)
	at com.sun.org.apache.xerces.internal.impl.XMLNSDocumentScannerImpl.scanStartElement(XMLNSDocumentScannerImpl.java:356)
	at com.sun.org.apache.xerces.internal.impl.XMLDocumentFragmentScannerImpl$FragmentContentDriver.next(XMLDocumentFragmentScannerImpl.java:2786)
	at com.sun.org.apache.xerces.internal.impl.XMLDocumentScannerImpl.next(XMLDocumentScannerImpl.java:606)
	at com.sun.org.apache.xerces.internal.impl.XMLNSDocumentScannerImpl.next(XMLNSDocumentScannerImpl.java:117)
	at com.sun.org.apache.xerces.internal.impl.XMLDocumentFragmentScannerImpl.scanDocument(XMLDocumentFragmentScannerImpl.java:510)
	at com.sun.org.apache.xerces.internal.parsers.XML11Configuration.parse(XML11Configuration.java:848)
	at com.sun.org.apache.xerces.internal.parsers.XML11Configuration.parse(XML11Configuration.java:777)
	at com.sun.org.apache.xerces.internal.parsers.XMLParser.parse(XMLParser.java:141)
	at com.sun.org.apache.xerces.internal.parsers.AbstractSAXParser.parse(AbstractSAXParser.java:1213)
	at com.sun.org.apache.xerces.internal.jaxp.SAXParserImpl$JAXPSAXParser.parse(SAXParserImpl.java:649)
	at com.sun.org.apache.xerces.internal.jaxp.SAXParserImpl.parse(SAXParserImpl.java:333)
	at org.apache.openjpa.lib.meta.XMLMetaDataParser.parseNewResource(XMLMetaDataParser.java:424)
	at org.apache.openjpa.lib.meta.XMLMetaDataParser.parse(XMLMetaDataParser.java:347)
	at org.apache.openjpa.lib.meta.XMLMetaDataParser.parse(XMLMetaDataParser.java:324)
	at org.apache.openjpa.lib.meta.XMLMetaDataParser.parse(XMLMetaDataParser.java:297)
	at org.apache.openjpa.persistence.XMLPersistenceMetaDataParser.parse(XMLPersistenceMetaDataParser.java:406)
	at org.apache.openjpa.persistence.PersistenceMetaDataFactory.parseXML(PersistenceMetaDataFactory.java:293)
	at org.apache.openjpa.persistence.PersistenceMetaDataFactory.load(PersistenceMetaDataFactory.java:228)
	at org.apache.openjpa.meta.MetaDataRepository.getMetaDataInternal(MetaDataRepository.java:587)
	at org.apache.openjpa.meta.MetaDataRepository.getMetaDataInternal(MetaDataRepository.java:397)
	at org.apache.openjpa.meta.MetaDataRepository.getMetaData(MetaDataRepository.java:389)
	at org.apache.openjpa.enhance.PCEnhancer.<init>(PCEnhancer.java:286)
	at org.apache.openjpa.enhance.PCEnhancer.<init>(PCEnhancer.java:257)
	at org.apache.openjpa.enhance.PCClassFileTransformer.transform0(PCClassFileTransformer.java:146)
	at org.apache.openjpa.enhance.PCClassFileTransformer.transform(PCClassFileTransformer.java:126)
	at sun.instrument.TransformerManager.transform(TransformerManager.java:188)
	at sun.instrument.InstrumentationImpl.transform(InstrumentationImpl.java:428)
	at java.lang.ClassLoader.defineClass1(Native Method)
	at java.lang.ClassLoader.defineClass(ClassLoader.java:760)
	at java.security.SecureClassLoader.defineClass(SecureClassLoader.java:142)
	at java.net.URLClassLoader.defineClass(URLClassLoader.java:455)
	at java.net.URLClassLoader.access$100(URLClassLoader.java:73)
	at java.net.URLClassLoader$1.run(URLClassLoader.java:367)
	at java.net.URLClassLoader$1.run(URLClassLoader.java:361)
	at java.security.AccessController.doPrivileged(Native Method)
	at java.net.URLClassLoader.findClass(URLClassLoader.java:360)
	at java.lang.ClassLoader.loadClass(ClassLoader.java:424)
	at sun.misc.Launcher$AppClassLoader.loadClass(Launcher.java:308)
	at java.lang.ClassLoader.loadClass(ClassLoader.java:357)
	at org.springframework.data.jpa.repository.support.JpaMetamodelEntityInformationIntegrationTests.detectsIdTypeForMappedSuperclass(JpaMetamodelEntityInformationIntegrationTests.java:86)
	at org.springframework.data.jpa.repository.support.OpenJpaMetamodelEntityInformationIntegrationTests.reactivatedDetectsIdTypeForMappedSuperclass(OpenJpaMetamodelEntityInformationIntegrationTests.java:35)
	at sun.reflect.NativeMethodAccessorImpl.invoke0(Native Method)
	at sun.reflect.NativeMethodAccessorImpl.invoke(NativeMethodAccessorImpl.java:62)
	at sun.reflect.DelegatingMethodAccessorImpl.invoke(DelegatingMethodAccessorImpl.java:43)
	at java.lang.reflect.Method.invoke(Method.java:483)
	at org.junit.runners.model.FrameworkMethod$1.runReflectiveCall(FrameworkMethod.java:50)
	at org.junit.internal.runners.model.ReflectiveCallable.run(ReflectiveCallable.java:12)
	at org.junit.runners.model.FrameworkMethod.invokeExplosively(FrameworkMethod.java:47)
	at org.junit.internal.runners.statements.InvokeMethod.evaluate(InvokeMethod.java:17)
	at org.springframework.test.context.junit4.statements.RunBeforeTestMethodCallbacks.evaluate(RunBeforeTestMethodCallbacks.java:73)
	at org.springframework.test.context.junit4.statements.RunAfterTestMethodCallbacks.evaluate(RunAfterTestMethodCallbacks.java:82)
	at org.springframework.test.context.junit4.statements.SpringRepeat.evaluate(SpringRepeat.java:73)
	at org.junit.runners.ParentRunner.runLeaf(ParentRunner.java:325)
	at org.springframework.test.context.junit4.SpringJUnit4ClassRunner.runChild(SpringJUnit4ClassRunner.java:224)
	at org.springframework.test.context.junit4.SpringJUnit4ClassRunner.runChild(SpringJUnit4ClassRunner.java:83)
	at org.junit.runners.ParentRunner$3.run(ParentRunner.java:290)
	at org.junit.runners.ParentRunner$1.schedule(ParentRunner.java:71)
	at org.junit.runners.ParentRunner.runChildren(ParentRunner.java:288)
	at org.junit.runners.ParentRunner.access$000(ParentRunner.java:58)
	at org.junit.runners.ParentRunner$2.evaluate(ParentRunner.java:268)
	at org.springframework.test.context.junit4.statements.RunBeforeTestClassCallbacks.evaluate(RunBeforeTestClassCallbacks.java:61)
	at org.springframework.test.context.junit4.statements.RunAfterTestClassCallbacks.evaluate(RunAfterTestClassCallbacks.java:68)
	at org.junit.runners.ParentRunner.run(ParentRunner.java:363)
	at org.springframework.test.context.junit4.SpringJUnit4ClassRunner.run(SpringJUnit4ClassRunner.java:163)
	at org.apache.maven.surefire.junit4.JUnit4Provider.execute(JUnit4Provider.java:236)
	at org.apache.maven.surefire.junit4.JUnit4Provider.executeTestSet(JUnit4Provider.java:134)
	at org.apache.maven.surefire.junit4.JUnit4Provider.invoke(JUnit4Provider.java:113)
	at sun.reflect.NativeMethodAccessorImpl.invoke0(Native Method)
	at sun.reflect.NativeMethodAccessorImpl.invoke(NativeMethodAccessorImpl.java:62)
	at sun.reflect.DelegatingMethodAccessorImpl.invoke(DelegatingMethodAccessorImpl.java:43)
	at java.lang.reflect.Method.invoke(Method.java:483)
	at org.apache.maven.surefire.util.ReflectionUtils.invokeMethodWithArray(ReflectionUtils.java:189)
	at org.apache.maven.surefire.booter.ProviderFactory$ProviderProxy.invoke(ProviderFactory.java:165)
	at org.apache.maven.surefire.booter.ProviderFactory.invokeProvider(ProviderFactory.java:85)
	at org.apache.maven.surefire.booter.ForkedBooter.runSuitesInProcess(ForkedBooter.java:103)
	at org.apache.maven.surefire.booter.ForkedBooter.main(ForkedBooter.java:74)
3001  spring-data-jpa  WARN   [main] openjpa.Runtime - Found no persistent property in "org.springframework.data.jpa.domain.sample.CustomAbstractPersistable"
3233  spring-data-jpa  WARN   [main] openjpa.Runtime - Found no persistent property in "org.springframework.data.jpa.domain.sample.ConcreteType1"
3271  spring-data-jpa  WARN   [main] openjpa.Runtime - Found no persistent property in "org.springframework.data.jpa.domain.sample.ConcreteType2"
3557  spring-data-jpa  WARN   [main] openjpa.Runtime - Found no persistent property in "org.springframework.data.jpa.domain.sample.AnnotatedAuditableUser"
3743  spring-data-jpa  WARN   [main] openjpa.Runtime - Found no persistent property in "org.springframework.data.jpa.domain.sample.Account"
3839  spring-data-jpa  WARN   [main] openjpa.Runtime - Found no persistent property in "org.springframework.data.jpa.domain.sample.SpecialUser"
Tests run: 15, Failures: 0, Errors: 0, Skipped: 1, Time elapsed: 3.64 sec
Running org.springframework.data.jpa.repository.support.OpenJpaSoftDeleteIntegrationTests
Tests run: 2, Failures: 0, Errors: 0, Skipped: 0, Time elapsed: 1.672 sec
Running org.springframework.data.jpa.repository.support.OpenJpaProxyIdAccessorTests
Tests run: 1, Failures: 0, Errors: 0, Skipped: 0, Time elapsed: 2.934 sec
Running org.springframework.data.jpa.repository.support.OpenJpaJpaRepositoryTests
Tests run: 4, Failures: 0, Errors: 0, Skipped: 0, Time elapsed: 0.22 sec
Running org.springframework.data.jpa.repository.query.OpenJpaQueryUtilsIntegrationTests
Failed to instantiate [ch.qos.logback.classic.LoggerContext]
Reported exception:
java.lang.LinkageError: loader constraint violation: when resolving method "javax.xml.parsers.SAXParser.parse(Lorg/xml/sax/InputSource;Lorg/xml/sax/helpers/DefaultHandler;)V" the class loader (instance of org/apache/openjpa/lib/util/TemporaryClassLoader) of the current class, ch/qos/logback/core/joran/event/SaxEventRecorder, and the class loader (instance of <bootloader>) for the method's defining class, javax/xml/parsers/SAXParser, have different Class objects for the type org/xml/sax/InputSource used in the signature
	at ch.qos.logback.core.joran.event.SaxEventRecorder.recordEvents(SaxEventRecorder.java:61)
	at ch.qos.logback.core.joran.GenericConfigurator.doConfigure(GenericConfigurator.java:134)
	at ch.qos.logback.core.joran.GenericConfigurator.doConfigure(GenericConfigurator.java:99)
	at ch.qos.logback.core.joran.GenericConfigurator.doConfigure(GenericConfigurator.java:49)
	at ch.qos.logback.classic.util.ContextInitializer.configureByResource(ContextInitializer.java:77)
	at ch.qos.logback.classic.util.ContextInitializer.autoConfig(ContextInitializer.java:152)
	at org.slf4j.impl.StaticLoggerBinder.init(StaticLoggerBinder.java:85)
	at org.slf4j.impl.StaticLoggerBinder.<clinit>(StaticLoggerBinder.java:55)
	at org.slf4j.LoggerFactory.bind(LoggerFactory.java:141)
	at org.slf4j.LoggerFactory.performInitialization(LoggerFactory.java:120)
	at org.slf4j.LoggerFactory.getILoggerFactory(LoggerFactory.java:331)
	at org.slf4j.LoggerFactory.getLogger(LoggerFactory.java:283)
	at org.apache.commons.logging.impl.SLF4JLogFactory.getInstance(SLF4JLogFactory.java:155)
	at org.apache.commons.logging.impl.SLF4JLogFactory.getInstance(SLF4JLogFactory.java:132)
	at org.apache.commons.logging.LogFactory.getLog(LogFactory.java:273)
	at org.springframework.beans.factory.wiring.BeanConfigurerSupport.<init>(BeanConfigurerSupport.java:52)
	at org.springframework.beans.factory.aspectj.AnnotationBeanConfigurerAspect.<init>(AnnotationBeanConfigurerAspect.aj:50)
	at org.springframework.beans.factory.aspectj.AnnotationBeanConfigurerAspect.ajc$postClinit(AnnotationBeanConfigurerAspect.aj:1)
	at org.springframework.beans.factory.aspectj.AnnotationBeanConfigurerAspect.<clinit>(AnnotationBeanConfigurerAspect.aj:47)
	at org.springframework.data.jpa.domain.support.AuditingEntityListener.<init>(AuditingEntityListener.java:59)
	at sun.reflect.NativeConstructorAccessorImpl.newInstance0(Native Method)
	at sun.reflect.NativeConstructorAccessorImpl.newInstance(NativeConstructorAccessorImpl.java:62)
	at sun.reflect.DelegatingConstructorAccessorImpl.newInstance(DelegatingConstructorAccessorImpl.java:45)
	at java.lang.reflect.Constructor.newInstance(Constructor.java:408)
	at java.lang.Class.newInstance(Class.java:438)
	at org.apache.openjpa.lib.util.J2DoPrivHelper$11.run(J2DoPrivHelper.java:373)
	at java.security.AccessController.doPrivileged(Native Method)
	at org.apache.openjpa.event.BeanLifecycleCallbacks.newListener(BeanLifecycleCallbacks.java:66)
	at org.apache.openjpa.event.BeanLifecycleCallbacks.<init>(BeanLifecycleCallbacks.java:61)
	at org.apache.openjpa.persistence.AnnotationPersistenceMetaDataParser.parseCallbackMethods(AnnotationPersistenceMetaDataParser.java:1004)
	at org.apache.openjpa.persistence.XMLPersistenceMetaDataParser.startEntityListener(XMLPersistenceMetaDataParser.java:2050)
	at org.apache.openjpa.persistence.XMLPersistenceMetaDataParser.startSystemElement(XMLPersistenceMetaDataParser.java:654)
	at org.apache.openjpa.lib.meta.CFMetaDataParser.startElement(CFMetaDataParser.java:129)
	at org.apache.openjpa.lib.meta.XMLMetaDataParser.startElement(XMLMetaDataParser.java:499)
	at com.sun.org.apache.xerces.internal.parsers.AbstractSAXParser.startElement(AbstractSAXParser.java:509)
	at com.sun.org.apache.xerces.internal.parsers.AbstractXMLDocumentParser.emptyElement(AbstractXMLDocumentParser.java:182)
	at com.sun.org.apache.xerces.internal.impl.xs.XMLSchemaValidator.emptyElement(XMLSchemaValidator.java:780)
	at com.sun.org.apache.xerces.internal.impl.XMLNSDocumentScannerImpl.scanStartElement(XMLNSDocumentScannerImpl.java:356)
	at com.sun.org.apache.xerces.internal.impl.XMLDocumentFragmentScannerImpl$FragmentContentDriver.next(XMLDocumentFragmentScannerImpl.java:2786)
	at com.sun.org.apache.xerces.internal.impl.XMLDocumentScannerImpl.next(XMLDocumentScannerImpl.java:606)
	at com.sun.org.apache.xerces.internal.impl.XMLNSDocumentScannerImpl.next(XMLNSDocumentScannerImpl.java:117)
	at com.sun.org.apache.xerces.internal.impl.XMLDocumentFragmentScannerImpl.scanDocument(XMLDocumentFragmentScannerImpl.java:510)
	at com.sun.org.apache.xerces.internal.parsers.XML11Configuration.parse(XML11Configuration.java:848)
	at com.sun.org.apache.xerces.internal.parsers.XML11Configuration.parse(XML11Configuration.java:777)
	at com.sun.org.apache.xerces.internal.parsers.XMLParser.parse(XMLParser.java:141)
	at com.sun.org.apache.xerces.internal.parsers.AbstractSAXParser.parse(AbstractSAXParser.java:1213)
	at com.sun.org.apache.xerces.internal.jaxp.SAXParserImpl$JAXPSAXParser.parse(SAXParserImpl.java:649)
	at com.sun.org.apache.xerces.internal.jaxp.SAXParserImpl.parse(SAXParserImpl.java:333)
	at org.apache.openjpa.lib.meta.XMLMetaDataParser.parseNewResource(XMLMetaDataParser.java:424)
	at org.apache.openjpa.lib.meta.XMLMetaDataParser.parse(XMLMetaDataParser.java:347)
	at org.apache.openjpa.lib.meta.XMLMetaDataParser.parse(XMLMetaDataParser.java:324)
	at org.apache.openjpa.lib.meta.XMLMetaDataParser.parse(XMLMetaDataParser.java:297)
	at org.apache.openjpa.persistence.XMLPersistenceMetaDataParser.parse(XMLPersistenceMetaDataParser.java:406)
	at org.apache.openjpa.persistence.PersistenceMetaDataFactory.parseXML(PersistenceMetaDataFactory.java:293)
	at org.apache.openjpa.persistence.PersistenceMetaDataFactory.load(PersistenceMetaDataFactory.java:228)
	at org.apache.openjpa.meta.MetaDataRepository.getMetaDataInternal(MetaDataRepository.java:587)
	at org.apache.openjpa.meta.MetaDataRepository.getMetaDataInternal(MetaDataRepository.java:397)
	at org.apache.openjpa.meta.MetaDataRepository.getMetaData(MetaDataRepository.java:389)
	at org.apache.openjpa.enhance.PCEnhancer.<init>(PCEnhancer.java:286)
	at org.apache.openjpa.enhance.PCEnhancer.<init>(PCEnhancer.java:257)
	at org.apache.openjpa.enhance.PCClassFileTransformer.transform0(PCClassFileTransformer.java:146)
	at org.apache.openjpa.enhance.PCClassFileTransformer.transform(PCClassFileTransformer.java:126)
	at sun.instrument.TransformerManager.transform(TransformerManager.java:188)
	at sun.instrument.InstrumentationImpl.transform(InstrumentationImpl.java:428)
	at java.lang.ClassLoader.defineClass1(Native Method)
	at java.lang.ClassLoader.defineClass(ClassLoader.java:760)
	at java.security.SecureClassLoader.defineClass(SecureClassLoader.java:142)
	at java.net.URLClassLoader.defineClass(URLClassLoader.java:455)
	at java.net.URLClassLoader.access$100(URLClassLoader.java:73)
	at java.net.URLClassLoader$1.run(URLClassLoader.java:367)
	at java.net.URLClassLoader$1.run(URLClassLoader.java:361)
	at java.security.AccessController.doPrivileged(Native Method)
	at java.net.URLClassLoader.findClass(URLClassLoader.java:360)
	at java.lang.ClassLoader.loadClass(ClassLoader.java:424)
	at sun.misc.Launcher$AppClassLoader.loadClass(Launcher.java:308)
	at java.lang.ClassLoader.loadClass(ClassLoader.java:357)
	at org.hibernate.boot.registry.classloading.internal.ClassLoaderServiceImpl$AggregatedClassLoader.findClass(ClassLoaderServiceImpl.java:224)
	at java.lang.ClassLoader.loadClass(ClassLoader.java:424)
	at java.lang.ClassLoader.loadClass(ClassLoader.java:357)
	at java.lang.Class.forName0(Native Method)
	at java.lang.Class.forName(Class.java:344)
	at org.hibernate.boot.registry.classloading.internal.ClassLoaderServiceImpl.classForName(ClassLoaderServiceImpl.java:242)
	at org.hibernate.jpa.boot.internal.EntityManagerFactoryBuilderImpl.buildHibernateConfiguration(EntityManagerFactoryBuilderImpl.java:1136)
	at org.hibernate.jpa.boot.internal.EntityManagerFactoryBuilderImpl$4.perform(EntityManagerFactoryBuilderImpl.java:853)
	at org.hibernate.jpa.boot.internal.EntityManagerFactoryBuilderImpl$4.perform(EntityManagerFactoryBuilderImpl.java:850)
	at org.hibernate.boot.registry.classloading.internal.ClassLoaderServiceImpl.withTccl(ClassLoaderServiceImpl.java:425)
	at org.hibernate.jpa.boot.internal.EntityManagerFactoryBuilderImpl.build(EntityManagerFactoryBuilderImpl.java:849)
	at org.hibernate.jpa.HibernatePersistenceProvider.createEntityManagerFactory(HibernatePersistenceProvider.java:75)
	at org.hibernate.ejb.HibernatePersistence.createEntityManagerFactory(HibernatePersistence.java:54)
	at javax.persistence.Persistence.createEntityManagerFactory(Persistence.java:79)
	at javax.persistence.Persistence.createEntityManagerFactory(Persistence.java:54)
	at org.springframework.data.jpa.repository.query.QueryUtilsIntegrationTests.traversesPluralAttributeCorrectly(QueryUtilsIntegrationTests.java:133)
	at sun.reflect.NativeMethodAccessorImpl.invoke0(Native Method)
	at sun.reflect.NativeMethodAccessorImpl.invoke(NativeMethodAccessorImpl.java:62)
	at sun.reflect.DelegatingMethodAccessorImpl.invoke(DelegatingMethodAccessorImpl.java:43)
	at java.lang.reflect.Method.invoke(Method.java:483)
	at org.junit.runners.model.FrameworkMethod$1.runReflectiveCall(FrameworkMethod.java:50)
	at org.junit.internal.runners.model.ReflectiveCallable.run(ReflectiveCallable.java:12)
	at org.junit.runners.model.FrameworkMethod.invokeExplosively(FrameworkMethod.java:47)
	at org.junit.internal.runners.statements.InvokeMethod.evaluate(InvokeMethod.java:17)
	at org.springframework.test.context.junit4.statements.RunBeforeTestMethodCallbacks.evaluate(RunBeforeTestMethodCallbacks.java:73)
	at org.springframework.test.context.junit4.statements.RunAfterTestMethodCallbacks.evaluate(RunAfterTestMethodCallbacks.java:82)
	at org.springframework.test.context.junit4.statements.SpringRepeat.evaluate(SpringRepeat.java:73)
	at org.junit.runners.ParentRunner.runLeaf(ParentRunner.java:325)
	at org.springframework.test.context.junit4.SpringJUnit4ClassRunner.runChild(SpringJUnit4ClassRunner.java:224)
	at org.springframework.test.context.junit4.SpringJUnit4ClassRunner.runChild(SpringJUnit4ClassRunner.java:83)
	at org.junit.runners.ParentRunner$3.run(ParentRunner.java:290)
	at org.junit.runners.ParentRunner$1.schedule(ParentRunner.java:71)
	at org.junit.runners.ParentRunner.runChildren(ParentRunner.java:288)
	at org.junit.runners.ParentRunner.access$000(ParentRunner.java:58)
	at org.junit.runners.ParentRunner$2.evaluate(ParentRunner.java:268)
	at org.springframework.test.context.junit4.statements.RunBeforeTestClassCallbacks.evaluate(RunBeforeTestClassCallbacks.java:61)
	at org.springframework.test.context.junit4.statements.RunAfterTestClassCallbacks.evaluate(RunAfterTestClassCallbacks.java:68)
	at org.junit.runners.ParentRunner.run(ParentRunner.java:363)
	at org.springframework.test.context.junit4.SpringJUnit4ClassRunner.run(SpringJUnit4ClassRunner.java:163)
	at org.apache.maven.surefire.junit4.JUnit4Provider.execute(JUnit4Provider.java:236)
	at org.apache.maven.surefire.junit4.JUnit4Provider.executeTestSet(JUnit4Provider.java:134)
	at org.apache.maven.surefire.junit4.JUnit4Provider.invoke(JUnit4Provider.java:113)
	at sun.reflect.NativeMethodAccessorImpl.invoke0(Native Method)
	at sun.reflect.NativeMethodAccessorImpl.invoke(NativeMethodAccessorImpl.java:62)
	at sun.reflect.DelegatingMethodAccessorImpl.invoke(DelegatingMethodAccessorImpl.java:43)
	at java.lang.reflect.Method.invoke(Method.java:483)
	at org.apache.maven.surefire.util.ReflectionUtils.invokeMethodWithArray(ReflectionUtils.java:189)
	at org.apache.maven.surefire.booter.ProviderFactory$ProviderProxy.invoke(ProviderFactory.java:165)
	at org.apache.maven.surefire.booter.ProviderFactory.invokeProvider(ProviderFactory.java:85)
	at org.apache.maven.surefire.booter.ForkedBooter.runSuitesInProcess(ForkedBooter.java:103)
	at org.apache.maven.surefire.booter.ForkedBooter.main(ForkedBooter.java:74)
Tests run: 5, Failures: 0, Errors: 0, Skipped: 0, Time elapsed: 2.453 sec
Running org.springframework.data.jpa.repository.OpenJpaStoredProcedureIntegrationTests
Tests run: 1, Failures: 0, Errors: 0, Skipped: 1, Time elapsed: 0.001 sec
Running org.springframework.data.jpa.repository.OpenJpaUserRepositoryFinderTests
Tests run: 12, Failures: 0, Errors: 0, Skipped: 0, Time elapsed: 4.061 sec
Running org.springframework.data.jpa.repository.OpenJpaEntityGraphRepositoryMethodsIntegrationTests
Tests run: 4, Failures: 0, Errors: 0, Skipped: 4, Time elapsed: 2.962 sec
Running org.springframework.data.jpa.repository.OpenJpaParentRepositoryIntegrationTests
Tests run: 2, Failures: 0, Errors: 0, Skipped: 0, Time elapsed: 0.15 sec
Running org.springframework.data.jpa.repository.OpenJpaNamespaceUserRepositoryTests
Tests run: 136, Failures: 0, Errors: 0, Skipped: 3, Time elapsed: 5.523 sec
Running org.springframework.data.jpa.infrastructure.OpenJpaMetamodelIntegrationTests
Tests run: 3, Failures: 0, Errors: 0, Skipped: 1, Time elapsed: 0.008 sec

Results :

Tests run: 185, Failures: 0, Errors: 0, Skipped: 10

[INFO] ------------------------------------------------------------------------
[INFO] BUILD SUCCESS
[INFO] ------------------------------------------------------------------------
[INFO] Total time: 03:16 min
[INFO] Finished at: 2015-07-07T13:06:04+00:00
[INFO] Final Memory: 35M/404M
[INFO] ------------------------------------------------------------------------
travis_time:end:062d40bb:start=1436274166535407612,finish=1436274365372219641,duration=198836812029[0K
[32;1mThe command "mvn clean dependency:list test -P${PROFILE} -Dsort" exited with 0.[0m
travis_fold:start:cache.2[0Kstore build cache
travis_time:start:2a944904[0Kchanges detected, packing new archive
uploading archive
travis_time:end:2a944904:start=1436274365376571363,finish=1436274372314901592,duration=6938330229[0Ktravis_fold:end:cache.2[0K
Done. Your build exited with 0.
