Using worker: worker-linux-docker-66d28fe2.prod.travis-ci.org:travis-linux-16

travis_fold:start:system_info[0K[33;1mBuild system information[0m
Build language: java
Build group: stable
Build dist: precise
[34m[1mBuild image provisioning date and time[0m
Thu Feb  5 15:09:33 UTC 2015
[34m[1mOperating System Details[0m
Distributor ID:	Ubuntu
Description:	Ubuntu 12.04.5 LTS
Release:	12.04
Codename:	precise
[34m[1mLinux Version[0m
3.13.0-29-generic
[34m[1mCookbooks Version[0m
a68419e https://github.com/travis-ci/travis-cookbooks/tree/a68419e
[34m[1mGCC version[0m
gcc (Ubuntu/Linaro 4.6.3-1ubuntu5) 4.6.3
Copyright (C) 2011 Free Software Foundation, Inc.
This is free software; see the source for copying conditions.  There is NO
warranty; not even for MERCHANTABILITY or FITNESS FOR A PARTICULAR PURPOSE.

[34m[1mLLVM version[0m
clang version 3.4 (tags/RELEASE_34/final)
Target: x86_64-unknown-linux-gnu
Thread model: posix
[34m[1mPre-installed Ruby versions[0m
ruby-1.9.3-p551
[34m[1mPre-installed Node.js versions[0m
v0.10.36
[34m[1mPre-installed Go versions[0m
1.4.1
[34m[1mRedis version[0m
redis-server 2.8.19
[34m[1mriak version[0m
2.0.2
[34m[1mMongoDB version[0m
MongoDB 2.4.12
[34m[1mCouchDB version[0m
couchdb 1.6.1
[34m[1mNeo4j version[0m
1.9.4
[34m[1mRabbitMQ Version[0m
3.4.3
[34m[1mElasticSearch version[0m
1.4.0
[34m[1mInstalled Sphinx versions[0m
2.0.10
2.1.9
2.2.6
[34m[1mDefault Sphinx version[0m
2.2.6
[34m[1mInstalled Firefox version[0m
firefox 31.0esr
[34m[1mPhantomJS version[0m
1.9.8
[34m[1mant -version[0m
Apache Ant(TM) version 1.8.2 compiled on December 3 2011
[34m[1mmvn -version[0m
Apache Maven 3.2.5 (12a6b3acb947671f09b81f49094c53f426d8cea1; 2014-12-14T17:29:23+00:00)
Maven home: /usr/local/maven
Java version: 1.7.0_76, vendor: Oracle Corporation
Java home: /usr/lib/jvm/java-7-oracle/jre
Default locale: en_US, platform encoding: ANSI_X3.4-1968
OS name: "linux", version: "3.13.0-29-generic", arch: "amd64", family: "unix"
travis_fold:end:system_info[0K
travis_fold:start:fix.CVE-2015-7547[0K$ export DEBIAN_FRONTEND=noninteractive
W: Size of file /var/lib/apt/lists/us.archive.ubuntu.com_ubuntu_dists_precise-backports_multiverse_source_Sources.gz is not what the server reported 5886 5888
W: Size of file /var/lib/apt/lists/ppa.launchpad.net_ubuntugis_ppa_ubuntu_dists_precise_main_binary-amd64_Packages.gz is not what the server reported 36669 36677
W: Size of file /var/lib/apt/lists/ppa.launchpad.net_ubuntugis_ppa_ubuntu_dists_precise_main_binary-i386_Packages.gz is not what the server reported 36729 36733
Reading package lists...
Building dependency tree...
Reading state information...
The following extra packages will be installed:
  libc-bin libc-dev-bin libc6-dev
Suggested packages:
  glibc-doc
The following packages will be upgraded:
  libc-bin libc-dev-bin libc6 libc6-dev
4 upgraded, 0 newly installed, 0 to remove and 236 not upgraded.
Need to get 8,844 kB of archives.
After this operation, 9,216 B disk space will be freed.
Get:1 http://us.archive.ubuntu.com/ubuntu/ precise-updates/main libc6-dev amd64 2.15-0ubuntu10.13 [2,943 kB]
Get:2 http://us.archive.ubuntu.com/ubuntu/ precise-updates/main libc-dev-bin amd64 2.15-0ubuntu10.13 [84.7 kB]
Get:3 http://us.archive.ubuntu.com/ubuntu/ precise-updates/main libc-bin amd64 2.15-0ubuntu10.13 [1,179 kB]
Get:4 http://us.archive.ubuntu.com/ubuntu/ precise-updates/main libc6 amd64 2.15-0ubuntu10.13 [4,637 kB]
Fetched 8,844 kB in 0s (22.3 MB/s)
Preconfiguring packages ...
(Reading database ... (Reading database ... 5%(Reading database ... 10%(Reading database ... 15%(Reading database ... 20%(Reading database ... 25%(Reading database ... 30%(Reading database ... 35%(Reading database ... 40%(Reading database ... 45%(Reading database ... 50%(Reading database ... 55%(Reading database ... 60%(Reading database ... 65%(Reading database ... 70%(Reading database ... 75%(Reading database ... 80%(Reading database ... 85%(Reading database ... 90%(Reading database ... 95%(Reading database ... 100%(Reading database ... 72019 files and directories currently installed.)
Preparing to replace libc6-dev 2.15-0ubuntu10.10 (using .../libc6-dev_2.15-0ubuntu10.13_amd64.deb) ...
Unpacking replacement libc6-dev ...
Preparing to replace libc-dev-bin 2.15-0ubuntu10.10 (using .../libc-dev-bin_2.15-0ubuntu10.13_amd64.deb) ...
Unpacking replacement libc-dev-bin ...
Preparing to replace libc-bin 2.15-0ubuntu10.10 (using .../libc-bin_2.15-0ubuntu10.13_amd64.deb) ...
Unpacking replacement libc-bin ...
Processing triggers for man-db ...
Setting up libc-bin (2.15-0ubuntu10.13) ...
(Reading database ... (Reading database ... 5%(Reading database ... 10%(Reading database ... 15%(Reading database ... 20%(Reading database ... 25%(Reading database ... 30%(Reading database ... 35%(Reading database ... 40%(Reading database ... 45%(Reading database ... 50%(Reading database ... 55%(Reading database ... 60%(Reading database ... 65%(Reading database ... 70%(Reading database ... 75%(Reading database ... 80%(Reading database ... 85%(Reading database ... 90%(Reading database ... 95%(Reading database ... 100%(Reading database ... 72019 files and directories currently installed.)
Preparing to replace libc6 2.15-0ubuntu10.10 (using .../libc6_2.15-0ubuntu10.13_amd64.deb) ...
Unpacking replacement libc6 ...
Setting up libc6 (2.15-0ubuntu10.13) ...
Setting up libc-dev-bin (2.15-0ubuntu10.13) ...
Setting up libc6-dev (2.15-0ubuntu10.13) ...
Processing triggers for libc-bin ...
ldconfig deferred processing now taking place
travis_fold:end:fix.CVE-2015-7547[0Ktravis_fold:start:git.checkout[0Ktravis_time:start:0d5f39d5[0K$ git clone --depth=50 --branch=tstz_getstring https://github.com/pgjdbc/pgjdbc.git pgjdbc/pgjdbc
Cloning into 'pgjdbc/pgjdbc'...
remote: Counting objects: 1696, done.[K
remote: Compressing objects:   0% (1/851)   [Kremote: Compressing objects:   1% (9/851)   [Kremote: Compressing objects:   2% (18/851)   [Kremote: Compressing objects:   3% (26/851)   [Kremote: Compressing objects:   4% (35/851)   [Kremote: Compressing objects:   5% (43/851)   [Kremote: Compressing objects:   6% (52/851)   [Kremote: Compressing objects:   7% (60/851)   [Kremote: Compressing objects:   8% (69/851)   [Kremote: Compressing objects:   9% (77/851)   [Kremote: Compressing objects:  10% (86/851)   [Kremote: Compressing objects:  11% (94/851)   [Kremote: Compressing objects:  12% (103/851)   [Kremote: Compressing objects:  13% (111/851)   [Kremote: Compressing objects:  14% (120/851)   [Kremote: Compressing objects:  15% (128/851)   [Kremote: Compressing objects:  16% (137/851)   [Kremote: Compressing objects:  17% (145/851)   [Kremote: Compressing objects:  18% (154/851)   [Kremote: Compressing objects:  19% (162/851)   [Kremote: Compressing objects:  20% (171/851)   [Kremote: Compressing objects:  21% (179/851)   [Kremote: Compressing objects:  22% (188/851)   [Kremote: Compressing objects:  23% (196/851)   [Kremote: Compressing objects:  24% (205/851)   [Kremote: Compressing objects:  25% (213/851)   [Kremote: Compressing objects:  26% (222/851)   [Kremote: Compressing objects:  27% (230/851)   [Kremote: Compressing objects:  28% (239/851)   [Kremote: Compressing objects:  29% (247/851)   [Kremote: Compressing objects:  30% (256/851)   [Kremote: Compressing objects:  31% (264/851)   [Kremote: Compressing objects:  32% (273/851)   [Kremote: Compressing objects:  33% (281/851)   [Kremote: Compressing objects:  34% (290/851)   [Kremote: Compressing objects:  35% (298/851)   [Kremote: Compressing objects:  36% (307/851)   [Kremote: Compressing objects:  37% (315/851)   [Kremote: Compressing objects:  38% (324/851)   [Kremote: Compressing objects:  39% (332/851)   [Kremote: Compressing objects:  40% (341/851)   [Kremote: Compressing objects:  41% (349/851)   [Kremote: Compressing objects:  42% (358/851)   [Kremote: Compressing objects:  43% (366/851)   [Kremote: Compressing objects:  44% (375/851)   [Kremote: Compressing objects:  45% (383/851)   [Kremote: Compressing objects:  46% (392/851)   [Kremote: Compressing objects:  47% (400/851)   [Kremote: Compressing objects:  48% (409/851)   [Kremote: Compressing objects:  49% (417/851)   [Kremote: Compressing objects:  50% (426/851)   [Kremote: Compressing objects:  51% (435/851)   [Kremote: Compressing objects:  52% (443/851)   [Kremote: Compressing objects:  53% (452/851)   [Kremote: Compressing objects:  54% (460/851)   [Kremote: Compressing objects:  55% (469/851)   [Kremote: Compressing objects:  56% (477/851)   [Kremote: Compressing objects:  57% (486/851)   [Kremote: Compressing objects:  58% (494/851)   [Kremote: Compressing objects:  59% (503/851)   [Kremote: Compressing objects:  60% (511/851)   [Kremote: Compressing objects:  61% (520/851)   [Kremote: Compressing objects:  62% (528/851)   [Kremote: Compressing objects:  63% (537/851)   [Kremote: Compressing objects:  64% (545/851)   [Kremote: Compressing objects:  65% (554/851)   [Kremote: Compressing objects:  66% (562/851)   [Kremote: Compressing objects:  67% (571/851)   [Kremote: Compressing objects:  68% (579/851)   [Kremote: Compressing objects:  69% (588/851)   [Kremote: Compressing objects:  70% (596/851)   [Kremote: Compressing objects:  71% (605/851)   [Kremote: Compressing objects:  72% (613/851)   [Kremote: Compressing objects:  73% (622/851)   [Kremote: Compressing objects:  74% (630/851)   [Kremote: Compressing objects:  75% (639/851)   [Kremote: Compressing objects:  76% (647/851)   [Kremote: Compressing objects:  77% (656/851)   [Kremote: Compressing objects:  78% (664/851)   [Kremote: Compressing objects:  79% (673/851)   [Kremote: Compressing objects:  80% (681/851)   [Kremote: Compressing objects:  81% (690/851)   [Kremote: Compressing objects:  82% (698/851)   [Kremote: Compressing objects:  83% (707/851)   [Kremote: Compressing objects:  84% (715/851)   [Kremote: Compressing objects:  85% (724/851)   [Kremote: Compressing objects:  86% (732/851)   [Kremote: Compressing objects:  87% (741/851)   [Kremote: Compressing objects:  88% (749/851)   [Kremote: Compressing objects:  89% (758/851)   [Kremote: Compressing objects:  90% (766/851)   [Kremote: Compressing objects:  91% (775/851)   [Kremote: Compressing objects:  92% (783/851)   [Kremote: Compressing objects:  93% (792/851)   [Kremote: Compressing objects:  94% (800/851)   [Kremote: Compressing objects:  95% (809/851)   [Kremote: Compressing objects:  96% (817/851)   [Kremote: Compressing objects:  97% (826/851)   [Kremote: Compressing objects:  98% (834/851)   [Kremote: Compressing objects:  99% (843/851)   [Kremote: Compressing objects: 100% (851/851)   [Kremote: Compressing objects: 100% (851/851), done.[K
Receiving objects:   0% (1/1696)   Receiving objects:   1% (17/1696)   Receiving objects:   2% (34/1696)   Receiving objects:   3% (51/1696)   Receiving objects:   4% (68/1696)   Receiving objects:   5% (85/1696)   Receiving objects:   6% (102/1696)   Receiving objects:   7% (119/1696)   Receiving objects:   8% (136/1696)   Receiving objects:   9% (153/1696)   Receiving objects:  10% (170/1696)   Receiving objects:  11% (187/1696)   Receiving objects:  12% (204/1696)   Receiving objects:  13% (221/1696)   Receiving objects:  14% (238/1696)   Receiving objects:  15% (255/1696)   Receiving objects:  16% (272/1696)   Receiving objects:  17% (289/1696)   Receiving objects:  18% (306/1696)   Receiving objects:  19% (323/1696)   Receiving objects:  20% (340/1696)   Receiving objects:  21% (357/1696)   Receiving objects:  22% (374/1696)   Receiving objects:  23% (391/1696)   Receiving objects:  24% (408/1696)   Receiving objects:  25% (424/1696)   Receiving objects:  26% (441/1696)   Receiving objects:  27% (458/1696)   Receiving objects:  28% (475/1696)   Receiving objects:  29% (492/1696)   Receiving objects:  30% (509/1696)   Receiving objects:  31% (526/1696)   Receiving objects:  32% (543/1696)   Receiving objects:  33% (560/1696)   Receiving objects:  34% (577/1696)   Receiving objects:  35% (594/1696)   Receiving objects:  36% (611/1696)   Receiving objects:  37% (628/1696)   Receiving objects:  38% (645/1696)   Receiving objects:  39% (662/1696)   Receiving objects:  40% (679/1696)   Receiving objects:  41% (696/1696)   Receiving objects:  42% (713/1696)   Receiving objects:  43% (730/1696)   Receiving objects:  44% (747/1696)   Receiving objects:  45% (764/1696)   Receiving objects:  46% (781/1696)   Receiving objects:  47% (798/1696)   Receiving objects:  48% (815/1696)   Receiving objects:  49% (832/1696)   Receiving objects:  50% (848/1696)   Receiving objects:  51% (865/1696)   Receiving objects:  52% (882/1696)   Receiving objects:  53% (899/1696)   Receiving objects:  54% (916/1696)   Receiving objects:  55% (933/1696)   Receiving objects:  56% (950/1696)   Receiving objects:  57% (967/1696)   Receiving objects:  58% (984/1696)   Receiving objects:  59% (1001/1696)   Receiving objects:  60% (1018/1696)   Receiving objects:  61% (1035/1696)   Receiving objects:  62% (1052/1696)   Receiving objects:  63% (1069/1696)   Receiving objects:  64% (1086/1696)   Receiving objects:  65% (1103/1696)   Receiving objects:  66% (1120/1696)   Receiving objects:  67% (1137/1696)   Receiving objects:  68% (1154/1696)   Receiving objects:  69% (1171/1696)   Receiving objects:  70% (1188/1696)   Receiving objects:  71% (1205/1696)   Receiving objects:  72% (1222/1696)   Receiving objects:  73% (1239/1696)   Receiving objects:  74% (1256/1696)   Receiving objects:  75% (1272/1696)   Receiving objects:  76% (1289/1696)   Receiving objects:  77% (1306/1696)   Receiving objects:  78% (1323/1696)   Receiving objects:  79% (1340/1696)   Receiving objects:  80% (1357/1696)   Receiving objects:  81% (1374/1696)   Receiving objects:  82% (1391/1696)   Receiving objects:  83% (1408/1696)   Receiving objects:  84% (1425/1696)   Receiving objects:  85% (1442/1696)   Receiving objects:  86% (1459/1696)   Receiving objects:  87% (1476/1696)   Receiving objects:  88% (1493/1696)   Receiving objects:  89% (1510/1696)   Receiving objects:  90% (1527/1696)   Receiving objects:  91% (1544/1696)   Receiving objects:  92% (1561/1696)   Receiving objects:  93% (1578/1696)   remote: Total 1696 (delta 908), reused 1237 (delta 687), pack-reused 0[K
Receiving objects:  94% (1595/1696)   Receiving objects:  95% (1612/1696)   Receiving objects:  96% (1629/1696)   Receiving objects:  97% (1646/1696)   Receiving objects:  98% (1663/1696)   Receiving objects:  99% (1680/1696)   Receiving objects: 100% (1696/1696)   Receiving objects: 100% (1696/1696), 1.41 MiB | 0 bytes/s, done.
Resolving deltas:   0% (0/908)   Resolving deltas:   5% (49/908)   Resolving deltas:   6% (60/908)   Resolving deltas:   7% (68/908)   Resolving deltas:   8% (75/908)   Resolving deltas:  11% (104/908)   Resolving deltas:  12% (110/908)   Resolving deltas:  13% (119/908)   Resolving deltas:  14% (131/908)   Resolving deltas:  15% (142/908)   Resolving deltas:  16% (146/908)   Resolving deltas:  17% (156/908)   Resolving deltas:  18% (165/908)   Resolving deltas:  19% (174/908)   Resolving deltas:  20% (182/908)   Resolving deltas:  21% (192/908)   Resolving deltas:  22% (200/908)   Resolving deltas:  23% (213/908)   Resolving deltas:  24% (221/908)   Resolving deltas:  25% (235/908)   Resolving deltas:  26% (239/908)   Resolving deltas:  27% (247/908)   Resolving deltas:  28% (255/908)   Resolving deltas:  29% (266/908)   Resolving deltas:  30% (279/908)   Resolving deltas:  31% (282/908)   Resolving deltas:  32% (293/908)   Resolving deltas:  33% (301/908)   Resolving deltas:  34% (310/908)   Resolving deltas:  35% (320/908)   Resolving deltas:  36% (327/908)   Resolving deltas:  38% (349/908)   Resolving deltas:  39% (361/908)   Resolving deltas:  40% (364/908)   Resolving deltas:  41% (376/908)   Resolving deltas:  42% (387/908)   Resolving deltas:  43% (393/908)   Resolving deltas:  44% (401/908)   Resolving deltas:  45% (409/908)   Resolving deltas:  46% (420/908)   Resolving deltas:  47% (428/908)   Resolving deltas:  48% (437/908)   Resolving deltas:  49% (446/908)   Resolving deltas:  50% (455/908)   Resolving deltas:  51% (464/908)   Resolving deltas:  52% (475/908)   Resolving deltas:  54% (493/908)   Resolving deltas:  55% (500/908)   Resolving deltas:  56% (509/908)   Resolving deltas:  57% (519/908)   Resolving deltas:  58% (528/908)   Resolving deltas:  59% (536/908)   Resolving deltas:  60% (546/908)   Resolving deltas:  61% (554/908)   Resolving deltas:  62% (563/908)   Resolving deltas:  63% (574/908)   Resolving deltas:  64% (583/908)   Resolving deltas:  66% (600/908)   Resolving deltas:  67% (613/908)   Resolving deltas:  68% (618/908)   Resolving deltas:  69% (631/908)   Resolving deltas:  70% (639/908)   Resolving deltas:  71% (645/908)   Resolving deltas:  72% (658/908)   Resolving deltas:  73% (663/908)   Resolving deltas:  74% (672/908)   Resolving deltas:  75% (687/908)   Resolving deltas:  76% (691/908)   Resolving deltas:  77% (702/908)   Resolving deltas:  78% (713/908)   Resolving deltas:  79% (718/908)   Resolving deltas:  80% (727/908)   Resolving deltas:  81% (737/908)   Resolving deltas:  82% (745/908)   Resolving deltas:  83% (757/908)   Resolving deltas:  84% (763/908)   Resolving deltas:  85% (772/908)   Resolving deltas:  86% (782/908)   Resolving deltas:  87% (790/908)   Resolving deltas:  88% (803/908)   Resolving deltas:  89% (810/908)   Resolving deltas:  90% (819/908)   Resolving deltas:  91% (827/908)   Resolving deltas:  92% (837/908)   Resolving deltas:  93% (846/908)   Resolving deltas:  94% (854/908)   Resolving deltas:  95% (865/908)   Resolving deltas:  96% (874/908)   Resolving deltas:  97% (883/908)   Resolving deltas:  98% (891/908)   Resolving deltas:  99% (899/908)   Resolving deltas: 100% (908/908)   Resolving deltas: 100% (908/908), done.
Checking connectivity... done.

travis_time:end:0d5f39d5:start=1458640019102949832,finish=1458640021382038811,duration=2279088979[0K$ cd pgjdbc/pgjdbc
$ git checkout -qf 1e1f3c4ab1fbbc5b071b50991da6c34afe92e6f0
travis_fold:end:git.checkout[0Ktravis_fold:start:postgresql[0K[33;1mStarting PostgreSQL v9.4[0m
travis_time:start:00093480[0K$ sudo service postgresql stop
 * Stopping PostgreSQL 9.1 database server       [80G [74G[ OK ]
 * Stopping PostgreSQL 9.2 database server       [80G [74G[ OK ]
 * Stopping PostgreSQL 9.3 database server       [80G [74G[ OK ]
 * Stopping PostgreSQL 9.4 database server       [80G [74G[ OK ]

travis_time:end:00093480:start=1458640021437300612,finish=1458640022724066410,duration=1286765798[0Ktravis_time:start:04c8dd00[0K$ sudo service postgresql start 9.4
 * Starting PostgreSQL 9.4 database server       [80G [74G[ OK ]

travis_time:end:04c8dd00:start=1458640022727495856,finish=1458640024992504215,duration=2265008359[0Ktravis_time:start:09209488[0K$ sudo -u postgres createuser -s -p 5432 travis &>/dev/null

travis_time:end:09209488:start=1458640024995865776,finish=1458640025040830726,duration=44964950[0Ktravis_time:start:0c365b47[0K$ sudo -u postgres createdb -O travis -p 5432 travis &>/dev/null

travis_time:end:0c365b47:start=1458640025044277717,finish=1458640025103641819,duration=59364102[0Ktravis_time:start:13a964ed[0K$ sudo -u postgres createuser -s -p 5433 travis &>/dev/null

travis_time:end:13a964ed:start=1458640025107127350,finish=1458640025146258613,duration=39131263[0Ktravis_time:start:0261da40[0K$ sudo -u postgres createdb -O travis -p 5433 travis &>/dev/null

travis_time:end:0261da40:start=1458640025149695916,finish=1458640025188503110,duration=38807194[0Ktravis_fold:end:postgresql[0K
[33;1mThis job is running on container-based infrastructure, which does not allow use of 'sudo', setuid and setguid executables.[0m
[33;1mIf you require sudo, add 'sudo: required' to your .travis.yml[0m
[33;1mSee https://docs.travis-ci.com/user/workers/container-based-infrastructure/ for details.[0m

[33;1mSetting environment variables from .travis.yml[0m
$ export SONATYPE_USERNAME=[secure]
$ export SONATYPE_PASSWORD=[secure]
$ export PG_VERSION=9.4
$ export COVERAGE=Y

$ jdk_switcher use oraclejdk8
Switching to Oracle JDK8 (java-8-oracle), JAVA_HOME will be set to /usr/lib/jvm/java-8-oracle
travis_fold:start:cache.1[0KSetting up build cache
$ export CASHER_DIR=$HOME/.casher
travis_time:start:28fca49c[0K$ Installing caching utilities

travis_time:end:28fca49c:start=1458640030045365802,finish=1458640030103021658,duration=57655856[0Ktravis_time:start:2147c530[0K
travis_time:end:2147c530:start=1458640030107511125,finish=1458640030110625246,duration=3114121[0Ktravis_time:start:00f2d3de[0K[32;1mattempting to download cache archive[0m
[32;1mfetching tstz_getstring/cache--jdk-oraclejdk8.tgz[0m
[32;1mfound cache[0m

travis_time:end:00f2d3de:start=1458640030114317786,finish=1458640031049701894,duration=935384108[0Ktravis_time:start:0055541c[0K
travis_time:end:0055541c:start=1458640031053856728,finish=1458640031057616366,duration=3759638[0Ktravis_time:start:08b94e10[0K[32;1madding /home/travis/.m2/repository to cache[0m

travis_time:end:08b94e10:start=1458640031061873301,finish=1458640033715501214,duration=2653627913[0Ktravis_fold:end:cache.1[0K$ java -Xmx32m -version
java version "1.8.0_31"
Java(TM) SE Runtime Environment (build 1.8.0_31-b13)
Java HotSpot(TM) 64-Bit Server VM (build 25.31-b07, mixed mode)
$ javac -J-Xmx32m -version
javac 1.8.0_31
travis_fold:start:install[0Ktravis_time:start:08bff95c[0K$ true

travis_time:end:08bff95c:start=1458640034560917602,finish=1458640034564116354,duration=3198752[0Ktravis_fold:end:install[0Ktravis_fold:start:before_script.1[0Ktravis_time:start:07bf26be[0K$ test "x$XA" == 'x' || ./travis_install_dependencies.sh

travis_time:end:07bf26be:start=1458640034569707107,finish=1458640034574057094,duration=4349987[0Ktravis_fold:end:before_script.1[0Ktravis_fold:start:before_script.2[0Ktravis_time:start:082514c8[0K$ psql -U postgres -c "create user test with password 'test';"
CREATE ROLE

travis_time:end:082514c8:start=1458640034581957230,finish=1458640034593737752,duration=11780522[0Ktravis_fold:end:before_script.2[0Ktravis_fold:start:before_script.3[0Ktravis_time:start:01a46eed[0K$ psql -c 'create database test owner test;' -U postgres
CREATE DATABASE

travis_time:end:01a46eed:start=1458640034598497422,finish=1458640034821393713,duration=222896291[0Ktravis_fold:end:before_script.3[0Ktravis_fold:start:before_script.4[0Ktravis_time:start:10fa666c[0K$ echo "MAVEN_OPTS='-Xmx1g -Dgpg.skip=true'" > ~/.mavenrc

travis_time:end:10fa666c:start=1458640034825559432,finish=1458640034829061927,duration=3502495[0Ktravis_fold:end:before_script.4[0Ktravis_fold:start:before_script.5[0Ktravis_time:start:1442f2a1[0K$ test "x$PG_VERSION" == 'x' || test $PG_VERSION == '8.4' || test $PG_VERSION == '9.0' || psql test -c 'CREATE EXTENSION hstore;' -U postgres
CREATE EXTENSION

travis_time:end:1442f2a1:start=1458640034833621998,finish=1458640034877157679,duration=43535681[0Ktravis_fold:end:before_script.5[0Ktravis_fold:start:before_script.6[0Ktravis_time:start:059aaf80[0K$ test "x$PG_VERSION" == 'x' || test $PG_VERSION != '8.4' || createlang -U postgres plpgsql test

travis_time:end:059aaf80:start=1458640034881287725,finish=1458640034884476264,duration=3188539[0Ktravis_fold:end:before_script.6[0Ktravis_time:start:036759c6[0K$ rm -rf $HOME/.m2/repository/org/postgresql || true

travis_time:end:036759c6:start=1458640034888344446,finish=1458640034892142199,duration=3797753[0K
[32;1mThe command "rm -rf $HOME/.m2/repository/org/postgresql || true" exited with 0.[0m
travis_time:start:0f693b60[0K$ export JDK6_HOME=$(jdk_switcher home openjdk6)

travis_time:end:0f693b60:start=1458640034896106887,finish=1458640034900155109,duration=4048222[0K
[32;1mThe command "export JDK6_HOME=$(jdk_switcher home openjdk6)" exited with 0.[0m
travis_time:start:0a72ba05[0K$ export JDK7_HOME=$(jdk_switcher home openjdk7)

travis_time:end:0a72ba05:start=1458640034904120811,finish=1458640034908032180,duration=3911369[0K
[32;1mThe command "export JDK7_HOME=$(jdk_switcher home openjdk7)" exited with 0.[0m
travis_time:start:0a03a9e8[0K$ export JDK8_HOME=$(jdk_switcher home oraclejdk8)

travis_time:end:0a03a9e8:start=1458640034911980448,finish=1458640034916207239,duration=4226791[0K
[32;1mThe command "export JDK8_HOME=$(jdk_switcher home oraclejdk8)" exited with 0.[0m
travis_time:start:02e5fee8[0K$ envsubst < toolchains.xml > ~/.m2/toolchains.xml

travis_time:end:02e5fee8:start=1458640034920227857,finish=1458640034928754547,duration=8526690[0K
[32;1mThe command "envsubst < toolchains.xml > ~/.m2/toolchains.xml" exited with 0.[0m
travis_time:start:0295f0b0[0K$ ./travis_build.sh
+MVN_ARGS='clean package -B -V'
+MVN_PROFILES=release
+[[ Y == *\Y* ]]
+MVN_PROFILES=release,coverage
+[[ oraclejdk8 == *\j\d\k\6* ]]
+[[ oraclejdk8 == *\j\d\k\7* ]]
+'[' 9.4 == 9.4 ']'
+mvn clean package -B -V -P release,coverage,release-artifacts
Apache Maven 3.2.5 (12a6b3acb947671f09b81f49094c53f426d8cea1; 2014-12-14T17:29:23+00:00)
Maven home: /usr/local/maven
Java version: 1.8.0_31, vendor: Oracle Corporation
Java home: /usr/lib/jvm/java-8-oracle/jre
Default locale: en_US, platform encoding: UTF-8
OS name: "linux", version: "3.13.0-40-generic", arch: "amd64", family: "unix"
[INFO] Scanning for projects...
[INFO] Downloading: http://repo.maven.apache.org/maven2/org/postgresql/pgjdbc-versions/1.0.5/pgjdbc-versions-1.0.5.pom
[INFO] Downloaded: http://repo.maven.apache.org/maven2/org/postgresql/pgjdbc-versions/1.0.5/pgjdbc-versions-1.0.5.pom (21 KB at 99.0 KB/sec)
[INFO] Downloading: http://repo.maven.apache.org/maven2/org/postgresql/pgjdbc-core-parent/1.0.5/pgjdbc-core-parent-1.0.5.pom
[INFO] Downloaded: http://repo.maven.apache.org/maven2/org/postgresql/pgjdbc-core-parent/1.0.5/pgjdbc-core-parent-1.0.5.pom (15 KB at 194.6 KB/sec)
[INFO] Downloading: http://repo.maven.apache.org/maven2/org/postgresql/pgjdbc-versions/1.0.4/pgjdbc-versions-1.0.4.pom
[INFO] Downloaded: http://repo.maven.apache.org/maven2/org/postgresql/pgjdbc-versions/1.0.4/pgjdbc-versions-1.0.4.pom (22 KB at 397.5 KB/sec)
[INFO] ------------------------------------------------------------------------
[INFO] Reactor Build Order:
[INFO] 
[INFO] PostgreSQL JDBC Driver - JDBC 4.2
[INFO] PostgreSQL JDBC Driver - benchmarks
[INFO] PostgreSQL JDBC Driver aggregate
[INFO]                                                                         
[INFO] ------------------------------------------------------------------------
[INFO] Building PostgreSQL JDBC Driver - JDBC 4.2 9.4.1209-SNAPSHOT
[INFO] ------------------------------------------------------------------------
[INFO] 
[INFO] --- maven-clean-plugin:2.5:clean (default-clean) @ postgresql ---
[INFO] 
[INFO] --- maven-enforcer-plugin:1.3.1:enforce (enforce-java) @ postgresql ---
[INFO] Skipping Rule Enforcement.
[INFO] 
[INFO] --- maven-toolchains-plugin:1.1:toolchain (default) @ postgresql ---
[INFO] Required toolchain: jdk [ version='1.8' ]
[INFO] Found matching toolchain for type jdk: JDK[/usr/lib/jvm/java-8-oracle]
[INFO] 
[INFO] --- jacoco-maven-plugin:0.7.5.201505241946:prepare-agent (default) @ postgresql ---
[INFO] argLine set to -javaagent:/home/travis/.m2/repository/org/jacoco/org.jacoco.agent/0.7.5.201505241946/org.jacoco.agent-0.7.5.201505241946-runtime.jar=destfile=/home/travis/build/pgjdbc/pgjdbc/pgjdbc/target/jacoco.exec -Xmx512m
[INFO] 
[INFO] --- build-helper-maven-plugin:1.5:parse-version (parse-version) @ postgresql ---
[INFO] 
[INFO] --- properties-maven-plugin:1.0-alpha-2:read-project-properties (default) @ postgresql ---
[WARNING] Ignoring missing properties file: /home/travis/build/pgjdbc/pgjdbc/pgjdbc/../build.local.properties
[INFO] 
[INFO] --- maven-antrun-plugin:1.7:run (create-unzipjdkant.xml) @ postgresql ---
[INFO] Executing tasks

main:
     [echo] Generating /home/travis/build/pgjdbc/pgjdbc/pgjdbc/target/unzip-jdk-ant.xml
[INFO] Executed tasks
[INFO] 
[INFO] --- exec-maven-plugin:1.4.0:exec (unzip-jdk-src) @ postgresql ---
[INFO] skipping execute as per configuraion
[INFO] 
[INFO] --- jcp:6.0.1:preprocess (preprocessSources) @ postgresql ---
[INFO] Added MAVEN property mvn.project.name=PostgreSQL JDBC Driver - JDBC 4.2
[INFO] Added MAVEN property mvn.project.version=9.4.1209-SNAPSHOT
[INFO] Added MAVEN property mvn.project.url=https://github.com/pgjdbc/pgjdbc
[INFO] Added MAVEN property mvn.project.packaging=bundle
[INFO] Added MAVEN property mvn.project.modelversion=4.0.0
[INFO] Added MAVEN property mvn.project.inceptionyear=
[INFO] Added MAVEN property mvn.project.id=org.postgresql:postgresql:bundle:9.4.1209-SNAPSHOT
[INFO] Added MAVEN property mvn.project.groupid=org.postgresql
[INFO] Added MAVEN property mvn.project.description=Java JDBC 4.2 (JRE 8+) driver for PostgreSQL database
[INFO] Added MAVEN property mvn.project.artifact.id=org.postgresql:postgresql:bundle:9.4.1209-SNAPSHOT
[INFO] Added MAVEN property mvn.project.artifact.artifactid=postgresql
[INFO] Added MAVEN property mvn.project.artifact.baseversion=9.4.1209-SNAPSHOT
[INFO] Added MAVEN property mvn.project.artifact.dependencyconflictid=org.postgresql:postgresql:bundle
[INFO] Added MAVEN property mvn.project.artifact.downloadurl=
[INFO] Added MAVEN property mvn.project.artifact.groupid=org.postgresql
[INFO] Added MAVEN property mvn.project.artifact.scope=
[INFO] Added MAVEN property mvn.project.artifact.type=bundle
[INFO] Added MAVEN property mvn.project.artifact.version=9.4.1209-SNAPSHOT
[INFO] Added MAVEN property mvn.project.build.directory=/home/travis/build/pgjdbc/pgjdbc/pgjdbc/target
[INFO] Added MAVEN property mvn.project.build.defaultgoal=
[INFO] Added MAVEN property mvn.project.build.outputdirectory=/home/travis/build/pgjdbc/pgjdbc/pgjdbc/target/classes
[INFO] Added MAVEN property mvn.project.build.scriptsourcedirectory=/home/travis/build/pgjdbc/pgjdbc/pgjdbc/src/main/scripts
[INFO] Added MAVEN property mvn.project.build.sourcedirectory=/home/travis/build/pgjdbc/pgjdbc/pgjdbc/src/main/java
[INFO] Added MAVEN property mvn.project.build.testoutputdirectory=/home/travis/build/pgjdbc/pgjdbc/pgjdbc/target/test-classes
[INFO] Added MAVEN property mvn.project.build.testsourcedirectory=/home/travis/build/pgjdbc/pgjdbc/pgjdbc/src/test/java
[INFO] Added MAVEN property mvn.project.organization.name=PostgreSQL Global Development Group
[INFO] Added MAVEN property mvn.project.organization.url=http://jdbc.postgresql.org/
[INFO] Added MAVEN property mvn.project.activeprofiles=standard-with-extra-repos
[INFO] Added MAVEN property mvn.project.property.jdbc.specification.version.nodot=42
[INFO] Added MAVEN property mvn.project.property.password=***** [hidden because may contain private info]
[INFO] Added MAVEN property mvn.project.property.preparethreshold=5
[INFO] Added MAVEN property mvn.project.property.parsedversion.osgiversion=9.4.1209.SNAPSHOT
[INFO] Added MAVEN property mvn.project.property.postgresql.preprocessed.sources.directory=/home/travis/build/pgjdbc/pgjdbc/pgjdbc/target/gen-src
[INFO] Added MAVEN property mvn.project.property.postgresql.driver.fullversion=PostgreSQL JDBC4.2
[INFO] Added MAVEN property mvn.project.property.username=test
[INFO] Added MAVEN property mvn.project.property.parsedversion.incrementalversion=1209
[INFO] Added MAVEN property mvn.project.property.protocolversion=0
[INFO] Added MAVEN property mvn.project.property.parsedversion.buildnumber=0
[INFO] Added MAVEN property mvn.project.property.javac.target=1.8
[INFO] Added MAVEN property mvn.project.property.project.build.sourceencoding=UTF-8
[INFO] Added MAVEN property mvn.project.property.postgresql.jdbc.spec=JDBC4.2
[INFO] Added MAVEN property mvn.project.property.parsedversion.minorversion=4
[INFO] Added MAVEN property mvn.project.property.port=5432
[INFO] Added MAVEN property mvn.project.property.unzip.jdk.ant.build.xml=/home/travis/build/pgjdbc/pgjdbc/pgjdbc/target/unzip-jdk-ant.xml
[INFO] Added MAVEN property mvn.project.property.skip.assembly=false
[INFO] Added MAVEN property mvn.project.property.database=test
[INFO] Added MAVEN property mvn.project.property.privilegedpassword=***** [hidden because may contain private info]
[INFO] Added MAVEN property mvn.project.property.server=localhost
[INFO] Added MAVEN property mvn.project.property.skip.unzip-jdk-src=true
[INFO] Added MAVEN property mvn.project.property.waffle-jna.version=1.7
[INFO] Added MAVEN property mvn.project.property.parsedversion.majorversion=9
[INFO] Added MAVEN property mvn.project.property.postgresql.enforce.jdk.version=1.8
[INFO] Added MAVEN property mvn.project.property.jdbc.specification.version=4.2
[INFO] Added MAVEN property mvn.project.property.build.properties.relative.path=/home/travis/build/pgjdbc/pgjdbc/pgjdbc/..
[INFO] Added MAVEN property mvn.project.property.loglevel=0
[INFO] Added MAVEN property mvn.project.property.parsedversion.qualifier=SNAPSHOT
[INFO] Added MAVEN property mvn.project.property.template.default.pg.port=5432
[INFO] Added MAVEN property mvn.project.property.argline=-javaagent:/home/travis/.m2/repository/org/jacoco/org.jacoco.agent/0.7.5.201505241946/org.jacoco.agent-0.7.5.201505241946-runtime.jar=destfile=/home/travis/build/pgjdbc/pgjdbc/pgjdbc/target/jacoco.exec -Xmx512m
[INFO] Added MAVEN property mvn.project.property.privilegeduser=postgres
[INFO] Preprocess sources : /home/travis/build/pgjdbc/pgjdbc/pgjdbc/src/main/java
[INFO] Preprocess destination : /home/travis/build/pgjdbc/pgjdbc/pgjdbc/target/gen-src
[INFO] -----------------------------------------------------------------
[INFO] Completed, preprocessed 168 files, copied 16 files, elapsed time 779ms
[INFO] A Compile source root has been removed from the root list [/home/travis/build/pgjdbc/pgjdbc/pgjdbc/src/main/java]
[INFO] The New compile source root has been added into the list [/home/travis/build/pgjdbc/pgjdbc/pgjdbc/target/gen-src]
[INFO] 
[INFO] --- maven-resources-plugin:2.6:resources (default-resources) @ postgresql ---
[INFO] Using 'UTF-8' encoding to copy filtered resources.
[INFO] Copying 16 resources
[INFO] 
[INFO] --- maven-compiler-plugin:3.3:compile (default-compile) @ postgresql ---
[INFO] Toolchain in maven-compiler-plugin: JDK[/usr/lib/jvm/java-8-oracle]
[INFO] Changes detected - recompiling the module!
[INFO] Compiling 168 source files to /home/travis/build/pgjdbc/pgjdbc/pgjdbc/target/classes
[INFO] 
[INFO] --- maven-resources-plugin:2.6:testResources (default-testResources) @ postgresql ---
[INFO] Using 'UTF-8' encoding to copy filtered resources.
[INFO] Copying 1 resource
[INFO] 
[INFO] --- maven-compiler-plugin:3.3:testCompile (default-testCompile) @ postgresql ---
[INFO] Toolchain in maven-compiler-plugin: JDK[/usr/lib/jvm/java-8-oracle]
[INFO] Changes detected - recompiling the module!
[INFO] Compiling 119 source files to /home/travis/build/pgjdbc/pgjdbc/pgjdbc/target/test-classes
[INFO] 
[INFO] --- maven-surefire-plugin:2.18.1:test (default-test) @ postgresql ---
[INFO] Toolchain in maven-surefire-plugin: JDK[/usr/lib/jvm/java-8-oracle]
[INFO] Surefire report directory: /home/travis/build/pgjdbc/pgjdbc/pgjdbc/target/surefire-reports

-------------------------------------------------------
 T E S T S
-------------------------------------------------------
Configuration file /home/travis/build/pgjdbc/pgjdbc/pgjdbc/../build.local.properties does not exist. Consider adding it to specify test db host and login
Configuration file /home/travis/build/pgjdbc/pgjdbc/pgjdbc/../build.local.properties does not exist. Consider adding it to specify test db host and login
Configuration file /home/travis/build/pgjdbc/pgjdbc/pgjdbc/../ssltest.local.properties does not exist. Consider adding it to specify test db host and login
Skipping ssloff8.
Skipping sslhostnossl8.
Skipping ssloff9.
Skipping sslhostnossl9.
Skipping sslhostgh8.
Skipping sslhostgh9.
Skipping sslhostbh8.
Skipping sslhostbh9.
Skipping sslhostsslgh8.
Skipping sslhostsslgh9.
Skipping sslhostsslbh8.
Skipping sslhostsslbh9.
Skipping sslhostsslcertgh8.
Skipping sslhostsslcertgh9.
Skipping sslhostsslcertbh8.
Skipping sslhostsslcertbh9.
Skipping sslcertgh8.
Skipping sslcertgh9.
Skipping sslcertbh8.
Skipping sslcertbh9.
Skipping SingleCertSocketFactoryTests. To enable set the property testsinglecertfactory=true in the ssltest.properties file.
Skipping XA tests because max_prepared_transactions = 0.
Running org.postgresql.test.jdbc4.jdbc41.Jdbc41TestSuite
Tests run: 45, Failures: 0, Errors: 0, Skipped: 0, Time elapsed: 0.938 sec - in org.postgresql.test.jdbc4.jdbc41.Jdbc41TestSuite
Running org.postgresql.test.jdbc4.Jdbc4TestSuite
Tests run: 93, Failures: 0, Errors: 0, Skipped: 0, Time elapsed: 1.868 sec - in org.postgresql.test.jdbc4.Jdbc4TestSuite
Running org.postgresql.test.jdbc2.optional.OptionalTestSuite
Tests run: 49, Failures: 0, Errors: 0, Skipped: 0, Time elapsed: 1.183 sec - in org.postgresql.test.jdbc2.optional.OptionalTestSuite
Running org.postgresql.test.jdbc2.Jdbc2TestSuite
file:/home/travis/build/pgjdbc/pgjdbc/pgjdbc/target/classes/
Using seed = 1458640152518 for StrangeInputStream. Set -DStrangeInputStream.seed=1458640152518 to reproduce the test
Using seed = 1458640153151 for StrangeInputStream. Set -DStrangeInputStream.seed=1458640153151 to reproduce the test
Using seed = 1458640153748 for StrangeInputStream. Set -DStrangeInputStream.seed=1458640153748 to reproduce the test
Using seed = 1458640154377 for StrangeInputStream. Set -DStrangeInputStream.seed=1458640154377 to reproduce the test
Using seed = 1458640155027 for StrangeInputStream. Set -DStrangeInputStream.seed=1458640155027 to reproduce the test
Using seed = 1458640155628 for StrangeInputStream. Set -DStrangeInputStream.seed=1458640155628 to reproduce the test
Using seed = 1458640156238 for StrangeInputStream. Set -DStrangeInputStream.seed=1458640156238 to reproduce the test
Using seed = 1458640156837 for StrangeInputStream. Set -DStrangeInputStream.seed=1458640156837 to reproduce the test
Using seed = 1458640157469 for StrangeInputStream. Set -DStrangeInputStream.seed=1458640157469 to reproduce the test
Using seed = 1458640158066 for StrangeInputStream. Set -DStrangeInputStream.seed=1458640158066 to reproduce the test
Tests run: 1113, Failures: 0, Errors: 0, Skipped: 0, Time elapsed: 70.915 sec - in org.postgresql.test.jdbc2.Jdbc2TestSuite
Running org.postgresql.test.jdbc3.Jdbc3TestSuite
Tests run: 89, Failures: 0, Errors: 0, Skipped: 0, Time elapsed: 1.02 sec - in org.postgresql.test.jdbc3.Jdbc3TestSuite
Running org.postgresql.test.osgi.OsgiTestSuite
Tests run: 8, Failures: 0, Errors: 0, Skipped: 0, Time elapsed: 0.004 sec - in org.postgresql.test.osgi.OsgiTestSuite
Running org.postgresql.test.jdbc42.Jdbc42TestSuite
Tests run: 19, Failures: 0, Errors: 0, Skipped: 0, Time elapsed: 47.718 sec - in org.postgresql.test.jdbc42.Jdbc42TestSuite
Running org.postgresql.test.ssl.SslTestSuite
Configuration file /home/travis/build/pgjdbc/pgjdbc/pgjdbc/../ssltest.local.properties does not exist. Consider adding it to specify test db host and login
Skipping ssloff8.
Skipping sslhostnossl8.
Skipping ssloff9.
Skipping sslhostnossl9.
Skipping sslhostgh8.
Skipping sslhostgh9.
Skipping sslhostbh8.
Skipping sslhostbh9.
Skipping sslhostsslgh8.
Skipping sslhostsslgh9.
Skipping sslhostsslbh8.
Skipping sslhostsslbh9.
Skipping sslhostsslcertgh8.
Skipping sslhostsslcertgh9.
Skipping sslhostsslcertbh8.
Skipping sslhostsslcertbh9.
Skipping sslcertgh8.
Skipping sslcertgh9.
Skipping sslcertbh8.
Skipping sslcertbh9.
Tests run: 0, Failures: 0, Errors: 0, Skipped: 0, Time elapsed: 0.003 sec - in org.postgresql.test.ssl.SslTestSuite
Running org.postgresql.test.ssl.SingleCertValidatingFactoryTestSuite
Skipping SingleCertSocketFactoryTests. To enable set the property testsinglecertfactory=true in the ssltest.properties file.
Tests run: 0, Failures: 0, Errors: 0, Skipped: 0, Time elapsed: 0.001 sec - in org.postgresql.test.ssl.SingleCertValidatingFactoryTestSuite
Running org.postgresql.test.extensions.ExtensionsTestSuite
Tests run: 4, Failures: 0, Errors: 0, Skipped: 0, Time elapsed: 0.044 sec - in org.postgresql.test.extensions.ExtensionsTestSuite
Running org.postgresql.test.hostchooser.MultiHostTestSuite
Tests run: 1, Failures: 0, Errors: 0, Skipped: 0, Time elapsed: 0 sec - in org.postgresql.test.hostchooser.MultiHostTestSuite
Running org.postgresql.test.xa.XATestSuite
Skipping XA tests because max_prepared_transactions = 0.
Tests run: 0, Failures: 0, Errors: 0, Skipped: 0, Time elapsed: 0.009 sec - in org.postgresql.test.xa.XATestSuite
Running org.postgresql.test.socketfactory.SocketFactoryTestSuite
Tests run: 1, Failures: 0, Errors: 0, Skipped: 0, Time elapsed: 0.014 sec - in org.postgresql.test.socketfactory.SocketFactoryTestSuite

Results :

Tests run: 1422, Failures: 0, Errors: 0, Skipped: 0

[INFO] 
[INFO] --- jacoco-maven-plugin:0.7.5.201505241946:report (report) @ postgresql ---
[INFO] Analyzed bundle 'PostgreSQL JDBC Driver - JDBC 4.2' with 208 classes
[INFO] 
[INFO] --- maven-bundle-plugin:2.5.3:bundle (default-bundle) @ postgresql ---
[INFO] 
[INFO] --- maven-source-plugin:2.4:jar-no-fork (attach-sources-no-fork) @ postgresql ---
[INFO] Downloading: https://repo.maven.apache.org/maven2/org/codehaus/plexus/plexus-archiver/2.6.3/plexus-archiver-2.6.3.pom
[INFO] Downloaded: https://repo.maven.apache.org/maven2/org/codehaus/plexus/plexus-archiver/2.6.3/plexus-archiver-2.6.3.pom (4 KB at 1.7 KB/sec)
[INFO] Downloading: https://repo.maven.apache.org/maven2/org/codehaus/plexus/plexus-components/1.3/plexus-components-1.3.pom
[INFO] Downloaded: https://repo.maven.apache.org/maven2/org/codehaus/plexus/plexus-components/1.3/plexus-components-1.3.pom (3 KB at 43.3 KB/sec)
[INFO] Downloading: https://repo.maven.apache.org/maven2/org/codehaus/plexus/plexus-utils/3.0.18/plexus-utils-3.0.18.pom
[INFO] Downloaded: https://repo.maven.apache.org/maven2/org/codehaus/plexus/plexus-utils/3.0.18/plexus-utils-3.0.18.pom (4 KB at 65.0 KB/sec)
[INFO] Downloading: https://repo.maven.apache.org/maven2/org/codehaus/plexus/plexus-io/2.1.3/plexus-io-2.1.3.pom
[INFO] Downloaded: https://repo.maven.apache.org/maven2/org/codehaus/plexus/plexus-io/2.1.3/plexus-io-2.1.3.pom (3 KB at 43.0 KB/sec)
[INFO] Downloading: https://repo.maven.apache.org/maven2/org/codehaus/plexus/plexus-components/1.2/plexus-components-1.2.pom
[INFO] Downloaded: https://repo.maven.apache.org/maven2/org/codehaus/plexus/plexus-components/1.2/plexus-components-1.2.pom (3 KB at 57.4 KB/sec)
[INFO] Downloading: https://repo.maven.apache.org/maven2/org/apache/commons/commons-compress/1.8.1/commons-compress-1.8.1.pom
[INFO] Downloaded: https://repo.maven.apache.org/maven2/org/apache/commons/commons-compress/1.8.1/commons-compress-1.8.1.pom (12 KB at 195.9 KB/sec)
[INFO] Downloading: https://repo.maven.apache.org/maven2/org/codehaus/plexus/plexus-archiver/2.6.3/plexus-archiver-2.6.3.jar
[INFO] Downloading: https://repo.maven.apache.org/maven2/org/codehaus/plexus/plexus-io/2.1.3/plexus-io-2.1.3.jar
[INFO] Downloading: https://repo.maven.apache.org/maven2/org/apache/commons/commons-compress/1.8.1/commons-compress-1.8.1.jar
[INFO] Downloading: https://repo.maven.apache.org/maven2/org/codehaus/plexus/plexus-utils/3.0.18/plexus-utils-3.0.18.jar
[INFO] Downloaded: https://repo.maven.apache.org/maven2/org/codehaus/plexus/plexus-archiver/2.6.3/plexus-archiver-2.6.3.jar (129 KB at 398.4 KB/sec)
[INFO] Downloaded: https://repo.maven.apache.org/maven2/org/codehaus/plexus/plexus-io/2.1.3/plexus-io-2.1.3.jar (65 KB at 198.4 KB/sec)
[INFO] Downloaded: https://repo.maven.apache.org/maven2/org/codehaus/plexus/plexus-utils/3.0.18/plexus-utils-3.0.18.jar (238 KB at 426.0 KB/sec)
[INFO] Downloaded: https://repo.maven.apache.org/maven2/org/apache/commons/commons-compress/1.8.1/commons-compress-1.8.1.jar (357 KB at 537.6 KB/sec)
[INFO] Building jar: /home/travis/build/pgjdbc/pgjdbc/pgjdbc/target/postgresql-9.4.1209-SNAPSHOT-sources.jar
[INFO] 
[INFO] --- maven-javadoc-plugin:2.10.3:jar (attach-javadocs) @ postgresql ---
[INFO] Downloading: https://repo.maven.apache.org/maven2/org/apache/maven/shared/maven-invoker/2.0.9/maven-invoker-2.0.9.pom
[INFO] Downloaded: https://repo.maven.apache.org/maven2/org/apache/maven/shared/maven-invoker/2.0.9/maven-invoker-2.0.9.pom (6 KB at 95.6 KB/sec)
[INFO] Downloading: https://repo.maven.apache.org/maven2/org/apache/maven/shared/maven-shared-components/9/maven-shared-components-9.pom
[INFO] Downloaded: https://repo.maven.apache.org/maven2/org/apache/maven/shared/maven-shared-components/9/maven-shared-components-9.pom (4 KB at 61.1 KB/sec)
[INFO] Downloading: https://repo.maven.apache.org/maven2/org/apache/maven/shared/maven-common-artifact-filters/1.3/maven-common-artifact-filters-1.3.pom
[INFO] Downloaded: https://repo.maven.apache.org/maven2/org/apache/maven/shared/maven-common-artifact-filters/1.3/maven-common-artifact-filters-1.3.pom (4 KB at 50.2 KB/sec)
[INFO] Downloading: https://repo.maven.apache.org/maven2/org/apache/maven/shared/maven-shared-components/12/maven-shared-components-12.pom
[INFO] Downloaded: https://repo.maven.apache.org/maven2/org/apache/maven/shared/maven-shared-components/12/maven-shared-components-12.pom (10 KB at 168.9 KB/sec)
[INFO] Downloading: https://repo.maven.apache.org/maven2/org/apache/maven/maven-parent/13/maven-parent-13.pom
[INFO] Downloaded: https://repo.maven.apache.org/maven2/org/apache/maven/maven-parent/13/maven-parent-13.pom (23 KB at 350.8 KB/sec)
[INFO] Downloading: https://repo.maven.apache.org/maven2/org/apache/maven/maven-artifact/2.0.8/maven-artifact-2.0.8.pom
[INFO] Downloaded: https://repo.maven.apache.org/maven2/org/apache/maven/maven-artifact/2.0.8/maven-artifact-2.0.8.pom (2 KB at 28.2 KB/sec)
[INFO] Downloading: https://repo.maven.apache.org/maven2/org/apache/maven/maven-project/2.0.8/maven-project-2.0.8.pom
[INFO] Downloaded: https://repo.maven.apache.org/maven2/org/apache/maven/maven-project/2.0.8/maven-project-2.0.8.pom (3 KB at 44.1 KB/sec)
[INFO] Downloading: https://repo.maven.apache.org/maven2/org/apache/maven/maven-settings/2.0.8/maven-settings-2.0.8.pom
[INFO] Downloaded: https://repo.maven.apache.org/maven2/org/apache/maven/maven-settings/2.0.8/maven-settings-2.0.8.pom (3 KB at 37.9 KB/sec)
[INFO] Downloading: https://repo.maven.apache.org/maven2/org/apache/maven/maven-profile/2.0.8/maven-profile-2.0.8.pom
[INFO] Downloaded: https://repo.maven.apache.org/maven2/org/apache/maven/maven-profile/2.0.8/maven-profile-2.0.8.pom (2 KB at 36.8 KB/sec)
[INFO] Downloading: https://repo.maven.apache.org/maven2/org/apache/maven/maven-artifact-manager/2.0.8/maven-artifact-manager-2.0.8.pom
[INFO] Downloaded: https://repo.maven.apache.org/maven2/org/apache/maven/maven-artifact-manager/2.0.8/maven-artifact-manager-2.0.8.pom (3 KB at 51.7 KB/sec)
[INFO] Downloading: https://repo.maven.apache.org/maven2/org/apache/maven/maven-repository-metadata/2.0.8/maven-repository-metadata-2.0.8.pom
[INFO] Downloaded: https://repo.maven.apache.org/maven2/org/apache/maven/maven-repository-metadata/2.0.8/maven-repository-metadata-2.0.8.pom (2 KB at 36.4 KB/sec)
[INFO] Downloading: https://repo.maven.apache.org/maven2/org/apache/maven/maven-plugin-registry/2.0.8/maven-plugin-registry-2.0.8.pom
[INFO] Downloaded: https://repo.maven.apache.org/maven2/org/apache/maven/maven-plugin-registry/2.0.8/maven-plugin-registry-2.0.8.pom (2 KB at 34.2 KB/sec)
[INFO] Downloading: https://repo.maven.apache.org/maven2/org/apache/maven/maven-plugin-api/2.0.8/maven-plugin-api-2.0.8.pom
[INFO] Downloaded: https://repo.maven.apache.org/maven2/org/apache/maven/maven-plugin-api/2.0.8/maven-plugin-api-2.0.8.pom (2 KB at 24.3 KB/sec)
[INFO] Downloading: https://repo.maven.apache.org/maven2/org/codehaus/plexus/plexus-utils/1.4.9/plexus-utils-1.4.9.pom
[INFO] Downloaded: https://repo.maven.apache.org/maven2/org/codehaus/plexus/plexus-utils/1.4.9/plexus-utils-1.4.9.pom (3 KB at 43.1 KB/sec)
[INFO] Downloading: https://repo.maven.apache.org/maven2/org/apache/maven/wagon/wagon-provider-api/1.0-beta-6/wagon-provider-api-1.0-beta-6.pom
[INFO] Downloaded: https://repo.maven.apache.org/maven2/org/apache/maven/wagon/wagon-provider-api/1.0-beta-6/wagon-provider-api-1.0-beta-6.pom (2 KB at 28.2 KB/sec)
[INFO] Downloading: https://repo.maven.apache.org/maven2/org/apache/maven/wagon/wagon/1.0-beta-6/wagon-1.0-beta-6.pom
[INFO] Downloaded: https://repo.maven.apache.org/maven2/org/apache/maven/wagon/wagon/1.0-beta-6/wagon-1.0-beta-6.pom (13 KB at 189.0 KB/sec)
[INFO] Downloading: https://repo.maven.apache.org/maven2/org/codehaus/plexus/plexus-utils/1.4.2/plexus-utils-1.4.2.pom
[INFO] Downloaded: https://repo.maven.apache.org/maven2/org/codehaus/plexus/plexus-utils/1.4.2/plexus-utils-1.4.2.pom (2 KB at 35.4 KB/sec)
[INFO] Downloading: https://repo.maven.apache.org/maven2/commons-io/commons-io/2.2/commons-io-2.2.pom
[INFO] Downloaded: https://repo.maven.apache.org/maven2/commons-io/commons-io/2.2/commons-io-2.2.pom (11 KB at 176.6 KB/sec)
[INFO] Downloading: https://repo.maven.apache.org/maven2/org/apache/commons/commons-parent/24/commons-parent-24.pom
[INFO] Downloaded: https://repo.maven.apache.org/maven2/org/apache/commons/commons-parent/24/commons-parent-24.pom (47 KB at 543.0 KB/sec)
[INFO] Downloading: https://repo.maven.apache.org/maven2/org/apache/httpcomponents/httpclient/4.2.3/httpclient-4.2.3.pom
[INFO] Downloaded: https://repo.maven.apache.org/maven2/org/apache/httpcomponents/httpclient/4.2.3/httpclient-4.2.3.pom (6 KB at 108.9 KB/sec)
[INFO] Downloading: https://repo.maven.apache.org/maven2/org/apache/httpcomponents/httpcomponents-client/4.2.3/httpcomponents-client-4.2.3.pom
[INFO] Downloaded: https://repo.maven.apache.org/maven2/org/apache/httpcomponents/httpcomponents-client/4.2.3/httpcomponents-client-4.2.3.pom (15 KB at 254.7 KB/sec)
[INFO] Downloading: https://repo.maven.apache.org/maven2/org/apache/httpcomponents/project/6/project-6.pom
[INFO] Downloaded: https://repo.maven.apache.org/maven2/org/apache/httpcomponents/project/6/project-6.pom (24 KB at 390.4 KB/sec)
[INFO] Downloading: https://repo.maven.apache.org/maven2/org/apache/httpcomponents/httpcore/4.2.2/httpcore-4.2.2.pom
[INFO] Downloaded: https://repo.maven.apache.org/maven2/org/apache/httpcomponents/httpcore/4.2.2/httpcore-4.2.2.pom (6 KB at 91.0 KB/sec)
[INFO] Downloading: https://repo.maven.apache.org/maven2/org/apache/httpcomponents/httpcomponents-core/4.2.2/httpcomponents-core-4.2.2.pom
[INFO] Downloaded: https://repo.maven.apache.org/maven2/org/apache/httpcomponents/httpcomponents-core/4.2.2/httpcomponents-core-4.2.2.pom (12 KB at 196.6 KB/sec)
[INFO] Downloading: https://repo.maven.apache.org/maven2/commons-codec/commons-codec/1.6/commons-codec-1.6.pom
[INFO] Downloaded: https://repo.maven.apache.org/maven2/commons-codec/commons-codec/1.6/commons-codec-1.6.pom (11 KB at 198.1 KB/sec)
[INFO] Downloading: https://repo.maven.apache.org/maven2/log4j/log4j/1.2.14/log4j-1.2.14.pom
[INFO] Downloaded: https://repo.maven.apache.org/maven2/log4j/log4j/1.2.14/log4j-1.2.14.pom (3 KB at 36.8 KB/sec)
[INFO] Downloading: https://repo.maven.apache.org/maven2/com/thoughtworks/qdox/qdox/1.12.1/qdox-1.12.1.pom
[INFO] Downloaded: https://repo.maven.apache.org/maven2/com/thoughtworks/qdox/qdox/1.12.1/qdox-1.12.1.pom (18 KB at 256.5 KB/sec)
[INFO] Downloading: https://repo.maven.apache.org/maven2/org/codehaus/plexus/plexus-archiver/2.9/plexus-archiver-2.9.pom
[INFO] Downloaded: https://repo.maven.apache.org/maven2/org/codehaus/plexus/plexus-archiver/2.9/plexus-archiver-2.9.pom (5 KB at 73.5 KB/sec)
[INFO] Downloading: https://repo.maven.apache.org/maven2/org/codehaus/plexus/plexus-io/2.4/plexus-io-2.4.pom
[INFO] Downloaded: https://repo.maven.apache.org/maven2/org/codehaus/plexus/plexus-io/2.4/plexus-io-2.4.pom (4 KB at 65.0 KB/sec)
[INFO] Downloading: https://repo.maven.apache.org/maven2/org/apache/commons/commons-compress/1.9/commons-compress-1.9.pom
[INFO] Downloaded: https://repo.maven.apache.org/maven2/org/apache/commons/commons-compress/1.9/commons-compress-1.9.pom (12 KB at 183.0 KB/sec)
[INFO] Downloading: https://repo.maven.apache.org/maven2/org/apache/commons/commons-parent/34/commons-parent-34.pom
[INFO] Downloaded: https://repo.maven.apache.org/maven2/org/apache/commons/commons-parent/34/commons-parent-34.pom (55 KB at 510.6 KB/sec)
[INFO] Downloading: https://repo.maven.apache.org/maven2/org/apache/maven/shared/maven-invoker/2.0.9/maven-invoker-2.0.9.jar
[INFO] Downloading: https://repo.maven.apache.org/maven2/org/apache/maven/doxia/doxia-core/1.4/doxia-core-1.4.jar
[INFO] Downloading: https://repo.maven.apache.org/maven2/commons-digester/commons-digester/1.8/commons-digester-1.8.jar
[INFO] Downloading: https://repo.maven.apache.org/maven2/org/apache/maven/shared/maven-common-artifact-filters/1.3/maven-common-artifact-filters-1.3.jar
[INFO] Downloading: https://repo.maven.apache.org/maven2/antlr/antlr/2.7.2/antlr-2.7.2.jar
[INFO] Downloaded: https://repo.maven.apache.org/maven2/org/apache/maven/shared/maven-invoker/2.0.9/maven-invoker-2.0.9.jar (28 KB at 232.1 KB/sec)
[INFO] Downloading: https://repo.maven.apache.org/maven2/commons-io/commons-io/2.2/commons-io-2.2.jar
[INFO] Downloaded: https://repo.maven.apache.org/maven2/org/apache/maven/shared/maven-common-artifact-filters/1.3/maven-common-artifact-filters-1.3.jar (31 KB at 94.5 KB/sec)
[INFO] Downloading: https://repo.maven.apache.org/maven2/org/apache/httpcomponents/httpclient/4.2.3/httpclient-4.2.3.jar
[INFO] Downloaded: https://repo.maven.apache.org/maven2/commons-digester/commons-digester/1.8/commons-digester-1.8.jar (141 KB at 395.0 KB/sec)
[INFO] Downloading: https://repo.maven.apache.org/maven2/org/apache/httpcomponents/httpcore/4.2.2/httpcore-4.2.2.jar
[INFO] Downloaded: https://repo.maven.apache.org/maven2/org/apache/maven/doxia/doxia-core/1.4/doxia-core-1.4.jar (162 KB at 357.1 KB/sec)
[INFO] Downloading: https://repo.maven.apache.org/maven2/commons-codec/commons-codec/1.6/commons-codec-1.6.jar
[INFO] Downloaded: https://repo.maven.apache.org/maven2/commons-io/commons-io/2.2/commons-io-2.2.jar (170 KB at 317.5 KB/sec)
[INFO] Downloading: https://repo.maven.apache.org/maven2/log4j/log4j/1.2.14/log4j-1.2.14.jar
[INFO] Downloaded: https://repo.maven.apache.org/maven2/antlr/antlr/2.7.2/antlr-2.7.2.jar (350 KB at 539.1 KB/sec)
[INFO] Downloading: https://repo.maven.apache.org/maven2/com/thoughtworks/qdox/qdox/1.12.1/qdox-1.12.1.jar
[INFO] Downloaded: https://repo.maven.apache.org/maven2/org/apache/httpcomponents/httpclient/4.2.3/httpclient-4.2.3.jar (423 KB at 540.1 KB/sec)
[INFO] Downloading: https://repo.maven.apache.org/maven2/org/codehaus/plexus/plexus-archiver/2.9/plexus-archiver-2.9.jar
[INFO] Downloaded: https://repo.maven.apache.org/maven2/org/apache/httpcomponents/httpcore/4.2.2/httpcore-4.2.2.jar (219 KB at 278.1 KB/sec)
[INFO] Downloading: https://repo.maven.apache.org/maven2/org/codehaus/plexus/plexus-io/2.4/plexus-io-2.4.jar
[INFO] Downloaded: https://repo.maven.apache.org/maven2/com/thoughtworks/qdox/qdox/1.12.1/qdox-1.12.1.jar (176 KB at 202.3 KB/sec)
[INFO] Downloading: https://repo.maven.apache.org/maven2/org/apache/commons/commons-compress/1.9/commons-compress-1.9.jar
[INFO] Downloaded: https://repo.maven.apache.org/maven2/commons-codec/commons-codec/1.6/commons-codec-1.6.jar (228 KB at 255.7 KB/sec)
[INFO] Downloaded: https://repo.maven.apache.org/maven2/org/codehaus/plexus/plexus-archiver/2.9/plexus-archiver-2.9.jar (142 KB at 153.6 KB/sec)
[INFO] Downloaded: https://repo.maven.apache.org/maven2/org/codehaus/plexus/plexus-io/2.4/plexus-io-2.4.jar (80 KB at 84.7 KB/sec)
[INFO] Downloaded: https://repo.maven.apache.org/maven2/log4j/log4j/1.2.14/log4j-1.2.14.jar (359 KB at 327.7 KB/sec)
[INFO] Downloaded: https://repo.maven.apache.org/maven2/org/apache/commons/commons-compress/1.9/commons-compress-1.9.jar (370 KB at 334.9 KB/sec)
[INFO] Toolchain in maven-javadoc-plugin: JDK[/usr/lib/jvm/java-8-oracle]
[INFO] 
Loading source files for package org.postgresql.ds.common...
Loading source files for package org.postgresql.ds...
Loading source files for package org.postgresql.ssl.jdbc4...
Loading source files for package org.postgresql.ssl...
Loading source files for package org.postgresql.jdbc...
Loading source files for package org.postgresql.core...
Loading source files for package org.postgresql.core.v3...
Loading source files for package org.postgresql.core.v2...
Loading source files for package org.postgresql.jdbc2...
Loading source files for package org.postgresql.jdbc2.optional...
Loading source files for package org.postgresql.xa...
Loading source files for package org.postgresql.geometric...
Loading source files for package org.postgresql...
Loading source files for package org.postgresql.util...
Loading source files for package org.postgresql.copy...
Loading source files for package org.postgresql.hostchooser...
Loading source files for package org.postgresql.jdbc3...
Loading source files for package org.postgresql.gss...
Loading source files for package org.postgresql.largeobject...
Loading source files for package org.postgresql.sspi...
Loading source files for package org.postgresql.fastpath...
Loading source files for package org.postgresql.osgi...
Constructing Javadoc information...
Standard Doclet version 1.8.0_31
Building tree for all the packages and classes...
Generating /home/travis/build/pgjdbc/pgjdbc/pgjdbc/target/apidocs/org/postgresql/ds/common/BaseDataSource.html...
Generating /home/travis/build/pgjdbc/pgjdbc/pgjdbc/target/apidocs/org/postgresql/ds/common/PGObjectFactory.html...
Generating /home/travis/build/pgjdbc/pgjdbc/pgjdbc/target/apidocs/org/postgresql/ds/PGConnectionPoolDataSource.html...
Generating /home/travis/build/pgjdbc/pgjdbc/pgjdbc/target/apidocs/org/postgresql/ds/PGPooledConnection.html...
Generating /home/travis/build/pgjdbc/pgjdbc/pgjdbc/target/apidocs/org/postgresql/ds/PGPoolingDataSource.html...
Generating /home/travis/build/pgjdbc/pgjdbc/pgjdbc/target/apidocs/org/postgresql/ds/PGSimpleDataSource.html...
Generating /home/travis/build/pgjdbc/pgjdbc/pgjdbc/target/apidocs/org/postgresql/ssl/jdbc4/LazyKeyManager.html...
Generating /home/travis/build/pgjdbc/pgjdbc/pgjdbc/target/apidocs/org/postgresql/ssl/jdbc4/LibPQFactory.html...
Generating /home/travis/build/pgjdbc/pgjdbc/pgjdbc/target/apidocs/org/postgresql/ssl/DbKeyStoreSocketFactory.html...
Generating /home/travis/build/pgjdbc/pgjdbc/pgjdbc/target/apidocs/org/postgresql/ssl/DbKeyStoreSocketFactory.DbKeyStoreSocketException.html...
Generating /home/travis/build/pgjdbc/pgjdbc/pgjdbc/target/apidocs/org/postgresql/ssl/MakeSSL.html...
Generating /home/travis/build/pgjdbc/pgjdbc/pgjdbc/target/apidocs/org/postgresql/ssl/NonValidatingFactory.html...
Generating /home/travis/build/pgjdbc/pgjdbc/pgjdbc/target/apidocs/org/postgresql/ssl/NonValidatingFactory.NonValidatingTM.html...
Generating /home/travis/build/pgjdbc/pgjdbc/pgjdbc/target/apidocs/org/postgresql/ssl/SingleCertValidatingFactory.html...
Generating /home/travis/build/pgjdbc/pgjdbc/pgjdbc/target/apidocs/org/postgresql/ssl/SingleCertValidatingFactory.SingleCertTrustManager.html...
Generating /home/travis/build/pgjdbc/pgjdbc/pgjdbc/target/apidocs/org/postgresql/ssl/WrappedFactory.html...
Generating /home/travis/build/pgjdbc/pgjdbc/pgjdbc/target/apidocs/org/postgresql/jdbc/AbstractBlobClob.html...
Generating /home/travis/build/pgjdbc/pgjdbc/pgjdbc/target/apidocs/org/postgresql/jdbc/BatchResultHandler.html...
Generating /home/travis/build/pgjdbc/pgjdbc/pgjdbc/target/apidocs/org/postgresql/jdbc/CacheMetadata.html...
Generating /home/travis/build/pgjdbc/pgjdbc/pgjdbc/target/apidocs/org/postgresql/jdbc/EscapedFunctions.html...
Generating /home/travis/build/pgjdbc/pgjdbc/pgjdbc/target/apidocs/org/postgresql/jdbc/PgArray.html...
Generating /home/travis/build/pgjdbc/pgjdbc/pgjdbc/target/apidocs/org/postgresql/jdbc/PgBlob.html...
Generating /home/travis/build/pgjdbc/pgjdbc/pgjdbc/target/apidocs/org/postgresql/jdbc/PgClob.html...
Generating /home/travis/build/pgjdbc/pgjdbc/pgjdbc/target/apidocs/org/postgresql/jdbc/PgConnection.html...
Generating /home/travis/build/pgjdbc/pgjdbc/pgjdbc/target/apidocs/org/postgresql/jdbc/PgConnection.AbortCommand.html...
Generating /home/travis/build/pgjdbc/pgjdbc/pgjdbc/target/apidocs/org/postgresql/jdbc/PgDatabaseMetaData.html...
Generating /home/travis/build/pgjdbc/pgjdbc/pgjdbc/target/apidocs/org/postgresql/jdbc/PgParameterMetaData.html...
Generating /home/travis/build/pgjdbc/pgjdbc/pgjdbc/target/apidocs/org/postgresql/jdbc/PgResultSet.html...
Generating /home/travis/build/pgjdbc/pgjdbc/pgjdbc/target/apidocs/org/postgresql/jdbc/PgResultSet.CursorResultHandler.html...
Generating /home/travis/build/pgjdbc/pgjdbc/pgjdbc/target/apidocs/org/postgresql/jdbc/PgResultSetMetaData.html...
Generating /home/travis/build/pgjdbc/pgjdbc/pgjdbc/target/apidocs/org/postgresql/jdbc/PgSQLXML.html...
Generating /home/travis/build/pgjdbc/pgjdbc/pgjdbc/target/apidocs/org/postgresql/jdbc/PgStatement.html...
Generating /home/travis/build/pgjdbc/pgjdbc/pgjdbc/target/apidocs/org/postgresql/jdbc/PgStatement.StatementResultHandler.html...
Generating /home/travis/build/pgjdbc/pgjdbc/pgjdbc/target/apidocs/org/postgresql/jdbc/PSQLSavepoint.html...
Generating /home/travis/build/pgjdbc/pgjdbc/pgjdbc/target/apidocs/org/postgresql/jdbc/ResultWrapper.html...
Generating /home/travis/build/pgjdbc/pgjdbc/pgjdbc/target/apidocs/org/postgresql/jdbc/TimestampUtils.html...
Generating /home/travis/build/pgjdbc/pgjdbc/pgjdbc/target/apidocs/org/postgresql/jdbc/TypeInfoCache.html...
Generating /home/travis/build/pgjdbc/pgjdbc/pgjdbc/target/apidocs/org/postgresql/jdbc/UUIDArrayAssistant.html...
Generating /home/travis/build/pgjdbc/pgjdbc/pgjdbc/target/apidocs/org/postgresql/core/BaseConnection.html...
Generating /home/travis/build/pgjdbc/pgjdbc/pgjdbc/target/apidocs/org/postgresql/core/BaseStatement.html...
Generating /home/travis/build/pgjdbc/pgjdbc/pgjdbc/target/apidocs/org/postgresql/core/CachedQuery.html...
Generating /home/travis/build/pgjdbc/pgjdbc/pgjdbc/target/apidocs/org/postgresql/core/ConnectionFactory.html...
Generating /home/travis/build/pgjdbc/pgjdbc/pgjdbc/target/apidocs/org/postgresql/core/Encoding.html...
Generating /home/travis/build/pgjdbc/pgjdbc/pgjdbc/target/apidocs/org/postgresql/core/Field.html...
Generating /home/travis/build/pgjdbc/pgjdbc/pgjdbc/target/apidocs/org/postgresql/core/JdbcCallParseInfo.html...
Generating /home/travis/build/pgjdbc/pgjdbc/pgjdbc/target/apidocs/org/postgresql/core/Logger.html...
Generating /home/travis/build/pgjdbc/pgjdbc/pgjdbc/target/apidocs/org/postgresql/core/NativeQuery.html...
Generating /home/travis/build/pgjdbc/pgjdbc/pgjdbc/target/apidocs/org/postgresql/core/Notification.html...
Generating /home/travis/build/pgjdbc/pgjdbc/pgjdbc/target/apidocs/org/postgresql/core/Oid.html...
Generating /home/travis/build/pgjdbc/pgjdbc/pgjdbc/target/apidocs/org/postgresql/core/ParameterList.html...
Generating /home/travis/build/pgjdbc/pgjdbc/pgjdbc/target/apidocs/org/postgresql/core/Parser.html...
Generating /home/travis/build/pgjdbc/pgjdbc/pgjdbc/target/apidocs/org/postgresql/core/PGBindException.html...
Generating /home/travis/build/pgjdbc/pgjdbc/pgjdbc/target/apidocs/org/postgresql/core/PGStream.html...
Generating /home/travis/build/pgjdbc/pgjdbc/pgjdbc/target/apidocs/org/postgresql/core/ProtocolConnection.html...
Generating /home/travis/build/pgjdbc/pgjdbc/pgjdbc/target/apidocs/org/postgresql/core/Provider.html...
Generating /home/travis/build/pgjdbc/pgjdbc/pgjdbc/target/apidocs/org/postgresql/core/Query.html...
Generating /home/travis/build/pgjdbc/pgjdbc/pgjdbc/target/apidocs/org/postgresql/core/QueryExecutor.html...
Generating /home/travis/build/pgjdbc/pgjdbc/pgjdbc/target/apidocs/org/postgresql/core/ResultCursor.html...
Generating /home/travis/build/pgjdbc/pgjdbc/pgjdbc/target/apidocs/org/postgresql/core/ResultHandler.html...
Generating /home/travis/build/pgjdbc/pgjdbc/pgjdbc/target/apidocs/org/postgresql/core/ServerVersion.html...
Generating /home/travis/build/pgjdbc/pgjdbc/pgjdbc/target/apidocs/org/postgresql/core/SetupQueryRunner.html...
Generating /home/travis/build/pgjdbc/pgjdbc/pgjdbc/target/apidocs/org/postgresql/core/TypeInfo.html...
Generating /home/travis/build/pgjdbc/pgjdbc/pgjdbc/target/apidocs/org/postgresql/core/Utils.html...
Generating /home/travis/build/pgjdbc/pgjdbc/pgjdbc/target/apidocs/org/postgresql/core/Version.html...
Generating /home/travis/build/pgjdbc/pgjdbc/pgjdbc/target/apidocs/org/postgresql/core/VisibleBufferedInputStream.html...
Generating /home/travis/build/pgjdbc/pgjdbc/pgjdbc/target/apidocs/org/postgresql/core/v3/ConnectionFactoryImpl.html...
Generating /home/travis/build/pgjdbc/pgjdbc/pgjdbc/target/apidocs/org/postgresql/core/v3/CopyInImpl.html...
Generating /home/travis/build/pgjdbc/pgjdbc/pgjdbc/target/apidocs/org/postgresql/core/v3/CopyOperationImpl.html...
Generating /home/travis/build/pgjdbc/pgjdbc/pgjdbc/target/apidocs/org/postgresql/core/v3/CopyOutImpl.html...
Generating /home/travis/build/pgjdbc/pgjdbc/pgjdbc/target/apidocs/org/postgresql/core/v3/QueryExecutorImpl.html...
Generating /home/travis/build/pgjdbc/pgjdbc/pgjdbc/target/apidocs/org/postgresql/core/v2/ConnectionFactoryImpl.html...
Generating /home/travis/build/pgjdbc/pgjdbc/pgjdbc/target/apidocs/org/postgresql/core/v2/QueryExecutorImpl.html...
Generating /home/travis/build/pgjdbc/pgjdbc/pgjdbc/target/apidocs/org/postgresql/core/v2/SocketFactoryFactory.html...
Generating /home/travis/build/pgjdbc/pgjdbc/pgjdbc/target/apidocs/org/postgresql/jdbc2/ArrayAssistant.html...
Generating /home/travis/build/pgjdbc/pgjdbc/pgjdbc/target/apidocs/org/postgresql/jdbc2/ArrayAssistantRegistry.html...
Generating /home/travis/build/pgjdbc/pgjdbc/pgjdbc/target/apidocs/org/postgresql/jdbc2/optional/ConnectionPool.html...
Generating /home/travis/build/pgjdbc/pgjdbc/pgjdbc/target/apidocs/org/postgresql/jdbc2/optional/PoolingDataSource.html...
Generating /home/travis/build/pgjdbc/pgjdbc/pgjdbc/target/apidocs/org/postgresql/jdbc2/optional/SimpleDataSource.html...
Generating /home/travis/build/pgjdbc/pgjdbc/pgjdbc/target/apidocs/org/postgresql/xa/PGXAConnection.html...
Generating /home/travis/build/pgjdbc/pgjdbc/pgjdbc/target/apidocs/org/postgresql/xa/PGXADataSource.html...
Generating /home/travis/build/pgjdbc/pgjdbc/pgjdbc/target/apidocs/org/postgresql/xa/PGXADataSourceFactory.html...
Generating /home/travis/build/pgjdbc/pgjdbc/pgjdbc/target/apidocs/org/postgresql/xa/PGXAException.html...
Generating /home/travis/build/pgjdbc/pgjdbc/pgjdbc/target/apidocs/org/postgresql/geometric/PGbox.html...
Generating /home/travis/build/pgjdbc/pgjdbc/pgjdbc/target/apidocs/org/postgresql/geometric/PGcircle.html...
Generating /home/travis/build/pgjdbc/pgjdbc/pgjdbc/target/apidocs/org/postgresql/geometric/PGline.html...
Generating /home/travis/build/pgjdbc/pgjdbc/pgjdbc/target/apidocs/org/postgresql/geometric/PGlseg.html...
Generating /home/travis/build/pgjdbc/pgjdbc/pgjdbc/target/apidocs/org/postgresql/geometric/PGpath.html...
Generating /home/travis/build/pgjdbc/pgjdbc/pgjdbc/target/apidocs/org/postgresql/geometric/PGpoint.html...
Generating /home/travis/build/pgjdbc/pgjdbc/pgjdbc/target/apidocs/org/postgresql/geometric/PGpolygon.html...
Generating /home/travis/build/pgjdbc/pgjdbc/pgjdbc/target/apidocs/org/postgresql/Driver.html...
Generating /home/travis/build/pgjdbc/pgjdbc/pgjdbc/target/apidocs/org/postgresql/PGConnection.html...
Generating /home/travis/build/pgjdbc/pgjdbc/pgjdbc/target/apidocs/org/postgresql/PGNotification.html...
Generating /home/travis/build/pgjdbc/pgjdbc/pgjdbc/target/apidocs/org/postgresql/PGProperty.html...
Generating /home/travis/build/pgjdbc/pgjdbc/pgjdbc/target/apidocs/org/postgresql/PGRefCursorResultSet.html...
Generating /home/travis/build/pgjdbc/pgjdbc/pgjdbc/target/apidocs/org/postgresql/PGResultSetMetaData.html...
Generating /home/travis/build/pgjdbc/pgjdbc/pgjdbc/target/apidocs/org/postgresql/PGStatement.html...
Generating /home/travis/build/pgjdbc/pgjdbc/pgjdbc/target/apidocs/org/postgresql/util/Base64.html...
Generating /home/travis/build/pgjdbc/pgjdbc/pgjdbc/target/apidocs/org/postgresql/util/ByteConverter.html...
Generating /home/travis/build/pgjdbc/pgjdbc/pgjdbc/target/apidocs/org/postgresql/util/CanEstimateSize.html...
Generating /home/travis/build/pgjdbc/pgjdbc/pgjdbc/target/apidocs/org/postgresql/util/GT.html...
Generating /home/travis/build/pgjdbc/pgjdbc/pgjdbc/target/apidocs/org/postgresql/util/HostSpec.html...
Generating /home/travis/build/pgjdbc/pgjdbc/pgjdbc/target/apidocs/org/postgresql/util/HStoreConverter.html...
Generating /home/travis/build/pgjdbc/pgjdbc/pgjdbc/target/apidocs/org/postgresql/util/LruCache.html...
Generating /home/travis/build/pgjdbc/pgjdbc/pgjdbc/target/apidocs/org/postgresql/util/LruCache.CreateAction.html...
Generating /home/travis/build/pgjdbc/pgjdbc/pgjdbc/target/apidocs/org/postgresql/util/LruCache.EvictAction.html...
Generating /home/travis/build/pgjdbc/pgjdbc/pgjdbc/target/apidocs/org/postgresql/util/MD5Digest.html...
Generating /home/travis/build/pgjdbc/pgjdbc/pgjdbc/target/apidocs/org/postgresql/util/ObjectFactory.html...
Generating /home/travis/build/pgjdbc/pgjdbc/pgjdbc/target/apidocs/org/postgresql/util/PGBinaryObject.html...
Generating /home/travis/build/pgjdbc/pgjdbc/pgjdbc/target/apidocs/org/postgresql/util/PGbytea.html...
Generating /home/travis/build/pgjdbc/pgjdbc/pgjdbc/target/apidocs/org/postgresql/util/PGInterval.html...
Generating /home/travis/build/pgjdbc/pgjdbc/pgjdbc/target/apidocs/org/postgresql/util/PGJDBCMain.html...
Generating /home/travis/build/pgjdbc/pgjdbc/pgjdbc/target/apidocs/org/postgresql/util/PGmoney.html...
Generating /home/travis/build/pgjdbc/pgjdbc/pgjdbc/target/apidocs/org/postgresql/util/PGobject.html...
Generating /home/travis/build/pgjdbc/pgjdbc/pgjdbc/target/apidocs/org/postgresql/util/PGTime.html...
Generating /home/travis/build/pgjdbc/pgjdbc/pgjdbc/target/apidocs/org/postgresql/util/PGTimestamp.html...
Generating /home/travis/build/pgjdbc/pgjdbc/pgjdbc/target/apidocs/org/postgresql/util/PGtokenizer.html...
Generating /home/travis/build/pgjdbc/pgjdbc/pgjdbc/target/apidocs/org/postgresql/util/PSQLDriverVersion.html...
Generating /home/travis/build/pgjdbc/pgjdbc/pgjdbc/target/apidocs/org/postgresql/util/PSQLException.html...
Generating /home/travis/build/pgjdbc/pgjdbc/pgjdbc/target/apidocs/org/postgresql/util/PSQLState.html...
Generating /home/travis/build/pgjdbc/pgjdbc/pgjdbc/target/apidocs/org/postgresql/util/PSQLWarning.html...
Generating /home/travis/build/pgjdbc/pgjdbc/pgjdbc/target/apidocs/org/postgresql/util/ServerErrorMessage.html...
Generating /home/travis/build/pgjdbc/pgjdbc/pgjdbc/target/apidocs/org/postgresql/util/SharedTimer.html...
Generating /home/travis/build/pgjdbc/pgjdbc/pgjdbc/target/apidocs/org/postgresql/util/StreamWrapper.html...
Generating /home/travis/build/pgjdbc/pgjdbc/pgjdbc/target/apidocs/org/postgresql/util/UnixCrypt.html...
Generating /home/travis/build/pgjdbc/pgjdbc/pgjdbc/target/apidocs/org/postgresql/copy/CopyIn.html...
Generating /home/travis/build/pgjdbc/pgjdbc/pgjdbc/target/apidocs/org/postgresql/copy/CopyManager.html...
Generating /home/travis/build/pgjdbc/pgjdbc/pgjdbc/target/apidocs/org/postgresql/copy/CopyOperation.html...
Generating /home/travis/build/pgjdbc/pgjdbc/pgjdbc/target/apidocs/org/postgresql/copy/CopyOut.html...
Generating /home/travis/build/pgjdbc/pgjdbc/pgjdbc/target/apidocs/org/postgresql/copy/PGCopyInputStream.html...
Generating /home/travis/build/pgjdbc/pgjdbc/pgjdbc/target/apidocs/org/postgresql/copy/PGCopyOutputStream.html...
Generating /home/travis/build/pgjdbc/pgjdbc/pgjdbc/target/apidocs/org/postgresql/hostchooser/GlobalHostStatusTracker.html...
Generating /home/travis/build/pgjdbc/pgjdbc/pgjdbc/target/apidocs/org/postgresql/hostchooser/HostChooser.html...
Generating /home/travis/build/pgjdbc/pgjdbc/pgjdbc/target/apidocs/org/postgresql/hostchooser/HostChooserFactory.html...
Generating /home/travis/build/pgjdbc/pgjdbc/pgjdbc/target/apidocs/org/postgresql/hostchooser/HostRequirement.html...
Generating /home/travis/build/pgjdbc/pgjdbc/pgjdbc/target/apidocs/org/postgresql/hostchooser/HostStatus.html...
Generating /home/travis/build/pgjdbc/pgjdbc/pgjdbc/target/apidocs/org/postgresql/hostchooser/MultiHostChooser.html...
Generating /home/travis/build/pgjdbc/pgjdbc/pgjdbc/target/apidocs/org/postgresql/hostchooser/SingleHostChooser.html...
Generating /home/travis/build/pgjdbc/pgjdbc/pgjdbc/target/apidocs/org/postgresql/jdbc3/Jdbc3ConnectionPool.html...
Generating /home/travis/build/pgjdbc/pgjdbc/pgjdbc/target/apidocs/org/postgresql/jdbc3/Jdbc3PoolingDataSource.html...
Generating /home/travis/build/pgjdbc/pgjdbc/pgjdbc/target/apidocs/org/postgresql/jdbc3/Jdbc3SimpleDataSource.html...
Generating /home/travis/build/pgjdbc/pgjdbc/pgjdbc/target/apidocs/org/postgresql/gss/GSSCallbackHandler.html...
Generating /home/travis/build/pgjdbc/pgjdbc/pgjdbc/target/apidocs/org/postgresql/gss/MakeGSS.html...
Generating /home/travis/build/pgjdbc/pgjdbc/pgjdbc/target/apidocs/org/postgresql/largeobject/BlobInputStream.html...
Generating /home/travis/build/pgjdbc/pgjdbc/pgjdbc/target/apidocs/org/postgresql/largeobject/BlobOutputStream.html...
Generating /home/travis/build/pgjdbc/pgjdbc/pgjdbc/target/apidocs/org/postgresql/largeobject/LargeObject.html...
Generating /home/travis/build/pgjdbc/pgjdbc/pgjdbc/target/apidocs/org/postgresql/largeobject/LargeObjectManager.html...
Generating /home/travis/build/pgjdbc/pgjdbc/pgjdbc/target/apidocs/org/postgresql/sspi/NTDSAPIWrapper.html...
Generating /home/travis/build/pgjdbc/pgjdbc/pgjdbc/target/apidocs/org/postgresql/sspi/SSPIClient.html...
Generating /home/travis/build/pgjdbc/pgjdbc/pgjdbc/target/apidocs/org/postgresql/fastpath/Fastpath.html...
Generating /home/travis/build/pgjdbc/pgjdbc/pgjdbc/target/apidocs/org/postgresql/fastpath/FastpathArg.html...
Generating /home/travis/build/pgjdbc/pgjdbc/pgjdbc/target/apidocs/org/postgresql/osgi/PGBundleActivator.html...
Generating /home/travis/build/pgjdbc/pgjdbc/pgjdbc/target/apidocs/org/postgresql/osgi/PGDataSourceFactory.html...
Generating /home/travis/build/pgjdbc/pgjdbc/pgjdbc/target/apidocs/overview-frame.html...
Generating /home/travis/build/pgjdbc/pgjdbc/pgjdbc/target/apidocs/org/postgresql/package-frame.html...
Generating /home/travis/build/pgjdbc/pgjdbc/pgjdbc/target/apidocs/org/postgresql/package-summary.html...
Generating /home/travis/build/pgjdbc/pgjdbc/pgjdbc/target/apidocs/org/postgresql/package-tree.html...
Generating /home/travis/build/pgjdbc/pgjdbc/pgjdbc/target/apidocs/org/postgresql/copy/package-frame.html...
Generating /home/travis/build/pgjdbc/pgjdbc/pgjdbc/target/apidocs/org/postgresql/copy/package-summary.html...
Generating /home/travis/build/pgjdbc/pgjdbc/pgjdbc/target/apidocs/org/postgresql/copy/package-tree.html...
Generating /home/travis/build/pgjdbc/pgjdbc/pgjdbc/target/apidocs/org/postgresql/core/package-frame.html...
Generating /home/travis/build/pgjdbc/pgjdbc/pgjdbc/target/apidocs/org/postgresql/core/package-summary.html...
Generating /home/travis/build/pgjdbc/pgjdbc/pgjdbc/target/apidocs/org/postgresql/core/package-tree.html...
Generating /home/travis/build/pgjdbc/pgjdbc/pgjdbc/target/apidocs/org/postgresql/core/v2/package-frame.html...
Generating /home/travis/build/pgjdbc/pgjdbc/pgjdbc/target/apidocs/org/postgresql/core/v2/package-summary.html...
Generating /home/travis/build/pgjdbc/pgjdbc/pgjdbc/target/apidocs/org/postgresql/core/v2/package-tree.html...
Generating /home/travis/build/pgjdbc/pgjdbc/pgjdbc/target/apidocs/org/postgresql/core/v3/package-frame.html...
Generating /home/travis/build/pgjdbc/pgjdbc/pgjdbc/target/apidocs/org/postgresql/core/v3/package-summary.html...
Generating /home/travis/build/pgjdbc/pgjdbc/pgjdbc/target/apidocs/org/postgresql/core/v3/package-tree.html...
Generating /home/travis/build/pgjdbc/pgjdbc/pgjdbc/target/apidocs/org/postgresql/ds/package-frame.html...
Generating /home/travis/build/pgjdbc/pgjdbc/pgjdbc/target/apidocs/org/postgresql/ds/package-summary.html...
Generating /home/travis/build/pgjdbc/pgjdbc/pgjdbc/target/apidocs/org/postgresql/ds/package-tree.html...
Generating /home/travis/build/pgjdbc/pgjdbc/pgjdbc/target/apidocs/org/postgresql/ds/common/package-frame.html...
Generating /home/travis/build/pgjdbc/pgjdbc/pgjdbc/target/apidocs/org/postgresql/ds/common/package-summary.html...
Generating /home/travis/build/pgjdbc/pgjdbc/pgjdbc/target/apidocs/org/postgresql/ds/common/package-tree.html...
Generating /home/travis/build/pgjdbc/pgjdbc/pgjdbc/target/apidocs/org/postgresql/fastpath/package-frame.html...
Generating /home/travis/build/pgjdbc/pgjdbc/pgjdbc/target/apidocs/org/postgresql/fastpath/package-summary.html...
Generating /home/travis/build/pgjdbc/pgjdbc/pgjdbc/target/apidocs/org/postgresql/fastpath/package-tree.html...
Generating /home/travis/build/pgjdbc/pgjdbc/pgjdbc/target/apidocs/org/postgresql/geometric/package-frame.html...
Generating /home/travis/build/pgjdbc/pgjdbc/pgjdbc/target/apidocs/org/postgresql/geometric/package-summary.html...
Generating /home/travis/build/pgjdbc/pgjdbc/pgjdbc/target/apidocs/org/postgresql/geometric/package-tree.html...
Generating /home/travis/build/pgjdbc/pgjdbc/pgjdbc/target/apidocs/org/postgresql/gss/package-frame.html...
Generating /home/travis/build/pgjdbc/pgjdbc/pgjdbc/target/apidocs/org/postgresql/gss/package-summary.html...
Generating /home/travis/build/pgjdbc/pgjdbc/pgjdbc/target/apidocs/org/postgresql/gss/package-tree.html...
Generating /home/travis/build/pgjdbc/pgjdbc/pgjdbc/target/apidocs/org/postgresql/hostchooser/package-frame.html...
Generating /home/travis/build/pgjdbc/pgjdbc/pgjdbc/target/apidocs/org/postgresql/hostchooser/package-summary.html...
Generating /home/travis/build/pgjdbc/pgjdbc/pgjdbc/target/apidocs/org/postgresql/hostchooser/package-tree.html...
Generating /home/travis/build/pgjdbc/pgjdbc/pgjdbc/target/apidocs/org/postgresql/jdbc/package-frame.html...
Generating /home/travis/build/pgjdbc/pgjdbc/pgjdbc/target/apidocs/org/postgresql/jdbc/package-summary.html...
Generating /home/travis/build/pgjdbc/pgjdbc/pgjdbc/target/apidocs/org/postgresql/jdbc/package-tree.html...
Generating /home/travis/build/pgjdbc/pgjdbc/pgjdbc/target/apidocs/org/postgresql/jdbc2/package-frame.html...
Generating /home/travis/build/pgjdbc/pgjdbc/pgjdbc/target/apidocs/org/postgresql/jdbc2/package-summary.html...
Generating /home/travis/build/pgjdbc/pgjdbc/pgjdbc/target/apidocs/org/postgresql/jdbc2/package-tree.html...
Generating /home/travis/build/pgjdbc/pgjdbc/pgjdbc/target/apidocs/org/postgresql/jdbc2/optional/package-frame.html...
Generating /home/travis/build/pgjdbc/pgjdbc/pgjdbc/target/apidocs/org/postgresql/jdbc2/optional/package-summary.html...
Generating /home/travis/build/pgjdbc/pgjdbc/pgjdbc/target/apidocs/org/postgresql/jdbc2/optional/package-tree.html...
Generating /home/travis/build/pgjdbc/pgjdbc/pgjdbc/target/apidocs/org/postgresql/jdbc3/package-frame.html...
Generating /home/travis/build/pgjdbc/pgjdbc/pgjdbc/target/apidocs/org/postgresql/jdbc3/package-summary.html...
Generating /home/travis/build/pgjdbc/pgjdbc/pgjdbc/target/apidocs/org/postgresql/jdbc3/package-tree.html...
Generating /home/travis/build/pgjdbc/pgjdbc/pgjdbc/target/apidocs/org/postgresql/largeobject/package-frame.html...
Generating /home/travis/build/pgjdbc/pgjdbc/pgjdbc/target/apidocs/org/postgresql/largeobject/package-summary.html...
Generating /home/travis/build/pgjdbc/pgjdbc/pgjdbc/target/apidocs/org/postgresql/largeobject/package-tree.html...
Generating /home/travis/build/pgjdbc/pgjdbc/pgjdbc/target/apidocs/org/postgresql/osgi/package-frame.html...
Generating /home/travis/build/pgjdbc/pgjdbc/pgjdbc/target/apidocs/org/postgresql/osgi/package-summary.html...
Generating /home/travis/build/pgjdbc/pgjdbc/pgjdbc/target/apidocs/org/postgresql/osgi/package-tree.html...
Generating /home/travis/build/pgjdbc/pgjdbc/pgjdbc/target/apidocs/org/postgresql/ssl/package-frame.html...
Generating /home/travis/build/pgjdbc/pgjdbc/pgjdbc/target/apidocs/org/postgresql/ssl/package-summary.html...
Generating /home/travis/build/pgjdbc/pgjdbc/pgjdbc/target/apidocs/org/postgresql/ssl/package-tree.html...
Generating /home/travis/build/pgjdbc/pgjdbc/pgjdbc/target/apidocs/org/postgresql/ssl/jdbc4/package-frame.html...
Generating /home/travis/build/pgjdbc/pgjdbc/pgjdbc/target/apidocs/org/postgresql/ssl/jdbc4/package-summary.html...
Generating /home/travis/build/pgjdbc/pgjdbc/pgjdbc/target/apidocs/org/postgresql/ssl/jdbc4/package-tree.html...
Generating /home/travis/build/pgjdbc/pgjdbc/pgjdbc/target/apidocs/org/postgresql/sspi/package-frame.html...
Generating /home/travis/build/pgjdbc/pgjdbc/pgjdbc/target/apidocs/org/postgresql/sspi/package-summary.html...
Generating /home/travis/build/pgjdbc/pgjdbc/pgjdbc/target/apidocs/org/postgresql/sspi/package-tree.html...
Generating /home/travis/build/pgjdbc/pgjdbc/pgjdbc/target/apidocs/org/postgresql/util/package-frame.html...
Generating /home/travis/build/pgjdbc/pgjdbc/pgjdbc/target/apidocs/org/postgresql/util/package-summary.html...
Generating /home/travis/build/pgjdbc/pgjdbc/pgjdbc/target/apidocs/org/postgresql/util/package-tree.html...
Generating /home/travis/build/pgjdbc/pgjdbc/pgjdbc/target/apidocs/org/postgresql/xa/package-frame.html...
Generating /home/travis/build/pgjdbc/pgjdbc/pgjdbc/target/apidocs/org/postgresql/xa/package-summary.html...
Generating /home/travis/build/pgjdbc/pgjdbc/pgjdbc/target/apidocs/org/postgresql/xa/package-tree.html...
Generating /home/travis/build/pgjdbc/pgjdbc/pgjdbc/target/apidocs/constant-values.html...
Generating /home/travis/build/pgjdbc/pgjdbc/pgjdbc/target/apidocs/serialized-form.html...
Generating /home/travis/build/pgjdbc/pgjdbc/pgjdbc/target/apidocs/org/postgresql/ds/common/class-use/BaseDataSource.html...
Generating /home/travis/build/pgjdbc/pgjdbc/pgjdbc/target/apidocs/org/postgresql/ds/common/class-use/PGObjectFactory.html...
Generating /home/travis/build/pgjdbc/pgjdbc/pgjdbc/target/apidocs/org/postgresql/ds/class-use/PGPooledConnection.html...
Generating /home/travis/build/pgjdbc/pgjdbc/pgjdbc/target/apidocs/org/postgresql/ds/class-use/PGSimpleDataSource.html...
Generating /home/travis/build/pgjdbc/pgjdbc/pgjdbc/target/apidocs/org/postgresql/ds/class-use/PGPoolingDataSource.html...
Generating /home/travis/build/pgjdbc/pgjdbc/pgjdbc/target/apidocs/org/postgresql/ds/class-use/PGConnectionPoolDataSource.html...
Generating /home/travis/build/pgjdbc/pgjdbc/pgjdbc/target/apidocs/org/postgresql/ssl/jdbc4/class-use/LazyKeyManager.html...
Generating /home/travis/build/pgjdbc/pgjdbc/pgjdbc/target/apidocs/org/postgresql/ssl/jdbc4/class-use/LibPQFactory.html...
Generating /home/travis/build/pgjdbc/pgjdbc/pgjdbc/target/apidocs/org/postgresql/ssl/class-use/DbKeyStoreSocketFactory.html...
Generating /home/travis/build/pgjdbc/pgjdbc/pgjdbc/target/apidocs/org/postgresql/ssl/class-use/DbKeyStoreSocketFactory.DbKeyStoreSocketException.html...
Generating /home/travis/build/pgjdbc/pgjdbc/pgjdbc/target/apidocs/org/postgresql/ssl/class-use/MakeSSL.html...
Generating /home/travis/build/pgjdbc/pgjdbc/pgjdbc/target/apidocs/org/postgresql/ssl/class-use/SingleCertValidatingFactory.html...
Generating /home/travis/build/pgjdbc/pgjdbc/pgjdbc/target/apidocs/org/postgresql/ssl/class-use/SingleCertValidatingFactory.SingleCertTrustManager.html...
Generating /home/travis/build/pgjdbc/pgjdbc/pgjdbc/target/apidocs/org/postgresql/ssl/class-use/WrappedFactory.html...
Generating /home/travis/build/pgjdbc/pgjdbc/pgjdbc/target/apidocs/org/postgresql/ssl/class-use/NonValidatingFactory.html...
Generating /home/travis/build/pgjdbc/pgjdbc/pgjdbc/target/apidocs/org/postgresql/ssl/class-use/NonValidatingFactory.NonValidatingTM.html...
Generating /home/travis/build/pgjdbc/pgjdbc/pgjdbc/target/apidocs/org/postgresql/jdbc/class-use/UUIDArrayAssistant.html...
Generating /home/travis/build/pgjdbc/pgjdbc/pgjdbc/target/apidocs/org/postgresql/jdbc/class-use/ResultWrapper.html...
Generating /home/travis/build/pgjdbc/pgjdbc/pgjdbc/target/apidocs/org/postgresql/jdbc/class-use/PgClob.html...
Generating /home/travis/build/pgjdbc/pgjdbc/pgjdbc/target/apidocs/org/postgresql/jdbc/class-use/PgSQLXML.html...
Generating /home/travis/build/pgjdbc/pgjdbc/pgjdbc/target/apidocs/org/postgresql/jdbc/class-use/EscapedFunctions.html...
Generating /home/travis/build/pgjdbc/pgjdbc/pgjdbc/target/apidocs/org/postgresql/jdbc/class-use/CacheMetadata.html...
Generating /home/travis/build/pgjdbc/pgjdbc/pgjdbc/target/apidocs/org/postgresql/jdbc/class-use/PSQLSavepoint.html...
Generating /home/travis/build/pgjdbc/pgjdbc/pgjdbc/target/apidocs/org/postgresql/jdbc/class-use/TypeInfoCache.html...
Generating /home/travis/build/pgjdbc/pgjdbc/pgjdbc/target/apidocs/org/postgresql/jdbc/class-use/AbstractBlobClob.html...
Generating /home/travis/build/pgjdbc/pgjdbc/pgjdbc/target/apidocs/org/postgresql/jdbc/class-use/PgResultSetMetaData.html...
Generating /home/travis/build/pgjdbc/pgjdbc/pgjdbc/target/apidocs/org/postgresql/jdbc/class-use/PgDatabaseMetaData.html...
Generating /home/travis/build/pgjdbc/pgjdbc/pgjdbc/target/apidocs/org/postgresql/jdbc/class-use/BatchResultHandler.html...
Generating /home/travis/build/pgjdbc/pgjdbc/pgjdbc/target/apidocs/org/postgresql/jdbc/class-use/PgConnection.html...
Generating /home/travis/build/pgjdbc/pgjdbc/pgjdbc/target/apidocs/org/postgresql/jdbc/class-use/PgConnection.AbortCommand.html...
Generating /home/travis/build/pgjdbc/pgjdbc/pgjdbc/target/apidocs/org/postgresql/jdbc/class-use/TimestampUtils.html...
Generating /home/travis/build/pgjdbc/pgjdbc/pgjdbc/target/apidocs/org/postgresql/jdbc/class-use/PgArray.html...
Generating /home/travis/build/pgjdbc/pgjdbc/pgjdbc/target/apidocs/org/postgresql/jdbc/class-use/PgResultSet.html...
Generating /home/travis/build/pgjdbc/pgjdbc/pgjdbc/target/apidocs/org/postgresql/jdbc/class-use/PgResultSet.CursorResultHandler.html...
Generating /home/travis/build/pgjdbc/pgjdbc/pgjdbc/target/apidocs/org/postgresql/jdbc/class-use/PgStatement.html...
Generating /home/travis/build/pgjdbc/pgjdbc/pgjdbc/target/apidocs/org/postgresql/jdbc/class-use/PgStatement.StatementResultHandler.html...
Generating /home/travis/build/pgjdbc/pgjdbc/pgjdbc/target/apidocs/org/postgresql/jdbc/class-use/PgBlob.html...
Generating /home/travis/build/pgjdbc/pgjdbc/pgjdbc/target/apidocs/org/postgresql/jdbc/class-use/PgParameterMetaData.html...
Generating /home/travis/build/pgjdbc/pgjdbc/pgjdbc/target/apidocs/org/postgresql/core/class-use/Oid.html...
Generating /home/travis/build/pgjdbc/pgjdbc/pgjdbc/target/apidocs/org/postgresql/core/class-use/Notification.html...
Generating /home/travis/build/pgjdbc/pgjdbc/pgjdbc/target/apidocs/org/postgresql/core/class-use/Encoding.html...
Generating /home/travis/build/pgjdbc/pgjdbc/pgjdbc/target/apidocs/org/postgresql/core/class-use/PGStream.html...
Generating /home/travis/build/pgjdbc/pgjdbc/pgjdbc/target/apidocs/org/postgresql/core/class-use/TypeInfo.html...
Generating /home/travis/build/pgjdbc/pgjdbc/pgjdbc/target/apidocs/org/postgresql/core/class-use/ConnectionFactory.html...
Generating /home/travis/build/pgjdbc/pgjdbc/pgjdbc/target/apidocs/org/postgresql/core/class-use/Provider.html...
Generating /home/travis/build/pgjdbc/pgjdbc/pgjdbc/target/apidocs/org/postgresql/core/class-use/JdbcCallParseInfo.html...
Generating /home/travis/build/pgjdbc/pgjdbc/pgjdbc/target/apidocs/org/postgresql/core/class-use/VisibleBufferedInputStream.html...
Generating /home/travis/build/pgjdbc/pgjdbc/pgjdbc/target/apidocs/org/postgresql/core/class-use/Parser.html...
Generating /home/travis/build/pgjdbc/pgjdbc/pgjdbc/target/apidocs/org/postgresql/core/class-use/ProtocolConnection.html...
Generating /home/travis/build/pgjdbc/pgjdbc/pgjdbc/target/apidocs/org/postgresql/core/class-use/ParameterList.html...
Generating /home/travis/build/pgjdbc/pgjdbc/pgjdbc/target/apidocs/org/postgresql/core/class-use/Field.html...
Generating /home/travis/build/pgjdbc/pgjdbc/pgjdbc/target/apidocs/org/postgresql/core/class-use/Version.html...
Generating /home/travis/build/pgjdbc/pgjdbc/pgjdbc/target/apidocs/org/postgresql/core/class-use/ResultHandler.html...
Generating /home/travis/build/pgjdbc/pgjdbc/pgjdbc/target/apidocs/org/postgresql/core/class-use/BaseStatement.html...
Generating /home/travis/build/pgjdbc/pgjdbc/pgjdbc/target/apidocs/org/postgresql/core/class-use/NativeQuery.html...
Generating /home/travis/build/pgjdbc/pgjdbc/pgjdbc/target/apidocs/org/postgresql/core/class-use/CachedQuery.html...
Generating /home/travis/build/pgjdbc/pgjdbc/pgjdbc/target/apidocs/org/postgresql/core/class-use/ResultCursor.html...
Generating /home/travis/build/pgjdbc/pgjdbc/pgjdbc/target/apidocs/org/postgresql/core/class-use/BaseConnection.html...
Generating /home/travis/build/pgjdbc/pgjdbc/pgjdbc/target/apidocs/org/postgresql/core/class-use/Logger.html...
Generating /home/travis/build/pgjdbc/pgjdbc/pgjdbc/target/apidocs/org/postgresql/core/class-use/ServerVersion.html...
Generating /home/travis/build/pgjdbc/pgjdbc/pgjdbc/target/apidocs/org/postgresql/core/class-use/Utils.html...
Generating /home/travis/build/pgjdbc/pgjdbc/pgjdbc/target/apidocs/org/postgresql/core/class-use/PGBindException.html...
Generating /home/travis/build/pgjdbc/pgjdbc/pgjdbc/target/apidocs/org/postgresql/core/class-use/QueryExecutor.html...
Generating /home/travis/build/pgjdbc/pgjdbc/pgjdbc/target/apidocs/org/postgresql/core/class-use/Query.html...
Generating /home/travis/build/pgjdbc/pgjdbc/pgjdbc/target/apidocs/org/postgresql/core/class-use/SetupQueryRunner.html...
Generating /home/travis/build/pgjdbc/pgjdbc/pgjdbc/target/apidocs/org/postgresql/core/v3/class-use/CopyOperationImpl.html...
Generating /home/travis/build/pgjdbc/pgjdbc/pgjdbc/target/apidocs/org/postgresql/core/v3/class-use/CopyInImpl.html...
Generating /home/travis/build/pgjdbc/pgjdbc/pgjdbc/target/apidocs/org/postgresql/core/v3/class-use/ConnectionFactoryImpl.html...
Generating /home/travis/build/pgjdbc/pgjdbc/pgjdbc/target/apidocs/org/postgresql/core/v3/class-use/QueryExecutorImpl.html...
Generating /home/travis/build/pgjdbc/pgjdbc/pgjdbc/target/apidocs/org/postgresql/core/v3/class-use/CopyOutImpl.html...
Generating /home/travis/build/pgjdbc/pgjdbc/pgjdbc/target/apidocs/org/postgresql/core/v2/class-use/SocketFactoryFactory.html...
Generating /home/travis/build/pgjdbc/pgjdbc/pgjdbc/target/apidocs/org/postgresql/core/v2/class-use/ConnectionFactoryImpl.html...
Generating /home/travis/build/pgjdbc/pgjdbc/pgjdbc/target/apidocs/org/postgresql/core/v2/class-use/QueryExecutorImpl.html...
Generating /home/travis/build/pgjdbc/pgjdbc/pgjdbc/target/apidocs/org/postgresql/jdbc2/class-use/ArrayAssistant.html...
Generating /home/travis/build/pgjdbc/pgjdbc/pgjdbc/target/apidocs/org/postgresql/jdbc2/class-use/ArrayAssistantRegistry.html...
Generating /home/travis/build/pgjdbc/pgjdbc/pgjdbc/target/apidocs/org/postgresql/jdbc2/optional/class-use/PoolingDataSource.html...
Generating /home/travis/build/pgjdbc/pgjdbc/pgjdbc/target/apidocs/org/postgresql/jdbc2/optional/class-use/SimpleDataSource.html...
Generating /home/travis/build/pgjdbc/pgjdbc/pgjdbc/target/apidocs/org/postgresql/jdbc2/optional/class-use/ConnectionPool.html...
Generating /home/travis/build/pgjdbc/pgjdbc/pgjdbc/target/apidocs/org/postgresql/xa/class-use/PGXADataSourceFactory.html...
Generating /home/travis/build/pgjdbc/pgjdbc/pgjdbc/target/apidocs/org/postgresql/xa/class-use/PGXAConnection.html...
Generating /home/travis/build/pgjdbc/pgjdbc/pgjdbc/target/apidocs/org/postgresql/xa/class-use/PGXAException.html...
Generating /home/travis/build/pgjdbc/pgjdbc/pgjdbc/target/apidocs/org/postgresql/xa/class-use/PGXADataSource.html...
Generating /home/travis/build/pgjdbc/pgjdbc/pgjdbc/target/apidocs/org/postgresql/geometric/class-use/PGpoint.html...
Generating /home/travis/build/pgjdbc/pgjdbc/pgjdbc/target/apidocs/org/postgresql/geometric/class-use/PGline.html...
Generating /home/travis/build/pgjdbc/pgjdbc/pgjdbc/target/apidocs/org/postgresql/geometric/class-use/PGbox.html...
Generating /home/travis/build/pgjdbc/pgjdbc/pgjdbc/target/apidocs/org/postgresql/geometric/class-use/PGpolygon.html...
Generating /home/travis/build/pgjdbc/pgjdbc/pgjdbc/target/apidocs/org/postgresql/geometric/class-use/PGpath.html...
Generating /home/travis/build/pgjdbc/pgjdbc/pgjdbc/target/apidocs/org/postgresql/geometric/class-use/PGcircle.html...
Generating /home/travis/build/pgjdbc/pgjdbc/pgjdbc/target/apidocs/org/postgresql/geometric/class-use/PGlseg.html...
Generating /home/travis/build/pgjdbc/pgjdbc/pgjdbc/target/apidocs/org/postgresql/class-use/PGResultSetMetaData.html...
Generating /home/travis/build/pgjdbc/pgjdbc/pgjdbc/target/apidocs/org/postgresql/class-use/PGRefCursorResultSet.html...
Generating /home/travis/build/pgjdbc/pgjdbc/pgjdbc/target/apidocs/org/postgresql/class-use/PGNotification.html...
Generating /home/travis/build/pgjdbc/pgjdbc/pgjdbc/target/apidocs/org/postgresql/class-use/PGConnection.html...
Generating /home/travis/build/pgjdbc/pgjdbc/pgjdbc/target/apidocs/org/postgresql/class-use/Driver.html...
Generating /home/travis/build/pgjdbc/pgjdbc/pgjdbc/target/apidocs/org/postgresql/class-use/PGProperty.html...
Generating /home/travis/build/pgjdbc/pgjdbc/pgjdbc/target/apidocs/org/postgresql/class-use/PGStatement.html...
Generating /home/travis/build/pgjdbc/pgjdbc/pgjdbc/target/apidocs/org/postgresql/util/class-use/StreamWrapper.html...
Generating /home/travis/build/pgjdbc/pgjdbc/pgjdbc/target/apidocs/org/postgresql/util/class-use/HostSpec.html...
Generating /home/travis/build/pgjdbc/pgjdbc/pgjdbc/target/apidocs/org/postgresql/util/class-use/PGTimestamp.html...
Generating /home/travis/build/pgjdbc/pgjdbc/pgjdbc/target/apidocs/org/postgresql/util/class-use/PGbytea.html...
Generating /home/travis/build/pgjdbc/pgjdbc/pgjdbc/target/apidocs/org/postgresql/util/class-use/CanEstimateSize.html...
Generating /home/travis/build/pgjdbc/pgjdbc/pgjdbc/target/apidocs/org/postgresql/util/class-use/PSQLDriverVersion.html...
Generating /home/travis/build/pgjdbc/pgjdbc/pgjdbc/target/apidocs/org/postgresql/util/class-use/SharedTimer.html...
Generating /home/travis/build/pgjdbc/pgjdbc/pgjdbc/target/apidocs/org/postgresql/util/class-use/PGmoney.html...
Generating /home/travis/build/pgjdbc/pgjdbc/pgjdbc/target/apidocs/org/postgresql/util/class-use/ObjectFactory.html...
Generating /home/travis/build/pgjdbc/pgjdbc/pgjdbc/target/apidocs/org/postgresql/util/class-use/PGtokenizer.html...
Generating /home/travis/build/pgjdbc/pgjdbc/pgjdbc/target/apidocs/org/postgresql/util/class-use/PGTime.html...
Generating /home/travis/build/pgjdbc/pgjdbc/pgjdbc/target/apidocs/org/postgresql/util/class-use/ByteConverter.html...
Generating /home/travis/build/pgjdbc/pgjdbc/pgjdbc/target/apidocs/org/postgresql/util/class-use/UnixCrypt.html...
Generating /home/travis/build/pgjdbc/pgjdbc/pgjdbc/target/apidocs/org/postgresql/util/class-use/PSQLState.html...
Generating /home/travis/build/pgjdbc/pgjdbc/pgjdbc/target/apidocs/org/postgresql/util/class-use/Base64.html...
Generating /home/travis/build/pgjdbc/pgjdbc/pgjdbc/target/apidocs/org/postgresql/util/class-use/PGBinaryObject.html...
Generating /home/travis/build/pgjdbc/pgjdbc/pgjdbc/target/apidocs/org/postgresql/util/class-use/MD5Digest.html...
Generating /home/travis/build/pgjdbc/pgjdbc/pgjdbc/target/apidocs/org/postgresql/util/class-use/HStoreConverter.html...
Generating /home/travis/build/pgjdbc/pgjdbc/pgjdbc/target/apidocs/org/postgresql/util/class-use/PSQLWarning.html...
Generating /home/travis/build/pgjdbc/pgjdbc/pgjdbc/target/apidocs/org/postgresql/util/class-use/PGInterval.html...
Generating /home/travis/build/pgjdbc/pgjdbc/pgjdbc/target/apidocs/org/postgresql/util/class-use/GT.html...
Generating /home/travis/build/pgjdbc/pgjdbc/pgjdbc/target/apidocs/org/postgresql/util/class-use/ServerErrorMessage.html...
Generating /home/travis/build/pgjdbc/pgjdbc/pgjdbc/target/apidocs/org/postgresql/util/class-use/LruCache.html...
Generating /home/travis/build/pgjdbc/pgjdbc/pgjdbc/target/apidocs/org/postgresql/util/class-use/LruCache.EvictAction.html...
Generating /home/travis/build/pgjdbc/pgjdbc/pgjdbc/target/apidocs/org/postgresql/util/class-use/LruCache.CreateAction.html...
Generating /home/travis/build/pgjdbc/pgjdbc/pgjdbc/target/apidocs/org/postgresql/util/class-use/PGobject.html...
Generating /home/travis/build/pgjdbc/pgjdbc/pgjdbc/target/apidocs/org/postgresql/util/class-use/PSQLException.html...
Generating /home/travis/build/pgjdbc/pgjdbc/pgjdbc/target/apidocs/org/postgresql/util/class-use/PGJDBCMain.html...
Generating /home/travis/build/pgjdbc/pgjdbc/pgjdbc/target/apidocs/org/postgresql/copy/class-use/PGCopyInputStream.html...
Generating /home/travis/build/pgjdbc/pgjdbc/pgjdbc/target/apidocs/org/postgresql/copy/class-use/CopyOperation.html...
Generating /home/travis/build/pgjdbc/pgjdbc/pgjdbc/target/apidocs/org/postgresql/copy/class-use/CopyIn.html...
Generating /home/travis/build/pgjdbc/pgjdbc/pgjdbc/target/apidocs/org/postgresql/copy/class-use/CopyManager.html...
Generating /home/travis/build/pgjdbc/pgjdbc/pgjdbc/target/apidocs/org/postgresql/copy/class-use/PGCopyOutputStream.html...
Generating /home/travis/build/pgjdbc/pgjdbc/pgjdbc/target/apidocs/org/postgresql/copy/class-use/CopyOut.html...
Generating /home/travis/build/pgjdbc/pgjdbc/pgjdbc/target/apidocs/org/postgresql/hostchooser/class-use/SingleHostChooser.html...
Generating /home/travis/build/pgjdbc/pgjdbc/pgjdbc/target/apidocs/org/postgresql/hostchooser/class-use/HostStatus.html...
Generating /home/travis/build/pgjdbc/pgjdbc/pgjdbc/target/apidocs/org/postgresql/hostchooser/class-use/HostRequirement.html...
Generating /home/travis/build/pgjdbc/pgjdbc/pgjdbc/target/apidocs/org/postgresql/hostchooser/class-use/HostChooserFactory.html...
Generating /home/travis/build/pgjdbc/pgjdbc/pgjdbc/target/apidocs/org/postgresql/hostchooser/class-use/MultiHostChooser.html...
Generating /home/travis/build/pgjdbc/pgjdbc/pgjdbc/target/apidocs/org/postgresql/hostchooser/class-use/GlobalHostStatusTracker.html...
Generating /home/travis/build/pgjdbc/pgjdbc/pgjdbc/target/apidocs/org/postgresql/hostchooser/class-use/HostChooser.html...
Generating /home/travis/build/pgjdbc/pgjdbc/pgjdbc/target/apidocs/org/postgresql/jdbc3/class-use/Jdbc3SimpleDataSource.html...
Generating /home/travis/build/pgjdbc/pgjdbc/pgjdbc/target/apidocs/org/postgresql/jdbc3/class-use/Jdbc3ConnectionPool.html...
Generating /home/travis/build/pgjdbc/pgjdbc/pgjdbc/target/apidocs/org/postgresql/jdbc3/class-use/Jdbc3PoolingDataSource.html...
Generating /home/travis/build/pgjdbc/pgjdbc/pgjdbc/target/apidocs/org/postgresql/gss/class-use/GSSCallbackHandler.html...
Generating /home/travis/build/pgjdbc/pgjdbc/pgjdbc/target/apidocs/org/postgresql/gss/class-use/MakeGSS.html...
Generating /home/travis/build/pgjdbc/pgjdbc/pgjdbc/target/apidocs/org/postgresql/largeobject/class-use/BlobInputStream.html...
Generating /home/travis/build/pgjdbc/pgjdbc/pgjdbc/target/apidocs/org/postgresql/largeobject/class-use/LargeObject.html...
Generating /home/travis/build/pgjdbc/pgjdbc/pgjdbc/target/apidocs/org/postgresql/largeobject/class-use/LargeObjectManager.html...
Generating /home/travis/build/pgjdbc/pgjdbc/pgjdbc/target/apidocs/org/postgresql/largeobject/class-use/BlobOutputStream.html...
Generating /home/travis/build/pgjdbc/pgjdbc/pgjdbc/target/apidocs/org/postgresql/sspi/class-use/SSPIClient.html...
Generating /home/travis/build/pgjdbc/pgjdbc/pgjdbc/target/apidocs/org/postgresql/sspi/class-use/NTDSAPIWrapper.html...
Generating /home/travis/build/pgjdbc/pgjdbc/pgjdbc/target/apidocs/org/postgresql/fastpath/class-use/FastpathArg.html...
Generating /home/travis/build/pgjdbc/pgjdbc/pgjdbc/target/apidocs/org/postgresql/fastpath/class-use/Fastpath.html...
Generating /home/travis/build/pgjdbc/pgjdbc/pgjdbc/target/apidocs/org/postgresql/osgi/class-use/PGDataSourceFactory.html...
Generating /home/travis/build/pgjdbc/pgjdbc/pgjdbc/target/apidocs/org/postgresql/osgi/class-use/PGBundleActivator.html...
Generating /home/travis/build/pgjdbc/pgjdbc/pgjdbc/target/apidocs/org/postgresql/package-use.html...
Generating /home/travis/build/pgjdbc/pgjdbc/pgjdbc/target/apidocs/org/postgresql/copy/package-use.html...
Generating /home/travis/build/pgjdbc/pgjdbc/pgjdbc/target/apidocs/org/postgresql/core/package-use.html...
Generating /home/travis/build/pgjdbc/pgjdbc/pgjdbc/target/apidocs/org/postgresql/core/v2/package-use.html...
Generating /home/travis/build/pgjdbc/pgjdbc/pgjdbc/target/apidocs/org/postgresql/core/v3/package-use.html...
Generating /home/travis/build/pgjdbc/pgjdbc/pgjdbc/target/apidocs/org/postgresql/ds/package-use.html...
Generating /home/travis/build/pgjdbc/pgjdbc/pgjdbc/target/apidocs/org/postgresql/ds/common/package-use.html...
Generating /home/travis/build/pgjdbc/pgjdbc/pgjdbc/target/apidocs/org/postgresql/fastpath/package-use.html...
Generating /home/travis/build/pgjdbc/pgjdbc/pgjdbc/target/apidocs/org/postgresql/geometric/package-use.html...
Generating /home/travis/build/pgjdbc/pgjdbc/pgjdbc/target/apidocs/org/postgresql/gss/package-use.html...
Generating /home/travis/build/pgjdbc/pgjdbc/pgjdbc/target/apidocs/org/postgresql/hostchooser/package-use.html...
Generating /home/travis/build/pgjdbc/pgjdbc/pgjdbc/target/apidocs/org/postgresql/jdbc/package-use.html...
Generating /home/travis/build/pgjdbc/pgjdbc/pgjdbc/target/apidocs/org/postgresql/jdbc2/package-use.html...
Generating /home/travis/build/pgjdbc/pgjdbc/pgjdbc/target/apidocs/org/postgresql/jdbc2/optional/package-use.html...
Generating /home/travis/build/pgjdbc/pgjdbc/pgjdbc/target/apidocs/org/postgresql/jdbc3/package-use.html...
Generating /home/travis/build/pgjdbc/pgjdbc/pgjdbc/target/apidocs/org/postgresql/largeobject/package-use.html...
Generating /home/travis/build/pgjdbc/pgjdbc/pgjdbc/target/apidocs/org/postgresql/osgi/package-use.html...
Generating /home/travis/build/pgjdbc/pgjdbc/pgjdbc/target/apidocs/org/postgresql/ssl/package-use.html...
Generating /home/travis/build/pgjdbc/pgjdbc/pgjdbc/target/apidocs/org/postgresql/ssl/jdbc4/package-use.html...
Generating /home/travis/build/pgjdbc/pgjdbc/pgjdbc/target/apidocs/org/postgresql/sspi/package-use.html...
Generating /home/travis/build/pgjdbc/pgjdbc/pgjdbc/target/apidocs/org/postgresql/util/package-use.html...
Generating /home/travis/build/pgjdbc/pgjdbc/pgjdbc/target/apidocs/org/postgresql/xa/package-use.html...
Building index for all the packages and classes...
Generating /home/travis/build/pgjdbc/pgjdbc/pgjdbc/target/apidocs/overview-tree.html...
Generating /home/travis/build/pgjdbc/pgjdbc/pgjdbc/target/apidocs/index-all.html...
Generating /home/travis/build/pgjdbc/pgjdbc/pgjdbc/target/apidocs/deprecated-list.html...
Building index for all classes...
Generating /home/travis/build/pgjdbc/pgjdbc/pgjdbc/target/apidocs/allclasses-frame.html...
Generating /home/travis/build/pgjdbc/pgjdbc/pgjdbc/target/apidocs/allclasses-noframe.html...
Generating /home/travis/build/pgjdbc/pgjdbc/pgjdbc/target/apidocs/index.html...
Generating /home/travis/build/pgjdbc/pgjdbc/pgjdbc/target/apidocs/overview-summary.html...
Generating /home/travis/build/pgjdbc/pgjdbc/pgjdbc/target/apidocs/help-doc.html...
Note: Custom tags that could override future standard tags:  @jls. To avoid potential overrides, use at least one period character (.) in custom tag names.
Note: Custom tags that were not seen:  @jls
1 warning
[WARNING] Javadoc Warnings
[WARNING] /home/travis/build/pgjdbc/pgjdbc/pgjdbc/target/gen-src/org/postgresql/jdbc/TimestampUtils.java:1216: warning: no @param for timeZone
[WARNING] public static TimeZone parseBackendTimeZone(String timeZone) {
[WARNING] ^
[INFO] Building jar: /home/travis/build/pgjdbc/pgjdbc/pgjdbc/target/postgresql-9.4.1209-SNAPSHOT-javadoc.jar
[INFO] 
[INFO] --- maven-assembly-plugin:2.6:single (make-assembly) @ postgresql ---
[INFO] Downloading: https://repo.maven.apache.org/maven2/org/codehaus/plexus/plexus-utils/2.1/plexus-utils-2.1.pom
[INFO] Downloaded: https://repo.maven.apache.org/maven2/org/codehaus/plexus/plexus-utils/2.1/plexus-utils-2.1.pom (4 KB at 36.1 KB/sec)
[INFO] Downloading: https://repo.maven.apache.org/maven2/org/codehaus/plexus/plexus-interpolation/1.22/plexus-interpolation-1.22.pom
[INFO] Downloaded: https://repo.maven.apache.org/maven2/org/codehaus/plexus/plexus-interpolation/1.22/plexus-interpolation-1.22.pom (2 KB at 25.5 KB/sec)
[INFO] Downloading: https://repo.maven.apache.org/maven2/org/codehaus/plexus/plexus-archiver/3.0.1/plexus-archiver-3.0.1.pom
[INFO] Downloaded: https://repo.maven.apache.org/maven2/org/codehaus/plexus/plexus-archiver/3.0.1/plexus-archiver-3.0.1.pom (6 KB at 106.6 KB/sec)
[INFO] Downloading: https://repo.maven.apache.org/maven2/org/codehaus/plexus/plexus-io/2.6/plexus-io-2.6.pom
[INFO] Downloaded: https://repo.maven.apache.org/maven2/org/codehaus/plexus/plexus-io/2.6/plexus-io-2.6.pom (4 KB at 74.1 KB/sec)
[INFO] Downloading: https://repo.maven.apache.org/maven2/org/iq80/snappy/snappy/0.3/snappy-0.3.pom
[INFO] Downloaded: https://repo.maven.apache.org/maven2/org/iq80/snappy/snappy/0.3/snappy-0.3.pom (15 KB at 246.7 KB/sec)
[INFO] Downloading: https://repo.maven.apache.org/maven2/org/apache/maven/shared/file-management/1.1/file-management-1.1.pom
[INFO] Downloaded: https://repo.maven.apache.org/maven2/org/apache/maven/shared/file-management/1.1/file-management-1.1.pom (3 KB at 44.8 KB/sec)
[INFO] Downloading: https://repo.maven.apache.org/maven2/org/apache/maven/shared/maven-shared-components/4/maven-shared-components-4.pom
[INFO] Downloaded: https://repo.maven.apache.org/maven2/org/apache/maven/shared/maven-shared-components/4/maven-shared-components-4.pom (3 KB at 20.0 KB/sec)
[INFO] Downloading: https://repo.maven.apache.org/maven2/org/apache/maven/maven-parent/4/maven-parent-4.pom
[INFO] Downloaded: https://repo.maven.apache.org/maven2/org/apache/maven/maven-parent/4/maven-parent-4.pom (10 KB at 180.8 KB/sec)
[INFO] Downloading: https://repo.maven.apache.org/maven2/org/apache/maven/shared/maven-shared-io/1.0/maven-shared-io-1.0.pom
[INFO] Downloaded: https://repo.maven.apache.org/maven2/org/apache/maven/shared/maven-shared-io/1.0/maven-shared-io-1.0.pom (3 KB at 56.9 KB/sec)
[INFO] Downloading: https://repo.maven.apache.org/maven2/org/codehaus/plexus/plexus-utils/1.2/plexus-utils-1.2.pom
[INFO] Downloaded: https://repo.maven.apache.org/maven2/org/codehaus/plexus/plexus-utils/1.2/plexus-utils-1.2.pom (767 B at 14.4 KB/sec)
[INFO] Downloading: https://repo.maven.apache.org/maven2/org/codehaus/plexus/plexus/1.0.5/plexus-1.0.5.pom
[INFO] Downloaded: https://repo.maven.apache.org/maven2/org/codehaus/plexus/plexus/1.0.5/plexus-1.0.5.pom (6 KB at 111.6 KB/sec)
[INFO] Downloading: https://repo.maven.apache.org/maven2/org/apache/maven/shared/maven-filtering/1.3/maven-filtering-1.3.pom
[INFO] Downloaded: https://repo.maven.apache.org/maven2/org/apache/maven/shared/maven-filtering/1.3/maven-filtering-1.3.pom (7 KB at 110.0 KB/sec)
[INFO] Downloading: https://repo.maven.apache.org/maven2/org/codehaus/plexus/plexus-interpolation/1.19/plexus-interpolation-1.19.pom
[INFO] Downloaded: https://repo.maven.apache.org/maven2/org/codehaus/plexus/plexus-interpolation/1.19/plexus-interpolation-1.19.pom (2 KB at 19.7 KB/sec)
[INFO] Downloading: https://repo.maven.apache.org/maven2/org/codehaus/plexus/plexus-utils/3.0.21/plexus-utils-3.0.21.pom
[INFO] Downloaded: https://repo.maven.apache.org/maven2/org/codehaus/plexus/plexus-utils/3.0.21/plexus-utils-3.0.21.pom (4 KB at 70.2 KB/sec)
[INFO] Downloading: https://repo.maven.apache.org/maven2/org/apache/maven/shared/maven-repository-builder/1.0/maven-repository-builder-1.0.pom
[INFO] Downloaded: https://repo.maven.apache.org/maven2/org/apache/maven/shared/maven-repository-builder/1.0/maven-repository-builder-1.0.pom (5 KB at 82.4 KB/sec)
[INFO] Downloading: https://repo.maven.apache.org/maven2/org/apache/maven/shared/maven-shared-components/21/maven-shared-components-21.pom
[INFO] Downloaded: https://repo.maven.apache.org/maven2/org/apache/maven/shared/maven-shared-components/21/maven-shared-components-21.pom (5 KB at 90.7 KB/sec)
[INFO] Downloading: https://repo.maven.apache.org/maven2/org/apache/maven/maven-artifact/2.0.4/maven-artifact-2.0.4.pom
[INFO] Downloaded: https://repo.maven.apache.org/maven2/org/apache/maven/maven-artifact/2.0.4/maven-artifact-2.0.4.pom (765 B at 14.6 KB/sec)
[INFO] Downloading: https://repo.maven.apache.org/maven2/org/apache/maven/maven/2.0.4/maven-2.0.4.pom
[INFO] Downloaded: https://repo.maven.apache.org/maven2/org/apache/maven/maven/2.0.4/maven-2.0.4.pom (12 KB at 209.4 KB/sec)
[INFO] Downloading: https://repo.maven.apache.org/maven2/org/apache/maven/maven-artifact-manager/2.0.4/maven-artifact-manager-2.0.4.pom
[INFO] Downloaded: https://repo.maven.apache.org/maven2/org/apache/maven/maven-artifact-manager/2.0.4/maven-artifact-manager-2.0.4.pom (2 KB at 25.0 KB/sec)
[INFO] Downloading: https://repo.maven.apache.org/maven2/org/apache/maven/maven-repository-metadata/2.0.4/maven-repository-metadata-2.0.4.pom
[INFO] Downloaded: https://repo.maven.apache.org/maven2/org/apache/maven/maven-repository-metadata/2.0.4/maven-repository-metadata-2.0.4.pom (2 KB at 28.5 KB/sec)
[INFO] Downloading: https://repo.maven.apache.org/maven2/org/apache/maven/maven-project/2.0.4/maven-project-2.0.4.pom
[INFO] Downloaded: https://repo.maven.apache.org/maven2/org/apache/maven/maven-project/2.0.4/maven-project-2.0.4.pom (2 KB at 34.6 KB/sec)
[INFO] Downloading: https://repo.maven.apache.org/maven2/org/apache/maven/maven-settings/2.0.4/maven-settings-2.0.4.pom
[INFO] Downloaded: https://repo.maven.apache.org/maven2/org/apache/maven/maven-settings/2.0.4/maven-settings-2.0.4.pom (2 KB at 8.4 KB/sec)
[INFO] Downloading: https://repo.maven.apache.org/maven2/org/apache/maven/maven-model/2.0.4/maven-model-2.0.4.pom
[INFO] Downloaded: https://repo.maven.apache.org/maven2/org/apache/maven/maven-model/2.0.4/maven-model-2.0.4.pom (3 KB at 52.9 KB/sec)
[INFO] Downloading: https://repo.maven.apache.org/maven2/org/apache/maven/maven-profile/2.0.4/maven-profile-2.0.4.pom
[INFO] Downloaded: https://repo.maven.apache.org/maven2/org/apache/maven/maven-profile/2.0.4/maven-profile-2.0.4.pom (2 KB at 31.0 KB/sec)
[INFO] Downloading: https://repo.maven.apache.org/maven2/org/apache/maven/shared/maven-shared-utils/0.3/maven-shared-utils-0.3.pom
[INFO] Downloaded: https://repo.maven.apache.org/maven2/org/apache/maven/shared/maven-shared-utils/0.3/maven-shared-utils-0.3.pom (4 KB at 76.0 KB/sec)
[INFO] Downloading: https://repo.maven.apache.org/maven2/org/codehaus/plexus/plexus-interpolation/1.22/plexus-interpolation-1.22.jar
[INFO] Downloading: https://repo.maven.apache.org/maven2/org/codehaus/plexus/plexus-archiver/3.0.1/plexus-archiver-3.0.1.jar
[INFO] Downloading: https://repo.maven.apache.org/maven2/org/iq80/snappy/snappy/0.3/snappy-0.3.jar
[INFO] Downloading: https://repo.maven.apache.org/maven2/org/apache/maven/shared/file-management/1.1/file-management-1.1.jar
[INFO] Downloading: https://repo.maven.apache.org/maven2/org/apache/maven/shared/maven-filtering/1.3/maven-filtering-1.3.jar
[INFO] Downloaded: https://repo.maven.apache.org/maven2/org/apache/maven/shared/file-management/1.1/file-management-1.1.jar (31 KB at 281.8 KB/sec)
[INFO] Downloading: https://repo.maven.apache.org/maven2/org/codehaus/plexus/plexus-io/2.6/plexus-io-2.6.jar
[INFO] Downloaded: https://repo.maven.apache.org/maven2/org/iq80/snappy/snappy/0.3/snappy-0.3.jar (48 KB at 266.0 KB/sec)
[INFO] Downloading: https://repo.maven.apache.org/maven2/org/codehaus/plexus/plexus-utils/3.0.21/plexus-utils-3.0.21.jar
[INFO] Downloaded: https://repo.maven.apache.org/maven2/org/codehaus/plexus/plexus-interpolation/1.22/plexus-interpolation-1.22.jar (76 KB at 371.6 KB/sec)
[INFO] Downloading: https://repo.maven.apache.org/maven2/org/apache/maven/shared/maven-repository-builder/1.0/maven-repository-builder-1.0.jar
[INFO] Downloaded: https://repo.maven.apache.org/maven2/org/apache/maven/shared/maven-filtering/1.3/maven-filtering-1.3.jar (50 KB at 265.9 KB/sec)
[INFO] Downloaded: https://repo.maven.apache.org/maven2/org/codehaus/plexus/plexus-io/2.6/plexus-io-2.6.jar (83 KB at 348.1 KB/sec)
[INFO] Downloaded: https://repo.maven.apache.org/maven2/org/apache/maven/shared/maven-repository-builder/1.0/maven-repository-builder-1.0.jar (22 KB at 78.2 KB/sec)
[INFO] Downloaded: https://repo.maven.apache.org/maven2/org/codehaus/plexus/plexus-utils/3.0.21/plexus-utils-3.0.21.jar (240 KB at 559.8 KB/sec)
[INFO] Downloaded: https://repo.maven.apache.org/maven2/org/codehaus/plexus/plexus-archiver/3.0.1/plexus-archiver-3.0.1.jar (373 KB at 834.1 KB/sec)
[INFO] Reading assembly descriptor: ../pgjdbc/src/assembly/dist.xml
[INFO] Building tar: /home/travis/build/pgjdbc/pgjdbc/pgjdbc/target/postgresql-9.4.1209-SNAPSHOT-dist.tar.gz
[WARNING] Entry: postgresql-9.4.1209-SNAPSHOT/src/test/java/org/postgresql/test/hostchooser/MultiHostsConnectionTest.java longer than 100 characters.
[WARNING] Resulting tar file can only be processed successfully by GNU compatible tar commands
[WARNING] Entry: postgresql-9.4.1209-SNAPSHOT/src/test/java/org/postgresql/test/jdbc2/ColumnSanitiserDisabledTest.java longer than 100 characters.
[WARNING] Entry: postgresql-9.4.1209-SNAPSHOT/src/test/java/org/postgresql/test/jdbc2/ColumnSanitiserEnabledTest.java longer than 100 characters.
[WARNING] Entry: postgresql-9.4.1209-SNAPSHOT/src/test/java/org/postgresql/test/jdbc2/DatabaseMetaDataPropertiesTest.java longer than 100 characters.
[WARNING] Entry: postgresql-9.4.1209-SNAPSHOT/src/test/java/org/postgresql/test/jdbc2/PreparedStatementBinaryTest.java longer than 100 characters.
[WARNING] Entry: postgresql-9.4.1209-SNAPSHOT/src/test/java/org/postgresql/test/jdbc2/optional/BaseDataSourceTest.java longer than 100 characters.
[WARNING] Entry: postgresql-9.4.1209-SNAPSHOT/src/test/java/org/postgresql/test/jdbc2/optional/CaseOptimiserDataSourceTest.java longer than 100 characters.
[WARNING] Entry: postgresql-9.4.1209-SNAPSHOT/src/test/java/org/postgresql/test/jdbc2/optional/ConnectionPoolTest.java longer than 100 characters.
[WARNING] Entry: postgresql-9.4.1209-SNAPSHOT/src/test/java/org/postgresql/test/jdbc2/optional/OptionalTestSuite.java longer than 100 characters.
[WARNING] Entry: postgresql-9.4.1209-SNAPSHOT/src/test/java/org/postgresql/test/jdbc2/optional/PoolingDataSourceTest.java longer than 100 characters.
[WARNING] Entry: postgresql-9.4.1209-SNAPSHOT/src/test/java/org/postgresql/test/jdbc2/optional/SimpleDataSourceTest.java longer than 100 characters.
[WARNING] Entry: postgresql-9.4.1209-SNAPSHOT/src/test/java/org/postgresql/test/jdbc2/optional/SimpleDataSourceWithUrlTest.java longer than 100 characters.
[WARNING] Entry: postgresql-9.4.1209-SNAPSHOT/src/test/java/org/postgresql/test/jdbc3/Jdbc3CallableStatementTest.java longer than 100 characters.
[WARNING] Entry: postgresql-9.4.1209-SNAPSHOT/src/test/java/org/postgresql/test/jdbc4/jdbc41/CloseOnCompletionTest.java longer than 100 characters.
[WARNING] Entry: postgresql-9.4.1209-SNAPSHOT/src/test/java/org/postgresql/test/jdbc42/CustomizeDefaultFetchSizeTest.java longer than 100 characters.
[WARNING] Entry: postgresql-9.4.1209-SNAPSHOT/src/test/java/org/postgresql/test/socketfactory/CustomSocketFactory.java longer than 100 characters.
[WARNING] Entry: postgresql-9.4.1209-SNAPSHOT/src/test/java/org/postgresql/test/socketfactory/SocketFactoryTestSuite.java longer than 100 characters.
[WARNING] Entry: postgresql-9.4.1209-SNAPSHOT/src/test/java/org/postgresql/test/ssl/SingleCertValidatingFactoryTestSuite.java longer than 100 characters.
[WARNING] Entry: postgresql-9.4.1209-SNAPSHOT/doc/org/postgresql/ssl/DbKeyStoreSocketFactory.DbKeyStoreSocketException.html longer than 100 characters.
[WARNING] Entry: postgresql-9.4.1209-SNAPSHOT/doc/org/postgresql/ssl/SingleCertValidatingFactory.SingleCertTrustManager.html longer than 100 characters.
[WARNING] Entry: postgresql-9.4.1209-SNAPSHOT/doc/org/postgresql/ssl/class-use/DbKeyStoreSocketFactory.DbKeyStoreSocketException.html longer than 100 characters.
[WARNING] Entry: postgresql-9.4.1209-SNAPSHOT/doc/org/postgresql/ssl/class-use/SingleCertValidatingFactory.SingleCertTrustManager.html longer than 100 characters.
[WARNING] Entry: postgresql-9.4.1209-SNAPSHOT/doc/org/postgresql/ssl/class-use/NonValidatingFactory.NonValidatingTM.html longer than 100 characters.
[WARNING] Entry: postgresql-9.4.1209-SNAPSHOT/doc/org/postgresql/jdbc/class-use/PgStatement.StatementResultHandler.html longer than 100 characters.
[INFO]                                                                         
[INFO] ------------------------------------------------------------------------
[INFO] Building PostgreSQL JDBC Driver - benchmarks 9.4.1209-SNAPSHOT
[INFO] ------------------------------------------------------------------------
[INFO] Downloading: http://repo.maven.apache.org/maven2/org/openjdk/jmh/jmh-core/1.11.2/jmh-core-1.11.2.pom
[INFO] Downloaded: http://repo.maven.apache.org/maven2/org/openjdk/jmh/jmh-core/1.11.2/jmh-core-1.11.2.pom (10 KB at 192.9 KB/sec)
[INFO] Downloading: http://repo.maven.apache.org/maven2/org/openjdk/jmh/jmh-parent/1.11.2/jmh-parent-1.11.2.pom
[INFO] Downloaded: http://repo.maven.apache.org/maven2/org/openjdk/jmh/jmh-parent/1.11.2/jmh-parent-1.11.2.pom (6 KB at 113.4 KB/sec)
[INFO] Downloading: http://repo.maven.apache.org/maven2/net/sf/jopt-simple/jopt-simple/4.6/jopt-simple-4.6.pom
[INFO] Downloaded: http://repo.maven.apache.org/maven2/net/sf/jopt-simple/jopt-simple/4.6/jopt-simple-4.6.pom (12 KB at 212.1 KB/sec)
[INFO] Downloading: http://repo.maven.apache.org/maven2/org/apache/commons/commons-math3/3.2/commons-math3-3.2.pom
[INFO] Downloaded: http://repo.maven.apache.org/maven2/org/apache/commons/commons-math3/3.2/commons-math3-3.2.pom (18 KB at 288.5 KB/sec)
[INFO] Downloading: http://repo.maven.apache.org/maven2/org/apache/commons/commons-parent/28/commons-parent-28.pom
[INFO] Downloaded: http://repo.maven.apache.org/maven2/org/apache/commons/commons-parent/28/commons-parent-28.pom (49 KB at 385.6 KB/sec)
[INFO] Downloading: http://repo.maven.apache.org/maven2/org/openjdk/jmh/jmh-generator-annprocess/1.11.2/jmh-generator-annprocess-1.11.2.pom
[INFO] Downloaded: http://repo.maven.apache.org/maven2/org/openjdk/jmh/jmh-generator-annprocess/1.11.2/jmh-generator-annprocess-1.11.2.pom (4 KB at 69.1 KB/sec)
[INFO] Downloading: http://repo.maven.apache.org/maven2/org/openjdk/jmh/jmh-core/1.11.2/jmh-core-1.11.2.jar
[INFO] Downloading: http://repo.maven.apache.org/maven2/org/apache/commons/commons-math3/3.2/commons-math3-3.2.jar
[INFO] Downloading: http://repo.maven.apache.org/maven2/net/sf/jopt-simple/jopt-simple/4.6/jopt-simple-4.6.jar
[INFO] Downloading: http://repo.maven.apache.org/maven2/org/openjdk/jmh/jmh-generator-annprocess/1.11.2/jmh-generator-annprocess-1.11.2.jar
[INFO] Downloaded: http://repo.maven.apache.org/maven2/net/sf/jopt-simple/jopt-simple/4.6/jopt-simple-4.6.jar (62 KB at 735.1 KB/sec)
[INFO] Downloaded: http://repo.maven.apache.org/maven2/org/openjdk/jmh/jmh-generator-annprocess/1.11.2/jmh-generator-annprocess-1.11.2.jar (31 KB at 372.1 KB/sec)
[INFO] Downloaded: http://repo.maven.apache.org/maven2/org/apache/commons/commons-math3/3.2/commons-math3-3.2.jar (1654 KB at 12336.6 KB/sec)
[INFO] Downloaded: http://repo.maven.apache.org/maven2/org/openjdk/jmh/jmh-core/1.11.2/jmh-core-1.11.2.jar (450 KB at 2675.3 KB/sec)
[INFO] 
[INFO] --- maven-clean-plugin:2.5:clean (default-clean) @ pgjdbc-benchmark ---
[INFO] 
[INFO] --- jacoco-maven-plugin:0.7.5.201505241946:prepare-agent (default) @ pgjdbc-benchmark ---
[INFO] argLine set to -javaagent:/home/travis/.m2/repository/org/jacoco/org.jacoco.agent/0.7.5.201505241946/org.jacoco.agent-0.7.5.201505241946-runtime.jar=destfile=/home/travis/build/pgjdbc/pgjdbc/ubenchmark/target/jacoco.exec -Xmx512m
[INFO] 
[INFO] --- maven-antrun-plugin:1.7:run (create-unzipjdkant.xml) @ pgjdbc-benchmark ---
[INFO] Executing tasks

main:
     [echo] Generating /home/travis/build/pgjdbc/pgjdbc/ubenchmark/target/unzip-jdk-ant.xml
[INFO] Executed tasks
[INFO] 
[INFO] --- jcp:6.0.1:preprocess (preprocessSources) @ pgjdbc-benchmark ---
[INFO] Added MAVEN property mvn.project.name=PostgreSQL JDBC Driver - benchmarks
[INFO] Added MAVEN property mvn.project.version=9.4.1209-SNAPSHOT
[INFO] Added MAVEN property mvn.project.url=https://github.com/pgjdbc/pgjdbc
[INFO] Added MAVEN property mvn.project.packaging=jar
[INFO] Added MAVEN property mvn.project.modelversion=4.0.0
[INFO] Added MAVEN property mvn.project.inceptionyear=
[INFO] Added MAVEN property mvn.project.id=org.postgresql:pgjdbc-benchmark:jar:9.4.1209-SNAPSHOT
[INFO] Added MAVEN property mvn.project.groupid=org.postgresql
[INFO] Added MAVEN property mvn.project.description=PostgreSQL JDBC Driver - benchmarks
[INFO] Added MAVEN property mvn.project.artifact.id=org.postgresql:pgjdbc-benchmark:jar:9.4.1209-SNAPSHOT
[INFO] Added MAVEN property mvn.project.artifact.artifactid=pgjdbc-benchmark
[INFO] Added MAVEN property mvn.project.artifact.baseversion=9.4.1209-SNAPSHOT
[INFO] Added MAVEN property mvn.project.artifact.dependencyconflictid=org.postgresql:pgjdbc-benchmark:jar
[INFO] Added MAVEN property mvn.project.artifact.downloadurl=
[INFO] Added MAVEN property mvn.project.artifact.groupid=org.postgresql
[INFO] Added MAVEN property mvn.project.artifact.scope=
[INFO] Added MAVEN property mvn.project.artifact.type=jar
[INFO] Added MAVEN property mvn.project.artifact.version=9.4.1209-SNAPSHOT
[INFO] Added MAVEN property mvn.project.build.directory=/home/travis/build/pgjdbc/pgjdbc/ubenchmark/target
[INFO] Added MAVEN property mvn.project.build.defaultgoal=
[INFO] Added MAVEN property mvn.project.build.outputdirectory=/home/travis/build/pgjdbc/pgjdbc/ubenchmark/target/classes
[INFO] Added MAVEN property mvn.project.build.scriptsourcedirectory=/home/travis/build/pgjdbc/pgjdbc/ubenchmark/src/main/scripts
[INFO] Added MAVEN property mvn.project.build.sourcedirectory=/home/travis/build/pgjdbc/pgjdbc/ubenchmark/src/main/java
[INFO] Added MAVEN property mvn.project.build.testoutputdirectory=/home/travis/build/pgjdbc/pgjdbc/ubenchmark/target/test-classes
[INFO] Added MAVEN property mvn.project.build.testsourcedirectory=/home/travis/build/pgjdbc/pgjdbc/ubenchmark/src/test/java
[INFO] Added MAVEN property mvn.project.organization.name=PostgreSQL Global Development Group
[INFO] Added MAVEN property mvn.project.organization.url=http://jdbc.postgresql.org/
[INFO] Added MAVEN property mvn.project.activeprofiles=release-artifacts;standard-with-extra-repos
[INFO] Added MAVEN property mvn.project.property.current.jdk=1.8
[INFO] Added MAVEN property mvn.project.property.postgresql.driver.fullversion=PostgreSQL JDBC${jdbc.specification.version}
[INFO] Added MAVEN property mvn.project.property.waffle-jna.version=1.7
[INFO] Added MAVEN property mvn.project.property.template.default.pg.port=5432
[INFO] Added MAVEN property mvn.project.property.skip.unzip-jdk-src=true
[INFO] Added MAVEN property mvn.project.property.jmh.version=1.11.2
[INFO] Added MAVEN property mvn.project.property.uberjar.name=benchmarks
[INFO] Added MAVEN property mvn.project.property.postgresql.jdbc.spec=JDBC${jdbc.specification.version}
[INFO] Added MAVEN property mvn.project.property.project.build.sourceencoding=UTF-8
[INFO] Added MAVEN property mvn.project.property.postgresql.preprocessed.sources.directory=/home/travis/build/pgjdbc/pgjdbc/ubenchmark/target/gen-src
[INFO] Added MAVEN property mvn.project.property.unzip.jdk.ant.build.xml=/home/travis/build/pgjdbc/pgjdbc/ubenchmark/target/unzip-jdk-ant.xml
[INFO] Added MAVEN property mvn.project.property.argline=-javaagent:/home/travis/.m2/repository/org/jacoco/org.jacoco.agent/0.7.5.201505241946/org.jacoco.agent-0.7.5.201505241946-runtime.jar=destfile=/home/travis/build/pgjdbc/pgjdbc/ubenchmark/target/jacoco.exec -Xmx512m
[INFO] Preprocess sources : /home/travis/build/pgjdbc/pgjdbc/ubenchmark/src/main/java
[INFO] Preprocess destination : /home/travis/build/pgjdbc/pgjdbc/ubenchmark/target/gen-src
[INFO] -----------------------------------------------------------------
[INFO] Completed, preprocessed 13 files, copied 0 files, elapsed time 168ms
[INFO] A Compile source root has been removed from the root list [/home/travis/build/pgjdbc/pgjdbc/ubenchmark/src/main/java]
[INFO] The New compile source root has been added into the list [/home/travis/build/pgjdbc/pgjdbc/ubenchmark/target/gen-src]
[INFO] 
[INFO] --- maven-resources-plugin:2.6:resources (default-resources) @ pgjdbc-benchmark ---
[INFO] Using 'UTF-8' encoding to copy filtered resources.
[INFO] skip non existing resourceDirectory /home/travis/build/pgjdbc/pgjdbc/ubenchmark/src/main/resources
[INFO] 
[INFO] --- maven-compiler-plugin:3.3:compile (default-compile) @ pgjdbc-benchmark ---
[INFO] Compiling 13 source files to /home/travis/build/pgjdbc/pgjdbc/ubenchmark/target/classes
[INFO] 
[INFO] --- maven-resources-plugin:2.6:testResources (default-testResources) @ pgjdbc-benchmark ---
[INFO] Using 'UTF-8' encoding to copy filtered resources.
[INFO] skip non existing resourceDirectory /home/travis/build/pgjdbc/pgjdbc/ubenchmark/src/test/resources
[INFO] 
[INFO] --- maven-compiler-plugin:3.3:testCompile (default-testCompile) @ pgjdbc-benchmark ---
[INFO] No sources to compile
[INFO] 
[INFO] --- maven-surefire-plugin:2.18.1:test (default-test) @ pgjdbc-benchmark ---
[INFO] No tests to run.
[INFO] 
[INFO] --- jacoco-maven-plugin:0.7.5.201505241946:report (report) @ pgjdbc-benchmark ---
[INFO] Skipping JaCoCo execution due to missing execution data file:/home/travis/build/pgjdbc/pgjdbc/ubenchmark/target/jacoco.exec
[INFO] 
[INFO] --- maven-jar-plugin:2.6:jar (default-jar) @ pgjdbc-benchmark ---
[INFO] Downloading: https://repo.maven.apache.org/maven2/org/apache/maven/maven-archiver/2.6/maven-archiver-2.6.pom
[INFO] Downloaded: https://repo.maven.apache.org/maven2/org/apache/maven/maven-archiver/2.6/maven-archiver-2.6.pom (5 KB at 79.6 KB/sec)
[INFO] Downloading: https://repo.maven.apache.org/maven2/org/codehaus/plexus/plexus-archiver/2.8.1/plexus-archiver-2.8.1.pom
[INFO] Downloaded: https://repo.maven.apache.org/maven2/org/codehaus/plexus/plexus-archiver/2.8.1/plexus-archiver-2.8.1.pom (5 KB at 80.4 KB/sec)
[INFO] Downloading: https://repo.maven.apache.org/maven2/org/codehaus/plexus/plexus-io/2.3.2/plexus-io-2.3.2.pom
[INFO] Downloaded: https://repo.maven.apache.org/maven2/org/codehaus/plexus/plexus-io/2.3.2/plexus-io-2.3.2.pom (3 KB at 52.8 KB/sec)
[INFO] Downloading: https://repo.maven.apache.org/maven2/org/apache/maven/maven-archiver/2.6/maven-archiver-2.6.jar
[INFO] Downloaded: https://repo.maven.apache.org/maven2/org/apache/maven/maven-archiver/2.6/maven-archiver-2.6.jar (23 KB at 244.8 KB/sec)
[INFO] Building jar: /home/travis/build/pgjdbc/pgjdbc/ubenchmark/target/pgjdbc-benchmark-9.4.1209-SNAPSHOT.jar
[INFO] 
[INFO] --- maven-shade-plugin:2.2:shade (default) @ pgjdbc-benchmark ---
[INFO] Downloading: https://repo.maven.apache.org/maven2/org/apache/maven/maven-plugin-api/3.0/maven-plugin-api-3.0.pom
[INFO] Downloaded: https://repo.maven.apache.org/maven2/org/apache/maven/maven-plugin-api/3.0/maven-plugin-api-3.0.pom (3 KB at 26.6 KB/sec)
[INFO] Downloading: https://repo.maven.apache.org/maven2/org/apache/maven/maven/3.0/maven-3.0.pom
[INFO] Downloaded: https://repo.maven.apache.org/maven2/org/apache/maven/maven/3.0/maven-3.0.pom (22 KB at 356.2 KB/sec)
[INFO] Downloading: https://repo.maven.apache.org/maven2/org/apache/maven/maven-model/3.0/maven-model-3.0.pom
[INFO] Downloaded: https://repo.maven.apache.org/maven2/org/apache/maven/maven-model/3.0/maven-model-3.0.pom (4 KB at 76.0 KB/sec)
[INFO] Downloading: https://repo.maven.apache.org/maven2/org/codehaus/plexus/plexus-utils/2.0.4/plexus-utils-2.0.4.pom
[INFO] Downloaded: https://repo.maven.apache.org/maven2/org/codehaus/plexus/plexus-utils/2.0.4/plexus-utils-2.0.4.pom (4 KB at 66.4 KB/sec)
[INFO] Downloading: https://repo.maven.apache.org/maven2/org/apache/maven/maven-artifact/3.0/maven-artifact-3.0.pom
[INFO] Downloaded: https://repo.maven.apache.org/maven2/org/apache/maven/maven-artifact/3.0/maven-artifact-3.0.pom (2 KB at 38.4 KB/sec)
[INFO] Downloading: https://repo.maven.apache.org/maven2/org/sonatype/sisu/sisu-inject-plexus/1.4.2/sisu-inject-plexus-1.4.2.pom
[INFO] Downloaded: https://repo.maven.apache.org/maven2/org/sonatype/sisu/sisu-inject-plexus/1.4.2/sisu-inject-plexus-1.4.2.pom (6 KB at 107.0 KB/sec)
[INFO] Downloading: https://repo.maven.apache.org/maven2/org/sonatype/sisu/inject/guice-plexus/1.4.2/guice-plexus-1.4.2.pom
[INFO] Downloaded: https://repo.maven.apache.org/maven2/org/sonatype/sisu/inject/guice-plexus/1.4.2/guice-plexus-1.4.2.pom (4 KB at 61.1 KB/sec)
[INFO] Downloading: https://repo.maven.apache.org/maven2/org/sonatype/sisu/inject/guice-bean/1.4.2/guice-bean-1.4.2.pom
[INFO] Downloaded: https://repo.maven.apache.org/maven2/org/sonatype/sisu/inject/guice-bean/1.4.2/guice-bean-1.4.2.pom (3 KB at 51.9 KB/sec)
[INFO] Downloading: https://repo.maven.apache.org/maven2/org/sonatype/sisu/sisu-inject/1.4.2/sisu-inject-1.4.2.pom
[INFO] Downloaded: https://repo.maven.apache.org/maven2/org/sonatype/sisu/sisu-inject/1.4.2/sisu-inject-1.4.2.pom (2 KB at 23.9 KB/sec)
[INFO] Downloading: https://repo.maven.apache.org/maven2/org/sonatype/sisu/sisu-parent/1.4.2/sisu-parent-1.4.2.pom
[INFO] Downloaded: https://repo.maven.apache.org/maven2/org/sonatype/sisu/sisu-parent/1.4.2/sisu-parent-1.4.2.pom (8 KB at 143.3 KB/sec)
[INFO] Downloading: https://repo.maven.apache.org/maven2/org/codehaus/plexus/plexus-classworlds/2.2.3/plexus-classworlds-2.2.3.pom
[INFO] Downloaded: https://repo.maven.apache.org/maven2/org/codehaus/plexus/plexus-classworlds/2.2.3/plexus-classworlds-2.2.3.pom (4 KB at 79.7 KB/sec)
[INFO] Downloading: https://repo.maven.apache.org/maven2/org/sonatype/sisu/sisu-inject-bean/1.4.2/sisu-inject-bean-1.4.2.pom
[INFO] Downloaded: https://repo.maven.apache.org/maven2/org/sonatype/sisu/sisu-inject-bean/1.4.2/sisu-inject-bean-1.4.2.pom (6 KB at 104.5 KB/sec)
[INFO] Downloading: https://repo.maven.apache.org/maven2/org/sonatype/sisu/sisu-guice/2.1.7/sisu-guice-2.1.7.pom
[INFO] Downloaded: https://repo.maven.apache.org/maven2/org/sonatype/sisu/sisu-guice/2.1.7/sisu-guice-2.1.7.pom (11 KB at 203.8 KB/sec)
[INFO] Downloading: https://repo.maven.apache.org/maven2/org/apache/maven/maven-core/3.0/maven-core-3.0.pom
[INFO] Downloaded: https://repo.maven.apache.org/maven2/org/apache/maven/maven-core/3.0/maven-core-3.0.pom (7 KB at 85.2 KB/sec)
[INFO] Downloading: https://repo.maven.apache.org/maven2/org/apache/maven/maven-settings/3.0/maven-settings-3.0.pom
[INFO] Downloaded: https://repo.maven.apache.org/maven2/org/apache/maven/maven-settings/3.0/maven-settings-3.0.pom (2 KB at 36.7 KB/sec)
[INFO] Downloading: https://repo.maven.apache.org/maven2/org/apache/maven/maven-settings-builder/3.0/maven-settings-builder-3.0.pom
[INFO] Downloaded: https://repo.maven.apache.org/maven2/org/apache/maven/maven-settings-builder/3.0/maven-settings-builder-3.0.pom (3 KB at 44.2 KB/sec)
[INFO] Downloading: https://repo.maven.apache.org/maven2/org/apache/maven/maven-repository-metadata/3.0/maven-repository-metadata-3.0.pom
[INFO] Downloaded: https://repo.maven.apache.org/maven2/org/apache/maven/maven-repository-metadata/3.0/maven-repository-metadata-3.0.pom (2 KB at 38.4 KB/sec)
[INFO] Downloading: https://repo.maven.apache.org/maven2/org/apache/maven/maven-model-builder/3.0/maven-model-builder-3.0.pom
[INFO] Downloaded: https://repo.maven.apache.org/maven2/org/apache/maven/maven-model-builder/3.0/maven-model-builder-3.0.pom (3 KB at 23.3 KB/sec)
[INFO] Downloading: https://repo.maven.apache.org/maven2/org/apache/maven/maven-aether-provider/3.0/maven-aether-provider-3.0.pom
[INFO] Downloaded: https://repo.maven.apache.org/maven2/org/apache/maven/maven-aether-provider/3.0/maven-aether-provider-3.0.pom (3 KB at 49.2 KB/sec)
[INFO] Downloading: https://repo.maven.apache.org/maven2/org/sonatype/aether/aether-api/1.7/aether-api-1.7.pom
[INFO] Downloaded: https://repo.maven.apache.org/maven2/org/sonatype/aether/aether-api/1.7/aether-api-1.7.pom (2 KB at 33.3 KB/sec)
[INFO] Downloading: https://repo.maven.apache.org/maven2/org/sonatype/aether/aether-parent/1.7/aether-parent-1.7.pom
[INFO] Downloaded: https://repo.maven.apache.org/maven2/org/sonatype/aether/aether-parent/1.7/aether-parent-1.7.pom (8 KB at 145.1 KB/sec)
[INFO] Downloading: https://repo.maven.apache.org/maven2/org/sonatype/aether/aether-util/1.7/aether-util-1.7.pom
[INFO] Downloaded: https://repo.maven.apache.org/maven2/org/sonatype/aether/aether-util/1.7/aether-util-1.7.pom (3 KB at 37.3 KB/sec)
[INFO] Downloading: https://repo.maven.apache.org/maven2/org/sonatype/aether/aether-impl/1.7/aether-impl-1.7.pom
[INFO] Downloaded: https://repo.maven.apache.org/maven2/org/sonatype/aether/aether-impl/1.7/aether-impl-1.7.pom (4 KB at 40.1 KB/sec)
[INFO] Downloading: https://repo.maven.apache.org/maven2/org/sonatype/aether/aether-spi/1.7/aether-spi-1.7.pom
[INFO] Downloaded: https://repo.maven.apache.org/maven2/org/sonatype/aether/aether-spi/1.7/aether-spi-1.7.pom (2 KB at 31.5 KB/sec)
[INFO] Downloading: https://repo.maven.apache.org/maven2/org/apache/maven/maven-compat/3.0/maven-compat-3.0.pom
[INFO] Downloaded: https://repo.maven.apache.org/maven2/org/apache/maven/maven-compat/3.0/maven-compat-3.0.pom (4 KB at 78.5 KB/sec)
[INFO] Downloading: https://repo.maven.apache.org/maven2/asm/asm/3.3.1/asm-3.3.1.pom
[INFO] Downloaded: https://repo.maven.apache.org/maven2/asm/asm/3.3.1/asm-3.3.1.pom (266 B at 5.5 KB/sec)
[INFO] Downloading: https://repo.maven.apache.org/maven2/asm/asm-parent/3.3.1/asm-parent-3.3.1.pom
[INFO] Downloaded: https://repo.maven.apache.org/maven2/asm/asm-parent/3.3.1/asm-parent-3.3.1.pom (5 KB at 81.4 KB/sec)
[INFO] Downloading: https://repo.maven.apache.org/maven2/asm/asm-commons/3.3.1/asm-commons-3.3.1.pom
[INFO] Downloaded: https://repo.maven.apache.org/maven2/asm/asm-commons/3.3.1/asm-commons-3.3.1.pom (417 B at 8.5 KB/sec)
[INFO] Downloading: https://repo.maven.apache.org/maven2/asm/asm-tree/3.3.1/asm-tree-3.3.1.pom
[INFO] Downloaded: https://repo.maven.apache.org/maven2/asm/asm-tree/3.3.1/asm-tree-3.3.1.pom (406 B at 8.1 KB/sec)
[INFO] Downloading: https://repo.maven.apache.org/maven2/org/jdom/jdom/1.1/jdom-1.1.pom
[INFO] Downloaded: https://repo.maven.apache.org/maven2/org/jdom/jdom/1.1/jdom-1.1.pom (3 KB at 46.5 KB/sec)
[INFO] Downloading: https://repo.maven.apache.org/maven2/org/vafer/jdependency/0.7/jdependency-0.7.pom
[INFO] Downloaded: https://repo.maven.apache.org/maven2/org/vafer/jdependency/0.7/jdependency-0.7.pom (8 KB at 147.1 KB/sec)
[INFO] Downloading: https://repo.maven.apache.org/maven2/commons-io/commons-io/1.3.2/commons-io-1.3.2.pom
[INFO] Downloaded: https://repo.maven.apache.org/maven2/commons-io/commons-io/1.3.2/commons-io-1.3.2.pom (10 KB at 179.2 KB/sec)
[INFO] Downloading: https://repo.maven.apache.org/maven2/org/apache/commons/commons-parent/3/commons-parent-3.pom
[INFO] Downloaded: https://repo.maven.apache.org/maven2/org/apache/commons/commons-parent/3/commons-parent-3.pom (12 KB at 186.0 KB/sec)
[INFO] Downloading: https://repo.maven.apache.org/maven2/asm/asm/3.2/asm-3.2.pom
[INFO] Downloaded: https://repo.maven.apache.org/maven2/asm/asm/3.2/asm-3.2.pom (264 B at 5.5 KB/sec)
[INFO] Downloading: https://repo.maven.apache.org/maven2/asm/asm-parent/3.2/asm-parent-3.2.pom
[INFO] Downloaded: https://repo.maven.apache.org/maven2/asm/asm-parent/3.2/asm-parent-3.2.pom (5 KB at 83.3 KB/sec)
[INFO] Downloading: https://repo.maven.apache.org/maven2/asm/asm-analysis/3.2/asm-analysis-3.2.pom
[INFO] Downloaded: https://repo.maven.apache.org/maven2/asm/asm-analysis/3.2/asm-analysis-3.2.pom (417 B at 8.7 KB/sec)
[INFO] Downloading: https://repo.maven.apache.org/maven2/asm/asm-tree/3.2/asm-tree-3.2.pom
[INFO] Downloaded: https://repo.maven.apache.org/maven2/asm/asm-tree/3.2/asm-tree-3.2.pom (404 B at 8.4 KB/sec)
[INFO] Downloading: https://repo.maven.apache.org/maven2/asm/asm-commons/3.2/asm-commons-3.2.pom
[INFO] Downloaded: https://repo.maven.apache.org/maven2/asm/asm-commons/3.2/asm-commons-3.2.pom (415 B at 8.6 KB/sec)
[INFO] Downloading: https://repo.maven.apache.org/maven2/asm/asm-util/3.2/asm-util-3.2.pom
[INFO] Downloaded: https://repo.maven.apache.org/maven2/asm/asm-util/3.2/asm-util-3.2.pom (409 B at 8.2 KB/sec)
[INFO] Downloading: https://repo.maven.apache.org/maven2/com/google/guava/guava/11.0.2/guava-11.0.2.pom
[INFO] Downloaded: https://repo.maven.apache.org/maven2/com/google/guava/guava/11.0.2/guava-11.0.2.pom (6 KB at 106.8 KB/sec)
[INFO] Downloading: https://repo.maven.apache.org/maven2/com/google/guava/guava-parent/11.0.2/guava-parent-11.0.2.pom
[INFO] Downloaded: https://repo.maven.apache.org/maven2/com/google/guava/guava-parent/11.0.2/guava-parent-11.0.2.pom (2 KB at 38.3 KB/sec)
[INFO] Downloading: https://repo.maven.apache.org/maven2/com/google/code/findbugs/jsr305/1.3.9/jsr305-1.3.9.pom
[INFO] Downloaded: https://repo.maven.apache.org/maven2/com/google/code/findbugs/jsr305/1.3.9/jsr305-1.3.9.pom (965 B at 18.5 KB/sec)
[INFO] Downloading: https://repo.maven.apache.org/maven2/org/sonatype/sisu/sisu-inject-bean/1.4.2/sisu-inject-bean-1.4.2.jar
[INFO] Downloading: https://repo.maven.apache.org/maven2/org/sonatype/sisu/sisu-guice/2.1.7/sisu-guice-2.1.7-noaop.jar
[INFO] Downloading: https://repo.maven.apache.org/maven2/org/codehaus/plexus/plexus-utils/3.0.15/plexus-utils-3.0.15.jar
[INFO] Downloading: https://repo.maven.apache.org/maven2/asm/asm/3.3.1/asm-3.3.1.jar
[INFO] Downloading: https://repo.maven.apache.org/maven2/org/sonatype/aether/aether-util/1.7/aether-util-1.7.jar
[INFO] Downloaded: https://repo.maven.apache.org/maven2/asm/asm/3.3.1/asm-3.3.1.jar (43 KB at 560.0 KB/sec)
[INFO] Downloading: https://repo.maven.apache.org/maven2/asm/asm-commons/3.3.1/asm-commons-3.3.1.jar
[INFO] Downloaded: https://repo.maven.apache.org/maven2/org/sonatype/aether/aether-util/1.7/aether-util-1.7.jar (106 KB at 684.5 KB/sec)
[INFO] Downloading: https://repo.maven.apache.org/maven2/asm/asm-tree/3.3.1/asm-tree-3.3.1.jar
[INFO] Downloaded: https://repo.maven.apache.org/maven2/org/sonatype/sisu/sisu-inject-bean/1.4.2/sisu-inject-bean-1.4.2.jar (150 KB at 803.2 KB/sec)
[INFO] Downloading: https://repo.maven.apache.org/maven2/org/jdom/jdom/1.1/jdom-1.1.jar
[INFO] Downloaded: https://repo.maven.apache.org/maven2/asm/asm-commons/3.3.1/asm-commons-3.3.1.jar (38 KB at 202.3 KB/sec)
[INFO] Downloading: https://repo.maven.apache.org/maven2/org/vafer/jdependency/0.7/jdependency-0.7.jar
[INFO] Downloaded: https://repo.maven.apache.org/maven2/asm/asm-tree/3.3.1/asm-tree-3.3.1.jar (22 KB at 101.0 KB/sec)
[INFO] Downloading: https://repo.maven.apache.org/maven2/commons-io/commons-io/1.3.2/commons-io-1.3.2.jar
[INFO] Downloaded: https://repo.maven.apache.org/maven2/org/vafer/jdependency/0.7/jdependency-0.7.jar (12 KB at 47.2 KB/sec)
[INFO] Downloading: https://repo.maven.apache.org/maven2/asm/asm-analysis/3.2/asm-analysis-3.2.jar
[INFO] Downloaded: https://repo.maven.apache.org/maven2/asm/asm-analysis/3.2/asm-analysis-3.2.jar (18 KB at 59.5 KB/sec)
[INFO] Downloading: https://repo.maven.apache.org/maven2/asm/asm-util/3.2/asm-util-3.2.jar
[INFO] Downloaded: https://repo.maven.apache.org/maven2/commons-io/commons-io/1.3.2/commons-io-1.3.2.jar (86 KB at 254.4 KB/sec)
[INFO] Downloading: https://repo.maven.apache.org/maven2/com/google/guava/guava/11.0.2/guava-11.0.2.jar
[INFO] Downloaded: https://repo.maven.apache.org/maven2/asm/asm-util/3.2/asm-util-3.2.jar (36 KB at 100.3 KB/sec)
[INFO] Downloading: https://repo.maven.apache.org/maven2/com/google/code/findbugs/jsr305/1.3.9/jsr305-1.3.9.jar
[INFO] Downloaded: https://repo.maven.apache.org/maven2/org/jdom/jdom/1.1/jdom-1.1.jar (150 KB at 418.8 KB/sec)
[INFO] Downloaded: https://repo.maven.apache.org/maven2/org/codehaus/plexus/plexus-utils/3.0.15/plexus-utils-3.0.15.jar (234 KB at 577.6 KB/sec)
[INFO] Downloaded: https://repo.maven.apache.org/maven2/com/google/code/findbugs/jsr305/1.3.9/jsr305-1.3.9.jar (33 KB at 76.0 KB/sec)
[INFO] Downloaded: https://repo.maven.apache.org/maven2/org/sonatype/sisu/sisu-guice/2.1.7/sisu-guice-2.1.7-noaop.jar (461 KB at 955.8 KB/sec)
[INFO] Downloaded: https://repo.maven.apache.org/maven2/com/google/guava/guava/11.0.2/guava-11.0.2.jar (1610 KB at 1414.4 KB/sec)
[INFO] Including org.openjdk.jmh:jmh-core:jar:1.11.2 in the shaded jar.
[INFO] Including net.sf.jopt-simple:jopt-simple:jar:4.6 in the shaded jar.
[INFO] Including org.apache.commons:commons-math3:jar:3.2 in the shaded jar.
[INFO] Including org.postgresql:postgresql:jar:9.4.1209-SNAPSHOT in the shaded jar.
[INFO] Replacing /home/travis/build/pgjdbc/pgjdbc/ubenchmark/target/benchmarks.jar with /home/travis/build/pgjdbc/pgjdbc/ubenchmark/target/pgjdbc-benchmark-9.4.1209-SNAPSHOT-shaded.jar
[INFO] 
[INFO] --- maven-source-plugin:2.4:jar-no-fork (attach-sources-no-fork) @ pgjdbc-benchmark ---
[INFO] Building jar: /home/travis/build/pgjdbc/pgjdbc/ubenchmark/target/pgjdbc-benchmark-9.4.1209-SNAPSHOT-sources.jar
[INFO] 
[INFO] --- maven-javadoc-plugin:2.10.3:jar (attach-javadocs) @ pgjdbc-benchmark ---
[INFO] 
Loading source files for package org.postgresql.benchmark.statement...
Loading source files for package org.postgresql.benchmark.time...
Loading source files for package org.postgresql.benchmark.connection...
Loading source files for package org.postgresql.benchmark.encoding...
Loading source files for package org.postgresql.benchmark.profilers...
Loading source files for package org.postgresql.util...
Constructing Javadoc information...
Standard Doclet version 1.8.0_31
Building tree for all the packages and classes...
Generating /home/travis/build/pgjdbc/pgjdbc/ubenchmark/target/apidocs/org/postgresql/benchmark/statement/BindBoolean.html...
Generating /home/travis/build/pgjdbc/pgjdbc/ubenchmark/target/apidocs/org/postgresql/benchmark/statement/BindTimestamp.html...
Generating /home/travis/build/pgjdbc/pgjdbc/ubenchmark/target/apidocs/org/postgresql/benchmark/statement/FinalizeStatement.html...
Generating /home/travis/build/pgjdbc/pgjdbc/ubenchmark/target/apidocs/org/postgresql/benchmark/statement/InsertBatch.html...
Generating /home/travis/build/pgjdbc/pgjdbc/ubenchmark/target/apidocs/org/postgresql/benchmark/statement/ParseStatement.html...
Generating /home/travis/build/pgjdbc/pgjdbc/ubenchmark/target/apidocs/org/postgresql/benchmark/statement/ProcessResultSet.html...
Generating /home/travis/build/pgjdbc/pgjdbc/ubenchmark/target/apidocs/org/postgresql/benchmark/statement/ProcessResultSet.FieldType.html...
Generating /home/travis/build/pgjdbc/pgjdbc/ubenchmark/target/apidocs/org/postgresql/benchmark/statement/ProcessResultSet.GetterType.html...
Generating /home/travis/build/pgjdbc/pgjdbc/ubenchmark/target/apidocs/org/postgresql/benchmark/time/AddPaddingZeros.html...
Generating /home/travis/build/pgjdbc/pgjdbc/ubenchmark/target/apidocs/org/postgresql/benchmark/time/TimestampToDate.html...
Generating /home/travis/build/pgjdbc/pgjdbc/ubenchmark/target/apidocs/org/postgresql/benchmark/time/TimestampToTime.html...
Generating /home/travis/build/pgjdbc/pgjdbc/ubenchmark/target/apidocs/org/postgresql/benchmark/connection/FinalizeConnection.html...
Generating /home/travis/build/pgjdbc/pgjdbc/ubenchmark/target/apidocs/org/postgresql/benchmark/encoding/UTF8Encoding.html...
Generating /home/travis/build/pgjdbc/pgjdbc/ubenchmark/target/apidocs/org/postgresql/benchmark/profilers/FlightRecorderProfiler.html...
Generating /home/travis/build/pgjdbc/pgjdbc/ubenchmark/target/apidocs/org/postgresql/util/ConnectionUtil.html...
Generating /home/travis/build/pgjdbc/pgjdbc/ubenchmark/target/apidocs/overview-frame.html...
Generating /home/travis/build/pgjdbc/pgjdbc/ubenchmark/target/apidocs/org/postgresql/benchmark/connection/package-frame.html...
Generating /home/travis/build/pgjdbc/pgjdbc/ubenchmark/target/apidocs/org/postgresql/benchmark/connection/package-summary.html...
Generating /home/travis/build/pgjdbc/pgjdbc/ubenchmark/target/apidocs/org/postgresql/benchmark/connection/package-tree.html...
Generating /home/travis/build/pgjdbc/pgjdbc/ubenchmark/target/apidocs/org/postgresql/benchmark/encoding/package-frame.html...
Generating /home/travis/build/pgjdbc/pgjdbc/ubenchmark/target/apidocs/org/postgresql/benchmark/encoding/package-summary.html...
Generating /home/travis/build/pgjdbc/pgjdbc/ubenchmark/target/apidocs/org/postgresql/benchmark/encoding/package-tree.html...
Generating /home/travis/build/pgjdbc/pgjdbc/ubenchmark/target/apidocs/org/postgresql/benchmark/profilers/package-frame.html...
Generating /home/travis/build/pgjdbc/pgjdbc/ubenchmark/target/apidocs/org/postgresql/benchmark/profilers/package-summary.html...
Generating /home/travis/build/pgjdbc/pgjdbc/ubenchmark/target/apidocs/org/postgresql/benchmark/profilers/package-tree.html...
Generating /home/travis/build/pgjdbc/pgjdbc/ubenchmark/target/apidocs/org/postgresql/benchmark/statement/package-frame.html...
Generating /home/travis/build/pgjdbc/pgjdbc/ubenchmark/target/apidocs/org/postgresql/benchmark/statement/package-summary.html...
Generating /home/travis/build/pgjdbc/pgjdbc/ubenchmark/target/apidocs/org/postgresql/benchmark/statement/package-tree.html...
Generating /home/travis/build/pgjdbc/pgjdbc/ubenchmark/target/apidocs/org/postgresql/benchmark/time/package-frame.html...
Generating /home/travis/build/pgjdbc/pgjdbc/ubenchmark/target/apidocs/org/postgresql/benchmark/time/package-summary.html...
Generating /home/travis/build/pgjdbc/pgjdbc/ubenchmark/target/apidocs/org/postgresql/benchmark/time/package-tree.html...
Generating /home/travis/build/pgjdbc/pgjdbc/ubenchmark/target/apidocs/org/postgresql/util/package-frame.html...
Generating /home/travis/build/pgjdbc/pgjdbc/ubenchmark/target/apidocs/org/postgresql/util/package-summary.html...
Generating /home/travis/build/pgjdbc/pgjdbc/ubenchmark/target/apidocs/org/postgresql/util/package-tree.html...
Generating /home/travis/build/pgjdbc/pgjdbc/ubenchmark/target/apidocs/constant-values.html...
Generating /home/travis/build/pgjdbc/pgjdbc/ubenchmark/target/apidocs/org/postgresql/benchmark/statement/class-use/BindTimestamp.html...
Generating /home/travis/build/pgjdbc/pgjdbc/ubenchmark/target/apidocs/org/postgresql/benchmark/statement/class-use/BindBoolean.html...
Generating /home/travis/build/pgjdbc/pgjdbc/ubenchmark/target/apidocs/org/postgresql/benchmark/statement/class-use/FinalizeStatement.html...
Generating /home/travis/build/pgjdbc/pgjdbc/ubenchmark/target/apidocs/org/postgresql/benchmark/statement/class-use/InsertBatch.html...
Generating /home/travis/build/pgjdbc/pgjdbc/ubenchmark/target/apidocs/org/postgresql/benchmark/statement/class-use/ProcessResultSet.html...
Generating /home/travis/build/pgjdbc/pgjdbc/ubenchmark/target/apidocs/org/postgresql/benchmark/statement/class-use/ProcessResultSet.FieldType.html...
Generating /home/travis/build/pgjdbc/pgjdbc/ubenchmark/target/apidocs/org/postgresql/benchmark/statement/class-use/ProcessResultSet.GetterType.html...
Generating /home/travis/build/pgjdbc/pgjdbc/ubenchmark/target/apidocs/org/postgresql/benchmark/statement/class-use/ParseStatement.html...
Generating /home/travis/build/pgjdbc/pgjdbc/ubenchmark/target/apidocs/org/postgresql/benchmark/time/class-use/TimestampToDate.html...
Generating /home/travis/build/pgjdbc/pgjdbc/ubenchmark/target/apidocs/org/postgresql/benchmark/time/class-use/TimestampToTime.html...
Generating /home/travis/build/pgjdbc/pgjdbc/ubenchmark/target/apidocs/org/postgresql/benchmark/time/class-use/AddPaddingZeros.html...
Generating /home/travis/build/pgjdbc/pgjdbc/ubenchmark/target/apidocs/org/postgresql/benchmark/connection/class-use/FinalizeConnection.html...
Generating /home/travis/build/pgjdbc/pgjdbc/ubenchmark/target/apidocs/org/postgresql/benchmark/encoding/class-use/UTF8Encoding.html...
Generating /home/travis/build/pgjdbc/pgjdbc/ubenchmark/target/apidocs/org/postgresql/benchmark/profilers/class-use/FlightRecorderProfiler.html...
Generating /home/travis/build/pgjdbc/pgjdbc/ubenchmark/target/apidocs/org/postgresql/util/class-use/ConnectionUtil.html...
Generating /home/travis/build/pgjdbc/pgjdbc/ubenchmark/target/apidocs/org/postgresql/benchmark/connection/package-use.html...
Generating /home/travis/build/pgjdbc/pgjdbc/ubenchmark/target/apidocs/org/postgresql/benchmark/encoding/package-use.html...
Generating /home/travis/build/pgjdbc/pgjdbc/ubenchmark/target/apidocs/org/postgresql/benchmark/profilers/package-use.html...
Generating /home/travis/build/pgjdbc/pgjdbc/ubenchmark/target/apidocs/org/postgresql/benchmark/statement/package-use.html...
Generating /home/travis/build/pgjdbc/pgjdbc/ubenchmark/target/apidocs/org/postgresql/benchmark/time/package-use.html...
Generating /home/travis/build/pgjdbc/pgjdbc/ubenchmark/target/apidocs/org/postgresql/util/package-use.html...
Building index for all the packages and classes...
Generating /home/travis/build/pgjdbc/pgjdbc/ubenchmark/target/apidocs/overview-tree.html...
Generating /home/travis/build/pgjdbc/pgjdbc/ubenchmark/target/apidocs/index-all.html...
Generating /home/travis/build/pgjdbc/pgjdbc/ubenchmark/target/apidocs/deprecated-list.html...
Building index for all classes...
Generating /home/travis/build/pgjdbc/pgjdbc/ubenchmark/target/apidocs/allclasses-frame.html...
Generating /home/travis/build/pgjdbc/pgjdbc/ubenchmark/target/apidocs/allclasses-noframe.html...
Generating /home/travis/build/pgjdbc/pgjdbc/ubenchmark/target/apidocs/index.html...
Generating /home/travis/build/pgjdbc/pgjdbc/ubenchmark/target/apidocs/overview-summary.html...
Generating /home/travis/build/pgjdbc/pgjdbc/ubenchmark/target/apidocs/help-doc.html...
[INFO] Building jar: /home/travis/build/pgjdbc/pgjdbc/ubenchmark/target/pgjdbc-benchmark-9.4.1209-SNAPSHOT-javadoc.jar
[INFO]                                                                         
[INFO] ------------------------------------------------------------------------
[INFO] Building PostgreSQL JDBC Driver aggregate 9.4.1209-SNAPSHOT
[INFO] ------------------------------------------------------------------------
[INFO] 
[INFO] --- maven-clean-plugin:2.5:clean (default-clean) @ pgjdbc-aggregate ---
[INFO] 
[INFO] --- jacoco-maven-plugin:0.7.5.201505241946:prepare-agent (default) @ pgjdbc-aggregate ---
[INFO] argLine set to -javaagent:/home/travis/.m2/repository/org/jacoco/org.jacoco.agent/0.7.5.201505241946/org.jacoco.agent-0.7.5.201505241946-runtime.jar=destfile=/home/travis/build/pgjdbc/pgjdbc/target/jacoco.exec -Xmx512m
[INFO] 
[INFO] --- maven-antrun-plugin:1.7:run (create-unzipjdkant.xml) @ pgjdbc-aggregate ---
[INFO] Executing tasks

main:
     [echo] Generating /home/travis/build/pgjdbc/pgjdbc/target/unzip-jdk-ant.xml
[INFO] Executed tasks
[INFO] 
[INFO] --- jacoco-maven-plugin:0.7.5.201505241946:report (report) @ pgjdbc-aggregate ---
[INFO] Skipping JaCoCo execution due to missing execution data file:/home/travis/build/pgjdbc/pgjdbc/target/jacoco.exec
[INFO] ------------------------------------------------------------------------
[INFO] Reactor Summary:
[INFO] 
[INFO] PostgreSQL JDBC Driver - JDBC 4.2 .................. SUCCESS [03:29 min]
[INFO] PostgreSQL JDBC Driver - benchmarks ................ SUCCESS [ 29.769 s]
[INFO] PostgreSQL JDBC Driver aggregate ................... SUCCESS [  0.052 s]
[INFO] ------------------------------------------------------------------------
[INFO] BUILD SUCCESS
[INFO] ------------------------------------------------------------------------
[INFO] Total time: 04:01 min
[INFO] Finished at: 2016-03-22T09:51:18+00:00
[INFO] Final Memory: 45M/987M
[INFO] ------------------------------------------------------------------------
+[[ Y == \Y ]]
+pip install --user codecov
[33mYou are using pip version 6.0.8, however version 8.1.1 is available.
You should consider upgrading via the 'pip install --upgrade pip' command.[0m
Collecting codecov
  Downloading codecov-1.6.3-py2.py3-none-any.whl
Collecting coverage (from codecov)
  Downloading coverage-4.0.3.tar.gz (354kB)
[?25l[K    1% |                                | 4.1kB 28.0MB/s eta 0:00:01[K    2% |                                | 8.2kB 21.2MB/s eta 0:00:01[K    3% |#                               | 12kB 21.3MB/s eta 0:00:01[K    4% |#                               | 16kB 2.2MB/s eta 0:00:01[K    5% |#                               | 20kB 2.7MB/s eta 0:00:01[K    6% |##                              | 24kB 3.1MB/s eta 0:00:01[K    8% |##                              | 28kB 3.6MB/s eta 0:00:01[K    9% |##                              | 32kB 4.0MB/s eta 0:00:01[K    10% |###                             | 36kB 4.4MB/s eta 0:00:01[K    11% |###                             | 40kB 4.8MB/s eta 0:00:01[K    12% |####                            | 45kB 4.7MB/s eta 0:00:01[K    13% |####                            | 49kB 2.6MB/s eta 0:00:01[K    15% |####                            | 53kB 2.6MB/s eta 0:00:01[K    16% |#####                           | 57kB 4.4MB/s eta 0:00:01[K    17% |#####                           | 61kB 4.5MB/s eta 0:00:01[K    18% |#####                           | 65kB 4.4MB/s eta 0:00:01[K    19% |######                          | 69kB 4.4MB/s eta 0:00:01[K    20% |######                          | 73kB 4.5MB/s eta 0:00:01[K    21% |#######                         | 77kB 4.5MB/s eta 0:00:01[K    23% |#######                         | 81kB 4.4MB/s eta 0:00:01[K    24% |#######                         | 86kB 4.4MB/s eta 0:00:01[K    25% |########                        | 90kB 18.7MB/s eta 0:00:01[K    26% |########                        | 94kB 19.8MB/s eta 0:00:01[K    27% |########                        | 98kB 19.0MB/s eta 0:00:01[K    28% |#########                       | 102kB 19.5MB/s eta 0:00:01[K    30% |#########                       | 106kB 20.4MB/s eta 0:00:01[K    31% |#########                       | 110kB 20.5MB/s eta 0:00:01[K    32% |##########                      | 114kB 5.3MB/s eta 0:00:01[K    33% |##########                      | 118kB 5.3MB/s eta 0:00:01[K    34% |###########                     | 122kB 5.4MB/s eta 0:00:01[K    35% |###########                     | 126kB 5.4MB/s eta 0:00:01[K    36% |###########                     | 131kB 5.3MB/s eta 0:00:01[K    38% |############                    | 135kB 5.3MB/s eta 0:00:01[K    39% |############                    | 139kB 5.4MB/s eta 0:00:01[K    40% |############                    | 143kB 5.4MB/s eta 0:00:01[K    41% |#############                   | 147kB 5.3MB/s eta 0:00:01[K    42% |#############                   | 151kB 5.3MB/s eta 0:00:01[K    43% |##############                  | 155kB 20.7MB/s eta 0:00:01[K    45% |##############                  | 159kB 21.3MB/s eta 0:00:01[K    46% |##############                  | 163kB 20.5MB/s eta 0:00:01[K    47% |###############                 | 167kB 20.5MB/s eta 0:00:01[K    48% |###############                 | 172kB 22.2MB/s eta 0:00:01[K    49% |###############                 | 176kB 22.3MB/s eta 0:00:01[K    50% |################                | 180kB 21.4MB/s eta 0:00:01[K    51% |################                | 184kB 21.4MB/s eta 0:00:01[K    53% |#################               | 188kB 22.5MB/s eta 0:00:01[K    54% |#################               | 192kB 21.8MB/s eta 0:00:01[K    55% |#################               | 196kB 20.7MB/s eta 0:00:01[K    56% |##################              | 200kB 20.5MB/s eta 0:00:01[K    57% |##################              | 204kB 21.3MB/s eta 0:00:01[K    58% |##################              | 208kB 21.3MB/s eta 0:00:01[K    60% |###################             | 212kB 20.3MB/s eta 0:00:01[K    61% |###################             | 217kB 20.2MB/s eta 0:00:01[K    62% |###################             | 221kB 21.2MB/s eta 0:00:01[K    63% |####################            | 225kB 21.1MB/s eta 0:00:01[K    64% |####################            | 229kB 20.2MB/s eta 0:00:01[K    65% |#####################           | 233kB 20.7MB/s eta 0:00:01[K    67% |#####################           | 237kB 21.7MB/s eta 0:00:01[K    68% |#####################           | 241kB 21.9MB/s eta 0:00:01[K    69% |######################          | 245kB 8.5MB/s eta 0:00:01[K    70% |######################          | 249kB 8.4MB/s eta 0:00:01[K    71% |######################          | 253kB 8.5MB/s eta 0:00:01[K    72% |#######################         | 258kB 8.5MB/s eta 0:00:01[K    73% |#######################         | 262kB 8.4MB/s eta 0:00:01[K    75% |########################        | 266kB 8.3MB/s eta 0:00:01[K    76% |########################        | 270kB 8.5MB/s eta 0:00:01[K    77% |########################        | 274kB 8.5MB/s eta 0:00:01[K    78% |#########################       | 278kB 8.3MB/s eta 0:00:01[K    79% |#########################       | 282kB 8.3MB/s eta 0:00:01[K    80% |#########################       | 286kB 20.8MB/s eta 0:00:01[K    82% |##########################      | 290kB 21.1MB/s eta 0:00:01[K    83% |##########################      | 294kB 20.0MB/s eta 0:00:01[K    84% |##########################      | 299kB 20.1MB/s eta 0:00:01[K    85% |###########################     | 303kB 20.9MB/s eta 0:00:01[K    86% |###########################     | 307kB 21.0MB/s eta 0:00:01[K    87% |############################    | 311kB 20.2MB/s eta 0:00:01[K    88% |############################    | 315kB 20.3MB/s eta 0:00:01[K    90% |############################    | 319kB 21.4MB/s eta 0:00:01[K    91% |#############################   | 323kB 21.5MB/s eta 0:00:01[K    92% |#############################   | 327kB 20.6MB/s eta 0:00:01[K    93% |#############################   | 331kB 20.7MB/s eta 0:00:01[K    94% |##############################  | 335kB 22.1MB/s eta 0:00:01[K    95% |##############################  | 339kB 22.3MB/s eta 0:00:01[K    97% |############################### | 344kB 21.5MB/s eta 0:00:01[K    98% |############################### | 348kB 21.5MB/s eta 0:00:01[K    99% |############################### | 352kB 22.5MB/s eta 0:00:01[K    100% |################################| 356kB 960kB/s 
[?25hCollecting requests>=2.0.0 (from codecov)
  Downloading requests-2.9.1-py2.py3-none-any.whl (501kB)
[?25l[K    0% |                                | 4.1kB 27.7MB/s eta 0:00:01[K    1% |                                | 8.2kB 22.5MB/s eta 0:00:01[K    2% |                                | 12kB 22.5MB/s eta 0:00:01[K    3% |#                               | 16kB 19.6MB/s eta 0:00:01[K    4% |#                               | 20kB 20.1MB/s eta 0:00:01[K    4% |#                               | 24kB 20.7MB/s eta 0:00:01[K    5% |#                               | 28kB 20.9MB/s eta 0:00:01[K    6% |##                              | 32kB 20.1MB/s eta 0:00:01[K    7% |##                              | 36kB 20.3MB/s eta 0:00:01[K    8% |##                              | 40kB 20.7MB/s eta 0:00:01[K    8% |##                              | 45kB 20.3MB/s eta 0:00:01[K    9% |###                             | 49kB 20.0MB/s eta 0:00:01[K    10% |###                             | 53kB 20.0MB/s eta 0:00:01[K    11% |###                             | 57kB 21.3MB/s eta 0:00:01[K    12% |###                             | 61kB 21.3MB/s eta 0:00:01[K    13% |####                            | 65kB 20.1MB/s eta 0:00:01[K    13% |####                            | 69kB 20.1MB/s eta 0:00:01[K    14% |####                            | 73kB 21.0MB/s eta 0:00:01[K    15% |####                            | 77kB 21.2MB/s eta 0:00:01[K    16% |#####                           | 81kB 20.2MB/s eta 0:00:01[K    17% |#####                           | 86kB 20.2MB/s eta 0:00:01[K    17% |#####                           | 90kB 21.2MB/s eta 0:00:01[K    18% |######                          | 94kB 21.2MB/s eta 0:00:01[K    19% |######                          | 98kB 20.4MB/s eta 0:00:01[K    20% |######                          | 102kB 20.4MB/s eta 0:00:01[K    21% |######                          | 106kB 21.7MB/s eta 0:00:01[K    22% |#######                         | 110kB 21.8MB/s eta 0:00:01[K    22% |#######                         | 114kB 20.5MB/s eta 0:00:01[K    23% |#######                         | 118kB 20.5MB/s eta 0:00:01[K    24% |#######                         | 122kB 21.5MB/s eta 0:00:01[K    25% |########                        | 126kB 21.5MB/s eta 0:00:01[K    26% |########                        | 131kB 20.3MB/s eta 0:00:01[K    26% |########                        | 135kB 20.3MB/s eta 0:00:01[K    27% |########                        | 139kB 21.1MB/s eta 0:00:01[K    28% |#########                       | 143kB 21.1MB/s eta 0:00:01[K    29% |#########                       | 147kB 19.8MB/s eta 0:00:01[K    30% |#########                       | 151kB 19.7MB/s eta 0:00:01[K    31% |#########                       | 155kB 20.9MB/s eta 0:00:01[K    31% |##########                      | 159kB 20.8MB/s eta 0:00:01[K    32% |##########                      | 163kB 19.9MB/s eta 0:00:01[K    33% |##########                      | 167kB 19.9MB/s eta 0:00:01[K    34% |##########                      | 172kB 21.0MB/s eta 0:00:01[K    35% |###########                     | 176kB 21.1MB/s eta 0:00:01[K    35% |###########                     | 180kB 20.3MB/s eta 0:00:01[K    36% |###########                     | 184kB 20.3MB/s eta 0:00:01[K    37% |############                    | 188kB 21.7MB/s eta 0:00:01[K    38% |############                    | 192kB 21.8MB/s eta 0:00:01[K    39% |############                    | 196kB 20.6MB/s eta 0:00:01[K    40% |############                    | 200kB 20.7MB/s eta 0:00:01[K    40% |#############                   | 204kB 21.8MB/s eta 0:00:01[K    41% |#############                   | 208kB 21.8MB/s eta 0:00:01[K    42% |#############                   | 212kB 20.8MB/s eta 0:00:01[K    43% |#############                   | 217kB 20.9MB/s eta 0:00:01[K    44% |##############                  | 221kB 21.9MB/s eta 0:00:01[K    44% |##############                  | 225kB 21.9MB/s eta 0:00:01[K    45% |##############                  | 229kB 20.6MB/s eta 0:00:01[K    46% |##############                  | 233kB 20.5MB/s eta 0:00:01[K    47% |###############                 | 237kB 21.8MB/s eta 0:00:01[K    48% |###############                 | 241kB 21.9MB/s eta 0:00:01[K    49% |###############                 | 245kB 21.0MB/s eta 0:00:01[K    49% |###############                 | 249kB 21.0MB/s eta 0:00:01[K    50% |################                | 253kB 22.0MB/s eta 0:00:01[K    51% |################                | 258kB 22.0MB/s eta 0:00:01[K    52% |################                | 262kB 21.1MB/s eta 0:00:01[K    53% |################                | 266kB 21.0MB/s eta 0:00:01[K    53% |#################               | 270kB 22.5MB/s eta 0:00:01[K    54% |#################               | 274kB 22.6MB/s eta 0:00:01[K    55% |#################               | 278kB 21.6MB/s eta 0:00:01[K    56% |##################              | 282kB 21.5MB/s eta 0:00:01[K    57% |##################              | 286kB 22.5MB/s eta 0:00:01[K    58% |##################              | 290kB 22.6MB/s eta 0:00:01[K    58% |##################              | 294kB 21.6MB/s eta 0:00:01[K    59% |###################             | 299kB 21.6MB/s eta 0:00:01[K    60% |###################             | 303kB 22.6MB/s eta 0:00:01[K    61% |###################             | 307kB 22.7MB/s eta 0:00:01[K    62% |###################             | 311kB 21.7MB/s eta 0:00:01[K    62% |####################            | 315kB 21.7MB/s eta 0:00:01[K    63% |####################            | 319kB 22.2MB/s eta 0:00:01[K    64% |####################            | 323kB 22.3MB/s eta 0:00:01[K    65% |####################            | 327kB 21.2MB/s eta 0:00:01[K    66% |#####################           | 331kB 21.1MB/s eta 0:00:01[K    67% |#####################           | 335kB 22.2MB/s eta 0:00:01[K    67% |#####################           | 339kB 22.2MB/s eta 0:00:01[K    68% |#####################           | 344kB 21.2MB/s eta 0:00:01[K    69% |######################          | 348kB 21.1MB/s eta 0:00:01[K    70% |######################          | 352kB 22.0MB/s eta 0:00:01[K    71% |######################          | 356kB 22.0MB/s eta 0:00:01[K    71% |#######################         | 360kB 21.4MB/s eta 0:00:01[K    72% |#######################         | 364kB 21.4MB/s eta 0:00:01[K    73% |#######################         | 368kB 22.4MB/s eta 0:00:01[K    74% |#######################         | 372kB 22.5MB/s eta 0:00:01[K    75% |########################        | 376kB 21.5MB/s eta 0:00:01[K    76% |########################        | 380kB 21.4MB/s eta 0:00:01[K    76% |########################        | 385kB 22.4MB/s eta 0:00:01[K    77% |########################        | 389kB 22.5MB/s eta 0:00:01[K    78% |#########################       | 393kB 21.4MB/s eta 0:00:01[K    79% |#########################       | 397kB 21.4MB/s eta 0:00:01[K    80% |#########################       | 401kB 22.6MB/s eta 0:00:01[K    80% |#########################       | 405kB 22.2MB/s eta 0:00:01[K    81% |##########################      | 409kB 21.1MB/s eta 0:00:01[K    82% |##########################      | 413kB 21.0MB/s eta 0:00:01[K    83% |##########################      | 417kB 22.0MB/s eta 0:00:01[K    84% |##########################      | 421kB 22.1MB/s eta 0:00:01[K    84% |###########################     | 425kB 21.1MB/s eta 0:00:01[K    85% |###########################     | 430kB 21.1MB/s eta 0:00:01[K    86% |###########################     | 434kB 22.1MB/s eta 0:00:01[K    87% |###########################     | 438kB 22.1MB/s eta 0:00:01[K    88% |############################    | 442kB 21.0MB/s eta 0:00:01[K    89% |############################    | 446kB 21.3MB/s eta 0:00:01[K    89% |############################    | 450kB 22.2MB/s eta 0:00:01[K    90% |#############################   | 454kB 22.3MB/s eta 0:00:01[K    91% |#############################   | 458kB 21.3MB/s eta 0:00:01[K    92% |#############################   | 462kB 21.1MB/s eta 0:00:01[K    93% |#############################   | 466kB 22.0MB/s eta 0:00:01[K    93% |##############################  | 471kB 22.0MB/s eta 0:00:01[K    94% |##############################  | 475kB 21.0MB/s eta 0:00:01[K    95% |##############################  | 479kB 21.0MB/s eta 0:00:01[K    96% |##############################  | 483kB 22.0MB/s eta 0:00:01[K    97% |############################### | 487kB 22.1MB/s eta 0:00:01[K    98% |############################### | 491kB 21.0MB/s eta 0:00:01[K    98% |############################### | 495kB 21.0MB/s eta 0:00:01[K    99% |############################### | 499kB 21.9MB/s eta 0:00:01[K    100% |################################| 503kB 702kB/s 
[?25hInstalling collected packages: requests, coverage, codecov

  Running setup.py install for coverage
    building 'coverage.tracer' extension
    gcc -pthread -fno-strict-aliasing -DNDEBUG -g -fwrapv -O2 -Wall -Wstrict-prototypes -fPIC -I/usr/include/python2.7 -c coverage/ctracer/datastack.c -o build/temp.linux-x86_64-2.7/coverage/ctracer/datastack.o
    gcc -pthread -fno-strict-aliasing -DNDEBUG -g -fwrapv -O2 -Wall -Wstrict-prototypes -fPIC -I/usr/include/python2.7 -c coverage/ctracer/filedisp.c -o build/temp.linux-x86_64-2.7/coverage/ctracer/filedisp.o
    gcc -pthread -fno-strict-aliasing -DNDEBUG -g -fwrapv -O2 -Wall -Wstrict-prototypes -fPIC -I/usr/include/python2.7 -c coverage/ctracer/module.c -o build/temp.linux-x86_64-2.7/coverage/ctracer/module.o
    gcc -pthread -fno-strict-aliasing -DNDEBUG -g -fwrapv -O2 -Wall -Wstrict-prototypes -fPIC -I/usr/include/python2.7 -c coverage/ctracer/tracer.c -o build/temp.linux-x86_64-2.7/coverage/ctracer/tracer.o
    gcc -pthread -shared -Wl,-O1 -Wl,-Bsymbolic-functions -Wl,-Bsymbolic-functions -Wl,-z,relro build/temp.linux-x86_64-2.7/coverage/ctracer/datastack.o build/temp.linux-x86_64-2.7/coverage/ctracer/filedisp.o build/temp.linux-x86_64-2.7/coverage/ctracer/module.o build/temp.linux-x86_64-2.7/coverage/ctracer/tracer.o -o build/lib.linux-x86_64-2.7/coverage/tracer.so
    Installing coverage2 script to /home/travis/.local/bin
    Installing coverage-2.7 script to /home/travis/.local/bin
    Installing coverage script to /home/travis/.local/bin

Successfully installed codecov coverage requests
+codecov

      _____          _
     / ____|        | |
    | |     ___   __| | ___  ___ _____   __
    | |    / _ \ / _` |/ _ \/ __/ _ \ \ / /
    | |___| (_) | (_| |  __/ (_| (_) \ V /
     \_____\___/ \__,_|\___|\___\___/ \_/
                                    v1.6.3

[90m==>[0m Detecting CI provider
    Travis Detected
[90m==>[0m Preparing upload
[90m==>[0m Processing gcov (disable by -X gcov)
    Executing gcov (find /home/travis/build/pgjdbc/pgjdbc -type f -name '*.gcno'  -exec gcov -pb  {} +)
[90m==>[0m Collecting reports
    [32m+[0m /home/travis/build/pgjdbc/pgjdbc/pgjdbc/target/site/jacoco/jacoco.xml bytes=1769593
[90m==>[0m Appending adjustments (http://bit.ly/1O4eBpt)
  --> Found 0 adjustments
[90m==>[0m Uploading
    .url https://codecov.io
    .query pr=false&service=travis&package=py1.6.3&job=117667120&build=1044.4&branch=tstz_getstring&commit=1e1f3c4ab1fbbc5b071b50991da6c34afe92e6f0&slug=pgjdbc%2Fpgjdbc
    Pinging Codecov...
    Uploading to S3...
[92m    http://codecov.io/github/pgjdbc/pgjdbc?ref=1e1f3c4ab1fbbc5b071b50991da6c34afe92e6f0[0m

travis_time:end:0295f0b0:start=1458640034932788028,finish=1458640286910169869,duration=251977381841[0K
[32;1mThe command "./travis_build.sh" exited with 0.[0m
travis_fold:start:before_cache[0Ktravis_time:start:0709d907[0K$ rm -rf $HOME/.m2/repository/org/postgresql

travis_time:end:0709d907:start=1458640286916550157,finish=1458640286923109213,duration=6559056[0Ktravis_fold:end:before_cache[0Ktravis_fold:start:cache.2[0Kstore build cache
travis_time:start:215c34d4[0K
travis_time:end:215c34d4:start=1458640286929216768,finish=1458640286934163762,duration=4946994[0Ktravis_time:start:0046269e[0K[32;1mchange detected:
/home/travis/.m2/repository/antlr/antlr/2.7.2/antlr-2.7.2.jar
/home/travis/.m2/repository/antlr/antlr/2.7.2/antlr-2.7.2.jar.sha1
/home/travis/.m2/repository/antlr/antlr/2.7.2/_remote.repositories
/home/travis/.m2/repository/asm/asm/3.2/asm-3.2.pom
/home/travis/.m2/repository/asm/asm/3.2/asm-3.2.pom.sha1
/home/travis/.m2/repository/asm/asm/3.2/_remote.repositories
/home/travis/.m2/repository/asm/asm/3.3.1/asm-3.3.1.jar
/home/travis/.m2/repository/asm/asm/3.3.1/asm-3.3.1.jar.sha1
/home/travis/.m2/repository/asm/asm/3.3.1/asm-3.3.1.pom
/home/travis/.m2/repository/asm/asm/3.3.1/asm-3.3.1.pom.sha1
/home/travis/.m2/repository/asm/asm/3.3.1/_remote.repositories
/home/travis/.m2/repository/asm/asm-analysis/3.2/asm-analysis-3.2.jar
/home/travis/.m2/repository/asm/asm-analysis/3.2/asm-analysis-3.2.jar.sha1
/home/travis/.m2/repository/asm/asm-analysis/3.2/asm-analysis-3.2.pom
/home/travis/.m2/repository/asm/asm-analysis/3.2/asm-analysis-3.2.pom.sha1
/home/travis/.m2/repository/asm/asm-analysis/3.2
[0m
[32;1m...
[0m
[32;1mchanges detected, packing new archive[0m
[32;1muploading archive[0m

travis_time:end:0046269e:start=1458640286939891593,finish=1458640292212808843,duration=5272917250[0Ktravis_fold:end:cache.2[0Ktravis_fold:start:after_success[0Ktravis_time:start:0fc533ca[0K$ test $TRAVIS_PULL_REQUEST == 'false' && test $TRAVIS_BRANCH == 'master' && test $PG_VERSION == '9.4' && ./travis_deploy.sh

travis_time:end:0fc533ca:start=1458640292219258533,finish=1458640292224198427,duration=4939894[0Ktravis_fold:end:after_success[0K
Done. Your build exited with 0.
