Using worker: worker-linux-docker-42206b6d.prod.travis-ci.org:travis-linux-4

travis_fold:start:system_info[0K[33;1mBuild system information[0m
Build language: java
[34m[1mBuild image provisioning date and time[0m
Thu Feb  5 15:09:33 UTC 2015
[34m[1mOperating System Details[0m
Distributor ID:	Ubuntu
Description:	Ubuntu 12.04.5 LTS
Release:	12.04
Codename:	precise
[34m[1mLinux Version[0m
3.13.0-29-generic
[34m[1mCookbooks Version[0m
a68419e https://github.com/travis-ci/travis-cookbooks/tree/a68419e
[34m[1mGCC version[0m
gcc (Ubuntu/Linaro 4.6.3-1ubuntu5) 4.6.3
Copyright (C) 2011 Free Software Foundation, Inc.
This is free software; see the source for copying conditions.  There is NO
warranty; not even for MERCHANTABILITY or FITNESS FOR A PARTICULAR PURPOSE.

[34m[1mLLVM version[0m
clang version 3.4 (tags/RELEASE_34/final)
Target: x86_64-unknown-linux-gnu
Thread model: posix
[34m[1mPre-installed Ruby versions[0m
ruby-1.9.3-p551
[34m[1mPre-installed Node.js versions[0m
v0.10.36
[34m[1mPre-installed Go versions[0m
1.4.1
[34m[1mRedis version[0m
redis-server 2.8.19
[34m[1mriak version[0m
2.0.2
[34m[1mMongoDB version[0m
MongoDB 2.4.12
[34m[1mCouchDB version[0m
couchdb 1.6.1
[34m[1mNeo4j version[0m
1.9.4
[34m[1mRabbitMQ Version[0m
3.4.3
[34m[1mElasticSearch version[0m
1.4.0
[34m[1mInstalled Sphinx versions[0m
2.0.10
2.1.9
2.2.6
[34m[1mDefault Sphinx version[0m
2.2.6
[34m[1mInstalled Firefox version[0m
firefox 31.0esr
[34m[1mPhantomJS version[0m
1.9.8
[34m[1mant -version[0m
Apache Ant(TM) version 1.8.2 compiled on December 3 2011
[34m[1mmvn -version[0m
Apache Maven 3.2.5 (12a6b3acb947671f09b81f49094c53f426d8cea1; 2014-12-14T17:29:23+00:00)
Maven home: /usr/local/maven
Java version: 1.7.0_76, vendor: Oracle Corporation
Java home: /usr/lib/jvm/java-7-oracle/jre
Default locale: en_US, platform encoding: ANSI_X3.4-1968
OS name: "linux", version: "3.13.0-29-generic", arch: "amd64", family: "unix"
travis_fold:end:system_info[0K
travis_fold:start:git.checkout[0Ktravis_time:start:02958b73[0K$ git clone --depth=50 --branch=master git://github.com/square/okio.git square/okio
Cloning into 'square/okio'...
remote: Counting objects: 1178, done.[K
remote: Compressing objects:   0% (1/536)   [Kremote: Compressing objects:   1% (6/536)   [Kremote: Compressing objects:   2% (11/536)   [Kremote: Compressing objects:   3% (17/536)   [Kremote: Compressing objects:   4% (22/536)   [Kremote: Compressing objects:   5% (27/536)   [Kremote: Compressing objects:   6% (33/536)   [Kremote: Compressing objects:   7% (38/536)   [Kremote: Compressing objects:   8% (43/536)   [Kremote: Compressing objects:   9% (49/536)   [Kremote: Compressing objects:  10% (54/536)   [Kremote: Compressing objects:  11% (59/536)   [Kremote: Compressing objects:  12% (65/536)   [Kremote: Compressing objects:  13% (70/536)   [Kremote: Compressing objects:  14% (76/536)   [Kremote: Compressing objects:  15% (81/536)   [Kremote: Compressing objects:  16% (86/536)   [Kremote: Compressing objects:  17% (92/536)   [Kremote: Compressing objects:  18% (97/536)   [Kremote: Compressing objects:  19% (102/536)   [Kremote: Compressing objects:  20% (108/536)   [Kremote: Compressing objects:  21% (113/536)   [Kremote: Compressing objects:  22% (118/536)   [Kremote: Compressing objects:  23% (124/536)   [Kremote: Compressing objects:  24% (129/536)   [Kremote: Compressing objects:  25% (134/536)   [Kremote: Compressing objects:  26% (140/536)   [Kremote: Compressing objects:  27% (145/536)   [Kremote: Compressing objects:  28% (151/536)   [Kremote: Compressing objects:  29% (156/536)   [Kremote: Compressing objects:  30% (161/536)   [Kremote: Compressing objects:  31% (167/536)   [Kremote: Compressing objects:  32% (172/536)   [Kremote: Compressing objects:  33% (177/536)   [Kremote: Compressing objects:  34% (183/536)   [Kremote: Compressing objects:  35% (188/536)   [Kremote: Compressing objects:  36% (193/536)   [Kremote: Compressing objects:  37% (199/536)   [Kremote: Compressing objects:  38% (204/536)   [Kremote: Compressing objects:  39% (210/536)   [Kremote: Compressing objects:  40% (215/536)   [Kremote: Compressing objects:  41% (220/536)   [Kremote: Compressing objects:  42% (226/536)   [Kremote: Compressing objects:  43% (231/536)   [Kremote: Compressing objects:  44% (236/536)   [Kremote: Compressing objects:  45% (242/536)   [Kremote: Compressing objects:  46% (247/536)   [Kremote: Compressing objects:  47% (252/536)   [Kremote: Compressing objects:  48% (258/536)   [Kremote: Compressing objects:  49% (263/536)   [Kremote: Compressing objects:  50% (268/536)   [Kremote: Compressing objects:  51% (274/536)   [Kremote: Compressing objects:  52% (279/536)   [Kremote: Compressing objects:  53% (285/536)   [Kremote: Compressing objects:  54% (290/536)   [Kremote: Compressing objects:  55% (295/536)   [Kremote: Compressing objects:  56% (301/536)   [Kremote: Compressing objects:  57% (306/536)   [Kremote: Compressing objects:  58% (311/536)   [Kremote: Compressing objects:  59% (317/536)   [Kremote: Compressing objects:  60% (322/536)   [Kremote: Compressing objects:  61% (327/536)   [Kremote: Compressing objects:  62% (333/536)   [Kremote: Compressing objects:  63% (338/536)   [Kremote: Compressing objects:  64% (344/536)   [Kremote: Compressing objects:  65% (349/536)   [Kremote: Compressing objects:  66% (354/536)   [Kremote: Compressing objects:  67% (360/536)   [Kremote: Compressing objects:  68% (365/536)   [Kremote: Compressing objects:  69% (370/536)   [Kremote: Compressing objects:  70% (376/536)   [Kremote: Compressing objects:  71% (381/536)   [Kremote: Compressing objects:  72% (386/536)   [Kremote: Compressing objects:  73% (392/536)   [Kremote: Compressing objects:  74% (397/536)   [Kremote: Compressing objects:  75% (402/536)   [Kremote: Compressing objects:  76% (408/536)   [Kremote: Compressing objects:  77% (413/536)   [Kremote: Compressing objects:  78% (419/536)   [Kremote: Compressing objects:  79% (424/536)   [Kremote: Compressing objects:  80% (429/536)   [Kremote: Compressing objects:  81% (435/536)   [Kremote: Compressing objects:  82% (440/536)   [Kremote: Compressing objects:  83% (445/536)   [Kremote: Compressing objects:  84% (451/536)   [Kremote: Compressing objects:  85% (456/536)   [Kremote: Compressing objects:  86% (461/536)   [Kremote: Compressing objects:  87% (467/536)   [Kremote: Compressing objects:  88% (472/536)   [Kremote: Compressing objects:  89% (478/536)   [Kremote: Compressing objects:  90% (483/536)   [Kremote: Compressing objects:  91% (488/536)   [Kremote: Compressing objects:  92% (494/536)   [Kremote: Compressing objects:  93% (499/536)   [Kremote: Compressing objects:  94% (504/536)   [Kremote: Compressing objects:  95% (510/536)   [Kremote: Compressing objects:  96% (515/536)   [Kremote: Compressing objects:  97% (520/536)   [Kremote: Compressing objects:  98% (526/536)   [Kremote: Compressing objects:  99% (531/536)   [Kremote: Compressing objects: 100% (536/536)   [Kremote: Compressing objects: 100% (536/536), done.[K
Receiving objects:   0% (1/1178)   Receiving objects:   1% (12/1178)   Receiving objects:   2% (24/1178)   Receiving objects:   3% (36/1178)   Receiving objects:   4% (48/1178)   Receiving objects:   5% (59/1178)   Receiving objects:   6% (71/1178)   Receiving objects:   7% (83/1178)   Receiving objects:   8% (95/1178)   Receiving objects:   9% (107/1178)   Receiving objects:  10% (118/1178)   Receiving objects:  11% (130/1178)   Receiving objects:  12% (142/1178)   Receiving objects:  13% (154/1178)   Receiving objects:  14% (165/1178)   Receiving objects:  15% (177/1178)   Receiving objects:  16% (189/1178)   Receiving objects:  17% (201/1178)   Receiving objects:  18% (213/1178)   Receiving objects:  19% (224/1178)   Receiving objects:  20% (236/1178)   Receiving objects:  21% (248/1178)   Receiving objects:  22% (260/1178)   Receiving objects:  23% (271/1178)   Receiving objects:  24% (283/1178)   Receiving objects:  25% (295/1178)   Receiving objects:  26% (307/1178)   Receiving objects:  27% (319/1178)   Receiving objects:  28% (330/1178)   Receiving objects:  29% (342/1178)   Receiving objects:  30% (354/1178)   Receiving objects:  31% (366/1178)   Receiving objects:  32% (377/1178)   Receiving objects:  33% (389/1178)   Receiving objects:  34% (401/1178)   Receiving objects:  35% (413/1178)   Receiving objects:  36% (425/1178)   Receiving objects:  37% (436/1178)   Receiving objects:  38% (448/1178)   Receiving objects:  39% (460/1178)   Receiving objects:  40% (472/1178)   Receiving objects:  41% (483/1178)   Receiving objects:  42% (495/1178)   Receiving objects:  43% (507/1178)   Receiving objects:  44% (519/1178)   Receiving objects:  45% (531/1178)   Receiving objects:  46% (542/1178)   Receiving objects:  47% (554/1178)   Receiving objects:  48% (566/1178)   Receiving objects:  49% (578/1178)   Receiving objects:  50% (589/1178)   Receiving objects:  51% (601/1178)   remote: Total 1178 (delta 497), reused 1046 (delta 378), pack-reused 0[K
Receiving objects:  52% (613/1178)   Receiving objects:  53% (625/1178)   Receiving objects:  54% (637/1178)   Receiving objects:  55% (648/1178)   Receiving objects:  56% (660/1178)   Receiving objects:  57% (672/1178)   Receiving objects:  58% (684/1178)   Receiving objects:  59% (696/1178)   Receiving objects:  60% (707/1178)   Receiving objects:  61% (719/1178)   Receiving objects:  62% (731/1178)   Receiving objects:  63% (743/1178)   Receiving objects:  64% (754/1178)   Receiving objects:  65% (766/1178)   Receiving objects:  66% (778/1178)   Receiving objects:  67% (790/1178)   Receiving objects:  68% (802/1178)   Receiving objects:  69% (813/1178)   Receiving objects:  70% (825/1178)   Receiving objects:  71% (837/1178)   Receiving objects:  72% (849/1178)   Receiving objects:  73% (860/1178)   Receiving objects:  74% (872/1178)   Receiving objects:  75% (884/1178)   Receiving objects:  76% (896/1178)   Receiving objects:  77% (908/1178)   Receiving objects:  78% (919/1178)   Receiving objects:  79% (931/1178)   Receiving objects:  80% (943/1178)   Receiving objects:  81% (955/1178)   Receiving objects:  82% (966/1178)   Receiving objects:  83% (978/1178)   Receiving objects:  84% (990/1178)   Receiving objects:  85% (1002/1178)   Receiving objects:  86% (1014/1178)   Receiving objects:  87% (1025/1178)   Receiving objects:  88% (1037/1178)   Receiving objects:  89% (1049/1178)   Receiving objects:  90% (1061/1178)   Receiving objects:  91% (1072/1178)   Receiving objects:  92% (1084/1178)   Receiving objects:  93% (1096/1178)   Receiving objects:  94% (1108/1178)   Receiving objects:  95% (1120/1178)   Receiving objects:  96% (1131/1178)   Receiving objects:  97% (1143/1178)   Receiving objects:  98% (1155/1178)   Receiving objects:  99% (1167/1178)   Receiving objects: 100% (1178/1178)   Receiving objects: 100% (1178/1178), 257.53 KiB | 0 bytes/s, done.
Resolving deltas:   0% (0/497)   Resolving deltas:   6% (32/497)   Resolving deltas:   7% (36/497)   Resolving deltas:   8% (43/497)   Resolving deltas:  12% (62/497)   Resolving deltas:  14% (74/497)   Resolving deltas:  15% (79/497)   Resolving deltas:  16% (80/497)   Resolving deltas:  26% (132/497)   Resolving deltas:  27% (138/497)   Resolving deltas:  29% (148/497)   Resolving deltas:  32% (162/497)   Resolving deltas:  33% (165/497)   Resolving deltas:  34% (169/497)   Resolving deltas:  35% (177/497)   Resolving deltas:  36% (179/497)   Resolving deltas:  37% (185/497)   Resolving deltas:  38% (190/497)   Resolving deltas:  47% (234/497)   Resolving deltas:  48% (239/497)   Resolving deltas:  50% (249/497)   Resolving deltas:  51% (254/497)   Resolving deltas:  52% (259/497)   Resolving deltas:  53% (265/497)   Resolving deltas:  57% (286/497)   Resolving deltas:  58% (291/497)   Resolving deltas:  63% (314/497)   Resolving deltas:  72% (358/497)   Resolving deltas:  89% (447/497)   Resolving deltas:  95% (475/497)   Resolving deltas:  96% (480/497)   Resolving deltas:  97% (483/497)   Resolving deltas: 100% (497/497)   Resolving deltas: 100% (497/497), done.
Checking connectivity... done.
travis_time:end:02958b73:start=1426139011243228133,finish=1426139011470856855,duration=227628722[0K$ cd square/okio
$ git checkout -qf d07412cc7cb917f852442d3d8ea056e374bad402
travis_fold:end:git.checkout[0K
[33;1mThis job is running on container-based infrastructure, which does not allow use of 'sudo', setuid and setguid executables.[0m
[33;1mSee http://docs.travis-ci.com/user/workers/container-based-infrastructure/ for details.[0m

[33;1mSetting environment variables from .travis.yml[0m
$ export CI_DEPLOY_USERNAME=[secure]
$ export CI_DEPLOY_PASSWORD=[secure]

travis_fold:start:cache.1[0KSetting up build cache
$ export CASHER_DIR=$HOME/.casher
travis_time:start:08059073[0K$ Installing caching utilities
travis_time:end:08059073:start=1426139014373344606,finish=1426139014408302886,duration=34958280[0Ktravis_time:start:18f93d38[0Kattempting to download cache archive
found cache
travis_time:end:18f93d38:start=1426139014412579658,finish=1426139015007178453,duration=594598795[0Ktravis_time:start:1361fc8e[0Kadding /home/travis/.m2 to cache
travis_time:end:1361fc8e:start=1426139015010813000,finish=1426139016913450202,duration=1902637202[0Ktravis_fold:end:cache.1[0K$ jdk_switcher use oraclejdk7
Switching to Oracle JDK7 (java-7-oracle), JAVA_HOME will be set to /usr/lib/jvm/java-7-oracle
$ java -version
java version "1.7.0_76"
Java(TM) SE Runtime Environment (build 1.7.0_76-b13)
Java HotSpot(TM) 64-Bit Server VM (build 24.76-b04, mixed mode)
$ javac -version
javac 1.7.0_76
travis_fold:start:install[0Ktravis_time:start:0393b1f0[0K$ mvn install -DskipTests=true -Dmaven.javadoc.skip=true -B -V
Apache Maven 3.2.5 (12a6b3acb947671f09b81f49094c53f426d8cea1; 2014-12-14T17:29:23+00:00)
Maven home: /usr/local/maven
Java version: 1.7.0_76, vendor: Oracle Corporation
Java home: /usr/lib/jvm/java-7-oracle/jre
Default locale: en_US, platform encoding: UTF-8
OS name: "linux", version: "3.13.0-40-generic", arch: "amd64", family: "unix"
[INFO] Scanning for projects...
[INFO] ------------------------------------------------------------------------
[INFO] Reactor Build Order:
[INFO] 
[INFO] Okio (Parent)
[INFO] Okio
[INFO] Okio Performance Benchmarks
[INFO]                                                                         
[INFO] ------------------------------------------------------------------------
[INFO] Building Okio (Parent) 1.3.0-SNAPSHOT
[INFO] ------------------------------------------------------------------------
[INFO] 
[INFO] --- maven-enforcer-plugin:1.0:enforce (enforce-maven) @ okio-parent ---
[INFO] 
[INFO] --- maven-install-plugin:2.4:install (default-install) @ okio-parent ---
[INFO] Installing /home/travis/build/square/okio/pom.xml to /home/travis/.m2/repository/com/squareup/okio/okio-parent/1.3.0-SNAPSHOT/okio-parent-1.3.0-SNAPSHOT.pom
[INFO]                                                                         
[INFO] ------------------------------------------------------------------------
[INFO] Building Okio 1.3.0-SNAPSHOT
[INFO] ------------------------------------------------------------------------
[INFO] 
[INFO] --- maven-enforcer-plugin:1.0:enforce (enforce-maven) @ okio ---
[INFO] 
[INFO] --- maven-resources-plugin:2.6:resources (default-resources) @ okio ---
[INFO] Using 'UTF-8' encoding to copy filtered resources.
[INFO] skip non existing resourceDirectory /home/travis/build/square/okio/okio/src/main/resources
[INFO] 
[INFO] --- maven-compiler-plugin:3.0:compile (default-compile) @ okio ---
[INFO] Changes detected - recompiling the module!
[INFO] Compiling 23 source files to /home/travis/build/square/okio/okio/target/classes
[INFO] 
[INFO] --- maven-resources-plugin:2.6:testResources (default-testResources) @ okio ---
[INFO] Using 'UTF-8' encoding to copy filtered resources.
[INFO] skip non existing resourceDirectory /home/travis/build/square/okio/okio/src/test/resources
[INFO] 
[INFO] --- maven-compiler-plugin:3.0:testCompile (default-testCompile) @ okio ---
[INFO] Changes detected - recompiling the module!
[INFO] Compiling 18 source files to /home/travis/build/square/okio/okio/target/test-classes
[INFO] 
[INFO] --- maven-surefire-plugin:2.12.4:test (default-test) @ okio ---
[INFO] Tests are skipped.
[INFO] 
[INFO] --- animal-sniffer-maven-plugin:1.10:check (default) @ okio ---
[INFO] Checking unresolved references to org.codehaus.mojo.signature:java16:1.1
[INFO] 
[INFO] --- maven-jar-plugin:2.4:jar (default-jar) @ okio ---
[INFO] Building jar: /home/travis/build/square/okio/okio/target/okio-1.3.0-SNAPSHOT.jar
[INFO] 
[INFO] --- maven-install-plugin:2.4:install (default-install) @ okio ---
[INFO] Installing /home/travis/build/square/okio/okio/target/okio-1.3.0-SNAPSHOT.jar to /home/travis/.m2/repository/com/squareup/okio/okio/1.3.0-SNAPSHOT/okio-1.3.0-SNAPSHOT.jar
[INFO] Installing /home/travis/build/square/okio/okio/pom.xml to /home/travis/.m2/repository/com/squareup/okio/okio/1.3.0-SNAPSHOT/okio-1.3.0-SNAPSHOT.pom
[INFO]                                                                         
[INFO] ------------------------------------------------------------------------
[INFO] Building Okio Performance Benchmarks 1.3.0-SNAPSHOT
[INFO] ------------------------------------------------------------------------
[INFO] 
[INFO] --- maven-enforcer-plugin:1.0:enforce (enforce-maven) @ benchmarks ---
[INFO] 
[INFO] --- maven-resources-plugin:2.6:resources (default-resources) @ benchmarks ---
[INFO] Using 'UTF-8' encoding to copy filtered resources.
[INFO] skip non existing resourceDirectory /home/travis/build/square/okio/benchmarks/src/main/resources
[INFO] 
[INFO] --- maven-compiler-plugin:3.0:compile (default-compile) @ benchmarks ---
[INFO] Changes detected - recompiling the module!
[INFO] Compiling 1 source file to /home/travis/build/square/okio/benchmarks/target/classes
[INFO] 
[INFO] --- maven-resources-plugin:2.6:testResources (default-testResources) @ benchmarks ---
[INFO] Using 'UTF-8' encoding to copy filtered resources.
[INFO] skip non existing resourceDirectory /home/travis/build/square/okio/benchmarks/src/test/resources
[INFO] 
[INFO] --- maven-compiler-plugin:3.0:testCompile (default-testCompile) @ benchmarks ---
[INFO] No sources to compile
[INFO] 
[INFO] --- maven-surefire-plugin:2.12.4:test (default-test) @ benchmarks ---
[INFO] Tests are skipped.
[INFO] 
[INFO] --- maven-jar-plugin:2.4:jar (default-jar) @ benchmarks ---
[INFO] Building jar: /home/travis/build/square/okio/benchmarks/target/benchmarks-1.3.0-SNAPSHOT.jar
[INFO] 
[INFO] --- maven-shade-plugin:2.2:shade (default) @ benchmarks ---
[INFO] Including org.openjdk.jmh:jmh-core:jar:1.4.1 in the shaded jar.
[INFO] Including net.sf.jopt-simple:jopt-simple:jar:4.6 in the shaded jar.
[INFO] Including org.apache.commons:commons-math3:jar:3.2 in the shaded jar.
[INFO] Including com.squareup.okio:okio:jar:1.3.0-SNAPSHOT in the shaded jar.
[INFO] Replacing /home/travis/build/square/okio/benchmarks/target/benchmarks.jar with /home/travis/build/square/okio/benchmarks/target/benchmarks-1.3.0-SNAPSHOT-shaded.jar
[INFO] 
[INFO] --- maven-install-plugin:2.4:install (default-install) @ benchmarks ---
[INFO] Installing /home/travis/build/square/okio/benchmarks/target/benchmarks-1.3.0-SNAPSHOT.jar to /home/travis/.m2/repository/com/squareup/okio/benchmarks/1.3.0-SNAPSHOT/benchmarks-1.3.0-SNAPSHOT.jar
[INFO] Installing /home/travis/build/square/okio/benchmarks/pom.xml to /home/travis/.m2/repository/com/squareup/okio/benchmarks/1.3.0-SNAPSHOT/benchmarks-1.3.0-SNAPSHOT.pom
[INFO] ------------------------------------------------------------------------
[INFO] Reactor Summary:
[INFO] 
[INFO] Okio (Parent) ...................................... SUCCESS [  0.613 s]
[INFO] Okio ............................................... SUCCESS [  5.280 s]
[INFO] Okio Performance Benchmarks ........................ SUCCESS [  2.274 s]
[INFO] ------------------------------------------------------------------------
[INFO] BUILD SUCCESS
[INFO] ------------------------------------------------------------------------
[INFO] Total time: 8.337 s
[INFO] Finished at: 2015-03-12T05:43:48+00:00
[INFO] Final Memory: 22M/465M
[INFO] ------------------------------------------------------------------------
travis_time:end:0393b1f0:start=1426139017605786922,finish=1426139028541081898,duration=10935294976[0Ktravis_fold:end:install[0Ktravis_time:start:1238dfc0[0K$ mvn test -B
[INFO] Scanning for projects...
[INFO] ------------------------------------------------------------------------
[INFO] Reactor Build Order:
[INFO] 
[INFO] Okio (Parent)
[INFO] Okio
[INFO] Okio Performance Benchmarks
[INFO]                                                                         
[INFO] ------------------------------------------------------------------------
[INFO] Building Okio (Parent) 1.3.0-SNAPSHOT
[INFO] ------------------------------------------------------------------------
[INFO] 
[INFO] --- maven-enforcer-plugin:1.0:enforce (enforce-maven) @ okio-parent ---
[INFO]                                                                         
[INFO] ------------------------------------------------------------------------
[INFO] Building Okio 1.3.0-SNAPSHOT
[INFO] ------------------------------------------------------------------------
[INFO] 
[INFO] --- maven-enforcer-plugin:1.0:enforce (enforce-maven) @ okio ---
[INFO] 
[INFO] --- maven-resources-plugin:2.6:resources (default-resources) @ okio ---
[INFO] Using 'UTF-8' encoding to copy filtered resources.
[INFO] skip non existing resourceDirectory /home/travis/build/square/okio/okio/src/main/resources
[INFO] 
[INFO] --- maven-compiler-plugin:3.0:compile (default-compile) @ okio ---
[INFO] Changes detected - recompiling the module!
[INFO] Compiling 23 source files to /home/travis/build/square/okio/okio/target/classes
[INFO] 
[INFO] --- maven-resources-plugin:2.6:testResources (default-testResources) @ okio ---
[INFO] Using 'UTF-8' encoding to copy filtered resources.
[INFO] skip non existing resourceDirectory /home/travis/build/square/okio/okio/src/test/resources
[INFO] 
[INFO] --- maven-compiler-plugin:3.0:testCompile (default-testCompile) @ okio ---
[INFO] Changes detected - recompiling the module!
[INFO] Compiling 18 source files to /home/travis/build/square/okio/okio/target/test-classes
[INFO] 
[INFO] --- maven-surefire-plugin:2.12.4:test (default-test) @ okio ---
[INFO] Surefire report directory: /home/travis/build/square/okio/okio/target/surefire-reports

-------------------------------------------------------
 T E S T S
-------------------------------------------------------
Running okio.GzipSourceTest
Tests run: 11, Failures: 0, Errors: 0, Skipped: 0, Time elapsed: 0.069 sec
Running okio.DeflaterSinkTest
Tests run: 6, Failures: 0, Errors: 0, Skipped: 0, Time elapsed: 0.181 sec
Running okio.ReadUtf8LineTest
Tests run: 18, Failures: 0, Errors: 0, Skipped: 0, Time elapsed: 0.039 sec
Running okio.SocketTimeoutTest
Tests run: 4, Failures: 0, Errors: 0, Skipped: 0, Time elapsed: 0.862 sec
Running okio.ByteStringTest
Tests run: 32, Failures: 0, Errors: 0, Skipped: 0, Time elapsed: 0.058 sec
Running okio.RealBufferedSourceTest
Tests run: 10, Failures: 0, Errors: 0, Skipped: 0, Time elapsed: 0.027 sec
Running okio.BufferTest
Tests run: 48, Failures: 0, Errors: 0, Skipped: 0, Time elapsed: 0.143 sec
Running okio.SegmentSharingTest
Tests run: 14, Failures: 0, Errors: 0, Skipped: 0, Time elapsed: 0.112 sec
Running okio.Utf8Test
Tests run: 9, Failures: 0, Errors: 0, Skipped: 0, Time elapsed: 0.001 sec
Running okio.GzipSinkTest
Tests run: 2, Failures: 0, Errors: 0, Skipped: 0, Time elapsed: 0.001 sec
Running okio.AsyncTimeoutTest
Tests run: 17, Failures: 0, Errors: 0, Skipped: 0, Time elapsed: 7.523 sec
Running okio.BufferedSourceTest
Tests run: 112, Failures: 0, Errors: 0, Skipped: 0, Time elapsed: 0.067 sec
Running okio.InflaterSourceTest
Tests run: 4, Failures: 0, Errors: 0, Skipped: 0, Time elapsed: 0.06 sec
Running okio.BufferedSinkTest
Tests run: 46, Failures: 0, Errors: 0, Skipped: 0, Time elapsed: 0.032 sec
Running okio.OkioTest
Tests run: 6, Failures: 0, Errors: 0, Skipped: 0, Time elapsed: 0.02 sec
Running okio.RealBufferedSinkTest
Tests run: 16, Failures: 0, Errors: 0, Skipped: 0, Time elapsed: 0.01 sec

Results :

Tests run: 355, Failures: 0, Errors: 0, Skipped: 0

[INFO] 
[INFO] --- animal-sniffer-maven-plugin:1.10:check (default) @ okio ---
[INFO] Checking unresolved references to org.codehaus.mojo.signature:java16:1.1
[INFO]                                                                         
[INFO] ------------------------------------------------------------------------
[INFO] Building Okio Performance Benchmarks 1.3.0-SNAPSHOT
[INFO] ------------------------------------------------------------------------
[INFO] 
[INFO] --- maven-enforcer-plugin:1.0:enforce (enforce-maven) @ benchmarks ---
[INFO] 
[INFO] --- maven-resources-plugin:2.6:resources (default-resources) @ benchmarks ---
[INFO] Using 'UTF-8' encoding to copy filtered resources.
[INFO] skip non existing resourceDirectory /home/travis/build/square/okio/benchmarks/src/main/resources
[INFO] 
[INFO] --- maven-compiler-plugin:3.0:compile (default-compile) @ benchmarks ---
[INFO] Changes detected - recompiling the module!
[INFO] Compiling 1 source file to /home/travis/build/square/okio/benchmarks/target/classes
[INFO] 
[INFO] --- maven-resources-plugin:2.6:testResources (default-testResources) @ benchmarks ---
[INFO] Using 'UTF-8' encoding to copy filtered resources.
[INFO] skip non existing resourceDirectory /home/travis/build/square/okio/benchmarks/src/test/resources
[INFO] 
[INFO] --- maven-compiler-plugin:3.0:testCompile (default-testCompile) @ benchmarks ---
[INFO] No sources to compile
[INFO] 
[INFO] --- maven-surefire-plugin:2.12.4:test (default-test) @ benchmarks ---
[INFO] No tests to run.
[INFO] ------------------------------------------------------------------------
[INFO] Reactor Summary:
[INFO] 
[INFO] Okio (Parent) ...................................... SUCCESS [  0.460 s]
[INFO] Okio ............................................... SUCCESS [ 13.890 s]
[INFO] Okio Performance Benchmarks ........................ SUCCESS [  1.290 s]
[INFO] ------------------------------------------------------------------------
[INFO] BUILD SUCCESS
[INFO] ------------------------------------------------------------------------
[INFO] Total time: 15.800 s
[INFO] Finished at: 2015-03-12T05:44:05+00:00
[INFO] Final Memory: 16M/465M
[INFO] ------------------------------------------------------------------------
travis_time:end:1238dfc0:start=1426139028544854715,finish=1426139046123039623,duration=17578184908[0K
[32;1mThe command "mvn test -B" exited with 0.[0m
travis_fold:start:cache.2[0Kstore build cache
travis_time:start:14034cb4[0Kchange detected: /home/travis/.m2/repository/com/squareup/okio/okio-parent/maven-metadata-local.xml
changes detected, packing new archive
uploading archive
travis_time:end:14034cb4:start=1426139046127025190,finish=1426139050894849569,duration=4767824379[0Ktravis_fold:end:cache.2[0Ktravis_fold:start:after_success[0Ktravis_time:start:191371d5[0K$ .buildscript/deploy_snapshot.sh
Skipping snapshot deployment: wrong JDK. Expected 'oraclejdk8' but was 'oraclejdk7'.
travis_time:end:191371d5:start=1426139050898597477,finish=1426139050902870864,duration=4273387[0Ktravis_fold:end:after_success[0K
Done. Your build exited with 0.
