Using worker: worker-linux-docker-d2f38d2a.prod.travis-ci.org:travis-linux-14

travis_fold:start:system_info[0K[33;1mBuild system information[0m
Build language: java
Build group: stable
Build dist: precise
Build id: 158995094
Job id: 158995095
travis-build version: ef82e8245
[34m[1mBuild image provisioning date and time[0m
Thu Feb  5 15:09:33 UTC 2015
[34m[1mOperating System Details[0m
Distributor ID:	Ubuntu
Description:	Ubuntu 12.04.5 LTS
Release:	12.04
Codename:	precise
[34m[1mLinux Version[0m
3.13.0-29-generic
[34m[1mCookbooks Version[0m
a68419e https://github.com/travis-ci/travis-cookbooks/tree/a68419e
[34m[1mGCC version[0m
gcc (Ubuntu/Linaro 4.6.3-1ubuntu5) 4.6.3
Copyright (C) 2011 Free Software Foundation, Inc.
This is free software; see the source for copying conditions.  There is NO
warranty; not even for MERCHANTABILITY or FITNESS FOR A PARTICULAR PURPOSE.

[34m[1mLLVM version[0m
clang version 3.4 (tags/RELEASE_34/final)
Target: x86_64-unknown-linux-gnu
Thread model: posix
[34m[1mPre-installed Ruby versions[0m
ruby-1.9.3-p551
[34m[1mPre-installed Node.js versions[0m
v0.10.36
[34m[1mPre-installed Go versions[0m
1.4.1
[34m[1mRedis version[0m
redis-server 2.8.19
[34m[1mriak version[0m
2.0.2
[34m[1mMongoDB version[0m
MongoDB 2.4.12
[34m[1mCouchDB version[0m
couchdb 1.6.1
[34m[1mNeo4j version[0m
1.9.4
[34m[1mRabbitMQ Version[0m
3.4.3
[34m[1mElasticSearch version[0m
1.4.0
[34m[1mInstalled Sphinx versions[0m
2.0.10
2.1.9
2.2.6
[34m[1mDefault Sphinx version[0m
2.2.6
[34m[1mInstalled Firefox version[0m
firefox 31.0esr
[34m[1mPhantomJS version[0m
1.9.8
[34m[1mant -version[0m
Apache Ant(TM) version 1.8.2 compiled on December 3 2011
[34m[1mmvn -version[0m
Apache Maven 3.2.5 (12a6b3acb947671f09b81f49094c53f426d8cea1; 2014-12-14T17:29:23+00:00)
Maven home: /usr/local/maven
Java version: 1.7.0_76, vendor: Oracle Corporation
Java home: /usr/lib/jvm/java-7-oracle/jre
Default locale: en_US, platform encoding: ANSI_X3.4-1968
OS name: "linux", version: "3.13.0-29-generic", arch: "amd64", family: "unix"
travis_fold:end:system_info[0K
travis_fold:start:fix.CVE-2015-7547[0K$ export DEBIAN_FRONTEND=noninteractive
W: Size of file /var/lib/apt/lists/us.archive.ubuntu.com_ubuntu_dists_precise-backports_multiverse_source_Sources.gz is not what the server reported 5886 5888
W: Size of file /var/lib/apt/lists/ppa.launchpad.net_ubuntugis_ppa_ubuntu_dists_precise_main_binary-amd64_Packages.gz is not what the server reported 33653 36677
W: Size of file /var/lib/apt/lists/ppa.launchpad.net_ubuntugis_ppa_ubuntu_dists_precise_main_binary-i386_Packages.gz is not what the server reported 33699 36733
Reading package lists...
Building dependency tree...
Reading state information...
The following extra packages will be installed:
  libc-bin libc-dev-bin libc6-dev
Suggested packages:
  glibc-doc
The following packages will be upgraded:
  libc-bin libc-dev-bin libc6 libc6-dev
4 upgraded, 0 newly installed, 0 to remove and 258 not upgraded.
Need to get 8,840 kB of archives.
After this operation, 14.3 kB disk space will be freed.
Get:1 http://us.archive.ubuntu.com/ubuntu/ precise-updates/main libc6-dev amd64 2.15-0ubuntu10.15 [2,943 kB]
Get:2 http://us.archive.ubuntu.com/ubuntu/ precise-updates/main libc-dev-bin amd64 2.15-0ubuntu10.15 [84.7 kB]
Get:3 http://us.archive.ubuntu.com/ubuntu/ precise-updates/main libc-bin amd64 2.15-0ubuntu10.15 [1,177 kB]
Get:4 http://us.archive.ubuntu.com/ubuntu/ precise-updates/main libc6 amd64 2.15-0ubuntu10.15 [4,636 kB]
Fetched 8,840 kB in 0s (29.5 MB/s)
Preconfiguring packages ...
(Reading database ... (Reading database ... 5%(Reading database ... 10%(Reading database ... 15%(Reading database ... 20%(Reading database ... 25%(Reading database ... 30%(Reading database ... 35%(Reading database ... 40%(Reading database ... 45%(Reading database ... 50%(Reading database ... 55%(Reading database ... 60%(Reading database ... 65%(Reading database ... 70%(Reading database ... 75%(Reading database ... 80%(Reading database ... 85%(Reading database ... 90%(Reading database ... 95%(Reading database ... 100%(Reading database ... 72019 files and directories currently installed.)
Preparing to replace libc6-dev 2.15-0ubuntu10.10 (using .../libc6-dev_2.15-0ubuntu10.15_amd64.deb) ...
Unpacking replacement libc6-dev ...
Preparing to replace libc-dev-bin 2.15-0ubuntu10.10 (using .../libc-dev-bin_2.15-0ubuntu10.15_amd64.deb) ...
Unpacking replacement libc-dev-bin ...
Preparing to replace libc-bin 2.15-0ubuntu10.10 (using .../libc-bin_2.15-0ubuntu10.15_amd64.deb) ...
Unpacking replacement libc-bin ...
Processing triggers for man-db ...
Setting up libc-bin (2.15-0ubuntu10.15) ...
(Reading database ... (Reading database ... 5%(Reading database ... 10%(Reading database ... 15%(Reading database ... 20%(Reading database ... 25%(Reading database ... 30%(Reading database ... 35%(Reading database ... 40%(Reading database ... 45%(Reading database ... 50%(Reading database ... 55%(Reading database ... 60%(Reading database ... 65%(Reading database ... 70%(Reading database ... 75%(Reading database ... 80%(Reading database ... 85%(Reading database ... 90%(Reading database ... 95%(Reading database ... 100%(Reading database ... 72018 files and directories currently installed.)
Preparing to replace libc6 2.15-0ubuntu10.10 (using .../libc6_2.15-0ubuntu10.15_amd64.deb) ...
Unpacking replacement libc6 ...
Setting up libc6 (2.15-0ubuntu10.15) ...
Setting up libc-dev-bin (2.15-0ubuntu10.15) ...
Setting up libc6-dev (2.15-0ubuntu10.15) ...
Processing triggers for libc-bin ...
ldconfig deferred processing now taking place
travis_fold:end:fix.CVE-2015-7547[0Ktravis_fold:start:git.checkout[0Ktravis_time:start:24f39f9d[0K$ git clone --depth=50 --branch=version4 https://github.com/owlcs/owlapi.git owlcs/owlapi
Cloning into 'owlcs/owlapi'...
remote: Counting objects: 3548, done.[K
remote: Compressing objects:   0% (1/2032)   [Kremote: Compressing objects:   1% (21/2032)   [Kremote: Compressing objects:   2% (41/2032)   [Kremote: Compressing objects:   3% (61/2032)   [Kremote: Compressing objects:   4% (82/2032)   [Kremote: Compressing objects:   5% (102/2032)   [Kremote: Compressing objects:   6% (122/2032)   [Kremote: Compressing objects:   7% (143/2032)   [Kremote: Compressing objects:   8% (163/2032)   [Kremote: Compressing objects:   9% (183/2032)   [Kremote: Compressing objects:  10% (204/2032)   [Kremote: Compressing objects:  11% (224/2032)   [Kremote: Compressing objects:  12% (244/2032)   [Kremote: Compressing objects:  13% (265/2032)   [Kremote: Compressing objects:  14% (285/2032)   [Kremote: Compressing objects:  15% (305/2032)   [Kremote: Compressing objects:  16% (326/2032)   [Kremote: Compressing objects:  17% (346/2032)   [Kremote: Compressing objects:  18% (366/2032)   [Kremote: Compressing objects:  19% (387/2032)   [Kremote: Compressing objects:  20% (407/2032)   [Kremote: Compressing objects:  21% (427/2032)   [Kremote: Compressing objects:  22% (448/2032)   [Kremote: Compressing objects:  23% (468/2032)   [Kremote: Compressing objects:  24% (488/2032)   [Kremote: Compressing objects:  25% (508/2032)   [Kremote: Compressing objects:  26% (529/2032)   [Kremote: Compressing objects:  27% (549/2032)   [Kremote: Compressing objects:  28% (569/2032)   [Kremote: Compressing objects:  29% (590/2032)   [Kremote: Compressing objects:  30% (610/2032)   [Kremote: Compressing objects:  31% (630/2032)   [Kremote: Compressing objects:  32% (651/2032)   [Kremote: Compressing objects:  33% (671/2032)   [Kremote: Compressing objects:  34% (691/2032)   [Kremote: Compressing objects:  35% (712/2032)   [Kremote: Compressing objects:  36% (732/2032)   [Kremote: Compressing objects:  37% (752/2032)   [Kremote: Compressing objects:  38% (773/2032)   [Kremote: Compressing objects:  39% (793/2032)   [Kremote: Compressing objects:  40% (813/2032)   [Kremote: Compressing objects:  41% (834/2032)   [Kremote: Compressing objects:  42% (854/2032)   [Kremote: Compressing objects:  43% (874/2032)   [Kremote: Compressing objects:  44% (895/2032)   [Kremote: Compressing objects:  45% (915/2032)   [Kremote: Compressing objects:  46% (935/2032)   [Kremote: Compressing objects:  47% (956/2032)   [Kremote: Compressing objects:  48% (976/2032)   [Kremote: Compressing objects:  49% (996/2032)   [Kremote: Compressing objects:  50% (1016/2032)   [Kremote: Compressing objects:  51% (1037/2032)   [Kremote: Compressing objects:  52% (1057/2032)   [Kremote: Compressing objects:  53% (1077/2032)   [Kremote: Compressing objects:  54% (1098/2032)   [Kremote: Compressing objects:  55% (1118/2032)   [Kremote: Compressing objects:  56% (1138/2032)   [Kremote: Compressing objects:  57% (1159/2032)   [Kremote: Compressing objects:  58% (1179/2032)   [Kremote: Compressing objects:  59% (1199/2032)   [Kremote: Compressing objects:  60% (1220/2032)   [Kremote: Compressing objects:  61% (1240/2032)   [Kremote: Compressing objects:  62% (1260/2032)   [Kremote: Compressing objects:  63% (1281/2032)   [Kremote: Compressing objects:  64% (1301/2032)   [Kremote: Compressing objects:  65% (1321/2032)   [Kremote: Compressing objects:  66% (1342/2032)   [Kremote: Compressing objects:  67% (1362/2032)   [Kremote: Compressing objects:  68% (1382/2032)   [Kremote: Compressing objects:  69% (1403/2032)   [Kremote: Compressing objects:  70% (1423/2032)   [Kremote: Compressing objects:  71% (1443/2032)   [Kremote: Compressing objects:  72% (1464/2032)   [Kremote: Compressing objects:  73% (1484/2032)   [Kremote: Compressing objects:  74% (1504/2032)   [Kremote: Compressing objects:  75% (1524/2032)   [Kremote: Compressing objects:  76% (1545/2032)   [Kremote: Compressing objects:  77% (1565/2032)   [Kremote: Compressing objects:  78% (1585/2032)   [Kremote: Compressing objects:  79% (1606/2032)   [Kremote: Compressing objects:  80% (1626/2032)   [Kremote: Compressing objects:  81% (1646/2032)   [Kremote: Compressing objects:  82% (1667/2032)   [Kremote: Compressing objects:  83% (1687/2032)   [Kremote: Compressing objects:  84% (1707/2032)   [Kremote: Compressing objects:  85% (1728/2032)   [Kremote: Compressing objects:  86% (1748/2032)   [Kremote: Compressing objects:  87% (1768/2032)   [Kremote: Compressing objects:  88% (1789/2032)   [Kremote: Compressing objects:  89% (1809/2032)   [Kremote: Compressing objects:  90% (1829/2032)   [Kremote: Compressing objects:  91% (1850/2032)   [Kremote: Compressing objects:  92% (1870/2032)   [Kremote: Compressing objects:  93% (1890/2032)   [Kremote: Compressing objects:  94% (1911/2032)   [Kremote: Compressing objects:  95% (1931/2032)   [Kremote: Compressing objects:  96% (1951/2032)   [Kremote: Compressing objects:  97% (1972/2032)   [Kremote: Compressing objects:  98% (1992/2032)   [Kremote: Compressing objects:  99% (2012/2032)   [Kremote: Compressing objects: 100% (2032/2032)   [Kremote: Compressing objects: 100% (2032/2032), done.[K
Receiving objects:   0% (1/3548)   Receiving objects:   1% (36/3548)   Receiving objects:   2% (71/3548)   Receiving objects:   3% (107/3548)   Receiving objects:   4% (142/3548)   Receiving objects:   5% (178/3548)   Receiving objects:   6% (213/3548)   Receiving objects:   7% (249/3548)   Receiving objects:   8% (284/3548)   Receiving objects:   9% (320/3548)   Receiving objects:  10% (355/3548)   Receiving objects:  11% (391/3548)   Receiving objects:  12% (426/3548)   Receiving objects:  13% (462/3548)   Receiving objects:  14% (497/3548)   Receiving objects:  15% (533/3548)   Receiving objects:  16% (568/3548)   Receiving objects:  17% (604/3548)   Receiving objects:  18% (639/3548)   Receiving objects:  19% (675/3548)   Receiving objects:  20% (710/3548)   Receiving objects:  21% (746/3548)   Receiving objects:  22% (781/3548)   Receiving objects:  23% (817/3548)   Receiving objects:  24% (852/3548)   Receiving objects:  25% (887/3548)   Receiving objects:  26% (923/3548)   Receiving objects:  27% (958/3548)   Receiving objects:  28% (994/3548)   Receiving objects:  29% (1029/3548)   Receiving objects:  30% (1065/3548)   Receiving objects:  31% (1100/3548)   Receiving objects:  32% (1136/3548)   Receiving objects:  33% (1171/3548)   Receiving objects:  34% (1207/3548)   Receiving objects:  35% (1242/3548)   Receiving objects:  36% (1278/3548)   Receiving objects:  37% (1313/3548)   Receiving objects:  38% (1349/3548)   Receiving objects:  39% (1384/3548)   Receiving objects:  40% (1420/3548)   Receiving objects:  41% (1455/3548)   Receiving objects:  42% (1491/3548)   Receiving objects:  43% (1526/3548)   Receiving objects:  44% (1562/3548)   Receiving objects:  45% (1597/3548)   Receiving objects:  46% (1633/3548)   Receiving objects:  47% (1668/3548)   Receiving objects:  48% (1704/3548)   Receiving objects:  49% (1739/3548)   Receiving objects:  50% (1774/3548)   Receiving objects:  51% (1810/3548)   Receiving objects:  52% (1845/3548)   Receiving objects:  53% (1881/3548)   Receiving objects:  54% (1916/3548)   Receiving objects:  55% (1952/3548)   Receiving objects:  56% (1987/3548)   Receiving objects:  57% (2023/3548)   Receiving objects:  58% (2058/3548)   Receiving objects:  59% (2094/3548)   Receiving objects:  60% (2129/3548)   Receiving objects:  61% (2165/3548)   Receiving objects:  62% (2200/3548)   Receiving objects:  63% (2236/3548)   Receiving objects:  64% (2271/3548)   Receiving objects:  65% (2307/3548)   Receiving objects:  66% (2342/3548)   Receiving objects:  67% (2378/3548)   Receiving objects:  68% (2413/3548)   Receiving objects:  69% (2449/3548)   Receiving objects:  70% (2484/3548)   Receiving objects:  71% (2520/3548)   Receiving objects:  72% (2555/3548)   Receiving objects:  73% (2591/3548)   Receiving objects:  74% (2626/3548)   Receiving objects:  75% (2661/3548)   Receiving objects:  76% (2697/3548)   Receiving objects:  77% (2732/3548)   Receiving objects:  78% (2768/3548)   Receiving objects:  79% (2803/3548)   Receiving objects:  80% (2839/3548)   Receiving objects:  81% (2874/3548)   Receiving objects:  82% (2910/3548)   Receiving objects:  83% (2945/3548)   Receiving objects:  84% (2981/3548)   remote: Total 3548 (delta 1885), reused 2276 (delta 1113), pack-reused 0[K
Receiving objects:  85% (3016/3548)   Receiving objects:  86% (3052/3548)   Receiving objects:  87% (3087/3548)   Receiving objects:  88% (3123/3548)   Receiving objects:  89% (3158/3548)   Receiving objects:  90% (3194/3548)   Receiving objects:  91% (3229/3548)   Receiving objects:  92% (3265/3548)   Receiving objects:  93% (3300/3548)   Receiving objects:  94% (3336/3548)   Receiving objects:  95% (3371/3548)   Receiving objects:  96% (3407/3548)   Receiving objects:  97% (3442/3548)   Receiving objects:  98% (3478/3548)   Receiving objects:  99% (3513/3548)   Receiving objects: 100% (3548/3548)   Receiving objects: 100% (3548/3548), 2.14 MiB | 0 bytes/s, done.
Resolving deltas:   0% (0/1885)   Resolving deltas:   1% (20/1885)   Resolving deltas:   2% (47/1885)   Resolving deltas:   3% (57/1885)   Resolving deltas:   8% (165/1885)   Resolving deltas:   9% (172/1885)   Resolving deltas:  10% (196/1885)   Resolving deltas:  11% (224/1885)   Resolving deltas:  12% (237/1885)   Resolving deltas:  13% (262/1885)   Resolving deltas:  15% (284/1885)   Resolving deltas:  17% (325/1885)   Resolving deltas:  18% (341/1885)   Resolving deltas:  19% (361/1885)   Resolving deltas:  20% (380/1885)   Resolving deltas:  21% (399/1885)   Resolving deltas:  22% (421/1885)   Resolving deltas:  25% (475/1885)   Resolving deltas:  28% (540/1885)   Resolving deltas:  29% (548/1885)   Resolving deltas:  30% (578/1885)   Resolving deltas:  31% (587/1885)   Resolving deltas:  32% (604/1885)   Resolving deltas:  34% (644/1885)   Resolving deltas:  35% (665/1885)   Resolving deltas:  36% (683/1885)   Resolving deltas:  37% (699/1885)   Resolving deltas:  38% (723/1885)   Resolving deltas:  39% (745/1885)   Resolving deltas:  40% (763/1885)   Resolving deltas:  41% (776/1885)   Resolving deltas:  42% (803/1885)   Resolving deltas:  43% (825/1885)   Resolving deltas:  44% (832/1885)   Resolving deltas:  45% (863/1885)   Resolving deltas:  46% (871/1885)   Resolving deltas:  47% (886/1885)   Resolving deltas:  48% (910/1885)   Resolving deltas:  49% (924/1885)   Resolving deltas:  50% (945/1885)   Resolving deltas:  51% (963/1885)   Resolving deltas:  52% (984/1885)   Resolving deltas:  53% (1000/1885)   Resolving deltas:  56% (1069/1885)   Resolving deltas:  58% (1097/1885)   Resolving deltas:  59% (1116/1885)   Resolving deltas:  61% (1155/1885)   Resolving deltas:  62% (1171/1885)   Resolving deltas:  63% (1192/1885)   Resolving deltas:  65% (1228/1885)   Resolving deltas:  66% (1247/1885)   Resolving deltas:  68% (1298/1885)   Resolving deltas:  71% (1352/1885)   Resolving deltas:  73% (1384/1885)   Resolving deltas:  74% (1398/1885)   Resolving deltas:  75% (1419/1885)   Resolving deltas:  76% (1435/1885)   Resolving deltas:  77% (1452/1885)   Resolving deltas:  78% (1471/1885)   Resolving deltas:  79% (1500/1885)   Resolving deltas:  80% (1511/1885)   Resolving deltas:  81% (1527/1885)   Resolving deltas:  82% (1548/1885)   Resolving deltas:  85% (1615/1885)   Resolving deltas:  86% (1628/1885)   Resolving deltas:  87% (1653/1885)   Resolving deltas:  88% (1659/1885)   Resolving deltas:  89% (1684/1885)   Resolving deltas:  90% (1704/1885)   Resolving deltas:  91% (1716/1885)   Resolving deltas:  92% (1736/1885)   Resolving deltas:  93% (1755/1885)   Resolving deltas:  94% (1772/1885)   Resolving deltas:  95% (1800/1885)   Resolving deltas:  96% (1812/1885)   Resolving deltas:  97% (1832/1885)   Resolving deltas:  98% (1848/1885)   Resolving deltas:  99% (1871/1885)   Resolving deltas: 100% (1885/1885)   Resolving deltas: 100% (1885/1885), done.
Checking connectivity... done.

travis_time:end:24f39f9d:start=1473528560852056310,finish=1473528562057773090,duration=1205716780[0K$ cd owlcs/owlapi
$ git checkout -qf 960ce941ef632c9a1239f35a565ae9b9b02a0956
travis_fold:end:git.checkout[0K
[33;1mThis job is running on container-based infrastructure, which does not allow use of 'sudo', setuid and setguid executables.[0m
[33;1mIf you require sudo, add 'sudo: required' to your .travis.yml[0m
[33;1mSee https://docs.travis-ci.com/user/workers/container-based-infrastructure/ for details.[0m
$ jdk_switcher use openjdk7
Switching to OpenJDK7 (java-1.7.0-openjdk-amd64), JAVA_HOME will be set to /usr/lib/jvm/java-7-openjdk-amd64
travis_fold:start:cache.1[0KSetting up build cache
$ export CASHER_DIR=$HOME/.casher
travis_time:start:1ccda204[0K$ Installing caching utilities

travis_time:end:1ccda204:start=1473528564286327311,finish=1473528564333070938,duration=46743627[0Ktravis_time:start:11e38160[0K
travis_time:end:11e38160:start=1473528564337997881,finish=1473528564341903069,duration=3905188[0Ktravis_time:start:00ff09d8[0K[32;1mattempting to download cache archive[0m
[32;1mfetching version4/cache-linux-precise-e3b0c44298fc1c149afbf4c8996fb92427ae41e4649b934ca495991b7852b855--jdk-openjdk7.tgz[0m
[32;1mfound cache[0m

travis_time:end:00ff09d8:start=1473528564345883818,finish=1473528565739792946,duration=1393909128[0Ktravis_time:start:00568ce0[0K
travis_time:end:00568ce0:start=1473528565744986081,finish=1473528565748995840,duration=4009759[0Ktravis_time:start:15c0ba1e[0K[32;1madding /home/travis/.m2 to cache[0m

travis_time:end:15c0ba1e:start=1473528565752754698,finish=1473528567284997302,duration=1532242604[0Ktravis_fold:end:cache.1[0K$ java -Xmx32m -version
java version "1.7.0_75"
OpenJDK Runtime Environment (IcedTea 2.5.4) (7u75-2.5.4-1~precise1)
OpenJDK 64-Bit Server VM (build 24.75-b04, mixed mode)
$ javac -J-Xmx32m -version
javac 1.7.0_75
travis_fold:start:install[0Ktravis_time:start:070655c0[0K$ mvn install -DskipTests=true -Dmaven.javadoc.skip=true -B -V
Apache Maven 3.2.5 (12a6b3acb947671f09b81f49094c53f426d8cea1; 2014-12-14T17:29:23+00:00)
Maven home: /usr/local/maven
Java version: 1.7.0_75, vendor: Oracle Corporation
Java home: /usr/lib/jvm/java-7-openjdk-amd64/jre
Default locale: en_US, platform encoding: UTF-8
OS name: "linux", version: "3.13.0-40-generic", arch: "amd64", family: "unix"
[INFO] Scanning for projects...
[INFO] Inspecting build with total of 13 modules...
[INFO] Installing Nexus Staging features:
[INFO]   ... total of 13 executions of maven-deploy-plugin replaced with nexus-staging-maven-plugin
[INFO] ------------------------------------------------------------------------
[INFO] Reactor Build Order:
[INFO] 
[INFO] OWLAPI
[INFO] OWLAPI Model Interfaces and utilities
[INFO] OWLAPI Default Implementation
[INFO] tools
[INFO] parsers
[INFO] oboformat parser
[INFO] OWLAPITOOLS OWL profile and fixers
[INFO] OWLAPI :: Sesame Rio module
[INFO] OWLAPI Binding and Config
[INFO] compatibility
[INFO] tests and tutorials
[INFO] OWLAPI Distribution
[INFO] OWLAPI OSGi and Compatibility Distribution
[INFO]                                                                         
[INFO] ------------------------------------------------------------------------
[INFO] Building OWLAPI 4.2.5
[INFO] ------------------------------------------------------------------------
[INFO] 
[INFO] --- maven-enforcer-plugin:1.0:enforce (enforce-maven) @ owlapi-parent ---
[INFO] 
[INFO] --- animal-sniffer-maven-plugin:1.13:check (default) @ owlapi-parent ---
[INFO] Checking unresolved references to org.codehaus.mojo.signature:java17:1.0
[INFO] 
[INFO] >>> maven-source-plugin:2.2.1:jar (attach-sources) > generate-sources @ owlapi-parent >>>
[INFO] 
[INFO] --- maven-enforcer-plugin:1.0:enforce (enforce-maven) @ owlapi-parent ---
[INFO] 
[INFO] <<< maven-source-plugin:2.2.1:jar (attach-sources) < generate-sources @ owlapi-parent <<<
[INFO] 
[INFO] --- maven-source-plugin:2.2.1:jar (attach-sources) @ owlapi-parent ---
[INFO] 
[INFO] --- maven-javadoc-plugin:2.8.1:jar (attach-javadocs) @ owlapi-parent ---
[INFO] Skipping javadoc generation
[INFO] 
[INFO] --- maven-install-plugin:2.4:install (default-install) @ owlapi-parent ---
[INFO] Installing /home/travis/build/owlcs/owlapi/pom.xml to /home/travis/.m2/repository/net/sourceforge/owlapi/owlapi-parent/4.2.5/owlapi-parent-4.2.5.pom
[INFO]                                                                         
[INFO] ------------------------------------------------------------------------
[INFO] Building OWLAPI Model Interfaces and utilities 4.2.5
[INFO] ------------------------------------------------------------------------
[INFO] 
[INFO] --- maven-enforcer-plugin:1.0:enforce (enforce-maven) @ owlapi-api ---
[INFO] 
[INFO] --- maven-resources-plugin:2.6:resources (default-resources) @ owlapi-api ---
[INFO] Using 'UTF-8' encoding to copy filtered resources.
[INFO] skip non existing resourceDirectory /home/travis/build/owlcs/owlapi/api/src/main/resources
[INFO] 
[INFO] --- maven-compiler-plugin:2.3.2:compile (default-compile) @ owlapi-api ---
[INFO] Compiling 683 source files to /home/travis/build/owlcs/owlapi/api/target/classes
[INFO] 
[INFO] --- maven-resources-plugin:2.6:testResources (default-testResources) @ owlapi-api ---
[INFO] Using 'UTF-8' encoding to copy filtered resources.
[INFO] Copying 1 resource
[INFO] 
[INFO] --- maven-compiler-plugin:2.3.2:testCompile (default-testCompile) @ owlapi-api ---
[INFO] Compiling 16 source files to /home/travis/build/owlcs/owlapi/api/target/test-classes
[INFO] 
[INFO] --- maven-surefire-plugin:2.18.1:test (default-test) @ owlapi-api ---
[INFO] Tests are skipped.
[INFO] 
[INFO] --- animal-sniffer-maven-plugin:1.13:check (default) @ owlapi-api ---
[INFO] Checking unresolved references to org.codehaus.mojo.signature:java17:1.0
[INFO] 
[INFO] --- maven-jar-plugin:2.4:jar (default-jar) @ owlapi-api ---
[INFO] Building jar: /home/travis/build/owlcs/owlapi/api/target/owlapi-api-4.2.5.jar
[INFO] 
[INFO] >>> maven-source-plugin:2.2.1:jar (attach-sources) > generate-sources @ owlapi-api >>>
[INFO] 
[INFO] --- maven-enforcer-plugin:1.0:enforce (enforce-maven) @ owlapi-api ---
[INFO] 
[INFO] <<< maven-source-plugin:2.2.1:jar (attach-sources) < generate-sources @ owlapi-api <<<
[INFO] 
[INFO] --- maven-source-plugin:2.2.1:jar (attach-sources) @ owlapi-api ---
[INFO] Building jar: /home/travis/build/owlcs/owlapi/api/target/owlapi-api-4.2.5-sources.jar
[INFO] 
[INFO] --- maven-javadoc-plugin:2.8.1:jar (attach-javadocs) @ owlapi-api ---
[INFO] Skipping javadoc generation
[INFO] 
[INFO] --- maven-install-plugin:2.4:install (default-install) @ owlapi-api ---
[INFO] Installing /home/travis/build/owlcs/owlapi/api/target/owlapi-api-4.2.5.jar to /home/travis/.m2/repository/net/sourceforge/owlapi/owlapi-api/4.2.5/owlapi-api-4.2.5.jar
[INFO] Installing /home/travis/build/owlcs/owlapi/api/pom.xml to /home/travis/.m2/repository/net/sourceforge/owlapi/owlapi-api/4.2.5/owlapi-api-4.2.5.pom
[INFO] Installing /home/travis/build/owlcs/owlapi/api/target/owlapi-api-4.2.5-sources.jar to /home/travis/.m2/repository/net/sourceforge/owlapi/owlapi-api/4.2.5/owlapi-api-4.2.5-sources.jar
[INFO]                                                                         
[INFO] ------------------------------------------------------------------------
[INFO] Building OWLAPI Default Implementation 4.2.5
[INFO] ------------------------------------------------------------------------
[INFO] 
[INFO] --- maven-enforcer-plugin:1.0:enforce (enforce-maven) @ owlapi-impl ---
[INFO] 
[INFO] --- maven-resources-plugin:2.6:resources (default-resources) @ owlapi-impl ---
[INFO] Using 'UTF-8' encoding to copy filtered resources.
[INFO] skip non existing resourceDirectory /home/travis/build/owlcs/owlapi/impl/src/main/resources
[INFO] 
[INFO] --- maven-compiler-plugin:2.3.2:compile (default-compile) @ owlapi-impl ---
[INFO] Compiling 182 source files to /home/travis/build/owlcs/owlapi/impl/target/classes
[INFO] 
[INFO] --- maven-resources-plugin:2.6:testResources (default-testResources) @ owlapi-impl ---
[INFO] Using 'UTF-8' encoding to copy filtered resources.
[INFO] skip non existing resourceDirectory /home/travis/build/owlcs/owlapi/impl/src/test/resources
[INFO] 
[INFO] --- maven-compiler-plugin:2.3.2:testCompile (default-testCompile) @ owlapi-impl ---
[INFO] Compiling 8 source files to /home/travis/build/owlcs/owlapi/impl/target/test-classes
[INFO] 
[INFO] --- maven-surefire-plugin:2.18.1:test (default-test) @ owlapi-impl ---
[INFO] Tests are skipped.
[INFO] 
[INFO] --- animal-sniffer-maven-plugin:1.13:check (default) @ owlapi-impl ---
[INFO] Checking unresolved references to org.codehaus.mojo.signature:java17:1.0
[INFO] 
[INFO] --- maven-jar-plugin:2.4:jar (default-jar) @ owlapi-impl ---
[INFO] Building jar: /home/travis/build/owlcs/owlapi/impl/target/owlapi-impl-4.2.5.jar
[INFO] 
[INFO] >>> maven-source-plugin:2.2.1:jar (attach-sources) > generate-sources @ owlapi-impl >>>
[INFO] 
[INFO] --- maven-enforcer-plugin:1.0:enforce (enforce-maven) @ owlapi-impl ---
[INFO] 
[INFO] <<< maven-source-plugin:2.2.1:jar (attach-sources) < generate-sources @ owlapi-impl <<<
[INFO] 
[INFO] --- maven-source-plugin:2.2.1:jar (attach-sources) @ owlapi-impl ---
[INFO] Building jar: /home/travis/build/owlcs/owlapi/impl/target/owlapi-impl-4.2.5-sources.jar
[INFO] 
[INFO] --- maven-javadoc-plugin:2.8.1:jar (attach-javadocs) @ owlapi-impl ---
[INFO] Skipping javadoc generation
[INFO] 
[INFO] --- maven-install-plugin:2.4:install (default-install) @ owlapi-impl ---
[INFO] Installing /home/travis/build/owlcs/owlapi/impl/target/owlapi-impl-4.2.5.jar to /home/travis/.m2/repository/net/sourceforge/owlapi/owlapi-impl/4.2.5/owlapi-impl-4.2.5.jar
[INFO] Installing /home/travis/build/owlcs/owlapi/impl/pom.xml to /home/travis/.m2/repository/net/sourceforge/owlapi/owlapi-impl/4.2.5/owlapi-impl-4.2.5.pom
[INFO] Installing /home/travis/build/owlcs/owlapi/impl/target/owlapi-impl-4.2.5-sources.jar to /home/travis/.m2/repository/net/sourceforge/owlapi/owlapi-impl/4.2.5/owlapi-impl-4.2.5-sources.jar
[INFO]                                                                         
[INFO] ------------------------------------------------------------------------
[INFO] Building tools 4.2.5
[INFO] ------------------------------------------------------------------------
[INFO] 
[INFO] --- maven-enforcer-plugin:1.0:enforce (enforce-maven) @ owlapi-tools ---
[INFO] 
[INFO] --- maven-resources-plugin:2.6:resources (default-resources) @ owlapi-tools ---
[INFO] Using 'UTF-8' encoding to copy filtered resources.
[INFO] skip non existing resourceDirectory /home/travis/build/owlcs/owlapi/tools/src/main/resources
[INFO] 
[INFO] --- maven-compiler-plugin:2.3.2:compile (default-compile) @ owlapi-tools ---
[INFO] Compiling 75 source files to /home/travis/build/owlcs/owlapi/tools/target/classes
[INFO] 
[INFO] --- maven-resources-plugin:2.6:testResources (default-testResources) @ owlapi-tools ---
[INFO] Using 'UTF-8' encoding to copy filtered resources.
[INFO] skip non existing resourceDirectory /home/travis/build/owlcs/owlapi/tools/src/test/resources
[INFO] 
[INFO] --- maven-compiler-plugin:2.3.2:testCompile (default-testCompile) @ owlapi-tools ---
[INFO] No sources to compile
[INFO] 
[INFO] --- maven-surefire-plugin:2.18.1:test (default-test) @ owlapi-tools ---
[INFO] Tests are skipped.
[INFO] 
[INFO] --- animal-sniffer-maven-plugin:1.13:check (default) @ owlapi-tools ---
[INFO] Checking unresolved references to org.codehaus.mojo.signature:java17:1.0
[INFO] 
[INFO] --- maven-jar-plugin:2.4:jar (default-jar) @ owlapi-tools ---
[INFO] Building jar: /home/travis/build/owlcs/owlapi/tools/target/owlapi-tools-4.2.5.jar
[INFO] 
[INFO] >>> maven-source-plugin:2.2.1:jar (attach-sources) > generate-sources @ owlapi-tools >>>
[INFO] 
[INFO] --- maven-enforcer-plugin:1.0:enforce (enforce-maven) @ owlapi-tools ---
[INFO] 
[INFO] <<< maven-source-plugin:2.2.1:jar (attach-sources) < generate-sources @ owlapi-tools <<<
[INFO] 
[INFO] --- maven-source-plugin:2.2.1:jar (attach-sources) @ owlapi-tools ---
[INFO] Building jar: /home/travis/build/owlcs/owlapi/tools/target/owlapi-tools-4.2.5-sources.jar
[INFO] 
[INFO] --- maven-javadoc-plugin:2.8.1:jar (attach-javadocs) @ owlapi-tools ---
[INFO] Skipping javadoc generation
[INFO] 
[INFO] --- maven-install-plugin:2.4:install (default-install) @ owlapi-tools ---
[INFO] Installing /home/travis/build/owlcs/owlapi/tools/target/owlapi-tools-4.2.5.jar to /home/travis/.m2/repository/net/sourceforge/owlapi/owlapi-tools/4.2.5/owlapi-tools-4.2.5.jar
[INFO] Installing /home/travis/build/owlcs/owlapi/tools/pom.xml to /home/travis/.m2/repository/net/sourceforge/owlapi/owlapi-tools/4.2.5/owlapi-tools-4.2.5.pom
[INFO] Installing /home/travis/build/owlcs/owlapi/tools/target/owlapi-tools-4.2.5-sources.jar to /home/travis/.m2/repository/net/sourceforge/owlapi/owlapi-tools/4.2.5/owlapi-tools-4.2.5-sources.jar
[INFO]                                                                         
[INFO] ------------------------------------------------------------------------
[INFO] Building parsers 4.2.5
[INFO] ------------------------------------------------------------------------
[INFO] 
[INFO] --- maven-enforcer-plugin:1.0:enforce (enforce-maven) @ owlapi-parsers ---
[INFO] 
[INFO] --- maven-resources-plugin:2.6:resources (default-resources) @ owlapi-parsers ---
[INFO] Using 'UTF-8' encoding to copy filtered resources.
[INFO] Copying 2 resources
[INFO] 
[INFO] --- maven-compiler-plugin:2.3.2:compile (default-compile) @ owlapi-parsers ---
[INFO] Compiling 183 source files to /home/travis/build/owlcs/owlapi/parsers/target/classes
[INFO] 
[INFO] --- maven-resources-plugin:2.6:testResources (default-testResources) @ owlapi-parsers ---
[INFO] Using 'UTF-8' encoding to copy filtered resources.
[INFO] skip non existing resourceDirectory /home/travis/build/owlcs/owlapi/parsers/src/test/resources
[INFO] 
[INFO] --- maven-compiler-plugin:2.3.2:testCompile (default-testCompile) @ owlapi-parsers ---
[INFO] Compiling 1 source file to /home/travis/build/owlcs/owlapi/parsers/target/test-classes
[INFO] 
[INFO] --- maven-surefire-plugin:2.18.1:test (default-test) @ owlapi-parsers ---
[INFO] Tests are skipped.
[INFO] 
[INFO] --- animal-sniffer-maven-plugin:1.13:check (default) @ owlapi-parsers ---
[INFO] Checking unresolved references to org.codehaus.mojo.signature:java17:1.0
[INFO] 
[INFO] --- maven-jar-plugin:2.4:jar (default-jar) @ owlapi-parsers ---
[INFO] Building jar: /home/travis/build/owlcs/owlapi/parsers/target/owlapi-parsers-4.2.5.jar
[INFO] 
[INFO] >>> maven-source-plugin:2.2.1:jar (attach-sources) > generate-sources @ owlapi-parsers >>>
[INFO] 
[INFO] --- maven-enforcer-plugin:1.0:enforce (enforce-maven) @ owlapi-parsers ---
[INFO] 
[INFO] <<< maven-source-plugin:2.2.1:jar (attach-sources) < generate-sources @ owlapi-parsers <<<
[INFO] 
[INFO] --- maven-source-plugin:2.2.1:jar (attach-sources) @ owlapi-parsers ---
[INFO] Building jar: /home/travis/build/owlcs/owlapi/parsers/target/owlapi-parsers-4.2.5-sources.jar
[INFO] 
[INFO] --- maven-javadoc-plugin:2.8.1:jar (attach-javadocs) @ owlapi-parsers ---
[INFO] Skipping javadoc generation
[INFO] 
[INFO] --- maven-install-plugin:2.4:install (default-install) @ owlapi-parsers ---
[INFO] Installing /home/travis/build/owlcs/owlapi/parsers/target/owlapi-parsers-4.2.5.jar to /home/travis/.m2/repository/net/sourceforge/owlapi/owlapi-parsers/4.2.5/owlapi-parsers-4.2.5.jar
[INFO] Installing /home/travis/build/owlcs/owlapi/parsers/pom.xml to /home/travis/.m2/repository/net/sourceforge/owlapi/owlapi-parsers/4.2.5/owlapi-parsers-4.2.5.pom
[INFO] Installing /home/travis/build/owlcs/owlapi/parsers/target/owlapi-parsers-4.2.5-sources.jar to /home/travis/.m2/repository/net/sourceforge/owlapi/owlapi-parsers/4.2.5/owlapi-parsers-4.2.5-sources.jar
[INFO]                                                                         
[INFO] ------------------------------------------------------------------------
[INFO] Building oboformat parser 4.2.5
[INFO] ------------------------------------------------------------------------
[INFO] 
[INFO] --- maven-enforcer-plugin:1.0:enforce (enforce-maven) @ owlapi-oboformat ---
[INFO] 
[INFO] --- maven-resources-plugin:2.6:resources (default-resources) @ owlapi-oboformat ---
[INFO] Using 'UTF-8' encoding to copy filtered resources.
[INFO] Copying 2 resources
[INFO] 
[INFO] --- maven-compiler-plugin:2.3.2:compile (default-compile) @ owlapi-oboformat ---
[INFO] Compiling 34 source files to /home/travis/build/owlcs/owlapi/oboformat/target/classes
[INFO] 
[INFO] --- maven-resources-plugin:2.6:testResources (default-testResources) @ owlapi-oboformat ---
[INFO] Using 'UTF-8' encoding to copy filtered resources.
[INFO] skip non existing resourceDirectory /home/travis/build/owlcs/owlapi/oboformat/src/test/resources
[INFO] 
[INFO] --- maven-compiler-plugin:2.3.2:testCompile (default-testCompile) @ owlapi-oboformat ---
[INFO] Compiling 1 source file to /home/travis/build/owlcs/owlapi/oboformat/target/test-classes
[INFO] 
[INFO] --- maven-surefire-plugin:2.18.1:test (default-test) @ owlapi-oboformat ---
[INFO] Tests are skipped.
[INFO] 
[INFO] --- animal-sniffer-maven-plugin:1.13:check (default) @ owlapi-oboformat ---
[INFO] Checking unresolved references to org.codehaus.mojo.signature:java17:1.0
[INFO] 
[INFO] --- maven-jar-plugin:2.4:jar (default-jar) @ owlapi-oboformat ---
[INFO] Building jar: /home/travis/build/owlcs/owlapi/oboformat/target/owlapi-oboformat-4.2.5.jar
[INFO] 
[INFO] >>> maven-source-plugin:2.2.1:jar (attach-sources) > generate-sources @ owlapi-oboformat >>>
[INFO] 
[INFO] --- maven-enforcer-plugin:1.0:enforce (enforce-maven) @ owlapi-oboformat ---
[INFO] 
[INFO] <<< maven-source-plugin:2.2.1:jar (attach-sources) < generate-sources @ owlapi-oboformat <<<
[INFO] 
[INFO] --- maven-source-plugin:2.2.1:jar (attach-sources) @ owlapi-oboformat ---
[INFO] Building jar: /home/travis/build/owlcs/owlapi/oboformat/target/owlapi-oboformat-4.2.5-sources.jar
[INFO] 
[INFO] --- maven-javadoc-plugin:2.8.1:jar (attach-javadocs) @ owlapi-oboformat ---
[INFO] Skipping javadoc generation
[INFO] 
[INFO] --- maven-install-plugin:2.4:install (default-install) @ owlapi-oboformat ---
[INFO] Installing /home/travis/build/owlcs/owlapi/oboformat/target/owlapi-oboformat-4.2.5.jar to /home/travis/.m2/repository/net/sourceforge/owlapi/owlapi-oboformat/4.2.5/owlapi-oboformat-4.2.5.jar
[INFO] Installing /home/travis/build/owlcs/owlapi/oboformat/pom.xml to /home/travis/.m2/repository/net/sourceforge/owlapi/owlapi-oboformat/4.2.5/owlapi-oboformat-4.2.5.pom
[INFO] Installing /home/travis/build/owlcs/owlapi/oboformat/target/owlapi-oboformat-4.2.5-sources.jar to /home/travis/.m2/repository/net/sourceforge/owlapi/owlapi-oboformat/4.2.5/owlapi-oboformat-4.2.5-sources.jar
[INFO]                                                                         
[INFO] ------------------------------------------------------------------------
[INFO] Building OWLAPITOOLS OWL profile and fixers 4.2.5
[INFO] ------------------------------------------------------------------------
[INFO] 
[INFO] --- maven-enforcer-plugin:1.0:enforce (enforce-maven) @ owlapi-fixers ---
[INFO] 
[INFO] --- maven-resources-plugin:2.6:resources (default-resources) @ owlapi-fixers ---
[INFO] Using 'UTF-8' encoding to copy filtered resources.
[INFO] skip non existing resourceDirectory /home/travis/build/owlcs/owlapi/fixers/src/main/resources
[INFO] 
[INFO] --- maven-compiler-plugin:2.3.2:compile (default-compile) @ owlapi-fixers ---
[INFO] Compiling 95 source files to /home/travis/build/owlcs/owlapi/fixers/target/classes
[INFO] 
[INFO] --- maven-resources-plugin:2.6:testResources (default-testResources) @ owlapi-fixers ---
[INFO] Using 'UTF-8' encoding to copy filtered resources.
[INFO] skip non existing resourceDirectory /home/travis/build/owlcs/owlapi/fixers/src/test/resources
[INFO] 
[INFO] --- maven-compiler-plugin:2.3.2:testCompile (default-testCompile) @ owlapi-fixers ---
[INFO] Compiling 3 source files to /home/travis/build/owlcs/owlapi/fixers/target/test-classes
[INFO] 
[INFO] --- maven-surefire-plugin:2.18.1:test (default-test) @ owlapi-fixers ---
[INFO] Tests are skipped.
[INFO] 
[INFO] --- animal-sniffer-maven-plugin:1.13:check (default) @ owlapi-fixers ---
[INFO] Checking unresolved references to org.codehaus.mojo.signature:java17:1.0
[INFO] 
[INFO] --- maven-jar-plugin:2.4:jar (default-jar) @ owlapi-fixers ---
[INFO] Building jar: /home/travis/build/owlcs/owlapi/fixers/target/owlapi-fixers-4.2.5.jar
[INFO] 
[INFO] >>> maven-source-plugin:2.2.1:jar (attach-sources) > generate-sources @ owlapi-fixers >>>
[INFO] 
[INFO] --- maven-enforcer-plugin:1.0:enforce (enforce-maven) @ owlapi-fixers ---
[INFO] 
[INFO] <<< maven-source-plugin:2.2.1:jar (attach-sources) < generate-sources @ owlapi-fixers <<<
[INFO] 
[INFO] --- maven-source-plugin:2.2.1:jar (attach-sources) @ owlapi-fixers ---
[INFO] Building jar: /home/travis/build/owlcs/owlapi/fixers/target/owlapi-fixers-4.2.5-sources.jar
[INFO] 
[INFO] --- maven-javadoc-plugin:2.8.1:jar (attach-javadocs) @ owlapi-fixers ---
[INFO] Skipping javadoc generation
[INFO] 
[INFO] --- maven-install-plugin:2.4:install (default-install) @ owlapi-fixers ---
[INFO] Installing /home/travis/build/owlcs/owlapi/fixers/target/owlapi-fixers-4.2.5.jar to /home/travis/.m2/repository/net/sourceforge/owlapi/owlapi-fixers/4.2.5/owlapi-fixers-4.2.5.jar
[INFO] Installing /home/travis/build/owlcs/owlapi/fixers/pom.xml to /home/travis/.m2/repository/net/sourceforge/owlapi/owlapi-fixers/4.2.5/owlapi-fixers-4.2.5.pom
[INFO] Installing /home/travis/build/owlcs/owlapi/fixers/target/owlapi-fixers-4.2.5-sources.jar to /home/travis/.m2/repository/net/sourceforge/owlapi/owlapi-fixers/4.2.5/owlapi-fixers-4.2.5-sources.jar
[INFO]                                                                         
[INFO] ------------------------------------------------------------------------
[INFO] Building OWLAPI :: Sesame Rio module 4.2.5
[INFO] ------------------------------------------------------------------------
[INFO] 
[INFO] --- maven-enforcer-plugin:1.0:enforce (enforce-maven) @ owlapi-rio ---
[INFO] 
[INFO] --- maven-resources-plugin:2.6:resources (default-resources) @ owlapi-rio ---
[INFO] Using 'UTF-8' encoding to copy filtered resources.
[INFO] Copying 4 resources
[INFO] 
[INFO] --- maven-compiler-plugin:2.3.2:compile (default-compile) @ owlapi-rio ---
[INFO] Compiling 67 source files to /home/travis/build/owlcs/owlapi/rio/target/classes
[INFO] 
[INFO] --- maven-resources-plugin:2.6:testResources (default-testResources) @ owlapi-rio ---
[INFO] Using 'UTF-8' encoding to copy filtered resources.
[INFO] skip non existing resourceDirectory /home/travis/build/owlcs/owlapi/rio/src/test/resources
[INFO] 
[INFO] --- maven-compiler-plugin:2.3.2:testCompile (default-testCompile) @ owlapi-rio ---
[INFO] No sources to compile
[INFO] 
[INFO] --- maven-surefire-plugin:2.18.1:test (default-test) @ owlapi-rio ---
[INFO] Tests are skipped.
[INFO] 
[INFO] --- animal-sniffer-maven-plugin:1.13:check (default) @ owlapi-rio ---
[INFO] Checking unresolved references to org.codehaus.mojo.signature:java17:1.0
[INFO] 
[INFO] --- maven-jar-plugin:2.4:jar (default-jar) @ owlapi-rio ---
[INFO] Building jar: /home/travis/build/owlcs/owlapi/rio/target/owlapi-rio-4.2.5.jar
[INFO] 
[INFO] >>> maven-source-plugin:2.2.1:jar (attach-sources) > generate-sources @ owlapi-rio >>>
[INFO] 
[INFO] --- maven-enforcer-plugin:1.0:enforce (enforce-maven) @ owlapi-rio ---
[INFO] 
[INFO] <<< maven-source-plugin:2.2.1:jar (attach-sources) < generate-sources @ owlapi-rio <<<
[INFO] 
[INFO] --- maven-source-plugin:2.2.1:jar (attach-sources) @ owlapi-rio ---
[INFO] Building jar: /home/travis/build/owlcs/owlapi/rio/target/owlapi-rio-4.2.5-sources.jar
[INFO] 
[INFO] --- maven-javadoc-plugin:2.8.1:jar (attach-javadocs) @ owlapi-rio ---
[INFO] Skipping javadoc generation
[INFO] 
[INFO] --- maven-install-plugin:2.4:install (default-install) @ owlapi-rio ---
[INFO] Installing /home/travis/build/owlcs/owlapi/rio/target/owlapi-rio-4.2.5.jar to /home/travis/.m2/repository/net/sourceforge/owlapi/owlapi-rio/4.2.5/owlapi-rio-4.2.5.jar
[INFO] Installing /home/travis/build/owlcs/owlapi/rio/pom.xml to /home/travis/.m2/repository/net/sourceforge/owlapi/owlapi-rio/4.2.5/owlapi-rio-4.2.5.pom
[INFO] Installing /home/travis/build/owlcs/owlapi/rio/target/owlapi-rio-4.2.5-sources.jar to /home/travis/.m2/repository/net/sourceforge/owlapi/owlapi-rio/4.2.5/owlapi-rio-4.2.5-sources.jar
[INFO]                                                                         
[INFO] ------------------------------------------------------------------------
[INFO] Building OWLAPI Binding and Config 4.2.5
[INFO] ------------------------------------------------------------------------
[INFO] 
[INFO] --- maven-enforcer-plugin:1.0:enforce (enforce-maven) @ owlapi-apibinding ---
[INFO] 
[INFO] --- maven-resources-plugin:2.6:resources (default-resources) @ owlapi-apibinding ---
[INFO] Using 'UTF-8' encoding to copy filtered resources.
[INFO] Copying 1 resource
[INFO] 
[INFO] --- maven-compiler-plugin:2.3.2:compile (default-compile) @ owlapi-apibinding ---
[INFO] Compiling 3 source files to /home/travis/build/owlcs/owlapi/apibinding/target/classes
[INFO] 
[INFO] --- maven-resources-plugin:2.6:testResources (default-testResources) @ owlapi-apibinding ---
[INFO] Using 'UTF-8' encoding to copy filtered resources.
[INFO] skip non existing resourceDirectory /home/travis/build/owlcs/owlapi/apibinding/src/test/resources
[INFO] 
[INFO] --- maven-compiler-plugin:2.3.2:testCompile (default-testCompile) @ owlapi-apibinding ---
[INFO] No sources to compile
[INFO] 
[INFO] --- maven-surefire-plugin:2.18.1:test (default-test) @ owlapi-apibinding ---
[INFO] Tests are skipped.
[INFO] 
[INFO] --- animal-sniffer-maven-plugin:1.13:check (default) @ owlapi-apibinding ---
[INFO] Checking unresolved references to org.codehaus.mojo.signature:java17:1.0
[INFO] 
[INFO] --- maven-jar-plugin:2.4:jar (default-jar) @ owlapi-apibinding ---
[INFO] Building jar: /home/travis/build/owlcs/owlapi/apibinding/target/owlapi-apibinding-4.2.5.jar
[INFO] 
[INFO] >>> maven-source-plugin:2.2.1:jar (attach-sources) > generate-sources @ owlapi-apibinding >>>
[INFO] 
[INFO] --- maven-enforcer-plugin:1.0:enforce (enforce-maven) @ owlapi-apibinding ---
[INFO] 
[INFO] <<< maven-source-plugin:2.2.1:jar (attach-sources) < generate-sources @ owlapi-apibinding <<<
[INFO] 
[INFO] --- maven-source-plugin:2.2.1:jar (attach-sources) @ owlapi-apibinding ---
[INFO] Building jar: /home/travis/build/owlcs/owlapi/apibinding/target/owlapi-apibinding-4.2.5-sources.jar
[INFO] 
[INFO] --- maven-javadoc-plugin:2.8.1:jar (attach-javadocs) @ owlapi-apibinding ---
[INFO] Skipping javadoc generation
[INFO] 
[INFO] --- maven-install-plugin:2.4:install (default-install) @ owlapi-apibinding ---
[INFO] Installing /home/travis/build/owlcs/owlapi/apibinding/target/owlapi-apibinding-4.2.5.jar to /home/travis/.m2/repository/net/sourceforge/owlapi/owlapi-apibinding/4.2.5/owlapi-apibinding-4.2.5.jar
[INFO] Installing /home/travis/build/owlcs/owlapi/apibinding/pom.xml to /home/travis/.m2/repository/net/sourceforge/owlapi/owlapi-apibinding/4.2.5/owlapi-apibinding-4.2.5.pom
[INFO] Installing /home/travis/build/owlcs/owlapi/apibinding/target/owlapi-apibinding-4.2.5-sources.jar to /home/travis/.m2/repository/net/sourceforge/owlapi/owlapi-apibinding/4.2.5/owlapi-apibinding-4.2.5-sources.jar
[INFO]                                                                         
[INFO] ------------------------------------------------------------------------
[INFO] Building compatibility 4.2.5
[INFO] ------------------------------------------------------------------------
[INFO] 
[INFO] --- maven-enforcer-plugin:1.0:enforce (enforce-maven) @ owlapi-compatibility ---
[INFO] 
[INFO] --- maven-resources-plugin:2.6:resources (default-resources) @ owlapi-compatibility ---
[INFO] Using 'UTF-8' encoding to copy filtered resources.
[INFO] Copying 1 resource
[INFO] 
[INFO] --- maven-compiler-plugin:2.3.2:compile (default-compile) @ owlapi-compatibility ---
[INFO] Compiling 50 source files to /home/travis/build/owlcs/owlapi/compatibility/target/classes
[INFO] 
[INFO] --- maven-resources-plugin:2.6:testResources (default-testResources) @ owlapi-compatibility ---
[INFO] Using 'UTF-8' encoding to copy filtered resources.
[INFO] Copying 2 resources
[INFO] 
[INFO] --- maven-compiler-plugin:2.3.2:testCompile (default-testCompile) @ owlapi-compatibility ---
[INFO] Compiling 1 source file to /home/travis/build/owlcs/owlapi/compatibility/target/test-classes
[INFO] 
[INFO] --- maven-surefire-plugin:2.18.1:test (default-test) @ owlapi-compatibility ---
[INFO] Tests are skipped.
[INFO] 
[INFO] --- animal-sniffer-maven-plugin:1.13:check (default) @ owlapi-compatibility ---
[INFO] Checking unresolved references to org.codehaus.mojo.signature:java17:1.0
[INFO] 
[INFO] --- maven-jar-plugin:2.4:jar (default-jar) @ owlapi-compatibility ---
[INFO] Building jar: /home/travis/build/owlcs/owlapi/compatibility/target/owlapi-compatibility-4.2.5.jar
[INFO] 
[INFO] >>> maven-source-plugin:2.2.1:jar (attach-sources) > generate-sources @ owlapi-compatibility >>>
[INFO] 
[INFO] --- maven-enforcer-plugin:1.0:enforce (enforce-maven) @ owlapi-compatibility ---
[INFO] 
[INFO] <<< maven-source-plugin:2.2.1:jar (attach-sources) < generate-sources @ owlapi-compatibility <<<
[INFO] 
[INFO] --- maven-source-plugin:2.2.1:jar (attach-sources) @ owlapi-compatibility ---
[INFO] Building jar: /home/travis/build/owlcs/owlapi/compatibility/target/owlapi-compatibility-4.2.5-sources.jar
[INFO] 
[INFO] --- maven-javadoc-plugin:2.8.1:jar (attach-javadocs) @ owlapi-compatibility ---
[INFO] Skipping javadoc generation
[INFO] 
[INFO] --- maven-install-plugin:2.4:install (default-install) @ owlapi-compatibility ---
[INFO] Installing /home/travis/build/owlcs/owlapi/compatibility/target/owlapi-compatibility-4.2.5.jar to /home/travis/.m2/repository/net/sourceforge/owlapi/owlapi-compatibility/4.2.5/owlapi-compatibility-4.2.5.jar
[INFO] Installing /home/travis/build/owlcs/owlapi/compatibility/pom.xml to /home/travis/.m2/repository/net/sourceforge/owlapi/owlapi-compatibility/4.2.5/owlapi-compatibility-4.2.5.pom
[INFO] Installing /home/travis/build/owlcs/owlapi/compatibility/target/owlapi-compatibility-4.2.5-sources.jar to /home/travis/.m2/repository/net/sourceforge/owlapi/owlapi-compatibility/4.2.5/owlapi-compatibility-4.2.5-sources.jar
[INFO]                                                                         
[INFO] ------------------------------------------------------------------------
[INFO] Building tests and tutorials 4.2.5
[INFO] ------------------------------------------------------------------------
[INFO] 
[INFO] --- maven-enforcer-plugin:1.0:enforce (enforce-maven) @ owlapi-contract ---
[INFO] 
[INFO] --- maven-resources-plugin:2.6:resources (default-resources) @ owlapi-contract ---
[INFO] Using 'UTF-8' encoding to copy filtered resources.
[INFO] skip non existing resourceDirectory /home/travis/build/owlcs/owlapi/contract/src/main/resources
[INFO] 
[INFO] --- maven-compiler-plugin:2.3.2:compile (default-compile) @ owlapi-contract ---
[INFO] Compiling 8 source files to /home/travis/build/owlcs/owlapi/contract/target/classes
[INFO] 
[INFO] --- maven-resources-plugin:2.6:testResources (default-testResources) @ owlapi-contract ---
[INFO] Using 'UTF-8' encoding to copy filtered resources.
[INFO] Copying 175 resources
[INFO] 
[INFO] --- maven-compiler-plugin:2.3.2:testCompile (default-testCompile) @ owlapi-contract ---
[INFO] Compiling 444 source files to /home/travis/build/owlcs/owlapi/contract/target/test-classes
[INFO] 
[INFO] --- maven-surefire-plugin:2.18.1:test (default-test) @ owlapi-contract ---
[INFO] Tests are skipped.
[INFO] 
[INFO] --- animal-sniffer-maven-plugin:1.13:check (default) @ owlapi-contract ---
[INFO] Checking unresolved references to org.codehaus.mojo.signature:java17:1.0
[INFO] 
[INFO] --- maven-jar-plugin:2.4:jar (default-jar) @ owlapi-contract ---
[INFO] Building jar: /home/travis/build/owlcs/owlapi/contract/target/owlapi-contract-4.2.5.jar
[INFO] 
[INFO] >>> maven-source-plugin:2.2.1:jar (attach-sources) > generate-sources @ owlapi-contract >>>
[INFO] 
[INFO] --- maven-enforcer-plugin:1.0:enforce (enforce-maven) @ owlapi-contract ---
[INFO] 
[INFO] <<< maven-source-plugin:2.2.1:jar (attach-sources) < generate-sources @ owlapi-contract <<<
[INFO] 
[INFO] --- maven-source-plugin:2.2.1:jar (attach-sources) @ owlapi-contract ---
[INFO] Building jar: /home/travis/build/owlcs/owlapi/contract/target/owlapi-contract-4.2.5-sources.jar
[INFO] 
[INFO] --- maven-javadoc-plugin:2.8.1:jar (attach-javadocs) @ owlapi-contract ---
[INFO] Skipping javadoc generation
[INFO] 
[INFO] --- maven-install-plugin:2.4:install (default-install) @ owlapi-contract ---
[INFO] Installing /home/travis/build/owlcs/owlapi/contract/target/owlapi-contract-4.2.5.jar to /home/travis/.m2/repository/net/sourceforge/owlapi/owlapi-contract/4.2.5/owlapi-contract-4.2.5.jar
[INFO] Installing /home/travis/build/owlcs/owlapi/contract/pom.xml to /home/travis/.m2/repository/net/sourceforge/owlapi/owlapi-contract/4.2.5/owlapi-contract-4.2.5.pom
[INFO] Installing /home/travis/build/owlcs/owlapi/contract/target/owlapi-contract-4.2.5-sources.jar to /home/travis/.m2/repository/net/sourceforge/owlapi/owlapi-contract/4.2.5/owlapi-contract-4.2.5-sources.jar
[INFO]                                                                         
[INFO] ------------------------------------------------------------------------
[INFO] Building OWLAPI Distribution 4.2.5
[INFO] ------------------------------------------------------------------------
[INFO] 
[INFO] --- maven-enforcer-plugin:1.0:enforce (enforce-maven) @ owlapi-distribution ---
[INFO] 
[INFO] --- maven-resources-plugin:3.0.1:resources (default-resources) @ owlapi-distribution ---
[INFO] Using 'UTF-8' encoding to copy filtered resources.
[INFO] skip non existing resourceDirectory /home/travis/build/owlcs/owlapi/distribution/src/main/resources
[INFO] 
[INFO] --- maven-compiler-plugin:2.3.2:compile (default-compile) @ owlapi-distribution ---
[INFO] No sources to compile
[INFO] 
[INFO] --- maven-resources-plugin:3.0.1:testResources (default-testResources) @ owlapi-distribution ---
[INFO] Using 'UTF-8' encoding to copy filtered resources.
[INFO] skip non existing resourceDirectory /home/travis/build/owlcs/owlapi/distribution/src/test/resources
[INFO] 
[INFO] --- maven-compiler-plugin:2.3.2:testCompile (default-testCompile) @ owlapi-distribution ---
[INFO] No sources to compile
[INFO] 
[INFO] --- maven-surefire-plugin:2.18.1:test (default-test) @ owlapi-distribution ---
[INFO] Tests are skipped.
[INFO] 
[INFO] --- animal-sniffer-maven-plugin:1.13:check (default) @ owlapi-distribution ---
[INFO] Checking unresolved references to org.codehaus.mojo.signature:java17:1.0
[INFO] 
[INFO] --- maven-bundle-plugin:2.5.3:bundle (default-bundle) @ owlapi-distribution ---
[WARNING] Bundle net.sourceforge.owlapi:owlapi-distribution:bundle:4.2.5 : Unused Private-Package instructions, no such package(s) on the class path: [!*]
[INFO] 
[INFO] >>> maven-source-plugin:2.2.1:jar (attach-sources) > generate-sources @ owlapi-distribution >>>
[INFO] 
[INFO] --- maven-enforcer-plugin:1.0:enforce (enforce-maven) @ owlapi-distribution ---
[INFO] 
[INFO] <<< maven-source-plugin:2.2.1:jar (attach-sources) < generate-sources @ owlapi-distribution <<<
[INFO] 
[INFO] --- maven-source-plugin:2.2.1:jar (attach-sources) @ owlapi-distribution ---
[INFO] No sources in project. Archive not created.
[INFO] 
[INFO] --- maven-shade-plugin:2.3:shade (default) @ owlapi-distribution ---
[INFO] Including net.sourceforge.owlapi:owlapi-apibinding:jar:4.2.5 in the shaded jar.
[INFO] Including net.sourceforge.owlapi:owlapi-tools:jar:4.2.5 in the shaded jar.
[INFO] Including net.sourceforge.owlapi:owlapi-impl:jar:4.2.5 in the shaded jar.
[INFO] Including net.sourceforge.owlapi:owlapi-parsers:jar:4.2.5 in the shaded jar.
[INFO] Including net.sourceforge.owlapi:owlapi-oboformat:jar:4.2.5 in the shaded jar.
[INFO] Including net.sourceforge.owlapi:owlapi-fixers:jar:4.2.5 in the shaded jar.
[INFO] Including net.sourceforge.owlapi:owlapi-rio:jar:4.2.5 in the shaded jar.
[INFO] Including net.sourceforge.owlapi:owlapi-api:jar:4.2.5 in the shaded jar.
[INFO] Excluding com.fasterxml.jackson.core:jackson-core:jar:2.5.1 from the shaded jar.
[INFO] Excluding com.fasterxml.jackson.core:jackson-databind:jar:2.5.1 from the shaded jar.
[INFO] Excluding com.fasterxml.jackson.core:jackson-annotations:jar:2.5.1 from the shaded jar.
[INFO] Excluding org.tukaani:xz:jar:1.5 from the shaded jar.
[INFO] Excluding org.openrdf.sesame:sesame-model:jar:2.7.16 from the shaded jar.
[INFO] Excluding org.openrdf.sesame:sesame-util:jar:2.7.16 from the shaded jar.
[INFO] Excluding org.openrdf.sesame:sesame-rio-api:jar:2.7.16 from the shaded jar.
[INFO] Excluding org.openrdf.sesame:sesame-rio-languages:jar:2.7.16 from the shaded jar.
[INFO] Excluding org.openrdf.sesame:sesame-rio-datatypes:jar:2.7.16 from the shaded jar.
[INFO] Excluding org.openrdf.sesame:sesame-rio-binary:jar:2.7.16 from the shaded jar.
[INFO] Excluding org.openrdf.sesame:sesame-rio-n3:jar:2.7.16 from the shaded jar.
[INFO] Excluding org.openrdf.sesame:sesame-rio-nquads:jar:2.7.16 from the shaded jar.
[INFO] Excluding org.openrdf.sesame:sesame-rio-ntriples:jar:2.7.16 from the shaded jar.
[INFO] Excluding org.openrdf.sesame:sesame-rio-rdfjson:jar:2.7.16 from the shaded jar.
[INFO] Excluding org.openrdf.sesame:sesame-rio-rdfxml:jar:2.7.16 from the shaded jar.
[INFO] Excluding org.openrdf.sesame:sesame-rio-trix:jar:2.7.16 from the shaded jar.
[INFO] Excluding org.openrdf.sesame:sesame-rio-turtle:jar:2.7.16 from the shaded jar.
[INFO] Excluding org.openrdf.sesame:sesame-rio-trig:jar:2.7.16 from the shaded jar.
[INFO] Excluding com.github.jsonld-java:jsonld-java-sesame:jar:0.5.0 from the shaded jar.
[INFO] Excluding com.github.jsonld-java:jsonld-java:jar:0.5.0 from the shaded jar.
[INFO] Excluding org.apache.httpcomponents:httpclient-cache:jar:4.2.5 from the shaded jar.
[INFO] Excluding org.apache.httpcomponents:httpclient:jar:4.2.5 from the shaded jar.
[INFO] Excluding org.apache.httpcomponents:httpcore:jar:4.2.4 from the shaded jar.
[INFO] Excluding commons-codec:commons-codec:jar:1.6 from the shaded jar.
[INFO] Excluding org.slf4j:jcl-over-slf4j:jar:1.7.7 from the shaded jar.
[INFO] Excluding org.semarglproject:semargl-sesame:jar:0.6.1 from the shaded jar.
[INFO] Excluding org.semarglproject:semargl-core:jar:0.6.1 from the shaded jar.
[INFO] Excluding org.semarglproject:semargl-rdfa:jar:0.6.1 from the shaded jar.
[INFO] Excluding org.semarglproject:semargl-rdf:jar:0.6.1 from the shaded jar.
[INFO] Excluding net.sf.trove4j:trove4j:jar:3.0.3 from the shaded jar.
[INFO] Excluding com.google.guava:guava:jar:18.0 from the shaded jar.
[INFO] Excluding com.google.inject:guice:jar:4.0 from the shaded jar.
[INFO] Excluding javax.inject:javax.inject:jar:1 from the shaded jar.
[INFO] Excluding aopalliance:aopalliance:jar:1.0 from the shaded jar.
[INFO] Excluding com.google.inject.extensions:guice-assistedinject:jar:4.0 from the shaded jar.
[INFO] Excluding com.google.inject.extensions:guice-multibindings:jar:4.0 from the shaded jar.
[INFO] Excluding com.google.code.findbugs:jsr305:jar:2.0.1 from the shaded jar.
[INFO] Excluding org.slf4j:slf4j-api:jar:1.7.10 from the shaded jar.
[INFO] Excluding commons-io:commons-io:jar:2.4 from the shaded jar.
[WARNING] owlapi-oboformat-4.2.5.jar, owlapi-distribution-4.2.5.jar define 75 overlappping classes: 
[WARNING]   - org.obolibrary.oboformat.parser.OBOFormatParser$MyStream
[WARNING]   - org.obolibrary.obo2owl.OWLAPIOwl2Obo
[WARNING]   - org.obolibrary.obo2owl.OboInOwlCardinalityTools$AnnotationCardinalityConfictHandler
[WARNING]   - org.obolibrary.macro.ManchesterSyntaxTool
[WARNING]   - org.obolibrary.oboformat.parser.XrefExpander
[WARNING]   - org.obolibrary.macro.ManchesterSyntaxTool$1
[WARNING]   - org.obolibrary.oboformat.writer.OBOFormatWriter$TermsTagsComparator
[WARNING]   - org.obolibrary.oboformat.parser.OBOFormatException
[WARNING]   - org.obolibrary.oboformat.parser.XrefExpander$IsaExpansion
[WARNING]   - org.obolibrary.oboformat.model.Frame$FrameType
[WARNING]   - 65 more...
[WARNING] owlapi-fixers-4.2.5.jar, owlapi-distribution-4.2.5.jar define 95 overlappping classes: 
[WARNING]   - org.semanticweb.owlapitools.builders.BuilderEquivalentDataProperties
[WARNING]   - org.semanticweb.owlapitools.builders.BuilderObjectPropertyDomain
[WARNING]   - org.semanticweb.owlapitools.builders.BuilderObjectExactCardinality
[WARNING]   - org.semanticweb.owlapitools.builders.BuilderDataHasValue
[WARNING]   - org.semanticweb.owlapitools.builders.BuilderSWRLDataRangeAtom
[WARNING]   - org.semanticweb.owlapitools.builders.BuilderDisjointUnion
[WARNING]   - org.semanticweb.owlapitools.builders.BuilderDataPropertyDomain
[WARNING]   - org.semanticweb.owlapitools.builders.BuilderClass
[WARNING]   - org.semanticweb.owlapitools.builders.BuilderFunctionalObjectProperty
[WARNING]   - org.semanticweb.owlapitools.builders.BuilderReflexiveObjectProperty
[WARNING]   - 85 more...
[WARNING] owlapi-tools-4.2.5.jar, owlapi-distribution-4.2.5.jar define 84 overlappping classes: 
[WARNING]   - uk.ac.manchester.cs.owlapi.modularity.SyntacticLocalityModuleExtractor$1
[WARNING]   - com.clarkparsia.owlapi.explanation.util.DefinitionTracker
[WARNING]   - uk.ac.manchester.cs.owl.explanation.ordering.ExplanationTree
[WARNING]   - com.clarkparsia.owlapi.explanation.io.ExplanationRenderer
[WARNING]   - org.semanticweb.owlapi.normalform.OWLObjectComplementOfExtractor
[WARNING]   - org.semanticweb.owlapi.metrics.AxiomTypeMetric
[WARNING]   - uk.ac.manchester.cs.owl.explanation.ordering.AlphaExplanationOrderer
[WARNING]   - org.semanticweb.owlapi.metrics.HiddenGCICount
[WARNING]   - com.clarkparsia.owlapi.explanation.io.SilentExplanationRenderer
[WARNING]   - org.semanticweb.owlapi.metrics.ReferencedIndividualCount
[WARNING]   - 74 more...
[WARNING] owlapi-impl-4.2.5.jar, owlapi-distribution-4.2.5.jar define 217 overlappping classes: 
[WARNING]   - uk.ac.manchester.cs.owl.owlapi.OWLFunctionalDataPropertyAxiomImpl
[WARNING]   - uk.ac.manchester.cs.owl.owlapi.OWLDataFactoryInternals
[WARNING]   - uk.ac.manchester.cs.owl.owlapi.OWLObjectPropertyImpl
[WARNING]   - uk.ac.manchester.cs.owl.owlapi.OWLObjectMaxCardinalityImpl
[WARNING]   - uk.ac.manchester.cs.owl.owlapi.concurrent.Concurrency
[WARNING]   - uk.ac.manchester.cs.owl.owlapi.OWLDataExactCardinalityImpl
[WARNING]   - org.semanticweb.owlapi.reasoner.impl.OWLClassNode
[WARNING]   - uk.ac.manchester.cs.owl.owlapi.OWLAnnotationPropertyRangeAxiomImpl
[WARNING]   - uk.ac.manchester.cs.owl.owlapi.SWRLAtomImpl
[WARNING]   - uk.ac.manchester.cs.owl.owlapi.OWLDataMaxCardinalityImpl
[WARNING]   - 207 more...
[WARNING] owlapi-api-4.2.5.jar, owlapi-distribution-4.2.5.jar define 761 overlappping classes: 
[WARNING]   - org.semanticweb.owlapi.model.OWLAxiomCollection
[WARNING]   - org.semanticweb.owlapi.util.InferredEquivalentDataPropertiesAxiomGenerator
[WARNING]   - org.semanticweb.owlapi.profiles.Profiles
[WARNING]   - org.semanticweb.owlapi.util.OWLClassExpressionCollector
[WARNING]   - org.semanticweb.owlapi.profiles.violations.DatatypeIRIAlsoUsedAsClassIRI
[WARNING]   - org.semanticweb.owlapi.profiles.OWL2Profile
[WARNING]   - org.semanticweb.owlapi.model.OWLFunctionalDataPropertyAxiom
[WARNING]   - org.semanticweb.owlapi.io.SystemOutDocumentTarget
[WARNING]   - org.semanticweb.owlapi.model.EDTChangeBroadcastStrategy$BroadcastException
[WARNING]   - org.semanticweb.owlapi.profiles.OWL2RLProfile$OWL2RLObjectVisitor
[WARNING]   - 751 more...
[WARNING] owlapi-apibinding-4.2.5.jar, owlapi-distribution-4.2.5.jar define 2 overlappping classes: 
[WARNING]   - org.semanticweb.owlapi.apibinding.OWLManager
[WARNING]   - org.semanticweb.owlapi.apibinding.OWLFunctionalSyntaxFactory
[WARNING] owlapi-rio-4.2.5.jar, owlapi-distribution-4.2.5.jar define 73 overlappping classes: 
[WARNING]   - org.semanticweb.owlapi.rio.RioRenderer
[WARNING]   - org.semanticweb.owlapi.formats.RioRDFXMLDocumentFormat
[WARNING]   - org.semanticweb.owlapi.rio.RioTrixStorerFactory
[WARNING]   - org.semanticweb.owlapi.rio.RioRDFXMLStorerFactory
[WARNING]   - org.semanticweb.owlapi.rio.RioTrixParserFactory
[WARNING]   - org.semanticweb.owlapi.rio.RioOWLRDFParser
[WARNING]   - org.semanticweb.owlapi.rio.RioOWLXMLParserFactory
[WARNING]   - org.semanticweb.owlapi.rio.OWLAPIRDFFormat
[WARNING]   - org.semanticweb.owlapi.rio.RioNTriplesParserFactory
[WARNING]   - org.semanticweb.owlapi.formats.RDFaDocumentFormatFactory
[WARNING]   - 63 more...
[WARNING] owlapi-parsers-4.2.5.jar, owlapi-distribution-4.2.5.jar define 606 overlappping classes: 
[WARNING]   - org.semanticweb.owlapi.owlxml.parser.AbstractOWLObjectPropertyOperandAxiomElementHandler
[WARNING]   - org.semanticweb.owlapi.owlxml.parser.PARSER_OWLXMLVocabulary$42
[WARNING]   - org.semanticweb.owlapi.owlxml.parser.OWLObjectHasValueElementHandler
[WARNING]   - org.semanticweb.owlapi.rdf.rdfxml.parser.TripleHandlers$TypeDeprecatedClassHandler
[WARNING]   - org.semanticweb.owlapi.rdf.rdfxml.parser.Mode
[WARNING]   - org.semanticweb.owlapi.rdf.rdfxml.parser.TripleHandlers$TPFirstResourceHandler
[WARNING]   - org.semanticweb.owlapi.owlxml.parser.OWLOntologyHandler
[WARNING]   - org.semanticweb.owlapi.rdf.rdfxml.parser.Translators$DataHasValueTranslator
[WARNING]   - org.semanticweb.owlapi.manchestersyntax.parser.ManchesterOWLSyntaxParserImpl$AnnotatedDataRangeListItemParser
[WARNING]   - org.semanticweb.owlapi.owlxml.parser.OWLObjectPropertyRangeAxiomElementHandler
[WARNING]   - 596 more...
[WARNING] maven-shade-plugin has detected that some .class files
[WARNING] are present in two or more JARs. When this happens, only
[WARNING] one single version of the class is copied in the uberjar.
[WARNING] Usually this is not harmful and you can skeep these
[WARNING] warnings, otherwise try to manually exclude artifacts
[WARNING] based on mvn dependency:tree -Ddetail=true and the above
[WARNING] output
[WARNING] See http://docs.codehaus.org/display/MAVENUSER/Shade+Plugin
[INFO] Replacing original artifact with shaded artifact.
[INFO] Replacing /home/travis/build/owlcs/owlapi/distribution/target/owlapi-distribution-4.2.5.jar with /home/travis/build/owlcs/owlapi/distribution/target/owlapi-distribution-4.2.5-shaded.jar
[INFO] Dependency-reduced POM written at: /home/travis/build/owlcs/owlapi/distribution/dependency-reduced-pom.xml
[INFO] 
[INFO] --- maven-javadoc-plugin:2.8.1:jar (attach-javadocs) @ owlapi-distribution ---
[INFO] Skipping javadoc generation
[INFO] 
[INFO] --- maven-javadoc-plugin:2.8.1:jar (attach-javadoc) @ owlapi-distribution ---
[INFO] Skipping javadoc generation
[INFO] 
[INFO] --- maven-assembly-plugin:2.4:single (attach-sources) @ owlapi-distribution ---
[INFO] Reading assembly descriptor: src/assembly/sources.xml
[INFO] Building jar: /home/travis/build/owlcs/owlapi/distribution/target/owlapi-distribution-4.2.5-sources.jar
[INFO] 
[INFO] --- maven-install-plugin:2.5.2:install (default-install) @ owlapi-distribution ---
[INFO] Installing /home/travis/build/owlcs/owlapi/distribution/target/owlapi-distribution-4.2.5.jar to /home/travis/.m2/repository/net/sourceforge/owlapi/owlapi-distribution/4.2.5/owlapi-distribution-4.2.5.jar
[INFO] Installing /home/travis/build/owlcs/owlapi/distribution/dependency-reduced-pom.xml to /home/travis/.m2/repository/net/sourceforge/owlapi/owlapi-distribution/4.2.5/owlapi-distribution-4.2.5.pom
[INFO] Installing /home/travis/build/owlcs/owlapi/distribution/target/owlapi-distribution-4.2.5-sources.jar to /home/travis/.m2/repository/net/sourceforge/owlapi/owlapi-distribution/4.2.5/owlapi-distribution-4.2.5-sources.jar
[INFO] 
[INFO] --- maven-bundle-plugin:2.5.3:install (default-install) @ owlapi-distribution ---
[INFO] Installing net/sourceforge/owlapi/owlapi-distribution/4.2.5/owlapi-distribution-4.2.5.jar
[INFO] Installing net/sourceforge/owlapi/owlapi-distribution/4.2.5/owlapi-distribution-4.2.5-sources.jar
[INFO] Writing OBR metadata
[INFO]                                                                         
[INFO] ------------------------------------------------------------------------
[INFO] Building OWLAPI OSGi and Compatibility Distribution 4.2.5
[INFO] ------------------------------------------------------------------------
[INFO] 
[INFO] --- maven-enforcer-plugin:1.0:enforce (enforce-maven) @ owlapi-osgidistribution ---
[INFO] 
[INFO] --- maven-resources-plugin:3.0.1:resources (default-resources) @ owlapi-osgidistribution ---
[INFO] Using 'UTF-8' encoding to copy filtered resources.
[INFO] skip non existing resourceDirectory /home/travis/build/owlcs/owlapi/osgidistribution/src/main/resources
[INFO] 
[INFO] --- maven-compiler-plugin:2.3.2:compile (default-compile) @ owlapi-osgidistribution ---
[INFO] Compiling 4 source files to /home/travis/build/owlcs/owlapi/osgidistribution/target/classes
[INFO] 
[INFO] --- maven-resources-plugin:3.0.1:testResources (default-testResources) @ owlapi-osgidistribution ---
[INFO] Using 'UTF-8' encoding to copy filtered resources.
[INFO] skip non existing resourceDirectory /home/travis/build/owlcs/owlapi/osgidistribution/src/test/resources
[INFO] 
[INFO] --- maven-compiler-plugin:2.3.2:testCompile (default-testCompile) @ owlapi-osgidistribution ---
[INFO] Compiling 3 source files to /home/travis/build/owlcs/owlapi/osgidistribution/target/test-classes
[INFO] 
[INFO] --- maven-surefire-plugin:2.18.1:test (default-test) @ owlapi-osgidistribution ---
[INFO] Tests are skipped.
[INFO] 
[INFO] --- animal-sniffer-maven-plugin:1.13:check (default) @ owlapi-osgidistribution ---
[INFO] Checking unresolved references to org.codehaus.mojo.signature:java17:1.0
[INFO] 
[INFO] --- maven-bundle-plugin:2.5.3:bundle (default-bundle) @ owlapi-osgidistribution ---
[WARNING] Bundle net.sourceforge.owlapi:owlapi-osgidistribution:bundle:4.2.5 : Split package, multiple jars provide the same package:org/coode/owlapi/obo/parser
Use Import/Export Package directive -split-package:=(merge-first|merge-last|error|first) to get rid of this warning
Package found in   [Jar:., Jar:owlapi-compatibility]
Class path         [Jar:., Jar:owlapi-apibinding, Jar:owlapi-tools, Jar:owlapi-impl, Jar:owlapi-parsers, Jar:owlapi-oboformat, Jar:owlapi-fixers, Jar:owlapi-rio, Jar:owlapi-api, Jar:jackson-core, Jar:jackson-databind, Jar:jackson-annotations, Jar:owlapi-compatibility, Jar:xz, Jar:sesame-model, Jar:sesame-rio-api, Jar:sesame-rio-languages, Jar:sesame-rio-datatypes, Jar:sesame-rio-binary, Jar:sesame-rio-n3, Jar:sesame-rio-nquads, Jar:sesame-rio-ntriples, Jar:sesame-rio-rdfjson, Jar:sesame-rio-rdfxml, Jar:sesame-rio-trix, Jar:sesame-rio-turtle, Jar:sesame-rio-trig, Jar:sesame-util, Jar:jsonld-java-sesame, Jar:jsonld-java, Jar:jcl-over-slf4j, Jar:httpclient, Jar:httpclient-cache, Jar:httpcore, Jar:commons-codec, Jar:commons-logging, Jar:semargl-sesame, Jar:semargl-core, Jar:semargl-rdfa, Jar:semargl-rdf, Jar:org.apache.servicemix.bundles.javax-inject, Jar:org.apache.servicemix.bundles.aopalliance, Jar:trove4j, Jar:guava, Jar:guice, Jar:javax.inject, Jar:aopalliance, Jar:guice-assistedinject, Jar:guice-multibindings, Jar:jsr305, Jar:slf4j-api, Jar:commons-io]
[WARNING] Bundle net.sourceforge.owlapi:owlapi-osgidistribution:bundle:4.2.5 : Split package, multiple jars provide the same package:uk/ac/manchester/cs/owl/explanation/ordering
Use Import/Export Package directive -split-package:=(merge-first|merge-last|error|first) to get rid of this warning
Package found in   [Jar:., Jar:owlapi-tools]
Class path         [Jar:., Jar:owlapi-apibinding, Jar:owlapi-tools, Jar:owlapi-impl, Jar:owlapi-parsers, Jar:owlapi-oboformat, Jar:owlapi-fixers, Jar:owlapi-rio, Jar:owlapi-api, Jar:jackson-core, Jar:jackson-databind, Jar:jackson-annotations, Jar:owlapi-compatibility, Jar:xz, Jar:sesame-model, Jar:sesame-rio-api, Jar:sesame-rio-languages, Jar:sesame-rio-datatypes, Jar:sesame-rio-binary, Jar:sesame-rio-n3, Jar:sesame-rio-nquads, Jar:sesame-rio-ntriples, Jar:sesame-rio-rdfjson, Jar:sesame-rio-rdfxml, Jar:sesame-rio-trix, Jar:sesame-rio-turtle, Jar:sesame-rio-trig, Jar:sesame-util, Jar:jsonld-java-sesame, Jar:jsonld-java, Jar:jcl-over-slf4j, Jar:httpclient, Jar:httpclient-cache, Jar:httpcore, Jar:commons-codec, Jar:commons-logging, Jar:semargl-sesame, Jar:semargl-core, Jar:semargl-rdfa, Jar:semargl-rdf, Jar:org.apache.servicemix.bundles.javax-inject, Jar:org.apache.servicemix.bundles.aopalliance, Jar:trove4j, Jar:guava, Jar:guice, Jar:javax.inject, Jar:aopalliance, Jar:guice-assistedinject, Jar:guice-multibindings, Jar:jsr305, Jar:slf4j-api, Jar:commons-io]
[WARNING] Bundle net.sourceforge.owlapi:owlapi-osgidistribution:bundle:4.2.5 : Export org.semanticweb.owlapi.formats,  has 1,  private references [org.openrdf.rio], 
[WARNING] Bundle net.sourceforge.owlapi:owlapi-osgidistribution:bundle:4.2.5 : Export org.semanticweb.owlapi.io,  has 1,  private references [org.tukaani.xz], 
[WARNING] Bundle net.sourceforge.owlapi:owlapi-osgidistribution:bundle:4.2.5 : Export org.semanticweb.owlapi.rio,  has 5,  private references [org.openrdf.model, org.openrdf, info.aduna.iteration, org.openrdf.rio.helpers, org.openrdf.rio], 
[WARNING] Bundle net.sourceforge.owlapi:owlapi-osgidistribution:bundle:4.2.5 : Export org.semanticweb.owlapi.rio.utils,  has 2,  private references [org.openrdf.model, info.aduna.xml], 
[INFO] 
[INFO] >>> maven-source-plugin:2.2.1:jar (attach-sources) > generate-sources @ owlapi-osgidistribution >>>
[INFO] 
[INFO] --- maven-enforcer-plugin:1.0:enforce (enforce-maven) @ owlapi-osgidistribution ---
[INFO] 
[INFO] <<< maven-source-plugin:2.2.1:jar (attach-sources) < generate-sources @ owlapi-osgidistribution <<<
[INFO] 
[INFO] --- maven-source-plugin:2.2.1:jar (attach-sources) @ owlapi-osgidistribution ---
[INFO] Building jar: /home/travis/build/owlcs/owlapi/osgidistribution/target/owlapi-osgidistribution-4.2.5-sources.jar
[INFO] 
[INFO] --- maven-shade-plugin:2.3:shade (default) @ owlapi-osgidistribution ---
[INFO] Including net.sourceforge.owlapi:owlapi-apibinding:jar:4.2.5 in the shaded jar.
[INFO] Including net.sourceforge.owlapi:owlapi-tools:jar:4.2.5 in the shaded jar.
[INFO] Including net.sourceforge.owlapi:owlapi-impl:jar:4.2.5 in the shaded jar.
[INFO] Including net.sourceforge.owlapi:owlapi-parsers:jar:4.2.5 in the shaded jar.
[INFO] Including net.sourceforge.owlapi:owlapi-oboformat:jar:4.2.5 in the shaded jar.
[INFO] Including net.sourceforge.owlapi:owlapi-fixers:jar:4.2.5 in the shaded jar.
[INFO] Including net.sourceforge.owlapi:owlapi-rio:jar:4.2.5 in the shaded jar.
[INFO] Including net.sourceforge.owlapi:owlapi-api:jar:4.2.5 in the shaded jar.
[INFO] Excluding com.fasterxml.jackson.core:jackson-core:jar:2.5.1 from the shaded jar.
[INFO] Excluding com.fasterxml.jackson.core:jackson-databind:jar:2.5.1 from the shaded jar.
[INFO] Excluding com.fasterxml.jackson.core:jackson-annotations:jar:2.5.1 from the shaded jar.
[INFO] Including net.sourceforge.owlapi:owlapi-compatibility:jar:4.2.5 in the shaded jar.
[INFO] Excluding org.tukaani:xz:jar:1.5 from the shaded jar.
[INFO] Excluding org.openrdf.sesame:sesame-model:jar:2.7.16 from the shaded jar.
[INFO] Excluding org.openrdf.sesame:sesame-rio-api:jar:2.7.16 from the shaded jar.
[INFO] Excluding org.openrdf.sesame:sesame-rio-languages:jar:2.7.16 from the shaded jar.
[INFO] Excluding org.openrdf.sesame:sesame-rio-datatypes:jar:2.7.16 from the shaded jar.
[INFO] Excluding org.openrdf.sesame:sesame-rio-binary:jar:2.7.16 from the shaded jar.
[INFO] Excluding org.openrdf.sesame:sesame-rio-n3:jar:2.7.16 from the shaded jar.
[INFO] Excluding org.openrdf.sesame:sesame-rio-nquads:jar:2.7.16 from the shaded jar.
[INFO] Excluding org.openrdf.sesame:sesame-rio-ntriples:jar:2.7.16 from the shaded jar.
[INFO] Excluding org.openrdf.sesame:sesame-rio-rdfjson:jar:2.7.16 from the shaded jar.
[INFO] Excluding org.openrdf.sesame:sesame-rio-rdfxml:jar:2.7.16 from the shaded jar.
[INFO] Excluding org.openrdf.sesame:sesame-rio-trix:jar:2.7.16 from the shaded jar.
[INFO] Excluding org.openrdf.sesame:sesame-rio-turtle:jar:2.7.16 from the shaded jar.
[INFO] Excluding org.openrdf.sesame:sesame-rio-trig:jar:2.7.16 from the shaded jar.
[INFO] Excluding org.openrdf.sesame:sesame-util:jar:2.7.16 from the shaded jar.
[INFO] Excluding com.github.jsonld-java:jsonld-java-sesame:jar:0.5.0 from the shaded jar.
[INFO] Excluding com.github.jsonld-java:jsonld-java:jar:0.5.0 from the shaded jar.
[INFO] Excluding org.slf4j:jcl-over-slf4j:jar:1.7.7 from the shaded jar.
[INFO] Excluding org.apache.httpcomponents:httpclient:jar:4.5.1 from the shaded jar.
[INFO] Excluding org.apache.httpcomponents:httpclient-cache:jar:4.5.1 from the shaded jar.
[INFO] Excluding org.apache.httpcomponents:httpcore:jar:4.4.3 from the shaded jar.
[INFO] Excluding commons-codec:commons-codec:jar:1.9 from the shaded jar.
[INFO] Excluding commons-logging:commons-logging:jar:1.2 from the shaded jar.
[INFO] Excluding org.semarglproject:semargl-sesame:jar:0.6.1 from the shaded jar.
[INFO] Excluding org.semarglproject:semargl-core:jar:0.6.1 from the shaded jar.
[INFO] Excluding org.semarglproject:semargl-rdfa:jar:0.6.1 from the shaded jar.
[INFO] Excluding org.semarglproject:semargl-rdf:jar:0.6.1 from the shaded jar.
[INFO] Excluding org.apache.servicemix.bundles:org.apache.servicemix.bundles.javax-inject:jar:1_2 from the shaded jar.
[INFO] Excluding org.apache.servicemix.bundles:org.apache.servicemix.bundles.aopalliance:jar:1.0_6 from the shaded jar.
[INFO] Excluding net.sf.trove4j:trove4j:jar:3.0.3 from the shaded jar.
[INFO] Excluding com.google.guava:guava:jar:18.0 from the shaded jar.
[INFO] Excluding com.google.inject:guice:jar:4.0 from the shaded jar.
[INFO] Excluding javax.inject:javax.inject:jar:1 from the shaded jar.
[INFO] Excluding aopalliance:aopalliance:jar:1.0 from the shaded jar.
[INFO] Excluding com.google.inject.extensions:guice-assistedinject:jar:4.0 from the shaded jar.
[INFO] Excluding com.google.inject.extensions:guice-multibindings:jar:4.0 from the shaded jar.
[INFO] Excluding com.google.code.findbugs:jsr305:jar:2.0.1 from the shaded jar.
[INFO] Excluding org.slf4j:slf4j-api:jar:1.7.10 from the shaded jar.
[INFO] Excluding commons-io:commons-io:jar:2.4 from the shaded jar.
[WARNING] owlapi-osgidistribution-4.2.5.jar, owlapi-apibinding-4.2.5.jar define 2 overlappping classes: 
[WARNING]   - org.semanticweb.owlapi.apibinding.OWLManager
[WARNING]   - org.semanticweb.owlapi.apibinding.OWLFunctionalSyntaxFactory
[WARNING] owlapi-fixers-4.2.5.jar, owlapi-osgidistribution-4.2.5.jar define 95 overlappping classes: 
[WARNING]   - org.semanticweb.owlapitools.builders.BuilderEquivalentDataProperties
[WARNING]   - org.semanticweb.owlapitools.builders.BuilderObjectPropertyDomain
[WARNING]   - org.semanticweb.owlapitools.builders.BuilderObjectExactCardinality
[WARNING]   - org.semanticweb.owlapitools.builders.BuilderDataHasValue
[WARNING]   - org.semanticweb.owlapitools.builders.BuilderSWRLDataRangeAtom
[WARNING]   - org.semanticweb.owlapitools.builders.BuilderDisjointUnion
[WARNING]   - org.semanticweb.owlapitools.builders.BuilderDataPropertyDomain
[WARNING]   - org.semanticweb.owlapitools.builders.BuilderClass
[WARNING]   - org.semanticweb.owlapitools.builders.BuilderFunctionalObjectProperty
[WARNING]   - org.semanticweb.owlapitools.builders.BuilderReflexiveObjectProperty
[WARNING]   - 85 more...
[WARNING] owlapi-osgidistribution-4.2.5.jar, owlapi-tools-4.2.5.jar define 84 overlappping classes: 
[WARNING]   - uk.ac.manchester.cs.owlapi.modularity.SyntacticLocalityModuleExtractor$1
[WARNING]   - com.clarkparsia.owlapi.explanation.util.DefinitionTracker
[WARNING]   - uk.ac.manchester.cs.owl.explanation.ordering.ExplanationTree
[WARNING]   - com.clarkparsia.owlapi.explanation.io.ExplanationRenderer
[WARNING]   - org.semanticweb.owlapi.normalform.OWLObjectComplementOfExtractor
[WARNING]   - org.semanticweb.owlapi.metrics.AxiomTypeMetric
[WARNING]   - uk.ac.manchester.cs.owl.explanation.ordering.AlphaExplanationOrderer
[WARNING]   - org.semanticweb.owlapi.metrics.HiddenGCICount
[WARNING]   - com.clarkparsia.owlapi.explanation.io.SilentExplanationRenderer
[WARNING]   - org.semanticweb.owlapi.metrics.ReferencedIndividualCount
[WARNING]   - 74 more...
[WARNING] owlapi-osgidistribution-4.2.5.jar, owlapi-parsers-4.2.5.jar define 606 overlappping classes: 
[WARNING]   - org.semanticweb.owlapi.owlxml.parser.AbstractOWLObjectPropertyOperandAxiomElementHandler
[WARNING]   - org.semanticweb.owlapi.owlxml.parser.PARSER_OWLXMLVocabulary$42
[WARNING]   - org.semanticweb.owlapi.owlxml.parser.OWLObjectHasValueElementHandler
[WARNING]   - org.semanticweb.owlapi.rdf.rdfxml.parser.TripleHandlers$TypeDeprecatedClassHandler
[WARNING]   - org.semanticweb.owlapi.rdf.rdfxml.parser.Mode
[WARNING]   - org.semanticweb.owlapi.rdf.rdfxml.parser.TripleHandlers$TPFirstResourceHandler
[WARNING]   - org.semanticweb.owlapi.owlxml.parser.OWLOntologyHandler
[WARNING]   - org.semanticweb.owlapi.rdf.rdfxml.parser.Translators$DataHasValueTranslator
[WARNING]   - org.semanticweb.owlapi.manchestersyntax.parser.ManchesterOWLSyntaxParserImpl$AnnotatedDataRangeListItemParser
[WARNING]   - org.semanticweb.owlapi.owlxml.parser.OWLObjectPropertyRangeAxiomElementHandler
[WARNING]   - 596 more...
[WARNING] owlapi-osgidistribution-4.2.5.jar, owlapi-compatibility-4.2.5.jar define 84 overlappping classes: 
[WARNING]   - org.semanticweb.owlapi.vocab.PrefixOWLOntologyFormat
[WARNING]   - org.coode.owlapi.obo12.parser.OBOParserTokenManager
[WARNING]   - org.coode.owlapi.manchesterowlsyntax.ManchesterOWLSyntaxClassExpressionParser
[WARNING]   - org.coode.owlapi.obo12.parser.OBOVocabulary
[WARNING]   - org.coode.owlapi.obo12.parser.InverseHandler
[WARNING]   - org.coode.owlapi.obo12.parser.OBOIdTranslator
[WARNING]   - org.coode.owlapi.obo12.parser.DefTagValueHandler
[WARNING]   - org.coode.owlapi.obo12.parser.OBOParserException
[WARNING]   - org.semanticweb.owlapi.model.OWLOntologyFormat
[WARNING]   - org.coode.owlapi.obo12.parser.OBOTagValuePair
[WARNING]   - 74 more...
[WARNING] owlapi-osgidistribution-4.2.5.jar, owlapi-rio-4.2.5.jar define 73 overlappping classes: 
[WARNING]   - org.semanticweb.owlapi.rio.RioRenderer
[WARNING]   - org.semanticweb.owlapi.formats.RioRDFXMLDocumentFormat
[WARNING]   - org.semanticweb.owlapi.rio.RioTrixStorerFactory
[WARNING]   - org.semanticweb.owlapi.rio.RioRDFXMLStorerFactory
[WARNING]   - org.semanticweb.owlapi.rio.RioTrixParserFactory
[WARNING]   - org.semanticweb.owlapi.rio.RioOWLRDFParser
[WARNING]   - org.semanticweb.owlapi.rio.RioOWLXMLParserFactory
[WARNING]   - org.semanticweb.owlapi.rio.OWLAPIRDFFormat
[WARNING]   - org.semanticweb.owlapi.rio.RioNTriplesParserFactory
[WARNING]   - org.semanticweb.owlapi.formats.RDFaDocumentFormatFactory
[WARNING]   - 63 more...
[WARNING] owlapi-osgidistribution-4.2.5.jar, owlapi-impl-4.2.5.jar define 217 overlappping classes: 
[WARNING]   - uk.ac.manchester.cs.owl.owlapi.OWLFunctionalDataPropertyAxiomImpl
[WARNING]   - uk.ac.manchester.cs.owl.owlapi.OWLDataFactoryInternals
[WARNING]   - uk.ac.manchester.cs.owl.owlapi.OWLObjectPropertyImpl
[WARNING]   - uk.ac.manchester.cs.owl.owlapi.OWLObjectMaxCardinalityImpl
[WARNING]   - uk.ac.manchester.cs.owl.owlapi.concurrent.Concurrency
[WARNING]   - uk.ac.manchester.cs.owl.owlapi.OWLDataExactCardinalityImpl
[WARNING]   - org.semanticweb.owlapi.reasoner.impl.OWLClassNode
[WARNING]   - uk.ac.manchester.cs.owl.owlapi.OWLAnnotationPropertyRangeAxiomImpl
[WARNING]   - uk.ac.manchester.cs.owl.owlapi.SWRLAtomImpl
[WARNING]   - uk.ac.manchester.cs.owl.owlapi.OWLDataMaxCardinalityImpl
[WARNING]   - 207 more...
[WARNING] owlapi-osgidistribution-4.2.5.jar, owlapi-oboformat-4.2.5.jar define 75 overlappping classes: 
[WARNING]   - org.obolibrary.oboformat.parser.OBOFormatParser$MyStream
[WARNING]   - org.obolibrary.obo2owl.OWLAPIOwl2Obo
[WARNING]   - org.obolibrary.obo2owl.OboInOwlCardinalityTools$AnnotationCardinalityConfictHandler
[WARNING]   - org.obolibrary.macro.ManchesterSyntaxTool
[WARNING]   - org.obolibrary.oboformat.parser.XrefExpander
[WARNING]   - org.obolibrary.macro.ManchesterSyntaxTool$1
[WARNING]   - org.obolibrary.oboformat.writer.OBOFormatWriter$TermsTagsComparator
[WARNING]   - org.obolibrary.oboformat.parser.OBOFormatException
[WARNING]   - org.obolibrary.oboformat.parser.XrefExpander$IsaExpansion
[WARNING]   - org.obolibrary.oboformat.model.Frame$FrameType
[WARNING]   - 65 more...
[WARNING] owlapi-osgidistribution-4.2.5.jar, owlapi-api-4.2.5.jar define 761 overlappping classes: 
[WARNING]   - org.semanticweb.owlapi.model.OWLAxiomCollection
[WARNING]   - org.semanticweb.owlapi.util.InferredEquivalentDataPropertiesAxiomGenerator
[WARNING]   - org.semanticweb.owlapi.profiles.Profiles
[WARNING]   - org.semanticweb.owlapi.util.OWLClassExpressionCollector
[WARNING]   - org.semanticweb.owlapi.profiles.violations.DatatypeIRIAlsoUsedAsClassIRI
[WARNING]   - org.semanticweb.owlapi.profiles.OWL2Profile
[WARNING]   - org.semanticweb.owlapi.model.OWLFunctionalDataPropertyAxiom
[WARNING]   - org.semanticweb.owlapi.io.SystemOutDocumentTarget
[WARNING]   - org.semanticweb.owlapi.model.EDTChangeBroadcastStrategy$BroadcastException
[WARNING]   - org.semanticweb.owlapi.profiles.OWL2RLProfile$OWL2RLObjectVisitor
[WARNING]   - 751 more...
[WARNING] maven-shade-plugin has detected that some .class files
[WARNING] are present in two or more JARs. When this happens, only
[WARNING] one single version of the class is copied in the uberjar.
[WARNING] Usually this is not harmful and you can skeep these
[WARNING] warnings, otherwise try to manually exclude artifacts
[WARNING] based on mvn dependency:tree -Ddetail=true and the above
[WARNING] output
[WARNING] See http://docs.codehaus.org/display/MAVENUSER/Shade+Plugin
[INFO] Replacing original artifact with shaded artifact.
[INFO] Replacing /home/travis/build/owlcs/owlapi/osgidistribution/target/owlapi-osgidistribution-4.2.5.jar with /home/travis/build/owlcs/owlapi/osgidistribution/target/owlapi-osgidistribution-4.2.5-shaded.jar
[INFO] Dependency-reduced POM written at: /home/travis/build/owlcs/owlapi/osgidistribution/dependency-reduced-pom.xml
[INFO] 
[INFO] --- maven-javadoc-plugin:2.8.1:jar (attach-javadocs) @ owlapi-osgidistribution ---
[INFO] Skipping javadoc generation
[INFO] 
[INFO] --- maven-javadoc-plugin:2.8.1:jar (attach-javadoc) @ owlapi-osgidistribution ---
[INFO] Skipping javadoc generation
[INFO] 
[INFO] --- maven-assembly-plugin:2.4:single (attach-sources) @ owlapi-osgidistribution ---
[INFO] Reading assembly descriptor: src/assembly/sources.xml
[INFO] Building jar: /home/travis/build/owlcs/owlapi/osgidistribution/target/owlapi-osgidistribution-4.2.5-sources.jar
[INFO] 
[INFO] --- maven-failsafe-plugin:2.18.1:integration-test (default) @ owlapi-osgidistribution ---
[INFO] Tests are skipped.
[INFO] 
[INFO] --- maven-failsafe-plugin:2.18.1:verify (default) @ owlapi-osgidistribution ---
[INFO] Tests are skipped.
[INFO] 
[INFO] --- maven-install-plugin:2.5.2:install (default-install) @ owlapi-osgidistribution ---
[INFO] Installing /home/travis/build/owlcs/owlapi/osgidistribution/target/owlapi-osgidistribution-4.2.5.jar to /home/travis/.m2/repository/net/sourceforge/owlapi/owlapi-osgidistribution/4.2.5/owlapi-osgidistribution-4.2.5.jar
[INFO] Installing /home/travis/build/owlcs/owlapi/osgidistribution/dependency-reduced-pom.xml to /home/travis/.m2/repository/net/sourceforge/owlapi/owlapi-osgidistribution/4.2.5/owlapi-osgidistribution-4.2.5.pom
[INFO] Installing /home/travis/build/owlcs/owlapi/osgidistribution/target/owlapi-osgidistribution-4.2.5-sources.jar to /home/travis/.m2/repository/net/sourceforge/owlapi/owlapi-osgidistribution/4.2.5/owlapi-osgidistribution-4.2.5-sources.jar
[INFO] Installing /home/travis/build/owlcs/owlapi/osgidistribution/target/owlapi-osgidistribution-4.2.5-sources.jar to /home/travis/.m2/repository/net/sourceforge/owlapi/owlapi-osgidistribution/4.2.5/owlapi-osgidistribution-4.2.5-sources.jar
[INFO] 
[INFO] --- maven-bundle-plugin:2.5.3:install (default-install) @ owlapi-osgidistribution ---
[INFO] Installing net/sourceforge/owlapi/owlapi-osgidistribution/4.2.5/owlapi-osgidistribution-4.2.5.jar
[INFO] Installing net/sourceforge/owlapi/owlapi-osgidistribution/4.2.5/owlapi-osgidistribution-4.2.5-sources.jar
[INFO] Writing OBR metadata
[INFO] ------------------------------------------------------------------------
[INFO] Reactor Summary:
[INFO] 
[INFO] OWLAPI ............................................. SUCCESS [  2.783 s]
[INFO] OWLAPI Model Interfaces and utilities .............. SUCCESS [ 13.143 s]
[INFO] OWLAPI Default Implementation ...................... SUCCESS [  9.380 s]
[INFO] tools .............................................. SUCCESS [  3.331 s]
[INFO] parsers ............................................ SUCCESS [  8.645 s]
[INFO] oboformat parser ................................... SUCCESS [  4.541 s]
[INFO] OWLAPITOOLS OWL profile and fixers ................. SUCCESS [  3.555 s]
[INFO] OWLAPI :: Sesame Rio module ........................ SUCCESS [  2.606 s]
[INFO] OWLAPI Binding and Config .......................... SUCCESS [  1.467 s]
[INFO] compatibility ...................................... SUCCESS [  3.240 s]
[INFO] tests and tutorials ................................ SUCCESS [  9.978 s]
[INFO] OWLAPI Distribution ................................ SUCCESS [  8.252 s]
[INFO] OWLAPI OSGi and Compatibility Distribution ......... SUCCESS [ 10.904 s]
[INFO] ------------------------------------------------------------------------
[INFO] BUILD SUCCESS
[INFO] ------------------------------------------------------------------------
[INFO] Total time: 01:24 min
[INFO] Finished at: 2016-09-10T17:30:55+00:00
[INFO] Final Memory: 121M/414M
[INFO] ------------------------------------------------------------------------

travis_time:end:070655c0:start=1473528568615205481,finish=1473528657778589421,duration=89163383940[0Ktravis_fold:end:install[0Ktravis_time:start:3e5f9fb9[0K$ mvn verify
[INFO] Scanning for projects...
[INFO] Inspecting build with total of 13 modules...
[INFO] Installing Nexus Staging features:
[INFO]   ... total of 13 executions of maven-deploy-plugin replaced with nexus-staging-maven-plugin
[INFO] ------------------------------------------------------------------------
[INFO] Reactor Build Order:
[INFO] 
[INFO] OWLAPI
[INFO] OWLAPI Model Interfaces and utilities
[INFO] OWLAPI Default Implementation
[INFO] tools
[INFO] parsers
[INFO] oboformat parser
[INFO] OWLAPITOOLS OWL profile and fixers
[INFO] OWLAPI :: Sesame Rio module
[INFO] OWLAPI Binding and Config
[INFO] compatibility
[INFO] tests and tutorials
[INFO] OWLAPI Distribution
[INFO] OWLAPI OSGi and Compatibility Distribution
[INFO]                                                                         
[INFO] ------------------------------------------------------------------------
[INFO] Building OWLAPI 4.2.5
[INFO] ------------------------------------------------------------------------
[INFO] 
[INFO] --- maven-enforcer-plugin:1.0:enforce (enforce-maven) @ owlapi-parent ---
[INFO] 
[INFO] --- animal-sniffer-maven-plugin:1.13:check (default) @ owlapi-parent ---
[INFO] Checking unresolved references to org.codehaus.mojo.signature:java17:1.0
[INFO] 
[INFO] >>> maven-source-plugin:2.2.1:jar (attach-sources) > generate-sources @ owlapi-parent >>>
[INFO] 
[INFO] --- maven-enforcer-plugin:1.0:enforce (enforce-maven) @ owlapi-parent ---
[INFO] 
[INFO] <<< maven-source-plugin:2.2.1:jar (attach-sources) < generate-sources @ owlapi-parent <<<
[INFO] 
[INFO] --- maven-source-plugin:2.2.1:jar (attach-sources) @ owlapi-parent ---
[INFO] 
[INFO] --- maven-javadoc-plugin:2.8.1:jar (attach-javadocs) @ owlapi-parent ---
[INFO] Skipping javadoc generation
[INFO]                                                                         
[INFO] ------------------------------------------------------------------------
[INFO] Building OWLAPI Model Interfaces and utilities 4.2.5
[INFO] ------------------------------------------------------------------------
[INFO] 
[INFO] --- maven-enforcer-plugin:1.0:enforce (enforce-maven) @ owlapi-api ---
[INFO] 
[INFO] --- maven-resources-plugin:2.6:resources (default-resources) @ owlapi-api ---
[INFO] Using 'UTF-8' encoding to copy filtered resources.
[INFO] skip non existing resourceDirectory /home/travis/build/owlcs/owlapi/api/src/main/resources
[INFO] 
[INFO] --- maven-compiler-plugin:2.3.2:compile (default-compile) @ owlapi-api ---
[INFO] Compiling 10 source files to /home/travis/build/owlcs/owlapi/api/target/classes
[INFO] 
[INFO] --- maven-resources-plugin:2.6:testResources (default-testResources) @ owlapi-api ---
[INFO] Using 'UTF-8' encoding to copy filtered resources.
[INFO] Copying 1 resource
[INFO] 
[INFO] --- maven-compiler-plugin:2.3.2:testCompile (default-testCompile) @ owlapi-api ---
[INFO] Nothing to compile - all classes are up to date
[INFO] 
[INFO] --- maven-surefire-plugin:2.18.1:test (default-test) @ owlapi-api ---
[INFO] Surefire report directory: /home/travis/build/owlcs/owlapi/api/target/surefire-reports

-------------------------------------------------------
 T E S T S
-------------------------------------------------------
Tests run: 864, Failures: 0, Errors: 0, Skipped: 0

[INFO] 
[INFO] --- animal-sniffer-maven-plugin:1.13:check (default) @ owlapi-api ---
[INFO] Checking unresolved references to org.codehaus.mojo.signature:java17:1.0
[INFO] 
[INFO] --- maven-jar-plugin:2.4:jar (default-jar) @ owlapi-api ---
[INFO] 
[INFO] >>> maven-source-plugin:2.2.1:jar (attach-sources) > generate-sources @ owlapi-api >>>
[INFO] 
[INFO] --- maven-enforcer-plugin:1.0:enforce (enforce-maven) @ owlapi-api ---
[INFO] 
[INFO] <<< maven-source-plugin:2.2.1:jar (attach-sources) < generate-sources @ owlapi-api <<<
[INFO] 
[INFO] --- maven-source-plugin:2.2.1:jar (attach-sources) @ owlapi-api ---
[INFO] 
[INFO] --- maven-javadoc-plugin:2.8.1:jar (attach-javadocs) @ owlapi-api ---
[INFO] Skipping javadoc generation
[INFO]                                                                         
[INFO] ------------------------------------------------------------------------
[INFO] Building OWLAPI Default Implementation 4.2.5
[INFO] ------------------------------------------------------------------------
[INFO] 
[INFO] --- maven-enforcer-plugin:1.0:enforce (enforce-maven) @ owlapi-impl ---
[INFO] 
[INFO] --- maven-resources-plugin:2.6:resources (default-resources) @ owlapi-impl ---
[INFO] Using 'UTF-8' encoding to copy filtered resources.
[INFO] skip non existing resourceDirectory /home/travis/build/owlcs/owlapi/impl/src/main/resources
[INFO] 
[INFO] --- maven-compiler-plugin:2.3.2:compile (default-compile) @ owlapi-impl ---
[INFO] Compiling 3 source files to /home/travis/build/owlcs/owlapi/impl/target/classes
[INFO] 
[INFO] --- maven-resources-plugin:2.6:testResources (default-testResources) @ owlapi-impl ---
[INFO] Using 'UTF-8' encoding to copy filtered resources.
[INFO] skip non existing resourceDirectory /home/travis/build/owlcs/owlapi/impl/src/test/resources
[INFO] 
[INFO] --- maven-compiler-plugin:2.3.2:testCompile (default-testCompile) @ owlapi-impl ---
[INFO] Nothing to compile - all classes are up to date
[INFO] 
[INFO] --- maven-surefire-plugin:2.18.1:test (default-test) @ owlapi-impl ---
[INFO] Surefire report directory: /home/travis/build/owlcs/owlapi/impl/target/surefire-reports

-------------------------------------------------------
 T E S T S
-------------------------------------------------------
[main] WARN uk.ac.manchester.cs.owl.owlapi.OWLOntologyManagerImpl - Runtime Warning: Parsers should load imported ontologies using the makeImportLoadRequest method.
[main] WARN uk.ac.manchester.cs.owl.owlapi.OWLOntologyManagerImpl - Runtime Warning: Parsers should load imported ontologies using the makeImportLoadRequest method.
Tests run: 499, Failures: 0, Errors: 0, Skipped: 0

[INFO] 
[INFO] --- animal-sniffer-maven-plugin:1.13:check (default) @ owlapi-impl ---
[INFO] Checking unresolved references to org.codehaus.mojo.signature:java17:1.0
[INFO] 
[INFO] --- maven-jar-plugin:2.4:jar (default-jar) @ owlapi-impl ---
[INFO] 
[INFO] >>> maven-source-plugin:2.2.1:jar (attach-sources) > generate-sources @ owlapi-impl >>>
[INFO] 
[INFO] --- maven-enforcer-plugin:1.0:enforce (enforce-maven) @ owlapi-impl ---
[INFO] 
[INFO] <<< maven-source-plugin:2.2.1:jar (attach-sources) < generate-sources @ owlapi-impl <<<
[INFO] 
[INFO] --- maven-source-plugin:2.2.1:jar (attach-sources) @ owlapi-impl ---
[INFO] 
[INFO] --- maven-javadoc-plugin:2.8.1:jar (attach-javadocs) @ owlapi-impl ---
[INFO] Skipping javadoc generation
[INFO]                                                                         
[INFO] ------------------------------------------------------------------------
[INFO] Building tools 4.2.5
[INFO] ------------------------------------------------------------------------
[INFO] 
[INFO] --- maven-enforcer-plugin:1.0:enforce (enforce-maven) @ owlapi-tools ---
[INFO] 
[INFO] --- maven-resources-plugin:2.6:resources (default-resources) @ owlapi-tools ---
[INFO] Using 'UTF-8' encoding to copy filtered resources.
[INFO] skip non existing resourceDirectory /home/travis/build/owlcs/owlapi/tools/src/main/resources
[INFO] 
[INFO] --- maven-compiler-plugin:2.3.2:compile (default-compile) @ owlapi-tools ---
[INFO] Compiling 10 source files to /home/travis/build/owlcs/owlapi/tools/target/classes
[INFO] 
[INFO] --- maven-resources-plugin:2.6:testResources (default-testResources) @ owlapi-tools ---
[INFO] Using 'UTF-8' encoding to copy filtered resources.
[INFO] skip non existing resourceDirectory /home/travis/build/owlcs/owlapi/tools/src/test/resources
[INFO] 
[INFO] --- maven-compiler-plugin:2.3.2:testCompile (default-testCompile) @ owlapi-tools ---
[INFO] No sources to compile
[INFO] 
[INFO] --- maven-surefire-plugin:2.18.1:test (default-test) @ owlapi-tools ---
[INFO] No tests to run.
[INFO] 
[INFO] --- animal-sniffer-maven-plugin:1.13:check (default) @ owlapi-tools ---
[INFO] Checking unresolved references to org.codehaus.mojo.signature:java17:1.0
[INFO] 
[INFO] --- maven-jar-plugin:2.4:jar (default-jar) @ owlapi-tools ---
[INFO] 
[INFO] >>> maven-source-plugin:2.2.1:jar (attach-sources) > generate-sources @ owlapi-tools >>>
[INFO] 
[INFO] --- maven-enforcer-plugin:1.0:enforce (enforce-maven) @ owlapi-tools ---
[INFO] 
[INFO] <<< maven-source-plugin:2.2.1:jar (attach-sources) < generate-sources @ owlapi-tools <<<
[INFO] 
[INFO] --- maven-source-plugin:2.2.1:jar (attach-sources) @ owlapi-tools ---
[INFO] 
[INFO] --- maven-javadoc-plugin:2.8.1:jar (attach-javadocs) @ owlapi-tools ---
[INFO] Skipping javadoc generation
[INFO]                                                                         
[INFO] ------------------------------------------------------------------------
[INFO] Building parsers 4.2.5
[INFO] ------------------------------------------------------------------------
[INFO] 
[INFO] --- maven-enforcer-plugin:1.0:enforce (enforce-maven) @ owlapi-parsers ---
[INFO] 
[INFO] --- maven-resources-plugin:2.6:resources (default-resources) @ owlapi-parsers ---
[INFO] Using 'UTF-8' encoding to copy filtered resources.
[INFO] Copying 2 resources
[INFO] 
[INFO] --- maven-compiler-plugin:2.3.2:compile (default-compile) @ owlapi-parsers ---
[INFO] Compiling 10 source files to /home/travis/build/owlcs/owlapi/parsers/target/classes
[INFO] 
[INFO] --- maven-resources-plugin:2.6:testResources (default-testResources) @ owlapi-parsers ---
[INFO] Using 'UTF-8' encoding to copy filtered resources.
[INFO] skip non existing resourceDirectory /home/travis/build/owlcs/owlapi/parsers/src/test/resources
[INFO] 
[INFO] --- maven-compiler-plugin:2.3.2:testCompile (default-testCompile) @ owlapi-parsers ---
[INFO] Nothing to compile - all classes are up to date
[INFO] 
[INFO] --- maven-surefire-plugin:2.18.1:test (default-test) @ owlapi-parsers ---
[INFO] Surefire report directory: /home/travis/build/owlcs/owlapi/parsers/target/surefire-reports

-------------------------------------------------------
 T E S T S
-------------------------------------------------------
Tests run: 3, Failures: 0, Errors: 0, Skipped: 1

[INFO] 
[INFO] --- animal-sniffer-maven-plugin:1.13:check (default) @ owlapi-parsers ---
[INFO] Checking unresolved references to org.codehaus.mojo.signature:java17:1.0
[INFO] 
[INFO] --- maven-jar-plugin:2.4:jar (default-jar) @ owlapi-parsers ---
[INFO] 
[INFO] >>> maven-source-plugin:2.2.1:jar (attach-sources) > generate-sources @ owlapi-parsers >>>
[INFO] 
[INFO] --- maven-enforcer-plugin:1.0:enforce (enforce-maven) @ owlapi-parsers ---
[INFO] 
[INFO] <<< maven-source-plugin:2.2.1:jar (attach-sources) < generate-sources @ owlapi-parsers <<<
[INFO] 
[INFO] --- maven-source-plugin:2.2.1:jar (attach-sources) @ owlapi-parsers ---
[INFO] 
[INFO] --- maven-javadoc-plugin:2.8.1:jar (attach-javadocs) @ owlapi-parsers ---
[INFO] Skipping javadoc generation
[INFO]                                                                         
[INFO] ------------------------------------------------------------------------
[INFO] Building oboformat parser 4.2.5
[INFO] ------------------------------------------------------------------------
[INFO] 
[INFO] --- maven-enforcer-plugin:1.0:enforce (enforce-maven) @ owlapi-oboformat ---
[INFO] 
[INFO] --- maven-resources-plugin:2.6:resources (default-resources) @ owlapi-oboformat ---
[INFO] Using 'UTF-8' encoding to copy filtered resources.
[INFO] Copying 2 resources
[INFO] 
[INFO] --- maven-compiler-plugin:2.3.2:compile (default-compile) @ owlapi-oboformat ---
[INFO] Nothing to compile - all classes are up to date
[INFO] 
[INFO] --- maven-resources-plugin:2.6:testResources (default-testResources) @ owlapi-oboformat ---
[INFO] Using 'UTF-8' encoding to copy filtered resources.
[INFO] skip non existing resourceDirectory /home/travis/build/owlcs/owlapi/oboformat/src/test/resources
[INFO] 
[INFO] --- maven-compiler-plugin:2.3.2:testCompile (default-testCompile) @ owlapi-oboformat ---
[INFO] Nothing to compile - all classes are up to date
[INFO] 
[INFO] --- maven-surefire-plugin:2.18.1:test (default-test) @ owlapi-oboformat ---
[INFO] Surefire report directory: /home/travis/build/owlcs/owlapi/oboformat/target/surefire-reports

-------------------------------------------------------
 T E S T S
-------------------------------------------------------
Tests run: 1, Failures: 0, Errors: 0, Skipped: 0

[INFO] 
[INFO] --- animal-sniffer-maven-plugin:1.13:check (default) @ owlapi-oboformat ---
[INFO] Checking unresolved references to org.codehaus.mojo.signature:java17:1.0
[INFO] 
[INFO] --- maven-jar-plugin:2.4:jar (default-jar) @ owlapi-oboformat ---
[INFO] 
[INFO] >>> maven-source-plugin:2.2.1:jar (attach-sources) > generate-sources @ owlapi-oboformat >>>
[INFO] 
[INFO] --- maven-enforcer-plugin:1.0:enforce (enforce-maven) @ owlapi-oboformat ---
[INFO] 
[INFO] <<< maven-source-plugin:2.2.1:jar (attach-sources) < generate-sources @ owlapi-oboformat <<<
[INFO] 
[INFO] --- maven-source-plugin:2.2.1:jar (attach-sources) @ owlapi-oboformat ---
[INFO] 
[INFO] --- maven-javadoc-plugin:2.8.1:jar (attach-javadocs) @ owlapi-oboformat ---
[INFO] Skipping javadoc generation
[INFO]                                                                         
[INFO] ------------------------------------------------------------------------
[INFO] Building OWLAPITOOLS OWL profile and fixers 4.2.5
[INFO] ------------------------------------------------------------------------
[INFO] 
[INFO] --- maven-enforcer-plugin:1.0:enforce (enforce-maven) @ owlapi-fixers ---
[INFO] 
[INFO] --- maven-resources-plugin:2.6:resources (default-resources) @ owlapi-fixers ---
[INFO] Using 'UTF-8' encoding to copy filtered resources.
[INFO] skip non existing resourceDirectory /home/travis/build/owlcs/owlapi/fixers/src/main/resources
[INFO] 
[INFO] --- maven-compiler-plugin:2.3.2:compile (default-compile) @ owlapi-fixers ---
[INFO] Nothing to compile - all classes are up to date
[INFO] 
[INFO] --- maven-resources-plugin:2.6:testResources (default-testResources) @ owlapi-fixers ---
[INFO] Using 'UTF-8' encoding to copy filtered resources.
[INFO] skip non existing resourceDirectory /home/travis/build/owlcs/owlapi/fixers/src/test/resources
[INFO] 
[INFO] --- maven-compiler-plugin:2.3.2:testCompile (default-testCompile) @ owlapi-fixers ---
[INFO] Nothing to compile - all classes are up to date
[INFO] 
[INFO] --- maven-surefire-plugin:2.18.1:test (default-test) @ owlapi-fixers ---
[INFO] Surefire report directory: /home/travis/build/owlcs/owlapi/fixers/target/surefire-reports

-------------------------------------------------------
 T E S T S
-------------------------------------------------------
Tests run: 207, Failures: 0, Errors: 0, Skipped: 0

[INFO] 
[INFO] --- animal-sniffer-maven-plugin:1.13:check (default) @ owlapi-fixers ---
[INFO] Checking unresolved references to org.codehaus.mojo.signature:java17:1.0
[INFO] 
[INFO] --- maven-jar-plugin:2.4:jar (default-jar) @ owlapi-fixers ---
[INFO] 
[INFO] >>> maven-source-plugin:2.2.1:jar (attach-sources) > generate-sources @ owlapi-fixers >>>
[INFO] 
[INFO] --- maven-enforcer-plugin:1.0:enforce (enforce-maven) @ owlapi-fixers ---
[INFO] 
[INFO] <<< maven-source-plugin:2.2.1:jar (attach-sources) < generate-sources @ owlapi-fixers <<<
[INFO] 
[INFO] --- maven-source-plugin:2.2.1:jar (attach-sources) @ owlapi-fixers ---
[INFO] 
[INFO] --- maven-javadoc-plugin:2.8.1:jar (attach-javadocs) @ owlapi-fixers ---
[INFO] Skipping javadoc generation
[INFO]                                                                         
[INFO] ------------------------------------------------------------------------
[INFO] Building OWLAPI :: Sesame Rio module 4.2.5
[INFO] ------------------------------------------------------------------------
[INFO] 
[INFO] --- maven-enforcer-plugin:1.0:enforce (enforce-maven) @ owlapi-rio ---
[INFO] 
[INFO] --- maven-resources-plugin:2.6:resources (default-resources) @ owlapi-rio ---
[INFO] Using 'UTF-8' encoding to copy filtered resources.
[INFO] Copying 4 resources
[INFO] 
[INFO] --- maven-compiler-plugin:2.3.2:compile (default-compile) @ owlapi-rio ---
[INFO] Nothing to compile - all classes are up to date
[INFO] 
[INFO] --- maven-resources-plugin:2.6:testResources (default-testResources) @ owlapi-rio ---
[INFO] Using 'UTF-8' encoding to copy filtered resources.
[INFO] skip non existing resourceDirectory /home/travis/build/owlcs/owlapi/rio/src/test/resources
[INFO] 
[INFO] --- maven-compiler-plugin:2.3.2:testCompile (default-testCompile) @ owlapi-rio ---
[INFO] No sources to compile
[INFO] 
[INFO] --- maven-surefire-plugin:2.18.1:test (default-test) @ owlapi-rio ---
[INFO] No tests to run.
[INFO] 
[INFO] --- animal-sniffer-maven-plugin:1.13:check (default) @ owlapi-rio ---
[INFO] Checking unresolved references to org.codehaus.mojo.signature:java17:1.0
[INFO] 
[INFO] --- maven-jar-plugin:2.4:jar (default-jar) @ owlapi-rio ---
[INFO] 
[INFO] >>> maven-source-plugin:2.2.1:jar (attach-sources) > generate-sources @ owlapi-rio >>>
[INFO] 
[INFO] --- maven-enforcer-plugin:1.0:enforce (enforce-maven) @ owlapi-rio ---
[INFO] 
[INFO] <<< maven-source-plugin:2.2.1:jar (attach-sources) < generate-sources @ owlapi-rio <<<
[INFO] 
[INFO] --- maven-source-plugin:2.2.1:jar (attach-sources) @ owlapi-rio ---
[INFO] 
[INFO] --- maven-javadoc-plugin:2.8.1:jar (attach-javadocs) @ owlapi-rio ---
[INFO] Skipping javadoc generation
[INFO]                                                                         
[INFO] ------------------------------------------------------------------------
[INFO] Building OWLAPI Binding and Config 4.2.5
[INFO] ------------------------------------------------------------------------
[INFO] 
[INFO] --- maven-enforcer-plugin:1.0:enforce (enforce-maven) @ owlapi-apibinding ---
[INFO] 
[INFO] --- maven-resources-plugin:2.6:resources (default-resources) @ owlapi-apibinding ---
[INFO] Using 'UTF-8' encoding to copy filtered resources.
[INFO] Copying 1 resource
[INFO] 
[INFO] --- maven-compiler-plugin:2.3.2:compile (default-compile) @ owlapi-apibinding ---
[INFO] Compiling 1 source file to /home/travis/build/owlcs/owlapi/apibinding/target/classes
[INFO] 
[INFO] --- maven-resources-plugin:2.6:testResources (default-testResources) @ owlapi-apibinding ---
[INFO] Using 'UTF-8' encoding to copy filtered resources.
[INFO] skip non existing resourceDirectory /home/travis/build/owlcs/owlapi/apibinding/src/test/resources
[INFO] 
[INFO] --- maven-compiler-plugin:2.3.2:testCompile (default-testCompile) @ owlapi-apibinding ---
[INFO] No sources to compile
[INFO] 
[INFO] --- maven-surefire-plugin:2.18.1:test (default-test) @ owlapi-apibinding ---
[INFO] No tests to run.
[INFO] 
[INFO] --- animal-sniffer-maven-plugin:1.13:check (default) @ owlapi-apibinding ---
[INFO] Checking unresolved references to org.codehaus.mojo.signature:java17:1.0
[INFO] 
[INFO] --- maven-jar-plugin:2.4:jar (default-jar) @ owlapi-apibinding ---
[INFO] 
[INFO] >>> maven-source-plugin:2.2.1:jar (attach-sources) > generate-sources @ owlapi-apibinding >>>
[INFO] 
[INFO] --- maven-enforcer-plugin:1.0:enforce (enforce-maven) @ owlapi-apibinding ---
[INFO] 
[INFO] <<< maven-source-plugin:2.2.1:jar (attach-sources) < generate-sources @ owlapi-apibinding <<<
[INFO] 
[INFO] --- maven-source-plugin:2.2.1:jar (attach-sources) @ owlapi-apibinding ---
[INFO] 
[INFO] --- maven-javadoc-plugin:2.8.1:jar (attach-javadocs) @ owlapi-apibinding ---
[INFO] Skipping javadoc generation
[INFO]                                                                         
[INFO] ------------------------------------------------------------------------
[INFO] Building compatibility 4.2.5
[INFO] ------------------------------------------------------------------------
[INFO] 
[INFO] --- maven-enforcer-plugin:1.0:enforce (enforce-maven) @ owlapi-compatibility ---
[INFO] 
[INFO] --- maven-resources-plugin:2.6:resources (default-resources) @ owlapi-compatibility ---
[INFO] Using 'UTF-8' encoding to copy filtered resources.
[INFO] Copying 1 resource
[INFO] 
[INFO] --- maven-compiler-plugin:2.3.2:compile (default-compile) @ owlapi-compatibility ---
[INFO] Nothing to compile - all classes are up to date
[INFO] 
[INFO] --- maven-resources-plugin:2.6:testResources (default-testResources) @ owlapi-compatibility ---
[INFO] Using 'UTF-8' encoding to copy filtered resources.
[INFO] Copying 2 resources
[INFO] 
[INFO] --- maven-compiler-plugin:2.3.2:testCompile (default-testCompile) @ owlapi-compatibility ---
[INFO] Nothing to compile - all classes are up to date
[INFO] 
[INFO] --- maven-surefire-plugin:2.18.1:test (default-test) @ owlapi-compatibility ---
[INFO] Surefire report directory: /home/travis/build/owlcs/owlapi/compatibility/target/surefire-reports

-------------------------------------------------------
 T E S T S
-------------------------------------------------------
[main] ERROR org.obolibrary.obo2owl.OWLAPIObo2Owl - id contains space: "'participates in' some 
('regulation of drinking behavior' and (has_quality some 
('increased frequency' and towards some 'liquid consumption' and owl:qualifier some chronic)))"
[Fatal Error] :1:1: Content is not allowed in prolog.
Tests run: 3, Failures: 0, Errors: 0, Skipped: 0

[INFO] 
[INFO] --- animal-sniffer-maven-plugin:1.13:check (default) @ owlapi-compatibility ---
[INFO] Checking unresolved references to org.codehaus.mojo.signature:java17:1.0
[INFO] 
[INFO] --- maven-jar-plugin:2.4:jar (default-jar) @ owlapi-compatibility ---
[INFO] 
[INFO] >>> maven-source-plugin:2.2.1:jar (attach-sources) > generate-sources @ owlapi-compatibility >>>
[INFO] 
[INFO] --- maven-enforcer-plugin:1.0:enforce (enforce-maven) @ owlapi-compatibility ---
[INFO] 
[INFO] <<< maven-source-plugin:2.2.1:jar (attach-sources) < generate-sources @ owlapi-compatibility <<<
[INFO] 
[INFO] --- maven-source-plugin:2.2.1:jar (attach-sources) @ owlapi-compatibility ---
[INFO] 
[INFO] --- maven-javadoc-plugin:2.8.1:jar (attach-javadocs) @ owlapi-compatibility ---
[INFO] Skipping javadoc generation
[INFO]                                                                         
[INFO] ------------------------------------------------------------------------
[INFO] Building tests and tutorials 4.2.5
[INFO] ------------------------------------------------------------------------
[INFO] 
[INFO] --- maven-enforcer-plugin:1.0:enforce (enforce-maven) @ owlapi-contract ---
[INFO] 
[INFO] --- maven-resources-plugin:2.6:resources (default-resources) @ owlapi-contract ---
[INFO] Using 'UTF-8' encoding to copy filtered resources.
[INFO] skip non existing resourceDirectory /home/travis/build/owlcs/owlapi/contract/src/main/resources
[INFO] 
[INFO] --- maven-compiler-plugin:2.3.2:compile (default-compile) @ owlapi-contract ---
[INFO] Nothing to compile - all classes are up to date
[INFO] 
[INFO] --- maven-resources-plugin:2.6:testResources (default-testResources) @ owlapi-contract ---
[INFO] Using 'UTF-8' encoding to copy filtered resources.
[INFO] Copying 175 resources
[INFO] 
[INFO] --- maven-compiler-plugin:2.3.2:testCompile (default-testCompile) @ owlapi-contract ---
[INFO] Nothing to compile - all classes are up to date
[INFO] 
[INFO] --- maven-surefire-plugin:2.18.1:test (default-test) @ owlapi-contract ---
[INFO] Surefire report directory: /home/travis/build/owlcs/owlapi/contract/target/surefire-reports

-------------------------------------------------------
 T E S T S
-------------------------------------------------------
2016-09-10 17:31:40:099 +0000 [Time-limited test] ERROR org.semanticweb.owlapi.model.OWLOntologyID - Ontology IRIs must be absolute; IRI urntests#uri871 is relative and will be made absolute by prefixing urn:absolute: to it
2016-09-10 17:32:01:629 +0000 [Time-limited test] ERROR uk.ac.manchester.cs.owl.owlapi.OWLOntologyManagerImpl - OWLOntologyManagerImpl.checkForOntologyIDChange() existing:Ontology(OntologyID(OntologyIRI(<http://www.semanticweb.org/ontologies/ontologyA>) VersionIRI(<null>))) [Axioms: 1 Logical Axioms: 0] First 20 axioms: {Declaration(Class(<urn:test:testclass>)) }
2016-09-10 17:32:01:630 +0000 [Time-limited test] ERROR uk.ac.manchester.cs.owl.owlapi.OWLOntologyManagerImpl - OWLOntologyManagerImpl.checkForOntologyIDChange() new:Ontology(OntologyID(OntologyIRI(<http://www.semanticweb.org/ontologies/ontologyB>) VersionIRI(<null>))) [Axioms: 0 Logical Axioms: 0] First 20 axioms: {}
2016-09-10 17:32:01:885 +0000 [main] ERROR org.semanticweb.owlapi.model.OWLOntologyID - Ontology IRIs must be absolute; IRI a is relative and will be made absolute by prefixing urn:absolute: to it
2016-09-10 17:32:01:886 +0000 [main] ERROR org.semanticweb.owlapi.model.OWLOntologyID - Ontology IRIs must be absolute; IRI b is relative and will be made absolute by prefixing urn:absolute: to it
2016-09-10 17:32:01:886 +0000 [main] ERROR org.semanticweb.owlapi.model.OWLOntologyID - Ontology IRIs must be absolute; IRI b is relative and will be made absolute by prefixing urn:absolute: to it
2016-09-10 17:32:01:886 +0000 [main] ERROR org.semanticweb.owlapi.model.OWLOntologyID - Ontology IRIs must be absolute; IRI b is relative and will be made absolute by prefixing urn:absolute: to it
2016-09-10 17:32:01:924 +0000 [Time-limited test] ERROR uk.ac.manchester.cs.owl.owlapi.OWLOntologyManagerImpl - OWLOntologyManagerImpl.checkForOntologyIDChange() existing:Ontology(OntologyID(OntologyIRI(<http://www.semanticweb.org/ontologies/ontologyA>) VersionIRI(<null>))) [Axioms: 1 Logical Axioms: 0] First 20 axioms: {Declaration(Class(<http://www.semanticweb.org/ontologies/ontologyA#A>)) }
2016-09-10 17:32:01:924 +0000 [Time-limited test] ERROR uk.ac.manchester.cs.owl.owlapi.OWLOntologyManagerImpl - OWLOntologyManagerImpl.checkForOntologyIDChange() new:Ontology(OntologyID(Anonymous-7059)) [Axioms: 0 Logical Axioms: 0] First 20 axioms: {}
ManSyntaxTestCase.testAssertion() Prefix: owl: <http://www.w3.org/2002/07/owl#>
Prefix: rdf: <http://www.w3.org/1999/02/22-rdf-syntax-ns#>
Prefix: rdfs: <http://www.w3.org/2000/01/rdf-schema#>
Prefix: xml: <http://www.w3.org/XML/1998/namespace>
Prefix: xsd: <http://www.w3.org/2001/XMLSchema#>



Ontology: <urn:test:manchester>


DataProperty: <urn:test#dp>

    SubPropertyOf: 
        owl:topDataProperty
    
    
DataProperty: owl:topDataProperty

    

2016-09-10 17:32:10:569 +0000 [Time-limited test] ERROR org.semanticweb.owlapi.model.OWLOntologyID - Ontology IRIs must be absolute; IRI urntests#uri24594 is relative and will be made absolute by prefixing urn:absolute: to it
2016-09-10 17:32:11:498 +0000 [Time-limited test] ERROR uk.ac.manchester.cs.owl.owlapi.OWLOntologyManagerImpl - Illegal redeclarations of entities: reuse of entity http://www.example.org#p in punning not allowed [Declaration(DataProperty(<http://www.example.org#p>)), Declaration(ObjectProperty(<http://www.example.org#p>))]
2016-09-10 17:32:12:901 +0000 [Time-limited test] ERROR org.obolibrary.obo2owl.OWLAPIOwl2Obo - Duplicate clause 'alt_id( GO:0048233)' generated in frame: GO:0009560
2016-09-10 17:32:12:937 +0000 [Time-limited test] ERROR org.obolibrary.obo2owl.OWLAPIOwl2Obo - Duplicate clause 'def( Def T1)' generated in frame: TEST:0001
2016-09-10 17:32:14:325 +0000 [Time-limited test] ERROR org.obolibrary.oboformat.parser.OBOFormatParser - Error: Instance frames are not supported yet. Parsing stopped at line: 425
Tests run: 3393, Failures: 0, Errors: 0, Skipped: 2

[INFO] 
[INFO] --- animal-sniffer-maven-plugin:1.13:check (default) @ owlapi-contract ---
[INFO] Checking unresolved references to org.codehaus.mojo.signature:java17:1.0
[INFO] 
[INFO] --- maven-jar-plugin:2.4:jar (default-jar) @ owlapi-contract ---
[INFO] 
[INFO] >>> maven-source-plugin:2.2.1:jar (attach-sources) > generate-sources @ owlapi-contract >>>
[INFO] 
[INFO] --- maven-enforcer-plugin:1.0:enforce (enforce-maven) @ owlapi-contract ---
[INFO] 
[INFO] <<< maven-source-plugin:2.2.1:jar (attach-sources) < generate-sources @ owlapi-contract <<<
[INFO] 
[INFO] --- maven-source-plugin:2.2.1:jar (attach-sources) @ owlapi-contract ---
[INFO] 
[INFO] --- maven-javadoc-plugin:2.8.1:jar (attach-javadocs) @ owlapi-contract ---
[INFO] Skipping javadoc generation
[INFO]                                                                         
[INFO] ------------------------------------------------------------------------
[INFO] Building OWLAPI Distribution 4.2.5
[INFO] ------------------------------------------------------------------------
[INFO] 
[INFO] --- maven-enforcer-plugin:1.0:enforce (enforce-maven) @ owlapi-distribution ---
[INFO] 
[INFO] --- maven-resources-plugin:3.0.1:resources (default-resources) @ owlapi-distribution ---
[INFO] Using 'UTF-8' encoding to copy filtered resources.
[INFO] skip non existing resourceDirectory /home/travis/build/owlcs/owlapi/distribution/src/main/resources
[INFO] 
[INFO] --- maven-compiler-plugin:2.3.2:compile (default-compile) @ owlapi-distribution ---
[INFO] No sources to compile
[INFO] 
[INFO] --- maven-resources-plugin:3.0.1:testResources (default-testResources) @ owlapi-distribution ---
[INFO] Using 'UTF-8' encoding to copy filtered resources.
[INFO] skip non existing resourceDirectory /home/travis/build/owlcs/owlapi/distribution/src/test/resources
[INFO] 
[INFO] --- maven-compiler-plugin:2.3.2:testCompile (default-testCompile) @ owlapi-distribution ---
[INFO] No sources to compile
[INFO] 
[INFO] --- maven-surefire-plugin:2.18.1:test (default-test) @ owlapi-distribution ---
[INFO] No tests to run.
[INFO] 
[INFO] --- animal-sniffer-maven-plugin:1.13:check (default) @ owlapi-distribution ---
[INFO] Checking unresolved references to org.codehaus.mojo.signature:java17:1.0
[INFO] 
[INFO] --- maven-bundle-plugin:2.5.3:bundle (default-bundle) @ owlapi-distribution ---
[WARNING] Bundle net.sourceforge.owlapi:owlapi-distribution:bundle:4.2.5 : Unused Private-Package instructions, no such package(s) on the class path: [!*]
[INFO] 
[INFO] >>> maven-source-plugin:2.2.1:jar (attach-sources) > generate-sources @ owlapi-distribution >>>
[INFO] 
[INFO] --- maven-enforcer-plugin:1.0:enforce (enforce-maven) @ owlapi-distribution ---
[INFO] 
[INFO] <<< maven-source-plugin:2.2.1:jar (attach-sources) < generate-sources @ owlapi-distribution <<<
[INFO] 
[INFO] --- maven-source-plugin:2.2.1:jar (attach-sources) @ owlapi-distribution ---
[INFO] No sources in project. Archive not created.
[INFO] 
[INFO] --- maven-shade-plugin:2.3:shade (default) @ owlapi-distribution ---
[INFO] Including net.sourceforge.owlapi:owlapi-apibinding:jar:4.2.5 in the shaded jar.
[INFO] Including net.sourceforge.owlapi:owlapi-tools:jar:4.2.5 in the shaded jar.
[INFO] Including net.sourceforge.owlapi:owlapi-impl:jar:4.2.5 in the shaded jar.
[INFO] Including net.sourceforge.owlapi:owlapi-parsers:jar:4.2.5 in the shaded jar.
[INFO] Including net.sourceforge.owlapi:owlapi-oboformat:jar:4.2.5 in the shaded jar.
[INFO] Including net.sourceforge.owlapi:owlapi-fixers:jar:4.2.5 in the shaded jar.
[INFO] Including net.sourceforge.owlapi:owlapi-rio:jar:4.2.5 in the shaded jar.
[INFO] Including net.sourceforge.owlapi:owlapi-api:jar:4.2.5 in the shaded jar.
[INFO] Excluding com.fasterxml.jackson.core:jackson-core:jar:2.5.1 from the shaded jar.
[INFO] Excluding com.fasterxml.jackson.core:jackson-databind:jar:2.5.1 from the shaded jar.
[INFO] Excluding com.fasterxml.jackson.core:jackson-annotations:jar:2.5.1 from the shaded jar.
[INFO] Excluding org.tukaani:xz:jar:1.5 from the shaded jar.
[INFO] Excluding org.openrdf.sesame:sesame-model:jar:2.7.16 from the shaded jar.
[INFO] Excluding org.openrdf.sesame:sesame-util:jar:2.7.16 from the shaded jar.
[INFO] Excluding org.openrdf.sesame:sesame-rio-api:jar:2.7.16 from the shaded jar.
[INFO] Excluding org.openrdf.sesame:sesame-rio-languages:jar:2.7.16 from the shaded jar.
[INFO] Excluding org.openrdf.sesame:sesame-rio-datatypes:jar:2.7.16 from the shaded jar.
[INFO] Excluding org.openrdf.sesame:sesame-rio-binary:jar:2.7.16 from the shaded jar.
[INFO] Excluding org.openrdf.sesame:sesame-rio-n3:jar:2.7.16 from the shaded jar.
[INFO] Excluding org.openrdf.sesame:sesame-rio-nquads:jar:2.7.16 from the shaded jar.
[INFO] Excluding org.openrdf.sesame:sesame-rio-ntriples:jar:2.7.16 from the shaded jar.
[INFO] Excluding org.openrdf.sesame:sesame-rio-rdfjson:jar:2.7.16 from the shaded jar.
[INFO] Excluding org.openrdf.sesame:sesame-rio-rdfxml:jar:2.7.16 from the shaded jar.
[INFO] Excluding org.openrdf.sesame:sesame-rio-trix:jar:2.7.16 from the shaded jar.
[INFO] Excluding org.openrdf.sesame:sesame-rio-turtle:jar:2.7.16 from the shaded jar.
[INFO] Excluding org.openrdf.sesame:sesame-rio-trig:jar:2.7.16 from the shaded jar.
[INFO] Excluding com.github.jsonld-java:jsonld-java-sesame:jar:0.5.0 from the shaded jar.
[INFO] Excluding com.github.jsonld-java:jsonld-java:jar:0.5.0 from the shaded jar.
[INFO] Excluding org.apache.httpcomponents:httpclient-cache:jar:4.2.5 from the shaded jar.
[INFO] Excluding org.apache.httpcomponents:httpclient:jar:4.2.5 from the shaded jar.
[INFO] Excluding org.apache.httpcomponents:httpcore:jar:4.2.4 from the shaded jar.
[INFO] Excluding commons-codec:commons-codec:jar:1.6 from the shaded jar.
[INFO] Excluding org.slf4j:jcl-over-slf4j:jar:1.7.7 from the shaded jar.
[INFO] Excluding org.semarglproject:semargl-sesame:jar:0.6.1 from the shaded jar.
[INFO] Excluding org.semarglproject:semargl-core:jar:0.6.1 from the shaded jar.
[INFO] Excluding org.semarglproject:semargl-rdfa:jar:0.6.1 from the shaded jar.
[INFO] Excluding org.semarglproject:semargl-rdf:jar:0.6.1 from the shaded jar.
[INFO] Excluding net.sf.trove4j:trove4j:jar:3.0.3 from the shaded jar.
[INFO] Excluding com.google.guava:guava:jar:18.0 from the shaded jar.
[INFO] Excluding com.google.inject:guice:jar:4.0 from the shaded jar.
[INFO] Excluding javax.inject:javax.inject:jar:1 from the shaded jar.
[INFO] Excluding aopalliance:aopalliance:jar:1.0 from the shaded jar.
[INFO] Excluding com.google.inject.extensions:guice-assistedinject:jar:4.0 from the shaded jar.
[INFO] Excluding com.google.inject.extensions:guice-multibindings:jar:4.0 from the shaded jar.
[INFO] Excluding com.google.code.findbugs:jsr305:jar:2.0.1 from the shaded jar.
[INFO] Excluding org.slf4j:slf4j-api:jar:1.7.10 from the shaded jar.
[INFO] Excluding commons-io:commons-io:jar:2.4 from the shaded jar.
[WARNING] owlapi-oboformat-4.2.5.jar, owlapi-distribution-4.2.5.jar define 75 overlappping classes: 
[WARNING]   - org.obolibrary.oboformat.parser.OBOFormatParser$MyStream
[WARNING]   - org.obolibrary.obo2owl.OWLAPIOwl2Obo
[WARNING]   - org.obolibrary.obo2owl.OboInOwlCardinalityTools$AnnotationCardinalityConfictHandler
[WARNING]   - org.obolibrary.macro.ManchesterSyntaxTool
[WARNING]   - org.obolibrary.oboformat.parser.XrefExpander
[WARNING]   - org.obolibrary.macro.ManchesterSyntaxTool$1
[WARNING]   - org.obolibrary.oboformat.writer.OBOFormatWriter$TermsTagsComparator
[WARNING]   - org.obolibrary.oboformat.parser.OBOFormatException
[WARNING]   - org.obolibrary.oboformat.parser.XrefExpander$IsaExpansion
[WARNING]   - org.obolibrary.oboformat.model.Frame$FrameType
[WARNING]   - 65 more...
[WARNING] owlapi-fixers-4.2.5.jar, owlapi-distribution-4.2.5.jar define 95 overlappping classes: 
[WARNING]   - org.semanticweb.owlapitools.builders.BuilderEquivalentDataProperties
[WARNING]   - org.semanticweb.owlapitools.builders.BuilderObjectPropertyDomain
[WARNING]   - org.semanticweb.owlapitools.builders.BuilderObjectExactCardinality
[WARNING]   - org.semanticweb.owlapitools.builders.BuilderDataHasValue
[WARNING]   - org.semanticweb.owlapitools.builders.BuilderSWRLDataRangeAtom
[WARNING]   - org.semanticweb.owlapitools.builders.BuilderDisjointUnion
[WARNING]   - org.semanticweb.owlapitools.builders.BuilderDataPropertyDomain
[WARNING]   - org.semanticweb.owlapitools.builders.BuilderClass
[WARNING]   - org.semanticweb.owlapitools.builders.BuilderFunctionalObjectProperty
[WARNING]   - org.semanticweb.owlapitools.builders.BuilderReflexiveObjectProperty
[WARNING]   - 85 more...
[WARNING] owlapi-tools-4.2.5.jar, owlapi-distribution-4.2.5.jar define 84 overlappping classes: 
[WARNING]   - uk.ac.manchester.cs.owlapi.modularity.SyntacticLocalityModuleExtractor$1
[WARNING]   - com.clarkparsia.owlapi.explanation.util.DefinitionTracker
[WARNING]   - uk.ac.manchester.cs.owl.explanation.ordering.ExplanationTree
[WARNING]   - com.clarkparsia.owlapi.explanation.io.ExplanationRenderer
[WARNING]   - org.semanticweb.owlapi.normalform.OWLObjectComplementOfExtractor
[WARNING]   - org.semanticweb.owlapi.metrics.AxiomTypeMetric
[WARNING]   - uk.ac.manchester.cs.owl.explanation.ordering.AlphaExplanationOrderer
[WARNING]   - org.semanticweb.owlapi.metrics.HiddenGCICount
[WARNING]   - com.clarkparsia.owlapi.explanation.io.SilentExplanationRenderer
[WARNING]   - org.semanticweb.owlapi.metrics.ReferencedIndividualCount
[WARNING]   - 74 more...
[WARNING] owlapi-impl-4.2.5.jar, owlapi-distribution-4.2.5.jar define 217 overlappping classes: 
[WARNING]   - uk.ac.manchester.cs.owl.owlapi.OWLFunctionalDataPropertyAxiomImpl
[WARNING]   - uk.ac.manchester.cs.owl.owlapi.OWLDataFactoryInternals
[WARNING]   - uk.ac.manchester.cs.owl.owlapi.OWLObjectPropertyImpl
[WARNING]   - uk.ac.manchester.cs.owl.owlapi.OWLObjectMaxCardinalityImpl
[WARNING]   - uk.ac.manchester.cs.owl.owlapi.concurrent.Concurrency
[WARNING]   - uk.ac.manchester.cs.owl.owlapi.OWLDataExactCardinalityImpl
[WARNING]   - org.semanticweb.owlapi.reasoner.impl.OWLClassNode
[WARNING]   - uk.ac.manchester.cs.owl.owlapi.OWLAnnotationPropertyRangeAxiomImpl
[WARNING]   - uk.ac.manchester.cs.owl.owlapi.SWRLAtomImpl
[WARNING]   - uk.ac.manchester.cs.owl.owlapi.OWLDataMaxCardinalityImpl
[WARNING]   - 207 more...
[WARNING] owlapi-api-4.2.5.jar, owlapi-distribution-4.2.5.jar define 761 overlappping classes: 
[WARNING]   - org.semanticweb.owlapi.model.OWLAxiomCollection
[WARNING]   - org.semanticweb.owlapi.util.InferredEquivalentDataPropertiesAxiomGenerator
[WARNING]   - org.semanticweb.owlapi.profiles.Profiles
[WARNING]   - org.semanticweb.owlapi.util.OWLClassExpressionCollector
[WARNING]   - org.semanticweb.owlapi.profiles.violations.DatatypeIRIAlsoUsedAsClassIRI
[WARNING]   - org.semanticweb.owlapi.profiles.OWL2Profile
[WARNING]   - org.semanticweb.owlapi.model.OWLFunctionalDataPropertyAxiom
[WARNING]   - org.semanticweb.owlapi.io.SystemOutDocumentTarget
[WARNING]   - org.semanticweb.owlapi.model.EDTChangeBroadcastStrategy$BroadcastException
[WARNING]   - org.semanticweb.owlapi.profiles.OWL2RLProfile$OWL2RLObjectVisitor
[WARNING]   - 751 more...
[WARNING] owlapi-apibinding-4.2.5.jar, owlapi-distribution-4.2.5.jar define 2 overlappping classes: 
[WARNING]   - org.semanticweb.owlapi.apibinding.OWLManager
[WARNING]   - org.semanticweb.owlapi.apibinding.OWLFunctionalSyntaxFactory
[WARNING] owlapi-rio-4.2.5.jar, owlapi-distribution-4.2.5.jar define 73 overlappping classes: 
[WARNING]   - org.semanticweb.owlapi.rio.RioRenderer
[WARNING]   - org.semanticweb.owlapi.formats.RioRDFXMLDocumentFormat
[WARNING]   - org.semanticweb.owlapi.rio.RioTrixStorerFactory
[WARNING]   - org.semanticweb.owlapi.rio.RioRDFXMLStorerFactory
[WARNING]   - org.semanticweb.owlapi.rio.RioTrixParserFactory
[WARNING]   - org.semanticweb.owlapi.rio.RioOWLRDFParser
[WARNING]   - org.semanticweb.owlapi.rio.RioOWLXMLParserFactory
[WARNING]   - org.semanticweb.owlapi.rio.OWLAPIRDFFormat
[WARNING]   - org.semanticweb.owlapi.rio.RioNTriplesParserFactory
[WARNING]   - org.semanticweb.owlapi.formats.RDFaDocumentFormatFactory
[WARNING]   - 63 more...
[WARNING] owlapi-parsers-4.2.5.jar, owlapi-distribution-4.2.5.jar define 606 overlappping classes: 
[WARNING]   - org.semanticweb.owlapi.owlxml.parser.AbstractOWLObjectPropertyOperandAxiomElementHandler
[WARNING]   - org.semanticweb.owlapi.owlxml.parser.PARSER_OWLXMLVocabulary$42
[WARNING]   - org.semanticweb.owlapi.owlxml.parser.OWLObjectHasValueElementHandler
[WARNING]   - org.semanticweb.owlapi.rdf.rdfxml.parser.TripleHandlers$TypeDeprecatedClassHandler
[WARNING]   - org.semanticweb.owlapi.rdf.rdfxml.parser.Mode
[WARNING]   - org.semanticweb.owlapi.rdf.rdfxml.parser.TripleHandlers$TPFirstResourceHandler
[WARNING]   - org.semanticweb.owlapi.owlxml.parser.OWLOntologyHandler
[WARNING]   - org.semanticweb.owlapi.rdf.rdfxml.parser.Translators$DataHasValueTranslator
[WARNING]   - org.semanticweb.owlapi.manchestersyntax.parser.ManchesterOWLSyntaxParserImpl$AnnotatedDataRangeListItemParser
[WARNING]   - org.semanticweb.owlapi.owlxml.parser.OWLObjectPropertyRangeAxiomElementHandler
[WARNING]   - 596 more...
[WARNING] maven-shade-plugin has detected that some .class files
[WARNING] are present in two or more JARs. When this happens, only
[WARNING] one single version of the class is copied in the uberjar.
[WARNING] Usually this is not harmful and you can skeep these
[WARNING] warnings, otherwise try to manually exclude artifacts
[WARNING] based on mvn dependency:tree -Ddetail=true and the above
[WARNING] output
[WARNING] See http://docs.codehaus.org/display/MAVENUSER/Shade+Plugin
[INFO] Replacing original artifact with shaded artifact.
[INFO] Replacing /home/travis/build/owlcs/owlapi/distribution/target/owlapi-distribution-4.2.5.jar with /home/travis/build/owlcs/owlapi/distribution/target/owlapi-distribution-4.2.5-shaded.jar
[INFO] Dependency-reduced POM written at: /home/travis/build/owlcs/owlapi/distribution/dependency-reduced-pom.xml
[INFO] 
[INFO] --- maven-javadoc-plugin:2.8.1:jar (attach-javadocs) @ owlapi-distribution ---
[INFO] Skipping javadoc generation
[INFO] 
[INFO] --- maven-javadoc-plugin:2.8.1:jar (attach-javadoc) @ owlapi-distribution ---
[INFO] Skipping javadoc generation
[INFO] 
[INFO] --- maven-assembly-plugin:2.4:single (attach-sources) @ owlapi-distribution ---
[INFO] Reading assembly descriptor: src/assembly/sources.xml
[INFO] Building jar: /home/travis/build/owlcs/owlapi/distribution/target/owlapi-distribution-4.2.5-sources.jar
[INFO]                                                                         
[INFO] ------------------------------------------------------------------------
[INFO] Building OWLAPI OSGi and Compatibility Distribution 4.2.5
[INFO] ------------------------------------------------------------------------
[INFO] 
[INFO] --- maven-enforcer-plugin:1.0:enforce (enforce-maven) @ owlapi-osgidistribution ---
[INFO] 
[INFO] --- maven-resources-plugin:3.0.1:resources (default-resources) @ owlapi-osgidistribution ---
[INFO] Using 'UTF-8' encoding to copy filtered resources.
[INFO] skip non existing resourceDirectory /home/travis/build/owlcs/owlapi/osgidistribution/src/main/resources
[INFO] 
[INFO] --- maven-compiler-plugin:2.3.2:compile (default-compile) @ owlapi-osgidistribution ---
[INFO] Nothing to compile - all classes are up to date
[INFO] 
[INFO] --- maven-resources-plugin:3.0.1:testResources (default-testResources) @ owlapi-osgidistribution ---
[INFO] Using 'UTF-8' encoding to copy filtered resources.
[INFO] skip non existing resourceDirectory /home/travis/build/owlcs/owlapi/osgidistribution/src/test/resources
[INFO] 
[INFO] --- maven-compiler-plugin:2.3.2:testCompile (default-testCompile) @ owlapi-osgidistribution ---
[INFO] Nothing to compile - all classes are up to date
[INFO] 
[INFO] --- maven-surefire-plugin:2.18.1:test (default-test) @ owlapi-osgidistribution ---
[INFO] 
[INFO] --- animal-sniffer-maven-plugin:1.13:check (default) @ owlapi-osgidistribution ---
[INFO] Checking unresolved references to org.codehaus.mojo.signature:java17:1.0
[INFO] 
[INFO] --- maven-bundle-plugin:2.5.3:bundle (default-bundle) @ owlapi-osgidistribution ---
[WARNING] Bundle net.sourceforge.owlapi:owlapi-osgidistribution:bundle:4.2.5 : Split package, multiple jars provide the same package:org/coode/owlapi/obo/parser
Use Import/Export Package directive -split-package:=(merge-first|merge-last|error|first) to get rid of this warning
Package found in   [Jar:., Jar:owlapi-compatibility]
Class path         [Jar:., Jar:owlapi-apibinding, Jar:owlapi-tools, Jar:owlapi-impl, Jar:owlapi-parsers, Jar:owlapi-oboformat, Jar:owlapi-fixers, Jar:owlapi-rio, Jar:owlapi-api, Jar:jackson-core, Jar:jackson-databind, Jar:jackson-annotations, Jar:owlapi-compatibility, Jar:xz, Jar:sesame-model, Jar:sesame-rio-api, Jar:sesame-rio-languages, Jar:sesame-rio-datatypes, Jar:sesame-rio-binary, Jar:sesame-rio-n3, Jar:sesame-rio-nquads, Jar:sesame-rio-ntriples, Jar:sesame-rio-rdfjson, Jar:sesame-rio-rdfxml, Jar:sesame-rio-trix, Jar:sesame-rio-turtle, Jar:sesame-rio-trig, Jar:sesame-util, Jar:jsonld-java-sesame, Jar:jsonld-java, Jar:jcl-over-slf4j, Jar:httpclient, Jar:httpclient-cache, Jar:httpcore, Jar:commons-codec, Jar:commons-logging, Jar:semargl-sesame, Jar:semargl-core, Jar:semargl-rdfa, Jar:semargl-rdf, Jar:org.apache.servicemix.bundles.javax-inject, Jar:org.apache.servicemix.bundles.aopalliance, Jar:trove4j, Jar:guava, Jar:guice, Jar:javax.inject, Jar:aopalliance, Jar:guice-assistedinject, Jar:guice-multibindings, Jar:jsr305, Jar:slf4j-api, Jar:commons-io]
[WARNING] Bundle net.sourceforge.owlapi:owlapi-osgidistribution:bundle:4.2.5 : Split package, multiple jars provide the same package:uk/ac/manchester/cs/owl/explanation/ordering
Use Import/Export Package directive -split-package:=(merge-first|merge-last|error|first) to get rid of this warning
Package found in   [Jar:., Jar:owlapi-tools]
Class path         [Jar:., Jar:owlapi-apibinding, Jar:owlapi-tools, Jar:owlapi-impl, Jar:owlapi-parsers, Jar:owlapi-oboformat, Jar:owlapi-fixers, Jar:owlapi-rio, Jar:owlapi-api, Jar:jackson-core, Jar:jackson-databind, Jar:jackson-annotations, Jar:owlapi-compatibility, Jar:xz, Jar:sesame-model, Jar:sesame-rio-api, Jar:sesame-rio-languages, Jar:sesame-rio-datatypes, Jar:sesame-rio-binary, Jar:sesame-rio-n3, Jar:sesame-rio-nquads, Jar:sesame-rio-ntriples, Jar:sesame-rio-rdfjson, Jar:sesame-rio-rdfxml, Jar:sesame-rio-trix, Jar:sesame-rio-turtle, Jar:sesame-rio-trig, Jar:sesame-util, Jar:jsonld-java-sesame, Jar:jsonld-java, Jar:jcl-over-slf4j, Jar:httpclient, Jar:httpclient-cache, Jar:httpcore, Jar:commons-codec, Jar:commons-logging, Jar:semargl-sesame, Jar:semargl-core, Jar:semargl-rdfa, Jar:semargl-rdf, Jar:org.apache.servicemix.bundles.javax-inject, Jar:org.apache.servicemix.bundles.aopalliance, Jar:trove4j, Jar:guava, Jar:guice, Jar:javax.inject, Jar:aopalliance, Jar:guice-assistedinject, Jar:guice-multibindings, Jar:jsr305, Jar:slf4j-api, Jar:commons-io]
[WARNING] Bundle net.sourceforge.owlapi:owlapi-osgidistribution:bundle:4.2.5 : Export org.semanticweb.owlapi.formats,  has 1,  private references [org.openrdf.rio], 
[WARNING] Bundle net.sourceforge.owlapi:owlapi-osgidistribution:bundle:4.2.5 : Export org.semanticweb.owlapi.io,  has 1,  private references [org.tukaani.xz], 
[WARNING] Bundle net.sourceforge.owlapi:owlapi-osgidistribution:bundle:4.2.5 : Export org.semanticweb.owlapi.rio,  has 5,  private references [org.openrdf.rio, org.openrdf.rio.helpers, org.openrdf.model, info.aduna.iteration, org.openrdf], 
[WARNING] Bundle net.sourceforge.owlapi:owlapi-osgidistribution:bundle:4.2.5 : Export org.semanticweb.owlapi.rio.utils,  has 2,  private references [org.openrdf.model, info.aduna.xml], 
[INFO] 
[INFO] >>> maven-source-plugin:2.2.1:jar (attach-sources) > generate-sources @ owlapi-osgidistribution >>>
[INFO] 
[INFO] --- maven-enforcer-plugin:1.0:enforce (enforce-maven) @ owlapi-osgidistribution ---
[INFO] 
[INFO] <<< maven-source-plugin:2.2.1:jar (attach-sources) < generate-sources @ owlapi-osgidistribution <<<
[INFO] 
[INFO] --- maven-source-plugin:2.2.1:jar (attach-sources) @ owlapi-osgidistribution ---
[INFO] 
[INFO] --- maven-shade-plugin:2.3:shade (default) @ owlapi-osgidistribution ---
[INFO] Including net.sourceforge.owlapi:owlapi-apibinding:jar:4.2.5 in the shaded jar.
[INFO] Including net.sourceforge.owlapi:owlapi-tools:jar:4.2.5 in the shaded jar.
[INFO] Including net.sourceforge.owlapi:owlapi-impl:jar:4.2.5 in the shaded jar.
[INFO] Including net.sourceforge.owlapi:owlapi-parsers:jar:4.2.5 in the shaded jar.
[INFO] Including net.sourceforge.owlapi:owlapi-oboformat:jar:4.2.5 in the shaded jar.
[INFO] Including net.sourceforge.owlapi:owlapi-fixers:jar:4.2.5 in the shaded jar.
[INFO] Including net.sourceforge.owlapi:owlapi-rio:jar:4.2.5 in the shaded jar.
[INFO] Including net.sourceforge.owlapi:owlapi-api:jar:4.2.5 in the shaded jar.
[INFO] Excluding com.fasterxml.jackson.core:jackson-core:jar:2.5.1 from the shaded jar.
[INFO] Excluding com.fasterxml.jackson.core:jackson-databind:jar:2.5.1 from the shaded jar.
[INFO] Excluding com.fasterxml.jackson.core:jackson-annotations:jar:2.5.1 from the shaded jar.
[INFO] Including net.sourceforge.owlapi:owlapi-compatibility:jar:4.2.5 in the shaded jar.
[INFO] Excluding org.tukaani:xz:jar:1.5 from the shaded jar.
[INFO] Excluding org.openrdf.sesame:sesame-model:jar:2.7.16 from the shaded jar.
[INFO] Excluding org.openrdf.sesame:sesame-rio-api:jar:2.7.16 from the shaded jar.
[INFO] Excluding org.openrdf.sesame:sesame-rio-languages:jar:2.7.16 from the shaded jar.
[INFO] Excluding org.openrdf.sesame:sesame-rio-datatypes:jar:2.7.16 from the shaded jar.
[INFO] Excluding org.openrdf.sesame:sesame-rio-binary:jar:2.7.16 from the shaded jar.
[INFO] Excluding org.openrdf.sesame:sesame-rio-n3:jar:2.7.16 from the shaded jar.
[INFO] Excluding org.openrdf.sesame:sesame-rio-nquads:jar:2.7.16 from the shaded jar.
[INFO] Excluding org.openrdf.sesame:sesame-rio-ntriples:jar:2.7.16 from the shaded jar.
[INFO] Excluding org.openrdf.sesame:sesame-rio-rdfjson:jar:2.7.16 from the shaded jar.
[INFO] Excluding org.openrdf.sesame:sesame-rio-rdfxml:jar:2.7.16 from the shaded jar.
[INFO] Excluding org.openrdf.sesame:sesame-rio-trix:jar:2.7.16 from the shaded jar.
[INFO] Excluding org.openrdf.sesame:sesame-rio-turtle:jar:2.7.16 from the shaded jar.
[INFO] Excluding org.openrdf.sesame:sesame-rio-trig:jar:2.7.16 from the shaded jar.
[INFO] Excluding org.openrdf.sesame:sesame-util:jar:2.7.16 from the shaded jar.
[INFO] Excluding com.github.jsonld-java:jsonld-java-sesame:jar:0.5.0 from the shaded jar.
[INFO] Excluding com.github.jsonld-java:jsonld-java:jar:0.5.0 from the shaded jar.
[INFO] Excluding org.slf4j:jcl-over-slf4j:jar:1.7.7 from the shaded jar.
[INFO] Excluding org.apache.httpcomponents:httpclient:jar:4.5.1 from the shaded jar.
[INFO] Excluding org.apache.httpcomponents:httpclient-cache:jar:4.5.1 from the shaded jar.
[INFO] Excluding org.apache.httpcomponents:httpcore:jar:4.4.3 from the shaded jar.
[INFO] Excluding commons-codec:commons-codec:jar:1.9 from the shaded jar.
[INFO] Excluding commons-logging:commons-logging:jar:1.2 from the shaded jar.
[INFO] Excluding org.semarglproject:semargl-sesame:jar:0.6.1 from the shaded jar.
[INFO] Excluding org.semarglproject:semargl-core:jar:0.6.1 from the shaded jar.
[INFO] Excluding org.semarglproject:semargl-rdfa:jar:0.6.1 from the shaded jar.
[INFO] Excluding org.semarglproject:semargl-rdf:jar:0.6.1 from the shaded jar.
[INFO] Excluding org.apache.servicemix.bundles:org.apache.servicemix.bundles.javax-inject:jar:1_2 from the shaded jar.
[INFO] Excluding org.apache.servicemix.bundles:org.apache.servicemix.bundles.aopalliance:jar:1.0_6 from the shaded jar.
[INFO] Excluding net.sf.trove4j:trove4j:jar:3.0.3 from the shaded jar.
[INFO] Excluding com.google.guava:guava:jar:18.0 from the shaded jar.
[INFO] Excluding com.google.inject:guice:jar:4.0 from the shaded jar.
[INFO] Excluding javax.inject:javax.inject:jar:1 from the shaded jar.
[INFO] Excluding aopalliance:aopalliance:jar:1.0 from the shaded jar.
[INFO] Excluding com.google.inject.extensions:guice-assistedinject:jar:4.0 from the shaded jar.
[INFO] Excluding com.google.inject.extensions:guice-multibindings:jar:4.0 from the shaded jar.
[INFO] Excluding com.google.code.findbugs:jsr305:jar:2.0.1 from the shaded jar.
[INFO] Excluding org.slf4j:slf4j-api:jar:1.7.10 from the shaded jar.
[INFO] Excluding commons-io:commons-io:jar:2.4 from the shaded jar.
[WARNING] owlapi-osgidistribution-4.2.5.jar, owlapi-apibinding-4.2.5.jar define 2 overlappping classes: 
[WARNING]   - org.semanticweb.owlapi.apibinding.OWLManager
[WARNING]   - org.semanticweb.owlapi.apibinding.OWLFunctionalSyntaxFactory
[WARNING] owlapi-fixers-4.2.5.jar, owlapi-osgidistribution-4.2.5.jar define 95 overlappping classes: 
[WARNING]   - org.semanticweb.owlapitools.builders.BuilderEquivalentDataProperties
[WARNING]   - org.semanticweb.owlapitools.builders.BuilderObjectPropertyDomain
[WARNING]   - org.semanticweb.owlapitools.builders.BuilderObjectExactCardinality
[WARNING]   - org.semanticweb.owlapitools.builders.BuilderDataHasValue
[WARNING]   - org.semanticweb.owlapitools.builders.BuilderSWRLDataRangeAtom
[WARNING]   - org.semanticweb.owlapitools.builders.BuilderDisjointUnion
[WARNING]   - org.semanticweb.owlapitools.builders.BuilderDataPropertyDomain
[WARNING]   - org.semanticweb.owlapitools.builders.BuilderClass
[WARNING]   - org.semanticweb.owlapitools.builders.BuilderFunctionalObjectProperty
[WARNING]   - org.semanticweb.owlapitools.builders.BuilderReflexiveObjectProperty
[WARNING]   - 85 more...
[WARNING] owlapi-osgidistribution-4.2.5.jar, owlapi-tools-4.2.5.jar define 84 overlappping classes: 
[WARNING]   - uk.ac.manchester.cs.owlapi.modularity.SyntacticLocalityModuleExtractor$1
[WARNING]   - com.clarkparsia.owlapi.explanation.util.DefinitionTracker
[WARNING]   - uk.ac.manchester.cs.owl.explanation.ordering.ExplanationTree
[WARNING]   - com.clarkparsia.owlapi.explanation.io.ExplanationRenderer
[WARNING]   - org.semanticweb.owlapi.normalform.OWLObjectComplementOfExtractor
[WARNING]   - org.semanticweb.owlapi.metrics.AxiomTypeMetric
[WARNING]   - uk.ac.manchester.cs.owl.explanation.ordering.AlphaExplanationOrderer
[WARNING]   - org.semanticweb.owlapi.metrics.HiddenGCICount
[WARNING]   - com.clarkparsia.owlapi.explanation.io.SilentExplanationRenderer
[WARNING]   - org.semanticweb.owlapi.metrics.ReferencedIndividualCount
[WARNING]   - 74 more...
[WARNING] owlapi-osgidistribution-4.2.5.jar, owlapi-parsers-4.2.5.jar define 606 overlappping classes: 
[WARNING]   - org.semanticweb.owlapi.owlxml.parser.AbstractOWLObjectPropertyOperandAxiomElementHandler
[WARNING]   - org.semanticweb.owlapi.owlxml.parser.PARSER_OWLXMLVocabulary$42
[WARNING]   - org.semanticweb.owlapi.owlxml.parser.OWLObjectHasValueElementHandler
[WARNING]   - org.semanticweb.owlapi.rdf.rdfxml.parser.TripleHandlers$TypeDeprecatedClassHandler
[WARNING]   - org.semanticweb.owlapi.rdf.rdfxml.parser.Mode
[WARNING]   - org.semanticweb.owlapi.rdf.rdfxml.parser.TripleHandlers$TPFirstResourceHandler
[WARNING]   - org.semanticweb.owlapi.owlxml.parser.OWLOntologyHandler
[WARNING]   - org.semanticweb.owlapi.rdf.rdfxml.parser.Translators$DataHasValueTranslator
[WARNING]   - org.semanticweb.owlapi.manchestersyntax.parser.ManchesterOWLSyntaxParserImpl$AnnotatedDataRangeListItemParser
[WARNING]   - org.semanticweb.owlapi.owlxml.parser.OWLObjectPropertyRangeAxiomElementHandler
[WARNING]   - 596 more...
[WARNING] owlapi-osgidistribution-4.2.5.jar, owlapi-compatibility-4.2.5.jar define 84 overlappping classes: 
[WARNING]   - org.semanticweb.owlapi.vocab.PrefixOWLOntologyFormat
[WARNING]   - org.coode.owlapi.obo12.parser.OBOParserTokenManager
[WARNING]   - org.coode.owlapi.manchesterowlsyntax.ManchesterOWLSyntaxClassExpressionParser
[WARNING]   - org.coode.owlapi.obo12.parser.OBOVocabulary
[WARNING]   - org.coode.owlapi.obo12.parser.InverseHandler
[WARNING]   - org.coode.owlapi.obo12.parser.OBOIdTranslator
[WARNING]   - org.coode.owlapi.obo12.parser.DefTagValueHandler
[WARNING]   - org.coode.owlapi.obo12.parser.OBOParserException
[WARNING]   - org.semanticweb.owlapi.model.OWLOntologyFormat
[WARNING]   - org.coode.owlapi.obo12.parser.OBOTagValuePair
[WARNING]   - 74 more...
[WARNING] owlapi-osgidistribution-4.2.5.jar, owlapi-rio-4.2.5.jar define 73 overlappping classes: 
[WARNING]   - org.semanticweb.owlapi.rio.RioRenderer
[WARNING]   - org.semanticweb.owlapi.formats.RioRDFXMLDocumentFormat
[WARNING]   - org.semanticweb.owlapi.rio.RioTrixStorerFactory
[WARNING]   - org.semanticweb.owlapi.rio.RioRDFXMLStorerFactory
[WARNING]   - org.semanticweb.owlapi.rio.RioTrixParserFactory
[WARNING]   - org.semanticweb.owlapi.rio.RioOWLRDFParser
[WARNING]   - org.semanticweb.owlapi.rio.RioOWLXMLParserFactory
[WARNING]   - org.semanticweb.owlapi.rio.OWLAPIRDFFormat
[WARNING]   - org.semanticweb.owlapi.rio.RioNTriplesParserFactory
[WARNING]   - org.semanticweb.owlapi.formats.RDFaDocumentFormatFactory
[WARNING]   - 63 more...
[WARNING] owlapi-osgidistribution-4.2.5.jar, owlapi-impl-4.2.5.jar define 217 overlappping classes: 
[WARNING]   - uk.ac.manchester.cs.owl.owlapi.OWLFunctionalDataPropertyAxiomImpl
[WARNING]   - uk.ac.manchester.cs.owl.owlapi.OWLDataFactoryInternals
[WARNING]   - uk.ac.manchester.cs.owl.owlapi.OWLObjectPropertyImpl
[WARNING]   - uk.ac.manchester.cs.owl.owlapi.OWLObjectMaxCardinalityImpl
[WARNING]   - uk.ac.manchester.cs.owl.owlapi.concurrent.Concurrency
[WARNING]   - uk.ac.manchester.cs.owl.owlapi.OWLDataExactCardinalityImpl
[WARNING]   - org.semanticweb.owlapi.reasoner.impl.OWLClassNode
[WARNING]   - uk.ac.manchester.cs.owl.owlapi.OWLAnnotationPropertyRangeAxiomImpl
[WARNING]   - uk.ac.manchester.cs.owl.owlapi.SWRLAtomImpl
[WARNING]   - uk.ac.manchester.cs.owl.owlapi.OWLDataMaxCardinalityImpl
[WARNING]   - 207 more...
[WARNING] owlapi-osgidistribution-4.2.5.jar, owlapi-oboformat-4.2.5.jar define 75 overlappping classes: 
[WARNING]   - org.obolibrary.oboformat.parser.OBOFormatParser$MyStream
[WARNING]   - org.obolibrary.obo2owl.OWLAPIOwl2Obo
[WARNING]   - org.obolibrary.obo2owl.OboInOwlCardinalityTools$AnnotationCardinalityConfictHandler
[WARNING]   - org.obolibrary.macro.ManchesterSyntaxTool
[WARNING]   - org.obolibrary.oboformat.parser.XrefExpander
[WARNING]   - org.obolibrary.macro.ManchesterSyntaxTool$1
[WARNING]   - org.obolibrary.oboformat.writer.OBOFormatWriter$TermsTagsComparator
[WARNING]   - org.obolibrary.oboformat.parser.OBOFormatException
[WARNING]   - org.obolibrary.oboformat.parser.XrefExpander$IsaExpansion
[WARNING]   - org.obolibrary.oboformat.model.Frame$FrameType
[WARNING]   - 65 more...
[WARNING] owlapi-osgidistribution-4.2.5.jar, owlapi-api-4.2.5.jar define 761 overlappping classes: 
[WARNING]   - org.semanticweb.owlapi.model.OWLAxiomCollection
[WARNING]   - org.semanticweb.owlapi.util.InferredEquivalentDataPropertiesAxiomGenerator
[WARNING]   - org.semanticweb.owlapi.profiles.Profiles
[WARNING]   - org.semanticweb.owlapi.util.OWLClassExpressionCollector
[WARNING]   - org.semanticweb.owlapi.profiles.violations.DatatypeIRIAlsoUsedAsClassIRI
[WARNING]   - org.semanticweb.owlapi.profiles.OWL2Profile
[WARNING]   - org.semanticweb.owlapi.model.OWLFunctionalDataPropertyAxiom
[WARNING]   - org.semanticweb.owlapi.io.SystemOutDocumentTarget
[WARNING]   - org.semanticweb.owlapi.model.EDTChangeBroadcastStrategy$BroadcastException
[WARNING]   - org.semanticweb.owlapi.profiles.OWL2RLProfile$OWL2RLObjectVisitor
[WARNING]   - 751 more...
[WARNING] maven-shade-plugin has detected that some .class files
[WARNING] are present in two or more JARs. When this happens, only
[WARNING] one single version of the class is copied in the uberjar.
[WARNING] Usually this is not harmful and you can skeep these
[WARNING] warnings, otherwise try to manually exclude artifacts
[WARNING] based on mvn dependency:tree -Ddetail=true and the above
[WARNING] output
[WARNING] See http://docs.codehaus.org/display/MAVENUSER/Shade+Plugin
[INFO] Replacing original artifact with shaded artifact.
[INFO] Replacing /home/travis/build/owlcs/owlapi/osgidistribution/target/owlapi-osgidistribution-4.2.5.jar with /home/travis/build/owlcs/owlapi/osgidistribution/target/owlapi-osgidistribution-4.2.5-shaded.jar
[INFO] Dependency-reduced POM written at: /home/travis/build/owlcs/owlapi/osgidistribution/dependency-reduced-pom.xml
[INFO] 
[INFO] --- maven-javadoc-plugin:2.8.1:jar (attach-javadocs) @ owlapi-osgidistribution ---
[INFO] Skipping javadoc generation
[INFO] 
[INFO] --- maven-javadoc-plugin:2.8.1:jar (attach-javadoc) @ owlapi-osgidistribution ---
[INFO] Skipping javadoc generation
[INFO] 
[INFO] --- maven-assembly-plugin:2.4:single (attach-sources) @ owlapi-osgidistribution ---
[INFO] Reading assembly descriptor: src/assembly/sources.xml
[INFO] Building jar: /home/travis/build/owlcs/owlapi/osgidistribution/target/owlapi-osgidistribution-4.2.5-sources.jar
[INFO] 
[INFO] --- maven-failsafe-plugin:2.18.1:integration-test (default) @ owlapi-osgidistribution ---
[WARNING] useSystemClassloader setting has no effect when not forking
[INFO] Failsafe report directory: /home/travis/build/owlcs/owlapi/osgidistribution/target/failsafe-reports
[INFO] parallel='none', perCoreThreadCount=true, threadCount=0, useUnlimitedThreads=false, threadCountSuites=0, threadCountClasses=0, threadCountMethods=0, parallelOptimized=true
Running org.semanticweb.owlapi.api.test.VerifyVersionInfoIntegrationTestCase
Tests run: 1, Failures: 0, Errors: 0, Skipped: 0, Time elapsed: 0.007 sec - in org.semanticweb.owlapi.api.test.VerifyVersionInfoIntegrationTestCase
Running org.semanticweb.owlapi.BundleIsLoadableIntegrationTestCase
BundleIsLoadableIntegrationTestCase.getJarURL() file:/home/travis/.m2/repository/org/apache/servicemix/bundles/org.apache.servicemix.bundles.javax-inject/1_2/org.apache.servicemix.bundles.javax-inject-1_2.jar
BundleIsLoadableIntegrationTestCase.getJarURL() file:/home/travis/.m2/repository/org/apache/servicemix/bundles/org.apache.servicemix.bundles.aopalliance/1.0_6/org.apache.servicemix.bundles.aopalliance-1.0_6.jar
BundleIsLoadableIntegrationTestCase.getJarURL() file:/home/travis/.m2/repository/com/google/guava/guava/18.0/guava-18.0.jar
DEBUG: WIRE: [3.0] osgi.wiring.package; (osgi.wiring.package=javax.annotation) -> [0]
BundleIsLoadableIntegrationTestCase.getJarURL() file:/home/travis/.m2/repository/com/google/inject/extensions/guice-multibindings/4.0/guice-multibindings-4.0.jar
org.osgi.framework.BundleException: Fragment bundles can not be started.
	at org.apache.felix.framework.Felix.startBundle(Felix.java:1981)
	at org.apache.felix.framework.BundleImpl.start(BundleImpl.java:977)
	at org.apache.felix.framework.BundleImpl.start(BundleImpl.java:964)
	at org.semanticweb.owlapi.BundleIsLoadableIntegrationTestCase.startBundle(BundleIsLoadableIntegrationTestCase.java:79)
	at sun.reflect.NativeMethodAccessorImpl.invoke0(Native Method)
	at sun.reflect.NativeMethodAccessorImpl.invoke(NativeMethodAccessorImpl.java:57)
	at sun.reflect.DelegatingMethodAccessorImpl.invoke(DelegatingMethodAccessorImpl.java:43)
	at java.lang.reflect.Method.invoke(Method.java:606)
	at org.junit.runners.model.FrameworkMethod$1.runReflectiveCall(FrameworkMethod.java:50)
	at org.junit.internal.runners.model.ReflectiveCallable.run(ReflectiveCallable.java:12)
	at org.junit.runners.model.FrameworkMethod.invokeExplosively(FrameworkMethod.java:47)
	at org.junit.internal.runners.statements.InvokeMethod.evaluate(InvokeMethod.java:17)
	at org.junit.runners.ParentRunner.runLeaf(ParentRunner.java:325)
	at org.junit.runners.BlockJUnit4ClassRunner.runChild(BlockJUnit4ClassRunner.java:78)
	at org.junit.runners.BlockJUnit4ClassRunner.runChild(BlockJUnit4ClassRunner.java:57)
	at org.junit.runners.ParentRunner$3.run(ParentRunner.java:290)
	at org.junit.runners.ParentRunner$1.schedule(ParentRunner.java:71)
	at org.junit.runners.ParentRunner.runChildren(ParentRunner.java:288)
	at org.junit.runners.ParentRunner.access$000(ParentRunner.java:58)
	at org.junit.runners.ParentRunner$2.evaluate(ParentRunner.java:268)
	at org.junit.runners.ParentRunner.run(ParentRunner.java:363)
	at org.junit.runners.Suite.runChild(Suite.java:128)
	at org.junit.runners.Suite.runChild(Suite.java:27)
	at org.junit.runners.ParentRunner$3.run(ParentRunner.java:290)
	at org.junit.runners.ParentRunner$1.schedule(ParentRunner.java:71)
	at org.junit.runners.ParentRunner.runChildren(ParentRunner.java:288)
	at org.junit.runners.ParentRunner.access$000(ParentRunner.java:58)
	at org.junit.runners.ParentRunner$2.evaluate(ParentRunner.java:268)
	at org.junit.runners.ParentRunner.run(ParentRunner.java:363)
	at org.junit.runner.JUnitCore.run(JUnitCore.java:137)
	at org.junit.runner.JUnitCore.run(JUnitCore.java:115)
	at org.apache.maven.surefire.junitcore.JUnitCoreWrapper.createRequestAndRun(JUnitCoreWrapper.java:108)
	at org.apache.maven.surefire.junitcore.JUnitCoreWrapper.executeEager(JUnitCoreWrapper.java:78)
	at org.apache.maven.surefire.junitcore.JUnitCoreWrapper.execute(JUnitCoreWrapper.java:54)
	at org.apache.maven.surefire.junitcore.JUnitCoreProvider.invoke(JUnitCoreProvider.java:144)
	at sun.reflect.NativeMethodAccessorImpl.invoke0(Native Method)
	at sun.reflect.NativeMethodAccessorImpl.invoke(NativeMethodAccessorImpl.java:57)
	at sun.reflect.DelegatingMethodAccessorImpl.invoke(DelegatingMethodAccessorImpl.java:43)
	at java.lang.reflect.Method.invoke(Method.java:606)
	at org.apache.maven.surefire.util.ReflectionUtils.invokeMethodWithArray2(ReflectionUtils.java:208)
	at org.apache.maven.surefire.booter.ProviderFactory$ProviderProxy.invoke(ProviderFactory.java:155)
	at org.apache.maven.surefire.booter.ProviderFactory.invokeProvider(ProviderFactory.java:81)
	at org.apache.maven.plugin.surefire.InPluginVMSurefireStarter.runSuitesInProcess(InPluginVMSurefireStarter.java:82)
	at org.apache.maven.plugin.surefire.AbstractSurefireMojo.executeProvider(AbstractSurefireMojo.java:974)
	at org.apache.maven.plugin.surefire.AbstractSurefireMojo.executeAfterPreconditionsChecked(AbstractSurefireMojo.java:824)
	at org.apache.maven.plugin.surefire.AbstractSurefireMojo.execute(AbstractSurefireMojo.java:722)
	at org.apache.maven.plugin.DefaultBuildPluginManager.executeMojo(DefaultBuildPluginManager.java:132)
	at org.apache.maven.lifecycle.internal.MojoExecutor.execute(MojoExecutor.java:208)
	at org.apache.maven.lifecycle.internal.MojoExecutor.execute(MojoExecutor.java:153)
	at org.apache.maven.lifecycle.internal.MojoExecutor.execute(MojoExecutor.java:145)
	at org.apache.maven.lifecycle.internal.LifecycleModuleBuilder.buildProject(LifecycleModuleBuilder.java:116)
	at org.apache.maven.lifecycle.internal.LifecycleModuleBuilder.buildProject(LifecycleModuleBuilder.java:80)
	at org.apache.maven.lifecycle.internal.builder.singlethreaded.SingleThreadedBuilder.build(SingleThreadedBuilder.java:51)
	at org.apache.maven.lifecycle.internal.LifecycleStarter.execute(LifecycleStarter.java:120)
	at org.apache.maven.DefaultMaven.doExecute(DefaultMaven.java:355)
	at org.apache.maven.DefaultMaven.execute(DefaultMaven.java:155)
	at org.apache.maven.cli.MavenCli.execute(MavenCli.java:584)
	at org.apache.maven.cli.MavenCli.doMain(MavenCli.java:216)
	at org.apache.maven.cli.MavenCli.main(MavenCli.java:160)
	at sun.reflect.NativeMethodAccessorImpl.invoke0(Native Method)
	at sun.reflect.NativeMethodAccessorImpl.invoke(NativeMethodAccessorImpl.java:57)
	at sun.reflect.DelegatingMethodAccessorImpl.invoke(DelegatingMethodAccessorImpl.java:43)
	at java.lang.reflect.Method.invoke(Method.java:606)
	at org.codehaus.plexus.classworlds.launcher.Launcher.launchEnhanced(Launcher.java:289)
	at org.codehaus.plexus.classworlds.launcher.Launcher.launch(Launcher.java:229)
	at org.codehaus.plexus.classworlds.launcher.Launcher.mainWithExitCode(Launcher.java:415)
	at org.codehaus.plexus.classworlds.launcher.Launcher.main(Launcher.java:356)
BundleIsLoadableIntegrationTestCase.getJarURL() file:/home/travis/.m2/repository/com/google/inject/extensions/guice-assistedinject/4.0/guice-assistedinject-4.0.jar
org.osgi.framework.BundleException: Fragment bundles can not be started.
	at org.apache.felix.framework.Felix.startBundle(Felix.java:1981)
	at org.apache.felix.framework.BundleImpl.start(BundleImpl.java:977)
	at org.apache.felix.framework.BundleImpl.start(BundleImpl.java:964)
	at org.semanticweb.owlapi.BundleIsLoadableIntegrationTestCase.startBundle(BundleIsLoadableIntegrationTestCase.java:79)
	at sun.reflect.NativeMethodAccessorImpl.invoke0(Native Method)
	at sun.reflect.NativeMethodAccessorImpl.invoke(NativeMethodAccessorImpl.java:57)
	at sun.reflect.DelegatingMethodAccessorImpl.invoke(DelegatingMethodAccessorImpl.java:43)
	at java.lang.reflect.Method.invoke(Method.java:606)
	at org.junit.runners.model.FrameworkMethod$1.runReflectiveCall(FrameworkMethod.java:50)
	at org.junit.internal.runners.model.ReflectiveCallable.run(ReflectiveCallable.java:12)
	at org.junit.runners.model.FrameworkMethod.invokeExplosively(FrameworkMethod.java:47)
	at org.junit.internal.runners.statements.InvokeMethod.evaluate(InvokeMethod.java:17)
	at org.junit.runners.ParentRunner.runLeaf(ParentRunner.java:325)
	at org.junit.runners.BlockJUnit4ClassRunner.runChild(BlockJUnit4ClassRunner.java:78)
	at org.junit.runners.BlockJUnit4ClassRunner.runChild(BlockJUnit4ClassRunner.java:57)
	at org.junit.runners.ParentRunner$3.run(ParentRunner.java:290)
	at org.junit.runners.ParentRunner$1.schedule(ParentRunner.java:71)
	at org.junit.runners.ParentRunner.runChildren(ParentRunner.java:288)
	at org.junit.runners.ParentRunner.access$000(ParentRunner.java:58)
	at org.junit.runners.ParentRunner$2.evaluate(ParentRunner.java:268)
	at org.junit.runners.ParentRunner.run(ParentRunner.java:363)
	at org.junit.runners.Suite.runChild(Suite.java:128)
	at org.junit.runners.Suite.runChild(Suite.java:27)
	at org.junit.runners.ParentRunner$3.run(ParentRunner.java:290)
	at org.junit.runners.ParentRunner$1.schedule(ParentRunner.java:71)
	at org.junit.runners.ParentRunner.runChildren(ParentRunner.java:288)
	at org.junit.runners.ParentRunner.access$000(ParentRunner.java:58)
	at org.junit.runners.ParentRunner$2.evaluate(ParentRunner.java:268)
	at org.junit.runners.ParentRunner.run(ParentRunner.java:363)
	at org.junit.runner.JUnitCore.run(JUnitCore.java:137)
	at org.junit.runner.JUnitCore.run(JUnitCore.java:115)
	at org.apache.maven.surefire.junitcore.JUnitCoreWrapper.createRequestAndRun(JUnitCoreWrapper.java:108)
	at org.apache.maven.surefire.junitcore.JUnitCoreWrapper.executeEager(JUnitCoreWrapper.java:78)
	at org.apache.maven.surefire.junitcore.JUnitCoreWrapper.execute(JUnitCoreWrapper.java:54)
	at org.apache.maven.surefire.junitcore.JUnitCoreProvider.invoke(JUnitCoreProvider.java:144)
	at sun.reflect.NativeMethodAccessorImpl.invoke0(Native Method)
	at sun.reflect.NativeMethodAccessorImpl.invoke(NativeMethodAccessorImpl.java:57)
	at sun.reflect.DelegatingMethodAccessorImpl.invoke(DelegatingMethodAccessorImpl.java:43)
	at java.lang.reflect.Method.invoke(Method.java:606)
	at org.apache.maven.surefire.util.ReflectionUtils.invokeMethodWithArray2(ReflectionUtils.java:208)
	at org.apache.maven.surefire.booter.ProviderFactory$ProviderProxy.invoke(ProviderFactory.java:155)
	at org.apache.maven.surefire.booter.ProviderFactory.invokeProvider(ProviderFactory.java:81)
	at org.apache.maven.plugin.surefire.InPluginVMSurefireStarter.runSuitesInProcess(InPluginVMSurefireStarter.java:82)
	at org.apache.maven.plugin.surefire.AbstractSurefireMojo.executeProvider(AbstractSurefireMojo.java:974)
	at org.apache.maven.plugin.surefire.AbstractSurefireMojo.executeAfterPreconditionsChecked(AbstractSurefireMojo.java:824)
	at org.apache.maven.plugin.surefire.AbstractSurefireMojo.execute(AbstractSurefireMojo.java:722)
	at org.apache.maven.plugin.DefaultBuildPluginManager.executeMojo(DefaultBuildPluginManager.java:132)
	at org.apache.maven.lifecycle.internal.MojoExecutor.execute(MojoExecutor.java:208)
	at org.apache.maven.lifecycle.internal.MojoExecutor.execute(MojoExecutor.java:153)
	at org.apache.maven.lifecycle.internal.MojoExecutor.execute(MojoExecutor.java:145)
	at org.apache.maven.lifecycle.internal.LifecycleModuleBuilder.buildProject(LifecycleModuleBuilder.java:116)
	at org.apache.maven.lifecycle.internal.LifecycleModuleBuilder.buildProject(LifecycleModuleBuilder.java:80)
	at org.apache.maven.lifecycle.internal.builder.singlethreaded.SingleThreadedBuilder.build(SingleThreadedBuilder.java:51)
	at org.apache.maven.lifecycle.internal.LifecycleStarter.execute(LifecycleStarter.java:120)
	at org.apache.maven.DefaultMaven.doExecute(DefaultMaven.java:355)
	at org.apache.maven.DefaultMaven.execute(DefaultMaven.java:155)
	at org.apache.maven.cli.MavenCli.execute(MavenCli.java:584)
	at org.apache.maven.cli.MavenCli.doMain(MavenCli.java:216)
	at org.apache.maven.cli.MavenCli.main(MavenCli.java:160)
	at sun.reflect.NativeMethodAccessorImpl.invoke0(Native Method)
	at sun.reflect.NativeMethodAccessorImpl.invoke(NativeMethodAccessorImpl.java:57)
	at sun.reflect.DelegatingMethodAccessorImpl.invoke(DelegatingMethodAccessorImpl.java:43)
	at java.lang.reflect.Method.invoke(Method.java:606)
	at org.codehaus.plexus.classworlds.launcher.Launcher.launchEnhanced(Launcher.java:289)
	at org.codehaus.plexus.classworlds.launcher.Launcher.launch(Launcher.java:229)
	at org.codehaus.plexus.classworlds.launcher.Launcher.mainWithExitCode(Launcher.java:415)
	at org.codehaus.plexus.classworlds.launcher.Launcher.main(Launcher.java:356)
BundleIsLoadableIntegrationTestCase.getJarURL() file:/home/travis/.m2/repository/com/google/inject/guice/4.0/guice-4.0.jar
DEBUG: WIRE: [6.0] osgi.wiring.package; (&(osgi.wiring.package=com.google.common.base)(version>=16.0.0)) -> [3.0]
DEBUG: WIRE: [6.0] osgi.wiring.package; (&(osgi.wiring.package=com.google.common.cache)(version>=16.0.0)) -> [3.0]
DEBUG: WIRE: [6.0] osgi.wiring.package; (&(osgi.wiring.package=com.google.common.collect)(version>=16.0.0)) -> [3.0]
DEBUG: WIRE: [6.0] osgi.wiring.package; (osgi.wiring.package=javax.inject) -> [1.0]
DEBUG: WIRE: [6.0] osgi.wiring.package; (osgi.wiring.package=org.aopalliance.intercept) -> [2.0]
DEBUG: WIRE: [5.0] osgi.wiring.package; (&(osgi.wiring.package=com.google.common.base)(version>=16.0.0)) -> [3.0]
DEBUG: WIRE: [5.0] osgi.wiring.package; (&(osgi.wiring.package=com.google.common.collect)(version>=16.0.0)) -> [3.0]
DEBUG: WIRE: [5.0] osgi.wiring.package; (osgi.wiring.package=javax.inject) -> [1.0]
DEBUG: WIRE: [4.0] osgi.wiring.package; (&(osgi.wiring.package=com.google.common.base)(version>=16.0.0)) -> [3.0]
DEBUG: WIRE: [4.0] osgi.wiring.package; (&(osgi.wiring.package=com.google.common.collect)(version>=16.0.0)) -> [3.0]
DEBUG: WIRE: [4.0] osgi.wiring.package; (&(osgi.wiring.package=com.google.common.primitives)(version>=16.0.0)) -> [3.0]
DEBUG: WIRE: [4.0] osgi.wiring.package; (osgi.wiring.package=javax.inject) -> [1.0]
DEBUG: WIRE: [6.0] osgi.ee; (&(osgi.ee=JavaSE)(version=1.6.0)) -> [0]
DEBUG: WIRE: [5.0] osgi.ee; (&(osgi.ee=JavaSE)(version=1.6.0)) -> [0]
DEBUG: WIRE: [4.0] osgi.ee; (&(osgi.ee=JavaSE)(version=1.6.0)) -> [0]
DEBUG: FRAGMENT WIRE: [4.0] osgi.wiring.host; (&(osgi.wiring.host=com.google.inject)(bundle-version>=0.0.0)) -> [6.0]
DEBUG: FRAGMENT WIRE: [5.0] osgi.wiring.host; (&(osgi.wiring.host=com.google.inject)(bundle-version>=0.0.0)) -> [6.0]
BundleIsLoadableIntegrationTestCase.getJarURL() file:/home/travis/.m2/repository/org/apache/servicemix/bundles/org.apache.servicemix.bundles.aopalliance/1.0_6/org.apache.servicemix.bundles.aopalliance-1.0_6.jar
BundleIsLoadableIntegrationTestCase.getJarURL() file:/home/travis/.m2/repository/commons-io/commons-io/2.4/commons-io-2.4.jar
BundleIsLoadableIntegrationTestCase.getJarURL() file:/home/travis/.m2/repository/commons-codec/commons-codec/1.9/commons-codec-1.9.jar
BundleIsLoadableIntegrationTestCase.getJarURL() file:/home/travis/.m2/repository/org/slf4j/slf4j-simple/1.7.10/slf4j-simple-1.7.10.jar
org.osgi.framework.BundleException: Fragment bundles can not be started.
	at org.apache.felix.framework.Felix.startBundle(Felix.java:1981)
	at org.apache.felix.framework.BundleImpl.start(BundleImpl.java:977)
	at org.apache.felix.framework.BundleImpl.start(BundleImpl.java:964)
	at org.semanticweb.owlapi.BundleIsLoadableIntegrationTestCase.startBundle(BundleIsLoadableIntegrationTestCase.java:79)
	at sun.reflect.NativeMethodAccessorImpl.invoke0(Native Method)
	at sun.reflect.NativeMethodAccessorImpl.invoke(NativeMethodAccessorImpl.java:57)
	at sun.reflect.DelegatingMethodAccessorImpl.invoke(DelegatingMethodAccessorImpl.java:43)
	at java.lang.reflect.Method.invoke(Method.java:606)
	at org.junit.runners.model.FrameworkMethod$1.runReflectiveCall(FrameworkMethod.java:50)
	at org.junit.internal.runners.model.ReflectiveCallable.run(ReflectiveCallable.java:12)
	at org.junit.runners.model.FrameworkMethod.invokeExplosively(FrameworkMethod.java:47)
	at org.junit.internal.runners.statements.InvokeMethod.evaluate(InvokeMethod.java:17)
	at org.junit.runners.ParentRunner.runLeaf(ParentRunner.java:325)
	at org.junit.runners.BlockJUnit4ClassRunner.runChild(BlockJUnit4ClassRunner.java:78)
	at org.junit.runners.BlockJUnit4ClassRunner.runChild(BlockJUnit4ClassRunner.java:57)
	at org.junit.runners.ParentRunner$3.run(ParentRunner.java:290)
	at org.junit.runners.ParentRunner$1.schedule(ParentRunner.java:71)
	at org.junit.runners.ParentRunner.runChildren(ParentRunner.java:288)
	at org.junit.runners.ParentRunner.access$000(ParentRunner.java:58)
	at org.junit.runners.ParentRunner$2.evaluate(ParentRunner.java:268)
	at org.junit.runners.ParentRunner.run(ParentRunner.java:363)
	at org.junit.runners.Suite.runChild(Suite.java:128)
	at org.junit.runners.Suite.runChild(Suite.java:27)
	at org.junit.runners.ParentRunner$3.run(ParentRunner.java:290)
	at org.junit.runners.ParentRunner$1.schedule(ParentRunner.java:71)
	at org.junit.runners.ParentRunner.runChildren(ParentRunner.java:288)
	at org.junit.runners.ParentRunner.access$000(ParentRunner.java:58)
	at org.junit.runners.ParentRunner$2.evaluate(ParentRunner.java:268)
	at org.junit.runners.ParentRunner.run(ParentRunner.java:363)
	at org.junit.runner.JUnitCore.run(JUnitCore.java:137)
	at org.junit.runner.JUnitCore.run(JUnitCore.java:115)
	at org.apache.maven.surefire.junitcore.JUnitCoreWrapper.createRequestAndRun(JUnitCoreWrapper.java:108)
	at org.apache.maven.surefire.junitcore.JUnitCoreWrapper.executeEager(JUnitCoreWrapper.java:78)
	at org.apache.maven.surefire.junitcore.JUnitCoreWrapper.execute(JUnitCoreWrapper.java:54)
	at org.apache.maven.surefire.junitcore.JUnitCoreProvider.invoke(JUnitCoreProvider.java:144)
	at sun.reflect.NativeMethodAccessorImpl.invoke0(Native Method)
	at sun.reflect.NativeMethodAccessorImpl.invoke(NativeMethodAccessorImpl.java:57)
	at sun.reflect.DelegatingMethodAccessorImpl.invoke(DelegatingMethodAccessorImpl.java:43)
	at java.lang.reflect.Method.invoke(Method.java:606)
	at org.apache.maven.surefire.util.ReflectionUtils.invokeMethodWithArray2(ReflectionUtils.java:208)
	at org.apache.maven.surefire.booter.ProviderFactory$ProviderProxy.invoke(ProviderFactory.java:155)
	at org.apache.maven.surefire.booter.ProviderFactory.invokeProvider(ProviderFactory.java:81)
	at org.apache.maven.plugin.surefire.InPluginVMSurefireStarter.runSuitesInProcess(InPluginVMSurefireStarter.java:82)
	at org.apache.maven.plugin.surefire.AbstractSurefireMojo.executeProvider(AbstractSurefireMojo.java:974)
	at org.apache.maven.plugin.surefire.AbstractSurefireMojo.executeAfterPreconditionsChecked(AbstractSurefireMojo.java:824)
	at org.apache.maven.plugin.surefire.AbstractSurefireMojo.execute(AbstractSurefireMojo.java:722)
	at org.apache.maven.plugin.DefaultBuildPluginManager.executeMojo(DefaultBuildPluginManager.java:132)
	at org.apache.maven.lifecycle.internal.MojoExecutor.execute(MojoExecutor.java:208)
	at org.apache.maven.lifecycle.internal.MojoExecutor.execute(MojoExecutor.java:153)
	at org.apache.maven.lifecycle.internal.MojoExecutor.execute(MojoExecutor.java:145)
	at org.apache.maven.lifecycle.internal.LifecycleModuleBuilder.buildProject(LifecycleModuleBuilder.java:116)
	at org.apache.maven.lifecycle.internal.LifecycleModuleBuilder.buildProject(LifecycleModuleBuilder.java:80)
	at org.apache.maven.lifecycle.internal.builder.singlethreaded.SingleThreadedBuilder.build(SingleThreadedBuilder.java:51)
	at org.apache.maven.lifecycle.internal.LifecycleStarter.execute(LifecycleStarter.java:120)
	at org.apache.maven.DefaultMaven.doExecute(DefaultMaven.java:355)
	at org.apache.maven.DefaultMaven.execute(DefaultMaven.java:155)
	at org.apache.maven.cli.MavenCli.execute(MavenCli.java:584)
	at org.apache.maven.cli.MavenCli.doMain(MavenCli.java:216)
	at org.apache.maven.cli.MavenCli.main(MavenCli.java:160)
	at sun.reflect.NativeMethodAccessorImpl.invoke0(Native Method)
	at sun.reflect.NativeMethodAccessorImpl.invoke(NativeMethodAccessorImpl.java:57)
	at sun.reflect.DelegatingMethodAccessorImpl.invoke(DelegatingMethodAccessorImpl.java:43)
	at java.lang.reflect.Method.invoke(Method.java:606)
	at org.codehaus.plexus.classworlds.launcher.Launcher.launchEnhanced(Launcher.java:289)
	at org.codehaus.plexus.classworlds.launcher.Launcher.launch(Launcher.java:229)
	at org.codehaus.plexus.classworlds.launcher.Launcher.mainWithExitCode(Launcher.java:415)
	at org.codehaus.plexus.classworlds.launcher.Launcher.main(Launcher.java:356)
BundleIsLoadableIntegrationTestCase.getJarURL() file:/home/travis/.m2/repository/org/slf4j/jcl-over-slf4j/1.7.7/jcl-over-slf4j-1.7.7.jar
org.osgi.framework.BundleException: Unresolved constraint in bundle jcl.over.slf4j [10]: Unable to resolve 10.0: missing requirement [10.0] osgi.wiring.package; (&(osgi.wiring.package=org.slf4j)(version>=1.7.7))
	at org.apache.felix.framework.Felix.resolveBundleRevision(Felix.java:4097)
	at org.apache.felix.framework.Felix.startBundle(Felix.java:2114)
	at org.apache.felix.framework.BundleImpl.start(BundleImpl.java:977)
	at org.apache.felix.framework.BundleImpl.start(BundleImpl.java:964)
	at org.semanticweb.owlapi.BundleIsLoadableIntegrationTestCase.startBundle(BundleIsLoadableIntegrationTestCase.java:79)
	at sun.reflect.NativeMethodAccessorImpl.invoke0(Native Method)
	at sun.reflect.NativeMethodAccessorImpl.invoke(NativeMethodAccessorImpl.java:57)
	at sun.reflect.DelegatingMethodAccessorImpl.invoke(DelegatingMethodAccessorImpl.java:43)
	at java.lang.reflect.Method.invoke(Method.java:606)
	at org.junit.runners.model.FrameworkMethod$1.runReflectiveCall(FrameworkMethod.java:50)
	at org.junit.internal.runners.model.ReflectiveCallable.run(ReflectiveCallable.java:12)
	at org.junit.runners.model.FrameworkMethod.invokeExplosively(FrameworkMethod.java:47)
	at org.junit.internal.runners.statements.InvokeMethod.evaluate(InvokeMethod.java:17)
	at org.junit.runners.ParentRunner.runLeaf(ParentRunner.java:325)
	at org.junit.runners.BlockJUnit4ClassRunner.runChild(BlockJUnit4ClassRunner.java:78)
	at org.junit.runners.BlockJUnit4ClassRunner.runChild(BlockJUnit4ClassRunner.java:57)
	at org.junit.runners.ParentRunner$3.run(ParentRunner.java:290)
	at org.junit.runners.ParentRunner$1.schedule(ParentRunner.java:71)
	at org.junit.runners.ParentRunner.runChildren(ParentRunner.java:288)
	at org.junit.runners.ParentRunner.access$000(ParentRunner.java:58)
	at org.junit.runners.ParentRunner$2.evaluate(ParentRunner.java:268)
	at org.junit.runners.ParentRunner.run(ParentRunner.java:363)
	at org.junit.runners.Suite.runChild(Suite.java:128)
	at org.junit.runners.Suite.runChild(Suite.java:27)
	at org.junit.runners.ParentRunner$3.run(ParentRunner.java:290)
	at org.junit.runners.ParentRunner$1.schedule(ParentRunner.java:71)
	at org.junit.runners.ParentRunner.runChildren(ParentRunner.java:288)
	at org.junit.runners.ParentRunner.access$000(ParentRunner.java:58)
	at org.junit.runners.ParentRunner$2.evaluate(ParentRunner.java:268)
	at org.junit.runners.ParentRunner.run(ParentRunner.java:363)
	at org.junit.runner.JUnitCore.run(JUnitCore.java:137)
	at org.junit.runner.JUnitCore.run(JUnitCore.java:115)
	at org.apache.maven.surefire.junitcore.JUnitCoreWrapper.createRequestAndRun(JUnitCoreWrapper.java:108)
	at org.apache.maven.surefire.junitcore.JUnitCoreWrapper.executeEager(JUnitCoreWrapper.java:78)
	at org.apache.maven.surefire.junitcore.JUnitCoreWrapper.execute(JUnitCoreWrapper.java:54)
	at org.apache.maven.surefire.junitcore.JUnitCoreProvider.invoke(JUnitCoreProvider.java:144)
	at sun.reflect.NativeMethodAccessorImpl.invoke0(Native Method)
	at sun.reflect.NativeMethodAccessorImpl.invoke(NativeMethodAccessorImpl.java:57)
	at sun.reflect.DelegatingMethodAccessorImpl.invoke(DelegatingMethodAccessorImpl.java:43)
	at java.lang.reflect.Method.invoke(Method.java:606)
	at org.apache.maven.surefire.util.ReflectionUtils.invokeMethodWithArray2(ReflectionUtils.java:208)
	at org.apache.maven.surefire.booter.ProviderFactory$ProviderProxy.invoke(ProviderFactory.java:155)
	at org.apache.maven.surefire.booter.ProviderFactory.invokeProvider(ProviderFactory.java:81)
	at org.apache.maven.plugin.surefire.InPluginVMSurefireStarter.runSuitesInProcess(InPluginVMSurefireStarter.java:82)
	at org.apache.maven.plugin.surefire.AbstractSurefireMojo.executeProvider(AbstractSurefireMojo.java:974)
	at org.apache.maven.plugin.surefire.AbstractSurefireMojo.executeAfterPreconditionsChecked(AbstractSurefireMojo.java:824)
	at org.apache.maven.plugin.surefire.AbstractSurefireMojo.execute(AbstractSurefireMojo.java:722)
	at org.apache.maven.plugin.DefaultBuildPluginManager.executeMojo(DefaultBuildPluginManager.java:132)
	at org.apache.maven.lifecycle.internal.MojoExecutor.execute(MojoExecutor.java:208)
	at org.apache.maven.lifecycle.internal.MojoExecutor.execute(MojoExecutor.java:153)
	at org.apache.maven.lifecycle.internal.MojoExecutor.execute(MojoExecutor.java:145)
	at org.apache.maven.lifecycle.internal.LifecycleModuleBuilder.buildProject(LifecycleModuleBuilder.java:116)
	at org.apache.maven.lifecycle.internal.LifecycleModuleBuilder.buildProject(LifecycleModuleBuilder.java:80)
	at org.apache.maven.lifecycle.internal.builder.singlethreaded.SingleThreadedBuilder.build(SingleThreadedBuilder.java:51)
	at org.apache.maven.lifecycle.internal.LifecycleStarter.execute(LifecycleStarter.java:120)
	at org.apache.maven.DefaultMaven.doExecute(DefaultMaven.java:355)
	at org.apache.maven.DefaultMaven.execute(DefaultMaven.java:155)
	at org.apache.maven.cli.MavenCli.execute(MavenCli.java:584)
	at org.apache.maven.cli.MavenCli.doMain(MavenCli.java:216)
	at org.apache.maven.cli.MavenCli.main(MavenCli.java:160)
	at sun.reflect.NativeMethodAccessorImpl.invoke0(Native Method)
	at sun.reflect.NativeMethodAccessorImpl.invoke(NativeMethodAccessorImpl.java:57)
	at sun.reflect.DelegatingMethodAccessorImpl.invoke(DelegatingMethodAccessorImpl.java:43)
	at java.lang.reflect.Method.invoke(Method.java:606)
	at org.codehaus.plexus.classworlds.launcher.Launcher.launchEnhanced(Launcher.java:289)
	at org.codehaus.plexus.classworlds.launcher.Launcher.launch(Launcher.java:229)
	at org.codehaus.plexus.classworlds.launcher.Launcher.mainWithExitCode(Launcher.java:415)
	at org.codehaus.plexus.classworlds.launcher.Launcher.main(Launcher.java:356)
BundleIsLoadableIntegrationTestCase.getJarURL() file:/home/travis/.m2/repository/org/slf4j/slf4j-api/1.7.10/slf4j-api-1.7.10.jar
DEBUG: FRAGMENT WIRE: [9.0] osgi.wiring.host; (&(osgi.wiring.host=slf4j.api)(bundle-version>=0.0.0)) -> [11.0]
DEBUG: WIRE: [11.0] osgi.ee; (&(osgi.ee=JavaSE)(version=1.3.0)) -> [0]
DEBUG: WIRE: [9.0] osgi.ee; (&(osgi.ee=JavaSE)(version=1.3.0)) -> [0]
DEBUG: WIRE: [12.0] osgi.wiring.package; (&(osgi.wiring.package=com.google.common.base)(version>=18.0.0)(!(version>=19.0.0))) -> [3.0]
DEBUG: WIRE: [12.0] osgi.wiring.package; (&(osgi.wiring.package=com.google.common.cache)(version>=18.0.0)(!(version>=19.0.0))) -> [3.0]
DEBUG: WIRE: [12.0] osgi.wiring.package; (&(osgi.wiring.package=com.google.common.collect)(version>=18.0.0)(!(version>=19.0.0))) -> [3.0]
DEBUG: WIRE: [12.0] osgi.wiring.package; (&(osgi.wiring.package=com.google.common.io)(version>=18.0.0)(!(version>=19.0.0))) -> [3.0]
DEBUG: WIRE: [12.0] osgi.wiring.package; (&(osgi.wiring.package=com.google.common.util.concurrent)(version>=18.0.0)(!(version>=19.0.0))) -> [3.0]
DEBUG: WIRE: [12.0] osgi.wiring.package; (&(osgi.wiring.package=com.google.inject)(version>=1.4.0)(!(version>=2.0.0))) -> [6.0]
DEBUG: WIRE: [12.0] osgi.wiring.package; (&(osgi.wiring.package=com.google.inject.assistedinject)(version>=1.4.0)(!(version>=2.0.0))) -> [6.0]
DEBUG: WIRE: [12.0] osgi.wiring.package; (&(osgi.wiring.package=com.google.inject.binder)(version>=1.4.0)(!(version>=2.0.0))) -> [6.0]
DEBUG: WIRE: [12.0] osgi.wiring.package; (&(osgi.wiring.package=com.google.inject.multibindings)(version>=1.4.0)(!(version>=2.0.0))) -> [6.0]
DEBUG: WIRE: [12.0] osgi.wiring.package; (osgi.wiring.package=javax.annotation) -> [0]
DEBUG: WIRE: [12.0] osgi.wiring.package; (osgi.wiring.package=javax.crypto) -> [0]
DEBUG: WIRE: [12.0] osgi.wiring.package; (osgi.wiring.package=javax.crypto.spec) -> [0]
DEBUG: WIRE: [12.0] osgi.wiring.package; (osgi.wiring.package=javax.imageio) -> [0]
DEBUG: WIRE: [12.0] osgi.wiring.package; (&(osgi.wiring.package=javax.inject)(version>=1.0.0)(!(version>=2.0.0))) -> [1.0]
DEBUG: WIRE: [12.0] osgi.wiring.package; (osgi.wiring.package=javax.naming) -> [0]
DEBUG: WIRE: [12.0] osgi.wiring.package; (osgi.wiring.package=javax.naming.directory) -> [0]
DEBUG: WIRE: [12.0] osgi.wiring.package; (osgi.wiring.package=javax.naming.ldap) -> [0]
DEBUG: WIRE: [12.0] osgi.wiring.package; (osgi.wiring.package=javax.net) -> [0]
DEBUG: WIRE: [12.0] osgi.wiring.package; (osgi.wiring.package=javax.net.ssl) -> [0]
DEBUG: WIRE: [12.0] osgi.wiring.package; (osgi.wiring.package=javax.security.auth.x500) -> [0]
DEBUG: WIRE: [12.0] osgi.wiring.package; (osgi.wiring.package=javax.swing) -> [0]
DEBUG: WIRE: [12.0] osgi.wiring.package; (osgi.wiring.package=javax.xml.bind) -> [0]
DEBUG: WIRE: [12.0] osgi.wiring.package; (osgi.wiring.package=javax.xml.bind.annotation.adapters) -> [0]
DEBUG: WIRE: [12.0] osgi.wiring.package; (osgi.wiring.package=javax.xml.datatype) -> [0]
DEBUG: WIRE: [12.0] osgi.wiring.package; (osgi.wiring.package=javax.xml.namespace) -> [0]
DEBUG: WIRE: [12.0] osgi.wiring.package; (osgi.wiring.package=javax.xml.parsers) -> [0]
DEBUG: WIRE: [12.0] osgi.wiring.package; (osgi.wiring.package=javax.xml.transform.sax) -> [0]
DEBUG: WIRE: [12.0] osgi.wiring.package; (osgi.wiring.package=javax.xml.validation) -> [0]
DEBUG: WIRE: [12.0] osgi.wiring.package; (osgi.wiring.package=org.ietf.jgss) -> [0]
DEBUG: WIRE: [12.0] osgi.wiring.package; (&(osgi.wiring.package=org.slf4j)(version>=1.7.0)(!(version>=2.0.0))) -> [11.0]
DEBUG: WIRE: [12.0] osgi.wiring.package; (osgi.wiring.package=org.w3c.dom) -> [0]
DEBUG: WIRE: [12.0] osgi.wiring.package; (osgi.wiring.package=org.w3c.dom.bootstrap) -> [0]
DEBUG: WIRE: [12.0] osgi.wiring.package; (osgi.wiring.package=org.w3c.dom.ls) -> [0]
DEBUG: WIRE: [12.0] osgi.wiring.package; (osgi.wiring.package=org.xml.sax) -> [0]
DEBUG: WIRE: [12.0] osgi.wiring.package; (osgi.wiring.package=org.xml.sax.ext) -> [0]
DEBUG: WIRE: [12.0] osgi.wiring.package; (osgi.wiring.package=org.xml.sax.helpers) -> [0]
DEBUG: WIRE: [12.0] osgi.ee; (&(osgi.ee=JavaSE)(version=1.7)) -> [0]
Tests run: 1, Failures: 0, Errors: 0, Skipped: 0, Time elapsed: 0.481 sec - in org.semanticweb.owlapi.BundleIsLoadableIntegrationTestCase
Running org.semanticweb.owlapi.io.LoadXZOntologyViaHTTPIntegrationTestCase
[main] INFO org.semanticweb.owlapi.io.AbstractOWLParser - URL connection has no content encoding but name ends with .xz
[main] INFO org.semanticweb.owlapi.io.AbstractOWLParser - URL connection has no content encoding but name ends with .xz
Tests run: 1, Failures: 0, Errors: 0, Skipped: 0, Time elapsed: 1.146 sec - in org.semanticweb.owlapi.io.LoadXZOntologyViaHTTPIntegrationTestCase

Results :

Tests run: 3, Failures: 0, Errors: 0, Skipped: 0

[WARNING] File encoding has not been set, using platform encoding UTF-8, i.e. build is platform dependent! The file encoding for reports output files should be provided by the POM property ${project.reporting.outputEncoding}.
[INFO] 
[INFO] --- maven-failsafe-plugin:2.18.1:verify (default) @ owlapi-osgidistribution ---
[INFO] Failsafe report directory: /home/travis/build/owlcs/owlapi/osgidistribution/target/failsafe-reports
[WARNING] File encoding has not been set, using platform encoding UTF-8, i.e. build is platform dependent! The file encoding for reports output files should be provided by the POM property ${project.reporting.outputEncoding}.
[INFO] ------------------------------------------------------------------------
[INFO] Reactor Summary:
[INFO] 
[INFO] OWLAPI ............................................. SUCCESS [  3.032 s]
[INFO] OWLAPI Model Interfaces and utilities .............. SUCCESS [  5.602 s]
[INFO] OWLAPI Default Implementation ...................... SUCCESS [  4.806 s]
[INFO] tools .............................................. SUCCESS [  1.200 s]
[INFO] parsers ............................................ SUCCESS [  1.810 s]
[INFO] oboformat parser ................................... SUCCESS [  0.760 s]
[INFO] OWLAPITOOLS OWL profile and fixers ................. SUCCESS [  1.705 s]
[INFO] OWLAPI :: Sesame Rio module ........................ SUCCESS [  0.823 s]
[INFO] OWLAPI Binding and Config .......................... SUCCESS [  1.340 s]
[INFO] compatibility ...................................... SUCCESS [  3.259 s]
[INFO] tests and tutorials ................................ SUCCESS [ 51.484 s]
[INFO] OWLAPI Distribution ................................ SUCCESS [  9.341 s]
[INFO] OWLAPI OSGi and Compatibility Distribution ......... SUCCESS [ 10.762 s]
[INFO] ------------------------------------------------------------------------
[INFO] BUILD SUCCESS
[INFO] ------------------------------------------------------------------------
[INFO] Total time: 01:38 min
[INFO] Finished at: 2016-09-10T17:32:37+00:00
[INFO] Final Memory: 54M/458M
[INFO] ------------------------------------------------------------------------

travis_time:end:3e5f9fb9:start=1473528657782535710,finish=1473528758548878168,duration=100766342458[0K
[32;1mThe command "mvn verify" exited with 0.[0m
travis_fold:start:cache.2[0Kstore build cache
travis_time:start:0989e6b8[0K
travis_time:end:0989e6b8:start=1473528758553151145,finish=1473528758556363798,duration=3212653[0Ktravis_time:start:00b2b402[0K[32;1mchange detected (content changed, file is created, or file is deleted):
/home/travis/.m2/repository/net/sourceforge/owlapi/owlapi-api/4.2.5/owlapi-api-4.2.5.jar
/home/travis/.m2/repository/net/sourceforge/owlapi/owlapi-api/4.2.5/owlapi-api-4.2.5-sources.jar
/home/travis/.m2/repository/net/sourceforge/owlapi/owlapi-api/4.2.5/_remote.repositories
/home/travis/.m2/repository/net/sourceforge/owlapi/owlapi-apibinding/4.2.5/owlapi-apibinding-4.2.5.jar
/home/travis/.m2/repository/net/sourceforge/owlapi/owlapi-apibinding/4.2.5/owlapi-apibinding-4.2.5-sources.jar
/home/travis/.m2/repository/net/sourceforge/owlapi/owlapi-apibinding/4.2.5/_remote.repositories
/home/travis/.m2/repository/net/sourceforge/owlapi/owlapi-apibinding/maven-metadata-local.xml
/home/travis/.m2/repository/net/sourceforge/owlapi/owlapi-api/maven-metadata-local.xml
/home/travis/.m2/repository/net/sourceforge/owlapi/owlapi-compatibility/4.2.5/owlapi-compatibility-4.2.5.jar
/home/travis/.m2/repository/net/sourceforge/owlapi/owlapi-compatibility/4.2.5/owlapi-compatibility-4.2.5-sources.jar
/home/tra
[0m
[32;1m...
[0m
[32;1mchanges detected, packing new archive[0m
[32;1muploading archive[0m

travis_time:end:00b2b402:start=1473528758559991716,finish=1473528765564733650,duration=7004741934[0Ktravis_fold:end:cache.2[0K
Done. Your build exited with 0.
