Using worker: worker-linux-docker-7b397492.prod.travis-ci.org:travis-linux-6

travis_fold:start:system_info[0K[33;1mBuild system information[0m
Build language: java
[34m[1mBuild image provisioning date and time[0m
Thu Feb  5 15:09:33 UTC 2015
[34m[1mOperating System Details[0m
Distributor ID:	Ubuntu
Description:	Ubuntu 12.04.5 LTS
Release:	12.04
Codename:	precise
[34m[1mLinux Version[0m
3.13.0-29-generic
[34m[1mCookbooks Version[0m
a68419e https://github.com/travis-ci/travis-cookbooks/tree/a68419e
[34m[1mGCC version[0m
gcc (Ubuntu/Linaro 4.6.3-1ubuntu5) 4.6.3
Copyright (C) 2011 Free Software Foundation, Inc.
This is free software; see the source for copying conditions.  There is NO
warranty; not even for MERCHANTABILITY or FITNESS FOR A PARTICULAR PURPOSE.

[34m[1mLLVM version[0m
clang version 3.4 (tags/RELEASE_34/final)
Target: x86_64-unknown-linux-gnu
Thread model: posix
[34m[1mPre-installed Ruby versions[0m
ruby-1.9.3-p551
[34m[1mPre-installed Node.js versions[0m
v0.10.36
[34m[1mPre-installed Go versions[0m
1.4.1
[34m[1mRedis version[0m
redis-server 2.8.19
[34m[1mriak version[0m
2.0.2
[34m[1mMongoDB version[0m
MongoDB 2.4.12
[34m[1mCouchDB version[0m
couchdb 1.6.1
[34m[1mNeo4j version[0m
1.9.4
[34m[1mRabbitMQ Version[0m
3.4.3
[34m[1mElasticSearch version[0m
1.4.0
[34m[1mInstalled Sphinx versions[0m
2.0.10
2.1.9
2.2.6
[34m[1mDefault Sphinx version[0m
2.2.6
[34m[1mInstalled Firefox version[0m
firefox 31.0esr
[34m[1mPhantomJS version[0m
1.9.8
[34m[1mant -version[0m
Apache Ant(TM) version 1.8.2 compiled on December 3 2011
[34m[1mmvn -version[0m
Apache Maven 3.2.5 (12a6b3acb947671f09b81f49094c53f426d8cea1; 2014-12-14T17:29:23+00:00)
Maven home: /usr/local/maven
Java version: 1.7.0_76, vendor: Oracle Corporation
Java home: /usr/lib/jvm/java-7-oracle/jre
Default locale: en_US, platform encoding: ANSI_X3.4-1968
OS name: "linux", version: "3.13.0-29-generic", arch: "amd64", family: "unix"
travis_fold:end:system_info[0K
travis_fold:start:git.checkout[0Ktravis_time:start:0349f3b9[0K$ git clone --depth=50 --branch=migrate-statement https://github.com/SonarCommunity/sonar-php.git SonarCommunity/sonar-php
Cloning into 'SonarCommunity/sonar-php'...
remote: Counting objects: 5733, done.[K
remote: Compressing objects:   0% (1/2795)   [Kremote: Compressing objects:   1% (28/2795)   [Kremote: Compressing objects:   2% (56/2795)   [Kremote: Compressing objects:   3% (84/2795)   [Kremote: Compressing objects:   4% (112/2795)   [Kremote: Compressing objects:   5% (140/2795)   [Kremote: Compressing objects:   6% (168/2795)   [Kremote: Compressing objects:   7% (196/2795)   [Kremote: Compressing objects:   8% (224/2795)   [Kremote: Compressing objects:   9% (252/2795)   [Kremote: Compressing objects:  10% (280/2795)   [Kremote: Compressing objects:  11% (308/2795)   [Kremote: Compressing objects:  12% (336/2795)   [Kremote: Compressing objects:  13% (364/2795)   [Kremote: Compressing objects:  14% (392/2795)   [Kremote: Compressing objects:  15% (420/2795)   [Kremote: Compressing objects:  16% (448/2795)   [Kremote: Compressing objects:  17% (476/2795)   [Kremote: Compressing objects:  18% (504/2795)   [Kremote: Compressing objects:  19% (532/2795)   [Kremote: Compressing objects:  20% (559/2795)   [Kremote: Compressing objects:  21% (587/2795)   [Kremote: Compressing objects:  22% (615/2795)   [Kremote: Compressing objects:  23% (643/2795)   [Kremote: Compressing objects:  24% (671/2795)   [Kremote: Compressing objects:  25% (699/2795)   [Kremote: Compressing objects:  26% (727/2795)   [Kremote: Compressing objects:  27% (755/2795)   [Kremote: Compressing objects:  28% (783/2795)   [Kremote: Compressing objects:  29% (811/2795)   [Kremote: Compressing objects:  30% (839/2795)   [Kremote: Compressing objects:  31% (867/2795)   [Kremote: Compressing objects:  32% (895/2795)   [Kremote: Compressing objects:  33% (923/2795)   [Kremote: Compressing objects:  34% (951/2795)   [Kremote: Compressing objects:  35% (979/2795)   [Kremote: Compressing objects:  36% (1007/2795)   [Kremote: Compressing objects:  37% (1035/2795)   [Kremote: Compressing objects:  38% (1063/2795)   [Kremote: Compressing objects:  39% (1091/2795)   [Kremote: Compressing objects:  40% (1118/2795)   [Kremote: Compressing objects:  41% (1146/2795)   [Kremote: Compressing objects:  42% (1174/2795)   [Kremote: Compressing objects:  43% (1202/2795)   [Kremote: Compressing objects:  44% (1230/2795)   [Kremote: Compressing objects:  45% (1258/2795)   [Kremote: Compressing objects:  46% (1286/2795)   [Kremote: Compressing objects:  47% (1314/2795)   [Kremote: Compressing objects:  48% (1342/2795)   [Kremote: Compressing objects:  49% (1370/2795)   [Kremote: Compressing objects:  50% (1398/2795)   [Kremote: Compressing objects:  51% (1426/2795)   [Kremote: Compressing objects:  52% (1454/2795)   [Kremote: Compressing objects:  53% (1482/2795)   [Kremote: Compressing objects:  54% (1510/2795)   [Kremote: Compressing objects:  55% (1538/2795)   [Kremote: Compressing objects:  56% (1566/2795)   [Kremote: Compressing objects:  57% (1594/2795)   [Kremote: Compressing objects:  58% (1622/2795)   [Kremote: Compressing objects:  59% (1650/2795)   [Kremote: Compressing objects:  60% (1677/2795)   [Kremote: Compressing objects:  61% (1705/2795)   [Kremote: Compressing objects:  62% (1733/2795)   [Kremote: Compressing objects:  63% (1761/2795)   [Kremote: Compressing objects:  64% (1789/2795)   [Kremote: Compressing objects:  65% (1817/2795)   [Kremote: Compressing objects:  66% (1845/2795)   [Kremote: Compressing objects:  67% (1873/2795)   [Kremote: Compressing objects:  68% (1901/2795)   [Kremote: Compressing objects:  69% (1929/2795)   [Kremote: Compressing objects:  70% (1957/2795)   [Kremote: Compressing objects:  71% (1985/2795)   [Kremote: Compressing objects:  72% (2013/2795)   [Kremote: Compressing objects:  73% (2041/2795)   [Kremote: Compressing objects:  74% (2069/2795)   [Kremote: Compressing objects:  75% (2097/2795)   [Kremote: Compressing objects:  76% (2125/2795)   [Kremote: Compressing objects:  77% (2153/2795)   [Kremote: Compressing objects:  78% (2181/2795)   [Kremote: Compressing objects:  79% (2209/2795)   [Kremote: Compressing objects:  80% (2236/2795)   [Kremote: Compressing objects:  81% (2264/2795)   [Kremote: Compressing objects:  82% (2292/2795)   [Kremote: Compressing objects:  83% (2320/2795)   [Kremote: Compressing objects:  84% (2348/2795)   [Kremote: Compressing objects:  85% (2376/2795)   [Kremote: Compressing objects:  86% (2404/2795)   [Kremote: Compressing objects:  87% (2432/2795)   [Kremote: Compressing objects:  88% (2460/2795)   [Kremote: Compressing objects:  89% (2488/2795)   [Kremote: Compressing objects:  90% (2516/2795)   [Kremote: Compressing objects:  91% (2544/2795)   [Kremote: Compressing objects:  92% (2572/2795)   [Kremote: Compressing objects:  93% (2600/2795)   [Kremote: Compressing objects:  94% (2628/2795)   [Kremote: Compressing objects:  95% (2656/2795)   [Kremote: Compressing objects:  96% (2684/2795)   [Kremote: Compressing objects:  97% (2712/2795)   [Kremote: Compressing objects:  98% (2740/2795)   [Kremote: Compressing objects:  99% (2768/2795)   [Kremote: Compressing objects: 100% (2795/2795)   [Kremote: Compressing objects: 100% (2795/2795), done.[K
Receiving objects:   0% (1/5733)   Receiving objects:   1% (58/5733)   Receiving objects:   2% (115/5733)   Receiving objects:   3% (172/5733)   Receiving objects:   4% (230/5733)   Receiving objects:   5% (287/5733)   Receiving objects:   6% (344/5733)   Receiving objects:   7% (402/5733)   Receiving objects:   8% (459/5733)   Receiving objects:   9% (516/5733)   Receiving objects:  10% (574/5733)   Receiving objects:  11% (631/5733)   Receiving objects:  12% (688/5733)   Receiving objects:  13% (746/5733)   Receiving objects:  14% (803/5733)   Receiving objects:  15% (860/5733)   Receiving objects:  16% (918/5733)   Receiving objects:  17% (975/5733)   Receiving objects:  18% (1032/5733)   Receiving objects:  19% (1090/5733)   Receiving objects:  20% (1147/5733)   Receiving objects:  21% (1204/5733)   Receiving objects:  22% (1262/5733)   Receiving objects:  23% (1319/5733)   Receiving objects:  24% (1376/5733)   Receiving objects:  25% (1434/5733)   Receiving objects:  26% (1491/5733)   Receiving objects:  27% (1548/5733)   Receiving objects:  28% (1606/5733)   Receiving objects:  29% (1663/5733)   Receiving objects:  30% (1720/5733)   Receiving objects:  31% (1778/5733)   Receiving objects:  32% (1835/5733)   Receiving objects:  33% (1892/5733)   Receiving objects:  34% (1950/5733)   Receiving objects:  35% (2007/5733)   Receiving objects:  36% (2064/5733)   Receiving objects:  37% (2122/5733)   Receiving objects:  38% (2179/5733)   Receiving objects:  39% (2236/5733)   Receiving objects:  40% (2294/5733)   Receiving objects:  41% (2351/5733)   Receiving objects:  42% (2408/5733)   Receiving objects:  43% (2466/5733)   Receiving objects:  44% (2523/5733)   Receiving objects:  45% (2580/5733)   Receiving objects:  46% (2638/5733)   Receiving objects:  47% (2695/5733)   Receiving objects:  48% (2752/5733)   Receiving objects:  49% (2810/5733)   Receiving objects:  50% (2867/5733)   Receiving objects:  51% (2924/5733)   Receiving objects:  52% (2982/5733)   Receiving objects:  53% (3039/5733)   Receiving objects:  54% (3096/5733)   Receiving objects:  55% (3154/5733)   Receiving objects:  56% (3211/5733)   Receiving objects:  57% (3268/5733)   Receiving objects:  58% (3326/5733)   Receiving objects:  59% (3383/5733)   Receiving objects:  60% (3440/5733)   Receiving objects:  61% (3498/5733)   Receiving objects:  62% (3555/5733)   Receiving objects:  63% (3612/5733)   Receiving objects:  64% (3670/5733)   Receiving objects:  65% (3727/5733)   Receiving objects:  66% (3784/5733)   Receiving objects:  67% (3842/5733)   Receiving objects:  68% (3899/5733)   Receiving objects:  69% (3956/5733)   Receiving objects:  70% (4014/5733)   Receiving objects:  71% (4071/5733)   Receiving objects:  72% (4128/5733)   Receiving objects:  73% (4186/5733)   Receiving objects:  74% (4243/5733)   Receiving objects:  75% (4300/5733)   Receiving objects:  76% (4358/5733)   Receiving objects:  77% (4415/5733)   Receiving objects:  78% (4472/5733)   Receiving objects:  79% (4530/5733)   Receiving objects:  80% (4587/5733)   Receiving objects:  81% (4644/5733)   Receiving objects:  82% (4702/5733)   Receiving objects:  83% (4759/5733)   Receiving objects:  84% (4816/5733)   Receiving objects:  85% (4874/5733)   Receiving objects:  86% (4931/5733)   Receiving objects:  87% (4988/5733)   Receiving objects:  88% (5046/5733)   Receiving objects:  89% (5103/5733)   Receiving objects:  90% (5160/5733)   Receiving objects:  91% (5218/5733)   Receiving objects:  92% (5275/5733)   Receiving objects:  93% (5332/5733)   Receiving objects:  94% (5390/5733)   Receiving objects:  95% (5447/5733)   Receiving objects:  96% (5504/5733)   Receiving objects:  97% (5562/5733)   remote: Total 5733 (delta 2614), reused 5266 (delta 2337), pack-reused 0[K
Receiving objects:  98% (5619/5733)   Receiving objects:  99% (5676/5733)   Receiving objects: 100% (5733/5733)   Receiving objects: 100% (5733/5733), 2.67 MiB | 0 bytes/s, done.
Resolving deltas:   0% (0/2614)   Resolving deltas:   1% (44/2614)   Resolving deltas:   2% (70/2614)   Resolving deltas:   3% (79/2614)   Resolving deltas:   4% (107/2614)   Resolving deltas:   5% (132/2614)   Resolving deltas:   6% (169/2614)   Resolving deltas:   8% (221/2614)   Resolving deltas:   9% (247/2614)   Resolving deltas:  10% (286/2614)   Resolving deltas:  11% (298/2614)   Resolving deltas:  12% (318/2614)   Resolving deltas:  13% (342/2614)   Resolving deltas:  14% (366/2614)   Resolving deltas:  15% (401/2614)   Resolving deltas:  16% (421/2614)   Resolving deltas:  22% (599/2614)   Resolving deltas:  23% (606/2614)   Resolving deltas:  24% (637/2614)   Resolving deltas:  27% (711/2614)   Resolving deltas:  28% (742/2614)   Resolving deltas:  29% (774/2614)   Resolving deltas:  30% (807/2614)   Resolving deltas:  31% (832/2614)   Resolving deltas:  32% (852/2614)   Resolving deltas:  33% (886/2614)   Resolving deltas:  34% (895/2614)   Resolving deltas:  35% (923/2614)   Resolving deltas:  36% (943/2614)   Resolving deltas:  39% (1024/2614)   Resolving deltas:  40% (1050/2614)   Resolving deltas:  41% (1075/2614)   Resolving deltas:  52% (1363/2614)   Resolving deltas:  53% (1394/2614)   Resolving deltas:  54% (1432/2614)   Resolving deltas:  55% (1438/2614)   Resolving deltas:  56% (1475/2614)   Resolving deltas:  57% (1493/2614)   Resolving deltas:  58% (1518/2614)   Resolving deltas:  59% (1543/2614)   Resolving deltas:  60% (1571/2614)   Resolving deltas:  61% (1595/2614)   Resolving deltas:  62% (1633/2614)   Resolving deltas:  63% (1647/2614)   Resolving deltas:  64% (1673/2614)   Resolving deltas:  65% (1700/2614)   Resolving deltas:  66% (1726/2614)   Resolving deltas:  67% (1754/2614)   Resolving deltas:  68% (1803/2614)   Resolving deltas:  69% (1804/2614)   Resolving deltas:  70% (1833/2614)   Resolving deltas:  71% (1857/2614)   Resolving deltas:  72% (1885/2614)   Resolving deltas:  73% (1911/2614)   Resolving deltas:  74% (1938/2614)   Resolving deltas:  75% (1965/2614)   Resolving deltas:  76% (1988/2614)   Resolving deltas:  77% (2015/2614)   Resolving deltas:  78% (2044/2614)   Resolving deltas:  79% (2069/2614)   Resolving deltas:  80% (2092/2614)   Resolving deltas:  81% (2118/2614)   Resolving deltas:  82% (2144/2614)   Resolving deltas:  83% (2170/2614)   Resolving deltas:  84% (2196/2614)   Resolving deltas:  85% (2222/2614)   Resolving deltas:  86% (2255/2614)   Resolving deltas:  87% (2298/2614)   Resolving deltas:  88% (2301/2614)   Resolving deltas:  89% (2330/2614)   Resolving deltas:  90% (2368/2614)   Resolving deltas:  91% (2379/2614)   Resolving deltas:  92% (2409/2614)   Resolving deltas:  93% (2434/2614)   Resolving deltas:  94% (2458/2614)   Resolving deltas:  95% (2484/2614)   Resolving deltas:  96% (2510/2614)   Resolving deltas:  97% (2538/2614)   Resolving deltas:  98% (2562/2614)   Resolving deltas:  99% (2588/2614)   Resolving deltas: 100% (2614/2614)   Resolving deltas: 100% (2614/2614), done.
Checking connectivity... done.
travis_time:end:0349f3b9:start=1442913790596925112,finish=1442913791546840933,duration=949915821[0K$ cd SonarCommunity/sonar-php
$ git checkout -qf 6b9ef4612ea60516e453b59625de7d67b6736b81
travis_fold:end:git.checkout[0Ktravis_fold:start:git.submodule[0Ktravis_time:start:0e440a9e[0K$ git submodule init
Submodule 'its/sources' (https://github.com/SonarCommunity/php-test-sources.git) registered for path 'its/sources'
travis_time:end:0e440a9e:start=1442913791619523540,finish=1442913791661482045,duration=41958505[0Ktravis_time:start:0bbb5544[0K$ git submodule update
Cloning into 'its/sources'...
remote: Counting objects: 4341, done.[K
Receiving objects:   0% (1/4341)   Receiving objects:   1% (44/4341)   Receiving objects:   2% (87/4341)   Receiving objects:   3% (131/4341)   Receiving objects:   4% (174/4341)   Receiving objects:   5% (218/4341)   Receiving objects:   6% (261/4341)   Receiving objects:   7% (304/4341)   Receiving objects:   8% (348/4341)   Receiving objects:   9% (391/4341)   Receiving objects:  10% (435/4341)   Receiving objects:  11% (478/4341)   Receiving objects:  12% (521/4341)   Receiving objects:  13% (565/4341)   Receiving objects:  14% (608/4341)   Receiving objects:  15% (652/4341)   Receiving objects:  16% (695/4341)   Receiving objects:  17% (738/4341)   Receiving objects:  18% (782/4341)   Receiving objects:  19% (825/4341)   Receiving objects:  20% (869/4341)   Receiving objects:  21% (912/4341)   Receiving objects:  22% (956/4341)   Receiving objects:  23% (999/4341)   Receiving objects:  24% (1042/4341)   Receiving objects:  25% (1086/4341)   Receiving objects:  26% (1129/4341)   Receiving objects:  27% (1173/4341)   Receiving objects:  28% (1216/4341)   Receiving objects:  29% (1259/4341)   Receiving objects:  30% (1303/4341)   Receiving objects:  31% (1346/4341)   Receiving objects:  32% (1390/4341)   Receiving objects:  33% (1433/4341)   Receiving objects:  34% (1476/4341)   Receiving objects:  35% (1520/4341)   Receiving objects:  36% (1563/4341)   Receiving objects:  37% (1607/4341)   Receiving objects:  38% (1650/4341)   Receiving objects:  39% (1693/4341)   Receiving objects:  40% (1737/4341)   Receiving objects:  41% (1780/4341)   Receiving objects:  42% (1824/4341)   Receiving objects:  43% (1867/4341)   Receiving objects:  44% (1911/4341)   Receiving objects:  45% (1954/4341)   Receiving objects:  46% (1997/4341)   Receiving objects:  47% (2041/4341)   Receiving objects:  48% (2084/4341)   Receiving objects:  49% (2128/4341)   Receiving objects:  50% (2171/4341)   Receiving objects:  51% (2214/4341)   Receiving objects:  52% (2258/4341)   Receiving objects:  53% (2301/4341)   Receiving objects:  54% (2345/4341)   Receiving objects:  55% (2388/4341)   Receiving objects:  56% (2431/4341)   Receiving objects:  57% (2475/4341)   Receiving objects:  58% (2518/4341)   Receiving objects:  59% (2562/4341)   Receiving objects:  60% (2605/4341)   Receiving objects:  61% (2649/4341)   Receiving objects:  62% (2692/4341)   Receiving objects:  63% (2735/4341)   Receiving objects:  64% (2779/4341)   Receiving objects:  65% (2822/4341)   Receiving objects:  66% (2866/4341)   Receiving objects:  67% (2909/4341)   Receiving objects:  68% (2952/4341)   Receiving objects:  69% (2996/4341)   Receiving objects:  70% (3039/4341)   Receiving objects:  71% (3083/4341)   Receiving objects:  72% (3126/4341)   Receiving objects:  73% (3169/4341)   Receiving objects:  74% (3213/4341)   Receiving objects:  75% (3256/4341)   Receiving objects:  76% (3300/4341)   Receiving objects:  77% (3343/4341)   Receiving objects:  78% (3386/4341)   Receiving objects:  79% (3430/4341)   Receiving objects:  80% (3473/4341)   Receiving objects:  81% (3517/4341)   Receiving objects:  82% (3560/4341)   Receiving objects:  83% (3604/4341)   Receiving objects:  84% (3647/4341)   Receiving objects:  85% (3690/4341)   Receiving objects:  86% (3734/4341)   Receiving objects:  87% (3777/4341)   Receiving objects:  88% (3821/4341)   Receiving objects:  89% (3864/4341)   Receiving objects:  90% (3907/4341)   Receiving objects:  91% (3951/4341)   Receiving objects:  92% (3994/4341)   Receiving objects:  93% (4038/4341)   Receiving objects:  94% (4081/4341)   Receiving objects:  95% (4124/4341)   Receiving objects:  96% (4168/4341)   Receiving objects:  97% (4211/4341)   remote: Total 4341 (delta 0), reused 0 (delta 0), pack-reused 4341[K
Receiving objects:  98% (4255/4341)   Receiving objects:  99% (4298/4341)   Receiving objects: 100% (4341/4341)   Receiving objects: 100% (4341/4341), 3.26 MiB | 0 bytes/s, done.
Resolving deltas:   0% (0/1589)   Resolving deltas:   1% (17/1589)   Resolving deltas:   2% (34/1589)   Resolving deltas:   3% (49/1589)   Resolving deltas:   4% (65/1589)   Resolving deltas:   5% (80/1589)   Resolving deltas:   7% (116/1589)   Resolving deltas:   8% (132/1589)   Resolving deltas:  10% (160/1589)   Resolving deltas:  12% (199/1589)   Resolving deltas:  13% (208/1589)   Resolving deltas:  17% (274/1589)   Resolving deltas:  18% (292/1589)   Resolving deltas:  20% (319/1589)   Resolving deltas:  21% (334/1589)   Resolving deltas:  22% (350/1589)   Resolving deltas:  23% (380/1589)   Resolving deltas:  24% (382/1589)   Resolving deltas:  25% (398/1589)   Resolving deltas:  26% (421/1589)   Resolving deltas:  27% (436/1589)   Resolving deltas:  28% (453/1589)   Resolving deltas:  29% (461/1589)   Resolving deltas:  30% (478/1589)   Resolving deltas:  31% (494/1589)   Resolving deltas:  32% (510/1589)   Resolving deltas:  33% (525/1589)   Resolving deltas:  34% (543/1589)   Resolving deltas:  35% (557/1589)   Resolving deltas:  36% (578/1589)   Resolving deltas:  37% (592/1589)   Resolving deltas:  38% (606/1589)   Resolving deltas:  39% (620/1589)   Resolving deltas:  40% (638/1589)   Resolving deltas:  41% (653/1589)   Resolving deltas:  42% (671/1589)   Resolving deltas:  43% (685/1589)   Resolving deltas:  44% (700/1589)   Resolving deltas:  45% (716/1589)   Resolving deltas:  46% (733/1589)   Resolving deltas:  47% (747/1589)   Resolving deltas:  49% (780/1589)   Resolving deltas:  50% (798/1589)   Resolving deltas:  51% (814/1589)   Resolving deltas:  52% (827/1589)   Resolving deltas:  53% (843/1589)   Resolving deltas:  54% (862/1589)   Resolving deltas:  55% (874/1589)   Resolving deltas:  56% (893/1589)   Resolving deltas:  57% (907/1589)   Resolving deltas:  58% (925/1589)   Resolving deltas:  60% (958/1589)   Resolving deltas:  61% (970/1589)   Resolving deltas:  62% (986/1589)   Resolving deltas:  63% (1003/1589)   Resolving deltas:  64% (1017/1589)   Resolving deltas:  65% (1034/1589)   Resolving deltas:  66% (1052/1589)   Resolving deltas:  67% (1067/1589)   Resolving deltas:  68% (1082/1589)   Resolving deltas:  69% (1097/1589)   Resolving deltas:  70% (1118/1589)   Resolving deltas:  71% (1130/1589)   Resolving deltas:  72% (1145/1589)   Resolving deltas:  73% (1161/1589)   Resolving deltas:  74% (1176/1589)   Resolving deltas:  75% (1193/1589)   Resolving deltas:  76% (1216/1589)   Resolving deltas:  77% (1224/1589)   Resolving deltas:  78% (1240/1589)   Resolving deltas:  79% (1256/1589)   Resolving deltas:  80% (1272/1589)   Resolving deltas:  81% (1288/1589)   Resolving deltas:  82% (1304/1589)   Resolving deltas:  83% (1319/1589)   Resolving deltas:  84% (1335/1589)   Resolving deltas:  85% (1352/1589)   Resolving deltas:  86% (1367/1589)   Resolving deltas:  87% (1384/1589)   Resolving deltas:  88% (1399/1589)   Resolving deltas:  89% (1415/1589)   Resolving deltas:  90% (1431/1589)   Resolving deltas:  91% (1446/1589)   Resolving deltas:  92% (1464/1589)   Resolving deltas:  93% (1480/1589)   Resolving deltas:  94% (1495/1589)   Resolving deltas:  95% (1516/1589)   Resolving deltas:  96% (1526/1589)   Resolving deltas:  97% (1556/1589)   Resolving deltas:  98% (1560/1589)   Resolving deltas:  99% (1574/1589)   Resolving deltas: 100% (1589/1589)   Resolving deltas: 100% (1589/1589), done.
Checking connectivity... done.
Submodule path 'its/sources': checked out '4f1f094d3505e8ea70e70fa565e56ef45e2acfda'
travis_time:end:0bbb5544:start=1442913791666519889,finish=1442913792716617846,duration=1050097957[0Ktravis_fold:end:git.submodule[0K
[33;1mThis job is running on container-based infrastructure, which does not allow use of 'sudo', setuid and setguid executables.[0m
[33;1mIf you require sudo, add 'sudo: required' to your .travis.yml[0m
[33;1mSee http://docs.travis-ci.com/user/workers/container-based-infrastructure/ for details.[0m

[33;1mSetting environment variables from .travis.yml[0m
$ export TEST=ci

travis_fold:start:cache.1[0KSetting up build cache
$ export CASHER_DIR=$HOME/.casher
travis_time:start:0c544568[0K$ Installing caching utilities
travis_time:end:0c544568:start=1442913794586255249,finish=1442913794672381485,duration=86126236[0Ktravis_time:start:11c12d90[0Kattempting to download cache archive
fetching migrate-statement/cache--jdk-oraclejdk7.tgz
found cache
travis_time:end:11c12d90:start=1442913794679059163,finish=1442913805694362512,duration=11015303349[0Ktravis_time:start:01985400[0Kadding /home/travis/.m2/repository to cache
travis_time:end:01985400:start=1442913805698818548,finish=1442913811158244201,duration=5459425653[0Ktravis_fold:end:cache.1[0K$ jdk_switcher use oraclejdk7
Switching to Oracle JDK7 (java-7-oracle), JAVA_HOME will be set to /usr/lib/jvm/java-7-oracle
$ java -Xmx32m -version
java version "1.7.0_76"
Java(TM) SE Runtime Environment (build 1.7.0_76-b13)
Java HotSpot(TM) 64-Bit Server VM (build 24.76-b04, mixed mode)
$ javac -J-Xmx32m -version
javac 1.7.0_76
travis_fold:start:install[0Ktravis_time:start:037b0cd6[0K$ true
travis_time:end:037b0cd6:start=1442913812784953990,finish=1442913812788506663,duration=3552673[0Ktravis_fold:end:install[0Ktravis_time:start:0fd26618[0K$ ./travis.sh
Apache Maven 3.2.5 (12a6b3acb947671f09b81f49094c53f426d8cea1; 2014-12-14T17:29:23+00:00)
Maven home: /usr/local/maven
Java version: 1.7.0_76, vendor: Oracle Corporation
Java home: /usr/lib/jvm/java-7-oracle/jre
Default locale: en_US, platform encoding: UTF-8
OS name: "linux", version: "3.13.0-40-generic", arch: "amd64", family: "unix"
[INFO] Error stacktraces are turned on.
[INFO] Scanning for projects...
[INFO] ------------------------------------------------------------------------
[INFO] Reactor Build Order:
[INFO] 
[INFO] PHP
[INFO] PHP :: Frontend
[INFO] PHP :: Checks
[INFO] PHP :: Sonar Plugin
[INFO] SonarQube PHP :: SSLR Toolkit
[INFO]                                                                         
[INFO] ------------------------------------------------------------------------
[INFO] Building PHP 2.7-SNAPSHOT
[INFO] ------------------------------------------------------------------------
[INFO] 
[INFO] --- buildnumber-maven-plugin:1.3:create (default) @ php ---
[INFO] Executing: /bin/sh -c cd /home/travis/build/SonarCommunity/sonar-php && git rev-parse --verify HEAD
[INFO] Working directory: /home/travis/build/SonarCommunity/sonar-php
[INFO] Storing buildNumber: 6b9ef4612ea60516e453b59625de7d67b6736b81 at timestamp: 1442913816185
[WARNING] Cannot get the branch information from the git repository: 
Detecting the current branch failed: fatal: ref HEAD is not a symbolic ref

[INFO] Executing: /bin/sh -c cd /home/travis/build/SonarCommunity/sonar-php && git rev-parse --verify HEAD
[INFO] Working directory: /home/travis/build/SonarCommunity/sonar-php
[INFO] Storing buildScmBranch: UNKNOWN
[INFO] 
[INFO] --- maven-enforcer-plugin:1.3.1:enforce (enforce) @ php ---
[INFO] 
[INFO] --- maven-license-plugin:1.10.b1:check (enforce-license-headers) @ php ---
[INFO] Checking licenses...
[INFO] 
[INFO] --- animal-sniffer-maven-plugin:1.13:check (enforce-java-api-compatibility) @ php ---
[INFO] Checking unresolved references to org.codehaus.mojo.signature:java17:1.0
[INFO] 
[INFO] --- maven-source-plugin:2.4:jar-no-fork (attach-sources) @ php ---
[INFO]                                                                         
[INFO] ------------------------------------------------------------------------
[INFO] Building PHP :: Frontend 2.7-SNAPSHOT
[INFO] ------------------------------------------------------------------------
[INFO] 
[INFO] --- buildnumber-maven-plugin:1.3:create (default) @ php-frontend ---
[INFO] 
[INFO] --- maven-enforcer-plugin:1.3.1:enforce (enforce) @ php-frontend ---
[INFO] 
[INFO] --- maven-license-plugin:1.10.b1:check (enforce-license-headers) @ php-frontend ---
[INFO] Checking licenses...
[INFO] 
[INFO] --- maven-resources-plugin:2.7:resources (default-resources) @ php-frontend ---
[INFO] Using 'UTF-8' encoding to copy filtered resources.
[INFO] skip non existing resourceDirectory /home/travis/build/SonarCommunity/sonar-php/php-frontend/src/main/resources
[INFO] 
[INFO] --- maven-compiler-plugin:3.2:compile (default-compile) @ php-frontend ---
[INFO] Changes detected - recompiling the module!
[INFO] Compiling 145 source files to /home/travis/build/SonarCommunity/sonar-php/php-frontend/target/classes
[INFO] /home/travis/build/SonarCommunity/sonar-php/php-frontend/src/main/java/org/sonar/php/tree/impl/expression/FunctionCallTreeImpl.java: Some input files use unchecked or unsafe operations.
[INFO] /home/travis/build/SonarCommunity/sonar-php/php-frontend/src/main/java/org/sonar/php/tree/impl/expression/FunctionCallTreeImpl.java: Recompile with -Xlint:unchecked for details.
[INFO] 
[INFO] --- maven-resources-plugin:2.7:testResources (default-testResources) @ php-frontend ---
[INFO] Using 'UTF-8' encoding to copy filtered resources.
[INFO] Copying 8 resources
[INFO] 
[INFO] --- maven-compiler-plugin:3.2:testCompile (default-testCompile) @ php-frontend ---
[INFO] Changes detected - recompiling the module!
[INFO] Compiling 161 source files to /home/travis/build/SonarCommunity/sonar-php/php-frontend/target/test-classes
[INFO] /home/travis/build/SonarCommunity/sonar-php/php-frontend/src/test/java/org/sonar/php/PHPTreeModelTest.java: Some input files use unchecked or unsafe operations.
[INFO] /home/travis/build/SonarCommunity/sonar-php/php-frontend/src/test/java/org/sonar/php/PHPTreeModelTest.java: Recompile with -Xlint:unchecked for details.
[INFO] 
[INFO] --- maven-surefire-plugin:2.18:test (default-test) @ php-frontend ---
[INFO] Surefire report directory: /home/travis/build/SonarCommunity/sonar-php/php-frontend/target/surefire-reports

-------------------------------------------------------
 T E S T S
-------------------------------------------------------
Running org.sonar.php.tree.impl.expression.ParenthesizedExpressionTreeTest
Tests run: 2, Failures: 0, Errors: 0, Skipped: 0, Time elapsed: 0.29 sec - in org.sonar.php.tree.impl.expression.ParenthesizedExpressionTreeTest
Running org.sonar.php.parser.declaration.UseConstDeclarationStatementTest
Tests run: 1, Failures: 0, Errors: 0, Skipped: 0, Time elapsed: 0.018 sec - in org.sonar.php.parser.declaration.UseConstDeclarationStatementTest
Running org.sonar.php.parser.expression.VariableNameTest
Tests run: 1, Failures: 0, Errors: 0, Skipped: 0, Time elapsed: 0.027 sec - in org.sonar.php.parser.expression.VariableNameTest
Running org.sonar.php.tree.impl.statement.TryStatementTreeTest
Tests run: 2, Failures: 0, Errors: 0, Skipped: 0, Time elapsed: 0.032 sec - in org.sonar.php.tree.impl.statement.TryStatementTreeTest
Running org.sonar.php.parser.expression.LogicalAndExpressionTest
Tests run: 1, Failures: 0, Errors: 0, Skipped: 0, Time elapsed: 0.026 sec - in org.sonar.php.parser.expression.LogicalAndExpressionTest
Running org.sonar.php.parser.expression.CompoundVariableTest
Tests run: 1, Failures: 0, Errors: 0, Skipped: 1, Time elapsed: 0.003 sec - in org.sonar.php.parser.expression.CompoundVariableTest
Running org.sonar.php.parser.statement.StaticStatementTest
Tests run: 1, Failures: 0, Errors: 0, Skipped: 0, Time elapsed: 0.009 sec - in org.sonar.php.parser.statement.StaticStatementTest
Running org.sonar.php.parser.expression.FunctionExpressionTest
Tests run: 1, Failures: 0, Errors: 0, Skipped: 0, Time elapsed: 0.022 sec - in org.sonar.php.parser.expression.FunctionExpressionTest
Running org.sonar.php.parser.statement.SwitchStatementTest
Tests run: 1, Failures: 0, Errors: 0, Skipped: 0, Time elapsed: 0.021 sec - in org.sonar.php.parser.statement.SwitchStatementTest
Running org.sonar.php.tree.impl.statement.ThrowStatementTreeTest
Tests run: 1, Failures: 0, Errors: 0, Skipped: 0, Time elapsed: 0.01 sec - in org.sonar.php.tree.impl.statement.ThrowStatementTreeTest
Running org.sonar.php.parser.lexical.VarIdentifierTest
Tests run: 1, Failures: 0, Errors: 0, Skipped: 0, Time elapsed: 0.014 sec - in org.sonar.php.parser.lexical.VarIdentifierTest
Running org.sonar.php.parser.expression.ExitExprTest
Tests run: 1, Failures: 0, Errors: 0, Skipped: 0, Time elapsed: 0.01 sec - in org.sonar.php.parser.expression.ExitExprTest
Running org.sonar.php.parser.declaration.ClassVariableDeclarationTest
Tests run: 1, Failures: 0, Errors: 0, Skipped: 0, Time elapsed: 0.009 sec - in org.sonar.php.parser.declaration.ClassVariableDeclarationTest
Running org.sonar.php.parser.declaration.MemberModifierTest
Tests run: 1, Failures: 0, Errors: 0, Skipped: 0, Time elapsed: 0.006 sec - in org.sonar.php.parser.declaration.MemberModifierTest
Running org.sonar.php.tree.impl.expression.ListExpressionTreeTest
Tests run: 3, Failures: 0, Errors: 0, Skipped: 0, Time elapsed: 0.021 sec - in org.sonar.php.tree.impl.expression.ListExpressionTreeTest
Running org.sonar.php.parser.lexical.FileOpeningTagTest
Tests run: 1, Failures: 0, Errors: 0, Skipped: 0, Time elapsed: 0.003 sec - in org.sonar.php.parser.lexical.FileOpeningTagTest
Running org.sonar.php.parser.statement.EOSTest
Tests run: 1, Failures: 0, Errors: 0, Skipped: 0, Time elapsed: 0.008 sec - in org.sonar.php.parser.statement.EOSTest
Running org.sonar.php.parser.statement.StatementTest
Tests run: 2, Failures: 0, Errors: 0, Skipped: 0, Time elapsed: 0.036 sec - in org.sonar.php.parser.statement.StatementTest
Running org.sonar.php.tree.impl.statement.DoWhileStatementTreeTest
Tests run: 1, Failures: 0, Errors: 0, Skipped: 0, Time elapsed: 0.01 sec - in org.sonar.php.tree.impl.statement.DoWhileStatementTreeTest
Running org.sonar.php.tree.impl.statement.CatchBlockTreeTest
Tests run: 1, Failures: 0, Errors: 0, Skipped: 0, Time elapsed: 0.009 sec - in org.sonar.php.tree.impl.statement.CatchBlockTreeTest
Running org.sonar.php.parser.declaration.UseFunctionDeclarationsTest
Tests run: 1, Failures: 0, Errors: 0, Skipped: 0, Time elapsed: 0.004 sec - in org.sonar.php.parser.declaration.UseFunctionDeclarationsTest
Running org.sonar.php.parser.expression.AssignmentByReferenceTest
Tests run: 1, Failures: 0, Errors: 0, Skipped: 0, Time elapsed: 0.009 sec - in org.sonar.php.parser.expression.AssignmentByReferenceTest
Running org.sonar.php.tree.impl.expression.ExpandableStringCharactersTreeTest
Tests run: 1, Failures: 0, Errors: 0, Skipped: 0, Time elapsed: 0.008 sec - in org.sonar.php.tree.impl.expression.ExpandableStringCharactersTreeTest
Running org.sonar.php.parser.statement.NamespaceStatementTest
Tests run: 1, Failures: 0, Errors: 0, Skipped: 0, Time elapsed: 0.011 sec - in org.sonar.php.parser.statement.NamespaceStatementTest
Running org.sonar.php.tree.impl.statement.SwitchStatementTreeTest
Tests run: 2, Failures: 0, Errors: 0, Skipped: 0, Time elapsed: 0.038 sec - in org.sonar.php.tree.impl.statement.SwitchStatementTreeTest
Running org.sonar.php.parser.statement.GlobalVarTest
Tests run: 1, Failures: 0, Errors: 0, Skipped: 0, Time elapsed: 0.004 sec - in org.sonar.php.parser.statement.GlobalVarTest
Running org.sonar.php.parser.statement.ThrowStatementTest
Tests run: 1, Failures: 0, Errors: 0, Skipped: 0, Time elapsed: 0.007 sec - in org.sonar.php.parser.statement.ThrowStatementTest
Running org.sonar.php.parser.expression.LogicalOrExpressionTest
Tests run: 1, Failures: 0, Errors: 0, Skipped: 0, Time elapsed: 0.006 sec - in org.sonar.php.parser.expression.LogicalOrExpressionTest
Running org.sonar.php.parser.expression.RelationalExpressionTest
Tests run: 1, Failures: 0, Errors: 0, Skipped: 0, Time elapsed: 0.007 sec - in org.sonar.php.parser.expression.RelationalExpressionTest
Running org.sonar.php.parser.declaration.ImplementsListTest
Tests run: 1, Failures: 0, Errors: 0, Skipped: 0, Time elapsed: 0.003 sec - in org.sonar.php.parser.declaration.ImplementsListTest
Running org.sonar.php.tree.impl.statement.LabelTreeTest
Tests run: 1, Failures: 0, Errors: 0, Skipped: 0, Time elapsed: 0.006 sec - in org.sonar.php.tree.impl.statement.LabelTreeTest
Running org.sonar.php.tree.impl.statement.SwitchCaseClauseTreeTest
Tests run: 2, Failures: 0, Errors: 0, Skipped: 0, Time elapsed: 0.011 sec - in org.sonar.php.tree.impl.statement.SwitchCaseClauseTreeTest
Running org.sonar.php.parser.expression.ComplexEncapsVariableTest
Tests run: 1, Failures: 0, Errors: 0, Skipped: 1, Time elapsed: 0 sec - in org.sonar.php.parser.expression.ComplexEncapsVariableTest
Running org.sonar.php.parser.expression.BitewiseOrExpressionTest
Tests run: 1, Failures: 0, Errors: 0, Skipped: 0, Time elapsed: 0.005 sec - in org.sonar.php.parser.expression.BitewiseOrExpressionTest
Running org.sonar.php.parser.expression.ObjectDimListTest
Tests run: 1, Failures: 0, Errors: 0, Skipped: 1, Time elapsed: 0.001 sec - in org.sonar.php.parser.expression.ObjectDimListTest
Running org.sonar.php.PHPAstScannerTest
Tests run: 8, Failures: 0, Errors: 0, Skipped: 0, Time elapsed: 0.138 sec - in org.sonar.php.PHPAstScannerTest
Running org.sonar.php.parser.expression.NewExprTest
Tests run: 1, Failures: 0, Errors: 0, Skipped: 0, Time elapsed: 0 sec - in org.sonar.php.parser.expression.NewExprTest
Running org.sonar.php.tree.impl.statement.BlockTreeTest
Tests run: 2, Failures: 0, Errors: 0, Skipped: 0, Time elapsed: 0.012 sec - in org.sonar.php.tree.impl.statement.BlockTreeTest
Running org.sonar.php.parser.statement.LabelTest
Tests run: 1, Failures: 0, Errors: 0, Skipped: 0, Time elapsed: 0.004 sec - in org.sonar.php.parser.statement.LabelTest
Running org.sonar.php.parser.declaration.UseFunctionDeclarationStatementTest
Tests run: 1, Failures: 0, Errors: 0, Skipped: 0, Time elapsed: 0.002 sec - in org.sonar.php.parser.declaration.UseFunctionDeclarationStatementTest
Running org.sonar.php.parser.statement.IfStatementTest
Tests run: 2, Failures: 0, Errors: 0, Skipped: 0, Time elapsed: 0.014 sec - in org.sonar.php.parser.statement.IfStatementTest
Running org.sonar.php.parser.expression.EncapsDImensionalOffsetTest
Tests run: 1, Failures: 0, Errors: 0, Skipped: 0, Time elapsed: 0.002 sec - in org.sonar.php.parser.expression.EncapsDImensionalOffsetTest
Running org.sonar.php.tree.impl.expression.ExpandableStringLiteralTreeTest
Tests run: 4, Failures: 0, Errors: 0, Skipped: 0, Time elapsed: 0.023 sec - in org.sonar.php.tree.impl.expression.ExpandableStringLiteralTreeTest
Running org.sonar.php.parser.expression.VariableWithoutObjectsTest
Tests run: 1, Failures: 0, Errors: 0, Skipped: 1, Time elapsed: 0 sec - in org.sonar.php.parser.expression.VariableWithoutObjectsTest
Running org.sonar.php.tree.impl.expression.ArrayAccessTreeTest
Tests run: 2, Failures: 0, Errors: 0, Skipped: 0, Time elapsed: 0.009 sec - in org.sonar.php.tree.impl.expression.ArrayAccessTreeTest
Running org.sonar.php.parser.expression.ConditionalExpressionTest
Tests run: 1, Failures: 0, Errors: 0, Skipped: 0, Time elapsed: 0.005 sec - in org.sonar.php.parser.expression.ConditionalExpressionTest
Running org.sonar.php.parser.lexical.NumericLiteralTest
Tests run: 1, Failures: 0, Errors: 0, Skipped: 0, Time elapsed: 0.004 sec - in org.sonar.php.parser.lexical.NumericLiteralTest
Running org.sonar.php.tree.impl.statement.ContinueStatementTreeTest
Tests run: 2, Failures: 0, Errors: 0, Skipped: 0, Time elapsed: 0.007 sec - in org.sonar.php.tree.impl.statement.ContinueStatementTreeTest
Running org.sonar.php.parser.expression.EncapsVarTest
Tests run: 1, Failures: 0, Errors: 0, Skipped: 0, Time elapsed: 0.004 sec - in org.sonar.php.parser.expression.EncapsVarTest
Running org.sonar.php.tree.impl.statement.BreakStatementTreeTest
Tests run: 2, Failures: 0, Errors: 0, Skipped: 0, Time elapsed: 0.006 sec - in org.sonar.php.tree.impl.statement.BreakStatementTreeTest
Running org.sonar.php.tree.impl.expression.VariableIdentifierTreeTest
Tests run: 1, Failures: 0, Errors: 0, Skipped: 0, Time elapsed: 0.004 sec - in org.sonar.php.tree.impl.expression.VariableIdentifierTreeTest
Running org.sonar.php.parser.statement.BreakStatementTest
Tests run: 1, Failures: 0, Errors: 0, Skipped: 0, Time elapsed: 0.004 sec - in org.sonar.php.parser.statement.BreakStatementTest
Running org.sonar.php.parser.expression.CommonScalarTest
Tests run: 1, Failures: 0, Errors: 0, Skipped: 0, Time elapsed: 0.005 sec - in org.sonar.php.parser.expression.CommonScalarTest
Running org.sonar.php.parser.statement.UnqualifiedNameTest
Tests run: 1, Failures: 0, Errors: 0, Skipped: 0, Time elapsed: 0.002 sec - in org.sonar.php.parser.statement.UnqualifiedNameTest
Running org.sonar.php.parser.expression.CombinedScalarOffsetTest
Tests run: 1, Failures: 0, Errors: 0, Skipped: 0, Time elapsed: 0.003 sec - in org.sonar.php.parser.expression.CombinedScalarOffsetTest
Running org.sonar.php.parser.expression.UnaryExprTest
Tests run: 1, Failures: 0, Errors: 0, Skipped: 0, Time elapsed: 0.011 sec - in org.sonar.php.parser.expression.UnaryExprTest
Running org.sonar.php.parser.statement.TraitUseStatementTest
Tests run: 1, Failures: 0, Errors: 0, Skipped: 0, Time elapsed: 0.002 sec - in org.sonar.php.parser.statement.TraitUseStatementTest
Running org.sonar.php.tree.impl.statement.ExpressionStatementTreeTest
Tests run: 1, Failures: 0, Errors: 0, Skipped: 0, Time elapsed: 0.004 sec - in org.sonar.php.tree.impl.statement.ExpressionStatementTreeTest
Running org.sonar.php.parser.expression.InternalFunctionTest
Tests run: 1, Failures: 0, Errors: 0, Skipped: 0, Time elapsed: 0.008 sec - in org.sonar.php.parser.expression.InternalFunctionTest
Running org.sonar.php.parser.expression.LogicalXorExpressionTest
Tests run: 1, Failures: 0, Errors: 0, Skipped: 0, Time elapsed: 0.004 sec - in org.sonar.php.parser.expression.LogicalXorExpressionTest
Running org.sonar.php.parser.declaration.ParameterTest
Tests run: 1, Failures: 0, Errors: 0, Skipped: 0, Time elapsed: 0.005 sec - in org.sonar.php.parser.declaration.ParameterTest
Running org.sonar.php.parser.expression.AdditiveExpressionTest
Tests run: 1, Failures: 0, Errors: 0, Skipped: 0, Time elapsed: 0.004 sec - in org.sonar.php.parser.expression.AdditiveExpressionTest
Running org.sonar.php.tree.impl.expression.MemberAccessTreeTest
Tests run: 2, Failures: 0, Errors: 0, Skipped: 0, Time elapsed: 0.008 sec - in org.sonar.php.tree.impl.expression.MemberAccessTreeTest
Running org.sonar.php.parser.statement.WhileStatementTest
Tests run: 1, Failures: 0, Errors: 0, Skipped: 0, Time elapsed: 0.123 sec - in org.sonar.php.parser.statement.WhileStatementTest
Running org.sonar.php.parser.expression.staticExpr.StaticScalarTest
Tests run: 1, Failures: 0, Errors: 0, Skipped: 0, Time elapsed: 0.001 sec - in org.sonar.php.parser.expression.staticExpr.StaticScalarTest
Running org.sonar.php.parser.declaration.MethodDeclarationTest
Tests run: 2, Failures: 0, Errors: 0, Skipped: 0, Time elapsed: 0.02 sec - in org.sonar.php.parser.declaration.MethodDeclarationTest
Running org.sonar.php.parser.lexical.HeredocTest
Tests run: 1, Failures: 0, Errors: 0, Skipped: 0, Time elapsed: 0 sec - in org.sonar.php.parser.lexical.HeredocTest
Running org.sonar.php.parser.statement.UnsetVariableStatementTest
Tests run: 1, Failures: 0, Errors: 0, Skipped: 0, Time elapsed: 0 sec - in org.sonar.php.parser.statement.UnsetVariableStatementTest
Running org.sonar.php.parser.expression.BitewiseAndExpressionTest
Tests run: 1, Failures: 0, Errors: 0, Skipped: 0, Time elapsed: 0.001 sec - in org.sonar.php.parser.expression.BitewiseAndExpressionTest
Running org.sonar.php.parser.declaration.VariableDeclarationTest
Tests run: 1, Failures: 0, Errors: 0, Skipped: 0, Time elapsed: 0.001 sec - in org.sonar.php.parser.declaration.VariableDeclarationTest
Running org.sonar.php.parser.statement.StaticVarListTest
Tests run: 1, Failures: 0, Errors: 0, Skipped: 0, Time elapsed: 0.002 sec - in org.sonar.php.parser.statement.StaticVarListTest
Running org.sonar.php.parser.expression.YieldExpressionTest
Tests run: 1, Failures: 0, Errors: 0, Skipped: 0, Time elapsed: 0.015 sec - in org.sonar.php.parser.expression.YieldExpressionTest
Running org.sonar.php.parser.expression.LexicalVarTest
Tests run: 1, Failures: 0, Errors: 0, Skipped: 0, Time elapsed: 0 sec - in org.sonar.php.parser.expression.LexicalVarTest
Running org.sonar.php.parser.statement.YieldStatementTest
Tests run: 1, Failures: 0, Errors: 0, Skipped: 0, Time elapsed: 0.001 sec - in org.sonar.php.parser.statement.YieldStatementTest
Running org.sonar.php.parser.expression.VariableTest
Tests run: 1, Failures: 0, Errors: 0, Skipped: 0, Time elapsed: 0.032 sec - in org.sonar.php.parser.expression.VariableTest
Running org.sonar.php.metrics.FileLinesVisitorTest
Tests run: 1, Failures: 0, Errors: 0, Skipped: 0, Time elapsed: 0.22 sec - in org.sonar.php.metrics.FileLinesVisitorTest
Running org.sonar.php.parser.statement.TraitMethodReferenceFullyQualifiedTest
Tests run: 1, Failures: 0, Errors: 0, Skipped: 0, Time elapsed: 0.001 sec - in org.sonar.php.parser.statement.TraitMethodReferenceFullyQualifiedTest
Running org.sonar.php.parser.expression.PostfixExprTest
Tests run: 1, Failures: 0, Errors: 0, Skipped: 0, Time elapsed: 0.001 sec - in org.sonar.php.parser.expression.PostfixExprTest
Running org.sonar.php.parser.lexical.InlineHtmlTest
Tests run: 1, Failures: 0, Errors: 0, Skipped: 0, Time elapsed: 0.001 sec - in org.sonar.php.parser.lexical.InlineHtmlTest
Running org.sonar.php.parser.expression.BooleanLiteralTest
Tests run: 1, Failures: 0, Errors: 0, Skipped: 0, Time elapsed: 0 sec - in org.sonar.php.parser.expression.BooleanLiteralTest
Running org.sonar.php.parser.declaration.InterfaceDeclarationTest
Tests run: 1, Failures: 0, Errors: 0, Skipped: 0, Time elapsed: 0.001 sec - in org.sonar.php.parser.declaration.InterfaceDeclarationTest
Running org.sonar.php.parser.lexical.RegularStringLiteralTest
Tests run: 2, Failures: 0, Errors: 0, Skipped: 0, Time elapsed: 0.003 sec - in org.sonar.php.parser.lexical.RegularStringLiteralTest
Running org.sonar.php.parser.expression.MultiplicativeExpressionTest
Tests run: 1, Failures: 0, Errors: 0, Skipped: 0, Time elapsed: 0 sec - in org.sonar.php.parser.expression.MultiplicativeExpressionTest
Running org.sonar.php.tree.impl.expression.SpreadArgumentTreeTest
Tests run: 1, Failures: 0, Errors: 0, Skipped: 0, Time elapsed: 0.004 sec - in org.sonar.php.tree.impl.expression.SpreadArgumentTreeTest
Running org.sonar.php.parser.expression.FunctionCallParameterListTest
Tests run: 1, Failures: 0, Errors: 0, Skipped: 0, Time elapsed: 0.003 sec - in org.sonar.php.parser.expression.FunctionCallParameterListTest
Running org.sonar.php.tree.impl.statement.IfStatementTreeTest
Tests run: 4, Failures: 0, Errors: 0, Skipped: 0, Time elapsed: 0.01 sec - in org.sonar.php.tree.impl.statement.IfStatementTreeTest
Running org.sonar.php.tree.impl.statement.ForStatementTreeTest
Tests run: 2, Failures: 0, Errors: 0, Skipped: 0, Time elapsed: 0.005 sec - in org.sonar.php.tree.impl.statement.ForStatementTreeTest
Running org.sonar.php.tree.impl.declaration.NamespaceNameTreeTest
Tests run: 3, Failures: 0, Errors: 0, Skipped: 0, Time elapsed: 0.018 sec - in org.sonar.php.tree.impl.declaration.NamespaceNameTreeTest
Running org.sonar.php.parser.statement.TraitMethodReferenceTest
Tests run: 1, Failures: 0, Errors: 0, Skipped: 0, Time elapsed: 0.001 sec - in org.sonar.php.parser.statement.TraitMethodReferenceTest
Running org.sonar.php.parser.expression.ArrayPairTest
Tests run: 1, Failures: 0, Errors: 0, Skipped: 0, Time elapsed: 0 sec - in org.sonar.php.parser.expression.ArrayPairTest
Running org.sonar.php.parser.statement.TraitPrecedenceTest
Tests run: 1, Failures: 0, Errors: 0, Skipped: 0, Time elapsed: 0 sec - in org.sonar.php.parser.statement.TraitPrecedenceTest
Running org.sonar.php.parser.statement.GotoStatementTest
Tests run: 1, Failures: 0, Errors: 0, Skipped: 0, Time elapsed: 0 sec - in org.sonar.php.parser.statement.GotoStatementTest
Running org.sonar.php.parser.expression.EqualityExpressionTest
Tests run: 1, Failures: 0, Errors: 0, Skipped: 0, Time elapsed: 0 sec - in org.sonar.php.parser.expression.EqualityExpressionTest
Running org.sonar.php.tree.impl.expression.LiteralTreeTest
Tests run: 6, Failures: 0, Errors: 0, Skipped: 0, Time elapsed: 0.004 sec - in org.sonar.php.tree.impl.expression.LiteralTreeTest
Running org.sonar.php.parser.declaration.ParameterListTest
Tests run: 1, Failures: 0, Errors: 0, Skipped: 0, Time elapsed: 0.001 sec - in org.sonar.php.parser.declaration.ParameterListTest
Running org.sonar.php.parser.expression.BitewiseXorExpressionTest
Tests run: 1, Failures: 0, Errors: 0, Skipped: 0, Time elapsed: 0.001 sec - in org.sonar.php.parser.expression.BitewiseXorExpressionTest
Running org.sonar.php.tree.impl.statement.ForEachStatementTreeTest
Tests run: 3, Failures: 0, Errors: 0, Skipped: 0, Time elapsed: 0.007 sec - in org.sonar.php.tree.impl.statement.ForEachStatementTreeTest
Running org.sonar.php.parser.declaration.UseFunctionDeclarationTest
Tests run: 1, Failures: 0, Errors: 0, Skipped: 0, Time elapsed: 0.002 sec - in org.sonar.php.parser.declaration.UseFunctionDeclarationTest
Running org.sonar.php.parser.expression.PrimaryExpressionTest
Tests run: 1, Failures: 0, Errors: 0, Skipped: 0, Time elapsed: 0.003 sec - in org.sonar.php.parser.expression.PrimaryExpressionTest
Running org.sonar.php.parser.expression.DimensionalOffsetTest
Tests run: 1, Failures: 0, Errors: 0, Skipped: 0, Time elapsed: 0.002 sec - in org.sonar.php.parser.expression.DimensionalOffsetTest
Running org.sonar.php.parser.expression.ListASsignmentExpressionTest
Tests run: 1, Failures: 0, Errors: 0, Skipped: 0, Time elapsed: 0.002 sec - in org.sonar.php.parser.expression.ListASsignmentExpressionTest
Running org.sonar.php.parser.statement.ReturnStatementTest
Tests run: 1, Failures: 0, Errors: 0, Skipped: 0, Time elapsed: 0.002 sec - in org.sonar.php.parser.statement.ReturnStatementTest
Running org.sonar.php.parser.expression.ClassNameTest
Tests run: 1, Failures: 0, Errors: 0, Skipped: 0, Time elapsed: 0.001 sec - in org.sonar.php.parser.expression.ClassNameTest
Running org.sonar.php.parser.lexical.EncapsStringLiteralTest
Tests run: 1, Failures: 0, Errors: 0, Skipped: 0, Time elapsed: 0.003 sec - in org.sonar.php.parser.lexical.EncapsStringLiteralTest
Running org.sonar.php.parser.statement.TraitAliasTest
Tests run: 1, Failures: 0, Errors: 0, Skipped: 0, Time elapsed: 0.002 sec - in org.sonar.php.parser.statement.TraitAliasTest
Running org.sonar.php.parser.expression.LexicalVarsTest
Tests run: 1, Failures: 0, Errors: 0, Skipped: 0, Time elapsed: 0.002 sec - in org.sonar.php.parser.expression.LexicalVarsTest
Running org.sonar.php.tree.impl.expression.ComputedVariableTreeTest
Tests run: 1, Failures: 0, Errors: 0, Skipped: 0, Time elapsed: 0.002 sec - in org.sonar.php.tree.impl.expression.ComputedVariableTreeTest
Running org.sonar.php.parser.expression.StaticMemberAccessTest
Tests run: 1, Failures: 0, Errors: 0, Skipped: 1, Time elapsed: 0.001 sec - in org.sonar.php.parser.expression.StaticMemberAccessTest
Running org.sonar.php.tree.impl.statement.GotoStatementTreeTest
Tests run: 1, Failures: 0, Errors: 0, Skipped: 0, Time elapsed: 0.002 sec - in org.sonar.php.tree.impl.statement.GotoStatementTreeTest
Running org.sonar.php.tree.impl.expression.FunctionCallTreeTest
Tests run: 2, Failures: 0, Errors: 0, Skipped: 0, Time elapsed: 0.005 sec - in org.sonar.php.tree.impl.expression.FunctionCallTreeTest
Running org.sonar.php.parser.statement.TraitAdaptationsTest
Tests run: 1, Failures: 0, Errors: 0, Skipped: 0, Time elapsed: 0.002 sec - in org.sonar.php.parser.statement.TraitAdaptationsTest
Running org.sonar.php.tree.impl.expression.VariableVariableTreeTest
Tests run: 2, Failures: 0, Errors: 0, Skipped: 0, Time elapsed: 0.005 sec - in org.sonar.php.tree.impl.expression.VariableVariableTreeTest
Running org.sonar.php.parser.statement.ClassStatementTest
Tests run: 1, Failures: 0, Errors: 0, Skipped: 0, Time elapsed: 0.003 sec - in org.sonar.php.parser.statement.ClassStatementTest
Running org.sonar.php.parser.expression.SemiComplexEncapsVariableTest
Tests run: 1, Failures: 0, Errors: 0, Skipped: 1, Time elapsed: 0.001 sec - in org.sonar.php.parser.expression.SemiComplexEncapsVariableTest
Running org.sonar.php.parser.statement.QualifiedNameTest
Tests run: 1, Failures: 0, Errors: 0, Skipped: 0, Time elapsed: 0.002 sec - in org.sonar.php.parser.statement.QualifiedNameTest
Running org.sonar.php.parser.declaration.FunctionDeclarationTest
Tests run: 1, Failures: 0, Errors: 0, Skipped: 0, Time elapsed: 0.002 sec - in org.sonar.php.parser.declaration.FunctionDeclarationTest
Running org.sonar.php.parser.declaration.ClassConstDeclarationTest
Tests run: 1, Failures: 0, Errors: 0, Skipped: 0, Time elapsed: 0.002 sec - in org.sonar.php.parser.declaration.ClassConstDeclarationTest
Running org.sonar.php.parser.declaration.VariableModifiersTest
Tests run: 1, Failures: 0, Errors: 0, Skipped: 0, Time elapsed: 0.001 sec - in org.sonar.php.parser.declaration.VariableModifiersTest
Running org.sonar.php.tree.impl.expression.ReferenceVariableTreeTest
Tests run: 1, Failures: 0, Errors: 0, Skipped: 0, Time elapsed: 0.002 sec - in org.sonar.php.tree.impl.expression.ReferenceVariableTreeTest
Running org.sonar.php.parser.expression.ConcatenationExpressionTest
Tests run: 1, Failures: 0, Errors: 0, Skipped: 0, Time elapsed: 0.001 sec - in org.sonar.php.parser.expression.ConcatenationExpressionTest
Running org.sonar.php.parser.expression.ObjectMemberAccessTest
Tests run: 1, Failures: 0, Errors: 0, Skipped: 1, Time elapsed: 0 sec - in org.sonar.php.parser.expression.ObjectMemberAccessTest
Running org.sonar.php.parser.statement.NamespaceNameTest
Tests run: 1, Failures: 0, Errors: 0, Skipped: 0, Time elapsed: 0.003 sec - in org.sonar.php.parser.statement.NamespaceNameTest
Running org.sonar.php.parser.statement.TryStatementTest
Tests run: 1, Failures: 0, Errors: 0, Skipped: 0, Time elapsed: 0.003 sec - in org.sonar.php.parser.statement.TryStatementTest
Running org.sonar.php.parser.declaration.ConstantDeclarationTest
Tests run: 1, Failures: 0, Errors: 0, Skipped: 0, Time elapsed: 0.001 sec - in org.sonar.php.parser.declaration.ConstantDeclarationTest
Running org.sonar.php.tree.impl.expression.CompoundVariableTreeTest
Tests run: 1, Failures: 0, Errors: 0, Skipped: 0, Time elapsed: 0.001 sec - in org.sonar.php.tree.impl.expression.CompoundVariableTreeTest
Running org.sonar.php.parser.KeywordTest
Tests run: 2, Failures: 0, Errors: 0, Skipped: 0, Time elapsed: 0.005 sec - in org.sonar.php.parser.KeywordTest
Running org.sonar.php.parser.expression.EncapsListTest
Tests run: 1, Failures: 0, Errors: 0, Skipped: 0, Time elapsed: 0.002 sec - in org.sonar.php.parser.expression.EncapsListTest
Running org.sonar.php.parser.declaration.UseDeclarationTest
Tests run: 1, Failures: 0, Errors: 0, Skipped: 0, Time elapsed: 0.001 sec - in org.sonar.php.parser.declaration.UseDeclarationTest
Running org.sonar.php.parser.statement.ContinueStatementTest
Tests run: 1, Failures: 0, Errors: 0, Skipped: 0, Time elapsed: 0.002 sec - in org.sonar.php.parser.statement.ContinueStatementTest
Running org.sonar.php.parser.statement.ForeachStatementTest
Tests run: 1, Failures: 0, Errors: 0, Skipped: 0, Time elapsed: 0.005 sec - in org.sonar.php.parser.statement.ForeachStatementTest
Running org.sonar.php.parser.statement.ForStatementTest
Tests run: 1, Failures: 0, Errors: 0, Skipped: 0, Time elapsed: 0.005 sec - in org.sonar.php.parser.statement.ForStatementTest
Running org.sonar.php.parser.statement.TraitAdaptationStatementTest
Tests run: 1, Failures: 0, Errors: 0, Skipped: 0, Time elapsed: 0.002 sec - in org.sonar.php.parser.statement.TraitAdaptationStatementTest
Running org.sonar.php.parser.declaration.UseDeclarationsTest
Tests run: 1, Failures: 0, Errors: 0, Skipped: 0, Time elapsed: 0.002 sec - in org.sonar.php.parser.declaration.UseDeclarationsTest
Running org.sonar.php.tree.impl.statement.WhileStatementTreeTest
Tests run: 2, Failures: 0, Errors: 0, Skipped: 0, Time elapsed: 0.005 sec - in org.sonar.php.tree.impl.statement.WhileStatementTreeTest
Running org.sonar.php.parser.statement.UseStatementTest
Tests run: 1, Failures: 0, Errors: 0, Skipped: 0, Time elapsed: 0.002 sec - in org.sonar.php.parser.statement.UseStatementTest
Running org.sonar.php.tree.impl.statement.EmptyStatementTreeTest
Tests run: 1, Failures: 0, Errors: 0, Skipped: 0, Time elapsed: 0.002 sec - in org.sonar.php.tree.impl.statement.EmptyStatementTreeTest
Running org.sonar.php.parser.expression.ShiftExpressionTest
Tests run: 1, Failures: 0, Errors: 0, Skipped: 0, Time elapsed: 0.002 sec - in org.sonar.php.parser.expression.ShiftExpressionTest
Running org.sonar.php.parser.expression.CombinedScalarTest
Tests run: 1, Failures: 0, Errors: 0, Skipped: 0, Time elapsed: 0.002 sec - in org.sonar.php.parser.expression.CombinedScalarTest
Running org.sonar.php.parser.statement.BlockTest
Tests run: 1, Failures: 0, Errors: 0, Skipped: 0, Time elapsed: 0.002 sec - in org.sonar.php.parser.statement.BlockTest
Running org.sonar.php.parser.expression.AssignmentExprTest
Tests run: 1, Failures: 0, Errors: 0, Skipped: 0, Time elapsed: 0.006 sec - in org.sonar.php.parser.expression.AssignmentExprTest
Running org.sonar.php.parser.statement.EmptyStatementTest
Tests run: 1, Failures: 0, Errors: 0, Skipped: 0, Time elapsed: 0.001 sec - in org.sonar.php.parser.statement.EmptyStatementTest
Running org.sonar.php.parser.CompilationUnitTest
Tests run: 1, Failures: 0, Errors: 0, Skipped: 0, Time elapsed: 0.005 sec - in org.sonar.php.parser.CompilationUnitTest
Running org.sonar.php.parser.statement.HaltCompilerStatementTest
Tests run: 1, Failures: 0, Errors: 0, Skipped: 0, Time elapsed: 0.002 sec - in org.sonar.php.parser.statement.HaltCompilerStatementTest
Running org.sonar.php.parser.lexical.IdentifierTest
Tests run: 1, Failures: 0, Errors: 0, Skipped: 0, Time elapsed: 0.002 sec - in org.sonar.php.parser.lexical.IdentifierTest
Running org.sonar.php.parser.declaration.ClassDeclarationTest
Tests run: 1, Failures: 0, Errors: 0, Skipped: 0, Time elapsed: 0.006 sec - in org.sonar.php.parser.declaration.ClassDeclarationTest
Running org.sonar.php.tree.impl.expression.YieldExpressionTreeTest
Tests run: 2, Failures: 0, Errors: 0, Skipped: 0, Time elapsed: 0.003 sec - in org.sonar.php.tree.impl.expression.YieldExpressionTreeTest
Running org.sonar.php.parser.statement.DeclareStatementTest
Tests run: 1, Failures: 0, Errors: 0, Skipped: 0, Time elapsed: 0.001 sec - in org.sonar.php.parser.statement.DeclareStatementTest
Running org.sonar.php.tree.impl.statement.SwitchClauseTreeTest
Tests run: 2, Failures: 0, Errors: 0, Skipped: 0, Time elapsed: 0.005 sec - in org.sonar.php.tree.impl.statement.SwitchClauseTreeTest
Running org.sonar.php.parser.statement.DoWhileStatementTest
Tests run: 1, Failures: 0, Errors: 0, Skipped: 0, Time elapsed: 0.002 sec - in org.sonar.php.parser.statement.DoWhileStatementTest
Running org.sonar.php.tree.impl.statement.ReturnStatementTreeTest
Tests run: 2, Failures: 0, Errors: 0, Skipped: 0, Time elapsed: 0.004 sec - in org.sonar.php.tree.impl.statement.ReturnStatementTreeTest
Running org.sonar.php.parser.statement.EchoStatementTest
Tests run: 1, Failures: 0, Errors: 0, Skipped: 0, Time elapsed: 0.002 sec - in org.sonar.php.parser.statement.EchoStatementTest
Running org.sonar.php.parser.statement.SwitchCaseClauseTest
Tests run: 1, Failures: 0, Errors: 0, Skipped: 0, Time elapsed: 0.003 sec - in org.sonar.php.parser.statement.SwitchCaseClauseTest
Running org.sonar.php.parser.expression.ListExpressionTest
Tests run: 1, Failures: 0, Errors: 0, Skipped: 0, Time elapsed: 0.003 sec - in org.sonar.php.parser.expression.ListExpressionTest
Running org.sonar.php.parser.expression.SimpleEncapsVariableTest
Tests run: 3, Failures: 0, Errors: 0, Skipped: 0, Time elapsed: 0.007 sec - in org.sonar.php.parser.expression.SimpleEncapsVariableTest
Running org.sonar.php.parser.statement.GlobalStatementTest
Tests run: 1, Failures: 0, Errors: 0, Skipped: 0, Time elapsed: 0.002 sec - in org.sonar.php.parser.statement.GlobalStatementTest
Running org.sonar.php.parser.expression.ExpandableStringLiteralTest
Tests run: 2, Failures: 0, Errors: 0, Skipped: 1, Time elapsed: 0.002 sec - in org.sonar.php.parser.expression.ExpandableStringLiteralTest
Running org.sonar.php.parser.statement.GlobalVarListTest
Tests run: 1, Failures: 0, Errors: 0, Skipped: 0, Time elapsed: 0.002 sec - in org.sonar.php.parser.statement.GlobalVarListTest

Results :




Tests run: 205, Failures: 0, Errors: 0, Skipped: 8

[INFO] 
[INFO] --- maven-jar-plugin:2.5:jar (default-jar) @ php-frontend ---
[INFO] Building jar: /home/travis/build/SonarCommunity/sonar-php/php-frontend/target/php-frontend-2.7-SNAPSHOT.jar
[INFO] 
[INFO] --- animal-sniffer-maven-plugin:1.13:check (enforce-java-api-compatibility) @ php-frontend ---
[INFO] Checking unresolved references to org.codehaus.mojo.signature:java17:1.0
[INFO] 
[INFO] --- maven-source-plugin:2.4:jar-no-fork (attach-sources) @ php-frontend ---
[INFO] Building jar: /home/travis/build/SonarCommunity/sonar-php/php-frontend/target/php-frontend-2.7-SNAPSHOT-sources.jar
[INFO]                                                                         
[INFO] ------------------------------------------------------------------------
[INFO] Building PHP :: Checks 2.7-SNAPSHOT
[INFO] ------------------------------------------------------------------------
[INFO] 
[INFO] --- buildnumber-maven-plugin:1.3:create (default) @ php-checks ---
[INFO] 
[INFO] --- maven-enforcer-plugin:1.3.1:enforce (enforce) @ php-checks ---
[INFO] 
[INFO] --- maven-license-plugin:1.10.b1:check (enforce-license-headers) @ php-checks ---
[INFO] Checking licenses...
[INFO] 
[INFO] --- maven-resources-plugin:2.7:resources (default-resources) @ php-checks ---
[INFO] Using 'UTF-8' encoding to copy filtered resources.
[INFO] Copying 109 resources
[INFO] 
[INFO] --- maven-compiler-plugin:3.2:compile (default-compile) @ php-checks ---
[INFO] Changes detected - recompiling the module!
[INFO] Compiling 125 source files to /home/travis/build/SonarCommunity/sonar-php/php-checks/target/classes
[INFO] /home/travis/build/SonarCommunity/sonar-php/php-checks/src/main/java/org/sonar/php/checks/TabCharacterCheck.java: Some input files use or override a deprecated API.
[INFO] /home/travis/build/SonarCommunity/sonar-php/php-checks/src/main/java/org/sonar/php/checks/TabCharacterCheck.java: Recompile with -Xlint:deprecation for details.
[INFO] 
[INFO] --- maven-resources-plugin:2.7:testResources (default-testResources) @ php-checks ---
[INFO] Using 'UTF-8' encoding to copy filtered resources.
[INFO] Copying 138 resources
[INFO] 
[INFO] --- maven-compiler-plugin:3.2:testCompile (default-testCompile) @ php-checks ---
[INFO] Changes detected - recompiling the module!
[INFO] Compiling 118 source files to /home/travis/build/SonarCommunity/sonar-php/php-checks/target/test-classes
[INFO] /home/travis/build/SonarCommunity/sonar-php/php-checks/src/test/java/org/sonar/php/checks/TrailingWhitespaceCheckTest.java: Some input files use unchecked or unsafe operations.
[INFO] /home/travis/build/SonarCommunity/sonar-php/php-checks/src/test/java/org/sonar/php/checks/TrailingWhitespaceCheckTest.java: Recompile with -Xlint:unchecked for details.
[INFO] 
[INFO] --- maven-surefire-plugin:2.18:test (default-test) @ php-checks ---
[INFO] Surefire report directory: /home/travis/build/SonarCommunity/sonar-php/php-checks/target/surefire-reports

-------------------------------------------------------
 T E S T S
-------------------------------------------------------
Running org.sonar.php.checks.UselessObjectCreationCheckTest
Tests run: 1, Failures: 0, Errors: 0, Skipped: 0, Time elapsed: 0.291 sec - in org.sonar.php.checks.UselessObjectCreationCheckTest
Running org.sonar.php.checks.UnusedPrivateMethodCheckTest
Tests run: 1, Failures: 0, Errors: 0, Skipped: 0, Time elapsed: 0.055 sec - in org.sonar.php.checks.UnusedPrivateMethodCheckTest
Running org.sonar.php.checks.LeftCurlyBraceEndsLineCheckTest
Tests run: 1, Failures: 0, Errors: 0, Skipped: 0, Time elapsed: 0.03 sec - in org.sonar.php.checks.LeftCurlyBraceEndsLineCheckTest
Running org.sonar.php.checks.FunctionComplexityCheckTest
Tests run: 2, Failures: 0, Errors: 0, Skipped: 0, Time elapsed: 0.095 sec - in org.sonar.php.checks.FunctionComplexityCheckTest
Running org.sonar.php.checks.FileHeaderCheckTest
Tests run: 1, Failures: 0, Errors: 0, Skipped: 0, Time elapsed: 0.202 sec - in org.sonar.php.checks.FileHeaderCheckTest
Running org.sonar.php.checks.ArgumentWithDefaultValueNotLastCheckTest
Tests run: 1, Failures: 0, Errors: 0, Skipped: 0, Time elapsed: 0 sec - in org.sonar.php.checks.ArgumentWithDefaultValueNotLastCheckTest
Running org.sonar.php.checks.NonEmptyCaseWithoutBreakCheckTest
Tests run: 1, Failures: 0, Errors: 0, Skipped: 0, Time elapsed: 0.021 sec - in org.sonar.php.checks.NonEmptyCaseWithoutBreakCheckTest
Running org.sonar.php.checks.FixmeTagPresenceCheckTest
Tests run: 1, Failures: 0, Errors: 0, Skipped: 0, Time elapsed: 0.008 sec - in org.sonar.php.checks.FixmeTagPresenceCheckTest
Running org.sonar.php.checks.formatting.NamespaceAndUseStatementCheckTest
Tests run: 2, Failures: 0, Errors: 0, Skipped: 0, Time elapsed: 0.023 sec - in org.sonar.php.checks.formatting.NamespaceAndUseStatementCheckTest
Running org.sonar.php.checks.MissingMethodVisibilityCheckTest
Tests run: 1, Failures: 0, Errors: 0, Skipped: 0, Time elapsed: 0.01 sec - in org.sonar.php.checks.MissingMethodVisibilityCheckTest
Running org.sonar.php.checks.FunctionNameCheckTest
Tests run: 2, Failures: 0, Errors: 0, Skipped: 0, Time elapsed: 0.084 sec - in org.sonar.php.checks.FunctionNameCheckTest
Running org.sonar.php.checks.IncrementDecrementInSubExpressionCheckTest
Tests run: 1, Failures: 0, Errors: 0, Skipped: 0, Time elapsed: 0.008 sec - in org.sonar.php.checks.IncrementDecrementInSubExpressionCheckTest
Running org.sonar.php.checks.NestedFunctionDepthCheckTest
Tests run: 2, Failures: 0, Errors: 0, Skipped: 0, Time elapsed: 0.013 sec - in org.sonar.php.checks.NestedFunctionDepthCheckTest
Running org.sonar.php.checks.ForHidingWhileCheckTest
Tests run: 1, Failures: 0, Errors: 0, Skipped: 0, Time elapsed: 0.013 sec - in org.sonar.php.checks.ForHidingWhileCheckTest
Running org.sonar.php.checks.PHP5DeprecatedFunctionUsageCheckTest
Tests run: 1, Failures: 0, Errors: 0, Skipped: 0, Time elapsed: 0.019 sec - in org.sonar.php.checks.PHP5DeprecatedFunctionUsageCheckTest
Running org.sonar.php.checks.TodoTagPresenceCheckTest
Tests run: 1, Failures: 0, Errors: 0, Skipped: 0, Time elapsed: 0.015 sec - in org.sonar.php.checks.TodoTagPresenceCheckTest
Running org.sonar.php.checks.SwitchWithoutDefaultCheckTest
Tests run: 1, Failures: 0, Errors: 0, Skipped: 0, Time elapsed: 0.007 sec - in org.sonar.php.checks.SwitchWithoutDefaultCheckTest
Running org.sonar.php.checks.ElseIfSequenceKeywordUsageCheckTest
Tests run: 1, Failures: 0, Errors: 0, Skipped: 0, Time elapsed: 0.007 sec - in org.sonar.php.checks.ElseIfSequenceKeywordUsageCheckTest
Running org.sonar.php.checks.LineLengthCheckTest
Tests run: 2, Failures: 0, Errors: 0, Skipped: 0, Time elapsed: 0.026 sec - in org.sonar.php.checks.LineLengthCheckTest
Running org.sonar.php.checks.ConcatenatedStringLiteralCheckTest
Tests run: 1, Failures: 0, Errors: 0, Skipped: 0, Time elapsed: 0.007 sec - in org.sonar.php.checks.ConcatenatedStringLiteralCheckTest
Running org.sonar.php.checks.StringLiteralDuplicatedCheckTest
Tests run: 2, Failures: 0, Errors: 0, Skipped: 0, Time elapsed: 0.022 sec - in org.sonar.php.checks.StringLiteralDuplicatedCheckTest
Running org.sonar.php.checks.MissingNewLineAtEOFCheckTest
Tests run: 3, Failures: 0, Errors: 0, Skipped: 0, Time elapsed: 0.02 sec - in org.sonar.php.checks.MissingNewLineAtEOFCheckTest
Running org.sonar.php.checks.VariableVariablesCheckTest
Tests run: 1, Failures: 0, Errors: 0, Skipped: 0, Time elapsed: 0.004 sec - in org.sonar.php.checks.VariableVariablesCheckTest
Running org.sonar.php.checks.OpeningPHPTagCheckTest
Tests run: 4, Failures: 0, Errors: 0, Skipped: 0, Time elapsed: 0.036 sec - in org.sonar.php.checks.OpeningPHPTagCheckTest
Running org.sonar.php.checks.ConstantNameCheckTest
Tests run: 2, Failures: 0, Errors: 0, Skipped: 0, Time elapsed: 0.016 sec - in org.sonar.php.checks.ConstantNameCheckTest
Running org.sonar.php.checks.TooManyFunctionParametersCheckTest
Tests run: 2, Failures: 0, Errors: 0, Skipped: 0, Time elapsed: 0.053 sec - in org.sonar.php.checks.TooManyFunctionParametersCheckTest
Running org.sonar.php.checks.AlwaysUseCurlyBracesCheckTest
Tests run: 1, Failures: 0, Errors: 0, Skipped: 0, Time elapsed: 0.019 sec - in org.sonar.php.checks.AlwaysUseCurlyBracesCheckTest
Running org.sonar.php.checks.SwitchCaseTooBigCheckTest
Tests run: 2, Failures: 0, Errors: 0, Skipped: 0, Time elapsed: 0.023 sec - in org.sonar.php.checks.SwitchCaseTooBigCheckTest
Running org.sonar.php.checks.InlineHTMLInFileCheckTest
Tests run: 3, Failures: 0, Errors: 0, Skipped: 0, Time elapsed: 0.006 sec - in org.sonar.php.checks.InlineHTMLInFileCheckTest
Running org.sonar.php.checks.ExpressionComplexityCheckTest
Tests run: 2, Failures: 0, Errors: 0, Skipped: 0, Time elapsed: 0.025 sec - in org.sonar.php.checks.ExpressionComplexityCheckTest
Running org.sonar.php.checks.CodeFollowingJumpStatementCheckTest
Tests run: 1, Failures: 0, Errors: 0, Skipped: 0, Time elapsed: 0.009 sec - in org.sonar.php.checks.CodeFollowingJumpStatementCheckTest
Running org.sonar.php.checks.ClassNameCheckTest
Tests run: 2, Failures: 0, Errors: 0, Skipped: 0, Time elapsed: 0.007 sec - in org.sonar.php.checks.ClassNameCheckTest
Running org.sonar.php.checks.DeprecatedPredefinedVariablesUseCheckTest
Tests run: 1, Failures: 0, Errors: 0, Skipped: 0, Time elapsed: 0.006 sec - in org.sonar.php.checks.DeprecatedPredefinedVariablesUseCheckTest
Running org.sonar.php.checks.BooleanEqualityComparisonCheckTest
Tests run: 1, Failures: 0, Errors: 0, Skipped: 0, Time elapsed: 0.009 sec - in org.sonar.php.checks.BooleanEqualityComparisonCheckTest
Running org.sonar.php.checks.AtLeastThreeCasesInSwitchCheckTest
Tests run: 1, Failures: 0, Errors: 0, Skipped: 0, Time elapsed: 0.008 sec - in org.sonar.php.checks.AtLeastThreeCasesInSwitchCheckTest
Running org.sonar.php.checks.FunctionDefineOutsideClassCheckTest
Tests run: 1, Failures: 0, Errors: 0, Skipped: 0, Time elapsed: 0.007 sec - in org.sonar.php.checks.FunctionDefineOutsideClassCheckTest
Running org.sonar.php.checks.ConstructorDeclarationCheckTest
Tests run: 1, Failures: 0, Errors: 0, Skipped: 0, Time elapsed: 0.006 sec - in org.sonar.php.checks.ConstructorDeclarationCheckTest
Running org.sonar.php.checks.DuplicatedFunctionArgumentCheckTest
Tests run: 1, Failures: 0, Errors: 0, Skipped: 0, Time elapsed: 0.005 sec - in org.sonar.php.checks.DuplicatedFunctionArgumentCheckTest
Running org.sonar.php.checks.VarKeywordUsageCheckTest
Tests run: 1, Failures: 0, Errors: 0, Skipped: 0, Time elapsed: 0.004 sec - in org.sonar.php.checks.VarKeywordUsageCheckTest
Running org.sonar.php.checks.TooManyLinesInClassCheckTest
Tests run: 2, Failures: 0, Errors: 0, Skipped: 0, Time elapsed: 0.006 sec - in org.sonar.php.checks.TooManyLinesInClassCheckTest
Running org.sonar.php.checks.formatting.ControlStructureSpacingTest
Tests run: 2, Failures: 0, Errors: 0, Skipped: 0, Time elapsed: 0.013 sec - in org.sonar.php.checks.formatting.ControlStructureSpacingTest
Running org.sonar.php.checks.LowerCaseColorCheckTest
Tests run: 1, Failures: 0, Errors: 0, Skipped: 0, Time elapsed: 0.003 sec - in org.sonar.php.checks.LowerCaseColorCheckTest
Running org.sonar.php.checks.FileNameCheckTest
Tests run: 4, Failures: 0, Errors: 0, Skipped: 0, Time elapsed: 0.009 sec - in org.sonar.php.checks.FileNameCheckTest
Running org.sonar.php.checks.ReferenceInFunctionCallCheckTest
Tests run: 1, Failures: 0, Errors: 0, Skipped: 0, Time elapsed: 0.016 sec - in org.sonar.php.checks.ReferenceInFunctionCallCheckTest
Running org.sonar.php.checks.ForLoopCounterChangedCheckTest
Tests run: 1, Failures: 0, Errors: 0, Skipped: 0, Time elapsed: 0.005 sec - in org.sonar.php.checks.ForLoopCounterChangedCheckTest
Running org.sonar.php.checks.SelfAssignmentCheckTest
Tests run: 1, Failures: 0, Errors: 0, Skipped: 0, Time elapsed: 0.005 sec - in org.sonar.php.checks.SelfAssignmentCheckTest
Running org.sonar.php.checks.ReturnOfBooleanExpressionCheckTest
Tests run: 1, Failures: 0, Errors: 0, Skipped: 0, Time elapsed: 0.01 sec - in org.sonar.php.checks.ReturnOfBooleanExpressionCheckTest
Running org.sonar.php.checks.EmptyStatementCheckTest
Tests run: 1, Failures: 0, Errors: 0, Skipped: 0, Time elapsed: 0.022 sec - in org.sonar.php.checks.EmptyStatementCheckTest
Running org.sonar.php.checks.GenericExceptionCheckTest
Tests run: 6, Failures: 0, Errors: 0, Skipped: 0, Time elapsed: 0.024 sec - in org.sonar.php.checks.GenericExceptionCheckTest
Running org.sonar.php.checks.MethodNameReturningBooleanCheckTest
Tests run: 1, Failures: 0, Errors: 0, Skipped: 0, Time elapsed: 0.007 sec - in org.sonar.php.checks.MethodNameReturningBooleanCheckTest
Running org.sonar.php.checks.LeftCurlyBraceStartsLineCheckTest
Tests run: 1, Failures: 0, Errors: 0, Skipped: 0, Time elapsed: 0 sec - in org.sonar.php.checks.LeftCurlyBraceStartsLineCheckTest
Running org.sonar.php.checks.TooManyLinesInFunctionCheckTest
Tests run: 2, Failures: 0, Errors: 0, Skipped: 0, Time elapsed: 0.003 sec - in org.sonar.php.checks.TooManyLinesInFunctionCheckTest
Running org.sonar.php.checks.PerlStyleCommentsUsageCheckTest
Tests run: 1, Failures: 0, Errors: 0, Skipped: 0, Time elapsed: 0.001 sec - in org.sonar.php.checks.PerlStyleCommentsUsageCheckTest
Running org.sonar.php.checks.TrailingWhitespaceCheckTest
Tests run: 1, Failures: 0, Errors: 0, Skipped: 0, Time elapsed: 0.003 sec - in org.sonar.php.checks.TrailingWhitespaceCheckTest
Running org.sonar.php.checks.IdenticalOperandsInBinaryExpressionCheckTest
Tests run: 1, Failures: 0, Errors: 0, Skipped: 0, Time elapsed: 0.009 sec - in org.sonar.php.checks.IdenticalOperandsInBinaryExpressionCheckTest
Running org.sonar.php.checks.EchoWithParenthesisCheckTest
Tests run: 1, Failures: 0, Errors: 0, Skipped: 0, Time elapsed: 0.003 sec - in org.sonar.php.checks.EchoWithParenthesisCheckTest
Running org.sonar.php.checks.formatting.PunctuatorSpacingCheckTest
Tests run: 2, Failures: 0, Errors: 0, Skipped: 0, Time elapsed: 0.009 sec - in org.sonar.php.checks.formatting.PunctuatorSpacingCheckTest
Running org.sonar.php.checks.formatting.IndentationCheckTest
Tests run: 2, Failures: 0, Errors: 0, Skipped: 0, Time elapsed: 0.015 sec - in org.sonar.php.checks.formatting.IndentationCheckTest
Running org.sonar.php.checks.HardCodedCredentialsCheckTest
Tests run: 1, Failures: 0, Errors: 0, Skipped: 0, Time elapsed: 0.019 sec - in org.sonar.php.checks.HardCodedCredentialsCheckTest
Running org.sonar.php.checks.CollapsibleIfStatementCheckTest
Tests run: 1, Failures: 0, Errors: 0, Skipped: 0, Time elapsed: 0.024 sec - in org.sonar.php.checks.CollapsibleIfStatementCheckTest
Running org.sonar.php.checks.PhpSapiNameFunctionUsageCheckTest
Tests run: 1, Failures: 0, Errors: 0, Skipped: 0, Time elapsed: 0.01 sec - in org.sonar.php.checks.PhpSapiNameFunctionUsageCheckTest
Running org.sonar.php.checks.TooManyReturnCheckTest
Tests run: 2, Failures: 0, Errors: 0, Skipped: 0, Time elapsed: 0.014 sec - in org.sonar.php.checks.TooManyReturnCheckTest
Running org.sonar.php.checks.UnusedFunctionParametersCheckTest
Tests run: 1, Failures: 0, Errors: 0, Skipped: 0, Time elapsed: 0.003 sec - in org.sonar.php.checks.UnusedFunctionParametersCheckTest
Running org.sonar.php.checks.DuplicateBranchImplementationCheckTest
Tests run: 1, Failures: 0, Errors: 0, Skipped: 0, Time elapsed: 0.008 sec - in org.sonar.php.checks.DuplicateBranchImplementationCheckTest
Running org.sonar.php.checks.RightCurlyBraceStartsLineCheckTest
Tests run: 1, Failures: 0, Errors: 0, Skipped: 0, Time elapsed: 0.008 sec - in org.sonar.php.checks.RightCurlyBraceStartsLineCheckTest
Running org.sonar.php.checks.LocalVariableShadowsClassFieldCheckTest
Tests run: 1, Failures: 0, Errors: 0, Skipped: 0, Time elapsed: 0.006 sec - in org.sonar.php.checks.LocalVariableShadowsClassFieldCheckTest
Running org.sonar.php.checks.TooManyFieldsInClassCheckTest
Tests run: 3, Failures: 0, Errors: 0, Skipped: 0, Time elapsed: 0.011 sec - in org.sonar.php.checks.TooManyFieldsInClassCheckTest
Running org.sonar.php.checks.GlobalKeywordAndArrayUsageCheckTest
Tests run: 1, Failures: 0, Errors: 0, Skipped: 0, Time elapsed: 0 sec - in org.sonar.php.checks.GlobalKeywordAndArrayUsageCheckTest
Running org.sonar.php.checks.TabCharacterCheckTest
Tests run: 1, Failures: 0, Errors: 0, Skipped: 0, Time elapsed: 0.002 sec - in org.sonar.php.checks.TabCharacterCheckTest
Running org.sonar.php.checks.formatting.ExtendsImplementsLineCheckTest
Tests run: 2, Failures: 0, Errors: 0, Skipped: 0, Time elapsed: 0.005 sec - in org.sonar.php.checks.formatting.ExtendsImplementsLineCheckTest
Running org.sonar.php.checks.CheckListTest
Tests run: 2, Failures: 0, Errors: 0, Skipped: 0, Time elapsed: 0.028 sec - in org.sonar.php.checks.CheckListTest
Running org.sonar.php.checks.CommentedOutCodeCheckTest
Tests run: 1, Failures: 0, Errors: 0, Skipped: 0, Time elapsed: 0.006 sec - in org.sonar.php.checks.CommentedOutCodeCheckTest
Running org.sonar.php.checks.GotoUseCheckTest
Tests run: 1, Failures: 0, Errors: 0, Skipped: 0, Time elapsed: 0.004 sec - in org.sonar.php.checks.GotoUseCheckTest
Running org.sonar.php.checks.UnusedPrivateFieldCheckTest
Tests run: 1, Failures: 0, Errors: 0, Skipped: 0, Time elapsed: 0.005 sec - in org.sonar.php.checks.UnusedPrivateFieldCheckTest
Running org.sonar.php.checks.CallParentConstructorCheckTest
Tests run: 1, Failures: 0, Errors: 0, Skipped: 0, Time elapsed: 0.009 sec - in org.sonar.php.checks.CallParentConstructorCheckTest
Running org.sonar.php.checks.LogicalWordOperatorUsageCheckTest
Tests run: 1, Failures: 0, Errors: 0, Skipped: 0, Time elapsed: 0 sec - in org.sonar.php.checks.LogicalWordOperatorUsageCheckTest
Running org.sonar.php.checks.TooManyMethodsInClassCheckTest
Tests run: 3, Failures: 0, Errors: 0, Skipped: 0, Time elapsed: 0.008 sec - in org.sonar.php.checks.TooManyMethodsInClassCheckTest
Running org.sonar.php.checks.CharacterBeforeOpeningPHPTagCheckTest
Tests run: 2, Failures: 0, Errors: 0, Skipped: 0, Time elapsed: 0.006 sec - in org.sonar.php.checks.CharacterBeforeOpeningPHPTagCheckTest
Running org.sonar.php.checks.UnusedLocalVariableCheckTest
Tests run: 1, Failures: 0, Errors: 0, Skipped: 0, Time elapsed: 0.026 sec - in org.sonar.php.checks.UnusedLocalVariableCheckTest
Running org.sonar.php.checks.OnePropertyDeclarationPerStatementCheckTest
Tests run: 1, Failures: 0, Errors: 0, Skipped: 0, Time elapsed: 0.001 sec - in org.sonar.php.checks.OnePropertyDeclarationPerStatementCheckTest
Running org.sonar.php.checks.SleepFunctionUsageCheckTest
Tests run: 1, Failures: 0, Errors: 0, Skipped: 0, Time elapsed: 0 sec - in org.sonar.php.checks.SleepFunctionUsageCheckTest
Running org.sonar.php.checks.LocalVariableAndParameterNameCheckTest
Tests run: 2, Failures: 0, Errors: 0, Skipped: 0, Time elapsed: 0.021 sec - in org.sonar.php.checks.LocalVariableAndParameterNameCheckTest
Running org.sonar.php.checks.ConstructorDependencyInversionCheckTest
Tests run: 1, Failures: 0, Errors: 0, Skipped: 0, Time elapsed: 0.003 sec - in org.sonar.php.checks.ConstructorDependencyInversionCheckTest
Running org.sonar.php.checks.KeywordsAndConstantsNotLowerCaseCheckTest
Tests run: 1, Failures: 0, Errors: 0, Skipped: 0, Time elapsed: 0.004 sec - in org.sonar.php.checks.KeywordsAndConstantsNotLowerCaseCheckTest
Running org.sonar.php.checks.formatting.FunctionSpacingCheckTest
Tests run: 2, Failures: 0, Errors: 0, Skipped: 0, Time elapsed: 0.01 sec - in org.sonar.php.checks.formatting.FunctionSpacingCheckTest
Running org.sonar.php.checks.ExitOrDieUsageCheckTest
Tests run: 1, Failures: 0, Errors: 0, Skipped: 0, Time elapsed: 0.008 sec - in org.sonar.php.checks.ExitOrDieUsageCheckTest
Running org.sonar.php.checks.DuplicateConditionCheckTest
Tests run: 1, Failures: 0, Errors: 0, Skipped: 0, Time elapsed: 0.009 sec - in org.sonar.php.checks.DuplicateConditionCheckTest
Running org.sonar.php.checks.ClassCouplingCheckTest
Tests run: 2, Failures: 0, Errors: 0, Skipped: 0, Time elapsed: 0.042 sec - in org.sonar.php.checks.ClassCouplingCheckTest
Running org.sonar.php.checks.FileWithSymbolsAndSideEffectsCheckTest
Tests run: 2, Failures: 0, Errors: 0, Skipped: 0, Time elapsed: 0.02 sec - in org.sonar.php.checks.FileWithSymbolsAndSideEffectsCheckTest
Running org.sonar.php.checks.EmptyNestedBlockCheckTest
Tests run: 1, Failures: 0, Errors: 0, Skipped: 0, Time elapsed: 0 sec - in org.sonar.php.checks.EmptyNestedBlockCheckTest
Running org.sonar.php.checks.NonLFCharAsEOLCheckTest
Tests run: 2, Failures: 0, Errors: 0, Skipped: 0, Time elapsed: 0.023 sec - in org.sonar.php.checks.NonLFCharAsEOLCheckTest
Running org.sonar.php.checks.DirectlyAccessingSuperGlobalCheckTest
Tests run: 1, Failures: 0, Errors: 0, Skipped: 0, Time elapsed: 0.002 sec - in org.sonar.php.checks.DirectlyAccessingSuperGlobalCheckTest
Running org.sonar.php.checks.ThisVariableUsageInStaticContextCheckTest
Tests run: 1, Failures: 0, Errors: 0, Skipped: 0, Time elapsed: 0.002 sec - in org.sonar.php.checks.ThisVariableUsageInStaticContextCheckTest
Running org.sonar.php.checks.NestedControlFlowDepthCheckTest
Tests run: 2, Failures: 0, Errors: 0, Skipped: 0, Time elapsed: 0.022 sec - in org.sonar.php.checks.NestedControlFlowDepthCheckTest
Running org.sonar.php.checks.IfConditionAlwaysTrueOrFalseCheckTest
Tests run: 1, Failures: 0, Errors: 0, Skipped: 0, Time elapsed: 0.022 sec - in org.sonar.php.checks.IfConditionAlwaysTrueOrFalseCheckTest
Running org.sonar.php.checks.ElseIfWithoutElseCheckTest
Tests run: 1, Failures: 0, Errors: 0, Skipped: 0, Time elapsed: 0.017 sec - in org.sonar.php.checks.ElseIfWithoutElseCheckTest
Running org.sonar.php.checks.TrailingCommentCheckTest
Tests run: 2, Failures: 0, Errors: 0, Skipped: 0, Time elapsed: 0.01 sec - in org.sonar.php.checks.TrailingCommentCheckTest
Running org.sonar.php.checks.OverridingMethodSimplyCallParentCheckTest
Tests run: 1, Failures: 0, Errors: 0, Skipped: 0, Time elapsed: 0.006 sec - in org.sonar.php.checks.OverridingMethodSimplyCallParentCheckTest
Running org.sonar.php.checks.TooManyLinesInFileCheckTest
Tests run: 2, Failures: 0, Errors: 0, Skipped: 0, Time elapsed: 0.006 sec - in org.sonar.php.checks.TooManyLinesInFileCheckTest
Running org.sonar.php.checks.ClassComplexityCheckTest
Tests run: 2, Failures: 0, Errors: 0, Skipped: 0, Time elapsed: 0.005 sec - in org.sonar.php.checks.ClassComplexityCheckTest
Running org.sonar.php.checks.SilencedErrorsCheckTest
Tests run: 1, Failures: 0, Errors: 0, Skipped: 0, Time elapsed: 0.003 sec - in org.sonar.php.checks.SilencedErrorsCheckTest
Running org.sonar.php.checks.MoreThanOneClassInFileCheckTest
Tests run: 4, Failures: 0, Errors: 0, Skipped: 0, Time elapsed: 0.008 sec - in org.sonar.php.checks.MoreThanOneClassInFileCheckTest
Running org.sonar.php.checks.EvalUseCheckTest
Tests run: 1, Failures: 0, Errors: 0, Skipped: 0, Time elapsed: 0.002 sec - in org.sonar.php.checks.EvalUseCheckTest
Running org.sonar.php.checks.ModifiersOrderCheckTest
Tests run: 1, Failures: 0, Errors: 0, Skipped: 0, Time elapsed: 0.008 sec - in org.sonar.php.checks.ModifiersOrderCheckTest
Running org.sonar.php.checks.SelfKeywordUsageCheckTest
Tests run: 1, Failures: 0, Errors: 0, Skipped: 0, Time elapsed: 0 sec - in org.sonar.php.checks.SelfKeywordUsageCheckTest
Running org.sonar.php.checks.RedundantFinalCheckTest
Tests run: 1, Failures: 0, Errors: 0, Skipped: 0, Time elapsed: 0.002 sec - in org.sonar.php.checks.RedundantFinalCheckTest
Running org.sonar.php.checks.formatting.CurlyBraceCheckTest
Tests run: 2, Failures: 0, Errors: 0, Skipped: 0, Time elapsed: 0.01 sec - in org.sonar.php.checks.formatting.CurlyBraceCheckTest
Running org.sonar.php.checks.ClosingTagInFullPHPFileCheckTest
Tests run: 2, Failures: 0, Errors: 0, Skipped: 0, Time elapsed: 0.009 sec - in org.sonar.php.checks.ClosingTagInFullPHPFileCheckTest
Running org.sonar.php.checks.CallToIniSetCheckTest
Tests run: 1, Failures: 0, Errors: 0, Skipped: 0, Time elapsed: 0 sec - in org.sonar.php.checks.CallToIniSetCheckTest
Running org.sonar.php.checks.FieldNameCheckTest
Tests run: 2, Failures: 0, Errors: 0, Skipped: 0, Time elapsed: 0.002 sec - in org.sonar.php.checks.FieldNameCheckTest
Running org.sonar.php.checks.ImmediatelyReturnedVariableCheckTest
Tests run: 1, Failures: 0, Errors: 0, Skipped: 0, Time elapsed: 0 sec - in org.sonar.php.checks.ImmediatelyReturnedVariableCheckTest
Running org.sonar.php.checks.OneStatementPerLineCheckTest
Tests run: 1, Failures: 0, Errors: 0, Skipped: 0, Time elapsed: 0.004 sec - in org.sonar.php.checks.OneStatementPerLineCheckTest
Running org.sonar.php.checks.RequireInsteadOfRequireOnceCheckTest
Tests run: 1, Failures: 0, Errors: 0, Skipped: 0, Time elapsed: 0.003 sec - in org.sonar.php.checks.RequireInsteadOfRequireOnceCheckTest
Running org.sonar.php.checks.TooManyCasesInSwitchCheckTest
Tests run: 2, Failures: 0, Errors: 0, Skipped: 0, Time elapsed: 0.014 sec - in org.sonar.php.checks.TooManyCasesInSwitchCheckTest
Running org.sonar.php.checks.InterfaceNameCheckTest
Tests run: 1, Failures: 0, Errors: 0, Skipped: 0, Time elapsed: 0 sec - in org.sonar.php.checks.InterfaceNameCheckTest

Results :




Tests run: 170, Failures: 0, Errors: 0, Skipped: 0

[INFO] 
[INFO] --- maven-jar-plugin:2.5:jar (default-jar) @ php-checks ---
[INFO] Building jar: /home/travis/build/SonarCommunity/sonar-php/php-checks/target/php-checks-2.7-SNAPSHOT.jar
[INFO] 
[INFO] --- animal-sniffer-maven-plugin:1.13:check (enforce-java-api-compatibility) @ php-checks ---
[INFO] Checking unresolved references to org.codehaus.mojo.signature:java17:1.0
[INFO] 
[INFO] --- maven-source-plugin:2.4:jar-no-fork (attach-sources) @ php-checks ---
[INFO] Building jar: /home/travis/build/SonarCommunity/sonar-php/php-checks/target/php-checks-2.7-SNAPSHOT-sources.jar
[INFO]                                                                         
[INFO] ------------------------------------------------------------------------
[INFO] Building PHP :: Sonar Plugin 2.7-SNAPSHOT
[INFO] ------------------------------------------------------------------------
[INFO] 
[INFO] --- buildnumber-maven-plugin:1.3:create (default) @ sonar-php-plugin ---
[INFO] 
[INFO] --- maven-enforcer-plugin:1.3.1:enforce (enforce) @ sonar-php-plugin ---
[INFO] 
[INFO] --- maven-license-plugin:1.10.b1:check (enforce-license-headers) @ sonar-php-plugin ---
[INFO] Checking licenses...
[INFO] 
[INFO] --- sonar-packaging-maven-plugin:1.12.1:check-dependencies (default-check-dependencies) @ sonar-php-plugin ---
[INFO] 
[INFO] --- maven-resources-plugin:2.7:resources (default-resources) @ sonar-php-plugin ---
[INFO] Using 'UTF-8' encoding to copy filtered resources.
[INFO] Copying 2 resources
[INFO] 
[INFO] --- maven-compiler-plugin:3.2:compile (default-compile) @ sonar-php-plugin ---
[INFO] Changes detected - recompiling the module!
[INFO] Compiling 35 source files to /home/travis/build/SonarCommunity/sonar-php/sonar-php-plugin/target/classes
[INFO] /home/travis/build/SonarCommunity/sonar-php/sonar-php-plugin/src/main/java/org/sonar/plugins/php/core/NoSonarAndCommentedOutLocSensor.java: Some input files use or override a deprecated API.
[INFO] /home/travis/build/SonarCommunity/sonar-php/sonar-php-plugin/src/main/java/org/sonar/plugins/php/core/NoSonarAndCommentedOutLocSensor.java: Recompile with -Xlint:deprecation for details.
[INFO] /home/travis/build/SonarCommunity/sonar-php/sonar-php-plugin/src/main/java/org/sonar/plugins/php/phpunit/PhpUnitCoverageResultParser.java: Some input files use unchecked or unsafe operations.
[INFO] /home/travis/build/SonarCommunity/sonar-php/sonar-php-plugin/src/main/java/org/sonar/plugins/php/phpunit/PhpUnitCoverageResultParser.java: Recompile with -Xlint:unchecked for details.
[INFO] 
[INFO] --- maven-resources-plugin:2.7:testResources (default-testResources) @ sonar-php-plugin ---
[INFO] Using 'UTF-8' encoding to copy filtered resources.
[INFO] Copying 17 resources
[INFO] 
[INFO] --- maven-compiler-plugin:3.2:testCompile (default-testCompile) @ sonar-php-plugin ---
[INFO] Changes detected - recompiling the module!
[INFO] Compiling 23 source files to /home/travis/build/SonarCommunity/sonar-php/sonar-php-plugin/target/test-classes
[INFO] /home/travis/build/SonarCommunity/sonar-php/sonar-php-plugin/src/test/java/org/sonar/plugins/php/phpunit/PhpUnitCoverageResultParserTest.java: Some input files use or override a deprecated API.
[INFO] /home/travis/build/SonarCommunity/sonar-php/sonar-php-plugin/src/test/java/org/sonar/plugins/php/phpunit/PhpUnitCoverageResultParserTest.java: Recompile with -Xlint:deprecation for details.
[INFO] 
[INFO] --- maven-surefire-plugin:2.18:test (default-test) @ sonar-php-plugin ---
[INFO] Surefire report directory: /home/travis/build/SonarCommunity/sonar-php/sonar-php-plugin/target/surefire-reports

-------------------------------------------------------
 T E S T S
-------------------------------------------------------
Running org.sonar.plugins.php.core.PhpSourceCodeColorizerTest
Tests run: 7, Failures: 0, Errors: 0, Skipped: 0, Time elapsed: 0.166 sec - in org.sonar.plugins.php.core.PhpSourceCodeColorizerTest
Running org.sonar.plugins.php.core.PhpCommonRulesDecoratorTest
Tests run: 1, Failures: 0, Errors: 0, Skipped: 0, Time elapsed: 0.161 sec - in org.sonar.plugins.php.core.PhpCommonRulesDecoratorTest
Running org.sonar.plugins.php.phpunit.PhpUnitCoverageResultParserTest
Tests run: 6, Failures: 0, Errors: 0, Skipped: 0, Time elapsed: 0.419 sec - in org.sonar.plugins.php.phpunit.PhpUnitCoverageResultParserTest
Running org.sonar.plugins.php.phpunit.PhpUnitItCoverageResultParserTest
Tests run: 1, Failures: 0, Errors: 0, Skipped: 0, Time elapsed: 0.002 sec - in org.sonar.plugins.php.phpunit.PhpUnitItCoverageResultParserTest
Running org.sonar.plugins.php.api.PhpTest
Tests run: 2, Failures: 0, Errors: 0, Skipped: 0, Time elapsed: 0.013 sec - in org.sonar.plugins.php.api.PhpTest
Running org.sonar.plugins.php.core.NoSonarAndCommentedOutLocSensorTest
Tests run: 7, Failures: 0, Errors: 0, Skipped: 0, Time elapsed: 0.142 sec - in org.sonar.plugins.php.core.NoSonarAndCommentedOutLocSensorTest
Running org.sonar.plugins.php.phpunit.PHPRulesDefinitionTest
Tests run: 1, Failures: 0, Errors: 0, Skipped: 0, Time elapsed: 0.211 sec - in org.sonar.plugins.php.phpunit.PHPRulesDefinitionTest
Running org.sonar.plugins.php.phpunit.PhpUnitResultParserTest
Tests run: 4, Failures: 0, Errors: 0, Skipped: 0, Time elapsed: 0.034 sec - in org.sonar.plugins.php.phpunit.PhpUnitResultParserTest
Running org.sonar.plugins.php.PSR2ProfileTest
Tests run: 1, Failures: 0, Errors: 0, Skipped: 0, Time elapsed: 0.081 sec - in org.sonar.plugins.php.PSR2ProfileTest
Running org.sonar.plugins.php.phpunit.PhpUnitTestReportTest
Tests run: 1, Failures: 0, Errors: 0, Skipped: 0, Time elapsed: 0.001 sec - in org.sonar.plugins.php.phpunit.PhpUnitTestReportTest
Running org.sonar.plugins.php.PHPSensorTest
Tests run: 2, Failures: 0, Errors: 0, Skipped: 0, Time elapsed: 0.163 sec - in org.sonar.plugins.php.PHPSensorTest
Running org.sonar.plugins.php.DrupalProfileTest
Tests run: 1, Failures: 0, Errors: 0, Skipped: 0, Time elapsed: 0.007 sec - in org.sonar.plugins.php.DrupalProfileTest
Running org.sonar.plugins.php.duplications.PHPCPDMappingTest
Tests run: 1, Failures: 0, Errors: 0, Skipped: 0, Time elapsed: 0.01 sec - in org.sonar.plugins.php.duplications.PHPCPDMappingTest
Running org.sonar.plugins.php.phpunit.xml.TestSuitesTest
Tests run: 4, Failures: 0, Errors: 0, Skipped: 0, Time elapsed: 0.005 sec - in org.sonar.plugins.php.phpunit.xml.TestSuitesTest
Running org.sonar.plugins.php.phpunit.PhpUnitSensorTest
Tests run: 6, Failures: 0, Errors: 0, Skipped: 0, Time elapsed: 0.04 sec - in org.sonar.plugins.php.phpunit.PhpUnitSensorTest
Running org.sonar.plugins.php.core.PhpCommonRulesEngineTest
Tests run: 2, Failures: 0, Errors: 0, Skipped: 0, Time elapsed: 0.008 sec - in org.sonar.plugins.php.core.PhpCommonRulesEngineTest
Running org.sonar.plugins.php.PHPProfileTest
Tests run: 1, Failures: 0, Errors: 0, Skipped: 0, Time elapsed: 0.007 sec - in org.sonar.plugins.php.PHPProfileTest
Running org.sonar.plugins.php.duplications.PHPTokenProducerTest
Tests run: 19, Failures: 0, Errors: 0, Skipped: 0, Time elapsed: 0.071 sec - in org.sonar.plugins.php.duplications.PHPTokenProducerTest
Running org.sonar.plugins.php.phpunit.PhpUnitOverallCoverageResultParserTest
Tests run: 1, Failures: 0, Errors: 0, Skipped: 0, Time elapsed: 0.001 sec - in org.sonar.plugins.php.phpunit.PhpUnitOverallCoverageResultParserTest
Running org.sonar.plugins.php.PhpPluginTest
Tests run: 1, Failures: 0, Errors: 0, Skipped: 0, Time elapsed: 0.003 sec - in org.sonar.plugins.php.PhpPluginTest

Results :




Tests run: 69, Failures: 0, Errors: 0, Skipped: 0

[INFO] 
[INFO] --- sonar-packaging-maven-plugin:1.12.1:sonar-plugin (default-sonar-plugin) @ sonar-php-plugin ---
[INFO] -------------------------------------------------------
[INFO] Plugin definition in update center
[INFO]     Key: php
[INFO]     Name: PHP
[INFO]     Description: Enables analysis of PHP projects.
[INFO]     Version: 2.7-SNAPSHOT
[INFO]     Main class: org.sonar.plugins.php.PhpPlugin
[INFO]     Homepage: http://redirect.sonarsource.com/plugins/php.html
[INFO]     Sonar version: 4.5.2
[INFO]     License: GNU LGPL v3
[INFO]     Organization: SonarSource and Akram Ben Aissi
[INFO]     Organization URL: http://www.sonarsource.com/
[INFO]     Terms & Conditions URL: 
[INFO]     Issue Tracker URL: http://jira.codehaus.org/browse/SONARPHP
[INFO]     Build date: 2015-09-22T09:23:57+0000
[INFO]     Sources URL: https://github.com/SonarCommunity/sonar-php
[INFO]     Developers: Linda Martin,Fabrice Bellingard,Sebastian Marek,Gennadiy Litvinyuk,Akram Ben Aissi,Gabriele Santini,Julien Henry
[INFO] -------------------------------------------------------
[WARNING] org.codehaus.sonar:sonar-deprecated:jar:4.5.2:compile is provided by SonarQube plugin API and will not be packaged in your plugin
[WARNING] com.google.code.findbugs:jsr305:jar:1.3.9:compile is provided by SonarQube plugin API and will not be packaged in your plugin
[WARNING] org.slf4j:slf4j-api:jar:1.6.2:compile is provided by SonarQube plugin API and will not be packaged in your plugin
[WARNING] org.slf4j:jcl-over-slf4j:jar:1.7.5:compile is provided by SonarQube plugin API and will not be packaged in your plugin
[WARNING] org.picocontainer:picocontainer:jar:2.14.1:compile is provided by SonarQube plugin API and will not be packaged in your plugin
[WARNING] com.google.guava:guava:jar:10.0.1:compile is provided by SonarQube plugin API and will not be packaged in your plugin
[WARNING] jfree:jcommon:jar:1.0.12:compile is provided by SonarQube plugin API and will not be packaged in your plugin
[WARNING] jfree:jfreechart:jar:1.0.9:compile is provided by SonarQube plugin API and will not be packaged in your plugin
[INFO] Following dependencies are packaged in the plugin:

	ch.qos.logback:logback-classic:jar
	xpp3:xpp3_min:jar
	jaxen:jaxen:jar
	org.codehaus.sonar.sslr:sslr-core:jar
	org.sonarsource.php:php-checks:jar
	ch.qos.logback:logback-core:jar
	com.thoughtworks.xstream:xstream:jar
	org.codehaus.sonar.sslr-squid-bridge:sslr-squid-bridge:jar
	org.mockito:mockito-all:jar
	org.codehaus.sonar.sslr:sslr-xpath:jar
	org.sonarsource.php:php-frontend:jar
	org.sonarsource.sslr:sslr-core:jar
	cglib:cglib-nodep:jar

[INFO] See following page for more details about plugin dependencies:

	http://docs.codehaus.org/display/SONAR/Coding+a+plugin

[INFO] Building jar: /home/travis/build/SonarCommunity/sonar-php/sonar-php-plugin/target/sonar-php-plugin.jar
[INFO]  already added, skipping
[INFO] 
[INFO] --- maven-enforcer-plugin:1.3.1:enforce (enforce-plugin-size) @ sonar-php-plugin ---
[INFO] 
[INFO] --- animal-sniffer-maven-plugin:1.13:check (enforce-java-api-compatibility) @ sonar-php-plugin ---
[INFO] Checking unresolved references to org.codehaus.mojo.signature:java17:1.0
[INFO] 
[INFO] --- maven-source-plugin:2.4:jar-no-fork (attach-sources) @ sonar-php-plugin ---
[INFO] Building jar: /home/travis/build/SonarCommunity/sonar-php/sonar-php-plugin/target/sonar-php-plugin-sources.jar
[INFO]                                                                         
[INFO] ------------------------------------------------------------------------
[INFO] Building SonarQube PHP :: SSLR Toolkit 2.7-SNAPSHOT
[INFO] ------------------------------------------------------------------------
[INFO] 
[INFO] --- buildnumber-maven-plugin:1.3:create (default) @ sslr-php-toolkit ---
[INFO] 
[INFO] --- maven-enforcer-plugin:1.3.1:enforce (enforce) @ sslr-php-toolkit ---
[INFO] 
[INFO] --- maven-license-plugin:1.10.b1:check (enforce-license-headers) @ sslr-php-toolkit ---
[INFO] Checking licenses...
[INFO] 
[INFO] --- maven-resources-plugin:2.7:resources (default-resources) @ sslr-php-toolkit ---
[INFO] Using 'UTF-8' encoding to copy filtered resources.
[INFO] skip non existing resourceDirectory /home/travis/build/SonarCommunity/sonar-php/sslr-php-toolkit/src/main/resources
[INFO] 
[INFO] --- maven-compiler-plugin:3.2:compile (default-compile) @ sslr-php-toolkit ---
[INFO] Changes detected - recompiling the module!
[INFO] Compiling 3 source files to /home/travis/build/SonarCommunity/sonar-php/sslr-php-toolkit/target/classes
[INFO] 
[INFO] --- maven-resources-plugin:2.7:testResources (default-testResources) @ sslr-php-toolkit ---
[INFO] Using 'UTF-8' encoding to copy filtered resources.
[INFO] skip non existing resourceDirectory /home/travis/build/SonarCommunity/sonar-php/sslr-php-toolkit/src/test/resources
[INFO] 
[INFO] --- maven-compiler-plugin:3.2:testCompile (default-testCompile) @ sslr-php-toolkit ---
[INFO] Changes detected - recompiling the module!
[INFO] Compiling 1 source file to /home/travis/build/SonarCommunity/sonar-php/sslr-php-toolkit/target/test-classes
[INFO] 
[INFO] --- maven-surefire-plugin:2.18:test (default-test) @ sslr-php-toolkit ---
[INFO] Surefire report directory: /home/travis/build/SonarCommunity/sonar-php/sslr-php-toolkit/target/surefire-reports

-------------------------------------------------------
 T E S T S
-------------------------------------------------------
Running org.sonar.php.toolkit.PhpConfigurationModelTest
Tests run: 2, Failures: 0, Errors: 0, Skipped: 0, Time elapsed: 0.08 sec - in org.sonar.php.toolkit.PhpConfigurationModelTest

Results :




Tests run: 2, Failures: 0, Errors: 0, Skipped: 0

[INFO] 
[INFO] --- maven-jar-plugin:2.5:jar (default-jar) @ sslr-php-toolkit ---
[INFO] Building jar: /home/travis/build/SonarCommunity/sonar-php/sslr-php-toolkit/target/sslr-php-toolkit-2.7-SNAPSHOT.jar
[INFO] 
[INFO] --- jarjar-maven-plugin:1.9:jarjar (default) @ sslr-php-toolkit ---
[INFO] Processing: /home/travis/build/SonarCommunity/sonar-php/sslr-php-toolkit/target/sslr-php-toolkit-2.7-SNAPSHOT.jar
[INFO] Building zip: /home/travis/build/SonarCommunity/sonar-php/sslr-php-toolkit/target/jarjar/uber-sslr-php-toolkit-2.7-SNAPSHOT.jar
[INFO] JarJar'ing to: /home/travis/build/SonarCommunity/sonar-php/sslr-php-toolkit/target/sslr-php-toolkit-2.7-SNAPSHOT.jar
[INFO] Original: /home/travis/build/SonarCommunity/sonar-php/sslr-php-toolkit/target/original-sslr-php-toolkit-2.7-SNAPSHOT.jar
[INFO] 
[INFO] --- maven-enforcer-plugin:1.3.1:enforce (enforce-size) @ sslr-php-toolkit ---
[INFO] 
[INFO] --- animal-sniffer-maven-plugin:1.13:check (enforce-java-api-compatibility) @ sslr-php-toolkit ---
[INFO] Checking unresolved references to org.codehaus.mojo.signature:java17:1.0
[INFO] 
[INFO] --- maven-source-plugin:2.4:jar-no-fork (attach-sources) @ sslr-php-toolkit ---
[INFO] Building jar: /home/travis/build/SonarCommunity/sonar-php/sslr-php-toolkit/target/sslr-php-toolkit-2.7-SNAPSHOT-sources.jar
[INFO] ------------------------------------------------------------------------
[INFO] Reactor Summary:
[INFO] 
[INFO] PHP ................................................ SUCCESS [  4.046 s]
[INFO] PHP :: Frontend .................................... SUCCESS [  9.415 s]
[INFO] PHP :: Checks ...................................... SUCCESS [  5.616 s]
[INFO] PHP :: Sonar Plugin ................................ SUCCESS [  4.705 s]
[INFO] SonarQube PHP :: SSLR Toolkit ...................... SUCCESS [  5.519 s]
[INFO] ------------------------------------------------------------------------
[INFO] BUILD SUCCESS
[INFO] ------------------------------------------------------------------------
[INFO] Total time: 30.342 s
[INFO] Finished at: 2015-09-22T09:24:05+00:00
[INFO] Final Memory: 44M/446M
[INFO] ------------------------------------------------------------------------
travis_time:end:0fd26618:start=1442913812792724200,finish=1442913845358637987,duration=32565913787[0K
[32;1mThe command "./travis.sh" exited with 0.[0m
travis_fold:start:cache.2[0Kstore build cache
travis_time:start:045c68e6[0Knothing changed, not updating cache
travis_time:end:045c68e6:start=1442913845362846889,finish=1442913846631377050,duration=1268530161[0Ktravis_fold:end:cache.2[0K
Done. Your build exited with 0.
