Using worker: worker-linux-docker-5d5226b4.prod.travis-ci.org:travis-linux-2

travis_fold:start:system_info[0K[33;1mBuild system information[0m
Build language: java
[34m[1mBuild image provisioning date and time[0m
Thu Feb  5 15:09:33 UTC 2015
[34m[1mOperating System Details[0m
Distributor ID:	Ubuntu
Description:	Ubuntu 12.04.5 LTS
Release:	12.04
Codename:	precise
[34m[1mLinux Version[0m
3.13.0-29-generic
[34m[1mCookbooks Version[0m
a68419e https://github.com/travis-ci/travis-cookbooks/tree/a68419e
[34m[1mGCC version[0m
gcc (Ubuntu/Linaro 4.6.3-1ubuntu5) 4.6.3
Copyright (C) 2011 Free Software Foundation, Inc.
This is free software; see the source for copying conditions.  There is NO
warranty; not even for MERCHANTABILITY or FITNESS FOR A PARTICULAR PURPOSE.

[34m[1mLLVM version[0m
clang version 3.4 (tags/RELEASE_34/final)
Target: x86_64-unknown-linux-gnu
Thread model: posix
[34m[1mPre-installed Ruby versions[0m
ruby-1.9.3-p551
[34m[1mPre-installed Node.js versions[0m
v0.10.36
[34m[1mPre-installed Go versions[0m
1.4.1
[34m[1mRedis version[0m
redis-server 2.8.19
[34m[1mriak version[0m
2.0.2
[34m[1mMongoDB version[0m
MongoDB 2.4.12
[34m[1mCouchDB version[0m
couchdb 1.6.1
[34m[1mNeo4j version[0m
1.9.4
[34m[1mRabbitMQ Version[0m
3.4.3
[34m[1mElasticSearch version[0m
1.4.0
[34m[1mInstalled Sphinx versions[0m
2.0.10
2.1.9
2.2.6
[34m[1mDefault Sphinx version[0m
2.2.6
[34m[1mInstalled Firefox version[0m
firefox 31.0esr
[34m[1mPhantomJS version[0m
1.9.8
[34m[1mant -version[0m
Apache Ant(TM) version 1.8.2 compiled on December 3 2011
[34m[1mmvn -version[0m
Apache Maven 3.2.5 (12a6b3acb947671f09b81f49094c53f426d8cea1; 2014-12-14T17:29:23+00:00)
Maven home: /usr/local/maven
Java version: 1.7.0_76, vendor: Oracle Corporation
Java home: /usr/lib/jvm/java-7-oracle/jre
Default locale: en_US, platform encoding: ANSI_X3.4-1968
OS name: "linux", version: "3.13.0-29-generic", arch: "amd64", family: "unix"
travis_fold:end:system_info[0K
travis_fold:start:git.checkout[0Ktravis_time:start:2182f310[0K$ git clone --depth=50 git://github.com/SonarCommunity/sonar-php.git SonarCommunity/sonar-php
Cloning into 'SonarCommunity/sonar-php'...
remote: Counting objects: 1696, done.[K
remote: Compressing objects:   0% (1/846)   [Kremote: Compressing objects:   1% (9/846)   [Kremote: Compressing objects:   2% (17/846)   [Kremote: Compressing objects:   3% (26/846)   [Kremote: Compressing objects:   4% (34/846)   [Kremote: Compressing objects:   5% (43/846)   [Kremote: Compressing objects:   6% (51/846)   [Kremote: Compressing objects:   7% (60/846)   [Kremote: Compressing objects:   8% (68/846)   [Kremote: Compressing objects:   9% (77/846)   [Kremote: Compressing objects:  10% (85/846)   [Kremote: Compressing objects:  11% (94/846)   [Kremote: Compressing objects:  12% (102/846)   [Kremote: Compressing objects:  13% (110/846)   [Kremote: Compressing objects:  14% (119/846)   [Kremote: Compressing objects:  15% (127/846)   [Kremote: Compressing objects:  16% (136/846)   [Kremote: Compressing objects:  17% (144/846)   [Kremote: Compressing objects:  18% (153/846)   [Kremote: Compressing objects:  19% (161/846)   [Kremote: Compressing objects:  20% (170/846)   [Kremote: Compressing objects:  21% (178/846)   [Kremote: Compressing objects:  22% (187/846)   [Kremote: Compressing objects:  23% (195/846)   [Kremote: Compressing objects:  24% (204/846)   [Kremote: Compressing objects:  25% (212/846)   [Kremote: Compressing objects:  26% (220/846)   [Kremote: Compressing objects:  27% (229/846)   [Kremote: Compressing objects:  28% (237/846)   [Kremote: Compressing objects:  29% (246/846)   [Kremote: Compressing objects:  30% (254/846)   [Kremote: Compressing objects:  31% (263/846)   [Kremote: Compressing objects:  32% (271/846)   [Kremote: Compressing objects:  33% (280/846)   [Kremote: Compressing objects:  34% (288/846)   [Kremote: Compressing objects:  35% (297/846)   [Kremote: Compressing objects:  36% (305/846)   [Kremote: Compressing objects:  37% (314/846)   [Kremote: Compressing objects:  38% (322/846)   [Kremote: Compressing objects:  39% (330/846)   [Kremote: Compressing objects:  40% (339/846)   [Kremote: Compressing objects:  41% (347/846)   [Kremote: Compressing objects:  42% (356/846)   [Kremote: Compressing objects:  43% (364/846)   [Kremote: Compressing objects:  44% (373/846)   [Kremote: Compressing objects:  45% (381/846)   [Kremote: Compressing objects:  46% (390/846)   [Kremote: Compressing objects:  47% (398/846)   [Kremote: Compressing objects:  48% (407/846)   [Kremote: Compressing objects:  49% (415/846)   [Kremote: Compressing objects:  50% (423/846)   [Kremote: Compressing objects:  51% (432/846)   [Kremote: Compressing objects:  52% (440/846)   [Kremote: Compressing objects:  53% (449/846)   [Kremote: Compressing objects:  54% (457/846)   [Kremote: Compressing objects:  55% (466/846)   [Kremote: Compressing objects:  56% (474/846)   [Kremote: Compressing objects:  57% (483/846)   [Kremote: Compressing objects:  58% (491/846)   [Kremote: Compressing objects:  59% (500/846)   [Kremote: Compressing objects:  60% (508/846)   [Kremote: Compressing objects:  61% (517/846)   [Kremote: Compressing objects:  62% (525/846)   [Kremote: Compressing objects:  63% (533/846)   [Kremote: Compressing objects:  64% (542/846)   [Kremote: Compressing objects:  65% (550/846)   [Kremote: Compressing objects:  66% (559/846)   [Kremote: Compressing objects:  67% (567/846)   [Kremote: Compressing objects:  68% (576/846)   [Kremote: Compressing objects:  69% (584/846)   [Kremote: Compressing objects:  70% (593/846)   [Kremote: Compressing objects:  71% (601/846)   [Kremote: Compressing objects:  72% (610/846)   [Kremote: Compressing objects:  73% (618/846)   [Kremote: Compressing objects:  74% (627/846)   [Kremote: Compressing objects:  75% (635/846)   [Kremote: Compressing objects:  76% (643/846)   [Kremote: Compressing objects:  77% (652/846)   [Kremote: Compressing objects:  78% (660/846)   [Kremote: Compressing objects:  79% (669/846)   [Kremote: Compressing objects:  80% (677/846)   [Kremote: Compressing objects:  81% (686/846)   [Kremote: Compressing objects:  82% (694/846)   [Kremote: Compressing objects:  83% (703/846)   [Kremote: Compressing objects:  84% (711/846)   [Kremote: Compressing objects:  85% (720/846)   [Kremote: Compressing objects:  86% (728/846)   [Kremote: Compressing objects:  87% (737/846)   [Kremote: Compressing objects:  88% (745/846)   [Kremote: Compressing objects:  89% (753/846)   [Kremote: Compressing objects:  90% (762/846)   [Kremote: Compressing objects:  91% (770/846)   [Kremote: Compressing objects:  92% (779/846)   [Kremote: Compressing objects:  93% (787/846)   [Kremote: Compressing objects:  94% (796/846)   [Kremote: Compressing objects:  95% (804/846)   [Kremote: Compressing objects:  96% (813/846)   [Kremote: Compressing objects:  97% (821/846)   [Kremote: Compressing objects:  98% (830/846)   [Kremote: Compressing objects:  99% (838/846)   [Kremote: Compressing objects: 100% (846/846)   [Kremote: Compressing objects: 100% (846/846), done.[K
Receiving objects:   0% (1/1696)   Receiving objects:   1% (17/1696)   Receiving objects:   2% (34/1696)   Receiving objects:   3% (51/1696)   Receiving objects:   4% (68/1696)   Receiving objects:   5% (85/1696)   Receiving objects:   6% (102/1696)   Receiving objects:   7% (119/1696)   Receiving objects:   8% (136/1696)   Receiving objects:   9% (153/1696)   Receiving objects:  10% (170/1696)   Receiving objects:  11% (187/1696)   Receiving objects:  12% (204/1696)   Receiving objects:  13% (221/1696)   Receiving objects:  14% (238/1696)   Receiving objects:  15% (255/1696)   Receiving objects:  16% (272/1696)   Receiving objects:  17% (289/1696)   Receiving objects:  18% (306/1696)   Receiving objects:  19% (323/1696)   Receiving objects:  20% (340/1696)   Receiving objects:  21% (357/1696)   Receiving objects:  22% (374/1696)   Receiving objects:  23% (391/1696)   Receiving objects:  24% (408/1696)   Receiving objects:  25% (424/1696)   Receiving objects:  26% (441/1696)   Receiving objects:  27% (458/1696)   Receiving objects:  28% (475/1696)   Receiving objects:  29% (492/1696)   Receiving objects:  30% (509/1696)   Receiving objects:  31% (526/1696)   Receiving objects:  32% (543/1696)   Receiving objects:  33% (560/1696)   Receiving objects:  34% (577/1696)   Receiving objects:  35% (594/1696)   Receiving objects:  36% (611/1696)   Receiving objects:  37% (628/1696)   Receiving objects:  38% (645/1696)   Receiving objects:  39% (662/1696)   Receiving objects:  40% (679/1696)   Receiving objects:  41% (696/1696)   Receiving objects:  42% (713/1696)   Receiving objects:  43% (730/1696)   Receiving objects:  44% (747/1696)   Receiving objects:  45% (764/1696)   Receiving objects:  46% (781/1696)   Receiving objects:  47% (798/1696)   Receiving objects:  48% (815/1696)   Receiving objects:  49% (832/1696)   Receiving objects:  50% (848/1696)   Receiving objects:  51% (865/1696)   Receiving objects:  52% (882/1696)   Receiving objects:  53% (899/1696)   Receiving objects:  54% (916/1696)   Receiving objects:  55% (933/1696)   Receiving objects:  56% (950/1696)   Receiving objects:  57% (967/1696)   Receiving objects:  58% (984/1696)   Receiving objects:  59% (1001/1696)   Receiving objects:  60% (1018/1696)   Receiving objects:  61% (1035/1696)   Receiving objects:  62% (1052/1696)   Receiving objects:  63% (1069/1696)   Receiving objects:  64% (1086/1696)   remote: Total 1696 (delta 660), reused 1344 (delta 474), pack-reused 0[K
Receiving objects:  65% (1103/1696)   Receiving objects:  66% (1120/1696)   Receiving objects:  67% (1137/1696)   Receiving objects:  68% (1154/1696)   Receiving objects:  69% (1171/1696)   Receiving objects:  70% (1188/1696)   Receiving objects:  71% (1205/1696)   Receiving objects:  72% (1222/1696)   Receiving objects:  73% (1239/1696)   Receiving objects:  74% (1256/1696)   Receiving objects:  75% (1272/1696)   Receiving objects:  76% (1289/1696)   Receiving objects:  77% (1306/1696)   Receiving objects:  78% (1323/1696)   Receiving objects:  79% (1340/1696)   Receiving objects:  80% (1357/1696)   Receiving objects:  81% (1374/1696)   Receiving objects:  82% (1391/1696)   Receiving objects:  83% (1408/1696)   Receiving objects:  84% (1425/1696)   Receiving objects:  85% (1442/1696)   Receiving objects:  86% (1459/1696)   Receiving objects:  87% (1476/1696)   Receiving objects:  88% (1493/1696)   Receiving objects:  89% (1510/1696)   Receiving objects:  90% (1527/1696)   Receiving objects:  91% (1544/1696)   Receiving objects:  92% (1561/1696)   Receiving objects:  93% (1578/1696)   Receiving objects:  94% (1595/1696)   Receiving objects:  95% (1612/1696)   Receiving objects:  96% (1629/1696)   Receiving objects:  97% (1646/1696)   Receiving objects:  98% (1663/1696)   Receiving objects:  99% (1680/1696)   Receiving objects: 100% (1696/1696)   Receiving objects: 100% (1696/1696), 378.10 KiB | 0 bytes/s, done.
Resolving deltas:   0% (0/660)   Resolving deltas:   3% (20/660)   Resolving deltas:   6% (42/660)   Resolving deltas:  10% (70/660)   Resolving deltas:  11% (76/660)   Resolving deltas:  12% (84/660)   Resolving deltas:  13% (92/660)   Resolving deltas:  17% (114/660)   Resolving deltas:  18% (122/660)   Resolving deltas:  19% (126/660)   Resolving deltas:  22% (151/660)   Resolving deltas:  23% (158/660)   Resolving deltas:  24% (159/660)   Resolving deltas:  25% (165/660)   Resolving deltas:  26% (173/660)   Resolving deltas:  27% (181/660)   Resolving deltas:  28% (188/660)   Resolving deltas:  29% (192/660)   Resolving deltas:  30% (204/660)   Resolving deltas:  31% (205/660)   Resolving deltas:  32% (212/660)   Resolving deltas:  33% (218/660)   Resolving deltas:  34% (225/660)   Resolving deltas:  36% (242/660)   Resolving deltas:  43% (287/660)   Resolving deltas:  55% (363/660)   Resolving deltas:  56% (370/660)   Resolving deltas:  59% (390/660)   Resolving deltas:  60% (397/660)   Resolving deltas:  61% (404/660)   Resolving deltas:  62% (410/660)   Resolving deltas:  63% (422/660)   Resolving deltas:  64% (424/660)   Resolving deltas:  65% (430/660)   Resolving deltas:  67% (447/660)   Resolving deltas:  68% (453/660)   Resolving deltas:  70% (463/660)   Resolving deltas:  71% (473/660)   Resolving deltas:  72% (478/660)   Resolving deltas:  73% (483/660)   Resolving deltas:  74% (490/660)   Resolving deltas:  75% (495/660)   Resolving deltas:  78% (521/660)   Resolving deltas:  80% (532/660)   Resolving deltas:  83% (551/660)   Resolving deltas: 100% (660/660)   Resolving deltas: 100% (660/660), done.
Checking connectivity... done.
travis_time:end:2182f310:start=1441107080148359754,finish=1441107080401710197,duration=253350443[0K$ cd SonarCommunity/sonar-php
travis_time:start:1857b43f[0K$ git fetch origin +refs/pull/13/merge:
remote: Counting objects: 2990, done.[K
remote: Compressing objects:   0% (1/1736)   [Kremote: Compressing objects:   1% (18/1736)   [Kremote: Compressing objects:   2% (35/1736)   [Kremote: Compressing objects:   3% (53/1736)   [Kremote: Compressing objects:   4% (70/1736)   [Kremote: Compressing objects:   5% (87/1736)   [Kremote: Compressing objects:   6% (105/1736)   [Kremote: Compressing objects:   7% (122/1736)   [Kremote: Compressing objects:   8% (139/1736)   [Kremote: Compressing objects:   9% (157/1736)   [Kremote: Compressing objects:  10% (174/1736)   [Kremote: Compressing objects:  11% (191/1736)   [Kremote: Compressing objects:  12% (209/1736)   [Kremote: Compressing objects:  13% (226/1736)   [Kremote: Compressing objects:  14% (244/1736)   [Kremote: Compressing objects:  15% (261/1736)   [Kremote: Compressing objects:  16% (278/1736)   [Kremote: Compressing objects:  17% (296/1736)   [Kremote: Compressing objects:  18% (313/1736)   [Kremote: Compressing objects:  19% (330/1736)   [Kremote: Compressing objects:  20% (348/1736)   [Kremote: Compressing objects:  21% (365/1736)   [Kremote: Compressing objects:  22% (382/1736)   [Kremote: Compressing objects:  23% (400/1736)   [Kremote: Compressing objects:  24% (417/1736)   [Kremote: Compressing objects:  25% (434/1736)   [Kremote: Compressing objects:  26% (452/1736)   [Kremote: Compressing objects:  27% (469/1736)   [Kremote: Compressing objects:  28% (487/1736)   [Kremote: Compressing objects:  29% (504/1736)   [Kremote: Compressing objects:  30% (521/1736)   [Kremote: Compressing objects:  31% (539/1736)   [Kremote: Compressing objects:  32% (556/1736)   [Kremote: Compressing objects:  33% (573/1736)   [Kremote: Compressing objects:  34% (591/1736)   [Kremote: Compressing objects:  35% (608/1736)   [Kremote: Compressing objects:  36% (625/1736)   [Kremote: Compressing objects:  37% (643/1736)   [Kremote: Compressing objects:  38% (660/1736)   [Kremote: Compressing objects:  39% (678/1736)   [Kremote: Compressing objects:  40% (695/1736)   [Kremote: Compressing objects:  41% (712/1736)   [Kremote: Compressing objects:  42% (730/1736)   [Kremote: Compressing objects:  43% (747/1736)   [Kremote: Compressing objects:  44% (764/1736)   [Kremote: Compressing objects:  45% (782/1736)   [Kremote: Compressing objects:  46% (799/1736)   [Kremote: Compressing objects:  47% (816/1736)   [Kremote: Compressing objects:  48% (834/1736)   [Kremote: Compressing objects:  49% (851/1736)   [Kremote: Compressing objects:  50% (868/1736)   [Kremote: Compressing objects:  51% (886/1736)   [Kremote: Compressing objects:  52% (903/1736)   [Kremote: Compressing objects:  53% (921/1736)   [Kremote: Compressing objects:  54% (938/1736)   [Kremote: Compressing objects:  55% (955/1736)   [Kremote: Compressing objects:  56% (973/1736)   [Kremote: Compressing objects:  57% (990/1736)   [Kremote: Compressing objects:  58% (1007/1736)   [Kremote: Compressing objects:  59% (1025/1736)   [Kremote: Compressing objects:  60% (1042/1736)   [Kremote: Compressing objects:  61% (1059/1736)   [Kremote: Compressing objects:  62% (1077/1736)   [Kremote: Compressing objects:  63% (1094/1736)   [Kremote: Compressing objects:  64% (1112/1736)   [Kremote: Compressing objects:  65% (1129/1736)   [Kremote: Compressing objects:  66% (1146/1736)   [Kremote: Compressing objects:  67% (1164/1736)   [Kremote: Compressing objects:  68% (1181/1736)   [Kremote: Compressing objects:  69% (1198/1736)   [Kremote: Compressing objects:  70% (1216/1736)   [Kremote: Compressing objects:  71% (1233/1736)   [Kremote: Compressing objects:  72% (1250/1736)   [Kremote: Compressing objects:  73% (1268/1736)   [Kremote: Compressing objects:  74% (1285/1736)   [Kremote: Compressing objects:  75% (1302/1736)   [Kremote: Compressing objects:  76% (1320/1736)   [Kremote: Compressing objects:  77% (1337/1736)   [Kremote: Compressing objects:  78% (1355/1736)   [Kremote: Compressing objects:  79% (1372/1736)   [Kremote: Compressing objects:  80% (1389/1736)   [Kremote: Compressing objects:  81% (1407/1736)   [Kremote: Compressing objects:  82% (1424/1736)   [Kremote: Compressing objects:  83% (1441/1736)   [Kremote: Compressing objects:  84% (1459/1736)   [Kremote: Compressing objects:  85% (1476/1736)   [Kremote: Compressing objects:  86% (1493/1736)   [Kremote: Compressing objects:  87% (1511/1736)   [Kremote: Compressing objects:  88% (1528/1736)   [Kremote: Compressing objects:  89% (1546/1736)   [Kremote: Compressing objects:  90% (1563/1736)   [Kremote: Compressing objects:  91% (1580/1736)   [Kremote: Compressing objects:  92% (1598/1736)   [Kremote: Compressing objects:  93% (1615/1736)   [Kremote: Compressing objects:  94% (1632/1736)   [Kremote: Compressing objects:  95% (1650/1736)   [Kremote: Compressing objects:  96% (1667/1736)   [Kremote: Compressing objects:  97% (1684/1736)   [Kremote: Compressing objects:  98% (1702/1736)   [Kremote: Compressing objects:  99% (1719/1736)   [Kremote: Compressing objects: 100% (1736/1736)   [Kremote: Compressing objects: 100% (1736/1736), done.[K
Receiving objects:   0% (1/2990)   Receiving objects:   1% (30/2990)   Receiving objects:   2% (60/2990)   Receiving objects:   3% (90/2990)   Receiving objects:   4% (120/2990)   Receiving objects:   5% (150/2990)   Receiving objects:   6% (180/2990)   Receiving objects:   7% (210/2990)   Receiving objects:   8% (240/2990)   Receiving objects:   9% (270/2990)   Receiving objects:  10% (299/2990)   Receiving objects:  11% (329/2990)   Receiving objects:  12% (359/2990)   Receiving objects:  13% (389/2990)   Receiving objects:  14% (419/2990)   Receiving objects:  15% (449/2990)   Receiving objects:  16% (479/2990)   Receiving objects:  17% (509/2990)   Receiving objects:  18% (539/2990)   Receiving objects:  19% (569/2990)   Receiving objects:  20% (598/2990)   Receiving objects:  21% (628/2990)   Receiving objects:  22% (658/2990)   Receiving objects:  23% (688/2990)   Receiving objects:  24% (718/2990)   Receiving objects:  25% (748/2990)   Receiving objects:  26% (778/2990)   Receiving objects:  27% (808/2990)   Receiving objects:  28% (838/2990)   Receiving objects:  29% (868/2990)   Receiving objects:  30% (897/2990)   Receiving objects:  31% (927/2990)   Receiving objects:  32% (957/2990)   Receiving objects:  33% (987/2990)   Receiving objects:  34% (1017/2990)   Receiving objects:  35% (1047/2990)   Receiving objects:  36% (1077/2990)   Receiving objects:  37% (1107/2990)   Receiving objects:  38% (1137/2990)   Receiving objects:  39% (1167/2990)   Receiving objects:  40% (1196/2990)   Receiving objects:  41% (1226/2990)   Receiving objects:  42% (1256/2990)   Receiving objects:  43% (1286/2990)   Receiving objects:  44% (1316/2990)   Receiving objects:  45% (1346/2990)   Receiving objects:  46% (1376/2990)   Receiving objects:  47% (1406/2990)   Receiving objects:  48% (1436/2990)   Receiving objects:  49% (1466/2990)   Receiving objects:  50% (1495/2990)   Receiving objects:  51% (1525/2990)   Receiving objects:  52% (1555/2990)   Receiving objects:  53% (1585/2990)   Receiving objects:  54% (1615/2990)   Receiving objects:  55% (1645/2990)   Receiving objects:  56% (1675/2990)   Receiving objects:  57% (1705/2990)   Receiving objects:  58% (1735/2990)   Receiving objects:  59% (1765/2990)   Receiving objects:  60% (1794/2990)   Receiving objects:  61% (1824/2990)   Receiving objects:  62% (1854/2990)   Receiving objects:  63% (1884/2990)   Receiving objects:  64% (1914/2990)   Receiving objects:  65% (1944/2990)   Receiving objects:  66% (1974/2990)   Receiving objects:  67% (2004/2990)   Receiving objects:  68% (2034/2990)   Receiving objects:  69% (2064/2990)   Receiving objects:  70% (2093/2990)   Receiving objects:  71% (2123/2990)   Receiving objects:  72% (2153/2990)   Receiving objects:  73% (2183/2990)   Receiving objects:  74% (2213/2990)   Receiving objects:  75% (2243/2990)   Receiving objects:  76% (2273/2990)   Receiving objects:  77% (2303/2990)   Receiving objects:  78% (2333/2990)   Receiving objects:  79% (2363/2990)   Receiving objects:  80% (2392/2990)   Receiving objects:  81% (2422/2990)   Receiving objects:  82% (2452/2990)   Receiving objects:  83% (2482/2990)   Receiving objects:  84% (2512/2990)   Receiving objects:  85% (2542/2990)   Receiving objects:  86% (2572/2990)   Receiving objects:  87% (2602/2990)   Receiving objects:  88% (2632/2990)   Receiving objects:  89% (2662/2990)   Receiving objects:  90% (2691/2990)   Receiving objects:  91% (2721/2990)   Receiving objects:  92% (2751/2990)   Receiving objects:  93% (2781/2990)   Receiving objects:  94% (2811/2990)   Receiving objects:  95% (2841/2990)   Receiving objects:  96% (2871/2990)   Receiving objects:  97% (2901/2990)   remote: Total 2990 (delta 1097), reused 2986 (delta 1093), pack-reused 0[K
Receiving objects:  98% (2931/2990)   Receiving objects:  99% (2961/2990)   Receiving objects: 100% (2990/2990)   Receiving objects: 100% (2990/2990), 2.13 MiB | 0 bytes/s, done.
Resolving deltas:   0% (0/1097)   Resolving deltas:   1% (13/1097)   Resolving deltas:   2% (22/1097)   Resolving deltas:   5% (55/1097)   Resolving deltas:   6% (66/1097)   Resolving deltas:   7% (78/1097)   Resolving deltas:   8% (88/1097)   Resolving deltas:   9% (108/1097)   Resolving deltas:  10% (119/1097)   Resolving deltas:  11% (121/1097)   Resolving deltas:  12% (135/1097)   Resolving deltas:  13% (143/1097)   Resolving deltas:  14% (154/1097)   Resolving deltas:  15% (169/1097)   Resolving deltas:  16% (178/1097)   Resolving deltas:  17% (192/1097)   Resolving deltas:  20% (226/1097)   Resolving deltas:  21% (232/1097)   Resolving deltas:  22% (244/1097)   Resolving deltas:  23% (253/1097)   Resolving deltas:  24% (265/1097)   Resolving deltas:  25% (275/1097)   Resolving deltas:  26% (286/1097)   Resolving deltas:  27% (297/1097)   Resolving deltas:  28% (308/1097)   Resolving deltas:  29% (319/1097)   Resolving deltas:  30% (330/1097)   Resolving deltas:  31% (344/1097)   Resolving deltas:  32% (356/1097)   Resolving deltas:  33% (369/1097)   Resolving deltas:  34% (373/1097)   Resolving deltas:  35% (384/1097)   Resolving deltas:  36% (395/1097)   Resolving deltas:  37% (406/1097)   Resolving deltas:  38% (418/1097)   Resolving deltas:  39% (432/1097)   Resolving deltas:  40% (446/1097)   Resolving deltas:  41% (453/1097)   Resolving deltas:  42% (464/1097)   Resolving deltas:  43% (472/1097)   Resolving deltas:  44% (488/1097)   Resolving deltas:  45% (499/1097)   Resolving deltas:  46% (505/1097)   Resolving deltas:  47% (516/1097)   Resolving deltas:  48% (527/1097)   Resolving deltas:  49% (538/1097)   Resolving deltas:  50% (549/1097)   Resolving deltas:  51% (560/1097)   Resolving deltas:  52% (571/1097)   Resolving deltas:  53% (582/1097)   Resolving deltas:  54% (593/1097)   Resolving deltas:  55% (604/1097)   Resolving deltas:  56% (615/1097)   Resolving deltas:  57% (627/1097)   Resolving deltas:  58% (637/1097)   Resolving deltas:  59% (650/1097)   Resolving deltas:  60% (669/1097)   Resolving deltas:  61% (670/1097)   Resolving deltas:  62% (681/1097)   Resolving deltas:  64% (712/1097)   Resolving deltas:  65% (714/1097)   Resolving deltas:  66% (731/1097)   Resolving deltas:  67% (738/1097)   Resolving deltas:  68% (746/1097)   Resolving deltas:  70% (771/1097)   Resolving deltas:  72% (798/1097)   Resolving deltas:  73% (802/1097)   Resolving deltas:  74% (813/1097)   Resolving deltas:  77% (850/1097)   Resolving deltas:  78% (856/1097)   Resolving deltas:  79% (868/1097)   Resolving deltas:  80% (887/1097)   Resolving deltas:  81% (889/1097)   Resolving deltas:  82% (900/1097)   Resolving deltas:  83% (912/1097)   Resolving deltas:  84% (924/1097)   Resolving deltas:  85% (933/1097)   Resolving deltas:  86% (944/1097)   Resolving deltas:  87% (961/1097)   Resolving deltas:  88% (967/1097)   Resolving deltas:  89% (977/1097)   Resolving deltas:  90% (988/1097)   Resolving deltas:  91% (999/1097)   Resolving deltas:  92% (1010/1097)   Resolving deltas:  93% (1021/1097)   Resolving deltas:  94% (1033/1097)   Resolving deltas:  95% (1043/1097)   Resolving deltas:  96% (1056/1097)   Resolving deltas:  97% (1067/1097)   Resolving deltas:  98% (1086/1097)   Resolving deltas:  99% (1091/1097)   Resolving deltas: 100% (1097/1097)   Resolving deltas: 100% (1097/1097), completed with 2 local objects.
From git://github.com/SonarCommunity/sonar-php
 * branch            refs/pull/13/merge -> FETCH_HEAD
travis_time:end:1857b43f:start=1441107080405867916,finish=1441107080661041035,duration=255173119[0K$ git checkout -qf FETCH_HEAD
travis_fold:end:git.checkout[0Ktravis_fold:start:git.submodule[0Ktravis_time:start:0f1c3d50[0K$ git submodule init
Submodule 'its/sources' (https://github.com/SonarCommunity/php-test-sources.git) registered for path 'its/sources'
travis_time:end:0f1c3d50:start=1441107080848030586,finish=1441107080888826520,duration=40795934[0Ktravis_time:start:01682d5e[0K$ git submodule update
Cloning into 'its/sources'...
remote: Counting objects: 4341, done.[K
remote: Compressing objects:   0% (1/2619)   [Kremote: Compressing objects:   1% (27/2619)   [Kremote: Compressing objects:   2% (53/2619)   [Kremote: Compressing objects:   3% (79/2619)   [Kremote: Compressing objects:   4% (105/2619)   [Kremote: Compressing objects:   5% (131/2619)   [Kremote: Compressing objects:   6% (158/2619)   [Kremote: Compressing objects:   7% (184/2619)   [Kremote: Compressing objects:   8% (210/2619)   [Kremote: Compressing objects:   9% (236/2619)   [Kremote: Compressing objects:  10% (262/2619)   [Kremote: Compressing objects:  11% (289/2619)   [Kremote: Compressing objects:  12% (315/2619)   [Kremote: Compressing objects:  13% (341/2619)   [Kremote: Compressing objects:  14% (367/2619)   [Kremote: Compressing objects:  15% (393/2619)   [Kremote: Compressing objects:  16% (420/2619)   [Kremote: Compressing objects:  17% (446/2619)   [Kremote: Compressing objects:  18% (472/2619)   [Kremote: Compressing objects:  19% (498/2619)   [Kremote: Compressing objects:  20% (524/2619)   [Kremote: Compressing objects:  21% (550/2619)   [Kremote: Compressing objects:  22% (577/2619)   [Kremote: Compressing objects:  23% (603/2619)   [Kremote: Compressing objects:  24% (629/2619)   [Kremote: Compressing objects:  25% (655/2619)   [Kremote: Compressing objects:  26% (681/2619)   [Kremote: Compressing objects:  27% (708/2619)   [Kremote: Compressing objects:  28% (734/2619)   [Kremote: Compressing objects:  29% (760/2619)   [Kremote: Compressing objects:  30% (786/2619)   [Kremote: Compressing objects:  31% (812/2619)   [Kremote: Compressing objects:  32% (839/2619)   [Kremote: Compressing objects:  33% (865/2619)   [Kremote: Compressing objects:  34% (891/2619)   [Kremote: Compressing objects:  35% (917/2619)   [Kremote: Compressing objects:  36% (943/2619)   [Kremote: Compressing objects:  37% (970/2619)   [Kremote: Compressing objects:  38% (996/2619)   [Kremote: Compressing objects:  39% (1022/2619)   [Kremote: Compressing objects:  40% (1048/2619)   [Kremote: Compressing objects:  41% (1074/2619)   [Kremote: Compressing objects:  42% (1100/2619)   [Kremote: Compressing objects:  43% (1127/2619)   [Kremote: Compressing objects:  44% (1153/2619)   [Kremote: Compressing objects:  45% (1179/2619)   [Kremote: Compressing objects:  46% (1205/2619)   [Kremote: Compressing objects:  47% (1231/2619)   [Kremote: Compressing objects:  48% (1258/2619)   [Kremote: Compressing objects:  49% (1284/2619)   [Kremote: Compressing objects:  50% (1310/2619)   [Kremote: Compressing objects:  51% (1336/2619)   [Kremote: Compressing objects:  52% (1362/2619)   [Kremote: Compressing objects:  53% (1389/2619)   [Kremote: Compressing objects:  54% (1415/2619)   [Kremote: Compressing objects:  55% (1441/2619)   [Kremote: Compressing objects:  56% (1467/2619)   [Kremote: Compressing objects:  57% (1493/2619)   [Kremote: Compressing objects:  58% (1520/2619)   [Kremote: Compressing objects:  59% (1546/2619)   [Kremote: Compressing objects:  60% (1572/2619)   [Kremote: Compressing objects:  61% (1598/2619)   [Kremote: Compressing objects:  62% (1624/2619)   [Kremote: Compressing objects:  63% (1650/2619)   [Kremote: Compressing objects:  64% (1677/2619)   [Kremote: Compressing objects:  65% (1703/2619)   [Kremote: Compressing objects:  66% (1729/2619)   [Kremote: Compressing objects:  67% (1755/2619)   [Kremote: Compressing objects:  68% (1781/2619)   [Kremote: Compressing objects:  69% (1808/2619)   [Kremote: Compressing objects:  70% (1834/2619)   [Kremote: Compressing objects:  71% (1860/2619)   [Kremote: Compressing objects:  72% (1886/2619)   [Kremote: Compressing objects:  73% (1912/2619)   [Kremote: Compressing objects:  74% (1939/2619)   [Kremote: Compressing objects:  75% (1965/2619)   [Kremote: Compressing objects:  76% (1991/2619)   [Kremote: Compressing objects:  77% (2017/2619)   [Kremote: Compressing objects:  78% (2043/2619)   [Kremote: Compressing objects:  79% (2070/2619)   [Kremote: Compressing objects:  80% (2096/2619)   [Kremote: Compressing objects:  81% (2122/2619)   [Kremote: Compressing objects:  82% (2148/2619)   [Kremote: Compressing objects:  83% (2174/2619)   [Kremote: Compressing objects:  84% (2200/2619)   [Kremote: Compressing objects:  85% (2227/2619)   [Kremote: Compressing objects:  86% (2253/2619)   [Kremote: Compressing objects:  87% (2279/2619)   [Kremote: Compressing objects:  88% (2305/2619)   [Kremote: Compressing objects:  89% (2331/2619)   [Kremote: Compressing objects:  90% (2358/2619)   [Kremote: Compressing objects:  91% (2384/2619)   [Kremote: Compressing objects:  92% (2410/2619)   [Kremote: Compressing objects:  93% (2436/2619)   [Kremote: Compressing objects:  94% (2462/2619)   [Kremote: Compressing objects:  95% (2489/2619)   [Kremote: Compressing objects:  96% (2515/2619)   [Kremote: Compressing objects:  97% (2541/2619)   [Kremote: Compressing objects:  98% (2567/2619)   [Kremote: Compressing objects:  99% (2593/2619)   [Kremote: Compressing objects: 100% (2619/2619)   [Kremote: Compressing objects: 100% (2619/2619), done.[K
Receiving objects:   0% (1/4341)   Receiving objects:   1% (44/4341)   Receiving objects:   2% (87/4341)   Receiving objects:   3% (131/4341)   Receiving objects:   4% (174/4341)   Receiving objects:   5% (218/4341)   Receiving objects:   6% (261/4341)   Receiving objects:   7% (304/4341)   Receiving objects:   8% (348/4341)   Receiving objects:   9% (391/4341)   Receiving objects:  10% (435/4341)   Receiving objects:  11% (478/4341)   Receiving objects:  12% (521/4341)   Receiving objects:  13% (565/4341)   Receiving objects:  14% (608/4341)   Receiving objects:  15% (652/4341)   Receiving objects:  16% (695/4341)   Receiving objects:  17% (738/4341)   Receiving objects:  18% (782/4341)   Receiving objects:  19% (825/4341)   Receiving objects:  20% (869/4341)   Receiving objects:  21% (912/4341)   Receiving objects:  22% (956/4341)   Receiving objects:  23% (999/4341)   Receiving objects:  24% (1042/4341)   Receiving objects:  25% (1086/4341)   Receiving objects:  26% (1129/4341)   Receiving objects:  27% (1173/4341)   Receiving objects:  28% (1216/4341)   Receiving objects:  29% (1259/4341)   Receiving objects:  30% (1303/4341)   Receiving objects:  31% (1346/4341)   Receiving objects:  32% (1390/4341)   Receiving objects:  33% (1433/4341)   Receiving objects:  34% (1476/4341)   Receiving objects:  35% (1520/4341)   Receiving objects:  36% (1563/4341)   Receiving objects:  37% (1607/4341)   Receiving objects:  38% (1650/4341)   Receiving objects:  39% (1693/4341)   Receiving objects:  40% (1737/4341)   Receiving objects:  41% (1780/4341)   Receiving objects:  42% (1824/4341)   Receiving objects:  43% (1867/4341)   Receiving objects:  44% (1911/4341)   Receiving objects:  45% (1954/4341)   Receiving objects:  46% (1997/4341)   Receiving objects:  47% (2041/4341)   Receiving objects:  48% (2084/4341)   Receiving objects:  49% (2128/4341)   Receiving objects:  50% (2171/4341)   Receiving objects:  51% (2214/4341)   Receiving objects:  52% (2258/4341)   Receiving objects:  53% (2301/4341)   Receiving objects:  54% (2345/4341)   Receiving objects:  55% (2388/4341)   Receiving objects:  56% (2431/4341)   Receiving objects:  57% (2475/4341)   Receiving objects:  58% (2518/4341)   Receiving objects:  59% (2562/4341)   Receiving objects:  60% (2605/4341)   Receiving objects:  61% (2649/4341)   Receiving objects:  62% (2692/4341)   Receiving objects:  63% (2735/4341)   Receiving objects:  64% (2779/4341)   Receiving objects:  65% (2822/4341)   Receiving objects:  66% (2866/4341)   Receiving objects:  67% (2909/4341)   Receiving objects:  68% (2952/4341)   Receiving objects:  69% (2996/4341)   Receiving objects:  70% (3039/4341)   Receiving objects:  71% (3083/4341)   Receiving objects:  72% (3126/4341)   Receiving objects:  73% (3169/4341)   Receiving objects:  74% (3213/4341)   Receiving objects:  75% (3256/4341)   Receiving objects:  76% (3300/4341)   Receiving objects:  77% (3343/4341)   Receiving objects:  78% (3386/4341)   Receiving objects:  79% (3430/4341)   Receiving objects:  80% (3473/4341)   Receiving objects:  81% (3517/4341)   Receiving objects:  82% (3560/4341)   Receiving objects:  83% (3604/4341)   Receiving objects:  84% (3647/4341)   Receiving objects:  85% (3690/4341)   Receiving objects:  86% (3734/4341)   Receiving objects:  87% (3777/4341)   Receiving objects:  88% (3821/4341)   Receiving objects:  89% (3864/4341)   Receiving objects:  90% (3907/4341)   Receiving objects:  91% (3951/4341)   Receiving objects:  92% (3994/4341)   Receiving objects:  93% (4038/4341)   Receiving objects:  94% (4081/4341)   Receiving objects:  95% (4124/4341)   Receiving objects:  96% (4168/4341)   Receiving objects:  97% (4211/4341)   remote: Total 4341 (delta 1589), reused 4341 (delta 1589), pack-reused 0[K
Receiving objects:  98% (4255/4341)   Receiving objects:  99% (4298/4341)   Receiving objects: 100% (4341/4341)   Receiving objects: 100% (4341/4341), 3.26 MiB | 0 bytes/s, done.
Resolving deltas:   0% (0/1589)   Resolving deltas:   1% (16/1589)   Resolving deltas:   2% (33/1589)   Resolving deltas:   3% (49/1589)   Resolving deltas:   4% (64/1589)   Resolving deltas:   5% (84/1589)   Resolving deltas:   6% (96/1589)   Resolving deltas:   8% (129/1589)   Resolving deltas:   9% (147/1589)   Resolving deltas:  10% (160/1589)   Resolving deltas:  11% (186/1589)   Resolving deltas:  12% (196/1589)   Resolving deltas:  18% (296/1589)   Resolving deltas:  22% (359/1589)   Resolving deltas:  23% (367/1589)   Resolving deltas:  24% (382/1589)   Resolving deltas:  25% (401/1589)   Resolving deltas:  26% (419/1589)   Resolving deltas:  27% (430/1589)   Resolving deltas:  28% (445/1589)   Resolving deltas:  29% (467/1589)   Resolving deltas:  30% (477/1589)   Resolving deltas:  31% (494/1589)   Resolving deltas:  32% (509/1589)   Resolving deltas:  33% (526/1589)   Resolving deltas:  34% (543/1589)   Resolving deltas:  35% (563/1589)   Resolving deltas:  36% (576/1589)   Resolving deltas:  37% (590/1589)   Resolving deltas:  38% (607/1589)   Resolving deltas:  39% (622/1589)   Resolving deltas:  40% (638/1589)   Resolving deltas:  41% (652/1589)   Resolving deltas:  42% (674/1589)   Resolving deltas:  43% (684/1589)   Resolving deltas:  44% (700/1589)   Resolving deltas:  45% (717/1589)   Resolving deltas:  46% (734/1589)   Resolving deltas:  47% (749/1589)   Resolving deltas:  49% (781/1589)   Resolving deltas:  50% (797/1589)   Resolving deltas:  51% (811/1589)   Resolving deltas:  52% (827/1589)   Resolving deltas:  53% (848/1589)   Resolving deltas:  54% (861/1589)   Resolving deltas:  55% (876/1589)   Resolving deltas:  56% (896/1589)   Resolving deltas:  57% (911/1589)   Resolving deltas:  58% (927/1589)   Resolving deltas:  59% (941/1589)   Resolving deltas:  60% (959/1589)   Resolving deltas:  61% (970/1589)   Resolving deltas:  62% (986/1589)   Resolving deltas:  63% (1002/1589)   Resolving deltas:  64% (1023/1589)   Resolving deltas:  65% (1033/1589)   Resolving deltas:  66% (1050/1589)   Resolving deltas:  67% (1073/1589)   Resolving deltas:  68% (1085/1589)   Resolving deltas:  69% (1099/1589)   Resolving deltas:  70% (1114/1589)   Resolving deltas:  71% (1129/1589)   Resolving deltas:  72% (1146/1589)   Resolving deltas:  73% (1161/1589)   Resolving deltas:  74% (1178/1589)   Resolving deltas:  75% (1192/1589)   Resolving deltas:  76% (1214/1589)   Resolving deltas:  77% (1224/1589)   Resolving deltas:  78% (1240/1589)   Resolving deltas:  79% (1256/1589)   Resolving deltas:  80% (1274/1589)   Resolving deltas:  81% (1290/1589)   Resolving deltas:  82% (1307/1589)   Resolving deltas:  83% (1320/1589)   Resolving deltas:  84% (1341/1589)   Resolving deltas:  85% (1351/1589)   Resolving deltas:  86% (1367/1589)   Resolving deltas:  87% (1383/1589)   Resolving deltas:  88% (1402/1589)   Resolving deltas:  89% (1416/1589)   Resolving deltas:  90% (1431/1589)   Resolving deltas:  91% (1446/1589)   Resolving deltas:  92% (1464/1589)   Resolving deltas:  93% (1485/1589)   Resolving deltas:  94% (1496/1589)   Resolving deltas:  95% (1515/1589)   Resolving deltas:  96% (1527/1589)   Resolving deltas:  98% (1562/1589)   Resolving deltas:  99% (1574/1589)   Resolving deltas: 100% (1589/1589)   Resolving deltas: 100% (1589/1589), done.
Checking connectivity... done.
Submodule path 'its/sources': checked out '104a4d76ef541693ff0ede0370b18590b7729af3'
travis_time:end:01682d5e:start=1441107080892381172,finish=1441107081686007137,duration=793625965[0Ktravis_fold:end:git.submodule[0K
[33;1mThis job is running on container-based infrastructure, which does not allow use of 'sudo', setuid and setguid executables.[0m
[33;1mIf you require sudo, add 'sudo: required' to your .travis.yml[0m
[33;1mSee http://docs.travis-ci.com/user/workers/container-based-infrastructure/ for details.[0m

[33;1mSetting environment variables from .travis.yml[0m
$ export TESTS=CI

travis_fold:start:cache.1[0KSetting up build cache
$ export CASHER_DIR=$HOME/.casher
travis_time:start:350c061f[0K$ Installing caching utilities
travis_time:end:350c061f:start=1441107083277061632,finish=1441107083326050062,duration=48988430[0Ktravis_time:start:0103a5bc[0Kattempting to download cache archive
fetching PR.13/cache--jdk-oraclejdk7.tgz
found cache
travis_time:end:0103a5bc:start=1441107083331593416,finish=1441107090403522872,duration=7071929456[0Ktravis_time:start:00596622[0Kadding /home/travis/.m2/repository to cache
travis_time:end:00596622:start=1441107090407483889,finish=1441107094662929768,duration=4255445879[0Ktravis_fold:end:cache.1[0K$ jdk_switcher use oraclejdk7
Switching to Oracle JDK7 (java-7-oracle), JAVA_HOME will be set to /usr/lib/jvm/java-7-oracle
$ java -Xmx32m -version
java version "1.7.0_76"
Java(TM) SE Runtime Environment (build 1.7.0_76-b13)
Java HotSpot(TM) 64-Bit Server VM (build 24.76-b04, mixed mode)
$ javac -J-Xmx32m -version
javac 1.7.0_76
travis_fold:start:install[0Ktravis_time:start:052ccec3[0K$ true
travis_time:end:052ccec3:start=1441107095218890472,finish=1441107095221975322,duration=3084850[0Ktravis_fold:end:install[0Ktravis_time:start:2c8a1fa0[0K$ ./travis.sh
Apache Maven 3.2.5 (12a6b3acb947671f09b81f49094c53f426d8cea1; 2014-12-14T17:29:23+00:00)
Maven home: /usr/local/maven
Java version: 1.7.0_76, vendor: Oracle Corporation
Java home: /usr/lib/jvm/java-7-oracle/jre
Default locale: en_US, platform encoding: UTF-8
OS name: "linux", version: "3.13.0-40-generic", arch: "amd64", family: "unix"
[INFO] Error stacktraces are turned on.
[INFO] Scanning for projects...
[INFO] ------------------------------------------------------------------------
[INFO] Reactor Build Order:
[INFO] 
[INFO] PHP
[INFO] PHP :: Squid
[INFO] PHP :: Checks
[INFO] PHP :: Sonar Plugin
[INFO] SonarQube PHP :: SSLR Toolkit
[INFO]                                                                         
[INFO] ------------------------------------------------------------------------
[INFO] Building PHP 2.7-SNAPSHOT
[INFO] ------------------------------------------------------------------------
[INFO] 
[INFO] --- buildnumber-maven-plugin:1.3:create (default) @ parent ---
[INFO] Executing: /bin/sh -c cd /home/travis/build/SonarCommunity/sonar-php && git rev-parse --verify HEAD
[INFO] Working directory: /home/travis/build/SonarCommunity/sonar-php
[INFO] Storing buildNumber: cfa9905d877c64a32826dc2c538f250331fd5a5b at timestamp: 1441107098571
[WARNING] Cannot get the branch information from the git repository: 
Detecting the current branch failed: fatal: ref HEAD is not a symbolic ref

[INFO] Executing: /bin/sh -c cd /home/travis/build/SonarCommunity/sonar-php && git rev-parse --verify HEAD
[INFO] Working directory: /home/travis/build/SonarCommunity/sonar-php
[INFO] Storing buildScmBranch: UNKNOWN
[INFO] 
[INFO] --- maven-enforcer-plugin:1.3.1:enforce (enforce) @ parent ---
[INFO] 
[INFO] --- maven-license-plugin:1.10.b1:check (enforce-license-headers) @ parent ---
[INFO] Checking licenses...
[INFO] 
[INFO] --- animal-sniffer-maven-plugin:1.13:check (enforce-java-api-compatibility) @ parent ---
[INFO] Checking unresolved references to org.codehaus.mojo.signature:java17:1.0
[INFO] 
[INFO] --- maven-source-plugin:2.4:jar-no-fork (attach-sources) @ parent ---
[INFO]                                                                         
[INFO] ------------------------------------------------------------------------
[INFO] Building PHP :: Squid 2.7-SNAPSHOT
[INFO] ------------------------------------------------------------------------
[INFO] 
[INFO] --- buildnumber-maven-plugin:1.3:create (default) @ php-squid ---
[INFO] 
[INFO] --- maven-enforcer-plugin:1.3.1:enforce (enforce) @ php-squid ---
[INFO] 
[INFO] --- maven-license-plugin:1.10.b1:check (enforce-license-headers) @ php-squid ---
[INFO] Checking licenses...
[INFO] 
[INFO] --- maven-resources-plugin:2.7:resources (default-resources) @ php-squid ---
[INFO] Using 'UTF-8' encoding to copy filtered resources.
[INFO] skip non existing resourceDirectory /home/travis/build/SonarCommunity/sonar-php/php-squid/src/main/resources
[INFO] 
[INFO] --- maven-compiler-plugin:3.2:compile (default-compile) @ php-squid ---
[INFO] Changes detected - recompiling the module!
[INFO] Compiling 12 source files to /home/travis/build/SonarCommunity/sonar-php/php-squid/target/classes
[INFO] /home/travis/build/SonarCommunity/sonar-php/php-squid/src/main/java/org/sonar/php/PHPAstScanner.java: /home/travis/build/SonarCommunity/sonar-php/php-squid/src/main/java/org/sonar/php/PHPAstScanner.java uses unchecked or unsafe operations.
[INFO] /home/travis/build/SonarCommunity/sonar-php/php-squid/src/main/java/org/sonar/php/PHPAstScanner.java: Recompile with -Xlint:unchecked for details.
[INFO] 
[INFO] --- maven-resources-plugin:2.7:testResources (default-testResources) @ php-squid ---
[INFO] Using 'UTF-8' encoding to copy filtered resources.
[INFO] Copying 8 resources
[INFO] 
[INFO] --- maven-compiler-plugin:3.2:testCompile (default-testCompile) @ php-squid ---
[INFO] Changes detected - recompiling the module!
[INFO] Compiling 124 source files to /home/travis/build/SonarCommunity/sonar-php/php-squid/target/test-classes
[INFO] /home/travis/build/SonarCommunity/sonar-php/php-squid/src/test/java/org/sonar/php/PHPAstScannerTest.java: Some input files use unchecked or unsafe operations.
[INFO] /home/travis/build/SonarCommunity/sonar-php/php-squid/src/test/java/org/sonar/php/PHPAstScannerTest.java: Recompile with -Xlint:unchecked for details.
[INFO] 
[INFO] --- maven-surefire-plugin:2.18:test (default-test) @ php-squid ---
[INFO] Surefire report directory: /home/travis/build/SonarCommunity/sonar-php/php-squid/target/surefire-reports

-------------------------------------------------------
 T E S T S
-------------------------------------------------------
Running org.sonar.php.parser.declaration.UseDeclarationsTest
Tests run: 1, Failures: 0, Errors: 0, Skipped: 0, Time elapsed: 0.056 sec - in org.sonar.php.parser.declaration.UseDeclarationsTest
Running org.sonar.php.parser.lexical.VarIdentifierTest
Tests run: 1, Failures: 0, Errors: 0, Skipped: 0, Time elapsed: 0.004 sec - in org.sonar.php.parser.lexical.VarIdentifierTest
Running org.sonar.php.parser.statement.TryStatementTest
Tests run: 1, Failures: 0, Errors: 0, Skipped: 0, Time elapsed: 0.046 sec - in org.sonar.php.parser.statement.TryStatementTest
Running org.sonar.php.parser.lexical.FileOpeningTagTest
Tests run: 1, Failures: 0, Errors: 0, Skipped: 0, Time elapsed: 0.008 sec - in org.sonar.php.parser.lexical.FileOpeningTagTest
Running org.sonar.php.parser.expression.AssignmentExprTest
Tests run: 1, Failures: 0, Errors: 0, Skipped: 0, Time elapsed: 0.058 sec - in org.sonar.php.parser.expression.AssignmentExprTest
Running org.sonar.php.parser.declaration.MethodDeclarationTest
Tests run: 2, Failures: 0, Errors: 0, Skipped: 0, Time elapsed: 0.023 sec - in org.sonar.php.parser.declaration.MethodDeclarationTest
Running org.sonar.php.parser.statement.TraitMethodReferenceTest
Tests run: 1, Failures: 0, Errors: 0, Skipped: 0, Time elapsed: 0.008 sec - in org.sonar.php.parser.statement.TraitMethodReferenceTest
Running org.sonar.php.parser.expression.PrimaryExpressionTest
Tests run: 1, Failures: 0, Errors: 0, Skipped: 0, Time elapsed: 0.01 sec - in org.sonar.php.parser.expression.PrimaryExpressionTest
Running org.sonar.php.parser.expression.LogicalAndExpressionTest
Tests run: 1, Failures: 0, Errors: 0, Skipped: 0, Time elapsed: 0.01 sec - in org.sonar.php.parser.expression.LogicalAndExpressionTest
Running org.sonar.php.parser.expression.ExitExprTest
Tests run: 1, Failures: 0, Errors: 0, Skipped: 0, Time elapsed: 0.009 sec - in org.sonar.php.parser.expression.ExitExprTest
Running org.sonar.php.parser.expression.InternalFunctionTest
Tests run: 1, Failures: 0, Errors: 0, Skipped: 0, Time elapsed: 0.016 sec - in org.sonar.php.parser.expression.InternalFunctionTest
Running org.sonar.php.parser.declaration.ParameterListTest
Tests run: 1, Failures: 0, Errors: 0, Skipped: 0, Time elapsed: 0.009 sec - in org.sonar.php.parser.declaration.ParameterListTest
Running org.sonar.php.parser.declaration.UseFunctionDeclarationStatementTest
Tests run: 1, Failures: 0, Errors: 0, Skipped: 0, Time elapsed: 0.006 sec - in org.sonar.php.parser.declaration.UseFunctionDeclarationStatementTest
Running org.sonar.php.parser.statement.UnqualifiedNameTest
Tests run: 1, Failures: 0, Errors: 0, Skipped: 0, Time elapsed: 0.006 sec - in org.sonar.php.parser.statement.UnqualifiedNameTest
Running org.sonar.php.parser.expression.CompoundVariableTest
Tests run: 1, Failures: 0, Errors: 0, Skipped: 0, Time elapsed: 0.008 sec - in org.sonar.php.parser.expression.CompoundVariableTest
Running org.sonar.php.parser.statement.CaseClauseTest
Tests run: 1, Failures: 0, Errors: 0, Skipped: 0, Time elapsed: 0.01 sec - in org.sonar.php.parser.statement.CaseClauseTest
Running org.sonar.php.parser.declaration.InterfaceDeclarationTest
Tests run: 1, Failures: 0, Errors: 0, Skipped: 0, Time elapsed: 0.01 sec - in org.sonar.php.parser.declaration.InterfaceDeclarationTest
Running org.sonar.php.parser.lexical.StringLiteralTest
Tests run: 2, Failures: 0, Errors: 0, Skipped: 0, Time elapsed: 0.017 sec - in org.sonar.php.parser.lexical.StringLiteralTest
Running org.sonar.php.parser.expression.ComplexEncapsVariableTest
Tests run: 3, Failures: 0, Errors: 0, Skipped: 0, Time elapsed: 0.025 sec - in org.sonar.php.parser.expression.ComplexEncapsVariableTest
Running org.sonar.php.parser.expression.VariableWithoutObjectsTest
Tests run: 1, Failures: 0, Errors: 0, Skipped: 0, Time elapsed: 0.005 sec - in org.sonar.php.parser.expression.VariableWithoutObjectsTest
Running org.sonar.php.parser.statement.HaltCompilerStatementTest
Tests run: 1, Failures: 0, Errors: 0, Skipped: 0, Time elapsed: 0.002 sec - in org.sonar.php.parser.statement.HaltCompilerStatementTest
Running org.sonar.php.parser.expression.ArrayPairTest
Tests run: 1, Failures: 0, Errors: 0, Skipped: 0, Time elapsed: 0.005 sec - in org.sonar.php.parser.expression.ArrayPairTest
Running org.sonar.php.parser.statement.GotoStatementTest
Tests run: 1, Failures: 0, Errors: 0, Skipped: 0, Time elapsed: 0.002 sec - in org.sonar.php.parser.statement.GotoStatementTest
Running org.sonar.php.parser.statement.FullyQualifiedNameTest
Tests run: 1, Failures: 0, Errors: 0, Skipped: 0, Time elapsed: 0.004 sec - in org.sonar.php.parser.statement.FullyQualifiedNameTest
Running org.sonar.php.parser.expression.CombinedScalarOffsetTest
Tests run: 1, Failures: 0, Errors: 0, Skipped: 0, Time elapsed: 0.004 sec - in org.sonar.php.parser.expression.CombinedScalarOffsetTest
Running org.sonar.php.parser.expression.CommonScalarTest
Tests run: 1, Failures: 0, Errors: 0, Skipped: 0, Time elapsed: 0.012 sec - in org.sonar.php.parser.expression.CommonScalarTest
Running org.sonar.php.parser.expression.VariableTest
Tests run: 1, Failures: 0, Errors: 0, Skipped: 0, Time elapsed: 0.028 sec - in org.sonar.php.parser.expression.VariableTest
Running org.sonar.php.parser.expression.ShiftExpressionTest
Tests run: 1, Failures: 0, Errors: 0, Skipped: 0, Time elapsed: 0.005 sec - in org.sonar.php.parser.expression.ShiftExpressionTest
Running org.sonar.php.parser.statement.LabelTest
Tests run: 1, Failures: 0, Errors: 0, Skipped: 0, Time elapsed: 0.003 sec - in org.sonar.php.parser.statement.LabelTest
Running org.sonar.php.parser.expression.ObjectDimListTest
Tests run: 1, Failures: 0, Errors: 0, Skipped: 0, Time elapsed: 0.006 sec - in org.sonar.php.parser.expression.ObjectDimListTest
Running org.sonar.php.parser.expression.LexicalVarTest
Tests run: 1, Failures: 0, Errors: 0, Skipped: 0, Time elapsed: 0.001 sec - in org.sonar.php.parser.expression.LexicalVarTest
Running org.sonar.php.parser.expression.LexicalVarsTest
Tests run: 1, Failures: 0, Errors: 0, Skipped: 0, Time elapsed: 0.002 sec - in org.sonar.php.parser.expression.LexicalVarsTest
Running org.sonar.php.parser.expression.BooleanLiteralTest
Tests run: 1, Failures: 0, Errors: 0, Skipped: 0, Time elapsed: 0.001 sec - in org.sonar.php.parser.expression.BooleanLiteralTest
Running org.sonar.php.parser.expression.ReferenceVariableTest
Tests run: 1, Failures: 0, Errors: 0, Skipped: 0, Time elapsed: 0.009 sec - in org.sonar.php.parser.expression.ReferenceVariableTest
Running org.sonar.php.parser.statement.NamespaceStatementTest
Tests run: 1, Failures: 0, Errors: 0, Skipped: 0, Time elapsed: 0.008 sec - in org.sonar.php.parser.statement.NamespaceStatementTest
Running org.sonar.php.parser.statement.UseStatementTest
Tests run: 1, Failures: 0, Errors: 0, Skipped: 0, Time elapsed: 0 sec - in org.sonar.php.parser.statement.UseStatementTest
Running org.sonar.php.parser.statement.StaticVarListTest
Tests run: 1, Failures: 0, Errors: 0, Skipped: 0, Time elapsed: 0 sec - in org.sonar.php.parser.statement.StaticVarListTest
Running org.sonar.php.parser.statement.EchoStatementTest
Tests run: 1, Failures: 0, Errors: 0, Skipped: 0, Time elapsed: 0.003 sec - in org.sonar.php.parser.statement.EchoStatementTest
Running org.sonar.php.parser.statement.TraitAdaptationsTest
Tests run: 1, Failures: 0, Errors: 0, Skipped: 0, Time elapsed: 0.002 sec - in org.sonar.php.parser.statement.TraitAdaptationsTest
Running org.sonar.php.parser.declaration.ClassVariableDeclarationTest
Tests run: 1, Failures: 0, Errors: 0, Skipped: 0, Time elapsed: 0.002 sec - in org.sonar.php.parser.declaration.ClassVariableDeclarationTest
Running org.sonar.php.parser.expression.SemiComplexEncapsVariableTest
Tests run: 3, Failures: 0, Errors: 0, Skipped: 0, Time elapsed: 0.015 sec - in org.sonar.php.parser.expression.SemiComplexEncapsVariableTest
Running org.sonar.php.parser.statement.TraitAdaptationStatementTest
Tests run: 1, Failures: 0, Errors: 0, Skipped: 0, Time elapsed: 0.003 sec - in org.sonar.php.parser.statement.TraitAdaptationStatementTest
Running org.sonar.php.parser.declaration.ClassConstDeclarationTest
Tests run: 1, Failures: 0, Errors: 0, Skipped: 0, Time elapsed: 0.003 sec - in org.sonar.php.parser.declaration.ClassConstDeclarationTest
Running org.sonar.php.parser.expression.StaticMemberAccessTest
Tests run: 1, Failures: 0, Errors: 0, Skipped: 0, Time elapsed: 0.004 sec - in org.sonar.php.parser.expression.StaticMemberAccessTest
Running org.sonar.php.parser.expression.BitewiseXorExpressionTest
Tests run: 1, Failures: 0, Errors: 0, Skipped: 0, Time elapsed: 0.003 sec - in org.sonar.php.parser.expression.BitewiseXorExpressionTest
Running org.sonar.php.parser.CompilationUnitTest
Tests run: 1, Failures: 0, Errors: 0, Skipped: 0, Time elapsed: 0.006 sec - in org.sonar.php.parser.CompilationUnitTest
Running org.sonar.php.parser.statement.GlobalStatementTest
Tests run: 1, Failures: 0, Errors: 0, Skipped: 0, Time elapsed: 0.003 sec - in org.sonar.php.parser.statement.GlobalStatementTest
Running org.sonar.php.parser.expression.ConditionalExpressionTest
Tests run: 1, Failures: 0, Errors: 0, Skipped: 0, Time elapsed: 0.004 sec - in org.sonar.php.parser.expression.ConditionalExpressionTest
Running org.sonar.php.parser.lexical.IdentifierTest
Tests run: 1, Failures: 0, Errors: 0, Skipped: 0, Time elapsed: 0.002 sec - in org.sonar.php.parser.lexical.IdentifierTest
Running org.sonar.php.parser.declaration.ClassDeclarationTest
Tests run: 1, Failures: 0, Errors: 0, Skipped: 0, Time elapsed: 0.005 sec - in org.sonar.php.parser.declaration.ClassDeclarationTest
Running org.sonar.php.parser.expression.UnaryExprTest
Tests run: 1, Failures: 0, Errors: 0, Skipped: 0, Time elapsed: 0.009 sec - in org.sonar.php.parser.expression.UnaryExprTest
Running org.sonar.php.parser.expression.YieldExpressionTest
Tests run: 1, Failures: 0, Errors: 0, Skipped: 0, Time elapsed: 0.003 sec - in org.sonar.php.parser.expression.YieldExpressionTest
Running org.sonar.php.PHPAstScannerTest
Tests run: 8, Failures: 0, Errors: 0, Skipped: 0, Time elapsed: 0.211 sec - in org.sonar.php.PHPAstScannerTest
Running org.sonar.php.parser.statement.GlobalVarListTest
Tests run: 1, Failures: 0, Errors: 0, Skipped: 0, Time elapsed: 0.004 sec - in org.sonar.php.parser.statement.GlobalVarListTest
Running org.sonar.php.parser.statement.TraitAliasTest
Tests run: 1, Failures: 0, Errors: 0, Skipped: 0, Time elapsed: 0.001 sec - in org.sonar.php.parser.statement.TraitAliasTest
Running org.sonar.php.parser.statement.ContinueStatementTest
Tests run: 1, Failures: 0, Errors: 0, Skipped: 0, Time elapsed: 0.001 sec - in org.sonar.php.parser.statement.ContinueStatementTest
Running org.sonar.php.parser.expression.SimpleEncapsVariableTest
Tests run: 3, Failures: 0, Errors: 0, Skipped: 0, Time elapsed: 0.003 sec - in org.sonar.php.parser.expression.SimpleEncapsVariableTest
Running org.sonar.php.parser.statement.StaticStatementTest
Tests run: 1, Failures: 0, Errors: 0, Skipped: 0, Time elapsed: 0.002 sec - in org.sonar.php.parser.statement.StaticStatementTest
Running org.sonar.php.parser.statement.TraitMethodReferenceFullyQualifiedTest
Tests run: 1, Failures: 0, Errors: 0, Skipped: 0, Time elapsed: 0.001 sec - in org.sonar.php.parser.statement.TraitMethodReferenceFullyQualifiedTest
Running org.sonar.php.parser.statement.ThrowStatementTest
Tests run: 1, Failures: 0, Errors: 0, Skipped: 0, Time elapsed: 0.002 sec - in org.sonar.php.parser.statement.ThrowStatementTest
Running org.sonar.php.parser.expression.CombinedScalarTest
Tests run: 1, Failures: 0, Errors: 0, Skipped: 0, Time elapsed: 0.002 sec - in org.sonar.php.parser.expression.CombinedScalarTest
Running org.sonar.php.parser.expression.FunctionCallParameterListTest
Tests run: 1, Failures: 0, Errors: 0, Skipped: 0, Time elapsed: 0.002 sec - in org.sonar.php.parser.expression.FunctionCallParameterListTest
Running org.sonar.php.parser.expression.MultiplicativeExpressionTest
Tests run: 1, Failures: 0, Errors: 0, Skipped: 0, Time elapsed: 0.003 sec - in org.sonar.php.parser.expression.MultiplicativeExpressionTest
Running org.sonar.php.parser.statement.DeclareStatementTest
Tests run: 1, Failures: 0, Errors: 0, Skipped: 0, Time elapsed: 0.002 sec - in org.sonar.php.parser.statement.DeclareStatementTest
Running org.sonar.php.parser.expression.ClassNameTest
Tests run: 1, Failures: 0, Errors: 0, Skipped: 0, Time elapsed: 0.001 sec - in org.sonar.php.parser.expression.ClassNameTest
Running org.sonar.php.parser.expression.DimensionalOffsetTest
Tests run: 1, Failures: 0, Errors: 0, Skipped: 0, Time elapsed: 0.002 sec - in org.sonar.php.parser.expression.DimensionalOffsetTest
Running org.sonar.php.parser.declaration.UseConstDeclarationStatementTest
Tests run: 1, Failures: 0, Errors: 0, Skipped: 0, Time elapsed: 0.001 sec - in org.sonar.php.parser.declaration.UseConstDeclarationStatementTest
Running org.sonar.php.parser.expression.VariableNameTest
Tests run: 1, Failures: 0, Errors: 0, Skipped: 0, Time elapsed: 0.002 sec - in org.sonar.php.parser.expression.VariableNameTest
Running org.sonar.php.parser.statement.GlobalVarTest
Tests run: 1, Failures: 0, Errors: 0, Skipped: 0, Time elapsed: 0.155 sec - in org.sonar.php.parser.statement.GlobalVarTest
Running org.sonar.php.parser.statement.IfStatementTest
Tests run: 2, Failures: 0, Errors: 0, Skipped: 0, Time elapsed: 0 sec - in org.sonar.php.parser.statement.IfStatementTest
Running org.sonar.php.parser.statement.BreakStatementTest
Tests run: 1, Failures: 0, Errors: 0, Skipped: 0, Time elapsed: 0 sec - in org.sonar.php.parser.statement.BreakStatementTest
Running org.sonar.php.parser.statement.StatementTest
Tests run: 2, Failures: 0, Errors: 0, Skipped: 0, Time elapsed: 0 sec - in org.sonar.php.parser.statement.StatementTest
Running org.sonar.php.metrics.FileLinesVisitorTest
Tests run: 1, Failures: 0, Errors: 0, Skipped: 0, Time elapsed: 0.089 sec - in org.sonar.php.metrics.FileLinesVisitorTest
Running org.sonar.php.parser.lexical.HeredocTest
Tests run: 1, Failures: 0, Errors: 0, Skipped: 0, Time elapsed: 0.001 sec - in org.sonar.php.parser.lexical.HeredocTest
Running org.sonar.php.parser.statement.TraitPrecedenceTest
Tests run: 1, Failures: 0, Errors: 0, Skipped: 0, Time elapsed: 0.001 sec - in org.sonar.php.parser.statement.TraitPrecedenceTest
Running org.sonar.php.parser.statement.TraitUseStatementTest
Tests run: 1, Failures: 0, Errors: 0, Skipped: 0, Time elapsed: 0.001 sec - in org.sonar.php.parser.statement.TraitUseStatementTest
Running org.sonar.php.parser.statement.NewIfStatementTest
Tests run: 1, Failures: 0, Errors: 0, Skipped: 0, Time elapsed: 0.002 sec - in org.sonar.php.parser.statement.NewIfStatementTest
Running org.sonar.php.parser.expression.AssignmentByReferenceTest
Tests run: 1, Failures: 0, Errors: 0, Skipped: 0, Time elapsed: 0.002 sec - in org.sonar.php.parser.expression.AssignmentByReferenceTest
Running org.sonar.php.parser.statement.BlockTest
Tests run: 1, Failures: 0, Errors: 0, Skipped: 0, Time elapsed: 0.001 sec - in org.sonar.php.parser.statement.BlockTest
Running org.sonar.php.parser.expression.NewExprTest
Tests run: 1, Failures: 0, Errors: 0, Skipped: 0, Time elapsed: 0.002 sec - in org.sonar.php.parser.expression.NewExprTest
Running org.sonar.php.parser.lexical.InlineHtmlTest
Tests run: 1, Failures: 0, Errors: 0, Skipped: 0, Time elapsed: 0 sec - in org.sonar.php.parser.lexical.InlineHtmlTest
Running org.sonar.php.parser.expression.SimpleIndirectReferenceVariableTest
Tests run: 1, Failures: 0, Errors: 0, Skipped: 0, Time elapsed: 0.001 sec - in org.sonar.php.parser.expression.SimpleIndirectReferenceVariableTest
Running org.sonar.php.parser.lexical.EncapsStringLiteralTest
Tests run: 2, Failures: 0, Errors: 0, Skipped: 0, Time elapsed: 0.002 sec - in org.sonar.php.parser.lexical.EncapsStringLiteralTest
Running org.sonar.php.parser.lexical.NumericLiteralTest
Tests run: 1, Failures: 0, Errors: 0, Skipped: 0, Time elapsed: 0 sec - in org.sonar.php.parser.lexical.NumericLiteralTest
Running org.sonar.php.parser.statement.ForeachStatementTest
Tests run: 1, Failures: 0, Errors: 0, Skipped: 0, Time elapsed: 0 sec - in org.sonar.php.parser.statement.ForeachStatementTest
Running org.sonar.php.parser.declaration.UseFunctionDeclarationTest
Tests run: 1, Failures: 0, Errors: 0, Skipped: 0, Time elapsed: 0 sec - in org.sonar.php.parser.declaration.UseFunctionDeclarationTest
Running org.sonar.php.parser.statement.DoWhileStatementTest
Tests run: 1, Failures: 0, Errors: 0, Skipped: 0, Time elapsed: 0 sec - in org.sonar.php.parser.statement.DoWhileStatementTest
Running org.sonar.php.parser.statement.ForStatementTest
Tests run: 1, Failures: 0, Errors: 0, Skipped: 0, Time elapsed: 0.003 sec - in org.sonar.php.parser.statement.ForStatementTest
Running org.sonar.php.parser.statement.QualifiedNameTest
Tests run: 1, Failures: 0, Errors: 0, Skipped: 0, Time elapsed: 0.001 sec - in org.sonar.php.parser.statement.QualifiedNameTest
Running org.sonar.php.parser.declaration.FunctionDeclarationTest
Tests run: 1, Failures: 0, Errors: 0, Skipped: 0, Time elapsed: 0.002 sec - in org.sonar.php.parser.declaration.FunctionDeclarationTest
Running org.sonar.php.parser.expression.FunctionExpressionTest
Tests run: 1, Failures: 0, Errors: 0, Skipped: 0, Time elapsed: 0.002 sec - in org.sonar.php.parser.expression.FunctionExpressionTest
Running org.sonar.php.parser.expression.LogicalXorExpressionTest
Tests run: 1, Failures: 0, Errors: 0, Skipped: 0, Time elapsed: 0.002 sec - in org.sonar.php.parser.expression.LogicalXorExpressionTest
Running org.sonar.php.parser.statement.UnsetVariableStatementTest
Tests run: 1, Failures: 0, Errors: 0, Skipped: 0, Time elapsed: 0.001 sec - in org.sonar.php.parser.statement.UnsetVariableStatementTest
Running org.sonar.php.parser.expression.EqualityExpressionTest
Tests run: 1, Failures: 0, Errors: 0, Skipped: 0, Time elapsed: 0.002 sec - in org.sonar.php.parser.expression.EqualityExpressionTest
Running org.sonar.php.parser.expression.RelationalExpressionTest
Tests run: 1, Failures: 0, Errors: 0, Skipped: 0, Time elapsed: 0.002 sec - in org.sonar.php.parser.expression.RelationalExpressionTest
Running org.sonar.php.parser.expression.PostfixExprTest
Tests run: 1, Failures: 0, Errors: 0, Skipped: 0, Time elapsed: 0.002 sec - in org.sonar.php.parser.expression.PostfixExprTest
Running org.sonar.php.parser.statement.DefaultClauseTest
Tests run: 1, Failures: 0, Errors: 0, Skipped: 0, Time elapsed: 0.002 sec - in org.sonar.php.parser.statement.DefaultClauseTest
Running org.sonar.php.parser.statement.ForExprTest
Tests run: 1, Failures: 0, Errors: 0, Skipped: 0, Time elapsed: 0 sec - in org.sonar.php.parser.statement.ForExprTest
Running org.sonar.php.parser.declaration.UseDeclarationTest
Tests run: 1, Failures: 0, Errors: 0, Skipped: 0, Time elapsed: 0 sec - in org.sonar.php.parser.declaration.UseDeclarationTest
Running org.sonar.php.parser.expression.AdditiveExpressionTest
Tests run: 1, Failures: 0, Errors: 0, Skipped: 0, Time elapsed: 0.001 sec - in org.sonar.php.parser.expression.AdditiveExpressionTest
Running org.sonar.php.parser.expression.staticExpr.StaticScalarTest
Tests run: 1, Failures: 0, Errors: 0, Skipped: 0, Time elapsed: 0.001 sec - in org.sonar.php.parser.expression.staticExpr.StaticScalarTest
Running org.sonar.php.parser.KeywordTest
Tests run: 2, Failures: 0, Errors: 0, Skipped: 0, Time elapsed: 0.004 sec - in org.sonar.php.parser.KeywordTest
Running org.sonar.php.parser.expression.EncapsVarTest
Tests run: 1, Failures: 0, Errors: 0, Skipped: 0, Time elapsed: 0.002 sec - in org.sonar.php.parser.expression.EncapsVarTest
Running org.sonar.php.parser.expression.BitewiseAndExpressionTest
Tests run: 1, Failures: 0, Errors: 0, Skipped: 0, Time elapsed: 0.002 sec - in org.sonar.php.parser.expression.BitewiseAndExpressionTest
Running org.sonar.php.parser.declaration.VariableModifiersTest
Tests run: 1, Failures: 0, Errors: 0, Skipped: 0, Time elapsed: 0.002 sec - in org.sonar.php.parser.declaration.VariableModifiersTest
Running org.sonar.php.parser.expression.ConcatenationExpressionTest
Tests run: 1, Failures: 0, Errors: 0, Skipped: 0, Time elapsed: 0.002 sec - in org.sonar.php.parser.expression.ConcatenationExpressionTest
Running org.sonar.php.parser.statement.SwitchStatementTest
Tests run: 1, Failures: 0, Errors: 0, Skipped: 0, Time elapsed: 0.003 sec - in org.sonar.php.parser.statement.SwitchStatementTest
Running org.sonar.php.parser.expression.EncapsListTest
Tests run: 1, Failures: 0, Errors: 0, Skipped: 0, Time elapsed: 0.002 sec - in org.sonar.php.parser.expression.EncapsListTest
Running org.sonar.php.parser.declaration.UseFunctionDeclarationsTest
Tests run: 1, Failures: 0, Errors: 0, Skipped: 0, Time elapsed: 0.001 sec - in org.sonar.php.parser.declaration.UseFunctionDeclarationsTest
Running org.sonar.php.parser.statement.NamespaceNameTest
Tests run: 1, Failures: 0, Errors: 0, Skipped: 0, Time elapsed: 0.001 sec - in org.sonar.php.parser.statement.NamespaceNameTest
Running org.sonar.php.parser.statement.YieldStatementTest
Tests run: 1, Failures: 0, Errors: 0, Skipped: 0, Time elapsed: 0.001 sec - in org.sonar.php.parser.statement.YieldStatementTest
Running org.sonar.php.parser.declaration.VariableDeclarationTest
Tests run: 1, Failures: 0, Errors: 0, Skipped: 0, Time elapsed: 0.001 sec - in org.sonar.php.parser.declaration.VariableDeclarationTest
Running org.sonar.php.parser.declaration.ImplementsListTest
Tests run: 1, Failures: 0, Errors: 0, Skipped: 0, Time elapsed: 0.001 sec - in org.sonar.php.parser.declaration.ImplementsListTest
Running org.sonar.php.parser.expression.ObjectMemberAccessTest
Tests run: 1, Failures: 0, Errors: 0, Skipped: 0, Time elapsed: 0.012 sec - in org.sonar.php.parser.expression.ObjectMemberAccessTest
Running org.sonar.php.parser.declaration.ConstantDeclarationTest
Tests run: 1, Failures: 0, Errors: 0, Skipped: 0, Time elapsed: 0.001 sec - in org.sonar.php.parser.declaration.ConstantDeclarationTest
Running org.sonar.php.parser.statement.FullyQualifiedClassNameTest
Tests run: 1, Failures: 0, Errors: 0, Skipped: 0, Time elapsed: 0.001 sec - in org.sonar.php.parser.statement.FullyQualifiedClassNameTest
Running org.sonar.php.parser.declaration.MemberModifierTest
Tests run: 1, Failures: 0, Errors: 0, Skipped: 0, Time elapsed: 0 sec - in org.sonar.php.parser.declaration.MemberModifierTest
Running org.sonar.php.parser.expression.BitewiseOrExpressionTest
Tests run: 1, Failures: 0, Errors: 0, Skipped: 0, Time elapsed: 0.001 sec - in org.sonar.php.parser.expression.BitewiseOrExpressionTest
Running org.sonar.php.parser.expression.LogicalOrExpressionTest
Tests run: 1, Failures: 0, Errors: 0, Skipped: 0, Time elapsed: 0.002 sec - in org.sonar.php.parser.expression.LogicalOrExpressionTest
Running org.sonar.php.parser.expression.EncapsDImensionalOffsetTest
Tests run: 1, Failures: 0, Errors: 0, Skipped: 0, Time elapsed: 0.001 sec - in org.sonar.php.parser.expression.EncapsDImensionalOffsetTest
Running org.sonar.php.parser.statement.WhileStatementTest
Tests run: 1, Failures: 0, Errors: 0, Skipped: 0, Time elapsed: 0.001 sec - in org.sonar.php.parser.statement.WhileStatementTest
Running org.sonar.php.parser.statement.ClassStatementTest
Tests run: 1, Failures: 0, Errors: 0, Skipped: 0, Time elapsed: 0.001 sec - in org.sonar.php.parser.statement.ClassStatementTest
Running org.sonar.php.parser.declaration.ParameterTest
Tests run: 1, Failures: 0, Errors: 0, Skipped: 0, Time elapsed: 0.002 sec - in org.sonar.php.parser.declaration.ParameterTest

Results :




Tests run: 142, Failures: 0, Errors: 0, Skipped: 0

[INFO] 
[INFO] --- maven-jar-plugin:2.5:jar (default-jar) @ php-squid ---
[INFO] Building jar: /home/travis/build/SonarCommunity/sonar-php/php-squid/target/php-squid-2.7-SNAPSHOT.jar
[INFO] 
[INFO] --- animal-sniffer-maven-plugin:1.13:check (enforce-java-api-compatibility) @ php-squid ---
[INFO] Checking unresolved references to org.codehaus.mojo.signature:java17:1.0
[INFO] 
[INFO] --- maven-source-plugin:2.4:jar-no-fork (attach-sources) @ php-squid ---
[INFO] Building jar: /home/travis/build/SonarCommunity/sonar-php/php-squid/target/php-squid-2.7-SNAPSHOT-sources.jar
[INFO]                                                                         
[INFO] ------------------------------------------------------------------------
[INFO] Building PHP :: Checks 2.7-SNAPSHOT
[INFO] ------------------------------------------------------------------------
[INFO] 
[INFO] --- buildnumber-maven-plugin:1.3:create (default) @ php-checks ---
[INFO] 
[INFO] --- maven-enforcer-plugin:1.3.1:enforce (enforce) @ php-checks ---
[INFO] 
[INFO] --- maven-license-plugin:1.10.b1:check (enforce-license-headers) @ php-checks ---
[INFO] Checking licenses...
[INFO] 
[INFO] --- maven-resources-plugin:2.7:resources (default-resources) @ php-checks ---
[INFO] Using 'UTF-8' encoding to copy filtered resources.
[INFO] Copying 109 resources
[INFO] 
[INFO] --- maven-compiler-plugin:3.2:compile (default-compile) @ php-checks ---
[INFO] Changes detected - recompiling the module!
[INFO] Compiling 125 source files to /home/travis/build/SonarCommunity/sonar-php/php-checks/target/classes
[INFO] /home/travis/build/SonarCommunity/sonar-php/php-checks/src/main/java/org/sonar/php/checks/TabCharacterCheck.java: Some input files use or override a deprecated API.
[INFO] /home/travis/build/SonarCommunity/sonar-php/php-checks/src/main/java/org/sonar/php/checks/TabCharacterCheck.java: Recompile with -Xlint:deprecation for details.
[INFO] 
[INFO] --- maven-resources-plugin:2.7:testResources (default-testResources) @ php-checks ---
[INFO] Using 'UTF-8' encoding to copy filtered resources.
[INFO] Copying 138 resources
[INFO] 
[INFO] --- maven-compiler-plugin:3.2:testCompile (default-testCompile) @ php-checks ---
[INFO] Changes detected - recompiling the module!
[INFO] Compiling 118 source files to /home/travis/build/SonarCommunity/sonar-php/php-checks/target/test-classes
[INFO] /home/travis/build/SonarCommunity/sonar-php/php-checks/src/test/java/org/sonar/php/checks/TrailingWhitespaceCheckTest.java: Some input files use unchecked or unsafe operations.
[INFO] /home/travis/build/SonarCommunity/sonar-php/php-checks/src/test/java/org/sonar/php/checks/TrailingWhitespaceCheckTest.java: Recompile with -Xlint:unchecked for details.
[INFO] 
[INFO] --- maven-surefire-plugin:2.18:test (default-test) @ php-checks ---
[INFO] Surefire report directory: /home/travis/build/SonarCommunity/sonar-php/php-checks/target/surefire-reports

-------------------------------------------------------
 T E S T S
-------------------------------------------------------
Running org.sonar.php.checks.VariableVariablesCheckTest
Tests run: 1, Failures: 0, Errors: 0, Skipped: 0, Time elapsed: 0.385 sec - in org.sonar.php.checks.VariableVariablesCheckTest
Running org.sonar.php.checks.FieldNameCheckTest
Tests run: 2, Failures: 0, Errors: 0, Skipped: 0, Time elapsed: 0.166 sec - in org.sonar.php.checks.FieldNameCheckTest
Running org.sonar.php.checks.LocalVariableAndParameterNameCheckTest
Tests run: 2, Failures: 0, Errors: 0, Skipped: 0, Time elapsed: 0.26 sec - in org.sonar.php.checks.LocalVariableAndParameterNameCheckTest
Running org.sonar.php.checks.MoreThanOneClassInFileCheckTest
Tests run: 4, Failures: 0, Errors: 0, Skipped: 0, Time elapsed: 0.062 sec - in org.sonar.php.checks.MoreThanOneClassInFileCheckTest
Running org.sonar.php.checks.EmptyStatementCheckTest
Tests run: 1, Failures: 0, Errors: 0, Skipped: 0, Time elapsed: 0.025 sec - in org.sonar.php.checks.EmptyStatementCheckTest
Running org.sonar.php.checks.ClassCouplingCheckTest
Tests run: 2, Failures: 0, Errors: 0, Skipped: 0, Time elapsed: 0.074 sec - in org.sonar.php.checks.ClassCouplingCheckTest
Running org.sonar.php.checks.StringLiteralDuplicatedCheckTest
Tests run: 2, Failures: 0, Errors: 0, Skipped: 0, Time elapsed: 0.035 sec - in org.sonar.php.checks.StringLiteralDuplicatedCheckTest
Running org.sonar.php.checks.SwitchWithoutDefaultCheckTest
Tests run: 1, Failures: 0, Errors: 0, Skipped: 0, Time elapsed: 0.016 sec - in org.sonar.php.checks.SwitchWithoutDefaultCheckTest
Running org.sonar.php.checks.DuplicateBranchImplementationCheckTest
Tests run: 1, Failures: 0, Errors: 0, Skipped: 0, Time elapsed: 0.041 sec - in org.sonar.php.checks.DuplicateBranchImplementationCheckTest
Running org.sonar.php.checks.ClosingTagInFullPHPFileCheckTest
Tests run: 2, Failures: 0, Errors: 0, Skipped: 0, Time elapsed: 0.025 sec - in org.sonar.php.checks.ClosingTagInFullPHPFileCheckTest
Running org.sonar.php.checks.UnusedPrivateFieldCheckTest
Tests run: 1, Failures: 0, Errors: 0, Skipped: 0, Time elapsed: 0.012 sec - in org.sonar.php.checks.UnusedPrivateFieldCheckTest
Running org.sonar.php.checks.InlineHTMLInFileCheckTest
Tests run: 3, Failures: 0, Errors: 0, Skipped: 0, Time elapsed: 0.02 sec - in org.sonar.php.checks.InlineHTMLInFileCheckTest
Running org.sonar.php.checks.DuplicatedFunctionArgumentCheckTest
Tests run: 1, Failures: 0, Errors: 0, Skipped: 0, Time elapsed: 0.006 sec - in org.sonar.php.checks.DuplicatedFunctionArgumentCheckTest
Running org.sonar.php.checks.AtLeastThreeCasesInSwitchCheckTest
Tests run: 1, Failures: 0, Errors: 0, Skipped: 0, Time elapsed: 0.022 sec - in org.sonar.php.checks.AtLeastThreeCasesInSwitchCheckTest
Running org.sonar.php.checks.CollapsibleIfStatementCheckTest
Tests run: 1, Failures: 0, Errors: 0, Skipped: 0, Time elapsed: 0.016 sec - in org.sonar.php.checks.CollapsibleIfStatementCheckTest
Running org.sonar.php.checks.FileNameCheckTest
Tests run: 4, Failures: 0, Errors: 0, Skipped: 0, Time elapsed: 0.036 sec - in org.sonar.php.checks.FileNameCheckTest
Running org.sonar.php.checks.formatting.CurlyBraceCheckTest
Tests run: 2, Failures: 0, Errors: 0, Skipped: 0, Time elapsed: 0.043 sec - in org.sonar.php.checks.formatting.CurlyBraceCheckTest
Running org.sonar.php.checks.NonEmptyCaseWithoutBreakCheckTest
Tests run: 1, Failures: 0, Errors: 0, Skipped: 0, Time elapsed: 0.028 sec - in org.sonar.php.checks.NonEmptyCaseWithoutBreakCheckTest
Running org.sonar.php.checks.OneStatementPerLineCheckTest
Tests run: 1, Failures: 0, Errors: 0, Skipped: 0, Time elapsed: 0.01 sec - in org.sonar.php.checks.OneStatementPerLineCheckTest
Running org.sonar.php.checks.MethodNameReturningBooleanCheckTest
Tests run: 1, Failures: 0, Errors: 0, Skipped: 0, Time elapsed: 0.008 sec - in org.sonar.php.checks.MethodNameReturningBooleanCheckTest
Running org.sonar.php.checks.CharacterBeforeOpeningPHPTagCheckTest
Tests run: 2, Failures: 0, Errors: 0, Skipped: 0, Time elapsed: 0.011 sec - in org.sonar.php.checks.CharacterBeforeOpeningPHPTagCheckTest
Running org.sonar.php.checks.formatting.FunctionSpacingCheckTest
Tests run: 2, Failures: 0, Errors: 0, Skipped: 0, Time elapsed: 0.023 sec - in org.sonar.php.checks.formatting.FunctionSpacingCheckTest
Running org.sonar.php.checks.formatting.NamespaceAndUseStatementCheckTest
Tests run: 2, Failures: 0, Errors: 0, Skipped: 0, Time elapsed: 0.016 sec - in org.sonar.php.checks.formatting.NamespaceAndUseStatementCheckTest
Running org.sonar.php.checks.LeftCurlyBraceEndsLineCheckTest
Tests run: 1, Failures: 0, Errors: 0, Skipped: 0, Time elapsed: 0.004 sec - in org.sonar.php.checks.LeftCurlyBraceEndsLineCheckTest
Running org.sonar.php.checks.LineLengthCheckTest
Tests run: 2, Failures: 0, Errors: 0, Skipped: 0, Time elapsed: 0.028 sec - in org.sonar.php.checks.LineLengthCheckTest
Running org.sonar.php.checks.GlobalKeywordAndArrayUsageCheckTest
Tests run: 1, Failures: 0, Errors: 0, Skipped: 0, Time elapsed: 0.015 sec - in org.sonar.php.checks.GlobalKeywordAndArrayUsageCheckTest
Running org.sonar.php.checks.TooManyFunctionParametersCheckTest
Tests run: 2, Failures: 0, Errors: 0, Skipped: 0, Time elapsed: 0.01 sec - in org.sonar.php.checks.TooManyFunctionParametersCheckTest
Running org.sonar.php.checks.SilencedErrorsCheckTest
Tests run: 1, Failures: 0, Errors: 0, Skipped: 0, Time elapsed: 0.005 sec - in org.sonar.php.checks.SilencedErrorsCheckTest
Running org.sonar.php.checks.TooManyLinesInFileCheckTest
Tests run: 2, Failures: 0, Errors: 0, Skipped: 0, Time elapsed: 0.01 sec - in org.sonar.php.checks.TooManyLinesInFileCheckTest
Running org.sonar.php.checks.NestedFunctionDepthCheckTest
Tests run: 2, Failures: 0, Errors: 0, Skipped: 0, Time elapsed: 0.035 sec - in org.sonar.php.checks.NestedFunctionDepthCheckTest
Running org.sonar.php.checks.SelfKeywordUsageCheckTest
Tests run: 1, Failures: 0, Errors: 0, Skipped: 0, Time elapsed: 0.009 sec - in org.sonar.php.checks.SelfKeywordUsageCheckTest
Running org.sonar.php.checks.TooManyReturnCheckTest
Tests run: 2, Failures: 0, Errors: 0, Skipped: 0, Time elapsed: 0.014 sec - in org.sonar.php.checks.TooManyReturnCheckTest
Running org.sonar.php.checks.EmptyNestedBlockCheckTest
Tests run: 1, Failures: 0, Errors: 0, Skipped: 0, Time elapsed: 0.006 sec - in org.sonar.php.checks.EmptyNestedBlockCheckTest
Running org.sonar.php.checks.CodeFollowingJumpStatementCheckTest
Tests run: 1, Failures: 0, Errors: 0, Skipped: 0, Time elapsed: 0.01 sec - in org.sonar.php.checks.CodeFollowingJumpStatementCheckTest
Running org.sonar.php.checks.UnusedFunctionParametersCheckTest
Tests run: 1, Failures: 0, Errors: 0, Skipped: 0, Time elapsed: 0.011 sec - in org.sonar.php.checks.UnusedFunctionParametersCheckTest
Running org.sonar.php.checks.AlwaysUseCurlyBracesCheckTest
Tests run: 1, Failures: 0, Errors: 0, Skipped: 0, Time elapsed: 0.008 sec - in org.sonar.php.checks.AlwaysUseCurlyBracesCheckTest
Running org.sonar.php.checks.MissingMethodVisibilityCheckTest
Tests run: 1, Failures: 0, Errors: 0, Skipped: 0, Time elapsed: 0.013 sec - in org.sonar.php.checks.MissingMethodVisibilityCheckTest
Running org.sonar.php.checks.CommentedOutCodeCheckTest
Tests run: 1, Failures: 0, Errors: 0, Skipped: 0, Time elapsed: 0.007 sec - in org.sonar.php.checks.CommentedOutCodeCheckTest
Running org.sonar.php.checks.RequireInsteadOfRequireOnceCheckTest
Tests run: 1, Failures: 0, Errors: 0, Skipped: 0, Time elapsed: 0.004 sec - in org.sonar.php.checks.RequireInsteadOfRequireOnceCheckTest
Running org.sonar.php.checks.GenericExceptionCheckTest
Tests run: 6, Failures: 0, Errors: 0, Skipped: 0, Time elapsed: 0.035 sec - in org.sonar.php.checks.GenericExceptionCheckTest
Running org.sonar.php.checks.NonLFCharAsEOLCheckTest
Tests run: 2, Failures: 0, Errors: 0, Skipped: 0, Time elapsed: 0.017 sec - in org.sonar.php.checks.NonLFCharAsEOLCheckTest
Running org.sonar.php.checks.EvalUseCheckTest
Tests run: 1, Failures: 0, Errors: 0, Skipped: 0, Time elapsed: 0 sec - in org.sonar.php.checks.EvalUseCheckTest
Running org.sonar.php.checks.RightCurlyBraceStartsLineCheckTest
Tests run: 1, Failures: 0, Errors: 0, Skipped: 0, Time elapsed: 0.007 sec - in org.sonar.php.checks.RightCurlyBraceStartsLineCheckTest
Running org.sonar.php.checks.SelfAssignmentCheckTest
Tests run: 1, Failures: 0, Errors: 0, Skipped: 0, Time elapsed: 0.002 sec - in org.sonar.php.checks.SelfAssignmentCheckTest
Running org.sonar.php.checks.BooleanEqualityComparisonCheckTest
Tests run: 1, Failures: 0, Errors: 0, Skipped: 0, Time elapsed: 0.008 sec - in org.sonar.php.checks.BooleanEqualityComparisonCheckTest
Running org.sonar.php.checks.TooManyMethodsInClassCheckTest
Tests run: 3, Failures: 0, Errors: 0, Skipped: 0, Time elapsed: 0.035 sec - in org.sonar.php.checks.TooManyMethodsInClassCheckTest
Running org.sonar.php.checks.formatting.ControlStructureSpacingTest
Tests run: 2, Failures: 0, Errors: 0, Skipped: 0, Time elapsed: 0.021 sec - in org.sonar.php.checks.formatting.ControlStructureSpacingTest
Running org.sonar.php.checks.ReturnOfBooleanExpressionCheckTest
Tests run: 1, Failures: 0, Errors: 0, Skipped: 0, Time elapsed: 0.008 sec - in org.sonar.php.checks.ReturnOfBooleanExpressionCheckTest
Running org.sonar.php.checks.ArgumentWithDefaultValueNotLastCheckTest
Tests run: 1, Failures: 0, Errors: 0, Skipped: 0, Time elapsed: 0.006 sec - in org.sonar.php.checks.ArgumentWithDefaultValueNotLastCheckTest
Running org.sonar.php.checks.ClassNameCheckTest
Tests run: 2, Failures: 0, Errors: 0, Skipped: 0, Time elapsed: 0.016 sec - in org.sonar.php.checks.ClassNameCheckTest
Running org.sonar.php.checks.ForHidingWhileCheckTest
Tests run: 1, Failures: 0, Errors: 0, Skipped: 0, Time elapsed: 0.005 sec - in org.sonar.php.checks.ForHidingWhileCheckTest
Running org.sonar.php.checks.ElseIfWithoutElseCheckTest
Tests run: 1, Failures: 0, Errors: 0, Skipped: 0, Time elapsed: 0.015 sec - in org.sonar.php.checks.ElseIfWithoutElseCheckTest
Running org.sonar.php.checks.ThisVariableUsageInStaticContextCheckTest
Tests run: 1, Failures: 0, Errors: 0, Skipped: 0, Time elapsed: 0 sec - in org.sonar.php.checks.ThisVariableUsageInStaticContextCheckTest
Running org.sonar.php.checks.ConstructorDependencyInversionCheckTest
Tests run: 1, Failures: 0, Errors: 0, Skipped: 0, Time elapsed: 0.014 sec - in org.sonar.php.checks.ConstructorDependencyInversionCheckTest
Running org.sonar.php.checks.FunctionNameCheckTest
Tests run: 2, Failures: 0, Errors: 0, Skipped: 0, Time elapsed: 0.017 sec - in org.sonar.php.checks.FunctionNameCheckTest
Running org.sonar.php.checks.HardCodedCredentialsCheckTest
Tests run: 1, Failures: 0, Errors: 0, Skipped: 0, Time elapsed: 0.005 sec - in org.sonar.php.checks.HardCodedCredentialsCheckTest
Running org.sonar.php.checks.CallToIniSetCheckTest
Tests run: 1, Failures: 0, Errors: 0, Skipped: 0, Time elapsed: 0.003 sec - in org.sonar.php.checks.CallToIniSetCheckTest
Running org.sonar.php.checks.UselessObjectCreationCheckTest
Tests run: 1, Failures: 0, Errors: 0, Skipped: 0, Time elapsed: 0.006 sec - in org.sonar.php.checks.UselessObjectCreationCheckTest
Running org.sonar.php.checks.TooManyCasesInSwitchCheckTest
Tests run: 2, Failures: 0, Errors: 0, Skipped: 0, Time elapsed: 0.005 sec - in org.sonar.php.checks.TooManyCasesInSwitchCheckTest
Running org.sonar.php.checks.LeftCurlyBraceStartsLineCheckTest
Tests run: 1, Failures: 0, Errors: 0, Skipped: 0, Time elapsed: 0.005 sec - in org.sonar.php.checks.LeftCurlyBraceStartsLineCheckTest
Running org.sonar.php.checks.OverridingMethodSimplyCallParentCheckTest
Tests run: 1, Failures: 0, Errors: 0, Skipped: 0, Time elapsed: 0.011 sec - in org.sonar.php.checks.OverridingMethodSimplyCallParentCheckTest
Running org.sonar.php.checks.ExpressionComplexityCheckTest
Tests run: 2, Failures: 0, Errors: 0, Skipped: 0, Time elapsed: 0.018 sec - in org.sonar.php.checks.ExpressionComplexityCheckTest
Running org.sonar.php.checks.ConcatenatedStringLiteralCheckTest
Tests run: 1, Failures: 0, Errors: 0, Skipped: 0, Time elapsed: 0.005 sec - in org.sonar.php.checks.ConcatenatedStringLiteralCheckTest
Running org.sonar.php.checks.DeprecatedPredefinedVariablesUseCheckTest
Tests run: 1, Failures: 0, Errors: 0, Skipped: 0, Time elapsed: 0.006 sec - in org.sonar.php.checks.DeprecatedPredefinedVariablesUseCheckTest
Running org.sonar.php.checks.formatting.PunctuatorSpacingCheckTest
Tests run: 2, Failures: 0, Errors: 0, Skipped: 0, Time elapsed: 0.019 sec - in org.sonar.php.checks.formatting.PunctuatorSpacingCheckTest
Running org.sonar.php.checks.ReferenceInFunctionCallCheckTest
Tests run: 1, Failures: 0, Errors: 0, Skipped: 0, Time elapsed: 0 sec - in org.sonar.php.checks.ReferenceInFunctionCallCheckTest
Running org.sonar.php.checks.TooManyLinesInClassCheckTest
Tests run: 2, Failures: 0, Errors: 0, Skipped: 0, Time elapsed: 0.007 sec - in org.sonar.php.checks.TooManyLinesInClassCheckTest
Running org.sonar.php.checks.LowerCaseColorCheckTest
Tests run: 1, Failures: 0, Errors: 0, Skipped: 0, Time elapsed: 0.001 sec - in org.sonar.php.checks.LowerCaseColorCheckTest
Running org.sonar.php.checks.LogicalWordOperatorUsageCheckTest
Tests run: 1, Failures: 0, Errors: 0, Skipped: 0, Time elapsed: 0.006 sec - in org.sonar.php.checks.LogicalWordOperatorUsageCheckTest
Running org.sonar.php.checks.TodoTagPresenceCheckTest
Tests run: 1, Failures: 0, Errors: 0, Skipped: 0, Time elapsed: 0.002 sec - in org.sonar.php.checks.TodoTagPresenceCheckTest
Running org.sonar.php.checks.ClassComplexityCheckTest
Tests run: 2, Failures: 0, Errors: 0, Skipped: 0, Time elapsed: 0.007 sec - in org.sonar.php.checks.ClassComplexityCheckTest
Running org.sonar.php.checks.DuplicateConditionCheckTest
Tests run: 1, Failures: 0, Errors: 0, Skipped: 0, Time elapsed: 0.005 sec - in org.sonar.php.checks.DuplicateConditionCheckTest
Running org.sonar.php.checks.FixmeTagPresenceCheckTest
Tests run: 1, Failures: 0, Errors: 0, Skipped: 0, Time elapsed: 0.003 sec - in org.sonar.php.checks.FixmeTagPresenceCheckTest
Running org.sonar.php.checks.IfConditionAlwaysTrueOrFalseCheckTest
Tests run: 1, Failures: 0, Errors: 0, Skipped: 0, Time elapsed: 0.005 sec - in org.sonar.php.checks.IfConditionAlwaysTrueOrFalseCheckTest
Running org.sonar.php.checks.TabCharacterCheckTest
Tests run: 1, Failures: 0, Errors: 0, Skipped: 0, Time elapsed: 0.002 sec - in org.sonar.php.checks.TabCharacterCheckTest
Running org.sonar.php.checks.GotoUseCheckTest
Tests run: 1, Failures: 0, Errors: 0, Skipped: 0, Time elapsed: 0.005 sec - in org.sonar.php.checks.GotoUseCheckTest
Running org.sonar.php.checks.TrailingWhitespaceCheckTest
Tests run: 1, Failures: 0, Errors: 0, Skipped: 0, Time elapsed: 0.003 sec - in org.sonar.php.checks.TrailingWhitespaceCheckTest
Running org.sonar.php.checks.PhpSapiNameFunctionUsageCheckTest
Tests run: 1, Failures: 0, Errors: 0, Skipped: 0, Time elapsed: 0.013 sec - in org.sonar.php.checks.PhpSapiNameFunctionUsageCheckTest
Running org.sonar.php.checks.CheckListTest
Tests run: 2, Failures: 0, Errors: 0, Skipped: 0, Time elapsed: 0.017 sec - in org.sonar.php.checks.CheckListTest
Running org.sonar.php.checks.ConstructorDeclarationCheckTest
Tests run: 1, Failures: 0, Errors: 0, Skipped: 0, Time elapsed: 0.003 sec - in org.sonar.php.checks.ConstructorDeclarationCheckTest
Running org.sonar.php.checks.DirectlyAccessingSuperGlobalCheckTest
Tests run: 1, Failures: 0, Errors: 0, Skipped: 0, Time elapsed: 0.005 sec - in org.sonar.php.checks.DirectlyAccessingSuperGlobalCheckTest
Running org.sonar.php.checks.LocalVariableShadowsClassFieldCheckTest
Tests run: 1, Failures: 0, Errors: 0, Skipped: 0, Time elapsed: 0.007 sec - in org.sonar.php.checks.LocalVariableShadowsClassFieldCheckTest
Running org.sonar.php.checks.SwitchCaseTooBigCheckTest
Tests run: 2, Failures: 0, Errors: 0, Skipped: 0, Time elapsed: 0.02 sec - in org.sonar.php.checks.SwitchCaseTooBigCheckTest
Running org.sonar.php.checks.FunctionComplexityCheckTest
Tests run: 2, Failures: 0, Errors: 0, Skipped: 0, Time elapsed: 0.015 sec - in org.sonar.php.checks.FunctionComplexityCheckTest
Running org.sonar.php.checks.VarKeywordUsageCheckTest
Tests run: 1, Failures: 0, Errors: 0, Skipped: 0, Time elapsed: 0.005 sec - in org.sonar.php.checks.VarKeywordUsageCheckTest
Running org.sonar.php.checks.InterfaceNameCheckTest
Tests run: 1, Failures: 0, Errors: 0, Skipped: 0, Time elapsed: 0.005 sec - in org.sonar.php.checks.InterfaceNameCheckTest
Running org.sonar.php.checks.ElseIfSequenceKeywordUsageCheckTest
Tests run: 1, Failures: 0, Errors: 0, Skipped: 0, Time elapsed: 0.002 sec - in org.sonar.php.checks.ElseIfSequenceKeywordUsageCheckTest
Running org.sonar.php.checks.KeywordsAndConstantsNotLowerCaseCheckTest
Tests run: 1, Failures: 0, Errors: 0, Skipped: 0, Time elapsed: 0.004 sec - in org.sonar.php.checks.KeywordsAndConstantsNotLowerCaseCheckTest
Running org.sonar.php.checks.UnusedLocalVariableCheckTest
Tests run: 1, Failures: 0, Errors: 0, Skipped: 0, Time elapsed: 0.016 sec - in org.sonar.php.checks.UnusedLocalVariableCheckTest
Running org.sonar.php.checks.OpeningPHPTagCheckTest
Tests run: 4, Failures: 0, Errors: 0, Skipped: 0, Time elapsed: 0.007 sec - in org.sonar.php.checks.OpeningPHPTagCheckTest
Running org.sonar.php.checks.TooManyFieldsInClassCheckTest
Tests run: 3, Failures: 0, Errors: 0, Skipped: 0, Time elapsed: 0.009 sec - in org.sonar.php.checks.TooManyFieldsInClassCheckTest
Running org.sonar.php.checks.FunctionDefineOutsideClassCheckTest
Tests run: 1, Failures: 0, Errors: 0, Skipped: 0, Time elapsed: 0.017 sec - in org.sonar.php.checks.FunctionDefineOutsideClassCheckTest
Running org.sonar.php.checks.PHP5DeprecatedFunctionUsageCheckTest
Tests run: 1, Failures: 0, Errors: 0, Skipped: 0, Time elapsed: 0.022 sec - in org.sonar.php.checks.PHP5DeprecatedFunctionUsageCheckTest
Running org.sonar.php.checks.MissingNewLineAtEOFCheckTest
Tests run: 3, Failures: 0, Errors: 0, Skipped: 0, Time elapsed: 0.013 sec - in org.sonar.php.checks.MissingNewLineAtEOFCheckTest
Running org.sonar.php.checks.IncrementDecrementInSubExpressionCheckTest
Tests run: 1, Failures: 0, Errors: 0, Skipped: 0, Time elapsed: 0.006 sec - in org.sonar.php.checks.IncrementDecrementInSubExpressionCheckTest
Running org.sonar.php.checks.RedundantFinalCheckTest
Tests run: 1, Failures: 0, Errors: 0, Skipped: 0, Time elapsed: 0.003 sec - in org.sonar.php.checks.RedundantFinalCheckTest
Running org.sonar.php.checks.TooManyLinesInFunctionCheckTest
Tests run: 2, Failures: 0, Errors: 0, Skipped: 0, Time elapsed: 0.011 sec - in org.sonar.php.checks.TooManyLinesInFunctionCheckTest
Running org.sonar.php.checks.FileWithSymbolsAndSideEffectsCheckTest
Tests run: 2, Failures: 0, Errors: 0, Skipped: 0, Time elapsed: 0.051 sec - in org.sonar.php.checks.FileWithSymbolsAndSideEffectsCheckTest
Running org.sonar.php.checks.formatting.ExtendsImplementsLineCheckTest
Tests run: 2, Failures: 0, Errors: 0, Skipped: 0, Time elapsed: 0.018 sec - in org.sonar.php.checks.formatting.ExtendsImplementsLineCheckTest
Running org.sonar.php.checks.UnusedPrivateMethodCheckTest
Tests run: 1, Failures: 0, Errors: 0, Skipped: 0, Time elapsed: 0.038 sec - in org.sonar.php.checks.UnusedPrivateMethodCheckTest
Running org.sonar.php.checks.ForLoopCounterChangedCheckTest
Tests run: 1, Failures: 0, Errors: 0, Skipped: 0, Time elapsed: 0.024 sec - in org.sonar.php.checks.ForLoopCounterChangedCheckTest
Running org.sonar.php.checks.TrailingCommentCheckTest
Tests run: 2, Failures: 0, Errors: 0, Skipped: 0, Time elapsed: 0.009 sec - in org.sonar.php.checks.TrailingCommentCheckTest
Running org.sonar.php.checks.ConstantNameCheckTest
Tests run: 2, Failures: 0, Errors: 0, Skipped: 0, Time elapsed: 0.02 sec - in org.sonar.php.checks.ConstantNameCheckTest
Running org.sonar.php.checks.ImmediatelyReturnedVariableCheckTest
Tests run: 1, Failures: 0, Errors: 0, Skipped: 0, Time elapsed: 0.005 sec - in org.sonar.php.checks.ImmediatelyReturnedVariableCheckTest
Running org.sonar.php.checks.EchoWithParenthesisCheckTest
Tests run: 1, Failures: 0, Errors: 0, Skipped: 0, Time elapsed: 0.002 sec - in org.sonar.php.checks.EchoWithParenthesisCheckTest
Running org.sonar.php.checks.FileHeaderCheckTest
Tests run: 1, Failures: 0, Errors: 0, Skipped: 0, Time elapsed: 0.028 sec - in org.sonar.php.checks.FileHeaderCheckTest
Running org.sonar.php.checks.NestedControlFlowDepthCheckTest
Tests run: 2, Failures: 0, Errors: 0, Skipped: 0, Time elapsed: 0.008 sec - in org.sonar.php.checks.NestedControlFlowDepthCheckTest
Running org.sonar.php.checks.PerlStyleCommentsUsageCheckTest
Tests run: 1, Failures: 0, Errors: 0, Skipped: 0, Time elapsed: 0.004 sec - in org.sonar.php.checks.PerlStyleCommentsUsageCheckTest
Running org.sonar.php.checks.IdenticalOperandsInBinaryExpressionCheckTest
Tests run: 1, Failures: 0, Errors: 0, Skipped: 0, Time elapsed: 0.005 sec - in org.sonar.php.checks.IdenticalOperandsInBinaryExpressionCheckTest
Running org.sonar.php.checks.OnePropertyDeclarationPerStatementCheckTest
Tests run: 1, Failures: 0, Errors: 0, Skipped: 0, Time elapsed: 0.004 sec - in org.sonar.php.checks.OnePropertyDeclarationPerStatementCheckTest
Running org.sonar.php.checks.ModifiersOrderCheckTest
Tests run: 1, Failures: 0, Errors: 0, Skipped: 0, Time elapsed: 0.006 sec - in org.sonar.php.checks.ModifiersOrderCheckTest
Running org.sonar.php.checks.CallParentConstructorCheckTest
Tests run: 1, Failures: 0, Errors: 0, Skipped: 0, Time elapsed: 0 sec - in org.sonar.php.checks.CallParentConstructorCheckTest
Running org.sonar.php.checks.SleepFunctionUsageCheckTest
Tests run: 1, Failures: 0, Errors: 0, Skipped: 0, Time elapsed: 0.002 sec - in org.sonar.php.checks.SleepFunctionUsageCheckTest
Running org.sonar.php.checks.formatting.IndentationCheckTest
Tests run: 2, Failures: 0, Errors: 0, Skipped: 0, Time elapsed: 0.02 sec - in org.sonar.php.checks.formatting.IndentationCheckTest
Running org.sonar.php.checks.ExitOrDieUsageCheckTest
Tests run: 1, Failures: 0, Errors: 0, Skipped: 0, Time elapsed: 0 sec - in org.sonar.php.checks.ExitOrDieUsageCheckTest

Results :




Tests run: 170, Failures: 0, Errors: 0, Skipped: 0

[INFO] 
[INFO] --- maven-jar-plugin:2.5:jar (default-jar) @ php-checks ---
[INFO] Building jar: /home/travis/build/SonarCommunity/sonar-php/php-checks/target/php-checks-2.7-SNAPSHOT.jar
[INFO] 
[INFO] --- animal-sniffer-maven-plugin:1.13:check (enforce-java-api-compatibility) @ php-checks ---
[INFO] Checking unresolved references to org.codehaus.mojo.signature:java17:1.0
[INFO] 
[INFO] --- maven-source-plugin:2.4:jar-no-fork (attach-sources) @ php-checks ---
[INFO] Building jar: /home/travis/build/SonarCommunity/sonar-php/php-checks/target/php-checks-2.7-SNAPSHOT-sources.jar
[INFO]                                                                         
[INFO] ------------------------------------------------------------------------
[INFO] Building PHP :: Sonar Plugin 2.7-SNAPSHOT
[INFO] ------------------------------------------------------------------------
[INFO] 
[INFO] --- buildnumber-maven-plugin:1.3:create (default) @ sonar-php-plugin ---
[INFO] 
[INFO] --- maven-enforcer-plugin:1.3.1:enforce (enforce) @ sonar-php-plugin ---
[INFO] 
[INFO] --- maven-license-plugin:1.10.b1:check (enforce-license-headers) @ sonar-php-plugin ---
[INFO] Checking licenses...
[INFO] 
[INFO] --- sonar-packaging-maven-plugin:1.12.1:check-dependencies (default-check-dependencies) @ sonar-php-plugin ---
[INFO] 
[INFO] --- maven-resources-plugin:2.7:resources (default-resources) @ sonar-php-plugin ---
[INFO] Using 'UTF-8' encoding to copy filtered resources.
[INFO] Copying 2 resources
[INFO] 
[INFO] --- maven-compiler-plugin:3.2:compile (default-compile) @ sonar-php-plugin ---
[INFO] Changes detected - recompiling the module!
[INFO] Compiling 35 source files to /home/travis/build/SonarCommunity/sonar-php/sonar-php-plugin/target/classes
[INFO] /home/travis/build/SonarCommunity/sonar-php/sonar-php-plugin/src/main/java/org/sonar/plugins/php/core/NoSonarAndCommentedOutLocSensor.java: Some input files use or override a deprecated API.
[INFO] /home/travis/build/SonarCommunity/sonar-php/sonar-php-plugin/src/main/java/org/sonar/plugins/php/core/NoSonarAndCommentedOutLocSensor.java: Recompile with -Xlint:deprecation for details.
[INFO] /home/travis/build/SonarCommunity/sonar-php/sonar-php-plugin/src/main/java/org/sonar/plugins/php/phpunit/PhpUnitCoverageResultParser.java: Some input files use unchecked or unsafe operations.
[INFO] /home/travis/build/SonarCommunity/sonar-php/sonar-php-plugin/src/main/java/org/sonar/plugins/php/phpunit/PhpUnitCoverageResultParser.java: Recompile with -Xlint:unchecked for details.
[INFO] 
[INFO] --- maven-resources-plugin:2.7:testResources (default-testResources) @ sonar-php-plugin ---
[INFO] Using 'UTF-8' encoding to copy filtered resources.
[INFO] Copying 17 resources
[INFO] 
[INFO] --- maven-compiler-plugin:3.2:testCompile (default-testCompile) @ sonar-php-plugin ---
[INFO] Changes detected - recompiling the module!
[INFO] Compiling 23 source files to /home/travis/build/SonarCommunity/sonar-php/sonar-php-plugin/target/test-classes
[INFO] /home/travis/build/SonarCommunity/sonar-php/sonar-php-plugin/src/test/java/org/sonar/plugins/php/phpunit/PhpUnitCoverageResultParserTest.java: Some input files use or override a deprecated API.
[INFO] /home/travis/build/SonarCommunity/sonar-php/sonar-php-plugin/src/test/java/org/sonar/plugins/php/phpunit/PhpUnitCoverageResultParserTest.java: Recompile with -Xlint:deprecation for details.
[INFO] 
[INFO] --- maven-surefire-plugin:2.18:test (default-test) @ sonar-php-plugin ---
[INFO] Surefire report directory: /home/travis/build/SonarCommunity/sonar-php/sonar-php-plugin/target/surefire-reports

-------------------------------------------------------
 T E S T S
-------------------------------------------------------
Running org.sonar.plugins.php.phpunit.PhpUnitSensorTest
Tests run: 6, Failures: 0, Errors: 0, Skipped: 0, Time elapsed: 0.431 sec - in org.sonar.plugins.php.phpunit.PhpUnitSensorTest
Running org.sonar.plugins.php.DrupalProfileTest
Tests run: 1, Failures: 0, Errors: 0, Skipped: 0, Time elapsed: 0.107 sec - in org.sonar.plugins.php.DrupalProfileTest
Running org.sonar.plugins.php.phpunit.xml.TestSuitesTest
Tests run: 4, Failures: 0, Errors: 0, Skipped: 0, Time elapsed: 0.008 sec - in org.sonar.plugins.php.phpunit.xml.TestSuitesTest
Running org.sonar.plugins.php.duplications.PHPTokenProducerTest
Tests run: 19, Failures: 0, Errors: 0, Skipped: 0, Time elapsed: 0.108 sec - in org.sonar.plugins.php.duplications.PHPTokenProducerTest
Running org.sonar.plugins.php.phpunit.PhpUnitTestReportTest
Tests run: 1, Failures: 0, Errors: 0, Skipped: 0, Time elapsed: 0.007 sec - in org.sonar.plugins.php.phpunit.PhpUnitTestReportTest
Running org.sonar.plugins.php.duplications.PHPCPDMappingTest
Tests run: 1, Failures: 0, Errors: 0, Skipped: 0, Time elapsed: 0.011 sec - in org.sonar.plugins.php.duplications.PHPCPDMappingTest
Running org.sonar.plugins.php.core.PhpCommonRulesEngineTest
Tests run: 2, Failures: 0, Errors: 0, Skipped: 0, Time elapsed: 0.021 sec - in org.sonar.plugins.php.core.PhpCommonRulesEngineTest
Running org.sonar.plugins.php.core.NoSonarAndCommentedOutLocSensorTest
Tests run: 7, Failures: 0, Errors: 0, Skipped: 0, Time elapsed: 0.174 sec - in org.sonar.plugins.php.core.NoSonarAndCommentedOutLocSensorTest
Running org.sonar.plugins.php.PhpPluginTest
Tests run: 1, Failures: 0, Errors: 0, Skipped: 0, Time elapsed: 0.008 sec - in org.sonar.plugins.php.PhpPluginTest
Running org.sonar.plugins.php.core.PhpSourceCodeColorizerTest
Tests run: 7, Failures: 0, Errors: 0, Skipped: 0, Time elapsed: 0.021 sec - in org.sonar.plugins.php.core.PhpSourceCodeColorizerTest
Running org.sonar.plugins.php.phpunit.PhpUnitResultParserTest
Tests run: 4, Failures: 0, Errors: 0, Skipped: 0, Time elapsed: 0.143 sec - in org.sonar.plugins.php.phpunit.PhpUnitResultParserTest
Running org.sonar.plugins.php.phpunit.PhpUnitItCoverageResultParserTest
Tests run: 1, Failures: 0, Errors: 0, Skipped: 0, Time elapsed: 0.002 sec - in org.sonar.plugins.php.phpunit.PhpUnitItCoverageResultParserTest
Running org.sonar.plugins.php.phpunit.PhpUnitOverallCoverageResultParserTest
Tests run: 1, Failures: 0, Errors: 0, Skipped: 0, Time elapsed: 0.001 sec - in org.sonar.plugins.php.phpunit.PhpUnitOverallCoverageResultParserTest
Running org.sonar.plugins.php.api.PhpTest
Tests run: 2, Failures: 0, Errors: 0, Skipped: 0, Time elapsed: 0.004 sec - in org.sonar.plugins.php.api.PhpTest
Running org.sonar.plugins.php.core.PhpCommonRulesDecoratorTest
Tests run: 1, Failures: 0, Errors: 0, Skipped: 0, Time elapsed: 0.011 sec - in org.sonar.plugins.php.core.PhpCommonRulesDecoratorTest
Running org.sonar.plugins.php.PHPSquidSensorTest
Tests run: 2, Failures: 0, Errors: 0, Skipped: 0, Time elapsed: 0.239 sec - in org.sonar.plugins.php.PHPSquidSensorTest
Running org.sonar.plugins.php.PHPProfileTest
Tests run: 1, Failures: 0, Errors: 0, Skipped: 0, Time elapsed: 0.008 sec - in org.sonar.plugins.php.PHPProfileTest
Running org.sonar.plugins.php.PSR2ProfileTest
Tests run: 1, Failures: 0, Errors: 0, Skipped: 0, Time elapsed: 0.005 sec - in org.sonar.plugins.php.PSR2ProfileTest
Running org.sonar.plugins.php.phpunit.PhpUnitCoverageResultParserTest
Tests run: 6, Failures: 0, Errors: 0, Skipped: 0, Time elapsed: 0.092 sec - in org.sonar.plugins.php.phpunit.PhpUnitCoverageResultParserTest
Running org.sonar.plugins.php.phpunit.PHPRulesDefinitionTest
Tests run: 1, Failures: 0, Errors: 0, Skipped: 0, Time elapsed: 0.104 sec - in org.sonar.plugins.php.phpunit.PHPRulesDefinitionTest

Results :




Tests run: 69, Failures: 0, Errors: 0, Skipped: 0

[INFO] 
[INFO] --- sonar-packaging-maven-plugin:1.12.1:sonar-plugin (default-sonar-plugin) @ sonar-php-plugin ---
[INFO] -------------------------------------------------------
[INFO] Plugin definition in update center
[INFO]     Key: php
[INFO]     Name: PHP
[INFO]     Description: Enables analysis of PHP projects.
[INFO]     Version: 2.7-SNAPSHOT
[INFO]     Main class: org.sonar.plugins.php.PhpPlugin
[INFO]     Homepage: http://redirect.sonarsource.com/plugins/php.html
[INFO]     Sonar version: 4.5.2
[INFO]     License: GNU LGPL v3
[INFO]     Organization: SonarSource and Akram Ben Aissi
[INFO]     Organization URL: http://www.sonarsource.com/
[INFO]     Terms & Conditions URL: 
[INFO]     Issue Tracker URL: http://jira.codehaus.org/browse/SONARPHP
[INFO]     Build date: 2015-09-01T11:31:57+0000
[INFO]     Sources URL: https://github.com/SonarCommunity/sonar-php
[INFO]     Developers: Linda Martin,Fabrice Bellingard,Sebastian Marek,Gennadiy Litvinyuk,Akram Ben Aissi,Gabriele Santini,Julien Henry
[INFO] -------------------------------------------------------
[WARNING] org.codehaus.sonar:sonar-deprecated:jar:4.5.2:compile is provided by SonarQube plugin API and will not be packaged in your plugin
[WARNING] com.google.code.findbugs:jsr305:jar:1.3.9:compile is provided by SonarQube plugin API and will not be packaged in your plugin
[WARNING] org.slf4j:slf4j-api:jar:1.6.2:compile is provided by SonarQube plugin API and will not be packaged in your plugin
[WARNING] org.slf4j:jcl-over-slf4j:jar:1.7.5:compile is provided by SonarQube plugin API and will not be packaged in your plugin
[WARNING] org.picocontainer:picocontainer:jar:2.14.1:compile is provided by SonarQube plugin API and will not be packaged in your plugin
[WARNING] com.google.guava:guava:jar:10.0.1:compile is provided by SonarQube plugin API and will not be packaged in your plugin
[WARNING] jfree:jcommon:jar:1.0.12:compile is provided by SonarQube plugin API and will not be packaged in your plugin
[WARNING] jfree:jfreechart:jar:1.0.9:compile is provided by SonarQube plugin API and will not be packaged in your plugin
[INFO] Following dependencies are packaged in the plugin:

	ch.qos.logback:logback-classic:jar
	org.codehaus.sonar-plugins.php:php-squid:jar
	xpp3:xpp3_min:jar
	jaxen:jaxen:jar
	org.codehaus.sonar.sslr:sslr-core:jar
	ch.qos.logback:logback-core:jar
	com.thoughtworks.xstream:xstream:jar
	org.codehaus.sonar-plugins.php:php-checks:jar
	org.codehaus.sonar.sslr-squid-bridge:sslr-squid-bridge:jar
	org.mockito:mockito-all:jar
	org.codehaus.sonar.sslr:sslr-xpath:jar

[INFO] See following page for more details about plugin dependencies:

	http://docs.codehaus.org/display/SONAR/Coding+a+plugin

[INFO] Building jar: /home/travis/build/SonarCommunity/sonar-php/sonar-php-plugin/target/sonar-php-plugin-2.7-SNAPSHOT.jar
[INFO]  already added, skipping
[INFO] 
[INFO] --- maven-enforcer-plugin:1.3.1:enforce (enforce-plugin-size) @ sonar-php-plugin ---
[INFO] 
[INFO] --- animal-sniffer-maven-plugin:1.13:check (enforce-java-api-compatibility) @ sonar-php-plugin ---
[INFO] Checking unresolved references to org.codehaus.mojo.signature:java17:1.0
[INFO] 
[INFO] --- maven-source-plugin:2.4:jar-no-fork (attach-sources) @ sonar-php-plugin ---
[INFO] Building jar: /home/travis/build/SonarCommunity/sonar-php/sonar-php-plugin/target/sonar-php-plugin-2.7-SNAPSHOT-sources.jar
[INFO]                                                                         
[INFO] ------------------------------------------------------------------------
[INFO] Building SonarQube PHP :: SSLR Toolkit 2.7-SNAPSHOT
[INFO] ------------------------------------------------------------------------
[INFO] 
[INFO] --- buildnumber-maven-plugin:1.3:create (default) @ sslr-php-toolkit ---
[INFO] 
[INFO] --- maven-enforcer-plugin:1.3.1:enforce (enforce) @ sslr-php-toolkit ---
[INFO] 
[INFO] --- maven-license-plugin:1.10.b1:check (enforce-license-headers) @ sslr-php-toolkit ---
[INFO] Checking licenses...
[INFO] 
[INFO] --- maven-resources-plugin:2.7:resources (default-resources) @ sslr-php-toolkit ---
[INFO] Using 'UTF-8' encoding to copy filtered resources.
[INFO] skip non existing resourceDirectory /home/travis/build/SonarCommunity/sonar-php/sslr-php-toolkit/src/main/resources
[INFO] 
[INFO] --- maven-compiler-plugin:3.2:compile (default-compile) @ sslr-php-toolkit ---
[INFO] Changes detected - recompiling the module!
[INFO] Compiling 3 source files to /home/travis/build/SonarCommunity/sonar-php/sslr-php-toolkit/target/classes
[INFO] 
[INFO] --- maven-resources-plugin:2.7:testResources (default-testResources) @ sslr-php-toolkit ---
[INFO] Using 'UTF-8' encoding to copy filtered resources.
[INFO] skip non existing resourceDirectory /home/travis/build/SonarCommunity/sonar-php/sslr-php-toolkit/src/test/resources
[INFO] 
[INFO] --- maven-compiler-plugin:3.2:testCompile (default-testCompile) @ sslr-php-toolkit ---
[INFO] Changes detected - recompiling the module!
[INFO] Compiling 1 source file to /home/travis/build/SonarCommunity/sonar-php/sslr-php-toolkit/target/test-classes
[INFO] 
[INFO] --- maven-surefire-plugin:2.18:test (default-test) @ sslr-php-toolkit ---
[INFO] Surefire report directory: /home/travis/build/SonarCommunity/sonar-php/sslr-php-toolkit/target/surefire-reports

-------------------------------------------------------
 T E S T S
-------------------------------------------------------
Running org.sonar.php.toolkit.PhpConfigurationModelTest
Tests run: 2, Failures: 0, Errors: 0, Skipped: 0, Time elapsed: 0.086 sec - in org.sonar.php.toolkit.PhpConfigurationModelTest

Results :




Tests run: 2, Failures: 0, Errors: 0, Skipped: 0

[INFO] 
[INFO] --- maven-jar-plugin:2.5:jar (default-jar) @ sslr-php-toolkit ---
[INFO] Building jar: /home/travis/build/SonarCommunity/sonar-php/sslr-php-toolkit/target/sslr-php-toolkit-2.7-SNAPSHOT.jar
[INFO] 
[INFO] --- jarjar-maven-plugin:1.9:jarjar (default) @ sslr-php-toolkit ---
[INFO] Processing: /home/travis/build/SonarCommunity/sonar-php/sslr-php-toolkit/target/sslr-php-toolkit-2.7-SNAPSHOT.jar
[INFO] Building zip: /home/travis/build/SonarCommunity/sonar-php/sslr-php-toolkit/target/jarjar/uber-sslr-php-toolkit-2.7-SNAPSHOT.jar
[INFO] JarJar'ing to: /home/travis/build/SonarCommunity/sonar-php/sslr-php-toolkit/target/sslr-php-toolkit-2.7-SNAPSHOT.jar
[INFO] Original: /home/travis/build/SonarCommunity/sonar-php/sslr-php-toolkit/target/original-sslr-php-toolkit-2.7-SNAPSHOT.jar
[INFO] 
[INFO] --- maven-enforcer-plugin:1.3.1:enforce (enforce-size) @ sslr-php-toolkit ---
[INFO] 
[INFO] --- animal-sniffer-maven-plugin:1.13:check (enforce-java-api-compatibility) @ sslr-php-toolkit ---
[INFO] Checking unresolved references to org.codehaus.mojo.signature:java17:1.0
[INFO] 
[INFO] --- maven-source-plugin:2.4:jar-no-fork (attach-sources) @ sslr-php-toolkit ---
[INFO] Building jar: /home/travis/build/SonarCommunity/sonar-php/sslr-php-toolkit/target/sslr-php-toolkit-2.7-SNAPSHOT-sources.jar
[INFO] ------------------------------------------------------------------------
[INFO] Reactor Summary:
[INFO] 
[INFO] PHP ................................................ SUCCESS [  2.346 s]
[INFO] PHP :: Squid ....................................... SUCCESS [  7.774 s]
[INFO] PHP :: Checks ...................................... SUCCESS [  6.631 s]
[INFO] PHP :: Sonar Plugin ................................ SUCCESS [  4.794 s]
[INFO] SonarQube PHP :: SSLR Toolkit ...................... SUCCESS [  5.509 s]
[INFO] ------------------------------------------------------------------------
[INFO] BUILD SUCCESS
[INFO] ------------------------------------------------------------------------
[INFO] Total time: 28.082 s
[INFO] Finished at: 2015-09-01T11:32:05+00:00
[INFO] Final Memory: 42M/445M
[INFO] ------------------------------------------------------------------------
travis_time:end:2c8a1fa0:start=1441107095226138840,finish=1441107125818808406,duration=30592669566[0K
[32;1mThe command "./travis.sh" exited with 0.[0m
travis_fold:start:cache.2[0Kstore build cache
travis_time:start:26a8bc0c[0Knothing changed, not updating cache
travis_time:end:26a8bc0c:start=1441107125823200518,finish=1441107127051196526,duration=1227996008[0Ktravis_fold:end:cache.2[0K
Done. Your build exited with 0.
