Using worker: worker-linux-docker-c54a7c3c.prod.travis-ci.org:travis-linux-14

travis_fold:start:system_info[0K[33;1mBuild system information[0m
Build language: java
Build group: stable
Build dist: precise
[34m[1mBuild image provisioning date and time[0m
Thu Feb  5 15:09:33 UTC 2015
[34m[1mOperating System Details[0m
Distributor ID:	Ubuntu
Description:	Ubuntu 12.04.5 LTS
Release:	12.04
Codename:	precise
[34m[1mLinux Version[0m
3.13.0-29-generic
[34m[1mCookbooks Version[0m
a68419e https://github.com/travis-ci/travis-cookbooks/tree/a68419e
[34m[1mGCC version[0m
gcc (Ubuntu/Linaro 4.6.3-1ubuntu5) 4.6.3
Copyright (C) 2011 Free Software Foundation, Inc.
This is free software; see the source for copying conditions.  There is NO
warranty; not even for MERCHANTABILITY or FITNESS FOR A PARTICULAR PURPOSE.

[34m[1mLLVM version[0m
clang version 3.4 (tags/RELEASE_34/final)
Target: x86_64-unknown-linux-gnu
Thread model: posix
[34m[1mPre-installed Ruby versions[0m
ruby-1.9.3-p551
[34m[1mPre-installed Node.js versions[0m
v0.10.36
[34m[1mPre-installed Go versions[0m
1.4.1
[34m[1mRedis version[0m
redis-server 2.8.19
[34m[1mriak version[0m
2.0.2
[34m[1mMongoDB version[0m
MongoDB 2.4.12
[34m[1mCouchDB version[0m
couchdb 1.6.1
[34m[1mNeo4j version[0m
1.9.4
[34m[1mRabbitMQ Version[0m
3.4.3
[34m[1mElasticSearch version[0m
1.4.0
[34m[1mInstalled Sphinx versions[0m
2.0.10
2.1.9
2.2.6
[34m[1mDefault Sphinx version[0m
2.2.6
[34m[1mInstalled Firefox version[0m
firefox 31.0esr
[34m[1mPhantomJS version[0m
1.9.8
[34m[1mant -version[0m
Apache Ant(TM) version 1.8.2 compiled on December 3 2011
[34m[1mmvn -version[0m
Apache Maven 3.2.5 (12a6b3acb947671f09b81f49094c53f426d8cea1; 2014-12-14T17:29:23+00:00)
Maven home: /usr/local/maven
Java version: 1.7.0_76, vendor: Oracle Corporation
Java home: /usr/lib/jvm/java-7-oracle/jre
Default locale: en_US, platform encoding: ANSI_X3.4-1968
OS name: "linux", version: "3.13.0-29-generic", arch: "amd64", family: "unix"
travis_fold:end:system_info[0K
travis_fold:start:fix.CVE-2015-7547[0K$ export DEBIAN_FRONTEND=noninteractive
W: Size of file /var/lib/apt/lists/us.archive.ubuntu.com_ubuntu_dists_precise-backports_multiverse_source_Sources.gz is not what the server reported 5886 5888
W: Size of file /var/lib/apt/lists/ppa.launchpad.net_ubuntugis_ppa_ubuntu_dists_precise_main_binary-amd64_Packages.gz is not what the server reported 36669 36677
W: Size of file /var/lib/apt/lists/ppa.launchpad.net_ubuntugis_ppa_ubuntu_dists_precise_main_binary-i386_Packages.gz is not what the server reported 36729 36733
Reading package lists...
Building dependency tree...
Reading state information...
The following extra packages will be installed:
  libc-bin libc-dev-bin libc6-dev
Suggested packages:
  glibc-doc
The following packages will be upgraded:
  libc-bin libc-dev-bin libc6 libc6-dev
4 upgraded, 0 newly installed, 0 to remove and 232 not upgraded.
Need to get 8,844 kB of archives.
After this operation, 9,216 B disk space will be freed.
Get:1 http://us.archive.ubuntu.com/ubuntu/ precise-updates/main libc6-dev amd64 2.15-0ubuntu10.13 [2,943 kB]
Get:2 http://us.archive.ubuntu.com/ubuntu/ precise-updates/main libc-dev-bin amd64 2.15-0ubuntu10.13 [84.7 kB]
Get:3 http://us.archive.ubuntu.com/ubuntu/ precise-updates/main libc-bin amd64 2.15-0ubuntu10.13 [1,179 kB]
Get:4 http://us.archive.ubuntu.com/ubuntu/ precise-updates/main libc6 amd64 2.15-0ubuntu10.13 [4,637 kB]
Fetched 8,844 kB in 0s (31.4 MB/s)
Preconfiguring packages ...
(Reading database ... (Reading database ... 5%(Reading database ... 10%(Reading database ... 15%(Reading database ... 20%(Reading database ... 25%(Reading database ... 30%(Reading database ... 35%(Reading database ... 40%(Reading database ... 45%(Reading database ... 50%(Reading database ... 55%(Reading database ... 60%(Reading database ... 65%(Reading database ... 70%(Reading database ... 75%(Reading database ... 80%(Reading database ... 85%(Reading database ... 90%(Reading database ... 95%(Reading database ... 100%(Reading database ... 72019 files and directories currently installed.)
Preparing to replace libc6-dev 2.15-0ubuntu10.10 (using .../libc6-dev_2.15-0ubuntu10.13_amd64.deb) ...
Unpacking replacement libc6-dev ...
Preparing to replace libc-dev-bin 2.15-0ubuntu10.10 (using .../libc-dev-bin_2.15-0ubuntu10.13_amd64.deb) ...
Unpacking replacement libc-dev-bin ...
Preparing to replace libc-bin 2.15-0ubuntu10.10 (using .../libc-bin_2.15-0ubuntu10.13_amd64.deb) ...
Unpacking replacement libc-bin ...
Processing triggers for man-db ...
Setting up libc-bin (2.15-0ubuntu10.13) ...
(Reading database ... (Reading database ... 5%(Reading database ... 10%(Reading database ... 15%(Reading database ... 20%(Reading database ... 25%(Reading database ... 30%(Reading database ... 35%(Reading database ... 40%(Reading database ... 45%(Reading database ... 50%(Reading database ... 55%(Reading database ... 60%(Reading database ... 65%(Reading database ... 70%(Reading database ... 75%(Reading database ... 80%(Reading database ... 85%(Reading database ... 90%(Reading database ... 95%(Reading database ... 100%(Reading database ... 72019 files and directories currently installed.)
Preparing to replace libc6 2.15-0ubuntu10.10 (using .../libc6_2.15-0ubuntu10.13_amd64.deb) ...
Unpacking replacement libc6 ...
Setting up libc6 (2.15-0ubuntu10.13) ...
Setting up libc-dev-bin (2.15-0ubuntu10.13) ...
Setting up libc6-dev (2.15-0ubuntu10.13) ...
Processing triggers for libc-bin ...
ldconfig deferred processing now taking place
travis_fold:end:fix.CVE-2015-7547[0Ktravis_fold:start:git.checkout[0Ktravis_time:start:093e7c30[0K$ git clone --depth=50 --branch=version4 https://github.com/owlcs/owlapi.git owlcs/owlapi
Cloning into 'owlcs/owlapi'...
remote: Counting objects: 3652, done.[K
remote: Compressing objects:   0% (1/2056)   [Kremote: Compressing objects:   1% (21/2056)   [Kremote: Compressing objects:   2% (42/2056)   [Kremote: Compressing objects:   3% (62/2056)   [Kremote: Compressing objects:   4% (83/2056)   [Kremote: Compressing objects:   5% (103/2056)   [Kremote: Compressing objects:   6% (124/2056)   [Kremote: Compressing objects:   7% (144/2056)   [Kremote: Compressing objects:   8% (165/2056)   [Kremote: Compressing objects:   9% (186/2056)   [Kremote: Compressing objects:  10% (206/2056)   [Kremote: Compressing objects:  11% (227/2056)   [Kremote: Compressing objects:  12% (247/2056)   [Kremote: Compressing objects:  13% (268/2056)   [Kremote: Compressing objects:  14% (288/2056)   [Kremote: Compressing objects:  15% (309/2056)   [Kremote: Compressing objects:  16% (329/2056)   [Kremote: Compressing objects:  17% (350/2056)   [Kremote: Compressing objects:  18% (371/2056)   [Kremote: Compressing objects:  19% (391/2056)   [Kremote: Compressing objects:  20% (412/2056)   [Kremote: Compressing objects:  21% (432/2056)   [Kremote: Compressing objects:  22% (453/2056)   [Kremote: Compressing objects:  23% (473/2056)   [Kremote: Compressing objects:  24% (494/2056)   [Kremote: Compressing objects:  25% (514/2056)   [Kremote: Compressing objects:  26% (535/2056)   [Kremote: Compressing objects:  27% (556/2056)   [Kremote: Compressing objects:  28% (576/2056)   [Kremote: Compressing objects:  29% (597/2056)   [Kremote: Compressing objects:  30% (617/2056)   [Kremote: Compressing objects:  31% (638/2056)   [Kremote: Compressing objects:  32% (658/2056)   [Kremote: Compressing objects:  33% (679/2056)   [Kremote: Compressing objects:  34% (700/2056)   [Kremote: Compressing objects:  35% (720/2056)   [Kremote: Compressing objects:  36% (741/2056)   [Kremote: Compressing objects:  37% (761/2056)   [Kremote: Compressing objects:  38% (782/2056)   [Kremote: Compressing objects:  39% (802/2056)   [Kremote: Compressing objects:  40% (823/2056)   [Kremote: Compressing objects:  41% (843/2056)   [Kremote: Compressing objects:  42% (864/2056)   [Kremote: Compressing objects:  43% (885/2056)   [Kremote: Compressing objects:  44% (905/2056)   [Kremote: Compressing objects:  45% (926/2056)   [Kremote: Compressing objects:  46% (946/2056)   [Kremote: Compressing objects:  47% (967/2056)   [Kremote: Compressing objects:  48% (987/2056)   [Kremote: Compressing objects:  49% (1008/2056)   [Kremote: Compressing objects:  50% (1028/2056)   [Kremote: Compressing objects:  51% (1049/2056)   [Kremote: Compressing objects:  52% (1070/2056)   [Kremote: Compressing objects:  53% (1090/2056)   [Kremote: Compressing objects:  54% (1111/2056)   [Kremote: Compressing objects:  55% (1131/2056)   [Kremote: Compressing objects:  56% (1152/2056)   [Kremote: Compressing objects:  57% (1172/2056)   [Kremote: Compressing objects:  58% (1193/2056)   [Kremote: Compressing objects:  59% (1214/2056)   [Kremote: Compressing objects:  60% (1234/2056)   [Kremote: Compressing objects:  61% (1255/2056)   [Kremote: Compressing objects:  62% (1275/2056)   [Kremote: Compressing objects:  63% (1296/2056)   [Kremote: Compressing objects:  64% (1316/2056)   [Kremote: Compressing objects:  65% (1337/2056)   [Kremote: Compressing objects:  66% (1357/2056)   [Kremote: Compressing objects:  67% (1378/2056)   [Kremote: Compressing objects:  68% (1399/2056)   [Kremote: Compressing objects:  69% (1419/2056)   [Kremote: Compressing objects:  70% (1440/2056)   [Kremote: Compressing objects:  71% (1460/2056)   [Kremote: Compressing objects:  72% (1481/2056)   [Kremote: Compressing objects:  73% (1501/2056)   [Kremote: Compressing objects:  74% (1522/2056)   [Kremote: Compressing objects:  75% (1542/2056)   [Kremote: Compressing objects:  76% (1563/2056)   [Kremote: Compressing objects:  77% (1584/2056)   [Kremote: Compressing objects:  78% (1604/2056)   [Kremote: Compressing objects:  79% (1625/2056)   [Kremote: Compressing objects:  80% (1645/2056)   [Kremote: Compressing objects:  81% (1666/2056)   [Kremote: Compressing objects:  82% (1686/2056)   [Kremote: Compressing objects:  83% (1707/2056)   [Kremote: Compressing objects:  84% (1728/2056)   [Kremote: Compressing objects:  85% (1748/2056)   [Kremote: Compressing objects:  86% (1769/2056)   [Kremote: Compressing objects:  87% (1789/2056)   [Kremote: Compressing objects:  88% (1810/2056)   [Kremote: Compressing objects:  89% (1830/2056)   [Kremote: Compressing objects:  90% (1851/2056)   [Kremote: Compressing objects:  91% (1871/2056)   [Kremote: Compressing objects:  92% (1892/2056)   [Kremote: Compressing objects:  93% (1913/2056)   [Kremote: Compressing objects:  94% (1933/2056)   [Kremote: Compressing objects:  95% (1954/2056)   [Kremote: Compressing objects:  96% (1974/2056)   [Kremote: Compressing objects:  97% (1995/2056)   [Kremote: Compressing objects:  98% (2015/2056)   [Kremote: Compressing objects:  99% (2036/2056)   [Kremote: Compressing objects: 100% (2056/2056)   [Kremote: Compressing objects: 100% (2056/2056), done.[K
Receiving objects:   0% (1/3652)   Receiving objects:   1% (37/3652)   Receiving objects:   2% (74/3652)   Receiving objects:   3% (110/3652)   Receiving objects:   4% (147/3652)   Receiving objects:   5% (183/3652)   Receiving objects:   6% (220/3652)   Receiving objects:   7% (256/3652)   Receiving objects:   8% (293/3652)   Receiving objects:   9% (329/3652)   Receiving objects:  10% (366/3652)   Receiving objects:  11% (402/3652)   Receiving objects:  12% (439/3652)   Receiving objects:  13% (475/3652)   Receiving objects:  14% (512/3652)   Receiving objects:  15% (548/3652)   Receiving objects:  16% (585/3652)   Receiving objects:  17% (621/3652)   Receiving objects:  18% (658/3652)   Receiving objects:  19% (694/3652)   Receiving objects:  20% (731/3652)   Receiving objects:  21% (767/3652)   Receiving objects:  22% (804/3652)   Receiving objects:  23% (840/3652)   Receiving objects:  24% (877/3652)   Receiving objects:  25% (913/3652)   Receiving objects:  26% (950/3652)   Receiving objects:  27% (987/3652)   Receiving objects:  28% (1023/3652)   Receiving objects:  29% (1060/3652)   Receiving objects:  30% (1096/3652)   Receiving objects:  31% (1133/3652)   Receiving objects:  32% (1169/3652)   Receiving objects:  33% (1206/3652)   Receiving objects:  34% (1242/3652)   Receiving objects:  35% (1279/3652)   Receiving objects:  36% (1315/3652)   Receiving objects:  37% (1352/3652)   Receiving objects:  38% (1388/3652)   Receiving objects:  39% (1425/3652)   Receiving objects:  40% (1461/3652)   Receiving objects:  41% (1498/3652)   Receiving objects:  42% (1534/3652)   Receiving objects:  43% (1571/3652)   Receiving objects:  44% (1607/3652)   Receiving objects:  45% (1644/3652)   Receiving objects:  46% (1680/3652)   Receiving objects:  47% (1717/3652)   Receiving objects:  48% (1753/3652)   Receiving objects:  49% (1790/3652)   Receiving objects:  50% (1826/3652)   Receiving objects:  51% (1863/3652)   Receiving objects:  52% (1900/3652)   Receiving objects:  53% (1936/3652)   Receiving objects:  54% (1973/3652)   Receiving objects:  55% (2009/3652)   Receiving objects:  56% (2046/3652)   Receiving objects:  57% (2082/3652)   Receiving objects:  58% (2119/3652)   Receiving objects:  59% (2155/3652)   Receiving objects:  60% (2192/3652)   Receiving objects:  61% (2228/3652)   Receiving objects:  62% (2265/3652)   Receiving objects:  63% (2301/3652)   Receiving objects:  64% (2338/3652)   Receiving objects:  65% (2374/3652)   Receiving objects:  66% (2411/3652)   Receiving objects:  67% (2447/3652)   Receiving objects:  68% (2484/3652)   Receiving objects:  69% (2520/3652)   Receiving objects:  70% (2557/3652)   Receiving objects:  71% (2593/3652)   Receiving objects:  72% (2630/3652)   Receiving objects:  73% (2666/3652)   Receiving objects:  74% (2703/3652)   Receiving objects:  75% (2739/3652)   Receiving objects:  76% (2776/3652)   Receiving objects:  77% (2813/3652)   Receiving objects:  78% (2849/3652)   Receiving objects:  79% (2886/3652)   Receiving objects:  80% (2922/3652)   Receiving objects:  81% (2959/3652)   Receiving objects:  82% (2995/3652)   Receiving objects:  83% (3032/3652)   remote: Total 3652 (delta 1994), reused 2369 (delta 1203), pack-reused 0[K
Receiving objects:  84% (3068/3652)   Receiving objects:  85% (3105/3652)   Receiving objects:  86% (3141/3652)   Receiving objects:  87% (3178/3652)   Receiving objects:  88% (3214/3652)   Receiving objects:  89% (3251/3652)   Receiving objects:  90% (3287/3652)   Receiving objects:  91% (3324/3652)   Receiving objects:  92% (3360/3652)   Receiving objects:  93% (3397/3652)   Receiving objects:  94% (3433/3652)   Receiving objects:  95% (3470/3652)   Receiving objects:  96% (3506/3652)   Receiving objects:  97% (3543/3652)   Receiving objects:  98% (3579/3652)   Receiving objects:  99% (3616/3652)   Receiving objects: 100% (3652/3652)   Receiving objects: 100% (3652/3652), 2.16 MiB | 0 bytes/s, done.
Resolving deltas:   0% (0/1994)   Resolving deltas:   2% (46/1994)   Resolving deltas:   3% (68/1994)   Resolving deltas:   5% (108/1994)   Resolving deltas:   8% (163/1994)   Resolving deltas:   9% (181/1994)   Resolving deltas:  11% (239/1994)   Resolving deltas:  12% (250/1994)   Resolving deltas:  13% (264/1994)   Resolving deltas:  14% (288/1994)   Resolving deltas:  15% (307/1994)   Resolving deltas:  16% (322/1994)   Resolving deltas:  21% (419/1994)   Resolving deltas:  22% (440/1994)   Resolving deltas:  23% (473/1994)   Resolving deltas:  24% (488/1994)   Resolving deltas:  25% (503/1994)   Resolving deltas:  30% (607/1994)   Resolving deltas:  31% (638/1994)   Resolving deltas:  32% (641/1994)   Resolving deltas:  33% (668/1994)   Resolving deltas:  36% (718/1994)   Resolving deltas:  37% (739/1994)   Resolving deltas:  38% (765/1994)   Resolving deltas:  39% (793/1994)   Resolving deltas:  40% (814/1994)   Resolving deltas:  41% (821/1994)   Resolving deltas:  43% (863/1994)   Resolving deltas:  45% (898/1994)   Resolving deltas:  46% (921/1994)   Resolving deltas:  47% (939/1994)   Resolving deltas:  48% (965/1994)   Resolving deltas:  49% (996/1994)   Resolving deltas:  50% (1001/1994)   Resolving deltas:  51% (1017/1994)   Resolving deltas:  52% (1045/1994)   Resolving deltas:  53% (1057/1994)   Resolving deltas:  54% (1081/1994)   Resolving deltas:  55% (1098/1994)   Resolving deltas:  56% (1118/1994)   Resolving deltas:  57% (1143/1994)   Resolving deltas:  58% (1166/1994)   Resolving deltas:  59% (1180/1994)   Resolving deltas:  62% (1238/1994)   Resolving deltas:  64% (1280/1994)   Resolving deltas:  65% (1297/1994)   Resolving deltas:  66% (1319/1994)   Resolving deltas:  67% (1336/1994)   Resolving deltas:  68% (1357/1994)   Resolving deltas:  69% (1381/1994)   Resolving deltas:  71% (1431/1994)   Resolving deltas:  72% (1436/1994)   Resolving deltas:  74% (1489/1994)   Resolving deltas:  75% (1496/1994)   Resolving deltas:  76% (1533/1994)   Resolving deltas:  79% (1584/1994)   Resolving deltas:  80% (1612/1994)   Resolving deltas:  81% (1617/1994)   Resolving deltas:  82% (1638/1994)   Resolving deltas:  83% (1656/1994)   Resolving deltas:  84% (1678/1994)   Resolving deltas:  85% (1699/1994)   Resolving deltas:  86% (1717/1994)   Resolving deltas:  87% (1740/1994)   Resolving deltas:  88% (1763/1994)   Resolving deltas:  89% (1781/1994)   Resolving deltas:  90% (1802/1994)   Resolving deltas:  91% (1816/1994)   Resolving deltas:  92% (1840/1994)   Resolving deltas:  93% (1856/1994)   Resolving deltas:  94% (1875/1994)   Resolving deltas:  95% (1900/1994)   Resolving deltas:  96% (1916/1994)   Resolving deltas:  97% (1938/1994)   Resolving deltas:  98% (1966/1994)   Resolving deltas:  99% (1976/1994)   Resolving deltas: 100% (1994/1994)   Resolving deltas: 100% (1994/1994), done.
Checking connectivity... done.

travis_time:end:093e7c30:start=1457222138745816841,finish=1457222139997224121,duration=1251407280[0K$ cd owlcs/owlapi
$ git checkout -qf 250df3700b98865d3ccc79065e5f06483e139518
travis_fold:end:git.checkout[0K
[33;1mThis job is running on container-based infrastructure, which does not allow use of 'sudo', setuid and setguid executables.[0m
[33;1mIf you require sudo, add 'sudo: required' to your .travis.yml[0m
[33;1mSee https://docs.travis-ci.com/user/workers/container-based-infrastructure/ for details.[0m
$ jdk_switcher use oraclejdk8
Switching to Oracle JDK8 (java-8-oracle), JAVA_HOME will be set to /usr/lib/jvm/java-8-oracle
travis_fold:start:cache.1[0KSetting up build cache
$ export CASHER_DIR=$HOME/.casher
travis_time:start:0df46466[0K$ Installing caching utilities

travis_time:end:0df46466:start=1457222141788657147,finish=1457222141835211726,duration=46554579[0Ktravis_time:start:01ec7f50[0K
travis_time:end:01ec7f50:start=1457222141839782423,finish=1457222141842964100,duration=3181677[0Ktravis_time:start:158e5160[0K[32;1mattempting to download cache archive[0m
[32;1mfetching version4/cache--jdk-oraclejdk8.tgz[0m
[32;1mfound cache[0m

travis_time:end:158e5160:start=1457222141846731046,finish=1457222147370213474,duration=5523482428[0Ktravis_time:start:2030abc1[0K
travis_time:end:2030abc1:start=1457222147374108193,finish=1457222147377330240,duration=3222047[0Ktravis_time:start:13f56640[0K[32;1madding /home/travis/.m2 to cache[0m

travis_time:end:13f56640:start=1457222147381021420,finish=1457222152626837501,duration=5245816081[0Ktravis_fold:end:cache.1[0K$ java -Xmx32m -version
java version "1.8.0_31"
Java(TM) SE Runtime Environment (build 1.8.0_31-b13)
Java HotSpot(TM) 64-Bit Server VM (build 25.31-b07, mixed mode)
$ javac -J-Xmx32m -version
javac 1.8.0_31
travis_fold:start:install[0Ktravis_time:start:0443de43[0K$ mvn install -DskipTests=true -Dmaven.javadoc.skip=true -B -V
Java HotSpot(TM) 64-Bit Server VM warning: ignoring option MaxPermSize=192m; support was removed in 8.0
Apache Maven 3.2.5 (12a6b3acb947671f09b81f49094c53f426d8cea1; 2014-12-14T17:29:23+00:00)
Maven home: /usr/local/maven
Java version: 1.8.0_31, vendor: Oracle Corporation
Java home: /usr/lib/jvm/java-8-oracle/jre
Default locale: en_US, platform encoding: UTF-8
OS name: "linux", version: "3.13.0-40-generic", arch: "amd64", family: "unix"
[INFO] Scanning for projects...
[INFO] Inspecting build with total of 13 modules...
[INFO] Installing Nexus Staging features:
[INFO]   ... total of 13 executions of maven-deploy-plugin replaced with nexus-staging-maven-plugin
[INFO] ------------------------------------------------------------------------
[INFO] Reactor Build Order:
[INFO] 
[INFO] OWLAPI
[INFO] OWLAPI Model Interfaces and utilities
[INFO] OWLAPI Default Implementation
[INFO] tools
[INFO] parsers
[INFO] oboformat parser
[INFO] OWLAPITOOLS OWL profile and fixers
[INFO] OWLAPI :: Sesame Rio module
[INFO] OWLAPI Binding and Config
[INFO] compatibility
[INFO] tests and tutorials
[INFO] OWLAPI Distribution
[INFO] OWLAPI OSGi and Compatibility Distribution
[INFO]                                                                         
[INFO] ------------------------------------------------------------------------
[INFO] Building OWLAPI 4.2.1
[INFO] ------------------------------------------------------------------------
[INFO] 
[INFO] --- maven-enforcer-plugin:1.0:enforce (enforce-maven) @ owlapi-parent ---
[INFO] 
[INFO] --- animal-sniffer-maven-plugin:1.13:check (default) @ owlapi-parent ---
[INFO] Checking unresolved references to org.codehaus.mojo.signature:java17:1.0
[INFO] 
[INFO] >>> maven-source-plugin:2.2.1:jar (attach-sources) > generate-sources @ owlapi-parent >>>
[INFO] 
[INFO] --- maven-enforcer-plugin:1.0:enforce (enforce-maven) @ owlapi-parent ---
[INFO] 
[INFO] <<< maven-source-plugin:2.2.1:jar (attach-sources) < generate-sources @ owlapi-parent <<<
[INFO] 
[INFO] --- maven-source-plugin:2.2.1:jar (attach-sources) @ owlapi-parent ---
[INFO] 
[INFO] --- maven-javadoc-plugin:2.8.1:jar (attach-javadocs) @ owlapi-parent ---
[INFO] Skipping javadoc generation
[INFO] 
[INFO] --- maven-install-plugin:2.4:install (default-install) @ owlapi-parent ---
[INFO] Installing /home/travis/build/owlcs/owlapi/pom.xml to /home/travis/.m2/repository/net/sourceforge/owlapi/owlapi-parent/4.2.1/owlapi-parent-4.2.1.pom
[INFO]                                                                         
[INFO] ------------------------------------------------------------------------
[INFO] Building OWLAPI Model Interfaces and utilities 4.2.1
[INFO] ------------------------------------------------------------------------
[INFO] 
[INFO] --- maven-enforcer-plugin:1.0:enforce (enforce-maven) @ owlapi-api ---
[INFO] 
[INFO] --- maven-resources-plugin:2.6:resources (default-resources) @ owlapi-api ---
[INFO] Using 'UTF-8' encoding to copy filtered resources.
[INFO] skip non existing resourceDirectory /home/travis/build/owlcs/owlapi/api/src/main/resources
[INFO] 
[INFO] --- maven-compiler-plugin:2.3.2:compile (default-compile) @ owlapi-api ---
[INFO] Compiling 682 source files to /home/travis/build/owlcs/owlapi/api/target/classes
[INFO] 
[INFO] --- maven-resources-plugin:2.6:testResources (default-testResources) @ owlapi-api ---
[INFO] Using 'UTF-8' encoding to copy filtered resources.
[INFO] Copying 1 resource
[INFO] 
[INFO] --- maven-compiler-plugin:2.3.2:testCompile (default-testCompile) @ owlapi-api ---
[INFO] Compiling 16 source files to /home/travis/build/owlcs/owlapi/api/target/test-classes
[INFO] 
[INFO] --- maven-surefire-plugin:2.18.1:test (default-test) @ owlapi-api ---
[INFO] Tests are skipped.
[INFO] 
[INFO] --- animal-sniffer-maven-plugin:1.13:check (default) @ owlapi-api ---
[INFO] Checking unresolved references to org.codehaus.mojo.signature:java17:1.0
[INFO] 
[INFO] --- maven-jar-plugin:2.4:jar (default-jar) @ owlapi-api ---
[INFO] Building jar: /home/travis/build/owlcs/owlapi/api/target/owlapi-api-4.2.1.jar
[INFO] 
[INFO] >>> maven-source-plugin:2.2.1:jar (attach-sources) > generate-sources @ owlapi-api >>>
[INFO] 
[INFO] --- maven-enforcer-plugin:1.0:enforce (enforce-maven) @ owlapi-api ---
[INFO] 
[INFO] <<< maven-source-plugin:2.2.1:jar (attach-sources) < generate-sources @ owlapi-api <<<
[INFO] 
[INFO] --- maven-source-plugin:2.2.1:jar (attach-sources) @ owlapi-api ---
[INFO] Building jar: /home/travis/build/owlcs/owlapi/api/target/owlapi-api-4.2.1-sources.jar
[INFO] 
[INFO] --- maven-javadoc-plugin:2.8.1:jar (attach-javadocs) @ owlapi-api ---
[INFO] Skipping javadoc generation
[INFO] 
[INFO] --- maven-install-plugin:2.4:install (default-install) @ owlapi-api ---
[INFO] Installing /home/travis/build/owlcs/owlapi/api/target/owlapi-api-4.2.1.jar to /home/travis/.m2/repository/net/sourceforge/owlapi/owlapi-api/4.2.1/owlapi-api-4.2.1.jar
[INFO] Installing /home/travis/build/owlcs/owlapi/api/pom.xml to /home/travis/.m2/repository/net/sourceforge/owlapi/owlapi-api/4.2.1/owlapi-api-4.2.1.pom
[INFO] Installing /home/travis/build/owlcs/owlapi/api/target/owlapi-api-4.2.1-sources.jar to /home/travis/.m2/repository/net/sourceforge/owlapi/owlapi-api/4.2.1/owlapi-api-4.2.1-sources.jar
[INFO]                                                                         
[INFO] ------------------------------------------------------------------------
[INFO] Building OWLAPI Default Implementation 4.2.1
[INFO] ------------------------------------------------------------------------
[INFO] 
[INFO] --- maven-enforcer-plugin:1.0:enforce (enforce-maven) @ owlapi-impl ---
[INFO] 
[INFO] --- maven-resources-plugin:2.6:resources (default-resources) @ owlapi-impl ---
[INFO] Using 'UTF-8' encoding to copy filtered resources.
[INFO] skip non existing resourceDirectory /home/travis/build/owlcs/owlapi/impl/src/main/resources
[INFO] 
[INFO] --- maven-compiler-plugin:2.3.2:compile (default-compile) @ owlapi-impl ---
[INFO] Compiling 182 source files to /home/travis/build/owlcs/owlapi/impl/target/classes
[INFO] 
[INFO] --- maven-resources-plugin:2.6:testResources (default-testResources) @ owlapi-impl ---
[INFO] Using 'UTF-8' encoding to copy filtered resources.
[INFO] skip non existing resourceDirectory /home/travis/build/owlcs/owlapi/impl/src/test/resources
[INFO] 
[INFO] --- maven-compiler-plugin:2.3.2:testCompile (default-testCompile) @ owlapi-impl ---
[INFO] Compiling 8 source files to /home/travis/build/owlcs/owlapi/impl/target/test-classes
[INFO] 
[INFO] --- maven-surefire-plugin:2.18.1:test (default-test) @ owlapi-impl ---
[INFO] Tests are skipped.
[INFO] 
[INFO] --- animal-sniffer-maven-plugin:1.13:check (default) @ owlapi-impl ---
[INFO] Checking unresolved references to org.codehaus.mojo.signature:java17:1.0
[INFO] 
[INFO] --- maven-jar-plugin:2.4:jar (default-jar) @ owlapi-impl ---
[INFO] Building jar: /home/travis/build/owlcs/owlapi/impl/target/owlapi-impl-4.2.1.jar
[INFO] 
[INFO] >>> maven-source-plugin:2.2.1:jar (attach-sources) > generate-sources @ owlapi-impl >>>
[INFO] 
[INFO] --- maven-enforcer-plugin:1.0:enforce (enforce-maven) @ owlapi-impl ---
[INFO] 
[INFO] <<< maven-source-plugin:2.2.1:jar (attach-sources) < generate-sources @ owlapi-impl <<<
[INFO] 
[INFO] --- maven-source-plugin:2.2.1:jar (attach-sources) @ owlapi-impl ---
[INFO] Building jar: /home/travis/build/owlcs/owlapi/impl/target/owlapi-impl-4.2.1-sources.jar
[INFO] 
[INFO] --- maven-javadoc-plugin:2.8.1:jar (attach-javadocs) @ owlapi-impl ---
[INFO] Skipping javadoc generation
[INFO] 
[INFO] --- maven-install-plugin:2.4:install (default-install) @ owlapi-impl ---
[INFO] Installing /home/travis/build/owlcs/owlapi/impl/target/owlapi-impl-4.2.1.jar to /home/travis/.m2/repository/net/sourceforge/owlapi/owlapi-impl/4.2.1/owlapi-impl-4.2.1.jar
[INFO] Installing /home/travis/build/owlcs/owlapi/impl/pom.xml to /home/travis/.m2/repository/net/sourceforge/owlapi/owlapi-impl/4.2.1/owlapi-impl-4.2.1.pom
[INFO] Installing /home/travis/build/owlcs/owlapi/impl/target/owlapi-impl-4.2.1-sources.jar to /home/travis/.m2/repository/net/sourceforge/owlapi/owlapi-impl/4.2.1/owlapi-impl-4.2.1-sources.jar
[INFO]                                                                         
[INFO] ------------------------------------------------------------------------
[INFO] Building tools 4.2.1
[INFO] ------------------------------------------------------------------------
[INFO] 
[INFO] --- maven-enforcer-plugin:1.0:enforce (enforce-maven) @ owlapi-tools ---
[INFO] 
[INFO] --- maven-resources-plugin:2.6:resources (default-resources) @ owlapi-tools ---
[INFO] Using 'UTF-8' encoding to copy filtered resources.
[INFO] skip non existing resourceDirectory /home/travis/build/owlcs/owlapi/tools/src/main/resources
[INFO] 
[INFO] --- maven-compiler-plugin:2.3.2:compile (default-compile) @ owlapi-tools ---
[INFO] Compiling 75 source files to /home/travis/build/owlcs/owlapi/tools/target/classes
[INFO] 
[INFO] --- maven-resources-plugin:2.6:testResources (default-testResources) @ owlapi-tools ---
[INFO] Using 'UTF-8' encoding to copy filtered resources.
[INFO] skip non existing resourceDirectory /home/travis/build/owlcs/owlapi/tools/src/test/resources
[INFO] 
[INFO] --- maven-compiler-plugin:2.3.2:testCompile (default-testCompile) @ owlapi-tools ---
[INFO] No sources to compile
[INFO] 
[INFO] --- maven-surefire-plugin:2.18.1:test (default-test) @ owlapi-tools ---
[INFO] Tests are skipped.
[INFO] 
[INFO] --- animal-sniffer-maven-plugin:1.13:check (default) @ owlapi-tools ---
[INFO] Checking unresolved references to org.codehaus.mojo.signature:java17:1.0
[INFO] 
[INFO] --- maven-jar-plugin:2.4:jar (default-jar) @ owlapi-tools ---
[INFO] Building jar: /home/travis/build/owlcs/owlapi/tools/target/owlapi-tools-4.2.1.jar
[INFO] 
[INFO] >>> maven-source-plugin:2.2.1:jar (attach-sources) > generate-sources @ owlapi-tools >>>
[INFO] 
[INFO] --- maven-enforcer-plugin:1.0:enforce (enforce-maven) @ owlapi-tools ---
[INFO] 
[INFO] <<< maven-source-plugin:2.2.1:jar (attach-sources) < generate-sources @ owlapi-tools <<<
[INFO] 
[INFO] --- maven-source-plugin:2.2.1:jar (attach-sources) @ owlapi-tools ---
[INFO] Building jar: /home/travis/build/owlcs/owlapi/tools/target/owlapi-tools-4.2.1-sources.jar
[INFO] 
[INFO] --- maven-javadoc-plugin:2.8.1:jar (attach-javadocs) @ owlapi-tools ---
[INFO] Skipping javadoc generation
[INFO] 
[INFO] --- maven-install-plugin:2.4:install (default-install) @ owlapi-tools ---
[INFO] Installing /home/travis/build/owlcs/owlapi/tools/target/owlapi-tools-4.2.1.jar to /home/travis/.m2/repository/net/sourceforge/owlapi/owlapi-tools/4.2.1/owlapi-tools-4.2.1.jar
[INFO] Installing /home/travis/build/owlcs/owlapi/tools/pom.xml to /home/travis/.m2/repository/net/sourceforge/owlapi/owlapi-tools/4.2.1/owlapi-tools-4.2.1.pom
[INFO] Installing /home/travis/build/owlcs/owlapi/tools/target/owlapi-tools-4.2.1-sources.jar to /home/travis/.m2/repository/net/sourceforge/owlapi/owlapi-tools/4.2.1/owlapi-tools-4.2.1-sources.jar
[INFO]                                                                         
[INFO] ------------------------------------------------------------------------
[INFO] Building parsers 4.2.1
[INFO] ------------------------------------------------------------------------
[INFO] 
[INFO] --- maven-enforcer-plugin:1.0:enforce (enforce-maven) @ owlapi-parsers ---
[INFO] 
[INFO] --- maven-resources-plugin:2.6:resources (default-resources) @ owlapi-parsers ---
[INFO] Using 'UTF-8' encoding to copy filtered resources.
[INFO] Copying 2 resources
[INFO] 
[INFO] --- maven-compiler-plugin:2.3.2:compile (default-compile) @ owlapi-parsers ---
[INFO] Compiling 183 source files to /home/travis/build/owlcs/owlapi/parsers/target/classes
[INFO] 
[INFO] --- maven-resources-plugin:2.6:testResources (default-testResources) @ owlapi-parsers ---
[INFO] Using 'UTF-8' encoding to copy filtered resources.
[INFO] skip non existing resourceDirectory /home/travis/build/owlcs/owlapi/parsers/src/test/resources
[INFO] 
[INFO] --- maven-compiler-plugin:2.3.2:testCompile (default-testCompile) @ owlapi-parsers ---
[INFO] Compiling 1 source file to /home/travis/build/owlcs/owlapi/parsers/target/test-classes
[INFO] 
[INFO] --- maven-surefire-plugin:2.18.1:test (default-test) @ owlapi-parsers ---
[INFO] Tests are skipped.
[INFO] 
[INFO] --- animal-sniffer-maven-plugin:1.13:check (default) @ owlapi-parsers ---
[INFO] Checking unresolved references to org.codehaus.mojo.signature:java17:1.0
[INFO] 
[INFO] --- maven-jar-plugin:2.4:jar (default-jar) @ owlapi-parsers ---
[INFO] Building jar: /home/travis/build/owlcs/owlapi/parsers/target/owlapi-parsers-4.2.1.jar
[INFO] 
[INFO] >>> maven-source-plugin:2.2.1:jar (attach-sources) > generate-sources @ owlapi-parsers >>>
[INFO] 
[INFO] --- maven-enforcer-plugin:1.0:enforce (enforce-maven) @ owlapi-parsers ---
[INFO] 
[INFO] <<< maven-source-plugin:2.2.1:jar (attach-sources) < generate-sources @ owlapi-parsers <<<
[INFO] 
[INFO] --- maven-source-plugin:2.2.1:jar (attach-sources) @ owlapi-parsers ---
[INFO] Building jar: /home/travis/build/owlcs/owlapi/parsers/target/owlapi-parsers-4.2.1-sources.jar
[INFO] 
[INFO] --- maven-javadoc-plugin:2.8.1:jar (attach-javadocs) @ owlapi-parsers ---
[INFO] Skipping javadoc generation
[INFO] 
[INFO] --- maven-install-plugin:2.4:install (default-install) @ owlapi-parsers ---
[INFO] Installing /home/travis/build/owlcs/owlapi/parsers/target/owlapi-parsers-4.2.1.jar to /home/travis/.m2/repository/net/sourceforge/owlapi/owlapi-parsers/4.2.1/owlapi-parsers-4.2.1.jar
[INFO] Installing /home/travis/build/owlcs/owlapi/parsers/pom.xml to /home/travis/.m2/repository/net/sourceforge/owlapi/owlapi-parsers/4.2.1/owlapi-parsers-4.2.1.pom
[INFO] Installing /home/travis/build/owlcs/owlapi/parsers/target/owlapi-parsers-4.2.1-sources.jar to /home/travis/.m2/repository/net/sourceforge/owlapi/owlapi-parsers/4.2.1/owlapi-parsers-4.2.1-sources.jar
[INFO]                                                                         
[INFO] ------------------------------------------------------------------------
[INFO] Building oboformat parser 4.2.1
[INFO] ------------------------------------------------------------------------
[INFO] 
[INFO] --- maven-enforcer-plugin:1.0:enforce (enforce-maven) @ owlapi-oboformat ---
[INFO] 
[INFO] --- maven-resources-plugin:2.6:resources (default-resources) @ owlapi-oboformat ---
[INFO] Using 'UTF-8' encoding to copy filtered resources.
[INFO] Copying 2 resources
[INFO] 
[INFO] --- maven-compiler-plugin:2.3.2:compile (default-compile) @ owlapi-oboformat ---
[INFO] Compiling 34 source files to /home/travis/build/owlcs/owlapi/oboformat/target/classes
[INFO] 
[INFO] --- maven-resources-plugin:2.6:testResources (default-testResources) @ owlapi-oboformat ---
[INFO] Using 'UTF-8' encoding to copy filtered resources.
[INFO] skip non existing resourceDirectory /home/travis/build/owlcs/owlapi/oboformat/src/test/resources
[INFO] 
[INFO] --- maven-compiler-plugin:2.3.2:testCompile (default-testCompile) @ owlapi-oboformat ---
[INFO] Compiling 1 source file to /home/travis/build/owlcs/owlapi/oboformat/target/test-classes
[INFO] 
[INFO] --- maven-surefire-plugin:2.18.1:test (default-test) @ owlapi-oboformat ---
[INFO] Tests are skipped.
[INFO] 
[INFO] --- animal-sniffer-maven-plugin:1.13:check (default) @ owlapi-oboformat ---
[INFO] Checking unresolved references to org.codehaus.mojo.signature:java17:1.0
[INFO] 
[INFO] --- maven-jar-plugin:2.4:jar (default-jar) @ owlapi-oboformat ---
[INFO] Building jar: /home/travis/build/owlcs/owlapi/oboformat/target/owlapi-oboformat-4.2.1.jar
[INFO] 
[INFO] >>> maven-source-plugin:2.2.1:jar (attach-sources) > generate-sources @ owlapi-oboformat >>>
[INFO] 
[INFO] --- maven-enforcer-plugin:1.0:enforce (enforce-maven) @ owlapi-oboformat ---
[INFO] 
[INFO] <<< maven-source-plugin:2.2.1:jar (attach-sources) < generate-sources @ owlapi-oboformat <<<
[INFO] 
[INFO] --- maven-source-plugin:2.2.1:jar (attach-sources) @ owlapi-oboformat ---
[INFO] Building jar: /home/travis/build/owlcs/owlapi/oboformat/target/owlapi-oboformat-4.2.1-sources.jar
[INFO] 
[INFO] --- maven-javadoc-plugin:2.8.1:jar (attach-javadocs) @ owlapi-oboformat ---
[INFO] Skipping javadoc generation
[INFO] 
[INFO] --- maven-install-plugin:2.4:install (default-install) @ owlapi-oboformat ---
[INFO] Installing /home/travis/build/owlcs/owlapi/oboformat/target/owlapi-oboformat-4.2.1.jar to /home/travis/.m2/repository/net/sourceforge/owlapi/owlapi-oboformat/4.2.1/owlapi-oboformat-4.2.1.jar
[INFO] Installing /home/travis/build/owlcs/owlapi/oboformat/pom.xml to /home/travis/.m2/repository/net/sourceforge/owlapi/owlapi-oboformat/4.2.1/owlapi-oboformat-4.2.1.pom
[INFO] Installing /home/travis/build/owlcs/owlapi/oboformat/target/owlapi-oboformat-4.2.1-sources.jar to /home/travis/.m2/repository/net/sourceforge/owlapi/owlapi-oboformat/4.2.1/owlapi-oboformat-4.2.1-sources.jar
[INFO]                                                                         
[INFO] ------------------------------------------------------------------------
[INFO] Building OWLAPITOOLS OWL profile and fixers 4.2.1
[INFO] ------------------------------------------------------------------------
[INFO] 
[INFO] --- maven-enforcer-plugin:1.0:enforce (enforce-maven) @ owlapi-fixers ---
[INFO] 
[INFO] --- maven-resources-plugin:2.6:resources (default-resources) @ owlapi-fixers ---
[INFO] Using 'UTF-8' encoding to copy filtered resources.
[INFO] skip non existing resourceDirectory /home/travis/build/owlcs/owlapi/fixers/src/main/resources
[INFO] 
[INFO] --- maven-compiler-plugin:2.3.2:compile (default-compile) @ owlapi-fixers ---
[INFO] Compiling 95 source files to /home/travis/build/owlcs/owlapi/fixers/target/classes
[INFO] 
[INFO] --- maven-resources-plugin:2.6:testResources (default-testResources) @ owlapi-fixers ---
[INFO] Using 'UTF-8' encoding to copy filtered resources.
[INFO] skip non existing resourceDirectory /home/travis/build/owlcs/owlapi/fixers/src/test/resources
[INFO] 
[INFO] --- maven-compiler-plugin:2.3.2:testCompile (default-testCompile) @ owlapi-fixers ---
[INFO] Compiling 3 source files to /home/travis/build/owlcs/owlapi/fixers/target/test-classes
[INFO] 
[INFO] --- maven-surefire-plugin:2.18.1:test (default-test) @ owlapi-fixers ---
[INFO] Tests are skipped.
[INFO] 
[INFO] --- animal-sniffer-maven-plugin:1.13:check (default) @ owlapi-fixers ---
[INFO] Checking unresolved references to org.codehaus.mojo.signature:java17:1.0
[INFO] 
[INFO] --- maven-jar-plugin:2.4:jar (default-jar) @ owlapi-fixers ---
[INFO] Building jar: /home/travis/build/owlcs/owlapi/fixers/target/owlapi-fixers-4.2.1.jar
[INFO] 
[INFO] >>> maven-source-plugin:2.2.1:jar (attach-sources) > generate-sources @ owlapi-fixers >>>
[INFO] 
[INFO] --- maven-enforcer-plugin:1.0:enforce (enforce-maven) @ owlapi-fixers ---
[INFO] 
[INFO] <<< maven-source-plugin:2.2.1:jar (attach-sources) < generate-sources @ owlapi-fixers <<<
[INFO] 
[INFO] --- maven-source-plugin:2.2.1:jar (attach-sources) @ owlapi-fixers ---
[INFO] Building jar: /home/travis/build/owlcs/owlapi/fixers/target/owlapi-fixers-4.2.1-sources.jar
[INFO] 
[INFO] --- maven-javadoc-plugin:2.8.1:jar (attach-javadocs) @ owlapi-fixers ---
[INFO] Skipping javadoc generation
[INFO] 
[INFO] --- maven-install-plugin:2.4:install (default-install) @ owlapi-fixers ---
[INFO] Installing /home/travis/build/owlcs/owlapi/fixers/target/owlapi-fixers-4.2.1.jar to /home/travis/.m2/repository/net/sourceforge/owlapi/owlapi-fixers/4.2.1/owlapi-fixers-4.2.1.jar
[INFO] Installing /home/travis/build/owlcs/owlapi/fixers/pom.xml to /home/travis/.m2/repository/net/sourceforge/owlapi/owlapi-fixers/4.2.1/owlapi-fixers-4.2.1.pom
[INFO] Installing /home/travis/build/owlcs/owlapi/fixers/target/owlapi-fixers-4.2.1-sources.jar to /home/travis/.m2/repository/net/sourceforge/owlapi/owlapi-fixers/4.2.1/owlapi-fixers-4.2.1-sources.jar
[INFO]                                                                         
[INFO] ------------------------------------------------------------------------
[INFO] Building OWLAPI :: Sesame Rio module 4.2.1
[INFO] ------------------------------------------------------------------------
[INFO] 
[INFO] --- maven-enforcer-plugin:1.0:enforce (enforce-maven) @ owlapi-rio ---
[INFO] 
[INFO] --- maven-resources-plugin:2.6:resources (default-resources) @ owlapi-rio ---
[INFO] Using 'UTF-8' encoding to copy filtered resources.
[INFO] Copying 4 resources
[INFO] 
[INFO] --- maven-compiler-plugin:2.3.2:compile (default-compile) @ owlapi-rio ---
[INFO] Compiling 65 source files to /home/travis/build/owlcs/owlapi/rio/target/classes
[INFO] 
[INFO] --- maven-resources-plugin:2.6:testResources (default-testResources) @ owlapi-rio ---
[INFO] Using 'UTF-8' encoding to copy filtered resources.
[INFO] skip non existing resourceDirectory /home/travis/build/owlcs/owlapi/rio/src/test/resources
[INFO] 
[INFO] --- maven-compiler-plugin:2.3.2:testCompile (default-testCompile) @ owlapi-rio ---
[INFO] No sources to compile
[INFO] 
[INFO] --- maven-surefire-plugin:2.18.1:test (default-test) @ owlapi-rio ---
[INFO] Tests are skipped.
[INFO] 
[INFO] --- animal-sniffer-maven-plugin:1.13:check (default) @ owlapi-rio ---
[INFO] Checking unresolved references to org.codehaus.mojo.signature:java17:1.0
[INFO] 
[INFO] --- maven-jar-plugin:2.4:jar (default-jar) @ owlapi-rio ---
[INFO] Building jar: /home/travis/build/owlcs/owlapi/rio/target/owlapi-rio-4.2.1.jar
[INFO] 
[INFO] >>> maven-source-plugin:2.2.1:jar (attach-sources) > generate-sources @ owlapi-rio >>>
[INFO] 
[INFO] --- maven-enforcer-plugin:1.0:enforce (enforce-maven) @ owlapi-rio ---
[INFO] 
[INFO] <<< maven-source-plugin:2.2.1:jar (attach-sources) < generate-sources @ owlapi-rio <<<
[INFO] 
[INFO] --- maven-source-plugin:2.2.1:jar (attach-sources) @ owlapi-rio ---
[INFO] Building jar: /home/travis/build/owlcs/owlapi/rio/target/owlapi-rio-4.2.1-sources.jar
[INFO] 
[INFO] --- maven-javadoc-plugin:2.8.1:jar (attach-javadocs) @ owlapi-rio ---
[INFO] Skipping javadoc generation
[INFO] 
[INFO] --- maven-install-plugin:2.4:install (default-install) @ owlapi-rio ---
[INFO] Installing /home/travis/build/owlcs/owlapi/rio/target/owlapi-rio-4.2.1.jar to /home/travis/.m2/repository/net/sourceforge/owlapi/owlapi-rio/4.2.1/owlapi-rio-4.2.1.jar
[INFO] Installing /home/travis/build/owlcs/owlapi/rio/pom.xml to /home/travis/.m2/repository/net/sourceforge/owlapi/owlapi-rio/4.2.1/owlapi-rio-4.2.1.pom
[INFO] Installing /home/travis/build/owlcs/owlapi/rio/target/owlapi-rio-4.2.1-sources.jar to /home/travis/.m2/repository/net/sourceforge/owlapi/owlapi-rio/4.2.1/owlapi-rio-4.2.1-sources.jar
[INFO]                                                                         
[INFO] ------------------------------------------------------------------------
[INFO] Building OWLAPI Binding and Config 4.2.1
[INFO] ------------------------------------------------------------------------
[INFO] 
[INFO] --- maven-enforcer-plugin:1.0:enforce (enforce-maven) @ owlapi-apibinding ---
[INFO] 
[INFO] --- maven-resources-plugin:2.6:resources (default-resources) @ owlapi-apibinding ---
[INFO] Using 'UTF-8' encoding to copy filtered resources.
[INFO] Copying 1 resource
[INFO] 
[INFO] --- maven-compiler-plugin:2.3.2:compile (default-compile) @ owlapi-apibinding ---
[INFO] Compiling 3 source files to /home/travis/build/owlcs/owlapi/apibinding/target/classes
[INFO] 
[INFO] --- maven-resources-plugin:2.6:testResources (default-testResources) @ owlapi-apibinding ---
[INFO] Using 'UTF-8' encoding to copy filtered resources.
[INFO] skip non existing resourceDirectory /home/travis/build/owlcs/owlapi/apibinding/src/test/resources
[INFO] 
[INFO] --- maven-compiler-plugin:2.3.2:testCompile (default-testCompile) @ owlapi-apibinding ---
[INFO] No sources to compile
[INFO] 
[INFO] --- maven-surefire-plugin:2.18.1:test (default-test) @ owlapi-apibinding ---
[INFO] Tests are skipped.
[INFO] 
[INFO] --- animal-sniffer-maven-plugin:1.13:check (default) @ owlapi-apibinding ---
[INFO] Checking unresolved references to org.codehaus.mojo.signature:java17:1.0
[INFO] 
[INFO] --- maven-jar-plugin:2.4:jar (default-jar) @ owlapi-apibinding ---
[INFO] Building jar: /home/travis/build/owlcs/owlapi/apibinding/target/owlapi-apibinding-4.2.1.jar
[INFO] 
[INFO] >>> maven-source-plugin:2.2.1:jar (attach-sources) > generate-sources @ owlapi-apibinding >>>
[INFO] 
[INFO] --- maven-enforcer-plugin:1.0:enforce (enforce-maven) @ owlapi-apibinding ---
[INFO] 
[INFO] <<< maven-source-plugin:2.2.1:jar (attach-sources) < generate-sources @ owlapi-apibinding <<<
[INFO] 
[INFO] --- maven-source-plugin:2.2.1:jar (attach-sources) @ owlapi-apibinding ---
[INFO] Building jar: /home/travis/build/owlcs/owlapi/apibinding/target/owlapi-apibinding-4.2.1-sources.jar
[INFO] 
[INFO] --- maven-javadoc-plugin:2.8.1:jar (attach-javadocs) @ owlapi-apibinding ---
[INFO] Skipping javadoc generation
[INFO] 
[INFO] --- maven-install-plugin:2.4:install (default-install) @ owlapi-apibinding ---
[INFO] Installing /home/travis/build/owlcs/owlapi/apibinding/target/owlapi-apibinding-4.2.1.jar to /home/travis/.m2/repository/net/sourceforge/owlapi/owlapi-apibinding/4.2.1/owlapi-apibinding-4.2.1.jar
[INFO] Installing /home/travis/build/owlcs/owlapi/apibinding/pom.xml to /home/travis/.m2/repository/net/sourceforge/owlapi/owlapi-apibinding/4.2.1/owlapi-apibinding-4.2.1.pom
[INFO] Installing /home/travis/build/owlcs/owlapi/apibinding/target/owlapi-apibinding-4.2.1-sources.jar to /home/travis/.m2/repository/net/sourceforge/owlapi/owlapi-apibinding/4.2.1/owlapi-apibinding-4.2.1-sources.jar
[INFO]                                                                         
[INFO] ------------------------------------------------------------------------
[INFO] Building compatibility 4.2.1
[INFO] ------------------------------------------------------------------------
[INFO] 
[INFO] --- maven-enforcer-plugin:1.0:enforce (enforce-maven) @ owlapi-compatibility ---
[INFO] 
[INFO] --- maven-resources-plugin:2.6:resources (default-resources) @ owlapi-compatibility ---
[INFO] Using 'UTF-8' encoding to copy filtered resources.
[INFO] Copying 1 resource
[INFO] 
[INFO] --- maven-compiler-plugin:2.3.2:compile (default-compile) @ owlapi-compatibility ---
[INFO] Compiling 50 source files to /home/travis/build/owlcs/owlapi/compatibility/target/classes
[INFO] 
[INFO] --- maven-resources-plugin:2.6:testResources (default-testResources) @ owlapi-compatibility ---
[INFO] Using 'UTF-8' encoding to copy filtered resources.
[INFO] Copying 2 resources
[INFO] 
[INFO] --- maven-compiler-plugin:2.3.2:testCompile (default-testCompile) @ owlapi-compatibility ---
[INFO] Compiling 1 source file to /home/travis/build/owlcs/owlapi/compatibility/target/test-classes
[INFO] 
[INFO] --- maven-surefire-plugin:2.18.1:test (default-test) @ owlapi-compatibility ---
[INFO] Tests are skipped.
[INFO] 
[INFO] --- animal-sniffer-maven-plugin:1.13:check (default) @ owlapi-compatibility ---
[INFO] Checking unresolved references to org.codehaus.mojo.signature:java17:1.0
[INFO] 
[INFO] --- maven-jar-plugin:2.4:jar (default-jar) @ owlapi-compatibility ---
[INFO] Building jar: /home/travis/build/owlcs/owlapi/compatibility/target/owlapi-compatibility-4.2.1.jar
[INFO] 
[INFO] >>> maven-source-plugin:2.2.1:jar (attach-sources) > generate-sources @ owlapi-compatibility >>>
[INFO] 
[INFO] --- maven-enforcer-plugin:1.0:enforce (enforce-maven) @ owlapi-compatibility ---
[INFO] 
[INFO] <<< maven-source-plugin:2.2.1:jar (attach-sources) < generate-sources @ owlapi-compatibility <<<
[INFO] 
[INFO] --- maven-source-plugin:2.2.1:jar (attach-sources) @ owlapi-compatibility ---
[INFO] Building jar: /home/travis/build/owlcs/owlapi/compatibility/target/owlapi-compatibility-4.2.1-sources.jar
[INFO] 
[INFO] --- maven-javadoc-plugin:2.8.1:jar (attach-javadocs) @ owlapi-compatibility ---
[INFO] Skipping javadoc generation
[INFO] 
[INFO] --- maven-install-plugin:2.4:install (default-install) @ owlapi-compatibility ---
[INFO] Installing /home/travis/build/owlcs/owlapi/compatibility/target/owlapi-compatibility-4.2.1.jar to /home/travis/.m2/repository/net/sourceforge/owlapi/owlapi-compatibility/4.2.1/owlapi-compatibility-4.2.1.jar
[INFO] Installing /home/travis/build/owlcs/owlapi/compatibility/pom.xml to /home/travis/.m2/repository/net/sourceforge/owlapi/owlapi-compatibility/4.2.1/owlapi-compatibility-4.2.1.pom
[INFO] Installing /home/travis/build/owlcs/owlapi/compatibility/target/owlapi-compatibility-4.2.1-sources.jar to /home/travis/.m2/repository/net/sourceforge/owlapi/owlapi-compatibility/4.2.1/owlapi-compatibility-4.2.1-sources.jar
[INFO]                                                                         
[INFO] ------------------------------------------------------------------------
[INFO] Building tests and tutorials 4.2.1
[INFO] ------------------------------------------------------------------------
[INFO] 
[INFO] --- maven-enforcer-plugin:1.0:enforce (enforce-maven) @ owlapi-contract ---
[INFO] 
[INFO] --- maven-resources-plugin:2.6:resources (default-resources) @ owlapi-contract ---
[INFO] Using 'UTF-8' encoding to copy filtered resources.
[INFO] skip non existing resourceDirectory /home/travis/build/owlcs/owlapi/contract/src/main/resources
[INFO] 
[INFO] --- maven-compiler-plugin:2.3.2:compile (default-compile) @ owlapi-contract ---
[INFO] Compiling 8 source files to /home/travis/build/owlcs/owlapi/contract/target/classes
[INFO] 
[INFO] --- maven-resources-plugin:2.6:testResources (default-testResources) @ owlapi-contract ---
[INFO] Using 'UTF-8' encoding to copy filtered resources.
[INFO] Copying 175 resources
[INFO] 
[INFO] --- maven-compiler-plugin:2.3.2:testCompile (default-testCompile) @ owlapi-contract ---
[INFO] Compiling 439 source files to /home/travis/build/owlcs/owlapi/contract/target/test-classes
[INFO] 
[INFO] --- maven-surefire-plugin:2.18.1:test (default-test) @ owlapi-contract ---
[INFO] Tests are skipped.
[INFO] 
[INFO] --- animal-sniffer-maven-plugin:1.13:check (default) @ owlapi-contract ---
[INFO] Checking unresolved references to org.codehaus.mojo.signature:java17:1.0
[INFO] 
[INFO] --- maven-jar-plugin:2.4:jar (default-jar) @ owlapi-contract ---
[INFO] Building jar: /home/travis/build/owlcs/owlapi/contract/target/owlapi-contract-4.2.1.jar
[INFO] 
[INFO] >>> maven-source-plugin:2.2.1:jar (attach-sources) > generate-sources @ owlapi-contract >>>
[INFO] 
[INFO] --- maven-enforcer-plugin:1.0:enforce (enforce-maven) @ owlapi-contract ---
[INFO] 
[INFO] <<< maven-source-plugin:2.2.1:jar (attach-sources) < generate-sources @ owlapi-contract <<<
[INFO] 
[INFO] --- maven-source-plugin:2.2.1:jar (attach-sources) @ owlapi-contract ---
[INFO] Building jar: /home/travis/build/owlcs/owlapi/contract/target/owlapi-contract-4.2.1-sources.jar
[INFO] 
[INFO] --- maven-javadoc-plugin:2.8.1:jar (attach-javadocs) @ owlapi-contract ---
[INFO] Skipping javadoc generation
[INFO] 
[INFO] --- maven-install-plugin:2.4:install (default-install) @ owlapi-contract ---
[INFO] Installing /home/travis/build/owlcs/owlapi/contract/target/owlapi-contract-4.2.1.jar to /home/travis/.m2/repository/net/sourceforge/owlapi/owlapi-contract/4.2.1/owlapi-contract-4.2.1.jar
[INFO] Installing /home/travis/build/owlcs/owlapi/contract/pom.xml to /home/travis/.m2/repository/net/sourceforge/owlapi/owlapi-contract/4.2.1/owlapi-contract-4.2.1.pom
[INFO] Installing /home/travis/build/owlcs/owlapi/contract/target/owlapi-contract-4.2.1-sources.jar to /home/travis/.m2/repository/net/sourceforge/owlapi/owlapi-contract/4.2.1/owlapi-contract-4.2.1-sources.jar
[INFO]                                                                         
[INFO] ------------------------------------------------------------------------
[INFO] Building OWLAPI Distribution 4.2.1
[INFO] ------------------------------------------------------------------------
[INFO] 
[INFO] --- maven-enforcer-plugin:1.0:enforce (enforce-maven) @ owlapi-distribution ---
[INFO] 
[INFO] --- maven-resources-plugin:2.7:resources (default-resources) @ owlapi-distribution ---
[INFO] Using 'UTF-8' encoding to copy filtered resources.
[INFO] skip non existing resourceDirectory /home/travis/build/owlcs/owlapi/distribution/src/main/resources
[INFO] 
[INFO] --- maven-compiler-plugin:2.3.2:compile (default-compile) @ owlapi-distribution ---
[INFO] No sources to compile
[INFO] 
[INFO] --- maven-resources-plugin:2.7:testResources (default-testResources) @ owlapi-distribution ---
[INFO] Using 'UTF-8' encoding to copy filtered resources.
[INFO] skip non existing resourceDirectory /home/travis/build/owlcs/owlapi/distribution/src/test/resources
[INFO] 
[INFO] --- maven-compiler-plugin:2.3.2:testCompile (default-testCompile) @ owlapi-distribution ---
[INFO] No sources to compile
[INFO] 
[INFO] --- maven-surefire-plugin:2.18.1:test (default-test) @ owlapi-distribution ---
[INFO] Tests are skipped.
[INFO] 
[INFO] --- animal-sniffer-maven-plugin:1.13:check (default) @ owlapi-distribution ---
[INFO] Checking unresolved references to org.codehaus.mojo.signature:java17:1.0
[INFO] 
[INFO] --- maven-bundle-plugin:2.5.3:bundle (default-bundle) @ owlapi-distribution ---
[WARNING] Bundle net.sourceforge.owlapi:owlapi-distribution:bundle:4.2.1 : Unused Private-Package instructions, no such package(s) on the class path: [!*]
[INFO] 
[INFO] >>> maven-source-plugin:2.2.1:jar (attach-sources) > generate-sources @ owlapi-distribution >>>
[INFO] 
[INFO] --- maven-enforcer-plugin:1.0:enforce (enforce-maven) @ owlapi-distribution ---
[INFO] 
[INFO] <<< maven-source-plugin:2.2.1:jar (attach-sources) < generate-sources @ owlapi-distribution <<<
[INFO] 
[INFO] --- maven-source-plugin:2.2.1:jar (attach-sources) @ owlapi-distribution ---
[INFO] No sources in project. Archive not created.
[INFO] 
[INFO] --- maven-shade-plugin:2.3:shade (default) @ owlapi-distribution ---
[INFO] Including net.sourceforge.owlapi:owlapi-apibinding:jar:4.2.1 in the shaded jar.
[INFO] Including net.sourceforge.owlapi:owlapi-tools:jar:4.2.1 in the shaded jar.
[INFO] Including net.sourceforge.owlapi:owlapi-impl:jar:4.2.1 in the shaded jar.
[INFO] Including net.sourceforge.owlapi:owlapi-parsers:jar:4.2.1 in the shaded jar.
[INFO] Including net.sourceforge.owlapi:owlapi-oboformat:jar:4.2.1 in the shaded jar.
[INFO] Including net.sourceforge.owlapi:owlapi-fixers:jar:4.2.1 in the shaded jar.
[INFO] Including net.sourceforge.owlapi:owlapi-rio:jar:4.2.1 in the shaded jar.
[INFO] Including net.sourceforge.owlapi:owlapi-api:jar:4.2.1 in the shaded jar.
[INFO] Excluding com.fasterxml.jackson.core:jackson-core:jar:2.5.1 from the shaded jar.
[INFO] Excluding com.fasterxml.jackson.core:jackson-databind:jar:2.5.1 from the shaded jar.
[INFO] Excluding com.fasterxml.jackson.core:jackson-annotations:jar:2.5.1 from the shaded jar.
[INFO] Excluding org.tukaani:xz:jar:1.5 from the shaded jar.
[INFO] Excluding org.openrdf.sesame:sesame-model:jar:2.7.16 from the shaded jar.
[INFO] Excluding org.openrdf.sesame:sesame-util:jar:2.7.16 from the shaded jar.
[INFO] Excluding org.openrdf.sesame:sesame-rio-api:jar:2.7.16 from the shaded jar.
[INFO] Excluding org.openrdf.sesame:sesame-rio-languages:jar:2.7.16 from the shaded jar.
[INFO] Excluding org.openrdf.sesame:sesame-rio-datatypes:jar:2.7.16 from the shaded jar.
[INFO] Excluding org.openrdf.sesame:sesame-rio-binary:jar:2.7.16 from the shaded jar.
[INFO] Excluding org.openrdf.sesame:sesame-rio-n3:jar:2.7.16 from the shaded jar.
[INFO] Excluding org.openrdf.sesame:sesame-rio-nquads:jar:2.7.16 from the shaded jar.
[INFO] Excluding org.openrdf.sesame:sesame-rio-ntriples:jar:2.7.16 from the shaded jar.
[INFO] Excluding org.openrdf.sesame:sesame-rio-rdfjson:jar:2.7.16 from the shaded jar.
[INFO] Excluding org.openrdf.sesame:sesame-rio-rdfxml:jar:2.7.16 from the shaded jar.
[INFO] Excluding org.openrdf.sesame:sesame-rio-trix:jar:2.7.16 from the shaded jar.
[INFO] Excluding org.openrdf.sesame:sesame-rio-turtle:jar:2.7.16 from the shaded jar.
[INFO] Excluding org.openrdf.sesame:sesame-rio-trig:jar:2.7.16 from the shaded jar.
[INFO] Excluding com.github.jsonld-java:jsonld-java-sesame:jar:0.5.0 from the shaded jar.
[INFO] Excluding com.github.jsonld-java:jsonld-java:jar:0.5.0 from the shaded jar.
[INFO] Excluding org.apache.httpcomponents:httpclient-cache:jar:4.2.5 from the shaded jar.
[INFO] Excluding org.apache.httpcomponents:httpclient:jar:4.2.5 from the shaded jar.
[INFO] Excluding org.apache.httpcomponents:httpcore:jar:4.2.4 from the shaded jar.
[INFO] Excluding commons-codec:commons-codec:jar:1.6 from the shaded jar.
[INFO] Excluding org.slf4j:jcl-over-slf4j:jar:1.7.7 from the shaded jar.
[INFO] Excluding org.semarglproject:semargl-sesame:jar:0.6.1 from the shaded jar.
[INFO] Excluding org.semarglproject:semargl-core:jar:0.6.1 from the shaded jar.
[INFO] Excluding org.semarglproject:semargl-rdfa:jar:0.6.1 from the shaded jar.
[INFO] Excluding org.semarglproject:semargl-rdf:jar:0.6.1 from the shaded jar.
[INFO] Excluding net.sf.trove4j:trove4j:jar:3.0.3 from the shaded jar.
[INFO] Excluding com.google.guava:guava:jar:18.0 from the shaded jar.
[INFO] Excluding com.google.inject:guice:jar:4.0 from the shaded jar.
[INFO] Excluding javax.inject:javax.inject:jar:1 from the shaded jar.
[INFO] Excluding aopalliance:aopalliance:jar:1.0 from the shaded jar.
[INFO] Excluding com.google.inject.extensions:guice-assistedinject:jar:4.0 from the shaded jar.
[INFO] Excluding com.google.inject.extensions:guice-multibindings:jar:4.0 from the shaded jar.
[INFO] Excluding com.google.code.findbugs:jsr305:jar:2.0.1 from the shaded jar.
[INFO] Excluding org.slf4j:slf4j-api:jar:1.7.10 from the shaded jar.
[INFO] Excluding commons-io:commons-io:jar:2.4 from the shaded jar.
[WARNING] owlapi-distribution-4.2.1.jar, owlapi-tools-4.2.1.jar define 84 overlappping classes: 
[WARNING]   - com.clarkparsia.owlapi.explanation.util.SilentExplanationProgressMonitor
[WARNING]   - org.semanticweb.owlapi.metrics.HiddenGCICount
[WARNING]   - com.clarkparsia.owlapi.explanation.SingleExplanationGenerator
[WARNING]   - org.semanticweb.owlapi.metrics.GCICount
[WARNING]   - com.clarkparsia.owlapi.explanation.BlackBoxExplanation$1
[WARNING]   - uk.ac.manchester.cs.owl.explanation.ordering.ExplanationOrdererImpl$PropertiesFirstComparator
[WARNING]   - com.clarkparsia.owlapi.modularity.locality.SemanticLocalityEvaluator
[WARNING]   - uk.ac.manchester.cs.owl.explanation.ordering.NodeRenderer
[WARNING]   - org.semanticweb.owlapi.debugging.JustificationMap$OWLAxiomComparator
[WARNING]   - uk.ac.manchester.cs.owl.explanation.ordering.ExplanationOrdererImpl$AxiomMapBuilder
[WARNING]   - 74 more...
[WARNING] owlapi-distribution-4.2.1.jar, owlapi-oboformat-4.2.1.jar define 75 overlappping classes: 
[WARNING]   - org.obolibrary.oboformat.parser.OBOFormatException
[WARNING]   - org.obolibrary.obo2owl.OWLAPIOwl2Obo
[WARNING]   - org.obolibrary.macro.MacroExpansionGCIVisitor$MacroExpansions$GCIVisitor
[WARNING]   - org.obolibrary.macro.MacroExpansionGCIVisitor$MacroExpansions
[WARNING]   - org.obolibrary.oboformat.diff.Diff
[WARNING]   - org.semanticweb.owlapi.oboformat.OBOFormatRenderer$1
[WARNING]   - org.obolibrary.obo2owl.IdTranslator
[WARNING]   - org.obolibrary.oboformat.model.Clause
[WARNING]   - org.obolibrary.oboformat.parser.XrefExpander$ReverseGenusDifferentiaExpansion
[WARNING]   - org.obolibrary.owl.LabelFunctionalSyntaxStorer
[WARNING]   - 65 more...
[WARNING] owlapi-distribution-4.2.1.jar, owlapi-apibinding-4.2.1.jar define 2 overlappping classes: 
[WARNING]   - org.semanticweb.owlapi.apibinding.OWLManager
[WARNING]   - org.semanticweb.owlapi.apibinding.OWLFunctionalSyntaxFactory
[WARNING] owlapi-distribution-4.2.1.jar, owlapi-fixers-4.2.1.jar define 95 overlappping classes: 
[WARNING]   - org.semanticweb.owlapitools.builders.BuilderDataHasValue
[WARNING]   - org.semanticweb.owlapitools.builders.BuilderPropertyChain
[WARNING]   - org.semanticweb.owlapitools.builders.BuilderDataExactCardinality
[WARNING]   - org.semanticweb.owlapitools.builders.BuilderIrreflexiveObjectProperty
[WARNING]   - org.semanticweb.owlapitools.builders.BaseAnnotationPropertyBuilder
[WARNING]   - org.semanticweb.owlapitools.builders.BuilderDataPropertyAssertion
[WARNING]   - org.semanticweb.owlapitools.builders.BuilderAsymmetricObjectProperty
[WARNING]   - org.semanticweb.owlapitools.builders.BuilderFacetRestriction
[WARNING]   - org.semanticweb.owlapitools.builders.BuilderComplementOf
[WARNING]   - org.semanticweb.owlapitools.builders.BuilderDataUnionOf
[WARNING]   - 85 more...
[WARNING] owlapi-distribution-4.2.1.jar, owlapi-rio-4.2.1.jar define 68 overlappping classes: 
[WARNING]   - org.semanticweb.owlapi.formats.N3DocumentFormatFactory
[WARNING]   - org.semanticweb.owlapi.formats.RioTurtleDocumentFormatFactory
[WARNING]   - org.semanticweb.owlapi.rio.RioStorer
[WARNING]   - org.semanticweb.owlapi.rio.RioOWLRDFParser
[WARNING]   - org.semanticweb.owlapi.rio.OWLAPIRDFFormat
[WARNING]   - org.semanticweb.owlapi.formats.N3DocumentFormat
[WARNING]   - org.semanticweb.owlapi.rio.RioFunctionalSyntaxParserFactory
[WARNING]   - org.semanticweb.owlapi.rio.RioTrigStorerFactory
[WARNING]   - org.semanticweb.owlapi.rio.RioManchesterSyntaxParserFactory
[WARNING]   - org.semanticweb.owlapi.rio.AbstractRioStorerFactory
[WARNING]   - 58 more...
[WARNING] owlapi-distribution-4.2.1.jar, owlapi-impl-4.2.1.jar define 217 overlappping classes: 
[WARNING]   - org.semanticweb.owlapi.reasoner.impl.OWLNamedIndividualNodeSet
[WARNING]   - uk.ac.manchester.cs.owl.owlapi.SWRLIndividualArgumentImpl
[WARNING]   - uk.ac.manchester.cs.owl.owlapi.InitVisitorFactory$InitIndividualVisitor
[WARNING]   - uk.ac.manchester.cs.owl.owlapi.OWLDataAllValuesFromImpl
[WARNING]   - uk.ac.manchester.cs.owl.owlapi.CollectionContainerVisitor
[WARNING]   - uk.ac.manchester.cs.owl.owlapi.concurrent.NonConcurrentOWLOntologyBuilder
[WARNING]   - uk.ac.manchester.cs.owl.owlapi.OWLImportsDeclarationImpl
[WARNING]   - uk.ac.manchester.cs.owl.owlapi.OWLSubPropertyAxiomImpl
[WARNING]   - uk.ac.manchester.cs.owl.owlapi.OWLSameIndividualAxiomImpl
[WARNING]   - uk.ac.manchester.cs.owl.owlapi.OWLDataFactoryInternalsImpl$Buildable$1
[WARNING]   - 207 more...
[WARNING] owlapi-distribution-4.2.1.jar, owlapi-parsers-4.2.1.jar define 606 overlappping classes: 
[WARNING]   - org.semanticweb.owlapi.manchestersyntax.parser.ManchesterOWLSyntaxParserImpl$DataPropertyExpressionListItemParser
[WARNING]   - org.semanticweb.owlapi.rdf.rdfxml.parser.TripleHandlers$TPOneOfHandler
[WARNING]   - org.semanticweb.owlapi.krss2.renderer.KRSS2SyntaxRenderer
[WARNING]   - org.semanticweb.owlapi.rdf.rdfxml.parser.Translators$ObjectMinCardinalityTranslator
[WARNING]   - org.semanticweb.owlapi.rdf.turtle.parser.TurtleParserException
[WARNING]   - org.semanticweb.owlapi.owlxml.parser.AbstractNaryBooleanClassExpressionElementHandler
[WARNING]   - org.semanticweb.owlapi.latex.renderer.LatexOWLObjectRenderer
[WARNING]   - org.semanticweb.owlapi.manchestersyntax.parser.ManchesterOWLSyntaxParserImpl$IndividualFactsItemParser
[WARNING]   - org.semanticweb.owlapi.rdf.turtle.parser.OWLRDFConsumerAdapter
[WARNING]   - org.semanticweb.owlapi.owlxml.renderer.OWLXMLObjectRenderer
[WARNING]   - 596 more...
[WARNING] owlapi-distribution-4.2.1.jar, owlapi-api-4.2.1.jar define 759 overlappping classes: 
[WARNING]   - org.semanticweb.owlapi.model.OWLPropertyAssertionObject
[WARNING]   - org.semanticweb.owlapi.model.parameters.ConfigurationOptions
[WARNING]   - org.semanticweb.owlapi.model.OWLAnonymousClassExpression
[WARNING]   - org.semanticweb.owlapi.model.HasApplyChange
[WARNING]   - org.semanticweb.owlapi.util.InferredIndividualAxiomGenerator
[WARNING]   - org.semanticweb.owlapi.model.SWRLDArgument
[WARNING]   - org.semanticweb.owlapi.util.OWLEntityURIUnderscores2CamelBackConverterStrategy
[WARNING]   - org.semanticweb.owlapi.util.HornAxiomVisitorEx
[WARNING]   - org.semanticweb.owlapi.change.RemoveAxiomData
[WARNING]   - org.semanticweb.owlapi.util.OWLOntologyWalkerVisitor
[WARNING]   - 749 more...
[WARNING] maven-shade-plugin has detected that some .class files
[WARNING] are present in two or more JARs. When this happens, only
[WARNING] one single version of the class is copied in the uberjar.
[WARNING] Usually this is not harmful and you can skeep these
[WARNING] warnings, otherwise try to manually exclude artifacts
[WARNING] based on mvn dependency:tree -Ddetail=true and the above
[WARNING] output
[WARNING] See http://docs.codehaus.org/display/MAVENUSER/Shade+Plugin
[INFO] Replacing original artifact with shaded artifact.
[INFO] Replacing /home/travis/build/owlcs/owlapi/distribution/target/owlapi-distribution-4.2.1.jar with /home/travis/build/owlcs/owlapi/distribution/target/owlapi-distribution-4.2.1-shaded.jar
[INFO] Dependency-reduced POM written at: /home/travis/build/owlcs/owlapi/distribution/dependency-reduced-pom.xml
[INFO] 
[INFO] --- maven-javadoc-plugin:2.8.1:jar (attach-javadocs) @ owlapi-distribution ---
[INFO] Skipping javadoc generation
[INFO] 
[INFO] --- maven-javadoc-plugin:2.8.1:jar (attach-javadoc) @ owlapi-distribution ---
[INFO] Skipping javadoc generation
[INFO] 
[INFO] --- maven-assembly-plugin:2.4:single (attach-sources) @ owlapi-distribution ---
[INFO] Reading assembly descriptor: src/assembly/sources.xml
[INFO] Building jar: /home/travis/build/owlcs/owlapi/distribution/target/owlapi-distribution-4.2.1-sources.jar
[INFO] 
[INFO] --- maven-install-plugin:2.5.2:install (default-install) @ owlapi-distribution ---
[INFO] Installing /home/travis/build/owlcs/owlapi/distribution/target/owlapi-distribution-4.2.1.jar to /home/travis/.m2/repository/net/sourceforge/owlapi/owlapi-distribution/4.2.1/owlapi-distribution-4.2.1.jar
[INFO] Installing /home/travis/build/owlcs/owlapi/distribution/dependency-reduced-pom.xml to /home/travis/.m2/repository/net/sourceforge/owlapi/owlapi-distribution/4.2.1/owlapi-distribution-4.2.1.pom
[INFO] Installing /home/travis/build/owlcs/owlapi/distribution/target/owlapi-distribution-4.2.1-sources.jar to /home/travis/.m2/repository/net/sourceforge/owlapi/owlapi-distribution/4.2.1/owlapi-distribution-4.2.1-sources.jar
[INFO] 
[INFO] --- maven-bundle-plugin:2.5.3:install (default-install) @ owlapi-distribution ---
[INFO] Installing net/sourceforge/owlapi/owlapi-distribution/4.2.1/owlapi-distribution-4.2.1.jar
[INFO] Installing net/sourceforge/owlapi/owlapi-distribution/4.2.1/owlapi-distribution-4.2.1-sources.jar
[INFO] Writing OBR metadata
[INFO]                                                                         
[INFO] ------------------------------------------------------------------------
[INFO] Building OWLAPI OSGi and Compatibility Distribution 4.2.1
[INFO] ------------------------------------------------------------------------
[INFO] 
[INFO] --- maven-enforcer-plugin:1.0:enforce (enforce-maven) @ owlapi-osgidistribution ---
[INFO] 
[INFO] --- maven-resources-plugin:2.7:resources (default-resources) @ owlapi-osgidistribution ---
[INFO] Using 'UTF-8' encoding to copy filtered resources.
[INFO] skip non existing resourceDirectory /home/travis/build/owlcs/owlapi/osgidistribution/src/main/resources
[INFO] 
[INFO] --- maven-compiler-plugin:2.3.2:compile (default-compile) @ owlapi-osgidistribution ---
[INFO] Compiling 4 source files to /home/travis/build/owlcs/owlapi/osgidistribution/target/classes
[INFO] 
[INFO] --- maven-resources-plugin:2.7:testResources (default-testResources) @ owlapi-osgidistribution ---
[INFO] Using 'UTF-8' encoding to copy filtered resources.
[INFO] skip non existing resourceDirectory /home/travis/build/owlcs/owlapi/osgidistribution/src/test/resources
[INFO] 
[INFO] --- maven-compiler-plugin:2.3.2:testCompile (default-testCompile) @ owlapi-osgidistribution ---
[INFO] Compiling 3 source files to /home/travis/build/owlcs/owlapi/osgidistribution/target/test-classes
[INFO] 
[INFO] --- maven-surefire-plugin:2.18.1:test (default-test) @ owlapi-osgidistribution ---
[INFO] Tests are skipped.
[INFO] 
[INFO] --- animal-sniffer-maven-plugin:1.13:check (default) @ owlapi-osgidistribution ---
[INFO] Checking unresolved references to org.codehaus.mojo.signature:java17:1.0
[INFO] 
[INFO] --- maven-bundle-plugin:2.5.3:bundle (default-bundle) @ owlapi-osgidistribution ---
[WARNING] Bundle net.sourceforge.owlapi:owlapi-osgidistribution:bundle:4.2.1 : Split package, multiple jars provide the same package:org/coode/owlapi/obo/parser
Use Import/Export Package directive -split-package:=(merge-first|merge-last|error|first) to get rid of this warning
Package found in   [Jar:., Jar:owlapi-compatibility]
Class path         [Jar:., Jar:owlapi-apibinding, Jar:owlapi-tools, Jar:owlapi-impl, Jar:owlapi-parsers, Jar:owlapi-oboformat, Jar:owlapi-fixers, Jar:owlapi-rio, Jar:owlapi-api, Jar:jackson-core, Jar:jackson-databind, Jar:jackson-annotations, Jar:owlapi-compatibility, Jar:xz, Jar:sesame-model, Jar:sesame-rio-api, Jar:sesame-rio-languages, Jar:sesame-rio-datatypes, Jar:sesame-rio-binary, Jar:sesame-rio-n3, Jar:sesame-rio-nquads, Jar:sesame-rio-ntriples, Jar:sesame-rio-rdfjson, Jar:sesame-rio-rdfxml, Jar:sesame-rio-trix, Jar:sesame-rio-turtle, Jar:sesame-rio-trig, Jar:sesame-util, Jar:jsonld-java-sesame, Jar:jsonld-java, Jar:jcl-over-slf4j, Jar:httpclient, Jar:httpclient-cache, Jar:httpcore, Jar:commons-codec, Jar:commons-logging, Jar:semargl-sesame, Jar:semargl-core, Jar:semargl-rdfa, Jar:semargl-rdf, Jar:org.apache.servicemix.bundles.javax-inject, Jar:org.apache.servicemix.bundles.aopalliance, Jar:trove4j, Jar:guava, Jar:guice, Jar:javax.inject, Jar:aopalliance, Jar:guice-assistedinject, Jar:guice-multibindings, Jar:jsr305, Jar:slf4j-api, Jar:commons-io]
[WARNING] Bundle net.sourceforge.owlapi:owlapi-osgidistribution:bundle:4.2.1 : Split package, multiple jars provide the same package:uk/ac/manchester/cs/owl/explanation/ordering
Use Import/Export Package directive -split-package:=(merge-first|merge-last|error|first) to get rid of this warning
Package found in   [Jar:., Jar:owlapi-tools]
Class path         [Jar:., Jar:owlapi-apibinding, Jar:owlapi-tools, Jar:owlapi-impl, Jar:owlapi-parsers, Jar:owlapi-oboformat, Jar:owlapi-fixers, Jar:owlapi-rio, Jar:owlapi-api, Jar:jackson-core, Jar:jackson-databind, Jar:jackson-annotations, Jar:owlapi-compatibility, Jar:xz, Jar:sesame-model, Jar:sesame-rio-api, Jar:sesame-rio-languages, Jar:sesame-rio-datatypes, Jar:sesame-rio-binary, Jar:sesame-rio-n3, Jar:sesame-rio-nquads, Jar:sesame-rio-ntriples, Jar:sesame-rio-rdfjson, Jar:sesame-rio-rdfxml, Jar:sesame-rio-trix, Jar:sesame-rio-turtle, Jar:sesame-rio-trig, Jar:sesame-util, Jar:jsonld-java-sesame, Jar:jsonld-java, Jar:jcl-over-slf4j, Jar:httpclient, Jar:httpclient-cache, Jar:httpcore, Jar:commons-codec, Jar:commons-logging, Jar:semargl-sesame, Jar:semargl-core, Jar:semargl-rdfa, Jar:semargl-rdf, Jar:org.apache.servicemix.bundles.javax-inject, Jar:org.apache.servicemix.bundles.aopalliance, Jar:trove4j, Jar:guava, Jar:guice, Jar:javax.inject, Jar:aopalliance, Jar:guice-assistedinject, Jar:guice-multibindings, Jar:jsr305, Jar:slf4j-api, Jar:commons-io]
[WARNING] Bundle net.sourceforge.owlapi:owlapi-osgidistribution:bundle:4.2.1 : Export org.semanticweb.owlapi.formats,  has 1,  private references [org.openrdf.rio], 
[WARNING] Bundle net.sourceforge.owlapi:owlapi-osgidistribution:bundle:4.2.1 : Export org.semanticweb.owlapi.io,  has 1,  private references [org.tukaani.xz], 
[WARNING] Bundle net.sourceforge.owlapi:owlapi-osgidistribution:bundle:4.2.1 : Export org.semanticweb.owlapi.rio,  has 5,  private references [org.openrdf.rio, org.openrdf.model, org.openrdf.rio.helpers, info.aduna.iteration, org.openrdf], 
[WARNING] Bundle net.sourceforge.owlapi:owlapi-osgidistribution:bundle:4.2.1 : Export org.semanticweb.owlapi.rio.utils,  has 1,  private references [org.openrdf.model], 
[INFO] 
[INFO] >>> maven-source-plugin:2.2.1:jar (attach-sources) > generate-sources @ owlapi-osgidistribution >>>
[INFO] 
[INFO] --- maven-enforcer-plugin:1.0:enforce (enforce-maven) @ owlapi-osgidistribution ---
[INFO] 
[INFO] <<< maven-source-plugin:2.2.1:jar (attach-sources) < generate-sources @ owlapi-osgidistribution <<<
[INFO] 
[INFO] --- maven-source-plugin:2.2.1:jar (attach-sources) @ owlapi-osgidistribution ---
[INFO] Building jar: /home/travis/build/owlcs/owlapi/osgidistribution/target/owlapi-osgidistribution-4.2.1-sources.jar
[INFO] 
[INFO] --- maven-shade-plugin:2.3:shade (default) @ owlapi-osgidistribution ---
[INFO] Including net.sourceforge.owlapi:owlapi-apibinding:jar:4.2.1 in the shaded jar.
[INFO] Including net.sourceforge.owlapi:owlapi-tools:jar:4.2.1 in the shaded jar.
[INFO] Including net.sourceforge.owlapi:owlapi-impl:jar:4.2.1 in the shaded jar.
[INFO] Including net.sourceforge.owlapi:owlapi-parsers:jar:4.2.1 in the shaded jar.
[INFO] Including net.sourceforge.owlapi:owlapi-oboformat:jar:4.2.1 in the shaded jar.
[INFO] Including net.sourceforge.owlapi:owlapi-fixers:jar:4.2.1 in the shaded jar.
[INFO] Including net.sourceforge.owlapi:owlapi-rio:jar:4.2.1 in the shaded jar.
[INFO] Including net.sourceforge.owlapi:owlapi-api:jar:4.2.1 in the shaded jar.
[INFO] Excluding com.fasterxml.jackson.core:jackson-core:jar:2.5.1 from the shaded jar.
[INFO] Excluding com.fasterxml.jackson.core:jackson-databind:jar:2.5.1 from the shaded jar.
[INFO] Excluding com.fasterxml.jackson.core:jackson-annotations:jar:2.5.1 from the shaded jar.
[INFO] Including net.sourceforge.owlapi:owlapi-compatibility:jar:4.2.1 in the shaded jar.
[INFO] Excluding org.tukaani:xz:jar:1.5 from the shaded jar.
[INFO] Excluding org.openrdf.sesame:sesame-model:jar:2.7.16 from the shaded jar.
[INFO] Excluding org.openrdf.sesame:sesame-rio-api:jar:2.7.16 from the shaded jar.
[INFO] Excluding org.openrdf.sesame:sesame-rio-languages:jar:2.7.16 from the shaded jar.
[INFO] Excluding org.openrdf.sesame:sesame-rio-datatypes:jar:2.7.16 from the shaded jar.
[INFO] Excluding org.openrdf.sesame:sesame-rio-binary:jar:2.7.16 from the shaded jar.
[INFO] Excluding org.openrdf.sesame:sesame-rio-n3:jar:2.7.16 from the shaded jar.
[INFO] Excluding org.openrdf.sesame:sesame-rio-nquads:jar:2.7.16 from the shaded jar.
[INFO] Excluding org.openrdf.sesame:sesame-rio-ntriples:jar:2.7.16 from the shaded jar.
[INFO] Excluding org.openrdf.sesame:sesame-rio-rdfjson:jar:2.7.16 from the shaded jar.
[INFO] Excluding org.openrdf.sesame:sesame-rio-rdfxml:jar:2.7.16 from the shaded jar.
[INFO] Excluding org.openrdf.sesame:sesame-rio-trix:jar:2.7.16 from the shaded jar.
[INFO] Excluding org.openrdf.sesame:sesame-rio-turtle:jar:2.7.16 from the shaded jar.
[INFO] Excluding org.openrdf.sesame:sesame-rio-trig:jar:2.7.16 from the shaded jar.
[INFO] Excluding org.openrdf.sesame:sesame-util:jar:2.7.16 from the shaded jar.
[INFO] Excluding com.github.jsonld-java:jsonld-java-sesame:jar:0.5.0 from the shaded jar.
[INFO] Excluding com.github.jsonld-java:jsonld-java:jar:0.5.0 from the shaded jar.
[INFO] Excluding org.slf4j:jcl-over-slf4j:jar:1.7.7 from the shaded jar.
[INFO] Excluding org.apache.httpcomponents:httpclient:jar:4.5.1 from the shaded jar.
[INFO] Excluding org.apache.httpcomponents:httpclient-cache:jar:4.5.1 from the shaded jar.
[INFO] Excluding org.apache.httpcomponents:httpcore:jar:4.4.3 from the shaded jar.
[INFO] Excluding commons-codec:commons-codec:jar:1.9 from the shaded jar.
[INFO] Excluding commons-logging:commons-logging:jar:1.2 from the shaded jar.
[INFO] Excluding org.semarglproject:semargl-sesame:jar:0.6.1 from the shaded jar.
[INFO] Excluding org.semarglproject:semargl-core:jar:0.6.1 from the shaded jar.
[INFO] Excluding org.semarglproject:semargl-rdfa:jar:0.6.1 from the shaded jar.
[INFO] Excluding org.semarglproject:semargl-rdf:jar:0.6.1 from the shaded jar.
[INFO] Excluding org.apache.servicemix.bundles:org.apache.servicemix.bundles.javax-inject:jar:1_2 from the shaded jar.
[INFO] Excluding org.apache.servicemix.bundles:org.apache.servicemix.bundles.aopalliance:jar:1.0_6 from the shaded jar.
[INFO] Excluding net.sf.trove4j:trove4j:jar:3.0.3 from the shaded jar.
[INFO] Excluding com.google.guava:guava:jar:18.0 from the shaded jar.
[INFO] Excluding com.google.inject:guice:jar:4.0 from the shaded jar.
[INFO] Excluding javax.inject:javax.inject:jar:1 from the shaded jar.
[INFO] Excluding aopalliance:aopalliance:jar:1.0 from the shaded jar.
[INFO] Excluding com.google.inject.extensions:guice-assistedinject:jar:4.0 from the shaded jar.
[INFO] Excluding com.google.inject.extensions:guice-multibindings:jar:4.0 from the shaded jar.
[INFO] Excluding com.google.code.findbugs:jsr305:jar:2.0.1 from the shaded jar.
[INFO] Excluding org.slf4j:slf4j-api:jar:1.7.10 from the shaded jar.
[INFO] Excluding commons-io:commons-io:jar:2.4 from the shaded jar.
[WARNING] owlapi-osgidistribution-4.2.1.jar, owlapi-api-4.2.1.jar define 759 overlappping classes: 
[WARNING]   - org.semanticweb.owlapi.model.OWLPropertyAssertionObject
[WARNING]   - org.semanticweb.owlapi.model.parameters.ConfigurationOptions
[WARNING]   - org.semanticweb.owlapi.model.OWLAnonymousClassExpression
[WARNING]   - org.semanticweb.owlapi.model.HasApplyChange
[WARNING]   - org.semanticweb.owlapi.util.InferredIndividualAxiomGenerator
[WARNING]   - org.semanticweb.owlapi.model.SWRLDArgument
[WARNING]   - org.semanticweb.owlapi.util.OWLEntityURIUnderscores2CamelBackConverterStrategy
[WARNING]   - org.semanticweb.owlapi.util.HornAxiomVisitorEx
[WARNING]   - org.semanticweb.owlapi.change.RemoveAxiomData
[WARNING]   - org.semanticweb.owlapi.util.OWLOntologyWalkerVisitor
[WARNING]   - 749 more...
[WARNING] owlapi-osgidistribution-4.2.1.jar, owlapi-parsers-4.2.1.jar define 606 overlappping classes: 
[WARNING]   - org.semanticweb.owlapi.manchestersyntax.parser.ManchesterOWLSyntaxParserImpl$DataPropertyExpressionListItemParser
[WARNING]   - org.semanticweb.owlapi.rdf.rdfxml.parser.TripleHandlers$TPOneOfHandler
[WARNING]   - org.semanticweb.owlapi.krss2.renderer.KRSS2SyntaxRenderer
[WARNING]   - org.semanticweb.owlapi.rdf.rdfxml.parser.Translators$ObjectMinCardinalityTranslator
[WARNING]   - org.semanticweb.owlapi.rdf.turtle.parser.TurtleParserException
[WARNING]   - org.semanticweb.owlapi.owlxml.parser.AbstractNaryBooleanClassExpressionElementHandler
[WARNING]   - org.semanticweb.owlapi.latex.renderer.LatexOWLObjectRenderer
[WARNING]   - org.semanticweb.owlapi.manchestersyntax.parser.ManchesterOWLSyntaxParserImpl$IndividualFactsItemParser
[WARNING]   - org.semanticweb.owlapi.rdf.turtle.parser.OWLRDFConsumerAdapter
[WARNING]   - org.semanticweb.owlapi.owlxml.renderer.OWLXMLObjectRenderer
[WARNING]   - 596 more...
[WARNING] owlapi-osgidistribution-4.2.1.jar, owlapi-apibinding-4.2.1.jar define 2 overlappping classes: 
[WARNING]   - org.semanticweb.owlapi.apibinding.OWLManager
[WARNING]   - org.semanticweb.owlapi.apibinding.OWLFunctionalSyntaxFactory
[WARNING] owlapi-osgidistribution-4.2.1.jar, owlapi-tools-4.2.1.jar define 84 overlappping classes: 
[WARNING]   - com.clarkparsia.owlapi.explanation.util.SilentExplanationProgressMonitor
[WARNING]   - org.semanticweb.owlapi.metrics.HiddenGCICount
[WARNING]   - com.clarkparsia.owlapi.explanation.SingleExplanationGenerator
[WARNING]   - org.semanticweb.owlapi.metrics.GCICount
[WARNING]   - com.clarkparsia.owlapi.explanation.BlackBoxExplanation$1
[WARNING]   - uk.ac.manchester.cs.owl.explanation.ordering.ExplanationOrdererImpl$PropertiesFirstComparator
[WARNING]   - com.clarkparsia.owlapi.modularity.locality.SemanticLocalityEvaluator
[WARNING]   - uk.ac.manchester.cs.owl.explanation.ordering.NodeRenderer
[WARNING]   - org.semanticweb.owlapi.debugging.JustificationMap$OWLAxiomComparator
[WARNING]   - uk.ac.manchester.cs.owl.explanation.ordering.ExplanationOrdererImpl$AxiomMapBuilder
[WARNING]   - 74 more...
[WARNING] owlapi-osgidistribution-4.2.1.jar, owlapi-fixers-4.2.1.jar define 95 overlappping classes: 
[WARNING]   - org.semanticweb.owlapitools.builders.BuilderDataHasValue
[WARNING]   - org.semanticweb.owlapitools.builders.BuilderPropertyChain
[WARNING]   - org.semanticweb.owlapitools.builders.BuilderDataExactCardinality
[WARNING]   - org.semanticweb.owlapitools.builders.BuilderIrreflexiveObjectProperty
[WARNING]   - org.semanticweb.owlapitools.builders.BaseAnnotationPropertyBuilder
[WARNING]   - org.semanticweb.owlapitools.builders.BuilderDataPropertyAssertion
[WARNING]   - org.semanticweb.owlapitools.builders.BuilderAsymmetricObjectProperty
[WARNING]   - org.semanticweb.owlapitools.builders.BuilderFacetRestriction
[WARNING]   - org.semanticweb.owlapitools.builders.BuilderComplementOf
[WARNING]   - org.semanticweb.owlapitools.builders.BuilderDataUnionOf
[WARNING]   - 85 more...
[WARNING] owlapi-osgidistribution-4.2.1.jar, owlapi-oboformat-4.2.1.jar define 75 overlappping classes: 
[WARNING]   - org.obolibrary.oboformat.parser.OBOFormatException
[WARNING]   - org.obolibrary.obo2owl.OWLAPIOwl2Obo
[WARNING]   - org.obolibrary.macro.MacroExpansionGCIVisitor$MacroExpansions$GCIVisitor
[WARNING]   - org.obolibrary.macro.MacroExpansionGCIVisitor$MacroExpansions
[WARNING]   - org.obolibrary.oboformat.diff.Diff
[WARNING]   - org.semanticweb.owlapi.oboformat.OBOFormatRenderer$1
[WARNING]   - org.obolibrary.obo2owl.IdTranslator
[WARNING]   - org.obolibrary.oboformat.model.Clause
[WARNING]   - org.obolibrary.oboformat.parser.XrefExpander$ReverseGenusDifferentiaExpansion
[WARNING]   - org.obolibrary.owl.LabelFunctionalSyntaxStorer
[WARNING]   - 65 more...
[WARNING] owlapi-osgidistribution-4.2.1.jar, owlapi-rio-4.2.1.jar define 68 overlappping classes: 
[WARNING]   - org.semanticweb.owlapi.formats.N3DocumentFormatFactory
[WARNING]   - org.semanticweb.owlapi.formats.RioTurtleDocumentFormatFactory
[WARNING]   - org.semanticweb.owlapi.rio.RioStorer
[WARNING]   - org.semanticweb.owlapi.rio.RioOWLRDFParser
[WARNING]   - org.semanticweb.owlapi.rio.OWLAPIRDFFormat
[WARNING]   - org.semanticweb.owlapi.formats.N3DocumentFormat
[WARNING]   - org.semanticweb.owlapi.rio.RioFunctionalSyntaxParserFactory
[WARNING]   - org.semanticweb.owlapi.rio.RioTrigStorerFactory
[WARNING]   - org.semanticweb.owlapi.rio.RioManchesterSyntaxParserFactory
[WARNING]   - org.semanticweb.owlapi.rio.AbstractRioStorerFactory
[WARNING]   - 58 more...
[WARNING] owlapi-osgidistribution-4.2.1.jar, owlapi-impl-4.2.1.jar define 217 overlappping classes: 
[WARNING]   - org.semanticweb.owlapi.reasoner.impl.OWLNamedIndividualNodeSet
[WARNING]   - uk.ac.manchester.cs.owl.owlapi.SWRLIndividualArgumentImpl
[WARNING]   - uk.ac.manchester.cs.owl.owlapi.InitVisitorFactory$InitIndividualVisitor
[WARNING]   - uk.ac.manchester.cs.owl.owlapi.OWLDataAllValuesFromImpl
[WARNING]   - uk.ac.manchester.cs.owl.owlapi.CollectionContainerVisitor
[WARNING]   - uk.ac.manchester.cs.owl.owlapi.concurrent.NonConcurrentOWLOntologyBuilder
[WARNING]   - uk.ac.manchester.cs.owl.owlapi.OWLImportsDeclarationImpl
[WARNING]   - uk.ac.manchester.cs.owl.owlapi.OWLSubPropertyAxiomImpl
[WARNING]   - uk.ac.manchester.cs.owl.owlapi.OWLSameIndividualAxiomImpl
[WARNING]   - uk.ac.manchester.cs.owl.owlapi.OWLDataFactoryInternalsImpl$Buildable$1
[WARNING]   - 207 more...
[WARNING] owlapi-osgidistribution-4.2.1.jar, owlapi-compatibility-4.2.1.jar define 84 overlappping classes: 
[WARNING]   - org.coode.owlapi.obo12.parser.OBOIdType$1
[WARNING]   - uk.ac.manchester.cs.owlapi.dlsyntax.DLSyntaxHTMLOntologyFormat
[WARNING]   - org.coode.owl.krssparser.KRSSOntologyFormat
[WARNING]   - org.coode.owlapi.turtle.TurtleOntologyFormat
[WARNING]   - org.coode.owlapi.obo12.parser.SynonymScope
[WARNING]   - org.coode.owlapi.obo12.parser.NameTagValueHandler
[WARNING]   - org.coode.owlapi.obo12.parser.OBOVocabulary$1
[WARNING]   - org.coode.owlapi.obo12.parser.DataVersionTagValueHandler
[WARNING]   - org.coode.owlapi.obo12.parser.UnionOfHandler
[WARNING]   - org.coode.owlapi.manchesterowlsyntax.ManchesterOWLSyntaxEditorParser$1
[WARNING]   - 74 more...
[WARNING] maven-shade-plugin has detected that some .class files
[WARNING] are present in two or more JARs. When this happens, only
[WARNING] one single version of the class is copied in the uberjar.
[WARNING] Usually this is not harmful and you can skeep these
[WARNING] warnings, otherwise try to manually exclude artifacts
[WARNING] based on mvn dependency:tree -Ddetail=true and the above
[WARNING] output
[WARNING] See http://docs.codehaus.org/display/MAVENUSER/Shade+Plugin
[INFO] Replacing original artifact with shaded artifact.
[INFO] Replacing /home/travis/build/owlcs/owlapi/osgidistribution/target/owlapi-osgidistribution-4.2.1.jar with /home/travis/build/owlcs/owlapi/osgidistribution/target/owlapi-osgidistribution-4.2.1-shaded.jar
[INFO] Dependency-reduced POM written at: /home/travis/build/owlcs/owlapi/osgidistribution/dependency-reduced-pom.xml
[INFO] 
[INFO] --- maven-javadoc-plugin:2.8.1:jar (attach-javadocs) @ owlapi-osgidistribution ---
[INFO] Skipping javadoc generation
[INFO] 
[INFO] --- maven-javadoc-plugin:2.8.1:jar (attach-javadoc) @ owlapi-osgidistribution ---
[INFO] Skipping javadoc generation
[INFO] 
[INFO] --- maven-assembly-plugin:2.4:single (attach-sources) @ owlapi-osgidistribution ---
[INFO] Reading assembly descriptor: src/assembly/sources.xml
[INFO] Building jar: /home/travis/build/owlcs/owlapi/osgidistribution/target/owlapi-osgidistribution-4.2.1-sources.jar
[INFO] 
[INFO] --- maven-failsafe-plugin:2.18.1:integration-test (default) @ owlapi-osgidistribution ---
[INFO] Tests are skipped.
[INFO] 
[INFO] --- maven-failsafe-plugin:2.18.1:verify (default) @ owlapi-osgidistribution ---
[INFO] Tests are skipped.
[INFO] 
[INFO] --- maven-install-plugin:2.5.2:install (default-install) @ owlapi-osgidistribution ---
[INFO] Installing /home/travis/build/owlcs/owlapi/osgidistribution/target/owlapi-osgidistribution-4.2.1.jar to /home/travis/.m2/repository/net/sourceforge/owlapi/owlapi-osgidistribution/4.2.1/owlapi-osgidistribution-4.2.1.jar
[INFO] Installing /home/travis/build/owlcs/owlapi/osgidistribution/dependency-reduced-pom.xml to /home/travis/.m2/repository/net/sourceforge/owlapi/owlapi-osgidistribution/4.2.1/owlapi-osgidistribution-4.2.1.pom
[INFO] Installing /home/travis/build/owlcs/owlapi/osgidistribution/target/owlapi-osgidistribution-4.2.1-sources.jar to /home/travis/.m2/repository/net/sourceforge/owlapi/owlapi-osgidistribution/4.2.1/owlapi-osgidistribution-4.2.1-sources.jar
[INFO] Installing /home/travis/build/owlcs/owlapi/osgidistribution/target/owlapi-osgidistribution-4.2.1-sources.jar to /home/travis/.m2/repository/net/sourceforge/owlapi/owlapi-osgidistribution/4.2.1/owlapi-osgidistribution-4.2.1-sources.jar
[INFO] 
[INFO] --- maven-bundle-plugin:2.5.3:install (default-install) @ owlapi-osgidistribution ---
[INFO] Installing net/sourceforge/owlapi/owlapi-osgidistribution/4.2.1/owlapi-osgidistribution-4.2.1.jar
[INFO] Installing net/sourceforge/owlapi/owlapi-osgidistribution/4.2.1/owlapi-osgidistribution-4.2.1-sources.jar
[INFO] Writing OBR metadata
[INFO] ------------------------------------------------------------------------
[INFO] Reactor Summary:
[INFO] 
[INFO] OWLAPI ............................................. SUCCESS [  5.163 s]
[INFO] OWLAPI Model Interfaces and utilities .............. SUCCESS [ 32.630 s]
[INFO] OWLAPI Default Implementation ...................... SUCCESS [ 18.412 s]
[INFO] tools .............................................. SUCCESS [  6.288 s]
[INFO] parsers ............................................ SUCCESS [ 20.391 s]
[INFO] oboformat parser ................................... SUCCESS [  7.391 s]
[INFO] OWLAPITOOLS OWL profile and fixers ................. SUCCESS [  6.993 s]
[INFO] OWLAPI :: Sesame Rio module ........................ SUCCESS [  3.502 s]
[INFO] OWLAPI Binding and Config .......................... SUCCESS [  1.983 s]
[INFO] compatibility ...................................... SUCCESS [  9.033 s]
[INFO] tests and tutorials ................................ SUCCESS [ 18.610 s]
[INFO] OWLAPI Distribution ................................ SUCCESS [  8.858 s]
[INFO] OWLAPI OSGi and Compatibility Distribution ......... SUCCESS [  8.040 s]
[INFO] ------------------------------------------------------------------------
[INFO] BUILD SUCCESS
[INFO] ------------------------------------------------------------------------
[INFO] Total time: 02:29 min
[INFO] Finished at: 2016-03-05T23:58:27+00:00
[INFO] Final Memory: 152M/416M
[INFO] ------------------------------------------------------------------------

travis_time:end:0443de43:start=1457222153302660843,finish=1457222311595473236,duration=158292812393[0Ktravis_fold:end:install[0Ktravis_time:start:03d1b3f8[0K$ mvn verify
Java HotSpot(TM) 64-Bit Server VM warning: ignoring option MaxPermSize=192m; support was removed in 8.0
[INFO] Scanning for projects...
[INFO] Inspecting build with total of 13 modules...
[INFO] Installing Nexus Staging features:
[INFO]   ... total of 13 executions of maven-deploy-plugin replaced with nexus-staging-maven-plugin
[INFO] ------------------------------------------------------------------------
[INFO] Reactor Build Order:
[INFO] 
[INFO] OWLAPI
[INFO] OWLAPI Model Interfaces and utilities
[INFO] OWLAPI Default Implementation
[INFO] tools
[INFO] parsers
[INFO] oboformat parser
[INFO] OWLAPITOOLS OWL profile and fixers
[INFO] OWLAPI :: Sesame Rio module
[INFO] OWLAPI Binding and Config
[INFO] compatibility
[INFO] tests and tutorials
[INFO] OWLAPI Distribution
[INFO] OWLAPI OSGi and Compatibility Distribution
[INFO]                                                                         
[INFO] ------------------------------------------------------------------------
[INFO] Building OWLAPI 4.2.1
[INFO] ------------------------------------------------------------------------
[INFO] 
[INFO] --- maven-enforcer-plugin:1.0:enforce (enforce-maven) @ owlapi-parent ---
[INFO] 
[INFO] --- animal-sniffer-maven-plugin:1.13:check (default) @ owlapi-parent ---
[INFO] Checking unresolved references to org.codehaus.mojo.signature:java17:1.0
[INFO] 
[INFO] >>> maven-source-plugin:2.2.1:jar (attach-sources) > generate-sources @ owlapi-parent >>>
[INFO] 
[INFO] --- maven-enforcer-plugin:1.0:enforce (enforce-maven) @ owlapi-parent ---
[INFO] 
[INFO] <<< maven-source-plugin:2.2.1:jar (attach-sources) < generate-sources @ owlapi-parent <<<
[INFO] 
[INFO] --- maven-source-plugin:2.2.1:jar (attach-sources) @ owlapi-parent ---
[INFO] 
[INFO] --- maven-javadoc-plugin:2.8.1:jar (attach-javadocs) @ owlapi-parent ---
[INFO] Skipping javadoc generation
[INFO]                                                                         
[INFO] ------------------------------------------------------------------------
[INFO] Building OWLAPI Model Interfaces and utilities 4.2.1
[INFO] ------------------------------------------------------------------------
[INFO] 
[INFO] --- maven-enforcer-plugin:1.0:enforce (enforce-maven) @ owlapi-api ---
[INFO] 
[INFO] --- maven-resources-plugin:2.6:resources (default-resources) @ owlapi-api ---
[INFO] Using 'UTF-8' encoding to copy filtered resources.
[INFO] skip non existing resourceDirectory /home/travis/build/owlcs/owlapi/api/src/main/resources
[INFO] 
[INFO] --- maven-compiler-plugin:2.3.2:compile (default-compile) @ owlapi-api ---
[INFO] Compiling 10 source files to /home/travis/build/owlcs/owlapi/api/target/classes
[INFO] 
[INFO] --- maven-resources-plugin:2.6:testResources (default-testResources) @ owlapi-api ---
[INFO] Using 'UTF-8' encoding to copy filtered resources.
[INFO] Copying 1 resource
[INFO] 
[INFO] --- maven-compiler-plugin:2.3.2:testCompile (default-testCompile) @ owlapi-api ---
[INFO] Nothing to compile - all classes are up to date
[INFO] 
[INFO] --- maven-surefire-plugin:2.18.1:test (default-test) @ owlapi-api ---
[INFO] Surefire report directory: /home/travis/build/owlcs/owlapi/api/target/surefire-reports

-------------------------------------------------------
 T E S T S
-------------------------------------------------------
Tests run: 864, Failures: 0, Errors: 0, Skipped: 0

[INFO] 
[INFO] --- animal-sniffer-maven-plugin:1.13:check (default) @ owlapi-api ---
[INFO] Checking unresolved references to org.codehaus.mojo.signature:java17:1.0
[INFO] 
[INFO] --- maven-jar-plugin:2.4:jar (default-jar) @ owlapi-api ---
[INFO] 
[INFO] >>> maven-source-plugin:2.2.1:jar (attach-sources) > generate-sources @ owlapi-api >>>
[INFO] 
[INFO] --- maven-enforcer-plugin:1.0:enforce (enforce-maven) @ owlapi-api ---
[INFO] 
[INFO] <<< maven-source-plugin:2.2.1:jar (attach-sources) < generate-sources @ owlapi-api <<<
[INFO] 
[INFO] --- maven-source-plugin:2.2.1:jar (attach-sources) @ owlapi-api ---
[INFO] 
[INFO] --- maven-javadoc-plugin:2.8.1:jar (attach-javadocs) @ owlapi-api ---
[INFO] Skipping javadoc generation
[INFO]                                                                         
[INFO] ------------------------------------------------------------------------
[INFO] Building OWLAPI Default Implementation 4.2.1
[INFO] ------------------------------------------------------------------------
[INFO] 
[INFO] --- maven-enforcer-plugin:1.0:enforce (enforce-maven) @ owlapi-impl ---
[INFO] 
[INFO] --- maven-resources-plugin:2.6:resources (default-resources) @ owlapi-impl ---
[INFO] Using 'UTF-8' encoding to copy filtered resources.
[INFO] skip non existing resourceDirectory /home/travis/build/owlcs/owlapi/impl/src/main/resources
[INFO] 
[INFO] --- maven-compiler-plugin:2.3.2:compile (default-compile) @ owlapi-impl ---
[INFO] Compiling 3 source files to /home/travis/build/owlcs/owlapi/impl/target/classes
[INFO] 
[INFO] --- maven-resources-plugin:2.6:testResources (default-testResources) @ owlapi-impl ---
[INFO] Using 'UTF-8' encoding to copy filtered resources.
[INFO] skip non existing resourceDirectory /home/travis/build/owlcs/owlapi/impl/src/test/resources
[INFO] 
[INFO] --- maven-compiler-plugin:2.3.2:testCompile (default-testCompile) @ owlapi-impl ---
[INFO] Nothing to compile - all classes are up to date
[INFO] 
[INFO] --- maven-surefire-plugin:2.18.1:test (default-test) @ owlapi-impl ---
[INFO] Surefire report directory: /home/travis/build/owlcs/owlapi/impl/target/surefire-reports

-------------------------------------------------------
 T E S T S
-------------------------------------------------------
[main] WARN uk.ac.manchester.cs.owl.owlapi.OWLOntologyManagerImpl - Runtime Warning: Parsers should load imported ontologies using the makeImportLoadRequest method.
[main] WARN uk.ac.manchester.cs.owl.owlapi.OWLOntologyManagerImpl - Runtime Warning: Parsers should load imported ontologies using the makeImportLoadRequest method.
Tests run: 499, Failures: 0, Errors: 0, Skipped: 0

[INFO] 
[INFO] --- animal-sniffer-maven-plugin:1.13:check (default) @ owlapi-impl ---
[INFO] Checking unresolved references to org.codehaus.mojo.signature:java17:1.0
[INFO] 
[INFO] --- maven-jar-plugin:2.4:jar (default-jar) @ owlapi-impl ---
[INFO] 
[INFO] >>> maven-source-plugin:2.2.1:jar (attach-sources) > generate-sources @ owlapi-impl >>>
[INFO] 
[INFO] --- maven-enforcer-plugin:1.0:enforce (enforce-maven) @ owlapi-impl ---
[INFO] 
[INFO] <<< maven-source-plugin:2.2.1:jar (attach-sources) < generate-sources @ owlapi-impl <<<
[INFO] 
[INFO] --- maven-source-plugin:2.2.1:jar (attach-sources) @ owlapi-impl ---
[INFO] 
[INFO] --- maven-javadoc-plugin:2.8.1:jar (attach-javadocs) @ owlapi-impl ---
[INFO] Skipping javadoc generation
[INFO]                                                                         
[INFO] ------------------------------------------------------------------------
[INFO] Building tools 4.2.1
[INFO] ------------------------------------------------------------------------
[INFO] 
[INFO] --- maven-enforcer-plugin:1.0:enforce (enforce-maven) @ owlapi-tools ---
[INFO] 
[INFO] --- maven-resources-plugin:2.6:resources (default-resources) @ owlapi-tools ---
[INFO] Using 'UTF-8' encoding to copy filtered resources.
[INFO] skip non existing resourceDirectory /home/travis/build/owlcs/owlapi/tools/src/main/resources
[INFO] 
[INFO] --- maven-compiler-plugin:2.3.2:compile (default-compile) @ owlapi-tools ---
[INFO] Compiling 10 source files to /home/travis/build/owlcs/owlapi/tools/target/classes
[INFO] 
[INFO] --- maven-resources-plugin:2.6:testResources (default-testResources) @ owlapi-tools ---
[INFO] Using 'UTF-8' encoding to copy filtered resources.
[INFO] skip non existing resourceDirectory /home/travis/build/owlcs/owlapi/tools/src/test/resources
[INFO] 
[INFO] --- maven-compiler-plugin:2.3.2:testCompile (default-testCompile) @ owlapi-tools ---
[INFO] No sources to compile
[INFO] 
[INFO] --- maven-surefire-plugin:2.18.1:test (default-test) @ owlapi-tools ---
[INFO] No tests to run.
[INFO] 
[INFO] --- animal-sniffer-maven-plugin:1.13:check (default) @ owlapi-tools ---
[INFO] Checking unresolved references to org.codehaus.mojo.signature:java17:1.0
[INFO] 
[INFO] --- maven-jar-plugin:2.4:jar (default-jar) @ owlapi-tools ---
[INFO] 
[INFO] >>> maven-source-plugin:2.2.1:jar (attach-sources) > generate-sources @ owlapi-tools >>>
[INFO] 
[INFO] --- maven-enforcer-plugin:1.0:enforce (enforce-maven) @ owlapi-tools ---
[INFO] 
[INFO] <<< maven-source-plugin:2.2.1:jar (attach-sources) < generate-sources @ owlapi-tools <<<
[INFO] 
[INFO] --- maven-source-plugin:2.2.1:jar (attach-sources) @ owlapi-tools ---
[INFO] 
[INFO] --- maven-javadoc-plugin:2.8.1:jar (attach-javadocs) @ owlapi-tools ---
[INFO] Skipping javadoc generation
[INFO]                                                                         
[INFO] ------------------------------------------------------------------------
[INFO] Building parsers 4.2.1
[INFO] ------------------------------------------------------------------------
[INFO] 
[INFO] --- maven-enforcer-plugin:1.0:enforce (enforce-maven) @ owlapi-parsers ---
[INFO] 
[INFO] --- maven-resources-plugin:2.6:resources (default-resources) @ owlapi-parsers ---
[INFO] Using 'UTF-8' encoding to copy filtered resources.
[INFO] Copying 2 resources
[INFO] 
[INFO] --- maven-compiler-plugin:2.3.2:compile (default-compile) @ owlapi-parsers ---
[INFO] Compiling 10 source files to /home/travis/build/owlcs/owlapi/parsers/target/classes
[INFO] 
[INFO] --- maven-resources-plugin:2.6:testResources (default-testResources) @ owlapi-parsers ---
[INFO] Using 'UTF-8' encoding to copy filtered resources.
[INFO] skip non existing resourceDirectory /home/travis/build/owlcs/owlapi/parsers/src/test/resources
[INFO] 
[INFO] --- maven-compiler-plugin:2.3.2:testCompile (default-testCompile) @ owlapi-parsers ---
[INFO] Nothing to compile - all classes are up to date
[INFO] 
[INFO] --- maven-surefire-plugin:2.18.1:test (default-test) @ owlapi-parsers ---
[INFO] Surefire report directory: /home/travis/build/owlcs/owlapi/parsers/target/surefire-reports

-------------------------------------------------------
 T E S T S
-------------------------------------------------------
Tests run: 3, Failures: 0, Errors: 0, Skipped: 1

[INFO] 
[INFO] --- animal-sniffer-maven-plugin:1.13:check (default) @ owlapi-parsers ---
[INFO] Checking unresolved references to org.codehaus.mojo.signature:java17:1.0
[INFO] 
[INFO] --- maven-jar-plugin:2.4:jar (default-jar) @ owlapi-parsers ---
[INFO] 
[INFO] >>> maven-source-plugin:2.2.1:jar (attach-sources) > generate-sources @ owlapi-parsers >>>
[INFO] 
[INFO] --- maven-enforcer-plugin:1.0:enforce (enforce-maven) @ owlapi-parsers ---
[INFO] 
[INFO] <<< maven-source-plugin:2.2.1:jar (attach-sources) < generate-sources @ owlapi-parsers <<<
[INFO] 
[INFO] --- maven-source-plugin:2.2.1:jar (attach-sources) @ owlapi-parsers ---
[INFO] 
[INFO] --- maven-javadoc-plugin:2.8.1:jar (attach-javadocs) @ owlapi-parsers ---
[INFO] Skipping javadoc generation
[INFO]                                                                         
[INFO] ------------------------------------------------------------------------
[INFO] Building oboformat parser 4.2.1
[INFO] ------------------------------------------------------------------------
[INFO] 
[INFO] --- maven-enforcer-plugin:1.0:enforce (enforce-maven) @ owlapi-oboformat ---
[INFO] 
[INFO] --- maven-resources-plugin:2.6:resources (default-resources) @ owlapi-oboformat ---
[INFO] Using 'UTF-8' encoding to copy filtered resources.
[INFO] Copying 2 resources
[INFO] 
[INFO] --- maven-compiler-plugin:2.3.2:compile (default-compile) @ owlapi-oboformat ---
[INFO] Nothing to compile - all classes are up to date
[INFO] 
[INFO] --- maven-resources-plugin:2.6:testResources (default-testResources) @ owlapi-oboformat ---
[INFO] Using 'UTF-8' encoding to copy filtered resources.
[INFO] skip non existing resourceDirectory /home/travis/build/owlcs/owlapi/oboformat/src/test/resources
[INFO] 
[INFO] --- maven-compiler-plugin:2.3.2:testCompile (default-testCompile) @ owlapi-oboformat ---
[INFO] Nothing to compile - all classes are up to date
[INFO] 
[INFO] --- maven-surefire-plugin:2.18.1:test (default-test) @ owlapi-oboformat ---
[INFO] Surefire report directory: /home/travis/build/owlcs/owlapi/oboformat/target/surefire-reports

-------------------------------------------------------
 T E S T S
-------------------------------------------------------
Tests run: 1, Failures: 0, Errors: 0, Skipped: 0

[INFO] 
[INFO] --- animal-sniffer-maven-plugin:1.13:check (default) @ owlapi-oboformat ---
[INFO] Checking unresolved references to org.codehaus.mojo.signature:java17:1.0
[INFO] 
[INFO] --- maven-jar-plugin:2.4:jar (default-jar) @ owlapi-oboformat ---
[INFO] 
[INFO] >>> maven-source-plugin:2.2.1:jar (attach-sources) > generate-sources @ owlapi-oboformat >>>
[INFO] 
[INFO] --- maven-enforcer-plugin:1.0:enforce (enforce-maven) @ owlapi-oboformat ---
[INFO] 
[INFO] <<< maven-source-plugin:2.2.1:jar (attach-sources) < generate-sources @ owlapi-oboformat <<<
[INFO] 
[INFO] --- maven-source-plugin:2.2.1:jar (attach-sources) @ owlapi-oboformat ---
[INFO] 
[INFO] --- maven-javadoc-plugin:2.8.1:jar (attach-javadocs) @ owlapi-oboformat ---
[INFO] Skipping javadoc generation
[INFO]                                                                         
[INFO] ------------------------------------------------------------------------
[INFO] Building OWLAPITOOLS OWL profile and fixers 4.2.1
[INFO] ------------------------------------------------------------------------
[INFO] 
[INFO] --- maven-enforcer-plugin:1.0:enforce (enforce-maven) @ owlapi-fixers ---
[INFO] 
[INFO] --- maven-resources-plugin:2.6:resources (default-resources) @ owlapi-fixers ---
[INFO] Using 'UTF-8' encoding to copy filtered resources.
[INFO] skip non existing resourceDirectory /home/travis/build/owlcs/owlapi/fixers/src/main/resources
[INFO] 
[INFO] --- maven-compiler-plugin:2.3.2:compile (default-compile) @ owlapi-fixers ---
[INFO] Nothing to compile - all classes are up to date
[INFO] 
[INFO] --- maven-resources-plugin:2.6:testResources (default-testResources) @ owlapi-fixers ---
[INFO] Using 'UTF-8' encoding to copy filtered resources.
[INFO] skip non existing resourceDirectory /home/travis/build/owlcs/owlapi/fixers/src/test/resources
[INFO] 
[INFO] --- maven-compiler-plugin:2.3.2:testCompile (default-testCompile) @ owlapi-fixers ---
[INFO] Nothing to compile - all classes are up to date
[INFO] 
[INFO] --- maven-surefire-plugin:2.18.1:test (default-test) @ owlapi-fixers ---
[INFO] Surefire report directory: /home/travis/build/owlcs/owlapi/fixers/target/surefire-reports

-------------------------------------------------------
 T E S T S
-------------------------------------------------------
Tests run: 207, Failures: 0, Errors: 0, Skipped: 0

[INFO] 
[INFO] --- animal-sniffer-maven-plugin:1.13:check (default) @ owlapi-fixers ---
[INFO] Checking unresolved references to org.codehaus.mojo.signature:java17:1.0
[INFO] 
[INFO] --- maven-jar-plugin:2.4:jar (default-jar) @ owlapi-fixers ---
[INFO] 
[INFO] >>> maven-source-plugin:2.2.1:jar (attach-sources) > generate-sources @ owlapi-fixers >>>
[INFO] 
[INFO] --- maven-enforcer-plugin:1.0:enforce (enforce-maven) @ owlapi-fixers ---
[INFO] 
[INFO] <<< maven-source-plugin:2.2.1:jar (attach-sources) < generate-sources @ owlapi-fixers <<<
[INFO] 
[INFO] --- maven-source-plugin:2.2.1:jar (attach-sources) @ owlapi-fixers ---
[INFO] 
[INFO] --- maven-javadoc-plugin:2.8.1:jar (attach-javadocs) @ owlapi-fixers ---
[INFO] Skipping javadoc generation
[INFO]                                                                         
[INFO] ------------------------------------------------------------------------
[INFO] Building OWLAPI :: Sesame Rio module 4.2.1
[INFO] ------------------------------------------------------------------------
[INFO] 
[INFO] --- maven-enforcer-plugin:1.0:enforce (enforce-maven) @ owlapi-rio ---
[INFO] 
[INFO] --- maven-resources-plugin:2.6:resources (default-resources) @ owlapi-rio ---
[INFO] Using 'UTF-8' encoding to copy filtered resources.
[INFO] Copying 4 resources
[INFO] 
[INFO] --- maven-compiler-plugin:2.3.2:compile (default-compile) @ owlapi-rio ---
[INFO] Nothing to compile - all classes are up to date
[INFO] 
[INFO] --- maven-resources-plugin:2.6:testResources (default-testResources) @ owlapi-rio ---
[INFO] Using 'UTF-8' encoding to copy filtered resources.
[INFO] skip non existing resourceDirectory /home/travis/build/owlcs/owlapi/rio/src/test/resources
[INFO] 
[INFO] --- maven-compiler-plugin:2.3.2:testCompile (default-testCompile) @ owlapi-rio ---
[INFO] No sources to compile
[INFO] 
[INFO] --- maven-surefire-plugin:2.18.1:test (default-test) @ owlapi-rio ---
[INFO] No tests to run.
[INFO] 
[INFO] --- animal-sniffer-maven-plugin:1.13:check (default) @ owlapi-rio ---
[INFO] Checking unresolved references to org.codehaus.mojo.signature:java17:1.0
[INFO] 
[INFO] --- maven-jar-plugin:2.4:jar (default-jar) @ owlapi-rio ---
[INFO] 
[INFO] >>> maven-source-plugin:2.2.1:jar (attach-sources) > generate-sources @ owlapi-rio >>>
[INFO] 
[INFO] --- maven-enforcer-plugin:1.0:enforce (enforce-maven) @ owlapi-rio ---
[INFO] 
[INFO] <<< maven-source-plugin:2.2.1:jar (attach-sources) < generate-sources @ owlapi-rio <<<
[INFO] 
[INFO] --- maven-source-plugin:2.2.1:jar (attach-sources) @ owlapi-rio ---
[INFO] 
[INFO] --- maven-javadoc-plugin:2.8.1:jar (attach-javadocs) @ owlapi-rio ---
[INFO] Skipping javadoc generation
[INFO]                                                                         
[INFO] ------------------------------------------------------------------------
[INFO] Building OWLAPI Binding and Config 4.2.1
[INFO] ------------------------------------------------------------------------
[INFO] 
[INFO] --- maven-enforcer-plugin:1.0:enforce (enforce-maven) @ owlapi-apibinding ---
[INFO] 
[INFO] --- maven-resources-plugin:2.6:resources (default-resources) @ owlapi-apibinding ---
[INFO] Using 'UTF-8' encoding to copy filtered resources.
[INFO] Copying 1 resource
[INFO] 
[INFO] --- maven-compiler-plugin:2.3.2:compile (default-compile) @ owlapi-apibinding ---
[INFO] Compiling 1 source file to /home/travis/build/owlcs/owlapi/apibinding/target/classes
[INFO] 
[INFO] --- maven-resources-plugin:2.6:testResources (default-testResources) @ owlapi-apibinding ---
[INFO] Using 'UTF-8' encoding to copy filtered resources.
[INFO] skip non existing resourceDirectory /home/travis/build/owlcs/owlapi/apibinding/src/test/resources
[INFO] 
[INFO] --- maven-compiler-plugin:2.3.2:testCompile (default-testCompile) @ owlapi-apibinding ---
[INFO] No sources to compile
[INFO] 
[INFO] --- maven-surefire-plugin:2.18.1:test (default-test) @ owlapi-apibinding ---
[INFO] No tests to run.
[INFO] 
[INFO] --- animal-sniffer-maven-plugin:1.13:check (default) @ owlapi-apibinding ---
[INFO] Checking unresolved references to org.codehaus.mojo.signature:java17:1.0
[INFO] 
[INFO] --- maven-jar-plugin:2.4:jar (default-jar) @ owlapi-apibinding ---
[INFO] 
[INFO] >>> maven-source-plugin:2.2.1:jar (attach-sources) > generate-sources @ owlapi-apibinding >>>
[INFO] 
[INFO] --- maven-enforcer-plugin:1.0:enforce (enforce-maven) @ owlapi-apibinding ---
[INFO] 
[INFO] <<< maven-source-plugin:2.2.1:jar (attach-sources) < generate-sources @ owlapi-apibinding <<<
[INFO] 
[INFO] --- maven-source-plugin:2.2.1:jar (attach-sources) @ owlapi-apibinding ---
[INFO] 
[INFO] --- maven-javadoc-plugin:2.8.1:jar (attach-javadocs) @ owlapi-apibinding ---
[INFO] Skipping javadoc generation
[INFO]                                                                         
[INFO] ------------------------------------------------------------------------
[INFO] Building compatibility 4.2.1
[INFO] ------------------------------------------------------------------------
[INFO] 
[INFO] --- maven-enforcer-plugin:1.0:enforce (enforce-maven) @ owlapi-compatibility ---
[INFO] 
[INFO] --- maven-resources-plugin:2.6:resources (default-resources) @ owlapi-compatibility ---
[INFO] Using 'UTF-8' encoding to copy filtered resources.
[INFO] Copying 1 resource
[INFO] 
[INFO] --- maven-compiler-plugin:2.3.2:compile (default-compile) @ owlapi-compatibility ---
[INFO] Nothing to compile - all classes are up to date
[INFO] 
[INFO] --- maven-resources-plugin:2.6:testResources (default-testResources) @ owlapi-compatibility ---
[INFO] Using 'UTF-8' encoding to copy filtered resources.
[INFO] Copying 2 resources
[INFO] 
[INFO] --- maven-compiler-plugin:2.3.2:testCompile (default-testCompile) @ owlapi-compatibility ---
[INFO] Nothing to compile - all classes are up to date
[INFO] 
[INFO] --- maven-surefire-plugin:2.18.1:test (default-test) @ owlapi-compatibility ---
[INFO] Surefire report directory: /home/travis/build/owlcs/owlapi/compatibility/target/surefire-reports

-------------------------------------------------------
 T E S T S
-------------------------------------------------------
[Fatal Error] :1:1: Content is not allowed in prolog.
[main] ERROR org.obolibrary.obo2owl.OWLAPIObo2Owl - id contains space: "'participates in' some 
('regulation of drinking behavior' and (has_quality some 
('increased frequency' and towards some 'liquid consumption' and owl:qualifier some chronic)))"
[Fatal Error] :1:1: Content is not allowed in prolog.
[main] INFO org.semanticweb.owlapi.rdf.rdfxml.parser.OWLRDFConsumer - dumping remaining triples
[main] INFO org.semanticweb.owlapi.rdf.rdfxml.parser.OWLRDFConsumer - done dumping remaining triples
Tests run: 3, Failures: 0, Errors: 0, Skipped: 0

[INFO] 
[INFO] --- animal-sniffer-maven-plugin:1.13:check (default) @ owlapi-compatibility ---
[INFO] Checking unresolved references to org.codehaus.mojo.signature:java17:1.0
[INFO] 
[INFO] --- maven-jar-plugin:2.4:jar (default-jar) @ owlapi-compatibility ---
[INFO] 
[INFO] >>> maven-source-plugin:2.2.1:jar (attach-sources) > generate-sources @ owlapi-compatibility >>>
[INFO] 
[INFO] --- maven-enforcer-plugin:1.0:enforce (enforce-maven) @ owlapi-compatibility ---
[INFO] 
[INFO] <<< maven-source-plugin:2.2.1:jar (attach-sources) < generate-sources @ owlapi-compatibility <<<
[INFO] 
[INFO] --- maven-source-plugin:2.2.1:jar (attach-sources) @ owlapi-compatibility ---
[INFO] 
[INFO] --- maven-javadoc-plugin:2.8.1:jar (attach-javadocs) @ owlapi-compatibility ---
[INFO] Skipping javadoc generation
[INFO]                                                                         
[INFO] ------------------------------------------------------------------------
[INFO] Building tests and tutorials 4.2.1
[INFO] ------------------------------------------------------------------------
[INFO] 
[INFO] --- maven-enforcer-plugin:1.0:enforce (enforce-maven) @ owlapi-contract ---
[INFO] 
[INFO] --- maven-resources-plugin:2.6:resources (default-resources) @ owlapi-contract ---
[INFO] Using 'UTF-8' encoding to copy filtered resources.
[INFO] skip non existing resourceDirectory /home/travis/build/owlcs/owlapi/contract/src/main/resources
[INFO] 
[INFO] --- maven-compiler-plugin:2.3.2:compile (default-compile) @ owlapi-contract ---
[INFO] Nothing to compile - all classes are up to date
[INFO] 
[INFO] --- maven-resources-plugin:2.6:testResources (default-testResources) @ owlapi-contract ---
[INFO] Using 'UTF-8' encoding to copy filtered resources.
[INFO] Copying 175 resources
[INFO] 
[INFO] --- maven-compiler-plugin:2.3.2:testCompile (default-testCompile) @ owlapi-contract ---
[INFO] Nothing to compile - all classes are up to date
[INFO] 
[INFO] --- maven-surefire-plugin:2.18.1:test (default-test) @ owlapi-contract ---
[INFO] Surefire report directory: /home/travis/build/owlcs/owlapi/contract/target/surefire-reports

-------------------------------------------------------
 T E S T S
-------------------------------------------------------
2016-03-05 23:59:21:208 +0000 [Time-limited test] ERROR uk.ac.manchester.cs.owl.owlapi.OWLOntologyManagerImpl - OWLOntologyManagerImpl.checkForOntologyIDChange() existing:Ontology(OntologyID(OntologyIRI(<http://www.semanticweb.org/ontologies/ontologyA>) VersionIRI(<null>))) [Axioms: 1 Logical Axioms: 0] First 20 axioms: {Declaration(Class(<urn:test:testclass>)) }
2016-03-05 23:59:21:209 +0000 [Time-limited test] ERROR uk.ac.manchester.cs.owl.owlapi.OWLOntologyManagerImpl - OWLOntologyManagerImpl.checkForOntologyIDChange() new:Ontology(OntologyID(OntologyIRI(<http://www.semanticweb.org/ontologies/ontologyB>) VersionIRI(<null>))) [Axioms: 0 Logical Axioms: 0] First 20 axioms: {}
2016-03-05 23:59:21:572 +0000 [Time-limited test] ERROR uk.ac.manchester.cs.owl.owlapi.OWLOntologyManagerImpl - OWLOntologyManagerImpl.checkForOntologyIDChange() existing:Ontology(OntologyID(OntologyIRI(<http://www.semanticweb.org/ontologies/ontologyA>) VersionIRI(<null>))) [Axioms: 1 Logical Axioms: 0] First 20 axioms: {Declaration(Class(<http://www.semanticweb.org/ontologies/ontologyA#A>)) }
2016-03-05 23:59:21:573 +0000 [Time-limited test] ERROR uk.ac.manchester.cs.owl.owlapi.OWLOntologyManagerImpl - OWLOntologyManagerImpl.checkForOntologyIDChange() new:Ontology(OntologyID(Anonymous-322)) [Axioms: 0 Logical Axioms: 0] First 20 axioms: {}
[Fatal Error] :1:1: Content is not allowed in prolog.
[Fatal Error] :1:1: Content is not allowed in prolog.
[Fatal Error] :1:1: Content is not allowed in prolog.
[Fatal Error] :1:1: Content is not allowed in prolog.
[Fatal Error] :1:1: Content is not allowed in prolog.
[Fatal Error] :1:1: Content is not allowed in prolog.
[Fatal Error] :1:1: Content is not allowed in prolog.
[Fatal Error] :1:1: Content is not allowed in prolog.
[Fatal Error] :1:1: Content is not allowed in prolog.
[Fatal Error] :1:1: Content is not allowed in prolog.
[Fatal Error] :1:1: Content is not allowed in prolog.
[Fatal Error] :1:1: Content is not allowed in prolog.
[Fatal Error] :1:1: Content is not allowed in prolog.
[Fatal Error] :1:1: Content is not allowed in prolog.
[Fatal Error] :1:1: Content is not allowed in prolog.
[Fatal Error] :1:1: Content is not allowed in prolog.
[Fatal Error] :1:1: Content is not allowed in prolog.
[Fatal Error] :1:1: Content is not allowed in prolog.
[Fatal Error] :1:1: Content is not allowed in prolog.
[Fatal Error] :1:1: Content is not allowed in prolog.
2016-03-06 00:00:28:223 +0000 [Time-limited test] ERROR uk.ac.manchester.cs.owl.owlapi.OWLOntologyManagerImpl - Illegal redeclarations of entities: reuse of entity http://www.example.org#p in punning not allowed [Declaration(ObjectProperty(<http://www.example.org#p>)), Declaration(DataProperty(<http://www.example.org#p>))]
[Fatal Error] :1:1: Content is not allowed in prolog.
2016-03-06 00:00:30:025 +0000 [Time-limited test] ERROR org.obolibrary.obo2owl.OWLAPIOwl2Obo - Duplicate clause 'alt_id( GO:0048233)' generated in frame: GO:0009560
2016-03-06 00:00:30:724 +0000 [Time-limited test] ERROR org.obolibrary.obo2owl.OWLAPIOwl2Obo - Duplicate clause 'def( Def T1)' generated in frame: TEST:0001
2016-03-06 00:00:31:999 +0000 [Time-limited test] ERROR org.obolibrary.oboformat.parser.OBOFormatParser - Error: Instance frames are not supported yet. Parsing stopped at line: 425
Tests run: 3301, Failures: 0, Errors: 0, Skipped: 2

[INFO] 
[INFO] --- animal-sniffer-maven-plugin:1.13:check (default) @ owlapi-contract ---
[INFO] Checking unresolved references to org.codehaus.mojo.signature:java17:1.0
[INFO] 
[INFO] --- maven-jar-plugin:2.4:jar (default-jar) @ owlapi-contract ---
[INFO] 
[INFO] >>> maven-source-plugin:2.2.1:jar (attach-sources) > generate-sources @ owlapi-contract >>>
[INFO] 
[INFO] --- maven-enforcer-plugin:1.0:enforce (enforce-maven) @ owlapi-contract ---
[INFO] 
[INFO] <<< maven-source-plugin:2.2.1:jar (attach-sources) < generate-sources @ owlapi-contract <<<
[INFO] 
[INFO] --- maven-source-plugin:2.2.1:jar (attach-sources) @ owlapi-contract ---
[INFO] 
[INFO] --- maven-javadoc-plugin:2.8.1:jar (attach-javadocs) @ owlapi-contract ---
[INFO] Skipping javadoc generation
[INFO]                                                                         
[INFO] ------------------------------------------------------------------------
[INFO] Building OWLAPI Distribution 4.2.1
[INFO] ------------------------------------------------------------------------
[INFO] 
[INFO] --- maven-enforcer-plugin:1.0:enforce (enforce-maven) @ owlapi-distribution ---
[INFO] 
[INFO] --- maven-resources-plugin:2.7:resources (default-resources) @ owlapi-distribution ---
[INFO] Using 'UTF-8' encoding to copy filtered resources.
[INFO] skip non existing resourceDirectory /home/travis/build/owlcs/owlapi/distribution/src/main/resources
[INFO] 
[INFO] --- maven-compiler-plugin:2.3.2:compile (default-compile) @ owlapi-distribution ---
[INFO] No sources to compile
[INFO] 
[INFO] --- maven-resources-plugin:2.7:testResources (default-testResources) @ owlapi-distribution ---
[INFO] Using 'UTF-8' encoding to copy filtered resources.
[INFO] skip non existing resourceDirectory /home/travis/build/owlcs/owlapi/distribution/src/test/resources
[INFO] 
[INFO] --- maven-compiler-plugin:2.3.2:testCompile (default-testCompile) @ owlapi-distribution ---
[INFO] No sources to compile
[INFO] 
[INFO] --- maven-surefire-plugin:2.18.1:test (default-test) @ owlapi-distribution ---
[INFO] No tests to run.
[INFO] 
[INFO] --- animal-sniffer-maven-plugin:1.13:check (default) @ owlapi-distribution ---
[INFO] Checking unresolved references to org.codehaus.mojo.signature:java17:1.0
[INFO] 
[INFO] --- maven-bundle-plugin:2.5.3:bundle (default-bundle) @ owlapi-distribution ---
[WARNING] Bundle net.sourceforge.owlapi:owlapi-distribution:bundle:4.2.1 : Unused Private-Package instructions, no such package(s) on the class path: [!*]
[INFO] 
[INFO] >>> maven-source-plugin:2.2.1:jar (attach-sources) > generate-sources @ owlapi-distribution >>>
[INFO] 
[INFO] --- maven-enforcer-plugin:1.0:enforce (enforce-maven) @ owlapi-distribution ---
[INFO] 
[INFO] <<< maven-source-plugin:2.2.1:jar (attach-sources) < generate-sources @ owlapi-distribution <<<
[INFO] 
[INFO] --- maven-source-plugin:2.2.1:jar (attach-sources) @ owlapi-distribution ---
[INFO] No sources in project. Archive not created.
[INFO] 
[INFO] --- maven-shade-plugin:2.3:shade (default) @ owlapi-distribution ---
[INFO] Including net.sourceforge.owlapi:owlapi-apibinding:jar:4.2.1 in the shaded jar.
[INFO] Including net.sourceforge.owlapi:owlapi-tools:jar:4.2.1 in the shaded jar.
[INFO] Including net.sourceforge.owlapi:owlapi-impl:jar:4.2.1 in the shaded jar.
[INFO] Including net.sourceforge.owlapi:owlapi-parsers:jar:4.2.1 in the shaded jar.
[INFO] Including net.sourceforge.owlapi:owlapi-oboformat:jar:4.2.1 in the shaded jar.
[INFO] Including net.sourceforge.owlapi:owlapi-fixers:jar:4.2.1 in the shaded jar.
[INFO] Including net.sourceforge.owlapi:owlapi-rio:jar:4.2.1 in the shaded jar.
[INFO] Including net.sourceforge.owlapi:owlapi-api:jar:4.2.1 in the shaded jar.
[INFO] Excluding com.fasterxml.jackson.core:jackson-core:jar:2.5.1 from the shaded jar.
[INFO] Excluding com.fasterxml.jackson.core:jackson-databind:jar:2.5.1 from the shaded jar.
[INFO] Excluding com.fasterxml.jackson.core:jackson-annotations:jar:2.5.1 from the shaded jar.
[INFO] Excluding org.tukaani:xz:jar:1.5 from the shaded jar.
[INFO] Excluding org.openrdf.sesame:sesame-model:jar:2.7.16 from the shaded jar.
[INFO] Excluding org.openrdf.sesame:sesame-util:jar:2.7.16 from the shaded jar.
[INFO] Excluding org.openrdf.sesame:sesame-rio-api:jar:2.7.16 from the shaded jar.
[INFO] Excluding org.openrdf.sesame:sesame-rio-languages:jar:2.7.16 from the shaded jar.
[INFO] Excluding org.openrdf.sesame:sesame-rio-datatypes:jar:2.7.16 from the shaded jar.
[INFO] Excluding org.openrdf.sesame:sesame-rio-binary:jar:2.7.16 from the shaded jar.
[INFO] Excluding org.openrdf.sesame:sesame-rio-n3:jar:2.7.16 from the shaded jar.
[INFO] Excluding org.openrdf.sesame:sesame-rio-nquads:jar:2.7.16 from the shaded jar.
[INFO] Excluding org.openrdf.sesame:sesame-rio-ntriples:jar:2.7.16 from the shaded jar.
[INFO] Excluding org.openrdf.sesame:sesame-rio-rdfjson:jar:2.7.16 from the shaded jar.
[INFO] Excluding org.openrdf.sesame:sesame-rio-rdfxml:jar:2.7.16 from the shaded jar.
[INFO] Excluding org.openrdf.sesame:sesame-rio-trix:jar:2.7.16 from the shaded jar.
[INFO] Excluding org.openrdf.sesame:sesame-rio-turtle:jar:2.7.16 from the shaded jar.
[INFO] Excluding org.openrdf.sesame:sesame-rio-trig:jar:2.7.16 from the shaded jar.
[INFO] Excluding com.github.jsonld-java:jsonld-java-sesame:jar:0.5.0 from the shaded jar.
[INFO] Excluding com.github.jsonld-java:jsonld-java:jar:0.5.0 from the shaded jar.
[INFO] Excluding org.apache.httpcomponents:httpclient-cache:jar:4.2.5 from the shaded jar.
[INFO] Excluding org.apache.httpcomponents:httpclient:jar:4.2.5 from the shaded jar.
[INFO] Excluding org.apache.httpcomponents:httpcore:jar:4.2.4 from the shaded jar.
[INFO] Excluding commons-codec:commons-codec:jar:1.6 from the shaded jar.
[INFO] Excluding org.slf4j:jcl-over-slf4j:jar:1.7.7 from the shaded jar.
[INFO] Excluding org.semarglproject:semargl-sesame:jar:0.6.1 from the shaded jar.
[INFO] Excluding org.semarglproject:semargl-core:jar:0.6.1 from the shaded jar.
[INFO] Excluding org.semarglproject:semargl-rdfa:jar:0.6.1 from the shaded jar.
[INFO] Excluding org.semarglproject:semargl-rdf:jar:0.6.1 from the shaded jar.
[INFO] Excluding net.sf.trove4j:trove4j:jar:3.0.3 from the shaded jar.
[INFO] Excluding com.google.guava:guava:jar:18.0 from the shaded jar.
[INFO] Excluding com.google.inject:guice:jar:4.0 from the shaded jar.
[INFO] Excluding javax.inject:javax.inject:jar:1 from the shaded jar.
[INFO] Excluding aopalliance:aopalliance:jar:1.0 from the shaded jar.
[INFO] Excluding com.google.inject.extensions:guice-assistedinject:jar:4.0 from the shaded jar.
[INFO] Excluding com.google.inject.extensions:guice-multibindings:jar:4.0 from the shaded jar.
[INFO] Excluding com.google.code.findbugs:jsr305:jar:2.0.1 from the shaded jar.
[INFO] Excluding org.slf4j:slf4j-api:jar:1.7.10 from the shaded jar.
[INFO] Excluding commons-io:commons-io:jar:2.4 from the shaded jar.
[WARNING] owlapi-distribution-4.2.1.jar, owlapi-tools-4.2.1.jar define 84 overlappping classes: 
[WARNING]   - com.clarkparsia.owlapi.explanation.util.SilentExplanationProgressMonitor
[WARNING]   - org.semanticweb.owlapi.metrics.HiddenGCICount
[WARNING]   - com.clarkparsia.owlapi.explanation.SingleExplanationGenerator
[WARNING]   - org.semanticweb.owlapi.metrics.GCICount
[WARNING]   - com.clarkparsia.owlapi.explanation.BlackBoxExplanation$1
[WARNING]   - uk.ac.manchester.cs.owl.explanation.ordering.ExplanationOrdererImpl$PropertiesFirstComparator
[WARNING]   - com.clarkparsia.owlapi.modularity.locality.SemanticLocalityEvaluator
[WARNING]   - uk.ac.manchester.cs.owl.explanation.ordering.NodeRenderer
[WARNING]   - org.semanticweb.owlapi.debugging.JustificationMap$OWLAxiomComparator
[WARNING]   - uk.ac.manchester.cs.owl.explanation.ordering.ExplanationOrdererImpl$AxiomMapBuilder
[WARNING]   - 74 more...
[WARNING] owlapi-distribution-4.2.1.jar, owlapi-oboformat-4.2.1.jar define 75 overlappping classes: 
[WARNING]   - org.obolibrary.oboformat.parser.OBOFormatException
[WARNING]   - org.obolibrary.obo2owl.OWLAPIOwl2Obo
[WARNING]   - org.obolibrary.macro.MacroExpansionGCIVisitor$MacroExpansions$GCIVisitor
[WARNING]   - org.obolibrary.macro.MacroExpansionGCIVisitor$MacroExpansions
[WARNING]   - org.obolibrary.oboformat.diff.Diff
[WARNING]   - org.semanticweb.owlapi.oboformat.OBOFormatRenderer$1
[WARNING]   - org.obolibrary.obo2owl.IdTranslator
[WARNING]   - org.obolibrary.oboformat.model.Clause
[WARNING]   - org.obolibrary.oboformat.parser.XrefExpander$ReverseGenusDifferentiaExpansion
[WARNING]   - org.obolibrary.owl.LabelFunctionalSyntaxStorer
[WARNING]   - 65 more...
[WARNING] owlapi-distribution-4.2.1.jar, owlapi-apibinding-4.2.1.jar define 2 overlappping classes: 
[WARNING]   - org.semanticweb.owlapi.apibinding.OWLManager
[WARNING]   - org.semanticweb.owlapi.apibinding.OWLFunctionalSyntaxFactory
[WARNING] owlapi-distribution-4.2.1.jar, owlapi-fixers-4.2.1.jar define 95 overlappping classes: 
[WARNING]   - org.semanticweb.owlapitools.builders.BuilderDataHasValue
[WARNING]   - org.semanticweb.owlapitools.builders.BuilderPropertyChain
[WARNING]   - org.semanticweb.owlapitools.builders.BuilderDataExactCardinality
[WARNING]   - org.semanticweb.owlapitools.builders.BuilderIrreflexiveObjectProperty
[WARNING]   - org.semanticweb.owlapitools.builders.BaseAnnotationPropertyBuilder
[WARNING]   - org.semanticweb.owlapitools.builders.BuilderDataPropertyAssertion
[WARNING]   - org.semanticweb.owlapitools.builders.BuilderAsymmetricObjectProperty
[WARNING]   - org.semanticweb.owlapitools.builders.BuilderFacetRestriction
[WARNING]   - org.semanticweb.owlapitools.builders.BuilderComplementOf
[WARNING]   - org.semanticweb.owlapitools.builders.BuilderDataUnionOf
[WARNING]   - 85 more...
[WARNING] owlapi-distribution-4.2.1.jar, owlapi-rio-4.2.1.jar define 68 overlappping classes: 
[WARNING]   - org.semanticweb.owlapi.formats.N3DocumentFormatFactory
[WARNING]   - org.semanticweb.owlapi.formats.RioTurtleDocumentFormatFactory
[WARNING]   - org.semanticweb.owlapi.rio.RioStorer
[WARNING]   - org.semanticweb.owlapi.rio.RioOWLRDFParser
[WARNING]   - org.semanticweb.owlapi.rio.OWLAPIRDFFormat
[WARNING]   - org.semanticweb.owlapi.formats.N3DocumentFormat
[WARNING]   - org.semanticweb.owlapi.rio.RioFunctionalSyntaxParserFactory
[WARNING]   - org.semanticweb.owlapi.rio.RioTrigStorerFactory
[WARNING]   - org.semanticweb.owlapi.rio.RioManchesterSyntaxParserFactory
[WARNING]   - org.semanticweb.owlapi.rio.AbstractRioStorerFactory
[WARNING]   - 58 more...
[WARNING] owlapi-distribution-4.2.1.jar, owlapi-impl-4.2.1.jar define 217 overlappping classes: 
[WARNING]   - org.semanticweb.owlapi.reasoner.impl.OWLNamedIndividualNodeSet
[WARNING]   - uk.ac.manchester.cs.owl.owlapi.SWRLIndividualArgumentImpl
[WARNING]   - uk.ac.manchester.cs.owl.owlapi.InitVisitorFactory$InitIndividualVisitor
[WARNING]   - uk.ac.manchester.cs.owl.owlapi.OWLDataAllValuesFromImpl
[WARNING]   - uk.ac.manchester.cs.owl.owlapi.CollectionContainerVisitor
[WARNING]   - uk.ac.manchester.cs.owl.owlapi.concurrent.NonConcurrentOWLOntologyBuilder
[WARNING]   - uk.ac.manchester.cs.owl.owlapi.OWLImportsDeclarationImpl
[WARNING]   - uk.ac.manchester.cs.owl.owlapi.OWLSubPropertyAxiomImpl
[WARNING]   - uk.ac.manchester.cs.owl.owlapi.OWLSameIndividualAxiomImpl
[WARNING]   - uk.ac.manchester.cs.owl.owlapi.OWLDataFactoryInternalsImpl$Buildable$1
[WARNING]   - 207 more...
[WARNING] owlapi-distribution-4.2.1.jar, owlapi-parsers-4.2.1.jar define 606 overlappping classes: 
[WARNING]   - org.semanticweb.owlapi.manchestersyntax.parser.ManchesterOWLSyntaxParserImpl$DataPropertyExpressionListItemParser
[WARNING]   - org.semanticweb.owlapi.rdf.rdfxml.parser.TripleHandlers$TPOneOfHandler
[WARNING]   - org.semanticweb.owlapi.krss2.renderer.KRSS2SyntaxRenderer
[WARNING]   - org.semanticweb.owlapi.rdf.rdfxml.parser.Translators$ObjectMinCardinalityTranslator
[WARNING]   - org.semanticweb.owlapi.rdf.turtle.parser.TurtleParserException
[WARNING]   - org.semanticweb.owlapi.owlxml.parser.AbstractNaryBooleanClassExpressionElementHandler
[WARNING]   - org.semanticweb.owlapi.latex.renderer.LatexOWLObjectRenderer
[WARNING]   - org.semanticweb.owlapi.manchestersyntax.parser.ManchesterOWLSyntaxParserImpl$IndividualFactsItemParser
[WARNING]   - org.semanticweb.owlapi.rdf.turtle.parser.OWLRDFConsumerAdapter
[WARNING]   - org.semanticweb.owlapi.owlxml.renderer.OWLXMLObjectRenderer
[WARNING]   - 596 more...
[WARNING] owlapi-distribution-4.2.1.jar, owlapi-api-4.2.1.jar define 759 overlappping classes: 
[WARNING]   - org.semanticweb.owlapi.model.OWLPropertyAssertionObject
[WARNING]   - org.semanticweb.owlapi.model.parameters.ConfigurationOptions
[WARNING]   - org.semanticweb.owlapi.model.OWLAnonymousClassExpression
[WARNING]   - org.semanticweb.owlapi.model.HasApplyChange
[WARNING]   - org.semanticweb.owlapi.util.InferredIndividualAxiomGenerator
[WARNING]   - org.semanticweb.owlapi.model.SWRLDArgument
[WARNING]   - org.semanticweb.owlapi.util.OWLEntityURIUnderscores2CamelBackConverterStrategy
[WARNING]   - org.semanticweb.owlapi.util.HornAxiomVisitorEx
[WARNING]   - org.semanticweb.owlapi.change.RemoveAxiomData
[WARNING]   - org.semanticweb.owlapi.util.OWLOntologyWalkerVisitor
[WARNING]   - 749 more...
[WARNING] maven-shade-plugin has detected that some .class files
[WARNING] are present in two or more JARs. When this happens, only
[WARNING] one single version of the class is copied in the uberjar.
[WARNING] Usually this is not harmful and you can skeep these
[WARNING] warnings, otherwise try to manually exclude artifacts
[WARNING] based on mvn dependency:tree -Ddetail=true and the above
[WARNING] output
[WARNING] See http://docs.codehaus.org/display/MAVENUSER/Shade+Plugin
[INFO] Replacing original artifact with shaded artifact.
[INFO] Replacing /home/travis/build/owlcs/owlapi/distribution/target/owlapi-distribution-4.2.1.jar with /home/travis/build/owlcs/owlapi/distribution/target/owlapi-distribution-4.2.1-shaded.jar
[INFO] Dependency-reduced POM written at: /home/travis/build/owlcs/owlapi/distribution/dependency-reduced-pom.xml
[INFO] 
[INFO] --- maven-javadoc-plugin:2.8.1:jar (attach-javadocs) @ owlapi-distribution ---
[INFO] Skipping javadoc generation
[INFO] 
[INFO] --- maven-javadoc-plugin:2.8.1:jar (attach-javadoc) @ owlapi-distribution ---
[INFO] Skipping javadoc generation
[INFO] 
[INFO] --- maven-assembly-plugin:2.4:single (attach-sources) @ owlapi-distribution ---
[INFO] Reading assembly descriptor: src/assembly/sources.xml
[INFO] Building jar: /home/travis/build/owlcs/owlapi/distribution/target/owlapi-distribution-4.2.1-sources.jar
[INFO]                                                                         
[INFO] ------------------------------------------------------------------------
[INFO] Building OWLAPI OSGi and Compatibility Distribution 4.2.1
[INFO] ------------------------------------------------------------------------
[INFO] 
[INFO] --- maven-enforcer-plugin:1.0:enforce (enforce-maven) @ owlapi-osgidistribution ---
[INFO] 
[INFO] --- maven-resources-plugin:2.7:resources (default-resources) @ owlapi-osgidistribution ---
[INFO] Using 'UTF-8' encoding to copy filtered resources.
[INFO] skip non existing resourceDirectory /home/travis/build/owlcs/owlapi/osgidistribution/src/main/resources
[INFO] 
[INFO] --- maven-compiler-plugin:2.3.2:compile (default-compile) @ owlapi-osgidistribution ---
[INFO] Nothing to compile - all classes are up to date
[INFO] 
[INFO] --- maven-resources-plugin:2.7:testResources (default-testResources) @ owlapi-osgidistribution ---
[INFO] Using 'UTF-8' encoding to copy filtered resources.
[INFO] skip non existing resourceDirectory /home/travis/build/owlcs/owlapi/osgidistribution/src/test/resources
[INFO] 
[INFO] --- maven-compiler-plugin:2.3.2:testCompile (default-testCompile) @ owlapi-osgidistribution ---
[INFO] Nothing to compile - all classes are up to date
[INFO] 
[INFO] --- maven-surefire-plugin:2.18.1:test (default-test) @ owlapi-osgidistribution ---
[INFO] 
[INFO] --- animal-sniffer-maven-plugin:1.13:check (default) @ owlapi-osgidistribution ---
[INFO] Checking unresolved references to org.codehaus.mojo.signature:java17:1.0
[INFO] 
[INFO] --- maven-bundle-plugin:2.5.3:bundle (default-bundle) @ owlapi-osgidistribution ---
[WARNING] Bundle net.sourceforge.owlapi:owlapi-osgidistribution:bundle:4.2.1 : Split package, multiple jars provide the same package:org/coode/owlapi/obo/parser
Use Import/Export Package directive -split-package:=(merge-first|merge-last|error|first) to get rid of this warning
Package found in   [Jar:., Jar:owlapi-compatibility]
Class path         [Jar:., Jar:owlapi-apibinding, Jar:owlapi-tools, Jar:owlapi-impl, Jar:owlapi-parsers, Jar:owlapi-oboformat, Jar:owlapi-fixers, Jar:owlapi-rio, Jar:owlapi-api, Jar:jackson-core, Jar:jackson-databind, Jar:jackson-annotations, Jar:owlapi-compatibility, Jar:xz, Jar:sesame-model, Jar:sesame-rio-api, Jar:sesame-rio-languages, Jar:sesame-rio-datatypes, Jar:sesame-rio-binary, Jar:sesame-rio-n3, Jar:sesame-rio-nquads, Jar:sesame-rio-ntriples, Jar:sesame-rio-rdfjson, Jar:sesame-rio-rdfxml, Jar:sesame-rio-trix, Jar:sesame-rio-turtle, Jar:sesame-rio-trig, Jar:sesame-util, Jar:jsonld-java-sesame, Jar:jsonld-java, Jar:jcl-over-slf4j, Jar:httpclient, Jar:httpclient-cache, Jar:httpcore, Jar:commons-codec, Jar:commons-logging, Jar:semargl-sesame, Jar:semargl-core, Jar:semargl-rdfa, Jar:semargl-rdf, Jar:org.apache.servicemix.bundles.javax-inject, Jar:org.apache.servicemix.bundles.aopalliance, Jar:trove4j, Jar:guava, Jar:guice, Jar:javax.inject, Jar:aopalliance, Jar:guice-assistedinject, Jar:guice-multibindings, Jar:jsr305, Jar:slf4j-api, Jar:commons-io]
[WARNING] Bundle net.sourceforge.owlapi:owlapi-osgidistribution:bundle:4.2.1 : Split package, multiple jars provide the same package:uk/ac/manchester/cs/owl/explanation/ordering
Use Import/Export Package directive -split-package:=(merge-first|merge-last|error|first) to get rid of this warning
Package found in   [Jar:., Jar:owlapi-tools]
Class path         [Jar:., Jar:owlapi-apibinding, Jar:owlapi-tools, Jar:owlapi-impl, Jar:owlapi-parsers, Jar:owlapi-oboformat, Jar:owlapi-fixers, Jar:owlapi-rio, Jar:owlapi-api, Jar:jackson-core, Jar:jackson-databind, Jar:jackson-annotations, Jar:owlapi-compatibility, Jar:xz, Jar:sesame-model, Jar:sesame-rio-api, Jar:sesame-rio-languages, Jar:sesame-rio-datatypes, Jar:sesame-rio-binary, Jar:sesame-rio-n3, Jar:sesame-rio-nquads, Jar:sesame-rio-ntriples, Jar:sesame-rio-rdfjson, Jar:sesame-rio-rdfxml, Jar:sesame-rio-trix, Jar:sesame-rio-turtle, Jar:sesame-rio-trig, Jar:sesame-util, Jar:jsonld-java-sesame, Jar:jsonld-java, Jar:jcl-over-slf4j, Jar:httpclient, Jar:httpclient-cache, Jar:httpcore, Jar:commons-codec, Jar:commons-logging, Jar:semargl-sesame, Jar:semargl-core, Jar:semargl-rdfa, Jar:semargl-rdf, Jar:org.apache.servicemix.bundles.javax-inject, Jar:org.apache.servicemix.bundles.aopalliance, Jar:trove4j, Jar:guava, Jar:guice, Jar:javax.inject, Jar:aopalliance, Jar:guice-assistedinject, Jar:guice-multibindings, Jar:jsr305, Jar:slf4j-api, Jar:commons-io]
[WARNING] Bundle net.sourceforge.owlapi:owlapi-osgidistribution:bundle:4.2.1 : Export org.semanticweb.owlapi.formats,  has 1,  private references [org.openrdf.rio], 
[WARNING] Bundle net.sourceforge.owlapi:owlapi-osgidistribution:bundle:4.2.1 : Export org.semanticweb.owlapi.io,  has 1,  private references [org.tukaani.xz], 
[WARNING] Bundle net.sourceforge.owlapi:owlapi-osgidistribution:bundle:4.2.1 : Export org.semanticweb.owlapi.rio,  has 5,  private references [org.openrdf.rio, org.openrdf, org.openrdf.rio.helpers, org.openrdf.model, info.aduna.iteration], 
[WARNING] Bundle net.sourceforge.owlapi:owlapi-osgidistribution:bundle:4.2.1 : Export org.semanticweb.owlapi.rio.utils,  has 1,  private references [org.openrdf.model], 
[INFO] 
[INFO] >>> maven-source-plugin:2.2.1:jar (attach-sources) > generate-sources @ owlapi-osgidistribution >>>
[INFO] 
[INFO] --- maven-enforcer-plugin:1.0:enforce (enforce-maven) @ owlapi-osgidistribution ---
[INFO] 
[INFO] <<< maven-source-plugin:2.2.1:jar (attach-sources) < generate-sources @ owlapi-osgidistribution <<<
[INFO] 
[INFO] --- maven-source-plugin:2.2.1:jar (attach-sources) @ owlapi-osgidistribution ---
[INFO] 
[INFO] --- maven-shade-plugin:2.3:shade (default) @ owlapi-osgidistribution ---
[INFO] Including net.sourceforge.owlapi:owlapi-apibinding:jar:4.2.1 in the shaded jar.
[INFO] Including net.sourceforge.owlapi:owlapi-tools:jar:4.2.1 in the shaded jar.
[INFO] Including net.sourceforge.owlapi:owlapi-impl:jar:4.2.1 in the shaded jar.
[INFO] Including net.sourceforge.owlapi:owlapi-parsers:jar:4.2.1 in the shaded jar.
[INFO] Including net.sourceforge.owlapi:owlapi-oboformat:jar:4.2.1 in the shaded jar.
[INFO] Including net.sourceforge.owlapi:owlapi-fixers:jar:4.2.1 in the shaded jar.
[INFO] Including net.sourceforge.owlapi:owlapi-rio:jar:4.2.1 in the shaded jar.
[INFO] Including net.sourceforge.owlapi:owlapi-api:jar:4.2.1 in the shaded jar.
[INFO] Excluding com.fasterxml.jackson.core:jackson-core:jar:2.5.1 from the shaded jar.
[INFO] Excluding com.fasterxml.jackson.core:jackson-databind:jar:2.5.1 from the shaded jar.
[INFO] Excluding com.fasterxml.jackson.core:jackson-annotations:jar:2.5.1 from the shaded jar.
[INFO] Including net.sourceforge.owlapi:owlapi-compatibility:jar:4.2.1 in the shaded jar.
[INFO] Excluding org.tukaani:xz:jar:1.5 from the shaded jar.
[INFO] Excluding org.openrdf.sesame:sesame-model:jar:2.7.16 from the shaded jar.
[INFO] Excluding org.openrdf.sesame:sesame-rio-api:jar:2.7.16 from the shaded jar.
[INFO] Excluding org.openrdf.sesame:sesame-rio-languages:jar:2.7.16 from the shaded jar.
[INFO] Excluding org.openrdf.sesame:sesame-rio-datatypes:jar:2.7.16 from the shaded jar.
[INFO] Excluding org.openrdf.sesame:sesame-rio-binary:jar:2.7.16 from the shaded jar.
[INFO] Excluding org.openrdf.sesame:sesame-rio-n3:jar:2.7.16 from the shaded jar.
[INFO] Excluding org.openrdf.sesame:sesame-rio-nquads:jar:2.7.16 from the shaded jar.
[INFO] Excluding org.openrdf.sesame:sesame-rio-ntriples:jar:2.7.16 from the shaded jar.
[INFO] Excluding org.openrdf.sesame:sesame-rio-rdfjson:jar:2.7.16 from the shaded jar.
[INFO] Excluding org.openrdf.sesame:sesame-rio-rdfxml:jar:2.7.16 from the shaded jar.
[INFO] Excluding org.openrdf.sesame:sesame-rio-trix:jar:2.7.16 from the shaded jar.
[INFO] Excluding org.openrdf.sesame:sesame-rio-turtle:jar:2.7.16 from the shaded jar.
[INFO] Excluding org.openrdf.sesame:sesame-rio-trig:jar:2.7.16 from the shaded jar.
[INFO] Excluding org.openrdf.sesame:sesame-util:jar:2.7.16 from the shaded jar.
[INFO] Excluding com.github.jsonld-java:jsonld-java-sesame:jar:0.5.0 from the shaded jar.
[INFO] Excluding com.github.jsonld-java:jsonld-java:jar:0.5.0 from the shaded jar.
[INFO] Excluding org.slf4j:jcl-over-slf4j:jar:1.7.7 from the shaded jar.
[INFO] Excluding org.apache.httpcomponents:httpclient:jar:4.5.1 from the shaded jar.
[INFO] Excluding org.apache.httpcomponents:httpclient-cache:jar:4.5.1 from the shaded jar.
[INFO] Excluding org.apache.httpcomponents:httpcore:jar:4.4.3 from the shaded jar.
[INFO] Excluding commons-codec:commons-codec:jar:1.9 from the shaded jar.
[INFO] Excluding commons-logging:commons-logging:jar:1.2 from the shaded jar.
[INFO] Excluding org.semarglproject:semargl-sesame:jar:0.6.1 from the shaded jar.
[INFO] Excluding org.semarglproject:semargl-core:jar:0.6.1 from the shaded jar.
[INFO] Excluding org.semarglproject:semargl-rdfa:jar:0.6.1 from the shaded jar.
[INFO] Excluding org.semarglproject:semargl-rdf:jar:0.6.1 from the shaded jar.
[INFO] Excluding org.apache.servicemix.bundles:org.apache.servicemix.bundles.javax-inject:jar:1_2 from the shaded jar.
[INFO] Excluding org.apache.servicemix.bundles:org.apache.servicemix.bundles.aopalliance:jar:1.0_6 from the shaded jar.
[INFO] Excluding net.sf.trove4j:trove4j:jar:3.0.3 from the shaded jar.
[INFO] Excluding com.google.guava:guava:jar:18.0 from the shaded jar.
[INFO] Excluding com.google.inject:guice:jar:4.0 from the shaded jar.
[INFO] Excluding javax.inject:javax.inject:jar:1 from the shaded jar.
[INFO] Excluding aopalliance:aopalliance:jar:1.0 from the shaded jar.
[INFO] Excluding com.google.inject.extensions:guice-assistedinject:jar:4.0 from the shaded jar.
[INFO] Excluding com.google.inject.extensions:guice-multibindings:jar:4.0 from the shaded jar.
[INFO] Excluding com.google.code.findbugs:jsr305:jar:2.0.1 from the shaded jar.
[INFO] Excluding org.slf4j:slf4j-api:jar:1.7.10 from the shaded jar.
[INFO] Excluding commons-io:commons-io:jar:2.4 from the shaded jar.
[WARNING] owlapi-osgidistribution-4.2.1.jar, owlapi-api-4.2.1.jar define 759 overlappping classes: 
[WARNING]   - org.semanticweb.owlapi.model.OWLPropertyAssertionObject
[WARNING]   - org.semanticweb.owlapi.model.parameters.ConfigurationOptions
[WARNING]   - org.semanticweb.owlapi.model.OWLAnonymousClassExpression
[WARNING]   - org.semanticweb.owlapi.model.HasApplyChange
[WARNING]   - org.semanticweb.owlapi.util.InferredIndividualAxiomGenerator
[WARNING]   - org.semanticweb.owlapi.model.SWRLDArgument
[WARNING]   - org.semanticweb.owlapi.util.OWLEntityURIUnderscores2CamelBackConverterStrategy
[WARNING]   - org.semanticweb.owlapi.util.HornAxiomVisitorEx
[WARNING]   - org.semanticweb.owlapi.change.RemoveAxiomData
[WARNING]   - org.semanticweb.owlapi.util.OWLOntologyWalkerVisitor
[WARNING]   - 749 more...
[WARNING] owlapi-osgidistribution-4.2.1.jar, owlapi-parsers-4.2.1.jar define 606 overlappping classes: 
[WARNING]   - org.semanticweb.owlapi.manchestersyntax.parser.ManchesterOWLSyntaxParserImpl$DataPropertyExpressionListItemParser
[WARNING]   - org.semanticweb.owlapi.rdf.rdfxml.parser.TripleHandlers$TPOneOfHandler
[WARNING]   - org.semanticweb.owlapi.krss2.renderer.KRSS2SyntaxRenderer
[WARNING]   - org.semanticweb.owlapi.rdf.rdfxml.parser.Translators$ObjectMinCardinalityTranslator
[WARNING]   - org.semanticweb.owlapi.rdf.turtle.parser.TurtleParserException
[WARNING]   - org.semanticweb.owlapi.owlxml.parser.AbstractNaryBooleanClassExpressionElementHandler
[WARNING]   - org.semanticweb.owlapi.latex.renderer.LatexOWLObjectRenderer
[WARNING]   - org.semanticweb.owlapi.manchestersyntax.parser.ManchesterOWLSyntaxParserImpl$IndividualFactsItemParser
[WARNING]   - org.semanticweb.owlapi.rdf.turtle.parser.OWLRDFConsumerAdapter
[WARNING]   - org.semanticweb.owlapi.owlxml.renderer.OWLXMLObjectRenderer
[WARNING]   - 596 more...
[WARNING] owlapi-osgidistribution-4.2.1.jar, owlapi-apibinding-4.2.1.jar define 2 overlappping classes: 
[WARNING]   - org.semanticweb.owlapi.apibinding.OWLManager
[WARNING]   - org.semanticweb.owlapi.apibinding.OWLFunctionalSyntaxFactory
[WARNING] owlapi-osgidistribution-4.2.1.jar, owlapi-tools-4.2.1.jar define 84 overlappping classes: 
[WARNING]   - com.clarkparsia.owlapi.explanation.util.SilentExplanationProgressMonitor
[WARNING]   - org.semanticweb.owlapi.metrics.HiddenGCICount
[WARNING]   - com.clarkparsia.owlapi.explanation.SingleExplanationGenerator
[WARNING]   - org.semanticweb.owlapi.metrics.GCICount
[WARNING]   - com.clarkparsia.owlapi.explanation.BlackBoxExplanation$1
[WARNING]   - uk.ac.manchester.cs.owl.explanation.ordering.ExplanationOrdererImpl$PropertiesFirstComparator
[WARNING]   - com.clarkparsia.owlapi.modularity.locality.SemanticLocalityEvaluator
[WARNING]   - uk.ac.manchester.cs.owl.explanation.ordering.NodeRenderer
[WARNING]   - org.semanticweb.owlapi.debugging.JustificationMap$OWLAxiomComparator
[WARNING]   - uk.ac.manchester.cs.owl.explanation.ordering.ExplanationOrdererImpl$AxiomMapBuilder
[WARNING]   - 74 more...
[WARNING] owlapi-osgidistribution-4.2.1.jar, owlapi-fixers-4.2.1.jar define 95 overlappping classes: 
[WARNING]   - org.semanticweb.owlapitools.builders.BuilderDataHasValue
[WARNING]   - org.semanticweb.owlapitools.builders.BuilderPropertyChain
[WARNING]   - org.semanticweb.owlapitools.builders.BuilderDataExactCardinality
[WARNING]   - org.semanticweb.owlapitools.builders.BuilderIrreflexiveObjectProperty
[WARNING]   - org.semanticweb.owlapitools.builders.BaseAnnotationPropertyBuilder
[WARNING]   - org.semanticweb.owlapitools.builders.BuilderDataPropertyAssertion
[WARNING]   - org.semanticweb.owlapitools.builders.BuilderAsymmetricObjectProperty
[WARNING]   - org.semanticweb.owlapitools.builders.BuilderFacetRestriction
[WARNING]   - org.semanticweb.owlapitools.builders.BuilderComplementOf
[WARNING]   - org.semanticweb.owlapitools.builders.BuilderDataUnionOf
[WARNING]   - 85 more...
[WARNING] owlapi-osgidistribution-4.2.1.jar, owlapi-oboformat-4.2.1.jar define 75 overlappping classes: 
[WARNING]   - org.obolibrary.oboformat.parser.OBOFormatException
[WARNING]   - org.obolibrary.obo2owl.OWLAPIOwl2Obo
[WARNING]   - org.obolibrary.macro.MacroExpansionGCIVisitor$MacroExpansions$GCIVisitor
[WARNING]   - org.obolibrary.macro.MacroExpansionGCIVisitor$MacroExpansions
[WARNING]   - org.obolibrary.oboformat.diff.Diff
[WARNING]   - org.semanticweb.owlapi.oboformat.OBOFormatRenderer$1
[WARNING]   - org.obolibrary.obo2owl.IdTranslator
[WARNING]   - org.obolibrary.oboformat.model.Clause
[WARNING]   - org.obolibrary.oboformat.parser.XrefExpander$ReverseGenusDifferentiaExpansion
[WARNING]   - org.obolibrary.owl.LabelFunctionalSyntaxStorer
[WARNING]   - 65 more...
[WARNING] owlapi-osgidistribution-4.2.1.jar, owlapi-rio-4.2.1.jar define 68 overlappping classes: 
[WARNING]   - org.semanticweb.owlapi.formats.N3DocumentFormatFactory
[WARNING]   - org.semanticweb.owlapi.formats.RioTurtleDocumentFormatFactory
[WARNING]   - org.semanticweb.owlapi.rio.RioStorer
[WARNING]   - org.semanticweb.owlapi.rio.RioOWLRDFParser
[WARNING]   - org.semanticweb.owlapi.rio.OWLAPIRDFFormat
[WARNING]   - org.semanticweb.owlapi.formats.N3DocumentFormat
[WARNING]   - org.semanticweb.owlapi.rio.RioFunctionalSyntaxParserFactory
[WARNING]   - org.semanticweb.owlapi.rio.RioTrigStorerFactory
[WARNING]   - org.semanticweb.owlapi.rio.RioManchesterSyntaxParserFactory
[WARNING]   - org.semanticweb.owlapi.rio.AbstractRioStorerFactory
[WARNING]   - 58 more...
[WARNING] owlapi-osgidistribution-4.2.1.jar, owlapi-impl-4.2.1.jar define 217 overlappping classes: 
[WARNING]   - org.semanticweb.owlapi.reasoner.impl.OWLNamedIndividualNodeSet
[WARNING]   - uk.ac.manchester.cs.owl.owlapi.SWRLIndividualArgumentImpl
[WARNING]   - uk.ac.manchester.cs.owl.owlapi.InitVisitorFactory$InitIndividualVisitor
[WARNING]   - uk.ac.manchester.cs.owl.owlapi.OWLDataAllValuesFromImpl
[WARNING]   - uk.ac.manchester.cs.owl.owlapi.CollectionContainerVisitor
[WARNING]   - uk.ac.manchester.cs.owl.owlapi.concurrent.NonConcurrentOWLOntologyBuilder
[WARNING]   - uk.ac.manchester.cs.owl.owlapi.OWLImportsDeclarationImpl
[WARNING]   - uk.ac.manchester.cs.owl.owlapi.OWLSubPropertyAxiomImpl
[WARNING]   - uk.ac.manchester.cs.owl.owlapi.OWLSameIndividualAxiomImpl
[WARNING]   - uk.ac.manchester.cs.owl.owlapi.OWLDataFactoryInternalsImpl$Buildable$1
[WARNING]   - 207 more...
[WARNING] owlapi-osgidistribution-4.2.1.jar, owlapi-compatibility-4.2.1.jar define 84 overlappping classes: 
[WARNING]   - org.coode.owlapi.obo12.parser.OBOIdType$1
[WARNING]   - uk.ac.manchester.cs.owlapi.dlsyntax.DLSyntaxHTMLOntologyFormat
[WARNING]   - org.coode.owl.krssparser.KRSSOntologyFormat
[WARNING]   - org.coode.owlapi.turtle.TurtleOntologyFormat
[WARNING]   - org.coode.owlapi.obo12.parser.SynonymScope
[WARNING]   - org.coode.owlapi.obo12.parser.NameTagValueHandler
[WARNING]   - org.coode.owlapi.obo12.parser.OBOVocabulary$1
[WARNING]   - org.coode.owlapi.obo12.parser.DataVersionTagValueHandler
[WARNING]   - org.coode.owlapi.obo12.parser.UnionOfHandler
[WARNING]   - org.coode.owlapi.manchesterowlsyntax.ManchesterOWLSyntaxEditorParser$1
[WARNING]   - 74 more...
[WARNING] maven-shade-plugin has detected that some .class files
[WARNING] are present in two or more JARs. When this happens, only
[WARNING] one single version of the class is copied in the uberjar.
[WARNING] Usually this is not harmful and you can skeep these
[WARNING] warnings, otherwise try to manually exclude artifacts
[WARNING] based on mvn dependency:tree -Ddetail=true and the above
[WARNING] output
[WARNING] See http://docs.codehaus.org/display/MAVENUSER/Shade+Plugin
[INFO] Replacing original artifact with shaded artifact.
[INFO] Replacing /home/travis/build/owlcs/owlapi/osgidistribution/target/owlapi-osgidistribution-4.2.1.jar with /home/travis/build/owlcs/owlapi/osgidistribution/target/owlapi-osgidistribution-4.2.1-shaded.jar
[INFO] Dependency-reduced POM written at: /home/travis/build/owlcs/owlapi/osgidistribution/dependency-reduced-pom.xml
[INFO] 
[INFO] --- maven-javadoc-plugin:2.8.1:jar (attach-javadocs) @ owlapi-osgidistribution ---
[INFO] Skipping javadoc generation
[INFO] 
[INFO] --- maven-javadoc-plugin:2.8.1:jar (attach-javadoc) @ owlapi-osgidistribution ---
[INFO] Skipping javadoc generation
[INFO] 
[INFO] --- maven-assembly-plugin:2.4:single (attach-sources) @ owlapi-osgidistribution ---
[INFO] Reading assembly descriptor: src/assembly/sources.xml
[INFO] Building jar: /home/travis/build/owlcs/owlapi/osgidistribution/target/owlapi-osgidistribution-4.2.1-sources.jar
[INFO] 
[INFO] --- maven-failsafe-plugin:2.18.1:integration-test (default) @ owlapi-osgidistribution ---
[WARNING] useSystemClassloader setting has no effect when not forking
[INFO] Failsafe report directory: /home/travis/build/owlcs/owlapi/osgidistribution/target/failsafe-reports
[INFO] parallel='none', perCoreThreadCount=true, threadCount=0, useUnlimitedThreads=false, threadCountSuites=0, threadCountClasses=0, threadCountMethods=0, parallelOptimized=true
Running org.semanticweb.owlapi.BundleIsLoadableIntegrationTestCase
BundleIsLoadableIntegrationTestCase.getJarURL() file:/home/travis/.m2/repository/org/apache/servicemix/bundles/org.apache.servicemix.bundles.javax-inject/1_2/org.apache.servicemix.bundles.javax-inject-1_2.jar
BundleIsLoadableIntegrationTestCase.getJarURL() file:/home/travis/.m2/repository/org/apache/servicemix/bundles/org.apache.servicemix.bundles.aopalliance/1.0_6/org.apache.servicemix.bundles.aopalliance-1.0_6.jar
BundleIsLoadableIntegrationTestCase.getJarURL() file:/home/travis/.m2/repository/com/google/guava/guava/18.0/guava-18.0.jar
DEBUG: WIRE: [3.0] osgi.wiring.package; (osgi.wiring.package=javax.annotation) -> [0]
BundleIsLoadableIntegrationTestCase.getJarURL() file:/home/travis/.m2/repository/com/google/inject/extensions/guice-multibindings/4.0/guice-multibindings-4.0.jar
org.osgi.framework.BundleException: Fragment bundles can not be started.
	at org.apache.felix.framework.Felix.startBundle(Felix.java:1981)
	at org.apache.felix.framework.BundleImpl.start(BundleImpl.java:977)
	at org.apache.felix.framework.BundleImpl.start(BundleImpl.java:964)
	at org.semanticweb.owlapi.BundleIsLoadableIntegrationTestCase.startBundle(BundleIsLoadableIntegrationTestCase.java:79)
	at sun.reflect.NativeMethodAccessorImpl.invoke0(Native Method)
	at sun.reflect.NativeMethodAccessorImpl.invoke(NativeMethodAccessorImpl.java:62)
	at sun.reflect.DelegatingMethodAccessorImpl.invoke(DelegatingMethodAccessorImpl.java:43)
	at java.lang.reflect.Method.invoke(Method.java:483)
	at org.junit.runners.model.FrameworkMethod$1.runReflectiveCall(FrameworkMethod.java:50)
	at org.junit.internal.runners.model.ReflectiveCallable.run(ReflectiveCallable.java:12)
	at org.junit.runners.model.FrameworkMethod.invokeExplosively(FrameworkMethod.java:47)
	at org.junit.internal.runners.statements.InvokeMethod.evaluate(InvokeMethod.java:17)
	at org.junit.runners.ParentRunner.runLeaf(ParentRunner.java:325)
	at org.junit.runners.BlockJUnit4ClassRunner.runChild(BlockJUnit4ClassRunner.java:78)
	at org.junit.runners.BlockJUnit4ClassRunner.runChild(BlockJUnit4ClassRunner.java:57)
	at org.junit.runners.ParentRunner$3.run(ParentRunner.java:290)
	at org.junit.runners.ParentRunner$1.schedule(ParentRunner.java:71)
	at org.junit.runners.ParentRunner.runChildren(ParentRunner.java:288)
	at org.junit.runners.ParentRunner.access$000(ParentRunner.java:58)
	at org.junit.runners.ParentRunner$2.evaluate(ParentRunner.java:268)
	at org.junit.runners.ParentRunner.run(ParentRunner.java:363)
	at org.junit.runners.Suite.runChild(Suite.java:128)
	at org.junit.runners.Suite.runChild(Suite.java:27)
	at org.junit.runners.ParentRunner$3.run(ParentRunner.java:290)
	at org.junit.runners.ParentRunner$1.schedule(ParentRunner.java:71)
	at org.junit.runners.ParentRunner.runChildren(ParentRunner.java:288)
	at org.junit.runners.ParentRunner.access$000(ParentRunner.java:58)
	at org.junit.runners.ParentRunner$2.evaluate(ParentRunner.java:268)
	at org.junit.runners.ParentRunner.run(ParentRunner.java:363)
	at org.junit.runner.JUnitCore.run(JUnitCore.java:137)
	at org.junit.runner.JUnitCore.run(JUnitCore.java:115)
	at org.apache.maven.surefire.junitcore.JUnitCoreWrapper.createRequestAndRun(JUnitCoreWrapper.java:108)
	at org.apache.maven.surefire.junitcore.JUnitCoreWrapper.executeEager(JUnitCoreWrapper.java:78)
	at org.apache.maven.surefire.junitcore.JUnitCoreWrapper.execute(JUnitCoreWrapper.java:54)
	at org.apache.maven.surefire.junitcore.JUnitCoreProvider.invoke(JUnitCoreProvider.java:144)
	at sun.reflect.NativeMethodAccessorImpl.invoke0(Native Method)
	at sun.reflect.NativeMethodAccessorImpl.invoke(NativeMethodAccessorImpl.java:62)
	at sun.reflect.DelegatingMethodAccessorImpl.invoke(DelegatingMethodAccessorImpl.java:43)
	at java.lang.reflect.Method.invoke(Method.java:483)
	at org.apache.maven.surefire.util.ReflectionUtils.invokeMethodWithArray2(ReflectionUtils.java:208)
	at org.apache.maven.surefire.booter.ProviderFactory$ProviderProxy.invoke(ProviderFactory.java:155)
	at org.apache.maven.surefire.booter.ProviderFactory.invokeProvider(ProviderFactory.java:81)
	at org.apache.maven.plugin.surefire.InPluginVMSurefireStarter.runSuitesInProcess(InPluginVMSurefireStarter.java:82)
	at org.apache.maven.plugin.surefire.AbstractSurefireMojo.executeProvider(AbstractSurefireMojo.java:974)
	at org.apache.maven.plugin.surefire.AbstractSurefireMojo.executeAfterPreconditionsChecked(AbstractSurefireMojo.java:824)
	at org.apache.maven.plugin.surefire.AbstractSurefireMojo.execute(AbstractSurefireMojo.java:722)
	at org.apache.maven.plugin.DefaultBuildPluginManager.executeMojo(DefaultBuildPluginManager.java:132)
	at org.apache.maven.lifecycle.internal.MojoExecutor.execute(MojoExecutor.java:208)
	at org.apache.maven.lifecycle.internal.MojoExecutor.execute(MojoExecutor.java:153)
	at org.apache.maven.lifecycle.internal.MojoExecutor.execute(MojoExecutor.java:145)
	at org.apache.maven.lifecycle.internal.LifecycleModuleBuilder.buildProject(LifecycleModuleBuilder.java:116)
	at org.apache.maven.lifecycle.internal.LifecycleModuleBuilder.buildProject(LifecycleModuleBuilder.java:80)
	at org.apache.maven.lifecycle.internal.builder.singlethreaded.SingleThreadedBuilder.build(SingleThreadedBuilder.java:51)
	at org.apache.maven.lifecycle.internal.LifecycleStarter.execute(LifecycleStarter.java:120)
	at org.apache.maven.DefaultMaven.doExecute(DefaultMaven.java:355)
	at org.apache.maven.DefaultMaven.execute(DefaultMaven.java:155)
	at org.apache.maven.cli.MavenCli.execute(MavenCli.java:584)
	at org.apache.maven.cli.MavenCli.doMain(MavenCli.java:216)
	at org.apache.maven.cli.MavenCli.main(MavenCli.java:160)
	at sun.reflect.NativeMethodAccessorImpl.invoke0(Native Method)
	at sun.reflect.NativeMethodAccessorImpl.invoke(NativeMethodAccessorImpl.java:62)
	at sun.reflect.DelegatingMethodAccessorImpl.invoke(DelegatingMethodAccessorImpl.java:43)
	at java.lang.reflect.Method.invoke(Method.java:483)
	at org.codehaus.plexus.classworlds.launcher.Launcher.launchEnhanced(Launcher.java:289)
	at org.codehaus.plexus.classworlds.launcher.Launcher.launch(Launcher.java:229)
	at org.codehaus.plexus.classworlds.launcher.Launcher.mainWithExitCode(Launcher.java:415)
	at org.codehaus.plexus.classworlds.launcher.Launcher.main(Launcher.java:356)
BundleIsLoadableIntegrationTestCase.getJarURL() file:/home/travis/.m2/repository/com/google/inject/extensions/guice-assistedinject/4.0/guice-assistedinject-4.0.jar
org.osgi.framework.BundleException: Fragment bundles can not be started.
	at org.apache.felix.framework.Felix.startBundle(Felix.java:1981)
	at org.apache.felix.framework.BundleImpl.start(BundleImpl.java:977)
	at org.apache.felix.framework.BundleImpl.start(BundleImpl.java:964)
	at org.semanticweb.owlapi.BundleIsLoadableIntegrationTestCase.startBundle(BundleIsLoadableIntegrationTestCase.java:79)
	at sun.reflect.NativeMethodAccessorImpl.invoke0(Native Method)
	at sun.reflect.NativeMethodAccessorImpl.invoke(NativeMethodAccessorImpl.java:62)
	at sun.reflect.DelegatingMethodAccessorImpl.invoke(DelegatingMethodAccessorImpl.java:43)
	at java.lang.reflect.Method.invoke(Method.java:483)
	at org.junit.runners.model.FrameworkMethod$1.runReflectiveCall(FrameworkMethod.java:50)
	at org.junit.internal.runners.model.ReflectiveCallable.run(ReflectiveCallable.java:12)
	at org.junit.runners.model.FrameworkMethod.invokeExplosively(FrameworkMethod.java:47)
	at org.junit.internal.runners.statements.InvokeMethod.evaluate(InvokeMethod.java:17)
	at org.junit.runners.ParentRunner.runLeaf(ParentRunner.java:325)
	at org.junit.runners.BlockJUnit4ClassRunner.runChild(BlockJUnit4ClassRunner.java:78)
	at org.junit.runners.BlockJUnit4ClassRunner.runChild(BlockJUnit4ClassRunner.java:57)
	at org.junit.runners.ParentRunner$3.run(ParentRunner.java:290)
	at org.junit.runners.ParentRunner$1.schedule(ParentRunner.java:71)
	at org.junit.runners.ParentRunner.runChildren(ParentRunner.java:288)
	at org.junit.runners.ParentRunner.access$000(ParentRunner.java:58)
	at org.junit.runners.ParentRunner$2.evaluate(ParentRunner.java:268)
	at org.junit.runners.ParentRunner.run(ParentRunner.java:363)
	at org.junit.runners.Suite.runChild(Suite.java:128)
	at org.junit.runners.Suite.runChild(Suite.java:27)
	at org.junit.runners.ParentRunner$3.run(ParentRunner.java:290)
	at org.junit.runners.ParentRunner$1.schedule(ParentRunner.java:71)
	at org.junit.runners.ParentRunner.runChildren(ParentRunner.java:288)
	at org.junit.runners.ParentRunner.access$000(ParentRunner.java:58)
	at org.junit.runners.ParentRunner$2.evaluate(ParentRunner.java:268)
	at org.junit.runners.ParentRunner.run(ParentRunner.java:363)
	at org.junit.runner.JUnitCore.run(JUnitCore.java:137)
	at org.junit.runner.JUnitCore.run(JUnitCore.java:115)
	at org.apache.maven.surefire.junitcore.JUnitCoreWrapper.createRequestAndRun(JUnitCoreWrapper.java:108)
	at org.apache.maven.surefire.junitcore.JUnitCoreWrapper.executeEager(JUnitCoreWrapper.java:78)
	at org.apache.maven.surefire.junitcore.JUnitCoreWrapper.execute(JUnitCoreWrapper.java:54)
	at org.apache.maven.surefire.junitcore.JUnitCoreProvider.invoke(JUnitCoreProvider.java:144)
	at sun.reflect.NativeMethodAccessorImpl.invoke0(Native Method)
	at sun.reflect.NativeMethodAccessorImpl.invoke(NativeMethodAccessorImpl.java:62)
	at sun.reflect.DelegatingMethodAccessorImpl.invoke(DelegatingMethodAccessorImpl.java:43)
	at java.lang.reflect.Method.invoke(Method.java:483)
	at org.apache.maven.surefire.util.ReflectionUtils.invokeMethodWithArray2(ReflectionUtils.java:208)
	at org.apache.maven.surefire.booter.ProviderFactory$ProviderProxy.invoke(ProviderFactory.java:155)
	at org.apache.maven.surefire.booter.ProviderFactory.invokeProvider(ProviderFactory.java:81)
	at org.apache.maven.plugin.surefire.InPluginVMSurefireStarter.runSuitesInProcess(InPluginVMSurefireStarter.java:82)
	at org.apache.maven.plugin.surefire.AbstractSurefireMojo.executeProvider(AbstractSurefireMojo.java:974)
	at org.apache.maven.plugin.surefire.AbstractSurefireMojo.executeAfterPreconditionsChecked(AbstractSurefireMojo.java:824)
	at org.apache.maven.plugin.surefire.AbstractSurefireMojo.execute(AbstractSurefireMojo.java:722)
	at org.apache.maven.plugin.DefaultBuildPluginManager.executeMojo(DefaultBuildPluginManager.java:132)
	at org.apache.maven.lifecycle.internal.MojoExecutor.execute(MojoExecutor.java:208)
	at org.apache.maven.lifecycle.internal.MojoExecutor.execute(MojoExecutor.java:153)
	at org.apache.maven.lifecycle.internal.MojoExecutor.execute(MojoExecutor.java:145)
	at org.apache.maven.lifecycle.internal.LifecycleModuleBuilder.buildProject(LifecycleModuleBuilder.java:116)
	at org.apache.maven.lifecycle.internal.LifecycleModuleBuilder.buildProject(LifecycleModuleBuilder.java:80)
	at org.apache.maven.lifecycle.internal.builder.singlethreaded.SingleThreadedBuilder.build(SingleThreadedBuilder.java:51)
	at org.apache.maven.lifecycle.internal.LifecycleStarter.execute(LifecycleStarter.java:120)
	at org.apache.maven.DefaultMaven.doExecute(DefaultMaven.java:355)
	at org.apache.maven.DefaultMaven.execute(DefaultMaven.java:155)
	at org.apache.maven.cli.MavenCli.execute(MavenCli.java:584)
	at org.apache.maven.cli.MavenCli.doMain(MavenCli.java:216)
	at org.apache.maven.cli.MavenCli.main(MavenCli.java:160)
	at sun.reflect.NativeMethodAccessorImpl.invoke0(Native Method)
	at sun.reflect.NativeMethodAccessorImpl.invoke(NativeMethodAccessorImpl.java:62)
	at sun.reflect.DelegatingMethodAccessorImpl.invoke(DelegatingMethodAccessorImpl.java:43)
	at java.lang.reflect.Method.invoke(Method.java:483)
	at org.codehaus.plexus.classworlds.launcher.Launcher.launchEnhanced(Launcher.java:289)
	at org.codehaus.plexus.classworlds.launcher.Launcher.launch(Launcher.java:229)
	at org.codehaus.plexus.classworlds.launcher.Launcher.mainWithExitCode(Launcher.java:415)
	at org.codehaus.plexus.classworlds.launcher.Launcher.main(Launcher.java:356)
BundleIsLoadableIntegrationTestCase.getJarURL() file:/home/travis/.m2/repository/com/google/inject/guice/4.0/guice-4.0.jar
DEBUG: FRAGMENT WIRE: [4.0] osgi.wiring.host; (&(osgi.wiring.host=com.google.inject)(bundle-version>=0.0.0)) -> [6.0]
DEBUG: WIRE: [6.0] osgi.wiring.package; (&(osgi.wiring.package=com.google.common.base)(version>=16.0.0)) -> [3.0]
DEBUG: WIRE: [6.0] osgi.wiring.package; (&(osgi.wiring.package=com.google.common.cache)(version>=16.0.0)) -> [3.0]
DEBUG: WIRE: [6.0] osgi.wiring.package; (&(osgi.wiring.package=com.google.common.collect)(version>=16.0.0)) -> [3.0]
DEBUG: WIRE: [6.0] osgi.wiring.package; (osgi.wiring.package=javax.inject) -> [1.0]
DEBUG: WIRE: [6.0] osgi.wiring.package; (osgi.wiring.package=org.aopalliance.intercept) -> [2.0]
DEBUG: WIRE: [5.0] osgi.wiring.package; (&(osgi.wiring.package=com.google.common.base)(version>=16.0.0)) -> [3.0]
DEBUG: WIRE: [5.0] osgi.wiring.package; (&(osgi.wiring.package=com.google.common.collect)(version>=16.0.0)) -> [3.0]
DEBUG: WIRE: [5.0] osgi.wiring.package; (osgi.wiring.package=javax.inject) -> [1.0]
DEBUG: WIRE: [4.0] osgi.wiring.package; (&(osgi.wiring.package=com.google.common.base)(version>=16.0.0)) -> [3.0]
DEBUG: WIRE: [4.0] osgi.wiring.package; (&(osgi.wiring.package=com.google.common.collect)(version>=16.0.0)) -> [3.0]
DEBUG: WIRE: [4.0] osgi.wiring.package; (&(osgi.wiring.package=com.google.common.primitives)(version>=16.0.0)) -> [3.0]
DEBUG: WIRE: [4.0] osgi.wiring.package; (osgi.wiring.package=javax.inject) -> [1.0]
DEBUG: WIRE: [6.0] osgi.ee; (&(osgi.ee=JavaSE)(version=1.6.0)) -> [0]
DEBUG: WIRE: [5.0] osgi.ee; (&(osgi.ee=JavaSE)(version=1.6.0)) -> [0]
DEBUG: WIRE: [4.0] osgi.ee; (&(osgi.ee=JavaSE)(version=1.6.0)) -> [0]
DEBUG: FRAGMENT WIRE: [5.0] osgi.wiring.host; (&(osgi.wiring.host=com.google.inject)(bundle-version>=0.0.0)) -> [6.0]
BundleIsLoadableIntegrationTestCase.getJarURL() file:/home/travis/.m2/repository/org/apache/servicemix/bundles/org.apache.servicemix.bundles.aopalliance/1.0_6/org.apache.servicemix.bundles.aopalliance-1.0_6.jar
BundleIsLoadableIntegrationTestCase.getJarURL() file:/home/travis/.m2/repository/commons-io/commons-io/2.4/commons-io-2.4.jar
BundleIsLoadableIntegrationTestCase.getJarURL() file:/home/travis/.m2/repository/commons-codec/commons-codec/1.9/commons-codec-1.9.jar
BundleIsLoadableIntegrationTestCase.getJarURL() file:/home/travis/.m2/repository/org/slf4j/slf4j-simple/1.7.10/slf4j-simple-1.7.10.jar
org.osgi.framework.BundleException: Fragment bundles can not be started.
	at org.apache.felix.framework.Felix.startBundle(Felix.java:1981)
	at org.apache.felix.framework.BundleImpl.start(BundleImpl.java:977)
	at org.apache.felix.framework.BundleImpl.start(BundleImpl.java:964)
	at org.semanticweb.owlapi.BundleIsLoadableIntegrationTestCase.startBundle(BundleIsLoadableIntegrationTestCase.java:79)
	at sun.reflect.NativeMethodAccessorImpl.invoke0(Native Method)
	at sun.reflect.NativeMethodAccessorImpl.invoke(NativeMethodAccessorImpl.java:62)
	at sun.reflect.DelegatingMethodAccessorImpl.invoke(DelegatingMethodAccessorImpl.java:43)
	at java.lang.reflect.Method.invoke(Method.java:483)
	at org.junit.runners.model.FrameworkMethod$1.runReflectiveCall(FrameworkMethod.java:50)
	at org.junit.internal.runners.model.ReflectiveCallable.run(ReflectiveCallable.java:12)
	at org.junit.runners.model.FrameworkMethod.invokeExplosively(FrameworkMethod.java:47)
	at org.junit.internal.runners.statements.InvokeMethod.evaluate(InvokeMethod.java:17)
	at org.junit.runners.ParentRunner.runLeaf(ParentRunner.java:325)
	at org.junit.runners.BlockJUnit4ClassRunner.runChild(BlockJUnit4ClassRunner.java:78)
	at org.junit.runners.BlockJUnit4ClassRunner.runChild(BlockJUnit4ClassRunner.java:57)
	at org.junit.runners.ParentRunner$3.run(ParentRunner.java:290)
	at org.junit.runners.ParentRunner$1.schedule(ParentRunner.java:71)
	at org.junit.runners.ParentRunner.runChildren(ParentRunner.java:288)
	at org.junit.runners.ParentRunner.access$000(ParentRunner.java:58)
	at org.junit.runners.ParentRunner$2.evaluate(ParentRunner.java:268)
	at org.junit.runners.ParentRunner.run(ParentRunner.java:363)
	at org.junit.runners.Suite.runChild(Suite.java:128)
	at org.junit.runners.Suite.runChild(Suite.java:27)
	at org.junit.runners.ParentRunner$3.run(ParentRunner.java:290)
	at org.junit.runners.ParentRunner$1.schedule(ParentRunner.java:71)
	at org.junit.runners.ParentRunner.runChildren(ParentRunner.java:288)
	at org.junit.runners.ParentRunner.access$000(ParentRunner.java:58)
	at org.junit.runners.ParentRunner$2.evaluate(ParentRunner.java:268)
	at org.junit.runners.ParentRunner.run(ParentRunner.java:363)
	at org.junit.runner.JUnitCore.run(JUnitCore.java:137)
	at org.junit.runner.JUnitCore.run(JUnitCore.java:115)
	at org.apache.maven.surefire.junitcore.JUnitCoreWrapper.createRequestAndRun(JUnitCoreWrapper.java:108)
	at org.apache.maven.surefire.junitcore.JUnitCoreWrapper.executeEager(JUnitCoreWrapper.java:78)
	at org.apache.maven.surefire.junitcore.JUnitCoreWrapper.execute(JUnitCoreWrapper.java:54)
	at org.apache.maven.surefire.junitcore.JUnitCoreProvider.invoke(JUnitCoreProvider.java:144)
	at sun.reflect.NativeMethodAccessorImpl.invoke0(Native Method)
	at sun.reflect.NativeMethodAccessorImpl.invoke(NativeMethodAccessorImpl.java:62)
	at sun.reflect.DelegatingMethodAccessorImpl.invoke(DelegatingMethodAccessorImpl.java:43)
	at java.lang.reflect.Method.invoke(Method.java:483)
	at org.apache.maven.surefire.util.ReflectionUtils.invokeMethodWithArray2(ReflectionUtils.java:208)
	at org.apache.maven.surefire.booter.ProviderFactory$ProviderProxy.invoke(ProviderFactory.java:155)
	at org.apache.maven.surefire.booter.ProviderFactory.invokeProvider(ProviderFactory.java:81)
	at org.apache.maven.plugin.surefire.InPluginVMSurefireStarter.runSuitesInProcess(InPluginVMSurefireStarter.java:82)
	at org.apache.maven.plugin.surefire.AbstractSurefireMojo.executeProvider(AbstractSurefireMojo.java:974)
	at org.apache.maven.plugin.surefire.AbstractSurefireMojo.executeAfterPreconditionsChecked(AbstractSurefireMojo.java:824)
	at org.apache.maven.plugin.surefire.AbstractSurefireMojo.execute(AbstractSurefireMojo.java:722)
	at org.apache.maven.plugin.DefaultBuildPluginManager.executeMojo(DefaultBuildPluginManager.java:132)
	at org.apache.maven.lifecycle.internal.MojoExecutor.execute(MojoExecutor.java:208)
	at org.apache.maven.lifecycle.internal.MojoExecutor.execute(MojoExecutor.java:153)
	at org.apache.maven.lifecycle.internal.MojoExecutor.execute(MojoExecutor.java:145)
	at org.apache.maven.lifecycle.internal.LifecycleModuleBuilder.buildProject(LifecycleModuleBuilder.java:116)
	at org.apache.maven.lifecycle.internal.LifecycleModuleBuilder.buildProject(LifecycleModuleBuilder.java:80)
	at org.apache.maven.lifecycle.internal.builder.singlethreaded.SingleThreadedBuilder.build(SingleThreadedBuilder.java:51)
	at org.apache.maven.lifecycle.internal.LifecycleStarter.execute(LifecycleStarter.java:120)
	at org.apache.maven.DefaultMaven.doExecute(DefaultMaven.java:355)
	at org.apache.maven.DefaultMaven.execute(DefaultMaven.java:155)
	at org.apache.maven.cli.MavenCli.execute(MavenCli.java:584)
	at org.apache.maven.cli.MavenCli.doMain(MavenCli.java:216)
	at org.apache.maven.cli.MavenCli.main(MavenCli.java:160)
	at sun.reflect.NativeMethodAccessorImpl.invoke0(Native Method)
	at sun.reflect.NativeMethodAccessorImpl.invoke(NativeMethodAccessorImpl.java:62)
	at sun.reflect.DelegatingMethodAccessorImpl.invoke(DelegatingMethodAccessorImpl.java:43)
	at java.lang.reflect.Method.invoke(Method.java:483)
	at org.codehaus.plexus.classworlds.launcher.Launcher.launchEnhanced(Launcher.java:289)
	at org.codehaus.plexus.classworlds.launcher.Launcher.launch(Launcher.java:229)
	at org.codehaus.plexus.classworlds.launcher.Launcher.mainWithExitCode(Launcher.java:415)
	at org.codehaus.plexus.classworlds.launcher.Launcher.main(Launcher.java:356)
BundleIsLoadableIntegrationTestCase.getJarURL() file:/home/travis/.m2/repository/org/slf4j/jcl-over-slf4j/1.7.7/jcl-over-slf4j-1.7.7.jar
org.osgi.framework.BundleException: Unresolved constraint in bundle jcl.over.slf4j [10]: Unable to resolve 10.0: missing requirement [10.0] osgi.wiring.package; (&(osgi.wiring.package=org.slf4j)(version>=1.7.7))
	at org.apache.felix.framework.Felix.resolveBundleRevision(Felix.java:4097)
	at org.apache.felix.framework.Felix.startBundle(Felix.java:2114)
	at org.apache.felix.framework.BundleImpl.start(BundleImpl.java:977)
	at org.apache.felix.framework.BundleImpl.start(BundleImpl.java:964)
	at org.semanticweb.owlapi.BundleIsLoadableIntegrationTestCase.startBundle(BundleIsLoadableIntegrationTestCase.java:79)
	at sun.reflect.NativeMethodAccessorImpl.invoke0(Native Method)
	at sun.reflect.NativeMethodAccessorImpl.invoke(NativeMethodAccessorImpl.java:62)
	at sun.reflect.DelegatingMethodAccessorImpl.invoke(DelegatingMethodAccessorImpl.java:43)
	at java.lang.reflect.Method.invoke(Method.java:483)
	at org.junit.runners.model.FrameworkMethod$1.runReflectiveCall(FrameworkMethod.java:50)
	at org.junit.internal.runners.model.ReflectiveCallable.run(ReflectiveCallable.java:12)
	at org.junit.runners.model.FrameworkMethod.invokeExplosively(FrameworkMethod.java:47)
	at org.junit.internal.runners.statements.InvokeMethod.evaluate(InvokeMethod.java:17)
	at org.junit.runners.ParentRunner.runLeaf(ParentRunner.java:325)
	at org.junit.runners.BlockJUnit4ClassRunner.runChild(BlockJUnit4ClassRunner.java:78)
	at org.junit.runners.BlockJUnit4ClassRunner.runChild(BlockJUnit4ClassRunner.java:57)
	at org.junit.runners.ParentRunner$3.run(ParentRunner.java:290)
	at org.junit.runners.ParentRunner$1.schedule(ParentRunner.java:71)
	at org.junit.runners.ParentRunner.runChildren(ParentRunner.java:288)
	at org.junit.runners.ParentRunner.access$000(ParentRunner.java:58)
	at org.junit.runners.ParentRunner$2.evaluate(ParentRunner.java:268)
	at org.junit.runners.ParentRunner.run(ParentRunner.java:363)
	at org.junit.runners.Suite.runChild(Suite.java:128)
	at org.junit.runners.Suite.runChild(Suite.java:27)
	at org.junit.runners.ParentRunner$3.run(ParentRunner.java:290)
	at org.junit.runners.ParentRunner$1.schedule(ParentRunner.java:71)
	at org.junit.runners.ParentRunner.runChildren(ParentRunner.java:288)
	at org.junit.runners.ParentRunner.access$000(ParentRunner.java:58)
	at org.junit.runners.ParentRunner$2.evaluate(ParentRunner.java:268)
	at org.junit.runners.ParentRunner.run(ParentRunner.java:363)
	at org.junit.runner.JUnitCore.run(JUnitCore.java:137)
	at org.junit.runner.JUnitCore.run(JUnitCore.java:115)
	at org.apache.maven.surefire.junitcore.JUnitCoreWrapper.createRequestAndRun(JUnitCoreWrapper.java:108)
	at org.apache.maven.surefire.junitcore.JUnitCoreWrapper.executeEager(JUnitCoreWrapper.java:78)
	at org.apache.maven.surefire.junitcore.JUnitCoreWrapper.execute(JUnitCoreWrapper.java:54)
	at org.apache.maven.surefire.junitcore.JUnitCoreProvider.invoke(JUnitCoreProvider.java:144)
	at sun.reflect.NativeMethodAccessorImpl.invoke0(Native Method)
	at sun.reflect.NativeMethodAccessorImpl.invoke(NativeMethodAccessorImpl.java:62)
	at sun.reflect.DelegatingMethodAccessorImpl.invoke(DelegatingMethodAccessorImpl.java:43)
	at java.lang.reflect.Method.invoke(Method.java:483)
	at org.apache.maven.surefire.util.ReflectionUtils.invokeMethodWithArray2(ReflectionUtils.java:208)
	at org.apache.maven.surefire.booter.ProviderFactory$ProviderProxy.invoke(ProviderFactory.java:155)
	at org.apache.maven.surefire.booter.ProviderFactory.invokeProvider(ProviderFactory.java:81)
	at org.apache.maven.plugin.surefire.InPluginVMSurefireStarter.runSuitesInProcess(InPluginVMSurefireStarter.java:82)
	at org.apache.maven.plugin.surefire.AbstractSurefireMojo.executeProvider(AbstractSurefireMojo.java:974)
	at org.apache.maven.plugin.surefire.AbstractSurefireMojo.executeAfterPreconditionsChecked(AbstractSurefireMojo.java:824)
	at org.apache.maven.plugin.surefire.AbstractSurefireMojo.execute(AbstractSurefireMojo.java:722)
	at org.apache.maven.plugin.DefaultBuildPluginManager.executeMojo(DefaultBuildPluginManager.java:132)
	at org.apache.maven.lifecycle.internal.MojoExecutor.execute(MojoExecutor.java:208)
	at org.apache.maven.lifecycle.internal.MojoExecutor.execute(MojoExecutor.java:153)
	at org.apache.maven.lifecycle.internal.MojoExecutor.execute(MojoExecutor.java:145)
	at org.apache.maven.lifecycle.internal.LifecycleModuleBuilder.buildProject(LifecycleModuleBuilder.java:116)
	at org.apache.maven.lifecycle.internal.LifecycleModuleBuilder.buildProject(LifecycleModuleBuilder.java:80)
	at org.apache.maven.lifecycle.internal.builder.singlethreaded.SingleThreadedBuilder.build(SingleThreadedBuilder.java:51)
	at org.apache.maven.lifecycle.internal.LifecycleStarter.execute(LifecycleStarter.java:120)
	at org.apache.maven.DefaultMaven.doExecute(DefaultMaven.java:355)
	at org.apache.maven.DefaultMaven.execute(DefaultMaven.java:155)
	at org.apache.maven.cli.MavenCli.execute(MavenCli.java:584)
	at org.apache.maven.cli.MavenCli.doMain(MavenCli.java:216)
	at org.apache.maven.cli.MavenCli.main(MavenCli.java:160)
	at sun.reflect.NativeMethodAccessorImpl.invoke0(Native Method)
	at sun.reflect.NativeMethodAccessorImpl.invoke(NativeMethodAccessorImpl.java:62)
	at sun.reflect.DelegatingMethodAccessorImpl.invoke(DelegatingMethodAccessorImpl.java:43)
	at java.lang.reflect.Method.invoke(Method.java:483)
	at org.codehaus.plexus.classworlds.launcher.Launcher.launchEnhanced(Launcher.java:289)
	at org.codehaus.plexus.classworlds.launcher.Launcher.launch(Launcher.java:229)
	at org.codehaus.plexus.classworlds.launcher.Launcher.mainWithExitCode(Launcher.java:415)
	at org.codehaus.plexus.classworlds.launcher.Launcher.main(Launcher.java:356)
BundleIsLoadableIntegrationTestCase.getJarURL() file:/home/travis/.m2/repository/org/slf4j/slf4j-api/1.7.10/slf4j-api-1.7.10.jar
DEBUG: WIRE: [11.0] osgi.ee; (&(osgi.ee=JavaSE)(version=1.3.0)) -> [0]
DEBUG: WIRE: [9.0] osgi.ee; (&(osgi.ee=JavaSE)(version=1.3.0)) -> [0]
DEBUG: FRAGMENT WIRE: [9.0] osgi.wiring.host; (&(osgi.wiring.host=slf4j.api)(bundle-version>=0.0.0)) -> [11.0]
DEBUG: WIRE: [12.0] osgi.wiring.package; (&(osgi.wiring.package=com.google.common.base)(version>=18.0.0)(!(version>=19.0.0))) -> [3.0]
DEBUG: WIRE: [12.0] osgi.wiring.package; (&(osgi.wiring.package=com.google.common.cache)(version>=18.0.0)(!(version>=19.0.0))) -> [3.0]
DEBUG: WIRE: [12.0] osgi.wiring.package; (&(osgi.wiring.package=com.google.common.collect)(version>=18.0.0)(!(version>=19.0.0))) -> [3.0]
DEBUG: WIRE: [12.0] osgi.wiring.package; (&(osgi.wiring.package=com.google.common.io)(version>=18.0.0)(!(version>=19.0.0))) -> [3.0]
DEBUG: WIRE: [12.0] osgi.wiring.package; (&(osgi.wiring.package=com.google.common.util.concurrent)(version>=18.0.0)(!(version>=19.0.0))) -> [3.0]
DEBUG: WIRE: [12.0] osgi.wiring.package; (&(osgi.wiring.package=com.google.inject)(version>=1.4.0)(!(version>=2.0.0))) -> [6.0]
DEBUG: WIRE: [12.0] osgi.wiring.package; (&(osgi.wiring.package=com.google.inject.assistedinject)(version>=1.4.0)(!(version>=2.0.0))) -> [6.0]
DEBUG: WIRE: [12.0] osgi.wiring.package; (&(osgi.wiring.package=com.google.inject.binder)(version>=1.4.0)(!(version>=2.0.0))) -> [6.0]
DEBUG: WIRE: [12.0] osgi.wiring.package; (&(osgi.wiring.package=com.google.inject.multibindings)(version>=1.4.0)(!(version>=2.0.0))) -> [6.0]
DEBUG: WIRE: [12.0] osgi.wiring.package; (osgi.wiring.package=javax.annotation) -> [0]
DEBUG: WIRE: [12.0] osgi.wiring.package; (osgi.wiring.package=javax.crypto) -> [0]
DEBUG: WIRE: [12.0] osgi.wiring.package; (osgi.wiring.package=javax.crypto.spec) -> [0]
DEBUG: WIRE: [12.0] osgi.wiring.package; (osgi.wiring.package=javax.imageio) -> [0]
DEBUG: WIRE: [12.0] osgi.wiring.package; (&(osgi.wiring.package=javax.inject)(version>=1.0.0)(!(version>=2.0.0))) -> [1.0]
DEBUG: WIRE: [12.0] osgi.wiring.package; (osgi.wiring.package=javax.naming) -> [0]
DEBUG: WIRE: [12.0] osgi.wiring.package; (osgi.wiring.package=javax.naming.directory) -> [0]
DEBUG: WIRE: [12.0] osgi.wiring.package; (osgi.wiring.package=javax.naming.ldap) -> [0]
DEBUG: WIRE: [12.0] osgi.wiring.package; (osgi.wiring.package=javax.net) -> [0]
DEBUG: WIRE: [12.0] osgi.wiring.package; (osgi.wiring.package=javax.net.ssl) -> [0]
DEBUG: WIRE: [12.0] osgi.wiring.package; (osgi.wiring.package=javax.security.auth.x500) -> [0]
DEBUG: WIRE: [12.0] osgi.wiring.package; (osgi.wiring.package=javax.swing) -> [0]
DEBUG: WIRE: [12.0] osgi.wiring.package; (osgi.wiring.package=javax.xml.bind) -> [0]
DEBUG: WIRE: [12.0] osgi.wiring.package; (osgi.wiring.package=javax.xml.bind.annotation.adapters) -> [0]
DEBUG: WIRE: [12.0] osgi.wiring.package; (osgi.wiring.package=javax.xml.datatype) -> [0]
DEBUG: WIRE: [12.0] osgi.wiring.package; (osgi.wiring.package=javax.xml.namespace) -> [0]
DEBUG: WIRE: [12.0] osgi.wiring.package; (osgi.wiring.package=javax.xml.parsers) -> [0]
DEBUG: WIRE: [12.0] osgi.wiring.package; (osgi.wiring.package=javax.xml.transform.sax) -> [0]
DEBUG: WIRE: [12.0] osgi.wiring.package; (osgi.wiring.package=javax.xml.validation) -> [0]
DEBUG: WIRE: [12.0] osgi.wiring.package; (osgi.wiring.package=org.ietf.jgss) -> [0]
DEBUG: WIRE: [12.0] osgi.wiring.package; (&(osgi.wiring.package=org.slf4j)(version>=1.7.0)(!(version>=2.0.0))) -> [11.0]
DEBUG: WIRE: [12.0] osgi.wiring.package; (osgi.wiring.package=org.w3c.dom) -> [0]
DEBUG: WIRE: [12.0] osgi.wiring.package; (osgi.wiring.package=org.w3c.dom.bootstrap) -> [0]
DEBUG: WIRE: [12.0] osgi.wiring.package; (osgi.wiring.package=org.w3c.dom.ls) -> [0]
DEBUG: WIRE: [12.0] osgi.wiring.package; (osgi.wiring.package=org.xml.sax) -> [0]
DEBUG: WIRE: [12.0] osgi.wiring.package; (osgi.wiring.package=org.xml.sax.ext) -> [0]
DEBUG: WIRE: [12.0] osgi.wiring.package; (osgi.wiring.package=org.xml.sax.helpers) -> [0]
DEBUG: WIRE: [12.0] osgi.ee; (&(osgi.ee=JavaSE)(version=1.7)) -> [0]
Tests run: 1, Failures: 0, Errors: 0, Skipped: 0, Time elapsed: 3.221 sec - in org.semanticweb.owlapi.BundleIsLoadableIntegrationTestCase
Running org.semanticweb.owlapi.api.test.VerifyVersionInfoIntegrationTestCase
Tests run: 1, Failures: 0, Errors: 0, Skipped: 0, Time elapsed: 0.001 sec - in org.semanticweb.owlapi.api.test.VerifyVersionInfoIntegrationTestCase
Running org.semanticweb.owlapi.io.LoadXZOntologyViaHTTPIntegrationTestCase
[main] INFO org.semanticweb.owlapi.io.AbstractOWLParser - URL connection has no content encoding but name ends with .xz
[main] INFO org.semanticweb.owlapi.io.AbstractOWLParser - URL connection has no content encoding but name ends with .xz
Tests run: 1, Failures: 0, Errors: 0, Skipped: 0, Time elapsed: 1.308 sec - in org.semanticweb.owlapi.io.LoadXZOntologyViaHTTPIntegrationTestCase

Results :

Tests run: 3, Failures: 0, Errors: 0, Skipped: 0

[WARNING] File encoding has not been set, using platform encoding UTF-8, i.e. build is platform dependent! The file encoding for reports output files should be provided by the POM property ${project.reporting.outputEncoding}.
[INFO] 
[INFO] --- maven-failsafe-plugin:2.18.1:verify (default) @ owlapi-osgidistribution ---
[INFO] Failsafe report directory: /home/travis/build/owlcs/owlapi/osgidistribution/target/failsafe-reports
[WARNING] File encoding has not been set, using platform encoding UTF-8, i.e. build is platform dependent! The file encoding for reports output files should be provided by the POM property ${project.reporting.outputEncoding}.
[INFO] ------------------------------------------------------------------------
[INFO] Reactor Summary:
[INFO] 
[INFO] OWLAPI ............................................. SUCCESS [  4.730 s]
[INFO] OWLAPI Model Interfaces and utilities .............. SUCCESS [ 12.127 s]
[INFO] OWLAPI Default Implementation ...................... SUCCESS [  7.296 s]
[INFO] tools .............................................. SUCCESS [  2.654 s]
[INFO] parsers ............................................ SUCCESS [  1.674 s]
[INFO] oboformat parser ................................... SUCCESS [  1.192 s]
[INFO] OWLAPITOOLS OWL profile and fixers ................. SUCCESS [  1.517 s]
[INFO] OWLAPI :: Sesame Rio module ........................ SUCCESS [  0.760 s]
[INFO] OWLAPI Binding and Config .......................... SUCCESS [  0.947 s]
[INFO] compatibility ...................................... SUCCESS [  3.087 s]
[INFO] tests and tutorials ................................ SUCCESS [01:23 min]
[INFO] OWLAPI Distribution ................................ SUCCESS [ 10.982 s]
[INFO] OWLAPI OSGi and Compatibility Distribution ......... SUCCESS [ 13.490 s]
[INFO] ------------------------------------------------------------------------
[INFO] BUILD SUCCESS
[INFO] ------------------------------------------------------------------------
[INFO] Total time: 02:26 min
[INFO] Finished at: 2016-03-06T00:00:59+00:00
[INFO] Final Memory: 57M/433M
[INFO] ------------------------------------------------------------------------

travis_time:end:03d1b3f8:start=1457222311599603025,finish=1457222461879788612,duration=150280185587[0K
[32;1mThe command "mvn verify" exited with 0.[0m
travis_fold:start:cache.2[0Kstore build cache
travis_time:start:064ec267[0K
travis_time:end:064ec267:start=1457222461884083283,finish=1457222461887303757,duration=3220474[0Ktravis_time:start:04a5779c[0K[32;1mchange detected:
/home/travis/.m2/repository/net/sourceforge/owlapi/owlapi-api/4.2.1/owlapi-api-4.2.1.jar
/home/travis/.m2/repository/net/sourceforge/owlapi/owlapi-api/4.2.1/owlapi-api-4.2.1.pom
/home/travis/.m2/repository/net/sourceforge/owlapi/owlapi-api/4.2.1/owlapi-api-4.2.1-sources.jar
/home/travis/.m2/repository/net/sourceforge/owlapi/owlapi-api/4.2.1/_remote.repositories
/home/travis/.m2/repository/net/sourceforge/owlapi/owlapi-apibinding/4.2.1/owlapi-apibinding-4.2.1.jar
/home/travis/.m2/repository/net/sourceforge/owlapi/owlapi-apibinding/4.2.1/owlapi-apibinding-4.2.1.pom
/home/travis/.m2/repository/net/sourceforge/owlapi/owlapi-apibinding/4.2.1/owlapi-apibinding-4.2.1-sources.jar
/home/travis/.m2/repository/net/sourceforge/owlapi/owlapi-apibinding/4.2.1/_remote.repositories
/home/travis/.m2/repository/net/sourceforge/owlapi/owlapi-apibinding/maven-metadata-local.xml
/home/travis/.m2/repository/net/sourceforge/owlapi/owlapi-api/maven-metadata-local.xml
/home/travis/.m2/repository/net/sourceforge
[0m
[32;1m...
[0m
[32;1mchanges detected, packing new archive[0m
.
.
.
[32;1muploading archive[0m

travis_time:end:04a5779c:start=1457222461891016150,finish=1457222495240190011,duration=33349173861[0Ktravis_fold:end:cache.2[0K
Done. Your build exited with 0.
