Using worker: worker-linux-docker-89275aa6.prod.travis-ci.org:travis-linux-8

travis_fold:start:system_info[0K[33;1mBuild system information[0m
Build language: java
[34m[1mBuild image provisioning date and time[0m
Fri Dec 12 23:29:11 UTC 2014
[34m[1mlsb_release -a[0m
Distributor ID:	Ubuntu
Description:	Ubuntu 12.04.5 LTS
Release:	12.04
Codename:	precise
[34m[1mCookbooks Version[0m
540230e https://github.com/travis-ci/travis-cookbooks/tree/540230e
[34m[1mGCC version[0m
gcc (Ubuntu/Linaro 4.6.3-1ubuntu5) 4.6.3
Copyright (C) 2011 Free Software Foundation, Inc.
This is free software; see the source for copying conditions.  There is NO
warranty; not even for MERCHANTABILITY or FITNESS FOR A PARTICULAR PURPOSE.

[34m[1mLLVM version[0m
clang version 3.4 (tags/RELEASE_34/final)
Target: x86_64-unknown-linux-gnu
Thread model: posix
[34m[1mPre-installed Ruby versions[0m
ruby-1.9.3-p551
[34m[1mPre-installed Node.js versions[0m
v0.10.33
[34m[1mPre-installed Go versions[0m
go1.4
[34m[1mRedis version[0m
redis-server 2.8.18
[34m[1mriak version[0m
1.4.12
[34m[1mMongoDB version[0m
MongoDB 2.4.12
[34m[1mCouchDB version[0m
couchdb 1.6.1
[34m[1mNeo4j version[0m
1.9.4
[34m[1mCassandra version[0m
2.0.9
[34m[1mRabbitMQ Version[0m
3.4.2
[34m[1mElasticSearch version[0m
1.4.0
[34m[1mInstalled Sphinx versions[0m
2.0.10
2.1.9
2.2.4
[34m[1mDefault Sphinx version[0m
2.1.9
[34m[1mInstalled Firefox version[0m
firefox 31.0esr
[34m[1mPhantomJS version[0m
1.9.8
[34m[1mant -version[0m
Apache Ant(TM) version 1.8.2 compiled on December 3 2011
[34m[1mmvn -version[0m
Apache Maven 3.2.3 (33f8c3e1027c3ddde99d3cdebad2656a31e8fdf4; 2014-08-11T20:58:10+00:00)
Maven home: /usr/local/maven
Java version: 1.7.0_72, vendor: Oracle Corporation
Java home: /usr/lib/jvm/java-7-oracle/jre
Default locale: en_US, platform encoding: ANSI_X3.4-1968
OS name: "linux", version: "3.13.0-29-generic", arch: "amd64", family: "unix"
[34m[1mgradle -version[0m

------------------------------------------------------------
Gradle 2.2.1
------------------------------------------------------------

Build time:   2014-11-24 09:45:35 UTC
Build number: none
Revision:     6fcb59c06f43a4e6b1bcb401f7686a8601a1fb4a

Groovy:       2.3.6
Ant:          Apache Ant(TM) version 1.9.3 compiled on December 23 2013
JVM:          1.7.0_72 (Oracle Corporation 24.72-b04)
OS:           Linux 3.13.0-29-generic amd64

[34m[1mlein1 version[0m
Using JLine for console I/O; install rlwrap for optimum experience.
Leiningen 1.7.1 on Java 1.7.0_72 Java HotSpot(TM) 64-Bit Server VM
[34m[1mlein2 version[0m
Leiningen 2.5.0 on Java 1.7.0_72 Java HotSpot(TM) 64-Bit Server VM
[34m[1mlein version[0m
Leiningen 2.5.0 on Java 1.7.0_72 Java HotSpot(TM) 64-Bit Server VM
travis_fold:end:system_info[0K
travis_fold:start:git.checkout[0Ktravis_time:start:0c771456[0K$ git clone --depth=50 git://github.com/gwtbootstrap3/gwtbootstrap3.git gwtbootstrap3/gwtbootstrap3
Cloning into 'gwtbootstrap3/gwtbootstrap3'...
remote: Counting objects: 1943, done.[K
remote: Compressing objects:   0% (1/940)   [Kremote: Compressing objects:   1% (10/940)   [Kremote: Compressing objects:   2% (19/940)   [Kremote: Compressing objects:   3% (29/940)   [Kremote: Compressing objects:   4% (38/940)   [Kremote: Compressing objects:   5% (47/940)   [Kremote: Compressing objects:   6% (57/940)   [Kremote: Compressing objects:   7% (66/940)   [Kremote: Compressing objects:   8% (76/940)   [Kremote: Compressing objects:   9% (85/940)   [Kremote: Compressing objects:  10% (94/940)   [Kremote: Compressing objects:  11% (104/940)   [Kremote: Compressing objects:  12% (113/940)   [Kremote: Compressing objects:  13% (123/940)   [Kremote: Compressing objects:  14% (132/940)   [Kremote: Compressing objects:  15% (141/940)   [Kremote: Compressing objects:  16% (151/940)   [Kremote: Compressing objects:  17% (160/940)   [Kremote: Compressing objects:  18% (170/940)   [Kremote: Compressing objects:  19% (179/940)   [Kremote: Compressing objects:  20% (188/940)   [Kremote: Compressing objects:  21% (198/940)   [Kremote: Compressing objects:  22% (207/940)   [Kremote: Compressing objects:  23% (217/940)   [Kremote: Compressing objects:  24% (226/940)   [Kremote: Compressing objects:  25% (235/940)   [Kremote: Compressing objects:  26% (245/940)   [Kremote: Compressing objects:  27% (254/940)   [Kremote: Compressing objects:  28% (264/940)   [Kremote: Compressing objects:  29% (273/940)   [Kremote: Compressing objects:  30% (282/940)   [Kremote: Compressing objects:  31% (292/940)   [Kremote: Compressing objects:  32% (301/940)   [Kremote: Compressing objects:  33% (311/940)   [Kremote: Compressing objects:  34% (320/940)   [Kremote: Compressing objects:  35% (329/940)   [Kremote: Compressing objects:  36% (339/940)   [Kremote: Compressing objects:  37% (348/940)   [Kremote: Compressing objects:  38% (358/940)   [Kremote: Compressing objects:  39% (367/940)   [Kremote: Compressing objects:  40% (376/940)   [Kremote: Compressing objects:  41% (386/940)   [Kremote: Compressing objects:  42% (395/940)   [Kremote: Compressing objects:  43% (405/940)   [Kremote: Compressing objects:  44% (414/940)   [Kremote: Compressing objects:  45% (423/940)   [Kremote: Compressing objects:  46% (433/940)   [Kremote: Compressing objects:  47% (442/940)   [Kremote: Compressing objects:  48% (452/940)   [Kremote: Compressing objects:  49% (461/940)   [Kremote: Compressing objects:  50% (470/940)   [Kremote: Compressing objects:  51% (480/940)   [Kremote: Compressing objects:  52% (489/940)   [Kremote: Compressing objects:  53% (499/940)   [Kremote: Compressing objects:  54% (508/940)   [Kremote: Compressing objects:  55% (517/940)   [Kremote: Compressing objects:  56% (527/940)   [Kremote: Compressing objects:  57% (536/940)   [Kremote: Compressing objects:  58% (546/940)   [Kremote: Compressing objects:  59% (555/940)   [Kremote: Compressing objects:  60% (564/940)   [Kremote: Compressing objects:  61% (574/940)   [Kremote: Compressing objects:  62% (583/940)   [Kremote: Compressing objects:  63% (593/940)   [Kremote: Compressing objects:  64% (602/940)   [Kremote: Compressing objects:  65% (611/940)   [Kremote: Compressing objects:  66% (621/940)   [Kremote: Compressing objects:  67% (630/940)   [Kremote: Compressing objects:  68% (640/940)   [Kremote: Compressing objects:  69% (649/940)   [Kremote: Compressing objects:  70% (658/940)   [Kremote: Compressing objects:  71% (668/940)   [Kremote: Compressing objects:  72% (677/940)   [Kremote: Compressing objects:  73% (687/940)   [Kremote: Compressing objects:  74% (696/940)   [Kremote: Compressing objects:  75% (705/940)   [Kremote: Compressing objects:  76% (715/940)   [Kremote: Compressing objects:  77% (724/940)   [Kremote: Compressing objects:  78% (734/940)   [Kremote: Compressing objects:  79% (743/940)   [Kremote: Compressing objects:  80% (752/940)   [Kremote: Compressing objects:  81% (762/940)   [Kremote: Compressing objects:  82% (771/940)   [Kremote: Compressing objects:  83% (781/940)   [Kremote: Compressing objects:  84% (790/940)   [Kremote: Compressing objects:  85% (799/940)   [Kremote: Compressing objects:  86% (809/940)   [Kremote: Compressing objects:  87% (818/940)   [Kremote: Compressing objects:  88% (828/940)   [Kremote: Compressing objects:  89% (837/940)   [Kremote: Compressing objects:  90% (846/940)   [Kremote: Compressing objects:  91% (856/940)   [Kremote: Compressing objects:  92% (865/940)   [Kremote: Compressing objects:  93% (875/940)   [Kremote: Compressing objects:  94% (884/940)   [Kremote: Compressing objects:  95% (893/940)   [Kremote: Compressing objects:  96% (903/940)   [Kremote: Compressing objects:  97% (912/940)   [Kremote: Compressing objects:  98% (922/940)   [Kremote: Compressing objects:  99% (931/940)   [Kremote: Compressing objects: 100% (940/940)   [Kremote: Compressing objects: 100% (940/940), done.[K
Receiving objects:   0% (1/1943)   Receiving objects:   1% (20/1943)   Receiving objects:   2% (39/1943)   Receiving objects:   3% (59/1943)   Receiving objects:   4% (78/1943)   Receiving objects:   5% (98/1943)   Receiving objects:   6% (117/1943)   Receiving objects:   7% (137/1943)   Receiving objects:   8% (156/1943)   Receiving objects:   9% (175/1943)   Receiving objects:  10% (195/1943)   Receiving objects:  11% (214/1943)   Receiving objects:  12% (234/1943)   Receiving objects:  13% (253/1943)   Receiving objects:  14% (273/1943)   Receiving objects:  15% (292/1943)   Receiving objects:  16% (311/1943)   Receiving objects:  17% (331/1943)   Receiving objects:  18% (350/1943)   Receiving objects:  19% (370/1943)   Receiving objects:  20% (389/1943)   Receiving objects:  21% (409/1943)   Receiving objects:  22% (428/1943)   Receiving objects:  23% (447/1943)   Receiving objects:  24% (467/1943)   Receiving objects:  25% (486/1943)   Receiving objects:  26% (506/1943)   Receiving objects:  27% (525/1943)   Receiving objects:  28% (545/1943)   Receiving objects:  29% (564/1943)   Receiving objects:  30% (583/1943)   Receiving objects:  31% (603/1943)   Receiving objects:  32% (622/1943)   Receiving objects:  33% (642/1943)   Receiving objects:  34% (661/1943)   Receiving objects:  35% (681/1943)   Receiving objects:  36% (700/1943)   Receiving objects:  37% (719/1943)   Receiving objects:  38% (739/1943)   Receiving objects:  39% (758/1943)   Receiving objects:  40% (778/1943)   Receiving objects:  41% (797/1943)   Receiving objects:  42% (817/1943)   Receiving objects:  43% (836/1943)   Receiving objects:  44% (855/1943)   Receiving objects:  45% (875/1943)   Receiving objects:  46% (894/1943)   Receiving objects:  47% (914/1943)   Receiving objects:  48% (933/1943)   Receiving objects:  49% (953/1943)   Receiving objects:  50% (972/1943)   Receiving objects:  51% (991/1943)   Receiving objects:  52% (1011/1943)   Receiving objects:  53% (1030/1943)   Receiving objects:  54% (1050/1943)   Receiving objects:  55% (1069/1943)   Receiving objects:  56% (1089/1943)   Receiving objects:  57% (1108/1943)   Receiving objects:  58% (1127/1943)   Receiving objects:  59% (1147/1943)   Receiving objects:  60% (1166/1943)   Receiving objects:  61% (1186/1943)   Receiving objects:  62% (1205/1943)   Receiving objects:  63% (1225/1943)   Receiving objects:  64% (1244/1943)   Receiving objects:  65% (1263/1943)   Receiving objects:  66% (1283/1943)   Receiving objects:  67% (1302/1943)   Receiving objects:  68% (1322/1943)   Receiving objects:  69% (1341/1943)   Receiving objects:  70% (1361/1943)   Receiving objects:  71% (1380/1943)   Receiving objects:  72% (1399/1943)   Receiving objects:  73% (1419/1943)   Receiving objects:  74% (1438/1943)   Receiving objects:  75% (1458/1943)   Receiving objects:  76% (1477/1943)   Receiving objects:  77% (1497/1943)   Receiving objects:  78% (1516/1943)   Receiving objects:  79% (1535/1943)   Receiving objects:  80% (1555/1943)   Receiving objects:  81% (1574/1943)   Receiving objects:  82% (1594/1943)   Receiving objects:  83% (1613/1943)   Receiving objects:  84% (1633/1943)   Receiving objects:  85% (1652/1943)   Receiving objects:  86% (1671/1943)   Receiving objects:  87% (1691/1943)   Receiving objects:  88% (1710/1943)   Receiving objects:  89% (1730/1943)   Receiving objects:  90% (1749/1943)   Receiving objects:  91% (1769/1943)   Receiving objects:  92% (1788/1943)   Receiving objects:  93% (1807/1943)   Receiving objects:  94% (1827/1943)   Receiving objects:  95% (1846/1943)   Receiving objects:  96% (1866/1943)   Receiving objects:  97% (1885/1943)   Receiving objects:  98% (1905/1943)   Receiving objects:  99% (1924/1943)   remote: Total 1943 (delta 886), reused 1622 (delta 626)[K
Receiving objects: 100% (1943/1943)   Receiving objects: 100% (1943/1943), 1.52 MiB | 0 bytes/s, done.
Resolving deltas:   0% (0/886)   Resolving deltas:   1% (9/886)   Resolving deltas:  11% (106/886)   Resolving deltas:  12% (108/886)   Resolving deltas:  14% (128/886)   Resolving deltas:  15% (133/886)   Resolving deltas:  16% (143/886)   Resolving deltas:  17% (152/886)   Resolving deltas:  18% (168/886)   Resolving deltas:  19% (169/886)   Resolving deltas:  20% (180/886)   Resolving deltas:  21% (187/886)   Resolving deltas:  23% (209/886)   Resolving deltas:  24% (214/886)   Resolving deltas:  26% (231/886)   Resolving deltas:  30% (270/886)   Resolving deltas:  32% (285/886)   Resolving deltas:  34% (307/886)   Resolving deltas:  44% (392/886)   Resolving deltas:  45% (402/886)   Resolving deltas:  47% (425/886)   Resolving deltas:  48% (434/886)   Resolving deltas:  49% (442/886)   Resolving deltas:  50% (447/886)   Resolving deltas:  53% (471/886)   Resolving deltas:  59% (530/886)   Resolving deltas:  60% (536/886)   Resolving deltas:  73% (654/886)   Resolving deltas:  75% (666/886)   Resolving deltas:  79% (707/886)   Resolving deltas:  80% (710/886)   Resolving deltas:  81% (722/886)   Resolving deltas:  82% (727/886)   Resolving deltas:  83% (737/886)   Resolving deltas:  84% (745/886)   Resolving deltas:  85% (754/886)   Resolving deltas:  86% (765/886)   Resolving deltas:  87% (775/886)   Resolving deltas:  88% (780/886)   Resolving deltas:  89% (789/886)   Resolving deltas:  90% (798/886)   Resolving deltas:  91% (807/886)   Resolving deltas:  92% (816/886)   Resolving deltas:  93% (831/886)   Resolving deltas:  94% (835/886)   Resolving deltas:  95% (844/886)   Resolving deltas:  96% (853/886)   Resolving deltas:  97% (864/886)   Resolving deltas:  98% (873/886)   Resolving deltas:  99% (879/886)   Resolving deltas: 100% (886/886)   Resolving deltas: 100% (886/886), done.
Checking connectivity... done.
travis_time:end:0c771456:start=1423077665745256004,finish=1423077666115622284,duration=370366280[0K$ cd gwtbootstrap3/gwtbootstrap3
travis_time:start:00c197f6[0K$ git fetch origin +refs/pull/302/merge:
remote: Counting objects: 13, done.[K
remote: Compressing objects:  10% (1/10)   [Kremote: Compressing objects:  20% (2/10)   [Kremote: Compressing objects:  30% (3/10)   [Kremote: Compressing objects:  40% (4/10)   [Kremote: Compressing objects:  50% (5/10)   [Kremote: Compressing objects:  60% (6/10)   [Kremote: Compressing objects:  70% (7/10)   [Kremote: Compressing objects:  80% (8/10)   [Kremote: Compressing objects:  90% (9/10)   [Kremote: Compressing objects: 100% (10/10)   [Kremote: Compressing objects: 100% (10/10), done.[K
remote: Total 13 (delta 5), reused 7 (delta 0)[K
Unpacking objects:   7% (1/13)   Unpacking objects:  15% (2/13)   Unpacking objects:  23% (3/13)   Unpacking objects:  30% (4/13)   Unpacking objects:  38% (5/13)   Unpacking objects:  46% (6/13)   Unpacking objects:  53% (7/13)   Unpacking objects:  61% (8/13)   Unpacking objects:  69% (9/13)   Unpacking objects:  76% (10/13)   Unpacking objects:  84% (11/13)   Unpacking objects:  92% (12/13)   Unpacking objects: 100% (13/13)   Unpacking objects: 100% (13/13), done.
From git://github.com/gwtbootstrap3/gwtbootstrap3
 * branch            refs/pull/302/merge -> FETCH_HEAD
travis_time:end:00c197f6:start=1423077666119463681,finish=1423077666204309788,duration=84846107[0K$ git checkout -qf FETCH_HEAD
travis_fold:end:git.checkout[0K
[33;1mThis job is running on container-based infrastructure, which does not allow use of 'sudo', setuid and setguid executables.[0m
[33;1mSee http://docs.travis-ci.com/user/workers/container-based-infrastructure/ for details.[0m
travis_fold:start:cache.1[0KSetting up build cache
$ export CASHER_DIR=$HOME/.casher
travis_time:start:2b49dca8[0K$ Installing caching utilities
travis_time:end:2b49dca8:start=1423077669473835387,finish=1423077669524795121,duration=50959734[0Ktravis_time:start:15bf9fcc[0Kattempting to download cache archive
found cache
travis_time:end:15bf9fcc:start=1423077669529326613,finish=1423077675350271465,duration=5820944852[0Ktravis_time:start:0407640c[0Kadding /home/travis/.m2 to cache
travis_time:end:0407640c:start=1423077675354054876,finish=1423077685433591106,duration=10079536230[0Ktravis_fold:end:cache.1[0K$ jdk_switcher use oraclejdk7
Switching to Oracle JDK7 (java-7-oracle), JAVA_HOME will be set to /usr/lib/jvm/java-7-oracle
$ java -version
java version "1.7.0_72"
Java(TM) SE Runtime Environment (build 1.7.0_72-b14)
Java HotSpot(TM) 64-Bit Server VM (build 24.72-b04, mixed mode)
$ javac -version
javac 1.7.0_72
travis_fold:start:install[0Ktravis_time:start:079bc5be[0K$ mvn install -DskipTests=true -DdryRun=true
[INFO] Scanning for projects...
[INFO] Inspecting build with total of 2 modules...
[INFO] Installing Nexus Staging features:
[INFO]   ... total of 2 executions of maven-deploy-plugin replaced with nexus-staging-maven-plugin
[INFO] ------------------------------------------------------------------------
[INFO] Reactor Build Order:
[INFO] 
[INFO] GwtBootstrap3 Parent
[INFO] GwtBootstrap3
[INFO]                                                                         
[INFO] ------------------------------------------------------------------------
[INFO] Building GwtBootstrap3 Parent 0.9-SNAPSHOT
[INFO] ------------------------------------------------------------------------
[INFO] 
[INFO] --- license-maven-plugin:1.7:update-file-header (license) @ gwtbootstrap3-parent ---
[WARNING] No file to scan.
[INFO] 
[INFO] 
[INFO] --- maven-checkstyle-plugin:2.13:check (default) @ gwtbootstrap3-parent ---
[INFO] 
[INFO] 
[INFO] --- maven-install-plugin:2.4:install (default-install) @ gwtbootstrap3-parent ---
[INFO] Installing /home/travis/build/gwtbootstrap3/gwtbootstrap3/pom.xml to /home/travis/.m2/repository/org/gwtbootstrap3/gwtbootstrap3-parent/0.9-SNAPSHOT/gwtbootstrap3-parent-0.9-SNAPSHOT.pom
[INFO]                                                                         
[INFO] ------------------------------------------------------------------------
[INFO] Building GwtBootstrap3 0.9-SNAPSHOT
[INFO] ------------------------------------------------------------------------
[INFO] 
[INFO] --- license-maven-plugin:1.7:update-file-header (license) @ gwtbootstrap3 ---
[INFO] Will search files to update from root /home/travis/build/gwtbootstrap3/gwtbootstrap3/gwtbootstrap3/src
[INFO] Scan 326 files header done in 744.931ms.
[INFO] All files are up-to-date.
[INFO] 
[INFO] --- maven-resources-plugin:2.6:resources (default-resources) @ gwtbootstrap3 ---
[INFO] Using 'UTF-8' encoding to copy filtered resources.
[INFO] Copying 24 resources
[INFO] 
[INFO] --- gwt-maven-plugin:2.7.0:resources (default) @ gwtbootstrap3 ---
[INFO] auto discovered modules [org.gwtbootstrap3.GwtBootstrap3Theme, org.gwtbootstrap3.GwtBootstrap3, org.gwtbootstrap3.GwtBootstrap3CDN, org.gwtbootstrap3.GwtBootstrap3Base, org.gwtbootstrap3.client.Resources, org.gwtbootstrap3.GwtBootstrap3NoTheme, org.gwtbootstrap3.client.NoThemeResources]
[INFO] 313 source files from GWT module org.gwtbootstrap3.GwtBootstrap3Theme
[INFO] 313 source files from GWT module org.gwtbootstrap3.GwtBootstrap3
[INFO] 313 source files from GWT module org.gwtbootstrap3.GwtBootstrap3CDN
[INFO] 313 source files from GWT module org.gwtbootstrap3.GwtBootstrap3Base
[INFO] 1 source files from GWT module org.gwtbootstrap3.client.Resources
[INFO] 313 source files from GWT module org.gwtbootstrap3.GwtBootstrap3NoTheme
[INFO] 1 source files from GWT module org.gwtbootstrap3.client.NoThemeResources
[INFO] 
[INFO] --- maven-compiler-plugin:3.1:compile (default-compile) @ gwtbootstrap3 ---
[INFO] Changes detected - recompiling the module!
[INFO] Compiling 312 source files to /home/travis/build/gwtbootstrap3/gwtbootstrap3/gwtbootstrap3/target/classes
[WARNING] bootstrap class path not set in conjunction with -source 1.6
[INFO] 
[INFO] --- maven-resources-plugin:2.6:testResources (default-testResources) @ gwtbootstrap3 ---
[INFO] Using 'UTF-8' encoding to copy filtered resources.
[INFO] skip non existing resourceDirectory /home/travis/build/gwtbootstrap3/gwtbootstrap3/gwtbootstrap3/src/test/resources
[INFO] 
[INFO] --- maven-compiler-plugin:3.1:testCompile (default-testCompile) @ gwtbootstrap3 ---
[INFO] Changes detected - recompiling the module!
[INFO] Compiling 7 source files to /home/travis/build/gwtbootstrap3/gwtbootstrap3/gwtbootstrap3/target/test-classes
[WARNING] bootstrap class path not set in conjunction with -source 1.6
[INFO] 
[INFO] --- maven-surefire-plugin:2.12.4:test (default-test) @ gwtbootstrap3 ---
[INFO] Tests are skipped.
[INFO] 
[INFO] --- gwt-maven-plugin:2.7.0:compile (default) @ gwtbootstrap3 ---
[INFO] auto discovered modules [org.gwtbootstrap3.GwtBootstrap3Theme, org.gwtbootstrap3.GwtBootstrap3, org.gwtbootstrap3.GwtBootstrap3CDN, org.gwtbootstrap3.GwtBootstrap3Base, org.gwtbootstrap3.client.Resources, org.gwtbootstrap3.GwtBootstrap3NoTheme, org.gwtbootstrap3.client.NoThemeResources]
[INFO] org.gwtbootstrap3.GwtBootstrap3CDN has no EntryPoint - compilation skipped
[INFO] org.gwtbootstrap3.GwtBootstrap3Base has no EntryPoint - compilation skipped
[INFO] org.gwtbootstrap3.client.Resources has no EntryPoint - compilation skipped
[INFO] org.gwtbootstrap3.client.NoThemeResources has no EntryPoint - compilation skipped
[ERROR] Feb 04, 2015 7:21:37 PM java.util.prefs.FileSystemPreferences$1 run
[ERROR] INFO: Created user preferences directory.
[INFO] 
[INFO] --- maven-jar-plugin:2.4:jar (default-jar) @ gwtbootstrap3 ---
[INFO] Building jar: /home/travis/build/gwtbootstrap3/gwtbootstrap3/gwtbootstrap3/target/gwtbootstrap3-0.9-SNAPSHOT.jar
[INFO] 
[INFO] --- gwt-maven-plugin:2.7.0:test (default) @ gwtbootstrap3 ---
[INFO] 
[INFO] --- maven-checkstyle-plugin:2.13:check (default) @ gwtbootstrap3 ---
[INFO] 
[INFO] 
[INFO] --- maven-install-plugin:2.4:install (default-install) @ gwtbootstrap3 ---
[INFO] Installing /home/travis/build/gwtbootstrap3/gwtbootstrap3/gwtbootstrap3/target/gwtbootstrap3-0.9-SNAPSHOT.jar to /home/travis/.m2/repository/org/gwtbootstrap3/gwtbootstrap3/0.9-SNAPSHOT/gwtbootstrap3-0.9-SNAPSHOT.jar
[INFO] Installing /home/travis/build/gwtbootstrap3/gwtbootstrap3/gwtbootstrap3/pom.xml to /home/travis/.m2/repository/org/gwtbootstrap3/gwtbootstrap3/0.9-SNAPSHOT/gwtbootstrap3-0.9-SNAPSHOT.pom
[INFO] ------------------------------------------------------------------------
[INFO] Reactor Summary:
[INFO] 
[INFO] GwtBootstrap3 Parent ............................... SUCCESS [  2.751 s]
[INFO] GwtBootstrap3 ...................................... SUCCESS [ 34.342 s]
[INFO] ------------------------------------------------------------------------
[INFO] BUILD SUCCESS
[INFO] ------------------------------------------------------------------------
[INFO] Total time: 38.395 s
[INFO] Finished at: 2015-02-04T19:22:05+00:00
[INFO] Final Memory: 27M/450M
[INFO] ------------------------------------------------------------------------
travis_time:end:079bc5be:start=1423077685869648999,finish=1423077726118919987,duration=40249270988[0Ktravis_fold:end:install[0Ktravis_time:start:01b1ff84[0K$ mvn clean install -DdryRun=true -Dlicense.failOnMissingHeader=true -Dlicense.failOnNotUptodateHeader=true
[INFO] Scanning for projects...
[INFO] Inspecting build with total of 2 modules...
[INFO] Installing Nexus Staging features:
[INFO]   ... total of 2 executions of maven-deploy-plugin replaced with nexus-staging-maven-plugin
[INFO] ------------------------------------------------------------------------
[INFO] Reactor Build Order:
[INFO] 
[INFO] GwtBootstrap3 Parent
[INFO] GwtBootstrap3
[INFO]                                                                         
[INFO] ------------------------------------------------------------------------
[INFO] Building GwtBootstrap3 Parent 0.9-SNAPSHOT
[INFO] ------------------------------------------------------------------------
[INFO] 
[INFO] --- maven-clean-plugin:2.5:clean (default-clean) @ gwtbootstrap3-parent ---
[INFO] Deleting /home/travis/build/gwtbootstrap3/gwtbootstrap3/target
[INFO] 
[INFO] --- license-maven-plugin:1.7:update-file-header (license) @ gwtbootstrap3-parent ---
[WARNING] No file to scan.
[INFO] 
[INFO] 
[INFO] --- maven-checkstyle-plugin:2.13:check (default) @ gwtbootstrap3-parent ---
[INFO] 
[INFO] 
[INFO] --- maven-install-plugin:2.4:install (default-install) @ gwtbootstrap3-parent ---
[INFO] Installing /home/travis/build/gwtbootstrap3/gwtbootstrap3/pom.xml to /home/travis/.m2/repository/org/gwtbootstrap3/gwtbootstrap3-parent/0.9-SNAPSHOT/gwtbootstrap3-parent-0.9-SNAPSHOT.pom
[INFO]                                                                         
[INFO] ------------------------------------------------------------------------
[INFO] Building GwtBootstrap3 0.9-SNAPSHOT
[INFO] ------------------------------------------------------------------------
[INFO] 
[INFO] --- maven-clean-plugin:2.5:clean (default-clean) @ gwtbootstrap3 ---
[INFO] Deleting /home/travis/build/gwtbootstrap3/gwtbootstrap3/gwtbootstrap3/target
[INFO] 
[INFO] --- license-maven-plugin:1.7:update-file-header (license) @ gwtbootstrap3 ---
[INFO] Will search files to update from root /home/travis/build/gwtbootstrap3/gwtbootstrap3/gwtbootstrap3/src
[INFO] Scan 326 files header done in 797.301ms.
[INFO] All files are up-to-date.
[INFO] 
[INFO] --- maven-resources-plugin:2.6:resources (default-resources) @ gwtbootstrap3 ---
[INFO] Using 'UTF-8' encoding to copy filtered resources.
[INFO] Copying 24 resources
[INFO] 
[INFO] --- gwt-maven-plugin:2.7.0:resources (default) @ gwtbootstrap3 ---
[INFO] auto discovered modules [org.gwtbootstrap3.GwtBootstrap3Theme, org.gwtbootstrap3.GwtBootstrap3, org.gwtbootstrap3.GwtBootstrap3CDN, org.gwtbootstrap3.GwtBootstrap3Base, org.gwtbootstrap3.client.Resources, org.gwtbootstrap3.GwtBootstrap3NoTheme, org.gwtbootstrap3.client.NoThemeResources]
[INFO] 313 source files from GWT module org.gwtbootstrap3.GwtBootstrap3Theme
[INFO] 313 source files from GWT module org.gwtbootstrap3.GwtBootstrap3
[INFO] 313 source files from GWT module org.gwtbootstrap3.GwtBootstrap3CDN
[INFO] 313 source files from GWT module org.gwtbootstrap3.GwtBootstrap3Base
[INFO] 1 source files from GWT module org.gwtbootstrap3.client.Resources
[INFO] 313 source files from GWT module org.gwtbootstrap3.GwtBootstrap3NoTheme
[INFO] 1 source files from GWT module org.gwtbootstrap3.client.NoThemeResources
[INFO] 
[INFO] --- maven-compiler-plugin:3.1:compile (default-compile) @ gwtbootstrap3 ---
[INFO] Changes detected - recompiling the module!
[INFO] Compiling 312 source files to /home/travis/build/gwtbootstrap3/gwtbootstrap3/gwtbootstrap3/target/classes
[WARNING] bootstrap class path not set in conjunction with -source 1.6
[INFO] 
[INFO] --- maven-resources-plugin:2.6:testResources (default-testResources) @ gwtbootstrap3 ---
[INFO] Using 'UTF-8' encoding to copy filtered resources.
[INFO] skip non existing resourceDirectory /home/travis/build/gwtbootstrap3/gwtbootstrap3/gwtbootstrap3/src/test/resources
[INFO] 
[INFO] --- maven-compiler-plugin:3.1:testCompile (default-testCompile) @ gwtbootstrap3 ---
[INFO] Changes detected - recompiling the module!
[INFO] Compiling 7 source files to /home/travis/build/gwtbootstrap3/gwtbootstrap3/gwtbootstrap3/target/test-classes
[WARNING] bootstrap class path not set in conjunction with -source 1.6
[INFO] 
[INFO] --- maven-surefire-plugin:2.12.4:test (default-test) @ gwtbootstrap3 ---
[INFO] Surefire report directory: /home/travis/build/gwtbootstrap3/gwtbootstrap3/gwtbootstrap3/target/surefire-reports

-------------------------------------------------------
 T E S T S
-------------------------------------------------------
Running org.gwtbootstrap3.client.ui.base.helper.StyleHelperTest
Tests run: 1, Failures: 0, Errors: 0, Skipped: 0, Time elapsed: 0.056 sec
Running org.gwtbootstrap3.client.ui.base.helper.EnumHelperTest
Tests run: 1, Failures: 0, Errors: 0, Skipped: 0, Time elapsed: 0 sec

Results :

Tests run: 2, Failures: 0, Errors: 0, Skipped: 0

[INFO] 
[INFO] --- gwt-maven-plugin:2.7.0:compile (default) @ gwtbootstrap3 ---
[INFO] auto discovered modules [org.gwtbootstrap3.GwtBootstrap3Theme, org.gwtbootstrap3.GwtBootstrap3, org.gwtbootstrap3.GwtBootstrap3CDN, org.gwtbootstrap3.GwtBootstrap3Base, org.gwtbootstrap3.client.Resources, org.gwtbootstrap3.GwtBootstrap3NoTheme, org.gwtbootstrap3.client.NoThemeResources]
[INFO] org.gwtbootstrap3.GwtBootstrap3CDN has no EntryPoint - compilation skipped
[INFO] org.gwtbootstrap3.GwtBootstrap3Base has no EntryPoint - compilation skipped
[INFO] org.gwtbootstrap3.client.Resources has no EntryPoint - compilation skipped
[INFO] org.gwtbootstrap3.client.NoThemeResources has no EntryPoint - compilation skipped
[INFO] 
[INFO] --- maven-jar-plugin:2.4:jar (default-jar) @ gwtbootstrap3 ---
[INFO] Building jar: /home/travis/build/gwtbootstrap3/gwtbootstrap3/gwtbootstrap3/target/gwtbootstrap3-0.9-SNAPSHOT.jar
[INFO] 
[INFO] --- gwt-maven-plugin:2.7.0:test (default) @ gwtbootstrap3 ---
[INFO] 
[INFO] -------------------------------------------------------
[INFO]  T E S T S
[INFO] -------------------------------------------------------
[INFO] Running gwtbootstrap3 suite
[INFO] Ignored 3 units with compilation errors in first pass.
[INFO] Compile with -strict or with -logLevel set to TRACE or DEBUG to see all errors.
[INFO] Starting http://172.17.14.128:50599/org.gwtbootstrap3.GwtBootstrap3.JUnit/junit.html?gwt.codesvr=172.17.14.128:35262 on browser FF17
[INFO] 200 - GET /org.gwtbootstrap3.GwtBootstrap3.JUnit/junit.html?gwt.codesvr=172.17.14.128:35262 (172.17.14.128) 2064 bytes
[INFO] 200 - GET /org.gwtbootstrap3.GwtBootstrap3.JUnit/org.gwtbootstrap3.GwtBootstrap3.JUnit.nocache.js (172.17.14.128) 8630 bytes
[INFO] 200 - GET /org.gwtbootstrap3.GwtBootstrap3.JUnit/org.gwtbootstrap3.GwtBootstrap3.JUnit.devmode.js (172.17.14.128) 15036 bytes
[INFO] 200 - GET /org.gwtbootstrap3.GwtBootstrap3.JUnit/css/font-awesome-4.3.0.min.cache.css (172.17.14.128) 23739 bytes
[ERROR] Feb 04, 2015 7:22:56 PM com.gargoylesoftware.htmlunit.DefaultCssErrorHandler error
[ERROR] WARNING: CSS error: 'http://172.17.14.128:50599/org.gwtbootstrap3.GwtBootstrap3.JUnit/css/font-awesome-4.3.0.min.cache.css' [4:1810] Error in style rule. (Invalid token ":". Was expecting one of: <EOF>, <S>, <NUMBER>, "inherit", <IDENT>, <STRING>, <PLUS>, <COMMA>, <HASH>, <IMPORTANT_SYM>, <EMS>, <EXS>, <LENGTH_PX>, <LENGTH_CM>, <LENGTH_MM>, <LENGTH_IN>, <LENGTH_PT>, <LENGTH_PC>, <ANGLE_DEG>, <ANGLE_RAD>, <ANGLE_GRAD>, <TIME_MS>, <TIME_S>, <FREQ_HZ>, <FREQ_KHZ>, <PERCENTAGE>, <DIMENSION>, <URI>, <FUNCTION>, "}", ";", "/", "-".)
[ERROR] Feb 04, 2015 7:22:56 PM com.gargoylesoftware.htmlunit.DefaultCssErrorHandler warning
[ERROR] WARNING: CSS warning: 'http://172.17.14.128:50599/org.gwtbootstrap3.GwtBootstrap3.JUnit/css/font-awesome-4.3.0.min.cache.css' [4:1810] Ignoring the following declarations in this rule.
[ERROR] Feb 04, 2015 7:22:56 PM com.gargoylesoftware.htmlunit.DefaultCssErrorHandler error
[ERROR] WARNING: CSS error: 'http://172.17.14.128:50599/org.gwtbootstrap3.GwtBootstrap3.JUnit/css/font-awesome-4.3.0.min.cache.css' [4:1973] Error in style rule. (Invalid token ":". Was expecting one of: <EOF>, <S>, <NUMBER>, "inherit", <IDENT>, <STRING>, <PLUS>, <COMMA>, <HASH>, <IMPORTANT_SYM>, <EMS>, <EXS>, <LENGTH_PX>, <LENGTH_CM>, <LENGTH_MM>, <LENGTH_IN>, <LENGTH_PT>, <LENGTH_PC>, <ANGLE_DEG>, <ANGLE_RAD>, <ANGLE_GRAD>, <TIME_MS>, <TIME_S>, <FREQ_HZ>, <FREQ_KHZ>, <PERCENTAGE>, <DIMENSION>, <URI>, <FUNCTION>, "}", ";", "/", "-".)
[ERROR] Feb 04, 2015 7:22:56 PM com.gargoylesoftware.htmlunit.DefaultCssErrorHandler warning
[ERROR] WARNING: CSS warning: 'http://172.17.14.128:50599/org.gwtbootstrap3.GwtBootstrap3.JUnit/css/font-awesome-4.3.0.min.cache.css' [4:1973] Ignoring the following declarations in this rule.
[ERROR] Feb 04, 2015 7:22:56 PM com.gargoylesoftware.htmlunit.DefaultCssErrorHandler error
[ERROR] WARNING: CSS error: 'http://172.17.14.128:50599/org.gwtbootstrap3.GwtBootstrap3.JUnit/css/font-awesome-4.3.0.min.cache.css' [4:2139] Error in style rule. (Invalid token ":". Was expecting one of: <EOF>, <S>, <NUMBER>, "inherit", <IDENT>, <STRING>, <PLUS>, <COMMA>, <HASH>, <IMPORTANT_SYM>, <EMS>, <EXS>, <LENGTH_PX>, <LENGTH_CM>, <LENGTH_MM>, <LENGTH_IN>, <LENGTH_PT>, <LENGTH_PC>, <ANGLE_DEG>, <ANGLE_RAD>, <ANGLE_GRAD>, <TIME_MS>, <TIME_S>, <FREQ_HZ>, <FREQ_KHZ>, <PERCENTAGE>, <DIMENSION>, <URI>, <FUNCTION>, "}", ";", "/", "-".)
[ERROR] Feb 04, 2015 7:22:56 PM com.gargoylesoftware.htmlunit.DefaultCssErrorHandler warning
[ERROR] WARNING: CSS warning: 'http://172.17.14.128:50599/org.gwtbootstrap3.GwtBootstrap3.JUnit/css/font-awesome-4.3.0.min.cache.css' [4:2139] Ignoring the following declarations in this rule.
[ERROR] Feb 04, 2015 7:22:56 PM com.gargoylesoftware.htmlunit.DefaultCssErrorHandler error
[ERROR] WARNING: CSS error: 'http://172.17.14.128:50599/org.gwtbootstrap3.GwtBootstrap3.JUnit/css/font-awesome-4.3.0.min.cache.css' [4:2310] Error in style rule. (Invalid token ":". Was expecting one of: <EOF>, <S>, <NUMBER>, "inherit", <IDENT>, <STRING>, <PLUS>, <COMMA>, <HASH>, <IMPORTANT_SYM>, <EMS>, <EXS>, <LENGTH_PX>, <LENGTH_CM>, <LENGTH_MM>, <LENGTH_IN>, <LENGTH_PT>, <LENGTH_PC>, <ANGLE_DEG>, <ANGLE_RAD>, <ANGLE_GRAD>, <TIME_MS>, <TIME_S>, <FREQ_HZ>, <FREQ_KHZ>, <PERCENTAGE>, <DIMENSION>, <URI>, <FUNCTION>, "}", ";", "/", "-".)
[ERROR] Feb 04, 2015 7:22:56 PM com.gargoylesoftware.htmlunit.DefaultCssErrorHandler warning
[ERROR] WARNING: CSS warning: 'http://172.17.14.128:50599/org.gwtbootstrap3.GwtBootstrap3.JUnit/css/font-awesome-4.3.0.min.cache.css' [4:2310] Ignoring the following declarations in this rule.
[ERROR] Feb 04, 2015 7:22:56 PM com.gargoylesoftware.htmlunit.DefaultCssErrorHandler error
[ERROR] WARNING: CSS error: 'http://172.17.14.128:50599/org.gwtbootstrap3.GwtBootstrap3.JUnit/css/font-awesome-4.3.0.min.cache.css' [4:2483] Error in style rule. (Invalid token ":". Was expecting one of: <EOF>, <S>, <NUMBER>, "inherit", <IDENT>, <STRING>, <PLUS>, <COMMA>, <HASH>, <IMPORTANT_SYM>, <EMS>, <EXS>, <LENGTH_PX>, <LENGTH_CM>, <LENGTH_MM>, <LENGTH_IN>, <LENGTH_PT>, <LENGTH_PC>, <ANGLE_DEG>, <ANGLE_RAD>, <ANGLE_GRAD>, <TIME_MS>, <TIME_S>, <FREQ_HZ>, <FREQ_KHZ>, <PERCENTAGE>, <DIMENSION>, <URI>, <FUNCTION>, "}", ";", "/", "-".)
[ERROR] Feb 04, 2015 7:22:56 PM com.gargoylesoftware.htmlunit.DefaultCssErrorHandler warning
[ERROR] WARNING: CSS warning: 'http://172.17.14.128:50599/org.gwtbootstrap3.GwtBootstrap3.JUnit/css/font-awesome-4.3.0.min.cache.css' [4:2483] Ignoring the following declarations in this rule.
[INFO] 200 - GET /org.gwtbootstrap3.GwtBootstrap3.JUnit/css/bootstrap-3.3.2.min.cache.css (172.17.14.128) 117150 bytes
[ERROR] Feb 04, 2015 7:22:56 PM com.gargoylesoftware.htmlunit.DefaultCssErrorHandler error
[ERROR] WARNING: CSS error: 'http://172.17.14.128:50599/org.gwtbootstrap3.GwtBootstrap3.JUnit/css/bootstrap-3.3.2.min.cache.css' [5:17442] Error in media list. (Invalid token "(". Was expecting one of: <S>, <IDENT>.)
[ERROR] Feb 04, 2015 7:22:56 PM com.gargoylesoftware.htmlunit.DefaultCssErrorHandler error
[ERROR] WARNING: CSS error: 'http://172.17.14.128:50599/org.gwtbootstrap3.GwtBootstrap3.JUnit/css/bootstrap-3.3.2.min.cache.css' [5:19017] Error in media list. (Invalid token "(". Was expecting one of: <S>, <IDENT>.)
[ERROR] Feb 04, 2015 7:22:56 PM com.gargoylesoftware.htmlunit.DefaultCssErrorHandler error
[ERROR] WARNING: CSS error: 'http://172.17.14.128:50599/org.gwtbootstrap3.GwtBootstrap3.JUnit/css/bootstrap-3.3.2.min.cache.css' [5:21262] Error in media list. (Invalid token "(". Was expecting one of: <S>, <IDENT>.)
[ERROR] Feb 04, 2015 7:22:56 PM com.gargoylesoftware.htmlunit.DefaultCssErrorHandler error
[ERROR] WARNING: CSS error: 'http://172.17.14.128:50599/org.gwtbootstrap3.GwtBootstrap3.JUnit/css/bootstrap-3.3.2.min.cache.css' [5:21311] Error in media list. (Invalid token "(". Was expecting one of: <S>, <IDENT>.)
[ERROR] Feb 04, 2015 7:22:56 PM com.gargoylesoftware.htmlunit.DefaultCssErrorHandler error
[ERROR] WARNING: CSS error: 'http://172.17.14.128:50599/org.gwtbootstrap3.GwtBootstrap3.JUnit/css/bootstrap-3.3.2.min.cache.css' [5:21360] Error in media list. (Invalid token "(". Was expecting one of: <S>, <IDENT>.)
[ERROR] Feb 04, 2015 7:22:56 PM com.gargoylesoftware.htmlunit.DefaultCssErrorHandler error
[ERROR] WARNING: CSS error: 'http://172.17.14.128:50599/org.gwtbootstrap3.GwtBootstrap3.JUnit/css/bootstrap-3.3.2.min.cache.css' [5:23844] Error in media list. (Invalid token "(". Was expecting one of: <S>, <IDENT>.)
[ERROR] Feb 04, 2015 7:22:56 PM com.gargoylesoftware.htmlunit.DefaultCssErrorHandler error
[ERROR] WARNING: CSS error: 'http://172.17.14.128:50599/org.gwtbootstrap3.GwtBootstrap3.JUnit/css/bootstrap-3.3.2.min.cache.css' [5:25610] Error in media list. (Invalid token "(". Was expecting one of: <S>, <IDENT>.)
[ERROR] Feb 04, 2015 7:22:56 PM com.gargoylesoftware.htmlunit.DefaultCssErrorHandler error
[ERROR] WARNING: CSS error: 'http://172.17.14.128:50599/org.gwtbootstrap3.GwtBootstrap3.JUnit/css/bootstrap-3.3.2.min.cache.css' [5:27376] Error in media list. (Invalid token "(". Was expecting one of: <S>, <IDENT>.)
[ERROR] Feb 04, 2015 7:22:56 PM com.gargoylesoftware.htmlunit.DefaultCssErrorHandler error
[ERROR] WARNING: CSS error: 'http://172.17.14.128:50599/org.gwtbootstrap3.GwtBootstrap3.JUnit/css/bootstrap-3.3.2.min.cache.css' [5:33502] Error in @media rule. (Invalid token "and". Was expecting one of: <S>, <LBRACE>, <COMMA>.)
[ERROR] Feb 04, 2015 7:22:56 PM com.gargoylesoftware.htmlunit.DefaultCssErrorHandler warning
[ERROR] WARNING: CSS warning: 'http://172.17.14.128:50599/org.gwtbootstrap3.GwtBootstrap3.JUnit/css/bootstrap-3.3.2.min.cache.css' [5:33502] Ignoring the whole rule.
[ERROR] Feb 04, 2015 7:22:56 PM com.gargoylesoftware.htmlunit.DefaultCssErrorHandler error
[ERROR] WARNING: CSS error: 'http://172.17.14.128:50599/org.gwtbootstrap3.GwtBootstrap3.JUnit/css/bootstrap-3.3.2.min.cache.css' [5:36868] Error in @media rule. (Invalid token "and". Was expecting one of: <S>, <LBRACE>, <COMMA>.)
[ERROR] Feb 04, 2015 7:22:56 PM com.gargoylesoftware.htmlunit.DefaultCssErrorHandler warning
[ERROR] WARNING: CSS warning: 'http://172.17.14.128:50599/org.gwtbootstrap3.GwtBootstrap3.JUnit/css/bootstrap-3.3.2.min.cache.css' [5:36868] Ignoring the whole rule.
[ERROR] Feb 04, 2015 7:22:56 PM com.gargoylesoftware.htmlunit.DefaultCssErrorHandler error
[ERROR] WARNING: CSS error: 'http://172.17.14.128:50599/org.gwtbootstrap3.GwtBootstrap3.JUnit/css/bootstrap-3.3.2.min.cache.css' [5:42817] Error in media list. (Invalid token "(". Was expecting one of: <S>, <IDENT>.)
[ERROR] Feb 04, 2015 7:22:56 PM com.gargoylesoftware.htmlunit.DefaultCssErrorHandler error
[ERROR] WARNING: CSS error: 'http://172.17.14.128:50599/org.gwtbootstrap3.GwtBootstrap3.JUnit/css/bootstrap-3.3.2.min.cache.css' [5:44037] Error in media list. (Invalid token "(". Was expecting one of: <S>, <IDENT>.)
[ERROR] Feb 04, 2015 7:22:56 PM com.gargoylesoftware.htmlunit.DefaultCssErrorHandler error
[ERROR] WARNING: CSS error: 'http://172.17.14.128:50599/org.gwtbootstrap3.GwtBootstrap3.JUnit/css/bootstrap-3.3.2.min.cache.css' [5:44209] Error in media list. (Invalid token "(". Was expecting one of: <S>, <IDENT>.)
[ERROR] Feb 04, 2015 7:22:56 PM com.gargoylesoftware.htmlunit.DefaultCssErrorHandler error
[ERROR] WARNING: CSS error: 'http://172.17.14.128:50599/org.gwtbootstrap3.GwtBootstrap3.JUnit/css/bootstrap-3.3.2.min.cache.css' [5:44302] Error in media list. (Invalid token "(". Was expecting one of: <S>, <IDENT>.)
[ERROR] Feb 04, 2015 7:22:56 PM com.gargoylesoftware.htmlunit.DefaultCssErrorHandler error
[ERROR] WARNING: CSS error: 'http://172.17.14.128:50599/org.gwtbootstrap3.GwtBootstrap3.JUnit/css/bootstrap-3.3.2.min.cache.css' [5:54463] Error in style rule. (Invalid token ":". Was expecting one of: <EOF>, <S>, <NUMBER>, "inherit", <IDENT>, <STRING>, <PLUS>, <COMMA>, <HASH>, <IMPORTANT_SYM>, <EMS>, <EXS>, <LENGTH_PX>, <LENGTH_CM>, <LENGTH_MM>, <LENGTH_IN>, <LENGTH_PT>, <LENGTH_PC>, <ANGLE_DEG>, <ANGLE_RAD>, <ANGLE_GRAD>, <TIME_MS>, <TIME_S>, <FREQ_HZ>, <FREQ_KHZ>, <PERCENTAGE>, <DIMENSION>, <URI>, <FUNCTION>, "}", ";", "/", "-".)
[ERROR] Feb 04, 2015 7:22:56 PM com.gargoylesoftware.htmlunit.DefaultCssErrorHandler warning
[ERROR] WARNING: CSS warning: 'http://172.17.14.128:50599/org.gwtbootstrap3.GwtBootstrap3.JUnit/css/bootstrap-3.3.2.min.cache.css' [5:54463] Ignoring the following declarations in this rule.
[ERROR] Feb 04, 2015 7:22:56 PM com.gargoylesoftware.htmlunit.DefaultCssErrorHandler error
[ERROR] WARNING: CSS error: 'http://172.17.14.128:50599/org.gwtbootstrap3.GwtBootstrap3.JUnit/css/bootstrap-3.3.2.min.cache.css' [5:55098] Error in media list. (Invalid token "(". Was expecting one of: <S>, <IDENT>.)
[ERROR] Feb 04, 2015 7:22:56 PM com.gargoylesoftware.htmlunit.DefaultCssErrorHandler error
[ERROR] WARNING: CSS error: 'http://172.17.14.128:50599/org.gwtbootstrap3.GwtBootstrap3.JUnit/css/bootstrap-3.3.2.min.cache.css' [5:63732] Error in media list. (Invalid token "(". Was expecting one of: <S>, <IDENT>.)
[ERROR] Feb 04, 2015 7:22:56 PM com.gargoylesoftware.htmlunit.DefaultCssErrorHandler error
[ERROR] WARNING: CSS error: 'http://172.17.14.128:50599/org.gwtbootstrap3.GwtBootstrap3.JUnit/css/bootstrap-3.3.2.min.cache.css' [5:64056] Error in media list. (Invalid token "(". Was expecting one of: <S>, <IDENT>.)
[ERROR] Feb 04, 2015 7:22:56 PM com.gargoylesoftware.htmlunit.DefaultCssErrorHandler error
[ERROR] WARNING: CSS error: 'http://172.17.14.128:50599/org.gwtbootstrap3.GwtBootstrap3.JUnit/css/bootstrap-3.3.2.min.cache.css' [5:64759] Error in media list. (Invalid token "(". Was expecting one of: <S>, <IDENT>.)
[ERROR] Feb 04, 2015 7:22:56 PM com.gargoylesoftware.htmlunit.DefaultCssErrorHandler error
[ERROR] WARNING: CSS error: 'http://172.17.14.128:50599/org.gwtbootstrap3.GwtBootstrap3.JUnit/css/bootstrap-3.3.2.min.cache.css' [5:65085] Error in media list. (Invalid token "(". Was expecting one of: <S>, <IDENT>.)
[ERROR] Feb 04, 2015 7:22:56 PM com.gargoylesoftware.htmlunit.DefaultCssErrorHandler error
[ERROR] WARNING: CSS error: 'http://172.17.14.128:50599/org.gwtbootstrap3.GwtBootstrap3.JUnit/css/bootstrap-3.3.2.min.cache.css' [5:65608] Error in media list. (Invalid token "(". Was expecting one of: <S>, <IDENT>.)
[ERROR] Feb 04, 2015 7:22:56 PM com.gargoylesoftware.htmlunit.DefaultCssErrorHandler error
[ERROR] WARNING: CSS error: 'http://172.17.14.128:50599/org.gwtbootstrap3.GwtBootstrap3.JUnit/css/bootstrap-3.3.2.min.cache.css' [5:65660] Error in media list. (Invalid token "(". Was expecting one of: <S>, <IDENT>.)
[ERROR] Feb 04, 2015 7:22:56 PM com.gargoylesoftware.htmlunit.DefaultCssErrorHandler error
[ERROR] WARNING: CSS error: 'http://172.17.14.128:50599/org.gwtbootstrap3.GwtBootstrap3.JUnit/css/bootstrap-3.3.2.min.cache.css' [5:65987] Error in media list. (Invalid token "(". Was expecting one of: <S>, <IDENT>.)
[ERROR] Feb 04, 2015 7:22:56 PM com.gargoylesoftware.htmlunit.DefaultCssErrorHandler error
[ERROR] WARNING: CSS error: 'http://172.17.14.128:50599/org.gwtbootstrap3.GwtBootstrap3.JUnit/css/bootstrap-3.3.2.min.cache.css' [5:66508] Error in media list. (Invalid token "(". Was expecting one of: <S>, <IDENT>.)
[ERROR] Feb 04, 2015 7:22:56 PM com.gargoylesoftware.htmlunit.DefaultCssErrorHandler error
[ERROR] WARNING: CSS error: 'http://172.17.14.128:50599/org.gwtbootstrap3.GwtBootstrap3.JUnit/css/bootstrap-3.3.2.min.cache.css' [5:66816] Error in media list. (Invalid token "(". Was expecting one of: <S>, <IDENT>.)
[ERROR] Feb 04, 2015 7:22:56 PM com.gargoylesoftware.htmlunit.DefaultCssErrorHandler error
[ERROR] WARNING: CSS error: 'http://172.17.14.128:50599/org.gwtbootstrap3.GwtBootstrap3.JUnit/css/bootstrap-3.3.2.min.cache.css' [5:67044] Error in media list. (Invalid token "(". Was expecting one of: <S>, <IDENT>.)
[ERROR] Feb 04, 2015 7:22:56 PM com.gargoylesoftware.htmlunit.DefaultCssErrorHandler error
[ERROR] WARNING: CSS error: 'http://172.17.14.128:50599/org.gwtbootstrap3.GwtBootstrap3.JUnit/css/bootstrap-3.3.2.min.cache.css' [5:67187] Error in media list. (Invalid token "(". Was expecting one of: <S>, <IDENT>.)
[ERROR] Feb 04, 2015 7:22:56 PM com.gargoylesoftware.htmlunit.DefaultCssErrorHandler error
[ERROR] WARNING: CSS error: 'http://172.17.14.128:50599/org.gwtbootstrap3.GwtBootstrap3.JUnit/css/bootstrap-3.3.2.min.cache.css' [5:67560] Error in media list. (Invalid token "(". Was expecting one of: <S>, <IDENT>.)
[ERROR] Feb 04, 2015 7:22:56 PM com.gargoylesoftware.htmlunit.DefaultCssErrorHandler error
[ERROR] WARNING: CSS error: 'http://172.17.14.128:50599/org.gwtbootstrap3.GwtBootstrap3.JUnit/css/bootstrap-3.3.2.min.cache.css' [5:68047] Error in media list. (Invalid token "(". Was expecting one of: <S>, <IDENT>.)
[ERROR] Feb 04, 2015 7:22:56 PM com.gargoylesoftware.htmlunit.DefaultCssErrorHandler error
[ERROR] WARNING: CSS error: 'http://172.17.14.128:50599/org.gwtbootstrap3.GwtBootstrap3.JUnit/css/bootstrap-3.3.2.min.cache.css' [5:68203] Error in media list. (Invalid token "(". Was expecting one of: <S>, <IDENT>.)
[ERROR] Feb 04, 2015 7:22:56 PM com.gargoylesoftware.htmlunit.DefaultCssErrorHandler error
[ERROR] WARNING: CSS error: 'http://172.17.14.128:50599/org.gwtbootstrap3.GwtBootstrap3.JUnit/css/bootstrap-3.3.2.min.cache.css' [5:68670] Error in media list. (Invalid token "(". Was expecting one of: <S>, <IDENT>.)
[ERROR] Feb 04, 2015 7:22:56 PM com.gargoylesoftware.htmlunit.DefaultCssErrorHandler error
[ERROR] WARNING: CSS error: 'http://172.17.14.128:50599/org.gwtbootstrap3.GwtBootstrap3.JUnit/css/bootstrap-3.3.2.min.cache.css' [5:69136] Error in media list. (Invalid token "(". Was expecting one of: <S>, <IDENT>.)
[ERROR] Feb 04, 2015 7:22:56 PM com.gargoylesoftware.htmlunit.DefaultCssErrorHandler error
[ERROR] WARNING: CSS error: 'http://172.17.14.128:50599/org.gwtbootstrap3.GwtBootstrap3.JUnit/css/bootstrap-3.3.2.min.cache.css' [5:70062] Error in media list. (Invalid token "(". Was expecting one of: <S>, <IDENT>.)
[ERROR] Feb 04, 2015 7:22:56 PM com.gargoylesoftware.htmlunit.DefaultCssErrorHandler error
[ERROR] WARNING: CSS error: 'http://172.17.14.128:50599/org.gwtbootstrap3.GwtBootstrap3.JUnit/css/bootstrap-3.3.2.min.cache.css' [5:70183] Error in media list. (Invalid token "(". Was expecting one of: <S>, <IDENT>.)
[ERROR] Feb 04, 2015 7:22:56 PM com.gargoylesoftware.htmlunit.DefaultCssErrorHandler error
[ERROR] WARNING: CSS error: 'http://172.17.14.128:50599/org.gwtbootstrap3.GwtBootstrap3.JUnit/css/bootstrap-3.3.2.min.cache.css' [5:70816] Error in media list. (Invalid token "(". Was expecting one of: <S>, <IDENT>.)
[ERROR] Feb 04, 2015 7:22:56 PM com.gargoylesoftware.htmlunit.DefaultCssErrorHandler error
[ERROR] WARNING: CSS error: 'http://172.17.14.128:50599/org.gwtbootstrap3.GwtBootstrap3.JUnit/css/bootstrap-3.3.2.min.cache.css' [5:70901] Error in media list. (Invalid token "(". Was expecting one of: <S>, <IDENT>.)
[ERROR] Feb 04, 2015 7:22:56 PM com.gargoylesoftware.htmlunit.DefaultCssErrorHandler error
[ERROR] WARNING: CSS error: 'http://172.17.14.128:50599/org.gwtbootstrap3.GwtBootstrap3.JUnit/css/bootstrap-3.3.2.min.cache.css' [5:72260] Error in media list. (Invalid token "(". Was expecting one of: <S>, <IDENT>.)
[ERROR] Feb 04, 2015 7:22:56 PM com.gargoylesoftware.htmlunit.DefaultCssErrorHandler error
[ERROR] WARNING: CSS error: 'http://172.17.14.128:50599/org.gwtbootstrap3.GwtBootstrap3.JUnit/css/bootstrap-3.3.2.min.cache.css' [5:74570] Error in media list. (Invalid token "(". Was expecting one of: <S>, <IDENT>.)
[ERROR] Feb 04, 2015 7:22:56 PM com.gargoylesoftware.htmlunit.DefaultCssErrorHandler error
[ERROR] WARNING: CSS error: 'http://172.17.14.128:50599/org.gwtbootstrap3.GwtBootstrap3.JUnit/css/bootstrap-3.3.2.min.cache.css' [5:80466] Error in @media rule. (Invalid token "and". Was expecting one of: <S>, <LBRACE>, <COMMA>.)
[ERROR] Feb 04, 2015 7:22:56 PM com.gargoylesoftware.htmlunit.DefaultCssErrorHandler warning
[ERROR] WARNING: CSS warning: 'http://172.17.14.128:50599/org.gwtbootstrap3.GwtBootstrap3.JUnit/css/bootstrap-3.3.2.min.cache.css' [5:80466] Ignoring the whole rule.
[ERROR] Feb 04, 2015 7:22:56 PM com.gargoylesoftware.htmlunit.DefaultCssErrorHandler error
[ERROR] WARNING: CSS error: 'http://172.17.14.128:50599/org.gwtbootstrap3.GwtBootstrap3.JUnit/css/bootstrap-3.3.2.min.cache.css' [5:82983] Error in expression. (Invalid token "rgba(". Was expecting one of: <S>, <NUMBER>, <IDENT>, <STRING>, <PLUS>, <COMMA>, <EMS>, <EXS>, <LENGTH_PX>, <LENGTH_CM>, <LENGTH_MM>, <LENGTH_IN>, <LENGTH_PT>, <LENGTH_PC>, <ANGLE_DEG>, <ANGLE_RAD>, <ANGLE_GRAD>, <TIME_MS>, <TIME_S>, <FREQ_HZ>, <FREQ_KHZ>, <PERCENTAGE>, <URI>, "-", "=", ")".)
[ERROR] Feb 04, 2015 7:22:56 PM com.gargoylesoftware.htmlunit.DefaultCssErrorHandler error
[ERROR] WARNING: CSS error: 'http://172.17.14.128:50599/org.gwtbootstrap3.GwtBootstrap3.JUnit/css/bootstrap-3.3.2.min.cache.css' [5:83122] Error in style rule. (Invalid token "background-image". Was expecting one of: <EOF>, "}", ";".)
[ERROR] Feb 04, 2015 7:22:56 PM com.gargoylesoftware.htmlunit.DefaultCssErrorHandler warning
[ERROR] WARNING: CSS warning: 'http://172.17.14.128:50599/org.gwtbootstrap3.GwtBootstrap3.JUnit/css/bootstrap-3.3.2.min.cache.css' [5:83122] Ignoring the following declarations in this rule.
[ERROR] Feb 04, 2015 7:22:56 PM com.gargoylesoftware.htmlunit.DefaultCssErrorHandler error
[ERROR] WARNING: CSS error: 'http://172.17.14.128:50599/org.gwtbootstrap3.GwtBootstrap3.JUnit/css/bootstrap-3.3.2.min.cache.css' [5:83888] Error in expression. (Invalid token "rgba(". Was expecting one of: <S>, <NUMBER>, <IDENT>, <STRING>, <PLUS>, <COMMA>, <EMS>, <EXS>, <LENGTH_PX>, <LENGTH_CM>, <LENGTH_MM>, <LENGTH_IN>, <LENGTH_PT>, <LENGTH_PC>, <ANGLE_DEG>, <ANGLE_RAD>, <ANGLE_GRAD>, <TIME_MS>, <TIME_S>, <FREQ_HZ>, <FREQ_KHZ>, <PERCENTAGE>, <URI>, "-", "=", ")".)
[ERROR] Feb 04, 2015 7:22:56 PM com.gargoylesoftware.htmlunit.DefaultCssErrorHandler error
[ERROR] WARNING: CSS error: 'http://172.17.14.128:50599/org.gwtbootstrap3.GwtBootstrap3.JUnit/css/bootstrap-3.3.2.min.cache.css' [5:84027] Error in style rule. (Invalid token "background-image". Was expecting one of: <EOF>, "}", ";".)
[ERROR] Feb 04, 2015 7:22:56 PM com.gargoylesoftware.htmlunit.DefaultCssErrorHandler warning
[ERROR] WARNING: CSS warning: 'http://172.17.14.128:50599/org.gwtbootstrap3.GwtBootstrap3.JUnit/css/bootstrap-3.3.2.min.cache.css' [5:84027] Ignoring the following declarations in this rule.
[ERROR] Feb 04, 2015 7:22:56 PM com.gargoylesoftware.htmlunit.DefaultCssErrorHandler error
[ERROR] WARNING: CSS error: 'http://172.17.14.128:50599/org.gwtbootstrap3.GwtBootstrap3.JUnit/css/bootstrap-3.3.2.min.cache.css' [5:84514] Error in expression. (Invalid token "rgba(". Was expecting one of: <S>, <NUMBER>, <IDENT>, <STRING>, <PLUS>, <COMMA>, <EMS>, <EXS>, <LENGTH_PX>, <LENGTH_CM>, <LENGTH_MM>, <LENGTH_IN>, <LENGTH_PT>, <LENGTH_PC>, <ANGLE_DEG>, <ANGLE_RAD>, <ANGLE_GRAD>, <TIME_MS>, <TIME_S>, <FREQ_HZ>, <FREQ_KHZ>, <PERCENTAGE>, <URI>, "-", "=", ")".)
[ERROR] Feb 04, 2015 7:22:56 PM com.gargoylesoftware.htmlunit.DefaultCssErrorHandler error
[ERROR] WARNING: CSS error: 'http://172.17.14.128:50599/org.gwtbootstrap3.GwtBootstrap3.JUnit/css/bootstrap-3.3.2.min.cache.css' [5:84653] Error in style rule. (Invalid token "background-image". Was expecting one of: <EOF>, "}", ";".)
[ERROR] Feb 04, 2015 7:22:56 PM com.gargoylesoftware.htmlunit.DefaultCssErrorHandler warning
[ERROR] WARNING: CSS warning: 'http://172.17.14.128:50599/org.gwtbootstrap3.GwtBootstrap3.JUnit/css/bootstrap-3.3.2.min.cache.css' [5:84653] Ignoring the following declarations in this rule.
[ERROR] Feb 04, 2015 7:22:56 PM com.gargoylesoftware.htmlunit.DefaultCssErrorHandler error
[ERROR] WARNING: CSS error: 'http://172.17.14.128:50599/org.gwtbootstrap3.GwtBootstrap3.JUnit/css/bootstrap-3.3.2.min.cache.css' [5:85146] Error in expression. (Invalid token "rgba(". Was expecting one of: <S>, <NUMBER>, <IDENT>, <STRING>, <PLUS>, <COMMA>, <EMS>, <EXS>, <LENGTH_PX>, <LENGTH_CM>, <LENGTH_MM>, <LENGTH_IN>, <LENGTH_PT>, <LENGTH_PC>, <ANGLE_DEG>, <ANGLE_RAD>, <ANGLE_GRAD>, <TIME_MS>, <TIME_S>, <FREQ_HZ>, <FREQ_KHZ>, <PERCENTAGE>, <URI>, "-", "=", ")".)
[ERROR] Feb 04, 2015 7:22:56 PM com.gargoylesoftware.htmlunit.DefaultCssErrorHandler error
[ERROR] WARNING: CSS error: 'http://172.17.14.128:50599/org.gwtbootstrap3.GwtBootstrap3.JUnit/css/bootstrap-3.3.2.min.cache.css' [5:85285] Error in style rule. (Invalid token "background-image". Was expecting one of: <EOF>, "}", ";".)
[ERROR] Feb 04, 2015 7:22:56 PM com.gargoylesoftware.htmlunit.DefaultCssErrorHandler warning
[ERROR] WARNING: CSS warning: 'http://172.17.14.128:50599/org.gwtbootstrap3.GwtBootstrap3.JUnit/css/bootstrap-3.3.2.min.cache.css' [5:85285] Ignoring the following declarations in this rule.
[ERROR] Feb 04, 2015 7:22:56 PM com.gargoylesoftware.htmlunit.DefaultCssErrorHandler error
[ERROR] WARNING: CSS error: 'http://172.17.14.128:50599/org.gwtbootstrap3.GwtBootstrap3.JUnit/css/bootstrap-3.3.2.min.cache.css' [5:85776] Error in expression. (Invalid token "rgba(". Was expecting one of: <S>, <NUMBER>, <IDENT>, <STRING>, <PLUS>, <COMMA>, <EMS>, <EXS>, <LENGTH_PX>, <LENGTH_CM>, <LENGTH_MM>, <LENGTH_IN>, <LENGTH_PT>, <LENGTH_PC>, <ANGLE_DEG>, <ANGLE_RAD>, <ANGLE_GRAD>, <TIME_MS>, <TIME_S>, <FREQ_HZ>, <FREQ_KHZ>, <PERCENTAGE>, <URI>, "-", "=", ")".)
[ERROR] Feb 04, 2015 7:22:56 PM com.gargoylesoftware.htmlunit.DefaultCssErrorHandler error
[ERROR] WARNING: CSS error: 'http://172.17.14.128:50599/org.gwtbootstrap3.GwtBootstrap3.JUnit/css/bootstrap-3.3.2.min.cache.css' [5:85915] Error in style rule. (Invalid token "background-image". Was expecting one of: <EOF>, "}", ";".)
[ERROR] Feb 04, 2015 7:22:56 PM com.gargoylesoftware.htmlunit.DefaultCssErrorHandler warning
[ERROR] WARNING: CSS warning: 'http://172.17.14.128:50599/org.gwtbootstrap3.GwtBootstrap3.JUnit/css/bootstrap-3.3.2.min.cache.css' [5:85915] Ignoring the following declarations in this rule.
[ERROR] Feb 04, 2015 7:22:56 PM com.gargoylesoftware.htmlunit.DefaultCssErrorHandler error
[ERROR] WARNING: CSS error: 'http://172.17.14.128:50599/org.gwtbootstrap3.GwtBootstrap3.JUnit/css/bootstrap-3.3.2.min.cache.css' [5:102743] Error in expression. (Invalid token "25". Was expecting: <NUMBER>.)
[ERROR] Feb 04, 2015 7:22:56 PM com.gargoylesoftware.htmlunit.DefaultCssErrorHandler error
[ERROR] WARNING: CSS error: 'http://172.17.14.128:50599/org.gwtbootstrap3.GwtBootstrap3.JUnit/css/bootstrap-3.3.2.min.cache.css' [5:102748] Error in style rule. (Invalid token "-ms-transform". Was expecting one of: <EOF>, "}", ";".)
[ERROR] Feb 04, 2015 7:22:56 PM com.gargoylesoftware.htmlunit.DefaultCssErrorHandler warning
[ERROR] WARNING: CSS warning: 'http://172.17.14.128:50599/org.gwtbootstrap3.GwtBootstrap3.JUnit/css/bootstrap-3.3.2.min.cache.css' [5:102748] Ignoring the following declarations in this rule.
[ERROR] Feb 04, 2015 7:22:56 PM com.gargoylesoftware.htmlunit.DefaultCssErrorHandler error
[ERROR] WARNING: CSS error: 'http://172.17.14.128:50599/org.gwtbootstrap3.GwtBootstrap3.JUnit/css/bootstrap-3.3.2.min.cache.css' [5:104089] Error in media list. (Invalid token "(". Was expecting one of: <S>, <IDENT>.)
[ERROR] Feb 04, 2015 7:22:56 PM com.gargoylesoftware.htmlunit.DefaultCssErrorHandler error
[ERROR] WARNING: CSS error: 'http://172.17.14.128:50599/org.gwtbootstrap3.GwtBootstrap3.JUnit/css/bootstrap-3.3.2.min.cache.css' [5:104277] Error in media list. (Invalid token "(". Was expecting one of: <S>, <IDENT>.)
[ERROR] Feb 04, 2015 7:22:56 PM com.gargoylesoftware.htmlunit.DefaultCssErrorHandler error
[ERROR] WARNING: CSS error: 'http://172.17.14.128:50599/org.gwtbootstrap3.GwtBootstrap3.JUnit/css/bootstrap-3.3.2.min.cache.css' [5:108197] Error in @media rule. (Invalid token "and". Was expecting one of: <S>, <LBRACE>, <COMMA>.)
[ERROR] Feb 04, 2015 7:22:56 PM com.gargoylesoftware.htmlunit.DefaultCssErrorHandler warning
[ERROR] WARNING: CSS warning: 'http://172.17.14.128:50599/org.gwtbootstrap3.GwtBootstrap3.JUnit/css/bootstrap-3.3.2.min.cache.css' [5:108197] Ignoring the whole rule.
[ERROR] Feb 04, 2015 7:22:56 PM com.gargoylesoftware.htmlunit.DefaultCssErrorHandler error
[ERROR] WARNING: CSS error: 'http://172.17.14.128:50599/org.gwtbootstrap3.GwtBootstrap3.JUnit/css/bootstrap-3.3.2.min.cache.css' [5:109602] Error in expression. (Invalid token "rgba(". Was expecting one of: <S>, <NUMBER>, <IDENT>, <STRING>, <PLUS>, <COMMA>, <EMS>, <EXS>, <LENGTH_PX>, <LENGTH_CM>, <LENGTH_MM>, <LENGTH_IN>, <LENGTH_PT>, <LENGTH_PC>, <ANGLE_DEG>, <ANGLE_RAD>, <ANGLE_GRAD>, <TIME_MS>, <TIME_S>, <FREQ_HZ>, <FREQ_KHZ>, <PERCENTAGE>, <URI>, "-", "=", ")".)
[ERROR] Feb 04, 2015 7:22:56 PM com.gargoylesoftware.htmlunit.DefaultCssErrorHandler error
[ERROR] WARNING: CSS error: 'http://172.17.14.128:50599/org.gwtbootstrap3.GwtBootstrap3.JUnit/css/bootstrap-3.3.2.min.cache.css' [5:109643] Error in style rule. (Invalid token "background-image". Was expecting one of: <EOF>, "}", ";".)
[ERROR] Feb 04, 2015 7:22:56 PM com.gargoylesoftware.htmlunit.DefaultCssErrorHandler warning
[ERROR] WARNING: CSS warning: 'http://172.17.14.128:50599/org.gwtbootstrap3.GwtBootstrap3.JUnit/css/bootstrap-3.3.2.min.cache.css' [5:109643] Ignoring the following declarations in this rule.
[ERROR] Feb 04, 2015 7:22:56 PM com.gargoylesoftware.htmlunit.DefaultCssErrorHandler error
[ERROR] WARNING: CSS error: 'http://172.17.14.128:50599/org.gwtbootstrap3.GwtBootstrap3.JUnit/css/bootstrap-3.3.2.min.cache.css' [5:110145] Error in expression. (Invalid token "rgba(". Was expecting one of: <S>, <NUMBER>, <IDENT>, <STRING>, <PLUS>, <COMMA>, <EMS>, <EXS>, <LENGTH_PX>, <LENGTH_CM>, <LENGTH_MM>, <LENGTH_IN>, <LENGTH_PT>, <LENGTH_PC>, <ANGLE_DEG>, <ANGLE_RAD>, <ANGLE_GRAD>, <TIME_MS>, <TIME_S>, <FREQ_HZ>, <FREQ_KHZ>, <PERCENTAGE>, <URI>, "-", "=", ")".)
[ERROR] Feb 04, 2015 7:22:56 PM com.gargoylesoftware.htmlunit.DefaultCssErrorHandler error
[ERROR] WARNING: CSS error: 'http://172.17.14.128:50599/org.gwtbootstrap3.GwtBootstrap3.JUnit/css/bootstrap-3.3.2.min.cache.css' [5:110186] Error in style rule. (Invalid token "background-image". Was expecting one of: <EOF>, "}", ";".)
[ERROR] Feb 04, 2015 7:22:56 PM com.gargoylesoftware.htmlunit.DefaultCssErrorHandler warning
[ERROR] WARNING: CSS warning: 'http://172.17.14.128:50599/org.gwtbootstrap3.GwtBootstrap3.JUnit/css/bootstrap-3.3.2.min.cache.css' [5:110186] Ignoring the following declarations in this rule.
[ERROR] Feb 04, 2015 7:22:56 PM com.gargoylesoftware.htmlunit.DefaultCssErrorHandler error
[ERROR] WARNING: CSS error: 'http://172.17.14.128:50599/org.gwtbootstrap3.GwtBootstrap3.JUnit/css/bootstrap-3.3.2.min.cache.css' [5:112034] Error in @media rule. (Invalid token "and". Was expecting one of: <S>, <LBRACE>, <COMMA>.)
[ERROR] Feb 04, 2015 7:22:56 PM com.gargoylesoftware.htmlunit.DefaultCssErrorHandler warning
[ERROR] WARNING: CSS warning: 'http://172.17.14.128:50599/org.gwtbootstrap3.GwtBootstrap3.JUnit/css/bootstrap-3.3.2.min.cache.css' [5:112034] Ignoring the whole rule.
[ERROR] Feb 04, 2015 7:22:56 PM com.gargoylesoftware.htmlunit.DefaultCssErrorHandler error
[ERROR] WARNING: CSS error: 'http://172.17.14.128:50599/org.gwtbootstrap3.GwtBootstrap3.JUnit/css/bootstrap-3.3.2.min.cache.css' [5:114258] Error in media list. (Invalid token "(". Was expecting one of: <S>, <IDENT>.)
[ERROR] Feb 04, 2015 7:22:56 PM com.gargoylesoftware.htmlunit.DefaultCssErrorHandler error
[ERROR] WARNING: CSS error: 'http://172.17.14.128:50599/org.gwtbootstrap3.GwtBootstrap3.JUnit/css/bootstrap-3.3.2.min.cache.css' [5:114450] Error in media list. (Invalid token "(". Was expecting one of: <S>, <IDENT>.)
[ERROR] Feb 04, 2015 7:22:56 PM com.gargoylesoftware.htmlunit.DefaultCssErrorHandler error
[ERROR] WARNING: CSS error: 'http://172.17.14.128:50599/org.gwtbootstrap3.GwtBootstrap3.JUnit/css/bootstrap-3.3.2.min.cache.css' [5:114518] Error in media list. (Invalid token "(". Was expecting one of: <S>, <IDENT>.)
[ERROR] Feb 04, 2015 7:22:56 PM com.gargoylesoftware.htmlunit.DefaultCssErrorHandler error
[ERROR] WARNING: CSS error: 'http://172.17.14.128:50599/org.gwtbootstrap3.GwtBootstrap3.JUnit/css/bootstrap-3.3.2.min.cache.css' [5:114588] Error in media list. (Invalid token "(". Was expecting one of: <S>, <IDENT>.)
[ERROR] Feb 04, 2015 7:22:56 PM com.gargoylesoftware.htmlunit.DefaultCssErrorHandler error
[ERROR] WARNING: CSS error: 'http://172.17.14.128:50599/org.gwtbootstrap3.GwtBootstrap3.JUnit/css/bootstrap-3.3.2.min.cache.css' [5:114670] Error in media list. (Invalid token "(". Was expecting one of: <S>, <IDENT>.)
[ERROR] Feb 04, 2015 7:22:56 PM com.gargoylesoftware.htmlunit.DefaultCssErrorHandler error
[ERROR] WARNING: CSS error: 'http://172.17.14.128:50599/org.gwtbootstrap3.GwtBootstrap3.JUnit/css/bootstrap-3.3.2.min.cache.css' [5:114884] Error in media list. (Invalid token "(". Was expecting one of: <S>, <IDENT>.)
[ERROR] Feb 04, 2015 7:22:56 PM com.gargoylesoftware.htmlunit.DefaultCssErrorHandler error
[ERROR] WARNING: CSS error: 'http://172.17.14.128:50599/org.gwtbootstrap3.GwtBootstrap3.JUnit/css/bootstrap-3.3.2.min.cache.css' [5:114974] Error in media list. (Invalid token "(". Was expecting one of: <S>, <IDENT>.)
[ERROR] Feb 04, 2015 7:22:56 PM com.gargoylesoftware.htmlunit.DefaultCssErrorHandler error
[ERROR] WARNING: CSS error: 'http://172.17.14.128:50599/org.gwtbootstrap3.GwtBootstrap3.JUnit/css/bootstrap-3.3.2.min.cache.css' [5:115066] Error in media list. (Invalid token "(". Was expecting one of: <S>, <IDENT>.)
[ERROR] Feb 04, 2015 7:22:56 PM com.gargoylesoftware.htmlunit.DefaultCssErrorHandler error
[ERROR] WARNING: CSS error: 'http://172.17.14.128:50599/org.gwtbootstrap3.GwtBootstrap3.JUnit/css/bootstrap-3.3.2.min.cache.css' [5:115170] Error in media list. (Invalid token "(". Was expecting one of: <S>, <IDENT>.)
[ERROR] Feb 04, 2015 7:22:56 PM com.gargoylesoftware.htmlunit.DefaultCssErrorHandler error
[ERROR] WARNING: CSS error: 'http://172.17.14.128:50599/org.gwtbootstrap3.GwtBootstrap3.JUnit/css/bootstrap-3.3.2.min.cache.css' [5:115385] Error in media list. (Invalid token "(". Was expecting one of: <S>, <IDENT>.)
[ERROR] Feb 04, 2015 7:22:56 PM com.gargoylesoftware.htmlunit.DefaultCssErrorHandler error
[ERROR] WARNING: CSS error: 'http://172.17.14.128:50599/org.gwtbootstrap3.GwtBootstrap3.JUnit/css/bootstrap-3.3.2.min.cache.css' [5:115476] Error in media list. (Invalid token "(". Was expecting one of: <S>, <IDENT>.)
[ERROR] Feb 04, 2015 7:22:56 PM com.gargoylesoftware.htmlunit.DefaultCssErrorHandler error
[ERROR] WARNING: CSS error: 'http://172.17.14.128:50599/org.gwtbootstrap3.GwtBootstrap3.JUnit/css/bootstrap-3.3.2.min.cache.css' [5:115569] Error in media list. (Invalid token "(". Was expecting one of: <S>, <IDENT>.)
[ERROR] Feb 04, 2015 7:22:56 PM com.gargoylesoftware.htmlunit.DefaultCssErrorHandler error
[ERROR] WARNING: CSS error: 'http://172.17.14.128:50599/org.gwtbootstrap3.GwtBootstrap3.JUnit/css/bootstrap-3.3.2.min.cache.css' [5:115674] Error in media list. (Invalid token "(". Was expecting one of: <S>, <IDENT>.)
[ERROR] Feb 04, 2015 7:22:56 PM com.gargoylesoftware.htmlunit.DefaultCssErrorHandler error
[ERROR] WARNING: CSS error: 'http://172.17.14.128:50599/org.gwtbootstrap3.GwtBootstrap3.JUnit/css/bootstrap-3.3.2.min.cache.css' [5:115867] Error in media list. (Invalid token "(". Was expecting one of: <S>, <IDENT>.)
[ERROR] Feb 04, 2015 7:22:56 PM com.gargoylesoftware.htmlunit.DefaultCssErrorHandler error
[ERROR] WARNING: CSS error: 'http://172.17.14.128:50599/org.gwtbootstrap3.GwtBootstrap3.JUnit/css/bootstrap-3.3.2.min.cache.css' [5:115936] Error in media list. (Invalid token "(". Was expecting one of: <S>, <IDENT>.)
[ERROR] Feb 04, 2015 7:22:56 PM com.gargoylesoftware.htmlunit.DefaultCssErrorHandler error
[ERROR] WARNING: CSS error: 'http://172.17.14.128:50599/org.gwtbootstrap3.GwtBootstrap3.JUnit/css/bootstrap-3.3.2.min.cache.css' [5:116007] Error in media list. (Invalid token "(". Was expecting one of: <S>, <IDENT>.)
[ERROR] Feb 04, 2015 7:22:56 PM com.gargoylesoftware.htmlunit.DefaultCssErrorHandler error
[ERROR] WARNING: CSS error: 'http://172.17.14.128:50599/org.gwtbootstrap3.GwtBootstrap3.JUnit/css/bootstrap-3.3.2.min.cache.css' [5:116090] Error in media list. (Invalid token "(". Was expecting one of: <S>, <IDENT>.)
[ERROR] Feb 04, 2015 7:22:56 PM com.gargoylesoftware.htmlunit.DefaultCssErrorHandler error
[ERROR] WARNING: CSS error: 'http://172.17.14.128:50599/org.gwtbootstrap3.GwtBootstrap3.JUnit/css/bootstrap-3.3.2.min.cache.css' [5:116150] Error in media list. (Invalid token "(". Was expecting one of: <S>, <IDENT>.)
[ERROR] Feb 04, 2015 7:22:56 PM com.gargoylesoftware.htmlunit.DefaultCssErrorHandler error
[ERROR] WARNING: CSS error: 'http://172.17.14.128:50599/org.gwtbootstrap3.GwtBootstrap3.JUnit/css/bootstrap-3.3.2.min.cache.css' [5:116232] Error in media list. (Invalid token "(". Was expecting one of: <S>, <IDENT>.)
[ERROR] Feb 04, 2015 7:22:56 PM com.gargoylesoftware.htmlunit.DefaultCssErrorHandler error
[ERROR] WARNING: CSS error: 'http://172.17.14.128:50599/org.gwtbootstrap3.GwtBootstrap3.JUnit/css/bootstrap-3.3.2.min.cache.css' [5:116315] Error in media list. (Invalid token "(". Was expecting one of: <S>, <IDENT>.)
[INFO] Ignored 3 units with compilation errors in first pass.
[INFO] Compile with -strict or with -logLevel set to TRACE or DEBUG to see all errors.
[INFO] Module org.gwtbootstrap3.GwtBootstrap3.JUnit has been loaded
[INFO] 200 - POST /org.gwtbootstrap3.GwtBootstrap3.JUnit/junithost (172.17.14.128) 224 bytes
[INFO] 200 - POST /org.gwtbootstrap3.GwtBootstrap3.JUnit/junithost (172.17.14.128) 193 bytes
[INFO] 200 - POST /org.gwtbootstrap3.GwtBootstrap3.JUnit/junithost (172.17.14.128) 194 bytes
[INFO] 200 - POST /org.gwtbootstrap3.GwtBootstrap3.JUnit/junithost (172.17.14.128) 189 bytes
[INFO] Tests run: 4, Failures: 0, Errors: 0, Skipped: 0, Time elapsed: 15.408 sec
[INFO] 
[INFO] Results :
[INFO] 
[INFO] Tests run: 4, Failures: 0, Errors: 0, Skipped: 0
[INFO] 
[INFO] 
[INFO] --- maven-checkstyle-plugin:2.13:check (default) @ gwtbootstrap3 ---
[INFO] 
[INFO] 
[INFO] --- maven-install-plugin:2.4:install (default-install) @ gwtbootstrap3 ---
[INFO] Installing /home/travis/build/gwtbootstrap3/gwtbootstrap3/gwtbootstrap3/target/gwtbootstrap3-0.9-SNAPSHOT.jar to /home/travis/.m2/repository/org/gwtbootstrap3/gwtbootstrap3/0.9-SNAPSHOT/gwtbootstrap3-0.9-SNAPSHOT.jar
[INFO] Installing /home/travis/build/gwtbootstrap3/gwtbootstrap3/gwtbootstrap3/pom.xml to /home/travis/.m2/repository/org/gwtbootstrap3/gwtbootstrap3/0.9-SNAPSHOT/gwtbootstrap3-0.9-SNAPSHOT.pom
[INFO] ------------------------------------------------------------------------
[INFO] Reactor Summary:
[INFO] 
[INFO] GwtBootstrap3 Parent ............................... SUCCESS [  1.960 s]
[INFO] GwtBootstrap3 ...................................... SUCCESS [ 51.115 s]
[INFO] ------------------------------------------------------------------------
[INFO] BUILD SUCCESS
[INFO] ------------------------------------------------------------------------
[INFO] Total time: 54.303 s
[INFO] Finished at: 2015-02-04T19:23:01+00:00
[INFO] Final Memory: 25M/458M
[INFO] ------------------------------------------------------------------------
travis_time:end:01b1ff84:start=1423077726123000019,finish=1423077782081671887,duration=55958671868[0K
[32;1mThe command "mvn clean install -DdryRun=true -Dlicense.failOnMissingHeader=true -Dlicense.failOnNotUptodateHeader=true" exited with 0.[0m
travis_fold:start:cache.2[0Kstore build cache
travis_time:start:00136f80[0Kchange detected: /home/travis/.m2/repository/org/gwtbootstrap3/gwtbootstrap3-parent/0.9-SNAPSHOT/_remote.repositories
changes detected, packing new archive
uploading archive
travis_time:end:00136f80:start=1423077782085777458,finish=1423077806746836894,duration=24661059436[0Ktravis_fold:end:cache.2[0Ktravis_fold:start:after_success[0Ktravis_time:start:16ebcead[0K$ ./deploy.sh
if [ "${TRAVIS_PULL_REQUEST}" = "false" ]; then
  echo "<settings><servers><server><id>ossrh</id><username>\${env.OSSRH_USER}</username><password>\${env.OSSRH_PASS}</password></server></servers></settings>" > ~/settings.xml
  mvn deploy --settings ~/settings.xml
fi
travis_time:end:16ebcead:start=1423077806750789563,finish=1423077806755328076,duration=4538513[0Ktravis_fold:end:after_success[0K
Done. Your build exited with 0.
