Using worker: worker-linux-docker-a3218d4a.prod.travis-ci.org:travis-linux-6

travis_fold:start:system_info[0K[33;1mBuild system information[0m
Build language: java
[34m[1mBuild image provisioning date and time[0m
Thu Feb  5 15:09:33 UTC 2015
[34m[1mOperating System Details[0m
Distributor ID:	Ubuntu
Description:	Ubuntu 12.04.5 LTS
Release:	12.04
Codename:	precise
[34m[1mLinux Version[0m
3.13.0-29-generic
[34m[1mCookbooks Version[0m
a68419e https://github.com/travis-ci/travis-cookbooks/tree/a68419e
[34m[1mGCC version[0m
gcc (Ubuntu/Linaro 4.6.3-1ubuntu5) 4.6.3
Copyright (C) 2011 Free Software Foundation, Inc.
This is free software; see the source for copying conditions.  There is NO
warranty; not even for MERCHANTABILITY or FITNESS FOR A PARTICULAR PURPOSE.

[34m[1mLLVM version[0m
clang version 3.4 (tags/RELEASE_34/final)
Target: x86_64-unknown-linux-gnu
Thread model: posix
[34m[1mPre-installed Ruby versions[0m
ruby-1.9.3-p551
[34m[1mPre-installed Node.js versions[0m
v0.10.36
[34m[1mPre-installed Go versions[0m
1.4.1
[34m[1mRedis version[0m
redis-server 2.8.19
[34m[1mriak version[0m
2.0.2
[34m[1mMongoDB version[0m
MongoDB 2.4.12
[34m[1mCouchDB version[0m
couchdb 1.6.1
[34m[1mNeo4j version[0m
1.9.4
[34m[1mRabbitMQ Version[0m
3.4.3
[34m[1mElasticSearch version[0m
1.4.0
[34m[1mInstalled Sphinx versions[0m
2.0.10
2.1.9
2.2.6
[34m[1mDefault Sphinx version[0m
2.2.6
[34m[1mInstalled Firefox version[0m
firefox 31.0esr
[34m[1mPhantomJS version[0m
1.9.8
[34m[1mant -version[0m
Apache Ant(TM) version 1.8.2 compiled on December 3 2011
[34m[1mmvn -version[0m
Apache Maven 3.2.5 (12a6b3acb947671f09b81f49094c53f426d8cea1; 2014-12-14T17:29:23+00:00)
Maven home: /usr/local/maven
Java version: 1.7.0_76, vendor: Oracle Corporation
Java home: /usr/lib/jvm/java-7-oracle/jre
Default locale: en_US, platform encoding: ANSI_X3.4-1968
OS name: "linux", version: "3.13.0-29-generic", arch: "amd64", family: "unix"
travis_fold:end:system_info[0K
travis_fold:start:git.checkout[0Ktravis_time:start:1b6175d4[0K$ git clone --depth=50 --branch=master git://github.com/spring-projects/spring-hateoas.git spring-projects/spring-hateoas
Cloning into 'spring-projects/spring-hateoas'...
remote: Counting objects: 806, done.[K
remote: Compressing objects:   0% (1/439)   [Kremote: Compressing objects:   1% (5/439)   [Kremote: Compressing objects:   2% (9/439)   [Kremote: Compressing objects:   3% (14/439)   [Kremote: Compressing objects:   4% (18/439)   [Kremote: Compressing objects:   5% (22/439)   [Kremote: Compressing objects:   6% (27/439)   [Kremote: Compressing objects:   7% (31/439)   [Kremote: Compressing objects:   8% (36/439)   [Kremote: Compressing objects:   9% (40/439)   [Kremote: Compressing objects:  10% (44/439)   [Kremote: Compressing objects:  11% (49/439)   [Kremote: Compressing objects:  12% (53/439)   [Kremote: Compressing objects:  13% (58/439)   [Kremote: Compressing objects:  14% (62/439)   [Kremote: Compressing objects:  15% (66/439)   [Kremote: Compressing objects:  16% (71/439)   [Kremote: Compressing objects:  17% (75/439)   [Kremote: Compressing objects:  18% (80/439)   [Kremote: Compressing objects:  19% (84/439)   [Kremote: Compressing objects:  20% (88/439)   [Kremote: Compressing objects:  21% (93/439)   [Kremote: Compressing objects:  22% (97/439)   [Kremote: Compressing objects:  23% (101/439)   [Kremote: Compressing objects:  24% (106/439)   [Kremote: Compressing objects:  25% (110/439)   [Kremote: Compressing objects:  26% (115/439)   [Kremote: Compressing objects:  27% (119/439)   [Kremote: Compressing objects:  28% (123/439)   [Kremote: Compressing objects:  29% (128/439)   [Kremote: Compressing objects:  30% (132/439)   [Kremote: Compressing objects:  31% (137/439)   [Kremote: Compressing objects:  32% (141/439)   [Kremote: Compressing objects:  33% (145/439)   [Kremote: Compressing objects:  34% (150/439)   [Kremote: Compressing objects:  35% (154/439)   [Kremote: Compressing objects:  36% (159/439)   [Kremote: Compressing objects:  37% (163/439)   [Kremote: Compressing objects:  38% (167/439)   [Kremote: Compressing objects:  39% (172/439)   [Kremote: Compressing objects:  40% (176/439)   [Kremote: Compressing objects:  41% (180/439)   [Kremote: Compressing objects:  42% (185/439)   [Kremote: Compressing objects:  43% (189/439)   [Kremote: Compressing objects:  44% (194/439)   [Kremote: Compressing objects:  45% (198/439)   [Kremote: Compressing objects:  46% (202/439)   [Kremote: Compressing objects:  47% (207/439)   [Kremote: Compressing objects:  48% (211/439)   [Kremote: Compressing objects:  49% (216/439)   [Kremote: Compressing objects:  50% (220/439)   [Kremote: Compressing objects:  51% (224/439)   [Kremote: Compressing objects:  52% (229/439)   [Kremote: Compressing objects:  53% (233/439)   [Kremote: Compressing objects:  54% (238/439)   [Kremote: Compressing objects:  55% (242/439)   [Kremote: Compressing objects:  56% (246/439)   [Kremote: Compressing objects:  57% (251/439)   [Kremote: Compressing objects:  58% (255/439)   [Kremote: Compressing objects:  59% (260/439)   [Kremote: Compressing objects:  60% (264/439)   [Kremote: Compressing objects:  61% (268/439)   [Kremote: Compressing objects:  62% (273/439)   [Kremote: Compressing objects:  63% (277/439)   [Kremote: Compressing objects:  64% (281/439)   [Kremote: Compressing objects:  65% (286/439)   [Kremote: Compressing objects:  66% (290/439)   [Kremote: Compressing objects:  67% (295/439)   [Kremote: Compressing objects:  68% (299/439)   [Kremote: Compressing objects:  69% (303/439)   [Kremote: Compressing objects:  70% (308/439)   [Kremote: Compressing objects:  71% (312/439)   [Kremote: Compressing objects:  72% (317/439)   [Kremote: Compressing objects:  73% (321/439)   [Kremote: Compressing objects:  74% (325/439)   [Kremote: Compressing objects:  75% (330/439)   [Kremote: Compressing objects:  76% (334/439)   [Kremote: Compressing objects:  77% (339/439)   [Kremote: Compressing objects:  78% (343/439)   [Kremote: Compressing objects:  79% (347/439)   [Kremote: Compressing objects:  80% (352/439)   [Kremote: Compressing objects:  81% (356/439)   [Kremote: Compressing objects:  82% (360/439)   [Kremote: Compressing objects:  83% (365/439)   [Kremote: Compressing objects:  84% (369/439)   [Kremote: Compressing objects:  85% (374/439)   [Kremote: Compressing objects:  86% (378/439)   [Kremote: Compressing objects:  87% (382/439)   [Kremote: Compressing objects:  88% (387/439)   [Kremote: Compressing objects:  89% (391/439)   [Kremote: Compressing objects:  90% (396/439)   [Kremote: Compressing objects:  91% (400/439)   [Kremote: Compressing objects:  92% (404/439)   [Kremote: Compressing objects:  93% (409/439)   [Kremote: Compressing objects:  94% (413/439)   [Kremote: Compressing objects:  95% (418/439)   [Kremote: Compressing objects:  96% (422/439)   [Kremote: Compressing objects:  97% (426/439)   [Kremote: Compressing objects:  98% (431/439)   [Kremote: Compressing objects:  99% (435/439)   [Kremote: Compressing objects: 100% (439/439)   [Kremote: Compressing objects: 100% (439/439), done.[K
Receiving objects:   0% (1/806)   Receiving objects:   1% (9/806)   Receiving objects:   2% (17/806)   Receiving objects:   3% (25/806)   Receiving objects:   4% (33/806)   Receiving objects:   5% (41/806)   Receiving objects:   6% (49/806)   Receiving objects:   7% (57/806)   Receiving objects:   8% (65/806)   Receiving objects:   9% (73/806)   Receiving objects:  10% (81/806)   Receiving objects:  11% (89/806)   Receiving objects:  12% (97/806)   Receiving objects:  13% (105/806)   Receiving objects:  14% (113/806)   Receiving objects:  15% (121/806)   Receiving objects:  16% (129/806)   Receiving objects:  17% (138/806)   Receiving objects:  18% (146/806)   Receiving objects:  19% (154/806)   Receiving objects:  20% (162/806)   Receiving objects:  21% (170/806)   Receiving objects:  22% (178/806)   Receiving objects:  23% (186/806)   Receiving objects:  24% (194/806)   Receiving objects:  25% (202/806)   Receiving objects:  26% (210/806)   Receiving objects:  27% (218/806)   Receiving objects:  28% (226/806)   Receiving objects:  29% (234/806)   Receiving objects:  30% (242/806)   Receiving objects:  31% (250/806)   Receiving objects:  32% (258/806)   Receiving objects:  33% (266/806)   Receiving objects:  34% (275/806)   Receiving objects:  35% (283/806)   Receiving objects:  36% (291/806)   Receiving objects:  37% (299/806)   Receiving objects:  38% (307/806)   Receiving objects:  39% (315/806)   Receiving objects:  40% (323/806)   Receiving objects:  41% (331/806)   Receiving objects:  42% (339/806)   Receiving objects:  43% (347/806)   Receiving objects:  44% (355/806)   Receiving objects:  45% (363/806)   Receiving objects:  46% (371/806)   Receiving objects:  47% (379/806)   Receiving objects:  48% (387/806)   Receiving objects:  49% (395/806)   Receiving objects:  50% (403/806)   Receiving objects:  51% (412/806)   Receiving objects:  52% (420/806)   Receiving objects:  53% (428/806)   Receiving objects:  54% (436/806)   Receiving objects:  55% (444/806)   Receiving objects:  56% (452/806)   Receiving objects:  57% (460/806)   Receiving objects:  58% (468/806)   Receiving objects:  59% (476/806)   Receiving objects:  60% (484/806)   Receiving objects:  61% (492/806)   Receiving objects:  62% (500/806)   Receiving objects:  63% (508/806)   Receiving objects:  64% (516/806)   Receiving objects:  65% (524/806)   Receiving objects:  66% (532/806)   Receiving objects:  67% (541/806)   Receiving objects:  68% (549/806)   Receiving objects:  69% (557/806)   Receiving objects:  70% (565/806)   Receiving objects:  71% (573/806)   Receiving objects:  72% (581/806)   Receiving objects:  73% (589/806)   Receiving objects:  74% (597/806)   Receiving objects:  75% (605/806)   Receiving objects:  76% (613/806)   Receiving objects:  77% (621/806)   Receiving objects:  78% (629/806)   Receiving objects:  79% (637/806)   Receiving objects:  80% (645/806)   Receiving objects:  81% (653/806)   remote: Total 806 (delta 283), reused 624 (delta 163), pack-reused 0[K
Receiving objects:  82% (661/806)   Receiving objects:  83% (669/806)   Receiving objects:  84% (678/806)   Receiving objects:  85% (686/806)   Receiving objects:  86% (694/806)   Receiving objects:  87% (702/806)   Receiving objects:  88% (710/806)   Receiving objects:  89% (718/806)   Receiving objects:  90% (726/806)   Receiving objects:  91% (734/806)   Receiving objects:  92% (742/806)   Receiving objects:  93% (750/806)   Receiving objects:  94% (758/806)   Receiving objects:  95% (766/806)   Receiving objects:  96% (774/806)   Receiving objects:  97% (782/806)   Receiving objects:  98% (790/806)   Receiving objects:  99% (798/806)   Receiving objects: 100% (806/806)   Receiving objects: 100% (806/806), 246.09 KiB | 0 bytes/s, done.
Resolving deltas:   0% (0/283)   Resolving deltas:   1% (3/283)   Resolving deltas:   2% (7/283)   Resolving deltas:   3% (9/283)   Resolving deltas:   4% (13/283)   Resolving deltas:   5% (15/283)   Resolving deltas:   8% (24/283)   Resolving deltas:  19% (55/283)   Resolving deltas:  23% (66/283)   Resolving deltas:  34% (97/283)   Resolving deltas:  35% (100/283)   Resolving deltas:  36% (102/283)   Resolving deltas:  37% (105/283)   Resolving deltas:  38% (109/283)   Resolving deltas:  41% (117/283)   Resolving deltas:  42% (119/283)   Resolving deltas:  44% (126/283)   Resolving deltas:  46% (133/283)   Resolving deltas:  48% (138/283)   Resolving deltas:  50% (144/283)   Resolving deltas:  52% (148/283)   Resolving deltas:  53% (152/283)   Resolving deltas:  54% (153/283)   Resolving deltas:  56% (159/283)   Resolving deltas:  57% (164/283)   Resolving deltas:  59% (169/283)   Resolving deltas:  61% (175/283)   Resolving deltas:  62% (176/283)   Resolving deltas:  65% (186/283)   Resolving deltas:  66% (187/283)   Resolving deltas:  68% (193/283)   Resolving deltas:  69% (196/283)   Resolving deltas:  70% (199/283)   Resolving deltas:  71% (202/283)   Resolving deltas:  72% (204/283)   Resolving deltas:  74% (210/283)   Resolving deltas:  75% (214/283)   Resolving deltas:  76% (217/283)   Resolving deltas:  77% (218/283)   Resolving deltas:  78% (223/283)   Resolving deltas:  79% (224/283)   Resolving deltas:  81% (230/283)   Resolving deltas:  82% (234/283)   Resolving deltas:  83% (235/283)   Resolving deltas:  84% (238/283)   Resolving deltas:  85% (242/283)   Resolving deltas:  86% (244/283)   Resolving deltas:  87% (248/283)   Resolving deltas:  89% (252/283)   Resolving deltas:  90% (255/283)   Resolving deltas:  91% (258/283)   Resolving deltas:  92% (261/283)   Resolving deltas:  93% (266/283)   Resolving deltas:  96% (274/283)   Resolving deltas:  97% (275/283)   Resolving deltas:  98% (278/283)   Resolving deltas:  99% (281/283)   Resolving deltas: 100% (283/283)   Resolving deltas: 100% (283/283), done.
Checking connectivity... done.
travis_time:end:1b6175d4:start=1435301563528075355,finish=1435301563721085811,duration=193010456[0K$ cd spring-projects/spring-hateoas
$ git checkout -qf 67cc7ab7c24c319133aec491ad4bd3d38499d9e7
travis_fold:end:git.checkout[0K
[33;1mThis job is running on container-based infrastructure, which does not allow use of 'sudo', setuid and setguid executables.[0m
[33;1mIf you require sudo, add 'sudo: required' to your .travis.yml[0m
[33;1mSee http://docs.travis-ci.com/user/workers/container-based-infrastructure/ for details.[0m

[33;1mSetting environment variables from .travis.yml[0m
$ export PROFILE=non-existant

travis_fold:start:cache.1[0KSetting up build cache
$ export CASHER_DIR=$HOME/.casher
travis_time:start:07085580[0K$ Installing caching utilities
travis_time:end:07085580:start=1435301566054180475,finish=1435301566110012905,duration=55832430[0Ktravis_time:start:00e493d8[0Kattempting to download cache archive
fetching master/cache--jdk-oraclejdk8.tbz
found cache
travis_time:end:00e493d8:start=1435301566114681077,finish=1435301567263397966,duration=1148716889[0Ktravis_time:start:288b5f18[0Kadding /home/travis/.m2 to cache
travis_time:end:288b5f18:start=1435301567267480753,finish=1435301572966242479,duration=5698761726[0Ktravis_fold:end:cache.1[0K$ jdk_switcher use oraclejdk8
Switching to Oracle JDK8 (java-8-oracle), JAVA_HOME will be set to /usr/lib/jvm/java-8-oracle
$ java -Xmx32m -version
java version "1.8.0_31"
Java(TM) SE Runtime Environment (build 1.8.0_31-b13)
Java HotSpot(TM) 64-Bit Server VM (build 25.31-b07, mixed mode)
$ javac -J-Xmx32m -version
javac 1.8.0_31
travis_fold:start:install[0Ktravis_time:start:01f08f9e[0K$ true
travis_time:end:01f08f9e:start=1435301573357133909,finish=1435301573360258680,duration=3124771[0Ktravis_fold:end:install[0Ktravis_time:start:3a898d80[0K$ mvn clean dependency:list test -P${PROFILE} -Dsort
Java HotSpot(TM) 64-Bit Server VM warning: ignoring option MaxPermSize=192m; support was removed in 8.0
[INFO] Scanning for projects...
[INFO]                                                                         
[INFO] ------------------------------------------------------------------------
[INFO] Building Spring HATEOAS 0.18.0.BUILD-SNAPSHOT
[INFO] ------------------------------------------------------------------------
Downloading: http://repo.maven.apache.org/maven2/org/springframework/spring-web/4.0.9.RELEASE/spring-web-4.0.9.RELEASE.pom
4/7 KB   7/7 KB            Downloaded: http://repo.maven.apache.org/maven2/org/springframework/spring-web/4.0.9.RELEASE/spring-web-4.0.9.RELEASE.pom (7 KB at 30.6 KB/sec)
Downloading: http://repo.maven.apache.org/maven2/org/springframework/spring-webmvc/4.0.9.RELEASE/spring-webmvc-4.0.9.RELEASE.pom
3/11 KB   7/11 KB   11/11 KB              Downloaded: http://repo.maven.apache.org/maven2/org/springframework/spring-webmvc/4.0.9.RELEASE/spring-webmvc-4.0.9.RELEASE.pom (11 KB at 315.8 KB/sec)
Downloading: http://repo.maven.apache.org/maven2/org/springframework/spring-test/4.0.9.RELEASE/spring-test-4.0.9.RELEASE.pom
4/7 KB     7/7 KB            Downloaded: http://repo.maven.apache.org/maven2/org/springframework/spring-test/4.0.9.RELEASE/spring-test-4.0.9.RELEASE.pom (7 KB at 127.4 KB/sec)
Downloading: http://repo.maven.apache.org/maven2/org/springframework/spring-aop/4.0.9.RELEASE/spring-aop-4.0.9.RELEASE.jar
Downloading: http://repo.maven.apache.org/maven2/org/springframework/spring-beans/4.0.9.RELEASE/spring-beans-4.0.9.RELEASE.jar
Downloading: http://repo.maven.apache.org/maven2/org/springframework/spring-context/4.0.9.RELEASE/spring-context-4.0.9.RELEASE.jar
Downloading: http://repo.maven.apache.org/maven2/org/springframework/spring-expression/4.0.9.RELEASE/spring-expression-4.0.9.RELEASE.jar
Downloading: http://repo.maven.apache.org/maven2/org/springframework/spring-core/4.0.9.RELEASE/spring-core-4.0.9.RELEASE.jar
1/345 KB   5/345 KB   9/345 KB   13/345 KB   16/345 KB   20/345 KB   24/345 KB   28/345 KB   32/345 KB   36/345 KB   40/345 KB   44/345 KB   47/345 KB   4/956 KB   47/345 KB   8/956 KB   47/345 KB   12/956 KB   47/345 KB   14/956 KB   47/345 KB   14/956 KB   51/345 KB   14/956 KB   55/345 KB   14/956 KB   59/345 KB   14/956 KB   63/345 KB   14/956 KB   67/345 KB   14/956 KB   71/345 KB   14/956 KB   75/345 KB   14/956 KB   79/345 KB   14/956 KB   83/345 KB   14/956 KB   3/657 KB   87/345 KB   14/956 KB   3/657 KB   91/345 KB   14/956 KB   3/657 KB   95/345 KB   14/956 KB   3/657 KB   99/345 KB   14/956 KB   3/657 KB   99/345 KB   14/956 KB   3/657 KB   83/345 KB   14/956 KB   7/657 KB   99/345 KB   14/956 KB   11/657 KB   99/345 KB   14/956 KB   14/657 KB   99/345 KB   18/956 KB   14/657 KB   99/345 KB   22/956 KB   14/657 KB   99/345 KB   26/956 KB   14/657 KB   99/345 KB   30/956 KB   14/657 KB   99/345 KB   34/956 KB   14/657 KB   99/345 KB   38/956 KB   14/657 KB   99/345 KB   42/956 KB   14/657 KB   99/345 KB   43/956 KB   14/657 KB   99/345 KB   43/956 KB   14/657 KB   103/345 KB   43/956 KB   14/657 KB   107/345 KB   4/956 KB   43/956 KB   14/657 KB   111/345 KB   4/956 KB   43/956 KB   14/657 KB   115/345 KB   4/956 KB   43/956 KB   14/657 KB   119/345 KB   4/956 KB   43/956 KB   18/657 KB   123/345 KB   4/956 KB   43/956 KB   22/657 KB   123/345 KB   4/956 KB   43/956 KB   26/657 KB   123/345 KB   4/956 KB   43/956 KB   30/657 KB   123/345 KB   4/956 KB   43/956 KB   34/657 KB   123/345 KB   4/956 KB   43/956 KB   38/657 KB   123/345 KB   4/956 KB   43/956 KB   42/657 KB   123/345 KB   4/956 KB   43/956 KB   43/657 KB   123/345 KB   4/956 KB   43/956 KB   14/657 KB   103/345 KB   4/956 KB   47/956 KB   43/657 KB   123/345 KB   4/956 KB   51/956 KB   43/657 KB   123/345 KB   4/956 KB   55/956 KB   43/657 KB   123/345 KB   4/956 KB   59/956 KB   43/657 KB   123/345 KB   4/956 KB   63/956 KB   43/657 KB   123/345 KB   4/956 KB   67/956 KB   43/657 KB   123/345 KB   4/956 KB   71/956 KB   43/657 KB   123/345 KB   4/956 KB   75/956 KB   43/657 KB   123/345 KB   4/956 KB   79/956 KB   43/657 KB   123/345 KB   4/956 KB   83/956 KB   43/657 KB   123/345 KB   4/956 KB   87/956 KB   43/657 KB   123/345 KB   4/956 KB   91/956 KB   43/657 KB   123/345 KB   4/956 KB   93/956 KB   43/657 KB   123/345 KB   4/956 KB   93/956 KB   43/657 KB   123/345 KB   7/956 KB   93/956 KB   43/657 KB   123/345 KB   11/956 KB   93/956 KB   43/657 KB   123/345 KB   14/956 KB   43/956 KB   14/657 KB   123/345 KB   4/956 KB    93/956 KB   43/657 KB   127/345 KB   14/956 KB   93/956 KB   43/657 KB   131/345 KB   14/956 KB   93/956 KB   43/657 KB   135/345 KB   14/956 KB   93/956 KB   43/657 KB   135/345 KB   14/956 KB   1/201 KB   93/956 KB   43/657 KB   139/345 KB   14/956 KB   5/201 KB   93/956 KB   43/657 KB   139/345 KB   14/956 KB   9/201 KB   93/956 KB   43/657 KB   139/345 KB   14/956 KB   13/201 KB   97/956 KB   47/657 KB   139/345 KB   18/956 KB   13/201 KB   101/956 KB   47/657 KB   139/345 KB   18/956 KB   14/201 KB   105/956 KB   47/657 KB   139/345 KB   18/956 KB   14/201 KB   109/956 KB   47/657 KB   139/345 KB   18/956 KB   14/201 KB   113/956 KB   47/657 KB   139/345 KB   18/956 KB   14/201 KB   117/956 KB   47/657 KB   139/345 KB   18/956 KB   14/201 KB   121/956 KB   47/657 KB   139/345 KB   18/956 KB   14/201 KB   125/956 KB   47/657 KB   139/345 KB   18/956 KB   14/201 KB   129/956 KB   47/657 KB   139/345 KB   18/956 KB   14/201 KB   133/956 KB   47/657 KB   139/345 KB   18/956 KB   14/201 KB   137/956 KB   47/657 KB   139/345 KB   18/956 KB   14/201 KB   141/956 KB   47/657 KB   139/345 KB   18/956 KB   14/201 KB   145/956 KB   47/657 KB   139/345 KB   18/956 KB   14/201 KB   149/956 KB   47/657 KB   139/345 KB   18/956 KB   14/201 KB   153/956 KB   47/657 KB   139/345 KB   18/956 KB   14/201 KB   157/956 KB   47/657 KB   139/345 KB   18/956 KB   14/201 KB   161/956 KB   47/657 KB   139/345 KB   18/956 KB   14/201 KB   165/956 KB   47/657 KB   139/345 KB   18/956 KB   14/201 KB   169/956 KB   47/657 KB   139/345 KB   18/956 KB   14/201 KB   173/956 KB   47/657 KB   139/345 KB   18/956 KB   14/201 KB   177/956 KB   47/657 KB   139/345 KB   18/956 KB   14/201 KB   181/956 KB   47/657 KB   139/345 KB   18/956 KB   14/201 KB   184/956 KB   47/657 KB   139/345 KB   18/956 KB   14/201 KB   93/956 KB   43/657 KB   139/345 KB   14/956 KB   1/201 KB   97/956 KB   47/657 KB   139/345 KB   18/956 KB   14/201 KB   93/956 KB   47/657 KB   139/345 KB   18/956 KB   13/201 KB   184/956 KB   47/657 KB   139/345 KB   18/956 KB   18/201 KB   184/956 KB   51/657 KB   139/345 KB   18/956 KB   18/201 KB   184/956 KB   51/657 KB   139/345 KB   18/956 KB   22/201 KB   184/956 KB   55/657 KB   139/345 KB   18/956 KB   22/201 KB   184/956 KB   59/657 KB   139/345 KB   18/956 KB   26/201 KB   188/956 KB   59/657 KB   139/345 KB   18/956 KB   26/201 KB   188/956 KB   59/657 KB   139/345 KB   18/956 KB   30/201 KB   192/956 KB   59/657 KB   139/345 KB   18/956 KB   30/201 KB   192/956 KB   59/657 KB   139/345 KB   18/956 KB   34/201 KB   196/956 KB   59/657 KB   139/345 KB   18/956 KB   34/201 KB   196/956 KB   59/657 KB   139/345 KB   18/956 KB   38/201 KB   200/956 KB   59/657 KB   139/345 KB   18/956 KB   38/201 KB   200/956 KB   59/657 KB   139/345 KB   18/956 KB   42/201 KB   204/956 KB   59/657 KB   139/345 KB   18/956 KB   42/201 KB   204/956 KB   59/657 KB   139/345 KB   18/956 KB   43/201 KB   208/956 KB   59/657 KB   139/345 KB   18/956 KB   43/201 KB   208/956 KB   59/657 KB   143/345 KB   18/956 KB   43/201 KB   93/956 KB   43/657 KB   139/345 KB   18/956 KB   13/201 KB   212/956 KB   59/657 KB   147/345 KB   18/956 KB   47/201 KB   212/956 KB   59/657 KB   147/345 KB   22/956 KB   47/201 KB   212/956 KB   59/657 KB   151/345 KB   22/956 KB   47/201 KB   212/956 KB   59/657 KB   151/345 KB   26/956 KB   47/201 KB   212/956 KB   59/657 KB   155/345 KB   26/956 KB   47/201 KB   212/956 KB   59/657 KB   155/345 KB   30/956 KB   47/201 KB   212/956 KB   59/657 KB   159/345 KB   34/956 KB   47/201 KB   212/956 KB   59/657 KB   143/345 KB   18/956 KB   47/201 KB   212/956 KB   59/657 KB   159/345 KB   38/956 KB   47/201 KB   212/956 KB   59/657 KB   159/345 KB   42/956 KB   47/201 KB   212/956 KB   59/657 KB   159/345 KB   46/956 KB   51/201 KB   212/956 KB   59/657 KB   159/345 KB   50/956 KB   51/201 KB   212/956 KB   59/657 KB   159/345 KB   54/956 KB   51/201 KB   212/956 KB   59/657 KB   159/345 KB   58/956 KB   51/201 KB   212/956 KB   59/657 KB   159/345 KB   62/956 KB   51/201 KB   212/956 KB   59/657 KB   159/345 KB   66/956 KB   51/201 KB   212/956 KB   59/657 KB   159/345 KB   70/956 KB   51/201 KB   212/956 KB   59/657 KB   159/345 KB   74/956 KB   51/201 KB   212/956 KB   59/657 KB   159/345 KB   78/956 KB   51/201 KB   212/956 KB   59/657 KB   159/345 KB   82/956 KB   51/201 KB   212/956 KB   59/657 KB   159/345 KB   86/956 KB   51/201 KB   212/956 KB   59/657 KB   159/345 KB   90/956 KB   51/201 KB   212/956 KB   59/657 KB   159/345 KB   94/956 KB   51/201 KB   212/956 KB   59/657 KB   159/345 KB   98/956 KB   51/201 KB   212/956 KB   59/657 KB   159/345 KB   102/956 KB   51/201 KB   212/956 KB   59/657 KB   159/345 KB   106/956 KB   51/201 KB   212/956 KB   59/657 KB   159/345 KB   110/956 KB   51/201 KB   212/956 KB   59/657 KB   159/345 KB   114/956 KB   51/201 KB   212/956 KB   59/657 KB   159/345 KB   118/956 KB   51/201 KB   212/956 KB   59/657 KB   143/345 KB   18/956 KB   43/201 KB   216/956 KB   59/657 KB   159/345 KB   118/956 KB   51/201 KB   220/956 KB   59/657 KB   159/345 KB   118/956 KB   51/201 KB   224/956 KB   59/657 KB   159/345 KB   118/956 KB   51/201 KB   184/956 KB   59/657 KB   139/345 KB   18/956 KB   26/201 KB   212/956 KB   59/657 KB   159/345 KB   42/956 KB   51/201 KB   224/956 KB   63/657 KB   159/345 KB   118/956 KB   51/201 KB   224/956 KB   63/657 KB   159/345 KB   118/956 KB   55/201 KB   224/956 KB   67/657 KB   159/345 KB   118/956 KB   55/201 KB   224/956 KB   67/657 KB   159/345 KB   118/956 KB   59/201 KB   224/956 KB   71/657 KB   159/345 KB   118/956 KB   59/201 KB   212/956 KB   59/657 KB   159/345 KB   34/956 KB   47/201 KB   224/956 KB   71/657 KB   163/345 KB   118/956 KB   63/201 KB   224/956 KB   75/657 KB   167/345 KB   118/956 KB   63/201 KB   228/956 KB   75/657 KB   167/345 KB   118/956 KB   63/201 KB   228/956 KB   75/657 KB   171/345 KB   118/956 KB   63/201 KB   232/956 KB   75/657 KB   171/345 KB   118/956 KB   63/201 KB   232/956 KB   75/657 KB   175/345 KB   118/956 KB   63/201 KB   232/956 KB   75/657 KB   179/345 KB   118/956 KB   63/201 KB   236/956 KB   75/657 KB   183/345 KB   118/956 KB   63/201 KB   236/956 KB   75/657 KB   183/345 KB   122/956 KB   63/201 KB   224/956 KB   71/657 KB   159/345 KB   118/956 KB   63/201 KB   236/956 KB   75/657 KB   187/345 KB   122/956 KB   67/201 KB   236/956 KB   75/657 KB   187/345 KB   126/956 KB   71/201 KB   236/956 KB   75/657 KB   187/345 KB   126/956 KB   75/201 KB   236/956 KB   75/657 KB   187/345 KB   126/956 KB   79/201 KB   236/956 KB   75/657 KB   187/345 KB   126/956 KB   83/201 KB   236/956 KB   75/657 KB   187/345 KB   126/956 KB   87/201 KB   236/956 KB   75/657 KB   187/345 KB   126/956 KB   91/201 KB   236/956 KB   75/657 KB   187/345 KB   126/956 KB   95/201 KB   236/956 KB   75/657 KB   187/345 KB   126/956 KB   99/201 KB   236/956 KB   75/657 KB   187/345 KB   126/956 KB   103/201 KB   236/956 KB   75/657 KB   187/345 KB   126/956 KB   107/201 KB   236/956 KB   75/657 KB   187/345 KB   126/956 KB   111/201 KB   236/956 KB   75/657 KB   187/345 KB   126/956 KB   115/201 KB   236/956 KB   75/657 KB   187/345 KB   126/956 KB   119/201 KB   236/956 KB   75/657 KB   187/345 KB   126/956 KB   123/201 KB   236/956 KB   75/657 KB   187/345 KB   126/956 KB   127/201 KB   236/956 KB   75/657 KB   187/345 KB   126/956 KB   131/201 KB   236/956 KB   75/657 KB   187/345 KB   126/956 KB   135/201 KB   236/956 KB   75/657 KB   187/345 KB   126/956 KB   139/201 KB   236/956 KB   75/657 KB   187/345 KB   126/956 KB   143/201 KB   236/956 KB   75/657 KB   187/345 KB   126/956 KB   147/201 KB   236/956 KB   75/657 KB   187/345 KB   126/956 KB   151/201 KB   236/956 KB   75/657 KB   187/345 KB   126/956 KB   155/201 KB   236/956 KB   75/657 KB   187/345 KB   126/956 KB   159/201 KB   236/956 KB   75/657 KB   187/345 KB   126/956 KB   163/201 KB   236/956 KB   75/657 KB   187/345 KB   126/956 KB   167/201 KB   236/956 KB   75/657 KB   187/345 KB   126/956 KB   171/201 KB   236/956 KB   75/657 KB   187/345 KB   126/956 KB   175/201 KB   236/956 KB   75/657 KB   187/345 KB   126/956 KB   179/201 KB   236/956 KB   75/657 KB   187/345 KB   126/956 KB   183/201 KB   236/956 KB   75/657 KB   187/345 KB   126/956 KB   187/201 KB   236/956 KB   75/657 KB   187/345 KB   126/956 KB   191/201 KB   236/956 KB   75/657 KB   187/345 KB   126/956 KB   195/201 KB   236/956 KB   75/657 KB   187/345 KB   126/956 KB   199/201 KB   236/956 KB   75/657 KB   187/345 KB   126/956 KB   201/201 KB   236/956 KB   75/657 KB   187/345 KB   122/956 KB   63/201 KB   236/956 KB   75/657 KB   179/345 KB   118/956 KB   63/201 KB   236/956 KB   75/657 KB   191/345 KB   126/956 KB   201/201 KB   240/956 KB   75/657 KB   191/345 KB   126/956 KB   201/201 KB   244/956 KB   75/657 KB   195/345 KB   126/956 KB   201/201 KB   248/956 KB   75/657 KB   195/345 KB   126/956 KB   201/201 KB   252/956 KB   75/657 KB   195/345 KB   126/956 KB   201/201 KB   256/956 KB   75/657 KB   195/345 KB   126/956 KB   201/201 KB   260/956 KB   75/657 KB   195/345 KB   126/956 KB   201/201 KB   264/956 KB   75/657 KB   195/345 KB   126/956 KB   201/201 KB   268/956 KB   75/657 KB   195/345 KB   126/956 KB   201/201 KB   272/956 KB   75/657 KB   195/345 KB   126/956 KB   201/201 KB   276/956 KB   75/657 KB   195/345 KB   126/956 KB   201/201 KB   280/956 KB   75/657 KB   195/345 KB   126/956 KB   201/201 KB   284/956 KB   75/657 KB   195/345 KB   126/956 KB   201/201 KB   288/956 KB   75/657 KB   195/345 KB   126/956 KB   201/201 KB   292/956 KB   75/657 KB   195/345 KB   126/956 KB   201/201 KB   296/956 KB   75/657 KB   195/345 KB   126/956 KB   201/201 KB   224/956 KB   75/657 KB   163/345 KB   118/956 KB   63/201 KB   296/956 KB   79/657 KB   195/345 KB   126/956 KB   201/201 KB   296/956 KB   83/657 KB   195/345 KB   126/956 KB   201/201 KB   296/956 KB   87/657 KB   195/345 KB   126/956 KB   201/201 KB   296/956 KB   91/657 KB   195/345 KB   126/956 KB   201/201 KB   296/956 KB   95/657 KB   195/345 KB   126/956 KB   201/201 KB   296/956 KB   99/657 KB   195/345 KB   126/956 KB   201/201 KB   296/956 KB   103/657 KB   195/345 KB   126/956 KB   201/201 KB   296/956 KB   107/657 KB   195/345 KB   126/956 KB   201/201 KB   296/956 KB   111/657 KB   195/345 KB   126/956 KB   201/201 KB   296/956 KB   115/657 KB   195/345 KB   126/956 KB   201/201 KB   296/956 KB   119/657 KB   195/345 KB   126/956 KB   201/201 KB   296/956 KB   123/657 KB   195/345 KB   126/956 KB   201/201 KB   296/956 KB   127/657 KB   195/345 KB   126/956 KB   201/201 KB   296/956 KB   131/657 KB   195/345 KB   126/956 KB   201/201 KB   296/956 KB   135/657 KB   195/345 KB   126/956 KB   201/201 KB   296/956 KB   139/657 KB   195/345 KB   126/956 KB   201/201 KB   296/956 KB   143/657 KB   195/345 KB   126/956 KB   201/201 KB   296/956 KB   147/657 KB   195/345 KB   126/956 KB   201/201 KB   296/956 KB   151/657 KB   195/345 KB   126/956 KB   201/201 KB   296/956 KB   155/657 KB   195/345 KB   126/956 KB   201/201 KB   296/956 KB   159/657 KB   195/345 KB   126/956 KB   201/201 KB   296/956 KB   163/657 KB   195/345 KB   126/956 KB   201/201 KB   296/956 KB   167/657 KB   195/345 KB   126/956 KB   201/201 KB   296/956 KB   171/657 KB   195/345 KB   126/956 KB   201/201 KB   296/956 KB   175/657 KB   195/345 KB   126/956 KB   201/201 KB   296/956 KB   179/657 KB   195/345 KB   126/956 KB   201/201 KB   296/956 KB   183/657 KB   195/345 KB   126/956 KB   201/201 KB   296/956 KB   187/657 KB   195/345 KB   126/956 KB   201/201 KB   296/956 KB   191/657 KB   195/345 KB   126/956 KB   201/201 KB   296/956 KB   195/657 KB   195/345 KB   126/956 KB   201/201 KB   300/956 KB   199/657 KB   195/345 KB   126/956 KB   201/201 KB   300/956 KB   203/657 KB   195/345 KB   126/956 KB   201/201 KB   300/956 KB   207/657 KB   195/345 KB   126/956 KB   201/201 KB   300/956 KB   211/657 KB   195/345 KB   126/956 KB   201/201 KB   300/956 KB   215/657 KB   195/345 KB   126/956 KB   201/201 KB   300/956 KB   219/657 KB   195/345 KB   126/956 KB   201/201 KB   300/956 KB   223/657 KB   195/345 KB   126/956 KB   201/201 KB   300/956 KB   227/657 KB   195/345 KB   126/956 KB   201/201 KB                                                                    Downloaded: http://repo.maven.apache.org/maven2/org/springframework/spring-expression/4.0.9.RELEASE/spring-expression-4.0.9.RELEASE.jar (201 KB at 1605.4 KB/sec)
240/956 KB   75/657 KB   195/345 KB   126/956 KB   201/201 KB   300/956 KB   231/657 KB   199/345 KB   126/956 KB   300/956 KB   231/657 KB   203/345 KB   126/956 KB   300/956 KB   231/657 KB   207/345 KB   126/956 KB   300/956 KB   231/657 KB   211/345 KB   126/956 KB   300/956 KB   231/657 KB   215/345 KB   126/956 KB   300/956 KB   231/657 KB   219/345 KB   126/956 KB   300/956 KB   231/657 KB   223/345 KB   126/956 KB   300/956 KB   231/657 KB   227/345 KB   126/956 KB   300/956 KB   231/657 KB   231/345 KB   126/956 KB   300/956 KB   231/657 KB   235/345 KB   126/956 KB   300/956 KB   231/657 KB   239/345 KB   126/956 KB   300/956 KB   231/657 KB   243/345 KB   126/956 KB   300/956 KB   231/657 KB   247/345 KB   126/956 KB   300/956 KB   231/657 KB   251/345 KB   126/956 KB   300/956 KB   231/657 KB   255/345 KB   126/956 KB   300/956 KB   231/657 KB   259/345 KB   126/956 KB   300/956 KB   231/657 KB   263/345 KB   126/956 KB   300/956 KB   231/657 KB   267/345 KB   126/956 KB   300/956 KB   231/657 KB   271/345 KB   126/956 KB   300/956 KB   231/657 KB   275/345 KB   126/956 KB   300/956 KB   231/657 KB   279/345 KB   126/956 KB   300/956 KB   231/657 KB   283/345 KB   126/956 KB   300/956 KB   231/657 KB   287/345 KB   126/956 KB   300/956 KB   231/657 KB   291/345 KB   126/956 KB   300/956 KB   231/657 KB   295/345 KB   126/956 KB   300/956 KB   231/657 KB   299/345 KB   126/956 KB   300/956 KB   231/657 KB   303/345 KB   126/956 KB   236/956 KB   75/657 KB   187/345 KB   126/956 KB   67/201 KB   300/956 KB   231/657 KB   303/345 KB   130/956 KB   300/956 KB   231/657 KB   303/345 KB   134/956 KB   300/956 KB   231/657 KB   303/345 KB   138/956 KB   300/956 KB   231/657 KB   303/345 KB   142/956 KB   300/956 KB   231/657 KB   303/345 KB   146/956 KB   300/956 KB   231/657 KB   303/345 KB   150/956 KB   300/956 KB   231/657 KB   303/345 KB   154/956 KB   300/956 KB   231/657 KB   303/345 KB   158/956 KB   300/956 KB   231/657 KB   303/345 KB   162/956 KB   300/956 KB   231/657 KB   303/345 KB   166/956 KB   300/956 KB   231/657 KB   303/345 KB   170/956 KB   300/956 KB   231/657 KB   303/345 KB   174/956 KB   300/956 KB   231/657 KB   303/345 KB   178/956 KB   300/956 KB   231/657 KB   303/345 KB   182/956 KB   300/956 KB   231/657 KB   303/345 KB   186/956 KB   300/956 KB   231/657 KB   303/345 KB   190/956 KB   300/956 KB   231/657 KB   303/345 KB   194/956 KB   300/956 KB   231/657 KB   303/345 KB   198/956 KB   300/956 KB   231/657 KB   303/345 KB   202/956 KB   300/956 KB   231/657 KB   303/345 KB   206/956 KB   300/956 KB   231/657 KB   303/345 KB   210/956 KB   300/956 KB   231/657 KB   303/345 KB   214/956 KB   300/956 KB   231/657 KB   303/345 KB   218/956 KB   300/956 KB   231/657 KB   303/345 KB   222/956 KB   300/956 KB   231/657 KB   303/345 KB   226/956 KB   300/956 KB   231/657 KB   303/345 KB   230/956 KB   300/956 KB   231/657 KB   303/345 KB   234/956 KB   300/956 KB   231/657 KB   303/345 KB   238/956 KB   300/956 KB   231/657 KB   303/345 KB   242/956 KB   300/956 KB   231/657 KB   307/345 KB   246/956 KB   300/956 KB   231/657 KB   307/345 KB   250/956 KB   300/956 KB   231/657 KB   307/345 KB   254/956 KB   300/956 KB   231/657 KB   307/345 KB   258/956 KB   300/956 KB   231/657 KB   307/345 KB   262/956 KB   300/956 KB   231/657 KB   307/345 KB   266/956 KB   300/956 KB   231/657 KB   307/345 KB   270/956 KB   300/956 KB   231/657 KB   307/345 KB   274/956 KB   300/956 KB   231/657 KB   307/345 KB   278/956 KB   300/956 KB   231/657 KB   307/345 KB   282/956 KB   300/956 KB   231/657 KB   307/345 KB   286/956 KB   300/956 KB   231/657 KB   307/345 KB   290/956 KB   300/956 KB   231/657 KB   307/345 KB   294/956 KB   Downloading: http://repo.maven.apache.org/maven2/org/springframework/spring-web/4.0.9.RELEASE/spring-web-4.0.9.RELEASE.jar
300/956 KB   231/657 KB   195/345 KB   126/956 KB                300/956 KB   235/657 KB   307/345 KB   294/956 KB   300/956 KB   239/657 KB   307/345 KB   294/956 KB   300/956 KB   243/657 KB   307/345 KB   294/956 KB   300/956 KB   247/657 KB   307/345 KB   294/956 KB   300/956 KB   251/657 KB   307/345 KB   294/956 KB   300/956 KB   255/657 KB   307/345 KB   294/956 KB   300/956 KB   259/657 KB   307/345 KB   294/956 KB   300/956 KB   263/657 KB   307/345 KB   294/956 KB   300/956 KB   267/657 KB   307/345 KB   294/956 KB   300/956 KB   271/657 KB   307/345 KB   294/956 KB   300/956 KB   195/657 KB   195/345 KB   126/956 KB   201/201 KB   304/956 KB   271/657 KB   307/345 KB   294/956 KB   308/956 KB   271/657 KB   307/345 KB   294/956 KB   312/956 KB   271/657 KB   307/345 KB   294/956 KB   316/956 KB   271/657 KB   307/345 KB   294/956 KB   320/956 KB   271/657 KB   307/345 KB   294/956 KB   324/956 KB   271/657 KB   307/345 KB   294/956 KB   328/956 KB   271/657 KB   307/345 KB   294/956 KB   332/956 KB   271/657 KB   307/345 KB   294/956 KB   336/956 KB   271/657 KB   307/345 KB   294/956 KB   340/956 KB   271/657 KB   307/345 KB   294/956 KB   344/956 KB   271/657 KB   307/345 KB   294/956 KB   300/956 KB   231/657 KB   307/345 KB   242/956 KB   348/956 KB   271/657 KB   311/345 KB   294/956 KB   348/956 KB   271/657 KB   315/345 KB   294/956 KB   348/956 KB   271/657 KB   319/345 KB   294/956 KB   348/956 KB   271/657 KB   323/345 KB   294/956 KB   348/956 KB   271/657 KB   327/345 KB   294/956 KB   348/956 KB   271/657 KB   331/345 KB   294/956 KB   348/956 KB   271/657 KB   335/345 KB   294/956 KB   348/956 KB   271/657 KB   339/345 KB   294/956 KB   348/956 KB   271/657 KB   343/345 KB   294/956 KB   348/956 KB   271/657 KB   345/345 KB   294/956 KB   348/956 KB   271/657 KB   345/345 KB   294/956 KB   352/956 KB   271/657 KB   345/345 KB   298/956 KB   356/956 KB   271/657 KB   345/345 KB   298/956 KB   360/956 KB   271/657 KB   345/345 KB   298/956 KB   364/956 KB   275/657 KB   345/345 KB   298/956 KB   368/956 KB   275/657 KB   345/345 KB   298/956 KB   372/956 KB   275/657 KB   345/345 KB   298/956 KB   376/956 KB   275/657 KB   345/345 KB   298/956 KB   380/956 KB   275/657 KB   345/345 KB   298/956 KB   384/956 KB   275/657 KB   345/345 KB   298/956 KB   388/956 KB   275/657 KB   345/345 KB   298/956 KB   392/956 KB   275/657 KB   345/345 KB   298/956 KB   396/956 KB   275/657 KB   345/345 KB   298/956 KB   400/956 KB   275/657 KB   345/345 KB   298/956 KB   404/956 KB   275/657 KB   345/345 KB   298/956 KB   408/956 KB   275/657 KB   345/345 KB   298/956 KB   412/956 KB   275/657 KB   345/345 KB   298/956 KB   416/956 KB   275/657 KB   345/345 KB   298/956 KB   420/956 KB   275/657 KB   345/345 KB   298/956 KB   424/956 KB   275/657 KB   345/345 KB   298/956 KB   428/956 KB   275/657 KB   345/345 KB   298/956 KB   432/956 KB   275/657 KB   345/345 KB   298/956 KB   436/956 KB   275/657 KB   345/345 KB   298/956 KB   440/956 KB   275/657 KB   345/345 KB   298/956 KB   444/956 KB   275/657 KB   345/345 KB   298/956 KB   448/956 KB   275/657 KB   345/345 KB   298/956 KB   452/956 KB   275/657 KB   345/345 KB   298/956 KB   456/956 KB   275/657 KB   345/345 KB   298/956 KB   460/956 KB   275/657 KB   345/345 KB   298/956 KB   464/956 KB   275/657 KB   345/345 KB   298/956 KB   468/956 KB   275/657 KB   345/345 KB   298/956 KB   472/956 KB   275/657 KB   345/345 KB   298/956 KB   476/956 KB   275/657 KB   345/345 KB   298/956 KB   480/956 KB   275/657 KB   345/345 KB   298/956 KB   484/956 KB   275/657 KB   345/345 KB   298/956 KB   488/956 KB   275/657 KB   345/345 KB   298/956 KB   492/956 KB   275/657 KB   345/345 KB   298/956 KB   496/956 KB   275/657 KB   345/345 KB   298/956 KB   500/956 KB   275/657 KB   345/345 KB   298/956 KB   504/956 KB   275/657 KB   345/345 KB   298/956 KB   508/956 KB   275/657 KB   345/345 KB   298/956 KB   512/956 KB   275/657 KB   345/345 KB   298/956 KB   516/956 KB   275/657 KB   345/345 KB   298/956 KB   520/956 KB   275/657 KB   345/345 KB   298/956 KB   524/956 KB   275/657 KB   345/345 KB   298/956 KB   528/956 KB   275/657 KB   345/345 KB   298/956 KB   532/956 KB   275/657 KB   345/345 KB   298/956 KB   536/956 KB   275/657 KB   345/345 KB   298/956 KB   540/956 KB   275/657 KB   345/345 KB   298/956 KB   544/956 KB   275/657 KB   345/345 KB   298/956 KB   548/956 KB   275/657 KB   345/345 KB   298/956 KB   552/956 KB   275/657 KB   345/345 KB   298/956 KB   556/956 KB   275/657 KB   345/345 KB   298/956 KB   560/956 KB   275/657 KB   345/345 KB   298/956 KB   564/956 KB   275/657 KB   345/345 KB   298/956 KB   568/956 KB   275/657 KB   345/345 KB   298/956 KB   572/956 KB   275/657 KB   345/345 KB   298/956 KB   576/956 KB   275/657 KB   345/345 KB   298/956 KB   580/956 KB   275/657 KB   345/345 KB   298/956 KB   584/956 KB   275/657 KB   345/345 KB   298/956 KB   588/956 KB   275/657 KB   345/345 KB   298/956 KB   592/956 KB   275/657 KB   345/345 KB   298/956 KB   596/956 KB   275/657 KB   345/345 KB   298/956 KB   600/956 KB   275/657 KB   345/345 KB   298/956 KB   604/956 KB   275/657 KB   345/345 KB   298/956 KB   608/956 KB   275/657 KB   345/345 KB   298/956 KB   612/956 KB   275/657 KB   345/345 KB   298/956 KB   616/956 KB   275/657 KB   345/345 KB   298/956 KB   620/956 KB   275/657 KB   345/345 KB   298/956 KB   624/956 KB   275/657 KB   345/345 KB   298/956 KB   628/956 KB   275/657 KB   345/345 KB   298/956 KB   632/956 KB   275/657 KB   345/345 KB   298/956 KB   636/956 KB   275/657 KB   345/345 KB   298/956 KB   640/956 KB   275/657 KB   345/345 KB   298/956 KB   644/956 KB   275/657 KB   345/345 KB   298/956 KB   648/956 KB   275/657 KB   345/345 KB   298/956 KB   652/956 KB   275/657 KB   345/345 KB   298/956 KB   656/956 KB   275/657 KB   345/345 KB   298/956 KB   660/956 KB   275/657 KB   345/345 KB   298/956 KB   664/956 KB   275/657 KB   345/345 KB   298/956 KB   668/956 KB   275/657 KB   298/956 KB                4/656 KB   672/956 KB   275/657 KB   298/956 KB   4/656 KB   676/956 KB   275/657 KB   298/956 KB   4/656 KB   680/956 KB   275/657 KB   298/956 KB   4/656 KB   684/956 KB   275/657 KB   298/956 KB   4/656 KB   688/956 KB   275/657 KB   298/956 KB   4/656 KB   692/956 KB   275/657 KB   298/956 KB   4/656 KB   696/956 KB   275/657 KB   298/956 KB   4/656 KB   700/956 KB   275/657 KB   298/956 KB   4/656 KB   704/956 KB   275/657 KB   298/956 KB   4/656 KB   708/956 KB   275/657 KB   298/956 KB   4/656 KB   712/956 KB   275/657 KB   298/956 KB   4/656 KB   716/956 KB   275/657 KB   298/956 KB   4/656 KB   720/956 KB   275/657 KB   298/956 KB   4/656 KB   724/956 KB   275/657 KB   298/956 KB   4/656 KB   728/956 KB   275/657 KB   298/956 KB   4/656 KB   732/956 KB   275/657 KB   298/956 KB   4/656 KB   736/956 KB   275/657 KB   298/956 KB   4/656 KB   740/956 KB   275/657 KB   298/956 KB   4/656 KB   744/956 KB   275/657 KB   298/956 KB   4/656 KB   748/956 KB   275/657 KB   298/956 KB   4/656 KB   752/956 KB   275/657 KB   298/956 KB   4/656 KB   756/956 KB   275/657 KB   298/956 KB   4/656 KB   760/956 KB   275/657 KB   298/956 KB   4/656 KB   764/956 KB   275/657 KB   298/956 KB   4/656 KB   768/956 KB   275/657 KB   298/956 KB   352/956 KB   271/657 KB   345/345 KB   298/956 KB   4/656 KB   668/956 KB   275/657 KB   298/956 KB                                                       360/956 KB   275/657 KB   345/345 KB   298/956 KB   8/656 KB   768/956 KB   275/657 KB   298/956 KB   8/656 KB   768/956 KB   279/657 KB   298/956 KB   12/656 KB   768/956 KB   279/657 KB   298/956 KB   12/656 KB   768/956 KB   283/657 KB   298/956 KB   16/656 KB   768/956 KB   287/657 KB   298/956 KB   16/656 KB   768/956 KB   291/657 KB   298/956 KB   16/656 KB   768/956 KB   295/657 KB   298/956 KB   16/656 KB   768/956 KB   299/657 KB   298/956 KB   16/656 KB   768/956 KB   303/657 KB   298/956 KB   16/656 KB   768/956 KB   307/657 KB   298/956 KB   16/656 KB   768/956 KB   311/657 KB   298/956 KB   16/656 KB   768/956 KB   315/657 KB   298/956 KB   16/656 KB   768/956 KB   319/657 KB   298/956 KB   16/656 KB   768/956 KB   323/657 KB   298/956 KB   16/656 KB   768/956 KB   327/657 KB   298/956 KB   16/656 KB   768/956 KB   331/657 KB   298/956 KB   16/656 KB   768/956 KB   335/657 KB   298/956 KB   16/656 KB   768/956 KB   339/657 KB   298/956 KB   16/656 KB   768/956 KB   343/657 KB   298/956 KB   16/656 KB   768/956 KB   347/657 KB   298/956 KB   16/656 KB   768/956 KB   351/657 KB   298/956 KB   16/656 KB   768/956 KB   355/657 KB   298/956 KB   16/656 KB   768/956 KB   359/657 KB   298/956 KB   16/656 KB   768/956 KB   363/657 KB   298/956 KB   16/656 KB   768/956 KB   367/657 KB   298/956 KB   16/656 KB   768/956 KB   371/657 KB   298/956 KB   16/656 KB   768/956 KB   375/657 KB   298/956 KB   16/656 KB   768/956 KB   379/657 KB   298/956 KB   16/656 KB   768/956 KB   383/657 KB   298/956 KB   16/656 KB   768/956 KB   387/657 KB   298/956 KB   16/656 KB   768/956 KB   391/657 KB   298/956 KB   16/656 KB   768/956 KB   395/657 KB   298/956 KB   16/656 KB   768/956 KB   399/657 KB   298/956 KB   16/656 KB   768/956 KB   403/657 KB   298/956 KB   16/656 KB   768/956 KB   407/657 KB   298/956 KB   16/656 KB   768/956 KB   411/657 KB   298/956 KB   16/656 KB   768/956 KB   415/657 KB   298/956 KB   16/656 KB   768/956 KB   419/657 KB   298/956 KB   16/656 KB   768/956 KB   423/657 KB   298/956 KB   16/656 KB   768/956 KB   427/657 KB   298/956 KB   16/656 KB   768/956 KB   431/657 KB   298/956 KB   16/656 KB   768/956 KB   435/657 KB   298/956 KB   16/656 KB   768/956 KB   439/657 KB   298/956 KB   16/656 KB   768/956 KB   443/657 KB   298/956 KB   16/656 KB   768/956 KB   447/657 KB   298/956 KB   16/656 KB   768/956 KB   451/657 KB   298/956 KB   16/656 KB   768/956 KB   455/657 KB   298/956 KB   16/656 KB   768/956 KB   459/657 KB   298/956 KB   16/656 KB   768/956 KB   463/657 KB   298/956 KB   16/656 KB   768/956 KB   467/657 KB   298/956 KB   16/656 KB   768/956 KB   471/657 KB   298/956 KB   16/656 KB   768/956 KB   475/657 KB   298/956 KB   16/656 KB   768/956 KB   479/657 KB   298/956 KB   16/656 KB   768/956 KB   483/657 KB   298/956 KB   16/656 KB   768/956 KB   487/657 KB   298/956 KB   16/656 KB   768/956 KB   491/657 KB   298/956 KB   16/656 KB   768/956 KB   283/657 KB   298/956 KB   16/656 KB   768/956 KB   495/657 KB   298/956 KB   20/656 KB   768/956 KB   495/657 KB   298/956 KB   24/656 KB   768/956 KB   495/657 KB   298/956 KB   28/656 KB   768/956 KB   499/657 KB   298/956 KB   Downloaded: http://repo.maven.apache.org/maven2/org/springframework/spring-aop/4.0.9.RELEASE/spring-aop-4.0.9.RELEASE.jar (345 KB at 1435.7 KB/sec)
Downloading: http://repo.maven.apache.org/maven2/org/springframework/spring-webmvc/4.0.9.RELEASE/spring-webmvc-4.0.9.RELEASE.jar
24/656 KB   768/956 KB   499/657 KB   298/956 KB   32/656 KB   768/956 KB   499/657 KB   298/956 KB   36/656 KB   768/956 KB   499/657 KB   298/956 KB   36/656 KB   768/956 KB   499/657 KB   302/956 KB   40/656 KB   768/956 KB   499/657 KB   302/956 KB   44/656 KB   768/956 KB   499/657 KB   302/956 KB   44/656 KB   768/956 KB   499/657 KB   306/956 KB   48/656 KB   768/956 KB   499/657 KB   306/956 KB   52/656 KB   768/956 KB   499/657 KB   306/956 KB   52/656 KB   768/956 KB   499/657 KB   310/956 KB   56/656 KB   768/956 KB   499/657 KB   310/956 KB   60/656 KB   768/956 KB   499/657 KB   310/956 KB   64/656 KB   768/956 KB   499/657 KB   310/956 KB   68/656 KB   768/956 KB   499/657 KB   310/956 KB   72/656 KB   768/956 KB   499/657 KB   310/956 KB   76/656 KB   768/956 KB   499/657 KB   314/956 KB   76/656 KB   772/956 KB   499/657 KB   314/956 KB   80/656 KB   772/956 KB   503/657 KB   314/956 KB   80/656 KB   772/956 KB   507/657 KB   314/956 KB   80/656 KB   776/956 KB   511/657 KB   314/956 KB   80/656 KB   776/956 KB   515/657 KB   314/956 KB   80/656 KB   776/956 KB   519/657 KB   314/956 KB   80/656 KB   776/956 KB   523/657 KB   314/956 KB   80/656 KB   776/956 KB   527/657 KB   314/956 KB   80/656 KB   776/956 KB   531/657 KB   314/956 KB   80/656 KB   776/956 KB   535/657 KB   314/956 KB   80/656 KB   776/956 KB   539/657 KB   314/956 KB   80/656 KB   776/956 KB   543/657 KB   314/956 KB   80/656 KB   776/956 KB   547/657 KB   314/956 KB   80/656 KB   776/956 KB   551/657 KB   314/956 KB   80/656 KB   776/956 KB   555/657 KB   314/956 KB   80/656 KB   776/956 KB   559/657 KB   314/956 KB   80/656 KB   776/956 KB   563/657 KB   314/956 KB   80/656 KB   776/956 KB   567/657 KB   314/956 KB   80/656 KB   776/956 KB   571/657 KB   314/956 KB   80/656 KB   776/956 KB   575/657 KB   314/956 KB   80/656 KB   776/956 KB   579/657 KB   314/956 KB   80/656 KB   776/956 KB   583/657 KB   314/956 KB   80/656 KB   776/956 KB   587/657 KB   314/956 KB   80/656 KB   776/956 KB   591/657 KB   314/956 KB   80/656 KB   776/956 KB   595/657 KB   314/956 KB   80/656 KB   776/956 KB   599/657 KB   314/956 KB   80/656 KB   776/956 KB   603/657 KB   314/956 KB   80/656 KB   776/956 KB   607/657 KB   314/956 KB   80/656 KB   776/956 KB   611/657 KB   314/956 KB   80/656 KB   776/956 KB   615/657 KB   314/956 KB   80/656 KB   776/956 KB   619/657 KB   314/956 KB   80/656 KB   776/956 KB   623/657 KB   314/956 KB   80/656 KB   776/956 KB   627/657 KB   314/956 KB   80/656 KB   776/956 KB   631/657 KB   314/956 KB   80/656 KB   776/956 KB   635/657 KB   314/956 KB   80/656 KB   776/956 KB   639/657 KB   314/956 KB   80/656 KB   776/956 KB   643/657 KB   314/956 KB   80/656 KB   776/956 KB   647/657 KB   314/956 KB   80/656 KB   776/956 KB   651/657 KB   314/956 KB   80/656 KB   776/956 KB   655/657 KB   314/956 KB   80/656 KB   776/956 KB   657/657 KB   314/956 KB   72/656 KB   768/956 KB   499/657 KB   314/956 KB   80/656 KB   776/956 KB   507/657 KB   314/956 KB   80/656 KB   776/956 KB   657/657 KB   318/956 KB   80/656 KB   780/956 KB   657/657 KB   318/956 KB   80/656 KB   784/956 KB   657/657 KB   322/956 KB   80/656 KB   788/956 KB   657/657 KB   322/956 KB   80/656 KB   792/956 KB   657/657 KB   322/956 KB   80/656 KB   796/956 KB   657/657 KB   322/956 KB   80/656 KB   800/956 KB   657/657 KB   322/956 KB   80/656 KB   804/956 KB   657/657 KB   322/956 KB   80/656 KB   808/956 KB   657/657 KB   322/956 KB   80/656 KB   812/956 KB   657/657 KB   322/956 KB   80/656 KB   816/956 KB   657/657 KB   322/956 KB   80/656 KB   820/956 KB   657/657 KB   322/956 KB   80/656 KB   824/956 KB   657/657 KB   322/956 KB   80/656 KB   828/956 KB   657/657 KB   322/956 KB   80/656 KB   832/956 KB   657/657 KB   322/956 KB   80/656 KB   836/956 KB   657/657 KB   322/956 KB   80/656 KB   840/956 KB   657/657 KB   322/956 KB   80/656 KB   844/956 KB   657/657 KB   322/956 KB   80/656 KB   848/956 KB   657/657 KB   322/956 KB   80/656 KB   852/956 KB   657/657 KB   322/956 KB   80/656 KB   856/956 KB   657/657 KB   322/956 KB   80/656 KB   860/956 KB   657/657 KB   322/956 KB   80/656 KB   864/956 KB   657/657 KB   322/956 KB   80/656 KB   868/956 KB   657/657 KB   322/956 KB   80/656 KB   872/956 KB   657/657 KB   322/956 KB   80/656 KB   876/956 KB   657/657 KB   322/956 KB   80/656 KB   880/956 KB   657/657 KB   322/956 KB   80/656 KB   884/956 KB   657/657 KB   322/956 KB   80/656 KB   888/956 KB   657/657 KB   322/956 KB   80/656 KB   892/956 KB   657/657 KB   322/956 KB   80/656 KB   896/956 KB   657/657 KB   322/956 KB   80/656 KB   900/956 KB   657/657 KB   322/956 KB   80/656 KB   904/956 KB   657/657 KB   322/956 KB   80/656 KB   908/956 KB   657/657 KB   322/956 KB   80/656 KB   912/956 KB   657/657 KB   322/956 KB   80/656 KB   916/956 KB   657/657 KB   322/956 KB   80/656 KB   920/956 KB   657/657 KB   322/956 KB   80/656 KB   924/956 KB   657/657 KB   322/956 KB   80/656 KB   928/956 KB   657/657 KB   322/956 KB   80/656 KB   932/956 KB   657/657 KB   322/956 KB   80/656 KB   936/956 KB   657/657 KB   322/956 KB   80/656 KB   940/956 KB   657/657 KB   322/956 KB   80/656 KB   944/956 KB   657/657 KB   322/956 KB   80/656 KB   948/956 KB   657/657 KB   322/956 KB   80/656 KB   952/956 KB   657/657 KB   322/956 KB   80/656 KB   956/956 KB   657/657 KB   322/956 KB   80/656 KB   956/956 KB   657/657 KB   322/956 KB   80/656 KB   772/956 KB   499/657 KB   314/956 KB   80/656 KB   780/956 KB   657/657 KB   322/956 KB   84/656 KB   956/956 KB   657/657 KB   322/956 KB   84/656 KB   956/956 KB   657/657 KB   326/956 KB   88/656 KB   956/956 KB   657/657 KB   330/956 KB   88/656 KB   956/956 KB   657/657 KB   334/956 KB   88/656 KB   956/956 KB   657/657 KB   338/956 KB   88/656 KB   956/956 KB   657/657 KB   342/956 KB   88/656 KB   956/956 KB   657/657 KB   346/956 KB   88/656 KB   956/956 KB   657/657 KB   350/956 KB   88/656 KB   956/956 KB   657/657 KB   354/956 KB   88/656 KB   956/956 KB   657/657 KB   358/956 KB   88/656 KB   956/956 KB   657/657 KB   362/956 KB   88/656 KB   956/956 KB   657/657 KB   366/956 KB   88/656 KB   956/956 KB   657/657 KB   370/956 KB   88/656 KB   956/956 KB   657/657 KB   374/956 KB   88/656 KB   956/956 KB   657/657 KB   378/956 KB   88/656 KB   956/956 KB   657/657 KB   382/956 KB   88/656 KB   956/956 KB   657/657 KB   386/956 KB   88/656 KB   956/956 KB   657/657 KB   390/956 KB   88/656 KB   956/956 KB   657/657 KB   394/956 KB   88/656 KB   956/956 KB   657/657 KB   398/956 KB   88/656 KB   956/956 KB   657/657 KB   402/956 KB   88/656 KB   956/956 KB   657/657 KB   406/956 KB   88/656 KB   956/956 KB   657/657 KB   410/956 KB   88/656 KB   956/956 KB   657/657 KB   414/956 KB   88/656 KB   956/956 KB   657/657 KB   418/956 KB   88/656 KB   956/956 KB   657/657 KB   422/956 KB   88/656 KB   956/956 KB   657/657 KB   426/956 KB   88/656 KB   956/956 KB   657/657 KB   430/956 KB   88/656 KB   956/956 KB   657/657 KB   434/956 KB   88/656 KB   956/956 KB   657/657 KB   438/956 KB   88/656 KB   956/956 KB   657/657 KB   442/956 KB   88/656 KB   956/956 KB   657/657 KB   446/956 KB   88/656 KB   956/956 KB   657/657 KB   450/956 KB   88/656 KB   956/956 KB   657/657 KB   454/956 KB   88/656 KB   956/956 KB   657/657 KB   458/956 KB   88/656 KB   956/956 KB   657/657 KB   462/956 KB   88/656 KB   956/956 KB   657/657 KB   466/956 KB   88/656 KB   956/956 KB   657/657 KB   470/956 KB   88/656 KB   956/956 KB   657/657 KB   474/956 KB   88/656 KB   956/956 KB   657/657 KB   478/956 KB   88/656 KB   956/956 KB   657/657 KB   482/956 KB   88/656 KB   956/956 KB   657/657 KB   486/956 KB   88/656 KB   956/956 KB   657/657 KB   490/956 KB   88/656 KB   956/956 KB   657/657 KB   494/956 KB   88/656 KB   956/956 KB   657/657 KB   498/956 KB   88/656 KB   956/956 KB   657/657 KB   502/956 KB   88/656 KB   956/956 KB   657/657 KB   506/956 KB   88/656 KB   956/956 KB   657/657 KB   510/956 KB   88/656 KB   956/956 KB   657/657 KB   514/956 KB   88/656 KB   956/956 KB   657/657 KB   518/956 KB   88/656 KB   956/956 KB   657/657 KB   522/956 KB   3/650 KB   88/656 KB   956/956 KB   657/657 KB   526/956 KB   3/650 KB   88/656 KB   956/956 KB   657/657 KB   530/956 KB   3/650 KB   88/656 KB   956/956 KB   657/657 KB   534/956 KB   3/650 KB   88/656 KB   956/956 KB   657/657 KB   538/956 KB   3/650 KB   88/656 KB   956/956 KB   657/657 KB   542/956 KB   3/650 KB   88/656 KB   956/956 KB   657/657 KB   546/956 KB   3/650 KB   88/656 KB   956/956 KB   657/657 KB   550/956 KB   3/650 KB   88/656 KB   956/956 KB   657/657 KB   554/956 KB   3/650 KB   88/656 KB   956/956 KB   657/657 KB   558/956 KB   3/650 KB   88/656 KB   956/956 KB   657/657 KB   562/956 KB   3/650 KB   88/656 KB   956/956 KB   657/657 KB   566/956 KB   3/650 KB   88/656 KB   956/956 KB   657/657 KB   570/956 KB   3/650 KB   88/656 KB   956/956 KB   657/657 KB   574/956 KB   3/650 KB   88/656 KB   956/956 KB   657/657 KB   578/956 KB   3/650 KB   88/656 KB   956/956 KB   657/657 KB   582/956 KB   3/650 KB   88/656 KB   956/956 KB   657/657 KB   586/956 KB   3/650 KB   88/656 KB   956/956 KB   657/657 KB   590/956 KB   3/650 KB   88/656 KB   956/956 KB   657/657 KB   594/956 KB   3/650 KB   88/656 KB   956/956 KB   657/657 KB   598/956 KB   3/650 KB   88/656 KB   956/956 KB   657/657 KB   602/956 KB   3/650 KB   88/656 KB   956/956 KB   657/657 KB   606/956 KB   3/650 KB   88/656 KB   956/956 KB   610/956 KB   3/650 KB                88/656 KB   956/956 KB   614/956 KB   3/650 KB   88/656 KB   956/956 KB   657/657 KB   326/956 KB   92/656 KB   956/956 KB   614/956 KB   3/650 KB   96/656 KB   956/956 KB   614/956 KB   3/650 KB   100/656 KB   956/956 KB   614/956 KB   3/650 KB   104/656 KB   956/956 KB   614/956 KB   3/650 KB                                                                 88/656 KB   956/956 KB   657/657 KB   518/956 KB   3/650 KB   Downloaded: http://repo.maven.apache.org/maven2/org/springframework/spring-beans/4.0.9.RELEASE/spring-beans-4.0.9.RELEASE.jar (657 KB at 2626.4 KB/sec)
108/656 KB   618/956 KB   3/650 KB                                                                  112/656 KB   618/956 KB   7/650 KB   116/656 KB   618/956 KB   7/650 KB   120/656 KB   618/956 KB   7/650 KB   124/656 KB   618/956 KB   7/650 KB   128/656 KB   618/956 KB   7/650 KB   132/656 KB   618/956 KB   7/650 KB   136/656 KB   618/956 KB   7/650 KB   140/656 KB   618/956 KB   7/650 KB   144/656 KB   618/956 KB   7/650 KB   148/656 KB   618/956 KB   7/650 KB   152/656 KB   618/956 KB   7/650 KB   156/656 KB   618/956 KB   7/650 KB   160/656 KB   618/956 KB   7/650 KB   164/656 KB   618/956 KB   7/650 KB   168/656 KB   618/956 KB   7/650 KB   172/656 KB   618/956 KB   7/650 KB   176/656 KB   618/956 KB   7/650 KB   180/656 KB   618/956 KB   7/650 KB   184/656 KB   618/956 KB   7/650 KB   188/656 KB   618/956 KB   7/650 KB   192/656 KB   618/956 KB   7/650 KB   196/656 KB   618/956 KB   7/650 KB   200/656 KB   618/956 KB   7/650 KB   204/656 KB   618/956 KB   7/650 KB   208/656 KB   618/956 KB   7/650 KB   212/656 KB   618/956 KB   7/650 KB   216/656 KB   618/956 KB   7/650 KB   220/656 KB   618/956 KB   7/650 KB   224/656 KB   618/956 KB   7/650 KB   228/656 KB   618/956 KB   7/650 KB   232/656 KB   618/956 KB   7/650 KB   236/656 KB   618/956 KB   7/650 KB   240/656 KB   618/956 KB   7/650 KB   244/656 KB   618/956 KB   7/650 KB   248/656 KB   618/956 KB   7/650 KB   252/656 KB   618/956 KB   7/650 KB   256/656 KB   618/956 KB   7/650 KB   260/656 KB   618/956 KB   7/650 KB   264/656 KB   618/956 KB   7/650 KB   268/656 KB   618/956 KB   7/650 KB   272/656 KB   618/956 KB   7/650 KB   276/656 KB   618/956 KB   7/650 KB   280/656 KB   618/956 KB   7/650 KB   284/656 KB   618/956 KB   7/650 KB   288/656 KB   618/956 KB   7/650 KB   292/656 KB   618/956 KB   7/650 KB   296/656 KB   618/956 KB   7/650 KB   300/656 KB   618/956 KB   7/650 KB   304/656 KB   618/956 KB   7/650 KB   308/656 KB   618/956 KB   7/650 KB   312/656 KB   618/956 KB   7/650 KB   316/656 KB   618/956 KB   7/650 KB   320/656 KB   618/956 KB   7/650 KB   324/656 KB   618/956 KB   7/650 KB   328/656 KB   618/956 KB   7/650 KB   332/656 KB   618/956 KB   7/650 KB   336/656 KB   618/956 KB   7/650 KB   340/656 KB   618/956 KB   7/650 KB   344/656 KB   618/956 KB   7/650 KB   348/656 KB   618/956 KB   7/650 KB   352/656 KB   618/956 KB   7/650 KB   356/656 KB   618/956 KB   7/650 KB   360/656 KB   618/956 KB   7/650 KB   364/656 KB   618/956 KB   7/650 KB   368/656 KB   618/956 KB   7/650 KB   372/656 KB   618/956 KB   7/650 KB   376/656 KB   618/956 KB   7/650 KB   380/656 KB   618/956 KB   7/650 KB   384/656 KB   618/956 KB   7/650 KB   388/656 KB   618/956 KB   7/650 KB   392/656 KB   618/956 KB   7/650 KB   396/656 KB   618/956 KB   7/650 KB   400/656 KB   618/956 KB   7/650 KB   404/656 KB   618/956 KB   7/650 KB   408/656 KB   618/956 KB   7/650 KB   412/656 KB   618/956 KB   7/650 KB   416/656 KB   618/956 KB   7/650 KB   420/656 KB   618/956 KB   7/650 KB   424/656 KB   618/956 KB   7/650 KB   428/656 KB   618/956 KB   7/650 KB   432/656 KB   618/956 KB   7/650 KB   436/656 KB   618/956 KB   7/650 KB   440/656 KB   618/956 KB   7/650 KB   444/656 KB   618/956 KB   7/650 KB   448/656 KB   618/956 KB   7/650 KB   452/656 KB   618/956 KB   7/650 KB   456/656 KB   618/956 KB   7/650 KB   104/656 KB   956/956 KB   618/956 KB   3/650 KB   460/656 KB   622/956 KB   7/650 KB   460/656 KB   626/956 KB   7/650 KB   460/656 KB   630/956 KB   7/650 KB   460/656 KB   634/956 KB   7/650 KB   460/656 KB   638/956 KB   7/650 KB   460/656 KB   642/956 KB   7/650 KB   460/656 KB   646/956 KB   7/650 KB   460/656 KB   650/956 KB   7/650 KB   460/656 KB   654/956 KB   7/650 KB   460/656 KB   658/956 KB   7/650 KB   460/656 KB   662/956 KB   7/650 KB   460/656 KB   666/956 KB   7/650 KB   460/656 KB   670/956 KB   7/650 KB   460/656 KB   674/956 KB   7/650 KB   460/656 KB   678/956 KB   7/650 KB   460/656 KB   682/956 KB   7/650 KB   460/656 KB   686/956 KB   7/650 KB   Downloading: http://repo.maven.apache.org/maven2/org/springframework/spring-test/4.0.9.RELEASE/spring-test-4.0.9.RELEASE.jar
Downloaded: http://repo.maven.apache.org/maven2/org/springframework/spring-context/4.0.9.RELEASE/spring-context-4.0.9.RELEASE.jar (956 KB at 3933.5 KB/sec)
108/656 KB   618/956 KB   7/650 KB   460/656 KB   686/956 KB   11/650 KB   460/656 KB   686/956 KB   15/650 KB   460/656 KB   686/956 KB   19/650 KB   460/656 KB   686/956 KB   23/650 KB   460/656 KB   686/956 KB   27/650 KB   460/656 KB   686/956 KB   31/650 KB   460/656 KB   686/956 KB   35/650 KB   460/656 KB   690/956 KB   39/650 KB   460/656 KB   690/956 KB   43/650 KB   460/656 KB   690/956 KB   47/650 KB   460/656 KB   690/956 KB   51/650 KB   460/656 KB   690/956 KB   55/650 KB   460/656 KB   690/956 KB   59/650 KB   460/656 KB   690/956 KB   63/650 KB   460/656 KB   690/956 KB   67/650 KB   460/656 KB   690/956 KB   71/650 KB   460/656 KB   690/956 KB   75/650 KB   460/656 KB   690/956 KB   79/650 KB   460/656 KB   690/956 KB   83/650 KB   460/656 KB   690/956 KB   87/650 KB   460/656 KB   690/956 KB   91/650 KB   460/656 KB   690/956 KB   95/650 KB   460/656 KB   690/956 KB   99/650 KB   460/656 KB   690/956 KB   103/650 KB   460/656 KB   690/956 KB   107/650 KB   460/656 KB   690/956 KB   111/650 KB   460/656 KB   690/956 KB   115/650 KB   460/656 KB   690/956 KB   119/650 KB   460/656 KB   690/956 KB   123/650 KB   460/656 KB   690/956 KB   127/650 KB   460/656 KB   690/956 KB   131/650 KB   460/656 KB   690/956 KB   135/650 KB   460/656 KB   690/956 KB   139/650 KB   460/656 KB   690/956 KB   143/650 KB   460/656 KB   690/956 KB   147/650 KB   460/656 KB   690/956 KB   151/650 KB   460/656 KB   690/956 KB   155/650 KB   460/656 KB   690/956 KB   159/650 KB   460/656 KB   690/956 KB   163/650 KB   460/656 KB   690/956 KB   167/650 KB   460/656 KB   690/956 KB   171/650 KB   460/656 KB   690/956 KB   175/650 KB   460/656 KB   690/956 KB   179/650 KB   460/656 KB   690/956 KB   183/650 KB   460/656 KB   690/956 KB   187/650 KB   460/656 KB   690/956 KB   191/650 KB   460/656 KB   690/956 KB   195/650 KB   460/656 KB   690/956 KB   199/650 KB   460/656 KB   690/956 KB   203/650 KB   460/656 KB   690/956 KB   207/650 KB   460/656 KB   690/956 KB   211/650 KB   460/656 KB   690/956 KB   215/650 KB   460/656 KB   690/956 KB   219/650 KB   460/656 KB   690/956 KB   223/650 KB   460/656 KB   690/956 KB   227/650 KB   460/656 KB   690/956 KB   231/650 KB   460/656 KB   690/956 KB   235/650 KB   460/656 KB   690/956 KB   239/650 KB   460/656 KB   690/956 KB   243/650 KB   460/656 KB   690/956 KB   247/650 KB   460/656 KB   690/956 KB   251/650 KB   460/656 KB   690/956 KB   255/650 KB   460/656 KB   690/956 KB   259/650 KB   460/656 KB   690/956 KB   263/650 KB   460/656 KB   690/956 KB   267/650 KB   460/656 KB   690/956 KB   271/650 KB   460/656 KB   690/956 KB   275/650 KB   460/656 KB   690/956 KB   279/650 KB   460/656 KB   690/956 KB   283/650 KB   460/656 KB   690/956 KB   287/650 KB   460/656 KB   690/956 KB   291/650 KB   460/656 KB   690/956 KB   295/650 KB   460/656 KB   690/956 KB   299/650 KB   460/656 KB   690/956 KB   303/650 KB   460/656 KB   690/956 KB   307/650 KB   460/656 KB   690/956 KB   311/650 KB   460/656 KB   690/956 KB   315/650 KB   460/656 KB   690/956 KB   319/650 KB   460/656 KB   690/956 KB   323/650 KB   460/656 KB   690/956 KB   327/650 KB   460/656 KB   690/956 KB   331/650 KB   460/656 KB   690/956 KB   335/650 KB   460/656 KB   690/956 KB   339/650 KB   460/656 KB   690/956 KB   343/650 KB   460/656 KB   690/956 KB   347/650 KB   460/656 KB   690/956 KB   351/650 KB   460/656 KB   690/956 KB   355/650 KB   460/656 KB   690/956 KB   359/650 KB   460/656 KB   690/956 KB   363/650 KB   460/656 KB   690/956 KB   367/650 KB   460/656 KB   690/956 KB   371/650 KB   460/656 KB   690/956 KB   375/650 KB   460/656 KB   690/956 KB   379/650 KB   460/656 KB   690/956 KB   383/650 KB   460/656 KB   690/956 KB   387/650 KB   460/656 KB   690/956 KB   391/650 KB   460/656 KB   690/956 KB   395/650 KB   460/656 KB   690/956 KB   399/650 KB   460/656 KB   690/956 KB   403/650 KB   460/656 KB   690/956 KB   407/650 KB   460/656 KB   690/956 KB   411/650 KB   460/656 KB   690/956 KB   415/650 KB   460/656 KB   690/956 KB   419/650 KB   460/656 KB   690/956 KB   423/650 KB   460/656 KB   690/956 KB   427/650 KB   460/656 KB   690/956 KB   431/650 KB   460/656 KB   690/956 KB   435/650 KB   460/656 KB   690/956 KB   439/650 KB   460/656 KB   690/956 KB   443/650 KB   460/656 KB   690/956 KB   447/650 KB   460/656 KB   690/956 KB   451/650 KB   460/656 KB   690/956 KB   455/650 KB   460/656 KB   690/956 KB   459/650 KB   460/656 KB   690/956 KB   463/650 KB   460/656 KB   690/956 KB   467/650 KB   460/656 KB   690/956 KB   471/650 KB   460/656 KB   690/956 KB   475/650 KB   460/656 KB   690/956 KB   479/650 KB   460/656 KB   690/956 KB   483/650 KB   460/656 KB   690/956 KB   487/650 KB   460/656 KB   690/956 KB   491/650 KB   460/656 KB   690/956 KB   495/650 KB   460/656 KB   690/956 KB   499/650 KB   460/656 KB   690/956 KB   503/650 KB   460/656 KB   690/956 KB   507/650 KB   460/656 KB   690/956 KB   511/650 KB   460/656 KB   690/956 KB   515/650 KB   460/656 KB   690/956 KB   519/650 KB   460/656 KB   690/956 KB   523/650 KB   460/656 KB   690/956 KB   527/650 KB   460/656 KB   690/956 KB   531/650 KB   460/656 KB   690/956 KB   535/650 KB   460/656 KB   690/956 KB   539/650 KB   460/656 KB   690/956 KB   543/650 KB   460/656 KB   690/956 KB   547/650 KB   460/656 KB   690/956 KB   551/650 KB   460/656 KB   690/956 KB   555/650 KB   460/656 KB   690/956 KB   559/650 KB   460/656 KB   690/956 KB   563/650 KB   460/656 KB   690/956 KB   567/650 KB   460/656 KB   690/956 KB   571/650 KB   460/656 KB   690/956 KB   575/650 KB   460/656 KB   690/956 KB   579/650 KB   460/656 KB   690/956 KB   583/650 KB   460/656 KB   690/956 KB   586/650 KB   460/656 KB   690/956 KB   35/650 KB   460/656 KB   694/956 KB   590/650 KB   460/656 KB   698/956 KB   590/650 KB   460/656 KB   702/956 KB   590/650 KB   460/656 KB   706/956 KB   590/650 KB   460/656 KB   710/956 KB   590/650 KB   460/656 KB   714/956 KB   590/650 KB   460/656 KB   718/956 KB   590/650 KB   460/656 KB   722/956 KB   590/650 KB   460/656 KB   726/956 KB   590/650 KB   460/656 KB   730/956 KB   590/650 KB   460/656 KB   734/956 KB   590/650 KB   460/656 KB   738/956 KB   590/650 KB   460/656 KB   742/956 KB   590/650 KB   460/656 KB   746/956 KB   590/650 KB   460/656 KB   750/956 KB   590/650 KB   460/656 KB   754/956 KB   590/650 KB   460/656 KB   758/956 KB   590/650 KB   460/656 KB   762/956 KB   590/650 KB   460/656 KB   766/956 KB   590/650 KB   460/656 KB   770/956 KB   590/650 KB   460/656 KB   774/956 KB   590/650 KB   460/656 KB   778/956 KB   590/650 KB   460/656 KB   782/956 KB   590/650 KB   460/656 KB   786/956 KB   590/650 KB   460/656 KB   790/956 KB   590/650 KB   460/656 KB   794/956 KB   590/650 KB   460/656 KB   798/956 KB   590/650 KB   460/656 KB   802/956 KB   590/650 KB   460/656 KB   806/956 KB   590/650 KB   460/656 KB   810/956 KB   590/650 KB   460/656 KB   814/956 KB   590/650 KB   460/656 KB   818/956 KB   590/650 KB   460/656 KB   822/956 KB   590/650 KB   460/656 KB   826/956 KB   590/650 KB   460/656 KB   690/956 KB   590/650 KB   460/656 KB   826/956 KB   594/650 KB   460/656 KB   826/956 KB   598/650 KB   460/656 KB   826/956 KB   602/650 KB   460/656 KB   826/956 KB   606/650 KB   460/656 KB   826/956 KB   610/650 KB   460/656 KB   826/956 KB   614/650 KB   460/656 KB   826/956 KB   618/650 KB   460/656 KB   826/956 KB   622/650 KB   460/656 KB   826/956 KB   626/650 KB   460/656 KB   826/956 KB   630/650 KB   460/656 KB   826/956 KB   634/650 KB   460/656 KB   826/956 KB   638/650 KB   460/656 KB   826/956 KB   642/650 KB   460/656 KB   826/956 KB   646/650 KB   460/656 KB   826/956 KB   650/650 KB   460/656 KB   826/956 KB   650/650 KB   460/656 KB   738/956 KB   590/650 KB   464/656 KB   826/956 KB   650/650 KB   468/656 KB   826/956 KB   650/650 KB   472/656 KB   826/956 KB   650/650 KB   476/656 KB   826/956 KB   650/650 KB   480/656 KB   826/956 KB   650/650 KB   484/656 KB   826/956 KB   650/650 KB   488/656 KB   826/956 KB   650/650 KB   492/656 KB   826/956 KB   650/650 KB   496/656 KB   826/956 KB   650/650 KB   500/656 KB   826/956 KB   650/650 KB   504/656 KB   826/956 KB   650/650 KB   508/656 KB   826/956 KB   650/650 KB   512/656 KB   826/956 KB   650/650 KB   516/656 KB   826/956 KB   650/650 KB   520/656 KB   826/956 KB   650/650 KB   524/656 KB   826/956 KB   650/650 KB   528/656 KB   826/956 KB   650/650 KB   532/656 KB   826/956 KB   650/650 KB   536/656 KB   826/956 KB   650/650 KB   540/656 KB   826/956 KB   650/650 KB   544/656 KB   826/956 KB   650/650 KB   548/656 KB   826/956 KB   650/650 KB   552/656 KB   830/956 KB   4/439 KB   650/650 KB   556/656 KB   830/956 KB   4/439 KB   650/650 KB   560/656 KB   830/956 KB   4/439 KB   650/650 KB   564/656 KB   830/956 KB   4/439 KB   650/650 KB   568/656 KB   830/956 KB   4/439 KB   650/650 KB   572/656 KB   830/956 KB   4/439 KB   650/650 KB   576/656 KB   830/956 KB   4/439 KB   650/650 KB   580/656 KB   830/956 KB   4/439 KB   650/650 KB   584/656 KB   830/956 KB   4/439 KB   650/650 KB   588/656 KB   830/956 KB   4/439 KB   650/650 KB   592/656 KB   830/956 KB   4/439 KB   650/650 KB   596/656 KB   830/956 KB   4/439 KB   650/650 KB   600/656 KB   830/956 KB   4/439 KB   650/650 KB   604/656 KB   830/956 KB   4/439 KB                548/656 KB   830/956 KB   4/439 KB   650/650 KB   548/656 KB   826/956 KB   4/439 KB   650/650 KB   604/656 KB   830/956 KB   8/439 KB   604/656 KB   830/956 KB   12/439 KB   604/656 KB   830/956 KB   16/439 KB   604/656 KB   830/956 KB   20/439 KB   604/656 KB   830/956 KB   24/439 KB   604/656 KB   830/956 KB   28/439 KB   604/656 KB   830/956 KB   32/439 KB   604/656 KB   830/956 KB   36/439 KB   604/656 KB   830/956 KB   40/439 KB   604/656 KB   830/956 KB   44/439 KB   604/656 KB   830/956 KB   48/439 KB   604/656 KB   830/956 KB   52/439 KB   604/656 KB   830/956 KB   56/439 KB   604/656 KB   830/956 KB   60/439 KB   604/656 KB   830/956 KB   64/439 KB   604/656 KB   830/956 KB   68/439 KB   604/656 KB   830/956 KB   72/439 KB   604/656 KB   830/956 KB   76/439 KB   604/656 KB   830/956 KB   80/439 KB   604/656 KB   830/956 KB   84/439 KB   604/656 KB   830/956 KB   88/439 KB   604/656 KB   830/956 KB   92/439 KB   604/656 KB   830/956 KB   96/439 KB   604/656 KB   830/956 KB   100/439 KB   604/656 KB   830/956 KB   104/439 KB   604/656 KB   830/956 KB   108/439 KB   604/656 KB   830/956 KB   112/439 KB   604/656 KB   830/956 KB   116/439 KB   604/656 KB   830/956 KB   120/439 KB   604/656 KB   830/956 KB   124/439 KB   604/656 KB   830/956 KB   128/439 KB   604/656 KB   830/956 KB   132/439 KB   604/656 KB   830/956 KB   136/439 KB   604/656 KB   830/956 KB   139/439 KB   604/656 KB   834/956 KB   139/439 KB   604/656 KB   838/956 KB   139/439 KB   604/656 KB   842/956 KB   139/439 KB   604/656 KB   846/956 KB   139/439 KB   604/656 KB   850/956 KB   139/439 KB   604/656 KB   854/956 KB   139/439 KB   604/656 KB   858/956 KB   139/439 KB   604/656 KB   862/956 KB   139/439 KB   604/656 KB   866/956 KB   139/439 KB   604/656 KB   870/956 KB   139/439 KB   604/656 KB   874/956 KB   139/439 KB   604/656 KB   878/956 KB   139/439 KB   604/656 KB   882/956 KB   139/439 KB   604/656 KB   886/956 KB   139/439 KB   604/656 KB   890/956 KB   139/439 KB   604/656 KB   894/956 KB   139/439 KB   604/656 KB   898/956 KB   139/439 KB   604/656 KB   902/956 KB   139/439 KB   604/656 KB   906/956 KB   139/439 KB   604/656 KB   910/956 KB   139/439 KB   604/656 KB   914/956 KB   139/439 KB   604/656 KB   918/956 KB   139/439 KB   604/656 KB   922/956 KB   139/439 KB   604/656 KB   926/956 KB   139/439 KB   604/656 KB   930/956 KB   139/439 KB   604/656 KB   934/956 KB   139/439 KB   604/656 KB   938/956 KB   139/439 KB   604/656 KB   942/956 KB   139/439 KB   604/656 KB   946/956 KB   139/439 KB   604/656 KB   950/956 KB   139/439 KB   604/656 KB   954/956 KB   139/439 KB   604/656 KB   954/956 KB   141/439 KB   604/656 KB   954/956 KB   145/439 KB   604/656 KB   954/956 KB   149/439 KB   604/656 KB   954/956 KB   153/439 KB   604/656 KB   954/956 KB   157/439 KB   604/656 KB   954/956 KB   161/439 KB   604/656 KB   954/956 KB   165/439 KB   604/656 KB   954/956 KB   169/439 KB   604/656 KB   954/956 KB   173/439 KB   604/656 KB   954/956 KB   177/439 KB   604/656 KB   954/956 KB   181/439 KB   604/656 KB   954/956 KB   185/439 KB   604/656 KB   954/956 KB   189/439 KB   604/656 KB   954/956 KB   193/439 KB   604/656 KB   954/956 KB   197/439 KB   604/656 KB   954/956 KB   201/439 KB   604/656 KB   954/956 KB   205/439 KB   604/656 KB   954/956 KB   209/439 KB   604/656 KB   954/956 KB   212/439 KB   604/656 KB   956/956 KB   212/439 KB   604/656 KB   956/956 KB   216/439 KB   604/656 KB   956/956 KB   220/439 KB   604/656 KB   956/956 KB   224/439 KB   604/656 KB   956/956 KB   228/439 KB   604/656 KB   956/956 KB   232/439 KB   604/656 KB   956/956 KB   236/439 KB   604/656 KB   956/956 KB   240/439 KB   604/656 KB   956/956 KB   244/439 KB   604/656 KB   956/956 KB   248/439 KB   604/656 KB   956/956 KB   252/439 KB   604/656 KB   956/956 KB   256/439 KB   604/656 KB   956/956 KB   260/439 KB   604/656 KB   956/956 KB   264/439 KB   604/656 KB   956/956 KB   268/439 KB   604/656 KB   956/956 KB   272/439 KB   604/656 KB   956/956 KB   276/439 KB   604/656 KB   956/956 KB   280/439 KB   604/656 KB   956/956 KB   284/439 KB   604/656 KB   956/956 KB   288/439 KB   604/656 KB   956/956 KB   289/439 KB                                                     Downloaded: http://repo.maven.apache.org/maven2/org/springframework/spring-webmvc/4.0.9.RELEASE/spring-webmvc-4.0.9.RELEASE.jar (650 KB at 2068.3 KB/sec)
608/656 KB   956/956 KB   293/439 KB   608/656 KB   956/956 KB   297/439 KB   608/656 KB   956/956 KB   301/439 KB   608/656 KB   956/956 KB   305/439 KB   608/656 KB   956/956 KB   309/439 KB   608/656 KB   956/956 KB   313/439 KB   608/656 KB   956/956 KB   317/439 KB   608/656 KB   956/956 KB   321/439 KB   608/656 KB   956/956 KB   325/439 KB   608/656 KB   956/956 KB   329/439 KB   608/656 KB   956/956 KB   333/439 KB   608/656 KB   956/956 KB   337/439 KB   608/656 KB   956/956 KB   341/439 KB   608/656 KB   956/956 KB   345/439 KB   608/656 KB   956/956 KB   349/439 KB   608/656 KB   956/956 KB   353/439 KB   608/656 KB   956/956 KB   357/439 KB   608/656 KB   956/956 KB   361/439 KB   608/656 KB   956/956 KB   365/439 KB   608/656 KB   956/956 KB   369/439 KB   608/656 KB   956/956 KB   373/439 KB   608/656 KB   956/956 KB   377/439 KB   608/656 KB   956/956 KB   381/439 KB   608/656 KB   956/956 KB   385/439 KB   608/656 KB   956/956 KB   386/439 KB   608/656 KB   956/956 KB   289/439 KB   612/656 KB   956/956 KB   386/439 KB   616/656 KB   956/956 KB   386/439 KB   620/656 KB   956/956 KB   386/439 KB   624/656 KB   956/956 KB   386/439 KB   628/656 KB   956/956 KB   386/439 KB   632/656 KB   956/956 KB   386/439 KB   636/656 KB   956/956 KB   386/439 KB   640/656 KB   956/956 KB   386/439 KB   644/656 KB   956/956 KB   386/439 KB   648/656 KB   956/956 KB   386/439 KB   652/656 KB   956/956 KB   386/439 KB   656/656 KB   956/956 KB   386/439 KB   656/656 KB   956/956 KB   390/439 KB   656/656 KB   956/956 KB   392/439 KB   656/656 KB   956/956 KB   396/439 KB   656/656 KB   956/956 KB   400/439 KB   656/656 KB   956/956 KB   404/439 KB   656/656 KB   956/956 KB   408/439 KB   656/656 KB   956/956 KB   412/439 KB   656/656 KB   956/956 KB   416/439 KB   656/656 KB   956/956 KB   420/439 KB   656/656 KB   956/956 KB   424/439 KB   656/656 KB   956/956 KB   428/439 KB   656/656 KB   956/956 KB   432/439 KB   656/656 KB   956/956 KB   436/439 KB   656/656 KB   956/956 KB   439/439 KB                                          Downloaded: http://repo.maven.apache.org/maven2/org/springframework/spring-core/4.0.9.RELEASE/spring-core-4.0.9.RELEASE.jar (956 KB at 2913.1 KB/sec)
                                       Downloaded: http://repo.maven.apache.org/maven2/org/springframework/spring-web/4.0.9.RELEASE/spring-web-4.0.9.RELEASE.jar (656 KB at 1939.7 KB/sec)
                                       Downloaded: http://repo.maven.apache.org/maven2/org/springframework/spring-test/4.0.9.RELEASE/spring-test-4.0.9.RELEASE.jar (439 KB at 1297.2 KB/sec)
[INFO] 
[INFO] --- maven-clean-plugin:2.5:clean (default-clean) @ spring-hateoas ---
[INFO] 
[INFO] --- maven-dependency-plugin:2.8:list (default-cli) @ spring-hateoas ---
[INFO] 
[INFO] The following files have been resolved:
[INFO]    aopalliance:aopalliance:jar:1.0:compile
[INFO]    ch.qos.logback:logback-classic:jar:1.1.3:test
[INFO]    ch.qos.logback:logback-core:jar:1.1.3:test
[INFO]    com.fasterxml.jackson.core:jackson-annotations:jar:2.4.6:compile
[INFO]    com.fasterxml.jackson.core:jackson-core:jar:2.4.6:compile
[INFO]    com.fasterxml.jackson.core:jackson-databind:jar:2.4.6:compile
[INFO]    com.jayway.jsonpath:json-path:jar:0.9.1:compile
[INFO]    commons-collections:commons-collections:jar:3.2.1:test
[INFO]    commons-io:commons-io:jar:2.4:test
[INFO]    commons-lang:commons-lang:jar:2.6:test
[INFO]    javax.servlet:servlet-api:jar:2.5:provided
[INFO]    javax.ws.rs:jsr311-api:jar:1.0:compile
[INFO]    joda-time:joda-time:jar:2.3:test
[INFO]    junit:junit:jar:4.11:test
[INFO]    net.jadler:jadler-all:jar:1.1.1:test
[INFO]    net.jadler:jadler-core:jar:1.1.1:test
[INFO]    net.jadler:jadler-jetty:jar:1.1.1:test
[INFO]    net.jadler:jadler-junit:jar:1.1.1:test
[INFO]    net.minidev:json-smart:jar:1.2:compile
[INFO]    org.atteo:evo-inflector:jar:1.2.1:compile
[INFO]    org.eclipse.jetty.orbit:javax.servlet:jar:3.0.0.v201112011016:test
[INFO]    org.eclipse.jetty:jetty-continuation:jar:8.1.11.v20130520:test
[INFO]    org.eclipse.jetty:jetty-http:jar:8.1.11.v20130520:test
[INFO]    org.eclipse.jetty:jetty-io:jar:8.1.11.v20130520:test
[INFO]    org.eclipse.jetty:jetty-server:jar:8.1.11.v20130520:test
[INFO]    org.eclipse.jetty:jetty-util:jar:8.1.11.v20130520:test
[INFO]    org.hamcrest:hamcrest-core:jar:1.3:test
[INFO]    org.hamcrest:hamcrest-library:jar:1.3:test
[INFO]    org.mockito:mockito-all:jar:1.9.5:test
[INFO]    org.projectlombok:lombok:jar:1.14.4:provided
[INFO]    org.slf4j:jcl-over-slf4j:jar:1.7.12:test
[INFO]    org.slf4j:slf4j-api:jar:1.7.12:compile
[INFO]    org.springframework.plugin:spring-plugin-core:jar:1.2.0.RELEASE:compile
[INFO]    org.springframework:spring-aop:jar:4.0.9.RELEASE:compile
[INFO]    org.springframework:spring-beans:jar:4.0.9.RELEASE:compile
[INFO]    org.springframework:spring-context:jar:4.0.9.RELEASE:compile
[INFO]    org.springframework:spring-core:jar:4.0.9.RELEASE:compile
[INFO]    org.springframework:spring-expression:jar:4.0.9.RELEASE:compile
[INFO]    org.springframework:spring-test:jar:4.0.9.RELEASE:test
[INFO]    org.springframework:spring-web:jar:4.0.9.RELEASE:compile
[INFO]    org.springframework:spring-webmvc:jar:4.0.9.RELEASE:compile
[INFO]    xmlunit:xmlunit:jar:1.5:test
[INFO] 
[INFO] 
[INFO] --- maven-resources-plugin:2.6:resources (default-resources) @ spring-hateoas ---
[INFO] Using 'UTF-8' encoding to copy filtered resources.
[INFO] Copying 3 resources
[INFO] 
[INFO] --- maven-compiler-plugin:3.3:compile (default-compile) @ spring-hateoas ---
[INFO] Changes detected - recompiling the module!
[INFO] Compiling 84 source files to /home/travis/build/spring-projects/spring-hateoas/target/classes
[INFO] /home/travis/build/spring-projects/spring-hateoas/src/main/java/org/springframework/hateoas/config/HypermediaSupportBeanDefinitionRegistrar.java: /home/travis/build/spring-projects/spring-hateoas/src/main/java/org/springframework/hateoas/config/HypermediaSupportBeanDefinitionRegistrar.java uses or overrides a deprecated API.
[INFO] /home/travis/build/spring-projects/spring-hateoas/src/main/java/org/springframework/hateoas/config/HypermediaSupportBeanDefinitionRegistrar.java: Recompile with -Xlint:deprecation for details.
[INFO] 
[INFO] --- com.springsource.bundlor.maven:1.0.0.RELEASE:bundlor (bundlor) @ spring-hateoas ---
Manifest written to '/home/travis/build/spring-projects/spring-hateoas/target/classes/META-INF/MANIFEST.MF'
[INFO] 
[INFO] --- maven-resources-plugin:2.6:testResources (default-testResources) @ spring-hateoas ---
[INFO] Using 'UTF-8' encoding to copy filtered resources.
[INFO] Copying 11 resources
[INFO] 
[INFO] --- maven-compiler-plugin:3.3:testCompile (default-testCompile) @ spring-hateoas ---
[INFO] Changes detected - recompiling the module!
[INFO] Compiling 59 source files to /home/travis/build/spring-projects/spring-hateoas/target/test-classes
[INFO] /home/travis/build/spring-projects/spring-hateoas/src/test/java/org/springframework/hateoas/config/EnableHypermediaSupportIntegrationTest.java: /home/travis/build/spring-projects/spring-hateoas/src/test/java/org/springframework/hateoas/config/EnableHypermediaSupportIntegrationTest.java uses or overrides a deprecated API.
[INFO] /home/travis/build/spring-projects/spring-hateoas/src/test/java/org/springframework/hateoas/config/EnableHypermediaSupportIntegrationTest.java: Recompile with -Xlint:deprecation for details.
[INFO] 
[INFO] --- maven-surefire-plugin:2.12.4:test (default-test) @ spring-hateoas ---
[INFO] Surefire report directory: /home/travis/build/spring-projects/spring-hateoas/target/surefire-reports

-------------------------------------------------------
 T E S T S
-------------------------------------------------------
Running org.springframework.hateoas.config.EnableHypermediaSupportIntegrationTest
Tests run: 6, Failures: 0, Errors: 0, Skipped: 0, Time elapsed: 4.189 sec
Running org.springframework.hateoas.config.EnableEntityLinksIntegrationTest
Tests run: 1, Failures: 0, Errors: 0, Skipped: 0, Time elapsed: 0.151 sec
Running org.springframework.hateoas.PagedResourcesMarshallingTest
Tests run: 1, Failures: 0, Errors: 0, Skipped: 0, Time elapsed: 0.215 sec
Running org.springframework.hateoas.mvc.IdentifiableResourceAssemblerSupportUnitTest
Tests run: 4, Failures: 0, Errors: 0, Skipped: 0, Time elapsed: 0.208 sec
Running org.springframework.hateoas.mvc.ControllerLinkBuilderUnitTest
Tests run: 36, Failures: 0, Errors: 0, Skipped: 0, Time elapsed: 0.949 sec
Running org.springframework.hateoas.mvc.ControllerLinkBuilderFactoryUnitTest
Tests run: 8, Failures: 0, Errors: 0, Skipped: 0, Time elapsed: 0.109 sec
Running org.springframework.hateoas.mvc.HeaderLinksResponseEntityUnitTest
Tests run: 2, Failures: 0, Errors: 0, Skipped: 0, Time elapsed: 0 sec
Running org.springframework.hateoas.mvc.DummyInvocationUtilsUnitTest
Tests run: 1, Failures: 0, Errors: 0, Skipped: 0, Time elapsed: 0.01 sec
Running org.springframework.hateoas.mvc.TypeConstrainedMappingJackson2HttpMessageConverterUnitTest
Tests run: 3, Failures: 0, Errors: 0, Skipped: 0, Time elapsed: 0.132 sec
Running org.springframework.hateoas.mvc.ControllerLinkBuilderOutsideSpringMvcUnitTest
Tests run: 1, Failures: 0, Errors: 0, Skipped: 0, Time elapsed: 0.009 sec
Running org.springframework.hateoas.Jackson2ResourceIntegrationTest
Tests run: 2, Failures: 0, Errors: 0, Skipped: 0, Time elapsed: 0.09 sec
Running org.springframework.hateoas.core.JsonPathLinkDiscovererUnitTest
Tests run: 3, Failures: 0, Errors: 0, Skipped: 0, Time elapsed: 0.001 sec
Running org.springframework.hateoas.core.DelegatingEntityLinksUnitTest
Tests run: 4, Failures: 0, Errors: 0, Skipped: 0, Time elapsed: 0.054 sec
Running org.springframework.hateoas.core.EvoInflectorRelProviderUnitTest
Tests run: 1, Failures: 0, Errors: 0, Skipped: 0, Time elapsed: 0.011 sec
Running org.springframework.hateoas.core.DelegatingRelProviderUnitTest
Tests run: 1, Failures: 0, Errors: 0, Skipped: 0, Time elapsed: 0.002 sec
Running org.springframework.hateoas.core.ControllerEntityLinksUnitTest
Tests run: 6, Failures: 0, Errors: 0, Skipped: 0, Time elapsed: 0.021 sec
Running org.springframework.hateoas.core.ControllerEntityLinksFactoryBeanUnitTest
Tests run: 2, Failures: 0, Errors: 0, Skipped: 0, Time elapsed: 0.015 sec
Running org.springframework.hateoas.core.AnnotationMappingDiscovererUnitTest
Tests run: 9, Failures: 0, Errors: 0, Skipped: 0, Time elapsed: 0.027 sec
Running org.springframework.hateoas.core.LinkBuilderSupportUnitTest
Tests run: 2, Failures: 0, Errors: 0, Skipped: 0, Time elapsed: 0.005 sec
Running org.springframework.hateoas.core.MethodParametersUnitTest
Tests run: 2, Failures: 0, Errors: 0, Skipped: 0, Time elapsed: 0.009 sec
Running org.springframework.hateoas.hal.Jackson2HalIntegrationTest
Tests run: 22, Failures: 0, Errors: 0, Skipped: 0, Time elapsed: 0.407 sec
Running org.springframework.hateoas.hal.HalLinkDiscovererUnitTest
Tests run: 7, Failures: 0, Errors: 0, Skipped: 0, Time elapsed: 0.114 sec
Running org.springframework.hateoas.hal.DefaultCurieProviderUnitTest
Tests run: 11, Failures: 0, Errors: 0, Skipped: 0, Time elapsed: 0.004 sec
Running org.springframework.hateoas.hal.HalEmbeddedBuilderUnitTest
Tests run: 11, Failures: 0, Errors: 0, Skipped: 0, Time elapsed: 0.068 sec
Running org.springframework.hateoas.PagedResourcesUnitTest
Tests run: 8, Failures: 0, Errors: 0, Skipped: 0, Time elapsed: 0.002 sec
Running org.springframework.hateoas.TemplateVariablesUnitTest
Tests run: 15, Failures: 0, Errors: 0, Skipped: 0, Time elapsed: 0.002 sec
Running org.springframework.hateoas.ResourceSupportUnitTest
Tests run: 11, Failures: 0, Errors: 0, Skipped: 0, Time elapsed: 0.002 sec
Running org.springframework.hateoas.LinkUnitTest
Tests run: 19, Failures: 0, Errors: 0, Skipped: 0, Time elapsed: 0.054 sec
Running org.springframework.hateoas.jaxrs.JaxRsLinkBuilderFactoryUnitTest
Tests run: 3, Failures: 0, Errors: 0, Skipped: 0, Time elapsed: 0.005 sec
Running org.springframework.hateoas.ResourceSupportIntegrationTest
Tests run: 2, Failures: 0, Errors: 0, Skipped: 0, Time elapsed: 0.006 sec
Running org.springframework.hateoas.VndErrorsUnitTest
Tests run: 1, Failures: 0, Errors: 0, Skipped: 0, Time elapsed: 0.001 sec
Running org.springframework.hateoas.Jackson2ResourceSupportIntegrationTest
Tests run: 2, Failures: 0, Errors: 0, Skipped: 0, Time elapsed: 0.007 sec
Running org.springframework.hateoas.LinkDiscoverersUnitTest
Tests run: 2, Failures: 0, Errors: 0, Skipped: 0, Time elapsed: 0.001 sec
Running org.springframework.hateoas.ResourceIntegrationTest
Tests run: 3, Failures: 0, Errors: 0, Skipped: 0, Time elapsed: 0.063 sec
Running org.springframework.hateoas.Jackson2LinkIntegrationTest
Tests run: 2, Failures: 0, Errors: 0, Skipped: 0, Time elapsed: 0.002 sec
Running org.springframework.hateoas.LinkIntegrationTest
Tests run: 2, Failures: 0, Errors: 0, Skipped: 0, Time elapsed: 0.003 sec
Running org.springframework.hateoas.LinksUnitTest
Tests run: 4, Failures: 0, Errors: 0, Skipped: 0, Time elapsed: 0.006 sec
Running org.springframework.hateoas.UriTemplateUnitTest
Tests run: 20, Failures: 0, Errors: 0, Skipped: 0, Time elapsed: 0.007 sec
Running org.springframework.hateoas.ResourcesUnitTest
Tests run: 4, Failures: 0, Errors: 0, Skipped: 0, Time elapsed: 0.001 sec
Running org.springframework.hateoas.ResourceUnitTest
Tests run: 5, Failures: 0, Errors: 0, Skipped: 0, Time elapsed: 0.002 sec
Running org.springframework.hateoas.VndErrorsMarshallingTest
Tests run: 4, Failures: 0, Errors: 0, Skipped: 0, Time elapsed: 0.045 sec

Results :

Tests run: 253, Failures: 0, Errors: 0, Skipped: 0

[INFO] ------------------------------------------------------------------------
[INFO] BUILD SUCCESS
[INFO] ------------------------------------------------------------------------
[INFO] Total time: 30.381 s
[INFO] Finished at: 2015-06-26T06:53:25+00:00
[INFO] Final Memory: 29M/351M
[INFO] ------------------------------------------------------------------------
[WARNING] The requested profile "non-existant" could not be activated because it does not exist.
travis_time:end:3a898d80:start=1435301573364317341,finish=1435301606146154356,duration=32781837015[0K
[32;1mThe command "mvn clean dependency:list test -P${PROFILE} -Dsort" exited with 0.[0m
travis_fold:start:cache.2[0Kstore build cache
travis_time:start:004ac51d[0Kchange detected: /home/travis/.m2/repository/org/springframework/spring-aop/4.0.9.RELEASE/_remote.repositories
changes detected, packing new archive
uploading archive
travis_time:end:004ac51d:start=1435301606150623165,finish=1435301623903415262,duration=17752792097[0Ktravis_fold:end:cache.2[0K
Done. Your build exited with 0.
