Using worker: worker-linux-docker-6abb34f3.prod.travis-ci.org:travis-linux-10

travis_fold:start:system_info[0K[33;1mBuild system information[0m
Build language: java
Build group: stable
Build dist: precise
Build id: 158059985
Job id: 158059986
travis-build version: ef82e8245
[34m[1mBuild image provisioning date and time[0m
Thu Feb  5 15:09:33 UTC 2015
[34m[1mOperating System Details[0m
Distributor ID:	Ubuntu
Description:	Ubuntu 12.04.5 LTS
Release:	12.04
Codename:	precise
[34m[1mLinux Version[0m
3.13.0-29-generic
[34m[1mCookbooks Version[0m
a68419e https://github.com/travis-ci/travis-cookbooks/tree/a68419e
[34m[1mGCC version[0m
gcc (Ubuntu/Linaro 4.6.3-1ubuntu5) 4.6.3
Copyright (C) 2011 Free Software Foundation, Inc.
This is free software; see the source for copying conditions.  There is NO
warranty; not even for MERCHANTABILITY or FITNESS FOR A PARTICULAR PURPOSE.

[34m[1mLLVM version[0m
clang version 3.4 (tags/RELEASE_34/final)
Target: x86_64-unknown-linux-gnu
Thread model: posix
[34m[1mPre-installed Ruby versions[0m
ruby-1.9.3-p551
[34m[1mPre-installed Node.js versions[0m
v0.10.36
[34m[1mPre-installed Go versions[0m
1.4.1
[34m[1mRedis version[0m
redis-server 2.8.19
[34m[1mriak version[0m
2.0.2
[34m[1mMongoDB version[0m
MongoDB 2.4.12
[34m[1mCouchDB version[0m
couchdb 1.6.1
[34m[1mNeo4j version[0m
1.9.4
[34m[1mRabbitMQ Version[0m
3.4.3
[34m[1mElasticSearch version[0m
1.4.0
[34m[1mInstalled Sphinx versions[0m
2.0.10
2.1.9
2.2.6
[34m[1mDefault Sphinx version[0m
2.2.6
[34m[1mInstalled Firefox version[0m
firefox 31.0esr
[34m[1mPhantomJS version[0m
1.9.8
[34m[1mant -version[0m
Apache Ant(TM) version 1.8.2 compiled on December 3 2011
[34m[1mmvn -version[0m
Apache Maven 3.2.5 (12a6b3acb947671f09b81f49094c53f426d8cea1; 2014-12-14T17:29:23+00:00)
Maven home: /usr/local/maven
Java version: 1.7.0_76, vendor: Oracle Corporation
Java home: /usr/lib/jvm/java-7-oracle/jre
Default locale: en_US, platform encoding: ANSI_X3.4-1968
OS name: "linux", version: "3.13.0-29-generic", arch: "amd64", family: "unix"
travis_fold:end:system_info[0K
travis_fold:start:fix.CVE-2015-7547[0K$ export DEBIAN_FRONTEND=noninteractive
W: Size of file /var/lib/apt/lists/us.archive.ubuntu.com_ubuntu_dists_precise-backports_multiverse_source_Sources.gz is not what the server reported 5886 5888
W: Size of file /var/lib/apt/lists/ppa.launchpad.net_ubuntugis_ppa_ubuntu_dists_precise_main_binary-amd64_Packages.gz is not what the server reported 33653 36677
W: Size of file /var/lib/apt/lists/ppa.launchpad.net_ubuntugis_ppa_ubuntu_dists_precise_main_binary-i386_Packages.gz is not what the server reported 33699 36733
Reading package lists...
Building dependency tree...
Reading state information...
The following extra packages will be installed:
  libc-bin libc-dev-bin libc6-dev
Suggested packages:
  glibc-doc
The following packages will be upgraded:
  libc-bin libc-dev-bin libc6 libc6-dev
4 upgraded, 0 newly installed, 0 to remove and 258 not upgraded.
Need to get 8,840 kB of archives.
After this operation, 14.3 kB disk space will be freed.
Get:1 http://us.archive.ubuntu.com/ubuntu/ precise-updates/main libc6-dev amd64 2.15-0ubuntu10.15 [2,943 kB]
Get:2 http://us.archive.ubuntu.com/ubuntu/ precise-updates/main libc-dev-bin amd64 2.15-0ubuntu10.15 [84.7 kB]
Get:3 http://us.archive.ubuntu.com/ubuntu/ precise-updates/main libc-bin amd64 2.15-0ubuntu10.15 [1,177 kB]
Get:4 http://us.archive.ubuntu.com/ubuntu/ precise-updates/main libc6 amd64 2.15-0ubuntu10.15 [4,636 kB]
Fetched 8,840 kB in 0s (31.6 MB/s)
Preconfiguring packages ...
(Reading database ... (Reading database ... 5%(Reading database ... 10%(Reading database ... 15%(Reading database ... 20%(Reading database ... 25%(Reading database ... 30%(Reading database ... 35%(Reading database ... 40%(Reading database ... 45%(Reading database ... 50%(Reading database ... 55%(Reading database ... 60%(Reading database ... 65%(Reading database ... 70%(Reading database ... 75%(Reading database ... 80%(Reading database ... 85%(Reading database ... 90%(Reading database ... 95%(Reading database ... 100%(Reading database ... 72019 files and directories currently installed.)
Preparing to replace libc6-dev 2.15-0ubuntu10.10 (using .../libc6-dev_2.15-0ubuntu10.15_amd64.deb) ...
Unpacking replacement libc6-dev ...
Preparing to replace libc-dev-bin 2.15-0ubuntu10.10 (using .../libc-dev-bin_2.15-0ubuntu10.15_amd64.deb) ...
Unpacking replacement libc-dev-bin ...
Preparing to replace libc-bin 2.15-0ubuntu10.10 (using .../libc-bin_2.15-0ubuntu10.15_amd64.deb) ...
Unpacking replacement libc-bin ...
Processing triggers for man-db ...
Setting up libc-bin (2.15-0ubuntu10.15) ...
(Reading database ... (Reading database ... 5%(Reading database ... 10%(Reading database ... 15%(Reading database ... 20%(Reading database ... 25%(Reading database ... 30%(Reading database ... 35%(Reading database ... 40%(Reading database ... 45%(Reading database ... 50%(Reading database ... 55%(Reading database ... 60%(Reading database ... 65%(Reading database ... 70%(Reading database ... 75%(Reading database ... 80%(Reading database ... 85%(Reading database ... 90%(Reading database ... 95%(Reading database ... 100%(Reading database ... 72018 files and directories currently installed.)
Preparing to replace libc6 2.15-0ubuntu10.10 (using .../libc6_2.15-0ubuntu10.15_amd64.deb) ...
Unpacking replacement libc6 ...
Setting up libc6 (2.15-0ubuntu10.15) ...
Setting up libc-dev-bin (2.15-0ubuntu10.15) ...
Setting up libc6-dev (2.15-0ubuntu10.15) ...
Processing triggers for libc-bin ...
ldconfig deferred processing now taking place
travis_fold:end:fix.CVE-2015-7547[0Ktravis_fold:start:git.checkout[0Ktravis_time:start:005726f9[0K$ git clone --depth=50 --branch=2.4.x https://github.com/brettwooldridge/HikariCP.git brettwooldridge/HikariCP
Cloning into 'brettwooldridge/HikariCP'...
remote: Counting objects: 585, done.[K
remote: Compressing objects:   0% (1/263)   [Kremote: Compressing objects:   1% (3/263)   [Kremote: Compressing objects:   2% (6/263)   [Kremote: Compressing objects:   3% (8/263)   [Kremote: Compressing objects:   4% (11/263)   [Kremote: Compressing objects:   5% (14/263)   [Kremote: Compressing objects:   6% (16/263)   [Kremote: Compressing objects:   7% (19/263)   [Kremote: Compressing objects:   8% (22/263)   [Kremote: Compressing objects:   9% (24/263)   [Kremote: Compressing objects:  10% (27/263)   [Kremote: Compressing objects:  11% (29/263)   [Kremote: Compressing objects:  12% (32/263)   [Kremote: Compressing objects:  13% (35/263)   [Kremote: Compressing objects:  14% (37/263)   [Kremote: Compressing objects:  15% (40/263)   [Kremote: Compressing objects:  16% (43/263)   [Kremote: Compressing objects:  17% (45/263)   [Kremote: Compressing objects:  18% (48/263)   [Kremote: Compressing objects:  19% (50/263)   [Kremote: Compressing objects:  20% (53/263)   [Kremote: Compressing objects:  21% (56/263)   [Kremote: Compressing objects:  22% (58/263)   [Kremote: Compressing objects:  23% (61/263)   [Kremote: Compressing objects:  24% (64/263)   [Kremote: Compressing objects:  25% (66/263)   [Kremote: Compressing objects:  26% (69/263)   [Kremote: Compressing objects:  27% (72/263)   [Kremote: Compressing objects:  28% (74/263)   [Kremote: Compressing objects:  29% (77/263)   [Kremote: Compressing objects:  30% (79/263)   [Kremote: Compressing objects:  31% (82/263)   [Kremote: Compressing objects:  32% (85/263)   [Kremote: Compressing objects:  33% (87/263)   [Kremote: Compressing objects:  34% (90/263)   [Kremote: Compressing objects:  35% (93/263)   [Kremote: Compressing objects:  36% (95/263)   [Kremote: Compressing objects:  37% (98/263)   [Kremote: Compressing objects:  38% (100/263)   [Kremote: Compressing objects:  39% (103/263)   [Kremote: Compressing objects:  40% (106/263)   [Kremote: Compressing objects:  41% (108/263)   [Kremote: Compressing objects:  42% (111/263)   [Kremote: Compressing objects:  43% (114/263)   [Kremote: Compressing objects:  44% (116/263)   [Kremote: Compressing objects:  45% (119/263)   [Kremote: Compressing objects:  46% (121/263)   [Kremote: Compressing objects:  47% (124/263)   [Kremote: Compressing objects:  48% (127/263)   [Kremote: Compressing objects:  49% (129/263)   [Kremote: Compressing objects:  50% (132/263)   [Kremote: Compressing objects:  51% (135/263)   [Kremote: Compressing objects:  52% (137/263)   [Kremote: Compressing objects:  53% (140/263)   [Kremote: Compressing objects:  54% (143/263)   [Kremote: Compressing objects:  55% (145/263)   [Kremote: Compressing objects:  56% (148/263)   [Kremote: Compressing objects:  57% (150/263)   [Kremote: Compressing objects:  58% (153/263)   [Kremote: Compressing objects:  59% (156/263)   [Kremote: Compressing objects:  60% (158/263)   [Kremote: Compressing objects:  61% (161/263)   [Kremote: Compressing objects:  62% (164/263)   [Kremote: Compressing objects:  63% (166/263)   [Kremote: Compressing objects:  64% (169/263)   [Kremote: Compressing objects:  65% (171/263)   [Kremote: Compressing objects:  66% (174/263)   [Kremote: Compressing objects:  67% (177/263)   [Kremote: Compressing objects:  68% (179/263)   [Kremote: Compressing objects:  69% (182/263)   [Kremote: Compressing objects:  70% (185/263)   [Kremote: Compressing objects:  71% (187/263)   [Kremote: Compressing objects:  72% (190/263)   [Kremote: Compressing objects:  73% (192/263)   [Kremote: Compressing objects:  74% (195/263)   [Kremote: Compressing objects:  75% (198/263)   [Kremote: Compressing objects:  76% (200/263)   [Kremote: Compressing objects:  77% (203/263)   [Kremote: Compressing objects:  78% (206/263)   [Kremote: Compressing objects:  79% (208/263)   [Kremote: Compressing objects:  80% (211/263)   [Kremote: Compressing objects:  81% (214/263)   [Kremote: Compressing objects:  82% (216/263)   [Kremote: Compressing objects:  83% (219/263)   [Kremote: Compressing objects:  84% (221/263)   [Kremote: Compressing objects:  85% (224/263)   [Kremote: Compressing objects:  86% (227/263)   [Kremote: Compressing objects:  87% (229/263)   [Kremote: Compressing objects:  88% (232/263)   [Kremote: Compressing objects:  89% (235/263)   [Kremote: Compressing objects:  90% (237/263)   [Kremote: Compressing objects:  91% (240/263)   [Kremote: Compressing objects:  92% (242/263)   [Kremote: Compressing objects:  93% (245/263)   [Kremote: Compressing objects:  94% (248/263)   [Kremote: Compressing objects:  95% (250/263)   [Kremote: Compressing objects:  96% (253/263)   [Kremote: Compressing objects:  97% (256/263)   [Kremote: Compressing objects:  98% (258/263)   [Kremote: Compressing objects:  99% (261/263)   [Kremote: Compressing objects: 100% (263/263)   [Kremote: Compressing objects: 100% (263/263), done.[K
Receiving objects:   0% (1/585)   Receiving objects:   1% (6/585)   Receiving objects:   2% (12/585)   Receiving objects:   3% (18/585)   Receiving objects:   4% (24/585)   Receiving objects:   5% (30/585)   Receiving objects:   6% (36/585)   Receiving objects:   7% (41/585)   Receiving objects:   8% (47/585)   Receiving objects:   9% (53/585)   Receiving objects:  10% (59/585)   Receiving objects:  11% (65/585)   Receiving objects:  12% (71/585)   Receiving objects:  13% (77/585)   Receiving objects:  14% (82/585)   Receiving objects:  15% (88/585)   Receiving objects:  16% (94/585)   Receiving objects:  17% (100/585)   Receiving objects:  18% (106/585)   Receiving objects:  19% (112/585)   Receiving objects:  20% (117/585)   Receiving objects:  21% (123/585)   Receiving objects:  22% (129/585)   Receiving objects:  23% (135/585)   Receiving objects:  24% (141/585)   Receiving objects:  25% (147/585)   Receiving objects:  26% (153/585)   remote: Total 585 (delta 245), reused 456 (delta 167), pack-reused 0[K
Receiving objects:  27% (158/585)   Receiving objects:  28% (164/585)   Receiving objects:  29% (170/585)   Receiving objects:  30% (176/585)   Receiving objects:  31% (182/585)   Receiving objects:  32% (188/585)   Receiving objects:  33% (194/585)   Receiving objects:  34% (199/585)   Receiving objects:  35% (205/585)   Receiving objects:  36% (211/585)   Receiving objects:  37% (217/585)   Receiving objects:  38% (223/585)   Receiving objects:  39% (229/585)   Receiving objects:  40% (234/585)   Receiving objects:  41% (240/585)   Receiving objects:  42% (246/585)   Receiving objects:  43% (252/585)   Receiving objects:  44% (258/585)   Receiving objects:  45% (264/585)   Receiving objects:  46% (270/585)   Receiving objects:  47% (275/585)   Receiving objects:  48% (281/585)   Receiving objects:  49% (287/585)   Receiving objects:  50% (293/585)   Receiving objects:  51% (299/585)   Receiving objects:  52% (305/585)   Receiving objects:  53% (311/585)   Receiving objects:  54% (316/585)   Receiving objects:  55% (322/585)   Receiving objects:  56% (328/585)   Receiving objects:  57% (334/585)   Receiving objects:  58% (340/585)   Receiving objects:  59% (346/585)   Receiving objects:  60% (351/585)   Receiving objects:  61% (357/585)   Receiving objects:  62% (363/585)   Receiving objects:  63% (369/585)   Receiving objects:  64% (375/585)   Receiving objects:  65% (381/585)   Receiving objects:  66% (387/585)   Receiving objects:  67% (392/585)   Receiving objects:  68% (398/585)   Receiving objects:  69% (404/585)   Receiving objects:  70% (410/585)   Receiving objects:  71% (416/585)   Receiving objects:  72% (422/585)   Receiving objects:  73% (428/585)   Receiving objects:  74% (433/585)   Receiving objects:  75% (439/585)   Receiving objects:  76% (445/585)   Receiving objects:  77% (451/585)   Receiving objects:  78% (457/585)   Receiving objects:  79% (463/585)   Receiving objects:  80% (468/585)   Receiving objects:  81% (474/585)   Receiving objects:  82% (480/585)   Receiving objects:  83% (486/585)   Receiving objects:  84% (492/585)   Receiving objects:  85% (498/585)   Receiving objects:  86% (504/585)   Receiving objects:  87% (509/585)   Receiving objects:  88% (515/585)   Receiving objects:  89% (521/585)   Receiving objects:  90% (527/585)   Receiving objects:  91% (533/585)   Receiving objects:  92% (539/585)   Receiving objects:  93% (545/585)   Receiving objects:  94% (550/585)   Receiving objects:  95% (556/585)   Receiving objects:  96% (562/585)   Receiving objects:  97% (568/585)   Receiving objects:  98% (574/585)   Receiving objects:  99% (580/585)   Receiving objects: 100% (585/585)   Receiving objects: 100% (585/585), 174.21 KiB | 0 bytes/s, done.
Resolving deltas:   0% (0/245)   Resolving deltas:  21% (53/245)   Resolving deltas:  22% (55/245)   Resolving deltas:  24% (59/245)   Resolving deltas:  26% (66/245)   Resolving deltas:  33% (81/245)   Resolving deltas:  44% (109/245)   Resolving deltas:  45% (112/245)   Resolving deltas:  46% (113/245)   Resolving deltas:  50% (124/245)   Resolving deltas:  51% (127/245)   Resolving deltas:  52% (129/245)   Resolving deltas:  54% (133/245)   Resolving deltas:  55% (135/245)   Resolving deltas:  64% (159/245)   Resolving deltas:  72% (178/245)   Resolving deltas:  76% (187/245)   Resolving deltas:  77% (191/245)   Resolving deltas:  80% (198/245)   Resolving deltas:  81% (199/245)   Resolving deltas:  84% (208/245)   Resolving deltas:  85% (209/245)   Resolving deltas:  86% (212/245)   Resolving deltas:  87% (214/245)   Resolving deltas:  88% (217/245)   Resolving deltas:  89% (220/245)   Resolving deltas:  90% (221/245)   Resolving deltas:  91% (223/245)   Resolving deltas:  94% (231/245)   Resolving deltas:  95% (233/245)   Resolving deltas:  96% (236/245)   Resolving deltas:  97% (238/245)   Resolving deltas:  98% (242/245)   Resolving deltas:  99% (243/245)   Resolving deltas: 100% (245/245)   Resolving deltas: 100% (245/245), done.
Checking connectivity... done.

travis_time:end:005726f9:start=1473216682345611889,finish=1473216682767267533,duration=421655644[0K$ cd brettwooldridge/HikariCP
$ git checkout -qf ac04728807e5e2567016cba75dbccfed6db744f5
travis_fold:end:git.checkout[0K
[33;1mThis job is running on container-based infrastructure, which does not allow use of 'sudo', setuid and setguid executables.[0m
[33;1mIf you require sudo, add 'sudo: required' to your .travis.yml[0m
[33;1mSee https://docs.travis-ci.com/user/workers/container-based-infrastructure/ for details.[0m
$ jdk_switcher use oraclejdk8
Switching to Oracle JDK8 (java-8-oracle), JAVA_HOME will be set to /usr/lib/jvm/java-8-oracle
travis_fold:start:cache.1[0KSetting up build cache
$ export CASHER_DIR=$HOME/.casher
travis_time:start:026236ce[0K$ Installing caching utilities

travis_time:end:026236ce:start=1473216684290478911,finish=1473216684336965817,duration=46486906[0Ktravis_time:start:05079333[0K
travis_time:end:05079333:start=1473216684341846882,finish=1473216684345051930,duration=3205048[0Ktravis_time:start:01465a5e[0K[32;1mattempting to download cache archive[0m
[32;1mfetching 2.4.x/cache-linux-precise-e3b0c44298fc1c149afbf4c8996fb92427ae41e4649b934ca495991b7852b855--jdk-oraclejdk8.tgz[0m
[32;1mfound cache[0m

travis_time:end:01465a5e:start=1473216684348825354,finish=1473216685281701394,duration=932876040[0Ktravis_time:start:0731cf40[0K
travis_time:end:0731cf40:start=1473216685285558848,finish=1473216685288887923,duration=3329075[0Ktravis_time:start:2d5fdcf0[0K[32;1madding /home/travis/.m2/repository to cache[0m

travis_time:end:2d5fdcf0:start=1473216685292671308,finish=1473216686754613590,duration=1461942282[0Ktravis_fold:end:cache.1[0K$ java -Xmx32m -version
java version "1.8.0_31"
Java(TM) SE Runtime Environment (build 1.8.0_31-b13)
Java HotSpot(TM) 64-Bit Server VM (build 25.31-b07, mixed mode)
$ javac -J-Xmx32m -version
javac 1.8.0_31
travis_fold:start:install[0Ktravis_time:start:00a2d0bc[0K$ /bin/true

travis_time:end:00a2d0bc:start=1473216687139890332,finish=1473216687144355174,duration=4464842[0Ktravis_fold:end:install[0Ktravis_time:start:1544eb16[0K$ mvn install -Dmaven.javadoc.skip=true -V -B
Java HotSpot(TM) 64-Bit Server VM warning: ignoring option MaxPermSize=192m; support was removed in 8.0
Apache Maven 3.2.5 (12a6b3acb947671f09b81f49094c53f426d8cea1; 2014-12-14T17:29:23+00:00)
Maven home: /usr/local/maven
Java version: 1.8.0_31, vendor: Oracle Corporation
Java home: /usr/lib/jvm/java-8-oracle/jre
Default locale: en_US, platform encoding: UTF-8
OS name: "linux", version: "3.13.0-40-generic", arch: "amd64", family: "unix"
[INFO] Scanning for projects...
[INFO]                                                                         
[INFO] ------------------------------------------------------------------------
[INFO] Building HikariCP 2.4.9-SNAPSHOT
[INFO] ------------------------------------------------------------------------
[INFO] 
[INFO] --- maven-enforcer-plugin:1.2:enforce (enforce-maven) @ HikariCP-java7 ---
[INFO] 
[INFO] --- jacoco-maven-plugin:0.7.7.201606060606:prepare-agent (pre-unit-test) @ HikariCP-java7 ---
[INFO] surefireArgLine set to -javaagent:/home/travis/.m2/repository/org/jacoco/org.jacoco.agent/0.7.7.201606060606/org.jacoco.agent-0.7.7.201606060606-runtime.jar=destfile=/home/travis/build/brettwooldridge/HikariCP/target/coverage-reports/jacoco.exec,excludes=**/com/zaxxer/hikari/pool/HikariProxy*:**/com/zaxxer/hikari/metrics/**
[INFO] 
[INFO] --- maven-resources-plugin:3.0.1:resources (default-resources) @ HikariCP-java7 ---
[INFO] Using 'UTF-8' encoding to copy filtered resources.
[INFO] skip non existing resourceDirectory /home/travis/build/brettwooldridge/HikariCP/src/main/resources
[INFO] 
[INFO] --- maven-compiler-plugin:3.5.1:compile (default-compile) @ HikariCP-java7 ---
[INFO] Changes detected - recompiling the module!
[INFO] Compiling 36 source files to /home/travis/build/brettwooldridge/HikariCP/target/classes
[INFO] 
[INFO] --- exec-maven-plugin:1.5.0:java (default) @ HikariCP-java7 ---
Generating com.zaxxer.hikari.pool.HikariProxyConnection
Generating com.zaxxer.hikari.pool.HikariProxyStatement
Generating com.zaxxer.hikari.pool.HikariProxyResultSet
Generating com.zaxxer.hikari.pool.HikariProxyPreparedStatement
Generating com.zaxxer.hikari.pool.HikariProxyCallableStatement
Generating method bodies for com.zaxxer.hikari.proxy.ProxyFactory
[INFO] 
[INFO] --- maven-bundle-plugin:3.2.0:manifest (default) @ HikariCP-java7 ---
[INFO] 
[INFO] --- maven-resources-plugin:3.0.1:testResources (default-testResources) @ HikariCP-java7 ---
[INFO] Using 'UTF-8' encoding to copy filtered resources.
[INFO] Copying 5 resources
[INFO] 
[INFO] --- maven-compiler-plugin:3.5.1:testCompile (default-testCompile) @ HikariCP-java7 ---
[INFO] Changes detected - recompiling the module!
[INFO] Compiling 39 source files to /home/travis/build/brettwooldridge/HikariCP/target/test-classes
[INFO] /home/travis/build/brettwooldridge/HikariCP/src/test/java/com/zaxxer/hikari/mocks/StubPreparedStatement.java: Some input files use or override a deprecated API.
[INFO] /home/travis/build/brettwooldridge/HikariCP/src/test/java/com/zaxxer/hikari/mocks/StubPreparedStatement.java: Recompile with -Xlint:deprecation for details.
[INFO] 
[INFO] --- maven-surefire-plugin:2.19.1:test (default-test) @ HikariCP-java7 ---

-------------------------------------------------------
 T E S T S
-------------------------------------------------------
Running com.zaxxer.hikari.pool.TestFastList
Tests run: 6, Failures: 0, Errors: 0, Skipped: 0, Time elapsed: 0.337 sec - in com.zaxxer.hikari.pool.TestFastList
Running com.zaxxer.hikari.pool.ConcurrentCloseConnectionTest
     1 [main                      ] INFO  HikariDataSource     - HikariPool-1 - Started.
     2 [main                      ] INFO  HikariPool           - HikariPool-1 - Close initiated...
     3 [main                      ] INFO  HikariPool           - HikariPool-1 - Closed.
Tests run: 1, Failures: 0, Errors: 0, Skipped: 0, Time elapsed: 2.079 sec - in com.zaxxer.hikari.pool.ConcurrentCloseConnectionTest
Running com.zaxxer.hikari.pool.JdbcDriverTest
     1 [main                      ] INFO  HikariDataSource     - HikariPool-1 - Started.
     2 [main                      ] INFO  HikariPool           - HikariPool-1 - Close initiated...
     3 [main                      ] INFO  HikariPool           - HikariPool-1 - Closed.
     4 [main                      ] INFO  HikariDataSource     - HikariPool-2 - Started.
Tests run: 2, Failures: 0, Errors: 0, Skipped: 0, Time elapsed: 2.147 sec - in com.zaxxer.hikari.pool.JdbcDriverTest
Running com.zaxxer.hikari.pool.IsolationTest
     1 [main                      ] INFO  HikariDataSource     - HikariPool-1 - Started.
     2 [main                      ] INFO  HikariPool           - HikariPool-1 - Close initiated...
     3 [main                      ] INFO  HikariPool           - HikariPool-1 - Closed.
     4 [main                      ] INFO  HikariDataSource     - HikariPool-2 - Started.
     5 [main                      ] INFO  HikariPool           - HikariPool-2 - Close initiated...
     6 [main                      ] INFO  HikariPool           - HikariPool-2 - Closed.
Tests run: 2, Failures: 0, Errors: 0, Skipped: 0, Time elapsed: 2.18 sec - in com.zaxxer.hikari.pool.IsolationTest
Running com.zaxxer.hikari.pool.StatementTest
     1 [main                      ] INFO  HikariDataSource     - HikariPool-1 - Started.
     2 [main                      ] INFO  HikariPool           - HikariPool-1 - Close initiated...
     3 [main                      ] INFO  HikariPool           - HikariPool-1 - Closed.
     4 [main                      ] INFO  HikariDataSource     - HikariPool-2 - Started.
     5 [main                      ] INFO  HikariPool           - HikariPool-2 - Close initiated...
     6 [main                      ] INFO  HikariPool           - HikariPool-2 - Closed.
     7 [main                      ] INFO  HikariDataSource     - HikariPool-3 - Started.
     8 [main                      ] INFO  HikariPool           - HikariPool-3 - Close initiated...
     9 [main                      ] INFO  HikariPool           - HikariPool-3 - Closed.
    10 [main                      ] INFO  HikariDataSource     - HikariPool-4 - Started.
    11 [main                      ] INFO  HikariPool           - HikariPool-4 - Close initiated...
    12 [main                      ] INFO  HikariPool           - HikariPool-4 - Closed.
Tests run: 4, Failures: 0, Errors: 0, Skipped: 0, Time elapsed: 2.338 sec - in com.zaxxer.hikari.pool.StatementTest
Running com.zaxxer.hikari.pool.TestPropertySetter
     1 [main                      ] ERROR PropertyElf          - Property what does not exist on target class com.zaxxer.hikari.HikariConfig
Tests run: 6, Failures: 0, Errors: 0, Skipped: 0, Time elapsed: 1.766 sec - in com.zaxxer.hikari.pool.TestPropertySetter
Running com.zaxxer.hikari.pool.TestProxies
     1 [main                      ] INFO  HikariDataSource     - HikariPool-1 - Started.
     2 [main                      ] INFO  HikariPool           - HikariPool-1 - Close initiated...
     3 [main                      ] INFO  HikariPool           - HikariPool-1 - Closed.
     4 [main                      ] INFO  HikariDataSource     - HikariPool-2 - Started.
     5 [main                      ] INFO  HikariPool           - HikariPool-2 - Close initiated...
     6 [main                      ] INFO  HikariPool           - HikariPool-2 - Closed.
     7 [main                      ] INFO  HikariDataSource     - HikariPool-3 - Started.
     8 [main                      ] INFO  HikariPool           - HikariPool-3 - Close initiated...
     9 [main                      ] INFO  HikariPool           - HikariPool-3 - Closed.
    10 [main                      ] INFO  HikariDataSource     - HikariPool-4 - Started.
    11 [main                      ] INFO  HikariPool           - HikariPool-4 - Close initiated...
    12 [main                      ] INFO  HikariPool           - HikariPool-4 - Closed.
Tests run: 4, Failures: 0, Errors: 0, Skipped: 0, Time elapsed: 2.674 sec - in com.zaxxer.hikari.pool.TestProxies
Running com.zaxxer.hikari.pool.TestValidation
     1 [main                      ] ERROR HikariConfig         - HikariPool-1 - dataSource or dataSourceClassName or jdbcUrl is required.
     2 [main                      ] WARN  HikariConfig         - HikariPool-2 - idleTimeout is less than 10000ms, setting to default 600000ms.
     3 [main                      ] ERROR HikariConfig         - HikariPool-3 - dataSource or dataSourceClassName or jdbcUrl is required.
     4 [main                      ] ERROR HikariConfig         - HikariPool-4 - dataSource or dataSourceClassName or jdbcUrl is required.
     5 [main                      ] WARN  HikariConfig         - HikariPool-5 - idleTimeout is close to or more than maxLifetime, disabling it.
     6 [main                      ] ERROR HikariConfig         - HikariPool-7 - dataSource or dataSourceClassName or jdbcUrl is required.
     7 [main                      ] ERROR HikariConfig         - HikariPool-8 - jdbcUrl is required with driverClassName.
Tests run: 16, Failures: 0, Errors: 0, Skipped: 0, Time elapsed: 2.197 sec - in com.zaxxer.hikari.pool.TestValidation
Running com.zaxxer.hikari.pool.ShutdownTest
     1 [main                      ] INFO  HikariDataSource     - HikariPool-1 - Started.
     2 [ariPool-1 connection adder] DEBUG HikariPool           - HikariPool-1 - Added connection com.zaxxer.hikari.mocks.StubConnection@7d45a702
     3 [ariPool-1 connection adder] DEBUG HikariPool           - HikariPool-1 - Added connection com.zaxxer.hikari.mocks.StubConnection@171ed7b
     4 [Thread-2                  ] WARN  ProxyConnection      - HikariPool-1 - Connection com.zaxxer.hikari.mocks.StubConnection@171ed7b marked as broken because of SQLSTATE(08999), ErrorCode(0)
java.sql.SQLException: No reason
	at com.zaxxer.hikari.mocks.StubPreparedStatement.getMaxFieldSize(StubPreparedStatement.java:71) ~[test-classes/:?]
	at com.zaxxer.hikari.pool.HikariProxyPreparedStatement.getMaxFieldSize(HikariProxyPreparedStatement.java) [classes/:?]
	at com.zaxxer.hikari.pool.ShutdownTest$2.run(ShutdownTest.java:284) [test-classes/:?]
     5 [ariPool-1 connection adder] DEBUG HikariPool           - HikariPool-1 - Added connection com.zaxxer.hikari.mocks.StubConnection@2f12fb83
     6 [riPool-1 connection closer] DEBUG PoolBase             - HikariPool-1 - Closing connection com.zaxxer.hikari.mocks.StubConnection@171ed7b: (connection is broken)
     7 [HikariPool-1 housekeeper  ] DEBUG HikariPool           - HikariPool-1 - Pool stats (total=2, active=2, idle=0, waiting=0)
     8 [ariPool-1 connection adder] DEBUG HikariPool           - HikariPool-1 - Added connection com.zaxxer.hikari.mocks.StubConnection@4807b5b7
     9 [ariPool-1 connection adder] DEBUG HikariPool           - HikariPool-1 - Added connection com.zaxxer.hikari.mocks.StubConnection@182a7602
    10 [ariPool-1 connection adder] DEBUG HikariPool           - HikariPool-1 - Added connection com.zaxxer.hikari.mocks.StubConnection@163e5a49
    11 [ariPool-1 connection adder] DEBUG HikariPool           - HikariPool-1 - After adding stats (total=5, active=2, idle=3, waiting=0)
    12 [Thread-2                  ] WARN  ProxyConnection      - HikariPool-1 - Connection com.zaxxer.hikari.mocks.StubConnection@2f12fb83 marked as broken because of SQLSTATE(08999), ErrorCode(0)
java.sql.SQLException: No reason
	at com.zaxxer.hikari.mocks.StubPreparedStatement.getMaxFieldSize(StubPreparedStatement.java:71) ~[test-classes/:?]
	at com.zaxxer.hikari.pool.HikariProxyPreparedStatement.getMaxFieldSize(HikariProxyPreparedStatement.java) [classes/:?]
	at com.zaxxer.hikari.pool.ShutdownTest$2.run(ShutdownTest.java:284) [test-classes/:?]
    13 [riPool-1 connection closer] DEBUG PoolBase             - HikariPool-1 - Closing connection com.zaxxer.hikari.mocks.StubConnection@2f12fb83: (connection is broken)
    14 [Thread-2                  ] WARN  ProxyConnection      - HikariPool-1 - Connection com.zaxxer.hikari.mocks.StubConnection@4807b5b7 marked as broken because of SQLSTATE(08999), ErrorCode(0)
java.sql.SQLException: No reason
	at com.zaxxer.hikari.mocks.StubPreparedStatement.getMaxFieldSize(StubPreparedStatement.java:71) ~[test-classes/:?]
	at com.zaxxer.hikari.pool.HikariProxyPreparedStatement.getMaxFieldSize(HikariProxyPreparedStatement.java) [classes/:?]
	at com.zaxxer.hikari.pool.ShutdownTest$2.run(ShutdownTest.java:284) [test-classes/:?]
    15 [riPool-1 connection closer] DEBUG PoolBase             - HikariPool-1 - Closing connection com.zaxxer.hikari.mocks.StubConnection@4807b5b7: (connection is broken)
    16 [Thread-3                  ] INFO  HikariPool           - HikariPool-1 - Close initiated...
    17 [Thread-3                  ] DEBUG HikariPool           - HikariPool-1 - Before closing stats (total=3, active=2, idle=1, waiting=0)
    18 [riPool-1 connection closer] DEBUG PoolBase             - HikariPool-1 - Closing connection com.zaxxer.hikari.mocks.StubConnection@163e5a49: (connection evicted)
    19 [Thread-3                  ] DEBUG PoolBase             - HikariPool-1 - Closing connection com.zaxxer.hikari.mocks.StubConnection@7d45a702: (connection aborted during shutdown)
    20 [Thread-3                  ] DEBUG PoolBase             - HikariPool-1 - Closing connection com.zaxxer.hikari.mocks.StubConnection@182a7602: (connection aborted during shutdown)
    21 [Thread-3                  ] DEBUG HikariPool           - HikariPool-1 - After closing stats (total=0, active=0, idle=0, waiting=0)
    22 [Thread-3                  ] INFO  HikariPool           - HikariPool-1 - Closed.
    23 [Thread-2                  ] WARN  ProxyConnection      - HikariPool-1 - Connection com.zaxxer.hikari.mocks.StubConnection@182a7602 marked as broken because of SQLSTATE(08999), ErrorCode(0)
java.sql.SQLException: No reason
	at com.zaxxer.hikari.mocks.StubPreparedStatement.getMaxFieldSize(StubPreparedStatement.java:71) ~[test-classes/:?]
	at com.zaxxer.hikari.pool.HikariProxyPreparedStatement.getMaxFieldSize(HikariProxyPreparedStatement.java) [classes/:?]
	at com.zaxxer.hikari.pool.ShutdownTest$2.run(ShutdownTest.java:284) [test-classes/:?]
    24 [main                      ] INFO  HikariDataSource     - HikariPool-1 - Started.
    25 [ariPool-1 connection adder] DEBUG HikariPool           - HikariPool-1 - Added connection com.zaxxer.hikari.mocks.StubConnection@13ad4b57
    26 [ariPool-1 connection adder] DEBUG HikariPool           - HikariPool-1 - Added connection com.zaxxer.hikari.mocks.StubConnection@1d6ab752
    27 [Thread-4                  ] WARN  ProxyConnection      - HikariPool-1 - Connection com.zaxxer.hikari.mocks.StubConnection@1d6ab752 marked as broken because of SQLSTATE(08999), ErrorCode(0)
java.sql.SQLException: No reason
	at com.zaxxer.hikari.mocks.StubPreparedStatement.getMaxFieldSize(StubPreparedStatement.java:71) ~[test-classes/:?]
	at com.zaxxer.hikari.pool.HikariProxyPreparedStatement.getMaxFieldSize(HikariProxyPreparedStatement.java) [classes/:?]
	at com.zaxxer.hikari.pool.ShutdownTest$2.run(ShutdownTest.java:284) [test-classes/:?]
    28 [ariPool-1 connection adder] DEBUG HikariPool           - HikariPool-1 - Added connection com.zaxxer.hikari.mocks.StubConnection@19552027
    29 [riPool-1 connection closer] DEBUG PoolBase             - HikariPool-1 - Closing connection com.zaxxer.hikari.mocks.StubConnection@1d6ab752: (connection is broken)
    30 [Thread-4                  ] WARN  ProxyConnection      - HikariPool-1 - Connection com.zaxxer.hikari.mocks.StubConnection@19552027 marked as broken because of SQLSTATE(08999), ErrorCode(0)
java.sql.SQLException: No reason
	at com.zaxxer.hikari.mocks.StubPreparedStatement.getMaxFieldSize(StubPreparedStatement.java:71) ~[test-classes/:?]
	at com.zaxxer.hikari.pool.HikariProxyPreparedStatement.getMaxFieldSize(HikariProxyPreparedStatement.java) [classes/:?]
	at com.zaxxer.hikari.pool.ShutdownTest$2.run(ShutdownTest.java:284) [test-classes/:?]
    31 [riPool-1 connection closer] DEBUG PoolBase             - HikariPool-1 - Closing connection com.zaxxer.hikari.mocks.StubConnection@19552027: (connection is broken)
    32 [ariPool-1 connection adder] DEBUG HikariPool           - HikariPool-1 - Added connection com.zaxxer.hikari.mocks.StubConnection@5c57bd69
    33 [Thread-4                  ] WARN  ProxyConnection      - HikariPool-1 - Connection com.zaxxer.hikari.mocks.StubConnection@5c57bd69 marked as broken because of SQLSTATE(08999), ErrorCode(0)
java.sql.SQLException: No reason
	at com.zaxxer.hikari.mocks.StubPreparedStatement.getMaxFieldSize(StubPreparedStatement.java:71) ~[test-classes/:?]
	at com.zaxxer.hikari.pool.HikariProxyPreparedStatement.getMaxFieldSize(HikariProxyPreparedStatement.java) [classes/:?]
	at com.zaxxer.hikari.pool.ShutdownTest$2.run(ShutdownTest.java:284) [test-classes/:?]
    34 [riPool-1 connection closer] DEBUG PoolBase             - HikariPool-1 - Closing connection com.zaxxer.hikari.mocks.StubConnection@5c57bd69: (connection is broken)
    35 [ariPool-1 connection adder] DEBUG HikariPool           - HikariPool-1 - Added connection com.zaxxer.hikari.mocks.StubConnection@25d9a247
    36 [Thread-4                  ] WARN  ProxyConnection      - HikariPool-1 - Connection com.zaxxer.hikari.mocks.StubConnection@25d9a247 marked as broken because of SQLSTATE(08999), ErrorCode(0)
java.sql.SQLException: No reason
	at com.zaxxer.hikari.mocks.StubPreparedStatement.getMaxFieldSize(StubPreparedStatement.java:71) ~[test-classes/:?]
	at com.zaxxer.hikari.pool.HikariProxyPreparedStatement.getMaxFieldSize(HikariProxyPreparedStatement.java) [classes/:?]
	at com.zaxxer.hikari.pool.ShutdownTest$2.run(ShutdownTest.java:284) [test-classes/:?]
    37 [riPool-1 connection closer] DEBUG PoolBase             - HikariPool-1 - Closing connection com.zaxxer.hikari.mocks.StubConnection@25d9a247: (connection is broken)
    38 [ariPool-1 connection adder] DEBUG HikariPool           - HikariPool-1 - Added connection com.zaxxer.hikari.mocks.StubConnection@6dc14189
    39 [Thread-5                  ] INFO  HikariPool           - HikariPool-1 - Close initiated...
    40 [HikariPool-1 housekeeper  ] DEBUG HikariPool           - HikariPool-1 - Pool stats (total=2, active=2, idle=0, waiting=0)
    41 [Thread-5                  ] DEBUG HikariPool           - HikariPool-1 - Before closing stats (total=2, active=2, idle=0, waiting=0)
    42 [ariPool-1 connection adder] DEBUG HikariPool           - HikariPool-1 - After adding stats (total=2, active=2, idle=0, waiting=0)
    43 [Thread-5                  ] DEBUG PoolBase             - HikariPool-1 - Closing connection com.zaxxer.hikari.mocks.StubConnection@13ad4b57: (connection aborted during shutdown)
    44 [Thread-5                  ] DEBUG PoolBase             - HikariPool-1 - Closing connection com.zaxxer.hikari.mocks.StubConnection@6dc14189: (connection aborted during shutdown)
    45 [Thread-5                  ] DEBUG HikariPool           - HikariPool-1 - After closing stats (total=0, active=0, idle=0, waiting=0)
    46 [Thread-5                  ] INFO  HikariPool           - HikariPool-1 - Closed.
    47 [Thread-4                  ] WARN  ProxyConnection      - HikariPool-1 - Connection com.zaxxer.hikari.mocks.StubConnection@6dc14189 marked as broken because of SQLSTATE(08999), ErrorCode(0)
java.sql.SQLException: No reason
	at com.zaxxer.hikari.mocks.StubPreparedStatement.getMaxFieldSize(StubPreparedStatement.java:71) ~[test-classes/:?]
	at com.zaxxer.hikari.pool.HikariProxyPreparedStatement.getMaxFieldSize(HikariProxyPreparedStatement.java) [classes/:?]
	at com.zaxxer.hikari.pool.ShutdownTest$2.run(ShutdownTest.java:284) [test-classes/:?]
    48 [main                      ] INFO  HikariDataSource     - HikariPool-1 - Started.
    49 [ariPool-1 connection adder] DEBUG HikariPool           - HikariPool-1 - Added connection com.zaxxer.hikari.mocks.StubConnection@1cd6a57d
    50 [ariPool-1 connection adder] DEBUG HikariPool           - HikariPool-1 - Added connection com.zaxxer.hikari.mocks.StubConnection@12115897
    51 [Thread-6                  ] WARN  ProxyConnection      - HikariPool-1 - Connection com.zaxxer.hikari.mocks.StubConnection@12115897 marked as broken because of SQLSTATE(08999), ErrorCode(0)
java.sql.SQLException: No reason
	at com.zaxxer.hikari.mocks.StubPreparedStatement.getMaxFieldSize(StubPreparedStatement.java:71) ~[test-classes/:?]
	at com.zaxxer.hikari.pool.HikariProxyPreparedStatement.getMaxFieldSize(HikariProxyPreparedStatement.java) [classes/:?]
	at com.zaxxer.hikari.pool.ShutdownTest$2.run(ShutdownTest.java:284) [test-classes/:?]
    52 [ariPool-1 connection adder] DEBUG HikariPool           - HikariPool-1 - Added connection com.zaxxer.hikari.mocks.StubConnection@162ece0d
    53 [riPool-1 connection closer] DEBUG PoolBase             - HikariPool-1 - Closing connection com.zaxxer.hikari.mocks.StubConnection@12115897: (connection is broken)
    54 [Thread-6                  ] WARN  ProxyConnection      - HikariPool-1 - Connection com.zaxxer.hikari.mocks.StubConnection@162ece0d marked as broken because of SQLSTATE(08999), ErrorCode(0)
java.sql.SQLException: No reason
	at com.zaxxer.hikari.mocks.StubPreparedStatement.getMaxFieldSize(StubPreparedStatement.java:71) ~[test-classes/:?]
	at com.zaxxer.hikari.pool.HikariProxyPreparedStatement.getMaxFieldSize(HikariProxyPreparedStatement.java) [classes/:?]
	at com.zaxxer.hikari.pool.ShutdownTest$2.run(ShutdownTest.java:284) [test-classes/:?]
    55 [ariPool-1 connection adder] DEBUG HikariPool           - HikariPool-1 - Added connection com.zaxxer.hikari.mocks.StubConnection@532c52ac
    56 [riPool-1 connection closer] DEBUG PoolBase             - HikariPool-1 - Closing connection com.zaxxer.hikari.mocks.StubConnection@162ece0d: (connection is broken)
    57 [Thread-6                  ] WARN  ProxyConnection      - HikariPool-1 - Connection com.zaxxer.hikari.mocks.StubConnection@532c52ac marked as broken because of SQLSTATE(08999), ErrorCode(0)
java.sql.SQLException: No reason
	at com.zaxxer.hikari.mocks.StubPreparedStatement.getMaxFieldSize(StubPreparedStatement.java:71) ~[test-classes/:?]
	at com.zaxxer.hikari.pool.HikariProxyPreparedStatement.getMaxFieldSize(HikariProxyPreparedStatement.java) [classes/:?]
	at com.zaxxer.hikari.pool.ShutdownTest$2.run(ShutdownTest.java:284) [test-classes/:?]
    58 [ariPool-1 connection adder] DEBUG HikariPool           - HikariPool-1 - Added connection com.zaxxer.hikari.mocks.StubConnection@7a78f8f9
    59 [riPool-1 connection closer] DEBUG PoolBase             - HikariPool-1 - Closing connection com.zaxxer.hikari.mocks.StubConnection@532c52ac: (connection is broken)
    60 [Thread-6                  ] WARN  ProxyConnection      - HikariPool-1 - Connection com.zaxxer.hikari.mocks.StubConnection@7a78f8f9 marked as broken because of SQLSTATE(08999), ErrorCode(0)
java.sql.SQLException: No reason
	at com.zaxxer.hikari.mocks.StubPreparedStatement.getMaxFieldSize(StubPreparedStatement.java:71) ~[test-classes/:?]
	at com.zaxxer.hikari.pool.HikariProxyPreparedStatement.getMaxFieldSize(HikariProxyPreparedStatement.java) [classes/:?]
	at com.zaxxer.hikari.pool.ShutdownTest$2.run(ShutdownTest.java:284) [test-classes/:?]
    61 [ariPool-1 connection adder] DEBUG HikariPool           - HikariPool-1 - Added connection com.zaxxer.hikari.mocks.StubConnection@62b5c2c1
    62 [riPool-1 connection closer] DEBUG PoolBase             - HikariPool-1 - Closing connection com.zaxxer.hikari.mocks.StubConnection@7a78f8f9: (connection is broken)
    63 [HikariPool-1 housekeeper  ] DEBUG HikariPool           - HikariPool-1 - Pool stats (total=2, active=2, idle=0, waiting=0)
    64 [ariPool-1 connection adder] DEBUG HikariPool           - HikariPool-1 - Added connection com.zaxxer.hikari.mocks.StubConnection@20b363c
    65 [ariPool-1 connection adder] DEBUG HikariPool           - HikariPool-1 - Added connection com.zaxxer.hikari.mocks.StubConnection@3303ade3
    66 [ariPool-1 connection adder] DEBUG HikariPool           - HikariPool-1 - After adding stats (total=4, active=2, idle=2, waiting=0)
    67 [Thread-7                  ] INFO  HikariPool           - HikariPool-1 - Close initiated...
    68 [Thread-7                  ] DEBUG HikariPool           - HikariPool-1 - Before closing stats (total=4, active=2, idle=2, waiting=0)
    69 [Thread-7                  ] DEBUG PoolBase             - HikariPool-1 - Closing connection com.zaxxer.hikari.mocks.StubConnection@1cd6a57d: (connection aborted during shutdown)
    70 [Thread-7                  ] DEBUG PoolBase             - HikariPool-1 - Closing connection com.zaxxer.hikari.mocks.StubConnection@62b5c2c1: (connection aborted during shutdown)
    71 [riPool-1 connection closer] DEBUG PoolBase             - HikariPool-1 - Closing connection com.zaxxer.hikari.mocks.StubConnection@20b363c: (connection evicted)
    72 [riPool-1 connection closer] DEBUG PoolBase             - HikariPool-1 - Closing connection com.zaxxer.hikari.mocks.StubConnection@3303ade3: (connection evicted)
    73 [Thread-7                  ] DEBUG HikariPool           - HikariPool-1 - After closing stats (total=0, active=0, idle=0, waiting=0)
    74 [Thread-7                  ] INFO  HikariPool           - HikariPool-1 - Closed.
    75 [Thread-6                  ] WARN  ProxyConnection      - HikariPool-1 - Connection com.zaxxer.hikari.mocks.StubConnection@62b5c2c1 marked as broken because of SQLSTATE(08999), ErrorCode(0)
java.sql.SQLException: No reason
	at com.zaxxer.hikari.mocks.StubPreparedStatement.getMaxFieldSize(StubPreparedStatement.java:71) ~[test-classes/:?]
	at com.zaxxer.hikari.pool.HikariProxyPreparedStatement.getMaxFieldSize(HikariProxyPreparedStatement.java) [classes/:?]
	at com.zaxxer.hikari.pool.ShutdownTest$2.run(ShutdownTest.java:284) [test-classes/:?]
    76 [main                      ] INFO  HikariDataSource     - HikariPool-1 - Started.
    77 [ariPool-1 connection adder] DEBUG HikariPool           - HikariPool-1 - Added connection com.zaxxer.hikari.mocks.StubConnection@16594646
    78 [ariPool-1 connection adder] DEBUG HikariPool           - HikariPool-1 - Added connection com.zaxxer.hikari.mocks.StubConnection@189eaafd
    79 [Thread-8                  ] WARN  ProxyConnection      - HikariPool-1 - Connection com.zaxxer.hikari.mocks.StubConnection@189eaafd marked as broken because of SQLSTATE(08999), ErrorCode(0)
java.sql.SQLException: No reason
	at com.zaxxer.hikari.mocks.StubPreparedStatement.getMaxFieldSize(StubPreparedStatement.java:71) ~[test-classes/:?]
	at com.zaxxer.hikari.pool.HikariProxyPreparedStatement.getMaxFieldSize(HikariProxyPreparedStatement.java) [classes/:?]
	at com.zaxxer.hikari.pool.ShutdownTest$2.run(ShutdownTest.java:284) [test-classes/:?]
    80 [ariPool-1 connection adder] DEBUG HikariPool           - HikariPool-1 - Added connection com.zaxxer.hikari.mocks.StubConnection@1ca12d36
    81 [riPool-1 connection closer] DEBUG PoolBase             - HikariPool-1 - Closing connection com.zaxxer.hikari.mocks.StubConnection@189eaafd: (connection is broken)
    82 [Thread-8                  ] WARN  ProxyConnection      - HikariPool-1 - Connection com.zaxxer.hikari.mocks.StubConnection@1ca12d36 marked as broken because of SQLSTATE(08999), ErrorCode(0)
java.sql.SQLException: No reason
	at com.zaxxer.hikari.mocks.StubPreparedStatement.getMaxFieldSize(StubPreparedStatement.java:71) ~[test-classes/:?]
	at com.zaxxer.hikari.pool.HikariProxyPreparedStatement.getMaxFieldSize(HikariProxyPreparedStatement.java) [classes/:?]
	at com.zaxxer.hikari.pool.ShutdownTest$2.run(ShutdownTest.java:284) [test-classes/:?]
    83 [ariPool-1 connection adder] DEBUG HikariPool           - HikariPool-1 - Added connection com.zaxxer.hikari.mocks.StubConnection@59a3a0c6
    84 [riPool-1 connection closer] DEBUG PoolBase             - HikariPool-1 - Closing connection com.zaxxer.hikari.mocks.StubConnection@1ca12d36: (connection is broken)
    85 [Thread-8                  ] WARN  ProxyConnection      - HikariPool-1 - Connection com.zaxxer.hikari.mocks.StubConnection@59a3a0c6 marked as broken because of SQLSTATE(08999), ErrorCode(0)
java.sql.SQLException: No reason
	at com.zaxxer.hikari.mocks.StubPreparedStatement.getMaxFieldSize(StubPreparedStatement.java:71) ~[test-classes/:?]
	at com.zaxxer.hikari.pool.HikariProxyPreparedStatement.getMaxFieldSize(HikariProxyPreparedStatement.java) [classes/:?]
	at com.zaxxer.hikari.pool.ShutdownTest$2.run(ShutdownTest.java:284) [test-classes/:?]
    86 [ariPool-1 connection adder] DEBUG HikariPool           - HikariPool-1 - Added connection com.zaxxer.hikari.mocks.StubConnection@594b6c2
    87 [riPool-1 connection closer] DEBUG PoolBase             - HikariPool-1 - Closing connection com.zaxxer.hikari.mocks.StubConnection@59a3a0c6: (connection is broken)
    88 [Thread-8                  ] WARN  ProxyConnection      - HikariPool-1 - Connection com.zaxxer.hikari.mocks.StubConnection@594b6c2 marked as broken because of SQLSTATE(08999), ErrorCode(0)
java.sql.SQLException: No reason
	at com.zaxxer.hikari.mocks.StubPreparedStatement.getMaxFieldSize(StubPreparedStatement.java:71) ~[test-classes/:?]
	at com.zaxxer.hikari.pool.HikariProxyPreparedStatement.getMaxFieldSize(HikariProxyPreparedStatement.java) [classes/:?]
	at com.zaxxer.hikari.pool.ShutdownTest$2.run(ShutdownTest.java:284) [test-classes/:?]
    89 [riPool-1 connection closer] DEBUG PoolBase             - HikariPool-1 - Closing connection com.zaxxer.hikari.mocks.StubConnection@594b6c2: (connection is broken)
    90 [HikariPool-1 housekeeper  ] DEBUG HikariPool           - HikariPool-1 - Pool stats (total=1, active=1, idle=0, waiting=1)
    91 [ariPool-1 connection adder] DEBUG HikariPool           - HikariPool-1 - Added connection com.zaxxer.hikari.mocks.StubConnection@68b03dcf
    92 [ariPool-1 connection adder] DEBUG HikariPool           - HikariPool-1 - Added connection com.zaxxer.hikari.mocks.StubConnection@7d6d7572
    94 [Thread-8                  ] WARN  ProxyConnection      - HikariPool-1 - Connection com.zaxxer.hikari.mocks.StubConnection@68b03dcf marked as broken because of SQLSTATE(08999), ErrorCode(0)
java.sql.SQLException: No reason
	at com.zaxxer.hikari.mocks.StubPreparedStatement.getMaxFieldSize(StubPreparedStatement.java:71) ~[test-classes/:?]
	at com.zaxxer.hikari.pool.HikariProxyPreparedStatement.getMaxFieldSize(HikariProxyPreparedStatement.java) [classes/:?]
	at com.zaxxer.hikari.pool.ShutdownTest$2.run(ShutdownTest.java:284) [test-classes/:?]
    95 [riPool-1 connection closer] DEBUG PoolBase             - HikariPool-1 - Closing connection com.zaxxer.hikari.mocks.StubConnection@68b03dcf: (connection is broken)
    93 [Thread-9                  ] INFO  HikariPool           - HikariPool-1 - Close initiated...
    97 [Thread-9                  ] DEBUG HikariPool           - HikariPool-1 - Before closing stats (total=2, active=0, idle=2, waiting=0)
    96 [ariPool-1 connection adder] DEBUG HikariPool           - HikariPool-1 - After adding stats (total=2, active=0, idle=2, waiting=0)
    98 [riPool-1 connection closer] DEBUG PoolBase             - HikariPool-1 - Closing connection com.zaxxer.hikari.mocks.StubConnection@16594646: (connection evicted)
    99 [riPool-1 connection closer] DEBUG PoolBase             - HikariPool-1 - Closing connection com.zaxxer.hikari.mocks.StubConnection@7d6d7572: (connection evicted)
   100 [Thread-9                  ] DEBUG HikariPool           - HikariPool-1 - After closing stats (total=0, active=0, idle=0, waiting=0)
   101 [Thread-9                  ] INFO  HikariPool           - HikariPool-1 - Closed.
   102 [main                      ] INFO  HikariDataSource     - HikariPool-2 - Started.
   103 [main                      ] INFO  HikariPool           - HikariPool-2 - Close initiated...
   104 [main                      ] DEBUG HikariPool           - HikariPool-2 - Before closing stats (total=0, active=0, idle=0, waiting=0)
   105 [main                      ] DEBUG HikariPool           - HikariPool-2 - After closing stats (total=0, active=0, idle=0, waiting=0)
   106 [main                      ] INFO  HikariPool           - HikariPool-2 - Closed.
   107 [main                      ] INFO  HikariDataSource     - HikariPool-3 - Started.
   108 [HikariPool-3 housekeeper  ] DEBUG HikariPool           - HikariPool-3 - Pool stats (total=0, active=0, idle=0, waiting=10)
   109 [ariPool-3 connection adder] DEBUG HikariPool           - HikariPool-3 - Added connection com.zaxxer.hikari.mocks.StubConnection@810fe79
   110 [main                      ] INFO  HikariPool           - HikariPool-3 - Close initiated...
   111 [main                      ] DEBUG HikariPool           - HikariPool-3 - Before closing stats (total=1, active=1, idle=0, waiting=9)
   112 [ariPool-3 connection adder] DEBUG HikariPool           - HikariPool-3 - Added connection com.zaxxer.hikari.mocks.StubConnection@6d7110b
   113 [main                      ] DEBUG PoolBase             - HikariPool-3 - Closing connection com.zaxxer.hikari.mocks.StubConnection@810fe79: (connection aborted during shutdown)
   114 [main                      ] DEBUG PoolBase             - HikariPool-3 - Closing connection com.zaxxer.hikari.mocks.StubConnection@6d7110b: (connection aborted during shutdown)
   115 [main                      ] DEBUG HikariPool           - HikariPool-3 - After closing stats (total=0, active=0, idle=0, waiting=8)
   116 [main                      ] INFO  HikariPool           - HikariPool-3 - Closed.
   117 [main                      ] INFO  HikariDataSource     - HikariPool-4 - Started.
   118 [HikariPool-4 housekeeper  ] DEBUG HikariPool           - HikariPool-4 - Pool stats (total=0, active=0, idle=0, waiting=0)
   119 [ariPool-4 connection adder] DEBUG HikariPool           - HikariPool-4 - Added connection com.zaxxer.hikari.mocks.StubConnection@5612bc30
   120 [main                      ] INFO  HikariPool           - HikariPool-4 - Close initiated...
   121 [main                      ] DEBUG HikariPool           - HikariPool-4 - Before closing stats (total=1, active=0, idle=1, waiting=0)
   122 [riPool-4 connection closer] DEBUG PoolBase             - HikariPool-4 - Closing connection com.zaxxer.hikari.mocks.StubConnection@5612bc30: (connection evicted)
   123 [ariPool-4 connection adder] DEBUG HikariPool           - HikariPool-4 - Added connection com.zaxxer.hikari.mocks.StubConnection@58d55882
   124 [ariPool-4 connection adder] DEBUG HikariPool           - HikariPool-4 - After adding stats (total=1, active=0, idle=1, waiting=0)
   125 [riPool-4 connection closer] DEBUG PoolBase             - HikariPool-4 - Closing connection com.zaxxer.hikari.mocks.StubConnection@58d55882: (connection evicted)
   126 [main                      ] DEBUG HikariPool           - HikariPool-4 - After closing stats (total=0, active=0, idle=0, waiting=0)
   127 [main                      ] INFO  HikariPool           - HikariPool-4 - Closed.
   128 [main                      ] INFO  HikariDataSource     - HikariPool-5 - Started.
   129 [HikariPool-5 housekeeper  ] DEBUG HikariPool           - HikariPool-5 - Pool stats (total=0, active=0, idle=0, waiting=0)
   130 [ariPool-5 connection adder] DEBUG HikariPool           - HikariPool-5 - Added connection com.zaxxer.hikari.mocks.StubConnection@6d86613c
   131 [ariPool-5 connection adder] DEBUG HikariPool           - HikariPool-5 - Added connection com.zaxxer.hikari.mocks.StubConnection@634192fc
   132 [ariPool-5 connection adder] DEBUG HikariPool           - HikariPool-5 - Added connection com.zaxxer.hikari.mocks.StubConnection@677e0a4c
   133 [ariPool-5 connection adder] DEBUG HikariPool           - HikariPool-5 - Added connection com.zaxxer.hikari.mocks.StubConnection@227c98c7
   134 [ariPool-5 connection adder] DEBUG HikariPool           - HikariPool-5 - Added connection com.zaxxer.hikari.mocks.StubConnection@7cad8235
   135 [ariPool-5 connection adder] DEBUG HikariPool           - HikariPool-5 - After adding stats (total=5, active=0, idle=5, waiting=0)
   136 [main                      ] INFO  HikariPool           - HikariPool-5 - Close initiated...
   137 [main                      ] DEBUG HikariPool           - HikariPool-5 - Before closing stats (total=5, active=0, idle=5, waiting=0)
   138 [riPool-5 connection closer] DEBUG PoolBase             - HikariPool-5 - Closing connection com.zaxxer.hikari.mocks.StubConnection@6d86613c: (connection evicted)
   139 [riPool-5 connection closer] DEBUG PoolBase             - HikariPool-5 - Closing connection com.zaxxer.hikari.mocks.StubConnection@634192fc: (connection evicted)
   140 [riPool-5 connection closer] DEBUG PoolBase             - HikariPool-5 - Closing connection com.zaxxer.hikari.mocks.StubConnection@677e0a4c: (connection evicted)
   141 [riPool-5 connection closer] DEBUG PoolBase             - HikariPool-5 - Closing connection com.zaxxer.hikari.mocks.StubConnection@227c98c7: (connection evicted)
   142 [riPool-5 connection closer] DEBUG PoolBase             - HikariPool-5 - Closing connection com.zaxxer.hikari.mocks.StubConnection@7cad8235: (connection evicted)
   143 [main                      ] DEBUG HikariPool           - HikariPool-5 - After closing stats (total=0, active=0, idle=0, waiting=0)
   144 [main                      ] INFO  HikariPool           - HikariPool-5 - Closed.
   145 [main                      ] INFO  HikariDataSource     - HikariPool-6 - Started.
   146 [HikariPool-6 housekeeper  ] DEBUG HikariPool           - HikariPool-6 - Pool stats (total=0, active=0, idle=0, waiting=0)
   147 [main                      ] INFO  HikariPool           - HikariPool-6 - Close initiated...
   148 [main                      ] DEBUG HikariPool           - HikariPool-6 - Before closing stats (total=0, active=0, idle=0, waiting=0)
   149 [ariPool-6 connection adder] DEBUG HikariPool           - HikariPool-6 - Added connection com.zaxxer.hikari.mocks.StubConnection@529c8504
   150 [ariPool-6 connection adder] DEBUG HikariPool           - HikariPool-6 - After adding stats (total=1, active=0, idle=1, waiting=0)
   151 [riPool-6 connection closer] DEBUG PoolBase             - HikariPool-6 - Closing connection com.zaxxer.hikari.mocks.StubConnection@529c8504: (connection evicted)
   152 [main                      ] DEBUG HikariPool           - HikariPool-6 - After closing stats (total=0, active=0, idle=0, waiting=0)
   153 [main                      ] INFO  HikariPool           - HikariPool-6 - Closed.
   154 [main                      ] INFO  HikariDataSource     - HikariPool-7 - Started.
   155 [ariPool-7 connection adder] DEBUG HikariPool           - HikariPool-7 - Added connection com.zaxxer.hikari.mocks.StubConnection@14dd0f9b
   156 [ariPool-7 connection adder] DEBUG HikariPool           - HikariPool-7 - Added connection com.zaxxer.hikari.mocks.StubConnection@1a1af370
   157 [ariPool-7 connection adder] DEBUG HikariPool           - HikariPool-7 - Added connection com.zaxxer.hikari.mocks.StubConnection@1e2564eb
   158 [ariPool-7 connection adder] DEBUG HikariPool           - HikariPool-7 - Added connection com.zaxxer.hikari.mocks.StubConnection@5b27f94b
   159 [ariPool-7 connection adder] DEBUG HikariPool           - HikariPool-7 - Added connection com.zaxxer.hikari.mocks.StubConnection@277a9463
   160 [main                      ] INFO  HikariPool           - HikariPool-7 - Close initiated...
   161 [main                      ] DEBUG HikariPool           - HikariPool-7 - Before closing stats (total=5, active=5, idle=0, waiting=0)
   162 [main                      ] DEBUG PoolBase             - HikariPool-7 - Closing connection com.zaxxer.hikari.mocks.StubConnection@14dd0f9b: (connection aborted during shutdown)
   163 [main                      ] DEBUG PoolBase             - HikariPool-7 - Closing connection com.zaxxer.hikari.mocks.StubConnection@1a1af370: (connection aborted during shutdown)
   164 [main                      ] DEBUG PoolBase             - HikariPool-7 - Closing connection com.zaxxer.hikari.mocks.StubConnection@1e2564eb: (connection aborted during shutdown)
   165 [main                      ] DEBUG PoolBase             - HikariPool-7 - Closing connection com.zaxxer.hikari.mocks.StubConnection@5b27f94b: (connection aborted during shutdown)
   166 [main                      ] DEBUG PoolBase             - HikariPool-7 - Closing connection com.zaxxer.hikari.mocks.StubConnection@277a9463: (connection aborted during shutdown)
   167 [main                      ] DEBUG HikariPool           - HikariPool-7 - After closing stats (total=0, active=0, idle=0, waiting=0)
   168 [main                      ] INFO  HikariPool           - HikariPool-7 - Closed.
   169 [main                      ] INFO  HikariDataSource     - HikariPool-8 - Started.
   170 [HikariPool-8 housekeeper  ] DEBUG HikariPool           - HikariPool-8 - Pool stats (total=0, active=0, idle=0, waiting=0)
   171 [ariPool-8 connection adder] DEBUG HikariPool           - HikariPool-8 - Added connection com.zaxxer.hikari.mocks.StubConnection@289fff01
   172 [ariPool-8 connection adder] DEBUG HikariPool           - HikariPool-8 - Added connection com.zaxxer.hikari.mocks.StubConnection@26580462
   173 [main                      ] INFO  HikariPool           - HikariPool-8 - Close initiated...
   174 [main                      ] DEBUG HikariPool           - HikariPool-8 - Before closing stats (total=2, active=0, idle=2, waiting=0)
   175 [riPool-8 connection closer] DEBUG PoolBase             - HikariPool-8 - Closing connection com.zaxxer.hikari.mocks.StubConnection@289fff01: (connection evicted)
   176 [riPool-8 connection closer] DEBUG PoolBase             - HikariPool-8 - Closing connection com.zaxxer.hikari.mocks.StubConnection@26580462: (connection evicted)
   177 [ariPool-8 connection adder] DEBUG HikariPool           - HikariPool-8 - Added connection com.zaxxer.hikari.mocks.StubConnection@22679471
   178 [ariPool-8 connection adder] DEBUG HikariPool           - HikariPool-8 - After adding stats (total=1, active=0, idle=1, waiting=0)
   179 [riPool-8 connection closer] DEBUG PoolBase             - HikariPool-8 - Closing connection com.zaxxer.hikari.mocks.StubConnection@22679471: (connection evicted)
   180 [main                      ] DEBUG HikariPool           - HikariPool-8 - After closing stats (total=0, active=0, idle=0, waiting=0)
   181 [main                      ] INFO  HikariPool           - HikariPool-8 - Closed.
Tests run: 8, Failures: 0, Errors: 0, Skipped: 0, Time elapsed: 13.22 sec - in com.zaxxer.hikari.pool.ShutdownTest
Running com.zaxxer.hikari.pool.TestJNDI
     1 [main                      ] WARN  HikariConfig         - HikariPool-1 - idleTimeout is close to or more than maxLifetime, disabling it.
     2 [main                      ] INFO  HikariDataSource     - HikariPool-1 - Started.
     3 [main                      ] INFO  HikariPool           - HikariPool-1 - Close initiated...
     4 [main                      ] INFO  HikariPool           - HikariPool-1 - Closed.
     5 [main                      ] WARN  HikariConfig         - HikariPool-2 - idleTimeout is close to or more than maxLifetime, disabling it.
     6 [main                      ] INFO  HikariDataSource     - HikariPool-2 - Started.
     7 [main                      ] INFO  HikariPool           - HikariPool-2 - Close initiated...
     8 [main                      ] INFO  HikariPool           - HikariPool-2 - Closed.
Tests run: 3, Failures: 0, Errors: 0, Skipped: 0, Time elapsed: 2.082 sec - in com.zaxxer.hikari.pool.TestJNDI
Running com.zaxxer.hikari.pool.MiscTest
     1 [main                      ] INFO  HikariDataSource     - test - Started.
     2 [main                      ] INFO  HikariPool           - test - Close initiated...
     3 [main                      ] INFO  HikariPool           - test - Closed.
     4 [main                      ] INFO  HikariDataSource     - test - Started.
     5 [main                      ] DEBUG HikariPool           - test - stats (total=0, active=0, idle=0, waiting=0)
     6 [pool-2-thread-2           ] DEBUG HikariPool           - test - Added connection com.zaxxer.hikari.mocks.StubConnection@3d8de2e1
     7 [pool-2-thread-1           ] DEBUG HikariPool           - test - Pool stats (total=1, active=1, idle=0, waiting=0)
     8 [pool-2-thread-1           ] WARN  ProxyLeakTask        - Connection leak detection triggered for com.zaxxer.hikari.mocks.StubConnection@3d8de2e1, stack trace follows
java.lang.Exception: Apparent connection leak detected
	at com.zaxxer.hikari.pool.MiscTest.testLeakDetection(MiscTest.java:107) ~[test-classes/:?]
	at sun.reflect.NativeMethodAccessorImpl.invoke0(Native Method) ~[?:1.8.0_31]
	at sun.reflect.NativeMethodAccessorImpl.invoke(NativeMethodAccessorImpl.java:62) ~[?:1.8.0_31]
	at sun.reflect.DelegatingMethodAccessorImpl.invoke(DelegatingMethodAccessorImpl.java:43) ~[?:1.8.0_31]
	at java.lang.reflect.Method.invoke(Method.java:483) ~[?:1.8.0_31]
	at org.junit.runners.model.FrameworkMethod$1.runReflectiveCall(FrameworkMethod.java:50) ~[junit-4.12.jar:4.12]
	at org.junit.internal.runners.model.ReflectiveCallable.run(ReflectiveCallable.java:12) ~[junit-4.12.jar:4.12]
	at org.junit.runners.model.FrameworkMethod.invokeExplosively(FrameworkMethod.java:47) ~[junit-4.12.jar:4.12]
	at org.junit.internal.runners.statements.InvokeMethod.evaluate(InvokeMethod.java:17) ~[junit-4.12.jar:4.12]
	at org.junit.runners.ParentRunner.runLeaf(ParentRunner.java:325) ~[junit-4.12.jar:4.12]
	at org.junit.runners.BlockJUnit4ClassRunner.runChild(BlockJUnit4ClassRunner.java:78) ~[junit-4.12.jar:4.12]
	at org.junit.runners.BlockJUnit4ClassRunner.runChild(BlockJUnit4ClassRunner.java:57) ~[junit-4.12.jar:4.12]
	at org.junit.runners.ParentRunner$3.run(ParentRunner.java:290) ~[junit-4.12.jar:4.12]
	at org.junit.runners.ParentRunner$1.schedule(ParentRunner.java:71) ~[junit-4.12.jar:4.12]
	at org.junit.runners.ParentRunner.runChildren(ParentRunner.java:288) ~[junit-4.12.jar:4.12]
	at org.junit.runners.ParentRunner.access$000(ParentRunner.java:58) ~[junit-4.12.jar:4.12]
	at org.junit.runners.ParentRunner$2.evaluate(ParentRunner.java:268) ~[junit-4.12.jar:4.12]
	at org.junit.runners.ParentRunner.run(ParentRunner.java:363) ~[junit-4.12.jar:4.12]
	at org.apache.maven.surefire.junit4.JUnit4Provider.execute(JUnit4Provider.java:367) ~[surefire-junit4-2.19.1.jar:2.19.1]
	at org.apache.maven.surefire.junit4.JUnit4Provider.executeWithRerun(JUnit4Provider.java:274) ~[surefire-junit4-2.19.1.jar:2.19.1]
	at org.apache.maven.surefire.junit4.JUnit4Provider.executeTestSet(JUnit4Provider.java:238) ~[surefire-junit4-2.19.1.jar:2.19.1]
	at org.apache.maven.surefire.junit4.JUnit4Provider.invoke(JUnit4Provider.java:161) ~[surefire-junit4-2.19.1.jar:2.19.1]
	at org.apache.maven.surefire.booter.ForkedBooter.invokeProviderInSameClassLoader(ForkedBooter.java:290) ~[surefire-booter-2.19.1.jar:2.19.1]
	at org.apache.maven.surefire.booter.ForkedBooter.runSuitesInProcess(ForkedBooter.java:242) ~[surefire-booter-2.19.1.jar:2.19.1]
	at org.apache.maven.surefire.booter.ForkedBooter.main(ForkedBooter.java:121) ~[surefire-booter-2.19.1.jar:2.19.1]
     9 [main                      ] INFO  ProxyLeakTask        - Previously reported leaked connection com.zaxxer.hikari.mocks.StubConnection@3d8de2e1 was returned to the pool (unleaked)
    10 [main                      ] INFO  HikariPool           - test - Close initiated...
    11 [main                      ] DEBUG HikariPool           - test - Before closing stats (total=1, active=0, idle=1, waiting=0)
    12 [main                      ] DEBUG HikariPool           - test - After closing stats (total=0, active=0, idle=0, waiting=0)
    13 [main                      ] INFO  HikariPool           - test - Closed.
Tests run: 4, Failures: 0, Errors: 0, Skipped: 0, Time elapsed: 7.564 sec - in com.zaxxer.hikari.pool.MiscTest
Running com.zaxxer.hikari.pool.ExceptionTest
     1 [main                      ] INFO  HikariDataSource     - HikariPool-1 - Started.
     2 [main                      ] WARN  ProxyConnection      - HikariPool-1 - Connection com.zaxxer.hikari.mocks.StubConnection@2abbd0d9 marked as broken because of SQLSTATE(08999), ErrorCode(0)
java.sql.SQLException: No reason
	at com.zaxxer.hikari.mocks.StubPreparedStatement.getMaxFieldSize(StubPreparedStatement.java:71) ~[test-classes/:?]
	at com.zaxxer.hikari.pool.HikariProxyPreparedStatement.getMaxFieldSize(HikariProxyPreparedStatement.java) [classes/:?]
	at com.zaxxer.hikari.pool.ExceptionTest.testException1(ExceptionTest.java:68) [test-classes/:?]
	at sun.reflect.NativeMethodAccessorImpl.invoke0(Native Method) ~[?:1.8.0_31]
	at sun.reflect.NativeMethodAccessorImpl.invoke(NativeMethodAccessorImpl.java:62) ~[?:1.8.0_31]
	at sun.reflect.DelegatingMethodAccessorImpl.invoke(DelegatingMethodAccessorImpl.java:43) ~[?:1.8.0_31]
	at java.lang.reflect.Method.invoke(Method.java:483) ~[?:1.8.0_31]
	at org.junit.runners.model.FrameworkMethod$1.runReflectiveCall(FrameworkMethod.java:50) [junit-4.12.jar:4.12]
	at org.junit.internal.runners.model.ReflectiveCallable.run(ReflectiveCallable.java:12) [junit-4.12.jar:4.12]
	at org.junit.runners.model.FrameworkMethod.invokeExplosively(FrameworkMethod.java:47) [junit-4.12.jar:4.12]
	at org.junit.internal.runners.statements.InvokeMethod.evaluate(InvokeMethod.java:17) [junit-4.12.jar:4.12]
	at org.junit.internal.runners.statements.RunBefores.evaluate(RunBefores.java:26) [junit-4.12.jar:4.12]
	at org.junit.internal.runners.statements.RunAfters.evaluate(RunAfters.java:27) [junit-4.12.jar:4.12]
	at org.junit.runners.ParentRunner.runLeaf(ParentRunner.java:325) [junit-4.12.jar:4.12]
	at org.junit.runners.BlockJUnit4ClassRunner.runChild(BlockJUnit4ClassRunner.java:78) [junit-4.12.jar:4.12]
	at org.junit.runners.BlockJUnit4ClassRunner.runChild(BlockJUnit4ClassRunner.java:57) [junit-4.12.jar:4.12]
	at org.junit.runners.ParentRunner$3.run(ParentRunner.java:290) [junit-4.12.jar:4.12]
	at org.junit.runners.ParentRunner$1.schedule(ParentRunner.java:71) [junit-4.12.jar:4.12]
	at org.junit.runners.ParentRunner.runChildren(ParentRunner.java:288) [junit-4.12.jar:4.12]
	at org.junit.runners.ParentRunner.access$000(ParentRunner.java:58) [junit-4.12.jar:4.12]
	at org.junit.runners.ParentRunner$2.evaluate(ParentRunner.java:268) [junit-4.12.jar:4.12]
	at org.junit.runners.ParentRunner.run(ParentRunner.java:363) [junit-4.12.jar:4.12]
	at org.apache.maven.surefire.junit4.JUnit4Provider.execute(JUnit4Provider.java:367) [surefire-junit4-2.19.1.jar:2.19.1]
	at org.apache.maven.surefire.junit4.JUnit4Provider.executeWithRerun(JUnit4Provider.java:274) [surefire-junit4-2.19.1.jar:2.19.1]
	at org.apache.maven.surefire.junit4.JUnit4Provider.executeTestSet(JUnit4Provider.java:238) [surefire-junit4-2.19.1.jar:2.19.1]
	at org.apache.maven.surefire.junit4.JUnit4Provider.invoke(JUnit4Provider.java:161) [surefire-junit4-2.19.1.jar:2.19.1]
	at org.apache.maven.surefire.booter.ForkedBooter.invokeProviderInSameClassLoader(ForkedBooter.java:290) [surefire-booter-2.19.1.jar:2.19.1]
	at org.apache.maven.surefire.booter.ForkedBooter.runSuitesInProcess(ForkedBooter.java:242) [surefire-booter-2.19.1.jar:2.19.1]
	at org.apache.maven.surefire.booter.ForkedBooter.main(ForkedBooter.java:121) [surefire-booter-2.19.1.jar:2.19.1]
     3 [main                      ] INFO  HikariPool           - HikariPool-1 - Close initiated...
     4 [main                      ] INFO  HikariPool           - HikariPool-1 - Closed.
     5 [main                      ] INFO  HikariDataSource     - HikariPool-2 - Started.
     6 [main                      ] INFO  HikariPool           - HikariPool-2 - Close initiated...
     7 [main                      ] INFO  HikariPool           - HikariPool-2 - Closed.
     8 [main                      ] INFO  HikariDataSource     - HikariPool-3 - Started.
     9 [main                      ] INFO  HikariPool           - HikariPool-3 - Close initiated...
    10 [main                      ] INFO  HikariPool           - HikariPool-3 - Closed.
Tests run: 3, Failures: 0, Errors: 0, Skipped: 0, Time elapsed: 2.325 sec - in com.zaxxer.hikari.pool.ExceptionTest
Running com.zaxxer.hikari.pool.TestMetrics
     1 [main                      ] INFO  HikariDataSource     - HikariPool-1 - Started.
     2 [main                      ] INFO  HikariPool           - HikariPool-1 - Close initiated...
     3 [main                      ] INFO  HikariPool           - HikariPool-1 - Closed.
     4 [main                      ] INFO  HikariDataSource     - HikariPool-2 - Started.
     5 [main                      ] INFO  HikariPool           - HikariPool-2 - Close initiated...
     6 [main                      ] INFO  HikariPool           - HikariPool-2 - Closed.
     7 [main                      ] INFO  HikariDataSource     - HikariPool-3 - Started.
     8 [main                      ] INFO  HikariPool           - HikariPool-3 - Close initiated...
     9 [main                      ] INFO  HikariPool           - HikariPool-3 - Closed.
    10 [main                      ] INFO  HikariDataSource     - HikariPool-4 - Started.
    11 [main                      ] INFO  HikariPool           - HikariPool-4 - Close initiated...
    12 [main                      ] INFO  HikariPool           - HikariPool-4 - Closed.
    13 [main                      ] INFO  HikariDataSource     - HikariPool-5 - Started.
    14 [main                      ] INFO  HikariPool           - HikariPool-5 - Close initiated...
    15 [main                      ] INFO  HikariPool           - HikariPool-5 - Closed.
    16 [main                      ] INFO  HikariDataSource     - test - Started.
    17 [main                      ] INFO  HikariPool           - test - Close initiated...
    18 [main                      ] INFO  HikariPool           - test - Closed.
    19 [main                      ] INFO  HikariDataSource     - test - Started.
    20 [main                      ] INFO  HikariPool           - test - Close initiated...
    21 [main                      ] INFO  HikariPool           - test - Closed.
    22 [main                      ] INFO  HikariDataSource     - test - Started.
    23 [main                      ] INFO  HikariPool           - test - Close initiated...
    24 [main                      ] INFO  HikariPool           - test - Closed.
Tests run: 8, Failures: 0, Errors: 0, Skipped: 0, Time elapsed: 4.429 sec - in com.zaxxer.hikari.pool.TestMetrics
Running com.zaxxer.hikari.pool.TestMBean
     1 [main                      ] INFO  HikariDataSource     - HikariPool-1 - Started.
     2 [main                      ] INFO  HikariPool           - HikariPool-1 - Close initiated...
     3 [main                      ] INFO  HikariPool           - HikariPool-1 - Closed.
Tests run: 1, Failures: 0, Errors: 0, Skipped: 0, Time elapsed: 1.952 sec - in com.zaxxer.hikari.pool.TestMBean
Running com.zaxxer.hikari.pool.ConnectionRaceConditionTest
     1 [main                      ] INFO  HikariDataSource     - HikariPool-1 - Started.
     2 [main                      ] INFO  HikariPool           - HikariPool-1 - Close initiated...
     3 [main                      ] INFO  HikariPool           - HikariPool-1 - Closed.
Tests run: 1, Failures: 0, Errors: 0, Skipped: 0, Time elapsed: 2.339 sec - in com.zaxxer.hikari.pool.ConnectionRaceConditionTest
Running com.zaxxer.hikari.pool.ConnectionStateTest
     1 [main                      ] INFO  HikariDataSource     - HikariPool-1 - Started.
     2 [main                      ] INFO  HikariPool           - HikariPool-1 - Close initiated...
     3 [main                      ] INFO  HikariPool           - HikariPool-1 - Closed.
     4 [main                      ] INFO  HikariDataSource     - HikariPool-2 - Started.
     5 [main                      ] INFO  HikariPool           - HikariPool-2 - Close initiated...
     6 [main                      ] INFO  HikariPool           - HikariPool-2 - Closed.
     7 [main                      ] INFO  HikariDataSource     - HikariPool-3 - Started.
     8 [main                      ] INFO  HikariPool           - HikariPool-3 - Close initiated...
     9 [main                      ] INFO  HikariPool           - HikariPool-3 - Closed.
    10 [main                      ] INFO  HikariDataSource     - HikariPool-4 - Started.
    11 [main                      ] INFO  HikariPool           - HikariPool-4 - Close initiated...
    12 [main                      ] INFO  HikariPool           - HikariPool-4 - Closed.
    13 [main                      ] INFO  HikariDataSource     - HikariPool-6 - Started.
    14 [main                      ] INFO  HikariPool           - HikariPool-6 - Close initiated...
    15 [main                      ] INFO  HikariPool           - HikariPool-6 - Closed.
Tests run: 6, Failures: 0, Errors: 0, Skipped: 0, Time elapsed: 2.159 sec - in com.zaxxer.hikari.pool.ConnectionStateTest
Running com.zaxxer.hikari.pool.UnwrapTest
     1 [main                      ] INFO  HikariDataSource     - HikariPool-1 - Started.
     2 [main                      ] INFO  HikariPool           - HikariPool-1 - Close initiated...
     3 [main                      ] INFO  HikariPool           - HikariPool-1 - Closed.
     4 [main                      ] INFO  HikariDataSource     - HikariPool-2 - Started.
     5 [main                      ] INFO  HikariPool           - HikariPool-2 - Close initiated...
     6 [main                      ] INFO  HikariPool           - HikariPool-2 - Closed.
Tests run: 2, Failures: 0, Errors: 0, Skipped: 0, Time elapsed: 2.084 sec - in com.zaxxer.hikari.pool.UnwrapTest
Running com.zaxxer.hikari.pool.TestConnectionTimeoutRetry
     1 [main                      ] INFO  HikariDataSource     - HikariPool-1 - Started.
     2 [main                      ] INFO  HikariPool           - HikariPool-1 - Close initiated...
     3 [main                      ] INFO  HikariPool           - HikariPool-1 - Closed.
     4 [main                      ] INFO  HikariDataSource     - HikariPool-2 - Started.
     5 [main                      ] INFO  HikariPool           - HikariPool-2 - Close initiated...
     6 [main                      ] INFO  HikariPool           - HikariPool-2 - Closed.
     7 [main                      ] INFO  HikariDataSource     - HikariPool-3 - Started.
     8 [main                      ] INFO  HikariPool           - HikariPool-3 - Close initiated...
     9 [main                      ] INFO  HikariPool           - HikariPool-3 - Closed.
    10 [main                      ] INFO  HikariDataSource     - HikariPool-4 - Started.
    11 [ariPool-4 connection adder] DEBUG HikariPool           - HikariPool-4 - Added connection com.zaxxer.hikari.mocks.StubConnection@327ca692
    12 [ariPool-4 connection adder] DEBUG HikariPool           - HikariPool-4 - Added connection com.zaxxer.hikari.mocks.StubConnection@7d864496
    13 [ariPool-4 connection adder] DEBUG HikariPool           - HikariPool-4 - Added connection com.zaxxer.hikari.mocks.StubConnection@2a993582
    14 [ariPool-4 connection adder] DEBUG HikariPool           - HikariPool-4 - Added connection com.zaxxer.hikari.mocks.StubConnection@4cb1d85a
    15 [ariPool-4 connection adder] DEBUG HikariPool           - HikariPool-4 - Added connection com.zaxxer.hikari.mocks.StubConnection@5244f7f3
    16 [ariPool-4 connection adder] DEBUG HikariPool           - HikariPool-4 - Added connection com.zaxxer.hikari.mocks.StubConnection@1da9bbd9
    17 [ariPool-4 connection adder] DEBUG HikariPool           - HikariPool-4 - Added connection com.zaxxer.hikari.mocks.StubConnection@7e7fb8cb
    18 [HikariPool-4 housekeeper  ] DEBUG HikariPool           - HikariPool-4 - Pool stats (total=7, active=7, idle=0, waiting=0)
    19 [ariPool-4 connection adder] DEBUG HikariPool           - HikariPool-4 - Added connection com.zaxxer.hikari.mocks.StubConnection@3c4ecc56
    20 [ariPool-4 connection adder] DEBUG HikariPool           - HikariPool-4 - Added connection com.zaxxer.hikari.mocks.StubConnection@49405f43
    21 [ariPool-4 connection adder] DEBUG HikariPool           - HikariPool-4 - Added connection com.zaxxer.hikari.mocks.StubConnection@19e742c1
    22 [ariPool-4 connection adder] DEBUG HikariPool           - HikariPool-4 - After adding stats (total=10, active=7, idle=3, waiting=0)
    23 [HikariPool-4 housekeeper  ] DEBUG HikariPool           - HikariPool-4 - Pool stats (total=10, active=7, idle=3, waiting=0)
    24 [HikariPool-4 housekeeper  ] DEBUG HikariPool           - HikariPool-4 - Pool stats (total=10, active=7, idle=3, waiting=0)
    25 [HikariPool-4 housekeeper  ] DEBUG HikariPool           - HikariPool-4 - Pool stats (total=10, active=7, idle=3, waiting=0)
    26 [main                      ] INFO  HikariPool           - HikariPool-4 - Close initiated...
    27 [main                      ] DEBUG HikariPool           - HikariPool-4 - Before closing stats (total=10, active=0, idle=10, waiting=0)
    28 [main                      ] DEBUG HikariPool           - HikariPool-4 - After closing stats (total=0, active=0, idle=0, waiting=0)
    29 [main                      ] INFO  HikariPool           - HikariPool-4 - Closed.
    30 [main                      ] INFO  HikariDataSource     - HikariPool-5 - Started.
    31 [main                      ] INFO  HikariPool           - HikariPool-5 - Close initiated...
    32 [main                      ] INFO  HikariPool           - HikariPool-5 - Closed.
Tests run: 5, Failures: 0, Errors: 0, Skipped: 0, Time elapsed: 8.623 sec - in com.zaxxer.hikari.pool.TestConnectionTimeoutRetry
Running com.zaxxer.hikari.pool.TestConcurrentBag
     1 [main                      ] INFO  HikariDataSource     - HikariPool-1 - Started.
     2 [main                      ] INFO  ConcurrentBag        - com.zaxxer.hikari.mocks.StubConnection@7c2924d7, accessed 1ms284µs185ns ago, RESERVED
     3 [main                      ] INFO  ConcurrentBag        - com.zaxxer.hikari.mocks.StubConnection@5b9499fe, accessed 2ms529µs835ns ago, IN_USE
     4 [main                      ] INFO  ConcurrentBag        - com.zaxxer.hikari.mocks.StubConnection@74d6736, accessed 3ms204µs616ns ago, NOT_IN_USE
     5 [main                      ] WARN  ConcurrentBag        - Attempt to remove an object from the bag that was not borrowed or reserved: com.zaxxer.hikari.mocks.StubConnection@74d6736, accessed 35ms470µs250ns ago, NOT_IN_USE
     6 [main                      ] WARN  ConcurrentBag        - Attempt to relinquish an object to the bag that was not reserved: com.zaxxer.hikari.mocks.StubConnection@74d6736, accessed 38ms19µs36ns ago, NOT_IN_USE
     7 [main                      ] WARN  ConcurrentBag        - Attempt to remove an object from the bag that was not borrowed or reserved: com.zaxxer.hikari.mocks.StubConnection@5b9499fe, accessed 38ms665µs331ns ago, REMOVED
     8 [main                      ] INFO  ConcurrentBag        - ConcurrentBag has been closed, ignoring add()
     9 [main                      ] INFO  HikariPool           - HikariPool-1 - Close initiated...
    10 [main                      ] INFO  HikariPool           - HikariPool-1 - Closed.
Tests run: 1, Failures: 0, Errors: 0, Skipped: 0, Time elapsed: 2.143 sec - in com.zaxxer.hikari.pool.TestConcurrentBag
Running com.zaxxer.hikari.pool.TestConnections
     1 [main                      ] INFO  HikariDataSource     - HikariPool-1 - Started.
HikariPool-1 - Added connection com.zaxxer.hikari.mocks.StubConnection@222b8093
     2 [ariPool-1 connection adder] DEBUG HikariPool           - HikariPool-1 - Added connection com.zaxxer.hikari.mocks.StubConnection@222b8093
HikariPool-1 - Thread starvation or clock leap detected (housekeeper delta=201ms53µs803ns).
     3 [HikariPool-1 housekeeper  ] WARN  HikariPool           - HikariPool-1 - Thread starvation or clock leap detected (housekeeper delta=201ms53µs803ns).
HikariPool-1 - Before cleanup stats (total=1, active=0, idle=1, waiting=0)
     4 [HikariPool-1 housekeeper  ] DEBUG HikariPool           - HikariPool-1 - Before cleanup stats (total=1, active=0, idle=1, waiting=0)
HikariPool-1 - After cleanup  stats (total=1, active=0, idle=1, waiting=0)
     5 [HikariPool-1 housekeeper  ] DEBUG HikariPool           - HikariPool-1 - After cleanup  stats (total=1, active=0, idle=1, waiting=0)
HikariPool-1 - Before cleanup stats (total=1, active=0, idle=1, waiting=0)
     6 [HikariPool-1 housekeeper  ] DEBUG HikariPool           - HikariPool-1 - Before cleanup stats (total=1, active=0, idle=1, waiting=0)
HikariPool-1 - After cleanup  stats (total=1, active=0, idle=1, waiting=0)
     7 [HikariPool-1 housekeeper  ] DEBUG HikariPool           - HikariPool-1 - After cleanup  stats (total=1, active=0, idle=1, waiting=0)
HikariPool-1 - Before cleanup stats (total=1, active=0, idle=1, waiting=0)
     8 [HikariPool-1 housekeeper  ] DEBUG HikariPool           - HikariPool-1 - Before cleanup stats (total=1, active=0, idle=1, waiting=0)
HikariPool-1 - After cleanup  stats (total=1, active=0, idle=1, waiting=0)
     9 [HikariPool-1 housekeeper  ] DEBUG HikariPool           - HikariPool-1 - After cleanup  stats (total=1, active=0, idle=1, waiting=0)
HikariPool-1 - Before cleanup stats (total=1, active=0, idle=1, waiting=0)
    10 [HikariPool-1 housekeeper  ] DEBUG HikariPool           - HikariPool-1 - Before cleanup stats (total=1, active=0, idle=1, waiting=0)
HikariPool-1 - After cleanup  stats (total=1, active=0, idle=1, waiting=0)
    11 [HikariPool-1 housekeeper  ] DEBUG HikariPool           - HikariPool-1 - After cleanup  stats (total=1, active=0, idle=1, waiting=0)
HikariPool-1 - Before cleanup stats (total=1, active=0, idle=1, waiting=0)
    12 [HikariPool-1 housekeeper  ] DEBUG HikariPool           - HikariPool-1 - Before cleanup stats (total=1, active=0, idle=1, waiting=0)
HikariPool-1 - After cleanup  stats (total=1, active=0, idle=1, waiting=0)
    13 [HikariPool-1 housekeeper  ] DEBUG HikariPool           - HikariPool-1 - After cleanup  stats (total=1, active=0, idle=1, waiting=0)
HikariPool-1 - Before cleanup stats (total=1, active=0, idle=1, waiting=0)
    14 [HikariPool-1 housekeeper  ] DEBUG HikariPool           - HikariPool-1 - Before cleanup stats (total=1, active=0, idle=1, waiting=0)
HikariPool-1 - After cleanup  stats (total=1, active=0, idle=1, waiting=0)
    15 [HikariPool-1 housekeeper  ] DEBUG HikariPool           - HikariPool-1 - After cleanup  stats (total=1, active=0, idle=1, waiting=0)
HikariPool-1 - Before cleanup stats (total=1, active=0, idle=1, waiting=0)
    16 [HikariPool-1 housekeeper  ] DEBUG HikariPool           - HikariPool-1 - Before cleanup stats (total=1, active=0, idle=1, waiting=0)
HikariPool-1 - After cleanup  stats (total=1, active=0, idle=1, waiting=0)
    17 [HikariPool-1 housekeeper  ] DEBUG HikariPool           - HikariPool-1 - After cleanup  stats (total=1, active=0, idle=1, waiting=0)
    18 [riPool-1 connection closer] DEBUG PoolBase             - HikariPool-1 - Closing connection com.zaxxer.hikari.mocks.StubConnection@222b8093: (connection has passed maxLifetime)
HikariPool-1 - Pool stats (total=0, active=0, idle=0, waiting=0)
    19 [HikariPool-1 housekeeper  ] DEBUG HikariPool           - HikariPool-1 - Pool stats (total=0, active=0, idle=0, waiting=0)
HikariPool-1 - Pool stats (total=0, active=0, idle=0, waiting=0)
    20 [HikariPool-1 housekeeper  ] DEBUG HikariPool           - HikariPool-1 - Pool stats (total=0, active=0, idle=0, waiting=0)
HikariPool-1 - Pool stats (total=0, active=0, idle=0, waiting=0)
    21 [HikariPool-1 housekeeper  ] DEBUG HikariPool           - HikariPool-1 - Pool stats (total=0, active=0, idle=0, waiting=0)
HikariPool-1 - Pool stats (total=0, active=0, idle=0, waiting=0)
    22 [HikariPool-1 housekeeper  ] DEBUG HikariPool           - HikariPool-1 - Pool stats (total=0, active=0, idle=0, waiting=0)
HikariPool-1 - Pool stats (total=0, active=0, idle=0, waiting=0)
    23 [HikariPool-1 housekeeper  ] DEBUG HikariPool           - HikariPool-1 - Pool stats (total=0, active=0, idle=0, waiting=0)
HikariPool-1 - Pool stats (total=0, active=0, idle=0, waiting=0)
    24 [HikariPool-1 housekeeper  ] DEBUG HikariPool           - HikariPool-1 - Pool stats (total=0, active=0, idle=0, waiting=0)
HikariPool-1 - Pool stats (total=0, active=0, idle=0, waiting=0)
    25 [HikariPool-1 housekeeper  ] DEBUG HikariPool           - HikariPool-1 - Pool stats (total=0, active=0, idle=0, waiting=0)
HikariPool-1 - Pool stats (total=0, active=0, idle=0, waiting=0)
    26 [HikariPool-1 housekeeper  ] DEBUG HikariPool           - HikariPool-1 - Pool stats (total=0, active=0, idle=0, waiting=0)
HikariPool-1 - Pool stats (total=0, active=0, idle=0, waiting=0)
    27 [HikariPool-1 housekeeper  ] DEBUG HikariPool           - HikariPool-1 - Pool stats (total=0, active=0, idle=0, waiting=0)
HikariPool-1 - Pool stats (total=0, active=0, idle=0, waiting=0)
    28 [HikariPool-1 housekeeper  ] DEBUG HikariPool           - HikariPool-1 - Pool stats (total=0, active=0, idle=0, waiting=0)
HikariPool-1 - Pool stats (total=0, active=0, idle=0, waiting=0)
    29 [HikariPool-1 housekeeper  ] DEBUG HikariPool           - HikariPool-1 - Pool stats (total=0, active=0, idle=0, waiting=0)
HikariPool-1 - Pool stats (total=0, active=0, idle=0, waiting=0)
    30 [HikariPool-1 housekeeper  ] DEBUG HikariPool           - HikariPool-1 - Pool stats (total=0, active=0, idle=0, waiting=0)
HikariPool-1 - Pool stats (total=0, active=0, idle=0, waiting=0)
    31 [HikariPool-1 housekeeper  ] DEBUG HikariPool           - HikariPool-1 - Pool stats (total=0, active=0, idle=0, waiting=0)
HikariPool-1 - Added connection com.zaxxer.hikari.mocks.StubConnection@2dc7176
    32 [ariPool-1 connection adder] DEBUG HikariPool           - HikariPool-1 - Added connection com.zaxxer.hikari.mocks.StubConnection@2dc7176
HikariPool-1 - Close initiated...
    33 [main                      ] INFO  HikariPool           - HikariPool-1 - Close initiated...
HikariPool-1 - Before closing stats (total=1, active=0, idle=1, waiting=0)
    34 [main                      ] DEBUG HikariPool           - HikariPool-1 - Before closing stats (total=1, active=0, idle=1, waiting=0)
    35 [riPool-1 connection closer] DEBUG PoolBase             - HikariPool-1 - Closing connection com.zaxxer.hikari.mocks.StubConnection@2dc7176: (connection evicted)
HikariPool-1 - After closing stats (total=0, active=0, idle=0, waiting=0)
    36 [main                      ] DEBUG HikariPool           - HikariPool-1 - After closing stats (total=0, active=0, idle=0, waiting=0)
HikariPool-1 - Closed.
    37 [main                      ] INFO  HikariPool           - HikariPool-1 - Closed.
    38 [main                      ] INFO  HikariDataSource     - HikariPool-2 - Started.
    39 [main                      ] INFO  HikariDataSource     - HikariPool-3 - Started.
HikariPool-3 - Pool stats (total=0, active=0, idle=0, waiting=0)
    40 [HikariPool-3 housekeeper  ] DEBUG HikariPool           - HikariPool-3 - Pool stats (total=0, active=0, idle=0, waiting=0)
HikariPool-3 - Added connection com.zaxxer.hikari.mocks.StubConnection@2d6f377b
    41 [ariPool-3 connection adder] DEBUG HikariPool           - HikariPool-3 - Added connection com.zaxxer.hikari.mocks.StubConnection@2d6f377b
HikariPool-3 - After adding stats (total=1, active=0, idle=1, waiting=0)
    42 [ariPool-3 connection adder] DEBUG HikariPool           - HikariPool-3 - After adding stats (total=1, active=0, idle=1, waiting=0)
    43 [main                      ] WARN  ProxyConnection      - HikariPool-3 - Connection com.zaxxer.hikari.mocks.StubConnection@2d6f377b marked as broken because of SQLSTATE(08999), ErrorCode(0)
java.sql.SQLException: No reason
	at com.zaxxer.hikari.mocks.StubPreparedStatement.getMaxFieldSize(StubPreparedStatement.java:71) ~[test-classes/:?]
	at com.zaxxer.hikari.pool.HikariProxyPreparedStatement.getMaxFieldSize(HikariProxyPreparedStatement.java) [classes/:?]
	at com.zaxxer.hikari.pool.TestConnections.testBackfill(TestConnections.java:297) [test-classes/:?]
	at sun.reflect.NativeMethodAccessorImpl.invoke0(Native Method) ~[?:1.8.0_31]
	at sun.reflect.NativeMethodAccessorImpl.invoke(NativeMethodAccessorImpl.java:62) ~[?:1.8.0_31]
	at sun.reflect.DelegatingMethodAccessorImpl.invoke(DelegatingMethodAccessorImpl.java:43) ~[?:1.8.0_31]
	at java.lang.reflect.Method.invoke(Method.java:483) ~[?:1.8.0_31]
	at org.junit.runners.model.FrameworkMethod$1.runReflectiveCall(FrameworkMethod.java:50) [junit-4.12.jar:4.12]
	at org.junit.internal.runners.model.ReflectiveCallable.run(ReflectiveCallable.java:12) [junit-4.12.jar:4.12]
	at org.junit.runners.model.FrameworkMethod.invokeExplosively(FrameworkMethod.java:47) [junit-4.12.jar:4.12]
	at org.junit.internal.runners.statements.InvokeMethod.evaluate(InvokeMethod.java:17) [junit-4.12.jar:4.12]
	at org.junit.internal.runners.statements.RunBefores.evaluate(RunBefores.java:26) [junit-4.12.jar:4.12]
	at org.junit.internal.runners.statements.RunAfters.evaluate(RunAfters.java:27) [junit-4.12.jar:4.12]
	at org.junit.runners.ParentRunner.runLeaf(ParentRunner.java:325) [junit-4.12.jar:4.12]
	at org.junit.runners.BlockJUnit4ClassRunner.runChild(BlockJUnit4ClassRunner.java:78) [junit-4.12.jar:4.12]
	at org.junit.runners.BlockJUnit4ClassRunner.runChild(BlockJUnit4ClassRunner.java:57) [junit-4.12.jar:4.12]
	at org.junit.runners.ParentRunner$3.run(ParentRunner.java:290) [junit-4.12.jar:4.12]
	at org.junit.runners.ParentRunner$1.schedule(ParentRunner.java:71) [junit-4.12.jar:4.12]
	at org.junit.runners.ParentRunner.runChildren(ParentRunner.java:288) [junit-4.12.jar:4.12]
	at org.junit.runners.ParentRunner.access$000(ParentRunner.java:58) [junit-4.12.jar:4.12]
	at org.junit.runners.ParentRunner$2.evaluate(ParentRunner.java:268) [junit-4.12.jar:4.12]
	at org.junit.runners.ParentRunner.run(ParentRunner.java:363) [junit-4.12.jar:4.12]
	at org.apache.maven.surefire.junit4.JUnit4Provider.execute(JUnit4Provider.java:367) [surefire-junit4-2.19.1.jar:2.19.1]
	at org.apache.maven.surefire.junit4.JUnit4Provider.executeWithRerun(JUnit4Provider.java:274) [surefire-junit4-2.19.1.jar:2.19.1]
	at org.apache.maven.surefire.junit4.JUnit4Provider.executeTestSet(JUnit4Provider.java:238) [surefire-junit4-2.19.1.jar:2.19.1]
	at org.apache.maven.surefire.junit4.JUnit4Provider.invoke(JUnit4Provider.java:161) [surefire-junit4-2.19.1.jar:2.19.1]
	at org.apache.maven.surefire.booter.ForkedBooter.invokeProviderInSameClassLoader(ForkedBooter.java:290) [surefire-booter-2.19.1.jar:2.19.1]
	at org.apache.maven.surefire.booter.ForkedBooter.runSuitesInProcess(ForkedBooter.java:242) [surefire-booter-2.19.1.jar:2.19.1]
	at org.apache.maven.surefire.booter.ForkedBooter.main(ForkedBooter.java:121) [surefire-booter-2.19.1.jar:2.19.1]
    44 [riPool-3 connection closer] DEBUG PoolBase             - HikariPool-3 - Closing connection com.zaxxer.hikari.mocks.StubConnection@2d6f377b: (connection is broken)
HikariPool-3 - testBackfill() before close...stats (total=0, active=0, idle=0, waiting=0)
    45 [main                      ] DEBUG HikariPool           - HikariPool-3 - testBackfill() before close...stats (total=0, active=0, idle=0, waiting=0)
HikariPool-3 - testBackfill() after close...stats (total=0, active=0, idle=0, waiting=0)
    46 [main                      ] DEBUG HikariPool           - HikariPool-3 - testBackfill() after close...stats (total=0, active=0, idle=0, waiting=0)
HikariPool-3 - Added connection com.zaxxer.hikari.mocks.StubConnection@23a8dca6
    47 [ariPool-3 connection adder] DEBUG HikariPool           - HikariPool-3 - Added connection com.zaxxer.hikari.mocks.StubConnection@23a8dca6
HikariPool-3 - Close initiated...
    48 [main                      ] INFO  HikariPool           - HikariPool-3 - Close initiated...
HikariPool-3 - Before closing stats (total=1, active=0, idle=1, waiting=0)
    49 [main                      ] DEBUG HikariPool           - HikariPool-3 - Before closing stats (total=1, active=0, idle=1, waiting=0)
    50 [riPool-3 connection closer] DEBUG PoolBase             - HikariPool-3 - Closing connection com.zaxxer.hikari.mocks.StubConnection@23a8dca6: (connection evicted)
HikariPool-3 - After closing stats (total=0, active=0, idle=0, waiting=0)
    51 [main                      ] DEBUG HikariPool           - HikariPool-3 - After closing stats (total=0, active=0, idle=0, waiting=0)
HikariPool-3 - Closed.
    52 [main                      ] INFO  HikariPool           - HikariPool-3 - Closed.
    53 [main                      ] INFO  HikariDataSource     - SlowAcquisition - Started.
SlowAcquisition - Pool stats (total=0, active=0, idle=0, waiting=0)
    54 [lowAcquisition housekeeper] DEBUG HikariPool           - SlowAcquisition - Pool stats (total=0, active=0, idle=0, waiting=0)
SlowAcquisition - Pool stats (total=0, active=0, idle=0, waiting=0)
    55 [lowAcquisition housekeeper] DEBUG HikariPool           - SlowAcquisition - Pool stats (total=0, active=0, idle=0, waiting=0)
SlowAcquisition - Added connection com.zaxxer.hikari.mocks.StubConnection@1dfc4275
    56 [quisition connection adder] DEBUG HikariPool           - SlowAcquisition - Added connection com.zaxxer.hikari.mocks.StubConnection@1dfc4275
SlowAcquisition - Pool stats (total=1, active=1, idle=0, waiting=0)
    57 [lowAcquisition housekeeper] DEBUG HikariPool           - SlowAcquisition - Pool stats (total=1, active=1, idle=0, waiting=0)
SlowAcquisition - Added connection com.zaxxer.hikari.mocks.StubConnection@133bbfba
    58 [quisition connection adder] DEBUG HikariPool           - SlowAcquisition - Added connection com.zaxxer.hikari.mocks.StubConnection@133bbfba
SlowAcquisition - Pool stats (total=2, active=1, idle=1, waiting=0)
    59 [lowAcquisition housekeeper] DEBUG HikariPool           - SlowAcquisition - Pool stats (total=2, active=1, idle=1, waiting=0)
SlowAcquisition - Added connection com.zaxxer.hikari.mocks.StubConnection@17042905
    60 [quisition connection adder] DEBUG HikariPool           - SlowAcquisition - Added connection com.zaxxer.hikari.mocks.StubConnection@17042905
SlowAcquisition - Pool stats (total=3, active=1, idle=2, waiting=0)
    61 [lowAcquisition housekeeper] DEBUG HikariPool           - SlowAcquisition - Pool stats (total=3, active=1, idle=2, waiting=0)
SlowAcquisition - Added connection com.zaxxer.hikari.mocks.StubConnection@5206b581
    62 [quisition connection adder] DEBUG HikariPool           - SlowAcquisition - Added connection com.zaxxer.hikari.mocks.StubConnection@5206b581
SlowAcquisition - Pool stats (total=4, active=1, idle=3, waiting=0)
    63 [lowAcquisition housekeeper] DEBUG HikariPool           - SlowAcquisition - Pool stats (total=4, active=1, idle=3, waiting=0)
SlowAcquisition - Added connection com.zaxxer.hikari.mocks.StubConnection@2d16aa5e
    64 [quisition connection adder] DEBUG HikariPool           - SlowAcquisition - Added connection com.zaxxer.hikari.mocks.StubConnection@2d16aa5e
SlowAcquisition - Pool stats (total=5, active=1, idle=4, waiting=0)
    65 [lowAcquisition housekeeper] DEBUG HikariPool           - SlowAcquisition - Pool stats (total=5, active=1, idle=4, waiting=0)
SlowAcquisition - Added connection com.zaxxer.hikari.mocks.StubConnection@639e0629
    66 [quisition connection adder] DEBUG HikariPool           - SlowAcquisition - Added connection com.zaxxer.hikari.mocks.StubConnection@639e0629
SlowAcquisition - Pool stats (total=6, active=1, idle=5, waiting=0)
    67 [lowAcquisition housekeeper] DEBUG HikariPool           - SlowAcquisition - Pool stats (total=6, active=1, idle=5, waiting=0)
SlowAcquisition - Added connection com.zaxxer.hikari.mocks.StubConnection@5564475e
    68 [quisition connection adder] DEBUG HikariPool           - SlowAcquisition - Added connection com.zaxxer.hikari.mocks.StubConnection@5564475e
SlowAcquisition - Pool stats (total=7, active=1, idle=6, waiting=0)
SlowAcquisition - Added connection com.zaxxer.hikari.mocks.StubConnection@32294ace
    70 [quisition connection adder] DEBUG HikariPool           - SlowAcquisition - Added connection com.zaxxer.hikari.mocks.StubConnection@32294ace
    69 [lowAcquisition housekeeper] DEBUG HikariPool           - SlowAcquisition - Pool stats (total=7, active=1, idle=6, waiting=0)
SlowAcquisition - Added connection com.zaxxer.hikari.mocks.StubConnection@2af5528f
    71 [quisition connection adder] DEBUG HikariPool           - SlowAcquisition - Added connection com.zaxxer.hikari.mocks.StubConnection@2af5528f
SlowAcquisition - Pool stats (total=8, active=1, idle=7, waiting=0)
    72 [lowAcquisition housekeeper] DEBUG HikariPool           - SlowAcquisition - Pool stats (total=8, active=1, idle=7, waiting=0)
SlowAcquisition - Added connection com.zaxxer.hikari.mocks.StubConnection@39c9a6b6
SlowAcquisition - Pool stats (total=9, active=1, idle=8, waiting=0)
    73 [quisition connection adder] DEBUG HikariPool           - SlowAcquisition - Added connection com.zaxxer.hikari.mocks.StubConnection@39c9a6b6
    74 [lowAcquisition housekeeper] DEBUG HikariPool           - SlowAcquisition - Pool stats (total=9, active=1, idle=8, waiting=0)
SlowAcquisition - Added connection com.zaxxer.hikari.mocks.StubConnection@4e604866
    75 [quisition connection adder] DEBUG HikariPool           - SlowAcquisition - Added connection com.zaxxer.hikari.mocks.StubConnection@4e604866
SlowAcquisition - Pool stats (total=10, active=1, idle=9, waiting=0)
    76 [lowAcquisition housekeeper] DEBUG HikariPool           - SlowAcquisition - Pool stats (total=10, active=1, idle=9, waiting=0)
SlowAcquisition - Pool stats (total=11, active=1, idle=10, waiting=0)
    77 [lowAcquisition housekeeper] DEBUG HikariPool           - SlowAcquisition - Pool stats (total=11, active=1, idle=10, waiting=0)
SlowAcquisition - Added connection com.zaxxer.hikari.mocks.StubConnection@3667145e
    78 [quisition connection adder] DEBUG HikariPool           - SlowAcquisition - Added connection com.zaxxer.hikari.mocks.StubConnection@3667145e
SlowAcquisition - Pool stats (total=12, active=1, idle=11, waiting=0)
    79 [lowAcquisition housekeeper] DEBUG HikariPool           - SlowAcquisition - Pool stats (total=12, active=1, idle=11, waiting=0)
SlowAcquisition - Added connection com.zaxxer.hikari.mocks.StubConnection@36064937
    80 [quisition connection adder] DEBUG HikariPool           - SlowAcquisition - Added connection com.zaxxer.hikari.mocks.StubConnection@36064937
SlowAcquisition - Pool stats (total=13, active=1, idle=12, waiting=0)
    81 [lowAcquisition housekeeper] DEBUG HikariPool           - SlowAcquisition - Pool stats (total=13, active=1, idle=12, waiting=0)
SlowAcquisition - Added connection com.zaxxer.hikari.mocks.StubConnection@428eb557
    82 [quisition connection adder] DEBUG HikariPool           - SlowAcquisition - Added connection com.zaxxer.hikari.mocks.StubConnection@428eb557
SlowAcquisition - Pool stats (total=14, active=1, idle=13, waiting=0)
    83 [lowAcquisition housekeeper] DEBUG HikariPool           - SlowAcquisition - Pool stats (total=14, active=1, idle=13, waiting=0)
SlowAcquisition - Added connection com.zaxxer.hikari.mocks.StubConnection@e61f618
    84 [quisition connection adder] DEBUG HikariPool           - SlowAcquisition - Added connection com.zaxxer.hikari.mocks.StubConnection@e61f618
SlowAcquisition - Pool stats (total=15, active=1, idle=14, waiting=0)
    85 [lowAcquisition housekeeper] DEBUG HikariPool           - SlowAcquisition - Pool stats (total=15, active=1, idle=14, waiting=0)
SlowAcquisition - Added connection com.zaxxer.hikari.mocks.StubConnection@2ad66e
    86 [quisition connection adder] DEBUG HikariPool           - SlowAcquisition - Added connection com.zaxxer.hikari.mocks.StubConnection@2ad66e
SlowAcquisition - Pool stats (total=16, active=1, idle=15, waiting=0)
    87 [lowAcquisition housekeeper] DEBUG HikariPool           - SlowAcquisition - Pool stats (total=16, active=1, idle=15, waiting=0)
SlowAcquisition - Added connection com.zaxxer.hikari.mocks.StubConnection@4e178ad
    88 [quisition connection adder] DEBUG HikariPool           - SlowAcquisition - Added connection com.zaxxer.hikari.mocks.StubConnection@4e178ad
SlowAcquisition - Pool stats (total=17, active=1, idle=16, waiting=0)
    89 [lowAcquisition housekeeper] DEBUG HikariPool           - SlowAcquisition - Pool stats (total=17, active=1, idle=16, waiting=0)
SlowAcquisition - Added connection com.zaxxer.hikari.mocks.StubConnection@3372516b
    90 [quisition connection adder] DEBUG HikariPool           - SlowAcquisition - Added connection com.zaxxer.hikari.mocks.StubConnection@3372516b
SlowAcquisition - Pool stats (total=18, active=1, idle=17, waiting=0)
    91 [lowAcquisition housekeeper] DEBUG HikariPool           - SlowAcquisition - Pool stats (total=18, active=1, idle=17, waiting=0)
SlowAcquisition - Added connection com.zaxxer.hikari.mocks.StubConnection@32a2a02b
    92 [quisition connection adder] DEBUG HikariPool           - SlowAcquisition - Added connection com.zaxxer.hikari.mocks.StubConnection@32a2a02b
SlowAcquisition - Pool stats (total=19, active=1, idle=18, waiting=0)
    93 [lowAcquisition housekeeper] DEBUG HikariPool           - SlowAcquisition - Pool stats (total=19, active=1, idle=18, waiting=0)
SlowAcquisition - Added connection com.zaxxer.hikari.mocks.StubConnection@64ed89b7
    94 [quisition connection adder] DEBUG HikariPool           - SlowAcquisition - Added connection com.zaxxer.hikari.mocks.StubConnection@64ed89b7
SlowAcquisition - Pool stats (total=20, active=1, idle=19, waiting=0)
    95 [lowAcquisition housekeeper] DEBUG HikariPool           - SlowAcquisition - Pool stats (total=20, active=1, idle=19, waiting=0)
SlowAcquisition - Added connection com.zaxxer.hikari.mocks.StubConnection@6bc6b197
    96 [quisition connection adder] DEBUG HikariPool           - SlowAcquisition - Added connection com.zaxxer.hikari.mocks.StubConnection@6bc6b197
SlowAcquisition - Pool stats (total=21, active=1, idle=20, waiting=0)
    97 [lowAcquisition housekeeper] DEBUG HikariPool           - SlowAcquisition - Pool stats (total=21, active=1, idle=20, waiting=0)
SlowAcquisition - Added connection com.zaxxer.hikari.mocks.StubConnection@4a1e4c8d
    98 [quisition connection adder] DEBUG HikariPool           - SlowAcquisition - Added connection com.zaxxer.hikari.mocks.StubConnection@4a1e4c8d
SlowAcquisition - Pool stats (total=22, active=1, idle=21, waiting=0)
    99 [lowAcquisition housekeeper] DEBUG HikariPool           - SlowAcquisition - Pool stats (total=22, active=1, idle=21, waiting=0)
SlowAcquisition - Added connection com.zaxxer.hikari.mocks.StubConnection@6d1a1e1d
   100 [quisition connection adder] DEBUG HikariPool           - SlowAcquisition - Added connection com.zaxxer.hikari.mocks.StubConnection@6d1a1e1d
SlowAcquisition - Pool stats (total=23, active=1, idle=22, waiting=0)
   101 [lowAcquisition housekeeper] DEBUG HikariPool           - SlowAcquisition - Pool stats (total=23, active=1, idle=22, waiting=0)
SlowAcquisition - Added connection com.zaxxer.hikari.mocks.StubConnection@65b29238
   102 [quisition connection adder] DEBUG HikariPool           - SlowAcquisition - Added connection com.zaxxer.hikari.mocks.StubConnection@65b29238
SlowAcquisition - Pool stats (total=24, active=1, idle=23, waiting=0)
   103 [lowAcquisition housekeeper] DEBUG HikariPool           - SlowAcquisition - Pool stats (total=24, active=1, idle=23, waiting=0)
SlowAcquisition - Added connection com.zaxxer.hikari.mocks.StubConnection@3ba6cd10
   104 [quisition connection adder] DEBUG HikariPool           - SlowAcquisition - Added connection com.zaxxer.hikari.mocks.StubConnection@3ba6cd10
SlowAcquisition - Pool stats (total=25, active=1, idle=24, waiting=0)
   105 [lowAcquisition housekeeper] DEBUG HikariPool           - SlowAcquisition - Pool stats (total=25, active=1, idle=24, waiting=0)
SlowAcquisition - Added connection com.zaxxer.hikari.mocks.StubConnection@36484cd
   106 [quisition connection adder] DEBUG HikariPool           - SlowAcquisition - Added connection com.zaxxer.hikari.mocks.StubConnection@36484cd
SlowAcquisition - Pool stats (total=26, active=1, idle=25, waiting=0)
   107 [lowAcquisition housekeeper] DEBUG HikariPool           - SlowAcquisition - Pool stats (total=26, active=1, idle=25, waiting=0)
SlowAcquisition - Added connection com.zaxxer.hikari.mocks.StubConnection@3eb3984a
   108 [quisition connection adder] DEBUG HikariPool           - SlowAcquisition - Added connection com.zaxxer.hikari.mocks.StubConnection@3eb3984a
SlowAcquisition - Pool stats (total=27, active=1, idle=26, waiting=0)
   109 [lowAcquisition housekeeper] DEBUG HikariPool           - SlowAcquisition - Pool stats (total=27, active=1, idle=26, waiting=0)
SlowAcquisition - Added connection com.zaxxer.hikari.mocks.StubConnection@4fe1eef6
   110 [quisition connection adder] DEBUG HikariPool           - SlowAcquisition - Added connection com.zaxxer.hikari.mocks.StubConnection@4fe1eef6
SlowAcquisition - Pool stats (total=28, active=1, idle=27, waiting=0)
   111 [lowAcquisition housekeeper] DEBUG HikariPool           - SlowAcquisition - Pool stats (total=28, active=1, idle=27, waiting=0)
SlowAcquisition - Added connection com.zaxxer.hikari.mocks.StubConnection@42a26457
   112 [quisition connection adder] DEBUG HikariPool           - SlowAcquisition - Added connection com.zaxxer.hikari.mocks.StubConnection@42a26457
SlowAcquisition - Pool stats (total=29, active=1, idle=28, waiting=0)
   113 [lowAcquisition housekeeper] DEBUG HikariPool           - SlowAcquisition - Pool stats (total=29, active=1, idle=28, waiting=0)
SlowAcquisition - Added connection com.zaxxer.hikari.mocks.StubConnection@65c7d222
   114 [quisition connection adder] DEBUG HikariPool           - SlowAcquisition - Added connection com.zaxxer.hikari.mocks.StubConnection@65c7d222
SlowAcquisition - After adding stats (total=30, active=1, idle=29, waiting=0)
   115 [quisition connection adder] DEBUG HikariPool           - SlowAcquisition - After adding stats (total=30, active=1, idle=29, waiting=0)
SlowAcquisition - Pool stats (total=30, active=1, idle=29, waiting=0)
   116 [lowAcquisition housekeeper] DEBUG HikariPool           - SlowAcquisition - Pool stats (total=30, active=1, idle=29, waiting=0)
SlowAcquisition - Pool stats (total=30, active=0, idle=30, waiting=0)
   117 [lowAcquisition housekeeper] DEBUG HikariPool           - SlowAcquisition - Pool stats (total=30, active=0, idle=30, waiting=0)
SlowAcquisition - Pool stats (total=30, active=0, idle=30, waiting=0)
   118 [lowAcquisition housekeeper] DEBUG HikariPool           - SlowAcquisition - Pool stats (total=30, active=0, idle=30, waiting=0)
SlowAcquisition - Pool stats (total=30, active=0, idle=30, waiting=0)
   119 [lowAcquisition housekeeper] DEBUG HikariPool           - SlowAcquisition - Pool stats (total=30, active=0, idle=30, waiting=0)
SlowAcquisition - Pool stats (total=30, active=0, idle=30, waiting=0)
   120 [lowAcquisition housekeeper] DEBUG HikariPool           - SlowAcquisition - Pool stats (total=30, active=0, idle=30, waiting=0)
SlowAcquisition - Pool stats (total=30, active=0, idle=30, waiting=0)
   121 [lowAcquisition housekeeper] DEBUG HikariPool           - SlowAcquisition - Pool stats (total=30, active=0, idle=30, waiting=0)
SlowAcquisition - Close initiated...
   122 [main                      ] INFO  HikariPool           - SlowAcquisition - Close initiated...
SlowAcquisition - Before closing stats (total=30, active=0, idle=30, waiting=0)
   123 [main                      ] DEBUG HikariPool           - SlowAcquisition - Before closing stats (total=30, active=0, idle=30, waiting=0)
   124 [uisition connection closer] DEBUG PoolBase             - SlowAcquisition - Closing connection com.zaxxer.hikari.mocks.StubConnection@1dfc4275: (connection evicted)
   125 [uisition connection closer] DEBUG PoolBase             - SlowAcquisition - Closing connection com.zaxxer.hikari.mocks.StubConnection@133bbfba: (connection evicted)
   126 [uisition connection closer] DEBUG PoolBase             - SlowAcquisition - Closing connection com.zaxxer.hikari.mocks.StubConnection@17042905: (connection evicted)
   127 [uisition connection closer] DEBUG PoolBase             - SlowAcquisition - Closing connection com.zaxxer.hikari.mocks.StubConnection@5206b581: (connection evicted)
   128 [uisition connection closer] DEBUG PoolBase             - SlowAcquisition - Closing connection com.zaxxer.hikari.mocks.StubConnection@2d16aa5e: (connection evicted)
   129 [uisition connection closer] DEBUG PoolBase             - SlowAcquisition - Closing connection com.zaxxer.hikari.mocks.StubConnection@639e0629: (connection evicted)
   130 [uisition connection closer] DEBUG PoolBase             - SlowAcquisition - Closing connection com.zaxxer.hikari.mocks.StubConnection@5564475e: (connection evicted)
   131 [uisition connection closer] DEBUG PoolBase             - SlowAcquisition - Closing connection com.zaxxer.hikari.mocks.StubConnection@32294ace: (connection evicted)
   132 [uisition connection closer] DEBUG PoolBase             - SlowAcquisition - Closing connection com.zaxxer.hikari.mocks.StubConnection@2af5528f: (connection evicted)
   133 [uisition connection closer] DEBUG PoolBase             - SlowAcquisition - Closing connection com.zaxxer.hikari.mocks.StubConnection@39c9a6b6: (connection evicted)
   134 [uisition connection closer] DEBUG PoolBase             - SlowAcquisition - Closing connection com.zaxxer.hikari.mocks.StubConnection@4e604866: (connection evicted)
   135 [uisition connection closer] DEBUG PoolBase             - SlowAcquisition - Closing connection com.zaxxer.hikari.mocks.StubConnection@3667145e: (connection evicted)
   136 [uisition connection closer] DEBUG PoolBase             - SlowAcquisition - Closing connection com.zaxxer.hikari.mocks.StubConnection@36064937: (connection evicted)
   137 [uisition connection closer] DEBUG PoolBase             - SlowAcquisition - Closing connection com.zaxxer.hikari.mocks.StubConnection@428eb557: (connection evicted)
   138 [uisition connection closer] DEBUG PoolBase             - SlowAcquisition - Closing connection com.zaxxer.hikari.mocks.StubConnection@e61f618: (connection evicted)
   139 [uisition connection closer] DEBUG PoolBase             - SlowAcquisition - Closing connection com.zaxxer.hikari.mocks.StubConnection@2ad66e: (connection evicted)
   140 [uisition connection closer] DEBUG PoolBase             - SlowAcquisition - Closing connection com.zaxxer.hikari.mocks.StubConnection@4e178ad: (connection evicted)
   141 [uisition connection closer] DEBUG PoolBase             - SlowAcquisition - Closing connection com.zaxxer.hikari.mocks.StubConnection@3372516b: (connection evicted)
   142 [uisition connection closer] DEBUG PoolBase             - SlowAcquisition - Closing connection com.zaxxer.hikari.mocks.StubConnection@32a2a02b: (connection evicted)
   143 [uisition connection closer] DEBUG PoolBase             - SlowAcquisition - Closing connection com.zaxxer.hikari.mocks.StubConnection@64ed89b7: (connection evicted)
   144 [uisition connection closer] DEBUG PoolBase             - SlowAcquisition - Closing connection com.zaxxer.hikari.mocks.StubConnection@6bc6b197: (connection evicted)
   145 [uisition connection closer] DEBUG PoolBase             - SlowAcquisition - Closing connection com.zaxxer.hikari.mocks.StubConnection@4a1e4c8d: (connection evicted)
   146 [uisition connection closer] DEBUG PoolBase             - SlowAcquisition - Closing connection com.zaxxer.hikari.mocks.StubConnection@6d1a1e1d: (connection evicted)
   147 [uisition connection closer] DEBUG PoolBase             - SlowAcquisition - Closing connection com.zaxxer.hikari.mocks.StubConnection@65b29238: (connection evicted)
   148 [uisition connection closer] DEBUG PoolBase             - SlowAcquisition - Closing connection com.zaxxer.hikari.mocks.StubConnection@3ba6cd10: (connection evicted)
   149 [uisition connection closer] DEBUG PoolBase             - SlowAcquisition - Closing connection com.zaxxer.hikari.mocks.StubConnection@36484cd: (connection evicted)
   150 [uisition connection closer] DEBUG PoolBase             - SlowAcquisition - Closing connection com.zaxxer.hikari.mocks.StubConnection@3eb3984a: (connection evicted)
   151 [uisition connection closer] DEBUG PoolBase             - SlowAcquisition - Closing connection com.zaxxer.hikari.mocks.StubConnection@4fe1eef6: (connection evicted)
   152 [uisition connection closer] DEBUG PoolBase             - SlowAcquisition - Closing connection com.zaxxer.hikari.mocks.StubConnection@42a26457: (connection evicted)
   153 [uisition connection closer] DEBUG PoolBase             - SlowAcquisition - Closing connection com.zaxxer.hikari.mocks.StubConnection@65c7d222: (connection evicted)
SlowAcquisition - After closing stats (total=0, active=0, idle=0, waiting=0)
   154 [main                      ] DEBUG HikariPool           - SlowAcquisition - After closing stats (total=0, active=0, idle=0, waiting=0)
SlowAcquisition - Closed.
   155 [main                      ] INFO  HikariPool           - SlowAcquisition - Closed.
   156 [main                      ] INFO  HikariDataSource     - HikariPool-4 - Started.
HikariPool-4 - Added connection com.zaxxer.hikari.mocks.StubConnection@3150b2f7
   157 [ariPool-4 connection adder] DEBUG HikariPool           - HikariPool-4 - Added connection com.zaxxer.hikari.mocks.StubConnection@3150b2f7
HikariPool-4 - Thread starvation or clock leap detected (housekeeper delta=200ms999µs895ns).
   158 [HikariPool-4 housekeeper  ] WARN  HikariPool           - HikariPool-4 - Thread starvation or clock leap detected (housekeeper delta=200ms999µs895ns).
HikariPool-4 - Before cleanup stats (total=1, active=0, idle=1, waiting=0)
   159 [HikariPool-4 housekeeper  ] DEBUG HikariPool           - HikariPool-4 - Before cleanup stats (total=1, active=0, idle=1, waiting=0)
HikariPool-4 - After cleanup  stats (total=1, active=0, idle=1, waiting=0)
   160 [HikariPool-4 housekeeper  ] DEBUG HikariPool           - HikariPool-4 - After cleanup  stats (total=1, active=0, idle=1, waiting=0)
HikariPool-4 - Before cleanup stats (total=1, active=0, idle=1, waiting=0)
   161 [HikariPool-4 housekeeper  ] DEBUG HikariPool           - HikariPool-4 - Before cleanup stats (total=1, active=0, idle=1, waiting=0)
HikariPool-4 - After cleanup  stats (total=1, active=0, idle=1, waiting=0)
   162 [HikariPool-4 housekeeper  ] DEBUG HikariPool           - HikariPool-4 - After cleanup  stats (total=1, active=0, idle=1, waiting=0)
HikariPool-4 - Before cleanup stats (total=1, active=0, idle=1, waiting=0)
   163 [HikariPool-4 housekeeper  ] DEBUG HikariPool           - HikariPool-4 - Before cleanup stats (total=1, active=0, idle=1, waiting=0)
HikariPool-4 - After cleanup  stats (total=1, active=0, idle=1, waiting=0)
   164 [HikariPool-4 housekeeper  ] DEBUG HikariPool           - HikariPool-4 - After cleanup  stats (total=1, active=0, idle=1, waiting=0)
HikariPool-4 - Before cleanup stats (total=1, active=0, idle=1, waiting=0)
   165 [HikariPool-4 housekeeper  ] DEBUG HikariPool           - HikariPool-4 - Before cleanup stats (total=1, active=0, idle=1, waiting=0)
HikariPool-4 - After cleanup  stats (total=1, active=0, idle=1, waiting=0)
   166 [HikariPool-4 housekeeper  ] DEBUG HikariPool           - HikariPool-4 - After cleanup  stats (total=1, active=0, idle=1, waiting=0)
HikariPool-4 - Before cleanup stats (total=1, active=0, idle=1, waiting=0)
   167 [HikariPool-4 housekeeper  ] DEBUG HikariPool           - HikariPool-4 - Before cleanup stats (total=1, active=0, idle=1, waiting=0)
HikariPool-4 - After cleanup  stats (total=1, active=0, idle=1, waiting=0)
   168 [HikariPool-4 housekeeper  ] DEBUG HikariPool           - HikariPool-4 - After cleanup  stats (total=1, active=0, idle=1, waiting=0)
HikariPool-4 - Before cleanup stats (total=1, active=0, idle=1, waiting=0)
   169 [HikariPool-4 housekeeper  ] DEBUG HikariPool           - HikariPool-4 - Before cleanup stats (total=1, active=0, idle=1, waiting=0)
HikariPool-4 - After cleanup  stats (total=1, active=0, idle=1, waiting=0)
   170 [HikariPool-4 housekeeper  ] DEBUG HikariPool           - HikariPool-4 - After cleanup  stats (total=1, active=0, idle=1, waiting=0)
HikariPool-4 - Before cleanup stats (total=1, active=0, idle=1, waiting=0)
   171 [HikariPool-4 housekeeper  ] DEBUG HikariPool           - HikariPool-4 - Before cleanup stats (total=1, active=0, idle=1, waiting=0)
HikariPool-4 - After cleanup  stats (total=1, active=0, idle=1, waiting=0)
   172 [HikariPool-4 housekeeper  ] DEBUG HikariPool           - HikariPool-4 - After cleanup  stats (total=1, active=0, idle=1, waiting=0)
   173 [riPool-4 connection closer] DEBUG PoolBase             - HikariPool-4 - Closing connection com.zaxxer.hikari.mocks.StubConnection@3150b2f7: (connection has passed maxLifetime)
HikariPool-4 - Pool stats (total=0, active=0, idle=0, waiting=0)
   174 [HikariPool-4 housekeeper  ] DEBUG HikariPool           - HikariPool-4 - Pool stats (total=0, active=0, idle=0, waiting=0)
HikariPool-4 - Added connection com.zaxxer.hikari.mocks.StubConnection@3f974aad
   175 [ariPool-4 connection adder] DEBUG HikariPool           - HikariPool-4 - Added connection com.zaxxer.hikari.mocks.StubConnection@3f974aad
HikariPool-4 - Close initiated...
   176 [main                      ] INFO  HikariPool           - HikariPool-4 - Close initiated...
HikariPool-4 - Before closing stats (total=1, active=0, idle=1, waiting=0)
   177 [main                      ] DEBUG HikariPool           - HikariPool-4 - Before closing stats (total=1, active=0, idle=1, waiting=0)
   178 [riPool-4 connection closer] DEBUG PoolBase             - HikariPool-4 - Closing connection com.zaxxer.hikari.mocks.StubConnection@3f974aad: (connection evicted)
HikariPool-4 - After closing stats (total=0, active=0, idle=0, waiting=0)
   179 [main                      ] DEBUG HikariPool           - HikariPool-4 - After closing stats (total=0, active=0, idle=0, waiting=0)
HikariPool-4 - Closed.
   180 [main                      ] INFO  HikariPool           - HikariPool-4 - Closed.
   181 [main                      ] INFO  HikariDataSource     - HikariPool-5 - Started.
HikariPool-5 - Before acquire stats (total=0, active=0, idle=0, waiting=0)
   182 [Thread-2                  ] DEBUG HikariPool           - HikariPool-5 - Before acquire stats (total=0, active=0, idle=0, waiting=0)
HikariPool-5 - Before acquire stats (total=0, active=0, idle=0, waiting=0)
   183 [Thread-3                  ] DEBUG HikariPool           - HikariPool-5 - Before acquire stats (total=0, active=0, idle=0, waiting=0)
HikariPool-5 - Before acquire stats (total=0, active=0, idle=0, waiting=0)
   184 [Thread-4                  ] DEBUG HikariPool           - HikariPool-5 - Before acquire stats (total=0, active=0, idle=0, waiting=0)
HikariPool-5 - Before acquire stats (total=0, active=0, idle=0, waiting=2)
   185 [Thread-5                  ] DEBUG HikariPool           - HikariPool-5 - Before acquire stats (total=0, active=0, idle=0, waiting=2)
HikariPool-5 - Before acquire stats (total=0, active=0, idle=0, waiting=3)
   186 [Thread-6                  ] DEBUG HikariPool           - HikariPool-5 - Before acquire stats (total=0, active=0, idle=0, waiting=3)
HikariPool-5 - Before acquire stats (total=0, active=0, idle=0, waiting=4)
   187 [Thread-7                  ] DEBUG HikariPool           - HikariPool-5 - Before acquire stats (total=0, active=0, idle=0, waiting=4)
HikariPool-5 - Before acquire stats (total=0, active=0, idle=0, waiting=4)
   188 [Thread-10                 ] DEBUG HikariPool           - HikariPool-5 - Before acquire stats (total=0, active=0, idle=0, waiting=4)
HikariPool-5 - Before acquire stats (total=0, active=0, idle=0, waiting=6)
   189 [Thread-8                  ] DEBUG HikariPool           - HikariPool-5 - Before acquire stats (total=0, active=0, idle=0, waiting=6)
HikariPool-5 - Before acquire stats (total=0, active=0, idle=0, waiting=7)
   190 [Thread-9                  ] DEBUG HikariPool           - HikariPool-5 - Before acquire stats (total=0, active=0, idle=0, waiting=7)
HikariPool-5 - Before acquire stats (total=0, active=0, idle=0, waiting=8)
HikariPool-5 - Before acquire stats (total=0, active=0, idle=0, waiting=8)
HikariPool-5 - Before acquire stats (total=0, active=0, idle=0, waiting=8)
   191 [Thread-13                 ] DEBUG HikariPool           - HikariPool-5 - Before acquire stats (total=0, active=0, idle=0, waiting=8)
   193 [Thread-15                 ] DEBUG HikariPool           - HikariPool-5 - Before acquire stats (total=0, active=0, idle=0, waiting=8)
HikariPool-5 - Before acquire stats (total=0, active=0, idle=0, waiting=8)
   194 [Thread-14                 ] DEBUG HikariPool           - HikariPool-5 - Before acquire stats (total=0, active=0, idle=0, waiting=8)
HikariPool-5 - Before acquire stats (total=0, active=0, idle=0, waiting=11)
   195 [Thread-12                 ] DEBUG HikariPool           - HikariPool-5 - Before acquire stats (total=0, active=0, idle=0, waiting=11)
   192 [Thread-11                 ] DEBUG HikariPool           - HikariPool-5 - Before acquire stats (total=0, active=0, idle=0, waiting=8)
HikariPool-5 - Before acquire stats (total=0, active=0, idle=0, waiting=13)
   196 [Thread-16                 ] DEBUG HikariPool           - HikariPool-5 - Before acquire stats (total=0, active=0, idle=0, waiting=13)
HikariPool-5 - Before acquire stats (total=0, active=0, idle=0, waiting=14)
   197 [Thread-17                 ] DEBUG HikariPool           - HikariPool-5 - Before acquire stats (total=0, active=0, idle=0, waiting=14)
HikariPool-5 - Before acquire stats (total=0, active=0, idle=0, waiting=15)
   198 [Thread-18                 ] DEBUG HikariPool           - HikariPool-5 - Before acquire stats (total=0, active=0, idle=0, waiting=15)
HikariPool-5 - Before acquire stats (total=0, active=0, idle=0, waiting=15)
HikariPool-5 - Before acquire stats (total=0, active=0, idle=0, waiting=15)
   200 [Thread-19                 ] DEBUG HikariPool           - HikariPool-5 - Before acquire stats (total=0, active=0, idle=0, waiting=15)
   199 [Thread-20                 ] DEBUG HikariPool           - HikariPool-5 - Before acquire stats (total=0, active=0, idle=0, waiting=15)
HikariPool-5 - Before acquire stats (total=0, active=0, idle=0, waiting=19)
   201 [Thread-21                 ] DEBUG HikariPool           - HikariPool-5 - Before acquire stats (total=0, active=0, idle=0, waiting=19)
HikariPool-5 - Added connection com.zaxxer.hikari.mocks.StubConnection@77c6a760
   202 [ariPool-5 connection adder] DEBUG HikariPool           - HikariPool-5 - Added connection com.zaxxer.hikari.mocks.StubConnection@77c6a760
HikariPool-5 - Added connection com.zaxxer.hikari.mocks.StubConnection@790147e8
   203 [ariPool-5 connection adder] DEBUG HikariPool           - HikariPool-5 - Added connection com.zaxxer.hikari.mocks.StubConnection@790147e8
HikariPool-5 - Added connection com.zaxxer.hikari.mocks.StubConnection@7d3ecc10
   204 [ariPool-5 connection adder] DEBUG HikariPool           - HikariPool-5 - Added connection com.zaxxer.hikari.mocks.StubConnection@7d3ecc10
HikariPool-5 - Added connection com.zaxxer.hikari.mocks.StubConnection@383c4dd3
   205 [ariPool-5 connection adder] DEBUG HikariPool           - HikariPool-5 - Added connection com.zaxxer.hikari.mocks.StubConnection@383c4dd3
HikariPool-5 - After  acquire stats (total=4, active=1, idle=3, waiting=19)
HikariPool-5 - After  acquire stats (total=4, active=2, idle=2, waiting=18)
   206 [Thread-3                  ] DEBUG HikariPool           - HikariPool-5 - After  acquire stats (total=4, active=1, idle=3, waiting=19)
   207 [Thread-4                  ] DEBUG HikariPool           - HikariPool-5 - After  acquire stats (total=4, active=2, idle=2, waiting=18)
HikariPool-5 - After  acquire stats (total=4, active=3, idle=1, waiting=17)
   208 [Thread-5                  ] DEBUG HikariPool           - HikariPool-5 - After  acquire stats (total=4, active=3, idle=1, waiting=17)
HikariPool-5 - After  acquire stats (total=4, active=4, idle=0, waiting=15)
   209 [Thread-7                  ] DEBUG HikariPool           - HikariPool-5 - After  acquire stats (total=4, active=4, idle=0, waiting=15)
HikariPool-5 - Pool stats (total=4, active=4, idle=0, waiting=16)
   210 [HikariPool-5 housekeeper  ] DEBUG HikariPool           - HikariPool-5 - Pool stats (total=4, active=4, idle=0, waiting=16)
HikariPool-5 - After  acquire stats (total=4, active=3, idle=1, waiting=15)
   211 [Thread-10                 ] DEBUG HikariPool           - HikariPool-5 - After  acquire stats (total=4, active=3, idle=1, waiting=15)
HikariPool-5 - After  acquire stats (total=4, active=3, idle=1, waiting=13)
HikariPool-5 - After  acquire stats (total=4, active=4, idle=0, waiting=13)
   212 [Thread-6                  ] DEBUG HikariPool           - HikariPool-5 - After  acquire stats (total=4, active=3, idle=1, waiting=13)
   213 [Thread-8                  ] DEBUG HikariPool           - HikariPool-5 - After  acquire stats (total=4, active=4, idle=0, waiting=13)
HikariPool-5 - After  acquire stats (total=4, active=4, idle=0, waiting=12)
   214 [Thread-15                 ] DEBUG HikariPool           - HikariPool-5 - After  acquire stats (total=4, active=4, idle=0, waiting=12)
HikariPool-5 - After  acquire stats (total=4, active=4, idle=0, waiting=11)
   215 [Thread-14                 ] DEBUG HikariPool           - HikariPool-5 - After  acquire stats (total=4, active=4, idle=0, waiting=11)
HikariPool-5 - After  acquire stats (total=4, active=4, idle=0, waiting=9)
   216 [Thread-19                 ] DEBUG HikariPool           - HikariPool-5 - After  acquire stats (total=4, active=4, idle=0, waiting=9)
HikariPool-5 - After  acquire stats (total=4, active=4, idle=0, waiting=9)
   217 [Thread-9                  ] DEBUG HikariPool           - HikariPool-5 - After  acquire stats (total=4, active=4, idle=0, waiting=9)
HikariPool-5 - After  acquire stats (total=4, active=4, idle=0, waiting=7)
   218 [Thread-13                 ] DEBUG HikariPool           - HikariPool-5 - After  acquire stats (total=4, active=4, idle=0, waiting=7)
HikariPool-5 - After  acquire stats (total=4, active=4, idle=0, waiting=6)
   219 [Thread-12                 ] DEBUG HikariPool           - HikariPool-5 - After  acquire stats (total=4, active=4, idle=0, waiting=6)
HikariPool-5 - After  acquire stats (total=4, active=4, idle=0, waiting=6)
   220 [Thread-11                 ] DEBUG HikariPool           - HikariPool-5 - After  acquire stats (total=4, active=4, idle=0, waiting=6)
HikariPool-5 - After  acquire stats (total=4, active=4, idle=0, waiting=5)
   221 [Thread-16                 ] DEBUG HikariPool           - HikariPool-5 - After  acquire stats (total=4, active=4, idle=0, waiting=5)
HikariPool-5 - After  acquire stats (total=4, active=4, idle=0, waiting=4)
   222 [Thread-17                 ] DEBUG HikariPool           - HikariPool-5 - After  acquire stats (total=4, active=4, idle=0, waiting=4)
HikariPool-5 - After  acquire stats (total=4, active=4, idle=0, waiting=3)
   223 [Thread-2                  ] DEBUG HikariPool           - HikariPool-5 - After  acquire stats (total=4, active=4, idle=0, waiting=3)
HikariPool-5 - After  acquire stats (total=4, active=4, idle=0, waiting=2)
   224 [Thread-18                 ] DEBUG HikariPool           - HikariPool-5 - After  acquire stats (total=4, active=4, idle=0, waiting=2)
HikariPool-5 - After  acquire stats (total=4, active=4, idle=0, waiting=1)
   225 [Thread-20                 ] DEBUG HikariPool           - HikariPool-5 - After  acquire stats (total=4, active=4, idle=0, waiting=1)
HikariPool-5 - After  acquire stats (total=4, active=4, idle=0, waiting=0)
   226 [Thread-21                 ] DEBUG HikariPool           - HikariPool-5 - After  acquire stats (total=4, active=4, idle=0, waiting=0)
HikariPool-5 - before check stats (total=4, active=0, idle=4, waiting=0)
   227 [main                      ] DEBUG HikariPool           - HikariPool-5 - before check stats (total=4, active=0, idle=4, waiting=0)
HikariPool-5 - Close initiated...
   228 [main                      ] INFO  HikariPool           - HikariPool-5 - Close initiated...
HikariPool-5 - Before closing stats (total=4, active=0, idle=4, waiting=0)
   229 [main                      ] DEBUG HikariPool           - HikariPool-5 - Before closing stats (total=4, active=0, idle=4, waiting=0)
   230 [riPool-5 connection closer] DEBUG PoolBase             - HikariPool-5 - Closing connection com.zaxxer.hikari.mocks.StubConnection@77c6a760: (connection evicted)
   231 [riPool-5 connection closer] DEBUG PoolBase             - HikariPool-5 - Closing connection com.zaxxer.hikari.mocks.StubConnection@790147e8: (connection evicted)
   232 [riPool-5 connection closer] DEBUG PoolBase             - HikariPool-5 - Closing connection com.zaxxer.hikari.mocks.StubConnection@7d3ecc10: (connection evicted)
   233 [riPool-5 connection closer] DEBUG PoolBase             - HikariPool-5 - Closing connection com.zaxxer.hikari.mocks.StubConnection@383c4dd3: (connection evicted)
HikariPool-5 - After closing stats (total=0, active=0, idle=0, waiting=0)
   234 [main                      ] DEBUG HikariPool           - HikariPool-5 - After closing stats (total=0, active=0, idle=0, waiting=0)
HikariPool-5 - Closed.
   235 [main                      ] INFO  HikariPool           - HikariPool-5 - Closed.
   236 [main                      ] INFO  HikariDataSource     - HikariPool-6 - Started.
   237 [ariPool-6 connection adder] ERROR PoolBase             - HikariPool-6 - Failed to execute connection test query. (Bad query or something.)
   238 [ariPool-6 connection adder] DEBUG PoolBase             - HikariPool-6 - Closing connection com.zaxxer.hikari.pool.TestConnections$1BadConnection@3b8f90b1: (Failed to create/set connection)
HikariPool-6 - Cannot acquire connection from data source
   239 [ariPool-6 connection adder] DEBUG HikariPool           - HikariPool-6 - Cannot acquire connection from data source
java.sql.SQLException: Bad query or something.
	at com.zaxxer.hikari.pool.TestConnections$1BadConnection.createStatement(TestConnections.java:483) ~[test-classes/:?]
	at com.zaxxer.hikari.pool.PoolBase.executeSql(PoolBase.java:509) ~[classes/:?]
	at com.zaxxer.hikari.pool.PoolBase.checkDriverSupport(PoolBase.java:403) ~[classes/:?]
	at com.zaxxer.hikari.pool.PoolBase.setupConnection(PoolBase.java:375) ~[classes/:?]
	at com.zaxxer.hikari.pool.PoolBase.newConnection(PoolBase.java:346) ~[classes/:?]
	at com.zaxxer.hikari.pool.PoolBase.newPoolEntry(PoolBase.java:193) ~[classes/:?]
	at com.zaxxer.hikari.pool.HikariPool.createPoolEntry(HikariPool.java:432) [classes/:?]
	at com.zaxxer.hikari.pool.HikariPool.access$500(HikariPool.java:66) [classes/:?]
	at com.zaxxer.hikari.pool.HikariPool$PoolEntryCreator.call(HikariPool.java:572) [classes/:?]
	at com.zaxxer.hikari.pool.HikariPool$PoolEntryCreator.call(HikariPool.java:565) [classes/:?]
	at java.util.concurrent.FutureTask.run(FutureTask.java:266) [?:1.8.0_31]
	at java.util.concurrent.ThreadPoolExecutor.runWorker(ThreadPoolExecutor.java:1142) [?:1.8.0_31]
	at java.util.concurrent.ThreadPoolExecutor$Worker.run(ThreadPoolExecutor.java:617) [?:1.8.0_31]
	at java.lang.Thread.run(Thread.java:745) [?:1.8.0_31]
HikariPool-6 - Pool stats (total=0, active=0, idle=0, waiting=1)
   240 [HikariPool-6 housekeeper  ] DEBUG HikariPool           - HikariPool-6 - Pool stats (total=0, active=0, idle=0, waiting=1)
   241 [ariPool-6 connection adder] ERROR PoolBase             - HikariPool-6 - Failed to execute connection test query. (Bad query or something.)
   242 [ariPool-6 connection adder] DEBUG PoolBase             - HikariPool-6 - Closing connection com.zaxxer.hikari.pool.TestConnections$1BadConnection@3fb00318: (Failed to create/set connection)
HikariPool-6 - Cannot acquire connection from data source
   243 [ariPool-6 connection adder] DEBUG HikariPool           - HikariPool-6 - Cannot acquire connection from data source
java.sql.SQLException: Bad query or something.
	at com.zaxxer.hikari.pool.TestConnections$1BadConnection.createStatement(TestConnections.java:483) ~[test-classes/:?]
	at com.zaxxer.hikari.pool.PoolBase.executeSql(PoolBase.java:509) ~[classes/:?]
	at com.zaxxer.hikari.pool.PoolBase.checkDriverSupport(PoolBase.java:403) ~[classes/:?]
	at com.zaxxer.hikari.pool.PoolBase.setupConnection(PoolBase.java:375) ~[classes/:?]
	at com.zaxxer.hikari.pool.PoolBase.newConnection(PoolBase.java:346) ~[classes/:?]
	at com.zaxxer.hikari.pool.PoolBase.newPoolEntry(PoolBase.java:193) ~[classes/:?]
	at com.zaxxer.hikari.pool.HikariPool.createPoolEntry(HikariPool.java:432) [classes/:?]
	at com.zaxxer.hikari.pool.HikariPool.access$500(HikariPool.java:66) [classes/:?]
	at com.zaxxer.hikari.pool.HikariPool$PoolEntryCreator.call(HikariPool.java:572) [classes/:?]
	at com.zaxxer.hikari.pool.HikariPool$PoolEntryCreator.call(HikariPool.java:565) [classes/:?]
	at java.util.concurrent.FutureTask.run(FutureTask.java:266) [?:1.8.0_31]
	at java.util.concurrent.ThreadPoolExecutor.runWorker(ThreadPoolExecutor.java:1142) [?:1.8.0_31]
	at java.util.concurrent.ThreadPoolExecutor$Worker.run(ThreadPoolExecutor.java:617) [?:1.8.0_31]
	at java.lang.Thread.run(Thread.java:745) [?:1.8.0_31]
   244 [ariPool-6 connection adder] ERROR PoolBase             - HikariPool-6 - Failed to execute connection test query. (Bad query or something.)
   245 [ariPool-6 connection adder] DEBUG PoolBase             - HikariPool-6 - Closing connection com.zaxxer.hikari.pool.TestConnections$1BadConnection@7ab29a8a: (Failed to create/set connection)
HikariPool-6 - Cannot acquire connection from data source
   246 [ariPool-6 connection adder] DEBUG HikariPool           - HikariPool-6 - Cannot acquire connection from data source
java.sql.SQLException: Bad query or something.
	at com.zaxxer.hikari.pool.TestConnections$1BadConnection.createStatement(TestConnections.java:483) ~[test-classes/:?]
	at com.zaxxer.hikari.pool.PoolBase.executeSql(PoolBase.java:509) ~[classes/:?]
	at com.zaxxer.hikari.pool.PoolBase.checkDriverSupport(PoolBase.java:403) ~[classes/:?]
	at com.zaxxer.hikari.pool.PoolBase.setupConnection(PoolBase.java:375) ~[classes/:?]
	at com.zaxxer.hikari.pool.PoolBase.newConnection(PoolBase.java:346) ~[classes/:?]
	at com.zaxxer.hikari.pool.PoolBase.newPoolEntry(PoolBase.java:193) ~[classes/:?]
	at com.zaxxer.hikari.pool.HikariPool.createPoolEntry(HikariPool.java:432) [classes/:?]
	at com.zaxxer.hikari.pool.HikariPool.access$500(HikariPool.java:66) [classes/:?]
	at com.zaxxer.hikari.pool.HikariPool$PoolEntryCreator.call(HikariPool.java:572) [classes/:?]
	at com.zaxxer.hikari.pool.HikariPool$PoolEntryCreator.call(HikariPool.java:565) [classes/:?]
	at java.util.concurrent.FutureTask.run(FutureTask.java:266) [?:1.8.0_31]
	at java.util.concurrent.ThreadPoolExecutor.runWorker(ThreadPoolExecutor.java:1142) [?:1.8.0_31]
	at java.util.concurrent.ThreadPoolExecutor$Worker.run(ThreadPoolExecutor.java:617) [?:1.8.0_31]
	at java.lang.Thread.run(Thread.java:745) [?:1.8.0_31]
   247 [ariPool-6 connection adder] ERROR PoolBase             - HikariPool-6 - Failed to execute connection test query. (Bad query or something.)
   248 [ariPool-6 connection adder] DEBUG PoolBase             - HikariPool-6 - Closing connection com.zaxxer.hikari.pool.TestConnections$1BadConnection@ccfa69c: (Failed to create/set connection)
HikariPool-6 - Cannot acquire connection from data source
   249 [ariPool-6 connection adder] DEBUG HikariPool           - HikariPool-6 - Cannot acquire connection from data source
java.sql.SQLException: Bad query or something.
	at com.zaxxer.hikari.pool.TestConnections$1BadConnection.createStatement(TestConnections.java:483) ~[test-classes/:?]
	at com.zaxxer.hikari.pool.PoolBase.executeSql(PoolBase.java:509) ~[classes/:?]
	at com.zaxxer.hikari.pool.PoolBase.checkDriverSupport(PoolBase.java:403) ~[classes/:?]
	at com.zaxxer.hikari.pool.PoolBase.setupConnection(PoolBase.java:375) ~[classes/:?]
	at com.zaxxer.hikari.pool.PoolBase.newConnection(PoolBase.java:346) ~[classes/:?]
	at com.zaxxer.hikari.pool.PoolBase.newPoolEntry(PoolBase.java:193) ~[classes/:?]
	at com.zaxxer.hikari.pool.HikariPool.createPoolEntry(HikariPool.java:432) [classes/:?]
	at com.zaxxer.hikari.pool.HikariPool.access$500(HikariPool.java:66) [classes/:?]
	at com.zaxxer.hikari.pool.HikariPool$PoolEntryCreator.call(HikariPool.java:572) [classes/:?]
	at com.zaxxer.hikari.pool.HikariPool$PoolEntryCreator.call(HikariPool.java:565) [classes/:?]
	at java.util.concurrent.FutureTask.run(FutureTask.java:266) [?:1.8.0_31]
	at java.util.concurrent.ThreadPoolExecutor.runWorker(ThreadPoolExecutor.java:1142) [?:1.8.0_31]
	at java.util.concurrent.ThreadPoolExecutor$Worker.run(ThreadPoolExecutor.java:617) [?:1.8.0_31]
	at java.lang.Thread.run(Thread.java:745) [?:1.8.0_31]
   250 [ariPool-6 connection adder] ERROR PoolBase             - HikariPool-6 - Failed to execute connection test query. (Bad query or something.)
   251 [ariPool-6 connection adder] DEBUG PoolBase             - HikariPool-6 - Closing connection com.zaxxer.hikari.pool.TestConnections$1BadConnection@4b02a5ac: (Failed to create/set connection)
HikariPool-6 - Cannot acquire connection from data source
   252 [ariPool-6 connection adder] DEBUG HikariPool           - HikariPool-6 - Cannot acquire connection from data source
java.sql.SQLException: Bad query or something.
	at com.zaxxer.hikari.pool.TestConnections$1BadConnection.createStatement(TestConnections.java:483) ~[test-classes/:?]
	at com.zaxxer.hikari.pool.PoolBase.executeSql(PoolBase.java:509) ~[classes/:?]
	at com.zaxxer.hikari.pool.PoolBase.checkDriverSupport(PoolBase.java:403) ~[classes/:?]
	at com.zaxxer.hikari.pool.PoolBase.setupConnection(PoolBase.java:375) ~[classes/:?]
	at com.zaxxer.hikari.pool.PoolBase.newConnection(PoolBase.java:346) ~[classes/:?]
	at com.zaxxer.hikari.pool.PoolBase.newPoolEntry(PoolBase.java:193) ~[classes/:?]
	at com.zaxxer.hikari.pool.HikariPool.createPoolEntry(HikariPool.java:432) [classes/:?]
	at com.zaxxer.hikari.pool.HikariPool.access$500(HikariPool.java:66) [classes/:?]
	at com.zaxxer.hikari.pool.HikariPool$PoolEntryCreator.call(HikariPool.java:572) [classes/:?]
	at com.zaxxer.hikari.pool.HikariPool$PoolEntryCreator.call(HikariPool.java:565) [classes/:?]
	at java.util.concurrent.FutureTask.run(FutureTask.java:266) [?:1.8.0_31]
	at java.util.concurrent.ThreadPoolExecutor.runWorker(ThreadPoolExecutor.java:1142) [?:1.8.0_31]
	at java.util.concurrent.ThreadPoolExecutor$Worker.run(ThreadPoolExecutor.java:617) [?:1.8.0_31]
	at java.lang.Thread.run(Thread.java:745) [?:1.8.0_31]
HikariPool-6 - Timeout failure stats (total=0, active=0, idle=0, waiting=0)
   253 [main                      ] DEBUG HikariPool           - HikariPool-6 - Timeout failure stats (total=0, active=0, idle=0, waiting=0)
HikariPool-6 - Close initiated...
   254 [main                      ] INFO  HikariPool           - HikariPool-6 - Close initiated...
HikariPool-6 - Before closing stats (total=0, active=0, idle=0, waiting=0)
   255 [main                      ] DEBUG HikariPool           - HikariPool-6 - Before closing stats (total=0, active=0, idle=0, waiting=0)
HikariPool-6 - After adding stats (total=0, active=0, idle=0, waiting=0)
   256 [ariPool-6 connection adder] DEBUG HikariPool           - HikariPool-6 - After adding stats (total=0, active=0, idle=0, waiting=0)
HikariPool-6 - After closing stats (total=0, active=0, idle=0, waiting=0)
   257 [main                      ] DEBUG HikariPool           - HikariPool-6 - After closing stats (total=0, active=0, idle=0, waiting=0)
HikariPool-6 - Closed.
   258 [main                      ] INFO  HikariPool           - HikariPool-6 - Closed.
   259 [main                      ] INFO  HikariDataSource     - HikariPool-6 - Started.
   260 [main                      ] ERROR PoolBase             - HikariPool-6 - Failed to execute connection test query. (Bad query or something.)
   261 [main                      ] DEBUG PoolBase             - HikariPool-6 - Closing connection com.zaxxer.hikari.pool.TestConnections$1BadConnection@4bc59b27: (Failed to create/set connection)
   262 [main                      ] INFO  HikariDataSource     - HikariPool-7 - Started.
HikariPool-7 - Pool stats (total=0, active=0, idle=0, waiting=0)
   263 [HikariPool-7 housekeeper  ] DEBUG HikariPool           - HikariPool-7 - Pool stats (total=0, active=0, idle=0, waiting=0)
HikariPool-7 - Added connection com.zaxxer.hikari.mocks.StubConnection@5886de61
   264 [ariPool-7 connection adder] DEBUG HikariPool           - HikariPool-7 - Added connection com.zaxxer.hikari.mocks.StubConnection@5886de61
HikariPool-7 - Added connection com.zaxxer.hikari.mocks.StubConnection@56412b01
   265 [ariPool-7 connection adder] DEBUG HikariPool           - HikariPool-7 - Added connection com.zaxxer.hikari.mocks.StubConnection@56412b01
HikariPool-7 - Added connection com.zaxxer.hikari.mocks.StubConnection@527eb511
   266 [ariPool-7 connection adder] DEBUG HikariPool           - HikariPool-7 - Added connection com.zaxxer.hikari.mocks.StubConnection@527eb511
HikariPool-7 - After adding stats (total=3, active=0, idle=3, waiting=0)
   267 [ariPool-7 connection adder] DEBUG HikariPool           - HikariPool-7 - After adding stats (total=3, active=0, idle=3, waiting=0)
HikariPool-7 - Close initiated...
   268 [main                      ] INFO  HikariPool           - HikariPool-7 - Close initiated...
HikariPool-7 - Before closing stats (total=3, active=2, idle=1, waiting=0)
   269 [main                      ] DEBUG HikariPool           - HikariPool-7 - Before closing stats (total=3, active=2, idle=1, waiting=0)
   270 [riPool-7 connection closer] DEBUG PoolBase             - HikariPool-7 - Closing connection com.zaxxer.hikari.mocks.StubConnection@527eb511: (connection evicted)
   271 [main                      ] DEBUG PoolBase             - HikariPool-7 - Closing connection com.zaxxer.hikari.mocks.StubConnection@5886de61: (connection aborted during shutdown)
   272 [main                      ] DEBUG PoolBase             - HikariPool-7 - Closing connection com.zaxxer.hikari.mocks.StubConnection@56412b01: (connection aborted during shutdown)
HikariPool-7 - After closing stats (total=0, active=0, idle=0, waiting=0)
   273 [main                      ] DEBUG HikariPool           - HikariPool-7 - After closing stats (total=0, active=0, idle=0, waiting=0)
HikariPool-7 - Closed.
   274 [main                      ] INFO  HikariPool           - HikariPool-7 - Closed.
   275 [main                      ] INFO  HikariDataSource     - HikariPool-8 - Started.
HikariPool-8 - Added connection com.zaxxer.hikari.mocks.StubConnection@3c13ce5c
   276 [ariPool-8 connection adder] DEBUG HikariPool           - HikariPool-8 - Added connection com.zaxxer.hikari.mocks.StubConnection@3c13ce5c
   277 [riPool-8 connection closer] DEBUG PoolBase             - HikariPool-8 - Closing connection com.zaxxer.hikari.mocks.StubConnection@3c13ce5c: (connection evicted by user)
HikariPool-8 - Close initiated...
   278 [main                      ] INFO  HikariPool           - HikariPool-8 - Close initiated...
HikariPool-8 - Before closing stats (total=0, active=0, idle=0, waiting=0)
   279 [main                      ] DEBUG HikariPool           - HikariPool-8 - Before closing stats (total=0, active=0, idle=0, waiting=0)
HikariPool-8 - After closing stats (total=0, active=0, idle=0, waiting=0)
   280 [main                      ] DEBUG HikariPool           - HikariPool-8 - After closing stats (total=0, active=0, idle=0, waiting=0)
HikariPool-8 - Closed.
   281 [main                      ] INFO  HikariPool           - HikariPool-8 - Closed.
   282 [main                      ] INFO  HikariDataSource     - HikariPool-9 - Started.
HikariPool-9 - Added connection com.zaxxer.hikari.mocks.StubConnection@3c1049f4
   283 [ariPool-9 connection adder] DEBUG HikariPool           - HikariPool-9 - Added connection com.zaxxer.hikari.mocks.StubConnection@3c1049f4
HikariPool-9 - Close initiated...
   284 [main                      ] INFO  HikariPool           - HikariPool-9 - Close initiated...
HikariPool-9 - Before closing stats (total=1, active=0, idle=1, waiting=0)
   285 [main                      ] DEBUG HikariPool           - HikariPool-9 - Before closing stats (total=1, active=0, idle=1, waiting=0)
   286 [riPool-9 connection closer] DEBUG PoolBase             - HikariPool-9 - Closing connection com.zaxxer.hikari.mocks.StubConnection@3c1049f4: (connection evicted)
HikariPool-9 - After closing stats (total=0, active=0, idle=0, waiting=0)
   287 [main                      ] DEBUG HikariPool           - HikariPool-9 - After closing stats (total=0, active=0, idle=0, waiting=0)
HikariPool-9 - Closed.
   288 [main                      ] INFO  HikariPool           - HikariPool-9 - Closed.
   289 [main                      ] INFO  HikariDataSource     - HikariPool-10 - Started.
   290 [main                      ] INFO  PoolBase             - HikariPool-10 - Driver does not support get/set network timeout for connections. (null)
HikariPool-10 - Pool stats (total=0, active=0, idle=0, waiting=0)
   291 [HikariPool-10 housekeeper ] DEBUG HikariPool           - HikariPool-10 - Pool stats (total=0, active=0, idle=0, waiting=0)
HikariPool-10 - Added connection com.zaxxer.hikari.mocks.StubConnection@3923e635
   292 [riPool-10 connection adder] DEBUG HikariPool           - HikariPool-10 - Added connection com.zaxxer.hikari.mocks.StubConnection@3923e635
HikariPool-10 - After adding stats (total=1, active=0, idle=1, waiting=0)
   293 [riPool-10 connection adder] DEBUG HikariPool           - HikariPool-10 - After adding stats (total=1, active=0, idle=1, waiting=0)
HikariPool-10 - Close initiated...
   294 [main                      ] INFO  HikariPool           - HikariPool-10 - Close initiated...
HikariPool-10 - Before closing stats (total=1, active=1, idle=0, waiting=0)
   295 [main                      ] DEBUG HikariPool           - HikariPool-10 - Before closing stats (total=1, active=1, idle=0, waiting=0)
   296 [main                      ] DEBUG PoolBase             - HikariPool-10 - Closing connection com.zaxxer.hikari.mocks.StubConnection@3923e635: (connection aborted during shutdown)
HikariPool-10 - After closing stats (total=0, active=0, idle=0, waiting=0)
   297 [main                      ] DEBUG HikariPool           - HikariPool-10 - After closing stats (total=0, active=0, idle=0, waiting=0)
HikariPool-10 - Closed.
   298 [main                      ] INFO  HikariPool           - HikariPool-10 - Closed.
   299 [main                      ] INFO  HikariDataSource     - HikariPool-11 - Started.
HikariPool-11 - Added connection com.zaxxer.hikari.mocks.StubConnection@668d74e8
   300 [riPool-11 connection adder] DEBUG HikariPool           - HikariPool-11 - Added connection com.zaxxer.hikari.mocks.StubConnection@668d74e8
HikariPool-11 - Close initiated...
   301 [main                      ] INFO  HikariPool           - HikariPool-11 - Close initiated...
HikariPool-11 - Before closing stats (total=1, active=0, idle=1, waiting=0)
   302 [main                      ] DEBUG HikariPool           - HikariPool-11 - Before closing stats (total=1, active=0, idle=1, waiting=0)
   303 [iPool-11 connection closer] DEBUG PoolBase             - HikariPool-11 - Closing connection com.zaxxer.hikari.mocks.StubConnection@668d74e8: (connection evicted)
HikariPool-11 - After closing stats (total=0, active=0, idle=0, waiting=0)
   304 [main                      ] DEBUG HikariPool           - HikariPool-11 - After closing stats (total=0, active=0, idle=0, waiting=0)
HikariPool-11 - Closed.
   305 [main                      ] INFO  HikariPool           - HikariPool-11 - Closed.
Tests run: 12, Failures: 0, Errors: 0, Skipped: 0, Time elapsed: 51.969 sec - in com.zaxxer.hikari.pool.TestConnections
Running com.zaxxer.hikari.pool.TestHibernate
     1 [main                      ] WARN  HikariConnectionProvider - com.zaxxer.hikari.hibernate.HikariConnectionProvider has been deprecated for versions of Hibernate 4.3.6 and newer.  Please switch to org.hibernate.hikaricp.internal.HikariCPConnectionProvider.
     2 [main                      ] INFO  HikariDataSource     - HikariPool-1 - Started.
     3 [main                      ] INFO  HikariPool           - HikariPool-1 - Close initiated...
     4 [main                      ] INFO  HikariPool           - HikariPool-1 - Closed.
Tests run: 1, Failures: 0, Errors: 0, Skipped: 0, Time elapsed: 1.914 sec - in com.zaxxer.hikari.pool.TestHibernate
Running com.zaxxer.hikari.metrics.prometheus.PrometheusMetricsTrackerTest
     1 [main                      ] INFO  HikariDataSource     - record - Started.
Tests run: 1, Failures: 0, Errors: 0, Skipped: 0, Time elapsed: 3.096 sec - in com.zaxxer.hikari.metrics.prometheus.PrometheusMetricsTrackerTest
Running com.zaxxer.hikari.metrics.prometheus.HikariCPCollectorTest
     1 [main                      ] INFO  HikariDataSource     - connectionClosed - Started.
     2 [main                      ] INFO  HikariDataSource     - no_connection - Started.
     3 [main                      ] INFO  HikariDataSource     - HikariPool-1 - Started.
     4 [main                      ] INFO  HikariDataSource     - connection1 - Started.
Tests run: 4, Failures: 0, Errors: 0, Skipped: 0, Time elapsed: 3.042 sec - in com.zaxxer.hikari.metrics.prometheus.HikariCPCollectorTest
Running com.zaxxer.hikari.metrics.dropwizard.CodaHaleMetricsTrackerTest
Tests run: 1, Failures: 0, Errors: 0, Skipped: 0, Time elapsed: 1.309 sec - in com.zaxxer.hikari.metrics.dropwizard.CodaHaleMetricsTrackerTest
Running com.zaxxer.hikari.db.BasicPoolTest
     1 [main                      ] INFO  HikariDataSource     - HikariPool-1 - Started.
     2 [main                      ] INFO  HikariPool           - HikariPool-1 - Close initiated...
     3 [main                      ] INFO  HikariPool           - HikariPool-1 - Closed.
     4 [main                      ] INFO  HikariDataSource     - HikariPool-2 - Started.
     5 [main                      ] INFO  HikariPool           - HikariPool-2 - Close initiated...
     6 [main                      ] INFO  HikariPool           - HikariPool-2 - Closed.
     7 [main                      ] INFO  HikariDataSource     - HikariPool-3 - Started.
     8 [main                      ] INFO  HikariPool           - HikariPool-3 - Close initiated...
     9 [main                      ] INFO  HikariPool           - HikariPool-3 - Closed.
    10 [main                      ] INFO  HikariDataSource     - HikariPool-4 - Started.
    11 [main                      ] INFO  HikariPool           - HikariPool-4 - Close initiated...
    12 [main                      ] INFO  HikariPool           - HikariPool-4 - Closed.
Tests run: 2, Failures: 0, Errors: 0, Skipped: 0, Time elapsed: 13.383 sec - in com.zaxxer.hikari.db.BasicPoolTest
Running com.zaxxer.hikari.util.ClockSourceTest
Tests run: 1, Failures: 0, Errors: 0, Skipped: 0, Time elapsed: 0.245 sec - in com.zaxxer.hikari.util.ClockSourceTest
Running com.zaxxer.hikari.osgi.OSGiBundleTest
     1 [main                      ] INFO  DefaultExamSystem    - Pax Exam System (Version: 4.9.1) created.
     2 [main                      ] INFO  ProbeRunner          - creating PaxExam runner for class com.zaxxer.hikari.osgi.OSGiBundleTest
     3 [main                      ] INFO  ProbeRunner          - running test class com.zaxxer.hikari.osgi.OSGiBundleTest
     4 [main                      ] INFO  ReactorManager       - suite finished
Tests run: 2, Failures: 0, Errors: 0, Skipped: 0, Time elapsed: 7.222 sec - in com.zaxxer.hikari.osgi.OSGiBundleTest

Results :

Tests run: 107, Failures: 0, Errors: 0, Skipped: 0

[INFO] 
[INFO] --- jacoco-maven-plugin:0.7.7.201606060606:report (post-unit-test) @ HikariCP-java7 ---
[INFO] Loading execution data file /home/travis/build/brettwooldridge/HikariCP/target/coverage-reports/jacoco.exec
[INFO] Analyzed bundle 'HikariCP' with 50 classes
[INFO] 
[INFO] --- maven-bundle-plugin:3.2.0:bundle (default-bundle) @ HikariCP-java7 ---
[INFO] 
[INFO] --- maven-install-plugin:2.5.2:install (default-install) @ HikariCP-java7 ---
[INFO] Installing /home/travis/build/brettwooldridge/HikariCP/target/HikariCP-java7-2.4.9-SNAPSHOT.jar to /home/travis/.m2/repository/com/zaxxer/HikariCP-java7/2.4.9-SNAPSHOT/HikariCP-java7-2.4.9-SNAPSHOT.jar
[INFO] Installing /home/travis/build/brettwooldridge/HikariCP/pom.xml to /home/travis/.m2/repository/com/zaxxer/HikariCP-java7/2.4.9-SNAPSHOT/HikariCP-java7-2.4.9-SNAPSHOT.pom
[INFO] 
[INFO] --- maven-bundle-plugin:3.2.0:install (default-install) @ HikariCP-java7 ---
[INFO] Installing com/zaxxer/HikariCP-java7/2.4.9-SNAPSHOT/HikariCP-java7-2.4.9-SNAPSHOT.jar
[INFO] Writing OBR metadata
[INFO] ------------------------------------------------------------------------
[INFO] BUILD SUCCESS
[INFO] ------------------------------------------------------------------------
[INFO] Total time: 03:30 min
[INFO] Finished at: 2016-09-07T02:54:58+00:00
[INFO] Final Memory: 32M/465M
[INFO] ------------------------------------------------------------------------

travis_time:end:1544eb16:start=1473216687148283373,finish=1473216901430181971,duration=214281898598[0K
[32;1mThe command "mvn install -Dmaven.javadoc.skip=true -V -B" exited with 0.[0m
travis_time:start:0d60ddc0[0K$ jdk_switcher use openjdk7
Switching to OpenJDK7 (java-1.7.0-openjdk-amd64), JAVA_HOME will be set to /usr/lib/jvm/java-7-openjdk-amd64

travis_time:end:0d60ddc0:start=1473216901435541848,finish=1473216901444369228,duration=8827380[0K
[32;1mThe command "jdk_switcher use openjdk7" exited with 0.[0m
travis_time:start:021cb1d0[0K$ mvn test
[INFO] Scanning for projects...
[INFO]                                                                         
[INFO] ------------------------------------------------------------------------
[INFO] Building HikariCP 2.4.9-SNAPSHOT
[INFO] ------------------------------------------------------------------------
[INFO] 
[INFO] --- maven-enforcer-plugin:1.2:enforce (enforce-maven) @ HikariCP-java7 ---
[INFO] 
[INFO] --- jacoco-maven-plugin:0.7.7.201606060606:prepare-agent (pre-unit-test) @ HikariCP-java7 ---
[INFO] surefireArgLine set to -javaagent:/home/travis/.m2/repository/org/jacoco/org.jacoco.agent/0.7.7.201606060606/org.jacoco.agent-0.7.7.201606060606-runtime.jar=destfile=/home/travis/build/brettwooldridge/HikariCP/target/coverage-reports/jacoco.exec,excludes=**/com/zaxxer/hikari/pool/HikariProxy*:**/com/zaxxer/hikari/metrics/**
[INFO] 
[INFO] --- maven-resources-plugin:3.0.1:resources (default-resources) @ HikariCP-java7 ---
[INFO] Using 'UTF-8' encoding to copy filtered resources.
[INFO] skip non existing resourceDirectory /home/travis/build/brettwooldridge/HikariCP/src/main/resources
[INFO] 
[INFO] --- maven-compiler-plugin:3.5.1:compile (default-compile) @ HikariCP-java7 ---
[INFO] Nothing to compile - all classes are up to date
[INFO] 
[INFO] --- exec-maven-plugin:1.5.0:java (default) @ HikariCP-java7 ---
Generating com.zaxxer.hikari.pool.HikariProxyConnection
Generating com.zaxxer.hikari.pool.HikariProxyStatement
Generating com.zaxxer.hikari.pool.HikariProxyResultSet
Generating com.zaxxer.hikari.pool.HikariProxyPreparedStatement
Generating com.zaxxer.hikari.pool.HikariProxyCallableStatement
Generating method bodies for com.zaxxer.hikari.proxy.ProxyFactory
[INFO] 
[INFO] --- maven-bundle-plugin:3.2.0:manifest (default) @ HikariCP-java7 ---
[INFO] 
[INFO] --- maven-resources-plugin:3.0.1:testResources (default-testResources) @ HikariCP-java7 ---
[INFO] Using 'UTF-8' encoding to copy filtered resources.
[INFO] Copying 5 resources
[INFO] 
[INFO] --- maven-compiler-plugin:3.5.1:testCompile (default-testCompile) @ HikariCP-java7 ---
[INFO] Nothing to compile - all classes are up to date
[INFO] 
[INFO] --- maven-surefire-plugin:2.19.1:test (default-test) @ HikariCP-java7 ---

-------------------------------------------------------
 T E S T S
-------------------------------------------------------

Results :

Tests run: 0, Failures: 0, Errors: 0, Skipped: 0

[INFO] ------------------------------------------------------------------------
[INFO] BUILD FAILURE
[INFO] ------------------------------------------------------------------------
[INFO] Total time: 7.486 s
[INFO] Finished at: 2016-09-07T02:55:10+00:00
[INFO] Final Memory: 20M/491M
[INFO] ------------------------------------------------------------------------
[ERROR] Failed to execute goal org.apache.maven.plugins:maven-surefire-plugin:2.19.1:test (default-test) on project HikariCP-java7: Execution default-test of goal org.apache.maven.plugins:maven-surefire-plugin:2.19.1:test failed: java.lang.UnsupportedClassVersionError: org/hibernate/service/UnknownUnwrapTypeException : Unsupported major.minor version 52.0 -> [Help 1]
[ERROR] 
[ERROR] To see the full stack trace of the errors, re-run Maven with the -e switch.
[ERROR] Re-run Maven using the -X switch to enable full debug logging.
[ERROR] 
[ERROR] For more information about the errors and possible solutions, please read the following articles:
[ERROR] [Help 1] http://cwiki.apache.org/confluence/display/MAVEN/PluginExecutionException

travis_time:end:021cb1d0:start=1473216901449706563,finish=1473216911376994550,duration=9927287987[0K
[31;1mThe command "mvn test" exited with 1.[0m
travis_fold:start:cache.2[0Kstore build cache
travis_time:start:04455a18[0K
travis_time:end:04455a18:start=1473216911381371336,finish=1473216911384790807,duration=3419471[0Ktravis_time:start:308cebd8[0K[32;1mchange detected (content changed, file is created, or file is deleted):
/home/travis/.m2/repository/com/zaxxer/HikariCP-java7/2.4.9-SNAPSHOT/HikariCP-java7-2.4.9-SNAPSHOT.jar
/home/travis/.m2/repository/com/zaxxer/HikariCP-java7/2.4.9-SNAPSHOT/maven-metadata-local.xml
/home/travis/.m2/repository/com/zaxxer/HikariCP-java7/2.4.9-SNAPSHOT/_remote.repositories
/home/travis/.m2/repository/com/zaxxer/HikariCP-java7/maven-metadata-local.xml
/home/travis/.m2/repository/repository.xml

[0m
[32;1mchanges detected, packing new archive[0m
[32;1muploading archive[0m

travis_time:end:308cebd8:start=1473216911389454639,finish=1473216916920853401,duration=5531398762[0Ktravis_fold:end:cache.2[0K
Done. Your build exited with 1.
