Using worker: worker-linux-docker-dc056ef3.prod.travis-ci.org:travis-linux-8

travis_fold:start:system_info[0K[33;1mBuild system information[0m
Build language: java
[34m[1mBuild image provisioning date and time[0m
Fri Dec 12 23:29:11 UTC 2014
[34m[1mlsb_release -a[0m
Distributor ID:	Ubuntu
Description:	Ubuntu 12.04.5 LTS
Release:	12.04
Codename:	precise
[34m[1mCookbooks Version[0m
540230e https://github.com/travis-ci/travis-cookbooks/tree/540230e
[34m[1mGCC version[0m
gcc (Ubuntu/Linaro 4.6.3-1ubuntu5) 4.6.3
Copyright (C) 2011 Free Software Foundation, Inc.
This is free software; see the source for copying conditions.  There is NO
warranty; not even for MERCHANTABILITY or FITNESS FOR A PARTICULAR PURPOSE.

[34m[1mLLVM version[0m
clang version 3.4 (tags/RELEASE_34/final)
Target: x86_64-unknown-linux-gnu
Thread model: posix
[34m[1mPre-installed Ruby versions[0m
ruby-1.9.3-p551
[34m[1mPre-installed Node.js versions[0m
v0.10.33
[34m[1mPre-installed Go versions[0m
go1.4
[34m[1mRedis version[0m
redis-server 2.8.18
[34m[1mriak version[0m
1.4.12
[34m[1mMongoDB version[0m
MongoDB 2.4.12
[34m[1mCouchDB version[0m
couchdb 1.6.1
[34m[1mNeo4j version[0m
1.9.4
[34m[1mCassandra version[0m
2.0.9
[34m[1mRabbitMQ Version[0m
3.4.2
[34m[1mElasticSearch version[0m
1.4.0
[34m[1mInstalled Sphinx versions[0m
2.0.10
2.1.9
2.2.4
[34m[1mDefault Sphinx version[0m
2.1.9
[34m[1mInstalled Firefox version[0m
firefox 31.0esr
[34m[1mPhantomJS version[0m
1.9.8
[34m[1mant -version[0m
Apache Ant(TM) version 1.8.2 compiled on December 3 2011
[34m[1mmvn -version[0m
Apache Maven 3.2.3 (33f8c3e1027c3ddde99d3cdebad2656a31e8fdf4; 2014-08-11T20:58:10+00:00)
Maven home: /usr/local/maven
Java version: 1.7.0_72, vendor: Oracle Corporation
Java home: /usr/lib/jvm/java-7-oracle/jre
Default locale: en_US, platform encoding: ANSI_X3.4-1968
OS name: "linux", version: "3.13.0-29-generic", arch: "amd64", family: "unix"
[34m[1mgradle -version[0m

------------------------------------------------------------
Gradle 2.2.1
------------------------------------------------------------

Build time:   2014-11-24 09:45:35 UTC
Build number: none
Revision:     6fcb59c06f43a4e6b1bcb401f7686a8601a1fb4a

Groovy:       2.3.6
Ant:          Apache Ant(TM) version 1.9.3 compiled on December 23 2013
JVM:          1.7.0_72 (Oracle Corporation 24.72-b04)
OS:           Linux 3.13.0-29-generic amd64

[34m[1mlein1 version[0m
Using JLine for console I/O; install rlwrap for optimum experience.
Leiningen 1.7.1 on Java 1.7.0_72 Java HotSpot(TM) 64-Bit Server VM
[34m[1mlein2 version[0m
Leiningen 2.5.0 on Java 1.7.0_72 Java HotSpot(TM) 64-Bit Server VM
[34m[1mlein version[0m
Leiningen 2.5.0 on Java 1.7.0_72 Java HotSpot(TM) 64-Bit Server VM
travis_fold:end:system_info[0K
travis_fold:start:git.checkout[0Ktravis_time:start:1c17e734[0K$ git clone --depth=50 --branch=zundel/refactor-for-dry-run git://github.com/square/wire.git square/wire
Cloning into 'square/wire'...
remote: Counting objects: 1256, done.[K
remote: Compressing objects:   0% (1/627)   [Kremote: Compressing objects:   1% (7/627)   [Kremote: Compressing objects:   2% (13/627)   [Kremote: Compressing objects:   3% (19/627)   [Kremote: Compressing objects:   4% (26/627)   [Kremote: Compressing objects:   5% (32/627)   [Kremote: Compressing objects:   6% (38/627)   [Kremote: Compressing objects:   7% (44/627)   [Kremote: Compressing objects:   8% (51/627)   [Kremote: Compressing objects:   9% (57/627)   [Kremote: Compressing objects:  10% (63/627)   [Kremote: Compressing objects:  11% (69/627)   [Kremote: Compressing objects:  12% (76/627)   [Kremote: Compressing objects:  13% (82/627)   [Kremote: Compressing objects:  14% (88/627)   [Kremote: Compressing objects:  15% (95/627)   [Kremote: Compressing objects:  16% (101/627)   [Kremote: Compressing objects:  17% (107/627)   [Kremote: Compressing objects:  18% (113/627)   [Kremote: Compressing objects:  19% (120/627)   [Kremote: Compressing objects:  20% (126/627)   [Kremote: Compressing objects:  21% (132/627)   [Kremote: Compressing objects:  22% (138/627)   [Kremote: Compressing objects:  23% (145/627)   [Kremote: Compressing objects:  24% (151/627)   [Kremote: Compressing objects:  25% (157/627)   [Kremote: Compressing objects:  26% (164/627)   [Kremote: Compressing objects:  27% (170/627)   [Kremote: Compressing objects:  28% (176/627)   [Kremote: Compressing objects:  29% (182/627)   [Kremote: Compressing objects:  30% (189/627)   [Kremote: Compressing objects:  31% (195/627)   [Kremote: Compressing objects:  32% (201/627)   [Kremote: Compressing objects:  33% (207/627)   [Kremote: Compressing objects:  34% (214/627)   [Kremote: Compressing objects:  35% (220/627)   [Kremote: Compressing objects:  36% (226/627)   [Kremote: Compressing objects:  37% (232/627)   [Kremote: Compressing objects:  38% (239/627)   [Kremote: Compressing objects:  39% (245/627)   [Kremote: Compressing objects:  40% (251/627)   [Kremote: Compressing objects:  41% (258/627)   [Kremote: Compressing objects:  42% (264/627)   [Kremote: Compressing objects:  43% (270/627)   [Kremote: Compressing objects:  44% (276/627)   [Kremote: Compressing objects:  45% (283/627)   [Kremote: Compressing objects:  46% (289/627)   [Kremote: Compressing objects:  47% (295/627)   [Kremote: Compressing objects:  48% (301/627)   [Kremote: Compressing objects:  49% (308/627)   [Kremote: Compressing objects:  50% (314/627)   [Kremote: Compressing objects:  51% (320/627)   [Kremote: Compressing objects:  52% (327/627)   [Kremote: Compressing objects:  53% (333/627)   [Kremote: Compressing objects:  54% (339/627)   [Kremote: Compressing objects:  55% (345/627)   [Kremote: Compressing objects:  56% (352/627)   [Kremote: Compressing objects:  57% (358/627)   [Kremote: Compressing objects:  58% (364/627)   [Kremote: Compressing objects:  59% (370/627)   [Kremote: Compressing objects:  60% (377/627)   [Kremote: Compressing objects:  61% (383/627)   [Kremote: Compressing objects:  62% (389/627)   [Kremote: Compressing objects:  63% (396/627)   [Kremote: Compressing objects:  64% (402/627)   [Kremote: Compressing objects:  65% (408/627)   [Kremote: Compressing objects:  66% (414/627)   [Kremote: Compressing objects:  67% (421/627)   [Kremote: Compressing objects:  68% (427/627)   [Kremote: Compressing objects:  69% (433/627)   [Kremote: Compressing objects:  70% (439/627)   [Kremote: Compressing objects:  71% (446/627)   [Kremote: Compressing objects:  72% (452/627)   [Kremote: Compressing objects:  73% (458/627)   [Kremote: Compressing objects:  74% (464/627)   [Kremote: Compressing objects:  75% (471/627)   [Kremote: Compressing objects:  76% (477/627)   [Kremote: Compressing objects:  77% (483/627)   [Kremote: Compressing objects:  78% (490/627)   [Kremote: Compressing objects:  79% (496/627)   [Kremote: Compressing objects:  80% (502/627)   [Kremote: Compressing objects:  81% (508/627)   [Kremote: Compressing objects:  82% (515/627)   [Kremote: Compressing objects:  83% (521/627)   [Kremote: Compressing objects:  84% (527/627)   [Kremote: Compressing objects:  85% (533/627)   [Kremote: Compressing objects:  86% (540/627)   [Kremote: Compressing objects:  87% (546/627)   [Kremote: Compressing objects:  88% (552/627)   [Kremote: Compressing objects:  89% (559/627)   [Kremote: Compressing objects:  90% (565/627)   [Kremote: Compressing objects:  91% (571/627)   [Kremote: Compressing objects:  92% (577/627)   [Kremote: Compressing objects:  93% (584/627)   [Kremote: Compressing objects:  94% (590/627)   [Kremote: Compressing objects:  95% (596/627)   [Kremote: Compressing objects:  96% (602/627)   [Kremote: Compressing objects:  97% (609/627)   [Kremote: Compressing objects:  98% (615/627)   [Kremote: Compressing objects:  99% (621/627)   [Kremote: Compressing objects: 100% (627/627)   [Kremote: Compressing objects: 100% (627/627), done.[K
Receiving objects:   0% (1/1256)   Receiving objects:   1% (13/1256)   Receiving objects:   2% (26/1256)   Receiving objects:   3% (38/1256)   Receiving objects:   4% (51/1256)   Receiving objects:   5% (63/1256)   Receiving objects:   6% (76/1256)   Receiving objects:   7% (88/1256)   Receiving objects:   8% (101/1256)   Receiving objects:   9% (114/1256)   Receiving objects:  10% (126/1256)   Receiving objects:  11% (139/1256)   Receiving objects:  12% (151/1256)   Receiving objects:  13% (164/1256)   Receiving objects:  14% (176/1256)   Receiving objects:  15% (189/1256)   Receiving objects:  16% (201/1256)   Receiving objects:  17% (214/1256)   Receiving objects:  18% (227/1256)   Receiving objects:  19% (239/1256)   Receiving objects:  20% (252/1256)   Receiving objects:  21% (264/1256)   Receiving objects:  22% (277/1256)   Receiving objects:  23% (289/1256)   Receiving objects:  24% (302/1256)   Receiving objects:  25% (314/1256)   Receiving objects:  26% (327/1256)   Receiving objects:  27% (340/1256)   Receiving objects:  28% (352/1256)   Receiving objects:  29% (365/1256)   Receiving objects:  30% (377/1256)   Receiving objects:  31% (390/1256)   Receiving objects:  32% (402/1256)   Receiving objects:  33% (415/1256)   Receiving objects:  34% (428/1256)   Receiving objects:  35% (440/1256)   Receiving objects:  36% (453/1256)   Receiving objects:  37% (465/1256)   Receiving objects:  38% (478/1256)   Receiving objects:  39% (490/1256)   Receiving objects:  40% (503/1256)   Receiving objects:  41% (515/1256)   Receiving objects:  42% (528/1256)   Receiving objects:  43% (541/1256)   Receiving objects:  44% (553/1256)   Receiving objects:  45% (566/1256)   Receiving objects:  46% (578/1256)   Receiving objects:  47% (591/1256)   Receiving objects:  48% (603/1256)   Receiving objects:  49% (616/1256)   Receiving objects:  50% (628/1256)   Receiving objects:  51% (641/1256)   Receiving objects:  52% (654/1256)   Receiving objects:  53% (666/1256)   Receiving objects:  54% (679/1256)   remote: Total 1256 (delta 488), reused 1065 (delta 343)[K
Receiving objects:  55% (691/1256)   Receiving objects:  56% (704/1256)   Receiving objects:  57% (716/1256)   Receiving objects:  58% (729/1256)   Receiving objects:  59% (742/1256)   Receiving objects:  60% (754/1256)   Receiving objects:  61% (767/1256)   Receiving objects:  62% (779/1256)   Receiving objects:  63% (792/1256)   Receiving objects:  64% (804/1256)   Receiving objects:  65% (817/1256)   Receiving objects:  66% (829/1256)   Receiving objects:  67% (842/1256)   Receiving objects:  68% (855/1256)   Receiving objects:  69% (867/1256)   Receiving objects:  70% (880/1256)   Receiving objects:  71% (892/1256)   Receiving objects:  72% (905/1256)   Receiving objects:  73% (917/1256)   Receiving objects:  74% (930/1256)   Receiving objects:  75% (942/1256)   Receiving objects:  76% (955/1256)   Receiving objects:  77% (968/1256)   Receiving objects:  78% (980/1256)   Receiving objects:  79% (993/1256)   Receiving objects:  80% (1005/1256)   Receiving objects:  81% (1018/1256)   Receiving objects:  82% (1030/1256)   Receiving objects:  83% (1043/1256)   Receiving objects:  84% (1056/1256)   Receiving objects:  85% (1068/1256)   Receiving objects:  86% (1081/1256)   Receiving objects:  87% (1093/1256)   Receiving objects:  88% (1106/1256)   Receiving objects:  89% (1118/1256)   Receiving objects:  90% (1131/1256)   Receiving objects:  91% (1143/1256)   Receiving objects:  92% (1156/1256)   Receiving objects:  93% (1169/1256)   Receiving objects:  94% (1181/1256)   Receiving objects:  95% (1194/1256)   Receiving objects:  96% (1206/1256)   Receiving objects:  97% (1219/1256)   Receiving objects:  98% (1231/1256)   Receiving objects:  99% (1244/1256)   Receiving objects: 100% (1256/1256)   Receiving objects: 100% (1256/1256), 288.78 KiB | 0 bytes/s, done.
Resolving deltas:   0% (0/488)   Resolving deltas:   1% (9/488)   Resolving deltas:   2% (10/488)   Resolving deltas:   3% (16/488)   Resolving deltas:   4% (22/488)   Resolving deltas:   5% (25/488)   Resolving deltas:   9% (45/488)   Resolving deltas:  19% (93/488)   Resolving deltas:  22% (110/488)   Resolving deltas:  23% (115/488)   Resolving deltas:  24% (119/488)   Resolving deltas:  26% (128/488)   Resolving deltas:  27% (132/488)   Resolving deltas:  29% (143/488)   Resolving deltas:  31% (152/488)   Resolving deltas:  32% (158/488)   Resolving deltas:  33% (165/488)   Resolving deltas:  35% (175/488)   Resolving deltas:  36% (176/488)   Resolving deltas:  38% (188/488)   Resolving deltas:  39% (191/488)   Resolving deltas:  40% (197/488)   Resolving deltas:  42% (206/488)   Resolving deltas:  44% (216/488)   Resolving deltas:  45% (220/488)   Resolving deltas:  46% (225/488)   Resolving deltas:  47% (231/488)   Resolving deltas:  48% (235/488)   Resolving deltas:  49% (242/488)   Resolving deltas:  50% (245/488)   Resolving deltas:  61% (298/488)   Resolving deltas:  62% (303/488)   Resolving deltas:  69% (337/488)   Resolving deltas:  70% (342/488)   Resolving deltas:  71% (350/488)   Resolving deltas:  72% (354/488)   Resolving deltas:  74% (363/488)   Resolving deltas:  75% (366/488)   Resolving deltas:  76% (375/488)   Resolving deltas:  77% (376/488)   Resolving deltas:  78% (381/488)   Resolving deltas:  79% (386/488)   Resolving deltas:  87% (429/488)   Resolving deltas:  88% (431/488)   Resolving deltas:  89% (439/488)   Resolving deltas:  90% (440/488)   Resolving deltas:  92% (450/488)   Resolving deltas:  94% (463/488)   Resolving deltas:  95% (465/488)   Resolving deltas:  96% (470/488)   Resolving deltas:  97% (475/488)   Resolving deltas:  99% (486/488)   Resolving deltas: 100% (488/488)   Resolving deltas: 100% (488/488), done.
Checking connectivity... done.
travis_time:end:1c17e734:start=1420601111527367218,finish=1420601111748835092,duration=221467874[0K$ cd square/wire
$ git checkout -qf 950b9984e2a8d511ee69035816efef595b977a43
travis_fold:end:git.checkout[0K
[33;1mThis job is running on container-based infrastructure, which does not allow use of 'sudo', setuid and setguid executables.[0m
[33;1mSee http://docs.travis-ci.com/user/workers/container-based-infrastructure/ for details.[0m

[33;1mSetting environment variables from .travis.yml[0m
$ export CI_DEPLOY_USERNAME=[secure]
$ export CI_DEPLOY_PASSWORD=[secure]

travis_fold:start:cache.1[0KSetting up build cache
$ export CASHER_DIR=$HOME/.casher
travis_time:start:07d6cb6c[0K$ Installing caching utilities
travis_time:end:07d6cb6c:start=1420601114643093074,finish=1420601114705877067,duration=62783993[0Ktravis_time:start:02ce5ffc[0Kattempting to download cache archive
found cache
travis_time:end:02ce5ffc:start=1420601114710287421,finish=1420601115381572610,duration=671285189[0Ktravis_time:start:0a6c4724[0Kadding /home/travis/.m2 to cache
travis_time:end:0a6c4724:start=1420601115385250972,finish=1420601117613504795,duration=2228253823[0Ktravis_fold:end:cache.1[0K$ jdk_switcher use oraclejdk8
Switching to Oracle JDK8 (java-8-oracle), JAVA_HOME will be set to /usr/lib/jvm/java-8-oracle
$ java -version
java version "1.8.0_25"
Java(TM) SE Runtime Environment (build 1.8.0_25-b17)
Java HotSpot(TM) 64-Bit Server VM (build 25.25-b02, mixed mode)
$ javac -version
javac 1.8.0_25
travis_fold:start:install[0Ktravis_time:start:0c686b4a[0K$ mvn install -DskipTests=true -Dmaven.javadoc.skip=true -B -V
Java HotSpot(TM) 64-Bit Server VM warning: ignoring option MaxPermSize=192m; support was removed in 8.0
Apache Maven 3.2.3 (33f8c3e1027c3ddde99d3cdebad2656a31e8fdf4; 2014-08-11T20:58:10+00:00)
Maven home: /usr/local/maven
Java version: 1.8.0_25, vendor: Oracle Corporation
Java home: /usr/lib/jvm/java-8-oracle/jre
Default locale: en_US, platform encoding: UTF-8
OS name: "linux", version: "3.13.0-40-generic", arch: "amd64", family: "unix"
[INFO] Scanning for projects...
[INFO] ------------------------------------------------------------------------
[INFO] Reactor Build Order:
[INFO] 
[INFO] Wire Protocol Buffers
[INFO] Wire Protocol Buffer Runtime
[INFO] Wire Protocol Buffer Compiler
[INFO] Wire Protocol Buffer Gson Support
[INFO] Wire Protocol Buffer Maven Plugin
[INFO]                                                                         
[INFO] ------------------------------------------------------------------------
[INFO] Building Wire Protocol Buffers 1.6.1-SNAPSHOT
[INFO] ------------------------------------------------------------------------
[INFO] 
[INFO] --- maven-enforcer-plugin:1.0:enforce (enforce-maven) @ wire ---
[INFO] 
[INFO] --- maven-checkstyle-plugin:2.10:checkstyle (default) @ wire ---
[INFO] 
[INFO] --- maven-install-plugin:2.4:install (default-install) @ wire ---
[INFO] Installing /home/travis/build/square/wire/pom.xml to /home/travis/.m2/repository/com/squareup/wire/wire/1.6.1-SNAPSHOT/wire-1.6.1-SNAPSHOT.pom
[INFO]                                                                         
[INFO] ------------------------------------------------------------------------
[INFO] Building Wire Protocol Buffer Runtime 1.6.1-SNAPSHOT
[INFO] ------------------------------------------------------------------------
[INFO] 
[INFO] --- maven-enforcer-plugin:1.0:enforce (enforce-maven) @ wire-runtime ---
[INFO] 
[INFO] --- maven-resources-plugin:2.6:resources (default-resources) @ wire-runtime ---
[INFO] Using 'UTF-8' encoding to copy filtered resources.
[INFO] skip non existing resourceDirectory /home/travis/build/square/wire/wire-runtime/src/main/resources
[INFO] 
[INFO] --- maven-compiler-plugin:3.1:compile (default-compile) @ wire-runtime ---
[INFO] Changes detected - recompiling the module!
[INFO] Compiling 19 source files to /home/travis/build/square/wire/wire-runtime/target/classes
[WARNING] /home/travis/build/square/wire/wire-runtime/src/main/java/com/squareup/wire/Wire.java: Some input files use unchecked or unsafe operations.
[WARNING] /home/travis/build/square/wire/wire-runtime/src/main/java/com/squareup/wire/Wire.java: Recompile with -Xlint:unchecked for details.
[INFO] 
[INFO] --- maven-resources-plugin:2.6:testResources (default-testResources) @ wire-runtime ---
[INFO] Using 'UTF-8' encoding to copy filtered resources.
[INFO] skip non existing resourceDirectory /home/travis/build/square/wire/wire-runtime/src/test/resources
[INFO] 
[INFO] --- maven-compiler-plugin:3.1:testCompile (default-testCompile) @ wire-runtime ---
[INFO] Changes detected - recompiling the module!
[INFO] Compiling 75 source files to /home/travis/build/square/wire/wire-runtime/target/test-classes
[WARNING] /home/travis/build/square/wire/wire-runtime/src/test/java/com/squareup/wire/WireTest.java: /home/travis/build/square/wire/wire-runtime/src/test/java/com/squareup/wire/WireTest.java uses or overrides a deprecated API.
[WARNING] /home/travis/build/square/wire/wire-runtime/src/test/java/com/squareup/wire/WireTest.java: Recompile with -Xlint:deprecation for details.
[INFO] 
[INFO] --- maven-surefire-plugin:2.12.4:test (default-test) @ wire-runtime ---
[INFO] Tests are skipped.
[INFO] 
[INFO] --- maven-jar-plugin:2.4:jar (default-jar) @ wire-runtime ---
[INFO] Building jar: /home/travis/build/square/wire/wire-runtime/target/wire-runtime-1.6.1-SNAPSHOT.jar
[INFO] 
[INFO] --- maven-checkstyle-plugin:2.10:checkstyle (default) @ wire-runtime ---
[INFO] Starting audit...
Audit done.

[WARNING] Unable to locate Source XRef to link to - DISABLED
[INFO] 
[INFO] --- maven-install-plugin:2.4:install (default-install) @ wire-runtime ---
[INFO] Installing /home/travis/build/square/wire/wire-runtime/target/wire-runtime-1.6.1-SNAPSHOT.jar to /home/travis/.m2/repository/com/squareup/wire/wire-runtime/1.6.1-SNAPSHOT/wire-runtime-1.6.1-SNAPSHOT.jar
[INFO] Installing /home/travis/build/square/wire/wire-runtime/pom.xml to /home/travis/.m2/repository/com/squareup/wire/wire-runtime/1.6.1-SNAPSHOT/wire-runtime-1.6.1-SNAPSHOT.pom
[INFO]                                                                         
[INFO] ------------------------------------------------------------------------
[INFO] Building Wire Protocol Buffer Compiler 1.6.1-SNAPSHOT
[INFO] ------------------------------------------------------------------------
[INFO] 
[INFO] --- maven-enforcer-plugin:1.0:enforce (enforce-maven) @ wire-compiler ---
[INFO] 
[INFO] --- maven-resources-plugin:2.6:resources (default-resources) @ wire-compiler ---
[INFO] Using 'UTF-8' encoding to copy filtered resources.
[INFO] skip non existing resourceDirectory /home/travis/build/square/wire/wire-compiler/src/main/resources
[INFO] 
[INFO] --- maven-compiler-plugin:3.1:compile (default-compile) @ wire-compiler ---
[INFO] Changes detected - recompiling the module!
[INFO] Compiling 18 source files to /home/travis/build/square/wire/wire-compiler/target/classes
[INFO] 
[INFO] --- maven-resources-plugin:2.6:testResources (default-testResources) @ wire-compiler ---
[INFO] Using 'UTF-8' encoding to copy filtered resources.
[INFO] skip non existing resourceDirectory /home/travis/build/square/wire/wire-compiler/src/test/resources
[INFO] 
[INFO] --- maven-compiler-plugin:3.1:testCompile (default-testCompile) @ wire-compiler ---
[INFO] Changes detected - recompiling the module!
[INFO] Compiling 7 source files to /home/travis/build/square/wire/wire-compiler/target/test-classes
[INFO] 
[INFO] --- maven-surefire-plugin:2.12.4:test (default-test) @ wire-compiler ---
[INFO] Tests are skipped.
[INFO] 
[INFO] --- maven-jar-plugin:2.4:jar (default-jar) @ wire-compiler ---
[INFO] Building jar: /home/travis/build/square/wire/wire-compiler/target/wire-compiler-1.6.1-SNAPSHOT.jar
[INFO] 
[INFO] --- maven-assembly-plugin:2.2-beta-5:single (default) @ wire-compiler ---
[INFO] META-INF/ already added, skipping
[INFO] META-INF/MANIFEST.MF already added, skipping
[INFO] META-INF/maven/ already added, skipping
[INFO] META-INF/ already added, skipping
[INFO] META-INF/MANIFEST.MF already added, skipping
[INFO] com/ already added, skipping
[INFO] com/squareup/ already added, skipping
[INFO] META-INF/maven/ already added, skipping
[INFO] META-INF/ already added, skipping
[INFO] META-INF/MANIFEST.MF already added, skipping
[INFO] com/ already added, skipping
[INFO] com/squareup/ already added, skipping
[INFO] META-INF/maven/ already added, skipping
[INFO] META-INF/maven/com.squareup/ already added, skipping
[INFO] Building jar: /home/travis/build/square/wire/wire-compiler/target/wire-compiler-1.6.1-SNAPSHOT-jar-with-dependencies.jar
[INFO] META-INF/ already added, skipping
[INFO] META-INF/MANIFEST.MF already added, skipping
[INFO] META-INF/maven/ already added, skipping
[INFO] META-INF/ already added, skipping
[INFO] META-INF/MANIFEST.MF already added, skipping
[INFO] com/ already added, skipping
[INFO] com/squareup/ already added, skipping
[INFO] META-INF/maven/ already added, skipping
[INFO] META-INF/ already added, skipping
[INFO] META-INF/MANIFEST.MF already added, skipping
[INFO] com/ already added, skipping
[INFO] com/squareup/ already added, skipping
[INFO] META-INF/maven/ already added, skipping
[INFO] META-INF/maven/com.squareup/ already added, skipping
[INFO] 
[INFO] --- maven-checkstyle-plugin:2.10:checkstyle (default) @ wire-compiler ---
[INFO] Starting audit...
Audit done.

[WARNING] Unable to locate Source XRef to link to - DISABLED
[INFO] 
[INFO] --- maven-install-plugin:2.4:install (default-install) @ wire-compiler ---
[INFO] Installing /home/travis/build/square/wire/wire-compiler/target/wire-compiler-1.6.1-SNAPSHOT.jar to /home/travis/.m2/repository/com/squareup/wire/wire-compiler/1.6.1-SNAPSHOT/wire-compiler-1.6.1-SNAPSHOT.jar
[INFO] Installing /home/travis/build/square/wire/wire-compiler/pom.xml to /home/travis/.m2/repository/com/squareup/wire/wire-compiler/1.6.1-SNAPSHOT/wire-compiler-1.6.1-SNAPSHOT.pom
[INFO] Installing /home/travis/build/square/wire/wire-compiler/target/wire-compiler-1.6.1-SNAPSHOT-jar-with-dependencies.jar to /home/travis/.m2/repository/com/squareup/wire/wire-compiler/1.6.1-SNAPSHOT/wire-compiler-1.6.1-SNAPSHOT-jar-with-dependencies.jar
[INFO]                                                                         
[INFO] ------------------------------------------------------------------------
[INFO] Building Wire Protocol Buffer Gson Support 1.6.1-SNAPSHOT
[INFO] ------------------------------------------------------------------------
[INFO] 
[INFO] --- maven-enforcer-plugin:1.0:enforce (enforce-maven) @ wire-gson-support ---
[INFO] 
[INFO] --- maven-resources-plugin:2.6:resources (default-resources) @ wire-gson-support ---
[INFO] Using 'UTF-8' encoding to copy filtered resources.
[INFO] skip non existing resourceDirectory /home/travis/build/square/wire/wire-gson-support/src/main/resources
[INFO] 
[INFO] --- maven-compiler-plugin:3.1:compile (default-compile) @ wire-gson-support ---
[INFO] Changes detected - recompiling the module!
[INFO] Compiling 3 source files to /home/travis/build/square/wire/wire-gson-support/target/classes
[INFO] 
[INFO] --- maven-resources-plugin:2.6:testResources (default-testResources) @ wire-gson-support ---
[INFO] Using 'UTF-8' encoding to copy filtered resources.
[INFO] skip non existing resourceDirectory /home/travis/build/square/wire/wire-gson-support/src/test/resources
[INFO] 
[INFO] --- maven-compiler-plugin:3.1:testCompile (default-testCompile) @ wire-gson-support ---
[INFO] Changes detected - recompiling the module!
[INFO] Compiling 3 source files to /home/travis/build/square/wire/wire-gson-support/target/test-classes
[INFO] 
[INFO] --- maven-surefire-plugin:2.12.4:test (default-test) @ wire-gson-support ---
[INFO] Tests are skipped.
[INFO] 
[INFO] --- maven-jar-plugin:2.4:jar (default-jar) @ wire-gson-support ---
[INFO] Building jar: /home/travis/build/square/wire/wire-gson-support/target/wire-gson-support-1.6.1-SNAPSHOT.jar
[INFO] 
[INFO] --- maven-checkstyle-plugin:2.10:checkstyle (default) @ wire-gson-support ---
[INFO] Starting audit...
Audit done.

[WARNING] Unable to locate Source XRef to link to - DISABLED
[INFO] 
[INFO] --- maven-install-plugin:2.4:install (default-install) @ wire-gson-support ---
[INFO] Installing /home/travis/build/square/wire/wire-gson-support/target/wire-gson-support-1.6.1-SNAPSHOT.jar to /home/travis/.m2/repository/com/squareup/wire/wire-gson-support/1.6.1-SNAPSHOT/wire-gson-support-1.6.1-SNAPSHOT.jar
[INFO] Installing /home/travis/build/square/wire/wire-gson-support/pom.xml to /home/travis/.m2/repository/com/squareup/wire/wire-gson-support/1.6.1-SNAPSHOT/wire-gson-support-1.6.1-SNAPSHOT.pom
[INFO]                                                                         
[INFO] ------------------------------------------------------------------------
[INFO] Building Wire Protocol Buffer Maven Plugin 1.6.1-SNAPSHOT
[INFO] ------------------------------------------------------------------------
[INFO] 
[INFO] --- maven-enforcer-plugin:1.0:enforce (enforce-maven) @ wire-maven-plugin ---
[INFO] 
[INFO] --- maven-plugin-plugin:3.2:helpmojo (help-goal) @ wire-maven-plugin ---
[INFO] Using 'UTF-8' encoding to read mojo metadata.
[INFO] Applying mojo extractor for language: java
[INFO] Mojo extractor for language: java found 0 mojo descriptors.
[INFO] Applying mojo extractor for language: bsh
[INFO] Mojo extractor for language: bsh found 0 mojo descriptors.
[INFO] Applying mojo extractor for language: java-annotations
[INFO] Mojo extractor for language: java-annotations found 0 mojo descriptors.
[INFO] 
[INFO] --- maven-resources-plugin:2.6:resources (default-resources) @ wire-maven-plugin ---
[INFO] Using 'UTF-8' encoding to copy filtered resources.
[INFO] skip non existing resourceDirectory /home/travis/build/square/wire/wire-maven-plugin/src/main/resources
[INFO] 
[INFO] --- maven-compiler-plugin:3.1:compile (default-compile) @ wire-maven-plugin ---
[INFO] Changes detected - recompiling the module!
[INFO] Compiling 2 source files to /home/travis/build/square/wire/wire-maven-plugin/target/classes
[INFO] 
[INFO] --- maven-plugin-plugin:3.2:descriptor (default-descriptor) @ wire-maven-plugin ---
[INFO] Using 'UTF-8' encoding to read mojo metadata.
[INFO] Applying mojo extractor for language: java
[INFO] Mojo extractor for language: java found 0 mojo descriptors.
[INFO] Applying mojo extractor for language: bsh
[INFO] Mojo extractor for language: bsh found 0 mojo descriptors.
[INFO] Applying mojo extractor for language: java-annotations
[INFO] Mojo extractor for language: java-annotations found 2 mojo descriptors.
[INFO] 
[INFO] --- maven-plugin-plugin:3.2:descriptor (mojo-descriptor) @ wire-maven-plugin ---
[INFO] Using 'UTF-8' encoding to read mojo metadata.
[INFO] Applying mojo extractor for language: java
[INFO] Mojo extractor for language: java found 0 mojo descriptors.
[INFO] Applying mojo extractor for language: bsh
[INFO] Mojo extractor for language: bsh found 0 mojo descriptors.
[INFO] Applying mojo extractor for language: java-annotations
[INFO] Mojo extractor for language: java-annotations found 2 mojo descriptors.
[INFO] 
[INFO] --- maven-resources-plugin:2.6:testResources (default-testResources) @ wire-maven-plugin ---
[INFO] Using 'UTF-8' encoding to copy filtered resources.
[INFO] Copying 3 resources
[INFO] 
[INFO] --- maven-compiler-plugin:3.1:testCompile (default-testCompile) @ wire-maven-plugin ---
[INFO] No sources to compile
[INFO] 
[INFO] --- maven-surefire-plugin:2.12.4:test (default-test) @ wire-maven-plugin ---
[INFO] Tests are skipped.
[INFO] 
[INFO] --- maven-jar-plugin:2.4:jar (default-jar) @ wire-maven-plugin ---
[INFO] Building jar: /home/travis/build/square/wire/wire-maven-plugin/target/wire-maven-plugin-1.6.1-SNAPSHOT.jar
[INFO] 
[INFO] --- maven-plugin-plugin:3.2:addPluginArtifactMetadata (default-addPluginArtifactMetadata) @ wire-maven-plugin ---
[INFO] 
[INFO] --- maven-checkstyle-plugin:2.10:checkstyle (default) @ wire-maven-plugin ---
[INFO] Starting audit...
Audit done.

[WARNING] Unable to locate Source XRef to link to - DISABLED
[INFO] 
[INFO] --- maven-install-plugin:2.4:install (default-install) @ wire-maven-plugin ---
[INFO] Installing /home/travis/build/square/wire/wire-maven-plugin/target/wire-maven-plugin-1.6.1-SNAPSHOT.jar to /home/travis/.m2/repository/com/squareup/wire/wire-maven-plugin/1.6.1-SNAPSHOT/wire-maven-plugin-1.6.1-SNAPSHOT.jar
[INFO] Installing /home/travis/build/square/wire/wire-maven-plugin/pom.xml to /home/travis/.m2/repository/com/squareup/wire/wire-maven-plugin/1.6.1-SNAPSHOT/wire-maven-plugin-1.6.1-SNAPSHOT.pom
[INFO] ------------------------------------------------------------------------
[INFO] Reactor Summary:
[INFO] 
[INFO] Wire Protocol Buffers .............................. SUCCESS [  2.176 s]
[INFO] Wire Protocol Buffer Runtime ....................... SUCCESS [ 14.789 s]
[INFO] Wire Protocol Buffer Compiler ...................... SUCCESS [  6.181 s]
[INFO] Wire Protocol Buffer Gson Support .................. SUCCESS [  2.302 s]
[INFO] Wire Protocol Buffer Maven Plugin .................. SUCCESS [  6.787 s]
[INFO] ------------------------------------------------------------------------
[INFO] BUILD SUCCESS
[INFO] ------------------------------------------------------------------------
[INFO] Total time: 32.449 s
[INFO] Finished at: 2015-01-07T03:25:52+00:00
[INFO] Final Memory: 33M/444M
[INFO] ------------------------------------------------------------------------
travis_time:end:0c686b4a:start=1420601117975811998,finish=1420601153816520898,duration=35840708900[0Ktravis_fold:end:install[0Ktravis_time:start:01df8914[0K$ mvn test -B
Java HotSpot(TM) 64-Bit Server VM warning: ignoring option MaxPermSize=192m; support was removed in 8.0
[INFO] Scanning for projects...
[INFO] ------------------------------------------------------------------------
[INFO] Reactor Build Order:
[INFO] 
[INFO] Wire Protocol Buffers
[INFO] Wire Protocol Buffer Runtime
[INFO] Wire Protocol Buffer Compiler
[INFO] Wire Protocol Buffer Gson Support
[INFO] Wire Protocol Buffer Maven Plugin
[INFO]                                                                         
[INFO] ------------------------------------------------------------------------
[INFO] Building Wire Protocol Buffers 1.6.1-SNAPSHOT
[INFO] ------------------------------------------------------------------------
[INFO] 
[INFO] --- maven-enforcer-plugin:1.0:enforce (enforce-maven) @ wire ---
[INFO]                                                                         
[INFO] ------------------------------------------------------------------------
[INFO] Building Wire Protocol Buffer Runtime 1.6.1-SNAPSHOT
[INFO] ------------------------------------------------------------------------
[INFO] 
[INFO] --- maven-enforcer-plugin:1.0:enforce (enforce-maven) @ wire-runtime ---
[INFO] 
[INFO] --- maven-resources-plugin:2.6:resources (default-resources) @ wire-runtime ---
[INFO] Using 'UTF-8' encoding to copy filtered resources.
[INFO] skip non existing resourceDirectory /home/travis/build/square/wire/wire-runtime/src/main/resources
[INFO] 
[INFO] --- maven-compiler-plugin:3.1:compile (default-compile) @ wire-runtime ---
[INFO] Changes detected - recompiling the module!
[INFO] Compiling 19 source files to /home/travis/build/square/wire/wire-runtime/target/classes
[WARNING] /home/travis/build/square/wire/wire-runtime/src/main/java/com/squareup/wire/Wire.java: Some input files use unchecked or unsafe operations.
[WARNING] /home/travis/build/square/wire/wire-runtime/src/main/java/com/squareup/wire/Wire.java: Recompile with -Xlint:unchecked for details.
[INFO] 
[INFO] --- maven-resources-plugin:2.6:testResources (default-testResources) @ wire-runtime ---
[INFO] Using 'UTF-8' encoding to copy filtered resources.
[INFO] skip non existing resourceDirectory /home/travis/build/square/wire/wire-runtime/src/test/resources
[INFO] 
[INFO] --- maven-compiler-plugin:3.1:testCompile (default-testCompile) @ wire-runtime ---
[INFO] Nothing to compile - all classes are up to date
[INFO] 
[INFO] --- maven-surefire-plugin:2.12.4:test (default-test) @ wire-runtime ---
[INFO] Surefire report directory: /home/travis/build/square/wire/wire-runtime/target/surefire-reports

-------------------------------------------------------
 T E S T S
-------------------------------------------------------
Running com.squareup.wire.protobuf.TestAllTypes
Tests run: 19, Failures: 0, Errors: 0, Skipped: 0, Time elapsed: 0.329 sec
Running com.squareup.wire.ByteStringTest
Tests run: 5, Failures: 0, Errors: 0, Skipped: 0, Time elapsed: 0.003 sec
Running com.squareup.wire.UnknownFieldsTest
Tests run: 1, Failures: 0, Errors: 0, Skipped: 0, Time elapsed: 0.006 sec
Running com.squareup.wire.ParseTest
Tests run: 8, Failures: 0, Errors: 0, Skipped: 0, Time elapsed: 0.018 sec
Running com.squareup.wire.RedactedTest
Tests run: 7, Failures: 0, Errors: 0, Skipped: 0, Time elapsed: 0.013 sec
Running com.squareup.wire.TagMapTest
Tests run: 4, Failures: 0, Errors: 0, Skipped: 0, Time elapsed: 0.003 sec
Running com.squareup.wire.CustomOptionsTest
Tests run: 1, Failures: 0, Errors: 0, Skipped: 0, Time elapsed: 0.008 sec
Running com.squareup.wire.WireTest
Tests run: 8, Failures: 0, Errors: 0, Skipped: 0, Time elapsed: 0.02 sec

Results :

Tests run: 53, Failures: 0, Errors: 0, Skipped: 0

[INFO]                                                                         
[INFO] ------------------------------------------------------------------------
[INFO] Building Wire Protocol Buffer Compiler 1.6.1-SNAPSHOT
[INFO] ------------------------------------------------------------------------
[INFO] 
[INFO] --- maven-enforcer-plugin:1.0:enforce (enforce-maven) @ wire-compiler ---
[INFO] 
[INFO] --- maven-resources-plugin:2.6:resources (default-resources) @ wire-compiler ---
[INFO] Using 'UTF-8' encoding to copy filtered resources.
[INFO] skip non existing resourceDirectory /home/travis/build/square/wire/wire-compiler/src/main/resources
[INFO] 
[INFO] --- maven-compiler-plugin:3.1:compile (default-compile) @ wire-compiler ---
[INFO] Nothing to compile - all classes are up to date
[INFO] 
[INFO] --- maven-resources-plugin:2.6:testResources (default-testResources) @ wire-compiler ---
[INFO] Using 'UTF-8' encoding to copy filtered resources.
[INFO] skip non existing resourceDirectory /home/travis/build/square/wire/wire-compiler/src/test/resources
[INFO] 
[INFO] --- maven-compiler-plugin:3.1:testCompile (default-testCompile) @ wire-compiler ---
[INFO] Nothing to compile - all classes are up to date
[INFO] 
[INFO] --- maven-surefire-plugin:2.12.4:test (default-test) @ wire-compiler ---
[INFO] Surefire report directory: /home/travis/build/square/wire/wire-compiler/target/surefire-reports

-------------------------------------------------------
 T E S T S
-------------------------------------------------------
Running com.squareup.wire.WireCompilerTest
cwd = /home/travis/build/square/wire/wire-compiler/.
cwd = /home/travis/build/square/wire/wire-compiler/.
cwd = /home/travis/build/square/wire/wire-compiler/.
cwd = /home/travis/build/square/wire/wire-compiler/.
cwd = /home/travis/build/square/wire/wire-compiler/.
cwd = /home/travis/build/square/wire/wire-compiler/.
cwd = /home/travis/build/square/wire/wire-compiler/.
cwd = /home/travis/build/square/wire/wire-compiler/.
Comparing against expected output SendDataRequest.java
Comparing against expected output SendDataResponse.java
Comparing against expected output HeresAllTheDataRequest.java
Comparing against expected output HeresAllTheDataResponse.java
Comparing against expected output LetsDataRequest.java
Comparing against expected output LetsDataResponse.java
Comparing against expected output RxJavaService.java
Comparing against expected output RxJavaService2.java
cwd = /home/travis/build/square/wire/wire-compiler/.
Comparing against expected output RxJavaServiceSomeEndpoints.java
Comparing against expected output RxJavaService2SomeEndpoints.java
cwd = /home/travis/build/square/wire/wire-compiler/.
cwd = /home/travis/build/square/wire/wire-compiler/.
cwd = /home/travis/build/square/wire/wire-compiler/.
cwd = /home/travis/build/square/wire/wire-compiler/.
cwd = /home/travis/build/square/wire/wire-compiler/.
cwd = /home/travis/build/square/wire/wire-compiler/.
cwd = /home/travis/build/square/wire/wire-compiler/.
cwd = /home/travis/build/square/wire/wire-compiler/.
cwd = /home/travis/build/square/wire/wire-compiler/.
cwd = /home/travis/build/square/wire/wire-compiler/.
cwd = /home/travis/build/square/wire/wire-compiler/.
Comparing against expected output FooBar.java.noOptions
Comparing against expected output Ext_custom_options.java.noOptions
Comparing against expected output MessageWithOptions.java.noOptions
cwd = /home/travis/build/square/wire/wire-compiler/.
cwd = /home/travis/build/square/wire/wire-compiler/.
cwd = /home/travis/build/square/wire/wire-compiler/.
cwd = /home/travis/build/square/wire/wire-compiler/.
cwd = /home/travis/build/square/wire/wire-compiler/.
cwd = /home/travis/build/square/wire/wire-compiler/.
cwd = /home/travis/build/square/wire/wire-compiler/.
cwd = /home/travis/build/square/wire/wire-compiler/.
cwd = /home/travis/build/square/wire/wire-compiler/.
cwd = /home/travis/build/square/wire/wire-compiler/.
cwd = /home/travis/build/square/wire/wire-compiler/.
Tests run: 31, Failures: 0, Errors: 0, Skipped: 0, Time elapsed: 0.745 sec
Running com.squareup.wire.CommandLineOptionsTest
Tests run: 10, Failures: 0, Errors: 0, Skipped: 0, Time elapsed: 0.028 sec
Running com.squareup.wire.OutputArtifactTest
Tests run: 1, Failures: 0, Errors: 0, Skipped: 0, Time elapsed: 0 sec
Running com.squareup.wire.WireCompilerErrorTest
Tests run: 5, Failures: 0, Errors: 0, Skipped: 0, Time elapsed: 0.001 sec

Results :

Tests run: 47, Failures: 0, Errors: 0, Skipped: 0

[INFO]                                                                         
[INFO] ------------------------------------------------------------------------
[INFO] Building Wire Protocol Buffer Gson Support 1.6.1-SNAPSHOT
[INFO] ------------------------------------------------------------------------
[INFO] 
[INFO] --- maven-enforcer-plugin:1.0:enforce (enforce-maven) @ wire-gson-support ---
[INFO] 
[INFO] --- maven-resources-plugin:2.6:resources (default-resources) @ wire-gson-support ---
[INFO] Using 'UTF-8' encoding to copy filtered resources.
[INFO] skip non existing resourceDirectory /home/travis/build/square/wire/wire-gson-support/src/main/resources
[INFO] 
[INFO] --- maven-compiler-plugin:3.1:compile (default-compile) @ wire-gson-support ---
[INFO] Nothing to compile - all classes are up to date
[INFO] 
[INFO] --- maven-resources-plugin:2.6:testResources (default-testResources) @ wire-gson-support ---
[INFO] Using 'UTF-8' encoding to copy filtered resources.
[INFO] skip non existing resourceDirectory /home/travis/build/square/wire/wire-gson-support/src/test/resources
[INFO] 
[INFO] --- maven-compiler-plugin:3.1:testCompile (default-testCompile) @ wire-gson-support ---
[INFO] Nothing to compile - all classes are up to date
[INFO] 
[INFO] --- maven-surefire-plugin:2.12.4:test (default-test) @ wire-gson-support ---
[INFO] Surefire report directory: /home/travis/build/square/wire/wire-gson-support/target/surefire-reports

-------------------------------------------------------
 T E S T S
-------------------------------------------------------
Running com.squareup.wire.GsonTest
Tests run: 4, Failures: 0, Errors: 0, Skipped: 0, Time elapsed: 0.445 sec

Results :

Tests run: 4, Failures: 0, Errors: 0, Skipped: 0

[INFO]                                                                         
[INFO] ------------------------------------------------------------------------
[INFO] Building Wire Protocol Buffer Maven Plugin 1.6.1-SNAPSHOT
[INFO] ------------------------------------------------------------------------
[INFO] 
[INFO] --- maven-enforcer-plugin:1.0:enforce (enforce-maven) @ wire-maven-plugin ---
[INFO] 
[INFO] --- maven-plugin-plugin:3.2:helpmojo (help-goal) @ wire-maven-plugin ---
[INFO] Using 'UTF-8' encoding to read mojo metadata.
[INFO] Applying mojo extractor for language: java
[INFO] Mojo extractor for language: java found 0 mojo descriptors.
[INFO] Applying mojo extractor for language: bsh
[INFO] Mojo extractor for language: bsh found 0 mojo descriptors.
[INFO] Applying mojo extractor for language: java-annotations
[INFO] Mojo extractor for language: java-annotations found 2 mojo descriptors.
[INFO] 
[INFO] --- maven-resources-plugin:2.6:resources (default-resources) @ wire-maven-plugin ---
[INFO] Using 'UTF-8' encoding to copy filtered resources.
[INFO] skip non existing resourceDirectory /home/travis/build/square/wire/wire-maven-plugin/src/main/resources
[INFO] 
[INFO] --- maven-compiler-plugin:3.1:compile (default-compile) @ wire-maven-plugin ---
[INFO] Changes detected - recompiling the module!
[INFO] Compiling 2 source files to /home/travis/build/square/wire/wire-maven-plugin/target/classes
[INFO] 
[INFO] --- maven-plugin-plugin:3.2:descriptor (default-descriptor) @ wire-maven-plugin ---
[INFO] Using 'UTF-8' encoding to read mojo metadata.
[INFO] Applying mojo extractor for language: java
[INFO] Mojo extractor for language: java found 0 mojo descriptors.
[INFO] Applying mojo extractor for language: bsh
[INFO] Mojo extractor for language: bsh found 0 mojo descriptors.
[INFO] Applying mojo extractor for language: java-annotations
[INFO] Mojo extractor for language: java-annotations found 2 mojo descriptors.
[INFO] 
[INFO] --- maven-plugin-plugin:3.2:descriptor (mojo-descriptor) @ wire-maven-plugin ---
[INFO] Using 'UTF-8' encoding to read mojo metadata.
[INFO] Applying mojo extractor for language: java
[INFO] Mojo extractor for language: java found 0 mojo descriptors.
[INFO] Applying mojo extractor for language: bsh
[INFO] Mojo extractor for language: bsh found 0 mojo descriptors.
[INFO] Applying mojo extractor for language: java-annotations
[INFO] Mojo extractor for language: java-annotations found 2 mojo descriptors.
[INFO] 
[INFO] --- maven-resources-plugin:2.6:testResources (default-testResources) @ wire-maven-plugin ---
[INFO] Using 'UTF-8' encoding to copy filtered resources.
[INFO] Copying 3 resources
[INFO] 
[INFO] --- maven-compiler-plugin:3.1:testCompile (default-testCompile) @ wire-maven-plugin ---
[INFO] No sources to compile
[INFO] 
[INFO] --- maven-surefire-plugin:2.12.4:test (default-test) @ wire-maven-plugin ---
[INFO] ------------------------------------------------------------------------
[INFO] Reactor Summary:
[INFO] 
[INFO] Wire Protocol Buffers .............................. SUCCESS [  0.621 s]
[INFO] Wire Protocol Buffer Runtime ....................... SUCCESS [  5.601 s]
[INFO] Wire Protocol Buffer Compiler ...................... SUCCESS [  1.102 s]
[INFO] Wire Protocol Buffer Gson Support .................. SUCCESS [  0.694 s]
[INFO] Wire Protocol Buffer Maven Plugin .................. SUCCESS [  6.951 s]
[INFO] ------------------------------------------------------------------------
[INFO] BUILD SUCCESS
[INFO] ------------------------------------------------------------------------
[INFO] Total time: 15.241 s
[INFO] Finished at: 2015-01-07T03:26:10+00:00
[INFO] Final Memory: 22M/352M
[INFO] ------------------------------------------------------------------------
travis_time:end:01df8914:start=1420601153821410715,finish=1420601174848019897,duration=21026609182[0K
[32;1mThe command "mvn test -B" exited with 0.[0m
travis_fold:start:cache.2[0Kstore build cache
travis_time:start:002e694a[0Kchange detected: /home/travis/.m2/repository/com/squareup/wire/wire/1.6.1-SNAPSHOT/_remote.repositories
changes detected, packing new archive
uploading archive
travis_time:end:002e694a:start=1420601174852368368,finish=1420601180321579515,duration=5469211147[0Ktravis_fold:end:cache.2[0Ktravis_fold:start:after_success[0Ktravis_time:start:04b069f0[0K$ .buildscript/deploy_snapshot.sh
Skipping snapshot deployment: wrong branch. Expected 'master' but was 'zundel/refactor-for-dry-run'.
travis_time:end:04b069f0:start=1420601180325346858,finish=1420601180329789199,duration=4442341[0Ktravis_fold:end:after_success[0K
Done. Your build exited with 0.
