Using worker: worker-linux-docker-b5bb3d4c.prod.travis-ci.org:travis-linux-7

travis_fold:start:system_info[0K[33;1mBuild system information[0m
Build language: java
[34m[1mBuild image provisioning date and time[0m
Thu Feb  5 15:09:33 UTC 2015
[34m[1mOperating System Details[0m
Distributor ID:	Ubuntu
Description:	Ubuntu 12.04.5 LTS
Release:	12.04
Codename:	precise
[34m[1mLinux Version[0m
3.13.0-29-generic
[34m[1mCookbooks Version[0m
a68419e https://github.com/travis-ci/travis-cookbooks/tree/a68419e
[34m[1mGCC version[0m
gcc (Ubuntu/Linaro 4.6.3-1ubuntu5) 4.6.3
Copyright (C) 2011 Free Software Foundation, Inc.
This is free software; see the source for copying conditions.  There is NO
warranty; not even for MERCHANTABILITY or FITNESS FOR A PARTICULAR PURPOSE.

[34m[1mLLVM version[0m
clang version 3.4 (tags/RELEASE_34/final)
Target: x86_64-unknown-linux-gnu
Thread model: posix
[34m[1mPre-installed Ruby versions[0m
ruby-1.9.3-p551
[34m[1mPre-installed Node.js versions[0m
v0.10.36
[34m[1mPre-installed Go versions[0m
1.4.1
[34m[1mRedis version[0m
redis-server 2.8.19
[34m[1mriak version[0m
2.0.2
[34m[1mMongoDB version[0m
MongoDB 2.4.12
[34m[1mCouchDB version[0m
couchdb 1.6.1
[34m[1mNeo4j version[0m
1.9.4
[34m[1mRabbitMQ Version[0m
3.4.3
[34m[1mElasticSearch version[0m
1.4.0
[34m[1mInstalled Sphinx versions[0m
2.0.10
2.1.9
2.2.6
[34m[1mDefault Sphinx version[0m
2.2.6
[34m[1mInstalled Firefox version[0m
firefox 31.0esr
[34m[1mPhantomJS version[0m
1.9.8
[34m[1mant -version[0m
Apache Ant(TM) version 1.8.2 compiled on December 3 2011
[34m[1mmvn -version[0m
Apache Maven 3.2.5 (12a6b3acb947671f09b81f49094c53f426d8cea1; 2014-12-14T17:29:23+00:00)
Maven home: /usr/local/maven
Java version: 1.7.0_76, vendor: Oracle Corporation
Java home: /usr/lib/jvm/java-7-oracle/jre
Default locale: en_US, platform encoding: ANSI_X3.4-1968
OS name: "linux", version: "3.13.0-29-generic", arch: "amd64", family: "unix"
travis_fold:end:system_info[0K
travis_fold:start:git.checkout[0Ktravis_time:start:0ac89ccc[0K$ git clone --depth=50 --branch=issue/DATAJPA-765 https://github.com/spring-projects/spring-data-jpa.git spring-projects/spring-data-jpa
Cloning into 'spring-projects/spring-data-jpa'...
remote: Counting objects: 1072, done.[K
remote: Compressing objects:   0% (1/606)   [Kremote: Compressing objects:   1% (7/606)   [Kremote: Compressing objects:   2% (13/606)   [Kremote: Compressing objects:   3% (19/606)   [Kremote: Compressing objects:   4% (25/606)   [Kremote: Compressing objects:   5% (31/606)   [Kremote: Compressing objects:   6% (37/606)   [Kremote: Compressing objects:   7% (43/606)   [Kremote: Compressing objects:   8% (49/606)   [Kremote: Compressing objects:   9% (55/606)   [Kremote: Compressing objects:  10% (61/606)   [Kremote: Compressing objects:  11% (67/606)   [Kremote: Compressing objects:  12% (73/606)   [Kremote: Compressing objects:  13% (79/606)   [Kremote: Compressing objects:  14% (85/606)   [Kremote: Compressing objects:  15% (91/606)   [Kremote: Compressing objects:  16% (97/606)   [Kremote: Compressing objects:  17% (104/606)   [Kremote: Compressing objects:  18% (110/606)   [Kremote: Compressing objects:  19% (116/606)   [Kremote: Compressing objects:  20% (122/606)   [Kremote: Compressing objects:  21% (128/606)   [Kremote: Compressing objects:  22% (134/606)   [Kremote: Compressing objects:  23% (140/606)   [Kremote: Compressing objects:  24% (146/606)   [Kremote: Compressing objects:  25% (152/606)   [Kremote: Compressing objects:  26% (158/606)   [Kremote: Compressing objects:  27% (164/606)   [Kremote: Compressing objects:  28% (170/606)   [Kremote: Compressing objects:  29% (176/606)   [Kremote: Compressing objects:  30% (182/606)   [Kremote: Compressing objects:  31% (188/606)   [Kremote: Compressing objects:  32% (194/606)   [Kremote: Compressing objects:  33% (200/606)   [Kremote: Compressing objects:  34% (207/606)   [Kremote: Compressing objects:  35% (213/606)   [Kremote: Compressing objects:  36% (219/606)   [Kremote: Compressing objects:  37% (225/606)   [Kremote: Compressing objects:  38% (231/606)   [Kremote: Compressing objects:  39% (237/606)   [Kremote: Compressing objects:  40% (243/606)   [Kremote: Compressing objects:  41% (249/606)   [Kremote: Compressing objects:  42% (255/606)   [Kremote: Compressing objects:  43% (261/606)   [Kremote: Compressing objects:  44% (267/606)   [Kremote: Compressing objects:  45% (273/606)   [Kremote: Compressing objects:  46% (279/606)   [Kremote: Compressing objects:  47% (285/606)   [Kremote: Compressing objects:  48% (291/606)   [Kremote: Compressing objects:  49% (297/606)   [Kremote: Compressing objects:  50% (303/606)   [Kremote: Compressing objects:  51% (310/606)   [Kremote: Compressing objects:  52% (316/606)   [Kremote: Compressing objects:  53% (322/606)   [Kremote: Compressing objects:  54% (328/606)   [Kremote: Compressing objects:  55% (334/606)   [Kremote: Compressing objects:  56% (340/606)   [Kremote: Compressing objects:  57% (346/606)   [Kremote: Compressing objects:  58% (352/606)   [Kremote: Compressing objects:  59% (358/606)   [Kremote: Compressing objects:  60% (364/606)   [Kremote: Compressing objects:  61% (370/606)   [Kremote: Compressing objects:  62% (376/606)   [Kremote: Compressing objects:  63% (382/606)   [Kremote: Compressing objects:  64% (388/606)   [Kremote: Compressing objects:  65% (394/606)   [Kremote: Compressing objects:  66% (400/606)   [Kremote: Compressing objects:  67% (407/606)   [Kremote: Compressing objects:  68% (413/606)   [Kremote: Compressing objects:  69% (419/606)   [Kremote: Compressing objects:  70% (425/606)   [Kremote: Compressing objects:  71% (431/606)   [Kremote: Compressing objects:  72% (437/606)   [Kremote: Compressing objects:  73% (443/606)   [Kremote: Compressing objects:  74% (449/606)   [Kremote: Compressing objects:  75% (455/606)   [Kremote: Compressing objects:  76% (461/606)   [Kremote: Compressing objects:  77% (467/606)   [Kremote: Compressing objects:  78% (473/606)   [Kremote: Compressing objects:  79% (479/606)   [Kremote: Compressing objects:  80% (485/606)   [Kremote: Compressing objects:  81% (491/606)   [Kremote: Compressing objects:  82% (497/606)   [Kremote: Compressing objects:  83% (503/606)   [Kremote: Compressing objects:  84% (510/606)   [Kremote: Compressing objects:  85% (516/606)   [Kremote: Compressing objects:  86% (522/606)   [Kremote: Compressing objects:  87% (528/606)   [Kremote: Compressing objects:  88% (534/606)   [Kremote: Compressing objects:  89% (540/606)   [Kremote: Compressing objects:  90% (546/606)   [Kremote: Compressing objects:  91% (552/606)   [Kremote: Compressing objects:  92% (558/606)   [Kremote: Compressing objects:  93% (564/606)   [Kremote: Compressing objects:  94% (570/606)   [Kremote: Compressing objects:  95% (576/606)   [Kremote: Compressing objects:  96% (582/606)   [Kremote: Compressing objects:  97% (588/606)   [Kremote: Compressing objects:  98% (594/606)   [Kremote: Compressing objects:  99% (600/606)   [Kremote: Compressing objects: 100% (606/606)   [Kremote: Compressing objects: 100% (606/606), done.[K
Receiving objects:   0% (1/1072)   Receiving objects:   1% (11/1072)   Receiving objects:   2% (22/1072)   Receiving objects:   3% (33/1072)   Receiving objects:   4% (43/1072)   Receiving objects:   5% (54/1072)   Receiving objects:   6% (65/1072)   Receiving objects:   7% (76/1072)   Receiving objects:   8% (86/1072)   Receiving objects:   9% (97/1072)   Receiving objects:  10% (108/1072)   Receiving objects:  11% (118/1072)   Receiving objects:  12% (129/1072)   Receiving objects:  13% (140/1072)   Receiving objects:  14% (151/1072)   Receiving objects:  15% (161/1072)   Receiving objects:  16% (172/1072)   Receiving objects:  17% (183/1072)   Receiving objects:  18% (193/1072)   Receiving objects:  19% (204/1072)   Receiving objects:  20% (215/1072)   Receiving objects:  21% (226/1072)   Receiving objects:  22% (236/1072)   Receiving objects:  23% (247/1072)   Receiving objects:  24% (258/1072)   Receiving objects:  25% (268/1072)   Receiving objects:  26% (279/1072)   Receiving objects:  27% (290/1072)   Receiving objects:  28% (301/1072)   Receiving objects:  29% (311/1072)   Receiving objects:  30% (322/1072)   Receiving objects:  31% (333/1072)   Receiving objects:  32% (344/1072)   Receiving objects:  33% (354/1072)   Receiving objects:  34% (365/1072)   Receiving objects:  35% (376/1072)   Receiving objects:  36% (386/1072)   Receiving objects:  37% (397/1072)   Receiving objects:  38% (408/1072)   Receiving objects:  39% (419/1072)   Receiving objects:  40% (429/1072)   Receiving objects:  41% (440/1072)   Receiving objects:  42% (451/1072)   Receiving objects:  43% (461/1072)   Receiving objects:  44% (472/1072)   Receiving objects:  45% (483/1072)   Receiving objects:  46% (494/1072)   Receiving objects:  47% (504/1072)   Receiving objects:  48% (515/1072)   Receiving objects:  49% (526/1072)   Receiving objects:  50% (536/1072)   Receiving objects:  51% (547/1072)   Receiving objects:  52% (558/1072)   Receiving objects:  53% (569/1072)   Receiving objects:  54% (579/1072)   Receiving objects:  55% (590/1072)   Receiving objects:  56% (601/1072)   Receiving objects:  57% (612/1072)   Receiving objects:  58% (622/1072)   Receiving objects:  59% (633/1072)   Receiving objects:  60% (644/1072)   Receiving objects:  61% (654/1072)   Receiving objects:  62% (665/1072)   remote: Total 1072 (delta 473), reused 726 (delta 264), pack-reused 0[K
Receiving objects:  63% (676/1072)   Receiving objects:  64% (687/1072)   Receiving objects:  65% (697/1072)   Receiving objects:  66% (708/1072)   Receiving objects:  67% (719/1072)   Receiving objects:  68% (729/1072)   Receiving objects:  69% (740/1072)   Receiving objects:  70% (751/1072)   Receiving objects:  71% (762/1072)   Receiving objects:  72% (772/1072)   Receiving objects:  73% (783/1072)   Receiving objects:  74% (794/1072)   Receiving objects:  75% (804/1072)   Receiving objects:  76% (815/1072)   Receiving objects:  77% (826/1072)   Receiving objects:  78% (837/1072)   Receiving objects:  79% (847/1072)   Receiving objects:  80% (858/1072)   Receiving objects:  81% (869/1072)   Receiving objects:  82% (880/1072)   Receiving objects:  83% (890/1072)   Receiving objects:  84% (901/1072)   Receiving objects:  85% (912/1072)   Receiving objects:  86% (922/1072)   Receiving objects:  87% (933/1072)   Receiving objects:  88% (944/1072)   Receiving objects:  89% (955/1072)   Receiving objects:  90% (965/1072)   Receiving objects:  91% (976/1072)   Receiving objects:  92% (987/1072)   Receiving objects:  93% (997/1072)   Receiving objects:  94% (1008/1072)   Receiving objects:  95% (1019/1072)   Receiving objects:  96% (1030/1072)   Receiving objects:  97% (1040/1072)   Receiving objects:  98% (1051/1072)   Receiving objects:  99% (1062/1072)   Receiving objects: 100% (1072/1072)   Receiving objects: 100% (1072/1072), 393.63 KiB | 0 bytes/s, done.
Resolving deltas:   0% (0/473)   Resolving deltas:   2% (12/473)   Resolving deltas:  12% (61/473)   Resolving deltas:  13% (63/473)   Resolving deltas:  15% (75/473)   Resolving deltas:  16% (78/473)   Resolving deltas:  17% (82/473)   Resolving deltas:  18% (86/473)   Resolving deltas:  19% (91/473)   Resolving deltas:  20% (95/473)   Resolving deltas:  21% (103/473)   Resolving deltas:  25% (121/473)   Resolving deltas:  26% (126/473)   Resolving deltas:  27% (129/473)   Resolving deltas:  28% (133/473)   Resolving deltas:  29% (139/473)   Resolving deltas:  30% (144/473)   Resolving deltas:  31% (149/473)   Resolving deltas:  32% (156/473)   Resolving deltas:  34% (161/473)   Resolving deltas:  35% (166/473)   Resolving deltas:  36% (172/473)   Resolving deltas:  37% (177/473)   Resolving deltas:  38% (181/473)   Resolving deltas:  39% (185/473)   Resolving deltas:  41% (194/473)   Resolving deltas:  43% (207/473)   Resolving deltas:  45% (214/473)   Resolving deltas:  46% (220/473)   Resolving deltas:  47% (226/473)   Resolving deltas:  48% (231/473)   Resolving deltas:  49% (234/473)   Resolving deltas:  50% (237/473)   Resolving deltas:  51% (242/473)   Resolving deltas:  52% (246/473)   Resolving deltas:  53% (253/473)   Resolving deltas:  54% (256/473)   Resolving deltas:  56% (265/473)   Resolving deltas:  60% (285/473)   Resolving deltas:  61% (293/473)   Resolving deltas:  62% (296/473)   Resolving deltas:  66% (313/473)   Resolving deltas:  67% (317/473)   Resolving deltas:  71% (340/473)   Resolving deltas:  72% (343/473)   Resolving deltas:  73% (349/473)   Resolving deltas:  74% (351/473)   Resolving deltas:  75% (355/473)   Resolving deltas:  76% (360/473)   Resolving deltas:  77% (366/473)   Resolving deltas:  78% (369/473)   Resolving deltas:  79% (376/473)   Resolving deltas:  80% (381/473)   Resolving deltas:  81% (385/473)   Resolving deltas:  82% (388/473)   Resolving deltas:  83% (393/473)   Resolving deltas:  84% (399/473)   Resolving deltas:  86% (407/473)   Resolving deltas:  87% (412/473)   Resolving deltas:  89% (423/473)   Resolving deltas:  90% (426/473)   Resolving deltas:  91% (431/473)   Resolving deltas:  92% (439/473)   Resolving deltas:  94% (446/473)   Resolving deltas:  95% (452/473)   Resolving deltas:  99% (469/473)   Resolving deltas: 100% (473/473)   Resolving deltas: 100% (473/473), done.
Checking connectivity... done.
travis_time:end:0ac89ccc:start=1447695335847987598,finish=1447695337155982891,duration=1307995293[0K$ cd spring-projects/spring-data-jpa
$ git checkout -qf 36f04fadb77de097583a827abd68bfa95d7ef234
travis_fold:end:git.checkout[0K
[33;1mThis job is running on container-based infrastructure, which does not allow use of 'sudo', setuid and setguid executables.[0m
[33;1mIf you require sudo, add 'sudo: required' to your .travis.yml[0m
[33;1mSee http://docs.travis-ci.com/user/workers/container-based-infrastructure/ for details.[0m

[33;1mSetting environment variables from .travis.yml[0m
$ export PROFILE=hibernate-43

travis_fold:start:cache.1[0KSetting up build cache
$ export CASHER_DIR=$HOME/.casher
travis_time:start:11b70922[0K$ Installing caching utilities
travis_time:end:11b70922:start=1447695339326139384,finish=1447695339355750487,duration=29611103[0Ktravis_time:start:025ba354[0Ktravis_time:end:025ba354:start=1447695339360273647,finish=1447695339363548191,duration=3274544[0Ktravis_time:start:18fa0ed5[0Kattempting to download cache archive
fetching issueDATAJPA-765/cache--jdk-oraclejdk8.tgz
found cache
travis_time:end:18fa0ed5:start=1447695339367260275,finish=1447695342148979877,duration=2781719602[0Ktravis_time:start:0f3ade20[0Ktravis_time:end:0f3ade20:start=1447695342153499395,finish=1447695342157026625,duration=3527230[0Ktravis_time:start:0b333ac8[0Kadding /home/travis/.m2 to cache
travis_time:end:0b333ac8:start=1447695342160817121,finish=1447695346414891812,duration=4254074691[0Ktravis_fold:end:cache.1[0K$ jdk_switcher use oraclejdk8
Switching to Oracle JDK8 (java-8-oracle), JAVA_HOME will be set to /usr/lib/jvm/java-8-oracle
$ java -Xmx32m -version
java version "1.8.0_31"
Java(TM) SE Runtime Environment (build 1.8.0_31-b13)
Java HotSpot(TM) 64-Bit Server VM (build 25.31-b07, mixed mode)
$ javac -J-Xmx32m -version
javac 1.8.0_31
travis_fold:start:install[0Ktravis_time:start:06d4c478[0K$ true
travis_time:end:06d4c478:start=1447695346867217064,finish=1447695346870363844,duration=3146780[0Ktravis_fold:end:install[0Ktravis_time:start:1743b1cb[0K$ mvn clean dependency:list test -P${PROFILE} -Dsort
Java HotSpot(TM) 64-Bit Server VM warning: ignoring option MaxPermSize=192m; support was removed in 8.0
[INFO] Scanning for projects...
Downloading: https://nexus.codehaus.org/snapshots/org/springframework/data/build/spring-data-parent/1.8.0.BUILD-SNAPSHOT/maven-metadata.xml
Downloading: https://repository.apache.org/snapshots/org/springframework/data/build/spring-data-parent/1.8.0.BUILD-SNAPSHOT/maven-metadata.xml
[WARNING] Could not transfer metadata org.springframework.data.build:spring-data-parent:1.8.0.BUILD-SNAPSHOT/maven-metadata.xml from/to codehaus-snapshots (https://nexus.codehaus.org/snapshots/): nexus.codehaus.org: unknown error
Downloading: https://repository.apache.org/snapshots/org/springframework/data/build/spring-data-build/1.8.0.BUILD-SNAPSHOT/maven-metadata.xml
Downloading: https://nexus.codehaus.org/snapshots/org/springframework/data/build/spring-data-build/1.8.0.BUILD-SNAPSHOT/maven-metadata.xml
[WARNING] Could not transfer metadata org.springframework.data.build:spring-data-build:1.8.0.BUILD-SNAPSHOT/maven-metadata.xml from/to codehaus-snapshots (https://nexus.codehaus.org/snapshots/): nexus.codehaus.org
[INFO]                                                                         
[INFO] ------------------------------------------------------------------------
[INFO] Building Spring Data JPA 1.10.0.BUILD-SNAPSHOT
[INFO] ------------------------------------------------------------------------
Downloading: https://nexus.codehaus.org/snapshots/org/springframework/data/spring-data-commons/1.12.0.DATACMNS-670-SNAPSHOT/maven-metadata.xml
Downloading: https://repository.apache.org/snapshots/org/springframework/data/spring-data-commons/1.12.0.DATACMNS-670-SNAPSHOT/maven-metadata.xml
[WARNING] Could not transfer metadata org.springframework.data:spring-data-commons:1.12.0.DATACMNS-670-SNAPSHOT/maven-metadata.xml from/to codehaus-snapshots (https://nexus.codehaus.org/snapshots/): nexus.codehaus.org
[WARNING] Failure to transfer org.springframework.data:spring-data-commons:1.12.0.DATACMNS-670-SNAPSHOT/maven-metadata.xml from https://nexus.codehaus.org/snapshots/ was cached in the local repository, resolution will not be reattempted until the update interval of codehaus-snapshots has elapsed or updates are forced. Original error: Could not transfer metadata org.springframework.data:spring-data-commons:1.12.0.DATACMNS-670-SNAPSHOT/maven-metadata.xml from/to codehaus-snapshots (https://nexus.codehaus.org/snapshots/): nexus.codehaus.org
[WARNING] Failure to transfer org.springframework.data.build:spring-data-parent:1.8.0.BUILD-SNAPSHOT/maven-metadata.xml from https://nexus.codehaus.org/snapshots/ was cached in the local repository, resolution will not be reattempted until the update interval of codehaus-snapshots has elapsed or updates are forced. Original error: Could not transfer metadata org.springframework.data.build:spring-data-parent:1.8.0.BUILD-SNAPSHOT/maven-metadata.xml from/to codehaus-snapshots (https://nexus.codehaus.org/snapshots/): nexus.codehaus.org: unknown error
[WARNING] Failure to transfer org.springframework.data.build:spring-data-build:1.8.0.BUILD-SNAPSHOT/maven-metadata.xml from https://nexus.codehaus.org/snapshots/ was cached in the local repository, resolution will not be reattempted until the update interval of codehaus-snapshots has elapsed or updates are forced. Original error: Could not transfer metadata org.springframework.data.build:spring-data-build:1.8.0.BUILD-SNAPSHOT/maven-metadata.xml from/to codehaus-snapshots (https://nexus.codehaus.org/snapshots/): nexus.codehaus.org
Downloading: http://repo.maven.apache.org/maven2/org/hibernate/hibernate-entitymanager/4.3.11.Final/hibernate-entitymanager-4.3.11.Final.pom
4/4 KB            Downloaded: http://repo.maven.apache.org/maven2/org/hibernate/hibernate-entitymanager/4.3.11.Final/hibernate-entitymanager-4.3.11.Final.pom (4 KB at 3.2 KB/sec)
Downloading: http://repo.maven.apache.org/maven2/org/hibernate/hibernate-core/4.3.11.Final/hibernate-core-4.3.11.Final.pom
4/4 KB            Downloaded: http://repo.maven.apache.org/maven2/org/hibernate/hibernate-core/4.3.11.Final/hibernate-core-4.3.11.Final.pom (4 KB at 121.0 KB/sec)
Downloading: http://repo.maven.apache.org/maven2/org/hibernate/hibernate-entitymanager/4.3.11.Final/hibernate-entitymanager-4.3.11.Final.jar
Downloading: http://repo.maven.apache.org/maven2/org/hibernate/hibernate-core/4.3.11.Final/hibernate-core-4.3.11.Final.jar
3/633 KB   7/633 KB   11/633 KB   15/633 KB   19/633 KB   23/633 KB   27/633 KB   31/633 KB   35/633 KB   39/633 KB   43/633 KB   47/633 KB   51/633 KB   4/5160 KB   55/633 KB   4/5160 KB   59/633 KB   4/5160 KB   63/633 KB   4/5160 KB   67/633 KB   4/5160 KB   71/633 KB   4/5160 KB   75/633 KB   4/5160 KB   79/633 KB   4/5160 KB   83/633 KB   4/5160 KB   87/633 KB   4/5160 KB   91/633 KB   4/5160 KB   95/633 KB   4/5160 KB   99/633 KB   4/5160 KB   103/633 KB   4/5160 KB   107/633 KB   4/5160 KB   51/633 KB   8/5160 KB   107/633 KB   12/5160 KB   107/633 KB   16/5160 KB   107/633 KB   20/5160 KB   107/633 KB   24/5160 KB   107/633 KB   28/5160 KB   107/633 KB   32/5160 KB   107/633 KB   36/5160 KB   107/633 KB   40/5160 KB   107/633 KB   44/5160 KB   107/633 KB   48/5160 KB   107/633 KB   52/5160 KB   107/633 KB   56/5160 KB   107/633 KB   60/5160 KB   107/633 KB   64/5160 KB   107/633 KB   68/5160 KB   107/633 KB   72/5160 KB   107/633 KB   76/5160 KB   107/633 KB   80/5160 KB   107/633 KB   84/5160 KB   107/633 KB   88/5160 KB   107/633 KB   92/5160 KB   107/633 KB   96/5160 KB   107/633 KB   100/5160 KB   107/633 KB   104/5160 KB   107/633 KB   108/5160 KB   107/633 KB   112/5160 KB   107/633 KB   116/5160 KB   107/633 KB   120/5160 KB   107/633 KB   124/5160 KB   107/633 KB   124/5160 KB   111/633 KB   124/5160 KB   115/633 KB   128/5160 KB   119/633 KB   128/5160 KB   123/633 KB   128/5160 KB   115/633 KB   132/5160 KB   123/633 KB   136/5160 KB   123/633 KB   140/5160 KB   123/633 KB   144/5160 KB   127/633 KB   140/5160 KB   127/633 KB   148/5160 KB   131/633 KB   148/5160 KB   135/633 KB   148/5160 KB   139/633 KB   148/5160 KB   127/633 KB   152/5160 KB   143/633 KB   156/5160 KB   143/633 KB   148/5160 KB   143/633 KB   160/5160 KB   147/633 KB   160/5160 KB   147/633 KB   164/5160 KB   147/633 KB   168/5160 KB   151/633 KB   172/5160 KB   151/633 KB   176/5160 KB   151/633 KB   180/5160 KB   151/633 KB   184/5160 KB   151/633 KB   188/5160 KB   151/633 KB   192/5160 KB   151/633 KB   164/5160 KB   151/633 KB   192/5160 KB   155/633 KB   192/5160 KB   159/633 KB   192/5160 KB   163/633 KB   192/5160 KB   167/633 KB   192/5160 KB   171/633 KB   192/5160 KB   175/633 KB   192/5160 KB   179/633 KB   192/5160 KB   183/633 KB   192/5160 KB   187/633 KB   196/5160 KB   191/633 KB   196/5160 KB   195/633 KB   196/5160 KB   199/633 KB   196/5160 KB   187/633 KB   200/5160 KB   199/633 KB   204/5160 KB   199/633 KB   208/5160 KB   199/633 KB   212/5160 KB   199/633 KB   216/5160 KB   203/633 KB   220/5160 KB   203/633 KB   224/5160 KB   203/633 KB   228/5160 KB   203/633 KB   232/5160 KB   203/633 KB   236/5160 KB   203/633 KB   240/5160 KB   203/633 KB   244/5160 KB   203/633 KB   248/5160 KB   203/633 KB   252/5160 KB   203/633 KB   256/5160 KB   203/633 KB   260/5160 KB   203/633 KB   264/5160 KB   203/633 KB   268/5160 KB   203/633 KB   272/5160 KB   203/633 KB   276/5160 KB   203/633 KB   280/5160 KB   203/633 KB   284/5160 KB   203/633 KB   288/5160 KB   203/633 KB   292/5160 KB   203/633 KB   296/5160 KB   203/633 KB   212/5160 KB   203/633 KB   296/5160 KB   207/633 KB   296/5160 KB   211/633 KB   296/5160 KB   215/633 KB   296/5160 KB   219/633 KB   296/5160 KB   223/633 KB   296/5160 KB   227/633 KB   296/5160 KB   231/633 KB   296/5160 KB   235/633 KB   296/5160 KB   239/633 KB   296/5160 KB   243/633 KB   296/5160 KB   247/633 KB   296/5160 KB   251/633 KB   296/5160 KB   255/633 KB   296/5160 KB   259/633 KB   296/5160 KB   263/633 KB   296/5160 KB   267/633 KB   296/5160 KB   271/633 KB   296/5160 KB   275/633 KB   296/5160 KB   279/633 KB   296/5160 KB   283/633 KB   296/5160 KB   287/633 KB   296/5160 KB   291/633 KB   296/5160 KB   295/633 KB   300/5160 KB   299/633 KB   300/5160 KB   303/633 KB   300/5160 KB   307/633 KB   300/5160 KB   311/633 KB   300/5160 KB   315/633 KB   300/5160 KB   319/633 KB   300/5160 KB   323/633 KB   300/5160 KB   327/633 KB   300/5160 KB   331/633 KB   300/5160 KB   335/633 KB   300/5160 KB   339/633 KB   300/5160 KB   343/633 KB   300/5160 KB   347/633 KB   300/5160 KB   351/633 KB   300/5160 KB   355/633 KB   300/5160 KB   359/633 KB   300/5160 KB   363/633 KB   300/5160 KB   367/633 KB   300/5160 KB   371/633 KB   300/5160 KB   375/633 KB   300/5160 KB   379/633 KB   300/5160 KB   383/633 KB   300/5160 KB   387/633 KB   300/5160 KB   391/633 KB   300/5160 KB   395/633 KB   300/5160 KB   399/633 KB   300/5160 KB   403/633 KB   300/5160 KB   407/633 KB   300/5160 KB   411/633 KB   300/5160 KB   415/633 KB   300/5160 KB   419/633 KB   300/5160 KB   423/633 KB   300/5160 KB   427/633 KB   300/5160 KB   295/633 KB   304/5160 KB   427/633 KB   308/5160 KB   427/633 KB   312/5160 KB   427/633 KB   316/5160 KB   427/633 KB   320/5160 KB   427/633 KB   324/5160 KB   427/633 KB   328/5160 KB   427/633 KB   332/5160 KB   427/633 KB   336/5160 KB   427/633 KB   340/5160 KB   427/633 KB   344/5160 KB   427/633 KB   348/5160 KB   427/633 KB   352/5160 KB   427/633 KB   356/5160 KB   427/633 KB   360/5160 KB   427/633 KB   364/5160 KB   427/633 KB   364/5160 KB   431/633 KB   368/5160 KB   431/633 KB   372/5160 KB   431/633 KB   376/5160 KB   431/633 KB   380/5160 KB   431/633 KB   384/5160 KB   431/633 KB   388/5160 KB   431/633 KB   392/5160 KB   431/633 KB   396/5160 KB   431/633 KB   400/5160 KB   431/633 KB   404/5160 KB   431/633 KB   408/5160 KB   431/633 KB   412/5160 KB   431/633 KB   416/5160 KB   431/633 KB   420/5160 KB   431/633 KB   424/5160 KB   431/633 KB   428/5160 KB   431/633 KB   432/5160 KB   431/633 KB   436/5160 KB   431/633 KB   440/5160 KB   431/633 KB   444/5160 KB   431/633 KB   448/5160 KB   431/633 KB   452/5160 KB   431/633 KB   456/5160 KB   431/633 KB   460/5160 KB   431/633 KB   464/5160 KB   431/633 KB   468/5160 KB   431/633 KB   472/5160 KB   431/633 KB   476/5160 KB   431/633 KB   480/5160 KB   431/633 KB   484/5160 KB   431/633 KB   488/5160 KB   431/633 KB   492/5160 KB   431/633 KB   496/5160 KB   431/633 KB   500/5160 KB   431/633 KB   504/5160 KB   431/633 KB   508/5160 KB   431/633 KB   512/5160 KB   431/633 KB   516/5160 KB   431/633 KB   520/5160 KB   431/633 KB   524/5160 KB   431/633 KB   528/5160 KB   431/633 KB   532/5160 KB   431/633 KB   536/5160 KB   431/633 KB   540/5160 KB   431/633 KB   544/5160 KB   431/633 KB   548/5160 KB   431/633 KB   552/5160 KB   431/633 KB   556/5160 KB   431/633 KB   560/5160 KB   431/633 KB   564/5160 KB   431/633 KB   568/5160 KB   431/633 KB   572/5160 KB   431/633 KB   576/5160 KB   431/633 KB   580/5160 KB   431/633 KB   584/5160 KB   431/633 KB   588/5160 KB   431/633 KB   592/5160 KB   431/633 KB   596/5160 KB   431/633 KB   600/5160 KB   431/633 KB   604/5160 KB   431/633 KB   608/5160 KB   431/633 KB   612/5160 KB   431/633 KB   616/5160 KB   431/633 KB   620/5160 KB   435/633 KB   624/5160 KB   435/633 KB   628/5160 KB   435/633 KB   632/5160 KB   435/633 KB   636/5160 KB   435/633 KB   640/5160 KB   435/633 KB   644/5160 KB   435/633 KB   648/5160 KB   435/633 KB   652/5160 KB   435/633 KB   656/5160 KB   435/633 KB   660/5160 KB   435/633 KB   664/5160 KB   435/633 KB   668/5160 KB   435/633 KB   672/5160 KB   435/633 KB   676/5160 KB   435/633 KB   680/5160 KB   435/633 KB   684/5160 KB   435/633 KB   688/5160 KB   435/633 KB   692/5160 KB   435/633 KB   696/5160 KB   435/633 KB   700/5160 KB   435/633 KB   704/5160 KB   435/633 KB   708/5160 KB   435/633 KB   712/5160 KB   435/633 KB   716/5160 KB   435/633 KB   720/5160 KB   435/633 KB   724/5160 KB   435/633 KB   728/5160 KB   435/633 KB   732/5160 KB   435/633 KB   736/5160 KB   435/633 KB   740/5160 KB   435/633 KB   744/5160 KB   435/633 KB   748/5160 KB   435/633 KB   752/5160 KB   435/633 KB   756/5160 KB   435/633 KB   760/5160 KB   435/633 KB   764/5160 KB   435/633 KB   768/5160 KB   435/633 KB   772/5160 KB   435/633 KB   776/5160 KB   435/633 KB   780/5160 KB   435/633 KB   784/5160 KB   435/633 KB   788/5160 KB   435/633 KB   792/5160 KB   435/633 KB   796/5160 KB   435/633 KB   800/5160 KB   435/633 KB   804/5160 KB   435/633 KB   616/5160 KB   435/633 KB   804/5160 KB   439/633 KB   804/5160 KB   443/633 KB   804/5160 KB   447/633 KB   804/5160 KB   451/633 KB   804/5160 KB   455/633 KB   804/5160 KB   459/633 KB   804/5160 KB   463/633 KB   804/5160 KB   467/633 KB   804/5160 KB   471/633 KB   804/5160 KB   475/633 KB   804/5160 KB   479/633 KB   804/5160 KB   483/633 KB   804/5160 KB   487/633 KB   804/5160 KB   491/633 KB   804/5160 KB   495/633 KB   804/5160 KB   499/633 KB   804/5160 KB   503/633 KB   804/5160 KB   507/633 KB   804/5160 KB   511/633 KB   804/5160 KB   515/633 KB   804/5160 KB   519/633 KB   804/5160 KB   523/633 KB   804/5160 KB   527/633 KB   804/5160 KB   531/633 KB   804/5160 KB   535/633 KB   804/5160 KB   539/633 KB   804/5160 KB   543/633 KB   804/5160 KB   547/633 KB   804/5160 KB   551/633 KB   804/5160 KB   555/633 KB   804/5160 KB   559/633 KB   804/5160 KB   563/633 KB   804/5160 KB   567/633 KB   804/5160 KB   571/633 KB   804/5160 KB   575/633 KB   804/5160 KB   579/633 KB   804/5160 KB   583/633 KB   804/5160 KB   587/633 KB   804/5160 KB   591/633 KB   804/5160 KB   595/633 KB   804/5160 KB   599/633 KB   804/5160 KB   603/633 KB   804/5160 KB   607/633 KB   804/5160 KB   611/633 KB   804/5160 KB   615/633 KB   804/5160 KB   619/633 KB   804/5160 KB   623/633 KB   804/5160 KB   627/633 KB   804/5160 KB   631/633 KB   804/5160 KB   633/633 KB   808/5160 KB   633/633 KB   812/5160 KB   633/633 KB   816/5160 KB   633/633 KB   820/5160 KB   633/633 KB   824/5160 KB   633/633 KB   828/5160 KB   633/633 KB   832/5160 KB   633/633 KB   836/5160 KB   633/633 KB   840/5160 KB   633/633 KB   844/5160 KB   633/633 KB   848/5160 KB   633/633 KB   852/5160 KB   633/633 KB   856/5160 KB   633/633 KB   860/5160 KB   633/633 KB   864/5160 KB   633/633 KB   868/5160 KB   633/633 KB   872/5160 KB   633/633 KB   876/5160 KB   633/633 KB   880/5160 KB   633/633 KB   884/5160 KB   633/633 KB   888/5160 KB   633/633 KB   892/5160 KB   633/633 KB   896/5160 KB                900/5160 KB   904/5160 KB   908/5160 KB   912/5160 KB   916/5160 KB   920/5160 KB   924/5160 KB   928/5160 KB   932/5160 KB   936/5160 KB   940/5160 KB   944/5160 KB   948/5160 KB   952/5160 KB   956/5160 KB   960/5160 KB   964/5160 KB   968/5160 KB   972/5160 KB   976/5160 KB   980/5160 KB   984/5160 KB   988/5160 KB   992/5160 KB   996/5160 KB   1000/5160 KB   1004/5160 KB   1008/5160 KB   1012/5160 KB   1016/5160 KB   1020/5160 KB   1024/5160 KB   1028/5160 KB   1032/5160 KB   1036/5160 KB   1040/5160 KB   1044/5160 KB   1048/5160 KB   1052/5160 KB   1056/5160 KB   1060/5160 KB   1064/5160 KB   1068/5160 KB   1072/5160 KB   1076/5160 KB   1080/5160 KB   1084/5160 KB   1088/5160 KB   1092/5160 KB   1096/5160 KB   1100/5160 KB   1104/5160 KB   1108/5160 KB   1112/5160 KB   1116/5160 KB   1120/5160 KB   1124/5160 KB   1128/5160 KB   1132/5160 KB   1136/5160 KB   1140/5160 KB   1144/5160 KB   1148/5160 KB   1152/5160 KB   1156/5160 KB                              Downloaded: http://repo.maven.apache.org/maven2/org/hibernate/hibernate-entitymanager/4.3.11.Final/hibernate-entitymanager-4.3.11.Final.jar (633 KB at 2205.2 KB/sec)
1160/5160 KB   1164/5160 KB   1168/5160 KB   1172/5160 KB   1176/5160 KB   1180/5160 KB   1184/5160 KB   1188/5160 KB   1192/5160 KB   1196/5160 KB   1200/5160 KB   1204/5160 KB   1208/5160 KB   1212/5160 KB   1216/5160 KB   1220/5160 KB   1224/5160 KB   1228/5160 KB   1232/5160 KB   1236/5160 KB   1240/5160 KB   1244/5160 KB   1248/5160 KB   1252/5160 KB   1256/5160 KB   1260/5160 KB   1264/5160 KB   1268/5160 KB   1272/5160 KB   1276/5160 KB   1280/5160 KB   1284/5160 KB   1288/5160 KB   1292/5160 KB   1296/5160 KB   1300/5160 KB   1304/5160 KB   1308/5160 KB   1312/5160 KB   1316/5160 KB   1320/5160 KB   1324/5160 KB   1328/5160 KB   1332/5160 KB   1336/5160 KB   1340/5160 KB   1344/5160 KB   1348/5160 KB   1352/5160 KB   1356/5160 KB   1360/5160 KB   1364/5160 KB   1368/5160 KB   1372/5160 KB   1376/5160 KB   1380/5160 KB   1384/5160 KB   1388/5160 KB   1392/5160 KB   1396/5160 KB   1400/5160 KB   1404/5160 KB   1408/5160 KB   1412/5160 KB   1416/5160 KB   1420/5160 KB   1424/5160 KB   1428/5160 KB   1432/5160 KB   1436/5160 KB   1440/5160 KB   1444/5160 KB   1448/5160 KB   1452/5160 KB   1456/5160 KB   1460/5160 KB   1464/5160 KB   1468/5160 KB   1472/5160 KB   1476/5160 KB   1480/5160 KB   1484/5160 KB   1488/5160 KB   1492/5160 KB   1496/5160 KB   1500/5160 KB   1504/5160 KB   1508/5160 KB   1512/5160 KB   1516/5160 KB   1520/5160 KB   1524/5160 KB   1528/5160 KB   1532/5160 KB   1536/5160 KB   1540/5160 KB   1544/5160 KB   1548/5160 KB   1552/5160 KB   1556/5160 KB   1560/5160 KB   1564/5160 KB   1568/5160 KB   1572/5160 KB   1576/5160 KB   1580/5160 KB   1584/5160 KB   1588/5160 KB   1592/5160 KB   1596/5160 KB   1600/5160 KB   1604/5160 KB   1608/5160 KB   1612/5160 KB   1616/5160 KB   1620/5160 KB   1624/5160 KB   1628/5160 KB   1632/5160 KB   1636/5160 KB   1640/5160 KB   1644/5160 KB   1648/5160 KB   1652/5160 KB   1656/5160 KB   1660/5160 KB   1664/5160 KB   1668/5160 KB   1672/5160 KB   1676/5160 KB   1680/5160 KB   1684/5160 KB   1688/5160 KB   1692/5160 KB   1696/5160 KB   1700/5160 KB   1704/5160 KB   1708/5160 KB   1712/5160 KB   1716/5160 KB   1720/5160 KB   1724/5160 KB   1728/5160 KB   1732/5160 KB   1736/5160 KB   1740/5160 KB   1744/5160 KB   1748/5160 KB   1752/5160 KB   1756/5160 KB   1760/5160 KB   1764/5160 KB   1768/5160 KB   1772/5160 KB   1776/5160 KB   1780/5160 KB   1784/5160 KB   1788/5160 KB   1792/5160 KB   1796/5160 KB   1800/5160 KB   1804/5160 KB   1808/5160 KB   1812/5160 KB   1816/5160 KB   1820/5160 KB   1824/5160 KB   1828/5160 KB   1832/5160 KB   1836/5160 KB   1840/5160 KB   1844/5160 KB   1848/5160 KB   1852/5160 KB   1856/5160 KB   1860/5160 KB   1864/5160 KB   1868/5160 KB   1872/5160 KB   1876/5160 KB   1880/5160 KB   1884/5160 KB   1888/5160 KB   1892/5160 KB   1896/5160 KB   1900/5160 KB   1904/5160 KB   1908/5160 KB   1912/5160 KB   1916/5160 KB   1920/5160 KB   1924/5160 KB   1928/5160 KB   1932/5160 KB   1936/5160 KB   1940/5160 KB   1944/5160 KB   1948/5160 KB   1952/5160 KB   1956/5160 KB   1960/5160 KB   1964/5160 KB   1968/5160 KB   1972/5160 KB   1976/5160 KB   1980/5160 KB   1984/5160 KB   1988/5160 KB   1992/5160 KB   1996/5160 KB   2000/5160 KB   2004/5160 KB   2008/5160 KB   2012/5160 KB   2016/5160 KB   2020/5160 KB   2024/5160 KB   2028/5160 KB   2032/5160 KB   2036/5160 KB   2040/5160 KB   2044/5160 KB   2048/5160 KB   2052/5160 KB   2056/5160 KB   2060/5160 KB   2064/5160 KB   2068/5160 KB   2072/5160 KB   2076/5160 KB   2080/5160 KB   2084/5160 KB   2088/5160 KB   2092/5160 KB   2096/5160 KB   2100/5160 KB   2104/5160 KB   2108/5160 KB   2112/5160 KB   2116/5160 KB   2120/5160 KB   2124/5160 KB   2128/5160 KB   2132/5160 KB   2136/5160 KB   2140/5160 KB   2144/5160 KB   2148/5160 KB   2152/5160 KB   2156/5160 KB   2160/5160 KB   2164/5160 KB   2168/5160 KB   2172/5160 KB   2176/5160 KB   2180/5160 KB   2184/5160 KB   2188/5160 KB   2192/5160 KB   2196/5160 KB   2200/5160 KB   2204/5160 KB   2208/5160 KB   2212/5160 KB   2216/5160 KB   2220/5160 KB   2224/5160 KB   2228/5160 KB   2232/5160 KB   2236/5160 KB   2240/5160 KB   2244/5160 KB   2248/5160 KB   2252/5160 KB   2256/5160 KB   2260/5160 KB   2264/5160 KB   2268/5160 KB   2272/5160 KB   2276/5160 KB   2280/5160 KB   2284/5160 KB   2288/5160 KB   2292/5160 KB   2296/5160 KB   2300/5160 KB   2304/5160 KB   2308/5160 KB   2312/5160 KB   2316/5160 KB   2320/5160 KB   2324/5160 KB   2328/5160 KB   2332/5160 KB   2336/5160 KB   2340/5160 KB   2344/5160 KB   2348/5160 KB   2352/5160 KB   2356/5160 KB   2360/5160 KB   2364/5160 KB   2368/5160 KB   2372/5160 KB   2376/5160 KB   2380/5160 KB   2384/5160 KB   2388/5160 KB   2392/5160 KB   2396/5160 KB   2400/5160 KB   2404/5160 KB   2408/5160 KB   2412/5160 KB   2416/5160 KB   2420/5160 KB   2424/5160 KB   2428/5160 KB   2432/5160 KB   2436/5160 KB   2440/5160 KB   2444/5160 KB   2448/5160 KB   2452/5160 KB   2456/5160 KB   2460/5160 KB   2464/5160 KB   2468/5160 KB   2472/5160 KB   2476/5160 KB   2480/5160 KB   2484/5160 KB   2488/5160 KB   2492/5160 KB   2496/5160 KB   2500/5160 KB   2504/5160 KB   2508/5160 KB   2512/5160 KB   2516/5160 KB   2520/5160 KB   2524/5160 KB   2528/5160 KB   2532/5160 KB   2536/5160 KB   2540/5160 KB   2544/5160 KB   2548/5160 KB   2552/5160 KB   2556/5160 KB   2560/5160 KB   2564/5160 KB   2568/5160 KB   2572/5160 KB   2576/5160 KB   2580/5160 KB   2584/5160 KB   2588/5160 KB   2592/5160 KB   2596/5160 KB   2600/5160 KB   2604/5160 KB   2608/5160 KB   2612/5160 KB   2616/5160 KB   2620/5160 KB   2624/5160 KB   2628/5160 KB   2632/5160 KB   2636/5160 KB   2640/5160 KB   2644/5160 KB   2648/5160 KB   2652/5160 KB   2656/5160 KB   2660/5160 KB   2664/5160 KB   2668/5160 KB   2672/5160 KB   2676/5160 KB   2680/5160 KB   2684/5160 KB   2688/5160 KB   2692/5160 KB   2696/5160 KB   2700/5160 KB   2704/5160 KB   2708/5160 KB   2712/5160 KB   2716/5160 KB   2720/5160 KB   2724/5160 KB   2728/5160 KB   2732/5160 KB   2736/5160 KB   2740/5160 KB   2744/5160 KB   2748/5160 KB   2752/5160 KB   2756/5160 KB   2760/5160 KB   2764/5160 KB   2768/5160 KB   2772/5160 KB   2776/5160 KB   2780/5160 KB   2784/5160 KB   2788/5160 KB   2792/5160 KB   2796/5160 KB   2800/5160 KB   2804/5160 KB   2808/5160 KB   2812/5160 KB   2816/5160 KB   2820/5160 KB   2824/5160 KB   2828/5160 KB   2832/5160 KB   2836/5160 KB   2840/5160 KB   2844/5160 KB   2848/5160 KB   2852/5160 KB   2856/5160 KB   2860/5160 KB   2864/5160 KB   2868/5160 KB   2872/5160 KB   2876/5160 KB   2880/5160 KB   2884/5160 KB   2888/5160 KB   2892/5160 KB   2896/5160 KB   2900/5160 KB   2904/5160 KB   2908/5160 KB   2912/5160 KB   2916/5160 KB   2920/5160 KB   2924/5160 KB   2928/5160 KB   2932/5160 KB   2936/5160 KB   2940/5160 KB   2944/5160 KB   2948/5160 KB   2952/5160 KB   2956/5160 KB   2960/5160 KB   2964/5160 KB   2968/5160 KB   2972/5160 KB   2976/5160 KB   2980/5160 KB   2984/5160 KB   2988/5160 KB   2992/5160 KB   2996/5160 KB   3000/5160 KB   3004/5160 KB   3008/5160 KB   3012/5160 KB   3016/5160 KB   3020/5160 KB   3024/5160 KB   3028/5160 KB   3032/5160 KB   3036/5160 KB   3040/5160 KB   3044/5160 KB   3048/5160 KB   3052/5160 KB   3056/5160 KB   3060/5160 KB   3064/5160 KB   3068/5160 KB   3072/5160 KB   3076/5160 KB   3080/5160 KB   3084/5160 KB   3088/5160 KB   3092/5160 KB   3096/5160 KB   3100/5160 KB   3104/5160 KB   3108/5160 KB   3112/5160 KB   3116/5160 KB   3120/5160 KB   3124/5160 KB   3128/5160 KB   3132/5160 KB   3136/5160 KB   3140/5160 KB   3144/5160 KB   3148/5160 KB   3152/5160 KB   3156/5160 KB   3160/5160 KB   3164/5160 KB   3168/5160 KB   3172/5160 KB   3176/5160 KB   3180/5160 KB   3184/5160 KB   3188/5160 KB   3192/5160 KB   3196/5160 KB   3200/5160 KB   3204/5160 KB   3208/5160 KB   3212/5160 KB   3216/5160 KB   3220/5160 KB   3224/5160 KB   3228/5160 KB   3232/5160 KB   3236/5160 KB   3240/5160 KB   3244/5160 KB   3248/5160 KB   3252/5160 KB   3256/5160 KB   3260/5160 KB   3264/5160 KB   3268/5160 KB   3272/5160 KB   3276/5160 KB   3280/5160 KB   3284/5160 KB   3288/5160 KB   3292/5160 KB   3296/5160 KB   3300/5160 KB   3304/5160 KB   3308/5160 KB   3312/5160 KB   3316/5160 KB   3320/5160 KB   3324/5160 KB   3328/5160 KB   3332/5160 KB   3336/5160 KB   3340/5160 KB   3344/5160 KB   3348/5160 KB   3352/5160 KB   3356/5160 KB   3360/5160 KB   3364/5160 KB   3368/5160 KB   3372/5160 KB   3376/5160 KB   3380/5160 KB   3384/5160 KB   3388/5160 KB   3392/5160 KB   3396/5160 KB   3400/5160 KB   3404/5160 KB   3408/5160 KB   3412/5160 KB   3416/5160 KB   3420/5160 KB   3424/5160 KB   3428/5160 KB   3432/5160 KB   3436/5160 KB   3440/5160 KB   3444/5160 KB   3448/5160 KB   3452/5160 KB   3456/5160 KB   3460/5160 KB   3464/5160 KB   3468/5160 KB   3472/5160 KB   3476/5160 KB   3480/5160 KB   3484/5160 KB   3488/5160 KB   3492/5160 KB   3496/5160 KB   3500/5160 KB   3504/5160 KB   3508/5160 KB   3512/5160 KB   3516/5160 KB   3520/5160 KB   3524/5160 KB   3528/5160 KB   3532/5160 KB   3536/5160 KB   3540/5160 KB   3544/5160 KB   3548/5160 KB   3552/5160 KB   3556/5160 KB   3560/5160 KB   3564/5160 KB   3568/5160 KB   3572/5160 KB   3576/5160 KB   3580/5160 KB   3584/5160 KB   3588/5160 KB   3592/5160 KB   3596/5160 KB   3600/5160 KB   3604/5160 KB   3608/5160 KB   3612/5160 KB   3616/5160 KB   3620/5160 KB   3624/5160 KB   3628/5160 KB   3632/5160 KB   3636/5160 KB   3640/5160 KB   3644/5160 KB   3648/5160 KB   3652/5160 KB   3656/5160 KB   3660/5160 KB   3664/5160 KB   3668/5160 KB   3672/5160 KB   3676/5160 KB   3680/5160 KB   3684/5160 KB   3688/5160 KB   3692/5160 KB   3696/5160 KB   3700/5160 KB   3704/5160 KB   3708/5160 KB   3712/5160 KB   3716/5160 KB   3720/5160 KB   3724/5160 KB   3728/5160 KB   3732/5160 KB   3736/5160 KB   3740/5160 KB   3744/5160 KB   3748/5160 KB   3752/5160 KB   3756/5160 KB   3760/5160 KB   3764/5160 KB   3768/5160 KB   3772/5160 KB   3776/5160 KB   3780/5160 KB   3784/5160 KB   3788/5160 KB   3792/5160 KB   3796/5160 KB   3800/5160 KB   3804/5160 KB   3808/5160 KB   3812/5160 KB   3816/5160 KB   3820/5160 KB   3824/5160 KB   3828/5160 KB   3832/5160 KB   3836/5160 KB   3840/5160 KB   3844/5160 KB   3848/5160 KB   3852/5160 KB   3856/5160 KB   3860/5160 KB   3864/5160 KB   3868/5160 KB   3872/5160 KB   3876/5160 KB   3880/5160 KB   3884/5160 KB   3888/5160 KB   3892/5160 KB   3896/5160 KB   3900/5160 KB   3904/5160 KB   3908/5160 KB   3912/5160 KB   3916/5160 KB   3920/5160 KB   3924/5160 KB   3928/5160 KB   3932/5160 KB   3936/5160 KB   3940/5160 KB   3944/5160 KB   3948/5160 KB   3952/5160 KB   3956/5160 KB   3960/5160 KB   3964/5160 KB   3968/5160 KB   3972/5160 KB   3976/5160 KB   3980/5160 KB   3984/5160 KB   3988/5160 KB   3992/5160 KB   3996/5160 KB   4000/5160 KB   4004/5160 KB   4008/5160 KB   4012/5160 KB   4016/5160 KB   4020/5160 KB   4024/5160 KB   4028/5160 KB   4032/5160 KB   4036/5160 KB   4040/5160 KB   4044/5160 KB   4048/5160 KB   4052/5160 KB   4056/5160 KB   4060/5160 KB   4064/5160 KB   4068/5160 KB   4072/5160 KB   4076/5160 KB   4080/5160 KB   4084/5160 KB   4088/5160 KB   4092/5160 KB   4096/5160 KB   4100/5160 KB   4104/5160 KB   4108/5160 KB   4112/5160 KB   4116/5160 KB   4120/5160 KB   4124/5160 KB   4128/5160 KB   4132/5160 KB   4136/5160 KB   4140/5160 KB   4144/5160 KB   4148/5160 KB   4152/5160 KB   4156/5160 KB   4160/5160 KB   4164/5160 KB   4168/5160 KB   4172/5160 KB   4176/5160 KB   4180/5160 KB   4184/5160 KB   4188/5160 KB   4192/5160 KB   4196/5160 KB   4200/5160 KB   4204/5160 KB   4208/5160 KB   4212/5160 KB   4216/5160 KB   4220/5160 KB   4224/5160 KB   4228/5160 KB   4232/5160 KB   4236/5160 KB   4240/5160 KB   4244/5160 KB   4248/5160 KB   4252/5160 KB   4256/5160 KB   4260/5160 KB   4264/5160 KB   4268/5160 KB   4272/5160 KB   4276/5160 KB   4280/5160 KB   4284/5160 KB   4288/5160 KB   4292/5160 KB   4296/5160 KB   4300/5160 KB   4304/5160 KB   4308/5160 KB   4312/5160 KB   4316/5160 KB   4320/5160 KB   4324/5160 KB   4328/5160 KB   4332/5160 KB   4336/5160 KB   4340/5160 KB   4344/5160 KB   4348/5160 KB   4352/5160 KB   4356/5160 KB   4360/5160 KB   4364/5160 KB   4368/5160 KB   4372/5160 KB   4376/5160 KB   4380/5160 KB   4384/5160 KB   4388/5160 KB   4392/5160 KB   4396/5160 KB   4400/5160 KB   4404/5160 KB   4408/5160 KB   4412/5160 KB   4416/5160 KB   4420/5160 KB   4424/5160 KB   4428/5160 KB   4432/5160 KB   4436/5160 KB   4440/5160 KB   4444/5160 KB   4448/5160 KB   4452/5160 KB   4456/5160 KB   4460/5160 KB   4464/5160 KB   4468/5160 KB   4472/5160 KB   4476/5160 KB   4480/5160 KB   4484/5160 KB   4488/5160 KB   4492/5160 KB   4496/5160 KB   4500/5160 KB   4504/5160 KB   4508/5160 KB   4512/5160 KB   4516/5160 KB   4520/5160 KB   4524/5160 KB   4528/5160 KB   4532/5160 KB   4536/5160 KB   4540/5160 KB   4544/5160 KB   4548/5160 KB   4552/5160 KB   4556/5160 KB   4560/5160 KB   4564/5160 KB   4568/5160 KB   4572/5160 KB   4576/5160 KB   4580/5160 KB   4584/5160 KB   4588/5160 KB   4592/5160 KB   4596/5160 KB   4600/5160 KB   4604/5160 KB   4608/5160 KB   4612/5160 KB   4616/5160 KB   4620/5160 KB   4624/5160 KB   4628/5160 KB   4632/5160 KB   4636/5160 KB   4640/5160 KB   4644/5160 KB   4648/5160 KB   4652/5160 KB   4656/5160 KB   4660/5160 KB   4664/5160 KB   4668/5160 KB   4672/5160 KB   4676/5160 KB   4680/5160 KB   4684/5160 KB   4688/5160 KB   4692/5160 KB   4696/5160 KB   4700/5160 KB   4704/5160 KB   4708/5160 KB   4712/5160 KB   4716/5160 KB   4720/5160 KB   4724/5160 KB   4728/5160 KB   4732/5160 KB   4736/5160 KB   4740/5160 KB   4744/5160 KB   4748/5160 KB   4752/5160 KB   4756/5160 KB   4760/5160 KB   4764/5160 KB   4768/5160 KB   4772/5160 KB   4776/5160 KB   4780/5160 KB   4784/5160 KB   4788/5160 KB   4792/5160 KB   4796/5160 KB   4800/5160 KB   4804/5160 KB   4808/5160 KB   4812/5160 KB   4816/5160 KB   4820/5160 KB   4824/5160 KB   4828/5160 KB   4832/5160 KB   4836/5160 KB   4840/5160 KB   4844/5160 KB   4848/5160 KB   4852/5160 KB   4856/5160 KB   4860/5160 KB   4864/5160 KB   4868/5160 KB   4872/5160 KB   4876/5160 KB   4880/5160 KB   4884/5160 KB   4888/5160 KB   4892/5160 KB   4896/5160 KB   4900/5160 KB   4904/5160 KB   4908/5160 KB   4912/5160 KB   4916/5160 KB   4920/5160 KB   4924/5160 KB   4928/5160 KB   4932/5160 KB   4936/5160 KB   4940/5160 KB   4944/5160 KB   4948/5160 KB   4952/5160 KB   4956/5160 KB   4960/5160 KB   4964/5160 KB   4968/5160 KB   4972/5160 KB   4976/5160 KB   4980/5160 KB   4984/5160 KB   4988/5160 KB   4992/5160 KB   4996/5160 KB   5000/5160 KB   5004/5160 KB   5008/5160 KB   5012/5160 KB   5016/5160 KB   5020/5160 KB   5024/5160 KB   5028/5160 KB   5032/5160 KB   5036/5160 KB   5040/5160 KB   5044/5160 KB   5048/5160 KB   5052/5160 KB   5056/5160 KB   5060/5160 KB   5064/5160 KB   5068/5160 KB   5072/5160 KB   5076/5160 KB   5080/5160 KB   5084/5160 KB   5088/5160 KB   5092/5160 KB   5096/5160 KB   5100/5160 KB   5104/5160 KB   5108/5160 KB   5112/5160 KB   5116/5160 KB   5120/5160 KB   5124/5160 KB   5128/5160 KB   5132/5160 KB   5136/5160 KB   5140/5160 KB   5144/5160 KB   5148/5160 KB   5152/5160 KB   5156/5160 KB   5160/5160 KB   5160/5160 KB                  Downloaded: http://repo.maven.apache.org/maven2/org/hibernate/hibernate-core/4.3.11.Final/hibernate-core-4.3.11.Final.jar (5160 KB at 12867.4 KB/sec)
[INFO] 
[INFO] --- maven-clean-plugin:2.5:clean (default-clean) @ spring-data-jpa ---
[INFO] 
[INFO] --- maven-dependency-plugin:2.10:list (default-cli) @ spring-data-jpa ---
[INFO] 
[INFO] The following files have been resolved:
[INFO]    antlr:antlr:jar:2.7.7:compile
[INFO]    aopalliance:aopalliance:jar:1.0:compile
[INFO]    ch.qos.logback:logback-classic:jar:1.1.3:test
[INFO]    ch.qos.logback:logback-core:jar:1.1.3:test
[INFO]    com.google.code.findbugs:annotations:jar:2.0.1:provided
[INFO]    com.google.code.findbugs:jsr305:jar:1.3.9:compile
[INFO]    com.google.guava:guava:jar:17.0:test
[INFO]    com.infradna.tool:bridge-method-annotation:jar:1.13:compile
[INFO]    com.mysema.codegen:codegen:jar:0.6.8:provided
[INFO]    com.mysema.commons:mysema-commons-lang:jar:0.2.4:compile
[INFO]    com.querydsl:querydsl-apt:jar:4.0.6:provided
[INFO]    com.querydsl:querydsl-codegen:jar:4.0.6:provided
[INFO]    com.querydsl:querydsl-core:jar:4.0.6:compile
[INFO]    com.querydsl:querydsl-jpa:jar:4.0.6:compile
[INFO]    commons-collections:commons-collections:jar:3.2.1:compile
[INFO]    commons-lang:commons-lang:jar:2.4:compile
[INFO]    commons-pool:commons-pool:jar:1.5.4:compile
[INFO]    dom4j:dom4j:jar:1.6.1:compile
[INFO]    javax.annotation:jsr250-api:jar:1.0:provided
[INFO]    javax.el:el-api:jar:1.0:test
[INFO]    javax.enterprise:cdi-api:jar:1.0:provided
[INFO]    javax.inject:javax.inject:jar:1:provided
[INFO]    javax.servlet:javax.servlet-api:jar:3.0.1:test
[INFO]    joda-time:joda-time:jar:2.8.2:compile
[INFO]    junit:junit:jar:4.12:test
[INFO]    net.sourceforge.serp:serp:jar:1.15.1:compile
[INFO]    org.apache.geronimo.specs:geronimo-atinject_1.0_spec:jar:1.0:test
[INFO]    org.apache.geronimo.specs:geronimo-jcdi_1.0_spec:jar:1.0:test
[INFO]    org.apache.geronimo.specs:geronimo-jms_1.1_spec:jar:1.1.1:compile
[INFO]    org.apache.geronimo.specs:geronimo-jpa_2.0_spec:jar:1.1:compile
[INFO]    org.apache.geronimo.specs:geronimo-jta_1.1_spec:jar:1.1.1:compile
[INFO]    org.apache.openjpa:openjpa-jdbc:jar:2.4.0:compile
[INFO]    org.apache.openjpa:openjpa-kernel:jar:2.4.0:compile
[INFO]    org.apache.openjpa:openjpa-lib:jar:2.4.0:compile
[INFO]    org.apache.openjpa:openjpa-persistence-jdbc:jar:2.4.0:compile
[INFO]    org.apache.openjpa:openjpa-persistence:jar:2.4.0:compile
[INFO]    org.apache.openwebbeans.test:cditest-owb:jar:1.2.8:test
[INFO]    org.apache.openwebbeans.test:cditest:jar:1.2.8:test
[INFO]    org.apache.openwebbeans:openwebbeans-impl:jar:1.2.8:test
[INFO]    org.apache.openwebbeans:openwebbeans-spi:jar:1.2.8:test
[INFO]    org.apache.xbean:xbean-asm5-shaded:jar:4.1:compile
[INFO]    org.apache.xbean:xbean-finder-shaded:jar:4.1:test
[INFO]    org.aspectj:aspectjrt:jar:1.8.6:compile
[INFO]    org.aspectj:aspectjweaver:jar:1.8.6:test
[INFO]    org.eclipse.jdt.core.compiler:ecj:jar:4.3.1:provided
[INFO]    org.eclipse.persistence:javax.persistence:jar:2.1.0:compile
[INFO]    org.eclipse.persistence:org.eclipse.persistence.antlr:jar:2.6.1:compile
[INFO]    org.eclipse.persistence:org.eclipse.persistence.asm:jar:2.6.1:compile
[INFO]    org.eclipse.persistence:org.eclipse.persistence.core:jar:2.6.1:compile
[INFO]    org.eclipse.persistence:org.eclipse.persistence.jpa.jpql:jar:2.6.1:compile
[INFO]    org.eclipse.persistence:org.eclipse.persistence.jpa:jar:2.6.1:compile
[INFO]    org.glassfish:javax.json:jar:1.0.4:compile
[INFO]    org.hamcrest:hamcrest-core:jar:1.3:test
[INFO]    org.hamcrest:hamcrest-library:jar:1.3:test
[INFO]    org.hibernate.common:hibernate-commons-annotations:jar:4.0.5.Final:compile
[INFO]    org.hibernate.javax.persistence:hibernate-jpa-2.1-api:jar:1.0.0.Final:compile
[INFO]    org.hibernate:hibernate-core:jar:4.3.11.Final:compile
[INFO]    org.hibernate:hibernate-entitymanager:jar:4.3.11.Final:compile
[INFO]    org.hsqldb:hsqldb:jar:2.2.8:test
[INFO]    org.javassist:javassist:jar:3.18.1-GA:compile
[INFO]    org.jboss.interceptor:jboss-interceptor-api:jar:1.1:provided
[INFO]    org.jboss.logging:jboss-logging-annotations:jar:1.2.0.Beta1:compile
[INFO]    org.jboss.logging:jboss-logging:jar:3.1.3.GA:compile
[INFO]    org.jboss.spec.javax.transaction:jboss-transaction-api_1.2_spec:jar:1.0.0.Final:compile
[INFO]    org.jboss:jandex:jar:1.1.0.Final:compile
[INFO]    org.mockito:mockito-core:jar:1.10.19:test
[INFO]    org.objenesis:objenesis:jar:2.1:test
[INFO]    org.reflections:reflections:jar:0.9.9:provided
[INFO]    org.slf4j:jcl-over-slf4j:jar:1.7.12:runtime
[INFO]    org.slf4j:slf4j-api:jar:1.7.12:compile
[INFO]    org.springframework.data:spring-data-commons:jar:1.12.0.DATACMNS-670-SNAPSHOT:compile
[INFO]    org.springframework:spring-aop:jar:4.1.8.RELEASE:compile
[INFO]    org.springframework:spring-aspects:jar:4.1.8.RELEASE:compile
[INFO]    org.springframework:spring-beans:jar:4.1.8.RELEASE:compile
[INFO]    org.springframework:spring-context:jar:4.1.8.RELEASE:compile
[INFO]    org.springframework:spring-core:jar:4.1.8.RELEASE:compile
[INFO]    org.springframework:spring-expression:jar:4.1.8.RELEASE:compile
[INFO]    org.springframework:spring-instrument:jar:4.1.8.RELEASE:provided
[INFO]    org.springframework:spring-jdbc:jar:4.1.8.RELEASE:compile
[INFO]    org.springframework:spring-orm:jar:4.1.8.RELEASE:compile
[INFO]    org.springframework:spring-test:jar:4.1.8.RELEASE:test
[INFO]    org.springframework:spring-tx:jar:4.1.8.RELEASE:compile
[INFO]    org.threeten:threetenbp:jar:1.3:compile
[INFO]    xml-apis:xml-apis:jar:1.0.b2:compile
[INFO] 
[INFO] 
[INFO] --- apt-maven-plugin:1.1.3:process (sources) @ spring-data-jpa ---
[INFO] 
[INFO] --- maven-resources-plugin:2.6:resources (default-resources) @ spring-data-jpa ---
[INFO] Using 'UTF-8' encoding to copy filtered resources.
[INFO] Copying 13 resources
[INFO] 
[INFO] --- maven-compiler-plugin:3.3:compile (default-compile) @ spring-data-jpa ---
[INFO] Changes detected - recompiling the module!
[INFO] Compiling 100 source files to /home/travis/build/spring-projects/spring-data-jpa/target/classes
[INFO] /home/travis/build/spring-projects/spring-data-jpa/src/main/java/org/springframework/data/jpa/provider/PersistenceProvider.java: /home/travis/build/spring-projects/spring-data-jpa/src/main/java/org/springframework/data/jpa/provider/PersistenceProvider.java uses or overrides a deprecated API.
[INFO] /home/travis/build/spring-projects/spring-data-jpa/src/main/java/org/springframework/data/jpa/provider/PersistenceProvider.java: Recompile with -Xlint:deprecation for details.
[INFO] 
[INFO] --- com.springsource.bundlor.maven:1.0.0.RELEASE:bundlor (bundlor) @ spring-data-jpa ---
Manifest written to '/home/travis/build/spring-projects/spring-data-jpa/target/classes/META-INF/MANIFEST.MF'
[INFO] 
[INFO] --- aspectj-maven-plugin:1.6:compile (default) @ spring-data-jpa ---
[INFO] 
[INFO] --- apt-maven-plugin:1.1.3:test-process (test-sources) @ spring-data-jpa ---
[INFO] 
[INFO] --- maven-resources-plugin:2.6:testResources (default-testResources) @ spring-data-jpa ---
[INFO] Using 'UTF-8' encoding to copy filtered resources.
[INFO] Copying 33 resources
[INFO] 
[INFO] --- maven-compiler-plugin:3.3:testCompile (default-testCompile) @ spring-data-jpa ---
[INFO] Changes detected - recompiling the module!
[INFO] Compiling 304 source files to /home/travis/build/spring-projects/spring-data-jpa/target/test-classes
[INFO] /home/travis/build/spring-projects/spring-data-jpa/src/test/java/org/springframework/data/jpa/repository/query/PartTreeJpaQueryIntegrationTests.java: Some input files use or override a deprecated API.
[INFO] /home/travis/build/spring-projects/spring-data-jpa/src/test/java/org/springframework/data/jpa/repository/query/PartTreeJpaQueryIntegrationTests.java: Recompile with -Xlint:deprecation for details.
[INFO] 
[INFO] --- maven-surefire-plugin:2.12:test (default-test) @ spring-data-jpa ---
[INFO] Surefire report directory: /home/travis/build/spring-projects/spring-data-jpa/target/surefire-reports

-------------------------------------------------------
 T E S T S
-------------------------------------------------------

Results :

Tests run: 0, Failures: 0, Errors: 0, Skipped: 0

[INFO] 
[INFO] --- maven-surefire-plugin:2.12:test (unit-tests) @ spring-data-jpa ---
[INFO] Surefire report directory: /home/travis/build/spring-projects/spring-data-jpa/target/surefire-reports

-------------------------------------------------------
 T E S T S
-------------------------------------------------------
Running org.springframework.data.jpa.repository.support.DefaultJpaContextUnitTests
Tests run: 2, Failures: 0, Errors: 0, Skipped: 0, Time elapsed: 0.11 sec
Running org.springframework.data.jpa.repository.support.JpaEntityInformationSupportUnitTests
Tests run: 2, Failures: 0, Errors: 0, Skipped: 0, Time elapsed: 0.319 sec
Running org.springframework.data.jpa.repository.support.EntityManagerBeanDefinitionRegistratPostProcessorUnitTests
Tests run: 1, Failures: 0, Errors: 0, Skipped: 0, Time elapsed: 0.463 sec
Running org.springframework.data.jpa.repository.support.JpaRepositoryFactoryBeanUnitTests
Tests run: 4, Failures: 0, Errors: 0, Skipped: 0, Time elapsed: 0.058 sec
Running org.springframework.data.jpa.repository.support.SimpleJpaRepositoryUnitTests
Tests run: 3, Failures: 0, Errors: 0, Skipped: 0, Time elapsed: 0.423 sec
Running org.springframework.data.jpa.repository.support.JpaRepositoryFactoryUnitTests
Tests run: 9, Failures: 0, Errors: 0, Skipped: 0, Time elapsed: 0.595 sec
Running org.springframework.data.jpa.repository.support.JpaPersistableEntityInformationUnitTests
Tests run: 1, Failures: 0, Errors: 0, Skipped: 0, Time elapsed: 0.022 sec
Running org.springframework.data.jpa.repository.support.EntityManagerFactoryRefUnitTests
Tests run: 1, Failures: 0, Errors: 0, Skipped: 0, Time elapsed: 0.791 sec
Running org.springframework.data.jpa.repository.support.JpaMetamodelEntityInformationUnitTests
Tests run: 1, Failures: 0, Errors: 0, Skipped: 0, Time elapsed: 0.041 sec
Running org.springframework.data.jpa.repository.support.CrudMethodMetadataPopulatingMethodInterceptorUnitTests
Tests run: 1, Failures: 0, Errors: 0, Skipped: 0, Time elapsed: 0.01 sec
Running org.springframework.data.jpa.repository.query.SimpleJpaQueryUnitTests
Tests run: 10, Failures: 0, Errors: 0, Skipped: 0, Time elapsed: 0.285 sec
Running org.springframework.data.jpa.repository.query.ParameterBinderUnitTests
Tests run: 15, Failures: 0, Errors: 0, Skipped: 0, Time elapsed: 0.034 sec
Running org.springframework.data.jpa.repository.query.JpaQueryExecutionUnitTests
Tests run: 8, Failures: 0, Errors: 0, Skipped: 0, Time elapsed: 0.123 sec
Running org.springframework.data.jpa.repository.query.JpaQueryLookupStrategyUnitTests
Tests run: 2, Failures: 0, Errors: 0, Skipped: 0, Time elapsed: 0.02 sec
Running org.springframework.data.jpa.repository.query.JpaParametersUnitTests
Tests run: 1, Failures: 0, Errors: 0, Skipped: 0, Time elapsed: 0.018 sec
Running org.springframework.data.jpa.repository.query.ExpressionBasedStringQueryUnitTests
Tests run: 2, Failures: 0, Errors: 0, Skipped: 0, Time elapsed: 0.02 sec
Running org.springframework.data.jpa.repository.query.StringQueryUnitTests
Tests run: 20, Failures: 0, Errors: 0, Skipped: 0, Time elapsed: 0.056 sec
Running org.springframework.data.jpa.repository.query.JpaQueryMethodUnitTests
Tests run: 27, Failures: 0, Errors: 0, Skipped: 0, Time elapsed: 0.121 sec
Running org.springframework.data.jpa.repository.query.Jpa21UtilsUnitTests
Tests run: 1, Failures: 0, Errors: 0, Skipped: 0, Time elapsed: 0.01 sec
Running org.springframework.data.jpa.repository.query.LikeBindingUnitTests
Tests run: 8, Failures: 0, Errors: 0, Skipped: 0, Time elapsed: 0.026 sec
Running org.springframework.data.jpa.repository.query.StoredProcedureAttributeSourceUnitTests
Tests run: 6, Failures: 0, Errors: 0, Skipped: 0, Time elapsed: 0.039 sec
Running org.springframework.data.jpa.repository.query.StoredProcedureAttributesUnitTests
Tests run: 1, Failures: 0, Errors: 0, Skipped: 0, Time elapsed: 0 sec
Running org.springframework.data.jpa.repository.query.QueryUtilsUnitTests
Tests run: 27, Failures: 0, Errors: 0, Skipped: 0, Time elapsed: 0.041 sec
Running org.springframework.data.jpa.repository.query.NamedQueryUnitTests
Tests run: 2, Failures: 0, Errors: 0, Skipped: 0, Time elapsed: 0.006 sec
Running org.springframework.data.jpa.repository.cdi.JpaRepositoryExtensionUnitTests
Tests run: 3, Failures: 0, Errors: 0, Skipped: 0, Time elapsed: 0.031 sec
Running org.springframework.data.jpa.repository.config.JpaRepositoryConfigExtensionUnitTests
Tests run: 4, Failures: 0, Errors: 0, Skipped: 0, Time elapsed: 0.06 sec
Running org.springframework.data.jpa.repository.config.JpaAuditingRegistrarUnitTests
Tests run: 2, Failures: 0, Errors: 0, Skipped: 0, Time elapsed: 0.021 sec
Running org.springframework.data.jpa.repository.config.JpaRepositoriesRegistrarUnitTests
Tests run: 1, Failures: 0, Errors: 0, Skipped: 0, Time elapsed: 0.329 sec
Running org.springframework.data.jpa.repository.CrudMethodMetadataUnitTests
Tests run: 3, Failures: 0, Errors: 0, Skipped: 0, Time elapsed: 0.569 sec
Running org.springframework.data.jpa.support.MergingPersistenceUnitManagerUnitTests
Tests run: 5, Failures: 0, Errors: 0, Skipped: 0, Time elapsed: 0.063 sec
Running org.springframework.data.jpa.support.ClasspathScanningPersistenceUnitPostProcessorUnitTests
Tests run: 8, Failures: 0, Errors: 0, Skipped: 0, Time elapsed: 0.052 sec
Running org.springframework.data.jpa.domain.support.AuditingNamespaceUnitTests
Tests run: 5, Failures: 0, Errors: 0, Skipped: 0, Time elapsed: 1.511 sec
Running org.springframework.data.jpa.domain.support.AuditingBeanFactoryPostProcessorUnitTests
Tests run: 4, Failures: 0, Errors: 0, Skipped: 0, Time elapsed: 0.478 sec
Running org.springframework.data.jpa.domain.support.AnnotationAuditingBeanFactoryPostProcessorUnitTests
Tests run: 4, Failures: 0, Errors: 0, Skipped: 0, Time elapsed: 0.141 sec
Running org.springframework.data.jpa.domain.SpecificationsUnitTests
Tests run: 8, Failures: 0, Errors: 0, Skipped: 0, Time elapsed: 0.423 sec
Running org.springframework.data.jpa.mapping.JpaPersistentPropertyImplUnitTests
Tests run: 13, Failures: 0, Errors: 0, Skipped: 0, Time elapsed: 0.399 sec
Running org.springframework.data.jpa.mapping.JpaMetamodelMappingContextUnitTests
Tests run: 1, Failures: 0, Errors: 0, Skipped: 0, Time elapsed: 0.033 sec
Running org.springframework.data.jpa.provider.PersistenceProviderUnitTests
Tests run: 5, Failures: 0, Errors: 0, Skipped: 0, Time elapsed: 0.383 sec

Results :

Tests run: 221, Failures: 0, Errors: 0, Skipped: 0

[INFO] 
[INFO] --- maven-surefire-plugin:2.12:test (integration-tests) @ spring-data-jpa ---
[INFO] Surefire report directory: /home/travis/build/spring-projects/spring-data-jpa/target/surefire-reports

-------------------------------------------------------
 T E S T S
-------------------------------------------------------
Running org.springframework.data.jpa.repository.support.EntityManagerBeanDefinitionRegistrarPostProcessorIntegrationTests
Tests run: 1, Failures: 0, Errors: 0, Skipped: 0, Time elapsed: 9.767 sec
Running org.springframework.data.jpa.repository.support.TransactionalRepositoryTests
Tests run: 5, Failures: 0, Errors: 0, Skipped: 0, Time elapsed: 5.999 sec
Running org.springframework.data.jpa.repository.support.JpaMetamodelEntityInformationIntegrationTests
Tests run: 15, Failures: 0, Errors: 0, Skipped: 2, Time elapsed: 4.083 sec
Running org.springframework.data.jpa.repository.support.QueryDslJpaRepositoryTests
Tests run: 18, Failures: 0, Errors: 0, Skipped: 0, Time elapsed: 1.183 sec
Running org.springframework.data.jpa.repository.support.MailMessageRepositoryIntegrationTests
Tests run: 4, Failures: 0, Errors: 0, Skipped: 0, Time elapsed: 4.445 sec
Running org.springframework.data.jpa.repository.support.JavaConfigDefaultTransactionDisablingIntegrationTests
Tests run: 3, Failures: 0, Errors: 0, Skipped: 0, Time elapsed: 5.544 sec
Running org.springframework.data.jpa.repository.support.XmlConfigDefaultTransactionDisablingIntegrationTests
Tests run: 3, Failures: 0, Errors: 0, Skipped: 0, Time elapsed: 3.196 sec
Running org.springframework.data.jpa.repository.support.QueryDslRepositorySupportTests
Tests run: 4, Failures: 0, Errors: 0, Skipped: 0, Time elapsed: 0.157 sec
Running org.springframework.data.jpa.repository.support.QueryDslRepositorySupportIntegrationTests
Tests run: 2, Failures: 0, Errors: 0, Skipped: 0, Time elapsed: 1.167 sec
Running org.springframework.data.jpa.repository.support.JpaRepositoryTests
Tests run: 4, Failures: 0, Errors: 0, Skipped: 0, Time elapsed: 0.204 sec
Running org.springframework.data.jpa.repository.support.QuerydslIntegrationTests
Tests run: 2, Failures: 0, Errors: 0, Skipped: 0, Time elapsed: 0.026 sec
Running org.springframework.data.jpa.repository.support.EntityManagerFactoryRefTests
Tests run: 2, Failures: 0, Errors: 0, Skipped: 0, Time elapsed: 4.204 sec
Running org.springframework.data.jpa.repository.support.DefaultJpaContextIntegrationTests
Tests run: 3, Failures: 0, Errors: 0, Skipped: 0, Time elapsed: 1.339 sec
Running org.springframework.data.jpa.repository.query.PartTreeJpaQueryIntegrationTests
Tests run: 4, Failures: 0, Errors: 0, Skipped: 0, Time elapsed: 0.123 sec
Running org.springframework.data.jpa.repository.query.ParameterExpressionProviderTests
Tests run: 1, Failures: 0, Errors: 0, Skipped: 0, Time elapsed: 0.035 sec
Running org.springframework.data.jpa.repository.query.QueryUtilsIntegrationTests
Tests run: 6, Failures: 0, Errors: 0, Skipped: 0, Time elapsed: 1.356 sec
Running org.springframework.data.jpa.repository.query.ParameterMetadataProviderIntegrationTests
Tests run: 3, Failures: 0, Errors: 0, Skipped: 0, Time elapsed: 0.05 sec
Running org.springframework.data.jpa.repository.query.AbstractJpaQueryTests
Tests run: 5, Failures: 0, Errors: 0, Skipped: 0, Time elapsed: 0.276 sec
Running org.springframework.data.jpa.repository.cdi.CdiExtensionIntegrationTests
Nov 16, 2015 5:37:20 PM org.apache.webbeans.lifecycle.AbstractLifeCycle bootstrapApplication
INFO: OpenWebBeans Container is starting...
Nov 16, 2015 5:37:20 PM org.apache.webbeans.corespi.scanner.AbstractMetaDataDiscovery addWebBeansXmlLocation
INFO: added beans.xml marker: file:/home/travis/build/spring-projects/spring-data-jpa/target/test-classes/META-INF/beans.xml
Nov 16, 2015 5:37:23 PM org.apache.webbeans.config.BeansDeployer validateInjectionPoints
INFO: All injection points were validated successfully.
Nov 16, 2015 5:37:24 PM org.apache.webbeans.lifecycle.AbstractLifeCycle bootstrapApplication
INFO: OpenWebBeans Container has started, it took [3982] ms.
Tests run: 4, Failures: 0, Errors: 0, Skipped: 0, Time elapsed: 4.494 sec
Running org.springframework.data.jpa.repository.StoredProcedureIntegrationTests
Tests run: 12, Failures: 0, Errors: 0, Skipped: 4, Time elapsed: 3.372 sec
Running org.springframework.data.jpa.repository.UserRepositoryFinderTests
Tests run: 12, Failures: 0, Errors: 0, Skipped: 0, Time elapsed: 2.836 sec
Running org.springframework.data.jpa.repository.RoleRepositoryIntegrationTests
Tests run: 5, Failures: 0, Errors: 0, Skipped: 0, Time elapsed: 2.846 sec
Running org.springframework.data.jpa.repository.config.JpaRepositoryConfigDefinitionParserTests
Tests run: 1, Failures: 0, Errors: 0, Skipped: 0, Time elapsed: 0.562 sec
Running org.springframework.data.jpa.repository.config.JpaRepositoriesRegistrarIntegrationTests
Tests run: 2, Failures: 0, Errors: 0, Skipped: 0, Time elapsed: 1.951 sec
Running org.springframework.data.jpa.repository.config.RepositoryConfigTests
Tests run: 3, Failures: 0, Errors: 0, Skipped: 0, Time elapsed: 0.02 sec
Running org.springframework.data.jpa.repository.config.ExplicitAuditingViaJavaConfigRepositoriesTests
Tests run: 2, Failures: 0, Errors: 0, Skipped: 0, Time elapsed: 2.314 sec
Running org.springframework.data.jpa.repository.config.RepositoriesJavaConfigTests
Tests run: 1, Failures: 0, Errors: 0, Skipped: 0, Time elapsed: 1.979 sec
Running org.springframework.data.jpa.repository.config.AuditingBeanDefinitionParserTests
Tests run: 4, Failures: 0, Errors: 0, Skipped: 0, Time elapsed: 0.468 sec
Running org.springframework.data.jpa.repository.config.NestedRepositoriesJavaConfigTests
Tests run: 1, Failures: 0, Errors: 0, Skipped: 0, Time elapsed: 4.06 sec
Running org.springframework.data.jpa.repository.config.DefaultAuditingViaJavaConfigRepositoriesTests
Tests run: 2, Failures: 0, Errors: 0, Skipped: 0, Time elapsed: 1.854 sec
Running org.springframework.data.jpa.repository.config.AllowNestedRepositoriesRepositoryConfigTests
Tests run: 4, Failures: 0, Errors: 0, Skipped: 0, Time elapsed: 2.574 sec
Running org.springframework.data.jpa.repository.config.CustomRepositoryFactoryConfigTests
Tests run: 3, Failures: 0, Errors: 0, Skipped: 0, Time elapsed: 0.945 sec
Running org.springframework.data.jpa.repository.config.RepositoryAutoConfigTests
Tests run: 3, Failures: 0, Errors: 0, Skipped: 0, Time elapsed: 1.167 sec
Running org.springframework.data.jpa.repository.config.QueryLookupStrategyTests
Tests run: 1, Failures: 0, Errors: 0, Skipped: 0, Time elapsed: 1.474 sec
Running org.springframework.data.jpa.repository.config.TypeFilterConfigTests
Tests run: 3, Failures: 0, Errors: 0, Skipped: 0, Time elapsed: 1.279 sec
Running org.springframework.data.jpa.repository.CustomAbstractPersistableIntegrationTests
Tests run: 1, Failures: 0, Errors: 0, Skipped: 0, Time elapsed: 0.019 sec
Running org.springframework.data.jpa.repository.JavaConfigUserRepositoryTests
Tests run: 134, Failures: 0, Errors: 0, Skipped: 2, Time elapsed: 7.175 sec
Running org.springframework.data.jpa.repository.UserRepositoryTests
Tests run: 133, Failures: 0, Errors: 0, Skipped: 2, Time elapsed: 3.03 sec
Running org.springframework.data.jpa.repository.EntityGraphRepositoryMethodsIntegrationTests
Tests run: 4, Failures: 0, Errors: 0, Skipped: 0, Time elapsed: 0.116 sec
Running org.springframework.data.jpa.repository.UserRepositoryStoredProcedureTests
Tests run: 5, Failures: 0, Errors: 0, Skipped: 2, Time elapsed: 0.034 sec
Running org.springframework.data.jpa.repository.ParentRepositoryIntegrationTests
Tests run: 2, Failures: 0, Errors: 0, Skipped: 0, Time elapsed: 0.096 sec
Running org.springframework.data.jpa.repository.RepositoryWithCompositeKeyTests
Tests run: 8, Failures: 0, Errors: 0, Skipped: 0, Time elapsed: 0.2 sec
Running org.springframework.data.jpa.repository.NamespaceUserRepositoryTests
Tests run: 134, Failures: 0, Errors: 0, Skipped: 2, Time elapsed: 2.656 sec
Running org.springframework.data.jpa.repository.AbstractPersistableIntegrationTests
Tests run: 1, Failures: 0, Errors: 0, Skipped: 0, Time elapsed: 0.008 sec
Running org.springframework.data.jpa.repository.SPR8954Tests
Tests run: 1, Failures: 0, Errors: 0, Skipped: 0, Time elapsed: 0.011 sec
Running org.springframework.data.jpa.repository.RedeclaringRepositoryMethodsTests
Tests run: 2, Failures: 0, Errors: 0, Skipped: 0, Time elapsed: 0.04 sec
Running org.springframework.data.jpa.repository.ORMInfrastructureTests
Tests run: 1, Failures: 0, Errors: 0, Skipped: 0, Time elapsed: 0.003 sec
Running org.springframework.data.jpa.repository.MappedTypeRepositoryIntegrationTests
Tests run: 2, Failures: 0, Errors: 0, Skipped: 0, Time elapsed: 0.093 sec
Running org.springframework.data.jpa.repository.SimpleJpaParameterBindingTests
Tests run: 2, Failures: 0, Errors: 0, Skipped: 1, Time elapsed: 0.013 sec
Running org.springframework.data.jpa.domain.support.AuditingEntityListenerTests
Tests run: 4, Failures: 0, Errors: 0, Skipped: 0, Time elapsed: 1.932 sec
Running org.springframework.data.jpa.domain.JpaSortTests
Tests run: 17, Failures: 0, Errors: 0, Skipped: 0, Time elapsed: 0.009 sec
Running org.springframework.data.jpa.infrastructure.HibernateMetamodelIntegrationTests
Tests run: 3, Failures: 0, Errors: 0, Skipped: 2, Time elapsed: 0.009 sec
Running org.springframework.data.jpa.convert.threetenbp.ThreeTenBackPortJpaConvertersIntegrationTests
Tests run: 1, Failures: 0, Errors: 0, Skipped: 0, Time elapsed: 0.635 sec
Running org.springframework.data.jpa.convert.threeten.Jsr310JpaConvertersIntegrationTests
Tests run: 1, Failures: 0, Errors: 0, Skipped: 0, Time elapsed: 0.794 sec
Running org.springframework.data.jpa.mapping.JpaMetamodelMappingContextIntegrationTests
Tests run: 6, Failures: 0, Errors: 0, Skipped: 0, Time elapsed: 0.624 sec
Running org.springframework.data.jpa.provider.PersistenceProviderIntegrationTests
Tests run: 1, Failures: 0, Errors: 0, Skipped: 0, Time elapsed: 0.714 sec

Results :

Tests run: 611, Failures: 0, Errors: 0, Skipped: 17

[INFO] 
[INFO] --- maven-surefire-plugin:2.12:test (eclipselink-tests) @ spring-data-jpa ---
[INFO] Surefire report directory: /home/travis/build/spring-projects/spring-data-jpa/target/surefire-reports

-------------------------------------------------------
 T E S T S
-------------------------------------------------------
Running org.springframework.data.jpa.repository.support.EclipseLinkJpaMetamodelEntityInformationIntegrationTests
Tests run: 16, Failures: 0, Errors: 0, Skipped: 1, Time elapsed: 4.235 sec
Running org.springframework.data.jpa.repository.support.EclipseLinkJpaRepositoryTests
Tests run: 4, Failures: 0, Errors: 0, Skipped: 0, Time elapsed: 0.856 sec
Running org.springframework.data.jpa.repository.support.EclipseLinkProxyIdAccessorTests
Tests run: 1, Failures: 0, Errors: 0, Skipped: 0, Time elapsed: 2.177 sec
Running org.springframework.data.jpa.repository.query.EclipseLinkParameterMetadataProviderIntegrationTests
Tests run: 3, Failures: 0, Errors: 0, Skipped: 0, Time elapsed: 0.072 sec
Running org.springframework.data.jpa.repository.query.EclipseLinkQueryUtilsIntegrationTests
Tests run: 6, Failures: 0, Errors: 0, Skipped: 0, Time elapsed: 3.885 sec
Running org.springframework.data.jpa.repository.EclipseLinkEntityGraphRepositoryMethodsIntegrationTests
Tests run: 4, Failures: 0, Errors: 0, Skipped: 0, Time elapsed: 4.435 sec
Running org.springframework.data.jpa.repository.EclipseLinkParentRepositoryIntegrationTests
Tests run: 2, Failures: 0, Errors: 0, Skipped: 0, Time elapsed: 1.692 sec
Running org.springframework.data.jpa.repository.EclipseLinkNamespaceUserRepositoryTests
Tests run: 134, Failures: 0, Errors: 0, Skipped: 2, Time elapsed: 6.933 sec
Running org.springframework.data.jpa.repository.EclipseLinkUserRepositoryFinderTests
Tests run: 12, Failures: 0, Errors: 0, Skipped: 0, Time elapsed: 0.218 sec
Running org.springframework.data.jpa.repository.EclipseLinkStoredProcedureIntegrationTests
Tests run: 12, Failures: 0, Errors: 0, Skipped: 4, Time elapsed: 1.399 sec
Running org.springframework.data.jpa.infrastructure.EclipseLinkMetamodelIntegrationTests
Tests run: 3, Failures: 0, Errors: 0, Skipped: 2, Time elapsed: 0.031 sec
<clinit> failure initializing JDK logging system.  Continuing without Application logging.
java.lang.NullPointerException
	at org.hsqldb.lib.FrameworkLogger.isDefaultJdkConfig(Unknown Source)
	at org.hsqldb.lib.FrameworkLogger.reconfigure(Unknown Source)
	at org.hsqldb.lib.FrameworkLogger.<clinit>(Unknown Source)
	at org.hsqldb.Database.close(Unknown Source)
	at org.hsqldb.StatementCommand.getResult(Unknown Source)
	at org.hsqldb.StatementCommand.execute(Unknown Source)
	at org.hsqldb.Session.executeCompiledStatement(Unknown Source)
	at org.hsqldb.Session.executeDirectStatement(Unknown Source)
	at org.hsqldb.Session.execute(Unknown Source)
	at org.hsqldb.jdbc.JDBCStatement.fetchResult(Unknown Source)
	at org.hsqldb.jdbc.JDBCStatement.execute(Unknown Source)
	at org.springframework.jdbc.datasource.embedded.AbstractEmbeddedDatabaseConfigurer.shutdown(AbstractEmbeddedDatabaseConfigurer.java:43)
	at org.springframework.jdbc.datasource.embedded.EmbeddedDatabaseFactory.shutdownDatabase(EmbeddedDatabaseFactory.java:177)
	at org.springframework.jdbc.datasource.embedded.EmbeddedDatabaseFactoryBean.destroy(EmbeddedDatabaseFactoryBean.java:87)
	at org.springframework.beans.factory.support.DisposableBeanAdapter.destroy(DisposableBeanAdapter.java:258)
	at org.springframework.beans.factory.support.DefaultSingletonBeanRegistry.destroyBean(DefaultSingletonBeanRegistry.java:578)
	at org.springframework.beans.factory.support.DefaultSingletonBeanRegistry.destroySingleton(DefaultSingletonBeanRegistry.java:554)
	at org.springframework.beans.factory.support.DefaultListableBeanFactory.destroySingleton(DefaultListableBeanFactory.java:900)
	at org.springframework.beans.factory.support.DefaultSingletonBeanRegistry.destroySingletons(DefaultSingletonBeanRegistry.java:523)
	at org.springframework.beans.factory.support.DefaultListableBeanFactory.destroySingletons(DefaultListableBeanFactory.java:907)
	at org.springframework.context.support.AbstractApplicationContext.destroyBeans(AbstractApplicationContext.java:912)
	at org.springframework.context.support.AbstractApplicationContext.doClose(AbstractApplicationContext.java:888)
	at org.springframework.context.support.AbstractApplicationContext$1.run(AbstractApplicationContext.java:807)

Results :

Tests run: 197, Failures: 0, Errors: 0, Skipped: 9

[INFO] 
[INFO] --- maven-surefire-plugin:2.12:test (openjpa-tests) @ spring-data-jpa ---
[INFO] Surefire report directory: /home/travis/build/spring-projects/spring-data-jpa/target/surefire-reports

-------------------------------------------------------
 T E S T S
-------------------------------------------------------
Running org.springframework.data.jpa.repository.support.OpenJpaMetamodelEntityInformationIntegrationTests
Failed to instantiate [ch.qos.logback.classic.LoggerContext]
Reported exception:
java.lang.LinkageError: loader constraint violation: when resolving method "javax.xml.parsers.SAXParser.parse(Lorg/xml/sax/InputSource;Lorg/xml/sax/helpers/DefaultHandler;)V" the class loader (instance of org/apache/openjpa/lib/util/TemporaryClassLoader) of the current class, ch/qos/logback/core/joran/event/SaxEventRecorder, and the class loader (instance of <bootloader>) for the method's defining class, javax/xml/parsers/SAXParser, have different Class objects for the type org/xml/sax/InputSource used in the signature
	at ch.qos.logback.core.joran.event.SaxEventRecorder.recordEvents(SaxEventRecorder.java:61)
	at ch.qos.logback.core.joran.GenericConfigurator.doConfigure(GenericConfigurator.java:134)
	at ch.qos.logback.core.joran.GenericConfigurator.doConfigure(GenericConfigurator.java:99)
	at ch.qos.logback.core.joran.GenericConfigurator.doConfigure(GenericConfigurator.java:49)
	at ch.qos.logback.classic.util.ContextInitializer.configureByResource(ContextInitializer.java:77)
	at ch.qos.logback.classic.util.ContextInitializer.autoConfig(ContextInitializer.java:152)
	at org.slf4j.impl.StaticLoggerBinder.init(StaticLoggerBinder.java:85)
	at org.slf4j.impl.StaticLoggerBinder.<clinit>(StaticLoggerBinder.java:55)
	at org.slf4j.LoggerFactory.bind(LoggerFactory.java:141)
	at org.slf4j.LoggerFactory.performInitialization(LoggerFactory.java:120)
	at org.slf4j.LoggerFactory.getILoggerFactory(LoggerFactory.java:331)
	at org.slf4j.LoggerFactory.getLogger(LoggerFactory.java:283)
	at org.apache.commons.logging.impl.SLF4JLogFactory.getInstance(SLF4JLogFactory.java:155)
	at org.apache.commons.logging.impl.SLF4JLogFactory.getInstance(SLF4JLogFactory.java:132)
	at org.apache.commons.logging.LogFactory.getLog(LogFactory.java:273)
	at org.springframework.beans.factory.wiring.BeanConfigurerSupport.<init>(BeanConfigurerSupport.java:52)
	at org.springframework.beans.factory.aspectj.AnnotationBeanConfigurerAspect.<init>(AnnotationBeanConfigurerAspect.aj:50)
	at org.springframework.beans.factory.aspectj.AnnotationBeanConfigurerAspect.ajc$postClinit(AnnotationBeanConfigurerAspect.aj:1)
	at org.springframework.beans.factory.aspectj.AnnotationBeanConfigurerAspect.<clinit>(AnnotationBeanConfigurerAspect.aj:47)
	at org.springframework.data.jpa.domain.support.AuditingEntityListener.<init>(AuditingEntityListener.java:59)
	at sun.reflect.NativeConstructorAccessorImpl.newInstance0(Native Method)
	at sun.reflect.NativeConstructorAccessorImpl.newInstance(NativeConstructorAccessorImpl.java:62)
	at sun.reflect.DelegatingConstructorAccessorImpl.newInstance(DelegatingConstructorAccessorImpl.java:45)
	at java.lang.reflect.Constructor.newInstance(Constructor.java:408)
	at java.lang.Class.newInstance(Class.java:438)
	at org.apache.openjpa.lib.util.J2DoPrivHelper$11.run(J2DoPrivHelper.java:373)
	at java.security.AccessController.doPrivileged(Native Method)
	at org.apache.openjpa.event.BeanLifecycleCallbacks.newListener(BeanLifecycleCallbacks.java:66)
	at org.apache.openjpa.event.BeanLifecycleCallbacks.<init>(BeanLifecycleCallbacks.java:61)
	at org.apache.openjpa.persistence.AnnotationPersistenceMetaDataParser.parseCallbackMethods(AnnotationPersistenceMetaDataParser.java:1003)
	at org.apache.openjpa.persistence.XMLPersistenceMetaDataParser.startEntityListener(XMLPersistenceMetaDataParser.java:2058)
	at org.apache.openjpa.persistence.XMLPersistenceMetaDataParser.startSystemElement(XMLPersistenceMetaDataParser.java:654)
	at org.apache.openjpa.lib.meta.CFMetaDataParser.startElement(CFMetaDataParser.java:128)
	at org.apache.openjpa.lib.meta.XMLMetaDataParser.startElement(XMLMetaDataParser.java:498)
	at com.sun.org.apache.xerces.internal.parsers.AbstractSAXParser.startElement(AbstractSAXParser.java:509)
	at com.sun.org.apache.xerces.internal.parsers.AbstractXMLDocumentParser.emptyElement(AbstractXMLDocumentParser.java:182)
	at com.sun.org.apache.xerces.internal.impl.xs.XMLSchemaValidator.emptyElement(XMLSchemaValidator.java:780)
	at com.sun.org.apache.xerces.internal.impl.XMLNSDocumentScannerImpl.scanStartElement(XMLNSDocumentScannerImpl.java:356)
	at com.sun.org.apache.xerces.internal.impl.XMLDocumentFragmentScannerImpl$FragmentContentDriver.next(XMLDocumentFragmentScannerImpl.java:2786)
	at com.sun.org.apache.xerces.internal.impl.XMLDocumentScannerImpl.next(XMLDocumentScannerImpl.java:606)
	at com.sun.org.apache.xerces.internal.impl.XMLNSDocumentScannerImpl.next(XMLNSDocumentScannerImpl.java:117)
	at com.sun.org.apache.xerces.internal.impl.XMLDocumentFragmentScannerImpl.scanDocument(XMLDocumentFragmentScannerImpl.java:510)
	at com.sun.org.apache.xerces.internal.parsers.XML11Configuration.parse(XML11Configuration.java:848)
	at com.sun.org.apache.xerces.internal.parsers.XML11Configuration.parse(XML11Configuration.java:777)
	at com.sun.org.apache.xerces.internal.parsers.XMLParser.parse(XMLParser.java:141)
	at com.sun.org.apache.xerces.internal.parsers.AbstractSAXParser.parse(AbstractSAXParser.java:1213)
	at com.sun.org.apache.xerces.internal.jaxp.SAXParserImpl$JAXPSAXParser.parse(SAXParserImpl.java:649)
	at com.sun.org.apache.xerces.internal.jaxp.SAXParserImpl.parse(SAXParserImpl.java:333)
	at org.apache.openjpa.lib.meta.XMLMetaDataParser.parseNewResource(XMLMetaDataParser.java:423)
	at org.apache.openjpa.lib.meta.XMLMetaDataParser.parse(XMLMetaDataParser.java:346)
	at org.apache.openjpa.lib.meta.XMLMetaDataParser.parse(XMLMetaDataParser.java:323)
	at org.apache.openjpa.lib.meta.XMLMetaDataParser.parse(XMLMetaDataParser.java:296)
	at org.apache.openjpa.persistence.XMLPersistenceMetaDataParser.parse(XMLPersistenceMetaDataParser.java:406)
	at org.apache.openjpa.persistence.PersistenceMetaDataFactory.parseXML(PersistenceMetaDataFactory.java:292)
	at org.apache.openjpa.persistence.PersistenceMetaDataFactory.load(PersistenceMetaDataFactory.java:227)
	at org.apache.openjpa.meta.MetaDataRepository.getMetaDataInternal(MetaDataRepository.java:587)
	at org.apache.openjpa.meta.MetaDataRepository.getMetaDataInternal(MetaDataRepository.java:397)
	at org.apache.openjpa.meta.MetaDataRepository.getMetaData(MetaDataRepository.java:389)
	at org.apache.openjpa.enhance.PCEnhancer.<init>(PCEnhancer.java:286)
	at org.apache.openjpa.enhance.PCEnhancer.<init>(PCEnhancer.java:257)
	at org.apache.openjpa.enhance.PCClassFileTransformer.transform0(PCClassFileTransformer.java:150)
	at org.apache.openjpa.enhance.PCClassFileTransformer.transform(PCClassFileTransformer.java:127)
	at sun.instrument.TransformerManager.transform(TransformerManager.java:188)
	at sun.instrument.InstrumentationImpl.transform(InstrumentationImpl.java:428)
	at java.lang.ClassLoader.defineClass1(Native Method)
	at java.lang.ClassLoader.defineClass(ClassLoader.java:760)
	at java.security.SecureClassLoader.defineClass(SecureClassLoader.java:142)
	at java.net.URLClassLoader.defineClass(URLClassLoader.java:455)
	at java.net.URLClassLoader.access$100(URLClassLoader.java:73)
	at java.net.URLClassLoader$1.run(URLClassLoader.java:367)
	at java.net.URLClassLoader$1.run(URLClassLoader.java:361)
	at java.security.AccessController.doPrivileged(Native Method)
	at java.net.URLClassLoader.findClass(URLClassLoader.java:360)
	at java.lang.ClassLoader.loadClass(ClassLoader.java:424)
	at sun.misc.Launcher$AppClassLoader.loadClass(Launcher.java:308)
	at java.lang.ClassLoader.loadClass(ClassLoader.java:357)
	at org.springframework.data.jpa.repository.support.JpaMetamodelEntityInformationIntegrationTests.detectsIdTypeForMappedSuperclass(JpaMetamodelEntityInformationIntegrationTests.java:88)
	at org.springframework.data.jpa.repository.support.OpenJpaMetamodelEntityInformationIntegrationTests.reactivatedDetectsIdTypeForMappedSuperclass(OpenJpaMetamodelEntityInformationIntegrationTests.java:35)
	at sun.reflect.NativeMethodAccessorImpl.invoke0(Native Method)
	at sun.reflect.NativeMethodAccessorImpl.invoke(NativeMethodAccessorImpl.java:62)
	at sun.reflect.DelegatingMethodAccessorImpl.invoke(DelegatingMethodAccessorImpl.java:43)
	at java.lang.reflect.Method.invoke(Method.java:483)
	at org.junit.runners.model.FrameworkMethod$1.runReflectiveCall(FrameworkMethod.java:50)
	at org.junit.internal.runners.model.ReflectiveCallable.run(ReflectiveCallable.java:12)
	at org.junit.runners.model.FrameworkMethod.invokeExplosively(FrameworkMethod.java:47)
	at org.junit.internal.runners.statements.InvokeMethod.evaluate(InvokeMethod.java:17)
	at org.springframework.test.context.junit4.statements.RunBeforeTestMethodCallbacks.evaluate(RunBeforeTestMethodCallbacks.java:75)
	at org.springframework.test.context.junit4.statements.RunAfterTestMethodCallbacks.evaluate(RunAfterTestMethodCallbacks.java:86)
	at org.springframework.test.context.junit4.statements.SpringRepeat.evaluate(SpringRepeat.java:70)
	at org.junit.runners.ParentRunner.runLeaf(ParentRunner.java:325)
	at org.springframework.test.context.junit4.SpringJUnit4ClassRunner.runChild(SpringJUnit4ClassRunner.java:224)
	at org.springframework.test.context.junit4.SpringJUnit4ClassRunner.runChild(SpringJUnit4ClassRunner.java:83)
	at org.junit.runners.ParentRunner$3.run(ParentRunner.java:290)
	at org.junit.runners.ParentRunner$1.schedule(ParentRunner.java:71)
	at org.junit.runners.ParentRunner.runChildren(ParentRunner.java:288)
	at org.junit.runners.ParentRunner.access$000(ParentRunner.java:58)
	at org.junit.runners.ParentRunner$2.evaluate(ParentRunner.java:268)
	at org.springframework.test.context.junit4.statements.RunBeforeTestClassCallbacks.evaluate(RunBeforeTestClassCallbacks.java:61)
	at org.springframework.test.context.junit4.statements.RunAfterTestClassCallbacks.evaluate(RunAfterTestClassCallbacks.java:70)
	at org.junit.runners.ParentRunner.run(ParentRunner.java:363)
	at org.springframework.test.context.junit4.SpringJUnit4ClassRunner.run(SpringJUnit4ClassRunner.java:163)
	at org.apache.maven.surefire.junit4.JUnit4Provider.execute(JUnit4Provider.java:236)
	at org.apache.maven.surefire.junit4.JUnit4Provider.executeTestSet(JUnit4Provider.java:134)
	at org.apache.maven.surefire.junit4.JUnit4Provider.invoke(JUnit4Provider.java:113)
	at sun.reflect.NativeMethodAccessorImpl.invoke0(Native Method)
	at sun.reflect.NativeMethodAccessorImpl.invoke(NativeMethodAccessorImpl.java:62)
	at sun.reflect.DelegatingMethodAccessorImpl.invoke(DelegatingMethodAccessorImpl.java:43)
	at java.lang.reflect.Method.invoke(Method.java:483)
	at org.apache.maven.surefire.util.ReflectionUtils.invokeMethodWithArray(ReflectionUtils.java:189)
	at org.apache.maven.surefire.booter.ProviderFactory$ProviderProxy.invoke(ProviderFactory.java:165)
	at org.apache.maven.surefire.booter.ProviderFactory.invokeProvider(ProviderFactory.java:85)
	at org.apache.maven.surefire.booter.ForkedBooter.runSuitesInProcess(ForkedBooter.java:103)
	at org.apache.maven.surefire.booter.ForkedBooter.main(ForkedBooter.java:74)
4208  spring-data-jpa  WARN   [main] openjpa.Runtime - Found no persistent property in "org.springframework.data.jpa.domain.sample.CustomAbstractPersistable"
4491  spring-data-jpa  WARN   [main] openjpa.Runtime - Found no persistent property in "org.springframework.data.jpa.domain.sample.ConcreteType1"
4534  spring-data-jpa  WARN   [main] openjpa.Runtime - Found no persistent property in "org.springframework.data.jpa.domain.sample.ConcreteType2"
5012  spring-data-jpa  WARN   [main] openjpa.Runtime - Found no persistent property in "org.springframework.data.jpa.domain.sample.AnnotatedAuditableUser"
5260  spring-data-jpa  WARN   [main] openjpa.Runtime - Found no persistent property in "org.springframework.data.jpa.domain.sample.Account"
5449  spring-data-jpa  WARN   [main] openjpa.Runtime - Found no persistent property in "org.springframework.data.jpa.domain.sample.SpecialUser"
Tests run: 16, Failures: 0, Errors: 0, Skipped: 1, Time elapsed: 5.059 sec
Running org.springframework.data.jpa.repository.support.OpenJpaProxyIdAccessorTests
Tests run: 1, Failures: 0, Errors: 0, Skipped: 0, Time elapsed: 3.724 sec
Running org.springframework.data.jpa.repository.support.OpenJpaJpaRepositoryTests
Tests run: 4, Failures: 0, Errors: 0, Skipped: 0, Time elapsed: 0.948 sec
Running org.springframework.data.jpa.repository.query.OpenJpaQueryUtilsIntegrationTests
Failed to instantiate [ch.qos.logback.classic.LoggerContext]
Reported exception:
java.lang.LinkageError: loader constraint violation: when resolving method "javax.xml.parsers.SAXParser.parse(Lorg/xml/sax/InputSource;Lorg/xml/sax/helpers/DefaultHandler;)V" the class loader (instance of org/apache/openjpa/lib/util/TemporaryClassLoader) of the current class, ch/qos/logback/core/joran/event/SaxEventRecorder, and the class loader (instance of <bootloader>) for the method's defining class, javax/xml/parsers/SAXParser, have different Class objects for the type org/xml/sax/InputSource used in the signature
	at ch.qos.logback.core.joran.event.SaxEventRecorder.recordEvents(SaxEventRecorder.java:61)
	at ch.qos.logback.core.joran.GenericConfigurator.doConfigure(GenericConfigurator.java:134)
	at ch.qos.logback.core.joran.GenericConfigurator.doConfigure(GenericConfigurator.java:99)
	at ch.qos.logback.core.joran.GenericConfigurator.doConfigure(GenericConfigurator.java:49)
	at ch.qos.logback.classic.util.ContextInitializer.configureByResource(ContextInitializer.java:77)
	at ch.qos.logback.classic.util.ContextInitializer.autoConfig(ContextInitializer.java:152)
	at org.slf4j.impl.StaticLoggerBinder.init(StaticLoggerBinder.java:85)
	at org.slf4j.impl.StaticLoggerBinder.<clinit>(StaticLoggerBinder.java:55)
	at org.slf4j.LoggerFactory.bind(LoggerFactory.java:141)
	at org.slf4j.LoggerFactory.performInitialization(LoggerFactory.java:120)
	at org.slf4j.LoggerFactory.getILoggerFactory(LoggerFactory.java:331)
	at org.slf4j.LoggerFactory.getLogger(LoggerFactory.java:283)
	at org.apache.commons.logging.impl.SLF4JLogFactory.getInstance(SLF4JLogFactory.java:155)
	at org.apache.commons.logging.impl.SLF4JLogFactory.getInstance(SLF4JLogFactory.java:132)
	at org.apache.commons.logging.LogFactory.getLog(LogFactory.java:273)
	at org.springframework.beans.factory.wiring.BeanConfigurerSupport.<init>(BeanConfigurerSupport.java:52)
	at org.springframework.beans.factory.aspectj.AnnotationBeanConfigurerAspect.<init>(AnnotationBeanConfigurerAspect.aj:50)
	at org.springframework.beans.factory.aspectj.AnnotationBeanConfigurerAspect.ajc$postClinit(AnnotationBeanConfigurerAspect.aj:1)
	at org.springframework.beans.factory.aspectj.AnnotationBeanConfigurerAspect.<clinit>(AnnotationBeanConfigurerAspect.aj:47)
	at org.springframework.data.jpa.domain.support.AuditingEntityListener.<init>(AuditingEntityListener.java:59)
	at sun.reflect.NativeConstructorAccessorImpl.newInstance0(Native Method)
	at sun.reflect.NativeConstructorAccessorImpl.newInstance(NativeConstructorAccessorImpl.java:62)
	at sun.reflect.DelegatingConstructorAccessorImpl.newInstance(DelegatingConstructorAccessorImpl.java:45)
	at java.lang.reflect.Constructor.newInstance(Constructor.java:408)
	at java.lang.Class.newInstance(Class.java:438)
	at org.apache.openjpa.lib.util.J2DoPrivHelper$11.run(J2DoPrivHelper.java:373)
	at java.security.AccessController.doPrivileged(Native Method)
	at org.apache.openjpa.event.BeanLifecycleCallbacks.newListener(BeanLifecycleCallbacks.java:66)
	at org.apache.openjpa.event.BeanLifecycleCallbacks.<init>(BeanLifecycleCallbacks.java:61)
	at org.apache.openjpa.persistence.AnnotationPersistenceMetaDataParser.parseCallbackMethods(AnnotationPersistenceMetaDataParser.java:1003)
	at org.apache.openjpa.persistence.XMLPersistenceMetaDataParser.startEntityListener(XMLPersistenceMetaDataParser.java:2058)
	at org.apache.openjpa.persistence.XMLPersistenceMetaDataParser.startSystemElement(XMLPersistenceMetaDataParser.java:654)
	at org.apache.openjpa.lib.meta.CFMetaDataParser.startElement(CFMetaDataParser.java:128)
	at org.apache.openjpa.lib.meta.XMLMetaDataParser.startElement(XMLMetaDataParser.java:498)
	at com.sun.org.apache.xerces.internal.parsers.AbstractSAXParser.startElement(AbstractSAXParser.java:509)
	at com.sun.org.apache.xerces.internal.parsers.AbstractXMLDocumentParser.emptyElement(AbstractXMLDocumentParser.java:182)
	at com.sun.org.apache.xerces.internal.impl.xs.XMLSchemaValidator.emptyElement(XMLSchemaValidator.java:780)
	at com.sun.org.apache.xerces.internal.impl.XMLNSDocumentScannerImpl.scanStartElement(XMLNSDocumentScannerImpl.java:356)
	at com.sun.org.apache.xerces.internal.impl.XMLDocumentFragmentScannerImpl$FragmentContentDriver.next(XMLDocumentFragmentScannerImpl.java:2786)
	at com.sun.org.apache.xerces.internal.impl.XMLDocumentScannerImpl.next(XMLDocumentScannerImpl.java:606)
	at com.sun.org.apache.xerces.internal.impl.XMLNSDocumentScannerImpl.next(XMLNSDocumentScannerImpl.java:117)
	at com.sun.org.apache.xerces.internal.impl.XMLDocumentFragmentScannerImpl.scanDocument(XMLDocumentFragmentScannerImpl.java:510)
	at com.sun.org.apache.xerces.internal.parsers.XML11Configuration.parse(XML11Configuration.java:848)
	at com.sun.org.apache.xerces.internal.parsers.XML11Configuration.parse(XML11Configuration.java:777)
	at com.sun.org.apache.xerces.internal.parsers.XMLParser.parse(XMLParser.java:141)
	at com.sun.org.apache.xerces.internal.parsers.AbstractSAXParser.parse(AbstractSAXParser.java:1213)
	at com.sun.org.apache.xerces.internal.jaxp.SAXParserImpl$JAXPSAXParser.parse(SAXParserImpl.java:649)
	at com.sun.org.apache.xerces.internal.jaxp.SAXParserImpl.parse(SAXParserImpl.java:333)
	at org.apache.openjpa.lib.meta.XMLMetaDataParser.parseNewResource(XMLMetaDataParser.java:423)
	at org.apache.openjpa.lib.meta.XMLMetaDataParser.parse(XMLMetaDataParser.java:346)
	at org.apache.openjpa.lib.meta.XMLMetaDataParser.parse(XMLMetaDataParser.java:323)
	at org.apache.openjpa.lib.meta.XMLMetaDataParser.parse(XMLMetaDataParser.java:296)
	at org.apache.openjpa.persistence.XMLPersistenceMetaDataParser.parse(XMLPersistenceMetaDataParser.java:406)
	at org.apache.openjpa.persistence.PersistenceMetaDataFactory.parseXML(PersistenceMetaDataFactory.java:292)
	at org.apache.openjpa.persistence.PersistenceMetaDataFactory.load(PersistenceMetaDataFactory.java:227)
	at org.apache.openjpa.meta.MetaDataRepository.getMetaDataInternal(MetaDataRepository.java:587)
	at org.apache.openjpa.meta.MetaDataRepository.getMetaDataInternal(MetaDataRepository.java:397)
	at org.apache.openjpa.meta.MetaDataRepository.getMetaData(MetaDataRepository.java:389)
	at org.apache.openjpa.enhance.PCEnhancer.<init>(PCEnhancer.java:286)
	at org.apache.openjpa.enhance.PCEnhancer.<init>(PCEnhancer.java:257)
	at org.apache.openjpa.enhance.PCClassFileTransformer.transform0(PCClassFileTransformer.java:150)
	at org.apache.openjpa.enhance.PCClassFileTransformer.transform(PCClassFileTransformer.java:127)
	at sun.instrument.TransformerManager.transform(TransformerManager.java:188)
	at sun.instrument.InstrumentationImpl.transform(InstrumentationImpl.java:428)
	at java.lang.ClassLoader.defineClass1(Native Method)
	at java.lang.ClassLoader.defineClass(ClassLoader.java:760)
	at java.security.SecureClassLoader.defineClass(SecureClassLoader.java:142)
	at java.net.URLClassLoader.defineClass(URLClassLoader.java:455)
	at java.net.URLClassLoader.access$100(URLClassLoader.java:73)
	at java.net.URLClassLoader$1.run(URLClassLoader.java:367)
	at java.net.URLClassLoader$1.run(URLClassLoader.java:361)
	at java.security.AccessController.doPrivileged(Native Method)
	at java.net.URLClassLoader.findClass(URLClassLoader.java:360)
	at java.lang.ClassLoader.loadClass(ClassLoader.java:424)
	at sun.misc.Launcher$AppClassLoader.loadClass(Launcher.java:308)
	at java.lang.ClassLoader.loadClass(ClassLoader.java:357)
	at org.hibernate.boot.registry.classloading.internal.ClassLoaderServiceImpl$AggregatedClassLoader.findClass(ClassLoaderServiceImpl.java:224)
	at java.lang.ClassLoader.loadClass(ClassLoader.java:424)
	at java.lang.ClassLoader.loadClass(ClassLoader.java:357)
	at java.lang.Class.forName0(Native Method)
	at java.lang.Class.forName(Class.java:344)
	at org.hibernate.boot.registry.classloading.internal.ClassLoaderServiceImpl.classForName(ClassLoaderServiceImpl.java:242)
	at org.hibernate.jpa.boot.internal.EntityManagerFactoryBuilderImpl.buildHibernateConfiguration(EntityManagerFactoryBuilderImpl.java:1136)
	at org.hibernate.jpa.boot.internal.EntityManagerFactoryBuilderImpl$4.perform(EntityManagerFactoryBuilderImpl.java:853)
	at org.hibernate.jpa.boot.internal.EntityManagerFactoryBuilderImpl$4.perform(EntityManagerFactoryBuilderImpl.java:850)
	at org.hibernate.boot.registry.classloading.internal.ClassLoaderServiceImpl.withTccl(ClassLoaderServiceImpl.java:425)
	at org.hibernate.jpa.boot.internal.EntityManagerFactoryBuilderImpl.build(EntityManagerFactoryBuilderImpl.java:849)
	at org.hibernate.jpa.HibernatePersistenceProvider.createEntityManagerFactory(HibernatePersistenceProvider.java:75)
	at org.hibernate.ejb.HibernatePersistence.createEntityManagerFactory(HibernatePersistence.java:54)
	at javax.persistence.Persistence.createEntityManagerFactory(Persistence.java:79)
	at javax.persistence.Persistence.createEntityManagerFactory(Persistence.java:54)
	at org.springframework.data.jpa.repository.query.QueryUtilsIntegrationTests.traversesPluralAttributeCorrectly(QueryUtilsIntegrationTests.java:138)
	at sun.reflect.NativeMethodAccessorImpl.invoke0(Native Method)
	at sun.reflect.NativeMethodAccessorImpl.invoke(NativeMethodAccessorImpl.java:62)
	at sun.reflect.DelegatingMethodAccessorImpl.invoke(DelegatingMethodAccessorImpl.java:43)
	at java.lang.reflect.Method.invoke(Method.java:483)
	at org.junit.runners.model.FrameworkMethod$1.runReflectiveCall(FrameworkMethod.java:50)
	at org.junit.internal.runners.model.ReflectiveCallable.run(ReflectiveCallable.java:12)
	at org.junit.runners.model.FrameworkMethod.invokeExplosively(FrameworkMethod.java:47)
	at org.junit.internal.runners.statements.InvokeMethod.evaluate(InvokeMethod.java:17)
	at org.springframework.test.context.junit4.statements.RunBeforeTestMethodCallbacks.evaluate(RunBeforeTestMethodCallbacks.java:75)
	at org.springframework.test.context.junit4.statements.RunAfterTestMethodCallbacks.evaluate(RunAfterTestMethodCallbacks.java:86)
	at org.springframework.test.context.junit4.statements.SpringRepeat.evaluate(SpringRepeat.java:70)
	at org.junit.runners.ParentRunner.runLeaf(ParentRunner.java:325)
	at org.springframework.test.context.junit4.SpringJUnit4ClassRunner.runChild(SpringJUnit4ClassRunner.java:224)
	at org.springframework.test.context.junit4.SpringJUnit4ClassRunner.runChild(SpringJUnit4ClassRunner.java:83)
	at org.junit.runners.ParentRunner$3.run(ParentRunner.java:290)
	at org.junit.runners.ParentRunner$1.schedule(ParentRunner.java:71)
	at org.junit.runners.ParentRunner.runChildren(ParentRunner.java:288)
	at org.junit.runners.ParentRunner.access$000(ParentRunner.java:58)
	at org.junit.runners.ParentRunner$2.evaluate(ParentRunner.java:268)
	at org.springframework.test.context.junit4.statements.RunBeforeTestClassCallbacks.evaluate(RunBeforeTestClassCallbacks.java:61)
	at org.springframework.test.context.junit4.statements.RunAfterTestClassCallbacks.evaluate(RunAfterTestClassCallbacks.java:70)
	at org.junit.runners.ParentRunner.run(ParentRunner.java:363)
	at org.springframework.test.context.junit4.SpringJUnit4ClassRunner.run(SpringJUnit4ClassRunner.java:163)
	at org.apache.maven.surefire.junit4.JUnit4Provider.execute(JUnit4Provider.java:236)
	at org.apache.maven.surefire.junit4.JUnit4Provider.executeTestSet(JUnit4Provider.java:134)
	at org.apache.maven.surefire.junit4.JUnit4Provider.invoke(JUnit4Provider.java:113)
	at sun.reflect.NativeMethodAccessorImpl.invoke0(Native Method)
	at sun.reflect.NativeMethodAccessorImpl.invoke(NativeMethodAccessorImpl.java:62)
	at sun.reflect.DelegatingMethodAccessorImpl.invoke(DelegatingMethodAccessorImpl.java:43)
	at java.lang.reflect.Method.invoke(Method.java:483)
	at org.apache.maven.surefire.util.ReflectionUtils.invokeMethodWithArray(ReflectionUtils.java:189)
	at org.apache.maven.surefire.booter.ProviderFactory$ProviderProxy.invoke(ProviderFactory.java:165)
	at org.apache.maven.surefire.booter.ProviderFactory.invokeProvider(ProviderFactory.java:85)
	at org.apache.maven.surefire.booter.ForkedBooter.runSuitesInProcess(ForkedBooter.java:103)
	at org.apache.maven.surefire.booter.ForkedBooter.main(ForkedBooter.java:74)
Tests run: 6, Failures: 0, Errors: 0, Skipped: 0, Time elapsed: 2.704 sec
Running org.springframework.data.jpa.repository.query.OpenJpaParameterMetadataProviderIntegrationTests
Tests run: 3, Failures: 0, Errors: 0, Skipped: 0, Time elapsed: 0.02 sec
Running org.springframework.data.jpa.repository.OpenJpaStoredProcedureIntegrationTests
Tests run: 1, Failures: 0, Errors: 0, Skipped: 1, Time elapsed: 0 sec
Running org.springframework.data.jpa.repository.OpenJpaUserRepositoryFinderTests
Tests run: 12, Failures: 0, Errors: 0, Skipped: 0, Time elapsed: 6.289 sec
Running org.springframework.data.jpa.repository.OpenJpaEntityGraphRepositoryMethodsIntegrationTests
Tests run: 4, Failures: 0, Errors: 0, Skipped: 4, Time elapsed: 5.737 sec
Running org.springframework.data.jpa.repository.OpenJpaParentRepositoryIntegrationTests
Tests run: 2, Failures: 0, Errors: 0, Skipped: 0, Time elapsed: 0.145 sec
Running org.springframework.data.jpa.repository.OpenJpaNamespaceUserRepositoryTests
Tests run: 136, Failures: 0, Errors: 0, Skipped: 3, Time elapsed: 6.667 sec
Running org.springframework.data.jpa.infrastructure.OpenJpaMetamodelIntegrationTests
Tests run: 3, Failures: 0, Errors: 0, Skipped: 1, Time elapsed: 0.009 sec

Results :

Tests run: 188, Failures: 0, Errors: 0, Skipped: 10

[INFO] ------------------------------------------------------------------------
[INFO] BUILD SUCCESS
[INFO] ------------------------------------------------------------------------
[INFO] Total time: 03:44 min
[INFO] Finished at: 2015-11-16T17:39:33+00:00
[INFO] Final Memory: 38M/431M
[INFO] ------------------------------------------------------------------------
travis_time:end:1743b1cb:start=1447695346874345464,finish=1447695574575692628,duration=227701347164[0K
[32;1mThe command "mvn clean dependency:list test -P${PROFILE} -Dsort" exited with 0.[0m
travis_fold:start:cache.2[0Kstore build cache
travis_time:start:08f71584[0Ktravis_time:end:08f71584:start=1447695574580302782,finish=1447695574583804440,duration=3501658[0Ktravis_time:start:089fdae6[0Kchange detected:
/home/travis/.m2/repository/org/hibernate/hibernate-core/4.3.11.Final/hibernate-core-4.3.11.Final.jar
/home/travis/.m2/repository/org/hibernate/hibernate-core/4.3.11.Final/hibernate-core-4.3.11.Final.jar.sha1
/home/travis/.m2/repository/org/hibernate/hibernate-core/4.3.11.Final/hibernate-core-4.3.11.Final.pom
/home/travis/.m2/repository/org/hibernate/hibernate-core/4.3.11.Final/hibernate-core-4.3.11.Final.pom.sha1
/home/travis/.m2/repository/org/hibernate/hibernate-core/4.3.11.Final/_remote.repositories
/home/travis/.m2/repository/org/hibernate/hibernate-entitymanager/4.3.11.Final/hibernate-entitymanager-4.3.11.Final.jar
/home/travis/.m2/repository/org/hibernate/hibernate-entitymanager/4.3.11.Final/hibernate-entitymanager-4.3.11.Final.jar.sha1
/home/travis/.m2/repository/org/hibernate/hibernate-entitymanager/4.3.11.Final/hibernate-entitymanager-4.3.11.Final.pom
/home/travis/.m2/repository/org/hibernate/hibernate-entitymanager/4.3.11.Final/hibernate-entitymanager-4.3.11.Final.pom.sha1
/h
...
changes detected, packing new archive
.
.
uploading archive
travis_time:end:089fdae6:start=1447695574588592012,finish=1447695598537540705,duration=23948948693[0Ktravis_fold:end:cache.2[0K
Done. Your build exited with 0.
