Using worker: worker-linux-docker-a99eea40.prod.travis-ci.org:travis-linux-8

travis_fold:start:system_info[0K[33;1mBuild system information[0m
Build language: java
[34m[1mBuild image provisioning date and time[0m
Thu Feb  5 15:09:33 UTC 2015
[34m[1mOperating System Details[0m
Distributor ID:	Ubuntu
Description:	Ubuntu 12.04.5 LTS
Release:	12.04
Codename:	precise
[34m[1mLinux Version[0m
3.13.0-29-generic
[34m[1mCookbooks Version[0m
a68419e https://github.com/travis-ci/travis-cookbooks/tree/a68419e
[34m[1mGCC version[0m
gcc (Ubuntu/Linaro 4.6.3-1ubuntu5) 4.6.3
Copyright (C) 2011 Free Software Foundation, Inc.
This is free software; see the source for copying conditions.  There is NO
warranty; not even for MERCHANTABILITY or FITNESS FOR A PARTICULAR PURPOSE.

[34m[1mLLVM version[0m
clang version 3.4 (tags/RELEASE_34/final)
Target: x86_64-unknown-linux-gnu
Thread model: posix
[34m[1mPre-installed Ruby versions[0m
ruby-1.9.3-p551
[34m[1mPre-installed Node.js versions[0m
v0.10.36
[34m[1mPre-installed Go versions[0m
1.4.1
[34m[1mRedis version[0m
redis-server 2.8.19
[34m[1mriak version[0m
2.0.2
[34m[1mMongoDB version[0m
MongoDB 2.4.12
[34m[1mCouchDB version[0m
couchdb 1.6.1
[34m[1mNeo4j version[0m
1.9.4
[34m[1mRabbitMQ Version[0m
3.4.3
[34m[1mElasticSearch version[0m
1.4.0
[34m[1mInstalled Sphinx versions[0m
2.0.10
2.1.9
2.2.6
[34m[1mDefault Sphinx version[0m
2.2.6
[34m[1mInstalled Firefox version[0m
firefox 31.0esr
[34m[1mPhantomJS version[0m
1.9.8
[34m[1mant -version[0m
Apache Ant(TM) version 1.8.2 compiled on December 3 2011
[34m[1mmvn -version[0m
Apache Maven 3.2.5 (12a6b3acb947671f09b81f49094c53f426d8cea1; 2014-12-14T17:29:23+00:00)
Maven home: /usr/local/maven
Java version: 1.7.0_76, vendor: Oracle Corporation
Java home: /usr/lib/jvm/java-7-oracle/jre
Default locale: en_US, platform encoding: ANSI_X3.4-1968
OS name: "linux", version: "3.13.0-29-generic", arch: "amd64", family: "unix"
travis_fold:end:system_info[0K
travis_fold:start:git.checkout[0Ktravis_time:start:0d1cdb82[0K$ git clone --depth=50 --branch=master git://github.com/spring-projects/spring-hateoas.git spring-projects/spring-hateoas
Cloning into 'spring-projects/spring-hateoas'...
remote: Counting objects: 727, done.[K
remote: Compressing objects:   0% (1/418)   [Kremote: Compressing objects:   1% (5/418)   [Kremote: Compressing objects:   2% (9/418)   [Kremote: Compressing objects:   3% (13/418)   [Kremote: Compressing objects:   4% (17/418)   [Kremote: Compressing objects:   5% (21/418)   [Kremote: Compressing objects:   6% (26/418)   [Kremote: Compressing objects:   7% (30/418)   [Kremote: Compressing objects:   8% (34/418)   [Kremote: Compressing objects:   9% (38/418)   [Kremote: Compressing objects:  10% (42/418)   [Kremote: Compressing objects:  11% (46/418)   [Kremote: Compressing objects:  12% (51/418)   [Kremote: Compressing objects:  13% (55/418)   [Kremote: Compressing objects:  14% (59/418)   [Kremote: Compressing objects:  15% (63/418)   [Kremote: Compressing objects:  16% (67/418)   [Kremote: Compressing objects:  17% (72/418)   [Kremote: Compressing objects:  18% (76/418)   [Kremote: Compressing objects:  19% (80/418)   [Kremote: Compressing objects:  20% (84/418)   [Kremote: Compressing objects:  21% (88/418)   [Kremote: Compressing objects:  22% (92/418)   [Kremote: Compressing objects:  23% (97/418)   [Kremote: Compressing objects:  24% (101/418)   [Kremote: Compressing objects:  25% (105/418)   [Kremote: Compressing objects:  26% (109/418)   [Kremote: Compressing objects:  27% (113/418)   [Kremote: Compressing objects:  28% (118/418)   [Kremote: Compressing objects:  29% (122/418)   [Kremote: Compressing objects:  30% (126/418)   [Kremote: Compressing objects:  31% (130/418)   [Kremote: Compressing objects:  32% (134/418)   [Kremote: Compressing objects:  33% (138/418)   [Kremote: Compressing objects:  34% (143/418)   [Kremote: Compressing objects:  35% (147/418)   [Kremote: Compressing objects:  36% (151/418)   [Kremote: Compressing objects:  37% (155/418)   [Kremote: Compressing objects:  38% (159/418)   [Kremote: Compressing objects:  39% (164/418)   [Kremote: Compressing objects:  40% (168/418)   [Kremote: Compressing objects:  41% (172/418)   [Kremote: Compressing objects:  42% (176/418)   [Kremote: Compressing objects:  43% (180/418)   [Kremote: Compressing objects:  44% (184/418)   [Kremote: Compressing objects:  45% (189/418)   [Kremote: Compressing objects:  46% (193/418)   [Kremote: Compressing objects:  47% (197/418)   [Kremote: Compressing objects:  48% (201/418)   [Kremote: Compressing objects:  49% (205/418)   [Kremote: Compressing objects:  50% (209/418)   [Kremote: Compressing objects:  51% (214/418)   [Kremote: Compressing objects:  52% (218/418)   [Kremote: Compressing objects:  53% (222/418)   [Kremote: Compressing objects:  54% (226/418)   [Kremote: Compressing objects:  55% (230/418)   [Kremote: Compressing objects:  56% (235/418)   [Kremote: Compressing objects:  57% (239/418)   [Kremote: Compressing objects:  58% (243/418)   [Kremote: Compressing objects:  59% (247/418)   [Kremote: Compressing objects:  60% (251/418)   [Kremote: Compressing objects:  61% (255/418)   [Kremote: Compressing objects:  62% (260/418)   [Kremote: Compressing objects:  63% (264/418)   [Kremote: Compressing objects:  64% (268/418)   [Kremote: Compressing objects:  65% (272/418)   [Kremote: Compressing objects:  66% (276/418)   [Kremote: Compressing objects:  67% (281/418)   [Kremote: Compressing objects:  68% (285/418)   [Kremote: Compressing objects:  69% (289/418)   [Kremote: Compressing objects:  70% (293/418)   [Kremote: Compressing objects:  71% (297/418)   [Kremote: Compressing objects:  72% (301/418)   [Kremote: Compressing objects:  73% (306/418)   [Kremote: Compressing objects:  74% (310/418)   [Kremote: Compressing objects:  75% (314/418)   [Kremote: Compressing objects:  76% (318/418)   [Kremote: Compressing objects:  77% (322/418)   [Kremote: Compressing objects:  78% (327/418)   [Kremote: Compressing objects:  79% (331/418)   [Kremote: Compressing objects:  80% (335/418)   [Kremote: Compressing objects:  81% (339/418)   [Kremote: Compressing objects:  82% (343/418)   [Kremote: Compressing objects:  83% (347/418)   [Kremote: Compressing objects:  84% (352/418)   [Kremote: Compressing objects:  85% (356/418)   [Kremote: Compressing objects:  86% (360/418)   [Kremote: Compressing objects:  87% (364/418)   [Kremote: Compressing objects:  88% (368/418)   [Kremote: Compressing objects:  89% (373/418)   [Kremote: Compressing objects:  90% (377/418)   [Kremote: Compressing objects:  91% (381/418)   [Kremote: Compressing objects:  92% (385/418)   [Kremote: Compressing objects:  93% (389/418)   [Kremote: Compressing objects:  94% (393/418)   [Kremote: Compressing objects:  95% (398/418)   [Kremote: Compressing objects:  96% (402/418)   [Kremote: Compressing objects:  97% (406/418)   [Kremote: Compressing objects:  98% (410/418)   [Kremote: Compressing objects:  99% (414/418)   [Kremote: Compressing objects: 100% (418/418)   [Kremote: Compressing objects: 100% (418/418), done.[K
Receiving objects:   0% (1/727)   Receiving objects:   1% (8/727)   Receiving objects:   2% (15/727)   Receiving objects:   3% (22/727)   Receiving objects:   4% (30/727)   Receiving objects:   5% (37/727)   Receiving objects:   6% (44/727)   Receiving objects:   7% (51/727)   Receiving objects:   8% (59/727)   Receiving objects:   9% (66/727)   Receiving objects:  10% (73/727)   Receiving objects:  11% (80/727)   Receiving objects:  12% (88/727)   Receiving objects:  13% (95/727)   Receiving objects:  14% (102/727)   Receiving objects:  15% (110/727)   Receiving objects:  16% (117/727)   Receiving objects:  17% (124/727)   Receiving objects:  18% (131/727)   Receiving objects:  19% (139/727)   Receiving objects:  20% (146/727)   Receiving objects:  21% (153/727)   Receiving objects:  22% (160/727)   Receiving objects:  23% (168/727)   Receiving objects:  24% (175/727)   Receiving objects:  25% (182/727)   Receiving objects:  26% (190/727)   Receiving objects:  27% (197/727)   Receiving objects:  28% (204/727)   Receiving objects:  29% (211/727)   Receiving objects:  30% (219/727)   Receiving objects:  31% (226/727)   Receiving objects:  32% (233/727)   Receiving objects:  33% (240/727)   Receiving objects:  34% (248/727)   Receiving objects:  35% (255/727)   Receiving objects:  36% (262/727)   Receiving objects:  37% (269/727)   Receiving objects:  38% (277/727)   Receiving objects:  39% (284/727)   Receiving objects:  40% (291/727)   Receiving objects:  41% (299/727)   Receiving objects:  42% (306/727)   Receiving objects:  43% (313/727)   Receiving objects:  44% (320/727)   Receiving objects:  45% (328/727)   Receiving objects:  46% (335/727)   Receiving objects:  47% (342/727)   Receiving objects:  48% (349/727)   Receiving objects:  49% (357/727)   Receiving objects:  50% (364/727)   Receiving objects:  51% (371/727)   Receiving objects:  52% (379/727)   Receiving objects:  53% (386/727)   Receiving objects:  54% (393/727)   Receiving objects:  55% (400/727)   Receiving objects:  56% (408/727)   Receiving objects:  57% (415/727)   Receiving objects:  58% (422/727)   Receiving objects:  59% (429/727)   Receiving objects:  60% (437/727)   Receiving objects:  61% (444/727)   Receiving objects:  62% (451/727)   Receiving objects:  63% (459/727)   Receiving objects:  64% (466/727)   Receiving objects:  65% (473/727)   Receiving objects:  66% (480/727)   remote: Total 727 (delta 260), reused 555 (delta 150), pack-reused 0[K
Receiving objects:  67% (488/727)   Receiving objects:  68% (495/727)   Receiving objects:  69% (502/727)   Receiving objects:  70% (509/727)   Receiving objects:  71% (517/727)   Receiving objects:  72% (524/727)   Receiving objects:  73% (531/727)   Receiving objects:  74% (538/727)   Receiving objects:  75% (546/727)   Receiving objects:  76% (553/727)   Receiving objects:  77% (560/727)   Receiving objects:  78% (568/727)   Receiving objects:  79% (575/727)   Receiving objects:  80% (582/727)   Receiving objects:  81% (589/727)   Receiving objects:  82% (597/727)   Receiving objects:  83% (604/727)   Receiving objects:  84% (611/727)   Receiving objects:  85% (618/727)   Receiving objects:  86% (626/727)   Receiving objects:  87% (633/727)   Receiving objects:  88% (640/727)   Receiving objects:  89% (648/727)   Receiving objects:  90% (655/727)   Receiving objects:  91% (662/727)   Receiving objects:  92% (669/727)   Receiving objects:  93% (677/727)   Receiving objects:  94% (684/727)   Receiving objects:  95% (691/727)   Receiving objects:  96% (698/727)   Receiving objects:  97% (706/727)   Receiving objects:  98% (713/727)   Receiving objects:  99% (720/727)   Receiving objects: 100% (727/727)   Receiving objects: 100% (727/727), 254.86 KiB | 0 bytes/s, done.
Resolving deltas:   0% (0/260)   Resolving deltas:   6% (16/260)   Resolving deltas:  10% (27/260)   Resolving deltas:  11% (29/260)   Resolving deltas:  20% (53/260)   Resolving deltas:  21% (57/260)   Resolving deltas:  22% (59/260)   Resolving deltas:  23% (62/260)   Resolving deltas:  25% (67/260)   Resolving deltas:  28% (73/260)   Resolving deltas:  29% (76/260)   Resolving deltas:  31% (82/260)   Resolving deltas:  32% (84/260)   Resolving deltas:  35% (93/260)   Resolving deltas:  36% (96/260)   Resolving deltas:  38% (99/260)   Resolving deltas:  40% (104/260)   Resolving deltas:  41% (107/260)   Resolving deltas:  44% (115/260)   Resolving deltas:  46% (120/260)   Resolving deltas:  48% (126/260)   Resolving deltas:  49% (128/260)   Resolving deltas:  51% (135/260)   Resolving deltas:  52% (136/260)   Resolving deltas:  53% (138/260)   Resolving deltas:  54% (141/260)   Resolving deltas:  63% (164/260)   Resolving deltas:  64% (168/260)   Resolving deltas:  65% (169/260)   Resolving deltas:  66% (174/260)   Resolving deltas:  67% (175/260)   Resolving deltas:  68% (179/260)   Resolving deltas:  69% (181/260)   Resolving deltas:  70% (183/260)   Resolving deltas:  71% (185/260)   Resolving deltas:  72% (188/260)   Resolving deltas:  73% (191/260)   Resolving deltas:  75% (196/260)   Resolving deltas:  76% (198/260)   Resolving deltas:  79% (206/260)   Resolving deltas:  80% (208/260)   Resolving deltas:  81% (212/260)   Resolving deltas:  82% (215/260)   Resolving deltas:  83% (217/260)   Resolving deltas:  84% (220/260)   Resolving deltas:  85% (221/260)   Resolving deltas:  86% (224/260)   Resolving deltas:  90% (234/260)   Resolving deltas:  91% (238/260)   Resolving deltas:  93% (242/260)   Resolving deltas:  94% (245/260)   Resolving deltas:  95% (247/260)   Resolving deltas:  96% (251/260)   Resolving deltas:  99% (259/260)   Resolving deltas: 100% (260/260)   Resolving deltas: 100% (260/260), done.
Checking connectivity... done.
travis_time:end:0d1cdb82:start=1441175947389345475,finish=1441175947570116915,duration=180771440[0K$ cd spring-projects/spring-hateoas
$ git checkout -qf a019edae82f818c5b4764a83f0aab511e6b0e1f4
travis_fold:end:git.checkout[0K
[33;1mThis job is running on container-based infrastructure, which does not allow use of 'sudo', setuid and setguid executables.[0m
[33;1mIf you require sudo, add 'sudo: required' to your .travis.yml[0m
[33;1mSee http://docs.travis-ci.com/user/workers/container-based-infrastructure/ for details.[0m

[33;1mSetting environment variables from .travis.yml[0m
$ export PROFILE=spring42

travis_fold:start:cache.1[0KSetting up build cache
$ export CASHER_DIR=$HOME/.casher
travis_time:start:0bed0048[0K$ Installing caching utilities
travis_time:end:0bed0048:start=1441175949720230481,finish=1441175949746970121,duration=26739640[0Ktravis_time:start:1606f1e8[0Kattempting to download cache archive
fetching master/cache--jdk-oraclejdk8.tgz
found cache
travis_time:end:1606f1e8:start=1441175949751712849,finish=1441175951390372372,duration=1638659523[0Ktravis_time:start:2c55f7e0[0Kadding /home/travis/.m2 to cache
travis_time:end:2c55f7e0:start=1441175951394139566,finish=1441175952954016797,duration=1559877231[0Ktravis_fold:end:cache.1[0K$ jdk_switcher use oraclejdk8
Switching to Oracle JDK8 (java-8-oracle), JAVA_HOME will be set to /usr/lib/jvm/java-8-oracle
$ java -Xmx32m -version
java version "1.8.0_31"
Java(TM) SE Runtime Environment (build 1.8.0_31-b13)
Java HotSpot(TM) 64-Bit Server VM (build 25.31-b07, mixed mode)
$ javac -J-Xmx32m -version
javac 1.8.0_31
travis_fold:start:install[0Ktravis_time:start:01528a33[0K$ true
travis_time:end:01528a33:start=1441175953606926051,finish=1441175953609800158,duration=2874107[0Ktravis_fold:end:install[0Ktravis_time:start:1bc3b29c[0K$ mvn clean dependency:list test -P${PROFILE} -Dsort
Java HotSpot(TM) 64-Bit Server VM warning: ignoring option MaxPermSize=192m; support was removed in 8.0
[INFO] Scanning for projects...
[INFO]                                                                         
[INFO] ------------------------------------------------------------------------
[INFO] Building Spring HATEOAS 0.20.0.BUILD-SNAPSHOT
[INFO] ------------------------------------------------------------------------
Downloading: http://repo.maven.apache.org/maven2/org/springframework/spring-aop/4.2.1.RELEASE/spring-aop-4.2.1.RELEASE.pom
3/3 KB            Downloaded: http://repo.maven.apache.org/maven2/org/springframework/spring-aop/4.2.1.RELEASE/spring-aop-4.2.1.RELEASE.pom (3 KB at 12.6 KB/sec)
Downloading: http://repo.maven.apache.org/maven2/org/springframework/spring-beans/4.2.1.RELEASE/spring-beans-4.2.1.RELEASE.pom
2/3 KB   3/3 KB            Downloaded: http://repo.maven.apache.org/maven2/org/springframework/spring-beans/4.2.1.RELEASE/spring-beans-4.2.1.RELEASE.pom (3 KB at 59.6 KB/sec)
Downloading: http://repo.maven.apache.org/maven2/org/springframework/spring-core/4.2.1.RELEASE/spring-core-4.2.1.RELEASE.pom
3/3 KB            Downloaded: http://repo.maven.apache.org/maven2/org/springframework/spring-core/4.2.1.RELEASE/spring-core-4.2.1.RELEASE.pom (3 KB at 52.9 KB/sec)
Downloading: http://repo.maven.apache.org/maven2/org/springframework/spring-context/4.2.1.RELEASE/spring-context-4.2.1.RELEASE.pom
4/5 KB   5/5 KB            Downloaded: http://repo.maven.apache.org/maven2/org/springframework/spring-context/4.2.1.RELEASE/spring-context-4.2.1.RELEASE.pom (5 KB at 98.3 KB/sec)
Downloading: http://repo.maven.apache.org/maven2/org/springframework/spring-expression/4.2.1.RELEASE/spring-expression-4.2.1.RELEASE.pom
2/2 KB            Downloaded: http://repo.maven.apache.org/maven2/org/springframework/spring-expression/4.2.1.RELEASE/spring-expression-4.2.1.RELEASE.pom (2 KB at 48.1 KB/sec)
Downloading: http://repo.maven.apache.org/maven2/org/springframework/spring-web/4.2.1.RELEASE/spring-web-4.2.1.RELEASE.pom
4/8 KB   8/8 KB   8/8 KB            Downloaded: http://repo.maven.apache.org/maven2/org/springframework/spring-web/4.2.1.RELEASE/spring-web-4.2.1.RELEASE.pom (8 KB at 152.3 KB/sec)
Downloading: http://repo.maven.apache.org/maven2/org/springframework/spring-webmvc/4.2.1.RELEASE/spring-webmvc-4.2.1.RELEASE.pom
4/12 KB   8/12 KB   12/12 KB              Downloaded: http://repo.maven.apache.org/maven2/org/springframework/spring-webmvc/4.2.1.RELEASE/spring-webmvc-4.2.1.RELEASE.pom (12 KB at 255.4 KB/sec)
Downloading: http://repo.maven.apache.org/maven2/org/springframework/spring-test/4.2.1.RELEASE/spring-test-4.2.1.RELEASE.pom
3/8 KB     7/8 KB   8/8 KB            Downloaded: http://repo.maven.apache.org/maven2/org/springframework/spring-test/4.2.1.RELEASE/spring-test-4.2.1.RELEASE.pom (8 KB at 113.1 KB/sec)
Downloading: http://repo.maven.apache.org/maven2/org/springframework/spring-aop/4.2.1.RELEASE/spring-aop-4.2.1.RELEASE.jar
Downloading: http://repo.maven.apache.org/maven2/org/springframework/spring-beans/4.2.1.RELEASE/spring-beans-4.2.1.RELEASE.jar
Downloading: http://repo.maven.apache.org/maven2/org/springframework/spring-context/4.2.1.RELEASE/spring-context-4.2.1.RELEASE.jar
Downloading: http://repo.maven.apache.org/maven2/org/springframework/spring-expression/4.2.1.RELEASE/spring-expression-4.2.1.RELEASE.jar
Downloading: http://repo.maven.apache.org/maven2/org/springframework/spring-core/4.2.1.RELEASE/spring-core-4.2.1.RELEASE.jar
4/358 KB   8/358 KB   12/358 KB   16/358 KB   17/358 KB   4/713 KB   17/358 KB   4/1060 KB   4/713 KB   4/257 KB   21/358 KB   4/1043 KB   4/1060 KB   4/713 KB   4/257 KB   21/358 KB   8/1043 KB   4/1060 KB   4/713 KB   4/257 KB   21/358 KB   12/1043 KB   4/1060 KB   4/713 KB   4/257 KB   21/358 KB   14/1043 KB   4/1060 KB   4/713 KB   4/257 KB   21/358 KB   4/1060 KB   8/713 KB   4/257 KB   25/358 KB   14/1043 KB   4/1060 KB   8/713 KB   4/257 KB   29/358 KB   14/1043 KB   4/1060 KB   8/713 KB   4/257 KB   33/358 KB   14/1043 KB   4/1060 KB   8/713 KB   4/257 KB   37/358 KB   14/1043 KB   4/1060 KB   8/713 KB   4/257 KB   41/358 KB   14/1043 KB   4/1060 KB   8/713 KB   4/257 KB   45/358 KB   14/1043 KB   4/1060 KB   8/713 KB   4/257 KB   49/358 KB   14/1043 KB   4/1060 KB   8/713 KB   4/257 KB   51/358 KB   14/1043 KB   4/1060 KB   4/713 KB   4/257 KB   17/358 KB   4/1060 KB   8/713 KB   8/257 KB   51/358 KB   14/1043 KB   4/1060 KB   8/713 KB   12/257 KB   51/358 KB   14/1043 KB   4/1060 KB   8/713 KB   14/257 KB   51/358 KB   14/1043 KB   4/1060 KB   4/713 KB   17/358 KB   8/1060 KB   8/713 KB   14/257 KB   51/358 KB   14/1043 KB   12/1060 KB   8/713 KB   14/257 KB   51/358 KB   14/1043 KB   14/1060 KB   8/713 KB   14/257 KB   51/358 KB   14/1043 KB   4/1060 KB   8/713 KB   4/257 KB   21/358 KB   14/1043 KB   14/1060 KB   12/713 KB   14/257 KB   51/358 KB   14/1043 KB   14/1060 KB   14/713 KB   14/257 KB   51/358 KB   14/1043 KB   14/1060 KB   18/713 KB   14/257 KB   51/358 KB   14/1043 KB   14/1060 KB   22/713 KB   14/257 KB   51/358 KB   14/1043 KB   18/1060 KB   26/713 KB   14/257 KB   51/358 KB   14/1043 KB   18/1060 KB   30/713 KB   14/257 KB   51/358 KB   14/1043 KB   18/1060 KB   34/713 KB   14/257 KB   51/358 KB   14/1043 KB   18/1060 KB   38/713 KB   14/257 KB   51/358 KB   14/1043 KB   18/1060 KB   42/713 KB   14/257 KB   51/358 KB   14/1043 KB   18/1060 KB   43/713 KB   14/257 KB   51/358 KB   14/1043 KB   18/1060 KB   22/713 KB   14/257 KB   51/358 KB   14/1043 KB   22/1060 KB   43/713 KB   14/257 KB   51/358 KB   14/1043 KB   26/1060 KB   43/713 KB   14/257 KB   51/358 KB   14/1043 KB   30/1060 KB   43/713 KB   14/257 KB   51/358 KB   14/1043 KB   34/1060 KB   43/713 KB   14/257 KB   51/358 KB   14/1043 KB   38/1060 KB   43/713 KB   14/257 KB   51/358 KB   14/1043 KB   42/1060 KB   43/713 KB   14/257 KB   51/358 KB   14/1043 KB   43/1060 KB   43/713 KB   17/257 KB   51/358 KB   14/1043 KB   42/1060 KB   43/713 KB   17/257 KB   51/358 KB   14/1043 KB   43/1060 KB   43/713 KB   21/257 KB   51/358 KB   14/1043 KB   43/1060 KB   43/713 KB   25/257 KB   51/358 KB   14/1043 KB   43/1060 KB   43/713 KB   29/257 KB   55/358 KB   14/1043 KB   43/1060 KB   43/713 KB   33/257 KB   55/358 KB   14/1043 KB   43/1060 KB   43/713 KB   37/257 KB   55/358 KB   14/1043 KB   43/1060 KB   43/713 KB   41/257 KB   55/358 KB   14/1043 KB   43/1060 KB   43/713 KB   43/257 KB   55/358 KB   14/1043 KB   43/1060 KB   43/713 KB   25/257 KB   55/358 KB   14/1043 KB   43/1060 KB   43/713 KB   43/257 KB   59/358 KB   14/1043 KB   43/1060 KB   43/713 KB   43/257 KB   63/358 KB   14/1043 KB   43/1060 KB   43/713 KB   43/257 KB   67/358 KB   14/1043 KB   43/1060 KB   43/713 KB   43/257 KB   71/358 KB   14/1043 KB   43/1060 KB   43/713 KB   43/257 KB   75/358 KB   17/1043 KB   43/1060 KB   43/713 KB   43/257 KB   79/358 KB   17/1043 KB   43/1060 KB   43/713 KB   43/257 KB   83/358 KB   17/1043 KB   43/1060 KB   43/713 KB   43/257 KB   87/358 KB   17/1043 KB   43/1060 KB   43/713 KB   43/257 KB   91/358 KB   17/1043 KB   43/1060 KB   43/713 KB   43/257 KB   95/358 KB   17/1043 KB   43/1060 KB   43/713 KB   43/257 KB   99/358 KB   17/1043 KB   43/1060 KB   43/713 KB   43/257 KB   103/358 KB   17/1043 KB   43/1060 KB   43/713 KB   43/257 KB   107/358 KB   17/1043 KB   43/1060 KB   43/713 KB   43/257 KB   111/358 KB   17/1043 KB   43/1060 KB   43/713 KB   43/257 KB   115/358 KB   17/1043 KB   43/1060 KB   43/713 KB   43/257 KB   119/358 KB   17/1043 KB   43/1060 KB   43/713 KB   43/257 KB   71/358 KB   17/1043 KB   43/1060 KB   43/713 KB   43/257 KB   119/358 KB   21/1043 KB   43/1060 KB   43/713 KB   43/257 KB   119/358 KB   25/1043 KB   43/1060 KB   43/713 KB   43/257 KB   119/358 KB   29/1043 KB   43/1060 KB   43/713 KB   43/257 KB   119/358 KB   33/1043 KB   43/1060 KB   43/713 KB   43/257 KB   119/358 KB   37/1043 KB   43/1060 KB   43/713 KB   43/257 KB   119/358 KB   41/1043 KB   43/1060 KB   43/713 KB   43/257 KB   119/358 KB   43/1043 KB   43/1060 KB   47/713 KB   43/257 KB   119/358 KB   43/1043 KB   47/1060 KB   51/713 KB   43/257 KB   119/358 KB   43/1043 KB   47/1060 KB   55/713 KB   43/257 KB   119/358 KB   43/1043 KB   47/1060 KB   59/713 KB   43/257 KB   119/358 KB   43/1043 KB   47/1060 KB   63/713 KB   43/257 KB   119/358 KB   43/1043 KB   47/1060 KB   67/713 KB   43/257 KB   119/358 KB   43/1043 KB   47/1060 KB   71/713 KB   43/257 KB   119/358 KB   43/1043 KB   47/1060 KB   75/713 KB   43/257 KB   119/358 KB   43/1043 KB   47/1060 KB   79/713 KB   43/257 KB   119/358 KB   43/1043 KB   47/1060 KB   83/713 KB   43/257 KB   119/358 KB   43/1043 KB   47/1060 KB   87/713 KB   43/257 KB   119/358 KB   43/1043 KB   47/1060 KB   91/713 KB   43/257 KB   119/358 KB   43/1043 KB   47/1060 KB   95/713 KB   43/257 KB   119/358 KB   43/1043 KB   47/1060 KB   99/713 KB   43/257 KB   119/358 KB   43/1043 KB   47/1060 KB   99/713 KB   43/257 KB   119/358 KB   43/1043 KB   47/1060 KB   47/713 KB   43/257 KB   119/358 KB   43/1043 KB   51/1060 KB   99/713 KB   43/257 KB   119/358 KB   43/1043 KB   55/1060 KB   99/713 KB   43/257 KB   119/358 KB   43/1043 KB   59/1060 KB   99/713 KB   43/257 KB   119/358 KB   43/1043 KB   63/1060 KB   99/713 KB   43/257 KB   119/358 KB   43/1043 KB   67/1060 KB   99/713 KB   47/257 KB   119/358 KB   43/1043 KB   71/1060 KB   99/713 KB   47/257 KB   119/358 KB   43/1043 KB   75/1060 KB   99/713 KB   47/257 KB   119/358 KB   43/1043 KB   79/1060 KB   99/713 KB   47/257 KB   119/358 KB   43/1043 KB   83/1060 KB   99/713 KB   47/257 KB   119/358 KB   43/1043 KB   87/1060 KB   99/713 KB   47/257 KB   119/358 KB   43/1043 KB   91/1060 KB   99/713 KB   47/257 KB   119/358 KB   43/1043 KB   95/1060 KB   99/713 KB   47/257 KB   119/358 KB   43/1043 KB   99/1060 KB   99/713 KB   47/257 KB   119/358 KB   43/1043 KB   99/1060 KB   99/713 KB   47/257 KB   123/358 KB   43/1043 KB   63/1060 KB   99/713 KB   47/257 KB   119/358 KB   43/1043 KB   99/1060 KB   99/713 KB   51/257 KB   123/358 KB   43/1043 KB   99/1060 KB   99/713 KB   55/257 KB   123/358 KB   43/1043 KB   99/1060 KB   99/713 KB   59/257 KB   123/358 KB   43/1043 KB   99/1060 KB   99/713 KB   63/257 KB   123/358 KB   43/1043 KB   99/1060 KB   99/713 KB   67/257 KB   123/358 KB   43/1043 KB   99/1060 KB   99/713 KB   71/257 KB   123/358 KB   43/1043 KB   99/1060 KB   99/713 KB   75/257 KB   123/358 KB   47/1043 KB   99/1060 KB   99/713 KB   79/257 KB   123/358 KB   47/1043 KB   99/1060 KB   99/713 KB   83/257 KB   123/358 KB   47/1043 KB   99/1060 KB   99/713 KB   87/257 KB   123/358 KB   47/1043 KB   99/1060 KB   99/713 KB   91/257 KB   123/358 KB   47/1043 KB   99/1060 KB   99/713 KB   95/257 KB   123/358 KB   47/1043 KB   99/1060 KB   99/713 KB   99/257 KB   123/358 KB   47/1043 KB   99/1060 KB   99/713 KB   99/257 KB   123/358 KB   47/1043 KB   99/1060 KB   99/713 KB   47/257 KB   123/358 KB   43/1043 KB   99/1060 KB   99/713 KB   99/257 KB   127/358 KB   47/1043 KB   99/1060 KB   99/713 KB   99/257 KB   131/358 KB   47/1043 KB   99/1060 KB   99/713 KB   99/257 KB   135/358 KB   47/1043 KB   99/1060 KB   99/713 KB   99/257 KB   139/358 KB   47/1043 KB   99/1060 KB   99/713 KB   99/257 KB   143/358 KB   47/1043 KB   99/1060 KB   99/713 KB   99/257 KB   147/358 KB   47/1043 KB   99/1060 KB   99/713 KB   99/257 KB   151/358 KB   47/1043 KB   99/1060 KB   99/713 KB   99/257 KB   155/358 KB   47/1043 KB   99/1060 KB   99/713 KB   99/257 KB   159/358 KB   47/1043 KB   99/1060 KB   99/713 KB   99/257 KB   163/358 KB   47/1043 KB   99/1060 KB   99/713 KB   99/257 KB   167/358 KB   47/1043 KB   99/1060 KB   99/713 KB   99/257 KB   171/358 KB   47/1043 KB   99/1060 KB   99/713 KB   99/257 KB   175/358 KB   47/1043 KB   99/1060 KB   99/713 KB   71/257 KB   123/358 KB   47/1043 KB   99/1060 KB   99/713 KB   99/257 KB   175/358 KB   51/1043 KB   99/1060 KB   99/713 KB   99/257 KB   175/358 KB   55/1043 KB   99/1060 KB   99/713 KB   99/257 KB   175/358 KB   59/1043 KB   99/1060 KB   99/713 KB   99/257 KB   175/358 KB   63/1043 KB   99/1060 KB   99/713 KB   99/257 KB   175/358 KB   67/1043 KB   99/1060 KB   99/713 KB   99/257 KB   175/358 KB   71/1043 KB   99/1060 KB   99/713 KB   99/257 KB   175/358 KB   75/1043 KB   99/1060 KB   99/713 KB   99/257 KB   175/358 KB   79/1043 KB   99/1060 KB   99/713 KB   99/257 KB   175/358 KB   83/1043 KB   99/1060 KB   99/713 KB   99/257 KB   175/358 KB   87/1043 KB   99/1060 KB   99/713 KB   99/257 KB   175/358 KB   91/1043 KB   99/1060 KB   99/713 KB   99/257 KB   175/358 KB   95/1043 KB   99/1060 KB   99/713 KB   99/257 KB   175/358 KB   99/1043 KB   99/1060 KB   99/713 KB   99/257 KB   175/358 KB   99/1043 KB   99/1060 KB   99/713 KB   99/257 KB   179/358 KB   99/1043 KB   99/1060 KB   99/713 KB   99/257 KB   183/358 KB   99/1043 KB   99/1060 KB   99/713 KB   99/257 KB   187/358 KB   99/1043 KB   99/1060 KB   99/713 KB   99/257 KB   191/358 KB   99/1043 KB   99/1060 KB   99/713 KB   99/257 KB   195/358 KB   99/1043 KB   99/1060 KB   99/713 KB   99/257 KB   199/358 KB   99/1043 KB   99/1060 KB   99/713 KB   99/257 KB   203/358 KB   99/1043 KB   99/1060 KB   99/713 KB   99/257 KB   207/358 KB   99/1043 KB   99/1060 KB   99/713 KB   99/257 KB   211/358 KB   99/1043 KB   99/1060 KB   99/713 KB   99/257 KB   215/358 KB   99/1043 KB   99/1060 KB   99/713 KB   99/257 KB   219/358 KB   99/1043 KB   99/1060 KB   99/713 KB   99/257 KB   223/358 KB   99/1043 KB   99/1060 KB   99/713 KB   99/257 KB   227/358 KB   99/1043 KB   99/1060 KB   99/713 KB   99/257 KB   231/358 KB   99/1043 KB   99/1060 KB   99/713 KB   99/257 KB   235/358 KB   99/1043 KB   99/1060 KB   99/713 KB   99/257 KB   239/358 KB   99/1043 KB   99/1060 KB   103/713 KB   99/257 KB   243/358 KB   99/1043 KB   103/1060 KB   103/713 KB   99/257 KB   243/358 KB   99/1043 KB   107/1060 KB   103/713 KB   99/257 KB   243/358 KB   99/1043 KB   110/1060 KB   103/713 KB   99/257 KB   243/358 KB   99/1043 KB   99/1060 KB   103/713 KB   99/257 KB   239/358 KB   99/1043 KB   110/1060 KB   107/713 KB   99/257 KB   243/358 KB   99/1043 KB   114/1060 KB   111/713 KB   99/257 KB   243/358 KB   99/1043 KB   114/1060 KB   115/713 KB   99/257 KB   243/358 KB   99/1043 KB   114/1060 KB   119/713 KB   99/257 KB   243/358 KB   99/1043 KB   114/1060 KB   123/713 KB   99/257 KB   243/358 KB   99/1043 KB   114/1060 KB   127/713 KB   99/257 KB   243/358 KB   99/1043 KB   114/1060 KB   131/713 KB   99/257 KB   243/358 KB   99/1043 KB   114/1060 KB   135/713 KB   102/257 KB   243/358 KB   99/1043 KB   114/1060 KB   139/713 KB   102/257 KB   243/358 KB   99/1043 KB   114/1060 KB   143/713 KB   102/257 KB   243/358 KB   99/1043 KB   114/1060 KB   147/713 KB   102/257 KB   243/358 KB   99/1043 KB   114/1060 KB   151/713 KB   102/257 KB   243/358 KB   99/1043 KB   114/1060 KB   155/713 KB   102/257 KB   243/358 KB   99/1043 KB   114/1060 KB   159/713 KB   102/257 KB   243/358 KB   99/1043 KB   114/1060 KB   163/713 KB   102/257 KB   243/358 KB   99/1043 KB   114/1060 KB   167/713 KB   102/257 KB   243/358 KB   99/1043 KB   114/1060 KB   171/713 KB   102/257 KB   243/358 KB   99/1043 KB   114/1060 KB   175/713 KB   102/257 KB   243/358 KB   99/1043 KB   114/1060 KB   107/713 KB   99/257 KB   243/358 KB   99/1043 KB   118/1060 KB   175/713 KB   102/257 KB   243/358 KB   99/1043 KB   122/1060 KB   175/713 KB   102/257 KB   243/358 KB   99/1043 KB   126/1060 KB   175/713 KB   102/257 KB   243/358 KB   99/1043 KB   130/1060 KB   175/713 KB   102/257 KB   243/358 KB   99/1043 KB   134/1060 KB   175/713 KB   102/257 KB   243/358 KB   103/1043 KB   138/1060 KB   175/713 KB   102/257 KB   243/358 KB   103/1043 KB   142/1060 KB   175/713 KB   102/257 KB   243/358 KB   103/1043 KB   146/1060 KB   175/713 KB   102/257 KB   243/358 KB   103/1043 KB   150/1060 KB   175/713 KB   102/257 KB   243/358 KB   103/1043 KB   154/1060 KB   175/713 KB   102/257 KB   243/358 KB   103/1043 KB   158/1060 KB   175/713 KB   102/257 KB   243/358 KB   103/1043 KB   158/1060 KB   175/713 KB   102/257 KB   243/358 KB   103/1043 KB   114/1060 KB   131/713 KB   102/257 KB   243/358 KB   99/1043 KB   162/1060 KB   179/713 KB   106/257 KB   243/358 KB   103/1043 KB   162/1060 KB   179/713 KB   110/257 KB   243/358 KB   103/1043 KB   162/1060 KB   179/713 KB   114/257 KB   243/358 KB   103/1043 KB   162/1060 KB   179/713 KB   118/257 KB   243/358 KB   103/1043 KB   162/1060 KB   179/713 KB   122/257 KB   243/358 KB   103/1043 KB   162/1060 KB   179/713 KB   126/257 KB   247/358 KB   103/1043 KB   162/1060 KB   179/713 KB   130/257 KB   247/358 KB   103/1043 KB   162/1060 KB   179/713 KB   134/257 KB   247/358 KB   103/1043 KB   162/1060 KB   179/713 KB   138/257 KB   247/358 KB   103/1043 KB   162/1060 KB   179/713 KB   142/257 KB   247/358 KB   103/1043 KB   162/1060 KB   179/713 KB   146/257 KB   247/358 KB   103/1043 KB   162/1060 KB   179/713 KB   150/257 KB   247/358 KB   103/1043 KB   162/1060 KB   179/713 KB   154/257 KB   247/358 KB   103/1043 KB   162/1060 KB   179/713 KB   158/257 KB   247/358 KB   103/1043 KB   162/1060 KB   179/713 KB   162/257 KB   247/358 KB   103/1043 KB   162/1060 KB   179/713 KB   166/257 KB   247/358 KB   103/1043 KB   162/1060 KB   179/713 KB   170/257 KB   247/358 KB   103/1043 KB   162/1060 KB   179/713 KB   174/257 KB   247/358 KB   103/1043 KB   162/1060 KB   179/713 KB   178/257 KB   247/358 KB   103/1043 KB   162/1060 KB   179/713 KB   182/257 KB   247/358 KB   103/1043 KB   162/1060 KB   179/713 KB   186/257 KB   247/358 KB   103/1043 KB   162/1060 KB   179/713 KB   190/257 KB   247/358 KB   103/1043 KB   162/1060 KB   179/713 KB   194/257 KB   247/358 KB   103/1043 KB   162/1060 KB   179/713 KB   195/257 KB   247/358 KB   103/1043 KB   162/1060 KB   179/713 KB   102/257 KB   243/358 KB   103/1043 KB   162/1060 KB   175/713 KB   102/257 KB   243/358 KB   103/1043 KB   166/1060 KB   183/713 KB   195/257 KB   247/358 KB   103/1043 KB   170/1060 KB   183/713 KB   195/257 KB   247/358 KB   103/1043 KB   174/1060 KB   183/713 KB   195/257 KB   247/358 KB   103/1043 KB   178/1060 KB   183/713 KB   195/257 KB   247/358 KB   103/1043 KB   182/1060 KB   183/713 KB   195/257 KB   247/358 KB   103/1043 KB   186/1060 KB   183/713 KB   195/257 KB   247/358 KB   103/1043 KB   190/1060 KB   183/713 KB   195/257 KB   247/358 KB   103/1043 KB   194/1060 KB   183/713 KB   195/257 KB   247/358 KB   103/1043 KB   198/1060 KB   183/713 KB   195/257 KB   247/358 KB   103/1043 KB   130/1060 KB   175/713 KB   102/257 KB   243/358 KB   103/1043 KB   198/1060 KB   183/713 KB   195/257 KB   247/358 KB   107/1043 KB   198/1060 KB   183/713 KB   195/257 KB   247/358 KB   111/1043 KB   198/1060 KB   183/713 KB   195/257 KB   247/358 KB   115/1043 KB   198/1060 KB   183/713 KB   195/257 KB   247/358 KB   119/1043 KB   198/1060 KB   183/713 KB   195/257 KB   247/358 KB   123/1043 KB   198/1060 KB   183/713 KB   195/257 KB   247/358 KB   127/1043 KB   198/1060 KB   183/713 KB   195/257 KB   247/358 KB   131/1043 KB   198/1060 KB   183/713 KB   195/257 KB   247/358 KB   135/1043 KB   198/1060 KB   183/713 KB   195/257 KB   247/358 KB   139/1043 KB   198/1060 KB   183/713 KB   195/257 KB   247/358 KB   143/1043 KB   198/1060 KB   183/713 KB   195/257 KB   247/358 KB   147/1043 KB   198/1060 KB   183/713 KB   195/257 KB   247/358 KB   151/1043 KB   198/1060 KB   183/713 KB   195/257 KB   247/358 KB   155/1043 KB   198/1060 KB   183/713 KB   195/257 KB   247/358 KB   159/1043 KB   198/1060 KB   183/713 KB   195/257 KB   247/358 KB   163/1043 KB   198/1060 KB   183/713 KB   195/257 KB   247/358 KB   167/1043 KB   198/1060 KB   183/713 KB   195/257 KB   247/358 KB   171/1043 KB   198/1060 KB   183/713 KB   195/257 KB   247/358 KB   175/1043 KB   198/1060 KB   183/713 KB   195/257 KB   247/358 KB   179/1043 KB   198/1060 KB   183/713 KB   195/257 KB   247/358 KB   183/1043 KB   198/1060 KB   183/713 KB   195/257 KB   247/358 KB   187/1043 KB   198/1060 KB   183/713 KB   195/257 KB   247/358 KB   191/1043 KB   198/1060 KB   183/713 KB   195/257 KB   247/358 KB   195/1043 KB   198/1060 KB   183/713 KB   195/257 KB   247/358 KB   199/1043 KB   198/1060 KB   183/713 KB   195/257 KB   247/358 KB   203/1043 KB   198/1060 KB   183/713 KB   195/257 KB   247/358 KB   207/1043 KB   198/1060 KB   183/713 KB   195/257 KB   247/358 KB   209/1043 KB   202/1060 KB   183/713 KB   195/257 KB   247/358 KB   209/1043 KB   206/1060 KB   183/713 KB   195/257 KB   247/358 KB   209/1043 KB   210/1060 KB   183/713 KB   195/257 KB   247/358 KB   209/1043 KB   214/1060 KB   183/713 KB   195/257 KB   247/358 KB   209/1043 KB   218/1060 KB   183/713 KB   195/257 KB   247/358 KB   209/1043 KB   222/1060 KB   183/713 KB   195/257 KB   247/358 KB   209/1043 KB   226/1060 KB   183/713 KB   195/257 KB   247/358 KB   209/1043 KB   230/1060 KB   183/713 KB   195/257 KB   247/358 KB   209/1043 KB   230/1060 KB   183/713 KB   199/257 KB   247/358 KB   209/1043 KB   234/1060 KB   183/713 KB   201/257 KB   247/358 KB   209/1043 KB   162/1060 KB   183/713 KB   195/257 KB   247/358 KB   103/1043 KB   234/1060 KB   183/713 KB   205/257 KB   247/358 KB   209/1043 KB   234/1060 KB   187/713 KB   209/257 KB   247/358 KB   209/1043 KB   234/1060 KB   191/713 KB   209/257 KB   247/358 KB   209/1043 KB   234/1060 KB   195/713 KB   209/257 KB   247/358 KB   209/1043 KB   162/1060 KB   179/713 KB   122/257 KB   247/358 KB   103/1043 KB   234/1060 KB   195/713 KB   209/257 KB   251/358 KB   209/1043 KB   234/1060 KB   195/713 KB   209/257 KB   255/358 KB   209/1043 KB   234/1060 KB   195/713 KB   209/257 KB   259/358 KB   209/1043 KB   234/1060 KB   195/713 KB   209/257 KB   263/358 KB   209/1043 KB   234/1060 KB   195/713 KB   209/257 KB   267/358 KB   209/1043 KB   234/1060 KB   195/713 KB   209/257 KB   271/358 KB   209/1043 KB   234/1060 KB   195/713 KB   209/257 KB   275/358 KB   209/1043 KB   234/1060 KB   187/713 KB   209/257 KB   247/358 KB   209/1043 KB   234/1060 KB   199/713 KB   209/257 KB   279/358 KB   213/1043 KB   234/1060 KB   183/713 KB   201/257 KB   247/358 KB   209/1043 KB   234/1060 KB   199/713 KB   213/257 KB   279/358 KB   213/1043 KB   234/1060 KB   199/713 KB   217/257 KB   279/358 KB   213/1043 KB   238/1060 KB   199/713 KB   217/257 KB   279/358 KB   213/1043 KB   242/1060 KB   199/713 KB   221/257 KB   283/358 KB   213/1043 KB   246/1060 KB   199/713 KB   221/257 KB   283/358 KB   213/1043 KB   250/1060 KB   199/713 KB   221/257 KB   283/358 KB   213/1043 KB   254/1060 KB   199/713 KB   221/257 KB   283/358 KB   213/1043 KB   258/1060 KB   199/713 KB   221/257 KB   283/358 KB   213/1043 KB   262/1060 KB   199/713 KB   221/257 KB   283/358 KB   213/1043 KB   266/1060 KB   199/713 KB   221/257 KB   283/358 KB   213/1043 KB   270/1060 KB   199/713 KB   221/257 KB   283/358 KB   213/1043 KB   274/1060 KB   199/713 KB   221/257 KB   283/358 KB   213/1043 KB   278/1060 KB   199/713 KB   221/257 KB   283/358 KB   213/1043 KB   282/1060 KB   199/713 KB   221/257 KB   283/358 KB   213/1043 KB   286/1060 KB   199/713 KB   221/257 KB   283/358 KB   213/1043 KB   234/1060 KB   199/713 KB   209/257 KB   275/358 KB   213/1043 KB   286/1060 KB   203/713 KB   221/257 KB   283/358 KB   213/1043 KB   286/1060 KB   207/713 KB   221/257 KB   283/358 KB   213/1043 KB   290/1060 KB   207/713 KB   221/257 KB   283/358 KB   213/1043 KB   234/1060 KB   195/713 KB   209/257 KB   275/358 KB   213/1043 KB   294/1060 KB   211/713 KB   221/257 KB   283/358 KB   213/1043 KB   298/1060 KB   211/713 KB   221/257 KB   283/358 KB   213/1043 KB   298/1060 KB   211/713 KB   221/257 KB   283/358 KB   217/1043 KB   302/1060 KB   211/713 KB   221/257 KB   283/358 KB   217/1043 KB   302/1060 KB   211/713 KB   221/257 KB   283/358 KB   221/1043 KB   306/1060 KB   211/713 KB   221/257 KB   283/358 KB   221/1043 KB   306/1060 KB   211/713 KB   221/257 KB   283/358 KB   225/1043 KB   310/1060 KB   211/713 KB   221/257 KB   283/358 KB   225/1043 KB   310/1060 KB   211/713 KB   221/257 KB   283/358 KB   229/1043 KB   314/1060 KB   211/713 KB   221/257 KB   283/358 KB   229/1043 KB   314/1060 KB   211/713 KB   221/257 KB   283/358 KB   233/1043 KB   318/1060 KB   211/713 KB   221/257 KB   283/358 KB   233/1043 KB   318/1060 KB   211/713 KB   221/257 KB   283/358 KB   237/1043 KB   322/1060 KB   211/713 KB   221/257 KB   283/358 KB   237/1043 KB   290/1060 KB   211/713 KB   221/257 KB   283/358 KB   213/1043 KB   326/1060 KB   215/713 KB   221/257 KB   283/358 KB   241/1043 KB   326/1060 KB   219/713 KB   221/257 KB   283/358 KB   241/1043 KB   326/1060 KB   223/713 KB   221/257 KB   283/358 KB   241/1043 KB   326/1060 KB   227/713 KB   221/257 KB   283/358 KB   241/1043 KB   326/1060 KB   231/713 KB   221/257 KB   283/358 KB   241/1043 KB   326/1060 KB   235/713 KB   221/257 KB   283/358 KB   241/1043 KB   326/1060 KB   239/713 KB   221/257 KB   283/358 KB   241/1043 KB   326/1060 KB   243/713 KB   221/257 KB   283/358 KB   241/1043 KB   326/1060 KB   247/713 KB   221/257 KB   283/358 KB   241/1043 KB   326/1060 KB   251/713 KB   221/257 KB   283/358 KB   241/1043 KB   326/1060 KB   255/713 KB   221/257 KB   283/358 KB   241/1043 KB   326/1060 KB   259/713 KB   221/257 KB   283/358 KB   241/1043 KB   326/1060 KB   263/713 KB   221/257 KB   283/358 KB   241/1043 KB   326/1060 KB   267/713 KB   221/257 KB   283/358 KB   241/1043 KB   326/1060 KB   271/713 KB   221/257 KB   283/358 KB   241/1043 KB   326/1060 KB   275/713 KB   221/257 KB   283/358 KB   241/1043 KB   326/1060 KB   279/713 KB   221/257 KB   283/358 KB   241/1043 KB   326/1060 KB   283/713 KB   221/257 KB   283/358 KB   241/1043 KB   326/1060 KB   287/713 KB   221/257 KB   283/358 KB   241/1043 KB   326/1060 KB   291/713 KB   221/257 KB   283/358 KB   241/1043 KB   326/1060 KB   295/713 KB   221/257 KB   283/358 KB   241/1043 KB   326/1060 KB   299/713 KB   221/257 KB   283/358 KB   241/1043 KB   326/1060 KB   303/713 KB   221/257 KB   283/358 KB   241/1043 KB   326/1060 KB   307/713 KB   221/257 KB   283/358 KB   241/1043 KB   326/1060 KB   311/713 KB   221/257 KB   283/358 KB   241/1043 KB   326/1060 KB   315/713 KB   221/257 KB   283/358 KB   241/1043 KB   326/1060 KB   319/713 KB   221/257 KB   283/358 KB   241/1043 KB   326/1060 KB   323/713 KB   221/257 KB   283/358 KB   241/1043 KB   326/1060 KB   327/713 KB   221/257 KB   283/358 KB   241/1043 KB   326/1060 KB   331/713 KB   221/257 KB   283/358 KB   241/1043 KB   326/1060 KB   335/713 KB   221/257 KB   283/358 KB   241/1043 KB   326/1060 KB   339/713 KB   221/257 KB   283/358 KB   241/1043 KB   326/1060 KB   343/713 KB   221/257 KB   283/358 KB   241/1043 KB   238/1060 KB   199/713 KB   221/257 KB   283/358 KB   213/1043 KB   238/1060 KB   199/713 KB   221/257 KB   279/358 KB   213/1043 KB   326/1060 KB   343/713 KB   225/257 KB   283/358 KB   241/1043 KB   326/1060 KB   343/713 KB   229/257 KB   283/358 KB   241/1043 KB   326/1060 KB   343/713 KB   233/257 KB   283/358 KB   241/1043 KB   326/1060 KB   343/713 KB   237/257 KB   283/358 KB   241/1043 KB   326/1060 KB   343/713 KB   241/257 KB   283/358 KB   241/1043 KB   326/1060 KB   343/713 KB   245/257 KB   283/358 KB   241/1043 KB   326/1060 KB   343/713 KB   249/257 KB   283/358 KB   241/1043 KB   326/1060 KB   343/713 KB   253/257 KB   283/358 KB   241/1043 KB   326/1060 KB   343/713 KB   257/257 KB   283/358 KB   241/1043 KB   326/1060 KB   343/713 KB   257/257 KB   287/358 KB   241/1043 KB   326/1060 KB   343/713 KB   257/257 KB   291/358 KB   241/1043 KB   326/1060 KB   343/713 KB   257/257 KB   295/358 KB   241/1043 KB   326/1060 KB   343/713 KB   257/257 KB   299/358 KB   241/1043 KB   326/1060 KB   343/713 KB   257/257 KB   303/358 KB   241/1043 KB   326/1060 KB   343/713 KB   257/257 KB   307/358 KB   241/1043 KB   326/1060 KB   343/713 KB   257/257 KB   311/358 KB   241/1043 KB   326/1060 KB   343/713 KB   257/257 KB   315/358 KB   241/1043 KB   326/1060 KB   343/713 KB   257/257 KB   319/358 KB   241/1043 KB   326/1060 KB   343/713 KB   257/257 KB   323/358 KB   241/1043 KB   326/1060 KB   343/713 KB   257/257 KB   327/358 KB   241/1043 KB   326/1060 KB   343/713 KB   257/257 KB   331/358 KB   241/1043 KB   326/1060 KB   343/713 KB   257/257 KB   335/358 KB   241/1043 KB   326/1060 KB   343/713 KB   257/257 KB   339/358 KB   241/1043 KB   326/1060 KB   343/713 KB   257/257 KB   343/358 KB   241/1043 KB   326/1060 KB   343/713 KB   257/257 KB   347/358 KB   241/1043 KB   326/1060 KB   343/713 KB   257/257 KB   351/358 KB   241/1043 KB   326/1060 KB   343/713 KB   257/257 KB   355/358 KB   241/1043 KB   326/1060 KB   343/713 KB   257/257 KB   358/358 KB   241/1043 KB   326/1060 KB   211/713 KB   221/257 KB   283/358 KB   241/1043 KB   330/1060 KB   343/713 KB   257/257 KB   358/358 KB   241/1043 KB   334/1060 KB   343/713 KB   257/257 KB   358/358 KB   241/1043 KB   338/1060 KB   343/713 KB   257/257 KB   358/358 KB   241/1043 KB   322/1060 KB   211/713 KB   221/257 KB   283/358 KB   241/1043 KB   338/1060 KB   343/713 KB   257/257 KB   358/358 KB   245/1043 KB   338/1060 KB   343/713 KB   257/257 KB   358/358 KB   249/1043 KB   338/1060 KB   343/713 KB   257/257 KB   358/358 KB   253/1043 KB   338/1060 KB   343/713 KB   257/257 KB   358/358 KB   257/1043 KB   338/1060 KB   343/713 KB   257/257 KB   358/358 KB   261/1043 KB   338/1060 KB   343/713 KB   257/257 KB   358/358 KB   265/1043 KB   338/1060 KB   343/713 KB   257/257 KB   358/358 KB   269/1043 KB   338/1060 KB   343/713 KB   257/257 KB   358/358 KB   273/1043 KB   338/1060 KB   343/713 KB   257/257 KB   358/358 KB   277/1043 KB   338/1060 KB   343/713 KB   257/257 KB   358/358 KB   281/1043 KB   338/1060 KB   343/713 KB   257/257 KB   358/358 KB   285/1043 KB   338/1060 KB   343/713 KB   257/257 KB   358/358 KB   289/1043 KB   338/1060 KB   343/713 KB   257/257 KB   358/358 KB   293/1043 KB   338/1060 KB   343/713 KB   257/257 KB   358/358 KB   297/1043 KB   338/1060 KB   343/713 KB   257/257 KB   358/358 KB   301/1043 KB   338/1060 KB   343/713 KB   257/257 KB   358/358 KB   305/1043 KB   338/1060 KB   343/713 KB   257/257 KB   358/358 KB   309/1043 KB   338/1060 KB   343/713 KB   257/257 KB   358/358 KB   313/1043 KB   338/1060 KB   343/713 KB   257/257 KB   358/358 KB   317/1043 KB   338/1060 KB   343/713 KB   257/257 KB   358/358 KB   321/1043 KB   338/1060 KB   343/713 KB   257/257 KB   358/358 KB   325/1043 KB   338/1060 KB   343/713 KB   257/257 KB   358/358 KB   329/1043 KB   338/1060 KB   343/713 KB   257/257 KB   358/358 KB   333/1043 KB   338/1060 KB   343/713 KB   257/257 KB   358/358 KB   337/1043 KB   338/1060 KB   343/713 KB   257/257 KB   358/358 KB   341/1043 KB   338/1060 KB   343/713 KB   257/257 KB   358/358 KB   345/1043 KB   338/1060 KB   343/713 KB   257/257 KB   358/358 KB   349/1043 KB   338/1060 KB   343/713 KB   257/257 KB   358/358 KB   353/1043 KB   338/1060 KB   343/713 KB   257/257 KB   358/358 KB   357/1043 KB   338/1060 KB   343/713 KB   257/257 KB   358/358 KB   361/1043 KB   338/1060 KB   343/713 KB   257/257 KB   358/358 KB   365/1043 KB   338/1060 KB   343/713 KB   257/257 KB   358/358 KB   369/1043 KB   338/1060 KB   343/713 KB   257/257 KB   358/358 KB   373/1043 KB   338/1060 KB   343/713 KB   257/257 KB   358/358 KB   377/1043 KB   338/1060 KB   343/713 KB   257/257 KB   358/358 KB   381/1043 KB   338/1060 KB   343/713 KB   257/257 KB   358/358 KB   385/1043 KB   338/1060 KB   343/713 KB   257/257 KB   358/358 KB   389/1043 KB   338/1060 KB   343/713 KB   257/257 KB   358/358 KB   393/1043 KB   338/1060 KB   343/713 KB   257/257 KB   358/358 KB   397/1043 KB   338/1060 KB   343/713 KB   257/257 KB   358/358 KB   401/1043 KB   338/1060 KB   343/713 KB   257/257 KB   358/358 KB   405/1043 KB   338/1060 KB   343/713 KB   257/257 KB   358/358 KB   409/1043 KB   338/1060 KB   343/713 KB   257/257 KB   358/358 KB   413/1043 KB   338/1060 KB   343/713 KB   257/257 KB   358/358 KB   417/1043 KB   338/1060 KB   343/713 KB   257/257 KB   358/358 KB   421/1043 KB   338/1060 KB   343/713 KB   257/257 KB   358/358 KB   425/1043 KB   338/1060 KB   343/713 KB   257/257 KB   358/358 KB   429/1043 KB   338/1060 KB   343/713 KB   257/257 KB   358/358 KB   433/1043 KB   338/1060 KB   343/713 KB   257/257 KB   358/358 KB   437/1043 KB   338/1060 KB   343/713 KB   257/257 KB   358/358 KB   441/1043 KB   338/1060 KB   343/713 KB   257/257 KB   358/358 KB   445/1043 KB   338/1060 KB   343/713 KB   257/257 KB   358/358 KB   449/1043 KB   338/1060 KB   343/713 KB   257/257 KB   358/358 KB   453/1043 KB   338/1060 KB   343/713 KB   257/257 KB   358/358 KB   457/1043 KB   338/1060 KB   343/713 KB   257/257 KB   358/358 KB   461/1043 KB   338/1060 KB   343/713 KB   257/257 KB   358/358 KB   465/1043 KB   338/1060 KB   343/713 KB   257/257 KB   358/358 KB   469/1043 KB   338/1060 KB   343/713 KB   257/257 KB   358/358 KB   473/1043 KB   338/1060 KB   343/713 KB   257/257 KB   358/358 KB   477/1043 KB   342/1060 KB   343/713 KB   257/257 KB   358/358 KB   481/1043 KB   342/1060 KB   343/713 KB   257/257 KB   358/358 KB   485/1043 KB   342/1060 KB   343/713 KB   257/257 KB   358/358 KB   489/1043 KB   342/1060 KB   343/713 KB   257/257 KB   358/358 KB   493/1043 KB   342/1060 KB   343/713 KB   257/257 KB   358/358 KB   497/1043 KB   342/1060 KB   343/713 KB   257/257 KB   358/358 KB   501/1043 KB   342/1060 KB   343/713 KB   257/257 KB   358/358 KB   505/1043 KB   342/1060 KB   343/713 KB   257/257 KB   358/358 KB   509/1043 KB   342/1060 KB   343/713 KB   257/257 KB   358/358 KB   513/1043 KB   342/1060 KB   343/713 KB   257/257 KB   358/358 KB   517/1043 KB   342/1060 KB   343/713 KB   257/257 KB   358/358 KB   521/1043 KB   342/1060 KB   343/713 KB   257/257 KB   358/358 KB   525/1043 KB   342/1060 KB   343/713 KB   257/257 KB   358/358 KB   529/1043 KB   342/1060 KB   343/713 KB   257/257 KB   358/358 KB   533/1043 KB   342/1060 KB   343/713 KB   257/257 KB   358/358 KB   537/1043 KB   342/1060 KB   343/713 KB   257/257 KB   358/358 KB   539/1043 KB   342/1060 KB   343/713 KB   257/257 KB   358/358 KB   477/1043 KB   346/1060 KB   343/713 KB   257/257 KB   358/358 KB   539/1043 KB   350/1060 KB   343/713 KB   257/257 KB   358/358 KB   539/1043 KB   354/1060 KB   343/713 KB   257/257 KB   358/358 KB   539/1043 KB   358/1060 KB   343/713 KB   257/257 KB   358/358 KB   539/1043 KB   362/1060 KB   343/713 KB   257/257 KB   358/358 KB   539/1043 KB   366/1060 KB   343/713 KB   257/257 KB   358/358 KB   539/1043 KB   370/1060 KB   343/713 KB   257/257 KB   358/358 KB   539/1043 KB   374/1060 KB   343/713 KB   257/257 KB   358/358 KB   539/1043 KB   378/1060 KB   343/713 KB   257/257 KB   358/358 KB   539/1043 KB   382/1060 KB   343/713 KB   257/257 KB   358/358 KB   539/1043 KB   386/1060 KB   343/713 KB   257/257 KB   358/358 KB   539/1043 KB   390/1060 KB   343/713 KB   257/257 KB   358/358 KB   539/1043 KB   394/1060 KB   343/713 KB   257/257 KB   358/358 KB   539/1043 KB   398/1060 KB   343/713 KB   257/257 KB   358/358 KB   539/1043 KB   402/1060 KB   343/713 KB   257/257 KB   358/358 KB   539/1043 KB   406/1060 KB   343/713 KB   257/257 KB   358/358 KB   539/1043 KB   410/1060 KB   343/713 KB   257/257 KB   358/358 KB   539/1043 KB   414/1060 KB   343/713 KB   257/257 KB   358/358 KB   539/1043 KB   418/1060 KB   343/713 KB   257/257 KB   358/358 KB   539/1043 KB   422/1060 KB   343/713 KB   257/257 KB   358/358 KB   539/1043 KB   426/1060 KB   343/713 KB   257/257 KB   358/358 KB   539/1043 KB   430/1060 KB   343/713 KB   257/257 KB   358/358 KB   539/1043 KB   434/1060 KB   343/713 KB   257/257 KB   358/358 KB   539/1043 KB   438/1060 KB   343/713 KB   257/257 KB   358/358 KB   539/1043 KB   442/1060 KB   347/713 KB   257/257 KB   358/358 KB   539/1043 KB   446/1060 KB   347/713 KB   257/257 KB   358/358 KB   539/1043 KB   450/1060 KB   347/713 KB   257/257 KB   358/358 KB   539/1043 KB   454/1060 KB   347/713 KB   257/257 KB   358/358 KB   539/1043 KB   458/1060 KB   347/713 KB   257/257 KB   358/358 KB   539/1043 KB   462/1060 KB   347/713 KB   257/257 KB   358/358 KB   539/1043 KB   466/1060 KB   347/713 KB   257/257 KB   358/358 KB   539/1043 KB   470/1060 KB   347/713 KB   257/257 KB   358/358 KB   539/1043 KB   474/1060 KB   347/713 KB   257/257 KB   358/358 KB   539/1043 KB   478/1060 KB   347/713 KB   257/257 KB   358/358 KB   539/1043 KB   482/1060 KB   347/713 KB   257/257 KB   358/358 KB   539/1043 KB                                                                      Downloaded: http://repo.maven.apache.org/maven2/org/springframework/spring-expression/4.2.1.RELEASE/spring-expression-4.2.1.RELEASE.jar (257 KB at 1423.5 KB/sec)
Downloading: http://repo.maven.apache.org/maven2/org/springframework/spring-web/4.2.1.RELEASE/spring-web-4.2.1.RELEASE.jar
482/1060 KB   347/713 KB   358/358 KB   543/1043 KB                482/1060 KB   347/713 KB   358/358 KB   547/1043 KB   482/1060 KB   347/713 KB   358/358 KB   551/1043 KB   482/1060 KB   347/713 KB   358/358 KB   555/1043 KB   482/1060 KB   347/713 KB   358/358 KB   559/1043 KB   482/1060 KB   347/713 KB   358/358 KB   563/1043 KB   482/1060 KB   347/713 KB   358/358 KB   567/1043 KB   482/1060 KB   347/713 KB   358/358 KB   571/1043 KB   482/1060 KB   347/713 KB   358/358 KB   575/1043 KB   482/1060 KB   347/713 KB   358/358 KB   579/1043 KB   482/1060 KB   347/713 KB   358/358 KB   583/1043 KB   482/1060 KB   347/713 KB   358/358 KB   587/1043 KB   482/1060 KB   347/713 KB   358/358 KB   591/1043 KB   482/1060 KB   347/713 KB   358/358 KB   595/1043 KB   482/1060 KB   347/713 KB   358/358 KB   599/1043 KB   482/1060 KB   347/713 KB   358/358 KB   603/1043 KB   486/1060 KB   347/713 KB   358/358 KB   607/1043 KB   486/1060 KB   347/713 KB   358/358 KB   611/1043 KB   486/1060 KB   347/713 KB   358/358 KB   615/1043 KB   486/1060 KB   347/713 KB   358/358 KB   619/1043 KB   486/1060 KB   347/713 KB   358/358 KB   623/1043 KB   486/1060 KB   347/713 KB   358/358 KB   627/1043 KB   486/1060 KB   347/713 KB   358/358 KB   631/1043 KB   486/1060 KB   347/713 KB   358/358 KB   635/1043 KB   486/1060 KB   347/713 KB   358/358 KB   639/1043 KB   486/1060 KB   347/713 KB   358/358 KB   643/1043 KB                                                         Downloaded: http://repo.maven.apache.org/maven2/org/springframework/spring-aop/4.2.1.RELEASE/spring-aop-4.2.1.RELEASE.jar (358 KB at 1641.8 KB/sec)
Downloading: http://repo.maven.apache.org/maven2/org/springframework/spring-webmvc/4.2.1.RELEASE/spring-webmvc-4.2.1.RELEASE.jar
438/1060 KB   347/713 KB   257/257 KB   358/358 KB   539/1043 KB   486/1060 KB   351/713 KB   643/1043 KB                486/1060 KB   355/713 KB   643/1043 KB   486/1060 KB   359/713 KB   643/1043 KB   486/1060 KB   363/713 KB   643/1043 KB   4/751 KB   486/1060 KB   367/713 KB   643/1043 KB   4/751 KB   486/1060 KB   371/713 KB   643/1043 KB   4/751 KB   486/1060 KB   375/713 KB   643/1043 KB   4/751 KB   486/1060 KB   379/713 KB   643/1043 KB   4/751 KB   486/1060 KB   383/713 KB   643/1043 KB   4/751 KB   486/1060 KB   387/713 KB   643/1043 KB   4/751 KB   486/1060 KB   391/713 KB   643/1043 KB   4/751 KB   486/1060 KB   395/713 KB   643/1043 KB   4/751 KB   486/1060 KB   399/713 KB   643/1043 KB   4/751 KB   486/1060 KB   403/713 KB   643/1043 KB   4/751 KB   486/1060 KB   407/713 KB   643/1043 KB   4/751 KB   486/1060 KB   411/713 KB   643/1043 KB   4/751 KB   486/1060 KB   415/713 KB   643/1043 KB   4/751 KB   486/1060 KB   419/713 KB   643/1043 KB   4/751 KB   486/1060 KB   423/713 KB   643/1043 KB   4/751 KB   486/1060 KB   427/713 KB   643/1043 KB   4/751 KB   486/1060 KB   431/713 KB   647/1043 KB   4/751 KB   486/1060 KB   435/713 KB   647/1043 KB   4/751 KB   486/1060 KB   439/713 KB   647/1043 KB   4/751 KB   486/1060 KB   443/713 KB   647/1043 KB   4/751 KB   486/1060 KB   447/713 KB   647/1043 KB   4/751 KB   486/1060 KB   451/713 KB   647/1043 KB   4/751 KB   486/1060 KB   455/713 KB   647/1043 KB   4/751 KB   486/1060 KB   459/713 KB   647/1043 KB   4/751 KB   486/1060 KB   463/713 KB   647/1043 KB   4/751 KB   486/1060 KB   467/713 KB   647/1043 KB   4/751 KB   486/1060 KB   471/713 KB   647/1043 KB   4/751 KB   486/1060 KB   475/713 KB   647/1043 KB   4/751 KB   486/1060 KB   479/713 KB   647/1043 KB   4/751 KB   486/1060 KB   483/713 KB   647/1043 KB   4/751 KB   486/1060 KB   487/713 KB   647/1043 KB   4/751 KB   486/1060 KB   491/713 KB   647/1043 KB   4/751 KB   486/1060 KB   495/713 KB   647/1043 KB   4/751 KB   486/1060 KB   499/713 KB   647/1043 KB   4/751 KB   486/1060 KB   503/713 KB   647/1043 KB   4/751 KB   486/1060 KB   507/713 KB   647/1043 KB   4/751 KB   486/1060 KB   511/713 KB   647/1043 KB   4/751 KB   486/1060 KB   515/713 KB   647/1043 KB   4/751 KB   486/1060 KB   519/713 KB   647/1043 KB   4/751 KB   486/1060 KB   523/713 KB   647/1043 KB   4/751 KB   486/1060 KB   527/713 KB   647/1043 KB   4/751 KB   486/1060 KB   531/713 KB   647/1043 KB   4/751 KB   486/1060 KB   535/713 KB   647/1043 KB   4/751 KB   486/1060 KB   539/713 KB   647/1043 KB   4/751 KB   486/1060 KB   543/713 KB   647/1043 KB   4/751 KB   486/1060 KB   4/847 KB   547/713 KB   647/1043 KB   4/751 KB   486/1060 KB   4/847 KB   551/713 KB   647/1043 KB   4/751 KB   486/1060 KB   4/847 KB   555/713 KB   647/1043 KB   4/751 KB   486/1060 KB   4/847 KB   559/713 KB   647/1043 KB   4/751 KB   486/1060 KB   4/847 KB   563/713 KB   647/1043 KB   4/751 KB   486/1060 KB   347/713 KB   358/358 KB   603/1043 KB   490/1060 KB   4/847 KB   563/713 KB   647/1043 KB   4/751 KB   494/1060 KB   4/847 KB   563/713 KB   647/1043 KB   4/751 KB   498/1060 KB   4/847 KB   563/713 KB   647/1043 KB   4/751 KB   502/1060 KB   4/847 KB   563/713 KB   647/1043 KB   4/751 KB   506/1060 KB   4/847 KB   563/713 KB   647/1043 KB   4/751 KB   510/1060 KB   4/847 KB   563/713 KB   647/1043 KB   4/751 KB   514/1060 KB   4/847 KB   563/713 KB   647/1043 KB   4/751 KB   518/1060 KB   4/847 KB   563/713 KB   647/1043 KB   4/751 KB   522/1060 KB   4/847 KB   563/713 KB   647/1043 KB   4/751 KB   526/1060 KB   4/847 KB   563/713 KB   647/1043 KB   4/751 KB   530/1060 KB   4/847 KB   563/713 KB   647/1043 KB   4/751 KB   534/1060 KB   4/847 KB   563/713 KB   647/1043 KB   4/751 KB   538/1060 KB   4/847 KB   563/713 KB   647/1043 KB   4/751 KB   542/1060 KB   4/847 KB   563/713 KB   647/1043 KB   4/751 KB   546/1060 KB   4/847 KB   563/713 KB   647/1043 KB   4/751 KB   550/1060 KB   4/847 KB   563/713 KB   647/1043 KB   4/751 KB   554/1060 KB   4/847 KB   563/713 KB   647/1043 KB   4/751 KB   558/1060 KB   4/847 KB   563/713 KB   647/1043 KB   4/751 KB   562/1060 KB   4/847 KB   563/713 KB   647/1043 KB   4/751 KB   566/1060 KB   4/847 KB   563/713 KB   647/1043 KB   4/751 KB   570/1060 KB   4/847 KB   563/713 KB   647/1043 KB   4/751 KB   574/1060 KB   4/847 KB   563/713 KB   647/1043 KB   4/751 KB   578/1060 KB   4/847 KB   563/713 KB   647/1043 KB   4/751 KB   582/1060 KB   4/847 KB   563/713 KB   647/1043 KB   4/751 KB   586/1060 KB   4/847 KB   563/713 KB   647/1043 KB   4/751 KB   590/1060 KB   4/847 KB   563/713 KB   647/1043 KB   4/751 KB   594/1060 KB   4/847 KB   563/713 KB   647/1043 KB   4/751 KB   598/1060 KB   4/847 KB   563/713 KB   647/1043 KB   4/751 KB   602/1060 KB   4/847 KB   563/713 KB   647/1043 KB   4/751 KB   606/1060 KB   4/847 KB   563/713 KB   647/1043 KB   4/751 KB   610/1060 KB   4/847 KB   563/713 KB   647/1043 KB   4/751 KB   614/1060 KB   4/847 KB   563/713 KB   647/1043 KB   4/751 KB   618/1060 KB   4/847 KB   563/713 KB   647/1043 KB   4/751 KB   486/1060 KB   4/847 KB   543/713 KB   647/1043 KB   4/751 KB   622/1060 KB   8/847 KB   563/713 KB   647/1043 KB   4/751 KB   622/1060 KB   12/847 KB   563/713 KB   647/1043 KB   4/751 KB   622/1060 KB   16/847 KB   563/713 KB   647/1043 KB   4/751 KB   622/1060 KB   20/847 KB   563/713 KB   647/1043 KB   4/751 KB   622/1060 KB   24/847 KB   563/713 KB   647/1043 KB   4/751 KB   622/1060 KB   28/847 KB   563/713 KB   647/1043 KB   4/751 KB   622/1060 KB   32/847 KB   563/713 KB   647/1043 KB   4/751 KB   622/1060 KB   36/847 KB   563/713 KB   647/1043 KB   4/751 KB   622/1060 KB   40/847 KB   563/713 KB   647/1043 KB   4/751 KB   622/1060 KB   44/847 KB   563/713 KB   647/1043 KB   4/751 KB   622/1060 KB   48/847 KB   563/713 KB   647/1043 KB   4/751 KB   622/1060 KB   52/847 KB   563/713 KB   647/1043 KB   4/751 KB   622/1060 KB   56/847 KB   563/713 KB   647/1043 KB   4/751 KB   622/1060 KB   60/847 KB   563/713 KB   647/1043 KB   4/751 KB   622/1060 KB   64/847 KB   563/713 KB   647/1043 KB   4/751 KB   622/1060 KB   68/847 KB   563/713 KB   647/1043 KB   4/751 KB   622/1060 KB   72/847 KB   563/713 KB   647/1043 KB   4/751 KB   622/1060 KB   76/847 KB   563/713 KB   647/1043 KB   4/751 KB   622/1060 KB   80/847 KB   563/713 KB   647/1043 KB   4/751 KB   622/1060 KB   84/847 KB   563/713 KB   647/1043 KB   4/751 KB   622/1060 KB   88/847 KB   563/713 KB   647/1043 KB   4/751 KB   622/1060 KB   92/847 KB   563/713 KB   647/1043 KB   4/751 KB   622/1060 KB   96/847 KB   563/713 KB   647/1043 KB   4/751 KB   622/1060 KB   100/847 KB   563/713 KB   647/1043 KB   4/751 KB   622/1060 KB   104/847 KB   563/713 KB   647/1043 KB   4/751 KB   622/1060 KB   108/847 KB   563/713 KB   647/1043 KB   4/751 KB   622/1060 KB   112/847 KB   563/713 KB   647/1043 KB   4/751 KB   622/1060 KB   116/847 KB   563/713 KB   647/1043 KB   4/751 KB   622/1060 KB   120/847 KB   563/713 KB   647/1043 KB   4/751 KB   622/1060 KB   124/847 KB   563/713 KB   647/1043 KB   4/751 KB   622/1060 KB   128/847 KB   563/713 KB   647/1043 KB   4/751 KB   622/1060 KB   132/847 KB   563/713 KB   647/1043 KB   4/751 KB   622/1060 KB   136/847 KB   563/713 KB   647/1043 KB   4/751 KB   622/1060 KB   140/847 KB   563/713 KB   647/1043 KB   4/751 KB   622/1060 KB   144/847 KB   563/713 KB   647/1043 KB   4/751 KB   622/1060 KB   148/847 KB   563/713 KB   647/1043 KB   4/751 KB   622/1060 KB   152/847 KB   563/713 KB   647/1043 KB   4/751 KB   622/1060 KB   156/847 KB   563/713 KB   647/1043 KB   4/751 KB   622/1060 KB   160/847 KB   563/713 KB   647/1043 KB   4/751 KB   622/1060 KB   164/847 KB   563/713 KB   647/1043 KB   4/751 KB   622/1060 KB   168/847 KB   563/713 KB   647/1043 KB   4/751 KB   622/1060 KB   172/847 KB   563/713 KB   647/1043 KB   4/751 KB   622/1060 KB   176/847 KB   563/713 KB   647/1043 KB   4/751 KB   622/1060 KB   180/847 KB   563/713 KB   647/1043 KB   4/751 KB   622/1060 KB   184/847 KB   563/713 KB   647/1043 KB   4/751 KB   622/1060 KB   188/847 KB   563/713 KB   647/1043 KB   4/751 KB   622/1060 KB   192/847 KB   563/713 KB   647/1043 KB   4/751 KB   622/1060 KB   196/847 KB   563/713 KB   647/1043 KB   4/751 KB   622/1060 KB   200/847 KB   563/713 KB   647/1043 KB   4/751 KB   622/1060 KB   204/847 KB   563/713 KB   647/1043 KB   4/751 KB   486/1060 KB   427/713 KB   647/1043 KB   4/751 KB   486/1060 KB   359/713 KB   643/1043 KB   4/751 KB   622/1060 KB   204/847 KB   567/713 KB   647/1043 KB   8/751 KB   622/1060 KB   204/847 KB   567/713 KB   647/1043 KB   12/751 KB   622/1060 KB   204/847 KB   567/713 KB   647/1043 KB   16/751 KB   622/1060 KB   204/847 KB   567/713 KB   647/1043 KB   20/751 KB   622/1060 KB   204/847 KB   567/713 KB   647/1043 KB   24/751 KB   622/1060 KB   204/847 KB   567/713 KB   647/1043 KB   28/751 KB   622/1060 KB   204/847 KB   567/713 KB   647/1043 KB   32/751 KB   622/1060 KB   204/847 KB   567/713 KB   647/1043 KB   36/751 KB   622/1060 KB   204/847 KB   567/713 KB   647/1043 KB   40/751 KB   622/1060 KB   204/847 KB   567/713 KB   647/1043 KB   44/751 KB   622/1060 KB   204/847 KB   567/713 KB   647/1043 KB   48/751 KB   622/1060 KB   204/847 KB   567/713 KB   647/1043 KB   52/751 KB   622/1060 KB   204/847 KB   567/713 KB   647/1043 KB   56/751 KB   622/1060 KB   204/847 KB   567/713 KB   647/1043 KB   60/751 KB   622/1060 KB   204/847 KB   567/713 KB   647/1043 KB   64/751 KB   622/1060 KB   204/847 KB   567/713 KB   647/1043 KB   68/751 KB   622/1060 KB   204/847 KB   567/713 KB   647/1043 KB   72/751 KB   622/1060 KB   204/847 KB   567/713 KB   647/1043 KB   76/751 KB   622/1060 KB   204/847 KB   567/713 KB   647/1043 KB   80/751 KB   622/1060 KB   204/847 KB   567/713 KB   647/1043 KB   84/751 KB   622/1060 KB   204/847 KB   567/713 KB   647/1043 KB   88/751 KB   622/1060 KB   204/847 KB   567/713 KB   647/1043 KB   92/751 KB   622/1060 KB   204/847 KB   567/713 KB   647/1043 KB   96/751 KB   622/1060 KB   204/847 KB   567/713 KB   647/1043 KB   100/751 KB   622/1060 KB   204/847 KB   567/713 KB   647/1043 KB   104/751 KB   622/1060 KB   204/847 KB   567/713 KB   647/1043 KB   108/751 KB   622/1060 KB   204/847 KB   567/713 KB   647/1043 KB   112/751 KB   622/1060 KB   204/847 KB   567/713 KB   647/1043 KB   116/751 KB   622/1060 KB   204/847 KB   567/713 KB   647/1043 KB   120/751 KB   622/1060 KB   204/847 KB   567/713 KB   647/1043 KB   124/751 KB   622/1060 KB   204/847 KB   567/713 KB   647/1043 KB   128/751 KB   622/1060 KB   204/847 KB   567/713 KB   647/1043 KB   132/751 KB   622/1060 KB   204/847 KB   567/713 KB   647/1043 KB   136/751 KB   622/1060 KB   204/847 KB   567/713 KB   647/1043 KB   140/751 KB   622/1060 KB   204/847 KB   567/713 KB   647/1043 KB   144/751 KB   622/1060 KB   204/847 KB   567/713 KB   647/1043 KB   148/751 KB   622/1060 KB   204/847 KB   567/713 KB   647/1043 KB   152/751 KB   622/1060 KB   204/847 KB   567/713 KB   647/1043 KB   156/751 KB   622/1060 KB   204/847 KB   567/713 KB   647/1043 KB   160/751 KB   622/1060 KB   204/847 KB   567/713 KB   647/1043 KB   164/751 KB   622/1060 KB   204/847 KB   567/713 KB   647/1043 KB   168/751 KB   622/1060 KB   204/847 KB   567/713 KB   647/1043 KB   172/751 KB   622/1060 KB   204/847 KB   567/713 KB   647/1043 KB   176/751 KB   622/1060 KB   204/847 KB   567/713 KB   647/1043 KB   180/751 KB   622/1060 KB   204/847 KB   567/713 KB   647/1043 KB   184/751 KB   622/1060 KB   204/847 KB   567/713 KB   647/1043 KB   188/751 KB   622/1060 KB   204/847 KB   567/713 KB   647/1043 KB   192/751 KB   622/1060 KB   204/847 KB   567/713 KB   647/1043 KB   196/751 KB   622/1060 KB   204/847 KB   567/713 KB   647/1043 KB   200/751 KB   622/1060 KB   204/847 KB   567/713 KB   647/1043 KB   204/751 KB   622/1060 KB   204/847 KB   567/713 KB   647/1043 KB   208/751 KB   622/1060 KB   204/847 KB   567/713 KB   647/1043 KB   212/751 KB   622/1060 KB   204/847 KB   567/713 KB   647/1043 KB   216/751 KB   622/1060 KB   204/847 KB   567/713 KB   647/1043 KB   220/751 KB   622/1060 KB   204/847 KB   567/713 KB   647/1043 KB   224/751 KB   622/1060 KB   204/847 KB   567/713 KB   651/1043 KB   224/751 KB   622/1060 KB   204/847 KB   567/713 KB   655/1043 KB   224/751 KB   622/1060 KB   204/847 KB   567/713 KB   659/1043 KB   224/751 KB   622/1060 KB   204/847 KB   567/713 KB   663/1043 KB   224/751 KB   622/1060 KB   204/847 KB   567/713 KB   667/1043 KB   224/751 KB   622/1060 KB   204/847 KB   567/713 KB   671/1043 KB   224/751 KB   622/1060 KB   204/847 KB   567/713 KB   675/1043 KB   224/751 KB   622/1060 KB   204/847 KB   567/713 KB   679/1043 KB   224/751 KB   622/1060 KB   204/847 KB   567/713 KB   683/1043 KB   224/751 KB   622/1060 KB   204/847 KB   567/713 KB   687/1043 KB   224/751 KB   622/1060 KB   204/847 KB   567/713 KB   691/1043 KB   224/751 KB   622/1060 KB   204/847 KB   567/713 KB   695/1043 KB   224/751 KB   622/1060 KB   204/847 KB   567/713 KB   699/1043 KB   224/751 KB   622/1060 KB   204/847 KB   567/713 KB   703/1043 KB   224/751 KB   622/1060 KB   204/847 KB   567/713 KB   707/1043 KB   224/751 KB   622/1060 KB   204/847 KB   567/713 KB   711/1043 KB   224/751 KB   622/1060 KB   204/847 KB   567/713 KB   715/1043 KB   224/751 KB   622/1060 KB   204/847 KB   567/713 KB   719/1043 KB   224/751 KB   622/1060 KB   204/847 KB   567/713 KB   723/1043 KB   224/751 KB   622/1060 KB   204/847 KB   567/713 KB   727/1043 KB   224/751 KB   622/1060 KB   204/847 KB   567/713 KB   731/1043 KB   224/751 KB   622/1060 KB   204/847 KB   567/713 KB   735/1043 KB   224/751 KB   622/1060 KB   204/847 KB   567/713 KB   739/1043 KB   224/751 KB   622/1060 KB   204/847 KB   567/713 KB   743/1043 KB   224/751 KB   622/1060 KB   204/847 KB   567/713 KB   747/1043 KB   224/751 KB   622/1060 KB   204/847 KB   567/713 KB   751/1043 KB   224/751 KB   622/1060 KB   204/847 KB   567/713 KB   755/1043 KB   224/751 KB   622/1060 KB   204/847 KB   567/713 KB   759/1043 KB   224/751 KB   622/1060 KB   204/847 KB   567/713 KB   763/1043 KB   224/751 KB   622/1060 KB   204/847 KB   567/713 KB   767/1043 KB   224/751 KB   622/1060 KB   204/847 KB   567/713 KB   771/1043 KB   224/751 KB   622/1060 KB   204/847 KB   567/713 KB   775/1043 KB   224/751 KB   622/1060 KB   204/847 KB   567/713 KB   779/1043 KB   224/751 KB   622/1060 KB   204/847 KB   567/713 KB   783/1043 KB   224/751 KB   622/1060 KB   204/847 KB   567/713 KB   787/1043 KB   224/751 KB   622/1060 KB   204/847 KB   567/713 KB   791/1043 KB   224/751 KB   622/1060 KB   204/847 KB   567/713 KB   795/1043 KB   224/751 KB   622/1060 KB   204/847 KB   567/713 KB   799/1043 KB   224/751 KB   622/1060 KB   204/847 KB   567/713 KB   803/1043 KB   224/751 KB   622/1060 KB   204/847 KB   567/713 KB   807/1043 KB   224/751 KB   622/1060 KB   204/847 KB   567/713 KB   811/1043 KB   224/751 KB   622/1060 KB   204/847 KB   567/713 KB   815/1043 KB   224/751 KB   622/1060 KB   204/847 KB   567/713 KB   819/1043 KB   224/751 KB   622/1060 KB   204/847 KB   567/713 KB   823/1043 KB   224/751 KB   622/1060 KB   204/847 KB   567/713 KB   827/1043 KB   224/751 KB   622/1060 KB   204/847 KB   567/713 KB   831/1043 KB   224/751 KB   622/1060 KB   204/847 KB   567/713 KB   835/1043 KB   224/751 KB   622/1060 KB   204/847 KB   567/713 KB   839/1043 KB   224/751 KB   622/1060 KB   204/847 KB   567/713 KB   843/1043 KB   224/751 KB   622/1060 KB   204/847 KB   567/713 KB   847/1043 KB   224/751 KB   622/1060 KB   204/847 KB   567/713 KB   851/1043 KB   224/751 KB   622/1060 KB   204/847 KB   567/713 KB   855/1043 KB   224/751 KB   622/1060 KB   204/847 KB   567/713 KB   859/1043 KB   224/751 KB   622/1060 KB   204/847 KB   567/713 KB   863/1043 KB   224/751 KB   622/1060 KB   208/847 KB   567/713 KB   867/1043 KB   224/751 KB   622/1060 KB   208/847 KB   567/713 KB   871/1043 KB   224/751 KB   622/1060 KB   208/847 KB   567/713 KB   875/1043 KB   224/751 KB   622/1060 KB   208/847 KB   567/713 KB   879/1043 KB   224/751 KB   622/1060 KB   208/847 KB   567/713 KB   883/1043 KB   224/751 KB   622/1060 KB   208/847 KB   567/713 KB   887/1043 KB   224/751 KB   622/1060 KB   208/847 KB   567/713 KB   891/1043 KB   224/751 KB   622/1060 KB   208/847 KB   567/713 KB   895/1043 KB   224/751 KB   622/1060 KB   208/847 KB   567/713 KB   899/1043 KB   224/751 KB   622/1060 KB   208/847 KB   567/713 KB   903/1043 KB   224/751 KB   622/1060 KB   208/847 KB   567/713 KB   907/1043 KB   224/751 KB   622/1060 KB   208/847 KB   567/713 KB   911/1043 KB   224/751 KB   622/1060 KB   208/847 KB   567/713 KB   915/1043 KB   224/751 KB   622/1060 KB   208/847 KB   567/713 KB   919/1043 KB   224/751 KB   622/1060 KB   208/847 KB   567/713 KB   923/1043 KB   224/751 KB   622/1060 KB   208/847 KB   567/713 KB   927/1043 KB   224/751 KB   622/1060 KB   208/847 KB   567/713 KB   931/1043 KB   224/751 KB   622/1060 KB   208/847 KB   567/713 KB   935/1043 KB   224/751 KB   622/1060 KB   208/847 KB   567/713 KB   939/1043 KB   224/751 KB   622/1060 KB   208/847 KB   567/713 KB   943/1043 KB   224/751 KB   622/1060 KB   208/847 KB   567/713 KB   947/1043 KB   224/751 KB   622/1060 KB   208/847 KB   567/713 KB   951/1043 KB   224/751 KB   622/1060 KB   208/847 KB   567/713 KB   955/1043 KB   224/751 KB   622/1060 KB   208/847 KB   567/713 KB   959/1043 KB   224/751 KB   622/1060 KB   208/847 KB   567/713 KB   963/1043 KB   224/751 KB   622/1060 KB   208/847 KB   567/713 KB   967/1043 KB   228/751 KB   622/1060 KB   208/847 KB   567/713 KB   971/1043 KB   228/751 KB   622/1060 KB   208/847 KB   567/713 KB   975/1043 KB   228/751 KB   622/1060 KB   208/847 KB   567/713 KB   979/1043 KB   228/751 KB   622/1060 KB   208/847 KB   567/713 KB   983/1043 KB   228/751 KB   622/1060 KB   208/847 KB   567/713 KB   987/1043 KB   228/751 KB   622/1060 KB   208/847 KB   567/713 KB   991/1043 KB   228/751 KB   622/1060 KB   208/847 KB   567/713 KB   995/1043 KB   228/751 KB   622/1060 KB   208/847 KB   567/713 KB   999/1043 KB   228/751 KB   622/1060 KB   208/847 KB   567/713 KB   1003/1043 KB   228/751 KB   622/1060 KB   208/847 KB   567/713 KB   1007/1043 KB   228/751 KB   622/1060 KB   208/847 KB   567/713 KB   1011/1043 KB   228/751 KB   622/1060 KB   208/847 KB   567/713 KB   1015/1043 KB   228/751 KB   622/1060 KB   208/847 KB   567/713 KB   1019/1043 KB   228/751 KB   622/1060 KB   208/847 KB   567/713 KB   1023/1043 KB   228/751 KB   622/1060 KB   208/847 KB   567/713 KB   1027/1043 KB   228/751 KB   622/1060 KB   208/847 KB   567/713 KB   1031/1043 KB   228/751 KB   622/1060 KB   208/847 KB   567/713 KB   1035/1043 KB   228/751 KB   622/1060 KB   208/847 KB   567/713 KB   1039/1043 KB   228/751 KB   622/1060 KB   208/847 KB   567/713 KB   1043/1043 KB   228/751 KB   622/1060 KB   208/847 KB   567/713 KB   1043/1043 KB   228/751 KB   622/1060 KB   204/847 KB   567/713 KB   647/1043 KB   4/751 KB   622/1060 KB   208/847 KB   571/713 KB   1043/1043 KB   228/751 KB   622/1060 KB   208/847 KB   575/713 KB   1043/1043 KB   228/751 KB   622/1060 KB   208/847 KB   579/713 KB   1043/1043 KB   228/751 KB   622/1060 KB   208/847 KB   583/713 KB   1043/1043 KB   228/751 KB   622/1060 KB   208/847 KB   587/713 KB   1043/1043 KB   228/751 KB   622/1060 KB   208/847 KB   591/713 KB   1043/1043 KB   228/751 KB   622/1060 KB   208/847 KB   595/713 KB   1043/1043 KB   228/751 KB   622/1060 KB   208/847 KB   599/713 KB   1043/1043 KB   228/751 KB   622/1060 KB   208/847 KB   603/713 KB   1043/1043 KB   228/751 KB   622/1060 KB   208/847 KB   607/713 KB   1043/1043 KB   228/751 KB   622/1060 KB   208/847 KB   611/713 KB   1043/1043 KB   228/751 KB   622/1060 KB   208/847 KB   615/713 KB   1043/1043 KB   228/751 KB   622/1060 KB   208/847 KB   619/713 KB   1043/1043 KB   228/751 KB   622/1060 KB   208/847 KB   623/713 KB   1043/1043 KB   228/751 KB   622/1060 KB   208/847 KB   627/713 KB   1043/1043 KB   228/751 KB   622/1060 KB   208/847 KB   631/713 KB   1043/1043 KB   228/751 KB   622/1060 KB   208/847 KB   635/713 KB   1043/1043 KB   228/751 KB   622/1060 KB   208/847 KB   639/713 KB   1043/1043 KB   228/751 KB   622/1060 KB   208/847 KB   643/713 KB   1043/1043 KB   228/751 KB   622/1060 KB   208/847 KB   647/713 KB   1043/1043 KB   228/751 KB   622/1060 KB   208/847 KB   651/713 KB   1043/1043 KB   228/751 KB   622/1060 KB   208/847 KB   655/713 KB   1043/1043 KB   228/751 KB   622/1060 KB   208/847 KB   659/713 KB   1043/1043 KB   228/751 KB   622/1060 KB   208/847 KB   663/713 KB   1043/1043 KB   228/751 KB   622/1060 KB   208/847 KB   667/713 KB   1043/1043 KB   228/751 KB   622/1060 KB   208/847 KB   671/713 KB   1043/1043 KB   228/751 KB   622/1060 KB   208/847 KB   675/713 KB   1043/1043 KB   228/751 KB   622/1060 KB   208/847 KB   679/713 KB   1043/1043 KB   228/751 KB   622/1060 KB   208/847 KB   683/713 KB   1043/1043 KB   228/751 KB   622/1060 KB   208/847 KB   687/713 KB   1043/1043 KB   228/751 KB   622/1060 KB   208/847 KB   691/713 KB   1043/1043 KB   228/751 KB   622/1060 KB   208/847 KB   695/713 KB   1043/1043 KB   228/751 KB   622/1060 KB   208/847 KB   699/713 KB   1043/1043 KB   228/751 KB   622/1060 KB   208/847 KB   703/713 KB   1043/1043 KB   228/751 KB   622/1060 KB   208/847 KB   707/713 KB   1043/1043 KB   228/751 KB   622/1060 KB   208/847 KB   711/713 KB   1043/1043 KB   228/751 KB   622/1060 KB   208/847 KB   713/713 KB   1043/1043 KB   228/751 KB   622/1060 KB   4/847 KB   563/713 KB   647/1043 KB   4/751 KB     622/1060 KB   208/847 KB   567/713 KB   963/1043 KB   228/751 KB   622/1060 KB   208/847 KB   713/713 KB   1043/1043 KB   232/751 KB   622/1060 KB   208/847 KB   713/713 KB   1043/1043 KB   236/751 KB   622/1060 KB   208/847 KB   713/713 KB   1043/1043 KB   240/751 KB   622/1060 KB   208/847 KB   713/713 KB   1043/1043 KB   244/751 KB   622/1060 KB   208/847 KB   713/713 KB   1043/1043 KB   248/751 KB   622/1060 KB   208/847 KB   713/713 KB   1043/1043 KB   252/751 KB   622/1060 KB   208/847 KB   713/713 KB   1043/1043 KB   256/751 KB   622/1060 KB   208/847 KB   713/713 KB   1043/1043 KB   260/751 KB   622/1060 KB   208/847 KB   713/713 KB   1043/1043 KB   264/751 KB   622/1060 KB   208/847 KB   713/713 KB   1043/1043 KB   268/751 KB   622/1060 KB   208/847 KB   713/713 KB   1043/1043 KB   272/751 KB   622/1060 KB   208/847 KB   713/713 KB   1043/1043 KB   276/751 KB   622/1060 KB   208/847 KB   713/713 KB   1043/1043 KB   280/751 KB   622/1060 KB   208/847 KB   713/713 KB   1043/1043 KB   284/751 KB   622/1060 KB   208/847 KB   713/713 KB   1043/1043 KB   288/751 KB   622/1060 KB   208/847 KB   713/713 KB   1043/1043 KB   292/751 KB   622/1060 KB   208/847 KB   713/713 KB   1043/1043 KB   296/751 KB   622/1060 KB   208/847 KB   713/713 KB   1043/1043 KB   300/751 KB   622/1060 KB   208/847 KB   713/713 KB   1043/1043 KB   304/751 KB   622/1060 KB   208/847 KB   713/713 KB   1043/1043 KB   308/751 KB   622/1060 KB   208/847 KB   713/713 KB   1043/1043 KB   312/751 KB   622/1060 KB   208/847 KB   713/713 KB   1043/1043 KB   316/751 KB   622/1060 KB   208/847 KB   713/713 KB   1043/1043 KB   320/751 KB   622/1060 KB   208/847 KB   713/713 KB   1043/1043 KB   324/751 KB   622/1060 KB   208/847 KB   713/713 KB   1043/1043 KB   328/751 KB   622/1060 KB   208/847 KB   713/713 KB   1043/1043 KB   332/751 KB   622/1060 KB   208/847 KB   713/713 KB   1043/1043 KB   336/751 KB   622/1060 KB   208/847 KB   713/713 KB   1043/1043 KB   340/751 KB   622/1060 KB   208/847 KB   713/713 KB   1043/1043 KB   344/751 KB   622/1060 KB   208/847 KB   713/713 KB   1043/1043 KB   348/751 KB   622/1060 KB   208/847 KB   713/713 KB   1043/1043 KB   352/751 KB   622/1060 KB   208/847 KB   713/713 KB   1043/1043 KB   356/751 KB   622/1060 KB   208/847 KB   713/713 KB   1043/1043 KB   360/751 KB   622/1060 KB   208/847 KB   713/713 KB   1043/1043 KB   364/751 KB   622/1060 KB   208/847 KB   713/713 KB   1043/1043 KB   368/751 KB   622/1060 KB   208/847 KB   713/713 KB   1043/1043 KB   372/751 KB   622/1060 KB   208/847 KB   713/713 KB   1043/1043 KB   376/751 KB   622/1060 KB   208/847 KB   713/713 KB   1043/1043 KB   380/751 KB   622/1060 KB   208/847 KB   713/713 KB   1043/1043 KB   384/751 KB   622/1060 KB   208/847 KB   713/713 KB   1043/1043 KB   388/751 KB   622/1060 KB   208/847 KB   713/713 KB   1043/1043 KB   392/751 KB   622/1060 KB   208/847 KB   713/713 KB   1043/1043 KB   396/751 KB   622/1060 KB   208/847 KB   713/713 KB   1043/1043 KB   400/751 KB   622/1060 KB   208/847 KB   713/713 KB   1043/1043 KB   404/751 KB   622/1060 KB   208/847 KB   713/713 KB   1043/1043 KB   408/751 KB   622/1060 KB   208/847 KB   713/713 KB   1043/1043 KB   412/751 KB   622/1060 KB   208/847 KB   713/713 KB   1043/1043 KB   414/751 KB   626/1060 KB   208/847 KB   713/713 KB   1043/1043 KB   414/751 KB   630/1060 KB   208/847 KB   713/713 KB   1043/1043 KB   414/751 KB   634/1060 KB   208/847 KB   713/713 KB   1043/1043 KB   414/751 KB   638/1060 KB   208/847 KB   713/713 KB   1043/1043 KB   414/751 KB   642/1060 KB   208/847 KB   713/713 KB   1043/1043 KB   414/751 KB   646/1060 KB   208/847 KB   713/713 KB   1043/1043 KB   414/751 KB   650/1060 KB   208/847 KB   713/713 KB   1043/1043 KB   414/751 KB   654/1060 KB   208/847 KB   713/713 KB   1043/1043 KB   414/751 KB   658/1060 KB   208/847 KB   713/713 KB   1043/1043 KB   414/751 KB   662/1060 KB   208/847 KB   713/713 KB   1043/1043 KB   414/751 KB   666/1060 KB   208/847 KB   713/713 KB   1043/1043 KB   414/751 KB   670/1060 KB   208/847 KB   713/713 KB   1043/1043 KB   414/751 KB   674/1060 KB   208/847 KB   713/713 KB   1043/1043 KB   414/751 KB   678/1060 KB   208/847 KB   713/713 KB   1043/1043 KB   414/751 KB   682/1060 KB   208/847 KB   713/713 KB   1043/1043 KB   414/751 KB   686/1060 KB   208/847 KB   713/713 KB   1043/1043 KB   414/751 KB   690/1060 KB   208/847 KB   713/713 KB   1043/1043 KB   414/751 KB   694/1060 KB   208/847 KB   713/713 KB   1043/1043 KB   414/751 KB   698/1060 KB   208/847 KB   713/713 KB   1043/1043 KB   414/751 KB   702/1060 KB   208/847 KB   713/713 KB   1043/1043 KB   414/751 KB   706/1060 KB   208/847 KB   713/713 KB   1043/1043 KB   414/751 KB   710/1060 KB   208/847 KB   713/713 KB   1043/1043 KB   414/751 KB   714/1060 KB   208/847 KB   713/713 KB   1043/1043 KB   414/751 KB   718/1060 KB   208/847 KB   713/713 KB   1043/1043 KB   414/751 KB   722/1060 KB   208/847 KB   713/713 KB   1043/1043 KB   414/751 KB   726/1060 KB   208/847 KB   713/713 KB   1043/1043 KB   414/751 KB   730/1060 KB   208/847 KB   713/713 KB   1043/1043 KB   414/751 KB   734/1060 KB   208/847 KB   713/713 KB   1043/1043 KB   414/751 KB   738/1060 KB   208/847 KB   713/713 KB   1043/1043 KB   414/751 KB   742/1060 KB   208/847 KB   713/713 KB   1043/1043 KB   414/751 KB   746/1060 KB   208/847 KB   713/713 KB   1043/1043 KB   414/751 KB   750/1060 KB   208/847 KB   713/713 KB   1043/1043 KB   414/751 KB   754/1060 KB   208/847 KB   713/713 KB   1043/1043 KB   414/751 KB   758/1060 KB   208/847 KB   713/713 KB   1043/1043 KB   414/751 KB   762/1060 KB   208/847 KB   713/713 KB   1043/1043 KB   414/751 KB   766/1060 KB   208/847 KB   713/713 KB   1043/1043 KB   414/751 KB   770/1060 KB   208/847 KB   713/713 KB   1043/1043 KB   414/751 KB   774/1060 KB   208/847 KB   713/713 KB   1043/1043 KB   414/751 KB   778/1060 KB   208/847 KB   713/713 KB   1043/1043 KB   414/751 KB   782/1060 KB   208/847 KB   713/713 KB   1043/1043 KB   414/751 KB   786/1060 KB   208/847 KB   713/713 KB   1043/1043 KB   414/751 KB   790/1060 KB   208/847 KB   713/713 KB   1043/1043 KB   414/751 KB   794/1060 KB   208/847 KB   713/713 KB   1043/1043 KB   414/751 KB   798/1060 KB   208/847 KB   713/713 KB   1043/1043 KB   414/751 KB   802/1060 KB   208/847 KB   713/713 KB   1043/1043 KB   414/751 KB   806/1060 KB   208/847 KB   713/713 KB   1043/1043 KB   414/751 KB   810/1060 KB   208/847 KB   713/713 KB   1043/1043 KB   414/751 KB   814/1060 KB   208/847 KB   713/713 KB   1043/1043 KB   414/751 KB   818/1060 KB   208/847 KB   713/713 KB   1043/1043 KB   414/751 KB   822/1060 KB   208/847 KB   713/713 KB   1043/1043 KB   414/751 KB   826/1060 KB   208/847 KB   713/713 KB   1043/1043 KB   414/751 KB   830/1060 KB   208/847 KB   713/713 KB   1043/1043 KB   414/751 KB   834/1060 KB   208/847 KB   713/713 KB   1043/1043 KB   414/751 KB   838/1060 KB   208/847 KB   713/713 KB   1043/1043 KB   414/751 KB   842/1060 KB   208/847 KB   713/713 KB   1043/1043 KB   414/751 KB   846/1060 KB   208/847 KB   713/713 KB   1043/1043 KB   414/751 KB   850/1060 KB   208/847 KB   713/713 KB   1043/1043 KB   414/751 KB   854/1060 KB   208/847 KB   713/713 KB   1043/1043 KB   414/751 KB   858/1060 KB   208/847 KB   713/713 KB   1043/1043 KB   414/751 KB   862/1060 KB   208/847 KB   713/713 KB   1043/1043 KB   414/751 KB   866/1060 KB   208/847 KB   713/713 KB   1043/1043 KB   414/751 KB   870/1060 KB   208/847 KB   713/713 KB   1043/1043 KB   414/751 KB   874/1060 KB   208/847 KB   713/713 KB   1043/1043 KB   414/751 KB   878/1060 KB   208/847 KB   713/713 KB   1043/1043 KB   414/751 KB   882/1060 KB   208/847 KB   713/713 KB   1043/1043 KB   414/751 KB   886/1060 KB   208/847 KB   713/713 KB   1043/1043 KB   414/751 KB   890/1060 KB   208/847 KB   713/713 KB   1043/1043 KB   414/751 KB   894/1060 KB   208/847 KB   713/713 KB   1043/1043 KB   414/751 KB   898/1060 KB   208/847 KB   713/713 KB   1043/1043 KB   414/751 KB   902/1060 KB   208/847 KB   713/713 KB   1043/1043 KB   414/751 KB   906/1060 KB   208/847 KB   713/713 KB   1043/1043 KB   414/751 KB   910/1060 KB   208/847 KB   713/713 KB   1043/1043 KB   414/751 KB   914/1060 KB   208/847 KB   713/713 KB   1043/1043 KB   414/751 KB   918/1060 KB   208/847 KB   713/713 KB   1043/1043 KB   414/751 KB   922/1060 KB   208/847 KB   713/713 KB   1043/1043 KB   414/751 KB   926/1060 KB   208/847 KB   713/713 KB   1043/1043 KB   414/751 KB   930/1060 KB   208/847 KB   713/713 KB   1043/1043 KB   414/751 KB   934/1060 KB   208/847 KB   713/713 KB   1043/1043 KB   414/751 KB   938/1060 KB   208/847 KB   713/713 KB   1043/1043 KB   414/751 KB   942/1060 KB   208/847 KB   713/713 KB   1043/1043 KB   414/751 KB   946/1060 KB   208/847 KB   713/713 KB   1043/1043 KB   414/751 KB   950/1060 KB   208/847 KB   713/713 KB   1043/1043 KB   414/751 KB   954/1060 KB   208/847 KB   713/713 KB   1043/1043 KB   414/751 KB   958/1060 KB   208/847 KB   713/713 KB   1043/1043 KB   414/751 KB   622/1060 KB   208/847 KB   567/713 KB   863/1043 KB   224/751 KB   958/1060 KB   212/847 KB   713/713 KB   1043/1043 KB   414/751 KB   958/1060 KB   216/847 KB   713/713 KB   1043/1043 KB   414/751 KB   958/1060 KB   220/847 KB   713/713 KB   1043/1043 KB   414/751 KB   958/1060 KB   224/847 KB   713/713 KB   1043/1043 KB   414/751 KB   958/1060 KB   228/847 KB   713/713 KB   1043/1043 KB   414/751 KB   958/1060 KB   232/847 KB   713/713 KB   1043/1043 KB   414/751 KB   958/1060 KB   236/847 KB   713/713 KB   1043/1043 KB   414/751 KB   958/1060 KB   240/847 KB   713/713 KB   1043/1043 KB   414/751 KB   958/1060 KB   244/847 KB   713/713 KB   1043/1043 KB   414/751 KB   958/1060 KB   248/847 KB   713/713 KB   1043/1043 KB   414/751 KB   958/1060 KB   252/847 KB   713/713 KB   1043/1043 KB   414/751 KB   958/1060 KB   256/847 KB   713/713 KB   1043/1043 KB   414/751 KB   958/1060 KB   260/847 KB   713/713 KB   1043/1043 KB   414/751 KB   958/1060 KB   264/847 KB   713/713 KB   1043/1043 KB   414/751 KB   958/1060 KB   268/847 KB   713/713 KB   1043/1043 KB   414/751 KB   958/1060 KB   272/847 KB   713/713 KB   1043/1043 KB   414/751 KB   958/1060 KB   276/847 KB   713/713 KB   1043/1043 KB   414/751 KB   958/1060 KB   280/847 KB   713/713 KB   1043/1043 KB   414/751 KB   958/1060 KB   284/847 KB   713/713 KB   1043/1043 KB   414/751 KB   958/1060 KB   288/847 KB   713/713 KB   1043/1043 KB   414/751 KB   958/1060 KB   292/847 KB   713/713 KB   1043/1043 KB   414/751 KB   958/1060 KB   296/847 KB   713/713 KB   1043/1043 KB   414/751 KB   958/1060 KB   300/847 KB   713/713 KB   1043/1043 KB   414/751 KB   958/1060 KB   304/847 KB   713/713 KB   1043/1043 KB   414/751 KB   958/1060 KB   308/847 KB   713/713 KB   1043/1043 KB   414/751 KB   958/1060 KB   312/847 KB   713/713 KB   1043/1043 KB   414/751 KB   958/1060 KB   316/847 KB   713/713 KB   1043/1043 KB   414/751 KB   958/1060 KB   320/847 KB   713/713 KB   1043/1043 KB   414/751 KB   958/1060 KB   324/847 KB   713/713 KB   1043/1043 KB   414/751 KB   958/1060 KB   328/847 KB   713/713 KB   1043/1043 KB   414/751 KB   958/1060 KB   332/847 KB   713/713 KB   1043/1043 KB   414/751 KB   958/1060 KB   332/847 KB   713/713 KB   1043/1043 KB   416/751 KB   958/1060 KB   332/847 KB   713/713 KB   1043/1043 KB   420/751 KB   958/1060 KB   332/847 KB   713/713 KB   1043/1043 KB   424/751 KB   958/1060 KB   332/847 KB   713/713 KB   1043/1043 KB   428/751 KB   958/1060 KB   332/847 KB   713/713 KB   1043/1043 KB   429/751 KB   958/1060 KB   332/847 KB   713/713 KB   1043/1043 KB   433/751 KB   958/1060 KB   332/847 KB   713/713 KB   1043/1043 KB   437/751 KB   958/1060 KB   332/847 KB   713/713 KB   1043/1043 KB   441/751 KB   958/1060 KB   332/847 KB   713/713 KB   1043/1043 KB   445/751 KB   958/1060 KB   332/847 KB   713/713 KB   1043/1043 KB   449/751 KB   958/1060 KB   332/847 KB   713/713 KB   1043/1043 KB   453/751 KB   958/1060 KB   332/847 KB   713/713 KB   1043/1043 KB   457/751 KB   958/1060 KB   332/847 KB   713/713 KB   1043/1043 KB   461/751 KB   958/1060 KB   332/847 KB   713/713 KB   1043/1043 KB   465/751 KB   958/1060 KB   332/847 KB   713/713 KB   1043/1043 KB   469/751 KB   958/1060 KB   332/847 KB   713/713 KB   1043/1043 KB   473/751 KB   958/1060 KB   332/847 KB   713/713 KB   1043/1043 KB   477/751 KB   958/1060 KB   332/847 KB   713/713 KB   1043/1043 KB   481/751 KB   958/1060 KB   332/847 KB   713/713 KB   1043/1043 KB   485/751 KB   958/1060 KB   332/847 KB   713/713 KB   1043/1043 KB   489/751 KB   958/1060 KB   332/847 KB   713/713 KB   1043/1043 KB   493/751 KB   958/1060 KB   332/847 KB   713/713 KB   1043/1043 KB   497/751 KB   958/1060 KB   332/847 KB   713/713 KB   1043/1043 KB   501/751 KB   958/1060 KB   332/847 KB   713/713 KB   1043/1043 KB   505/751 KB   958/1060 KB   332/847 KB   713/713 KB   1043/1043 KB   509/751 KB   958/1060 KB   332/847 KB   713/713 KB   1043/1043 KB   513/751 KB   958/1060 KB   332/847 KB   713/713 KB   1043/1043 KB   517/751 KB   958/1060 KB   332/847 KB   713/713 KB   1043/1043 KB   521/751 KB   958/1060 KB   332/847 KB   713/713 KB   1043/1043 KB   525/751 KB   958/1060 KB   332/847 KB   713/713 KB   1043/1043 KB   529/751 KB   958/1060 KB   332/847 KB   713/713 KB   1043/1043 KB   533/751 KB   958/1060 KB   332/847 KB   713/713 KB   1043/1043 KB   537/751 KB   958/1060 KB   332/847 KB   713/713 KB   1043/1043 KB   541/751 KB   958/1060 KB   332/847 KB   713/713 KB   1043/1043 KB   545/751 KB   958/1060 KB   332/847 KB   713/713 KB   1043/1043 KB   549/751 KB   958/1060 KB   332/847 KB   713/713 KB   1043/1043 KB   553/751 KB   958/1060 KB   332/847 KB   713/713 KB   1043/1043 KB   557/751 KB   958/1060 KB   332/847 KB   713/713 KB   1043/1043 KB   561/751 KB   958/1060 KB   332/847 KB   713/713 KB   1043/1043 KB   565/751 KB   958/1060 KB   332/847 KB   713/713 KB   1043/1043 KB   569/751 KB   958/1060 KB   332/847 KB   713/713 KB   1043/1043 KB   573/751 KB   958/1060 KB   332/847 KB   713/713 KB   1043/1043 KB   577/751 KB   958/1060 KB   332/847 KB   713/713 KB   1043/1043 KB   581/751 KB   958/1060 KB   332/847 KB   713/713 KB   1043/1043 KB   585/751 KB   958/1060 KB   332/847 KB   713/713 KB   1043/1043 KB   589/751 KB   958/1060 KB   332/847 KB   713/713 KB   1043/1043 KB   593/751 KB   958/1060 KB   332/847 KB   713/713 KB   1043/1043 KB   597/751 KB   958/1060 KB   332/847 KB   713/713 KB   1043/1043 KB   597/751 KB   958/1060 KB   336/847 KB   713/713 KB   1043/1043 KB   597/751 KB   958/1060 KB   340/847 KB   713/713 KB   1043/1043 KB   597/751 KB   958/1060 KB   344/847 KB   713/713 KB   1043/1043 KB   597/751 KB   958/1060 KB   348/847 KB   713/713 KB   1043/1043 KB   597/751 KB   958/1060 KB   352/847 KB   713/713 KB   1043/1043 KB   597/751 KB   958/1060 KB   356/847 KB   713/713 KB   1043/1043 KB   597/751 KB   958/1060 KB   360/847 KB   713/713 KB   1043/1043 KB   597/751 KB   958/1060 KB   364/847 KB   713/713 KB   1043/1043 KB   597/751 KB   958/1060 KB   368/847 KB   713/713 KB   1043/1043 KB   597/751 KB   958/1060 KB   372/847 KB   713/713 KB   1043/1043 KB   597/751 KB   958/1060 KB   376/847 KB   713/713 KB   1043/1043 KB   597/751 KB   958/1060 KB   380/847 KB   713/713 KB   1043/1043 KB   597/751 KB   958/1060 KB   384/847 KB   713/713 KB   1043/1043 KB   597/751 KB   958/1060 KB   388/847 KB   713/713 KB   1043/1043 KB   597/751 KB   958/1060 KB   392/847 KB   713/713 KB   1043/1043 KB   597/751 KB   958/1060 KB   396/847 KB   713/713 KB   1043/1043 KB   597/751 KB   958/1060 KB   400/847 KB   713/713 KB   1043/1043 KB   597/751 KB   958/1060 KB   404/847 KB   713/713 KB   1043/1043 KB   597/751 KB   958/1060 KB   408/847 KB   713/713 KB   1043/1043 KB   597/751 KB   958/1060 KB   412/847 KB   713/713 KB   1043/1043 KB   597/751 KB   958/1060 KB   416/847 KB   713/713 KB   1043/1043 KB   597/751 KB   958/1060 KB   420/847 KB   713/713 KB   1043/1043 KB   597/751 KB   958/1060 KB   424/847 KB   713/713 KB   1043/1043 KB   597/751 KB   958/1060 KB   428/847 KB   713/713 KB   1043/1043 KB   597/751 KB   958/1060 KB   432/847 KB   713/713 KB   1043/1043 KB   597/751 KB   958/1060 KB   436/847 KB   713/713 KB   1043/1043 KB   597/751 KB   958/1060 KB   440/847 KB   713/713 KB   1043/1043 KB   597/751 KB   958/1060 KB   444/847 KB   713/713 KB   1043/1043 KB   597/751 KB   958/1060 KB   448/847 KB   713/713 KB   1043/1043 KB   597/751 KB   958/1060 KB   452/847 KB   713/713 KB   1043/1043 KB   597/751 KB   958/1060 KB   456/847 KB   713/713 KB   1043/1043 KB   597/751 KB   958/1060 KB   460/847 KB   713/713 KB   1043/1043 KB   597/751 KB   958/1060 KB   464/847 KB   713/713 KB   1043/1043 KB   597/751 KB   958/1060 KB   468/847 KB   713/713 KB   1043/1043 KB   597/751 KB   958/1060 KB   472/847 KB   713/713 KB   1043/1043 KB   597/751 KB   958/1060 KB   476/847 KB   713/713 KB   1043/1043 KB   597/751 KB   962/1060 KB   480/847 KB   713/713 KB   1043/1043 KB   597/751 KB   962/1060 KB   484/847 KB   713/713 KB   1043/1043 KB   597/751 KB   962/1060 KB   488/847 KB   713/713 KB   1043/1043 KB   597/751 KB   962/1060 KB   492/847 KB   713/713 KB   1043/1043 KB   597/751 KB   962/1060 KB   496/847 KB   713/713 KB   1043/1043 KB   597/751 KB   962/1060 KB   500/847 KB   713/713 KB   1043/1043 KB   597/751 KB   962/1060 KB   504/847 KB   713/713 KB   1043/1043 KB   597/751 KB   962/1060 KB   508/847 KB   713/713 KB   1043/1043 KB   597/751 KB   962/1060 KB   512/847 KB   713/713 KB   1043/1043 KB   597/751 KB   962/1060 KB   516/847 KB   713/713 KB   1043/1043 KB   597/751 KB   962/1060 KB   520/847 KB   713/713 KB   1043/1043 KB   597/751 KB   962/1060 KB   524/847 KB   713/713 KB   1043/1043 KB   597/751 KB   962/1060 KB   528/847 KB   713/713 KB   1043/1043 KB   597/751 KB   962/1060 KB   532/847 KB   713/713 KB   1043/1043 KB   597/751 KB   962/1060 KB   536/847 KB   1043/1043 KB   597/751 KB                962/1060 KB   540/847 KB   1043/1043 KB   597/751 KB   962/1060 KB   544/847 KB   1043/1043 KB   597/751 KB   962/1060 KB   548/847 KB   1043/1043 KB   597/751 KB   962/1060 KB   552/847 KB   1043/1043 KB   597/751 KB   962/1060 KB   556/847 KB   1043/1043 KB   597/751 KB   962/1060 KB   560/847 KB   1043/1043 KB   597/751 KB   962/1060 KB   564/847 KB   1043/1043 KB   597/751 KB   962/1060 KB   568/847 KB   1043/1043 KB   597/751 KB   962/1060 KB   572/847 KB   1043/1043 KB   597/751 KB   962/1060 KB   576/847 KB   1043/1043 KB   597/751 KB   962/1060 KB   580/847 KB   1043/1043 KB   597/751 KB   962/1060 KB   584/847 KB   1043/1043 KB   597/751 KB   962/1060 KB   588/847 KB   1043/1043 KB   597/751 KB   962/1060 KB   592/847 KB   1043/1043 KB   597/751 KB   962/1060 KB   596/847 KB   1043/1043 KB   597/751 KB   962/1060 KB   600/847 KB   1043/1043 KB   597/751 KB   962/1060 KB   604/847 KB   1043/1043 KB   597/751 KB   962/1060 KB   608/847 KB   1043/1043 KB   597/751 KB   962/1060 KB   612/847 KB   1043/1043 KB   597/751 KB   962/1060 KB   616/847 KB   1043/1043 KB   597/751 KB   962/1060 KB   620/847 KB   1043/1043 KB   597/751 KB   962/1060 KB   624/847 KB   1043/1043 KB   597/751 KB   962/1060 KB   628/847 KB   1043/1043 KB   597/751 KB   962/1060 KB   632/847 KB   1043/1043 KB   597/751 KB   962/1060 KB   636/847 KB   1043/1043 KB   597/751 KB   962/1060 KB   640/847 KB   1043/1043 KB   597/751 KB   962/1060 KB   644/847 KB   1043/1043 KB   597/751 KB   962/1060 KB   648/847 KB   1043/1043 KB   597/751 KB   962/1060 KB   652/847 KB   1043/1043 KB   597/751 KB   962/1060 KB   656/847 KB   1043/1043 KB   597/751 KB   962/1060 KB   660/847 KB   1043/1043 KB   597/751 KB   962/1060 KB   664/847 KB   1043/1043 KB   597/751 KB   962/1060 KB   668/847 KB   1043/1043 KB   597/751 KB   962/1060 KB   672/847 KB   1043/1043 KB   597/751 KB   962/1060 KB   676/847 KB   1043/1043 KB   597/751 KB   962/1060 KB   680/847 KB   1043/1043 KB   597/751 KB   962/1060 KB   684/847 KB   1043/1043 KB   597/751 KB   962/1060 KB   688/847 KB   1043/1043 KB   597/751 KB   962/1060 KB   692/847 KB   1043/1043 KB   598/751 KB   962/1060 KB   696/847 KB   1043/1043 KB   598/751 KB   962/1060 KB   700/847 KB   1043/1043 KB   598/751 KB   962/1060 KB   704/847 KB   1043/1043 KB   598/751 KB   962/1060 KB   708/847 KB   1043/1043 KB   598/751 KB   962/1060 KB   712/847 KB   1043/1043 KB   598/751 KB   962/1060 KB   716/847 KB   1043/1043 KB   598/751 KB   962/1060 KB   720/847 KB   1043/1043 KB   598/751 KB   962/1060 KB   724/847 KB   1043/1043 KB   598/751 KB   962/1060 KB   728/847 KB   1043/1043 KB   598/751 KB   962/1060 KB   732/847 KB   1043/1043 KB   598/751 KB   962/1060 KB   476/847 KB   713/713 KB   1043/1043 KB   597/751 KB   962/1060 KB   688/847 KB   1043/1043 KB   598/751 KB   962/1060 KB   732/847 KB   1043/1043 KB   602/751 KB   962/1060 KB   732/847 KB   1043/1043 KB   606/751 KB   962/1060 KB   732/847 KB   1043/1043 KB   610/751 KB   962/1060 KB   732/847 KB   1043/1043 KB   614/751 KB   962/1060 KB   732/847 KB   1043/1043 KB   618/751 KB   962/1060 KB   732/847 KB   1043/1043 KB   622/751 KB   962/1060 KB   732/847 KB   1043/1043 KB   626/751 KB   962/1060 KB   732/847 KB   1043/1043 KB   630/751 KB   962/1060 KB   732/847 KB   1043/1043 KB   634/751 KB   962/1060 KB   732/847 KB   1043/1043 KB   638/751 KB   962/1060 KB   732/847 KB   1043/1043 KB   642/751 KB   962/1060 KB   732/847 KB   1043/1043 KB   646/751 KB   962/1060 KB   732/847 KB   1043/1043 KB   650/751 KB   962/1060 KB   732/847 KB   1043/1043 KB   654/751 KB   962/1060 KB   732/847 KB   1043/1043 KB   658/751 KB   962/1060 KB   732/847 KB   1043/1043 KB   662/751 KB   962/1060 KB   732/847 KB   1043/1043 KB   666/751 KB   962/1060 KB   732/847 KB   1043/1043 KB   670/751 KB   962/1060 KB   732/847 KB   1043/1043 KB   674/751 KB   962/1060 KB   732/847 KB   1043/1043 KB   678/751 KB   962/1060 KB   732/847 KB   1043/1043 KB   682/751 KB   962/1060 KB   732/847 KB   1043/1043 KB   686/751 KB   962/1060 KB   732/847 KB   1043/1043 KB   690/751 KB   962/1060 KB   732/847 KB   1043/1043 KB   694/751 KB   962/1060 KB   732/847 KB   1043/1043 KB   698/751 KB   962/1060 KB   732/847 KB   1043/1043 KB   702/751 KB   962/1060 KB   732/847 KB   1043/1043 KB   706/751 KB   962/1060 KB   732/847 KB   1043/1043 KB   710/751 KB   962/1060 KB   732/847 KB   1043/1043 KB   714/751 KB   962/1060 KB   732/847 KB   1043/1043 KB   718/751 KB   962/1060 KB   732/847 KB   1043/1043 KB   722/751 KB   962/1060 KB   732/847 KB   1043/1043 KB   726/751 KB   962/1060 KB   732/847 KB   1043/1043 KB   730/751 KB   962/1060 KB   732/847 KB   1043/1043 KB   734/751 KB   962/1060 KB   732/847 KB   1043/1043 KB   738/751 KB   962/1060 KB   732/847 KB   1043/1043 KB   742/751 KB   962/1060 KB   732/847 KB   1043/1043 KB   746/751 KB   962/1060 KB   732/847 KB   1043/1043 KB   750/751 KB   962/1060 KB   732/847 KB   1043/1043 KB   751/751 KB                                                                       Downloaded: http://repo.maven.apache.org/maven2/org/springframework/spring-beans/4.2.1.RELEASE/spring-beans-4.2.1.RELEASE.jar (713 KB at 2269.2 KB/sec)
Downloading: http://repo.maven.apache.org/maven2/org/springframework/spring-test/4.2.1.RELEASE/spring-test-4.2.1.RELEASE.jar
966/1060 KB   732/847 KB   1043/1043 KB   751/751 KB   970/1060 KB   732/847 KB   751/751 KB                  974/1060 KB   732/847 KB   751/751 KB   978/1060 KB   732/847 KB   751/751 KB   982/1060 KB   732/847 KB   751/751 KB   986/1060 KB   732/847 KB   751/751 KB   990/1060 KB   732/847 KB   751/751 KB   994/1060 KB   732/847 KB   751/751 KB   998/1060 KB   732/847 KB   751/751 KB   1002/1060 KB   732/847 KB   751/751 KB   1006/1060 KB   732/847 KB   751/751 KB   1010/1060 KB   732/847 KB   751/751 KB   1014/1060 KB   732/847 KB   751/751 KB   1018/1060 KB   732/847 KB   751/751 KB   1022/1060 KB   732/847 KB   751/751 KB   1026/1060 KB   732/847 KB   751/751 KB   1030/1060 KB   732/847 KB   751/751 KB   1034/1060 KB   732/847 KB   751/751 KB   1038/1060 KB   732/847 KB   751/751 KB                                                          Downloaded: http://repo.maven.apache.org/maven2/org/springframework/spring-core/4.2.1.RELEASE/spring-core-4.2.1.RELEASE.jar (1043 KB at 3476.5 KB/sec)
1042/1060 KB   732/847 KB   751/751 KB   1046/1060 KB   732/847 KB   751/751 KB   1050/1060 KB   732/847 KB   751/751 KB   1054/1060 KB   732/847 KB   751/751 KB   1058/1060 KB   732/847 KB   751/751 KB   1060/1060 KB   732/847 KB   751/751 KB   1060/1060 KB   736/847 KB   751/751 KB   1060/1060 KB   740/847 KB   751/751 KB   1060/1060 KB   744/847 KB   751/751 KB   1060/1060 KB   748/847 KB   751/751 KB   1060/1060 KB   752/847 KB   751/751 KB   1060/1060 KB   756/847 KB   751/751 KB   1060/1060 KB   760/847 KB   751/751 KB   1060/1060 KB   764/847 KB   751/751 KB   1060/1060 KB   768/847 KB   751/751 KB   1060/1060 KB   772/847 KB   751/751 KB   1060/1060 KB   776/847 KB   751/751 KB   1060/1060 KB   780/847 KB   751/751 KB   1060/1060 KB   784/847 KB   751/751 KB   1060/1060 KB   788/847 KB   751/751 KB   1060/1060 KB   792/847 KB   751/751 KB   1060/1060 KB   796/847 KB   751/751 KB   1060/1060 KB   800/847 KB   751/751 KB   1060/1060 KB   804/847 KB   751/751 KB   1060/1060 KB   808/847 KB   751/751 KB   1060/1060 KB   812/847 KB   751/751 KB   1060/1060 KB   816/847 KB   751/751 KB   1060/1060 KB   820/847 KB   751/751 KB   1060/1060 KB   824/847 KB   751/751 KB   1060/1060 KB   828/847 KB   751/751 KB   1060/1060 KB   832/847 KB   751/751 KB   1060/1060 KB   836/847 KB   751/751 KB   1060/1060 KB   840/847 KB   751/751 KB   1060/1060 KB   844/847 KB   751/751 KB   1060/1060 KB   847/847 KB   751/751 KB   1060/1060 KB   847/847 KB   751/751 KB   4/549 KB   1060/1060 KB   847/847 KB   751/751 KB   8/549 KB   1060/1060 KB   847/847 KB   751/751 KB   12/549 KB   1060/1060 KB   847/847 KB   751/751 KB   16/549 KB   1060/1060 KB   847/847 KB   751/751 KB   20/549 KB   1060/1060 KB   847/847 KB   751/751 KB   24/549 KB   1060/1060 KB   847/847 KB   751/751 KB   28/549 KB   1060/1060 KB   847/847 KB   751/751 KB   32/549 KB   1060/1060 KB   847/847 KB   751/751 KB   36/549 KB   1060/1060 KB   847/847 KB   751/751 KB   40/549 KB   1060/1060 KB   847/847 KB   751/751 KB   44/549 KB   1060/1060 KB   847/847 KB   751/751 KB   48/549 KB   1060/1060 KB   847/847 KB   751/751 KB   52/549 KB   1060/1060 KB   847/847 KB   751/751 KB   56/549 KB   1060/1060 KB   847/847 KB   751/751 KB   60/549 KB   1060/1060 KB   847/847 KB   751/751 KB   64/549 KB   1060/1060 KB   847/847 KB   751/751 KB   68/549 KB   1060/1060 KB   847/847 KB   751/751 KB   72/549 KB   1060/1060 KB   847/847 KB   751/751 KB   76/549 KB   1060/1060 KB   847/847 KB   751/751 KB   80/549 KB   1060/1060 KB   847/847 KB   751/751 KB   84/549 KB   1060/1060 KB   847/847 KB   751/751 KB   88/549 KB   1060/1060 KB   847/847 KB   751/751 KB   92/549 KB   1060/1060 KB   847/847 KB   751/751 KB   96/549 KB   1060/1060 KB   847/847 KB   751/751 KB   100/549 KB   1060/1060 KB   847/847 KB   751/751 KB   104/549 KB   1060/1060 KB   847/847 KB   751/751 KB   108/549 KB   1060/1060 KB   847/847 KB   751/751 KB   112/549 KB   1060/1060 KB   751/751 KB   116/549 KB                1060/1060 KB   751/751 KB   120/549 KB   1060/1060 KB   751/751 KB   124/549 KB   1060/1060 KB   751/751 KB   128/549 KB   1060/1060 KB   751/751 KB   132/549 KB   1060/1060 KB   751/751 KB   136/549 KB   1060/1060 KB   751/751 KB   140/549 KB   1060/1060 KB   751/751 KB   144/549 KB   1060/1060 KB   751/751 KB   148/549 KB   1060/1060 KB   751/751 KB   152/549 KB   1060/1060 KB   751/751 KB   156/549 KB   1060/1060 KB   751/751 KB   160/549 KB   1060/1060 KB   751/751 KB   164/549 KB   1060/1060 KB   751/751 KB   168/549 KB   1060/1060 KB   751/751 KB   172/549 KB   1060/1060 KB   751/751 KB   176/549 KB   1060/1060 KB   751/751 KB   180/549 KB   184/549 KB                               188/549 KB   192/549 KB   196/549 KB   200/549 KB   204/549 KB   208/549 KB   212/549 KB   216/549 KB   220/549 KB   224/549 KB   228/549 KB   232/549 KB   236/549 KB   240/549 KB   244/549 KB   248/549 KB   252/549 KB   256/549 KB   260/549 KB   264/549 KB   268/549 KB                                                         Downloaded: http://repo.maven.apache.org/maven2/org/springframework/spring-webmvc/4.2.1.RELEASE/spring-webmvc-4.2.1.RELEASE.jar (847 KB at 2432.9 KB/sec)
                                         Downloaded: http://repo.maven.apache.org/maven2/org/springframework/spring-web/4.2.1.RELEASE/spring-web-4.2.1.RELEASE.jar (751 KB at 2156.6 KB/sec)
                                         Downloaded: http://repo.maven.apache.org/maven2/org/springframework/spring-context/4.2.1.RELEASE/spring-context-4.2.1.RELEASE.jar (1060 KB at 2737.4 KB/sec)
272/549 KB   276/549 KB   280/549 KB   284/549 KB   288/549 KB   292/549 KB   296/549 KB   300/549 KB   304/549 KB   308/549 KB   312/549 KB   316/549 KB   320/549 KB   324/549 KB   328/549 KB   332/549 KB   336/549 KB   340/549 KB   344/549 KB   348/549 KB   352/549 KB   356/549 KB   360/549 KB   364/549 KB   368/549 KB   372/549 KB   376/549 KB   380/549 KB   384/549 KB   388/549 KB   392/549 KB   396/549 KB   400/549 KB   404/549 KB   408/549 KB   412/549 KB   416/549 KB   420/549 KB   424/549 KB   428/549 KB   432/549 KB   436/549 KB   440/549 KB   444/549 KB   448/549 KB   452/549 KB   456/549 KB   460/549 KB   464/549 KB   468/549 KB   472/549 KB   476/549 KB   480/549 KB   484/549 KB   488/549 KB   492/549 KB   496/549 KB   500/549 KB   504/549 KB   508/549 KB   512/549 KB   516/549 KB   520/549 KB   524/549 KB   528/549 KB   532/549 KB   533/549 KB   537/549 KB   541/549 KB   545/549 KB   549/549 KB                Downloaded: http://repo.maven.apache.org/maven2/org/springframework/spring-test/4.2.1.RELEASE/spring-test-4.2.1.RELEASE.jar (549 KB at 1431.3 KB/sec)
[INFO] 
[INFO] --- maven-clean-plugin:2.5:clean (default-clean) @ spring-hateoas ---
[INFO] 
[INFO] --- maven-dependency-plugin:2.8:list (default-cli) @ spring-hateoas ---
[INFO] 
[INFO] The following files have been resolved:
[INFO]    aopalliance:aopalliance:jar:1.0:compile
[INFO]    asm:asm:jar:3.3.1:compile
[INFO]    ch.qos.logback:logback-classic:jar:1.1.3:test
[INFO]    ch.qos.logback:logback-core:jar:1.1.3:test
[INFO]    com.fasterxml.jackson.core:jackson-annotations:jar:2.6.1:compile
[INFO]    com.fasterxml.jackson.core:jackson-core:jar:2.6.1:compile
[INFO]    com.fasterxml.jackson.core:jackson-databind:jar:2.6.1:compile
[INFO]    com.jayway.jsonpath:json-path:jar:2.0.0:compile
[INFO]    commons-collections:commons-collections:jar:3.2.1:test
[INFO]    commons-io:commons-io:jar:2.4:test
[INFO]    commons-lang:commons-lang:jar:2.6:test
[INFO]    javax.servlet:servlet-api:jar:2.5:provided
[INFO]    javax.ws.rs:javax.ws.rs-api:jar:2.0.1:compile
[INFO]    joda-time:joda-time:jar:2.8.1:test
[INFO]    junit:junit:jar:4.12:test
[INFO]    net.jadler:jadler-all:jar:1.1.1:test
[INFO]    net.jadler:jadler-core:jar:1.1.1:test
[INFO]    net.jadler:jadler-jetty:jar:1.1.1:test
[INFO]    net.jadler:jadler-junit:jar:1.1.1:test
[INFO]    net.minidev:asm:jar:1.0.2:compile
[INFO]    net.minidev:json-smart:jar:2.1.1:compile
[INFO]    org.atteo:evo-inflector:jar:1.2.1:compile
[INFO]    org.eclipse.jetty.orbit:javax.servlet:jar:3.0.0.v201112011016:test
[INFO]    org.eclipse.jetty:jetty-continuation:jar:8.1.11.v20130520:test
[INFO]    org.eclipse.jetty:jetty-http:jar:8.1.11.v20130520:test
[INFO]    org.eclipse.jetty:jetty-io:jar:8.1.11.v20130520:test
[INFO]    org.eclipse.jetty:jetty-server:jar:8.1.11.v20130520:test
[INFO]    org.eclipse.jetty:jetty-util:jar:8.1.11.v20130520:test
[INFO]    org.hamcrest:hamcrest-core:jar:1.3:test
[INFO]    org.hamcrest:hamcrest-library:jar:1.3:test
[INFO]    org.mockito:mockito-all:jar:1.10.19:test
[INFO]    org.projectlombok:lombok:jar:1.16.4:provided
[INFO]    org.slf4j:jcl-over-slf4j:jar:1.7.12:test
[INFO]    org.slf4j:slf4j-api:jar:1.7.12:compile
[INFO]    org.springframework.plugin:spring-plugin-core:jar:1.2.0.RELEASE:compile
[INFO]    org.springframework:spring-aop:jar:4.2.1.RELEASE:compile
[INFO]    org.springframework:spring-beans:jar:4.2.1.RELEASE:compile
[INFO]    org.springframework:spring-context:jar:4.2.1.RELEASE:compile
[INFO]    org.springframework:spring-core:jar:4.2.1.RELEASE:compile
[INFO]    org.springframework:spring-expression:jar:4.2.1.RELEASE:compile
[INFO]    org.springframework:spring-test:jar:4.2.1.RELEASE:test
[INFO]    org.springframework:spring-web:jar:4.2.1.RELEASE:compile
[INFO]    org.springframework:spring-webmvc:jar:4.2.1.RELEASE:compile
[INFO]    xmlunit:xmlunit:jar:1.6:test
[INFO] 
[INFO] 
[INFO] --- maven-resources-plugin:2.6:resources (default-resources) @ spring-hateoas ---
[INFO] Using 'UTF-8' encoding to copy filtered resources.
[INFO] Copying 3 resources
[INFO] 
[INFO] --- maven-compiler-plugin:3.3:compile (default-compile) @ spring-hateoas ---
[INFO] Changes detected - recompiling the module!
[INFO] Compiling 85 source files to /home/travis/build/spring-projects/spring-hateoas/target/classes
[INFO] /home/travis/build/spring-projects/spring-hateoas/src/main/java/org/springframework/hateoas/config/HypermediaSupportBeanDefinitionRegistrar.java: Some input files use or override a deprecated API.
[INFO] /home/travis/build/spring-projects/spring-hateoas/src/main/java/org/springframework/hateoas/config/HypermediaSupportBeanDefinitionRegistrar.java: Recompile with -Xlint:deprecation for details.
[INFO] 
[INFO] --- com.springsource.bundlor.maven:1.0.0.RELEASE:bundlor (bundlor) @ spring-hateoas ---
Manifest written to '/home/travis/build/spring-projects/spring-hateoas/target/classes/META-INF/MANIFEST.MF'
[INFO] 
[INFO] --- maven-resources-plugin:2.6:testResources (default-testResources) @ spring-hateoas ---
[INFO] Using 'UTF-8' encoding to copy filtered resources.
[INFO] Copying 11 resources
[INFO] 
[INFO] --- maven-compiler-plugin:3.3:testCompile (default-testCompile) @ spring-hateoas ---
[INFO] Changes detected - recompiling the module!
[INFO] Compiling 59 source files to /home/travis/build/spring-projects/spring-hateoas/target/test-classes
[INFO] /home/travis/build/spring-projects/spring-hateoas/src/test/java/org/springframework/hateoas/config/EnableHypermediaSupportIntegrationTest.java: Some input files use or override a deprecated API.
[INFO] /home/travis/build/spring-projects/spring-hateoas/src/test/java/org/springframework/hateoas/config/EnableHypermediaSupportIntegrationTest.java: Recompile with -Xlint:deprecation for details.
[INFO] 
[INFO] --- maven-surefire-plugin:2.12.4:test (default-test) @ spring-hateoas ---
[INFO] Surefire report directory: /home/travis/build/spring-projects/spring-hateoas/target/surefire-reports

-------------------------------------------------------
 T E S T S
-------------------------------------------------------
Running org.springframework.hateoas.alps.JacksonSerializationTest
Tests run: 1, Failures: 0, Errors: 0, Skipped: 0, Time elapsed: 0.742 sec
Running org.springframework.hateoas.config.XmlConfigurationIntegrationTest
Tests run: 1, Failures: 0, Errors: 0, Skipped: 0, Time elapsed: 1.907 sec
Running org.springframework.hateoas.config.EnableHypermediaSupportIntegrationTest
Tests run: 6, Failures: 0, Errors: 0, Skipped: 0, Time elapsed: 2.008 sec
Running org.springframework.hateoas.config.EnableEntityLinksIntegrationTest
Tests run: 1, Failures: 0, Errors: 0, Skipped: 0, Time elapsed: 0.271 sec
Running org.springframework.hateoas.client.TraversonTest
Tests run: 18, Failures: 0, Errors: 0, Skipped: 0, Time elapsed: 3.307 sec
Running org.springframework.hateoas.client.HopUnitTest
Tests run: 7, Failures: 0, Errors: 0, Skipped: 0, Time elapsed: 0.01 sec
Running org.springframework.hateoas.PagedResourcesMarshallingTest
Tests run: 1, Failures: 0, Errors: 0, Skipped: 0, Time elapsed: 0.082 sec
Running org.springframework.hateoas.mvc.IdentifiableResourceAssemblerSupportUnitTest
Tests run: 4, Failures: 0, Errors: 0, Skipped: 0, Time elapsed: 0.02 sec
Running org.springframework.hateoas.mvc.ControllerLinkBuilderUnitTest
Tests run: 36, Failures: 0, Errors: 0, Skipped: 0, Time elapsed: 0.271 sec
Running org.springframework.hateoas.mvc.ControllerLinkBuilderFactoryUnitTest
Tests run: 8, Failures: 0, Errors: 0, Skipped: 0, Time elapsed: 0.058 sec
Running org.springframework.hateoas.mvc.HeaderLinksResponseEntityUnitTest
Tests run: 2, Failures: 0, Errors: 0, Skipped: 0, Time elapsed: 0.009 sec
Running org.springframework.hateoas.mvc.DummyInvocationUtilsUnitTest
Tests run: 1, Failures: 0, Errors: 0, Skipped: 0, Time elapsed: 0 sec
Running org.springframework.hateoas.mvc.TypeConstrainedMappingJackson2HttpMessageConverterUnitTest
Tests run: 3, Failures: 0, Errors: 0, Skipped: 0, Time elapsed: 0.011 sec
Running org.springframework.hateoas.mvc.TypeReferencesIntegrationTest
Tests run: 3, Failures: 0, Errors: 0, Skipped: 0, Time elapsed: 0.195 sec
Running org.springframework.hateoas.mvc.ControllerLinkBuilderOutsideSpringMvcUnitTest
Tests run: 1, Failures: 0, Errors: 0, Skipped: 0, Time elapsed: 0.001 sec
Running org.springframework.hateoas.Jackson2ResourceIntegrationTest
Tests run: 2, Failures: 0, Errors: 0, Skipped: 0, Time elapsed: 0.041 sec
Running org.springframework.hateoas.core.JsonPathLinkDiscovererUnitTest
Tests run: 3, Failures: 0, Errors: 0, Skipped: 0, Time elapsed: 0.002 sec
Running org.springframework.hateoas.core.DelegatingEntityLinksUnitTest
Tests run: 4, Failures: 0, Errors: 0, Skipped: 0, Time elapsed: 0.095 sec
Running org.springframework.hateoas.core.EmbeddedWrappersUnitTest
Tests run: 3, Failures: 0, Errors: 0, Skipped: 0, Time elapsed: 0.005 sec
Running org.springframework.hateoas.core.EvoInflectorRelProviderUnitTest
Tests run: 1, Failures: 0, Errors: 0, Skipped: 0, Time elapsed: 0.002 sec
Running org.springframework.hateoas.core.DelegatingRelProviderUnitTest
Tests run: 1, Failures: 0, Errors: 0, Skipped: 0, Time elapsed: 0.009 sec
Running org.springframework.hateoas.core.ControllerEntityLinksUnitTest
Tests run: 6, Failures: 0, Errors: 0, Skipped: 0, Time elapsed: 0.035 sec
Running org.springframework.hateoas.core.ControllerEntityLinksFactoryBeanUnitTest
Tests run: 2, Failures: 0, Errors: 0, Skipped: 0, Time elapsed: 0.019 sec
Running org.springframework.hateoas.core.AnnotationMappingDiscovererUnitTest
Tests run: 9, Failures: 0, Errors: 0, Skipped: 0, Time elapsed: 0.037 sec
Running org.springframework.hateoas.core.LinkBuilderSupportUnitTest
Tests run: 2, Failures: 0, Errors: 0, Skipped: 0, Time elapsed: 0.007 sec
Running org.springframework.hateoas.core.MethodParametersUnitTest
Tests run: 2, Failures: 0, Errors: 0, Skipped: 0, Time elapsed: 0.007 sec
Running org.springframework.hateoas.hal.Jackson2HalIntegrationTest
Tests run: 24, Failures: 0, Errors: 0, Skipped: 0, Time elapsed: 0.16 sec
Running org.springframework.hateoas.hal.HalLinkDiscovererUnitTest
Tests run: 7, Failures: 0, Errors: 0, Skipped: 0, Time elapsed: 0.006 sec
Running org.springframework.hateoas.hal.DefaultCurieProviderUnitTest
Tests run: 13, Failures: 0, Errors: 0, Skipped: 0, Time elapsed: 0.014 sec
Running org.springframework.hateoas.hal.HalEmbeddedBuilderUnitTest
Tests run: 11, Failures: 0, Errors: 0, Skipped: 0, Time elapsed: 0.013 sec
Running org.springframework.hateoas.PagedResourcesUnitTest
Tests run: 8, Failures: 0, Errors: 0, Skipped: 0, Time elapsed: 0.002 sec
Running org.springframework.hateoas.TemplateVariablesUnitTest
Tests run: 15, Failures: 0, Errors: 0, Skipped: 0, Time elapsed: 0.005 sec
Running org.springframework.hateoas.ResourceSupportUnitTest
Tests run: 11, Failures: 0, Errors: 0, Skipped: 0, Time elapsed: 0.004 sec
Running org.springframework.hateoas.LinkUnitTest
Tests run: 19, Failures: 0, Errors: 0, Skipped: 0, Time elapsed: 0.01 sec
Running org.springframework.hateoas.jaxrs.JaxRsLinkBuilderFactoryUnitTest
Tests run: 3, Failures: 0, Errors: 0, Skipped: 0, Time elapsed: 0 sec
Running org.springframework.hateoas.ResourceSupportIntegrationTest
Tests run: 2, Failures: 0, Errors: 0, Skipped: 0, Time elapsed: 0.004 sec
Running org.springframework.hateoas.VndErrorsUnitTest
Tests run: 1, Failures: 0, Errors: 0, Skipped: 0, Time elapsed: 0.003 sec
Running org.springframework.hateoas.Jackson2ResourceSupportIntegrationTest
Tests run: 2, Failures: 0, Errors: 0, Skipped: 0, Time elapsed: 0.005 sec
Running org.springframework.hateoas.LinkDiscoverersUnitTest
Tests run: 2, Failures: 0, Errors: 0, Skipped: 0, Time elapsed: 0.001 sec
Running org.springframework.hateoas.Jackson2PagedResourcesIntegrationTest
Tests run: 1, Failures: 0, Errors: 0, Skipped: 0, Time elapsed: 0.016 sec
Running org.springframework.hateoas.ResourceIntegrationTest
Tests run: 3, Failures: 0, Errors: 0, Skipped: 0, Time elapsed: 0.024 sec
Running org.springframework.hateoas.Jackson2LinkIntegrationTest
Tests run: 2, Failures: 0, Errors: 0, Skipped: 0, Time elapsed: 0.004 sec
Running org.springframework.hateoas.LinkIntegrationTest
Tests run: 2, Failures: 0, Errors: 0, Skipped: 0, Time elapsed: 0.002 sec
Running org.springframework.hateoas.LinksUnitTest
Tests run: 4, Failures: 0, Errors: 0, Skipped: 0, Time elapsed: 0.025 sec
Running org.springframework.hateoas.UriTemplateUnitTest
Tests run: 20, Failures: 0, Errors: 0, Skipped: 0, Time elapsed: 0 sec
Running org.springframework.hateoas.ResourcesUnitTest
Tests run: 4, Failures: 0, Errors: 0, Skipped: 0, Time elapsed: 0.008 sec
Running org.springframework.hateoas.ResourceUnitTest
Tests run: 5, Failures: 0, Errors: 0, Skipped: 0, Time elapsed: 0.002 sec
Running org.springframework.hateoas.VndErrorsMarshallingTest
Tests run: 4, Failures: 0, Errors: 0, Skipped: 0, Time elapsed: 0.066 sec

Results :

Tests run: 291, Failures: 0, Errors: 0, Skipped: 0

[INFO] ------------------------------------------------------------------------
[INFO] BUILD SUCCESS
[INFO] ------------------------------------------------------------------------
[INFO] Total time: 37.087 s
[INFO] Finished at: 2015-09-02T06:39:52+00:00
[INFO] Final Memory: 28M/325M
[INFO] ------------------------------------------------------------------------
travis_time:end:1bc3b29c:start=1441175953613476438,finish=1441175993520982365,duration=39907505927[0K
[32;1mThe command "mvn clean dependency:list test -P${PROFILE} -Dsort" exited with 0.[0m
travis_fold:start:cache.2[0Kstore build cache
travis_time:start:2f621abd[0Kchange detected:
/home/travis/.m2/repository/org/springframework/spring-aop/4.2.1.RELEASE/_remote.repositories
/home/travis/.m2/repository/org/springframework/spring-aop/4.2.1.RELEASE/spring-aop-4.2.1.RELEASE.jar
/home/travis/.m2/repository/org/springframework/spring-aop/4.2.1.RELEASE/spring-aop-4.2.1.RELEASE.jar.sha1
/home/travis/.m2/repository/org/springframework/spring-aop/4.2.1.RELEASE/spring-aop-4.2.1.RELEASE.pom
/home/travis/.m2/repository/org/springframework/spring-aop/4.2.1.RELEASE/spring-aop-4.2.1.RELEASE.pom.sha1
/home/travis/.m2/repository/org/springframework/spring-beans/4.2.1.RELEASE/_remote.repositories
/home/travis/.m2/repository/org/springframework/spring-beans/4.2.1.RELEASE/spring-beans-4.2.1.RELEASE.jar
/home/travis/.m2/repository/org/springframework/spring-beans/4.2.1.RELEASE/spring-beans-4.2.1.RELEASE.jar.sha1
/home/travis/.m2/repository/org/springframework/spring-beans/4.2.1.RELEASE/spring-beans-4.2.1.RELEASE.pom
/home/travis/.m2/repository/org/springframework/spring-beans/4.2.1.REL
...
changes detected, packing new archive
uploading archive
travis_time:end:2f621abd:start=1441175993525043915,finish=1441176001630678632,duration=8105634717[0Ktravis_fold:end:cache.2[0K
Done. Your build exited with 0.
