travis_fold:start:worker_info[0K[33;1mWorker information[0m
hostname: i-0132680-precise-production-2-worker-org-docker.travisci.net:69700df7-f9f1-4914-83a5-05041ce97f85
version: v2.5.0-8-g19ea9c2 https://github.com/travis-ci/worker/tree/19ea9c20425c78100500c7cc935892b47024922c
instance: bbda541:travis:java
startup: 555.606325ms
travis_fold:end:worker_info[0Ktravis_fold:start:system_info[0K[33;1mBuild system information[0m
Build language: java
Build group: stable
Build dist: precise
Build id: 195327615
Job id: 195327618
travis-build version: 02fb3b35c
[34m[1mBuild image provisioning date and time[0m
Thu Feb  5 15:09:33 UTC 2015
[34m[1mOperating System Details[0m
Distributor ID:	Ubuntu
Description:	Ubuntu 12.04.5 LTS
Release:	12.04
Codename:	precise
[34m[1mLinux Version[0m
3.13.0-29-generic
[34m[1mCookbooks Version[0m
a68419e https://github.com/travis-ci/travis-cookbooks/tree/a68419e
[34m[1mGCC version[0m
gcc (Ubuntu/Linaro 4.6.3-1ubuntu5) 4.6.3
Copyright (C) 2011 Free Software Foundation, Inc.
This is free software; see the source for copying conditions.  There is NO
warranty; not even for MERCHANTABILITY or FITNESS FOR A PARTICULAR PURPOSE.

[34m[1mLLVM version[0m
clang version 3.4 (tags/RELEASE_34/final)
Target: x86_64-unknown-linux-gnu
Thread model: posix
[34m[1mPre-installed Ruby versions[0m
ruby-1.9.3-p551
[34m[1mPre-installed Node.js versions[0m
v0.10.36
[34m[1mPre-installed Go versions[0m
1.4.1
[34m[1mRedis version[0m
redis-server 2.8.19
[34m[1mriak version[0m
2.0.2
[34m[1mMongoDB version[0m
MongoDB 2.4.12
[34m[1mCouchDB version[0m
couchdb 1.6.1
[34m[1mNeo4j version[0m
1.9.4
[34m[1mRabbitMQ Version[0m
3.4.3
[34m[1mElasticSearch version[0m
1.4.0
[34m[1mInstalled Sphinx versions[0m
2.0.10
2.1.9
2.2.6
[34m[1mDefault Sphinx version[0m
2.2.6
[34m[1mInstalled Firefox version[0m
firefox 31.0esr
[34m[1mPhantomJS version[0m
1.9.8
[34m[1mant -version[0m
Apache Ant(TM) version 1.8.2 compiled on December 3 2011
[34m[1mmvn -version[0m
Apache Maven 3.2.5 (12a6b3acb947671f09b81f49094c53f426d8cea1; 2014-12-14T17:29:23+00:00)
Maven home: /usr/local/maven
Java version: 1.7.0_76, vendor: Oracle Corporation
Java home: /usr/lib/jvm/java-7-oracle/jre
Default locale: en_US, platform encoding: ANSI_X3.4-1968
OS name: "linux", version: "3.13.0-29-generic", arch: "amd64", family: "unix"
travis_fold:end:system_info[0K
travis_fold:start:fix.CVE-2015-7547[0K$ export DEBIAN_FRONTEND=noninteractive
W: Size of file /var/lib/apt/lists/us.archive.ubuntu.com_ubuntu_dists_precise-updates_restricted_binary-amd64_Packages.gz is not what the server reported 19578 20785
W: Size of file /var/lib/apt/lists/us.archive.ubuntu.com_ubuntu_dists_precise-updates_restricted_binary-i386_Packages.gz is not what the server reported 19540 20707
W: Size of file /var/lib/apt/lists/us.archive.ubuntu.com_ubuntu_dists_precise-backports_multiverse_source_Sources.gz is not what the server reported 5886 5888
W: Size of file /var/lib/apt/lists/ppa.launchpad.net_travis-ci_zero-mq_ubuntu_dists_precise_main_binary-amd64_Packages.gz is not what the server reported 832 1195
W: Size of file /var/lib/apt/lists/ppa.launchpad.net_ubuntugis_ppa_ubuntu_dists_precise_main_binary-amd64_Packages.gz is not what the server reported 33645 36677
W: Size of file /var/lib/apt/lists/security.ubuntu.com_ubuntu_dists_precise-security_restricted_binary-amd64_Packages.gz is not what the server reported 13782 14904
W: Size of file /var/lib/apt/lists/ppa.launchpad.net_ubuntugis_ppa_ubuntu_dists_precise_main_binary-i386_Packages.gz is not what the server reported 33703 36733
W: Size of file /var/lib/apt/lists/security.ubuntu.com_ubuntu_dists_precise-security_restricted_binary-i386_Packages.gz is not what the server reported 13762 14885
Reading package lists...
Building dependency tree...
Reading state information...
The following extra packages will be installed:
  libc-bin libc-dev-bin libc6-dev
Suggested packages:
  glibc-doc
The following packages will be upgraded:
  libc-bin libc-dev-bin libc6 libc6-dev
4 upgraded, 0 newly installed, 0 to remove and 268 not upgraded.
Need to get 8,840 kB of archives.
After this operation, 14.3 kB disk space will be freed.
Get:1 http://us.archive.ubuntu.com/ubuntu/ precise-updates/main libc6-dev amd64 2.15-0ubuntu10.15 [2,943 kB]
Get:2 http://us.archive.ubuntu.com/ubuntu/ precise-updates/main libc-dev-bin amd64 2.15-0ubuntu10.15 [84.7 kB]
Get:3 http://us.archive.ubuntu.com/ubuntu/ precise-updates/main libc-bin amd64 2.15-0ubuntu10.15 [1,177 kB]
Get:4 http://us.archive.ubuntu.com/ubuntu/ precise-updates/main libc6 amd64 2.15-0ubuntu10.15 [4,636 kB]
Fetched 8,840 kB in 0s (33.7 MB/s)
Preconfiguring packages ...
(Reading database ... (Reading database ... 5%(Reading database ... 10%(Reading database ... 15%(Reading database ... 20%(Reading database ... 25%(Reading database ... 30%(Reading database ... 35%(Reading database ... 40%(Reading database ... 45%(Reading database ... 50%(Reading database ... 55%(Reading database ... 60%(Reading database ... 65%(Reading database ... 70%(Reading database ... 75%(Reading database ... 80%(Reading database ... 85%(Reading database ... 90%(Reading database ... 95%(Reading database ... 100%(Reading database ... 72019 files and directories currently installed.)
Preparing to replace libc6-dev 2.15-0ubuntu10.10 (using .../libc6-dev_2.15-0ubuntu10.15_amd64.deb) ...
Unpacking replacement libc6-dev ...
Preparing to replace libc-dev-bin 2.15-0ubuntu10.10 (using .../libc-dev-bin_2.15-0ubuntu10.15_amd64.deb) ...
Unpacking replacement libc-dev-bin ...
Preparing to replace libc-bin 2.15-0ubuntu10.10 (using .../libc-bin_2.15-0ubuntu10.15_amd64.deb) ...
Unpacking replacement libc-bin ...
Processing triggers for man-db ...
Setting up libc-bin (2.15-0ubuntu10.15) ...
(Reading database ... (Reading database ... 5%(Reading database ... 10%(Reading database ... 15%(Reading database ... 20%(Reading database ... 25%(Reading database ... 30%(Reading database ... 35%(Reading database ... 40%(Reading database ... 45%(Reading database ... 50%(Reading database ... 55%(Reading database ... 60%(Reading database ... 65%(Reading database ... 70%(Reading database ... 75%(Reading database ... 80%(Reading database ... 85%(Reading database ... 90%(Reading database ... 95%(Reading database ... 100%(Reading database ... 72018 files and directories currently installed.)
Preparing to replace libc6 2.15-0ubuntu10.10 (using .../libc6_2.15-0ubuntu10.15_amd64.deb) ...
Unpacking replacement libc6 ...
Setting up libc6 (2.15-0ubuntu10.15) ...
Setting up libc-dev-bin (2.15-0ubuntu10.15) ...
Setting up libc6-dev (2.15-0ubuntu10.15) ...
Processing triggers for libc-bin ...
ldconfig deferred processing now taking place
travis_fold:end:fix.CVE-2015-7547[0Ktravis_fold:start:git.checkout[0Ktravis_time:start:079a9075[0K$ git clone --depth=50 --branch=master https://github.com/jcabi/jcabi-s3.git jcabi/jcabi-s3
Cloning into 'jcabi/jcabi-s3'...
remote: Counting objects: 334, done.[K
remote: Compressing objects:   0% (1/135)   [Kremote: Compressing objects:   1% (2/135)   [Kremote: Compressing objects:   2% (3/135)   [Kremote: Compressing objects:   3% (5/135)   [Kremote: Compressing objects:   4% (6/135)   [Kremote: Compressing objects:   5% (7/135)   [Kremote: Compressing objects:   6% (9/135)   [Kremote: Compressing objects:   7% (10/135)   [Kremote: Compressing objects:   8% (11/135)   [Kremote: Compressing objects:   9% (13/135)   [Kremote: Compressing objects:  10% (14/135)   [Kremote: Compressing objects:  11% (15/135)   [Kremote: Compressing objects:  12% (17/135)   [Kremote: Compressing objects:  13% (18/135)   [Kremote: Compressing objects:  14% (19/135)   [Kremote: Compressing objects:  15% (21/135)   [Kremote: Compressing objects:  16% (22/135)   [Kremote: Compressing objects:  17% (23/135)   [Kremote: Compressing objects:  18% (25/135)   [Kremote: Compressing objects:  19% (26/135)   [Kremote: Compressing objects:  20% (27/135)   [Kremote: Compressing objects:  21% (29/135)   [Kremote: Compressing objects:  22% (30/135)   [Kremote: Compressing objects:  23% (32/135)   [Kremote: Compressing objects:  24% (33/135)   [Kremote: Compressing objects:  25% (34/135)   [Kremote: Compressing objects:  26% (36/135)   [Kremote: Compressing objects:  27% (37/135)   [Kremote: Compressing objects:  28% (38/135)   [Kremote: Compressing objects:  29% (40/135)   [Kremote: Compressing objects:  30% (41/135)   [Kremote: Compressing objects:  31% (42/135)   [Kremote: Compressing objects:  32% (44/135)   [Kremote: Compressing objects:  33% (45/135)   [Kremote: Compressing objects:  34% (46/135)   [Kremote: Compressing objects:  35% (48/135)   [Kremote: Compressing objects:  36% (49/135)   [Kremote: Compressing objects:  37% (50/135)   [Kremote: Compressing objects:  38% (52/135)   [Kremote: Compressing objects:  39% (53/135)   [Kremote: Compressing objects:  40% (54/135)   [Kremote: Compressing objects:  41% (56/135)   [Kremote: Compressing objects:  42% (57/135)   [Kremote: Compressing objects:  43% (59/135)   [Kremote: Compressing objects:  44% (60/135)   [Kremote: Compressing objects:  45% (61/135)   [Kremote: Compressing objects:  46% (63/135)   [Kremote: Compressing objects:  47% (64/135)   [Kremote: Compressing objects:  48% (65/135)   [Kremote: Compressing objects:  49% (67/135)   [Kremote: Compressing objects:  50% (68/135)   [Kremote: Compressing objects:  51% (69/135)   [Kremote: Compressing objects:  52% (71/135)   [Kremote: Compressing objects:  53% (72/135)   [Kremote: Compressing objects:  54% (73/135)   [Kremote: Compressing objects:  55% (75/135)   [Kremote: Compressing objects:  56% (76/135)   [Kremote: Compressing objects:  57% (77/135)   [Kremote: Compressing objects:  58% (79/135)   [Kremote: Compressing objects:  59% (80/135)   [Kremote: Compressing objects:  60% (81/135)   [Kremote: Compressing objects:  61% (83/135)   [Kremote: Compressing objects:  62% (84/135)   [Kremote: Compressing objects:  63% (86/135)   [Kremote: Compressing objects:  64% (87/135)   [Kremote: Compressing objects:  65% (88/135)   [Kremote: Compressing objects:  66% (90/135)   [Kremote: Compressing objects:  67% (91/135)   [Kremote: Compressing objects:  68% (92/135)   [Kremote: Compressing objects:  69% (94/135)   [Kremote: Compressing objects:  70% (95/135)   [Kremote: Compressing objects:  71% (96/135)   [Kremote: Compressing objects:  72% (98/135)   [Kremote: Compressing objects:  73% (99/135)   [Kremote: Compressing objects:  74% (100/135)   [Kremote: Compressing objects:  75% (102/135)   [Kremote: Compressing objects:  76% (103/135)   [Kremote: Compressing objects:  77% (104/135)   [Kremote: Compressing objects:  78% (106/135)   [Kremote: Compressing objects:  79% (107/135)   [Kremote: Compressing objects:  80% (108/135)   [Kremote: Compressing objects:  81% (110/135)   [Kremote: Compressing objects:  82% (111/135)   [Kremote: Compressing objects:  83% (113/135)   [Kremote: Compressing objects:  84% (114/135)   [Kremote: Compressing objects:  85% (115/135)   [Kremote: Compressing objects:  86% (117/135)   [Kremote: Compressing objects:  87% (118/135)   [Kremote: Compressing objects:  88% (119/135)   [Kremote: Compressing objects:  89% (121/135)   [Kremote: Compressing objects:  90% (122/135)   [Kremote: Compressing objects:  91% (123/135)   [Kremote: Compressing objects:  92% (125/135)   [Kremote: Compressing objects:  93% (126/135)   [Kremote: Compressing objects:  94% (127/135)   [Kremote: Compressing objects:  95% (129/135)   [Kremote: Compressing objects:  96% (130/135)   [Kremote: Compressing objects:  97% (131/135)   [Kremote: Compressing objects:  98% (133/135)   [Kremote: Compressing objects:  99% (134/135)   [Kremote: Compressing objects: 100% (135/135)   [Kremote: Compressing objects: 100% (135/135), done.[K
Receiving objects:   0% (1/334)   Receiving objects:   1% (4/334)   Receiving objects:   2% (7/334)   Receiving objects:   3% (11/334)   Receiving objects:   4% (14/334)   Receiving objects:   5% (17/334)   Receiving objects:   6% (21/334)   Receiving objects:   7% (24/334)   Receiving objects:   8% (27/334)   Receiving objects:   9% (31/334)   Receiving objects:  10% (34/334)   Receiving objects:  11% (37/334)   Receiving objects:  12% (41/334)   Receiving objects:  13% (44/334)   Receiving objects:  14% (47/334)   Receiving objects:  15% (51/334)   Receiving objects:  16% (54/334)   Receiving objects:  17% (57/334)   Receiving objects:  18% (61/334)   Receiving objects:  19% (64/334)   Receiving objects:  20% (67/334)   remote: Total 334 (delta 182), reused 295 (delta 156), pack-reused 0[K
Receiving objects:  21% (71/334)   Receiving objects:  22% (74/334)   Receiving objects:  23% (77/334)   Receiving objects:  24% (81/334)   Receiving objects:  25% (84/334)   Receiving objects:  26% (87/334)   Receiving objects:  27% (91/334)   Receiving objects:  28% (94/334)   Receiving objects:  29% (97/334)   Receiving objects:  30% (101/334)   Receiving objects:  31% (104/334)   Receiving objects:  32% (107/334)   Receiving objects:  33% (111/334)   Receiving objects:  34% (114/334)   Receiving objects:  35% (117/334)   Receiving objects:  36% (121/334)   Receiving objects:  37% (124/334)   Receiving objects:  38% (127/334)   Receiving objects:  39% (131/334)   Receiving objects:  40% (134/334)   Receiving objects:  41% (137/334)   Receiving objects:  42% (141/334)   Receiving objects:  43% (144/334)   Receiving objects:  44% (147/334)   Receiving objects:  45% (151/334)   Receiving objects:  46% (154/334)   Receiving objects:  47% (157/334)   Receiving objects:  48% (161/334)   Receiving objects:  49% (164/334)   Receiving objects:  50% (167/334)   Receiving objects:  51% (171/334)   Receiving objects:  52% (174/334)   Receiving objects:  53% (178/334)   Receiving objects:  54% (181/334)   Receiving objects:  55% (184/334)   Receiving objects:  56% (188/334)   Receiving objects:  57% (191/334)   Receiving objects:  58% (194/334)   Receiving objects:  59% (198/334)   Receiving objects:  60% (201/334)   Receiving objects:  61% (204/334)   Receiving objects:  62% (208/334)   Receiving objects:  63% (211/334)   Receiving objects:  64% (214/334)   Receiving objects:  65% (218/334)   Receiving objects:  66% (221/334)   Receiving objects:  67% (224/334)   Receiving objects:  68% (228/334)   Receiving objects:  69% (231/334)   Receiving objects:  70% (234/334)   Receiving objects:  71% (238/334)   Receiving objects:  72% (241/334)   Receiving objects:  73% (244/334)   Receiving objects:  74% (248/334)   Receiving objects:  75% (251/334)   Receiving objects:  76% (254/334)   Receiving objects:  77% (258/334)   Receiving objects:  78% (261/334)   Receiving objects:  79% (264/334)   Receiving objects:  80% (268/334)   Receiving objects:  81% (271/334)   Receiving objects:  82% (274/334)   Receiving objects:  83% (278/334)   Receiving objects:  84% (281/334)   Receiving objects:  85% (284/334)   Receiving objects:  86% (288/334)   Receiving objects:  87% (291/334)   Receiving objects:  88% (294/334)   Receiving objects:  89% (298/334)   Receiving objects:  90% (301/334)   Receiving objects:  91% (304/334)   Receiving objects:  92% (308/334)   Receiving objects:  93% (311/334)   Receiving objects:  94% (314/334)   Receiving objects:  95% (318/334)   Receiving objects:  96% (321/334)   Receiving objects:  97% (324/334)   Receiving objects:  98% (328/334)   Receiving objects:  99% (331/334)   Receiving objects: 100% (334/334)   Receiving objects: 100% (334/334), 55.56 KiB | 0 bytes/s, done.
Resolving deltas:   0% (0/182)   Resolving deltas:   6% (12/182)   Resolving deltas:   7% (14/182)   Resolving deltas:   8% (15/182)   Resolving deltas:  10% (19/182)   Resolving deltas:  12% (22/182)   Resolving deltas:  14% (26/182)   Resolving deltas:  21% (40/182)   Resolving deltas:  30% (55/182)   Resolving deltas:  41% (75/182)   Resolving deltas:  42% (77/182)   Resolving deltas:  43% (79/182)   Resolving deltas:  48% (88/182)   Resolving deltas:  55% (101/182)   Resolving deltas:  56% (102/182)   Resolving deltas:  59% (109/182)   Resolving deltas:  60% (110/182)   Resolving deltas:  62% (113/182)   Resolving deltas:  63% (115/182)   Resolving deltas:  82% (150/182)   Resolving deltas:  83% (152/182)   Resolving deltas:  84% (153/182)   Resolving deltas:  86% (158/182)   Resolving deltas:  91% (167/182)   Resolving deltas: 100% (182/182)   Resolving deltas: 100% (182/182), done.
Checking connectivity... done.

travis_time:end:079a9075:start=1485377843909419261,finish=1485377844296901773,duration=387482512[0K$ cd jcabi/jcabi-s3
$ git checkout -qf a1baac71d5de82d7f53aacbdd8bfed1000347d17
travis_fold:end:git.checkout[0K
[33;1mThis job is running on container-based infrastructure, which does not allow use of 'sudo', setuid and setguid executables.[0m
[33;1mIf you require sudo, add 'sudo: required' to your .travis.yml[0m
[33;1mSee https://docs.travis-ci.com/user/workers/container-based-infrastructure/ for details.[0m

[33;1mSetting environment variables from .travis.yml[0m
$ export MAVEN_OPTS="-Xmx256m"
$ export JAVA_OPTS="-Xmx256m"

$ jdk_switcher use oraclejdk7
Switching to Oracle JDK7 (java-7-oracle), JAVA_HOME will be set to /usr/lib/jvm/java-7-oracle
travis_fold:start:cache.1[0KSetting up build cache
$ export CASHER_DIR=$HOME/.casher
travis_time:start:0403d794[0K$ Installing caching utilities

travis_time:end:0403d794:start=1485377847317435676,finish=1485377847722059473,duration=404623797[0Ktravis_time:start:1dfb8b3c[0K
travis_time:end:1dfb8b3c:start=1485377847728588620,finish=1485377847733121321,duration=4532701[0Ktravis_time:start:1af9dbad[0K[32;1mattempting to download cache archive[0m
[32;1mfetching master/cache-linux-precise-e3b0c44298fc1c149afbf4c8996fb92427ae41e4649b934ca495991b7852b855--jdk-oraclejdk7.tgz[0m
[32;1mfound cache[0m

travis_time:end:1af9dbad:start=1485377847738243371,finish=1485377849689176795,duration=1950933424[0Ktravis_time:start:15d5fe93[0K
travis_time:end:15d5fe93:start=1485377849695285703,finish=1485377849700207069,duration=4921366[0Ktravis_time:start:09ab415e[0K[32;1madding /home/travis/.m2 to cache[0m

travis_time:end:09ab415e:start=1485377849705400084,finish=1485377852760376620,duration=3054976536[0Ktravis_fold:end:cache.1[0K$ java -Xmx32m -version
java version "1.7.0_76"
Java(TM) SE Runtime Environment (build 1.7.0_76-b13)
Java HotSpot(TM) 64-Bit Server VM (build 24.76-b04, mixed mode)
$ javac -J-Xmx32m -version
javac 1.7.0_76
travis_fold:start:before_install.1[0Ktravis_time:start:1a7400b0[0K$ rvm install 2.2.2
[32mSearching for binary rubies, this might take some time.[0m
[32mFound remote file https://rubies.travis-ci.org/ubuntu/12.04/x86_64/ruby-2.2.2.tar.bz2[0m
[32mChecking requirements for ubuntu.[0m
[32mRequirements installation successful.[0m
[32mruby-2.2.2 - #configure[0m
[32mruby-2.2.2 - #download[0m
  % Total    % Received % Xferd  Average Speed   Time    Time     Time  Current
                                 Dload  Upload   Total   Spent    Left  Speed
  0     0    0     0    0     0      0      0 --:--:-- --:--:-- --:--:--     0  0     0    0     0    0     0      0      0 --:--:-- --:--:-- --:--:--     0  0     0    0     0    0     0      0      0 --:--:-- --:--:-- --:--:--     0
100 21.5M  100 21.5M    0     0  22.9M      0 --:--:-- --:--:-- --:--:-- 22.9M
[33mNo checksum for downloaded archive, recording checksum in user configuration.[0m
[32mruby-2.2.2 - #validate archive[0m
[32mruby-2.2.2 - #extract[0m
[32mruby-2.2.2 - #validate binary[0m
[32mruby-2.2.2 - #setup[0m
[32mruby-2.2.2 - #gemset created /home/travis/.rvm/gems/ruby-2.2.2@global[0m
[32mruby-2.2.2 - #importing gemset /home/travis/.rvm/gemsets/global.gems[0m|/-\|/-\|.-\|/-\|/-.|/-\|/-\|.-\|/-\|/-.|/-\|/-\|.-\|/-\|/-.|/-\|/-\|.-\|/-\|/-.|/-\|/-\|.-\|/-\|/-.|/-\|/-\|.-\|/-\|/-.|/-\|/-\|.-\|/-\|/-.|/-\|/-\|.-\|/-\|/-.|/-\|/-\|.-\|/-\|/-.|/-\|/-\|.-\|/-\|/-.|/-\|/-\|.-\|/-\|/-.|/-\|/-\|.-\|/-\|/-.|/-\|/-\|.-\|/-\|/-.|/-\|/-\|.-\|/-\|/-.|/-\|/-\|.-\|/-\|/-.|/-\|/-\|.-\|/-\|/-.|/-\|/-\|.-\|/-\|/-.|/-\|/-\|.-\|/-\|/-.|/-\|/-\|.-\|/-\|/-.|/-\|/-\|.-\|/-\|/-.|/-\|/-\|.-\|/-\|/-.|/-\|/-\|.-\|/-\|/-.|/-\|/-\|.-\|/-\|/-.|/-\|/-\|.-\.
[32mruby-2.2.2 - #generating global wrappers[0m|/-\|/-\|.-\|/-\|/-.|/-\|/-\|.-\|/-\|/-.|/-\|/-\|.-\|/-\|/-.|/-\|/-\|.-\|/.
[32mruby-2.2.2 - #uninstalling gem rubygems-bundler-1.4.4[0m|/.
[32mruby-2.2.2 - #gemset created /home/travis/.rvm/gems/ruby-2.2.2[0m
[32mruby-2.2.2 - #importing gemset /home/travis/.rvm/gemsets/default.gems[0m|/-\|/-\|.-\|/-\|/-.|/-\|/-\|.-\|/-\|/-.|/-\|/-\|.-\|/-\|/-.|/-\|/-\|.-\|/-\|/-.|/-\|/-\|.-\|/-\|/-.|/-\|/-\|.-\|/-\|/-.|/-\|/-\|.-\|/-\|/-.|/-\|/-\|.-\|/-\|/-.|/-\|/-\|.-\|/-\|/-.|/-\|/-\|.-\|/-\|/-.
[32mruby-2.2.2 - #generating default wrappers[0m|/-\|/-\|.-\|/-\|/-.|/-\|/-\|.-\|/-\|/-.|/-\|/-\|.-\|/-\|/-.|/-\|/-\|.-\|/-.
chown: changing ownership of `/home/travis/.rvm/user/installs': Operation not permitted

travis_time:end:1a7400b0:start=1485377853208771116,finish=1485377875231006255,duration=22022235139[0Ktravis_fold:end:before_install.1[0Ktravis_fold:start:before_install.2[0Ktravis_time:start:0d55ceb0[0K$ rvm use 2.2.2
[32mUsing /home/travis/.rvm/gems/ruby-2.2.2[0m

travis_time:end:0d55ceb0:start=1485377875236796862,finish=1485377875577803949,duration=341007087[0Ktravis_fold:end:before_install.2[0Ktravis_fold:start:install.1[0Ktravis_time:start:0abac4b1[0K$ gem install pdd
Fetching: slop-3.6.0.gemFetching: slop-3.6.0.gem (  9%)Fetching: slop-3.6.0.gem ( 20%)Fetching: slop-3.6.0.gem ( 32%)Fetching: slop-3.6.0.gem ( 44%)Fetching: slop-3.6.0.gem ( 55%)Fetching: slop-3.6.0.gem ( 66%)Fetching: slop-3.6.0.gem ( 78%)Fetching: slop-3.6.0.gem ( 90%)Fetching: slop-3.6.0.gem (100%)Fetching: slop-3.6.0.gem (100%)
Successfully installed slop-3.6.0
Fetching: ptools-1.3.3.gemFetching: ptools-1.3.3.gem (  7%)Fetching: ptools-1.3.3.gem ( 16%)Fetching: ptools-1.3.3.gem ( 26%)Fetching: ptools-1.3.3.gem ( 35%)Fetching: ptools-1.3.3.gem ( 45%)Fetching: ptools-1.3.3.gem ( 54%)Fetching: ptools-1.3.3.gem ( 63%)Fetching: ptools-1.3.3.gem ( 73%)Fetching: ptools-1.3.3.gem ( 82%)Fetching: ptools-1.3.3.gem ( 92%)Fetching: ptools-1.3.3.gem (100%)Fetching: ptools-1.3.3.gem (100%)
Successfully installed ptools-1.3.3
Fetching: mini_portile2-2.1.0.gemFetching: mini_portile2-2.1.0.gem ( 11%)Fetching: mini_portile2-2.1.0.gem ( 26%)Fetching: mini_portile2-2.1.0.gem ( 42%)Fetching: mini_portile2-2.1.0.gem ( 57%)Fetching: mini_portile2-2.1.0.gem ( 73%)Fetching: mini_portile2-2.1.0.gem ( 87%)Fetching: mini_portile2-2.1.0.gem (100%)Fetching: mini_portile2-2.1.0.gem (100%)
Successfully installed mini_portile2-2.1.0
Fetching: nokogiri-1.7.0.1.gemFetching: nokogiri-1.7.0.1.gem (  1%)Fetching: nokogiri-1.7.0.1.gem (  2%)Fetching: nokogiri-1.7.0.1.gem (  3%)Fetching: nokogiri-1.7.0.1.gem (  4%)Fetching: nokogiri-1.7.0.1.gem (  5%)Fetching: nokogiri-1.7.0.1.gem (  6%)Fetching: nokogiri-1.7.0.1.gem (  7%)Fetching: nokogiri-1.7.0.1.gem (  8%)Fetching: nokogiri-1.7.0.1.gem (  9%)Fetching: nokogiri-1.7.0.1.gem ( 10%)Fetching: nokogiri-1.7.0.1.gem ( 11%)Fetching: nokogiri-1.7.0.1.gem ( 12%)Fetching: nokogiri-1.7.0.1.gem ( 13%)Fetching: nokogiri-1.7.0.1.gem ( 14%)Fetching: nokogiri-1.7.0.1.gem ( 15%)Fetching: nokogiri-1.7.0.1.gem ( 16%)Fetching: nokogiri-1.7.0.1.gem ( 17%)Fetching: nokogiri-1.7.0.1.gem ( 18%)Fetching: nokogiri-1.7.0.1.gem ( 19%)Fetching: nokogiri-1.7.0.1.gem ( 20%)Fetching: nokogiri-1.7.0.1.gem ( 21%)Fetching: nokogiri-1.7.0.1.gem ( 22%)Fetching: nokogiri-1.7.0.1.gem ( 23%)Fetching: nokogiri-1.7.0.1.gem ( 24%)Fetching: nokogiri-1.7.0.1.gem ( 25%)Fetching: nokogiri-1.7.0.1.gem ( 26%)Fetching: nokogiri-1.7.0.1.gem ( 27%)Fetching: nokogiri-1.7.0.1.gem ( 28%)Fetching: nokogiri-1.7.0.1.gem ( 29%)Fetching: nokogiri-1.7.0.1.gem ( 30%)Fetching: nokogiri-1.7.0.1.gem ( 31%)Fetching: nokogiri-1.7.0.1.gem ( 32%)Fetching: nokogiri-1.7.0.1.gem ( 33%)Fetching: nokogiri-1.7.0.1.gem ( 34%)Fetching: nokogiri-1.7.0.1.gem ( 35%)Fetching: nokogiri-1.7.0.1.gem ( 36%)Fetching: nokogiri-1.7.0.1.gem ( 37%)Fetching: nokogiri-1.7.0.1.gem ( 38%)Fetching: nokogiri-1.7.0.1.gem ( 39%)Fetching: nokogiri-1.7.0.1.gem ( 40%)Fetching: nokogiri-1.7.0.1.gem ( 41%)Fetching: nokogiri-1.7.0.1.gem ( 42%)Fetching: nokogiri-1.7.0.1.gem ( 43%)Fetching: nokogiri-1.7.0.1.gem ( 44%)Fetching: nokogiri-1.7.0.1.gem ( 45%)Fetching: nokogiri-1.7.0.1.gem ( 46%)Fetching: nokogiri-1.7.0.1.gem ( 47%)Fetching: nokogiri-1.7.0.1.gem ( 48%)Fetching: nokogiri-1.7.0.1.gem ( 49%)Fetching: nokogiri-1.7.0.1.gem ( 50%)Fetching: nokogiri-1.7.0.1.gem ( 51%)Fetching: nokogiri-1.7.0.1.gem ( 52%)Fetching: nokogiri-1.7.0.1.gem ( 53%)Fetching: nokogiri-1.7.0.1.gem ( 54%)Fetching: nokogiri-1.7.0.1.gem ( 55%)Fetching: nokogiri-1.7.0.1.gem ( 56%)Fetching: nokogiri-1.7.0.1.gem ( 57%)Fetching: nokogiri-1.7.0.1.gem ( 58%)Fetching: nokogiri-1.7.0.1.gem ( 59%)Fetching: nokogiri-1.7.0.1.gem ( 60%)Fetching: nokogiri-1.7.0.1.gem ( 61%)Fetching: nokogiri-1.7.0.1.gem ( 62%)Fetching: nokogiri-1.7.0.1.gem ( 63%)Fetching: nokogiri-1.7.0.1.gem ( 64%)Fetching: nokogiri-1.7.0.1.gem ( 65%)Fetching: nokogiri-1.7.0.1.gem ( 66%)Fetching: nokogiri-1.7.0.1.gem ( 67%)Fetching: nokogiri-1.7.0.1.gem ( 68%)Fetching: nokogiri-1.7.0.1.gem ( 69%)Fetching: nokogiri-1.7.0.1.gem ( 70%)Fetching: nokogiri-1.7.0.1.gem ( 71%)Fetching: nokogiri-1.7.0.1.gem ( 72%)Fetching: nokogiri-1.7.0.1.gem ( 73%)Fetching: nokogiri-1.7.0.1.gem ( 74%)Fetching: nokogiri-1.7.0.1.gem ( 75%)Fetching: nokogiri-1.7.0.1.gem ( 76%)Fetching: nokogiri-1.7.0.1.gem ( 77%)Fetching: nokogiri-1.7.0.1.gem ( 78%)Fetching: nokogiri-1.7.0.1.gem ( 79%)Fetching: nokogiri-1.7.0.1.gem ( 80%)Fetching: nokogiri-1.7.0.1.gem ( 81%)Fetching: nokogiri-1.7.0.1.gem ( 82%)Fetching: nokogiri-1.7.0.1.gem ( 83%)Fetching: nokogiri-1.7.0.1.gem ( 84%)Fetching: nokogiri-1.7.0.1.gem ( 85%)Fetching: nokogiri-1.7.0.1.gem ( 86%)Fetching: nokogiri-1.7.0.1.gem ( 87%)Fetching: nokogiri-1.7.0.1.gem ( 88%)Fetching: nokogiri-1.7.0.1.gem ( 89%)Fetching: nokogiri-1.7.0.1.gem ( 90%)Fetching: nokogiri-1.7.0.1.gem ( 91%)Fetching: nokogiri-1.7.0.1.gem ( 92%)Fetching: nokogiri-1.7.0.1.gem ( 93%)Fetching: nokogiri-1.7.0.1.gem ( 94%)Fetching: nokogiri-1.7.0.1.gem ( 95%)Fetching: nokogiri-1.7.0.1.gem ( 96%)Fetching: nokogiri-1.7.0.1.gem ( 97%)Fetching: nokogiri-1.7.0.1.gem ( 98%)Fetching: nokogiri-1.7.0.1.gem ( 99%)Fetching: nokogiri-1.7.0.1.gem (100%)Fetching: nokogiri-1.7.0.1.gem (100%)
Building native extensions.  This could take a while...
Successfully installed nokogiri-1.7.0.1
Fetching: pdd-0.17.1.gemFetching: pdd-0.17.1.gem (  9%)Fetching: pdd-0.17.1.gem ( 22%)Fetching: pdd-0.17.1.gem ( 36%)Fetching: pdd-0.17.1.gem ( 49%)Fetching: pdd-0.17.1.gem ( 62%)Fetching: pdd-0.17.1.gem ( 74%)Fetching: pdd-0.17.1.gem ( 87%)Fetching: pdd-0.17.1.gem (100%)Fetching: pdd-0.17.1.gem (100%)
Successfully installed pdd-0.17.1
5 gems installed

travis_time:end:0abac4b1:start=1485377875586125456,finish=1485377932065473633,duration=56479348177[0Ktravis_fold:end:install.1[0Ktravis_fold:start:install.2[0Ktravis_time:start:00dab6f6[0K$ gem install est
Fetching: mini_portile-0.6.2.gemFetching: mini_portile-0.6.2.gem ( 14%)Fetching: mini_portile-0.6.2.gem ( 34%)Fetching: mini_portile-0.6.2.gem ( 54%)Fetching: mini_portile-0.6.2.gem ( 74%)Fetching: mini_portile-0.6.2.gem ( 94%)Fetching: mini_portile-0.6.2.gem (100%)Fetching: mini_portile-0.6.2.gem (100%)
Successfully installed mini_portile-0.6.2
Fetching: nokogiri-1.6.6.4.gemFetching: nokogiri-1.6.6.4.gem (  1%)Fetching: nokogiri-1.6.6.4.gem (  2%)Fetching: nokogiri-1.6.6.4.gem (  3%)Fetching: nokogiri-1.6.6.4.gem (  4%)Fetching: nokogiri-1.6.6.4.gem (  5%)Fetching: nokogiri-1.6.6.4.gem (  6%)Fetching: nokogiri-1.6.6.4.gem (  7%)Fetching: nokogiri-1.6.6.4.gem (  8%)Fetching: nokogiri-1.6.6.4.gem (  9%)Fetching: nokogiri-1.6.6.4.gem ( 10%)Fetching: nokogiri-1.6.6.4.gem ( 11%)Fetching: nokogiri-1.6.6.4.gem ( 12%)Fetching: nokogiri-1.6.6.4.gem ( 13%)Fetching: nokogiri-1.6.6.4.gem ( 14%)Fetching: nokogiri-1.6.6.4.gem ( 15%)Fetching: nokogiri-1.6.6.4.gem ( 16%)Fetching: nokogiri-1.6.6.4.gem ( 17%)Fetching: nokogiri-1.6.6.4.gem ( 18%)Fetching: nokogiri-1.6.6.4.gem ( 19%)Fetching: nokogiri-1.6.6.4.gem ( 20%)Fetching: nokogiri-1.6.6.4.gem ( 21%)Fetching: nokogiri-1.6.6.4.gem ( 22%)Fetching: nokogiri-1.6.6.4.gem ( 23%)Fetching: nokogiri-1.6.6.4.gem ( 24%)Fetching: nokogiri-1.6.6.4.gem ( 25%)Fetching: nokogiri-1.6.6.4.gem ( 26%)Fetching: nokogiri-1.6.6.4.gem ( 27%)Fetching: nokogiri-1.6.6.4.gem ( 28%)Fetching: nokogiri-1.6.6.4.gem ( 29%)Fetching: nokogiri-1.6.6.4.gem ( 30%)Fetching: nokogiri-1.6.6.4.gem ( 31%)Fetching: nokogiri-1.6.6.4.gem ( 32%)Fetching: nokogiri-1.6.6.4.gem ( 33%)Fetching: nokogiri-1.6.6.4.gem ( 34%)Fetching: nokogiri-1.6.6.4.gem ( 35%)Fetching: nokogiri-1.6.6.4.gem ( 36%)Fetching: nokogiri-1.6.6.4.gem ( 37%)Fetching: nokogiri-1.6.6.4.gem ( 38%)Fetching: nokogiri-1.6.6.4.gem ( 39%)Fetching: nokogiri-1.6.6.4.gem ( 40%)Fetching: nokogiri-1.6.6.4.gem ( 41%)Fetching: nokogiri-1.6.6.4.gem ( 42%)Fetching: nokogiri-1.6.6.4.gem ( 43%)Fetching: nokogiri-1.6.6.4.gem ( 44%)Fetching: nokogiri-1.6.6.4.gem ( 45%)Fetching: nokogiri-1.6.6.4.gem ( 46%)Fetching: nokogiri-1.6.6.4.gem ( 47%)Fetching: nokogiri-1.6.6.4.gem ( 48%)Fetching: nokogiri-1.6.6.4.gem ( 49%)Fetching: nokogiri-1.6.6.4.gem ( 50%)Fetching: nokogiri-1.6.6.4.gem ( 51%)Fetching: nokogiri-1.6.6.4.gem ( 52%)Fetching: nokogiri-1.6.6.4.gem ( 53%)Fetching: nokogiri-1.6.6.4.gem ( 54%)Fetching: nokogiri-1.6.6.4.gem ( 55%)Fetching: nokogiri-1.6.6.4.gem ( 56%)Fetching: nokogiri-1.6.6.4.gem ( 57%)Fetching: nokogiri-1.6.6.4.gem ( 58%)Fetching: nokogiri-1.6.6.4.gem ( 59%)Fetching: nokogiri-1.6.6.4.gem ( 60%)Fetching: nokogiri-1.6.6.4.gem ( 61%)Fetching: nokogiri-1.6.6.4.gem ( 62%)Fetching: nokogiri-1.6.6.4.gem ( 63%)Fetching: nokogiri-1.6.6.4.gem ( 64%)Fetching: nokogiri-1.6.6.4.gem ( 65%)Fetching: nokogiri-1.6.6.4.gem ( 66%)Fetching: nokogiri-1.6.6.4.gem ( 67%)Fetching: nokogiri-1.6.6.4.gem ( 68%)Fetching: nokogiri-1.6.6.4.gem ( 69%)Fetching: nokogiri-1.6.6.4.gem ( 70%)Fetching: nokogiri-1.6.6.4.gem ( 71%)Fetching: nokogiri-1.6.6.4.gem ( 72%)Fetching: nokogiri-1.6.6.4.gem ( 73%)Fetching: nokogiri-1.6.6.4.gem ( 74%)Fetching: nokogiri-1.6.6.4.gem ( 75%)Fetching: nokogiri-1.6.6.4.gem ( 76%)Fetching: nokogiri-1.6.6.4.gem ( 77%)Fetching: nokogiri-1.6.6.4.gem ( 78%)Fetching: nokogiri-1.6.6.4.gem ( 79%)Fetching: nokogiri-1.6.6.4.gem ( 80%)Fetching: nokogiri-1.6.6.4.gem ( 81%)Fetching: nokogiri-1.6.6.4.gem ( 82%)Fetching: nokogiri-1.6.6.4.gem ( 83%)Fetching: nokogiri-1.6.6.4.gem ( 84%)Fetching: nokogiri-1.6.6.4.gem ( 85%)Fetching: nokogiri-1.6.6.4.gem ( 86%)Fetching: nokogiri-1.6.6.4.gem ( 87%)Fetching: nokogiri-1.6.6.4.gem ( 88%)Fetching: nokogiri-1.6.6.4.gem ( 89%)Fetching: nokogiri-1.6.6.4.gem ( 90%)Fetching: nokogiri-1.6.6.4.gem ( 91%)Fetching: nokogiri-1.6.6.4.gem ( 92%)Fetching: nokogiri-1.6.6.4.gem ( 93%)Fetching: nokogiri-1.6.6.4.gem ( 94%)Fetching: nokogiri-1.6.6.4.gem ( 95%)Fetching: nokogiri-1.6.6.4.gem ( 96%)Fetching: nokogiri-1.6.6.4.gem ( 97%)Fetching: nokogiri-1.6.6.4.gem ( 98%)Fetching: nokogiri-1.6.6.4.gem ( 99%)Fetching: nokogiri-1.6.6.4.gem (100%)Fetching: nokogiri-1.6.6.4.gem (100%)
Building native extensions.  This could take a while...
Successfully installed nokogiri-1.6.6.4
Fetching: est-0.3.4.gemFetching: est-0.3.4.gem ( 12%)Fetching: est-0.3.4.gem ( 30%)Fetching: est-0.3.4.gem ( 47%)Fetching: est-0.3.4.gem ( 64%)Fetching: est-0.3.4.gem ( 82%)Fetching: est-0.3.4.gem ( 98%)Fetching: est-0.3.4.gem (100%)Fetching: est-0.3.4.gem (100%)
Successfully installed est-0.3.4
3 gems installed

travis_time:end:00dab6f6:start=1485377932071166715,finish=1485377986455970938,duration=54384804223[0Ktravis_fold:end:install.2[0Ktravis_time:start:0aa43774[0K$ set -e

travis_time:end:0aa43774:start=1485377986461983237,finish=1485377986466577954,duration=4594717[0K
[32;1mThe command "set -e" exited with 0.[0m
travis_time:start:00089dfc[0K$ mvn clean install -Pqulice --errors --batch-mode
[INFO] Error stacktraces are turned on.
[INFO] Scanning for projects...
[INFO]                                                                         
[INFO] ------------------------------------------------------------------------
[INFO] Building jcabi-s3 1.0-SNAPSHOT
[INFO] ------------------------------------------------------------------------
[INFO] 
[INFO] --- maven-clean-plugin:3.0.0:clean (default-clean) @ jcabi-s3 ---
[INFO] 
[INFO] --- maven-enforcer-plugin:1.4.1:enforce (enforce-maven) @ jcabi-s3 ---
[INFO] 
[INFO] --- buildnumber-maven-plugin:1.4:create (jcabi-build-number) @ jcabi-s3 ---
[INFO] ShortRevision tag detected. The value is '7'.
[INFO] Executing: /bin/sh -c cd '/home/travis/build/jcabi/jcabi-s3' && 'git' 'rev-parse' '--verify' '--short=7' 'HEAD'
[INFO] Working directory: /home/travis/build/jcabi/jcabi-s3
[INFO] Storing buildNumber: a1baac7 at timestamp: 2017-01-25T20:59:50
[WARNING] Cannot get the branch information from the git repository: 
Detecting the current branch failed: fatal: ref HEAD is not a symbolic ref

[INFO] ShortRevision tag detected. The value is '7'.
[INFO] Executing: /bin/sh -c cd '/home/travis/build/jcabi/jcabi-s3' && 'git' 'rev-parse' '--verify' '--short=7' 'HEAD'
[INFO] Working directory: /home/travis/build/jcabi/jcabi-s3
[INFO] Storing buildScmBranch: UNKNOWN
[INFO] 
[INFO] --- buildnumber-maven-plugin:1.4:create-timestamp (jcabi-build-number) @ jcabi-s3 ---
[INFO] 
[INFO] --- maven-resources-plugin:3.0.1:resources (default-resources) @ jcabi-s3 ---
[INFO] Using 'UTF-8' encoding to copy filtered resources.
[INFO] skip non existing resourceDirectory /home/travis/build/jcabi/jcabi-s3/src/main/resources
[INFO] 
[INFO] --- maven-compiler-plugin:3.6.0:compile (default-compile) @ jcabi-s3 ---
[INFO] Changes detected - recompiling the module!
[INFO] Compiling 20 source files to /home/travis/build/jcabi/jcabi-s3/target/classes
[INFO] 
[INFO] --- jcabi-maven-plugin:0.14.1:ajc (jcabi-ajc-compile) @ jcabi-s3 ---
[INFO] jcabi-aspects 0.18/55a5c13 started new daemon thread jcabi-loggable for watching of @Loggable annotated methods
[INFO] Unwoven classes will be copied to /home/travis/build/jcabi/jcabi-s3/target/unwoven
[INFO] Created temp dir /home/travis/build/jcabi/jcabi-s3/target/jcabi-ajc
[INFO] jcabi-aspects 0.18/55a5c13 started new daemon thread jcabi-cacheable for automated cleaning of expired @Cacheable values

125 warnings
[INFO] ajc result: 125 file(s) processed, 0 pointcut(s) woven, 0 error(s), 0 warning(s)
[INFO] 
[INFO] --- maven-resources-plugin:3.0.1:testResources (default-testResources) @ jcabi-s3 ---
[INFO] Using 'UTF-8' encoding to copy filtered resources.
[INFO] Copying 2 resources
[INFO] 
[INFO] --- maven-compiler-plugin:3.6.0:testCompile (default-testCompile) @ jcabi-s3 ---
[INFO] Changes detected - recompiling the module!
[INFO] Compiling 9 source files to /home/travis/build/jcabi/jcabi-s3/target/test-classes
[INFO] 
[INFO] --- jcabi-maven-plugin:0.14.1:ajc (jcabi-ajc-test-compile) @ jcabi-s3 ---
[INFO] Unwoven test classes will be copied to /home/travis/build/jcabi/jcabi-s3/target/unwoven-test
[INFO] Created temp dir /home/travis/build/jcabi/jcabi-s3/target/jcabi-ajc-test

28 warnings
[INFO] ajc result: 12 file(s) processed, 0 pointcut(s) woven, 0 error(s), 0 warning(s)
[INFO] 
[INFO] --- maven-surefire-plugin:2.19.1:test (default-test) @ jcabi-s3 ---
[INFO] Surefire report directory: /home/travis/build/jcabi/jcabi-s3/target/surefire-reports
[INFO] parallel='all', perCoreThreadCount=true, threadCount=4, useUnlimitedThreads=false, threadCountSuites=0, threadCountClasses=0, threadCountMethods=0, parallelOptimized=true

-------------------------------------------------------
 T E S T S
-------------------------------------------------------
Running com.jcabi.s3.AwsOcketTest
[[2;37mDEBUG[m] pool-1-thread-7 com.jcabi.s3.AwsOcket: #meta(): thrown com.jcabi.s3.OcketNotFoundException(ocket 'test-99.txt' not found in 'null', can't fetch meta()) out of com.jcabi.s3.AwsOcket#meta_aroundBody4[119] in 3ms
[[0;37mINFO[m] pool-1-thread-5 com.jcabi.s3.AwsOcket: loaded 20 byte(s) from ocket 'test.txt' in bucket 'null' in 4ms (etag=null)
[[2;37mDEBUG[m] pool-1-thread-5 com.jcabi.s3.AwsOcket: #read('some text €\n	test'): in 5.07ms
[[0;37mINFO[m] pool-1-thread-9 com.jcabi.s3.AwsOcket: saved 0 byte(s) to ocket 'test-3.txt' in bucket 'null' in 20ms (etag=null)
[[2;37mDEBUG[m] pool-1-thread-9 com.jcabi.s3.AwsOcket: #write(java.io.ByteArrayInputStream@2e0dee91, com.amazonaws.services.s3.model.ObjectMetadata@14a98936): in 21.74ms
Tests run: 3, Failures: 0, Errors: 0, Skipped: 0, Time elapsed: 1.054 sec - in com.jcabi.s3.AwsOcketTest
Running com.jcabi.s3.AwsBucketTest
[[2;37mDEBUG[m] pool-1-thread-11 com.jcabi.s3.AwsBucket: Does bucket 'non.existing.bucket.com' exist? false
[[2;37mDEBUG[m] pool-1-thread-11 com.jcabi.s3.AwsBucket: #exists(): false in 4.30ms
[[2;37mDEBUG[m] pool-1-thread-13 com.jcabi.s3.AwsBucket: Does bucket 'existing.bucket.com' exist? true
[[2;37mDEBUG[m] pool-1-thread-13 com.jcabi.s3.AwsBucket: #exists(): true in 4.32ms
[[2;37mDEBUG[m] pool-1-thread-10 com.jcabi.s3.AwsBucket: #exists(): thrown java.io.IOException(failed to check existence of 'throwing.bucket.com' bucket) out of com.jcabi.s3.AwsBucket#exists_aroundBody6[102] in 4ms
[[2;37mDEBUG[m] pool-1-thread-16 com.jcabi.s3.AwsBucket: #ocket('test'): test in 4.04ms
Tests run: 4, Failures: 0, Errors: 0, Skipped: 0, Time elapsed: 0.981 sec - in com.jcabi.s3.AwsBucketTest
Running com.jcabi.s3.mock.MkBucketTest
[[2;37mDEBUG[m] pool-1-thread-15 com.jcabi.s3.mock.MkRegion: #bucket('foo'): com.jcabi.s3.mock.MkBucket@18d01 in 9.09ms
[[2;37mDEBUG[m] pool-1-thread-15 com.jcabi.s3.mock.MkBucket: #ocket('1/foo.txt'): com.jcabi.s3.mock.MkOcket@4b2460a5 in 275.68µs
[[2;37mDEBUG[m] pool-1-thread-15 com.jcabi.s3.mock.MkOcket: #write(java.io.ByteArrayInputStream@40fc6015, com.amazonaws.services.s3.model.ObjectMetadata@2324fb16): in 352.37µs
[[2;37mDEBUG[m] pool-1-thread-15 com.jcabi.s3.Ocket$Text: #write('', 'text/plain'): in 1.80ms
[[2;37mDEBUG[m] pool-1-thread-15 com.jcabi.s3.Ocket$Text: #write(''): in 3.53ms
[[2;37mDEBUG[m] pool-1-thread-15 com.jcabi.s3.mock.MkBucket: #ocket('1/2/foo.txt'): com.jcabi.s3.mock.MkOcket@38aacb48 in 30.08µs
[[2;37mDEBUG[m] pool-1-thread-15 com.jcabi.s3.mock.MkOcket: #write(java.io.ByteArrayInputStream@25bcb56b, com.amazonaws.services.s3.model.ObjectMetadata@146e2667): in 173.76µs
[[2;37mDEBUG[m] pool-1-thread-15 com.jcabi.s3.Ocket$Text: #write('', 'text/plain'): in 1.61ms
[[2;37mDEBUG[m] pool-1-thread-15 com.jcabi.s3.Ocket$Text: #write(''): in 3.36ms
[[2;37mDEBUG[m] pool-1-thread-15 com.jcabi.s3.mock.MkBucket: #ocket('1/2/3/foo.txt'): com.jcabi.s3.mock.MkOcket@7285882c in 36.42µs
[[2;37mDEBUG[m] pool-1-thread-15 com.jcabi.s3.mock.MkOcket: #write(java.io.ByteArrayInputStream@5489708c, com.amazonaws.services.s3.model.ObjectMetadata@b3c22b0): in 152.55µs
[[2;37mDEBUG[m] pool-1-thread-15 com.jcabi.s3.Ocket$Text: #write('', 'text/plain'): in 1.55ms
[[2;37mDEBUG[m] pool-1-thread-15 com.jcabi.s3.Ocket$Text: #write(''): in 2.95ms
[[2;37mDEBUG[m] pool-1-thread-15 com.jcabi.s3.mock.MkBucket: #list('1/'): '[1/foo.txt, 1/2/foo.txt, 1/2/3/foo.txt]' in 16.95ms
[[2;37mDEBUG[m] pool-1-thread-15 com.jcabi.s3.Bucket$Prefixed: #list(''): '[foo.txt, 2/foo.txt, 2/3/foo.txt]' in 28.97ms
[[2;37mDEBUG[m] pool-1-thread-17 com.jcabi.s3.mock.MkRegion: #bucket('test'): com.jcabi.s3.mock.MkBucket@3644cd in 8.05ms
[[2;37mDEBUG[m] pool-1-thread-17 com.jcabi.s3.mock.MkBucket: #ocket('a/first.txt'): com.jcabi.s3.mock.MkOcket@58820143 in 33.00µs
[[2;37mDEBUG[m] pool-1-thread-17 com.jcabi.s3.mock.MkOcket: #write(java.io.ByteArrayInputStream@467d8ddd, com.amazonaws.services.s3.model.ObjectMetadata@c0e7403): in 377.00µs
[[2;37mDEBUG[m] pool-1-thread-17 com.jcabi.s3.Ocket$Text: #write('', 'text/plain'): in 1.86ms
[[2;37mDEBUG[m] pool-1-thread-17 com.jcabi.s3.Ocket$Text: #write(''): in 3.31ms
[[2;37mDEBUG[m] pool-1-thread-17 com.jcabi.s3.mock.MkBucket: #ocket('a/b/hello.txt'): com.jcabi.s3.mock.MkOcket@f60fec78 in 99.06µs
[[2;37mDEBUG[m] pool-1-thread-17 com.jcabi.s3.mock.MkOcket: #write(java.io.ByteArrayInputStream@12f1eff, com.amazonaws.services.s3.model.ObjectMetadata@39a66fba): in 189.09µs
[[2;37mDEBUG[m] pool-1-thread-17 com.jcabi.s3.Ocket$Text: #write('', 'text/plain'): in 5.07ms
[[2;37mDEBUG[m] pool-1-thread-17 com.jcabi.s3.Ocket$Text: #write(''): in 6.49ms
[[2;37mDEBUG[m] pool-1-thread-17 com.jcabi.s3.mock.MkBucket: #ocket('a/b/f/2.txt'): com.jcabi.s3.mock.MkOcket@8bf5ba2f in 26.23µs
[[2;37mDEBUG[m] pool-1-thread-17 com.jcabi.s3.mock.MkOcket: #write(java.io.ByteArrayInputStream@6a809883, com.amazonaws.services.s3.model.ObjectMetadata@4cbf811c): in 172.07µs
[[2;37mDEBUG[m] pool-1-thread-17 com.jcabi.s3.Ocket$Text: #write('', 'text/plain'): in 2.08ms
[[2;37mDEBUG[m] pool-1-thread-17 com.jcabi.s3.Ocket$Text: #write(''): in 3.31ms
[[2;37mDEBUG[m] pool-1-thread-17 com.jcabi.s3.mock.MkBucket: #ocket('a/b/c/d/3.txt'): com.jcabi.s3.mock.MkOcket@14a35042 in 28.87µs
[[2;37mDEBUG[m] pool-1-thread-17 com.jcabi.s3.mock.MkOcket: #write(java.io.ByteArrayInputStream@3f669e7f, com.amazonaws.services.s3.model.ObjectMetadata@4d2a9eda): in 322.24µs
[[2;37mDEBUG[m] pool-1-thread-17 com.jcabi.s3.Ocket$Text: #write('', 'text/plain'): in 1.71ms
[[2;37mDEBUG[m] pool-1-thread-17 com.jcabi.s3.Ocket$Text: #write(''): in 3.14ms
[[2;37mDEBUG[m] pool-1-thread-17 com.jcabi.s3.mock.MkBucket: #list('a/b'): '[a/b/hello.txt, a/b/f/2.txt, a/b/c/d/3.txt]' in 16.93ms
[[2;37mDEBUG[m] pool-1-thread-17 com.jcabi.s3.Bucket$Prefixed: #list(''): '[/hello.txt, /f/2.txt, /c/d/3.txt]' in 28.95ms
Tests run: 2, Failures: 0, Errors: 0, Skipped: 0, Time elapsed: 0.258 sec - in com.jcabi.s3.mock.MkBucketTest
Running com.jcabi.s3.mock.MkRegionTest
[[2;37mDEBUG[m] pool-1-thread-14 com.jcabi.s3.mock.MkRegion: #bucket('test'): com.jcabi.s3.mock.MkBucket@3644cd in 5.61ms
[[2;37mDEBUG[m] pool-1-thread-14 com.jcabi.s3.mock.MkBucket: #ocket('hello.txt'): com.jcabi.s3.mock.MkOcket@53c4e693 in 4.01ms
[[2;37mDEBUG[m] pool-1-thread-14 com.jcabi.s3.mock.MkOcket: #write(java.io.ByteArrayInputStream@19d29ed8, com.amazonaws.services.s3.model.ObjectMetadata@62cca38): in 451.28µs
[[2;37mDEBUG[m] pool-1-thread-14 com.jcabi.s3.Ocket$Text: #write('hello, world!', 'text/plain'): in 2.11ms
[[2;37mDEBUG[m] pool-1-thread-14 com.jcabi.s3.Ocket$Text: #write('hello, world!'): in 3.88ms
[[2;37mDEBUG[m] pool-1-thread-14 com.jcabi.s3.mock.MkOcket: #key(): 'hello.txt' in 18.10µs
[[2;37mDEBUG[m] pool-1-thread-14 com.jcabi.s3.mock.MkBucket: #ocket('hello.txt'): com.jcabi.s3.mock.MkOcket@53c4e693 in 38.99µs
[[2;37mDEBUG[m] pool-1-thread-14 com.jcabi.s3.mock.MkOcket: #read('hello, world!'): in 137.90µs
[[2;37mDEBUG[m] pool-1-thread-14 com.jcabi.s3.Ocket$Text: #read(): 'hello, world!' in 1.18ms
Tests run: 1, Failures: 0, Errors: 0, Skipped: 0, Time elapsed: 0.207 sec - in com.jcabi.s3.mock.MkRegionTest
Running com.jcabi.s3.mock.MkOcketTest
[[2;37mDEBUG[m] pool-1-thread-6 com.jcabi.s3.mock.MkRegion: #bucket('test'): com.jcabi.s3.mock.MkBucket@3644cd in 6.52ms
[[2;37mDEBUG[m] pool-1-thread-6 com.jcabi.s3.mock.MkBucket: #ocket('hello.txt'): com.jcabi.s3.mock.MkOcket@53c4e693 in 3.44ms
[[2;37mDEBUG[m] pool-1-thread-6 com.jcabi.s3.mock.MkOcket: #write(java.io.ByteArrayInputStream@19d29ed8, com.amazonaws.services.s3.model.ObjectMetadata@62cca38): in 437.04µs
[[2;37mDEBUG[m] pool-1-thread-6 com.jcabi.s3.Ocket$Text: #write('hello, world!', 'text/plain'): in 8.53ms
[[2;37mDEBUG[m] pool-1-thread-6 com.jcabi.s3.Ocket$Text: #write('hello, world!'): in 13.96ms
[[2;37mDEBUG[m] pool-1-thread-6 com.jcabi.s3.mock.MkOcket: #key(): 'hello.txt' in 12.02µs
[[2;37mDEBUG[m] pool-1-thread-6 com.jcabi.s3.mock.MkBucket: #ocket('hello.txt'): com.jcabi.s3.mock.MkOcket@53c4e693 in 20.92µs
[[2;37mDEBUG[m] pool-1-thread-6 com.jcabi.s3.mock.MkOcket: #meta(): com.amazonaws.services.s3.model.ObjectMetadata@c7d6ff4 in 3.73ms
[[2;37mDEBUG[m] pool-1-thread-6 com.jcabi.s3.Ocket$Text: #meta(): com.amazonaws.services.s3.model.ObjectMetadata@c7d6ff4 in 5.27ms
[[2;37mDEBUG[m] pool-1-thread-3 com.jcabi.s3.mock.MkRegion: #bucket('test'): com.jcabi.s3.mock.MkBucket@3644cd in 7.03ms
[[2;37mDEBUG[m] pool-1-thread-3 com.jcabi.s3.mock.MkBucket: #ocket('hello.txt'): com.jcabi.s3.mock.MkOcket@53c4e693 in 3.26ms
[[2;37mDEBUG[m] pool-1-thread-3 com.jcabi.s3.mock.MkOcket: #key(): 'hello.txt' in 18.54µs
[[2;37mDEBUG[m] pool-1-thread-3 com.jcabi.s3.mock.MkBucket: #ocket('hello.txt'): com.jcabi.s3.mock.MkOcket@53c4e693 in 22.54µs
[[2;37mDEBUG[m] pool-1-thread-3 com.jcabi.s3.mock.MkOcket: #meta(): com.amazonaws.services.s3.model.ObjectMetadata@87e10bf in 6.64ms
[[2;37mDEBUG[m] pool-1-thread-3 com.jcabi.s3.Ocket$Text: #meta(): com.amazonaws.services.s3.model.ObjectMetadata@87e10bf in 7.96ms
Tests run: 2, Failures: 0, Errors: 0, Skipped: 0, Time elapsed: 0.218 sec - in com.jcabi.s3.mock.MkOcketTest

Results :

Tests run: 12, Failures: 0, Errors: 0, Skipped: 0

[INFO] 
[INFO] --- jcabi-maven-plugin:0.14.1:versionalize (jcabi-versionalize-packages) @ jcabi-s3 ---
[INFO] Versionalizing /home/travis/build/jcabi/jcabi-s3/target/classes directory
[[0;37mINFO[m] org.hibernate.validator.internal.util.Version: HV000001: Hibernate Validator 5.1.2.Final
[INFO] JSR-303 validator org.hibernate.validator.internal.engine.ValidatorImpl instantiated by jcabi-aspects 0.18/55a5c13
[INFO] File /home/travis/build/jcabi/jcabi-s3/target/classes/com/jcabi/s3/com-jcabi-jcabi-s3-jar.txt added
[INFO] File /home/travis/build/jcabi/jcabi-s3/target/classes/com/jcabi/s3/cached/com-jcabi-jcabi-s3-jar.txt added
[INFO] File /home/travis/build/jcabi/jcabi-s3/target/classes/com/jcabi/s3/mock/com-jcabi-jcabi-s3-jar.txt added
[INFO] File /home/travis/build/jcabi/jcabi-s3/target/classes/com/jcabi/s3/retry/com-jcabi-jcabi-s3-jar.txt added
[INFO] 
[INFO] --- maven-jar-plugin:3.0.2:jar (default-jar) @ jcabi-s3 ---
[INFO] Building jar: /home/travis/build/jcabi/jcabi-s3/target/jcabi-s3-1.0-SNAPSHOT.jar
[INFO] 
[INFO] --- maven-assembly-plugin:3.0.0:single (assemble-all) @ jcabi-s3 ---
[INFO] Building jar: /home/travis/build/jcabi/jcabi-s3/target/jcabi-s3-1.0-SNAPSHOT-jar-with-dependencies.jar
[INFO] 
[INFO] --- maven-failsafe-plugin:2.19.1:integration-test (default) @ jcabi-s3 ---
[WARNING] useSystemClassloader setting has no effect when not forking
[INFO] Failsafe report directory: /home/travis/build/jcabi/jcabi-s3/target/failsafe-reports
[INFO] parallel='all', perCoreThreadCount=true, threadCount=8, useUnlimitedThreads=false, threadCountSuites=0, threadCountClasses=0, threadCountMethods=0, parallelOptimized=true
Running com.jcabi.s3.AwsOcketITCase
SLF4J: The following loggers will not work because they were created
SLF4J: during the default configuration phase of the underlying logging system.
SLF4J: See also http://www.slf4j.org/codes.html#substituteLogger
SLF4J: com.jcabi.s3.BucketRule$1
SLF4J: com.jcabi.s3.BucketRule$1
SLF4J: com.jcabi.s3.BucketRule$1
SLF4J: com.jcabi.s3.BucketRule$1
SLF4J: com.jcabi.s3.BucketRule$1
SLF4J: com.jcabi.s3.BucketRule$1
SLF4J: com.jcabi.s3.BucketRule$1
SLF4J: com.jcabi.s3.BucketRule$1
SLF4J: com.jcabi.s3.BucketRule$1
[[0;33mWARN[m] pool-1-thread-12 com.jcabi.s3.BucketRule$1: system property failsafe.s3.key is not set, skipping
Tests run: 4, Failures: 0, Errors: 0, Skipped: 0, Time elapsed: 0.052 sec - in com.jcabi.s3.AwsOcketITCase
Running com.jcabi.s3.RegionITCase
Tests run: 1, Failures: 0, Errors: 0, Skipped: 0, Time elapsed: 0.02 sec - in com.jcabi.s3.RegionITCase
Running com.jcabi.s3.AwsBucketITCase
Tests run: 5, Failures: 0, Errors: 0, Skipped: 0, Time elapsed: 0.021 sec - in com.jcabi.s3.AwsBucketITCase

Results :

Tests run: 10, Failures: 0, Errors: 0, Skipped: 0

[INFO] 
[INFO] --- maven-failsafe-plugin:2.19.1:verify (default) @ jcabi-s3 ---
[INFO] Failsafe report directory: /home/travis/build/jcabi/jcabi-s3/target/failsafe-reports
[INFO] 
[INFO] --- qulice-maven-plugin:0.17.1:check (jcabi-check) @ jcabi-s3 ---
log4j:WARN No appenders could be found for logger (com.puppycrawl.tools.checkstyle.ConfigurationLoader).
log4j:WARN Please initialize the log4j system properly.
log4j:WARN See http://logging.apache.org/log4j/1.2/faq.html#noconfig for more info.
[INFO] Starting PMD validator
[INFO] No PMD violations found in 31 files
[INFO] Finishing PMD validator
[INFO] Starting FindBugs validator
[INFO] Finishing FindBugs validator
[INFO] Starting XML validator
[INFO] /src/site/site.xml: to be validated
[INFO] Finishing XML validator
[INFO] Starting CodeNarc validator
[INFO] CodeNarc not required since no groovy files in /home/travis/build/jcabi/jcabi-s3/src
[INFO] Finishing CodeNarc validator
[INFO] Calling org.apache.maven.plugins:maven-enforcer-plugin:1.0-beta-1:enforce...
[INFO] Calling com.ning.maven.plugins:maven-duplicate-finder-plugin:1.0.7:check...
[INFO] Checking compile classpath
[INFO] Checking runtime classpath
[INFO] This is not an SVN project
[INFO] Calling org.codehaus.mojo:cobertura-maven-plugin:2.5.1:check...
[INFO] Cannot perform check, instrumentation not performed - skipping.
[INFO] No dependency problems found
[INFO] Calling org.codehaus.mojo:jslint-maven-plugin:1.0.1:jslint...
[INFO] Qulice quality check completed in 12s
[INFO] 
[INFO] --- maven-install-plugin:2.5.2:install (default-install) @ jcabi-s3 ---
[INFO] Installing /home/travis/build/jcabi/jcabi-s3/target/jcabi-s3-1.0-SNAPSHOT.jar to /home/travis/.m2/repository/com/jcabi/jcabi-s3/1.0-SNAPSHOT/jcabi-s3-1.0-SNAPSHOT.jar
[INFO] Installing /home/travis/build/jcabi/jcabi-s3/pom.xml to /home/travis/.m2/repository/com/jcabi/jcabi-s3/1.0-SNAPSHOT/jcabi-s3-1.0-SNAPSHOT.pom
[INFO] Installing /home/travis/build/jcabi/jcabi-s3/target/jcabi-s3-1.0-SNAPSHOT-jar-with-dependencies.jar to /home/travis/.m2/repository/com/jcabi/jcabi-s3/1.0-SNAPSHOT/jcabi-s3-1.0-SNAPSHOT-jar-with-dependencies.jar
[INFO] ------------------------------------------------------------------------
[INFO] BUILD SUCCESS
[INFO] ------------------------------------------------------------------------
[INFO] Total time: 29.886 s
[INFO] Finished at: 2017-01-25T21:00:17+00:00
[INFO] Final Memory: 57M/472M
[INFO] ------------------------------------------------------------------------

travis_time:end:00089dfc:start=1485377986472568674,finish=1485378018432413117,duration=31959844443[0K
[32;1mThe command "mvn clean install -Pqulice --errors --batch-mode" exited with 0.[0m
travis_time:start:07dc885a[0K$ mvn clean
[INFO] Scanning for projects...
[INFO]                                                                         
[INFO] ------------------------------------------------------------------------
[INFO] Building jcabi-s3 1.0-SNAPSHOT
[INFO] ------------------------------------------------------------------------
[INFO] 
[INFO] --- maven-clean-plugin:3.0.0:clean (default-clean) @ jcabi-s3 ---
[INFO] Deleting /home/travis/build/jcabi/jcabi-s3/target
[INFO] ------------------------------------------------------------------------
[INFO] BUILD SUCCESS
[INFO] ------------------------------------------------------------------------
[INFO] Total time: 1.763 s
[INFO] Finished at: 2017-01-25T21:00:21+00:00
[INFO] Final Memory: 14M/491M
[INFO] ------------------------------------------------------------------------

travis_time:end:07dc885a:start=1485378018438381975,finish=1485378021894753608,duration=3456371633[0K
[32;1mThe command "mvn clean" exited with 0.[0m
travis_time:start:1dc109c3[0K$ pdd --source=$(pwd) --file=/dev/null
INFO: "my version is 0.17.1"
INFO: "Ruby version is 2.2.2 at x86_64-linux"
INFO: "reading /home/travis/build/jcabi/jcabi-s3"
INFO: "excluding target/**/*"
INFO: "excluding src/main/resources/images/**/*"
INFO: "67 file(s) found"
INFO: "reading LICENSE.txt..."
INFO: "reading README.md..."
INFO: "reading TEAM.md..."
INFO: "reading est/jcabi-s3.est..."
INFO: "reading pom.xml..."
INFO: "reading src/main/aspect/README.txt..."
INFO: "reading src/main/java/com/jcabi/s3/AwsBucket.java..."
INFO: "reading src/main/java/com/jcabi/s3/AwsListIterator.java..."
INFO: "reading src/main/java/com/jcabi/s3/AwsOcket.java..."
INFO: "reading src/main/java/com/jcabi/s3/Bucket.java..."
INFO: "reading src/main/java/com/jcabi/s3/Ocket.java..."
INFO: "reading src/main/java/com/jcabi/s3/OcketNotFoundException.java..."
INFO: "reading src/main/java/com/jcabi/s3/Region.java..."
INFO: "reading src/main/java/com/jcabi/s3/cached/CdBucket.java..."
INFO: "reading src/main/java/com/jcabi/s3/cached/CdOcket.java..."
INFO: "reading src/main/java/com/jcabi/s3/cached/CdRegion.java..."
INFO: "reading src/main/java/com/jcabi/s3/cached/package-info.java..."
INFO: "reading src/main/java/com/jcabi/s3/mock/MkBucket.java..."
INFO: "reading src/main/java/com/jcabi/s3/mock/MkOcket.java..."
INFO: "reading src/main/java/com/jcabi/s3/mock/MkRegion.java..."
INFO: "reading src/main/java/com/jcabi/s3/mock/package-info.java..."
INFO: "reading src/main/java/com/jcabi/s3/package-info.java..."
INFO: "reading src/main/java/com/jcabi/s3/retry/ReBucket.java..."
INFO: "reading src/main/java/com/jcabi/s3/retry/ReOcket.java..."
INFO: "reading src/main/java/com/jcabi/s3/retry/ReRegion.java..."
INFO: "reading src/main/java/com/jcabi/s3/retry/package-info.java..."
INFO: "reading src/site/apt/example-cached.apt.vm..."
INFO: "reading src/site/apt/example-list.apt.vm..."
INFO: "reading src/site/apt/example-read.apt.vm..."
INFO: "reading src/site/apt/index.apt.vm..."
INFO: "reading src/site/resources/CNAME..."
INFO: "reading src/site/site.xml..."
INFO: "reading src/test/java/com/jcabi/s3/AwsBucketITCase.java..."
INFO: "reading src/test/java/com/jcabi/s3/AwsBucketTest.java..."
INFO: "reading src/test/java/com/jcabi/s3/AwsOcketITCase.java..."
INFO: "reading src/test/java/com/jcabi/s3/AwsOcketTest.java..."
INFO: "reading src/test/java/com/jcabi/s3/BucketRule.java..."
INFO: "reading src/test/java/com/jcabi/s3/RegionITCase.java..."
INFO: "reading src/test/java/com/jcabi/s3/mock/MkBucketTest.java..."
INFO: "reading src/test/java/com/jcabi/s3/mock/MkOcketTest.java..."
INFO: "reading src/test/java/com/jcabi/s3/mock/MkRegionTest.java..."
INFO: "reading src/test/java/com/jcabi/s3/mock/package-info.java..."
INFO: "reading src/test/java/com/jcabi/s3/package-info.java..."
INFO: "reading src/test/resources/META-INF/mime.types..."
INFO: "reading src/test/resources/log4j.properties..."

travis_time:end:1dc109c3:start=1485378021900273153,finish=1485378022154549813,duration=254276660[0K
[32;1mThe command "pdd --source=$(pwd) --file=/dev/null" exited with 0.[0m
travis_time:start:09432fde[0K$ est --dir=est --file=/dev/null

travis_time:end:09432fde:start=1485378022160410306,finish=1485378022286826180,duration=126415874[0K
[32;1mThe command "est --dir=est --file=/dev/null" exited with 0.[0m
travis_fold:start:cache.2[0Kstore build cache
travis_time:start:04b6ec28[0K
travis_time:end:04b6ec28:start=1485378022293243107,finish=1485378022297810762,duration=4567655[0Ktravis_time:start:0bc25ed3[0K[32;1mchange detected (content changed, file is created, or file is deleted):
/home/travis/.m2/repository/com/jcabi/jcabi-s3/1.0-SNAPSHOT/jcabi-s3-1.0-SNAPSHOT.jar
/home/travis/.m2/repository/com/jcabi/jcabi-s3/1.0-SNAPSHOT/jcabi-s3-1.0-SNAPSHOT.jar.md5
/home/travis/.m2/repository/com/jcabi/jcabi-s3/1.0-SNAPSHOT/jcabi-s3-1.0-SNAPSHOT.jar.sha1
/home/travis/.m2/repository/com/jcabi/jcabi-s3/1.0-SNAPSHOT/jcabi-s3-1.0-SNAPSHOT-jar-with-dependencies.jar
/home/travis/.m2/repository/com/jcabi/jcabi-s3/1.0-SNAPSHOT/jcabi-s3-1.0-SNAPSHOT-jar-with-dependencies.jar.md5
/home/travis/.m2/repository/com/jcabi/jcabi-s3/1.0-SNAPSHOT/jcabi-s3-1.0-SNAPSHOT-jar-with-dependencies.jar.sha1
/home/travis/.m2/repository/com/jcabi/jcabi-s3/1.0-SNAPSHOT/maven-metadata-local.xml
/home/travis/.m2/repository/com/jcabi/jcabi-s3/1.0-SNAPSHOT/maven-metadata-local.xml.md5
/home/travis/.m2/repository/com/jcabi/jcabi-s3/1.0-SNAPSHOT/maven-metadata-local.xml.sha1
/home/travis/.m2/repository/com/jcabi/jcabi-s3/1.0-SNAPSHOT/_remote.repositories
/home/travis/.m2/repository/com/jcabi/jcabi-s3/maven-met
[0m
[32;1m...
[0m
[32;1mchanges detected, packing new archive[0m
.
[32;1muploading archive[0m

travis_time:end:0bc25ed3:start=1485378022303750050,finish=1485378032904574065,duration=10600824015[0Ktravis_fold:end:cache.2[0K
Done. Your build exited with 0.
