travis_fold:start:worker_info[0K[33;1mWorker information[0m
hostname: i-08f9417-precise-production-2-worker-org-docker.travisci.net:7f33db24-20c3-4d43-8352-99064d238eac
version: v2.5.0 https://github.com/travis-ci/worker/tree/da3a43228dffc0fcca5a46569ca786b22991979f
instance: eed3a9d:travis:java
startup: 563.41183ms
travis_fold:end:worker_info[0Ktravis_fold:start:system_info[0K[33;1mBuild system information[0m
Build language: java
Build group: stable
Build dist: precise
Build id: 205534951
Job id: 205534952
travis-build version: c56b13141
[34m[1mBuild image provisioning date and time[0m
Thu Feb  5 15:09:33 UTC 2015
[34m[1mOperating System Details[0m
Distributor ID:	Ubuntu
Description:	Ubuntu 12.04.5 LTS
Release:	12.04
Codename:	precise
[34m[1mLinux Version[0m
3.13.0-29-generic
[34m[1mCookbooks Version[0m
a68419e https://github.com/travis-ci/travis-cookbooks/tree/a68419e
[34m[1mGCC version[0m
gcc (Ubuntu/Linaro 4.6.3-1ubuntu5) 4.6.3
Copyright (C) 2011 Free Software Foundation, Inc.
This is free software; see the source for copying conditions.  There is NO
warranty; not even for MERCHANTABILITY or FITNESS FOR A PARTICULAR PURPOSE.

[34m[1mLLVM version[0m
clang version 3.4 (tags/RELEASE_34/final)
Target: x86_64-unknown-linux-gnu
Thread model: posix
[34m[1mPre-installed Ruby versions[0m
ruby-1.9.3-p551
[34m[1mPre-installed Node.js versions[0m
v0.10.36
[34m[1mPre-installed Go versions[0m
1.4.1
[34m[1mRedis version[0m
redis-server 2.8.19
[34m[1mriak version[0m
2.0.2
[34m[1mMongoDB version[0m
MongoDB 2.4.12
[34m[1mCouchDB version[0m
couchdb 1.6.1
[34m[1mNeo4j version[0m
1.9.4
[34m[1mRabbitMQ Version[0m
3.4.3
[34m[1mElasticSearch version[0m
1.4.0
[34m[1mInstalled Sphinx versions[0m
2.0.10
2.1.9
2.2.6
[34m[1mDefault Sphinx version[0m
2.2.6
[34m[1mInstalled Firefox version[0m
firefox 31.0esr
[34m[1mPhantomJS version[0m
1.9.8
[34m[1mant -version[0m
Apache Ant(TM) version 1.8.2 compiled on December 3 2011
[34m[1mmvn -version[0m
Apache Maven 3.2.5 (12a6b3acb947671f09b81f49094c53f426d8cea1; 2014-12-14T17:29:23+00:00)
Maven home: /usr/local/maven
Java version: 1.7.0_76, vendor: Oracle Corporation
Java home: /usr/lib/jvm/java-7-oracle/jre
Default locale: en_US, platform encoding: ANSI_X3.4-1968
OS name: "linux", version: "3.13.0-29-generic", arch: "amd64", family: "unix"
travis_fold:end:system_info[0K
travis_fold:start:fix.CVE-2015-7547[0K$ export DEBIAN_FRONTEND=noninteractive
Reading package lists...
Building dependency tree...
Reading state information...
The following extra packages will be installed:
  libc-bin libc-dev-bin libc6-dev
Suggested packages:
  glibc-doc
The following packages will be upgraded:
  libc-bin libc-dev-bin libc6 libc6-dev
4 upgraded, 0 newly installed, 0 to remove and 271 not upgraded.
Need to get 8,840 kB of archives.
After this operation, 14.3 kB disk space will be freed.
Get:1 http://us.archive.ubuntu.com/ubuntu/ precise-updates/main libc6-dev amd64 2.15-0ubuntu10.15 [2,943 kB]
Get:2 http://us.archive.ubuntu.com/ubuntu/ precise-updates/main libc-dev-bin amd64 2.15-0ubuntu10.15 [84.7 kB]
Get:3 http://us.archive.ubuntu.com/ubuntu/ precise-updates/main libc-bin amd64 2.15-0ubuntu10.15 [1,177 kB]
Get:4 http://us.archive.ubuntu.com/ubuntu/ precise-updates/main libc6 amd64 2.15-0ubuntu10.15 [4,636 kB]
Fetched 8,840 kB in 0s (33.1 MB/s)
Preconfiguring packages ...
(Reading database ... (Reading database ... 5%(Reading database ... 10%(Reading database ... 15%(Reading database ... 20%(Reading database ... 25%(Reading database ... 30%(Reading database ... 35%(Reading database ... 40%(Reading database ... 45%(Reading database ... 50%(Reading database ... 55%(Reading database ... 60%(Reading database ... 65%(Reading database ... 70%(Reading database ... 75%(Reading database ... 80%(Reading database ... 85%(Reading database ... 90%(Reading database ... 95%(Reading database ... 100%(Reading database ... 72019 files and directories currently installed.)
Preparing to replace libc6-dev 2.15-0ubuntu10.10 (using .../libc6-dev_2.15-0ubuntu10.15_amd64.deb) ...
Unpacking replacement libc6-dev ...
Preparing to replace libc-dev-bin 2.15-0ubuntu10.10 (using .../libc-dev-bin_2.15-0ubuntu10.15_amd64.deb) ...
Unpacking replacement libc-dev-bin ...
Preparing to replace libc-bin 2.15-0ubuntu10.10 (using .../libc-bin_2.15-0ubuntu10.15_amd64.deb) ...
Unpacking replacement libc-bin ...
Processing triggers for man-db ...
Setting up libc-bin (2.15-0ubuntu10.15) ...
(Reading database ... (Reading database ... 5%(Reading database ... 10%(Reading database ... 15%(Reading database ... 20%(Reading database ... 25%(Reading database ... 30%(Reading database ... 35%(Reading database ... 40%(Reading database ... 45%(Reading database ... 50%(Reading database ... 55%(Reading database ... 60%(Reading database ... 65%(Reading database ... 70%(Reading database ... 75%(Reading database ... 80%(Reading database ... 85%(Reading database ... 90%(Reading database ... 95%(Reading database ... 100%(Reading database ... 72018 files and directories currently installed.)
Preparing to replace libc6 2.15-0ubuntu10.10 (using .../libc6_2.15-0ubuntu10.15_amd64.deb) ...
Unpacking replacement libc6 ...
Setting up libc6 (2.15-0ubuntu10.15) ...
Setting up libc-dev-bin (2.15-0ubuntu10.15) ...
Setting up libc6-dev (2.15-0ubuntu10.15) ...
Processing triggers for libc-bin ...
ldconfig deferred processing now taking place
travis_fold:end:fix.CVE-2015-7547[0K$ jdk_switcher use oraclejdk8
Switching to Oracle JDK8 (java-8-oracle), JAVA_HOME will be set to /usr/lib/jvm/java-8-oracle
travis_fold:start:git.checkout[0Ktravis_time:start:01027a94[0K$ git clone --depth=50 https://github.com/openmicroscopy/bioformats.git openmicroscopy/bioformats
Cloning into 'openmicroscopy/bioformats'...
remote: Counting objects: 22529, done.[K
remote: Compressing objects:   0% (1/8925)   [Kremote: Compressing objects:   1% (90/8925)   [Kremote: Compressing objects:   2% (179/8925)   [Kremote: Compressing objects:   3% (268/8925)   [Kremote: Compressing objects:   4% (357/8925)   [Kremote: Compressing objects:   5% (447/8925)   [Kremote: Compressing objects:   6% (536/8925)   [Kremote: Compressing objects:   7% (625/8925)   [Kremote: Compressing objects:   8% (714/8925)   [Kremote: Compressing objects:   9% (804/8925)   [Kremote: Compressing objects:  10% (893/8925)   [Kremote: Compressing objects:  11% (982/8925)   [Kremote: Compressing objects:  12% (1071/8925)   [Kremote: Compressing objects:  13% (1161/8925)   [Kremote: Compressing objects:  14% (1250/8925)   [Kremote: Compressing objects:  15% (1339/8925)   [Kremote: Compressing objects:  16% (1428/8925)   [Kremote: Compressing objects:  17% (1518/8925)   [Kremote: Compressing objects:  18% (1607/8925)   [Kremote: Compressing objects:  19% (1696/8925)   [Kremote: Compressing objects:  20% (1785/8925)   [Kremote: Compressing objects:  21% (1875/8925)   [Kremote: Compressing objects:  22% (1964/8925)   [Kremote: Compressing objects:  23% (2053/8925)   [Kremote: Compressing objects:  24% (2142/8925)   [Kremote: Compressing objects:  25% (2232/8925)   [Kremote: Compressing objects:  26% (2321/8925)   [Kremote: Compressing objects:  27% (2410/8925)   [Kremote: Compressing objects:  28% (2499/8925)   [Kremote: Compressing objects:  28% (2520/8925)   [Kremote: Compressing objects:  29% (2589/8925)   [Kremote: Compressing objects:  30% (2678/8925)   [Kremote: Compressing objects:  31% (2767/8925)   [Kremote: Compressing objects:  32% (2856/8925)   [Kremote: Compressing objects:  33% (2946/8925)   [Kremote: Compressing objects:  34% (3035/8925)   [Kremote: Compressing objects:  35% (3124/8925)   [Kremote: Compressing objects:  36% (3213/8925)   [Kremote: Compressing objects:  37% (3303/8925)   [Kremote: Compressing objects:  38% (3392/8925)   [Kremote: Compressing objects:  39% (3481/8925)   [Kremote: Compressing objects:  40% (3570/8925)   [Kremote: Compressing objects:  41% (3660/8925)   [Kremote: Compressing objects:  42% (3749/8925)   [Kremote: Compressing objects:  43% (3838/8925)   [Kremote: Compressing objects:  44% (3927/8925)   [Kremote: Compressing objects:  45% (4017/8925)   [Kremote: Compressing objects:  46% (4106/8925)   [Kremote: Compressing objects:  47% (4195/8925)   [Kremote: Compressing objects:  48% (4284/8925)   [Kremote: Compressing objects:  49% (4374/8925)   [Kremote: Compressing objects:  50% (4463/8925)   [Kremote: Compressing objects:  51% (4552/8925)   [Kremote: Compressing objects:  52% (4641/8925)   [Kremote: Compressing objects:  53% (4731/8925)   [Kremote: Compressing objects:  54% (4820/8925)   [Kremote: Compressing objects:  55% (4909/8925)   [Kremote: Compressing objects:  56% (4998/8925)   [Kremote: Compressing objects:  57% (5088/8925)   [Kremote: Compressing objects:  58% (5177/8925)   [Kremote: Compressing objects:  59% (5266/8925)   [Kremote: Compressing objects:  60% (5355/8925)   [Kremote: Compressing objects:  61% (5445/8925)   [Kremote: Compressing objects:  62% (5534/8925)   [Kremote: Compressing objects:  63% (5623/8925)   [Kremote: Compressing objects:  64% (5712/8925)   [Kremote: Compressing objects:  65% (5802/8925)   [Kremote: Compressing objects:  66% (5891/8925)   [Kremote: Compressing objects:  67% (5980/8925)   [Kremote: Compressing objects:  68% (6069/8925)   [Kremote: Compressing objects:  69% (6159/8925)   [Kremote: Compressing objects:  70% (6248/8925)   [Kremote: Compressing objects:  71% (6337/8925)   [Kremote: Compressing objects:  72% (6426/8925)   [Kremote: Compressing objects:  73% (6516/8925)   [Kremote: Compressing objects:  74% (6605/8925)   [Kremote: Compressing objects:  75% (6694/8925)   [Kremote: Compressing objects:  76% (6783/8925)   [Kremote: Compressing objects:  77% (6873/8925)   [Kremote: Compressing objects:  78% (6962/8925)   [Kremote: Compressing objects:  79% (7051/8925)   [Kremote: Compressing objects:  80% (7140/8925)   [Kremote: Compressing objects:  81% (7230/8925)   [Kremote: Compressing objects:  82% (7319/8925)   [Kremote: Compressing objects:  83% (7408/8925)   [Kremote: Compressing objects:  84% (7497/8925)   [Kremote: Compressing objects:  85% (7587/8925)   [Kremote: Compressing objects:  86% (7676/8925)   [Kremote: Compressing objects:  87% (7765/8925)   [Kremote: Compressing objects:  88% (7854/8925)   [Kremote: Compressing objects:  89% (7944/8925)   [Kremote: Compressing objects:  90% (8033/8925)   [Kremote: Compressing objects:  91% (8122/8925)   [Kremote: Compressing objects:  92% (8211/8925)   [Kremote: Compressing objects:  93% (8301/8925)   [Kremote: Compressing objects:  94% (8390/8925)   [Kremote: Compressing objects:  95% (8479/8925)   [Kremote: Compressing objects:  96% (8568/8925)   [Kremote: Compressing objects:  97% (8658/8925)   [Kremote: Compressing objects:  98% (8747/8925)   [Kremote: Compressing objects:  99% (8836/8925)   [Kremote: Compressing objects: 100% (8925/8925)   [Kremote: Compressing objects: 100% (8925/8925), done.[K
Receiving objects:   0% (1/22529)   Receiving objects:   1% (226/22529)   Receiving objects:   2% (451/22529)   Receiving objects:   3% (676/22529)   Receiving objects:   4% (902/22529)   Receiving objects:   5% (1127/22529)   Receiving objects:   6% (1352/22529)   Receiving objects:   7% (1578/22529)   Receiving objects:   8% (1803/22529)   Receiving objects:   9% (2028/22529)   Receiving objects:  10% (2253/22529)   Receiving objects:  11% (2479/22529)   Receiving objects:  12% (2704/22529)   Receiving objects:  13% (2929/22529)   Receiving objects:  14% (3155/22529)   Receiving objects:  15% (3380/22529)   Receiving objects:  16% (3605/22529)   Receiving objects:  17% (3830/22529)   Receiving objects:  18% (4056/22529)   Receiving objects:  19% (4281/22529)   Receiving objects:  20% (4506/22529)   Receiving objects:  21% (4732/22529)   Receiving objects:  22% (4957/22529), 8.56 MiB | 17.08 MiB/s   Receiving objects:  23% (5182/22529), 8.56 MiB | 17.08 MiB/s   Receiving objects:  24% (5407/22529), 8.56 MiB | 17.08 MiB/s   Receiving objects:  25% (5633/22529), 8.56 MiB | 17.08 MiB/s   Receiving objects:  26% (5858/22529), 8.56 MiB | 17.08 MiB/s   Receiving objects:  27% (6083/22529), 8.56 MiB | 17.08 MiB/s   Receiving objects:  28% (6309/22529), 8.56 MiB | 17.08 MiB/s   Receiving objects:  29% (6534/22529), 8.56 MiB | 17.08 MiB/s   Receiving objects:  30% (6759/22529), 8.56 MiB | 17.08 MiB/s   Receiving objects:  31% (6984/22529), 8.56 MiB | 17.08 MiB/s   Receiving objects:  32% (7210/22529), 8.56 MiB | 17.08 MiB/s   Receiving objects:  33% (7435/22529), 8.56 MiB | 17.08 MiB/s   Receiving objects:  34% (7660/22529), 8.56 MiB | 17.08 MiB/s   Receiving objects:  35% (7886/22529), 8.56 MiB | 17.08 MiB/s   Receiving objects:  36% (8111/22529), 8.56 MiB | 17.08 MiB/s   Receiving objects:  37% (8336/22529), 8.56 MiB | 17.08 MiB/s   Receiving objects:  38% (8562/22529), 8.56 MiB | 17.08 MiB/s   Receiving objects:  38% (8640/22529), 19.17 MiB | 19.13 MiB/s   Receiving objects:  39% (8787/22529), 30.92 MiB | 20.57 MiB/s   Receiving objects:  40% (9012/22529), 30.92 MiB | 20.57 MiB/s   Receiving objects:  41% (9237/22529), 30.92 MiB | 20.57 MiB/s   Receiving objects:  42% (9463/22529), 30.92 MiB | 20.57 MiB/s   Receiving objects:  43% (9688/22529), 30.92 MiB | 20.57 MiB/s   Receiving objects:  44% (9913/22529), 30.92 MiB | 20.57 MiB/s   Receiving objects:  45% (10139/22529), 30.92 MiB | 20.57 MiB/s   Receiving objects:  46% (10364/22529), 30.92 MiB | 20.57 MiB/s   Receiving objects:  47% (10589/22529), 30.92 MiB | 20.57 MiB/s   Receiving objects:  48% (10814/22529), 30.92 MiB | 20.57 MiB/s   Receiving objects:  49% (11040/22529), 30.92 MiB | 20.57 MiB/s   Receiving objects:  50% (11265/22529), 30.92 MiB | 20.57 MiB/s   Receiving objects:  51% (11490/22529), 30.92 MiB | 20.57 MiB/s   Receiving objects:  52% (11716/22529), 30.92 MiB | 20.57 MiB/s   Receiving objects:  53% (11941/22529), 30.92 MiB | 20.57 MiB/s   Receiving objects:  54% (12166/22529), 30.92 MiB | 20.57 MiB/s   Receiving objects:  55% (12391/22529), 30.92 MiB | 20.57 MiB/s   Receiving objects:  56% (12617/22529), 30.92 MiB | 20.57 MiB/s   Receiving objects:  57% (12842/22529), 30.92 MiB | 20.57 MiB/s   Receiving objects:  58% (13067/22529), 30.92 MiB | 20.57 MiB/s   Receiving objects:  59% (13293/22529), 30.92 MiB | 20.57 MiB/s   Receiving objects:  60% (13518/22529), 30.92 MiB | 20.57 MiB/s   Receiving objects:  61% (13743/22529), 30.92 MiB | 20.57 MiB/s   Receiving objects:  62% (13968/22529), 30.92 MiB | 20.57 MiB/s   Receiving objects:  63% (14194/22529), 30.92 MiB | 20.57 MiB/s   Receiving objects:  64% (14419/22529), 30.92 MiB | 20.57 MiB/s   Receiving objects:  65% (14644/22529), 30.92 MiB | 20.57 MiB/s   Receiving objects:  66% (14870/22529), 30.92 MiB | 20.57 MiB/s   Receiving objects:  67% (15095/22529), 30.92 MiB | 20.57 MiB/s   Receiving objects:  68% (15320/22529), 30.92 MiB | 20.57 MiB/s   Receiving objects:  69% (15546/22529), 30.92 MiB | 20.57 MiB/s   Receiving objects:  70% (15771/22529), 30.92 MiB | 20.57 MiB/s   Receiving objects:  71% (15996/22529), 30.92 MiB | 20.57 MiB/s   Receiving objects:  72% (16221/22529), 30.92 MiB | 20.57 MiB/s   Receiving objects:  73% (16447/22529), 30.92 MiB | 20.57 MiB/s   Receiving objects:  74% (16672/22529), 30.92 MiB | 20.57 MiB/s   Receiving objects:  75% (16897/22529), 30.92 MiB | 20.57 MiB/s   Receiving objects:  76% (17123/22529), 30.92 MiB | 20.57 MiB/s   Receiving objects:  77% (17348/22529), 30.92 MiB | 20.57 MiB/s   Receiving objects:  78% (17573/22529), 30.92 MiB | 20.57 MiB/s   Receiving objects:  79% (17798/22529), 30.92 MiB | 20.57 MiB/s   Receiving objects:  80% (18024/22529), 30.92 MiB | 20.57 MiB/s   Receiving objects:  81% (18249/22529), 30.92 MiB | 20.57 MiB/s   Receiving objects:  82% (18474/22529), 30.92 MiB | 20.57 MiB/s   Receiving objects:  83% (18700/22529), 30.92 MiB | 20.57 MiB/s   Receiving objects:  84% (18925/22529), 30.92 MiB | 20.57 MiB/s   Receiving objects:  85% (19150/22529), 30.92 MiB | 20.57 MiB/s   Receiving objects:  85% (19218/22529), 42.89 MiB | 21.40 MiB/s   Receiving objects:  86% (19375/22529), 42.89 MiB | 21.40 MiB/s   Receiving objects:  87% (19601/22529), 42.89 MiB | 21.40 MiB/s   Receiving objects:  88% (19826/22529), 42.89 MiB | 21.40 MiB/s   Receiving objects:  89% (20051/22529), 42.89 MiB | 21.40 MiB/s   Receiving objects:  90% (20277/22529), 42.89 MiB | 21.40 MiB/s   Receiving objects:  91% (20502/22529), 42.89 MiB | 21.40 MiB/s   Receiving objects:  92% (20727/22529), 42.89 MiB | 21.40 MiB/s   Receiving objects:  93% (20952/22529), 42.89 MiB | 21.40 MiB/s   Receiving objects:  94% (21178/22529), 42.89 MiB | 21.40 MiB/s   Receiving objects:  95% (21403/22529), 42.89 MiB | 21.40 MiB/s   Receiving objects:  96% (21628/22529), 42.89 MiB | 21.40 MiB/s   Receiving objects:  97% (21854/22529), 42.89 MiB | 21.40 MiB/s   Receiving objects:  98% (22079/22529), 42.89 MiB | 21.40 MiB/s   remote: Total 22529 (delta 15097), reused 17237 (delta 11320), pack-reused 0[K
Receiving objects:  99% (22304/22529), 42.89 MiB | 21.40 MiB/s   Receiving objects: 100% (22529/22529), 42.89 MiB | 21.40 MiB/s   Receiving objects: 100% (22529/22529), 46.26 MiB | 21.40 MiB/s, done.
Resolving deltas:   0% (0/15097)   Resolving deltas:   1% (269/15097)   Resolving deltas:   2% (317/15097)   Resolving deltas:   3% (462/15097)   Resolving deltas:   4% (630/15097)   Resolving deltas:   5% (770/15097)   Resolving deltas:   6% (907/15097)   Resolving deltas:   7% (1060/15097)   Resolving deltas:   8% (1223/15097)   Resolving deltas:   9% (1414/15097)   Resolving deltas:  10% (1525/15097)   Resolving deltas:  11% (1661/15097)   Resolving deltas:  12% (1824/15097)   Resolving deltas:  13% (1963/15097)   Resolving deltas:  14% (2129/15097)   Resolving deltas:  15% (2267/15097)   Resolving deltas:  16% (2419/15097)   Resolving deltas:  17% (2600/15097)   Resolving deltas:  18% (2723/15097)   Resolving deltas:  19% (2871/15097)   Resolving deltas:  20% (3023/15097)   Resolving deltas:  21% (3173/15097)   Resolving deltas:  22% (3325/15097)   Resolving deltas:  23% (3473/15097)   Resolving deltas:  24% (3689/15097)   Resolving deltas:  25% (3832/15097)   Resolving deltas:  26% (3926/15097)   Resolving deltas:  27% (4078/15097)   Resolving deltas:  28% (4229/15097)   Resolving deltas:  29% (4380/15097)   Resolving deltas:  30% (4530/15097)   Resolving deltas:  31% (4695/15097)   Resolving deltas:  32% (4845/15097)   Resolving deltas:  33% (5000/15097)   Resolving deltas:  34% (5133/15097)   Resolving deltas:  35% (5285/15097)   Resolving deltas:  36% (5437/15097)   Resolving deltas:  37% (5648/15097)   Resolving deltas:  38% (5792/15097)   Resolving deltas:  39% (5894/15097)   Resolving deltas:  40% (6044/15097)   Resolving deltas:  41% (6198/15097)   Resolving deltas:  42% (6365/15097)   Resolving deltas:  43% (6492/15097)   Resolving deltas:  44% (6647/15097)   Resolving deltas:  45% (6809/15097)   Resolving deltas:  46% (6949/15097)   Resolving deltas:  47% (7097/15097)   Resolving deltas:  48% (7248/15097)   Resolving deltas:  49% (7412/15097)   Resolving deltas:  50% (7550/15097)   Resolving deltas:  51% (7720/15097)   Resolving deltas:  52% (7854/15097)   Resolving deltas:  53% (8022/15097)   Resolving deltas:  54% (8155/15097)   Resolving deltas:  55% (8317/15097)   Resolving deltas:  56% (8460/15097)   Resolving deltas:  57% (8608/15097)   Resolving deltas:  58% (8792/15097)   Resolving deltas:  59% (8924/15097)   Resolving deltas:  60% (9060/15097)   Resolving deltas:  61% (9218/15097)   Resolving deltas:  62% (9378/15097)   Resolving deltas:  63% (9514/15097)   Resolving deltas:  64% (9663/15097)   Resolving deltas:  65% (9817/15097)   Resolving deltas:  66% (9989/15097)   Resolving deltas:  67% (10122/15097)   Resolving deltas:  69% (10485/15097)   Resolving deltas:  70% (10586/15097)   Resolving deltas:  71% (10719/15097)   Resolving deltas:  72% (10891/15097)   Resolving deltas:  73% (11024/15097)   Resolving deltas:  74% (11173/15097)   Resolving deltas:  75% (11344/15097)   Resolving deltas:  76% (11475/15097)   Resolving deltas:  77% (11631/15097)   Resolving deltas:  78% (11925/15097)   Resolving deltas:  79% (11931/15097)   Resolving deltas:  80% (12087/15097)   Resolving deltas:  81% (12236/15097)   Resolving deltas:  82% (12381/15097)   Resolving deltas:  83% (12533/15097)   Resolving deltas:  84% (12691/15097)   Resolving deltas:  85% (12842/15097)   Resolving deltas:  86% (12989/15097)   Resolving deltas:  87% (13146/15097)   Resolving deltas:  88% (13290/15097)   Resolving deltas:  89% (13516/15097)   Resolving deltas:  90% (13590/15097)   Resolving deltas:  91% (13744/15097)   Resolving deltas:  92% (13891/15097)   Resolving deltas:  93% (14051/15097)   Resolving deltas:  94% (14205/15097)   Resolving deltas:  95% (14350/15097)   Resolving deltas:  96% (14494/15097)   Resolving deltas:  97% (14648/15097)   Resolving deltas:  98% (14800/15097)   Resolving deltas:  99% (14962/15097)   Resolving deltas: 100% (15097/15097)   Resolving deltas: 100% (15097/15097), done.
Checking connectivity... done.

travis_time:end:01027a94:start=1488124404668230366,finish=1488124410193570721,duration=5525340355[0K$ cd openmicroscopy/bioformats
travis_time:start:041c1c40[0K$ git fetch origin +refs/pull/2766/merge:
remote: Counting objects: 132, done.[K
remote: Compressing objects:   3% (1/26)   [Kremote: Compressing objects:   7% (2/26)   [Kremote: Compressing objects:  11% (3/26)   [Kremote: Compressing objects:  15% (4/26)   [Kremote: Compressing objects:  19% (5/26)   [Kremote: Compressing objects:  23% (6/26)   [Kremote: Compressing objects:  26% (7/26)   [Kremote: Compressing objects:  30% (8/26)   [Kremote: Compressing objects:  34% (9/26)   [Kremote: Compressing objects:  38% (10/26)   [Kremote: Compressing objects:  42% (11/26)   [Kremote: Compressing objects:  46% (12/26)   [Kremote: Compressing objects:  50% (13/26)   [Kremote: Compressing objects:  53% (14/26)   [Kremote: Compressing objects:  57% (15/26)   [Kremote: Compressing objects:  61% (16/26)   [Kremote: Compressing objects:  65% (17/26)   [Kremote: Compressing objects:  69% (18/26)   [Kremote: Compressing objects:  73% (19/26)   [Kremote: Compressing objects:  76% (20/26)   [Kremote: Compressing objects:  80% (21/26)   [Kremote: Compressing objects:  84% (22/26)   [Kremote: Compressing objects:  88% (23/26)   [Kremote: Compressing objects:  92% (24/26)   [Kremote: Compressing objects:  96% (25/26)   [Kremote: Compressing objects: 100% (26/26)   [Kremote: Compressing objects: 100% (26/26), done.[K
remote: Total 132 (delta 106), reused 114 (delta 92), pack-reused 0[K
Receiving objects:   0% (1/132)   Receiving objects:   1% (2/132)   Receiving objects:   2% (3/132)   Receiving objects:   3% (4/132)   Receiving objects:   4% (6/132)   Receiving objects:   5% (7/132)   Receiving objects:   6% (8/132)   Receiving objects:   7% (10/132)   Receiving objects:   8% (11/132)   Receiving objects:   9% (12/132)   Receiving objects:  10% (14/132)   Receiving objects:  11% (15/132)   Receiving objects:  12% (16/132)   Receiving objects:  13% (18/132)   Receiving objects:  14% (19/132)   Receiving objects:  15% (20/132)   Receiving objects:  16% (22/132)   Receiving objects:  17% (23/132)   Receiving objects:  18% (24/132)   Receiving objects:  19% (26/132)   Receiving objects:  20% (27/132)   Receiving objects:  21% (28/132)   Receiving objects:  22% (30/132)   Receiving objects:  23% (31/132)   Receiving objects:  24% (32/132)   Receiving objects:  25% (33/132)   Receiving objects:  26% (35/132)   Receiving objects:  27% (36/132)   Receiving objects:  28% (37/132)   Receiving objects:  29% (39/132)   Receiving objects:  30% (40/132)   Receiving objects:  31% (41/132)   Receiving objects:  32% (43/132)   Receiving objects:  33% (44/132)   Receiving objects:  34% (45/132)   Receiving objects:  35% (47/132)   Receiving objects:  36% (48/132)   Receiving objects:  37% (49/132)   Receiving objects:  38% (51/132)   Receiving objects:  39% (52/132)   Receiving objects:  40% (53/132)   Receiving objects:  41% (55/132)   Receiving objects:  42% (56/132)   Receiving objects:  43% (57/132)   Receiving objects:  44% (59/132)   Receiving objects:  45% (60/132)   Receiving objects:  46% (61/132)   Receiving objects:  47% (63/132)   Receiving objects:  48% (64/132)   Receiving objects:  49% (65/132)   Receiving objects:  50% (66/132)   Receiving objects:  51% (68/132)   Receiving objects:  52% (69/132)   Receiving objects:  53% (70/132)   Receiving objects:  54% (72/132)   Receiving objects:  55% (73/132)   Receiving objects:  56% (74/132)   Receiving objects:  57% (76/132)   Receiving objects:  58% (77/132)   Receiving objects:  59% (78/132)   Receiving objects:  60% (80/132)   Receiving objects:  61% (81/132)   Receiving objects:  62% (82/132)   Receiving objects:  63% (84/132)   Receiving objects:  64% (85/132)   Receiving objects:  65% (86/132)   Receiving objects:  66% (88/132)   Receiving objects:  67% (89/132)   Receiving objects:  68% (90/132)   Receiving objects:  69% (92/132)   Receiving objects:  70% (93/132)   Receiving objects:  71% (94/132)   Receiving objects:  72% (96/132)   Receiving objects:  73% (97/132)   Receiving objects:  74% (98/132)   Receiving objects:  75% (99/132)   Receiving objects:  76% (101/132)   Receiving objects:  77% (102/132)   Receiving objects:  78% (103/132)   Receiving objects:  79% (105/132)   Receiving objects:  80% (106/132)   Receiving objects:  81% (107/132)   Receiving objects:  82% (109/132)   Receiving objects:  83% (110/132)   Receiving objects:  84% (111/132)   Receiving objects:  85% (113/132)   Receiving objects:  86% (114/132)   Receiving objects:  87% (115/132)   Receiving objects:  88% (117/132)   Receiving objects:  89% (118/132)   Receiving objects:  90% (119/132)   Receiving objects:  91% (121/132)   Receiving objects:  92% (122/132)   Receiving objects:  93% (123/132)   Receiving objects:  94% (125/132)   Receiving objects:  95% (126/132)   Receiving objects:  96% (127/132)   Receiving objects:  97% (129/132)   Receiving objects:  98% (130/132)   Receiving objects:  99% (131/132)   Receiving objects: 100% (132/132)   Receiving objects: 100% (132/132), 27.11 KiB | 0 bytes/s, done.
Resolving deltas:   0% (0/106)   Resolving deltas:   1% (2/106)   Resolving deltas:   2% (3/106)   Resolving deltas:   9% (10/106)   Resolving deltas:  16% (17/106)   Resolving deltas:  17% (19/106)   Resolving deltas:  19% (21/106)   Resolving deltas:  20% (22/106)   Resolving deltas:  21% (23/106)   Resolving deltas:  22% (24/106)   Resolving deltas:  23% (25/106)   Resolving deltas:  26% (28/106)   Resolving deltas:  28% (30/106)   Resolving deltas:  30% (32/106)   Resolving deltas:  31% (33/106)   Resolving deltas:  33% (36/106)   Resolving deltas:  34% (37/106)   Resolving deltas:  35% (38/106)   Resolving deltas:  36% (39/106)   Resolving deltas:  39% (42/106)   Resolving deltas:  41% (44/106)   Resolving deltas:  42% (45/106)   Resolving deltas:  47% (50/106)   Resolving deltas:  48% (51/106)   Resolving deltas:  49% (52/106)   Resolving deltas:  50% (54/106)   Resolving deltas:  51% (55/106)   Resolving deltas:  52% (56/106)   Resolving deltas:  53% (57/106)   Resolving deltas:  56% (60/106)   Resolving deltas:  57% (61/106)   Resolving deltas:  58% (62/106)   Resolving deltas:  59% (63/106)   Resolving deltas:  60% (64/106)   Resolving deltas:  62% (66/106)   Resolving deltas:  64% (68/106)   Resolving deltas:  65% (69/106)   Resolving deltas:  66% (70/106)   Resolving deltas:  68% (73/106)   Resolving deltas:  69% (74/106)   Resolving deltas:  70% (75/106)   Resolving deltas:  71% (76/106)   Resolving deltas:  72% (77/106)   Resolving deltas:  73% (78/106)   Resolving deltas:  74% (79/106)   Resolving deltas:  77% (82/106)   Resolving deltas:  78% (83/106)   Resolving deltas:  80% (85/106)   Resolving deltas:  82% (87/106)   Resolving deltas:  83% (88/106)   Resolving deltas:  84% (90/106)   Resolving deltas:  91% (97/106)   Resolving deltas:  98% (104/106)   Resolving deltas: 100% (106/106)   Resolving deltas: 100% (106/106), completed with 55 local objects.
From https://github.com/openmicroscopy/bioformats
 * branch            refs/pull/2766/merge -> FETCH_HEAD

travis_time:end:041c1c40:start=1488124410201348519,finish=1488124410682187143,duration=480838624[0K$ git checkout -qf FETCH_HEAD
travis_fold:end:git.checkout[0Ktravis_fold:start:apt[0K[33;1mInstalling APT Packages (BETA)[0m
$ export DEBIAN_FRONTEND=noninteractive
travis_time:start:1cab974f[0K$ sudo -E apt-get -yq update &>> ~/apt-get-update.log

travis_time:end:1cab974f:start=1488124410934403447,finish=1488124416056155841,duration=5121752394[0Ktravis_time:start:01fd5bf0[0K$ sudo -E apt-get -yq --no-install-suggests --no-install-recommends --force-yes install git
Reading package lists...
Building dependency tree...
Reading state information...
git is already the newest version.
0 upgraded, 0 newly installed, 0 to remove and 271 not upgraded.

travis_time:end:01fd5bf0:start=1488124416061037505,finish=1488124418589505010,duration=2528467505[0Ktravis_fold:end:apt[0K
[33;1mThis job is running on container-based infrastructure, which does not allow use of 'sudo', setuid and setguid executables.[0m
[33;1mIf you require sudo, add 'sudo: required' to your .travis.yml[0m
[33;1mSee https://docs.travis-ci.com/user/workers/container-based-infrastructure/ for details.[0m

[33;1mSetting environment variables from .travis.yml[0m
$ export BUILD=maven

travis_fold:start:cache.1[0KSetting up build cache
$ export CASHER_DIR=$HOME/.casher
travis_time:start:08e102fc[0K$ Installing caching utilities

travis_time:end:08e102fc:start=1488124422571543359,finish=1488124422599111670,duration=27568311[0Ktravis_time:start:00f003b1[0K
travis_time:end:00f003b1:start=1488124422605705567,finish=1488124422610155626,duration=4450059[0Ktravis_time:start:07e5c01f[0K[32;1mattempting to download cache archive[0m
[32;1mfetching PR.2766/cache-linux-precise-88fbed0d40bfb9b01c38c186b1c215b169687c1a4021c8539c308386aa6268d6--jdk-oraclejdk8.tgz[0m
[32;1mfound cache[0m

travis_time:end:07e5c01f:start=1488124422615089970,finish=1488124425155721558,duration=2540631588[0Ktravis_time:start:0da28d3e[0K
travis_time:end:0da28d3e:start=1488124425161461754,finish=1488124425166313235,duration=4851481[0Ktravis_time:start:3775b94e[0K[32;1madding /home/travis/.m2 to cache[0m

travis_time:end:3775b94e:start=1488124425171170461,finish=1488124428637669567,duration=3466499106[0Ktravis_fold:end:cache.1[0K$ java -Xmx32m -version
java version "1.8.0_31"
Java(TM) SE Runtime Environment (build 1.8.0_31-b13)
Java HotSpot(TM) 64-Bit Server VM (build 25.31-b07, mixed mode)
$ javac -J-Xmx32m -version
javac 1.8.0_31
travis_fold:start:before_install[0Ktravis_time:start:28189926[0K$ if [[ $BUILD == 'ant' ]]; then pip install --user flake8 Sphinx==1.2.3; fi

travis_time:end:28189926:start=1488124429101351861,finish=1488124429105307150,duration=3955289[0Ktravis_fold:end:before_install[0Ktravis_fold:start:install[0Ktravis_time:start:1f7f0b08[0K$ mvn install -DskipTests=true -Dmaven.javadoc.skip=true -B -V
Java HotSpot(TM) 64-Bit Server VM warning: ignoring option MaxPermSize=192m; support was removed in 8.0
Apache Maven 3.2.5 (12a6b3acb947671f09b81f49094c53f426d8cea1; 2014-12-14T17:29:23+00:00)
Maven home: /usr/local/maven
Java version: 1.8.0_31, vendor: Oracle Corporation
Java home: /usr/lib/jvm/java-8-oracle/jre
Default locale: en_US, platform encoding: UTF-8
OS name: "linux", version: "4.8.12-040812-generic", arch: "amd64", family: "unix"
[INFO] Scanning for projects...
[INFO] ------------------------------------------------------------------------
[INFO] Reactor Build Order:
[INFO] 
[INFO] Bio-Formats projects
[INFO] JAI Image I/O Tools
[INFO] libjpeg-turbo Java bindings
[INFO] Bio-Formats API
[INFO] BSD Bio-Formats readers and writers
[INFO] Bio-Formats library
[INFO] Bio-Formats code generator
[INFO] Bio-Formats Plugins for ImageJ
[INFO] Bio-Formats command line tools
[INFO] bioformats_package bundle
[INFO] LOCI Tools bundle
[INFO] Bio-Formats testing framework
[INFO] Bio-Formats Sphinx documentation
[INFO]                                                                         
[INFO] ------------------------------------------------------------------------
[INFO] Building Bio-Formats projects 5.3.5-SNAPSHOT
[INFO] ------------------------------------------------------------------------
[INFO] 
[INFO] --- buildnumber-maven-plugin:1.2:create (default) @ pom-bio-formats ---
[INFO] Checking for local modifications: skipped.
[INFO] Updating project files from SCM: skipped.
[INFO] Executing: /bin/sh -c cd /home/travis/build/openmicroscopy/bioformats && git rev-parse --verify HEAD
[INFO] Working directory: /home/travis/build/openmicroscopy/bioformats
[INFO] Storing buildNumber: 0bbf46c489aa348bcc0e46edd95f7d6bd6dea1b1 at timestamp: 1488124432661
[INFO] Executing: /bin/sh -c cd /home/travis/build/openmicroscopy/bioformats && git rev-parse --verify HEAD
[INFO] Working directory: /home/travis/build/openmicroscopy/bioformats
[INFO] Storing buildScmBranch: UNKNOWN
[INFO] 
[INFO] >>> maven-source-plugin:2.2.1:jar (default) > generate-sources @ pom-bio-formats >>>
[INFO] 
[INFO] --- buildnumber-maven-plugin:1.2:create (default) @ pom-bio-formats ---
[INFO] 
[INFO] <<< maven-source-plugin:2.2.1:jar (default) < generate-sources @ pom-bio-formats <<<
[INFO] 
[INFO] --- maven-source-plugin:2.2.1:jar (default) @ pom-bio-formats ---
[INFO] 
[INFO] --- maven-install-plugin:2.5.1:install (default-install) @ pom-bio-formats ---
[INFO] Installing /home/travis/build/openmicroscopy/bioformats/pom.xml to /home/travis/.m2/repository/ome/pom-bio-formats/5.3.5-SNAPSHOT/pom-bio-formats-5.3.5-SNAPSHOT.pom
[INFO]                                                                         
[INFO] ------------------------------------------------------------------------
[INFO] Building JAI Image I/O Tools 5.3.5-SNAPSHOT
[INFO] ------------------------------------------------------------------------
[INFO] 
[INFO] --- buildnumber-maven-plugin:1.2:create (default) @ jai_imageio ---
[INFO] 
[INFO] --- maven-resources-plugin:2.6:resources (default-resources) @ jai_imageio ---
[INFO] Using 'UTF-8' encoding to copy filtered resources.
[INFO] Copying 14 resources
[INFO] skip non existing resourceDirectory /home/travis/build/openmicroscopy/bioformats/components/forks/jai/lib
[INFO] Copying 0 resource
[INFO] Copying 0 resource
[INFO] 
[INFO] --- maven-compiler-plugin:3.1:compile (default-compile) @ jai_imageio ---
[INFO] Changes detected - recompiling the module!
[INFO] Compiling 320 source files to /home/travis/build/openmicroscopy/bioformats/components/forks/jai/target/classes
[WARNING] /home/travis/build/openmicroscopy/bioformats/components/forks/jai/src/com/sun/media/imageioimpl/plugins/pnm/PNMImageReader.java:[132,39] sun.security.action.GetPropertyAction is internal proprietary API and may be removed in a future release
[WARNING] /home/travis/build/openmicroscopy/bioformats/components/forks/jai/src/com/sun/media/imageioimpl/plugins/pnm/PNMImageWriter.java:[144,39] sun.security.action.GetPropertyAction is internal proprietary API and may be removed in a future release
[WARNING] /home/travis/build/openmicroscopy/bioformats/components/forks/jai/src/com/sun/media/imageioimpl/plugins/gif/GIFImageWriterSpi.java: Some input files use or override a deprecated API.
[WARNING] /home/travis/build/openmicroscopy/bioformats/components/forks/jai/src/com/sun/media/imageioimpl/plugins/gif/GIFImageWriterSpi.java: Recompile with -Xlint:deprecation for details.
[WARNING] /home/travis/build/openmicroscopy/bioformats/components/forks/jai/src/com/sun/media/imageio/plugins/tiff/TIFFTagSet.java: Some input files use unchecked or unsafe operations.
[WARNING] /home/travis/build/openmicroscopy/bioformats/components/forks/jai/src/com/sun/media/imageio/plugins/tiff/TIFFTagSet.java: Recompile with -Xlint:unchecked for details.
[INFO] 
[INFO] --- maven-resources-plugin:2.6:testResources (default-testResources) @ jai_imageio ---
[INFO] Using 'UTF-8' encoding to copy filtered resources.
[INFO] skip non existing resourceDirectory /home/travis/build/openmicroscopy/bioformats/components/forks/jai/test
[INFO] 
[INFO] --- maven-compiler-plugin:3.1:testCompile (default-testCompile) @ jai_imageio ---
[INFO] No sources to compile
[INFO] 
[INFO] --- maven-surefire-plugin:2.16:test (default-test) @ jai_imageio ---
[INFO] Tests are skipped.
[INFO] 
[INFO] --- maven-jar-plugin:2.4:jar (default-jar) @ jai_imageio ---
[INFO] Building jar: /home/travis/build/openmicroscopy/bioformats/components/forks/jai/target/jai_imageio-5.3.5-SNAPSHOT.jar
[INFO] 
[INFO] >>> maven-source-plugin:2.2.1:jar (default) > generate-sources @ jai_imageio >>>
[INFO] 
[INFO] --- buildnumber-maven-plugin:1.2:create (default) @ jai_imageio ---
[INFO] 
[INFO] <<< maven-source-plugin:2.2.1:jar (default) < generate-sources @ jai_imageio <<<
[INFO] 
[INFO] --- maven-source-plugin:2.2.1:jar (default) @ jai_imageio ---
[INFO] Building jar: /home/travis/build/openmicroscopy/bioformats/components/forks/jai/target/jai_imageio-5.3.5-SNAPSHOT-sources.jar
[INFO] 
[INFO] --- maven-jar-plugin:2.4:test-jar (default) @ jai_imageio ---
[INFO] Skipping packaging of the test-jar
[INFO] 
[INFO] --- maven-install-plugin:2.5.1:install (default-install) @ jai_imageio ---
[INFO] Installing /home/travis/build/openmicroscopy/bioformats/components/forks/jai/target/jai_imageio-5.3.5-SNAPSHOT.jar to /home/travis/.m2/repository/ome/jai_imageio/5.3.5-SNAPSHOT/jai_imageio-5.3.5-SNAPSHOT.jar
[INFO] Installing /home/travis/build/openmicroscopy/bioformats/components/forks/jai/pom.xml to /home/travis/.m2/repository/ome/jai_imageio/5.3.5-SNAPSHOT/jai_imageio-5.3.5-SNAPSHOT.pom
[INFO] Installing /home/travis/build/openmicroscopy/bioformats/components/forks/jai/target/jai_imageio-5.3.5-SNAPSHOT-sources.jar to /home/travis/.m2/repository/ome/jai_imageio/5.3.5-SNAPSHOT/jai_imageio-5.3.5-SNAPSHOT-sources.jar
[INFO]                                                                         
[INFO] ------------------------------------------------------------------------
[INFO] Building libjpeg-turbo Java bindings 5.3.5-SNAPSHOT
[INFO] ------------------------------------------------------------------------
[INFO] 
[INFO] --- buildnumber-maven-plugin:1.2:create (default) @ turbojpeg ---
[INFO] 
[INFO] --- maven-resources-plugin:2.6:resources (default-resources) @ turbojpeg ---
[INFO] Using 'UTF-8' encoding to copy filtered resources.
[INFO] Copying 0 resource
[INFO] Copying 7 resources to META-INF/lib
[INFO] Copying 0 resource
[INFO] Copying 0 resource
[INFO] 
[INFO] --- maven-compiler-plugin:3.1:compile (default-compile) @ turbojpeg ---
[INFO] Changes detected - recompiling the module!
[INFO] Compiling 10 source files to /home/travis/build/openmicroscopy/bioformats/components/forks/turbojpeg/target/classes
[INFO] 
[INFO] --- maven-resources-plugin:2.6:testResources (default-testResources) @ turbojpeg ---
[INFO] Using 'UTF-8' encoding to copy filtered resources.
[INFO] skip non existing resourceDirectory /home/travis/build/openmicroscopy/bioformats/components/forks/turbojpeg/test
[INFO] 
[INFO] --- maven-compiler-plugin:3.1:testCompile (default-testCompile) @ turbojpeg ---
[INFO] No sources to compile
[INFO] 
[INFO] --- maven-surefire-plugin:2.16:test (default-test) @ turbojpeg ---
[INFO] Tests are skipped.
[INFO] 
[INFO] --- maven-jar-plugin:2.4:jar (default-jar) @ turbojpeg ---
[INFO] Building jar: /home/travis/build/openmicroscopy/bioformats/components/forks/turbojpeg/target/turbojpeg-5.3.5-SNAPSHOT.jar
[INFO] 
[INFO] >>> maven-source-plugin:2.2.1:jar (default) > generate-sources @ turbojpeg >>>
[INFO] 
[INFO] --- buildnumber-maven-plugin:1.2:create (default) @ turbojpeg ---
[INFO] 
[INFO] <<< maven-source-plugin:2.2.1:jar (default) < generate-sources @ turbojpeg <<<
[INFO] 
[INFO] --- maven-source-plugin:2.2.1:jar (default) @ turbojpeg ---
[INFO] Building jar: /home/travis/build/openmicroscopy/bioformats/components/forks/turbojpeg/target/turbojpeg-5.3.5-SNAPSHOT-sources.jar
[INFO] 
[INFO] --- maven-jar-plugin:2.4:test-jar (default) @ turbojpeg ---
[INFO] Skipping packaging of the test-jar
[INFO] 
[INFO] --- maven-install-plugin:2.5.1:install (default-install) @ turbojpeg ---
[INFO] Installing /home/travis/build/openmicroscopy/bioformats/components/forks/turbojpeg/target/turbojpeg-5.3.5-SNAPSHOT.jar to /home/travis/.m2/repository/ome/turbojpeg/5.3.5-SNAPSHOT/turbojpeg-5.3.5-SNAPSHOT.jar
[INFO] Installing /home/travis/build/openmicroscopy/bioformats/components/forks/turbojpeg/pom.xml to /home/travis/.m2/repository/ome/turbojpeg/5.3.5-SNAPSHOT/turbojpeg-5.3.5-SNAPSHOT.pom
[INFO] Installing /home/travis/build/openmicroscopy/bioformats/components/forks/turbojpeg/target/turbojpeg-5.3.5-SNAPSHOT-sources.jar to /home/travis/.m2/repository/ome/turbojpeg/5.3.5-SNAPSHOT/turbojpeg-5.3.5-SNAPSHOT-sources.jar
[INFO]                                                                         
[INFO] ------------------------------------------------------------------------
[INFO] Building Bio-Formats API 5.3.5-SNAPSHOT
[INFO] ------------------------------------------------------------------------
[INFO] 
[INFO] --- buildnumber-maven-plugin:1.2:create (default) @ formats-api ---
[INFO] 
[INFO] --- maven-resources-plugin:2.6:resources (default-resources) @ formats-api ---
[INFO] Using 'UTF-8' encoding to copy filtered resources.
[INFO] Copying 2 resources
[INFO] Copying 0 resource
[INFO] Copying 0 resource
[INFO] 
[INFO] --- maven-compiler-plugin:3.1:compile (default-compile) @ formats-api ---
[INFO] Changes detected - recompiling the module!
[INFO] Compiling 43 source files to /home/travis/build/openmicroscopy/bioformats/components/formats-api/target/classes
[WARNING] /home/travis/build/openmicroscopy/bioformats/components/formats-api/src/loci/formats/FormatTools.java: /home/travis/build/openmicroscopy/bioformats/components/formats-api/src/loci/formats/FormatTools.java uses or overrides a deprecated API.
[WARNING] /home/travis/build/openmicroscopy/bioformats/components/formats-api/src/loci/formats/FormatTools.java: Recompile with -Xlint:deprecation for details.
[WARNING] /home/travis/build/openmicroscopy/bioformats/components/formats-api/src/loci/formats/services/OMEXMLServiceImpl.java: Some input files use unchecked or unsafe operations.
[WARNING] /home/travis/build/openmicroscopy/bioformats/components/formats-api/src/loci/formats/services/OMEXMLServiceImpl.java: Recompile with -Xlint:unchecked for details.
[INFO] 
[INFO] --- maven-resources-plugin:2.6:testResources (default-testResources) @ formats-api ---
[INFO] Using 'UTF-8' encoding to copy filtered resources.
[INFO] Copying 2 resources
[INFO] 
[INFO] --- maven-compiler-plugin:3.1:testCompile (default-testCompile) @ formats-api ---
[INFO] Changes detected - recompiling the module!
[INFO] Compiling 4 source files to /home/travis/build/openmicroscopy/bioformats/components/formats-api/target/test-classes
[INFO] 
[INFO] --- maven-surefire-plugin:2.16:test (default-test) @ formats-api ---
[INFO] Tests are skipped.
[INFO] 
[INFO] --- maven-jar-plugin:2.4:jar (default-jar) @ formats-api ---
[INFO] Building jar: /home/travis/build/openmicroscopy/bioformats/components/formats-api/target/formats-api-5.3.5-SNAPSHOT.jar
[INFO] 
[INFO] >>> maven-source-plugin:2.2.1:jar (default) > generate-sources @ formats-api >>>
[INFO] 
[INFO] --- buildnumber-maven-plugin:1.2:create (default) @ formats-api ---
[INFO] 
[INFO] <<< maven-source-plugin:2.2.1:jar (default) < generate-sources @ formats-api <<<
[INFO] 
[INFO] --- maven-source-plugin:2.2.1:jar (default) @ formats-api ---
[INFO] Building jar: /home/travis/build/openmicroscopy/bioformats/components/formats-api/target/formats-api-5.3.5-SNAPSHOT-sources.jar
[INFO] 
[INFO] --- maven-jar-plugin:2.4:test-jar (default) @ formats-api ---
[INFO] Building jar: /home/travis/build/openmicroscopy/bioformats/components/formats-api/target/formats-api-5.3.5-SNAPSHOT-tests.jar
[INFO] 
[INFO] --- maven-install-plugin:2.5.1:install (default-install) @ formats-api ---
[INFO] Installing /home/travis/build/openmicroscopy/bioformats/components/formats-api/target/formats-api-5.3.5-SNAPSHOT.jar to /home/travis/.m2/repository/ome/formats-api/5.3.5-SNAPSHOT/formats-api-5.3.5-SNAPSHOT.jar
[INFO] Installing /home/travis/build/openmicroscopy/bioformats/components/formats-api/pom.xml to /home/travis/.m2/repository/ome/formats-api/5.3.5-SNAPSHOT/formats-api-5.3.5-SNAPSHOT.pom
[INFO] Installing /home/travis/build/openmicroscopy/bioformats/components/formats-api/target/formats-api-5.3.5-SNAPSHOT-sources.jar to /home/travis/.m2/repository/ome/formats-api/5.3.5-SNAPSHOT/formats-api-5.3.5-SNAPSHOT-sources.jar
[INFO] Installing /home/travis/build/openmicroscopy/bioformats/components/formats-api/target/formats-api-5.3.5-SNAPSHOT-tests.jar to /home/travis/.m2/repository/ome/formats-api/5.3.5-SNAPSHOT/formats-api-5.3.5-SNAPSHOT-tests.jar
[INFO]                                                                         
[INFO] ------------------------------------------------------------------------
[INFO] Building BSD Bio-Formats readers and writers 5.3.5-SNAPSHOT
[INFO] ------------------------------------------------------------------------
[INFO] 
[INFO] --- buildnumber-maven-plugin:1.2:create (default) @ formats-bsd ---
[INFO] 
[INFO] --- maven-resources-plugin:2.6:resources (default-resources) @ formats-bsd ---
[INFO] Using 'UTF-8' encoding to copy filtered resources.
[INFO] Copying 0 resource
[INFO] Copying 0 resource
[INFO] 
[INFO] --- maven-compiler-plugin:3.1:compile (default-compile) @ formats-bsd ---
[INFO] Changes detected - recompiling the module!
[INFO] Compiling 161 source files to /home/travis/build/openmicroscopy/bioformats/components/formats-bsd/target/classes
[WARNING] /home/travis/build/openmicroscopy/bioformats/components/formats-bsd/src/loci/formats/in/TiffJAIReader.java: Some input files use or override a deprecated API.
[WARNING] /home/travis/build/openmicroscopy/bioformats/components/formats-bsd/src/loci/formats/in/TiffJAIReader.java: Recompile with -Xlint:deprecation for details.
[WARNING] /home/travis/build/openmicroscopy/bioformats/components/formats-bsd/src/loci/formats/gui/ComboFileFilter.java: Some input files use unchecked or unsafe operations.
[WARNING] /home/travis/build/openmicroscopy/bioformats/components/formats-bsd/src/loci/formats/gui/ComboFileFilter.java: Recompile with -Xlint:unchecked for details.
[INFO] 
[INFO] --- maven-resources-plugin:2.6:testResources (default-testResources) @ formats-bsd ---
[INFO] Using 'UTF-8' encoding to copy filtered resources.
[INFO] Copying 11 resources
[INFO] 
[INFO] --- maven-compiler-plugin:3.1:testCompile (default-testCompile) @ formats-bsd ---
[INFO] Changes detected - recompiling the module!
[INFO] Compiling 68 source files to /home/travis/build/openmicroscopy/bioformats/components/formats-bsd/target/test-classes
[WARNING] /home/travis/build/openmicroscopy/bioformats/components/formats-bsd/test/loci/formats/utests/tiff/TiffParserTest.java: Some input files use unchecked or unsafe operations.
[WARNING] /home/travis/build/openmicroscopy/bioformats/components/formats-bsd/test/loci/formats/utests/tiff/TiffParserTest.java: Recompile with -Xlint:unchecked for details.
[INFO] 
[INFO] --- maven-surefire-plugin:2.16:test (default-test) @ formats-bsd ---
[INFO] Tests are skipped.
[INFO] 
[INFO] --- maven-jar-plugin:2.4:jar (default-jar) @ formats-bsd ---
[INFO] Building jar: /home/travis/build/openmicroscopy/bioformats/components/formats-bsd/target/formats-bsd-5.3.5-SNAPSHOT.jar
[INFO] 
[INFO] >>> maven-source-plugin:2.2.1:jar (default) > generate-sources @ formats-bsd >>>
[INFO] 
[INFO] --- buildnumber-maven-plugin:1.2:create (default) @ formats-bsd ---
[INFO] 
[INFO] <<< maven-source-plugin:2.2.1:jar (default) < generate-sources @ formats-bsd <<<
[INFO] 
[INFO] --- maven-source-plugin:2.2.1:jar (default) @ formats-bsd ---
[INFO] Building jar: /home/travis/build/openmicroscopy/bioformats/components/formats-bsd/target/formats-bsd-5.3.5-SNAPSHOT-sources.jar
[INFO] 
[INFO] --- maven-jar-plugin:2.4:test-jar (default) @ formats-bsd ---
[INFO] Building jar: /home/travis/build/openmicroscopy/bioformats/components/formats-bsd/target/formats-bsd-5.3.5-SNAPSHOT-tests.jar
[INFO] 
[INFO] --- maven-install-plugin:2.5.1:install (default-install) @ formats-bsd ---
[INFO] Installing /home/travis/build/openmicroscopy/bioformats/components/formats-bsd/target/formats-bsd-5.3.5-SNAPSHOT.jar to /home/travis/.m2/repository/ome/formats-bsd/5.3.5-SNAPSHOT/formats-bsd-5.3.5-SNAPSHOT.jar
[INFO] Installing /home/travis/build/openmicroscopy/bioformats/components/formats-bsd/pom.xml to /home/travis/.m2/repository/ome/formats-bsd/5.3.5-SNAPSHOT/formats-bsd-5.3.5-SNAPSHOT.pom
[INFO] Installing /home/travis/build/openmicroscopy/bioformats/components/formats-bsd/target/formats-bsd-5.3.5-SNAPSHOT-sources.jar to /home/travis/.m2/repository/ome/formats-bsd/5.3.5-SNAPSHOT/formats-bsd-5.3.5-SNAPSHOT-sources.jar
[INFO] Installing /home/travis/build/openmicroscopy/bioformats/components/formats-bsd/target/formats-bsd-5.3.5-SNAPSHOT-tests.jar to /home/travis/.m2/repository/ome/formats-bsd/5.3.5-SNAPSHOT/formats-bsd-5.3.5-SNAPSHOT-tests.jar
[INFO]                                                                         
[INFO] ------------------------------------------------------------------------
[INFO] Building Bio-Formats library 5.3.5-SNAPSHOT
[INFO] ------------------------------------------------------------------------
[INFO] 
[INFO] --- buildnumber-maven-plugin:1.2:create (default) @ formats-gpl ---
[INFO] 
[INFO] --- maven-resources-plugin:2.6:resources (default-resources) @ formats-gpl ---
[INFO] Using 'UTF-8' encoding to copy filtered resources.
[INFO] Copying 3 resources
[INFO] skip non existing resourceDirectory /home/travis/build/openmicroscopy/bioformats/components/formats-gpl/lib
[INFO] Copying 1 resource
[INFO] Copying 1 resource
[INFO] 
[INFO] --- maven-compiler-plugin:3.1:compile (default-compile) @ formats-gpl ---
[INFO] Changes detected - recompiling the module!
[INFO] Compiling 157 source files to /home/travis/build/openmicroscopy/bioformats/components/formats-gpl/target/classes
[WARNING] /home/travis/build/openmicroscopy/bioformats/components/formats-gpl/src/loci/formats/in/MIASReader.java: Some input files use or override a deprecated API.
[WARNING] /home/travis/build/openmicroscopy/bioformats/components/formats-gpl/src/loci/formats/in/MIASReader.java: Recompile with -Xlint:deprecation for details.
[WARNING] /home/travis/build/openmicroscopy/bioformats/components/formats-gpl/src/loci/formats/in/L2DReader.java: Some input files use unchecked or unsafe operations.
[WARNING] /home/travis/build/openmicroscopy/bioformats/components/formats-gpl/src/loci/formats/in/L2DReader.java: Recompile with -Xlint:unchecked for details.
[INFO] 
[INFO] --- maven-resources-plugin:2.6:testResources (default-testResources) @ formats-gpl ---
[INFO] Using 'UTF-8' encoding to copy filtered resources.
[INFO] Copying 26 resources
[INFO] 
[INFO] --- maven-compiler-plugin:3.1:testCompile (default-testCompile) @ formats-gpl ---
[INFO] Changes detected - recompiling the module!
[INFO] Compiling 26 source files to /home/travis/build/openmicroscopy/bioformats/components/formats-gpl/target/test-classes
[WARNING] /home/travis/build/openmicroscopy/bioformats/components/formats-gpl/test/loci/formats/utests/InOutCurrentTest.java: Some input files use unchecked or unsafe operations.
[WARNING] /home/travis/build/openmicroscopy/bioformats/components/formats-gpl/test/loci/formats/utests/InOutCurrentTest.java: Recompile with -Xlint:unchecked for details.
[INFO] 
[INFO] --- maven-surefire-plugin:2.16:test (default-test) @ formats-gpl ---
[INFO] Tests are skipped.
[INFO] 
[INFO] --- maven-surefire-plugin:2.16:test (missing-mdb-test) @ formats-gpl ---
[INFO] Tests are skipped.
[INFO] 
[INFO] --- maven-surefire-plugin:2.16:test (missing-poi-test) @ formats-gpl ---
[INFO] Tests are skipped.
[INFO] 
[INFO] --- maven-surefire-plugin:2.16:test (missing-netcdf-test) @ formats-gpl ---
[INFO] Tests are skipped.
[INFO] 
[INFO] --- maven-jar-plugin:2.4:jar (default-jar) @ formats-gpl ---
[INFO] Building jar: /home/travis/build/openmicroscopy/bioformats/components/formats-gpl/target/formats-gpl-5.3.5-SNAPSHOT.jar
[INFO] 
[INFO] >>> maven-source-plugin:2.2.1:jar (default) > generate-sources @ formats-gpl >>>
[INFO] 
[INFO] --- buildnumber-maven-plugin:1.2:create (default) @ formats-gpl ---
[INFO] 
[INFO] <<< maven-source-plugin:2.2.1:jar (default) < generate-sources @ formats-gpl <<<
[INFO] 
[INFO] --- maven-source-plugin:2.2.1:jar (default) @ formats-gpl ---
[INFO] Building jar: /home/travis/build/openmicroscopy/bioformats/components/formats-gpl/target/formats-gpl-5.3.5-SNAPSHOT-sources.jar
[INFO] 
[INFO] --- maven-jar-plugin:2.4:test-jar (default) @ formats-gpl ---
[INFO] Building jar: /home/travis/build/openmicroscopy/bioformats/components/formats-gpl/target/formats-gpl-5.3.5-SNAPSHOT-tests.jar
[INFO] 
[INFO] --- maven-install-plugin:2.5.1:install (default-install) @ formats-gpl ---
[INFO] Installing /home/travis/build/openmicroscopy/bioformats/components/formats-gpl/target/formats-gpl-5.3.5-SNAPSHOT.jar to /home/travis/.m2/repository/ome/formats-gpl/5.3.5-SNAPSHOT/formats-gpl-5.3.5-SNAPSHOT.jar
[INFO] Installing /home/travis/build/openmicroscopy/bioformats/components/formats-gpl/pom.xml to /home/travis/.m2/repository/ome/formats-gpl/5.3.5-SNAPSHOT/formats-gpl-5.3.5-SNAPSHOT.pom
[INFO] Installing /home/travis/build/openmicroscopy/bioformats/components/formats-gpl/target/formats-gpl-5.3.5-SNAPSHOT-sources.jar to /home/travis/.m2/repository/ome/formats-gpl/5.3.5-SNAPSHOT/formats-gpl-5.3.5-SNAPSHOT-sources.jar
[INFO] Installing /home/travis/build/openmicroscopy/bioformats/components/formats-gpl/target/formats-gpl-5.3.5-SNAPSHOT-tests.jar to /home/travis/.m2/repository/ome/formats-gpl/5.3.5-SNAPSHOT/formats-gpl-5.3.5-SNAPSHOT-tests.jar
[INFO]                                                                         
[INFO] ------------------------------------------------------------------------
[INFO] Building Bio-Formats code generator 5.3.5-SNAPSHOT
[INFO] ------------------------------------------------------------------------
[INFO] 
[INFO] --- buildnumber-maven-plugin:1.2:create (default) @ bf-autogen ---
[INFO] 
[INFO] --- maven-resources-plugin:2.6:resources (default-resources) @ bf-autogen ---
[INFO] Using 'UTF-8' encoding to copy filtered resources.
[INFO] Copying 11 resources
[INFO] skip non existing resourceDirectory /home/travis/build/openmicroscopy/bioformats/components/autogen/lib
[INFO] Copying 0 resource
[INFO] Copying 0 resource
[INFO] 
[INFO] --- maven-compiler-plugin:3.1:compile (default-compile) @ bf-autogen ---
[INFO] Changes detected - recompiling the module!
[INFO] Compiling 10 source files to /home/travis/build/openmicroscopy/bioformats/components/autogen/target/classes
[WARNING] /home/travis/build/openmicroscopy/bioformats/components/autogen/src/MetaSupportList.java: /home/travis/build/openmicroscopy/bioformats/components/autogen/src/MetaSupportList.java uses or overrides a deprecated API.
[WARNING] /home/travis/build/openmicroscopy/bioformats/components/autogen/src/MetaSupportList.java: Recompile with -Xlint:deprecation for details.
[WARNING] /home/travis/build/openmicroscopy/bioformats/components/autogen/src/OriginalMetadataAutogen.java: /home/travis/build/openmicroscopy/bioformats/components/autogen/src/OriginalMetadataAutogen.java uses unchecked or unsafe operations.
[WARNING] /home/travis/build/openmicroscopy/bioformats/components/autogen/src/OriginalMetadataAutogen.java: Recompile with -Xlint:unchecked for details.
[INFO] 
[INFO] --- maven-resources-plugin:2.6:testResources (default-testResources) @ bf-autogen ---
[INFO] Using 'UTF-8' encoding to copy filtered resources.
[INFO] skip non existing resourceDirectory /home/travis/build/openmicroscopy/bioformats/components/autogen/test
[INFO] 
[INFO] --- maven-compiler-plugin:3.1:testCompile (default-testCompile) @ bf-autogen ---
[INFO] No sources to compile
[INFO] 
[INFO] --- maven-surefire-plugin:2.16:test (default-test) @ bf-autogen ---
[INFO] Tests are skipped.
[INFO] 
[INFO] --- maven-jar-plugin:2.4:jar (default-jar) @ bf-autogen ---
[INFO] Building jar: /home/travis/build/openmicroscopy/bioformats/components/autogen/target/bf-autogen-5.3.5-SNAPSHOT.jar
[INFO] 
[INFO] >>> maven-source-plugin:2.2.1:jar (default) > generate-sources @ bf-autogen >>>
[INFO] 
[INFO] --- buildnumber-maven-plugin:1.2:create (default) @ bf-autogen ---
[INFO] 
[INFO] <<< maven-source-plugin:2.2.1:jar (default) < generate-sources @ bf-autogen <<<
[INFO] 
[INFO] --- maven-source-plugin:2.2.1:jar (default) @ bf-autogen ---
[INFO] Building jar: /home/travis/build/openmicroscopy/bioformats/components/autogen/target/bf-autogen-5.3.5-SNAPSHOT-sources.jar
[INFO] 
[INFO] --- maven-jar-plugin:2.4:test-jar (default) @ bf-autogen ---
[INFO] Skipping packaging of the test-jar
[INFO] 
[INFO] --- maven-install-plugin:2.5.1:install (default-install) @ bf-autogen ---
[INFO] Installing /home/travis/build/openmicroscopy/bioformats/components/autogen/target/bf-autogen-5.3.5-SNAPSHOT.jar to /home/travis/.m2/repository/ome/bf-autogen/5.3.5-SNAPSHOT/bf-autogen-5.3.5-SNAPSHOT.jar
[INFO] Installing /home/travis/build/openmicroscopy/bioformats/components/autogen/pom.xml to /home/travis/.m2/repository/ome/bf-autogen/5.3.5-SNAPSHOT/bf-autogen-5.3.5-SNAPSHOT.pom
[INFO] Installing /home/travis/build/openmicroscopy/bioformats/components/autogen/target/bf-autogen-5.3.5-SNAPSHOT-sources.jar to /home/travis/.m2/repository/ome/bf-autogen/5.3.5-SNAPSHOT/bf-autogen-5.3.5-SNAPSHOT-sources.jar
[INFO]                                                                         
[INFO] ------------------------------------------------------------------------
[INFO] Building Bio-Formats Plugins for ImageJ 5.3.5-SNAPSHOT
[INFO] ------------------------------------------------------------------------
[INFO] 
[INFO] --- buildnumber-maven-plugin:1.2:create (default) @ bio-formats_plugins ---
[INFO] 
[INFO] --- maven-resources-plugin:2.6:resources (default-resources) @ bio-formats_plugins ---
[INFO] Using 'UTF-8' encoding to copy filtered resources.
[INFO] Copying 3 resources
[INFO] skip non existing resourceDirectory /home/travis/build/openmicroscopy/bioformats/components/bio-formats-plugins/lib
[INFO] Copying 0 resource
[INFO] Copying 0 resource
[INFO] 
[INFO] --- maven-compiler-plugin:3.1:compile (default-compile) @ bio-formats_plugins ---
[INFO] Changes detected - recompiling the module!
[INFO] Compiling 73 source files to /home/travis/build/openmicroscopy/bioformats/components/bio-formats-plugins/target/classes
[WARNING] /home/travis/build/openmicroscopy/bioformats/components/bio-formats-plugins/src/loci/plugins/in/ImportProcess.java: Some input files use or override a deprecated API.
[WARNING] /home/travis/build/openmicroscopy/bioformats/components/bio-formats-plugins/src/loci/plugins/in/ImportProcess.java: Recompile with -Xlint:deprecation for details.
[WARNING] /home/travis/build/openmicroscopy/bioformats/components/bio-formats-plugins/src/loci/plugins/config/ConfigWindow.java: /home/travis/build/openmicroscopy/bioformats/components/bio-formats-plugins/src/loci/plugins/config/ConfigWindow.java uses unchecked or unsafe operations.
[WARNING] /home/travis/build/openmicroscopy/bioformats/components/bio-formats-plugins/src/loci/plugins/config/ConfigWindow.java: Recompile with -Xlint:unchecked for details.
[INFO] 
[INFO] --- maven-resources-plugin:2.6:testResources (default-testResources) @ bio-formats_plugins ---
[INFO] Using 'UTF-8' encoding to copy filtered resources.
[INFO] Copying 1 resource
[INFO] 
[INFO] --- maven-compiler-plugin:3.1:testCompile (default-testCompile) @ bio-formats_plugins ---
[INFO] Changes detected - recompiling the module!
[INFO] Compiling 3 source files to /home/travis/build/openmicroscopy/bioformats/components/bio-formats-plugins/target/test-classes
[INFO] 
[INFO] --- maven-surefire-plugin:2.16:test (default-test) @ bio-formats_plugins ---
[INFO] Tests are skipped.
[INFO] 
[INFO] --- maven-jar-plugin:2.4:jar (default-jar) @ bio-formats_plugins ---
[INFO] Building jar: /home/travis/build/openmicroscopy/bioformats/components/bio-formats-plugins/target/bio-formats_plugins-5.3.5-SNAPSHOT.jar
[INFO] 
[INFO] >>> maven-source-plugin:2.2.1:jar (default) > generate-sources @ bio-formats_plugins >>>
[INFO] 
[INFO] --- buildnumber-maven-plugin:1.2:create (default) @ bio-formats_plugins ---
[INFO] 
[INFO] <<< maven-source-plugin:2.2.1:jar (default) < generate-sources @ bio-formats_plugins <<<
[INFO] 
[INFO] --- maven-source-plugin:2.2.1:jar (default) @ bio-formats_plugins ---
[INFO] Building jar: /home/travis/build/openmicroscopy/bioformats/components/bio-formats-plugins/target/bio-formats_plugins-5.3.5-SNAPSHOT-sources.jar
[INFO] 
[INFO] --- maven-jar-plugin:2.4:test-jar (default) @ bio-formats_plugins ---
[INFO] Building jar: /home/travis/build/openmicroscopy/bioformats/components/bio-formats-plugins/target/bio-formats_plugins-5.3.5-SNAPSHOT-tests.jar
[INFO] 
[INFO] --- maven-install-plugin:2.5.1:install (default-install) @ bio-formats_plugins ---
[INFO] Installing /home/travis/build/openmicroscopy/bioformats/components/bio-formats-plugins/target/bio-formats_plugins-5.3.5-SNAPSHOT.jar to /home/travis/.m2/repository/ome/bio-formats_plugins/5.3.5-SNAPSHOT/bio-formats_plugins-5.3.5-SNAPSHOT.jar
[INFO] Installing /home/travis/build/openmicroscopy/bioformats/components/bio-formats-plugins/pom.xml to /home/travis/.m2/repository/ome/bio-formats_plugins/5.3.5-SNAPSHOT/bio-formats_plugins-5.3.5-SNAPSHOT.pom
[INFO] Installing /home/travis/build/openmicroscopy/bioformats/components/bio-formats-plugins/target/bio-formats_plugins-5.3.5-SNAPSHOT-sources.jar to /home/travis/.m2/repository/ome/bio-formats_plugins/5.3.5-SNAPSHOT/bio-formats_plugins-5.3.5-SNAPSHOT-sources.jar
[INFO] Installing /home/travis/build/openmicroscopy/bioformats/components/bio-formats-plugins/target/bio-formats_plugins-5.3.5-SNAPSHOT-tests.jar to /home/travis/.m2/repository/ome/bio-formats_plugins/5.3.5-SNAPSHOT/bio-formats_plugins-5.3.5-SNAPSHOT-tests.jar
[INFO]                                                                         
[INFO] ------------------------------------------------------------------------
[INFO] Building Bio-Formats command line tools 5.3.5-SNAPSHOT
[INFO] ------------------------------------------------------------------------
[INFO] 
[INFO] --- buildnumber-maven-plugin:1.2:create (default) @ bio-formats-tools ---
[INFO] 
[INFO] --- maven-resources-plugin:2.6:resources (default-resources) @ bio-formats-tools ---
[INFO] Using 'UTF-8' encoding to copy filtered resources.
[INFO] Copying 0 resource
[INFO] skip non existing resourceDirectory /home/travis/build/openmicroscopy/bioformats/components/bio-formats-tools/lib
[INFO] Copying 0 resource
[INFO] Copying 0 resource
[INFO] 
[INFO] --- maven-compiler-plugin:3.1:compile (default-compile) @ bio-formats-tools ---
[INFO] Changes detected - recompiling the module!
[INFO] Compiling 9 source files to /home/travis/build/openmicroscopy/bioformats/components/bio-formats-tools/target/classes
[INFO] 
[INFO] --- maven-resources-plugin:2.6:testResources (default-testResources) @ bio-formats-tools ---
[INFO] Using 'UTF-8' encoding to copy filtered resources.
[INFO] Copying 1 resource
[INFO] 
[INFO] --- maven-compiler-plugin:3.1:testCompile (default-testCompile) @ bio-formats-tools ---
[INFO] Changes detected - recompiling the module!
[INFO] Compiling 1 source file to /home/travis/build/openmicroscopy/bioformats/components/bio-formats-tools/target/test-classes
[INFO] 
[INFO] --- maven-surefire-plugin:2.16:test (default-test) @ bio-formats-tools ---
[INFO] Tests are skipped.
[INFO] 
[INFO] --- maven-jar-plugin:2.4:jar (default-jar) @ bio-formats-tools ---
[INFO] Building jar: /home/travis/build/openmicroscopy/bioformats/components/bio-formats-tools/target/bio-formats-tools-5.3.5-SNAPSHOT.jar
[INFO] 
[INFO] >>> maven-source-plugin:2.2.1:jar (default) > generate-sources @ bio-formats-tools >>>
[INFO] 
[INFO] --- buildnumber-maven-plugin:1.2:create (default) @ bio-formats-tools ---
[INFO] 
[INFO] <<< maven-source-plugin:2.2.1:jar (default) < generate-sources @ bio-formats-tools <<<
[INFO] 
[INFO] --- maven-source-plugin:2.2.1:jar (default) @ bio-formats-tools ---
[INFO] Building jar: /home/travis/build/openmicroscopy/bioformats/components/bio-formats-tools/target/bio-formats-tools-5.3.5-SNAPSHOT-sources.jar
[INFO] 
[INFO] --- maven-jar-plugin:2.4:test-jar (default) @ bio-formats-tools ---
[INFO] Building jar: /home/travis/build/openmicroscopy/bioformats/components/bio-formats-tools/target/bio-formats-tools-5.3.5-SNAPSHOT-tests.jar
[INFO] 
[INFO] --- maven-install-plugin:2.5.1:install (default-install) @ bio-formats-tools ---
[INFO] Installing /home/travis/build/openmicroscopy/bioformats/components/bio-formats-tools/target/bio-formats-tools-5.3.5-SNAPSHOT.jar to /home/travis/.m2/repository/ome/bio-formats-tools/5.3.5-SNAPSHOT/bio-formats-tools-5.3.5-SNAPSHOT.jar
[INFO] Installing /home/travis/build/openmicroscopy/bioformats/components/bio-formats-tools/pom.xml to /home/travis/.m2/repository/ome/bio-formats-tools/5.3.5-SNAPSHOT/bio-formats-tools-5.3.5-SNAPSHOT.pom
[INFO] Installing /home/travis/build/openmicroscopy/bioformats/components/bio-formats-tools/target/bio-formats-tools-5.3.5-SNAPSHOT-sources.jar to /home/travis/.m2/repository/ome/bio-formats-tools/5.3.5-SNAPSHOT/bio-formats-tools-5.3.5-SNAPSHOT-sources.jar
[INFO] Installing /home/travis/build/openmicroscopy/bioformats/components/bio-formats-tools/target/bio-formats-tools-5.3.5-SNAPSHOT-tests.jar to /home/travis/.m2/repository/ome/bio-formats-tools/5.3.5-SNAPSHOT/bio-formats-tools-5.3.5-SNAPSHOT-tests.jar
[INFO]                                                                         
[INFO] ------------------------------------------------------------------------
[INFO] Building bioformats_package bundle 5.3.5-SNAPSHOT
[INFO] ------------------------------------------------------------------------
[INFO] 
[INFO] --- buildnumber-maven-plugin:1.2:create (default) @ bioformats_package ---
[INFO] 
[INFO] >>> maven-source-plugin:2.2.1:jar (default) > generate-sources @ bioformats_package >>>
[INFO] 
[INFO] --- buildnumber-maven-plugin:1.2:create (default) @ bioformats_package ---
[INFO] 
[INFO] <<< maven-source-plugin:2.2.1:jar (default) < generate-sources @ bioformats_package <<<
[INFO] 
[INFO] --- maven-source-plugin:2.2.1:jar (default) @ bioformats_package ---
[INFO] 
[INFO] --- maven-assembly-plugin:2.4:single (make-assembly) @ bioformats_package ---
[INFO] Reading assembly descriptor: assembly.xml
[WARNING] The following patterns were never triggered in this artifact exclusion filter:
o  'gov.nih.imagej:imagej'
o  'net.imagej:ij'
o  'org.springframework:spring*'
o  'aopalliance:aopalliance'
o  'org.aspectj:aspectj*'
o  'org.slf4j:slf4j-log4j12'
o  'log4j:log4j'
o  'org.testng:testng'
o  'com.beust:jcommander'
o  'org.yaml:snakeyaml'
o  'org.beanshell:bsh'
o  'edu.princeton.cup:java-cup'
o  'org.apache.bcel:bcel'
o  'commons-codec:commons-codec'
o  'regexp:regexp'
o  'org.apache.ant:ant-trax'
o  'edu.ucar:udunits'
o  'javax.servlet:servlet-api'

[INFO] Building jar: /home/travis/build/openmicroscopy/bioformats/components/bundles/bioformats_package/target/bioformats_package-5.3.5-SNAPSHOT.jar
[INFO] 
[INFO] --- maven-install-plugin:2.5.1:install (default-install) @ bioformats_package ---
[INFO] Installing /home/travis/build/openmicroscopy/bioformats/components/bundles/bioformats_package/pom.xml to /home/travis/.m2/repository/ome/bioformats_package/5.3.5-SNAPSHOT/bioformats_package-5.3.5-SNAPSHOT.pom
[INFO] Installing /home/travis/build/openmicroscopy/bioformats/components/bundles/bioformats_package/target/bioformats_package-5.3.5-SNAPSHOT.jar to /home/travis/.m2/repository/ome/bioformats_package/5.3.5-SNAPSHOT/bioformats_package-5.3.5-SNAPSHOT.jar
[INFO]                                                                         
[INFO] ------------------------------------------------------------------------
[INFO] Building LOCI Tools bundle 5.3.5-SNAPSHOT
[INFO] ------------------------------------------------------------------------
[INFO] 
[INFO] --- buildnumber-maven-plugin:1.2:create (default) @ loci_tools ---
[INFO] 
[INFO] >>> maven-source-plugin:2.2.1:jar (default) > generate-sources @ loci_tools >>>
[INFO] 
[INFO] --- buildnumber-maven-plugin:1.2:create (default) @ loci_tools ---
[INFO] 
[INFO] <<< maven-source-plugin:2.2.1:jar (default) < generate-sources @ loci_tools <<<
[INFO] 
[INFO] --- maven-source-plugin:2.2.1:jar (default) @ loci_tools ---
[INFO] 
[INFO] --- maven-assembly-plugin:2.4:single (make-assembly) @ loci_tools ---
[INFO] Reading assembly descriptor: assembly.xml
[WARNING] The following patterns were never triggered in this artifact exclusion filter:
o  'gov.nih.imagej:imagej'
o  'net.imagej:ij'
o  'org.testng:testng'
o  'com.beust:jcommander'
o  'org.yaml:snakeyaml'
o  'org.beanshell:bsh'
o  'edu.princeton.cup:java-cup'
o  'org.apache.bcel:bcel'
o  'commons-codec:commons-codec'
o  'regexp:regexp'
o  'org.apache.ant:ant-trax'
o  'edu.ucar:udunits'
o  'javax.servlet:servlet-api'

[INFO] Building jar: /home/travis/build/openmicroscopy/bioformats/components/bundles/loci_tools/target/loci_tools-5.3.5-SNAPSHOT.jar
[INFO] 
[INFO] --- maven-install-plugin:2.5.1:install (default-install) @ loci_tools ---
[INFO] Installing /home/travis/build/openmicroscopy/bioformats/components/bundles/loci_tools/pom.xml to /home/travis/.m2/repository/ome/loci_tools/5.3.5-SNAPSHOT/loci_tools-5.3.5-SNAPSHOT.pom
[INFO] Installing /home/travis/build/openmicroscopy/bioformats/components/bundles/loci_tools/target/loci_tools-5.3.5-SNAPSHOT.jar to /home/travis/.m2/repository/ome/loci_tools/5.3.5-SNAPSHOT/loci_tools-5.3.5-SNAPSHOT.jar
[INFO]                                                                         
[INFO] ------------------------------------------------------------------------
[INFO] Building Bio-Formats testing framework 5.3.5-SNAPSHOT
[INFO] ------------------------------------------------------------------------
[INFO] 
[INFO] --- buildnumber-maven-plugin:1.2:create (default) @ test-suite ---
[INFO] 
[INFO] --- maven-resources-plugin:2.6:resources (default-resources) @ test-suite ---
[INFO] Using 'UTF-8' encoding to copy filtered resources.
[INFO] Copying 0 resource
[INFO] skip non existing resourceDirectory /home/travis/build/openmicroscopy/bioformats/components/test-suite/lib
[INFO] Copying 0 resource
[INFO] Copying 0 resource
[INFO] 
[INFO] --- maven-compiler-plugin:3.1:compile (default-compile) @ test-suite ---
[INFO] Changes detected - recompiling the module!
[INFO] Compiling 21 source files to /home/travis/build/openmicroscopy/bioformats/components/test-suite/target/classes
[WARNING] /home/travis/build/openmicroscopy/bioformats/components/test-suite/src/loci/tests/testng/OrderingListener.java: /home/travis/build/openmicroscopy/bioformats/components/test-suite/src/loci/tests/testng/OrderingListener.java uses or overrides a deprecated API.
[WARNING] /home/travis/build/openmicroscopy/bioformats/components/test-suite/src/loci/tests/testng/OrderingListener.java: Recompile with -Xlint:deprecation for details.
[WARNING] /home/travis/build/openmicroscopy/bioformats/components/test-suite/src/loci/tests/testng/TestTools.java: Some input files use unchecked or unsafe operations.
[WARNING] /home/travis/build/openmicroscopy/bioformats/components/test-suite/src/loci/tests/testng/TestTools.java: Recompile with -Xlint:unchecked for details.
[INFO] 
[INFO] --- maven-resources-plugin:2.6:testResources (default-testResources) @ test-suite ---
[INFO] Using 'UTF-8' encoding to copy filtered resources.
[INFO] skip non existing resourceDirectory /home/travis/build/openmicroscopy/bioformats/components/test-suite/test
[INFO] 
[INFO] --- maven-compiler-plugin:3.1:testCompile (default-testCompile) @ test-suite ---
[INFO] No sources to compile
[INFO] 
[INFO] --- maven-surefire-plugin:2.16:test (default-test) @ test-suite ---
[INFO] Tests are skipped.
[INFO] 
[INFO] --- maven-jar-plugin:2.4:jar (default-jar) @ test-suite ---
[INFO] Building jar: /home/travis/build/openmicroscopy/bioformats/components/test-suite/target/test-suite-5.3.5-SNAPSHOT.jar
[INFO] 
[INFO] >>> maven-source-plugin:2.2.1:jar (default) > generate-sources @ test-suite >>>
[INFO] 
[INFO] --- buildnumber-maven-plugin:1.2:create (default) @ test-suite ---
[INFO] 
[INFO] <<< maven-source-plugin:2.2.1:jar (default) < generate-sources @ test-suite <<<
[INFO] 
[INFO] --- maven-source-plugin:2.2.1:jar (default) @ test-suite ---
[INFO] Building jar: /home/travis/build/openmicroscopy/bioformats/components/test-suite/target/test-suite-5.3.5-SNAPSHOT-sources.jar
[INFO] 
[INFO] --- maven-jar-plugin:2.4:test-jar (default) @ test-suite ---
[INFO] Skipping packaging of the test-jar
[INFO] 
[INFO] --- maven-install-plugin:2.5.1:install (default-install) @ test-suite ---
[INFO] Installing /home/travis/build/openmicroscopy/bioformats/components/test-suite/target/test-suite-5.3.5-SNAPSHOT.jar to /home/travis/.m2/repository/ome/test-suite/5.3.5-SNAPSHOT/test-suite-5.3.5-SNAPSHOT.jar
[INFO] Installing /home/travis/build/openmicroscopy/bioformats/components/test-suite/pom.xml to /home/travis/.m2/repository/ome/test-suite/5.3.5-SNAPSHOT/test-suite-5.3.5-SNAPSHOT.pom
[INFO] Installing /home/travis/build/openmicroscopy/bioformats/components/test-suite/target/test-suite-5.3.5-SNAPSHOT-sources.jar to /home/travis/.m2/repository/ome/test-suite/5.3.5-SNAPSHOT/test-suite-5.3.5-SNAPSHOT-sources.jar
[INFO]                                                                         
[INFO] ------------------------------------------------------------------------
[INFO] Building Bio-Formats Sphinx documentation 5.3.5-SNAPSHOT
[INFO] ------------------------------------------------------------------------
[INFO] 
[INFO] --- buildnumber-maven-plugin:1.2:create (default) @ formats-docs ---
[INFO] 
[INFO] --- maven-resources-plugin:2.6:resources (default-resources) @ formats-docs ---
[INFO] Using 'UTF-8' encoding to copy filtered resources.
[INFO] Copying 4 resources
[INFO] 
[INFO] --- maven-compiler-plugin:3.1:compile (default-compile) @ formats-docs ---
[INFO] Changes detected - recompiling the module!
[INFO] Compiling 8 source files to /home/travis/build/openmicroscopy/bioformats/docs/sphinx/target/classes
[INFO] 
[INFO] --- maven-resources-plugin:2.6:testResources (default-testResources) @ formats-docs ---
[INFO] Using 'UTF-8' encoding to copy filtered resources.
[INFO] skip non existing resourceDirectory /home/travis/build/openmicroscopy/bioformats/docs/sphinx/test
[INFO] 
[INFO] --- maven-compiler-plugin:3.1:testCompile (default-testCompile) @ formats-docs ---
[INFO] No sources to compile
[INFO] 
[INFO] --- maven-surefire-plugin:2.16:test (default-test) @ formats-docs ---
[INFO] Tests are skipped.
[INFO] 
[INFO] >>> exec-maven-plugin:1.2.1:java (default) > validate @ formats-docs >>>
[INFO] 
[INFO] --- buildnumber-maven-plugin:1.2:create (default) @ formats-docs ---
[INFO] 
[INFO] <<< exec-maven-plugin:1.2.1:java (default) < validate @ formats-docs <<<
[INFO] 
[INFO] --- exec-maven-plugin:1.2.1:java (default) @ formats-docs ---
Executing ReadPhysicalSize
Physical calibration - Image: 0
	X = 1.0 nm = 0.001 µm
	Y = 0.1 µm = 0.1 µm
Success
Executing FileConvert
Success
Executing FileExport
Success
Executing FileExportSPW
Success
Executing SimpleTiledWriter
Success
Executing TiledReaderWriter
Success
Executing TiledReaderWriter
Success
Executing OverlappedTiledWriter
Success
Executing OverlappedTiledWriter
Success
[INFO] 
[INFO] --- maven-jar-plugin:2.4:jar (default-jar) @ formats-docs ---
[INFO] Building jar: /home/travis/build/openmicroscopy/bioformats/docs/sphinx/target/formats-docs-5.3.5-SNAPSHOT.jar
[INFO] 
[INFO] >>> maven-source-plugin:2.2.1:jar (default) > generate-sources @ formats-docs >>>
[INFO] 
[INFO] --- buildnumber-maven-plugin:1.2:create (default) @ formats-docs ---
[INFO] 
[INFO] <<< maven-source-plugin:2.2.1:jar (default) < generate-sources @ formats-docs <<<
[INFO] 
[INFO] --- maven-source-plugin:2.2.1:jar (default) @ formats-docs ---
[INFO] Building jar: /home/travis/build/openmicroscopy/bioformats/docs/sphinx/target/formats-docs-5.3.5-SNAPSHOT-sources.jar
[INFO] 
[INFO] --- maven-jar-plugin:2.4:test-jar (default) @ formats-docs ---
[INFO] Skipping packaging of the test-jar
[INFO] 
[INFO] --- maven-install-plugin:2.5.1:install (default-install) @ formats-docs ---
[INFO] Skipping artifact installation
[INFO] ------------------------------------------------------------------------
[INFO] Reactor Summary:
[INFO] 
[INFO] Bio-Formats projects ............................... SUCCESS [  0.887 s]
[INFO] JAI Image I/O Tools ................................ SUCCESS [  7.958 s]
[INFO] libjpeg-turbo Java bindings ........................ SUCCESS [  0.752 s]
[INFO] Bio-Formats API .................................... SUCCESS [  1.010 s]
[INFO] BSD Bio-Formats readers and writers ................ SUCCESS [  2.770 s]
[INFO] Bio-Formats library ................................ SUCCESS [  3.284 s]
[INFO] Bio-Formats code generator ......................... SUCCESS [  0.181 s]
[INFO] Bio-Formats Plugins for ImageJ ..................... SUCCESS [  1.812 s]
[INFO] Bio-Formats command line tools ..................... SUCCESS [  0.507 s]
[INFO] bioformats_package bundle .......................... SUCCESS [  7.890 s]
[INFO] LOCI Tools bundle .................................. SUCCESS [  6.878 s]
[INFO] Bio-Formats testing framework ...................... SUCCESS [  0.497 s]
[INFO] Bio-Formats Sphinx documentation ................... SUCCESS [  2.022 s]
[INFO] ------------------------------------------------------------------------
[INFO] BUILD SUCCESS
[INFO] ------------------------------------------------------------------------
[INFO] Total time: 36.944 s
[INFO] Finished at: 2017-02-26T15:54:28+00:00
[INFO] Final Memory: 42M/400M
[INFO] ------------------------------------------------------------------------

travis_time:end:1f7f0b08:start=1488124429110491860,finish=1488124469111874976,duration=40001383116[0Ktravis_fold:end:install[0Ktravis_time:start:0e69bc8f[0K$ ./tools/test-build $BUILD
+maven
+mvn
Java HotSpot(TM) 64-Bit Server VM warning: ignoring option MaxPermSize=192m; support was removed in 8.0
[INFO] Scanning for projects...
[INFO] ------------------------------------------------------------------------
[INFO] Reactor Build Order:
[INFO] 
[INFO] Bio-Formats projects
[INFO] JAI Image I/O Tools
[INFO] libjpeg-turbo Java bindings
[INFO] Bio-Formats API
[INFO] BSD Bio-Formats readers and writers
[INFO] Bio-Formats library
[INFO] Bio-Formats code generator
[INFO] Bio-Formats Plugins for ImageJ
[INFO] Bio-Formats command line tools
[INFO] bioformats_package bundle
[INFO] LOCI Tools bundle
[INFO] Bio-Formats testing framework
[INFO] Bio-Formats Sphinx documentation
[INFO]                                                                         
[INFO] ------------------------------------------------------------------------
[INFO] Building Bio-Formats projects 5.3.5-SNAPSHOT
[INFO] ------------------------------------------------------------------------
[INFO] 
[INFO] --- buildnumber-maven-plugin:1.2:create (default) @ pom-bio-formats ---
[INFO] Checking for local modifications: skipped.
[INFO] Updating project files from SCM: skipped.
[INFO] Executing: /bin/sh -c cd /home/travis/build/openmicroscopy/bioformats && git rev-parse --verify HEAD
[INFO] Working directory: /home/travis/build/openmicroscopy/bioformats
[INFO] Storing buildNumber: 0bbf46c489aa348bcc0e46edd95f7d6bd6dea1b1 at timestamp: 1488124471354
[INFO] Executing: /bin/sh -c cd /home/travis/build/openmicroscopy/bioformats && git rev-parse --verify HEAD
[INFO] Working directory: /home/travis/build/openmicroscopy/bioformats
[INFO] Storing buildScmBranch: UNKNOWN
[INFO] 
[INFO] >>> maven-source-plugin:2.2.1:jar (default) > generate-sources @ pom-bio-formats >>>
[INFO] 
[INFO] --- buildnumber-maven-plugin:1.2:create (default) @ pom-bio-formats ---
[INFO] 
[INFO] <<< maven-source-plugin:2.2.1:jar (default) < generate-sources @ pom-bio-formats <<<
[INFO] 
[INFO] --- maven-source-plugin:2.2.1:jar (default) @ pom-bio-formats ---
[INFO] 
[INFO] --- maven-install-plugin:2.5.1:install (default-install) @ pom-bio-formats ---
[INFO] Installing /home/travis/build/openmicroscopy/bioformats/pom.xml to /home/travis/.m2/repository/ome/pom-bio-formats/5.3.5-SNAPSHOT/pom-bio-formats-5.3.5-SNAPSHOT.pom
[INFO]                                                                         
[INFO] ------------------------------------------------------------------------
[INFO] Building JAI Image I/O Tools 5.3.5-SNAPSHOT
[INFO] ------------------------------------------------------------------------
[INFO] 
[INFO] --- buildnumber-maven-plugin:1.2:create (default) @ jai_imageio ---
[INFO] 
[INFO] --- maven-resources-plugin:2.6:resources (default-resources) @ jai_imageio ---
[INFO] Using 'UTF-8' encoding to copy filtered resources.
[INFO] Copying 14 resources
[INFO] skip non existing resourceDirectory /home/travis/build/openmicroscopy/bioformats/components/forks/jai/lib
[INFO] Copying 0 resource
[INFO] Copying 0 resource
[INFO] 
[INFO] --- maven-compiler-plugin:3.1:compile (default-compile) @ jai_imageio ---
[INFO] Nothing to compile - all classes are up to date
[INFO] 
[INFO] --- maven-resources-plugin:2.6:testResources (default-testResources) @ jai_imageio ---
[INFO] Using 'UTF-8' encoding to copy filtered resources.
[INFO] skip non existing resourceDirectory /home/travis/build/openmicroscopy/bioformats/components/forks/jai/test
[INFO] 
[INFO] --- maven-compiler-plugin:3.1:testCompile (default-testCompile) @ jai_imageio ---
[INFO] No sources to compile
[INFO] 
[INFO] --- maven-surefire-plugin:2.16:test (default-test) @ jai_imageio ---
[INFO] No tests to run.
[INFO] 
[INFO] --- maven-jar-plugin:2.4:jar (default-jar) @ jai_imageio ---
[INFO] 
[INFO] >>> maven-source-plugin:2.2.1:jar (default) > generate-sources @ jai_imageio >>>
[INFO] 
[INFO] --- buildnumber-maven-plugin:1.2:create (default) @ jai_imageio ---
[INFO] 
[INFO] <<< maven-source-plugin:2.2.1:jar (default) < generate-sources @ jai_imageio <<<
[INFO] 
[INFO] --- maven-source-plugin:2.2.1:jar (default) @ jai_imageio ---
[INFO] Building jar: /home/travis/build/openmicroscopy/bioformats/components/forks/jai/target/jai_imageio-5.3.5-SNAPSHOT-sources.jar
[INFO] 
[INFO] --- maven-jar-plugin:2.4:test-jar (default) @ jai_imageio ---
[INFO] Skipping packaging of the test-jar
[INFO] 
[INFO] --- maven-install-plugin:2.5.1:install (default-install) @ jai_imageio ---
[INFO] Installing /home/travis/build/openmicroscopy/bioformats/components/forks/jai/target/jai_imageio-5.3.5-SNAPSHOT.jar to /home/travis/.m2/repository/ome/jai_imageio/5.3.5-SNAPSHOT/jai_imageio-5.3.5-SNAPSHOT.jar
[INFO] Installing /home/travis/build/openmicroscopy/bioformats/components/forks/jai/pom.xml to /home/travis/.m2/repository/ome/jai_imageio/5.3.5-SNAPSHOT/jai_imageio-5.3.5-SNAPSHOT.pom
[INFO] Installing /home/travis/build/openmicroscopy/bioformats/components/forks/jai/target/jai_imageio-5.3.5-SNAPSHOT-sources.jar to /home/travis/.m2/repository/ome/jai_imageio/5.3.5-SNAPSHOT/jai_imageio-5.3.5-SNAPSHOT-sources.jar
[INFO]                                                                         
[INFO] ------------------------------------------------------------------------
[INFO] Building libjpeg-turbo Java bindings 5.3.5-SNAPSHOT
[INFO] ------------------------------------------------------------------------
[INFO] 
[INFO] --- buildnumber-maven-plugin:1.2:create (default) @ turbojpeg ---
[INFO] 
[INFO] --- maven-resources-plugin:2.6:resources (default-resources) @ turbojpeg ---
[INFO] Using 'UTF-8' encoding to copy filtered resources.
[INFO] Copying 0 resource
[INFO] Copying 7 resources to META-INF/lib
[INFO] Copying 0 resource
[INFO] Copying 0 resource
[INFO] 
[INFO] --- maven-compiler-plugin:3.1:compile (default-compile) @ turbojpeg ---
[INFO] Nothing to compile - all classes are up to date
[INFO] 
[INFO] --- maven-resources-plugin:2.6:testResources (default-testResources) @ turbojpeg ---
[INFO] Using 'UTF-8' encoding to copy filtered resources.
[INFO] skip non existing resourceDirectory /home/travis/build/openmicroscopy/bioformats/components/forks/turbojpeg/test
[INFO] 
[INFO] --- maven-compiler-plugin:3.1:testCompile (default-testCompile) @ turbojpeg ---
[INFO] No sources to compile
[INFO] 
[INFO] --- maven-surefire-plugin:2.16:test (default-test) @ turbojpeg ---
[INFO] No tests to run.
[INFO] 
[INFO] --- maven-jar-plugin:2.4:jar (default-jar) @ turbojpeg ---
[INFO] 
[INFO] >>> maven-source-plugin:2.2.1:jar (default) > generate-sources @ turbojpeg >>>
[INFO] 
[INFO] --- buildnumber-maven-plugin:1.2:create (default) @ turbojpeg ---
[INFO] 
[INFO] <<< maven-source-plugin:2.2.1:jar (default) < generate-sources @ turbojpeg <<<
[INFO] 
[INFO] --- maven-source-plugin:2.2.1:jar (default) @ turbojpeg ---
[INFO] Building jar: /home/travis/build/openmicroscopy/bioformats/components/forks/turbojpeg/target/turbojpeg-5.3.5-SNAPSHOT-sources.jar
[INFO] 
[INFO] --- maven-jar-plugin:2.4:test-jar (default) @ turbojpeg ---
[INFO] Skipping packaging of the test-jar
[INFO] 
[INFO] --- maven-install-plugin:2.5.1:install (default-install) @ turbojpeg ---
[INFO] Installing /home/travis/build/openmicroscopy/bioformats/components/forks/turbojpeg/target/turbojpeg-5.3.5-SNAPSHOT.jar to /home/travis/.m2/repository/ome/turbojpeg/5.3.5-SNAPSHOT/turbojpeg-5.3.5-SNAPSHOT.jar
[INFO] Installing /home/travis/build/openmicroscopy/bioformats/components/forks/turbojpeg/pom.xml to /home/travis/.m2/repository/ome/turbojpeg/5.3.5-SNAPSHOT/turbojpeg-5.3.5-SNAPSHOT.pom
[INFO] Installing /home/travis/build/openmicroscopy/bioformats/components/forks/turbojpeg/target/turbojpeg-5.3.5-SNAPSHOT-sources.jar to /home/travis/.m2/repository/ome/turbojpeg/5.3.5-SNAPSHOT/turbojpeg-5.3.5-SNAPSHOT-sources.jar
[INFO]                                                                         
[INFO] ------------------------------------------------------------------------
[INFO] Building Bio-Formats API 5.3.5-SNAPSHOT
[INFO] ------------------------------------------------------------------------
[INFO] 
[INFO] --- buildnumber-maven-plugin:1.2:create (default) @ formats-api ---
[INFO] 
[INFO] --- maven-resources-plugin:2.6:resources (default-resources) @ formats-api ---
[INFO] Using 'UTF-8' encoding to copy filtered resources.
[INFO] Copying 2 resources
[INFO] Copying 0 resource
[INFO] Copying 0 resource
[INFO] 
[INFO] --- maven-compiler-plugin:3.1:compile (default-compile) @ formats-api ---
[INFO] Nothing to compile - all classes are up to date
[INFO] 
[INFO] --- maven-resources-plugin:2.6:testResources (default-testResources) @ formats-api ---
[INFO] Using 'UTF-8' encoding to copy filtered resources.
[INFO] Copying 2 resources
[INFO] 
[INFO] --- maven-compiler-plugin:3.1:testCompile (default-testCompile) @ formats-api ---
[INFO] Nothing to compile - all classes are up to date
[INFO] 
[INFO] --- maven-surefire-plugin:2.16:test (default-test) @ formats-api ---
[INFO] Surefire report directory: /home/travis/build/openmicroscopy/bioformats/components/formats-api/target/surefire-reports

-------------------------------------------------------
 T E S T S
-------------------------------------------------------
Running TestSuite
Configuring TestNG with: TestNG652Configurator
2017-02-26 15:54:35,521 [main] WARN  loci.formats.FormatTools - Invalid base unit: using default reference frame unit
2017-02-26 15:54:35,527 [main] WARN  loci.formats.FormatTools - Invalid base unit: using default reference frame unit
2017-02-26 15:54:35,527 [main] WARN  loci.formats.FormatTools - Invalid base unit: using default reference frame unit
2017-02-26 15:54:35,528 [main] WARN  loci.formats.FormatTools - Invalid base unit: using default reference frame unit
2017-02-26 15:54:35,580 [main] WARN  loci.formats.ClassList - Could not find invalid
2017-02-26 15:54:35,583 [main] WARN  loci.formats.ClassList - Could not find invalid
Tests run: 123, Failures: 0, Errors: 0, Skipped: 0, Time elapsed: 0.424 sec - in TestSuite

Results :

Tests run: 123, Failures: 0, Errors: 0, Skipped: 0

[INFO] 
[INFO] --- maven-jar-plugin:2.4:jar (default-jar) @ formats-api ---
[INFO] 
[INFO] >>> maven-source-plugin:2.2.1:jar (default) > generate-sources @ formats-api >>>
[INFO] 
[INFO] --- buildnumber-maven-plugin:1.2:create (default) @ formats-api ---
[INFO] 
[INFO] <<< maven-source-plugin:2.2.1:jar (default) < generate-sources @ formats-api <<<
[INFO] 
[INFO] --- maven-source-plugin:2.2.1:jar (default) @ formats-api ---
[INFO] Building jar: /home/travis/build/openmicroscopy/bioformats/components/formats-api/target/formats-api-5.3.5-SNAPSHOT-sources.jar
[INFO] 
[INFO] --- maven-jar-plugin:2.4:test-jar (default) @ formats-api ---
[INFO] 
[INFO] --- maven-install-plugin:2.5.1:install (default-install) @ formats-api ---
[INFO] Installing /home/travis/build/openmicroscopy/bioformats/components/formats-api/target/formats-api-5.3.5-SNAPSHOT.jar to /home/travis/.m2/repository/ome/formats-api/5.3.5-SNAPSHOT/formats-api-5.3.5-SNAPSHOT.jar
[INFO] Installing /home/travis/build/openmicroscopy/bioformats/components/formats-api/pom.xml to /home/travis/.m2/repository/ome/formats-api/5.3.5-SNAPSHOT/formats-api-5.3.5-SNAPSHOT.pom
[INFO] Installing /home/travis/build/openmicroscopy/bioformats/components/formats-api/target/formats-api-5.3.5-SNAPSHOT-sources.jar to /home/travis/.m2/repository/ome/formats-api/5.3.5-SNAPSHOT/formats-api-5.3.5-SNAPSHOT-sources.jar
[INFO] Installing /home/travis/build/openmicroscopy/bioformats/components/formats-api/target/formats-api-5.3.5-SNAPSHOT-tests.jar to /home/travis/.m2/repository/ome/formats-api/5.3.5-SNAPSHOT/formats-api-5.3.5-SNAPSHOT-tests.jar
[INFO]                                                                         
[INFO] ------------------------------------------------------------------------
[INFO] Building BSD Bio-Formats readers and writers 5.3.5-SNAPSHOT
[INFO] ------------------------------------------------------------------------
[INFO] 
[INFO] --- buildnumber-maven-plugin:1.2:create (default) @ formats-bsd ---
[INFO] 
[INFO] --- maven-resources-plugin:2.6:resources (default-resources) @ formats-bsd ---
[INFO] Using 'UTF-8' encoding to copy filtered resources.
[INFO] Copying 0 resource
[INFO] Copying 0 resource
[INFO] 
[INFO] --- maven-compiler-plugin:3.1:compile (default-compile) @ formats-bsd ---
[INFO] Nothing to compile - all classes are up to date
[INFO] 
[INFO] --- maven-resources-plugin:2.6:testResources (default-testResources) @ formats-bsd ---
[INFO] Using 'UTF-8' encoding to copy filtered resources.
[INFO] Copying 11 resources
[INFO] 
[INFO] --- maven-compiler-plugin:3.1:testCompile (default-testCompile) @ formats-bsd ---
[INFO] Nothing to compile - all classes are up to date
[INFO] 
[INFO] --- maven-surefire-plugin:2.16:test (default-test) @ formats-bsd ---
[INFO] Surefire report directory: /home/travis/build/openmicroscopy/bioformats/components/formats-bsd/target/surefire-reports

-------------------------------------------------------
 T E S T S
-------------------------------------------------------
Running TestSuite
2017-02-26 15:54:39,248 [main] ERROR loci.formats.ClassList - "loci.formats.out.WlzWriter" is not valid.
2017-02-26 15:54:39,255 [main] ERROR loci.formats.ClassList - "loci.formats.out.CellH5Writer" is not valid.
2017-02-26 15:54:40,400 [main] ERROR loci.formats.ClassList - "loci.formats.in.IPLabReader" is not valid.
2017-02-26 15:54:40,400 [main] ERROR loci.formats.ClassList - "loci.formats.in.IvisionReader" is not valid.
2017-02-26 15:54:40,401 [main] ERROR loci.formats.ClassList - "loci.formats.in.DeltavisionReader" is not valid.
2017-02-26 15:54:40,401 [main] ERROR loci.formats.ClassList - "loci.formats.in.MRCReader" is not valid.
2017-02-26 15:54:40,401 [main] ERROR loci.formats.ClassList - "loci.formats.in.GatanReader" is not valid.
2017-02-26 15:54:40,402 [main] ERROR loci.formats.ClassList - "loci.formats.in.GatanDM2Reader" is not valid.
2017-02-26 15:54:40,402 [main] ERROR loci.formats.ClassList - "loci.formats.in.ImarisReader" is not valid.
2017-02-26 15:54:40,403 [main] ERROR loci.formats.ClassList - "loci.formats.in.OpenlabRawReader" is not valid.
2017-02-26 15:54:40,405 [main] ERROR loci.formats.ClassList - "loci.formats.in.LIFReader" is not valid.
2017-02-26 15:54:40,410 [main] ERROR loci.formats.ClassList - "loci.formats.in.SDTReader" is not valid.
2017-02-26 15:54:40,411 [main] ERROR loci.formats.ClassList - "loci.formats.in.SPCReader" is not valid.
2017-02-26 15:54:40,412 [main] ERROR loci.formats.ClassList - "loci.formats.in.SlidebookReader" is not valid.
2017-02-26 15:54:40,413 [main] ERROR loci.formats.ClassList - "loci.formats.in.AliconaReader" is not valid.
2017-02-26 15:54:40,414 [main] ERROR loci.formats.ClassList - "loci.formats.in.KhorosReader" is not valid.
2017-02-26 15:54:40,415 [main] ERROR loci.formats.ClassList - "loci.formats.in.VisitechReader" is not valid.
2017-02-26 15:54:40,416 [main] ERROR loci.formats.ClassList - "loci.formats.in.LIMReader" is not valid.
2017-02-26 15:54:40,416 [main] ERROR loci.formats.ClassList - "loci.formats.in.PSDReader" is not valid.
2017-02-26 15:54:40,416 [main] ERROR loci.formats.ClassList - "loci.formats.in.InCellReader" is not valid.
2017-02-26 15:54:40,416 [main] ERROR loci.formats.ClassList - "loci.formats.in.L2DReader" is not valid.
2017-02-26 15:54:40,417 [main] ERROR loci.formats.ClassList - "loci.formats.in.FEIReader" is not valid.
2017-02-26 15:54:40,417 [main] ERROR loci.formats.ClassList - "loci.formats.in.NAFReader" is not valid.
2017-02-26 15:54:40,417 [main] ERROR loci.formats.ClassList - "loci.formats.in.MINCReader" is not valid.
2017-02-26 15:54:40,418 [main] ERROR loci.formats.ClassList - "loci.formats.in.MRWReader" is not valid.
2017-02-26 15:54:40,421 [main] ERROR loci.formats.ClassList - "loci.formats.in.TillVisionReader" is not valid.
2017-02-26 15:54:40,421 [main] ERROR loci.formats.ClassList - "loci.formats.in.ARFReader" is not valid.
2017-02-26 15:54:40,421 [main] ERROR loci.formats.ClassList - "loci.formats.in.CellomicsReader" is not valid.
2017-02-26 15:54:40,422 [main] ERROR loci.formats.ClassList - "loci.formats.in.LiFlimReader" is not valid.
2017-02-26 15:54:40,422 [main] ERROR loci.formats.ClassList - "loci.formats.in.TargaReader" is not valid.
2017-02-26 15:54:40,423 [main] ERROR loci.formats.ClassList - "loci.formats.in.OxfordInstrumentsReader" is not valid.
2017-02-26 15:54:40,423 [main] ERROR loci.formats.ClassList - "loci.formats.in.VGSAMReader" is not valid.
2017-02-26 15:54:40,423 [main] ERROR loci.formats.ClassList - "loci.formats.in.HISReader" is not valid.
2017-02-26 15:54:40,424 [main] ERROR loci.formats.ClassList - "loci.formats.in.WATOPReader" is not valid.
2017-02-26 15:54:40,424 [main] ERROR loci.formats.ClassList - "loci.formats.in.SeikoReader" is not valid.
2017-02-26 15:54:40,424 [main] ERROR loci.formats.ClassList - "loci.formats.in.TopometrixReader" is not valid.
2017-02-26 15:54:40,424 [main] ERROR loci.formats.ClassList - "loci.formats.in.UBMReader" is not valid.
2017-02-26 15:54:40,425 [main] ERROR loci.formats.ClassList - "loci.formats.in.QuesantReader" is not valid.
2017-02-26 15:54:40,425 [main] ERROR loci.formats.ClassList - "loci.formats.in.BioRadGelReader" is not valid.
2017-02-26 15:54:40,425 [main] ERROR loci.formats.ClassList - "loci.formats.in.RHKReader" is not valid.
2017-02-26 15:54:40,426 [main] ERROR loci.formats.ClassList - "loci.formats.in.MolecularImagingReader" is not valid.
2017-02-26 15:54:40,426 [main] ERROR loci.formats.ClassList - "loci.formats.in.CellWorxReader" is not valid.
2017-02-26 15:54:40,426 [main] ERROR loci.formats.ClassList - "loci.formats.in.Ecat7Reader" is not valid.
2017-02-26 15:54:40,427 [main] ERROR loci.formats.ClassList - "loci.formats.in.VarianFDFReader" is not valid.
2017-02-26 15:54:40,427 [main] ERROR loci.formats.ClassList - "loci.formats.in.AIMReader" is not valid.
2017-02-26 15:54:40,427 [main] ERROR loci.formats.ClassList - "loci.formats.in.InCell3000Reader" is not valid.
2017-02-26 15:54:40,428 [main] ERROR loci.formats.ClassList - "loci.formats.in.SpiderReader" is not valid.
2017-02-26 15:54:40,428 [main] ERROR loci.formats.ClassList - "loci.formats.in.VolocityReader" is not valid.
2017-02-26 15:54:40,429 [main] ERROR loci.formats.ClassList - "loci.formats.in.ImagicReader" is not valid.
2017-02-26 15:54:40,429 [main] ERROR loci.formats.ClassList - "loci.formats.in.HamamatsuVMSReader" is not valid.
2017-02-26 15:54:40,429 [main] ERROR loci.formats.ClassList - "loci.formats.in.CellSensReader" is not valid.
2017-02-26 15:54:40,430 [main] ERROR loci.formats.ClassList - "loci.formats.in.INRReader" is not valid.
2017-02-26 15:54:40,430 [main] ERROR loci.formats.ClassList - "loci.formats.in.KodakReader" is not valid.
2017-02-26 15:54:40,430 [main] ERROR loci.formats.ClassList - "loci.formats.in.VolocityClippingReader" is not valid.
2017-02-26 15:54:40,430 [main] ERROR loci.formats.ClassList - "loci.formats.in.ZeissCZIReader" is not valid.
2017-02-26 15:54:40,431 [main] ERROR loci.formats.ClassList - "loci.formats.in.SIFReader" is not valid.
2017-02-26 15:54:40,431 [main] ERROR loci.formats.ClassList - "loci.formats.in.NDPISReader" is not valid.
2017-02-26 15:54:40,431 [main] ERROR loci.formats.ClassList - "loci.formats.in.PovrayReader" is not valid.
2017-02-26 15:54:40,432 [main] ERROR loci.formats.ClassList - "loci.formats.in.IMODReader" is not valid.
2017-02-26 15:54:40,491 [main] ERROR loci.formats.ClassList - "loci.formats.in.AFIReader" is not valid.
2017-02-26 15:54:40,491 [main] ERROR loci.formats.ClassList - "loci.formats.in.ImspectorReader" is not valid.
2017-02-26 15:54:40,492 [main] ERROR loci.formats.ClassList - "loci.formats.in.BioRadSCNReader" is not valid.
2017-02-26 15:54:40,492 [main] ERROR loci.formats.ClassList - "loci.formats.in.ZeissLMSReader" is not valid.
2017-02-26 15:54:40,492 [main] ERROR loci.formats.ClassList - "loci.formats.in.PQBinReader" is not valid.
2017-02-26 15:54:40,495 [main] ERROR loci.formats.ClassList - "loci.formats.in.I2IReader" is not valid.
2017-02-26 15:54:40,496 [main] ERROR loci.formats.ClassList - "loci.formats.in.SPEReader" is not valid.
2017-02-26 15:54:40,496 [main] ERROR loci.formats.ClassList - "loci.formats.in.JEOLReader" is not valid.
2017-02-26 15:54:40,496 [main] ERROR loci.formats.ClassList - "loci.formats.in.NiftiReader" is not valid.
2017-02-26 15:54:40,497 [main] ERROR loci.formats.ClassList - "loci.formats.in.AnalyzeReader" is not valid.
2017-02-26 15:54:40,497 [main] ERROR loci.formats.ClassList - "loci.formats.in.APLReader" is not valid.
2017-02-26 15:54:40,503 [main] ERROR loci.formats.ClassList - "loci.formats.in.PerkinElmerReader" is not valid.
2017-02-26 15:54:40,503 [main] ERROR loci.formats.ClassList - "loci.formats.in.AmiraReader" is not valid.
2017-02-26 15:54:40,504 [main] ERROR loci.formats.ClassList - "loci.formats.in.ScanrReader" is not valid.
2017-02-26 15:54:40,504 [main] ERROR loci.formats.ClassList - "loci.formats.in.BDReader" is not valid.
2017-02-26 15:54:40,504 [main] ERROR loci.formats.ClassList - "loci.formats.in.UnisokuReader" is not valid.
2017-02-26 15:54:40,505 [main] ERROR loci.formats.ClassList - "loci.formats.in.PDSReader" is not valid.
2017-02-26 15:54:40,505 [main] ERROR loci.formats.ClassList - "loci.formats.in.FujiReader" is not valid.
2017-02-26 15:54:40,505 [main] ERROR loci.formats.ClassList - "loci.formats.in.OperettaReader" is not valid.
2017-02-26 15:54:40,506 [main] ERROR loci.formats.ClassList - "loci.formats.in.InveonReader" is not valid.
2017-02-26 15:54:40,506 [main] ERROR loci.formats.ClassList - "loci.formats.in.CellVoyagerReader" is not valid.
2017-02-26 15:54:40,506 [main] ERROR loci.formats.ClassList - "loci.formats.in.BioRadReader" is not valid.
2017-02-26 15:54:40,507 [main] ERROR loci.formats.ClassList - "loci.formats.in.FV1000Reader" is not valid.
2017-02-26 15:54:40,507 [main] ERROR loci.formats.ClassList - "loci.formats.in.ZeissZVIReader" is not valid.
2017-02-26 15:54:40,508 [main] ERROR loci.formats.ClassList - "loci.formats.in.IPWReader" is not valid.
2017-02-26 15:54:40,509 [main] ERROR loci.formats.ClassList - "loci.formats.in.JPXReader" is not valid.
2017-02-26 15:54:40,510 [main] ERROR loci.formats.ClassList - "loci.formats.in.ND2Reader" is not valid.
2017-02-26 15:54:40,510 [main] ERROR loci.formats.ClassList - "loci.formats.in.PCIReader" is not valid.
2017-02-26 15:54:40,510 [main] ERROR loci.formats.ClassList - "loci.formats.in.ImarisHDFReader" is not valid.
2017-02-26 15:54:40,511 [main] ERROR loci.formats.ClassList - "loci.formats.in.CellH5Reader" is not valid.
2017-02-26 15:54:40,511 [main] ERROR loci.formats.ClassList - "loci.formats.in.WlzReader" is not valid.
2017-02-26 15:54:40,511 [main] ERROR loci.formats.ClassList - "loci.formats.in.VeecoReader" is not valid.
2017-02-26 15:54:40,512 [main] ERROR loci.formats.ClassList - "loci.formats.in.ZeissLSMReader" is not valid.
2017-02-26 15:54:40,512 [main] ERROR loci.formats.ClassList - "loci.formats.in.SEQReader" is not valid.
2017-02-26 15:54:40,512 [main] ERROR loci.formats.ClassList - "loci.formats.in.GelReader" is not valid.
2017-02-26 15:54:40,513 [main] ERROR loci.formats.ClassList - "loci.formats.in.ImarisTiffReader" is not valid.
2017-02-26 15:54:40,513 [main] ERROR loci.formats.ClassList - "loci.formats.in.FlexReader" is not valid.
2017-02-26 15:54:40,513 [main] ERROR loci.formats.ClassList - "loci.formats.in.SVSReader" is not valid.
2017-02-26 15:54:40,514 [main] ERROR loci.formats.ClassList - "loci.formats.in.ImaconReader" is not valid.
2017-02-26 15:54:40,514 [main] ERROR loci.formats.ClassList - "loci.formats.in.LEOReader" is not valid.
2017-02-26 15:54:40,514 [main] ERROR loci.formats.ClassList - "loci.formats.in.JPKReader" is not valid.
2017-02-26 15:54:40,515 [main] ERROR loci.formats.ClassList - "loci.formats.in.NDPIReader" is not valid.
2017-02-26 15:54:40,515 [main] ERROR loci.formats.ClassList - "loci.formats.in.PCORAWReader" is not valid.
2017-02-26 15:54:40,519 [main] ERROR loci.formats.ClassList - "loci.formats.in.PyramidTiffReader" is not valid.
2017-02-26 15:54:40,520 [main] ERROR loci.formats.ClassList - "loci.formats.in.MIASReader" is not valid.
2017-02-26 15:54:40,520 [main] ERROR loci.formats.ClassList - "loci.formats.in.TCSReader" is not valid.
2017-02-26 15:54:40,520 [main] ERROR loci.formats.ClassList - "loci.formats.in.LeicaReader" is not valid.
2017-02-26 15:54:40,520 [main] ERROR loci.formats.ClassList - "loci.formats.in.NikonReader" is not valid.
2017-02-26 15:54:40,521 [main] ERROR loci.formats.ClassList - "loci.formats.in.FluoviewReader" is not valid.
2017-02-26 15:54:40,521 [main] ERROR loci.formats.ClassList - "loci.formats.in.PrairieReader" is not valid.
2017-02-26 15:54:40,521 [main] ERROR loci.formats.ClassList - "loci.formats.in.MetamorphReader" is not valid.
2017-02-26 15:54:40,523 [main] ERROR loci.formats.ClassList - "loci.formats.in.ImprovisionTiffReader" is not valid.
2017-02-26 15:54:40,523 [main] ERROR loci.formats.ClassList - "loci.formats.in.MetamorphTiffReader" is not valid.
2017-02-26 15:54:40,524 [main] ERROR loci.formats.ClassList - "loci.formats.in.NikonTiffReader" is not valid.
2017-02-26 15:54:40,524 [main] ERROR loci.formats.ClassList - "loci.formats.in.PhotoshopTiffReader" is not valid.
2017-02-26 15:54:40,524 [main] ERROR loci.formats.ClassList - "loci.formats.in.FEITiffReader" is not valid.
2017-02-26 15:54:40,524 [main] ERROR loci.formats.ClassList - "loci.formats.in.SimplePCITiffReader" is not valid.
2017-02-26 15:54:40,525 [main] ERROR loci.formats.ClassList - "loci.formats.in.NikonElementsTiffReader" is not valid.
2017-02-26 15:54:40,525 [main] ERROR loci.formats.ClassList - "loci.formats.in.TrestleReader" is not valid.
2017-02-26 15:54:40,525 [main] ERROR loci.formats.ClassList - "loci.formats.in.SISReader" is not valid.
2017-02-26 15:54:40,525 [main] ERROR loci.formats.ClassList - "loci.formats.in.DNGReader" is not valid.
2017-02-26 15:54:40,526 [main] ERROR loci.formats.ClassList - "loci.formats.in.ZeissTIFFReader" is not valid.
2017-02-26 15:54:40,526 [main] ERROR loci.formats.ClassList - "loci.formats.in.LeicaSCNReader" is not valid.
2017-02-26 15:54:40,526 [main] ERROR loci.formats.ClassList - "loci.formats.in.SlidebookTiffReader" is not valid.
2017-02-26 15:54:40,527 [main] ERROR loci.formats.ClassList - "loci.formats.in.BurleighReader" is not valid.
2017-02-26 15:54:40,527 [main] ERROR loci.formats.ClassList - "loci.formats.in.OpenlabReader" is not valid.
2017-02-26 15:54:40,542 [main] ERROR loci.formats.ClassList - "loci.formats.in.SMCameraReader" is not valid.
2017-02-26 15:54:40,542 [main] ERROR loci.formats.ClassList - "loci.formats.in.SBIGReader" is not valid.
2017-02-26 15:54:40,542 [main] ERROR loci.formats.ClassList - "loci.formats.in.HRDGDFReader" is not valid.
2017-02-26 15:54:40,543 [main] ERROR loci.formats.ClassList - "loci.formats.in.HitachiReader" is not valid.
2017-02-26 15:54:40,544 [main] ERROR loci.formats.ClassList - "loci.formats.in.BrukerReader" is not valid.
2017-02-26 15:54:40,544 [main] ERROR loci.formats.ClassList - "loci.formats.in.CanonRawReader" is not valid.
2017-02-26 15:54:40,592 [main] WARN  loci.formats.FormatHandler - Image ID 'Image:1': missing plane #1.  Using TiffReader to determine the number of planes.
2017-02-26 15:56:22,329 [main] WARN  loci.formats.Memoizer - skipping memo: directory not writeable - /tmp/loci.formats.utests.MemoizerTest.3310263410295641029
2017-02-26 15:56:22,400 [main] WARN  loci.formats.Memoizer - skipping memo: directory not writeable - /tmp/loci.formats.utests.MemoizerTest.5754832462263826456
2017-02-26 15:56:22,431 [main] WARN  loci.formats.Memoizer - skipping memo: directory not writeable - /tmp/loci.formats.utests.MemoizerTest.2937422548041754317
2017-02-26 15:56:22,432 [main] WARN  loci.formats.Memoizer - skipping memo: directory not writeable - /tmp/loci.formats.utests.MemoizerTest.7815012070289697368
2017-02-26 15:56:22,433 [main] WARN  loci.formats.Memoizer - skipping memo: directory not writeable - /tmp/loci.formats.utests.MemoizerTest.986644757614208217
2017-02-26 15:56:28,024 [main] WARN  ome.xml.model.enums.handlers.ExperimentTypeEnumHandler - Unknown ExperimentType value 'null' will be stored as "Other"
2017-02-26 15:56:28,055 [main] WARN  ome.xml.model.enums.handlers.ExperimentTypeEnumHandler - Unknown ExperimentType value 'null' will be stored as "Other"
2017-02-26 15:56:28,087 [main] WARN  ome.xml.model.enums.handlers.ExperimentTypeEnumHandler - Unknown ExperimentType value 'null' will be stored as "Other"
2017-02-26 15:56:28,119 [main] WARN  ome.xml.model.enums.handlers.ExperimentTypeEnumHandler - Unknown ExperimentType value 'null' will be stored as "Other"
2017-02-26 15:56:28,127 [main] WARN  ome.xml.model.enums.handlers.ExperimentTypeEnumHandler - Unknown ExperimentType value 'null' will be stored as "Other"
2017-02-26 15:56:28,135 [main] WARN  ome.xml.model.enums.handlers.ExperimentTypeEnumHandler - Unknown ExperimentType value 'null' will be stored as "Other"
2017-02-26 15:56:28,153 [main] WARN  ome.xml.model.enums.handlers.ExperimentTypeEnumHandler - Unknown ExperimentType value 'null' will be stored as "Other"
2017-02-26 15:56:28,171 [main] WARN  ome.xml.model.enums.handlers.ExperimentTypeEnumHandler - Unknown ExperimentType value 'null' will be stored as "Other"
2017-02-26 15:56:28,183 [main] WARN  ome.xml.model.enums.handlers.ExperimentTypeEnumHandler - Unknown ExperimentType value 'null' will be stored as "Other"
2017-02-26 15:56:28,195 [main] WARN  ome.xml.model.enums.handlers.ExperimentTypeEnumHandler - Unknown ExperimentType value 'null' will be stored as "Other"
2017-02-26 15:56:28,246 [main] WARN  ome.xml.model.enums.handlers.ExperimentTypeEnumHandler - Unknown ExperimentType value 'null' will be stored as "Other"
2017-02-26 15:56:28,276 [main] WARN  ome.xml.model.enums.handlers.ExperimentTypeEnumHandler - Unknown ExperimentType value 'null' will be stored as "Other"
2017-02-26 15:56:28,289 [main] WARN  ome.xml.model.enums.handlers.ExperimentTypeEnumHandler - Unknown ExperimentType value 'null' will be stored as "Other"
2017-02-26 15:56:28,303 [main] WARN  ome.xml.model.enums.handlers.ExperimentTypeEnumHandler - Unknown ExperimentType value 'null' will be stored as "Other"
2017-02-26 15:56:28,332 [main] WARN  ome.xml.model.enums.handlers.ExperimentTypeEnumHandler - Unknown ExperimentType value 'null' will be stored as "Other"
2017-02-26 15:56:28,363 [main] WARN  ome.xml.model.enums.handlers.ExperimentTypeEnumHandler - Unknown ExperimentType value 'null' will be stored as "Other"
2017-02-26 15:56:28,383 [main] WARN  ome.xml.model.enums.handlers.ExperimentTypeEnumHandler - Unknown ExperimentType value 'null' will be stored as "Other"
2017-02-26 15:56:28,462 [main] WARN  ome.xml.model.enums.handlers.ExperimentTypeEnumHandler - Unknown ExperimentType value 'null' will be stored as "Other"
2017-02-26 15:56:28,562 [main] WARN  ome.xml.model.enums.handlers.ExperimentTypeEnumHandler - Unknown ExperimentType value 'null' will be stored as "Other"
2017-02-26 15:56:28,641 [main] WARN  ome.xml.model.enums.handlers.ExperimentTypeEnumHandler - Unknown ExperimentType value 'null' will be stored as "Other"
2017-02-26 15:56:28,662 [main] WARN  ome.xml.model.enums.handlers.ExperimentTypeEnumHandler - Unknown ExperimentType value 'null' will be stored as "Other"
2017-02-26 15:56:28,682 [main] WARN  ome.xml.model.enums.handlers.ExperimentTypeEnumHandler - Unknown ExperimentType value 'null' will be stored as "Other"
2017-02-26 15:56:28,737 [main] WARN  ome.xml.model.enums.handlers.ExperimentTypeEnumHandler - Unknown ExperimentType value 'null' will be stored as "Other"
2017-02-26 15:56:28,813 [main] WARN  ome.xml.model.enums.handlers.ExperimentTypeEnumHandler - Unknown ExperimentType value 'null' will be stored as "Other"
2017-02-26 15:56:28,835 [main] WARN  ome.xml.model.enums.handlers.ExperimentTypeEnumHandler - Unknown ExperimentType value 'null' will be stored as "Other"
2017-02-26 15:56:28,857 [main] WARN  ome.xml.model.enums.handlers.ExperimentTypeEnumHandler - Unknown ExperimentType value 'null' will be stored as "Other"
2017-02-26 15:56:28,911 [main] WARN  ome.xml.model.enums.handlers.ExperimentTypeEnumHandler - Unknown ExperimentType value 'null' will be stored as "Other"
2017-02-26 15:56:28,965 [main] WARN  ome.xml.model.enums.handlers.ExperimentTypeEnumHandler - Unknown ExperimentType value 'null' will be stored as "Other"
Tests run: 1281, Failures: 0, Errors: 0, Skipped: 0, Time elapsed: 129.874 sec - in TestSuite

Results :

Tests run: 1281, Failures: 0, Errors: 0, Skipped: 0

[INFO] 
[INFO] --- maven-jar-plugin:2.4:jar (default-jar) @ formats-bsd ---
[INFO] 
[INFO] >>> maven-source-plugin:2.2.1:jar (default) > generate-sources @ formats-bsd >>>
[INFO] 
[INFO] --- buildnumber-maven-plugin:1.2:create (default) @ formats-bsd ---
[INFO] 
[INFO] <<< maven-source-plugin:2.2.1:jar (default) < generate-sources @ formats-bsd <<<
[INFO] 
[INFO] --- maven-source-plugin:2.2.1:jar (default) @ formats-bsd ---
[INFO] Building jar: /home/travis/build/openmicroscopy/bioformats/components/formats-bsd/target/formats-bsd-5.3.5-SNAPSHOT-sources.jar
[INFO] 
[INFO] --- maven-jar-plugin:2.4:test-jar (default) @ formats-bsd ---
[INFO] 
[INFO] --- maven-install-plugin:2.5.1:install (default-install) @ formats-bsd ---
[INFO] Installing /home/travis/build/openmicroscopy/bioformats/components/formats-bsd/target/formats-bsd-5.3.5-SNAPSHOT.jar to /home/travis/.m2/repository/ome/formats-bsd/5.3.5-SNAPSHOT/formats-bsd-5.3.5-SNAPSHOT.jar
[INFO] Installing /home/travis/build/openmicroscopy/bioformats/components/formats-bsd/pom.xml to /home/travis/.m2/repository/ome/formats-bsd/5.3.5-SNAPSHOT/formats-bsd-5.3.5-SNAPSHOT.pom
[INFO] Installing /home/travis/build/openmicroscopy/bioformats/components/formats-bsd/target/formats-bsd-5.3.5-SNAPSHOT-sources.jar to /home/travis/.m2/repository/ome/formats-bsd/5.3.5-SNAPSHOT/formats-bsd-5.3.5-SNAPSHOT-sources.jar
[INFO] Installing /home/travis/build/openmicroscopy/bioformats/components/formats-bsd/target/formats-bsd-5.3.5-SNAPSHOT-tests.jar to /home/travis/.m2/repository/ome/formats-bsd/5.3.5-SNAPSHOT/formats-bsd-5.3.5-SNAPSHOT-tests.jar
[INFO]                                                                         
[INFO] ------------------------------------------------------------------------
[INFO] Building Bio-Formats library 5.3.5-SNAPSHOT
[INFO] ------------------------------------------------------------------------
[INFO] 
[INFO] --- buildnumber-maven-plugin:1.2:create (default) @ formats-gpl ---
[INFO] 
[INFO] --- maven-resources-plugin:2.6:resources (default-resources) @ formats-gpl ---
[INFO] Using 'UTF-8' encoding to copy filtered resources.
[INFO] Copying 3 resources
[INFO] skip non existing resourceDirectory /home/travis/build/openmicroscopy/bioformats/components/formats-gpl/lib
[INFO] Copying 1 resource
[INFO] Copying 1 resource
[INFO] 
[INFO] --- maven-compiler-plugin:3.1:compile (default-compile) @ formats-gpl ---
[INFO] Nothing to compile - all classes are up to date
[INFO] 
[INFO] --- maven-resources-plugin:2.6:testResources (default-testResources) @ formats-gpl ---
[INFO] Using 'UTF-8' encoding to copy filtered resources.
[INFO] Copying 26 resources
[INFO] 
[INFO] --- maven-compiler-plugin:3.1:testCompile (default-testCompile) @ formats-gpl ---
[INFO] Nothing to compile - all classes are up to date
[INFO] 
[INFO] --- maven-surefire-plugin:2.16:test (default-test) @ formats-gpl ---
[INFO] Surefire report directory: /home/travis/build/openmicroscopy/bioformats/components/formats-gpl/target/surefire-reports

-------------------------------------------------------
 T E S T S
-------------------------------------------------------
Running TestSuite
2017-02-26 15:56:59,515 [main] WARN  ome.xml.model.OMEModelImpl - ome.xml.model.Laser@38604b81 reference to urn:lsid:foo.bar.com:LightSource:123789 missing from object hierarchy.
2017-02-26 15:56:59,522 [main] WARN  ome.xml.model.OMEModelImpl - ome.xml.model.FilterSet@3f57bcad reference to urn:lsid:foo.bar.com:Dichroic:123456 missing from object hierarchy.
2017-02-26 15:56:59,667 [main] WARN  ome.xml.model.OMEModelImpl - ome.xml.model.FilterSet@1046d517 reference to urn:lsid:foo.bar.com:Dichroic:123456 missing from object hierarchy.
2017-02-26 15:56:59,668 [main] WARN  ome.xml.model.OMEModelImpl - ome.xml.model.Laser@ca30bc1 reference to urn:lsid:foo.bar.com:LightSource:123789 missing from object hierarchy.
2017-02-26 15:56:59,777 [main] WARN  ome.xml.model.OMEModelImpl - ome.xml.model.Laser@764faa6 reference to urn:lsid:foo.bar.com:LightSource:123789 missing from object hierarchy.
2017-02-26 15:56:59,778 [main] WARN  ome.xml.model.OMEModelImpl - ome.xml.model.FilterSet@4c1f22f3 reference to urn:lsid:foo.bar.com:Dichroic:123456 missing from object hierarchy.
2017-02-26 15:57:00,184 [main] WARN  ome.xml.model.OMEModelImpl - ome.xml.model.FilterSet@32193bea reference to urn:lsid:foo.bar.com:Dichroic:123456 missing from object hierarchy.
2017-02-26 15:57:00,187 [main] WARN  ome.xml.model.OMEModelImpl - ome.xml.model.Laser@68be8808 reference to urn:lsid:foo.bar.com:LightSource:123789 missing from object hierarchy.
2017-02-26 15:57:00,367 [main] WARN  ome.xml.model.OMEModelImpl - ome.xml.model.Laser@767e20cf reference to urn:lsid:foo.bar.com:LightSource:123789 missing from object hierarchy.
2017-02-26 15:57:00,368 [main] WARN  ome.xml.model.OMEModelImpl - ome.xml.model.FilterSet@3a3e78f reference to urn:lsid:foo.bar.com:Dichroic:123456 missing from object hierarchy.
2017-02-26 15:57:00,451 [main] WARN  ome.xml.model.OMEModelImpl - ome.xml.model.FilterSet@57ea113a reference to urn:lsid:foo.bar.com:Dichroic:123456 missing from object hierarchy.
2017-02-26 15:57:00,451 [main] WARN  ome.xml.model.OMEModelImpl - ome.xml.model.Laser@4af0df05 reference to urn:lsid:foo.bar.com:LightSource:123789 missing from object hierarchy.
2017-02-26 15:57:00,548 [main] WARN  ome.xml.model.OMEModelImpl - ome.xml.model.FilterSet@37052337 reference to urn:lsid:foo.bar.com:Dichroic:123456 missing from object hierarchy.
2017-02-26 15:57:00,548 [main] WARN  ome.xml.model.OMEModelImpl - ome.xml.model.Laser@424ebba3 reference to urn:lsid:foo.bar.com:LightSource:123789 missing from object hierarchy.
Tests run: 105, Failures: 0, Errors: 0, Skipped: 0, Time elapsed: 3.703 sec - in TestSuite

Results :

Tests run: 105, Failures: 0, Errors: 0, Skipped: 0

[INFO] 
[INFO] --- maven-surefire-plugin:2.16:test (missing-mdb-test) @ formats-gpl ---
[INFO] Surefire report directory: /home/travis/build/openmicroscopy/bioformats/components/formats-gpl/target/surefire-reports

-------------------------------------------------------
 T E S T S
-------------------------------------------------------
Running TestSuite
Tests run: 1, Failures: 0, Errors: 0, Skipped: 0, Time elapsed: 0.589 sec - in TestSuite

Results :

Tests run: 1, Failures: 0, Errors: 0, Skipped: 0

[INFO] 
[INFO] --- maven-surefire-plugin:2.16:test (missing-poi-test) @ formats-gpl ---
[INFO] Surefire report directory: /home/travis/build/openmicroscopy/bioformats/components/formats-gpl/target/surefire-reports

-------------------------------------------------------
 T E S T S
-------------------------------------------------------
Running TestSuite
Tests run: 1, Failures: 0, Errors: 0, Skipped: 0, Time elapsed: 0.534 sec - in TestSuite

Results :

Tests run: 1, Failures: 0, Errors: 0, Skipped: 0

[INFO] 
[INFO] --- maven-surefire-plugin:2.16:test (missing-netcdf-test) @ formats-gpl ---
[INFO] Surefire report directory: /home/travis/build/openmicroscopy/bioformats/components/formats-gpl/target/surefire-reports

-------------------------------------------------------
 T E S T S
-------------------------------------------------------
Running TestSuite
Tests run: 1, Failures: 0, Errors: 0, Skipped: 0, Time elapsed: 0.564 sec - in TestSuite

Results :

Tests run: 1, Failures: 0, Errors: 0, Skipped: 0

[INFO] 
[INFO] --- maven-jar-plugin:2.4:jar (default-jar) @ formats-gpl ---
[INFO] 
[INFO] >>> maven-source-plugin:2.2.1:jar (default) > generate-sources @ formats-gpl >>>
[INFO] 
[INFO] --- buildnumber-maven-plugin:1.2:create (default) @ formats-gpl ---
[INFO] 
[INFO] <<< maven-source-plugin:2.2.1:jar (default) < generate-sources @ formats-gpl <<<
[INFO] 
[INFO] --- maven-source-plugin:2.2.1:jar (default) @ formats-gpl ---
[INFO] 
[INFO] --- maven-jar-plugin:2.4:test-jar (default) @ formats-gpl ---
[INFO] 
[INFO] --- maven-install-plugin:2.5.1:install (default-install) @ formats-gpl ---
[INFO] Installing /home/travis/build/openmicroscopy/bioformats/components/formats-gpl/target/formats-gpl-5.3.5-SNAPSHOT.jar to /home/travis/.m2/repository/ome/formats-gpl/5.3.5-SNAPSHOT/formats-gpl-5.3.5-SNAPSHOT.jar
[INFO] Installing /home/travis/build/openmicroscopy/bioformats/components/formats-gpl/pom.xml to /home/travis/.m2/repository/ome/formats-gpl/5.3.5-SNAPSHOT/formats-gpl-5.3.5-SNAPSHOT.pom
[INFO] Installing /home/travis/build/openmicroscopy/bioformats/components/formats-gpl/target/formats-gpl-5.3.5-SNAPSHOT-sources.jar to /home/travis/.m2/repository/ome/formats-gpl/5.3.5-SNAPSHOT/formats-gpl-5.3.5-SNAPSHOT-sources.jar
[INFO] Installing /home/travis/build/openmicroscopy/bioformats/components/formats-gpl/target/formats-gpl-5.3.5-SNAPSHOT-tests.jar to /home/travis/.m2/repository/ome/formats-gpl/5.3.5-SNAPSHOT/formats-gpl-5.3.5-SNAPSHOT-tests.jar
[INFO]                                                                         
[INFO] ------------------------------------------------------------------------
[INFO] Building Bio-Formats code generator 5.3.5-SNAPSHOT
[INFO] ------------------------------------------------------------------------
[INFO] 
[INFO] --- buildnumber-maven-plugin:1.2:create (default) @ bf-autogen ---
[INFO] 
[INFO] --- maven-resources-plugin:2.6:resources (default-resources) @ bf-autogen ---
[INFO] Using 'UTF-8' encoding to copy filtered resources.
[INFO] Copying 11 resources
[INFO] skip non existing resourceDirectory /home/travis/build/openmicroscopy/bioformats/components/autogen/lib
[INFO] Copying 0 resource
[INFO] Copying 0 resource
[INFO] 
[INFO] --- maven-compiler-plugin:3.1:compile (default-compile) @ bf-autogen ---
[INFO] Nothing to compile - all classes are up to date
[INFO] 
[INFO] --- maven-resources-plugin:2.6:testResources (default-testResources) @ bf-autogen ---
[INFO] Using 'UTF-8' encoding to copy filtered resources.
[INFO] skip non existing resourceDirectory /home/travis/build/openmicroscopy/bioformats/components/autogen/test
[INFO] 
[INFO] --- maven-compiler-plugin:3.1:testCompile (default-testCompile) @ bf-autogen ---
[INFO] No sources to compile
[INFO] 
[INFO] --- maven-surefire-plugin:2.16:test (default-test) @ bf-autogen ---
[INFO] No tests to run.
[INFO] 
[INFO] --- maven-jar-plugin:2.4:jar (default-jar) @ bf-autogen ---
[INFO] 
[INFO] >>> maven-source-plugin:2.2.1:jar (default) > generate-sources @ bf-autogen >>>
[INFO] 
[INFO] --- buildnumber-maven-plugin:1.2:create (default) @ bf-autogen ---
[INFO] 
[INFO] <<< maven-source-plugin:2.2.1:jar (default) < generate-sources @ bf-autogen <<<
[INFO] 
[INFO] --- maven-source-plugin:2.2.1:jar (default) @ bf-autogen ---
[INFO] Building jar: /home/travis/build/openmicroscopy/bioformats/components/autogen/target/bf-autogen-5.3.5-SNAPSHOT-sources.jar
[INFO] 
[INFO] --- maven-jar-plugin:2.4:test-jar (default) @ bf-autogen ---
[INFO] Skipping packaging of the test-jar
[INFO] 
[INFO] --- maven-install-plugin:2.5.1:install (default-install) @ bf-autogen ---
[INFO] Installing /home/travis/build/openmicroscopy/bioformats/components/autogen/target/bf-autogen-5.3.5-SNAPSHOT.jar to /home/travis/.m2/repository/ome/bf-autogen/5.3.5-SNAPSHOT/bf-autogen-5.3.5-SNAPSHOT.jar
[INFO] Installing /home/travis/build/openmicroscopy/bioformats/components/autogen/pom.xml to /home/travis/.m2/repository/ome/bf-autogen/5.3.5-SNAPSHOT/bf-autogen-5.3.5-SNAPSHOT.pom
[INFO] Installing /home/travis/build/openmicroscopy/bioformats/components/autogen/target/bf-autogen-5.3.5-SNAPSHOT-sources.jar to /home/travis/.m2/repository/ome/bf-autogen/5.3.5-SNAPSHOT/bf-autogen-5.3.5-SNAPSHOT-sources.jar
[INFO]                                                                         
[INFO] ------------------------------------------------------------------------
[INFO] Building Bio-Formats Plugins for ImageJ 5.3.5-SNAPSHOT
[INFO] ------------------------------------------------------------------------
[INFO] 
[INFO] --- buildnumber-maven-plugin:1.2:create (default) @ bio-formats_plugins ---
[INFO] 
[INFO] --- maven-resources-plugin:2.6:resources (default-resources) @ bio-formats_plugins ---
[INFO] Using 'UTF-8' encoding to copy filtered resources.
[INFO] Copying 3 resources
[INFO] skip non existing resourceDirectory /home/travis/build/openmicroscopy/bioformats/components/bio-formats-plugins/lib
[INFO] Copying 0 resource
[INFO] Copying 0 resource
[INFO] 
[INFO] --- maven-compiler-plugin:3.1:compile (default-compile) @ bio-formats_plugins ---
[INFO] Nothing to compile - all classes are up to date
[INFO] 
[INFO] --- maven-resources-plugin:2.6:testResources (default-testResources) @ bio-formats_plugins ---
[INFO] Using 'UTF-8' encoding to copy filtered resources.
[INFO] Copying 1 resource
[INFO] 
[INFO] --- maven-compiler-plugin:3.1:testCompile (default-testCompile) @ bio-formats_plugins ---
[INFO] Nothing to compile - all classes are up to date
[INFO] 
[INFO] --- maven-surefire-plugin:2.16:test (default-test) @ bio-formats_plugins ---
[INFO] Surefire report directory: /home/travis/build/openmicroscopy/bioformats/components/bio-formats-plugins/target/surefire-reports

-------------------------------------------------------
 T E S T S
-------------------------------------------------------
Running TestSuite
Warning: Data has too many channels for Colorized color mode
Warning: Data has too many channels for Colorized color mode
Warning: Data has too many channels for Colorized color mode
Warning: Data has too many channels for Colorized color mode
Warning: Data has too many channels for Colorized color mode
Warning: Data has too many channels for Colorized color mode
Warning: Data has too many channels for Colorized color mode
Warning: Data has too many channels for Colorized color mode
Warning: Data has too many channels for Composite color mode
Warning: Data has too many channels for Composite color mode
Warning: Data has too many channels for Composite color mode
Warning: Data has too many channels for Composite color mode
Warning: Data has too many channels for Composite color mode
Warning: Data has too many channels for Composite color mode
Warning: Data has too many channels for Composite color mode
Warning: Data has too many channels for Composite color mode
Warning: Data has too many channels for Composite color mode
Warning: Data has too many channels for Composite color mode
Warning: Data has too many channels for Composite color mode
Warning: Data has too many channels for Composite color mode
Warning: Data has too many channels for Composite color mode
Warning: Data has too many channels for Composite color mode
Warning: Data has too many channels for Composite color mode
Warning: Data has too many channels for Composite color mode
Warning: Data has too many channels for Composite color mode
Warning: Data has too many channels for Composite color mode
Warning: Data has too many channels for Composite color mode
Warning: Data has too many channels for Composite color mode
Warning: Data has too many channels for Composite color mode
Warning: Data has too many channels for Composite color mode
Warning: Data has too many channels for Composite color mode
Warning: Data has too many channels for Composite color mode
Warning: Data has too many channels for Composite color mode
Warning: Data has too many channels for Composite color mode
Warning: Data has too many channels for Composite color mode
Warning: Data has too many channels for Composite color mode
Warning: Data has too many channels for Composite color mode
Warning: Data has too many channels for Composite color mode
Warning: Data has too many channels for Composite color mode
Warning: Data has too many channels for Composite color mode
Warning: Data has too many channels for Composite color mode
Warning: Data has too many channels for Composite color mode
Warning: Data has too many channels for Composite color mode
Warning: Data has too many channels for Composite color mode
Warning: Data has too many channels for Composite color mode
Warning: Data has too many channels for Composite color mode
Warning: Data has too many channels for Composite color mode
Warning: Data has too many channels for Composite color mode
Warning: Data has too many channels for Composite color mode
Warning: Data has too many channels for Composite color mode
Warning: Data has too many channels for Composite color mode
Warning: Data has too many channels for Composite color mode
Warning: Data has too many channels for Composite color mode
Warning: Data has too many channels for Composite color mode
Warning: Data has too many channels for Composite color mode
Warning: Data has too many channels for Composite color mode
Warning: Data has too many channels for Composite color mode
Warning: Data has too many channels for Composite color mode
Warning: Data has too many channels for Composite color mode
Warning: Data has too many channels for Composite color mode
Warning: Data has too many channels for Composite color mode
Warning: Data has too many channels for Composite color mode
Warning: Data has too many channels for Composite color mode
Warning: Data has too many channels for Composite color mode
Warning: Data has too many channels for Composite color mode
Warning: Data has too many channels for Composite color mode
Warning: Data has too many channels for Composite color mode
Warning: Data has too many channels for Composite color mode
Warning: Data has too many channels for Composite color mode
Warning: Data has too many channels for Composite color mode
Warning: Data has too many channels for Composite color mode
Warning: Data has too many channels for Composite color mode
Warning: Data has too many channels for Composite color mode
Warning: Data has too many channels for Composite color mode
Warning: Data has too many channels for Composite color mode
Warning: Data has too many channels for Composite color mode
Warning: Data has too many channels for Custom color mode
Warning: Data has too many channels for Custom color mode
Warning: Data has too many channels for Custom color mode
Warning: Data has too many channels for Custom color mode
Warning: Data has too many channels for Custom color mode
Warning: Data has too many channels for Custom color mode
Warning: Data has too many channels for Custom color mode
Warning: Data has too many channels for Custom color mode
Warning: Data has too many channels for Default color mode
Warning: Data has too many channels for Default color mode
Warning: Data has too many channels for Default color mode
Warning: Data has too many channels for Default color mode
Warning: Data has too many channels for Default color mode
Warning: Data has too many channels for Default color mode
Warning: Data has too many channels for Default color mode
Warning: Data has too many channels for Default color mode
Warning: Data has too many channels for Default color mode
Warning: Data has too many channels for Default color mode
Warning: Data has too many channels for Default color mode
Warning: Data has too many channels for Default color mode
Warning: Data has too many channels for Default color mode
Warning: Data has too many channels for Default color mode
Warning: Data has too many channels for Default color mode
Warning: Data has too many channels for Default color mode
Warning: Data has too many channels for Grayscale color mode
Warning: Data has too many channels for Grayscale color mode
Warning: Data has too many channels for Grayscale color mode
Warning: Data has too many channels for Grayscale color mode
Warning: Data has too many channels for Grayscale color mode
Warning: Data has too many channels for Grayscale color mode
Warning: Data has too many channels for Grayscale color mode
Warning: Data has too many channels for Grayscale color mode
Warning: Data has too many channels for Colorized color mode
Warning: Data has too many channels for Colorized color mode
Warning: Data has too many channels for Colorized color mode
Warning: Data has too many channels for Default color mode
Tests run: 30, Failures: 0, Errors: 0, Skipped: 0, Time elapsed: 8.042 sec - in TestSuite

Results :

Tests run: 30, Failures: 0, Errors: 0, Skipped: 0

[INFO] 
[INFO] --- maven-jar-plugin:2.4:jar (default-jar) @ bio-formats_plugins ---
[INFO] 
[INFO] >>> maven-source-plugin:2.2.1:jar (default) > generate-sources @ bio-formats_plugins >>>
[INFO] 
[INFO] --- buildnumber-maven-plugin:1.2:create (default) @ bio-formats_plugins ---
[INFO] 
[INFO] <<< maven-source-plugin:2.2.1:jar (default) < generate-sources @ bio-formats_plugins <<<
[INFO] 
[INFO] --- maven-source-plugin:2.2.1:jar (default) @ bio-formats_plugins ---
[INFO] Building jar: /home/travis/build/openmicroscopy/bioformats/components/bio-formats-plugins/target/bio-formats_plugins-5.3.5-SNAPSHOT-sources.jar
[INFO] 
[INFO] --- maven-jar-plugin:2.4:test-jar (default) @ bio-formats_plugins ---
[INFO] 
[INFO] --- maven-install-plugin:2.5.1:install (default-install) @ bio-formats_plugins ---
[INFO] Installing /home/travis/build/openmicroscopy/bioformats/components/bio-formats-plugins/target/bio-formats_plugins-5.3.5-SNAPSHOT.jar to /home/travis/.m2/repository/ome/bio-formats_plugins/5.3.5-SNAPSHOT/bio-formats_plugins-5.3.5-SNAPSHOT.jar
[INFO] Installing /home/travis/build/openmicroscopy/bioformats/components/bio-formats-plugins/pom.xml to /home/travis/.m2/repository/ome/bio-formats_plugins/5.3.5-SNAPSHOT/bio-formats_plugins-5.3.5-SNAPSHOT.pom
[INFO] Installing /home/travis/build/openmicroscopy/bioformats/components/bio-formats-plugins/target/bio-formats_plugins-5.3.5-SNAPSHOT-sources.jar to /home/travis/.m2/repository/ome/bio-formats_plugins/5.3.5-SNAPSHOT/bio-formats_plugins-5.3.5-SNAPSHOT-sources.jar
[INFO] Installing /home/travis/build/openmicroscopy/bioformats/components/bio-formats-plugins/target/bio-formats_plugins-5.3.5-SNAPSHOT-tests.jar to /home/travis/.m2/repository/ome/bio-formats_plugins/5.3.5-SNAPSHOT/bio-formats_plugins-5.3.5-SNAPSHOT-tests.jar
[INFO]                                                                         
[INFO] ------------------------------------------------------------------------
[INFO] Building Bio-Formats command line tools 5.3.5-SNAPSHOT
[INFO] ------------------------------------------------------------------------
[INFO] 
[INFO] --- buildnumber-maven-plugin:1.2:create (default) @ bio-formats-tools ---
[INFO] 
[INFO] --- maven-resources-plugin:2.6:resources (default-resources) @ bio-formats-tools ---
[INFO] Using 'UTF-8' encoding to copy filtered resources.
[INFO] Copying 0 resource
[INFO] skip non existing resourceDirectory /home/travis/build/openmicroscopy/bioformats/components/bio-formats-tools/lib
[INFO] Copying 0 resource
[INFO] Copying 0 resource
[INFO] 
[INFO] --- maven-compiler-plugin:3.1:compile (default-compile) @ bio-formats-tools ---
[INFO] Nothing to compile - all classes are up to date
[INFO] 
[INFO] --- maven-resources-plugin:2.6:testResources (default-testResources) @ bio-formats-tools ---
[INFO] Using 'UTF-8' encoding to copy filtered resources.
[INFO] Copying 1 resource
[INFO] 
[INFO] --- maven-compiler-plugin:3.1:testCompile (default-testCompile) @ bio-formats-tools ---
[INFO] Nothing to compile - all classes are up to date
[INFO] 
[INFO] --- maven-surefire-plugin:2.16:test (default-test) @ bio-formats-tools ---
[INFO] Surefire report directory: /home/travis/build/openmicroscopy/bioformats/components/bio-formats-tools/target/surefire-reports

-------------------------------------------------------
 T E S T S
-------------------------------------------------------
Running loci.formats.tools.ImageConverterTest
Configuring TestNG with: TestNG652Configurator
Tests run: 13, Failures: 0, Errors: 0, Skipped: 0, Time elapsed: 8.955 sec - in loci.formats.tools.ImageConverterTest

Results :

Tests run: 13, Failures: 0, Errors: 0, Skipped: 0

[INFO] 
[INFO] --- maven-jar-plugin:2.4:jar (default-jar) @ bio-formats-tools ---
[INFO] 
[INFO] >>> maven-source-plugin:2.2.1:jar (default) > generate-sources @ bio-formats-tools >>>
[INFO] 
[INFO] --- buildnumber-maven-plugin:1.2:create (default) @ bio-formats-tools ---
[INFO] 
[INFO] <<< maven-source-plugin:2.2.1:jar (default) < generate-sources @ bio-formats-tools <<<
[INFO] 
[INFO] --- maven-source-plugin:2.2.1:jar (default) @ bio-formats-tools ---
[INFO] Building jar: /home/travis/build/openmicroscopy/bioformats/components/bio-formats-tools/target/bio-formats-tools-5.3.5-SNAPSHOT-sources.jar
[INFO] 
[INFO] --- maven-jar-plugin:2.4:test-jar (default) @ bio-formats-tools ---
[INFO] 
[INFO] --- maven-install-plugin:2.5.1:install (default-install) @ bio-formats-tools ---
[INFO] Installing /home/travis/build/openmicroscopy/bioformats/components/bio-formats-tools/target/bio-formats-tools-5.3.5-SNAPSHOT.jar to /home/travis/.m2/repository/ome/bio-formats-tools/5.3.5-SNAPSHOT/bio-formats-tools-5.3.5-SNAPSHOT.jar
[INFO] Installing /home/travis/build/openmicroscopy/bioformats/components/bio-formats-tools/pom.xml to /home/travis/.m2/repository/ome/bio-formats-tools/5.3.5-SNAPSHOT/bio-formats-tools-5.3.5-SNAPSHOT.pom
[INFO] Installing /home/travis/build/openmicroscopy/bioformats/components/bio-formats-tools/target/bio-formats-tools-5.3.5-SNAPSHOT-sources.jar to /home/travis/.m2/repository/ome/bio-formats-tools/5.3.5-SNAPSHOT/bio-formats-tools-5.3.5-SNAPSHOT-sources.jar
[INFO] Installing /home/travis/build/openmicroscopy/bioformats/components/bio-formats-tools/target/bio-formats-tools-5.3.5-SNAPSHOT-tests.jar to /home/travis/.m2/repository/ome/bio-formats-tools/5.3.5-SNAPSHOT/bio-formats-tools-5.3.5-SNAPSHOT-tests.jar
[INFO]                                                                         
[INFO] ------------------------------------------------------------------------
[INFO] Building bioformats_package bundle 5.3.5-SNAPSHOT
[INFO] ------------------------------------------------------------------------
[INFO] 
[INFO] --- buildnumber-maven-plugin:1.2:create (default) @ bioformats_package ---
[INFO] 
[INFO] >>> maven-source-plugin:2.2.1:jar (default) > generate-sources @ bioformats_package >>>
[INFO] 
[INFO] --- buildnumber-maven-plugin:1.2:create (default) @ bioformats_package ---
[INFO] 
[INFO] <<< maven-source-plugin:2.2.1:jar (default) < generate-sources @ bioformats_package <<<
[INFO] 
[INFO] --- maven-source-plugin:2.2.1:jar (default) @ bioformats_package ---
[INFO] 
[INFO] --- maven-assembly-plugin:2.4:single (make-assembly) @ bioformats_package ---
[INFO] Reading assembly descriptor: assembly.xml
[WARNING] The following patterns were never triggered in this artifact exclusion filter:
o  'gov.nih.imagej:imagej'
o  'net.imagej:ij'
o  'org.springframework:spring*'
o  'aopalliance:aopalliance'
o  'org.aspectj:aspectj*'
o  'org.slf4j:slf4j-log4j12'
o  'log4j:log4j'
o  'org.testng:testng'
o  'com.beust:jcommander'
o  'org.yaml:snakeyaml'
o  'org.beanshell:bsh'
o  'edu.princeton.cup:java-cup'
o  'org.apache.bcel:bcel'
o  'commons-codec:commons-codec'
o  'regexp:regexp'
o  'org.apache.ant:ant-trax'
o  'edu.ucar:udunits'
o  'javax.servlet:servlet-api'

[INFO] Building jar: /home/travis/build/openmicroscopy/bioformats/components/bundles/bioformats_package/target/bioformats_package-5.3.5-SNAPSHOT.jar
[INFO] 
[INFO] --- maven-install-plugin:2.5.1:install (default-install) @ bioformats_package ---
[INFO] Installing /home/travis/build/openmicroscopy/bioformats/components/bundles/bioformats_package/pom.xml to /home/travis/.m2/repository/ome/bioformats_package/5.3.5-SNAPSHOT/bioformats_package-5.3.5-SNAPSHOT.pom
[INFO] Installing /home/travis/build/openmicroscopy/bioformats/components/bundles/bioformats_package/target/bioformats_package-5.3.5-SNAPSHOT.jar to /home/travis/.m2/repository/ome/bioformats_package/5.3.5-SNAPSHOT/bioformats_package-5.3.5-SNAPSHOT.jar
[INFO]                                                                         
[INFO] ------------------------------------------------------------------------
[INFO] Building LOCI Tools bundle 5.3.5-SNAPSHOT
[INFO] ------------------------------------------------------------------------
[INFO] 
[INFO] --- buildnumber-maven-plugin:1.2:create (default) @ loci_tools ---
[INFO] 
[INFO] >>> maven-source-plugin:2.2.1:jar (default) > generate-sources @ loci_tools >>>
[INFO] 
[INFO] --- buildnumber-maven-plugin:1.2:create (default) @ loci_tools ---
[INFO] 
[INFO] <<< maven-source-plugin:2.2.1:jar (default) < generate-sources @ loci_tools <<<
[INFO] 
[INFO] --- maven-source-plugin:2.2.1:jar (default) @ loci_tools ---
[INFO] 
[INFO] --- maven-assembly-plugin:2.4:single (make-assembly) @ loci_tools ---
[INFO] Reading assembly descriptor: assembly.xml
[WARNING] The following patterns were never triggered in this artifact exclusion filter:
o  'gov.nih.imagej:imagej'
o  'net.imagej:ij'
o  'org.testng:testng'
o  'com.beust:jcommander'
o  'org.yaml:snakeyaml'
o  'org.beanshell:bsh'
o  'edu.princeton.cup:java-cup'
o  'org.apache.bcel:bcel'
o  'commons-codec:commons-codec'
o  'regexp:regexp'
o  'org.apache.ant:ant-trax'
o  'edu.ucar:udunits'
o  'javax.servlet:servlet-api'

[INFO] Building jar: /home/travis/build/openmicroscopy/bioformats/components/bundles/loci_tools/target/loci_tools-5.3.5-SNAPSHOT.jar
[INFO] 
[INFO] --- maven-install-plugin:2.5.1:install (default-install) @ loci_tools ---
[INFO] Installing /home/travis/build/openmicroscopy/bioformats/components/bundles/loci_tools/pom.xml to /home/travis/.m2/repository/ome/loci_tools/5.3.5-SNAPSHOT/loci_tools-5.3.5-SNAPSHOT.pom
[INFO] Installing /home/travis/build/openmicroscopy/bioformats/components/bundles/loci_tools/target/loci_tools-5.3.5-SNAPSHOT.jar to /home/travis/.m2/repository/ome/loci_tools/5.3.5-SNAPSHOT/loci_tools-5.3.5-SNAPSHOT.jar
[INFO]                                                                         
[INFO] ------------------------------------------------------------------------
[INFO] Building Bio-Formats testing framework 5.3.5-SNAPSHOT
[INFO] ------------------------------------------------------------------------
[INFO] 
[INFO] --- buildnumber-maven-plugin:1.2:create (default) @ test-suite ---
[INFO] 
[INFO] --- maven-resources-plugin:2.6:resources (default-resources) @ test-suite ---
[INFO] Using 'UTF-8' encoding to copy filtered resources.
[INFO] Copying 0 resource
[INFO] skip non existing resourceDirectory /home/travis/build/openmicroscopy/bioformats/components/test-suite/lib
[INFO] Copying 0 resource
[INFO] Copying 0 resource
[INFO] 
[INFO] --- maven-compiler-plugin:3.1:compile (default-compile) @ test-suite ---
[INFO] Nothing to compile - all classes are up to date
[INFO] 
[INFO] --- maven-resources-plugin:2.6:testResources (default-testResources) @ test-suite ---
[INFO] Using 'UTF-8' encoding to copy filtered resources.
[INFO] skip non existing resourceDirectory /home/travis/build/openmicroscopy/bioformats/components/test-suite/test
[INFO] 
[INFO] --- maven-compiler-plugin:3.1:testCompile (default-testCompile) @ test-suite ---
[INFO] No sources to compile
[INFO] 
[INFO] --- maven-surefire-plugin:2.16:test (default-test) @ test-suite ---
[INFO] No tests to run.
[INFO] 
[INFO] --- maven-jar-plugin:2.4:jar (default-jar) @ test-suite ---
[INFO] 
[INFO] >>> maven-source-plugin:2.2.1:jar (default) > generate-sources @ test-suite >>>
[INFO] 
[INFO] --- buildnumber-maven-plugin:1.2:create (default) @ test-suite ---
[INFO] 
[INFO] <<< maven-source-plugin:2.2.1:jar (default) < generate-sources @ test-suite <<<
[INFO] 
[INFO] --- maven-source-plugin:2.2.1:jar (default) @ test-suite ---
[INFO] Building jar: /home/travis/build/openmicroscopy/bioformats/components/test-suite/target/test-suite-5.3.5-SNAPSHOT-sources.jar
[INFO] 
[INFO] --- maven-jar-plugin:2.4:test-jar (default) @ test-suite ---
[INFO] Skipping packaging of the test-jar
[INFO] 
[INFO] --- maven-install-plugin:2.5.1:install (default-install) @ test-suite ---
[INFO] Installing /home/travis/build/openmicroscopy/bioformats/components/test-suite/target/test-suite-5.3.5-SNAPSHOT.jar to /home/travis/.m2/repository/ome/test-suite/5.3.5-SNAPSHOT/test-suite-5.3.5-SNAPSHOT.jar
[INFO] Installing /home/travis/build/openmicroscopy/bioformats/components/test-suite/pom.xml to /home/travis/.m2/repository/ome/test-suite/5.3.5-SNAPSHOT/test-suite-5.3.5-SNAPSHOT.pom
[INFO] Installing /home/travis/build/openmicroscopy/bioformats/components/test-suite/target/test-suite-5.3.5-SNAPSHOT-sources.jar to /home/travis/.m2/repository/ome/test-suite/5.3.5-SNAPSHOT/test-suite-5.3.5-SNAPSHOT-sources.jar
[INFO]                                                                         
[INFO] ------------------------------------------------------------------------
[INFO] Building Bio-Formats Sphinx documentation 5.3.5-SNAPSHOT
[INFO] ------------------------------------------------------------------------
[INFO] 
[INFO] --- buildnumber-maven-plugin:1.2:create (default) @ formats-docs ---
[INFO] 
[INFO] --- maven-resources-plugin:2.6:resources (default-resources) @ formats-docs ---
[INFO] Using 'UTF-8' encoding to copy filtered resources.
[INFO] Copying 4 resources
[INFO] 
[INFO] --- maven-compiler-plugin:3.1:compile (default-compile) @ formats-docs ---
[INFO] Nothing to compile - all classes are up to date
[INFO] 
[INFO] --- maven-resources-plugin:2.6:testResources (default-testResources) @ formats-docs ---
[INFO] Using 'UTF-8' encoding to copy filtered resources.
[INFO] skip non existing resourceDirectory /home/travis/build/openmicroscopy/bioformats/docs/sphinx/test
[INFO] 
[INFO] --- maven-compiler-plugin:3.1:testCompile (default-testCompile) @ formats-docs ---
[INFO] No sources to compile
[INFO] 
[INFO] --- maven-surefire-plugin:2.16:test (default-test) @ formats-docs ---
[INFO] No tests to run.
[INFO] 
[INFO] >>> exec-maven-plugin:1.2.1:java (default) > validate @ formats-docs >>>
[INFO] 
[INFO] --- buildnumber-maven-plugin:1.2:create (default) @ formats-docs ---
[INFO] 
[INFO] <<< exec-maven-plugin:1.2.1:java (default) < validate @ formats-docs <<<
[INFO] 
[INFO] --- exec-maven-plugin:1.2.1:java (default) @ formats-docs ---
Executing ReadPhysicalSize
Physical calibration - Image: 0
	X = 1.0 nm = 0.001 µm
	Y = 0.1 µm = 0.1 µm
Success
Executing FileConvert
Success
Executing FileExport
Success
Executing FileExportSPW
Success
Executing SimpleTiledWriter
Success
Executing TiledReaderWriter
Success
Executing TiledReaderWriter
Success
Executing OverlappedTiledWriter
Success
Executing OverlappedTiledWriter
Success
[INFO] 
[INFO] --- maven-jar-plugin:2.4:jar (default-jar) @ formats-docs ---
[INFO] Building jar: /home/travis/build/openmicroscopy/bioformats/docs/sphinx/target/formats-docs-5.3.5-SNAPSHOT.jar
[INFO] 
[INFO] >>> maven-source-plugin:2.2.1:jar (default) > generate-sources @ formats-docs >>>
[INFO] 
[INFO] --- buildnumber-maven-plugin:1.2:create (default) @ formats-docs ---
[INFO] 
[INFO] <<< maven-source-plugin:2.2.1:jar (default) < generate-sources @ formats-docs <<<
[INFO] 
[INFO] --- maven-source-plugin:2.2.1:jar (default) @ formats-docs ---
[INFO] 
[INFO] --- maven-jar-plugin:2.4:test-jar (default) @ formats-docs ---
[INFO] Skipping packaging of the test-jar
[INFO] 
[INFO] --- maven-install-plugin:2.5.1:install (default-install) @ formats-docs ---
[INFO] Skipping artifact installation
[INFO] ------------------------------------------------------------------------
[INFO] Reactor Summary:
[INFO] 
[INFO] Bio-Formats projects ............................... SUCCESS [  0.826 s]
[INFO] JAI Image I/O Tools ................................ SUCCESS [  2.151 s]
[INFO] libjpeg-turbo Java bindings ........................ SUCCESS [  0.283 s]
[INFO] Bio-Formats API .................................... SUCCESS [  2.166 s]
[INFO] BSD Bio-Formats readers and writers ................ SUCCESS [02:20 min]
[INFO] Bio-Formats library ................................ SUCCESS [  6.577 s]
[INFO] Bio-Formats code generator ......................... SUCCESS [  0.102 s]
[INFO] Bio-Formats Plugins for ImageJ ..................... SUCCESS [  8.477 s]
[INFO] Bio-Formats command line tools ..................... SUCCESS [  9.243 s]
[INFO] bioformats_package bundle .......................... SUCCESS [  7.614 s]
[INFO] LOCI Tools bundle .................................. SUCCESS [  6.521 s]
[INFO] Bio-Formats testing framework ...................... SUCCESS [  0.144 s]
[INFO] Bio-Formats Sphinx documentation ................... SUCCESS [  2.118 s]
[INFO] ------------------------------------------------------------------------
[INFO] BUILD SUCCESS
[INFO] ------------------------------------------------------------------------
[INFO] Total time: 03:07 min
[INFO] Finished at: 2017-02-26T15:57:37+00:00
[INFO] Final Memory: 19M/485M
[INFO] ------------------------------------------------------------------------
+exit 0

travis_time:end:0e69bc8f:start=1488124469117308690,finish=1488124658264346690,duration=189147038000[0K
[32;1mThe command "./tools/test-build $BUILD" exited with 0.[0m
travis_fold:start:cache.2[0Kstore build cache
travis_time:start:0b7d15dc[0K
travis_time:end:0b7d15dc:start=1488124658270675318,finish=1488124658275290026,duration=4614708[0Ktravis_time:start:13a4509a[0K[32;1mchange detected (content changed, file is created, or file is deleted):
/home/travis/.m2/repository/ome/bf-autogen/5.3.5-SNAPSHOT/bf-autogen-5.3.5-SNAPSHOT.jar
/home/travis/.m2/repository/ome/bf-autogen/5.3.5-SNAPSHOT/bf-autogen-5.3.5-SNAPSHOT-sources.jar
/home/travis/.m2/repository/ome/bf-autogen/5.3.5-SNAPSHOT/maven-metadata-local.xml
/home/travis/.m2/repository/ome/bf-autogen/5.3.5-SNAPSHOT/_remote.repositories
/home/travis/.m2/repository/ome/bf-autogen/maven-metadata-local.xml
/home/travis/.m2/repository/ome/bioformats_package/5.3.5-SNAPSHOT/bioformats_package-5.3.5-SNAPSHOT.jar
/home/travis/.m2/repository/ome/bioformats_package/5.3.5-SNAPSHOT/maven-metadata-local.xml
/home/travis/.m2/repository/ome/bioformats_package/5.3.5-SNAPSHOT/_remote.repositories
/home/travis/.m2/repository/ome/bioformats_package/maven-metadata-local.xml
/home/travis/.m2/repository/ome/bio-formats_plugins/5.3.5-SNAPSHOT/bio-formats_plugins-5.3.5-SNAPSHOT.jar
/home/travis/.m2/repository/ome/bio-formats_plugins/5.3.5-SNAPSHOT/bio-formats_plugins-5.3.5-SNAPSHOT-sources.jar
/home/tra
[0m
[32;1m...
[0m
[32;1mchanges detected, packing new archive[0m
.
[32;1muploading archive[0m

travis_time:end:13a4509a:start=1488124658280796188,finish=1488124671480709751,duration=13199913563[0Ktravis_fold:end:cache.2[0K
Done. Your build exited with 0.
