travis_fold:start:worker_info[0K[33;1mWorker information[0m
hostname: e6bd2636-d7a4-4042-996d-b1a8ab23e676@1.i-03baf6d-production-2-worker-org-ec2.travisci.net
version: v3.6.0 https://github.com/travis-ci/worker/tree/170b2a0bb43234479fd1911ba9e4dbcc36dadfad
instance: d835604 travisci/ci-garnet:packer-1512502276-986baf0 (via amqp)
startup: 548.221055ms
travis_fold:end:worker_info[0Ktravis_fold:start:system_info[0K[33;1mBuild system information[0m
Build language: java
Build group: stable
Build dist: trusty
Build id: 377266974
Job id: 377266981
Runtime kernel version: 4.14.12-041412-generic
travis-build version: a3a45ca0c
[34m[1mBuild image provisioning date and time[0m
Tue Dec  5 20:11:19 UTC 2017
[34m[1mOperating System Details[0m
Distributor ID:	Ubuntu
Description:	Ubuntu 14.04.5 LTS
Release:	14.04
Codename:	trusty
[34m[1mCookbooks Version[0m
7c2c6a6 https://github.com/travis-ci/travis-cookbooks/tree/7c2c6a6
[34m[1mgit version[0m
git version 2.15.1
[34m[1mbash version[0m
GNU bash, version 4.3.11(1)-release (x86_64-pc-linux-gnu)
[34m[1mgcc version[0m
gcc (Ubuntu 4.8.4-2ubuntu1~14.04.3) 4.8.4
Copyright (C) 2013 Free Software Foundation, Inc.
This is free software; see the source for copying conditions.  There is NO
warranty; not even for MERCHANTABILITY or FITNESS FOR A PARTICULAR PURPOSE.

[34m[1mdocker version[0m
Client:
 Version:      17.09.0-ce
 API version:  1.32
 Go version:   go1.8.3
 Git commit:   afdb6d4
 Built:        Tue Sep 26 22:39:28 2017
 OS/Arch:      linux/amd64
[34m[1mclang version[0m
clang version 5.0.0 (tags/RELEASE_500/final)
Target: x86_64-unknown-linux-gnu
Thread model: posix
InstalledDir: /usr/local/clang-5.0.0/bin
[34m[1mjq version[0m
jq-1.5
[34m[1mbats version[0m
Bats 0.4.0
[34m[1mshellcheck version[0m
0.4.6
[34m[1mshfmt version[0m
v2.0.0
[34m[1mccache version[0m
ccache version 3.1.9

Copyright (C) 2002-2007 Andrew Tridgell
Copyright (C) 2009-2011 Joel Rosdahl

This program is free software; you can redistribute it and/or modify it under
the terms of the GNU General Public License as published by the Free Software
Foundation; either version 3 of the License, or (at your option) any later
version.
[34m[1mcmake version[0m
cmake version 3.9.2

CMake suite maintained and supported by Kitware (kitware.com/cmake).
[34m[1mheroku version[0m
heroku-cli/6.14.39-addc925 (linux-x64) node-v9.2.0
[34m[1mimagemagick version[0m
Version: ImageMagick 6.7.7-10 2017-07-31 Q16 http://www.imagemagick.org
[34m[1mmd5deep version[0m
4.2
[34m[1mmercurial version[0m
Mercurial Distributed SCM (version 4.2.2)
(see https://mercurial-scm.org for more information)

Copyright (C) 2005-2017 Matt Mackall and others
This is free software; see the source for copying conditions. There is NO
warranty; not even for MERCHANTABILITY or FITNESS FOR A PARTICULAR PURPOSE.
[34m[1mmysql version[0m
mysql  Ver 14.14 Distrib 5.6.33, for debian-linux-gnu (x86_64) using  EditLine wrapper
[34m[1mopenssl version[0m
OpenSSL 1.0.1f 6 Jan 2014
[34m[1mpacker version[0m
Packer v1.0.2

Your version of Packer is out of date! The latest version
is 1.1.2. You can update by downloading from www.packer.io
[34m[1mpostgresql client version[0m
psql (PostgreSQL) 9.6.6
[34m[1mragel version[0m
Ragel State Machine Compiler version 6.8 Feb 2013
Copyright (c) 2001-2009 by Adrian Thurston
[34m[1msubversion version[0m
svn, version 1.8.8 (r1568071)
   compiled Aug 10 2017, 17:20:39 on x86_64-pc-linux-gnu

Copyright (C) 2013 The Apache Software Foundation.
This software consists of contributions made by many people;
see the NOTICE file for more information.
Subversion is open source software, see http://subversion.apache.org/

The following repository access (RA) modules are available:

* ra_svn : Module for accessing a repository using the svn network protocol.
  - with Cyrus SASL authentication
  - handles 'svn' scheme
* ra_local : Module for accessing a repository on local disk.
  - handles 'file' scheme
* ra_serf : Module for accessing a repository via WebDAV protocol using serf.
  - using serf 1.3.3
  - handles 'http' scheme
  - handles 'https' scheme

[34m[1msudo version[0m
Sudo version 1.8.9p5
Configure options: --prefix=/usr -v --with-all-insults --with-pam --with-fqdn --with-logging=syslog --with-logfac=authpriv --with-env-editor --with-editor=/usr/bin/editor --with-timeout=15 --with-password-timeout=0 --with-passprompt=[sudo] password for %p:  --without-lecture --with-tty-tickets --disable-root-mailer --enable-admin-flag --with-sendmail=/usr/sbin/sendmail --with-timedir=/var/lib/sudo --mandir=/usr/share/man --libexecdir=/usr/lib/sudo --with-sssd --with-sssd-lib=/usr/lib/x86_64-linux-gnu --with-selinux
Sudoers policy plugin version 1.8.9p5
Sudoers file grammar version 43

Sudoers path: /etc/sudoers
Authentication methods: 'pam'
Syslog facility if syslog is being used for logging: authpriv
Syslog priority to use when user authenticates successfully: notice
Syslog priority to use when user authenticates unsuccessfully: alert
Send mail if the user is not in sudoers
Use a separate timestamp for each user/tty combo
Lecture user the first time they run sudo
Root may run sudo
Allow some information gathering to give useful error messages
Require fully-qualified hostnames in the sudoers file
Visudo will honor the EDITOR environment variable
Set the LOGNAME and USER environment variables
Length at which to wrap log file lines (0 for no wrap): 80
Authentication timestamp timeout: 15.0 minutes
Password prompt timeout: 0.0 minutes
Number of tries to enter a password: 3
Umask to use or 0777 to use user's: 022
Path to mail program: /usr/sbin/sendmail
Flags for mail program: -t
Address to send mail to: root
Subject line for mail messages: *** SECURITY information for %h ***
Incorrect password message: Sorry, try again.
Path to authentication timestamp dir: /var/lib/sudo
Default password prompt: [sudo] password for %p: 
Default user to run commands as: root
Value to override user's $PATH with: /usr/local/sbin:/usr/local/bin:/usr/sbin:/usr/bin:/sbin:/bin:/snap/bin
Path to the editor for use by visudo: /usr/bin/editor
When to require a password for 'list' pseudocommand: any
When to require a password for 'verify' pseudocommand: all
File descriptors >= 3 will be closed before executing a command
Environment variables to check for sanity:
	TZ
	TERM
	LINGUAS
	LC_*
	LANGUAGE
	LANG
	COLORTERM
Environment variables to remove:
	RUBYOPT
	RUBYLIB
	PYTHONUSERBASE
	PYTHONINSPECT
	PYTHONPATH
	PYTHONHOME
	TMPPREFIX
	ZDOTDIR
	READNULLCMD
	NULLCMD
	FPATH
	PERL5DB
	PERL5OPT
	PERL5LIB
	PERLLIB
	PERLIO_DEBUG 
	JAVA_TOOL_OPTIONS
	SHELLOPTS
	GLOBIGNORE
	PS4
	BASH_ENV
	ENV
	TERMCAP
	TERMPATH
	TERMINFO_DIRS
	TERMINFO
	_RLD*
	LD_*
	PATH_LOCALE
	NLSPATH
	HOSTALIASES
	RES_OPTIONS
	LOCALDOMAIN
	CDPATH
	IFS
Environment variables to preserve:
	JAVA_HOME
	TRAVIS
	CI
	DEBIAN_FRONTEND
	XAUTHORIZATION
	XAUTHORITY
	PS2
	PS1
	PATH
	LS_COLORS
	KRB5CCNAME
	HOSTNAME
	HOME
	DISPLAY
	COLORS
Locale to use while parsing sudoers: C
Directory in which to store input/output logs: /var/log/sudo-io
File in which to store the input/output log: %{seq}
Add an entry to the utmp/utmpx file when allocating a pty
PAM service name to use
PAM service name to use for login shells
Create a new PAM session for the command to run in
Maximum I/O log sequence number: 0

Local IP address and netmask pairs:
	172.17.0.2/255.255.0.0

Sudoers I/O plugin version 1.8.9p5
[34m[1mgzip version[0m
gzip 1.6
Copyright (C) 2007, 2010, 2011 Free Software Foundation, Inc.
Copyright (C) 1993 Jean-loup Gailly.
This is free software.  You may redistribute copies of it under the terms of
the GNU General Public License <http://www.gnu.org/licenses/gpl.html>.
There is NO WARRANTY, to the extent permitted by law.

Written by Jean-loup Gailly.
[34m[1mzip version[0m
Copyright (c) 1990-2008 Info-ZIP - Type 'zip "-L"' for software license.
This is Zip 3.0 (July 5th 2008), by Info-ZIP.
Currently maintained by E. Gordon.  Please send bug reports to
the authors using the web page at www.info-zip.org; see README for details.

Latest sources and executables are at ftp://ftp.info-zip.org/pub/infozip,
as of above date; see http://www.info-zip.org/ for other sites.

Compiled with gcc 4.8.2 for Unix (Linux ELF) on Oct 21 2013.

Zip special compilation options:
	USE_EF_UT_TIME       (store Universal Time)
	BZIP2_SUPPORT        (bzip2 library version 1.0.6, 6-Sept-2010)
	    bzip2 code and library copyright (c) Julian R Seward
	    (See the bzip2 license for terms of use)
	SYMLINK_SUPPORT      (symbolic links supported)
	LARGE_FILE_SUPPORT   (can read and write large files on file system)
	ZIP64_SUPPORT        (use Zip64 to store large files in archives)
	UNICODE_SUPPORT      (store and read UTF-8 Unicode paths)
	STORE_UNIX_UIDs_GIDs (store UID/GID sizes/values using new extra field)
	UIDGID_NOT_16BIT     (old Unix 16-bit UID/GID extra field not used)
	[encryption, version 2.91 of 05 Jan 2007] (modified for Zip 3)

Encryption notice:
	The encryption code of this program is not copyrighted and is
	put in the public domain.  It was originally written in Europe
	and, to the best of our knowledge, can be freely distributed
	in both source and object forms from any country, including
	the USA under License Exception TSU of the U.S. Export
	Administration Regulations (section 740.13(e)) of 6 June 2002.

Zip environment options:
             ZIP:  [none]
          ZIPOPT:  [none]
[34m[1mvim version[0m
VIM - Vi IMproved 7.4 (2013 Aug 10, compiled Nov 24 2016 16:43:18)
Included patches: 1-52
Extra patches: 8.0.0056
Modified by pkg-vim-maintainers@lists.alioth.debian.org
Compiled by buildd@
Huge version without GUI.  Features included (+) or not (-):
+acl             +farsi           +mouse_netterm   +syntax
+arabic          +file_in_path    +mouse_sgr       +tag_binary
+autocmd         +find_in_path    -mouse_sysmouse  +tag_old_static
-balloon_eval    +float           +mouse_urxvt     -tag_any_white
-browse          +folding         +mouse_xterm     -tcl
++builtin_terms  -footer          +multi_byte      +terminfo
+byte_offset     +fork()          +multi_lang      +termresponse
+cindent         +gettext         -mzscheme        +textobjects
-clientserver    -hangul_input    +netbeans_intg   +title
-clipboard       +iconv           +path_extra      -toolbar
+cmdline_compl   +insert_expand   -perl            +user_commands
+cmdline_hist    +jumplist        +persistent_undo +vertsplit
+cmdline_info    +keymap          +postscript      +virtualedit
+comments        +langmap         +printer         +visual
+conceal         +libcall         +profile         +visualextra
+cryptv          +linebreak       +python          +viminfo
+cscope          +lispindent      -python3         +vreplace
+cursorbind      +listcmds        +quickfix        +wildignore
+cursorshape     +localmap        +reltime         +wildmenu
+dialog_con      -lua             +rightleft       +windows
+diff            +menu            -ruby            +writebackup
+digraphs        +mksession       +scrollbind      -X11
-dnd             +modify_fname    +signs           -xfontset
-ebcdic          +mouse           +smartindent     -xim
+emacs_tags      -mouseshape      -sniff           -xsmp
+eval            +mouse_dec       +startuptime     -xterm_clipboard
+ex_extra        +mouse_gpm       +statusline      -xterm_save
+extra_search    -mouse_jsbterm   -sun_workshop    -xpm
   system vimrc file: "$VIM/vimrc"
     user vimrc file: "$HOME/.vimrc"
 2nd user vimrc file: "~/.vim/vimrc"
      user exrc file: "$HOME/.exrc"
  fall-back for $VIM: "/usr/share/vim"
Compilation: gcc -c -I. -Iproto -DHAVE_CONFIG_H     -g -O2 -fstack-protector --param=ssp-buffer-size=4 -Wformat -Werror=format-security -U_FORTIFY_SOURCE -D_FORTIFY_SOURCE=1      
Linking: gcc   -Wl,-Bsymbolic-functions -Wl,-z,relro -Wl,--as-needed -o vim        -lm -ltinfo -lnsl  -lselinux  -lacl -lattr -lgpm -ldl    -L/usr/lib/python2.7/config-x86_64-linux-gnu -lpython2.7 -lpthread -ldl -lutil -lm -Xlinker -export-dynamic -Wl,-O1 -Wl,-Bsymbolic-functions      
[34m[1miptables version[0m
iptables v1.4.21
[34m[1mcurl version[0m
curl 7.35.0 (x86_64-pc-linux-gnu) libcurl/7.35.0 OpenSSL/1.0.1f zlib/1.2.8 libidn/1.28 librtmp/2.3
[34m[1mwget version[0m
GNU Wget 1.15 built on linux-gnu.
[34m[1mrsync version[0m
rsync  version 3.1.0  protocol version 31
[34m[1mgimme version[0m
v1.2.0
[34m[1mnvm version[0m
0.33.6
[34m[1mperlbrew version[0m
/home/travis/perl5/perlbrew/bin/perlbrew  - App::perlbrew/0.80
[34m[1mphpenv version[0m
rbenv 1.1.1-25-g6aa70b6
[34m[1mrvm version[0m
rvm 1.29.3 (latest) by Michal Papis, Piotr Kuczynski, Wayne E. Seguin [https://rvm.io]
[34m[1mdefault ruby version[0m
ruby 2.4.1p111 (2017-03-22 revision 58053) [x86_64-linux]
[34m[1mCouchDB version[0m
couchdb 1.6.1
[34m[1mElasticSearch version[0m
5.5.0
[34m[1mInstalled Firefox version[0m
firefox 56.0.2
[34m[1mMongoDB version[0m
MongoDB 3.4.10
[34m[1mPhantomJS version[0m
2.1.1
[34m[1mPre-installed PostgreSQL versions[0m
9.2.24
9.3.20
9.4.15
9.5.10
9.6.6
[34m[1mRabbitMQ Version[0m
3.6.14
[34m[1mRedis version[0m
redis-server 4.0.6
[34m[1mriak version[0m
2.2.3
[34m[1mPre-installed Go versions[0m
1.7.4
[34m[1mant version[0m
Apache Ant(TM) version 1.9.3 compiled on April 8 2014
[34m[1mmvn version[0m
Apache Maven 3.5.2 (138edd61fd100ec658bfa2d307c43b76940a5d7d; 2017-10-18T07:58:13Z)
Maven home: /usr/local/maven-3.5.2
Java version: 1.8.0_151, vendor: Oracle Corporation
Java home: /usr/lib/jvm/java-8-oracle/jre
Default locale: en_US, platform encoding: UTF-8
OS name: "linux", version: "4.4.0-101-generic", arch: "amd64", family: "unix"
[34m[1mgradle version[0m

------------------------------------------------------------
Gradle 4.0.1
------------------------------------------------------------

Build time:   2017-07-07 14:02:41 UTC
Revision:     38e5dc0f772daecca1d2681885d3d85414eb6826

Groovy:       2.4.11
Ant:          Apache Ant(TM) version 1.9.6 compiled on June 29 2015
JVM:          1.8.0_151 (Oracle Corporation 25.151-b12)
OS:           Linux 4.4.0-101-generic amd64

[34m[1mlein version[0m
Leiningen 2.8.1 on Java 1.8.0_151 Java HotSpot(TM) 64-Bit Server VM
[34m[1mPre-installed Node.js versions[0m
v4.8.6
v6.12.0
v6.12.1
v8.9
v8.9.1
[34m[1mphpenv versions[0m
  system
  5.6
* 5.6.32 (set by /home/travis/.phpenv/version)
  7.0
  7.0.25
  7.1
  7.1.11
  hhvm
  hhvm-stable
[34m[1mcomposer --version[0m
Composer version 1.5.2 2017-09-11 16:59:25
[34m[1mPre-installed Ruby versions[0m
ruby-2.2.7
ruby-2.3.4
ruby-2.4.1
travis_fold:end:system_info[0K
[32;1mNetwork availability confirmed.[0m

[33;1mRunning apt-get update by default has been disabled.[0m
You can opt into running apt-get update by setting this in your .travis.yml file:

  addons:
    apt:
      update: true
$ jdk_switcher use oraclejdk8
Switching to Oracle JDK8 (java-8-oracle), JAVA_HOME will be set to /usr/lib/jvm/java-8-oracle

travis_fold:start:git.checkout[0Ktravis_time:start:175f1b80[0K$ git clone --depth=50 https://github.com/pgjdbc/pgjdbc.git pgjdbc/pgjdbc
Cloning into 'pgjdbc/pgjdbc'...
remote: Counting objects: 1407, done.[K
remote: Compressing objects:   0% (1/966)   [Kremote: Compressing objects:   1% (10/966)   [Kremote: Compressing objects:   2% (20/966)   [Kremote: Compressing objects:   3% (29/966)   [Kremote: Compressing objects:   4% (39/966)   [Kremote: Compressing objects:   5% (49/966)   [Kremote: Compressing objects:   6% (58/966)   [Kremote: Compressing objects:   7% (68/966)   [Kremote: Compressing objects:   8% (78/966)   [Kremote: Compressing objects:   9% (87/966)   [Kremote: Compressing objects:  10% (97/966)   [Kremote: Compressing objects:  11% (107/966)   [Kremote: Compressing objects:  12% (116/966)   [Kremote: Compressing objects:  13% (126/966)   [Kremote: Compressing objects:  14% (136/966)   [Kremote: Compressing objects:  15% (145/966)   [Kremote: Compressing objects:  16% (155/966)   [Kremote: Compressing objects:  17% (165/966)   [Kremote: Compressing objects:  18% (174/966)   [Kremote: Compressing objects:  19% (184/966)   [Kremote: Compressing objects:  20% (194/966)   [Kremote: Compressing objects:  21% (203/966)   [Kremote: Compressing objects:  22% (213/966)   [Kremote: Compressing objects:  23% (223/966)   [Kremote: Compressing objects:  24% (232/966)   [Kremote: Compressing objects:  25% (242/966)   [Kremote: Compressing objects:  26% (252/966)   [Kremote: Compressing objects:  27% (261/966)   [Kremote: Compressing objects:  28% (271/966)   [Kremote: Compressing objects:  29% (281/966)   [Kremote: Compressing objects:  30% (290/966)   [Kremote: Compressing objects:  31% (300/966)   [Kremote: Compressing objects:  32% (310/966)   [Kremote: Compressing objects:  33% (319/966)   [Kremote: Compressing objects:  34% (329/966)   [Kremote: Compressing objects:  35% (339/966)   [Kremote: Compressing objects:  36% (348/966)   [Kremote: Compressing objects:  37% (358/966)   [Kremote: Compressing objects:  38% (368/966)   [Kremote: Compressing objects:  39% (377/966)   [Kremote: Compressing objects:  40% (387/966)   [Kremote: Compressing objects:  41% (397/966)   [Kremote: Compressing objects:  42% (406/966)   [Kremote: Compressing objects:  43% (416/966)   [Kremote: Compressing objects:  44% (426/966)   [Kremote: Compressing objects:  45% (435/966)   [Kremote: Compressing objects:  46% (445/966)   [Kremote: Compressing objects:  47% (455/966)   [Kremote: Compressing objects:  48% (464/966)   [Kremote: Compressing objects:  49% (474/966)   [Kremote: Compressing objects:  50% (483/966)   [Kremote: Compressing objects:  51% (493/966)   [Kremote: Compressing objects:  52% (503/966)   [Kremote: Compressing objects:  53% (512/966)   [Kremote: Compressing objects:  54% (522/966)   [Kremote: Compressing objects:  55% (532/966)   [Kremote: Compressing objects:  56% (541/966)   [Kremote: Compressing objects:  57% (551/966)   [Kremote: Compressing objects:  58% (561/966)   [Kremote: Compressing objects:  59% (570/966)   [Kremote: Compressing objects:  60% (580/966)   [Kremote: Compressing objects:  61% (590/966)   [Kremote: Compressing objects:  62% (599/966)   [Kremote: Compressing objects:  63% (609/966)   [Kremote: Compressing objects:  64% (619/966)   [Kremote: Compressing objects:  65% (628/966)   [Kremote: Compressing objects:  66% (638/966)   [Kremote: Compressing objects:  67% (648/966)   [Kremote: Compressing objects:  68% (657/966)   [Kremote: Compressing objects:  69% (667/966)   [Kremote: Compressing objects:  70% (677/966)   [Kremote: Compressing objects:  71% (686/966)   [Kremote: Compressing objects:  72% (696/966)   [Kremote: Compressing objects:  73% (706/966)   [Kremote: Compressing objects:  74% (715/966)   [Kremote: Compressing objects:  75% (725/966)   [Kremote: Compressing objects:  76% (735/966)   [Kremote: Compressing objects:  77% (744/966)   [Kremote: Compressing objects:  78% (754/966)   [Kremote: Compressing objects:  79% (764/966)   [Kremote: Compressing objects:  80% (773/966)   [Kremote: Compressing objects:  81% (783/966)   [Kremote: Compressing objects:  82% (793/966)   [Kremote: Compressing objects:  83% (802/966)   [Kremote: Compressing objects:  84% (812/966)   [Kremote: Compressing objects:  85% (822/966)   [Kremote: Compressing objects:  86% (831/966)   [Kremote: Compressing objects:  87% (841/966)   [Kremote: Compressing objects:  88% (851/966)   [Kremote: Compressing objects:  89% (860/966)   [Kremote: Compressing objects:  90% (870/966)   [Kremote: Compressing objects:  91% (880/966)   [Kremote: Compressing objects:  92% (889/966)   [Kremote: Compressing objects:  93% (899/966)   [Kremote: Compressing objects:  94% (909/966)   [Kremote: Compressing objects:  95% (918/966)   [Kremote: Compressing objects:  96% (928/966)   [Kremote: Compressing objects:  97% (938/966)   [Kremote: Compressing objects:  98% (947/966)   [Kremote: Compressing objects:  99% (957/966)   [Kremote: Compressing objects: 100% (966/966)   [Kremote: Compressing objects: 100% (966/966), done.[K
Receiving objects:   0% (1/1407)   Receiving objects:   1% (15/1407)   Receiving objects:   2% (29/1407)   Receiving objects:   3% (43/1407)   Receiving objects:   4% (57/1407)   Receiving objects:   5% (71/1407)   Receiving objects:   6% (85/1407)   Receiving objects:   7% (99/1407)   Receiving objects:   8% (113/1407)   Receiving objects:   9% (127/1407)   Receiving objects:  10% (141/1407)   Receiving objects:  11% (155/1407)   Receiving objects:  12% (169/1407)   Receiving objects:  13% (183/1407)   Receiving objects:  14% (197/1407)   Receiving objects:  15% (212/1407)   Receiving objects:  16% (226/1407)   Receiving objects:  17% (240/1407)   Receiving objects:  18% (254/1407)   Receiving objects:  19% (268/1407)   Receiving objects:  20% (282/1407)   Receiving objects:  21% (296/1407)   Receiving objects:  22% (310/1407)   Receiving objects:  23% (324/1407)   Receiving objects:  24% (338/1407)   Receiving objects:  25% (352/1407)   Receiving objects:  26% (366/1407)   Receiving objects:  27% (380/1407)   Receiving objects:  28% (394/1407)   Receiving objects:  29% (409/1407)   Receiving objects:  30% (423/1407)   Receiving objects:  31% (437/1407)   Receiving objects:  32% (451/1407)   Receiving objects:  33% (465/1407)   Receiving objects:  34% (479/1407)   Receiving objects:  35% (493/1407)   Receiving objects:  36% (507/1407)   Receiving objects:  37% (521/1407)   Receiving objects:  38% (535/1407)   Receiving objects:  39% (549/1407)   Receiving objects:  40% (563/1407)   Receiving objects:  41% (577/1407)   Receiving objects:  42% (591/1407)   Receiving objects:  43% (606/1407)   Receiving objects:  44% (620/1407)   Receiving objects:  45% (634/1407)   Receiving objects:  46% (648/1407)   Receiving objects:  47% (662/1407)   Receiving objects:  48% (676/1407)   Receiving objects:  49% (690/1407)   Receiving objects:  50% (704/1407)   Receiving objects:  51% (718/1407)   Receiving objects:  52% (732/1407)   Receiving objects:  53% (746/1407)   Receiving objects:  54% (760/1407)   Receiving objects:  55% (774/1407)   Receiving objects:  56% (788/1407)   Receiving objects:  57% (802/1407)   Receiving objects:  58% (817/1407)   Receiving objects:  59% (831/1407)   Receiving objects:  60% (845/1407)   Receiving objects:  61% (859/1407)   Receiving objects:  62% (873/1407)   Receiving objects:  63% (887/1407)   Receiving objects:  64% (901/1407)   Receiving objects:  65% (915/1407)   Receiving objects:  66% (929/1407)   Receiving objects:  67% (943/1407)   Receiving objects:  68% (957/1407)   Receiving objects:  69% (971/1407)   Receiving objects:  70% (985/1407)   Receiving objects:  71% (999/1407)   Receiving objects:  72% (1014/1407)   Receiving objects:  73% (1028/1407)   Receiving objects:  74% (1042/1407)   Receiving objects:  75% (1056/1407)   Receiving objects:  76% (1070/1407)   Receiving objects:  77% (1084/1407)   Receiving objects:  78% (1098/1407)   Receiving objects:  79% (1112/1407)   Receiving objects:  80% (1126/1407)   Receiving objects:  81% (1140/1407)   Receiving objects:  82% (1154/1407)   Receiving objects:  83% (1168/1407)   Receiving objects:  84% (1182/1407)   Receiving objects:  85% (1196/1407)   Receiving objects:  86% (1211/1407)   Receiving objects:  87% (1225/1407)   Receiving objects:  88% (1239/1407)   Receiving objects:  89% (1253/1407)   Receiving objects:  90% (1267/1407)   Receiving objects:  91% (1281/1407)   Receiving objects:  92% (1295/1407)   Receiving objects:  93% (1309/1407)   Receiving objects:  94% (1323/1407)   Receiving objects:  95% (1337/1407)   Receiving objects:  96% (1351/1407)   Receiving objects:  97% (1365/1407)   Receiving objects:  98% (1379/1407)   Receiving objects:  99% (1393/1407)   remote: Total 1407 (delta 422), reused 1082 (delta 319), pack-reused 0[K
Receiving objects: 100% (1407/1407)   Receiving objects: 100% (1407/1407), 1.60 MiB | 19.23 MiB/s, done.
Resolving deltas:   0% (0/422)   Resolving deltas:   1% (6/422)   Resolving deltas:   2% (10/422)   Resolving deltas:   3% (14/422)   Resolving deltas:   5% (22/422)   Resolving deltas:  11% (50/422)   Resolving deltas:  12% (52/422)   Resolving deltas:  13% (59/422)   Resolving deltas:  14% (61/422)   Resolving deltas:  15% (64/422)   Resolving deltas:  16% (68/422)   Resolving deltas:  17% (75/422)   Resolving deltas:  18% (77/422)   Resolving deltas:  19% (82/422)   Resolving deltas:  21% (92/422)   Resolving deltas:  22% (94/422)   Resolving deltas:  23% (99/422)   Resolving deltas:  24% (104/422)   Resolving deltas:  26% (112/422)   Resolving deltas:  28% (120/422)   Resolving deltas:  29% (124/422)   Resolving deltas:  32% (136/422)   Resolving deltas:  35% (148/422)   Resolving deltas:  36% (154/422)   Resolving deltas:  37% (157/422)   Resolving deltas:  40% (171/422)   Resolving deltas:  41% (174/422)   Resolving deltas:  42% (178/422)   Resolving deltas:  43% (182/422)   Resolving deltas:  44% (186/422)   Resolving deltas:  45% (190/422)   Resolving deltas:  46% (195/422)   Resolving deltas:  47% (199/422)   Resolving deltas:  48% (203/422)   Resolving deltas:  50% (213/422)   Resolving deltas:  52% (220/422)   Resolving deltas:  53% (224/422)   Resolving deltas:  54% (231/422)   Resolving deltas:  55% (234/422)   Resolving deltas:  56% (237/422)   Resolving deltas:  57% (242/422)   Resolving deltas:  58% (246/422)   Resolving deltas:  59% (250/422)   Resolving deltas:  60% (256/422)   Resolving deltas:  61% (259/422)   Resolving deltas:  63% (266/422)   Resolving deltas:  64% (271/422)   Resolving deltas:  65% (275/422)   Resolving deltas:  66% (280/422)   Resolving deltas:  67% (283/422)   Resolving deltas:  68% (288/422)   Resolving deltas:  69% (292/422)   Resolving deltas:  70% (296/422)   Resolving deltas:  71% (300/422)   Resolving deltas:  72% (304/422)   Resolving deltas:  73% (310/422)   Resolving deltas:  74% (315/422)   Resolving deltas:  75% (317/422)   Resolving deltas:  76% (323/422)   Resolving deltas:  77% (325/422)   Resolving deltas:  78% (330/422)   Resolving deltas:  79% (335/422)   Resolving deltas:  80% (338/422)   Resolving deltas:  81% (343/422)   Resolving deltas:  82% (347/422)   Resolving deltas:  83% (352/422)   Resolving deltas:  84% (355/422)   Resolving deltas:  85% (359/422)   Resolving deltas:  86% (365/422)   Resolving deltas:  87% (369/422)   Resolving deltas:  88% (373/422)   Resolving deltas:  89% (376/422)   Resolving deltas:  90% (380/422)   Resolving deltas:  91% (385/422)   Resolving deltas:  92% (390/422)   Resolving deltas:  93% (393/422)   Resolving deltas:  94% (397/422)   Resolving deltas:  95% (402/422)   Resolving deltas:  96% (406/422)   Resolving deltas:  97% (412/422)   Resolving deltas:  98% (414/422)   Resolving deltas: 100% (422/422)   Resolving deltas: 100% (422/422), done.

travis_time:end:175f1b80:start=1525958932003341486,finish=1525958932838452294,duration=835110808[0K$ cd pgjdbc/pgjdbc
travis_time:start:0115330c[0K$ git fetch origin +refs/pull/1184/merge:
remote: Counting objects: 262, done.[K
remote: Compressing objects:   0% (1/121)   [Kremote: Compressing objects:   1% (2/121)   [Kremote: Compressing objects:   2% (3/121)   [Kremote: Compressing objects:   3% (4/121)   [Kremote: Compressing objects:   4% (5/121)   [Kremote: Compressing objects:   5% (7/121)   [Kremote: Compressing objects:   6% (8/121)   [Kremote: Compressing objects:   7% (9/121)   [Kremote: Compressing objects:   8% (10/121)   [Kremote: Compressing objects:   9% (11/121)   [Kremote: Compressing objects:  10% (13/121)   [Kremote: Compressing objects:  11% (14/121)   [Kremote: Compressing objects:  12% (15/121)   [Kremote: Compressing objects:  13% (16/121)   [Kremote: Compressing objects:  14% (17/121)   [Kremote: Compressing objects:  15% (19/121)   [Kremote: Compressing objects:  16% (20/121)   [Kremote: Compressing objects:  17% (21/121)   [Kremote: Compressing objects:  18% (22/121)   [Kremote: Compressing objects:  19% (23/121)   [Kremote: Compressing objects:  20% (25/121)   [Kremote: Compressing objects:  21% (26/121)   [Kremote: Compressing objects:  22% (27/121)   [Kremote: Compressing objects:  23% (28/121)   [Kremote: Compressing objects:  24% (30/121)   [Kremote: Compressing objects:  25% (31/121)   [Kremote: Compressing objects:  26% (32/121)   [Kremote: Compressing objects:  27% (33/121)   [Kremote: Compressing objects:  28% (34/121)   [Kremote: Compressing objects:  29% (36/121)   [Kremote: Compressing objects:  30% (37/121)   [Kremote: Compressing objects:  31% (38/121)   [Kremote: Compressing objects:  32% (39/121)   [Kremote: Compressing objects:  33% (40/121)   [Kremote: Compressing objects:  34% (42/121)   [Kremote: Compressing objects:  35% (43/121)   [Kremote: Compressing objects:  36% (44/121)   [Kremote: Compressing objects:  37% (45/121)   [Kremote: Compressing objects:  38% (46/121)   [Kremote: Compressing objects:  39% (48/121)   [Kremote: Compressing objects:  40% (49/121)   [Kremote: Compressing objects:  41% (50/121)   [Kremote: Compressing objects:  42% (51/121)   [Kremote: Compressing objects:  43% (53/121)   [Kremote: Compressing objects:  44% (54/121)   [Kremote: Compressing objects:  45% (55/121)   [Kremote: Compressing objects:  46% (56/121)   [Kremote: Compressing objects:  47% (57/121)   [Kremote: Compressing objects:  48% (59/121)   [Kremote: Compressing objects:  49% (60/121)   [Kremote: Compressing objects:  50% (61/121)   [Kremote: Compressing objects:  51% (62/121)   [Kremote: Compressing objects:  52% (63/121)   [Kremote: Compressing objects:  53% (65/121)   [Kremote: Compressing objects:  54% (66/121)   [Kremote: Compressing objects:  55% (67/121)   [Kremote: Compressing objects:  56% (68/121)   [Kremote: Compressing objects:  57% (69/121)   [Kremote: Compressing objects:  58% (71/121)   [Kremote: Compressing objects:  59% (72/121)   [Kremote: Compressing objects:  60% (73/121)   [Kremote: Compressing objects:  61% (74/121)   [Kremote: Compressing objects:  62% (76/121)   [Kremote: Compressing objects:  63% (77/121)   [Kremote: Compressing objects:  64% (78/121)   [Kremote: Compressing objects:  65% (79/121)   [Kremote: Compressing objects:  66% (80/121)   [Kremote: Compressing objects:  67% (82/121)   [Kremote: Compressing objects:  68% (83/121)   [Kremote: Compressing objects:  69% (84/121)   [Kremote: Compressing objects:  70% (85/121)   [Kremote: Compressing objects:  71% (86/121)   [Kremote: Compressing objects:  72% (88/121)   [Kremote: Compressing objects:  73% (89/121)   [Kremote: Compressing objects:  74% (90/121)   [Kremote: Compressing objects:  75% (91/121)   [Kremote: Compressing objects:  76% (92/121)   [Kremote: Compressing objects:  77% (94/121)   [Kremote: Compressing objects:  78% (95/121)   [Kremote: Compressing objects:  79% (96/121)   [Kremote: Compressing objects:  80% (97/121)   [Kremote: Compressing objects:  81% (99/121)   [Kremote: Compressing objects:  82% (100/121)   [Kremote: Compressing objects:  83% (101/121)   [Kremote: Compressing objects:  84% (102/121)   [Kremote: Compressing objects:  85% (103/121)   [Kremote: Compressing objects:  86% (105/121)   [Kremote: Compressing objects:  87% (106/121)   [Kremote: Compressing objects:  88% (107/121)   [Kremote: Compressing objects:  89% (108/121)   [Kremote: Compressing objects:  90% (109/121)   [Kremote: Compressing objects:  91% (111/121)   [Kremote: Compressing objects:  92% (112/121)   [Kremote: Compressing objects:  93% (113/121)   [Kremote: Compressing objects:  94% (114/121)   [Kremote: Compressing objects:  95% (115/121)   [Kremote: Compressing objects:  96% (117/121)   [Kremote: Compressing objects:  97% (118/121)   [Kremote: Compressing objects:  98% (119/121)   [Kremote: Compressing objects:  99% (120/121)   [Kremote: Compressing objects: 100% (121/121)   [Kremote: Compressing objects: 100% (121/121), done.[K
Receiving objects:   0% (1/262)   Receiving objects:   1% (3/262)   Receiving objects:   2% (6/262)   Receiving objects:   3% (8/262)   Receiving objects:   4% (11/262)   Receiving objects:   5% (14/262)   Receiving objects:   6% (16/262)   Receiving objects:   7% (19/262)   Receiving objects:   8% (21/262)   Receiving objects:   9% (24/262)   Receiving objects:  10% (27/262)   remote: Total 262 (delta 138), reused 208 (delta 95), pack-reused 0[K
Receiving objects:  11% (29/262)   Receiving objects:  12% (32/262)   Receiving objects:  13% (35/262)   Receiving objects:  14% (37/262)   Receiving objects:  15% (40/262)   Receiving objects:  16% (42/262)   Receiving objects:  17% (45/262)   Receiving objects:  18% (48/262)   Receiving objects:  19% (50/262)   Receiving objects:  20% (53/262)   Receiving objects:  21% (56/262)   Receiving objects:  22% (58/262)   Receiving objects:  23% (61/262)   Receiving objects:  24% (63/262)   Receiving objects:  25% (66/262)   Receiving objects:  26% (69/262)   Receiving objects:  27% (71/262)   Receiving objects:  28% (74/262)   Receiving objects:  29% (76/262)   Receiving objects:  30% (79/262)   Receiving objects:  31% (82/262)   Receiving objects:  32% (84/262)   Receiving objects:  33% (87/262)   Receiving objects:  34% (90/262)   Receiving objects:  35% (92/262)   Receiving objects:  36% (95/262)   Receiving objects:  37% (97/262)   Receiving objects:  38% (100/262)   Receiving objects:  39% (103/262)   Receiving objects:  40% (105/262)   Receiving objects:  41% (108/262)   Receiving objects:  42% (111/262)   Receiving objects:  43% (113/262)   Receiving objects:  44% (116/262)   Receiving objects:  45% (118/262)   Receiving objects:  46% (121/262)   Receiving objects:  47% (124/262)   Receiving objects:  48% (126/262)   Receiving objects:  49% (129/262)   Receiving objects:  50% (131/262)   Receiving objects:  51% (134/262)   Receiving objects:  52% (137/262)   Receiving objects:  53% (139/262)   Receiving objects:  54% (142/262)   Receiving objects:  55% (145/262)   Receiving objects:  56% (147/262)   Receiving objects:  57% (150/262)   Receiving objects:  58% (152/262)   Receiving objects:  59% (155/262)   Receiving objects:  60% (158/262)   Receiving objects:  61% (160/262)   Receiving objects:  62% (163/262)   Receiving objects:  63% (166/262)   Receiving objects:  64% (168/262)   Receiving objects:  65% (171/262)   Receiving objects:  66% (173/262)   Receiving objects:  67% (176/262)   Receiving objects:  68% (179/262)   Receiving objects:  69% (181/262)   Receiving objects:  70% (184/262)   Receiving objects:  71% (187/262)   Receiving objects:  72% (189/262)   Receiving objects:  73% (192/262)   Receiving objects:  74% (194/262)   Receiving objects:  75% (197/262)   Receiving objects:  76% (200/262)   Receiving objects:  77% (202/262)   Receiving objects:  78% (205/262)   Receiving objects:  79% (207/262)   Receiving objects:  80% (210/262)   Receiving objects:  81% (213/262)   Receiving objects:  82% (215/262)   Receiving objects:  83% (218/262)   Receiving objects:  84% (221/262)   Receiving objects:  85% (223/262)   Receiving objects:  86% (226/262)   Receiving objects:  87% (228/262)   Receiving objects:  88% (231/262)   Receiving objects:  89% (234/262)   Receiving objects:  90% (236/262)   Receiving objects:  91% (239/262)   Receiving objects:  92% (242/262)   Receiving objects:  93% (244/262)   Receiving objects:  94% (247/262)   Receiving objects:  95% (249/262)   Receiving objects:  96% (252/262)   Receiving objects:  97% (255/262)   Receiving objects:  98% (257/262)   Receiving objects:  99% (260/262)   Receiving objects: 100% (262/262)   Receiving objects: 100% (262/262), 43.38 KiB | 14.46 MiB/s, done.
Resolving deltas:   0% (0/138)   Resolving deltas:   2% (4/138)   Resolving deltas:   5% (7/138)   Resolving deltas:   6% (9/138)   Resolving deltas:  10% (14/138)   Resolving deltas:  11% (16/138)   Resolving deltas:  26% (36/138)   Resolving deltas:  27% (38/138)   Resolving deltas:  28% (40/138)   Resolving deltas:  30% (42/138)   Resolving deltas:  31% (43/138)   Resolving deltas:  33% (46/138)   Resolving deltas:  34% (47/138)   Resolving deltas:  35% (49/138)   Resolving deltas:  37% (52/138)   Resolving deltas:  39% (54/138)   Resolving deltas:  40% (56/138)   Resolving deltas:  42% (58/138)   Resolving deltas:  43% (60/138)   Resolving deltas:  44% (62/138)   Resolving deltas:  45% (63/138)   Resolving deltas:  47% (66/138)   Resolving deltas:  50% (70/138)   Resolving deltas:  52% (73/138)   Resolving deltas:  55% (77/138)   Resolving deltas:  58% (81/138)   Resolving deltas:  60% (83/138)   Resolving deltas:  62% (86/138)   Resolving deltas:  65% (91/138)   Resolving deltas:  68% (95/138)   Resolving deltas:  71% (98/138)   Resolving deltas:  76% (106/138)   Resolving deltas:  81% (113/138)   Resolving deltas:  86% (120/138)   Resolving deltas:  90% (125/138)   Resolving deltas:  91% (126/138)   Resolving deltas:  92% (127/138)   Resolving deltas:  93% (129/138)   Resolving deltas:  95% (132/138)   Resolving deltas:  97% (134/138)   Resolving deltas:  98% (136/138)   Resolving deltas: 100% (138/138)   Resolving deltas: 100% (138/138), completed with 29 local objects.
From https://github.com/pgjdbc/pgjdbc
 * branch            refs/pull/1184/merge -> FETCH_HEAD

travis_time:end:0115330c:start=1525958932844632412,finish=1525958933209684774,duration=365052362[0K$ git checkout -qf FETCH_HEAD
travis_fold:end:git.checkout[0Ktravis_fold:start:postgresql[0K[33;1mStarting PostgreSQL v9.4[0m
travis_time:start:05cb7a0b[0K$ sudo service postgresql stop
 * Stopping PostgreSQL 9.2 database server       [80G [74G[ OK ]
 * Stopping PostgreSQL 9.3 database server       [80G [74G[ OK ]
 * Stopping PostgreSQL 9.4 database server       [80G [74G[ OK ]
 * Stopping PostgreSQL 9.5 database server       [80G [74G[ OK ]
 * Stopping PostgreSQL 9.6 database server       [80G [74G[ OK ]

travis_time:end:05cb7a0b:start=1525958933304489282,finish=1525958934827812083,duration=1523322801[0Ktravis_time:start:26efa601[0K$ sudo service postgresql start 9.4
 * Starting PostgreSQL 9.4 database server       [80G [74G[ OK ]

travis_time:end:26efa601:start=1525958934836501593,finish=1525958937180377906,duration=2343876313[0Ktravis_time:start:05109db6[0K$ sudo -u postgres createuser -s -p 5432 travis &>/dev/null

travis_time:end:05109db6:start=1525958937188088196,finish=1525958937268287006,duration=80198810[0Ktravis_time:start:1144b7bc[0K$ sudo -u postgres createdb -O travis -p 5432 travis &>/dev/null

travis_time:end:1144b7bc:start=1525958937273593918,finish=1525958937520922180,duration=247328262[0Ktravis_time:start:15f17a00[0K$ sudo -u postgres createuser -s -p 5433 travis &>/dev/null

travis_time:end:15f17a00:start=1525958937527709101,finish=1525958937589999519,duration=62290418[0Ktravis_time:start:239d2ef8[0K$ sudo -u postgres createdb -O travis -p 5433 travis &>/dev/null

travis_time:end:239d2ef8:start=1525958937595560901,finish=1525958937647001549,duration=51440648[0Ktravis_fold:end:postgresql[0K
[33;1mEncrypted environment variables have been removed for security reasons.[0m
[33;1mSee https://docs.travis-ci.com/user/pull-requests/#Pull-Requests-and-Security-Restrictions[0m

[33;1mSetting environment variables from .travis.yml[0m
$ export PG_VERSION=9.4
$ export QUERY_MODE=extendedCacheEverything
$ export COVERAGE=N
$ export TZ=Europe/Moscow

$ export PATH=$JAVA_HOME/bin:$PATH
travis_fold:start:cache.1[0KSetting up build cache
$ export CASHER_DIR=$HOME/.casher
travis_time:start:0124e694[0K$ Installing caching utilities

travis_time:end:0124e694:start=1525958950118483469,finish=1525958950149317498,duration=30834029[0Ktravis_time:start:01bcb19c[0K
travis_time:end:01bcb19c:start=1525958950155832742,finish=1525958950160604445,duration=4771703[0Ktravis_time:start:0b14aecc[0K[32;1mattempting to download cache archive[0m
[32;1mfetching PR.1184/cache-linux-trusty-5c46a39527496013767bd61f11c7c7ca00cc3395d2f0c0a5c67490f998495b83--jdk-oraclejdk8.tgz[0m
[32;1mfetching PR.1184/cache--jdk-oraclejdk8.tgz[0m
[32;1mfetching master/cache-linux-trusty-5c46a39527496013767bd61f11c7c7ca00cc3395d2f0c0a5c67490f998495b83--jdk-oraclejdk8.tgz[0m
[32;1mfound cache[0m

travis_time:end:0b14aecc:start=1525958950166050940,finish=1525958959189659755,duration=9023608815[0Ktravis_time:start:037676a0[0K
travis_time:end:037676a0:start=1525958959195389422,finish=1525958959200067467,duration=4678045[0Ktravis_time:start:177bfae0[0K[32;1madding /home/travis/.m2/repository to cache[0m
[32;1mcreating directory /home/travis/.m2/repository[0m
[32;1madding /home/travis/.ivy2/cache to cache[0m
[32;1mcreating directory /home/travis/.ivy2/cache[0m
[32;1madding /home/travis/.sbt/boot to cache[0m
[32;1mcreating directory /home/travis/.sbt/boot[0m

travis_time:end:177bfae0:start=1525958959205595975,finish=1525958962302019761,duration=3096423786[0Ktravis_fold:end:cache.1[0K$ java -Xmx32m -version
Picked up _JAVA_OPTIONS: -Xmx2048m -Xms512m
java version "1.8.0_151"
Java(TM) SE Runtime Environment (build 1.8.0_151-b12)
Java HotSpot(TM) 64-Bit Server VM (build 25.151-b12, mixed mode)
$ javac -J-Xmx32m -version
Picked up _JAVA_OPTIONS: -Xmx2048m -Xms512m
javac 1.8.0_151
travis_fold:start:before_install.1[0Ktravis_time:start:2b5ab228[0K$ ./.travis/travis_install_zulu.sh
+[[ false == \t\r\u\e ]]

travis_time:end:2b5ab228:start=1525958972292644682,finish=1525958972299506743,duration=6862061[0Ktravis_fold:end:before_install.1[0Ktravis_fold:start:before_install.2[0Ktravis_time:start:05f0e8c6[0K$ test -z "${ZULU_JDK}" || export JDK${ZULU_JDK}_HOME=/usr/lib/jvm/zulu-${ZULU_JDK}-amd64

travis_time:end:05f0e8c6:start=1525958972305462216,finish=1525958972310221822,duration=4759606[0Ktravis_fold:end:before_install.2[0Ktravis_fold:start:before_install.3[0Ktravis_time:start:00e9cd5c[0K$ ./.travis/travis_install_openj9.sh
+[[ false == \t\r\u\e ]]

travis_time:end:00e9cd5c:start=1525958972316096346,finish=1525958972322870386,duration=6774040[0Ktravis_fold:end:before_install.3[0Ktravis_fold:start:before_install.4[0Ktravis_time:start:0719878e[0K$ test -z "${OPENJ9}" || export JDK${JDK}_HOME=${HOME}/jdk-9+${OPENJ9}

travis_time:end:0719878e:start=1525958972328543988,finish=1525958972333184903,duration=4640915[0Ktravis_fold:end:before_install.4[0Ktravis_fold:start:install[0Ktravis_time:start:39c62945[0K$ true

travis_time:end:39c62945:start=1525958972338893346,finish=1525958972343332108,duration=4438762[0Ktravis_fold:end:install[0Ktravis_fold:start:before_script.1[0Ktravis_time:start:0151a5f4[0K$ test $(grep "after_n_builds" codecov.yml | tr -d '[:space:]' | cut -d":" -f2) -eq $(grep -e "COVERAGE=Y$" .travis.yml | wc -l) || exit 1

travis_time:end:0151a5f4:start=1525958972348799906,finish=1525958972360364658,duration=11564752[0Ktravis_fold:end:before_script.1[0Ktravis_fold:start:before_script.2[0Ktravis_time:start:0af8d8ea[0K$ export PG_DATADIR="/etc/postgresql/${PG_VERSION}/main"

travis_time:end:0af8d8ea:start=1525958972365809779,finish=1525958972370220934,duration=4411155[0Ktravis_fold:end:before_script.2[0Ktravis_fold:start:before_script.3[0Ktravis_time:start:09f5a196[0K$ export PG_SLAVE1_DATADIR="/etc/postgresql/${PG_VERSION}/slave1"

travis_time:end:09f5a196:start=1525958972375808923,finish=1525958972380377973,duration=4569050[0Ktravis_fold:end:before_script.3[0Ktravis_fold:start:before_script.4[0Ktravis_time:start:07c7a7fc[0K$ export PG_SLAVE2_DATADIR="/etc/postgresql/${PG_VERSION}/slave2"

travis_time:end:07c7a7fc:start=1525958972385914172,finish=1525958972390352116,duration=4437944[0Ktravis_fold:end:before_script.4[0Ktravis_fold:start:before_script.5[0Ktravis_time:start:1c9da750[0K$ ./.travis/travis_install_postgres.sh
+'[' -z 9.4 ']'
+'[' 9.4 = HEAD ']'
+'[' '!' -d /etc/postgresql/9.4/main ']'

travis_time:end:1c9da750:start=1525958972395843576,finish=1525958972402455560,duration=6611984[0Ktravis_fold:end:before_script.5[0Ktravis_fold:start:before_script.6[0Ktravis_time:start:1c452015[0K$ test "x$XA" == 'x' || ./.travis/travis_configure_xa.sh

travis_time:end:1c452015:start=1525958972407901445,finish=1525958972412128318,duration=4226873[0Ktravis_fold:end:before_script.6[0Ktravis_fold:start:before_script.7[0Ktravis_time:start:21bbb2a0[0K$ test "x$REPLICATION" == 'x' || ./.travis/travis_configure_replication.sh

travis_time:end:21bbb2a0:start=1525958972417653347,finish=1525958972421863346,duration=4209999[0Ktravis_fold:end:before_script.7[0Ktravis_fold:start:before_script.8[0Ktravis_time:start:03d44fd5[0K$ test "x$SSLTEST" == 'x' || ./.travis/travis_configure_ssl.sh

travis_time:end:03d44fd5:start=1525958972427301605,finish=1525958972431429709,duration=4128104[0Ktravis_fold:end:before_script.8[0Ktravis_fold:start:before_script.9[0Ktravis_time:start:03cafa69[0K$ ./.travis/travis_start_postgres.sh
+'[' -z 9.4 ']'
+'[' x9.4 = xHEAD ']'
+'[' '' = true ']'
+'[' '' = Y ']'
+'[' '' = Y ']'

travis_time:end:03cafa69:start=1525958972436943662,finish=1525958972443413597,duration=6469935[0Ktravis_fold:end:before_script.9[0Ktravis_fold:start:before_script.10[0Ktravis_time:start:01d59bf0[0K$ test "x$PG_VERSION" != 'xHEAD' || psql -U postgres -c "set password_encryption='scram-sha-256'; create user test with password 'test';"

travis_time:end:01d59bf0:start=1525958972449170790,finish=1525958972453589966,duration=4419176[0Ktravis_fold:end:before_script.10[0Ktravis_fold:start:before_script.11[0Ktravis_time:start:15b7b21d[0K$ test "x$PG_VERSION" = 'xHEAD' || psql -U postgres -c "create user test with password 'test';"
CREATE ROLE

travis_time:end:15b7b21d:start=1525958972459502641,finish=1525958972472674950,duration=13172309[0Ktravis_fold:end:before_script.11[0Ktravis_fold:start:before_script.12[0Ktravis_time:start:07070c82[0K$ test "x$REPLICATION" == 'x' || psql -U postgres -c "alter user test with replication;"

travis_time:end:07070c82:start=1525958972478544201,finish=1525958972482925875,duration=4381674[0Ktravis_fold:end:before_script.12[0Ktravis_fold:start:before_script.13[0Ktravis_time:start:2c150d3a[0K$ psql -c 'create database test owner test;' -U postgres
CREATE DATABASE

travis_time:end:2c150d3a:start=1525958972488473439,finish=1525958972713857764,duration=225384325[0Ktravis_fold:end:before_script.13[0Ktravis_fold:start:before_script.14[0Ktravis_time:start:00aeeb83[0K$ test "x$SSLTEST" == 'x' || ./.travis/travis_ssl_users.sh

travis_time:end:00aeeb83:start=1525958972719574166,finish=1525958972724145681,duration=4571515[0Ktravis_fold:end:before_script.14[0Ktravis_fold:start:before_script.15[0Ktravis_time:start:1028e4c4[0K$ test "x$REPLICATION" == 'x' || ./.travis/travis_create_slaves.sh

travis_time:end:1028e4c4:start=1525958972729750832,finish=1525958972734223144,duration=4472312[0Ktravis_fold:end:before_script.15[0Ktravis_fold:start:before_script.16[0Ktravis_time:start:12cad8b0[0K$ if [[ $TRAVIS_BRANCH == release/* ]]; then echo "MAVEN_OPTS='-Xmx1g'" > ~/.mavenrc; else echo "MAVEN_OPTS='-Xmx1g -Dgpg.skip=true'" > ~/.mavenrc; fi

travis_time:end:12cad8b0:start=1525958972739633297,finish=1525958972744441217,duration=4807920[0Ktravis_fold:end:before_script.16[0Ktravis_fold:start:before_script.17[0Ktravis_time:start:14031c90[0K$ test "x$PG_VERSION" == 'x' || test "x$NO_HSTORE" == 'xY' || psql test -c 'CREATE EXTENSION hstore;' -U postgres
CREATE EXTENSION

travis_time:end:14031c90:start=1525958972749974199,finish=1525958972781390588,duration=31416389[0Ktravis_fold:end:before_script.17[0Ktravis_fold:start:before_script.18[0Ktravis_time:start:15ddd99e[0K$ test "x$PG_VERSION" == 'x' || test "x$CREATE_PLPGSQL" == 'x' || createlang -U postgres plpgsql test

travis_time:end:15ddd99e:start=1525958972787140645,finish=1525958972791786609,duration=4645964[0Ktravis_fold:end:before_script.18[0Ktravis_time:start:12fb42af[0K$ rm -rf $HOME/.m2/repository/org/postgresql || true

travis_time:end:12fb42af:start=1525958972797830430,finish=1525958972803457719,duration=5627289[0K
[32;1mThe command "rm -rf $HOME/.m2/repository/org/postgresql || true" exited with 0.[0m
travis_time:start:0b3ba6c0[0K$ test -d "${JDK6_HOME}" || export JDK6_HOME=$(jdk_switcher home openjdk6)

travis_time:end:0b3ba6c0:start=1525958972809198778,finish=1525958972815367272,duration=6168494[0K
[32;1mThe command "test -d "${JDK6_HOME}" || export JDK6_HOME=$(jdk_switcher home openjdk6)" exited with 0.[0m
travis_time:start:00118dc0[0K$ test -d "${JDK7_HOME}" || export JDK7_HOME=$(jdk_switcher home openjdk7)

travis_time:end:00118dc0:start=1525958972821268368,finish=1525958972827653412,duration=6385044[0K
[32;1mThe command "test -d "${JDK7_HOME}" || export JDK7_HOME=$(jdk_switcher home openjdk7)" exited with 0.[0m
travis_time:start:0297259b[0K$ test -d "${JDK8_HOME}" || export JDK8_HOME=$(jdk_switcher home oraclejdk8)

travis_time:end:0297259b:start=1525958972833324378,finish=1525958972839486762,duration=6162384[0K
[32;1mThe command "test -d "${JDK8_HOME}" || export JDK8_HOME=$(jdk_switcher home oraclejdk8)" exited with 0.[0m
travis_time:start:1b97395c[0K$ test -d "${JDK9_HOME}" || export JDK9_HOME=$(jdk_switcher home oraclejdk9)

travis_time:end:1b97395c:start=1525958972845347961,finish=1525958972852336805,duration=6988844[0K
[32;1mThe command "test -d "${JDK9_HOME}" || export JDK9_HOME=$(jdk_switcher home oraclejdk9)" exited with 0.[0m
travis_time:start:030c868e[0K$ test -d "${JDK9_HOME}" || export JDK9_HOME=$(jdk_switcher home oraclejdk8)

travis_time:end:030c868e:start=1525958972857991322,finish=1525958972862429733,duration=4438411[0K
[32;1mThe command "test -d "${JDK9_HOME}" || export JDK9_HOME=$(jdk_switcher home oraclejdk8)" exited with 0.[0m
travis_time:start:16458f98[0K$ envsubst < toolchains.xml > ~/.m2/toolchains.xml

travis_time:end:16458f98:start=1525958972867971958,finish=1525958972874706288,duration=6734330[0K
[32;1mThe command "envsubst < toolchains.xml > ~/.m2/toolchains.xml" exited with 0.[0m
travis_time:start:1445a1f8[0K$ test ${JDK} -eq 9 || jdk_switcher use oraclejdk8
/home/travis/.travis/job_stages: line 57: test: -eq: unary operator expected
Switching to Oracle JDK8 (java-8-oracle), JAVA_HOME will be set to /usr/lib/jvm/java-8-oracle

travis_time:end:1445a1f8:start=1525958972880360946,finish=1525958972887074200,duration=6713254[0K
[32;1mThe command "test ${JDK} -eq 9 || jdk_switcher use oraclejdk8" exited with 0.[0m
travis_time:start:0dcff780[0K$ test -z "${ZULU_JDK}" || export TRAVIS_JDK_VERSION=zulujdk${ZULU_JDK}

travis_time:end:0dcff780:start=1525958972892738356,finish=1525958972897597526,duration=4859170[0K
[32;1mThe command "test -z "${ZULU_JDK}" || export TRAVIS_JDK_VERSION=zulujdk${ZULU_JDK}" exited with 0.[0m
travis_time:start:06b89f02[0K$ if [[ $TRAVIS_BRANCH == release/* ]]; then .travis/travis_release.sh; else ./.travis/travis_build.sh; fi
+[[ '' == *\Y ]]
+MVN_ARGS='clean package -B -V '
+MVN_PROFILES=release
+[[ '' == *\Y* ]]
+[[ xextendedCacheEverything == *\x* ]]
+MVN_ARGS='clean package -B -V  -DpreferQueryMode=extendedCacheEverything'
+[[ N == *\Y* ]]
+[[ '' == *\9* ]]
+[[ '' == *\Y* ]]
+[[ oraclejdk8 == *\j\d\k\6* ]]
+[[ oraclejdk8 == *\j\d\k\7* ]]
+mvn clean package -B -V -DpreferQueryMode=extendedCacheEverything -P release
Picked up _JAVA_OPTIONS: -Xmx2048m -Xms512m
Apache Maven 3.5.2 (138edd61fd100ec658bfa2d307c43b76940a5d7d; 2017-10-18T10:58:13+03:00)
Maven home: /usr/local/maven-3.5.2
Java version: 1.8.0_151, vendor: Oracle Corporation
Java home: /usr/lib/jvm/java-8-oracle/jre
Default locale: en_US, platform encoding: UTF-8
OS name: "linux", version: "4.14.12-041412-generic", arch: "amd64", family: "unix"
[INFO] Scanning for projects...
[INFO] Downloading from central: http://repo.maven.apache.org/maven2/org/postgresql/pgjdbc-versions/1.1.3/pgjdbc-versions-1.1.3.pom
[INFO] Downloaded from central: http://repo.maven.apache.org/maven2/org/postgresql/pgjdbc-versions/1.1.3/pgjdbc-versions-1.1.3.pom (23 kB at 147 kB/s)
[INFO] Downloading from central: http://repo.maven.apache.org/maven2/org/postgresql/pgjdbc-core-parent/1.1.3/pgjdbc-core-parent-1.1.3.pom
[INFO] Downloaded from central: http://repo.maven.apache.org/maven2/org/postgresql/pgjdbc-core-parent/1.1.3/pgjdbc-core-parent-1.1.3.pom (18 kB at 1.4 MB/s)
[INFO] ------------------------------------------------------------------------
[INFO] Reactor Build Order:
[INFO] 
[INFO] PostgreSQL JDBC Driver - JDBC 4.2
[INFO] PostgreSQL JDBC Driver - benchmarks
[INFO] PostgreSQL JDBC Driver aggregate
[INFO] 
[INFO] ------------------------------------------------------------------------
[INFO] Building PostgreSQL JDBC Driver - JDBC 4.2 42.2.3-SNAPSHOT
[INFO] ------------------------------------------------------------------------
[INFO] 
[INFO] --- maven-clean-plugin:2.5:clean (default-clean) @ postgresql ---
[INFO] 
[INFO] --- maven-enforcer-plugin:1.3.1:enforce (enforce-java) @ postgresql ---
[INFO] Skipping Rule Enforcement.
[INFO] 
[INFO] --- maven-toolchains-plugin:1.1:toolchain (default) @ postgresql ---
[INFO] Required toolchain: jdk [ version='1.8' ]
[INFO] Found matching toolchain for type jdk: JDK[/usr/lib/jvm/java-8-oracle]
[INFO] 
[INFO] --- build-helper-maven-plugin:1.5:parse-version (parse-version) @ postgresql ---
[INFO] 
[INFO] --- properties-maven-plugin:1.0-alpha-2:read-project-properties (default) @ postgresql ---
[WARNING] Ignoring missing properties file: /home/travis/build/pgjdbc/pgjdbc/pgjdbc/../build.local.properties
[INFO] 
[INFO] --- maven-antrun-plugin:1.7:run (create-unzipjdkant.xml) @ postgresql ---
[INFO] Executing tasks

main:
     [echo] Generating /home/travis/build/pgjdbc/pgjdbc/pgjdbc/target/unzip-jdk-ant.xml
[INFO] Executed tasks
[INFO] 
[INFO] --- exec-maven-plugin:1.4.0:exec (unzip-jdk-src) @ postgresql ---
[INFO] skipping execute as per configuraion
[INFO] 
[INFO] --- jcp:6.0.1:preprocess (preprocessSources) @ postgresql ---
[INFO] Added MAVEN property mvn.project.name=PostgreSQL JDBC Driver - JDBC 4.2
[INFO] Added MAVEN property mvn.project.version=42.2.3-SNAPSHOT
[INFO] Added MAVEN property mvn.project.url=https://github.com/pgjdbc/pgjdbc
[INFO] Added MAVEN property mvn.project.packaging=bundle
[INFO] Added MAVEN property mvn.project.modelversion=4.0.0
[INFO] Added MAVEN property mvn.project.inceptionyear=
[INFO] Added MAVEN property mvn.project.id=org.postgresql:postgresql:bundle:42.2.3-SNAPSHOT
[INFO] Added MAVEN property mvn.project.groupid=org.postgresql
[INFO] Added MAVEN property mvn.project.description=Java JDBC 4.2 (JRE 8+) driver for PostgreSQL database
[INFO] Added MAVEN property mvn.project.artifact.id=org.postgresql:postgresql:bundle:42.2.3-SNAPSHOT
[INFO] Added MAVEN property mvn.project.artifact.artifactid=postgresql
[INFO] Added MAVEN property mvn.project.artifact.baseversion=42.2.3-SNAPSHOT
[INFO] Added MAVEN property mvn.project.artifact.dependencyconflictid=org.postgresql:postgresql:bundle
[INFO] Added MAVEN property mvn.project.artifact.downloadurl=
[INFO] Added MAVEN property mvn.project.artifact.groupid=org.postgresql
[INFO] Added MAVEN property mvn.project.artifact.scope=
[INFO] Added MAVEN property mvn.project.artifact.type=bundle
[INFO] Added MAVEN property mvn.project.artifact.version=42.2.3-SNAPSHOT
[INFO] Added MAVEN property mvn.project.build.directory=/home/travis/build/pgjdbc/pgjdbc/pgjdbc/target
[INFO] Added MAVEN property mvn.project.build.defaultgoal=
[INFO] Added MAVEN property mvn.project.build.outputdirectory=/home/travis/build/pgjdbc/pgjdbc/pgjdbc/target/classes
[INFO] Added MAVEN property mvn.project.build.scriptsourcedirectory=/home/travis/build/pgjdbc/pgjdbc/pgjdbc/src/main/scripts
[INFO] Added MAVEN property mvn.project.build.sourcedirectory=/home/travis/build/pgjdbc/pgjdbc/pgjdbc/src/main/java
[INFO] Added MAVEN property mvn.project.build.testoutputdirectory=/home/travis/build/pgjdbc/pgjdbc/pgjdbc/target/test-classes
[INFO] Added MAVEN property mvn.project.build.testsourcedirectory=/home/travis/build/pgjdbc/pgjdbc/pgjdbc/src/test/java
[INFO] Added MAVEN property mvn.project.organization.name=PostgreSQL Global Development Group
[INFO] Added MAVEN property mvn.project.organization.url=https://jdbc.postgresql.org/
[INFO] Added MAVEN property mvn.project.activeprofiles=standard-with-extra-repos
[INFO] Added MAVEN property mvn.project.property.postgresql.enforce.jdk.version=1.8
[INFO] Added MAVEN property mvn.project.property.postgresql.preprocessed.test.sources.directory=/home/travis/build/pgjdbc/pgjdbc/pgjdbc/target/gen-test-src
[INFO] Added MAVEN property mvn.project.property.loggerlevel=OFF
[INFO] Added MAVEN property mvn.project.property.javac.target=1.8
[INFO] Added MAVEN property mvn.project.property.postgresql.driver.fullversion=PostgreSQL JDBC4.2
[INFO] Added MAVEN property mvn.project.property.jdbc.specification.version=4.2
[INFO] Added MAVEN property mvn.project.property.unzip.jdk.ant.build.xml=/home/travis/build/pgjdbc/pgjdbc/pgjdbc/target/unzip-jdk-ant.xml
[INFO] Added MAVEN property mvn.project.property.loggerfile=target/pgjdbc-tests.log
[INFO] Added MAVEN property mvn.project.property.parsedversion.minorversion=2
[INFO] Added MAVEN property mvn.project.property.secondaryserverport2=5434
[INFO] Added MAVEN property mvn.project.property.project.build.sourceencoding=UTF-8
[INFO] Added MAVEN property mvn.project.property.build.properties.relative.path=/home/travis/build/pgjdbc/pgjdbc/pgjdbc/..
[INFO] Added MAVEN property mvn.project.property.privilegedpassword=***** [hidden because may contain private info]
[INFO] Added MAVEN property mvn.project.property.waffleenabled=true
[INFO] Added MAVEN property mvn.project.property.skip.assembly=false
[INFO] Added MAVEN property mvn.project.property.secondaryport=5433
[INFO] Added MAVEN property mvn.project.property.protocolversion=0
[INFO] Added MAVEN property mvn.project.property.postgresql.preprocessed.sources.directory=/home/travis/build/pgjdbc/pgjdbc/pgjdbc/target/gen-src
[INFO] Added MAVEN property mvn.project.property.osgienabled=true
[INFO] Added MAVEN property mvn.project.property.preparethreshold=5
[INFO] Added MAVEN property mvn.project.property.secondaryserver2=localhost
[INFO] Added MAVEN property mvn.project.property.password=***** [hidden because may contain private info]
[INFO] Added MAVEN property mvn.project.property.jdbc.specification.version.nodot=42
[INFO] Added MAVEN property mvn.project.property.username=test
[INFO] Added MAVEN property mvn.project.property.parsedversion.buildnumber=0
[INFO] Added MAVEN property mvn.project.property.server=localhost
[INFO] Added MAVEN property mvn.project.property.port=5432
[INFO] Added MAVEN property mvn.project.property.secondaryserver=localhost
[INFO] Added MAVEN property mvn.project.property.template.default.pg.port=5432
[INFO] Added MAVEN property mvn.project.property.parsedversion.qualifier=SNAPSHOT
[INFO] Added MAVEN property mvn.project.property.waffle-jna.version=1.7.5
[INFO] Added MAVEN property mvn.project.property.skip.unzip-jdk-src=true
[INFO] Added MAVEN property mvn.project.property.database=test
[INFO] Added MAVEN property mvn.project.property.parsedversion.incrementalversion=3
[INFO] Added MAVEN property mvn.project.property.sspiusername=testsspi
[INFO] Added MAVEN property mvn.project.property.privilegeduser=postgres
[INFO] Added MAVEN property mvn.project.property.checkstyle.version=8.5
[INFO] Added MAVEN property mvn.project.property.parsedversion.majorversion=42
[INFO] Added MAVEN property mvn.project.property.parsedversion.osgiversion=42.2.3.SNAPSHOT
[INFO] Added MAVEN property mvn.project.property.postgresql.jdbc.spec=JDBC4.2
[INFO] Added MAVEN property mvn.project.property.argline=-Xmx512m
[INFO] Preprocess sources : /home/travis/build/pgjdbc/pgjdbc/pgjdbc/src/main/java
[INFO] Preprocess destination : /home/travis/build/pgjdbc/pgjdbc/pgjdbc/target/gen-src
[INFO] -----------------------------------------------------------------
[INFO] Completed, preprocessed 214 files, copied 16 files, elapsed time 597ms
[INFO] A Compile source root has been removed from the root list [/home/travis/build/pgjdbc/pgjdbc/pgjdbc/src/main/java]
[INFO] The New compile source root has been added into the list [/home/travis/build/pgjdbc/pgjdbc/pgjdbc/target/gen-src]
[INFO] 
[INFO] --- maven-clean-plugin:2.5:clean (remove-future-jre-sources) @ postgresql ---
[INFO] 
[INFO] --- maven-resources-plugin:2.6:resources (default-resources) @ postgresql ---
[INFO] Using 'UTF-8' encoding to copy filtered resources.
[INFO] Copying 17 resources
[INFO] 
[INFO] --- maven-compiler-plugin:3.3:compile (default-compile) @ postgresql ---
[INFO] Toolchain in maven-compiler-plugin: JDK[/usr/lib/jvm/java-8-oracle]
[INFO] Changes detected - recompiling the module!
[INFO] Compiling 214 source files to /home/travis/build/pgjdbc/pgjdbc/pgjdbc/target/classes
[INFO] 
[INFO] --- jcp:6.0.1:preprocess (preprocessTestSources) @ postgresql ---
[INFO] Added MAVEN property mvn.project.name=PostgreSQL JDBC Driver - JDBC 4.2
[INFO] Added MAVEN property mvn.project.version=42.2.3-SNAPSHOT
[INFO] Added MAVEN property mvn.project.url=https://github.com/pgjdbc/pgjdbc
[INFO] Added MAVEN property mvn.project.packaging=bundle
[INFO] Added MAVEN property mvn.project.modelversion=4.0.0
[INFO] Added MAVEN property mvn.project.inceptionyear=
[INFO] Added MAVEN property mvn.project.id=org.postgresql:postgresql:bundle:42.2.3-SNAPSHOT
[INFO] Added MAVEN property mvn.project.groupid=org.postgresql
[INFO] Added MAVEN property mvn.project.description=Java JDBC 4.2 (JRE 8+) driver for PostgreSQL database
[INFO] Added MAVEN property mvn.project.artifact.id=org.postgresql:postgresql:bundle:42.2.3-SNAPSHOT
[INFO] Added MAVEN property mvn.project.artifact.artifactid=postgresql
[INFO] Added MAVEN property mvn.project.artifact.baseversion=42.2.3-SNAPSHOT
[INFO] Added MAVEN property mvn.project.artifact.dependencyconflictid=org.postgresql:postgresql:bundle
[INFO] Added MAVEN property mvn.project.artifact.downloadurl=
[INFO] Added MAVEN property mvn.project.artifact.groupid=org.postgresql
[INFO] Added MAVEN property mvn.project.artifact.scope=
[INFO] Added MAVEN property mvn.project.artifact.type=bundle
[INFO] Added MAVEN property mvn.project.artifact.version=42.2.3-SNAPSHOT
[INFO] Added MAVEN property mvn.project.build.directory=/home/travis/build/pgjdbc/pgjdbc/pgjdbc/target
[INFO] Added MAVEN property mvn.project.build.defaultgoal=
[INFO] Added MAVEN property mvn.project.build.outputdirectory=/home/travis/build/pgjdbc/pgjdbc/pgjdbc/target/classes
[INFO] Added MAVEN property mvn.project.build.scriptsourcedirectory=/home/travis/build/pgjdbc/pgjdbc/pgjdbc/src/main/scripts
[INFO] Added MAVEN property mvn.project.build.sourcedirectory=/home/travis/build/pgjdbc/pgjdbc/pgjdbc/src/main/java
[INFO] Added MAVEN property mvn.project.build.testoutputdirectory=/home/travis/build/pgjdbc/pgjdbc/pgjdbc/target/test-classes
[INFO] Added MAVEN property mvn.project.build.testsourcedirectory=/home/travis/build/pgjdbc/pgjdbc/pgjdbc/src/test/java
[INFO] Added MAVEN property mvn.project.organization.name=PostgreSQL Global Development Group
[INFO] Added MAVEN property mvn.project.organization.url=https://jdbc.postgresql.org/
[INFO] Added MAVEN property mvn.project.activeprofiles=standard-with-extra-repos
[INFO] Added MAVEN property mvn.project.property.postgresql.enforce.jdk.version=1.8
[INFO] Added MAVEN property mvn.project.property.postgresql.preprocessed.test.sources.directory=/home/travis/build/pgjdbc/pgjdbc/pgjdbc/target/gen-test-src
[INFO] Added MAVEN property mvn.project.property.loggerlevel=OFF
[INFO] Added MAVEN property mvn.project.property.javac.target=1.8
[INFO] Added MAVEN property mvn.project.property.postgresql.driver.fullversion=PostgreSQL JDBC4.2
[INFO] Added MAVEN property mvn.project.property.jdbc.specification.version=4.2
[INFO] Added MAVEN property mvn.project.property.unzip.jdk.ant.build.xml=/home/travis/build/pgjdbc/pgjdbc/pgjdbc/target/unzip-jdk-ant.xml
[INFO] Added MAVEN property mvn.project.property.loggerfile=target/pgjdbc-tests.log
[INFO] Added MAVEN property mvn.project.property.parsedversion.minorversion=2
[INFO] Added MAVEN property mvn.project.property.secondaryserverport2=5434
[INFO] Added MAVEN property mvn.project.property.project.build.sourceencoding=UTF-8
[INFO] Added MAVEN property mvn.project.property.build.properties.relative.path=/home/travis/build/pgjdbc/pgjdbc/pgjdbc/..
[INFO] Added MAVEN property mvn.project.property.privilegedpassword=***** [hidden because may contain private info]
[INFO] Added MAVEN property mvn.project.property.waffleenabled=true
[INFO] Added MAVEN property mvn.project.property.skip.assembly=false
[INFO] Added MAVEN property mvn.project.property.secondaryport=5433
[INFO] Added MAVEN property mvn.project.property.protocolversion=0
[INFO] Added MAVEN property mvn.project.property.postgresql.preprocessed.sources.directory=/home/travis/build/pgjdbc/pgjdbc/pgjdbc/target/gen-src
[INFO] Added MAVEN property mvn.project.property.osgienabled=true
[INFO] Added MAVEN property mvn.project.property.preparethreshold=5
[INFO] Added MAVEN property mvn.project.property.secondaryserver2=localhost
[INFO] Added MAVEN property mvn.project.property.password=***** [hidden because may contain private info]
[INFO] Added MAVEN property mvn.project.property.jdbc.specification.version.nodot=42
[INFO] Added MAVEN property mvn.project.property.username=test
[INFO] Added MAVEN property mvn.project.property.parsedversion.buildnumber=0
[INFO] Added MAVEN property mvn.project.property.server=localhost
[INFO] Added MAVEN property mvn.project.property.port=5432
[INFO] Added MAVEN property mvn.project.property.secondaryserver=localhost
[INFO] Added MAVEN property mvn.project.property.template.default.pg.port=5432
[INFO] Added MAVEN property mvn.project.property.parsedversion.qualifier=SNAPSHOT
[INFO] Added MAVEN property mvn.project.property.waffle-jna.version=1.7.5
[INFO] Added MAVEN property mvn.project.property.skip.unzip-jdk-src=true
[INFO] Added MAVEN property mvn.project.property.database=test
[INFO] Added MAVEN property mvn.project.property.parsedversion.incrementalversion=3
[INFO] Added MAVEN property mvn.project.property.sspiusername=testsspi
[INFO] Added MAVEN property mvn.project.property.privilegeduser=postgres
[INFO] Added MAVEN property mvn.project.property.checkstyle.version=8.5
[INFO] Added MAVEN property mvn.project.property.parsedversion.majorversion=42
[INFO] Added MAVEN property mvn.project.property.parsedversion.osgiversion=42.2.3.SNAPSHOT
[INFO] Added MAVEN property mvn.project.property.postgresql.jdbc.spec=JDBC4.2
[INFO] Added MAVEN property mvn.project.property.argline=-Xmx512m
[INFO] Preprocess sources : /home/travis/build/pgjdbc/pgjdbc/pgjdbc/src/test/java
[INFO] Preprocess destination : /home/travis/build/pgjdbc/pgjdbc/pgjdbc/target/gen-test-src
[INFO] -----------------------------------------------------------------
[INFO] Completed, preprocessed 178 files, copied 2 files, elapsed time 142ms
[INFO] A Compile source root has been removed from the root list [/home/travis/build/pgjdbc/pgjdbc/pgjdbc/src/test/java]
[INFO] The New compile source root has been added into the list [/home/travis/build/pgjdbc/pgjdbc/pgjdbc/target/gen-test-src]
[INFO] 
[INFO] --- maven-clean-plugin:2.5:clean (remove-future-jre-test-sources) @ postgresql ---
[INFO] 
[INFO] --- maven-resources-plugin:2.6:testResources (default-testResources) @ postgresql ---
[INFO] Using 'UTF-8' encoding to copy filtered resources.
[INFO] Copying 1 resource
[INFO] 
[INFO] --- maven-compiler-plugin:3.3:testCompile (default-testCompile) @ postgresql ---
[INFO] Toolchain in maven-compiler-plugin: JDK[/usr/lib/jvm/java-8-oracle]
[INFO] Changes detected - recompiling the module!
[INFO] Compiling 178 source files to /home/travis/build/pgjdbc/pgjdbc/pgjdbc/target/test-classes
[INFO] 
[INFO] --- maven-surefire-plugin:2.18.1:test (default-test) @ postgresql ---
[INFO] Toolchain in maven-surefire-plugin: JDK[/usr/lib/jvm/java-8-oracle]
[INFO] Surefire report directory: /home/travis/build/pgjdbc/pgjdbc/pgjdbc/target/surefire-reports

-------------------------------------------------------
 T E S T S
-------------------------------------------------------
Picked up _JAVA_OPTIONS: -Xmx2048m -Xms512m
Configuration file /home/travis/build/pgjdbc/pgjdbc/pgjdbc/../build.local.properties does not exist. Consider adding it to specify test db host and login
Skipping SingleCertSocketFactoryTests. To enable set the property testsinglecertfactory=true in the ssltest.properties file.
Configuration file /home/travis/build/pgjdbc/pgjdbc/pgjdbc/../ssltest.local.properties does not exist. Consider adding it to specify test db host and login
Skipping ssloff9.
Skipping sslhostnossl9.
Skipping sslhostgh9.
Skipping sslhostbh9.
Skipping sslhostsslgh9.
Skipping sslhostsslbh9.
Skipping sslhostsslcertgh9.
Skipping sslhostsslcertbh9.
Skipping sslcertgh9.
Skipping sslcertbh9.
Configuration file /home/travis/build/pgjdbc/pgjdbc/pgjdbc/../build.local.properties does not exist. Consider adding it to specify test db host and login
Running org.postgresql.test.jdbc2.optional.OptionalTestSuite
Tests run: 58, Failures: 0, Errors: 0, Skipped: 1, Time elapsed: 1.253 sec - in org.postgresql.test.jdbc2.optional.OptionalTestSuite
Running org.postgresql.test.jdbc2.Jdbc2TestSuite
java.version = 1.8.0_151, JavaVersion.getRuntimeVersion() = v1_8
[testFastCloses] total counts for each sql state: {0=324, 55000=676}
Using seed = 1525959078946 for StrangeInputStream. Set -DStrangeInputStream.seed=1525959078946 to reproduce the test
Using seed = 1525959079313 for StrangeInputStream. Set -DStrangeInputStream.seed=1525959079313 to reproduce the test
Using seed = 1525959079647 for StrangeInputStream. Set -DStrangeInputStream.seed=1525959079647 to reproduce the test
Using seed = 1525959080049 for StrangeInputStream. Set -DStrangeInputStream.seed=1525959080049 to reproduce the test
Using seed = 1525959080369 for StrangeInputStream. Set -DStrangeInputStream.seed=1525959080369 to reproduce the test
Using seed = 1525959080797 for StrangeInputStream. Set -DStrangeInputStream.seed=1525959080797 to reproduce the test
Using seed = 1525959081169 for StrangeInputStream. Set -DStrangeInputStream.seed=1525959081169 to reproduce the test
Using seed = 1525959081623 for StrangeInputStream. Set -DStrangeInputStream.seed=1525959081623 to reproduce the test
Using seed = 1525959082172 for StrangeInputStream. Set -DStrangeInputStream.seed=1525959082172 to reproduce the test
Using seed = 1525959082691 for StrangeInputStream. Set -DStrangeInputStream.seed=1525959082691 to reproduce the test
Tests run: 4352, Failures: 0, Errors: 0, Skipped: 46, Time elapsed: 88.189 sec - in org.postgresql.test.jdbc2.Jdbc2TestSuite
Running org.postgresql.test.jdbc2.AutoRollbackTestSuite
Tests run: 492, Failures: 0, Errors: 0, Skipped: 0, Time elapsed: 5.49 sec - in org.postgresql.test.jdbc2.AutoRollbackTestSuite
Running org.postgresql.test.jdbc4.jdbc41.Jdbc41TestSuite
JUnit used sun.misc.Launcher$AppClassLoader@6bc7c054
SeparateClassLoaderInvokeMethod used sun.misc.Launcher$AppClassLoader@6bc7c054
se.jiderhamn.classloader.RedefiningClassLoader[org.postgresql.test.jdbc4.jdbc41.SharedTimerClassLoaderLeakTest.sharedTimerDoesNotCauseLeak]@f8cf9c0 is being finalized
Tests run: 58, Failures: 0, Errors: 0, Skipped: 1, Time elapsed: 1.922 sec - in org.postgresql.test.jdbc4.jdbc41.Jdbc41TestSuite
Running org.postgresql.test.jdbc4.Jdbc4TestSuite
Tests run: 154, Failures: 0, Errors: 0, Skipped: 0, Time elapsed: 2.754 sec - in org.postgresql.test.jdbc4.Jdbc4TestSuite
Running org.postgresql.test.jdbc42.Jdbc42TestSuite
Tests run: 45, Failures: 0, Errors: 0, Skipped: 0, Time elapsed: 7.128 sec - in org.postgresql.test.jdbc42.Jdbc42TestSuite
Running org.postgresql.test.jdbc3.Jdbc3TestSuite
Tests run: 259, Failures: 0, Errors: 0, Skipped: 6, Time elapsed: 2.63 sec - in org.postgresql.test.jdbc3.Jdbc3TestSuite
Running org.postgresql.test.ssl.SingleCertValidatingFactoryTestSuite
Skipping SingleCertSocketFactoryTests. To enable set the property testsinglecertfactory=true in the ssltest.properties file.
Tests run: 0, Failures: 0, Errors: 0, Skipped: 0, Time elapsed: 0 sec - in org.postgresql.test.ssl.SingleCertValidatingFactoryTestSuite
Running org.postgresql.test.ssl.SslTestSuite
Configuration file /home/travis/build/pgjdbc/pgjdbc/pgjdbc/../ssltest.local.properties does not exist. Consider adding it to specify test db host and login
Skipping ssloff9.
Skipping sslhostnossl9.
Skipping sslhostgh9.
Skipping sslhostbh9.
Skipping sslhostsslgh9.
Skipping sslhostsslbh9.
Skipping sslhostsslcertgh9.
Skipping sslhostsslcertbh9.
Skipping sslcertgh9.
Skipping sslcertbh9.
Tests run: 0, Failures: 0, Errors: 0, Skipped: 0, Time elapsed: 0 sec - in org.postgresql.test.ssl.SslTestSuite
Running org.postgresql.test.extensions.ExtensionsTestSuite
Tests run: 5, Failures: 0, Errors: 0, Skipped: 0, Time elapsed: 0.045 sec - in org.postgresql.test.extensions.ExtensionsTestSuite
Running org.postgresql.test.hostchooser.MultiHostTestSuite
Tests run: 1, Failures: 0, Errors: 0, Skipped: 0, Time elapsed: 0 sec - in org.postgresql.test.hostchooser.MultiHostTestSuite
Running org.postgresql.test.socketfactory.SocketFactoryTestSuite
Tests run: 1, Failures: 0, Errors: 0, Skipped: 0, Time elapsed: 0.003 sec - in org.postgresql.test.socketfactory.SocketFactoryTestSuite
Running org.postgresql.test.xa.XATestSuite
Tests run: 27, Failures: 0, Errors: 0, Skipped: 27, Time elapsed: 0.231 sec - in org.postgresql.test.xa.XATestSuite
Running org.postgresql.test.jre8.core.Jre8TestSuite
Tests run: 1, Failures: 0, Errors: 0, Skipped: 0, Time elapsed: 0.015 sec - in org.postgresql.test.jre8.core.Jre8TestSuite
Running org.postgresql.test.osgi.OsgiTestSuite
Tests run: 8, Failures: 0, Errors: 0, Skipped: 0, Time elapsed: 0 sec - in org.postgresql.test.osgi.OsgiTestSuite
Running org.postgresql.jdbc.ArraysTestSuite
Tests run: 90, Failures: 0, Errors: 0, Skipped: 0, Time elapsed: 0.036 sec - in org.postgresql.jdbc.ArraysTestSuite
Running org.postgresql.replication.ReplicationTestSuite
Tests run: 1, Failures: 0, Errors: 0, Skipped: 1, Time elapsed: 0.008 sec - in org.postgresql.replication.ReplicationTestSuite

Results :

Tests run: 5552, Failures: 0, Errors: 0, Skipped: 82

[INFO] 
[INFO] --- maven-bundle-plugin:2.5.3:bundle (default-bundle) @ postgresql ---
[INFO] 
[INFO] --- maven-shade-plugin:3.1.0:shade (default) @ postgresql ---
[INFO] Including com.ongres.scram:client:jar:1.0.0-beta.2 in the shaded jar.
[INFO] Including com.ongres.scram:common:jar:1.0.0-beta.2 in the shaded jar.
[INFO] Including com.github.dblock.waffle:waffle-jna:jar:1.7.5 in the shaded jar.
[INFO] Including net.java.dev.jna:jna:jar:4.2.1 in the shaded jar.
[INFO] Including net.java.dev.jna:jna-platform:jar:4.2.1 in the shaded jar.
[INFO] Including org.slf4j:jcl-over-slf4j:jar:1.7.12 in the shaded jar.
[INFO] Minimizing jar org.postgresql:postgresql:bundle:42.2.3-SNAPSHOT
[INFO] Minimized 369 -> 369 (100%)
[INFO] Replacing original artifact with shaded artifact.
[INFO] Replacing /home/travis/build/pgjdbc/pgjdbc/pgjdbc/target/postgresql-42.2.3-SNAPSHOT.jar with /home/travis/build/pgjdbc/pgjdbc/pgjdbc/target/postgresql-42.2.3-SNAPSHOT-shaded.jar
[INFO] Dependency-reduced POM written at: /home/travis/build/pgjdbc/pgjdbc/pgjdbc/dependency-reduced-pom.xml
[INFO] 
[INFO] ------------------------------------------------------------------------
[INFO] Building PostgreSQL JDBC Driver - benchmarks 42.2.3-SNAPSHOT
[INFO] ------------------------------------------------------------------------
[INFO] 
[INFO] --- maven-clean-plugin:2.5:clean (default-clean) @ pgjdbc-benchmark ---
[INFO] 
[INFO] --- maven-antrun-plugin:1.7:run (create-unzipjdkant.xml) @ pgjdbc-benchmark ---
[INFO] Executing tasks

main:
     [echo] Generating /home/travis/build/pgjdbc/pgjdbc/ubenchmark/target/unzip-jdk-ant.xml
[INFO] Executed tasks
[INFO] 
[INFO] --- jcp:6.0.1:preprocess (preprocessSources) @ pgjdbc-benchmark ---
[INFO] Added MAVEN property mvn.project.name=PostgreSQL JDBC Driver - benchmarks
[INFO] Added MAVEN property mvn.project.version=42.2.3-SNAPSHOT
[INFO] Added MAVEN property mvn.project.url=https://github.com/pgjdbc/pgjdbc
[INFO] Added MAVEN property mvn.project.packaging=jar
[INFO] Added MAVEN property mvn.project.modelversion=4.0.0
[INFO] Added MAVEN property mvn.project.inceptionyear=
[INFO] Added MAVEN property mvn.project.id=org.postgresql:pgjdbc-benchmark:jar:42.2.3-SNAPSHOT
[INFO] Added MAVEN property mvn.project.groupid=org.postgresql
[INFO] Added MAVEN property mvn.project.description=PostgreSQL JDBC Driver - benchmarks
[INFO] Added MAVEN property mvn.project.artifact.id=org.postgresql:pgjdbc-benchmark:jar:42.2.3-SNAPSHOT
[INFO] Added MAVEN property mvn.project.artifact.artifactid=pgjdbc-benchmark
[INFO] Added MAVEN property mvn.project.artifact.baseversion=42.2.3-SNAPSHOT
[INFO] Added MAVEN property mvn.project.artifact.dependencyconflictid=org.postgresql:pgjdbc-benchmark:jar
[INFO] Added MAVEN property mvn.project.artifact.downloadurl=
[INFO] Added MAVEN property mvn.project.artifact.groupid=org.postgresql
[INFO] Added MAVEN property mvn.project.artifact.scope=
[INFO] Added MAVEN property mvn.project.artifact.type=jar
[INFO] Added MAVEN property mvn.project.artifact.version=42.2.3-SNAPSHOT
[INFO] Added MAVEN property mvn.project.build.directory=/home/travis/build/pgjdbc/pgjdbc/ubenchmark/target
[INFO] Added MAVEN property mvn.project.build.defaultgoal=
[INFO] Added MAVEN property mvn.project.build.outputdirectory=/home/travis/build/pgjdbc/pgjdbc/ubenchmark/target/classes
[INFO] Added MAVEN property mvn.project.build.scriptsourcedirectory=/home/travis/build/pgjdbc/pgjdbc/ubenchmark/src/main/scripts
[INFO] Added MAVEN property mvn.project.build.sourcedirectory=/home/travis/build/pgjdbc/pgjdbc/ubenchmark/src/main/java
[INFO] Added MAVEN property mvn.project.build.testoutputdirectory=/home/travis/build/pgjdbc/pgjdbc/ubenchmark/target/test-classes
[INFO] Added MAVEN property mvn.project.build.testsourcedirectory=/home/travis/build/pgjdbc/pgjdbc/ubenchmark/src/test/java
[INFO] Added MAVEN property mvn.project.organization.name=PostgreSQL Global Development Group
[INFO] Added MAVEN property mvn.project.organization.url=http://jdbc.postgresql.org/
[INFO] Added MAVEN property mvn.project.activeprofiles=standard-with-extra-repos
[INFO] Added MAVEN property mvn.project.property.current.jdk=1.8
[INFO] Added MAVEN property mvn.project.property.postgresql.driver.fullversion=PostgreSQL JDBC${jdbc.specification.version}
[INFO] Added MAVEN property mvn.project.property.waffle-jna.version=1.7.5
[INFO] Added MAVEN property mvn.project.property.template.default.pg.port=5432
[INFO] Added MAVEN property mvn.project.property.skip.unzip-jdk-src=true
[INFO] Added MAVEN property mvn.project.property.jmh.version=1.17.4
[INFO] Added MAVEN property mvn.project.property.uberjar.name=benchmarks
[INFO] Added MAVEN property mvn.project.property.postgresql.jdbc.spec=JDBC${jdbc.specification.version}
[INFO] Added MAVEN property mvn.project.property.postgresql.preprocessed.test.sources.directory=/home/travis/build/pgjdbc/pgjdbc/ubenchmark/target/gen-test-src
[INFO] Added MAVEN property mvn.project.property.javac.target=1.8
[INFO] Added MAVEN property mvn.project.property.project.build.sourceencoding=UTF-8
[INFO] Added MAVEN property mvn.project.property.postgresql.preprocessed.sources.directory=/home/travis/build/pgjdbc/pgjdbc/ubenchmark/target/gen-src
[INFO] Added MAVEN property mvn.project.property.unzip.jdk.ant.build.xml=/home/travis/build/pgjdbc/pgjdbc/ubenchmark/target/unzip-jdk-ant.xml
[INFO] Added MAVEN property mvn.project.property.argline=-Xmx512m
[INFO] Preprocess sources : /home/travis/build/pgjdbc/pgjdbc/ubenchmark/src/main/java
[INFO] Preprocess destination : /home/travis/build/pgjdbc/pgjdbc/ubenchmark/target/gen-src
[INFO] -----------------------------------------------------------------
[INFO] Completed, preprocessed 17 files, copied 0 files, elapsed time 73ms
[INFO] A Compile source root has been removed from the root list [/home/travis/build/pgjdbc/pgjdbc/ubenchmark/src/main/java]
[INFO] The New compile source root has been added into the list [/home/travis/build/pgjdbc/pgjdbc/ubenchmark/target/gen-src]
[INFO] 
[INFO] --- maven-resources-plugin:2.6:resources (default-resources) @ pgjdbc-benchmark ---
[INFO] Using 'UTF-8' encoding to copy filtered resources.
[INFO] skip non existing resourceDirectory /home/travis/build/pgjdbc/pgjdbc/ubenchmark/src/main/resources
[INFO] 
[INFO] --- maven-compiler-plugin:3.3:compile (default-compile) @ pgjdbc-benchmark ---
[INFO] Compiling 17 source files to /home/travis/build/pgjdbc/pgjdbc/ubenchmark/target/classes
[INFO] 
[INFO] --- jcp:6.0.1:preprocess (preprocessTestSources) @ pgjdbc-benchmark ---
[INFO] Added MAVEN property mvn.project.name=PostgreSQL JDBC Driver - benchmarks
[INFO] Added MAVEN property mvn.project.version=42.2.3-SNAPSHOT
[INFO] Added MAVEN property mvn.project.url=https://github.com/pgjdbc/pgjdbc
[INFO] Added MAVEN property mvn.project.packaging=jar
[INFO] Added MAVEN property mvn.project.modelversion=4.0.0
[INFO] Added MAVEN property mvn.project.inceptionyear=
[INFO] Added MAVEN property mvn.project.id=org.postgresql:pgjdbc-benchmark:jar:42.2.3-SNAPSHOT
[INFO] Added MAVEN property mvn.project.groupid=org.postgresql
[INFO] Added MAVEN property mvn.project.description=PostgreSQL JDBC Driver - benchmarks
[INFO] Added MAVEN property mvn.project.artifact.id=org.postgresql:pgjdbc-benchmark:jar:42.2.3-SNAPSHOT
[INFO] Added MAVEN property mvn.project.artifact.artifactid=pgjdbc-benchmark
[INFO] Added MAVEN property mvn.project.artifact.baseversion=42.2.3-SNAPSHOT
[INFO] Added MAVEN property mvn.project.artifact.dependencyconflictid=org.postgresql:pgjdbc-benchmark:jar
[INFO] Added MAVEN property mvn.project.artifact.downloadurl=
[INFO] Added MAVEN property mvn.project.artifact.groupid=org.postgresql
[INFO] Added MAVEN property mvn.project.artifact.scope=
[INFO] Added MAVEN property mvn.project.artifact.type=jar
[INFO] Added MAVEN property mvn.project.artifact.version=42.2.3-SNAPSHOT
[INFO] Added MAVEN property mvn.project.build.directory=/home/travis/build/pgjdbc/pgjdbc/ubenchmark/target
[INFO] Added MAVEN property mvn.project.build.defaultgoal=
[INFO] Added MAVEN property mvn.project.build.outputdirectory=/home/travis/build/pgjdbc/pgjdbc/ubenchmark/target/classes
[INFO] Added MAVEN property mvn.project.build.scriptsourcedirectory=/home/travis/build/pgjdbc/pgjdbc/ubenchmark/src/main/scripts
[INFO] Added MAVEN property mvn.project.build.sourcedirectory=/home/travis/build/pgjdbc/pgjdbc/ubenchmark/src/main/java
[INFO] Added MAVEN property mvn.project.build.testoutputdirectory=/home/travis/build/pgjdbc/pgjdbc/ubenchmark/target/test-classes
[INFO] Added MAVEN property mvn.project.build.testsourcedirectory=/home/travis/build/pgjdbc/pgjdbc/ubenchmark/src/test/java
[INFO] Added MAVEN property mvn.project.organization.name=PostgreSQL Global Development Group
[INFO] Added MAVEN property mvn.project.organization.url=http://jdbc.postgresql.org/
[INFO] Added MAVEN property mvn.project.activeprofiles=standard-with-extra-repos
[INFO] Added MAVEN property mvn.project.property.current.jdk=1.8
[INFO] Added MAVEN property mvn.project.property.postgresql.driver.fullversion=PostgreSQL JDBC${jdbc.specification.version}
[INFO] Added MAVEN property mvn.project.property.waffle-jna.version=1.7.5
[INFO] Added MAVEN property mvn.project.property.template.default.pg.port=5432
[INFO] Added MAVEN property mvn.project.property.skip.unzip-jdk-src=true
[INFO] Added MAVEN property mvn.project.property.jmh.version=1.17.4
[INFO] Added MAVEN property mvn.project.property.uberjar.name=benchmarks
[INFO] Added MAVEN property mvn.project.property.postgresql.jdbc.spec=JDBC${jdbc.specification.version}
[INFO] Added MAVEN property mvn.project.property.postgresql.preprocessed.test.sources.directory=/home/travis/build/pgjdbc/pgjdbc/ubenchmark/target/gen-test-src
[INFO] Added MAVEN property mvn.project.property.javac.target=1.8
[INFO] Added MAVEN property mvn.project.property.project.build.sourceencoding=UTF-8
[INFO] Added MAVEN property mvn.project.property.postgresql.preprocessed.sources.directory=/home/travis/build/pgjdbc/pgjdbc/ubenchmark/target/gen-src
[INFO] Added MAVEN property mvn.project.property.unzip.jdk.ant.build.xml=/home/travis/build/pgjdbc/pgjdbc/ubenchmark/target/unzip-jdk-ant.xml
[INFO] Added MAVEN property mvn.project.property.argline=-Xmx512m
[INFO] Preprocess sources : /home/travis/build/pgjdbc/pgjdbc/ubenchmark/src/test/java
[INFO] Preprocess destination : /home/travis/build/pgjdbc/pgjdbc/ubenchmark/target/gen-test-src
[INFO] -----------------------------------------------------------------
[INFO] Completed, preprocessed 1 files, copied 0 files, elapsed time 1ms
[INFO] A Compile source root has been removed from the root list [/home/travis/build/pgjdbc/pgjdbc/ubenchmark/src/test/java]
[INFO] The New compile source root has been added into the list [/home/travis/build/pgjdbc/pgjdbc/ubenchmark/target/gen-test-src]
[INFO] 
[INFO] --- maven-resources-plugin:2.6:testResources (default-testResources) @ pgjdbc-benchmark ---
[INFO] Using 'UTF-8' encoding to copy filtered resources.
[INFO] skip non existing resourceDirectory /home/travis/build/pgjdbc/pgjdbc/ubenchmark/src/test/resources
[INFO] 
[INFO] --- maven-compiler-plugin:3.3:testCompile (default-testCompile) @ pgjdbc-benchmark ---
[INFO] Nothing to compile - all classes are up to date
[INFO] 
[INFO] --- maven-surefire-plugin:2.18.1:test (default-test) @ pgjdbc-benchmark ---
[INFO] No tests to run.
[INFO] 
[INFO] --- maven-jar-plugin:2.6:jar (default-jar) @ pgjdbc-benchmark ---
[INFO] Building jar: /home/travis/build/pgjdbc/pgjdbc/ubenchmark/target/pgjdbc-benchmark-42.2.3-SNAPSHOT.jar
[INFO] 
[INFO] --- maven-shade-plugin:2.2:shade (default) @ pgjdbc-benchmark ---
[INFO] Including org.openjdk.jmh:jmh-core:jar:1.17.4 in the shaded jar.
[INFO] Including net.sf.jopt-simple:jopt-simple:jar:4.6 in the shaded jar.
[INFO] Including org.apache.commons:commons-math3:jar:3.2 in the shaded jar.
[INFO] Including org.postgresql:postgresql:jar:42.2.3-SNAPSHOT in the shaded jar.
[INFO] Including com.ongres.scram:client:jar:1.0.0-beta.2 in the shaded jar.
[INFO] Including com.ongres.scram:common:jar:1.0.0-beta.2 in the shaded jar.
[INFO] Replacing /home/travis/build/pgjdbc/pgjdbc/ubenchmark/target/benchmarks.jar with /home/travis/build/pgjdbc/pgjdbc/ubenchmark/target/pgjdbc-benchmark-42.2.3-SNAPSHOT-shaded.jar
[INFO] 
[INFO] ------------------------------------------------------------------------
[INFO] Building PostgreSQL JDBC Driver aggregate 42.2.3-SNAPSHOT
[INFO] ------------------------------------------------------------------------
[INFO] 
[INFO] --- maven-clean-plugin:2.5:clean (default-clean) @ pgjdbc-aggregate ---
[INFO] 
[INFO] --- maven-antrun-plugin:1.7:run (create-unzipjdkant.xml) @ pgjdbc-aggregate ---
[INFO] Executing tasks

main:
     [echo] Generating /home/travis/build/pgjdbc/pgjdbc/target/unzip-jdk-ant.xml
[INFO] Executed tasks
[INFO] ------------------------------------------------------------------------
[INFO] Reactor Summary:
[INFO] 
[INFO] PostgreSQL JDBC Driver - JDBC 4.2 .................. SUCCESS [02:11 min]
[INFO] PostgreSQL JDBC Driver - benchmarks ................ SUCCESS [  5.522 s]
[INFO] PostgreSQL JDBC Driver aggregate ................... SUCCESS [  0.050 s]
[INFO] ------------------------------------------------------------------------
[INFO] BUILD SUCCESS
[INFO] ------------------------------------------------------------------------
[INFO] Total time: 02:18 min
[INFO] Finished at: 2018-05-10T16:31:53+03:00
[INFO] Final Memory: 52M/877M
[INFO] ------------------------------------------------------------------------
+[[ N == \Y ]]
+[[ '' == *\Y ]]

travis_time:end:06b89f02:start=1525958972903649352,finish=1525959113741713632,duration=140838064280[0K
[32;1mThe command "if [[ $TRAVIS_BRANCH == release/* ]]; then .travis/travis_release.sh; else ./.travis/travis_build.sh; fi" exited with 0.[0m
travis_time:start:0bdd5cb4[0K$ ./.travis/travis_check_postgres_health.sh

travis_time:end:0bdd5cb4:start=1525959113749301183,finish=1525959113759098373,duration=9797190[0K
[32;1mThe command "./.travis/travis_check_postgres_health.sh" exited with 0.[0m
travis_fold:start:before_cache.1[0Ktravis_time:start:1fd66bc5[0K$ rm -rf $HOME/.m2/repository/org/postgresql

travis_time:end:1fd66bc5:start=1525959113766096768,finish=1525959113773163052,duration=7066284[0Ktravis_fold:end:before_cache.1[0Ktravis_fold:start:before_cache.2[0Ktravis_time:start:1171a075[0K$ find $HOME/.ivy2 -name "ivydata-*.properties" -delete

travis_time:end:1171a075:start=1525959113779561199,finish=1525959113786606703,duration=7045504[0Ktravis_fold:end:before_cache.2[0Ktravis_fold:start:before_cache.3[0Ktravis_time:start:0298d2b0[0K$ find $HOME/.sbt -name "*.lock" -delete

travis_time:end:0298d2b0:start=1525959113792970409,finish=1525959113799857977,duration=6887568[0Ktravis_fold:end:before_cache.3[0Ktravis_fold:start:cache.2[0Kstore build cache
travis_time:start:021c0a84[0K
travis_time:end:021c0a84:start=1525959113806033994,finish=1525959113810871935,duration=4837941[0Ktravis_time:start:01d2be8e[0K[32;1mnothing changed, not updating cache[0m

travis_time:end:01d2be8e:start=1525959113816855484,finish=1525959115343865725,duration=1527010241[0Ktravis_fold:end:cache.2[0Ktravis_fold:start:after_success[0Ktravis_time:start:089659ec[0K$ test $TRAVIS_PULL_REQUEST == 'false' && test $TRAVIS_BRANCH == 'master' && test $MCENTRAL == 'Y' && ./.travis/travis_deploy.sh

travis_time:end:089659ec:start=1525959115350416993,finish=1525959115355552046,duration=5135053[0Ktravis_fold:end:after_success[0K
Done. Your build exited with 0.
