Using worker: worker-linux-docker-d4fc262d.prod.travis-ci.org:travis-linux-7

travis_fold:start:system_info[0K[33;1mBuild system information[0m
Build language: java
[34m[1mBuild image provisioning date and time[0m
Thu Feb  5 15:09:33 UTC 2015
[34m[1mOperating System Details[0m
Distributor ID:	Ubuntu
Description:	Ubuntu 12.04.5 LTS
Release:	12.04
Codename:	precise
[34m[1mLinux Version[0m
3.13.0-29-generic
[34m[1mCookbooks Version[0m
a68419e https://github.com/travis-ci/travis-cookbooks/tree/a68419e
[34m[1mGCC version[0m
gcc (Ubuntu/Linaro 4.6.3-1ubuntu5) 4.6.3
Copyright (C) 2011 Free Software Foundation, Inc.
This is free software; see the source for copying conditions.  There is NO
warranty; not even for MERCHANTABILITY or FITNESS FOR A PARTICULAR PURPOSE.

[34m[1mLLVM version[0m
clang version 3.4 (tags/RELEASE_34/final)
Target: x86_64-unknown-linux-gnu
Thread model: posix
[34m[1mPre-installed Ruby versions[0m
ruby-1.9.3-p551
[34m[1mPre-installed Node.js versions[0m
v0.10.36
[34m[1mPre-installed Go versions[0m
1.4.1
[34m[1mRedis version[0m
redis-server 2.8.19
[34m[1mriak version[0m
2.0.2
[34m[1mMongoDB version[0m
MongoDB 2.4.12
[34m[1mCouchDB version[0m
couchdb 1.6.1
[34m[1mNeo4j version[0m
1.9.4
[34m[1mRabbitMQ Version[0m
3.4.3
[34m[1mElasticSearch version[0m
1.4.0
[34m[1mInstalled Sphinx versions[0m
2.0.10
2.1.9
2.2.6
[34m[1mDefault Sphinx version[0m
2.2.6
[34m[1mInstalled Firefox version[0m
firefox 31.0esr
[34m[1mPhantomJS version[0m
1.9.8
[34m[1mant -version[0m
Apache Ant(TM) version 1.8.2 compiled on December 3 2011
[34m[1mmvn -version[0m
Apache Maven 3.2.5 (12a6b3acb947671f09b81f49094c53f426d8cea1; 2014-12-14T17:29:23+00:00)
Maven home: /usr/local/maven
Java version: 1.7.0_76, vendor: Oracle Corporation
Java home: /usr/lib/jvm/java-7-oracle/jre
Default locale: en_US, platform encoding: ANSI_X3.4-1968
OS name: "linux", version: "3.13.0-29-generic", arch: "amd64", family: "unix"
travis_fold:end:system_info[0K
travis_fold:start:git.checkout[0Ktravis_time:start:00d8569c[0K$ git clone --depth=100 --branch=hs_qa https://github.com/HubSpot/Singularity.git HubSpot/Singularity
Cloning into 'HubSpot/Singularity'...
remote: Counting objects: 26012, done.[K
remote: Compressing objects:   0% (1/7548)   [Kremote: Compressing objects:   1% (76/7548)   [Kremote: Compressing objects:   2% (151/7548)   [Kremote: Compressing objects:   3% (227/7548)   [Kremote: Compressing objects:   4% (302/7548)   [Kremote: Compressing objects:   5% (378/7548)   [Kremote: Compressing objects:   6% (453/7548)   [Kremote: Compressing objects:   7% (529/7548)   [Kremote: Compressing objects:   8% (604/7548)   [Kremote: Compressing objects:   9% (680/7548)   [Kremote: Compressing objects:  10% (755/7548)   [Kremote: Compressing objects:  11% (831/7548)   [Kremote: Compressing objects:  12% (906/7548)   [Kremote: Compressing objects:  13% (982/7548)   [Kremote: Compressing objects:  14% (1057/7548)   [Kremote: Compressing objects:  15% (1133/7548)   [Kremote: Compressing objects:  16% (1208/7548)   [Kremote: Compressing objects:  17% (1284/7548)   [Kremote: Compressing objects:  18% (1359/7548)   [Kremote: Compressing objects:  19% (1435/7548)   [Kremote: Compressing objects:  20% (1510/7548)   [Kremote: Compressing objects:  21% (1586/7548)   [Kremote: Compressing objects:  22% (1661/7548)   [Kremote: Compressing objects:  23% (1737/7548)   [Kremote: Compressing objects:  24% (1812/7548)   [Kremote: Compressing objects:  25% (1887/7548)   [Kremote: Compressing objects:  26% (1963/7548)   [Kremote: Compressing objects:  27% (2038/7548)   [Kremote: Compressing objects:  28% (2114/7548)   [Kremote: Compressing objects:  29% (2189/7548)   [Kremote: Compressing objects:  30% (2265/7548)   [Kremote: Compressing objects:  31% (2340/7548)   [Kremote: Compressing objects:  32% (2416/7548)   [Kremote: Compressing objects:  33% (2491/7548)   [Kremote: Compressing objects:  34% (2567/7548)   [Kremote: Compressing objects:  35% (2642/7548)   [Kremote: Compressing objects:  36% (2718/7548)   [Kremote: Compressing objects:  37% (2793/7548)   [Kremote: Compressing objects:  38% (2869/7548)   [Kremote: Compressing objects:  39% (2944/7548)   [Kremote: Compressing objects:  40% (3020/7548)   [Kremote: Compressing objects:  41% (3095/7548)   [Kremote: Compressing objects:  42% (3171/7548)   [Kremote: Compressing objects:  43% (3246/7548)   [Kremote: Compressing objects:  44% (3322/7548)   [Kremote: Compressing objects:  45% (3397/7548)   [Kremote: Compressing objects:  46% (3473/7548)   [Kremote: Compressing objects:  47% (3548/7548)   [Kremote: Compressing objects:  48% (3624/7548)   [Kremote: Compressing objects:  49% (3699/7548)   [Kremote: Compressing objects:  50% (3774/7548)   [Kremote: Compressing objects:  51% (3850/7548)   [Kremote: Compressing objects:  52% (3925/7548)   [Kremote: Compressing objects:  53% (4001/7548)   [Kremote: Compressing objects:  54% (4076/7548)   [Kremote: Compressing objects:  55% (4152/7548)   [Kremote: Compressing objects:  56% (4227/7548)   [Kremote: Compressing objects:  57% (4303/7548)   [Kremote: Compressing objects:  58% (4378/7548)   [Kremote: Compressing objects:  59% (4454/7548)   [Kremote: Compressing objects:  60% (4529/7548)   [Kremote: Compressing objects:  61% (4605/7548)   [Kremote: Compressing objects:  62% (4680/7548)   [Kremote: Compressing objects:  63% (4756/7548)   [Kremote: Compressing objects:  64% (4831/7548)   [Kremote: Compressing objects:  65% (4907/7548)   [Kremote: Compressing objects:  66% (4982/7548)   [Kremote: Compressing objects:  67% (5058/7548)   [Kremote: Compressing objects:  68% (5133/7548)   [Kremote: Compressing objects:  69% (5209/7548)   [Kremote: Compressing objects:  70% (5284/7548)   [Kremote: Compressing objects:  71% (5360/7548)   [Kremote: Compressing objects:  72% (5435/7548)   [Kremote: Compressing objects:  73% (5511/7548)   [Kremote: Compressing objects:  74% (5586/7548)   [Kremote: Compressing objects:  75% (5661/7548)   [Kremote: Compressing objects:  76% (5737/7548)   [Kremote: Compressing objects:  77% (5812/7548)   [Kremote: Compressing objects:  78% (5888/7548)   [Kremote: Compressing objects:  79% (5963/7548)   [Kremote: Compressing objects:  80% (6039/7548)   [Kremote: Compressing objects:  81% (6114/7548)   [Kremote: Compressing objects:  82% (6190/7548)   [Kremote: Compressing objects:  83% (6265/7548)   [Kremote: Compressing objects:  84% (6341/7548)   [Kremote: Compressing objects:  85% (6416/7548)   [Kremote: Compressing objects:  86% (6492/7548)   [Kremote: Compressing objects:  87% (6567/7548)   [Kremote: Compressing objects:  88% (6643/7548)   [Kremote: Compressing objects:  89% (6718/7548)   [Kremote: Compressing objects:  90% (6794/7548)   [Kremote: Compressing objects:  91% (6869/7548)   [Kremote: Compressing objects:  92% (6945/7548)   [Kremote: Compressing objects:  93% (7020/7548)   [Kremote: Compressing objects:  94% (7096/7548)   [Kremote: Compressing objects:  95% (7171/7548)   [Kremote: Compressing objects:  96% (7247/7548)   [Kremote: Compressing objects:  97% (7322/7548)   [Kremote: Compressing objects:  98% (7398/7548)   [Kremote: Compressing objects:  99% (7473/7548)   [Kremote: Compressing objects: 100% (7548/7548)   [Kremote: Compressing objects: 100% (7548/7548), done.[K
Receiving objects:   0% (1/26012)   Receiving objects:   1% (261/26012)   Receiving objects:   2% (521/26012)   Receiving objects:   3% (781/26012)   Receiving objects:   4% (1041/26012)   Receiving objects:   5% (1301/26012)   Receiving objects:   6% (1561/26012)   Receiving objects:   7% (1821/26012)   Receiving objects:   8% (2081/26012)   Receiving objects:   9% (2342/26012)   Receiving objects:  10% (2602/26012)   Receiving objects:  11% (2862/26012)   Receiving objects:  12% (3122/26012)   Receiving objects:  13% (3382/26012)   Receiving objects:  14% (3642/26012)   Receiving objects:  15% (3902/26012)   Receiving objects:  16% (4162/26012)   Receiving objects:  17% (4423/26012)   Receiving objects:  18% (4683/26012)   Receiving objects:  19% (4943/26012)   Receiving objects:  20% (5203/26012)   Receiving objects:  21% (5463/26012)   Receiving objects:  22% (5723/26012)   Receiving objects:  23% (5983/26012)   Receiving objects:  24% (6243/26012)   Receiving objects:  25% (6503/26012)   Receiving objects:  26% (6764/26012)   Receiving objects:  27% (7024/26012)   Receiving objects:  28% (7284/26012)   Receiving objects:  29% (7544/26012)   Receiving objects:  30% (7804/26012)   Receiving objects:  31% (8064/26012)   Receiving objects:  32% (8324/26012)   Receiving objects:  33% (8584/26012)   Receiving objects:  34% (8845/26012)   Receiving objects:  35% (9105/26012)   Receiving objects:  36% (9365/26012)   Receiving objects:  37% (9625/26012)   Receiving objects:  38% (9885/26012)   Receiving objects:  39% (10145/26012)   Receiving objects:  40% (10405/26012)   Receiving objects:  41% (10665/26012)   Receiving objects:  42% (10926/26012)   Receiving objects:  43% (11186/26012)   Receiving objects:  44% (11446/26012)   Receiving objects:  45% (11706/26012)   Receiving objects:  46% (11966/26012)   Receiving objects:  47% (12226/26012)   Receiving objects:  48% (12486/26012)   Receiving objects:  49% (12746/26012)   Receiving objects:  50% (13006/26012)   Receiving objects:  51% (13267/26012)   Receiving objects:  52% (13527/26012)   Receiving objects:  53% (13787/26012)   Receiving objects:  54% (14047/26012)   Receiving objects:  55% (14307/26012)   Receiving objects:  56% (14567/26012)   Receiving objects:  57% (14827/26012)   Receiving objects:  58% (15087/26012)   Receiving objects:  59% (15348/26012)   Receiving objects:  60% (15608/26012)   Receiving objects:  61% (15868/26012)   Receiving objects:  62% (16128/26012)   Receiving objects:  63% (16388/26012)   Receiving objects:  64% (16648/26012)   Receiving objects:  65% (16908/26012)   Receiving objects:  66% (17168/26012)   Receiving objects:  67% (17429/26012)   Receiving objects:  68% (17689/26012)   Receiving objects:  69% (17949/26012)   Receiving objects:  70% (18209/26012)   Receiving objects:  71% (18469/26012)   Receiving objects:  72% (18729/26012)   Receiving objects:  73% (18989/26012)   Receiving objects:  74% (19249/26012)   Receiving objects:  75% (19509/26012)   Receiving objects:  76% (19770/26012)   Receiving objects:  77% (20030/26012)   Receiving objects:  78% (20290/26012)   Receiving objects:  79% (20550/26012)   Receiving objects:  80% (20810/26012)   Receiving objects:  81% (21070/26012)   Receiving objects:  82% (21330/26012)   Receiving objects:  83% (21590/26012)   Receiving objects:  84% (21851/26012)   Receiving objects:  85% (22111/26012)   Receiving objects:  86% (22371/26012)   Receiving objects:  87% (22631/26012)   Receiving objects:  88% (22891/26012)   Receiving objects:  89% (23151/26012)   Receiving objects:  90% (23411/26012)   Receiving objects:  91% (23671/26012)   Receiving objects:  92% (23932/26012)   Receiving objects:  93% (24192/26012)   Receiving objects:  94% (24452/26012)   Receiving objects:  95% (24712/26012)   Receiving objects:  96% (24972/26012)   Receiving objects:  97% (25232/26012)   Receiving objects:  98% (25492/26012)   Receiving objects:  99% (25752/26012)   remote: Total 26012 (delta 13325), reused 24455 (delta 12034), pack-reused 0[K
Receiving objects: 100% (26012/26012)   Receiving objects: 100% (26012/26012), 5.46 MiB | 0 bytes/s, done.
Resolving deltas:   0% (0/13325)   Resolving deltas:   1% (138/13325)   Resolving deltas:   2% (284/13325)   Resolving deltas:   3% (403/13325)   Resolving deltas:   4% (595/13325)   Resolving deltas:   5% (756/13325)   Resolving deltas:   6% (800/13325)   Resolving deltas:   7% (934/13325)   Resolving deltas:   9% (1231/13325)   Resolving deltas:  10% (1351/13325)   Resolving deltas:  11% (1471/13325)   Resolving deltas:  12% (1599/13325)   Resolving deltas:  13% (1734/13325)   Resolving deltas:  14% (1867/13325)   Resolving deltas:  15% (2016/13325)   Resolving deltas:  16% (2133/13325)   Resolving deltas:  17% (2300/13325)   Resolving deltas:  18% (2483/13325)   Resolving deltas:  19% (2630/13325)   Resolving deltas:  20% (2666/13325)   Resolving deltas:  21% (2808/13325)   Resolving deltas:  22% (2933/13325)   Resolving deltas:  23% (3070/13325)   Resolving deltas:  24% (3200/13325)   Resolving deltas:  25% (3351/13325)   Resolving deltas:  26% (3470/13325)   Resolving deltas:  27% (3620/13325)   Resolving deltas:  28% (3742/13325)   Resolving deltas:  29% (3931/13325)   Resolving deltas:  30% (4084/13325)   Resolving deltas:  31% (4197/13325)   Resolving deltas:  32% (4283/13325)   Resolving deltas:  33% (4400/13325)   Resolving deltas:  34% (4652/13325)   Resolving deltas:  35% (4686/13325)   Resolving deltas:  36% (4811/13325)   Resolving deltas:  37% (4945/13325)   Resolving deltas:  38% (5144/13325)   Resolving deltas:  39% (5231/13325)   Resolving deltas:  40% (5352/13325)   Resolving deltas:  41% (5474/13325)   Resolving deltas:  42% (5607/13325)   Resolving deltas:  43% (5743/13325)   Resolving deltas:  44% (5872/13325)   Resolving deltas:  45% (6055/13325)   Resolving deltas:  46% (6151/13325)   Resolving deltas:  47% (6298/13325)   Resolving deltas:  48% (6422/13325)   Resolving deltas:  49% (6530/13325)   Resolving deltas:  50% (6664/13325)   Resolving deltas:  51% (6807/13325)   Resolving deltas:  52% (7005/13325)   Resolving deltas:  53% (7141/13325)   Resolving deltas:  54% (7205/13325)   Resolving deltas:  55% (7379/13325)   Resolving deltas:  58% (7832/13325)   Resolving deltas:  59% (7897/13325)   Resolving deltas:  60% (8004/13325)   Resolving deltas:  61% (8146/13325)   Resolving deltas:  62% (8316/13325)   Resolving deltas:  63% (8398/13325)   Resolving deltas:  64% (8534/13325)   Resolving deltas:  65% (8662/13325)   Resolving deltas:  66% (8807/13325)   Resolving deltas:  67% (8928/13325)   Resolving deltas:  68% (9075/13325)   Resolving deltas:  69% (9195/13325)   Resolving deltas:  70% (9333/13325)   Resolving deltas:  71% (9464/13325)   Resolving deltas:  72% (9595/13325)   Resolving deltas:  73% (9772/13325)   Resolving deltas:  74% (9877/13325)   Resolving deltas:  75% (10006/13325)   Resolving deltas:  76% (10138/13325)   Resolving deltas:  77% (10265/13325)   Resolving deltas:  78% (10394/13325)   Resolving deltas:  79% (10533/13325)   Resolving deltas:  80% (10682/13325)   Resolving deltas:  81% (10804/13325)   Resolving deltas:  82% (10931/13325)   Resolving deltas:  83% (11061/13325)   Resolving deltas:  84% (11200/13325)   Resolving deltas:  85% (11328/13325)   Resolving deltas:  86% (11464/13325)   Resolving deltas:  87% (11596/13325)   Resolving deltas:  88% (11736/13325)   Resolving deltas:  89% (11862/13325)   Resolving deltas:  90% (12010/13325)   Resolving deltas:  91% (12135/13325)   Resolving deltas:  92% (12259/13325)   Resolving deltas:  93% (12396/13325)   Resolving deltas:  94% (12526/13325)   Resolving deltas:  95% (12670/13325)   Resolving deltas:  96% (12794/13325)   Resolving deltas:  97% (12926/13325)   Resolving deltas:  98% (13062/13325)   Resolving deltas:  99% (13217/13325)   Resolving deltas: 100% (13325/13325)   Resolving deltas: 100% (13325/13325), done.
Checking connectivity... done.
travis_time:end:00d8569c:start=1445013875235534243,finish=1445013877434130412,duration=2198596169[0K$ cd HubSpot/Singularity
$ git checkout -qf 94f03d455e9af6af3589ea3f23fcaf798a588db0
travis_fold:end:git.checkout[0K
[33;1mThis job is running on container-based infrastructure, which does not allow use of 'sudo', setuid and setguid executables.[0m
[33;1mIf you require sudo, add 'sudo: required' to your .travis.yml[0m
[33;1mSee http://docs.travis-ci.com/user/workers/container-based-infrastructure/ for details.[0m
travis_fold:start:cache.1[0KSetting up build cache
$ export CASHER_DIR=$HOME/.casher
travis_time:start:053e5f90[0K$ Installing caching utilities
travis_time:end:053e5f90:start=1445013880183588291,finish=1445013880215692761,duration=32104470[0Ktravis_time:start:31b637e0[0Kattempting to download cache archive
fetching hs_qa/cache--jdk-oraclejdk8.tgz
found cache
travis_time:end:31b637e0:start=1445013880222497932,finish=1445013910950271885,duration=30727773953[0Ktravis_time:start:025914d4[0Kadding /home/travis/.m2 to cache
adding /home/travis/build/HubSpot/Singularity/SingularityUI/bower_components to cache
adding /home/travis/build/HubSpot/Singularity/SingularityUI/node_modules to cache
travis_time:end:025914d4:start=1445013910954503727,finish=1445013927327780937,duration=16373277210[0Ktravis_fold:end:cache.1[0K$ jdk_switcher use oraclejdk8
Switching to Oracle JDK8 (java-8-oracle), JAVA_HOME will be set to /usr/lib/jvm/java-8-oracle
$ java -Xmx32m -version
java version "1.8.0_31"
Java(TM) SE Runtime Environment (build 1.8.0_31-b13)
Java HotSpot(TM) 64-Bit Server VM (build 25.31-b07, mixed mode)
$ javac -J-Xmx32m -version
javac 1.8.0_31
travis_fold:start:install[0Ktravis_time:start:240b4acc[0K$ mvn -Pbuild-swagger-documentation -DskipTests=true -B -q -fae install
Java HotSpot(TM) 64-Bit Server VM warning: ignoring option MaxPermSize=192m; support was removed in 8.0
     [java] Oct 16, 2015 4:46:15 PM java.util.prefs.FileSystemPreferences$1 run
     [java] INFO: Created user preferences directory.
UNKNOWN TYPE: java.lang.Iterable
UNKNOWN TYPE: java.lang.Iterable
UNKNOWN TYPE: java.lang.Iterable
UNKNOWN TYPE: java.lang.Iterable
UNKNOWN TYPE: java.lang.Iterable
UNKNOWN TYPE: java.lang.Iterable
UNKNOWN TYPE: java.lang.Iterable
UNKNOWN TYPE: java.lang.Iterable
UNKNOWN TYPE: java.lang.Iterable
UNKNOWN TYPE: java.lang.Iterable
UNKNOWN TYPE: java.lang.Iterable
UNKNOWN TYPE: java.lang.Iterable
UNKNOWN TYPE: java.lang.Iterable
UNKNOWN TYPE: java.lang.Iterable
travis_time:end:240b4acc:start=1445013928983762363,finish=1445014416884948964,duration=487901186601[0Ktravis_fold:end:install[0Ktravis_time:start:394ef580[0K$ mvn -B -q -fae verify
Java HotSpot(TM) 64-Bit Server VM warning: ignoring option MaxPermSize=192m; support was removed in 8.0
UNKNOWN TYPE: java.lang.Iterable
UNKNOWN TYPE: java.lang.Iterable
UNKNOWN TYPE: java.lang.Iterable
UNKNOWN TYPE: java.lang.Iterable
UNKNOWN TYPE: java.lang.Iterable
UNKNOWN TYPE: java.lang.Iterable
UNKNOWN TYPE: java.lang.Iterable

-------------------------------------------------------
 T E S T S
-------------------------------------------------------
Running com.hubspot.singularity.data.ValidatorTest
Tests run: 1, Failures: 0, Errors: 0, Skipped: 0, Time elapsed: 9.99 sec - in com.hubspot.singularity.data.ValidatorTest
Running com.hubspot.singularity.mesos.SingularityMesosTaskBuilderTest
Tests run: 4, Failures: 0, Errors: 0, Skipped: 0, Time elapsed: 3.679 sec - in com.hubspot.singularity.mesos.SingularityMesosTaskBuilderTest
Running com.hubspot.singularity.data.zkmigrations.ZkMigrationTest
Tests run: 2, Failures: 0, Errors: 0, Skipped: 0, Time elapsed: 12.035 sec - in com.hubspot.singularity.data.zkmigrations.ZkMigrationTest
Running com.hubspot.singularity.scheduler.MesosUtilsTest
Tests run: 3, Failures: 0, Errors: 0, Skipped: 0, Time elapsed: 1.446 sec - in com.hubspot.singularity.scheduler.MesosUtilsTest
Running com.hubspot.singularity.SingularityAuthorizationHelperTest
Tests run: 15, Failures: 0, Errors: 0, Skipped: 0, Time elapsed: 2.752 sec - in com.hubspot.singularity.SingularityAuthorizationHelperTest
Running com.hubspot.singularity.mesos.SingularityStartupTest
Tests run: 4, Failures: 0, Errors: 0, Skipped: 0, Time elapsed: 20.718 sec - in com.hubspot.singularity.mesos.SingularityStartupTest
Running com.hubspot.singularity.scheduler.HistoryPersisterTest
16:57:16.537 [check-new-task-pool-0] ERROR c.h.s.s.SingularityNewTaskChecker - Uncaught throwable in task check for task SingularityTask [taskRequest=SingularityTaskRequest [request=SingularityRequest[id='test-request', requestType=WORKER, owners=Optional.absent(), numRetriesOnFailure=Optional.absent(), schedule=Optional.absent(), quartzSchedule=Optional.absent(), scheduleType=Optional.absent(), killOldNonLongRunningTasksAfterMillis=Optional.absent(), scheduledExpectedRuntimeMillis=Optional.absent(), waitAtLeastMillisAfterTaskFinishesForReschedule=Optional.absent(), daemon=Optional.absent(), instances=Optional.absent(), rackSensitive=Optional.absent(), rackAffinity=Optional.absent(), slavePlacement=Optional.absent(), loadBalanced=Optional.of(true), group=Optional.absent()], deploy=SingularityDeploy{requestId='test-request', id='firstDeployId', version=Optional.absent(), timestamp=Optional.absent(), metadata=Optional.absent(), containerInfo=Optional.absent(), customExecutorCmd=Optional.absent(), customExecutorId=Optional.absent(), customExecutorSource=Optional.absent(), customExecutorResources=Optional.absent(), customExecutorUser=Optional.absent(), resources=Optional.absent(), command=Optional.of(sleep 100), arguments=Optional.absent(), env=Optional.absent(), uris=Optional.absent(), executorData=Optional.absent(), healthcheckUri=Optional.absent(), healthcheckIntervalSeconds=Optional.absent(), healthcheckTimeoutSeconds=Optional.absent(), skipHealthchecksOnDeploy=Optional.absent(), healthcheckProtocol=Optional.absent(), healthcheckMaxRetries=Optional.absent(), healthcheckMaxTotalTimeoutSeconds=Optional.absent(), deployHealthTimeoutSeconds=Optional.absent(), considerHealthyAfterRunningForSeconds=Optional.absent(), serviceBasePath=Optional.absent(), loadBalancerGroups=Optional.absent(), loadBalancerOptions=Optional.absent(), labels=Optional.absent()}, pendingTask=SingularityPendingTask [pendingTaskId=test-request-firstDeployId-1445003835496-2-IMMEDIATE-1445003835496, cmdLineArgsList=[], user=Optional.absent(), runId=Optional.absent()]], offer=id {
  value: "offer739"
}
framework_id {
  value: "framework1"
}
slave_id {
  value: "slave1"
}
hostname: "host1"
resources {
  name: "cpus"
  type: SCALAR
  scalar {
    value: 125.0
  }
}
resources {
  name: "mem"
  type: SCALAR
  scalar {
    value: 1024.0
  }
}
attributes {
  name: "rackid"
  type: TEXT
  text {
    value: "DEFAULT"
  }
}
, mesosTask=name: "name"
task_id {
  value: "test-request-firstDeployId-1445003835496-2-host1-rack1"
}
slave_id {
  value: "slave1"
}
, rackId=Optional.of(rack1)], re-enqueing
java.lang.IllegalStateException: instance must be started before calling this method
	at com.google.common.base.Preconditions.checkState(Preconditions.java:176) ~[guava-17.0.jar:na]
	at org.apache.curator.framework.imps.CuratorFrameworkImpl.checkExists(CuratorFrameworkImpl.java:355) ~[curator-framework-2.8.0.jar:na]
	at com.hubspot.singularity.data.CuratorManager.checkExists(CuratorManager.java:105) ~[classes/:na]
	at com.hubspot.singularity.data.CuratorManager.exists(CuratorManager.java:118) ~[classes/:na]
	at com.hubspot.singularity.data.TaskManager.isActiveTask(TaskManager.java:368) ~[classes/:na]
	at com.hubspot.singularity.scheduler.SingularityNewTaskChecker.getTaskState(SingularityNewTaskChecker.java:228) ~[classes/:na]
	at com.hubspot.singularity.scheduler.SingularityNewTaskChecker.checkTask(SingularityNewTaskChecker.java:201) ~[classes/:na]
	at com.hubspot.singularity.scheduler.SingularityNewTaskChecker.access$100(SingularityNewTaskChecker.java:48) ~[classes/:na]
	at com.hubspot.singularity.scheduler.SingularityNewTaskChecker$1.run(SingularityNewTaskChecker.java:161) ~[classes/:na]
	at java.util.concurrent.Executors$RunnableAdapter.call(Executors.java:511) [na:1.8.0_31]
	at java.util.concurrent.FutureTask.run(FutureTask.java:266) [na:1.8.0_31]
	at java.util.concurrent.ScheduledThreadPoolExecutor$ScheduledFutureTask.access$201(ScheduledThreadPoolExecutor.java:180) [na:1.8.0_31]
	at java.util.concurrent.ScheduledThreadPoolExecutor$ScheduledFutureTask.run(ScheduledThreadPoolExecutor.java:293) [na:1.8.0_31]
	at java.util.concurrent.ThreadPoolExecutor.runWorker(ThreadPoolExecutor.java:1142) [na:1.8.0_31]
	at java.util.concurrent.ThreadPoolExecutor$Worker.run(ThreadPoolExecutor.java:617) [na:1.8.0_31]
	at java.lang.Thread.run(Thread.java:745) [na:1.8.0_31]
16:57:16.551 [check-new-task-pool-0] ERROR c.h.s.s.SingularityNewTaskChecker - Uncaught throwable re-enqueuing task check for task SingularityTask [taskRequest=SingularityTaskRequest [request=SingularityRequest[id='test-request', requestType=WORKER, owners=Optional.absent(), numRetriesOnFailure=Optional.absent(), schedule=Optional.absent(), quartzSchedule=Optional.absent(), scheduleType=Optional.absent(), killOldNonLongRunningTasksAfterMillis=Optional.absent(), scheduledExpectedRuntimeMillis=Optional.absent(), waitAtLeastMillisAfterTaskFinishesForReschedule=Optional.absent(), daemon=Optional.absent(), instances=Optional.absent(), rackSensitive=Optional.absent(), rackAffinity=Optional.absent(), slavePlacement=Optional.absent(), loadBalanced=Optional.of(true), group=Optional.absent()], deploy=SingularityDeploy{requestId='test-request', id='firstDeployId', version=Optional.absent(), timestamp=Optional.absent(), metadata=Optional.absent(), containerInfo=Optional.absent(), customExecutorCmd=Optional.absent(), customExecutorId=Optional.absent(), customExecutorSource=Optional.absent(), customExecutorResources=Optional.absent(), customExecutorUser=Optional.absent(), resources=Optional.absent(), command=Optional.of(sleep 100), arguments=Optional.absent(), env=Optional.absent(), uris=Optional.absent(), executorData=Optional.absent(), healthcheckUri=Optional.absent(), healthcheckIntervalSeconds=Optional.absent(), healthcheckTimeoutSeconds=Optional.absent(), skipHealthchecksOnDeploy=Optional.absent(), healthcheckProtocol=Optional.absent(), healthcheckMaxRetries=Optional.absent(), healthcheckMaxTotalTimeoutSeconds=Optional.absent(), deployHealthTimeoutSeconds=Optional.absent(), considerHealthyAfterRunningForSeconds=Optional.absent(), serviceBasePath=Optional.absent(), loadBalancerGroups=Optional.absent(), loadBalancerOptions=Optional.absent(), labels=Optional.absent()}, pendingTask=SingularityPendingTask [pendingTaskId=test-request-firstDeployId-1445003835496-2-IMMEDIATE-1445003835496, cmdLineArgsList=[], user=Optional.absent(), runId=Optional.absent()]], offer=id {
  value: "offer739"
}
framework_id {
  value: "framework1"
}
slave_id {
  value: "slave1"
}
hostname: "host1"
resources {
  name: "cpus"
  type: SCALAR
  scalar {
    value: 125.0
  }
}
resources {
  name: "mem"
  type: SCALAR
  scalar {
    value: 1024.0
  }
}
attributes {
  name: "rackid"
  type: TEXT
  text {
    value: "DEFAULT"
  }
}
, mesosTask=name: "name"
task_id {
  value: "test-request-firstDeployId-1445003835496-2-host1-rack1"
}
slave_id {
  value: "slave1"
}
, rackId=Optional.of(rack1)], aborting
java.util.concurrent.RejectedExecutionException: Task java.util.concurrent.ScheduledThreadPoolExecutor$ScheduledFutureTask@237c3379 rejected from java.util.concurrent.ScheduledThreadPoolExecutor@72effab0[Shutting down, pool size = 2, active threads = 1, queued tasks = 0, completed tasks = 0]
	at java.util.concurrent.ThreadPoolExecutor$AbortPolicy.rejectedExecution(ThreadPoolExecutor.java:2047) ~[na:1.8.0_31]
	at java.util.concurrent.ThreadPoolExecutor.reject(ThreadPoolExecutor.java:823) [na:1.8.0_31]
	at java.util.concurrent.ScheduledThreadPoolExecutor.delayedExecute(ScheduledThreadPoolExecutor.java:326) ~[na:1.8.0_31]
	at java.util.concurrent.ScheduledThreadPoolExecutor.schedule(ScheduledThreadPoolExecutor.java:533) ~[na:1.8.0_31]
	at com.hubspot.singularity.scheduler.SingularityNewTaskChecker.enqueueCheckWithDelay(SingularityNewTaskChecker.java:189) [classes/:na]
	at com.hubspot.singularity.scheduler.SingularityNewTaskChecker.reEnqueueCheck(SingularityNewTaskChecker.java:183) [classes/:na]
	at com.hubspot.singularity.scheduler.SingularityNewTaskChecker.reEnqueueCheckOrAbort(SingularityNewTaskChecker.java:174) [classes/:na]
	at com.hubspot.singularity.scheduler.SingularityNewTaskChecker.access$400(SingularityNewTaskChecker.java:48) [classes/:na]
	at com.hubspot.singularity.scheduler.SingularityNewTaskChecker$1.run(SingularityNewTaskChecker.java:166) [classes/:na]
	at java.util.concurrent.Executors$RunnableAdapter.call(Executors.java:511) [na:1.8.0_31]
	at java.util.concurrent.FutureTask.run(FutureTask.java:266) [na:1.8.0_31]
	at java.util.concurrent.ScheduledThreadPoolExecutor$ScheduledFutureTask.access$201(ScheduledThreadPoolExecutor.java:180) [na:1.8.0_31]
	at java.util.concurrent.ScheduledThreadPoolExecutor$ScheduledFutureTask.run(ScheduledThreadPoolExecutor.java:293) [na:1.8.0_31]
	at java.util.concurrent.ThreadPoolExecutor.runWorker(ThreadPoolExecutor.java:1142) [na:1.8.0_31]
	at java.util.concurrent.ThreadPoolExecutor$Worker.run(ThreadPoolExecutor.java:617) [na:1.8.0_31]
	at java.lang.Thread.run(Thread.java:745) [na:1.8.0_31]
Tests run: 3, Failures: 0, Errors: 0, Skipped: 0, Time elapsed: 14.819 sec - in com.hubspot.singularity.scheduler.HistoryPersisterTest
Running com.hubspot.singularity.JavaUtilsTest
Tests run: 2, Failures: 0, Errors: 0, Skipped: 0, Time elapsed: 2.53 sec - in com.hubspot.singularity.JavaUtilsTest
Running com.hubspot.singularity.data.BlendedHistoryTest
Tests run: 1, Failures: 0, Errors: 0, Skipped: 0, Time elapsed: 8.374 sec - in com.hubspot.singularity.data.BlendedHistoryTest
Running com.hubspot.singularity.scheduler.SingularitySchedulerTest
16:57:50.386 [healthcheck-pool-0] ERROR c.h.s.s.SingularityHealthchecker - Caught throwable while saving health check result for test-request-retry_test-1445014665134-1-host1-rack1, will re-enqueue
java.lang.IllegalStateException: instance must be started before calling this method
	at com.google.common.base.Preconditions.checkState(Preconditions.java:176) ~[guava-17.0.jar:na]
	at org.apache.curator.framework.imps.CuratorFrameworkImpl.create(CuratorFrameworkImpl.java:339) ~[curator-framework-2.8.0.jar:na]
	at com.hubspot.singularity.data.CuratorManager.privateCreate(CuratorManager.java:178) ~[classes/:na]
	at com.hubspot.singularity.data.CuratorManager.save(CuratorManager.java:197) ~[classes/:na]
	at com.hubspot.singularity.data.TaskManager.saveHealthcheckResult(TaskManager.java:228) ~[classes/:na]
	at com.hubspot.singularity.scheduler.SingularityHealthcheckAsyncHandler.saveResult(SingularityHealthcheckAsyncHandler.java:67) ~[classes/:na]
	at com.hubspot.singularity.scheduler.SingularityHealthchecker.saveFailure(SingularityHealthchecker.java:166) [classes/:na]
	at com.hubspot.singularity.scheduler.SingularityHealthchecker.asyncHealthcheck(SingularityHealthchecker.java:193) [classes/:na]
	at com.hubspot.singularity.scheduler.SingularityHealthchecker.access$100(SingularityHealthchecker.java:35) [classes/:na]
	at com.hubspot.singularity.scheduler.SingularityHealthchecker$1.run(SingularityHealthchecker.java:117) [classes/:na]
	at java.util.concurrent.Executors$RunnableAdapter.call(Executors.java:511) [na:1.8.0_31]
	at java.util.concurrent.FutureTask.run(FutureTask.java:266) [na:1.8.0_31]
	at java.util.concurrent.ScheduledThreadPoolExecutor$ScheduledFutureTask.access$201(ScheduledThreadPoolExecutor.java:180) [na:1.8.0_31]
	at java.util.concurrent.ScheduledThreadPoolExecutor$ScheduledFutureTask.run(ScheduledThreadPoolExecutor.java:293) [na:1.8.0_31]
	at java.util.concurrent.ThreadPoolExecutor.runWorker(ThreadPoolExecutor.java:1142) [na:1.8.0_31]
	at java.util.concurrent.ThreadPoolExecutor$Worker.run(ThreadPoolExecutor.java:617) [na:1.8.0_31]
	at java.lang.Thread.run(Thread.java:745) [na:1.8.0_31]
16:57:50.394 [healthcheck-pool-0] ERROR c.h.s.s.SingularityHealthchecker - Caught throwable while re-enqueuing health check for test-request-retry_test-1445014665134-1-host1-rack1, aborting
java.lang.IllegalStateException: instance must be started before calling this method
	at com.google.common.base.Preconditions.checkState(Preconditions.java:176) ~[guava-17.0.jar:na]
	at org.apache.curator.framework.imps.CuratorFrameworkImpl.checkExists(CuratorFrameworkImpl.java:355) ~[curator-framework-2.8.0.jar:na]
	at com.hubspot.singularity.data.CuratorManager.getNumChildren(CuratorManager.java:91) ~[classes/:na]
	at com.hubspot.singularity.data.TaskManager.getNumHealthchecks(TaskManager.java:332) ~[classes/:na]
	at com.hubspot.singularity.scheduler.SingularityHealthchecker.enqueueHealthcheck(SingularityHealthchecker.java:69) [classes/:na]
	at com.hubspot.singularity.scheduler.SingularityHealthchecker.reEnqueueOrAbort(SingularityHealthchecker.java:131) [classes/:na]
	at com.hubspot.singularity.scheduler.SingularityHealthcheckAsyncHandler.saveResult(SingularityHealthcheckAsyncHandler.java:83) [classes/:na]
	at com.hubspot.singularity.scheduler.SingularityHealthchecker.saveFailure(SingularityHealthchecker.java:166) [classes/:na]
	at com.hubspot.singularity.scheduler.SingularityHealthchecker.asyncHealthcheck(SingularityHealthchecker.java:193) [classes/:na]
	at com.hubspot.singularity.scheduler.SingularityHealthchecker.access$100(SingularityHealthchecker.java:35) [classes/:na]
	at com.hubspot.singularity.scheduler.SingularityHealthchecker$1.run(SingularityHealthchecker.java:117) [classes/:na]
	at java.util.concurrent.Executors$RunnableAdapter.call(Executors.java:511) [na:1.8.0_31]
	at java.util.concurrent.FutureTask.run(FutureTask.java:266) [na:1.8.0_31]
	at java.util.concurrent.ScheduledThreadPoolExecutor$ScheduledFutureTask.access$201(ScheduledThreadPoolExecutor.java:180) [na:1.8.0_31]
	at java.util.concurrent.ScheduledThreadPoolExecutor$ScheduledFutureTask.run(ScheduledThreadPoolExecutor.java:293) [na:1.8.0_31]
	at java.util.concurrent.ThreadPoolExecutor.runWorker(ThreadPoolExecutor.java:1142) [na:1.8.0_31]
	at java.util.concurrent.ThreadPoolExecutor$Worker.run(ThreadPoolExecutor.java:617) [na:1.8.0_31]
	at java.lang.Thread.run(Thread.java:745) [na:1.8.0_31]
16:58:31.148 [main] ERROR c.h.s.scheduler.SingularityCleaner - LB delete request SingularityLoadBalancerUpdate [loadBalancerState=FAILED, message=Optional.absent(), timestamp=1445014711145, uri=Optional.absent(), method=CHECK_STATE, loadBalancerRequestId=test-request-DELETE-1] (test-request-DELETE-1) got unexpected response FAILED
16:58:36.156 [main] ERROR c.h.s.scheduler.SingularityCleaner - LB removal request SingularityLoadBalancerUpdate [loadBalancerState=SUCCESS, message=Optional.absent(), timestamp=1445014716085, uri=Optional.absent(), method=CHECK_STATE, loadBalancerRequestId=test-request-firstDeployId-1445014716003-1-host1-rack1-ADD-1] (test-request-firstDeployId-1445014716003-1-host1-rack1-REMOVE-1) got unexpected response FAILED
16:58:37.540 [healthcheck-pool-0] ERROR c.h.s.s.SingularityHealthchecker - Caught throwable while saving health check result for test-request-hc_test-1445014712494-1-host1-rack1, will re-enqueue
java.lang.IllegalStateException: instance must be started before calling this method
	at com.google.common.base.Preconditions.checkState(Preconditions.java:176) ~[guava-17.0.jar:na]
	at org.apache.curator.framework.imps.CuratorFrameworkImpl.create(CuratorFrameworkImpl.java:339) ~[curator-framework-2.8.0.jar:na]
	at com.hubspot.singularity.data.CuratorManager.privateCreate(CuratorManager.java:178) ~[classes/:na]
	at com.hubspot.singularity.data.CuratorManager.save(CuratorManager.java:197) ~[classes/:na]
	at com.hubspot.singularity.data.TaskManager.saveHealthcheckResult(TaskManager.java:228) ~[classes/:na]
	at com.hubspot.singularity.scheduler.SingularityHealthcheckAsyncHandler.saveResult(SingularityHealthcheckAsyncHandler.java:67) ~[classes/:na]
	at com.hubspot.singularity.scheduler.SingularityHealthchecker.saveFailure(SingularityHealthchecker.java:166) [classes/:na]
	at com.hubspot.singularity.scheduler.SingularityHealthchecker.asyncHealthcheck(SingularityHealthchecker.java:193) [classes/:na]
	at com.hubspot.singularity.scheduler.SingularityHealthchecker.access$100(SingularityHealthchecker.java:35) [classes/:na]
	at com.hubspot.singularity.scheduler.SingularityHealthchecker$1.run(SingularityHealthchecker.java:117) [classes/:na]
	at java.util.concurrent.Executors$RunnableAdapter.call(Executors.java:511) [na:1.8.0_31]
	at java.util.concurrent.FutureTask.run(FutureTask.java:266) [na:1.8.0_31]
	at java.util.concurrent.ScheduledThreadPoolExecutor$ScheduledFutureTask.access$201(ScheduledThreadPoolExecutor.java:180) [na:1.8.0_31]
	at java.util.concurrent.ScheduledThreadPoolExecutor$ScheduledFutureTask.run(ScheduledThreadPoolExecutor.java:293) [na:1.8.0_31]
	at java.util.concurrent.ThreadPoolExecutor.runWorker(ThreadPoolExecutor.java:1142) [na:1.8.0_31]
	at java.util.concurrent.ThreadPoolExecutor$Worker.run(ThreadPoolExecutor.java:617) [na:1.8.0_31]
	at java.lang.Thread.run(Thread.java:745) [na:1.8.0_31]
16:58:37.541 [healthcheck-pool-0] ERROR c.h.s.s.SingularityHealthchecker - Caught throwable while re-enqueuing health check for test-request-hc_test-1445014712494-1-host1-rack1, aborting
java.lang.IllegalStateException: instance must be started before calling this method
	at com.google.common.base.Preconditions.checkState(Preconditions.java:176) ~[guava-17.0.jar:na]
	at org.apache.curator.framework.imps.CuratorFrameworkImpl.checkExists(CuratorFrameworkImpl.java:355) ~[curator-framework-2.8.0.jar:na]
	at com.hubspot.singularity.data.CuratorManager.getNumChildren(CuratorManager.java:91) ~[classes/:na]
	at com.hubspot.singularity.data.TaskManager.getNumHealthchecks(TaskManager.java:332) ~[classes/:na]
	at com.hubspot.singularity.scheduler.SingularityHealthchecker.enqueueHealthcheck(SingularityHealthchecker.java:69) [classes/:na]
	at com.hubspot.singularity.scheduler.SingularityHealthchecker.reEnqueueOrAbort(SingularityHealthchecker.java:131) [classes/:na]
	at com.hubspot.singularity.scheduler.SingularityHealthcheckAsyncHandler.saveResult(SingularityHealthcheckAsyncHandler.java:83) [classes/:na]
	at com.hubspot.singularity.scheduler.SingularityHealthchecker.saveFailure(SingularityHealthchecker.java:166) [classes/:na]
	at com.hubspot.singularity.scheduler.SingularityHealthchecker.asyncHealthcheck(SingularityHealthchecker.java:193) [classes/:na]
	at com.hubspot.singularity.scheduler.SingularityHealthchecker.access$100(SingularityHealthchecker.java:35) [classes/:na]
	at com.hubspot.singularity.scheduler.SingularityHealthchecker$1.run(SingularityHealthchecker.java:117) [classes/:na]
	at java.util.concurrent.Executors$RunnableAdapter.call(Executors.java:511) [na:1.8.0_31]
	at java.util.concurrent.FutureTask.run(FutureTask.java:266) [na:1.8.0_31]
	at java.util.concurrent.ScheduledThreadPoolExecutor$ScheduledFutureTask.access$201(ScheduledThreadPoolExecutor.java:180) [na:1.8.0_31]
	at java.util.concurrent.ScheduledThreadPoolExecutor$ScheduledFutureTask.run(ScheduledThreadPoolExecutor.java:293) [na:1.8.0_31]
	at java.util.concurrent.ThreadPoolExecutor.runWorker(ThreadPoolExecutor.java:1142) [na:1.8.0_31]
	at java.util.concurrent.ThreadPoolExecutor$Worker.run(ThreadPoolExecutor.java:617) [na:1.8.0_31]
	at java.lang.Thread.run(Thread.java:745) [na:1.8.0_31]
16:58:53.364 [healthcheck-pool-0] ERROR c.h.s.s.SingularityHealthchecker - Caught throwable while saving health check result for test-request-timeout_test-1445011128293-1-host1-rack1, will re-enqueue
java.lang.IllegalStateException: instance must be started before calling this method
	at com.google.common.base.Preconditions.checkState(Preconditions.java:176) ~[guava-17.0.jar:na]
	at org.apache.curator.framework.imps.CuratorFrameworkImpl.create(CuratorFrameworkImpl.java:339) ~[curator-framework-2.8.0.jar:na]
	at com.hubspot.singularity.data.CuratorManager.privateCreate(CuratorManager.java:178) ~[classes/:na]
	at com.hubspot.singularity.data.CuratorManager.save(CuratorManager.java:197) ~[classes/:na]
	at com.hubspot.singularity.data.TaskManager.saveHealthcheckResult(TaskManager.java:228) ~[classes/:na]
	at com.hubspot.singularity.scheduler.SingularityHealthcheckAsyncHandler.saveResult(SingularityHealthcheckAsyncHandler.java:67) ~[classes/:na]
	at com.hubspot.singularity.scheduler.SingularityHealthchecker.saveFailure(SingularityHealthchecker.java:166) [classes/:na]
	at com.hubspot.singularity.scheduler.SingularityHealthchecker.asyncHealthcheck(SingularityHealthchecker.java:193) [classes/:na]
	at com.hubspot.singularity.scheduler.SingularityHealthchecker.access$100(SingularityHealthchecker.java:35) [classes/:na]
	at com.hubspot.singularity.scheduler.SingularityHealthchecker$1.run(SingularityHealthchecker.java:117) [classes/:na]
	at java.util.concurrent.Executors$RunnableAdapter.call(Executors.java:511) [na:1.8.0_31]
	at java.util.concurrent.FutureTask.run(FutureTask.java:266) [na:1.8.0_31]
	at java.util.concurrent.ScheduledThreadPoolExecutor$ScheduledFutureTask.access$201(ScheduledThreadPoolExecutor.java:180) [na:1.8.0_31]
	at java.util.concurrent.ScheduledThreadPoolExecutor$ScheduledFutureTask.run(ScheduledThreadPoolExecutor.java:293) [na:1.8.0_31]
	at java.util.concurrent.ThreadPoolExecutor.runWorker(ThreadPoolExecutor.java:1142) [na:1.8.0_31]
	at java.util.concurrent.ThreadPoolExecutor$Worker.run(ThreadPoolExecutor.java:617) [na:1.8.0_31]
	at java.lang.Thread.run(Thread.java:745) [na:1.8.0_31]
16:58:53.366 [healthcheck-pool-0] ERROR c.h.s.s.SingularityHealthchecker - Caught throwable while re-enqueuing health check for test-request-timeout_test-1445011128293-1-host1-rack1, aborting
java.util.concurrent.RejectedExecutionException: Task java.util.concurrent.ScheduledThreadPoolExecutor$ScheduledFutureTask@fb798b rejected from java.util.concurrent.ScheduledThreadPoolExecutor@e3c97e4[Shutting down, pool size = 1, active threads = 1, queued tasks = 0, completed tasks = 0]
	at java.util.concurrent.ThreadPoolExecutor$AbortPolicy.rejectedExecution(ThreadPoolExecutor.java:2047) ~[na:1.8.0_31]
	at java.util.concurrent.ThreadPoolExecutor.reject(ThreadPoolExecutor.java:823) [na:1.8.0_31]
	at java.util.concurrent.ScheduledThreadPoolExecutor.delayedExecute(ScheduledThreadPoolExecutor.java:326) ~[na:1.8.0_31]
	at java.util.concurrent.ScheduledThreadPoolExecutor.schedule(ScheduledThreadPoolExecutor.java:533) ~[na:1.8.0_31]
	at com.hubspot.singularity.scheduler.SingularityHealthchecker.enqueueHealthcheckWithDelay(SingularityHealthchecker.java:110) [classes/:na]
	at com.hubspot.singularity.scheduler.SingularityHealthchecker.enqueueHealthcheck(SingularityHealthchecker.java:74) [classes/:na]
	at com.hubspot.singularity.scheduler.SingularityHealthchecker.reEnqueueOrAbort(SingularityHealthchecker.java:131) [classes/:na]
	at com.hubspot.singularity.scheduler.SingularityHealthcheckAsyncHandler.saveResult(SingularityHealthcheckAsyncHandler.java:83) [classes/:na]
	at com.hubspot.singularity.scheduler.SingularityHealthchecker.saveFailure(SingularityHealthchecker.java:166) [classes/:na]
	at com.hubspot.singularity.scheduler.SingularityHealthchecker.asyncHealthcheck(SingularityHealthchecker.java:193) [classes/:na]
	at com.hubspot.singularity.scheduler.SingularityHealthchecker.access$100(SingularityHealthchecker.java:35) [classes/:na]
	at com.hubspot.singularity.scheduler.SingularityHealthchecker$1.run(SingularityHealthchecker.java:117) [classes/:na]
	at java.util.concurrent.Executors$RunnableAdapter.call(Executors.java:511) [na:1.8.0_31]
	at java.util.concurrent.FutureTask.run(FutureTask.java:266) [na:1.8.0_31]
	at java.util.concurrent.ScheduledThreadPoolExecutor$ScheduledFutureTask.access$201(ScheduledThreadPoolExecutor.java:180) [na:1.8.0_31]
	at java.util.concurrent.ScheduledThreadPoolExecutor$ScheduledFutureTask.run(ScheduledThreadPoolExecutor.java:293) [na:1.8.0_31]
	at java.util.concurrent.ThreadPoolExecutor.runWorker(ThreadPoolExecutor.java:1142) [na:1.8.0_31]
	at java.util.concurrent.ThreadPoolExecutor$Worker.run(ThreadPoolExecutor.java:617) [na:1.8.0_31]
	at java.lang.Thread.run(Thread.java:745) [na:1.8.0_31]
16:59:01.041 [main] ERROR c.h.s.m.SingularityMesosScheduler - Unexpected taskId task 
com.hubspot.singularity.data.transcoders.SingularityTranscoderException: java.lang.reflect.InvocationTargetException
	at com.hubspot.singularity.data.transcoders.IdTranscoder.fromString(IdTranscoder.java:44) ~[classes/:na]
	at com.hubspot.singularity.mesos.SingularityMesosScheduler.getTaskId(SingularityMesosScheduler.java:283) [classes/:na]
	at com.hubspot.singularity.mesos.SingularityMesosScheduler.statusUpdate(SingularityMesosScheduler.java:304) [classes/:na]
	at com.hubspot.singularity.scheduler.SingularitySchedulerTest.testTaskOddities(SingularitySchedulerTest.java:1228) [test-classes/:na]
	at sun.reflect.NativeMethodAccessorImpl.invoke0(Native Method) ~[na:1.8.0_31]
	at sun.reflect.NativeMethodAccessorImpl.invoke(NativeMethodAccessorImpl.java:62) ~[na:1.8.0_31]
	at sun.reflect.DelegatingMethodAccessorImpl.invoke(DelegatingMethodAccessorImpl.java:43) ~[na:1.8.0_31]
	at java.lang.reflect.Method.invoke(Method.java:483) ~[na:1.8.0_31]
	at org.junit.runners.model.FrameworkMethod$1.runReflectiveCall(FrameworkMethod.java:50) [junit-4.12.jar:4.12]
	at org.junit.internal.runners.model.ReflectiveCallable.run(ReflectiveCallable.java:12) [junit-4.12.jar:4.12]
	at org.junit.runners.model.FrameworkMethod.invokeExplosively(FrameworkMethod.java:47) [junit-4.12.jar:4.12]
	at org.junit.internal.runners.statements.InvokeMethod.evaluate(InvokeMethod.java:17) [junit-4.12.jar:4.12]
	at org.junit.internal.runners.statements.RunBefores.evaluate(RunBefores.java:26) [junit-4.12.jar:4.12]
	at org.junit.internal.runners.statements.RunAfters.evaluate(RunAfters.java:27) [junit-4.12.jar:4.12]
	at org.junit.runners.ParentRunner.runLeaf(ParentRunner.java:325) [junit-4.12.jar:4.12]
	at org.junit.runners.BlockJUnit4ClassRunner.runChild(BlockJUnit4ClassRunner.java:78) [junit-4.12.jar:4.12]
	at org.junit.runners.BlockJUnit4ClassRunner.runChild(BlockJUnit4ClassRunner.java:57) [junit-4.12.jar:4.12]
	at org.junit.runners.ParentRunner$3.run(ParentRunner.java:290) [junit-4.12.jar:4.12]
	at org.junit.runners.ParentRunner$1.schedule(ParentRunner.java:71) [junit-4.12.jar:4.12]
	at org.junit.runners.ParentRunner.runChildren(ParentRunner.java:288) [junit-4.12.jar:4.12]
	at org.junit.runners.ParentRunner.access$000(ParentRunner.java:58) [junit-4.12.jar:4.12]
	at org.junit.runners.ParentRunner$2.evaluate(ParentRunner.java:268) [junit-4.12.jar:4.12]
	at org.junit.runners.ParentRunner.run(ParentRunner.java:363) [junit-4.12.jar:4.12]
	at org.apache.maven.surefire.junit4.JUnit4Provider.execute(JUnit4Provider.java:283) [surefire-junit4-2.18.1.jar:2.18.1]
	at org.apache.maven.surefire.junit4.JUnit4Provider.executeWithRerun(JUnit4Provider.java:173) [surefire-junit4-2.18.1.jar:2.18.1]
	at org.apache.maven.surefire.junit4.JUnit4Provider.executeTestSet(JUnit4Provider.java:153) [surefire-junit4-2.18.1.jar:2.18.1]
	at org.apache.maven.surefire.junit4.JUnit4Provider.invoke(JUnit4Provider.java:128) [surefire-junit4-2.18.1.jar:2.18.1]
	at org.apache.maven.surefire.booter.ForkedBooter.invokeProviderInSameClassLoader(ForkedBooter.java:203) [surefire-booter-2.18.1.jar:2.18.1]
	at org.apache.maven.surefire.booter.ForkedBooter.runSuitesInProcess(ForkedBooter.java:155) [surefire-booter-2.18.1.jar:2.18.1]
	at org.apache.maven.surefire.booter.ForkedBooter.main(ForkedBooter.java:103) [surefire-booter-2.18.1.jar:2.18.1]
Caused by: java.lang.reflect.InvocationTargetException: null
	at sun.reflect.GeneratedMethodAccessor8.invoke(Unknown Source) ~[na:na]
	at sun.reflect.DelegatingMethodAccessorImpl.invoke(DelegatingMethodAccessorImpl.java:43) ~[na:1.8.0_31]
	at java.lang.reflect.Method.invoke(Method.java:483) ~[na:1.8.0_31]
	at com.hubspot.singularity.data.transcoders.IdTranscoder.fromString(IdTranscoder.java:42) ~[classes/:na]
	... 29 common frames omitted
Caused by: com.hubspot.singularity.InvalidSingularityTaskIdException: TaskId task was invalid (There must be at least 5 instances of - (there were 0))
	at com.hubspot.singularity.SingularityTaskId.valueOf(SingularityTaskId.java:157) ~[SingularityBase-0.4.6-SNAPSHOT.jar:na]
	... 33 common frames omitted
16:59:01.130 [main] ERROR c.h.s.m.SingularityMesosScheduler - Task test-request-firstDeployId-1445014741075-1-host1-rack1 is active but is missing task data
Tests run: 49, Failures: 0, Errors: 0, Skipped: 0, Time elapsed: 116.954 sec - in com.hubspot.singularity.scheduler.SingularitySchedulerTest
Running com.hubspot.singularity.SingularityHistoryPurgerTest
Tests run: 4, Failures: 0, Errors: 0, Skipped: 0, Time elapsed: 22.558 sec - in com.hubspot.singularity.SingularityHistoryPurgerTest
Running com.hubspot.singularity.SingularityS3Test
Tests run: 1, Failures: 0, Errors: 0, Skipped: 0, Time elapsed: 0.383 sec - in com.hubspot.singularity.SingularityS3Test
Running com.hubspot.singularity.scheduler.SlaveTest
Tests run: 1, Failures: 0, Errors: 0, Skipped: 0, Time elapsed: 9.557 sec - in com.hubspot.singularity.scheduler.SlaveTest

Results :

Tests run: 90, Failures: 0, Errors: 0, Skipped: 0


-------------------------------------------------------
 T E S T S
-------------------------------------------------------
Running com.hubspot.singularity.client.SingularityClientModuleTest
Tests run: 1, Failures: 0, Errors: 0, Skipped: 0, Time elapsed: 3.455 sec - in com.hubspot.singularity.client.SingularityClientModuleTest

Results :

Tests run: 1, Failures: 0, Errors: 0, Skipped: 0

travis_time:end:394ef580:start=1445014416889582492,finish=1445015133390785536,duration=716501203044[0K
[32;1mThe command "mvn -B -q -fae verify" exited with 0.[0m
travis_fold:start:cache.2[0Kstore build cache
travis_time:start:000ad9c0[0Kchange detected:
/home/travis/.m2/repository/com/google/guava/guava/resolver-status.properties
/home/travis/.m2/repository/com/google/guava/guava/resolver-status.properties
/home/travis/.m2/repository/com/hubspot/EmbedSingularityExample/0.4.6-SNAPSHOT/EmbedSingularityExample-0.4.6-SNAPSHOT.jar
/home/travis/.m2/repository/com/hubspot/EmbedSingularityExample/0.4.6-SNAPSHOT/EmbedSingularityExample-0.4.6-SNAPSHOT.jar
/home/travis/.m2/repository/com/hubspot/EmbedSingularityExample/0.4.6-SNAPSHOT/EmbedSingularityExample-0.4.6-SNAPSHOT.sh
/home/travis/.m2/repository/com/hubspot/EmbedSingularityExample/0.4.6-SNAPSHOT/EmbedSingularityExample-0.4.6-SNAPSHOT.sh
/home/travis/.m2/repository/com/hubspot/EmbedSingularityExample/0.4.6-SNAPSHOT/EmbedSingularityExample-0.4.6-SNAPSHOT-shaded.jar
/home/travis/.m2/repository/com/hubspot/EmbedSingularityExample/0.4.6-SNAPSHOT/EmbedSingularityExample-0.4.6-SNAPSHOT-shaded.jar
/home/travis/.m2/repository/com/hubspot/EmbedSingularityExample/0.4.6-SNAPSHOT/EmbedSingularityExampl
...
changes detected, packing new archive
.
.
.
.
.
.
.
.
.
uploading archive
travis_time:end:000ad9c0:start=1445015133395117324,finish=1445015236645295109,duration=103250177785[0Ktravis_fold:end:cache.2[0K
Done. Your build exited with 0.
