Using worker: worker-linux-docker-0fdc9df6.prod.travis-ci.org:travis-linux-1

travis_fold:start:system_info[0K[33;1mBuild system information[0m
Build language: java
Build group: stable
Build dist: precise
[34m[1mBuild image provisioning date and time[0m
Thu Feb  5 15:09:33 UTC 2015
[34m[1mOperating System Details[0m
Distributor ID:	Ubuntu
Description:	Ubuntu 12.04.5 LTS
Release:	12.04
Codename:	precise
[34m[1mLinux Version[0m
3.13.0-29-generic
[34m[1mCookbooks Version[0m
a68419e https://github.com/travis-ci/travis-cookbooks/tree/a68419e
[34m[1mGCC version[0m
gcc (Ubuntu/Linaro 4.6.3-1ubuntu5) 4.6.3
Copyright (C) 2011 Free Software Foundation, Inc.
This is free software; see the source for copying conditions.  There is NO
warranty; not even for MERCHANTABILITY or FITNESS FOR A PARTICULAR PURPOSE.

[34m[1mLLVM version[0m
clang version 3.4 (tags/RELEASE_34/final)
Target: x86_64-unknown-linux-gnu
Thread model: posix
[34m[1mPre-installed Ruby versions[0m
ruby-1.9.3-p551
[34m[1mPre-installed Node.js versions[0m
v0.10.36
[34m[1mPre-installed Go versions[0m
1.4.1
[34m[1mRedis version[0m
redis-server 2.8.19
[34m[1mriak version[0m
2.0.2
[34m[1mMongoDB version[0m
MongoDB 2.4.12
[34m[1mCouchDB version[0m
couchdb 1.6.1
[34m[1mNeo4j version[0m
1.9.4
[34m[1mRabbitMQ Version[0m
3.4.3
[34m[1mElasticSearch version[0m
1.4.0
[34m[1mInstalled Sphinx versions[0m
2.0.10
2.1.9
2.2.6
[34m[1mDefault Sphinx version[0m
2.2.6
[34m[1mInstalled Firefox version[0m
firefox 31.0esr
[34m[1mPhantomJS version[0m
1.9.8
[34m[1mant -version[0m
Apache Ant(TM) version 1.8.2 compiled on December 3 2011
[34m[1mmvn -version[0m
Apache Maven 3.2.5 (12a6b3acb947671f09b81f49094c53f426d8cea1; 2014-12-14T17:29:23+00:00)
Maven home: /usr/local/maven
Java version: 1.7.0_76, vendor: Oracle Corporation
Java home: /usr/lib/jvm/java-7-oracle/jre
Default locale: en_US, platform encoding: ANSI_X3.4-1968
OS name: "linux", version: "3.13.0-29-generic", arch: "amd64", family: "unix"
travis_fold:end:system_info[0K
travis_fold:start:git.checkout[0Ktravis_time:start:1e2094e0[0K$ git clone --depth=50 --branch=setheclark-exception_msg_correction https://github.com/square/retrofit.git square/retrofit
Cloning into 'square/retrofit'...
remote: Counting objects: 1665, done.[K
remote: Compressing objects:   0% (1/762)   [Kremote: Compressing objects:   1% (8/762)   [Kremote: Compressing objects:   2% (16/762)   [Kremote: Compressing objects:   3% (23/762)   [Kremote: Compressing objects:   4% (31/762)   [Kremote: Compressing objects:   5% (39/762)   [Kremote: Compressing objects:   6% (46/762)   [Kremote: Compressing objects:   7% (54/762)   [Kremote: Compressing objects:   8% (61/762)   [Kremote: Compressing objects:   9% (69/762)   [Kremote: Compressing objects:  10% (77/762)   [Kremote: Compressing objects:  11% (84/762)   [Kremote: Compressing objects:  12% (92/762)   [Kremote: Compressing objects:  13% (100/762)   [Kremote: Compressing objects:  14% (107/762)   [Kremote: Compressing objects:  15% (115/762)   [Kremote: Compressing objects:  16% (122/762)   [Kremote: Compressing objects:  17% (130/762)   [Kremote: Compressing objects:  18% (138/762)   [Kremote: Compressing objects:  19% (145/762)   [Kremote: Compressing objects:  20% (153/762)   [Kremote: Compressing objects:  21% (161/762)   [Kremote: Compressing objects:  22% (168/762)   [Kremote: Compressing objects:  23% (176/762)   [Kremote: Compressing objects:  24% (183/762)   [Kremote: Compressing objects:  25% (191/762)   [Kremote: Compressing objects:  26% (199/762)   [Kremote: Compressing objects:  27% (206/762)   [Kremote: Compressing objects:  28% (214/762)   [Kremote: Compressing objects:  29% (221/762)   [Kremote: Compressing objects:  30% (229/762)   [Kremote: Compressing objects:  31% (237/762)   [Kremote: Compressing objects:  32% (244/762)   [Kremote: Compressing objects:  33% (252/762)   [Kremote: Compressing objects:  34% (260/762)   [Kremote: Compressing objects:  35% (267/762)   [Kremote: Compressing objects:  36% (275/762)   [Kremote: Compressing objects:  37% (282/762)   [Kremote: Compressing objects:  38% (290/762)   [Kremote: Compressing objects:  39% (298/762)   [Kremote: Compressing objects:  40% (305/762)   [Kremote: Compressing objects:  41% (313/762)   [Kremote: Compressing objects:  42% (321/762)   [Kremote: Compressing objects:  43% (328/762)   [Kremote: Compressing objects:  44% (336/762)   [Kremote: Compressing objects:  45% (343/762)   [Kremote: Compressing objects:  46% (351/762)   [Kremote: Compressing objects:  47% (359/762)   [Kremote: Compressing objects:  48% (366/762)   [Kremote: Compressing objects:  49% (374/762)   [Kremote: Compressing objects:  50% (381/762)   [Kremote: Compressing objects:  51% (389/762)   [Kremote: Compressing objects:  52% (397/762)   [Kremote: Compressing objects:  53% (404/762)   [Kremote: Compressing objects:  54% (412/762)   [Kremote: Compressing objects:  55% (420/762)   [Kremote: Compressing objects:  56% (427/762)   [Kremote: Compressing objects:  57% (435/762)   [Kremote: Compressing objects:  58% (442/762)   [Kremote: Compressing objects:  59% (450/762)   [Kremote: Compressing objects:  60% (458/762)   [Kremote: Compressing objects:  61% (465/762)   [Kremote: Compressing objects:  62% (473/762)   [Kremote: Compressing objects:  63% (481/762)   [Kremote: Compressing objects:  64% (488/762)   [Kremote: Compressing objects:  65% (496/762)   [Kremote: Compressing objects:  66% (503/762)   [Kremote: Compressing objects:  67% (511/762)   [Kremote: Compressing objects:  68% (519/762)   [Kremote: Compressing objects:  69% (526/762)   [Kremote: Compressing objects:  70% (534/762)   [Kremote: Compressing objects:  71% (542/762)   [Kremote: Compressing objects:  72% (549/762)   [Kremote: Compressing objects:  73% (557/762)   [Kremote: Compressing objects:  74% (564/762)   [Kremote: Compressing objects:  75% (572/762)   [Kremote: Compressing objects:  76% (580/762)   [Kremote: Compressing objects:  77% (587/762)   [Kremote: Compressing objects:  78% (595/762)   [Kremote: Compressing objects:  79% (602/762)   [Kremote: Compressing objects:  80% (610/762)   [Kremote: Compressing objects:  81% (618/762)   [Kremote: Compressing objects:  82% (625/762)   [Kremote: Compressing objects:  83% (633/762)   [Kremote: Compressing objects:  84% (641/762)   [Kremote: Compressing objects:  85% (648/762)   [Kremote: Compressing objects:  86% (656/762)   [Kremote: Compressing objects:  87% (663/762)   [Kremote: Compressing objects:  88% (671/762)   [Kremote: Compressing objects:  89% (679/762)   [Kremote: Compressing objects:  90% (686/762)   [Kremote: Compressing objects:  91% (694/762)   [Kremote: Compressing objects:  92% (702/762)   [Kremote: Compressing objects:  93% (709/762)   [Kremote: Compressing objects:  94% (717/762)   [Kremote: Compressing objects:  95% (724/762)   [Kremote: Compressing objects:  96% (732/762)   [Kremote: Compressing objects:  97% (740/762)   [Kremote: Compressing objects:  98% (747/762)   [Kremote: Compressing objects:  99% (755/762)   [Kremote: Compressing objects: 100% (762/762)   [Kremote: Compressing objects: 100% (762/762), done.[K
Receiving objects:   0% (1/1665)   Receiving objects:   1% (17/1665)   Receiving objects:   2% (34/1665)   Receiving objects:   3% (50/1665)   Receiving objects:   4% (67/1665)   Receiving objects:   5% (84/1665)   Receiving objects:   6% (100/1665)   Receiving objects:   7% (117/1665)   Receiving objects:   8% (134/1665)   Receiving objects:   9% (150/1665)   Receiving objects:  10% (167/1665)   Receiving objects:  11% (184/1665)   Receiving objects:  12% (200/1665)   Receiving objects:  13% (217/1665)   Receiving objects:  14% (234/1665)   Receiving objects:  15% (250/1665)   Receiving objects:  16% (267/1665)   Receiving objects:  17% (284/1665)   Receiving objects:  18% (300/1665)   Receiving objects:  19% (317/1665)   Receiving objects:  20% (333/1665)   Receiving objects:  21% (350/1665)   Receiving objects:  22% (367/1665)   Receiving objects:  23% (383/1665)   Receiving objects:  24% (400/1665)   Receiving objects:  25% (417/1665)   Receiving objects:  26% (433/1665)   Receiving objects:  27% (450/1665)   Receiving objects:  28% (467/1665)   Receiving objects:  29% (483/1665)   Receiving objects:  30% (500/1665)   Receiving objects:  31% (517/1665)   Receiving objects:  32% (533/1665)   Receiving objects:  33% (550/1665)   Receiving objects:  34% (567/1665)   Receiving objects:  35% (583/1665)   Receiving objects:  36% (600/1665)   Receiving objects:  37% (617/1665)   Receiving objects:  38% (633/1665)   Receiving objects:  39% (650/1665)   Receiving objects:  40% (666/1665)   Receiving objects:  41% (683/1665)   Receiving objects:  42% (700/1665)   Receiving objects:  43% (716/1665)   Receiving objects:  44% (733/1665)   Receiving objects:  45% (750/1665)   Receiving objects:  46% (766/1665)   Receiving objects:  47% (783/1665)   Receiving objects:  48% (800/1665)   Receiving objects:  49% (816/1665)   Receiving objects:  50% (833/1665)   Receiving objects:  51% (850/1665)   Receiving objects:  52% (866/1665)   Receiving objects:  53% (883/1665)   Receiving objects:  54% (900/1665)   Receiving objects:  55% (916/1665)   Receiving objects:  56% (933/1665)   Receiving objects:  57% (950/1665)   Receiving objects:  58% (966/1665)   Receiving objects:  59% (983/1665)   Receiving objects:  60% (999/1665)   Receiving objects:  61% (1016/1665)   Receiving objects:  62% (1033/1665)   Receiving objects:  63% (1049/1665)   Receiving objects:  64% (1066/1665)   Receiving objects:  65% (1083/1665)   Receiving objects:  66% (1099/1665)   Receiving objects:  67% (1116/1665)   Receiving objects:  68% (1133/1665)   Receiving objects:  69% (1149/1665)   Receiving objects:  70% (1166/1665)   Receiving objects:  71% (1183/1665)   remote: Total 1665 (delta 666), reused 1458 (delta 488), pack-reused 0[K
Receiving objects:  72% (1199/1665)   Receiving objects:  73% (1216/1665)   Receiving objects:  74% (1233/1665)   Receiving objects:  75% (1249/1665)   Receiving objects:  76% (1266/1665)   Receiving objects:  77% (1283/1665)   Receiving objects:  78% (1299/1665)   Receiving objects:  79% (1316/1665)   Receiving objects:  80% (1332/1665)   Receiving objects:  81% (1349/1665)   Receiving objects:  82% (1366/1665)   Receiving objects:  83% (1382/1665)   Receiving objects:  84% (1399/1665)   Receiving objects:  85% (1416/1665)   Receiving objects:  86% (1432/1665)   Receiving objects:  87% (1449/1665)   Receiving objects:  88% (1466/1665)   Receiving objects:  89% (1482/1665)   Receiving objects:  90% (1499/1665)   Receiving objects:  91% (1516/1665)   Receiving objects:  92% (1532/1665)   Receiving objects:  93% (1549/1665)   Receiving objects:  94% (1566/1665)   Receiving objects:  95% (1582/1665)   Receiving objects:  96% (1599/1665)   Receiving objects:  97% (1616/1665)   Receiving objects:  98% (1632/1665)   Receiving objects:  99% (1649/1665)   Receiving objects: 100% (1665/1665)   Receiving objects: 100% (1665/1665), 370.24 KiB | 0 bytes/s, done.
Resolving deltas:   0% (0/666)   Resolving deltas:   4% (27/666)   Resolving deltas:   6% (43/666)   Resolving deltas:   7% (47/666)   Resolving deltas:   8% (54/666)   Resolving deltas:  14% (99/666)   Resolving deltas:  15% (100/666)   Resolving deltas:  17% (114/666)   Resolving deltas:  19% (131/666)   Resolving deltas:  20% (137/666)   Resolving deltas:  21% (140/666)   Resolving deltas:  24% (162/666)   Resolving deltas:  27% (180/666)   Resolving deltas:  31% (207/666)   Resolving deltas:  32% (215/666)   Resolving deltas:  33% (220/666)   Resolving deltas:  35% (237/666)   Resolving deltas:  36% (240/666)   Resolving deltas:  37% (248/666)   Resolving deltas:  38% (254/666)   Resolving deltas:  39% (261/666)   Resolving deltas:  40% (269/666)   Resolving deltas:  41% (275/666)   Resolving deltas:  44% (294/666)   Resolving deltas:  45% (303/666)   Resolving deltas:  47% (316/666)   Resolving deltas:  48% (321/666)   Resolving deltas:  49% (327/666)   Resolving deltas:  50% (339/666)   Resolving deltas:  52% (347/666)   Resolving deltas:  53% (359/666)   Resolving deltas:  54% (361/666)   Resolving deltas:  55% (369/666)   Resolving deltas:  56% (376/666)   Resolving deltas:  57% (386/666)   Resolving deltas:  58% (390/666)   Resolving deltas:  60% (404/666)   Resolving deltas:  61% (412/666)   Resolving deltas:  62% (413/666)   Resolving deltas:  67% (450/666)   Resolving deltas:  70% (470/666)   Resolving deltas:  71% (473/666)   Resolving deltas:  72% (480/666)   Resolving deltas:  74% (494/666)   Resolving deltas:  75% (500/666)   Resolving deltas:  76% (509/666)   Resolving deltas:  77% (513/666)   Resolving deltas:  78% (524/666)   Resolving deltas:  79% (527/666)   Resolving deltas:  80% (533/666)   Resolving deltas:  81% (541/666)   Resolving deltas:  87% (583/666)   Resolving deltas:  89% (595/666)   Resolving deltas:  90% (603/666)   Resolving deltas:  91% (608/666)   Resolving deltas:  92% (613/666)   Resolving deltas:  93% (621/666)   Resolving deltas:  94% (627/666)   Resolving deltas:  95% (634/666)   Resolving deltas:  96% (644/666)   Resolving deltas:  97% (648/666)   Resolving deltas:  99% (661/666)   Resolving deltas: 100% (666/666)   Resolving deltas: 100% (666/666), done.
Checking connectivity... done.

travis_time:end:1e2094e0:start=1453616669838838212,finish=1453616670348352659,duration=509514447[0K$ cd square/retrofit
$ git checkout -qf d93a64156f2c8d2c88c761a6b65df161c584c04f
travis_fold:end:git.checkout[0K
[33;1mThis job is running on container-based infrastructure, which does not allow use of 'sudo', setuid and setguid executables.[0m
[33;1mIf you require sudo, add 'sudo: required' to your .travis.yml[0m
[33;1mSee https://docs.travis-ci.com/user/workers/container-based-infrastructure/ for details.[0m

[33;1mSetting environment variables from .travis.yml[0m
$ export CI_DEPLOY_USERNAME=[secure]
$ export CI_DEPLOY_PASSWORD=[secure]

travis_fold:start:cache.1[0KSetting up build cache
$ export CASHER_DIR=$HOME/.casher
travis_time:start:10aebc3e[0K$ Installing caching utilities

travis_time:end:10aebc3e:start=1453616672186403926,finish=1453616672213658637,duration=27254711[0Ktravis_time:start:1c4506e8[0K
travis_time:end:1c4506e8:start=1453616672218288558,finish=1453616672221535853,duration=3247295[0Ktravis_time:start:0f9fe160[0K[32;1mattempting to download cache archive[0m
[32;1mfetching setheclark-exception_msg_correction/cache--jdk-oraclejdk8.tgz[0m
[32;1mfound cache[0m

travis_time:end:0f9fe160:start=1453616672225376512,finish=1453616675447889833,duration=3222513321[0Ktravis_time:start:0cb715da[0K
travis_time:end:0cb715da:start=1453616675451541085,finish=1453616675454602294,duration=3061209[0Ktravis_time:start:09b8c3da[0K[32;1madding /home/travis/.m2 to cache[0m

travis_time:end:09b8c3da:start=1453616675458154985,finish=1453616678168281650,duration=2710126665[0Ktravis_fold:end:cache.1[0K$ jdk_switcher use oraclejdk8
Switching to Oracle JDK8 (java-8-oracle), JAVA_HOME will be set to /usr/lib/jvm/java-8-oracle
$ java -Xmx32m -version
java version "1.8.0_31"
Java(TM) SE Runtime Environment (build 1.8.0_31-b13)
Java HotSpot(TM) 64-Bit Server VM (build 25.31-b07, mixed mode)
$ javac -J-Xmx32m -version
javac 1.8.0_31
travis_fold:start:install[0Ktravis_time:start:08d74778[0K$ mvn install -DskipTests=true -Dmaven.javadoc.skip=true -B -V
Java HotSpot(TM) 64-Bit Server VM warning: ignoring option MaxPermSize=192m; support was removed in 8.0
Apache Maven 3.2.5 (12a6b3acb947671f09b81f49094c53f426d8cea1; 2014-12-14T17:29:23+00:00)
Maven home: /usr/local/maven
Java version: 1.8.0_31, vendor: Oracle Corporation
Java home: /usr/lib/jvm/java-8-oracle/jre
Default locale: en_US, platform encoding: UTF-8
OS name: "linux", version: "3.13.0-40-generic", arch: "amd64", family: "unix"
[INFO] Scanning for projects...
[WARNING] 
[WARNING] Some problems were encountered while building the effective model for com.squareup.retrofit2:samples:jar:2.0.0-SNAPSHOT
[WARNING] 'build.plugins.plugin.version' for org.apache.maven.plugins:maven-deploy-plugin is missing. @ com.squareup.retrofit2:samples:[unknown-version], /home/travis/build/square/retrofit/samples/pom.xml, line 45, column 15
[WARNING] 
[WARNING] It is highly recommended to fix these problems because they threaten the stability of your build.
[WARNING] 
[WARNING] For this reason, future Maven versions might no longer support building such malformed projects.
[WARNING] 
[INFO] ------------------------------------------------------------------------
[INFO] Reactor Build Order:
[INFO] 
[INFO] Retrofit (Parent)
[INFO] Retrofit
[INFO] Adapters
[INFO] Adapter: RxJava
[INFO] Converters
[INFO] Converter: Gson
[INFO] Converter: Protocol Buffers
[INFO] Converter: Jackson
[INFO] Converter: Wire Protocol Buffers
[INFO] Converter: SimpleXML
[INFO] Converter: Java Scalars
[INFO] Converter: Moshi
[INFO] Retrofit Mock Adapter
[INFO] Samples
[INFO]                                                                         
[INFO] ------------------------------------------------------------------------
[INFO] Building Retrofit (Parent) 2.0.0-SNAPSHOT
[INFO] ------------------------------------------------------------------------
[INFO] 
[INFO] --- maven-enforcer-plugin:1.0:enforce (enforce-maven) @ parent ---
[INFO] 
[INFO] --- animal-sniffer-maven-plugin:1.14:check (default) @ parent ---
[INFO] Checking unresolved references to org.codehaus.mojo.signature:java16:1.1
[INFO] 
[INFO] --- maven-javadoc-plugin:2.10.3:jar (attach-javadocs) @ parent ---
[INFO] Skipping javadoc generation
[INFO] 
[INFO] --- maven-checkstyle-plugin:2.15:checkstyle (default) @ parent ---
[INFO] 
[INFO] --- maven-install-plugin:2.4:install (default-install) @ parent ---
[INFO] Installing /home/travis/build/square/retrofit/pom.xml to /home/travis/.m2/repository/com/squareup/retrofit2/parent/2.0.0-SNAPSHOT/parent-2.0.0-SNAPSHOT.pom
[INFO]                                                                         
[INFO] ------------------------------------------------------------------------
[INFO] Building Retrofit 2.0.0-SNAPSHOT
[INFO] ------------------------------------------------------------------------
[INFO] 
[INFO] --- maven-enforcer-plugin:1.0:enforce (enforce-maven) @ retrofit ---
[INFO] 
[INFO] --- maven-resources-plugin:2.6:resources (default-resources) @ retrofit ---
[INFO] Using 'UTF-8' encoding to copy filtered resources.
[INFO] skip non existing resourceDirectory /home/travis/build/square/retrofit/retrofit/src/main/resources
[INFO] 
[INFO] --- maven-compiler-plugin:3.0:compile (default-compile) @ retrofit ---
[INFO] Changes detected - recompiling the module!
[INFO] Compiling 42 source files to /home/travis/build/square/retrofit/retrofit/target/classes
[WARNING] /home/travis/build/square/retrofit/retrofit/src/main/java/retrofit2/Retrofit.java: Some input files use unchecked or unsafe operations.
[WARNING] /home/travis/build/square/retrofit/retrofit/src/main/java/retrofit2/Retrofit.java: Recompile with -Xlint:unchecked for details.
[INFO] 
[INFO] --- maven-resources-plugin:2.6:testResources (default-testResources) @ retrofit ---
[INFO] Using 'UTF-8' encoding to copy filtered resources.
[INFO] skip non existing resourceDirectory /home/travis/build/square/retrofit/retrofit/src/test/resources
[INFO] 
[INFO] --- maven-compiler-plugin:3.0:testCompile (default-testCompile) @ retrofit ---
[INFO] Changes detected - recompiling the module!
[INFO] Compiling 12 source files to /home/travis/build/square/retrofit/retrofit/target/test-classes
[WARNING] /home/travis/build/square/retrofit/retrofit/src/test/java/retrofit2/RetrofitTest.java: /home/travis/build/square/retrofit/retrofit/src/test/java/retrofit2/RetrofitTest.java uses unchecked or unsafe operations.
[WARNING] /home/travis/build/square/retrofit/retrofit/src/test/java/retrofit2/RetrofitTest.java: Recompile with -Xlint:unchecked for details.
[INFO] 
[INFO] --- maven-surefire-plugin:2.12.4:test (default-test) @ retrofit ---
[INFO] Tests are skipped.
[INFO] 
[INFO] --- animal-sniffer-maven-plugin:1.14:check (default) @ retrofit ---
[INFO] Checking unresolved references to org.codehaus.mojo.signature:java16:1.1
[INFO] 
[INFO] --- maven-jar-plugin:2.4:jar (default-jar) @ retrofit ---
[INFO] Building jar: /home/travis/build/square/retrofit/retrofit/target/retrofit-2.0.0-SNAPSHOT.jar
[INFO] 
[INFO] --- maven-javadoc-plugin:2.10.3:jar (attach-javadocs) @ retrofit ---
[INFO] Skipping javadoc generation
[INFO] 
[INFO] --- maven-checkstyle-plugin:2.15:checkstyle (default) @ retrofit ---
[INFO] Starting audit...
Audit done.
[WARNING] Unable to locate Source XRef to link to - DISABLED
[INFO] 
[INFO] --- maven-install-plugin:2.4:install (default-install) @ retrofit ---
[INFO] Installing /home/travis/build/square/retrofit/retrofit/target/retrofit-2.0.0-SNAPSHOT.jar to /home/travis/.m2/repository/com/squareup/retrofit2/retrofit/2.0.0-SNAPSHOT/retrofit-2.0.0-SNAPSHOT.jar
[INFO] Installing /home/travis/build/square/retrofit/retrofit/pom.xml to /home/travis/.m2/repository/com/squareup/retrofit2/retrofit/2.0.0-SNAPSHOT/retrofit-2.0.0-SNAPSHOT.pom
[INFO]                                                                         
[INFO] ------------------------------------------------------------------------
[INFO] Building Adapters 2.0.0-SNAPSHOT
[INFO] ------------------------------------------------------------------------
[INFO] 
[INFO] --- maven-enforcer-plugin:1.0:enforce (enforce-maven) @ retrofit-adapters ---
[INFO] 
[INFO] --- animal-sniffer-maven-plugin:1.14:check (default) @ retrofit-adapters ---
[INFO] Checking unresolved references to org.codehaus.mojo.signature:java16:1.1
[INFO] 
[INFO] --- maven-javadoc-plugin:2.10.3:jar (attach-javadocs) @ retrofit-adapters ---
[INFO] Skipping javadoc generation
[INFO] 
[INFO] --- maven-checkstyle-plugin:2.15:checkstyle (default) @ retrofit-adapters ---
[INFO] 
[INFO] --- maven-install-plugin:2.4:install (default-install) @ retrofit-adapters ---
[INFO] Installing /home/travis/build/square/retrofit/retrofit-adapters/pom.xml to /home/travis/.m2/repository/com/squareup/retrofit2/retrofit-adapters/2.0.0-SNAPSHOT/retrofit-adapters-2.0.0-SNAPSHOT.pom
[INFO]                                                                         
[INFO] ------------------------------------------------------------------------
[INFO] Building Adapter: RxJava 2.0.0-SNAPSHOT
[INFO] ------------------------------------------------------------------------
[INFO] 
[INFO] --- maven-enforcer-plugin:1.0:enforce (enforce-maven) @ adapter-rxjava ---
[INFO] 
[INFO] --- maven-resources-plugin:2.6:resources (default-resources) @ adapter-rxjava ---
[INFO] Using 'UTF-8' encoding to copy filtered resources.
[INFO] skip non existing resourceDirectory /home/travis/build/square/retrofit/retrofit-adapters/rxjava/src/main/resources
[INFO] 
[INFO] --- maven-compiler-plugin:3.0:compile (default-compile) @ adapter-rxjava ---
[INFO] Changes detected - recompiling the module!
[INFO] Compiling 4 source files to /home/travis/build/square/retrofit/retrofit-adapters/rxjava/target/classes
[INFO] 
[INFO] --- maven-resources-plugin:2.6:testResources (default-testResources) @ adapter-rxjava ---
[INFO] Using 'UTF-8' encoding to copy filtered resources.
[INFO] skip non existing resourceDirectory /home/travis/build/square/retrofit/retrofit-adapters/rxjava/src/test/resources
[INFO] 
[INFO] --- maven-compiler-plugin:3.0:testCompile (default-testCompile) @ adapter-rxjava ---
[INFO] Changes detected - recompiling the module!
[INFO] Compiling 2 source files to /home/travis/build/square/retrofit/retrofit-adapters/rxjava/target/test-classes
[INFO] 
[INFO] --- maven-surefire-plugin:2.12.4:test (default-test) @ adapter-rxjava ---
[INFO] Tests are skipped.
[INFO] 
[INFO] --- animal-sniffer-maven-plugin:1.14:check (default) @ adapter-rxjava ---
[INFO] Checking unresolved references to org.codehaus.mojo.signature:java16:1.1
[INFO] 
[INFO] --- maven-jar-plugin:2.4:jar (default-jar) @ adapter-rxjava ---
[INFO] Building jar: /home/travis/build/square/retrofit/retrofit-adapters/rxjava/target/adapter-rxjava-2.0.0-SNAPSHOT.jar
[INFO] 
[INFO] --- maven-javadoc-plugin:2.10.3:jar (attach-javadocs) @ adapter-rxjava ---
[INFO] Skipping javadoc generation
[INFO] 
[INFO] --- maven-checkstyle-plugin:2.15:checkstyle (default) @ adapter-rxjava ---
[INFO] Starting audit...
Audit done.
[WARNING] Unable to locate Source XRef to link to - DISABLED
[INFO] 
[INFO] --- maven-install-plugin:2.4:install (default-install) @ adapter-rxjava ---
[INFO] Installing /home/travis/build/square/retrofit/retrofit-adapters/rxjava/target/adapter-rxjava-2.0.0-SNAPSHOT.jar to /home/travis/.m2/repository/com/squareup/retrofit2/adapter-rxjava/2.0.0-SNAPSHOT/adapter-rxjava-2.0.0-SNAPSHOT.jar
[INFO] Installing /home/travis/build/square/retrofit/retrofit-adapters/rxjava/pom.xml to /home/travis/.m2/repository/com/squareup/retrofit2/adapter-rxjava/2.0.0-SNAPSHOT/adapter-rxjava-2.0.0-SNAPSHOT.pom
[INFO]                                                                         
[INFO] ------------------------------------------------------------------------
[INFO] Building Converters 2.0.0-SNAPSHOT
[INFO] ------------------------------------------------------------------------
[INFO] 
[INFO] --- maven-enforcer-plugin:1.0:enforce (enforce-maven) @ retrofit-converters ---
[INFO] 
[INFO] --- animal-sniffer-maven-plugin:1.14:check (default) @ retrofit-converters ---
[INFO] Checking unresolved references to org.codehaus.mojo.signature:java16:1.1
[INFO] 
[INFO] --- maven-javadoc-plugin:2.10.3:jar (attach-javadocs) @ retrofit-converters ---
[INFO] Skipping javadoc generation
[INFO] 
[INFO] --- maven-checkstyle-plugin:2.15:checkstyle (default) @ retrofit-converters ---
[INFO] 
[INFO] --- maven-install-plugin:2.4:install (default-install) @ retrofit-converters ---
[INFO] Installing /home/travis/build/square/retrofit/retrofit-converters/pom.xml to /home/travis/.m2/repository/com/squareup/retrofit2/retrofit-converters/2.0.0-SNAPSHOT/retrofit-converters-2.0.0-SNAPSHOT.pom
[INFO]                                                                         
[INFO] ------------------------------------------------------------------------
[INFO] Building Converter: Gson 2.0.0-SNAPSHOT
[INFO] ------------------------------------------------------------------------
[INFO] 
[INFO] --- maven-enforcer-plugin:1.0:enforce (enforce-maven) @ converter-gson ---
[INFO] 
[INFO] --- maven-resources-plugin:2.6:resources (default-resources) @ converter-gson ---
[INFO] Using 'UTF-8' encoding to copy filtered resources.
[INFO] skip non existing resourceDirectory /home/travis/build/square/retrofit/retrofit-converters/gson/src/main/resources
[INFO] 
[INFO] --- maven-compiler-plugin:3.0:compile (default-compile) @ converter-gson ---
[INFO] Changes detected - recompiling the module!
[INFO] Compiling 3 source files to /home/travis/build/square/retrofit/retrofit-converters/gson/target/classes
[INFO] 
[INFO] --- maven-resources-plugin:2.6:testResources (default-testResources) @ converter-gson ---
[INFO] Using 'UTF-8' encoding to copy filtered resources.
[INFO] skip non existing resourceDirectory /home/travis/build/square/retrofit/retrofit-converters/gson/src/test/resources
[INFO] 
[INFO] --- maven-compiler-plugin:3.0:testCompile (default-testCompile) @ converter-gson ---
[INFO] Changes detected - recompiling the module!
[INFO] Compiling 1 source file to /home/travis/build/square/retrofit/retrofit-converters/gson/target/test-classes
[INFO] 
[INFO] --- maven-surefire-plugin:2.12.4:test (default-test) @ converter-gson ---
[INFO] Tests are skipped.
[INFO] 
[INFO] --- animal-sniffer-maven-plugin:1.14:check (default) @ converter-gson ---
[INFO] Checking unresolved references to org.codehaus.mojo.signature:java16:1.1
[INFO] 
[INFO] --- maven-jar-plugin:2.4:jar (default-jar) @ converter-gson ---
[INFO] Building jar: /home/travis/build/square/retrofit/retrofit-converters/gson/target/converter-gson-2.0.0-SNAPSHOT.jar
[INFO] 
[INFO] --- maven-javadoc-plugin:2.10.3:jar (attach-javadocs) @ converter-gson ---
[INFO] Skipping javadoc generation
[INFO] 
[INFO] --- maven-checkstyle-plugin:2.15:checkstyle (default) @ converter-gson ---
[INFO] Starting audit...
Audit done.
[WARNING] Unable to locate Source XRef to link to - DISABLED
[INFO] 
[INFO] --- maven-install-plugin:2.4:install (default-install) @ converter-gson ---
[INFO] Installing /home/travis/build/square/retrofit/retrofit-converters/gson/target/converter-gson-2.0.0-SNAPSHOT.jar to /home/travis/.m2/repository/com/squareup/retrofit2/converter-gson/2.0.0-SNAPSHOT/converter-gson-2.0.0-SNAPSHOT.jar
[INFO] Installing /home/travis/build/square/retrofit/retrofit-converters/gson/pom.xml to /home/travis/.m2/repository/com/squareup/retrofit2/converter-gson/2.0.0-SNAPSHOT/converter-gson-2.0.0-SNAPSHOT.pom
[INFO]                                                                         
[INFO] ------------------------------------------------------------------------
[INFO] Building Converter: Protocol Buffers 2.0.0-SNAPSHOT
[INFO] ------------------------------------------------------------------------
[INFO] 
[INFO] --- maven-enforcer-plugin:1.0:enforce (enforce-maven) @ converter-protobuf ---
[INFO] 
[INFO] --- maven-resources-plugin:2.6:resources (default-resources) @ converter-protobuf ---
[INFO] Using 'UTF-8' encoding to copy filtered resources.
[INFO] skip non existing resourceDirectory /home/travis/build/square/retrofit/retrofit-converters/protobuf/src/main/resources
[INFO] 
[INFO] --- maven-compiler-plugin:3.0:compile (default-compile) @ converter-protobuf ---
[INFO] Changes detected - recompiling the module!
[INFO] Compiling 3 source files to /home/travis/build/square/retrofit/retrofit-converters/protobuf/target/classes
[WARNING] /home/travis/build/square/retrofit/retrofit-converters/protobuf/src/main/java/retrofit2/ProtoConverterFactory.java: /home/travis/build/square/retrofit/retrofit-converters/protobuf/src/main/java/retrofit2/ProtoConverterFactory.java uses unchecked or unsafe operations.
[WARNING] /home/travis/build/square/retrofit/retrofit-converters/protobuf/src/main/java/retrofit2/ProtoConverterFactory.java: Recompile with -Xlint:unchecked for details.
[INFO] 
[INFO] --- maven-resources-plugin:2.6:testResources (default-testResources) @ converter-protobuf ---
[INFO] Using 'UTF-8' encoding to copy filtered resources.
[INFO] skip non existing resourceDirectory /home/travis/build/square/retrofit/retrofit-converters/protobuf/src/test/resources
[INFO] 
[INFO] --- maven-compiler-plugin:3.0:testCompile (default-testCompile) @ converter-protobuf ---
[INFO] Changes detected - recompiling the module!
[INFO] Compiling 2 source files to /home/travis/build/square/retrofit/retrofit-converters/protobuf/target/test-classes
[INFO] 
[INFO] --- maven-surefire-plugin:2.12.4:test (default-test) @ converter-protobuf ---
[INFO] Tests are skipped.
[INFO] 
[INFO] --- animal-sniffer-maven-plugin:1.14:check (default) @ converter-protobuf ---
[INFO] Checking unresolved references to org.codehaus.mojo.signature:java16:1.1
[INFO] 
[INFO] --- maven-jar-plugin:2.4:jar (default-jar) @ converter-protobuf ---
[INFO] Building jar: /home/travis/build/square/retrofit/retrofit-converters/protobuf/target/converter-protobuf-2.0.0-SNAPSHOT.jar
[INFO] 
[INFO] --- maven-javadoc-plugin:2.10.3:jar (attach-javadocs) @ converter-protobuf ---
[INFO] Skipping javadoc generation
[INFO] 
[INFO] --- maven-checkstyle-plugin:2.15:checkstyle (default) @ converter-protobuf ---
[INFO] Starting audit...
Audit done.
[WARNING] Unable to locate Source XRef to link to - DISABLED
[INFO] 
[INFO] --- maven-install-plugin:2.4:install (default-install) @ converter-protobuf ---
[INFO] Installing /home/travis/build/square/retrofit/retrofit-converters/protobuf/target/converter-protobuf-2.0.0-SNAPSHOT.jar to /home/travis/.m2/repository/com/squareup/retrofit2/converter-protobuf/2.0.0-SNAPSHOT/converter-protobuf-2.0.0-SNAPSHOT.jar
[INFO] Installing /home/travis/build/square/retrofit/retrofit-converters/protobuf/pom.xml to /home/travis/.m2/repository/com/squareup/retrofit2/converter-protobuf/2.0.0-SNAPSHOT/converter-protobuf-2.0.0-SNAPSHOT.pom
[INFO]                                                                         
[INFO] ------------------------------------------------------------------------
[INFO] Building Converter: Jackson 2.0.0-SNAPSHOT
[INFO] ------------------------------------------------------------------------
[INFO] 
[INFO] --- maven-enforcer-plugin:1.0:enforce (enforce-maven) @ converter-jackson ---
[INFO] 
[INFO] --- maven-resources-plugin:2.6:resources (default-resources) @ converter-jackson ---
[INFO] Using 'UTF-8' encoding to copy filtered resources.
[INFO] skip non existing resourceDirectory /home/travis/build/square/retrofit/retrofit-converters/jackson/src/main/resources
[INFO] 
[INFO] --- maven-compiler-plugin:3.0:compile (default-compile) @ converter-jackson ---
[INFO] Changes detected - recompiling the module!
[INFO] Compiling 3 source files to /home/travis/build/square/retrofit/retrofit-converters/jackson/target/classes
[INFO] 
[INFO] --- maven-resources-plugin:2.6:testResources (default-testResources) @ converter-jackson ---
[INFO] Using 'UTF-8' encoding to copy filtered resources.
[INFO] skip non existing resourceDirectory /home/travis/build/square/retrofit/retrofit-converters/jackson/src/test/resources
[INFO] 
[INFO] --- maven-compiler-plugin:3.0:testCompile (default-testCompile) @ converter-jackson ---
[INFO] Changes detected - recompiling the module!
[INFO] Compiling 1 source file to /home/travis/build/square/retrofit/retrofit-converters/jackson/target/test-classes
[INFO] 
[INFO] --- maven-surefire-plugin:2.12.4:test (default-test) @ converter-jackson ---
[INFO] Tests are skipped.
[INFO] 
[INFO] --- animal-sniffer-maven-plugin:1.14:check (default) @ converter-jackson ---
[INFO] Checking unresolved references to org.codehaus.mojo.signature:java16:1.1
[INFO] 
[INFO] --- maven-jar-plugin:2.4:jar (default-jar) @ converter-jackson ---
[INFO] Building jar: /home/travis/build/square/retrofit/retrofit-converters/jackson/target/converter-jackson-2.0.0-SNAPSHOT.jar
[INFO] 
[INFO] --- maven-javadoc-plugin:2.10.3:jar (attach-javadocs) @ converter-jackson ---
[INFO] Skipping javadoc generation
[INFO] 
[INFO] --- maven-checkstyle-plugin:2.15:checkstyle (default) @ converter-jackson ---
[INFO] Starting audit...
Audit done.
[WARNING] Unable to locate Source XRef to link to - DISABLED
[INFO] 
[INFO] --- maven-install-plugin:2.4:install (default-install) @ converter-jackson ---
[INFO] Installing /home/travis/build/square/retrofit/retrofit-converters/jackson/target/converter-jackson-2.0.0-SNAPSHOT.jar to /home/travis/.m2/repository/com/squareup/retrofit2/converter-jackson/2.0.0-SNAPSHOT/converter-jackson-2.0.0-SNAPSHOT.jar
[INFO] Installing /home/travis/build/square/retrofit/retrofit-converters/jackson/pom.xml to /home/travis/.m2/repository/com/squareup/retrofit2/converter-jackson/2.0.0-SNAPSHOT/converter-jackson-2.0.0-SNAPSHOT.pom
[INFO]                                                                         
[INFO] ------------------------------------------------------------------------
[INFO] Building Converter: Wire Protocol Buffers 2.0.0-SNAPSHOT
[INFO] ------------------------------------------------------------------------
[INFO] 
[INFO] --- maven-enforcer-plugin:1.0:enforce (enforce-maven) @ converter-wire ---
[INFO] 
[INFO] --- maven-resources-plugin:2.6:resources (default-resources) @ converter-wire ---
[INFO] Using 'UTF-8' encoding to copy filtered resources.
[INFO] skip non existing resourceDirectory /home/travis/build/square/retrofit/retrofit-converters/wire/src/main/resources
[INFO] 
[INFO] --- maven-compiler-plugin:3.0:compile (default-compile) @ converter-wire ---
[INFO] Changes detected - recompiling the module!
[INFO] Compiling 3 source files to /home/travis/build/square/retrofit/retrofit-converters/wire/target/classes
[WARNING] /home/travis/build/square/retrofit/retrofit-converters/wire/src/main/java/retrofit2/WireConverterFactory.java: /home/travis/build/square/retrofit/retrofit-converters/wire/src/main/java/retrofit2/WireConverterFactory.java uses unchecked or unsafe operations.
[WARNING] /home/travis/build/square/retrofit/retrofit-converters/wire/src/main/java/retrofit2/WireConverterFactory.java: Recompile with -Xlint:unchecked for details.
[INFO] 
[INFO] --- maven-resources-plugin:2.6:testResources (default-testResources) @ converter-wire ---
[INFO] Using 'UTF-8' encoding to copy filtered resources.
[INFO] skip non existing resourceDirectory /home/travis/build/square/retrofit/retrofit-converters/wire/src/test/resources
[INFO] 
[INFO] --- maven-compiler-plugin:3.0:testCompile (default-testCompile) @ converter-wire ---
[INFO] Changes detected - recompiling the module!
[INFO] Compiling 2 source files to /home/travis/build/square/retrofit/retrofit-converters/wire/target/test-classes
[INFO] 
[INFO] --- maven-surefire-plugin:2.12.4:test (default-test) @ converter-wire ---
[INFO] Tests are skipped.
[INFO] 
[INFO] --- animal-sniffer-maven-plugin:1.14:check (default) @ converter-wire ---
[INFO] Checking unresolved references to org.codehaus.mojo.signature:java16:1.1
[INFO] 
[INFO] --- maven-jar-plugin:2.4:jar (default-jar) @ converter-wire ---
[INFO] Building jar: /home/travis/build/square/retrofit/retrofit-converters/wire/target/converter-wire-2.0.0-SNAPSHOT.jar
[INFO] 
[INFO] --- maven-javadoc-plugin:2.10.3:jar (attach-javadocs) @ converter-wire ---
[INFO] Skipping javadoc generation
[INFO] 
[INFO] --- maven-checkstyle-plugin:2.15:checkstyle (default) @ converter-wire ---
[INFO] Starting audit...
Audit done.
[WARNING] Unable to locate Source XRef to link to - DISABLED
[INFO] 
[INFO] --- maven-install-plugin:2.4:install (default-install) @ converter-wire ---
[INFO] Installing /home/travis/build/square/retrofit/retrofit-converters/wire/target/converter-wire-2.0.0-SNAPSHOT.jar to /home/travis/.m2/repository/com/squareup/retrofit2/converter-wire/2.0.0-SNAPSHOT/converter-wire-2.0.0-SNAPSHOT.jar
[INFO] Installing /home/travis/build/square/retrofit/retrofit-converters/wire/pom.xml to /home/travis/.m2/repository/com/squareup/retrofit2/converter-wire/2.0.0-SNAPSHOT/converter-wire-2.0.0-SNAPSHOT.pom
[INFO]                                                                         
[INFO] ------------------------------------------------------------------------
[INFO] Building Converter: SimpleXML 2.0.0-SNAPSHOT
[INFO] ------------------------------------------------------------------------
[INFO] 
[INFO] --- maven-enforcer-plugin:1.0:enforce (enforce-maven) @ converter-simplexml ---
[INFO] 
[INFO] --- maven-resources-plugin:2.6:resources (default-resources) @ converter-simplexml ---
[INFO] Using 'UTF-8' encoding to copy filtered resources.
[INFO] skip non existing resourceDirectory /home/travis/build/square/retrofit/retrofit-converters/simplexml/src/main/resources
[INFO] 
[INFO] --- maven-compiler-plugin:3.0:compile (default-compile) @ converter-simplexml ---
[INFO] Changes detected - recompiling the module!
[INFO] Compiling 3 source files to /home/travis/build/square/retrofit/retrofit-converters/simplexml/target/classes
[INFO] 
[INFO] --- maven-resources-plugin:2.6:testResources (default-testResources) @ converter-simplexml ---
[INFO] Using 'UTF-8' encoding to copy filtered resources.
[INFO] skip non existing resourceDirectory /home/travis/build/square/retrofit/retrofit-converters/simplexml/src/test/resources
[INFO] 
[INFO] --- maven-compiler-plugin:3.0:testCompile (default-testCompile) @ converter-simplexml ---
[INFO] Changes detected - recompiling the module!
[INFO] Compiling 2 source files to /home/travis/build/square/retrofit/retrofit-converters/simplexml/target/test-classes
[INFO] 
[INFO] --- maven-surefire-plugin:2.12.4:test (default-test) @ converter-simplexml ---
[INFO] Tests are skipped.
[INFO] 
[INFO] --- animal-sniffer-maven-plugin:1.14:check (default) @ converter-simplexml ---
[INFO] Checking unresolved references to org.codehaus.mojo.signature:java16:1.1
[INFO] 
[INFO] --- maven-jar-plugin:2.4:jar (default-jar) @ converter-simplexml ---
[INFO] Building jar: /home/travis/build/square/retrofit/retrofit-converters/simplexml/target/converter-simplexml-2.0.0-SNAPSHOT.jar
[INFO] 
[INFO] --- maven-javadoc-plugin:2.10.3:jar (attach-javadocs) @ converter-simplexml ---
[INFO] Skipping javadoc generation
[INFO] 
[INFO] --- maven-checkstyle-plugin:2.15:checkstyle (default) @ converter-simplexml ---
[INFO] Starting audit...
Audit done.
[WARNING] Unable to locate Source XRef to link to - DISABLED
[INFO] 
[INFO] --- maven-install-plugin:2.4:install (default-install) @ converter-simplexml ---
[INFO] Installing /home/travis/build/square/retrofit/retrofit-converters/simplexml/target/converter-simplexml-2.0.0-SNAPSHOT.jar to /home/travis/.m2/repository/com/squareup/retrofit2/converter-simplexml/2.0.0-SNAPSHOT/converter-simplexml-2.0.0-SNAPSHOT.jar
[INFO] Installing /home/travis/build/square/retrofit/retrofit-converters/simplexml/pom.xml to /home/travis/.m2/repository/com/squareup/retrofit2/converter-simplexml/2.0.0-SNAPSHOT/converter-simplexml-2.0.0-SNAPSHOT.pom
[INFO]                                                                         
[INFO] ------------------------------------------------------------------------
[INFO] Building Converter: Java Scalars 2.0.0-SNAPSHOT
[INFO] ------------------------------------------------------------------------
[INFO] 
[INFO] --- maven-enforcer-plugin:1.0:enforce (enforce-maven) @ converter-scalars ---
[INFO] 
[INFO] --- maven-resources-plugin:2.6:resources (default-resources) @ converter-scalars ---
[INFO] Using 'UTF-8' encoding to copy filtered resources.
[INFO] skip non existing resourceDirectory /home/travis/build/square/retrofit/retrofit-converters/scalars/src/main/resources
[INFO] 
[INFO] --- maven-compiler-plugin:3.0:compile (default-compile) @ converter-scalars ---
[INFO] Changes detected - recompiling the module!
[INFO] Compiling 3 source files to /home/travis/build/square/retrofit/retrofit-converters/scalars/target/classes
[INFO] 
[INFO] --- maven-resources-plugin:2.6:testResources (default-testResources) @ converter-scalars ---
[INFO] Using 'UTF-8' encoding to copy filtered resources.
[INFO] skip non existing resourceDirectory /home/travis/build/square/retrofit/retrofit-converters/scalars/src/test/resources
[INFO] 
[INFO] --- maven-compiler-plugin:3.0:testCompile (default-testCompile) @ converter-scalars ---
[INFO] Changes detected - recompiling the module!
[INFO] Compiling 1 source file to /home/travis/build/square/retrofit/retrofit-converters/scalars/target/test-classes
[INFO] 
[INFO] --- maven-surefire-plugin:2.12.4:test (default-test) @ converter-scalars ---
[INFO] Tests are skipped.
[INFO] 
[INFO] --- animal-sniffer-maven-plugin:1.14:check (default) @ converter-scalars ---
[INFO] Checking unresolved references to org.codehaus.mojo.signature:java16:1.1
[INFO] 
[INFO] --- maven-jar-plugin:2.4:jar (default-jar) @ converter-scalars ---
[INFO] Building jar: /home/travis/build/square/retrofit/retrofit-converters/scalars/target/converter-scalars-2.0.0-SNAPSHOT.jar
[INFO] 
[INFO] --- maven-javadoc-plugin:2.10.3:jar (attach-javadocs) @ converter-scalars ---
[INFO] Skipping javadoc generation
[INFO] 
[INFO] --- maven-checkstyle-plugin:2.15:checkstyle (default) @ converter-scalars ---
[INFO] Starting audit...
Audit done.
[WARNING] Unable to locate Source XRef to link to - DISABLED
[INFO] 
[INFO] --- maven-install-plugin:2.4:install (default-install) @ converter-scalars ---
[INFO] Installing /home/travis/build/square/retrofit/retrofit-converters/scalars/target/converter-scalars-2.0.0-SNAPSHOT.jar to /home/travis/.m2/repository/com/squareup/retrofit2/converter-scalars/2.0.0-SNAPSHOT/converter-scalars-2.0.0-SNAPSHOT.jar
[INFO] Installing /home/travis/build/square/retrofit/retrofit-converters/scalars/pom.xml to /home/travis/.m2/repository/com/squareup/retrofit2/converter-scalars/2.0.0-SNAPSHOT/converter-scalars-2.0.0-SNAPSHOT.pom
[INFO]                                                                         
[INFO] ------------------------------------------------------------------------
[INFO] Building Converter: Moshi 2.0.0-SNAPSHOT
[INFO] ------------------------------------------------------------------------
[INFO] 
[INFO] --- maven-enforcer-plugin:1.0:enforce (enforce-maven) @ converter-moshi ---
[INFO] 
[INFO] --- maven-resources-plugin:2.6:resources (default-resources) @ converter-moshi ---
[INFO] Using 'UTF-8' encoding to copy filtered resources.
[INFO] skip non existing resourceDirectory /home/travis/build/square/retrofit/retrofit-converters/moshi/src/main/resources
[INFO] 
[INFO] --- maven-compiler-plugin:3.0:compile (default-compile) @ converter-moshi ---
[INFO] Changes detected - recompiling the module!
[INFO] Compiling 3 source files to /home/travis/build/square/retrofit/retrofit-converters/moshi/target/classes
[INFO] 
[INFO] --- maven-resources-plugin:2.6:testResources (default-testResources) @ converter-moshi ---
[INFO] Using 'UTF-8' encoding to copy filtered resources.
[INFO] skip non existing resourceDirectory /home/travis/build/square/retrofit/retrofit-converters/moshi/src/test/resources
[INFO] 
[INFO] --- maven-compiler-plugin:3.0:testCompile (default-testCompile) @ converter-moshi ---
[INFO] Changes detected - recompiling the module!
[INFO] Compiling 1 source file to /home/travis/build/square/retrofit/retrofit-converters/moshi/target/test-classes
[INFO] 
[INFO] --- maven-surefire-plugin:2.12.4:test (default-test) @ converter-moshi ---
[INFO] Tests are skipped.
[INFO] 
[INFO] --- animal-sniffer-maven-plugin:1.14:check (default) @ converter-moshi ---
[INFO] Checking unresolved references to org.codehaus.mojo.signature:java16:1.1
[INFO] 
[INFO] --- maven-jar-plugin:2.4:jar (default-jar) @ converter-moshi ---
[INFO] Building jar: /home/travis/build/square/retrofit/retrofit-converters/moshi/target/converter-moshi-2.0.0-SNAPSHOT.jar
[INFO] 
[INFO] --- maven-javadoc-plugin:2.10.3:jar (attach-javadocs) @ converter-moshi ---
[INFO] Skipping javadoc generation
[INFO] 
[INFO] --- maven-checkstyle-plugin:2.15:checkstyle (default) @ converter-moshi ---
[INFO] Starting audit...
Audit done.
[WARNING] Unable to locate Source XRef to link to - DISABLED
[INFO] 
[INFO] --- maven-install-plugin:2.4:install (default-install) @ converter-moshi ---
[INFO] Installing /home/travis/build/square/retrofit/retrofit-converters/moshi/target/converter-moshi-2.0.0-SNAPSHOT.jar to /home/travis/.m2/repository/com/squareup/retrofit2/converter-moshi/2.0.0-SNAPSHOT/converter-moshi-2.0.0-SNAPSHOT.jar
[INFO] Installing /home/travis/build/square/retrofit/retrofit-converters/moshi/pom.xml to /home/travis/.m2/repository/com/squareup/retrofit2/converter-moshi/2.0.0-SNAPSHOT/converter-moshi-2.0.0-SNAPSHOT.pom
[INFO]                                                                         
[INFO] ------------------------------------------------------------------------
[INFO] Building Retrofit Mock Adapter 2.0.0-SNAPSHOT
[INFO] ------------------------------------------------------------------------
[INFO] 
[INFO] --- maven-enforcer-plugin:1.0:enforce (enforce-maven) @ retrofit-mock ---
[INFO] 
[INFO] --- maven-resources-plugin:2.6:resources (default-resources) @ retrofit-mock ---
[INFO] Using 'UTF-8' encoding to copy filtered resources.
[INFO] skip non existing resourceDirectory /home/travis/build/square/retrofit/retrofit-mock/src/main/resources
[INFO] 
[INFO] --- maven-compiler-plugin:3.0:compile (default-compile) @ retrofit-mock ---
[INFO] Changes detected - recompiling the module!
[INFO] Compiling 5 source files to /home/travis/build/square/retrofit/retrofit-mock/target/classes
[INFO] 
[INFO] --- maven-resources-plugin:2.6:testResources (default-testResources) @ retrofit-mock ---
[INFO] Using 'UTF-8' encoding to copy filtered resources.
[INFO] skip non existing resourceDirectory /home/travis/build/square/retrofit/retrofit-mock/src/test/resources
[INFO] 
[INFO] --- maven-compiler-plugin:3.0:testCompile (default-testCompile) @ retrofit-mock ---
[INFO] Changes detected - recompiling the module!
[INFO] Compiling 3 source files to /home/travis/build/square/retrofit/retrofit-mock/target/test-classes
[INFO] 
[INFO] --- maven-surefire-plugin:2.12.4:test (default-test) @ retrofit-mock ---
[INFO] Tests are skipped.
[INFO] 
[INFO] --- animal-sniffer-maven-plugin:1.14:check (default) @ retrofit-mock ---
[INFO] Checking unresolved references to org.codehaus.mojo.signature:java16:1.1
[INFO] 
[INFO] --- maven-jar-plugin:2.4:jar (default-jar) @ retrofit-mock ---
[INFO] Building jar: /home/travis/build/square/retrofit/retrofit-mock/target/retrofit-mock-2.0.0-SNAPSHOT.jar
[INFO] 
[INFO] --- maven-javadoc-plugin:2.10.3:jar (attach-javadocs) @ retrofit-mock ---
[INFO] Skipping javadoc generation
[INFO] 
[INFO] --- maven-checkstyle-plugin:2.15:checkstyle (default) @ retrofit-mock ---
[INFO] Starting audit...
Audit done.
[WARNING] Unable to locate Source XRef to link to - DISABLED
[INFO] 
[INFO] --- maven-install-plugin:2.4:install (default-install) @ retrofit-mock ---
[INFO] Installing /home/travis/build/square/retrofit/retrofit-mock/target/retrofit-mock-2.0.0-SNAPSHOT.jar to /home/travis/.m2/repository/com/squareup/retrofit2/retrofit-mock/2.0.0-SNAPSHOT/retrofit-mock-2.0.0-SNAPSHOT.jar
[INFO] Installing /home/travis/build/square/retrofit/retrofit-mock/pom.xml to /home/travis/.m2/repository/com/squareup/retrofit2/retrofit-mock/2.0.0-SNAPSHOT/retrofit-mock-2.0.0-SNAPSHOT.pom
[INFO]                                                                         
[INFO] ------------------------------------------------------------------------
[INFO] Building Samples 2.0.0-SNAPSHOT
[INFO] ------------------------------------------------------------------------
[INFO] 
[INFO] --- maven-enforcer-plugin:1.0:enforce (enforce-maven) @ samples ---
[INFO] 
[INFO] --- maven-resources-plugin:2.6:resources (default-resources) @ samples ---
[INFO] Using 'UTF-8' encoding to copy filtered resources.
[INFO] skip non existing resourceDirectory /home/travis/build/square/retrofit/samples/src/main/resources
[INFO] 
[INFO] --- maven-compiler-plugin:3.0:compile (default-compile) @ samples ---
[INFO] Changes detected - recompiling the module!
[INFO] Compiling 6 source files to /home/travis/build/square/retrofit/samples/target/classes
[INFO] 
[INFO] --- maven-resources-plugin:2.6:testResources (default-testResources) @ samples ---
[INFO] Using 'UTF-8' encoding to copy filtered resources.
[INFO] skip non existing resourceDirectory /home/travis/build/square/retrofit/samples/src/test/resources
[INFO] 
[INFO] --- maven-compiler-plugin:3.0:testCompile (default-testCompile) @ samples ---
[INFO] No sources to compile
[INFO] 
[INFO] --- maven-surefire-plugin:2.12.4:test (default-test) @ samples ---
[INFO] Tests are skipped.
[INFO] 
[INFO] --- animal-sniffer-maven-plugin:1.14:check (default) @ samples ---
[INFO] Checking unresolved references to org.codehaus.mojo.signature:java16:1.1
[INFO] 
[INFO] --- maven-jar-plugin:2.4:jar (default-jar) @ samples ---
[INFO] Building jar: /home/travis/build/square/retrofit/samples/target/samples-2.0.0-SNAPSHOT.jar
[INFO] 
[INFO] --- maven-javadoc-plugin:2.10.3:jar (attach-javadocs) @ samples ---
[INFO] Skipping javadoc generation
[INFO] 
[INFO] --- maven-checkstyle-plugin:2.15:checkstyle (default) @ samples ---
[INFO] Starting audit...
Audit done.
[WARNING] Unable to locate Source XRef to link to - DISABLED
[INFO] 
[INFO] --- maven-install-plugin:2.4:install (default-install) @ samples ---
[INFO] Installing /home/travis/build/square/retrofit/samples/target/samples-2.0.0-SNAPSHOT.jar to /home/travis/.m2/repository/com/squareup/retrofit2/samples/2.0.0-SNAPSHOT/samples-2.0.0-SNAPSHOT.jar
[INFO] Installing /home/travis/build/square/retrofit/samples/pom.xml to /home/travis/.m2/repository/com/squareup/retrofit2/samples/2.0.0-SNAPSHOT/samples-2.0.0-SNAPSHOT.pom
[INFO] ------------------------------------------------------------------------
[INFO] Reactor Summary:
[INFO] 
[INFO] Retrofit (Parent) .................................. SUCCESS [  7.433 s]
[INFO] Retrofit ........................................... SUCCESS [ 15.104 s]
[INFO] Adapters ........................................... SUCCESS [  0.826 s]
[INFO] Adapter: RxJava .................................... SUCCESS [  3.447 s]
[INFO] Converters ......................................... SUCCESS [  0.480 s]
[INFO] Converter: Gson .................................... SUCCESS [  1.426 s]
[INFO] Converter: Protocol Buffers ........................ SUCCESS [  1.617 s]
[INFO] Converter: Jackson ................................. SUCCESS [  1.508 s]
[INFO] Converter: Wire Protocol Buffers ................... SUCCESS [  1.133 s]
[INFO] Converter: SimpleXML ............................... SUCCESS [  0.658 s]
[INFO] Converter: Java Scalars ............................ SUCCESS [  0.788 s]
[INFO] Converter: Moshi ................................... SUCCESS [  0.722 s]
[INFO] Retrofit Mock Adapter .............................. SUCCESS [  1.525 s]
[INFO] Samples ............................................ SUCCESS [  1.576 s]
[INFO] ------------------------------------------------------------------------
[INFO] BUILD SUCCESS
[INFO] ------------------------------------------------------------------------
[INFO] Total time: 38.728 s
[INFO] Finished at: 2016-01-24T06:25:19+00:00
[INFO] Final Memory: 42M/432M
[INFO] ------------------------------------------------------------------------

travis_time:end:08d74778:start=1453616678648492972,finish=1453616720570422098,duration=41921929126[0Ktravis_fold:end:install[0Ktravis_time:start:02963184[0K$ mvn test -B
Java HotSpot(TM) 64-Bit Server VM warning: ignoring option MaxPermSize=192m; support was removed in 8.0
[INFO] Scanning for projects...
[WARNING] 
[WARNING] Some problems were encountered while building the effective model for com.squareup.retrofit2:samples:jar:2.0.0-SNAPSHOT
[WARNING] 'build.plugins.plugin.version' for org.apache.maven.plugins:maven-deploy-plugin is missing. @ com.squareup.retrofit2:samples:[unknown-version], /home/travis/build/square/retrofit/samples/pom.xml, line 45, column 15
[WARNING] 
[WARNING] It is highly recommended to fix these problems because they threaten the stability of your build.
[WARNING] 
[WARNING] For this reason, future Maven versions might no longer support building such malformed projects.
[WARNING] 
[INFO] ------------------------------------------------------------------------
[INFO] Reactor Build Order:
[INFO] 
[INFO] Retrofit (Parent)
[INFO] Retrofit
[INFO] Adapters
[INFO] Adapter: RxJava
[INFO] Converters
[INFO] Converter: Gson
[INFO] Converter: Protocol Buffers
[INFO] Converter: Jackson
[INFO] Converter: Wire Protocol Buffers
[INFO] Converter: SimpleXML
[INFO] Converter: Java Scalars
[INFO] Converter: Moshi
[INFO] Retrofit Mock Adapter
[INFO] Samples
[INFO]                                                                         
[INFO] ------------------------------------------------------------------------
[INFO] Building Retrofit (Parent) 2.0.0-SNAPSHOT
[INFO] ------------------------------------------------------------------------
[INFO] 
[INFO] --- maven-enforcer-plugin:1.0:enforce (enforce-maven) @ parent ---
[INFO] 
[INFO] --- animal-sniffer-maven-plugin:1.14:check (default) @ parent ---
[INFO] Checking unresolved references to org.codehaus.mojo.signature:java16:1.1
[INFO]                                                                         
[INFO] ------------------------------------------------------------------------
[INFO] Building Retrofit 2.0.0-SNAPSHOT
[INFO] ------------------------------------------------------------------------
[INFO] 
[INFO] --- maven-enforcer-plugin:1.0:enforce (enforce-maven) @ retrofit ---
[INFO] 
[INFO] --- maven-resources-plugin:2.6:resources (default-resources) @ retrofit ---
[INFO] Using 'UTF-8' encoding to copy filtered resources.
[INFO] skip non existing resourceDirectory /home/travis/build/square/retrofit/retrofit/src/main/resources
[INFO] 
[INFO] --- maven-compiler-plugin:3.0:compile (default-compile) @ retrofit ---
[INFO] Changes detected - recompiling the module!
[INFO] Compiling 42 source files to /home/travis/build/square/retrofit/retrofit/target/classes
[WARNING] /home/travis/build/square/retrofit/retrofit/src/main/java/retrofit2/Retrofit.java: Some input files use unchecked or unsafe operations.
[WARNING] /home/travis/build/square/retrofit/retrofit/src/main/java/retrofit2/Retrofit.java: Recompile with -Xlint:unchecked for details.
[INFO] 
[INFO] --- maven-resources-plugin:2.6:testResources (default-testResources) @ retrofit ---
[INFO] Using 'UTF-8' encoding to copy filtered resources.
[INFO] skip non existing resourceDirectory /home/travis/build/square/retrofit/retrofit/src/test/resources
[INFO] 
[INFO] --- maven-compiler-plugin:3.0:testCompile (default-testCompile) @ retrofit ---
[INFO] Changes detected - recompiling the module!
[INFO] Compiling 12 source files to /home/travis/build/square/retrofit/retrofit/target/test-classes
[WARNING] /home/travis/build/square/retrofit/retrofit/src/test/java/retrofit2/RetrofitTest.java: /home/travis/build/square/retrofit/retrofit/src/test/java/retrofit2/RetrofitTest.java uses unchecked or unsafe operations.
[WARNING] /home/travis/build/square/retrofit/retrofit/src/test/java/retrofit2/RetrofitTest.java: Recompile with -Xlint:unchecked for details.
[INFO] 
[INFO] --- maven-surefire-plugin:2.12.4:test (default-test) @ retrofit ---
[INFO] Surefire report directory: /home/travis/build/square/retrofit/retrofit/target/surefire-reports

-------------------------------------------------------
 T E S T S
-------------------------------------------------------
Running retrofit2.CallTest
Jan 24, 2016 6:25:32 AM okhttp3.mockwebserver.MockWebServer$3 execute
INFO: MockWebServer[58979] starting to accept connections
Jan 24, 2016 6:25:32 AM okhttp3.mockwebserver.MockWebServer$3 acceptConnections
INFO: MockWebServer[58979] done accepting connections: Socket closed
Jan 24, 2016 6:25:32 AM okhttp3.mockwebserver.MockWebServer$3 execute
INFO: MockWebServer[53496] starting to accept connections
Jan 24, 2016 6:25:32 AM okhttp3.mockwebserver.MockWebServer$4 processOneRequest
INFO: MockWebServer[53496] received request: GET / HTTP/1.1 and responded: HTTP/1.1 200 OK
Jan 24, 2016 6:25:32 AM okhttp3.mockwebserver.MockWebServer$3 acceptConnections
INFO: MockWebServer[53496] done accepting connections: Socket closed
Jan 24, 2016 6:25:32 AM okhttp3.mockwebserver.MockWebServer$3 execute
INFO: MockWebServer[44108] starting to accept connections
Jan 24, 2016 6:25:32 AM okhttp3.mockwebserver.MockWebServer$4 processOneRequest
INFO: MockWebServer[44108] received request: GET / HTTP/1.1 and responded: HTTP/1.1 404 Client Error
Jan 24, 2016 6:25:32 AM okhttp3.mockwebserver.MockWebServer$3 acceptConnections
INFO: MockWebServer[44108] done accepting connections: Socket closed
Jan 24, 2016 6:25:32 AM okhttp3.mockwebserver.MockWebServer$3 execute
INFO: MockWebServer[32790] starting to accept connections
Jan 24, 2016 6:25:32 AM okhttp3.mockwebserver.MockWebServer$4 processOneRequest
INFO: MockWebServer[32790] received request: POST /Hello HTTP/1.1 and responded: HTTP/1.1 200 OK
Jan 24, 2016 6:25:32 AM okhttp3.mockwebserver.MockWebServer$3 acceptConnections
INFO: MockWebServer[32790] done accepting connections: Socket closed
Jan 24, 2016 6:25:32 AM okhttp3.mockwebserver.MockWebServer$3 execute
INFO: MockWebServer[41707] starting to accept connections
Jan 24, 2016 6:25:32 AM okhttp3.mockwebserver.MockWebServer$3 acceptConnections
INFO: MockWebServer[41707] done accepting connections: Socket closed
Jan 24, 2016 6:25:32 AM okhttp3.mockwebserver.MockWebServer$3 execute
INFO: MockWebServer[59845] starting to accept connections
Jan 24, 2016 6:25:32 AM okhttp3.mockwebserver.MockWebServer$3 acceptConnections
INFO: MockWebServer[59845] done accepting connections: Socket closed
Jan 24, 2016 6:25:32 AM okhttp3.mockwebserver.MockWebServer$3 execute
INFO: MockWebServer[37490] starting to accept connections
Jan 24, 2016 6:25:32 AM okhttp3.mockwebserver.MockWebServer$3 acceptConnections
INFO: MockWebServer[37490] done accepting connections: Socket closed
Jan 24, 2016 6:25:32 AM okhttp3.mockwebserver.MockWebServer$4 processOneRequest
INFO: MockWebServer[37490] received request: GET / HTTP/1.1 and responded: HTTP/1.1 200 OK
Jan 24, 2016 6:25:32 AM okhttp3.mockwebserver.MockWebServer$3 execute
INFO: MockWebServer[59981] starting to accept connections
Jan 24, 2016 6:25:32 AM okhttp3.mockwebserver.MockWebServer$4 processOneRequest
INFO: MockWebServer[59981] received request: GET / HTTP/1.1 and responded: HTTP/1.1 200 OK
Jan 24, 2016 6:25:32 AM okhttp3.mockwebserver.MockWebServer$3 acceptConnections
INFO: MockWebServer[59981] done accepting connections: Socket closed
Jan 24, 2016 6:25:32 AM okhttp3.mockwebserver.MockWebServer$3 execute
INFO: MockWebServer[60275] starting to accept connections
Jan 24, 2016 6:25:32 AM okhttp3.mockwebserver.MockWebServer$3 acceptConnections
INFO: MockWebServer[60275] done accepting connections: Socket is closed
Jan 24, 2016 6:25:32 AM okhttp3.mockwebserver.MockWebServer$3 execute
INFO: MockWebServer[53599] starting to accept connections
Jan 24, 2016 6:25:32 AM okhttp3.mockwebserver.MockWebServer$4 processOneRequest
INFO: MockWebServer[53599] received request: POST /Hello HTTP/1.1 and responded: HTTP/1.1 200 OK
Jan 24, 2016 6:25:32 AM okhttp3.mockwebserver.MockWebServer$3 acceptConnections
INFO: MockWebServer[53599] done accepting connections: Socket closed
Jan 24, 2016 6:25:32 AM okhttp3.mockwebserver.MockWebServer$3 execute
INFO: MockWebServer[34553] starting to accept connections
Jan 24, 2016 6:25:32 AM okhttp3.mockwebserver.MockWebServer$4 processOneRequest
INFO: MockWebServer[34553] received request: POST /Hello HTTP/1.1 and responded: HTTP/1.1 200 OK
Jan 24, 2016 6:25:32 AM okhttp3.mockwebserver.MockWebServer$3 acceptConnections
INFO: MockWebServer[34553] done accepting connections: Socket closed
Jan 24, 2016 6:25:32 AM okhttp3.mockwebserver.MockWebServer$3 execute
INFO: MockWebServer[50067] starting to accept connections
Jan 24, 2016 6:25:32 AM okhttp3.mockwebserver.MockWebServer$3 acceptConnections
INFO: MockWebServer[50067] done accepting connections: Socket closed
Jan 24, 2016 6:25:32 AM okhttp3.mockwebserver.MockWebServer$3 execute
INFO: MockWebServer[42719] starting to accept connections
Jan 24, 2016 6:25:32 AM okhttp3.mockwebserver.MockWebServer$4 processOneRequest
INFO: MockWebServer[42719] received request: GET / HTTP/1.1 and responded: HTTP/1.1 404 Client Error
Jan 24, 2016 6:25:32 AM okhttp3.mockwebserver.MockWebServer$3 acceptConnections
INFO: MockWebServer[42719] done accepting connections: Socket closed
Jan 24, 2016 6:25:32 AM okhttp3.mockwebserver.MockWebServer$3 execute
INFO: MockWebServer[53004] starting to accept connections
Jan 24, 2016 6:25:32 AM okhttp3.mockwebserver.MockWebServer$3 acceptConnections
INFO: MockWebServer[53004] done accepting connections: Socket closed
Jan 24, 2016 6:25:32 AM okhttp3.mockwebserver.MockWebServer$4 processOneRequest
INFO: MockWebServer[53004] received request: POST / HTTP/1.1 and responded: HTTP/1.1 200 OK
Jan 24, 2016 6:25:32 AM okhttp3.mockwebserver.MockWebServer$3 execute
INFO: MockWebServer[39452] starting to accept connections
Jan 24, 2016 6:25:32 AM okhttp3.mockwebserver.MockWebServer$4 processOneRequest
INFO: MockWebServer[39452] received request: GET / HTTP/1.1 and responded: HTTP/1.1 204 Nothin
Jan 24, 2016 6:25:32 AM okhttp3.mockwebserver.MockWebServer$3 acceptConnections
INFO: MockWebServer[39452] done accepting connections: Socket closed
Jan 24, 2016 6:25:32 AM okhttp3.mockwebserver.MockWebServer$3 execute
INFO: MockWebServer[48227] starting to accept connections
Jan 24, 2016 6:25:32 AM okhttp3.mockwebserver.MockWebServer$3 acceptConnections
INFO: MockWebServer[48227] done accepting connections: Socket closed
Jan 24, 2016 6:25:32 AM okhttp3.mockwebserver.MockWebServer$3 execute
INFO: MockWebServer[40405] starting to accept connections
Jan 24, 2016 6:25:32 AM okhttp3.mockwebserver.MockWebServer$3 acceptConnections
INFO: MockWebServer[40405] done accepting connections: Socket closed
Jan 24, 2016 6:25:32 AM okhttp3.mockwebserver.MockWebServer$4 processOneRequest
INFO: MockWebServer[40405] received request: GET / HTTP/1.1 and responded: HTTP/1.1 200 OK
Jan 24, 2016 6:25:32 AM okhttp3.mockwebserver.MockWebServer$3 execute
INFO: MockWebServer[53731] starting to accept connections
Jan 24, 2016 6:25:32 AM okhttp3.mockwebserver.MockWebServer$4 processOneRequest
INFO: MockWebServer[53731] received request: POST /Hello HTTP/1.1 and responded: HTTP/1.1 200 OK
Jan 24, 2016 6:25:32 AM okhttp3.mockwebserver.MockWebServer$3 acceptConnections
INFO: MockWebServer[53731] done accepting connections: Socket closed
Jan 24, 2016 6:25:32 AM okhttp3.mockwebserver.MockWebServer$3 execute
INFO: MockWebServer[56090] starting to accept connections
Jan 24, 2016 6:25:32 AM okhttp3.mockwebserver.MockWebServer$4 processOneRequest
INFO: MockWebServer[56090] received request: GET / HTTP/1.1 and responded: HTTP/1.1 200 OK
Jan 24, 2016 6:25:32 AM okhttp3.mockwebserver.MockWebServer$3 acceptConnections
INFO: MockWebServer[56090] done accepting connections: Socket closed
Jan 24, 2016 6:25:32 AM okhttp3.mockwebserver.MockWebServer$3 execute
INFO: MockWebServer[49437] starting to accept connections
Jan 24, 2016 6:25:32 AM okhttp3.mockwebserver.MockWebServer$4 processOneRequest
INFO: MockWebServer[49437] received request: POST / HTTP/1.1 and responded: HTTP/1.1 200 OK
Jan 24, 2016 6:25:32 AM okhttp3.mockwebserver.MockWebServer$3 acceptConnections
INFO: MockWebServer[49437] done accepting connections: Socket closed
Jan 24, 2016 6:25:32 AM okhttp3.mockwebserver.MockWebServer$3 execute
INFO: MockWebServer[37713] starting to accept connections
Jan 24, 2016 6:25:32 AM okhttp3.mockwebserver.MockWebServer$3 acceptConnections
INFO: MockWebServer[37713] done accepting connections: Socket is closed
Jan 24, 2016 6:25:32 AM okhttp3.mockwebserver.MockWebServer$3 execute
INFO: MockWebServer[38435] starting to accept connections
Jan 24, 2016 6:25:32 AM okhttp3.mockwebserver.MockWebServer$3 acceptConnections
INFO: MockWebServer[38435] done accepting connections: Socket is closed
Jan 24, 2016 6:25:32 AM okhttp3.mockwebserver.MockWebServer$3 execute
INFO: MockWebServer[38255] starting to accept connections
Jan 24, 2016 6:25:32 AM okhttp3.mockwebserver.MockWebServer$3 acceptConnections
INFO: MockWebServer[38255] done accepting connections: Socket closed
Jan 24, 2016 6:25:32 AM okhttp3.mockwebserver.MockWebServer$3 execute
INFO: MockWebServer[46500] starting to accept connections
Jan 24, 2016 6:25:32 AM okhttp3.mockwebserver.MockWebServer$3 acceptConnections
INFO: MockWebServer[46500] done accepting connections: Socket closed
Jan 24, 2016 6:25:32 AM okhttp3.mockwebserver.MockWebServer$4 processOneRequest
INFO: MockWebServer[46500] received request: GET / HTTP/1.1 and responded: HTTP/1.1 200 OK
Jan 24, 2016 6:25:32 AM okhttp3.mockwebserver.MockWebServer$3 execute
INFO: MockWebServer[42607] starting to accept connections
Jan 24, 2016 6:25:32 AM okhttp3.mockwebserver.MockWebServer$4 processOneRequest
INFO: MockWebServer[42607] received request: GET / HTTP/1.1 and responded: HTTP/1.1 200 OK
Jan 24, 2016 6:25:32 AM okhttp3.mockwebserver.MockWebServer$3 acceptConnections
INFO: MockWebServer[42607] done accepting connections: Socket closed
Jan 24, 2016 6:25:32 AM okhttp3.mockwebserver.MockWebServer$3 execute
INFO: MockWebServer[50571] starting to accept connections
Jan 24, 2016 6:25:32 AM okhttp3.mockwebserver.MockWebServer$3 acceptConnections
INFO: MockWebServer[50571] done accepting connections: Socket closed
Jan 24, 2016 6:25:32 AM okhttp3.mockwebserver.MockWebServer$4 processOneRequest
INFO: MockWebServer[50571] received request: GET / HTTP/1.1 and responded: HTTP/1.1 205 Nothin
Jan 24, 2016 6:25:32 AM okhttp3.mockwebserver.MockWebServer$3 execute
INFO: MockWebServer[39849] starting to accept connections
Jan 24, 2016 6:25:32 AM okhttp3.mockwebserver.MockWebServer$4 processOneRequest
INFO: MockWebServer[39849] received request: GET / HTTP/1.1 and responded: HTTP/1.1 200 OK
Jan 24, 2016 6:25:33 AM okhttp3.mockwebserver.MockWebServer$4 processOneRequest
INFO: MockWebServer[39849] received request: GET / HTTP/1.1 and responded: HTTP/1.1 200 OK
Jan 24, 2016 6:25:33 AM okhttp3.mockwebserver.MockWebServer$3 acceptConnections
INFO: MockWebServer[39849] done accepting connections: Socket closed
Jan 24, 2016 6:25:33 AM okhttp3.mockwebserver.MockWebServer$3 execute
INFO: MockWebServer[45518] starting to accept connections
Jan 24, 2016 6:25:33 AM okhttp3.mockwebserver.MockWebServer$4 processOneRequest
INFO: MockWebServer[45518] received request: GET / HTTP/1.1 and responded: HTTP/1.1 200 OK
Jan 24, 2016 6:25:33 AM okhttp3.mockwebserver.MockWebServer$3 acceptConnections
INFO: MockWebServer[45518] done accepting connections: Socket closed
Jan 24, 2016 6:25:33 AM okhttp3.mockwebserver.MockWebServer$3 execute
INFO: MockWebServer[50182] starting to accept connections
Jan 24, 2016 6:25:33 AM okhttp3.mockwebserver.MockWebServer$3 acceptConnections
INFO: MockWebServer[50182] done accepting connections: Socket closed
Jan 24, 2016 6:25:33 AM okhttp3.mockwebserver.MockWebServer$3 execute
INFO: MockWebServer[51224] starting to accept connections
Jan 24, 2016 6:25:33 AM okhttp3.mockwebserver.MockWebServer$3 acceptConnections
INFO: MockWebServer[51224] done accepting connections: Socket closed
Jan 24, 2016 6:25:33 AM okhttp3.mockwebserver.MockWebServer$3 execute
INFO: MockWebServer[45840] starting to accept connections
Jan 24, 2016 6:25:33 AM okhttp3.mockwebserver.MockWebServer$3 acceptConnections
INFO: MockWebServer[45840] done accepting connections: Socket is closed
Jan 24, 2016 6:25:33 AM okhttp3.mockwebserver.MockWebServer$3 execute
INFO: MockWebServer[55300] starting to accept connections
Jan 24, 2016 6:25:33 AM okhttp3.mockwebserver.MockWebServer$3 acceptConnections
INFO: MockWebServer[55300] done accepting connections: Socket closed
Jan 24, 2016 6:25:33 AM okhttp3.mockwebserver.MockWebServer$4 processOneRequest
INFO: MockWebServer[55300] received request: GET / HTTP/1.1 and responded: HTTP/1.1 200 OK
Jan 24, 2016 6:25:33 AM okhttp3.mockwebserver.MockWebServer$3 execute
INFO: MockWebServer[49318] starting to accept connections
Jan 24, 2016 6:25:33 AM okhttp3.mockwebserver.MockWebServer$3 acceptConnections
INFO: MockWebServer[49318] done accepting connections: Socket closed
Jan 24, 2016 6:25:33 AM okhttp3.mockwebserver.MockWebServer$4 processOneRequest
INFO: MockWebServer[49318] received request: GET / HTTP/1.1 and responded: HTTP/1.1 200 OK
Jan 24, 2016 6:25:33 AM okhttp3.mockwebserver.MockWebServer$3 execute
INFO: MockWebServer[33993] starting to accept connections
Jan 24, 2016 6:25:33 AM okhttp3.mockwebserver.MockWebServer$4 processOneRequest
INFO: MockWebServer[33993] received request: GET / HTTP/1.1 and responded: HTTP/1.1 200 OK
Jan 24, 2016 6:25:33 AM okhttp3.mockwebserver.MockWebServer$3 acceptConnections
INFO: MockWebServer[33993] done accepting connections: Socket closed
Tests run: 34, Failures: 0, Errors: 0, Skipped: 0, Time elapsed: 0.981 sec
Running retrofit2.RequestBuilderTest
Tests run: 103, Failures: 0, Errors: 0, Skipped: 2, Time elapsed: 0.21 sec
Running retrofit2.ExecutorCallAdapterFactoryTest
Tests run: 7, Failures: 0, Errors: 0, Skipped: 0, Time elapsed: 0.11 sec
Running retrofit2.RequestBuilderAndroidTest
WARNING: No manifest file found at ./AndroidManifest.xml.Falling back to the Android OS resources only.
To remove this warning, annotate your test class with @Config(manifest=Config.NONE).
WARNING: No manifest file found at ./AndroidManifest.xml.Falling back to the Android OS resources only.
To remove this warning, annotate your test class with @Config(manifest=Config.NONE).
Tests run: 2, Failures: 0, Errors: 0, Skipped: 0, Time elapsed: 5.958 sec
Running retrofit2.ResponseTest
Tests run: 12, Failures: 0, Errors: 0, Skipped: 0, Time elapsed: 0.003 sec
Running retrofit2.RequestFactoryParserTest
Tests run: 1, Failures: 0, Errors: 0, Skipped: 0, Time elapsed: 0.021 sec
Running retrofit2.RetrofitTest
Jan 24, 2016 6:25:39 AM okhttp3.mockwebserver.MockWebServer$3 execute
INFO: MockWebServer[35794] starting to accept connections
Jan 24, 2016 6:25:40 AM okhttp3.mockwebserver.MockWebServer$3 acceptConnections
INFO: MockWebServer[35794] done accepting connections: Socket closed
Jan 24, 2016 6:25:40 AM okhttp3.mockwebserver.MockWebServer$3 execute
INFO: MockWebServer[51863] starting to accept connections
Jan 24, 2016 6:25:40 AM okhttp3.mockwebserver.MockWebServer$3 acceptConnections
INFO: MockWebServer[51863] done accepting connections: Socket closed
Jan 24, 2016 6:25:40 AM okhttp3.mockwebserver.MockWebServer$3 execute
INFO: MockWebServer[51486] starting to accept connections
Jan 24, 2016 6:25:40 AM okhttp3.mockwebserver.MockWebServer$3 acceptConnections
INFO: MockWebServer[51486] done accepting connections: Socket closed
Jan 24, 2016 6:25:40 AM okhttp3.mockwebserver.MockWebServer$3 execute
INFO: MockWebServer[59408] starting to accept connections
Jan 24, 2016 6:25:40 AM okhttp3.mockwebserver.MockWebServer$3 acceptConnections
INFO: MockWebServer[59408] done accepting connections: Socket is closed
Jan 24, 2016 6:25:40 AM okhttp3.mockwebserver.MockWebServer$3 execute
INFO: MockWebServer[34486] starting to accept connections
Jan 24, 2016 6:25:40 AM okhttp3.mockwebserver.MockWebServer$3 acceptConnections
INFO: MockWebServer[34486] done accepting connections: Socket closed
Jan 24, 2016 6:25:40 AM okhttp3.mockwebserver.MockWebServer$4 processOneRequest
INFO: MockWebServer[34486] received request: GET / HTTP/1.1 and responded: HTTP/1.1 200 OK
Jan 24, 2016 6:25:40 AM okhttp3.mockwebserver.MockWebServer$3 execute
INFO: MockWebServer[42146] starting to accept connections
Jan 24, 2016 6:25:40 AM okhttp3.mockwebserver.MockWebServer$3 acceptConnections
INFO: MockWebServer[42146] done accepting connections: Socket is closed
Jan 24, 2016 6:25:40 AM okhttp3.mockwebserver.MockWebServer$3 execute
INFO: MockWebServer[56448] starting to accept connections
Jan 24, 2016 6:25:40 AM okhttp3.mockwebserver.MockWebServer$3 acceptConnections
INFO: MockWebServer[56448] done accepting connections: Socket is closed
Jan 24, 2016 6:25:40 AM okhttp3.mockwebserver.MockWebServer$3 execute
INFO: MockWebServer[36194] starting to accept connections
Jan 24, 2016 6:25:40 AM okhttp3.mockwebserver.MockWebServer$3 acceptConnections
INFO: MockWebServer[36194] done accepting connections: Socket is closed
Jan 24, 2016 6:25:40 AM okhttp3.mockwebserver.MockWebServer$3 execute
INFO: MockWebServer[51701] starting to accept connections
Jan 24, 2016 6:25:40 AM okhttp3.mockwebserver.MockWebServer$3 acceptConnections
INFO: MockWebServer[51701] done accepting connections: Socket closed
Jan 24, 2016 6:25:40 AM okhttp3.mockwebserver.MockWebServer$3 execute
INFO: MockWebServer[50058] starting to accept connections
Jan 24, 2016 6:25:40 AM okhttp3.mockwebserver.MockWebServer$3 acceptConnections
INFO: MockWebServer[50058] done accepting connections: Socket closed
Jan 24, 2016 6:25:40 AM okhttp3.mockwebserver.MockWebServer$3 execute
INFO: MockWebServer[42576] starting to accept connections
Jan 24, 2016 6:25:40 AM okhttp3.mockwebserver.MockWebServer$3 acceptConnections
INFO: MockWebServer[42576] done accepting connections: Socket is closed
Jan 24, 2016 6:25:40 AM okhttp3.mockwebserver.MockWebServer$3 execute
INFO: MockWebServer[39520] starting to accept connections
Jan 24, 2016 6:25:40 AM okhttp3.mockwebserver.MockWebServer$3 acceptConnections
INFO: MockWebServer[39520] done accepting connections: Socket closed
Jan 24, 2016 6:25:40 AM okhttp3.mockwebserver.MockWebServer$3 execute
INFO: MockWebServer[57053] starting to accept connections
Jan 24, 2016 6:25:40 AM okhttp3.mockwebserver.MockWebServer$3 acceptConnections
INFO: MockWebServer[57053] done accepting connections: Socket is closed
Jan 24, 2016 6:25:41 AM okhttp3.mockwebserver.MockWebServer$3 execute
INFO: MockWebServer[40195] starting to accept connections
Jan 24, 2016 6:25:41 AM okhttp3.mockwebserver.MockWebServer$3 acceptConnections
INFO: MockWebServer[40195] done accepting connections: Socket closed
Jan 24, 2016 6:25:41 AM okhttp3.mockwebserver.MockWebServer$3 execute
INFO: MockWebServer[57471] starting to accept connections
Jan 24, 2016 6:25:41 AM okhttp3.mockwebserver.MockWebServer$3 acceptConnections
INFO: MockWebServer[57471] done accepting connections: Socket closed
Jan 24, 2016 6:25:41 AM okhttp3.mockwebserver.MockWebServer$4 processOneRequest
INFO: MockWebServer[57471] received request: GET / HTTP/1.1 and responded: HTTP/1.1 200 OK
Jan 24, 2016 6:25:41 AM okhttp3.mockwebserver.MockWebServer$3 execute
INFO: MockWebServer[39028] starting to accept connections
Jan 24, 2016 6:25:41 AM okhttp3.mockwebserver.MockWebServer$3 acceptConnections
INFO: MockWebServer[39028] done accepting connections: Socket is closed
Jan 24, 2016 6:25:41 AM okhttp3.mockwebserver.MockWebServer$3 execute
INFO: MockWebServer[36855] starting to accept connections
Jan 24, 2016 6:25:41 AM okhttp3.mockwebserver.MockWebServer$3 acceptConnections
INFO: MockWebServer[36855] done accepting connections: Socket is closed
Jan 24, 2016 6:25:41 AM okhttp3.mockwebserver.MockWebServer$3 execute
INFO: MockWebServer[44372] starting to accept connections
Jan 24, 2016 6:25:41 AM okhttp3.mockwebserver.MockWebServer$3 acceptConnections
INFO: MockWebServer[44372] done accepting connections: Socket closed
Jan 24, 2016 6:25:41 AM okhttp3.mockwebserver.MockWebServer$4 processOneRequest
INFO: MockWebServer[44372] received request: GET / HTTP/1.1 and responded: HTTP/1.1 200 OK
Jan 24, 2016 6:25:41 AM okhttp3.mockwebserver.MockWebServer$3 execute
INFO: MockWebServer[48487] starting to accept connections
Jan 24, 2016 6:25:41 AM okhttp3.mockwebserver.MockWebServer$3 acceptConnections
INFO: MockWebServer[48487] done accepting connections: Socket closed
Jan 24, 2016 6:25:41 AM okhttp3.mockwebserver.MockWebServer$3 execute
INFO: MockWebServer[60738] starting to accept connections
Jan 24, 2016 6:25:41 AM okhttp3.mockwebserver.MockWebServer$3 acceptConnections
INFO: MockWebServer[60738] done accepting connections: Socket closed
Jan 24, 2016 6:25:41 AM okhttp3.mockwebserver.MockWebServer$4 processOneRequest
INFO: MockWebServer[60738] received request: POST / HTTP/1.1 and responded: HTTP/1.1 200 OK
Jan 24, 2016 6:25:41 AM okhttp3.mockwebserver.MockWebServer$3 execute
INFO: MockWebServer[60127] starting to accept connections
Jan 24, 2016 6:25:41 AM okhttp3.mockwebserver.MockWebServer$3 acceptConnections
INFO: MockWebServer[60127] done accepting connections: Socket is closed
Jan 24, 2016 6:25:41 AM okhttp3.mockwebserver.MockWebServer$3 execute
INFO: MockWebServer[38628] starting to accept connections
Jan 24, 2016 6:25:41 AM okhttp3.mockwebserver.MockWebServer$3 acceptConnections
INFO: MockWebServer[38628] done accepting connections: Socket is closed
Jan 24, 2016 6:25:41 AM okhttp3.mockwebserver.MockWebServer$3 execute
INFO: MockWebServer[56283] starting to accept connections
Jan 24, 2016 6:25:41 AM okhttp3.mockwebserver.MockWebServer$3 acceptConnections
INFO: MockWebServer[56283] done accepting connections: Socket closed
Jan 24, 2016 6:25:41 AM okhttp3.mockwebserver.MockWebServer$3 execute
INFO: MockWebServer[50365] starting to accept connections
Jan 24, 2016 6:25:41 AM okhttp3.mockwebserver.MockWebServer$3 acceptConnections
INFO: MockWebServer[50365] done accepting connections: Socket is closed
Jan 24, 2016 6:25:41 AM okhttp3.mockwebserver.MockWebServer$3 execute
INFO: MockWebServer[46026] starting to accept connections
Jan 24, 2016 6:25:41 AM okhttp3.mockwebserver.MockWebServer$3 acceptConnections
INFO: MockWebServer[46026] done accepting connections: Socket closed
Jan 24, 2016 6:25:41 AM okhttp3.mockwebserver.MockWebServer$3 execute
INFO: MockWebServer[43601] starting to accept connections
Jan 24, 2016 6:25:41 AM okhttp3.mockwebserver.MockWebServer$3 acceptConnections
INFO: MockWebServer[43601] done accepting connections: Socket is closed
Jan 24, 2016 6:25:41 AM okhttp3.mockwebserver.MockWebServer$3 execute
INFO: MockWebServer[33776] starting to accept connections
Jan 24, 2016 6:25:41 AM okhttp3.mockwebserver.MockWebServer$3 acceptConnections
INFO: MockWebServer[33776] done accepting connections: Socket is closed
Jan 24, 2016 6:25:41 AM okhttp3.mockwebserver.MockWebServer$3 execute
INFO: MockWebServer[57629] starting to accept connections
Jan 24, 2016 6:25:41 AM okhttp3.mockwebserver.MockWebServer$4 processOneRequest
INFO: MockWebServer[57629] received request: GET / HTTP/1.1 and responded: HTTP/1.1 200 OK
Jan 24, 2016 6:25:41 AM okhttp3.mockwebserver.MockWebServer$3 acceptConnections
INFO: MockWebServer[57629] done accepting connections: Socket closed
Jan 24, 2016 6:25:41 AM okhttp3.mockwebserver.MockWebServer$3 execute
INFO: MockWebServer[50787] starting to accept connections
Jan 24, 2016 6:25:41 AM okhttp3.mockwebserver.MockWebServer$3 acceptConnections
INFO: MockWebServer[50787] done accepting connections: Socket is closed
Jan 24, 2016 6:25:41 AM okhttp3.mockwebserver.MockWebServer$3 execute
INFO: MockWebServer[43652] starting to accept connections
Jan 24, 2016 6:25:41 AM okhttp3.mockwebserver.MockWebServer$3 acceptConnections
INFO: MockWebServer[43652] done accepting connections: Socket is closed
Jan 24, 2016 6:25:41 AM okhttp3.mockwebserver.MockWebServer$3 execute
INFO: MockWebServer[52148] starting to accept connections
Jan 24, 2016 6:25:41 AM okhttp3.mockwebserver.MockWebServer$3 acceptConnections
INFO: MockWebServer[52148] done accepting connections: Socket closed
Jan 24, 2016 6:25:41 AM okhttp3.mockwebserver.MockWebServer$3 execute
INFO: MockWebServer[52205] starting to accept connections
Jan 24, 2016 6:25:41 AM okhttp3.mockwebserver.MockWebServer$3 acceptConnections
INFO: MockWebServer[52205] done accepting connections: Socket closed
Jan 24, 2016 6:25:41 AM okhttp3.mockwebserver.MockWebServer$3 execute
INFO: MockWebServer[57618] starting to accept connections
Jan 24, 2016 6:25:41 AM okhttp3.mockwebserver.MockWebServer$3 acceptConnections
INFO: MockWebServer[57618] done accepting connections: Socket closed
Jan 24, 2016 6:25:41 AM okhttp3.mockwebserver.MockWebServer$3 execute
INFO: MockWebServer[44071] starting to accept connections
Jan 24, 2016 6:25:41 AM okhttp3.mockwebserver.MockWebServer$3 acceptConnections
INFO: MockWebServer[44071] done accepting connections: Socket is closed
Jan 24, 2016 6:25:41 AM okhttp3.mockwebserver.MockWebServer$3 execute
INFO: MockWebServer[35361] starting to accept connections
Jan 24, 2016 6:25:41 AM okhttp3.mockwebserver.MockWebServer$3 acceptConnections
INFO: MockWebServer[35361] done accepting connections: Socket is closed
Jan 24, 2016 6:25:41 AM okhttp3.mockwebserver.MockWebServer$3 execute
INFO: MockWebServer[44652] starting to accept connections
Jan 24, 2016 6:25:41 AM okhttp3.mockwebserver.MockWebServer$3 acceptConnections
INFO: MockWebServer[44652] done accepting connections: Socket closed
Jan 24, 2016 6:25:41 AM okhttp3.mockwebserver.MockWebServer$3 execute
INFO: MockWebServer[50894] starting to accept connections
Jan 24, 2016 6:25:41 AM okhttp3.mockwebserver.MockWebServer$3 acceptConnections
INFO: MockWebServer[50894] done accepting connections: Socket is closed
Jan 24, 2016 6:25:41 AM okhttp3.mockwebserver.MockWebServer$3 execute
INFO: MockWebServer[33744] starting to accept connections
Jan 24, 2016 6:25:41 AM okhttp3.mockwebserver.MockWebServer$3 acceptConnections
INFO: MockWebServer[33744] done accepting connections: Socket is closed
Jan 24, 2016 6:25:41 AM okhttp3.mockwebserver.MockWebServer$3 execute
INFO: MockWebServer[33280] starting to accept connections
Jan 24, 2016 6:25:41 AM okhttp3.mockwebserver.MockWebServer$3 acceptConnections
INFO: MockWebServer[33280] done accepting connections: Socket closed
Jan 24, 2016 6:25:41 AM okhttp3.mockwebserver.MockWebServer$3 execute
INFO: MockWebServer[57733] starting to accept connections
Jan 24, 2016 6:25:41 AM okhttp3.mockwebserver.MockWebServer$3 acceptConnections
INFO: MockWebServer[57733] done accepting connections: Socket closed
Jan 24, 2016 6:25:41 AM okhttp3.mockwebserver.MockWebServer$3 execute
INFO: MockWebServer[38844] starting to accept connections
Jan 24, 2016 6:25:41 AM okhttp3.mockwebserver.MockWebServer$3 acceptConnections
INFO: MockWebServer[38844] done accepting connections: Socket is closed
Jan 24, 2016 6:25:41 AM okhttp3.mockwebserver.MockWebServer$3 execute
INFO: MockWebServer[38449] starting to accept connections
Jan 24, 2016 6:25:41 AM okhttp3.mockwebserver.MockWebServer$3 acceptConnections
INFO: MockWebServer[38449] done accepting connections: Socket is closed
Jan 24, 2016 6:25:41 AM okhttp3.mockwebserver.MockWebServer$3 execute
INFO: MockWebServer[49204] starting to accept connections
Jan 24, 2016 6:25:41 AM okhttp3.mockwebserver.MockWebServer$3 acceptConnections
INFO: MockWebServer[49204] done accepting connections: Socket is closed
Jan 24, 2016 6:25:41 AM okhttp3.mockwebserver.MockWebServer$3 execute
INFO: MockWebServer[46904] starting to accept connections
Jan 24, 2016 6:25:41 AM okhttp3.mockwebserver.MockWebServer$3 acceptConnections
INFO: MockWebServer[46904] done accepting connections: Socket is closed
Jan 24, 2016 6:25:41 AM okhttp3.mockwebserver.MockWebServer$3 execute
INFO: MockWebServer[41786] starting to accept connections
Jan 24, 2016 6:25:41 AM okhttp3.mockwebserver.MockWebServer$3 acceptConnections
INFO: MockWebServer[41786] done accepting connections: Socket closed
Jan 24, 2016 6:25:41 AM okhttp3.mockwebserver.MockWebServer$3 execute
INFO: MockWebServer[50266] starting to accept connections
Jan 24, 2016 6:25:41 AM okhttp3.mockwebserver.MockWebServer$3 acceptConnections
INFO: MockWebServer[50266] done accepting connections: Socket closed
Jan 24, 2016 6:25:41 AM okhttp3.mockwebserver.MockWebServer$3 execute
INFO: MockWebServer[36088] starting to accept connections
Jan 24, 2016 6:25:41 AM okhttp3.mockwebserver.MockWebServer$3 acceptConnections
INFO: MockWebServer[36088] done accepting connections: Socket closed
Jan 24, 2016 6:25:41 AM okhttp3.mockwebserver.MockWebServer$3 execute
INFO: MockWebServer[51079] starting to accept connections
Jan 24, 2016 6:25:41 AM okhttp3.mockwebserver.MockWebServer$3 acceptConnections
INFO: MockWebServer[51079] done accepting connections: Socket is closed
Jan 24, 2016 6:25:41 AM okhttp3.mockwebserver.MockWebServer$3 execute
INFO: MockWebServer[50251] starting to accept connections
Jan 24, 2016 6:25:41 AM okhttp3.mockwebserver.MockWebServer$3 acceptConnections
INFO: MockWebServer[50251] done accepting connections: Socket is closed
Jan 24, 2016 6:25:41 AM okhttp3.mockwebserver.MockWebServer$3 execute
INFO: MockWebServer[33991] starting to accept connections
Jan 24, 2016 6:25:41 AM okhttp3.mockwebserver.MockWebServer$3 acceptConnections
INFO: MockWebServer[33991] done accepting connections: Socket closed
Jan 24, 2016 6:25:41 AM okhttp3.mockwebserver.MockWebServer$3 execute
INFO: MockWebServer[41524] starting to accept connections
Jan 24, 2016 6:25:41 AM okhttp3.mockwebserver.MockWebServer$3 acceptConnections
INFO: MockWebServer[41524] done accepting connections: Socket is closed
Jan 24, 2016 6:25:42 AM okhttp3.mockwebserver.MockWebServer$3 execute
INFO: MockWebServer[38067] starting to accept connections
Jan 24, 2016 6:25:42 AM okhttp3.mockwebserver.MockWebServer$3 acceptConnections
INFO: MockWebServer[38067] done accepting connections: Socket is closed
Jan 24, 2016 6:25:42 AM okhttp3.mockwebserver.MockWebServer$3 execute
INFO: MockWebServer[56040] starting to accept connections
Jan 24, 2016 6:25:42 AM okhttp3.mockwebserver.MockWebServer$3 acceptConnections
INFO: MockWebServer[56040] done accepting connections: Socket is closed
Jan 24, 2016 6:25:42 AM okhttp3.mockwebserver.MockWebServer$3 execute
INFO: MockWebServer[48148] starting to accept connections
Jan 24, 2016 6:25:42 AM okhttp3.mockwebserver.MockWebServer$3 acceptConnections
INFO: MockWebServer[48148] done accepting connections: Socket is closed
Jan 24, 2016 6:25:42 AM okhttp3.mockwebserver.MockWebServer$3 execute
INFO: MockWebServer[46286] starting to accept connections
Jan 24, 2016 6:25:42 AM okhttp3.mockwebserver.MockWebServer$3 acceptConnections
INFO: MockWebServer[46286] done accepting connections: Socket closed
Jan 24, 2016 6:25:42 AM okhttp3.mockwebserver.MockWebServer$3 execute
INFO: MockWebServer[55750] starting to accept connections
Jan 24, 2016 6:25:42 AM okhttp3.mockwebserver.MockWebServer$3 acceptConnections
INFO: MockWebServer[55750] done accepting connections: Socket is closed
Jan 24, 2016 6:25:42 AM okhttp3.mockwebserver.MockWebServer$3 execute
INFO: MockWebServer[46791] starting to accept connections
Jan 24, 2016 6:25:42 AM okhttp3.mockwebserver.MockWebServer$3 acceptConnections
INFO: MockWebServer[46791] done accepting connections: Socket closed
Jan 24, 2016 6:25:42 AM okhttp3.mockwebserver.MockWebServer$3 execute
INFO: MockWebServer[39511] starting to accept connections
Jan 24, 2016 6:25:42 AM okhttp3.mockwebserver.MockWebServer$3 acceptConnections
INFO: MockWebServer[39511] done accepting connections: Socket is closed
Jan 24, 2016 6:25:42 AM okhttp3.mockwebserver.MockWebServer$3 execute
INFO: MockWebServer[46407] starting to accept connections
Jan 24, 2016 6:25:42 AM okhttp3.mockwebserver.MockWebServer$3 acceptConnections
INFO: MockWebServer[46407] done accepting connections: Socket closed
Jan 24, 2016 6:25:42 AM okhttp3.mockwebserver.MockWebServer$3 execute
INFO: MockWebServer[54006] starting to accept connections
Jan 24, 2016 6:25:42 AM okhttp3.mockwebserver.MockWebServer$3 acceptConnections
INFO: MockWebServer[54006] done accepting connections: Socket closed
Jan 24, 2016 6:25:42 AM okhttp3.mockwebserver.MockWebServer$3 execute
INFO: MockWebServer[42133] starting to accept connections
Jan 24, 2016 6:25:42 AM okhttp3.mockwebserver.MockWebServer$3 acceptConnections
INFO: MockWebServer[42133] done accepting connections: Socket is closed
Jan 24, 2016 6:25:42 AM okhttp3.mockwebserver.MockWebServer$3 execute
INFO: MockWebServer[41861] starting to accept connections
Jan 24, 2016 6:25:42 AM okhttp3.mockwebserver.MockWebServer$3 acceptConnections
INFO: MockWebServer[41861] done accepting connections: Socket is closed
Tests run: 62, Failures: 0, Errors: 0, Skipped: 0, Time elapsed: 2.729 sec

Results :

Tests run: 221, Failures: 0, Errors: 0, Skipped: 2

[INFO] 
[INFO] --- animal-sniffer-maven-plugin:1.14:check (default) @ retrofit ---
[INFO] Checking unresolved references to org.codehaus.mojo.signature:java16:1.1
[INFO]                                                                         
[INFO] ------------------------------------------------------------------------
[INFO] Building Adapters 2.0.0-SNAPSHOT
[INFO] ------------------------------------------------------------------------
[INFO] 
[INFO] --- maven-enforcer-plugin:1.0:enforce (enforce-maven) @ retrofit-adapters ---
[INFO] 
[INFO] --- animal-sniffer-maven-plugin:1.14:check (default) @ retrofit-adapters ---
[INFO] Checking unresolved references to org.codehaus.mojo.signature:java16:1.1
[INFO]                                                                         
[INFO] ------------------------------------------------------------------------
[INFO] Building Adapter: RxJava 2.0.0-SNAPSHOT
[INFO] ------------------------------------------------------------------------
[INFO] 
[INFO] --- maven-enforcer-plugin:1.0:enforce (enforce-maven) @ adapter-rxjava ---
[INFO] 
[INFO] --- maven-resources-plugin:2.6:resources (default-resources) @ adapter-rxjava ---
[INFO] Using 'UTF-8' encoding to copy filtered resources.
[INFO] skip non existing resourceDirectory /home/travis/build/square/retrofit/retrofit-adapters/rxjava/src/main/resources
[INFO] 
[INFO] --- maven-compiler-plugin:3.0:compile (default-compile) @ adapter-rxjava ---
[INFO] Changes detected - recompiling the module!
[INFO] Compiling 4 source files to /home/travis/build/square/retrofit/retrofit-adapters/rxjava/target/classes
[INFO] 
[INFO] --- maven-resources-plugin:2.6:testResources (default-testResources) @ adapter-rxjava ---
[INFO] Using 'UTF-8' encoding to copy filtered resources.
[INFO] skip non existing resourceDirectory /home/travis/build/square/retrofit/retrofit-adapters/rxjava/src/test/resources
[INFO] 
[INFO] --- maven-compiler-plugin:3.0:testCompile (default-testCompile) @ adapter-rxjava ---
[INFO] Changes detected - recompiling the module!
[INFO] Compiling 2 source files to /home/travis/build/square/retrofit/retrofit-adapters/rxjava/target/test-classes
[INFO] 
[INFO] --- maven-surefire-plugin:2.12.4:test (default-test) @ adapter-rxjava ---
[INFO] Surefire report directory: /home/travis/build/square/retrofit/retrofit-adapters/rxjava/target/surefire-reports

-------------------------------------------------------
 T E S T S
-------------------------------------------------------
Running retrofit2.ResultTest
Tests run: 4, Failures: 0, Errors: 0, Skipped: 0, Time elapsed: 0.164 sec
Running retrofit2.RxJavaCallAdapterFactoryTest
Jan 24, 2016 6:25:44 AM okhttp3.mockwebserver.MockWebServer$3 execute
INFO: MockWebServer[36469] starting to accept connections
Jan 24, 2016 6:25:44 AM okhttp3.mockwebserver.MockWebServer$4 processConnection
WARNING: MockWebServer[36469] connection from /127.0.0.1 didn't make a request
Jan 24, 2016 6:25:44 AM okhttp3.mockwebserver.MockWebServer$3 acceptConnections
INFO: MockWebServer[36469] done accepting connections: Socket closed
Jan 24, 2016 6:25:44 AM okhttp3.mockwebserver.MockWebServer$3 execute
INFO: MockWebServer[46216] starting to accept connections
Jan 24, 2016 6:25:44 AM okhttp3.mockwebserver.MockWebServer$4 processOneRequest
INFO: MockWebServer[46216] received request: GET / HTTP/1.1 and responded: HTTP/1.1 200 OK
Jan 24, 2016 6:25:44 AM okhttp3.mockwebserver.MockWebServer$3 acceptConnections
INFO: MockWebServer[46216] done accepting connections: Socket closed
Jan 24, 2016 6:25:44 AM okhttp3.mockwebserver.MockWebServer$3 execute
INFO: MockWebServer[35010] starting to accept connections
Jan 24, 2016 6:25:44 AM okhttp3.mockwebserver.MockWebServer$4 processOneRequest
INFO: MockWebServer[35010] received request: GET / HTTP/1.1 and responded: HTTP/1.1 404 Client Error
Jan 24, 2016 6:25:44 AM okhttp3.mockwebserver.MockWebServer$3 acceptConnections
INFO: MockWebServer[35010] done accepting connections: Socket closed
Jan 24, 2016 6:25:44 AM okhttp3.mockwebserver.MockWebServer$3 execute
INFO: MockWebServer[36961] starting to accept connections
Jan 24, 2016 6:25:44 AM okhttp3.mockwebserver.MockWebServer$3 acceptConnections
INFO: MockWebServer[36961] done accepting connections: Socket closed
Jan 24, 2016 6:25:44 AM okhttp3.mockwebserver.MockWebServer$3 execute
INFO: MockWebServer[33021] starting to accept connections
Jan 24, 2016 6:25:44 AM okhttp3.mockwebserver.MockWebServer$4 processOneRequest
INFO: MockWebServer[33021] received request: GET / HTTP/1.1 and responded: HTTP/1.1 200 OK
Jan 24, 2016 6:25:44 AM okhttp3.mockwebserver.MockWebServer$3 acceptConnections
INFO: MockWebServer[33021] done accepting connections: Socket closed
Jan 24, 2016 6:25:44 AM okhttp3.mockwebserver.MockWebServer$3 execute
INFO: MockWebServer[44667] starting to accept connections
Jan 24, 2016 6:25:44 AM okhttp3.mockwebserver.MockWebServer$4 processOneRequest
INFO: MockWebServer[44667] received request: GET / HTTP/1.1 and responded: HTTP/1.1 404 Client Error
Jan 24, 2016 6:25:44 AM okhttp3.mockwebserver.MockWebServer$3 acceptConnections
INFO: MockWebServer[44667] done accepting connections: Socket closed
Jan 24, 2016 6:25:44 AM okhttp3.mockwebserver.MockWebServer$3 execute
INFO: MockWebServer[41854] starting to accept connections
Jan 24, 2016 6:25:44 AM okhttp3.mockwebserver.MockWebServer$4 processConnection
WARNING: MockWebServer[41854] connection from /127.0.0.1 didn't make a request
Jan 24, 2016 6:25:44 AM okhttp3.mockwebserver.MockWebServer$3 acceptConnections
INFO: MockWebServer[41854] done accepting connections: Socket closed
Jan 24, 2016 6:25:44 AM okhttp3.mockwebserver.MockWebServer$3 execute
INFO: MockWebServer[40533] starting to accept connections
Jan 24, 2016 6:25:44 AM okhttp3.mockwebserver.MockWebServer$4 processOneRequest
INFO: MockWebServer[40533] received request: GET / HTTP/1.1 and responded: HTTP/1.1 200 OK
Jan 24, 2016 6:25:44 AM okhttp3.mockwebserver.MockWebServer$3 acceptConnections
INFO: MockWebServer[40533] done accepting connections: Socket closed
Jan 24, 2016 6:25:44 AM okhttp3.mockwebserver.MockWebServer$3 execute
INFO: MockWebServer[40631] starting to accept connections
Jan 24, 2016 6:25:44 AM okhttp3.mockwebserver.MockWebServer$4 processOneRequest
INFO: MockWebServer[40631] received request: GET / HTTP/1.1 and responded: HTTP/1.1 404 Client Error
Jan 24, 2016 6:25:44 AM okhttp3.mockwebserver.MockWebServer$3 acceptConnections
INFO: MockWebServer[40631] done accepting connections: Socket closed
Jan 24, 2016 6:25:44 AM okhttp3.mockwebserver.MockWebServer$3 execute
INFO: MockWebServer[35152] starting to accept connections
Jan 24, 2016 6:25:44 AM okhttp3.mockwebserver.MockWebServer$3 acceptConnections
INFO: MockWebServer[35152] done accepting connections: Socket closed
Jan 24, 2016 6:25:44 AM okhttp3.mockwebserver.MockWebServer$4 processConnection
WARNING: MockWebServer[35152] connection from /127.0.0.1 didn't make a request
Jan 24, 2016 6:25:44 AM okhttp3.mockwebserver.MockWebServer$3 execute
INFO: MockWebServer[52246] starting to accept connections
Jan 24, 2016 6:25:44 AM okhttp3.mockwebserver.MockWebServer$3 acceptConnections
INFO: MockWebServer[52246] done accepting connections: Socket closed
Jan 24, 2016 6:25:44 AM okhttp3.mockwebserver.MockWebServer$4 processOneRequest
INFO: MockWebServer[52246] received request: GET / HTTP/1.1 and responded: HTTP/1.1 200 OK
Jan 24, 2016 6:25:44 AM okhttp3.mockwebserver.MockWebServer$3 execute
INFO: MockWebServer[52404] starting to accept connections
Jan 24, 2016 6:25:44 AM okhttp3.mockwebserver.MockWebServer$3 acceptConnections
INFO: MockWebServer[52404] done accepting connections: Socket closed
Jan 24, 2016 6:25:44 AM okhttp3.mockwebserver.MockWebServer$4 processOneRequest
INFO: MockWebServer[52404] received request: GET / HTTP/1.1 and responded: HTTP/1.1 404 Client Error
Jan 24, 2016 6:25:44 AM okhttp3.mockwebserver.MockWebServer$3 execute
INFO: MockWebServer[59895] starting to accept connections
Jan 24, 2016 6:25:44 AM okhttp3.mockwebserver.MockWebServer$3 acceptConnections
INFO: MockWebServer[59895] done accepting connections: Socket is closed
Jan 24, 2016 6:25:44 AM okhttp3.mockwebserver.MockWebServer$3 execute
INFO: MockWebServer[40954] starting to accept connections
Jan 24, 2016 6:25:44 AM okhttp3.mockwebserver.MockWebServer$4 processConnection
WARNING: MockWebServer[40954] connection from /127.0.0.1 didn't make a request
Jan 24, 2016 6:25:44 AM okhttp3.mockwebserver.MockWebServer$3 acceptConnections
INFO: MockWebServer[40954] done accepting connections: Socket closed
Jan 24, 2016 6:25:44 AM okhttp3.mockwebserver.MockWebServer$3 execute
INFO: MockWebServer[33019] starting to accept connections
Jan 24, 2016 6:25:44 AM okhttp3.mockwebserver.MockWebServer$4 processConnection
WARNING: MockWebServer[33019] connection from /127.0.0.1 didn't make a request
Jan 24, 2016 6:25:44 AM okhttp3.mockwebserver.MockWebServer$3 acceptConnections
INFO: MockWebServer[33019] done accepting connections: Socket closed
Jan 24, 2016 6:25:44 AM okhttp3.mockwebserver.MockWebServer$3 execute
INFO: MockWebServer[36992] starting to accept connections
Jan 24, 2016 6:25:44 AM okhttp3.mockwebserver.MockWebServer$4 processOneRequest
INFO: MockWebServer[36992] received request: GET / HTTP/1.1 and responded: HTTP/1.1 200 OK
Jan 24, 2016 6:25:44 AM okhttp3.mockwebserver.MockWebServer$3 acceptConnections
INFO: MockWebServer[36992] done accepting connections: Socket closed
Jan 24, 2016 6:25:44 AM okhttp3.mockwebserver.MockWebServer$3 execute
INFO: MockWebServer[59756] starting to accept connections
Jan 24, 2016 6:25:44 AM okhttp3.mockwebserver.MockWebServer$4 processOneRequest
INFO: MockWebServer[59756] received request: GET / HTTP/1.1 and responded: HTTP/1.1 404 Client Error
Jan 24, 2016 6:25:44 AM okhttp3.mockwebserver.MockWebServer$3 acceptConnections
INFO: MockWebServer[59756] done accepting connections: Socket closed
Jan 24, 2016 6:25:44 AM okhttp3.mockwebserver.MockWebServer$3 execute
INFO: MockWebServer[47419] starting to accept connections
Jan 24, 2016 6:25:44 AM okhttp3.mockwebserver.MockWebServer$3 acceptConnections
INFO: MockWebServer[47419] done accepting connections: Socket closed
Jan 24, 2016 6:25:44 AM okhttp3.mockwebserver.MockWebServer$3 execute
INFO: MockWebServer[56475] starting to accept connections
Jan 24, 2016 6:25:44 AM okhttp3.mockwebserver.MockWebServer$3 acceptConnections
INFO: MockWebServer[56475] done accepting connections: Socket is closed
Jan 24, 2016 6:25:44 AM okhttp3.mockwebserver.MockWebServer$3 execute
INFO: MockWebServer[57540] starting to accept connections
Jan 24, 2016 6:25:44 AM okhttp3.mockwebserver.MockWebServer$3 acceptConnections
INFO: MockWebServer[57540] done accepting connections: Socket closed
Jan 24, 2016 6:25:44 AM okhttp3.mockwebserver.MockWebServer$4 processConnection
WARNING: MockWebServer[57540] connection from /127.0.0.1 didn't make a request
Jan 24, 2016 6:25:44 AM okhttp3.mockwebserver.MockWebServer$3 execute
INFO: MockWebServer[52292] starting to accept connections
Jan 24, 2016 6:25:44 AM okhttp3.mockwebserver.MockWebServer$4 processOneRequest
INFO: MockWebServer[52292] received request: GET / HTTP/1.1 and responded: HTTP/1.1 200 OK
Jan 24, 2016 6:25:44 AM okhttp3.mockwebserver.MockWebServer$3 acceptConnections
INFO: MockWebServer[52292] done accepting connections: Socket closed
Jan 24, 2016 6:25:44 AM okhttp3.mockwebserver.MockWebServer$3 execute
INFO: MockWebServer[56110] starting to accept connections
Jan 24, 2016 6:25:44 AM okhttp3.mockwebserver.MockWebServer$4 processOneRequest
INFO: MockWebServer[56110] received request: GET / HTTP/1.1 and responded: HTTP/1.1 404 Client Error
Jan 24, 2016 6:25:44 AM okhttp3.mockwebserver.MockWebServer$3 acceptConnections
INFO: MockWebServer[56110] done accepting connections: Socket closed
Jan 24, 2016 6:25:44 AM okhttp3.mockwebserver.MockWebServer$3 execute
INFO: MockWebServer[42486] starting to accept connections
Jan 24, 2016 6:25:44 AM okhttp3.mockwebserver.MockWebServer$3 acceptConnections
INFO: MockWebServer[42486] done accepting connections: Socket is closed
Tests run: 23, Failures: 0, Errors: 0, Skipped: 0, Time elapsed: 0.636 sec

Results :

Tests run: 27, Failures: 0, Errors: 0, Skipped: 0

[INFO] 
[INFO] --- animal-sniffer-maven-plugin:1.14:check (default) @ adapter-rxjava ---
[INFO] Checking unresolved references to org.codehaus.mojo.signature:java16:1.1
[INFO]                                                                         
[INFO] ------------------------------------------------------------------------
[INFO] Building Converters 2.0.0-SNAPSHOT
[INFO] ------------------------------------------------------------------------
[INFO] 
[INFO] --- maven-enforcer-plugin:1.0:enforce (enforce-maven) @ retrofit-converters ---
[INFO] 
[INFO] --- animal-sniffer-maven-plugin:1.14:check (default) @ retrofit-converters ---
[INFO] Checking unresolved references to org.codehaus.mojo.signature:java16:1.1
[INFO]                                                                         
[INFO] ------------------------------------------------------------------------
[INFO] Building Converter: Gson 2.0.0-SNAPSHOT
[INFO] ------------------------------------------------------------------------
[INFO] 
[INFO] --- maven-enforcer-plugin:1.0:enforce (enforce-maven) @ converter-gson ---
[INFO] 
[INFO] --- maven-resources-plugin:2.6:resources (default-resources) @ converter-gson ---
[INFO] Using 'UTF-8' encoding to copy filtered resources.
[INFO] skip non existing resourceDirectory /home/travis/build/square/retrofit/retrofit-converters/gson/src/main/resources
[INFO] 
[INFO] --- maven-compiler-plugin:3.0:compile (default-compile) @ converter-gson ---
[INFO] Changes detected - recompiling the module!
[INFO] Compiling 3 source files to /home/travis/build/square/retrofit/retrofit-converters/gson/target/classes
[INFO] 
[INFO] --- maven-resources-plugin:2.6:testResources (default-testResources) @ converter-gson ---
[INFO] Using 'UTF-8' encoding to copy filtered resources.
[INFO] skip non existing resourceDirectory /home/travis/build/square/retrofit/retrofit-converters/gson/src/test/resources
[INFO] 
[INFO] --- maven-compiler-plugin:3.0:testCompile (default-testCompile) @ converter-gson ---
[INFO] Changes detected - recompiling the module!
[INFO] Compiling 1 source file to /home/travis/build/square/retrofit/retrofit-converters/gson/target/test-classes
[INFO] 
[INFO] --- maven-surefire-plugin:2.12.4:test (default-test) @ converter-gson ---
[INFO] Surefire report directory: /home/travis/build/square/retrofit/retrofit-converters/gson/target/surefire-reports

-------------------------------------------------------
 T E S T S
-------------------------------------------------------
Running retrofit2.GsonConverterFactoryTest
Jan 24, 2016 6:25:45 AM okhttp3.mockwebserver.MockWebServer$3 execute
INFO: MockWebServer[46870] starting to accept connections
Jan 24, 2016 6:25:46 AM okhttp3.mockwebserver.MockWebServer$4 processOneRequest
INFO: MockWebServer[46870] received request: POST / HTTP/1.1 and responded: HTTP/1.1 200 OK
Jan 24, 2016 6:25:46 AM okhttp3.mockwebserver.MockWebServer$3 acceptConnections
INFO: MockWebServer[46870] done accepting connections: Socket closed
Jan 24, 2016 6:25:46 AM okhttp3.mockwebserver.MockWebServer$3 execute
INFO: MockWebServer[35263] starting to accept connections
Jan 24, 2016 6:25:46 AM okhttp3.mockwebserver.MockWebServer$3 acceptConnections
INFO: MockWebServer[35263] done accepting connections: Socket closed
Jan 24, 2016 6:25:46 AM okhttp3.mockwebserver.MockWebServer$4 processOneRequest
INFO: MockWebServer[35263] received request: POST / HTTP/1.1 and responded: HTTP/1.1 200 OK
Jan 24, 2016 6:25:46 AM okhttp3.mockwebserver.MockWebServer$3 execute
INFO: MockWebServer[43948] starting to accept connections
Jan 24, 2016 6:25:46 AM okhttp3.mockwebserver.MockWebServer$4 processOneRequest
INFO: MockWebServer[43948] received request: POST / HTTP/1.1 and responded: HTTP/1.1 200 OK
Jan 24, 2016 6:25:46 AM okhttp3.mockwebserver.MockWebServer$3 acceptConnections
INFO: MockWebServer[43948] done accepting connections: Socket closed
Tests run: 3, Failures: 0, Errors: 0, Skipped: 0, Time elapsed: 0.564 sec

Results :

Tests run: 3, Failures: 0, Errors: 0, Skipped: 0

[INFO] 
[INFO] --- animal-sniffer-maven-plugin:1.14:check (default) @ converter-gson ---
[INFO] Checking unresolved references to org.codehaus.mojo.signature:java16:1.1
[INFO]                                                                         
[INFO] ------------------------------------------------------------------------
[INFO] Building Converter: Protocol Buffers 2.0.0-SNAPSHOT
[INFO] ------------------------------------------------------------------------
[INFO] 
[INFO] --- maven-enforcer-plugin:1.0:enforce (enforce-maven) @ converter-protobuf ---
[INFO] 
[INFO] --- maven-resources-plugin:2.6:resources (default-resources) @ converter-protobuf ---
[INFO] Using 'UTF-8' encoding to copy filtered resources.
[INFO] skip non existing resourceDirectory /home/travis/build/square/retrofit/retrofit-converters/protobuf/src/main/resources
[INFO] 
[INFO] --- maven-compiler-plugin:3.0:compile (default-compile) @ converter-protobuf ---
[INFO] Changes detected - recompiling the module!
[INFO] Compiling 3 source files to /home/travis/build/square/retrofit/retrofit-converters/protobuf/target/classes
[WARNING] /home/travis/build/square/retrofit/retrofit-converters/protobuf/src/main/java/retrofit2/ProtoConverterFactory.java: /home/travis/build/square/retrofit/retrofit-converters/protobuf/src/main/java/retrofit2/ProtoConverterFactory.java uses unchecked or unsafe operations.
[WARNING] /home/travis/build/square/retrofit/retrofit-converters/protobuf/src/main/java/retrofit2/ProtoConverterFactory.java: Recompile with -Xlint:unchecked for details.
[INFO] 
[INFO] --- maven-resources-plugin:2.6:testResources (default-testResources) @ converter-protobuf ---
[INFO] Using 'UTF-8' encoding to copy filtered resources.
[INFO] skip non existing resourceDirectory /home/travis/build/square/retrofit/retrofit-converters/protobuf/src/test/resources
[INFO] 
[INFO] --- maven-compiler-plugin:3.0:testCompile (default-testCompile) @ converter-protobuf ---
[INFO] Changes detected - recompiling the module!
[INFO] Compiling 2 source files to /home/travis/build/square/retrofit/retrofit-converters/protobuf/target/test-classes
[INFO] 
[INFO] --- maven-surefire-plugin:2.12.4:test (default-test) @ converter-protobuf ---
[INFO] Surefire report directory: /home/travis/build/square/retrofit/retrofit-converters/protobuf/target/surefire-reports

-------------------------------------------------------
 T E S T S
-------------------------------------------------------
Running retrofit2.ProtoConverterFactoryTest
Jan 24, 2016 6:25:47 AM okhttp3.mockwebserver.MockWebServer$3 execute
INFO: MockWebServer[57485] starting to accept connections
Jan 24, 2016 6:25:47 AM okhttp3.mockwebserver.MockWebServer$4 processOneRequest
INFO: MockWebServer[57485] received request: POST / HTTP/1.1 and responded: HTTP/1.1 200 OK
Jan 24, 2016 6:25:48 AM okhttp3.mockwebserver.MockWebServer$3 acceptConnections
INFO: MockWebServer[57485] done accepting connections: Socket closed
Jan 24, 2016 6:25:48 AM okhttp3.mockwebserver.MockWebServer$3 execute
INFO: MockWebServer[55280] starting to accept connections
Jan 24, 2016 6:25:48 AM okhttp3.mockwebserver.MockWebServer$3 acceptConnections
INFO: MockWebServer[55280] done accepting connections: Socket is closed
Jan 24, 2016 6:25:48 AM okhttp3.mockwebserver.MockWebServer$3 execute
INFO: MockWebServer[51832] starting to accept connections
Jan 24, 2016 6:25:48 AM okhttp3.mockwebserver.MockWebServer$4 processOneRequest
INFO: MockWebServer[51832] received request: GET / HTTP/1.1 and responded: HTTP/1.1 200 OK
Jan 24, 2016 6:25:48 AM okhttp3.mockwebserver.MockWebServer$3 acceptConnections
INFO: MockWebServer[51832] done accepting connections: Socket closed
Jan 24, 2016 6:25:48 AM okhttp3.mockwebserver.MockWebServer$3 execute
INFO: MockWebServer[37928] starting to accept connections
Jan 24, 2016 6:25:48 AM okhttp3.mockwebserver.MockWebServer$3 acceptConnections
INFO: MockWebServer[37928] done accepting connections: Socket closed
Jan 24, 2016 6:25:48 AM okhttp3.mockwebserver.MockWebServer$3 execute
INFO: MockWebServer[33734] starting to accept connections
Jan 24, 2016 6:25:48 AM okhttp3.mockwebserver.MockWebServer$3 acceptConnections
INFO: MockWebServer[33734] done accepting connections: Socket closed
Jan 24, 2016 6:25:48 AM okhttp3.mockwebserver.MockWebServer$4 processOneRequest
INFO: MockWebServer[33734] received request: GET / HTTP/1.1 and responded: HTTP/1.1 200 OK
Tests run: 5, Failures: 0, Errors: 0, Skipped: 0, Time elapsed: 0.545 sec

Results :

Tests run: 5, Failures: 0, Errors: 0, Skipped: 0

[INFO] 
[INFO] --- animal-sniffer-maven-plugin:1.14:check (default) @ converter-protobuf ---
[INFO] Checking unresolved references to org.codehaus.mojo.signature:java16:1.1
[INFO]                                                                         
[INFO] ------------------------------------------------------------------------
[INFO] Building Converter: Jackson 2.0.0-SNAPSHOT
[INFO] ------------------------------------------------------------------------
[INFO] 
[INFO] --- maven-enforcer-plugin:1.0:enforce (enforce-maven) @ converter-jackson ---
[INFO] 
[INFO] --- maven-resources-plugin:2.6:resources (default-resources) @ converter-jackson ---
[INFO] Using 'UTF-8' encoding to copy filtered resources.
[INFO] skip non existing resourceDirectory /home/travis/build/square/retrofit/retrofit-converters/jackson/src/main/resources
[INFO] 
[INFO] --- maven-compiler-plugin:3.0:compile (default-compile) @ converter-jackson ---
[INFO] Changes detected - recompiling the module!
[INFO] Compiling 3 source files to /home/travis/build/square/retrofit/retrofit-converters/jackson/target/classes
[INFO] 
[INFO] --- maven-resources-plugin:2.6:testResources (default-testResources) @ converter-jackson ---
[INFO] Using 'UTF-8' encoding to copy filtered resources.
[INFO] skip non existing resourceDirectory /home/travis/build/square/retrofit/retrofit-converters/jackson/src/test/resources
[INFO] 
[INFO] --- maven-compiler-plugin:3.0:testCompile (default-testCompile) @ converter-jackson ---
[INFO] Changes detected - recompiling the module!
[INFO] Compiling 1 source file to /home/travis/build/square/retrofit/retrofit-converters/jackson/target/test-classes
[INFO] 
[INFO] --- maven-surefire-plugin:2.12.4:test (default-test) @ converter-jackson ---
[INFO] Surefire report directory: /home/travis/build/square/retrofit/retrofit-converters/jackson/target/surefire-reports

-------------------------------------------------------
 T E S T S
-------------------------------------------------------
Running retrofit2.JacksonConverterFactoryTest
Jan 24, 2016 6:25:49 AM okhttp3.mockwebserver.MockWebServer$3 execute
INFO: MockWebServer[48617] starting to accept connections
Jan 24, 2016 6:25:49 AM okhttp3.mockwebserver.MockWebServer$4 processOneRequest
INFO: MockWebServer[48617] received request: POST / HTTP/1.1 and responded: HTTP/1.1 200 OK
Jan 24, 2016 6:25:49 AM okhttp3.mockwebserver.MockWebServer$3 acceptConnections
INFO: MockWebServer[48617] done accepting connections: Socket closed
Jan 24, 2016 6:25:49 AM okhttp3.mockwebserver.MockWebServer$3 execute
INFO: MockWebServer[41924] starting to accept connections
Jan 24, 2016 6:25:49 AM okhttp3.mockwebserver.MockWebServer$3 acceptConnections
INFO: MockWebServer[41924] done accepting connections: Socket closed
Jan 24, 2016 6:25:49 AM okhttp3.mockwebserver.MockWebServer$4 processOneRequest
INFO: MockWebServer[41924] received request: POST / HTTP/1.1 and responded: HTTP/1.1 200 OK
Tests run: 2, Failures: 0, Errors: 0, Skipped: 0, Time elapsed: 0.639 sec

Results :

Tests run: 2, Failures: 0, Errors: 0, Skipped: 0

[INFO] 
[INFO] --- animal-sniffer-maven-plugin:1.14:check (default) @ converter-jackson ---
[INFO] Checking unresolved references to org.codehaus.mojo.signature:java16:1.1
[INFO]                                                                         
[INFO] ------------------------------------------------------------------------
[INFO] Building Converter: Wire Protocol Buffers 2.0.0-SNAPSHOT
[INFO] ------------------------------------------------------------------------
[INFO] 
[INFO] --- maven-enforcer-plugin:1.0:enforce (enforce-maven) @ converter-wire ---
[INFO] 
[INFO] --- maven-resources-plugin:2.6:resources (default-resources) @ converter-wire ---
[INFO] Using 'UTF-8' encoding to copy filtered resources.
[INFO] skip non existing resourceDirectory /home/travis/build/square/retrofit/retrofit-converters/wire/src/main/resources
[INFO] 
[INFO] --- maven-compiler-plugin:3.0:compile (default-compile) @ converter-wire ---
[INFO] Changes detected - recompiling the module!
[INFO] Compiling 3 source files to /home/travis/build/square/retrofit/retrofit-converters/wire/target/classes
[WARNING] /home/travis/build/square/retrofit/retrofit-converters/wire/src/main/java/retrofit2/WireConverterFactory.java: /home/travis/build/square/retrofit/retrofit-converters/wire/src/main/java/retrofit2/WireConverterFactory.java uses unchecked or unsafe operations.
[WARNING] /home/travis/build/square/retrofit/retrofit-converters/wire/src/main/java/retrofit2/WireConverterFactory.java: Recompile with -Xlint:unchecked for details.
[INFO] 
[INFO] --- maven-resources-plugin:2.6:testResources (default-testResources) @ converter-wire ---
[INFO] Using 'UTF-8' encoding to copy filtered resources.
[INFO] skip non existing resourceDirectory /home/travis/build/square/retrofit/retrofit-converters/wire/src/test/resources
[INFO] 
[INFO] --- maven-compiler-plugin:3.0:testCompile (default-testCompile) @ converter-wire ---
[INFO] Changes detected - recompiling the module!
[INFO] Compiling 2 source files to /home/travis/build/square/retrofit/retrofit-converters/wire/target/test-classes
[INFO] 
[INFO] --- maven-surefire-plugin:2.12.4:test (default-test) @ converter-wire ---
[INFO] Surefire report directory: /home/travis/build/square/retrofit/retrofit-converters/wire/target/surefire-reports

-------------------------------------------------------
 T E S T S
-------------------------------------------------------
Running retrofit2.WireConverterFactoryTest
Jan 24, 2016 6:25:50 AM okhttp3.mockwebserver.MockWebServer$3 execute
INFO: MockWebServer[59126] starting to accept connections
Jan 24, 2016 6:25:50 AM okhttp3.mockwebserver.MockWebServer$4 processOneRequest
INFO: MockWebServer[59126] received request: POST / HTTP/1.1 and responded: HTTP/1.1 200 OK
Jan 24, 2016 6:25:50 AM okhttp3.mockwebserver.MockWebServer$3 acceptConnections
INFO: MockWebServer[59126] done accepting connections: Socket closed
Jan 24, 2016 6:25:50 AM okhttp3.mockwebserver.MockWebServer$3 execute
INFO: MockWebServer[47397] starting to accept connections
Jan 24, 2016 6:25:50 AM okhttp3.mockwebserver.MockWebServer$3 acceptConnections
INFO: MockWebServer[47397] done accepting connections: Socket closed
Jan 24, 2016 6:25:50 AM okhttp3.mockwebserver.MockWebServer$3 execute
INFO: MockWebServer[41995] starting to accept connections
Jan 24, 2016 6:25:50 AM okhttp3.mockwebserver.MockWebServer$3 acceptConnections
INFO: MockWebServer[41995] done accepting connections: Socket closed
Jan 24, 2016 6:25:50 AM okhttp3.mockwebserver.MockWebServer$4 processOneRequest
INFO: MockWebServer[41995] received request: GET / HTTP/1.1 and responded: HTTP/1.1 200 OK
Jan 24, 2016 6:25:50 AM okhttp3.mockwebserver.MockWebServer$3 execute
INFO: MockWebServer[41199] starting to accept connections
Jan 24, 2016 6:25:50 AM okhttp3.mockwebserver.MockWebServer$3 acceptConnections
INFO: MockWebServer[41199] done accepting connections: Socket is closed
Jan 24, 2016 6:25:50 AM okhttp3.mockwebserver.MockWebServer$3 execute
INFO: MockWebServer[41553] starting to accept connections
Jan 24, 2016 6:25:50 AM okhttp3.mockwebserver.MockWebServer$4 processOneRequest
INFO: MockWebServer[41553] received request: GET / HTTP/1.1 and responded: HTTP/1.1 200 OK
Jan 24, 2016 6:25:50 AM okhttp3.mockwebserver.MockWebServer$3 acceptConnections
INFO: MockWebServer[41553] done accepting connections: Socket closed
Tests run: 5, Failures: 0, Errors: 0, Skipped: 0, Time elapsed: 0.623 sec

Results :

Tests run: 5, Failures: 0, Errors: 0, Skipped: 0

[INFO] 
[INFO] --- animal-sniffer-maven-plugin:1.14:check (default) @ converter-wire ---
[INFO] Checking unresolved references to org.codehaus.mojo.signature:java16:1.1
[INFO]                                                                         
[INFO] ------------------------------------------------------------------------
[INFO] Building Converter: SimpleXML 2.0.0-SNAPSHOT
[INFO] ------------------------------------------------------------------------
[INFO] 
[INFO] --- maven-enforcer-plugin:1.0:enforce (enforce-maven) @ converter-simplexml ---
[INFO] 
[INFO] --- maven-resources-plugin:2.6:resources (default-resources) @ converter-simplexml ---
[INFO] Using 'UTF-8' encoding to copy filtered resources.
[INFO] skip non existing resourceDirectory /home/travis/build/square/retrofit/retrofit-converters/simplexml/src/main/resources
[INFO] 
[INFO] --- maven-compiler-plugin:3.0:compile (default-compile) @ converter-simplexml ---
[INFO] Changes detected - recompiling the module!
[INFO] Compiling 3 source files to /home/travis/build/square/retrofit/retrofit-converters/simplexml/target/classes
[INFO] 
[INFO] --- maven-resources-plugin:2.6:testResources (default-testResources) @ converter-simplexml ---
[INFO] Using 'UTF-8' encoding to copy filtered resources.
[INFO] skip non existing resourceDirectory /home/travis/build/square/retrofit/retrofit-converters/simplexml/src/test/resources
[INFO] 
[INFO] --- maven-compiler-plugin:3.0:testCompile (default-testCompile) @ converter-simplexml ---
[INFO] Changes detected - recompiling the module!
[INFO] Compiling 2 source files to /home/travis/build/square/retrofit/retrofit-converters/simplexml/target/test-classes
[INFO] 
[INFO] --- maven-surefire-plugin:2.12.4:test (default-test) @ converter-simplexml ---
[INFO] Surefire report directory: /home/travis/build/square/retrofit/retrofit-converters/simplexml/target/surefire-reports

-------------------------------------------------------
 T E S T S
-------------------------------------------------------
Running retrofit2.SimpleXmlConverterFactoryTest
Jan 24, 2016 6:25:51 AM okhttp3.mockwebserver.MockWebServer$3 execute
INFO: MockWebServer[55639] starting to accept connections
Jan 24, 2016 6:25:51 AM okhttp3.mockwebserver.MockWebServer$4 processOneRequest
INFO: MockWebServer[55639] received request: GET / HTTP/1.1 and responded: HTTP/1.1 200 OK
Jan 24, 2016 6:25:51 AM okhttp3.mockwebserver.MockWebServer$3 acceptConnections
INFO: MockWebServer[55639] done accepting connections: Socket closed
Jan 24, 2016 6:25:51 AM okhttp3.mockwebserver.MockWebServer$3 execute
INFO: MockWebServer[45070] starting to accept connections
Jan 24, 2016 6:25:51 AM okhttp3.mockwebserver.MockWebServer$4 processOneRequest
INFO: MockWebServer[45070] received request: GET / HTTP/1.1 and responded: HTTP/1.1 200 OK
Jan 24, 2016 6:25:51 AM okhttp3.mockwebserver.MockWebServer$3 acceptConnections
INFO: MockWebServer[45070] done accepting connections: Socket closed
Jan 24, 2016 6:25:52 AM okhttp3.mockwebserver.MockWebServer$3 execute
INFO: MockWebServer[35430] starting to accept connections
Jan 24, 2016 6:25:52 AM okhttp3.mockwebserver.MockWebServer$4 processOneRequest
INFO: MockWebServer[35430] received request: POST / HTTP/1.1 and responded: HTTP/1.1 200 OK
Jan 24, 2016 6:25:52 AM okhttp3.mockwebserver.MockWebServer$3 acceptConnections
INFO: MockWebServer[35430] done accepting connections: Socket closed
Tests run: 3, Failures: 0, Errors: 0, Skipped: 0, Time elapsed: 0.604 sec

Results :

Tests run: 3, Failures: 0, Errors: 0, Skipped: 0

[INFO] 
[INFO] --- animal-sniffer-maven-plugin:1.14:check (default) @ converter-simplexml ---
[INFO] Checking unresolved references to org.codehaus.mojo.signature:java16:1.1
[INFO]                                                                         
[INFO] ------------------------------------------------------------------------
[INFO] Building Converter: Java Scalars 2.0.0-SNAPSHOT
[INFO] ------------------------------------------------------------------------
[INFO] 
[INFO] --- maven-enforcer-plugin:1.0:enforce (enforce-maven) @ converter-scalars ---
[INFO] 
[INFO] --- maven-resources-plugin:2.6:resources (default-resources) @ converter-scalars ---
[INFO] Using 'UTF-8' encoding to copy filtered resources.
[INFO] skip non existing resourceDirectory /home/travis/build/square/retrofit/retrofit-converters/scalars/src/main/resources
[INFO] 
[INFO] --- maven-compiler-plugin:3.0:compile (default-compile) @ converter-scalars ---
[INFO] Changes detected - recompiling the module!
[INFO] Compiling 3 source files to /home/travis/build/square/retrofit/retrofit-converters/scalars/target/classes
[INFO] 
[INFO] --- maven-resources-plugin:2.6:testResources (default-testResources) @ converter-scalars ---
[INFO] Using 'UTF-8' encoding to copy filtered resources.
[INFO] skip non existing resourceDirectory /home/travis/build/square/retrofit/retrofit-converters/scalars/src/test/resources
[INFO] 
[INFO] --- maven-compiler-plugin:3.0:testCompile (default-testCompile) @ converter-scalars ---
[INFO] Changes detected - recompiling the module!
[INFO] Compiling 1 source file to /home/travis/build/square/retrofit/retrofit-converters/scalars/target/test-classes
[INFO] 
[INFO] --- maven-surefire-plugin:2.12.4:test (default-test) @ converter-scalars ---
[INFO] Surefire report directory: /home/travis/build/square/retrofit/retrofit-converters/scalars/target/surefire-reports

-------------------------------------------------------
 T E S T S
-------------------------------------------------------
Running retrofit2.ScalarsConverterFactoryTest
Jan 24, 2016 6:25:52 AM okhttp3.mockwebserver.MockWebServer$3 execute
INFO: MockWebServer[47204] starting to accept connections
Jan 24, 2016 6:25:53 AM okhttp3.mockwebserver.MockWebServer$3 acceptConnections
INFO: MockWebServer[47204] done accepting connections: Socket closed
Jan 24, 2016 6:25:53 AM okhttp3.mockwebserver.MockWebServer$3 execute
INFO: MockWebServer[58359] starting to accept connections
Jan 24, 2016 6:25:53 AM okhttp3.mockwebserver.MockWebServer$4 processOneRequest
INFO: MockWebServer[58359] received request: GET / HTTP/1.1 and responded: HTTP/1.1 200 OK
Jan 24, 2016 6:25:53 AM okhttp3.mockwebserver.MockWebServer$4 processOneRequest
INFO: MockWebServer[58359] received request: GET / HTTP/1.1 and responded: HTTP/1.1 200 OK
Jan 24, 2016 6:25:53 AM okhttp3.mockwebserver.MockWebServer$4 processOneRequest
INFO: MockWebServer[58359] received request: GET / HTTP/1.1 and responded: HTTP/1.1 200 OK
Jan 24, 2016 6:25:53 AM okhttp3.mockwebserver.MockWebServer$4 processOneRequest
INFO: MockWebServer[58359] received request: GET / HTTP/1.1 and responded: HTTP/1.1 200 OK
Jan 24, 2016 6:25:53 AM okhttp3.mockwebserver.MockWebServer$4 processOneRequest
INFO: MockWebServer[58359] received request: GET / HTTP/1.1 and responded: HTTP/1.1 200 OK
Jan 24, 2016 6:25:53 AM okhttp3.mockwebserver.MockWebServer$4 processOneRequest
INFO: MockWebServer[58359] received request: GET / HTTP/1.1 and responded: HTTP/1.1 200 OK
Jan 24, 2016 6:25:53 AM okhttp3.mockwebserver.MockWebServer$4 processOneRequest
INFO: MockWebServer[58359] received request: GET / HTTP/1.1 and responded: HTTP/1.1 200 OK
Jan 24, 2016 6:25:53 AM okhttp3.mockwebserver.MockWebServer$4 processOneRequest
INFO: MockWebServer[58359] received request: GET / HTTP/1.1 and responded: HTTP/1.1 200 OK
Jan 24, 2016 6:25:53 AM okhttp3.mockwebserver.MockWebServer$4 processOneRequest
INFO: MockWebServer[58359] received request: GET / HTTP/1.1 and responded: HTTP/1.1 200 OK
Jan 24, 2016 6:25:53 AM okhttp3.mockwebserver.MockWebServer$4 processOneRequest
INFO: MockWebServer[58359] received request: GET / HTTP/1.1 and responded: HTTP/1.1 200 OK
Jan 24, 2016 6:25:53 AM okhttp3.mockwebserver.MockWebServer$4 processOneRequest
INFO: MockWebServer[58359] received request: GET / HTTP/1.1 and responded: HTTP/1.1 200 OK
Jan 24, 2016 6:25:53 AM okhttp3.mockwebserver.MockWebServer$3 acceptConnections
INFO: MockWebServer[58359] done accepting connections: Socket closed
Jan 24, 2016 6:25:53 AM okhttp3.mockwebserver.MockWebServer$3 execute
INFO: MockWebServer[50013] starting to accept connections
Jan 24, 2016 6:25:53 AM okhttp3.mockwebserver.MockWebServer$4 processOneRequest
INFO: MockWebServer[50013] received request: POST / HTTP/1.1 and responded: HTTP/1.1 200 OK
Jan 24, 2016 6:25:53 AM okhttp3.mockwebserver.MockWebServer$4 processOneRequest
INFO: MockWebServer[50013] received request: POST / HTTP/1.1 and responded: HTTP/1.1 200 OK
Jan 24, 2016 6:25:53 AM okhttp3.mockwebserver.MockWebServer$4 processOneRequest
INFO: MockWebServer[50013] received request: POST / HTTP/1.1 and responded: HTTP/1.1 200 OK
Jan 24, 2016 6:25:53 AM okhttp3.mockwebserver.MockWebServer$4 processOneRequest
INFO: MockWebServer[50013] received request: POST / HTTP/1.1 and responded: HTTP/1.1 200 OK
Jan 24, 2016 6:25:53 AM okhttp3.mockwebserver.MockWebServer$4 processOneRequest
INFO: MockWebServer[50013] received request: POST / HTTP/1.1 and responded: HTTP/1.1 200 OK
Jan 24, 2016 6:25:53 AM okhttp3.mockwebserver.MockWebServer$4 processOneRequest
INFO: MockWebServer[50013] received request: POST / HTTP/1.1 and responded: HTTP/1.1 200 OK
Jan 24, 2016 6:25:53 AM okhttp3.mockwebserver.MockWebServer$4 processOneRequest
INFO: MockWebServer[50013] received request: POST / HTTP/1.1 and responded: HTTP/1.1 200 OK
Jan 24, 2016 6:25:53 AM okhttp3.mockwebserver.MockWebServer$4 processOneRequest
INFO: MockWebServer[50013] received request: POST / HTTP/1.1 and responded: HTTP/1.1 200 OK
Jan 24, 2016 6:25:53 AM okhttp3.mockwebserver.MockWebServer$4 processOneRequest
INFO: MockWebServer[50013] received request: POST / HTTP/1.1 and responded: HTTP/1.1 200 OK
Jan 24, 2016 6:25:53 AM okhttp3.mockwebserver.MockWebServer$4 processOneRequest
INFO: MockWebServer[50013] received request: POST / HTTP/1.1 and responded: HTTP/1.1 200 OK
Jan 24, 2016 6:25:53 AM okhttp3.mockwebserver.MockWebServer$4 processOneRequest
INFO: MockWebServer[50013] received request: POST / HTTP/1.1 and responded: HTTP/1.1 200 OK
Jan 24, 2016 6:25:53 AM okhttp3.mockwebserver.MockWebServer$4 processOneRequest
INFO: MockWebServer[50013] received request: POST / HTTP/1.1 and responded: HTTP/1.1 200 OK
Jan 24, 2016 6:25:53 AM okhttp3.mockwebserver.MockWebServer$4 processOneRequest
INFO: MockWebServer[50013] received request: POST / HTTP/1.1 and responded: HTTP/1.1 200 OK
Jan 24, 2016 6:25:53 AM okhttp3.mockwebserver.MockWebServer$4 processOneRequest
INFO: MockWebServer[50013] received request: POST / HTTP/1.1 and responded: HTTP/1.1 200 OK
Jan 24, 2016 6:25:53 AM okhttp3.mockwebserver.MockWebServer$4 processOneRequest
INFO: MockWebServer[50013] received request: POST / HTTP/1.1 and responded: HTTP/1.1 200 OK
Jan 24, 2016 6:25:53 AM okhttp3.mockwebserver.MockWebServer$4 processOneRequest
INFO: MockWebServer[50013] received request: POST / HTTP/1.1 and responded: HTTP/1.1 200 OK
Jan 24, 2016 6:25:53 AM okhttp3.mockwebserver.MockWebServer$4 processOneRequest
INFO: MockWebServer[50013] received request: POST / HTTP/1.1 and responded: HTTP/1.1 200 OK
Jan 24, 2016 6:25:53 AM okhttp3.mockwebserver.MockWebServer$3 acceptConnections
INFO: MockWebServer[50013] done accepting connections: Socket closed
Jan 24, 2016 6:25:53 AM okhttp3.mockwebserver.MockWebServer$3 execute
INFO: MockWebServer[49809] starting to accept connections
Jan 24, 2016 6:25:53 AM okhttp3.mockwebserver.MockWebServer$3 acceptConnections
INFO: MockWebServer[49809] done accepting connections: Socket is closed
Tests run: 4, Failures: 0, Errors: 0, Skipped: 0, Time elapsed: 0.911 sec

Results :

Tests run: 4, Failures: 0, Errors: 0, Skipped: 0

[INFO] 
[INFO] --- animal-sniffer-maven-plugin:1.14:check (default) @ converter-scalars ---
[INFO] Checking unresolved references to org.codehaus.mojo.signature:java16:1.1
[INFO]                                                                         
[INFO] ------------------------------------------------------------------------
[INFO] Building Converter: Moshi 2.0.0-SNAPSHOT
[INFO] ------------------------------------------------------------------------
[INFO] 
[INFO] --- maven-enforcer-plugin:1.0:enforce (enforce-maven) @ converter-moshi ---
[INFO] 
[INFO] --- maven-resources-plugin:2.6:resources (default-resources) @ converter-moshi ---
[INFO] Using 'UTF-8' encoding to copy filtered resources.
[INFO] skip non existing resourceDirectory /home/travis/build/square/retrofit/retrofit-converters/moshi/src/main/resources
[INFO] 
[INFO] --- maven-compiler-plugin:3.0:compile (default-compile) @ converter-moshi ---
[INFO] Changes detected - recompiling the module!
[INFO] Compiling 3 source files to /home/travis/build/square/retrofit/retrofit-converters/moshi/target/classes
[INFO] 
[INFO] --- maven-resources-plugin:2.6:testResources (default-testResources) @ converter-moshi ---
[INFO] Using 'UTF-8' encoding to copy filtered resources.
[INFO] skip non existing resourceDirectory /home/travis/build/square/retrofit/retrofit-converters/moshi/src/test/resources
[INFO] 
[INFO] --- maven-compiler-plugin:3.0:testCompile (default-testCompile) @ converter-moshi ---
[INFO] Changes detected - recompiling the module!
[INFO] Compiling 1 source file to /home/travis/build/square/retrofit/retrofit-converters/moshi/target/test-classes
[INFO] 
[INFO] --- maven-surefire-plugin:2.12.4:test (default-test) @ converter-moshi ---
[INFO] Surefire report directory: /home/travis/build/square/retrofit/retrofit-converters/moshi/target/surefire-reports

-------------------------------------------------------
 T E S T S
-------------------------------------------------------
Running retrofit2.MoshiConverterFactoryTest
Jan 24, 2016 6:25:54 AM okhttp3.mockwebserver.MockWebServer$3 execute
INFO: MockWebServer[54018] starting to accept connections
Jan 24, 2016 6:25:55 AM okhttp3.mockwebserver.MockWebServer$4 processOneRequest
INFO: MockWebServer[54018] received request: POST / HTTP/1.1 and responded: HTTP/1.1 200 OK
Jan 24, 2016 6:25:55 AM okhttp3.mockwebserver.MockWebServer$3 acceptConnections
INFO: MockWebServer[54018] done accepting connections: Socket closed
Jan 24, 2016 6:25:55 AM okhttp3.mockwebserver.MockWebServer$3 execute
INFO: MockWebServer[53711] starting to accept connections
Jan 24, 2016 6:25:55 AM okhttp3.mockwebserver.MockWebServer$4 processOneRequest
INFO: MockWebServer[53711] received request: POST / HTTP/1.1 and responded: HTTP/1.1 200 OK
Jan 24, 2016 6:25:55 AM okhttp3.mockwebserver.MockWebServer$3 acceptConnections
INFO: MockWebServer[53711] done accepting connections: Socket closed
Tests run: 2, Failures: 0, Errors: 0, Skipped: 0, Time elapsed: 0.982 sec

Results :

Tests run: 2, Failures: 0, Errors: 0, Skipped: 0

[INFO] 
[INFO] --- animal-sniffer-maven-plugin:1.14:check (default) @ converter-moshi ---
[INFO] Checking unresolved references to org.codehaus.mojo.signature:java16:1.1
[INFO]                                                                         
[INFO] ------------------------------------------------------------------------
[INFO] Building Retrofit Mock Adapter 2.0.0-SNAPSHOT
[INFO] ------------------------------------------------------------------------
[INFO] 
[INFO] --- maven-enforcer-plugin:1.0:enforce (enforce-maven) @ retrofit-mock ---
[INFO] 
[INFO] --- maven-resources-plugin:2.6:resources (default-resources) @ retrofit-mock ---
[INFO] Using 'UTF-8' encoding to copy filtered resources.
[INFO] skip non existing resourceDirectory /home/travis/build/square/retrofit/retrofit-mock/src/main/resources
[INFO] 
[INFO] --- maven-compiler-plugin:3.0:compile (default-compile) @ retrofit-mock ---
[INFO] Changes detected - recompiling the module!
[INFO] Compiling 5 source files to /home/travis/build/square/retrofit/retrofit-mock/target/classes
[INFO] 
[INFO] --- maven-resources-plugin:2.6:testResources (default-testResources) @ retrofit-mock ---
[INFO] Using 'UTF-8' encoding to copy filtered resources.
[INFO] skip non existing resourceDirectory /home/travis/build/square/retrofit/retrofit-mock/src/test/resources
[INFO] 
[INFO] --- maven-compiler-plugin:3.0:testCompile (default-testCompile) @ retrofit-mock ---
[INFO] Changes detected - recompiling the module!
[INFO] Compiling 3 source files to /home/travis/build/square/retrofit/retrofit-mock/target/test-classes
[INFO] 
[INFO] --- maven-surefire-plugin:2.12.4:test (default-test) @ retrofit-mock ---
[INFO] Surefire report directory: /home/travis/build/square/retrofit/retrofit-mock/target/surefire-reports

-------------------------------------------------------
 T E S T S
-------------------------------------------------------
Running retrofit2.mock.BehaviorDelegateTest
Tests run: 10, Failures: 0, Errors: 0, Skipped: 0, Time elapsed: 1.695 sec
Running retrofit2.mock.MockRetrofitTest
Tests run: 8, Failures: 0, Errors: 0, Skipped: 0, Time elapsed: 0.055 sec
Running retrofit2.mock.NetworkBehaviorTest
Tests run: 5, Failures: 0, Errors: 0, Skipped: 0, Time elapsed: 0.073 sec

Results :

Tests run: 23, Failures: 0, Errors: 0, Skipped: 0

[INFO] 
[INFO] --- animal-sniffer-maven-plugin:1.14:check (default) @ retrofit-mock ---
[INFO] Checking unresolved references to org.codehaus.mojo.signature:java16:1.1
[INFO]                                                                         
[INFO] ------------------------------------------------------------------------
[INFO] Building Samples 2.0.0-SNAPSHOT
[INFO] ------------------------------------------------------------------------
[INFO] 
[INFO] --- maven-enforcer-plugin:1.0:enforce (enforce-maven) @ samples ---
[INFO] 
[INFO] --- maven-resources-plugin:2.6:resources (default-resources) @ samples ---
[INFO] Using 'UTF-8' encoding to copy filtered resources.
[INFO] skip non existing resourceDirectory /home/travis/build/square/retrofit/samples/src/main/resources
[INFO] 
[INFO] --- maven-compiler-plugin:3.0:compile (default-compile) @ samples ---
[INFO] Changes detected - recompiling the module!
[INFO] Compiling 6 source files to /home/travis/build/square/retrofit/samples/target/classes
[INFO] 
[INFO] --- maven-resources-plugin:2.6:testResources (default-testResources) @ samples ---
[INFO] Using 'UTF-8' encoding to copy filtered resources.
[INFO] skip non existing resourceDirectory /home/travis/build/square/retrofit/samples/src/test/resources
[INFO] 
[INFO] --- maven-compiler-plugin:3.0:testCompile (default-testCompile) @ samples ---
[INFO] No sources to compile
[INFO] 
[INFO] --- maven-surefire-plugin:2.12.4:test (default-test) @ samples ---
[INFO] No tests to run.
[INFO] 
[INFO] --- animal-sniffer-maven-plugin:1.14:check (default) @ samples ---
[INFO] Checking unresolved references to org.codehaus.mojo.signature:java16:1.1
[INFO] ------------------------------------------------------------------------
[INFO] Reactor Summary:
[INFO] 
[INFO] Retrofit (Parent) .................................. SUCCESS [  2.022 s]
[INFO] Retrofit ........................................... SUCCESS [ 18.468 s]
[INFO] Adapters ........................................... SUCCESS [  0.230 s]
[INFO] Adapter: RxJava .................................... SUCCESS [  1.861 s]
[INFO] Converters ......................................... SUCCESS [  0.153 s]
[INFO] Converter: Gson .................................... SUCCESS [  1.401 s]
[INFO] Converter: Protocol Buffers ........................ SUCCESS [  1.657 s]
[INFO] Converter: Jackson ................................. SUCCESS [  1.470 s]
[INFO] Converter: Wire Protocol Buffers ................... SUCCESS [  1.342 s]
[INFO] Converter: SimpleXML ............................... SUCCESS [  1.146 s]
[INFO] Converter: Java Scalars ............................ SUCCESS [  1.510 s]
[INFO] Converter: Moshi ................................... SUCCESS [  1.868 s]
[INFO] Retrofit Mock Adapter .............................. SUCCESS [  2.719 s]
[INFO] Samples ............................................ SUCCESS [  1.014 s]
[INFO] ------------------------------------------------------------------------
[INFO] BUILD SUCCESS
[INFO] ------------------------------------------------------------------------
[INFO] Total time: 37.252 s
[INFO] Finished at: 2016-01-24T06:25:59+00:00
[INFO] Final Memory: 44M/335M
[INFO] ------------------------------------------------------------------------

travis_time:end:02963184:start=1453616720574291329,finish=1453616767326736644,duration=46752445315[0K
[32;1mThe command "mvn test -B" exited with 0.[0m
travis_fold:start:cache.2[0Kstore build cache
travis_time:start:127584d8[0K
travis_time:end:127584d8:start=1453616767330921078,finish=1453616767334086814,duration=3165736[0Ktravis_time:start:01fb5b08[0K[32;1mchange detected:
/home/travis/.m2/repository/com/squareup/retrofit2/adapter-rxjava/2.0.0-SNAPSHOT/adapter-rxjava-2.0.0-SNAPSHOT.jar
/home/travis/.m2/repository/com/squareup/retrofit2/adapter-rxjava/2.0.0-SNAPSHOT/maven-metadata-local.xml
/home/travis/.m2/repository/com/squareup/retrofit2/adapter-rxjava/2.0.0-SNAPSHOT/_remote.repositories
/home/travis/.m2/repository/com/squareup/retrofit2/adapter-rxjava/maven-metadata-local.xml
/home/travis/.m2/repository/com/squareup/retrofit2/converter-gson/2.0.0-SNAPSHOT/converter-gson-2.0.0-SNAPSHOT.jar
/home/travis/.m2/repository/com/squareup/retrofit2/converter-gson/2.0.0-SNAPSHOT/maven-metadata-local.xml
/home/travis/.m2/repository/com/squareup/retrofit2/converter-gson/2.0.0-SNAPSHOT/_remote.repositories
/home/travis/.m2/repository/com/squareup/retrofit2/converter-gson/maven-metadata-local.xml
/home/travis/.m2/repository/com/squareup/retrofit2/converter-jackson/2.0.0-SNAPSHOT/converter-jackson-2.0.0-SNAPSHOT.jar
/home/travis/.m2/repository/com/squareup/retrofit2/c
[0m
[32;1m...
[0m
[32;1mchanges detected, packing new archive[0m
[32;1muploading archive[0m

travis_time:end:01fb5b08:start=1453616767337741203,finish=1453616789064285263,duration=21726544060[0Ktravis_fold:end:cache.2[0Ktravis_fold:start:after_success[0Ktravis_time:start:1f70938e[0K$ .buildscript/deploy_snapshot.sh
Skipping snapshot deployment: wrong branch. Expected 'master' but was 'setheclark-exception_msg_correction'.

travis_time:end:1f70938e:start=1453616789068194791,finish=1453616789072757956,duration=4563165[0Ktravis_fold:end:after_success[0K
Done. Your build exited with 0.
