Using worker: worker-linux-docker-bce80944.prod.travis-ci.org:travis-linux-6

travis_fold:start:system_info[0K[33;1mBuild system information[0m
Build language: java
Build group: stable
Build dist: precise
[34m[1mBuild image provisioning date and time[0m
Thu Feb  5 15:09:33 UTC 2015
[34m[1mOperating System Details[0m
Distributor ID:	Ubuntu
Description:	Ubuntu 12.04.5 LTS
Release:	12.04
Codename:	precise
[34m[1mLinux Version[0m
3.13.0-29-generic
[34m[1mCookbooks Version[0m
a68419e https://github.com/travis-ci/travis-cookbooks/tree/a68419e
[34m[1mGCC version[0m
gcc (Ubuntu/Linaro 4.6.3-1ubuntu5) 4.6.3
Copyright (C) 2011 Free Software Foundation, Inc.
This is free software; see the source for copying conditions.  There is NO
warranty; not even for MERCHANTABILITY or FITNESS FOR A PARTICULAR PURPOSE.

[34m[1mLLVM version[0m
clang version 3.4 (tags/RELEASE_34/final)
Target: x86_64-unknown-linux-gnu
Thread model: posix
[34m[1mPre-installed Ruby versions[0m
ruby-1.9.3-p551
[34m[1mPre-installed Node.js versions[0m
v0.10.36
[34m[1mPre-installed Go versions[0m
1.4.1
[34m[1mRedis version[0m
redis-server 2.8.19
[34m[1mriak version[0m
2.0.2
[34m[1mMongoDB version[0m
MongoDB 2.4.12
[34m[1mCouchDB version[0m
couchdb 1.6.1
[34m[1mNeo4j version[0m
1.9.4
[34m[1mRabbitMQ Version[0m
3.4.3
[34m[1mElasticSearch version[0m
1.4.0
[34m[1mInstalled Sphinx versions[0m
2.0.10
2.1.9
2.2.6
[34m[1mDefault Sphinx version[0m
2.2.6
[34m[1mInstalled Firefox version[0m
firefox 31.0esr
[34m[1mPhantomJS version[0m
1.9.8
[34m[1mant -version[0m
Apache Ant(TM) version 1.8.2 compiled on December 3 2011
[34m[1mmvn -version[0m
Apache Maven 3.2.5 (12a6b3acb947671f09b81f49094c53f426d8cea1; 2014-12-14T17:29:23+00:00)
Maven home: /usr/local/maven
Java version: 1.7.0_76, vendor: Oracle Corporation
Java home: /usr/lib/jvm/java-7-oracle/jre
Default locale: en_US, platform encoding: ANSI_X3.4-1968
OS name: "linux", version: "3.13.0-29-generic", arch: "amd64", family: "unix"
travis_fold:end:system_info[0K
travis_fold:start:fix.CVE-2015-7547[0K$ export DEBIAN_FRONTEND=noninteractive
W: Size of file /var/lib/apt/lists/us.archive.ubuntu.com_ubuntu_dists_precise-backports_multiverse_source_Sources.gz is not what the server reported 5886 5888
W: Size of file /var/lib/apt/lists/ppa.launchpad.net_ubuntugis_ppa_ubuntu_dists_precise_main_binary-amd64_Packages.gz is not what the server reported 36669 36677
W: Size of file /var/lib/apt/lists/ppa.launchpad.net_ubuntugis_ppa_ubuntu_dists_precise_main_binary-i386_Packages.gz is not what the server reported 36729 36733
Reading package lists...
Building dependency tree...
Reading state information...
The following extra packages will be installed:
  libc-bin libc-dev-bin libc6-dev
Suggested packages:
  glibc-doc
The following packages will be upgraded:
  libc-bin libc-dev-bin libc6 libc6-dev
4 upgraded, 0 newly installed, 0 to remove and 236 not upgraded.
Need to get 8,844 kB of archives.
After this operation, 9,216 B disk space will be freed.
Get:1 http://us.archive.ubuntu.com/ubuntu/ precise-updates/main libc6-dev amd64 2.15-0ubuntu10.13 [2,943 kB]
Get:2 http://us.archive.ubuntu.com/ubuntu/ precise-updates/main libc-dev-bin amd64 2.15-0ubuntu10.13 [84.7 kB]
Get:3 http://us.archive.ubuntu.com/ubuntu/ precise-updates/main libc-bin amd64 2.15-0ubuntu10.13 [1,179 kB]
Get:4 http://us.archive.ubuntu.com/ubuntu/ precise-updates/main libc6 amd64 2.15-0ubuntu10.13 [4,637 kB]
Fetched 8,844 kB in 0s (26.2 MB/s)
Preconfiguring packages ...
(Reading database ... (Reading database ... 5%(Reading database ... 10%(Reading database ... 15%(Reading database ... 20%(Reading database ... 25%(Reading database ... 30%(Reading database ... 35%(Reading database ... 40%(Reading database ... 45%(Reading database ... 50%(Reading database ... 55%(Reading database ... 60%(Reading database ... 65%(Reading database ... 70%(Reading database ... 75%(Reading database ... 80%(Reading database ... 85%(Reading database ... 90%(Reading database ... 95%(Reading database ... 100%(Reading database ... 72019 files and directories currently installed.)
Preparing to replace libc6-dev 2.15-0ubuntu10.10 (using .../libc6-dev_2.15-0ubuntu10.13_amd64.deb) ...
Unpacking replacement libc6-dev ...
Preparing to replace libc-dev-bin 2.15-0ubuntu10.10 (using .../libc-dev-bin_2.15-0ubuntu10.13_amd64.deb) ...
Unpacking replacement libc-dev-bin ...
Preparing to replace libc-bin 2.15-0ubuntu10.10 (using .../libc-bin_2.15-0ubuntu10.13_amd64.deb) ...
Unpacking replacement libc-bin ...
Processing triggers for man-db ...
Setting up libc-bin (2.15-0ubuntu10.13) ...
(Reading database ... (Reading database ... 5%(Reading database ... 10%(Reading database ... 15%(Reading database ... 20%(Reading database ... 25%(Reading database ... 30%(Reading database ... 35%(Reading database ... 40%(Reading database ... 45%(Reading database ... 50%(Reading database ... 55%(Reading database ... 60%(Reading database ... 65%(Reading database ... 70%(Reading database ... 75%(Reading database ... 80%(Reading database ... 85%(Reading database ... 90%(Reading database ... 95%(Reading database ... 100%(Reading database ... 72019 files and directories currently installed.)
Preparing to replace libc6 2.15-0ubuntu10.10 (using .../libc6_2.15-0ubuntu10.13_amd64.deb) ...
Unpacking replacement libc6 ...
Setting up libc6 (2.15-0ubuntu10.13) ...
Setting up libc-dev-bin (2.15-0ubuntu10.13) ...
Setting up libc6-dev (2.15-0ubuntu10.13) ...
Processing triggers for libc-bin ...
ldconfig deferred processing now taking place
travis_fold:end:fix.CVE-2015-7547[0Ktravis_fold:start:git.checkout[0Ktravis_time:start:0cfe6f3a[0K$ git clone --depth=50 --branch=master https://github.com/checkstyle/checkstyle.git checkstyle/checkstyle
Cloning into 'checkstyle/checkstyle'...
remote: Counting objects: 2626, done.[K
remote: Compressing objects:   0% (1/1787)   [Kremote: Compressing objects:   1% (18/1787)   [Kremote: Compressing objects:   2% (36/1787)   [Kremote: Compressing objects:   3% (54/1787)   [Kremote: Compressing objects:   4% (72/1787)   [Kremote: Compressing objects:   5% (90/1787)   [Kremote: Compressing objects:   6% (108/1787)   [Kremote: Compressing objects:   7% (126/1787)   [Kremote: Compressing objects:   8% (143/1787)   [Kremote: Compressing objects:   9% (161/1787)   [Kremote: Compressing objects:  10% (179/1787)   [Kremote: Compressing objects:  11% (197/1787)   [Kremote: Compressing objects:  12% (215/1787)   [Kremote: Compressing objects:  13% (233/1787)   [Kremote: Compressing objects:  14% (251/1787)   [Kremote: Compressing objects:  15% (269/1787)   [Kremote: Compressing objects:  16% (286/1787)   [Kremote: Compressing objects:  17% (304/1787)   [Kremote: Compressing objects:  18% (322/1787)   [Kremote: Compressing objects:  19% (340/1787)   [Kremote: Compressing objects:  20% (358/1787)   [Kremote: Compressing objects:  21% (376/1787)   [Kremote: Compressing objects:  22% (394/1787)   [Kremote: Compressing objects:  23% (412/1787)   [Kremote: Compressing objects:  24% (429/1787)   [Kremote: Compressing objects:  25% (447/1787)   [Kremote: Compressing objects:  26% (465/1787)   [Kremote: Compressing objects:  27% (483/1787)   [Kremote: Compressing objects:  28% (501/1787)   [Kremote: Compressing objects:  29% (519/1787)   [Kremote: Compressing objects:  30% (537/1787)   [Kremote: Compressing objects:  31% (554/1787)   [Kremote: Compressing objects:  32% (572/1787)   [Kremote: Compressing objects:  33% (590/1787)   [Kremote: Compressing objects:  34% (608/1787)   [Kremote: Compressing objects:  35% (626/1787)   [Kremote: Compressing objects:  36% (644/1787)   [Kremote: Compressing objects:  37% (662/1787)   [Kremote: Compressing objects:  38% (680/1787)   [Kremote: Compressing objects:  39% (697/1787)   [Kremote: Compressing objects:  40% (715/1787)   [Kremote: Compressing objects:  41% (733/1787)   [Kremote: Compressing objects:  42% (751/1787)   [Kremote: Compressing objects:  43% (769/1787)   [Kremote: Compressing objects:  44% (787/1787)   [Kremote: Compressing objects:  45% (805/1787)   [Kremote: Compressing objects:  46% (823/1787)   [Kremote: Compressing objects:  47% (840/1787)   [Kremote: Compressing objects:  48% (858/1787)   [Kremote: Compressing objects:  49% (876/1787)   [Kremote: Compressing objects:  50% (894/1787)   [Kremote: Compressing objects:  51% (912/1787)   [Kremote: Compressing objects:  52% (930/1787)   [Kremote: Compressing objects:  53% (948/1787)   [Kremote: Compressing objects:  54% (965/1787)   [Kremote: Compressing objects:  55% (983/1787)   [Kremote: Compressing objects:  56% (1001/1787)   [Kremote: Compressing objects:  57% (1019/1787)   [Kremote: Compressing objects:  58% (1037/1787)   [Kremote: Compressing objects:  59% (1055/1787)   [Kremote: Compressing objects:  60% (1073/1787)   [Kremote: Compressing objects:  61% (1091/1787)   [Kremote: Compressing objects:  62% (1108/1787)   [Kremote: Compressing objects:  63% (1126/1787)   [Kremote: Compressing objects:  64% (1144/1787)   [Kremote: Compressing objects:  65% (1162/1787)   [Kremote: Compressing objects:  66% (1180/1787)   [Kremote: Compressing objects:  67% (1198/1787)   [Kremote: Compressing objects:  68% (1216/1787)   [Kremote: Compressing objects:  69% (1234/1787)   [Kremote: Compressing objects:  70% (1251/1787)   [Kremote: Compressing objects:  71% (1269/1787)   [Kremote: Compressing objects:  72% (1287/1787)   [Kremote: Compressing objects:  73% (1305/1787)   [Kremote: Compressing objects:  74% (1323/1787)   [Kremote: Compressing objects:  75% (1341/1787)   [Kremote: Compressing objects:  76% (1359/1787)   [Kremote: Compressing objects:  77% (1376/1787)   [Kremote: Compressing objects:  78% (1394/1787)   [Kremote: Compressing objects:  79% (1412/1787)   [Kremote: Compressing objects:  80% (1430/1787)   [Kremote: Compressing objects:  81% (1448/1787)   [Kremote: Compressing objects:  82% (1466/1787)   [Kremote: Compressing objects:  83% (1484/1787)   [Kremote: Compressing objects:  84% (1502/1787)   [Kremote: Compressing objects:  85% (1519/1787)   [Kremote: Compressing objects:  86% (1537/1787)   [Kremote: Compressing objects:  87% (1555/1787)   [Kremote: Compressing objects:  88% (1573/1787)   [Kremote: Compressing objects:  89% (1591/1787)   [Kremote: Compressing objects:  90% (1609/1787)   [Kremote: Compressing objects:  91% (1627/1787)   [Kremote: Compressing objects:  92% (1645/1787)   [Kremote: Compressing objects:  93% (1662/1787)   [Kremote: Compressing objects:  94% (1680/1787)   [Kremote: Compressing objects:  95% (1698/1787)   [Kremote: Compressing objects:  96% (1716/1787)   [Kremote: Compressing objects:  97% (1734/1787)   [Kremote: Compressing objects:  98% (1752/1787)   [Kremote: Compressing objects:  99% (1770/1787)   [Kremote: Compressing objects: 100% (1787/1787)   [Kremote: Compressing objects: 100% (1787/1787), done.[K
Receiving objects:   0% (1/2626)   Receiving objects:   1% (27/2626)   Receiving objects:   2% (53/2626)   Receiving objects:   3% (79/2626)   Receiving objects:   4% (106/2626)   Receiving objects:   5% (132/2626)   Receiving objects:   6% (158/2626)   Receiving objects:   7% (184/2626)   Receiving objects:   8% (211/2626)   Receiving objects:   9% (237/2626)   Receiving objects:  10% (263/2626)   Receiving objects:  11% (289/2626)   Receiving objects:  12% (316/2626)   Receiving objects:  13% (342/2626)   Receiving objects:  14% (368/2626)   Receiving objects:  15% (394/2626)   Receiving objects:  16% (421/2626)   Receiving objects:  17% (447/2626)   Receiving objects:  18% (473/2626)   Receiving objects:  19% (499/2626)   Receiving objects:  20% (526/2626)   Receiving objects:  21% (552/2626)   Receiving objects:  22% (578/2626)   Receiving objects:  23% (604/2626)   Receiving objects:  24% (631/2626)   Receiving objects:  25% (657/2626)   Receiving objects:  26% (683/2626)   Receiving objects:  27% (710/2626)   Receiving objects:  28% (736/2626)   Receiving objects:  29% (762/2626)   Receiving objects:  30% (788/2626)   Receiving objects:  31% (815/2626)   Receiving objects:  32% (841/2626)   Receiving objects:  33% (867/2626)   Receiving objects:  34% (893/2626)   Receiving objects:  35% (920/2626)   Receiving objects:  36% (946/2626)   Receiving objects:  37% (972/2626)   Receiving objects:  38% (998/2626)   Receiving objects:  39% (1025/2626)   Receiving objects:  40% (1051/2626)   Receiving objects:  41% (1077/2626)   Receiving objects:  42% (1103/2626)   Receiving objects:  43% (1130/2626)   Receiving objects:  44% (1156/2626)   Receiving objects:  45% (1182/2626)   Receiving objects:  46% (1208/2626)   Receiving objects:  47% (1235/2626)   Receiving objects:  48% (1261/2626)   Receiving objects:  49% (1287/2626)   Receiving objects:  50% (1313/2626)   Receiving objects:  51% (1340/2626)   Receiving objects:  52% (1366/2626)   Receiving objects:  53% (1392/2626)   Receiving objects:  54% (1419/2626)   Receiving objects:  55% (1445/2626)   Receiving objects:  56% (1471/2626)   Receiving objects:  57% (1497/2626)   Receiving objects:  58% (1524/2626)   Receiving objects:  59% (1550/2626)   Receiving objects:  60% (1576/2626)   Receiving objects:  61% (1602/2626)   Receiving objects:  62% (1629/2626)   Receiving objects:  63% (1655/2626)   Receiving objects:  64% (1681/2626)   Receiving objects:  65% (1707/2626)   Receiving objects:  66% (1734/2626)   Receiving objects:  67% (1760/2626)   Receiving objects:  68% (1786/2626)   Receiving objects:  69% (1812/2626)   Receiving objects:  70% (1839/2626)   Receiving objects:  71% (1865/2626)   Receiving objects:  72% (1891/2626)   Receiving objects:  73% (1917/2626)   Receiving objects:  74% (1944/2626)   Receiving objects:  75% (1970/2626)   Receiving objects:  76% (1996/2626)   Receiving objects:  77% (2023/2626)   Receiving objects:  78% (2049/2626)   Receiving objects:  79% (2075/2626)   Receiving objects:  80% (2101/2626)   Receiving objects:  81% (2128/2626)   remote: Total 2626 (delta 1012), reused 1476 (delta 579), pack-reused 0[K
Receiving objects:  82% (2154/2626)   Receiving objects:  83% (2180/2626)   Receiving objects:  84% (2206/2626)   Receiving objects:  85% (2233/2626)   Receiving objects:  86% (2259/2626)   Receiving objects:  87% (2285/2626)   Receiving objects:  88% (2311/2626)   Receiving objects:  89% (2338/2626)   Receiving objects:  90% (2364/2626)   Receiving objects:  91% (2390/2626)   Receiving objects:  92% (2416/2626)   Receiving objects:  93% (2443/2626)   Receiving objects:  94% (2469/2626)   Receiving objects:  95% (2495/2626)   Receiving objects:  96% (2521/2626)   Receiving objects:  97% (2548/2626)   Receiving objects:  98% (2574/2626)   Receiving objects:  99% (2600/2626)   Receiving objects: 100% (2626/2626)   Receiving objects: 100% (2626/2626), 3.62 MiB | 0 bytes/s, done.
Resolving deltas:   0% (0/1012)   Resolving deltas:   4% (49/1012)   Resolving deltas:   5% (51/1012)   Resolving deltas:   6% (61/1012)   Resolving deltas:   7% (80/1012)   Resolving deltas:   8% (81/1012)   Resolving deltas:  11% (117/1012)   Resolving deltas:  12% (127/1012)   Resolving deltas:  14% (145/1012)   Resolving deltas:  15% (157/1012)   Resolving deltas:  16% (162/1012)   Resolving deltas:  17% (173/1012)   Resolving deltas:  18% (183/1012)   Resolving deltas:  19% (199/1012)   Resolving deltas:  20% (205/1012)   Resolving deltas:  21% (213/1012)   Resolving deltas:  22% (223/1012)   Resolving deltas:  24% (246/1012)   Resolving deltas:  25% (255/1012)   Resolving deltas:  26% (264/1012)   Resolving deltas:  28% (291/1012)   Resolving deltas:  29% (295/1012)   Resolving deltas:  30% (304/1012)   Resolving deltas:  31% (321/1012)   Resolving deltas:  32% (326/1012)   Resolving deltas:  33% (334/1012)   Resolving deltas:  34% (347/1012)   Resolving deltas:  35% (356/1012)   Resolving deltas:  36% (369/1012)   Resolving deltas:  37% (376/1012)   Resolving deltas:  38% (385/1012)   Resolving deltas:  39% (397/1012)   Resolving deltas:  41% (423/1012)   Resolving deltas:  42% (426/1012)   Resolving deltas:  43% (441/1012)   Resolving deltas:  44% (446/1012)   Resolving deltas:  45% (456/1012)   Resolving deltas:  46% (466/1012)   Resolving deltas:  47% (477/1012)   Resolving deltas:  48% (486/1012)   Resolving deltas:  49% (496/1012)   Resolving deltas:  50% (506/1012)   Resolving deltas:  51% (518/1012)   Resolving deltas:  52% (527/1012)   Resolving deltas:  53% (537/1012)   Resolving deltas:  55% (566/1012)   Resolving deltas:  56% (568/1012)   Resolving deltas:  58% (588/1012)   Resolving deltas:  59% (607/1012)   Resolving deltas:  64% (657/1012)   Resolving deltas:  66% (670/1012)   Resolving deltas:  67% (686/1012)   Resolving deltas:  68% (689/1012)   Resolving deltas:  69% (699/1012)   Resolving deltas:  70% (709/1012)   Resolving deltas:  71% (720/1012)   Resolving deltas:  72% (731/1012)   Resolving deltas:  73% (744/1012)   Resolving deltas:  74% (753/1012)   Resolving deltas:  75% (759/1012)   Resolving deltas:  76% (771/1012)   Resolving deltas:  77% (780/1012)   Resolving deltas:  78% (790/1012)   Resolving deltas:  79% (800/1012)   Resolving deltas:  80% (810/1012)   Resolving deltas:  81% (823/1012)   Resolving deltas:  82% (830/1012)   Resolving deltas:  85% (865/1012)   Resolving deltas:  86% (873/1012)   Resolving deltas:  87% (881/1012)   Resolving deltas:  88% (891/1012)   Resolving deltas:  89% (901/1012)   Resolving deltas:  90% (914/1012)   Resolving deltas:  91% (925/1012)   Resolving deltas:  92% (932/1012)   Resolving deltas:  94% (956/1012)   Resolving deltas:  95% (964/1012)   Resolving deltas:  96% (974/1012)   Resolving deltas:  97% (982/1012)   Resolving deltas:  98% (992/1012)   Resolving deltas:  99% (1006/1012)   Resolving deltas: 100% (1012/1012)   Resolving deltas: 100% (1012/1012), done.
Checking connectivity... done.

travis_time:end:0cfe6f3a:start=1461328599248922764,finish=1461328600793025892,duration=1544103128[0K$ cd checkstyle/checkstyle
$ git checkout -qf 585738d956083eb27fb57a6e3f43c9c05ef43d70
travis_fold:end:git.checkout[0K
[33;1mThis job is running on container-based infrastructure, which does not allow use of 'sudo', setuid and setguid executables.[0m
[33;1mIf you require sudo, add 'sudo: required' to your .travis.yml[0m
[33;1mSee https://docs.travis-ci.com/user/workers/container-based-infrastructure/ for details.[0m

[33;1mSetting environment variables from repository settings[0m
$ export CI_DEPLOY_USERNAME=[secure]
$ export CI_DEPLOY_PASSWORD=[secure]
$ export GITHUB_AUTH_TOKEN=[secure]

[33;1mSetting environment variables from .travis.yml[0m
$ export DESC="tests and deploy"
$ export CMD="mvn clean integration-test failsafe:verify"
$ export COVERAGE_CMD=""
$ export DEPLOY="true"

$ jdk_switcher use oraclejdk8
Switching to Oracle JDK8 (java-8-oracle), JAVA_HOME will be set to /usr/lib/jvm/java-8-oracle
travis_fold:start:cache.1[0KSetting up build cache
$ export CASHER_DIR=$HOME/.casher
travis_time:start:231c0800[0K$ Installing caching utilities

travis_time:end:231c0800:start=1461328603802024702,finish=1461328603856890058,duration=54865356[0Ktravis_time:start:0eedd72a[0K
travis_time:end:0eedd72a:start=1461328603862694750,finish=1461328603866699942,duration=4005192[0Ktravis_time:start:0702dbb1[0K[32;1mattempting to download cache archive[0m
[32;1mfetching master/cache--jdk-oraclejdk8.tgz[0m
[32;1mfound cache[0m

travis_time:end:0702dbb1:start=1461328603871513890,finish=1461328606436345875,duration=2564831985[0Ktravis_time:start:055d7d5c[0K
travis_time:end:055d7d5c:start=1461328606440027578,finish=1461328606443121981,duration=3094403[0Ktravis_time:start:1c0730c0[0K[32;1madding /home/travis/.m2 to cache[0m

travis_time:end:1c0730c0:start=1461328606446748459,finish=1461328609336141600,duration=2889393141[0Ktravis_fold:end:cache.1[0K$ java -Xmx32m -version
java version "1.8.0_31"
Java(TM) SE Runtime Environment (build 1.8.0_31-b13)
Java HotSpot(TM) 64-Bit Server VM (build 25.31-b07, mixed mode)
$ javac -J-Xmx32m -version
javac 1.8.0_31
travis_fold:start:install[0Ktravis_time:start:12a5278c[0K$ 

travis_time:end:12a5278c:start=1461328609892444887,finish=1461328609895587546,duration=3142659[0Ktravis_fold:end:install[0Ktravis_time:start:0256d790[0K$ eval $CMD
Java HotSpot(TM) 64-Bit Server VM warning: ignoring option MaxPermSize=192m; support was removed in 8.0
[INFO] Scanning for projects...
[INFO] Inspecting build with total of 1 modules...
[INFO] Installing Nexus Staging features:
[INFO]   ... total of 1 executions of maven-deploy-plugin replaced with nexus-staging-maven-plugin
[INFO]                                                                         
[INFO] ------------------------------------------------------------------------
[INFO] Building checkstyle 6.18-SNAPSHOT
[INFO] ------------------------------------------------------------------------
Downloading: https://oss.sonatype.org/content/repositories/releases/junit/junit-dep/maven-metadata.xml
Downloading: https://repository.apache.org/releases/junit/junit-dep/maven-metadata.xml
Downloading: https://repository.apache.org/snapshots/junit/junit-dep/maven-metadata.xml
Downloading: http://repo.maven.apache.org/maven2/junit/junit-dep/maven-metadata.xml
563/563 B               Downloaded: http://repo.maven.apache.org/maven2/junit/junit-dep/maven-metadata.xml (563 B at 2.1 KB/sec)
Downloading: https://nexus.codehaus.org/snapshots/junit/junit-dep/maven-metadata.xml
            Downloading: https://oss.sonatype.org/content/repositories/snapshots/junit/junit-dep/maven-metadata.xml
563/563 B                           Downloaded: https://oss.sonatype.org/content/repositories/releases/junit/junit-dep/maven-metadata.xml (563 B at 0.3 KB/sec)
                        [WARNING] Could not transfer metadata junit:junit-dep/maven-metadata.xml from/to codehaus-snapshots (https://nexus.codehaus.org/snapshots/): nexus.codehaus.org: unknown error
[INFO] 
[INFO] --- maven-clean-plugin:3.0.0:clean (default-clean) @ checkstyle ---
[INFO] 
[INFO] --- maven-enforcer-plugin:1.4.1:enforce (enforce-maven) @ checkstyle ---
[INFO] 
[INFO] --- maven-enforcer-plugin:1.4.1:enforce (enforce-versions) @ checkstyle ---
[INFO] 
[INFO] --- antlr-maven-plugin:2.2:generate (default) @ checkstyle ---
[INFO] performing grammar generation [java.g]
ANTLR Parser Generator   Version 2.7.7 (20060906)   1989-2005
/home/travis/build/checkstyle/checkstyle/src/main/resources/com/puppycrawl/tools/checkstyle/grammars/java.g:632:9: warning:nondeterminism between alts 1 and 2 of block upon
/home/travis/build/checkstyle/checkstyle/src/main/resources/com/puppycrawl/tools/checkstyle/grammars/java.g:632:9:     k==1:AT
/home/travis/build/checkstyle/checkstyle/src/main/resources/com/puppycrawl/tools/checkstyle/grammars/java.g:632:9:     k==2:IDENT
/home/travis/build/checkstyle/checkstyle/src/main/resources/com/puppycrawl/tools/checkstyle/grammars/java.g:779:16: warning:nondeterminism between alts 1 and 2 of block upon
/home/travis/build/checkstyle/checkstyle/src/main/resources/com/puppycrawl/tools/checkstyle/grammars/java.g:779:16:     k==1:AT
/home/travis/build/checkstyle/checkstyle/src/main/resources/com/puppycrawl/tools/checkstyle/grammars/java.g:779:16:     k==2:IDENT
/home/travis/build/checkstyle/checkstyle/src/main/resources/com/puppycrawl/tools/checkstyle/grammars/java.g:815:61: warning:nondeterminism between alts 1 and 2 of block upon
/home/travis/build/checkstyle/checkstyle/src/main/resources/com/puppycrawl/tools/checkstyle/grammars/java.g:815:61:     k==1:SEMI
/home/travis/build/checkstyle/checkstyle/src/main/resources/com/puppycrawl/tools/checkstyle/grammars/java.g:815:61:     k==2:"final","abstract","strictfp",SEMI,"void","boolean","byte","char","short","int","float","long","double",IDENT,"private","public","protected","static","transient","native","synchronized","volatile","class","interface",LCURLY,RCURLY,"default",LT,ENUM,AT
/home/travis/build/checkstyle/checkstyle/src/main/resources/com/puppycrawl/tools/checkstyle/grammars/java.g:704:9: warning:nondeterminism between alts 1 and 2 of block upon
/home/travis/build/checkstyle/checkstyle/src/main/resources/com/puppycrawl/tools/checkstyle/grammars/java.g:704:9:     k==1:AT
/home/travis/build/checkstyle/checkstyle/src/main/resources/com/puppycrawl/tools/checkstyle/grammars/java.g:704:9:     k==2:IDENT
/home/travis/build/checkstyle/checkstyle/src/main/resources/com/puppycrawl/tools/checkstyle/grammars/java.g:960: warning:Syntactic predicate superfluous for single alternative
/home/travis/build/checkstyle/checkstyle/src/main/resources/com/puppycrawl/tools/checkstyle/grammars/java.g:986:31: warning:nondeterminism between alts 1 and 2 of block upon
/home/travis/build/checkstyle/checkstyle/src/main/resources/com/puppycrawl/tools/checkstyle/grammars/java.g:986:31:     k==1:IDENT
/home/travis/build/checkstyle/checkstyle/src/main/resources/com/puppycrawl/tools/checkstyle/grammars/java.g:986:31:     k==2:LBRACK
/home/travis/build/checkstyle/checkstyle/src/main/resources/com/puppycrawl/tools/checkstyle/grammars/java.g:1042:84: warning:nondeterminism between alts 1 and 2 of block upon
/home/travis/build/checkstyle/checkstyle/src/main/resources/com/puppycrawl/tools/checkstyle/grammars/java.g:1042:84:     k==1:SEMI
/home/travis/build/checkstyle/checkstyle/src/main/resources/com/puppycrawl/tools/checkstyle/grammars/java.g:1042:84:     k==2:"final","abstract","strictfp",SEMI,"void","boolean","byte","char","short","int","float","long","double",IDENT,STAR,"private","public","protected","static","transient","native","synchronized","volatile","class",LCURLY,RCURLY,LPAREN,RPAREN,"this","super",COLON,"if","while","do","break","continue","return","switch","throw","for","else","case","default","try",LT,GT,LE,GE,"instanceof",SL,SR,BSR,PLUS,MINUS,DIV,MOD,INC,DEC,BNOT,LNOT,"true","false","null","new",NUM_INT,CHAR_LITERAL,STRING_LITERAL,NUM_FLOAT,NUM_LONG,NUM_DOUBLE,ASSERT,AT
/home/travis/build/checkstyle/checkstyle/src/main/resources/com/puppycrawl/tools/checkstyle/grammars/java.g:1142:9: warning:nondeterminism between alts 1 and 2 of block upon
/home/travis/build/checkstyle/checkstyle/src/main/resources/com/puppycrawl/tools/checkstyle/grammars/java.g:1142:9:     k==1:"default"
/home/travis/build/checkstyle/checkstyle/src/main/resources/com/puppycrawl/tools/checkstyle/grammars/java.g:1142:9:     k==2:"final","abstract","strictfp",SEMI,"void","boolean","byte","char","short","int","float","long","double",IDENT,STAR,"private","public","protected","static","transient","native","synchronized","volatile","class",LCURLY,RCURLY,LPAREN,RPAREN,"this","super",COLON,"if","while","do","break","continue","return","switch","throw","for","case","default","try",LT,GT,LE,GE,"instanceof",SL,SR,BSR,PLUS,MINUS,DIV,MOD,INC,DEC,BNOT,LNOT,"true","false","null","new",NUM_INT,CHAR_LITERAL,STRING_LITERAL,NUM_FLOAT,NUM_LONG,NUM_DOUBLE,ASSERT,AT
/home/travis/build/checkstyle/checkstyle/src/main/resources/com/puppycrawl/tools/checkstyle/grammars/java.g:1350:26: warning:nondeterminism between alts 1 and 2 of block upon
/home/travis/build/checkstyle/checkstyle/src/main/resources/com/puppycrawl/tools/checkstyle/grammars/java.g:1350:26:     k==1:"instanceof"
/home/travis/build/checkstyle/checkstyle/src/main/resources/com/puppycrawl/tools/checkstyle/grammars/java.g:1350:26:     k==2:"void","boolean","byte","char","short","int","float","long","double",IDENT,AT
/home/travis/build/checkstyle/checkstyle/src/main/resources/com/puppycrawl/tools/checkstyle/grammars/java.g:1365: warning:nondeterminism upon
/home/travis/build/checkstyle/checkstyle/src/main/resources/com/puppycrawl/tools/checkstyle/grammars/java.g:1365:     k==1:SL,SR,BSR
/home/travis/build/checkstyle/checkstyle/src/main/resources/com/puppycrawl/tools/checkstyle/grammars/java.g:1365:     k==2:"void","boolean","byte","char","short","int","float","long","double",IDENT,LPAREN,"this","super",PLUS,MINUS,INC,DEC,BNOT,LNOT,"true","false","null","new",NUM_INT,CHAR_LITERAL,STRING_LITERAL,NUM_FLOAT,NUM_LONG,NUM_DOUBLE,AT
/home/travis/build/checkstyle/checkstyle/src/main/resources/com/puppycrawl/tools/checkstyle/grammars/java.g:1365:     between alt 1 and exit branch of block
/home/travis/build/checkstyle/checkstyle/src/main/resources/com/puppycrawl/tools/checkstyle/grammars/java.g:1378: warning:nondeterminism upon
/home/travis/build/checkstyle/checkstyle/src/main/resources/com/puppycrawl/tools/checkstyle/grammars/java.g:1378:     k==1:STAR,DIV,MOD
/home/travis/build/checkstyle/checkstyle/src/main/resources/com/puppycrawl/tools/checkstyle/grammars/java.g:1378:     k==2:"void","boolean","byte","char","short","int","float","long","double",IDENT,LPAREN,"this","super",PLUS,MINUS,INC,DEC,BNOT,LNOT,"true","false","null","new",NUM_INT,CHAR_LITERAL,STRING_LITERAL,NUM_FLOAT,NUM_LONG,NUM_DOUBLE,AT
/home/travis/build/checkstyle/checkstyle/src/main/resources/com/puppycrawl/tools/checkstyle/grammars/java.g:1378:     between alt 1 and exit branch of block
/home/travis/build/checkstyle/checkstyle/src/main/resources/com/puppycrawl/tools/checkstyle/grammars/java.g:1476:9: warning:nondeterminism between alts 1 and 3 of block upon
/home/travis/build/checkstyle/checkstyle/src/main/resources/com/puppycrawl/tools/checkstyle/grammars/java.g:1476:9:     k==1:INC
/home/travis/build/checkstyle/checkstyle/src/main/resources/com/puppycrawl/tools/checkstyle/grammars/java.g:1476:9:     k==2:"final","abstract","strictfp",SEMI,RBRACK,"void","boolean","byte","char","short","int","float","long","double",IDENT,STAR,"private","public","protected","static","transient","native","synchronized","volatile","class","interface",LCURLY,RCURLY,COMMA,LPAREN,RPAREN,"this","super",ASSIGN,COLON,"if","while","do","break","continue","return","switch","throw","for","else","case","default","try",PLUS_ASSIGN,MINUS_ASSIGN,STAR_ASSIGN,DIV_ASSIGN,MOD_ASSIGN,SR_ASSIGN,BSR_ASSIGN,SL_ASSIGN,BAND_ASSIGN,BXOR_ASSIGN,BOR_ASSIGN,QUESTION,LOR,LAND,BOR,BXOR,BAND,NOT_EQUAL,EQUAL,LT,GT,LE,GE,"instanceof",SL,SR,BSR,PLUS,MINUS,DIV,MOD,INC,DEC,BNOT,LNOT,"true","false","null","new",NUM_INT,CHAR_LITERAL,STRING_LITERAL,NUM_FLOAT,NUM_LONG,NUM_DOUBLE,ASSERT,ENUM,AT
/home/travis/build/checkstyle/checkstyle/src/main/resources/com/puppycrawl/tools/checkstyle/grammars/java.g:1476:9: warning:nondeterminism between alts 2 and 3 of block upon
/home/travis/build/checkstyle/checkstyle/src/main/resources/com/puppycrawl/tools/checkstyle/grammars/java.g:1476:9:     k==1:DEC
/home/travis/build/checkstyle/checkstyle/src/main/resources/com/puppycrawl/tools/checkstyle/grammars/java.g:1476:9:     k==2:"final","abstract","strictfp",SEMI,RBRACK,"void","boolean","byte","char","short","int","float","long","double",IDENT,STAR,"private","public","protected","static","transient","native","synchronized","volatile","class","interface",LCURLY,RCURLY,COMMA,LPAREN,RPAREN,"this","super",ASSIGN,COLON,"if","while","do","break","continue","return","switch","throw","for","else","case","default","try",PLUS_ASSIGN,MINUS_ASSIGN,STAR_ASSIGN,DIV_ASSIGN,MOD_ASSIGN,SR_ASSIGN,BSR_ASSIGN,SL_ASSIGN,BAND_ASSIGN,BXOR_ASSIGN,BOR_ASSIGN,QUESTION,LOR,LAND,BOR,BXOR,BAND,NOT_EQUAL,EQUAL,LT,GT,LE,GE,"instanceof",SL,SR,BSR,PLUS,MINUS,DIV,MOD,INC,DEC,BNOT,LNOT,"true","false","null","new",NUM_INT,CHAR_LITERAL,STRING_LITERAL,NUM_FLOAT,NUM_LONG,NUM_DOUBLE,ASSERT,ENUM,AT
/home/travis/build/checkstyle/checkstyle/src/main/resources/com/puppycrawl/tools/checkstyle/grammars/java.g:1556:36: warning:nondeterminism between alts 1 and 2 of block upon
/home/travis/build/checkstyle/checkstyle/src/main/resources/com/puppycrawl/tools/checkstyle/grammars/java.g:1556:36:     k==1:LCURLY
/home/travis/build/checkstyle/checkstyle/src/main/resources/com/puppycrawl/tools/checkstyle/grammars/java.g:1556:36:     k==2:"final","abstract","strictfp",SEMI,"void","boolean","byte","char","short","int","float","long","double",IDENT,"private","public","protected","static","transient","native","synchronized","volatile","class","interface",LCURLY,RCURLY,"default",LT,ENUM,AT
/home/travis/build/checkstyle/checkstyle/src/main/resources/com/puppycrawl/tools/checkstyle/grammars/java.g:1566:33: warning:nondeterminism between alts 1 and 2 of block upon
/home/travis/build/checkstyle/checkstyle/src/main/resources/com/puppycrawl/tools/checkstyle/grammars/java.g:1566:33:     k==1:LCURLY
/home/travis/build/checkstyle/checkstyle/src/main/resources/com/puppycrawl/tools/checkstyle/grammars/java.g:1566:33:     k==2:"void","boolean","byte","char","short","int","float","long","double",IDENT,LCURLY,RCURLY,COMMA,LPAREN,"this","super",PLUS,MINUS,INC,DEC,BNOT,LNOT,"true","false","null","new",NUM_INT,CHAR_LITERAL,STRING_LITERAL,NUM_FLOAT,NUM_LONG,NUM_DOUBLE,AT
/home/travis/build/checkstyle/checkstyle/src/main/resources/com/puppycrawl/tools/checkstyle/grammars/java.g:1609:17: warning:nondeterminism between alts 1 and 2 of block upon
/home/travis/build/checkstyle/checkstyle/src/main/resources/com/puppycrawl/tools/checkstyle/grammars/java.g:1609:17:     k==1:RPAREN
/home/travis/build/checkstyle/checkstyle/src/main/resources/com/puppycrawl/tools/checkstyle/grammars/java.g:1609:17:     k==2:LAMBDA

[INFO] 
[INFO] --- antlr4-maven-plugin:4.5.3:antlr4 (default) @ checkstyle ---
[INFO] ANTLR 4: Processing source directory /home/travis/build/checkstyle/checkstyle/src/main/resources
[INFO] Processing grammar: com/puppycrawl/tools/checkstyle/grammars/javadoc/JavadocLexer.g4
[INFO] Processing grammar: com/puppycrawl/tools/checkstyle/grammars/javadoc/JavadocParser.g4
[INFO] 
[INFO] --- build-helper-maven-plugin:1.10:add-source (add-source) @ checkstyle ---
[INFO] Source directory: /home/travis/build/checkstyle/checkstyle/target/generated-sources/antlr added.
[INFO] 
[INFO] --- maven-resources-plugin:2.7:resources (default-resources) @ checkstyle ---
[INFO] Using 'UTF-8' encoding to copy filtered resources.
[INFO] Copying 161 resources
[INFO] Copying 1 resource
[INFO] 
[INFO] --- build-helper-maven-plugin:1.10:add-test-source (add-test-source) @ checkstyle ---
[INFO] Test Source directory: /home/travis/build/checkstyle/checkstyle/src/test/resources added.
[INFO] 
[INFO] --- build-helper-maven-plugin:1.10:add-test-source (add-it-test-source) @ checkstyle ---
[INFO] Test Source directory: /home/travis/build/checkstyle/checkstyle/src/it/java added.
[INFO] 
[INFO] --- build-helper-maven-plugin:1.10:add-test-source (add-it-test-resource) @ checkstyle ---
[INFO] Test Source directory: /home/travis/build/checkstyle/checkstyle/src/it/resources added.
[INFO] 
[INFO] --- maven-compiler-plugin:3.5.1:compile (default-compile) @ checkstyle ---
[INFO] Changes detected - recompiling the module!
[INFO] Compiling 343 source files to /home/travis/build/checkstyle/checkstyle/target/classes
[INFO] /home/travis/build/checkstyle/checkstyle/src/main/java/com/puppycrawl/tools/checkstyle/checks/javadoc/JavadocMethodCheck.java: /home/travis/build/checkstyle/checkstyle/src/main/java/com/puppycrawl/tools/checkstyle/checks/javadoc/JavadocMethodCheck.java uses or overrides a deprecated API.
[INFO] /home/travis/build/checkstyle/checkstyle/src/main/java/com/puppycrawl/tools/checkstyle/checks/javadoc/JavadocMethodCheck.java: Recompile with -Xlint:deprecation for details.
[INFO] /home/travis/build/checkstyle/checkstyle/src/main/java/com/puppycrawl/tools/checkstyle/api/AutomaticBean.java: Some input files use unchecked or unsafe operations.
[INFO] /home/travis/build/checkstyle/checkstyle/src/main/java/com/puppycrawl/tools/checkstyle/api/AutomaticBean.java: Recompile with -Xlint:unchecked for details.
[INFO] 
[INFO] --- maven-antrun-plugin:1.8:run (ant-phase-compile) @ checkstyle ---
[INFO] Executing tasks

main:

execute:
[propertyfile] Creating new property file: /home/travis/build/checkstyle/checkstyle/target/classes/checkstylecompilation.properties
  [javadoc] Generating Javadoc
  [javadoc] Javadoc execution
  [javadoc] Loading source file /home/travis/build/checkstyle/checkstyle/src/main/java/com/puppycrawl/tools/checkstyle/api/TokenTypes.java...
  [javadoc] Constructing Javadoc information...
[INFO] Executed tasks
[INFO] 
[INFO] --- maven-resources-plugin:2.7:testResources (default-testResources) @ checkstyle ---
[INFO] Using 'UTF-8' encoding to copy filtered resources.
[INFO] Copying 621 resources
[INFO] 
[INFO] --- maven-compiler-plugin:3.5.1:testCompile (default-testCompile) @ checkstyle ---
[INFO] Changes detected - recompiling the module!
[INFO] Compiling 910 source files to /home/travis/build/checkstyle/checkstyle/target/test-classes
[INFO] /home/travis/build/checkstyle/checkstyle/src/test/java/com/puppycrawl/tools/checkstyle/checks/javadoc/AbstractTypeAwareCheckTest.java: Some input files use or override a deprecated API.
[INFO] /home/travis/build/checkstyle/checkstyle/src/test/java/com/puppycrawl/tools/checkstyle/checks/javadoc/AbstractTypeAwareCheckTest.java: Recompile with -Xlint:deprecation for details.
[INFO] 
[INFO] --- maven-surefire-plugin:2.19.1:test (default-test) @ checkstyle ---

-------------------------------------------------------
 T E S T S
-------------------------------------------------------
Running com.puppycrawl.tools.checkstyle.ant.CheckstyleAntTaskTest
Tests run: 27, Failures: 0, Errors: 0, Skipped: 0, Time elapsed: 2.622 sec - in com.puppycrawl.tools.checkstyle.ant.CheckstyleAntTaskTest
Running com.puppycrawl.tools.checkstyle.api.LineColumnTest
Tests run: 4, Failures: 0, Errors: 0, Skipped: 0, Time elapsed: 1.594 sec - in com.puppycrawl.tools.checkstyle.api.LineColumnTest
Running com.puppycrawl.tools.checkstyle.api.TokenTypesTest
Tests run: 2, Failures: 0, Errors: 0, Skipped: 0, Time elapsed: 0.018 sec - in com.puppycrawl.tools.checkstyle.api.TokenTypesTest
Running com.puppycrawl.tools.checkstyle.api.AbstractCheckTest
Tests run: 3, Failures: 0, Errors: 0, Skipped: 0, Time elapsed: 0.005 sec - in com.puppycrawl.tools.checkstyle.api.AbstractCheckTest
Running com.puppycrawl.tools.checkstyle.api.DetailASTTest
Tests run: 4, Failures: 0, Errors: 0, Skipped: 0, Time elapsed: 5.975 sec - in com.puppycrawl.tools.checkstyle.api.DetailASTTest
Running com.puppycrawl.tools.checkstyle.api.LocalizedMessagesTest
Tests run: 1, Failures: 0, Errors: 0, Skipped: 0, Time elapsed: 0.012 sec - in com.puppycrawl.tools.checkstyle.api.LocalizedMessagesTest
Running com.puppycrawl.tools.checkstyle.api.AbstractViolationReporterTest
Tests run: 6, Failures: 0, Errors: 0, Skipped: 0, Time elapsed: 0 sec - in com.puppycrawl.tools.checkstyle.api.AbstractViolationReporterTest
Running com.puppycrawl.tools.checkstyle.api.ScopeTest
Tests run: 10, Failures: 0, Errors: 0, Skipped: 0, Time elapsed: 0.002 sec - in com.puppycrawl.tools.checkstyle.api.ScopeTest
Running com.puppycrawl.tools.checkstyle.api.LocalizedMessageTest
Tests run: 9, Failures: 0, Errors: 0, Skipped: 0, Time elapsed: 0.758 sec - in com.puppycrawl.tools.checkstyle.api.LocalizedMessageTest
Running com.puppycrawl.tools.checkstyle.api.FileContentsTest
Tests run: 3, Failures: 0, Errors: 0, Skipped: 0, Time elapsed: 0 sec - in com.puppycrawl.tools.checkstyle.api.FileContentsTest
Running com.puppycrawl.tools.checkstyle.api.JavadocTokenTypesTest
Tests run: 1, Failures: 0, Errors: 0, Skipped: 0, Time elapsed: 0.001 sec - in com.puppycrawl.tools.checkstyle.api.JavadocTokenTypesTest
Running com.puppycrawl.tools.checkstyle.api.FullIdentTest
Tests run: 1, Failures: 0, Errors: 0, Skipped: 0, Time elapsed: 0.001 sec - in com.puppycrawl.tools.checkstyle.api.FullIdentTest
Running com.puppycrawl.tools.checkstyle.api.AutomaticBeanTest
Tests run: 7, Failures: 0, Errors: 0, Skipped: 0, Time elapsed: 0.002 sec - in com.puppycrawl.tools.checkstyle.api.AutomaticBeanTest
Running com.puppycrawl.tools.checkstyle.api.SeverityLevelTest
Tests run: 4, Failures: 0, Errors: 0, Skipped: 0, Time elapsed: 0.01 sec - in com.puppycrawl.tools.checkstyle.api.SeverityLevelTest
Running com.puppycrawl.tools.checkstyle.api.SeverityLevelCounterTest
Tests run: 3, Failures: 0, Errors: 0, Skipped: 0, Time elapsed: 0.009 sec - in com.puppycrawl.tools.checkstyle.api.SeverityLevelCounterTest
Running com.puppycrawl.tools.checkstyle.api.CheckTest
Tests run: 1, Failures: 0, Errors: 0, Skipped: 0, Time elapsed: 0.001 sec - in com.puppycrawl.tools.checkstyle.api.CheckTest
Running com.puppycrawl.tools.checkstyle.api.FileTextTest
Tests run: 4, Failures: 0, Errors: 0, Skipped: 0, Time elapsed: 0.035 sec - in com.puppycrawl.tools.checkstyle.api.FileTextTest
Running com.puppycrawl.tools.checkstyle.checks.annotation.SuppressWarningsCheckTest
Tests run: 24, Failures: 0, Errors: 0, Skipped: 0, Time elapsed: 0.806 sec - in com.puppycrawl.tools.checkstyle.checks.annotation.SuppressWarningsCheckTest
Running com.puppycrawl.tools.checkstyle.checks.annotation.AnnotationLocationCheckTest
Tests run: 8, Failures: 0, Errors: 0, Skipped: 0, Time elapsed: 0.147 sec - in com.puppycrawl.tools.checkstyle.checks.annotation.AnnotationLocationCheckTest
Running com.puppycrawl.tools.checkstyle.checks.annotation.MissingDeprecatedCheckTest
Tests run: 8, Failures: 0, Errors: 0, Skipped: 0, Time elapsed: 0.093 sec - in com.puppycrawl.tools.checkstyle.checks.annotation.MissingDeprecatedCheckTest
Running com.puppycrawl.tools.checkstyle.checks.annotation.MissingOverrideCheckTest
Tests run: 14, Failures: 0, Errors: 0, Skipped: 0, Time elapsed: 0.099 sec - in com.puppycrawl.tools.checkstyle.checks.annotation.MissingOverrideCheckTest
Running com.puppycrawl.tools.checkstyle.checks.annotation.PackageAnnotationCheckTest
Tests run: 4, Failures: 0, Errors: 0, Skipped: 0, Time elapsed: 0.023 sec - in com.puppycrawl.tools.checkstyle.checks.annotation.PackageAnnotationCheckTest
Running com.puppycrawl.tools.checkstyle.checks.annotation.AnnotationUseStyleCheckTest
Tests run: 17, Failures: 0, Errors: 0, Skipped: 0, Time elapsed: 0.104 sec - in com.puppycrawl.tools.checkstyle.checks.annotation.AnnotationUseStyleCheckTest
Running com.puppycrawl.tools.checkstyle.checks.blocks.LeftCurlyCheckTest
Tests run: 21, Failures: 0, Errors: 0, Skipped: 0, Time elapsed: 0.244 sec - in com.puppycrawl.tools.checkstyle.checks.blocks.LeftCurlyCheckTest
Running com.puppycrawl.tools.checkstyle.checks.blocks.RightCurlyCheckTest
Tests run: 16, Failures: 0, Errors: 0, Skipped: 0, Time elapsed: 0.292 sec - in com.puppycrawl.tools.checkstyle.checks.blocks.RightCurlyCheckTest
Running com.puppycrawl.tools.checkstyle.checks.blocks.EmptyCatchBlockCheckTest
Tests run: 4, Failures: 0, Errors: 0, Skipped: 0, Time elapsed: 0.065 sec - in com.puppycrawl.tools.checkstyle.checks.blocks.EmptyCatchBlockCheckTest
Running com.puppycrawl.tools.checkstyle.checks.blocks.AvoidNestedBlocksCheckTest
Tests run: 4, Failures: 0, Errors: 0, Skipped: 0, Time elapsed: 0.035 sec - in com.puppycrawl.tools.checkstyle.checks.blocks.AvoidNestedBlocksCheckTest
Running com.puppycrawl.tools.checkstyle.checks.blocks.EmptyBlockCheckTest
Tests run: 7, Failures: 0, Errors: 0, Skipped: 0, Time elapsed: 0.12 sec - in com.puppycrawl.tools.checkstyle.checks.blocks.EmptyBlockCheckTest
Running com.puppycrawl.tools.checkstyle.checks.blocks.NeedBracesCheckTest
Tests run: 8, Failures: 0, Errors: 0, Skipped: 0, Time elapsed: 0.206 sec - in com.puppycrawl.tools.checkstyle.checks.blocks.NeedBracesCheckTest
Running com.puppycrawl.tools.checkstyle.checks.coding.FinalLocalVariableCheckTest
Tests run: 10, Failures: 0, Errors: 0, Skipped: 0, Time elapsed: 0.208 sec - in com.puppycrawl.tools.checkstyle.checks.coding.FinalLocalVariableCheckTest
Running com.puppycrawl.tools.checkstyle.checks.coding.OverloadMethodsDeclarationOrderCheckTest
Tests run: 2, Failures: 0, Errors: 0, Skipped: 0, Time elapsed: 0.015 sec - in com.puppycrawl.tools.checkstyle.checks.coding.OverloadMethodsDeclarationOrderCheckTest
Running com.puppycrawl.tools.checkstyle.checks.coding.AvoidInlineConditionalsCheckTest
Tests run: 2, Failures: 0, Errors: 0, Skipped: 0, Time elapsed: 0.011 sec - in com.puppycrawl.tools.checkstyle.checks.coding.AvoidInlineConditionalsCheckTest
Running com.puppycrawl.tools.checkstyle.checks.coding.UnnecessaryParenthesesCheckTest
Tests run: 3, Failures: 0, Errors: 0, Skipped: 0, Time elapsed: 0.049 sec - in com.puppycrawl.tools.checkstyle.checks.coding.UnnecessaryParenthesesCheckTest
Running com.puppycrawl.tools.checkstyle.checks.coding.NoFinalizerCheckTest
Tests run: 2, Failures: 0, Errors: 0, Skipped: 0, Time elapsed: 0.051 sec - in com.puppycrawl.tools.checkstyle.checks.coding.NoFinalizerCheckTest
Running com.puppycrawl.tools.checkstyle.checks.coding.MultipleVariableDeclarationsCheckTest
Tests run: 2, Failures: 0, Errors: 0, Skipped: 0, Time elapsed: 0.063 sec - in com.puppycrawl.tools.checkstyle.checks.coding.MultipleVariableDeclarationsCheckTest
Running com.puppycrawl.tools.checkstyle.checks.coding.SimplifyBooleanReturnCheckTest
Tests run: 2, Failures: 0, Errors: 0, Skipped: 0, Time elapsed: 0.016 sec - in com.puppycrawl.tools.checkstyle.checks.coding.SimplifyBooleanReturnCheckTest
Running com.puppycrawl.tools.checkstyle.checks.coding.NestedForDepthCheckTest
Tests run: 3, Failures: 0, Errors: 0, Skipped: 0, Time elapsed: 0.009 sec - in com.puppycrawl.tools.checkstyle.checks.coding.NestedForDepthCheckTest
Running com.puppycrawl.tools.checkstyle.checks.coding.PackageDeclarationCheckTest
Tests run: 4, Failures: 0, Errors: 0, Skipped: 0, Time elapsed: 0.019 sec - in com.puppycrawl.tools.checkstyle.checks.coding.PackageDeclarationCheckTest
Running com.puppycrawl.tools.checkstyle.checks.coding.MagicNumberCheckTest
Tests run: 8, Failures: 0, Errors: 0, Skipped: 0, Time elapsed: 0.304 sec - in com.puppycrawl.tools.checkstyle.checks.coding.MagicNumberCheckTest
Running com.puppycrawl.tools.checkstyle.checks.coding.ReturnCountCheckTest
Tests run: 7, Failures: 0, Errors: 0, Skipped: 0, Time elapsed: 0.053 sec - in com.puppycrawl.tools.checkstyle.checks.coding.ReturnCountCheckTest
Running com.puppycrawl.tools.checkstyle.checks.coding.HiddenFieldCheckTest
Tests run: 10, Failures: 0, Errors: 0, Skipped: 0, Time elapsed: 0.153 sec - in com.puppycrawl.tools.checkstyle.checks.coding.HiddenFieldCheckTest
Running com.puppycrawl.tools.checkstyle.checks.coding.DeclarationOrderCheckTest
Tests run: 8, Failures: 0, Errors: 0, Skipped: 0, Time elapsed: 0.123 sec - in com.puppycrawl.tools.checkstyle.checks.coding.DeclarationOrderCheckTest
Running com.puppycrawl.tools.checkstyle.checks.coding.SimplifyBooleanExpressionCheckTest
Tests run: 2, Failures: 0, Errors: 0, Skipped: 0, Time elapsed: 0.04 sec - in com.puppycrawl.tools.checkstyle.checks.coding.SimplifyBooleanExpressionCheckTest
Running com.puppycrawl.tools.checkstyle.checks.coding.DefaultComesLastCheckTest
Tests run: 3, Failures: 0, Errors: 0, Skipped: 0, Time elapsed: 0.014 sec - in com.puppycrawl.tools.checkstyle.checks.coding.DefaultComesLastCheckTest
Running com.puppycrawl.tools.checkstyle.checks.coding.EmptyStatementCheckTest
Tests run: 2, Failures: 0, Errors: 0, Skipped: 0, Time elapsed: 0.018 sec - in com.puppycrawl.tools.checkstyle.checks.coding.EmptyStatementCheckTest
Running com.puppycrawl.tools.checkstyle.checks.coding.ExplicitInitializationCheckTest
Tests run: 2, Failures: 0, Errors: 0, Skipped: 0, Time elapsed: 0.021 sec - in com.puppycrawl.tools.checkstyle.checks.coding.ExplicitInitializationCheckTest
Running com.puppycrawl.tools.checkstyle.checks.coding.MissingSwitchDefaultCheckTest
Tests run: 2, Failures: 0, Errors: 0, Skipped: 0, Time elapsed: 0.008 sec - in com.puppycrawl.tools.checkstyle.checks.coding.MissingSwitchDefaultCheckTest
Running com.puppycrawl.tools.checkstyle.checks.coding.IllegalTypeCheckTest
Tests run: 13, Failures: 0, Errors: 0, Skipped: 0, Time elapsed: 0.072 sec - in com.puppycrawl.tools.checkstyle.checks.coding.IllegalTypeCheckTest
Running com.puppycrawl.tools.checkstyle.checks.coding.NoCloneCheckTest
Tests run: 2, Failures: 0, Errors: 0, Skipped: 0, Time elapsed: 0.008 sec - in com.puppycrawl.tools.checkstyle.checks.coding.NoCloneCheckTest
Running com.puppycrawl.tools.checkstyle.checks.coding.EqualsAvoidNullCheckTest
Tests run: 3, Failures: 0, Errors: 0, Skipped: 0, Time elapsed: 0.041 sec - in com.puppycrawl.tools.checkstyle.checks.coding.EqualsAvoidNullCheckTest
Running com.puppycrawl.tools.checkstyle.checks.coding.SuperFinalizeCheckTest
Tests run: 1, Failures: 0, Errors: 0, Skipped: 0, Time elapsed: 0.007 sec - in com.puppycrawl.tools.checkstyle.checks.coding.SuperFinalizeCheckTest
Running com.puppycrawl.tools.checkstyle.checks.coding.VariableDeclarationUsageDistanceCheckTest
Tests run: 7, Failures: 0, Errors: 0, Skipped: 0, Time elapsed: 0.274 sec - in com.puppycrawl.tools.checkstyle.checks.coding.VariableDeclarationUsageDistanceCheckTest
Running com.puppycrawl.tools.checkstyle.checks.coding.NestedIfDepthCheckTest
Tests run: 3, Failures: 0, Errors: 0, Skipped: 0, Time elapsed: 0.027 sec - in com.puppycrawl.tools.checkstyle.checks.coding.NestedIfDepthCheckTest
Running com.puppycrawl.tools.checkstyle.checks.coding.IllegalTokenCheckTest
Tests run: 3, Failures: 0, Errors: 0, Skipped: 0, Time elapsed: 0.036 sec - in com.puppycrawl.tools.checkstyle.checks.coding.IllegalTokenCheckTest
Running com.puppycrawl.tools.checkstyle.checks.coding.MissingCtorCheckTest
Tests run: 2, Failures: 0, Errors: 0, Skipped: 0, Time elapsed: 0.008 sec - in com.puppycrawl.tools.checkstyle.checks.coding.MissingCtorCheckTest
Running com.puppycrawl.tools.checkstyle.checks.coding.IllegalInstantiationCheckTest
Tests run: 8, Failures: 0, Errors: 0, Skipped: 0, Time elapsed: 0.023 sec - in com.puppycrawl.tools.checkstyle.checks.coding.IllegalInstantiationCheckTest
Running com.puppycrawl.tools.checkstyle.checks.coding.ArrayTrailingCommaCheckTest
Tests run: 2, Failures: 0, Errors: 0, Skipped: 0, Time elapsed: 0.006 sec - in com.puppycrawl.tools.checkstyle.checks.coding.ArrayTrailingCommaCheckTest
Running com.puppycrawl.tools.checkstyle.checks.coding.MultipleStringLiteralsCheckTest
Tests run: 7, Failures: 0, Errors: 0, Skipped: 0, Time elapsed: 0.031 sec - in com.puppycrawl.tools.checkstyle.checks.coding.MultipleStringLiteralsCheckTest
Running com.puppycrawl.tools.checkstyle.checks.coding.NestedTryDepthCheckTest
Tests run: 3, Failures: 0, Errors: 0, Skipped: 0, Time elapsed: 0.009 sec - in com.puppycrawl.tools.checkstyle.checks.coding.NestedTryDepthCheckTest
Running com.puppycrawl.tools.checkstyle.checks.coding.InnerAssignmentCheckTest
Tests run: 3, Failures: 0, Errors: 0, Skipped: 0, Time elapsed: 0.042 sec - in com.puppycrawl.tools.checkstyle.checks.coding.InnerAssignmentCheckTest
Running com.puppycrawl.tools.checkstyle.checks.coding.FallThroughCheckTest
Tests run: 5, Failures: 0, Errors: 0, Skipped: 0, Time elapsed: 0.065 sec - in com.puppycrawl.tools.checkstyle.checks.coding.FallThroughCheckTest
Running com.puppycrawl.tools.checkstyle.checks.coding.IllegalCatchCheckTest
Tests run: 5, Failures: 0, Errors: 0, Skipped: 0, Time elapsed: 0.029 sec - in com.puppycrawl.tools.checkstyle.checks.coding.IllegalCatchCheckTest
Running com.puppycrawl.tools.checkstyle.checks.coding.CovariantEqualsCheckTest
Tests run: 2, Failures: 0, Errors: 0, Skipped: 0, Time elapsed: 0.008 sec - in com.puppycrawl.tools.checkstyle.checks.coding.CovariantEqualsCheckTest
Running com.puppycrawl.tools.checkstyle.checks.coding.ParameterAssignmentCheckTest
Tests run: 3, Failures: 0, Errors: 0, Skipped: 0, Time elapsed: 0.011 sec - in com.puppycrawl.tools.checkstyle.checks.coding.ParameterAssignmentCheckTest
Running com.puppycrawl.tools.checkstyle.checks.coding.OneStatementPerLineCheckTest
Tests run: 4, Failures: 0, Errors: 0, Skipped: 0, Time elapsed: 0.027 sec - in com.puppycrawl.tools.checkstyle.checks.coding.OneStatementPerLineCheckTest
Running com.puppycrawl.tools.checkstyle.checks.coding.SuperCloneCheckTest
Tests run: 3, Failures: 0, Errors: 0, Skipped: 0, Time elapsed: 0.012 sec - in com.puppycrawl.tools.checkstyle.checks.coding.SuperCloneCheckTest
Running com.puppycrawl.tools.checkstyle.checks.coding.ModifiedControlVariableCheckTest
Tests run: 5, Failures: 0, Errors: 0, Skipped: 0, Time elapsed: 0.019 sec - in com.puppycrawl.tools.checkstyle.checks.coding.ModifiedControlVariableCheckTest
Running com.puppycrawl.tools.checkstyle.checks.coding.IllegalThrowsCheckTest
Tests run: 7, Failures: 0, Errors: 0, Skipped: 0, Time elapsed: 0.032 sec - in com.puppycrawl.tools.checkstyle.checks.coding.IllegalThrowsCheckTest
Running com.puppycrawl.tools.checkstyle.checks.coding.IllegalTokenTextCheckTest
Tests run: 5, Failures: 0, Errors: 0, Skipped: 0, Time elapsed: 0.022 sec - in com.puppycrawl.tools.checkstyle.checks.coding.IllegalTokenTextCheckTest
Running com.puppycrawl.tools.checkstyle.checks.coding.RequireThisCheckTest
Tests run: 10, Failures: 0, Errors: 0, Skipped: 0, Time elapsed: 0.16 sec - in com.puppycrawl.tools.checkstyle.checks.coding.RequireThisCheckTest
Running com.puppycrawl.tools.checkstyle.checks.coding.EqualsHashCodeCheckTest
Tests run: 3, Failures: 0, Errors: 0, Skipped: 0, Time elapsed: 0.012 sec - in com.puppycrawl.tools.checkstyle.checks.coding.EqualsHashCodeCheckTest
Running com.puppycrawl.tools.checkstyle.checks.coding.StringLiteralEqualityCheckTest
Tests run: 2, Failures: 0, Errors: 0, Skipped: 0, Time elapsed: 0.006 sec - in com.puppycrawl.tools.checkstyle.checks.coding.StringLiteralEqualityCheckTest
Running com.puppycrawl.tools.checkstyle.checks.design.InnerTypeLastCheckTest
Tests run: 3, Failures: 0, Errors: 0, Skipped: 0, Time elapsed: 0.008 sec - in com.puppycrawl.tools.checkstyle.checks.design.InnerTypeLastCheckTest
Running com.puppycrawl.tools.checkstyle.checks.design.ThrowsCountCheckTest
Tests run: 6, Failures: 0, Errors: 0, Skipped: 0, Time elapsed: 0.017 sec - in com.puppycrawl.tools.checkstyle.checks.design.ThrowsCountCheckTest
Running com.puppycrawl.tools.checkstyle.checks.design.InterfaceIsTypeCheckTest
Tests run: 4, Failures: 0, Errors: 0, Skipped: 0, Time elapsed: 0.011 sec - in com.puppycrawl.tools.checkstyle.checks.design.InterfaceIsTypeCheckTest
Running com.puppycrawl.tools.checkstyle.checks.design.FinalClassCheckTest
Tests run: 6, Failures: 0, Errors: 0, Skipped: 0, Time elapsed: 0.017 sec - in com.puppycrawl.tools.checkstyle.checks.design.FinalClassCheckTest
Running com.puppycrawl.tools.checkstyle.checks.design.OneTopLevelClassCheckTest
Tests run: 11, Failures: 0, Errors: 0, Skipped: 0, Time elapsed: 0.077 sec - in com.puppycrawl.tools.checkstyle.checks.design.OneTopLevelClassCheckTest
Running com.puppycrawl.tools.checkstyle.checks.design.DesignForExtensionCheckTest
Tests run: 3, Failures: 0, Errors: 0, Skipped: 0, Time elapsed: 0.062 sec - in com.puppycrawl.tools.checkstyle.checks.design.DesignForExtensionCheckTest
Running com.puppycrawl.tools.checkstyle.checks.design.MutableExceptionCheckTest
Tests run: 6, Failures: 0, Errors: 0, Skipped: 0, Time elapsed: 0.115 sec - in com.puppycrawl.tools.checkstyle.checks.design.MutableExceptionCheckTest
Running com.puppycrawl.tools.checkstyle.checks.design.HideUtilityClassConstructorCheckTest
Tests run: 12, Failures: 0, Errors: 0, Skipped: 0, Time elapsed: 0.307 sec - in com.puppycrawl.tools.checkstyle.checks.design.HideUtilityClassConstructorCheckTest
Running com.puppycrawl.tools.checkstyle.checks.design.VisibilityModifierCheckTest
Tests run: 19, Failures: 0, Errors: 0, Skipped: 0, Time elapsed: 0.438 sec - in com.puppycrawl.tools.checkstyle.checks.design.VisibilityModifierCheckTest
Running com.puppycrawl.tools.checkstyle.checks.header.HeaderCheckTest
Tests run: 12, Failures: 0, Errors: 0, Skipped: 0, Time elapsed: 6.417 sec - in com.puppycrawl.tools.checkstyle.checks.header.HeaderCheckTest
Running com.puppycrawl.tools.checkstyle.checks.header.RegexpHeaderCheckTest
Tests run: 20, Failures: 0, Errors: 0, Skipped: 0, Time elapsed: 0.408 sec - in com.puppycrawl.tools.checkstyle.checks.header.RegexpHeaderCheckTest
Running com.puppycrawl.tools.checkstyle.checks.imports.AvoidStarImportCheckTest
Tests run: 6, Failures: 0, Errors: 0, Skipped: 0, Time elapsed: 0.108 sec - in com.puppycrawl.tools.checkstyle.checks.imports.AvoidStarImportCheckTest
Running com.puppycrawl.tools.checkstyle.checks.imports.RedundantImportCheckTest
Tests run: 4, Failures: 0, Errors: 0, Skipped: 0, Time elapsed: 0.132 sec - in com.puppycrawl.tools.checkstyle.checks.imports.RedundantImportCheckTest
Running com.puppycrawl.tools.checkstyle.checks.imports.PkgControlRegExpTest
Tests run: 3, Failures: 0, Errors: 0, Skipped: 0, Time elapsed: 0.001 sec - in com.puppycrawl.tools.checkstyle.checks.imports.PkgControlRegExpTest
Running com.puppycrawl.tools.checkstyle.checks.imports.ImportControlLoaderTest
Tests run: 5, Failures: 0, Errors: 0, Skipped: 0, Time elapsed: 0.068 sec - in com.puppycrawl.tools.checkstyle.checks.imports.ImportControlLoaderTest
Running com.puppycrawl.tools.checkstyle.checks.imports.ImportOrderCheckTest
Tests run: 32, Failures: 0, Errors: 0, Skipped: 0, Time elapsed: 7.036 sec - in com.puppycrawl.tools.checkstyle.checks.imports.ImportOrderCheckTest
Running com.puppycrawl.tools.checkstyle.checks.imports.AvoidStaticImportCheckTest
Tests run: 7, Failures: 0, Errors: 0, Skipped: 0, Time elapsed: 0.166 sec - in com.puppycrawl.tools.checkstyle.checks.imports.AvoidStaticImportCheckTest
Running com.puppycrawl.tools.checkstyle.checks.imports.UnusedImportsCheckTest
Tests run: 7, Failures: 0, Errors: 0, Skipped: 0, Time elapsed: 0.167 sec - in com.puppycrawl.tools.checkstyle.checks.imports.UnusedImportsCheckTest
Running com.puppycrawl.tools.checkstyle.checks.imports.PkgControlTest
Tests run: 3, Failures: 0, Errors: 0, Skipped: 0, Time elapsed: 0.008 sec - in com.puppycrawl.tools.checkstyle.checks.imports.PkgControlTest
Running com.puppycrawl.tools.checkstyle.checks.imports.ImportControlCheckTest
Tests run: 17, Failures: 0, Errors: 0, Skipped: 0, Time elapsed: 0.985 sec - in com.puppycrawl.tools.checkstyle.checks.imports.ImportControlCheckTest
Running com.puppycrawl.tools.checkstyle.checks.imports.GuardTest
Tests run: 11, Failures: 0, Errors: 0, Skipped: 0, Time elapsed: 0.007 sec - in com.puppycrawl.tools.checkstyle.checks.imports.GuardTest
Running com.puppycrawl.tools.checkstyle.checks.imports.IllegalImportCheckTest
Tests run: 4, Failures: 0, Errors: 0, Skipped: 0, Time elapsed: 0.027 sec - in com.puppycrawl.tools.checkstyle.checks.imports.IllegalImportCheckTest
Running com.puppycrawl.tools.checkstyle.checks.imports.CustomImportOrderCheckTest
Tests run: 30, Failures: 0, Errors: 0, Skipped: 0, Time elapsed: 0.413 sec - in com.puppycrawl.tools.checkstyle.checks.imports.CustomImportOrderCheckTest
Running com.puppycrawl.tools.checkstyle.checks.indentation.NewHandlerTest
Tests run: 1, Failures: 0, Errors: 0, Skipped: 0, Time elapsed: 0.057 sec - in com.puppycrawl.tools.checkstyle.checks.indentation.NewHandlerTest
Running com.puppycrawl.tools.checkstyle.checks.indentation.CommentsIndentationCheckTest
Tests run: 8, Failures: 0, Errors: 0, Skipped: 0, Time elapsed: 0.172 sec - in com.puppycrawl.tools.checkstyle.checks.indentation.CommentsIndentationCheckTest
Running com.puppycrawl.tools.checkstyle.checks.indentation.LineSetTest
Tests run: 1, Failures: 0, Errors: 0, Skipped: 0, Time elapsed: 0.001 sec - in com.puppycrawl.tools.checkstyle.checks.indentation.LineSetTest
Running com.puppycrawl.tools.checkstyle.checks.indentation.IndentationCheckTest
Tests run: 65, Failures: 0, Errors: 0, Skipped: 0, Time elapsed: 2.32 sec - in com.puppycrawl.tools.checkstyle.checks.indentation.IndentationCheckTest
Running com.puppycrawl.tools.checkstyle.checks.javadoc.JavadocTypeCheckTest
Tests run: 25, Failures: 0, Errors: 0, Skipped: 0, Time elapsed: 0.452 sec - in com.puppycrawl.tools.checkstyle.checks.javadoc.JavadocTypeCheckTest
Running com.puppycrawl.tools.checkstyle.checks.javadoc.JavadocTagInfoTest
Tests run: 15, Failures: 0, Errors: 0, Skipped: 0, Time elapsed: 0.005 sec - in com.puppycrawl.tools.checkstyle.checks.javadoc.JavadocTagInfoTest
Running com.puppycrawl.tools.checkstyle.checks.javadoc.JavadocParagraphCheckTest
Tests run: 4, Failures: 0, Errors: 0, Skipped: 0, Time elapsed: 2.962 sec - in com.puppycrawl.tools.checkstyle.checks.javadoc.JavadocParagraphCheckTest
Running com.puppycrawl.tools.checkstyle.checks.javadoc.JavadocMethodCheckTest
Tests run: 36, Failures: 0, Errors: 0, Skipped: 0, Time elapsed: 0.336 sec - in com.puppycrawl.tools.checkstyle.checks.javadoc.JavadocMethodCheckTest
Running com.puppycrawl.tools.checkstyle.checks.javadoc.JavadocTagContinuationIndentationCheckTest
Tests run: 4, Failures: 0, Errors: 0, Skipped: 0, Time elapsed: 0.428 sec - in com.puppycrawl.tools.checkstyle.checks.javadoc.JavadocTagContinuationIndentationCheckTest
Running com.puppycrawl.tools.checkstyle.checks.javadoc.NonEmptyAtclauseDescriptionCheckTest
Tests run: 3, Failures: 0, Errors: 0, Skipped: 0, Time elapsed: 0.188 sec - in com.puppycrawl.tools.checkstyle.checks.javadoc.NonEmptyAtclauseDescriptionCheckTest
Running com.puppycrawl.tools.checkstyle.checks.javadoc.AtclauseOrderCheckTest
Tests run: 5, Failures: 0, Errors: 0, Skipped: 0, Time elapsed: 0.832 sec - in com.puppycrawl.tools.checkstyle.checks.javadoc.AtclauseOrderCheckTest
Running com.puppycrawl.tools.checkstyle.checks.javadoc.WriteTagCheckTest
Tests run: 13, Failures: 0, Errors: 0, Skipped: 0, Time elapsed: 0.044 sec - in com.puppycrawl.tools.checkstyle.checks.javadoc.WriteTagCheckTest
Running com.puppycrawl.tools.checkstyle.checks.javadoc.JavadocNodeImplTest
Tests run: 2, Failures: 0, Errors: 0, Skipped: 0, Time elapsed: 0 sec - in com.puppycrawl.tools.checkstyle.checks.javadoc.JavadocNodeImplTest
Running com.puppycrawl.tools.checkstyle.checks.javadoc.JavadocPackageCheckTest
Tests run: 7, Failures: 0, Errors: 0, Skipped: 0, Time elapsed: 0.016 sec - in com.puppycrawl.tools.checkstyle.checks.javadoc.JavadocPackageCheckTest
Running com.puppycrawl.tools.checkstyle.checks.javadoc.JavadocTagTest
Tests run: 3, Failures: 0, Errors: 0, Skipped: 0, Time elapsed: 0.001 sec - in com.puppycrawl.tools.checkstyle.checks.javadoc.JavadocTagTest
Running com.puppycrawl.tools.checkstyle.checks.javadoc.JavadocStyleCheckTest
Tests run: 18, Failures: 0, Errors: 0, Skipped: 0, Time elapsed: 0.304 sec - in com.puppycrawl.tools.checkstyle.checks.javadoc.JavadocStyleCheckTest
Running com.puppycrawl.tools.checkstyle.checks.javadoc.AbstractTypeAwareCheckTest
Tests run: 6, Failures: 0, Errors: 0, Skipped: 0, Time elapsed: 0.035 sec - in com.puppycrawl.tools.checkstyle.checks.javadoc.AbstractTypeAwareCheckTest
Running com.puppycrawl.tools.checkstyle.checks.javadoc.JavadocVariableCheckTest
Tests run: 12, Failures: 0, Errors: 0, Skipped: 0, Time elapsed: 0.313 sec - in com.puppycrawl.tools.checkstyle.checks.javadoc.JavadocVariableCheckTest
Running com.puppycrawl.tools.checkstyle.checks.javadoc.SummaryJavadocCheckTest
Tests run: 6, Failures: 0, Errors: 0, Skipped: 0, Time elapsed: 0.224 sec - in com.puppycrawl.tools.checkstyle.checks.javadoc.SummaryJavadocCheckTest
Running com.puppycrawl.tools.checkstyle.checks.javadoc.AbstractJavadocCheckTest
Tests run: 11, Failures: 0, Errors: 0, Skipped: 0, Time elapsed: 0.291 sec - in com.puppycrawl.tools.checkstyle.checks.javadoc.AbstractJavadocCheckTest
Running com.puppycrawl.tools.checkstyle.checks.javadoc.SingleLineJavadocCheckTest
Tests run: 4, Failures: 0, Errors: 0, Skipped: 0, Time elapsed: 0.198 sec - in com.puppycrawl.tools.checkstyle.checks.javadoc.SingleLineJavadocCheckTest
Running com.puppycrawl.tools.checkstyle.checks.metrics.BooleanExpressionComplexityCheckTest
Tests run: 4, Failures: 0, Errors: 0, Skipped: 0, Time elapsed: 0.057 sec - in com.puppycrawl.tools.checkstyle.checks.metrics.BooleanExpressionComplexityCheckTest
Running com.puppycrawl.tools.checkstyle.checks.metrics.NPathComplexityCheckTest
Tests run: 6, Failures: 0, Errors: 0, Skipped: 0, Time elapsed: 0.073 sec - in com.puppycrawl.tools.checkstyle.checks.metrics.NPathComplexityCheckTest
Running com.puppycrawl.tools.checkstyle.checks.metrics.CyclomaticComplexityCheckTest
Tests run: 5, Failures: 0, Errors: 0, Skipped: 0, Time elapsed: 0.073 sec - in com.puppycrawl.tools.checkstyle.checks.metrics.CyclomaticComplexityCheckTest
Running com.puppycrawl.tools.checkstyle.checks.metrics.JavaNCSSCheckTest
Tests run: 4, Failures: 0, Errors: 0, Skipped: 0, Time elapsed: 0.045 sec - in com.puppycrawl.tools.checkstyle.checks.metrics.JavaNCSSCheckTest
Running com.puppycrawl.tools.checkstyle.checks.metrics.ClassFanOutComplexityCheckTest
Tests run: 4, Failures: 0, Errors: 0, Skipped: 0, Time elapsed: 0.047 sec - in com.puppycrawl.tools.checkstyle.checks.metrics.ClassFanOutComplexityCheckTest
Running com.puppycrawl.tools.checkstyle.checks.metrics.ClassDataAbstractionCouplingCheckTest
Tests run: 3, Failures: 0, Errors: 0, Skipped: 0, Time elapsed: 0.019 sec - in com.puppycrawl.tools.checkstyle.checks.metrics.ClassDataAbstractionCouplingCheckTest
Running com.puppycrawl.tools.checkstyle.checks.modifier.RedundantModifierCheckTest
Tests run: 12, Failures: 0, Errors: 0, Skipped: 0, Time elapsed: 0.085 sec - in com.puppycrawl.tools.checkstyle.checks.modifier.RedundantModifierCheckTest
Running com.puppycrawl.tools.checkstyle.checks.modifier.ModifierOrderCheckTest
Tests run: 7, Failures: 0, Errors: 0, Skipped: 0, Time elapsed: 0.027 sec - in com.puppycrawl.tools.checkstyle.checks.modifier.ModifierOrderCheckTest
Running com.puppycrawl.tools.checkstyle.checks.naming.AbbreviationAsWordInNameCheckTest
Tests run: 11, Failures: 0, Errors: 0, Skipped: 0, Time elapsed: 0.19 sec - in com.puppycrawl.tools.checkstyle.checks.naming.AbbreviationAsWordInNameCheckTest
Running com.puppycrawl.tools.checkstyle.checks.naming.CatchParameterNameCheckTest
Tests run: 5, Failures: 0, Errors: 0, Skipped: 0, Time elapsed: 0.068 sec - in com.puppycrawl.tools.checkstyle.checks.naming.CatchParameterNameCheckTest
Running com.puppycrawl.tools.checkstyle.checks.naming.ConstantNameCheckTest
Tests run: 9, Failures: 0, Errors: 0, Skipped: 0, Time elapsed: 0.038 sec - in com.puppycrawl.tools.checkstyle.checks.naming.ConstantNameCheckTest
Running com.puppycrawl.tools.checkstyle.checks.naming.InterfaceTypeParameterNameCheckTest
Tests run: 3, Failures: 0, Errors: 0, Skipped: 0, Time elapsed: 0.015 sec - in com.puppycrawl.tools.checkstyle.checks.naming.InterfaceTypeParameterNameCheckTest
Running com.puppycrawl.tools.checkstyle.checks.naming.LocalVariableNameCheckTest
Tests run: 3, Failures: 0, Errors: 0, Skipped: 0, Time elapsed: 0.006 sec - in com.puppycrawl.tools.checkstyle.checks.naming.LocalVariableNameCheckTest
Running com.puppycrawl.tools.checkstyle.checks.naming.TypeNameCheckTest
Tests run: 6, Failures: 0, Errors: 0, Skipped: 0, Time elapsed: 0.026 sec - in com.puppycrawl.tools.checkstyle.checks.naming.TypeNameCheckTest
Running com.puppycrawl.tools.checkstyle.checks.naming.MethodNameCheckTest
Tests run: 8, Failures: 0, Errors: 0, Skipped: 0, Time elapsed: 0.024 sec - in com.puppycrawl.tools.checkstyle.checks.naming.MethodNameCheckTest
Running com.puppycrawl.tools.checkstyle.checks.naming.LocalFinalVariableNameCheckTest
Tests run: 5, Failures: 0, Errors: 0, Skipped: 0, Time elapsed: 0.03 sec - in com.puppycrawl.tools.checkstyle.checks.naming.LocalFinalVariableNameCheckTest
Running com.puppycrawl.tools.checkstyle.checks.naming.MethodTypeParameterNameCheckTest
Tests run: 3, Failures: 0, Errors: 0, Skipped: 0, Time elapsed: 0.017 sec - in com.puppycrawl.tools.checkstyle.checks.naming.MethodTypeParameterNameCheckTest
Running com.puppycrawl.tools.checkstyle.checks.naming.AbstractClassNameCheckTest
Tests run: 7, Failures: 0, Errors: 0, Skipped: 0, Time elapsed: 0.041 sec - in com.puppycrawl.tools.checkstyle.checks.naming.AbstractClassNameCheckTest
Running com.puppycrawl.tools.checkstyle.checks.naming.PackageNameCheckTest
Tests run: 4, Failures: 0, Errors: 0, Skipped: 0, Time elapsed: 0.01 sec - in com.puppycrawl.tools.checkstyle.checks.naming.PackageNameCheckTest
Running com.puppycrawl.tools.checkstyle.checks.naming.MemberNameCheckTest
Tests run: 12, Failures: 0, Errors: 0, Skipped: 0, Time elapsed: 0.045 sec - in com.puppycrawl.tools.checkstyle.checks.naming.MemberNameCheckTest
Running com.puppycrawl.tools.checkstyle.checks.naming.ClassTypeParameterNameCheckTest
Tests run: 4, Failures: 0, Errors: 0, Skipped: 0, Time elapsed: 0.011 sec - in com.puppycrawl.tools.checkstyle.checks.naming.ClassTypeParameterNameCheckTest
Running com.puppycrawl.tools.checkstyle.checks.naming.StaticVariableNameCheckTest
Tests run: 5, Failures: 0, Errors: 0, Skipped: 0, Time elapsed: 0.023 sec - in com.puppycrawl.tools.checkstyle.checks.naming.StaticVariableNameCheckTest
Running com.puppycrawl.tools.checkstyle.checks.naming.ParameterNameCheckTest
Tests run: 8, Failures: 0, Errors: 0, Skipped: 0, Time elapsed: 0.026 sec - in com.puppycrawl.tools.checkstyle.checks.naming.ParameterNameCheckTest
Running com.puppycrawl.tools.checkstyle.checks.regexp.RegexpCheckTest
Tests run: 24, Failures: 0, Errors: 0, Skipped: 0, Time elapsed: 0.196 sec - in com.puppycrawl.tools.checkstyle.checks.regexp.RegexpCheckTest
Running com.puppycrawl.tools.checkstyle.checks.regexp.RegexpSinglelineJavaCheckTest
Tests run: 19, Failures: 0, Errors: 0, Skipped: 0, Time elapsed: 0.115 sec - in com.puppycrawl.tools.checkstyle.checks.regexp.RegexpSinglelineJavaCheckTest
Running com.puppycrawl.tools.checkstyle.checks.regexp.RegexpSinglelineCheckTest
Tests run: 6, Failures: 0, Errors: 0, Skipped: 0, Time elapsed: 0.021 sec - in com.puppycrawl.tools.checkstyle.checks.regexp.RegexpSinglelineCheckTest
Running com.puppycrawl.tools.checkstyle.checks.regexp.RegexpMultilineCheckTest
Tests run: 12, Failures: 0, Errors: 0, Skipped: 0, Time elapsed: 0.054 sec - in com.puppycrawl.tools.checkstyle.checks.regexp.RegexpMultilineCheckTest
Running com.puppycrawl.tools.checkstyle.checks.regexp.RegexpOnFilenameCheckTest
Tests run: 20, Failures: 0, Errors: 0, Skipped: 0, Time elapsed: 0.046 sec - in com.puppycrawl.tools.checkstyle.checks.regexp.RegexpOnFilenameCheckTest
Running com.puppycrawl.tools.checkstyle.checks.sizes.MethodCountCheckTest
Tests run: 6, Failures: 0, Errors: 0, Skipped: 0, Time elapsed: 0.017 sec - in com.puppycrawl.tools.checkstyle.checks.sizes.MethodCountCheckTest
Running com.puppycrawl.tools.checkstyle.checks.sizes.ParameterNumberCheckTest
Tests run: 6, Failures: 0, Errors: 0, Skipped: 0, Time elapsed: 0.021 sec - in com.puppycrawl.tools.checkstyle.checks.sizes.ParameterNumberCheckTest
Running com.puppycrawl.tools.checkstyle.checks.sizes.AnonInnerLengthCheckTest
Tests run: 4, Failures: 0, Errors: 0, Skipped: 0, Time elapsed: 0.011 sec - in com.puppycrawl.tools.checkstyle.checks.sizes.AnonInnerLengthCheckTest
Running com.puppycrawl.tools.checkstyle.checks.sizes.MethodLengthCheckTest
Tests run: 5, Failures: 0, Errors: 0, Skipped: 0, Time elapsed: 0.013 sec - in com.puppycrawl.tools.checkstyle.checks.sizes.MethodLengthCheckTest
Running com.puppycrawl.tools.checkstyle.checks.sizes.LineLengthCheckTest
Tests run: 6, Failures: 0, Errors: 0, Skipped: 0, Time elapsed: 0.015 sec - in com.puppycrawl.tools.checkstyle.checks.sizes.LineLengthCheckTest
Running com.puppycrawl.tools.checkstyle.checks.sizes.OuterTypeNumberCheckTest
Tests run: 5, Failures: 0, Errors: 0, Skipped: 0, Time elapsed: 0.018 sec - in com.puppycrawl.tools.checkstyle.checks.sizes.OuterTypeNumberCheckTest
Running com.puppycrawl.tools.checkstyle.checks.sizes.FileLengthCheckTest
Tests run: 5, Failures: 0, Errors: 0, Skipped: 0, Time elapsed: 0.008 sec - in com.puppycrawl.tools.checkstyle.checks.sizes.FileLengthCheckTest
Running com.puppycrawl.tools.checkstyle.checks.sizes.ExecutableStatementCountCheckTest
Tests run: 8, Failures: 0, Errors: 0, Skipped: 0, Time elapsed: 0.098 sec - in com.puppycrawl.tools.checkstyle.checks.sizes.ExecutableStatementCountCheckTest
Running com.puppycrawl.tools.checkstyle.checks.whitespace.NoWhitespaceAfterCheckTest
Tests run: 8, Failures: 0, Errors: 0, Skipped: 0, Time elapsed: 0.109 sec - in com.puppycrawl.tools.checkstyle.checks.whitespace.NoWhitespaceAfterCheckTest
Running com.puppycrawl.tools.checkstyle.checks.whitespace.OperatorWrapCheckTest
Tests run: 4, Failures: 0, Errors: 0, Skipped: 0, Time elapsed: 0.061 sec - in com.puppycrawl.tools.checkstyle.checks.whitespace.OperatorWrapCheckTest
Running com.puppycrawl.tools.checkstyle.checks.whitespace.MethodParamPadCheckTest
Tests run: 7, Failures: 0, Errors: 0, Skipped: 0, Time elapsed: 0.041 sec - in com.puppycrawl.tools.checkstyle.checks.whitespace.MethodParamPadCheckTest
Running com.puppycrawl.tools.checkstyle.checks.whitespace.EmptyLineSeparatorCheckTest
Tests run: 12, Failures: 0, Errors: 0, Skipped: 0, Time elapsed: 0.073 sec - in com.puppycrawl.tools.checkstyle.checks.whitespace.EmptyLineSeparatorCheckTest
Running com.puppycrawl.tools.checkstyle.checks.whitespace.SeparatorWrapCheckTest
Tests run: 4, Failures: 0, Errors: 0, Skipped: 0, Time elapsed: 0.021 sec - in com.puppycrawl.tools.checkstyle.checks.whitespace.SeparatorWrapCheckTest
Running com.puppycrawl.tools.checkstyle.checks.whitespace.FileTabCharacterCheckTest
Tests run: 3, Failures: 0, Errors: 0, Skipped: 0, Time elapsed: 0.022 sec - in com.puppycrawl.tools.checkstyle.checks.whitespace.FileTabCharacterCheckTest
Running com.puppycrawl.tools.checkstyle.checks.whitespace.NoWhitespaceBeforeCheckTest
Tests run: 3, Failures: 0, Errors: 0, Skipped: 0, Time elapsed: 0.029 sec - in com.puppycrawl.tools.checkstyle.checks.whitespace.NoWhitespaceBeforeCheckTest
Running com.puppycrawl.tools.checkstyle.checks.whitespace.WhitespaceAroundCheckTest
Tests run: 20, Failures: 0, Errors: 0, Skipped: 0, Time elapsed: 0.17 sec - in com.puppycrawl.tools.checkstyle.checks.whitespace.WhitespaceAroundCheckTest
Running com.puppycrawl.tools.checkstyle.checks.whitespace.EmptyForIteratorPadCheckTest
Tests run: 5, Failures: 0, Errors: 0, Skipped: 0, Time elapsed: 0.012 sec - in com.puppycrawl.tools.checkstyle.checks.whitespace.EmptyForIteratorPadCheckTest
Running com.puppycrawl.tools.checkstyle.checks.whitespace.ParenPadCheckTest
Tests run: 8, Failures: 0, Errors: 0, Skipped: 0, Time elapsed: 0.043 sec - in com.puppycrawl.tools.checkstyle.checks.whitespace.ParenPadCheckTest
Running com.puppycrawl.tools.checkstyle.checks.whitespace.TypecastParenPadCheckTest
Tests run: 4, Failures: 0, Errors: 0, Skipped: 0, Time elapsed: 0.015 sec - in com.puppycrawl.tools.checkstyle.checks.whitespace.TypecastParenPadCheckTest
Running com.puppycrawl.tools.checkstyle.checks.whitespace.WhitespaceAfterCheckTest
Tests run: 7, Failures: 0, Errors: 0, Skipped: 0, Time elapsed: 0.023 sec - in com.puppycrawl.tools.checkstyle.checks.whitespace.WhitespaceAfterCheckTest
Running com.puppycrawl.tools.checkstyle.checks.whitespace.NoLineWrapCheckTest
Tests run: 3, Failures: 0, Errors: 0, Skipped: 0, Time elapsed: 0.011 sec - in com.puppycrawl.tools.checkstyle.checks.whitespace.NoLineWrapCheckTest
Running com.puppycrawl.tools.checkstyle.checks.whitespace.EmptyForInitializerPadCheckTest
Tests run: 7, Failures: 0, Errors: 0, Skipped: 0, Time elapsed: 0.012 sec - in com.puppycrawl.tools.checkstyle.checks.whitespace.EmptyForInitializerPadCheckTest
Running com.puppycrawl.tools.checkstyle.checks.whitespace.GenericWhitespaceCheckTest
Tests run: 9, Failures: 0, Errors: 0, Skipped: 0, Time elapsed: 0.046 sec - in com.puppycrawl.tools.checkstyle.checks.whitespace.GenericWhitespaceCheckTest
Running com.puppycrawl.tools.checkstyle.checks.TodoCommentCheckTest
Tests run: 3, Failures: 0, Errors: 0, Skipped: 0, Time elapsed: 0.007 sec - in com.puppycrawl.tools.checkstyle.checks.TodoCommentCheckTest
Running com.puppycrawl.tools.checkstyle.checks.FinalParametersCheckTest
Tests run: 6, Failures: 0, Errors: 0, Skipped: 0, Time elapsed: 0.027 sec - in com.puppycrawl.tools.checkstyle.checks.FinalParametersCheckTest
Running com.puppycrawl.tools.checkstyle.checks.ArrayTypeStyleCheckTest
Tests run: 4, Failures: 0, Errors: 0, Skipped: 0, Time elapsed: 0.009 sec - in com.puppycrawl.tools.checkstyle.checks.ArrayTypeStyleCheckTest
Running com.puppycrawl.tools.checkstyle.checks.UpperEllCheckTest
Tests run: 3, Failures: 0, Errors: 0, Skipped: 0, Time elapsed: 0.006 sec - in com.puppycrawl.tools.checkstyle.checks.UpperEllCheckTest
Running com.puppycrawl.tools.checkstyle.checks.ClassResolverTest
Tests run: 6, Failures: 0, Errors: 0, Skipped: 0, Time elapsed: 0.573 sec - in com.puppycrawl.tools.checkstyle.checks.ClassResolverTest
Running com.puppycrawl.tools.checkstyle.checks.AvoidEscapedUnicodeCharactersCheckTest
Tests run: 7, Failures: 0, Errors: 0, Skipped: 0, Time elapsed: 0.044 sec - in com.puppycrawl.tools.checkstyle.checks.AvoidEscapedUnicodeCharactersCheckTest
Running com.puppycrawl.tools.checkstyle.checks.SuppressWarningsHolderTest
Tests run: 16, Failures: 0, Errors: 0, Skipped: 0, Time elapsed: 2.408 sec - in com.puppycrawl.tools.checkstyle.checks.SuppressWarningsHolderTest
Running com.puppycrawl.tools.checkstyle.checks.UncommentedMainCheckTest
Tests run: 7, Failures: 0, Errors: 0, Skipped: 0, Time elapsed: 0.051 sec - in com.puppycrawl.tools.checkstyle.checks.UncommentedMainCheckTest
Running com.puppycrawl.tools.checkstyle.checks.UniquePropertiesCheckTest
Tests run: 5, Failures: 0, Errors: 0, Skipped: 0, Time elapsed: 0.028 sec - in com.puppycrawl.tools.checkstyle.checks.UniquePropertiesCheckTest
Running com.puppycrawl.tools.checkstyle.checks.DescendantTokenCheckTest
Tests run: 18, Failures: 0, Errors: 0, Skipped: 0, Time elapsed: 0.169 sec - in com.puppycrawl.tools.checkstyle.checks.DescendantTokenCheckTest
Running com.puppycrawl.tools.checkstyle.checks.TranslationCheckTest
Tests run: 17, Failures: 0, Errors: 0, Skipped: 0, Time elapsed: 0.188 sec - in com.puppycrawl.tools.checkstyle.checks.TranslationCheckTest
Running com.puppycrawl.tools.checkstyle.checks.FileSetCheckLifecycleTest
Tests run: 3, Failures: 0, Errors: 0, Skipped: 0, Time elapsed: 0.014 sec - in com.puppycrawl.tools.checkstyle.checks.FileSetCheckLifecycleTest
Running com.puppycrawl.tools.checkstyle.checks.OuterTypeFilenameCheckTest
Tests run: 9, Failures: 0, Errors: 0, Skipped: 0, Time elapsed: 0.211 sec - in com.puppycrawl.tools.checkstyle.checks.OuterTypeFilenameCheckTest
Running com.puppycrawl.tools.checkstyle.checks.TrailingCommentCheckTest
Tests run: 5, Failures: 0, Errors: 0, Skipped: 0, Time elapsed: 0.009 sec - in com.puppycrawl.tools.checkstyle.checks.TrailingCommentCheckTest
Running com.puppycrawl.tools.checkstyle.checks.NewlineAtEndOfFileCheckTest
Tests run: 10, Failures: 0, Errors: 0, Skipped: 0, Time elapsed: 0.043 sec - in com.puppycrawl.tools.checkstyle.checks.NewlineAtEndOfFileCheckTest
Running com.puppycrawl.tools.checkstyle.doclets.TokenTypesDocletTest
Tests run: 6, Failures: 0, Errors: 0, Skipped: 0, Time elapsed: 0.752 sec - in com.puppycrawl.tools.checkstyle.doclets.TokenTypesDocletTest
Running com.puppycrawl.tools.checkstyle.filters.FilterSetTest
Tests run: 7, Failures: 0, Errors: 0, Skipped: 0, Time elapsed: 0.1 sec - in com.puppycrawl.tools.checkstyle.filters.FilterSetTest
Running com.puppycrawl.tools.checkstyle.filters.SeverityMatchFilterTest
Tests run: 3, Failures: 0, Errors: 0, Skipped: 0, Time elapsed: 0 sec - in com.puppycrawl.tools.checkstyle.filters.SeverityMatchFilterTest
Running com.puppycrawl.tools.checkstyle.filters.SuppressElementTest
Tests run: 15, Failures: 0, Errors: 0, Skipped: 0, Time elapsed: 0.243 sec - in com.puppycrawl.tools.checkstyle.filters.SuppressElementTest
Running com.puppycrawl.tools.checkstyle.filters.SuppressionsLoaderTest
Tests run: 14, Failures: 0, Errors: 0, Skipped: 0, Time elapsed: 1.508 sec - in com.puppycrawl.tools.checkstyle.filters.SuppressionsLoaderTest
Running com.puppycrawl.tools.checkstyle.filters.SuppressionFilterTest
Tests run: 9, Failures: 0, Errors: 0, Skipped: 0, Time elapsed: 3.483 sec - in com.puppycrawl.tools.checkstyle.filters.SuppressionFilterTest
Running com.puppycrawl.tools.checkstyle.filters.IntRangeFilterTest
Tests run: 4, Failures: 0, Errors: 0, Skipped: 0, Time elapsed: 0.085 sec - in com.puppycrawl.tools.checkstyle.filters.IntRangeFilterTest
Running com.puppycrawl.tools.checkstyle.filters.IntMatchFilterTest
Tests run: 3, Failures: 0, Errors: 0, Skipped: 0, Time elapsed: 0.026 sec - in com.puppycrawl.tools.checkstyle.filters.IntMatchFilterTest
Running com.puppycrawl.tools.checkstyle.filters.SuppressionCommentFilterTest
Tests run: 16, Failures: 0, Errors: 0, Skipped: 0, Time elapsed: 0.765 sec - in com.puppycrawl.tools.checkstyle.filters.SuppressionCommentFilterTest
Running com.puppycrawl.tools.checkstyle.filters.CsvFilterTest
Tests run: 6, Failures: 0, Errors: 0, Skipped: 0, Time elapsed: 0.049 sec - in com.puppycrawl.tools.checkstyle.filters.CsvFilterTest
Running com.puppycrawl.tools.checkstyle.filters.SuppressWithNearbyCommentFilterTest
Tests run: 16, Failures: 0, Errors: 0, Skipped: 0, Time elapsed: 0.377 sec - in com.puppycrawl.tools.checkstyle.filters.SuppressWithNearbyCommentFilterTest
Running com.puppycrawl.tools.checkstyle.filters.SuppressWarningsFilterTest
Tests run: 3, Failures: 0, Errors: 0, Skipped: 0, Time elapsed: 0.056 sec - in com.puppycrawl.tools.checkstyle.filters.SuppressWarningsFilterTest
Running com.puppycrawl.tools.checkstyle.grammars.comments.AllBlockCommentsTest
Tests run: 2, Failures: 0, Errors: 0, Skipped: 0, Time elapsed: 0.044 sec - in com.puppycrawl.tools.checkstyle.grammars.comments.AllBlockCommentsTest
Running com.puppycrawl.tools.checkstyle.grammars.comments.AllSinglelineCommentsTest
Tests run: 2, Failures: 0, Errors: 0, Skipped: 0, Time elapsed: 0.005 sec - in com.puppycrawl.tools.checkstyle.grammars.comments.AllSinglelineCommentsTest
Running com.puppycrawl.tools.checkstyle.grammars.comments.CommentsTest
Tests run: 3, Failures: 0, Errors: 0, Skipped: 0, Time elapsed: 0.017 sec - in com.puppycrawl.tools.checkstyle.grammars.comments.CommentsTest
Running com.puppycrawl.tools.checkstyle.grammars.java8.DefaultMethodsTest
Tests run: 2, Failures: 0, Errors: 0, Skipped: 0, Time elapsed: 0.007 sec - in com.puppycrawl.tools.checkstyle.grammars.java8.DefaultMethodsTest
Running com.puppycrawl.tools.checkstyle.grammars.java8.LambdaTest
Tests run: 18, Failures: 0, Errors: 0, Skipped: 0, Time elapsed: 0.089 sec - in com.puppycrawl.tools.checkstyle.grammars.java8.LambdaTest
Running com.puppycrawl.tools.checkstyle.grammars.java8.AnnotationTest
Tests run: 10, Failures: 0, Errors: 0, Skipped: 0, Time elapsed: 0.026 sec - in com.puppycrawl.tools.checkstyle.grammars.java8.AnnotationTest
Running com.puppycrawl.tools.checkstyle.grammars.java8.TypeUseAnnotationsOnQualifiedTypesTest
Tests run: 1, Failures: 0, Errors: 0, Skipped: 0, Time elapsed: 0.003 sec - in com.puppycrawl.tools.checkstyle.grammars.java8.TypeUseAnnotationsOnQualifiedTypesTest
Running com.puppycrawl.tools.checkstyle.grammars.java8.AnnotationsOnArrayTest
Tests run: 1, Failures: 0, Errors: 0, Skipped: 0, Time elapsed: 0.003 sec - in com.puppycrawl.tools.checkstyle.grammars.java8.AnnotationsOnArrayTest
Running com.puppycrawl.tools.checkstyle.grammars.java8.MethodReferencesTest
Tests run: 7, Failures: 0, Errors: 0, Skipped: 0, Time elapsed: 0.031 sec - in com.puppycrawl.tools.checkstyle.grammars.java8.MethodReferencesTest
Running com.puppycrawl.tools.checkstyle.grammars.javadoc.JavadocParseTreeTest
Tests run: 23, Failures: 0, Errors: 0, Skipped: 0, Time elapsed: 0.432 sec - in com.puppycrawl.tools.checkstyle.grammars.javadoc.JavadocParseTreeTest
Running com.puppycrawl.tools.checkstyle.grammars.AstRegressionTest
Tests run: 15, Failures: 0, Errors: 0, Skipped: 0, Time elapsed: 0.179 sec - in com.puppycrawl.tools.checkstyle.grammars.AstRegressionTest
Running com.puppycrawl.tools.checkstyle.grammars.UnicodeEscapeTest
Tests run: 1, Failures: 0, Errors: 0, Skipped: 0, Time elapsed: 0.066 sec - in com.puppycrawl.tools.checkstyle.grammars.UnicodeEscapeTest
Running com.puppycrawl.tools.checkstyle.grammars.Java7DiamondTest
Tests run: 1, Failures: 0, Errors: 0, Skipped: 0, Time elapsed: 0.003 sec - in com.puppycrawl.tools.checkstyle.grammars.Java7DiamondTest
Running com.puppycrawl.tools.checkstyle.grammars.LineCommentAtTheEndOfFileTest
Tests run: 1, Failures: 0, Errors: 0, Skipped: 0, Time elapsed: 0.04 sec - in com.puppycrawl.tools.checkstyle.grammars.LineCommentAtTheEndOfFileTest
Running com.puppycrawl.tools.checkstyle.grammars.Java7MultiCatchTest
Tests run: 1, Failures: 0, Errors: 0, Skipped: 0, Time elapsed: 0.023 sec - in com.puppycrawl.tools.checkstyle.grammars.Java7MultiCatchTest
Running com.puppycrawl.tools.checkstyle.grammars.HexFloatsTest
Tests run: 1, Failures: 0, Errors: 0, Skipped: 0, Time elapsed: 0.031 sec - in com.puppycrawl.tools.checkstyle.grammars.HexFloatsTest
Running com.puppycrawl.tools.checkstyle.grammars.Java9TryWithResourcesTest
Tests run: 1, Failures: 0, Errors: 0, Skipped: 0, Time elapsed: 0.007 sec - in com.puppycrawl.tools.checkstyle.grammars.Java9TryWithResourcesTest
Running com.puppycrawl.tools.checkstyle.grammars.MultiDimensionalArraysInGenericsTest
Tests run: 1, Failures: 0, Errors: 0, Skipped: 0, Time elapsed: 0.047 sec - in com.puppycrawl.tools.checkstyle.grammars.MultiDimensionalArraysInGenericsTest
Running com.puppycrawl.tools.checkstyle.grammars.EmbeddedNullCharTest
Tests run: 1, Failures: 0, Errors: 0, Skipped: 0, Time elapsed: 0.019 sec - in com.puppycrawl.tools.checkstyle.grammars.EmbeddedNullCharTest
Running com.puppycrawl.tools.checkstyle.grammars.GeneratedJavaTokenTypesTest
Tests run: 1, Failures: 0, Errors: 0, Skipped: 0, Time elapsed: 0 sec - in com.puppycrawl.tools.checkstyle.grammars.GeneratedJavaTokenTypesTest
Running com.puppycrawl.tools.checkstyle.grammars.Java7NumericalLiteralsTest
Tests run: 1, Failures: 0, Errors: 0, Skipped: 0, Time elapsed: 0.033 sec - in com.puppycrawl.tools.checkstyle.grammars.Java7NumericalLiteralsTest
Running com.puppycrawl.tools.checkstyle.grammars.GeneratedJava14LexerTest
Tests run: 2, Failures: 0, Errors: 0, Skipped: 0, Time elapsed: 0.04 sec - in com.puppycrawl.tools.checkstyle.grammars.GeneratedJava14LexerTest
Running com.puppycrawl.tools.checkstyle.grammars.Java7TryWithResourcesTest
Tests run: 1, Failures: 0, Errors: 0, Skipped: 0, Time elapsed: 0.002 sec - in com.puppycrawl.tools.checkstyle.grammars.Java7TryWithResourcesTest
Running com.puppycrawl.tools.checkstyle.grammars.Java7StringSwitchTest
Tests run: 1, Failures: 0, Errors: 0, Skipped: 0, Time elapsed: 0.002 sec - in com.puppycrawl.tools.checkstyle.grammars.Java7StringSwitchTest
Running com.puppycrawl.tools.checkstyle.grammars.VarargTest
Tests run: 1, Failures: 0, Errors: 0, Skipped: 0, Time elapsed: 0.002 sec - in com.puppycrawl.tools.checkstyle.grammars.VarargTest
Running com.puppycrawl.tools.checkstyle.internal.AllChecksTest
Tests run: 9, Failures: 0, Errors: 0, Skipped: 0, Time elapsed: 4.581 sec - in com.puppycrawl.tools.checkstyle.internal.AllChecksTest
Running com.puppycrawl.tools.checkstyle.internal.CommitValidationTest
Tests run: 2, Failures: 0, Errors: 0, Skipped: 0, Time elapsed: 0.243 sec - in com.puppycrawl.tools.checkstyle.internal.CommitValidationTest
Running com.puppycrawl.tools.checkstyle.internal.XDocsPagesTest
Tests run: 4, Failures: 0, Errors: 0, Skipped: 0, Time elapsed: 5.112 sec - in com.puppycrawl.tools.checkstyle.internal.XDocsPagesTest
Running com.puppycrawl.tools.checkstyle.PropertiesExpanderTest
Tests run: 2, Failures: 0, Errors: 0, Skipped: 0, Time elapsed: 0.001 sec - in com.puppycrawl.tools.checkstyle.PropertiesExpanderTest
Running com.puppycrawl.tools.checkstyle.MainTest
Tests run: 38, Failures: 0, Errors: 0, Skipped: 0, Time elapsed: 0.697 sec - in com.puppycrawl.tools.checkstyle.MainTest
Running com.puppycrawl.tools.checkstyle.PackageNamesLoaderTest
Tests run: 5, Failures: 0, Errors: 0, Skipped: 0, Time elapsed: 0.064 sec - in com.puppycrawl.tools.checkstyle.PackageNamesLoaderTest
Running com.puppycrawl.tools.checkstyle.ConfigurationLoaderTest
Tests run: 24, Failures: 0, Errors: 0, Skipped: 0, Time elapsed: 0.029 sec - in com.puppycrawl.tools.checkstyle.ConfigurationLoaderTest
Running com.puppycrawl.tools.checkstyle.utils.JavadocUtilsTest
Tests run: 16, Failures: 0, Errors: 0, Skipped: 0, Time elapsed: 0.003 sec - in com.puppycrawl.tools.checkstyle.utils.JavadocUtilsTest
Running com.puppycrawl.tools.checkstyle.utils.AnnotationUtilityTest
Tests run: 10, Failures: 0, Errors: 0, Skipped: 0, Time elapsed: 0.001 sec - in com.puppycrawl.tools.checkstyle.utils.AnnotationUtilityTest
Running com.puppycrawl.tools.checkstyle.utils.CommonUtilsTest
Tests run: 18, Failures: 0, Errors: 0, Skipped: 0, Time elapsed: 2.733 sec - in com.puppycrawl.tools.checkstyle.utils.CommonUtilsTest
Running com.puppycrawl.tools.checkstyle.utils.ScopeUtilsTest
Tests run: 12, Failures: 0, Errors: 0, Skipped: 0, Time elapsed: 0.004 sec - in com.puppycrawl.tools.checkstyle.utils.ScopeUtilsTest
Running com.puppycrawl.tools.checkstyle.utils.CheckUtilsTest
Tests run: 4, Failures: 0, Errors: 0, Skipped: 0, Time elapsed: 0.047 sec - in com.puppycrawl.tools.checkstyle.utils.CheckUtilsTest
Running com.puppycrawl.tools.checkstyle.utils.TokenUtilsTest
Tests run: 8, Failures: 0, Errors: 0, Skipped: 0, Time elapsed: 0.001 sec - in com.puppycrawl.tools.checkstyle.utils.TokenUtilsTest
Running com.puppycrawl.tools.checkstyle.XMLLoggerTest
Tests run: 10, Failures: 0, Errors: 0, Skipped: 0, Time elapsed: 0.021 sec - in com.puppycrawl.tools.checkstyle.XMLLoggerTest
Running com.puppycrawl.tools.checkstyle.CheckerTest
Tests run: 21, Failures: 0, Errors: 0, Skipped: 1, Time elapsed: 0.211 sec - in com.puppycrawl.tools.checkstyle.CheckerTest
Running com.puppycrawl.tools.checkstyle.DefaultLoggerTest
Tests run: 2, Failures: 0, Errors: 0, Skipped: 0, Time elapsed: 0.055 sec - in com.puppycrawl.tools.checkstyle.DefaultLoggerTest
Running com.puppycrawl.tools.checkstyle.PackageObjectFactoryTest
Tests run: 3, Failures: 0, Errors: 0, Skipped: 0, Time elapsed: 0.001 sec - in com.puppycrawl.tools.checkstyle.PackageObjectFactoryTest
Running com.puppycrawl.tools.checkstyle.PropertyCacheFileTest
Tests run: 8, Failures: 0, Errors: 0, Skipped: 0, Time elapsed: 0.742 sec - in com.puppycrawl.tools.checkstyle.PropertyCacheFileTest
Running com.puppycrawl.tools.checkstyle.DefinitionsTest
Tests run: 1, Failures: 0, Errors: 0, Skipped: 0, Time elapsed: 0 sec - in com.puppycrawl.tools.checkstyle.DefinitionsTest
Running com.puppycrawl.tools.checkstyle.DefaultConfigurationTest
Tests run: 1, Failures: 0, Errors: 0, Skipped: 0, Time elapsed: 0 sec - in com.puppycrawl.tools.checkstyle.DefaultConfigurationTest
Running com.puppycrawl.tools.checkstyle.TreeWalkerTest
Tests run: 13, Failures: 0, Errors: 0, Skipped: 0, Time elapsed: 0.165 sec - in com.puppycrawl.tools.checkstyle.TreeWalkerTest
Running com.puppycrawl.tools.checkstyle.AstTreeStringPrinterTest
Tests run: 5, Failures: 0, Errors: 0, Skipped: 0, Time elapsed: 0.017 sec - in com.puppycrawl.tools.checkstyle.AstTreeStringPrinterTest
Running com.puppycrawl.tools.checkstyle.DetailNodeTreeStringPrinterTest
Tests run: 2, Failures: 0, Errors: 0, Skipped: 0, Time elapsed: 0.001 sec - in com.puppycrawl.tools.checkstyle.DetailNodeTreeStringPrinterTest
Running com.puppycrawl.tools.checkstyle.AuditEventDefaultFormatterTest
Tests run: 4, Failures: 0, Errors: 0, Skipped: 0, Time elapsed: 0.836 sec - in com.puppycrawl.tools.checkstyle.AuditEventDefaultFormatterTest

Results :

Tests run: 1800, Failures: 0, Errors: 0, Skipped: 1

[INFO] 
[INFO] --- xml-maven-plugin:1.0.1:validate (default) @ checkstyle ---
[INFO] 
[INFO] --- maven-jar-plugin:2.6:jar (default-jar) @ checkstyle ---
[INFO] Building jar: /home/travis/build/checkstyle/checkstyle/target/checkstyle-6.18-SNAPSHOT.jar
[INFO] 
[INFO] --- maven-jar-plugin:2.6:test-jar (default) @ checkstyle ---
[INFO] Building jar: /home/travis/build/checkstyle/checkstyle/target/checkstyle-6.18-SNAPSHOT-tests.jar
[INFO] 
[INFO] --- maven-failsafe-plugin:2.19.1:integration-test (integration-test) @ checkstyle ---

-------------------------------------------------------
 T E S T S
-------------------------------------------------------
Running com.google.checkstyle.test.chapter4formatting.rule451wheretobreak.OperatorWrapTest
Tests run: 2, Failures: 0, Errors: 0, Skipped: 0, Time elapsed: 0.944 sec - in com.google.checkstyle.test.chapter4formatting.rule451wheretobreak.OperatorWrapTest
Running com.google.checkstyle.test.chapter4formatting.rule451wheretobreak.SeparatorWrapTest
Tests run: 1, Failures: 0, Errors: 0, Skipped: 0, Time elapsed: 0.059 sec - in com.google.checkstyle.test.chapter4formatting.rule451wheretobreak.SeparatorWrapTest
Running com.google.checkstyle.test.chapter4formatting.rule451wheretobreak.MethodParamPadTest
Tests run: 1, Failures: 0, Errors: 0, Skipped: 0, Time elapsed: 0.137 sec - in com.google.checkstyle.test.chapter4formatting.rule451wheretobreak.MethodParamPadTest
Running com.google.checkstyle.test.chapter4formatting.rule4861blockcommentstyle.CommentsIndentationTest
Tests run: 4, Failures: 0, Errors: 0, Skipped: 0, Time elapsed: 0.399 sec - in com.google.checkstyle.test.chapter4formatting.rule4861blockcommentstyle.CommentsIndentationTest
Running com.google.checkstyle.test.chapter4formatting.rule4842fallthrough.FallThroughTest
Tests run: 1, Failures: 0, Errors: 0, Skipped: 0, Time elapsed: 0.197 sec - in com.google.checkstyle.test.chapter4formatting.rule4842fallthrough.FallThroughTest
Running com.google.checkstyle.test.chapter4formatting.rule4841indentation.IndentationTest
Tests run: 7, Failures: 0, Errors: 0, Skipped: 0, Time elapsed: 0.647 sec - in com.google.checkstyle.test.chapter4formatting.rule4841indentation.IndentationTest
Running com.google.checkstyle.test.chapter4formatting.rule412nonemptyblocks.RightCurlyTest
Tests run: 2, Failures: 0, Errors: 0, Skipped: 0, Time elapsed: 0.027 sec - in com.google.checkstyle.test.chapter4formatting.rule412nonemptyblocks.RightCurlyTest
Running com.google.checkstyle.test.chapter4formatting.rule412nonemptyblocks.LeftCurlyTest
Tests run: 3, Failures: 0, Errors: 0, Skipped: 0, Time elapsed: 0.069 sec - in com.google.checkstyle.test.chapter4formatting.rule412nonemptyblocks.LeftCurlyTest
Running com.google.checkstyle.test.chapter4formatting.rule413emptyblocks.EmptyBlockTest
Tests run: 2, Failures: 0, Errors: 0, Skipped: 0, Time elapsed: 0.076 sec - in com.google.checkstyle.test.chapter4formatting.rule413emptyblocks.EmptyBlockTest
Running com.google.checkstyle.test.chapter4formatting.rule413emptyblocks.EmptyCatchBlockTest
Tests run: 4, Failures: 0, Errors: 0, Skipped: 0, Time elapsed: 0.058 sec - in com.google.checkstyle.test.chapter4formatting.rule413emptyblocks.EmptyCatchBlockTest
Running com.google.checkstyle.test.chapter4formatting.rule4843defaultcasepresent.MissingSwitchDefaultTest
Tests run: 1, Failures: 0, Errors: 0, Skipped: 0, Time elapsed: 0.053 sec - in com.google.checkstyle.test.chapter4formatting.rule4843defaultcasepresent.MissingSwitchDefaultTest
Running com.google.checkstyle.test.chapter4formatting.rule4822variabledistance.VariableDeclarationUsageDistanceTest
Tests run: 1, Failures: 0, Errors: 0, Skipped: 0, Time elapsed: 0.141 sec - in com.google.checkstyle.test.chapter4formatting.rule4822variabledistance.VariableDeclarationUsageDistanceTest
Running com.google.checkstyle.test.chapter4formatting.rule462horizontalwhitespace.WhitespaceAroundTest
Tests run: 2, Failures: 0, Errors: 0, Skipped: 0, Time elapsed: 0.055 sec - in com.google.checkstyle.test.chapter4formatting.rule462horizontalwhitespace.WhitespaceAroundTest
Running com.google.checkstyle.test.chapter4formatting.rule462horizontalwhitespace.GenericWhitespaceTest
Tests run: 3, Failures: 0, Errors: 0, Skipped: 0, Time elapsed: 0.096 sec - in com.google.checkstyle.test.chapter4formatting.rule462horizontalwhitespace.GenericWhitespaceTest
Running com.google.checkstyle.test.chapter4formatting.rule488numericliterals.UpperEllTest
Tests run: 1, Failures: 0, Errors: 0, Skipped: 0, Time elapsed: 0.051 sec - in com.google.checkstyle.test.chapter4formatting.rule488numericliterals.UpperEllTest
Running com.google.checkstyle.test.chapter4formatting.rule487modifiers.ModifierOrderTest
Tests run: 1, Failures: 0, Errors: 0, Skipped: 0, Time elapsed: 0.051 sec - in com.google.checkstyle.test.chapter4formatting.rule487modifiers.ModifierOrderTest
Running com.google.checkstyle.test.chapter4formatting.rule485annotations.AnnotationLocationTest
Tests run: 1, Failures: 0, Errors: 0, Skipped: 0, Time elapsed: 0.087 sec - in com.google.checkstyle.test.chapter4formatting.rule485annotations.AnnotationLocationTest
Running com.google.checkstyle.test.chapter4formatting.rule411bracesareused.NeedBracesTest
Tests run: 1, Failures: 0, Errors: 0, Skipped: 0, Time elapsed: 0.027 sec - in com.google.checkstyle.test.chapter4formatting.rule411bracesareused.NeedBracesTest
Running com.google.checkstyle.test.chapter4formatting.rule43onestatement.OneStatementPerLineTest
Tests run: 2, Failures: 0, Errors: 0, Skipped: 0, Time elapsed: 0.1 sec - in com.google.checkstyle.test.chapter4formatting.rule43onestatement.OneStatementPerLineTest
Running com.google.checkstyle.test.chapter4formatting.rule44columnlimit.LineLengthTest
Tests run: 1, Failures: 0, Errors: 0, Skipped: 0, Time elapsed: 0.072 sec - in com.google.checkstyle.test.chapter4formatting.rule44columnlimit.LineLengthTest
Running com.google.checkstyle.test.chapter4formatting.rule4832nocstylearray.ArrayTypeStyleTest
Tests run: 1, Failures: 0, Errors: 0, Skipped: 0, Time elapsed: 0.071 sec - in com.google.checkstyle.test.chapter4formatting.rule4832nocstylearray.ArrayTypeStyleTest
Running com.google.checkstyle.test.chapter4formatting.rule461verticalwhitespace.EmptyLineSeparatorTest
Tests run: 1, Failures: 0, Errors: 0, Skipped: 0, Time elapsed: 0.052 sec - in com.google.checkstyle.test.chapter4formatting.rule461verticalwhitespace.EmptyLineSeparatorTest
Running com.google.checkstyle.test.chapter4formatting.rule4821onevariableperline.MultipleVariableDeclarationsTest
Tests run: 1, Failures: 0, Errors: 0, Skipped: 0, Time elapsed: 0.058 sec - in com.google.checkstyle.test.chapter4formatting.rule4821onevariableperline.MultipleVariableDeclarationsTest
Running com.google.checkstyle.test.chapter5naming.rule528typevariablenames.InterfaceTypeParameterNameTest
Tests run: 1, Failures: 0, Errors: 0, Skipped: 0, Time elapsed: 0.048 sec - in com.google.checkstyle.test.chapter5naming.rule528typevariablenames.InterfaceTypeParameterNameTest
Running com.google.checkstyle.test.chapter5naming.rule528typevariablenames.ClassTypeParameterNameTest
Tests run: 1, Failures: 0, Errors: 0, Skipped: 0, Time elapsed: 0.05 sec - in com.google.checkstyle.test.chapter5naming.rule528typevariablenames.ClassTypeParameterNameTest
Running com.google.checkstyle.test.chapter5naming.rule528typevariablenames.MethodTypeParameterNameTest
Tests run: 1, Failures: 0, Errors: 0, Skipped: 0, Time elapsed: 0.031 sec - in com.google.checkstyle.test.chapter5naming.rule528typevariablenames.MethodTypeParameterNameTest
Running com.google.checkstyle.test.chapter5naming.rule53camelcase.AbbreviationAsWordInNameTest
Tests run: 1, Failures: 0, Errors: 0, Skipped: 0, Time elapsed: 0.059 sec - in com.google.checkstyle.test.chapter5naming.rule53camelcase.AbbreviationAsWordInNameTest
Running com.google.checkstyle.test.chapter5naming.rule521packagenames.PackageNameTest
Tests run: 4, Failures: 0, Errors: 0, Skipped: 0, Time elapsed: 0.129 sec - in com.google.checkstyle.test.chapter5naming.rule521packagenames.PackageNameTest
Running com.google.checkstyle.test.chapter5naming.rule525nonconstantfieldnames.MemberNameTest
Tests run: 2, Failures: 0, Errors: 0, Skipped: 0, Time elapsed: 0.068 sec - in com.google.checkstyle.test.chapter5naming.rule525nonconstantfieldnames.MemberNameTest
Running com.google.checkstyle.test.chapter5naming.rule523methodnames.MethodNameTest
Tests run: 1, Failures: 0, Errors: 0, Skipped: 0, Time elapsed: 0.052 sec - in com.google.checkstyle.test.chapter5naming.rule523methodnames.MethodNameTest
Running com.google.checkstyle.test.chapter5naming.rule51identifiernames.CatchParameterNameTest
Tests run: 1, Failures: 0, Errors: 0, Skipped: 0, Time elapsed: 0.046 sec - in com.google.checkstyle.test.chapter5naming.rule51identifiernames.CatchParameterNameTest
Running com.google.checkstyle.test.chapter5naming.rule527localvariablenames.LocalVariableNameTest
Tests run: 2, Failures: 0, Errors: 0, Skipped: 0, Time elapsed: 0.317 sec - in com.google.checkstyle.test.chapter5naming.rule527localvariablenames.LocalVariableNameTest
Running com.google.checkstyle.test.chapter5naming.rule522typenames.TypeNameTest
Tests run: 1, Failures: 0, Errors: 0, Skipped: 0, Time elapsed: 0.067 sec - in com.google.checkstyle.test.chapter5naming.rule522typenames.TypeNameTest
Running com.google.checkstyle.test.chapter5naming.rule526parameternames.ParameterNameTest
Tests run: 1, Failures: 0, Errors: 0, Skipped: 0, Time elapsed: 0.022 sec - in com.google.checkstyle.test.chapter5naming.rule526parameternames.ParameterNameTest
Running com.google.checkstyle.test.chapter7javadoc.rule711generalform.SingleLineJavadocTest
Tests run: 2, Failures: 0, Errors: 0, Skipped: 0, Time elapsed: 1.434 sec - in com.google.checkstyle.test.chapter7javadoc.rule711generalform.SingleLineJavadocTest
Running com.google.checkstyle.test.chapter7javadoc.rule713atclauses.JavadocTagContinuationIndentationTest
Tests run: 1, Failures: 0, Errors: 0, Skipped: 0, Time elapsed: 1.423 sec - in com.google.checkstyle.test.chapter7javadoc.rule713atclauses.JavadocTagContinuationIndentationTest
Running com.google.checkstyle.test.chapter7javadoc.rule713atclauses.NonEmptyAtclauseDescriptionTest
Tests run: 2, Failures: 0, Errors: 0, Skipped: 0, Time elapsed: 0.383 sec - in com.google.checkstyle.test.chapter7javadoc.rule713atclauses.NonEmptyAtclauseDescriptionTest
Running com.google.checkstyle.test.chapter7javadoc.rule713atclauses.AtclauseOrderTest
Tests run: 2, Failures: 0, Errors: 0, Skipped: 0, Time elapsed: 0.643 sec - in com.google.checkstyle.test.chapter7javadoc.rule713atclauses.AtclauseOrderTest
Running com.google.checkstyle.test.chapter7javadoc.rule72thesummaryfragment.SummaryJavadocTest
Tests run: 2, Failures: 0, Errors: 0, Skipped: 0, Time elapsed: 0.314 sec - in com.google.checkstyle.test.chapter7javadoc.rule72thesummaryfragment.SummaryJavadocTest
Running com.google.checkstyle.test.chapter7javadoc.rule712paragraphs.JavadocParagraphTest
Tests run: 2, Failures: 0, Errors: 0, Skipped: 0, Time elapsed: 0.556 sec - in com.google.checkstyle.test.chapter7javadoc.rule712paragraphs.JavadocParagraphTest
Running com.google.checkstyle.test.chapter7javadoc.rule731selfexplanatory.JavadocMethodTest
Tests run: 1, Failures: 0, Errors: 0, Skipped: 0, Time elapsed: 0.024 sec - in com.google.checkstyle.test.chapter7javadoc.rule731selfexplanatory.JavadocMethodTest
Running com.google.checkstyle.test.chapter2filebasic.rule21filename.OuterTypeFilenameTest
Tests run: 3, Failures: 0, Errors: 0, Skipped: 0, Time elapsed: 0.15 sec - in com.google.checkstyle.test.chapter2filebasic.rule21filename.OuterTypeFilenameTest
Running com.google.checkstyle.test.chapter2filebasic.rule233nonascii.AvoidEscapedUnicodeCharactersTest
Tests run: 1, Failures: 0, Errors: 0, Skipped: 0, Time elapsed: 0.064 sec - in com.google.checkstyle.test.chapter2filebasic.rule233nonascii.AvoidEscapedUnicodeCharactersTest
Running com.google.checkstyle.test.chapter2filebasic.rule231filetab.FileTabCharacterTest
Tests run: 1, Failures: 0, Errors: 0, Skipped: 0, Time elapsed: 0.037 sec - in com.google.checkstyle.test.chapter2filebasic.rule231filetab.FileTabCharacterTest
Running com.google.checkstyle.test.chapter2filebasic.rule232specialescape.IllegalTokenTextTest
Tests run: 1, Failures: 0, Errors: 0, Skipped: 0, Time elapsed: 0.044 sec - in com.google.checkstyle.test.chapter2filebasic.rule232specialescape.IllegalTokenTextTest
Running com.google.checkstyle.test.chapter3filestructure.rule32packagestate.LineLengthTest
Tests run: 1, Failures: 0, Errors: 0, Skipped: 0, Time elapsed: 0.064 sec - in com.google.checkstyle.test.chapter3filestructure.rule32packagestate.LineLengthTest
Running com.google.checkstyle.test.chapter3filestructure.rule332nolinewrap.NoLineWrapTest
Tests run: 3, Failures: 0, Errors: 0, Skipped: 0, Time elapsed: 0.163 sec - in com.google.checkstyle.test.chapter3filestructure.rule332nolinewrap.NoLineWrapTest
Running com.google.checkstyle.test.chapter3filestructure.rule3421overloadsplit.OverloadMethodsDeclarationOrderTest
Tests run: 1, Failures: 0, Errors: 0, Skipped: 0, Time elapsed: 0.072 sec - in com.google.checkstyle.test.chapter3filestructure.rule3421overloadsplit.OverloadMethodsDeclarationOrderTest
Running com.google.checkstyle.test.chapter3filestructure.rule341onetoplevel.OneTopLevelClassTest
Tests run: 4, Failures: 0, Errors: 0, Skipped: 0, Time elapsed: 0.202 sec - in com.google.checkstyle.test.chapter3filestructure.rule341onetoplevel.OneTopLevelClassTest
Running com.google.checkstyle.test.chapter3filestructure.rule331nowildcard.AvoidStarImportTest
Tests run: 1, Failures: 0, Errors: 0, Skipped: 0, Time elapsed: 0.046 sec - in com.google.checkstyle.test.chapter3filestructure.rule331nowildcard.AvoidStarImportTest
Running com.google.checkstyle.test.chapter3filestructure.rule333orderingandspacing.CustomImportOrderTest
Tests run: 4, Failures: 0, Errors: 0, Skipped: 0, Time elapsed: 0.238 sec - in com.google.checkstyle.test.chapter3filestructure.rule333orderingandspacing.CustomImportOrderTest
Running com.google.checkstyle.test.chapter3filestructure.rule3sourcefile.EmptyLineSeparatorTest
Tests run: 1, Failures: 0, Errors: 0, Skipped: 0, Time elapsed: 0.046 sec - in com.google.checkstyle.test.chapter3filestructure.rule3sourcefile.EmptyLineSeparatorTest
Running com.google.checkstyle.test.chapter6programpractice.rule62donotignoreexceptions.EmptyBlockTest
Tests run: 1, Failures: 0, Errors: 0, Skipped: 0, Time elapsed: 0.019 sec - in com.google.checkstyle.test.chapter6programpractice.rule62donotignoreexceptions.EmptyBlockTest
Running com.google.checkstyle.test.chapter6programpractice.rule64finalizers.NoFinalizerTest
Tests run: 2, Failures: 0, Errors: 0, Skipped: 0, Time elapsed: 0.069 sec - in com.google.checkstyle.test.chapter6programpractice.rule64finalizers.NoFinalizerTest

Results :

Tests run: 96, Failures: 0, Errors: 0, Skipped: 0

[INFO] 
[INFO] --- maven-failsafe-plugin:2.19.1:verify (default-cli) @ checkstyle ---
[INFO] ------------------------------------------------------------------------
[INFO] BUILD SUCCESS
[INFO] ------------------------------------------------------------------------
[INFO] Total time: 02:33 min
[INFO] Finished at: 2016-04-22T12:39:27+00:00
[INFO] Final Memory: 42M/405M
[INFO] ------------------------------------------------------------------------

travis_time:end:0256d790:start=1461328609899497359,finish=1461328769171285436,duration=159271788077[0K
[32;1mThe command "eval $CMD" exited with 0.[0m
travis_fold:start:cache.2[0Kstore build cache
travis_time:start:0cba0e16[0K
travis_time:end:0cba0e16:start=1461328769175514380,finish=1461328769178681147,duration=3166767[0Ktravis_time:start:11e81f20[0K[32;1mchange detected:
/home/travis/.m2/repository/junit/junit-dep/resolver-status.properties

[0m
[32;1mchanges detected, packing new archive[0m
.
[32;1muploading archive[0m

travis_time:end:11e81f20:start=1461328769182342511,finish=1461328781891368145,duration=12709025634[0Ktravis_fold:end:cache.2[0Ktravis_fold:start:after_success.1[0Ktravis_time:start:024fc048[0K$ eval $COVERAGE_CMD

travis_time:end:024fc048:start=1461328781895624697,finish=1461328781898710158,duration=3085461[0Ktravis_fold:end:after_success.1[0Ktravis_fold:start:after_success.2[0Ktravis_time:start:1c5ad310[0K$ if [[ $TRAVIS_REPO_SLUG == 'checkstyle/checkstyle'
            && $TRAVIS_BRANCH == 'master'
            && $TRAVIS_PULL_REQUEST == 'false'
            && $DEPLOY == 'true'
       ]];
    then
        mvn -s config/deploy-settings.xml deploy \
          -DskipTests -DskipITs -Dpmd.skip=true -Dfindbugs.skip=true \
          -Dcobertura.skip=true -Dcheckstyle.ant.skip=true -Dcheckstyle.skip=true -Dxml.skip=true ;
    fi
Java HotSpot(TM) 64-Bit Server VM warning: ignoring option MaxPermSize=192m; support was removed in 8.0
[INFO] Scanning for projects...
[INFO] Inspecting build with total of 1 modules...
[INFO] Installing Nexus Staging features:
[INFO]   ... total of 1 executions of maven-deploy-plugin replaced with nexus-staging-maven-plugin
[INFO]                                                                         
[INFO] ------------------------------------------------------------------------
[INFO] Building checkstyle 6.18-SNAPSHOT
[INFO] ------------------------------------------------------------------------
[INFO] 
[INFO] --- maven-enforcer-plugin:1.4.1:enforce (enforce-maven) @ checkstyle ---
[INFO] 
[INFO] --- maven-enforcer-plugin:1.4.1:enforce (enforce-versions) @ checkstyle ---
[INFO] 
[INFO] --- antlr-maven-plugin:2.2:generate (default) @ checkstyle ---
[INFO] grammar [java.g] was up-to-date; skipping
[INFO] 
[INFO] --- antlr4-maven-plugin:4.5.3:antlr4 (default) @ checkstyle ---
[INFO] No grammars to process
[INFO] ANTLR 4: Processing source directory /home/travis/build/checkstyle/checkstyle/src/main/resources
[INFO] 
[INFO] --- build-helper-maven-plugin:1.10:add-source (add-source) @ checkstyle ---
[INFO] Source directory: /home/travis/build/checkstyle/checkstyle/target/generated-sources/antlr added.
[INFO] 
[INFO] --- maven-resources-plugin:2.7:resources (default-resources) @ checkstyle ---
[INFO] Using 'UTF-8' encoding to copy filtered resources.
[INFO] Copying 161 resources
[INFO] Copying 1 resource
[INFO] 
[INFO] --- build-helper-maven-plugin:1.10:add-test-source (add-test-source) @ checkstyle ---
[INFO] Test Source directory: /home/travis/build/checkstyle/checkstyle/src/test/resources added.
[INFO] 
[INFO] --- build-helper-maven-plugin:1.10:add-test-source (add-it-test-source) @ checkstyle ---
[INFO] Test Source directory: /home/travis/build/checkstyle/checkstyle/src/it/java added.
[INFO] 
[INFO] --- build-helper-maven-plugin:1.10:add-test-source (add-it-test-resource) @ checkstyle ---
[INFO] Test Source directory: /home/travis/build/checkstyle/checkstyle/src/it/resources added.
[INFO] 
[INFO] --- maven-compiler-plugin:3.5.1:compile (default-compile) @ checkstyle ---
[INFO] Changes detected - recompiling the module!
[INFO] Compiling 343 source files to /home/travis/build/checkstyle/checkstyle/target/classes
[INFO] /home/travis/build/checkstyle/checkstyle/src/main/java/com/puppycrawl/tools/checkstyle/checks/javadoc/JavadocMethodCheck.java: /home/travis/build/checkstyle/checkstyle/src/main/java/com/puppycrawl/tools/checkstyle/checks/javadoc/JavadocMethodCheck.java uses or overrides a deprecated API.
[INFO] /home/travis/build/checkstyle/checkstyle/src/main/java/com/puppycrawl/tools/checkstyle/checks/javadoc/JavadocMethodCheck.java: Recompile with -Xlint:deprecation for details.
[INFO] /home/travis/build/checkstyle/checkstyle/src/main/java/com/puppycrawl/tools/checkstyle/api/AutomaticBean.java: Some input files use unchecked or unsafe operations.
[INFO] /home/travis/build/checkstyle/checkstyle/src/main/java/com/puppycrawl/tools/checkstyle/api/AutomaticBean.java: Recompile with -Xlint:unchecked for details.
[INFO] 
[INFO] --- maven-antrun-plugin:1.8:run (ant-phase-compile) @ checkstyle ---
[INFO] Executing tasks

main:

execute:
[propertyfile] Updating property file: /home/travis/build/checkstyle/checkstyle/target/classes/checkstylecompilation.properties
  [javadoc] Generating Javadoc
  [javadoc] Javadoc execution
  [javadoc] Loading source file /home/travis/build/checkstyle/checkstyle/src/main/java/com/puppycrawl/tools/checkstyle/api/TokenTypes.java...
  [javadoc] Constructing Javadoc information...
[INFO] Executed tasks
[INFO] 
[INFO] --- maven-resources-plugin:2.7:testResources (default-testResources) @ checkstyle ---
[INFO] Using 'UTF-8' encoding to copy filtered resources.
[INFO] Copying 621 resources
[INFO] 
[INFO] --- maven-compiler-plugin:3.5.1:testCompile (default-testCompile) @ checkstyle ---
[INFO] Changes detected - recompiling the module!
[INFO] Compiling 910 source files to /home/travis/build/checkstyle/checkstyle/target/test-classes
[INFO] /home/travis/build/checkstyle/checkstyle/src/test/java/com/puppycrawl/tools/checkstyle/checks/javadoc/AbstractTypeAwareCheckTest.java: Some input files use or override a deprecated API.
[INFO] /home/travis/build/checkstyle/checkstyle/src/test/java/com/puppycrawl/tools/checkstyle/checks/javadoc/AbstractTypeAwareCheckTest.java: Recompile with -Xlint:deprecation for details.
[INFO] 
[INFO] --- maven-surefire-plugin:2.19.1:test (default-test) @ checkstyle ---
[INFO] Tests are skipped.
[INFO] 
[INFO] --- xml-maven-plugin:1.0.1:validate (default) @ checkstyle ---
[INFO] 
[INFO] --- maven-jar-plugin:2.6:jar (default-jar) @ checkstyle ---
[INFO] Building jar: /home/travis/build/checkstyle/checkstyle/target/checkstyle-6.18-SNAPSHOT.jar
[INFO] 
[INFO] --- maven-jar-plugin:2.6:test-jar (default) @ checkstyle ---
[INFO] Building jar: /home/travis/build/checkstyle/checkstyle/target/checkstyle-6.18-SNAPSHOT-tests.jar
[INFO] 
[INFO] --- maven-failsafe-plugin:2.19.1:integration-test (integration-test) @ checkstyle ---
[INFO] Tests are skipped.
[INFO] 
[INFO] --- maven-checkstyle-plugin:2.17:check (sevntu-checkstyle-check) @ checkstyle ---
[INFO] 
[INFO] --- maven-failsafe-plugin:2.19.1:verify (verify) @ checkstyle ---
[INFO] Tests are skipped.
[INFO] 
[INFO] --- maven-antrun-plugin:1.8:run (ant-phase-verify) @ checkstyle ---
[INFO] Executing tasks

main:

execute:
[INFO] Executed tasks
[INFO] 
[INFO] >>> maven-pmd-plugin:3.6:check (default) > :pmd @ checkstyle >>>
[INFO] 
[INFO] --- maven-pmd-plugin:3.6:pmd (pmd) @ checkstyle ---
[INFO] 
[INFO] <<< maven-pmd-plugin:3.6:check (default) < :pmd @ checkstyle <<<
[INFO] 
[INFO] --- maven-pmd-plugin:3.6:check (default) @ checkstyle ---
[INFO] 
[INFO] >>> findbugs-maven-plugin:3.0.3:check (default) > :findbugs @ checkstyle >>>
[INFO] 
[INFO] --- findbugs-maven-plugin:3.0.3:findbugs (findbugs) @ checkstyle ---
[INFO] 
[INFO] <<< findbugs-maven-plugin:3.0.3:check (default) < :findbugs @ checkstyle <<<
[INFO] 
[INFO] --- findbugs-maven-plugin:3.0.3:check (default) @ checkstyle ---
[INFO] 
[INFO] --- forbiddenapis:2.0:check (default) @ checkstyle ---
[INFO] Scanning for classes to check...
[INFO] Reading bundled API signatures: jdk-unsafe-1.7
[INFO] Reading bundled API signatures: jdk-deprecated-1.7
[INFO] Reading bundled API signatures: jdk-system-out
[INFO] Loading classes to check...
[INFO] Scanning classes for violations...
[INFO] Scanned 491 (and 511 related) class file(s) for forbidden API invocations (in 1.89s), 0 error(s).
[INFO] 
[INFO] --- forbiddenapis:2.0:testCheck (default) @ checkstyle ---
[INFO] Scanning for classes to check...
[INFO] Reading bundled API signatures: jdk-unsafe-1.7
[INFO] Reading bundled API signatures: jdk-deprecated-1.7
[INFO] Reading bundled API signatures: jdk-system-out
[INFO] Loading classes to check...
[INFO] Scanning classes for violations...
[INFO] Scanned 1259 (and 750 related) class file(s) for forbidden API invocations (in 4.02s), 0 error(s).
[INFO] 
[INFO] >>> cobertura-maven-plugin:2.7:check (default) > [cobertura]test @ checkstyle >>>
[INFO] 
[INFO] --- maven-enforcer-plugin:1.4.1:enforce (enforce-maven) @ checkstyle ---
[INFO] 
[INFO] --- maven-enforcer-plugin:1.4.1:enforce (enforce-versions) @ checkstyle ---
[INFO] 
[INFO] --- antlr-maven-plugin:2.2:generate (default) @ checkstyle ---
[INFO] grammar [java.g] was up-to-date; skipping
[INFO] 
[INFO] --- antlr4-maven-plugin:4.5.3:antlr4 (default) @ checkstyle ---
[INFO] No grammars to process
[INFO] ANTLR 4: Processing source directory /home/travis/build/checkstyle/checkstyle/src/main/resources
[INFO] 
[INFO] --- build-helper-maven-plugin:1.10:add-source (add-source) @ checkstyle ---
[INFO] Source directory: /home/travis/build/checkstyle/checkstyle/target/generated-sources/antlr added.
[INFO] 
[INFO] --- maven-resources-plugin:2.7:resources (default-resources) @ checkstyle ---
[INFO] Using 'UTF-8' encoding to copy filtered resources.
[INFO] Copying 161 resources
[INFO] Copying 1 resource
[INFO] Copying 1 resource
[INFO] 
[INFO] --- build-helper-maven-plugin:1.10:add-test-source (add-test-source) @ checkstyle ---
[INFO] Test Source directory: /home/travis/build/checkstyle/checkstyle/src/test/resources added.
[INFO] 
[INFO] --- build-helper-maven-plugin:1.10:add-test-source (add-it-test-source) @ checkstyle ---
[INFO] Test Source directory: /home/travis/build/checkstyle/checkstyle/src/it/java added.
[INFO] 
[INFO] --- build-helper-maven-plugin:1.10:add-test-source (add-it-test-resource) @ checkstyle ---
[INFO] Test Source directory: /home/travis/build/checkstyle/checkstyle/src/it/resources added.
[INFO] 
[INFO] --- maven-compiler-plugin:3.5.1:compile (default-compile) @ checkstyle ---
[INFO] Changes detected - recompiling the module!
[INFO] Compiling 343 source files to /home/travis/build/checkstyle/checkstyle/target/classes
[INFO] /home/travis/build/checkstyle/checkstyle/src/main/java/com/puppycrawl/tools/checkstyle/checks/javadoc/JavadocMethodCheck.java: /home/travis/build/checkstyle/checkstyle/src/main/java/com/puppycrawl/tools/checkstyle/checks/javadoc/JavadocMethodCheck.java uses or overrides a deprecated API.
[INFO] /home/travis/build/checkstyle/checkstyle/src/main/java/com/puppycrawl/tools/checkstyle/checks/javadoc/JavadocMethodCheck.java: Recompile with -Xlint:deprecation for details.
[INFO] /home/travis/build/checkstyle/checkstyle/src/main/java/com/puppycrawl/tools/checkstyle/api/AutomaticBean.java: Some input files use unchecked or unsafe operations.
[INFO] /home/travis/build/checkstyle/checkstyle/src/main/java/com/puppycrawl/tools/checkstyle/api/AutomaticBean.java: Recompile with -Xlint:unchecked for details.
[INFO] 
[INFO] --- maven-antrun-plugin:1.8:run (ant-phase-compile) @ checkstyle ---
[INFO] Executing tasks

main:

execute:
[propertyfile] Updating property file: /home/travis/build/checkstyle/checkstyle/target/classes/checkstylecompilation.properties
  [javadoc] Generating Javadoc
  [javadoc] Javadoc execution
  [javadoc] Loading source file /home/travis/build/checkstyle/checkstyle/src/main/java/com/puppycrawl/tools/checkstyle/api/TokenTypes.java...
  [javadoc] Constructing Javadoc information...
[INFO] Executed tasks
[INFO] 
[INFO] --- cobertura-maven-plugin:2.7:instrument (default) @ checkstyle ---
[INFO] Skipping cobertura execution
[INFO] 
[INFO] --- maven-resources-plugin:2.7:testResources (default-testResources) @ checkstyle ---
[INFO] Using 'UTF-8' encoding to copy filtered resources.
[INFO] Copying 621 resources
[INFO] 
[INFO] --- maven-compiler-plugin:3.5.1:testCompile (default-testCompile) @ checkstyle ---
[INFO] Changes detected - recompiling the module!
[INFO] Compiling 910 source files to /home/travis/build/checkstyle/checkstyle/target/test-classes
[INFO] /home/travis/build/checkstyle/checkstyle/src/test/java/com/puppycrawl/tools/checkstyle/checks/javadoc/AbstractTypeAwareCheckTest.java: Some input files use or override a deprecated API.
[INFO] /home/travis/build/checkstyle/checkstyle/src/test/java/com/puppycrawl/tools/checkstyle/checks/javadoc/AbstractTypeAwareCheckTest.java: Recompile with -Xlint:deprecation for details.
[INFO] 
[INFO] --- maven-surefire-plugin:2.19.1:test (default-test) @ checkstyle ---
[INFO] Tests are skipped.
[INFO] 
[INFO] --- xml-maven-plugin:1.0.1:validate (default) @ checkstyle ---
[INFO] 
[INFO] <<< cobertura-maven-plugin:2.7:check (default) < [cobertura]test @ checkstyle <<<
[INFO] 
[INFO] --- cobertura-maven-plugin:2.7:check (default) @ checkstyle ---
[INFO] Skipping cobertura execution
[INFO] 
[INFO] --- maven-install-plugin:2.5.2:install (default-install) @ checkstyle ---
[INFO] Installing /home/travis/build/checkstyle/checkstyle/target/checkstyle-6.18-SNAPSHOT.jar to /home/travis/.m2/repository/com/puppycrawl/tools/checkstyle/6.18-SNAPSHOT/checkstyle-6.18-SNAPSHOT.jar
[INFO] Installing /home/travis/build/checkstyle/checkstyle/pom.xml to /home/travis/.m2/repository/com/puppycrawl/tools/checkstyle/6.18-SNAPSHOT/checkstyle-6.18-SNAPSHOT.pom
[INFO] Installing /home/travis/build/checkstyle/checkstyle/target/checkstyle-6.18-SNAPSHOT-tests.jar to /home/travis/.m2/repository/com/puppycrawl/tools/checkstyle/6.18-SNAPSHOT/checkstyle-6.18-SNAPSHOT-tests.jar
[INFO] 
[INFO] --- nexus-staging-maven-plugin:1.6.7:deploy (injected-nexus-deploy) @ checkstyle ---
[INFO] Performing deferred deploys (gathering into "/home/travis/build/checkstyle/checkstyle/target/nexus-staging/deferred")...
[INFO] Installing /home/travis/build/checkstyle/checkstyle/target/checkstyle-6.18-SNAPSHOT.jar to /home/travis/build/checkstyle/checkstyle/target/nexus-staging/deferred/com/puppycrawl/tools/checkstyle/6.18-SNAPSHOT/checkstyle-6.18-SNAPSHOT.jar
[INFO] Installing /home/travis/build/checkstyle/checkstyle/pom.xml to /home/travis/build/checkstyle/checkstyle/target/nexus-staging/deferred/com/puppycrawl/tools/checkstyle/6.18-SNAPSHOT/checkstyle-6.18-SNAPSHOT.pom
[INFO] Installing /home/travis/build/checkstyle/checkstyle/target/checkstyle-6.18-SNAPSHOT-tests.jar to /home/travis/build/checkstyle/checkstyle/target/nexus-staging/deferred/com/puppycrawl/tools/checkstyle/6.18-SNAPSHOT/checkstyle-6.18-SNAPSHOT-tests.jar
[INFO] Deploying remotely...
[INFO] Bulk deploying locally gathered artifacts from directory: 
[INFO]  * Bulk deploying locally gathered snapshot artifacts
Downloading: https://oss.sonatype.org/content/repositories/snapshots/com/puppycrawl/tools/checkstyle/6.18-SNAPSHOT/maven-metadata.xml
992/992 B               Downloaded: https://oss.sonatype.org/content/repositories/snapshots/com/puppycrawl/tools/checkstyle/6.18-SNAPSHOT/maven-metadata.xml (992 B at 2.1 KB/sec)
Uploading: https://oss.sonatype.org/content/repositories/snapshots/com/puppycrawl/tools/checkstyle/6.18-SNAPSHOT/checkstyle-6.18-20160422.124109-41.jar
2/1131 KB   4/1131 KB   6/1131 KB   8/1131 KB   10/1131 KB   12/1131 KB   14/1131 KB   16/1131 KB   18/1131 KB   20/1131 KB   22/1131 KB   24/1131 KB   26/1131 KB   28/1131 KB   30/1131 KB   32/1131 KB   34/1131 KB   36/1131 KB   38/1131 KB   40/1131 KB   42/1131 KB   44/1131 KB   46/1131 KB   48/1131 KB   50/1131 KB   52/1131 KB   54/1131 KB   56/1131 KB   58/1131 KB   60/1131 KB   62/1131 KB   64/1131 KB   66/1131 KB   68/1131 KB   70/1131 KB   72/1131 KB   74/1131 KB   76/1131 KB   78/1131 KB   80/1131 KB   82/1131 KB   84/1131 KB   86/1131 KB   88/1131 KB   90/1131 KB   92/1131 KB   94/1131 KB   96/1131 KB   98/1131 KB   100/1131 KB   102/1131 KB   104/1131 KB   106/1131 KB   108/1131 KB   110/1131 KB   112/1131 KB   114/1131 KB   116/1131 KB   118/1131 KB   120/1131 KB   122/1131 KB   124/1131 KB   126/1131 KB   128/1131 KB   130/1131 KB   132/1131 KB   134/1131 KB   136/1131 KB   138/1131 KB   140/1131 KB   142/1131 KB   144/1131 KB   146/1131 KB   148/1131 KB   150/1131 KB   152/1131 KB   154/1131 KB   156/1131 KB   158/1131 KB   160/1131 KB   162/1131 KB   164/1131 KB   166/1131 KB   168/1131 KB   170/1131 KB   172/1131 KB   174/1131 KB   176/1131 KB   178/1131 KB   180/1131 KB   182/1131 KB   184/1131 KB   186/1131 KB   188/1131 KB   190/1131 KB   192/1131 KB   194/1131 KB   196/1131 KB   198/1131 KB   200/1131 KB   202/1131 KB   204/1131 KB   206/1131 KB   208/1131 KB   210/1131 KB   212/1131 KB   214/1131 KB   216/1131 KB   218/1131 KB   220/1131 KB   222/1131 KB   224/1131 KB   226/1131 KB   228/1131 KB   230/1131 KB   232/1131 KB   234/1131 KB   236/1131 KB   238/1131 KB   240/1131 KB   242/1131 KB   244/1131 KB   246/1131 KB   248/1131 KB   250/1131 KB   252/1131 KB   254/1131 KB   256/1131 KB   258/1131 KB   260/1131 KB   262/1131 KB   264/1131 KB   266/1131 KB   268/1131 KB   270/1131 KB   272/1131 KB   274/1131 KB   276/1131 KB   278/1131 KB   280/1131 KB   282/1131 KB   284/1131 KB   286/1131 KB   288/1131 KB   290/1131 KB   292/1131 KB   294/1131 KB   296/1131 KB   298/1131 KB   300/1131 KB   302/1131 KB   304/1131 KB   306/1131 KB   308/1131 KB   310/1131 KB   312/1131 KB   314/1131 KB   316/1131 KB   318/1131 KB   320/1131 KB   322/1131 KB   324/1131 KB   326/1131 KB   328/1131 KB   330/1131 KB   332/1131 KB   334/1131 KB   336/1131 KB   338/1131 KB   340/1131 KB   342/1131 KB   344/1131 KB   346/1131 KB   348/1131 KB   350/1131 KB   352/1131 KB   354/1131 KB   356/1131 KB   358/1131 KB   360/1131 KB   362/1131 KB   364/1131 KB   366/1131 KB   368/1131 KB   370/1131 KB   372/1131 KB   374/1131 KB   376/1131 KB   378/1131 KB   380/1131 KB   382/1131 KB   384/1131 KB   386/1131 KB   388/1131 KB   390/1131 KB   392/1131 KB   394/1131 KB   396/1131 KB   398/1131 KB   400/1131 KB   402/1131 KB   404/1131 KB   406/1131 KB   408/1131 KB   410/1131 KB   412/1131 KB   414/1131 KB   416/1131 KB   418/1131 KB   420/1131 KB   422/1131 KB   424/1131 KB   426/1131 KB   428/1131 KB   430/1131 KB   432/1131 KB   434/1131 KB   436/1131 KB   438/1131 KB   440/1131 KB   442/1131 KB   444/1131 KB   446/1131 KB   448/1131 KB   450/1131 KB   452/1131 KB   454/1131 KB   456/1131 KB   458/1131 KB   460/1131 KB   462/1131 KB   464/1131 KB   466/1131 KB   468/1131 KB   470/1131 KB   472/1131 KB   474/1131 KB   476/1131 KB   478/1131 KB   480/1131 KB   482/1131 KB   484/1131 KB   486/1131 KB   488/1131 KB   490/1131 KB   492/1131 KB   494/1131 KB   496/1131 KB   498/1131 KB   500/1131 KB   502/1131 KB   504/1131 KB   506/1131 KB   508/1131 KB   510/1131 KB   512/1131 KB   514/1131 KB   516/1131 KB   518/1131 KB   520/1131 KB   522/1131 KB   524/1131 KB   526/1131 KB   528/1131 KB   530/1131 KB   532/1131 KB   534/1131 KB   536/1131 KB   538/1131 KB   540/1131 KB   542/1131 KB   544/1131 KB   546/1131 KB   548/1131 KB   550/1131 KB   552/1131 KB   554/1131 KB   556/1131 KB   558/1131 KB   560/1131 KB   562/1131 KB   564/1131 KB   566/1131 KB   568/1131 KB   570/1131 KB   572/1131 KB   574/1131 KB   576/1131 KB   578/1131 KB   580/1131 KB   582/1131 KB   584/1131 KB   586/1131 KB   588/1131 KB   590/1131 KB   592/1131 KB   594/1131 KB   596/1131 KB   598/1131 KB   600/1131 KB   602/1131 KB   604/1131 KB   606/1131 KB   608/1131 KB   610/1131 KB   612/1131 KB   614/1131 KB   616/1131 KB   618/1131 KB   620/1131 KB   622/1131 KB   624/1131 KB   626/1131 KB   628/1131 KB   630/1131 KB   632/1131 KB   634/1131 KB   636/1131 KB   638/1131 KB   640/1131 KB   642/1131 KB   644/1131 KB   646/1131 KB   648/1131 KB   650/1131 KB   652/1131 KB   654/1131 KB   656/1131 KB   658/1131 KB   660/1131 KB   662/1131 KB   664/1131 KB   666/1131 KB   668/1131 KB   670/1131 KB   672/1131 KB   674/1131 KB   676/1131 KB   678/1131 KB   680/1131 KB   682/1131 KB   684/1131 KB   686/1131 KB   688/1131 KB   690/1131 KB   692/1131 KB   694/1131 KB   696/1131 KB   698/1131 KB   700/1131 KB   702/1131 KB   704/1131 KB   706/1131 KB   708/1131 KB   710/1131 KB   712/1131 KB   714/1131 KB   716/1131 KB   718/1131 KB   720/1131 KB   722/1131 KB   724/1131 KB   726/1131 KB   728/1131 KB   730/1131 KB   732/1131 KB   734/1131 KB   736/1131 KB   738/1131 KB   740/1131 KB   742/1131 KB   744/1131 KB   746/1131 KB   748/1131 KB   750/1131 KB   752/1131 KB   754/1131 KB   756/1131 KB   758/1131 KB   760/1131 KB   762/1131 KB   764/1131 KB   766/1131 KB   768/1131 KB   770/1131 KB   772/1131 KB   774/1131 KB   776/1131 KB   778/1131 KB   780/1131 KB   782/1131 KB   784/1131 KB   786/1131 KB   788/1131 KB   790/1131 KB   792/1131 KB   794/1131 KB   796/1131 KB   798/1131 KB   800/1131 KB   802/1131 KB   804/1131 KB   806/1131 KB   808/1131 KB   810/1131 KB   812/1131 KB   814/1131 KB   816/1131 KB   818/1131 KB   820/1131 KB   822/1131 KB   824/1131 KB   826/1131 KB   828/1131 KB   830/1131 KB   832/1131 KB   834/1131 KB   836/1131 KB   838/1131 KB   840/1131 KB   842/1131 KB   844/1131 KB   846/1131 KB   848/1131 KB   850/1131 KB   852/1131 KB   854/1131 KB   856/1131 KB   858/1131 KB   860/1131 KB   862/1131 KB   864/1131 KB   866/1131 KB   868/1131 KB   870/1131 KB   872/1131 KB   874/1131 KB   876/1131 KB   878/1131 KB   880/1131 KB   882/1131 KB   884/1131 KB   886/1131 KB   888/1131 KB   890/1131 KB   892/1131 KB   894/1131 KB   896/1131 KB   898/1131 KB   900/1131 KB   902/1131 KB   904/1131 KB   906/1131 KB   908/1131 KB   910/1131 KB   912/1131 KB   914/1131 KB   916/1131 KB   918/1131 KB   920/1131 KB   922/1131 KB   924/1131 KB   926/1131 KB   928/1131 KB   930/1131 KB   932/1131 KB   934/1131 KB   936/1131 KB   938/1131 KB   940/1131 KB   942/1131 KB   944/1131 KB   946/1131 KB   948/1131 KB   950/1131 KB   952/1131 KB   954/1131 KB   956/1131 KB   958/1131 KB   960/1131 KB   962/1131 KB   964/1131 KB   966/1131 KB   968/1131 KB   970/1131 KB   972/1131 KB   974/1131 KB   976/1131 KB   978/1131 KB   980/1131 KB   982/1131 KB   984/1131 KB   986/1131 KB   988/1131 KB   990/1131 KB   992/1131 KB   994/1131 KB   996/1131 KB   998/1131 KB   1000/1131 KB   1002/1131 KB   1004/1131 KB   1006/1131 KB   1008/1131 KB   1010/1131 KB   1012/1131 KB   1014/1131 KB   1016/1131 KB   1018/1131 KB   1020/1131 KB   1022/1131 KB   1024/1131 KB   1026/1131 KB   1028/1131 KB   1030/1131 KB   1032/1131 KB   1034/1131 KB   1036/1131 KB   1038/1131 KB   1040/1131 KB   1042/1131 KB   1044/1131 KB   1046/1131 KB   1048/1131 KB   1050/1131 KB   1052/1131 KB   1054/1131 KB   1056/1131 KB   1058/1131 KB   1060/1131 KB   1062/1131 KB   1064/1131 KB   1066/1131 KB   1068/1131 KB   1070/1131 KB   1072/1131 KB   1074/1131 KB   1076/1131 KB   1078/1131 KB   1080/1131 KB   1082/1131 KB   1084/1131 KB   1086/1131 KB   1088/1131 KB   1090/1131 KB   1092/1131 KB   1094/1131 KB   1096/1131 KB   1098/1131 KB   1100/1131 KB   1102/1131 KB   1104/1131 KB   1106/1131 KB   1108/1131 KB   1110/1131 KB   1112/1131 KB   1114/1131 KB   1116/1131 KB   1118/1131 KB   1120/1131 KB   1122/1131 KB   1124/1131 KB   1126/1131 KB   1128/1131 KB   1130/1131 KB   1131/1131 KB                  Uploaded: https://oss.sonatype.org/content/repositories/snapshots/com/puppycrawl/tools/checkstyle/6.18-SNAPSHOT/checkstyle-6.18-20160422.124109-41.jar (1131 KB at 2037.1 KB/sec)
Uploading: https://oss.sonatype.org/content/repositories/snapshots/com/puppycrawl/tools/checkstyle/6.18-SNAPSHOT/checkstyle-6.18-20160422.124109-41.pom
2/70 KB        4/70 KB   6/70 KB   8/70 KB   10/70 KB   12/70 KB   14/70 KB   16/70 KB   18/70 KB   20/70 KB   22/70 KB   24/70 KB   26/70 KB   28/70 KB   30/70 KB   32/70 KB   34/70 KB   36/70 KB   38/70 KB   40/70 KB   42/70 KB   44/70 KB   46/70 KB   48/70 KB   50/70 KB   52/70 KB   54/70 KB   56/70 KB   58/70 KB   60/70 KB   62/70 KB   64/70 KB   66/70 KB   68/70 KB   70/70 KB              Uploaded: https://oss.sonatype.org/content/repositories/snapshots/com/puppycrawl/tools/checkstyle/6.18-SNAPSHOT/checkstyle-6.18-20160422.124109-41.pom (70 KB at 507.9 KB/sec)
Downloading: https://oss.sonatype.org/content/repositories/snapshots/com/puppycrawl/tools/checkstyle/maven-metadata.xml
471/471 B               Downloaded: https://oss.sonatype.org/content/repositories/snapshots/com/puppycrawl/tools/checkstyle/maven-metadata.xml (471 B at 11.5 KB/sec)
Uploading: https://oss.sonatype.org/content/repositories/snapshots/com/puppycrawl/tools/checkstyle/6.18-SNAPSHOT/maven-metadata.xml
992/992 B               Uploaded: https://oss.sonatype.org/content/repositories/snapshots/com/puppycrawl/tools/checkstyle/6.18-SNAPSHOT/maven-metadata.xml (992 B at 8.1 KB/sec)
Uploading: https://oss.sonatype.org/content/repositories/snapshots/com/puppycrawl/tools/checkstyle/maven-metadata.xml
471/471 B               Uploaded: https://oss.sonatype.org/content/repositories/snapshots/com/puppycrawl/tools/checkstyle/maven-metadata.xml (471 B at 4.1 KB/sec)
Uploading: https://oss.sonatype.org/content/repositories/snapshots/com/puppycrawl/tools/checkstyle/6.18-SNAPSHOT/checkstyle-6.18-20160422.124109-41-tests.jar
2/2666 KB   4/2666 KB   6/2666 KB   8/2666 KB   10/2666 KB   12/2666 KB   14/2666 KB   16/2666 KB   18/2666 KB   20/2666 KB   22/2666 KB   24/2666 KB   26/2666 KB   28/2666 KB   30/2666 KB   32/2666 KB   34/2666 KB   36/2666 KB   38/2666 KB   40/2666 KB   42/2666 KB   44/2666 KB   46/2666 KB   48/2666 KB   50/2666 KB   52/2666 KB   54/2666 KB   56/2666 KB   58/2666 KB   60/2666 KB   62/2666 KB   64/2666 KB   66/2666 KB   68/2666 KB   70/2666 KB   72/2666 KB   74/2666 KB   76/2666 KB   78/2666 KB   80/2666 KB   82/2666 KB   84/2666 KB   86/2666 KB   88/2666 KB   90/2666 KB   92/2666 KB   94/2666 KB   96/2666 KB   98/2666 KB   100/2666 KB   102/2666 KB   104/2666 KB   106/2666 KB   108/2666 KB   110/2666 KB   112/2666 KB   114/2666 KB   116/2666 KB   118/2666 KB   120/2666 KB   122/2666 KB   124/2666 KB   126/2666 KB   128/2666 KB   130/2666 KB   132/2666 KB   134/2666 KB   136/2666 KB   138/2666 KB   140/2666 KB   142/2666 KB   144/2666 KB   146/2666 KB   148/2666 KB   150/2666 KB   152/2666 KB   154/2666 KB   156/2666 KB   158/2666 KB   160/2666 KB   162/2666 KB   164/2666 KB   166/2666 KB   168/2666 KB   170/2666 KB   172/2666 KB   174/2666 KB   176/2666 KB   178/2666 KB   180/2666 KB   182/2666 KB   184/2666 KB   186/2666 KB   188/2666 KB   190/2666 KB   192/2666 KB   194/2666 KB   196/2666 KB   198/2666 KB   200/2666 KB   202/2666 KB   204/2666 KB   206/2666 KB   208/2666 KB   210/2666 KB   212/2666 KB   214/2666 KB   216/2666 KB   218/2666 KB   220/2666 KB   222/2666 KB   224/2666 KB   226/2666 KB   228/2666 KB   230/2666 KB   232/2666 KB   234/2666 KB   236/2666 KB   238/2666 KB   240/2666 KB   242/2666 KB   244/2666 KB   246/2666 KB   248/2666 KB   250/2666 KB   252/2666 KB   254/2666 KB   256/2666 KB   258/2666 KB   260/2666 KB   262/2666 KB   264/2666 KB   266/2666 KB   268/2666 KB   270/2666 KB   272/2666 KB   274/2666 KB   276/2666 KB   278/2666 KB   280/2666 KB   282/2666 KB   284/2666 KB   286/2666 KB   288/2666 KB   290/2666 KB   292/2666 KB   294/2666 KB   296/2666 KB   298/2666 KB   300/2666 KB   302/2666 KB   304/2666 KB   306/2666 KB   308/2666 KB   310/2666 KB   312/2666 KB   314/2666 KB   316/2666 KB   318/2666 KB   320/2666 KB   322/2666 KB   324/2666 KB   326/2666 KB   328/2666 KB   330/2666 KB   332/2666 KB   334/2666 KB   336/2666 KB   338/2666 KB   340/2666 KB   342/2666 KB   344/2666 KB   346/2666 KB   348/2666 KB   350/2666 KB   352/2666 KB   354/2666 KB   356/2666 KB   358/2666 KB   360/2666 KB   362/2666 KB   364/2666 KB   366/2666 KB   368/2666 KB   370/2666 KB   372/2666 KB   374/2666 KB   376/2666 KB   378/2666 KB   380/2666 KB   382/2666 KB   384/2666 KB   386/2666 KB   388/2666 KB   390/2666 KB   392/2666 KB   394/2666 KB   396/2666 KB   398/2666 KB   400/2666 KB   402/2666 KB   404/2666 KB   406/2666 KB   408/2666 KB   410/2666 KB   412/2666 KB   414/2666 KB   416/2666 KB   418/2666 KB   420/2666 KB   422/2666 KB   424/2666 KB   426/2666 KB   428/2666 KB   430/2666 KB   432/2666 KB   434/2666 KB   436/2666 KB   438/2666 KB   440/2666 KB   442/2666 KB   444/2666 KB   446/2666 KB   448/2666 KB   450/2666 KB   452/2666 KB   454/2666 KB   456/2666 KB   458/2666 KB   460/2666 KB   462/2666 KB   464/2666 KB   466/2666 KB   468/2666 KB   470/2666 KB   472/2666 KB   474/2666 KB   476/2666 KB   478/2666 KB   480/2666 KB   482/2666 KB   484/2666 KB   486/2666 KB   488/2666 KB   490/2666 KB   492/2666 KB   494/2666 KB   496/2666 KB   498/2666 KB   500/2666 KB   502/2666 KB   504/2666 KB   506/2666 KB   508/2666 KB   510/2666 KB   512/2666 KB   514/2666 KB   516/2666 KB   518/2666 KB   520/2666 KB   522/2666 KB   524/2666 KB   526/2666 KB   528/2666 KB   530/2666 KB   532/2666 KB   534/2666 KB   536/2666 KB   538/2666 KB   540/2666 KB   542/2666 KB   544/2666 KB   546/2666 KB   548/2666 KB   550/2666 KB   552/2666 KB   554/2666 KB   556/2666 KB   558/2666 KB   560/2666 KB   562/2666 KB   564/2666 KB   566/2666 KB   568/2666 KB   570/2666 KB   572/2666 KB   574/2666 KB   576/2666 KB   578/2666 KB   580/2666 KB   582/2666 KB   584/2666 KB   586/2666 KB   588/2666 KB   590/2666 KB   592/2666 KB   594/2666 KB   596/2666 KB   598/2666 KB   600/2666 KB   602/2666 KB   604/2666 KB   606/2666 KB   608/2666 KB   610/2666 KB   612/2666 KB   614/2666 KB   616/2666 KB   618/2666 KB   620/2666 KB   622/2666 KB   624/2666 KB   626/2666 KB   628/2666 KB   630/2666 KB   632/2666 KB   634/2666 KB   636/2666 KB   638/2666 KB   640/2666 KB   642/2666 KB   644/2666 KB   646/2666 KB   648/2666 KB   650/2666 KB   652/2666 KB   654/2666 KB   656/2666 KB   658/2666 KB   660/2666 KB   662/2666 KB   664/2666 KB   666/2666 KB   668/2666 KB   670/2666 KB   672/2666 KB   674/2666 KB   676/2666 KB   678/2666 KB   680/2666 KB   682/2666 KB   684/2666 KB   686/2666 KB   688/2666 KB   690/2666 KB   692/2666 KB   694/2666 KB   696/2666 KB   698/2666 KB   700/2666 KB   702/2666 KB   704/2666 KB   706/2666 KB   708/2666 KB   710/2666 KB   712/2666 KB   714/2666 KB   716/2666 KB   718/2666 KB   720/2666 KB   722/2666 KB   724/2666 KB   726/2666 KB   728/2666 KB   730/2666 KB   732/2666 KB   734/2666 KB   736/2666 KB   738/2666 KB   740/2666 KB   742/2666 KB   744/2666 KB   746/2666 KB   748/2666 KB   750/2666 KB   752/2666 KB   754/2666 KB   756/2666 KB   758/2666 KB   760/2666 KB   762/2666 KB   764/2666 KB   766/2666 KB   768/2666 KB   770/2666 KB   772/2666 KB   774/2666 KB   776/2666 KB   778/2666 KB   780/2666 KB   782/2666 KB   784/2666 KB   786/2666 KB   788/2666 KB   790/2666 KB   792/2666 KB   794/2666 KB   796/2666 KB   798/2666 KB   800/2666 KB   802/2666 KB   804/2666 KB   806/2666 KB   808/2666 KB   810/2666 KB   812/2666 KB   814/2666 KB   816/2666 KB   818/2666 KB   820/2666 KB   822/2666 KB   824/2666 KB   826/2666 KB   828/2666 KB   830/2666 KB   832/2666 KB   834/2666 KB   836/2666 KB   838/2666 KB   840/2666 KB   842/2666 KB   844/2666 KB   846/2666 KB   848/2666 KB   850/2666 KB   852/2666 KB   854/2666 KB   856/2666 KB   858/2666 KB   860/2666 KB   862/2666 KB   864/2666 KB   866/2666 KB   868/2666 KB   870/2666 KB   872/2666 KB   874/2666 KB   876/2666 KB   878/2666 KB   880/2666 KB   882/2666 KB   884/2666 KB   886/2666 KB   888/2666 KB   890/2666 KB   892/2666 KB   894/2666 KB   896/2666 KB   898/2666 KB   900/2666 KB   902/2666 KB   904/2666 KB   906/2666 KB   908/2666 KB   910/2666 KB   912/2666 KB   914/2666 KB   916/2666 KB   918/2666 KB   920/2666 KB   922/2666 KB   924/2666 KB   926/2666 KB   928/2666 KB   930/2666 KB   932/2666 KB   934/2666 KB   936/2666 KB   938/2666 KB   940/2666 KB   942/2666 KB   944/2666 KB   946/2666 KB   948/2666 KB   950/2666 KB   952/2666 KB   954/2666 KB   956/2666 KB   958/2666 KB   960/2666 KB   962/2666 KB   964/2666 KB   966/2666 KB   968/2666 KB   970/2666 KB   972/2666 KB   974/2666 KB   976/2666 KB   978/2666 KB   980/2666 KB   982/2666 KB   984/2666 KB   986/2666 KB   988/2666 KB   990/2666 KB   992/2666 KB   994/2666 KB   996/2666 KB   998/2666 KB   1000/2666 KB   1002/2666 KB   1004/2666 KB   1006/2666 KB   1008/2666 KB   1010/2666 KB   1012/2666 KB   1014/2666 KB   1016/2666 KB   1018/2666 KB   1020/2666 KB   1022/2666 KB   1024/2666 KB   1026/2666 KB   1028/2666 KB   1030/2666 KB   1032/2666 KB   1034/2666 KB   1036/2666 KB   1038/2666 KB   1040/2666 KB   1042/2666 KB   1044/2666 KB   1046/2666 KB   1048/2666 KB   1050/2666 KB   1052/2666 KB   1054/2666 KB   1056/2666 KB   1058/2666 KB   1060/2666 KB   1062/2666 KB   1064/2666 KB   1066/2666 KB   1068/2666 KB   1070/2666 KB   1072/2666 KB   1074/2666 KB   1076/2666 KB   1078/2666 KB   1080/2666 KB   1082/2666 KB   1084/2666 KB   1086/2666 KB   1088/2666 KB   1090/2666 KB   1092/2666 KB   1094/2666 KB   1096/2666 KB   1098/2666 KB   1100/2666 KB   1102/2666 KB   1104/2666 KB   1106/2666 KB   1108/2666 KB   1110/2666 KB   1112/2666 KB   1114/2666 KB   1116/2666 KB   1118/2666 KB   1120/2666 KB   1122/2666 KB   1124/2666 KB   1126/2666 KB   1128/2666 KB   1130/2666 KB   1132/2666 KB   1134/2666 KB   1136/2666 KB   1138/2666 KB   1140/2666 KB   1142/2666 KB   1144/2666 KB   1146/2666 KB   1148/2666 KB   1150/2666 KB   1152/2666 KB   1154/2666 KB   1156/2666 KB   1158/2666 KB   1160/2666 KB   1162/2666 KB   1164/2666 KB   1166/2666 KB   1168/2666 KB   1170/2666 KB   1172/2666 KB   1174/2666 KB   1176/2666 KB   1178/2666 KB   1180/2666 KB   1182/2666 KB   1184/2666 KB   1186/2666 KB   1188/2666 KB   1190/2666 KB   1192/2666 KB   1194/2666 KB   1196/2666 KB   1198/2666 KB   1200/2666 KB   1202/2666 KB   1204/2666 KB   1206/2666 KB   1208/2666 KB   1210/2666 KB   1212/2666 KB   1214/2666 KB   1216/2666 KB   1218/2666 KB   1220/2666 KB   1222/2666 KB   1224/2666 KB   1226/2666 KB   1228/2666 KB   1230/2666 KB   1232/2666 KB   1234/2666 KB   1236/2666 KB   1238/2666 KB   1240/2666 KB   1242/2666 KB   1244/2666 KB   1246/2666 KB   1248/2666 KB   1250/2666 KB   1252/2666 KB   1254/2666 KB   1256/2666 KB   1258/2666 KB   1260/2666 KB   1262/2666 KB   1264/2666 KB   1266/2666 KB   1268/2666 KB   1270/2666 KB   1272/2666 KB   1274/2666 KB   1276/2666 KB   1278/2666 KB   1280/2666 KB   1282/2666 KB   1284/2666 KB   1286/2666 KB   1288/2666 KB   1290/2666 KB   1292/2666 KB   1294/2666 KB   1296/2666 KB   1298/2666 KB   1300/2666 KB   1302/2666 KB   1304/2666 KB   1306/2666 KB   1308/2666 KB   1310/2666 KB   1312/2666 KB   1314/2666 KB   1316/2666 KB   1318/2666 KB   1320/2666 KB   1322/2666 KB   1324/2666 KB   1326/2666 KB   1328/2666 KB   1330/2666 KB   1332/2666 KB   1334/2666 KB   1336/2666 KB   1338/2666 KB   1340/2666 KB   1342/2666 KB   1344/2666 KB   1346/2666 KB   1348/2666 KB   1350/2666 KB   1352/2666 KB   1354/2666 KB   1356/2666 KB   1358/2666 KB   1360/2666 KB   1362/2666 KB   1364/2666 KB   1366/2666 KB   1368/2666 KB   1370/2666 KB   1372/2666 KB   1374/2666 KB   1376/2666 KB   1378/2666 KB   1380/2666 KB   1382/2666 KB   1384/2666 KB   1386/2666 KB   1388/2666 KB   1390/2666 KB   1392/2666 KB   1394/2666 KB   1396/2666 KB   1398/2666 KB   1400/2666 KB   1402/2666 KB   1404/2666 KB   1406/2666 KB   1408/2666 KB   1410/2666 KB   1412/2666 KB   1414/2666 KB   1416/2666 KB   1418/2666 KB   1420/2666 KB   1422/2666 KB   1424/2666 KB   1426/2666 KB   1428/2666 KB   1430/2666 KB   1432/2666 KB   1434/2666 KB   1436/2666 KB   1438/2666 KB   1440/2666 KB   1442/2666 KB   1444/2666 KB   1446/2666 KB   1448/2666 KB   1450/2666 KB   1452/2666 KB   1454/2666 KB   1456/2666 KB   1458/2666 KB   1460/2666 KB   1462/2666 KB   1464/2666 KB   1466/2666 KB   1468/2666 KB   1470/2666 KB   1472/2666 KB   1474/2666 KB   1476/2666 KB   1478/2666 KB   1480/2666 KB   1482/2666 KB   1484/2666 KB   1486/2666 KB   1488/2666 KB   1490/2666 KB   1492/2666 KB   1494/2666 KB   1496/2666 KB   1498/2666 KB   1500/2666 KB   1502/2666 KB   1504/2666 KB   1506/2666 KB   1508/2666 KB   1510/2666 KB   1512/2666 KB   1514/2666 KB   1516/2666 KB   1518/2666 KB   1520/2666 KB   1522/2666 KB   1524/2666 KB   1526/2666 KB   1528/2666 KB   1530/2666 KB   1532/2666 KB   1534/2666 KB   1536/2666 KB   1538/2666 KB   1540/2666 KB   1542/2666 KB   1544/2666 KB   1546/2666 KB   1548/2666 KB   1550/2666 KB   1552/2666 KB   1554/2666 KB   1556/2666 KB   1558/2666 KB   1560/2666 KB   1562/2666 KB   1564/2666 KB   1566/2666 KB   1568/2666 KB   1570/2666 KB   1572/2666 KB   1574/2666 KB   1576/2666 KB   1578/2666 KB   1580/2666 KB   1582/2666 KB   1584/2666 KB   1586/2666 KB   1588/2666 KB   1590/2666 KB   1592/2666 KB   1594/2666 KB   1596/2666 KB   1598/2666 KB   1600/2666 KB   1602/2666 KB   1604/2666 KB   1606/2666 KB   1608/2666 KB   1610/2666 KB   1612/2666 KB   1614/2666 KB   1616/2666 KB   1618/2666 KB   1620/2666 KB   1622/2666 KB   1624/2666 KB   1626/2666 KB   1628/2666 KB   1630/2666 KB   1632/2666 KB   1634/2666 KB   1636/2666 KB   1638/2666 KB   1640/2666 KB   1642/2666 KB   1644/2666 KB   1646/2666 KB   1648/2666 KB   1650/2666 KB   1652/2666 KB   1654/2666 KB   1656/2666 KB   1658/2666 KB   1660/2666 KB   1662/2666 KB   1664/2666 KB   1666/2666 KB   1668/2666 KB   1670/2666 KB   1672/2666 KB   1674/2666 KB   1676/2666 KB   1678/2666 KB   1680/2666 KB   1682/2666 KB   1684/2666 KB   1686/2666 KB   1688/2666 KB   1690/2666 KB   1692/2666 KB   1694/2666 KB   1696/2666 KB   1698/2666 KB   1700/2666 KB   1702/2666 KB   1704/2666 KB   1706/2666 KB   1708/2666 KB   1710/2666 KB   1712/2666 KB   1714/2666 KB   1716/2666 KB   1718/2666 KB   1720/2666 KB   1722/2666 KB   1724/2666 KB   1726/2666 KB   1728/2666 KB   1730/2666 KB   1732/2666 KB   1734/2666 KB   1736/2666 KB   1738/2666 KB   1740/2666 KB   1742/2666 KB   1744/2666 KB   1746/2666 KB   1748/2666 KB   1750/2666 KB   1752/2666 KB   1754/2666 KB   1756/2666 KB   1758/2666 KB   1760/2666 KB   1762/2666 KB   1764/2666 KB   1766/2666 KB   1768/2666 KB   1770/2666 KB   1772/2666 KB   1774/2666 KB   1776/2666 KB   1778/2666 KB   1780/2666 KB   1782/2666 KB   1784/2666 KB   1786/2666 KB   1788/2666 KB   1790/2666 KB   1792/2666 KB   1794/2666 KB   1796/2666 KB   1798/2666 KB   1800/2666 KB   1802/2666 KB   1804/2666 KB   1806/2666 KB   1808/2666 KB   1810/2666 KB   1812/2666 KB   1814/2666 KB   1816/2666 KB   1818/2666 KB   1820/2666 KB   1822/2666 KB   1824/2666 KB   1826/2666 KB   1828/2666 KB   1830/2666 KB   1832/2666 KB   1834/2666 KB   1836/2666 KB   1838/2666 KB   1840/2666 KB   1842/2666 KB   1844/2666 KB   1846/2666 KB   1848/2666 KB   1850/2666 KB   1852/2666 KB   1854/2666 KB   1856/2666 KB   1858/2666 KB   1860/2666 KB   1862/2666 KB   1864/2666 KB   1866/2666 KB   1868/2666 KB   1870/2666 KB   1872/2666 KB   1874/2666 KB   1876/2666 KB   1878/2666 KB   1880/2666 KB   1882/2666 KB   1884/2666 KB   1886/2666 KB   1888/2666 KB   1890/2666 KB   1892/2666 KB   1894/2666 KB   1896/2666 KB   1898/2666 KB   1900/2666 KB   1902/2666 KB   1904/2666 KB   1906/2666 KB   1908/2666 KB   1910/2666 KB   1912/2666 KB   1914/2666 KB   1916/2666 KB   1918/2666 KB   1920/2666 KB   1922/2666 KB   1924/2666 KB   1926/2666 KB   1928/2666 KB   1930/2666 KB   1932/2666 KB   1934/2666 KB   1936/2666 KB   1938/2666 KB   1940/2666 KB   1942/2666 KB   1944/2666 KB   1946/2666 KB   1948/2666 KB   1950/2666 KB   1952/2666 KB   1954/2666 KB   1956/2666 KB   1958/2666 KB   1960/2666 KB   1962/2666 KB   1964/2666 KB   1966/2666 KB   1968/2666 KB   1970/2666 KB   1972/2666 KB   1974/2666 KB   1976/2666 KB   1978/2666 KB   1980/2666 KB   1982/2666 KB   1984/2666 KB   1986/2666 KB   1988/2666 KB   1990/2666 KB   1992/2666 KB   1994/2666 KB   1996/2666 KB   1998/2666 KB   2000/2666 KB   2002/2666 KB   2004/2666 KB   2006/2666 KB   2008/2666 KB   2010/2666 KB   2012/2666 KB   2014/2666 KB   2016/2666 KB   2018/2666 KB   2020/2666 KB   2022/2666 KB   2024/2666 KB   2026/2666 KB   2028/2666 KB   2030/2666 KB   2032/2666 KB   2034/2666 KB   2036/2666 KB   2038/2666 KB   2040/2666 KB   2042/2666 KB   2044/2666 KB   2046/2666 KB   2048/2666 KB   2050/2666 KB   2052/2666 KB   2054/2666 KB   2056/2666 KB   2058/2666 KB   2060/2666 KB   2062/2666 KB   2064/2666 KB   2066/2666 KB   2068/2666 KB   2070/2666 KB   2072/2666 KB   2074/2666 KB   2076/2666 KB   2078/2666 KB   2080/2666 KB   2082/2666 KB   2084/2666 KB   2086/2666 KB   2088/2666 KB   2090/2666 KB   2092/2666 KB   2094/2666 KB   2096/2666 KB   2098/2666 KB   2100/2666 KB   2102/2666 KB   2104/2666 KB   2106/2666 KB   2108/2666 KB   2110/2666 KB   2112/2666 KB   2114/2666 KB   2116/2666 KB   2118/2666 KB   2120/2666 KB   2122/2666 KB   2124/2666 KB   2126/2666 KB   2128/2666 KB   2130/2666 KB   2132/2666 KB   2134/2666 KB   2136/2666 KB   2138/2666 KB   2140/2666 KB   2142/2666 KB   2144/2666 KB   2146/2666 KB   2148/2666 KB   2150/2666 KB   2152/2666 KB   2154/2666 KB   2156/2666 KB   2158/2666 KB   2160/2666 KB   2162/2666 KB   2164/2666 KB   2166/2666 KB   2168/2666 KB   2170/2666 KB   2172/2666 KB   2174/2666 KB   2176/2666 KB   2178/2666 KB   2180/2666 KB   2182/2666 KB   2184/2666 KB   2186/2666 KB   2188/2666 KB   2190/2666 KB   2192/2666 KB   2194/2666 KB   2196/2666 KB   2198/2666 KB   2200/2666 KB   2202/2666 KB   2204/2666 KB   2206/2666 KB   2208/2666 KB   2210/2666 KB   2212/2666 KB   2214/2666 KB   2216/2666 KB   2218/2666 KB   2220/2666 KB   2222/2666 KB   2224/2666 KB   2226/2666 KB   2228/2666 KB   2230/2666 KB   2232/2666 KB   2234/2666 KB   2236/2666 KB   2238/2666 KB   2240/2666 KB   2242/2666 KB   2244/2666 KB   2246/2666 KB   2248/2666 KB   2250/2666 KB   2252/2666 KB   2254/2666 KB   2256/2666 KB   2258/2666 KB   2260/2666 KB   2262/2666 KB   2264/2666 KB   2266/2666 KB   2268/2666 KB   2270/2666 KB   2272/2666 KB   2274/2666 KB   2276/2666 KB   2278/2666 KB   2280/2666 KB   2282/2666 KB   2284/2666 KB   2286/2666 KB   2288/2666 KB   2290/2666 KB   2292/2666 KB   2294/2666 KB   2296/2666 KB   2298/2666 KB   2300/2666 KB   2302/2666 KB   2304/2666 KB   2306/2666 KB   2308/2666 KB   2310/2666 KB   2312/2666 KB   2314/2666 KB   2316/2666 KB   2318/2666 KB   2320/2666 KB   2322/2666 KB   2324/2666 KB   2326/2666 KB   2328/2666 KB   2330/2666 KB   2332/2666 KB   2334/2666 KB   2336/2666 KB   2338/2666 KB   2340/2666 KB   2342/2666 KB   2344/2666 KB   2346/2666 KB   2348/2666 KB   2350/2666 KB   2352/2666 KB   2354/2666 KB   2356/2666 KB   2358/2666 KB   2360/2666 KB   2362/2666 KB   2364/2666 KB   2366/2666 KB   2368/2666 KB   2370/2666 KB   2372/2666 KB   2374/2666 KB   2376/2666 KB   2378/2666 KB   2380/2666 KB   2382/2666 KB   2384/2666 KB   2386/2666 KB   2388/2666 KB   2390/2666 KB   2392/2666 KB   2394/2666 KB   2396/2666 KB   2398/2666 KB   2400/2666 KB   2402/2666 KB   2404/2666 KB   2406/2666 KB   2408/2666 KB   2410/2666 KB   2412/2666 KB   2414/2666 KB   2416/2666 KB   2418/2666 KB   2420/2666 KB   2422/2666 KB   2424/2666 KB   2426/2666 KB   2428/2666 KB   2430/2666 KB   2432/2666 KB   2434/2666 KB   2436/2666 KB   2438/2666 KB   2440/2666 KB   2442/2666 KB   2444/2666 KB   2446/2666 KB   2448/2666 KB   2450/2666 KB   2452/2666 KB   2454/2666 KB   2456/2666 KB   2458/2666 KB   2460/2666 KB   2462/2666 KB   2464/2666 KB   2466/2666 KB   2468/2666 KB   2470/2666 KB   2472/2666 KB   2474/2666 KB   2476/2666 KB   2478/2666 KB   2480/2666 KB   2482/2666 KB   2484/2666 KB   2486/2666 KB   2488/2666 KB   2490/2666 KB   2492/2666 KB   2494/2666 KB   2496/2666 KB   2498/2666 KB   2500/2666 KB   2502/2666 KB   2504/2666 KB   2506/2666 KB   2508/2666 KB   2510/2666 KB   2512/2666 KB   2514/2666 KB   2516/2666 KB   2518/2666 KB   2520/2666 KB   2522/2666 KB   2524/2666 KB   2526/2666 KB   2528/2666 KB   2530/2666 KB   2532/2666 KB   2534/2666 KB   2536/2666 KB   2538/2666 KB   2540/2666 KB   2542/2666 KB   2544/2666 KB   2546/2666 KB   2548/2666 KB   2550/2666 KB   2552/2666 KB   2554/2666 KB   2556/2666 KB   2558/2666 KB   2560/2666 KB   2562/2666 KB   2564/2666 KB   2566/2666 KB   2568/2666 KB   2570/2666 KB   2572/2666 KB   2574/2666 KB   2576/2666 KB   2578/2666 KB   2580/2666 KB   2582/2666 KB   2584/2666 KB   2586/2666 KB   2588/2666 KB   2590/2666 KB   2592/2666 KB   2594/2666 KB   2596/2666 KB   2598/2666 KB   2600/2666 KB   2602/2666 KB   2604/2666 KB   2606/2666 KB   2608/2666 KB   2610/2666 KB   2612/2666 KB   2614/2666 KB   2616/2666 KB   2618/2666 KB   2620/2666 KB   2622/2666 KB   2624/2666 KB   2626/2666 KB   2628/2666 KB   2630/2666 KB   2632/2666 KB   2634/2666 KB   2636/2666 KB   2638/2666 KB   2640/2666 KB   2642/2666 KB   2644/2666 KB   2646/2666 KB   2648/2666 KB   2650/2666 KB   2652/2666 KB   2654/2666 KB   2656/2666 KB   2658/2666 KB   2660/2666 KB   2662/2666 KB   2664/2666 KB   2666/2666 KB                  Uploaded: https://oss.sonatype.org/content/repositories/snapshots/com/puppycrawl/tools/checkstyle/6.18-SNAPSHOT/checkstyle-6.18-20160422.124109-41-tests.jar (2666 KB at 2733.9 KB/sec)
Uploading: https://oss.sonatype.org/content/repositories/snapshots/com/puppycrawl/tools/checkstyle/6.18-SNAPSHOT/maven-metadata.xml
992/992 B                  Uploaded: https://oss.sonatype.org/content/repositories/snapshots/com/puppycrawl/tools/checkstyle/6.18-SNAPSHOT/maven-metadata.xml (992 B at 3.9 KB/sec)
[INFO]  * Bulk deploy of locally gathered snapshot artifacts finished.
[INFO] Remote deploy finished with success.
[INFO] ------------------------------------------------------------------------
[INFO] BUILD SUCCESS
[INFO] ------------------------------------------------------------------------
[INFO] Total time: 01:27 min
[INFO] Finished at: 2016-04-22T12:41:11+00:00
[INFO] Final Memory: 54M/449M
[INFO] ------------------------------------------------------------------------

travis_time:end:1c5ad310:start=1461328781902702301,finish=1461328872724514531,duration=90821812230[0Ktravis_fold:end:after_success.2[0K
Done. Your build exited with 0.
