Using worker: worker-linux-docker-6e019297.prod.travis-ci.org:travis-linux-2

travis_fold:start:system_info[0K[33;1mBuild system information[0m
Build language: java
Build group: stable
Build dist: precise
[34m[1mBuild image provisioning date and time[0m
Thu Feb  5 15:09:33 UTC 2015
[34m[1mOperating System Details[0m
Distributor ID:	Ubuntu
Description:	Ubuntu 12.04.5 LTS
Release:	12.04
Codename:	precise
[34m[1mLinux Version[0m
3.13.0-29-generic
[34m[1mCookbooks Version[0m
a68419e https://github.com/travis-ci/travis-cookbooks/tree/a68419e
[34m[1mGCC version[0m
gcc (Ubuntu/Linaro 4.6.3-1ubuntu5) 4.6.3
Copyright (C) 2011 Free Software Foundation, Inc.
This is free software; see the source for copying conditions.  There is NO
warranty; not even for MERCHANTABILITY or FITNESS FOR A PARTICULAR PURPOSE.

[34m[1mLLVM version[0m
clang version 3.4 (tags/RELEASE_34/final)
Target: x86_64-unknown-linux-gnu
Thread model: posix
[34m[1mPre-installed Ruby versions[0m
ruby-1.9.3-p551
[34m[1mPre-installed Node.js versions[0m
v0.10.36
[34m[1mPre-installed Go versions[0m
1.4.1
[34m[1mRedis version[0m
redis-server 2.8.19
[34m[1mriak version[0m
2.0.2
[34m[1mMongoDB version[0m
MongoDB 2.4.12
[34m[1mCouchDB version[0m
couchdb 1.6.1
[34m[1mNeo4j version[0m
1.9.4
[34m[1mRabbitMQ Version[0m
3.4.3
[34m[1mElasticSearch version[0m
1.4.0
[34m[1mInstalled Sphinx versions[0m
2.0.10
2.1.9
2.2.6
[34m[1mDefault Sphinx version[0m
2.2.6
[34m[1mInstalled Firefox version[0m
firefox 31.0esr
[34m[1mPhantomJS version[0m
1.9.8
[34m[1mant -version[0m
Apache Ant(TM) version 1.8.2 compiled on December 3 2011
[34m[1mmvn -version[0m
Apache Maven 3.2.5 (12a6b3acb947671f09b81f49094c53f426d8cea1; 2014-12-14T17:29:23+00:00)
Maven home: /usr/local/maven
Java version: 1.7.0_76, vendor: Oracle Corporation
Java home: /usr/lib/jvm/java-7-oracle/jre
Default locale: en_US, platform encoding: ANSI_X3.4-1968
OS name: "linux", version: "3.13.0-29-generic", arch: "amd64", family: "unix"
travis_fold:end:system_info[0K
travis_fold:start:git.checkout[0Ktravis_time:start:0dc11b9a[0K$ git clone --depth=50 --branch=1.8.x https://github.com/spring-projects/spring-data-jpa.git spring-projects/spring-data-jpa
Cloning into 'spring-projects/spring-data-jpa'...
remote: Counting objects: 1077, done.[K
remote: Compressing objects:   0% (1/633)   [Kremote: Compressing objects:   1% (7/633)   [Kremote: Compressing objects:   2% (13/633)   [Kremote: Compressing objects:   3% (19/633)   [Kremote: Compressing objects:   4% (26/633)   [Kremote: Compressing objects:   5% (32/633)   [Kremote: Compressing objects:   6% (38/633)   [Kremote: Compressing objects:   7% (45/633)   [Kremote: Compressing objects:   8% (51/633)   [Kremote: Compressing objects:   9% (57/633)   [Kremote: Compressing objects:  10% (64/633)   [Kremote: Compressing objects:  11% (70/633)   [Kremote: Compressing objects:  12% (76/633)   [Kremote: Compressing objects:  13% (83/633)   [Kremote: Compressing objects:  14% (89/633)   [Kremote: Compressing objects:  15% (95/633)   [Kremote: Compressing objects:  16% (102/633)   [Kremote: Compressing objects:  17% (108/633)   [Kremote: Compressing objects:  18% (114/633)   [Kremote: Compressing objects:  19% (121/633)   [Kremote: Compressing objects:  20% (127/633)   [Kremote: Compressing objects:  21% (133/633)   [Kremote: Compressing objects:  22% (140/633)   [Kremote: Compressing objects:  23% (146/633)   [Kremote: Compressing objects:  24% (152/633)   [Kremote: Compressing objects:  25% (159/633)   [Kremote: Compressing objects:  26% (165/633)   [Kremote: Compressing objects:  27% (171/633)   [Kremote: Compressing objects:  28% (178/633)   [Kremote: Compressing objects:  29% (184/633)   [Kremote: Compressing objects:  30% (190/633)   [Kremote: Compressing objects:  31% (197/633)   [Kremote: Compressing objects:  32% (203/633)   [Kremote: Compressing objects:  33% (209/633)   [Kremote: Compressing objects:  34% (216/633)   [Kremote: Compressing objects:  35% (222/633)   [Kremote: Compressing objects:  36% (228/633)   [Kremote: Compressing objects:  37% (235/633)   [Kremote: Compressing objects:  38% (241/633)   [Kremote: Compressing objects:  39% (247/633)   [Kremote: Compressing objects:  40% (254/633)   [Kremote: Compressing objects:  41% (260/633)   [Kremote: Compressing objects:  42% (266/633)   [Kremote: Compressing objects:  43% (273/633)   [Kremote: Compressing objects:  44% (279/633)   [Kremote: Compressing objects:  45% (285/633)   [Kremote: Compressing objects:  46% (292/633)   [Kremote: Compressing objects:  47% (298/633)   [Kremote: Compressing objects:  48% (304/633)   [Kremote: Compressing objects:  49% (311/633)   [Kremote: Compressing objects:  50% (317/633)   [Kremote: Compressing objects:  51% (323/633)   [Kremote: Compressing objects:  52% (330/633)   [Kremote: Compressing objects:  53% (336/633)   [Kremote: Compressing objects:  54% (342/633)   [Kremote: Compressing objects:  55% (349/633)   [Kremote: Compressing objects:  56% (355/633)   [Kremote: Compressing objects:  57% (361/633)   [Kremote: Compressing objects:  58% (368/633)   [Kremote: Compressing objects:  59% (374/633)   [Kremote: Compressing objects:  60% (380/633)   [Kremote: Compressing objects:  61% (387/633)   [Kremote: Compressing objects:  62% (393/633)   [Kremote: Compressing objects:  63% (399/633)   [Kremote: Compressing objects:  64% (406/633)   [Kremote: Compressing objects:  65% (412/633)   [Kremote: Compressing objects:  66% (418/633)   [Kremote: Compressing objects:  67% (425/633)   [Kremote: Compressing objects:  68% (431/633)   [Kremote: Compressing objects:  69% (437/633)   [Kremote: Compressing objects:  70% (444/633)   [Kremote: Compressing objects:  71% (450/633)   [Kremote: Compressing objects:  72% (456/633)   [Kremote: Compressing objects:  73% (463/633)   [Kremote: Compressing objects:  74% (469/633)   [Kremote: Compressing objects:  75% (475/633)   [Kremote: Compressing objects:  76% (482/633)   [Kremote: Compressing objects:  77% (488/633)   [Kremote: Compressing objects:  78% (494/633)   [Kremote: Compressing objects:  79% (501/633)   [Kremote: Compressing objects:  80% (507/633)   [Kremote: Compressing objects:  81% (513/633)   [Kremote: Compressing objects:  82% (520/633)   [Kremote: Compressing objects:  83% (526/633)   [Kremote: Compressing objects:  84% (532/633)   [Kremote: Compressing objects:  85% (539/633)   [Kremote: Compressing objects:  86% (545/633)   [Kremote: Compressing objects:  87% (551/633)   [Kremote: Compressing objects:  88% (558/633)   [Kremote: Compressing objects:  89% (564/633)   [Kremote: Compressing objects:  90% (570/633)   [Kremote: Compressing objects:  91% (577/633)   [Kremote: Compressing objects:  92% (583/633)   [Kremote: Compressing objects:  93% (589/633)   [Kremote: Compressing objects:  94% (596/633)   [Kremote: Compressing objects:  95% (602/633)   [Kremote: Compressing objects:  96% (608/633)   [Kremote: Compressing objects:  97% (615/633)   [Kremote: Compressing objects:  98% (621/633)   [Kremote: Compressing objects:  99% (627/633)   [Kremote: Compressing objects: 100% (633/633)   [Kremote: Compressing objects: 100% (633/633), done.[K
Receiving objects:   0% (1/1077)   Receiving objects:   1% (11/1077)   Receiving objects:   2% (22/1077)   Receiving objects:   3% (33/1077)   Receiving objects:   4% (44/1077)   Receiving objects:   5% (54/1077)   Receiving objects:   6% (65/1077)   Receiving objects:   7% (76/1077)   Receiving objects:   8% (87/1077)   Receiving objects:   9% (97/1077)   Receiving objects:  10% (108/1077)   Receiving objects:  11% (119/1077)   Receiving objects:  12% (130/1077)   Receiving objects:  13% (141/1077)   Receiving objects:  14% (151/1077)   Receiving objects:  15% (162/1077)   Receiving objects:  16% (173/1077)   Receiving objects:  17% (184/1077)   Receiving objects:  18% (194/1077)   Receiving objects:  19% (205/1077)   Receiving objects:  20% (216/1077)   Receiving objects:  21% (227/1077)   Receiving objects:  22% (237/1077)   Receiving objects:  23% (248/1077)   Receiving objects:  24% (259/1077)   Receiving objects:  25% (270/1077)   Receiving objects:  26% (281/1077)   Receiving objects:  27% (291/1077)   Receiving objects:  28% (302/1077)   Receiving objects:  29% (313/1077)   Receiving objects:  30% (324/1077)   Receiving objects:  31% (334/1077)   Receiving objects:  32% (345/1077)   Receiving objects:  33% (356/1077)   Receiving objects:  34% (367/1077)   Receiving objects:  35% (377/1077)   Receiving objects:  36% (388/1077)   Receiving objects:  37% (399/1077)   Receiving objects:  38% (410/1077)   Receiving objects:  39% (421/1077)   Receiving objects:  40% (431/1077)   Receiving objects:  41% (442/1077)   Receiving objects:  42% (453/1077)   Receiving objects:  43% (464/1077)   Receiving objects:  44% (474/1077)   Receiving objects:  45% (485/1077)   Receiving objects:  46% (496/1077)   Receiving objects:  47% (507/1077)   Receiving objects:  48% (517/1077)   Receiving objects:  49% (528/1077)   Receiving objects:  50% (539/1077)   Receiving objects:  51% (550/1077)   Receiving objects:  52% (561/1077)   Receiving objects:  53% (571/1077)   Receiving objects:  54% (582/1077)   Receiving objects:  55% (593/1077)   Receiving objects:  56% (604/1077)   Receiving objects:  57% (614/1077)   Receiving objects:  58% (625/1077)   Receiving objects:  59% (636/1077)   Receiving objects:  60% (647/1077)   Receiving objects:  61% (657/1077)   Receiving objects:  62% (668/1077)   Receiving objects:  63% (679/1077)   Receiving objects:  64% (690/1077)   Receiving objects:  65% (701/1077)   Receiving objects:  66% (711/1077)   Receiving objects:  67% (722/1077)   Receiving objects:  68% (733/1077)   Receiving objects:  69% (744/1077)   Receiving objects:  70% (754/1077)   Receiving objects:  71% (765/1077)   Receiving objects:  72% (776/1077)   Receiving objects:  73% (787/1077)   Receiving objects:  74% (797/1077)   Receiving objects:  75% (808/1077)   Receiving objects:  76% (819/1077)   Receiving objects:  77% (830/1077)   Receiving objects:  78% (841/1077)   Receiving objects:  79% (851/1077)   Receiving objects:  80% (862/1077)   Receiving objects:  81% (873/1077)   Receiving objects:  82% (884/1077)   Receiving objects:  83% (894/1077)   Receiving objects:  84% (905/1077)   Receiving objects:  85% (916/1077)   Receiving objects:  86% (927/1077)   Receiving objects:  87% (937/1077)   Receiving objects:  88% (948/1077)   Receiving objects:  89% (959/1077)   Receiving objects:  90% (970/1077)   Receiving objects:  91% (981/1077)   Receiving objects:  92% (991/1077)   Receiving objects:  93% (1002/1077)   Receiving objects:  94% (1013/1077)   Receiving objects:  95% (1024/1077)   remote: Total 1077 (delta 481), reused 688 (delta 234), pack-reused 0[K
Receiving objects:  96% (1034/1077)   Receiving objects:  97% (1045/1077)   Receiving objects:  98% (1056/1077)   Receiving objects:  99% (1067/1077)   Receiving objects: 100% (1077/1077)   Receiving objects: 100% (1077/1077), 386.31 KiB | 0 bytes/s, done.
Resolving deltas:   0% (0/481)   Resolving deltas:   2% (13/481)   Resolving deltas:   3% (16/481)   Resolving deltas:   5% (26/481)   Resolving deltas:   6% (32/481)   Resolving deltas:   9% (44/481)   Resolving deltas:  17% (84/481)   Resolving deltas:  20% (98/481)   Resolving deltas:  21% (102/481)   Resolving deltas:  22% (106/481)   Resolving deltas:  25% (121/481)   Resolving deltas:  26% (126/481)   Resolving deltas:  28% (136/481)   Resolving deltas:  30% (146/481)   Resolving deltas:  31% (152/481)   Resolving deltas:  33% (159/481)   Resolving deltas:  34% (164/481)   Resolving deltas:  35% (169/481)   Resolving deltas:  36% (174/481)   Resolving deltas:  39% (188/481)   Resolving deltas:  41% (198/481)   Resolving deltas:  42% (204/481)   Resolving deltas:  43% (207/481)   Resolving deltas:  45% (221/481)   Resolving deltas:  48% (231/481)   Resolving deltas:  49% (236/481)   Resolving deltas:  50% (241/481)   Resolving deltas:  53% (256/481)   Resolving deltas:  55% (268/481)   Resolving deltas:  56% (272/481)   Resolving deltas:  59% (285/481)   Resolving deltas:  60% (290/481)   Resolving deltas:  61% (294/481)   Resolving deltas:  62% (301/481)   Resolving deltas:  63% (304/481)   Resolving deltas:  64% (312/481)   Resolving deltas:  65% (315/481)   Resolving deltas:  66% (321/481)   Resolving deltas:  67% (325/481)   Resolving deltas:  68% (328/481)   Resolving deltas:  69% (334/481)   Resolving deltas:  70% (339/481)   Resolving deltas:  72% (348/481)   Resolving deltas:  73% (352/481)   Resolving deltas:  74% (358/481)   Resolving deltas:  75% (361/481)   Resolving deltas:  76% (368/481)   Resolving deltas:  77% (374/481)   Resolving deltas:  78% (378/481)   Resolving deltas:  81% (392/481)   Resolving deltas:  83% (403/481)   Resolving deltas:  84% (406/481)   Resolving deltas:  85% (409/481)   Resolving deltas:  86% (417/481)   Resolving deltas:  87% (420/481)   Resolving deltas:  88% (424/481)   Resolving deltas:  90% (434/481)   Resolving deltas:  91% (438/481)   Resolving deltas:  92% (443/481)   Resolving deltas:  93% (449/481)   Resolving deltas:  94% (453/481)   Resolving deltas:  95% (461/481)   Resolving deltas:  96% (464/481)   Resolving deltas:  97% (470/481)   Resolving deltas:  99% (480/481)   Resolving deltas: 100% (481/481)   Resolving deltas: 100% (481/481), done.
Checking connectivity... done.
travis_time:end:0dc11b9a:start=1449041192456076020,finish=1449041192948918945,duration=492842925[0K$ cd spring-projects/spring-data-jpa
$ git checkout -qf e4fee33e031a69cc66e77d7e17971ff0c5ad2a44
travis_fold:end:git.checkout[0K
[33;1mThis job is running on container-based infrastructure, which does not allow use of 'sudo', setuid and setguid executables.[0m
[33;1mIf you require sudo, add 'sudo: required' to your .travis.yml[0m
[33;1mSee http://docs.travis-ci.com/user/workers/container-based-infrastructure/ for details.[0m

[33;1mSetting environment variables from .travis.yml[0m
$ export PROFILE=ci

travis_fold:start:cache.1[0KSetting up build cache
$ export CASHER_DIR=$HOME/.casher
travis_time:start:11ee7aad[0K$ Installing caching utilities
travis_time:end:11ee7aad:start=1449041194403075865,finish=1449041194430835658,duration=27759793[0Ktravis_time:start:045becbf[0Ktravis_time:end:045becbf:start=1449041194435101679,finish=1449041194438043587,duration=2941908[0Ktravis_time:start:086189d0[0Kattempting to download cache archive
fetching 1.8.x/cache--jdk-oraclejdk8.tgz
found cache
travis_time:end:086189d0:start=1449041194441530101,finish=1449041196634315253,duration=2192785152[0Ktravis_time:start:03be9cfc[0Ktravis_time:end:03be9cfc:start=1449041196638006860,finish=1449041196641142091,duration=3135231[0Ktravis_time:start:19ac4ab0[0Kadding /home/travis/.m2 to cache
travis_time:end:19ac4ab0:start=1449041196644705688,finish=1449041199307669225,duration=2662963537[0Ktravis_fold:end:cache.1[0K$ jdk_switcher use oraclejdk8
Switching to Oracle JDK8 (java-8-oracle), JAVA_HOME will be set to /usr/lib/jvm/java-8-oracle
$ java -Xmx32m -version
java version "1.8.0_31"
Java(TM) SE Runtime Environment (build 1.8.0_31-b13)
Java HotSpot(TM) 64-Bit Server VM (build 25.31-b07, mixed mode)
$ javac -J-Xmx32m -version
javac 1.8.0_31
travis_fold:start:install[0Ktravis_time:start:0d6957d6[0K$ true
travis_time:end:0d6957d6:start=1449041199692614896,finish=1449041199695569703,duration=2954807[0Ktravis_fold:end:install[0Ktravis_time:start:0d79a6bc[0K$ mvn clean dependency:list test -P${PROFILE} -Dsort
Java HotSpot(TM) 64-Bit Server VM warning: ignoring option MaxPermSize=192m; support was removed in 8.0
[INFO] Scanning for projects...
Downloading: https://repository.apache.org/snapshots/org/springframework/data/build/spring-data-parent/1.6.3.BUILD-SNAPSHOT/maven-metadata.xml
Downloading: https://repository.apache.org/snapshots/org/springframework/data/build/spring-data-build/1.6.3.BUILD-SNAPSHOT/maven-metadata.xml
[INFO]                                                                         
[INFO] ------------------------------------------------------------------------
[INFO] Building Spring Data JPA 1.8.3.BUILD-SNAPSHOT
[INFO] ------------------------------------------------------------------------
Downloading: https://repository.apache.org/snapshots/org/springframework/data/spring-data-commons/1.10.3.BUILD-SNAPSHOT/maven-metadata.xml
[INFO] 
[INFO] --- maven-clean-plugin:2.5:clean (default-clean) @ spring-data-jpa ---
[INFO] 
[INFO] --- maven-dependency-plugin:2.8:list (default-cli) @ spring-data-jpa ---
[INFO] 
[INFO] The following files have been resolved:
[INFO]    antlr:antlr:jar:2.7.6:compile
[INFO]    aopalliance:aopalliance:jar:1.0:compile
[INFO]    asm:asm:jar:3.1:compile
[INFO]    cglib:cglib:jar:2.2:compile
[INFO]    ch.qos.logback:logback-classic:jar:1.1.3:test
[INFO]    ch.qos.logback:logback-core:jar:1.1.3:test
[INFO]    com.google.code.findbugs:jsr305:jar:1.3.9:compile
[INFO]    com.google.guava:guava:jar:17.0:test
[INFO]    com.infradna.tool:bridge-method-annotation:jar:1.13:compile
[INFO]    com.mysema.codegen:codegen:jar:0.6.7:provided
[INFO]    com.mysema.commons:mysema-commons-lang:jar:0.2.4:compile
[INFO]    com.mysema.querydsl:querydsl-apt:jar:3.6.5:provided
[INFO]    com.mysema.querydsl:querydsl-codegen:jar:3.6.5:provided
[INFO]    com.mysema.querydsl:querydsl-core:jar:3.6.5:compile
[INFO]    com.mysema.querydsl:querydsl-jpa:jar:3.6.5:compile
[INFO]    commons-collections:commons-collections:jar:3.1:compile
[INFO]    commons-lang:commons-lang:jar:2.4:compile
[INFO]    commons-pool:commons-pool:jar:1.5.4:compile
[INFO]    dom4j:dom4j:jar:1.6.1:compile
[INFO]    javassist:javassist:jar:3.12.0.GA:compile
[INFO]    javax.annotation:jsr250-api:jar:1.0:provided
[INFO]    javax.el:el-api:jar:1.0:test
[INFO]    javax.enterprise:cdi-api:jar:1.0:provided
[INFO]    javax.inject:javax.inject:jar:1:provided
[INFO]    javax.servlet:javax.servlet-api:jar:3.0.1:test
[INFO]    javax.transaction:jta:jar:1.1:compile
[INFO]    joda-time:joda-time:jar:2.7:compile
[INFO]    junit:junit:jar:4.12:test
[INFO]    net.sourceforge.serp:serp:jar:1.14.1:compile
[INFO]    org.apache.geronimo.specs:geronimo-atinject_1.0_spec:jar:1.0:test
[INFO]    org.apache.geronimo.specs:geronimo-jcdi_1.0_spec:jar:1.0:test
[INFO]    org.apache.geronimo.specs:geronimo-jms_1.1_spec:jar:1.1.1:compile
[INFO]    org.apache.geronimo.specs:geronimo-jpa_2.0_spec:jar:1.1:compile
[INFO]    org.apache.geronimo.specs:geronimo-jta_1.1_spec:jar:1.1.1:compile
[INFO]    org.apache.openjpa:openjpa-jdbc:jar:2.3.0:compile
[INFO]    org.apache.openjpa:openjpa-kernel:jar:2.3.0:compile
[INFO]    org.apache.openjpa:openjpa-lib:jar:2.3.0:compile
[INFO]    org.apache.openjpa:openjpa-persistence-jdbc:jar:2.3.0:compile
[INFO]    org.apache.openjpa:openjpa-persistence:jar:2.3.0:compile
[INFO]    org.apache.openwebbeans.test:cditest-owb:jar:1.2.8:test
[INFO]    org.apache.openwebbeans.test:cditest:jar:1.2.8:test
[INFO]    org.apache.openwebbeans:openwebbeans-impl:jar:1.2.8:test
[INFO]    org.apache.openwebbeans:openwebbeans-spi:jar:1.2.8:test
[INFO]    org.apache.xbean:xbean-asm4-shaded:jar:3.14:compile
[INFO]    org.apache.xbean:xbean-asm5-shaded:jar:4.1:test
[INFO]    org.apache.xbean:xbean-finder-shaded:jar:4.1:test
[INFO]    org.aspectj:aspectjrt:jar:1.8.6:compile
[INFO]    org.aspectj:aspectjweaver:jar:1.8.6:test
[INFO]    org.eclipse.jdt.core.compiler:ecj:jar:4.3.1:provided
[INFO]    org.eclipse.persistence:javax.persistence:jar:2.1.0:compile
[INFO]    org.eclipse.persistence:org.eclipse.persistence.antlr:jar:2.5.2:compile
[INFO]    org.eclipse.persistence:org.eclipse.persistence.asm:jar:2.5.2:compile
[INFO]    org.eclipse.persistence:org.eclipse.persistence.core:jar:2.5.2:compile
[INFO]    org.eclipse.persistence:org.eclipse.persistence.jpa.jpql:jar:2.5.2:compile
[INFO]    org.eclipse.persistence:org.eclipse.persistence.jpa:jar:2.5.2:compile
[INFO]    org.hamcrest:hamcrest-core:jar:1.3:test
[INFO]    org.hamcrest:hamcrest-library:jar:1.3:test
[INFO]    org.hibernate.javax.persistence:hibernate-jpa-2.0-api:jar:1.0.1.Final:compile
[INFO]    org.hibernate:hibernate-commons-annotations:jar:3.2.0.Final:compile
[INFO]    org.hibernate:hibernate-core:jar:3.6.10.Final:compile
[INFO]    org.hibernate:hibernate-entitymanager:jar:3.6.10.Final:compile
[INFO]    org.hsqldb:hsqldb:jar:2.2.8:test
[INFO]    org.jboss.interceptor:jboss-interceptor-api:jar:1.1:provided
[INFO]    org.mockito:mockito-core:jar:1.10.19:test
[INFO]    org.objenesis:objenesis:jar:2.1:test
[INFO]    org.slf4j:jcl-over-slf4j:jar:1.7.12:runtime
[INFO]    org.slf4j:slf4j-api:jar:1.7.12:compile
[INFO]    org.springframework.data:spring-data-commons:jar:1.10.3.BUILD-SNAPSHOT:compile
[INFO]    org.springframework:spring-aop:jar:4.0.9.RELEASE:compile
[INFO]    org.springframework:spring-aspects:jar:4.0.9.RELEASE:compile
[INFO]    org.springframework:spring-beans:jar:4.0.9.RELEASE:compile
[INFO]    org.springframework:spring-context:jar:4.0.9.RELEASE:compile
[INFO]    org.springframework:spring-core:jar:4.0.9.RELEASE:compile
[INFO]    org.springframework:spring-expression:jar:4.0.9.RELEASE:compile
[INFO]    org.springframework:spring-instrument:jar:4.0.9.RELEASE:provided
[INFO]    org.springframework:spring-jdbc:jar:4.0.9.RELEASE:compile
[INFO]    org.springframework:spring-orm:jar:4.0.9.RELEASE:compile
[INFO]    org.springframework:spring-test:jar:4.0.9.RELEASE:test
[INFO]    org.springframework:spring-tx:jar:4.0.9.RELEASE:compile
[INFO]    org.threeten:threetenbp:jar:1.2:compile
[INFO] 
[INFO] 
[INFO] --- apt-maven-plugin:1.1.3:process (sources) @ spring-data-jpa ---
[INFO] 
[INFO] --- maven-resources-plugin:2.6:resources (default-resources) @ spring-data-jpa ---
[INFO] Using 'UTF-8' encoding to copy filtered resources.
[INFO] Copying 13 resources
[INFO] 
[INFO] --- maven-compiler-plugin:3.1:compile (default-compile) @ spring-data-jpa ---
[INFO] Changes detected - recompiling the module!
[INFO] Compiling 98 source files to /home/travis/build/spring-projects/spring-data-jpa/target/classes
[WARNING] /home/travis/build/spring-projects/spring-data-jpa/target/generated-sources/annotations/org/springframework/data/jpa/domain/QAbstractPersistable.java: Some input files use unchecked or unsafe operations.
[WARNING] /home/travis/build/spring-projects/spring-data-jpa/target/generated-sources/annotations/org/springframework/data/jpa/domain/QAbstractPersistable.java: Recompile with -Xlint:unchecked for details.
[INFO] 
[INFO] --- com.springsource.bundlor.maven:1.0.0.RELEASE:bundlor (bundlor) @ spring-data-jpa ---
Manifest written to '/home/travis/build/spring-projects/spring-data-jpa/target/classes/META-INF/MANIFEST.MF'
[INFO] 
[INFO] --- aspectj-maven-plugin:1.6:compile (default) @ spring-data-jpa ---
[INFO] 
[INFO] --- apt-maven-plugin:1.1.3:test-process (test-sources) @ spring-data-jpa ---
[INFO] 
[INFO] --- maven-resources-plugin:2.6:testResources (default-testResources) @ spring-data-jpa ---
[INFO] Using 'UTF-8' encoding to copy filtered resources.
[INFO] Copying 33 resources
[INFO] 
[INFO] --- maven-compiler-plugin:3.1:testCompile (default-testCompile) @ spring-data-jpa ---
[INFO] Changes detected - recompiling the module!
[INFO] Compiling 300 source files to /home/travis/build/spring-projects/spring-data-jpa/target/test-classes
[INFO] 
[INFO] --- maven-surefire-plugin:2.12:test (default-test) @ spring-data-jpa ---
[INFO] Surefire report directory: /home/travis/build/spring-projects/spring-data-jpa/target/surefire-reports

-------------------------------------------------------
 T E S T S
-------------------------------------------------------

Results :

Tests run: 0, Failures: 0, Errors: 0, Skipped: 0

[INFO] 
[INFO] --- maven-surefire-plugin:2.12:test (unit-tests) @ spring-data-jpa ---
[INFO] Surefire report directory: /home/travis/build/spring-projects/spring-data-jpa/target/surefire-reports

-------------------------------------------------------
 T E S T S
-------------------------------------------------------
Running org.springframework.data.jpa.repository.support.JpaEntityInformationSupportUnitTests
Tests run: 2, Failures: 0, Errors: 0, Skipped: 0, Time elapsed: 0.506 sec
Running org.springframework.data.jpa.repository.support.EntityManagerBeanDefinitionRegistratPostProcessorUnitTests
Tests run: 1, Failures: 0, Errors: 0, Skipped: 0, Time elapsed: 0.287 sec
Running org.springframework.data.jpa.repository.support.JpaRepositoryFactoryBeanUnitTests
Tests run: 4, Failures: 0, Errors: 0, Skipped: 0, Time elapsed: 0.058 sec
Running org.springframework.data.jpa.repository.support.SimpleJpaRepositoryUnitTests
Tests run: 3, Failures: 0, Errors: 0, Skipped: 0, Time elapsed: 0.374 sec
Running org.springframework.data.jpa.repository.support.JpaRepositoryFactoryUnitTests
Tests run: 8, Failures: 0, Errors: 0, Skipped: 0, Time elapsed: 0.514 sec
Running org.springframework.data.jpa.repository.support.JpaPersistableEntityInformationUnitTests
Tests run: 1, Failures: 0, Errors: 0, Skipped: 0, Time elapsed: 0.033 sec
Running org.springframework.data.jpa.repository.support.EntityManagerFactoryRefUnitTests
Tests run: 1, Failures: 0, Errors: 0, Skipped: 0, Time elapsed: 0.601 sec
Running org.springframework.data.jpa.repository.support.JpaMetamodelEntityInformationUnitTests
Tests run: 1, Failures: 0, Errors: 0, Skipped: 0, Time elapsed: 0.065 sec
Running org.springframework.data.jpa.repository.support.CrudMethodMetadataPopulatingMethodInterceptorUnitTests
Tests run: 1, Failures: 0, Errors: 0, Skipped: 0, Time elapsed: 0.01 sec
Running org.springframework.data.jpa.repository.query.SimpleJpaQueryUnitTests
Tests run: 10, Failures: 0, Errors: 0, Skipped: 0, Time elapsed: 0.19 sec
Running org.springframework.data.jpa.repository.query.ParameterBinderUnitTests
Tests run: 14, Failures: 0, Errors: 0, Skipped: 0, Time elapsed: 0.051 sec
Running org.springframework.data.jpa.repository.query.JpaQueryExecutionUnitTests
Tests run: 8, Failures: 0, Errors: 0, Skipped: 0, Time elapsed: 0.114 sec
Running org.springframework.data.jpa.repository.query.JpaQueryLookupStrategyUnitTests
Tests run: 2, Failures: 0, Errors: 0, Skipped: 0, Time elapsed: 0.029 sec
Running org.springframework.data.jpa.repository.query.JpaParametersUnitTests
Tests run: 1, Failures: 0, Errors: 0, Skipped: 0, Time elapsed: 0.008 sec
Running org.springframework.data.jpa.repository.query.ExpressionBasedStringQueryUnitTests
Tests run: 2, Failures: 0, Errors: 0, Skipped: 0, Time elapsed: 0.02 sec
Running org.springframework.data.jpa.repository.query.StringQueryUnitTests
Tests run: 20, Failures: 0, Errors: 0, Skipped: 0, Time elapsed: 0.059 sec
Running org.springframework.data.jpa.repository.query.JpaQueryMethodUnitTests
Tests run: 26, Failures: 0, Errors: 0, Skipped: 0, Time elapsed: 0.09 sec
Running org.springframework.data.jpa.repository.query.LikeBindingUnitTests
Tests run: 8, Failures: 0, Errors: 0, Skipped: 0, Time elapsed: 0.007 sec
Running org.springframework.data.jpa.repository.query.StoredProcedureAttributeSourceUnitTests
Tests run: 6, Failures: 0, Errors: 0, Skipped: 0, Time elapsed: 0.022 sec
Running org.springframework.data.jpa.repository.query.StoredProcedureAttributesUnitTests
Tests run: 1, Failures: 0, Errors: 0, Skipped: 0, Time elapsed: 0 sec
Running org.springframework.data.jpa.repository.query.QueryUtilsUnitTests
Tests run: 27, Failures: 0, Errors: 0, Skipped: 0, Time elapsed: 0.029 sec
Running org.springframework.data.jpa.repository.query.NamedQueryUnitTests
Tests run: 2, Failures: 0, Errors: 0, Skipped: 0, Time elapsed: 0.005 sec
Running org.springframework.data.jpa.repository.cdi.JpaRepositoryExtensionUnitTests
Tests run: 3, Failures: 0, Errors: 0, Skipped: 0, Time elapsed: 0.011 sec
Running org.springframework.data.jpa.repository.config.JpaRepositoryConfigExtensionUnitTests
Tests run: 4, Failures: 0, Errors: 0, Skipped: 0, Time elapsed: 0.082 sec
Running org.springframework.data.jpa.repository.config.JpaAuditingRegistrarUnitTests
Tests run: 2, Failures: 0, Errors: 0, Skipped: 0, Time elapsed: 0.011 sec
Running org.springframework.data.jpa.repository.config.JpaRepositoriesRegistrarUnitTests
Tests run: 1, Failures: 0, Errors: 0, Skipped: 0, Time elapsed: 0.392 sec
Running org.springframework.data.jpa.repository.CrudMethodMetadataUnitTests
Tests run: 3, Failures: 0, Errors: 0, Skipped: 0, Time elapsed: 0.356 sec
Running org.springframework.data.jpa.support.MergingPersistenceUnitManagerUnitTests
Tests run: 5, Failures: 0, Errors: 0, Skipped: 0, Time elapsed: 0.128 sec
Running org.springframework.data.jpa.support.ClasspathScanningPersistenceUnitPostProcessorUnitTests
Tests run: 8, Failures: 0, Errors: 0, Skipped: 0, Time elapsed: 0.055 sec
Running org.springframework.data.jpa.domain.support.AuditingNamespaceUnitTests
Tests run: 5, Failures: 0, Errors: 0, Skipped: 0, Time elapsed: 1.372 sec
Running org.springframework.data.jpa.domain.support.AuditingBeanFactoryPostProcessorUnitTests
Tests run: 4, Failures: 0, Errors: 0, Skipped: 0, Time elapsed: 0.453 sec
Running org.springframework.data.jpa.domain.support.AnnotationAuditingBeanFactoryPostProcessorUnitTests
Tests run: 4, Failures: 0, Errors: 0, Skipped: 0, Time elapsed: 0.111 sec
Running org.springframework.data.jpa.domain.SpecificationsUnitTests
Tests run: 8, Failures: 0, Errors: 0, Skipped: 0, Time elapsed: 0.437 sec
Running org.springframework.data.jpa.mapping.JpaPersistentPropertyImplUnitTests
Tests run: 14, Failures: 0, Errors: 0, Skipped: 0, Time elapsed: 0.275 sec
Running org.springframework.data.jpa.provider.PersistenceProviderUnitTests
Tests run: 5, Failures: 0, Errors: 0, Skipped: 0, Time elapsed: 0.245 sec

Results :

Tests run: 215, Failures: 0, Errors: 0, Skipped: 0

[INFO] 
[INFO] --- maven-surefire-plugin:2.12:test (integration-tests) @ spring-data-jpa ---
[INFO] Surefire report directory: /home/travis/build/spring-projects/spring-data-jpa/target/surefire-reports

-------------------------------------------------------
 T E S T S
-------------------------------------------------------
Running org.springframework.data.jpa.repository.support.EntityManagerBeanDefinitionRegistrarPostProcessorIntegrationTests
Tests run: 1, Failures: 0, Errors: 0, Skipped: 0, Time elapsed: 5.339 sec
Running org.springframework.data.jpa.repository.support.TransactionalRepositoryTests
Tests run: 5, Failures: 0, Errors: 0, Skipped: 0, Time elapsed: 2.83 sec
Running org.springframework.data.jpa.repository.support.JpaMetamodelEntityInformationIntegrationTests
Tests run: 15, Failures: 0, Errors: 0, Skipped: 2, Time elapsed: 1.436 sec
Running org.springframework.data.jpa.repository.support.QueryDslJpaRepositoryTests
Tests run: 18, Failures: 0, Errors: 0, Skipped: 0, Time elapsed: 0.408 sec
Running org.springframework.data.jpa.repository.support.MailMessageRepositoryIntegrationTests
Tests run: 4, Failures: 0, Errors: 0, Skipped: 0, Time elapsed: 3.608 sec
Running org.springframework.data.jpa.repository.support.JavaConfigDefaultTransactionDisablingIntegrationTests
Tests run: 3, Failures: 0, Errors: 0, Skipped: 0, Time elapsed: 3.393 sec
Running org.springframework.data.jpa.repository.support.XmlConfigDefaultTransactionDisablingIntegrationTests
Tests run: 3, Failures: 0, Errors: 0, Skipped: 0, Time elapsed: 2.328 sec
Running org.springframework.data.jpa.repository.support.QueryDslRepositorySupportTests
Tests run: 4, Failures: 0, Errors: 0, Skipped: 0, Time elapsed: 0.09 sec
Running org.springframework.data.jpa.repository.support.QueryDslRepositorySupportIntegrationTests
Tests run: 2, Failures: 0, Errors: 0, Skipped: 0, Time elapsed: 0.713 sec
Running org.springframework.data.jpa.repository.support.JpaRepositoryTests
Tests run: 4, Failures: 0, Errors: 0, Skipped: 0, Time elapsed: 0.217 sec
Running org.springframework.data.jpa.repository.support.QuerydslIntegrationTests
Tests run: 1, Failures: 0, Errors: 0, Skipped: 0, Time elapsed: 0.005 sec
Running org.springframework.data.jpa.repository.support.EntityManagerFactoryRefTests
Tests run: 2, Failures: 0, Errors: 0, Skipped: 0, Time elapsed: 2.946 sec
Running org.springframework.data.jpa.repository.query.PartTreeJpaQueryIntegrationTests
Tests run: 4, Failures: 0, Errors: 0, Skipped: 0, Time elapsed: 0.091 sec
Running org.springframework.data.jpa.repository.query.ParameterExpressionProviderTests
Tests run: 1, Failures: 0, Errors: 0, Skipped: 0, Time elapsed: 0.005 sec
Running org.springframework.data.jpa.repository.query.QueryUtilsIntegrationTests
Tests run: 6, Failures: 0, Errors: 0, Skipped: 0, Time elapsed: 0.671 sec
Running org.springframework.data.jpa.repository.query.ParameterMetadataProviderIntegrationTests
Tests run: 3, Failures: 0, Errors: 0, Skipped: 0, Time elapsed: 0.036 sec
Running org.springframework.data.jpa.repository.query.AbstractJpaQueryTests
Tests run: 5, Failures: 0, Errors: 0, Skipped: 2, Time elapsed: 0.116 sec
Running org.springframework.data.jpa.repository.cdi.CdiExtensionIntegrationTests
Dec 02, 2015 7:27:41 AM org.apache.webbeans.lifecycle.AbstractLifeCycle bootstrapApplication
INFO: OpenWebBeans Container is starting...
Dec 02, 2015 7:27:41 AM org.apache.webbeans.corespi.scanner.AbstractMetaDataDiscovery addWebBeansXmlLocation
INFO: added beans.xml marker: file:/home/travis/build/spring-projects/spring-data-jpa/target/test-classes/META-INF/beans.xml
Dec 02, 2015 7:27:43 AM org.apache.webbeans.config.BeansDeployer validateInjectionPoints
INFO: All injection points were validated successfully.
Dec 02, 2015 7:27:44 AM org.apache.webbeans.lifecycle.AbstractLifeCycle bootstrapApplication
INFO: OpenWebBeans Container has started, it took [2320] ms.
Tests run: 4, Failures: 0, Errors: 0, Skipped: 0, Time elapsed: 2.636 sec
Running org.springframework.data.jpa.repository.StoredProcedureIntegrationTests
Tests run: 12, Failures: 0, Errors: 0, Skipped: 12, Time elapsed: 2.839 sec
Running org.springframework.data.jpa.repository.UserRepositoryFinderTests
Tests run: 15, Failures: 0, Errors: 0, Skipped: 0, Time elapsed: 4.583 sec
Running org.springframework.data.jpa.repository.RoleRepositoryIntegrationTests
Tests run: 5, Failures: 0, Errors: 0, Skipped: 0, Time elapsed: 2.271 sec
Running org.springframework.data.jpa.repository.config.JpaRepositoryConfigDefinitionParserTests
Tests run: 1, Failures: 0, Errors: 0, Skipped: 0, Time elapsed: 0.312 sec
Running org.springframework.data.jpa.repository.config.JpaRepositoriesRegistrarIntegrationTests
Tests run: 2, Failures: 0, Errors: 0, Skipped: 0, Time elapsed: 1.489 sec
Running org.springframework.data.jpa.repository.config.RepositoryConfigTests
Tests run: 3, Failures: 0, Errors: 0, Skipped: 0, Time elapsed: 0.002 sec
Running org.springframework.data.jpa.repository.config.ExplicitAuditingViaJavaConfigRepositoriesTests
Tests run: 2, Failures: 0, Errors: 0, Skipped: 0, Time elapsed: 1.633 sec
Running org.springframework.data.jpa.repository.config.RepositoriesJavaConfigTests
Tests run: 1, Failures: 0, Errors: 0, Skipped: 0, Time elapsed: 1.831 sec
Running org.springframework.data.jpa.repository.config.AuditingBeanDefinitionParserTests
Tests run: 4, Failures: 0, Errors: 0, Skipped: 0, Time elapsed: 0.351 sec
Running org.springframework.data.jpa.repository.config.NestedRepositoriesJavaConfigTests
Tests run: 1, Failures: 0, Errors: 0, Skipped: 0, Time elapsed: 2.18 sec
Running org.springframework.data.jpa.repository.config.DefaultAuditingViaJavaConfigRepositoriesTests
Tests run: 2, Failures: 0, Errors: 0, Skipped: 0, Time elapsed: 3.079 sec
Running org.springframework.data.jpa.repository.config.AllowNestedRepositoriesRepositoryConfigTests
Tests run: 4, Failures: 0, Errors: 0, Skipped: 0, Time elapsed: 3.889 sec
Running org.springframework.data.jpa.repository.config.CustomRepositoryFactoryConfigTests
Tests run: 3, Failures: 0, Errors: 0, Skipped: 0, Time elapsed: 1.926 sec
Running org.springframework.data.jpa.repository.config.RepositoryAutoConfigTests
Tests run: 3, Failures: 0, Errors: 0, Skipped: 0, Time elapsed: 2.598 sec
Running org.springframework.data.jpa.repository.config.QueryLookupStrategyTests
Tests run: 1, Failures: 0, Errors: 0, Skipped: 0, Time elapsed: 0.953 sec
Running org.springframework.data.jpa.repository.config.TypeFilterConfigTests
Tests run: 3, Failures: 0, Errors: 0, Skipped: 0, Time elapsed: 0.91 sec
Running org.springframework.data.jpa.repository.CustomAbstractPersistableIntegrationTests
Tests run: 1, Failures: 0, Errors: 0, Skipped: 0, Time elapsed: 0.029 sec
Running org.springframework.data.jpa.repository.JavaConfigUserRepositoryTests
Tests run: 134, Failures: 0, Errors: 0, Skipped: 2, Time elapsed: 4.391 sec
Running org.springframework.data.jpa.repository.UserRepositoryTests
Tests run: 133, Failures: 0, Errors: 0, Skipped: 2, Time elapsed: 3.282 sec
Running org.springframework.data.jpa.repository.EntityGraphRepositoryMethodsIntegrationTests
Tests run: 2, Failures: 0, Errors: 0, Skipped: 2, Time elapsed: 0.004 sec
Running org.springframework.data.jpa.repository.UserRepositoryStoredProcedureTests
Tests run: 5, Failures: 0, Errors: 0, Skipped: 5, Time elapsed: 0.004 sec
Running org.springframework.data.jpa.repository.ParentRepositoryIntegrationTests
Tests run: 2, Failures: 0, Errors: 0, Skipped: 0, Time elapsed: 0.034 sec
Running org.springframework.data.jpa.repository.RepositoryWithCompositeKeyTests
Tests run: 8, Failures: 0, Errors: 0, Skipped: 0, Time elapsed: 0.04 sec
Running org.springframework.data.jpa.repository.NamespaceUserRepositoryTests
Tests run: 134, Failures: 0, Errors: 0, Skipped: 2, Time elapsed: 2.27 sec
Running org.springframework.data.jpa.repository.AbstractPersistableIntegrationTests
Tests run: 1, Failures: 0, Errors: 0, Skipped: 0, Time elapsed: 0.003 sec
Running org.springframework.data.jpa.repository.SPR8954Tests
Tests run: 1, Failures: 0, Errors: 0, Skipped: 0, Time elapsed: 0.003 sec
Running org.springframework.data.jpa.repository.RedeclaringRepositoryMethodsTests
Tests run: 2, Failures: 0, Errors: 0, Skipped: 0, Time elapsed: 0.006 sec
Running org.springframework.data.jpa.repository.ORMInfrastructureTests
Tests run: 1, Failures: 0, Errors: 0, Skipped: 0, Time elapsed: 0.002 sec
Running org.springframework.data.jpa.repository.MappedTypeRepositoryIntegrationTests
Tests run: 2, Failures: 0, Errors: 0, Skipped: 0, Time elapsed: 0.021 sec
Running org.springframework.data.jpa.repository.SimpleJpaParameterBindingTests
Tests run: 2, Failures: 0, Errors: 0, Skipped: 1, Time elapsed: 0.004 sec
Running org.springframework.data.jpa.domain.support.AuditingEntityListenerTests
Tests run: 4, Failures: 0, Errors: 0, Skipped: 0, Time elapsed: 1.974 sec
Running org.springframework.data.jpa.domain.JpaSortTests
Tests run: 17, Failures: 0, Errors: 0, Skipped: 0, Time elapsed: 0.009 sec
Running org.springframework.data.jpa.infrastructure.HibernateMetamodelIntegrationTests
Tests run: 3, Failures: 0, Errors: 0, Skipped: 2, Time elapsed: 0.005 sec
Running org.springframework.data.jpa.convert.threetenbp.ThreeTenBackPortJpaConvertersIntegrationTests
Tests run: 1, Failures: 0, Errors: 0, Skipped: 1, Time elapsed: 0.407 sec
Running org.springframework.data.jpa.convert.threeten.Jsr310JpaConvertersIntegrationTests
Tests run: 1, Failures: 0, Errors: 0, Skipped: 1, Time elapsed: 0.819 sec
Running org.springframework.data.jpa.mapping.JpaMetamodelMappingContextIntegrationTests
Tests run: 6, Failures: 0, Errors: 0, Skipped: 0, Time elapsed: 0.504 sec
Running org.springframework.data.jpa.provider.PersistenceProviderIntegrationTests
Tests run: 1, Failures: 0, Errors: 0, Skipped: 0, Time elapsed: 0.794 sec

Results :

Tests run: 608, Failures: 0, Errors: 0, Skipped: 34

[INFO] 
[INFO] --- maven-surefire-plugin:2.12:test (eclipselink-tests) @ spring-data-jpa ---
[INFO] Surefire report directory: /home/travis/build/spring-projects/spring-data-jpa/target/surefire-reports

-------------------------------------------------------
 T E S T S
-------------------------------------------------------
Running org.springframework.data.jpa.repository.support.EclipseLinkJpaMetamodelEntityInformationIntegrationTests
Tests run: 16, Failures: 0, Errors: 0, Skipped: 1, Time elapsed: 4.425 sec
Running org.springframework.data.jpa.repository.support.EclipseLinkJpaRepositoryTests
Tests run: 4, Failures: 0, Errors: 0, Skipped: 0, Time elapsed: 0.553 sec
Running org.springframework.data.jpa.repository.support.EclipseLinkProxyIdAccessorTests
Tests run: 1, Failures: 0, Errors: 0, Skipped: 0, Time elapsed: 2.072 sec
Running org.springframework.data.jpa.repository.query.EclipseLinkParameterMetadataProviderIntegrationTests
Tests run: 3, Failures: 0, Errors: 0, Skipped: 0, Time elapsed: 0.068 sec
Running org.springframework.data.jpa.repository.query.EclipseLinkQueryUtilsIntegrationTests
Tests run: 6, Failures: 0, Errors: 0, Skipped: 0, Time elapsed: 3.105 sec
Running org.springframework.data.jpa.repository.EclipseLinkEntityGraphRepositoryMethodsIntegrationTests
Tests run: 2, Failures: 0, Errors: 0, Skipped: 0, Time elapsed: 3.554 sec
Running org.springframework.data.jpa.repository.EclipseLinkParentRepositoryIntegrationTests
Tests run: 2, Failures: 0, Errors: 0, Skipped: 0, Time elapsed: 1.625 sec
Running org.springframework.data.jpa.repository.EclipseLinkNamespaceUserRepositoryTests
Tests run: 134, Failures: 0, Errors: 0, Skipped: 2, Time elapsed: 4.698 sec
Running org.springframework.data.jpa.repository.EclipseLinkUserRepositoryFinderTests
Tests run: 15, Failures: 0, Errors: 0, Skipped: 0, Time elapsed: 0.428 sec
Running org.springframework.data.jpa.repository.EclipseLinkStoredProcedureIntegrationTests
Tests run: 12, Failures: 0, Errors: 0, Skipped: 4, Time elapsed: 1.278 sec
Running org.springframework.data.jpa.infrastructure.EclipseLinkMetamodelIntegrationTests
Tests run: 3, Failures: 0, Errors: 0, Skipped: 2, Time elapsed: 0.028 sec

Results :

Tests run: 198, Failures: 0, Errors: 0, Skipped: 9

[INFO] 
[INFO] --- maven-surefire-plugin:2.12:test (openjpa-tests) @ spring-data-jpa ---
[INFO] Surefire report directory: /home/travis/build/spring-projects/spring-data-jpa/target/surefire-reports

-------------------------------------------------------
 T E S T S
-------------------------------------------------------
Running org.springframework.data.jpa.repository.support.OpenJpaMetamodelEntityInformationIntegrationTests
Failed to instantiate [ch.qos.logback.classic.LoggerContext]
Reported exception:
java.lang.LinkageError: loader constraint violation: when resolving method "javax.xml.parsers.SAXParser.parse(Lorg/xml/sax/InputSource;Lorg/xml/sax/helpers/DefaultHandler;)V" the class loader (instance of org/apache/openjpa/lib/util/TemporaryClassLoader) of the current class, ch/qos/logback/core/joran/event/SaxEventRecorder, and the class loader (instance of <bootloader>) for the method's defining class, javax/xml/parsers/SAXParser, have different Class objects for the type org/xml/sax/InputSource used in the signature
	at ch.qos.logback.core.joran.event.SaxEventRecorder.recordEvents(SaxEventRecorder.java:61)
	at ch.qos.logback.core.joran.GenericConfigurator.doConfigure(GenericConfigurator.java:134)
	at ch.qos.logback.core.joran.GenericConfigurator.doConfigure(GenericConfigurator.java:99)
	at ch.qos.logback.core.joran.GenericConfigurator.doConfigure(GenericConfigurator.java:49)
	at ch.qos.logback.classic.util.ContextInitializer.configureByResource(ContextInitializer.java:77)
	at ch.qos.logback.classic.util.ContextInitializer.autoConfig(ContextInitializer.java:152)
	at org.slf4j.impl.StaticLoggerBinder.init(StaticLoggerBinder.java:85)
	at org.slf4j.impl.StaticLoggerBinder.<clinit>(StaticLoggerBinder.java:55)
	at org.slf4j.LoggerFactory.bind(LoggerFactory.java:141)
	at org.slf4j.LoggerFactory.performInitialization(LoggerFactory.java:120)
	at org.slf4j.LoggerFactory.getILoggerFactory(LoggerFactory.java:331)
	at org.slf4j.LoggerFactory.getLogger(LoggerFactory.java:283)
	at org.apache.commons.logging.impl.SLF4JLogFactory.getInstance(SLF4JLogFactory.java:155)
	at org.apache.commons.logging.impl.SLF4JLogFactory.getInstance(SLF4JLogFactory.java:132)
	at org.apache.commons.logging.LogFactory.getLog(LogFactory.java:273)
	at org.springframework.beans.factory.wiring.BeanConfigurerSupport.<init>(BeanConfigurerSupport.java:52)
	at org.springframework.beans.factory.aspectj.AnnotationBeanConfigurerAspect.<init>(AnnotationBeanConfigurerAspect.aj:50)
	at org.springframework.beans.factory.aspectj.AnnotationBeanConfigurerAspect.ajc$postClinit(AnnotationBeanConfigurerAspect.aj:1)
	at org.springframework.beans.factory.aspectj.AnnotationBeanConfigurerAspect.<clinit>(AnnotationBeanConfigurerAspect.aj:47)
	at org.springframework.data.jpa.domain.support.AuditingEntityListener.<init>(AuditingEntityListener.java:59)
	at sun.reflect.NativeConstructorAccessorImpl.newInstance0(Native Method)
	at sun.reflect.NativeConstructorAccessorImpl.newInstance(NativeConstructorAccessorImpl.java:62)
	at sun.reflect.DelegatingConstructorAccessorImpl.newInstance(DelegatingConstructorAccessorImpl.java:45)
	at java.lang.reflect.Constructor.newInstance(Constructor.java:408)
	at java.lang.Class.newInstance(Class.java:438)
	at org.apache.openjpa.lib.util.J2DoPrivHelper$11.run(J2DoPrivHelper.java:373)
	at java.security.AccessController.doPrivileged(Native Method)
	at org.apache.openjpa.event.BeanLifecycleCallbacks.newListener(BeanLifecycleCallbacks.java:66)
	at org.apache.openjpa.event.BeanLifecycleCallbacks.<init>(BeanLifecycleCallbacks.java:61)
	at org.apache.openjpa.persistence.AnnotationPersistenceMetaDataParser.parseCallbackMethods(AnnotationPersistenceMetaDataParser.java:1004)
	at org.apache.openjpa.persistence.XMLPersistenceMetaDataParser.startEntityListener(XMLPersistenceMetaDataParser.java:2050)
	at org.apache.openjpa.persistence.XMLPersistenceMetaDataParser.startSystemElement(XMLPersistenceMetaDataParser.java:654)
	at org.apache.openjpa.lib.meta.CFMetaDataParser.startElement(CFMetaDataParser.java:129)
	at org.apache.openjpa.lib.meta.XMLMetaDataParser.startElement(XMLMetaDataParser.java:499)
	at com.sun.org.apache.xerces.internal.parsers.AbstractSAXParser.startElement(AbstractSAXParser.java:509)
	at com.sun.org.apache.xerces.internal.parsers.AbstractXMLDocumentParser.emptyElement(AbstractXMLDocumentParser.java:182)
	at com.sun.org.apache.xerces.internal.impl.xs.XMLSchemaValidator.emptyElement(XMLSchemaValidator.java:780)
	at com.sun.org.apache.xerces.internal.impl.XMLNSDocumentScannerImpl.scanStartElement(XMLNSDocumentScannerImpl.java:356)
	at com.sun.org.apache.xerces.internal.impl.XMLDocumentFragmentScannerImpl$FragmentContentDriver.next(XMLDocumentFragmentScannerImpl.java:2786)
	at com.sun.org.apache.xerces.internal.impl.XMLDocumentScannerImpl.next(XMLDocumentScannerImpl.java:606)
	at com.sun.org.apache.xerces.internal.impl.XMLNSDocumentScannerImpl.next(XMLNSDocumentScannerImpl.java:117)
	at com.sun.org.apache.xerces.internal.impl.XMLDocumentFragmentScannerImpl.scanDocument(XMLDocumentFragmentScannerImpl.java:510)
	at com.sun.org.apache.xerces.internal.parsers.XML11Configuration.parse(XML11Configuration.java:848)
	at com.sun.org.apache.xerces.internal.parsers.XML11Configuration.parse(XML11Configuration.java:777)
	at com.sun.org.apache.xerces.internal.parsers.XMLParser.parse(XMLParser.java:141)
	at com.sun.org.apache.xerces.internal.parsers.AbstractSAXParser.parse(AbstractSAXParser.java:1213)
	at com.sun.org.apache.xerces.internal.jaxp.SAXParserImpl$JAXPSAXParser.parse(SAXParserImpl.java:649)
	at com.sun.org.apache.xerces.internal.jaxp.SAXParserImpl.parse(SAXParserImpl.java:333)
	at org.apache.openjpa.lib.meta.XMLMetaDataParser.parseNewResource(XMLMetaDataParser.java:424)
	at org.apache.openjpa.lib.meta.XMLMetaDataParser.parse(XMLMetaDataParser.java:347)
	at org.apache.openjpa.lib.meta.XMLMetaDataParser.parse(XMLMetaDataParser.java:324)
	at org.apache.openjpa.lib.meta.XMLMetaDataParser.parse(XMLMetaDataParser.java:297)
	at org.apache.openjpa.persistence.XMLPersistenceMetaDataParser.parse(XMLPersistenceMetaDataParser.java:406)
	at org.apache.openjpa.persistence.PersistenceMetaDataFactory.parseXML(PersistenceMetaDataFactory.java:293)
	at org.apache.openjpa.persistence.PersistenceMetaDataFactory.load(PersistenceMetaDataFactory.java:228)
	at org.apache.openjpa.meta.MetaDataRepository.getMetaDataInternal(MetaDataRepository.java:587)
	at org.apache.openjpa.meta.MetaDataRepository.getMetaDataInternal(MetaDataRepository.java:397)
	at org.apache.openjpa.meta.MetaDataRepository.getMetaData(MetaDataRepository.java:389)
	at org.apache.openjpa.enhance.PCEnhancer.<init>(PCEnhancer.java:286)
	at org.apache.openjpa.enhance.PCEnhancer.<init>(PCEnhancer.java:257)
	at org.apache.openjpa.enhance.PCClassFileTransformer.transform0(PCClassFileTransformer.java:146)
	at org.apache.openjpa.enhance.PCClassFileTransformer.transform(PCClassFileTransformer.java:126)
	at sun.instrument.TransformerManager.transform(TransformerManager.java:188)
	at sun.instrument.InstrumentationImpl.transform(InstrumentationImpl.java:428)
	at java.lang.ClassLoader.defineClass1(Native Method)
	at java.lang.ClassLoader.defineClass(ClassLoader.java:760)
	at java.security.SecureClassLoader.defineClass(SecureClassLoader.java:142)
	at java.net.URLClassLoader.defineClass(URLClassLoader.java:455)
	at java.net.URLClassLoader.access$100(URLClassLoader.java:73)
	at java.net.URLClassLoader$1.run(URLClassLoader.java:367)
	at java.net.URLClassLoader$1.run(URLClassLoader.java:361)
	at java.security.AccessController.doPrivileged(Native Method)
	at java.net.URLClassLoader.findClass(URLClassLoader.java:360)
	at java.lang.ClassLoader.loadClass(ClassLoader.java:424)
	at sun.misc.Launcher$AppClassLoader.loadClass(Launcher.java:308)
	at java.lang.ClassLoader.loadClass(ClassLoader.java:357)
	at org.springframework.data.jpa.repository.support.JpaMetamodelEntityInformationIntegrationTests.detectsIdTypeForMappedSuperclass(JpaMetamodelEntityInformationIntegrationTests.java:88)
	at org.springframework.data.jpa.repository.support.OpenJpaMetamodelEntityInformationIntegrationTests.reactivatedDetectsIdTypeForMappedSuperclass(OpenJpaMetamodelEntityInformationIntegrationTests.java:35)
	at sun.reflect.NativeMethodAccessorImpl.invoke0(Native Method)
	at sun.reflect.NativeMethodAccessorImpl.invoke(NativeMethodAccessorImpl.java:62)
	at sun.reflect.DelegatingMethodAccessorImpl.invoke(DelegatingMethodAccessorImpl.java:43)
	at java.lang.reflect.Method.invoke(Method.java:483)
	at org.junit.runners.model.FrameworkMethod$1.runReflectiveCall(FrameworkMethod.java:50)
	at org.junit.internal.runners.model.ReflectiveCallable.run(ReflectiveCallable.java:12)
	at org.junit.runners.model.FrameworkMethod.invokeExplosively(FrameworkMethod.java:47)
	at org.junit.internal.runners.statements.InvokeMethod.evaluate(InvokeMethod.java:17)
	at org.springframework.test.context.junit4.statements.RunBeforeTestMethodCallbacks.evaluate(RunBeforeTestMethodCallbacks.java:74)
	at org.springframework.test.context.junit4.statements.RunAfterTestMethodCallbacks.evaluate(RunAfterTestMethodCallbacks.java:83)
	at org.springframework.test.context.junit4.statements.SpringRepeat.evaluate(SpringRepeat.java:72)
	at org.springframework.test.context.junit4.SpringJUnit4ClassRunner.runChild(SpringJUnit4ClassRunner.java:233)
	at org.springframework.test.context.junit4.SpringJUnit4ClassRunner.runChild(SpringJUnit4ClassRunner.java:87)
	at org.junit.runners.ParentRunner$3.run(ParentRunner.java:290)
	at org.junit.runners.ParentRunner$1.schedule(ParentRunner.java:71)
	at org.junit.runners.ParentRunner.runChildren(ParentRunner.java:288)
	at org.junit.runners.ParentRunner.access$000(ParentRunner.java:58)
	at org.junit.runners.ParentRunner$2.evaluate(ParentRunner.java:268)
	at org.springframework.test.context.junit4.statements.RunBeforeTestClassCallbacks.evaluate(RunBeforeTestClassCallbacks.java:61)
	at org.springframework.test.context.junit4.statements.RunAfterTestClassCallbacks.evaluate(RunAfterTestClassCallbacks.java:71)
	at org.junit.runners.ParentRunner.run(ParentRunner.java:363)
	at org.springframework.test.context.junit4.SpringJUnit4ClassRunner.run(SpringJUnit4ClassRunner.java:176)
	at org.apache.maven.surefire.junit4.JUnit4Provider.execute(JUnit4Provider.java:236)
	at org.apache.maven.surefire.junit4.JUnit4Provider.executeTestSet(JUnit4Provider.java:134)
	at org.apache.maven.surefire.junit4.JUnit4Provider.invoke(JUnit4Provider.java:113)
	at sun.reflect.NativeMethodAccessorImpl.invoke0(Native Method)
	at sun.reflect.NativeMethodAccessorImpl.invoke(NativeMethodAccessorImpl.java:62)
	at sun.reflect.DelegatingMethodAccessorImpl.invoke(DelegatingMethodAccessorImpl.java:43)
	at java.lang.reflect.Method.invoke(Method.java:483)
	at org.apache.maven.surefire.util.ReflectionUtils.invokeMethodWithArray(ReflectionUtils.java:189)
	at org.apache.maven.surefire.booter.ProviderFactory$ProviderProxy.invoke(ProviderFactory.java:165)
	at org.apache.maven.surefire.booter.ProviderFactory.invokeProvider(ProviderFactory.java:85)
	at org.apache.maven.surefire.booter.ForkedBooter.runSuitesInProcess(ForkedBooter.java:103)
	at org.apache.maven.surefire.booter.ForkedBooter.main(ForkedBooter.java:74)
3416  spring-data-jpa  WARN   [main] openjpa.Runtime - Found no persistent property in "org.springframework.data.jpa.domain.sample.CustomAbstractPersistable"
4075  spring-data-jpa  WARN   [main] openjpa.Runtime - Found no persistent property in "org.springframework.data.jpa.domain.sample.ConcreteType1"
4099  spring-data-jpa  WARN   [main] openjpa.Runtime - Found no persistent property in "org.springframework.data.jpa.domain.sample.ConcreteType2"
4460  spring-data-jpa  WARN   [main] openjpa.Runtime - Found no persistent property in "org.springframework.data.jpa.domain.sample.AnnotatedAuditableUser"
4610  spring-data-jpa  WARN   [main] openjpa.Runtime - Found no persistent property in "org.springframework.data.jpa.domain.sample.Account"
4733  spring-data-jpa  WARN   [main] openjpa.Runtime - Found no persistent property in "org.springframework.data.jpa.domain.sample.SpecialUser"
Tests run: 16, Failures: 0, Errors: 0, Skipped: 1, Time elapsed: 4.483 sec
Running org.springframework.data.jpa.repository.support.OpenJpaProxyIdAccessorTests
Tests run: 1, Failures: 0, Errors: 0, Skipped: 0, Time elapsed: 4.6 sec
Running org.springframework.data.jpa.repository.support.OpenJpaJpaRepositoryTests
Tests run: 4, Failures: 0, Errors: 0, Skipped: 0, Time elapsed: 1.451 sec
Running org.springframework.data.jpa.repository.query.OpenJpaQueryUtilsIntegrationTests
Failed to instantiate [ch.qos.logback.classic.LoggerContext]
Reported exception:
java.lang.LinkageError: loader constraint violation: when resolving method "javax.xml.parsers.SAXParser.parse(Lorg/xml/sax/InputSource;Lorg/xml/sax/helpers/DefaultHandler;)V" the class loader (instance of org/apache/openjpa/lib/util/TemporaryClassLoader) of the current class, ch/qos/logback/core/joran/event/SaxEventRecorder, and the class loader (instance of <bootloader>) for the method's defining class, javax/xml/parsers/SAXParser, have different Class objects for the type org/xml/sax/InputSource used in the signature
	at ch.qos.logback.core.joran.event.SaxEventRecorder.recordEvents(SaxEventRecorder.java:61)
	at ch.qos.logback.core.joran.GenericConfigurator.doConfigure(GenericConfigurator.java:134)
	at ch.qos.logback.core.joran.GenericConfigurator.doConfigure(GenericConfigurator.java:99)
	at ch.qos.logback.core.joran.GenericConfigurator.doConfigure(GenericConfigurator.java:49)
	at ch.qos.logback.classic.util.ContextInitializer.configureByResource(ContextInitializer.java:77)
	at ch.qos.logback.classic.util.ContextInitializer.autoConfig(ContextInitializer.java:152)
	at org.slf4j.impl.StaticLoggerBinder.init(StaticLoggerBinder.java:85)
	at org.slf4j.impl.StaticLoggerBinder.<clinit>(StaticLoggerBinder.java:55)
	at org.slf4j.LoggerFactory.bind(LoggerFactory.java:141)
	at org.slf4j.LoggerFactory.performInitialization(LoggerFactory.java:120)
	at org.slf4j.LoggerFactory.getILoggerFactory(LoggerFactory.java:331)
	at org.slf4j.LoggerFactory.getLogger(LoggerFactory.java:283)
	at org.apache.commons.logging.impl.SLF4JLogFactory.getInstance(SLF4JLogFactory.java:155)
	at org.apache.commons.logging.impl.SLF4JLogFactory.getInstance(SLF4JLogFactory.java:132)
	at org.apache.commons.logging.LogFactory.getLog(LogFactory.java:273)
	at org.springframework.beans.factory.wiring.BeanConfigurerSupport.<init>(BeanConfigurerSupport.java:52)
	at org.springframework.beans.factory.aspectj.AnnotationBeanConfigurerAspect.<init>(AnnotationBeanConfigurerAspect.aj:50)
	at org.springframework.beans.factory.aspectj.AnnotationBeanConfigurerAspect.ajc$postClinit(AnnotationBeanConfigurerAspect.aj:1)
	at org.springframework.beans.factory.aspectj.AnnotationBeanConfigurerAspect.<clinit>(AnnotationBeanConfigurerAspect.aj:47)
	at org.springframework.data.jpa.domain.support.AuditingEntityListener.<init>(AuditingEntityListener.java:59)
	at sun.reflect.NativeConstructorAccessorImpl.newInstance0(Native Method)
	at sun.reflect.NativeConstructorAccessorImpl.newInstance(NativeConstructorAccessorImpl.java:62)
	at sun.reflect.DelegatingConstructorAccessorImpl.newInstance(DelegatingConstructorAccessorImpl.java:45)
	at java.lang.reflect.Constructor.newInstance(Constructor.java:408)
	at java.lang.Class.newInstance(Class.java:438)
	at org.apache.openjpa.lib.util.J2DoPrivHelper$11.run(J2DoPrivHelper.java:373)
	at java.security.AccessController.doPrivileged(Native Method)
	at org.apache.openjpa.event.BeanLifecycleCallbacks.newListener(BeanLifecycleCallbacks.java:66)
	at org.apache.openjpa.event.BeanLifecycleCallbacks.<init>(BeanLifecycleCallbacks.java:61)
	at org.apache.openjpa.persistence.AnnotationPersistenceMetaDataParser.parseCallbackMethods(AnnotationPersistenceMetaDataParser.java:1004)
	at org.apache.openjpa.persistence.XMLPersistenceMetaDataParser.startEntityListener(XMLPersistenceMetaDataParser.java:2050)
	at org.apache.openjpa.persistence.XMLPersistenceMetaDataParser.startSystemElement(XMLPersistenceMetaDataParser.java:654)
	at org.apache.openjpa.lib.meta.CFMetaDataParser.startElement(CFMetaDataParser.java:129)
	at org.apache.openjpa.lib.meta.XMLMetaDataParser.startElement(XMLMetaDataParser.java:499)
	at com.sun.org.apache.xerces.internal.parsers.AbstractSAXParser.startElement(AbstractSAXParser.java:509)
	at com.sun.org.apache.xerces.internal.parsers.AbstractXMLDocumentParser.emptyElement(AbstractXMLDocumentParser.java:182)
	at com.sun.org.apache.xerces.internal.impl.xs.XMLSchemaValidator.emptyElement(XMLSchemaValidator.java:780)
	at com.sun.org.apache.xerces.internal.impl.XMLNSDocumentScannerImpl.scanStartElement(XMLNSDocumentScannerImpl.java:356)
	at com.sun.org.apache.xerces.internal.impl.XMLDocumentFragmentScannerImpl$FragmentContentDriver.next(XMLDocumentFragmentScannerImpl.java:2786)
	at com.sun.org.apache.xerces.internal.impl.XMLDocumentScannerImpl.next(XMLDocumentScannerImpl.java:606)
	at com.sun.org.apache.xerces.internal.impl.XMLNSDocumentScannerImpl.next(XMLNSDocumentScannerImpl.java:117)
	at com.sun.org.apache.xerces.internal.impl.XMLDocumentFragmentScannerImpl.scanDocument(XMLDocumentFragmentScannerImpl.java:510)
	at com.sun.org.apache.xerces.internal.parsers.XML11Configuration.parse(XML11Configuration.java:848)
	at com.sun.org.apache.xerces.internal.parsers.XML11Configuration.parse(XML11Configuration.java:777)
	at com.sun.org.apache.xerces.internal.parsers.XMLParser.parse(XMLParser.java:141)
	at com.sun.org.apache.xerces.internal.parsers.AbstractSAXParser.parse(AbstractSAXParser.java:1213)
	at com.sun.org.apache.xerces.internal.jaxp.SAXParserImpl$JAXPSAXParser.parse(SAXParserImpl.java:649)
	at com.sun.org.apache.xerces.internal.jaxp.SAXParserImpl.parse(SAXParserImpl.java:333)
	at org.apache.openjpa.lib.meta.XMLMetaDataParser.parseNewResource(XMLMetaDataParser.java:424)
	at org.apache.openjpa.lib.meta.XMLMetaDataParser.parse(XMLMetaDataParser.java:347)
	at org.apache.openjpa.lib.meta.XMLMetaDataParser.parse(XMLMetaDataParser.java:324)
	at org.apache.openjpa.lib.meta.XMLMetaDataParser.parse(XMLMetaDataParser.java:297)
	at org.apache.openjpa.persistence.XMLPersistenceMetaDataParser.parse(XMLPersistenceMetaDataParser.java:406)
	at org.apache.openjpa.persistence.PersistenceMetaDataFactory.parseXML(PersistenceMetaDataFactory.java:293)
	at org.apache.openjpa.persistence.PersistenceMetaDataFactory.load(PersistenceMetaDataFactory.java:228)
	at org.apache.openjpa.meta.MetaDataRepository.getMetaDataInternal(MetaDataRepository.java:587)
	at org.apache.openjpa.meta.MetaDataRepository.getMetaDataInternal(MetaDataRepository.java:397)
	at org.apache.openjpa.meta.MetaDataRepository.getMetaData(MetaDataRepository.java:389)
	at org.apache.openjpa.enhance.PCEnhancer.<init>(PCEnhancer.java:286)
	at org.apache.openjpa.enhance.PCEnhancer.<init>(PCEnhancer.java:257)
	at org.apache.openjpa.enhance.PCClassFileTransformer.transform0(PCClassFileTransformer.java:146)
	at org.apache.openjpa.enhance.PCClassFileTransformer.transform(PCClassFileTransformer.java:126)
	at sun.instrument.TransformerManager.transform(TransformerManager.java:188)
	at sun.instrument.InstrumentationImpl.transform(InstrumentationImpl.java:428)
	at java.lang.ClassLoader.defineClass1(Native Method)
	at java.lang.ClassLoader.defineClass(ClassLoader.java:760)
	at java.security.SecureClassLoader.defineClass(SecureClassLoader.java:142)
	at java.net.URLClassLoader.defineClass(URLClassLoader.java:455)
	at java.net.URLClassLoader.access$100(URLClassLoader.java:73)
	at java.net.URLClassLoader$1.run(URLClassLoader.java:367)
	at java.net.URLClassLoader$1.run(URLClassLoader.java:361)
	at java.security.AccessController.doPrivileged(Native Method)
	at java.net.URLClassLoader.findClass(URLClassLoader.java:360)
	at java.lang.ClassLoader.loadClass(ClassLoader.java:424)
	at sun.misc.Launcher$AppClassLoader.loadClass(Launcher.java:308)
	at java.lang.ClassLoader.loadClass(ClassLoader.java:357)
	at org.hibernate.util.ReflectHelper.classForName(ReflectHelper.java:165)
	at org.hibernate.ejb.Ejb3Configuration.classForName(Ejb3Configuration.java:1302)
	at org.hibernate.ejb.Ejb3Configuration.addNamedAnnotatedClasses(Ejb3Configuration.java:1374)
	at org.hibernate.ejb.Ejb3Configuration.addClassesToSessionFactory(Ejb3Configuration.java:1159)
	at org.hibernate.ejb.Ejb3Configuration.configure(Ejb3Configuration.java:1004)
	at org.hibernate.ejb.Ejb3Configuration.configure(Ejb3Configuration.java:282)
	at org.hibernate.ejb.Ejb3Configuration.configure(Ejb3Configuration.java:366)
	at org.hibernate.ejb.HibernatePersistence.createEntityManagerFactory(HibernatePersistence.java:56)
	at javax.persistence.Persistence.createEntityManagerFactory(Persistence.java:79)
	at javax.persistence.Persistence.createEntityManagerFactory(Persistence.java:54)
	at org.springframework.data.jpa.repository.query.QueryUtilsIntegrationTests.traversesPluralAttributeCorrectly(QueryUtilsIntegrationTests.java:138)
	at sun.reflect.NativeMethodAccessorImpl.invoke0(Native Method)
	at sun.reflect.NativeMethodAccessorImpl.invoke(NativeMethodAccessorImpl.java:62)
	at sun.reflect.DelegatingMethodAccessorImpl.invoke(DelegatingMethodAccessorImpl.java:43)
	at java.lang.reflect.Method.invoke(Method.java:483)
	at org.junit.runners.model.FrameworkMethod$1.runReflectiveCall(FrameworkMethod.java:50)
	at org.junit.internal.runners.model.ReflectiveCallable.run(ReflectiveCallable.java:12)
	at org.junit.runners.model.FrameworkMethod.invokeExplosively(FrameworkMethod.java:47)
	at org.junit.internal.runners.statements.InvokeMethod.evaluate(InvokeMethod.java:17)
	at org.springframework.test.context.junit4.statements.RunBeforeTestMethodCallbacks.evaluate(RunBeforeTestMethodCallbacks.java:74)
	at org.springframework.test.context.junit4.statements.RunAfterTestMethodCallbacks.evaluate(RunAfterTestMethodCallbacks.java:83)
	at org.springframework.test.context.junit4.statements.SpringRepeat.evaluate(SpringRepeat.java:72)
	at org.springframework.test.context.junit4.SpringJUnit4ClassRunner.runChild(SpringJUnit4ClassRunner.java:233)
	at org.springframework.test.context.junit4.SpringJUnit4ClassRunner.runChild(SpringJUnit4ClassRunner.java:87)
	at org.junit.runners.ParentRunner$3.run(ParentRunner.java:290)
	at org.junit.runners.ParentRunner$1.schedule(ParentRunner.java:71)
	at org.junit.runners.ParentRunner.runChildren(ParentRunner.java:288)
	at org.junit.runners.ParentRunner.access$000(ParentRunner.java:58)
	at org.junit.runners.ParentRunner$2.evaluate(ParentRunner.java:268)
	at org.springframework.test.context.junit4.statements.RunBeforeTestClassCallbacks.evaluate(RunBeforeTestClassCallbacks.java:61)
	at org.springframework.test.context.junit4.statements.RunAfterTestClassCallbacks.evaluate(RunAfterTestClassCallbacks.java:71)
	at org.junit.runners.ParentRunner.run(ParentRunner.java:363)
	at org.springframework.test.context.junit4.SpringJUnit4ClassRunner.run(SpringJUnit4ClassRunner.java:176)
	at org.apache.maven.surefire.junit4.JUnit4Provider.execute(JUnit4Provider.java:236)
	at org.apache.maven.surefire.junit4.JUnit4Provider.executeTestSet(JUnit4Provider.java:134)
	at org.apache.maven.surefire.junit4.JUnit4Provider.invoke(JUnit4Provider.java:113)
	at sun.reflect.NativeMethodAccessorImpl.invoke0(Native Method)
	at sun.reflect.NativeMethodAccessorImpl.invoke(NativeMethodAccessorImpl.java:62)
	at sun.reflect.DelegatingMethodAccessorImpl.invoke(DelegatingMethodAccessorImpl.java:43)
	at java.lang.reflect.Method.invoke(Method.java:483)
	at org.apache.maven.surefire.util.ReflectionUtils.invokeMethodWithArray(ReflectionUtils.java:189)
	at org.apache.maven.surefire.booter.ProviderFactory$ProviderProxy.invoke(ProviderFactory.java:165)
	at org.apache.maven.surefire.booter.ProviderFactory.invokeProvider(ProviderFactory.java:85)
	at org.apache.maven.surefire.booter.ForkedBooter.runSuitesInProcess(ForkedBooter.java:103)
	at org.apache.maven.surefire.booter.ForkedBooter.main(ForkedBooter.java:74)
Tests run: 6, Failures: 0, Errors: 0, Skipped: 0, Time elapsed: 2.678 sec
Running org.springframework.data.jpa.repository.query.OpenJpaParameterMetadataProviderIntegrationTests
Tests run: 3, Failures: 0, Errors: 0, Skipped: 0, Time elapsed: 0.047 sec
Running org.springframework.data.jpa.repository.OpenJpaStoredProcedureIntegrationTests
Tests run: 1, Failures: 0, Errors: 0, Skipped: 1, Time elapsed: 0 sec
Running org.springframework.data.jpa.repository.OpenJpaUserRepositoryFinderTests
Tests run: 15, Failures: 0, Errors: 0, Skipped: 0, Time elapsed: 4.128 sec
Running org.springframework.data.jpa.repository.OpenJpaEntityGraphRepositoryMethodsIntegrationTests
Tests run: 2, Failures: 0, Errors: 0, Skipped: 2, Time elapsed: 3.9 sec
Running org.springframework.data.jpa.repository.OpenJpaParentRepositoryIntegrationTests
Tests run: 2, Failures: 0, Errors: 0, Skipped: 0, Time elapsed: 0.069 sec
Running org.springframework.data.jpa.repository.OpenJpaNamespaceUserRepositoryTests
Tests run: 136, Failures: 0, Errors: 0, Skipped: 3, Time elapsed: 6.736 sec
Running org.springframework.data.jpa.infrastructure.OpenJpaMetamodelIntegrationTests
Tests run: 3, Failures: 0, Errors: 0, Skipped: 1, Time elapsed: 0.021 sec

Results :

Tests run: 189, Failures: 0, Errors: 0, Skipped: 8

[INFO] ------------------------------------------------------------------------
[INFO] BUILD SUCCESS
[INFO] ------------------------------------------------------------------------
[INFO] Total time: 02:48 min
[INFO] Finished at: 2015-12-02T07:29:29+00:00
[INFO] Final Memory: 34M/455M
[INFO] ------------------------------------------------------------------------
travis_time:end:0d79a6bc:start=1449041199699318939,finish=1449041370485600709,duration=170786281770[0K
[32;1mThe command "mvn clean dependency:list test -P${PROFILE} -Dsort" exited with 0.[0m
travis_fold:start:cache.2[0Kstore build cache
travis_time:start:0a362fe2[0Ktravis_time:end:0a362fe2:start=1449041370492104759,finish=1449041370496731975,duration=4627216[0Ktravis_time:start:08ff22e6[0Kchange detected:
/home/travis/.m2/repository/org/springframework/data/build/spring-data-build/1.6.3.BUILD-SNAPSHOT/resolver-status.properties
/home/travis/.m2/repository/org/springframework/data/build/spring-data-build/1.6.3.BUILD-SNAPSHOT/resolver-status.properties
/home/travis/.m2/repository/org/springframework/data/build/spring-data-parent/1.6.3.BUILD-SNAPSHOT/resolver-status.properties
/home/travis/.m2/repository/org/springframework/data/build/spring-data-parent/1.6.3.BUILD-SNAPSHOT/resolver-status.properties
/home/travis/.m2/repository/org/springframework/data/spring-data-commons/1.10.3.BUILD-SNAPSHOT/resolver-status.properties
/home/travis/.m2/repository/org/springframework/data/spring-data-commons/1.10.3.BUILD-SNAPSHOT/resolver-status.properties

changes detected, packing new archive
.
uploading archive
travis_time:end:08ff22e6:start=1449041370501957348,finish=1449041383216946893,duration=12714989545[0Ktravis_fold:end:cache.2[0K
Done. Your build exited with 0.
