Using worker: worker-linux-docker-beee4547.prod.travis-ci.org:travis-linux-1

travis_fold:start:system_info[0K[33;1mBuild system information[0m
Build language: java
[34m[1mBuild image provisioning date and time[0m
Thu Feb  5 15:09:33 UTC 2015
[34m[1mOperating System Details[0m
Distributor ID:	Ubuntu
Description:	Ubuntu 12.04.5 LTS
Release:	12.04
Codename:	precise
[34m[1mLinux Version[0m
3.13.0-29-generic
[34m[1mCookbooks Version[0m
a68419e https://github.com/travis-ci/travis-cookbooks/tree/a68419e
[34m[1mGCC version[0m
gcc (Ubuntu/Linaro 4.6.3-1ubuntu5) 4.6.3
Copyright (C) 2011 Free Software Foundation, Inc.
This is free software; see the source for copying conditions.  There is NO
warranty; not even for MERCHANTABILITY or FITNESS FOR A PARTICULAR PURPOSE.

[34m[1mLLVM version[0m
clang version 3.4 (tags/RELEASE_34/final)
Target: x86_64-unknown-linux-gnu
Thread model: posix
[34m[1mPre-installed Ruby versions[0m
ruby-1.9.3-p551
[34m[1mPre-installed Node.js versions[0m
v0.10.36
[34m[1mPre-installed Go versions[0m
1.4.1
[34m[1mRedis version[0m
redis-server 2.8.19
[34m[1mriak version[0m
2.0.2
[34m[1mMongoDB version[0m
MongoDB 2.4.12
[34m[1mCouchDB version[0m
couchdb 1.6.1
[34m[1mNeo4j version[0m
1.9.4
[34m[1mRabbitMQ Version[0m
3.4.3
[34m[1mElasticSearch version[0m
1.4.0
[34m[1mInstalled Sphinx versions[0m
2.0.10
2.1.9
2.2.6
[34m[1mDefault Sphinx version[0m
2.2.6
[34m[1mInstalled Firefox version[0m
firefox 31.0esr
[34m[1mPhantomJS version[0m
1.9.8
[34m[1mant -version[0m
Apache Ant(TM) version 1.8.2 compiled on December 3 2011
[34m[1mmvn -version[0m
Apache Maven 3.2.5 (12a6b3acb947671f09b81f49094c53f426d8cea1; 2014-12-14T17:29:23+00:00)
Maven home: /usr/local/maven
Java version: 1.7.0_76, vendor: Oracle Corporation
Java home: /usr/lib/jvm/java-7-oracle/jre
Default locale: en_US, platform encoding: ANSI_X3.4-1968
OS name: "linux", version: "3.13.0-29-generic", arch: "amd64", family: "unix"
travis_fold:end:system_info[0K
travis_fold:start:git.checkout[0Ktravis_time:start:388b06ba[0K$ git clone --depth=50 https://github.com/checkstyle/checkstyle.git checkstyle/checkstyle
Cloning into 'checkstyle/checkstyle'...
remote: Counting objects: 3535, done.[K
remote: Compressing objects:   0% (1/2013)   [Kremote: Compressing objects:   1% (21/2013)   [Kremote: Compressing objects:   2% (41/2013)   [Kremote: Compressing objects:   3% (61/2013)   [Kremote: Compressing objects:   4% (81/2013)   [Kremote: Compressing objects:   5% (101/2013)   [Kremote: Compressing objects:   6% (121/2013)   [Kremote: Compressing objects:   7% (141/2013)   [Kremote: Compressing objects:   8% (162/2013)   [Kremote: Compressing objects:   9% (182/2013)   [Kremote: Compressing objects:  10% (202/2013)   [Kremote: Compressing objects:  11% (222/2013)   [Kremote: Compressing objects:  12% (242/2013)   [Kremote: Compressing objects:  13% (262/2013)   [Kremote: Compressing objects:  14% (282/2013)   [Kremote: Compressing objects:  15% (302/2013)   [Kremote: Compressing objects:  16% (323/2013)   [Kremote: Compressing objects:  17% (343/2013)   [Kremote: Compressing objects:  18% (363/2013)   [Kremote: Compressing objects:  19% (383/2013)   [Kremote: Compressing objects:  20% (403/2013)   [Kremote: Compressing objects:  21% (423/2013)   [Kremote: Compressing objects:  22% (443/2013)   [Kremote: Compressing objects:  23% (463/2013)   [Kremote: Compressing objects:  24% (484/2013)   [Kremote: Compressing objects:  25% (504/2013)   [Kremote: Compressing objects:  26% (524/2013)   [Kremote: Compressing objects:  27% (544/2013)   [Kremote: Compressing objects:  28% (564/2013)   [Kremote: Compressing objects:  29% (584/2013)   [Kremote: Compressing objects:  30% (604/2013)   [Kremote: Compressing objects:  31% (625/2013)   [Kremote: Compressing objects:  32% (645/2013)   [Kremote: Compressing objects:  33% (665/2013)   [Kremote: Compressing objects:  34% (685/2013)   [Kremote: Compressing objects:  35% (705/2013)   [Kremote: Compressing objects:  36% (725/2013)   [Kremote: Compressing objects:  37% (745/2013)   [Kremote: Compressing objects:  38% (765/2013)   [Kremote: Compressing objects:  39% (786/2013)   [Kremote: Compressing objects:  40% (806/2013)   [Kremote: Compressing objects:  41% (826/2013)   [Kremote: Compressing objects:  42% (846/2013)   [Kremote: Compressing objects:  43% (866/2013)   [Kremote: Compressing objects:  44% (886/2013)   [Kremote: Compressing objects:  45% (906/2013)   [Kremote: Compressing objects:  46% (926/2013)   [Kremote: Compressing objects:  47% (947/2013)   [Kremote: Compressing objects:  48% (967/2013)   [Kremote: Compressing objects:  49% (987/2013)   [Kremote: Compressing objects:  50% (1007/2013)   [Kremote: Compressing objects:  51% (1027/2013)   [Kremote: Compressing objects:  52% (1047/2013)   [Kremote: Compressing objects:  53% (1067/2013)   [Kremote: Compressing objects:  54% (1088/2013)   [Kremote: Compressing objects:  55% (1108/2013)   [Kremote: Compressing objects:  56% (1128/2013)   [Kremote: Compressing objects:  57% (1148/2013)   [Kremote: Compressing objects:  58% (1168/2013)   [Kremote: Compressing objects:  59% (1188/2013)   [Kremote: Compressing objects:  60% (1208/2013)   [Kremote: Compressing objects:  61% (1228/2013)   [Kremote: Compressing objects:  62% (1249/2013)   [Kremote: Compressing objects:  63% (1269/2013)   [Kremote: Compressing objects:  64% (1289/2013)   [Kremote: Compressing objects:  65% (1309/2013)   [Kremote: Compressing objects:  66% (1329/2013)   [Kremote: Compressing objects:  67% (1349/2013)   [Kremote: Compressing objects:  68% (1369/2013)   [Kremote: Compressing objects:  69% (1389/2013)   [Kremote: Compressing objects:  70% (1410/2013)   [Kremote: Compressing objects:  71% (1430/2013)   [Kremote: Compressing objects:  72% (1450/2013)   [Kremote: Compressing objects:  73% (1470/2013)   [Kremote: Compressing objects:  74% (1490/2013)   [Kremote: Compressing objects:  75% (1510/2013)   [Kremote: Compressing objects:  76% (1530/2013)   [Kremote: Compressing objects:  77% (1551/2013)   [Kremote: Compressing objects:  78% (1571/2013)   [Kremote: Compressing objects:  79% (1591/2013)   [Kremote: Compressing objects:  80% (1611/2013)   [Kremote: Compressing objects:  81% (1631/2013)   [Kremote: Compressing objects:  82% (1651/2013)   [Kremote: Compressing objects:  83% (1671/2013)   [Kremote: Compressing objects:  84% (1691/2013)   [Kremote: Compressing objects:  85% (1712/2013)   [Kremote: Compressing objects:  86% (1732/2013)   [Kremote: Compressing objects:  87% (1752/2013)   [Kremote: Compressing objects:  88% (1772/2013)   [Kremote: Compressing objects:  89% (1792/2013)   [Kremote: Compressing objects:  90% (1812/2013)   [Kremote: Compressing objects:  91% (1832/2013)   [Kremote: Compressing objects:  92% (1852/2013)   [Kremote: Compressing objects:  93% (1873/2013)   [Kremote: Compressing objects:  94% (1893/2013)   [Kremote: Compressing objects:  95% (1913/2013)   [Kremote: Compressing objects:  96% (1933/2013)   [Kremote: Compressing objects:  97% (1953/2013)   [Kremote: Compressing objects:  98% (1973/2013)   [Kremote: Compressing objects:  99% (1993/2013)   [Kremote: Compressing objects: 100% (2013/2013)   [Kremote: Compressing objects: 100% (2013/2013), done.[K
Receiving objects:   0% (1/3535)   Receiving objects:   1% (36/3535)   Receiving objects:   2% (71/3535)   Receiving objects:   3% (107/3535)   Receiving objects:   4% (142/3535)   Receiving objects:   5% (177/3535)   Receiving objects:   6% (213/3535)   Receiving objects:   7% (248/3535)   Receiving objects:   8% (283/3535)   Receiving objects:   9% (319/3535)   Receiving objects:  10% (354/3535)   Receiving objects:  11% (389/3535)   Receiving objects:  12% (425/3535)   Receiving objects:  13% (460/3535)   Receiving objects:  14% (495/3535)   Receiving objects:  15% (531/3535)   Receiving objects:  16% (566/3535)   Receiving objects:  17% (601/3535)   Receiving objects:  18% (637/3535)   Receiving objects:  19% (672/3535)   Receiving objects:  20% (707/3535)   Receiving objects:  21% (743/3535)   Receiving objects:  22% (778/3535)   Receiving objects:  23% (814/3535)   Receiving objects:  24% (849/3535)   Receiving objects:  25% (884/3535)   Receiving objects:  26% (920/3535)   Receiving objects:  27% (955/3535)   Receiving objects:  28% (990/3535)   Receiving objects:  29% (1026/3535)   Receiving objects:  30% (1061/3535)   Receiving objects:  31% (1096/3535)   Receiving objects:  32% (1132/3535)   Receiving objects:  33% (1167/3535)   Receiving objects:  34% (1202/3535)   Receiving objects:  35% (1238/3535)   Receiving objects:  36% (1273/3535)   Receiving objects:  37% (1308/3535)   Receiving objects:  38% (1344/3535)   Receiving objects:  39% (1379/3535)   Receiving objects:  40% (1414/3535)   Receiving objects:  41% (1450/3535)   Receiving objects:  42% (1485/3535)   Receiving objects:  43% (1521/3535)   Receiving objects:  44% (1556/3535)   Receiving objects:  45% (1591/3535)   Receiving objects:  46% (1627/3535)   Receiving objects:  47% (1662/3535)   Receiving objects:  48% (1697/3535)   Receiving objects:  49% (1733/3535)   Receiving objects:  50% (1768/3535)   Receiving objects:  51% (1803/3535)   Receiving objects:  52% (1839/3535)   Receiving objects:  53% (1874/3535)   Receiving objects:  54% (1909/3535)   Receiving objects:  55% (1945/3535)   Receiving objects:  56% (1980/3535)   Receiving objects:  57% (2015/3535)   Receiving objects:  58% (2051/3535)   Receiving objects:  59% (2086/3535)   Receiving objects:  60% (2121/3535)   Receiving objects:  61% (2157/3535)   Receiving objects:  62% (2192/3535)   Receiving objects:  63% (2228/3535)   Receiving objects:  64% (2263/3535)   Receiving objects:  65% (2298/3535)   Receiving objects:  66% (2334/3535)   Receiving objects:  67% (2369/3535)   Receiving objects:  68% (2404/3535)   Receiving objects:  69% (2440/3535)   Receiving objects:  70% (2475/3535)   Receiving objects:  71% (2510/3535)   Receiving objects:  72% (2546/3535)   Receiving objects:  73% (2581/3535)   Receiving objects:  74% (2616/3535)   Receiving objects:  75% (2652/3535)   Receiving objects:  76% (2687/3535)   Receiving objects:  77% (2722/3535)   Receiving objects:  78% (2758/3535)   Receiving objects:  79% (2793/3535)   Receiving objects:  80% (2828/3535)   Receiving objects:  81% (2864/3535)   Receiving objects:  82% (2899/3535)   Receiving objects:  83% (2935/3535)   Receiving objects:  84% (2970/3535)   Receiving objects:  85% (3005/3535)   Receiving objects:  86% (3041/3535)   Receiving objects:  87% (3076/3535)   Receiving objects:  88% (3111/3535)   Receiving objects:  89% (3147/3535)   Receiving objects:  90% (3182/3535)   Receiving objects:  91% (3217/3535)   Receiving objects:  92% (3253/3535)   Receiving objects:  93% (3288/3535)   Receiving objects:  94% (3323/3535)   Receiving objects:  95% (3359/3535)   Receiving objects:  96% (3394/3535)   Receiving objects:  97% (3429/3535)   remote: Total 3535 (delta 1698), reused 2332 (delta 1153), pack-reused 0[K
Receiving objects:  98% (3465/3535)   Receiving objects:  99% (3500/3535)   Receiving objects: 100% (3535/3535)   Receiving objects: 100% (3535/3535), 3.72 MiB | 0 bytes/s, done.
Resolving deltas:   0% (0/1698)   Resolving deltas:   2% (49/1698)   Resolving deltas:   4% (74/1698)   Resolving deltas:   6% (105/1698)   Resolving deltas:   7% (124/1698)   Resolving deltas:  10% (182/1698)   Resolving deltas:  11% (187/1698)   Resolving deltas:  14% (239/1698)   Resolving deltas:  15% (256/1698)   Resolving deltas:  16% (279/1698)   Resolving deltas:  17% (292/1698)   Resolving deltas:  20% (345/1698)   Resolving deltas:  21% (358/1698)   Resolving deltas:  22% (374/1698)   Resolving deltas:  23% (391/1698)   Resolving deltas:  24% (408/1698)   Resolving deltas:  25% (428/1698)   Resolving deltas:  26% (457/1698)   Resolving deltas:  27% (461/1698)   Resolving deltas:  28% (484/1698)   Resolving deltas:  29% (500/1698)   Resolving deltas:  30% (511/1698)   Resolving deltas:  31% (528/1698)   Resolving deltas:  32% (545/1698)   Resolving deltas:  33% (562/1698)   Resolving deltas:  34% (591/1698)   Resolving deltas:  35% (595/1698)   Resolving deltas:  36% (617/1698)   Resolving deltas:  37% (631/1698)   Resolving deltas:  38% (646/1698)   Resolving deltas:  39% (664/1698)   Resolving deltas:  40% (681/1698)   Resolving deltas:  41% (698/1698)   Resolving deltas:  49% (842/1698)   Resolving deltas:  50% (865/1698)   Resolving deltas:  51% (869/1698)   Resolving deltas:  52% (891/1698)   Resolving deltas:  56% (967/1698)   Resolving deltas:  57% (976/1698)   Resolving deltas:  58% (985/1698)   Resolving deltas:  59% (1011/1698)   Resolving deltas:  63% (1076/1698)   Resolving deltas:  64% (1087/1698)   Resolving deltas:  66% (1128/1698)   Resolving deltas:  67% (1142/1698)   Resolving deltas:  68% (1157/1698)   Resolving deltas:  69% (1175/1698)   Resolving deltas:  70% (1197/1698)   Resolving deltas:  71% (1207/1698)   Resolving deltas:  72% (1223/1698)   Resolving deltas:  73% (1242/1698)   Resolving deltas:  74% (1259/1698)   Resolving deltas:  75% (1274/1698)   Resolving deltas:  76% (1291/1698)   Resolving deltas:  77% (1309/1698)   Resolving deltas:  78% (1325/1698)   Resolving deltas:  79% (1342/1698)   Resolving deltas:  80% (1359/1698)   Resolving deltas:  81% (1376/1698)   Resolving deltas:  82% (1394/1698)   Resolving deltas:  85% (1449/1698)   Resolving deltas:  86% (1461/1698)   Resolving deltas:  87% (1479/1698)   Resolving deltas:  88% (1495/1698)   Resolving deltas:  89% (1513/1698)   Resolving deltas:  90% (1532/1698)   Resolving deltas:  91% (1553/1698)   Resolving deltas:  92% (1567/1698)   Resolving deltas:  93% (1596/1698)   Resolving deltas:  94% (1598/1698)   Resolving deltas:  95% (1614/1698)   Resolving deltas:  96% (1631/1698)   Resolving deltas:  97% (1658/1698)   Resolving deltas:  98% (1665/1698)   Resolving deltas:  99% (1682/1698)   Resolving deltas: 100% (1698/1698)   Resolving deltas: 100% (1698/1698), done.
Checking connectivity... done.
travis_time:end:388b06ba:start=1446223649223813200,finish=1446223650357640458,duration=1133827258[0K$ cd checkstyle/checkstyle
travis_time:start:0009e0ec[0K$ git fetch origin +refs/pull/2323/merge:
remote: Counting objects: 68, done.[K
remote: Compressing objects:   4% (1/21)   [Kremote: Compressing objects:   9% (2/21)   [Kremote: Compressing objects:  14% (3/21)   [Kremote: Compressing objects:  19% (4/21)   [Kremote: Compressing objects:  23% (5/21)   [Kremote: Compressing objects:  28% (6/21)   [Kremote: Compressing objects:  33% (7/21)   [Kremote: Compressing objects:  38% (8/21)   [Kremote: Compressing objects:  42% (9/21)   [Kremote: Compressing objects:  47% (10/21)   [Kremote: Compressing objects:  52% (11/21)   [Kremote: Compressing objects:  57% (12/21)   [Kremote: Compressing objects:  61% (13/21)   [Kremote: Compressing objects:  66% (14/21)   [Kremote: Compressing objects:  71% (15/21)   [Kremote: Compressing objects:  76% (16/21)   [Kremote: Compressing objects:  80% (17/21)   [Kremote: Compressing objects:  85% (18/21)   [Kremote: Compressing objects:  90% (19/21)   [Kremote: Compressing objects:  95% (20/21)   [Kremote: Compressing objects: 100% (21/21)   [Kremote: Compressing objects: 100% (21/21), done.[K
remote: Total 68 (delta 27), reused 61 (delta 23), pack-reused 0[K
Unpacking objects:   1% (1/68)   Unpacking objects:   2% (2/68)   Unpacking objects:   4% (3/68)   Unpacking objects:   5% (4/68)   Unpacking objects:   7% (5/68)   Unpacking objects:   8% (6/68)   Unpacking objects:  10% (7/68)   Unpacking objects:  11% (8/68)   Unpacking objects:  13% (9/68)   Unpacking objects:  14% (10/68)   Unpacking objects:  16% (11/68)   Unpacking objects:  17% (12/68)   Unpacking objects:  19% (13/68)   Unpacking objects:  20% (14/68)   Unpacking objects:  22% (15/68)   Unpacking objects:  23% (16/68)   Unpacking objects:  25% (17/68)   Unpacking objects:  26% (18/68)   Unpacking objects:  27% (19/68)   Unpacking objects:  29% (20/68)   Unpacking objects:  30% (21/68)   Unpacking objects:  32% (22/68)   Unpacking objects:  33% (23/68)   Unpacking objects:  35% (24/68)   Unpacking objects:  36% (25/68)   Unpacking objects:  38% (26/68)   Unpacking objects:  39% (27/68)   Unpacking objects:  41% (28/68)   Unpacking objects:  42% (29/68)   Unpacking objects:  44% (30/68)   Unpacking objects:  45% (31/68)   Unpacking objects:  47% (32/68)   Unpacking objects:  48% (33/68)   Unpacking objects:  50% (34/68)   Unpacking objects:  51% (35/68)   Unpacking objects:  52% (36/68)   Unpacking objects:  54% (37/68)   Unpacking objects:  55% (38/68)   Unpacking objects:  57% (39/68)   Unpacking objects:  58% (40/68)   Unpacking objects:  60% (41/68)   Unpacking objects:  61% (42/68)   Unpacking objects:  63% (43/68)   Unpacking objects:  64% (44/68)   Unpacking objects:  66% (45/68)   Unpacking objects:  67% (46/68)   Unpacking objects:  69% (47/68)   Unpacking objects:  70% (48/68)   Unpacking objects:  72% (49/68)   Unpacking objects:  73% (50/68)   Unpacking objects:  75% (51/68)   Unpacking objects:  76% (52/68)   Unpacking objects:  77% (53/68)   Unpacking objects:  79% (54/68)   Unpacking objects:  80% (55/68)   Unpacking objects:  82% (56/68)   Unpacking objects:  83% (57/68)   Unpacking objects:  85% (58/68)   Unpacking objects:  86% (59/68)   Unpacking objects:  88% (60/68)   Unpacking objects:  89% (61/68)   Unpacking objects:  91% (62/68)   Unpacking objects:  92% (63/68)   Unpacking objects:  94% (64/68)   Unpacking objects:  95% (65/68)   Unpacking objects:  97% (66/68)   Unpacking objects:  98% (67/68)   Unpacking objects: 100% (68/68)   Unpacking objects: 100% (68/68), done.
From https://github.com/checkstyle/checkstyle
 * branch            refs/pull/2323/merge -> FETCH_HEAD
travis_time:end:0009e0ec:start=1446223650361644216,finish=1446223650732626515,duration=370982299[0K$ git checkout -qf FETCH_HEAD
travis_fold:end:git.checkout[0K
[33;1mThis job is running on container-based infrastructure, which does not allow use of 'sudo', setuid and setguid executables.[0m
[33;1mIf you require sudo, add 'sudo: required' to your .travis.yml[0m
[33;1mSee http://docs.travis-ci.com/user/workers/container-based-infrastructure/ for details.[0m

[33;1mSetting environment variables from .travis.yml[0m
$ export DESC="cobertura and codecov"
$ export CMD="mvn clean compile cobertura:check cobertura:cobertura"
$ export COVERAGE_CMD="bash <(curl -s https://codecov.io/bash)"

travis_fold:start:cache.1[0KSetting up build cache
$ export CASHER_DIR=$HOME/.casher
travis_time:start:1670562f[0K$ Installing caching utilities
travis_time:end:1670562f:start=1446223652348968643,finish=1446223652371573097,duration=22604454[0Ktravis_time:start:12973bcc[0Kattempting to download cache archive
fetching PR.2323/cache--jdk-oraclejdk8.tgz
found cache
travis_time:end:12973bcc:start=1446223652376317853,finish=1446223655414420100,duration=3038102247[0Ktravis_time:start:023f3c94[0Kadding /home/travis/.m2 to cache
travis_time:end:023f3c94:start=1446223655418646399,finish=1446223658352701501,duration=2934055102[0Ktravis_fold:end:cache.1[0K$ jdk_switcher use oraclejdk8
Switching to Oracle JDK8 (java-8-oracle), JAVA_HOME will be set to /usr/lib/jvm/java-8-oracle
$ java -Xmx32m -version
java version "1.8.0_31"
Java(TM) SE Runtime Environment (build 1.8.0_31-b13)
Java HotSpot(TM) 64-Bit Server VM (build 25.31-b07, mixed mode)
$ javac -J-Xmx32m -version
javac 1.8.0_31
travis_fold:start:install[0Ktravis_time:start:0901f2f3[0K$ 
travis_time:end:0901f2f3:start=1446223658799800939,finish=1446223658802907042,duration=3106103[0Ktravis_fold:end:install[0Ktravis_time:start:067f8522[0K$ eval $CMD
Java HotSpot(TM) 64-Bit Server VM warning: ignoring option MaxPermSize=192m; support was removed in 8.0
[INFO] Scanning for projects...
Downloading: https://oss.sonatype.org/content/repositories/codehaus-snapshots/org/apache/maven/plugins/maven-clean-plugin/3.0.0/maven-clean-plugin-3.0.0.pom
Downloading: https://repo.maven.apache.org/maven2/org/apache/maven/plugins/maven-clean-plugin/3.0.0/maven-clean-plugin-3.0.0.pom
4/5 KB   5/5 KB            Downloaded: https://repo.maven.apache.org/maven2/org/apache/maven/plugins/maven-clean-plugin/3.0.0/maven-clean-plugin-3.0.0.pom (5 KB at 65.7 KB/sec)
Downloading: https://oss.sonatype.org/content/repositories/codehaus-snapshots/org/apache/maven/plugins/maven-plugins/28/maven-plugins-28.pom
         Downloading: https://repo.maven.apache.org/maven2/org/apache/maven/plugins/maven-plugins/28/maven-plugins-28.pom
4/12 KB   8/12 KB   12/12 KB   12/12 KB              Downloaded: https://repo.maven.apache.org/maven2/org/apache/maven/plugins/maven-plugins/28/maven-plugins-28.pom (12 KB at 691.1 KB/sec)
Downloading: https://oss.sonatype.org/content/repositories/codehaus-snapshots/org/apache/maven/maven-parent/27/maven-parent-27.pom
           Downloading: https://repo.maven.apache.org/maven2/org/apache/maven/maven-parent/27/maven-parent-27.pom
4/40 KB    8/40 KB   12/40 KB   16/40 KB   20/40 KB   24/40 KB   28/40 KB   32/40 KB   36/40 KB   40/40 KB   40/40 KB              Downloaded: https://repo.maven.apache.org/maven2/org/apache/maven/maven-parent/27/maven-parent-27.pom (40 KB at 969.6 KB/sec)
Downloading: https://oss.sonatype.org/content/repositories/codehaus-snapshots/org/apache/apache/17/apache-17.pom
           Downloading: https://repo.maven.apache.org/maven2/org/apache/apache/17/apache-17.pom
4/16 KB    8/16 KB   12/16 KB   16/16 KB   16/16 KB              Downloaded: https://repo.maven.apache.org/maven2/org/apache/apache/17/apache-17.pom (16 KB at 206.3 KB/sec)
Downloading: https://oss.sonatype.org/content/repositories/codehaus-snapshots/org/apache/maven/plugins/maven-clean-plugin/3.0.0/maven-clean-plugin-3.0.0.jar
           Downloading: https://repo.maven.apache.org/maven2/org/apache/maven/plugins/maven-clean-plugin/3.0.0/maven-clean-plugin-3.0.0.jar
4/30 KB    8/30 KB   12/30 KB   16/30 KB   20/30 KB   24/30 KB   28/30 KB   30/30 KB              Downloaded: https://repo.maven.apache.org/maven2/org/apache/maven/plugins/maven-clean-plugin/3.0.0/maven-clean-plugin-3.0.0.jar (30 KB at 1496.6 KB/sec)
Downloading: https://oss.sonatype.org/content/repositories/codehaus-snapshots/org/apache/maven/plugins/maven-failsafe-plugin/2.19/maven-failsafe-plugin-2.19.pom
           Downloading: https://repo.maven.apache.org/maven2/org/apache/maven/plugins/maven-failsafe-plugin/2.19/maven-failsafe-plugin-2.19.pom
4/10 KB    8/10 KB   10/10 KB              Downloaded: https://repo.maven.apache.org/maven2/org/apache/maven/plugins/maven-failsafe-plugin/2.19/maven-failsafe-plugin-2.19.pom (10 KB at 425.8 KB/sec)
Downloading: https://oss.sonatype.org/content/repositories/codehaus-snapshots/org/apache/maven/surefire/surefire/2.19/surefire-2.19.pom
           Downloading: https://repo.maven.apache.org/maven2/org/apache/maven/surefire/surefire/2.19/surefire-2.19.pom
3/18 KB    7/18 KB   11/18 KB   15/18 KB   18/18 KB              Downloaded: https://repo.maven.apache.org/maven2/org/apache/maven/surefire/surefire/2.19/surefire-2.19.pom (18 KB at 689.3 KB/sec)
Downloading: https://oss.sonatype.org/content/repositories/codehaus-snapshots/org/apache/maven/plugins/maven-failsafe-plugin/2.19/maven-failsafe-plugin-2.19.jar
           Downloading: https://repo.maven.apache.org/maven2/org/apache/maven/plugins/maven-failsafe-plugin/2.19/maven-failsafe-plugin-2.19.jar
3/85 KB    7/85 KB   11/85 KB   15/85 KB   19/85 KB   23/85 KB   27/85 KB   31/85 KB   35/85 KB   39/85 KB   43/85 KB   47/85 KB   51/85 KB   55/85 KB   59/85 KB   63/85 KB   67/85 KB   71/85 KB   75/85 KB   79/85 KB   83/85 KB   85/85 KB              Downloaded: https://repo.maven.apache.org/maven2/org/apache/maven/plugins/maven-failsafe-plugin/2.19/maven-failsafe-plugin-2.19.jar (85 KB at 1873.7 KB/sec)
Downloading: https://oss.sonatype.org/content/repositories/codehaus-snapshots/org/apache/maven/plugins/maven-surefire-plugin/2.19/maven-surefire-plugin-2.19.pom
           Downloading: https://repo.maven.apache.org/maven2/org/apache/maven/plugins/maven-surefire-plugin/2.19/maven-surefire-plugin-2.19.pom
4/6 KB     6/6 KB            Downloaded: https://repo.maven.apache.org/maven2/org/apache/maven/plugins/maven-surefire-plugin/2.19/maven-surefire-plugin-2.19.pom (6 KB at 271.6 KB/sec)
Downloading: https://oss.sonatype.org/content/repositories/codehaus-snapshots/org/apache/maven/plugins/maven-surefire-plugin/2.19/maven-surefire-plugin-2.19.jar
         Downloading: https://repo.maven.apache.org/maven2/org/apache/maven/plugins/maven-surefire-plugin/2.19/maven-surefire-plugin-2.19.jar
4/38 KB   8/38 KB   12/38 KB   16/38 KB   20/38 KB   24/38 KB   28/38 KB   32/38 KB   36/38 KB   38/38 KB              Downloaded: https://repo.maven.apache.org/maven2/org/apache/maven/plugins/maven-surefire-plugin/2.19/maven-surefire-plugin-2.19.jar (38 KB at 957.8 KB/sec)
Downloading: https://oss.sonatype.org/content/repositories/codehaus-snapshots/de/thetaphi/forbiddenapis/2.0/forbiddenapis-2.0.pom
           Downloading: https://repo.maven.apache.org/maven2/de/thetaphi/forbiddenapis/2.0/forbiddenapis-2.0.pom
3/3 KB              Downloaded: https://repo.maven.apache.org/maven2/de/thetaphi/forbiddenapis/2.0/forbiddenapis-2.0.pom (3 KB at 254.4 KB/sec)
Downloading: https://oss.sonatype.org/content/repositories/codehaus-snapshots/de/thetaphi/forbiddenapis/2.0/forbiddenapis-2.0.jar
         Downloading: https://repo.maven.apache.org/maven2/de/thetaphi/forbiddenapis/2.0/forbiddenapis-2.0.jar
4/219 KB   8/219 KB   12/219 KB   16/219 KB   20/219 KB   24/219 KB   28/219 KB   32/219 KB   36/219 KB   40/219 KB   44/219 KB   48/219 KB   52/219 KB   56/219 KB   60/219 KB   64/219 KB   68/219 KB   72/219 KB   76/219 KB   80/219 KB   84/219 KB   88/219 KB   92/219 KB   96/219 KB   100/219 KB   104/219 KB   108/219 KB   112/219 KB   116/219 KB   120/219 KB   124/219 KB   128/219 KB   132/219 KB   136/219 KB   140/219 KB   144/219 KB   148/219 KB   152/219 KB   156/219 KB   160/219 KB   164/219 KB   168/219 KB   172/219 KB   176/219 KB   180/219 KB   184/219 KB   188/219 KB   192/219 KB   196/219 KB   200/219 KB   204/219 KB   208/219 KB   212/219 KB   216/219 KB   219/219 KB                Downloaded: https://repo.maven.apache.org/maven2/de/thetaphi/forbiddenapis/2.0/forbiddenapis-2.0.jar (219 KB at 2059.5 KB/sec)
[INFO]                                                                         
[INFO] ------------------------------------------------------------------------
[INFO] Building checkstyle 6.12-SNAPSHOT
[INFO] ------------------------------------------------------------------------
Downloading: http://repo.maven.apache.org/maven2/junit/junit-dep/maven-metadata.xml
563/563 B                Downloaded: http://repo.maven.apache.org/maven2/junit/junit-dep/maven-metadata.xml (563 B at 68.7 KB/sec)
Downloading: https://oss.sonatype.org/content/repositories/releases/junit/junit-dep/maven-metadata.xml
Downloading: https://repository.apache.org/releases/junit/junit-dep/maven-metadata.xml
563/563 B   Downloading: https://nexus.codehaus.org/snapshots/junit/junit-dep/maven-metadata.xml
Downloading: https://repository.apache.org/snapshots/junit/junit-dep/maven-metadata.xml
            Downloading: https://oss.sonatype.org/content/repositories/snapshots/junit/junit-dep/maven-metadata.xml
            Downloaded: https://oss.sonatype.org/content/repositories/releases/junit/junit-dep/maven-metadata.xml (563 B at 14.5 KB/sec)
                                    [WARNING] Could not transfer metadata junit:junit-dep/maven-metadata.xml from/to codehaus-snapshots (https://nexus.codehaus.org/snapshots/): nexus.codehaus.org: unknown error
Downloading: http://repo.maven.apache.org/maven2/commons-io/commons-io/maven-metadata.xml
Downloading: https://oss.sonatype.org/content/repositories/releases/commons-io/commons-io/maven-metadata.xml
Downloading: https://repository.apache.org/releases/commons-io/commons-io/maven-metadata.xml
Downloading: https://repository.apache.org/snapshots/commons-io/commons-io/maven-metadata.xml
725/725 B               Downloaded: http://repo.maven.apache.org/maven2/commons-io/commons-io/maven-metadata.xml (725 B at 30.8 KB/sec)
Downloading: https://nexus.codehaus.org/snapshots/commons-io/commons-io/maven-metadata.xml
            Downloading: https://oss.sonatype.org/content/repositories/snapshots/commons-io/commons-io/maven-metadata.xml
                                    350/350 B               Downloaded: https://repository.apache.org/snapshots/commons-io/commons-io/maven-metadata.xml (350 B at 0.6 KB/sec)
[WARNING] Could not transfer metadata commons-io:commons-io/maven-metadata.xml from/to codehaus-snapshots (https://nexus.codehaus.org/snapshots/): nexus.codehaus.org
Downloading: https://repository.apache.org/snapshots/commons-io/commons-io/2.5-SNAPSHOT/maven-metadata.xml
Downloading: https://nexus.codehaus.org/snapshots/commons-io/commons-io/2.5-SNAPSHOT/maven-metadata.xml
            Downloading: https://oss.sonatype.org/content/repositories/snapshots/commons-io/commons-io/2.5-SNAPSHOT/maven-metadata.xml
            3/3 KB               Downloaded: https://repository.apache.org/snapshots/commons-io/commons-io/2.5-SNAPSHOT/maven-metadata.xml (3 KB at 4.4 KB/sec)
[WARNING] Could not transfer metadata commons-io:commons-io:2.5-SNAPSHOT/maven-metadata.xml from/to codehaus-snapshots (https://nexus.codehaus.org/snapshots/): nexus.codehaus.org
[WARNING] Failure to transfer commons-io:commons-io:2.5-SNAPSHOT/maven-metadata.xml from https://nexus.codehaus.org/snapshots/ was cached in the local repository, resolution will not be reattempted until the update interval of codehaus-snapshots has elapsed or updates are forced. Original error: Could not transfer metadata commons-io:commons-io:2.5-SNAPSHOT/maven-metadata.xml from/to codehaus-snapshots (https://nexus.codehaus.org/snapshots/): nexus.codehaus.org
Downloading: https://nexus.codehaus.org/snapshots/commons-io/commons-io/2.6-SNAPSHOT/maven-metadata.xml
         Downloading: https://oss.sonatype.org/content/repositories/snapshots/commons-io/commons-io/2.6-SNAPSHOT/maven-metadata.xml
Downloading: https://repository.apache.org/snapshots/commons-io/commons-io/2.6-SNAPSHOT/maven-metadata.xml
         3/3 KB            Downloaded: https://repository.apache.org/snapshots/commons-io/commons-io/2.6-SNAPSHOT/maven-metadata.xml (3 KB at 3.0 KB/sec)
[WARNING] Could not transfer metadata commons-io:commons-io:2.6-SNAPSHOT/maven-metadata.xml from/to codehaus-snapshots (https://nexus.codehaus.org/snapshots/): nexus.codehaus.org
[WARNING] Failure to transfer commons-io:commons-io:2.6-SNAPSHOT/maven-metadata.xml from https://nexus.codehaus.org/snapshots/ was cached in the local repository, resolution will not be reattempted until the update interval of codehaus-snapshots has elapsed or updates are forced. Original error: Could not transfer metadata commons-io:commons-io:2.6-SNAPSHOT/maven-metadata.xml from/to codehaus-snapshots (https://nexus.codehaus.org/snapshots/): nexus.codehaus.org
Downloading: http://repo.maven.apache.org/maven2/org/eclipse/jgit/org.eclipse.jgit/4.1.0.201509280440-r/org.eclipse.jgit-4.1.0.201509280440-r.pom
4/7 KB   7/7 KB            Downloaded: http://repo.maven.apache.org/maven2/org/eclipse/jgit/org.eclipse.jgit/4.1.0.201509280440-r/org.eclipse.jgit-4.1.0.201509280440-r.pom (7 KB at 253.3 KB/sec)
Downloading: http://repo.maven.apache.org/maven2/org/eclipse/jgit/org.eclipse.jgit-parent/4.1.0.201509280440-r/org.eclipse.jgit-parent-4.1.0.201509280440-r.pom
4/26 KB   8/26 KB   12/26 KB   13/26 KB   17/26 KB   21/26 KB   25/26 KB   26/26 KB              Downloaded: http://repo.maven.apache.org/maven2/org/eclipse/jgit/org.eclipse.jgit-parent/4.1.0.201509280440-r/org.eclipse.jgit-parent-4.1.0.201509280440-r.pom (26 KB at 1844.0 KB/sec)
Downloading: http://repo.maven.apache.org/maven2/org/eclipse/jdt/org.eclipse.jdt.annotation/1.1.0/org.eclipse.jdt.annotation-1.1.0.pom
2/4 KB     4/4 KB            Downloaded: http://repo.maven.apache.org/maven2/org/eclipse/jdt/org.eclipse.jdt.annotation/1.1.0/org.eclipse.jdt.annotation-1.1.0.pom (4 KB at 172.2 KB/sec)
Downloading: http://repo.maven.apache.org/maven2/org/eclipse/jgit/org.eclipse.jgit/4.1.0.201509280440-r/org.eclipse.jgit-4.1.0.201509280440-r.jar
Downloading: http://repo.maven.apache.org/maven2/org/eclipse/jdt/org.eclipse.jdt.annotation/1.1.0/org.eclipse.jdt.annotation-1.1.0.jar
4/2113 KB   4/5 KB   8/2113 KB   4/5 KB   12/2113 KB   4/5 KB   16/2113 KB   4/5 KB   20/2113 KB   4/5 KB   24/2113 KB   4/5 KB   28/2113 KB   4/5 KB   32/2113 KB   4/5 KB   36/2113 KB   4/5 KB   40/2113 KB   4/5 KB   44/2113 KB   4/5 KB   48/2113 KB   4/5 KB   52/2113 KB   4/5 KB   54/2113 KB   4/5 KB   4/2113 KB   5/5 KB   54/2113 KB   5/5 KB   58/2113 KB   5/5 KB   62/2113 KB   5/5 KB   66/2113 KB   5/5 KB   70/2113 KB   5/5 KB   74/2113 KB   5/5 KB   78/2113 KB   5/5 KB   82/2113 KB   5/5 KB   83/2113 KB   5/5 KB   84/2113 KB   5/5 KB   88/2113 KB   5/5 KB   92/2113 KB   5/5 KB   96/2113 KB   5/5 KB   100/2113 KB   5/5 KB   104/2113 KB   5/5 KB   108/2113 KB   5/5 KB   111/2113 KB   5/5 KB   112/2113 KB   5/5 KB   115/2113 KB   5/5 KB   118/2113 KB   5/5 KB   121/2113 KB   5/5 KB   125/2113 KB   5/5 KB   129/2113 KB   5/5 KB   133/2113 KB   5/5 KB   137/2113 KB   5/5 KB   141/2113 KB   145/2113 KB            149/2113 KB   152/2113 KB                          Downloaded: http://repo.maven.apache.org/maven2/org/eclipse/jdt/org.eclipse.jdt.annotation/1.1.0/org.eclipse.jdt.annotation-1.1.0.jar (5 KB at 110.2 KB/sec)
156/2113 KB   156/2113 KB   160/2113 KB   164/2113 KB   168/2113 KB   172/2113 KB   174/2113 KB   177/2113 KB   178/2113 KB   181/2113 KB   184/2113 KB   187/2113 KB   189/2113 KB   191/2113 KB   194/2113 KB   196/2113 KB   200/2113 KB   204/2113 KB   208/2113 KB   211/2113 KB   212/2113 KB   215/2113 KB   218/2113 KB   220/2113 KB   223/2113 KB   226/2113 KB   229/2113 KB   232/2113 KB   235/2113 KB   239/2113 KB   243/2113 KB   247/2113 KB   251/2113 KB   252/2113 KB   254/2113 KB   257/2113 KB   261/2113 KB   261/2113 KB   264/2113 KB   267/2113 KB   270/2113 KB   274/2113 KB   278/2113 KB   282/2113 KB   286/2113 KB   290/2113 KB   294/2113 KB   298/2113 KB   302/2113 KB   306/2113 KB   310/2113 KB   314/2113 KB   318/2113 KB   322/2113 KB   326/2113 KB   330/2113 KB   334/2113 KB   338/2113 KB   342/2113 KB   346/2113 KB   350/2113 KB   354/2113 KB   358/2113 KB   362/2113 KB   366/2113 KB   370/2113 KB   374/2113 KB   378/2113 KB   382/2113 KB   386/2113 KB   390/2113 KB   394/2113 KB   398/2113 KB   402/2113 KB   406/2113 KB   410/2113 KB   414/2113 KB   415/2113 KB   419/2113 KB   423/2113 KB   427/2113 KB   431/2113 KB   435/2113 KB   439/2113 KB   443/2113 KB   447/2113 KB   451/2113 KB   455/2113 KB   459/2113 KB   463/2113 KB   467/2113 KB   471/2113 KB   475/2113 KB   479/2113 KB   483/2113 KB   487/2113 KB   491/2113 KB   495/2113 KB   499/2113 KB   503/2113 KB   507/2113 KB   511/2113 KB   515/2113 KB   519/2113 KB   523/2113 KB   527/2113 KB   531/2113 KB   535/2113 KB   539/2113 KB   543/2113 KB   547/2113 KB   551/2113 KB   555/2113 KB   559/2113 KB   563/2113 KB   567/2113 KB   571/2113 KB   575/2113 KB   579/2113 KB   583/2113 KB   587/2113 KB   591/2113 KB   595/2113 KB   599/2113 KB   603/2113 KB   607/2113 KB   611/2113 KB   615/2113 KB   619/2113 KB   623/2113 KB   627/2113 KB   631/2113 KB   635/2113 KB   639/2113 KB   643/2113 KB   647/2113 KB   651/2113 KB   655/2113 KB   659/2113 KB   663/2113 KB   667/2113 KB   671/2113 KB   675/2113 KB   679/2113 KB   683/2113 KB   687/2113 KB   691/2113 KB   695/2113 KB   699/2113 KB   703/2113 KB   707/2113 KB   711/2113 KB   715/2113 KB   719/2113 KB   723/2113 KB   727/2113 KB   731/2113 KB   735/2113 KB   739/2113 KB   743/2113 KB   747/2113 KB   751/2113 KB   755/2113 KB   759/2113 KB   763/2113 KB   767/2113 KB   771/2113 KB   775/2113 KB   779/2113 KB   783/2113 KB   787/2113 KB   791/2113 KB   795/2113 KB   799/2113 KB   803/2113 KB   807/2113 KB   811/2113 KB   815/2113 KB   819/2113 KB   823/2113 KB   827/2113 KB   831/2113 KB   835/2113 KB   839/2113 KB   843/2113 KB   847/2113 KB   851/2113 KB   855/2113 KB   859/2113 KB   863/2113 KB   867/2113 KB   871/2113 KB   875/2113 KB   879/2113 KB   883/2113 KB   887/2113 KB   891/2113 KB   895/2113 KB   899/2113 KB   903/2113 KB   907/2113 KB   911/2113 KB   915/2113 KB   919/2113 KB   923/2113 KB   927/2113 KB   931/2113 KB   935/2113 KB   939/2113 KB   943/2113 KB   947/2113 KB   951/2113 KB   955/2113 KB   959/2113 KB   963/2113 KB   967/2113 KB   971/2113 KB   975/2113 KB   979/2113 KB   983/2113 KB   987/2113 KB   991/2113 KB   995/2113 KB   999/2113 KB   1003/2113 KB   1007/2113 KB   1011/2113 KB   1015/2113 KB   1019/2113 KB   1023/2113 KB   1027/2113 KB   1031/2113 KB   1035/2113 KB   1039/2113 KB   1043/2113 KB   1047/2113 KB   1051/2113 KB   1055/2113 KB   1059/2113 KB   1063/2113 KB   1067/2113 KB   1071/2113 KB   1075/2113 KB   1079/2113 KB   1083/2113 KB   1087/2113 KB   1091/2113 KB   1095/2113 KB   1099/2113 KB   1103/2113 KB   1107/2113 KB   1111/2113 KB   1115/2113 KB   1119/2113 KB   1123/2113 KB   1127/2113 KB   1131/2113 KB   1135/2113 KB   1139/2113 KB   1143/2113 KB   1147/2113 KB   1151/2113 KB   1155/2113 KB   1159/2113 KB   1163/2113 KB   1167/2113 KB   1171/2113 KB   1175/2113 KB   1179/2113 KB   1183/2113 KB   1187/2113 KB   1190/2113 KB   1193/2113 KB   1197/2113 KB   1197/2113 KB   1200/2113 KB   1204/2113 KB   1208/2113 KB   1212/2113 KB   1216/2113 KB   1220/2113 KB   1224/2113 KB   1228/2113 KB   1232/2113 KB   1236/2113 KB   1238/2113 KB   1242/2113 KB   1245/2113 KB   1249/2113 KB   1253/2113 KB   1257/2113 KB   1261/2113 KB   1265/2113 KB   1269/2113 KB   1273/2113 KB   1277/2113 KB   1281/2113 KB   1285/2113 KB   1286/2113 KB   1290/2113 KB   1292/2113 KB   1296/2113 KB   1296/2113 KB   1297/2113 KB   1301/2113 KB   1302/2113 KB   1306/2113 KB   1310/2113 KB   1314/2113 KB   1318/2113 KB   1322/2113 KB   1326/2113 KB   1330/2113 KB   1334/2113 KB   1334/2113 KB   1338/2113 KB   1340/2113 KB   1344/2113 KB   1344/2113 KB   1348/2113 KB   1350/2113 KB   1354/2113 KB   1354/2113 KB   1358/2113 KB   1362/2113 KB   1366/2113 KB   1370/2113 KB   1374/2113 KB   1375/2113 KB   1379/2113 KB   1381/2113 KB   1383/2113 KB   1387/2113 KB   1391/2113 KB   1391/2113 KB   1395/2113 KB   1398/2113 KB   1401/2113 KB   1405/2113 KB   1408/2113 KB   1412/2113 KB   1416/2113 KB   1420/2113 KB   1424/2113 KB   1428/2113 KB   1429/2113 KB   1431/2113 KB   1435/2113 KB   1439/2113 KB   1443/2113 KB   1447/2113 KB   1450/2113 KB   1454/2113 KB   1456/2113 KB   1457/2113 KB   1459/2113 KB   1462/2113 KB   1466/2113 KB   1470/2113 KB   1474/2113 KB   1477/2113 KB   1479/2113 KB   1483/2113 KB   1487/2113 KB   1491/2113 KB   1495/2113 KB   1499/2113 KB   1501/2113 KB   1505/2113 KB   1506/2113 KB   1510/2113 KB   1514/2113 KB   1518/2113 KB   1522/2113 KB   1524/2113 KB   1528/2113 KB   1530/2113 KB   1533/2113 KB   1537/2113 KB   1541/2113 KB   1545/2113 KB   1549/2113 KB   1552/2113 KB   1554/2113 KB   1558/2113 KB   1558/2113 KB   1560/2113 KB   1564/2113 KB   1568/2113 KB   1572/2113 KB   1572/2113 KB   1576/2113 KB   1578/2113 KB   1581/2113 KB   1585/2113 KB   1589/2113 KB   1593/2113 KB   1597/2113 KB   1601/2113 KB   1605/2113 KB   1606/2113 KB   1610/2113 KB   1614/2113 KB   1618/2113 KB   1620/2113 KB   1624/2113 KB   1626/2113 KB   1629/2113 KB   1633/2113 KB   1637/2113 KB   1637/2113 KB   1641/2113 KB   1645/2113 KB   1649/2113 KB   1653/2113 KB   1654/2113 KB   1658/2113 KB   1662/2113 KB   1666/2113 KB   1670/2113 KB   1674/2113 KB   1678/2113 KB   1682/2113 KB   1686/2113 KB   1690/2113 KB   1694/2113 KB   1698/2113 KB   1702/2113 KB   1706/2113 KB   1710/2113 KB   1714/2113 KB   1718/2113 KB   1722/2113 KB   1726/2113 KB   1730/2113 KB   1734/2113 KB   1738/2113 KB   1742/2113 KB   1746/2113 KB   1750/2113 KB   1754/2113 KB   1758/2113 KB   1762/2113 KB   1766/2113 KB   1770/2113 KB   1774/2113 KB   1778/2113 KB   1782/2113 KB   1786/2113 KB   1790/2113 KB   1794/2113 KB   1798/2113 KB   1802/2113 KB   1806/2113 KB   1810/2113 KB   1814/2113 KB   1818/2113 KB   1822/2113 KB   1826/2113 KB   1830/2113 KB   1834/2113 KB   1838/2113 KB   1842/2113 KB   1846/2113 KB   1850/2113 KB   1854/2113 KB   1858/2113 KB   1862/2113 KB   1866/2113 KB   1870/2113 KB   1874/2113 KB   1878/2113 KB   1880/2113 KB   1884/2113 KB   1888/2113 KB   1892/2113 KB   1896/2113 KB   1900/2113 KB   1904/2113 KB   1908/2113 KB   1912/2113 KB   1916/2113 KB   1920/2113 KB   1924/2113 KB   1928/2113 KB   1931/2113 KB   1934/2113 KB   1936/2113 KB   1938/2113 KB   1942/2113 KB   1946/2113 KB   1950/2113 KB   1954/2113 KB   1958/2113 KB   1962/2113 KB   1966/2113 KB   1970/2113 KB   1974/2113 KB   1978/2113 KB   1982/2113 KB   1985/2113 KB   1988/2113 KB   1991/2113 KB   1994/2113 KB   1998/2113 KB   2002/2113 KB   2006/2113 KB   2010/2113 KB   2014/2113 KB   2018/2113 KB   2022/2113 KB   2026/2113 KB   2030/2113 KB   2034/2113 KB   2038/2113 KB   2040/2113 KB   2043/2113 KB   2046/2113 KB   2050/2113 KB   2054/2113 KB   2058/2113 KB   2062/2113 KB   2066/2113 KB   2070/2113 KB   2074/2113 KB   2078/2113 KB   2082/2113 KB   2086/2113 KB   2090/2113 KB   2094/2113 KB   2097/2113 KB   2100/2113 KB   2103/2113 KB   2107/2113 KB   2111/2113 KB   2113/2113 KB                  Downloaded: http://repo.maven.apache.org/maven2/org/eclipse/jgit/org.eclipse.jgit/4.1.0.201509280440-r/org.eclipse.jgit-4.1.0.201509280440-r.jar (2113 KB at 14270.5 KB/sec)
[INFO] 
[INFO] --- maven-clean-plugin:3.0.0:clean (default-clean) @ checkstyle ---
Downloading: https://oss.sonatype.org/content/repositories/codehaus-snapshots/org/apache/maven/shared/maven-shared-utils/3.0.0/maven-shared-utils-3.0.0.pom
               Downloading: https://repo.maven.apache.org/maven2/org/apache/maven/shared/maven-shared-utils/3.0.0/maven-shared-utils-3.0.0.pom
4/6 KB         6/6 KB            Downloaded: https://repo.maven.apache.org/maven2/org/apache/maven/shared/maven-shared-utils/3.0.0/maven-shared-utils-3.0.0.pom (6 KB at 419.5 KB/sec)
Downloading: https://oss.sonatype.org/content/repositories/codehaus-snapshots/org/codehaus/plexus/plexus-utils/2.0.4/plexus-utils-2.0.4.jar
Downloading: https://oss.sonatype.org/content/repositories/codehaus-snapshots/org/apache/maven/shared/maven-shared-utils/3.0.0/maven-shared-utils-3.0.0.jar
                  Downloading: https://repo.maven.apache.org/maven2/org/apache/maven/shared/maven-shared-utils/3.0.0/maven-shared-utils-3.0.0.jar
Downloading: https://repo.maven.apache.org/maven2/org/codehaus/plexus/plexus-utils/2.0.4/plexus-utils-2.0.4.jar
4/152 KB   8/152 KB   12/152 KB   16/152 KB   20/152 KB   24/152 KB   28/152 KB   32/152 KB   32/152 KB   4/217 KB   32/152 KB   8/217 KB   32/152 KB   12/217 KB   32/152 KB   16/217 KB   36/152 KB   16/217 KB   40/152 KB   16/217 KB   44/152 KB   16/217 KB   48/152 KB   16/217 KB   48/152 KB   20/217 KB   48/152 KB   24/217 KB   48/152 KB   28/217 KB   48/152 KB   32/217 KB   52/152 KB   32/217 KB   56/152 KB   32/217 KB   60/152 KB   32/217 KB   64/152 KB   32/217 KB   64/152 KB   36/217 KB   64/152 KB   40/217 KB   64/152 KB   44/217 KB   64/152 KB   48/217 KB   68/152 KB   48/217 KB   72/152 KB   48/217 KB   76/152 KB   48/217 KB   80/152 KB   48/217 KB   80/152 KB   52/217 KB   80/152 KB   56/217 KB   80/152 KB   60/217 KB   80/152 KB   64/217 KB   84/152 KB   64/217 KB   88/152 KB   64/217 KB   92/152 KB   64/217 KB   96/152 KB   64/217 KB   96/152 KB   68/217 KB   96/152 KB   72/217 KB   96/152 KB   76/217 KB   96/152 KB   80/217 KB   100/152 KB   80/217 KB   104/152 KB   80/217 KB   108/152 KB   80/217 KB   112/152 KB   80/217 KB   112/152 KB   84/217 KB   112/152 KB   88/217 KB   112/152 KB   92/217 KB   112/152 KB   96/217 KB   116/152 KB   96/217 KB   120/152 KB   96/217 KB   124/152 KB   96/217 KB   128/152 KB   96/217 KB   128/152 KB   100/217 KB   128/152 KB   104/217 KB   128/152 KB   108/217 KB   128/152 KB   112/217 KB   132/152 KB   112/217 KB   136/152 KB   112/217 KB   140/152 KB   112/217 KB   144/152 KB   112/217 KB   144/152 KB   116/217 KB   144/152 KB   120/217 KB   144/152 KB   124/217 KB   144/152 KB   128/217 KB   148/152 KB   128/217 KB   152/152 KB   128/217 KB   152/152 KB   132/217 KB   152/152 KB   136/217 KB   152/152 KB   140/217 KB   152/152 KB   144/217 KB   152/152 KB   148/217 KB   152/152 KB   152/217 KB   152/152 KB   156/217 KB   152/152 KB   160/217 KB                             Downloaded: https://repo.maven.apache.org/maven2/org/apache/maven/shared/maven-shared-utils/3.0.0/maven-shared-utils-3.0.0.jar (152 KB at 2289.1 KB/sec)
164/217 KB                168/217 KB   172/217 KB   176/217 KB   180/217 KB   184/217 KB   188/217 KB   192/217 KB   196/217 KB   200/217 KB   204/217 KB   208/217 KB   212/217 KB   216/217 KB   217/217 KB                Downloaded: https://repo.maven.apache.org/maven2/org/codehaus/plexus/plexus-utils/2.0.4/plexus-utils-2.0.4.jar (217 KB at 2465.1 KB/sec)
[INFO] 
[INFO] --- maven-enforcer-plugin:1.4.1:enforce (enforce-maven) @ checkstyle ---
[INFO] 
[INFO] --- maven-enforcer-plugin:1.4.1:enforce (enforce-versions) @ checkstyle ---
[INFO] 
[INFO] --- antlr-maven-plugin:2.2:generate (default) @ checkstyle ---
[INFO] performing grammar generation [java.g]
ANTLR Parser Generator   Version 2.7.7 (20060906)   1989-2005
/home/travis/build/checkstyle/checkstyle/src/main/resources/com/puppycrawl/tools/checkstyle/grammars/java.g:623:9: warning:nondeterminism between alts 1 and 2 of block upon
/home/travis/build/checkstyle/checkstyle/src/main/resources/com/puppycrawl/tools/checkstyle/grammars/java.g:623:9:     k==1:AT
/home/travis/build/checkstyle/checkstyle/src/main/resources/com/puppycrawl/tools/checkstyle/grammars/java.g:623:9:     k==2:IDENT
/home/travis/build/checkstyle/checkstyle/src/main/resources/com/puppycrawl/tools/checkstyle/grammars/java.g:770:16: warning:nondeterminism between alts 1 and 2 of block upon
/home/travis/build/checkstyle/checkstyle/src/main/resources/com/puppycrawl/tools/checkstyle/grammars/java.g:770:16:     k==1:AT
/home/travis/build/checkstyle/checkstyle/src/main/resources/com/puppycrawl/tools/checkstyle/grammars/java.g:770:16:     k==2:IDENT
/home/travis/build/checkstyle/checkstyle/src/main/resources/com/puppycrawl/tools/checkstyle/grammars/java.g:806:61: warning:nondeterminism between alts 1 and 2 of block upon
/home/travis/build/checkstyle/checkstyle/src/main/resources/com/puppycrawl/tools/checkstyle/grammars/java.g:806:61:     k==1:SEMI
/home/travis/build/checkstyle/checkstyle/src/main/resources/com/puppycrawl/tools/checkstyle/grammars/java.g:806:61:     k==2:"final","abstract","strictfp",SEMI,"void","boolean","byte","char","short","int","float","long","double",IDENT,"private","public","protected","static","transient","native","synchronized","volatile","class","interface",LCURLY,RCURLY,"default",LT,ENUM,AT
/home/travis/build/checkstyle/checkstyle/src/main/resources/com/puppycrawl/tools/checkstyle/grammars/java.g:695:9: warning:nondeterminism between alts 1 and 2 of block upon
/home/travis/build/checkstyle/checkstyle/src/main/resources/com/puppycrawl/tools/checkstyle/grammars/java.g:695:9:     k==1:AT
/home/travis/build/checkstyle/checkstyle/src/main/resources/com/puppycrawl/tools/checkstyle/grammars/java.g:695:9:     k==2:IDENT
/home/travis/build/checkstyle/checkstyle/src/main/resources/com/puppycrawl/tools/checkstyle/grammars/java.g:947: warning:Syntactic predicate superfluous for single alternative
/home/travis/build/checkstyle/checkstyle/src/main/resources/com/puppycrawl/tools/checkstyle/grammars/java.g:972:31: warning:nondeterminism between alts 1 and 2 of block upon
/home/travis/build/checkstyle/checkstyle/src/main/resources/com/puppycrawl/tools/checkstyle/grammars/java.g:972:31:     k==1:IDENT
/home/travis/build/checkstyle/checkstyle/src/main/resources/com/puppycrawl/tools/checkstyle/grammars/java.g:972:31:     k==2:LBRACK
/home/travis/build/checkstyle/checkstyle/src/main/resources/com/puppycrawl/tools/checkstyle/grammars/java.g:1027:43: warning:nondeterminism between alts 1 and 2 of block upon
/home/travis/build/checkstyle/checkstyle/src/main/resources/com/puppycrawl/tools/checkstyle/grammars/java.g:1027:43:     k==1:SEMI
/home/travis/build/checkstyle/checkstyle/src/main/resources/com/puppycrawl/tools/checkstyle/grammars/java.g:1027:43:     k==2:"final","abstract","strictfp",SEMI,"void","boolean","byte","char","short","int","float","long","double",IDENT,"private","public","protected","static","transient","native","synchronized","volatile","class",LCURLY,RCURLY,LPAREN,RPAREN,"this","super",COLON,"if","while","do","break","continue","return","switch","throw","for","else","case","default","try",PLUS,MINUS,INC,DEC,BNOT,LNOT,"true","false","null","new",NUM_INT,CHAR_LITERAL,STRING_LITERAL,NUM_FLOAT,NUM_LONG,NUM_DOUBLE,ASSERT,AT
/home/travis/build/checkstyle/checkstyle/src/main/resources/com/puppycrawl/tools/checkstyle/grammars/java.g:1127:9: warning:nondeterminism between alts 1 and 2 of block upon
/home/travis/build/checkstyle/checkstyle/src/main/resources/com/puppycrawl/tools/checkstyle/grammars/java.g:1127:9:     k==1:"default"
/home/travis/build/checkstyle/checkstyle/src/main/resources/com/puppycrawl/tools/checkstyle/grammars/java.g:1127:9:     k==2:"final","abstract","strictfp",SEMI,"void","boolean","byte","char","short","int","float","long","double",IDENT,"private","public","protected","static","transient","native","synchronized","volatile","class",LCURLY,RCURLY,LPAREN,RPAREN,"this","super",COLON,"if","while","do","break","continue","return","switch","throw","for","case","default","try",PLUS,MINUS,INC,DEC,BNOT,LNOT,"true","false","null","new",NUM_INT,CHAR_LITERAL,STRING_LITERAL,NUM_FLOAT,NUM_LONG,NUM_DOUBLE,ASSERT,AT
/home/travis/build/checkstyle/checkstyle/src/main/resources/com/puppycrawl/tools/checkstyle/grammars/java.g:1411:13: warning:nondeterminism between alts 1 and 4 of block upon
/home/travis/build/checkstyle/checkstyle/src/main/resources/com/puppycrawl/tools/checkstyle/grammars/java.g:1411:13:     k==1:IDENT,"this","super",LT
/home/travis/build/checkstyle/checkstyle/src/main/resources/com/puppycrawl/tools/checkstyle/grammars/java.g:1411:13:     k==2:"final","abstract","strictfp",SEMI,LBRACK,RBRACK,"void","boolean","byte","char","short","int","float","long","double",IDENT,DOT,STAR,"private","public","protected","static","transient","native","synchronized","volatile","class","interface",LCURLY,RCURLY,COMMA,LPAREN,RPAREN,"this","super",ASSIGN,COLON,"if","while","do","break","continue","return","switch","throw","for","else","case","default","try",PLUS_ASSIGN,MINUS_ASSIGN,STAR_ASSIGN,DIV_ASSIGN,MOD_ASSIGN,SR_ASSIGN,BSR_ASSIGN,SL_ASSIGN,BAND_ASSIGN,BXOR_ASSIGN,BOR_ASSIGN,QUESTION,LOR,LAND,BOR,BXOR,BAND,NOT_EQUAL,EQUAL,LT,GT,LE,GE,"instanceof",SL,SR,BSR,PLUS,MINUS,DIV,MOD,INC,DEC,BNOT,LNOT,"true","false","null","new",NUM_INT,CHAR_LITERAL,STRING_LITERAL,NUM_FLOAT,NUM_LONG,NUM_DOUBLE,ASSERT,ENUM,AT,DOUBLE_COLON
/home/travis/build/checkstyle/checkstyle/src/main/resources/com/puppycrawl/tools/checkstyle/grammars/java.g:1411:13: warning:nondeterminism between alts 2 and 4 of block upon
/home/travis/build/checkstyle/checkstyle/src/main/resources/com/puppycrawl/tools/checkstyle/grammars/java.g:1411:13:     k==1:"class"
/home/travis/build/checkstyle/checkstyle/src/main/resources/com/puppycrawl/tools/checkstyle/grammars/java.g:1411:13:     k==2:"final","abstract","strictfp",SEMI,LBRACK,RBRACK,"void","boolean","byte","char","short","int","float","long","double",IDENT,DOT,STAR,"private","public","protected","static","transient","native","synchronized","volatile","class","interface",LCURLY,RCURLY,COMMA,LPAREN,RPAREN,"this","super",ASSIGN,COLON,"if","while","do","break","continue","return","switch","throw","for","else","case","default","try",PLUS_ASSIGN,MINUS_ASSIGN,STAR_ASSIGN,DIV_ASSIGN,MOD_ASSIGN,SR_ASSIGN,BSR_ASSIGN,SL_ASSIGN,BAND_ASSIGN,BXOR_ASSIGN,BOR_ASSIGN,QUESTION,LOR,LAND,BOR,BXOR,BAND,NOT_EQUAL,EQUAL,LT,GT,LE,GE,"instanceof",SL,SR,BSR,PLUS,MINUS,DIV,MOD,INC,DEC,BNOT,LNOT,"true","false","null","new",NUM_INT,CHAR_LITERAL,STRING_LITERAL,NUM_FLOAT,NUM_LONG,NUM_DOUBLE,ASSERT,ENUM,AT,DOUBLE_COLON
/home/travis/build/checkstyle/checkstyle/src/main/resources/com/puppycrawl/tools/checkstyle/grammars/java.g:1411:13: warning:nondeterminism between alts 3 and 4 of block upon
/home/travis/build/checkstyle/checkstyle/src/main/resources/com/puppycrawl/tools/checkstyle/grammars/java.g:1411:13:     k==1:"new"
/home/travis/build/checkstyle/checkstyle/src/main/resources/com/puppycrawl/tools/checkstyle/grammars/java.g:1411:13:     k==2:"void","boolean","byte","char","short","int","float","long","double",IDENT,LT,AT
/home/travis/build/checkstyle/checkstyle/src/main/resources/com/puppycrawl/tools/checkstyle/grammars/java.g:1456:9: warning:nondeterminism between alts 1 and 3 of block upon
/home/travis/build/checkstyle/checkstyle/src/main/resources/com/puppycrawl/tools/checkstyle/grammars/java.g:1456:9:     k==1:INC
/home/travis/build/checkstyle/checkstyle/src/main/resources/com/puppycrawl/tools/checkstyle/grammars/java.g:1456:9:     k==2:"final","abstract","strictfp",SEMI,RBRACK,"void","boolean","byte","char","short","int","float","long","double",IDENT,STAR,"private","public","protected","static","transient","native","synchronized","volatile","class","interface",LCURLY,RCURLY,COMMA,LPAREN,RPAREN,"this","super",ASSIGN,COLON,"if","while","do","break","continue","return","switch","throw","for","else","case","default","try",PLUS_ASSIGN,MINUS_ASSIGN,STAR_ASSIGN,DIV_ASSIGN,MOD_ASSIGN,SR_ASSIGN,BSR_ASSIGN,SL_ASSIGN,BAND_ASSIGN,BXOR_ASSIGN,BOR_ASSIGN,QUESTION,LOR,LAND,BOR,BXOR,BAND,NOT_EQUAL,EQUAL,LT,GT,LE,GE,"instanceof",SL,SR,BSR,PLUS,MINUS,DIV,MOD,INC,DEC,BNOT,LNOT,"true","false","null","new",NUM_INT,CHAR_LITERAL,STRING_LITERAL,NUM_FLOAT,NUM_LONG,NUM_DOUBLE,ASSERT,ENUM,AT
/home/travis/build/checkstyle/checkstyle/src/main/resources/com/puppycrawl/tools/checkstyle/grammars/java.g:1456:9: warning:nondeterminism between alts 2 and 3 of block upon
/home/travis/build/checkstyle/checkstyle/src/main/resources/com/puppycrawl/tools/checkstyle/grammars/java.g:1456:9:     k==1:DEC
/home/travis/build/checkstyle/checkstyle/src/main/resources/com/puppycrawl/tools/checkstyle/grammars/java.g:1456:9:     k==2:"final","abstract","strictfp",SEMI,RBRACK,"void","boolean","byte","char","short","int","float","long","double",IDENT,STAR,"private","public","protected","static","transient","native","synchronized","volatile","class","interface",LCURLY,RCURLY,COMMA,LPAREN,RPAREN,"this","super",ASSIGN,COLON,"if","while","do","break","continue","return","switch","throw","for","else","case","default","try",PLUS_ASSIGN,MINUS_ASSIGN,STAR_ASSIGN,DIV_ASSIGN,MOD_ASSIGN,SR_ASSIGN,BSR_ASSIGN,SL_ASSIGN,BAND_ASSIGN,BXOR_ASSIGN,BOR_ASSIGN,QUESTION,LOR,LAND,BOR,BXOR,BAND,NOT_EQUAL,EQUAL,LT,GT,LE,GE,"instanceof",SL,SR,BSR,PLUS,MINUS,DIV,MOD,INC,DEC,BNOT,LNOT,"true","false","null","new",NUM_INT,CHAR_LITERAL,STRING_LITERAL,NUM_FLOAT,NUM_LONG,NUM_DOUBLE,ASSERT,ENUM,AT
/home/travis/build/checkstyle/checkstyle/src/main/resources/com/puppycrawl/tools/checkstyle/grammars/java.g:1534:36: warning:nondeterminism between alts 1 and 2 of block upon
/home/travis/build/checkstyle/checkstyle/src/main/resources/com/puppycrawl/tools/checkstyle/grammars/java.g:1534:36:     k==1:LCURLY
/home/travis/build/checkstyle/checkstyle/src/main/resources/com/puppycrawl/tools/checkstyle/grammars/java.g:1534:36:     k==2:"final","abstract","strictfp",SEMI,"void","boolean","byte","char","short","int","float","long","double",IDENT,"private","public","protected","static","transient","native","synchronized","volatile","class","interface",LCURLY,RCURLY,"default",LT,ENUM,AT
/home/travis/build/checkstyle/checkstyle/src/main/resources/com/puppycrawl/tools/checkstyle/grammars/java.g:1544:33: warning:nondeterminism between alts 1 and 2 of block upon
/home/travis/build/checkstyle/checkstyle/src/main/resources/com/puppycrawl/tools/checkstyle/grammars/java.g:1544:33:     k==1:LCURLY
/home/travis/build/checkstyle/checkstyle/src/main/resources/com/puppycrawl/tools/checkstyle/grammars/java.g:1544:33:     k==2:"void","boolean","byte","char","short","int","float","long","double",IDENT,LCURLY,RCURLY,COMMA,LPAREN,"this","super",PLUS,MINUS,INC,DEC,BNOT,LNOT,"true","false","null","new",NUM_INT,CHAR_LITERAL,STRING_LITERAL,NUM_FLOAT,NUM_LONG,NUM_DOUBLE
/home/travis/build/checkstyle/checkstyle/src/main/resources/com/puppycrawl/tools/checkstyle/grammars/java.g:1585: warning:nondeterminism between alts 2 and 3 of block upon
/home/travis/build/checkstyle/checkstyle/src/main/resources/com/puppycrawl/tools/checkstyle/grammars/java.g:1585:     k==1:LPAREN
/home/travis/build/checkstyle/checkstyle/src/main/resources/com/puppycrawl/tools/checkstyle/grammars/java.g:1585:     k==2:IDENT
/home/travis/build/checkstyle/checkstyle/src/main/resources/com/puppycrawl/tools/checkstyle/grammars/java.g:1587:17: warning:nondeterminism between alts 1 and 2 of block upon
/home/travis/build/checkstyle/checkstyle/src/main/resources/com/puppycrawl/tools/checkstyle/grammars/java.g:1587:17:     k==1:RPAREN
/home/travis/build/checkstyle/checkstyle/src/main/resources/com/puppycrawl/tools/checkstyle/grammars/java.g:1587:17:     k==2:LAMBDA

[INFO] 
[INFO] --- antlr4-maven-plugin:4.5.1-1:antlr4 (default) @ checkstyle ---
[INFO] ANTLR 4: Processing source directory /home/travis/build/checkstyle/checkstyle/src/main/resources
[INFO] Processing grammar: com/puppycrawl/tools/checkstyle/grammars/javadoc/JavadocLexer.g4
[INFO] Processing grammar: com/puppycrawl/tools/checkstyle/grammars/javadoc/JavadocParser.g4
[INFO] 
[INFO] --- build-helper-maven-plugin:1.9.1:add-source (add-source) @ checkstyle ---
[INFO] Source directory: /home/travis/build/checkstyle/checkstyle/target/generated-sources/antlr added.
[INFO] 
[INFO] --- maven-resources-plugin:2.7:resources (default-resources) @ checkstyle ---
[INFO] Using 'UTF-8' encoding to copy filtered resources.
[INFO] Copying 145 resources
[INFO] Copying 1 resource
[INFO] 
[INFO] --- build-helper-maven-plugin:1.9.1:add-test-source (add-test-source) @ checkstyle ---
[INFO] Test Source directory: /home/travis/build/checkstyle/checkstyle/src/test/resources added.
[INFO] 
[INFO] --- build-helper-maven-plugin:1.9.1:add-test-source (add-it-test-source) @ checkstyle ---
[INFO] Test Source directory: /home/travis/build/checkstyle/checkstyle/src/it/java added.
[INFO] 
[INFO] --- build-helper-maven-plugin:1.9.1:add-test-source (add-it-test-resource) @ checkstyle ---
[INFO] Test Source directory: /home/travis/build/checkstyle/checkstyle/src/it/resources added.
[INFO] 
[INFO] --- maven-compiler-plugin:3.3:compile (default-compile) @ checkstyle ---
[INFO] Changes detected - recompiling the module!
[INFO] Compiling 335 source files to /home/travis/build/checkstyle/checkstyle/target/classes
[INFO] /home/travis/build/checkstyle/checkstyle/src/main/java/com/puppycrawl/tools/checkstyle/checks/javadoc/JavadocMethodCheck.java: /home/travis/build/checkstyle/checkstyle/src/main/java/com/puppycrawl/tools/checkstyle/checks/javadoc/JavadocMethodCheck.java uses or overrides a deprecated API.
[INFO] /home/travis/build/checkstyle/checkstyle/src/main/java/com/puppycrawl/tools/checkstyle/checks/javadoc/JavadocMethodCheck.java: Recompile with -Xlint:deprecation for details.
[INFO] /home/travis/build/checkstyle/checkstyle/src/main/java/com/puppycrawl/tools/checkstyle/api/AutomaticBean.java: Some input files use unchecked or unsafe operations.
[INFO] /home/travis/build/checkstyle/checkstyle/src/main/java/com/puppycrawl/tools/checkstyle/api/AutomaticBean.java: Recompile with -Xlint:unchecked for details.
[INFO] 
[INFO] --- maven-antrun-plugin:1.8:run (ant-phase-compile) @ checkstyle ---
[INFO] Executing tasks

main:

execute:
[propertyfile] Creating new property file: /home/travis/build/checkstyle/checkstyle/target/classes/checkstylecompilation.properties
  [javadoc] Generating Javadoc
  [javadoc] Javadoc execution
  [javadoc] Loading source file /home/travis/build/checkstyle/checkstyle/src/main/java/com/puppycrawl/tools/checkstyle/api/TokenTypes.java...
  [javadoc] Constructing Javadoc information...
[INFO] Executed tasks
[INFO] 
[INFO] >>> cobertura-maven-plugin:2.7:check (default-cli) > [cobertura]test @ checkstyle >>>
[WARNING] Failure to transfer junit:junit-dep/maven-metadata.xml from https://nexus.codehaus.org/snapshots/ was cached in the local repository, resolution will not be reattempted until the update interval of codehaus-snapshots has elapsed or updates are forced. Original error: Could not transfer metadata junit:junit-dep/maven-metadata.xml from/to codehaus-snapshots (https://nexus.codehaus.org/snapshots/): nexus.codehaus.org: unknown error
[WARNING] Failure to transfer commons-io:commons-io/maven-metadata.xml from https://nexus.codehaus.org/snapshots/ was cached in the local repository, resolution will not be reattempted until the update interval of codehaus-snapshots has elapsed or updates are forced. Original error: Could not transfer metadata commons-io:commons-io/maven-metadata.xml from/to codehaus-snapshots (https://nexus.codehaus.org/snapshots/): nexus.codehaus.org
[INFO] 
[INFO] --- maven-enforcer-plugin:1.4.1:enforce (enforce-maven) @ checkstyle ---
[INFO] 
[INFO] --- maven-enforcer-plugin:1.4.1:enforce (enforce-versions) @ checkstyle ---
[INFO] 
[INFO] --- antlr-maven-plugin:2.2:generate (default) @ checkstyle ---
[INFO] grammar [java.g] was up-to-date; skipping
[INFO] 
[INFO] --- antlr4-maven-plugin:4.5.1-1:antlr4 (default) @ checkstyle ---
[INFO] ANTLR 4: Processing source directory /home/travis/build/checkstyle/checkstyle/src/main/resources
[INFO] Processing grammar: com/puppycrawl/tools/checkstyle/grammars/javadoc/JavadocLexer.g4
[INFO] Processing grammar: com/puppycrawl/tools/checkstyle/grammars/javadoc/JavadocParser.g4
[INFO] 
[INFO] --- build-helper-maven-plugin:1.9.1:add-source (add-source) @ checkstyle ---
[INFO] Source directory: /home/travis/build/checkstyle/checkstyle/target/generated-sources/antlr added.
[INFO] 
[INFO] --- maven-resources-plugin:2.7:resources (default-resources) @ checkstyle ---
[INFO] Using 'UTF-8' encoding to copy filtered resources.
[INFO] Copying 145 resources
[INFO] Copying 1 resource
[INFO] Copying 1 resource
[INFO] 
[INFO] --- build-helper-maven-plugin:1.9.1:add-test-source (add-test-source) @ checkstyle ---
[INFO] Test Source directory: /home/travis/build/checkstyle/checkstyle/src/test/resources added.
[INFO] 
[INFO] --- build-helper-maven-plugin:1.9.1:add-test-source (add-it-test-source) @ checkstyle ---
[INFO] Test Source directory: /home/travis/build/checkstyle/checkstyle/src/it/java added.
[INFO] 
[INFO] --- build-helper-maven-plugin:1.9.1:add-test-source (add-it-test-resource) @ checkstyle ---
[INFO] Test Source directory: /home/travis/build/checkstyle/checkstyle/src/it/resources added.
[INFO] 
[INFO] --- maven-compiler-plugin:3.3:compile (default-compile) @ checkstyle ---
[INFO] Changes detected - recompiling the module!
[INFO] Compiling 335 source files to /home/travis/build/checkstyle/checkstyle/target/classes
[INFO] /home/travis/build/checkstyle/checkstyle/src/main/java/com/puppycrawl/tools/checkstyle/checks/javadoc/JavadocMethodCheck.java: /home/travis/build/checkstyle/checkstyle/src/main/java/com/puppycrawl/tools/checkstyle/checks/javadoc/JavadocMethodCheck.java uses or overrides a deprecated API.
[INFO] /home/travis/build/checkstyle/checkstyle/src/main/java/com/puppycrawl/tools/checkstyle/checks/javadoc/JavadocMethodCheck.java: Recompile with -Xlint:deprecation for details.
[INFO] /home/travis/build/checkstyle/checkstyle/src/main/java/com/puppycrawl/tools/checkstyle/api/AutomaticBean.java: Some input files use unchecked or unsafe operations.
[INFO] /home/travis/build/checkstyle/checkstyle/src/main/java/com/puppycrawl/tools/checkstyle/api/AutomaticBean.java: Recompile with -Xlint:unchecked for details.
[INFO] 
[INFO] --- maven-antrun-plugin:1.8:run (ant-phase-compile) @ checkstyle ---
[INFO] Executing tasks

main:

execute:
[propertyfile] Updating property file: /home/travis/build/checkstyle/checkstyle/target/classes/checkstylecompilation.properties
  [javadoc] Generating Javadoc
  [javadoc] Javadoc execution
  [javadoc] Loading source file /home/travis/build/checkstyle/checkstyle/src/main/java/com/puppycrawl/tools/checkstyle/api/TokenTypes.java...
  [javadoc] Constructing Javadoc information...
[INFO] Executed tasks
[INFO] 
[INFO] --- cobertura-maven-plugin:2.7:instrument (default-cli) @ checkstyle ---
[INFO] Cobertura 2.1.1 - GNU GPL License (NO WARRANTY) - See COPYRIGHT file
[INFO] Cobertura: Saved information on 361 classes.
[INFO] Cobertura: Saved information on 361 classes.

[INFO] Instrumentation was successful.
[INFO] NOT adding cobertura ser file to attached artifacts list.
[WARNING] Failure to transfer junit:junit-dep/maven-metadata.xml from https://nexus.codehaus.org/snapshots/ was cached in the local repository, resolution will not be reattempted until the update interval of codehaus-snapshots has elapsed or updates are forced. Original error: Could not transfer metadata junit:junit-dep/maven-metadata.xml from/to codehaus-snapshots (https://nexus.codehaus.org/snapshots/): nexus.codehaus.org: unknown error
[WARNING] Failure to transfer commons-io:commons-io/maven-metadata.xml from https://nexus.codehaus.org/snapshots/ was cached in the local repository, resolution will not be reattempted until the update interval of codehaus-snapshots has elapsed or updates are forced. Original error: Could not transfer metadata commons-io:commons-io/maven-metadata.xml from/to codehaus-snapshots (https://nexus.codehaus.org/snapshots/): nexus.codehaus.org
[INFO] 
[INFO] --- maven-resources-plugin:2.7:testResources (default-testResources) @ checkstyle ---
[INFO] Using 'UTF-8' encoding to copy filtered resources.
[INFO] Copying 528 resources
[INFO] 
[INFO] --- maven-compiler-plugin:3.3:testCompile (default-testCompile) @ checkstyle ---
[INFO] Changes detected - recompiling the module!
[INFO] Compiling 834 source files to /home/travis/build/checkstyle/checkstyle/target/test-classes
[INFO] /home/travis/build/checkstyle/checkstyle/src/test/java/com/puppycrawl/tools/checkstyle/checks/javadoc/AbstractTypeAwareCheckTest.java: /home/travis/build/checkstyle/checkstyle/src/test/java/com/puppycrawl/tools/checkstyle/checks/javadoc/AbstractTypeAwareCheckTest.java uses or overrides a deprecated API.
[INFO] /home/travis/build/checkstyle/checkstyle/src/test/java/com/puppycrawl/tools/checkstyle/checks/javadoc/AbstractTypeAwareCheckTest.java: Recompile with -Xlint:deprecation for details.
[INFO] 
[INFO] --- maven-surefire-plugin:2.19:test (default-test) @ checkstyle ---
Downloading: https://oss.sonatype.org/content/repositories/codehaus-snapshots/org/apache/maven/surefire/maven-surefire-common/2.19/maven-surefire-common-2.19.pom
             Downloading: https://repo.maven.apache.org/maven2/org/apache/maven/surefire/maven-surefire-common/2.19/maven-surefire-common-2.19.pom
1/8 KB       5/8 KB   8/8 KB            Downloaded: https://repo.maven.apache.org/maven2/org/apache/maven/surefire/maven-surefire-common/2.19/maven-surefire-common-2.19.pom (8 KB at 86.2 KB/sec)
Downloading: https://oss.sonatype.org/content/repositories/codehaus-snapshots/org/apache/maven/surefire/surefire-api/2.19/surefire-api-2.19.pom
         Downloading: https://repo.maven.apache.org/maven2/org/apache/maven/surefire/surefire-api/2.19/surefire-api-2.19.pom
4/4 KB            Downloaded: https://repo.maven.apache.org/maven2/org/apache/maven/surefire/surefire-api/2.19/surefire-api-2.19.pom (4 KB at 131.8 KB/sec)
Downloading: https://oss.sonatype.org/content/repositories/codehaus-snapshots/org/apache/maven/surefire/surefire-booter/2.19/surefire-booter-2.19.pom
         Downloading: https://repo.maven.apache.org/maven2/org/apache/maven/surefire/surefire-booter/2.19/surefire-booter-2.19.pom
4/4 KB            Downloaded: https://repo.maven.apache.org/maven2/org/apache/maven/surefire/surefire-booter/2.19/surefire-booter-2.19.pom (4 KB at 110.9 KB/sec)
Downloading: https://oss.sonatype.org/content/repositories/codehaus-snapshots/org/apache/maven/surefire/maven-surefire-common/2.19/maven-surefire-common-2.19.jar
Downloading: https://oss.sonatype.org/content/repositories/codehaus-snapshots/org/apache/maven/surefire/surefire-booter/2.19/surefire-booter-2.19.jar
Downloading: https://oss.sonatype.org/content/repositories/codehaus-snapshots/org/apache/maven/surefire/surefire-api/2.19/surefire-api-2.19.jar
                           Downloading: https://repo.maven.apache.org/maven2/org/apache/maven/surefire/maven-surefire-common/2.19/maven-surefire-common-2.19.jar
Downloading: https://repo.maven.apache.org/maven2/org/apache/maven/surefire/surefire-booter/2.19/surefire-booter-2.19.jar
Downloading: https://repo.maven.apache.org/maven2/org/apache/maven/surefire/surefire-api/2.19/surefire-api-2.19.jar
4/286 KB   8/286 KB   12/286 KB   16/286 KB   20/286 KB   24/286 KB   28/286 KB   32/286 KB   36/286 KB   40/286 KB   4/191 KB   44/286 KB   4/191 KB   48/286 KB   4/191 KB   36/286 KB   4/191 KB   48/286 KB   8/191 KB   48/286 KB   12/191 KB   48/286 KB   16/191 KB   48/286 KB   4/44 KB   16/191 KB   48/286 KB   8/44 KB   16/191 KB   48/286 KB   12/44 KB   16/191 KB   48/286 KB   16/44 KB   16/191 KB   48/286 KB   20/44 KB   16/191 KB   52/286 KB   24/44 KB   20/191 KB   52/286 KB   28/44 KB   20/191 KB   52/286 KB   32/44 KB   20/191 KB   52/286 KB   36/44 KB   20/191 KB   52/286 KB   20/44 KB   20/191 KB   48/286 KB   20/44 KB   20/191 KB   56/286 KB   36/44 KB   24/191 KB   56/286 KB   36/44 KB   28/191 KB   56/286 KB   36/44 KB   32/191 KB   56/286 KB   36/44 KB   36/191 KB   56/286 KB   36/44 KB   36/191 KB   60/286 KB   36/44 KB   36/191 KB   64/286 KB   36/44 KB   36/191 KB   68/286 KB   36/44 KB   36/191 KB   72/286 KB   36/44 KB   40/191 KB   76/286 KB   36/44 KB   40/191 KB   80/286 KB   36/44 KB   40/191 KB   68/286 KB   36/44 KB   40/191 KB   80/286 KB   36/44 KB   44/191 KB   80/286 KB   36/44 KB   48/191 KB   80/286 KB   36/44 KB   52/191 KB   84/286 KB   40/44 KB   56/191 KB   84/286 KB   40/44 KB   60/191 KB   84/286 KB   40/44 KB   64/191 KB   84/286 KB   40/44 KB   52/191 KB   80/286 KB   40/44 KB   52/191 KB   84/286 KB   44/44 KB   64/191 KB   88/286 KB   44/44 KB   64/191 KB   92/286 KB   44/44 KB   64/191 KB   96/286 KB   44/44 KB   64/191 KB   100/286 KB   44/44 KB   64/191 KB   104/286 KB   44/44 KB   68/191 KB   108/286 KB   44/44 KB   68/191 KB   112/286 KB   44/44 KB   68/191 KB                                       Downloaded: https://repo.maven.apache.org/maven2/org/apache/maven/surefire/surefire-booter/2.19/surefire-booter-2.19.jar (44 KB at 189.3 KB/sec)
100/286 KB   44/44 KB   68/191 KB   112/286 KB   72/191 KB              112/286 KB   76/191 KB   112/286 KB   80/191 KB   112/286 KB   84/191 KB   116/286 KB   88/191 KB   116/286 KB   92/191 KB   116/286 KB   96/191 KB   116/286 KB   100/191 KB   116/286 KB   104/191 KB   116/286 KB   108/191 KB   116/286 KB   112/191 KB   116/286 KB   84/191 KB   120/286 KB   112/191 KB   124/286 KB   112/191 KB   128/286 KB   112/191 KB   132/286 KB   112/191 KB   136/286 KB   116/191 KB   140/286 KB   116/191 KB   144/286 KB   116/191 KB   148/286 KB   116/191 KB   152/286 KB   116/191 KB   156/286 KB   116/191 KB   160/286 KB   116/191 KB   164/286 KB   116/191 KB   132/286 KB   116/191 KB   164/286 KB   120/191 KB   164/286 KB   124/191 KB   164/286 KB   128/191 KB   164/286 KB   132/191 KB   164/286 KB   136/191 KB   164/286 KB   140/191 KB   164/286 KB   144/191 KB   168/286 KB   144/191 KB   172/286 KB   144/191 KB   176/286 KB   144/191 KB   180/286 KB   144/191 KB   184/286 KB   148/191 KB   188/286 KB   148/191 KB   192/286 KB   148/191 KB   196/286 KB   148/191 KB   180/286 KB   148/191 KB   196/286 KB   152/191 KB   196/286 KB   156/191 KB   196/286 KB   160/191 KB   196/286 KB   164/191 KB   196/286 KB   168/191 KB   196/286 KB   172/191 KB   196/286 KB   176/191 KB   196/286 KB   180/191 KB   200/286 KB   184/191 KB   200/286 KB   188/191 KB   200/286 KB   191/191 KB   200/286 KB   180/191 KB   204/286 KB   191/191 KB   208/286 KB   191/191 KB   212/286 KB   191/191 KB   216/286 KB   191/191 KB   220/286 KB   191/191 KB   224/286 KB   191/191 KB   228/286 KB   191/191 KB   232/286 KB   191/191 KB   236/286 KB   191/191 KB   240/286 KB   191/191 KB   244/286 KB   191/191 KB                             Downloaded: https://repo.maven.apache.org/maven2/org/apache/maven/surefire/surefire-api/2.19/surefire-api-2.19.jar (191 KB at 582.2 KB/sec)
248/286 KB                252/286 KB   256/286 KB   260/286 KB   264/286 KB   268/286 KB   272/286 KB   276/286 KB   280/286 KB   284/286 KB   286/286 KB                Downloaded: https://repo.maven.apache.org/maven2/org/apache/maven/surefire/maven-surefire-common/2.19/maven-surefire-common-2.19.jar (286 KB at 695.2 KB/sec)
Downloading: https://oss.sonatype.org/content/repositories/codehaus-snapshots/org/apache/maven/surefire/surefire-junit4/2.19/surefire-junit4-2.19.pom
             Downloading: https://repo.maven.apache.org/maven2/org/apache/maven/surefire/surefire-junit4/2.19/surefire-junit4-2.19.pom
4/4 KB                Downloaded: https://repo.maven.apache.org/maven2/org/apache/maven/surefire/surefire-junit4/2.19/surefire-junit4-2.19.pom (4 KB at 138.5 KB/sec)
Downloading: https://oss.sonatype.org/content/repositories/codehaus-snapshots/org/apache/maven/surefire/surefire-providers/2.19/surefire-providers-2.19.pom
         Downloading: https://repo.maven.apache.org/maven2/org/apache/maven/surefire/surefire-providers/2.19/surefire-providers-2.19.pom
3/3 KB            Downloaded: https://repo.maven.apache.org/maven2/org/apache/maven/surefire/surefire-providers/2.19/surefire-providers-2.19.pom (3 KB at 67.6 KB/sec)
Downloading: https://oss.sonatype.org/content/repositories/codehaus-snapshots/org/apache/maven/surefire/surefire-junit4/2.19/surefire-junit4-2.19.jar
         Downloading: https://repo.maven.apache.org/maven2/org/apache/maven/surefire/surefire-junit4/2.19/surefire-junit4-2.19.jar
4/75 KB   8/75 KB   12/75 KB   16/75 KB   20/75 KB   24/75 KB   28/75 KB   32/75 KB   36/75 KB   40/75 KB   44/75 KB   48/75 KB   52/75 KB   56/75 KB   60/75 KB   64/75 KB   68/75 KB   72/75 KB   75/75 KB              Downloaded: https://repo.maven.apache.org/maven2/org/apache/maven/surefire/surefire-junit4/2.19/surefire-junit4-2.19.jar (75 KB at 592.1 KB/sec)

-------------------------------------------------------
 T E S T S
-------------------------------------------------------
Java HotSpot(TM) 64-Bit Server VM warning: ignoring option UseSplitVerifier; support was removed in 8.0
Running com.puppycrawl.tools.checkstyle.api.LineColumnTest
SLF4J: Class path contains multiple SLF4J bindings.
SLF4J: Found binding in [jar:file:/home/travis/.m2/repository/org/slf4j/slf4j-simple/1.7.12/slf4j-simple-1.7.12.jar!/org/slf4j/impl/StaticLoggerBinder.class]
SLF4J: Found binding in [jar:file:/home/travis/.m2/repository/ch/qos/logback/logback-classic/1.0.13/logback-classic-1.0.13.jar!/org/slf4j/impl/StaticLoggerBinder.class]
SLF4J: See http://www.slf4j.org/codes.html#multiple_bindings for an explanation.
SLF4J: Actual binding is of type [org.slf4j.impl.SimpleLoggerFactory]
Tests run: 4, Failures: 0, Errors: 0, Skipped: 0, Time elapsed: 0.801 sec - in com.puppycrawl.tools.checkstyle.api.LineColumnTest
Running com.puppycrawl.tools.checkstyle.api.TokenTypesTest
Tests run: 2, Failures: 0, Errors: 0, Skipped: 0, Time elapsed: 0.007 sec - in com.puppycrawl.tools.checkstyle.api.TokenTypesTest
Running com.puppycrawl.tools.checkstyle.api.DetailASTTest
Tests run: 4, Failures: 0, Errors: 0, Skipped: 0, Time elapsed: 5.237 sec - in com.puppycrawl.tools.checkstyle.api.DetailASTTest
Running com.puppycrawl.tools.checkstyle.api.AbstractViolationReporterTest
Tests run: 6, Failures: 0, Errors: 0, Skipped: 0, Time elapsed: 0.084 sec - in com.puppycrawl.tools.checkstyle.api.AbstractViolationReporterTest
Running com.puppycrawl.tools.checkstyle.api.ScopeTest
Tests run: 10, Failures: 0, Errors: 0, Skipped: 0, Time elapsed: 0.001 sec - in com.puppycrawl.tools.checkstyle.api.ScopeTest
Running com.puppycrawl.tools.checkstyle.api.LocalizedMessageTest
Tests run: 9, Failures: 0, Errors: 0, Skipped: 0, Time elapsed: 1.064 sec - in com.puppycrawl.tools.checkstyle.api.LocalizedMessageTest
Running com.puppycrawl.tools.checkstyle.api.FileContentsTest
Tests run: 3, Failures: 0, Errors: 0, Skipped: 0, Time elapsed: 0.002 sec - in com.puppycrawl.tools.checkstyle.api.FileContentsTest
Running com.puppycrawl.tools.checkstyle.api.JavadocTokenTypesTest
Tests run: 1, Failures: 0, Errors: 0, Skipped: 0, Time elapsed: 0.008 sec - in com.puppycrawl.tools.checkstyle.api.JavadocTokenTypesTest
Running com.puppycrawl.tools.checkstyle.api.FullIdentTest
Tests run: 1, Failures: 0, Errors: 0, Skipped: 0, Time elapsed: 0.015 sec - in com.puppycrawl.tools.checkstyle.api.FullIdentTest
Running com.puppycrawl.tools.checkstyle.api.AutomaticBeanTest
Tests run: 6, Failures: 0, Errors: 0, Skipped: 0, Time elapsed: 0.236 sec - in com.puppycrawl.tools.checkstyle.api.AutomaticBeanTest
Running com.puppycrawl.tools.checkstyle.api.SeverityLevelTest
Tests run: 4, Failures: 0, Errors: 0, Skipped: 0, Time elapsed: 0 sec - in com.puppycrawl.tools.checkstyle.api.SeverityLevelTest
Running com.puppycrawl.tools.checkstyle.api.SeverityLevelCounterTest
Tests run: 3, Failures: 0, Errors: 0, Skipped: 0, Time elapsed: 0 sec - in com.puppycrawl.tools.checkstyle.api.SeverityLevelCounterTest
Running com.puppycrawl.tools.checkstyle.api.CheckTest
Tests run: 3, Failures: 0, Errors: 0, Skipped: 0, Time elapsed: 0 sec - in com.puppycrawl.tools.checkstyle.api.CheckTest
Running com.puppycrawl.tools.checkstyle.api.FileTextTest
Tests run: 2, Failures: 0, Errors: 0, Skipped: 0, Time elapsed: 0.047 sec - in com.puppycrawl.tools.checkstyle.api.FileTextTest
Running com.puppycrawl.tools.checkstyle.checks.annotation.AnnotationUseStyleTest
Tests run: 17, Failures: 0, Errors: 0, Skipped: 0, Time elapsed: 1.506 sec - in com.puppycrawl.tools.checkstyle.checks.annotation.AnnotationUseStyleTest
Running com.puppycrawl.tools.checkstyle.checks.annotation.SuppressWarningsCheckTest
Tests run: 24, Failures: 0, Errors: 0, Skipped: 0, Time elapsed: 1.117 sec - in com.puppycrawl.tools.checkstyle.checks.annotation.SuppressWarningsCheckTest
Running com.puppycrawl.tools.checkstyle.checks.annotation.PackageAnnotationTest
Tests run: 4, Failures: 0, Errors: 0, Skipped: 0, Time elapsed: 0.049 sec - in com.puppycrawl.tools.checkstyle.checks.annotation.PackageAnnotationTest
Running com.puppycrawl.tools.checkstyle.checks.annotation.AnnotationLocationCheckTest
Tests run: 7, Failures: 0, Errors: 0, Skipped: 0, Time elapsed: 0.121 sec - in com.puppycrawl.tools.checkstyle.checks.annotation.AnnotationLocationCheckTest
Running com.puppycrawl.tools.checkstyle.checks.annotation.MissingOverrideCheckTest
Tests run: 14, Failures: 0, Errors: 0, Skipped: 0, Time elapsed: 0.221 sec - in com.puppycrawl.tools.checkstyle.checks.annotation.MissingOverrideCheckTest
Running com.puppycrawl.tools.checkstyle.checks.annotation.MissingDeprecatedTest
Tests run: 7, Failures: 0, Errors: 0, Skipped: 0, Time elapsed: 0.055 sec - in com.puppycrawl.tools.checkstyle.checks.annotation.MissingDeprecatedTest
Running com.puppycrawl.tools.checkstyle.checks.blocks.LeftCurlyCheckTest
Tests run: 18, Failures: 0, Errors: 0, Skipped: 0, Time elapsed: 0.31 sec - in com.puppycrawl.tools.checkstyle.checks.blocks.LeftCurlyCheckTest
Running com.puppycrawl.tools.checkstyle.checks.blocks.RightCurlyCheckTest
Tests run: 15, Failures: 0, Errors: 0, Skipped: 0, Time elapsed: 0.341 sec - in com.puppycrawl.tools.checkstyle.checks.blocks.RightCurlyCheckTest
Running com.puppycrawl.tools.checkstyle.checks.blocks.EmptyCatchBlockCheckTest
Tests run: 4, Failures: 0, Errors: 0, Skipped: 0, Time elapsed: 0.058 sec - in com.puppycrawl.tools.checkstyle.checks.blocks.EmptyCatchBlockCheckTest
Running com.puppycrawl.tools.checkstyle.checks.blocks.AvoidNestedBlocksCheckTest
Tests run: 4, Failures: 0, Errors: 0, Skipped: 0, Time elapsed: 0.071 sec - in com.puppycrawl.tools.checkstyle.checks.blocks.AvoidNestedBlocksCheckTest
Running com.puppycrawl.tools.checkstyle.checks.blocks.EmptyBlockCheckTest
Tests run: 6, Failures: 0, Errors: 0, Skipped: 0, Time elapsed: 0.216 sec - in com.puppycrawl.tools.checkstyle.checks.blocks.EmptyBlockCheckTest
Running com.puppycrawl.tools.checkstyle.checks.blocks.NeedBracesCheckTest
Tests run: 6, Failures: 0, Errors: 0, Skipped: 0, Time elapsed: 0.13 sec - in com.puppycrawl.tools.checkstyle.checks.blocks.NeedBracesCheckTest
Running com.puppycrawl.tools.checkstyle.checks.coding.FinalLocalVariableCheckTest
Tests run: 9, Failures: 0, Errors: 0, Skipped: 0, Time elapsed: 0.176 sec - in com.puppycrawl.tools.checkstyle.checks.coding.FinalLocalVariableCheckTest
Running com.puppycrawl.tools.checkstyle.checks.coding.OverloadMethodsDeclarationOrderCheckTest
Tests run: 2, Failures: 0, Errors: 0, Skipped: 0, Time elapsed: 0.024 sec - in com.puppycrawl.tools.checkstyle.checks.coding.OverloadMethodsDeclarationOrderCheckTest
Running com.puppycrawl.tools.checkstyle.checks.coding.AvoidInlineConditionalsCheckTest
Tests run: 2, Failures: 0, Errors: 0, Skipped: 0, Time elapsed: 0.008 sec - in com.puppycrawl.tools.checkstyle.checks.coding.AvoidInlineConditionalsCheckTest
Running com.puppycrawl.tools.checkstyle.checks.coding.UnnecessaryParenthesesCheckTest
Tests run: 3, Failures: 0, Errors: 0, Skipped: 0, Time elapsed: 0.037 sec - in com.puppycrawl.tools.checkstyle.checks.coding.UnnecessaryParenthesesCheckTest
Running com.puppycrawl.tools.checkstyle.checks.coding.NoFinalizerCheckTest
Tests run: 2, Failures: 0, Errors: 0, Skipped: 0, Time elapsed: 0.027 sec - in com.puppycrawl.tools.checkstyle.checks.coding.NoFinalizerCheckTest
Running com.puppycrawl.tools.checkstyle.checks.coding.MultipleVariableDeclarationsCheckTest
Tests run: 2, Failures: 0, Errors: 0, Skipped: 0, Time elapsed: 0.012 sec - in com.puppycrawl.tools.checkstyle.checks.coding.MultipleVariableDeclarationsCheckTest
Running com.puppycrawl.tools.checkstyle.checks.coding.SimplifyBooleanReturnCheckTest
Tests run: 2, Failures: 0, Errors: 0, Skipped: 0, Time elapsed: 0.009 sec - in com.puppycrawl.tools.checkstyle.checks.coding.SimplifyBooleanReturnCheckTest
Running com.puppycrawl.tools.checkstyle.checks.coding.NestedForDepthCheckTest
Tests run: 3, Failures: 0, Errors: 0, Skipped: 0, Time elapsed: 0.018 sec - in com.puppycrawl.tools.checkstyle.checks.coding.NestedForDepthCheckTest
Running com.puppycrawl.tools.checkstyle.checks.coding.PackageDeclarationCheckTest
Tests run: 4, Failures: 0, Errors: 0, Skipped: 0, Time elapsed: 0.04 sec - in com.puppycrawl.tools.checkstyle.checks.coding.PackageDeclarationCheckTest
Running com.puppycrawl.tools.checkstyle.checks.coding.MagicNumberCheckTest
Tests run: 8, Failures: 0, Errors: 0, Skipped: 0, Time elapsed: 0.273 sec - in com.puppycrawl.tools.checkstyle.checks.coding.MagicNumberCheckTest
Running com.puppycrawl.tools.checkstyle.checks.coding.ReturnCountCheckTest
Tests run: 7, Failures: 0, Errors: 0, Skipped: 0, Time elapsed: 0.11 sec - in com.puppycrawl.tools.checkstyle.checks.coding.ReturnCountCheckTest
Running com.puppycrawl.tools.checkstyle.checks.coding.HiddenFieldCheckTest
Tests run: 10, Failures: 0, Errors: 0, Skipped: 0, Time elapsed: 0.231 sec - in com.puppycrawl.tools.checkstyle.checks.coding.HiddenFieldCheckTest
Running com.puppycrawl.tools.checkstyle.checks.coding.DeclarationOrderCheckTest
Tests run: 6, Failures: 0, Errors: 0, Skipped: 0, Time elapsed: 0.122 sec - in com.puppycrawl.tools.checkstyle.checks.coding.DeclarationOrderCheckTest
Running com.puppycrawl.tools.checkstyle.checks.coding.SimplifyBooleanExpressionCheckTest
Tests run: 2, Failures: 0, Errors: 0, Skipped: 0, Time elapsed: 0.022 sec - in com.puppycrawl.tools.checkstyle.checks.coding.SimplifyBooleanExpressionCheckTest
Running com.puppycrawl.tools.checkstyle.checks.coding.DefaultComesLastCheckTest
Tests run: 3, Failures: 0, Errors: 0, Skipped: 0, Time elapsed: 0.059 sec - in com.puppycrawl.tools.checkstyle.checks.coding.DefaultComesLastCheckTest
Running com.puppycrawl.tools.checkstyle.checks.coding.EmptyStatementCheckTest
Tests run: 2, Failures: 0, Errors: 0, Skipped: 0, Time elapsed: 0.017 sec - in com.puppycrawl.tools.checkstyle.checks.coding.EmptyStatementCheckTest
Running com.puppycrawl.tools.checkstyle.checks.coding.ExplicitInitializationCheckTest
Tests run: 2, Failures: 0, Errors: 0, Skipped: 0, Time elapsed: 0.018 sec - in com.puppycrawl.tools.checkstyle.checks.coding.ExplicitInitializationCheckTest
Running com.puppycrawl.tools.checkstyle.checks.coding.MissingSwitchDefaultCheckTest
Tests run: 2, Failures: 0, Errors: 0, Skipped: 0, Time elapsed: 0.012 sec - in com.puppycrawl.tools.checkstyle.checks.coding.MissingSwitchDefaultCheckTest
Running com.puppycrawl.tools.checkstyle.checks.coding.IllegalTypeCheckTest
Tests run: 13, Failures: 0, Errors: 0, Skipped: 0, Time elapsed: 0.122 sec - in com.puppycrawl.tools.checkstyle.checks.coding.IllegalTypeCheckTest
Running com.puppycrawl.tools.checkstyle.checks.coding.NoCloneCheckTest
Tests run: 2, Failures: 0, Errors: 0, Skipped: 0, Time elapsed: 0.009 sec - in com.puppycrawl.tools.checkstyle.checks.coding.NoCloneCheckTest
Running com.puppycrawl.tools.checkstyle.checks.coding.EqualsAvoidNullCheckTest
Tests run: 3, Failures: 0, Errors: 0, Skipped: 0, Time elapsed: 0.162 sec - in com.puppycrawl.tools.checkstyle.checks.coding.EqualsAvoidNullCheckTest
Running com.puppycrawl.tools.checkstyle.checks.coding.SuperFinalizeCheckTest
Tests run: 1, Failures: 0, Errors: 0, Skipped: 0, Time elapsed: 0.056 sec - in com.puppycrawl.tools.checkstyle.checks.coding.SuperFinalizeCheckTest
Running com.puppycrawl.tools.checkstyle.checks.coding.VariableDeclarationUsageDistanceCheckTest
Tests run: 7, Failures: 0, Errors: 0, Skipped: 0, Time elapsed: 0.484 sec - in com.puppycrawl.tools.checkstyle.checks.coding.VariableDeclarationUsageDistanceCheckTest
Running com.puppycrawl.tools.checkstyle.checks.coding.NestedIfDepthCheckTest
Tests run: 3, Failures: 0, Errors: 0, Skipped: 0, Time elapsed: 0.021 sec - in com.puppycrawl.tools.checkstyle.checks.coding.NestedIfDepthCheckTest
Running com.puppycrawl.tools.checkstyle.checks.coding.IllegalTokenCheckTest
Tests run: 3, Failures: 0, Errors: 0, Skipped: 0, Time elapsed: 0.024 sec - in com.puppycrawl.tools.checkstyle.checks.coding.IllegalTokenCheckTest
Running com.puppycrawl.tools.checkstyle.checks.coding.MissingCtorCheckTest
Tests run: 2, Failures: 0, Errors: 0, Skipped: 0, Time elapsed: 0.018 sec - in com.puppycrawl.tools.checkstyle.checks.coding.MissingCtorCheckTest
Running com.puppycrawl.tools.checkstyle.checks.coding.IllegalInstantiationCheckTest
Tests run: 8, Failures: 0, Errors: 0, Skipped: 0, Time elapsed: 0.061 sec - in com.puppycrawl.tools.checkstyle.checks.coding.IllegalInstantiationCheckTest
Running com.puppycrawl.tools.checkstyle.checks.coding.ArrayTrailingCommaCheckTest
Tests run: 2, Failures: 0, Errors: 0, Skipped: 0, Time elapsed: 0.012 sec - in com.puppycrawl.tools.checkstyle.checks.coding.ArrayTrailingCommaCheckTest
Running com.puppycrawl.tools.checkstyle.checks.coding.MultipleStringLiteralsCheckTest
Tests run: 7, Failures: 0, Errors: 0, Skipped: 0, Time elapsed: 0.056 sec - in com.puppycrawl.tools.checkstyle.checks.coding.MultipleStringLiteralsCheckTest
Running com.puppycrawl.tools.checkstyle.checks.coding.NestedTryDepthCheckTest
Tests run: 3, Failures: 0, Errors: 0, Skipped: 0, Time elapsed: 0.018 sec - in com.puppycrawl.tools.checkstyle.checks.coding.NestedTryDepthCheckTest
Running com.puppycrawl.tools.checkstyle.checks.coding.InnerAssignmentCheckTest
Tests run: 3, Failures: 0, Errors: 0, Skipped: 0, Time elapsed: 0.081 sec - in com.puppycrawl.tools.checkstyle.checks.coding.InnerAssignmentCheckTest
Running com.puppycrawl.tools.checkstyle.checks.coding.FallThroughCheckTest
Tests run: 5, Failures: 0, Errors: 0, Skipped: 0, Time elapsed: 0.071 sec - in com.puppycrawl.tools.checkstyle.checks.coding.FallThroughCheckTest
Running com.puppycrawl.tools.checkstyle.checks.coding.IllegalCatchCheckTest
Tests run: 4, Failures: 0, Errors: 0, Skipped: 0, Time elapsed: 0.022 sec - in com.puppycrawl.tools.checkstyle.checks.coding.IllegalCatchCheckTest
Running com.puppycrawl.tools.checkstyle.checks.coding.CovariantEqualsCheckTest
Tests run: 2, Failures: 0, Errors: 0, Skipped: 0, Time elapsed: 0.006 sec - in com.puppycrawl.tools.checkstyle.checks.coding.CovariantEqualsCheckTest
Running com.puppycrawl.tools.checkstyle.checks.coding.ParameterAssignmentCheckTest
Tests run: 3, Failures: 0, Errors: 0, Skipped: 0, Time elapsed: 0.008 sec - in com.puppycrawl.tools.checkstyle.checks.coding.ParameterAssignmentCheckTest
Running com.puppycrawl.tools.checkstyle.checks.coding.OneStatementPerLineCheckTest
Tests run: 4, Failures: 0, Errors: 0, Skipped: 0, Time elapsed: 0.022 sec - in com.puppycrawl.tools.checkstyle.checks.coding.OneStatementPerLineCheckTest
Running com.puppycrawl.tools.checkstyle.checks.coding.SuperCloneCheckTest
Tests run: 3, Failures: 0, Errors: 0, Skipped: 0, Time elapsed: 0.008 sec - in com.puppycrawl.tools.checkstyle.checks.coding.SuperCloneCheckTest
Running com.puppycrawl.tools.checkstyle.checks.coding.ModifiedControlVariableCheckTest
Tests run: 5, Failures: 0, Errors: 0, Skipped: 0, Time elapsed: 0.021 sec - in com.puppycrawl.tools.checkstyle.checks.coding.ModifiedControlVariableCheckTest
Running com.puppycrawl.tools.checkstyle.checks.coding.IllegalThrowsCheckTest
Tests run: 7, Failures: 0, Errors: 0, Skipped: 0, Time elapsed: 0.027 sec - in com.puppycrawl.tools.checkstyle.checks.coding.IllegalThrowsCheckTest
Running com.puppycrawl.tools.checkstyle.checks.coding.IllegalTokenTextCheckTest
Tests run: 5, Failures: 0, Errors: 0, Skipped: 0, Time elapsed: 0.015 sec - in com.puppycrawl.tools.checkstyle.checks.coding.IllegalTokenTextCheckTest
Running com.puppycrawl.tools.checkstyle.checks.coding.RequireThisCheckTest
Tests run: 7, Failures: 0, Errors: 0, Skipped: 0, Time elapsed: 0.035 sec - in com.puppycrawl.tools.checkstyle.checks.coding.RequireThisCheckTest
Running com.puppycrawl.tools.checkstyle.checks.coding.EqualsHashCodeCheckTest
Tests run: 3, Failures: 0, Errors: 0, Skipped: 0, Time elapsed: 0.014 sec - in com.puppycrawl.tools.checkstyle.checks.coding.EqualsHashCodeCheckTest
Running com.puppycrawl.tools.checkstyle.checks.coding.StringLiteralEqualityCheckTest
Tests run: 2, Failures: 0, Errors: 0, Skipped: 0, Time elapsed: 0.007 sec - in com.puppycrawl.tools.checkstyle.checks.coding.StringLiteralEqualityCheckTest
Running com.puppycrawl.tools.checkstyle.checks.design.InnerTypeLastCheckTest
Tests run: 3, Failures: 0, Errors: 0, Skipped: 0, Time elapsed: 0.009 sec - in com.puppycrawl.tools.checkstyle.checks.design.InnerTypeLastCheckTest
Running com.puppycrawl.tools.checkstyle.checks.design.ThrowsCountCheckTest
Tests run: 6, Failures: 0, Errors: 0, Skipped: 0, Time elapsed: 0.046 sec - in com.puppycrawl.tools.checkstyle.checks.design.ThrowsCountCheckTest
Running com.puppycrawl.tools.checkstyle.checks.design.InterfaceIsTypeCheckTest
Tests run: 4, Failures: 0, Errors: 0, Skipped: 0, Time elapsed: 0.016 sec - in com.puppycrawl.tools.checkstyle.checks.design.InterfaceIsTypeCheckTest
Running com.puppycrawl.tools.checkstyle.checks.design.FinalClassCheckTest
Tests run: 3, Failures: 0, Errors: 0, Skipped: 0, Time elapsed: 0.017 sec - in com.puppycrawl.tools.checkstyle.checks.design.FinalClassCheckTest
Running com.puppycrawl.tools.checkstyle.checks.design.OneTopLevelClassCheckTest
Tests run: 11, Failures: 0, Errors: 0, Skipped: 0, Time elapsed: 0.108 sec - in com.puppycrawl.tools.checkstyle.checks.design.OneTopLevelClassCheckTest
Running com.puppycrawl.tools.checkstyle.checks.design.DesignForExtensionCheckTest
Tests run: 3, Failures: 0, Errors: 0, Skipped: 0, Time elapsed: 0.026 sec - in com.puppycrawl.tools.checkstyle.checks.design.DesignForExtensionCheckTest
Running com.puppycrawl.tools.checkstyle.checks.design.MutableExceptionCheckTest
Tests run: 6, Failures: 0, Errors: 0, Skipped: 0, Time elapsed: 0.044 sec - in com.puppycrawl.tools.checkstyle.checks.design.MutableExceptionCheckTest
Running com.puppycrawl.tools.checkstyle.checks.design.HideUtilityClassConstructorCheckTest
Tests run: 12, Failures: 0, Errors: 0, Skipped: 0, Time elapsed: 0.077 sec - in com.puppycrawl.tools.checkstyle.checks.design.HideUtilityClassConstructorCheckTest
Running com.puppycrawl.tools.checkstyle.checks.design.VisibilityModifierCheckTest
Tests run: 19, Failures: 0, Errors: 0, Skipped: 0, Time elapsed: 0.131 sec - in com.puppycrawl.tools.checkstyle.checks.design.VisibilityModifierCheckTest
Running com.puppycrawl.tools.checkstyle.checks.header.HeaderCheckTest
SLF4J: Class path contains multiple SLF4J bindings.
SLF4J: Found binding in [jar:file:/home/travis/.m2/repository/org/slf4j/slf4j-simple/1.7.12/slf4j-simple-1.7.12.jar!/org/slf4j/impl/StaticLoggerBinder.class]
SLF4J: Found binding in [jar:file:/home/travis/.m2/repository/ch/qos/logback/logback-classic/1.0.13/logback-classic-1.0.13.jar!/org/slf4j/impl/StaticLoggerBinder.class]
SLF4J: See http://www.slf4j.org/codes.html#multiple_bindings for an explanation.
SLF4J: Actual binding is of type [org.slf4j.impl.SimpleLoggerFactory]
Tests run: 10, Failures: 0, Errors: 0, Skipped: 0, Time elapsed: 3.879 sec - in com.puppycrawl.tools.checkstyle.checks.header.HeaderCheckTest
Running com.puppycrawl.tools.checkstyle.checks.header.RegexpHeaderCheckTest
Tests run: 20, Failures: 0, Errors: 0, Skipped: 0, Time elapsed: 0.414 sec - in com.puppycrawl.tools.checkstyle.checks.header.RegexpHeaderCheckTest
Running com.puppycrawl.tools.checkstyle.checks.imports.RedundantImportCheckTest
Tests run: 4, Failures: 0, Errors: 0, Skipped: 0, Time elapsed: 0.094 sec - in com.puppycrawl.tools.checkstyle.checks.imports.RedundantImportCheckTest
Running com.puppycrawl.tools.checkstyle.checks.imports.PkgControlRegExpTest
Tests run: 4, Failures: 0, Errors: 0, Skipped: 0, Time elapsed: 0.033 sec - in com.puppycrawl.tools.checkstyle.checks.imports.PkgControlRegExpTest
Running com.puppycrawl.tools.checkstyle.checks.imports.ImportControlLoaderTest
Tests run: 5, Failures: 0, Errors: 0, Skipped: 0, Time elapsed: 0.066 sec - in com.puppycrawl.tools.checkstyle.checks.imports.ImportControlLoaderTest
Running com.puppycrawl.tools.checkstyle.checks.imports.ImportOrderCheckTest
SLF4J: Class path contains multiple SLF4J bindings.
SLF4J: Found binding in [jar:file:/home/travis/.m2/repository/org/slf4j/slf4j-simple/1.7.12/slf4j-simple-1.7.12.jar!/org/slf4j/impl/StaticLoggerBinder.class]
SLF4J: Found binding in [jar:file:/home/travis/.m2/repository/ch/qos/logback/logback-classic/1.0.13/logback-classic-1.0.13.jar!/org/slf4j/impl/StaticLoggerBinder.class]
SLF4J: See http://www.slf4j.org/codes.html#multiple_bindings for an explanation.
SLF4J: Actual binding is of type [org.slf4j.impl.SimpleLoggerFactory]
Tests run: 32, Failures: 0, Errors: 0, Skipped: 0, Time elapsed: 6.759 sec - in com.puppycrawl.tools.checkstyle.checks.imports.ImportOrderCheckTest
Running com.puppycrawl.tools.checkstyle.checks.imports.UnusedImportsCheckTest
Tests run: 7, Failures: 0, Errors: 0, Skipped: 0, Time elapsed: 0.196 sec - in com.puppycrawl.tools.checkstyle.checks.imports.UnusedImportsCheckTest
Running com.puppycrawl.tools.checkstyle.checks.imports.PkgControlTest
Tests run: 4, Failures: 0, Errors: 0, Skipped: 0, Time elapsed: 0.003 sec - in com.puppycrawl.tools.checkstyle.checks.imports.PkgControlTest
Running com.puppycrawl.tools.checkstyle.checks.imports.ImportControlCheckTest
Tests run: 15, Failures: 0, Errors: 0, Skipped: 0, Time elapsed: 1.263 sec - in com.puppycrawl.tools.checkstyle.checks.imports.ImportControlCheckTest
Running com.puppycrawl.tools.checkstyle.checks.imports.GuardTest
Tests run: 11, Failures: 0, Errors: 0, Skipped: 0, Time elapsed: 0 sec - in com.puppycrawl.tools.checkstyle.checks.imports.GuardTest
Running com.puppycrawl.tools.checkstyle.checks.imports.IllegalImportCheckTest
Tests run: 4, Failures: 0, Errors: 0, Skipped: 0, Time elapsed: 0.069 sec - in com.puppycrawl.tools.checkstyle.checks.imports.IllegalImportCheckTest
Running com.puppycrawl.tools.checkstyle.checks.imports.AvoidStaticImportTest
Tests run: 7, Failures: 0, Errors: 0, Skipped: 0, Time elapsed: 0.217 sec - in com.puppycrawl.tools.checkstyle.checks.imports.AvoidStaticImportTest
Running com.puppycrawl.tools.checkstyle.checks.imports.CustomImportOrderCheckTest
Tests run: 30, Failures: 0, Errors: 0, Skipped: 0, Time elapsed: 0.717 sec - in com.puppycrawl.tools.checkstyle.checks.imports.CustomImportOrderCheckTest
Running com.puppycrawl.tools.checkstyle.checks.imports.AvoidStarImportTest
Tests run: 6, Failures: 0, Errors: 0, Skipped: 0, Time elapsed: 0.1 sec - in com.puppycrawl.tools.checkstyle.checks.imports.AvoidStarImportTest
Running com.puppycrawl.tools.checkstyle.checks.indentation.NewHandlerTest
Tests run: 1, Failures: 0, Errors: 0, Skipped: 0, Time elapsed: 0.066 sec - in com.puppycrawl.tools.checkstyle.checks.indentation.NewHandlerTest
Running com.puppycrawl.tools.checkstyle.checks.indentation.CommentsIndentationCheckTest
Tests run: 4, Failures: 0, Errors: 0, Skipped: 0, Time elapsed: 0.065 sec - in com.puppycrawl.tools.checkstyle.checks.indentation.CommentsIndentationCheckTest
Running com.puppycrawl.tools.checkstyle.checks.indentation.LineSetTest
Tests run: 1, Failures: 0, Errors: 0, Skipped: 0, Time elapsed: 0.001 sec - in com.puppycrawl.tools.checkstyle.checks.indentation.LineSetTest
Running com.puppycrawl.tools.checkstyle.checks.indentation.IndentationCheckTest
Tests run: 61, Failures: 0, Errors: 0, Skipped: 0, Time elapsed: 2.565 sec - in com.puppycrawl.tools.checkstyle.checks.indentation.IndentationCheckTest
Running com.puppycrawl.tools.checkstyle.checks.javadoc.JavadocTypeCheckTest
Tests run: 23, Failures: 0, Errors: 0, Skipped: 0, Time elapsed: 0.448 sec - in com.puppycrawl.tools.checkstyle.checks.javadoc.JavadocTypeCheckTest
Running com.puppycrawl.tools.checkstyle.checks.javadoc.JavadocTagInfoTest
Tests run: 15, Failures: 0, Errors: 0, Skipped: 0, Time elapsed: 0.016 sec - in com.puppycrawl.tools.checkstyle.checks.javadoc.JavadocTagInfoTest
Running com.puppycrawl.tools.checkstyle.checks.javadoc.JavadocParagraphCheckTest
Tests run: 4, Failures: 0, Errors: 0, Skipped: 0, Time elapsed: 3.12 sec - in com.puppycrawl.tools.checkstyle.checks.javadoc.JavadocParagraphCheckTest
Running com.puppycrawl.tools.checkstyle.checks.javadoc.JavadocMethodCheckTest
Tests run: 34, Failures: 0, Errors: 0, Skipped: 0, Time elapsed: 0.359 sec - in com.puppycrawl.tools.checkstyle.checks.javadoc.JavadocMethodCheckTest
Running com.puppycrawl.tools.checkstyle.checks.javadoc.JavadocTagContinuationIndentationCheckTest
Tests run: 4, Failures: 0, Errors: 0, Skipped: 0, Time elapsed: 0.369 sec - in com.puppycrawl.tools.checkstyle.checks.javadoc.JavadocTagContinuationIndentationCheckTest
Running com.puppycrawl.tools.checkstyle.checks.javadoc.NonEmptyAtclauseDescriptionCheckTest
Tests run: 3, Failures: 0, Errors: 0, Skipped: 0, Time elapsed: 0.059 sec - in com.puppycrawl.tools.checkstyle.checks.javadoc.NonEmptyAtclauseDescriptionCheckTest
Running com.puppycrawl.tools.checkstyle.checks.javadoc.AtclauseOrderCheckTest
Tests run: 5, Failures: 0, Errors: 0, Skipped: 0, Time elapsed: 0.672 sec - in com.puppycrawl.tools.checkstyle.checks.javadoc.AtclauseOrderCheckTest
Running com.puppycrawl.tools.checkstyle.checks.javadoc.WriteTagCheckTest
Tests run: 14, Failures: 0, Errors: 0, Skipped: 0, Time elapsed: 0.165 sec - in com.puppycrawl.tools.checkstyle.checks.javadoc.WriteTagCheckTest
Running com.puppycrawl.tools.checkstyle.checks.javadoc.JavadocNodeImplTest
Tests run: 2, Failures: 0, Errors: 0, Skipped: 0, Time elapsed: 0.008 sec - in com.puppycrawl.tools.checkstyle.checks.javadoc.JavadocNodeImplTest
Running com.puppycrawl.tools.checkstyle.checks.javadoc.JavadocPackageCheckTest
Tests run: 7, Failures: 0, Errors: 0, Skipped: 0, Time elapsed: 0.025 sec - in com.puppycrawl.tools.checkstyle.checks.javadoc.JavadocPackageCheckTest
Running com.puppycrawl.tools.checkstyle.checks.javadoc.JavadocTagTest
Tests run: 3, Failures: 0, Errors: 0, Skipped: 0, Time elapsed: 0.003 sec - in com.puppycrawl.tools.checkstyle.checks.javadoc.JavadocTagTest
Running com.puppycrawl.tools.checkstyle.checks.javadoc.JavadocStyleCheckTest
Tests run: 17, Failures: 0, Errors: 0, Skipped: 0, Time elapsed: 0.14 sec - in com.puppycrawl.tools.checkstyle.checks.javadoc.JavadocStyleCheckTest
Running com.puppycrawl.tools.checkstyle.checks.javadoc.AbstractTypeAwareCheckTest
Tests run: 6, Failures: 0, Errors: 0, Skipped: 0, Time elapsed: 0.014 sec - in com.puppycrawl.tools.checkstyle.checks.javadoc.AbstractTypeAwareCheckTest
Running com.puppycrawl.tools.checkstyle.checks.javadoc.JavadocVariableCheckTest
Tests run: 12, Failures: 0, Errors: 0, Skipped: 0, Time elapsed: 0.123 sec - in com.puppycrawl.tools.checkstyle.checks.javadoc.JavadocVariableCheckTest
Running com.puppycrawl.tools.checkstyle.checks.javadoc.SummaryJavadocCheckTest
Tests run: 6, Failures: 0, Errors: 0, Skipped: 0, Time elapsed: 0.35 sec - in com.puppycrawl.tools.checkstyle.checks.javadoc.SummaryJavadocCheckTest
Running com.puppycrawl.tools.checkstyle.checks.javadoc.AbstractJavadocCheckTest
Tests run: 7, Failures: 0, Errors: 0, Skipped: 0, Time elapsed: 0.204 sec - in com.puppycrawl.tools.checkstyle.checks.javadoc.AbstractJavadocCheckTest
Running com.puppycrawl.tools.checkstyle.checks.javadoc.SingleLineJavadocCheckTest
Tests run: 4, Failures: 0, Errors: 0, Skipped: 0, Time elapsed: 0.24 sec - in com.puppycrawl.tools.checkstyle.checks.javadoc.SingleLineJavadocCheckTest
Running com.puppycrawl.tools.checkstyle.checks.metrics.BooleanExpressionComplexityCheckTest
Tests run: 4, Failures: 0, Errors: 0, Skipped: 0, Time elapsed: 0.051 sec - in com.puppycrawl.tools.checkstyle.checks.metrics.BooleanExpressionComplexityCheckTest
Running com.puppycrawl.tools.checkstyle.checks.metrics.NPathComplexityCheckTest
Tests run: 6, Failures: 0, Errors: 0, Skipped: 0, Time elapsed: 0.062 sec - in com.puppycrawl.tools.checkstyle.checks.metrics.NPathComplexityCheckTest
Running com.puppycrawl.tools.checkstyle.checks.metrics.CyclomaticComplexityCheckTest
Tests run: 4, Failures: 0, Errors: 0, Skipped: 0, Time elapsed: 0.087 sec - in com.puppycrawl.tools.checkstyle.checks.metrics.CyclomaticComplexityCheckTest
Running com.puppycrawl.tools.checkstyle.checks.metrics.JavaNCSSCheckTest
Tests run: 4, Failures: 0, Errors: 0, Skipped: 0, Time elapsed: 0.101 sec - in com.puppycrawl.tools.checkstyle.checks.metrics.JavaNCSSCheckTest
Running com.puppycrawl.tools.checkstyle.checks.metrics.ClassFanOutComplexityCheckTest
Tests run: 4, Failures: 0, Errors: 0, Skipped: 0, Time elapsed: 0.065 sec - in com.puppycrawl.tools.checkstyle.checks.metrics.ClassFanOutComplexityCheckTest
Running com.puppycrawl.tools.checkstyle.checks.metrics.ClassDataAbstractionCouplingCheckTest
Tests run: 3, Failures: 0, Errors: 0, Skipped: 0, Time elapsed: 0.053 sec - in com.puppycrawl.tools.checkstyle.checks.metrics.ClassDataAbstractionCouplingCheckTest
Running com.puppycrawl.tools.checkstyle.checks.modifier.RedundantModifierTest
Tests run: 11, Failures: 0, Errors: 0, Skipped: 0, Time elapsed: 0.145 sec - in com.puppycrawl.tools.checkstyle.checks.modifier.RedundantModifierTest
Running com.puppycrawl.tools.checkstyle.checks.modifier.ModifierOrderCheckTest
Tests run: 5, Failures: 0, Errors: 0, Skipped: 0, Time elapsed: 0.05 sec - in com.puppycrawl.tools.checkstyle.checks.modifier.ModifierOrderCheckTest
Running com.puppycrawl.tools.checkstyle.checks.naming.AbbreviationAsWordInNameCheckTest
Tests run: 11, Failures: 0, Errors: 0, Skipped: 0, Time elapsed: 0.128 sec - in com.puppycrawl.tools.checkstyle.checks.naming.AbbreviationAsWordInNameCheckTest
Running com.puppycrawl.tools.checkstyle.checks.naming.ConstantNameCheckTest
Tests run: 9, Failures: 0, Errors: 0, Skipped: 0, Time elapsed: 0.115 sec - in com.puppycrawl.tools.checkstyle.checks.naming.ConstantNameCheckTest
Running com.puppycrawl.tools.checkstyle.checks.naming.TypeParameterNameTest
Tests run: 10, Failures: 0, Errors: 0, Skipped: 0, Time elapsed: 0.069 sec - in com.puppycrawl.tools.checkstyle.checks.naming.TypeParameterNameTest
Running com.puppycrawl.tools.checkstyle.checks.naming.LocalVariableNameCheckTest
Tests run: 4, Failures: 0, Errors: 0, Skipped: 0, Time elapsed: 0.031 sec - in com.puppycrawl.tools.checkstyle.checks.naming.LocalVariableNameCheckTest
Running com.puppycrawl.tools.checkstyle.checks.naming.TypeNameCheckTest
Tests run: 6, Failures: 0, Errors: 0, Skipped: 0, Time elapsed: 0.051 sec - in com.puppycrawl.tools.checkstyle.checks.naming.TypeNameCheckTest
Running com.puppycrawl.tools.checkstyle.checks.naming.MethodNameCheckTest
Tests run: 8, Failures: 0, Errors: 0, Skipped: 0, Time elapsed: 0.055 sec - in com.puppycrawl.tools.checkstyle.checks.naming.MethodNameCheckTest
Running com.puppycrawl.tools.checkstyle.checks.naming.LocalFinalVariableNameCheckTest
Tests run: 5, Failures: 0, Errors: 0, Skipped: 0, Time elapsed: 0.05 sec - in com.puppycrawl.tools.checkstyle.checks.naming.LocalFinalVariableNameCheckTest
Running com.puppycrawl.tools.checkstyle.checks.naming.AbstractClassNameCheckTest
Tests run: 6, Failures: 0, Errors: 0, Skipped: 0, Time elapsed: 0.021 sec - in com.puppycrawl.tools.checkstyle.checks.naming.AbstractClassNameCheckTest
Running com.puppycrawl.tools.checkstyle.checks.naming.PackageNameCheckTest
Tests run: 4, Failures: 0, Errors: 0, Skipped: 0, Time elapsed: 0.012 sec - in com.puppycrawl.tools.checkstyle.checks.naming.PackageNameCheckTest
Running com.puppycrawl.tools.checkstyle.checks.naming.MemberNameCheckTest
Tests run: 12, Failures: 0, Errors: 0, Skipped: 0, Time elapsed: 0.05 sec - in com.puppycrawl.tools.checkstyle.checks.naming.MemberNameCheckTest
Running com.puppycrawl.tools.checkstyle.checks.naming.StaticVariableNameCheckTest
Tests run: 5, Failures: 0, Errors: 0, Skipped: 0, Time elapsed: 0.034 sec - in com.puppycrawl.tools.checkstyle.checks.naming.StaticVariableNameCheckTest
Running com.puppycrawl.tools.checkstyle.checks.naming.ParameterNameCheckTest
Tests run: 5, Failures: 0, Errors: 0, Skipped: 0, Time elapsed: 0.021 sec - in com.puppycrawl.tools.checkstyle.checks.naming.ParameterNameCheckTest
Running com.puppycrawl.tools.checkstyle.checks.regexp.RegexpCheckTest
Tests run: 24, Failures: 0, Errors: 0, Skipped: 0, Time elapsed: 0.176 sec - in com.puppycrawl.tools.checkstyle.checks.regexp.RegexpCheckTest
Running com.puppycrawl.tools.checkstyle.checks.regexp.RegexpSinglelineJavaCheckTest
Tests run: 19, Failures: 0, Errors: 0, Skipped: 0, Time elapsed: 0.148 sec - in com.puppycrawl.tools.checkstyle.checks.regexp.RegexpSinglelineJavaCheckTest
Running com.puppycrawl.tools.checkstyle.checks.regexp.RegexpSinglelineCheckTest
Tests run: 6, Failures: 0, Errors: 0, Skipped: 0, Time elapsed: 0.031 sec - in com.puppycrawl.tools.checkstyle.checks.regexp.RegexpSinglelineCheckTest
Running com.puppycrawl.tools.checkstyle.checks.regexp.RegexpMultilineCheckTest
Tests run: 12, Failures: 0, Errors: 0, Skipped: 0, Time elapsed: 0.095 sec - in com.puppycrawl.tools.checkstyle.checks.regexp.RegexpMultilineCheckTest
Running com.puppycrawl.tools.checkstyle.checks.sizes.MethodCountCheckTest
Tests run: 6, Failures: 0, Errors: 0, Skipped: 0, Time elapsed: 0.027 sec - in com.puppycrawl.tools.checkstyle.checks.sizes.MethodCountCheckTest
Running com.puppycrawl.tools.checkstyle.checks.sizes.ParameterNumberCheckTest
Tests run: 6, Failures: 0, Errors: 0, Skipped: 0, Time elapsed: 0.033 sec - in com.puppycrawl.tools.checkstyle.checks.sizes.ParameterNumberCheckTest
Running com.puppycrawl.tools.checkstyle.checks.sizes.AnonInnerLengthCheckTest
Tests run: 4, Failures: 0, Errors: 0, Skipped: 0, Time elapsed: 0.019 sec - in com.puppycrawl.tools.checkstyle.checks.sizes.AnonInnerLengthCheckTest
Running com.puppycrawl.tools.checkstyle.checks.sizes.MethodLengthCheckTest
Tests run: 5, Failures: 0, Errors: 0, Skipped: 0, Time elapsed: 0.028 sec - in com.puppycrawl.tools.checkstyle.checks.sizes.MethodLengthCheckTest
Running com.puppycrawl.tools.checkstyle.checks.sizes.LineLengthCheckTest
Tests run: 5, Failures: 0, Errors: 0, Skipped: 0, Time elapsed: 0.027 sec - in com.puppycrawl.tools.checkstyle.checks.sizes.LineLengthCheckTest
Running com.puppycrawl.tools.checkstyle.checks.sizes.OuterTypeNumberCheckTest
Tests run: 5, Failures: 0, Errors: 0, Skipped: 0, Time elapsed: 0.025 sec - in com.puppycrawl.tools.checkstyle.checks.sizes.OuterTypeNumberCheckTest
Running com.puppycrawl.tools.checkstyle.checks.sizes.FileLengthCheckTest
Tests run: 5, Failures: 0, Errors: 0, Skipped: 0, Time elapsed: 0.018 sec - in com.puppycrawl.tools.checkstyle.checks.sizes.FileLengthCheckTest
Running com.puppycrawl.tools.checkstyle.checks.sizes.ExecutableStatementCountCheckTest
Tests run: 8, Failures: 0, Errors: 0, Skipped: 0, Time elapsed: 0.057 sec - in com.puppycrawl.tools.checkstyle.checks.sizes.ExecutableStatementCountCheckTest
Running com.puppycrawl.tools.checkstyle.checks.whitespace.NoWhitespaceAfterCheckTest
Tests run: 5, Failures: 0, Errors: 0, Skipped: 0, Time elapsed: 0.052 sec - in com.puppycrawl.tools.checkstyle.checks.whitespace.NoWhitespaceAfterCheckTest
Running com.puppycrawl.tools.checkstyle.checks.whitespace.OperatorWrapCheckTest
Tests run: 3, Failures: 0, Errors: 0, Skipped: 0, Time elapsed: 0.024 sec - in com.puppycrawl.tools.checkstyle.checks.whitespace.OperatorWrapCheckTest
Running com.puppycrawl.tools.checkstyle.checks.whitespace.MethodParamPadCheckTest
Tests run: 6, Failures: 0, Errors: 0, Skipped: 0, Time elapsed: 0.031 sec - in com.puppycrawl.tools.checkstyle.checks.whitespace.MethodParamPadCheckTest
Running com.puppycrawl.tools.checkstyle.checks.whitespace.EmptyLineSeparatorCheckTest
Tests run: 10, Failures: 0, Errors: 0, Skipped: 0, Time elapsed: 0.051 sec - in com.puppycrawl.tools.checkstyle.checks.whitespace.EmptyLineSeparatorCheckTest
Running com.puppycrawl.tools.checkstyle.checks.whitespace.SeparatorWrapCheckTest
Tests run: 3, Failures: 0, Errors: 0, Skipped: 0, Time elapsed: 0.017 sec - in com.puppycrawl.tools.checkstyle.checks.whitespace.SeparatorWrapCheckTest
Running com.puppycrawl.tools.checkstyle.checks.whitespace.FileTabCharacterCheckTest
Tests run: 3, Failures: 0, Errors: 0, Skipped: 0, Time elapsed: 0.013 sec - in com.puppycrawl.tools.checkstyle.checks.whitespace.FileTabCharacterCheckTest
Running com.puppycrawl.tools.checkstyle.checks.whitespace.NoWhitespaceBeforeCheckTest
Tests run: 3, Failures: 0, Errors: 0, Skipped: 0, Time elapsed: 0.023 sec - in com.puppycrawl.tools.checkstyle.checks.whitespace.NoWhitespaceBeforeCheckTest
Running com.puppycrawl.tools.checkstyle.checks.whitespace.EmptyForIteratorPadCheckTest
Tests run: 4, Failures: 0, Errors: 0, Skipped: 0, Time elapsed: 0.017 sec - in com.puppycrawl.tools.checkstyle.checks.whitespace.EmptyForIteratorPadCheckTest
Running com.puppycrawl.tools.checkstyle.checks.whitespace.ParenPadCheckTest
Tests run: 7, Failures: 0, Errors: 0, Skipped: 0, Time elapsed: 0.088 sec - in com.puppycrawl.tools.checkstyle.checks.whitespace.ParenPadCheckTest
Running com.puppycrawl.tools.checkstyle.checks.whitespace.TypecastParenPadCheckTest
Tests run: 4, Failures: 0, Errors: 0, Skipped: 0, Time elapsed: 0.051 sec - in com.puppycrawl.tools.checkstyle.checks.whitespace.TypecastParenPadCheckTest
Running com.puppycrawl.tools.checkstyle.checks.whitespace.WhitespaceAroundTest
Tests run: 14, Failures: 0, Errors: 0, Skipped: 0, Time elapsed: 0.101 sec - in com.puppycrawl.tools.checkstyle.checks.whitespace.WhitespaceAroundTest
Running com.puppycrawl.tools.checkstyle.checks.whitespace.WhitespaceAfterCheckTest
Tests run: 7, Failures: 0, Errors: 0, Skipped: 0, Time elapsed: 0.054 sec - in com.puppycrawl.tools.checkstyle.checks.whitespace.WhitespaceAfterCheckTest
Running com.puppycrawl.tools.checkstyle.checks.whitespace.NoLineWrapCheckTest
Tests run: 3, Failures: 0, Errors: 0, Skipped: 0, Time elapsed: 0.026 sec - in com.puppycrawl.tools.checkstyle.checks.whitespace.NoLineWrapCheckTest
Running com.puppycrawl.tools.checkstyle.checks.whitespace.EmptyForInitializerPadCheckTest
Tests run: 6, Failures: 0, Errors: 0, Skipped: 0, Time elapsed: 0.009 sec - in com.puppycrawl.tools.checkstyle.checks.whitespace.EmptyForInitializerPadCheckTest
Running com.puppycrawl.tools.checkstyle.checks.whitespace.GenericWhitespaceCheckTest
Tests run: 8, Failures: 0, Errors: 0, Skipped: 0, Time elapsed: 0.056 sec - in com.puppycrawl.tools.checkstyle.checks.whitespace.GenericWhitespaceCheckTest
Running com.puppycrawl.tools.checkstyle.checks.TodoCommentCheckTest
Tests run: 3, Failures: 0, Errors: 0, Skipped: 0, Time elapsed: 0.014 sec - in com.puppycrawl.tools.checkstyle.checks.TodoCommentCheckTest
Running com.puppycrawl.tools.checkstyle.checks.FinalParametersCheckTest
Tests run: 6, Failures: 0, Errors: 0, Skipped: 0, Time elapsed: 0.092 sec - in com.puppycrawl.tools.checkstyle.checks.FinalParametersCheckTest
Running com.puppycrawl.tools.checkstyle.checks.ArrayTypeStyleCheckTest
Tests run: 4, Failures: 0, Errors: 0, Skipped: 0, Time elapsed: 0.025 sec - in com.puppycrawl.tools.checkstyle.checks.ArrayTypeStyleCheckTest
Running com.puppycrawl.tools.checkstyle.checks.UpperEllCheckTest
Tests run: 3, Failures: 0, Errors: 0, Skipped: 0, Time elapsed: 0.008 sec - in com.puppycrawl.tools.checkstyle.checks.UpperEllCheckTest
Running com.puppycrawl.tools.checkstyle.checks.ClassResolverTest
SLF4J: Class path contains multiple SLF4J bindings.
SLF4J: Found binding in [jar:file:/home/travis/.m2/repository/org/slf4j/slf4j-simple/1.7.12/slf4j-simple-1.7.12.jar!/org/slf4j/impl/StaticLoggerBinder.class]
SLF4J: Found binding in [jar:file:/home/travis/.m2/repository/ch/qos/logback/logback-classic/1.0.13/logback-classic-1.0.13.jar!/org/slf4j/impl/StaticLoggerBinder.class]
SLF4J: See http://www.slf4j.org/codes.html#multiple_bindings for an explanation.
SLF4J: Actual binding is of type [org.slf4j.impl.SimpleLoggerFactory]
Tests run: 5, Failures: 0, Errors: 0, Skipped: 0, Time elapsed: 0.943 sec - in com.puppycrawl.tools.checkstyle.checks.ClassResolverTest
Running com.puppycrawl.tools.checkstyle.checks.AvoidEscapedUnicodeCharactersCheckTest
Tests run: 7, Failures: 0, Errors: 0, Skipped: 0, Time elapsed: 0.09 sec - in com.puppycrawl.tools.checkstyle.checks.AvoidEscapedUnicodeCharactersCheckTest
Running com.puppycrawl.tools.checkstyle.checks.SuppressWarningsHolderTest
SLF4J: Class path contains multiple SLF4J bindings.
SLF4J: Found binding in [jar:file:/home/travis/.m2/repository/org/slf4j/slf4j-simple/1.7.12/slf4j-simple-1.7.12.jar!/org/slf4j/impl/StaticLoggerBinder.class]
SLF4J: Found binding in [jar:file:/home/travis/.m2/repository/ch/qos/logback/logback-classic/1.0.13/logback-classic-1.0.13.jar!/org/slf4j/impl/StaticLoggerBinder.class]
SLF4J: See http://www.slf4j.org/codes.html#multiple_bindings for an explanation.
SLF4J: Actual binding is of type [org.slf4j.impl.SimpleLoggerFactory]
Tests run: 16, Failures: 0, Errors: 0, Skipped: 0, Time elapsed: 2.119 sec - in com.puppycrawl.tools.checkstyle.checks.SuppressWarningsHolderTest
Running com.puppycrawl.tools.checkstyle.checks.UncommentedMainCheckTest
Tests run: 7, Failures: 0, Errors: 0, Skipped: 0, Time elapsed: 0.049 sec - in com.puppycrawl.tools.checkstyle.checks.UncommentedMainCheckTest
Running com.puppycrawl.tools.checkstyle.checks.UniquePropertiesCheckTest
Tests run: 5, Failures: 0, Errors: 0, Skipped: 0, Time elapsed: 0.021 sec - in com.puppycrawl.tools.checkstyle.checks.UniquePropertiesCheckTest
Running com.puppycrawl.tools.checkstyle.checks.DescendantTokenCheckTest
Tests run: 18, Failures: 0, Errors: 0, Skipped: 0, Time elapsed: 0.153 sec - in com.puppycrawl.tools.checkstyle.checks.DescendantTokenCheckTest
Running com.puppycrawl.tools.checkstyle.checks.TranslationCheckTest
Tests run: 10, Failures: 0, Errors: 0, Skipped: 0, Time elapsed: 0.063 sec - in com.puppycrawl.tools.checkstyle.checks.TranslationCheckTest
Running com.puppycrawl.tools.checkstyle.checks.FileSetCheckLifecycleTest
Tests run: 3, Failures: 0, Errors: 0, Skipped: 0, Time elapsed: 0.035 sec - in com.puppycrawl.tools.checkstyle.checks.FileSetCheckLifecycleTest
Running com.puppycrawl.tools.checkstyle.checks.OuterTypeFilenameCheckTest
Tests run: 9, Failures: 0, Errors: 0, Skipped: 0, Time elapsed: 0.054 sec - in com.puppycrawl.tools.checkstyle.checks.OuterTypeFilenameCheckTest
Running com.puppycrawl.tools.checkstyle.checks.TrailingCommentCheckTest
Tests run: 5, Failures: 0, Errors: 0, Skipped: 0, Time elapsed: 0.029 sec - in com.puppycrawl.tools.checkstyle.checks.TrailingCommentCheckTest
Running com.puppycrawl.tools.checkstyle.checks.NewlineAtEndOfFileCheckTest
Tests run: 10, Failures: 0, Errors: 0, Skipped: 0, Time elapsed: 0.09 sec - in com.puppycrawl.tools.checkstyle.checks.NewlineAtEndOfFileCheckTest
Running com.puppycrawl.tools.checkstyle.doclets.TokenTypesDocletTest
Tests run: 6, Failures: 0, Errors: 0, Skipped: 0, Time elapsed: 0.967 sec - in com.puppycrawl.tools.checkstyle.doclets.TokenTypesDocletTest
Running com.puppycrawl.tools.checkstyle.filters.FilterSetTest
Tests run: 7, Failures: 0, Errors: 0, Skipped: 0, Time elapsed: 0.021 sec - in com.puppycrawl.tools.checkstyle.filters.FilterSetTest
Running com.puppycrawl.tools.checkstyle.filters.SeverityMatchFilterTest
Tests run: 3, Failures: 0, Errors: 0, Skipped: 0, Time elapsed: 0.001 sec - in com.puppycrawl.tools.checkstyle.filters.SeverityMatchFilterTest
Running com.puppycrawl.tools.checkstyle.filters.SuppressElementTest
Tests run: 15, Failures: 0, Errors: 0, Skipped: 0, Time elapsed: 0.158 sec - in com.puppycrawl.tools.checkstyle.filters.SuppressElementTest
Running com.puppycrawl.tools.checkstyle.filters.SuppressionsLoaderTest
SLF4J: Class path contains multiple SLF4J bindings.
SLF4J: Found binding in [jar:file:/home/travis/.m2/repository/org/slf4j/slf4j-simple/1.7.12/slf4j-simple-1.7.12.jar!/org/slf4j/impl/StaticLoggerBinder.class]
SLF4J: Found binding in [jar:file:/home/travis/.m2/repository/ch/qos/logback/logback-classic/1.0.13/logback-classic-1.0.13.jar!/org/slf4j/impl/StaticLoggerBinder.class]
SLF4J: See http://www.slf4j.org/codes.html#multiple_bindings for an explanation.
SLF4J: Actual binding is of type [org.slf4j.impl.SimpleLoggerFactory]
Tests run: 14, Failures: 0, Errors: 0, Skipped: 0, Time elapsed: 0.817 sec - in com.puppycrawl.tools.checkstyle.filters.SuppressionsLoaderTest
Running com.puppycrawl.tools.checkstyle.filters.CSVFilterTest
Tests run: 6, Failures: 0, Errors: 0, Skipped: 0, Time elapsed: 0.033 sec - in com.puppycrawl.tools.checkstyle.filters.CSVFilterTest
Running com.puppycrawl.tools.checkstyle.filters.SuppressionFilterTest
Tests run: 2, Failures: 0, Errors: 0, Skipped: 0, Time elapsed: 0.053 sec - in com.puppycrawl.tools.checkstyle.filters.SuppressionFilterTest
Running com.puppycrawl.tools.checkstyle.filters.IntRangeFilterTest
Tests run: 4, Failures: 0, Errors: 0, Skipped: 0, Time elapsed: 0.041 sec - in com.puppycrawl.tools.checkstyle.filters.IntRangeFilterTest
Running com.puppycrawl.tools.checkstyle.filters.IntMatchFilterTest
Tests run: 3, Failures: 0, Errors: 0, Skipped: 0, Time elapsed: 1.328 sec - in com.puppycrawl.tools.checkstyle.filters.IntMatchFilterTest
Running com.puppycrawl.tools.checkstyle.filters.SuppressionCommentFilterTest
Tests run: 15, Failures: 0, Errors: 0, Skipped: 0, Time elapsed: 0.73 sec - in com.puppycrawl.tools.checkstyle.filters.SuppressionCommentFilterTest
Running com.puppycrawl.tools.checkstyle.filters.SuppressWithNearbyCommentFilterTest
Tests run: 15, Failures: 0, Errors: 0, Skipped: 0, Time elapsed: 0.291 sec - in com.puppycrawl.tools.checkstyle.filters.SuppressWithNearbyCommentFilterTest
Running com.puppycrawl.tools.checkstyle.filters.SuppressWarningsFilterTest
Tests run: 2, Failures: 0, Errors: 0, Skipped: 0, Time elapsed: 0.03 sec - in com.puppycrawl.tools.checkstyle.filters.SuppressWarningsFilterTest
Running com.puppycrawl.tools.checkstyle.grammars.comments.AllBlockCommentsTest
Tests run: 1, Failures: 0, Errors: 0, Skipped: 0, Time elapsed: 0.005 sec - in com.puppycrawl.tools.checkstyle.grammars.comments.AllBlockCommentsTest
Running com.puppycrawl.tools.checkstyle.grammars.comments.AllSinglelineCommentsTest
Tests run: 1, Failures: 0, Errors: 0, Skipped: 0, Time elapsed: 0.005 sec - in com.puppycrawl.tools.checkstyle.grammars.comments.AllSinglelineCommentsTest
Running com.puppycrawl.tools.checkstyle.grammars.comments.CommentsTest
Tests run: 3, Failures: 0, Errors: 0, Skipped: 0, Time elapsed: 0.007 sec - in com.puppycrawl.tools.checkstyle.grammars.comments.CommentsTest
Running com.puppycrawl.tools.checkstyle.grammars.java8.DefaultMethodsTest
Tests run: 2, Failures: 0, Errors: 0, Skipped: 0, Time elapsed: 0.032 sec - in com.puppycrawl.tools.checkstyle.grammars.java8.DefaultMethodsTest
Running com.puppycrawl.tools.checkstyle.grammars.java8.LambdaTest
Tests run: 18, Failures: 0, Errors: 0, Skipped: 0, Time elapsed: 0.09 sec - in com.puppycrawl.tools.checkstyle.grammars.java8.LambdaTest
Running com.puppycrawl.tools.checkstyle.grammars.java8.AnnotationTest
Tests run: 10, Failures: 0, Errors: 0, Skipped: 0, Time elapsed: 0.085 sec - in com.puppycrawl.tools.checkstyle.grammars.java8.AnnotationTest
Running com.puppycrawl.tools.checkstyle.grammars.java8.MethodReferencesTest
Tests run: 3, Failures: 0, Errors: 0, Skipped: 0, Time elapsed: 0.022 sec - in com.puppycrawl.tools.checkstyle.grammars.java8.MethodReferencesTest
Running com.puppycrawl.tools.checkstyle.grammars.javadoc.JavadocParseTreeTest
Tests run: 22, Failures: 0, Errors: 0, Skipped: 0, Time elapsed: 0.423 sec - in com.puppycrawl.tools.checkstyle.grammars.javadoc.JavadocParseTreeTest
Running com.puppycrawl.tools.checkstyle.grammars.UnicodeEscapeTest
Tests run: 1, Failures: 0, Errors: 0, Skipped: 0, Time elapsed: 0.003 sec - in com.puppycrawl.tools.checkstyle.grammars.UnicodeEscapeTest
Running com.puppycrawl.tools.checkstyle.grammars.Java7DiamondTest
Tests run: 1, Failures: 0, Errors: 0, Skipped: 0, Time elapsed: 0.002 sec - in com.puppycrawl.tools.checkstyle.grammars.Java7DiamondTest
Running com.puppycrawl.tools.checkstyle.grammars.LineCommentAtTheEndOfFileTest
Tests run: 1, Failures: 0, Errors: 0, Skipped: 0, Time elapsed: 0.002 sec - in com.puppycrawl.tools.checkstyle.grammars.LineCommentAtTheEndOfFileTest
Running com.puppycrawl.tools.checkstyle.grammars.Java7MultiCatchTest
Tests run: 1, Failures: 0, Errors: 0, Skipped: 0, Time elapsed: 0.019 sec - in com.puppycrawl.tools.checkstyle.grammars.Java7MultiCatchTest
Running com.puppycrawl.tools.checkstyle.grammars.HexFloatsTest
Tests run: 1, Failures: 0, Errors: 0, Skipped: 0, Time elapsed: 0.022 sec - in com.puppycrawl.tools.checkstyle.grammars.HexFloatsTest
Running com.puppycrawl.tools.checkstyle.grammars.MultiDimensionalArraysInGenericsTest
Tests run: 1, Failures: 0, Errors: 0, Skipped: 0, Time elapsed: 0.015 sec - in com.puppycrawl.tools.checkstyle.grammars.MultiDimensionalArraysInGenericsTest
Running com.puppycrawl.tools.checkstyle.grammars.EmbeddedNullCharTest
Tests run: 1, Failures: 0, Errors: 0, Skipped: 0, Time elapsed: 0.003 sec - in com.puppycrawl.tools.checkstyle.grammars.EmbeddedNullCharTest
Running com.puppycrawl.tools.checkstyle.grammars.Java7NumericalLiteralsTest
Tests run: 1, Failures: 0, Errors: 0, Skipped: 0, Time elapsed: 0.027 sec - in com.puppycrawl.tools.checkstyle.grammars.Java7NumericalLiteralsTest
Running com.puppycrawl.tools.checkstyle.grammars.GeneratedJava14LexerTest
Tests run: 2, Failures: 0, Errors: 0, Skipped: 0, Time elapsed: 0.01 sec - in com.puppycrawl.tools.checkstyle.grammars.GeneratedJava14LexerTest
Running com.puppycrawl.tools.checkstyle.grammars.Java7TryWithResourcesTest
Tests run: 1, Failures: 0, Errors: 0, Skipped: 0, Time elapsed: 0.015 sec - in com.puppycrawl.tools.checkstyle.grammars.Java7TryWithResourcesTest
Running com.puppycrawl.tools.checkstyle.grammars.Java7StringSwitchTest
Tests run: 1, Failures: 0, Errors: 0, Skipped: 0, Time elapsed: 0.004 sec - in com.puppycrawl.tools.checkstyle.grammars.Java7StringSwitchTest
Running com.puppycrawl.tools.checkstyle.grammars.VarargTest
Tests run: 1, Failures: 0, Errors: 0, Skipped: 0, Time elapsed: 0.003 sec - in com.puppycrawl.tools.checkstyle.grammars.VarargTest
Running com.puppycrawl.tools.checkstyle.PropertiesExpanderTest
Tests run: 1, Failures: 0, Errors: 0, Skipped: 0, Time elapsed: 0.001 sec - in com.puppycrawl.tools.checkstyle.PropertiesExpanderTest
Running com.puppycrawl.tools.checkstyle.MainTest
Tests run: 26, Failures: 0, Errors: 0, Skipped: 0, Time elapsed: 0.559 sec - in com.puppycrawl.tools.checkstyle.MainTest
Running com.puppycrawl.tools.checkstyle.PackageNamesLoaderTest
Tests run: 5, Failures: 0, Errors: 0, Skipped: 0, Time elapsed: 0.05 sec - in com.puppycrawl.tools.checkstyle.PackageNamesLoaderTest
Running com.puppycrawl.tools.checkstyle.ConfigurationLoaderTest
Tests run: 24, Failures: 0, Errors: 0, Skipped: 0, Time elapsed: 0.129 sec - in com.puppycrawl.tools.checkstyle.ConfigurationLoaderTest
Running com.puppycrawl.tools.checkstyle.utils.JavadocUtilsTest
Tests run: 16, Failures: 0, Errors: 0, Skipped: 0, Time elapsed: 0.004 sec - in com.puppycrawl.tools.checkstyle.utils.JavadocUtilsTest
Running com.puppycrawl.tools.checkstyle.utils.AnnotationUtilityTest
Tests run: 10, Failures: 0, Errors: 0, Skipped: 0, Time elapsed: 0.003 sec - in com.puppycrawl.tools.checkstyle.utils.AnnotationUtilityTest
Running com.puppycrawl.tools.checkstyle.utils.CommonUtilsTest
SLF4J: Class path contains multiple SLF4J bindings.
SLF4J: Found binding in [jar:file:/home/travis/.m2/repository/org/slf4j/slf4j-simple/1.7.12/slf4j-simple-1.7.12.jar!/org/slf4j/impl/StaticLoggerBinder.class]
SLF4J: Found binding in [jar:file:/home/travis/.m2/repository/ch/qos/logback/logback-classic/1.0.13/logback-classic-1.0.13.jar!/org/slf4j/impl/StaticLoggerBinder.class]
SLF4J: See http://www.slf4j.org/codes.html#multiple_bindings for an explanation.
SLF4J: Actual binding is of type [org.slf4j.impl.SimpleLoggerFactory]
SLF4J: Class path contains multiple SLF4J bindings.
SLF4J: Found binding in [jar:file:/home/travis/.m2/repository/org/slf4j/slf4j-simple/1.7.12/slf4j-simple-1.7.12.jar!/org/slf4j/impl/StaticLoggerBinder.class]
SLF4J: Found binding in [jar:file:/home/travis/.m2/repository/ch/qos/logback/logback-classic/1.0.13/logback-classic-1.0.13.jar!/org/slf4j/impl/StaticLoggerBinder.class]
SLF4J: See http://www.slf4j.org/codes.html#multiple_bindings for an explanation.
SLF4J: Actual binding is of type [org.slf4j.impl.SimpleLoggerFactory]
Tests run: 18, Failures: 0, Errors: 0, Skipped: 0, Time elapsed: 1.036 sec - in com.puppycrawl.tools.checkstyle.utils.CommonUtilsTest
Running com.puppycrawl.tools.checkstyle.utils.ScopeUtilsTest
Tests run: 12, Failures: 0, Errors: 0, Skipped: 0, Time elapsed: 0.004 sec - in com.puppycrawl.tools.checkstyle.utils.ScopeUtilsTest
Running com.puppycrawl.tools.checkstyle.utils.CheckUtilsTest
Tests run: 4, Failures: 0, Errors: 0, Skipped: 0, Time elapsed: 0.001 sec - in com.puppycrawl.tools.checkstyle.utils.CheckUtilsTest
Running com.puppycrawl.tools.checkstyle.utils.TokenUtilsTest
Tests run: 8, Failures: 0, Errors: 0, Skipped: 0, Time elapsed: 0.002 sec - in com.puppycrawl.tools.checkstyle.utils.TokenUtilsTest
Running com.puppycrawl.tools.checkstyle.XMLLoggerTest
Tests run: 10, Failures: 0, Errors: 0, Skipped: 0, Time elapsed: 0.004 sec - in com.puppycrawl.tools.checkstyle.XMLLoggerTest
Running com.puppycrawl.tools.checkstyle.CheckerTest
Tests run: 12, Failures: 0, Errors: 0, Skipped: 0, Time elapsed: 0.005 sec - in com.puppycrawl.tools.checkstyle.CheckerTest
Running com.puppycrawl.tools.checkstyle.DefaultLoggerTest
Tests run: 2, Failures: 0, Errors: 0, Skipped: 0, Time elapsed: 0.003 sec - in com.puppycrawl.tools.checkstyle.DefaultLoggerTest
Running com.puppycrawl.tools.checkstyle.PackageObjectFactoryTest
Tests run: 4, Failures: 0, Errors: 0, Skipped: 0, Time elapsed: 0.002 sec - in com.puppycrawl.tools.checkstyle.PackageObjectFactoryTest
Running com.puppycrawl.tools.checkstyle.PropertyCacheFileTest
SLF4J: Class path contains multiple SLF4J bindings.
SLF4J: Found binding in [jar:file:/home/travis/.m2/repository/org/slf4j/slf4j-simple/1.7.12/slf4j-simple-1.7.12.jar!/org/slf4j/impl/StaticLoggerBinder.class]
SLF4J: Found binding in [jar:file:/home/travis/.m2/repository/ch/qos/logback/logback-classic/1.0.13/logback-classic-1.0.13.jar!/org/slf4j/impl/StaticLoggerBinder.class]
SLF4J: See http://www.slf4j.org/codes.html#multiple_bindings for an explanation.
SLF4J: Actual binding is of type [org.slf4j.impl.SimpleLoggerFactory]
Tests run: 4, Failures: 0, Errors: 0, Skipped: 0, Time elapsed: 0.337 sec - in com.puppycrawl.tools.checkstyle.PropertyCacheFileTest
Running com.puppycrawl.tools.checkstyle.DefinitionsTest
Tests run: 1, Failures: 0, Errors: 0, Skipped: 0, Time elapsed: 0.001 sec - in com.puppycrawl.tools.checkstyle.DefinitionsTest
Running com.puppycrawl.tools.checkstyle.DefaultConfigurationTest
Tests run: 1, Failures: 0, Errors: 0, Skipped: 0, Time elapsed: 0 sec - in com.puppycrawl.tools.checkstyle.DefaultConfigurationTest
Running com.puppycrawl.tools.checkstyle.TreeWalkerTest
Tests run: 16, Failures: 0, Errors: 0, Skipped: 0, Time elapsed: 0.107 sec - in com.puppycrawl.tools.checkstyle.TreeWalkerTest
Running com.puppycrawl.tools.checkstyle.XDocsPagesTest
Tests run: 3, Failures: 0, Errors: 0, Skipped: 0, Time elapsed: 6.189 sec - in com.puppycrawl.tools.checkstyle.XDocsPagesTest
Running com.puppycrawl.tools.checkstyle.CommitValidationTest
Tests run: 2, Failures: 0, Errors: 0, Skipped: 0, Time elapsed: 0.241 sec - in com.puppycrawl.tools.checkstyle.CommitValidationTest
Running com.puppycrawl.tools.checkstyle.AllChecksTest
Tests run: 7, Failures: 0, Errors: 0, Skipped: 0, Time elapsed: 3.804 sec - in com.puppycrawl.tools.checkstyle.AllChecksTest
[Thread-7] INFO net.sourceforge.cobertura.coveragedata.CoverageDataFileHandler - Cobertura: Loaded information on 361 classes.
[Thread-7] INFO net.sourceforge.cobertura.coveragedata.CoverageDataFileHandler - Cobertura: Saved information on 361 classes.
[Thread-0] INFO net.sourceforge.cobertura.coveragedata.CoverageDataFileHandler - Cobertura: Loaded information on 361 classes.
[Thread-0] INFO net.sourceforge.cobertura.coveragedata.CoverageDataFileHandler - Cobertura: Saved information on 361 classes.
[Thread-9] INFO net.sourceforge.cobertura.coveragedata.CoverageDataFileHandler - Cobertura: Loaded information on 361 classes.
[Thread-9] INFO net.sourceforge.cobertura.coveragedata.CoverageDataFileHandler - Cobertura: Saved information on 361 classes.
[Thread-5] INFO net.sourceforge.cobertura.coveragedata.CoverageDataFileHandler - Cobertura: Loaded information on 361 classes.
[Thread-5] INFO net.sourceforge.cobertura.coveragedata.CoverageDataFileHandler - Cobertura: Saved information on 361 classes.
[Thread-8] INFO net.sourceforge.cobertura.coveragedata.CoverageDataFileHandler - Cobertura: Loaded information on 361 classes.
[Thread-8] INFO net.sourceforge.cobertura.coveragedata.CoverageDataFileHandler - Cobertura: Saved information on 361 classes.
[Thread-4] INFO net.sourceforge.cobertura.coveragedata.CoverageDataFileHandler - Cobertura: Loaded information on 361 classes.
[Thread-4] INFO net.sourceforge.cobertura.coveragedata.CoverageDataFileHandler - Cobertura: Saved information on 361 classes.
[Thread-2] INFO net.sourceforge.cobertura.coveragedata.CoverageDataFileHandler - Cobertura: Loaded information on 361 classes.
[Thread-2] INFO net.sourceforge.cobertura.coveragedata.CoverageDataFileHandler - Cobertura: Saved information on 361 classes.
[Thread-6] INFO net.sourceforge.cobertura.coveragedata.CoverageDataFileHandler - Cobertura: Loaded information on 361 classes.
[Thread-6] INFO net.sourceforge.cobertura.coveragedata.CoverageDataFileHandler - Cobertura: Saved information on 361 classes.
[Thread-3] INFO net.sourceforge.cobertura.coveragedata.CoverageDataFileHandler - Cobertura: Loaded information on 361 classes.
[Thread-3] INFO net.sourceforge.cobertura.coveragedata.CoverageDataFileHandler - Cobertura: Saved information on 361 classes.

Results :

Tests run: 1600, Failures: 0, Errors: 0, Skipped: 0

[INFO] 
[INFO] --- xml-maven-plugin:1.0:validate (default) @ checkstyle ---
[INFO] 
[INFO] <<< cobertura-maven-plugin:2.7:check (default-cli) < [cobertura]test @ checkstyle <<<
[INFO] 
[INFO] --- cobertura-maven-plugin:2.7:check (default-cli) @ checkstyle ---
[INFO] Cobertura 2.1.1 - GNU GPL License (NO WARRANTY) - See COPYRIGHT file
[INFO] Cobertura: Loaded information on 361 classes.
[ERROR] com.puppycrawl.tools.checkstyle.checks.coding.FinalLocalVariableCheck failed coverage check. Branch coverage rate of 98.9% is below 100.0%
[ERROR] project failed coverage check. Branch coverage rate of 99.9% is below 100.0%

[INFO] ------------------------------------------------------------------------
[INFO] BUILD FAILURE
[INFO] ------------------------------------------------------------------------
[INFO] Total time: 02:40 min
[INFO] Finished at: 2015-10-30T16:50:20+00:00
[INFO] Final Memory: 43M/397M
[INFO] ------------------------------------------------------------------------
[ERROR] Failed to execute goal org.codehaus.mojo:cobertura-maven-plugin:2.7:check (default-cli) on project checkstyle: Coverage check failed. See messages above. -> [Help 1]
[ERROR] 
[ERROR] To see the full stack trace of the errors, re-run Maven with the -e switch.
[ERROR] Re-run Maven using the -X switch to enable full debug logging.
[ERROR] 
[ERROR] For more information about the errors and possible solutions, please read the following articles:
[ERROR] [Help 1] http://cwiki.apache.org/confluence/display/MAVEN/MojoFailureException
travis_time:end:067f8522:start=1446223658806987087,finish=1446223831845642825,duration=173038655738[0K
[31;1mThe command "eval $CMD" exited with 1.[0m
travis_fold:start:cache.2[0Kstore build cache
travis_time:start:026b3f89[0Kchange detected:
/home/travis/.m2/repository/commons-io/commons-io/2.5-SNAPSHOT/resolver-status.properties
/home/travis/.m2/repository/commons-io/commons-io/2.5-SNAPSHOT/resolver-status.properties
/home/travis/.m2/repository/commons-io/commons-io/2.6-SNAPSHOT/resolver-status.properties
/home/travis/.m2/repository/commons-io/commons-io/2.6-SNAPSHOT/resolver-status.properties
/home/travis/.m2/repository/commons-io/commons-io/resolver-status.properties
/home/travis/.m2/repository/commons-io/commons-io/resolver-status.properties
/home/travis/.m2/repository/de/thetaphi/forbiddenapis/2.0/forbiddenapis-2.0.jar
/home/travis/.m2/repository/de/thetaphi/forbiddenapis/2.0/forbiddenapis-2.0.jar.lastUpdated
/home/travis/.m2/repository/de/thetaphi/forbiddenapis/2.0/forbiddenapis-2.0.jar.sha1
/home/travis/.m2/repository/de/thetaphi/forbiddenapis/2.0/forbiddenapis-2.0.pom
/home/travis/.m2/repository/de/thetaphi/forbiddenapis/2.0/forbiddenapis-2.0.pom.lastUpdated
/home/travis/.m2/repository/de/thetaphi/forbiddenapis/2.0/
...
changes detected, packing new archive
.
.
uploading archive
travis_time:end:026b3f89:start=1446223831852088336,finish=1446223859752340825,duration=27900252489[0Ktravis_fold:end:cache.2[0K
Done. Your build exited with 1.
