travis_fold:start:worker_info[0K[33;1mWorker information[0m
hostname: i-0cf6958-precise-production-2-worker-org-docker.travisci.net:e3abbdb8-edb4-4023-8f26-860d32705a07
version: v2.5.0 https://github.com/travis-ci/worker/tree/da3a43228dffc0fcca5a46569ca786b22991979f
instance: 86cb77d:travis:java
startup: 773.940721ms
travis_fold:end:worker_info[0Ktravis_fold:start:system_info[0K[33;1mBuild system information[0m
Build language: java
Build group: stable
Build dist: precise
Build id: 252757376
Job id: 252757379
travis-build version: decf51afc
[34m[1mBuild image provisioning date and time[0m
Thu Feb  5 15:09:33 UTC 2015
[34m[1mOperating System Details[0m
Distributor ID:	Ubuntu
Description:	Ubuntu 12.04.5 LTS
Release:	12.04
Codename:	precise
[34m[1mLinux Version[0m
3.13.0-29-generic
[34m[1mCookbooks Version[0m
a68419e https://github.com/travis-ci/travis-cookbooks/tree/a68419e
[34m[1mGCC version[0m
gcc (Ubuntu/Linaro 4.6.3-1ubuntu5) 4.6.3
Copyright (C) 2011 Free Software Foundation, Inc.
This is free software; see the source for copying conditions.  There is NO
warranty; not even for MERCHANTABILITY or FITNESS FOR A PARTICULAR PURPOSE.

[34m[1mLLVM version[0m
clang version 3.4 (tags/RELEASE_34/final)
Target: x86_64-unknown-linux-gnu
Thread model: posix
[34m[1mPre-installed Ruby versions[0m
ruby-1.9.3-p551
[34m[1mPre-installed Node.js versions[0m
v0.10.36
[34m[1mPre-installed Go versions[0m
1.4.1
[34m[1mRedis version[0m
redis-server 2.8.19
[34m[1mriak version[0m
2.0.2
[34m[1mMongoDB version[0m
MongoDB 2.4.12
[34m[1mCouchDB version[0m
couchdb 1.6.1
[34m[1mNeo4j version[0m
1.9.4
[34m[1mRabbitMQ Version[0m
3.4.3
[34m[1mElasticSearch version[0m
1.4.0
[34m[1mInstalled Sphinx versions[0m
2.0.10
2.1.9
2.2.6
[34m[1mDefault Sphinx version[0m
2.2.6
[34m[1mInstalled Firefox version[0m
firefox 31.0esr
[34m[1mPhantomJS version[0m
1.9.8
[34m[1mant -version[0m
Apache Ant(TM) version 1.8.2 compiled on December 3 2011
[34m[1mmvn -version[0m
Apache Maven 3.2.5 (12a6b3acb947671f09b81f49094c53f426d8cea1; 2014-12-14T17:29:23+00:00)
Maven home: /usr/local/maven
Java version: 1.7.0_76, vendor: Oracle Corporation
Java home: /usr/lib/jvm/java-7-oracle/jre
Default locale: en_US, platform encoding: ANSI_X3.4-1968
OS name: "linux", version: "3.13.0-29-generic", arch: "amd64", family: "unix"
travis_fold:end:system_info[0K
travis_fold:start:fix.CVE-2015-7547[0K$ export DEBIAN_FRONTEND=noninteractive
Reading package lists...
Building dependency tree...
Reading state information...
The following extra packages will be installed:
  libc-bin libc-dev-bin libc6-dev
Suggested packages:
  glibc-doc
The following packages will be upgraded:
  libc-bin libc-dev-bin libc6 libc6-dev
4 upgraded, 0 newly installed, 0 to remove and 278 not upgraded.
Need to get 8,856 kB of archives.
After this operation, 13.3 kB of additional disk space will be used.
Get:1 http://us.archive.ubuntu.com/ubuntu/ precise-updates/main libc6-dev amd64 2.15-0ubuntu10.18 [2,948 kB]
Get:2 http://us.archive.ubuntu.com/ubuntu/ precise-updates/main libc-dev-bin amd64 2.15-0ubuntu10.18 [84.5 kB]
Get:3 http://us.archive.ubuntu.com/ubuntu/ precise-updates/main libc-bin amd64 2.15-0ubuntu10.18 [1,178 kB]
Get:4 http://us.archive.ubuntu.com/ubuntu/ precise-updates/main libc6 amd64 2.15-0ubuntu10.18 [4,646 kB]
Fetched 8,856 kB in 0s (22.2 MB/s)
Preconfiguring packages ...
(Reading database ... (Reading database ... 5%(Reading database ... 10%(Reading database ... 15%(Reading database ... 20%(Reading database ... 25%(Reading database ... 30%(Reading database ... 35%(Reading database ... 40%(Reading database ... 45%(Reading database ... 50%(Reading database ... 55%(Reading database ... 60%(Reading database ... 65%(Reading database ... 70%(Reading database ... 75%(Reading database ... 80%(Reading database ... 85%(Reading database ... 90%(Reading database ... 95%(Reading database ... 100%(Reading database ... 72019 files and directories currently installed.)
Preparing to replace libc6-dev 2.15-0ubuntu10.10 (using .../libc6-dev_2.15-0ubuntu10.18_amd64.deb) ...
Unpacking replacement libc6-dev ...
Preparing to replace libc-dev-bin 2.15-0ubuntu10.10 (using .../libc-dev-bin_2.15-0ubuntu10.18_amd64.deb) ...
Unpacking replacement libc-dev-bin ...
Preparing to replace libc-bin 2.15-0ubuntu10.10 (using .../libc-bin_2.15-0ubuntu10.18_amd64.deb) ...
Unpacking replacement libc-bin ...
Processing triggers for man-db ...
Setting up libc-bin (2.15-0ubuntu10.18) ...
(Reading database ... (Reading database ... 5%(Reading database ... 10%(Reading database ... 15%(Reading database ... 20%(Reading database ... 25%(Reading database ... 30%(Reading database ... 35%(Reading database ... 40%(Reading database ... 45%(Reading database ... 50%(Reading database ... 55%(Reading database ... 60%(Reading database ... 65%(Reading database ... 70%(Reading database ... 75%(Reading database ... 80%(Reading database ... 85%(Reading database ... 90%(Reading database ... 95%(Reading database ... 100%(Reading database ... 72018 files and directories currently installed.)
Preparing to replace libc6 2.15-0ubuntu10.10 (using .../libc6_2.15-0ubuntu10.18_amd64.deb) ...
Unpacking replacement libc6 ...
Setting up libc6 (2.15-0ubuntu10.18) ...
Setting up libc-dev-bin (2.15-0ubuntu10.18) ...
Setting up libc6-dev (2.15-0ubuntu10.18) ...
Processing triggers for libc-bin ...
ldconfig deferred processing now taking place
travis_fold:end:fix.CVE-2015-7547[0Ktravis_fold:start:update_libssl1.0.0[0K$ sudo apt-get install libssl1.0.0
Reading package lists... 0%Reading package lists... 0%Reading package lists... 1%Reading package lists... 10%Reading package lists... 10%Reading package lists... 11%Reading package lists... 11%Reading package lists... 26%Reading package lists... 46%Reading package lists... 46%Reading package lists... 47%Reading package lists... 47%Reading package lists... 47%Reading package lists... 58%Reading package lists... 58%Reading package lists... 58%Reading package lists... 58%Reading package lists... 72%Reading package lists... 94%Reading package lists... 94%Reading package lists... 95%Reading package lists... 95%Reading package lists... 95%Reading package lists... 95%Reading package lists... 95%Reading package lists... 95%Reading package lists... 95%Reading package lists... 95%Reading package lists... 95%Reading package lists... 95%Reading package lists... 95%Reading package lists... 95%Reading package lists... 95%Reading package lists... 95%Reading package lists... 95%Reading package lists... 95%Reading package lists... 95%Reading package lists... 95%Reading package lists... 95%Reading package lists... 95%Reading package lists... 95%Reading package lists... 95%Reading package lists... 95%Reading package lists... 95%Reading package lists... 95%Reading package lists... 95%Reading package lists... 95%Reading package lists... 95%Reading package lists... 95%Reading package lists... 95%Reading package lists... 95%Reading package lists... 95%Reading package lists... 95%Reading package lists... 95%Reading package lists... 95%Reading package lists... 95%Reading package lists... 95%Reading package lists... 95%Reading package lists... 95%Reading package lists... 95%Reading package lists... 95%Reading package lists... 95%Reading package lists... 95%Reading package lists... 95%Reading package lists... 95%Reading package lists... 95%Reading package lists... 95%Reading package lists... 95%Reading package lists... 95%Reading package lists... 95%Reading package lists... 95%Reading package lists... 95%Reading package lists... 95%Reading package lists... 95%Reading package lists... 95%Reading package lists... 95%Reading package lists... 95%Reading package lists... 95%Reading package lists... 95%Reading package lists... 96%Reading package lists... 96%Reading package lists... 96%Reading package lists... 96%Reading package lists... 97%Reading package lists... 97%Reading package lists... 98%Reading package lists... 98%Reading package lists... 98%Reading package lists... 98%Reading package lists... 98%Reading package lists... 98%Reading package lists... 98%Reading package lists... 98%Reading package lists... 98%Reading package lists... 98%Reading package lists... 98%Reading package lists... 98%Reading package lists... 98%Reading package lists... 98%Reading package lists... 98%Reading package lists... 98%Reading package lists... 98%Reading package lists... 98%Reading package lists... Done
Building dependency tree... 0%Building dependency tree... 0%Building dependency tree... 3%Building dependency tree... 50%Building dependency tree... 50%Building dependency tree       
Reading state information... 0%Reading state information... 0%Reading state information... Done
The following extra packages will be installed:
  libssl-dev
The following packages will be upgraded:
  libssl-dev libssl1.0.0
2 upgraded, 0 newly installed, 0 to remove and 276 not upgraded.
Need to get 2,634 kB of archives.
After this operation, 29.7 kB of additional disk space will be used.
0% [Working]            Get:1 http://us.archive.ubuntu.com/ubuntu/ precise-updates/main libssl-dev amd64 1.0.1-4ubuntu5.39 [1,580 kB]
            1% [1 libssl-dev 14.1 kB/1,580 kB 1%]                                     60% [Working]             Get:2 http://us.archive.ubuntu.com/ubuntu/ precise-updates/main libssl1.0.0 amd64 1.0.1-4ubuntu5.39 [1,054 kB]
             60% [2 libssl1.0.0 0 B/1,054 kB 0%]                                   100% [Working]              Fetched 2,634 kB in 0s (13.5 MB/s)
Preconfiguring packages ...
(Reading database ... (Reading database ... 5%(Reading database ... 10%(Reading database ... 15%(Reading database ... 20%(Reading database ... 25%(Reading database ... 30%(Reading database ... 35%(Reading database ... 40%(Reading database ... 45%(Reading database ... 50%(Reading database ... 55%(Reading database ... 60%(Reading database ... 65%(Reading database ... 70%(Reading database ... 75%(Reading database ... 80%(Reading database ... 85%(Reading database ... 90%(Reading database ... 95%(Reading database ... 100%(Reading database ... 72018 files and directories currently installed.)
Preparing to replace libssl-dev 1.0.1-4ubuntu5.21 (using .../libssl-dev_1.0.1-4ubuntu5.39_amd64.deb) ...
Unpacking replacement libssl-dev ...
Preparing to replace libssl1.0.0 1.0.1-4ubuntu5.21 (using .../libssl1.0.0_1.0.1-4ubuntu5.39_amd64.deb) ...
Unpacking replacement libssl1.0.0 ...
Setting up libssl1.0.0 (1.0.1-4ubuntu5.39) ...
Setting up libssl-dev (1.0.1-4ubuntu5.39) ...
Processing triggers for libc-bin ...
ldconfig deferred processing now taking place
travis_fold:end:update_libssl1.0.0[0K$ jdk_switcher use openjdk7
Switching to OpenJDK7 (java-1.7.0-openjdk-amd64), JAVA_HOME will be set to /usr/lib/jvm/java-7-openjdk-amd64
travis_fold:start:git.checkout[0Ktravis_time:start:0418d9c8[0K$ git clone --depth=50 https://github.com/openmicroscopy/bioformats.git openmicroscopy/bioformats
Cloning into 'openmicroscopy/bioformats'...
remote: Counting objects: 17657, done.[K
remote: Compressing objects:   0% (1/6138)   [Kremote: Compressing objects:   1% (62/6138)   [Kremote: Compressing objects:   2% (123/6138)   [Kremote: Compressing objects:   3% (185/6138)   [Kremote: Compressing objects:   4% (246/6138)   [Kremote: Compressing objects:   5% (307/6138)   [Kremote: Compressing objects:   6% (369/6138)   [Kremote: Compressing objects:   7% (430/6138)   [Kremote: Compressing objects:   8% (492/6138)   [Kremote: Compressing objects:   9% (553/6138)   [Kremote: Compressing objects:  10% (614/6138)   [Kremote: Compressing objects:  11% (676/6138)   [Kremote: Compressing objects:  12% (737/6138)   [Kremote: Compressing objects:  13% (798/6138)   [Kremote: Compressing objects:  14% (860/6138)   [Kremote: Compressing objects:  15% (921/6138)   [Kremote: Compressing objects:  16% (983/6138)   [Kremote: Compressing objects:  17% (1044/6138)   [Kremote: Compressing objects:  18% (1105/6138)   [Kremote: Compressing objects:  19% (1167/6138)   [Kremote: Compressing objects:  20% (1228/6138)   [Kremote: Compressing objects:  21% (1289/6138)   [Kremote: Compressing objects:  22% (1351/6138)   [Kremote: Compressing objects:  23% (1412/6138)   [Kremote: Compressing objects:  24% (1474/6138)   [Kremote: Compressing objects:  25% (1535/6138)   [Kremote: Compressing objects:  26% (1596/6138)   [Kremote: Compressing objects:  27% (1658/6138)   [Kremote: Compressing objects:  28% (1719/6138)   [Kremote: Compressing objects:  29% (1781/6138)   [Kremote: Compressing objects:  30% (1842/6138)   [Kremote: Compressing objects:  31% (1903/6138)   [Kremote: Compressing objects:  32% (1965/6138)   [Kremote: Compressing objects:  33% (2026/6138)   [Kremote: Compressing objects:  34% (2087/6138)   [Kremote: Compressing objects:  35% (2149/6138)   [Kremote: Compressing objects:  36% (2210/6138)   [Kremote: Compressing objects:  37% (2272/6138)   [Kremote: Compressing objects:  38% (2333/6138)   [Kremote: Compressing objects:  38% (2358/6138)   [Kremote: Compressing objects:  39% (2394/6138)   [Kremote: Compressing objects:  40% (2456/6138)   [Kremote: Compressing objects:  41% (2517/6138)   [Kremote: Compressing objects:  42% (2578/6138)   [Kremote: Compressing objects:  43% (2640/6138)   [Kremote: Compressing objects:  44% (2701/6138)   [Kremote: Compressing objects:  45% (2763/6138)   [Kremote: Compressing objects:  46% (2824/6138)   [Kremote: Compressing objects:  47% (2885/6138)   [Kremote: Compressing objects:  48% (2947/6138)   [Kremote: Compressing objects:  49% (3008/6138)   [Kremote: Compressing objects:  50% (3069/6138)   [Kremote: Compressing objects:  51% (3131/6138)   [Kremote: Compressing objects:  52% (3192/6138)   [Kremote: Compressing objects:  53% (3254/6138)   [Kremote: Compressing objects:  54% (3315/6138)   [Kremote: Compressing objects:  55% (3376/6138)   [Kremote: Compressing objects:  56% (3438/6138)   [Kremote: Compressing objects:  57% (3499/6138)   [Kremote: Compressing objects:  58% (3561/6138)   [Kremote: Compressing objects:  59% (3622/6138)   [Kremote: Compressing objects:  60% (3683/6138)   [Kremote: Compressing objects:  61% (3745/6138)   [Kremote: Compressing objects:  62% (3806/6138)   [Kremote: Compressing objects:  63% (3867/6138)   [Kremote: Compressing objects:  64% (3929/6138)   [Kremote: Compressing objects:  65% (3990/6138)   [Kremote: Compressing objects:  66% (4052/6138)   [Kremote: Compressing objects:  67% (4113/6138)   [Kremote: Compressing objects:  68% (4174/6138)   [Kremote: Compressing objects:  69% (4236/6138)   [Kremote: Compressing objects:  70% (4297/6138)   [Kremote: Compressing objects:  71% (4358/6138)   [Kremote: Compressing objects:  72% (4420/6138)   [Kremote: Compressing objects:  73% (4481/6138)   [Kremote: Compressing objects:  74% (4543/6138)   [Kremote: Compressing objects:  75% (4604/6138)   [Kremote: Compressing objects:  76% (4665/6138)   [Kremote: Compressing objects:  77% (4727/6138)   [Kremote: Compressing objects:  78% (4788/6138)   [Kremote: Compressing objects:  79% (4850/6138)   [Kremote: Compressing objects:  80% (4911/6138)   [Kremote: Compressing objects:  81% (4972/6138)   [Kremote: Compressing objects:  82% (5034/6138)   [Kremote: Compressing objects:  83% (5095/6138)   [Kremote: Compressing objects:  84% (5156/6138)   [Kremote: Compressing objects:  85% (5218/6138)   [Kremote: Compressing objects:  86% (5279/6138)   [Kremote: Compressing objects:  87% (5341/6138)   [Kremote: Compressing objects:  88% (5402/6138)   [Kremote: Compressing objects:  89% (5463/6138)   [Kremote: Compressing objects:  90% (5525/6138)   [Kremote: Compressing objects:  91% (5586/6138)   [Kremote: Compressing objects:  92% (5647/6138)   [Kremote: Compressing objects:  93% (5709/6138)   [Kremote: Compressing objects:  94% (5770/6138)   [Kremote: Compressing objects:  95% (5832/6138)   [Kremote: Compressing objects:  96% (5893/6138)   [Kremote: Compressing objects:  97% (5954/6138)   [Kremote: Compressing objects:  98% (6016/6138)   [Kremote: Compressing objects:  99% (6077/6138)   [Kremote: Compressing objects: 100% (6138/6138)   [Kremote: Compressing objects: 100% (6138/6138), done.[K
Receiving objects:   0% (1/17657)   Receiving objects:   1% (177/17657)   Receiving objects:   2% (354/17657)   Receiving objects:   3% (530/17657)   Receiving objects:   4% (707/17657)   Receiving objects:   5% (883/17657)   Receiving objects:   6% (1060/17657)   Receiving objects:   7% (1236/17657)   Receiving objects:   8% (1413/17657)   Receiving objects:   9% (1590/17657)   Receiving objects:  10% (1766/17657)   Receiving objects:  11% (1943/17657)   Receiving objects:  12% (2119/17657)   Receiving objects:  13% (2296/17657)   Receiving objects:  14% (2472/17657)   Receiving objects:  15% (2649/17657)   Receiving objects:  16% (2826/17657)   Receiving objects:  17% (3002/17657)   Receiving objects:  18% (3179/17657)   Receiving objects:  19% (3355/17657)   Receiving objects:  20% (3532/17657)   Receiving objects:  21% (3708/17657)   Receiving objects:  22% (3885/17657)   Receiving objects:  23% (4062/17657)   Receiving objects:  24% (4238/17657)   Receiving objects:  25% (4415/17657)   Receiving objects:  26% (4591/17657)   Receiving objects:  27% (4768/17657)   Receiving objects:  28% (4944/17657)   Receiving objects:  29% (5121/17657)   Receiving objects:  30% (5298/17657)   Receiving objects:  31% (5474/17657)   Receiving objects:  32% (5651/17657)   Receiving objects:  33% (5827/17657)   Receiving objects:  34% (6004/17657)   Receiving objects:  35% (6180/17657)   Receiving objects:  36% (6357/17657)   Receiving objects:  37% (6534/17657)   Receiving objects:  38% (6710/17657)   Receiving objects:  39% (6887/17657)   Receiving objects:  40% (7063/17657)   Receiving objects:  41% (7240/17657)   Receiving objects:  42% (7416/17657)   Receiving objects:  43% (7593/17657)   Receiving objects:  44% (7770/17657), 3.55 MiB | 7.08 MiB/s   Receiving objects:  45% (7946/17657), 3.55 MiB | 7.08 MiB/s   Receiving objects:  46% (8123/17657), 3.55 MiB | 7.08 MiB/s   Receiving objects:  47% (8299/17657), 3.55 MiB | 7.08 MiB/s   Receiving objects:  48% (8476/17657), 3.55 MiB | 7.08 MiB/s   Receiving objects:  49% (8652/17657), 3.55 MiB | 7.08 MiB/s   Receiving objects:  50% (8829/17657), 3.55 MiB | 7.08 MiB/s   Receiving objects:  51% (9006/17657), 3.55 MiB | 7.08 MiB/s   Receiving objects:  52% (9182/17657), 3.55 MiB | 7.08 MiB/s   Receiving objects:  53% (9359/17657), 3.55 MiB | 7.08 MiB/s   Receiving objects:  54% (9535/17657), 3.55 MiB | 7.08 MiB/s   Receiving objects:  55% (9712/17657), 3.55 MiB | 7.08 MiB/s   Receiving objects:  56% (9888/17657), 3.55 MiB | 7.08 MiB/s   Receiving objects:  57% (10065/17657), 3.55 MiB | 7.08 MiB/s   Receiving objects:  58% (10242/17657), 3.55 MiB | 7.08 MiB/s   Receiving objects:  59% (10418/17657), 3.55 MiB | 7.08 MiB/s   Receiving objects:  60% (10595/17657), 3.55 MiB | 7.08 MiB/s   Receiving objects:  61% (10771/17657), 3.55 MiB | 7.08 MiB/s   Receiving objects:  61% (10800/17657), 3.55 MiB | 7.08 MiB/s   Receiving objects:  62% (10948/17657), 7.93 MiB | 7.91 MiB/s   Receiving objects:  63% (11124/17657), 7.93 MiB | 7.91 MiB/s   Receiving objects:  64% (11301/17657), 7.93 MiB | 7.91 MiB/s   Receiving objects:  65% (11478/17657), 7.93 MiB | 7.91 MiB/s   Receiving objects:  66% (11654/17657), 7.93 MiB | 7.91 MiB/s   Receiving objects:  67% (11831/17657), 7.93 MiB | 7.91 MiB/s   Receiving objects:  68% (12007/17657), 7.93 MiB | 7.91 MiB/s   Receiving objects:  69% (12184/17657), 7.93 MiB | 7.91 MiB/s   Receiving objects:  70% (12360/17657), 7.93 MiB | 7.91 MiB/s   Receiving objects:  71% (12537/17657), 7.93 MiB | 7.91 MiB/s   Receiving objects:  72% (12714/17657), 7.93 MiB | 7.91 MiB/s   Receiving objects:  73% (12890/17657), 7.93 MiB | 7.91 MiB/s   Receiving objects:  74% (13067/17657), 7.93 MiB | 7.91 MiB/s   Receiving objects:  75% (13243/17657), 7.93 MiB | 7.91 MiB/s   Receiving objects:  76% (13420/17657), 7.93 MiB | 7.91 MiB/s   Receiving objects:  77% (13596/17657), 7.93 MiB | 7.91 MiB/s   Receiving objects:  78% (13773/17657), 7.93 MiB | 7.91 MiB/s   Receiving objects:  79% (13950/17657), 7.93 MiB | 7.91 MiB/s   Receiving objects:  80% (14126/17657), 7.93 MiB | 7.91 MiB/s   Receiving objects:  81% (14303/17657), 7.93 MiB | 7.91 MiB/s   Receiving objects:  82% (14479/17657), 7.93 MiB | 7.91 MiB/s   Receiving objects:  83% (14656/17657), 7.93 MiB | 7.91 MiB/s   Receiving objects:  84% (14832/17657), 7.93 MiB | 7.91 MiB/s   Receiving objects:  85% (15009/17657), 7.93 MiB | 7.91 MiB/s   Receiving objects:  86% (15186/17657), 13.07 MiB | 8.70 MiB/s   Receiving objects:  87% (15362/17657), 13.07 MiB | 8.70 MiB/s   Receiving objects:  88% (15539/17657), 13.07 MiB | 8.70 MiB/s   Receiving objects:  89% (15715/17657), 13.07 MiB | 8.70 MiB/s   Receiving objects:  90% (15892/17657), 13.07 MiB | 8.70 MiB/s   Receiving objects:  91% (16068/17657), 13.07 MiB | 8.70 MiB/s   Receiving objects:  92% (16245/17657), 13.07 MiB | 8.70 MiB/s   Receiving objects:  93% (16422/17657), 13.07 MiB | 8.70 MiB/s   Receiving objects:  93% (16430/17657), 17.99 MiB | 8.97 MiB/s   Receiving objects:  93% (16440/17657), 23.57 MiB | 9.41 MiB/s   Receiving objects:  94% (16598/17657), 34.57 MiB | 9.86 MiB/s   Receiving objects:  95% (16775/17657), 34.57 MiB | 9.86 MiB/s   Receiving objects:  96% (16951/17657), 34.57 MiB | 9.86 MiB/s   Receiving objects:  97% (17128/17657), 34.57 MiB | 9.86 MiB/s   Receiving objects:  98% (17304/17657), 34.57 MiB | 9.86 MiB/s   Receiving objects:  99% (17481/17657), 34.57 MiB | 9.86 MiB/s   remote: Total 17657 (delta 11685), reused 14328 (delta 9583), pack-reused 0[K
Receiving objects:  99% (17656/17657), 34.57 MiB | 9.86 MiB/s   Receiving objects: 100% (17657/17657), 34.57 MiB | 9.86 MiB/s   Receiving objects: 100% (17657/17657), 39.85 MiB | 9.86 MiB/s, done.
Resolving deltas:   0% (0/11685)   Resolving deltas:   1% (118/11685)   Resolving deltas:   2% (235/11685)   Resolving deltas:   3% (357/11685)   Resolving deltas:   4% (493/11685)   Resolving deltas:   5% (602/11685)   Resolving deltas:   6% (766/11685)   Resolving deltas:   7% (854/11685)   Resolving deltas:   8% (935/11685)   Resolving deltas:  10% (1192/11685)   Resolving deltas:  11% (1329/11685)   Resolving deltas:  12% (1410/11685)   Resolving deltas:  13% (1621/11685)   Resolving deltas:  14% (1636/11685)   Resolving deltas:  16% (1871/11685)   Resolving deltas:  17% (1996/11685)   Resolving deltas:  18% (2141/11685)   Resolving deltas:  19% (2221/11685)   Resolving deltas:  20% (2378/11685)   Resolving deltas:  22% (2626/11685)   Resolving deltas:  23% (2704/11685)   Resolving deltas:  24% (2826/11685)   Resolving deltas:  25% (2929/11685)   Resolving deltas:  26% (3060/11685)   Resolving deltas:  27% (3162/11685)   Resolving deltas:  28% (3285/11685)   Resolving deltas:  29% (3389/11685)   Resolving deltas:  30% (3517/11685)   Resolving deltas:  31% (3687/11685)   Resolving deltas:  32% (3769/11685)   Resolving deltas:  33% (3861/11685)   Resolving deltas:  37% (4357/11685)   Resolving deltas:  38% (4445/11685)   Resolving deltas:  39% (4562/11685)   Resolving deltas:  40% (4732/11685)   Resolving deltas:  41% (4792/11685)   Resolving deltas:  42% (4908/11685)   Resolving deltas:  43% (5027/11685)   Resolving deltas:  44% (5154/11685)   Resolving deltas:  45% (5294/11685)   Resolving deltas:  46% (5437/11685)   Resolving deltas:  47% (5506/11685)   Resolving deltas:  48% (5621/11685)   Resolving deltas:  49% (5762/11685)   Resolving deltas:  50% (5897/11685)   Resolving deltas:  51% (5966/11685)   Resolving deltas:  52% (6120/11685)   Resolving deltas:  53% (6196/11685)   Resolving deltas:  54% (6350/11685)   Resolving deltas:  55% (6427/11685)   Resolving deltas:  56% (6544/11685)   Resolving deltas:  57% (6698/11685)   Resolving deltas:  59% (6896/11685)   Resolving deltas:  60% (7054/11685)   Resolving deltas:  61% (7133/11685)   Resolving deltas:  62% (7245/11685)   Resolving deltas:  63% (7378/11685)   Resolving deltas:  64% (7526/11685)   Resolving deltas:  65% (7602/11685)   Resolving deltas:  66% (7714/11685)   Resolving deltas:  67% (7829/11685)   Resolving deltas:  68% (7949/11685)   Resolving deltas:  69% (8069/11685)   Resolving deltas:  70% (8182/11685)   Resolving deltas:  71% (8300/11685)   Resolving deltas:  72% (8414/11685)   Resolving deltas:  73% (8531/11685)   Resolving deltas:  74% (8658/11685)   Resolving deltas:  75% (8767/11685)   Resolving deltas:  76% (8885/11685)   Resolving deltas:  77% (8998/11685)   Resolving deltas:  78% (9120/11685)   Resolving deltas:  79% (9236/11685)   Resolving deltas:  80% (9351/11685)   Resolving deltas:  81% (9466/11685)   Resolving deltas:  82% (9582/11685)   Resolving deltas:  83% (9721/11685)   Resolving deltas:  84% (9816/11685)   Resolving deltas:  85% (9937/11685)   Resolving deltas:  86% (10125/11685)   Resolving deltas:  87% (10166/11685)   Resolving deltas:  88% (10283/11685)   Resolving deltas:  89% (10409/11685)   Resolving deltas:  90% (10517/11685)   Resolving deltas:  91% (10656/11685)   Resolving deltas:  92% (10768/11685)   Resolving deltas:  93% (10870/11685)   Resolving deltas:  94% (10993/11685)   Resolving deltas:  95% (11108/11685)   Resolving deltas:  96% (11223/11685)   Resolving deltas:  97% (11335/11685)   Resolving deltas:  98% (11452/11685)   Resolving deltas:  99% (11576/11685)   Resolving deltas: 100% (11685/11685)   Resolving deltas: 100% (11685/11685), done.
Checking connectivity... done.

travis_time:end:0418d9c8:start=1499856294475860041,finish=1499856302892089530,duration=8416229489[0K$ cd openmicroscopy/bioformats
travis_time:start:1a2202cd[0K$ git fetch origin +refs/pull/2891/merge:
remote: Counting objects: 40, done.[K
remote: Compressing objects:   5% (1/19)   [Kremote: Compressing objects:  10% (2/19)   [Kremote: Compressing objects:  15% (3/19)   [Kremote: Compressing objects:  21% (4/19)   [Kremote: Compressing objects:  26% (5/19)   [Kremote: Compressing objects:  31% (6/19)   [Kremote: Compressing objects:  36% (7/19)   [Kremote: Compressing objects:  42% (8/19)   [Kremote: Compressing objects:  47% (9/19)   [Kremote: Compressing objects:  52% (10/19)   [Kremote: Compressing objects:  57% (11/19)   [Kremote: Compressing objects:  63% (12/19)   [Kremote: Compressing objects:  68% (13/19)   [Kremote: Compressing objects:  73% (14/19)   [Kremote: Compressing objects:  78% (15/19)   [Kremote: Compressing objects:  84% (16/19)   [Kremote: Compressing objects:  89% (17/19)   [Kremote: Compressing objects:  94% (18/19)   [Kremote: Compressing objects: 100% (19/19)   [Kremote: Compressing objects: 100% (19/19), done.[K
remote: Total 40 (delta 28), reused 26 (delta 17), pack-reused 0[K
Unpacking objects:   2% (1/40)   Unpacking objects:   5% (2/40)   Unpacking objects:   7% (3/40)   Unpacking objects:  10% (4/40)   Unpacking objects:  12% (5/40)   Unpacking objects:  15% (6/40)   Unpacking objects:  17% (7/40)   Unpacking objects:  20% (8/40)   Unpacking objects:  22% (9/40)   Unpacking objects:  25% (10/40)   Unpacking objects:  27% (11/40)   Unpacking objects:  30% (12/40)   Unpacking objects:  32% (13/40)   Unpacking objects:  35% (14/40)   Unpacking objects:  37% (15/40)   Unpacking objects:  40% (16/40)   Unpacking objects:  42% (17/40)   Unpacking objects:  45% (18/40)   Unpacking objects:  47% (19/40)   Unpacking objects:  50% (20/40)   Unpacking objects:  52% (21/40)   Unpacking objects:  55% (22/40)   Unpacking objects:  57% (23/40)   Unpacking objects:  60% (24/40)   Unpacking objects:  62% (25/40)   Unpacking objects:  65% (26/40)   Unpacking objects:  67% (27/40)   Unpacking objects:  70% (28/40)   Unpacking objects:  72% (29/40)   Unpacking objects:  75% (30/40)   Unpacking objects:  77% (31/40)   Unpacking objects:  80% (32/40)   Unpacking objects:  82% (33/40)   Unpacking objects:  85% (34/40)   Unpacking objects:  87% (35/40)   Unpacking objects:  90% (36/40)   Unpacking objects:  92% (37/40)   Unpacking objects:  95% (38/40)   Unpacking objects:  97% (39/40)   Unpacking objects: 100% (40/40)   Unpacking objects: 100% (40/40), done.
From https://github.com/openmicroscopy/bioformats
 * branch            refs/pull/2891/merge -> FETCH_HEAD

travis_time:end:1a2202cd:start=1499856302906054621,finish=1499856303964479900,duration=1058425279[0K$ git checkout -qf FETCH_HEAD
travis_fold:end:git.checkout[0Ktravis_fold:start:apt[0K[33;1mInstalling APT Packages (BETA)[0m
$ export DEBIAN_FRONTEND=noninteractive
travis_time:start:09dc7ec8[0K$ sudo -E apt-get -yq update &>> ~/apt-get-update.log

travis_time:end:09dc7ec8:start=1499856304477574522,finish=1499856312865393512,duration=8387818990[0Ktravis_time:start:15de5330[0K$ sudo -E apt-get -yq --no-install-suggests --no-install-recommends --force-yes install git
Reading package lists...
Building dependency tree...
Reading state information...
git is already the newest version.
0 upgraded, 0 newly installed, 0 to remove and 276 not upgraded.

travis_time:end:15de5330:start=1499856312884129387,finish=1499856317432187443,duration=4548058056[0Ktravis_fold:end:apt[0K
[33;1mSetting environment variables from .travis.yml[0m
$ export BUILD=maven

travis_fold:start:cache.1[0KSetting up build cache
$ export CASHER_DIR=$HOME/.casher
travis_time:start:12cf60e8[0K$ Installing caching utilities

travis_time:end:12cf60e8:start=1499856324812259219,finish=1499856324878169500,duration=65910281[0Ktravis_time:start:0fda686f[0K
travis_time:end:0fda686f:start=1499856324900297078,finish=1499856324908829154,duration=8532076[0Ktravis_time:start:070e93fb[0K[32;1mattempting to download cache archive[0m
[32;1mfetching PR.2891/cache-linux-precise-88fbed0d40bfb9b01c38c186b1c215b169687c1a4021c8539c308386aa6268d6--jdk-openjdk7.tgz[0m
[32;1mfound cache[0m

travis_time:end:070e93fb:start=1499856324924264980,finish=1499856345585370233,duration=20661105253[0Ktravis_time:start:0ca93f1c[0K
travis_time:end:0ca93f1c:start=1499856345596213627,finish=1499856345604281215,duration=8067588[0Ktravis_time:start:163a3f9d[0K[32;1madding /home/travis/.m2 to cache[0m

travis_time:end:163a3f9d:start=1499856345616245667,finish=1499856368376321085,duration=22760075418[0Ktravis_fold:end:cache.1[0K$ java -Xmx32m -version
java version "1.7.0_75"
OpenJDK Runtime Environment (IcedTea 2.5.4) (7u75-2.5.4-1~precise1)
OpenJDK 64-Bit Server VM (build 24.75-b04, mixed mode)
$ javac -J-Xmx32m -version
javac 1.7.0_75
travis_fold:start:before_install[0Ktravis_time:start:0c8c0e45[0K$ if [[ $BUILD == 'ant' ]]; then pip install --user flake8 Sphinx; fi

travis_time:end:0c8c0e45:start=1499856369340339707,finish=1499856369351494791,duration=11155084[0Ktravis_fold:end:before_install[0Ktravis_fold:start:install[0Ktravis_time:start:0e693877[0K$ mvn install -DskipTests=true -Dmaven.javadoc.skip=true -B -V
Apache Maven 3.2.5 (12a6b3acb947671f09b81f49094c53f426d8cea1; 2014-12-14T17:29:23+00:00)
Maven home: /usr/local/maven
Java version: 1.7.0_75, vendor: Oracle Corporation
Java home: /usr/lib/jvm/java-7-openjdk-amd64/jre
Default locale: en_US, platform encoding: UTF-8
OS name: "linux", version: "4.8.12-040812-generic", arch: "amd64", family: "unix"
[INFO] Scanning for projects...
[INFO] ------------------------------------------------------------------------
[INFO] Reactor Build Order:
[INFO] 
[INFO] Bio-Formats projects
[INFO] JAI Image I/O Tools
[INFO] libjpeg-turbo Java bindings
[INFO] Bio-Formats API
[INFO] BSD Bio-Formats readers and writers
[INFO] Bio-Formats library
[INFO] Bio-Formats code generator
[INFO] Bio-Formats Plugins for ImageJ
[INFO] Bio-Formats command line tools
[INFO] bioformats_package bundle
[INFO] LOCI Tools bundle
[INFO] Bio-Formats testing framework
[INFO] Bio-Formats Sphinx documentation
[INFO]                                                                         
[INFO] ------------------------------------------------------------------------
[INFO] Building Bio-Formats projects 5.6.0-SNAPSHOT
[INFO] ------------------------------------------------------------------------
[INFO] 
[INFO] --- buildnumber-maven-plugin:1.2:create (default) @ pom-bio-formats ---
[INFO] Checking for local modifications: skipped.
[INFO] Updating project files from SCM: skipped.
[INFO] Executing: /bin/sh -c cd /home/travis/build/openmicroscopy/bioformats && git rev-parse --verify HEAD
[INFO] Working directory: /home/travis/build/openmicroscopy/bioformats
[INFO] Storing buildNumber: c27be7238bf53e0b6444be2e070207e5ff2e50af at timestamp: 1499856379013
[INFO] Executing: /bin/sh -c cd /home/travis/build/openmicroscopy/bioformats && git rev-parse --verify HEAD
[INFO] Working directory: /home/travis/build/openmicroscopy/bioformats
[INFO] Storing buildScmBranch: UNKNOWN
[INFO] 
[INFO] >>> maven-source-plugin:2.2.1:jar (default) > generate-sources @ pom-bio-formats >>>
[INFO] 
[INFO] --- buildnumber-maven-plugin:1.2:create (default) @ pom-bio-formats ---
[INFO] 
[INFO] <<< maven-source-plugin:2.2.1:jar (default) < generate-sources @ pom-bio-formats <<<
[INFO] 
[INFO] --- maven-source-plugin:2.2.1:jar (default) @ pom-bio-formats ---
[INFO] 
[INFO] --- maven-install-plugin:2.5.1:install (default-install) @ pom-bio-formats ---
[INFO] Installing /home/travis/build/openmicroscopy/bioformats/pom.xml to /home/travis/.m2/repository/ome/pom-bio-formats/5.6.0-SNAPSHOT/pom-bio-formats-5.6.0-SNAPSHOT.pom
[INFO]                                                                         
[INFO] ------------------------------------------------------------------------
[INFO] Building JAI Image I/O Tools 5.6.0-SNAPSHOT
[INFO] ------------------------------------------------------------------------
[INFO] 
[INFO] --- buildnumber-maven-plugin:1.2:create (default) @ jai_imageio ---
[INFO] 
[INFO] --- maven-resources-plugin:2.6:resources (default-resources) @ jai_imageio ---
[INFO] Using 'UTF-8' encoding to copy filtered resources.
[INFO] Copying 14 resources
[INFO] skip non existing resourceDirectory /home/travis/build/openmicroscopy/bioformats/components/forks/jai/lib
[INFO] Copying 0 resource
[INFO] Copying 0 resource
[INFO] 
[INFO] --- maven-compiler-plugin:3.1:compile (default-compile) @ jai_imageio ---
[INFO] Changes detected - recompiling the module!
[INFO] Compiling 320 source files to /home/travis/build/openmicroscopy/bioformats/components/forks/jai/target/classes
[WARNING] /home/travis/build/openmicroscopy/bioformats/components/forks/jai/src/com/sun/media/imageioimpl/plugins/pnm/PNMImageReader.java:[132,39] sun.security.action.GetPropertyAction is internal proprietary API and may be removed in a future release
[WARNING] /home/travis/build/openmicroscopy/bioformats/components/forks/jai/src/com/sun/media/imageioimpl/plugins/pnm/PNMImageWriter.java:[144,39] sun.security.action.GetPropertyAction is internal proprietary API and may be removed in a future release
[WARNING] /home/travis/build/openmicroscopy/bioformats/components/forks/jai/src/com/sun/media/imageioimpl/plugins/gif/GIFImageWriterSpi.java: Some input files use or override a deprecated API.
[WARNING] /home/travis/build/openmicroscopy/bioformats/components/forks/jai/src/com/sun/media/imageioimpl/plugins/gif/GIFImageWriterSpi.java: Recompile with -Xlint:deprecation for details.
[WARNING] /home/travis/build/openmicroscopy/bioformats/components/forks/jai/src/com/sun/media/imageioimpl/plugins/wbmp/WBMPImageReader.java: Some input files use unchecked or unsafe operations.
[WARNING] /home/travis/build/openmicroscopy/bioformats/components/forks/jai/src/com/sun/media/imageioimpl/plugins/wbmp/WBMPImageReader.java: Recompile with -Xlint:unchecked for details.
[INFO] 
[INFO] --- maven-resources-plugin:2.6:testResources (default-testResources) @ jai_imageio ---
[INFO] Using 'UTF-8' encoding to copy filtered resources.
[INFO] skip non existing resourceDirectory /home/travis/build/openmicroscopy/bioformats/components/forks/jai/test
[INFO] 
[INFO] --- maven-compiler-plugin:3.1:testCompile (default-testCompile) @ jai_imageio ---
[INFO] No sources to compile
[INFO] 
[INFO] --- maven-surefire-plugin:2.16:test (default-test) @ jai_imageio ---
[INFO] Tests are skipped.
[INFO] 
[INFO] --- maven-jar-plugin:2.4:jar (default-jar) @ jai_imageio ---
[INFO] Building jar: /home/travis/build/openmicroscopy/bioformats/components/forks/jai/target/jai_imageio-5.6.0-SNAPSHOT.jar
[INFO] 
[INFO] >>> maven-source-plugin:2.2.1:jar (default) > generate-sources @ jai_imageio >>>
[INFO] 
[INFO] --- buildnumber-maven-plugin:1.2:create (default) @ jai_imageio ---
[INFO] 
[INFO] <<< maven-source-plugin:2.2.1:jar (default) < generate-sources @ jai_imageio <<<
[INFO] 
[INFO] --- maven-source-plugin:2.2.1:jar (default) @ jai_imageio ---
[INFO] Building jar: /home/travis/build/openmicroscopy/bioformats/components/forks/jai/target/jai_imageio-5.6.0-SNAPSHOT-sources.jar
[INFO] 
[INFO] --- maven-jar-plugin:2.4:test-jar (default) @ jai_imageio ---
[INFO] Skipping packaging of the test-jar
[INFO] 
[INFO] --- maven-install-plugin:2.5.1:install (default-install) @ jai_imageio ---
[INFO] Installing /home/travis/build/openmicroscopy/bioformats/components/forks/jai/target/jai_imageio-5.6.0-SNAPSHOT.jar to /home/travis/.m2/repository/ome/jai_imageio/5.6.0-SNAPSHOT/jai_imageio-5.6.0-SNAPSHOT.jar
[INFO] Installing /home/travis/build/openmicroscopy/bioformats/components/forks/jai/pom.xml to /home/travis/.m2/repository/ome/jai_imageio/5.6.0-SNAPSHOT/jai_imageio-5.6.0-SNAPSHOT.pom
[INFO] Installing /home/travis/build/openmicroscopy/bioformats/components/forks/jai/target/jai_imageio-5.6.0-SNAPSHOT-sources.jar to /home/travis/.m2/repository/ome/jai_imageio/5.6.0-SNAPSHOT/jai_imageio-5.6.0-SNAPSHOT-sources.jar
[INFO]                                                                         
[INFO] ------------------------------------------------------------------------
[INFO] Building libjpeg-turbo Java bindings 5.6.0-SNAPSHOT
[INFO] ------------------------------------------------------------------------
[INFO] 
[INFO] --- buildnumber-maven-plugin:1.2:create (default) @ turbojpeg ---
[INFO] 
[INFO] --- maven-resources-plugin:2.6:resources (default-resources) @ turbojpeg ---
[INFO] Using 'UTF-8' encoding to copy filtered resources.
[INFO] Copying 0 resource
[INFO] Copying 7 resources to META-INF/lib
[INFO] Copying 0 resource
[INFO] Copying 0 resource
[INFO] 
[INFO] --- maven-compiler-plugin:3.1:compile (default-compile) @ turbojpeg ---
[INFO] Changes detected - recompiling the module!
[INFO] Compiling 10 source files to /home/travis/build/openmicroscopy/bioformats/components/forks/turbojpeg/target/classes
[INFO] 
[INFO] --- maven-resources-plugin:2.6:testResources (default-testResources) @ turbojpeg ---
[INFO] Using 'UTF-8' encoding to copy filtered resources.
[INFO] skip non existing resourceDirectory /home/travis/build/openmicroscopy/bioformats/components/forks/turbojpeg/test
[INFO] 
[INFO] --- maven-compiler-plugin:3.1:testCompile (default-testCompile) @ turbojpeg ---
[INFO] No sources to compile
[INFO] 
[INFO] --- maven-surefire-plugin:2.16:test (default-test) @ turbojpeg ---
[INFO] Tests are skipped.
[INFO] 
[INFO] --- maven-jar-plugin:2.4:jar (default-jar) @ turbojpeg ---
[INFO] Building jar: /home/travis/build/openmicroscopy/bioformats/components/forks/turbojpeg/target/turbojpeg-5.6.0-SNAPSHOT.jar
[INFO] 
[INFO] >>> maven-source-plugin:2.2.1:jar (default) > generate-sources @ turbojpeg >>>
[INFO] 
[INFO] --- buildnumber-maven-plugin:1.2:create (default) @ turbojpeg ---
[INFO] 
[INFO] <<< maven-source-plugin:2.2.1:jar (default) < generate-sources @ turbojpeg <<<
[INFO] 
[INFO] --- maven-source-plugin:2.2.1:jar (default) @ turbojpeg ---
[INFO] Building jar: /home/travis/build/openmicroscopy/bioformats/components/forks/turbojpeg/target/turbojpeg-5.6.0-SNAPSHOT-sources.jar
[INFO] 
[INFO] --- maven-jar-plugin:2.4:test-jar (default) @ turbojpeg ---
[INFO] Skipping packaging of the test-jar
[INFO] 
[INFO] --- maven-install-plugin:2.5.1:install (default-install) @ turbojpeg ---
[INFO] Installing /home/travis/build/openmicroscopy/bioformats/components/forks/turbojpeg/target/turbojpeg-5.6.0-SNAPSHOT.jar to /home/travis/.m2/repository/ome/turbojpeg/5.6.0-SNAPSHOT/turbojpeg-5.6.0-SNAPSHOT.jar
[INFO] Installing /home/travis/build/openmicroscopy/bioformats/components/forks/turbojpeg/pom.xml to /home/travis/.m2/repository/ome/turbojpeg/5.6.0-SNAPSHOT/turbojpeg-5.6.0-SNAPSHOT.pom
[INFO] Installing /home/travis/build/openmicroscopy/bioformats/components/forks/turbojpeg/target/turbojpeg-5.6.0-SNAPSHOT-sources.jar to /home/travis/.m2/repository/ome/turbojpeg/5.6.0-SNAPSHOT/turbojpeg-5.6.0-SNAPSHOT-sources.jar
[INFO]                                                                         
[INFO] ------------------------------------------------------------------------
[INFO] Building Bio-Formats API 5.6.0-SNAPSHOT
[INFO] ------------------------------------------------------------------------
[INFO] 
[INFO] --- buildnumber-maven-plugin:1.2:create (default) @ formats-api ---
[INFO] 
[INFO] --- maven-resources-plugin:2.6:resources (default-resources) @ formats-api ---
[INFO] Using 'UTF-8' encoding to copy filtered resources.
[INFO] Copying 2 resources
[INFO] Copying 0 resource
[INFO] Copying 0 resource
[INFO] 
[INFO] --- maven-compiler-plugin:3.1:compile (default-compile) @ formats-api ---
[INFO] Changes detected - recompiling the module!
[INFO] Compiling 43 source files to /home/travis/build/openmicroscopy/bioformats/components/formats-api/target/classes
[WARNING] /home/travis/build/openmicroscopy/bioformats/components/formats-api/src/loci/formats/FormatTools.java: /home/travis/build/openmicroscopy/bioformats/components/formats-api/src/loci/formats/FormatTools.java uses or overrides a deprecated API.
[WARNING] /home/travis/build/openmicroscopy/bioformats/components/formats-api/src/loci/formats/FormatTools.java: Recompile with -Xlint:deprecation for details.
[WARNING] /home/travis/build/openmicroscopy/bioformats/components/formats-api/src/loci/formats/services/OMEXMLServiceImpl.java: Some input files use unchecked or unsafe operations.
[WARNING] /home/travis/build/openmicroscopy/bioformats/components/formats-api/src/loci/formats/services/OMEXMLServiceImpl.java: Recompile with -Xlint:unchecked for details.
[INFO] 
[INFO] --- maven-resources-plugin:2.6:testResources (default-testResources) @ formats-api ---
[INFO] Using 'UTF-8' encoding to copy filtered resources.
[INFO] Copying 2 resources
[INFO] 
[INFO] --- maven-compiler-plugin:3.1:testCompile (default-testCompile) @ formats-api ---
[INFO] Changes detected - recompiling the module!
[INFO] Compiling 4 source files to /home/travis/build/openmicroscopy/bioformats/components/formats-api/target/test-classes
[INFO] 
[INFO] --- maven-surefire-plugin:2.16:test (default-test) @ formats-api ---
[INFO] Tests are skipped.
[INFO] 
[INFO] --- maven-jar-plugin:2.4:jar (default-jar) @ formats-api ---
[INFO] Building jar: /home/travis/build/openmicroscopy/bioformats/components/formats-api/target/formats-api-5.6.0-SNAPSHOT.jar
[INFO] 
[INFO] >>> maven-source-plugin:2.2.1:jar (default) > generate-sources @ formats-api >>>
[INFO] 
[INFO] --- buildnumber-maven-plugin:1.2:create (default) @ formats-api ---
[INFO] 
[INFO] <<< maven-source-plugin:2.2.1:jar (default) < generate-sources @ formats-api <<<
[INFO] 
[INFO] --- maven-source-plugin:2.2.1:jar (default) @ formats-api ---
[INFO] Building jar: /home/travis/build/openmicroscopy/bioformats/components/formats-api/target/formats-api-5.6.0-SNAPSHOT-sources.jar
[INFO] 
[INFO] --- maven-jar-plugin:2.4:test-jar (default) @ formats-api ---
[INFO] Building jar: /home/travis/build/openmicroscopy/bioformats/components/formats-api/target/formats-api-5.6.0-SNAPSHOT-tests.jar
[INFO] 
[INFO] --- maven-install-plugin:2.5.1:install (default-install) @ formats-api ---
[INFO] Installing /home/travis/build/openmicroscopy/bioformats/components/formats-api/target/formats-api-5.6.0-SNAPSHOT.jar to /home/travis/.m2/repository/ome/formats-api/5.6.0-SNAPSHOT/formats-api-5.6.0-SNAPSHOT.jar
[INFO] Installing /home/travis/build/openmicroscopy/bioformats/components/formats-api/pom.xml to /home/travis/.m2/repository/ome/formats-api/5.6.0-SNAPSHOT/formats-api-5.6.0-SNAPSHOT.pom
[INFO] Installing /home/travis/build/openmicroscopy/bioformats/components/formats-api/target/formats-api-5.6.0-SNAPSHOT-sources.jar to /home/travis/.m2/repository/ome/formats-api/5.6.0-SNAPSHOT/formats-api-5.6.0-SNAPSHOT-sources.jar
[INFO] Installing /home/travis/build/openmicroscopy/bioformats/components/formats-api/target/formats-api-5.6.0-SNAPSHOT-tests.jar to /home/travis/.m2/repository/ome/formats-api/5.6.0-SNAPSHOT/formats-api-5.6.0-SNAPSHOT-tests.jar
[INFO]                                                                         
[INFO] ------------------------------------------------------------------------
[INFO] Building BSD Bio-Formats readers and writers 5.6.0-SNAPSHOT
[INFO] ------------------------------------------------------------------------
[INFO] 
[INFO] --- buildnumber-maven-plugin:1.2:create (default) @ formats-bsd ---
[INFO] 
[INFO] --- maven-resources-plugin:2.6:resources (default-resources) @ formats-bsd ---
[INFO] Using 'UTF-8' encoding to copy filtered resources.
[INFO] Copying 0 resource
[INFO] Copying 0 resource
[INFO] 
[INFO] --- maven-compiler-plugin:3.1:compile (default-compile) @ formats-bsd ---
[INFO] Changes detected - recompiling the module!
[INFO] Compiling 161 source files to /home/travis/build/openmicroscopy/bioformats/components/formats-bsd/target/classes
[WARNING] /home/travis/build/openmicroscopy/bioformats/components/formats-bsd/src/loci/formats/gui/LegacyQTTools.java: Some input files use or override a deprecated API.
[WARNING] /home/travis/build/openmicroscopy/bioformats/components/formats-bsd/src/loci/formats/gui/LegacyQTTools.java: Recompile with -Xlint:deprecation for details.
[WARNING] /home/travis/build/openmicroscopy/bioformats/components/formats-bsd/src/loci/formats/cache/CacheStrategy.java: Some input files use unchecked or unsafe operations.
[WARNING] /home/travis/build/openmicroscopy/bioformats/components/formats-bsd/src/loci/formats/cache/CacheStrategy.java: Recompile with -Xlint:unchecked for details.
[INFO] 
[INFO] --- maven-resources-plugin:2.6:testResources (default-testResources) @ formats-bsd ---
[INFO] Using 'UTF-8' encoding to copy filtered resources.
[INFO] Copying 11 resources
[INFO] 
[INFO] --- maven-compiler-plugin:3.1:testCompile (default-testCompile) @ formats-bsd ---
[INFO] Changes detected - recompiling the module!
[INFO] Compiling 71 source files to /home/travis/build/openmicroscopy/bioformats/components/formats-bsd/target/test-classes
[WARNING] /home/travis/build/openmicroscopy/bioformats/components/formats-bsd/test/loci/formats/utests/FileStitcherTest.java: Some input files use unchecked or unsafe operations.
[WARNING] /home/travis/build/openmicroscopy/bioformats/components/formats-bsd/test/loci/formats/utests/FileStitcherTest.java: Recompile with -Xlint:unchecked for details.
[INFO] 
[INFO] --- maven-surefire-plugin:2.16:test (default-test) @ formats-bsd ---
[INFO] Tests are skipped.
[INFO] 
[INFO] --- maven-jar-plugin:2.4:jar (default-jar) @ formats-bsd ---
[INFO] Building jar: /home/travis/build/openmicroscopy/bioformats/components/formats-bsd/target/formats-bsd-5.6.0-SNAPSHOT.jar
[INFO] 
[INFO] >>> maven-source-plugin:2.2.1:jar (default) > generate-sources @ formats-bsd >>>
[INFO] 
[INFO] --- buildnumber-maven-plugin:1.2:create (default) @ formats-bsd ---
[INFO] 
[INFO] <<< maven-source-plugin:2.2.1:jar (default) < generate-sources @ formats-bsd <<<
[INFO] 
[INFO] --- maven-source-plugin:2.2.1:jar (default) @ formats-bsd ---
[INFO] Building jar: /home/travis/build/openmicroscopy/bioformats/components/formats-bsd/target/formats-bsd-5.6.0-SNAPSHOT-sources.jar
[INFO] 
[INFO] --- maven-jar-plugin:2.4:test-jar (default) @ formats-bsd ---
[INFO] Building jar: /home/travis/build/openmicroscopy/bioformats/components/formats-bsd/target/formats-bsd-5.6.0-SNAPSHOT-tests.jar
[INFO] 
[INFO] --- maven-install-plugin:2.5.1:install (default-install) @ formats-bsd ---
[INFO] Installing /home/travis/build/openmicroscopy/bioformats/components/formats-bsd/target/formats-bsd-5.6.0-SNAPSHOT.jar to /home/travis/.m2/repository/ome/formats-bsd/5.6.0-SNAPSHOT/formats-bsd-5.6.0-SNAPSHOT.jar
[INFO] Installing /home/travis/build/openmicroscopy/bioformats/components/formats-bsd/pom.xml to /home/travis/.m2/repository/ome/formats-bsd/5.6.0-SNAPSHOT/formats-bsd-5.6.0-SNAPSHOT.pom
[INFO] Installing /home/travis/build/openmicroscopy/bioformats/components/formats-bsd/target/formats-bsd-5.6.0-SNAPSHOT-sources.jar to /home/travis/.m2/repository/ome/formats-bsd/5.6.0-SNAPSHOT/formats-bsd-5.6.0-SNAPSHOT-sources.jar
[INFO] Installing /home/travis/build/openmicroscopy/bioformats/components/formats-bsd/target/formats-bsd-5.6.0-SNAPSHOT-tests.jar to /home/travis/.m2/repository/ome/formats-bsd/5.6.0-SNAPSHOT/formats-bsd-5.6.0-SNAPSHOT-tests.jar
[INFO]                                                                         
[INFO] ------------------------------------------------------------------------
[INFO] Building Bio-Formats library 5.6.0-SNAPSHOT
[INFO] ------------------------------------------------------------------------
[INFO] 
[INFO] --- buildnumber-maven-plugin:1.2:create (default) @ formats-gpl ---
[INFO] 
[INFO] --- maven-resources-plugin:2.6:resources (default-resources) @ formats-gpl ---
[INFO] Using 'UTF-8' encoding to copy filtered resources.
[INFO] Copying 3 resources
[INFO] skip non existing resourceDirectory /home/travis/build/openmicroscopy/bioformats/components/formats-gpl/lib
[INFO] Copying 1 resource
[INFO] Copying 1 resource
[INFO] 
[INFO] --- maven-compiler-plugin:3.1:compile (default-compile) @ formats-gpl ---
[INFO] Changes detected - recompiling the module!
[INFO] Compiling 159 source files to /home/travis/build/openmicroscopy/bioformats/components/formats-gpl/target/classes
[WARNING] /home/travis/build/openmicroscopy/bioformats/components/formats-gpl/src/loci/formats/in/MIASReader.java: Some input files use or override a deprecated API.
[WARNING] /home/travis/build/openmicroscopy/bioformats/components/formats-gpl/src/loci/formats/in/MIASReader.java: Recompile with -Xlint:deprecation for details.
[WARNING] /home/travis/build/openmicroscopy/bioformats/components/formats-gpl/src/loci/formats/in/TCSReader.java: Some input files use unchecked or unsafe operations.
[WARNING] /home/travis/build/openmicroscopy/bioformats/components/formats-gpl/src/loci/formats/in/TCSReader.java: Recompile with -Xlint:unchecked for details.
[INFO] 
[INFO] --- maven-resources-plugin:2.6:testResources (default-testResources) @ formats-gpl ---
[INFO] Using 'UTF-8' encoding to copy filtered resources.
[INFO] Copying 26 resources
[INFO] 
[INFO] --- maven-compiler-plugin:3.1:testCompile (default-testCompile) @ formats-gpl ---
[INFO] Changes detected - recompiling the module!
[INFO] Compiling 26 source files to /home/travis/build/openmicroscopy/bioformats/components/formats-gpl/target/test-classes
[WARNING] /home/travis/build/openmicroscopy/bioformats/components/formats-gpl/test/loci/formats/utests/InOutCurrentTest.java: Some input files use unchecked or unsafe operations.
[WARNING] /home/travis/build/openmicroscopy/bioformats/components/formats-gpl/test/loci/formats/utests/InOutCurrentTest.java: Recompile with -Xlint:unchecked for details.
[INFO] 
[INFO] --- maven-surefire-plugin:2.16:test (default-test) @ formats-gpl ---
[INFO] Tests are skipped.
[INFO] 
[INFO] --- maven-surefire-plugin:2.16:test (missing-mdb-test) @ formats-gpl ---
[INFO] Tests are skipped.
[INFO] 
[INFO] --- maven-surefire-plugin:2.16:test (missing-poi-test) @ formats-gpl ---
[INFO] Tests are skipped.
[INFO] 
[INFO] --- maven-surefire-plugin:2.16:test (missing-netcdf-test) @ formats-gpl ---
[INFO] Tests are skipped.
[INFO] 
[INFO] --- maven-jar-plugin:2.4:jar (default-jar) @ formats-gpl ---
[INFO] Building jar: /home/travis/build/openmicroscopy/bioformats/components/formats-gpl/target/formats-gpl-5.6.0-SNAPSHOT.jar
[INFO] 
[INFO] >>> maven-source-plugin:2.2.1:jar (default) > generate-sources @ formats-gpl >>>
[INFO] 
[INFO] --- buildnumber-maven-plugin:1.2:create (default) @ formats-gpl ---
[INFO] 
[INFO] <<< maven-source-plugin:2.2.1:jar (default) < generate-sources @ formats-gpl <<<
[INFO] 
[INFO] --- maven-source-plugin:2.2.1:jar (default) @ formats-gpl ---
[INFO] Building jar: /home/travis/build/openmicroscopy/bioformats/components/formats-gpl/target/formats-gpl-5.6.0-SNAPSHOT-sources.jar
[INFO] 
[INFO] --- maven-jar-plugin:2.4:test-jar (default) @ formats-gpl ---
[INFO] Building jar: /home/travis/build/openmicroscopy/bioformats/components/formats-gpl/target/formats-gpl-5.6.0-SNAPSHOT-tests.jar
[INFO] 
[INFO] --- maven-install-plugin:2.5.1:install (default-install) @ formats-gpl ---
[INFO] Installing /home/travis/build/openmicroscopy/bioformats/components/formats-gpl/target/formats-gpl-5.6.0-SNAPSHOT.jar to /home/travis/.m2/repository/ome/formats-gpl/5.6.0-SNAPSHOT/formats-gpl-5.6.0-SNAPSHOT.jar
[INFO] Installing /home/travis/build/openmicroscopy/bioformats/components/formats-gpl/pom.xml to /home/travis/.m2/repository/ome/formats-gpl/5.6.0-SNAPSHOT/formats-gpl-5.6.0-SNAPSHOT.pom
[INFO] Installing /home/travis/build/openmicroscopy/bioformats/components/formats-gpl/target/formats-gpl-5.6.0-SNAPSHOT-sources.jar to /home/travis/.m2/repository/ome/formats-gpl/5.6.0-SNAPSHOT/formats-gpl-5.6.0-SNAPSHOT-sources.jar
[INFO] Installing /home/travis/build/openmicroscopy/bioformats/components/formats-gpl/target/formats-gpl-5.6.0-SNAPSHOT-tests.jar to /home/travis/.m2/repository/ome/formats-gpl/5.6.0-SNAPSHOT/formats-gpl-5.6.0-SNAPSHOT-tests.jar
[INFO]                                                                         
[INFO] ------------------------------------------------------------------------
[INFO] Building Bio-Formats code generator 5.6.0-SNAPSHOT
[INFO] ------------------------------------------------------------------------
[INFO] 
[INFO] --- buildnumber-maven-plugin:1.2:create (default) @ bf-autogen ---
[INFO] 
[INFO] --- maven-resources-plugin:2.6:resources (default-resources) @ bf-autogen ---
[INFO] Using 'UTF-8' encoding to copy filtered resources.
[INFO] Copying 11 resources
[INFO] skip non existing resourceDirectory /home/travis/build/openmicroscopy/bioformats/components/autogen/lib
[INFO] Copying 0 resource
[INFO] Copying 0 resource
[INFO] 
[INFO] --- maven-compiler-plugin:3.1:compile (default-compile) @ bf-autogen ---
[INFO] Changes detected - recompiling the module!
[INFO] Compiling 11 source files to /home/travis/build/openmicroscopy/bioformats/components/autogen/target/classes
[WARNING] /home/travis/build/openmicroscopy/bioformats/components/autogen/src/MetaSupportList.java: /home/travis/build/openmicroscopy/bioformats/components/autogen/src/MetaSupportList.java uses or overrides a deprecated API.
[WARNING] /home/travis/build/openmicroscopy/bioformats/components/autogen/src/MetaSupportList.java: Recompile with -Xlint:deprecation for details.
[WARNING] /home/travis/build/openmicroscopy/bioformats/components/autogen/src/OriginalMetadataAutogen.java: /home/travis/build/openmicroscopy/bioformats/components/autogen/src/OriginalMetadataAutogen.java uses unchecked or unsafe operations.
[WARNING] /home/travis/build/openmicroscopy/bioformats/components/autogen/src/OriginalMetadataAutogen.java: Recompile with -Xlint:unchecked for details.
[INFO] 
[INFO] --- maven-resources-plugin:2.6:testResources (default-testResources) @ bf-autogen ---
[INFO] Using 'UTF-8' encoding to copy filtered resources.
[INFO] skip non existing resourceDirectory /home/travis/build/openmicroscopy/bioformats/components/autogen/test
[INFO] 
[INFO] --- maven-compiler-plugin:3.1:testCompile (default-testCompile) @ bf-autogen ---
[INFO] No sources to compile
[INFO] 
[INFO] --- maven-surefire-plugin:2.16:test (default-test) @ bf-autogen ---
[INFO] Tests are skipped.
[INFO] 
[INFO] --- maven-jar-plugin:2.4:jar (default-jar) @ bf-autogen ---
[INFO] Building jar: /home/travis/build/openmicroscopy/bioformats/components/autogen/target/bf-autogen-5.6.0-SNAPSHOT.jar
[INFO] 
[INFO] >>> maven-source-plugin:2.2.1:jar (default) > generate-sources @ bf-autogen >>>
[INFO] 
[INFO] --- buildnumber-maven-plugin:1.2:create (default) @ bf-autogen ---
[INFO] 
[INFO] <<< maven-source-plugin:2.2.1:jar (default) < generate-sources @ bf-autogen <<<
[INFO] 
[INFO] --- maven-source-plugin:2.2.1:jar (default) @ bf-autogen ---
[INFO] Building jar: /home/travis/build/openmicroscopy/bioformats/components/autogen/target/bf-autogen-5.6.0-SNAPSHOT-sources.jar
[INFO] 
[INFO] --- maven-jar-plugin:2.4:test-jar (default) @ bf-autogen ---
[INFO] Skipping packaging of the test-jar
[INFO] 
[INFO] --- maven-install-plugin:2.5.1:install (default-install) @ bf-autogen ---
[INFO] Installing /home/travis/build/openmicroscopy/bioformats/components/autogen/target/bf-autogen-5.6.0-SNAPSHOT.jar to /home/travis/.m2/repository/ome/bf-autogen/5.6.0-SNAPSHOT/bf-autogen-5.6.0-SNAPSHOT.jar
[INFO] Installing /home/travis/build/openmicroscopy/bioformats/components/autogen/pom.xml to /home/travis/.m2/repository/ome/bf-autogen/5.6.0-SNAPSHOT/bf-autogen-5.6.0-SNAPSHOT.pom
[INFO] Installing /home/travis/build/openmicroscopy/bioformats/components/autogen/target/bf-autogen-5.6.0-SNAPSHOT-sources.jar to /home/travis/.m2/repository/ome/bf-autogen/5.6.0-SNAPSHOT/bf-autogen-5.6.0-SNAPSHOT-sources.jar
[INFO]                                                                         
[INFO] ------------------------------------------------------------------------
[INFO] Building Bio-Formats Plugins for ImageJ 5.6.0-SNAPSHOT
[INFO] ------------------------------------------------------------------------
[INFO] 
[INFO] --- buildnumber-maven-plugin:1.2:create (default) @ bio-formats_plugins ---
[INFO] 
[INFO] --- maven-resources-plugin:2.6:resources (default-resources) @ bio-formats_plugins ---
[INFO] Using 'UTF-8' encoding to copy filtered resources.
[INFO] Copying 3 resources
[INFO] skip non existing resourceDirectory /home/travis/build/openmicroscopy/bioformats/components/bio-formats-plugins/lib
[INFO] Copying 0 resource
[INFO] Copying 0 resource
[INFO] 
[INFO] --- maven-compiler-plugin:3.1:compile (default-compile) @ bio-formats_plugins ---
[INFO] Changes detected - recompiling the module!
[INFO] Compiling 73 source files to /home/travis/build/openmicroscopy/bioformats/components/bio-formats-plugins/target/classes
[WARNING] /home/travis/build/openmicroscopy/bioformats/components/bio-formats-plugins/src/loci/plugins/in/DisplayHandler.java: Some input files use or override a deprecated API.
[WARNING] /home/travis/build/openmicroscopy/bioformats/components/bio-formats-plugins/src/loci/plugins/in/DisplayHandler.java: Recompile with -Xlint:deprecation for details.
[WARNING] /home/travis/build/openmicroscopy/bioformats/components/bio-formats-plugins/src/loci/plugins/config/ConfigWindow.java: /home/travis/build/openmicroscopy/bioformats/components/bio-formats-plugins/src/loci/plugins/config/ConfigWindow.java uses unchecked or unsafe operations.
[WARNING] /home/travis/build/openmicroscopy/bioformats/components/bio-formats-plugins/src/loci/plugins/config/ConfigWindow.java: Recompile with -Xlint:unchecked for details.
[INFO] 
[INFO] --- maven-resources-plugin:2.6:testResources (default-testResources) @ bio-formats_plugins ---
[INFO] Using 'UTF-8' encoding to copy filtered resources.
[INFO] Copying 1 resource
[INFO] 
[INFO] --- maven-compiler-plugin:3.1:testCompile (default-testCompile) @ bio-formats_plugins ---
[INFO] Changes detected - recompiling the module!
[INFO] Compiling 3 source files to /home/travis/build/openmicroscopy/bioformats/components/bio-formats-plugins/target/test-classes
[INFO] 
[INFO] --- maven-surefire-plugin:2.16:test (default-test) @ bio-formats_plugins ---
[INFO] Tests are skipped.
[INFO] 
[INFO] --- maven-jar-plugin:2.4:jar (default-jar) @ bio-formats_plugins ---
[INFO] Building jar: /home/travis/build/openmicroscopy/bioformats/components/bio-formats-plugins/target/bio-formats_plugins-5.6.0-SNAPSHOT.jar
[INFO] 
[INFO] >>> maven-source-plugin:2.2.1:jar (default) > generate-sources @ bio-formats_plugins >>>
[INFO] 
[INFO] --- buildnumber-maven-plugin:1.2:create (default) @ bio-formats_plugins ---
[INFO] 
[INFO] <<< maven-source-plugin:2.2.1:jar (default) < generate-sources @ bio-formats_plugins <<<
[INFO] 
[INFO] --- maven-source-plugin:2.2.1:jar (default) @ bio-formats_plugins ---
[INFO] Building jar: /home/travis/build/openmicroscopy/bioformats/components/bio-formats-plugins/target/bio-formats_plugins-5.6.0-SNAPSHOT-sources.jar
[INFO] 
[INFO] --- maven-jar-plugin:2.4:test-jar (default) @ bio-formats_plugins ---
[INFO] Building jar: /home/travis/build/openmicroscopy/bioformats/components/bio-formats-plugins/target/bio-formats_plugins-5.6.0-SNAPSHOT-tests.jar
[INFO] 
[INFO] --- maven-install-plugin:2.5.1:install (default-install) @ bio-formats_plugins ---
[INFO] Installing /home/travis/build/openmicroscopy/bioformats/components/bio-formats-plugins/target/bio-formats_plugins-5.6.0-SNAPSHOT.jar to /home/travis/.m2/repository/ome/bio-formats_plugins/5.6.0-SNAPSHOT/bio-formats_plugins-5.6.0-SNAPSHOT.jar
[INFO] Installing /home/travis/build/openmicroscopy/bioformats/components/bio-formats-plugins/pom.xml to /home/travis/.m2/repository/ome/bio-formats_plugins/5.6.0-SNAPSHOT/bio-formats_plugins-5.6.0-SNAPSHOT.pom
[INFO] Installing /home/travis/build/openmicroscopy/bioformats/components/bio-formats-plugins/target/bio-formats_plugins-5.6.0-SNAPSHOT-sources.jar to /home/travis/.m2/repository/ome/bio-formats_plugins/5.6.0-SNAPSHOT/bio-formats_plugins-5.6.0-SNAPSHOT-sources.jar
[INFO] Installing /home/travis/build/openmicroscopy/bioformats/components/bio-formats-plugins/target/bio-formats_plugins-5.6.0-SNAPSHOT-tests.jar to /home/travis/.m2/repository/ome/bio-formats_plugins/5.6.0-SNAPSHOT/bio-formats_plugins-5.6.0-SNAPSHOT-tests.jar
[INFO]                                                                         
[INFO] ------------------------------------------------------------------------
[INFO] Building Bio-Formats command line tools 5.6.0-SNAPSHOT
[INFO] ------------------------------------------------------------------------
[INFO] 
[INFO] --- buildnumber-maven-plugin:1.2:create (default) @ bio-formats-tools ---
[INFO] 
[INFO] --- maven-resources-plugin:2.6:resources (default-resources) @ bio-formats-tools ---
[INFO] Using 'UTF-8' encoding to copy filtered resources.
[INFO] Copying 0 resource
[INFO] skip non existing resourceDirectory /home/travis/build/openmicroscopy/bioformats/components/bio-formats-tools/lib
[INFO] Copying 0 resource
[INFO] Copying 0 resource
[INFO] 
[INFO] --- maven-compiler-plugin:3.1:compile (default-compile) @ bio-formats-tools ---
[INFO] Changes detected - recompiling the module!
[INFO] Compiling 9 source files to /home/travis/build/openmicroscopy/bioformats/components/bio-formats-tools/target/classes
[INFO] 
[INFO] --- maven-resources-plugin:2.6:testResources (default-testResources) @ bio-formats-tools ---
[INFO] Using 'UTF-8' encoding to copy filtered resources.
[INFO] Copying 1 resource
[INFO] 
[INFO] --- maven-compiler-plugin:3.1:testCompile (default-testCompile) @ bio-formats-tools ---
[INFO] Changes detected - recompiling the module!
[INFO] Compiling 1 source file to /home/travis/build/openmicroscopy/bioformats/components/bio-formats-tools/target/test-classes
[INFO] 
[INFO] --- maven-surefire-plugin:2.16:test (default-test) @ bio-formats-tools ---
[INFO] Tests are skipped.
[INFO] 
[INFO] --- maven-jar-plugin:2.4:jar (default-jar) @ bio-formats-tools ---
[INFO] Building jar: /home/travis/build/openmicroscopy/bioformats/components/bio-formats-tools/target/bio-formats-tools-5.6.0-SNAPSHOT.jar
[INFO] 
[INFO] >>> maven-source-plugin:2.2.1:jar (default) > generate-sources @ bio-formats-tools >>>
[INFO] 
[INFO] --- buildnumber-maven-plugin:1.2:create (default) @ bio-formats-tools ---
[INFO] 
[INFO] <<< maven-source-plugin:2.2.1:jar (default) < generate-sources @ bio-formats-tools <<<
[INFO] 
[INFO] --- maven-source-plugin:2.2.1:jar (default) @ bio-formats-tools ---
[INFO] Building jar: /home/travis/build/openmicroscopy/bioformats/components/bio-formats-tools/target/bio-formats-tools-5.6.0-SNAPSHOT-sources.jar
[INFO] 
[INFO] --- maven-jar-plugin:2.4:test-jar (default) @ bio-formats-tools ---
[INFO] Building jar: /home/travis/build/openmicroscopy/bioformats/components/bio-formats-tools/target/bio-formats-tools-5.6.0-SNAPSHOT-tests.jar
[INFO] 
[INFO] --- maven-install-plugin:2.5.1:install (default-install) @ bio-formats-tools ---
[INFO] Installing /home/travis/build/openmicroscopy/bioformats/components/bio-formats-tools/target/bio-formats-tools-5.6.0-SNAPSHOT.jar to /home/travis/.m2/repository/ome/bio-formats-tools/5.6.0-SNAPSHOT/bio-formats-tools-5.6.0-SNAPSHOT.jar
[INFO] Installing /home/travis/build/openmicroscopy/bioformats/components/bio-formats-tools/pom.xml to /home/travis/.m2/repository/ome/bio-formats-tools/5.6.0-SNAPSHOT/bio-formats-tools-5.6.0-SNAPSHOT.pom
[INFO] Installing /home/travis/build/openmicroscopy/bioformats/components/bio-formats-tools/target/bio-formats-tools-5.6.0-SNAPSHOT-sources.jar to /home/travis/.m2/repository/ome/bio-formats-tools/5.6.0-SNAPSHOT/bio-formats-tools-5.6.0-SNAPSHOT-sources.jar
[INFO] Installing /home/travis/build/openmicroscopy/bioformats/components/bio-formats-tools/target/bio-formats-tools-5.6.0-SNAPSHOT-tests.jar to /home/travis/.m2/repository/ome/bio-formats-tools/5.6.0-SNAPSHOT/bio-formats-tools-5.6.0-SNAPSHOT-tests.jar
[INFO]                                                                         
[INFO] ------------------------------------------------------------------------
[INFO] Building bioformats_package bundle 5.6.0-SNAPSHOT
[INFO] ------------------------------------------------------------------------
[INFO] 
[INFO] --- buildnumber-maven-plugin:1.2:create (default) @ bioformats_package ---
[INFO] 
[INFO] >>> maven-source-plugin:2.2.1:jar (default) > generate-sources @ bioformats_package >>>
[INFO] 
[INFO] --- buildnumber-maven-plugin:1.2:create (default) @ bioformats_package ---
[INFO] 
[INFO] <<< maven-source-plugin:2.2.1:jar (default) < generate-sources @ bioformats_package <<<
[INFO] 
[INFO] --- maven-source-plugin:2.2.1:jar (default) @ bioformats_package ---
[INFO] 
[INFO] --- maven-assembly-plugin:2.4:single (make-assembly) @ bioformats_package ---
[INFO] Reading assembly descriptor: assembly.xml
[WARNING] The following patterns were never triggered in this artifact exclusion filter:
o  'gov.nih.imagej:imagej'
o  'net.imagej:ij'
o  'org.springframework:spring*'
o  'aopalliance:aopalliance'
o  'org.aspectj:aspectj*'
o  'org.slf4j:slf4j-log4j12'
o  'log4j:log4j'
o  'org.testng:testng'
o  'com.beust:jcommander'
o  'org.yaml:snakeyaml'
o  'org.beanshell:bsh'
o  'edu.princeton.cup:java-cup'
o  'org.apache.bcel:bcel'
o  'commons-codec:commons-codec'
o  'regexp:regexp'
o  'org.apache.ant:ant-trax'
o  'edu.ucar:udunits'
o  'javax.servlet:servlet-api'

[INFO] Downloading: http://download.oracle.com/maven/edu/ucar/thredds-parent/4.3.22/thredds-parent-4.3.22.pom
[INFO] Downloading: http://repo.maven.apache.org/maven2/edu/ucar/thredds-parent/4.3.22/thredds-parent-4.3.22.pom
[INFO] Downloading: https://oss.sonatype.org/content/repositories/releases/edu/ucar/thredds-parent/4.3.22/thredds-parent-4.3.22.pom
[INFO] Downloading: https://repository.apache.org/releases/edu/ucar/thredds-parent/4.3.22/thredds-parent-4.3.22.pom
[INFO] Downloading: http://artifacts.openmicroscopy.org/artifactory/maven/edu/ucar/thredds-parent/4.3.22/thredds-parent-4.3.22.pom
[INFO] Building jar: /home/travis/build/openmicroscopy/bioformats/components/bundles/bioformats_package/target/bioformats_package-5.6.0-SNAPSHOT.jar
[INFO] 
[INFO] --- maven-install-plugin:2.5.1:install (default-install) @ bioformats_package ---
[INFO] Installing /home/travis/build/openmicroscopy/bioformats/components/bundles/bioformats_package/pom.xml to /home/travis/.m2/repository/ome/bioformats_package/5.6.0-SNAPSHOT/bioformats_package-5.6.0-SNAPSHOT.pom
[INFO] Installing /home/travis/build/openmicroscopy/bioformats/components/bundles/bioformats_package/target/bioformats_package-5.6.0-SNAPSHOT.jar to /home/travis/.m2/repository/ome/bioformats_package/5.6.0-SNAPSHOT/bioformats_package-5.6.0-SNAPSHOT.jar
[INFO]                                                                         
[INFO] ------------------------------------------------------------------------
[INFO] Building LOCI Tools bundle 5.6.0-SNAPSHOT
[INFO] ------------------------------------------------------------------------
[INFO] 
[INFO] --- buildnumber-maven-plugin:1.2:create (default) @ loci_tools ---
[INFO] 
[INFO] >>> maven-source-plugin:2.2.1:jar (default) > generate-sources @ loci_tools >>>
[INFO] 
[INFO] --- buildnumber-maven-plugin:1.2:create (default) @ loci_tools ---
[INFO] 
[INFO] <<< maven-source-plugin:2.2.1:jar (default) < generate-sources @ loci_tools <<<
[INFO] 
[INFO] --- maven-source-plugin:2.2.1:jar (default) @ loci_tools ---
[INFO] 
[INFO] --- maven-assembly-plugin:2.4:single (make-assembly) @ loci_tools ---
[INFO] Reading assembly descriptor: assembly.xml
[WARNING] The following patterns were never triggered in this artifact exclusion filter:
o  'gov.nih.imagej:imagej'
o  'net.imagej:ij'
o  'org.testng:testng'
o  'com.beust:jcommander'
o  'org.yaml:snakeyaml'
o  'org.beanshell:bsh'
o  'edu.princeton.cup:java-cup'
o  'org.apache.bcel:bcel'
o  'commons-codec:commons-codec'
o  'regexp:regexp'
o  'org.apache.ant:ant-trax'
o  'edu.ucar:udunits'
o  'javax.servlet:servlet-api'

[INFO] Building jar: /home/travis/build/openmicroscopy/bioformats/components/bundles/loci_tools/target/loci_tools-5.6.0-SNAPSHOT.jar
[INFO] 
[INFO] --- maven-install-plugin:2.5.1:install (default-install) @ loci_tools ---
[INFO] Installing /home/travis/build/openmicroscopy/bioformats/components/bundles/loci_tools/pom.xml to /home/travis/.m2/repository/ome/loci_tools/5.6.0-SNAPSHOT/loci_tools-5.6.0-SNAPSHOT.pom
[INFO] Installing /home/travis/build/openmicroscopy/bioformats/components/bundles/loci_tools/target/loci_tools-5.6.0-SNAPSHOT.jar to /home/travis/.m2/repository/ome/loci_tools/5.6.0-SNAPSHOT/loci_tools-5.6.0-SNAPSHOT.jar
[INFO]                                                                         
[INFO] ------------------------------------------------------------------------
[INFO] Building Bio-Formats testing framework 5.6.0-SNAPSHOT
[INFO] ------------------------------------------------------------------------
[INFO] 
[INFO] --- buildnumber-maven-plugin:1.2:create (default) @ test-suite ---
[INFO] 
[INFO] --- maven-resources-plugin:2.6:resources (default-resources) @ test-suite ---
[INFO] Using 'UTF-8' encoding to copy filtered resources.
[INFO] Copying 0 resource
[INFO] skip non existing resourceDirectory /home/travis/build/openmicroscopy/bioformats/components/test-suite/lib
[INFO] Copying 0 resource
[INFO] Copying 0 resource
[INFO] 
[INFO] --- maven-compiler-plugin:3.1:compile (default-compile) @ test-suite ---
[INFO] Changes detected - recompiling the module!
[INFO] Compiling 21 source files to /home/travis/build/openmicroscopy/bioformats/components/test-suite/target/classes
[WARNING] /home/travis/build/openmicroscopy/bioformats/components/test-suite/src/loci/tests/testng/OrderingListener.java: /home/travis/build/openmicroscopy/bioformats/components/test-suite/src/loci/tests/testng/OrderingListener.java uses or overrides a deprecated API.
[WARNING] /home/travis/build/openmicroscopy/bioformats/components/test-suite/src/loci/tests/testng/OrderingListener.java: Recompile with -Xlint:deprecation for details.
[WARNING] /home/travis/build/openmicroscopy/bioformats/components/test-suite/src/loci/tests/testng/FormatWriterTestFactory.java: Some input files use unchecked or unsafe operations.
[WARNING] /home/travis/build/openmicroscopy/bioformats/components/test-suite/src/loci/tests/testng/FormatWriterTestFactory.java: Recompile with -Xlint:unchecked for details.
[INFO] 
[INFO] --- maven-resources-plugin:2.6:testResources (default-testResources) @ test-suite ---
[INFO] Using 'UTF-8' encoding to copy filtered resources.
[INFO] skip non existing resourceDirectory /home/travis/build/openmicroscopy/bioformats/components/test-suite/test
[INFO] 
[INFO] --- maven-compiler-plugin:3.1:testCompile (default-testCompile) @ test-suite ---
[INFO] No sources to compile
[INFO] 
[INFO] --- maven-surefire-plugin:2.16:test (default-test) @ test-suite ---
[INFO] Tests are skipped.
[INFO] 
[INFO] --- maven-jar-plugin:2.4:jar (default-jar) @ test-suite ---
[INFO] Building jar: /home/travis/build/openmicroscopy/bioformats/components/test-suite/target/test-suite-5.6.0-SNAPSHOT.jar
[INFO] 
[INFO] >>> maven-source-plugin:2.2.1:jar (default) > generate-sources @ test-suite >>>
[INFO] 
[INFO] --- buildnumber-maven-plugin:1.2:create (default) @ test-suite ---
[INFO] 
[INFO] <<< maven-source-plugin:2.2.1:jar (default) < generate-sources @ test-suite <<<
[INFO] 
[INFO] --- maven-source-plugin:2.2.1:jar (default) @ test-suite ---
[INFO] Building jar: /home/travis/build/openmicroscopy/bioformats/components/test-suite/target/test-suite-5.6.0-SNAPSHOT-sources.jar
[INFO] 
[INFO] --- maven-jar-plugin:2.4:test-jar (default) @ test-suite ---
[INFO] Skipping packaging of the test-jar
[INFO] 
[INFO] --- maven-install-plugin:2.5.1:install (default-install) @ test-suite ---
[INFO] Installing /home/travis/build/openmicroscopy/bioformats/components/test-suite/target/test-suite-5.6.0-SNAPSHOT.jar to /home/travis/.m2/repository/ome/test-suite/5.6.0-SNAPSHOT/test-suite-5.6.0-SNAPSHOT.jar
[INFO] Installing /home/travis/build/openmicroscopy/bioformats/components/test-suite/pom.xml to /home/travis/.m2/repository/ome/test-suite/5.6.0-SNAPSHOT/test-suite-5.6.0-SNAPSHOT.pom
[INFO] Installing /home/travis/build/openmicroscopy/bioformats/components/test-suite/target/test-suite-5.6.0-SNAPSHOT-sources.jar to /home/travis/.m2/repository/ome/test-suite/5.6.0-SNAPSHOT/test-suite-5.6.0-SNAPSHOT-sources.jar
[INFO]                                                                         
[INFO] ------------------------------------------------------------------------
[INFO] Building Bio-Formats Sphinx documentation 5.6.0-SNAPSHOT
[INFO] ------------------------------------------------------------------------
[INFO] 
[INFO] --- buildnumber-maven-plugin:1.2:create (default) @ formats-docs ---
[INFO] 
[INFO] --- maven-resources-plugin:2.6:resources (default-resources) @ formats-docs ---
[INFO] Using 'UTF-8' encoding to copy filtered resources.
[INFO] Copying 4 resources
[INFO] 
[INFO] --- maven-compiler-plugin:3.1:compile (default-compile) @ formats-docs ---
[INFO] Changes detected - recompiling the module!
[INFO] Compiling 10 source files to /home/travis/build/openmicroscopy/bioformats/docs/sphinx/target/classes
[INFO] 
[INFO] --- maven-resources-plugin:2.6:testResources (default-testResources) @ formats-docs ---
[INFO] Using 'UTF-8' encoding to copy filtered resources.
[INFO] skip non existing resourceDirectory /home/travis/build/openmicroscopy/bioformats/docs/sphinx/test
[INFO] 
[INFO] --- maven-compiler-plugin:3.1:testCompile (default-testCompile) @ formats-docs ---
[INFO] No sources to compile
[INFO] 
[INFO] --- maven-surefire-plugin:2.16:test (default-test) @ formats-docs ---
[INFO] Tests are skipped.
[INFO] 
[INFO] >>> exec-maven-plugin:1.2.1:java (default) > validate @ formats-docs >>>
[INFO] 
[INFO] --- buildnumber-maven-plugin:1.2:create (default) @ formats-docs ---
[INFO] 
[INFO] <<< exec-maven-plugin:1.2.1:java (default) < validate @ formats-docs <<<
[INFO] 
[INFO] --- exec-maven-plugin:1.2.1:java (default) @ formats-docs ---
Executing ReadPhysicalSize
Physical calibration - Image: 0
	X = 1.0 nm = 0.001 µm
	Y = 0.1 µm = 0.1 µm
Success
Executing FileConvert
Success
Executing FileExport
Success
Executing FileExportSPW
Success
Executing SimpleTiledWriter
Success
Executing TiledReaderWriter
Success
Executing TiledReaderWriter
Success
Executing OverlappedTiledWriter
Success
Executing OverlappedTiledWriter
Success
Executing ReadWriteInMemory
Reading file into memory from disk...
0 bytes read.

Reading image data from memory...
Series count: 1
First series:
	Image count = 1
	SizeX = 512
	SizeY = 512
	SizeZ = 1
	SizeC = 1
	SizeT = 1

Writing planes to destination in memory: .

Flushing image data to disk...
Success
Executing OrthogonalReader
2017-07-12 10:47:37,750 [ExampleSuite.main()] INFO  loci.formats.ImageReader - FakeReader initializing /home/travis/build/openmicroscopy/bioformats/docs/sphinx/target/classes/test.fake
Success
[INFO] 
[INFO] --- maven-jar-plugin:2.4:jar (default-jar) @ formats-docs ---
[INFO] Building jar: /home/travis/build/openmicroscopy/bioformats/docs/sphinx/target/formats-docs-5.6.0-SNAPSHOT.jar
[INFO] 
[INFO] >>> maven-source-plugin:2.2.1:jar (default) > generate-sources @ formats-docs >>>
[INFO] 
[INFO] --- buildnumber-maven-plugin:1.2:create (default) @ formats-docs ---
[INFO] 
[INFO] <<< maven-source-plugin:2.2.1:jar (default) < generate-sources @ formats-docs <<<
[INFO] 
[INFO] --- maven-source-plugin:2.2.1:jar (default) @ formats-docs ---
[INFO] Building jar: /home/travis/build/openmicroscopy/bioformats/docs/sphinx/target/formats-docs-5.6.0-SNAPSHOT-sources.jar
[INFO] 
[INFO] --- maven-jar-plugin:2.4:test-jar (default) @ formats-docs ---
[INFO] Skipping packaging of the test-jar
[INFO] 
[INFO] --- maven-install-plugin:2.5.1:install (default-install) @ formats-docs ---
[INFO] Skipping artifact installation
[INFO] ------------------------------------------------------------------------
[INFO] Reactor Summary:
[INFO] 
[INFO] Bio-Formats projects ............................... SUCCESS [  2.133 s]
[INFO] JAI Image I/O Tools ................................ SUCCESS [ 17.435 s]
[INFO] libjpeg-turbo Java bindings ........................ SUCCESS [  1.880 s]
[INFO] Bio-Formats API .................................... SUCCESS [  2.123 s]
[INFO] BSD Bio-Formats readers and writers ................ SUCCESS [  8.650 s]
[INFO] Bio-Formats library ................................ SUCCESS [  6.550 s]
[INFO] Bio-Formats code generator ......................... SUCCESS [  0.575 s]
[INFO] Bio-Formats Plugins for ImageJ ..................... SUCCESS [  1.805 s]
[INFO] Bio-Formats command line tools ..................... SUCCESS [  0.860 s]
[INFO] bioformats_package bundle .......................... SUCCESS [ 21.134 s]
[INFO] LOCI Tools bundle .................................. SUCCESS [ 10.849 s]
[INFO] Bio-Formats testing framework ...................... SUCCESS [  0.744 s]
[INFO] Bio-Formats Sphinx documentation ................... SUCCESS [ 11.700 s]
[INFO] ------------------------------------------------------------------------
[INFO] BUILD SUCCESS
[INFO] ------------------------------------------------------------------------
[INFO] Total time: 01:27 min
[INFO] Finished at: 2017-07-12T10:47:44+00:00
[INFO] Final Memory: 43M/504M
[INFO] ------------------------------------------------------------------------

travis_time:end:0e693877:start=1499856369364405650,finish=1499856465252443171,duration=95888037521[0Ktravis_fold:end:install[0Ktravis_time:start:139f2e40[0K$ ./tools/test-build $BUILD
+maven
+mvn
[INFO] Scanning for projects...
[INFO] ------------------------------------------------------------------------
[INFO] Reactor Build Order:
[INFO] 
[INFO] Bio-Formats projects
[INFO] JAI Image I/O Tools
[INFO] libjpeg-turbo Java bindings
[INFO] Bio-Formats API
[INFO] BSD Bio-Formats readers and writers
[INFO] Bio-Formats library
[INFO] Bio-Formats code generator
[INFO] Bio-Formats Plugins for ImageJ
[INFO] Bio-Formats command line tools
[INFO] bioformats_package bundle
[INFO] LOCI Tools bundle
[INFO] Bio-Formats testing framework
[INFO] Bio-Formats Sphinx documentation
[INFO]                                                                         
[INFO] ------------------------------------------------------------------------
[INFO] Building Bio-Formats projects 5.6.0-SNAPSHOT
[INFO] ------------------------------------------------------------------------
[INFO] 
[INFO] --- buildnumber-maven-plugin:1.2:create (default) @ pom-bio-formats ---
[INFO] Checking for local modifications: skipped.
[INFO] Updating project files from SCM: skipped.
[INFO] Executing: /bin/sh -c cd /home/travis/build/openmicroscopy/bioformats && git rev-parse --verify HEAD
[INFO] Working directory: /home/travis/build/openmicroscopy/bioformats
[INFO] Storing buildNumber: c27be7238bf53e0b6444be2e070207e5ff2e50af at timestamp: 1499856471603
[INFO] Executing: /bin/sh -c cd /home/travis/build/openmicroscopy/bioformats && git rev-parse --verify HEAD
[INFO] Working directory: /home/travis/build/openmicroscopy/bioformats
[INFO] Storing buildScmBranch: UNKNOWN
[INFO] 
[INFO] >>> maven-source-plugin:2.2.1:jar (default) > generate-sources @ pom-bio-formats >>>
[INFO] 
[INFO] --- buildnumber-maven-plugin:1.2:create (default) @ pom-bio-formats ---
[INFO] 
[INFO] <<< maven-source-plugin:2.2.1:jar (default) < generate-sources @ pom-bio-formats <<<
[INFO] 
[INFO] --- maven-source-plugin:2.2.1:jar (default) @ pom-bio-formats ---
[INFO] 
[INFO] --- maven-install-plugin:2.5.1:install (default-install) @ pom-bio-formats ---
[INFO] Installing /home/travis/build/openmicroscopy/bioformats/pom.xml to /home/travis/.m2/repository/ome/pom-bio-formats/5.6.0-SNAPSHOT/pom-bio-formats-5.6.0-SNAPSHOT.pom
[INFO]                                                                         
[INFO] ------------------------------------------------------------------------
[INFO] Building JAI Image I/O Tools 5.6.0-SNAPSHOT
[INFO] ------------------------------------------------------------------------
[INFO] 
[INFO] --- buildnumber-maven-plugin:1.2:create (default) @ jai_imageio ---
[INFO] 
[INFO] --- maven-resources-plugin:2.6:resources (default-resources) @ jai_imageio ---
[INFO] Using 'UTF-8' encoding to copy filtered resources.
[INFO] Copying 14 resources
[INFO] skip non existing resourceDirectory /home/travis/build/openmicroscopy/bioformats/components/forks/jai/lib
[INFO] Copying 0 resource
[INFO] Copying 0 resource
[INFO] 
[INFO] --- maven-compiler-plugin:3.1:compile (default-compile) @ jai_imageio ---
[INFO] Nothing to compile - all classes are up to date
[INFO] 
[INFO] --- maven-resources-plugin:2.6:testResources (default-testResources) @ jai_imageio ---
[INFO] Using 'UTF-8' encoding to copy filtered resources.
[INFO] skip non existing resourceDirectory /home/travis/build/openmicroscopy/bioformats/components/forks/jai/test
[INFO] 
[INFO] --- maven-compiler-plugin:3.1:testCompile (default-testCompile) @ jai_imageio ---
[INFO] No sources to compile
[INFO] 
[INFO] --- maven-surefire-plugin:2.16:test (default-test) @ jai_imageio ---
[INFO] No tests to run.
[INFO] 
[INFO] --- maven-jar-plugin:2.4:jar (default-jar) @ jai_imageio ---
[INFO] 
[INFO] >>> maven-source-plugin:2.2.1:jar (default) > generate-sources @ jai_imageio >>>
[INFO] 
[INFO] --- buildnumber-maven-plugin:1.2:create (default) @ jai_imageio ---
[INFO] 
[INFO] <<< maven-source-plugin:2.2.1:jar (default) < generate-sources @ jai_imageio <<<
[INFO] 
[INFO] --- maven-source-plugin:2.2.1:jar (default) @ jai_imageio ---
[INFO] Building jar: /home/travis/build/openmicroscopy/bioformats/components/forks/jai/target/jai_imageio-5.6.0-SNAPSHOT-sources.jar
[INFO] 
[INFO] --- maven-jar-plugin:2.4:test-jar (default) @ jai_imageio ---
[INFO] Skipping packaging of the test-jar
[INFO] 
[INFO] --- maven-install-plugin:2.5.1:install (default-install) @ jai_imageio ---
[INFO] Installing /home/travis/build/openmicroscopy/bioformats/components/forks/jai/target/jai_imageio-5.6.0-SNAPSHOT.jar to /home/travis/.m2/repository/ome/jai_imageio/5.6.0-SNAPSHOT/jai_imageio-5.6.0-SNAPSHOT.jar
[INFO] Installing /home/travis/build/openmicroscopy/bioformats/components/forks/jai/pom.xml to /home/travis/.m2/repository/ome/jai_imageio/5.6.0-SNAPSHOT/jai_imageio-5.6.0-SNAPSHOT.pom
[INFO] Installing /home/travis/build/openmicroscopy/bioformats/components/forks/jai/target/jai_imageio-5.6.0-SNAPSHOT-sources.jar to /home/travis/.m2/repository/ome/jai_imageio/5.6.0-SNAPSHOT/jai_imageio-5.6.0-SNAPSHOT-sources.jar
[INFO]                                                                         
[INFO] ------------------------------------------------------------------------
[INFO] Building libjpeg-turbo Java bindings 5.6.0-SNAPSHOT
[INFO] ------------------------------------------------------------------------
[INFO] 
[INFO] --- buildnumber-maven-plugin:1.2:create (default) @ turbojpeg ---
[INFO] 
[INFO] --- maven-resources-plugin:2.6:resources (default-resources) @ turbojpeg ---
[INFO] Using 'UTF-8' encoding to copy filtered resources.
[INFO] Copying 0 resource
[INFO] Copying 7 resources to META-INF/lib
[INFO] Copying 0 resource
[INFO] Copying 0 resource
[INFO] 
[INFO] --- maven-compiler-plugin:3.1:compile (default-compile) @ turbojpeg ---
[INFO] Nothing to compile - all classes are up to date
[INFO] 
[INFO] --- maven-resources-plugin:2.6:testResources (default-testResources) @ turbojpeg ---
[INFO] Using 'UTF-8' encoding to copy filtered resources.
[INFO] skip non existing resourceDirectory /home/travis/build/openmicroscopy/bioformats/components/forks/turbojpeg/test
[INFO] 
[INFO] --- maven-compiler-plugin:3.1:testCompile (default-testCompile) @ turbojpeg ---
[INFO] No sources to compile
[INFO] 
[INFO] --- maven-surefire-plugin:2.16:test (default-test) @ turbojpeg ---
[INFO] No tests to run.
[INFO] 
[INFO] --- maven-jar-plugin:2.4:jar (default-jar) @ turbojpeg ---
[INFO] 
[INFO] >>> maven-source-plugin:2.2.1:jar (default) > generate-sources @ turbojpeg >>>
[INFO] 
[INFO] --- buildnumber-maven-plugin:1.2:create (default) @ turbojpeg ---
[INFO] 
[INFO] <<< maven-source-plugin:2.2.1:jar (default) < generate-sources @ turbojpeg <<<
[INFO] 
[INFO] --- maven-source-plugin:2.2.1:jar (default) @ turbojpeg ---
[INFO] Building jar: /home/travis/build/openmicroscopy/bioformats/components/forks/turbojpeg/target/turbojpeg-5.6.0-SNAPSHOT-sources.jar
[INFO] 
[INFO] --- maven-jar-plugin:2.4:test-jar (default) @ turbojpeg ---
[INFO] Skipping packaging of the test-jar
[INFO] 
[INFO] --- maven-install-plugin:2.5.1:install (default-install) @ turbojpeg ---
[INFO] Installing /home/travis/build/openmicroscopy/bioformats/components/forks/turbojpeg/target/turbojpeg-5.6.0-SNAPSHOT.jar to /home/travis/.m2/repository/ome/turbojpeg/5.6.0-SNAPSHOT/turbojpeg-5.6.0-SNAPSHOT.jar
[INFO] Installing /home/travis/build/openmicroscopy/bioformats/components/forks/turbojpeg/pom.xml to /home/travis/.m2/repository/ome/turbojpeg/5.6.0-SNAPSHOT/turbojpeg-5.6.0-SNAPSHOT.pom
[INFO] Installing /home/travis/build/openmicroscopy/bioformats/components/forks/turbojpeg/target/turbojpeg-5.6.0-SNAPSHOT-sources.jar to /home/travis/.m2/repository/ome/turbojpeg/5.6.0-SNAPSHOT/turbojpeg-5.6.0-SNAPSHOT-sources.jar
[INFO]                                                                         
[INFO] ------------------------------------------------------------------------
[INFO] Building Bio-Formats API 5.6.0-SNAPSHOT
[INFO] ------------------------------------------------------------------------
[INFO] 
[INFO] --- buildnumber-maven-plugin:1.2:create (default) @ formats-api ---
[INFO] 
[INFO] --- maven-resources-plugin:2.6:resources (default-resources) @ formats-api ---
[INFO] Using 'UTF-8' encoding to copy filtered resources.
[INFO] Copying 2 resources
[INFO] Copying 0 resource
[INFO] Copying 0 resource
[INFO] 
[INFO] --- maven-compiler-plugin:3.1:compile (default-compile) @ formats-api ---
[INFO] Nothing to compile - all classes are up to date
[INFO] 
[INFO] --- maven-resources-plugin:2.6:testResources (default-testResources) @ formats-api ---
[INFO] Using 'UTF-8' encoding to copy filtered resources.
[INFO] Copying 2 resources
[INFO] 
[INFO] --- maven-compiler-plugin:3.1:testCompile (default-testCompile) @ formats-api ---
[INFO] Nothing to compile - all classes are up to date
[INFO] 
[INFO] --- maven-surefire-plugin:2.16:test (default-test) @ formats-api ---
[INFO] Surefire report directory: /home/travis/build/openmicroscopy/bioformats/components/formats-api/target/surefire-reports

-------------------------------------------------------
 T E S T S
-------------------------------------------------------
Running TestSuite
Configuring TestNG with: TestNG652Configurator
2017-07-12 10:48:02,689 [main] WARN  loci.formats.FormatTools - Invalid base unit: using default reference frame unit
2017-07-12 10:48:02,696 [main] WARN  loci.formats.FormatTools - Invalid base unit: using default reference frame unit
2017-07-12 10:48:02,699 [main] WARN  loci.formats.FormatTools - Invalid base unit: using default reference frame unit
2017-07-12 10:48:02,700 [main] WARN  loci.formats.FormatTools - Invalid base unit: using default reference frame unit
2017-07-12 10:48:02,782 [main] WARN  loci.formats.ClassList - Could not find invalid
2017-07-12 10:48:02,797 [main] WARN  loci.formats.ClassList - Could not find invalid
Tests run: 123, Failures: 0, Errors: 0, Skipped: 0, Time elapsed: 3.27 sec - in TestSuite

Results :

Tests run: 123, Failures: 0, Errors: 0, Skipped: 0

[INFO] 
[INFO] --- maven-jar-plugin:2.4:jar (default-jar) @ formats-api ---
[INFO] 
[INFO] >>> maven-source-plugin:2.2.1:jar (default) > generate-sources @ formats-api >>>
[INFO] 
[INFO] --- buildnumber-maven-plugin:1.2:create (default) @ formats-api ---
[INFO] 
[INFO] <<< maven-source-plugin:2.2.1:jar (default) < generate-sources @ formats-api <<<
[INFO] 
[INFO] --- maven-source-plugin:2.2.1:jar (default) @ formats-api ---
[INFO] Building jar: /home/travis/build/openmicroscopy/bioformats/components/formats-api/target/formats-api-5.6.0-SNAPSHOT-sources.jar
[INFO] 
[INFO] --- maven-jar-plugin:2.4:test-jar (default) @ formats-api ---
[INFO] 
[INFO] --- maven-install-plugin:2.5.1:install (default-install) @ formats-api ---
[INFO] Installing /home/travis/build/openmicroscopy/bioformats/components/formats-api/target/formats-api-5.6.0-SNAPSHOT.jar to /home/travis/.m2/repository/ome/formats-api/5.6.0-SNAPSHOT/formats-api-5.6.0-SNAPSHOT.jar
[INFO] Installing /home/travis/build/openmicroscopy/bioformats/components/formats-api/pom.xml to /home/travis/.m2/repository/ome/formats-api/5.6.0-SNAPSHOT/formats-api-5.6.0-SNAPSHOT.pom
[INFO] Installing /home/travis/build/openmicroscopy/bioformats/components/formats-api/target/formats-api-5.6.0-SNAPSHOT-sources.jar to /home/travis/.m2/repository/ome/formats-api/5.6.0-SNAPSHOT/formats-api-5.6.0-SNAPSHOT-sources.jar
[INFO] Installing /home/travis/build/openmicroscopy/bioformats/components/formats-api/target/formats-api-5.6.0-SNAPSHOT-tests.jar to /home/travis/.m2/repository/ome/formats-api/5.6.0-SNAPSHOT/formats-api-5.6.0-SNAPSHOT-tests.jar
[INFO]                                                                         
[INFO] ------------------------------------------------------------------------
[INFO] Building BSD Bio-Formats readers and writers 5.6.0-SNAPSHOT
[INFO] ------------------------------------------------------------------------
[INFO] 
[INFO] --- buildnumber-maven-plugin:1.2:create (default) @ formats-bsd ---
[INFO] 
[INFO] --- maven-resources-plugin:2.6:resources (default-resources) @ formats-bsd ---
[INFO] Using 'UTF-8' encoding to copy filtered resources.
[INFO] Copying 0 resource
[INFO] Copying 0 resource
[INFO] 
[INFO] --- maven-compiler-plugin:3.1:compile (default-compile) @ formats-bsd ---
[INFO] Nothing to compile - all classes are up to date
[INFO] 
[INFO] --- maven-resources-plugin:2.6:testResources (default-testResources) @ formats-bsd ---
[INFO] Using 'UTF-8' encoding to copy filtered resources.
[INFO] Copying 11 resources
[INFO] 
[INFO] --- maven-compiler-plugin:3.1:testCompile (default-testCompile) @ formats-bsd ---
[INFO] Nothing to compile - all classes are up to date
[INFO] 
[INFO] --- maven-surefire-plugin:2.16:test (default-test) @ formats-bsd ---
[INFO] Surefire report directory: /home/travis/build/openmicroscopy/bioformats/components/formats-bsd/target/surefire-reports

-------------------------------------------------------
 T E S T S
-------------------------------------------------------
Running TestSuite
2017-07-12 10:48:14,421 [main] ERROR loci.formats.ClassList - "loci.formats.in.IPLabReader" is not valid.
2017-07-12 10:48:14,433 [main] ERROR loci.formats.ClassList - "loci.formats.in.IvisionReader" is not valid.
2017-07-12 10:48:14,433 [main] ERROR loci.formats.ClassList - "loci.formats.in.DeltavisionReader" is not valid.
2017-07-12 10:48:14,433 [main] ERROR loci.formats.ClassList - "loci.formats.in.MRCReader" is not valid.
2017-07-12 10:48:14,434 [main] ERROR loci.formats.ClassList - "loci.formats.in.GatanReader" is not valid.
2017-07-12 10:48:14,434 [main] ERROR loci.formats.ClassList - "loci.formats.in.GatanDM2Reader" is not valid.
2017-07-12 10:48:14,435 [main] ERROR loci.formats.ClassList - "loci.formats.in.ImarisReader" is not valid.
2017-07-12 10:48:14,435 [main] ERROR loci.formats.ClassList - "loci.formats.in.OpenlabRawReader" is not valid.
2017-07-12 10:48:14,437 [main] ERROR loci.formats.ClassList - "loci.formats.in.LIFReader" is not valid.
2017-07-12 10:48:14,445 [main] ERROR loci.formats.ClassList - "loci.formats.in.SDTReader" is not valid.
2017-07-12 10:48:14,446 [main] ERROR loci.formats.ClassList - "loci.formats.in.SPCReader" is not valid.
2017-07-12 10:48:14,447 [main] ERROR loci.formats.ClassList - "loci.formats.in.SlidebookReader" is not valid.
2017-07-12 10:48:14,448 [main] ERROR loci.formats.ClassList - "loci.formats.in.AliconaReader" is not valid.
2017-07-12 10:48:14,465 [main] ERROR loci.formats.ClassList - "loci.formats.in.KhorosReader" is not valid.
2017-07-12 10:48:14,479 [main] ERROR loci.formats.ClassList - "loci.formats.in.VisitechReader" is not valid.
2017-07-12 10:48:14,480 [main] ERROR loci.formats.ClassList - "loci.formats.in.LIMReader" is not valid.
2017-07-12 10:48:14,481 [main] ERROR loci.formats.ClassList - "loci.formats.in.PSDReader" is not valid.
2017-07-12 10:48:14,481 [main] ERROR loci.formats.ClassList - "loci.formats.in.InCellReader" is not valid.
2017-07-12 10:48:14,482 [main] ERROR loci.formats.ClassList - "loci.formats.in.L2DReader" is not valid.
2017-07-12 10:48:14,483 [main] ERROR loci.formats.ClassList - "loci.formats.in.FEIReader" is not valid.
2017-07-12 10:48:14,483 [main] ERROR loci.formats.ClassList - "loci.formats.in.NAFReader" is not valid.
2017-07-12 10:48:14,484 [main] ERROR loci.formats.ClassList - "loci.formats.in.MINCReader" is not valid.
2017-07-12 10:48:14,485 [main] ERROR loci.formats.ClassList - "loci.formats.in.MRWReader" is not valid.
2017-07-12 10:48:14,485 [main] ERROR loci.formats.ClassList - "loci.formats.in.TillVisionReader" is not valid.
2017-07-12 10:48:14,486 [main] ERROR loci.formats.ClassList - "loci.formats.in.ARFReader" is not valid.
2017-07-12 10:48:14,487 [main] ERROR loci.formats.ClassList - "loci.formats.in.CellomicsReader" is not valid.
2017-07-12 10:48:14,487 [main] ERROR loci.formats.ClassList - "loci.formats.in.LiFlimReader" is not valid.
2017-07-12 10:48:14,488 [main] ERROR loci.formats.ClassList - "loci.formats.in.TargaReader" is not valid.
2017-07-12 10:48:14,488 [main] ERROR loci.formats.ClassList - "loci.formats.in.OxfordInstrumentsReader" is not valid.
2017-07-12 10:48:14,489 [main] ERROR loci.formats.ClassList - "loci.formats.in.VGSAMReader" is not valid.
2017-07-12 10:48:14,489 [main] ERROR loci.formats.ClassList - "loci.formats.in.HISReader" is not valid.
2017-07-12 10:48:14,490 [main] ERROR loci.formats.ClassList - "loci.formats.in.WATOPReader" is not valid.
2017-07-12 10:48:14,490 [main] ERROR loci.formats.ClassList - "loci.formats.in.SeikoReader" is not valid.
2017-07-12 10:48:14,491 [main] ERROR loci.formats.ClassList - "loci.formats.in.TopometrixReader" is not valid.
2017-07-12 10:48:14,491 [main] ERROR loci.formats.ClassList - "loci.formats.in.UBMReader" is not valid.
2017-07-12 10:48:14,492 [main] ERROR loci.formats.ClassList - "loci.formats.in.QuesantReader" is not valid.
2017-07-12 10:48:14,493 [main] ERROR loci.formats.ClassList - "loci.formats.in.BioRadGelReader" is not valid.
2017-07-12 10:48:14,493 [main] ERROR loci.formats.ClassList - "loci.formats.in.RHKReader" is not valid.
2017-07-12 10:48:14,494 [main] ERROR loci.formats.ClassList - "loci.formats.in.MolecularImagingReader" is not valid.
2017-07-12 10:48:14,494 [main] ERROR loci.formats.ClassList - "loci.formats.in.CellWorxReader" is not valid.
2017-07-12 10:48:14,495 [main] ERROR loci.formats.ClassList - "loci.formats.in.Ecat7Reader" is not valid.
2017-07-12 10:48:14,495 [main] ERROR loci.formats.ClassList - "loci.formats.in.VarianFDFReader" is not valid.
2017-07-12 10:48:14,496 [main] ERROR loci.formats.ClassList - "loci.formats.in.AIMReader" is not valid.
2017-07-12 10:48:14,496 [main] ERROR loci.formats.ClassList - "loci.formats.in.InCell3000Reader" is not valid.
2017-07-12 10:48:14,497 [main] ERROR loci.formats.ClassList - "loci.formats.in.SpiderReader" is not valid.
2017-07-12 10:48:14,499 [main] ERROR loci.formats.ClassList - "loci.formats.in.VolocityReader" is not valid.
2017-07-12 10:48:14,500 [main] ERROR loci.formats.ClassList - "loci.formats.in.ImagicReader" is not valid.
2017-07-12 10:48:14,500 [main] ERROR loci.formats.ClassList - "loci.formats.in.HamamatsuVMSReader" is not valid.
2017-07-12 10:48:14,501 [main] ERROR loci.formats.ClassList - "loci.formats.in.CellSensReader" is not valid.
2017-07-12 10:48:14,501 [main] ERROR loci.formats.ClassList - "loci.formats.in.INRReader" is not valid.
2017-07-12 10:48:14,502 [main] ERROR loci.formats.ClassList - "loci.formats.in.KodakReader" is not valid.
2017-07-12 10:48:14,503 [main] ERROR loci.formats.ClassList - "loci.formats.in.VolocityClippingReader" is not valid.
2017-07-12 10:48:14,503 [main] ERROR loci.formats.ClassList - "loci.formats.in.ZeissCZIReader" is not valid.
2017-07-12 10:48:14,504 [main] ERROR loci.formats.ClassList - "loci.formats.in.SIFReader" is not valid.
2017-07-12 10:48:14,504 [main] ERROR loci.formats.ClassList - "loci.formats.in.NDPISReader" is not valid.
2017-07-12 10:48:14,505 [main] ERROR loci.formats.ClassList - "loci.formats.in.PovrayReader" is not valid.
2017-07-12 10:48:14,505 [main] ERROR loci.formats.ClassList - "loci.formats.in.IMODReader" is not valid.
2017-07-12 10:48:14,627 [main] ERROR loci.formats.ClassList - "loci.formats.in.AFIReader" is not valid.
2017-07-12 10:48:14,627 [main] ERROR loci.formats.ClassList - "loci.formats.in.ImspectorReader" is not valid.
2017-07-12 10:48:14,628 [main] ERROR loci.formats.ClassList - "loci.formats.in.BioRadSCNReader" is not valid.
2017-07-12 10:48:14,628 [main] ERROR loci.formats.ClassList - "loci.formats.in.ZeissLMSReader" is not valid.
2017-07-12 10:48:14,629 [main] ERROR loci.formats.ClassList - "loci.formats.in.PQBinReader" is not valid.
2017-07-12 10:48:14,634 [main] ERROR loci.formats.ClassList - "loci.formats.in.I2IReader" is not valid.
2017-07-12 10:48:14,635 [main] ERROR loci.formats.ClassList - "loci.formats.in.SPEReader" is not valid.
2017-07-12 10:48:14,636 [main] ERROR loci.formats.ClassList - "loci.formats.in.OIRReader" is not valid.
2017-07-12 10:48:14,636 [main] ERROR loci.formats.ClassList - "loci.formats.in.JEOLReader" is not valid.
2017-07-12 10:48:14,637 [main] ERROR loci.formats.ClassList - "loci.formats.in.NiftiReader" is not valid.
2017-07-12 10:48:14,638 [main] ERROR loci.formats.ClassList - "loci.formats.in.AnalyzeReader" is not valid.
2017-07-12 10:48:14,638 [main] ERROR loci.formats.ClassList - "loci.formats.in.APLReader" is not valid.
2017-07-12 10:48:14,645 [main] ERROR loci.formats.ClassList - "loci.formats.in.PerkinElmerReader" is not valid.
2017-07-12 10:48:14,645 [main] ERROR loci.formats.ClassList - "loci.formats.in.AmiraReader" is not valid.
2017-07-12 10:48:14,646 [main] ERROR loci.formats.ClassList - "loci.formats.in.ScanrReader" is not valid.
2017-07-12 10:48:14,647 [main] ERROR loci.formats.ClassList - "loci.formats.in.BDReader" is not valid.
2017-07-12 10:48:14,647 [main] ERROR loci.formats.ClassList - "loci.formats.in.UnisokuReader" is not valid.
2017-07-12 10:48:14,648 [main] ERROR loci.formats.ClassList - "loci.formats.in.PDSReader" is not valid.
2017-07-12 10:48:14,648 [main] ERROR loci.formats.ClassList - "loci.formats.in.FujiReader" is not valid.
2017-07-12 10:48:14,649 [main] ERROR loci.formats.ClassList - "loci.formats.in.OperettaReader" is not valid.
2017-07-12 10:48:14,649 [main] ERROR loci.formats.ClassList - "loci.formats.in.InveonReader" is not valid.
2017-07-12 10:48:14,650 [main] ERROR loci.formats.ClassList - "loci.formats.in.CellVoyagerReader" is not valid.
2017-07-12 10:48:14,650 [main] ERROR loci.formats.ClassList - "loci.formats.in.ColumbusReader" is not valid.
2017-07-12 10:48:14,651 [main] ERROR loci.formats.ClassList - "loci.formats.in.BioRadReader" is not valid.
2017-07-12 10:48:14,652 [main] ERROR loci.formats.ClassList - "loci.formats.in.FV1000Reader" is not valid.
2017-07-12 10:48:14,652 [main] ERROR loci.formats.ClassList - "loci.formats.in.ZeissZVIReader" is not valid.
2017-07-12 10:48:14,653 [main] ERROR loci.formats.ClassList - "loci.formats.in.IPWReader" is not valid.
2017-07-12 10:48:14,655 [main] ERROR loci.formats.ClassList - "loci.formats.in.JPXReader" is not valid.
2017-07-12 10:48:14,655 [main] ERROR loci.formats.ClassList - "loci.formats.in.ND2Reader" is not valid.
2017-07-12 10:48:14,656 [main] ERROR loci.formats.ClassList - "loci.formats.in.PCIReader" is not valid.
2017-07-12 10:48:14,657 [main] ERROR loci.formats.ClassList - "loci.formats.in.ImarisHDFReader" is not valid.
2017-07-12 10:48:14,657 [main] ERROR loci.formats.ClassList - "loci.formats.in.CellH5Reader" is not valid.
2017-07-12 10:48:14,658 [main] ERROR loci.formats.ClassList - "loci.formats.in.WlzReader" is not valid.
2017-07-12 10:48:14,658 [main] ERROR loci.formats.ClassList - "loci.formats.in.VeecoReader" is not valid.
2017-07-12 10:48:14,659 [main] ERROR loci.formats.ClassList - "loci.formats.in.ZeissLSMReader" is not valid.
2017-07-12 10:48:14,660 [main] ERROR loci.formats.ClassList - "loci.formats.in.SEQReader" is not valid.
2017-07-12 10:48:14,660 [main] ERROR loci.formats.ClassList - "loci.formats.in.GelReader" is not valid.
2017-07-12 10:48:14,665 [main] ERROR loci.formats.ClassList - "loci.formats.in.ImarisTiffReader" is not valid.
2017-07-12 10:48:14,666 [main] ERROR loci.formats.ClassList - "loci.formats.in.FlexReader" is not valid.
2017-07-12 10:48:14,667 [main] ERROR loci.formats.ClassList - "loci.formats.in.SVSReader" is not valid.
2017-07-12 10:48:14,667 [main] ERROR loci.formats.ClassList - "loci.formats.in.ImaconReader" is not valid.
2017-07-12 10:48:14,668 [main] ERROR loci.formats.ClassList - "loci.formats.in.LEOReader" is not valid.
2017-07-12 10:48:14,668 [main] ERROR loci.formats.ClassList - "loci.formats.in.JPKReader" is not valid.
2017-07-12 10:48:14,669 [main] ERROR loci.formats.ClassList - "loci.formats.in.NDPIReader" is not valid.
2017-07-12 10:48:14,669 [main] ERROR loci.formats.ClassList - "loci.formats.in.PCORAWReader" is not valid.
2017-07-12 10:48:14,673 [main] ERROR loci.formats.ClassList - "loci.formats.in.PyramidTiffReader" is not valid.
2017-07-12 10:48:14,674 [main] ERROR loci.formats.ClassList - "loci.formats.in.MIASReader" is not valid.
2017-07-12 10:48:14,675 [main] ERROR loci.formats.ClassList - "loci.formats.in.TCSReader" is not valid.
2017-07-12 10:48:14,675 [main] ERROR loci.formats.ClassList - "loci.formats.in.LeicaReader" is not valid.
2017-07-12 10:48:14,676 [main] ERROR loci.formats.ClassList - "loci.formats.in.NikonReader" is not valid.
2017-07-12 10:48:14,676 [main] ERROR loci.formats.ClassList - "loci.formats.in.FluoviewReader" is not valid.
2017-07-12 10:48:14,677 [main] ERROR loci.formats.ClassList - "loci.formats.in.PrairieReader" is not valid.
2017-07-12 10:48:14,677 [main] ERROR loci.formats.ClassList - "loci.formats.in.MetamorphReader" is not valid.
2017-07-12 10:48:14,681 [main] ERROR loci.formats.ClassList - "loci.formats.in.ImprovisionTiffReader" is not valid.
2017-07-12 10:48:14,682 [main] ERROR loci.formats.ClassList - "loci.formats.in.MetamorphTiffReader" is not valid.
2017-07-12 10:48:14,682 [main] ERROR loci.formats.ClassList - "loci.formats.in.NikonTiffReader" is not valid.
2017-07-12 10:48:14,683 [main] ERROR loci.formats.ClassList - "loci.formats.in.PhotoshopTiffReader" is not valid.
2017-07-12 10:48:14,683 [main] ERROR loci.formats.ClassList - "loci.formats.in.FEITiffReader" is not valid.
2017-07-12 10:48:14,684 [main] ERROR loci.formats.ClassList - "loci.formats.in.SimplePCITiffReader" is not valid.
2017-07-12 10:48:14,684 [main] ERROR loci.formats.ClassList - "loci.formats.in.NikonElementsTiffReader" is not valid.
2017-07-12 10:48:14,685 [main] ERROR loci.formats.ClassList - "loci.formats.in.TrestleReader" is not valid.
2017-07-12 10:48:14,686 [main] ERROR loci.formats.ClassList - "loci.formats.in.SISReader" is not valid.
2017-07-12 10:48:14,686 [main] ERROR loci.formats.ClassList - "loci.formats.in.DNGReader" is not valid.
2017-07-12 10:48:14,687 [main] ERROR loci.formats.ClassList - "loci.formats.in.ZeissTIFFReader" is not valid.
2017-07-12 10:48:14,687 [main] ERROR loci.formats.ClassList - "loci.formats.in.LeicaSCNReader" is not valid.
2017-07-12 10:48:14,688 [main] ERROR loci.formats.ClassList - "loci.formats.in.SlidebookTiffReader" is not valid.
2017-07-12 10:48:14,690 [main] ERROR loci.formats.ClassList - "loci.formats.in.BurleighReader" is not valid.
2017-07-12 10:48:14,691 [main] ERROR loci.formats.ClassList - "loci.formats.in.OpenlabReader" is not valid.
2017-07-12 10:48:14,724 [main] ERROR loci.formats.ClassList - "loci.formats.in.SMCameraReader" is not valid.
2017-07-12 10:48:14,724 [main] ERROR loci.formats.ClassList - "loci.formats.in.SBIGReader" is not valid.
2017-07-12 10:48:14,725 [main] ERROR loci.formats.ClassList - "loci.formats.in.HRDGDFReader" is not valid.
2017-07-12 10:48:14,725 [main] ERROR loci.formats.ClassList - "loci.formats.in.HitachiReader" is not valid.
2017-07-12 10:48:14,726 [main] ERROR loci.formats.ClassList - "loci.formats.in.BrukerReader" is not valid.
2017-07-12 10:48:14,727 [main] ERROR loci.formats.ClassList - "loci.formats.in.CanonRawReader" is not valid.
2017-07-12 10:48:14,827 [main] WARN  loci.formats.FormatHandler - Image ID 'Image:1': missing plane #1.  Using TiffReader to determine the number of planes.
2017-07-12 10:48:15,241 [main] ERROR loci.formats.ClassList - "loci.formats.out.WlzWriter" is not valid.
2017-07-12 10:48:15,242 [main] ERROR loci.formats.ClassList - "loci.formats.out.CellH5Writer" is not valid.
2017-07-12 10:53:05,823 [main] WARN  loci.formats.Memoizer - skipping memo: directory not writeable - /tmp/loci.formats.utests.MemoizerTest.2074874756455264629
2017-07-12 10:53:06,026 [main] WARN  loci.formats.Memoizer - skipping memo: directory not writeable - /tmp/loci.formats.utests.MemoizerTest.8112310209322737609
2017-07-12 10:53:06,172 [main] WARN  loci.formats.Memoizer - skipping memo: directory not writeable - /tmp/loci.formats.utests.MemoizerTest.6147738557217571977
2017-07-12 10:53:06,173 [main] WARN  loci.formats.Memoizer - skipping memo: directory not writeable - /tmp/loci.formats.utests.MemoizerTest.3184842438048029186
2017-07-12 10:53:06,175 [main] WARN  loci.formats.Memoizer - skipping memo: directory not writeable - /tmp/loci.formats.utests.MemoizerTest.8854540568014499234
2017-07-12 10:53:22,081 [main] WARN  ome.xml.model.enums.handlers.ExperimentTypeEnumHandler - Unknown ExperimentType value 'null' will be stored as "Other"
2017-07-12 10:53:22,113 [main] WARN  ome.xml.model.enums.handlers.ExperimentTypeEnumHandler - Unknown ExperimentType value 'null' will be stored as "Other"
2017-07-12 10:53:22,165 [main] WARN  ome.xml.model.enums.handlers.ExperimentTypeEnumHandler - Unknown ExperimentType value 'null' will be stored as "Other"
2017-07-12 10:53:22,244 [main] WARN  ome.xml.model.enums.handlers.ExperimentTypeEnumHandler - Unknown ExperimentType value 'null' will be stored as "Other"
2017-07-12 10:53:22,260 [main] WARN  ome.xml.model.enums.handlers.ExperimentTypeEnumHandler - Unknown ExperimentType value 'null' will be stored as "Other"
2017-07-12 10:53:22,275 [main] WARN  ome.xml.model.enums.handlers.ExperimentTypeEnumHandler - Unknown ExperimentType value 'null' will be stored as "Other"
2017-07-12 10:53:22,311 [main] WARN  ome.xml.model.enums.handlers.ExperimentTypeEnumHandler - Unknown ExperimentType value 'null' will be stored as "Other"
2017-07-12 10:53:22,349 [main] WARN  ome.xml.model.enums.handlers.ExperimentTypeEnumHandler - Unknown ExperimentType value 'null' will be stored as "Other"
2017-07-12 10:53:22,374 [main] WARN  ome.xml.model.enums.handlers.ExperimentTypeEnumHandler - Unknown ExperimentType value 'null' will be stored as "Other"
2017-07-12 10:53:22,562 [main] WARN  ome.xml.model.enums.handlers.ExperimentTypeEnumHandler - Unknown ExperimentType value 'null' will be stored as "Other"
2017-07-12 10:53:22,676 [main] WARN  ome.xml.model.enums.handlers.ExperimentTypeEnumHandler - Unknown ExperimentType value 'null' will be stored as "Other"
2017-07-12 10:53:22,735 [main] WARN  ome.xml.model.enums.handlers.ExperimentTypeEnumHandler - Unknown ExperimentType value 'null' will be stored as "Other"
2017-07-12 10:53:22,759 [main] WARN  ome.xml.model.enums.handlers.ExperimentTypeEnumHandler - Unknown ExperimentType value 'null' will be stored as "Other"
2017-07-12 10:53:22,784 [main] WARN  ome.xml.model.enums.handlers.ExperimentTypeEnumHandler - Unknown ExperimentType value 'null' will be stored as "Other"
2017-07-12 10:53:22,844 [main] WARN  ome.xml.model.enums.handlers.ExperimentTypeEnumHandler - Unknown ExperimentType value 'null' will be stored as "Other"
2017-07-12 10:53:22,904 [main] WARN  ome.xml.model.enums.handlers.ExperimentTypeEnumHandler - Unknown ExperimentType value 'null' will be stored as "Other"
2017-07-12 10:53:23,036 [main] WARN  ome.xml.model.enums.handlers.ExperimentTypeEnumHandler - Unknown ExperimentType value 'null' will be stored as "Other"
2017-07-12 10:53:23,097 [main] WARN  ome.xml.model.enums.handlers.ExperimentTypeEnumHandler - Unknown ExperimentType value 'null' will be stored as "Other"
2017-07-12 10:53:23,217 [main] WARN  ome.xml.model.enums.handlers.ExperimentTypeEnumHandler - Unknown ExperimentType value 'null' will be stored as "Other"
2017-07-12 10:53:23,333 [main] WARN  ome.xml.model.enums.handlers.ExperimentTypeEnumHandler - Unknown ExperimentType value 'null' will be stored as "Other"
2017-07-12 10:53:23,380 [main] WARN  ome.xml.model.enums.handlers.ExperimentTypeEnumHandler - Unknown ExperimentType value 'null' will be stored as "Other"
2017-07-12 10:53:23,422 [main] WARN  ome.xml.model.enums.handlers.ExperimentTypeEnumHandler - Unknown ExperimentType value 'null' will be stored as "Other"
2017-07-12 10:53:23,546 [main] WARN  ome.xml.model.enums.handlers.ExperimentTypeEnumHandler - Unknown ExperimentType value 'null' will be stored as "Other"
2017-07-12 10:53:23,686 [main] WARN  ome.xml.model.enums.handlers.ExperimentTypeEnumHandler - Unknown ExperimentType value 'null' will be stored as "Other"
2017-07-12 10:53:23,733 [main] WARN  ome.xml.model.enums.handlers.ExperimentTypeEnumHandler - Unknown ExperimentType value 'null' will be stored as "Other"
2017-07-12 10:53:23,780 [main] WARN  ome.xml.model.enums.handlers.ExperimentTypeEnumHandler - Unknown ExperimentType value 'null' will be stored as "Other"
2017-07-12 10:53:23,909 [main] WARN  ome.xml.model.enums.handlers.ExperimentTypeEnumHandler - Unknown ExperimentType value 'null' will be stored as "Other"
2017-07-12 10:53:24,049 [main] WARN  ome.xml.model.enums.handlers.ExperimentTypeEnumHandler - Unknown ExperimentType value 'null' will be stored as "Other"
Tests run: 1383, Failures: 0, Errors: 0, Skipped: 0, Time elapsed: 362.117 sec - in TestSuite

Results :

Tests run: 1383, Failures: 0, Errors: 0, Skipped: 0

[INFO] 
[INFO] --- maven-jar-plugin:2.4:jar (default-jar) @ formats-bsd ---
[INFO] 
[INFO] >>> maven-source-plugin:2.2.1:jar (default) > generate-sources @ formats-bsd >>>
[INFO] 
[INFO] --- buildnumber-maven-plugin:1.2:create (default) @ formats-bsd ---
[INFO] 
[INFO] <<< maven-source-plugin:2.2.1:jar (default) < generate-sources @ formats-bsd <<<
[INFO] 
[INFO] --- maven-source-plugin:2.2.1:jar (default) @ formats-bsd ---
[INFO] Building jar: /home/travis/build/openmicroscopy/bioformats/components/formats-bsd/target/formats-bsd-5.6.0-SNAPSHOT-sources.jar
[INFO] 
[INFO] --- maven-jar-plugin:2.4:test-jar (default) @ formats-bsd ---
[INFO] 
[INFO] --- maven-install-plugin:2.5.1:install (default-install) @ formats-bsd ---
[INFO] Installing /home/travis/build/openmicroscopy/bioformats/components/formats-bsd/target/formats-bsd-5.6.0-SNAPSHOT.jar to /home/travis/.m2/repository/ome/formats-bsd/5.6.0-SNAPSHOT/formats-bsd-5.6.0-SNAPSHOT.jar
[INFO] Installing /home/travis/build/openmicroscopy/bioformats/components/formats-bsd/pom.xml to /home/travis/.m2/repository/ome/formats-bsd/5.6.0-SNAPSHOT/formats-bsd-5.6.0-SNAPSHOT.pom
[INFO] Installing /home/travis/build/openmicroscopy/bioformats/components/formats-bsd/target/formats-bsd-5.6.0-SNAPSHOT-sources.jar to /home/travis/.m2/repository/ome/formats-bsd/5.6.0-SNAPSHOT/formats-bsd-5.6.0-SNAPSHOT-sources.jar
[INFO] Installing /home/travis/build/openmicroscopy/bioformats/components/formats-bsd/target/formats-bsd-5.6.0-SNAPSHOT-tests.jar to /home/travis/.m2/repository/ome/formats-bsd/5.6.0-SNAPSHOT/formats-bsd-5.6.0-SNAPSHOT-tests.jar
[INFO]                                                                         
[INFO] ------------------------------------------------------------------------
[INFO] Building Bio-Formats library 5.6.0-SNAPSHOT
[INFO] ------------------------------------------------------------------------
[INFO] 
[INFO] --- buildnumber-maven-plugin:1.2:create (default) @ formats-gpl ---
[INFO] 
[INFO] --- maven-resources-plugin:2.6:resources (default-resources) @ formats-gpl ---
[INFO] Using 'UTF-8' encoding to copy filtered resources.
[INFO] Copying 3 resources
[INFO] skip non existing resourceDirectory /home/travis/build/openmicroscopy/bioformats/components/formats-gpl/lib
[INFO] Copying 1 resource
[INFO] Copying 1 resource
[INFO] 
[INFO] --- maven-compiler-plugin:3.1:compile (default-compile) @ formats-gpl ---
[INFO] Nothing to compile - all classes are up to date
[INFO] 
[INFO] --- maven-resources-plugin:2.6:testResources (default-testResources) @ formats-gpl ---
[INFO] Using 'UTF-8' encoding to copy filtered resources.
[INFO] Copying 26 resources
[INFO] 
[INFO] --- maven-compiler-plugin:3.1:testCompile (default-testCompile) @ formats-gpl ---
[INFO] Nothing to compile - all classes are up to date
[INFO] 
[INFO] --- maven-surefire-plugin:2.16:test (default-test) @ formats-gpl ---
[INFO] Surefire report directory: /home/travis/build/openmicroscopy/bioformats/components/formats-gpl/target/surefire-reports

-------------------------------------------------------
 T E S T S
-------------------------------------------------------
Running TestSuite
2017-07-12 10:54:14,627 [main] WARN  ome.xml.model.OMEModelImpl - ome.xml.model.Laser@5f1d3697 reference to urn:lsid:foo.bar.com:LightSource:123789 missing from object hierarchy.
2017-07-12 10:54:14,637 [main] WARN  ome.xml.model.OMEModelImpl - ome.xml.model.FilterSet@1785895b reference to urn:lsid:foo.bar.com:Dichroic:123456 missing from object hierarchy.
2017-07-12 10:54:15,190 [main] WARN  ome.xml.model.OMEModelImpl - ome.xml.model.FilterSet@6e5101f3 reference to urn:lsid:foo.bar.com:Dichroic:123456 missing from object hierarchy.
2017-07-12 10:54:15,191 [main] WARN  ome.xml.model.OMEModelImpl - ome.xml.model.Laser@6d3bc24b reference to urn:lsid:foo.bar.com:LightSource:123789 missing from object hierarchy.
2017-07-12 10:54:15,565 [main] WARN  ome.xml.model.OMEModelImpl - ome.xml.model.Laser@2e813d0 reference to urn:lsid:foo.bar.com:LightSource:123789 missing from object hierarchy.
2017-07-12 10:54:15,579 [main] WARN  ome.xml.model.OMEModelImpl - ome.xml.model.FilterSet@526cbe2d reference to urn:lsid:foo.bar.com:Dichroic:123456 missing from object hierarchy.
2017-07-12 10:54:15,863 [main] WARN  ome.xml.model.OMEModelImpl - ome.xml.model.Laser@6902c225 reference to urn:lsid:foo.bar.com:LightSource:123789 missing from object hierarchy.
2017-07-12 10:54:15,863 [main] WARN  ome.xml.model.OMEModelImpl - ome.xml.model.FilterSet@341840ff reference to urn:lsid:foo.bar.com:Dichroic:123456 missing from object hierarchy.
2017-07-12 10:54:16,935 [main] WARN  ome.xml.model.OMEModelImpl - ome.xml.model.Laser@5223dd3a reference to urn:lsid:foo.bar.com:LightSource:123789 missing from object hierarchy.
2017-07-12 10:54:16,935 [main] WARN  ome.xml.model.OMEModelImpl - ome.xml.model.FilterSet@309134f7 reference to urn:lsid:foo.bar.com:Dichroic:123456 missing from object hierarchy.
2017-07-12 10:54:17,154 [main] WARN  ome.xml.model.OMEModelImpl - ome.xml.model.Laser@6e0fb722 reference to urn:lsid:foo.bar.com:LightSource:123789 missing from object hierarchy.
2017-07-12 10:54:17,154 [main] WARN  ome.xml.model.OMEModelImpl - ome.xml.model.FilterSet@49c051a1 reference to urn:lsid:foo.bar.com:Dichroic:123456 missing from object hierarchy.
2017-07-12 10:54:17,374 [main] WARN  ome.xml.model.OMEModelImpl - ome.xml.model.FilterSet@407d9194 reference to urn:lsid:foo.bar.com:Dichroic:123456 missing from object hierarchy.
2017-07-12 10:54:17,374 [main] WARN  ome.xml.model.OMEModelImpl - ome.xml.model.Laser@10f6e237 reference to urn:lsid:foo.bar.com:LightSource:123789 missing from object hierarchy.
Tests run: 107, Failures: 0, Errors: 0, Skipped: 0, Time elapsed: 9.85 sec - in TestSuite

Results :

Tests run: 107, Failures: 0, Errors: 0, Skipped: 0

[INFO] 
[INFO] --- maven-surefire-plugin:2.16:test (missing-mdb-test) @ formats-gpl ---
[INFO] Surefire report directory: /home/travis/build/openmicroscopy/bioformats/components/formats-gpl/target/surefire-reports

-------------------------------------------------------
 T E S T S
-------------------------------------------------------
Running TestSuite
Tests run: 1, Failures: 0, Errors: 0, Skipped: 0, Time elapsed: 1.37 sec - in TestSuite

Results :

Tests run: 1, Failures: 0, Errors: 0, Skipped: 0

[INFO] 
[INFO] --- maven-surefire-plugin:2.16:test (missing-poi-test) @ formats-gpl ---
[INFO] Surefire report directory: /home/travis/build/openmicroscopy/bioformats/components/formats-gpl/target/surefire-reports

-------------------------------------------------------
 T E S T S
-------------------------------------------------------
Running TestSuite
Tests run: 1, Failures: 0, Errors: 0, Skipped: 0, Time elapsed: 1.657 sec - in TestSuite

Results :

Tests run: 1, Failures: 0, Errors: 0, Skipped: 0

[INFO] 
[INFO] --- maven-surefire-plugin:2.16:test (missing-netcdf-test) @ formats-gpl ---
[INFO] Surefire report directory: /home/travis/build/openmicroscopy/bioformats/components/formats-gpl/target/surefire-reports

-------------------------------------------------------
 T E S T S
-------------------------------------------------------
Running TestSuite
Tests run: 1, Failures: 0, Errors: 0, Skipped: 0, Time elapsed: 1.392 sec - in TestSuite

Results :

Tests run: 1, Failures: 0, Errors: 0, Skipped: 0

[INFO] 
[INFO] --- maven-jar-plugin:2.4:jar (default-jar) @ formats-gpl ---
[INFO] 
[INFO] >>> maven-source-plugin:2.2.1:jar (default) > generate-sources @ formats-gpl >>>
[INFO] 
[INFO] --- buildnumber-maven-plugin:1.2:create (default) @ formats-gpl ---
[INFO] 
[INFO] <<< maven-source-plugin:2.2.1:jar (default) < generate-sources @ formats-gpl <<<
[INFO] 
[INFO] --- maven-source-plugin:2.2.1:jar (default) @ formats-gpl ---
[INFO] 
[INFO] --- maven-jar-plugin:2.4:test-jar (default) @ formats-gpl ---
[INFO] 
[INFO] --- maven-install-plugin:2.5.1:install (default-install) @ formats-gpl ---
[INFO] Installing /home/travis/build/openmicroscopy/bioformats/components/formats-gpl/target/formats-gpl-5.6.0-SNAPSHOT.jar to /home/travis/.m2/repository/ome/formats-gpl/5.6.0-SNAPSHOT/formats-gpl-5.6.0-SNAPSHOT.jar
[INFO] Installing /home/travis/build/openmicroscopy/bioformats/components/formats-gpl/pom.xml to /home/travis/.m2/repository/ome/formats-gpl/5.6.0-SNAPSHOT/formats-gpl-5.6.0-SNAPSHOT.pom
[INFO] Installing /home/travis/build/openmicroscopy/bioformats/components/formats-gpl/target/formats-gpl-5.6.0-SNAPSHOT-sources.jar to /home/travis/.m2/repository/ome/formats-gpl/5.6.0-SNAPSHOT/formats-gpl-5.6.0-SNAPSHOT-sources.jar
[INFO] Installing /home/travis/build/openmicroscopy/bioformats/components/formats-gpl/target/formats-gpl-5.6.0-SNAPSHOT-tests.jar to /home/travis/.m2/repository/ome/formats-gpl/5.6.0-SNAPSHOT/formats-gpl-5.6.0-SNAPSHOT-tests.jar
[INFO]                                                                         
[INFO] ------------------------------------------------------------------------
[INFO] Building Bio-Formats code generator 5.6.0-SNAPSHOT
[INFO] ------------------------------------------------------------------------
[INFO] 
[INFO] --- buildnumber-maven-plugin:1.2:create (default) @ bf-autogen ---
[INFO] 
[INFO] --- maven-resources-plugin:2.6:resources (default-resources) @ bf-autogen ---
[INFO] Using 'UTF-8' encoding to copy filtered resources.
[INFO] Copying 11 resources
[INFO] skip non existing resourceDirectory /home/travis/build/openmicroscopy/bioformats/components/autogen/lib
[INFO] Copying 0 resource
[INFO] Copying 0 resource
[INFO] 
[INFO] --- maven-compiler-plugin:3.1:compile (default-compile) @ bf-autogen ---
[INFO] Nothing to compile - all classes are up to date
[INFO] 
[INFO] --- maven-resources-plugin:2.6:testResources (default-testResources) @ bf-autogen ---
[INFO] Using 'UTF-8' encoding to copy filtered resources.
[INFO] skip non existing resourceDirectory /home/travis/build/openmicroscopy/bioformats/components/autogen/test
[INFO] 
[INFO] --- maven-compiler-plugin:3.1:testCompile (default-testCompile) @ bf-autogen ---
[INFO] No sources to compile
[INFO] 
[INFO] --- maven-surefire-plugin:2.16:test (default-test) @ bf-autogen ---
[INFO] No tests to run.
[INFO] 
[INFO] --- maven-jar-plugin:2.4:jar (default-jar) @ bf-autogen ---
[INFO] 
[INFO] >>> maven-source-plugin:2.2.1:jar (default) > generate-sources @ bf-autogen >>>
[INFO] 
[INFO] --- buildnumber-maven-plugin:1.2:create (default) @ bf-autogen ---
[INFO] 
[INFO] <<< maven-source-plugin:2.2.1:jar (default) < generate-sources @ bf-autogen <<<
[INFO] 
[INFO] --- maven-source-plugin:2.2.1:jar (default) @ bf-autogen ---
[INFO] Building jar: /home/travis/build/openmicroscopy/bioformats/components/autogen/target/bf-autogen-5.6.0-SNAPSHOT-sources.jar
[INFO] 
[INFO] --- maven-jar-plugin:2.4:test-jar (default) @ bf-autogen ---
[INFO] Skipping packaging of the test-jar
[INFO] 
[INFO] --- maven-install-plugin:2.5.1:install (default-install) @ bf-autogen ---
[INFO] Installing /home/travis/build/openmicroscopy/bioformats/components/autogen/target/bf-autogen-5.6.0-SNAPSHOT.jar to /home/travis/.m2/repository/ome/bf-autogen/5.6.0-SNAPSHOT/bf-autogen-5.6.0-SNAPSHOT.jar
[INFO] Installing /home/travis/build/openmicroscopy/bioformats/components/autogen/pom.xml to /home/travis/.m2/repository/ome/bf-autogen/5.6.0-SNAPSHOT/bf-autogen-5.6.0-SNAPSHOT.pom
[INFO] Installing /home/travis/build/openmicroscopy/bioformats/components/autogen/target/bf-autogen-5.6.0-SNAPSHOT-sources.jar to /home/travis/.m2/repository/ome/bf-autogen/5.6.0-SNAPSHOT/bf-autogen-5.6.0-SNAPSHOT-sources.jar
[INFO]                                                                         
[INFO] ------------------------------------------------------------------------
[INFO] Building Bio-Formats Plugins for ImageJ 5.6.0-SNAPSHOT
[INFO] ------------------------------------------------------------------------
[INFO] 
[INFO] --- buildnumber-maven-plugin:1.2:create (default) @ bio-formats_plugins ---
[INFO] 
[INFO] --- maven-resources-plugin:2.6:resources (default-resources) @ bio-formats_plugins ---
[INFO] Using 'UTF-8' encoding to copy filtered resources.
[INFO] Copying 3 resources
[INFO] skip non existing resourceDirectory /home/travis/build/openmicroscopy/bioformats/components/bio-formats-plugins/lib
[INFO] Copying 0 resource
[INFO] Copying 0 resource
[INFO] 
[INFO] --- maven-compiler-plugin:3.1:compile (default-compile) @ bio-formats_plugins ---
[INFO] Nothing to compile - all classes are up to date
[INFO] 
[INFO] --- maven-resources-plugin:2.6:testResources (default-testResources) @ bio-formats_plugins ---
[INFO] Using 'UTF-8' encoding to copy filtered resources.
[INFO] Copying 1 resource
[INFO] 
[INFO] --- maven-compiler-plugin:3.1:testCompile (default-testCompile) @ bio-formats_plugins ---
[INFO] Nothing to compile - all classes are up to date
[INFO] 
[INFO] --- maven-surefire-plugin:2.16:test (default-test) @ bio-formats_plugins ---
[INFO] Surefire report directory: /home/travis/build/openmicroscopy/bioformats/components/bio-formats-plugins/target/surefire-reports

-------------------------------------------------------
 T E S T S
-------------------------------------------------------
Running TestSuite
Warning: Data has too many channels for Colorized color mode
Warning: Data has too many channels for Colorized color mode
Warning: Data has too many channels for Colorized color mode
Warning: Data has too many channels for Colorized color mode
Warning: Data has too many channels for Colorized color mode
Warning: Data has too many channels for Colorized color mode
Warning: Data has too many channels for Colorized color mode
Warning: Data has too many channels for Colorized color mode
Warning: Data has too many channels for Composite color mode
Warning: Data has too many channels for Composite color mode
Warning: Data has too many channels for Composite color mode
Warning: Data has too many channels for Composite color mode
Warning: Data has too many channels for Composite color mode
Warning: Data has too many channels for Composite color mode
Warning: Data has too many channels for Composite color mode
Warning: Data has too many channels for Composite color mode
Warning: Data has too many channels for Composite color mode
Warning: Data has too many channels for Composite color mode
Warning: Data has too many channels for Composite color mode
Warning: Data has too many channels for Composite color mode
Warning: Data has too many channels for Composite color mode
Warning: Data has too many channels for Composite color mode
Warning: Data has too many channels for Composite color mode
Warning: Data has too many channels for Composite color mode
Warning: Data has too many channels for Composite color mode
Warning: Data has too many channels for Composite color mode
Warning: Data has too many channels for Composite color mode
Warning: Data has too many channels for Composite color mode
Warning: Data has too many channels for Composite color mode
Warning: Data has too many channels for Composite color mode
Warning: Data has too many channels for Composite color mode
Warning: Data has too many channels for Composite color mode
Warning: Data has too many channels for Composite color mode
Warning: Data has too many channels for Composite color mode
Warning: Data has too many channels for Composite color mode
Warning: Data has too many channels for Composite color mode
Warning: Data has too many channels for Composite color mode
Warning: Data has too many channels for Composite color mode
Warning: Data has too many channels for Composite color mode
Warning: Data has too many channels for Composite color mode
Warning: Data has too many channels for Composite color mode
Warning: Data has too many channels for Composite color mode
Warning: Data has too many channels for Composite color mode
Warning: Data has too many channels for Composite color mode
Warning: Data has too many channels for Composite color mode
Warning: Data has too many channels for Composite color mode
Warning: Data has too many channels for Composite color mode
Warning: Data has too many channels for Composite color mode
Warning: Data has too many channels for Composite color mode
Warning: Data has too many channels for Composite color mode
Warning: Data has too many channels for Composite color mode
Warning: Data has too many channels for Composite color mode
Warning: Data has too many channels for Composite color mode
Warning: Data has too many channels for Composite color mode
Warning: Data has too many channels for Composite color mode
Warning: Data has too many channels for Composite color mode
Warning: Data has too many channels for Composite color mode
Warning: Data has too many channels for Composite color mode
Warning: Data has too many channels for Composite color mode
Warning: Data has too many channels for Composite color mode
Warning: Data has too many channels for Composite color mode
Warning: Data has too many channels for Composite color mode
Warning: Data has too many channels for Composite color mode
Warning: Data has too many channels for Composite color mode
Warning: Data has too many channels for Composite color mode
Warning: Data has too many channels for Composite color mode
Warning: Data has too many channels for Composite color mode
Warning: Data has too many channels for Composite color mode
Warning: Data has too many channels for Composite color mode
Warning: Data has too many channels for Composite color mode
Warning: Data has too many channels for Composite color mode
Warning: Data has too many channels for Composite color mode
Warning: Data has too many channels for Composite color mode
Warning: Data has too many channels for Composite color mode
Warning: Data has too many channels for Composite color mode
Warning: Data has too many channels for Composite color mode
Warning: Data has too many channels for Custom color mode
Warning: Data has too many channels for Custom color mode
Warning: Data has too many channels for Custom color mode
Warning: Data has too many channels for Custom color mode
Warning: Data has too many channels for Custom color mode
Warning: Data has too many channels for Custom color mode
Warning: Data has too many channels for Custom color mode
Warning: Data has too many channels for Custom color mode
Warning: Data has too many channels for Default color mode
Warning: Data has too many channels for Default color mode
Warning: Data has too many channels for Default color mode
Warning: Data has too many channels for Default color mode
Warning: Data has too many channels for Default color mode
Warning: Data has too many channels for Default color mode
Warning: Data has too many channels for Default color mode
Warning: Data has too many channels for Default color mode
Warning: Data has too many channels for Default color mode
Warning: Data has too many channels for Default color mode
Warning: Data has too many channels for Default color mode
Warning: Data has too many channels for Default color mode
Warning: Data has too many channels for Default color mode
Warning: Data has too many channels for Default color mode
Warning: Data has too many channels for Default color mode
Warning: Data has too many channels for Default color mode
Warning: Data has too many channels for Grayscale color mode
Warning: Data has too many channels for Grayscale color mode
Warning: Data has too many channels for Grayscale color mode
Warning: Data has too many channels for Grayscale color mode
Warning: Data has too many channels for Grayscale color mode
Warning: Data has too many channels for Grayscale color mode
Warning: Data has too many channels for Grayscale color mode
Warning: Data has too many channels for Grayscale color mode
Warning: Data has too many channels for Colorized color mode
Warning: Data has too many channels for Colorized color mode
Warning: Data has too many channels for Colorized color mode
Warning: Data has too many channels for Default color mode
Tests run: 30, Failures: 0, Errors: 0, Skipped: 0, Time elapsed: 23.772 sec - in TestSuite

Results :

Tests run: 30, Failures: 0, Errors: 0, Skipped: 0

[INFO] 
[INFO] --- maven-jar-plugin:2.4:jar (default-jar) @ bio-formats_plugins ---
[INFO] 
[INFO] >>> maven-source-plugin:2.2.1:jar (default) > generate-sources @ bio-formats_plugins >>>
[INFO] 
[INFO] --- buildnumber-maven-plugin:1.2:create (default) @ bio-formats_plugins ---
[INFO] 
[INFO] <<< maven-source-plugin:2.2.1:jar (default) < generate-sources @ bio-formats_plugins <<<
[INFO] 
[INFO] --- maven-source-plugin:2.2.1:jar (default) @ bio-formats_plugins ---
[INFO] Building jar: /home/travis/build/openmicroscopy/bioformats/components/bio-formats-plugins/target/bio-formats_plugins-5.6.0-SNAPSHOT-sources.jar
[INFO] 
[INFO] --- maven-jar-plugin:2.4:test-jar (default) @ bio-formats_plugins ---
[INFO] 
[INFO] --- maven-install-plugin:2.5.1:install (default-install) @ bio-formats_plugins ---
[INFO] Installing /home/travis/build/openmicroscopy/bioformats/components/bio-formats-plugins/target/bio-formats_plugins-5.6.0-SNAPSHOT.jar to /home/travis/.m2/repository/ome/bio-formats_plugins/5.6.0-SNAPSHOT/bio-formats_plugins-5.6.0-SNAPSHOT.jar
[INFO] Installing /home/travis/build/openmicroscopy/bioformats/components/bio-formats-plugins/pom.xml to /home/travis/.m2/repository/ome/bio-formats_plugins/5.6.0-SNAPSHOT/bio-formats_plugins-5.6.0-SNAPSHOT.pom
[INFO] Installing /home/travis/build/openmicroscopy/bioformats/components/bio-formats-plugins/target/bio-formats_plugins-5.6.0-SNAPSHOT-sources.jar to /home/travis/.m2/repository/ome/bio-formats_plugins/5.6.0-SNAPSHOT/bio-formats_plugins-5.6.0-SNAPSHOT-sources.jar
[INFO] Installing /home/travis/build/openmicroscopy/bioformats/components/bio-formats-plugins/target/bio-formats_plugins-5.6.0-SNAPSHOT-tests.jar to /home/travis/.m2/repository/ome/bio-formats_plugins/5.6.0-SNAPSHOT/bio-formats_plugins-5.6.0-SNAPSHOT-tests.jar
[INFO]                                                                         
[INFO] ------------------------------------------------------------------------
[INFO] Building Bio-Formats command line tools 5.6.0-SNAPSHOT
[INFO] ------------------------------------------------------------------------
[INFO] 
[INFO] --- buildnumber-maven-plugin:1.2:create (default) @ bio-formats-tools ---
[INFO] 
[INFO] --- maven-resources-plugin:2.6:resources (default-resources) @ bio-formats-tools ---
[INFO] Using 'UTF-8' encoding to copy filtered resources.
[INFO] Copying 0 resource
[INFO] skip non existing resourceDirectory /home/travis/build/openmicroscopy/bioformats/components/bio-formats-tools/lib
[INFO] Copying 0 resource
[INFO] Copying 0 resource
[INFO] 
[INFO] --- maven-compiler-plugin:3.1:compile (default-compile) @ bio-formats-tools ---
[INFO] Nothing to compile - all classes are up to date
[INFO] 
[INFO] --- maven-resources-plugin:2.6:testResources (default-testResources) @ bio-formats-tools ---
[INFO] Using 'UTF-8' encoding to copy filtered resources.
[INFO] Copying 1 resource
[INFO] 
[INFO] --- maven-compiler-plugin:3.1:testCompile (default-testCompile) @ bio-formats-tools ---
[INFO] Nothing to compile - all classes are up to date
[INFO] 
[INFO] --- maven-surefire-plugin:2.16:test (default-test) @ bio-formats-tools ---
[INFO] Surefire report directory: /home/travis/build/openmicroscopy/bioformats/components/bio-formats-tools/target/surefire-reports

-------------------------------------------------------
 T E S T S
-------------------------------------------------------
Running loci.formats.tools.ImageConverterTest
Configuring TestNG with: TestNG652Configurator
Tests run: 14, Failures: 0, Errors: 0, Skipped: 0, Time elapsed: 16.73 sec - in loci.formats.tools.ImageConverterTest

Results :

Tests run: 14, Failures: 0, Errors: 0, Skipped: 0

[INFO] 
[INFO] --- maven-jar-plugin:2.4:jar (default-jar) @ bio-formats-tools ---
[INFO] 
[INFO] >>> maven-source-plugin:2.2.1:jar (default) > generate-sources @ bio-formats-tools >>>
[INFO] 
[INFO] --- buildnumber-maven-plugin:1.2:create (default) @ bio-formats-tools ---
[INFO] 
[INFO] <<< maven-source-plugin:2.2.1:jar (default) < generate-sources @ bio-formats-tools <<<
[INFO] 
[INFO] --- maven-source-plugin:2.2.1:jar (default) @ bio-formats-tools ---
[INFO] Building jar: /home/travis/build/openmicroscopy/bioformats/components/bio-formats-tools/target/bio-formats-tools-5.6.0-SNAPSHOT-sources.jar
[INFO] 
[INFO] --- maven-jar-plugin:2.4:test-jar (default) @ bio-formats-tools ---
[INFO] 
[INFO] --- maven-install-plugin:2.5.1:install (default-install) @ bio-formats-tools ---
[INFO] Installing /home/travis/build/openmicroscopy/bioformats/components/bio-formats-tools/target/bio-formats-tools-5.6.0-SNAPSHOT.jar to /home/travis/.m2/repository/ome/bio-formats-tools/5.6.0-SNAPSHOT/bio-formats-tools-5.6.0-SNAPSHOT.jar
[INFO] Installing /home/travis/build/openmicroscopy/bioformats/components/bio-formats-tools/pom.xml to /home/travis/.m2/repository/ome/bio-formats-tools/5.6.0-SNAPSHOT/bio-formats-tools-5.6.0-SNAPSHOT.pom
[INFO] Installing /home/travis/build/openmicroscopy/bioformats/components/bio-formats-tools/target/bio-formats-tools-5.6.0-SNAPSHOT-sources.jar to /home/travis/.m2/repository/ome/bio-formats-tools/5.6.0-SNAPSHOT/bio-formats-tools-5.6.0-SNAPSHOT-sources.jar
[INFO] Installing /home/travis/build/openmicroscopy/bioformats/components/bio-formats-tools/target/bio-formats-tools-5.6.0-SNAPSHOT-tests.jar to /home/travis/.m2/repository/ome/bio-formats-tools/5.6.0-SNAPSHOT/bio-formats-tools-5.6.0-SNAPSHOT-tests.jar
[INFO]                                                                         
[INFO] ------------------------------------------------------------------------
[INFO] Building bioformats_package bundle 5.6.0-SNAPSHOT
[INFO] ------------------------------------------------------------------------
[INFO] 
[INFO] --- buildnumber-maven-plugin:1.2:create (default) @ bioformats_package ---
[INFO] 
[INFO] >>> maven-source-plugin:2.2.1:jar (default) > generate-sources @ bioformats_package >>>
[INFO] 
[INFO] --- buildnumber-maven-plugin:1.2:create (default) @ bioformats_package ---
[INFO] 
[INFO] <<< maven-source-plugin:2.2.1:jar (default) < generate-sources @ bioformats_package <<<
[INFO] 
[INFO] --- maven-source-plugin:2.2.1:jar (default) @ bioformats_package ---
[INFO] 
[INFO] --- maven-assembly-plugin:2.4:single (make-assembly) @ bioformats_package ---
[INFO] Reading assembly descriptor: assembly.xml
[WARNING] The following patterns were never triggered in this artifact exclusion filter:
o  'gov.nih.imagej:imagej'
o  'net.imagej:ij'
o  'org.springframework:spring*'
o  'aopalliance:aopalliance'
o  'org.aspectj:aspectj*'
o  'org.slf4j:slf4j-log4j12'
o  'log4j:log4j'
o  'org.testng:testng'
o  'com.beust:jcommander'
o  'org.yaml:snakeyaml'
o  'org.beanshell:bsh'
o  'edu.princeton.cup:java-cup'
o  'org.apache.bcel:bcel'
o  'commons-codec:commons-codec'
o  'regexp:regexp'
o  'org.apache.ant:ant-trax'
o  'edu.ucar:udunits'
o  'javax.servlet:servlet-api'

Downloading: https://oss.sonatype.org/content/repositories/releases/edu/ucar/thredds-parent/4.3.22/thredds-parent-4.3.22.pom
Downloading: https://repository.apache.org/releases/edu/ucar/thredds-parent/4.3.22/thredds-parent-4.3.22.pom
[INFO] Building jar: /home/travis/build/openmicroscopy/bioformats/components/bundles/bioformats_package/target/bioformats_package-5.6.0-SNAPSHOT.jar
[INFO] 
[INFO] --- maven-install-plugin:2.5.1:install (default-install) @ bioformats_package ---
[INFO] Installing /home/travis/build/openmicroscopy/bioformats/components/bundles/bioformats_package/pom.xml to /home/travis/.m2/repository/ome/bioformats_package/5.6.0-SNAPSHOT/bioformats_package-5.6.0-SNAPSHOT.pom
[INFO] Installing /home/travis/build/openmicroscopy/bioformats/components/bundles/bioformats_package/target/bioformats_package-5.6.0-SNAPSHOT.jar to /home/travis/.m2/repository/ome/bioformats_package/5.6.0-SNAPSHOT/bioformats_package-5.6.0-SNAPSHOT.jar
[INFO]                                                                         
[INFO] ------------------------------------------------------------------------
[INFO] Building LOCI Tools bundle 5.6.0-SNAPSHOT
[INFO] ------------------------------------------------------------------------
[INFO] 
[INFO] --- buildnumber-maven-plugin:1.2:create (default) @ loci_tools ---
[INFO] 
[INFO] >>> maven-source-plugin:2.2.1:jar (default) > generate-sources @ loci_tools >>>
[INFO] 
[INFO] --- buildnumber-maven-plugin:1.2:create (default) @ loci_tools ---
[INFO] 
[INFO] <<< maven-source-plugin:2.2.1:jar (default) < generate-sources @ loci_tools <<<
[INFO] 
[INFO] --- maven-source-plugin:2.2.1:jar (default) @ loci_tools ---
[INFO] 
[INFO] --- maven-assembly-plugin:2.4:single (make-assembly) @ loci_tools ---
[INFO] Reading assembly descriptor: assembly.xml
[WARNING] The following patterns were never triggered in this artifact exclusion filter:
o  'gov.nih.imagej:imagej'
o  'net.imagej:ij'
o  'org.testng:testng'
o  'com.beust:jcommander'
o  'org.yaml:snakeyaml'
o  'org.beanshell:bsh'
o  'edu.princeton.cup:java-cup'
o  'org.apache.bcel:bcel'
o  'commons-codec:commons-codec'
o  'regexp:regexp'
o  'org.apache.ant:ant-trax'
o  'edu.ucar:udunits'
o  'javax.servlet:servlet-api'

[INFO] Building jar: /home/travis/build/openmicroscopy/bioformats/components/bundles/loci_tools/target/loci_tools-5.6.0-SNAPSHOT.jar
[INFO] 
[INFO] --- maven-install-plugin:2.5.1:install (default-install) @ loci_tools ---
[INFO] Installing /home/travis/build/openmicroscopy/bioformats/components/bundles/loci_tools/pom.xml to /home/travis/.m2/repository/ome/loci_tools/5.6.0-SNAPSHOT/loci_tools-5.6.0-SNAPSHOT.pom
[INFO] Installing /home/travis/build/openmicroscopy/bioformats/components/bundles/loci_tools/target/loci_tools-5.6.0-SNAPSHOT.jar to /home/travis/.m2/repository/ome/loci_tools/5.6.0-SNAPSHOT/loci_tools-5.6.0-SNAPSHOT.jar
[INFO]                                                                         
[INFO] ------------------------------------------------------------------------
[INFO] Building Bio-Formats testing framework 5.6.0-SNAPSHOT
[INFO] ------------------------------------------------------------------------
[INFO] 
[INFO] --- buildnumber-maven-plugin:1.2:create (default) @ test-suite ---
[INFO] 
[INFO] --- maven-resources-plugin:2.6:resources (default-resources) @ test-suite ---
[INFO] Using 'UTF-8' encoding to copy filtered resources.
[INFO] Copying 0 resource
[INFO] skip non existing resourceDirectory /home/travis/build/openmicroscopy/bioformats/components/test-suite/lib
[INFO] Copying 0 resource
[INFO] Copying 0 resource
[INFO] 
[INFO] --- maven-compiler-plugin:3.1:compile (default-compile) @ test-suite ---
[INFO] Nothing to compile - all classes are up to date
[INFO] 
[INFO] --- maven-resources-plugin:2.6:testResources (default-testResources) @ test-suite ---
[INFO] Using 'UTF-8' encoding to copy filtered resources.
[INFO] skip non existing resourceDirectory /home/travis/build/openmicroscopy/bioformats/components/test-suite/test
[INFO] 
[INFO] --- maven-compiler-plugin:3.1:testCompile (default-testCompile) @ test-suite ---
[INFO] No sources to compile
[INFO] 
[INFO] --- maven-surefire-plugin:2.16:test (default-test) @ test-suite ---
[INFO] No tests to run.
[INFO] 
[INFO] --- maven-jar-plugin:2.4:jar (default-jar) @ test-suite ---
[INFO] 
[INFO] >>> maven-source-plugin:2.2.1:jar (default) > generate-sources @ test-suite >>>
[INFO] 
[INFO] --- buildnumber-maven-plugin:1.2:create (default) @ test-suite ---
[INFO] 
[INFO] <<< maven-source-plugin:2.2.1:jar (default) < generate-sources @ test-suite <<<
[INFO] 
[INFO] --- maven-source-plugin:2.2.1:jar (default) @ test-suite ---
[INFO] Building jar: /home/travis/build/openmicroscopy/bioformats/components/test-suite/target/test-suite-5.6.0-SNAPSHOT-sources.jar
[INFO] 
[INFO] --- maven-jar-plugin:2.4:test-jar (default) @ test-suite ---
[INFO] Skipping packaging of the test-jar
[INFO] 
[INFO] --- maven-install-plugin:2.5.1:install (default-install) @ test-suite ---
[INFO] Installing /home/travis/build/openmicroscopy/bioformats/components/test-suite/target/test-suite-5.6.0-SNAPSHOT.jar to /home/travis/.m2/repository/ome/test-suite/5.6.0-SNAPSHOT/test-suite-5.6.0-SNAPSHOT.jar
[INFO] Installing /home/travis/build/openmicroscopy/bioformats/components/test-suite/pom.xml to /home/travis/.m2/repository/ome/test-suite/5.6.0-SNAPSHOT/test-suite-5.6.0-SNAPSHOT.pom
[INFO] Installing /home/travis/build/openmicroscopy/bioformats/components/test-suite/target/test-suite-5.6.0-SNAPSHOT-sources.jar to /home/travis/.m2/repository/ome/test-suite/5.6.0-SNAPSHOT/test-suite-5.6.0-SNAPSHOT-sources.jar
[INFO]                                                                         
[INFO] ------------------------------------------------------------------------
[INFO] Building Bio-Formats Sphinx documentation 5.6.0-SNAPSHOT
[INFO] ------------------------------------------------------------------------
[INFO] 
[INFO] --- buildnumber-maven-plugin:1.2:create (default) @ formats-docs ---
[INFO] 
[INFO] --- maven-resources-plugin:2.6:resources (default-resources) @ formats-docs ---
[INFO] Using 'UTF-8' encoding to copy filtered resources.
[INFO] Copying 4 resources
[INFO] 
[INFO] --- maven-compiler-plugin:3.1:compile (default-compile) @ formats-docs ---
[INFO] Nothing to compile - all classes are up to date
[INFO] 
[INFO] --- maven-resources-plugin:2.6:testResources (default-testResources) @ formats-docs ---
[INFO] Using 'UTF-8' encoding to copy filtered resources.
[INFO] skip non existing resourceDirectory /home/travis/build/openmicroscopy/bioformats/docs/sphinx/test
[INFO] 
[INFO] --- maven-compiler-plugin:3.1:testCompile (default-testCompile) @ formats-docs ---
[INFO] No sources to compile
[INFO] 
[INFO] --- maven-surefire-plugin:2.16:test (default-test) @ formats-docs ---
[INFO] No tests to run.
[INFO] 
[INFO] >>> exec-maven-plugin:1.2.1:java (default) > validate @ formats-docs >>>
[INFO] 
[INFO] --- buildnumber-maven-plugin:1.2:create (default) @ formats-docs ---
[INFO] 
[INFO] <<< exec-maven-plugin:1.2.1:java (default) < validate @ formats-docs <<<
[INFO] 
[INFO] --- exec-maven-plugin:1.2.1:java (default) @ formats-docs ---
Executing ReadPhysicalSize
Physical calibration - Image: 0
	X = 1.0 nm = 0.001 µm
	Y = 0.1 µm = 0.1 µm
Success
Executing FileConvert
Success
Executing FileExport
Success
Executing FileExportSPW
Success
Executing SimpleTiledWriter
Success
Executing TiledReaderWriter
Success
Executing TiledReaderWriter
Success
Executing OverlappedTiledWriter
Success
Executing OverlappedTiledWriter
Success
Executing ReadWriteInMemory
Reading file into memory from disk...
0 bytes read.

Reading image data from memory...
Series count: 1
First series:
	Image count = 1
	SizeX = 512
	SizeY = 512
	SizeZ = 1
	SizeC = 1
	SizeT = 1

Writing planes to destination in memory: .

Flushing image data to disk...
Success
Executing OrthogonalReader
2017-07-12 10:55:41,922 [ExampleSuite.main()] INFO  loci.formats.ImageReader - FakeReader initializing /home/travis/build/openmicroscopy/bioformats/docs/sphinx/target/classes/test.fake
Success
[INFO] 
[INFO] --- maven-jar-plugin:2.4:jar (default-jar) @ formats-docs ---
[INFO] Building jar: /home/travis/build/openmicroscopy/bioformats/docs/sphinx/target/formats-docs-5.6.0-SNAPSHOT.jar
[INFO] 
[INFO] >>> maven-source-plugin:2.2.1:jar (default) > generate-sources @ formats-docs >>>
[INFO] 
[INFO] --- buildnumber-maven-plugin:1.2:create (default) @ formats-docs ---
[INFO] 
[INFO] <<< maven-source-plugin:2.2.1:jar (default) < generate-sources @ formats-docs <<<
[INFO] 
[INFO] --- maven-source-plugin:2.2.1:jar (default) @ formats-docs ---
[INFO] 
[INFO] --- maven-jar-plugin:2.4:test-jar (default) @ formats-docs ---
[INFO] Skipping packaging of the test-jar
[INFO] 
[INFO] --- maven-install-plugin:2.5.1:install (default-install) @ formats-docs ---
[INFO] Skipping artifact installation
[INFO] ------------------------------------------------------------------------
[INFO] Reactor Summary:
[INFO] 
[INFO] Bio-Formats projects ............................... SUCCESS [  2.452 s]
[INFO] JAI Image I/O Tools ................................ SUCCESS [  5.627 s]
[INFO] libjpeg-turbo Java bindings ........................ SUCCESS [  0.483 s]
[INFO] Bio-Formats API .................................... SUCCESS [  5.728 s]
[INFO] BSD Bio-Formats readers and writers ................ SUCCESS [06:04 min]
[INFO] Bio-Formats library ................................ SUCCESS [ 17.850 s]
[INFO] Bio-Formats code generator ......................... SUCCESS [  0.177 s]
[INFO] Bio-Formats Plugins for ImageJ ..................... SUCCESS [ 25.041 s]
[INFO] Bio-Formats command line tools ..................... SUCCESS [ 17.622 s]
[INFO] bioformats_package bundle .......................... SUCCESS [ 18.001 s]
[INFO] LOCI Tools bundle .................................. SUCCESS [ 10.401 s]
[INFO] Bio-Formats testing framework ...................... SUCCESS [  0.279 s]
[INFO] Bio-Formats Sphinx documentation ................... SUCCESS [  8.681 s]
[INFO] ------------------------------------------------------------------------
[INFO] BUILD SUCCESS
[INFO] ------------------------------------------------------------------------
[INFO] Total time: 07:58 min
[INFO] Finished at: 2017-07-12T10:55:46+00:00
[INFO] Final Memory: 23M/497M
[INFO] ------------------------------------------------------------------------
+exit 0

travis_time:end:139f2e40:start=1499856465266005871,finish=1499856947732969405,duration=482466963534[0K
[32;1mThe command "./tools/test-build $BUILD" exited with 0.[0m
travis_fold:start:cache.2[0Kstore build cache
travis_time:start:0543beff[0K
travis_time:end:0543beff:start=1499856947747346859,finish=1499856947755375230,duration=8028371[0Ktravis_time:start:1aade200[0K[32;1mchange detected (content changed, file is created, or file is deleted):
/home/travis/.m2/repository/edu/ucar/thredds-parent/4.3.22/thredds-parent-4.3.22.pom.lastUpdated
/home/travis/.m2/repository/ome/bf-autogen/5.6.0-SNAPSHOT/bf-autogen-5.6.0-SNAPSHOT.jar
/home/travis/.m2/repository/ome/bf-autogen/5.6.0-SNAPSHOT/bf-autogen-5.6.0-SNAPSHOT-sources.jar
/home/travis/.m2/repository/ome/bf-autogen/5.6.0-SNAPSHOT/maven-metadata-local.xml
/home/travis/.m2/repository/ome/bf-autogen/5.6.0-SNAPSHOT/_remote.repositories
/home/travis/.m2/repository/ome/bf-autogen/maven-metadata-local.xml
/home/travis/.m2/repository/ome/bioformats_package/5.6.0-SNAPSHOT/bioformats_package-5.6.0-SNAPSHOT.jar
/home/travis/.m2/repository/ome/bioformats_package/5.6.0-SNAPSHOT/maven-metadata-local.xml
/home/travis/.m2/repository/ome/bioformats_package/5.6.0-SNAPSHOT/_remote.repositories
/home/travis/.m2/repository/ome/bioformats_package/maven-metadata-local.xml
/home/travis/.m2/repository/ome/bio-formats_plugins/5.6.0-SNAPSHOT/bio-formats_plugins-5.6.0-SNAPSHOT.jar
/home/travis/.m2/repositor
[0m
[32;1m...
[0m
[32;1mchanges detected, packing new archive[0m
.
.
.
.
.
.
.
.
.
.
.
.
.
.
.
[32;1muploading archive[0m

travis_time:end:1aade200:start=1499856947763696827,finish=1499857071934060889,duration=124170364062[0Ktravis_fold:end:cache.2[0K
Done. Your build exited with 0.
