Using worker: worker-linux-docker-948a0f6d.prod.travis-ci.org:travis-linux-4

travis_fold:start:system_info[0K[33;1mBuild system information[0m
Build language: java
[34m[1mBuild image provisioning date and time[0m
Thu Feb  5 15:09:33 UTC 2015
[34m[1mOperating System Details[0m
Distributor ID:	Ubuntu
Description:	Ubuntu 12.04.5 LTS
Release:	12.04
Codename:	precise
[34m[1mLinux Version[0m
3.13.0-29-generic
[34m[1mCookbooks Version[0m
a68419e https://github.com/travis-ci/travis-cookbooks/tree/a68419e
[34m[1mGCC version[0m
gcc (Ubuntu/Linaro 4.6.3-1ubuntu5) 4.6.3
Copyright (C) 2011 Free Software Foundation, Inc.
This is free software; see the source for copying conditions.  There is NO
warranty; not even for MERCHANTABILITY or FITNESS FOR A PARTICULAR PURPOSE.

[34m[1mLLVM version[0m
clang version 3.4 (tags/RELEASE_34/final)
Target: x86_64-unknown-linux-gnu
Thread model: posix
[34m[1mPre-installed Ruby versions[0m
ruby-1.9.3-p551
[34m[1mPre-installed Node.js versions[0m
v0.10.36
[34m[1mPre-installed Go versions[0m
1.4.1
[34m[1mRedis version[0m
redis-server 2.8.19
[34m[1mriak version[0m
2.0.2
[34m[1mMongoDB version[0m
MongoDB 2.4.12
[34m[1mCouchDB version[0m
couchdb 1.6.1
[34m[1mNeo4j version[0m
1.9.4
[34m[1mRabbitMQ Version[0m
3.4.3
[34m[1mElasticSearch version[0m
1.4.0
[34m[1mInstalled Sphinx versions[0m
2.0.10
2.1.9
2.2.6
[34m[1mDefault Sphinx version[0m
2.2.6
[34m[1mInstalled Firefox version[0m
firefox 31.0esr
[34m[1mPhantomJS version[0m
1.9.8
[34m[1mant -version[0m
Apache Ant(TM) version 1.8.2 compiled on December 3 2011
[34m[1mmvn -version[0m
Apache Maven 3.2.5 (12a6b3acb947671f09b81f49094c53f426d8cea1; 2014-12-14T17:29:23+00:00)
Maven home: /usr/local/maven
Java version: 1.7.0_76, vendor: Oracle Corporation
Java home: /usr/lib/jvm/java-7-oracle/jre
Default locale: en_US, platform encoding: ANSI_X3.4-1968
OS name: "linux", version: "3.13.0-29-generic", arch: "amd64", family: "unix"
travis_fold:end:system_info[0K
travis_fold:start:git.checkout[0Ktravis_time:start:02e2a484[0K$ git clone --depth=50 --branch=jwilson_1113_imports_test https://github.com/square/javapoet.git square/javapoet
Cloning into 'square/javapoet'...
remote: Counting objects: 669, done.[K
remote: Compressing objects:   0% (1/244)   [Kremote: Compressing objects:   1% (3/244)   [Kremote: Compressing objects:   2% (5/244)   [Kremote: Compressing objects:   3% (8/244)   [Kremote: Compressing objects:   4% (10/244)   [Kremote: Compressing objects:   5% (13/244)   [Kremote: Compressing objects:   6% (15/244)   [Kremote: Compressing objects:   7% (18/244)   [Kremote: Compressing objects:   8% (20/244)   [Kremote: Compressing objects:   9% (22/244)   [Kremote: Compressing objects:  10% (25/244)   [Kremote: Compressing objects:  11% (27/244)   [Kremote: Compressing objects:  12% (30/244)   [Kremote: Compressing objects:  13% (32/244)   [Kremote: Compressing objects:  14% (35/244)   [Kremote: Compressing objects:  15% (37/244)   [Kremote: Compressing objects:  16% (40/244)   [Kremote: Compressing objects:  17% (42/244)   [Kremote: Compressing objects:  18% (44/244)   [Kremote: Compressing objects:  19% (47/244)   [Kremote: Compressing objects:  20% (49/244)   [Kremote: Compressing objects:  21% (52/244)   [Kremote: Compressing objects:  22% (54/244)   [Kremote: Compressing objects:  23% (57/244)   [Kremote: Compressing objects:  24% (59/244)   [Kremote: Compressing objects:  25% (61/244)   [Kremote: Compressing objects:  26% (64/244)   [Kremote: Compressing objects:  27% (66/244)   [Kremote: Compressing objects:  28% (69/244)   [Kremote: Compressing objects:  29% (71/244)   [Kremote: Compressing objects:  30% (74/244)   [Kremote: Compressing objects:  31% (76/244)   [Kremote: Compressing objects:  32% (79/244)   [Kremote: Compressing objects:  33% (81/244)   [Kremote: Compressing objects:  34% (83/244)   [Kremote: Compressing objects:  35% (86/244)   [Kremote: Compressing objects:  36% (88/244)   [Kremote: Compressing objects:  37% (91/244)   [Kremote: Compressing objects:  38% (93/244)   [Kremote: Compressing objects:  39% (96/244)   [Kremote: Compressing objects:  40% (98/244)   [Kremote: Compressing objects:  41% (101/244)   [Kremote: Compressing objects:  42% (103/244)   [Kremote: Compressing objects:  43% (105/244)   [Kremote: Compressing objects:  44% (108/244)   [Kremote: Compressing objects:  45% (110/244)   [Kremote: Compressing objects:  46% (113/244)   [Kremote: Compressing objects:  47% (115/244)   [Kremote: Compressing objects:  48% (118/244)   [Kremote: Compressing objects:  49% (120/244)   [Kremote: Compressing objects:  50% (122/244)   [Kremote: Compressing objects:  51% (125/244)   [Kremote: Compressing objects:  52% (127/244)   [Kremote: Compressing objects:  53% (130/244)   [Kremote: Compressing objects:  54% (132/244)   [Kremote: Compressing objects:  55% (135/244)   [Kremote: Compressing objects:  56% (137/244)   [Kremote: Compressing objects:  57% (140/244)   [Kremote: Compressing objects:  58% (142/244)   [Kremote: Compressing objects:  59% (144/244)   [Kremote: Compressing objects:  60% (147/244)   [Kremote: Compressing objects:  61% (149/244)   [Kremote: Compressing objects:  62% (152/244)   [Kremote: Compressing objects:  63% (154/244)   [Kremote: Compressing objects:  64% (157/244)   [Kremote: Compressing objects:  65% (159/244)   [Kremote: Compressing objects:  66% (162/244)   [Kremote: Compressing objects:  67% (164/244)   [Kremote: Compressing objects:  68% (166/244)   [Kremote: Compressing objects:  69% (169/244)   [Kremote: Compressing objects:  70% (171/244)   [Kremote: Compressing objects:  71% (174/244)   [Kremote: Compressing objects:  72% (176/244)   [Kremote: Compressing objects:  73% (179/244)   [Kremote: Compressing objects:  74% (181/244)   [Kremote: Compressing objects:  75% (183/244)   [Kremote: Compressing objects:  76% (186/244)   [Kremote: Compressing objects:  77% (188/244)   [Kremote: Compressing objects:  78% (191/244)   [Kremote: Compressing objects:  79% (193/244)   [Kremote: Compressing objects:  80% (196/244)   [Kremote: Compressing objects:  81% (198/244)   [Kremote: Compressing objects:  82% (201/244)   [Kremote: Compressing objects:  83% (203/244)   [Kremote: Compressing objects:  84% (205/244)   [Kremote: Compressing objects:  85% (208/244)   [Kremote: Compressing objects:  86% (210/244)   [Kremote: Compressing objects:  87% (213/244)   [Kremote: Compressing objects:  88% (215/244)   [Kremote: Compressing objects:  89% (218/244)   [Kremote: Compressing objects:  90% (220/244)   [Kremote: Compressing objects:  91% (223/244)   [Kremote: Compressing objects:  92% (225/244)   [Kremote: Compressing objects:  93% (227/244)   [Kremote: Compressing objects:  94% (230/244)   [Kremote: Compressing objects:  95% (232/244)   [Kremote: Compressing objects:  96% (235/244)   [Kremote: Compressing objects:  97% (237/244)   [Kremote: Compressing objects:  98% (240/244)   [Kremote: Compressing objects:  99% (242/244)   [Kremote: Compressing objects: 100% (244/244)   [Kremote: Compressing objects: 100% (244/244), done.[K
Receiving objects:   0% (1/669)   Receiving objects:   1% (7/669)   Receiving objects:   2% (14/669)   Receiving objects:   3% (21/669)   Receiving objects:   4% (27/669)   Receiving objects:   5% (34/669)   Receiving objects:   6% (41/669)   Receiving objects:   7% (47/669)   Receiving objects:   8% (54/669)   Receiving objects:   9% (61/669)   Receiving objects:  10% (67/669)   Receiving objects:  11% (74/669)   Receiving objects:  12% (81/669)   Receiving objects:  13% (87/669)   Receiving objects:  14% (94/669)   Receiving objects:  15% (101/669)   Receiving objects:  16% (108/669)   Receiving objects:  17% (114/669)   Receiving objects:  18% (121/669)   Receiving objects:  19% (128/669)   Receiving objects:  20% (134/669)   Receiving objects:  21% (141/669)   Receiving objects:  22% (148/669)   Receiving objects:  23% (154/669)   Receiving objects:  24% (161/669)   Receiving objects:  25% (168/669)   Receiving objects:  26% (174/669)   Receiving objects:  27% (181/669)   Receiving objects:  28% (188/669)   Receiving objects:  29% (195/669)   Receiving objects:  30% (201/669)   Receiving objects:  31% (208/669)   Receiving objects:  32% (215/669)   Receiving objects:  33% (221/669)   Receiving objects:  34% (228/669)   Receiving objects:  35% (235/669)   Receiving objects:  36% (241/669)   Receiving objects:  37% (248/669)   Receiving objects:  38% (255/669)   Receiving objects:  39% (261/669)   Receiving objects:  40% (268/669)   Receiving objects:  41% (275/669)   Receiving objects:  42% (281/669)   Receiving objects:  43% (288/669)   Receiving objects:  44% (295/669)   Receiving objects:  45% (302/669)   Receiving objects:  46% (308/669)   Receiving objects:  47% (315/669)   Receiving objects:  48% (322/669)   Receiving objects:  49% (328/669)   Receiving objects:  50% (335/669)   Receiving objects:  51% (342/669)   Receiving objects:  52% (348/669)   Receiving objects:  53% (355/669)   Receiving objects:  54% (362/669)   Receiving objects:  55% (368/669)   Receiving objects:  56% (375/669)   Receiving objects:  57% (382/669)   Receiving objects:  58% (389/669)   Receiving objects:  59% (395/669)   remote: Total 669 (delta 236), reused 586 (delta 173), pack-reused 0[K
Receiving objects:  60% (402/669)   Receiving objects:  61% (409/669)   Receiving objects:  62% (415/669)   Receiving objects:  63% (422/669)   Receiving objects:  64% (429/669)   Receiving objects:  65% (435/669)   Receiving objects:  66% (442/669)   Receiving objects:  67% (449/669)   Receiving objects:  68% (455/669)   Receiving objects:  69% (462/669)   Receiving objects:  70% (469/669)   Receiving objects:  71% (475/669)   Receiving objects:  72% (482/669)   Receiving objects:  73% (489/669)   Receiving objects:  74% (496/669)   Receiving objects:  75% (502/669)   Receiving objects:  76% (509/669)   Receiving objects:  77% (516/669)   Receiving objects:  78% (522/669)   Receiving objects:  79% (529/669)   Receiving objects:  80% (536/669)   Receiving objects:  81% (542/669)   Receiving objects:  82% (549/669)   Receiving objects:  83% (556/669)   Receiving objects:  84% (562/669)   Receiving objects:  85% (569/669)   Receiving objects:  86% (576/669)   Receiving objects:  87% (583/669)   Receiving objects:  88% (589/669)   Receiving objects:  89% (596/669)   Receiving objects:  90% (603/669)   Receiving objects:  91% (609/669)   Receiving objects:  92% (616/669)   Receiving objects:  93% (623/669)   Receiving objects:  94% (629/669)   Receiving objects:  95% (636/669)   Receiving objects:  96% (643/669)   Receiving objects:  97% (649/669)   Receiving objects:  98% (656/669)   Receiving objects:  99% (663/669)   Receiving objects: 100% (669/669)   Receiving objects: 100% (669/669), 158.88 KiB | 0 bytes/s, done.
Resolving deltas:   0% (0/236)   Resolving deltas:   1% (3/236)   Resolving deltas:   2% (7/236)   Resolving deltas:   4% (11/236)   Resolving deltas:   7% (18/236)   Resolving deltas:   8% (19/236)   Resolving deltas:  11% (26/236)   Resolving deltas:  12% (30/236)   Resolving deltas:  15% (36/236)   Resolving deltas:  16% (40/236)   Resolving deltas:  18% (43/236)   Resolving deltas:  20% (48/236)   Resolving deltas:  22% (54/236)   Resolving deltas:  26% (63/236)   Resolving deltas:  27% (65/236)   Resolving deltas:  28% (67/236)   Resolving deltas:  29% (70/236)   Resolving deltas:  30% (72/236)   Resolving deltas:  33% (79/236)   Resolving deltas:  36% (85/236)   Resolving deltas:  38% (90/236)   Resolving deltas:  40% (95/236)   Resolving deltas:  52% (123/236)   Resolving deltas:  53% (127/236)   Resolving deltas:  55% (131/236)   Resolving deltas:  57% (136/236)   Resolving deltas:  59% (141/236)   Resolving deltas:  61% (146/236)   Resolving deltas:  62% (147/236)   Resolving deltas:  63% (149/236)   Resolving deltas:  66% (158/236)   Resolving deltas:  77% (183/236)   Resolving deltas:  85% (202/236)   Resolving deltas:  88% (209/236)   Resolving deltas:  97% (229/236)   Resolving deltas:  99% (235/236)   Resolving deltas: 100% (236/236)   Resolving deltas: 100% (236/236), done.
Checking connectivity... done.
travis_time:end:02e2a484:start=1447473794613473808,finish=1447473795011067888,duration=397594080[0K$ cd square/javapoet
$ git checkout -qf 006a54bc9a09ddae9861b88c09c02cddf60d3268
travis_fold:end:git.checkout[0K
[33;1mThis job is running on container-based infrastructure, which does not allow use of 'sudo', setuid and setguid executables.[0m
[33;1mIf you require sudo, add 'sudo: required' to your .travis.yml[0m
[33;1mSee http://docs.travis-ci.com/user/workers/container-based-infrastructure/ for details.[0m

[33;1mSetting environment variables from .travis.yml[0m
$ export CI_DEPLOY_USERNAME=[secure]
$ export CI_DEPLOY_PASSWORD=[secure]

travis_fold:start:cache.1[0KSetting up build cache
$ export CASHER_DIR=$HOME/.casher
travis_time:start:0e99b756[0K$ Installing caching utilities
travis_time:end:0e99b756:start=1447473797245838189,finish=1447473797296559579,duration=50721390[0Ktravis_time:start:31f0c554[0Ktravis_time:end:31f0c554:start=1447473797300887529,finish=1447473797303803672,duration=2916143[0Ktravis_time:start:142a6c73[0Kattempting to download cache archive
fetching jwilson_1113_imports_test/cache--jdk-oraclejdk8.tgz
found cache
travis_time:end:142a6c73:start=1447473797307228893,finish=1447473798125085552,duration=817856659[0Ktravis_time:start:004e59fa[0Ktravis_time:end:004e59fa:start=1447473798128729738,finish=1447473798131786017,duration=3056279[0Ktravis_time:start:01a0f379[0Kadding /home/travis/.m2 to cache
travis_time:end:01a0f379:start=1447473798135266895,finish=1447473799483044939,duration=1347778044[0Ktravis_fold:end:cache.1[0K$ jdk_switcher use oraclejdk8
Switching to Oracle JDK8 (java-8-oracle), JAVA_HOME will be set to /usr/lib/jvm/java-8-oracle
$ java -Xmx32m -version
java version "1.8.0_31"
Java(TM) SE Runtime Environment (build 1.8.0_31-b13)
Java HotSpot(TM) 64-Bit Server VM (build 25.31-b07, mixed mode)
$ javac -J-Xmx32m -version
javac 1.8.0_31
travis_fold:start:install[0Ktravis_time:start:2028dd60[0K$ mvn install -DskipTests=true -Dmaven.javadoc.skip=true -B -V
Java HotSpot(TM) 64-Bit Server VM warning: ignoring option MaxPermSize=192m; support was removed in 8.0
Apache Maven 3.2.5 (12a6b3acb947671f09b81f49094c53f426d8cea1; 2014-12-14T17:29:23+00:00)
Maven home: /usr/local/maven
Java version: 1.8.0_31, vendor: Oracle Corporation
Java home: /usr/lib/jvm/java-8-oracle/jre
Default locale: en_US, platform encoding: UTF-8
OS name: "linux", version: "3.13.0-40-generic", arch: "amd64", family: "unix"
[INFO] Scanning for projects...
[INFO]                                                                         
[INFO] ------------------------------------------------------------------------
[INFO] Building JavaPoet 1.4.0-SNAPSHOT
[INFO] ------------------------------------------------------------------------
[INFO] Downloading: https://repository.apache.org/snapshots/com/google/truth/truth/1.0-SNAPSHOT/maven-metadata.xml
[INFO] Downloading: https://repository.apache.org/snapshots/com/google/truth/truth-parent/1.0-SNAPSHOT/maven-metadata.xml
[INFO] Downloading: https://repository.apache.org/snapshots/com/google/testing/compile/compile-testing/1.0-SNAPSHOT/maven-metadata.xml
[INFO] 
[INFO] --- maven-enforcer-plugin:1.0:enforce (enforce-maven) @ javapoet ---
[INFO] 
[INFO] --- maven-resources-plugin:2.6:resources (default-resources) @ javapoet ---
[INFO] Using 'UTF-8' encoding to copy filtered resources.
[INFO] skip non existing resourceDirectory /home/travis/build/square/javapoet/src/main/resources
[INFO] 
[INFO] --- maven-compiler-plugin:3.0:compile (default-compile) @ javapoet ---
[INFO] Changes detected - recompiling the module!
[INFO] Compiling 16 source files to /home/travis/build/square/javapoet/target/classes
[INFO] 
[INFO] --- maven-resources-plugin:2.6:testResources (default-testResources) @ javapoet ---
[INFO] Using 'UTF-8' encoding to copy filtered resources.
[INFO] skip non existing resourceDirectory /home/travis/build/square/javapoet/src/test/resources
[INFO] 
[INFO] --- maven-compiler-plugin:3.0:testCompile (default-testCompile) @ javapoet ---
[INFO] Changes detected - recompiling the module!
[INFO] Compiling 17 source files to /home/travis/build/square/javapoet/target/test-classes
[INFO] 
[INFO] --- maven-surefire-plugin:2.12.4:test (default-test) @ javapoet ---
[INFO] Tests are skipped.
[INFO] 
[INFO] --- maven-jar-plugin:2.4:jar (default-jar) @ javapoet ---
[INFO] Building jar: /home/travis/build/square/javapoet/target/javapoet-1.4.0-SNAPSHOT.jar
[INFO] 
[INFO] --- maven-checkstyle-plugin:2.13:checkstyle (default) @ javapoet ---
[INFO] Starting audit...
Audit done.

[WARNING] Unable to locate Source XRef to link to - DISABLED
[INFO] 
[INFO] --- maven-install-plugin:2.4:install (default-install) @ javapoet ---
[INFO] Installing /home/travis/build/square/javapoet/target/javapoet-1.4.0-SNAPSHOT.jar to /home/travis/.m2/repository/com/squareup/javapoet/1.4.0-SNAPSHOT/javapoet-1.4.0-SNAPSHOT.jar
[INFO] Installing /home/travis/build/square/javapoet/pom.xml to /home/travis/.m2/repository/com/squareup/javapoet/1.4.0-SNAPSHOT/javapoet-1.4.0-SNAPSHOT.pom
[INFO] ------------------------------------------------------------------------
[INFO] BUILD SUCCESS
[INFO] ------------------------------------------------------------------------
[INFO] Total time: 14.698 s
[INFO] Finished at: 2015-11-14T04:03:36+00:00
[INFO] Final Memory: 31M/482M
[INFO] ------------------------------------------------------------------------
travis_time:end:2028dd60:start=1447473799877475061,finish=1447473820863581312,duration=20986106251[0Ktravis_fold:end:install[0Ktravis_time:start:09b5ed71[0K$ mvn test -B
Java HotSpot(TM) 64-Bit Server VM warning: ignoring option MaxPermSize=192m; support was removed in 8.0
[INFO] Scanning for projects...
[INFO]                                                                         
[INFO] ------------------------------------------------------------------------
[INFO] Building JavaPoet 1.4.0-SNAPSHOT
[INFO] ------------------------------------------------------------------------
[INFO] Downloading: https://repository.apache.org/snapshots/com/google/truth/truth/1.0-SNAPSHOT/maven-metadata.xml
[INFO] Downloading: https://repository.apache.org/snapshots/com/google/truth/truth-parent/1.0-SNAPSHOT/maven-metadata.xml
[INFO] Downloading: https://repository.apache.org/snapshots/com/google/testing/compile/compile-testing/1.0-SNAPSHOT/maven-metadata.xml
[INFO] 
[INFO] --- maven-enforcer-plugin:1.0:enforce (enforce-maven) @ javapoet ---
[INFO] 
[INFO] --- maven-resources-plugin:2.6:resources (default-resources) @ javapoet ---
[INFO] Using 'UTF-8' encoding to copy filtered resources.
[INFO] skip non existing resourceDirectory /home/travis/build/square/javapoet/src/main/resources
[INFO] 
[INFO] --- maven-compiler-plugin:3.0:compile (default-compile) @ javapoet ---
[INFO] Changes detected - recompiling the module!
[INFO] Compiling 16 source files to /home/travis/build/square/javapoet/target/classes
[INFO] 
[INFO] --- maven-resources-plugin:2.6:testResources (default-testResources) @ javapoet ---
[INFO] Using 'UTF-8' encoding to copy filtered resources.
[INFO] skip non existing resourceDirectory /home/travis/build/square/javapoet/src/test/resources
[INFO] 
[INFO] --- maven-compiler-plugin:3.0:testCompile (default-testCompile) @ javapoet ---
[INFO] Changes detected - recompiling the module!
[INFO] Compiling 17 source files to /home/travis/build/square/javapoet/target/test-classes
[INFO] 
[INFO] --- maven-surefire-plugin:2.12.4:test (default-test) @ javapoet ---
[INFO] Surefire report directory: /home/travis/build/square/javapoet/target/surefire-reports

-------------------------------------------------------
 T E S T S
-------------------------------------------------------
Running com.squareup.javapoet.TypeNameTest
Tests run: 7, Failures: 0, Errors: 0, Skipped: 0, Time elapsed: 0.071 sec
Running com.squareup.javapoet.TypesTest
Tests run: 19, Failures: 0, Errors: 0, Skipped: 0, Time elapsed: 1.635 sec
Running com.squareup.javapoet.FileWritingTest
Tests run: 10, Failures: 0, Errors: 0, Skipped: 0, Time elapsed: 0.281 sec
Running com.squareup.javapoet.ClassNameTest
Tests run: 10, Failures: 0, Errors: 0, Skipped: 0, Time elapsed: 0.164 sec
Running com.squareup.javapoet.CodeBlockTest
Tests run: 20, Failures: 0, Errors: 0, Skipped: 0, Time elapsed: 0.012 sec
Running com.squareup.javapoet.JavaFileTest
Tests run: 14, Failures: 0, Errors: 0, Skipped: 0, Time elapsed: 0.032 sec
Running com.squareup.javapoet.ParameterSpecTest
Tests run: 2, Failures: 0, Errors: 0, Skipped: 0, Time elapsed: 0.002 sec
Running com.squareup.javapoet.NameAllocatorTest
Tests run: 10, Failures: 0, Errors: 0, Skipped: 0, Time elapsed: 0.013 sec
Running com.squareup.javapoet.AnnotationSpecTest
Tests run: 8, Failures: 0, Errors: 0, Skipped: 0, Time elapsed: 0.28 sec
Running com.squareup.javapoet.MethodSpecTest
Tests run: 9, Failures: 0, Errors: 0, Skipped: 0, Time elapsed: 0.462 sec
Running com.squareup.javapoet.TypesEclipseTest
Tests run: 19, Failures: 0, Errors: 0, Skipped: 0, Time elapsed: 3.716 sec
Running com.squareup.javapoet.FileReadingTest
Tests run: 5, Failures: 0, Errors: 0, Skipped: 0, Time elapsed: 0.037 sec
Running com.squareup.javapoet.AnnotatedTypeNameTest
Tests run: 8, Failures: 0, Errors: 0, Skipped: 0, Time elapsed: 0 sec
Running com.squareup.javapoet.FieldSpecTest
Tests run: 2, Failures: 0, Errors: 0, Skipped: 0, Time elapsed: 0 sec
Running com.squareup.javapoet.TypeSpecTest
Tests run: 91, Failures: 0, Errors: 0, Skipped: 0, Time elapsed: 1.402 sec

Results :

Tests run: 234, Failures: 0, Errors: 0, Skipped: 0

[INFO] ------------------------------------------------------------------------
[INFO] BUILD SUCCESS
[INFO] ------------------------------------------------------------------------
[INFO] Total time: 17.791 s
[INFO] Finished at: 2015-11-14T04:04:00+00:00
[INFO] Final Memory: 21M/349M
[INFO] ------------------------------------------------------------------------
travis_time:end:09b5ed71:start=1447473820867430105,finish=1447473840595629224,duration=19728199119[0K
[32;1mThe command "mvn test -B" exited with 0.[0m
travis_fold:start:cache.2[0Kstore build cache
travis_time:start:17d097cb[0Ktravis_time:end:17d097cb:start=1447473840599731055,finish=1447473840602902763,duration=3171708[0Ktravis_time:start:05e7cac6[0Kchange detected:
/home/travis/.m2/repository/com/google/testing/compile/compile-testing/1.0-SNAPSHOT/resolver-status.properties
/home/travis/.m2/repository/com/google/testing/compile/compile-testing/1.0-SNAPSHOT/resolver-status.properties
/home/travis/.m2/repository/com/google/truth/truth/1.0-SNAPSHOT/resolver-status.properties
/home/travis/.m2/repository/com/google/truth/truth/1.0-SNAPSHOT/resolver-status.properties
/home/travis/.m2/repository/com/google/truth/truth-parent/1.0-SNAPSHOT/resolver-status.properties
/home/travis/.m2/repository/com/google/truth/truth-parent/1.0-SNAPSHOT/resolver-status.properties
/home/travis/.m2/repository/com/squareup/javapoet/1.4.0-SNAPSHOT/javapoet-1.4.0-SNAPSHOT.jar
/home/travis/.m2/repository/com/squareup/javapoet/1.4.0-SNAPSHOT/javapoet-1.4.0-SNAPSHOT.jar
/home/travis/.m2/repository/com/squareup/javapoet/1.4.0-SNAPSHOT/maven-metadata-local.xml
/home/travis/.m2/repository/com/squareup/javapoet/1.4.0-SNAPSHOT/maven-metadata-local.xml
/home/travis/.m2/repository/com/squ
...
changes detected, packing new archive
uploading archive
travis_time:end:05e7cac6:start=1447473840606565337,finish=1447473845103237586,duration=4496672249[0Ktravis_fold:end:cache.2[0Ktravis_fold:start:after_success[0Ktravis_time:start:0001b57c[0K$ .buildscript/deploy_snapshot.sh
Skipping snapshot deployment: wrong branch. Expected 'master' but was 'jwilson_1113_imports_test'.
travis_time:end:0001b57c:start=1447473845107159758,finish=1447473845111633653,duration=4473895[0Ktravis_fold:end:after_success[0K
Done. Your build exited with 0.
