Using worker: worker-linux-docker-15e798ed.prod.travis-ci.org:travis-linux-2

travis_fold:start:system_info[0K[33;1mBuild system information[0m
Build language: java
Build group: stable
Build dist: precise
Build id: 158911627
Job id: 158911628
travis-build version: ef82e8245
[34m[1mBuild image provisioning date and time[0m
Thu Feb  5 15:09:33 UTC 2015
[34m[1mOperating System Details[0m
Distributor ID:	Ubuntu
Description:	Ubuntu 12.04.5 LTS
Release:	12.04
Codename:	precise
[34m[1mLinux Version[0m
3.13.0-29-generic
[34m[1mCookbooks Version[0m
a68419e https://github.com/travis-ci/travis-cookbooks/tree/a68419e
[34m[1mGCC version[0m
gcc (Ubuntu/Linaro 4.6.3-1ubuntu5) 4.6.3
Copyright (C) 2011 Free Software Foundation, Inc.
This is free software; see the source for copying conditions.  There is NO
warranty; not even for MERCHANTABILITY or FITNESS FOR A PARTICULAR PURPOSE.

[34m[1mLLVM version[0m
clang version 3.4 (tags/RELEASE_34/final)
Target: x86_64-unknown-linux-gnu
Thread model: posix
[34m[1mPre-installed Ruby versions[0m
ruby-1.9.3-p551
[34m[1mPre-installed Node.js versions[0m
v0.10.36
[34m[1mPre-installed Go versions[0m
1.4.1
[34m[1mRedis version[0m
redis-server 2.8.19
[34m[1mriak version[0m
2.0.2
[34m[1mMongoDB version[0m
MongoDB 2.4.12
[34m[1mCouchDB version[0m
couchdb 1.6.1
[34m[1mNeo4j version[0m
1.9.4
[34m[1mRabbitMQ Version[0m
3.4.3
[34m[1mElasticSearch version[0m
1.4.0
[34m[1mInstalled Sphinx versions[0m
2.0.10
2.1.9
2.2.6
[34m[1mDefault Sphinx version[0m
2.2.6
[34m[1mInstalled Firefox version[0m
firefox 31.0esr
[34m[1mPhantomJS version[0m
1.9.8
[34m[1mant -version[0m
Apache Ant(TM) version 1.8.2 compiled on December 3 2011
[34m[1mmvn -version[0m
Apache Maven 3.2.5 (12a6b3acb947671f09b81f49094c53f426d8cea1; 2014-12-14T17:29:23+00:00)
Maven home: /usr/local/maven
Java version: 1.7.0_76, vendor: Oracle Corporation
Java home: /usr/lib/jvm/java-7-oracle/jre
Default locale: en_US, platform encoding: ANSI_X3.4-1968
OS name: "linux", version: "3.13.0-29-generic", arch: "amd64", family: "unix"
travis_fold:end:system_info[0K
travis_fold:start:fix.CVE-2015-7547[0K$ export DEBIAN_FRONTEND=noninteractive
W: Size of file /var/lib/apt/lists/us.archive.ubuntu.com_ubuntu_dists_precise-backports_multiverse_source_Sources.gz is not what the server reported 5886 5888
W: Size of file /var/lib/apt/lists/ppa.launchpad.net_ubuntugis_ppa_ubuntu_dists_precise_main_binary-amd64_Packages.gz is not what the server reported 33653 36677
W: Size of file /var/lib/apt/lists/ppa.launchpad.net_ubuntugis_ppa_ubuntu_dists_precise_main_binary-i386_Packages.gz is not what the server reported 33699 36733
Reading package lists...
Building dependency tree...
Reading state information...
The following extra packages will be installed:
  libc-bin libc-dev-bin libc6-dev
Suggested packages:
  glibc-doc
The following packages will be upgraded:
  libc-bin libc-dev-bin libc6 libc6-dev
4 upgraded, 0 newly installed, 0 to remove and 258 not upgraded.
Need to get 8,840 kB of archives.
After this operation, 14.3 kB disk space will be freed.
Get:1 http://us.archive.ubuntu.com/ubuntu/ precise-updates/main libc6-dev amd64 2.15-0ubuntu10.15 [2,943 kB]
Get:2 http://us.archive.ubuntu.com/ubuntu/ precise-updates/main libc-dev-bin amd64 2.15-0ubuntu10.15 [84.7 kB]
Get:3 http://us.archive.ubuntu.com/ubuntu/ precise-updates/main libc-bin amd64 2.15-0ubuntu10.15 [1,177 kB]
Get:4 http://us.archive.ubuntu.com/ubuntu/ precise-updates/main libc6 amd64 2.15-0ubuntu10.15 [4,636 kB]
Fetched 8,840 kB in 0s (32.3 MB/s)
Preconfiguring packages ...
(Reading database ... (Reading database ... 5%(Reading database ... 10%(Reading database ... 15%(Reading database ... 20%(Reading database ... 25%(Reading database ... 30%(Reading database ... 35%(Reading database ... 40%(Reading database ... 45%(Reading database ... 50%(Reading database ... 55%(Reading database ... 60%(Reading database ... 65%(Reading database ... 70%(Reading database ... 75%(Reading database ... 80%(Reading database ... 85%(Reading database ... 90%(Reading database ... 95%(Reading database ... 100%(Reading database ... 72019 files and directories currently installed.)
Preparing to replace libc6-dev 2.15-0ubuntu10.10 (using .../libc6-dev_2.15-0ubuntu10.15_amd64.deb) ...
Unpacking replacement libc6-dev ...
Preparing to replace libc-dev-bin 2.15-0ubuntu10.10 (using .../libc-dev-bin_2.15-0ubuntu10.15_amd64.deb) ...
Unpacking replacement libc-dev-bin ...
Preparing to replace libc-bin 2.15-0ubuntu10.10 (using .../libc-bin_2.15-0ubuntu10.15_amd64.deb) ...
Unpacking replacement libc-bin ...
Processing triggers for man-db ...
Setting up libc-bin (2.15-0ubuntu10.15) ...
(Reading database ... (Reading database ... 5%(Reading database ... 10%(Reading database ... 15%(Reading database ... 20%(Reading database ... 25%(Reading database ... 30%(Reading database ... 35%(Reading database ... 40%(Reading database ... 45%(Reading database ... 50%(Reading database ... 55%(Reading database ... 60%(Reading database ... 65%(Reading database ... 70%(Reading database ... 75%(Reading database ... 80%(Reading database ... 85%(Reading database ... 90%(Reading database ... 95%(Reading database ... 100%(Reading database ... 72018 files and directories currently installed.)
Preparing to replace libc6 2.15-0ubuntu10.10 (using .../libc6_2.15-0ubuntu10.15_amd64.deb) ...
Unpacking replacement libc6 ...
Setting up libc6 (2.15-0ubuntu10.15) ...
Setting up libc-dev-bin (2.15-0ubuntu10.15) ...
Setting up libc6-dev (2.15-0ubuntu10.15) ...
Processing triggers for libc-bin ...
ldconfig deferred processing now taking place
travis_fold:end:fix.CVE-2015-7547[0Ktravis_fold:start:git.checkout[0Ktravis_time:start:071e02fc[0K$ git clone --depth=50 --branch=develop https://github.com/Whiley/WhileyCompiler.git Whiley/WhileyCompiler
Cloning into 'Whiley/WhileyCompiler'...
remote: Counting objects: 4596, done.[K
remote: Compressing objects:   0% (1/2688)   [Kremote: Compressing objects:   1% (27/2688)   [Kremote: Compressing objects:   2% (54/2688)   [Kremote: Compressing objects:   3% (81/2688)   [Kremote: Compressing objects:   4% (108/2688)   [Kremote: Compressing objects:   5% (135/2688)   [Kremote: Compressing objects:   6% (162/2688)   [Kremote: Compressing objects:   7% (189/2688)   [Kremote: Compressing objects:   8% (216/2688)   [Kremote: Compressing objects:   9% (242/2688)   [Kremote: Compressing objects:  10% (269/2688)   [Kremote: Compressing objects:  11% (296/2688)   [Kremote: Compressing objects:  12% (323/2688)   [Kremote: Compressing objects:  13% (350/2688)   [Kremote: Compressing objects:  14% (377/2688)   [Kremote: Compressing objects:  15% (404/2688)   [Kremote: Compressing objects:  16% (431/2688)   [Kremote: Compressing objects:  17% (457/2688)   [Kremote: Compressing objects:  18% (484/2688)   [Kremote: Compressing objects:  19% (511/2688)   [Kremote: Compressing objects:  20% (538/2688)   [Kremote: Compressing objects:  21% (565/2688)   [Kremote: Compressing objects:  22% (592/2688)   [Kremote: Compressing objects:  23% (619/2688)   [Kremote: Compressing objects:  24% (646/2688)   [Kremote: Compressing objects:  25% (672/2688)   [Kremote: Compressing objects:  26% (699/2688)   [Kremote: Compressing objects:  27% (726/2688)   [Kremote: Compressing objects:  28% (753/2688)   [Kremote: Compressing objects:  29% (780/2688)   [Kremote: Compressing objects:  30% (807/2688)   [Kremote: Compressing objects:  31% (834/2688)   [Kremote: Compressing objects:  32% (861/2688)   [Kremote: Compressing objects:  33% (888/2688)   [Kremote: Compressing objects:  34% (914/2688)   [Kremote: Compressing objects:  35% (941/2688)   [Kremote: Compressing objects:  36% (968/2688)   [Kremote: Compressing objects:  37% (995/2688)   [Kremote: Compressing objects:  38% (1022/2688)   [Kremote: Compressing objects:  39% (1049/2688)   [Kremote: Compressing objects:  40% (1076/2688)   [Kremote: Compressing objects:  41% (1103/2688)   [Kremote: Compressing objects:  42% (1129/2688)   [Kremote: Compressing objects:  43% (1156/2688)   [Kremote: Compressing objects:  44% (1183/2688)   [Kremote: Compressing objects:  45% (1210/2688)   [Kremote: Compressing objects:  46% (1237/2688)   [Kremote: Compressing objects:  47% (1264/2688)   [Kremote: Compressing objects:  48% (1291/2688)   [Kremote: Compressing objects:  49% (1318/2688)   [Kremote: Compressing objects:  50% (1344/2688)   [Kremote: Compressing objects:  51% (1371/2688)   [Kremote: Compressing objects:  52% (1398/2688)   [Kremote: Compressing objects:  53% (1425/2688)   [Kremote: Compressing objects:  54% (1452/2688)   [Kremote: Compressing objects:  55% (1479/2688)   [Kremote: Compressing objects:  56% (1506/2688)   [Kremote: Compressing objects:  57% (1533/2688)   [Kremote: Compressing objects:  58% (1560/2688)   [Kremote: Compressing objects:  59% (1586/2688)   [Kremote: Compressing objects:  60% (1613/2688)   [Kremote: Compressing objects:  61% (1640/2688)   [Kremote: Compressing objects:  62% (1667/2688)   [Kremote: Compressing objects:  63% (1694/2688)   [Kremote: Compressing objects:  64% (1721/2688)   [Kremote: Compressing objects:  65% (1748/2688)   [Kremote: Compressing objects:  66% (1775/2688)   [Kremote: Compressing objects:  67% (1801/2688)   [Kremote: Compressing objects:  68% (1828/2688)   [Kremote: Compressing objects:  69% (1855/2688)   [Kremote: Compressing objects:  70% (1882/2688)   [Kremote: Compressing objects:  71% (1909/2688)   [Kremote: Compressing objects:  72% (1936/2688)   [Kremote: Compressing objects:  73% (1963/2688)   [Kremote: Compressing objects:  74% (1990/2688)   [Kremote: Compressing objects:  75% (2016/2688)   [Kremote: Compressing objects:  76% (2043/2688)   [Kremote: Compressing objects:  77% (2070/2688)   [Kremote: Compressing objects:  78% (2097/2688)   [Kremote: Compressing objects:  79% (2124/2688)   [Kremote: Compressing objects:  80% (2151/2688)   [Kremote: Compressing objects:  81% (2178/2688)   [Kremote: Compressing objects:  82% (2205/2688)   [Kremote: Compressing objects:  83% (2232/2688)   [Kremote: Compressing objects:  84% (2258/2688)   [Kremote: Compressing objects:  85% (2285/2688)   [Kremote: Compressing objects:  86% (2312/2688)   [Kremote: Compressing objects:  87% (2339/2688)   [Kremote: Compressing objects:  88% (2366/2688)   [Kremote: Compressing objects:  89% (2393/2688)   [Kremote: Compressing objects:  90% (2420/2688)   [Kremote: Compressing objects:  91% (2447/2688)   [Kremote: Compressing objects:  92% (2473/2688)   [Kremote: Compressing objects:  93% (2500/2688)   [Kremote: Compressing objects:  94% (2527/2688)   [Kremote: Compressing objects:  95% (2554/2688)   [Kremote: Compressing objects:  96% (2581/2688)   [Kremote: Compressing objects:  97% (2608/2688)   [Kremote: Compressing objects:  98% (2635/2688)   [Kremote: Compressing objects:  99% (2662/2688)   [Kremote: Compressing objects: 100% (2688/2688)   [Kremote: Compressing objects: 100% (2688/2688), done.[K
Receiving objects:   0% (1/4596)   Receiving objects:   1% (46/4596)   Receiving objects:   2% (92/4596)   Receiving objects:   3% (138/4596)   Receiving objects:   4% (184/4596)   Receiving objects:   5% (230/4596)   Receiving objects:   6% (276/4596)   Receiving objects:   7% (322/4596)   Receiving objects:   8% (368/4596)   Receiving objects:   9% (414/4596)   Receiving objects:  10% (460/4596)   Receiving objects:  11% (506/4596)   Receiving objects:  12% (552/4596)   Receiving objects:  13% (598/4596)   Receiving objects:  14% (644/4596)   Receiving objects:  15% (690/4596)   Receiving objects:  16% (736/4596)   Receiving objects:  17% (782/4596)   Receiving objects:  18% (828/4596)   Receiving objects:  19% (874/4596)   Receiving objects:  20% (920/4596)   Receiving objects:  21% (966/4596)   Receiving objects:  22% (1012/4596)   Receiving objects:  23% (1058/4596)   Receiving objects:  24% (1104/4596)   Receiving objects:  25% (1149/4596)   Receiving objects:  26% (1195/4596)   Receiving objects:  27% (1241/4596)   Receiving objects:  28% (1287/4596)   Receiving objects:  29% (1333/4596)   Receiving objects:  30% (1379/4596)   Receiving objects:  31% (1425/4596)   Receiving objects:  32% (1471/4596)   Receiving objects:  33% (1517/4596)   Receiving objects:  34% (1563/4596)   Receiving objects:  35% (1609/4596)   Receiving objects:  36% (1655/4596)   Receiving objects:  37% (1701/4596)   Receiving objects:  38% (1747/4596)   Receiving objects:  39% (1793/4596)   Receiving objects:  40% (1839/4596)   Receiving objects:  41% (1885/4596)   Receiving objects:  42% (1931/4596)   Receiving objects:  43% (1977/4596)   Receiving objects:  44% (2023/4596)   Receiving objects:  45% (2069/4596)   Receiving objects:  46% (2115/4596)   Receiving objects:  47% (2161/4596)   Receiving objects:  48% (2207/4596)   Receiving objects:  49% (2253/4596)   Receiving objects:  50% (2298/4596)   Receiving objects:  51% (2344/4596)   Receiving objects:  52% (2390/4596)   Receiving objects:  53% (2436/4596)   Receiving objects:  54% (2482/4596)   Receiving objects:  55% (2528/4596)   Receiving objects:  56% (2574/4596)   Receiving objects:  57% (2620/4596)   Receiving objects:  58% (2666/4596)   Receiving objects:  59% (2712/4596)   Receiving objects:  60% (2758/4596)   Receiving objects:  61% (2804/4596)   Receiving objects:  62% (2850/4596)   Receiving objects:  63% (2896/4596)   Receiving objects:  64% (2942/4596)   Receiving objects:  65% (2988/4596)   Receiving objects:  66% (3034/4596)   Receiving objects:  67% (3080/4596)   Receiving objects:  68% (3126/4596)   Receiving objects:  69% (3172/4596)   Receiving objects:  70% (3218/4596)   Receiving objects:  71% (3264/4596)   Receiving objects:  72% (3310/4596)   Receiving objects:  73% (3356/4596)   Receiving objects:  74% (3402/4596)   Receiving objects:  75% (3447/4596)   Receiving objects:  76% (3493/4596)   Receiving objects:  77% (3539/4596)   Receiving objects:  78% (3585/4596)   Receiving objects:  79% (3631/4596)   Receiving objects:  80% (3677/4596)   Receiving objects:  81% (3723/4596)   Receiving objects:  82% (3769/4596)   Receiving objects:  83% (3815/4596)   Receiving objects:  84% (3861/4596)   Receiving objects:  85% (3907/4596)   Receiving objects:  86% (3953/4596)   Receiving objects:  87% (3999/4596)   Receiving objects:  88% (4045/4596)   Receiving objects:  89% (4091/4596)   Receiving objects:  90% (4137/4596)   Receiving objects:  91% (4183/4596)   Receiving objects:  92% (4229/4596)   remote: Total 4596 (delta 2084), reused 3867 (delta 1738), pack-reused 0[K
Receiving objects:  93% (4275/4596)   Receiving objects:  94% (4321/4596)   Receiving objects:  95% (4367/4596)   Receiving objects:  96% (4413/4596)   Receiving objects:  97% (4459/4596)   Receiving objects:  98% (4505/4596)   Receiving objects:  99% (4551/4596)   Receiving objects: 100% (4596/4596)   Receiving objects: 100% (4596/4596), 5.37 MiB | 0 bytes/s, done.
Resolving deltas:   0% (0/2084)   Resolving deltas:   1% (28/2084)   Resolving deltas:   2% (50/2084)   Resolving deltas:   3% (63/2084)   Resolving deltas:   4% (90/2084)   Resolving deltas:   5% (116/2084)   Resolving deltas:   6% (133/2084)   Resolving deltas:   7% (147/2084)   Resolving deltas:   8% (171/2084)   Resolving deltas:   9% (189/2084)   Resolving deltas:  10% (210/2084)   Resolving deltas:  11% (231/2084)   Resolving deltas:  12% (254/2084)   Resolving deltas:  13% (275/2084)   Resolving deltas:  14% (312/2084)   Resolving deltas:  15% (326/2084)   Resolving deltas:  17% (373/2084)   Resolving deltas:  18% (389/2084)   Resolving deltas:  19% (407/2084)   Resolving deltas:  20% (421/2084)   Resolving deltas:  21% (455/2084)   Resolving deltas:  22% (475/2084)   Resolving deltas:  23% (485/2084)   Resolving deltas:  24% (509/2084)   Resolving deltas:  25% (521/2084)   Resolving deltas:  26% (543/2084)   Resolving deltas:  27% (563/2084)   Resolving deltas:  28% (585/2084)   Resolving deltas:  29% (605/2084)   Resolving deltas:  30% (628/2084)   Resolving deltas:  31% (648/2084)   Resolving deltas:  32% (667/2084)   Resolving deltas:  33% (690/2084)   Resolving deltas:  34% (709/2084)   Resolving deltas:  35% (730/2084)   Resolving deltas:  36% (751/2084)   Resolving deltas:  37% (772/2084)   Resolving deltas:  38% (792/2084)   Resolving deltas:  39% (813/2084)   Resolving deltas:  40% (834/2084)   Resolving deltas:  41% (856/2084)   Resolving deltas:  42% (876/2084)   Resolving deltas:  43% (897/2084)   Resolving deltas:  45% (944/2084)   Resolving deltas:  46% (961/2084)   Resolving deltas:  47% (980/2084)   Resolving deltas:  48% (1001/2084)   Resolving deltas:  49% (1027/2084)   Resolving deltas:  50% (1044/2084)   Resolving deltas:  51% (1063/2084)   Resolving deltas:  52% (1087/2084)   Resolving deltas:  53% (1105/2084)   Resolving deltas:  55% (1162/2084)   Resolving deltas:  56% (1175/2084)   Resolving deltas:  57% (1203/2084)   Resolving deltas:  58% (1209/2084)   Resolving deltas:  59% (1232/2084)   Resolving deltas:  62% (1309/2084)   Resolving deltas:  63% (1316/2084)   Resolving deltas:  64% (1334/2084)   Resolving deltas:  65% (1355/2084)   Resolving deltas:  68% (1432/2084)   Resolving deltas:  69% (1442/2084)   Resolving deltas:  70% (1461/2084)   Resolving deltas:  72% (1504/2084)   Resolving deltas:  73% (1531/2084)   Resolving deltas:  74% (1543/2084)   Resolving deltas:  78% (1639/2084)   Resolving deltas:  79% (1658/2084)   Resolving deltas:  80% (1668/2084)   Resolving deltas:  81% (1690/2084)   Resolving deltas:  82% (1720/2084)   Resolving deltas:  83% (1732/2084)   Resolving deltas:  84% (1751/2084)   Resolving deltas:  85% (1781/2084)   Resolving deltas:  86% (1793/2084)   Resolving deltas:  87% (1815/2084)   Resolving deltas:  88% (1841/2084)   Resolving deltas:  89% (1856/2084)   Resolving deltas:  90% (1891/2084)   Resolving deltas:  91% (1910/2084)   Resolving deltas:  92% (1921/2084)   Resolving deltas:  94% (1969/2084)   Resolving deltas:  95% (1981/2084)   Resolving deltas:  96% (2006/2084)   Resolving deltas:  97% (2027/2084)   Resolving deltas:  98% (2044/2084)   Resolving deltas:  99% (2067/2084)   Resolving deltas: 100% (2084/2084)   Resolving deltas: 100% (2084/2084), done.
Checking connectivity... done.

travis_time:end:071e02fc:start=1473479412360155575,finish=1473479414142529490,duration=1782373915[0K$ cd Whiley/WhileyCompiler
$ git checkout -qf b1d17f963bcf29459dbd848db27102069163b7a7
travis_fold:end:git.checkout[0K
[33;1mThis job is running on container-based infrastructure, which does not allow use of 'sudo', setuid and setguid executables.[0m
[33;1mIf you require sudo, add 'sudo: required' to your .travis.yml[0m
[33;1mSee https://docs.travis-ci.com/user/workers/container-based-infrastructure/ for details.[0m
$ jdk_switcher use oraclejdk8
Switching to Oracle JDK8 (java-8-oracle), JAVA_HOME will be set to /usr/lib/jvm/java-8-oracle
$ java -Xmx32m -version
java version "1.8.0_31"
Java(TM) SE Runtime Environment (build 1.8.0_31-b13)
Java HotSpot(TM) 64-Bit Server VM (build 25.31-b07, mixed mode)
$ javac -J-Xmx32m -version
javac 1.8.0_31
travis_time:start:0c8addcf[0K$ touch running_on_travis

travis_time:end:0c8addcf:start=1473479416430463454,finish=1473479416434006025,duration=3542571[0K
[32;1mThe command "touch running_on_travis" exited with 0.[0m
travis_time:start:0ea3de5a[0K$ ant test
Buildfile: /home/travis/build/Whiley/WhileyCompiler/build.xml
[maven:dependencies] Downloading: junit/junit/4.12/junit-4.12.pom from repository central at http://repo.maven.apache.org/maven2
[maven:dependencies] Transferring 23K from central
[maven:dependencies] Downloading: org/hamcrest/hamcrest-core/1.3/hamcrest-core-1.3.pom from repository central at http://repo.maven.apache.org/maven2
[maven:dependencies] Transferring 1K from central
[maven:dependencies] Downloading: org/hamcrest/hamcrest-parent/1.3/hamcrest-parent-1.3.pom from repository central at http://repo.maven.apache.org/maven2
[maven:dependencies] Transferring 2K from central
[maven:dependencies] Downloading: junit/junit/4.12/junit-4.12.jar from repository central at http://repo.maven.apache.org/maven2
[maven:dependencies] Downloading: org/hamcrest/hamcrest-core/1.3/hamcrest-core-1.3.jar from repository central at http://repo.maven.apache.org/maven2
[maven:dependencies] Transferring 308K from central
[maven:dependencies] Transferring 44K from central

compile:
    [mkdir] Created dir: /home/travis/build/Whiley/WhileyCompiler/bin
    [javac] Compiling 66 source files to /home/travis/build/Whiley/WhileyCompiler/bin
    [javac] Note: Some input files use unchecked or unsafe operations.
    [javac] Note: Recompile with -Xlint:unchecked for details.

test:
    [junit] Running wyc.testing.AllInvalidTests
    [junit] Testsuite: wyc.testing.AllInvalidTests
    [junit] Tests run: 272, Failures: 0, Errors: 0, Time elapsed: 28.178 sec
    [junit] Tests run: 272, Failures: 0, Errors: 0, Time elapsed: 28.178 sec
    [junit] 
    [junit] Testcase: invalid[AddressExpression_Invalid_1] took 0.19 sec
    [junit] Testcase: invalid[AddressExpression_Invalid_2] took 0.007 sec
    [junit] Testcase: invalid[ArrayAccess_Invalid_1] took 0.013 sec
    [junit] Testcase: invalid[ArrayAccess_Invalid_2] took 1.258 sec
    [junit] Testcase: invalid[ArrayAccess_Invalid_3] took 0.023 sec
    [junit] Testcase: invalid[ArrayAccess_Invalid_4] took 0.425 sec
    [junit] Testcase: invalid[ArrayAccess_Invalid_5] took 1.312 sec
    [junit] Testcase: invalid[ArrayAssign_Invalid_1] took 0.036 sec
    [junit] Testcase: invalid[ArrayAssign_Invalid_2] took 0.957 sec
    [junit] Testcase: invalid[ArrayAssign_Invalid_3] took 0.821 sec
    [junit] Testcase: invalid[ArrayConversion_Invalid_1] took 0.003 sec
    [junit] Testcase: invalid[ArrayEmpty_Invalid_1] took 0.004 sec
    [junit] Testcase: invalid[ArrayEmpty_Invalid_2] took 0.661 sec
    [junit] Testcase: invalid[ArrayEquals_Invalid_1] took 0.535 sec
    [junit] Testcase: invalid[ArrayGenerator_Invalid_1] took 0.609 sec
    [junit] Testcase: invalid[ArrayGenerator_Invalid_2] took 0.572 sec
    [junit] Testcase: invalid[ArrayGenerator_Invalid_3] took 0.006 sec
    [junit] Testcase: invalid[ArrayGenerator_Invalid_4] took 0.005 sec
    [junit] Testcase: invalid[ArrayLength_Invalid_1] took 0.444 sec
    [junit] Testcase: invalid[ArrayLength_Invalid_2] took 0.865 sec
    [junit] Testcase: invalid[ArrayLength_Invalid_3] took 0.703 sec
    [junit] Testcase: invalid[ArrayUpdate_Invalid_1] took 0.509 sec
    [junit] Testcase: invalid[Array_Invalid_1] took 0.003 sec
    [junit] Testcase: invalid[Array_Invalid_2] took 0.01 sec
    [junit] Testcase: invalid[Array_Invalid_3] took 0.004 sec
    [junit] Testcase: invalid[Array_Invalid_4] took 0.005 sec
    [junit] Testcase: invalid[Array_Invalid_5] took 0.003 sec
    [junit] Testcase: invalid[Array_Invalid_6] took 0.003 sec
    [junit] Testcase: invalid[Array_Invalid_7] took 0.014 sec
    [junit] Testcase: invalid[Assert_Invalid_1] took 0.002 sec
    [junit] Testcase: invalid[Assert_Invalid_2] took 0.674 sec
    [junit] Testcase: invalid[Assign_Invalid_1] took 0.003 sec
    [junit] Testcase: invalid[Assign_Invalid_2] took 0.003 sec
    [junit] Testcase: invalid[Assign_Invalid_3] took 0.004 sec
    [junit] Testcase: invalid[Assign_Invalid_4] took 0.003 sec
    [junit] Testcase: invalid[Assign_Invalid_5] took 0.003 sec
    [junit] Testcase: invalid[Assign_Invalid_6] took 0.005 sec
    [junit] Testcase: invalid[Assign_Invalid_7] took 0.003 sec
    [junit] Testcase: invalid[Assign_Invalid_8] took 0.003 sec
    [junit] Testcase: invalid[Assign_Invalid_9] took 0.003 sec
    [junit] Testcase: invalid[Byte_Invalid_1] took 0.004 sec
    [junit] Testcase: invalid[Coercion_Invalid_2] took 0.008 sec
    [junit] Testcase: invalid[Constant_Invalid_1] took 0.001 sec
    [junit] Testcase: invalid[Constant_Invalid_2] took 0.005 sec
    [junit] Testcase: invalid[ConstrainedArray_Invalid_1] took 0 sec
    [junit] Testcase: invalid[ConstrainedArray_Invalid_2] took 0.901 sec
    [junit] Testcase: invalid[ConstrainedArray_Invalid_3] took 0 sec
    [junit] Testcase: invalid[ConstrainedInt_Invalid_1] took 0 sec
    [junit] Testcase: invalid[ConstrainedInt_Invalid_11] took 0.004 sec
    [junit] Testcase: invalid[ConstrainedInt_Invalid_12] took 0 sec
    [junit] Testcase: invalid[ConstrainedInt_Invalid_2] took 0 sec
    [junit] Testcase: invalid[ConstrainedInt_Invalid_3] took 0.001 sec
    [junit] Testcase: invalid[ConstrainedInt_Invalid_4] took 0.451 sec
    [junit] Testcase: invalid[ConstrainedInt_Invalid_5] took 0 sec
    [junit] Testcase: invalid[ConstrainedInt_Invalid_6] took 0 sec
    [junit] Testcase: invalid[ConstrainedInt_Invalid_7] took 0 sec
    [junit] Testcase: invalid[ConstrainedInt_Invalid_8] took 0 sec
    [junit] Testcase: invalid[ConstrainedInt_Invalid_9] took 0 sec
    [junit] Testcase: invalid[ConstrainedRecord_Invalid_1] took 0 sec
    [junit] Testcase: invalid[Continue_Invalid_1] took 0.003 sec
    [junit] Testcase: invalid[Continue_Invalid_2] took 0.002 sec
    [junit] Testcase: invalid[Contractive_Invalid_1] took 0.003 sec
    [junit] Testcase: invalid[Contractive_Invalid_2] took 0.003 sec
    [junit] Testcase: invalid[DefiniteAssign_Invalid_1] took 0.003 sec
    [junit] Testcase: invalid[DefiniteAssign_Invalid_2] took 0.003 sec
    [junit] Testcase: invalid[DefiniteAssign_Invalid_3] took 0.003 sec
    [junit] Testcase: invalid[DefiniteAssign_Invalid_4] took 0.003 sec
    [junit] Testcase: invalid[DoWhile_Invalid_1] took 0.568 sec
    [junit] Testcase: invalid[DoWhile_Invalid_2] took 0.74 sec
    [junit] Testcase: invalid[DoWhile_Invalid_3] took 0.368 sec
    [junit] Testcase: invalid[DoWhile_Invalid_4] took 0.262 sec
    [junit] Testcase: invalid[EndOfFile_Invalid_1] took 0.002 sec
    [junit] Testcase: invalid[Ensures_Invalid_1] took 0.417 sec
    [junit] Testcase: invalid[Ensures_Invalid_2] took 0.357 sec
    [junit] Testcase: invalid[Ensures_Invalid_3] took 0.495 sec
    [junit] Testcase: invalid[Export_Invalid_1] took 0 sec
    [junit] Testcase: invalid[Fail_Invalid_1] took 0.445 sec
    [junit] Testcase: invalid[Fail_Invalid_2] took 0.003 sec
    [junit] Testcase: invalid[Fail_Invalid_3] took 0 sec
    [junit] Testcase: invalid[FunctionRef_Invalid_1] took 0.003 sec
    [junit] Testcase: invalid[FunctionRef_Invalid_2] took 0.003 sec
    [junit] Testcase: invalid[FunctionRef_Invalid_3] took 0.002 sec
    [junit] Testcase: invalid[FunctionRef_Invalid_4] took 0.003 sec
    [junit] Testcase: invalid[FunctionRef_Invalid_5] took 0.005 sec
    [junit] Testcase: invalid[FunctionRef_Invalid_6] took 0.004 sec
    [junit] Testcase: invalid[FunctionRef_Invalid_7] took 0.003 sec
    [junit] Testcase: invalid[Function_Invalid_1] took 0.002 sec
    [junit] Testcase: invalid[Function_Invalid_10] took 0.004 sec
    [junit] Testcase: invalid[Function_Invalid_11] took 0.003 sec
    [junit] Testcase: invalid[Function_Invalid_2] took 0 sec
    [junit] Testcase: invalid[Function_Invalid_3] took 0.003 sec
    [junit] Testcase: invalid[Function_Invalid_4] took 0 sec
    [junit] Testcase: invalid[Function_Invalid_9] took 0 sec
    [junit] Testcase: invalid[If_Invalid_1] took 0.003 sec
    [junit] Testcase: invalid[If_Invalid_2] took 0.003 sec
    [junit] Testcase: invalid[If_Invalid_4] took 0.003 sec
    [junit] Testcase: invalid[If_Invalid_5] took 0.003 sec
    [junit] Testcase: invalid[Import_Invalid_1] took 0.003 sec
    [junit] Testcase: invalid[IntDiv_Invalid_1] took 0.447 sec
    [junit] Testcase: invalid[Intersection_Invalid_1] took 0.003 sec
    [junit] Testcase: invalid[Intersection_Invalid_2] took 0.004 sec
    [junit] Testcase: invalid[Lambda_Invalid_3] took 0.429 sec
    [junit] Testcase: invalid[Lifetime_Invalid_1] took 0.003 sec
    [junit] Testcase: invalid[Lifetime_Invalid_2] took 0.003 sec
    [junit] Testcase: invalid[Lifetime_Invalid_3] took 0.003 sec
    [junit] Testcase: invalid[Lifetime_Invalid_4] took 0.003 sec
    [junit] Testcase: invalid[Lifetime_Invalid_5] took 0.003 sec
    [junit] Testcase: invalid[Lifetime_Invalid_6] took 0.003 sec
    [junit] Testcase: invalid[Lifetime_Invalid_7] took 0.004 sec
    [junit] Testcase: invalid[Lifetime_Invalid_8] took 0.003 sec
    [junit] Testcase: invalid[Lifetime_Lambda_Invalid_1] took 0.017 sec
    [junit] Testcase: invalid[Lifetime_Lambda_Invalid_2] took 0.003 sec
    [junit] Testcase: invalid[Lifetime_Lambda_Invalid_3] took 0.003 sec
    [junit] Testcase: invalid[Lifetime_Lambda_Invalid_4] took 0.003 sec
    [junit] Testcase: invalid[Lifetime_Lambda_Invalid_5] took 0.003 sec
    [junit] Testcase: invalid[Lifetime_Lambda_Invalid_6] took 0.003 sec
    [junit] Testcase: invalid[MethodCall_Invalid_1] took 0.003 sec
    [junit] Testcase: invalid[MethodCall_Invalid_2] took 0.008 sec
    [junit] Testcase: invalid[MethodCall_Invalid_3] took 0.003 sec
    [junit] Testcase: invalid[MethodCall_Invalid_4] took 0 sec
    [junit] Testcase: invalid[MethodCall_Invalid_5] took 0 sec
    [junit] Testcase: invalid[MethodCall_Invalid_6] took 0 sec
    [junit] Testcase: invalid[MethodCall_Invalid_7] took 0 sec
    [junit] Testcase: invalid[MethodCall_Invalid_8] took 0 sec
    [junit] Testcase: invalid[MethodRef_Invalid_1] took 0 sec
    [junit] Testcase: invalid[MethodRef_Invalid_2] took 0.004 sec
    [junit] Testcase: invalid[MethodRef_Invalid_3] took 0 sec
    [junit] Testcase: invalid[MultiAssign_Invalid_1] took 0.003 sec
    [junit] Testcase: invalid[Native_Invalid_1] took 0 sec
    [junit] Testcase: invalid[NegationType_Invalid_1] took 0.003 sec
    [junit] Testcase: invalid[NegationType_Invalid_2] took 0.002 sec
    [junit] Testcase: invalid[NegationType_Invalid_3] took 0.002 sec
    [junit] Testcase: invalid[NegationType_Invalid_4] took 0.003 sec
    [junit] Testcase: invalid[OpenRecord_Invalid_1] took 0.002 sec
    [junit] Testcase: invalid[OpenRecord_Invalid_2] took 0 sec
    [junit] Testcase: invalid[OpenRecord_Invalid_3] took 0.003 sec
    [junit] Testcase: invalid[OpenRecord_Invalid_4] took 0.002 sec
    [junit] Testcase: invalid[OpenRecord_Invalid_5] took 0.003 sec
    [junit] Testcase: invalid[OpenRecord_Invalid_6] took 0.002 sec
    [junit] Testcase: invalid[OpenRecord_Invalid_7] took 0.003 sec
    [junit] Testcase: invalid[Parameter_Invalid_1] took 0.002 sec
    [junit] Testcase: invalid[Parameter_Invalid_2] took 0.002 sec
    [junit] Testcase: invalid[Parsing_Invalid_1] took 0 sec
    [junit] Testcase: invalid[Parsing_Invalid_10] took 0.002 sec
    [junit] Testcase: invalid[Parsing_Invalid_11] took 0.002 sec
    [junit] Testcase: invalid[Parsing_Invalid_12] took 0.003 sec
    [junit] Testcase: invalid[Parsing_Invalid_15] took 0 sec
    [junit] Testcase: invalid[Parsing_Invalid_16] took 0.002 sec
    [junit] Testcase: invalid[Parsing_Invalid_2] took 0 sec
    [junit] Testcase: invalid[Parsing_Invalid_21] took 0.002 sec
    [junit] Testcase: invalid[Parsing_Invalid_23] took 0.003 sec
    [junit] Testcase: invalid[Parsing_Invalid_24] took 0.002 sec
    [junit] Testcase: invalid[Parsing_Invalid_25] took 0.002 sec
    [junit] Testcase: invalid[Parsing_Invalid_26] took 0.002 sec
    [junit] Testcase: invalid[Parsing_Invalid_27] took 0.003 sec
    [junit] Testcase: invalid[Parsing_Invalid_28] took 0.002 sec
    [junit] Testcase: invalid[Parsing_Invalid_29] took 0.003 sec
    [junit] Testcase: invalid[Parsing_Invalid_30] took 0.005 sec
    [junit] Testcase: invalid[Parsing_Invalid_31] took 0 sec
    [junit] Testcase: invalid[Parsing_Invalid_4] took 0.003 sec
    [junit] Testcase: invalid[Parsing_Invalid_5] took 0.002 sec
    [junit] Testcase: invalid[Parsing_Invalid_6] took 0.002 sec
    [junit] Testcase: invalid[Parsing_Invalid_8] took 0.002 sec
    [junit] Testcase: invalid[ProcessAccess_Invalid_1] took 0.003 sec
    [junit] Testcase: invalid[ProcessAccess_Invalid_2] took 0.01 sec
    [junit] Testcase: invalid[ProcessAccess_Invalid_3] took 0.002 sec
    [junit] Testcase: invalid[Process_Invalid_1] took 0.003 sec
    [junit] Testcase: invalid[Quantifiers_Invalid_1] took 0.333 sec
    [junit] Testcase: invalid[Quantifiers_Invalid_2] took 0.509 sec
    [junit] Testcase: invalid[Quantifiers_Invalid_3] took 0.251 sec
    [junit] Testcase: invalid[Quantifiers_Invalid_4] took 0.518 sec
    [junit] Testcase: invalid[Quantifiers_Invalid_5] took 0.387 sec
    [junit] Testcase: invalid[Quantifiers_Invalid_6] took 0.504 sec
    [junit] Testcase: invalid[Quantifiers_Invalid_7] took 0.442 sec
    [junit] Testcase: invalid[Quantifiers_Invalid_8] took 0.517 sec
    [junit] Testcase: invalid[Record_Invalid_1] took 0.003 sec
    [junit] Testcase: invalid[Record_Invalid_2] took 0.003 sec
    [junit] Testcase: invalid[Record_Invalid_3] took 0.003 sec
    [junit] Testcase: invalid[RecursiveType_Invalid_1] took 0 sec
    [junit] Testcase: invalid[RecursiveType_Invalid_10] took 0 sec
    [junit] Testcase: invalid[RecursiveType_Invalid_11] took 0.002 sec
    [junit] Testcase: invalid[RecursiveType_Invalid_2] took 0 sec
    [junit] Testcase: invalid[RecursiveType_Invalid_3] took 0.003 sec
    [junit] Testcase: invalid[RecursiveType_Invalid_4] took 0 sec
    [junit] Testcase: invalid[RecursiveType_Invalid_5] took 0.003 sec
    [junit] Testcase: invalid[RecursiveType_Invalid_7] took 0 sec
    [junit] Testcase: invalid[RecursiveType_Invalid_8] took 0 sec
    [junit] Testcase: invalid[RecursiveType_Invalid_9] took 0 sec
    [junit] Testcase: invalid[ReferenceOpenRecord_Invalid_1] took 0 sec
    [junit] Testcase: invalid[Reference_Subtype_Variant_Invalid_1] took 0.005 sec
    [junit] Testcase: invalid[Remainder_Invalid_1] took 0.481 sec
    [junit] Testcase: invalid[Remainder_Invalid_2] took 0.003 sec
    [junit] Testcase: invalid[Remainder_Invalid_3] took 0.002 sec
    [junit] Testcase: invalid[Requires_Invalid_1] took 0.613 sec
    [junit] Testcase: invalid[Return_Invalid_1] took 0.003 sec
    [junit] Testcase: invalid[Return_Invalid_10] took 0.002 sec
    [junit] Testcase: invalid[Return_Invalid_11] took 0.003 sec
    [junit] Testcase: invalid[Return_Invalid_12] took 0.002 sec
    [junit] Testcase: invalid[Return_Invalid_2] took 0.002 sec
    [junit] Testcase: invalid[Return_Invalid_3] took 0.003 sec
    [junit] Testcase: invalid[Return_Invalid_4] took 0.002 sec
    [junit] Testcase: invalid[Return_Invalid_5] took 0.002 sec
    [junit] Testcase: invalid[Return_Invalid_6] took 0.002 sec
    [junit] Testcase: invalid[Return_Invalid_7] took 0.002 sec
    [junit] Testcase: invalid[Return_Invalid_8] took 0.003 sec
    [junit] Testcase: invalid[Return_Invalid_9] took 0.002 sec
    [junit] Testcase: invalid[Subtype_Invalid_1] took 0 sec
    [junit] Testcase: invalid[Subtype_Invalid_2] took 0 sec
    [junit] Testcase: invalid[Subtype_Invalid_3] took 0 sec
    [junit] Testcase: invalid[Subtype_Invalid_4] took 0 sec
    [junit] Testcase: invalid[Subtype_Invalid_5] took 0 sec
    [junit] Testcase: invalid[Subtype_Invalid_6] took 0 sec
    [junit] Testcase: invalid[Subtype_Invalid_7] took 0 sec
    [junit] Testcase: invalid[Subtype_Invalid_8] took 0 sec
    [junit] Testcase: invalid[Subtype_Invalid_9] took 0 sec
    [junit] Testcase: invalid[Switch_Invalid_1] took 0.003 sec
    [junit] Testcase: invalid[Switch_Invalid_2] took 0.002 sec
    [junit] Testcase: invalid[Switch_Invalid_3] took 0.003 sec
    [junit] Testcase: invalid[Switch_Invalid_4] took 0.002 sec
    [junit] Testcase: invalid[Switch_Invalid_5] took 0.003 sec
    [junit] Testcase: invalid[Switch_Invalid_6] took 0.002 sec
    [junit] Testcase: invalid[Switch_Invalid_7] took 0.003 sec
    [junit] Testcase: invalid[TupleAssign_Invalid_1] took 0.702 sec
    [junit] Testcase: invalid[TupleAssign_Invalid_2] took 0 sec
    [junit] Testcase: invalid[TupleAssign_Invalid_3] took 0.677 sec
    [junit] Testcase: invalid[TupleDefine_Invalid_1] took 0.003 sec
    [junit] Testcase: invalid[TupleDefine_Invalid_2] took 0 sec
    [junit] Testcase: invalid[Tuple_Invalid_3] took 0 sec
    [junit] Testcase: invalid[Tuple_Invalid_4] took 0 sec
    [junit] Testcase: invalid[Tuple_Invalid_5] took 0 sec
    [junit] Testcase: invalid[Tuple_Invalid_6] took 0.002 sec
    [junit] Testcase: invalid[Tuple_Invalid_7] took 0.003 sec
    [junit] Testcase: invalid[TypeEquals_Invalid_1] took 0 sec
    [junit] Testcase: invalid[TypeEquals_Invalid_10] took 0.003 sec
    [junit] Testcase: invalid[TypeEquals_Invalid_11] took 0.003 sec
    [junit] Testcase: invalid[TypeEquals_Invalid_12] took 0.54 sec
    [junit] Testcase: invalid[TypeEquals_Invalid_13] took 0.003 sec
    [junit] Testcase: invalid[TypeEquals_Invalid_2] took 0.003 sec
    [junit] Testcase: invalid[TypeEquals_Invalid_5] took 0 sec
    [junit] Testcase: invalid[TypeEquals_Invalid_6] took 0 sec
    [junit] Testcase: invalid[TypeEquals_Invalid_7] took 0.003 sec
    [junit] Testcase: invalid[TypeEquals_Invalid_8] took 0.002 sec
    [junit] Testcase: invalid[TypeEquals_Invalid_9] took 0.002 sec
    [junit] Testcase: invalid[UnionType_Invalid_1] took 0.002 sec
    [junit] Testcase: invalid[UnionType_Invalid_10] took 0 sec
    [junit] Testcase: invalid[UnionType_Invalid_2] took 0.003 sec
    [junit] Testcase: invalid[UnionType_Invalid_3] took 0.002 sec
    [junit] Testcase: invalid[UnionType_Invalid_4] took 0.003 sec
    [junit] Testcase: invalid[UnionType_Invalid_5] took 0.004 sec
    [junit] Testcase: invalid[UnionType_Invalid_6] took 0.003 sec
    [junit] Testcase: invalid[UnionType_Invalid_7] took 0 sec
    [junit] Testcase: invalid[UnionType_Invalid_8] took 0 sec
    [junit] Testcase: invalid[UnionType_Invalid_9] took 0 sec
    [junit] Testcase: invalid[VarDecl_Invalid_1] took 0.002 sec
    [junit] Testcase: invalid[VarDecl_Invalid_2] took 0.432 sec
    [junit] Testcase: invalid[VarDecl_Invalid_3] took 0.002 sec
    [junit] Testcase: invalid[While_Invalid_1] took 0.003 sec
    [junit] Testcase: invalid[While_Invalid_10] took 0.628 sec
    [junit] Testcase: invalid[While_Invalid_11] took 0.556 sec
    [junit] Testcase: invalid[While_Invalid_12] took 0.566 sec
    [junit] Testcase: invalid[While_Invalid_13] took 0.604 sec
    [junit] Testcase: invalid[While_Invalid_14] took 0.002 sec
    [junit] Testcase: invalid[While_Invalid_15] took 0.768 sec
    [junit] Testcase: invalid[While_Invalid_2] took 0.003 sec
    [junit] Testcase: invalid[While_Invalid_3] took 0.002 sec
    [junit] Testcase: invalid[While_Invalid_4] took 0.002 sec
    [junit] Testcase: invalid[While_Invalid_5] took 0.003 sec
    [junit] Testcase: invalid[While_Invalid_6] took 0.002 sec
    [junit] Testcase: invalid[While_Invalid_7] took 0.424 sec
    [junit] Testcase: invalid[While_Invalid_8] took 0.332 sec
    [junit] Testcase: invalid[While_Invalid_9] took 0.003 sec
    [junit] Testcase: invalid[XOR_Invalid_1] took 0.003 sec
    [junit] Running wyc.testing.AllValidTests
    [junit] Testsuite: wyc.testing.AllValidTests
    [junit] Tests run: 515, Failures: 0, Errors: 0, Time elapsed: 188.611 sec
    [junit] Tests run: 515, Failures: 0, Errors: 0, Time elapsed: 188.611 sec
    [junit] 
    [junit] Testcase: valid[Access_Valid_1] took 1.11 sec
    [junit] Testcase: valid[Access_Valid_2] took 0.363 sec
    [junit] Testcase: valid[AddressExpression_Valid_1] took 0.315 sec
    [junit] Testcase: valid[AddressExpression_Valid_2] took 0.258 sec
    [junit] Testcase: valid[AddressExpression_Valid_3] took 0.457 sec
    [junit] Testcase: valid[AddressExpression_Valid_4] took 0.307 sec
    [junit] Testcase: valid[Assume_Valid_1] took 0.365 sec
    [junit] Testcase: valid[Assume_Valid_2] took 0.382 sec
    [junit] Testcase: valid[BoolAssign_Valid_1] took 0.34 sec
    [junit] Testcase: valid[BoolAssign_Valid_2] took 0.436 sec
    [junit] Testcase: valid[BoolAssign_Valid_3] took 0.345 sec
    [junit] Testcase: valid[BoolAssign_Valid_4] took 0.178 sec
    [junit] Testcase: valid[BoolAssign_Valid_5] took 0.517 sec
    [junit] Testcase: valid[BoolAssign_Valid_6] took 0.199 sec
    [junit] Testcase: valid[BoolFun_Valid_1] took 0.246 sec
    [junit] Testcase: valid[BoolIfElse_Valid_1] took 0.279 sec
    [junit] Testcase: valid[BoolIfElse_Valid_2] took 0.572 sec
    [junit] Testcase: valid[BoolList_Valid_1] took 0.2 sec
    [junit] Testcase: valid[BoolList_Valid_2] took 0.386 sec
    [junit] Testcase: valid[BoolList_Valid_3] took 0.409 sec
    [junit] Testcase: valid[BoolRecord_Valid_1] took 0.212 sec
    [junit] Testcase: valid[BoolRecord_Valid_2] took 0.357 sec
    [junit] Testcase: valid[BoolRequires_Valid_1] took 0.276 sec
    [junit] Testcase: valid[BoolReturn_Valid_1] took 0.316 sec
    [junit] Testcase: valid[Byte_Valid_1] took 0.379 sec
    [junit] Testcase: valid[Byte_Valid_2] took 4.059 sec
    [junit] Testcase: valid[Byte_Valid_3] took 2.551 sec
    [junit] Testcase: valid[Byte_Valid_4] took 2.315 sec
    [junit] Testcase: valid[Byte_Valid_5] took 0.253 sec
    [junit] Testcase: valid[Byte_Valid_6] took 0.384 sec
    [junit] Testcase: valid[Byte_Valid_7] took 0.469 sec
    [junit] Testcase: valid[Byte_Valid_8] took 0.43 sec
    [junit] Testcase: valid[Byte_Valid_9] took 0.511 sec
    [junit] Testcase: valid[Cast_Valid_5] took 0.28 sec
    [junit] Testcase: valid[Coercion_Valid_2] took 0.17 sec
    [junit] Testcase: valid[Coercion_Valid_3] took 0.458 sec
    [junit] Testcase: valid[Coercion_Valid_7] took 0.469 sec
    [junit] Testcase: valid[Coercion_Valid_8] took 0.001 sec
    [junit] Testcase: valid[Coercion_Valid_9] took 0.905 sec
    [junit] Testcase: valid[Complex_Valid_1] took 0.618 sec
    [junit] Testcase: valid[Complex_Valid_2] took 0.949 sec
    [junit] Testcase: valid[Complex_Valid_3] took 0 sec
    [junit] Testcase: valid[Complex_Valid_4] took 0 sec
    [junit] Testcase: valid[Complex_Valid_5] took 0.573 sec
    [junit] Testcase: valid[Complex_Valid_6] took 0.602 sec
    [junit] Testcase: valid[Complex_Valid_7] took 0.717 sec
    [junit] Testcase: valid[Complex_Valid_8] took 0.961 sec
    [junit] Testcase: valid[Constant_Valid_3] took 0.486 sec
    [junit] Testcase: valid[ConstrainedInt_Valid_1] took 0.555 sec
    [junit] Testcase: valid[ConstrainedInt_Valid_10] took 0.496 sec
    [junit] Testcase: valid[ConstrainedInt_Valid_12] took 0.495 sec
    [junit] Testcase: valid[ConstrainedInt_Valid_13] took 0.313 sec
    [junit] Testcase: valid[ConstrainedInt_Valid_15] took 0.584 sec
    [junit] Testcase: valid[ConstrainedInt_Valid_16] took 0.752 sec
    [junit] Testcase: valid[ConstrainedInt_Valid_17] took 0.391 sec
    [junit] Testcase: valid[ConstrainedInt_Valid_18] took 0.483 sec
    [junit] Testcase: valid[ConstrainedInt_Valid_19] took 0.502 sec
    [junit] Testcase: valid[ConstrainedInt_Valid_2] took 0.679 sec
    [junit] Testcase: valid[ConstrainedInt_Valid_20] took 0.518 sec
    [junit] Testcase: valid[ConstrainedInt_Valid_21] took 0.799 sec
    [junit] Testcase: valid[ConstrainedInt_Valid_22] took 0.53 sec
    [junit] Testcase: valid[ConstrainedInt_Valid_23] took 0.787 sec
    [junit] Testcase: valid[ConstrainedInt_Valid_24] took 0.628 sec
    [junit] Testcase: valid[ConstrainedInt_Valid_3] took 0.668 sec
    [junit] Testcase: valid[ConstrainedInt_Valid_4] took 0.306 sec
    [junit] Testcase: valid[ConstrainedInt_Valid_5] took 0.514 sec
    [junit] Testcase: valid[ConstrainedInt_Valid_6] took 0.286 sec
    [junit] Testcase: valid[ConstrainedInt_Valid_8] took 0.258 sec
    [junit] Testcase: valid[ConstrainedIntersection_Valid_1] took 0.258 sec
    [junit] Testcase: valid[ConstrainedList_Valid_1] took 0.345 sec
    [junit] Testcase: valid[ConstrainedList_Valid_11] took 0.464 sec
    [junit] Testcase: valid[ConstrainedList_Valid_12] took 0.179 sec
    [junit] Testcase: valid[ConstrainedList_Valid_14] took 0.356 sec
    [junit] Testcase: valid[ConstrainedList_Valid_15] took 0.331 sec
    [junit] Testcase: valid[ConstrainedList_Valid_16] took 0.367 sec
    [junit] Testcase: valid[ConstrainedList_Valid_17] took 0.239 sec
    [junit] Testcase: valid[ConstrainedList_Valid_18] took 0.252 sec
    [junit] Testcase: valid[ConstrainedList_Valid_19] took 0.224 sec
    [junit] Testcase: valid[ConstrainedList_Valid_2] took 0.31 sec
    [junit] Testcase: valid[ConstrainedList_Valid_20] took 0.256 sec
    [junit] Testcase: valid[ConstrainedList_Valid_21] took 0.193 sec
    [junit] Testcase: valid[ConstrainedList_Valid_22] took 0.23 sec
    [junit] Testcase: valid[ConstrainedList_Valid_23] took 0.273 sec
    [junit] Testcase: valid[ConstrainedList_Valid_25] took 0.409 sec
    [junit] Testcase: valid[ConstrainedList_Valid_26] took 0.122 sec
    [junit] Testcase: valid[ConstrainedList_Valid_27] took 0.411 sec
    [junit] Testcase: valid[ConstrainedList_Valid_28] took 0.165 sec
    [junit] Testcase: valid[ConstrainedList_Valid_3] took 0.387 sec
    [junit] Testcase: valid[ConstrainedList_Valid_4] took 0.308 sec
    [junit] Testcase: valid[ConstrainedList_Valid_5] took 0.292 sec
    [junit] Testcase: valid[ConstrainedList_Valid_6] took 0.41 sec
    [junit] Testcase: valid[ConstrainedList_Valid_7] took 0.252 sec
    [junit] Testcase: valid[ConstrainedList_Valid_8] took 0.47 sec
    [junit] Testcase: valid[ConstrainedList_Valid_9] took 0.401 sec
    [junit] Testcase: valid[ConstrainedNegation_Valid_1] took 0.26 sec
    [junit] Testcase: valid[ConstrainedNegation_Valid_2] took 0.329 sec
    [junit] Testcase: valid[ConstrainedRecord_Valid_1] took 0.387 sec
    [junit] Testcase: valid[ConstrainedRecord_Valid_10] took 0.431 sec
    [junit] Testcase: valid[ConstrainedRecord_Valid_2] took 0.393 sec
    [junit] Testcase: valid[ConstrainedRecord_Valid_3] took 0.27 sec
    [junit] Testcase: valid[ConstrainedRecord_Valid_4] took 0.288 sec
    [junit] Testcase: valid[ConstrainedRecord_Valid_5] took 0.295 sec
    [junit] Testcase: valid[ConstrainedRecord_Valid_6] took 0.291 sec
    [junit] Testcase: valid[ConstrainedRecord_Valid_8] took 0.306 sec
    [junit] Testcase: valid[ConstrainedRecord_Valid_9] took 0.484 sec
    [junit] Testcase: valid[ConstrainedReference_Valid_1] took 0.491 sec
    [junit] Testcase: valid[ConstrainedUnion_Valid_1] took 0.325 sec
    [junit] Testcase: valid[Contractive_Valid_1] took 0.275 sec
    [junit] Testcase: valid[Contractive_Valid_2] took 0.308 sec
    [junit] Testcase: valid[Define_Valid_1] took 0.466 sec
    [junit] Testcase: valid[Define_Valid_2] took 0.293 sec
    [junit] Testcase: valid[Define_Valid_3] took 0.293 sec
    [junit] Testcase: valid[Define_Valid_4] took 0.527 sec
    [junit] Testcase: valid[DoWhile_Valid_1] took 0.295 sec
    [junit] Testcase: valid[DoWhile_Valid_2] took 0.191 sec
    [junit] Testcase: valid[DoWhile_Valid_3] took 0.339 sec
    [junit] Testcase: valid[DoWhile_Valid_4] took 0 sec
    [junit] Testcase: valid[DoWhile_Valid_5] took 0.592 sec
    [junit] Testcase: valid[DoWhile_Valid_6] took 0.301 sec
    [junit] Testcase: valid[DoWhile_Valid_7] took 0.215 sec
    [junit] Testcase: valid[DoWhile_Valid_8] took 0.305 sec
    [junit] Testcase: valid[EffectiveList_Valid_1] took 0.366 sec
    [junit] Testcase: valid[Ensures_Valid_1] took 0.299 sec
    [junit] Testcase: valid[Ensures_Valid_2] took 0.334 sec
    [junit] Testcase: valid[Ensures_Valid_3] took 0.338 sec
    [junit] Testcase: valid[Ensures_Valid_4] took 0.225 sec
    [junit] Testcase: valid[Ensures_Valid_5] took 0.269 sec
    [junit] Testcase: valid[Ensures_Valid_6] took 0.37 sec
    [junit] Testcase: valid[Ensures_Valid_7] took 0.385 sec
    [junit] Testcase: valid[Ensures_Valid_8] took 0.257 sec
    [junit] Testcase: valid[Fail_Valid_1] took 0.307 sec
    [junit] Testcase: valid[Fail_Valid_2] took 0.294 sec
    [junit] Testcase: valid[Fail_Valid_3] took 0.371 sec
    [junit] Testcase: valid[FunctionRef_Valid_1] took 0.289 sec
    [junit] Testcase: valid[FunctionRef_Valid_10] took 0.361 sec
    [junit] Testcase: valid[FunctionRef_Valid_11] took 0.34 sec
    [junit] Testcase: valid[FunctionRef_Valid_12] took 0.388 sec
    [junit] Testcase: valid[FunctionRef_Valid_13] took 0.381 sec
    [junit] Testcase: valid[FunctionRef_Valid_2] took 0.313 sec
    [junit] Testcase: valid[FunctionRef_Valid_4] took 0.237 sec
    [junit] Testcase: valid[FunctionRef_Valid_5] took 0.277 sec
    [junit] Testcase: valid[FunctionRef_Valid_6] took 0.358 sec
    [junit] Testcase: valid[FunctionRef_Valid_7] took 0.332 sec
    [junit] Testcase: valid[FunctionRef_Valid_8] took 0.253 sec
    [junit] Testcase: valid[FunctionRef_Valid_9] took 0.298 sec
    [junit] Testcase: valid[Function_Valid_1] took 0.448 sec
    [junit] Testcase: valid[Function_Valid_11] took 0.001 sec
    [junit] Testcase: valid[Function_Valid_12] took 0.433 sec
    [junit] Testcase: valid[Function_Valid_13] took 0.219 sec
    [junit] Testcase: valid[Function_Valid_14] took 0.286 sec
    [junit] Testcase: valid[Function_Valid_15] took 0 sec
    [junit] Testcase: valid[Function_Valid_16] took 0.402 sec
    [junit] Testcase: valid[Function_Valid_17] took 0.267 sec
    [junit] Testcase: valid[Function_Valid_18] took 0.399 sec
    [junit] Testcase: valid[Function_Valid_2] took 0.366 sec
    [junit] Testcase: valid[Function_Valid_20] took 0.373 sec
    [junit] Testcase: valid[Function_Valid_21] took 0.303 sec
    [junit] Testcase: valid[Function_Valid_3] took 0.391 sec
    [junit] Testcase: valid[Function_Valid_4] took 0.298 sec
    [junit] Testcase: valid[Function_Valid_5] took 0.34 sec
    [junit] Testcase: valid[Function_Valid_6] took 0.216 sec
    [junit] Testcase: valid[Function_Valid_7] took 0.399 sec
    [junit] Testcase: valid[Function_Valid_8] took 0.224 sec
    [junit] Testcase: valid[Function_Valid_9] took 0.46 sec
    [junit] Testcase: valid[HexAssign_Valid_1] took 0.291 sec
    [junit] Testcase: valid[IfElse_Valid_1] took 0.301 sec
    [junit] Testcase: valid[IfElse_Valid_2] took 0.397 sec
    [junit] Testcase: valid[IfElse_Valid_3] took 0.219 sec
    [junit] Testcase: valid[IfElse_Valid_4] took 0.362 sec
    [junit] Testcase: valid[IfElse_Valid_5] took 0.345 sec
    [junit] Testcase: valid[Import_Valid_1] took 0.686 sec
    [junit] Testcase: valid[Import_Valid_2] took 0.298 sec
    [junit] Testcase: valid[Import_Valid_3] took 0.504 sec
    [junit] Testcase: valid[Import_Valid_6] took 0.461 sec
    [junit] Testcase: valid[IntConst_Valid_1] took 0.731 sec
    [junit] Testcase: valid[IntDefine_Valid_1] took 0.516 sec
    [junit] Testcase: valid[IntDefine_Valid_2] took 0.241 sec
    [junit] Testcase: valid[IntDiv_Valid_1] took 0.457 sec
    [junit] Testcase: valid[IntDiv_Valid_3] took 0.311 sec
    [junit] Testcase: valid[IntDiv_Valid_4] took 0.347 sec
    [junit] Testcase: valid[IntDiv_Valid_5] took 0.415 sec
    [junit] Testcase: valid[IntMul_Valid_1] took 0.279 sec
    [junit] Testcase: valid[IntMul_Valid_2] took 0.257 sec
    [junit] Testcase: valid[IntOp_Valid_1] took 0.374 sec
    [junit] Testcase: valid[Intersection_Valid_1] took 0.281 sec
    [junit] Testcase: valid[Intersection_Valid_2] took 0.281 sec
    [junit] Testcase: valid[Lambda_Valid_1] took 0.223 sec
    [junit] Testcase: valid[Lambda_Valid_10] took 0.449 sec
    [junit] Testcase: valid[Lambda_Valid_11] took 0.401 sec
    [junit] Testcase: valid[Lambda_Valid_12] took 0.316 sec
    [junit] Testcase: valid[Lambda_Valid_2] took 0.403 sec
    [junit] Testcase: valid[Lambda_Valid_3] took 0.587 sec
    [junit] Testcase: valid[Lambda_Valid_4] took 0.532 sec
    [junit] Testcase: valid[Lambda_Valid_5] took 0.507 sec
    [junit] Testcase: valid[Lambda_Valid_6] took 0.66 sec
    [junit] Testcase: valid[Lambda_Valid_7] took 0.38 sec
    [junit] Testcase: valid[Lambda_Valid_8] took 0.471 sec
    [junit] Testcase: valid[Lambda_Valid_9] took 0.512 sec
    [junit] Testcase: valid[LengthOf_Valid_1] took 0.269 sec
    [junit] Testcase: valid[LengthOf_Valid_4] took 0.308 sec
    [junit] Testcase: valid[LengthOf_Valid_5] took 0.142 sec
    [junit] Testcase: valid[Lifetime_Lambda_Valid_1] took 0.393 sec
    [junit] Testcase: valid[Lifetime_Lambda_Valid_2] took 0.267 sec
    [junit] Testcase: valid[Lifetime_Lambda_Valid_3] took 0.365 sec
    [junit] Testcase: valid[Lifetime_Lambda_Valid_4] took 0 sec
    [junit] Testcase: valid[Lifetime_Lambda_Valid_5] took 0.341 sec
    [junit] Testcase: valid[Lifetime_Lambda_Valid_6] took 0.261 sec
    [junit] Testcase: valid[Lifetime_Lambda_Valid_7] took 0.31 sec
    [junit] Testcase: valid[Lifetime_Valid_1] took 0.351 sec
    [junit] Testcase: valid[Lifetime_Valid_10] took 0.354 sec
    [junit] Testcase: valid[Lifetime_Valid_2] took 0.28 sec
    [junit] Testcase: valid[Lifetime_Valid_3] took 0.421 sec
    [junit] Testcase: valid[Lifetime_Valid_4] took 0.347 sec
    [junit] Testcase: valid[Lifetime_Valid_5] took 0.28 sec
    [junit] Testcase: valid[Lifetime_Valid_6] took 0.327 sec
    [junit] Testcase: valid[Lifetime_Valid_7] took 0.306 sec
    [junit] Testcase: valid[Lifetime_Valid_8] took 0.277 sec
    [junit] Testcase: valid[Lifetime_Valid_9] took 0.284 sec
    [junit] Testcase: valid[ListAccess_Valid_1] took 0.518 sec
    [junit] Testcase: valid[ListAccess_Valid_3] took 0.273 sec
    [junit] Testcase: valid[ListAccess_Valid_5] took 0.351 sec
    [junit] Testcase: valid[ListAccess_Valid_6] took 0.26 sec
    [junit] Testcase: valid[ListAccess_Valid_8] took 0.223 sec
    [junit] Testcase: valid[ListAccess_Valid_9] took 0.365 sec
    [junit] Testcase: valid[ListAssign_Valid_1] took 0.494 sec
    [junit] Testcase: valid[ListAssign_Valid_11] took 0.316 sec
    [junit] Testcase: valid[ListAssign_Valid_12] took 0.31 sec
    [junit] Testcase: valid[ListAssign_Valid_2] took 0.148 sec
    [junit] Testcase: valid[ListAssign_Valid_3] took 0.54 sec
    [junit] Testcase: valid[ListAssign_Valid_4] took 0.473 sec
    [junit] Testcase: valid[ListAssign_Valid_5] took 0.47 sec
    [junit] Testcase: valid[ListAssign_Valid_6] took 0.368 sec
    [junit] Testcase: valid[ListAssign_Valid_7] took 0.434 sec
    [junit] Testcase: valid[ListAssign_Valid_8] took 0.351 sec
    [junit] Testcase: valid[ListAssign_Valid_9] took 0.434 sec
    [junit] Testcase: valid[ListEmpty_Valid_1] took 0.246 sec
    [junit] Testcase: valid[ListGenerator_Valid_1] took 0.275 sec
    [junit] Testcase: valid[ListGenerator_Valid_10] took 0.26 sec
    [junit] Testcase: valid[ListGenerator_Valid_11] took 0.31 sec
    [junit] Testcase: valid[ListGenerator_Valid_12] took 0.303 sec
    [junit] Testcase: valid[ListGenerator_Valid_2] took 0.219 sec
    [junit] Testcase: valid[ListGenerator_Valid_3] took 0.275 sec
    [junit] Testcase: valid[ListGenerator_Valid_5] took 0.303 sec
    [junit] Testcase: valid[ListGenerator_Valid_6] took 0.414 sec
    [junit] Testcase: valid[ListGenerator_Valid_7] took 0.35 sec
    [junit] Testcase: valid[ListGenerator_Valid_8] took 0.295 sec
    [junit] Testcase: valid[ListGenerator_Valid_9] took 0.38 sec
    [junit] Testcase: valid[ListLength_Valid_1] took 0.364 sec
    [junit] Testcase: valid[ListLength_Valid_2] took 0.208 sec
    [junit] Testcase: valid[ListLength_Valid_3] took 0.429 sec
    [junit] Testcase: valid[MessageRef_Valid_1] took 0.444 sec
    [junit] Testcase: valid[MessageRef_Valid_2] took 0.238 sec
    [junit] Testcase: valid[MessageSend_Valid_1] took 0.376 sec
    [junit] Testcase: valid[MessageSend_Valid_2] took 0.093 sec
    [junit] Testcase: valid[MessageSend_Valid_3] took 0.234 sec
    [junit] Testcase: valid[MessageSend_Valid_4] took 0.208 sec
    [junit] Testcase: valid[MessageSend_Valid_5] took 0.288 sec
    [junit] Testcase: valid[MethodCall_Valid_1] took 0.328 sec
    [junit] Testcase: valid[MethodCall_Valid_2] took 0.314 sec
    [junit] Testcase: valid[MethodCall_Valid_3] took 0.25 sec
    [junit] Testcase: valid[MethodCall_Valid_4] took 0.358 sec
    [junit] Testcase: valid[MethodRef_Valid_1] took 0.4 sec
    [junit] Testcase: valid[MethodRef_Valid_2] took 0.346 sec
    [junit] Testcase: valid[Method_Valid_1] took 0.306 sec
    [junit] Testcase: valid[MultiLineComment_Valid_1] took 0.372 sec
    [junit] Testcase: valid[MultiLineComment_Valid_2] took 0.217 sec
    [junit] Testcase: valid[NegationType_Valid_1] took 0.302 sec
    [junit] Testcase: valid[NegationType_Valid_2] took 0.319 sec
    [junit] Testcase: valid[NegationType_Valid_3] took 0.326 sec
    [junit] Testcase: valid[NegationType_Valid_4] took 0.431 sec
    [junit] Testcase: valid[NegationType_Valid_5] took 0.268 sec
    [junit] Testcase: valid[OpenRecord_Valid_1] took 0.408 sec
    [junit] Testcase: valid[OpenRecord_Valid_10] took 0.248 sec
    [junit] Testcase: valid[OpenRecord_Valid_11] took 0.307 sec
    [junit] Testcase: valid[OpenRecord_Valid_2] took 0.4 sec
    [junit] Testcase: valid[OpenRecord_Valid_3] took 0.57 sec
    [junit] Testcase: valid[OpenRecord_Valid_4] took 0.309 sec
    [junit] Testcase: valid[OpenRecord_Valid_5] took 0.429 sec
    [junit] Testcase: valid[OpenRecord_Valid_6] took 0.181 sec
    [junit] Testcase: valid[OpenRecord_Valid_9] took 0.528 sec
    [junit] Testcase: valid[ProcessAccess_Valid_1] took 0.235 sec
    [junit] Testcase: valid[ProcessAccess_Valid_2] took 0.282 sec
    [junit] Testcase: valid[Process_Valid_1] took 0.215 sec
    [junit] Testcase: valid[Process_Valid_10] took 0.388 sec
    [junit] Testcase: valid[Process_Valid_11] took 0.372 sec
    [junit] Testcase: valid[Process_Valid_12] took 0.295 sec
    [junit] Testcase: valid[Process_Valid_2] took 0.384 sec
    [junit] Testcase: valid[Process_Valid_3] took 0.284 sec
    [junit] Testcase: valid[Process_Valid_4] took 0.366 sec
    [junit] Testcase: valid[Process_Valid_5] took 0.189 sec
    [junit] Testcase: valid[Process_Valid_6] took 0.228 sec
    [junit] Testcase: valid[Process_Valid_7] took 0.362 sec
    [junit] Testcase: valid[Process_Valid_8] took 0.299 sec
    [junit] Testcase: valid[Process_Valid_9] took 0.314 sec
    [junit] Testcase: valid[Quantifiers_Valid_1] took 0.253 sec
    [junit] Testcase: valid[RecordAccess_Valid_1] took 0.283 sec
    [junit] Testcase: valid[RecordAssign_Valid_1] took 0.389 sec
    [junit] Testcase: valid[RecordAssign_Valid_10] took 0.45 sec
    [junit] Testcase: valid[RecordAssign_Valid_2] took 0.458 sec
    [junit] Testcase: valid[RecordAssign_Valid_3] took 0.29 sec
    [junit] Testcase: valid[RecordAssign_Valid_4] took 0.406 sec
    [junit] Testcase: valid[RecordAssign_Valid_5] took 0.373 sec
    [junit] Testcase: valid[RecordAssign_Valid_6] took 0.315 sec
    [junit] Testcase: valid[RecordAssign_Valid_7] took 0.269 sec
    [junit] Testcase: valid[RecordAssign_Valid_8] took 0.238 sec
    [junit] Testcase: valid[RecordAssign_Valid_9] took 0.25 sec
    [junit] Testcase: valid[RecordCoercion_Valid_1] took 0.272 sec
    [junit] Testcase: valid[RecordDefine_Valid_1] took 0.287 sec
    [junit] Testcase: valid[RecordDefine_Valid_2] took 0.245 sec
    [junit] Testcase: valid[RecordSubtype_Valid_1] 
    [junit] Running wyc.testing.AllValidVerificationTests
    [junit] Testsuite: wyc.testing.AllValidVerificationTests
    [junit] Tests run: 515, Failures: 0, Errors: 0, Time elapsed: 350.425 sec
    [junit] Tests run: 515, Failures: 0, Errors: 0, Time elapsed: 350.425 sec
    [junit] 
    [junit] Testcase: validVerification[Access_Valid_1] took 1.798 sec
    [junit] Testcase: validVerification[Access_Valid_2] took 1.398 sec
    [junit] Testcase: validVerification[AddressExpression_Valid_1] took 0.877 sec
    [junit] Testcase: validVerification[AddressExpression_Valid_2] took 0.678 sec
    [junit] Testcase: validVerification[AddressExpression_Valid_3] took 0.931 sec
    [junit] Testcase: validVerification[AddressExpression_Valid_4] took 0.542 sec
    [junit] Testcase: validVerification[Assume_Valid_1] took 0.917 sec
    [junit] Testcase: validVerification[Assume_Valid_2] took 0.916 sec
    [junit] Testcase: validVerification[BoolAssign_Valid_1] took 0.738 sec
    [junit] Testcase: validVerification[BoolAssign_Valid_2] took 0.001 sec
    [junit] Testcase: validVerification[BoolAssign_Valid_3] took 0 sec
    [junit] Testcase: validVerification[BoolAssign_Valid_4] took 0.522 sec
    [junit] Testcase: validVerification[BoolAssign_Valid_5] took 1.148 sec
    [junit] Testcase: validVerification[BoolAssign_Valid_6] took 0.938 sec
    [junit] Testcase: validVerification[BoolFun_Valid_1] took 0.653 sec
    [junit] Testcase: validVerification[BoolIfElse_Valid_1] took 0.598 sec
    [junit] Testcase: validVerification[BoolIfElse_Valid_2] took 0.57 sec
    [junit] Testcase: validVerification[BoolList_Valid_1] took 1.118 sec
    [junit] Testcase: validVerification[BoolList_Valid_2] took 2.185 sec
    [junit] Testcase: validVerification[BoolList_Valid_3] took 0 sec
    [junit] Testcase: validVerification[BoolRecord_Valid_1] took 0 sec
    [junit] Testcase: validVerification[BoolRecord_Valid_2] took 0.609 sec
    [junit] Testcase: validVerification[BoolRequires_Valid_1] took 0.72 sec
    [junit] Testcase: validVerification[BoolReturn_Valid_1] took 0.666 sec
    [junit] Testcase: validVerification[Byte_Valid_1] took 0.891 sec
    [junit] Testcase: validVerification[Byte_Valid_2] took 1.526 sec
    [junit] Testcase: validVerification[Byte_Valid_3] took 1.325 sec
    [junit] Testcase: validVerification[Byte_Valid_4] took 1.536 sec
    [junit] Testcase: validVerification[Byte_Valid_5] took 1.087 sec
    [junit] Testcase: validVerification[Byte_Valid_6] took 0.949 sec
    [junit] Testcase: validVerification[Byte_Valid_7] took 1.06 sec
    [junit] Testcase: validVerification[Byte_Valid_8] took 0.892 sec
    [junit] Testcase: validVerification[Byte_Valid_9] took 0.897 sec
    [junit] Testcase: validVerification[Cast_Valid_5] took 0 sec
    [junit] Testcase: validVerification[Coercion_Valid_2] took 0.838 sec
    [junit] Testcase: validVerification[Coercion_Valid_3] took 0.711 sec
    [junit] Testcase: validVerification[Coercion_Valid_7] took 0.587 sec
    [junit] Testcase: validVerification[Coercion_Valid_8] took 0 sec
    [junit] Testcase: validVerification[Coercion_Valid_9] took 0.601 sec
    [junit] Testcase: validVerification[Complex_Valid_1] took 0 sec
    [junit] Testcase: validVerification[Complex_Valid_2] took 1.755 sec
    [junit] Testcase: validVerification[Complex_Valid_3] took 0 sec
    [junit] Testcase: validVerification[Complex_Valid_4] took 0 sec
    [junit] Testcase: validVerification[Complex_Valid_5] took 0.889 sec
    [junit] Testcase: validVerification[Complex_Valid_6] took 0.712 sec
    [junit] Testcase: validVerification[Complex_Valid_7] took 0 sec
    [junit] Testcase: validVerification[Complex_Valid_8] took 2.819 sec
    [junit] Testcase: validVerification[Constant_Valid_3] took 1.065 sec
    [junit] Testcase: validVerification[ConstrainedInt_Valid_1] took 0.833 sec
    [junit] Testcase: validVerification[ConstrainedInt_Valid_10] took 0.798 sec
    [junit] Testcase: validVerification[ConstrainedInt_Valid_12] took 0.803 sec
    [junit] Testcase: validVerification[ConstrainedInt_Valid_13] took 0.614 sec
    [junit] Testcase: validVerification[ConstrainedInt_Valid_15] took 0.721 sec
    [junit] Testcase: validVerification[ConstrainedInt_Valid_16] took 0.648 sec
    [junit] Testcase: validVerification[ConstrainedInt_Valid_17] took 0.871 sec
    [junit] Testcase: validVerification[ConstrainedInt_Valid_18] took 0.712 sec
    [junit] Testcase: validVerification[ConstrainedInt_Valid_19] took 0.757 sec
    [junit] Testcase: validVerification[ConstrainedInt_Valid_2] took 0.914 sec
    [junit] Testcase: validVerification[ConstrainedInt_Valid_20] took 0.736 sec
    [junit] Testcase: validVerification[ConstrainedInt_Valid_21] took 0.523 sec
    [junit] Testcase: validVerification[ConstrainedInt_Valid_22] took 0.684 sec
    [junit] Testcase: validVerification[ConstrainedInt_Valid_23] took 0.799 sec
    [junit] Testcase: validVerification[ConstrainedInt_Valid_24] took 1.069 sec
    [junit] Testcase: validVerification[ConstrainedInt_Valid_3] took 1.023 sec
    [junit] Testcase: validVerification[ConstrainedInt_Valid_4] took 1.059 sec
    [junit] Testcase: validVerification[ConstrainedInt_Valid_5] took 0.852 sec
    [junit] Testcase: validVerification[ConstrainedInt_Valid_6] took 0.655 sec
    [junit] Testcase: validVerification[ConstrainedInt_Valid_8] took 0.977 sec
    [junit] Testcase: validVerification[ConstrainedIntersection_Valid_1] took 0 sec
    [junit] Testcase: validVerification[ConstrainedList_Valid_1] took 0.817 sec
    [junit] Testcase: validVerification[ConstrainedList_Valid_11] took 0.927 sec
    [junit] Testcase: validVerification[ConstrainedList_Valid_12] took 0.954 sec
    [junit] Testcase: validVerification[ConstrainedList_Valid_14] took 0.762 sec
    [junit] Testcase: validVerification[ConstrainedList_Valid_15] took 0.796 sec
    [junit] Testcase: validVerification[ConstrainedList_Valid_16] took 0.551 sec
    [junit] Testcase: validVerification[ConstrainedList_Valid_17] took 0.605 sec
    [junit] Testcase: validVerification[ConstrainedList_Valid_18] took 0 sec
    [junit] Testcase: validVerification[ConstrainedList_Valid_19] took 0.858 sec
    [junit] Testcase: validVerification[ConstrainedList_Valid_2] took 0 sec
    [junit] Testcase: validVerification[ConstrainedList_Valid_20] took 0 sec
    [junit] Testcase: validVerification[ConstrainedList_Valid_21] took 0 sec
    [junit] Testcase: validVerification[ConstrainedList_Valid_22] took 0 sec
    [junit] Testcase: validVerification[ConstrainedList_Valid_23] took 0 sec
    [junit] Testcase: validVerification[ConstrainedList_Valid_25] took 0 sec
    [junit] Testcase: validVerification[ConstrainedList_Valid_26] took 0 sec
    [junit] Testcase: validVerification[ConstrainedList_Valid_27] took 0 sec
    [junit] Testcase: validVerification[ConstrainedList_Valid_28] took 0 sec
    [junit] Testcase: validVerification[ConstrainedList_Valid_3] took 1.922 sec
    [junit] Testcase: validVerification[ConstrainedList_Valid_4] took 0.818 sec
    [junit] Testcase: validVerification[ConstrainedList_Valid_5] took 0.912 sec
    [junit] Testcase: validVerification[ConstrainedList_Valid_6] took 0 sec
    [junit] Testcase: validVerification[ConstrainedList_Valid_7] took 1.087 sec
    [junit] Testcase: validVerification[ConstrainedList_Valid_8] took 0 sec
    [junit] Testcase: validVerification[ConstrainedList_Valid_9] took 0.894 sec
    [junit] Testcase: validVerification[ConstrainedNegation_Valid_1] took 0 sec
    [junit] Testcase: validVerification[ConstrainedNegation_Valid_2] took 0 sec
    [junit] Testcase: validVerification[ConstrainedRecord_Valid_1] took 0.709 sec
    [junit] Testcase: validVerification[ConstrainedRecord_Valid_10] took 0 sec
    [junit] Testcase: validVerification[ConstrainedRecord_Valid_2] took 0.894 sec
    [junit] Testcase: validVerification[ConstrainedRecord_Valid_3] took 0.898 sec
    [junit] Testcase: validVerification[ConstrainedRecord_Valid_4] took 0.89 sec
    [junit] Testcase: validVerification[ConstrainedRecord_Valid_5] took 0.648 sec
    [junit] Testcase: validVerification[ConstrainedRecord_Valid_6] took 0.503 sec
    [junit] Testcase: validVerification[ConstrainedRecord_Valid_8] took 0 sec
    [junit] Testcase: validVerification[ConstrainedRecord_Valid_9] took 0 sec
    [junit] Testcase: validVerification[ConstrainedReference_Valid_1] took 0 sec
    [junit] Testcase: validVerification[ConstrainedUnion_Valid_1] took 0.866 sec
    [junit] Testcase: validVerification[Contractive_Valid_1] took 0.673 sec
    [junit] Testcase: validVerification[Contractive_Valid_2] took 0.636 sec
    [junit] Testcase: validVerification[Define_Valid_1] took 0.679 sec
    [junit] Testcase: validVerification[Define_Valid_2] took 0.664 sec
    [junit] Testcase: validVerification[Define_Valid_3] took 0.955 sec
    [junit] Testcase: validVerification[Define_Valid_4] took 0.561 sec
    [junit] Testcase: validVerification[DoWhile_Valid_1] took 0.92 sec
    [junit] Testcase: validVerification[DoWhile_Valid_2] took 0.739 sec
    [junit] Testcase: validVerification[DoWhile_Valid_3] took 0.571 sec
    [junit] Testcase: validVerification[DoWhile_Valid_4] took 0 sec
    [junit] Testcase: validVerification[DoWhile_Valid_5] took 0.7 sec
    [junit] Testcase: validVerification[DoWhile_Valid_6] took 0.838 sec
    [junit] Testcase: validVerification[DoWhile_Valid_7] took 0.852 sec
    [junit] Testcase: validVerification[DoWhile_Valid_8] took 0.918 sec
    [junit] Testcase: validVerification[EffectiveList_Valid_1] took 1.841 sec
    [junit] Testcase: validVerification[Ensures_Valid_1] took 0.83 sec
    [junit] Testcase: validVerification[Ensures_Valid_2] took 0.796 sec
    [junit] Testcase: validVerification[Ensures_Valid_3] took 0 sec
    [junit] Testcase: validVerification[Ensures_Valid_4] took 0.69 sec
    [junit] Testcase: validVerification[Ensures_Valid_5] took 0.67 sec
    [junit] Testcase: validVerification[Ensures_Valid_6] took 0 sec
    [junit] Testcase: validVerification[Ensures_Valid_7] took 0.867 sec
    [junit] Testcase: validVerification[Ensures_Valid_8] took 0.533 sec
    [junit] Testcase: validVerification[Fail_Valid_1] took 0.819 sec
    [junit] Testcase: validVerification[Fail_Valid_2] took 0.837 sec
    [junit] Testcase: validVerification[Fail_Valid_3] took 0 sec
    [junit] Testcase: validVerification[FunctionRef_Valid_1] took 0.697 sec
    [junit] Testcase: validVerification[FunctionRef_Valid_10] took 0 sec
    [junit] Testcase: validVerification[FunctionRef_Valid_11] took 0 sec
    [junit] Testcase: validVerification[FunctionRef_Valid_12] took 1 sec
    [junit] Testcase: validVerification[FunctionRef_Valid_13] took 0.433 sec
    [junit] Testcase: validVerification[FunctionRef_Valid_2] took 0.667 sec
    [junit] Testcase: validVerification[FunctionRef_Valid_4] took 0.001 sec
    [junit] Testcase: validVerification[FunctionRef_Valid_5] took 0.684 sec
    [junit] Testcase: validVerification[FunctionRef_Valid_6] took 0.743 sec
    [junit] Testcase: validVerification[FunctionRef_Valid_7] took 0.812 sec
    [junit] Testcase: validVerification[FunctionRef_Valid_8] took 0.669 sec
    [junit] Testcase: validVerification[FunctionRef_Valid_9] took 0.637 sec
    [junit] Testcase: validVerification[Function_Valid_1] took 0.97 sec
    [junit] Testcase: validVerification[Function_Valid_11] took 0.001 sec
    [junit] Testcase: validVerification[Function_Valid_12] took 0.682 sec
    [junit] Testcase: validVerification[Function_Valid_13] took 0.787 sec
    [junit] Testcase: validVerification[Function_Valid_14] took 0.669 sec
    [junit] Testcase: validVerification[Function_Valid_15] took 0 sec
    [junit] Testcase: validVerification[Function_Valid_16] took 0.585 sec
    [junit] Testcase: validVerification[Function_Valid_17] took 1.049 sec
    [junit] Testcase: validVerification[Function_Valid_18] took 0.882 sec
    [junit] Testcase: validVerification[Function_Valid_2] took 0.653 sec
    [junit] Testcase: validVerification[Function_Valid_20] took 0.79 sec
    [junit] Testcase: validVerification[Function_Valid_21] took 0.843 sec
    [junit] Testcase: validVerification[Function_Valid_3] took 0.619 sec
    [junit] Testcase: validVerification[Function_Valid_4] took 1.153 sec
    [junit] Testcase: validVerification[Function_Valid_5] took 0.901 sec
    [junit] Testcase: validVerification[Function_Valid_6] took 1.64 sec
    [junit] Testcase: validVerification[Function_Valid_7] took 1.47 sec
    [junit] Testcase: validVerification[Function_Valid_8] took 1.753 sec
    [junit] Testcase: validVerification[Function_Valid_9] took 1.618 sec
    [junit] Testcase: validVerification[HexAssign_Valid_1] took 0.808 sec
    [junit] Testcase: validVerification[IfElse_Valid_1] took 1.081 sec
    [junit] Testcase: validVerification[IfElse_Valid_2] took 0.925 sec
    [junit] Testcase: validVerification[IfElse_Valid_3] took 0.838 sec
    [junit] Testcase: validVerification[IfElse_Valid_4] took 0 sec
    [junit] Testcase: validVerification[IfElse_Valid_5] took 0.597 sec
    [junit] Testcase: validVerification[Import_Valid_1] took 0.903 sec
    [junit] Testcase: validVerification[Import_Valid_2] took 0.899 sec
    [junit] Testcase: validVerification[Import_Valid_3] took 0.629 sec
    [junit] Testcase: validVerification[Import_Valid_6] took 0.243 sec
    [junit] Testcase: validVerification[IntConst_Valid_1] took 0.439 sec
    [junit] Testcase: validVerification[IntDefine_Valid_1] took 0.511 sec
    [junit] Testcase: validVerification[IntDefine_Valid_2] took 0.647 sec
    [junit] Testcase: validVerification[IntDiv_Valid_1] took 0.561 sec
    [junit] Testcase: validVerification[IntDiv_Valid_3] took 0.633 sec
    [junit] Testcase: validVerification[IntDiv_Valid_4] took 0.549 sec
    [junit] Testcase: validVerification[IntDiv_Valid_5] took 0.736 sec
    [junit] Testcase: validVerification[IntMul_Valid_1] took 0.787 sec
    [junit] Testcase: validVerification[IntMul_Valid_2] took 0.586 sec
    [junit] Testcase: validVerification[IntOp_Valid_1] took 0.834 sec
    [junit] Testcase: validVerification[Intersection_Valid_1] took 0.733 sec
    [junit] Testcase: validVerification[Intersection_Valid_2] took 0 sec
    [junit] Testcase: validVerification[Lambda_Valid_1] took 0.645 sec
    [junit] Testcase: validVerification[Lambda_Valid_10] took 0.618 sec
    [junit] Testcase: validVerification[Lambda_Valid_11] took 0.697 sec
    [junit] Testcase: validVerification[Lambda_Valid_12] took 0.912 sec
    [junit] Testcase: validVerification[Lambda_Valid_2] took 0.702 sec
    [junit] Testcase: validVerification[Lambda_Valid_3] took 0 sec
    [junit] Testcase: validVerification[Lambda_Valid_4] took 0 sec
    [junit] Testcase: validVerification[Lambda_Valid_5] took 0.678 sec
    [junit] Testcase: validVerification[Lambda_Valid_6] took 0.905 sec
    [junit] Testcase: validVerification[Lambda_Valid_7] took 0 sec
    [junit] Testcase: validVerification[Lambda_Valid_8] took 0.595 sec
    [junit] Testcase: validVerification[Lambda_Valid_9] took 0.649 sec
    [junit] Testcase: validVerification[LengthOf_Valid_1] took 0.745 sec
    [junit] Testcase: validVerification[LengthOf_Valid_4] took 0.515 sec
    [junit] Testcase: validVerification[LengthOf_Valid_5] took 0.646 sec
    [junit] Testcase: validVerification[Lifetime_Lambda_Valid_1] took 0.794 sec
    [junit] Testcase: validVerification[Lifetime_Lambda_Valid_2] took 0.781 sec
    [junit] Testcase: validVerification[Lifetime_Lambda_Valid_3] took 0.568 sec
    [junit] Testcase: validVerification[Lifetime_Lambda_Valid_4] took 0 sec
    [junit] Testcase: validVerification[Lifetime_Lambda_Valid_5] took 0.754 sec
    [junit] Testcase: validVerification[Lifetime_Lambda_Valid_6] took 0.707 sec
    [junit] Testcase: validVerification[Lifetime_Lambda_Valid_7] took 0.809 sec
    [junit] Testcase: validVerification[Lifetime_Valid_1] took 0.674 sec
    [junit] Testcase: validVerification[Lifetime_Valid_10] took 0.702 sec
    [junit] Testcase: validVerification[Lifetime_Valid_2] took 0.765 sec
    [junit] Testcase: validVerification[Lifetime_Valid_3] took 1.026 sec
    [junit] Testcase: validVerification[Lifetime_Valid_4] took 0.673 sec
    [junit] Testcase: validVerification[Lifetime_Valid_5] took 0.808 sec
    [junit] Testcase: validVerification[Lifetime_Valid_6] took 0.719 sec
    [junit] Testcase: validVerification[Lifetime_Valid_7] took 0.765 sec
    [junit] Testcase: validVerification[Lifetime_Valid_8] took 0.577 sec
    [junit] Testcase: validVerification[Lifetime_Valid_9] took 0.573 sec
    [junit] Testcase: validVerification[ListAccess_Valid_1] took 0.656 sec
    [junit] Testcase: validVerification[ListAccess_Valid_3] took 0.738 sec
    [junit] Testcase: validVerification[ListAccess_Valid_5] took 0.48 sec
    [junit] Testcase: validVerification[ListAccess_Valid_6] took 0 sec
    [junit] Testcase: validVerification[ListAccess_Valid_8] took 0.892 sec
    [junit] Testcase: validVerification[ListAccess_Valid_9] took 0.648 sec
    [junit] Testcase: validVerification[ListAssign_Valid_1] took 0 sec
    [junit] Testcase: validVerification[ListAssign_Valid_11] took 1.101 sec
    [junit] Testcase: validVerification[ListAssign_Valid_12] took 0 sec
    [junit] Testcase: validVerification[ListAssign_Valid_2] took 0.747 sec
    [junit] Testcase: validVerification[ListAssign_Valid_3] took 1.119 sec
    [junit] Testcase: validVerification[ListAssign_Valid_4] took 0.833 sec
    [junit] Testcase: validVerification[ListAssign_Valid_5] took 0 sec
    [junit] Testcase: validVerification[ListAssign_Valid_6] took 0 sec
    [junit] Testcase: validVerification[ListAssign_Valid_7] took 1.518 sec
    [junit] Testcase: validVerification[ListAssign_Valid_8] took 1.084 sec
    [junit] Testcase: validVerification[ListAssign_Valid_9] took 1.43 sec
    [junit] Testcase: validVerification[ListEmpty_Valid_1] took 0.582 sec
    [junit] Testcase: validVerification[ListGenerator_Valid_1] took 0.911 sec
    [junit] Testcase: validVerification[ListGenerator_Valid_10] took 0.7 sec
    [junit] Testcase: validVerification[ListGenerator_Valid_11] took 0.745 sec
    [junit] Testcase: validVerification[ListGenerator_Valid_12] took 0.847 sec
    [junit] Testcase: validVerification[ListGenerator_Valid_2] took 0.837 sec
    [junit] Testcase: validVerification[ListGenerator_Valid_3] took 0.894 sec
    [junit] Testcase: validVerification[ListGenerator_Valid_5] took 0.675 sec
    [junit] Testcase: validVerification[ListGenerator_Valid_6] took 0.709 sec
    [junit] Testcase: validVerification[ListGenerator_Valid_7] took 0.716 sec
    [junit] Testcase: validVerification[ListGenerator_Valid_8] took 0.638 sec
    [junit] Testcase: validVerification[ListGenerator_Valid_9] took 0.821 sec
    [junit] Testcase: validVerification[ListLength_Valid_1] took 0.693 sec
    [junit] Testcase: validVerification[ListLength_Valid_2] took 0.896 sec
    [junit] Testcase: validVerification[ListLength_Valid_3] took 0.875 sec
    [junit] Testcase: validVerification[MessageRef_Valid_1] took 0.845 sec
    [junit] Testcase: validVerification[MessageRef_Valid_2] took 1.015 sec
    [junit] Testcase: validVerification[MessageSend_Valid_1] took 0.772 sec
    [junit] Testcase: validVerification[MessageSend_Valid_2] took 0.672 sec
    [junit] Testcase: validVerification[MessageSend_Valid_3] took 0.574 sec
    [junit] Testcase: validVerification[MessageSend_Valid_4] took 0.902 sec
    [junit] Testcase: validVerification[MessageSend_Valid_5] took 0.863 sec
    [junit] Testcase: validVerification[MethodCall_Valid_1] took 0.793 sec
    [junit] Testcase: validVerification[MethodCall_Valid_2] took 0.82 sec
    [junit] Testcase: validVerification[MethodCall_Valid_3] took 0.721 sec
    [junit] Testcase: validVerification[MethodCall_Valid_4] took 0.765 sec
    [junit] Testcase: validVerification[MethodRef_Valid_1] took 0.504 sec
    [junit] Testcase: validVerification[MethodRef_Valid_2] took 0.452 sec
    [junit] Testcase: validVerification[Method_Valid_1] took 2.639 sec
    [junit] Testcase: validVerification[MultiLineComment_Valid_1] took 0.736 sec
    [junit] Testcase: validVerification[MultiLineComment_Valid_2] took 0.587 sec
    [junit] Testcase: validVerification[NegationType_Valid_1] took 0.842 sec
    [junit] Testcase: validVerification[NegationType_Valid_2] took 0.861 sec
    [junit] Testcase: validVerification[NegationType_Valid_3] took 0.665 sec
    [junit] Testcase: validVerification[NegationType_Valid_4] took 0.393 sec
    [junit] Testcase: validVerification[NegationType_Valid_5] took 0.533 sec
    [junit] Testcase: validVerification[OpenRecord_Valid_1] took 0.714 sec
    [junit] Testcase: validVerification[OpenRecord_Valid_10] took 0.633 sec
    [junit] Testcase: validVerification[OpenRecord_Valid_11] took 0 sec
    [junit] Testcase: validVerification[OpenRecord_Valid_2] took 0.732 sec
    [junit] Testcase: validVerification[OpenRecord_Valid_3] took 0.639 sec
    [junit] Testcase: validVerification[OpenRecord_Valid_4] took 0.669 sec
    [junit] Testcase: validVerification[OpenRecord_Valid_5] took 0 sec
    [junit] Testcase: validVerification[OpenRecord_Valid_6] took 0 sec
    [junit] Testcase: validVerification[OpenRecord_Valid_9] took 1.358 sec
    [junit] Testcase: validVerification[ProcessAccess_Valid_1] took 0.985 sec
    [junit] Testcase: validVerification[ProcessAccess_Valid_2] took 0.484 sec
    [junit] Testcase: validVerification[Process_Valid_1] took 0 sec
    [junit] Testcase: validVerification[Process_Valid_10] took 0 sec
    [junit] Testcase: validVerification[Process_Valid_11] took 0.848 sec
    [junit] Testcase: validVerification[Process_Valid_12] took 0.807 sec
    [junit] Testcase: validVerification[Process_Valid_2] took 0.807 sec
    [junit] Testcase: validVerification[Process_Valid_3] took 0.726 sec
    [junit] Testcase: validVerification[Process_Valid_4] took 0.727 sec
    [junit] Testcase: validVerification[Process_Valid_5] took 0.732 sec
    [junit] Testcase: validVerification[Process_Valid_6] took 1.036 sec
    [junit] Testcase: validVerification[Process_Valid_7] took 0.698 sec
    [junit] Testcase: validVerification[Process_Valid_8] took 0.744 sec
    [junit] Testcase: validVerification[Process_Valid_9] took 0.001 sec
    [junit] Testcase: validVerification[Quantifiers_Valid_1] took 0 sec
    [junit] Testcase: validVerification[RecordAccess_Valid_1] took 0.452 sec
    [junit] Testcase: validVerification[RecordAssign_Valid_1] took 0.764 sec
    [junit] Testcase: validVerification[RecordAssign_Valid_10] took 0.703 sec
    [junit] Testcase: validVerification[RecordAssign_Valid_2] took 0.63 sec
    [junit] Testcase: validVerification[RecordAssign_Valid_3] took 0.476 sec
    [junit] Testcase: validVerification[RecordAssign_Valid_4] took 0.766 sec
    [junit] Testcase: validVerification[RecordAssign_Valid_5] took 0.832 sec
    [junit] Testcase: validVerification[RecordAssign_Valid_6] took 0.671 sec
    [junit] Testcase: validVerification[RecordAssign_Valid_7] took 0.796 sec
    [junit] Testcase: validVerification[RecordAssign_Valid_8] took 0.712 sec
    [junit] Testcase: validVerification[RecordAssign_Valid_9] took 0.789 sec
    [junit] Testcase: validVerification[RecordCoercion_Valid_1] took 0 sec
    [junit] Testcase: validVerification[RecordDefine_Valid_1] took 0.644 sec
    [junit] Testcase: validVerification[RecordDefine_Valid_2] took 0.714 sec
    [junit] Testcase: validVerification[RecordSubtype_Valid_1] took 0 sec
    [junit] Testcase: validVerification[RecordSubtype_Valid_2] took 0 sec
    [junit] Testcase: validVerification[RecursiveType_Valid_1] took 0.794 sec
    [junit] Testcase: validVerification[RecursiveType_Valid_10] took 0 sec
    [junit] Testcase: validVerification[RecursiveType_Valid_11] took 0 sec
    [junit] Testcase: validVerification[RecursiveType_Valid_12] took 0 sec
    [junit] Testcase: validVerification[RecursiveType_Valid_13] took 0.735 sec
    [junit] Testcase: validVerification[RecursiveType_Valid_14] took 0 sec
    [junit] Testcase: validVerification[RecursiveType_Valid_15] took 0.932 sec
    [junit] Testcase: validVerification[RecursiveType_Valid_16] took 0.673 sec
    [junit] Testcase: validVerification[RecursiveType_Valid_17] took 1.002 sec
    [junit] Testcase: validVerification[RecursiveType_Valid_18] took 0.857 sec
    [junit] Testcase: validVerification[RecursiveType_Valid_19] took 0.904 sec
    [junit] Testcase: validVerification[RecursiveType_Valid_2] took 0 sec
    [junit] Testcase: validVerification[RecursiveType_Valid_20] took 0.716 sec
    [junit] Testcase: validVerification[RecursiveType_Valid_21] took 0 sec
    [junit] Testcase: validVerification[RecursiveType_Valid_22] took 0 sec
    [junit] Testcase: validVerification[RecursiveType_Valid_23] took 0.669 sec
    [junit] Testcase: validVerification[RecursiveType_Valid_24] took 0 sec
    [junit] Testcase: validVerification[RecursiveType_Valid_25] took 0.606 sec
    [junit] Testcase: validVerification[RecursiveType_Valid_26] took 1.184 sec
    [junit] Testcase: validVerification[RecursiveType_Valid_27] took 1.151 sec
    [junit] Testcase: validVerification[RecursiveType_Valid_28] took 0 sec
    [junit] Testcase: validVerification[RecursiveType_Valid_3] took 0 sec
    [junit] Testcase: validVerification[RecursiveType_Valid_4] took 0 sec
    [junit] Testcase: validVerification[RecursiveType_Valid_5] took 0 sec
    [junit] Testcase: validVerification[RecursiveType_Valid_6] took 0 sec
    [junit] Testcase: validVerification[RecursiveType_Valid_7] took 0 sec
    [junit] Testcase: validVerification[RecursiveType_Valid_8] took 0 sec
    [junit] Testcase: validVerification[RecursiveType_Valid_9] took 0 sec
    [junit] Testcase: validVerification[ReferenceType_Valid_1] took 0.626 sec
    [junit] Testcase: validVerification[Reference_Valid_1] took 0.668 sec
    [junit] Testcase: validVerification[Reference_Valid_2] took 0.001 sec
    [junit] Testcase: validVerification[Reference_Valid_3] took 0 sec
    [junit] Testcase: validVerification[Reference_Valid_4] took 0.646 sec
    [junit] Testcase: validVerification[Reference_Valid_5] took 0.75 sec
    [junit] Testcase: validVerification[Reference_Valid_6] took 0 sec
    [junit] Testcase: validVerification[Reference_Valid_7] took 0.721 sec
    [junit] Testcase: validVerification[Reference_Valid_8] took 0.795 sec
    [junit] Testcase: validVerification[Remainder_Valid_1] took 0.986 sec
    [junit] Testcase: validVerification[Requires_Valid_1] took 0.979 sec
    [junit] Testcase: validVerification[Resolution_Valid_1] took 0.707 sec
    [junit] Testcase: validVerification[Return_Valid_1] took 0.633 sec
    [junit] Testcase: validVerification[SingleLineComment_Valid_1] took 0.95 sec
    [junit] Testcase: validVerification[Skip_Valid_1] took 0.951 sec
    [junit] Testcase: validVerification[String_Valid_1] took 0.786 sec
    [junit] Testcase: validVerification[String_Valid_2] took 0.877 sec
    [junit] Testcase: validVerification[String_Valid_3] took 0.686 sec
    [junit] Testcase: validVerification[String_Valid_4] took 0.8 sec
    [junit] Testcase: validVerification[String_Valid_5] took 0.671 sec
    [junit] Testcase: validVerification[String_Valid_6] took 2.965 sec
    [junit] Testcase: validVerification[Subtype_Valid_1] took 0 sec
    [junit] Testcase: validVerification[Subtype_Valid_10] took 0.001 sec
    [junit] Testcase: validVerification[Subtype_Valid_11] took 0 sec
    [junit] Testcase: validVerification[Subtype_Valid_12] took 0 sec
    [junit] Testcase: validVerification[Subtype_Valid_13] took 0 sec
    [junit] Testcase: validVerification[Subtype_Valid_14] took 0 sec
    [junit] Testcase: validVerification[Subtype_Valid_2] took 0.759 sec
    [junit] Testcase: validVerification[Subtype_Valid_3] took 0.952 sec
    [junit] Testcase: validVerification[Subtype_Valid_4] took 1.194 sec
    [junit] Testcase: validVerification[Subtype_Valid_5] took 0.897 sec
    [junit] Testcase: validVerification[Subtype_Valid_6] took 0.688 sec
    [junit] Testcase: validVerification[Subtype_Valid_7] took 0 sec
    [junit] Testcase: validVerification[Subtype_Valid_8] took 0.8 sec
    [junit] Testcase: validVerification[Subtype_Valid_9] took 0.578 sec
    [junit] Testcase: validVerification[Switch_Valid_1] took 0.861 sec
    [junit] Testcase: validVerification[Switch_Valid_10] took 1.02 sec
    [junit] Testcase: validVerification[Switch_Valid_11] took 0.834 sec
    [junit] Testcase: validVerification[Switch_Valid_12] took 0.719 sec
    [junit] Testcase: validVerification[Switch_Valid_13] took 0.739 sec
    [junit] Testcase: validVerification[Switch_Valid_2] took 0.798 sec
    [junit] Testcase: validVerification[Switch_Valid_3] took 0.994 sec
    [junit] Testcase: validVerification[Switch_Valid_4] took 1.029 sec
    [junit] Testcase: validVerification[Switch_Valid_5] took 0.582 sec
    [junit] Testcase: validVerification[Switch_Valid_6] took 0.979 sec
    [junit] Testcase: validVerification[Switch_Valid_7] took 0.871 sec
    [junit] Testcase: validVerification[Switch_Valid_8] took 0.77 sec
    [junit] Testcase: validVerification[Switch_Valid_9] took 1.077 sec
    [junit] Testcase: validVerification[Syntax_Valid_1] took 0.919 sec
    [junit] Testcase: validVerification[TypeEquals_Valid_1] took 0.832 sec
    [junit] Testcase: validVerification[TypeEquals_Valid_10] took 0.891 sec
    [junit] Testcase: validVerification[TypeEquals_Valid_11] took 1.129 sec
    [junit] Testcase: validVerification[TypeEquals_Valid_12] took 0.865 sec
    [junit] Testcase: validVerification[TypeEquals_Valid_14] took 0.77 sec
    [junit] Testcase: validVerification[TypeEquals_Valid_15] took 0.726 sec
    [junit] Testcase: validVerification[TypeEquals_Valid_16] took 0.849 sec
    [junit] Testcase: validVerification[TypeEquals_Valid_17] took 0.911 sec
    [junit] Testcase: validVerification[TypeEquals_Valid_18] took 0.794 sec
    [junit] Testcase: validVerification[TypeEquals_Valid_19] took 0 sec
    [junit] Testcase: validVerification[TypeEquals_Valid_2] took 0.625 sec
    [junit] Testcase: validVerification[TypeEquals_Valid_21] took 0.87 sec
    [junit] Testcase: validVerification[TypeEquals_Valid_23] took 0 sec
    [junit] Testcase: validVerification[TypeEquals_Valid_24] took 0.001 sec
    [junit] Testcase: validVerification[TypeEquals_Valid_25] took 0 sec
    [junit] Testcase: validVerification[TypeEquals_Valid_27] took 1.064 sec
    [junit] Testcase: validVerification[TypeEquals_Valid_28] took 0.742 sec
    [junit] Testcase: validVerification[TypeEquals_Valid_29] took 0 sec
    [junit] Testcase: validVerification[TypeEquals_Valid_3] took 0 sec
    [junit] Testcase: validVerification[TypeEquals_Valid_30] took 0.81 sec
    [junit] Testcase: validVerification[TypeEquals_Valid_31] took 0.863 sec
    [junit] Testcase: validVerification[TypeEquals_Valid_32] took 0.862 sec
    [junit] Testcase: validVerification[TypeEquals_Valid_33] took 0.767 sec
    [junit] Testcase: validVerification[TypeEquals_Valid_34] took 0.001 sec
    [junit] Testcase: validVerification[TypeEquals_Valid_35] took 0.815 sec
    [junit] Testcase: validVerification[TypeEquals_Valid_36] took 0 sec
    [junit] Testcase: validVerification[TypeEquals_Valid_37] took 0 sec
    [junit] Testcase: validVerification[TypeEquals_Valid_38] took 0 sec
    [junit] Testcase: validVerification[TypeEquals_Valid_39] took 0.815 sec
    [junit] Testcase: validVerification[TypeEquals_Valid_40] took 0.742 sec
    [junit] Testcase: validVerification[TypeEquals_Valid_41] took 0 sec
    [junit] Testcase: validVerification[TypeEquals_Valid_42] took 0 sec
    [junit] Testcase: validVerification[TypeEquals_Valid_43] took 0.412 sec
    [junit] Testcase: validVerification[TypeEquals_Valid_44] took 0.514 sec
    [junit] Testcase: validVerification[TypeEquals_Valid_45] took 0.647 sec
    [junit] Testcase: validVerification[TypeEquals_Valid_46] took 0.986 sec
    [junit] Testcase: validVerification[TypeEquals_Valid_47] took 0 sec
    [junit] Testcase: validVerification[TypeEquals_Valid_48] took 0.932 sec
    [junit] Testcase: validVerification[TypeEquals_Valid_49] took 0.846 sec
    [junit] Testcase: validVerification[TypeEquals_Valid_5] took 0.757 sec
    [junit] Testcase: validVerification[TypeEquals_Valid_50] took 0.773 sec
    [junit] Testcase: validVerification[TypeEquals_Valid_51] took 0.601 sec
    [junit] Testcase: validVerification[TypeEquals_Valid_52] took 0.756 sec
    [junit] Testcase: validVerification[TypeEquals_Valid_53] took 0.682 sec
    [junit] Testcase: validVerification[TypeEquals_Valid_54] took 0.664 sec
    [junit] Testcase: validVerification[TypeEquals_Valid_55] took 0 sec
    [junit] Testcase: validVerification[TypeEquals_Valid_56] took 0.805 sec
    [junit] Testcase: validVerification[TypeEquals_Valid_57] took 1.04 sec
    [junit] Testcase: validVerification[TypeEquals_Valid_6] took 0.649 sec
    [junit] Testcase: validVerification[TypeEquals_Valid_7] took 1.169 sec
    [junit] Testcase: validVerification[TypeEquals_Valid_9] took 0.601 sec
    [junit] Testcase: validVerification[UnionType_Valid_1] took 0.694 sec
    [junit] Testcase: validVerification[UnionType_Valid_10] took 0.764 sec
    [junit] Testcase: validVerification[UnionType_Valid_11] took 0.833 sec
    [junit] Testcase: validVerification[UnionType_Valid_12] took 0.824 sec
    [junit] Testcase: validVerification[UnionType_Valid_13] took 0.65 sec
    [junit] Testcase: validVerification[UnionType_Valid_14] took 0.695 sec
    [junit] Testcase: validVerification[UnionType_Valid_15] took 0.937 sec
    [junit] Testcase: validVerification[UnionType_Valid_16] took 1.037 sec
    [junit] Testcase: validVerification[UnionType_Valid_17] took 0.924 sec
    [junit] Testcase: validVerification[UnionType_Valid_18] took 0.841 sec
    [junit] Testcase: validVerification[UnionType_Valid_19] took 0.76 sec
    [junit] Testcase: validVerification[UnionType_Valid_2] took 1.08 sec
    [junit] Testcase: validVerification[UnionType_Valid_20] took 0.762 sec
    [junit] Testcase: validVerification[UnionType_Valid_21] took 0.799 sec
    [junit] Testcase: validVerification[UnionType_Valid_22] took 0.756 sec
    [junit] Testcase: validVerification[UnionType_Valid_23] took 0 sec
    [junit] Testcase: validVerification[UnionType_Valid_3] took 1.038 sec
    [junit] Testcase: validVerification[UnionType_Valid_4] took 0.801 sec
    [junit] Testcase: validVerification[UnionType_Valid_5] took 0.514 sec
    [junit] Testcase: validVerification[UnionType_Valid_6] took 0.789 sec
    [junit] Testcase: validVerification[UnionType_Valid_7] took 0.847 sec
    [junit] Testcase: validVerification[UnionType_Valid_8] took 1.125 sec
    [junit] Testcase: validVerification[UnionType_Valid_9] took 0.592 sec
    [junit] Testcase: validVerification[Update_Valid_2] took 1.078 sec
    [junit] Testcase: validVerification[VarDecl_Valid_1] took 0.889 sec
    [junit] Testcase: validVerification[VarDecl_Valid_2] took 1.015 sec
    [junit] Testcase: validVerification[VarDecl_Valid_3] took 1.094 sec
    [junit] Testcase: validVerification[VarDecl_Valid_4] took 0.622 sec
    [junit] Testcase: validVerification[While_Valid_1] took 1.267 sec
    [junit] Testcase: validVerification[While_Valid_10] took 0.956 sec
    [junit] Testcase: validVerification[While_Valid_11] took 0 sec
    [junit] Testcase: validVerification[While_Valid_12] took 1.417 sec
    [junit] Testcase: validVerification[While_Valid_14] took 0.812 sec
    [junit] Testcase: validVerification[While_Valid_15] took 0 sec
    [junit] Testcase: validVerification[While_Valid_16] took 0 sec
    [junit] Testcase: validVerification[While_Valid_17] took 0.996 sec
    [junit] Testcase: validVerification[While_Valid_18] took 1.093 sec
    [junit] Testcase: validVerification[While_Valid_19] took 0.913 sec
    [junit] Testcase: validVerification[While_Valid_2] took 0 sec
    [junit] Testcase: validVerification[While_Valid_20] took 0 sec
    [junit] Testcase: validVerification[While_Valid_21] took 1.253 sec
    [junit] Testcase: validVerification[While_Valid_22] took 0.001 sec
    [junit] Testcase: validVerification[While_Valid_23] took 0 sec
    [junit] Testcase: validVerification[While_Valid_24] took 0 sec
    [junit] Testcase: validVerification[While_Valid_25] took 1.195 sec
    [junit] Testcase: validVerification[While_Valid_26] took 0 sec
    [junit] Testcase: validVerification[While_Valid_27] took 0 sec
    [junit] Testcase: validVerification[While_Valid_28] took 0.909 sec
    [junit] Testcase: validVerification[While_Valid_29] took 1.194 sec
    [junit] Testcase: validVerification[While_Valid_3] took 0 sec
    [junit] Testcase: validVerification[While_Valid_30] took 1.061 sec
    [junit] Testcase: validVerification[While_Valid_31] took 1.264 sec
    [junit] Testcase: validVerification[While_Valid_32] took 1.177 sec
    [junit] Testcase: validVerification[While_Valid_33] took 0 sec
    [junit] Testcase: validVerification[While_Valid_34] took 0 sec
    [junit] Testcase: validVerification[While_Valid_35] took 0 sec
    [junit] Testcase: validVerification[While_Valid_36] took 2.767 sec
    [junit] Testcase: validVerification[While_Valid_37] took 3.952 sec
    [junit] Testcase: validVerification[While_Valid_38] took 2.106 sec
    [junit] Testcase: validVerification[While_Valid_39] took 0.965 sec
    [junit] Testcase: validVerification[While_Valid_40] took 0.76 sec
    [junit] Testcase: validVerification[While_Valid_41] took 1.878 sec
    [junit] Testcase: validVerification[While_Valid_42] took 0 sec
    [junit] Testcase: validVerification[While_Valid_43] took 2.411 sec
    [junit] Testcase: validVerification[While_Valid_44] took 1.303 sec
    [junit] Testcase: validVerification[While_Valid_45] took 1.534 sec
    [junit] Testcase: validVerification[While_Valid_46] took 0.891 sec
    [junit] Testcase: validVerification[While_Valid_47] took 0 sec
    [junit] Testcase: validVerification[While_Valid_48] took 1.186 sec
    [junit] Testcase: validVerification[While_Valid_49] took 1.277 sec
    [junit] Testcase: validVerification[While_Valid_5] took 0 sec
    [junit] Testcase: validVerification[While_Valid_50] took 0.858 sec
    [junit] Testcase: validVerification[While_Valid_51] took 1.281 sec
    [junit] Testcase: validVerification[While_Valid_52] took 0 sec
    [junit] Testcase: validVerification[While_Valid_7] took 1.173 sec
    [junit] Testcase: validVerification[While_Valid_9] took 1.157 sec

BUILD SUCCESSFUL
Total time: 9 minutes 48 seconds

travis_time:end:0ea3de5a:start=1473479416437527868,finish=1473480005566530915,duration=589129003047[0K
[32;1mThe command "ant test" exited with 0.[0m

Done. Your build exited with 0.
