Using worker: worker-linux-docker-638f268a.prod.travis-ci.org:travis-linux-3

travis_fold:start:system_info[0K[33;1mBuild system information[0m
Build language: java
[34m[1mBuild image provisioning date and time[0m
Thu Feb  5 15:09:33 UTC 2015
[34m[1mOperating System Details[0m
Distributor ID:	Ubuntu
Description:	Ubuntu 12.04.5 LTS
Release:	12.04
Codename:	precise
[34m[1mLinux Version[0m
3.13.0-29-generic
[34m[1mCookbooks Version[0m
a68419e https://github.com/travis-ci/travis-cookbooks/tree/a68419e
[34m[1mGCC version[0m
gcc (Ubuntu/Linaro 4.6.3-1ubuntu5) 4.6.3
Copyright (C) 2011 Free Software Foundation, Inc.
This is free software; see the source for copying conditions.  There is NO
warranty; not even for MERCHANTABILITY or FITNESS FOR A PARTICULAR PURPOSE.

[34m[1mLLVM version[0m
clang version 3.4 (tags/RELEASE_34/final)
Target: x86_64-unknown-linux-gnu
Thread model: posix
[34m[1mPre-installed Ruby versions[0m
ruby-1.9.3-p551
[34m[1mPre-installed Node.js versions[0m
v0.10.36
[34m[1mPre-installed Go versions[0m
1.4.1
[34m[1mRedis version[0m
redis-server 2.8.19
[34m[1mriak version[0m
2.0.2
[34m[1mMongoDB version[0m
MongoDB 2.4.12
[34m[1mCouchDB version[0m
couchdb 1.6.1
[34m[1mNeo4j version[0m
1.9.4
[34m[1mRabbitMQ Version[0m
3.4.3
[34m[1mElasticSearch version[0m
1.4.0
[34m[1mInstalled Sphinx versions[0m
2.0.10
2.1.9
2.2.6
[34m[1mDefault Sphinx version[0m
2.2.6
[34m[1mInstalled Firefox version[0m
firefox 31.0esr
[34m[1mPhantomJS version[0m
1.9.8
[34m[1mant -version[0m
Apache Ant(TM) version 1.8.2 compiled on December 3 2011
[34m[1mmvn -version[0m
Apache Maven 3.2.5 (12a6b3acb947671f09b81f49094c53f426d8cea1; 2014-12-14T17:29:23+00:00)
Maven home: /usr/local/maven
Java version: 1.7.0_76, vendor: Oracle Corporation
Java home: /usr/lib/jvm/java-7-oracle/jre
Default locale: en_US, platform encoding: ANSI_X3.4-1968
OS name: "linux", version: "3.13.0-29-generic", arch: "amd64", family: "unix"
travis_fold:end:system_info[0K
travis_fold:start:git.checkout[0Ktravis_time:start:124df340[0K$ git clone --depth=50 --branch=master git://github.com/spring-projects/spring-hateoas.git spring-projects/spring-hateoas
Cloning into 'spring-projects/spring-hateoas'...
remote: Counting objects: 806, done.[K
remote: Compressing objects:   0% (1/439)   [Kremote: Compressing objects:   1% (5/439)   [Kremote: Compressing objects:   2% (9/439)   [Kremote: Compressing objects:   3% (14/439)   [Kremote: Compressing objects:   4% (18/439)   [Kremote: Compressing objects:   5% (22/439)   [Kremote: Compressing objects:   6% (27/439)   [Kremote: Compressing objects:   7% (31/439)   [Kremote: Compressing objects:   8% (36/439)   [Kremote: Compressing objects:   9% (40/439)   [Kremote: Compressing objects:  10% (44/439)   [Kremote: Compressing objects:  11% (49/439)   [Kremote: Compressing objects:  12% (53/439)   [Kremote: Compressing objects:  13% (58/439)   [Kremote: Compressing objects:  14% (62/439)   [Kremote: Compressing objects:  15% (66/439)   [Kremote: Compressing objects:  16% (71/439)   [Kremote: Compressing objects:  17% (75/439)   [Kremote: Compressing objects:  18% (80/439)   [Kremote: Compressing objects:  19% (84/439)   [Kremote: Compressing objects:  20% (88/439)   [Kremote: Compressing objects:  21% (93/439)   [Kremote: Compressing objects:  22% (97/439)   [Kremote: Compressing objects:  23% (101/439)   [Kremote: Compressing objects:  24% (106/439)   [Kremote: Compressing objects:  25% (110/439)   [Kremote: Compressing objects:  26% (115/439)   [Kremote: Compressing objects:  27% (119/439)   [Kremote: Compressing objects:  28% (123/439)   [Kremote: Compressing objects:  29% (128/439)   [Kremote: Compressing objects:  30% (132/439)   [Kremote: Compressing objects:  31% (137/439)   [Kremote: Compressing objects:  32% (141/439)   [Kremote: Compressing objects:  33% (145/439)   [Kremote: Compressing objects:  34% (150/439)   [Kremote: Compressing objects:  35% (154/439)   [Kremote: Compressing objects:  36% (159/439)   [Kremote: Compressing objects:  37% (163/439)   [Kremote: Compressing objects:  38% (167/439)   [Kremote: Compressing objects:  39% (172/439)   [Kremote: Compressing objects:  40% (176/439)   [Kremote: Compressing objects:  41% (180/439)   [Kremote: Compressing objects:  42% (185/439)   [Kremote: Compressing objects:  43% (189/439)   [Kremote: Compressing objects:  44% (194/439)   [Kremote: Compressing objects:  45% (198/439)   [Kremote: Compressing objects:  46% (202/439)   [Kremote: Compressing objects:  47% (207/439)   [Kremote: Compressing objects:  48% (211/439)   [Kremote: Compressing objects:  49% (216/439)   [Kremote: Compressing objects:  50% (220/439)   [Kremote: Compressing objects:  51% (224/439)   [Kremote: Compressing objects:  52% (229/439)   [Kremote: Compressing objects:  53% (233/439)   [Kremote: Compressing objects:  54% (238/439)   [Kremote: Compressing objects:  55% (242/439)   [Kremote: Compressing objects:  56% (246/439)   [Kremote: Compressing objects:  57% (251/439)   [Kremote: Compressing objects:  58% (255/439)   [Kremote: Compressing objects:  59% (260/439)   [Kremote: Compressing objects:  60% (264/439)   [Kremote: Compressing objects:  61% (268/439)   [Kremote: Compressing objects:  62% (273/439)   [Kremote: Compressing objects:  63% (277/439)   [Kremote: Compressing objects:  64% (281/439)   [Kremote: Compressing objects:  65% (286/439)   [Kremote: Compressing objects:  66% (290/439)   [Kremote: Compressing objects:  67% (295/439)   [Kremote: Compressing objects:  68% (299/439)   [Kremote: Compressing objects:  69% (303/439)   [Kremote: Compressing objects:  70% (308/439)   [Kremote: Compressing objects:  71% (312/439)   [Kremote: Compressing objects:  72% (317/439)   [Kremote: Compressing objects:  73% (321/439)   [Kremote: Compressing objects:  74% (325/439)   [Kremote: Compressing objects:  75% (330/439)   [Kremote: Compressing objects:  76% (334/439)   [Kremote: Compressing objects:  77% (339/439)   [Kremote: Compressing objects:  78% (343/439)   [Kremote: Compressing objects:  79% (347/439)   [Kremote: Compressing objects:  80% (352/439)   [Kremote: Compressing objects:  81% (356/439)   [Kremote: Compressing objects:  82% (360/439)   [Kremote: Compressing objects:  83% (365/439)   [Kremote: Compressing objects:  84% (369/439)   [Kremote: Compressing objects:  85% (374/439)   [Kremote: Compressing objects:  86% (378/439)   [Kremote: Compressing objects:  87% (382/439)   [Kremote: Compressing objects:  88% (387/439)   [Kremote: Compressing objects:  89% (391/439)   [Kremote: Compressing objects:  90% (396/439)   [Kremote: Compressing objects:  91% (400/439)   [Kremote: Compressing objects:  92% (404/439)   [Kremote: Compressing objects:  93% (409/439)   [Kremote: Compressing objects:  94% (413/439)   [Kremote: Compressing objects:  95% (418/439)   [Kremote: Compressing objects:  96% (422/439)   [Kremote: Compressing objects:  97% (426/439)   [Kremote: Compressing objects:  98% (431/439)   [Kremote: Compressing objects:  99% (435/439)   [Kremote: Compressing objects: 100% (439/439)   [Kremote: Compressing objects: 100% (439/439), done.[K
Receiving objects:   0% (1/806)   Receiving objects:   1% (9/806)   Receiving objects:   2% (17/806)   Receiving objects:   3% (25/806)   Receiving objects:   4% (33/806)   Receiving objects:   5% (41/806)   Receiving objects:   6% (49/806)   Receiving objects:   7% (57/806)   Receiving objects:   8% (65/806)   Receiving objects:   9% (73/806)   Receiving objects:  10% (81/806)   Receiving objects:  11% (89/806)   Receiving objects:  12% (97/806)   Receiving objects:  13% (105/806)   Receiving objects:  14% (113/806)   Receiving objects:  15% (121/806)   Receiving objects:  16% (129/806)   Receiving objects:  17% (138/806)   Receiving objects:  18% (146/806)   Receiving objects:  19% (154/806)   Receiving objects:  20% (162/806)   Receiving objects:  21% (170/806)   Receiving objects:  22% (178/806)   Receiving objects:  23% (186/806)   Receiving objects:  24% (194/806)   Receiving objects:  25% (202/806)   Receiving objects:  26% (210/806)   Receiving objects:  27% (218/806)   Receiving objects:  28% (226/806)   Receiving objects:  29% (234/806)   Receiving objects:  30% (242/806)   Receiving objects:  31% (250/806)   Receiving objects:  32% (258/806)   Receiving objects:  33% (266/806)   Receiving objects:  34% (275/806)   Receiving objects:  35% (283/806)   Receiving objects:  36% (291/806)   Receiving objects:  37% (299/806)   Receiving objects:  38% (307/806)   Receiving objects:  39% (315/806)   Receiving objects:  40% (323/806)   Receiving objects:  41% (331/806)   Receiving objects:  42% (339/806)   Receiving objects:  43% (347/806)   Receiving objects:  44% (355/806)   Receiving objects:  45% (363/806)   Receiving objects:  46% (371/806)   Receiving objects:  47% (379/806)   Receiving objects:  48% (387/806)   Receiving objects:  49% (395/806)   Receiving objects:  50% (403/806)   Receiving objects:  51% (412/806)   Receiving objects:  52% (420/806)   Receiving objects:  53% (428/806)   Receiving objects:  54% (436/806)   Receiving objects:  55% (444/806)   Receiving objects:  56% (452/806)   Receiving objects:  57% (460/806)   Receiving objects:  58% (468/806)   Receiving objects:  59% (476/806)   Receiving objects:  60% (484/806)   Receiving objects:  61% (492/806)   Receiving objects:  62% (500/806)   Receiving objects:  63% (508/806)   Receiving objects:  64% (516/806)   Receiving objects:  65% (524/806)   Receiving objects:  66% (532/806)   Receiving objects:  67% (541/806)   Receiving objects:  68% (549/806)   Receiving objects:  69% (557/806)   Receiving objects:  70% (565/806)   Receiving objects:  71% (573/806)   Receiving objects:  72% (581/806)   Receiving objects:  73% (589/806)   Receiving objects:  74% (597/806)   Receiving objects:  75% (605/806)   Receiving objects:  76% (613/806)   Receiving objects:  77% (621/806)   Receiving objects:  78% (629/806)   Receiving objects:  79% (637/806)   Receiving objects:  80% (645/806)   Receiving objects:  81% (653/806)   remote: Total 806 (delta 283), reused 624 (delta 163), pack-reused 0[K
Receiving objects:  82% (661/806)   Receiving objects:  83% (669/806)   Receiving objects:  84% (678/806)   Receiving objects:  85% (686/806)   Receiving objects:  86% (694/806)   Receiving objects:  87% (702/806)   Receiving objects:  88% (710/806)   Receiving objects:  89% (718/806)   Receiving objects:  90% (726/806)   Receiving objects:  91% (734/806)   Receiving objects:  92% (742/806)   Receiving objects:  93% (750/806)   Receiving objects:  94% (758/806)   Receiving objects:  95% (766/806)   Receiving objects:  96% (774/806)   Receiving objects:  97% (782/806)   Receiving objects:  98% (790/806)   Receiving objects:  99% (798/806)   Receiving objects: 100% (806/806)   Receiving objects: 100% (806/806), 246.09 KiB | 0 bytes/s, done.
Resolving deltas:   0% (0/283)   Resolving deltas:   1% (3/283)   Resolving deltas:   2% (7/283)   Resolving deltas:   3% (9/283)   Resolving deltas:   4% (13/283)   Resolving deltas:   5% (15/283)   Resolving deltas:   8% (24/283)   Resolving deltas:  19% (55/283)   Resolving deltas:  23% (66/283)   Resolving deltas:  34% (97/283)   Resolving deltas:  35% (100/283)   Resolving deltas:  36% (102/283)   Resolving deltas:  37% (105/283)   Resolving deltas:  38% (109/283)   Resolving deltas:  41% (117/283)   Resolving deltas:  42% (119/283)   Resolving deltas:  44% (126/283)   Resolving deltas:  46% (133/283)   Resolving deltas:  48% (138/283)   Resolving deltas:  50% (144/283)   Resolving deltas:  52% (148/283)   Resolving deltas:  53% (152/283)   Resolving deltas:  54% (153/283)   Resolving deltas:  56% (159/283)   Resolving deltas:  57% (164/283)   Resolving deltas:  59% (169/283)   Resolving deltas:  61% (175/283)   Resolving deltas:  62% (176/283)   Resolving deltas:  65% (186/283)   Resolving deltas:  66% (187/283)   Resolving deltas:  68% (193/283)   Resolving deltas:  69% (196/283)   Resolving deltas:  70% (199/283)   Resolving deltas:  71% (202/283)   Resolving deltas:  72% (204/283)   Resolving deltas:  74% (210/283)   Resolving deltas:  75% (214/283)   Resolving deltas:  76% (217/283)   Resolving deltas:  77% (218/283)   Resolving deltas:  78% (223/283)   Resolving deltas:  79% (224/283)   Resolving deltas:  81% (230/283)   Resolving deltas:  82% (234/283)   Resolving deltas:  83% (235/283)   Resolving deltas:  84% (239/283)   Resolving deltas:  85% (241/283)   Resolving deltas:  86% (245/283)   Resolving deltas:  87% (247/283)   Resolving deltas:  88% (250/283)   Resolving deltas:  89% (253/283)   Resolving deltas:  90% (256/283)   Resolving deltas:  91% (259/283)   Resolving deltas:  92% (262/283)   Resolving deltas:  93% (264/283)   Resolving deltas:  96% (274/283)   Resolving deltas:  97% (276/283)   Resolving deltas:  98% (278/283)   Resolving deltas:  99% (281/283)   Resolving deltas: 100% (283/283)   Resolving deltas: 100% (283/283), done.
Checking connectivity... done.
travis_time:end:124df340:start=1435301563246551738,finish=1435301563436327090,duration=189775352[0K$ cd spring-projects/spring-hateoas
$ git checkout -qf 67cc7ab7c24c319133aec491ad4bd3d38499d9e7
travis_fold:end:git.checkout[0K
[33;1mThis job is running on container-based infrastructure, which does not allow use of 'sudo', setuid and setguid executables.[0m
[33;1mIf you require sudo, add 'sudo: required' to your .travis.yml[0m
[33;1mSee http://docs.travis-ci.com/user/workers/container-based-infrastructure/ for details.[0m

[33;1mSetting environment variables from .travis.yml[0m
$ export PROFILE=spring41

travis_fold:start:cache.1[0KSetting up build cache
$ export CASHER_DIR=$HOME/.casher
travis_time:start:0c7048ce[0K$ Installing caching utilities
travis_time:end:0c7048ce:start=1435301565142893425,finish=1435301565171348971,duration=28455546[0Ktravis_time:start:1d73a1bc[0Kattempting to download cache archive
fetching master/cache--jdk-oraclejdk8.tbz
found cache
travis_time:end:1d73a1bc:start=1435301565175657702,finish=1435301566733242541,duration=1557584839[0Ktravis_time:start:05919afe[0Kadding /home/travis/.m2 to cache
travis_time:end:05919afe:start=1435301566737202225,finish=1435301572894890924,duration=6157688699[0Ktravis_fold:end:cache.1[0K$ jdk_switcher use oraclejdk8
Switching to Oracle JDK8 (java-8-oracle), JAVA_HOME will be set to /usr/lib/jvm/java-8-oracle
$ java -Xmx32m -version
java version "1.8.0_31"
Java(TM) SE Runtime Environment (build 1.8.0_31-b13)
Java HotSpot(TM) 64-Bit Server VM (build 25.31-b07, mixed mode)
$ javac -J-Xmx32m -version
javac 1.8.0_31
travis_fold:start:install[0Ktravis_time:start:02ce9e9f[0K$ true
travis_time:end:02ce9e9f:start=1435301573353739212,finish=1435301573357004292,duration=3265080[0Ktravis_fold:end:install[0Ktravis_time:start:2629b212[0K$ mvn clean dependency:list test -P${PROFILE} -Dsort
Java HotSpot(TM) 64-Bit Server VM warning: ignoring option MaxPermSize=192m; support was removed in 8.0
[INFO] Scanning for projects...
[INFO]                                                                         
[INFO] ------------------------------------------------------------------------
[INFO] Building Spring HATEOAS 0.18.0.BUILD-SNAPSHOT
[INFO] ------------------------------------------------------------------------
[INFO] 
[INFO] --- maven-clean-plugin:2.5:clean (default-clean) @ spring-hateoas ---
[INFO] 
[INFO] --- maven-dependency-plugin:2.8:list (default-cli) @ spring-hateoas ---
[INFO] 
[INFO] The following files have been resolved:
[INFO]    aopalliance:aopalliance:jar:1.0:compile
[INFO]    ch.qos.logback:logback-classic:jar:1.1.3:test
[INFO]    ch.qos.logback:logback-core:jar:1.1.3:test
[INFO]    com.fasterxml.jackson.core:jackson-annotations:jar:2.4.6:compile
[INFO]    com.fasterxml.jackson.core:jackson-core:jar:2.4.6:compile
[INFO]    com.fasterxml.jackson.core:jackson-databind:jar:2.4.6:compile
[INFO]    com.jayway.jsonpath:json-path:jar:0.9.1:compile
[INFO]    commons-collections:commons-collections:jar:3.2.1:test
[INFO]    commons-io:commons-io:jar:2.4:test
[INFO]    commons-lang:commons-lang:jar:2.6:test
[INFO]    javax.servlet:servlet-api:jar:2.5:provided
[INFO]    javax.ws.rs:jsr311-api:jar:1.0:compile
[INFO]    joda-time:joda-time:jar:2.3:test
[INFO]    junit:junit:jar:4.11:test
[INFO]    net.jadler:jadler-all:jar:1.1.1:test
[INFO]    net.jadler:jadler-core:jar:1.1.1:test
[INFO]    net.jadler:jadler-jetty:jar:1.1.1:test
[INFO]    net.jadler:jadler-junit:jar:1.1.1:test
[INFO]    net.minidev:json-smart:jar:1.2:compile
[INFO]    org.atteo:evo-inflector:jar:1.2.1:compile
[INFO]    org.eclipse.jetty.orbit:javax.servlet:jar:3.0.0.v201112011016:test
[INFO]    org.eclipse.jetty:jetty-continuation:jar:8.1.11.v20130520:test
[INFO]    org.eclipse.jetty:jetty-http:jar:8.1.11.v20130520:test
[INFO]    org.eclipse.jetty:jetty-io:jar:8.1.11.v20130520:test
[INFO]    org.eclipse.jetty:jetty-server:jar:8.1.11.v20130520:test
[INFO]    org.eclipse.jetty:jetty-util:jar:8.1.11.v20130520:test
[INFO]    org.hamcrest:hamcrest-core:jar:1.3:test
[INFO]    org.hamcrest:hamcrest-library:jar:1.3:test
[INFO]    org.mockito:mockito-all:jar:1.9.5:test
[INFO]    org.projectlombok:lombok:jar:1.14.4:provided
[INFO]    org.slf4j:jcl-over-slf4j:jar:1.7.12:test
[INFO]    org.slf4j:slf4j-api:jar:1.7.12:compile
[INFO]    org.springframework.plugin:spring-plugin-core:jar:1.2.0.RELEASE:compile
[INFO]    org.springframework:spring-aop:jar:4.1.6.RELEASE:compile
[INFO]    org.springframework:spring-beans:jar:4.1.6.RELEASE:compile
[INFO]    org.springframework:spring-context:jar:4.1.6.RELEASE:compile
[INFO]    org.springframework:spring-core:jar:4.1.6.RELEASE:compile
[INFO]    org.springframework:spring-expression:jar:4.1.6.RELEASE:compile
[INFO]    org.springframework:spring-test:jar:4.1.6.RELEASE:test
[INFO]    org.springframework:spring-web:jar:4.1.6.RELEASE:compile
[INFO]    org.springframework:spring-webmvc:jar:4.1.6.RELEASE:compile
[INFO]    xmlunit:xmlunit:jar:1.5:test
[INFO] 
[INFO] 
[INFO] --- maven-resources-plugin:2.6:resources (default-resources) @ spring-hateoas ---
[INFO] Using 'UTF-8' encoding to copy filtered resources.
[INFO] Copying 3 resources
[INFO] 
[INFO] --- maven-compiler-plugin:3.3:compile (default-compile) @ spring-hateoas ---
[INFO] Changes detected - recompiling the module!
[INFO] Compiling 84 source files to /home/travis/build/spring-projects/spring-hateoas/target/classes
[INFO] /home/travis/build/spring-projects/spring-hateoas/src/main/java/org/springframework/hateoas/config/HypermediaSupportBeanDefinitionRegistrar.java: /home/travis/build/spring-projects/spring-hateoas/src/main/java/org/springframework/hateoas/config/HypermediaSupportBeanDefinitionRegistrar.java uses or overrides a deprecated API.
[INFO] /home/travis/build/spring-projects/spring-hateoas/src/main/java/org/springframework/hateoas/config/HypermediaSupportBeanDefinitionRegistrar.java: Recompile with -Xlint:deprecation for details.
[INFO] 
[INFO] --- com.springsource.bundlor.maven:1.0.0.RELEASE:bundlor (bundlor) @ spring-hateoas ---
Manifest written to '/home/travis/build/spring-projects/spring-hateoas/target/classes/META-INF/MANIFEST.MF'
[INFO] 
[INFO] --- maven-resources-plugin:2.6:testResources (default-testResources) @ spring-hateoas ---
[INFO] Using 'UTF-8' encoding to copy filtered resources.
[INFO] Copying 11 resources
[INFO] 
[INFO] --- maven-compiler-plugin:3.3:testCompile (default-testCompile) @ spring-hateoas ---
[INFO] Changes detected - recompiling the module!
[INFO] Compiling 59 source files to /home/travis/build/spring-projects/spring-hateoas/target/test-classes
[INFO] /home/travis/build/spring-projects/spring-hateoas/src/test/java/org/springframework/hateoas/config/EnableHypermediaSupportIntegrationTest.java: /home/travis/build/spring-projects/spring-hateoas/src/test/java/org/springframework/hateoas/config/EnableHypermediaSupportIntegrationTest.java uses or overrides a deprecated API.
[INFO] /home/travis/build/spring-projects/spring-hateoas/src/test/java/org/springframework/hateoas/config/EnableHypermediaSupportIntegrationTest.java: Recompile with -Xlint:deprecation for details.
[INFO] 
[INFO] --- maven-surefire-plugin:2.12.4:test (default-test) @ spring-hateoas ---
[INFO] Surefire report directory: /home/travis/build/spring-projects/spring-hateoas/target/surefire-reports

-------------------------------------------------------
 T E S T S
-------------------------------------------------------
Running org.springframework.hateoas.config.EnableHypermediaSupportIntegrationTest
Tests run: 6, Failures: 0, Errors: 0, Skipped: 0, Time elapsed: 5.971 sec
Running org.springframework.hateoas.config.EnableEntityLinksIntegrationTest
Tests run: 1, Failures: 0, Errors: 0, Skipped: 0, Time elapsed: 0.388 sec
Running org.springframework.hateoas.PagedResourcesMarshallingTest
Tests run: 1, Failures: 0, Errors: 0, Skipped: 0, Time elapsed: 0.213 sec
Running org.springframework.hateoas.mvc.IdentifiableResourceAssemblerSupportUnitTest
Tests run: 4, Failures: 0, Errors: 0, Skipped: 0, Time elapsed: 0.085 sec
Running org.springframework.hateoas.mvc.ControllerLinkBuilderUnitTest
Tests run: 36, Failures: 0, Errors: 0, Skipped: 0, Time elapsed: 0.907 sec
Running org.springframework.hateoas.mvc.ControllerLinkBuilderFactoryUnitTest
Tests run: 8, Failures: 0, Errors: 0, Skipped: 0, Time elapsed: 0.151 sec
Running org.springframework.hateoas.mvc.HeaderLinksResponseEntityUnitTest
Tests run: 2, Failures: 0, Errors: 0, Skipped: 0, Time elapsed: 0.011 sec
Running org.springframework.hateoas.mvc.DummyInvocationUtilsUnitTest
Tests run: 1, Failures: 0, Errors: 0, Skipped: 0, Time elapsed: 0.022 sec
Running org.springframework.hateoas.mvc.TypeConstrainedMappingJackson2HttpMessageConverterUnitTest
Tests run: 3, Failures: 0, Errors: 0, Skipped: 0, Time elapsed: 0.134 sec
Running org.springframework.hateoas.mvc.ControllerLinkBuilderOutsideSpringMvcUnitTest
Tests run: 1, Failures: 0, Errors: 0, Skipped: 0, Time elapsed: 0.006 sec
Running org.springframework.hateoas.Jackson2ResourceIntegrationTest
Tests run: 2, Failures: 0, Errors: 0, Skipped: 0, Time elapsed: 0.045 sec
Running org.springframework.hateoas.core.JsonPathLinkDiscovererUnitTest
Tests run: 3, Failures: 0, Errors: 0, Skipped: 0, Time elapsed: 0.002 sec
Running org.springframework.hateoas.core.DelegatingEntityLinksUnitTest
Tests run: 4, Failures: 0, Errors: 0, Skipped: 0, Time elapsed: 0.034 sec
Running org.springframework.hateoas.core.EvoInflectorRelProviderUnitTest
Tests run: 1, Failures: 0, Errors: 0, Skipped: 0, Time elapsed: 0.021 sec
Running org.springframework.hateoas.core.DelegatingRelProviderUnitTest
Tests run: 1, Failures: 0, Errors: 0, Skipped: 0, Time elapsed: 0.011 sec
Running org.springframework.hateoas.core.ControllerEntityLinksUnitTest
Tests run: 6, Failures: 0, Errors: 0, Skipped: 0, Time elapsed: 0.033 sec
Running org.springframework.hateoas.core.ControllerEntityLinksFactoryBeanUnitTest
Tests run: 2, Failures: 0, Errors: 0, Skipped: 0, Time elapsed: 0 sec
Running org.springframework.hateoas.core.AnnotationMappingDiscovererUnitTest
Tests run: 9, Failures: 0, Errors: 0, Skipped: 0, Time elapsed: 0.021 sec
Running org.springframework.hateoas.core.LinkBuilderSupportUnitTest
Tests run: 2, Failures: 0, Errors: 0, Skipped: 0, Time elapsed: 0.023 sec
Running org.springframework.hateoas.core.MethodParametersUnitTest
Tests run: 2, Failures: 0, Errors: 0, Skipped: 0, Time elapsed: 0.006 sec
Running org.springframework.hateoas.hal.Jackson2HalIntegrationTest
Tests run: 22, Failures: 0, Errors: 0, Skipped: 0, Time elapsed: 0.315 sec
Running org.springframework.hateoas.hal.HalLinkDiscovererUnitTest
Tests run: 7, Failures: 0, Errors: 0, Skipped: 0, Time elapsed: 0.051 sec
Running org.springframework.hateoas.hal.DefaultCurieProviderUnitTest
Tests run: 11, Failures: 0, Errors: 0, Skipped: 0, Time elapsed: 0.014 sec
Running org.springframework.hateoas.hal.HalEmbeddedBuilderUnitTest
Tests run: 11, Failures: 0, Errors: 0, Skipped: 0, Time elapsed: 0.051 sec
Running org.springframework.hateoas.PagedResourcesUnitTest
Tests run: 8, Failures: 0, Errors: 0, Skipped: 0, Time elapsed: 0.007 sec
Running org.springframework.hateoas.TemplateVariablesUnitTest
Tests run: 15, Failures: 0, Errors: 0, Skipped: 0, Time elapsed: 0 sec
Running org.springframework.hateoas.ResourceSupportUnitTest
Tests run: 11, Failures: 0, Errors: 0, Skipped: 0, Time elapsed: 0.013 sec
Running org.springframework.hateoas.LinkUnitTest
Tests run: 19, Failures: 0, Errors: 0, Skipped: 0, Time elapsed: 0.033 sec
Running org.springframework.hateoas.jaxrs.JaxRsLinkBuilderFactoryUnitTest
Tests run: 3, Failures: 0, Errors: 0, Skipped: 0, Time elapsed: 0.01 sec
Running org.springframework.hateoas.ResourceSupportIntegrationTest
Tests run: 2, Failures: 0, Errors: 0, Skipped: 0, Time elapsed: 0.006 sec
Running org.springframework.hateoas.VndErrorsUnitTest
Tests run: 1, Failures: 0, Errors: 0, Skipped: 0, Time elapsed: 0.002 sec
Running org.springframework.hateoas.Jackson2ResourceSupportIntegrationTest
Tests run: 2, Failures: 0, Errors: 0, Skipped: 0, Time elapsed: 0.008 sec
Running org.springframework.hateoas.LinkDiscoverersUnitTest
Tests run: 2, Failures: 0, Errors: 0, Skipped: 0, Time elapsed: 0.001 sec
Running org.springframework.hateoas.ResourceIntegrationTest
Tests run: 3, Failures: 0, Errors: 0, Skipped: 0, Time elapsed: 0.077 sec
Running org.springframework.hateoas.Jackson2LinkIntegrationTest
Tests run: 2, Failures: 0, Errors: 0, Skipped: 0, Time elapsed: 0.002 sec
Running org.springframework.hateoas.LinkIntegrationTest
Tests run: 2, Failures: 0, Errors: 0, Skipped: 0, Time elapsed: 0.023 sec
Running org.springframework.hateoas.LinksUnitTest
Tests run: 4, Failures: 0, Errors: 0, Skipped: 0, Time elapsed: 0.013 sec
Running org.springframework.hateoas.UriTemplateUnitTest
Tests run: 20, Failures: 0, Errors: 0, Skipped: 0, Time elapsed: 0.017 sec
Running org.springframework.hateoas.ResourcesUnitTest
Tests run: 4, Failures: 0, Errors: 0, Skipped: 0, Time elapsed: 0.002 sec
Running org.springframework.hateoas.ResourceUnitTest
Tests run: 5, Failures: 0, Errors: 0, Skipped: 0, Time elapsed: 0.001 sec
Running org.springframework.hateoas.VndErrorsMarshallingTest
Tests run: 4, Failures: 0, Errors: 0, Skipped: 0, Time elapsed: 0.063 sec

Results :

Tests run: 253, Failures: 0, Errors: 0, Skipped: 0

[INFO] ------------------------------------------------------------------------
[INFO] BUILD SUCCESS
[INFO] ------------------------------------------------------------------------
[INFO] Total time: 36.204 s
[INFO] Finished at: 2015-06-26T06:53:31+00:00
[INFO] Final Memory: 26M/315M
[INFO] ------------------------------------------------------------------------
travis_time:end:2629b212:start=1435301573361021075,finish=1435301612750638326,duration=39389617251[0K
[32;1mThe command "mvn clean dependency:list test -P${PROFILE} -Dsort" exited with 0.[0m
travis_fold:start:cache.2[0Kstore build cache
travis_time:start:200007f6[0Knothing changed, not updating cache
travis_time:end:200007f6:start=1435301612754876686,finish=1435301613016227285,duration=261350599[0Ktravis_fold:end:cache.2[0K
Done. Your build exited with 0.
