Using worker: worker-linux-docker-cffbbf37.prod.travis-ci.org:travis-linux-14

travis_fold:start:system_info[0K[33;1mBuild system information[0m
Build language: java
Build group: stable
Build dist: precise
Build id: 160481565
Job id: 160481566
travis-build version: ef82e8245
[34m[1mBuild image provisioning date and time[0m
Thu Feb  5 15:09:33 UTC 2015
[34m[1mOperating System Details[0m
Distributor ID:	Ubuntu
Description:	Ubuntu 12.04.5 LTS
Release:	12.04
Codename:	precise
[34m[1mLinux Version[0m
3.13.0-29-generic
[34m[1mCookbooks Version[0m
a68419e https://github.com/travis-ci/travis-cookbooks/tree/a68419e
[34m[1mGCC version[0m
gcc (Ubuntu/Linaro 4.6.3-1ubuntu5) 4.6.3
Copyright (C) 2011 Free Software Foundation, Inc.
This is free software; see the source for copying conditions.  There is NO
warranty; not even for MERCHANTABILITY or FITNESS FOR A PARTICULAR PURPOSE.

[34m[1mLLVM version[0m
clang version 3.4 (tags/RELEASE_34/final)
Target: x86_64-unknown-linux-gnu
Thread model: posix
[34m[1mPre-installed Ruby versions[0m
ruby-1.9.3-p551
[34m[1mPre-installed Node.js versions[0m
v0.10.36
[34m[1mPre-installed Go versions[0m
1.4.1
[34m[1mRedis version[0m
redis-server 2.8.19
[34m[1mriak version[0m
2.0.2
[34m[1mMongoDB version[0m
MongoDB 2.4.12
[34m[1mCouchDB version[0m
couchdb 1.6.1
[34m[1mNeo4j version[0m
1.9.4
[34m[1mRabbitMQ Version[0m
3.4.3
[34m[1mElasticSearch version[0m
1.4.0
[34m[1mInstalled Sphinx versions[0m
2.0.10
2.1.9
2.2.6
[34m[1mDefault Sphinx version[0m
2.2.6
[34m[1mInstalled Firefox version[0m
firefox 31.0esr
[34m[1mPhantomJS version[0m
1.9.8
[34m[1mant -version[0m
Apache Ant(TM) version 1.8.2 compiled on December 3 2011
[34m[1mmvn -version[0m
Apache Maven 3.2.5 (12a6b3acb947671f09b81f49094c53f426d8cea1; 2014-12-14T17:29:23+00:00)
Maven home: /usr/local/maven
Java version: 1.7.0_76, vendor: Oracle Corporation
Java home: /usr/lib/jvm/java-7-oracle/jre
Default locale: en_US, platform encoding: ANSI_X3.4-1968
OS name: "linux", version: "3.13.0-29-generic", arch: "amd64", family: "unix"
travis_fold:end:system_info[0K
travis_fold:start:fix.CVE-2015-7547[0K$ export DEBIAN_FRONTEND=noninteractive
W: Size of file /var/lib/apt/lists/us.archive.ubuntu.com_ubuntu_dists_precise-backports_multiverse_source_Sources.gz is not what the server reported 5886 5888
W: Size of file /var/lib/apt/lists/ppa.launchpad.net_ubuntugis_ppa_ubuntu_dists_precise_main_binary-amd64_Packages.gz is not what the server reported 33653 36677
W: Size of file /var/lib/apt/lists/ppa.launchpad.net_ubuntugis_ppa_ubuntu_dists_precise_main_binary-i386_Packages.gz is not what the server reported 33699 36733
Reading package lists...
Building dependency tree...
Reading state information...
The following extra packages will be installed:
  libc-bin libc-dev-bin libc6-dev
Suggested packages:
  glibc-doc
The following packages will be upgraded:
  libc-bin libc-dev-bin libc6 libc6-dev
4 upgraded, 0 newly installed, 0 to remove and 258 not upgraded.
Need to get 8,840 kB of archives.
After this operation, 14.3 kB disk space will be freed.
Get:1 http://us.archive.ubuntu.com/ubuntu/ precise-updates/main libc6-dev amd64 2.15-0ubuntu10.15 [2,943 kB]
Get:2 http://us.archive.ubuntu.com/ubuntu/ precise-updates/main libc-dev-bin amd64 2.15-0ubuntu10.15 [84.7 kB]
Get:3 http://us.archive.ubuntu.com/ubuntu/ precise-updates/main libc-bin amd64 2.15-0ubuntu10.15 [1,177 kB]
Get:4 http://us.archive.ubuntu.com/ubuntu/ precise-updates/main libc6 amd64 2.15-0ubuntu10.15 [4,636 kB]
Fetched 8,840 kB in 0s (26.6 MB/s)
Preconfiguring packages ...
(Reading database ... (Reading database ... 5%(Reading database ... 10%(Reading database ... 15%(Reading database ... 20%(Reading database ... 25%(Reading database ... 30%(Reading database ... 35%(Reading database ... 40%(Reading database ... 45%(Reading database ... 50%(Reading database ... 55%(Reading database ... 60%(Reading database ... 65%(Reading database ... 70%(Reading database ... 75%(Reading database ... 80%(Reading database ... 85%(Reading database ... 90%(Reading database ... 95%(Reading database ... 100%(Reading database ... 72019 files and directories currently installed.)
Preparing to replace libc6-dev 2.15-0ubuntu10.10 (using .../libc6-dev_2.15-0ubuntu10.15_amd64.deb) ...
Unpacking replacement libc6-dev ...
Preparing to replace libc-dev-bin 2.15-0ubuntu10.10 (using .../libc-dev-bin_2.15-0ubuntu10.15_amd64.deb) ...
Unpacking replacement libc-dev-bin ...
Preparing to replace libc-bin 2.15-0ubuntu10.10 (using .../libc-bin_2.15-0ubuntu10.15_amd64.deb) ...
Unpacking replacement libc-bin ...
Processing triggers for man-db ...
Setting up libc-bin (2.15-0ubuntu10.15) ...
(Reading database ... (Reading database ... 5%(Reading database ... 10%(Reading database ... 15%(Reading database ... 20%(Reading database ... 25%(Reading database ... 30%(Reading database ... 35%(Reading database ... 40%(Reading database ... 45%(Reading database ... 50%(Reading database ... 55%(Reading database ... 60%(Reading database ... 65%(Reading database ... 70%(Reading database ... 75%(Reading database ... 80%(Reading database ... 85%(Reading database ... 90%(Reading database ... 95%(Reading database ... 100%(Reading database ... 72018 files and directories currently installed.)
Preparing to replace libc6 2.15-0ubuntu10.10 (using .../libc6_2.15-0ubuntu10.15_amd64.deb) ...
Unpacking replacement libc6 ...
Setting up libc6 (2.15-0ubuntu10.15) ...
Setting up libc-dev-bin (2.15-0ubuntu10.15) ...
Setting up libc6-dev (2.15-0ubuntu10.15) ...
Processing triggers for libc-bin ...
ldconfig deferred processing now taking place
travis_fold:end:fix.CVE-2015-7547[0Ktravis_fold:start:git.checkout[0Ktravis_time:start:05ea9caf[0K$ git clone --depth=50 https://github.com/SonarSource/sonar-php.git SonarSource/sonar-php
Cloning into 'SonarSource/sonar-php'...
remote: Counting objects: 3306, done.[K
remote: Compressing objects:   0% (1/1537)   [Kremote: Compressing objects:   1% (16/1537)   [Kremote: Compressing objects:   2% (31/1537)   [Kremote: Compressing objects:   3% (47/1537)   [Kremote: Compressing objects:   4% (62/1537)   [Kremote: Compressing objects:   5% (77/1537)   [Kremote: Compressing objects:   6% (93/1537)   [Kremote: Compressing objects:   7% (108/1537)   [Kremote: Compressing objects:   8% (123/1537)   [Kremote: Compressing objects:   9% (139/1537)   [Kremote: Compressing objects:  10% (154/1537)   [Kremote: Compressing objects:  11% (170/1537)   [Kremote: Compressing objects:  12% (185/1537)   [Kremote: Compressing objects:  13% (200/1537)   [Kremote: Compressing objects:  14% (216/1537)   [Kremote: Compressing objects:  15% (231/1537)   [Kremote: Compressing objects:  16% (246/1537)   [Kremote: Compressing objects:  17% (262/1537)   [Kremote: Compressing objects:  18% (277/1537)   [Kremote: Compressing objects:  19% (293/1537)   [Kremote: Compressing objects:  20% (308/1537)   [Kremote: Compressing objects:  21% (323/1537)   [Kremote: Compressing objects:  22% (339/1537)   [Kremote: Compressing objects:  23% (354/1537)   [Kremote: Compressing objects:  24% (369/1537)   [Kremote: Compressing objects:  25% (385/1537)   [Kremote: Compressing objects:  26% (400/1537)   [Kremote: Compressing objects:  27% (415/1537)   [Kremote: Compressing objects:  28% (431/1537)   [Kremote: Compressing objects:  29% (446/1537)   [Kremote: Compressing objects:  30% (462/1537)   [Kremote: Compressing objects:  31% (477/1537)   [Kremote: Compressing objects:  32% (492/1537)   [Kremote: Compressing objects:  33% (508/1537)   [Kremote: Compressing objects:  34% (523/1537)   [Kremote: Compressing objects:  35% (538/1537)   [Kremote: Compressing objects:  36% (554/1537)   [Kremote: Compressing objects:  37% (569/1537)   [Kremote: Compressing objects:  38% (585/1537)   [Kremote: Compressing objects:  39% (600/1537)   [Kremote: Compressing objects:  40% (615/1537)   [Kremote: Compressing objects:  41% (631/1537)   [Kremote: Compressing objects:  42% (646/1537)   [Kremote: Compressing objects:  43% (661/1537)   [Kremote: Compressing objects:  44% (677/1537)   [Kremote: Compressing objects:  45% (692/1537)   [Kremote: Compressing objects:  46% (708/1537)   [Kremote: Compressing objects:  47% (723/1537)   [Kremote: Compressing objects:  48% (738/1537)   [Kremote: Compressing objects:  49% (754/1537)   [Kremote: Compressing objects:  50% (769/1537)   [Kremote: Compressing objects:  51% (784/1537)   [Kremote: Compressing objects:  52% (800/1537)   [Kremote: Compressing objects:  53% (815/1537)   [Kremote: Compressing objects:  54% (830/1537)   [Kremote: Compressing objects:  55% (846/1537)   [Kremote: Compressing objects:  56% (861/1537)   [Kremote: Compressing objects:  57% (877/1537)   [Kremote: Compressing objects:  58% (892/1537)   [Kremote: Compressing objects:  59% (907/1537)   [Kremote: Compressing objects:  60% (923/1537)   [Kremote: Compressing objects:  61% (938/1537)   [Kremote: Compressing objects:  62% (953/1537)   [Kremote: Compressing objects:  63% (969/1537)   [Kremote: Compressing objects:  64% (984/1537)   [Kremote: Compressing objects:  65% (1000/1537)   [Kremote: Compressing objects:  66% (1015/1537)   [Kremote: Compressing objects:  67% (1030/1537)   [Kremote: Compressing objects:  68% (1046/1537)   [Kremote: Compressing objects:  69% (1061/1537)   [Kremote: Compressing objects:  70% (1076/1537)   [Kremote: Compressing objects:  71% (1092/1537)   [Kremote: Compressing objects:  72% (1107/1537)   [Kremote: Compressing objects:  73% (1123/1537)   [Kremote: Compressing objects:  74% (1138/1537)   [Kremote: Compressing objects:  75% (1153/1537)   [Kremote: Compressing objects:  76% (1169/1537)   [Kremote: Compressing objects:  77% (1184/1537)   [Kremote: Compressing objects:  78% (1199/1537)   [Kremote: Compressing objects:  79% (1215/1537)   [Kremote: Compressing objects:  80% (1230/1537)   [Kremote: Compressing objects:  81% (1245/1537)   [Kremote: Compressing objects:  82% (1261/1537)   [Kremote: Compressing objects:  83% (1276/1537)   [Kremote: Compressing objects:  84% (1292/1537)   [Kremote: Compressing objects:  85% (1307/1537)   [Kremote: Compressing objects:  86% (1322/1537)   [Kremote: Compressing objects:  87% (1338/1537)   [Kremote: Compressing objects:  88% (1353/1537)   [Kremote: Compressing objects:  89% (1368/1537)   [Kremote: Compressing objects:  90% (1384/1537)   [Kremote: Compressing objects:  91% (1399/1537)   [Kremote: Compressing objects:  92% (1415/1537)   [Kremote: Compressing objects:  93% (1430/1537)   [Kremote: Compressing objects:  94% (1445/1537)   [Kremote: Compressing objects:  95% (1461/1537)   [Kremote: Compressing objects:  96% (1476/1537)   [Kremote: Compressing objects:  97% (1491/1537)   [Kremote: Compressing objects:  98% (1507/1537)   [Kremote: Compressing objects:  99% (1522/1537)   [Kremote: Compressing objects: 100% (1537/1537)   [Kremote: Compressing objects: 100% (1537/1537), done.[K
Receiving objects:   0% (1/3306)   Receiving objects:   1% (34/3306)   Receiving objects:   2% (67/3306)   Receiving objects:   3% (100/3306)   Receiving objects:   4% (133/3306)   Receiving objects:   5% (166/3306)   Receiving objects:   6% (199/3306)   Receiving objects:   7% (232/3306)   Receiving objects:   8% (265/3306)   Receiving objects:   9% (298/3306)   Receiving objects:  10% (331/3306)   Receiving objects:  11% (364/3306)   Receiving objects:  12% (397/3306)   Receiving objects:  13% (430/3306)   Receiving objects:  14% (463/3306)   Receiving objects:  15% (496/3306)   Receiving objects:  16% (529/3306)   Receiving objects:  17% (563/3306)   Receiving objects:  18% (596/3306)   Receiving objects:  19% (629/3306)   Receiving objects:  20% (662/3306)   Receiving objects:  21% (695/3306)   Receiving objects:  22% (728/3306)   Receiving objects:  23% (761/3306)   Receiving objects:  24% (794/3306)   Receiving objects:  25% (827/3306)   Receiving objects:  26% (860/3306)   Receiving objects:  27% (893/3306)   Receiving objects:  28% (926/3306)   Receiving objects:  29% (959/3306)   Receiving objects:  30% (992/3306)   Receiving objects:  31% (1025/3306)   Receiving objects:  32% (1058/3306)   Receiving objects:  33% (1091/3306)   Receiving objects:  34% (1125/3306)   Receiving objects:  35% (1158/3306)   Receiving objects:  36% (1191/3306)   Receiving objects:  37% (1224/3306)   Receiving objects:  38% (1257/3306)   Receiving objects:  39% (1290/3306)   Receiving objects:  40% (1323/3306)   Receiving objects:  41% (1356/3306)   Receiving objects:  42% (1389/3306)   Receiving objects:  43% (1422/3306)   Receiving objects:  44% (1455/3306)   Receiving objects:  45% (1488/3306)   Receiving objects:  46% (1521/3306)   Receiving objects:  47% (1554/3306)   Receiving objects:  48% (1587/3306)   Receiving objects:  49% (1620/3306)   Receiving objects:  50% (1653/3306)   Receiving objects:  51% (1687/3306)   Receiving objects:  52% (1720/3306)   Receiving objects:  53% (1753/3306)   Receiving objects:  54% (1786/3306)   Receiving objects:  55% (1819/3306)   Receiving objects:  56% (1852/3306)   Receiving objects:  57% (1885/3306)   Receiving objects:  58% (1918/3306)   Receiving objects:  59% (1951/3306)   Receiving objects:  60% (1984/3306)   Receiving objects:  61% (2017/3306)   Receiving objects:  62% (2050/3306)   Receiving objects:  63% (2083/3306)   Receiving objects:  64% (2116/3306)   Receiving objects:  65% (2149/3306)   Receiving objects:  66% (2182/3306)   Receiving objects:  67% (2216/3306)   Receiving objects:  68% (2249/3306)   Receiving objects:  69% (2282/3306)   Receiving objects:  70% (2315/3306)   Receiving objects:  71% (2348/3306)   Receiving objects:  72% (2381/3306)   Receiving objects:  73% (2414/3306)   Receiving objects:  74% (2447/3306)   Receiving objects:  75% (2480/3306)   Receiving objects:  76% (2513/3306)   Receiving objects:  77% (2546/3306)   Receiving objects:  78% (2579/3306)   Receiving objects:  79% (2612/3306)   Receiving objects:  80% (2645/3306)   Receiving objects:  81% (2678/3306)   Receiving objects:  82% (2711/3306)   Receiving objects:  83% (2744/3306)   Receiving objects:  84% (2778/3306)   Receiving objects:  85% (2811/3306)   Receiving objects:  86% (2844/3306)   Receiving objects:  87% (2877/3306)   Receiving objects:  88% (2910/3306)   Receiving objects:  89% (2943/3306)   Receiving objects:  90% (2976/3306)   Receiving objects:  91% (3009/3306)   remote: Total 3306 (delta 1916), reused 2465 (delta 1348), pack-reused 0[K
Receiving objects:  92% (3042/3306)   Receiving objects:  93% (3075/3306)   Receiving objects:  94% (3108/3306)   Receiving objects:  95% (3141/3306)   Receiving objects:  96% (3174/3306)   Receiving objects:  97% (3207/3306)   Receiving objects:  98% (3240/3306)   Receiving objects:  99% (3273/3306)   Receiving objects: 100% (3306/3306)   Receiving objects: 100% (3306/3306), 1.08 MiB | 0 bytes/s, done.
Resolving deltas:   0% (0/1916)   Resolving deltas:   1% (29/1916)   Resolving deltas:   2% (57/1916)   Resolving deltas:   3% (59/1916)   Resolving deltas:   5% (107/1916)   Resolving deltas:   6% (115/1916)   Resolving deltas:   7% (137/1916)   Resolving deltas:   8% (155/1916)   Resolving deltas:   9% (173/1916)   Resolving deltas:  10% (193/1916)   Resolving deltas:  11% (211/1916)   Resolving deltas:  12% (231/1916)   Resolving deltas:  13% (250/1916)   Resolving deltas:  14% (269/1916)   Resolving deltas:  15% (288/1916)   Resolving deltas:  16% (307/1916)   Resolving deltas:  17% (340/1916)   Resolving deltas:  19% (366/1916)   Resolving deltas:  20% (386/1916)   Resolving deltas:  21% (411/1916)   Resolving deltas:  23% (445/1916)   Resolving deltas:  24% (467/1916)   Resolving deltas:  25% (481/1916)   Resolving deltas:  26% (517/1916)   Resolving deltas:  27% (534/1916)   Resolving deltas:  28% (537/1916)   Resolving deltas:  29% (574/1916)   Resolving deltas:  30% (578/1916)   Resolving deltas:  31% (599/1916)   Resolving deltas:  32% (619/1916)   Resolving deltas:  33% (634/1916)   Resolving deltas:  34% (652/1916)   Resolving deltas:  37% (720/1916)   Resolving deltas:  38% (729/1916)   Resolving deltas:  43% (828/1916)   Resolving deltas:  44% (852/1916)   Resolving deltas:  45% (863/1916)   Resolving deltas:  46% (882/1916)   Resolving deltas:  47% (901/1916)   Resolving deltas:  53% (1021/1916)   Resolving deltas:  60% (1157/1916)   Resolving deltas:  63% (1213/1916)   Resolving deltas:  64% (1230/1916)   Resolving deltas:  66% (1283/1916)   Resolving deltas:  67% (1288/1916)   Resolving deltas:  69% (1334/1916)   Resolving deltas:  73% (1412/1916)   Resolving deltas:  74% (1424/1916)   Resolving deltas:  75% (1437/1916)   Resolving deltas:  80% (1544/1916)   Resolving deltas:  82% (1590/1916)   Resolving deltas:  85% (1632/1916)   Resolving deltas:  90% (1735/1916)   Resolving deltas:  91% (1746/1916)   Resolving deltas:  92% (1780/1916)   Resolving deltas:  93% (1795/1916)   Resolving deltas:  94% (1804/1916)   Resolving deltas:  95% (1821/1916)   Resolving deltas:  96% (1843/1916)   Resolving deltas:  97% (1860/1916)   Resolving deltas:  98% (1879/1916)   Resolving deltas:  99% (1897/1916)   Resolving deltas: 100% (1916/1916)   Resolving deltas: 100% (1916/1916), done.
Checking connectivity... done.

travis_time:end:05ea9caf:start=1474040394380274077,finish=1474040395123672167,duration=743398090[0K$ cd SonarSource/sonar-php
travis_time:start:00ed1610[0K$ git fetch origin +refs/pull/121/merge:
remote: Counting objects: 1030, done.[K
remote: Compressing objects:   0% (1/283)   [Kremote: Compressing objects:   1% (3/283)   [Kremote: Compressing objects:   2% (6/283)   [Kremote: Compressing objects:   3% (9/283)   [Kremote: Compressing objects:   4% (12/283)   [Kremote: Compressing objects:   5% (15/283)   [Kremote: Compressing objects:   6% (17/283)   [Kremote: Compressing objects:   7% (20/283)   [Kremote: Compressing objects:   8% (23/283)   [Kremote: Compressing objects:   9% (26/283)   [Kremote: Compressing objects:  10% (29/283)   [Kremote: Compressing objects:  11% (32/283)   [Kremote: Compressing objects:  12% (34/283)   [Kremote: Compressing objects:  13% (37/283)   [Kremote: Compressing objects:  14% (40/283)   [Kremote: Compressing objects:  15% (43/283)   [Kremote: Compressing objects:  16% (46/283)   [Kremote: Compressing objects:  17% (49/283)   [Kremote: Compressing objects:  18% (51/283)   [Kremote: Compressing objects:  19% (54/283)   [Kremote: Compressing objects:  20% (57/283)   [Kremote: Compressing objects:  21% (60/283)   [Kremote: Compressing objects:  22% (63/283)   [Kremote: Compressing objects:  23% (66/283)   [Kremote: Compressing objects:  24% (68/283)   [Kremote: Compressing objects:  25% (71/283)   [Kremote: Compressing objects:  26% (74/283)   [Kremote: Compressing objects:  27% (77/283)   [Kremote: Compressing objects:  28% (80/283)   [Kremote: Compressing objects:  29% (83/283)   [Kremote: Compressing objects:  30% (85/283)   [Kremote: Compressing objects:  31% (88/283)   [Kremote: Compressing objects:  32% (91/283)   [Kremote: Compressing objects:  33% (94/283)   [Kremote: Compressing objects:  34% (97/283)   [Kremote: Compressing objects:  35% (100/283)   [Kremote: Compressing objects:  36% (102/283)   [Kremote: Compressing objects:  37% (105/283)   [Kremote: Compressing objects:  38% (108/283)   [Kremote: Compressing objects:  39% (111/283)   [Kremote: Compressing objects:  40% (114/283)   [Kremote: Compressing objects:  41% (117/283)   [Kremote: Compressing objects:  42% (119/283)   [Kremote: Compressing objects:  43% (122/283)   [Kremote: Compressing objects:  44% (125/283)   [Kremote: Compressing objects:  45% (128/283)   [Kremote: Compressing objects:  46% (131/283)   [Kremote: Compressing objects:  47% (134/283)   [Kremote: Compressing objects:  48% (136/283)   [Kremote: Compressing objects:  49% (139/283)   [Kremote: Compressing objects:  50% (142/283)   [Kremote: Compressing objects:  51% (145/283)   [Kremote: Compressing objects:  52% (148/283)   [Kremote: Compressing objects:  53% (150/283)   [Kremote: Compressing objects:  54% (153/283)   [Kremote: Compressing objects:  55% (156/283)   [Kremote: Compressing objects:  56% (159/283)   [Kremote: Compressing objects:  57% (162/283)   [Kremote: Compressing objects:  58% (165/283)   [Kremote: Compressing objects:  59% (167/283)   [Kremote: Compressing objects:  60% (170/283)   [Kremote: Compressing objects:  61% (173/283)   [Kremote: Compressing objects:  62% (176/283)   [Kremote: Compressing objects:  63% (179/283)   [Kremote: Compressing objects:  64% (182/283)   [Kremote: Compressing objects:  65% (184/283)   [Kremote: Compressing objects:  66% (187/283)   [Kremote: Compressing objects:  67% (190/283)   [Kremote: Compressing objects:  68% (193/283)   [Kremote: Compressing objects:  69% (196/283)   [Kremote: Compressing objects:  70% (199/283)   [Kremote: Compressing objects:  71% (201/283)   [Kremote: Compressing objects:  72% (204/283)   [Kremote: Compressing objects:  73% (207/283)   [Kremote: Compressing objects:  74% (210/283)   [Kremote: Compressing objects:  75% (213/283)   [Kremote: Compressing objects:  76% (216/283)   [Kremote: Compressing objects:  77% (218/283)   [Kremote: Compressing objects:  78% (221/283)   [Kremote: Compressing objects:  79% (224/283)   [Kremote: Compressing objects:  80% (227/283)   [Kremote: Compressing objects:  81% (230/283)   [Kremote: Compressing objects:  82% (233/283)   [Kremote: Compressing objects:  83% (235/283)   [Kremote: Compressing objects:  84% (238/283)   [Kremote: Compressing objects:  85% (241/283)   [Kremote: Compressing objects:  86% (244/283)   [Kremote: Compressing objects:  87% (247/283)   [Kremote: Compressing objects:  88% (250/283)   [Kremote: Compressing objects:  89% (252/283)   [Kremote: Compressing objects:  90% (255/283)   [Kremote: Compressing objects:  91% (258/283)   [Kremote: Compressing objects:  92% (261/283)   [Kremote: Compressing objects:  93% (264/283)   [Kremote: Compressing objects:  94% (267/283)   [Kremote: Compressing objects:  95% (269/283)   [Kremote: Compressing objects:  96% (272/283)   [Kremote: Compressing objects:  97% (275/283)   [Kremote: Compressing objects:  98% (278/283)   [Kremote: Compressing objects:  99% (281/283)   [Kremote: Compressing objects: 100% (283/283)   [Kremote: Compressing objects: 100% (283/283), done.[K
Receiving objects:   0% (1/1030)   Receiving objects:   1% (11/1030)   Receiving objects:   2% (21/1030)   Receiving objects:   3% (31/1030)   Receiving objects:   4% (42/1030)   Receiving objects:   5% (52/1030)   Receiving objects:   6% (62/1030)   Receiving objects:   7% (73/1030)   Receiving objects:   8% (83/1030)   Receiving objects:   9% (93/1030)   Receiving objects:  10% (103/1030)   Receiving objects:  11% (114/1030)   Receiving objects:  12% (124/1030)   Receiving objects:  13% (134/1030)   Receiving objects:  14% (145/1030)   Receiving objects:  15% (155/1030)   Receiving objects:  16% (165/1030)   Receiving objects:  17% (176/1030)   Receiving objects:  18% (186/1030)   Receiving objects:  19% (196/1030)   Receiving objects:  20% (206/1030)   Receiving objects:  21% (217/1030)   Receiving objects:  22% (227/1030)   Receiving objects:  23% (237/1030)   Receiving objects:  24% (248/1030)   Receiving objects:  25% (258/1030)   Receiving objects:  26% (268/1030)   Receiving objects:  27% (279/1030)   Receiving objects:  28% (289/1030)   Receiving objects:  29% (299/1030)   Receiving objects:  30% (309/1030)   Receiving objects:  31% (320/1030)   Receiving objects:  32% (330/1030)   Receiving objects:  33% (340/1030)   Receiving objects:  34% (351/1030)   Receiving objects:  35% (361/1030)   Receiving objects:  36% (371/1030)   Receiving objects:  37% (382/1030)   Receiving objects:  38% (392/1030)   remote: Total 1030 (delta 492), reused 991 (delta 474), pack-reused 0[K
Receiving objects:  39% (402/1030)   Receiving objects:  40% (412/1030)   Receiving objects:  41% (423/1030)   Receiving objects:  42% (433/1030)   Receiving objects:  43% (443/1030)   Receiving objects:  44% (454/1030)   Receiving objects:  45% (464/1030)   Receiving objects:  46% (474/1030)   Receiving objects:  47% (485/1030)   Receiving objects:  48% (495/1030)   Receiving objects:  49% (505/1030)   Receiving objects:  50% (515/1030)   Receiving objects:  51% (526/1030)   Receiving objects:  52% (536/1030)   Receiving objects:  53% (546/1030)   Receiving objects:  54% (557/1030)   Receiving objects:  55% (567/1030)   Receiving objects:  56% (577/1030)   Receiving objects:  57% (588/1030)   Receiving objects:  58% (598/1030)   Receiving objects:  59% (608/1030)   Receiving objects:  60% (618/1030)   Receiving objects:  61% (629/1030)   Receiving objects:  62% (639/1030)   Receiving objects:  63% (649/1030)   Receiving objects:  64% (660/1030)   Receiving objects:  65% (670/1030)   Receiving objects:  66% (680/1030)   Receiving objects:  67% (691/1030)   Receiving objects:  68% (701/1030)   Receiving objects:  69% (711/1030)   Receiving objects:  70% (721/1030)   Receiving objects:  71% (732/1030)   Receiving objects:  72% (742/1030)   Receiving objects:  73% (752/1030)   Receiving objects:  74% (763/1030)   Receiving objects:  75% (773/1030)   Receiving objects:  76% (783/1030)   Receiving objects:  77% (794/1030)   Receiving objects:  78% (804/1030)   Receiving objects:  79% (814/1030)   Receiving objects:  80% (824/1030)   Receiving objects:  81% (835/1030)   Receiving objects:  82% (845/1030)   Receiving objects:  83% (855/1030)   Receiving objects:  84% (866/1030)   Receiving objects:  85% (876/1030)   Receiving objects:  86% (886/1030)   Receiving objects:  87% (897/1030)   Receiving objects:  88% (907/1030)   Receiving objects:  89% (917/1030)   Receiving objects:  90% (927/1030)   Receiving objects:  91% (938/1030)   Receiving objects:  92% (948/1030)   Receiving objects:  93% (958/1030)   Receiving objects:  94% (969/1030)   Receiving objects:  95% (979/1030)   Receiving objects:  96% (989/1030)   Receiving objects:  97% (1000/1030)   Receiving objects:  98% (1010/1030)   Receiving objects:  99% (1020/1030)   Receiving objects: 100% (1030/1030)   Receiving objects: 100% (1030/1030), 162.47 KiB | 0 bytes/s, done.
Resolving deltas:   0% (0/492)   Resolving deltas:   1% (6/492)   Resolving deltas:   2% (12/492)   Resolving deltas:   3% (17/492)   Resolving deltas:   4% (20/492)   Resolving deltas:   5% (25/492)   Resolving deltas:  12% (62/492)   Resolving deltas:  14% (73/492)   Resolving deltas:  15% (78/492)   Resolving deltas:  16% (79/492)   Resolving deltas:  17% (85/492)   Resolving deltas:  22% (110/492)   Resolving deltas:  23% (114/492)   Resolving deltas:  27% (133/492)   Resolving deltas:  28% (141/492)   Resolving deltas:  30% (150/492)   Resolving deltas:  32% (160/492)   Resolving deltas:  33% (164/492)   Resolving deltas:  41% (202/492)   Resolving deltas:  42% (207/492)   Resolving deltas:  43% (216/492)   Resolving deltas:  44% (218/492)   Resolving deltas:  45% (222/492)   Resolving deltas:  46% (230/492)   Resolving deltas:  47% (232/492)   Resolving deltas:  48% (237/492)   Resolving deltas:  49% (242/492)   Resolving deltas:  50% (246/492)   Resolving deltas:  51% (251/492)   Resolving deltas:  52% (257/492)   Resolving deltas:  54% (266/492)   Resolving deltas:  55% (271/492)   Resolving deltas:  56% (276/492)   Resolving deltas:  57% (281/492)   Resolving deltas:  58% (286/492)   Resolving deltas:  59% (292/492)   Resolving deltas:  60% (296/492)   Resolving deltas:  61% (301/492)   Resolving deltas:  62% (306/492)   Resolving deltas:  76% (374/492)   Resolving deltas:  77% (381/492)   Resolving deltas:  78% (387/492)   Resolving deltas:  79% (389/492)   Resolving deltas:  80% (394/492)   Resolving deltas:  81% (399/492)   Resolving deltas:  82% (404/492)   Resolving deltas:  83% (410/492)   Resolving deltas:  86% (425/492)   Resolving deltas:  87% (429/492)   Resolving deltas:  88% (433/492)   Resolving deltas:  90% (444/492)   Resolving deltas:  92% (453/492)   Resolving deltas:  94% (464/492)   Resolving deltas:  96% (476/492)   Resolving deltas:  97% (478/492)   Resolving deltas:  98% (484/492)   Resolving deltas:  99% (488/492)   Resolving deltas: 100% (492/492)   Resolving deltas: 100% (492/492), completed with 115 local objects.
From https://github.com/SonarSource/sonar-php
 * branch            refs/pull/121/merge -> FETCH_HEAD

travis_time:end:00ed1610:start=1474040395127737142,finish=1474040395514975880,duration=387238738[0K$ git checkout -qf FETCH_HEAD
travis_fold:end:git.checkout[0Ktravis_fold:start:git.submodule[0Ktravis_time:start:00c83a4b[0K$ git submodule update --init --recursive
Submodule 'its/sources' (https://github.com/SonarCommunity/php-test-sources.git) registered for path 'its/sources'
Cloning into 'its/sources'...
remote: Counting objects: 4341, done.[K
Receiving objects:   0% (1/4341)   Receiving objects:   1% (44/4341)   Receiving objects:   2% (87/4341)   Receiving objects:   3% (131/4341)   Receiving objects:   4% (174/4341)   Receiving objects:   5% (218/4341)   Receiving objects:   6% (261/4341)   Receiving objects:   7% (304/4341)   Receiving objects:   8% (348/4341)   Receiving objects:   9% (391/4341)   Receiving objects:  10% (435/4341)   Receiving objects:  11% (478/4341)   Receiving objects:  12% (521/4341)   Receiving objects:  13% (565/4341)   Receiving objects:  14% (608/4341)   Receiving objects:  15% (652/4341)   Receiving objects:  16% (695/4341)   Receiving objects:  17% (738/4341)   Receiving objects:  18% (782/4341)   Receiving objects:  19% (825/4341)   Receiving objects:  20% (869/4341)   Receiving objects:  21% (912/4341)   Receiving objects:  22% (956/4341)   Receiving objects:  23% (999/4341)   Receiving objects:  24% (1042/4341)   Receiving objects:  25% (1086/4341)   Receiving objects:  26% (1129/4341)   Receiving objects:  27% (1173/4341)   Receiving objects:  28% (1216/4341)   Receiving objects:  29% (1259/4341)   Receiving objects:  30% (1303/4341)   Receiving objects:  31% (1346/4341)   Receiving objects:  32% (1390/4341)   Receiving objects:  33% (1433/4341)   Receiving objects:  34% (1476/4341)   Receiving objects:  35% (1520/4341)   Receiving objects:  36% (1563/4341)   Receiving objects:  37% (1607/4341)   Receiving objects:  38% (1650/4341)   Receiving objects:  39% (1693/4341)   Receiving objects:  40% (1737/4341)   Receiving objects:  41% (1780/4341)   Receiving objects:  42% (1824/4341)   Receiving objects:  43% (1867/4341)   Receiving objects:  44% (1911/4341)   Receiving objects:  45% (1954/4341)   Receiving objects:  46% (1997/4341)   Receiving objects:  47% (2041/4341)   Receiving objects:  48% (2084/4341)   Receiving objects:  49% (2128/4341)   Receiving objects:  50% (2171/4341)   Receiving objects:  51% (2214/4341)   Receiving objects:  52% (2258/4341)   Receiving objects:  53% (2301/4341)   Receiving objects:  54% (2345/4341)   Receiving objects:  55% (2388/4341)   Receiving objects:  56% (2431/4341)   Receiving objects:  57% (2475/4341)   Receiving objects:  58% (2518/4341)   Receiving objects:  59% (2562/4341)   Receiving objects:  60% (2605/4341)   Receiving objects:  61% (2649/4341)   Receiving objects:  62% (2692/4341)   Receiving objects:  63% (2735/4341)   Receiving objects:  64% (2779/4341)   Receiving objects:  65% (2822/4341)   Receiving objects:  66% (2866/4341)   Receiving objects:  67% (2909/4341)   Receiving objects:  68% (2952/4341)   Receiving objects:  69% (2996/4341)   Receiving objects:  70% (3039/4341)   Receiving objects:  71% (3083/4341)   Receiving objects:  72% (3126/4341)   Receiving objects:  73% (3169/4341)   Receiving objects:  74% (3213/4341)   Receiving objects:  75% (3256/4341)   Receiving objects:  76% (3300/4341)   Receiving objects:  77% (3343/4341)   Receiving objects:  78% (3386/4341)   Receiving objects:  79% (3430/4341)   Receiving objects:  80% (3473/4341)   Receiving objects:  81% (3517/4341)   Receiving objects:  82% (3560/4341)   Receiving objects:  83% (3604/4341)   Receiving objects:  84% (3647/4341)   Receiving objects:  85% (3690/4341)   Receiving objects:  86% (3734/4341)   Receiving objects:  87% (3777/4341)   Receiving objects:  88% (3821/4341)   Receiving objects:  89% (3864/4341)   Receiving objects:  90% (3907/4341)   Receiving objects:  91% (3951/4341)   Receiving objects:  92% (3994/4341)   Receiving objects:  93% (4038/4341)   Receiving objects:  94% (4081/4341)   Receiving objects:  95% (4124/4341)   Receiving objects:  96% (4168/4341)   Receiving objects:  97% (4211/4341)   remote: Total 4341 (delta 0), reused 0 (delta 0), pack-reused 4341[K
Receiving objects:  98% (4255/4341)   Receiving objects:  99% (4298/4341)   Receiving objects: 100% (4341/4341)   Receiving objects: 100% (4341/4341), 3.26 MiB | 0 bytes/s, done.
Resolving deltas:   0% (0/1589)   Resolving deltas:   1% (16/1589)   Resolving deltas:   2% (33/1589)   Resolving deltas:   3% (49/1589)   Resolving deltas:   4% (64/1589)   Resolving deltas:   8% (142/1589)   Resolving deltas:   9% (144/1589)   Resolving deltas:  10% (169/1589)   Resolving deltas:  11% (176/1589)   Resolving deltas:  12% (205/1589)   Resolving deltas:  13% (210/1589)   Resolving deltas:  14% (228/1589)   Resolving deltas:  17% (281/1589)   Resolving deltas:  20% (318/1589)   Resolving deltas:  21% (345/1589)   Resolving deltas:  22% (350/1589)   Resolving deltas:  23% (367/1589)   Resolving deltas:  24% (382/1589)   Resolving deltas:  25% (398/1589)   Resolving deltas:  26% (414/1589)   Resolving deltas:  27% (430/1589)   Resolving deltas:  28% (446/1589)   Resolving deltas:  29% (461/1589)   Resolving deltas:  30% (478/1589)   Resolving deltas:  31% (494/1589)   Resolving deltas:  32% (512/1589)   Resolving deltas:  33% (525/1589)   Resolving deltas:  34% (545/1589)   Resolving deltas:  38% (604/1589)   Resolving deltas:  39% (620/1589)   Resolving deltas:  40% (643/1589)   Resolving deltas:  41% (657/1589)   Resolving deltas:  42% (679/1589)   Resolving deltas:  43% (684/1589)   Resolving deltas:  44% (701/1589)   Resolving deltas:  45% (718/1589)   Resolving deltas:  46% (737/1589)   Resolving deltas:  47% (752/1589)   Resolving deltas:  48% (765/1589)   Resolving deltas:  49% (784/1589)   Resolving deltas:  50% (795/1589)   Resolving deltas:  51% (814/1589)   Resolving deltas:  52% (828/1589)   Resolving deltas:  53% (843/1589)   Resolving deltas:  54% (859/1589)   Resolving deltas:  55% (877/1589)   Resolving deltas:  56% (897/1589)   Resolving deltas:  57% (911/1589)   Resolving deltas:  58% (923/1589)   Resolving deltas:  59% (939/1589)   Resolving deltas:  60% (962/1589)   Resolving deltas:  61% (970/1589)   Resolving deltas:  62% (987/1589)   Resolving deltas:  63% (1002/1589)   Resolving deltas:  64% (1017/1589)   Resolving deltas:  65% (1033/1589)   Resolving deltas:  66% (1052/1589)   Resolving deltas:  67% (1066/1589)   Resolving deltas:  68% (1084/1589)   Resolving deltas:  69% (1099/1589)   Resolving deltas:  70% (1113/1589)   Resolving deltas:  71% (1131/1589)   Resolving deltas:  72% (1147/1589)   Resolving deltas:  73% (1160/1589)   Resolving deltas:  74% (1176/1589)   Resolving deltas:  75% (1192/1589)   Resolving deltas:  76% (1209/1589)   Resolving deltas:  77% (1225/1589)   Resolving deltas:  78% (1240/1589)   Resolving deltas:  79% (1257/1589)   Resolving deltas:  80% (1272/1589)   Resolving deltas:  81% (1289/1589)   Resolving deltas:  82% (1305/1589)   Resolving deltas:  83% (1319/1589)   Resolving deltas:  84% (1335/1589)   Resolving deltas:  85% (1351/1589)   Resolving deltas:  86% (1369/1589)   Resolving deltas:  87% (1386/1589)   Resolving deltas:  88% (1399/1589)   Resolving deltas:  89% (1417/1589)   Resolving deltas:  90% (1431/1589)   Resolving deltas:  91% (1447/1589)   Resolving deltas:  92% (1462/1589)   Resolving deltas:  93% (1478/1589)   Resolving deltas:  94% (1494/1589)   Resolving deltas:  95% (1510/1589)   Resolving deltas:  96% (1527/1589)   Resolving deltas:  97% (1542/1589)   Resolving deltas:  98% (1567/1589)   Resolving deltas:  99% (1578/1589)   Resolving deltas: 100% (1589/1589)   Resolving deltas: 100% (1589/1589), done.
Checking connectivity... done.
Submodule path 'its/sources': checked out '4f1f094d3505e8ea70e70fa565e56ef45e2acfda'

travis_time:end:00c83a4b:start=1474040395590218328,finish=1474040396565061730,duration=974843402[0Ktravis_fold:end:git.submodule[0K
[33;1mThis job is running on container-based infrastructure, which does not allow use of 'sudo', setuid and setguid executables.[0m
[33;1mIf you require sudo, add 'sudo: required' to your .travis.yml[0m
[33;1mSee https://docs.travis-ci.com/user/workers/container-based-infrastructure/ for details.[0m

[33;1mSetting environment variables from repository settings[0m
$ export ARTIFACTORY_URL=[secure]
$ export ARTIFACTORY_DEPLOY_REPO=[secure]
$ export ARTIFACTORY_DEPLOY_USERNAME=[secure]
$ export ARTIFACTORY_DEPLOY_PASSWORD=[secure]
$ export GITHUB_TOKEN=[secure]
$ export SONAR_TOKEN=[secure]
$ export SONAR_HOST_URL=[secure]
$ export DEPLOY_PULL_REQUEST=true

[33;1mSetting environment variables from .travis.yml[0m
$ export TEST=ci

$ jdk_switcher use oraclejdk8
Switching to Oracle JDK8 (java-8-oracle), JAVA_HOME will be set to /usr/lib/jvm/java-8-oracle
travis_fold:start:cache.1[0KSetting up build cache
$ export CASHER_DIR=$HOME/.casher
travis_time:start:01886b60[0K$ Installing caching utilities

travis_time:end:01886b60:start=1474040399401980226,finish=1474040399448406692,duration=46426466[0Ktravis_time:start:0899e17c[0K
travis_time:end:0899e17c:start=1474040399452997751,finish=1474040399456056935,duration=3059184[0Ktravis_time:start:0c0ac800[0K[32;1mattempting to download cache archive[0m
[32;1mfetching PR.121/cache-linux-precise-aaf0f2a7697dc26eaa8f7fe2f6db204894f90918909ca69314e3747c529d7f1c--jdk-oraclejdk8.tgz[0m
[32;1mfound cache[0m

travis_time:end:0c0ac800:start=1474040399459654170,finish=1474040402497781937,duration=3038127767[0Ktravis_time:start:11b51cbe[0K
travis_time:end:11b51cbe:start=1474040402501690603,finish=1474040402505041163,duration=3350560[0Ktravis_time:start:292a2062[0K[32;1madding /home/travis/.m2/repository to cache[0m

travis_time:end:292a2062:start=1474040402509003573,finish=1474040405276045796,duration=2767042223[0Ktravis_fold:end:cache.1[0K$ java -Xmx32m -version
java version "1.8.0_31"
Java(TM) SE Runtime Environment (build 1.8.0_31-b13)
Java HotSpot(TM) 64-Bit Server VM (build 25.31-b07, mixed mode)
$ javac -J-Xmx32m -version
javac 1.8.0_31
travis_fold:start:install[0Ktravis_time:start:0bf20c56[0K$ true

travis_time:end:0bf20c56:start=1474040405761716598,finish=1474040405765084238,duration=3367640[0Ktravis_fold:end:install[0Ktravis_time:start:060f5e32[0K$ ./travis.sh
Copy public Maven settings
Setting .npmrc
======= Build and analyze pull request
Java HotSpot(TM) 64-Bit Server VM warning: ignoring option MaxPermSize=192m; support was removed in 8.0
Replacing version 2.9-SNAPSHOT with 2.9.0.1374
Java HotSpot(TM) 64-Bit Server VM warning: ignoring option MaxPermSize=192m; support was removed in 8.0
[INFO] Error stacktraces are turned on.
[INFO] Scanning for projects...
[INFO] ------------------------------------------------------------------------
[INFO] Reactor Build Order:
[INFO] 
[INFO] PHP
[INFO] PHP :: Frontend
[INFO] PHP :: Checks
[INFO] PHP :: Sonar Plugin
[INFO]                                                                         
[INFO] ------------------------------------------------------------------------
[INFO] Building PHP 2.9-SNAPSHOT
[INFO] ------------------------------------------------------------------------
[INFO] 
[INFO] --- versions-maven-plugin:2.2:set (default-cli) @ php ---
[INFO] Searching for local aggregator root...
[INFO] Local aggregation root: /home/travis/build/SonarSource/sonar-php
[INFO] Processing change of org.sonarsource.php:php:2.9-SNAPSHOT -> 2.9.0.1374
[INFO] Processing org.sonarsource.php:php
[INFO]     Updating project org.sonarsource.php:php
[INFO]         from version 2.9-SNAPSHOT to 2.9.0.1374
[INFO] 
[INFO] Processing org.sonarsource.php:php-checks
[INFO]     Updating parent org.sonarsource.php:php
[INFO]         from version 2.9-SNAPSHOT to 2.9.0.1374
[INFO] 
[INFO] Processing org.sonarsource.php:php-frontend
[INFO]     Updating parent org.sonarsource.php:php
[INFO]         from version 2.9-SNAPSHOT to 2.9.0.1374
[INFO] 
[INFO] Processing org.sonarsource.php:php-its
[INFO]     Updating parent org.sonarsource.php:php
[INFO]         from version 2.9-SNAPSHOT to 2.9.0.1374
[INFO] 
[INFO] Processing org.sonarsource.php:sonar-php-plugin
[INFO]     Updating parent org.sonarsource.php:php
[INFO]         from version 2.9-SNAPSHOT to 2.9.0.1374
[INFO] 
[INFO] Processing org.sonarsource.php:it-php-plugin
[INFO]     Updating parent org.sonarsource.php:php-its
[INFO]         from version 2.9-SNAPSHOT to 2.9.0.1374
[INFO] 
[INFO] Processing org.sonarsource.php:it-php-ruling
[INFO]     Updating parent org.sonarsource.php:php-its
[INFO]         from version 2.9-SNAPSHOT to 2.9.0.1374
[INFO] 
[INFO] Processing org.sonarsource.php:it-php-plugin-plugins
[INFO]     Updating parent org.sonarsource.php:it-php-plugin
[INFO]         from version 2.9-SNAPSHOT to 2.9.0.1374
[INFO] 
[INFO] Processing org.sonarsource.php:it-php-plugin-tests
[INFO]     Updating parent org.sonarsource.php:it-php-plugin
[INFO]         from version 2.9-SNAPSHOT to 2.9.0.1374
[INFO] 
[INFO] Processing org.sonarsource.php:php-custom-rules-plugin
[INFO]     Updating parent org.sonarsource.php:it-php-plugin-plugins
[INFO]         from version 2.9-SNAPSHOT to 2.9.0.1374
[INFO] 
[INFO] ------------------------------------------------------------------------
[INFO] Reactor Summary:
[INFO] 
[INFO] PHP ................................................ SUCCESS [  3.913 s]
[INFO] PHP :: Frontend .................................... SKIPPED
[INFO] PHP :: Checks ...................................... SKIPPED
[INFO] PHP :: Sonar Plugin ................................ SKIPPED
[INFO] ------------------------------------------------------------------------
[INFO] BUILD SUCCESS
[INFO] ------------------------------------------------------------------------
[INFO] Total time: 5.800 s
[INFO] Finished at: 2016-09-16T15:40:27+00:00
[INFO] Final Memory: 14M/491M
[INFO] ------------------------------------------------------------------------
======= with deploy
Java HotSpot(TM) 64-Bit Server VM warning: ignoring option MaxPermSize=192m; support was removed in 8.0
Apache Maven 3.2.5 (12a6b3acb947671f09b81f49094c53f426d8cea1; 2014-12-14T17:29:23+00:00)
Maven home: /usr/local/maven
Java version: 1.8.0_31, vendor: Oracle Corporation
Java home: /usr/lib/jvm/java-8-oracle/jre
Default locale: en_US, platform encoding: UTF-8
OS name: "linux", version: "3.13.0-40-generic", arch: "amd64", family: "unix"
[INFO] Error stacktraces are turned on.
[INFO] Scanning for projects...
[INFO] ------------------------------------------------------------------------
[INFO] Reactor Build Order:
[INFO] 
[INFO] PHP
[INFO] PHP :: Frontend
[INFO] PHP :: Checks
[INFO] PHP :: Sonar Plugin
[INFO] Downloading: [secure]/sonarsource/org/jacoco/jacoco-maven-plugin/maven-metadata.xml
[INFO] Downloaded: [secure]/sonarsource/org/jacoco/jacoco-maven-plugin/maven-metadata.xml (2 KB at 0.6 KB/sec)
[INFO] Downloading: [secure]/sonarsource/org/codehaus/mojo/sonar-maven-plugin/maven-metadata.xml
[INFO] Downloaded: [secure]/sonarsource/org/codehaus/mojo/sonar-maven-plugin/maven-metadata.xml (869 B at 3.9 KB/sec)
[INFO]                                                                         
[INFO] ------------------------------------------------------------------------
[INFO] Building PHP 2.9.0.1374
[INFO] ------------------------------------------------------------------------
[INFO] 
[INFO] --- jacoco-maven-plugin:0.7.7.201606060606:prepare-agent (default-cli) @ php ---
[INFO] argLine set to -javaagent:/home/travis/.m2/repository/org/jacoco/org.jacoco.agent/0.7.7.201606060606/org.jacoco.agent-0.7.7.201606060606-runtime.jar=destfile=/home/travis/build/SonarSource/sonar-php/target/jacoco.exec
[INFO] 
[INFO] --- buildnumber-maven-plugin:1.4:create (default) @ php ---
[INFO] Executing: /bin/sh -c cd '/home/travis/build/SonarSource/sonar-php' && 'git' 'rev-parse' '--verify' 'HEAD'
[INFO] Working directory: /home/travis/build/SonarSource/sonar-php
[INFO] Storing buildNumber: 1d06b7e219c781da6bd0a97eb9f89f638eba4319 at timestamp: 1474040439116
[WARNING] Cannot get the branch information from the git repository: 
Detecting the current branch failed: fatal: ref HEAD is not a symbolic ref

[INFO] Executing: /bin/sh -c cd '/home/travis/build/SonarSource/sonar-php' && 'git' 'rev-parse' '--verify' 'HEAD'
[INFO] Working directory: /home/travis/build/SonarSource/sonar-php
[INFO] Storing buildScmBranch: UNKNOWN
[INFO] 
[INFO] --- maven-enforcer-plugin:1.4.1:enforce (enforce) @ php ---
[INFO] 
[INFO] --- maven-enforcer-plugin:1.4.1:enforce (enforce-deploy-settings) @ php ---
[INFO] 
[INFO] --- license-maven-plugin:2.11:check (enforce-license-headers) @ php ---
[INFO] Checking licenses...
[INFO] 
[INFO] --- artifactory-maven-plugin:2.4.1:publish (build-info) @ php ---
[INFO] Merged properties file:/tmp/buildInfo6355252496672867442.properties created
[INFO] [buildinfo] Properties file found at '/tmp/buildInfo6355252496672867442.properties'
[INFO] Initializing Artifactory Build-Info Recording
[INFO] ------------------------------------------------------------------------
[INFO] Reactor Build Order:
[INFO] 
[INFO] PHP
[INFO] PHP :: Frontend
[INFO] PHP :: Checks
[INFO] PHP :: Sonar Plugin
[INFO]                                                                         
[INFO] ------------------------------------------------------------------------
[INFO] Building PHP 2.9.0.1374
[INFO] ------------------------------------------------------------------------
[INFO] 
[INFO] --- maven-source-plugin:2.4:jar-no-fork (attach-sources) @ php ---
[INFO] 
[INFO] --- maven-install-plugin:2.5.2:install (default-install) @ php ---
[INFO] Installing /home/travis/build/SonarSource/sonar-php/pom.xml to /home/travis/.m2/repository/org/sonarsource/php/php/2.9.0.1374/php-2.9.0.1374.pom
[INFO] 
[INFO] --- maven-deploy-plugin:2.8.2:deploy (default-deploy) @ php ---
[INFO] Skipping artifact deployment
[INFO]                                                                         
[INFO] ------------------------------------------------------------------------
[INFO] Building PHP :: Frontend 2.9.0.1374
[INFO] ------------------------------------------------------------------------
[INFO] Downloading: [secure]/sonarsource/org/assertj/assertj-core/maven-metadata.xml
[INFO] Downloaded: [secure]/sonarsource/org/assertj/assertj-core/maven-metadata.xml (2 KB at 2.7 KB/sec)
[INFO] 
[INFO] --- jacoco-maven-plugin:0.7.7.201606060606:prepare-agent (default-cli) @ php-frontend ---
[INFO] argLine set to -javaagent:/home/travis/.m2/repository/org/jacoco/org.jacoco.agent/0.7.7.201606060606/org.jacoco.agent-0.7.7.201606060606-runtime.jar=destfile=/home/travis/build/SonarSource/sonar-php/php-frontend/target/jacoco.exec
[INFO] 
[INFO] --- buildnumber-maven-plugin:1.4:create (default) @ php-frontend ---
[INFO] 
[INFO] --- maven-enforcer-plugin:1.4.1:enforce (enforce) @ php-frontend ---
[INFO] 
[INFO] --- maven-enforcer-plugin:1.4.1:enforce (enforce-deploy-settings) @ php-frontend ---
[INFO] 
[INFO] --- license-maven-plugin:2.11:check (enforce-license-headers) @ php-frontend ---
[INFO] Checking licenses...
[INFO] 
[INFO] --- artifactory-maven-plugin:2.4.1:publish (build-info) @ php-frontend ---
[INFO] 
[INFO] --- maven-resources-plugin:2.7:resources (default-resources) @ php-frontend ---
[INFO] Using 'UTF-8' encoding to copy filtered resources.
[INFO] skip non existing resourceDirectory /home/travis/build/SonarSource/sonar-php/php-frontend/src/main/resources
[INFO] 
[INFO] --- maven-compiler-plugin:3.5.1:compile (default-compile) @ php-frontend ---
[INFO] Changes detected - recompiling the module!
[INFO] Compiling 228 source files to /home/travis/build/SonarSource/sonar-php/php-frontend/target/classes
[INFO] /home/travis/build/SonarSource/sonar-php/php-frontend/src/main/java/org/sonar/php/tree/impl/lexical/InternalSyntaxToken.java: Some input files use unchecked or unsafe operations.
[INFO] /home/travis/build/SonarSource/sonar-php/php-frontend/src/main/java/org/sonar/php/tree/impl/lexical/InternalSyntaxToken.java: Recompile with -Xlint:unchecked for details.
[INFO] 
[INFO] --- maven-resources-plugin:2.7:testResources (default-testResources) @ php-frontend ---
[INFO] Using 'UTF-8' encoding to copy filtered resources.
[INFO] Copying 14 resources
[INFO] 
[INFO] --- maven-compiler-plugin:3.5.1:testCompile (default-testCompile) @ php-frontend ---
[INFO] Changes detected - recompiling the module!
[INFO] Compiling 204 source files to /home/travis/build/SonarSource/sonar-php/php-frontend/target/test-classes
[INFO] /home/travis/build/SonarSource/sonar-php/php-frontend/src/test/java/org/sonar/php/PHPAnalyzerTest.java: /home/travis/build/SonarSource/sonar-php/php-frontend/src/test/java/org/sonar/php/PHPAnalyzerTest.java uses or overrides a deprecated API.
[INFO] /home/travis/build/SonarSource/sonar-php/php-frontend/src/test/java/org/sonar/php/PHPAnalyzerTest.java: Recompile with -Xlint:deprecation for details.
[INFO] /home/travis/build/SonarSource/sonar-php/php-frontend/src/test/java/org/sonar/php/PHPTreeModelTest.java: Some input files use unchecked or unsafe operations.
[INFO] /home/travis/build/SonarSource/sonar-php/php-frontend/src/test/java/org/sonar/php/PHPTreeModelTest.java: Recompile with -Xlint:unchecked for details.
[INFO] 
[INFO] --- maven-surefire-plugin:2.18:test (default-test) @ php-frontend ---
[INFO] Surefire report directory: /home/travis/build/SonarSource/sonar-php/php-frontend/target/surefire-reports

-------------------------------------------------------
 T E S T S
-------------------------------------------------------
Running org.sonar.php.parser.expression.ObjectMemberAccessTest
Tests run: 1, Failures: 0, Errors: 0, Skipped: 0, Time elapsed: 2.142 sec - in org.sonar.php.parser.expression.ObjectMemberAccessTest
Running org.sonar.php.parser.statement.ThrowStatementTest
Tests run: 1, Failures: 0, Errors: 0, Skipped: 0, Time elapsed: 0.161 sec - in org.sonar.php.parser.statement.ThrowStatementTest
Running org.sonar.php.tree.impl.expression.LiteralTreeTest
Tests run: 6, Failures: 0, Errors: 0, Skipped: 0, Time elapsed: 0.378 sec - in org.sonar.php.tree.impl.expression.LiteralTreeTest
Running org.sonar.php.parser.statement.SwitchCaseClauseTest
Tests run: 1, Failures: 0, Errors: 0, Skipped: 0, Time elapsed: 0.156 sec - in org.sonar.php.parser.statement.SwitchCaseClauseTest
Running org.sonar.php.tree.impl.statement.YieldStatementTreeTest
Tests run: 1, Failures: 0, Errors: 0, Skipped: 0, Time elapsed: 0.056 sec - in org.sonar.php.tree.impl.statement.YieldStatementTreeTest
Running org.sonar.php.tree.impl.expression.CastExpressionTreeTest
Tests run: 1, Failures: 0, Errors: 0, Skipped: 0, Time elapsed: 0.012 sec - in org.sonar.php.tree.impl.expression.CastExpressionTreeTest
Running org.sonar.php.metrics.CommentLineVisitorTest
Tests run: 1, Failures: 0, Errors: 0, Skipped: 0, Time elapsed: 0.095 sec - in org.sonar.php.metrics.CommentLineVisitorTest
Running org.sonar.php.parser.statement.WhileStatementTest
Tests run: 1, Failures: 0, Errors: 0, Skipped: 0, Time elapsed: 0.056 sec - in org.sonar.php.parser.statement.WhileStatementTest
Running org.sonar.php.tree.impl.statement.InlineHTMLTreeTest
Tests run: 1, Failures: 0, Errors: 0, Skipped: 0, Time elapsed: 0.02 sec - in org.sonar.php.tree.impl.statement.InlineHTMLTreeTest
Running org.sonar.php.parser.statement.UseStatementTest
Tests run: 2, Failures: 0, Errors: 0, Skipped: 0, Time elapsed: 0.182 sec - in org.sonar.php.parser.statement.UseStatementTest
Running org.sonar.php.tree.impl.statement.BreakStatementTreeTest
Tests run: 2, Failures: 0, Errors: 0, Skipped: 0, Time elapsed: 0.046 sec - in org.sonar.php.tree.impl.statement.BreakStatementTreeTest
Running org.sonar.php.metrics.ComplexityVisitorTest
Tests run: 4, Failures: 0, Errors: 0, Skipped: 0, Time elapsed: 0.316 sec - in org.sonar.php.metrics.ComplexityVisitorTest
Running org.sonar.php.tree.impl.expression.YieldExpressionTreeTest
Tests run: 4, Failures: 0, Errors: 0, Skipped: 0, Time elapsed: 0.072 sec - in org.sonar.php.tree.impl.expression.YieldExpressionTreeTest
Running org.sonar.php.tree.impl.expression.BinaryExpressionTreeTest
Tests run: 15, Failures: 0, Errors: 0, Skipped: 0, Time elapsed: 0.4 sec - in org.sonar.php.tree.impl.expression.BinaryExpressionTreeTest
Running org.sonar.php.parser.expression.PrimaryExpressionTest
Tests run: 1, Failures: 0, Errors: 0, Skipped: 0, Time elapsed: 0.004 sec - in org.sonar.php.parser.expression.PrimaryExpressionTest
Running org.sonar.php.parser.expression.EncapsVarTest
Tests run: 1, Failures: 0, Errors: 0, Skipped: 0, Time elapsed: 0.01 sec - in org.sonar.php.parser.expression.EncapsVarTest
Running org.sonar.php.parser.declaration.ClassVariableDeclarationTest
Tests run: 1, Failures: 0, Errors: 0, Skipped: 0, Time elapsed: 0.002 sec - in org.sonar.php.parser.declaration.ClassVariableDeclarationTest
Running org.sonar.php.parser.declaration.TraitMethodReferenceFullyQualifiedTest
Tests run: 1, Failures: 0, Errors: 0, Skipped: 0, Time elapsed: 0.005 sec - in org.sonar.php.parser.declaration.TraitMethodReferenceFullyQualifiedTest
Running org.sonar.php.parser.statement.UnsetVariableStatementTest
Tests run: 1, Failures: 0, Errors: 0, Skipped: 0, Time elapsed: 0.006 sec - in org.sonar.php.parser.statement.UnsetVariableStatementTest
Running org.sonar.php.parser.statement.BreakStatementTest
Tests run: 1, Failures: 0, Errors: 0, Skipped: 0, Time elapsed: 0.005 sec - in org.sonar.php.parser.statement.BreakStatementTest
Running org.sonar.php.parser.expression.RelationalExpressionTest
Tests run: 1, Failures: 0, Errors: 0, Skipped: 0, Time elapsed: 0.008 sec - in org.sonar.php.parser.expression.RelationalExpressionTest
Running org.sonar.php.metrics.MetricsVisitorTest
Tests run: 1, Failures: 0, Errors: 0, Skipped: 0, Time elapsed: 0.973 sec - in org.sonar.php.metrics.MetricsVisitorTest
Running org.sonar.php.tree.impl.expression.ExpandableStringLiteralTreeTest
Tests run: 4, Failures: 0, Errors: 0, Skipped: 0, Time elapsed: 0.066 sec - in org.sonar.php.tree.impl.expression.ExpandableStringLiteralTreeTest
Running org.sonar.php.parser.expression.ExitExprTest
Tests run: 1, Failures: 0, Errors: 0, Skipped: 0, Time elapsed: 0.004 sec - in org.sonar.php.parser.expression.ExitExprTest
Running org.sonar.php.tree.impl.declaration.UseTraitDeclarationTreeTest
Tests run: 2, Failures: 0, Errors: 0, Skipped: 0, Time elapsed: 0.028 sec - in org.sonar.php.tree.impl.declaration.UseTraitDeclarationTreeTest
Running org.sonar.php.parser.expression.SemiComplexEncapsVariableTest
Tests run: 3, Failures: 0, Errors: 0, Skipped: 0, Time elapsed: 0.014 sec - in org.sonar.php.parser.expression.SemiComplexEncapsVariableTest
Running org.sonar.php.parser.declaration.ClassConstDeclarationTest
Tests run: 1, Failures: 0, Errors: 0, Skipped: 0, Time elapsed: 0.014 sec - in org.sonar.php.parser.declaration.ClassConstDeclarationTest
Running org.sonar.php.tree.impl.expression.LexicalVariablesTreeTest
Tests run: 2, Failures: 0, Errors: 0, Skipped: 0, Time elapsed: 0.02 sec - in org.sonar.php.tree.impl.expression.LexicalVariablesTreeTest
Running org.sonar.php.parser.expression.ArrayInitializerTest
Tests run: 1, Failures: 0, Errors: 0, Skipped: 0, Time elapsed: 0.005 sec - in org.sonar.php.parser.expression.ArrayInitializerTest
Running org.sonar.php.parser.statement.YieldStatementTest
Tests run: 1, Failures: 0, Errors: 0, Skipped: 0, Time elapsed: 0.005 sec - in org.sonar.php.parser.statement.YieldStatementTest
Running org.sonar.php.parser.expression.InternalFunctionTest
Tests run: 1, Failures: 0, Errors: 0, Skipped: 0, Time elapsed: 0.018 sec - in org.sonar.php.parser.expression.InternalFunctionTest
Running org.sonar.php.tree.impl.expression.PostfixExpressionTreeTest
Tests run: 2, Failures: 0, Errors: 0, Skipped: 0, Time elapsed: 0.027 sec - in org.sonar.php.tree.impl.expression.PostfixExpressionTreeTest
Running org.sonar.php.tree.impl.statement.ElseifClauseTreeTest
Tests run: 2, Failures: 0, Errors: 0, Skipped: 0, Time elapsed: 0.018 sec - in org.sonar.php.tree.impl.statement.ElseifClauseTreeTest
Running org.sonar.php.parser.expression.NewExpressionTest
Tests run: 1, Failures: 0, Errors: 0, Skipped: 0, Time elapsed: 0.016 sec - in org.sonar.php.parser.expression.NewExpressionTest
Running org.sonar.php.parser.expression.MemberExpressionTest
Tests run: 1, Failures: 0, Errors: 0, Skipped: 0, Time elapsed: 0.052 sec - in org.sonar.php.parser.expression.MemberExpressionTest
Running org.sonar.php.tree.impl.declaration.ParameterListTreeTest
Tests run: 2, Failures: 0, Errors: 0, Skipped: 0, Time elapsed: 0.043 sec - in org.sonar.php.tree.impl.declaration.ParameterListTreeTest
Running org.sonar.php.parser.expression.YieldExpressionTest
Tests run: 1, Failures: 0, Errors: 0, Skipped: 0, Time elapsed: 0.007 sec - in org.sonar.php.parser.expression.YieldExpressionTest
Running org.sonar.php.parser.declaration.TraitMethodReferenceTest
Tests run: 1, Failures: 0, Errors: 0, Skipped: 0, Time elapsed: 0.005 sec - in org.sonar.php.parser.declaration.TraitMethodReferenceTest
Running org.sonar.plugins.php.api.PHPCustomRulesDefinitionTest
Tests run: 1, Failures: 0, Errors: 0, Skipped: 0, Time elapsed: 0.348 sec - in org.sonar.plugins.php.api.PHPCustomRulesDefinitionTest
Running org.sonar.php.tree.impl.declaration.ClassDeclarationTreeTest
Tests run: 5, Failures: 0, Errors: 0, Skipped: 0, Time elapsed: 0.062 sec - in org.sonar.php.tree.impl.declaration.ClassDeclarationTreeTest
Running org.sonar.php.tree.impl.expression.ArrayPairTreeTest
Tests run: 2, Failures: 0, Errors: 0, Skipped: 0, Time elapsed: 0.02 sec - in org.sonar.php.tree.impl.expression.ArrayPairTreeTest
Running org.sonar.php.parser.declaration.MemberConstDeclarationTest
Tests run: 1, Failures: 0, Errors: 0, Skipped: 0, Time elapsed: 0.003 sec - in org.sonar.php.parser.declaration.MemberConstDeclarationTest
Running org.sonar.php.parser.lexical.InlineHtmlTest
Tests run: 2, Failures: 0, Errors: 0, Skipped: 0, Time elapsed: 0.006 sec - in org.sonar.php.parser.lexical.InlineHtmlTest
Running org.sonar.php.tree.impl.declaration.TraitAliasTreeTest
Tests run: 3, Failures: 0, Errors: 0, Skipped: 0, Time elapsed: 0.036 sec - in org.sonar.php.tree.impl.declaration.TraitAliasTreeTest
Running org.sonar.php.parser.declaration.TraitAliasTest
Tests run: 1, Failures: 0, Errors: 0, Skipped: 0, Time elapsed: 0.02 sec - in org.sonar.php.parser.declaration.TraitAliasTest
Running org.sonar.php.parser.statement.GlobalVarTest
Tests run: 1, Failures: 0, Errors: 0, Skipped: 0, Time elapsed: 0.004 sec - in org.sonar.php.parser.statement.GlobalVarTest
Running org.sonar.php.tree.visitors.PHPVisitorCheckTest
Tests run: 1, Failures: 0, Errors: 0, Skipped: 0, Time elapsed: 0.011 sec - in org.sonar.php.tree.visitors.PHPVisitorCheckTest
Running org.sonar.php.parser.expression.LexicalVarTest
Tests run: 1, Failures: 0, Errors: 0, Skipped: 0, Time elapsed: 0.004 sec - in org.sonar.php.parser.expression.LexicalVarTest
Running org.sonar.php.tree.impl.statement.EmptyStatementTreeTest
Tests run: 1, Failures: 0, Errors: 0, Skipped: 0, Time elapsed: 0.003 sec - in org.sonar.php.tree.impl.statement.EmptyStatementTreeTest
Running org.sonar.php.parser.expression.EqualityExpressionTest
Tests run: 1, Failures: 0, Errors: 0, Skipped: 0, Time elapsed: 0.008 sec - in org.sonar.php.parser.expression.EqualityExpressionTest
Running org.sonar.php.tree.symbols.UsagesTest
Tests run: 1, Failures: 0, Errors: 0, Skipped: 0, Time elapsed: 0.023 sec - in org.sonar.php.tree.symbols.UsagesTest
Running org.sonar.php.parser.expression.ListAssignmentExpressionTest
Tests run: 1, Failures: 0, Errors: 0, Skipped: 0, Time elapsed: 0.006 sec - in org.sonar.php.parser.expression.ListAssignmentExpressionTest
Running org.sonar.php.parser.expression.LexicalVarsTest
Tests run: 1, Failures: 0, Errors: 0, Skipped: 0, Time elapsed: 0.011 sec - in org.sonar.php.parser.expression.LexicalVarsTest
Running org.sonar.php.tree.impl.statement.GlobalStatementTreeTest
Tests run: 1, Failures: 0, Errors: 0, Skipped: 0, Time elapsed: 0.001 sec - in org.sonar.php.tree.impl.statement.GlobalStatementTreeTest
Running org.sonar.php.tree.impl.statement.DeclareStatementTreeTest
Tests run: 3, Failures: 0, Errors: 0, Skipped: 0, Time elapsed: 0.016 sec - in org.sonar.php.tree.impl.statement.DeclareStatementTreeTest
Running org.sonar.php.parser.statement.NamespaceStatementTest
Tests run: 1, Failures: 0, Errors: 0, Skipped: 0, Time elapsed: 0.001 sec - in org.sonar.php.parser.statement.NamespaceStatementTest
Running org.sonar.php.tree.impl.expression.AnonymousClassTreeTest
Tests run: 1, Failures: 0, Errors: 0, Skipped: 0, Time elapsed: 0.008 sec - in org.sonar.php.tree.impl.expression.AnonymousClassTreeTest
Running org.sonar.php.tree.impl.expression.ParenthesizedExpressionTreeTest
Tests run: 2, Failures: 0, Errors: 0, Skipped: 0, Time elapsed: 0.025 sec - in org.sonar.php.tree.impl.expression.ParenthesizedExpressionTreeTest
Running org.sonar.php.parser.declaration.TraitPrecedenceTest
Tests run: 1, Failures: 0, Errors: 0, Skipped: 0, Time elapsed: 0.014 sec - in org.sonar.php.parser.declaration.TraitPrecedenceTest
Running org.sonar.php.tree.impl.statement.TryStatementTreeTest
Tests run: 2, Failures: 0, Errors: 0, Skipped: 0, Time elapsed: 0.029 sec - in org.sonar.php.tree.impl.statement.TryStatementTreeTest
Running org.sonar.php.parser.expression.ShiftExpressionTest
Tests run: 1, Failures: 0, Errors: 0, Skipped: 0, Time elapsed: 0.022 sec - in org.sonar.php.parser.expression.ShiftExpressionTest
Running org.sonar.php.tree.impl.expression.VariableIdentifierTreeTest
Tests run: 1, Failures: 0, Errors: 0, Skipped: 0, Time elapsed: 0.035 sec - in org.sonar.php.tree.impl.expression.VariableIdentifierTreeTest
Running org.sonar.php.tree.impl.statement.ElseClauseTreeTest
Tests run: 2, Failures: 0, Errors: 0, Skipped: 0, Time elapsed: 0.007 sec - in org.sonar.php.tree.impl.statement.ElseClauseTreeTest
Running org.sonar.php.tree.impl.declaration.ConstantDeclarationTreeTest
Tests run: 1, Failures: 0, Errors: 0, Skipped: 0, Time elapsed: 0.006 sec - in org.sonar.php.tree.impl.declaration.ConstantDeclarationTreeTest
Running org.sonar.php.parser.declaration.MemberModifierTest
Tests run: 1, Failures: 0, Errors: 0, Skipped: 0, Time elapsed: 0.003 sec - in org.sonar.php.parser.declaration.MemberModifierTest
Running org.sonar.php.tree.impl.expression.ExpandableStringCharactersTreeTest
Tests run: 1, Failures: 0, Errors: 0, Skipped: 0, Time elapsed: 0.002 sec - in org.sonar.php.tree.impl.expression.ExpandableStringCharactersTreeTest
Running org.sonar.php.parser.lexical.EncapsStringLiteralTest
Tests run: 1, Failures: 0, Errors: 0, Skipped: 0, Time elapsed: 0.005 sec - in org.sonar.php.parser.lexical.EncapsStringLiteralTest
Running org.sonar.php.tree.symbols.SymbolTableImplTest
Tests run: 6, Failures: 0, Errors: 0, Skipped: 0, Time elapsed: 0.075 sec - in org.sonar.php.tree.symbols.SymbolTableImplTest
Running org.sonar.php.parser.expression.LogicalOrExpressionTest
Tests run: 1, Failures: 0, Errors: 0, Skipped: 0, Time elapsed: 0.006 sec - in org.sonar.php.parser.expression.LogicalOrExpressionTest
Running org.sonar.php.tree.impl.declaration.TraitMethodReferenceTreeTest
Tests run: 2, Failures: 0, Errors: 0, Skipped: 0, Time elapsed: 0.006 sec - in org.sonar.php.tree.impl.declaration.TraitMethodReferenceTreeTest
Running org.sonar.php.parser.expression.LogicalAndExpressionTest
Tests run: 1, Failures: 0, Errors: 0, Skipped: 0, Time elapsed: 0.004 sec - in org.sonar.php.parser.expression.LogicalAndExpressionTest
Running org.sonar.php.parser.expression.ConditionalExpressionTest
Tests run: 1, Failures: 0, Errors: 0, Skipped: 0, Time elapsed: 0.011 sec - in org.sonar.php.parser.expression.ConditionalExpressionTest
Running org.sonar.php.parser.statement.UseClauseTest
Tests run: 2, Failures: 0, Errors: 0, Skipped: 0, Time elapsed: 0.026 sec - in org.sonar.php.parser.statement.UseClauseTest
Running org.sonar.php.parser.expression.StaticScalarTest
Tests run: 1, Failures: 0, Errors: 0, Skipped: 0, Time elapsed: 0.003 sec - in org.sonar.php.parser.expression.StaticScalarTest
Running org.sonar.php.tree.impl.statement.SwitchStatementTreeTest
Tests run: 2, Failures: 0, Errors: 0, Skipped: 0, Time elapsed: 0.01 sec - in org.sonar.php.tree.impl.statement.SwitchStatementTreeTest
Running org.sonar.php.parser.expression.VariableWithoutObjectsTest
Tests run: 1, Failures: 0, Errors: 0, Skipped: 0, Time elapsed: 0.005 sec - in org.sonar.php.parser.expression.VariableWithoutObjectsTest
Running org.sonar.php.parser.statement.TryStatementTest
Tests run: 1, Failures: 0, Errors: 0, Skipped: 0, Time elapsed: 0.021 sec - in org.sonar.php.parser.statement.TryStatementTest
Running org.sonar.php.tree.impl.expression.ArrayInitializerFunctionTreeTest
Tests run: 3, Failures: 0, Errors: 0, Skipped: 0, Time elapsed: 0.016 sec - in org.sonar.php.tree.impl.expression.ArrayInitializerFunctionTreeTest
Running org.sonar.php.parser.KeywordTest
Tests run: 2, Failures: 0, Errors: 0, Skipped: 0, Time elapsed: 0.013 sec - in org.sonar.php.parser.KeywordTest
Running org.sonar.php.tree.impl.statement.WhileStatementTreeTest
Tests run: 2, Failures: 0, Errors: 0, Skipped: 0, Time elapsed: 0.008 sec - in org.sonar.php.tree.impl.statement.WhileStatementTreeTest
Running org.sonar.php.parser.declaration.ConstantDeclarationTest
Tests run: 1, Failures: 0, Errors: 0, Skipped: 0, Time elapsed: 0.006 sec - in org.sonar.php.parser.declaration.ConstantDeclarationTest
Running org.sonar.php.tree.impl.statement.IfStatementTreeTest
Tests run: 4, Failures: 0, Errors: 0, Skipped: 0, Time elapsed: 0.021 sec - in org.sonar.php.tree.impl.statement.IfStatementTreeTest
Running org.sonar.php.tree.impl.expression.ComputedVariableTreeTest
Tests run: 1, Failures: 0, Errors: 0, Skipped: 0, Time elapsed: 0.004 sec - in org.sonar.php.tree.impl.expression.ComputedVariableTreeTest
Running org.sonar.php.parser.expression.ComplexEncapsVariableTest
Tests run: 3, Failures: 0, Errors: 0, Skipped: 0, Time elapsed: 0.039 sec - in org.sonar.php.parser.expression.ComplexEncapsVariableTest
Running org.sonar.php.parser.expression.FunctionCallParameterListTest
Tests run: 1, Failures: 0, Errors: 0, Skipped: 0, Time elapsed: 0.011 sec - in org.sonar.php.parser.expression.FunctionCallParameterListTest
Running org.sonar.php.tree.impl.expression.CompoundVariableTreeTest
Tests run: 1, Failures: 0, Errors: 0, Skipped: 0, Time elapsed: 0.004 sec - in org.sonar.php.tree.impl.expression.CompoundVariableTreeTest
Running org.sonar.plugins.php.api.tests.PhpCheckTestUtilsTest
Tests run: 16, Failures: 0, Errors: 0, Skipped: 0, Time elapsed: 0.18 sec - in org.sonar.plugins.php.api.tests.PhpCheckTestUtilsTest
Running org.sonar.php.parser.expression.PostfixExprTest
Tests run: 1, Failures: 0, Errors: 0, Skipped: 0, Time elapsed: 0.002 sec - in org.sonar.php.parser.expression.PostfixExprTest
Running org.sonar.php.parser.expression.BitwiseAndExpressionTest
Tests run: 1, Failures: 0, Errors: 0, Skipped: 0, Time elapsed: 0.003 sec - in org.sonar.php.parser.expression.BitwiseAndExpressionTest
Running org.sonar.php.parser.expression.StaticMemberAccessTest
Tests run: 1, Failures: 0, Errors: 0, Skipped: 0, Time elapsed: 0.003 sec - in org.sonar.php.parser.expression.StaticMemberAccessTest
Running org.sonar.php.parser.statement.DoWhileStatementTest
Tests run: 1, Failures: 0, Errors: 0, Skipped: 0, Time elapsed: 0.003 sec - in org.sonar.php.parser.statement.DoWhileStatementTest
Running org.sonar.php.parser.declaration.TraitDeclarationTest
Tests run: 1, Failures: 0, Errors: 0, Skipped: 0, Time elapsed: 0.004 sec - in org.sonar.php.parser.declaration.TraitDeclarationTest
Running org.sonar.php.tree.impl.expression.MemberAccessTreeTest
Tests run: 2, Failures: 0, Errors: 0, Skipped: 0, Time elapsed: 0.006 sec - in org.sonar.php.tree.impl.expression.MemberAccessTreeTest
Running org.sonar.php.tree.impl.expression.ArrayInitializerBracketTreeTest
Tests run: 3, Failures: 0, Errors: 0, Skipped: 0, Time elapsed: 0.032 sec - in org.sonar.php.tree.impl.expression.ArrayInitializerBracketTreeTest
Running org.sonar.php.tree.impl.declaration.ClassPropertyDeclarationTreeTest
Tests run: 2, Failures: 0, Errors: 0, Skipped: 0, Time elapsed: 0.022 sec - in org.sonar.php.tree.impl.declaration.ClassPropertyDeclarationTreeTest
Running org.sonar.php.tree.impl.statement.GotoStatementTreeTest
Tests run: 1, Failures: 0, Errors: 0, Skipped: 0, Time elapsed: 0.003 sec - in org.sonar.php.tree.impl.statement.GotoStatementTreeTest
Running org.sonar.php.parser.declaration.VariableDeclarationTest
Tests run: 1, Failures: 0, Errors: 0, Skipped: 0, Time elapsed: 0.008 sec - in org.sonar.php.parser.declaration.VariableDeclarationTest
Running org.sonar.php.parser.expression.MultiplicativeExpressionTest
Tests run: 1, Failures: 0, Errors: 0, Skipped: 0, Time elapsed: 0.003 sec - in org.sonar.php.parser.expression.MultiplicativeExpressionTest
Running org.sonar.php.parser.statement.StaticVariableTest
Tests run: 1, Failures: 0, Errors: 0, Skipped: 0, Time elapsed: 0.009 sec - in org.sonar.php.parser.statement.StaticVariableTest
Running org.sonar.php.parser.statement.IfStatementTest
Tests run: 2, Failures: 0, Errors: 0, Skipped: 0, Time elapsed: 0.299 sec - in org.sonar.php.parser.statement.IfStatementTest
Running org.sonar.php.parser.expression.CommonScalarTest
Tests run: 1, Failures: 0, Errors: 0, Skipped: 0, Time elapsed: 0.003 sec - in org.sonar.php.parser.expression.CommonScalarTest
Running org.sonar.php.parser.expression.AdditiveExpressionTest
Tests run: 1, Failures: 0, Errors: 0, Skipped: 0, Time elapsed: 0.004 sec - in org.sonar.php.parser.expression.AdditiveExpressionTest
Running org.sonar.php.parser.statement.GlobalStatementTest
Tests run: 1, Failures: 0, Errors: 0, Skipped: 0, Time elapsed: 0.004 sec - in org.sonar.php.parser.statement.GlobalStatementTest
Running org.sonar.php.parser.expression.ArrayPairTest
Tests run: 1, Failures: 0, Errors: 0, Skipped: 0, Time elapsed: 0.003 sec - in org.sonar.php.parser.expression.ArrayPairTest
Running org.sonar.php.parser.statement.ContinueStatementTest
Tests run: 1, Failures: 0, Errors: 0, Skipped: 0, Time elapsed: 0.003 sec - in org.sonar.php.parser.statement.ContinueStatementTest
Running org.sonar.php.tree.impl.declaration.FunctionDeclarationTreeTest
Tests run: 3, Failures: 0, Errors: 0, Skipped: 0, Time elapsed: 0.009 sec - in org.sonar.php.tree.impl.declaration.FunctionDeclarationTreeTest
Running org.sonar.php.parser.expression.ExpandableStringLiteralTest
Tests run: 2, Failures: 0, Errors: 0, Skipped: 0, Time elapsed: 0.006 sec - in org.sonar.php.parser.expression.ExpandableStringLiteralTest
Running org.sonar.php.tree.impl.expression.NewExpressionTreeTest
Tests run: 1, Failures: 0, Errors: 0, Skipped: 0, Time elapsed: 0.003 sec - in org.sonar.php.tree.impl.expression.NewExpressionTreeTest
Running org.sonar.php.parser.expression.BooleanLiteralTest
Tests run: 1, Failures: 0, Errors: 0, Skipped: 0, Time elapsed: 0.002 sec - in org.sonar.php.parser.expression.BooleanLiteralTest
Running org.sonar.php.parser.expression.SimpleEncapsVariableTest
Tests run: 3, Failures: 0, Errors: 0, Skipped: 0, Time elapsed: 0.005 sec - in org.sonar.php.parser.expression.SimpleEncapsVariableTest
Running org.sonar.php.PHPAnalyzerTest
Tests run: 1, Failures: 0, Errors: 0, Skipped: 0, Time elapsed: 0.004 sec - in org.sonar.php.PHPAnalyzerTest
Running org.sonar.php.parser.declaration.ClassDeclarationTest
Tests run: 1, Failures: 0, Errors: 0, Skipped: 0, Time elapsed: 0.003 sec - in org.sonar.php.parser.declaration.ClassDeclarationTest
Running org.sonar.php.parser.lexical.RegularStringLiteralTest
Tests run: 2, Failures: 0, Errors: 0, Skipped: 0, Time elapsed: 0.004 sec - in org.sonar.php.parser.lexical.RegularStringLiteralTest
Running org.sonar.php.metrics.LineVisitorTest
Tests run: 3, Failures: 0, Errors: 0, Skipped: 0, Time elapsed: 0.014 sec - in org.sonar.php.metrics.LineVisitorTest
Running org.sonar.php.tree.impl.expression.ReferenceVariableTreeTest
Tests run: 1, Failures: 0, Errors: 0, Skipped: 0, Time elapsed: 0.004 sec - in org.sonar.php.tree.impl.expression.ReferenceVariableTreeTest
Running org.sonar.php.parser.lexical.VarIdentifierTest
Tests run: 1, Failures: 0, Errors: 0, Skipped: 0, Time elapsed: 0.002 sec - in org.sonar.php.parser.lexical.VarIdentifierTest
Running org.sonar.php.highlighter.SyntaxHighlighterVisitorTest
Tests run: 11, Failures: 0, Errors: 0, Skipped: 0, Time elapsed: 0.269 sec - in org.sonar.php.highlighter.SyntaxHighlighterVisitorTest
Running org.sonar.php.parser.statement.EchoStatementTest
Tests run: 1, Failures: 0, Errors: 0, Skipped: 0, Time elapsed: 0.004 sec - in org.sonar.php.parser.statement.EchoStatementTest
Running org.sonar.php.tree.impl.statement.StaticStatementTreeTest
Tests run: 1, Failures: 0, Errors: 0, Skipped: 0, Time elapsed: 0.003 sec - in org.sonar.php.tree.impl.statement.StaticStatementTreeTest
Running org.sonar.php.parser.expression.ConcatenationExpressionTest
Tests run: 1, Failures: 0, Errors: 0, Skipped: 0, Time elapsed: 0.015 sec - in org.sonar.php.parser.expression.ConcatenationExpressionTest
Running org.sonar.php.parser.declaration.ParameterTest
Tests run: 1, Failures: 0, Errors: 0, Skipped: 0, Time elapsed: 0.003 sec - in org.sonar.php.parser.declaration.ParameterTest
Running org.sonar.php.parser.statement.SwitchStatementTest
Tests run: 1, Failures: 0, Errors: 0, Skipped: 0, Time elapsed: 0.004 sec - in org.sonar.php.parser.statement.SwitchStatementTest
Running org.sonar.php.parser.expression.FunctionExpressionTest
Tests run: 1, Failures: 0, Errors: 0, Skipped: 0, Time elapsed: 0.004 sec - in org.sonar.php.parser.expression.FunctionExpressionTest
Running org.sonar.php.tree.symbols.ClassMemberUsagesTest
Tests run: 8, Failures: 0, Errors: 0, Skipped: 0, Time elapsed: 0.735 sec - in org.sonar.php.tree.symbols.ClassMemberUsagesTest
Running org.sonar.php.tree.impl.declaration.UseDeclarationTreeTest
Tests run: 2, Failures: 0, Errors: 0, Skipped: 0, Time elapsed: 0.006 sec - in org.sonar.php.tree.impl.declaration.UseDeclarationTreeTest
Running org.sonar.php.tree.impl.declaration.MethodDeclarationTreeTest
Tests run: 2, Failures: 0, Errors: 0, Skipped: 0, Time elapsed: 0.008 sec - in org.sonar.php.tree.impl.declaration.MethodDeclarationTreeTest
Running org.sonar.php.parser.expression.AnonymousClassTest
Tests run: 1, Failures: 0, Errors: 0, Skipped: 0, Time elapsed: 0.005 sec - in org.sonar.php.parser.expression.AnonymousClassTest
Running org.sonar.php.tree.impl.expression.ListExpressionTreeTest
Tests run: 4, Failures: 0, Errors: 0, Skipped: 0, Time elapsed: 0.013 sec - in org.sonar.php.tree.impl.expression.ListExpressionTreeTest
Running org.sonar.php.parser.statement.ForStatementTest
Tests run: 1, Failures: 0, Errors: 0, Skipped: 0, Time elapsed: 0.005 sec - in org.sonar.php.parser.statement.ForStatementTest
Running org.sonar.php.parser.expression.NamespaceNameTest
Tests run: 1, Failures: 0, Errors: 0, Skipped: 0, Time elapsed: 0.004 sec - in org.sonar.php.parser.expression.NamespaceNameTest
Running org.sonar.php.parser.lexical.HeredocTest
Tests run: 1, Failures: 0, Errors: 0, Skipped: 0, Time elapsed: 0.004 sec - in org.sonar.php.parser.lexical.HeredocTest
Running org.sonar.php.parser.expression.BitwiseOrExpressionTest
Tests run: 1, Failures: 0, Errors: 0, Skipped: 0, Time elapsed: 0.004 sec - in org.sonar.php.parser.expression.BitwiseOrExpressionTest
Running org.sonar.php.metrics.CounterVisitorTest
Tests run: 3, Failures: 0, Errors: 0, Skipped: 0, Time elapsed: 0.031 sec - in org.sonar.php.metrics.CounterVisitorTest
Running org.sonar.php.parser.expression.ListExpressionTest
Tests run: 1, Failures: 0, Errors: 0, Skipped: 0, Time elapsed: 0.004 sec - in org.sonar.php.parser.expression.ListExpressionTest
Running org.sonar.php.tree.impl.statement.LabelTreeTest
Tests run: 1, Failures: 0, Errors: 0, Skipped: 0, Time elapsed: 0.004 sec - in org.sonar.php.tree.impl.statement.LabelTreeTest
Running org.sonar.php.parser.expression.CompoundVariableTest
Tests run: 1, Failures: 0, Errors: 0, Skipped: 0, Time elapsed: 0.003 sec - in org.sonar.php.parser.expression.CompoundVariableTest
Running org.sonar.php.parser.expression.UnaryExprTest
Tests run: 1, Failures: 0, Errors: 0, Skipped: 0, Time elapsed: 0.016 sec - in org.sonar.php.parser.expression.UnaryExprTest
Running org.sonar.php.parser.expression.DimensionalOffsetTest
Tests run: 1, Failures: 0, Errors: 0, Skipped: 0, Time elapsed: 0.004 sec - in org.sonar.php.parser.expression.DimensionalOffsetTest
Running org.sonar.php.tree.impl.statement.CatchBlockTreeTest
Tests run: 1, Failures: 0, Errors: 0, Skipped: 0, Time elapsed: 0.004 sec - in org.sonar.php.tree.impl.statement.CatchBlockTreeTest
Running org.sonar.php.parser.statement.ReturnStatementTest
Tests run: 1, Failures: 0, Errors: 0, Skipped: 0, Time elapsed: 0.004 sec - in org.sonar.php.parser.statement.ReturnStatementTest
Running org.sonar.php.tree.impl.expression.FunctionCallTreeTest
Tests run: 2, Failures: 0, Errors: 0, Skipped: 0, Time elapsed: 0.009 sec - in org.sonar.php.tree.impl.expression.FunctionCallTreeTest
Running org.sonar.php.parser.declaration.ClassMemberTest
Tests run: 1, Failures: 0, Errors: 0, Skipped: 0, Time elapsed: 0.004 sec - in org.sonar.php.parser.declaration.ClassMemberTest
Running org.sonar.php.tree.impl.statement.SwitchClauseTreeTest
Tests run: 2, Failures: 0, Errors: 0, Skipped: 0, Time elapsed: 0.008 sec - in org.sonar.php.tree.impl.statement.SwitchClauseTreeTest
Running org.sonar.php.parser.expression.ObjectDimListTest
Tests run: 1, Failures: 0, Errors: 0, Skipped: 0, Time elapsed: 0.003 sec - in org.sonar.php.parser.expression.ObjectDimListTest
Running org.sonar.php.parser.expression.BitwiseXorExpressionTest
Tests run: 1, Failures: 0, Errors: 0, Skipped: 0, Time elapsed: 0.003 sec - in org.sonar.php.parser.expression.BitwiseXorExpressionTest
Running org.sonar.php.tree.impl.statement.BlockTreeTest
Tests run: 2, Failures: 0, Errors: 0, Skipped: 0, Time elapsed: 0.007 sec - in org.sonar.php.tree.impl.statement.BlockTreeTest
Running org.sonar.php.tree.impl.ScriptTreeTest
Tests run: 3, Failures: 0, Errors: 0, Skipped: 0, Time elapsed: 0.011 sec - in org.sonar.php.tree.impl.ScriptTreeTest
Running org.sonar.php.parser.statement.EOSTest
Tests run: 1, Failures: 0, Errors: 0, Skipped: 0, Time elapsed: 0.003 sec - in org.sonar.php.parser.statement.EOSTest
Running org.sonar.php.tree.impl.expression.SpreadArgumentTreeTest
Tests run: 1, Failures: 0, Errors: 0, Skipped: 0, Time elapsed: 0.002 sec - in org.sonar.php.tree.impl.expression.SpreadArgumentTreeTest
Running org.sonar.php.tree.impl.declaration.NamespaceNameTreeTest
Tests run: 4, Failures: 0, Errors: 0, Skipped: 0, Time elapsed: 0.011 sec - in org.sonar.php.tree.impl.declaration.NamespaceNameTreeTest
Running org.sonar.php.parser.declaration.UseTraitDeclarationTest
Tests run: 1, Failures: 0, Errors: 0, Skipped: 0, Time elapsed: 0.004 sec - in org.sonar.php.parser.declaration.UseTraitDeclarationTest
Running org.sonar.php.tree.impl.declaration.UseStatementTreeTest
Tests run: 5, Failures: 0, Errors: 0, Skipped: 0, Time elapsed: 0.015 sec - in org.sonar.php.tree.impl.declaration.UseStatementTreeTest
Running org.sonar.php.tree.impl.expression.PrefixExpressionTreeTest
Tests run: 7, Failures: 0, Errors: 0, Skipped: 0, Time elapsed: 0.025 sec - in org.sonar.php.tree.impl.expression.PrefixExpressionTreeTest
Running org.sonar.php.parser.expression.AssignmentExpressionTest
Tests run: 1, Failures: 0, Errors: 0, Skipped: 0, Time elapsed: 0.006 sec - in org.sonar.php.parser.expression.AssignmentExpressionTest
Running org.sonar.php.parser.declaration.FunctionDeclarationTest
Tests run: 1, Failures: 0, Errors: 0, Skipped: 0, Time elapsed: 0.003 sec - in org.sonar.php.parser.declaration.FunctionDeclarationTest
Running org.sonar.php.parser.ScriptTest
Tests run: 1, Failures: 0, Errors: 0, Skipped: 0, Time elapsed: 0.003 sec - in org.sonar.php.parser.ScriptTest
Running org.sonar.php.parser.declaration.ParameterListTest
Tests run: 1, Failures: 0, Errors: 0, Skipped: 0, Time elapsed: 0.003 sec - in org.sonar.php.parser.declaration.ParameterListTest
Running org.sonar.php.tree.impl.statement.ForEachStatementTreeTest
Tests run: 3, Failures: 0, Errors: 0, Skipped: 0, Time elapsed: 0.009 sec - in org.sonar.php.tree.impl.statement.ForEachStatementTreeTest
Running org.sonar.php.tree.impl.expression.ArrayAccessTreeTest
Tests run: 2, Failures: 0, Errors: 0, Skipped: 0, Time elapsed: 0.003 sec - in org.sonar.php.tree.impl.expression.ArrayAccessTreeTest
Running org.sonar.php.parser.statement.LabelTest
Tests run: 1, Failures: 0, Errors: 0, Skipped: 0, Time elapsed: 0.002 sec - in org.sonar.php.parser.statement.LabelTest
Running org.sonar.php.tree.visitors.PHPIssueTest
Tests run: 4, Failures: 0, Errors: 0, Skipped: 0, Time elapsed: 0.002 sec - in org.sonar.php.tree.visitors.PHPIssueTest
Running org.sonar.php.tree.impl.statement.ContinueStatementTreeTest
Tests run: 2, Failures: 0, Errors: 0, Skipped: 0, Time elapsed: 0.018 sec - in org.sonar.php.tree.impl.statement.ContinueStatementTreeTest
Running org.sonar.php.tree.impl.expression.AssignmentExpressionTreeTest
Tests run: 2, Failures: 0, Errors: 0, Skipped: 0, Time elapsed: 0.007 sec - in org.sonar.php.tree.impl.expression.AssignmentExpressionTreeTest
Running org.sonar.php.highlighter.SymbolHighlighterTest
Tests run: 5, Failures: 0, Errors: 0, Skipped: 0, Time elapsed: 0.039 sec - in org.sonar.php.highlighter.SymbolHighlighterTest
Running org.sonar.php.tree.impl.expression.ConditionalExpressionTreeTest
Tests run: 2, Failures: 0, Errors: 0, Skipped: 0, Time elapsed: 0.006 sec - in org.sonar.php.tree.impl.expression.ConditionalExpressionTreeTest
Running org.sonar.php.parser.declaration.TypeNameTest
Tests run: 1, Failures: 0, Errors: 0, Skipped: 0, Time elapsed: 0.003 sec - in org.sonar.php.parser.declaration.TypeNameTest
Running org.sonar.php.parser.lexical.IdentifierTest
Tests run: 1, Failures: 0, Errors: 0, Skipped: 0, Time elapsed: 0.002 sec - in org.sonar.php.parser.lexical.IdentifierTest
Running org.sonar.php.tree.impl.declaration.TraitPrecedenceTreeTest
Tests run: 1, Failures: 0, Errors: 0, Skipped: 0, Time elapsed: 0.003 sec - in org.sonar.php.tree.impl.declaration.TraitPrecedenceTreeTest
Running org.sonar.php.parser.statement.ForeachStatementTest
Tests run: 1, Failures: 0, Errors: 0, Skipped: 0, Time elapsed: 0.007 sec - in org.sonar.php.parser.statement.ForeachStatementTest
Running org.sonar.php.tree.symbols.ScopeTest
Tests run: 8, Failures: 0, Errors: 0, Skipped: 0, Time elapsed: 0.067 sec - in org.sonar.php.tree.symbols.ScopeTest
Running org.sonar.php.parser.declaration.MethodDeclarationTest
Tests run: 2, Failures: 0, Errors: 0, Skipped: 0, Time elapsed: 0.009 sec - in org.sonar.php.parser.declaration.MethodDeclarationTest
Running org.sonar.php.tree.impl.statement.ExpressionStatementTreeTest
Tests run: 1, Failures: 0, Errors: 0, Skipped: 0, Time elapsed: 0.003 sec - in org.sonar.php.tree.impl.statement.ExpressionStatementTreeTest
Running org.sonar.php.tree.impl.statement.DoWhileStatementTreeTest
Tests run: 1, Failures: 0, Errors: 0, Skipped: 0, Time elapsed: 0.003 sec - in org.sonar.php.tree.impl.statement.DoWhileStatementTreeTest
Running org.sonar.php.parser.statement.DeclareStatementTest
Tests run: 1, Failures: 0, Errors: 0, Skipped: 0, Time elapsed: 0.003 sec - in org.sonar.php.parser.statement.DeclareStatementTest
Running org.sonar.php.tree.impl.statement.NamespaceStatementTreeTest
Tests run: 2, Failures: 0, Errors: 0, Skipped: 0, Time elapsed: 0.007 sec - in org.sonar.php.tree.impl.statement.NamespaceStatementTreeTest
Running org.sonar.php.tree.impl.declaration.ParameterTreeTest
Tests run: 2, Failures: 0, Errors: 0, Skipped: 0, Time elapsed: 0.007 sec - in org.sonar.php.tree.impl.declaration.ParameterTreeTest
Running org.sonar.php.tree.impl.statement.ThrowStatementTreeTest
Tests run: 1, Failures: 0, Errors: 0, Skipped: 0, Time elapsed: 0.003 sec - in org.sonar.php.tree.impl.statement.ThrowStatementTreeTest
Running org.sonar.php.parser.CompilationUnitTest
Tests run: 1, Failures: 0, Errors: 0, Skipped: 0, Time elapsed: 0.004 sec - in org.sonar.php.parser.CompilationUnitTest
Running org.sonar.php.tree.impl.statement.UnsetVariableStatementTreeTest
Tests run: 1, Failures: 0, Errors: 0, Skipped: 0, Time elapsed: 0.004 sec - in org.sonar.php.tree.impl.statement.UnsetVariableStatementTreeTest
Running org.sonar.php.parser.declaration.InterfaceDeclarationTest
Tests run: 1, Failures: 0, Errors: 0, Skipped: 0, Time elapsed: 0.003 sec - in org.sonar.php.parser.declaration.InterfaceDeclarationTest
Running org.sonar.php.tree.impl.declaration.TypeNameTreeTest
Tests run: 4, Failures: 0, Errors: 0, Skipped: 0, Time elapsed: 0.009 sec - in org.sonar.php.tree.impl.declaration.TypeNameTreeTest
Running org.sonar.php.parser.statement.StaticStatementTest
Tests run: 1, Failures: 0, Errors: 0, Skipped: 0, Time elapsed: 0.005 sec - in org.sonar.php.parser.statement.StaticStatementTest
Running org.sonar.php.parser.expression.NullCoalescingExpressionTest
Tests run: 1, Failures: 0, Errors: 0, Skipped: 0, Time elapsed: 0.004 sec - in org.sonar.php.parser.expression.NullCoalescingExpressionTest
Running org.sonar.php.parser.statement.BlockTest
Tests run: 1, Failures: 0, Errors: 0, Skipped: 0, Time elapsed: 0.004 sec - in org.sonar.php.parser.statement.BlockTest
Running org.sonar.php.tree.impl.lexical.InternalSyntaxTokenTest
Tests run: 2, Failures: 0, Errors: 0, Skipped: 0, Time elapsed: 0.005 sec - in org.sonar.php.tree.impl.lexical.InternalSyntaxTokenTest
Running org.sonar.php.tree.impl.statement.ForStatementTreeTest
Tests run: 2, Failures: 0, Errors: 0, Skipped: 0, Time elapsed: 0.007 sec - in org.sonar.php.tree.impl.statement.ForStatementTreeTest
Running org.sonar.php.tree.impl.expression.FunctionExpressionTreeTest
Tests run: 5, Failures: 0, Errors: 0, Skipped: 0, Time elapsed: 0.016 sec - in org.sonar.php.tree.impl.expression.FunctionExpressionTreeTest
Running org.sonar.php.tree.visitors.PHPSubscriptionCheckTest
Tests run: 1, Failures: 0, Errors: 0, Skipped: 0, Time elapsed: 0.007 sec - in org.sonar.php.tree.visitors.PHPSubscriptionCheckTest
Running org.sonar.php.parser.statement.StatementTest
Tests run: 3, Failures: 0, Errors: 0, Skipped: 0, Time elapsed: 0.012 sec - in org.sonar.php.parser.statement.StatementTest
Running org.sonar.php.parser.lexical.FileOpeningTagTest
Tests run: 1, Failures: 0, Errors: 0, Skipped: 0, Time elapsed: 0.003 sec - in org.sonar.php.parser.lexical.FileOpeningTagTest
Running org.sonar.php.parser.expression.LogicalXorExpressionTest
Tests run: 1, Failures: 0, Errors: 0, Skipped: 0, Time elapsed: 0.004 sec - in org.sonar.php.parser.expression.LogicalXorExpressionTest
Running org.sonar.php.parser.statement.EmptyStatementTest
Tests run: 1, Failures: 0, Errors: 0, Skipped: 0, Time elapsed: 0.003 sec - in org.sonar.php.parser.statement.EmptyStatementTest
Running org.sonar.php.tree.impl.statement.ReturnStatementTreeTest
Tests run: 2, Failures: 0, Errors: 0, Skipped: 0, Time elapsed: 0.008 sec - in org.sonar.php.tree.impl.statement.ReturnStatementTreeTest
Running org.sonar.php.parser.lexical.NumericLiteralTest
Tests run: 1, Failures: 0, Errors: 0, Skipped: 0, Time elapsed: 0.002 sec - in org.sonar.php.parser.lexical.NumericLiteralTest
Running org.sonar.php.tree.impl.expression.VariableVariableTreeTest
Tests run: 2, Failures: 0, Errors: 0, Skipped: 0, Time elapsed: 0.014 sec - in org.sonar.php.tree.impl.expression.VariableVariableTreeTest
Running org.sonar.php.parser.statement.GotoStatementTest
Tests run: 1, Failures: 0, Errors: 0, Skipped: 0, Time elapsed: 0.001 sec - in org.sonar.php.parser.statement.GotoStatementTest

Results :




Tests run: 369, Failures: 0, Errors: 0, Skipped: 0

[INFO] 
[INFO] --- maven-jar-plugin:2.6:jar (default-jar) @ php-frontend ---
[INFO] Building jar: /home/travis/build/SonarSource/sonar-php/php-frontend/target/php-frontend-2.9.0.1374.jar
[INFO] 
[INFO] --- maven-jar-plugin:2.6:test-jar (default) @ php-frontend ---
[INFO] Building jar: /home/travis/build/SonarSource/sonar-php/php-frontend/target/php-frontend-2.9.0.1374-tests.jar
[INFO] 
[INFO] --- maven-source-plugin:2.4:jar-no-fork (attach-sources) @ php-frontend ---
[INFO] Building jar: /home/travis/build/SonarSource/sonar-php/php-frontend/target/php-frontend-2.9.0.1374-sources.jar
[INFO] 
[INFO] --- maven-install-plugin:2.5.2:install (default-install) @ php-frontend ---
[INFO] Installing /home/travis/build/SonarSource/sonar-php/php-frontend/target/php-frontend-2.9.0.1374.jar to /home/travis/.m2/repository/org/sonarsource/php/php-frontend/2.9.0.1374/php-frontend-2.9.0.1374.jar
[INFO] Installing /home/travis/build/SonarSource/sonar-php/php-frontend/pom.xml to /home/travis/.m2/repository/org/sonarsource/php/php-frontend/2.9.0.1374/php-frontend-2.9.0.1374.pom
[INFO] Installing /home/travis/build/SonarSource/sonar-php/php-frontend/target/php-frontend-2.9.0.1374-tests.jar to /home/travis/.m2/repository/org/sonarsource/php/php-frontend/2.9.0.1374/php-frontend-2.9.0.1374-tests.jar
[INFO] Installing /home/travis/build/SonarSource/sonar-php/php-frontend/target/php-frontend-2.9.0.1374-sources.jar to /home/travis/.m2/repository/org/sonarsource/php/php-frontend/2.9.0.1374/php-frontend-2.9.0.1374-sources.jar
[INFO] 
[INFO] --- maven-deploy-plugin:2.8.2:deploy (default-deploy) @ php-frontend ---
[INFO] Skipping artifact deployment
[INFO]                                                                         
[INFO] ------------------------------------------------------------------------
[INFO] Building PHP :: Checks 2.9.0.1374
[INFO] ------------------------------------------------------------------------
[INFO] 
[INFO] --- jacoco-maven-plugin:0.7.7.201606060606:prepare-agent (default-cli) @ php-checks ---
[INFO] argLine set to -javaagent:/home/travis/.m2/repository/org/jacoco/org.jacoco.agent/0.7.7.201606060606/org.jacoco.agent-0.7.7.201606060606-runtime.jar=destfile=/home/travis/build/SonarSource/sonar-php/php-checks/target/jacoco.exec
[INFO] 
[INFO] --- buildnumber-maven-plugin:1.4:create (default) @ php-checks ---
[INFO] 
[INFO] --- maven-enforcer-plugin:1.4.1:enforce (enforce) @ php-checks ---
[INFO] 
[INFO] --- maven-enforcer-plugin:1.4.1:enforce (enforce-deploy-settings) @ php-checks ---
[INFO] 
[INFO] --- license-maven-plugin:2.11:check (enforce-license-headers) @ php-checks ---
[INFO] Checking licenses...
[INFO] 
[INFO] --- artifactory-maven-plugin:2.4.1:publish (build-info) @ php-checks ---
[INFO] 
[INFO] --- maven-resources-plugin:2.7:resources (default-resources) @ php-checks ---
[INFO] Using 'UTF-8' encoding to copy filtered resources.
[INFO] Copying 112 resources
[INFO] 
[INFO] --- maven-compiler-plugin:3.5.1:compile (default-compile) @ php-checks ---
[INFO] Changes detected - recompiling the module!
[INFO] Compiling 131 source files to /home/travis/build/SonarSource/sonar-php/php-checks/target/classes
[INFO] /home/travis/build/SonarSource/sonar-php/php-checks/src/main/java/org/sonar/php/checks/formatting/IndentationCheck.java: /home/travis/build/SonarSource/sonar-php/php-checks/src/main/java/org/sonar/php/checks/formatting/IndentationCheck.java uses unchecked or unsafe operations.
[INFO] /home/travis/build/SonarSource/sonar-php/php-checks/src/main/java/org/sonar/php/checks/formatting/IndentationCheck.java: Recompile with -Xlint:unchecked for details.
[INFO] 
[INFO] --- maven-resources-plugin:2.7:testResources (default-testResources) @ php-checks ---
[INFO] Using 'UTF-8' encoding to copy filtered resources.
[INFO] Copying 149 resources
[INFO] 
[INFO] --- maven-compiler-plugin:3.5.1:testCompile (default-testCompile) @ php-checks ---
[INFO] Changes detected - recompiling the module!
[INFO] Compiling 121 source files to /home/travis/build/SonarSource/sonar-php/php-checks/target/test-classes
[INFO] 
[INFO] --- maven-surefire-plugin:2.18:test (default-test) @ php-checks ---
[INFO] Surefire report directory: /home/travis/build/SonarSource/sonar-php/php-checks/target/surefire-reports

-------------------------------------------------------
 T E S T S
-------------------------------------------------------
Running org.sonar.php.checks.TrailingCommentCheckTest
Tests run: 2, Failures: 0, Errors: 0, Skipped: 0, Time elapsed: 2.507 sec - in org.sonar.php.checks.TrailingCommentCheckTest
Running org.sonar.php.checks.NestedControlFlowDepthCheckTest
Tests run: 2, Failures: 0, Errors: 0, Skipped: 0, Time elapsed: 0.36 sec - in org.sonar.php.checks.NestedControlFlowDepthCheckTest
Running org.sonar.php.checks.TooManyReturnCheckTest
Tests run: 2, Failures: 0, Errors: 0, Skipped: 0, Time elapsed: 0.141 sec - in org.sonar.php.checks.TooManyReturnCheckTest
Running org.sonar.php.checks.LeftCurlyBraceEndsLineCheckTest
Tests run: 1, Failures: 0, Errors: 0, Skipped: 0, Time elapsed: 0.127 sec - in org.sonar.php.checks.LeftCurlyBraceEndsLineCheckTest
Running org.sonar.php.checks.FunctionNameCheckTest
Tests run: 2, Failures: 0, Errors: 0, Skipped: 0, Time elapsed: 0.029 sec - in org.sonar.php.checks.FunctionNameCheckTest
Running org.sonar.php.checks.ExitOrDieUsageCheckTest
Tests run: 1, Failures: 0, Errors: 0, Skipped: 0, Time elapsed: 0.021 sec - in org.sonar.php.checks.ExitOrDieUsageCheckTest
Running org.sonar.php.checks.FileNameCheckTest
Tests run: 4, Failures: 0, Errors: 0, Skipped: 0, Time elapsed: 0.009 sec - in org.sonar.php.checks.FileNameCheckTest
Running org.sonar.php.checks.EmptyStatementCheckTest
Tests run: 1, Failures: 0, Errors: 0, Skipped: 0, Time elapsed: 0.024 sec - in org.sonar.php.checks.EmptyStatementCheckTest
Running org.sonar.php.checks.PerlStyleCommentsUsageCheckTest
Tests run: 1, Failures: 0, Errors: 0, Skipped: 0, Time elapsed: 0.008 sec - in org.sonar.php.checks.PerlStyleCommentsUsageCheckTest
Running org.sonar.php.checks.TooManyLinesInFunctionCheckTest
Tests run: 2, Failures: 0, Errors: 0, Skipped: 0, Time elapsed: 0.049 sec - in org.sonar.php.checks.TooManyLinesInFunctionCheckTest
Running org.sonar.php.checks.SwitchCaseTooBigCheckTest
Tests run: 2, Failures: 0, Errors: 0, Skipped: 0, Time elapsed: 0.028 sec - in org.sonar.php.checks.SwitchCaseTooBigCheckTest
Running org.sonar.php.checks.TooManyFieldsInClassCheckTest
Tests run: 3, Failures: 0, Errors: 0, Skipped: 0, Time elapsed: 0.048 sec - in org.sonar.php.checks.TooManyFieldsInClassCheckTest
Running org.sonar.php.checks.KeywordsAndConstantsNotLowerCaseCheckTest
Tests run: 1, Failures: 0, Errors: 0, Skipped: 0, Time elapsed: 0.008 sec - in org.sonar.php.checks.KeywordsAndConstantsNotLowerCaseCheckTest
Running org.sonar.php.checks.TooManyLinesInFileCheckTest
Tests run: 2, Failures: 0, Errors: 0, Skipped: 0, Time elapsed: 0.004 sec - in org.sonar.php.checks.TooManyLinesInFileCheckTest
Running org.sonar.php.checks.AtLeastThreeCasesInSwitchCheckTest
Tests run: 1, Failures: 0, Errors: 0, Skipped: 0, Time elapsed: 0.049 sec - in org.sonar.php.checks.AtLeastThreeCasesInSwitchCheckTest
Running org.sonar.php.checks.FileHeaderCheckTest
Tests run: 1, Failures: 0, Errors: 0, Skipped: 0, Time elapsed: 0.045 sec - in org.sonar.php.checks.FileHeaderCheckTest
Running org.sonar.php.checks.TodoTagPresenceCheckTest
Tests run: 1, Failures: 0, Errors: 0, Skipped: 0, Time elapsed: 0.004 sec - in org.sonar.php.checks.TodoTagPresenceCheckTest
Running org.sonar.php.checks.GenericExceptionCheckTest
Tests run: 6, Failures: 0, Errors: 0, Skipped: 0, Time elapsed: 0.093 sec - in org.sonar.php.checks.GenericExceptionCheckTest
Running org.sonar.php.checks.utils.EqualityTest
Tests run: 1, Failures: 0, Errors: 0, Skipped: 0, Time elapsed: 0.148 sec - in org.sonar.php.checks.utils.EqualityTest
Running org.sonar.php.checks.OnePropertyDeclarationPerStatementCheckTest
Tests run: 1, Failures: 0, Errors: 0, Skipped: 0, Time elapsed: 0.004 sec - in org.sonar.php.checks.OnePropertyDeclarationPerStatementCheckTest
Running org.sonar.php.checks.ExpressionComplexityCheckTest
Tests run: 2, Failures: 0, Errors: 0, Skipped: 0, Time elapsed: 0.187 sec - in org.sonar.php.checks.ExpressionComplexityCheckTest
Running org.sonar.php.checks.VariableVariablesCheckTest
Tests run: 1, Failures: 0, Errors: 0, Skipped: 0, Time elapsed: 0.006 sec - in org.sonar.php.checks.VariableVariablesCheckTest
Running org.sonar.php.checks.VarKeywordUsageCheckTest
Tests run: 1, Failures: 0, Errors: 0, Skipped: 0, Time elapsed: 0.014 sec - in org.sonar.php.checks.VarKeywordUsageCheckTest
Running org.sonar.php.checks.formatting.ExtendsImplementsLineCheckTest
Tests run: 2, Failures: 0, Errors: 0, Skipped: 0, Time elapsed: 0.033 sec - in org.sonar.php.checks.formatting.ExtendsImplementsLineCheckTest
Running org.sonar.php.checks.SelfKeywordUsageCheckTest
Tests run: 1, Failures: 0, Errors: 0, Skipped: 0, Time elapsed: 0.015 sec - in org.sonar.php.checks.SelfKeywordUsageCheckTest
Running org.sonar.php.checks.FunctionDefineOutsideClassCheckTest
Tests run: 1, Failures: 0, Errors: 0, Skipped: 0, Time elapsed: 0.014 sec - in org.sonar.php.checks.FunctionDefineOutsideClassCheckTest
Running org.sonar.php.checks.ClassComplexityCheckTest
Tests run: 2, Failures: 0, Errors: 0, Skipped: 0, Time elapsed: 0.023 sec - in org.sonar.php.checks.ClassComplexityCheckTest
Running org.sonar.php.checks.ConstantNameCheckTest
Tests run: 2, Failures: 0, Errors: 0, Skipped: 0, Time elapsed: 0.045 sec - in org.sonar.php.checks.ConstantNameCheckTest
Running org.sonar.php.checks.DeprecatedPredefinedVariablesUseCheckTest
Tests run: 1, Failures: 0, Errors: 0, Skipped: 0, Time elapsed: 0.007 sec - in org.sonar.php.checks.DeprecatedPredefinedVariablesUseCheckTest
Running org.sonar.php.checks.FileWithSymbolsAndSideEffectsCheckTest
Tests run: 8, Failures: 0, Errors: 0, Skipped: 0, Time elapsed: 0.042 sec - in org.sonar.php.checks.FileWithSymbolsAndSideEffectsCheckTest
Running org.sonar.php.checks.LocalVariableAndParameterNameCheckTest
Tests run: 2, Failures: 0, Errors: 0, Skipped: 0, Time elapsed: 0.068 sec - in org.sonar.php.checks.LocalVariableAndParameterNameCheckTest
Running org.sonar.php.checks.LocalVariableShadowsClassFieldCheckTest
Tests run: 1, Failures: 0, Errors: 0, Skipped: 0, Time elapsed: 0.034 sec - in org.sonar.php.checks.LocalVariableShadowsClassFieldCheckTest
Running org.sonar.php.checks.ImmediatelyReturnedVariableCheckTest
Tests run: 1, Failures: 0, Errors: 0, Skipped: 0, Time elapsed: 0.056 sec - in org.sonar.php.checks.ImmediatelyReturnedVariableCheckTest
Running org.sonar.php.checks.NonLFCharAsEOLCheckTest
Tests run: 2, Failures: 0, Errors: 0, Skipped: 0, Time elapsed: 0.039 sec - in org.sonar.php.checks.NonLFCharAsEOLCheckTest
Running org.sonar.php.checks.SwitchWithoutDefaultCheckTest
Tests run: 1, Failures: 0, Errors: 0, Skipped: 0, Time elapsed: 0.004 sec - in org.sonar.php.checks.SwitchWithoutDefaultCheckTest
Running org.sonar.php.checks.formatting.PunctuatorSpacingCheckTest
Tests run: 2, Failures: 0, Errors: 0, Skipped: 0, Time elapsed: 0.064 sec - in org.sonar.php.checks.formatting.PunctuatorSpacingCheckTest
Running org.sonar.php.checks.ConstructorDeclarationCheckTest
Tests run: 1, Failures: 0, Errors: 0, Skipped: 0, Time elapsed: 0.009 sec - in org.sonar.php.checks.ConstructorDeclarationCheckTest
Running org.sonar.php.checks.formatting.IndentationCheckTest
Tests run: 2, Failures: 0, Errors: 0, Skipped: 0, Time elapsed: 0.087 sec - in org.sonar.php.checks.formatting.IndentationCheckTest
Running org.sonar.php.checks.OverridingMethodSimplyCallParentCheckTest
Tests run: 1, Failures: 0, Errors: 0, Skipped: 0, Time elapsed: 0.041 sec - in org.sonar.php.checks.OverridingMethodSimplyCallParentCheckTest
Running org.sonar.php.checks.FieldNameCheckTest
Tests run: 2, Failures: 0, Errors: 0, Skipped: 0, Time elapsed: 0.003 sec - in org.sonar.php.checks.FieldNameCheckTest
Running org.sonar.php.checks.UselessObjectCreationCheckTest
Tests run: 1, Failures: 0, Errors: 0, Skipped: 0, Time elapsed: 0.008 sec - in org.sonar.php.checks.UselessObjectCreationCheckTest
Running org.sonar.php.checks.FixmeTagPresenceCheckTest
Tests run: 1, Failures: 0, Errors: 0, Skipped: 0, Time elapsed: 0.023 sec - in org.sonar.php.checks.FixmeTagPresenceCheckTest
Running org.sonar.php.checks.InlineHTMLInFileCheckTest
Tests run: 4, Failures: 0, Errors: 0, Skipped: 0, Time elapsed: 0.004 sec - in org.sonar.php.checks.InlineHTMLInFileCheckTest
Running org.sonar.php.checks.ConcatenatedStringLiteralCheckTest
Tests run: 1, Failures: 0, Errors: 0, Skipped: 0, Time elapsed: 0.005 sec - in org.sonar.php.checks.ConcatenatedStringLiteralCheckTest
Running org.sonar.php.checks.ClassNameCheckTest
Tests run: 2, Failures: 0, Errors: 0, Skipped: 0, Time elapsed: 0.031 sec - in org.sonar.php.checks.ClassNameCheckTest
Running org.sonar.php.checks.TooManyCasesInSwitchCheckTest
Tests run: 2, Failures: 0, Errors: 0, Skipped: 0, Time elapsed: 0.024 sec - in org.sonar.php.checks.TooManyCasesInSwitchCheckTest
Running org.sonar.php.checks.PhpSapiNameFunctionUsageCheckTest
Tests run: 1, Failures: 0, Errors: 0, Skipped: 0, Time elapsed: 0.011 sec - in org.sonar.php.checks.PhpSapiNameFunctionUsageCheckTest
Running org.sonar.php.checks.TooManyMethodsInClassCheckTest
Tests run: 3, Failures: 0, Errors: 0, Skipped: 0, Time elapsed: 0.027 sec - in org.sonar.php.checks.TooManyMethodsInClassCheckTest
Running org.sonar.php.checks.ReturnOfBooleanExpressionCheckTest
Tests run: 1, Failures: 0, Errors: 0, Skipped: 0, Time elapsed: 0.028 sec - in org.sonar.php.checks.ReturnOfBooleanExpressionCheckTest
Running org.sonar.php.checks.MultilineBlocksCurlyBracesCheckTest
Tests run: 1, Failures: 0, Errors: 0, Skipped: 0, Time elapsed: 0.05 sec - in org.sonar.php.checks.MultilineBlocksCurlyBracesCheckTest
Running org.sonar.php.checks.OneStatementPerLineCheckTest
Tests run: 1, Failures: 0, Errors: 0, Skipped: 0, Time elapsed: 0.032 sec - in org.sonar.php.checks.OneStatementPerLineCheckTest
Running org.sonar.php.checks.SilencedErrorsCheckTest
Tests run: 1, Failures: 0, Errors: 0, Skipped: 0, Time elapsed: 0.018 sec - in org.sonar.php.checks.SilencedErrorsCheckTest
Running org.sonar.php.checks.LogicalWordOperatorUsageCheckTest
Tests run: 1, Failures: 0, Errors: 0, Skipped: 0, Time elapsed: 0.004 sec - in org.sonar.php.checks.LogicalWordOperatorUsageCheckTest
Running org.sonar.php.checks.ElseIfWithoutElseCheckTest
Tests run: 1, Failures: 0, Errors: 0, Skipped: 0, Time elapsed: 0.008 sec - in org.sonar.php.checks.ElseIfWithoutElseCheckTest
Running org.sonar.php.checks.TooManyLinesInClassCheckTest
Tests run: 2, Failures: 0, Errors: 0, Skipped: 0, Time elapsed: 0.017 sec - in org.sonar.php.checks.TooManyLinesInClassCheckTest
Running org.sonar.php.checks.HardCodedCredentialsCheckTest
Tests run: 1, Failures: 0, Errors: 0, Skipped: 0, Time elapsed: 0.009 sec - in org.sonar.php.checks.HardCodedCredentialsCheckTest
Running org.sonar.php.checks.LeftCurlyBraceStartsLineCheckTest
Tests run: 1, Failures: 0, Errors: 0, Skipped: 0, Time elapsed: 0.022 sec - in org.sonar.php.checks.LeftCurlyBraceStartsLineCheckTest
Running org.sonar.php.checks.MissingNewLineAtEOFCheckTest
Tests run: 3, Failures: 0, Errors: 0, Skipped: 0, Time elapsed: 0.003 sec - in org.sonar.php.checks.MissingNewLineAtEOFCheckTest
Running org.sonar.php.checks.EmptyNestedBlockCheckTest
Tests run: 1, Failures: 0, Errors: 0, Skipped: 0, Time elapsed: 0.026 sec - in org.sonar.php.checks.EmptyNestedBlockCheckTest
Running org.sonar.php.checks.FunctionComplexityCheckTest
Tests run: 2, Failures: 0, Errors: 0, Skipped: 0, Time elapsed: 0.04 sec - in org.sonar.php.checks.FunctionComplexityCheckTest
Running org.sonar.php.checks.EchoWithParenthesisCheckTest
Tests run: 1, Failures: 0, Errors: 0, Skipped: 0, Time elapsed: 0.006 sec - in org.sonar.php.checks.EchoWithParenthesisCheckTest
Running org.sonar.php.checks.TooManyFunctionParametersCheckTest
Tests run: 3, Failures: 0, Errors: 0, Skipped: 0, Time elapsed: 0.012 sec - in org.sonar.php.checks.TooManyFunctionParametersCheckTest
Running org.sonar.php.checks.NestedFunctionDepthCheckTest
Tests run: 2, Failures: 0, Errors: 0, Skipped: 0, Time elapsed: 0.003 sec - in org.sonar.php.checks.NestedFunctionDepthCheckTest
Running org.sonar.php.checks.UnusedPrivateMethodCheckTest
Tests run: 1, Failures: 0, Errors: 0, Skipped: 0, Time elapsed: 0.008 sec - in org.sonar.php.checks.UnusedPrivateMethodCheckTest
Running org.sonar.php.checks.CodeFollowingJumpStatementCheckTest
Tests run: 1, Failures: 0, Errors: 0, Skipped: 0, Time elapsed: 0.019 sec - in org.sonar.php.checks.CodeFollowingJumpStatementCheckTest
Running org.sonar.php.checks.formatting.NamespaceAndUseStatementCheckTest
Tests run: 3, Failures: 0, Errors: 0, Skipped: 0, Time elapsed: 0.025 sec - in org.sonar.php.checks.formatting.NamespaceAndUseStatementCheckTest
Running org.sonar.php.checks.ClosingTagInFullPHPFileCheckTest
Tests run: 2, Failures: 0, Errors: 0, Skipped: 0, Time elapsed: 0.003 sec - in org.sonar.php.checks.ClosingTagInFullPHPFileCheckTest
Running org.sonar.php.checks.UselessExpressionStatementCheckTest
Tests run: 2, Failures: 0, Errors: 0, Skipped: 0, Time elapsed: 0.025 sec - in org.sonar.php.checks.UselessExpressionStatementCheckTest
Running org.sonar.php.checks.TabCharacterCheckTest
Tests run: 1, Failures: 0, Errors: 0, Skipped: 0, Time elapsed: 0.004 sec - in org.sonar.php.checks.TabCharacterCheckTest
Running org.sonar.php.checks.DirectlyAccessingSuperGlobalCheckTest
Tests run: 1, Failures: 0, Errors: 0, Skipped: 0, Time elapsed: 0.004 sec - in org.sonar.php.checks.DirectlyAccessingSuperGlobalCheckTest
Running org.sonar.php.checks.ReferenceInFunctionCallCheckTest
Tests run: 1, Failures: 0, Errors: 0, Skipped: 0, Time elapsed: 0.024 sec - in org.sonar.php.checks.ReferenceInFunctionCallCheckTest
Running org.sonar.php.checks.StringLiteralDuplicatedCheckTest
Tests run: 2, Failures: 0, Errors: 0, Skipped: 0, Time elapsed: 0.008 sec - in org.sonar.php.checks.StringLiteralDuplicatedCheckTest
Running org.sonar.php.checks.OpeningPHPTagCheckTest
Tests run: 4, Failures: 0, Errors: 0, Skipped: 0, Time elapsed: 0.004 sec - in org.sonar.php.checks.OpeningPHPTagCheckTest
Running org.sonar.php.checks.EvalUseCheckTest
Tests run: 1, Failures: 0, Errors: 0, Skipped: 0, Time elapsed: 0.018 sec - in org.sonar.php.checks.EvalUseCheckTest
Running org.sonar.php.checks.AlwaysUseCurlyBracesCheckTest
Tests run: 1, Failures: 0, Errors: 0, Skipped: 0, Time elapsed: 0.032 sec - in org.sonar.php.checks.AlwaysUseCurlyBracesCheckTest
Running org.sonar.php.checks.ConstructorDependencyInversionCheckTest
Tests run: 1, Failures: 0, Errors: 0, Skipped: 0, Time elapsed: 0.011 sec - in org.sonar.php.checks.ConstructorDependencyInversionCheckTest
Running org.sonar.php.checks.RedundantFinalCheckTest
Tests run: 1, Failures: 0, Errors: 0, Skipped: 0, Time elapsed: 0.004 sec - in org.sonar.php.checks.RedundantFinalCheckTest
Running org.sonar.php.checks.InterfaceNameCheckTest
Tests run: 1, Failures: 0, Errors: 0, Skipped: 0, Time elapsed: 0.016 sec - in org.sonar.php.checks.InterfaceNameCheckTest
Running org.sonar.php.checks.MoreThanOneClassInFileCheckTest
Tests run: 4, Failures: 0, Errors: 0, Skipped: 0, Time elapsed: 0.004 sec - in org.sonar.php.checks.MoreThanOneClassInFileCheckTest
Running org.sonar.php.checks.ForLoopCounterChangedCheckTest
Tests run: 1, Failures: 0, Errors: 0, Skipped: 0, Time elapsed: 0.073 sec - in org.sonar.php.checks.ForLoopCounterChangedCheckTest
Running org.sonar.php.checks.TrailingWhitespaceCheckTest
Tests run: 1, Failures: 0, Errors: 0, Skipped: 0, Time elapsed: 0.009 sec - in org.sonar.php.checks.TrailingWhitespaceCheckTest
Running org.sonar.php.checks.NullDereferenceInConditionalCheckTest
Tests run: 1, Failures: 0, Errors: 0, Skipped: 0, Time elapsed: 0.111 sec - in org.sonar.php.checks.NullDereferenceInConditionalCheckTest
Running org.sonar.php.checks.UnusedPrivateFieldCheckTest
Tests run: 1, Failures: 0, Errors: 0, Skipped: 0, Time elapsed: 0.008 sec - in org.sonar.php.checks.UnusedPrivateFieldCheckTest
Running org.sonar.php.checks.CollapsibleIfStatementCheckTest
Tests run: 1, Failures: 0, Errors: 0, Skipped: 0, Time elapsed: 0.019 sec - in org.sonar.php.checks.CollapsibleIfStatementCheckTest
Running org.sonar.php.checks.RightCurlyBraceStartsLineCheckTest
Tests run: 1, Failures: 0, Errors: 0, Skipped: 0, Time elapsed: 0.019 sec - in org.sonar.php.checks.RightCurlyBraceStartsLineCheckTest
Running org.sonar.php.checks.UnusedFunctionParametersCheckTest
Tests run: 1, Failures: 0, Errors: 0, Skipped: 0, Time elapsed: 0.019 sec - in org.sonar.php.checks.UnusedFunctionParametersCheckTest
Running org.sonar.php.checks.ThisVariableUsageInStaticContextCheckTest
Tests run: 1, Failures: 0, Errors: 0, Skipped: 0, Time elapsed: 0.007 sec - in org.sonar.php.checks.ThisVariableUsageInStaticContextCheckTest
Running org.sonar.php.checks.ArgumentWithDefaultValueNotLastCheckTest
Tests run: 1, Failures: 0, Errors: 0, Skipped: 0, Time elapsed: 0.245 sec - in org.sonar.php.checks.ArgumentWithDefaultValueNotLastCheckTest
Running org.sonar.php.checks.MissingMethodVisibilityCheckTest
Tests run: 1, Failures: 0, Errors: 0, Skipped: 0, Time elapsed: 0.021 sec - in org.sonar.php.checks.MissingMethodVisibilityCheckTest
Running org.sonar.php.checks.SelfAssignmentCheckTest
Tests run: 1, Failures: 0, Errors: 0, Skipped: 0, Time elapsed: 0.006 sec - in org.sonar.php.checks.SelfAssignmentCheckTest
Running org.sonar.php.checks.IfConditionAlwaysTrueOrFalseCheckTest
Tests run: 1, Failures: 0, Errors: 0, Skipped: 0, Time elapsed: 0.047 sec - in org.sonar.php.checks.IfConditionAlwaysTrueOrFalseCheckTest
Running org.sonar.php.checks.CallParentConstructorCheckTest
Tests run: 1, Failures: 0, Errors: 0, Skipped: 0, Time elapsed: 0.047 sec - in org.sonar.php.checks.CallParentConstructorCheckTest
Running org.sonar.php.checks.formatting.CurlyBraceCheckTest
Tests run: 2, Failures: 0, Errors: 0, Skipped: 0, Time elapsed: 0.033 sec - in org.sonar.php.checks.formatting.CurlyBraceCheckTest
Running org.sonar.php.checks.DuplicatedFunctionArgumentCheckTest
Tests run: 1, Failures: 0, Errors: 0, Skipped: 0, Time elapsed: 0.005 sec - in org.sonar.php.checks.DuplicatedFunctionArgumentCheckTest
Running org.sonar.php.checks.SleepFunctionUsageCheckTest
Tests run: 1, Failures: 0, Errors: 0, Skipped: 0, Time elapsed: 0.002 sec - in org.sonar.php.checks.SleepFunctionUsageCheckTest
Running org.sonar.php.checks.ModifiersOrderCheckTest
Tests run: 1, Failures: 0, Errors: 0, Skipped: 0, Time elapsed: 0.003 sec - in org.sonar.php.checks.ModifiersOrderCheckTest
Running org.sonar.php.checks.IdenticalOperandsInBinaryExpressionCheckTest
Tests run: 1, Failures: 0, Errors: 0, Skipped: 0, Time elapsed: 0.011 sec - in org.sonar.php.checks.IdenticalOperandsInBinaryExpressionCheckTest
Running org.sonar.php.checks.LowerCaseColorCheckTest
Tests run: 1, Failures: 0, Errors: 0, Skipped: 0, Time elapsed: 0.003 sec - in org.sonar.php.checks.LowerCaseColorCheckTest
Running org.sonar.php.checks.CharacterBeforeOpeningPHPTagCheckTest
Tests run: 2, Failures: 0, Errors: 0, Skipped: 0, Time elapsed: 0.005 sec - in org.sonar.php.checks.CharacterBeforeOpeningPHPTagCheckTest
Running org.sonar.php.checks.PHP5DeprecatedFunctionUsageCheckTest
Tests run: 1, Failures: 0, Errors: 0, Skipped: 0, Time elapsed: 0.014 sec - in org.sonar.php.checks.PHP5DeprecatedFunctionUsageCheckTest
Running org.sonar.php.checks.NonEmptyCaseWithoutBreakCheckTest
Tests run: 1, Failures: 0, Errors: 0, Skipped: 0, Time elapsed: 0.037 sec - in org.sonar.php.checks.NonEmptyCaseWithoutBreakCheckTest
Running org.sonar.php.checks.CallToIniSetCheckTest
Tests run: 1, Failures: 0, Errors: 0, Skipped: 0, Time elapsed: 0.023 sec - in org.sonar.php.checks.CallToIniSetCheckTest
Running org.sonar.php.checks.RequireInsteadOfRequireOnceCheckTest
Tests run: 1, Failures: 0, Errors: 0, Skipped: 0, Time elapsed: 0.003 sec - in org.sonar.php.checks.RequireInsteadOfRequireOnceCheckTest
Running org.sonar.php.checks.DuplicateBranchImplementationCheckTest
Tests run: 1, Failures: 0, Errors: 0, Skipped: 0, Time elapsed: 0.029 sec - in org.sonar.php.checks.DuplicateBranchImplementationCheckTest
Running org.sonar.php.checks.MethodNameReturningBooleanCheckTest
Tests run: 1, Failures: 0, Errors: 0, Skipped: 0, Time elapsed: 0.004 sec - in org.sonar.php.checks.MethodNameReturningBooleanCheckTest
Running org.sonar.php.checks.ElseIfSequenceKeywordUsageCheckTest
Tests run: 1, Failures: 0, Errors: 0, Skipped: 0, Time elapsed: 0.008 sec - in org.sonar.php.checks.ElseIfSequenceKeywordUsageCheckTest
Running org.sonar.php.checks.UnusedLocalVariableCheckTest
Tests run: 1, Failures: 0, Errors: 0, Skipped: 0, Time elapsed: 0.029 sec - in org.sonar.php.checks.UnusedLocalVariableCheckTest
Running org.sonar.php.checks.CommentedOutCodeCheckTest
Tests run: 1, Failures: 0, Errors: 0, Skipped: 0, Time elapsed: 0.007 sec - in org.sonar.php.checks.CommentedOutCodeCheckTest
Running org.sonar.php.checks.ClassCouplingCheckTest
Tests run: 2, Failures: 0, Errors: 0, Skipped: 0, Time elapsed: 0.026 sec - in org.sonar.php.checks.ClassCouplingCheckTest
Running org.sonar.php.checks.LineLengthCheckTest
Tests run: 2, Failures: 0, Errors: 0, Skipped: 0, Time elapsed: 0.003 sec - in org.sonar.php.checks.LineLengthCheckTest
Running org.sonar.php.checks.GlobalKeywordAndArrayUsageCheckTest
Tests run: 1, Failures: 0, Errors: 0, Skipped: 0, Time elapsed: 0.003 sec - in org.sonar.php.checks.GlobalKeywordAndArrayUsageCheckTest
Running org.sonar.php.checks.BooleanEqualityComparisonCheckTest
Tests run: 1, Failures: 0, Errors: 0, Skipped: 0, Time elapsed: 0.009 sec - in org.sonar.php.checks.BooleanEqualityComparisonCheckTest
Running org.sonar.php.checks.DuplicateConditionCheckTest
Tests run: 1, Failures: 0, Errors: 0, Skipped: 0, Time elapsed: 0.006 sec - in org.sonar.php.checks.DuplicateConditionCheckTest
Running org.sonar.php.checks.GotoUseCheckTest
Tests run: 1, Failures: 0, Errors: 0, Skipped: 0, Time elapsed: 0.004 sec - in org.sonar.php.checks.GotoUseCheckTest
Running org.sonar.php.checks.ForHidingWhileCheckTest
Tests run: 1, Failures: 0, Errors: 0, Skipped: 0, Time elapsed: 0.005 sec - in org.sonar.php.checks.ForHidingWhileCheckTest
Running org.sonar.php.checks.formatting.ControlStructureSpacingTest
Tests run: 2, Failures: 0, Errors: 0, Skipped: 0, Time elapsed: 0.015 sec - in org.sonar.php.checks.formatting.ControlStructureSpacingTest
Running org.sonar.php.checks.IncrementDecrementInSubExpressionCheckTest
Tests run: 1, Failures: 0, Errors: 0, Skipped: 0, Time elapsed: 0.015 sec - in org.sonar.php.checks.IncrementDecrementInSubExpressionCheckTest
Running org.sonar.php.checks.CheckListTest
Tests run: 2, Failures: 0, Errors: 0, Skipped: 0, Time elapsed: 0.103 sec - in org.sonar.php.checks.CheckListTest
Running org.sonar.php.checks.formatting.FunctionSpacingCheckTest
Tests run: 2, Failures: 0, Errors: 0, Skipped: 0, Time elapsed: 0.025 sec - in org.sonar.php.checks.formatting.FunctionSpacingCheckTest

Results :




Tests run: 184, Failures: 0, Errors: 0, Skipped: 0

[INFO] 
[INFO] --- maven-jar-plugin:2.6:jar (default-jar) @ php-checks ---
[INFO] Building jar: /home/travis/build/SonarSource/sonar-php/php-checks/target/php-checks-2.9.0.1374.jar
[INFO] 
[INFO] --- maven-source-plugin:2.4:jar-no-fork (attach-sources) @ php-checks ---
[INFO] Building jar: /home/travis/build/SonarSource/sonar-php/php-checks/target/php-checks-2.9.0.1374-sources.jar
[INFO] 
[INFO] --- maven-install-plugin:2.5.2:install (default-install) @ php-checks ---
[INFO] Installing /home/travis/build/SonarSource/sonar-php/php-checks/target/php-checks-2.9.0.1374.jar to /home/travis/.m2/repository/org/sonarsource/php/php-checks/2.9.0.1374/php-checks-2.9.0.1374.jar
[INFO] Installing /home/travis/build/SonarSource/sonar-php/php-checks/pom.xml to /home/travis/.m2/repository/org/sonarsource/php/php-checks/2.9.0.1374/php-checks-2.9.0.1374.pom
[INFO] Installing /home/travis/build/SonarSource/sonar-php/php-checks/target/php-checks-2.9.0.1374-sources.jar to /home/travis/.m2/repository/org/sonarsource/php/php-checks/2.9.0.1374/php-checks-2.9.0.1374-sources.jar
[INFO] 
[INFO] --- maven-deploy-plugin:2.8.2:deploy (default-deploy) @ php-checks ---
[INFO] Skipping artifact deployment
[INFO]                                                                         
[INFO] ------------------------------------------------------------------------
[INFO] Building PHP :: Sonar Plugin 2.9.0.1374
[INFO] ------------------------------------------------------------------------
[INFO] 
[INFO] --- jacoco-maven-plugin:0.7.7.201606060606:prepare-agent (default-cli) @ sonar-php-plugin ---
[INFO] argLine set to -javaagent:/home/travis/.m2/repository/org/jacoco/org.jacoco.agent/0.7.7.201606060606/org.jacoco.agent-0.7.7.201606060606-runtime.jar=destfile=/home/travis/build/SonarSource/sonar-php/sonar-php-plugin/target/jacoco.exec
[INFO] 
[INFO] --- buildnumber-maven-plugin:1.4:create (default) @ sonar-php-plugin ---
[INFO] 
[INFO] --- maven-enforcer-plugin:1.4.1:enforce (enforce) @ sonar-php-plugin ---
[INFO] 
[INFO] --- maven-enforcer-plugin:1.4.1:enforce (enforce-deploy-settings) @ sonar-php-plugin ---
[INFO] 
[INFO] --- license-maven-plugin:2.11:check (enforce-license-headers) @ sonar-php-plugin ---
[INFO] Checking licenses...
[INFO] 
[INFO] --- artifactory-maven-plugin:2.4.1:publish (build-info) @ sonar-php-plugin ---
[INFO] 
[INFO] --- sonar-packaging-maven-plugin:1.16:check (default-check) @ sonar-php-plugin ---
[INFO] 
[INFO] --- maven-resources-plugin:2.7:resources (default-resources) @ sonar-php-plugin ---
[INFO] Using 'UTF-8' encoding to copy filtered resources.
[INFO] Copying 2 resources
[INFO] 
[INFO] --- maven-compiler-plugin:3.5.1:compile (default-compile) @ sonar-php-plugin ---
[INFO] Changes detected - recompiling the module!
[INFO] Compiling 33 source files to /home/travis/build/SonarSource/sonar-php/sonar-php-plugin/target/classes
[INFO] /home/travis/build/SonarSource/sonar-php/sonar-php-plugin/src/main/java/org/sonar/plugins/php/duplications/PhpCPDMapping.java: Some input files use or override a deprecated API.
[INFO] /home/travis/build/SonarSource/sonar-php/sonar-php-plugin/src/main/java/org/sonar/plugins/php/duplications/PhpCPDMapping.java: Recompile with -Xlint:deprecation for details.
[INFO] 
[INFO] --- maven-resources-plugin:2.7:testResources (default-testResources) @ sonar-php-plugin ---
[INFO] Using 'UTF-8' encoding to copy filtered resources.
[INFO] Copying 20 resources
[INFO] 
[INFO] --- maven-compiler-plugin:3.5.1:testCompile (default-testCompile) @ sonar-php-plugin ---
[INFO] Changes detected - recompiling the module!
[INFO] Compiling 19 source files to /home/travis/build/SonarSource/sonar-php/sonar-php-plugin/target/test-classes
[INFO] /home/travis/build/SonarSource/sonar-php/sonar-php-plugin/src/test/java/org/sonar/plugins/php/FakeProfileParser.java: Some input files use or override a deprecated API.
[INFO] /home/travis/build/SonarSource/sonar-php/sonar-php-plugin/src/test/java/org/sonar/plugins/php/FakeProfileParser.java: Recompile with -Xlint:deprecation for details.
[INFO] 
[INFO] --- maven-surefire-plugin:2.18:test (default-test) @ sonar-php-plugin ---
[INFO] Surefire report directory: /home/travis/build/SonarSource/sonar-php/sonar-php-plugin/target/surefire-reports

-------------------------------------------------------
 T E S T S
-------------------------------------------------------
Running org.sonar.plugins.php.PHPRulesDefinitionTest
Tests run: 1, Failures: 0, Errors: 0, Skipped: 0, Time elapsed: 1.854 sec - in org.sonar.plugins.php.PHPRulesDefinitionTest
Running org.sonar.plugins.php.phpunit.PhpUnitServiceTest
SLF4J: Failed to load class "org.slf4j.impl.StaticLoggerBinder".
SLF4J: Defaulting to no-operation (NOP) logger implementation
SLF4J: See http://www.slf4j.org/codes.html#StaticLoggerBinder for further details.
Tests run: 5, Failures: 0, Errors: 0, Skipped: 0, Time elapsed: 1.511 sec - in org.sonar.plugins.php.phpunit.PhpUnitServiceTest
Running org.sonar.plugins.php.phpunit.PhpUnitTestReportTest
Tests run: 1, Failures: 0, Errors: 0, Skipped: 0, Time elapsed: 0.017 sec - in org.sonar.plugins.php.phpunit.PhpUnitTestReportTest
Running org.sonar.plugins.php.PHPProfileTest
Tests run: 1, Failures: 0, Errors: 0, Skipped: 0, Time elapsed: 0.094 sec - in org.sonar.plugins.php.PHPProfileTest
Running org.sonar.plugins.php.PHPSensorTest
Tests run: 7, Failures: 0, Errors: 0, Skipped: 0, Time elapsed: 3.722 sec - in org.sonar.plugins.php.PHPSensorTest
Running org.sonar.plugins.php.api.PhpTest
Tests run: 2, Failures: 0, Errors: 0, Skipped: 0, Time elapsed: 0.018 sec - in org.sonar.plugins.php.api.PhpTest
Running org.sonar.plugins.php.phpunit.PhpUnitOverallCoverageResultParserTest
Tests run: 1, Failures: 0, Errors: 0, Skipped: 0, Time elapsed: 0.004 sec - in org.sonar.plugins.php.phpunit.PhpUnitOverallCoverageResultParserTest
Running org.sonar.plugins.php.duplications.PHPCPDMappingTest
Tests run: 2, Failures: 0, Errors: 0, Skipped: 0, Time elapsed: 0.193 sec - in org.sonar.plugins.php.duplications.PHPCPDMappingTest
Running org.sonar.plugins.php.DrupalProfileTest
Tests run: 1, Failures: 0, Errors: 0, Skipped: 0, Time elapsed: 0.313 sec - in org.sonar.plugins.php.DrupalProfileTest
Running org.sonar.plugins.php.phpunit.PhpUnitResultParserTest
Tests run: 5, Failures: 0, Errors: 0, Skipped: 0, Time elapsed: 1.072 sec - in org.sonar.plugins.php.phpunit.PhpUnitResultParserTest
Running org.sonar.plugins.php.phpunit.PhpUnitItCoverageResultParserTest
Tests run: 1, Failures: 0, Errors: 0, Skipped: 0, Time elapsed: 0.004 sec - in org.sonar.plugins.php.phpunit.PhpUnitItCoverageResultParserTest
Running org.sonar.plugins.php.core.NoSonarAndCommentedOutLocSensorTest
Tests run: 7, Failures: 0, Errors: 0, Skipped: 0, Time elapsed: 0.258 sec - in org.sonar.plugins.php.core.NoSonarAndCommentedOutLocSensorTest
Running org.sonar.plugins.php.phpunit.PhpUnitCoverageResultParserTest
Tests run: 6, Failures: 0, Errors: 0, Skipped: 0, Time elapsed: 0.099 sec - in org.sonar.plugins.php.phpunit.PhpUnitCoverageResultParserTest
Running org.sonar.plugins.php.PhpPluginTest
Tests run: 1, Failures: 0, Errors: 0, Skipped: 0, Time elapsed: 0.014 sec - in org.sonar.plugins.php.PhpPluginTest
Running org.sonar.plugins.php.duplications.PHPTokenProducerTest
Tests run: 19, Failures: 0, Errors: 0, Skipped: 0, Time elapsed: 0.143 sec - in org.sonar.plugins.php.duplications.PHPTokenProducerTest
Running org.sonar.plugins.php.PSR2ProfileTest
Tests run: 1, Failures: 0, Errors: 0, Skipped: 0, Time elapsed: 0.014 sec - in org.sonar.plugins.php.PSR2ProfileTest
Running org.sonar.plugins.php.phpunit.xml.TestSuitesTest
Tests run: 4, Failures: 0, Errors: 0, Skipped: 0, Time elapsed: 0.012 sec - in org.sonar.plugins.php.phpunit.xml.TestSuitesTest

Results :




Tests run: 65, Failures: 0, Errors: 0, Skipped: 0

[INFO] 
[INFO] --- sonar-packaging-maven-plugin:1.16:sonar-plugin (default-sonar-plugin) @ sonar-php-plugin ---
[INFO] -------------------------------------------------------
[INFO] Plugin definition in update center
[INFO]     Key: php
[INFO]     Name: PHP
[INFO]     Description: Enables analysis of PHP projects.
[INFO]     Version: 2.9.0.1374
[INFO]     Entry-point Class: org.sonar.plugins.php.PhpPlugin
[INFO]     Required Plugins: 
[INFO]     Use Child-first ClassLoader: false
[INFO]     Base Plugin: 
[INFO]     Homepage URL: http://redirect.sonarsource.com/plugins/php.html
[INFO]     Minimal SonarQube Version: 5.6
[INFO]     Licensing: GNU LGPL v3
[INFO]     Organization: SonarSource and Akram Ben Aissi
[INFO]     Organization URL: http://www.sonarsource.com/
[INFO]     Terms and Conditions: 
[INFO]     Issue Tracker URL: http://jira.codehaus.org/browse/SONARPHP
[INFO]     Build date: 2016-09-16T15:41:56+0000
[INFO]     Sources URL: https://github.com/SonarCommunity/sonar-php
[INFO]     Developers: Linda Martin,Fabrice Bellingard,Sebastian Marek,Gennadiy Litvinyuk,Akram Ben Aissi,Gabriele Santini,Julien Henry
[INFO] artifact org.assertj:assertj-core: checking for updates from sonarsource
[INFO]     Dependencies: META-INF/lib/php-checks-2.9.0.1374.jar META-INF/lib/commons-lang-2.6.jar META-INF/lib/xpp3_min-1.1.4c.jar META-INF/lib/cglib-nodep-3.1.jar META-INF/lib/commons-io-2.5.jar META-INF/lib/guava-10.0.1.jar META-INF/lib/xstream-1.3.1.jar META-INF/lib/jsr305-1.3.9.jar META-INF/lib/sslr-core-1.21.jar META-INF/lib/php-frontend-2.9.0.1374.jar META-INF/lib/sslr-squid-bridge-2.6.1.jar
[INFO] -------------------------------------------------------
[INFO] Building jar: /home/travis/build/SonarSource/sonar-php/sonar-php-plugin/target/sonar-php-plugin-2.9.0.1374.jar
[INFO]  already added, skipping
[INFO] 
[INFO] --- maven-enforcer-plugin:1.4.1:enforce (enforce-plugin-size) @ sonar-php-plugin ---
[INFO] 
[INFO] --- maven-source-plugin:2.4:jar-no-fork (attach-sources) @ sonar-php-plugin ---
[INFO] Building jar: /home/travis/build/SonarSource/sonar-php/sonar-php-plugin/target/sonar-php-plugin-2.9.0.1374-sources.jar
[INFO] 
[INFO] --- maven-install-plugin:2.5.2:install (default-install) @ sonar-php-plugin ---
[INFO] Installing /home/travis/build/SonarSource/sonar-php/sonar-php-plugin/target/sonar-php-plugin-2.9.0.1374.jar to /home/travis/.m2/repository/org/sonarsource/php/sonar-php-plugin/2.9.0.1374/sonar-php-plugin-2.9.0.1374.jar
[INFO] Installing /home/travis/build/SonarSource/sonar-php/sonar-php-plugin/pom.xml to /home/travis/.m2/repository/org/sonarsource/php/sonar-php-plugin/2.9.0.1374/sonar-php-plugin-2.9.0.1374.pom
[INFO] Installing /home/travis/build/SonarSource/sonar-php/sonar-php-plugin/target/sonar-php-plugin-2.9.0.1374-sources.jar to /home/travis/.m2/repository/org/sonarsource/php/sonar-php-plugin/2.9.0.1374/sonar-php-plugin-2.9.0.1374-sources.jar
[INFO] 
[INFO] --- maven-deploy-plugin:2.8.2:deploy (default-deploy) @ sonar-php-plugin ---
[INFO] Skipping artifact deployment
[INFO]                                                                         
[INFO] ------------------------------------------------------------------------
[INFO] Building PHP 2.9.0.1374
[INFO] ------------------------------------------------------------------------
[INFO] 
[INFO] --- sonar-maven-plugin:3.0.2:sonar (default-cli) @ php ---
[INFO] User cache: /home/travis/.sonar/cache
[INFO] Load global repositories
[INFO] Load global repositories (done) | time=596ms
[INFO] Server id: 1fdc85f9fbb9472
[INFO] User cache: /home/travis/.sonar/cache
[INFO] Exclude plugins: devcockpit, pdfreport, report, scmactivity, views, jira
[INFO] Load plugins index
[INFO] Load plugins index (done) | time=4ms
[INFO] Download sonar-cpp-plugin-4.2-build5020.jar
[INFO] Download sonar-github-plugin-1.3-build438.jar
[INFO] Download sonar-scm-svn-plugin-1.3.jar
[INFO] Download sonar-javascript-plugin-2.16.0.2922.jar
[INFO] Download sonar-burgr-plugin-1.14-build695.jar
[INFO] Download sonar-csharp-plugin-5.3-M4_2016-05-25.jar
[INFO] Download sonar-groovy-plugin-1.3.1.jar
[INFO] Download sonar-java-plugin-4.2-build6590.jar
[INFO] Download sonar-ldap-plugin-2.0.jar
[INFO] Download java-debugging-rules-1.0-SNAPSHOT.jar
[INFO] Download sonar-scm-git-plugin-1.2.jar
[INFO] Download sonar-generic-coverage-plugin-1.2.jar
[INFO] Download qualinsight-sonarqube-badges-2.0.1.jar
[INFO] Download sonar-governance-plugin-2.0-build1297.jar
[INFO] SonarQube version: 6.1-build13577
[INFO] Default locale: "en_US", source code encoding: "UTF-8"
[INFO] governance licensed to SonarSource, PRODUCTION [Expiration: 2016-12-31, Server: 1fdc85f9fbb9472]
[INFO] Process project properties
[INFO] Load project repositories
[INFO] Load project repositories (done) | time=309ms
[INFO] Execute project builders
[INFO] Starting analysis of pull request: https://github.com/SonarSource/sonar-php/pull/121
[INFO] Execute project builders (done) | time=1906ms
[INFO] Load quality profiles
[INFO] Load quality profiles (done) | time=20ms
[INFO] Load active rules
[INFO] Load active rules (done) | time=817ms
[INFO] Issues mode
[INFO] Scanning only changed files
[INFO] -------------  Scan PHP :: Sonar Plugin
[INFO] Load server rules
[INFO] Load server rules (done) | time=128ms
[INFO] Base dir: /home/travis/build/SonarSource/sonar-php/sonar-php-plugin
[INFO] Working dir: /home/travis/build/SonarSource/sonar-php/sonar-php-plugin/target/sonar
[INFO] Source paths: pom.xml, src/main/java, target/generated-sources/annotations
[INFO] Test paths: src/test/java, target/generated-test-sources/test-annotations
[INFO] Source encoding: UTF-8, default locale: en_US
[INFO] Index files
[INFO] Excluded sources: 
[INFO]   org/sonar/plugins/php/duplications/internal/*.java
[INFO] 52 files indexed
[INFO] 0 files ignored because of inclusion/exclusion patterns
[INFO] Quality profile for java: AstNode-free language plugins
[INFO] Sensor JavaSquidSensor
[INFO] Configured Java source version (sonar.java.source): 8
[INFO] JavaClasspath initialization
[INFO] JavaClasspath initialization (done) | time=18ms
[INFO] JavaTestClasspath initialization
[INFO] JavaTestClasspath initialization (done) | time=1ms
[INFO] Java Main Files AST scan
[INFO] 11 source files to be analyzed
[INFO] 11/11 source files have been analyzed
[INFO] Java Main Files AST scan (done) | time=8420ms
[INFO] Java Test Files AST scan
[INFO] 9 source files to be analyzed
[INFO] 9/9 source files have been analyzed
[INFO] Java Test Files AST scan (done) | time=4177ms
[INFO] Sensor JavaSquidSensor (done) | time=13403ms
[INFO] Sensor com.sonarsource.burgr.plugin.settings.CollectBurgrData
[INFO] Sensor com.sonarsource.burgr.plugin.settings.CollectBurgrData (done) | time=1ms
[INFO] Sensor SurefireSensor
[INFO] parsing /home/travis/build/SonarSource/sonar-php/sonar-php-plugin/target/surefire-reports
[WARNING] Resource not found: org.sonar.plugins.php.phpunit.PhpUnitTestReportTest
[WARNING] Resource not found: org.sonar.plugins.php.PHPProfileTest
[WARNING] Resource not found: org.sonar.plugins.php.phpunit.xml.TestSuitesTest
[WARNING] Resource not found: org.sonar.plugins.php.api.PhpTest
[WARNING] Resource not found: org.sonar.plugins.php.duplications.PHPCPDMappingTest
[WARNING] Resource not found: org.sonar.plugins.php.PSR2ProfileTest
[WARNING] Resource not found: org.sonar.plugins.php.duplications.PHPTokenProducerTest
[WARNING] Resource not found: org.sonar.plugins.php.PHPRulesDefinitionTest
[WARNING] Resource not found: org.sonar.plugins.php.DrupalProfileTest
[INFO] Sensor SurefireSensor (done) | time=238ms
[INFO] Sensor JaCoCoSensor
[INFO] Analysing /home/travis/build/SonarSource/sonar-php/sonar-php-plugin/target/jacoco.exec
[INFO] No information about coverage per test.
[INFO] Sensor JaCoCoSensor (done) | time=239ms
[INFO] Sensor JaCoCoItSensor
[INFO] JaCoCoItSensor: JaCoCo IT report not found: /home/travis/build/SonarSource/sonar-php/sonar-php-plugin/target/jacoco-it.exec
[INFO] Sensor JaCoCoItSensor (done) | time=0ms
[INFO] Sensor JaCoCoOverallSensor
[INFO] Analysing /home/travis/build/SonarSource/sonar-php/sonar-php-plugin/target/jacoco.exec
[INFO] Analysing /home/travis/build/SonarSource/sonar-php/sonar-php-plugin/target/sonar/jacoco-overall.exec
[INFO] No information about coverage per test.
[INFO] Sensor JaCoCoOverallSensor (done) | time=273ms
[INFO] Sensor XmlFileSensor
[INFO] Sensor XmlFileSensor (done) | time=0ms
[INFO] -------------  Scan PHP :: Frontend
[INFO] Base dir: /home/travis/build/SonarSource/sonar-php/php-frontend
[INFO] Working dir: /home/travis/build/SonarSource/sonar-php/php-frontend/target/sonar
[INFO] Source paths: pom.xml, src/main/java, target/generated-sources/annotations
[INFO] Test paths: src/test/java, target/generated-test-sources/test-annotations
[INFO] Source encoding: UTF-8, default locale: en_US
[INFO] Index files
[INFO] 432 files indexed
[INFO] Quality profile for java: AstNode-free language plugins
[INFO] Sensor JavaSquidSensor
[INFO] Configured Java source version (sonar.java.source): 8
[INFO] JavaClasspath initialization
[INFO] JavaClasspath initialization (done) | time=1ms
[INFO] JavaTestClasspath initialization
[INFO] JavaTestClasspath initialization (done) | time=2ms
[INFO] Java Main Files AST scan
[INFO] 9 source files to be analyzed
[INFO] Java Main Files AST scan (done) | time=3435ms
[INFO] 9/9 source files have been analyzed
[INFO] Java Test Files AST scan
[INFO] 15 source files to be analyzed
[INFO] 15/15 source files have been analyzed
[INFO] Java Test Files AST scan (done) | time=1729ms
[INFO] Sensor JavaSquidSensor (done) | time=5240ms
[INFO] Sensor com.sonarsource.burgr.plugin.settings.CollectBurgrData
[INFO] Sensor com.sonarsource.burgr.plugin.settings.CollectBurgrData (done) | time=0ms
[INFO] Sensor SurefireSensor
[INFO] parsing /home/travis/build/SonarSource/sonar-php/php-frontend/target/surefire-reports
[WARNING] Resource not found: org.sonar.php.parser.declaration.ClassConstDeclarationTest
[WARNING] Resource not found: org.sonar.php.tree.impl.expression.ArrayAccessTreeTest
[WARNING] Resource not found: org.sonar.php.parser.expression.StaticMemberAccessTest
[WARNING] Resource not found: org.sonar.php.tree.impl.statement.SwitchClauseTreeTest
[WARNING] Resource not found: org.sonar.php.tree.impl.statement.ReturnStatementTreeTest
[WARNING] Resource not found: org.sonar.php.tree.impl.expression.PrefixExpressionTreeTest
[WARNING] Resource not found: org.sonar.php.parser.statement.ReturnStatementTest
[WARNING] Resource not found: org.sonar.php.tree.impl.declaration.ClassDeclarationTreeTest
[WARNING] Resource not found: org.sonar.php.parser.expression.ObjectDimListTest
[WARNING] Resource not found: org.sonar.php.tree.impl.expression.CastExpressionTreeTest
[WARNING] Resource not found: org.sonar.php.tree.impl.expression.PostfixExpressionTreeTest
[WARNING] Resource not found: org.sonar.php.tree.impl.expression.LiteralTreeTest
[WARNING] Resource not found: org.sonar.php.parser.expression.UnaryExprTest
[WARNING] Resource not found: org.sonar.php.parser.statement.TryStatementTest
[WARNING] Resource not found: org.sonar.php.parser.statement.NamespaceStatementTest
[WARNING] Resource not found: org.sonar.php.parser.statement.StatementTest
[WARNING] Resource not found: org.sonar.php.parser.declaration.ClassMemberTest
[WARNING] Resource not found: org.sonar.php.parser.expression.ObjectMemberAccessTest
[WARNING] Resource not found: org.sonar.php.parser.expression.BitwiseOrExpressionTest
[WARNING] Resource not found: org.sonar.php.parser.statement.GotoStatementTest
[WARNING] Resource not found: org.sonar.php.tree.impl.statement.ContinueStatementTreeTest
[WARNING] Resource not found: org.sonar.php.parser.expression.CommonScalarTest
[WARNING] Resource not found: org.sonar.php.tree.impl.statement.GotoStatementTreeTest
[WARNING] Resource not found: org.sonar.php.parser.expression.ConcatenationExpressionTest
[WARNING] Resource not found: org.sonar.php.tree.impl.expression.ListExpressionTreeTest
[WARNING] Resource not found: org.sonar.php.parser.statement.ForStatementTest
[WARNING] Resource not found: org.sonar.php.tree.impl.expression.AssignmentExpressionTreeTest
[WARNING] Resource not found: org.sonar.php.tree.impl.declaration.NamespaceNameTreeTest
[WARNING] Resource not found: org.sonar.php.tree.impl.declaration.ConstantDeclarationTreeTest
[WARNING] Resource not found: org.sonar.php.parser.expression.ComplexEncapsVariableTest
[WARNING] Resource not found: org.sonar.php.parser.expression.YieldExpressionTest
[WARNING] Resource not found: org.sonar.php.parser.lexical.InlineHtmlTest
[WARNING] Resource not found: org.sonar.php.parser.statement.GlobalVarTest
[WARNING] Resource not found: org.sonar.php.parser.declaration.MemberModifierTest
[WARNING] Resource not found: org.sonar.php.parser.declaration.ClassVariableDeclarationTest
[WARNING] Resource not found: org.sonar.php.parser.expression.ArrayInitializerTest
[WARNING] Resource not found: org.sonar.php.tree.impl.expression.NewExpressionTreeTest
[WARNING] Resource not found: org.sonar.php.tree.impl.expression.VariableVariableTreeTest
[WARNING] Resource not found: org.sonar.php.metrics.CounterVisitorTest
[WARNING] Resource not found: org.sonar.php.tree.impl.statement.CatchBlockTreeTest
[WARNING] Resource not found: org.sonar.php.tree.impl.expression.FunctionCallTreeTest
[WARNING] Resource not found: org.sonar.php.tree.visitors.PHPIssueTest
[WARNING] Resource not found: org.sonar.php.parser.expression.ExpandableStringLiteralTest
[WARNING] Resource not found: org.sonar.php.parser.expression.NamespaceNameTest
[WARNING] Resource not found: org.sonar.php.parser.ScriptTest
[WARNING] Resource not found: org.sonar.php.parser.lexical.RegularStringLiteralTest
[WARNING] Resource not found: org.sonar.php.tree.impl.declaration.UseTraitDeclarationTreeTest
[WARNING] Resource not found: org.sonar.php.tree.impl.statement.GlobalStatementTreeTest
[WARNING] Resource not found: org.sonar.php.parser.expression.RelationalExpressionTest
[WARNING] Resource not found: org.sonar.php.metrics.CommentLineVisitorTest
[WARNING] Resource not found: org.sonar.php.parser.statement.DoWhileStatementTest
[WARNING] Resource not found: org.sonar.php.tree.impl.lexical.InternalSyntaxTokenTest
[WARNING] Resource not found: org.sonar.php.parser.expression.ListExpressionTest
[WARNING] Resource not found: org.sonar.php.tree.impl.declaration.UseDeclarationTreeTest
[WARNING] Resource not found: org.sonar.php.tree.symbols.ScopeTest
[WARNING] Resource not found: org.sonar.php.parser.statement.SwitchCaseClauseTest
[WARNING] Resource not found: org.sonar.php.parser.declaration.UseTraitDeclarationTest
[WARNING] Resource not found: org.sonar.php.tree.visitors.PHPVisitorCheckTest
[WARNING] Resource not found: org.sonar.php.tree.impl.statement.TryStatementTreeTest
[WARNING] Resource not found: org.sonar.php.tree.impl.statement.YieldStatementTreeTest
[WARNING] Resource not found: org.sonar.php.parser.expression.ArrayPairTest
[WARNING] Resource not found: org.sonar.php.parser.expression.InternalFunctionTest
[WARNING] Resource not found: org.sonar.php.tree.impl.expression.ArrayInitializerFunctionTreeTest
[WARNING] Resource not found: org.sonar.php.parser.expression.SemiComplexEncapsVariableTest
[WARNING] Resource not found: org.sonar.php.parser.expression.LexicalVarTest
[WARNING] Resource not found: org.sonar.php.tree.impl.statement.BlockTreeTest
[WARNING] Resource not found: org.sonar.php.parser.declaration.InterfaceDeclarationTest
[WARNING] Resource not found: org.sonar.php.tree.symbols.UsagesTest
[WARNING] Resource not found: org.sonar.php.parser.statement.IfStatementTest
[WARNING] Resource not found: org.sonar.php.parser.expression.SimpleEncapsVariableTest
[WARNING] Resource not found: org.sonar.php.parser.lexical.HeredocTest
[WARNING] Resource not found: org.sonar.php.parser.expression.AnonymousClassTest
[WARNING] Resource not found: org.sonar.php.tree.impl.expression.ExpandableStringLiteralTreeTest
[WARNING] Resource not found: org.sonar.php.parser.expression.ExitExprTest
[WARNING] Resource not found: org.sonar.php.parser.expression.LexicalVarsTest
[WARNING] Resource not found: org.sonar.php.tree.impl.statement.StaticStatementTreeTest
[WARNING] Resource not found: org.sonar.php.tree.impl.declaration.ClassPropertyDeclarationTreeTest
[WARNING] Resource not found: org.sonar.php.parser.expression.LogicalOrExpressionTest
[WARNING] Resource not found: org.sonar.php.parser.expression.NewExpressionTest
[WARNING] Resource not found: org.sonar.php.parser.expression.StaticScalarTest
[WARNING] Resource not found: org.sonar.php.parser.declaration.TraitDeclarationTest
[WARNING] Resource not found: org.sonar.php.tree.impl.statement.NamespaceStatementTreeTest
[WARNING] Resource not found: org.sonar.php.parser.statement.LabelTest
[WARNING] Resource not found: org.sonar.php.parser.lexical.FileOpeningTagTest
[WARNING] Resource not found: org.sonar.php.parser.expression.AssignmentExpressionTest
[WARNING] Resource not found: org.sonar.php.tree.impl.declaration.TraitMethodReferenceTreeTest
[WARNING] Resource not found: org.sonar.php.tree.impl.statement.UnsetVariableStatementTreeTest
[WARNING] Resource not found: org.sonar.php.tree.impl.statement.WhileStatementTreeTest
[WARNING] Resource not found: org.sonar.php.tree.impl.declaration.MethodDeclarationTreeTest
[WARNING] Resource not found: org.sonar.php.parser.statement.UseClauseTest
[WARNING] Resource not found: org.sonar.php.tree.impl.declaration.TraitPrecedenceTreeTest
[WARNING] Resource not found: org.sonar.php.tree.impl.expression.BinaryExpressionTreeTest
[WARNING] Resource not found: org.sonar.php.tree.impl.expression.FunctionExpressionTreeTest
[WARNING] Resource not found: org.sonar.php.parser.statement.BlockTest
[WARNING] Resource not found: org.sonar.php.tree.impl.declaration.ParameterListTreeTest
[WARNING] Resource not found: org.sonar.php.parser.declaration.ConstantDeclarationTest
[WARNING] Resource not found: org.sonar.php.tree.impl.ScriptTreeTest
[WARNING] Resource not found: org.sonar.php.tree.symbols.SymbolTableImplTest
[WARNING] Resource not found: org.sonar.php.parser.lexical.IdentifierTest
[WARNING] Resource not found: org.sonar.php.tree.impl.expression.MemberAccessTreeTest
[WARNING] Resource not found: org.sonar.php.parser.expression.PostfixExprTest
[WARNING] Resource not found: org.sonar.php.parser.declaration.TraitAliasTest
[WARNING] Resource not found: org.sonar.php.tree.impl.declaration.FunctionDeclarationTreeTest
[WARNING] Resource not found: org.sonar.php.tree.impl.statement.ForStatementTreeTest
[WARNING] Resource not found: org.sonar.php.parser.lexical.EncapsStringLiteralTest
[WARNING] Resource not found: org.sonar.php.parser.declaration.TypeNameTest
[WARNING] Resource not found: org.sonar.php.tree.impl.expression.ParenthesizedExpressionTreeTest
[WARNING] Resource not found: org.sonar.php.metrics.LineVisitorTest
[WARNING] Resource not found: org.sonar.php.parser.declaration.FunctionDeclarationTest
[WARNING] Resource not found: org.sonar.php.parser.expression.ListAssignmentExpressionTest
[WARNING] Resource not found: org.sonar.php.parser.declaration.ClassDeclarationTest
[WARNING] Resource not found: org.sonar.php.tree.impl.statement.ElseClauseTreeTest
[WARNING] Resource not found: org.sonar.php.tree.impl.statement.ExpressionStatementTreeTest
[WARNING] Resource not found: org.sonar.php.parser.expression.BitwiseAndExpressionTest
[WARNING] Resource not found: org.sonar.php.parser.statement.EchoStatementTest
[WARNING] Resource not found: org.sonar.php.tree.impl.declaration.TraitAliasTreeTest
[WARNING] Resource not found: org.sonar.php.parser.expression.PrimaryExpressionTest
[WARNING] Resource not found: org.sonar.php.parser.statement.YieldStatementTest
[WARNING] Resource not found: org.sonar.php.tree.impl.expression.YieldExpressionTreeTest
[WARNING] Resource not found: org.sonar.php.parser.statement.GlobalStatementTest
[WARNING] Resource not found: org.sonar.php.parser.expression.EncapsVarTest
[WARNING] Resource not found: org.sonar.php.parser.lexical.VarIdentifierTest
[WARNING] Resource not found: org.sonar.php.tree.impl.statement.InlineHTMLTreeTest
[WARNING] Resource not found: org.sonar.php.tree.impl.statement.IfStatementTreeTest
[WARNING] Resource not found: org.sonar.php.parser.declaration.ParameterTest
[WARNING] Resource not found: org.sonar.php.parser.statement.DeclareStatementTest
[WARNING] Resource not found: org.sonar.php.parser.declaration.TraitPrecedenceTest
[WARNING] Resource not found: org.sonar.php.parser.expression.AdditiveExpressionTest
[WARNING] Resource not found: org.sonar.php.parser.statement.UnsetVariableStatementTest
[WARNING] Resource not found: org.sonar.php.parser.expression.DimensionalOffsetTest
[WARNING] Resource not found: org.sonar.php.parser.lexical.NumericLiteralTest
[WARNING] Resource not found: org.sonar.php.parser.declaration.TraitMethodReferenceTest
[WARNING] Resource not found: org.sonar.php.tree.impl.statement.ElseifClauseTreeTest
[WARNING] Resource not found: org.sonar.php.parser.expression.LogicalXorExpressionTest
[WARNING] Resource not found: org.sonar.php.parser.statement.EmptyStatementTest
[WARNING] Resource not found: org.sonar.php.parser.statement.StaticVariableTest
[WARNING] Resource not found: org.sonar.php.tree.impl.expression.ExpandableStringCharactersTreeTest
[WARNING] Resource not found: org.sonar.php.parser.expression.BooleanLiteralTest
[WARNING] Resource not found: org.sonar.php.tree.impl.statement.BreakStatementTreeTest
[WARNING] Resource not found: org.sonar.php.parser.expression.FunctionExpressionTest
[WARNING] Resource not found: org.sonar.php.tree.impl.statement.ThrowStatementTreeTest
[WARNING] Resource not found: org.sonar.php.parser.expression.ShiftExpressionTest
[WARNING] Resource not found: org.sonar.php.parser.expression.ConditionalExpressionTest
[WARNING] Resource not found: org.sonar.php.parser.expression.MemberExpressionTest
[WARNING] Resource not found: org.sonar.php.tree.impl.statement.SwitchStatementTreeTest
[WARNING] Resource not found: org.sonar.php.parser.declaration.MethodDeclarationTest
[WARNING] Resource not found: org.sonar.php.parser.statement.SwitchStatementTest
[WARNING] Resource not found: org.sonar.php.tree.impl.expression.ArrayInitializerBracketTreeTest
[WARNING] Resource not found: org.sonar.php.tree.impl.expression.ConditionalExpressionTreeTest
[WARNING] Resource not found: org.sonar.php.parser.statement.UseStatementTest
[WARNING] Resource not found: org.sonar.php.tree.impl.expression.VariableIdentifierTreeTest
[WARNING] Resource not found: org.sonar.php.tree.symbols.ClassMemberUsagesTest
[WARNING] Resource not found: org.sonar.php.parser.declaration.TraitMethodReferenceFullyQualifiedTest
[WARNING] Resource not found: org.sonar.php.parser.declaration.ParameterListTest
[WARNING] Resource not found: org.sonar.php.tree.impl.declaration.TypeNameTreeTest
[WARNING] Resource not found: org.sonar.php.tree.impl.expression.CompoundVariableTreeTest
[WARNING] Resource not found: org.sonar.php.parser.declaration.VariableDeclarationTest
[WARNING] Resource not found: org.sonar.php.parser.expression.FunctionCallParameterListTest
[WARNING] Resource not found: org.sonar.php.parser.statement.EOSTest
[WARNING] Resource not found: org.sonar.php.tree.impl.declaration.UseStatementTreeTest
[WARNING] Resource not found: org.sonar.php.parser.expression.VariableWithoutObjectsTest
[WARNING] Resource not found: org.sonar.php.tree.impl.statement.ForEachStatementTreeTest
[WARNING] Resource not found: org.sonar.php.tree.impl.expression.AnonymousClassTreeTest
[WARNING] Resource not found: org.sonar.php.tree.visitors.PHPSubscriptionCheckTest
[WARNING] Resource not found: org.sonar.php.metrics.ComplexityVisitorTest
[WARNING] Resource not found: org.sonar.php.parser.statement.ThrowStatementTest
[WARNING] Resource not found: org.sonar.php.parser.statement.ContinueStatementTest
[WARNING] Resource not found: org.sonar.php.tree.impl.declaration.ParameterTreeTest
[WARNING] Resource not found: org.sonar.php.parser.statement.BreakStatementTest
[WARNING] Resource not found: org.sonar.php.tree.impl.statement.LabelTreeTest
[WARNING] Resource not found: org.sonar.php.parser.declaration.MemberConstDeclarationTest
[WARNING] Resource not found: org.sonar.php.parser.expression.NullCoalescingExpressionTest
[WARNING] Resource not found: org.sonar.php.parser.expression.LogicalAndExpressionTest
[WARNING] Resource not found: org.sonar.php.parser.statement.StaticStatementTest
[WARNING] Resource not found: org.sonar.php.parser.statement.ForeachStatementTest
[WARNING] Resource not found: org.sonar.php.tree.impl.statement.EmptyStatementTreeTest
[WARNING] Resource not found: org.sonar.php.parser.expression.EqualityExpressionTest
[WARNING] Resource not found: org.sonar.php.parser.expression.MultiplicativeExpressionTest
[WARNING] Resource not found: org.sonar.php.parser.CompilationUnitTest
[WARNING] Resource not found: org.sonar.php.tree.impl.statement.DoWhileStatementTreeTest
[WARNING] Resource not found: org.sonar.php.tree.impl.statement.DeclareStatementTreeTest
[WARNING] Resource not found: org.sonar.php.parser.statement.WhileStatementTest
[WARNING] Resource not found: org.sonar.php.parser.KeywordTest
[WARNING] Resource not found: org.sonar.php.parser.expression.BitwiseXorExpressionTest
[INFO] Sensor SurefireSensor (done) | time=233ms
[INFO] Sensor JaCoCoSensor
[INFO] Analysing /home/travis/build/SonarSource/sonar-php/php-frontend/target/jacoco.exec
[INFO] No information about coverage per test.
[INFO] Sensor JaCoCoSensor (done) | time=166ms
[INFO] Sensor JaCoCoItSensor
[INFO] JaCoCoItSensor: JaCoCo IT report not found: /home/travis/build/SonarSource/sonar-php/php-frontend/target/jacoco-it.exec
[INFO] Sensor JaCoCoItSensor (done) | time=0ms
[INFO] Sensor JaCoCoOverallSensor
[INFO] Analysing /home/travis/build/SonarSource/sonar-php/php-frontend/target/jacoco.exec
[INFO] Analysing /home/travis/build/SonarSource/sonar-php/php-frontend/target/sonar/jacoco-overall.exec
[INFO] No information about coverage per test.
[INFO] Sensor JaCoCoOverallSensor (done) | time=165ms
[INFO] Sensor XmlFileSensor
[INFO] Sensor XmlFileSensor (done) | time=0ms
[INFO] -------------  Scan PHP :: Checks
[INFO] Base dir: /home/travis/build/SonarSource/sonar-php/php-checks
[INFO] Working dir: /home/travis/build/SonarSource/sonar-php/php-checks/target/sonar
[INFO] Source paths: pom.xml, src/main/java, target/generated-sources/annotations
[INFO] Test paths: src/test/java, target/generated-test-sources/test-annotations
[INFO] Source encoding: UTF-8, default locale: en_US
[INFO] Index files
[INFO] 252 files indexed
[INFO] Quality profile for java: AstNode-free language plugins
[INFO] Sensor JavaSquidSensor
[INFO] Configured Java source version (sonar.java.source): 8
[INFO] JavaClasspath initialization
[INFO] JavaClasspath initialization (done) | time=1ms
[INFO] JavaTestClasspath initialization
[INFO] JavaTestClasspath initialization (done) | time=1ms
[INFO] Java Main Files AST scan
[INFO] 109 source files to be analyzed
[INFO] Java Main Files AST scan (done) | time=9786ms
[INFO] Java Test Files AST scan
[INFO] 117 source files to be analyzed
[INFO] 109/109 source files have been analyzed
[INFO] Java Test Files AST scan (done) | time=3397ms
[INFO] Sensor JavaSquidSensor (done) | time=13219ms
[INFO] Sensor com.sonarsource.burgr.plugin.settings.CollectBurgrData
[INFO] Sensor com.sonarsource.burgr.plugin.settings.CollectBurgrData (done) | time=0ms
[INFO] Sensor SurefireSensor
[INFO] parsing /home/travis/build/SonarSource/sonar-php/php-checks/target/surefire-reports
[INFO] 117/117 source files have been analyzed
[WARNING] Resource not found: org.sonar.php.checks.CheckListTest
[WARNING] Resource not found: org.sonar.php.checks.utils.EqualityTest
[INFO] Sensor SurefireSensor (done) | time=79ms
[INFO] Sensor JaCoCoSensor
[INFO] Analysing /home/travis/build/SonarSource/sonar-php/php-checks/target/jacoco.exec
[INFO] No information about coverage per test.
[INFO] Sensor JaCoCoSensor (done) | time=95ms
[INFO] Sensor JaCoCoItSensor
[INFO] JaCoCoItSensor: JaCoCo IT report not found: /home/travis/build/SonarSource/sonar-php/php-checks/target/jacoco-it.exec
[INFO] Sensor JaCoCoItSensor (done) | time=0ms
[INFO] Sensor JaCoCoOverallSensor
[INFO] Analysing /home/travis/build/SonarSource/sonar-php/php-checks/target/jacoco.exec
[INFO] Analysing /home/travis/build/SonarSource/sonar-php/php-checks/target/sonar/jacoco-overall.exec
[INFO] No information about coverage per test.
[INFO] Sensor JaCoCoOverallSensor (done) | time=57ms
[INFO] Sensor XmlFileSensor
[INFO] Sensor XmlFileSensor (done) | time=1ms
[INFO] -------------  Scan PHP
[INFO] Base dir: /home/travis/build/SonarSource/sonar-php
[INFO] Working dir: /home/travis/build/SonarSource/sonar-php/target/sonar
[INFO] Source encoding: UTF-8, default locale: en_US
[INFO] Sensor com.sonarsource.burgr.plugin.settings.CollectBurgrData
[INFO] Sensor com.sonarsource.burgr.plugin.settings.CollectBurgrData (done) | time=7ms
[INFO] Sensor XmlFileSensor
[INFO] Sensor XmlFileSensor (done) | time=0ms
[INFO] Load server issues
[INFO] Load server issues (done) | time=84ms
[INFO] Performing issue tracking
[INFO] 798/798 components tracked
[INFO] ANALYSIS SUCCESSFUL
[INFO] Executing post-job GitHub Pull Request Issue Publisher
[INFO] Task total time: 48.114 s
[INFO] Artifactory Build Info Recorder: Saving Build Info to '/home/travis/build/SonarSource/sonar-php/target/build-info.json'
[INFO] Deploying artifact: [secure]/[secure]/org/sonarsource/php/php-checks/2.9.0.1374/php-checks-2.9.0.1374.jar
[INFO] Deploying artifact: [secure]/[secure]/org/sonarsource/php/php-checks/2.9.0.1374/php-checks-2.9.0.1374-sources.jar
[INFO] Deploying artifact: [secure]/[secure]/org/sonarsource/php/php-checks/2.9.0.1374/php-checks-2.9.0.1374.pom
[INFO] Deploying artifact: [secure]/[secure]/org/sonarsource/php/php/2.9.0.1374/php-2.9.0.1374.pom
[INFO] Deploying artifact: [secure]/[secure]/org/sonarsource/php/php-frontend/2.9.0.1374/php-frontend-2.9.0.1374-sources.jar
[INFO] Deploying artifact: [secure]/[secure]/org/sonarsource/php/php-frontend/2.9.0.1374/php-frontend-2.9.0.1374.jar
[INFO] Deploying artifact: [secure]/[secure]/org/sonarsource/php/php-frontend/2.9.0.1374/php-frontend-2.9.0.1374-tests.jar
[INFO] Deploying artifact: [secure]/[secure]/org/sonarsource/php/php-frontend/2.9.0.1374/php-frontend-2.9.0.1374.pom
[INFO] Deploying artifact: [secure]/[secure]/org/sonarsource/php/sonar-php-plugin/2.9.0.1374/sonar-php-plugin-2.9.0.1374-sources.jar
[INFO] Deploying artifact: [secure]/[secure]/org/sonarsource/php/sonar-php-plugin/2.9.0.1374/sonar-php-plugin-2.9.0.1374.jar
[INFO] Deploying artifact: [secure]/[secure]/org/sonarsource/php/sonar-php-plugin/2.9.0.1374/sonar-php-plugin-2.9.0.1374.pom
[INFO] Artifactory Build Info Recorder: Deploying build info ...
[INFO] Deploying build descriptor to: [secure]/api/build
[INFO] Build successfully deployed. Browse it in Artifactory under [secure]/webapp/builds/sonar-php/1374
[INFO] ------------------------------------------------------------------------
[INFO] Reactor Summary:
[INFO] 
[INFO] PHP ................................................ SUCCESS [01:21 min]
[INFO] PHP :: Frontend .................................... SUCCESS [ 41.739 s]
[INFO] PHP :: Checks ...................................... SUCCESS [ 14.832 s]
[INFO] PHP :: Sonar Plugin ................................ SUCCESS [ 14.224 s]
[INFO] ------------------------------------------------------------------------
[INFO] BUILD SUCCESS
[INFO] ------------------------------------------------------------------------
[INFO] Total time: 02:57 min
[INFO] Finished at: 2016-09-16T15:43:28+00:00
[INFO] Final Memory: 68M/473M
[INFO] ------------------------------------------------------------------------

travis_time:end:060f5e32:start=1474040405769406459,finish=1474040609008938553,duration=203239532094[0K
[32;1mThe command "./travis.sh" exited with 0.[0m
travis_fold:start:cache.2[0Kstore build cache
travis_time:start:1bc3a6d0[0K
travis_time:end:1bc3a6d0:start=1474040609013518817,finish=1474040609017042417,duration=3523600[0Ktravis_time:start:028af479[0K[32;1mchange detected (content changed, file is created, or file is deleted):
/home/travis/.m2/repository/org/apache/maven/plugins/maven-help-plugin/resolver-status.properties
/home/travis/.m2/repository/org/apache/maven/plugins/resolver-status.properties
/home/travis/.m2/repository/org/assertj/assertj-core/resolver-status.properties
/home/travis/.m2/repository/org/codehaus/mojo/resolver-status.properties
/home/travis/.m2/repository/org/codehaus/mojo/sonar-maven-plugin/resolver-status.properties
/home/travis/.m2/repository/org/jacoco/jacoco-maven-plugin/resolver-status.properties
/home/travis/.m2/repository/org/sonarsource/php/php/2.9.0.1374/php-2.9.0.1374.pom
/home/travis/.m2/repository/org/sonarsource/php/php/2.9.0.1374/_remote.repositories
/home/travis/.m2/repository/org/sonarsource/php/php-checks/2.9.0.1374/php-checks-2.9.0.1374.jar
/home/travis/.m2/repository/org/sonarsource/php/php-checks/2.9.0.1374/php-checks-2.9.0.1374.pom
/home/travis/.m2/repository/org/sonarsource/php/php-checks/2.9.0.1374/php-checks-2.9.0.1374-sources.jar
/home/travis/.m2/repository/or
[0m
[32;1m...
[0m
[32;1mchanges detected, packing new archive[0m
.
[32;1muploading archive[0m

travis_time:end:028af479:start=1474040609021051435,finish=1474040624332770773,duration=15311719338[0Ktravis_fold:end:cache.2[0K
Done. Your build exited with 0.
