travis_fold:start:worker_info[0K[33;1mWorker information[0m
hostname: i-06bf747-precise-production-2-worker-org-docker.travisci.net:0af0846b-5f4e-48be-8b56-f4c219f765dd
version: v2.5.0 https://github.com/travis-ci/worker/tree/da3a43228dffc0fcca5a46569ca786b22991979f
instance: 68145e9:travis:java
startup: 617.079585ms
travis_fold:end:worker_info[0Ktravis_fold:start:system_info[0K[33;1mBuild system information[0m
Build language: java
Build group: stable
Build dist: precise
Build id: 208889973
Job id: 208889974
travis-build version: 9f712ea80
[34m[1mBuild image provisioning date and time[0m
Thu Feb  5 15:09:33 UTC 2015
[34m[1mOperating System Details[0m
Distributor ID:	Ubuntu
Description:	Ubuntu 12.04.5 LTS
Release:	12.04
Codename:	precise
[34m[1mLinux Version[0m
3.13.0-29-generic
[34m[1mCookbooks Version[0m
a68419e https://github.com/travis-ci/travis-cookbooks/tree/a68419e
[34m[1mGCC version[0m
gcc (Ubuntu/Linaro 4.6.3-1ubuntu5) 4.6.3
Copyright (C) 2011 Free Software Foundation, Inc.
This is free software; see the source for copying conditions.  There is NO
warranty; not even for MERCHANTABILITY or FITNESS FOR A PARTICULAR PURPOSE.

[34m[1mLLVM version[0m
clang version 3.4 (tags/RELEASE_34/final)
Target: x86_64-unknown-linux-gnu
Thread model: posix
[34m[1mPre-installed Ruby versions[0m
ruby-1.9.3-p551
[34m[1mPre-installed Node.js versions[0m
v0.10.36
[34m[1mPre-installed Go versions[0m
1.4.1
[34m[1mRedis version[0m
redis-server 2.8.19
[34m[1mriak version[0m
2.0.2
[34m[1mMongoDB version[0m
MongoDB 2.4.12
[34m[1mCouchDB version[0m
couchdb 1.6.1
[34m[1mNeo4j version[0m
1.9.4
[34m[1mRabbitMQ Version[0m
3.4.3
[34m[1mElasticSearch version[0m
1.4.0
[34m[1mInstalled Sphinx versions[0m
2.0.10
2.1.9
2.2.6
[34m[1mDefault Sphinx version[0m
2.2.6
[34m[1mInstalled Firefox version[0m
firefox 31.0esr
[34m[1mPhantomJS version[0m
1.9.8
[34m[1mant -version[0m
Apache Ant(TM) version 1.8.2 compiled on December 3 2011
[34m[1mmvn -version[0m
Apache Maven 3.2.5 (12a6b3acb947671f09b81f49094c53f426d8cea1; 2014-12-14T17:29:23+00:00)
Maven home: /usr/local/maven
Java version: 1.7.0_76, vendor: Oracle Corporation
Java home: /usr/lib/jvm/java-7-oracle/jre
Default locale: en_US, platform encoding: ANSI_X3.4-1968
OS name: "linux", version: "3.13.0-29-generic", arch: "amd64", family: "unix"
travis_fold:end:system_info[0K
travis_fold:start:fix.CVE-2015-7547[0K$ export DEBIAN_FRONTEND=noninteractive
Reading package lists...
Building dependency tree...
Reading state information...
The following extra packages will be installed:
  libc-bin libc-dev-bin libc6-dev
Suggested packages:
  glibc-doc
The following packages will be upgraded:
  libc-bin libc-dev-bin libc6 libc6-dev
4 upgraded, 0 newly installed, 0 to remove and 271 not upgraded.
Need to get 8,840 kB of archives.
After this operation, 14.3 kB disk space will be freed.
Get:1 http://us.archive.ubuntu.com/ubuntu/ precise-updates/main libc6-dev amd64 2.15-0ubuntu10.15 [2,943 kB]
Get:2 http://us.archive.ubuntu.com/ubuntu/ precise-updates/main libc-dev-bin amd64 2.15-0ubuntu10.15 [84.7 kB]
Get:3 http://us.archive.ubuntu.com/ubuntu/ precise-updates/main libc-bin amd64 2.15-0ubuntu10.15 [1,177 kB]
Get:4 http://us.archive.ubuntu.com/ubuntu/ precise-updates/main libc6 amd64 2.15-0ubuntu10.15 [4,636 kB]
Fetched 8,840 kB in 0s (34.6 MB/s)
Preconfiguring packages ...
(Reading database ... (Reading database ... 5%(Reading database ... 10%(Reading database ... 15%(Reading database ... 20%(Reading database ... 25%(Reading database ... 30%(Reading database ... 35%(Reading database ... 40%(Reading database ... 45%(Reading database ... 50%(Reading database ... 55%(Reading database ... 60%(Reading database ... 65%(Reading database ... 70%(Reading database ... 75%(Reading database ... 80%(Reading database ... 85%(Reading database ... 90%(Reading database ... 95%(Reading database ... 100%(Reading database ... 72019 files and directories currently installed.)
Preparing to replace libc6-dev 2.15-0ubuntu10.10 (using .../libc6-dev_2.15-0ubuntu10.15_amd64.deb) ...
Unpacking replacement libc6-dev ...
Preparing to replace libc-dev-bin 2.15-0ubuntu10.10 (using .../libc-dev-bin_2.15-0ubuntu10.15_amd64.deb) ...
Unpacking replacement libc-dev-bin ...
Preparing to replace libc-bin 2.15-0ubuntu10.10 (using .../libc-bin_2.15-0ubuntu10.15_amd64.deb) ...
Unpacking replacement libc-bin ...
Processing triggers for man-db ...
Setting up libc-bin (2.15-0ubuntu10.15) ...
(Reading database ... (Reading database ... 5%(Reading database ... 10%(Reading database ... 15%(Reading database ... 20%(Reading database ... 25%(Reading database ... 30%(Reading database ... 35%(Reading database ... 40%(Reading database ... 45%(Reading database ... 50%(Reading database ... 55%(Reading database ... 60%(Reading database ... 65%(Reading database ... 70%(Reading database ... 75%(Reading database ... 80%(Reading database ... 85%(Reading database ... 90%(Reading database ... 95%(Reading database ... 100%(Reading database ... 72018 files and directories currently installed.)
Preparing to replace libc6 2.15-0ubuntu10.10 (using .../libc6_2.15-0ubuntu10.15_amd64.deb) ...
Unpacking replacement libc6 ...
Setting up libc6 (2.15-0ubuntu10.15) ...
Setting up libc-dev-bin (2.15-0ubuntu10.15) ...
Setting up libc6-dev (2.15-0ubuntu10.15) ...
Processing triggers for libc-bin ...
ldconfig deferred processing now taking place
travis_fold:end:fix.CVE-2015-7547[0K$ jdk_switcher use oraclejdk8
Switching to Oracle JDK8 (java-8-oracle), JAVA_HOME will be set to /usr/lib/jvm/java-8-oracle
travis_fold:start:git.checkout[0Ktravis_time:start:05d43eab[0K$ git clone --depth=50 https://github.com/SonarSource/sonar-php.git SonarSource/sonar-php
Cloning into 'SonarSource/sonar-php'...
remote: Counting objects: 3826, done.[K
remote: Compressing objects:   0% (1/1522)   [Kremote: Compressing objects:   1% (16/1522)   [Kremote: Compressing objects:   2% (31/1522)   [Kremote: Compressing objects:   3% (46/1522)   [Kremote: Compressing objects:   4% (61/1522)   [Kremote: Compressing objects:   5% (77/1522)   [Kremote: Compressing objects:   6% (92/1522)   [Kremote: Compressing objects:   7% (107/1522)   [Kremote: Compressing objects:   8% (122/1522)   [Kremote: Compressing objects:   9% (137/1522)   [Kremote: Compressing objects:  10% (153/1522)   [Kremote: Compressing objects:  11% (168/1522)   [Kremote: Compressing objects:  12% (183/1522)   [Kremote: Compressing objects:  13% (198/1522)   [Kremote: Compressing objects:  14% (214/1522)   [Kremote: Compressing objects:  15% (229/1522)   [Kremote: Compressing objects:  16% (244/1522)   [Kremote: Compressing objects:  17% (259/1522)   [Kremote: Compressing objects:  18% (274/1522)   [Kremote: Compressing objects:  19% (290/1522)   [Kremote: Compressing objects:  20% (305/1522)   [Kremote: Compressing objects:  21% (320/1522)   [Kremote: Compressing objects:  22% (335/1522)   [Kremote: Compressing objects:  23% (351/1522)   [Kremote: Compressing objects:  24% (366/1522)   [Kremote: Compressing objects:  25% (381/1522)   [Kremote: Compressing objects:  26% (396/1522)   [Kremote: Compressing objects:  27% (411/1522)   [Kremote: Compressing objects:  28% (427/1522)   [Kremote: Compressing objects:  29% (442/1522)   [Kremote: Compressing objects:  30% (457/1522)   [Kremote: Compressing objects:  31% (472/1522)   [Kremote: Compressing objects:  32% (488/1522)   [Kremote: Compressing objects:  33% (503/1522)   [Kremote: Compressing objects:  34% (518/1522)   [Kremote: Compressing objects:  35% (533/1522)   [Kremote: Compressing objects:  36% (548/1522)   [Kremote: Compressing objects:  37% (564/1522)   [Kremote: Compressing objects:  38% (579/1522)   [Kremote: Compressing objects:  39% (594/1522)   [Kremote: Compressing objects:  40% (609/1522)   [Kremote: Compressing objects:  41% (625/1522)   [Kremote: Compressing objects:  42% (640/1522)   [Kremote: Compressing objects:  43% (655/1522)   [Kremote: Compressing objects:  44% (670/1522)   [Kremote: Compressing objects:  45% (685/1522)   [Kremote: Compressing objects:  46% (701/1522)   [Kremote: Compressing objects:  47% (716/1522)   [Kremote: Compressing objects:  48% (731/1522)   [Kremote: Compressing objects:  49% (746/1522)   [Kremote: Compressing objects:  50% (761/1522)   [Kremote: Compressing objects:  51% (777/1522)   [Kremote: Compressing objects:  52% (792/1522)   [Kremote: Compressing objects:  53% (807/1522)   [Kremote: Compressing objects:  54% (822/1522)   [Kremote: Compressing objects:  55% (838/1522)   [Kremote: Compressing objects:  56% (853/1522)   [Kremote: Compressing objects:  57% (868/1522)   [Kremote: Compressing objects:  58% (883/1522)   [Kremote: Compressing objects:  59% (898/1522)   [Kremote: Compressing objects:  60% (914/1522)   [Kremote: Compressing objects:  61% (929/1522)   [Kremote: Compressing objects:  62% (944/1522)   [Kremote: Compressing objects:  63% (959/1522)   [Kremote: Compressing objects:  64% (975/1522)   [Kremote: Compressing objects:  65% (990/1522)   [Kremote: Compressing objects:  66% (1005/1522)   [Kremote: Compressing objects:  67% (1020/1522)   [Kremote: Compressing objects:  68% (1035/1522)   [Kremote: Compressing objects:  69% (1051/1522)   [Kremote: Compressing objects:  70% (1066/1522)   [Kremote: Compressing objects:  71% (1081/1522)   [Kremote: Compressing objects:  72% (1096/1522)   [Kremote: Compressing objects:  73% (1112/1522)   [Kremote: Compressing objects:  74% (1127/1522)   [Kremote: Compressing objects:  75% (1142/1522)   [Kremote: Compressing objects:  76% (1157/1522)   [Kremote: Compressing objects:  77% (1172/1522)   [Kremote: Compressing objects:  78% (1188/1522)   [Kremote: Compressing objects:  79% (1203/1522)   [Kremote: Compressing objects:  80% (1218/1522)   [Kremote: Compressing objects:  81% (1233/1522)   [Kremote: Compressing objects:  82% (1249/1522)   [Kremote: Compressing objects:  83% (1264/1522)   [Kremote: Compressing objects:  84% (1279/1522)   [Kremote: Compressing objects:  85% (1294/1522)   [Kremote: Compressing objects:  86% (1309/1522)   [Kremote: Compressing objects:  87% (1325/1522)   [Kremote: Compressing objects:  88% (1340/1522)   [Kremote: Compressing objects:  89% (1355/1522)   [Kremote: Compressing objects:  90% (1370/1522)   [Kremote: Compressing objects:  91% (1386/1522)   [Kremote: Compressing objects:  92% (1401/1522)   [Kremote: Compressing objects:  93% (1416/1522)   [Kremote: Compressing objects:  94% (1431/1522)   [Kremote: Compressing objects:  95% (1446/1522)   [Kremote: Compressing objects:  96% (1462/1522)   [Kremote: Compressing objects:  97% (1477/1522)   [Kremote: Compressing objects:  98% (1492/1522)   [Kremote: Compressing objects:  99% (1507/1522)   [Kremote: Compressing objects: 100% (1522/1522)   [Kremote: Compressing objects: 100% (1522/1522), done.[K
Receiving objects:   0% (1/3826)   Receiving objects:   1% (39/3826)   Receiving objects:   2% (77/3826)   Receiving objects:   3% (115/3826)   Receiving objects:   4% (154/3826)   Receiving objects:   5% (192/3826)   Receiving objects:   6% (230/3826)   Receiving objects:   7% (268/3826)   Receiving objects:   8% (307/3826)   Receiving objects:   9% (345/3826)   Receiving objects:  10% (383/3826)   Receiving objects:  11% (421/3826)   Receiving objects:  12% (460/3826)   Receiving objects:  13% (498/3826)   Receiving objects:  14% (536/3826)   Receiving objects:  15% (574/3826)   Receiving objects:  16% (613/3826)   Receiving objects:  17% (651/3826)   Receiving objects:  18% (689/3826)   Receiving objects:  19% (727/3826)   Receiving objects:  20% (766/3826)   Receiving objects:  21% (804/3826)   Receiving objects:  22% (842/3826)   Receiving objects:  23% (880/3826)   Receiving objects:  24% (919/3826)   Receiving objects:  25% (957/3826)   Receiving objects:  26% (995/3826)   Receiving objects:  27% (1034/3826)   Receiving objects:  28% (1072/3826)   Receiving objects:  29% (1110/3826)   Receiving objects:  30% (1148/3826)   Receiving objects:  31% (1187/3826)   Receiving objects:  32% (1225/3826)   Receiving objects:  33% (1263/3826)   Receiving objects:  34% (1301/3826)   Receiving objects:  35% (1340/3826)   Receiving objects:  36% (1378/3826)   Receiving objects:  37% (1416/3826)   Receiving objects:  38% (1454/3826)   Receiving objects:  39% (1493/3826)   Receiving objects:  40% (1531/3826)   Receiving objects:  41% (1569/3826)   Receiving objects:  42% (1607/3826)   Receiving objects:  43% (1646/3826)   Receiving objects:  44% (1684/3826)   Receiving objects:  45% (1722/3826)   Receiving objects:  46% (1760/3826)   Receiving objects:  47% (1799/3826)   Receiving objects:  48% (1837/3826)   Receiving objects:  49% (1875/3826)   Receiving objects:  50% (1913/3826)   Receiving objects:  51% (1952/3826)   Receiving objects:  52% (1990/3826)   Receiving objects:  53% (2028/3826)   Receiving objects:  54% (2067/3826)   Receiving objects:  55% (2105/3826)   Receiving objects:  56% (2143/3826)   Receiving objects:  57% (2181/3826)   Receiving objects:  58% (2220/3826)   Receiving objects:  59% (2258/3826)   Receiving objects:  60% (2296/3826)   Receiving objects:  61% (2334/3826)   Receiving objects:  62% (2373/3826)   Receiving objects:  63% (2411/3826)   Receiving objects:  64% (2449/3826)   Receiving objects:  65% (2487/3826)   Receiving objects:  66% (2526/3826)   Receiving objects:  67% (2564/3826)   Receiving objects:  68% (2602/3826)   Receiving objects:  69% (2640/3826)   Receiving objects:  70% (2679/3826)   Receiving objects:  71% (2717/3826)   Receiving objects:  72% (2755/3826)   Receiving objects:  73% (2793/3826)   Receiving objects:  74% (2832/3826)   Receiving objects:  75% (2870/3826)   Receiving objects:  76% (2908/3826)   Receiving objects:  77% (2947/3826)   Receiving objects:  78% (2985/3826)   Receiving objects:  79% (3023/3826)   Receiving objects:  80% (3061/3826)   Receiving objects:  81% (3100/3826)   Receiving objects:  82% (3138/3826)   Receiving objects:  83% (3176/3826)   Receiving objects:  84% (3214/3826)   Receiving objects:  85% (3253/3826)   Receiving objects:  86% (3291/3826)   Receiving objects:  87% (3329/3826)   Receiving objects:  88% (3367/3826)   Receiving objects:  89% (3406/3826)   Receiving objects:  90% (3444/3826)   Receiving objects:  91% (3482/3826)   Receiving objects:  92% (3520/3826)   Receiving objects:  93% (3559/3826)   Receiving objects:  94% (3597/3826)   remote: Total 3826 (delta 2147), reused 3103 (delta 1783), pack-reused 0[K
Receiving objects:  95% (3635/3826)   Receiving objects:  96% (3673/3826)   Receiving objects:  97% (3712/3826)   Receiving objects:  98% (3750/3826)   Receiving objects:  99% (3788/3826)   Receiving objects: 100% (3826/3826)   Receiving objects: 100% (3826/3826), 1.16 MiB | 0 bytes/s, done.
Resolving deltas:   0% (0/2147)   Resolving deltas:   1% (22/2147)   Resolving deltas:   2% (49/2147)   Resolving deltas:   3% (67/2147)   Resolving deltas:   4% (90/2147)   Resolving deltas:   5% (108/2147)   Resolving deltas:   6% (129/2147)   Resolving deltas:   7% (151/2147)   Resolving deltas:   8% (175/2147)   Resolving deltas:   9% (194/2147)   Resolving deltas:  10% (217/2147)   Resolving deltas:  11% (242/2147)   Resolving deltas:  12% (258/2147)   Resolving deltas:  18% (394/2147)   Resolving deltas:  19% (413/2147)   Resolving deltas:  20% (430/2147)   Resolving deltas:  21% (470/2147)   Resolving deltas:  22% (478/2147)   Resolving deltas:  23% (498/2147)   Resolving deltas:  24% (520/2147)   Resolving deltas:  25% (539/2147)   Resolving deltas:  26% (578/2147)   Resolving deltas:  27% (580/2147)   Resolving deltas:  28% (611/2147)   Resolving deltas:  29% (623/2147)   Resolving deltas:  30% (649/2147)   Resolving deltas:  31% (666/2147)   Resolving deltas:  32% (690/2147)   Resolving deltas:  33% (714/2147)   Resolving deltas:  34% (731/2147)   Resolving deltas:  35% (757/2147)   Resolving deltas:  36% (774/2147)   Resolving deltas:  37% (795/2147)   Resolving deltas:  38% (826/2147)   Resolving deltas:  39% (855/2147)   Resolving deltas:  41% (883/2147)   Resolving deltas:  42% (919/2147)   Resolving deltas:  43% (925/2147)   Resolving deltas:  44% (950/2147)   Resolving deltas:  46% (991/2147)   Resolving deltas:  48% (1033/2147)   Resolving deltas:  49% (1058/2147)   Resolving deltas:  50% (1085/2147)   Resolving deltas:  54% (1168/2147)   Resolving deltas:  55% (1184/2147)   Resolving deltas:  62% (1334/2147)   Resolving deltas:  63% (1356/2147)   Resolving deltas:  64% (1375/2147)   Resolving deltas:  65% (1399/2147)   Resolving deltas:  66% (1421/2147)   Resolving deltas:  67% (1447/2147)   Resolving deltas:  68% (1468/2147)   Resolving deltas:  69% (1492/2147)   Resolving deltas:  70% (1511/2147)   Resolving deltas:  71% (1525/2147)   Resolving deltas:  72% (1547/2147)   Resolving deltas:  74% (1589/2147)   Resolving deltas:  78% (1676/2147)   Resolving deltas:  81% (1760/2147)   Resolving deltas:  82% (1768/2147)   Resolving deltas:  84% (1808/2147)   Resolving deltas:  85% (1845/2147)   Resolving deltas:  86% (1858/2147)   Resolving deltas:  87% (1871/2147)   Resolving deltas:  88% (1892/2147)   Resolving deltas:  89% (1918/2147)   Resolving deltas:  90% (1937/2147)   Resolving deltas:  91% (1959/2147)   Resolving deltas:  92% (1977/2147)   Resolving deltas:  93% (1999/2147)   Resolving deltas:  94% (2023/2147)   Resolving deltas:  95% (2048/2147)   Resolving deltas:  96% (2066/2147)   Resolving deltas:  97% (2084/2147)   Resolving deltas:  98% (2106/2147)   Resolving deltas:  99% (2132/2147)   Resolving deltas: 100% (2147/2147)   Resolving deltas: 100% (2147/2147), done.
Checking connectivity... done.

travis_time:end:05d43eab:start=1488962261949028215,finish=1488962262648363638,duration=699335423[0K$ cd SonarSource/sonar-php
travis_time:start:03a11b64[0K$ git fetch origin +refs/pull/188/merge:
remote: Counting objects: 56, done.[K
remote: Compressing objects:   4% (1/22)   [Kremote: Compressing objects:   9% (2/22)   [Kremote: Compressing objects:  13% (3/22)   [Kremote: Compressing objects:  18% (4/22)   [Kremote: Compressing objects:  22% (5/22)   [Kremote: Compressing objects:  27% (6/22)   [Kremote: Compressing objects:  31% (7/22)   [Kremote: Compressing objects:  36% (8/22)   [Kremote: Compressing objects:  40% (9/22)   [Kremote: Compressing objects:  45% (10/22)   [Kremote: Compressing objects:  50% (11/22)   [Kremote: Compressing objects:  54% (12/22)   [Kremote: Compressing objects:  59% (13/22)   [Kremote: Compressing objects:  63% (14/22)   [Kremote: Compressing objects:  68% (15/22)   [Kremote: Compressing objects:  72% (16/22)   [Kremote: Compressing objects:  77% (17/22)   [Kremote: Compressing objects:  81% (18/22)   [Kremote: Compressing objects:  86% (19/22)   [Kremote: Compressing objects:  90% (20/22)   [Kremote: Compressing objects:  95% (21/22)   [Kremote: Compressing objects: 100% (22/22)   [Kremote: Compressing objects: 100% (22/22), done.[K
remote: Total 56 (delta 17), reused 54 (delta 16), pack-reused 0[K
Unpacking objects:   1% (1/56)   Unpacking objects:   3% (2/56)   Unpacking objects:   5% (3/56)   Unpacking objects:   7% (4/56)   Unpacking objects:   8% (5/56)   Unpacking objects:  10% (6/56)   Unpacking objects:  12% (7/56)   Unpacking objects:  14% (8/56)   Unpacking objects:  16% (9/56)   Unpacking objects:  17% (10/56)   Unpacking objects:  19% (11/56)   Unpacking objects:  21% (12/56)   Unpacking objects:  23% (13/56)   Unpacking objects:  25% (14/56)   Unpacking objects:  26% (15/56)   Unpacking objects:  28% (16/56)   Unpacking objects:  30% (17/56)   Unpacking objects:  32% (18/56)   Unpacking objects:  33% (19/56)   Unpacking objects:  35% (20/56)   Unpacking objects:  37% (21/56)   Unpacking objects:  39% (22/56)   Unpacking objects:  41% (23/56)   Unpacking objects:  42% (24/56)   Unpacking objects:  44% (25/56)   Unpacking objects:  46% (26/56)   Unpacking objects:  48% (27/56)   Unpacking objects:  50% (28/56)   Unpacking objects:  51% (29/56)   Unpacking objects:  53% (30/56)   Unpacking objects:  55% (31/56)   Unpacking objects:  57% (32/56)   Unpacking objects:  58% (33/56)   Unpacking objects:  60% (34/56)   Unpacking objects:  62% (35/56)   Unpacking objects:  64% (36/56)   Unpacking objects:  66% (37/56)   Unpacking objects:  67% (38/56)   Unpacking objects:  69% (39/56)   Unpacking objects:  71% (40/56)   Unpacking objects:  73% (41/56)   Unpacking objects:  75% (42/56)   Unpacking objects:  76% (43/56)   Unpacking objects:  78% (44/56)   Unpacking objects:  80% (45/56)   Unpacking objects:  82% (46/56)   Unpacking objects:  83% (47/56)   Unpacking objects:  85% (48/56)   Unpacking objects:  87% (49/56)   Unpacking objects:  89% (50/56)   Unpacking objects:  91% (51/56)   Unpacking objects:  92% (52/56)   Unpacking objects:  94% (53/56)   Unpacking objects:  96% (54/56)   Unpacking objects:  98% (55/56)   Unpacking objects: 100% (56/56)   Unpacking objects: 100% (56/56), done.
From https://github.com/SonarSource/sonar-php
 * branch            refs/pull/188/merge -> FETCH_HEAD

travis_time:end:03a11b64:start=1488962262654335984,finish=1488962262978721697,duration=324385713[0K$ git checkout -qf FETCH_HEAD
travis_fold:end:git.checkout[0Ktravis_fold:start:git.submodule[0Ktravis_time:start:2071266c[0K$ git submodule update --init --recursive
Submodule 'its/sources' (https://github.com/SonarCommunity/php-test-sources.git) registered for path 'its/sources'
Cloning into 'its/sources'...
remote: Counting objects: 4359, done.[K
Receiving objects:   0% (1/4359)   Receiving objects:   1% (44/4359)   Receiving objects:   2% (88/4359)   Receiving objects:   3% (131/4359)   Receiving objects:   4% (175/4359)   Receiving objects:   5% (218/4359)   Receiving objects:   6% (262/4359)   Receiving objects:   7% (306/4359)   Receiving objects:   8% (349/4359)   Receiving objects:   9% (393/4359)   Receiving objects:  10% (436/4359)   Receiving objects:  11% (480/4359)   Receiving objects:  12% (524/4359)   Receiving objects:  13% (567/4359)   Receiving objects:  14% (611/4359)   Receiving objects:  15% (654/4359)   Receiving objects:  16% (698/4359)   Receiving objects:  17% (742/4359)   Receiving objects:  18% (785/4359)   Receiving objects:  19% (829/4359)   Receiving objects:  20% (872/4359)   Receiving objects:  21% (916/4359)   Receiving objects:  22% (959/4359)   Receiving objects:  23% (1003/4359)   Receiving objects:  24% (1047/4359)   Receiving objects:  25% (1090/4359)   Receiving objects:  26% (1134/4359)   Receiving objects:  27% (1177/4359)   Receiving objects:  28% (1221/4359)   Receiving objects:  29% (1265/4359)   Receiving objects:  30% (1308/4359)   Receiving objects:  31% (1352/4359)   Receiving objects:  32% (1395/4359)   Receiving objects:  33% (1439/4359)   Receiving objects:  34% (1483/4359)   Receiving objects:  35% (1526/4359)   Receiving objects:  36% (1570/4359)   Receiving objects:  37% (1613/4359)   Receiving objects:  38% (1657/4359)   Receiving objects:  39% (1701/4359)   Receiving objects:  40% (1744/4359)   Receiving objects:  41% (1788/4359)   Receiving objects:  42% (1831/4359)   Receiving objects:  43% (1875/4359)   Receiving objects:  44% (1918/4359)   Receiving objects:  45% (1962/4359)   Receiving objects:  46% (2006/4359)   Receiving objects:  47% (2049/4359)   Receiving objects:  48% (2093/4359)   Receiving objects:  49% (2136/4359)   Receiving objects:  50% (2180/4359)   Receiving objects:  51% (2224/4359)   Receiving objects:  52% (2267/4359)   Receiving objects:  53% (2311/4359)   Receiving objects:  54% (2354/4359)   Receiving objects:  55% (2398/4359)   Receiving objects:  56% (2442/4359)   Receiving objects:  57% (2485/4359)   Receiving objects:  58% (2529/4359)   Receiving objects:  59% (2572/4359)   Receiving objects:  60% (2616/4359)   Receiving objects:  61% (2659/4359)   Receiving objects:  62% (2703/4359)   Receiving objects:  63% (2747/4359)   Receiving objects:  64% (2790/4359)   Receiving objects:  65% (2834/4359)   Receiving objects:  66% (2877/4359)   Receiving objects:  67% (2921/4359)   Receiving objects:  68% (2965/4359)   Receiving objects:  69% (3008/4359)   Receiving objects:  70% (3052/4359)   Receiving objects:  71% (3095/4359)   Receiving objects:  72% (3139/4359)   Receiving objects:  73% (3183/4359)   Receiving objects:  74% (3226/4359)   Receiving objects:  75% (3270/4359)   Receiving objects:  76% (3313/4359)   Receiving objects:  77% (3357/4359)   Receiving objects:  78% (3401/4359)   Receiving objects:  79% (3444/4359)   Receiving objects:  80% (3488/4359)   Receiving objects:  81% (3531/4359)   Receiving objects:  82% (3575/4359)   Receiving objects:  83% (3618/4359)   Receiving objects:  84% (3662/4359)   Receiving objects:  85% (3706/4359)   Receiving objects:  86% (3749/4359)   Receiving objects:  87% (3793/4359)   Receiving objects:  88% (3836/4359)   Receiving objects:  89% (3880/4359)   Receiving objects:  90% (3924/4359)   Receiving objects:  91% (3967/4359)   Receiving objects:  92% (4011/4359)   Receiving objects:  93% (4054/4359)   Receiving objects:  94% (4098/4359)   Receiving objects:  95% (4142/4359)   Receiving objects:  96% (4185/4359)   Receiving objects:  97% (4229/4359)   remote: Total 4359 (delta 0), reused 0 (delta 0), pack-reused 4359[K
Receiving objects:  98% (4272/4359)   Receiving objects:  99% (4316/4359)   Receiving objects: 100% (4359/4359)   Receiving objects: 100% (4359/4359), 3.26 MiB | 0 bytes/s, done.
Resolving deltas:   0% (0/1594)   Resolving deltas:   1% (17/1594)   Resolving deltas:   2% (33/1594)   Resolving deltas:   3% (50/1594)   Resolving deltas:   4% (64/1594)   Resolving deltas:   5% (80/1594)   Resolving deltas:   6% (97/1594)   Resolving deltas:   7% (115/1594)   Resolving deltas:   8% (137/1594)   Resolving deltas:   9% (149/1594)   Resolving deltas:  10% (165/1594)   Resolving deltas:  13% (211/1594)   Resolving deltas:  16% (270/1594)   Resolving deltas:  22% (360/1594)   Resolving deltas:  23% (376/1594)   Resolving deltas:  24% (385/1594)   Resolving deltas:  25% (400/1594)   Resolving deltas:  26% (416/1594)   Resolving deltas:  27% (431/1594)   Resolving deltas:  28% (447/1594)   Resolving deltas:  29% (469/1594)   Resolving deltas:  30% (481/1594)   Resolving deltas:  31% (498/1594)   Resolving deltas:  32% (512/1594)   Resolving deltas:  33% (527/1594)   Resolving deltas:  34% (543/1594)   Resolving deltas:  35% (561/1594)   Resolving deltas:  36% (577/1594)   Resolving deltas:  37% (590/1594)   Resolving deltas:  38% (608/1594)   Resolving deltas:  39% (623/1594)   Resolving deltas:  40% (642/1594)   Resolving deltas:  41% (655/1594)   Resolving deltas:  42% (673/1594)   Resolving deltas:  43% (686/1594)   Resolving deltas:  44% (702/1594)   Resolving deltas:  45% (719/1594)   Resolving deltas:  46% (734/1594)   Resolving deltas:  47% (751/1594)   Resolving deltas:  48% (767/1594)   Resolving deltas:  49% (785/1594)   Resolving deltas:  50% (800/1594)   Resolving deltas:  51% (816/1594)   Resolving deltas:  52% (829/1594)   Resolving deltas:  53% (845/1594)   Resolving deltas:  54% (861/1594)   Resolving deltas:  55% (881/1594)   Resolving deltas:  56% (893/1594)   Resolving deltas:  57% (909/1594)   Resolving deltas:  58% (928/1594)   Resolving deltas:  59% (942/1594)   Resolving deltas:  60% (961/1594)   Resolving deltas:  61% (977/1594)   Resolving deltas:  62% (991/1594)   Resolving deltas:  63% (1007/1594)   Resolving deltas:  64% (1021/1594)   Resolving deltas:  65% (1038/1594)   Resolving deltas:  66% (1057/1594)   Resolving deltas:  67% (1069/1594)   Resolving deltas:  68% (1087/1594)   Resolving deltas:  69% (1100/1594)   Resolving deltas:  70% (1117/1594)   Resolving deltas:  71% (1132/1594)   Resolving deltas:  72% (1149/1594)   Resolving deltas:  73% (1165/1594)   Resolving deltas:  74% (1180/1594)   Resolving deltas:  75% (1198/1594)   Resolving deltas:  76% (1218/1594)   Resolving deltas:  77% (1229/1594)   Resolving deltas:  78% (1244/1594)   Resolving deltas:  79% (1260/1594)   Resolving deltas:  80% (1278/1594)   Resolving deltas:  81% (1293/1594)   Resolving deltas:  82% (1314/1594)   Resolving deltas:  83% (1325/1594)   Resolving deltas:  84% (1339/1594)   Resolving deltas:  85% (1358/1594)   Resolving deltas:  86% (1374/1594)   Resolving deltas:  87% (1389/1594)   Resolving deltas:  88% (1403/1594)   Resolving deltas:  89% (1419/1594)   Resolving deltas:  90% (1437/1594)   Resolving deltas:  91% (1452/1594)   Resolving deltas:  92% (1467/1594)   Resolving deltas:  93% (1485/1594)   Resolving deltas:  94% (1504/1594)   Resolving deltas:  95% (1517/1594)   Resolving deltas:  96% (1532/1594)   Resolving deltas:  97% (1547/1594)   Resolving deltas:  98% (1564/1594)   Resolving deltas:  99% (1580/1594)   Resolving deltas: 100% (1594/1594)   Resolving deltas: 100% (1594/1594), done.
Checking connectivity... done.
Submodule path 'its/sources': checked out '6cda465572511fd99e4da2969fb4ed64f02c9587'

travis_time:end:2071266c:start=1488962263038903947,finish=1488962264251851410,duration=1212947463[0Ktravis_fold:end:git.submodule[0K
[33;1mThis job is running on container-based infrastructure, which does not allow use of 'sudo', setuid and setguid executables.[0m
[33;1mIf you require sudo, add 'sudo: required' to your .travis.yml[0m
[33;1mSee https://docs.travis-ci.com/user/workers/container-based-infrastructure/ for details.[0m

[33;1mSetting environment variables from repository settings[0m
$ export ARTIFACTORY_URL=[secure]
$ export ARTIFACTORY_DEPLOY_REPO=[secure]
$ export ARTIFACTORY_DEPLOY_USERNAME=[secure]
$ export ARTIFACTORY_DEPLOY_PASSWORD=[secure]
$ export GITHUB_TOKEN=[secure]
$ export SONAR_TOKEN=[secure]
$ export DEPLOY_PULL_REQUEST=true
$ export SONAR_HOST_URL=[secure]

[33;1mSetting environment variables from .travis.yml[0m
$ export TEST=ci

travis_fold:start:cache.1[0KSetting up build cache
$ export CASHER_DIR=$HOME/.casher
travis_time:start:0c2e4028[0K$ Installing caching utilities

travis_time:end:0c2e4028:start=1488962267410746041,finish=1488962267474509447,duration=63763406[0Ktravis_time:start:04fca190[0K
travis_time:end:04fca190:start=1488962267480770896,finish=1488962267488955041,duration=8184145[0Ktravis_time:start:1419a4d8[0K[32;1mattempting to download cache archive[0m
[32;1mfetching PR.188/cache-linux-precise-aaf0f2a7697dc26eaa8f7fe2f6db204894f90918909ca69314e3747c529d7f1c--jdk-oraclejdk8.tgz[0m
[32;1mfound cache[0m

travis_time:end:1419a4d8:start=1488962267493836853,finish=1488962283337603117,duration=15843766264[0Ktravis_time:start:04cc0c7c[0K
travis_time:end:04cc0c7c:start=1488962283342798737,finish=1488962283347113148,duration=4314411[0Ktravis_time:start:28162e40[0K[32;1madding /home/travis/.m2/repository to cache[0m

travis_time:end:28162e40:start=1488962283351857873,finish=1488962301544876875,duration=18193019002[0Ktravis_fold:end:cache.1[0K$ java -Xmx32m -version
java version "1.8.0_31"
Java(TM) SE Runtime Environment (build 1.8.0_31-b13)
Java HotSpot(TM) 64-Bit Server VM (build 25.31-b07, mixed mode)
$ javac -J-Xmx32m -version
javac 1.8.0_31
travis_fold:start:install[0Ktravis_time:start:04be75f4[0K$ true

travis_time:end:04be75f4:start=1488962304060537588,finish=1488962304064961372,duration=4423784[0Ktravis_fold:end:install[0Ktravis_time:start:06d10c82[0K$ ./travis.sh
Copy public Maven settings
Setting .npmrc
======= Build and analyze pull request
Java HotSpot(TM) 64-Bit Server VM warning: ignoring option MaxPermSize=192m; support was removed in 8.0
Replacing version 2.10-SNAPSHOT with 2.10.0.2069
Java HotSpot(TM) 64-Bit Server VM warning: ignoring option MaxPermSize=192m; support was removed in 8.0
[INFO] Error stacktraces are turned on.
[INFO] Scanning for projects...
[WARNING] 
[WARNING] Some problems were encountered while building the effective model for org.sonarsource.php:php-checks:jar:2.10-SNAPSHOT
[WARNING] 'dependencies.dependency.(groupId:artifactId:type:classifier)' must be unique: ${project.groupId}:php-frontend:jar -> version (?) vs ${project.version} @ org.sonarsource.php:php-checks:[unknown-version], /home/travis/build/SonarSource/sonar-php/php-checks/pom.xml, line 20, column 17
[WARNING] 
[WARNING] It is highly recommended to fix these problems because they threaten the stability of your build.
[WARNING] 
[WARNING] For this reason, future Maven versions might no longer support building such malformed projects.
[WARNING] 
[INFO] ------------------------------------------------------------------------
[INFO] Reactor Build Order:
[INFO] 
[INFO] PHP
[INFO] PHP :: Frontend
[INFO] PHP :: Checks
[INFO] PHP :: Sonar Plugin
[INFO]                                                                         
[INFO] ------------------------------------------------------------------------
[INFO] Building PHP 2.10-SNAPSHOT
[INFO] ------------------------------------------------------------------------
[INFO] 
[INFO] --- versions-maven-plugin:2.2:set (default-cli) @ php ---
[INFO] Searching for local aggregator root...
[INFO] Local aggregation root: /home/travis/build/SonarSource/sonar-php
[INFO] Processing change of org.sonarsource.php:php:2.10-SNAPSHOT -> 2.10.0.2069
[INFO] Processing org.sonarsource.php:php
[INFO]     Updating project org.sonarsource.php:php
[INFO]         from version 2.10-SNAPSHOT to 2.10.0.2069
[INFO] 
[INFO] Processing org.sonarsource.php:php-checks
[INFO]     Updating parent org.sonarsource.php:php
[INFO]         from version 2.10-SNAPSHOT to 2.10.0.2069
[INFO] 
[INFO] Processing org.sonarsource.php:php-frontend
[INFO]     Updating parent org.sonarsource.php:php
[INFO]         from version 2.10-SNAPSHOT to 2.10.0.2069
[INFO] 
[INFO] Processing org.sonarsource.php:php-its
[INFO]     Updating parent org.sonarsource.php:php
[INFO]         from version 2.10-SNAPSHOT to 2.10.0.2069
[INFO] 
[INFO] Processing org.sonarsource.php:sonar-php-plugin
[INFO]     Updating parent org.sonarsource.php:php
[INFO]         from version 2.10-SNAPSHOT to 2.10.0.2069
[INFO] 
[INFO] Processing org.sonarsource.php:it-php-plugin
[INFO]     Updating parent org.sonarsource.php:php-its
[INFO]         from version 2.10-SNAPSHOT to 2.10.0.2069
[INFO] 
[INFO] Processing org.sonarsource.php:it-php-ruling
[INFO]     Updating parent org.sonarsource.php:php-its
[INFO]         from version 2.10-SNAPSHOT to 2.10.0.2069
[INFO] 
[INFO] Processing org.sonarsource.php:it-php-plugin-plugins
[INFO]     Updating parent org.sonarsource.php:it-php-plugin
[INFO]         from version 2.10-SNAPSHOT to 2.10.0.2069
[INFO] 
[INFO] Processing org.sonarsource.php:it-php-plugin-tests
[INFO]     Updating parent org.sonarsource.php:it-php-plugin
[INFO]         from version 2.10-SNAPSHOT to 2.10.0.2069
[INFO] 
[INFO] Processing org.sonarsource.php:php-custom-rules-plugin
[INFO]     Updating parent org.sonarsource.php:it-php-plugin-plugins
[INFO]         from version 2.10-SNAPSHOT to 2.10.0.2069
[INFO] 
[INFO] ------------------------------------------------------------------------
[INFO] Reactor Summary:
[INFO] 
[INFO] PHP ................................................ SUCCESS [  1.328 s]
[INFO] PHP :: Frontend .................................... SKIPPED
[INFO] PHP :: Checks ...................................... SKIPPED
[INFO] PHP :: Sonar Plugin ................................ SKIPPED
[INFO] ------------------------------------------------------------------------
[INFO] BUILD SUCCESS
[INFO] ------------------------------------------------------------------------
[INFO] Total time: 2.143 s
[INFO] Finished at: 2017-03-08T08:38:32+00:00
[INFO] Final Memory: 15M/491M
[INFO] ------------------------------------------------------------------------
======= with deploy
Java HotSpot(TM) 64-Bit Server VM warning: ignoring option MaxPermSize=192m; support was removed in 8.0
Apache Maven 3.2.5 (12a6b3acb947671f09b81f49094c53f426d8cea1; 2014-12-14T17:29:23+00:00)
Maven home: /usr/local/maven
Java version: 1.8.0_31, vendor: Oracle Corporation
Java home: /usr/lib/jvm/java-8-oracle/jre
Default locale: en_US, platform encoding: UTF-8
OS name: "linux", version: "4.8.12-040812-generic", arch: "amd64", family: "unix"
[INFO] Error stacktraces are turned on.
[INFO] Scanning for projects...
[WARNING] 
[WARNING] Some problems were encountered while building the effective model for org.sonarsource.php:php-checks:jar:2.10.0.2069
[WARNING] 'dependencies.dependency.(groupId:artifactId:type:classifier)' must be unique: ${project.groupId}:php-frontend:jar -> version (?) vs ${project.version} @ org.sonarsource.php:php-checks:[unknown-version], /home/travis/build/SonarSource/sonar-php/php-checks/pom.xml, line 20, column 17
[WARNING] 
[WARNING] It is highly recommended to fix these problems because they threaten the stability of your build.
[WARNING] 
[WARNING] For this reason, future Maven versions might no longer support building such malformed projects.
[WARNING] 
[INFO] ------------------------------------------------------------------------
[INFO] Reactor Build Order:
[INFO] 
[INFO] PHP
[INFO] PHP :: Frontend
[INFO] PHP :: Checks
[INFO] PHP :: Sonar Plugin
[INFO]                                                                         
[INFO] ------------------------------------------------------------------------
[INFO] Building PHP 2.10.0.2069
[INFO] ------------------------------------------------------------------------
[INFO] 
[INFO] --- jacoco-maven-plugin:0.7.9:prepare-agent (default-cli) @ php ---
[INFO] argLine set to -javaagent:/home/travis/.m2/repository/org/jacoco/org.jacoco.agent/0.7.9/org.jacoco.agent-0.7.9-runtime.jar=destfile=/home/travis/build/SonarSource/sonar-php/target/jacoco.exec
[INFO] 
[INFO] --- buildnumber-maven-plugin:1.4:create (default) @ php ---
[INFO] Executing: /bin/sh -c cd '/home/travis/build/SonarSource/sonar-php' && 'git' 'rev-parse' '--verify' 'HEAD'
[INFO] Working directory: /home/travis/build/SonarSource/sonar-php
[INFO] Storing buildNumber: dafdf3d30b1cd53c4a498097a7236723185fe6c4 at timestamp: 1488962316368
[WARNING] Cannot get the branch information from the git repository: 
Detecting the current branch failed: fatal: ref HEAD is not a symbolic ref

[INFO] Executing: /bin/sh -c cd '/home/travis/build/SonarSource/sonar-php' && 'git' 'rev-parse' '--verify' 'HEAD'
[INFO] Working directory: /home/travis/build/SonarSource/sonar-php
[INFO] Storing buildScmBranch: UNKNOWN
[INFO] 
[INFO] --- maven-enforcer-plugin:1.4.1:enforce (enforce) @ php ---
[INFO] 
[INFO] --- maven-enforcer-plugin:1.4.1:enforce (enforce-deploy-settings) @ php ---
[INFO] 
[INFO] --- license-maven-plugin:2.11:check (enforce-license-headers) @ php ---
[INFO] Checking licenses...
[INFO] 
[INFO] --- artifactory-maven-plugin:2.6.1:publish (build-info) @ php ---
[INFO] Merged properties file:/tmp/buildInfo1619186392168953343.properties created
[INFO] [buildinfo] Properties file found at '/tmp/buildInfo1619186392168953343.properties'
[INFO] Initializing Artifactory Build-Info Recording
[INFO] ------------------------------------------------------------------------
[INFO] Reactor Build Order:
[INFO] 
[INFO] PHP
[INFO] PHP :: Frontend
[INFO] PHP :: Checks
[INFO] PHP :: Sonar Plugin
[INFO]                                                                         
[INFO] ------------------------------------------------------------------------
[INFO] Building PHP 2.10.0.2069
[INFO] ------------------------------------------------------------------------
[INFO] 
[INFO] --- maven-source-plugin:2.4:jar-no-fork (attach-sources) @ php ---
[INFO] 
[INFO] --- maven-install-plugin:2.5.2:install (default-install) @ php ---
[INFO] Installing /home/travis/build/SonarSource/sonar-php/pom.xml to /home/travis/.m2/repository/org/sonarsource/php/php/2.10.0.2069/php-2.10.0.2069.pom
[INFO] 
[INFO] --- maven-deploy-plugin:2.8.2:deploy (default-deploy) @ php ---
[INFO] Skipping artifact deployment
[INFO]                                                                         
[INFO] ------------------------------------------------------------------------
[INFO] Building PHP :: Frontend 2.10.0.2069
[INFO] ------------------------------------------------------------------------
[INFO] 
[INFO] --- jacoco-maven-plugin:0.7.9:prepare-agent (default-cli) @ php-frontend ---
[INFO] argLine set to -javaagent:/home/travis/.m2/repository/org/jacoco/org.jacoco.agent/0.7.9/org.jacoco.agent-0.7.9-runtime.jar=destfile=/home/travis/build/SonarSource/sonar-php/php-frontend/target/jacoco.exec
[INFO] 
[INFO] --- buildnumber-maven-plugin:1.4:create (default) @ php-frontend ---
[INFO] 
[INFO] --- maven-enforcer-plugin:1.4.1:enforce (enforce) @ php-frontend ---
[INFO] 
[INFO] --- maven-enforcer-plugin:1.4.1:enforce (enforce-deploy-settings) @ php-frontend ---
[INFO] 
[INFO] --- license-maven-plugin:2.11:check (enforce-license-headers) @ php-frontend ---
[INFO] Checking licenses...
[INFO] 
[INFO] --- artifactory-maven-plugin:2.6.1:publish (build-info) @ php-frontend ---
[INFO] 
[INFO] --- maven-resources-plugin:2.7:resources (default-resources) @ php-frontend ---
[INFO] Using 'UTF-8' encoding to copy filtered resources.
[INFO] skip non existing resourceDirectory /home/travis/build/SonarSource/sonar-php/php-frontend/src/main/resources
[INFO] 
[INFO] --- maven-compiler-plugin:3.5.1:compile (default-compile) @ php-frontend ---
[INFO] Changes detected - recompiling the module!
[INFO] Compiling 256 source files to /home/travis/build/SonarSource/sonar-php/php-frontend/target/classes
[INFO] /home/travis/build/SonarSource/sonar-php/php-frontend/src/main/java/org/sonar/plugins/php/api/visitors/PHPCustomRulesDefinition.java: Some input files use or override a deprecated API.
[INFO] /home/travis/build/SonarSource/sonar-php/php-frontend/src/main/java/org/sonar/plugins/php/api/visitors/PHPCustomRulesDefinition.java: Recompile with -Xlint:deprecation for details.
[INFO] /home/travis/build/SonarSource/sonar-php/php-frontend/src/main/java/org/sonar/php/tree/impl/lexical/InternalSyntaxToken.java: Some input files use unchecked or unsafe operations.
[INFO] /home/travis/build/SonarSource/sonar-php/php-frontend/src/main/java/org/sonar/php/tree/impl/lexical/InternalSyntaxToken.java: Recompile with -Xlint:unchecked for details.
[INFO] 
[INFO] --- maven-resources-plugin:2.7:testResources (default-testResources) @ php-frontend ---
[INFO] Using 'UTF-8' encoding to copy filtered resources.
[INFO] Copying 16 resources
[INFO] 
[INFO] --- maven-compiler-plugin:3.5.1:testCompile (default-testCompile) @ php-frontend ---
[INFO] Changes detected - recompiling the module!
[INFO] Compiling 217 source files to /home/travis/build/SonarSource/sonar-php/php-frontend/target/test-classes
[INFO] /home/travis/build/SonarSource/sonar-php/php-frontend/src/test/java/org/sonar/php/compat/CompatibilityHelperTest.java: Some input files use or override a deprecated API.
[INFO] /home/travis/build/SonarSource/sonar-php/php-frontend/src/test/java/org/sonar/php/compat/CompatibilityHelperTest.java: Recompile with -Xlint:deprecation for details.
[INFO] /home/travis/build/SonarSource/sonar-php/php-frontend/src/test/java/org/sonar/php/PHPTreeModelTest.java: Some input files use unchecked or unsafe operations.
[INFO] /home/travis/build/SonarSource/sonar-php/php-frontend/src/test/java/org/sonar/php/PHPTreeModelTest.java: Recompile with -Xlint:unchecked for details.
[INFO] 
[INFO] --- maven-surefire-plugin:2.18:test (default-test) @ php-frontend ---
[INFO] Surefire report directory: /home/travis/build/SonarSource/sonar-php/php-frontend/target/surefire-reports

-------------------------------------------------------
 T E S T S
-------------------------------------------------------
Running org.sonar.php.metrics.CommentLineVisitorTest
Tests run: 1, Failures: 0, Errors: 0, Skipped: 0, Time elapsed: 1.13 sec - in org.sonar.php.metrics.CommentLineVisitorTest
Running org.sonar.php.tree.impl.declaration.TraitPrecedenceTreeTest
Tests run: 1, Failures: 0, Errors: 0, Skipped: 0, Time elapsed: 0.023 sec - in org.sonar.php.tree.impl.declaration.TraitPrecedenceTreeTest
Running org.sonar.php.parser.lexical.InlineHtmlTest
Tests run: 2, Failures: 0, Errors: 0, Skipped: 0, Time elapsed: 0.072 sec - in org.sonar.php.parser.lexical.InlineHtmlTest
Running org.sonar.php.parser.expression.NewExpressionTest
Tests run: 1, Failures: 0, Errors: 0, Skipped: 0, Time elapsed: 0.036 sec - in org.sonar.php.parser.expression.NewExpressionTest
Running org.sonar.php.parser.statement.DoWhileStatementTest
Tests run: 1, Failures: 0, Errors: 0, Skipped: 0, Time elapsed: 0.042 sec - in org.sonar.php.parser.statement.DoWhileStatementTest
Running org.sonar.php.parser.statement.ForStatementTest
Tests run: 1, Failures: 0, Errors: 0, Skipped: 0, Time elapsed: 0.055 sec - in org.sonar.php.parser.statement.ForStatementTest
Running org.sonar.php.parser.expression.FunctionCallParameterListTest
Tests run: 1, Failures: 0, Errors: 0, Skipped: 0, Time elapsed: 0.078 sec - in org.sonar.php.parser.expression.FunctionCallParameterListTest
Running org.sonar.php.parser.declaration.MethodDeclarationTest
Tests run: 2, Failures: 0, Errors: 0, Skipped: 0, Time elapsed: 0.059 sec - in org.sonar.php.parser.declaration.MethodDeclarationTest
Running org.sonar.php.parser.expression.PrimaryExpressionTest
Tests run: 1, Failures: 0, Errors: 0, Skipped: 0, Time elapsed: 0.015 sec - in org.sonar.php.parser.expression.PrimaryExpressionTest
Running org.sonar.php.tree.visitors.PHPSubscriptionCheckTest
Tests run: 1, Failures: 0, Errors: 0, Skipped: 0, Time elapsed: 0.443 sec - in org.sonar.php.tree.visitors.PHPSubscriptionCheckTest
Running org.sonar.php.parser.lexical.HeredocTest
Tests run: 1, Failures: 0, Errors: 0, Skipped: 0, Time elapsed: 0.006 sec - in org.sonar.php.parser.lexical.HeredocTest
Running org.sonar.php.parser.expression.LexicalVarTest
Tests run: 1, Failures: 0, Errors: 0, Skipped: 0, Time elapsed: 0.006 sec - in org.sonar.php.parser.expression.LexicalVarTest
Running org.sonar.php.tree.impl.statement.BlockTreeTest
Tests run: 2, Failures: 0, Errors: 0, Skipped: 0, Time elapsed: 0.129 sec - in org.sonar.php.tree.impl.statement.BlockTreeTest
Running org.sonar.php.tree.impl.statement.StaticStatementTreeTest
Tests run: 1, Failures: 0, Errors: 0, Skipped: 0, Time elapsed: 0.022 sec - in org.sonar.php.tree.impl.statement.StaticStatementTreeTest
Running org.sonar.plugins.php.api.PHPCustomRulesDefinitionTest
Tests run: 1, Failures: 0, Errors: 0, Skipped: 0, Time elapsed: 0.154 sec - in org.sonar.plugins.php.api.PHPCustomRulesDefinitionTest
Running org.sonar.php.tree.impl.statement.UnsetVariableStatementTreeTest
Tests run: 1, Failures: 0, Errors: 0, Skipped: 0, Time elapsed: 0.013 sec - in org.sonar.php.tree.impl.statement.UnsetVariableStatementTreeTest
Running org.sonar.php.parser.declaration.ParameterTest
Tests run: 1, Failures: 0, Errors: 0, Skipped: 0, Time elapsed: 0.012 sec - in org.sonar.php.parser.declaration.ParameterTest
Running org.sonar.php.tree.impl.expression.FunctionCallTreeTest
Tests run: 2, Failures: 0, Errors: 0, Skipped: 0, Time elapsed: 0.018 sec - in org.sonar.php.tree.impl.expression.FunctionCallTreeTest
Running org.sonar.php.tree.impl.expression.SpreadArgumentTreeTest
Tests run: 1, Failures: 0, Errors: 0, Skipped: 0, Time elapsed: 0.005 sec - in org.sonar.php.tree.impl.expression.SpreadArgumentTreeTest
Running org.sonar.php.parser.expression.LogicalOrExpressionTest
Tests run: 1, Failures: 0, Errors: 0, Skipped: 0, Time elapsed: 0.005 sec - in org.sonar.php.parser.expression.LogicalOrExpressionTest
Running org.sonar.php.tree.impl.expression.ArrayInitializerFunctionTreeTest
Tests run: 3, Failures: 0, Errors: 0, Skipped: 0, Time elapsed: 0.054 sec - in org.sonar.php.tree.impl.expression.ArrayInitializerFunctionTreeTest
Running org.sonar.php.parser.expression.StaticScalarTest
Tests run: 1, Failures: 0, Errors: 0, Skipped: 0, Time elapsed: 0.013 sec - in org.sonar.php.parser.expression.StaticScalarTest
Running org.sonar.php.parser.expression.SimpleEncapsVariableTest
Tests run: 3, Failures: 0, Errors: 0, Skipped: 0, Time elapsed: 0.12 sec - in org.sonar.php.parser.expression.SimpleEncapsVariableTest
Running org.sonar.php.parser.statement.EmptyStatementTest
Tests run: 1, Failures: 0, Errors: 0, Skipped: 0, Time elapsed: 0.016 sec - in org.sonar.php.parser.statement.EmptyStatementTest
Running org.sonar.php.ini.PhpIniParserTest
Tests run: 21, Failures: 0, Errors: 0, Skipped: 0, Time elapsed: 0.261 sec - in org.sonar.php.ini.PhpIniParserTest
Running org.sonar.php.parser.lexical.NumericLiteralTest
Tests run: 1, Failures: 0, Errors: 0, Skipped: 0, Time elapsed: 0.013 sec - in org.sonar.php.parser.lexical.NumericLiteralTest
Running org.sonar.php.tree.impl.statement.SwitchClauseTreeTest
Tests run: 2, Failures: 0, Errors: 0, Skipped: 0, Time elapsed: 0.043 sec - in org.sonar.php.tree.impl.statement.SwitchClauseTreeTest
Running org.sonar.php.parser.expression.PostfixExprTest
Tests run: 1, Failures: 0, Errors: 0, Skipped: 0, Time elapsed: 0.028 sec - in org.sonar.php.parser.expression.PostfixExprTest
Running org.sonar.php.parser.statement.ThrowStatementTest
Tests run: 1, Failures: 0, Errors: 0, Skipped: 0, Time elapsed: 0.025 sec - in org.sonar.php.parser.statement.ThrowStatementTest
Running org.sonar.php.parser.declaration.TraitAliasTest
Tests run: 1, Failures: 0, Errors: 0, Skipped: 0, Time elapsed: 0.05 sec - in org.sonar.php.parser.declaration.TraitAliasTest
Running org.sonar.php.metrics.LineVisitorTest
Tests run: 2, Failures: 0, Errors: 0, Skipped: 0, Time elapsed: 0.067 sec - in org.sonar.php.metrics.LineVisitorTest
Running org.sonar.php.parser.expression.AssignmentExpressionTest
Tests run: 1, Failures: 0, Errors: 0, Skipped: 0, Time elapsed: 0.029 sec - in org.sonar.php.parser.expression.AssignmentExpressionTest
Running org.sonar.php.parser.declaration.VariableDeclarationTest
Tests run: 1, Failures: 0, Errors: 0, Skipped: 0, Time elapsed: 0.011 sec - in org.sonar.php.parser.declaration.VariableDeclarationTest
Running org.sonar.php.parser.statement.NamespaceStatementTest
Tests run: 1, Failures: 0, Errors: 0, Skipped: 0, Time elapsed: 0.01 sec - in org.sonar.php.parser.statement.NamespaceStatementTest
Running org.sonar.php.parser.expression.BitwiseXorExpressionTest
Tests run: 1, Failures: 0, Errors: 0, Skipped: 0, Time elapsed: 0.004 sec - in org.sonar.php.parser.expression.BitwiseXorExpressionTest
Running org.sonar.php.parser.expression.AnonymousClassTest
Tests run: 1, Failures: 0, Errors: 0, Skipped: 0, Time elapsed: 0.009 sec - in org.sonar.php.parser.expression.AnonymousClassTest
Running org.sonar.php.tree.impl.statement.ElseClauseTreeTest
Tests run: 2, Failures: 0, Errors: 0, Skipped: 0, Time elapsed: 0.024 sec - in org.sonar.php.tree.impl.statement.ElseClauseTreeTest
Running org.sonar.php.parser.statement.BlockTest
Tests run: 1, Failures: 0, Errors: 0, Skipped: 0, Time elapsed: 0.009 sec - in org.sonar.php.parser.statement.BlockTest
Running org.sonar.php.parser.expression.SemiComplexEncapsVariableTest
Tests run: 3, Failures: 0, Errors: 0, Skipped: 0, Time elapsed: 0.018 sec - in org.sonar.php.parser.expression.SemiComplexEncapsVariableTest
Running org.sonar.php.tree.impl.expression.BinaryExpressionTreeTest
Tests run: 15, Failures: 0, Errors: 0, Skipped: 0, Time elapsed: 0.226 sec - in org.sonar.php.tree.impl.expression.BinaryExpressionTreeTest
Running org.sonar.php.tree.impl.lexical.InternalSyntaxTokenTest
Tests run: 2, Failures: 0, Errors: 0, Skipped: 0, Time elapsed: 0.005 sec - in org.sonar.php.tree.impl.lexical.InternalSyntaxTokenTest
Running org.sonar.php.parser.expression.EncapsVarTest
Tests run: 1, Failures: 0, Errors: 0, Skipped: 0, Time elapsed: 0.004 sec - in org.sonar.php.parser.expression.EncapsVarTest
Running org.sonar.php.tree.impl.statement.GlobalStatementTreeTest
Tests run: 1, Failures: 0, Errors: 0, Skipped: 0, Time elapsed: 0.004 sec - in org.sonar.php.tree.impl.statement.GlobalStatementTreeTest
Running org.sonar.php.parser.expression.DimensionalOffsetTest
Tests run: 1, Failures: 0, Errors: 0, Skipped: 0, Time elapsed: 0.004 sec - in org.sonar.php.parser.expression.DimensionalOffsetTest
Running org.sonar.php.parser.statement.BreakStatementTest
Tests run: 1, Failures: 0, Errors: 0, Skipped: 0, Time elapsed: 0.009 sec - in org.sonar.php.parser.statement.BreakStatementTest
Running org.sonar.plugins.php.api.tests.PhpCheckTestTest
Tests run: 26, Failures: 0, Errors: 0, Skipped: 0, Time elapsed: 0.149 sec - in org.sonar.plugins.php.api.tests.PhpCheckTestTest
Running org.sonar.php.tree.impl.expression.ExpandableStringCharactersTreeTest
Tests run: 1, Failures: 0, Errors: 0, Skipped: 0, Time elapsed: 0.005 sec - in org.sonar.php.tree.impl.expression.ExpandableStringCharactersTreeTest
Running org.sonar.php.tree.impl.expression.CastExpressionTreeTest
Tests run: 1, Failures: 0, Errors: 0, Skipped: 0, Time elapsed: 0.004 sec - in org.sonar.php.tree.impl.expression.CastExpressionTreeTest
Running org.sonar.php.tree.impl.declaration.ClassPropertyDeclarationTreeTest
Tests run: 2, Failures: 0, Errors: 0, Skipped: 0, Time elapsed: 0.008 sec - in org.sonar.php.tree.impl.declaration.ClassPropertyDeclarationTreeTest
Running org.sonar.php.parser.statement.ReturnStatementTest
Tests run: 1, Failures: 0, Errors: 0, Skipped: 0, Time elapsed: 0.004 sec - in org.sonar.php.parser.statement.ReturnStatementTest
Running org.sonar.php.parser.statement.GlobalStatementTest
Tests run: 1, Failures: 0, Errors: 0, Skipped: 0, Time elapsed: 0.006 sec - in org.sonar.php.parser.statement.GlobalStatementTest
Running org.sonar.php.PHPAnalyzerTest
Tests run: 3, Failures: 0, Errors: 0, Skipped: 0, Time elapsed: 0.267 sec - in org.sonar.php.PHPAnalyzerTest
Running org.sonar.php.parser.lexical.RegularStringLiteralTest
Tests run: 2, Failures: 0, Errors: 0, Skipped: 0, Time elapsed: 0.009 sec - in org.sonar.php.parser.lexical.RegularStringLiteralTest
Running org.sonar.php.tree.impl.declaration.ParameterTreeTest
Tests run: 2, Failures: 0, Errors: 0, Skipped: 0, Time elapsed: 0.008 sec - in org.sonar.php.tree.impl.declaration.ParameterTreeTest
Running org.sonar.php.tree.impl.expression.ConditionalExpressionTreeTest
Tests run: 2, Failures: 0, Errors: 0, Skipped: 0, Time elapsed: 0.007 sec - in org.sonar.php.tree.impl.expression.ConditionalExpressionTreeTest
Running org.sonar.php.parser.declaration.ConstantDeclarationTest
Tests run: 1, Failures: 0, Errors: 0, Skipped: 0, Time elapsed: 0.005 sec - in org.sonar.php.parser.declaration.ConstantDeclarationTest
Running org.sonar.php.parser.expression.MemberExpressionTest
Tests run: 1, Failures: 0, Errors: 0, Skipped: 0, Time elapsed: 0.019 sec - in org.sonar.php.parser.expression.MemberExpressionTest
Running org.sonar.php.tree.visitors.LegacyIssueTest
Tests run: 4, Failures: 0, Errors: 0, Skipped: 0, Time elapsed: 0.003 sec - in org.sonar.php.tree.visitors.LegacyIssueTest
Running org.sonar.php.tree.impl.statement.ForEachStatementTreeTest
Tests run: 3, Failures: 0, Errors: 0, Skipped: 0, Time elapsed: 0.01 sec - in org.sonar.php.tree.impl.statement.ForEachStatementTreeTest
Running org.sonar.php.parser.expression.ArrayInitializerTest
Tests run: 1, Failures: 0, Errors: 0, Skipped: 0, Time elapsed: 0.003 sec - in org.sonar.php.parser.expression.ArrayInitializerTest
Running org.sonar.php.tree.impl.declaration.MethodDeclarationTreeTest
Tests run: 2, Failures: 0, Errors: 0, Skipped: 0, Time elapsed: 0.008 sec - in org.sonar.php.tree.impl.declaration.MethodDeclarationTreeTest
Running org.sonar.php.tree.impl.expression.LexicalVariablesTreeTest
Tests run: 2, Failures: 0, Errors: 0, Skipped: 0, Time elapsed: 0.004 sec - in org.sonar.php.tree.impl.expression.LexicalVariablesTreeTest
Running org.sonar.php.metrics.ComplexityVisitorTest
Tests run: 4, Failures: 0, Errors: 0, Skipped: 0, Time elapsed: 0.032 sec - in org.sonar.php.metrics.ComplexityVisitorTest
Running org.sonar.php.metrics.CpdVisitorTest
Tests run: 5, Failures: 0, Errors: 0, Skipped: 0, Time elapsed: 0.052 sec - in org.sonar.php.metrics.CpdVisitorTest
Running org.sonar.php.parser.lexical.VarIdentifierTest
Tests run: 1, Failures: 0, Errors: 0, Skipped: 0, Time elapsed: 0.001 sec - in org.sonar.php.parser.lexical.VarIdentifierTest
Running org.sonar.php.parser.expression.BooleanLiteralTest
Tests run: 1, Failures: 0, Errors: 0, Skipped: 0, Time elapsed: 0.001 sec - in org.sonar.php.parser.expression.BooleanLiteralTest
Running org.sonar.php.tree.impl.statement.WhileStatementTreeTest
Tests run: 2, Failures: 0, Errors: 0, Skipped: 0, Time elapsed: 0.006 sec - in org.sonar.php.tree.impl.statement.WhileStatementTreeTest
Running org.sonar.php.tree.impl.declaration.TypeNameTreeTest
Tests run: 4, Failures: 0, Errors: 0, Skipped: 0, Time elapsed: 0.015 sec - in org.sonar.php.tree.impl.declaration.TypeNameTreeTest
Running org.sonar.php.tree.impl.expression.ExpandableStringLiteralTreeTest
Tests run: 5, Failures: 0, Errors: 0, Skipped: 0, Time elapsed: 0.015 sec - in org.sonar.php.tree.impl.expression.ExpandableStringLiteralTreeTest
Running org.sonar.php.parser.declaration.TraitDeclarationTest
Tests run: 1, Failures: 0, Errors: 0, Skipped: 0, Time elapsed: 0.003 sec - in org.sonar.php.parser.declaration.TraitDeclarationTest
Running org.sonar.php.parser.expression.FunctionExpressionTest
Tests run: 1, Failures: 0, Errors: 0, Skipped: 0, Time elapsed: 0.003 sec - in org.sonar.php.parser.expression.FunctionExpressionTest
Running org.sonar.php.parser.expression.ObjectMemberAccessTest
Tests run: 1, Failures: 0, Errors: 0, Skipped: 0, Time elapsed: 0.005 sec - in org.sonar.php.parser.expression.ObjectMemberAccessTest
Running org.sonar.php.parser.statement.ForeachStatementTest
Tests run: 1, Failures: 0, Errors: 0, Skipped: 0, Time elapsed: 0.006 sec - in org.sonar.php.parser.statement.ForeachStatementTest
Running org.sonar.php.parser.statement.UseClauseTest
Tests run: 2, Failures: 0, Errors: 0, Skipped: 0, Time elapsed: 0.005 sec - in org.sonar.php.parser.statement.UseClauseTest
Running org.sonar.php.tree.impl.CompilationUnitTreeTest
Tests run: 4, Failures: 0, Errors: 0, Skipped: 0, Time elapsed: 0.009 sec - in org.sonar.php.tree.impl.CompilationUnitTreeTest
Running org.sonar.php.parser.expression.NamespaceNameTest
Tests run: 1, Failures: 0, Errors: 0, Skipped: 0, Time elapsed: 0.002 sec - in org.sonar.php.parser.expression.NamespaceNameTest
Running org.sonar.php.tree.impl.expression.ParenthesizedExpressionTreeTest
Tests run: 2, Failures: 0, Errors: 0, Skipped: 0, Time elapsed: 0.004 sec - in org.sonar.php.tree.impl.expression.ParenthesizedExpressionTreeTest
Running org.sonar.php.parser.statement.IfStatementTest
Tests run: 2, Failures: 0, Errors: 0, Skipped: 0, Time elapsed: 0.011 sec - in org.sonar.php.parser.statement.IfStatementTest
Running org.sonar.php.ini.BasePhpIniIssueTest
Tests run: 1, Failures: 0, Errors: 0, Skipped: 0, Time elapsed: 0.004 sec - in org.sonar.php.ini.BasePhpIniIssueTest
Running org.sonar.php.tree.visitors.PHPVisitorCheckTest
Tests run: 2, Failures: 0, Errors: 0, Skipped: 0, Time elapsed: 0.014 sec - in org.sonar.php.tree.visitors.PHPVisitorCheckTest
Running org.sonar.php.tree.impl.statement.ContinueStatementTreeTest
Tests run: 2, Failures: 0, Errors: 0, Skipped: 0, Time elapsed: 0.005 sec - in org.sonar.php.tree.impl.statement.ContinueStatementTreeTest
Running org.sonar.php.parser.statement.EchoStatementTest
Tests run: 1, Failures: 0, Errors: 0, Skipped: 0, Time elapsed: 0.003 sec - in org.sonar.php.parser.statement.EchoStatementTest
Running org.sonar.php.metrics.CognitiveComplexityVisitorTest
Tests run: 14, Failures: 0, Errors: 0, Skipped: 0, Time elapsed: 0.459 sec - in org.sonar.php.metrics.CognitiveComplexityVisitorTest
Running org.sonar.php.parser.statement.UseStatementTest
Tests run: 2, Failures: 0, Errors: 0, Skipped: 0, Time elapsed: 0.006 sec - in org.sonar.php.parser.statement.UseStatementTest
Running org.sonar.plugins.php.api.visitors.FileIssueTest
Tests run: 2, Failures: 0, Errors: 0, Skipped: 0, Time elapsed: 0 sec - in org.sonar.plugins.php.api.visitors.FileIssueTest
Running org.sonar.php.tree.impl.statement.NamespaceStatementTreeTest
Tests run: 2, Failures: 0, Errors: 0, Skipped: 0, Time elapsed: 0.005 sec - in org.sonar.php.tree.impl.statement.NamespaceStatementTreeTest
Running org.sonar.php.parser.statement.StaticVariableTest
Tests run: 1, Failures: 0, Errors: 0, Skipped: 0, Time elapsed: 0.002 sec - in org.sonar.php.parser.statement.StaticVariableTest
Running org.sonar.php.parser.statement.WhileStatementTest
Tests run: 1, Failures: 0, Errors: 0, Skipped: 0, Time elapsed: 0.003 sec - in org.sonar.php.parser.statement.WhileStatementTest
Running org.sonar.plugins.php.api.visitors.IssueLocationTest
Tests run: 3, Failures: 0, Errors: 0, Skipped: 0, Time elapsed: 0 sec - in org.sonar.plugins.php.api.visitors.IssueLocationTest
Running org.sonar.php.tree.impl.ScriptTreeTest
Tests run: 3, Failures: 0, Errors: 0, Skipped: 0, Time elapsed: 0.011 sec - in org.sonar.php.tree.impl.ScriptTreeTest
Running org.sonar.php.parser.declaration.ClassVariableDeclarationTest
Tests run: 1, Failures: 0, Errors: 0, Skipped: 0, Time elapsed: 0.002 sec - in org.sonar.php.parser.declaration.ClassVariableDeclarationTest
Running org.sonar.php.parser.statement.LabelTest
Tests run: 1, Failures: 0, Errors: 0, Skipped: 0, Time elapsed: 0.004 sec - in org.sonar.php.parser.statement.LabelTest
Running org.sonar.php.parser.statement.EOSTest
Tests run: 1, Failures: 0, Errors: 0, Skipped: 0, Time elapsed: 0.002 sec - in org.sonar.php.parser.statement.EOSTest
Running org.sonar.php.highlighter.SyntaxHighlighterVisitorTest
Tests run: 11, Failures: 0, Errors: 0, Skipped: 0, Time elapsed: 0.036 sec - in org.sonar.php.highlighter.SyntaxHighlighterVisitorTest
Running org.sonar.php.parser.CompilationUnitTest
Tests run: 1, Failures: 0, Errors: 0, Skipped: 0, Time elapsed: 0.01 sec - in org.sonar.php.parser.CompilationUnitTest
Running org.sonar.php.parser.expression.LogicalAndExpressionTest
Tests run: 1, Failures: 0, Errors: 0, Skipped: 0, Time elapsed: 0.005 sec - in org.sonar.php.parser.expression.LogicalAndExpressionTest
Running org.sonar.php.tree.impl.statement.BreakStatementTreeTest
Tests run: 2, Failures: 0, Errors: 0, Skipped: 0, Time elapsed: 0.005 sec - in org.sonar.php.tree.impl.statement.BreakStatementTreeTest
Running org.sonar.php.tree.impl.declaration.FunctionDeclarationTreeTest
Tests run: 3, Failures: 0, Errors: 0, Skipped: 0, Time elapsed: 0.006 sec - in org.sonar.php.tree.impl.declaration.FunctionDeclarationTreeTest
Running org.sonar.php.tree.impl.statement.EmptyStatementTreeTest
Tests run: 1, Failures: 0, Errors: 0, Skipped: 0, Time elapsed: 0.001 sec - in org.sonar.php.tree.impl.statement.EmptyStatementTreeTest
Running org.sonar.php.parser.statement.ContinueStatementTest
Tests run: 1, Failures: 0, Errors: 0, Skipped: 0, Time elapsed: 0.003 sec - in org.sonar.php.parser.statement.ContinueStatementTest
Running org.sonar.php.parser.expression.YieldExpressionTest
Tests run: 1, Failures: 0, Errors: 0, Skipped: 0, Time elapsed: 0.004 sec - in org.sonar.php.parser.expression.YieldExpressionTest
Running org.sonar.plugins.php.api.visitors.PreciseIssueTest
Tests run: 3, Failures: 0, Errors: 0, Skipped: 0, Time elapsed: 0.001 sec - in org.sonar.plugins.php.api.visitors.PreciseIssueTest
Running org.sonar.php.parser.expression.VariableWithoutObjectsTest
Tests run: 1, Failures: 0, Errors: 0, Skipped: 0, Time elapsed: 0.004 sec - in org.sonar.php.parser.expression.VariableWithoutObjectsTest
Running org.sonar.php.parser.declaration.ParameterListTest
Tests run: 1, Failures: 0, Errors: 0, Skipped: 0, Time elapsed: 0.003 sec - in org.sonar.php.parser.declaration.ParameterListTest
Running org.sonar.php.tree.impl.expression.AssignmentExpressionTreeTest
Tests run: 2, Failures: 0, Errors: 0, Skipped: 0, Time elapsed: 0.008 sec - in org.sonar.php.tree.impl.expression.AssignmentExpressionTreeTest
Running org.sonar.php.tree.impl.declaration.ConstantDeclarationTreeTest
Tests run: 1, Failures: 0, Errors: 0, Skipped: 0, Time elapsed: 0.004 sec - in org.sonar.php.tree.impl.declaration.ConstantDeclarationTreeTest
Running org.sonar.php.parser.expression.CommonScalarTest
Tests run: 1, Failures: 0, Errors: 0, Skipped: 0, Time elapsed: 0.004 sec - in org.sonar.php.parser.expression.CommonScalarTest
Running org.sonar.php.tree.impl.statement.ExpressionStatementTreeTest
Tests run: 1, Failures: 0, Errors: 0, Skipped: 0, Time elapsed: 0.003 sec - in org.sonar.php.tree.impl.statement.ExpressionStatementTreeTest
Running org.sonar.plugins.php.api.visitors.LineIssueTest
Tests run: 2, Failures: 0, Errors: 0, Skipped: 0, Time elapsed: 0 sec - in org.sonar.plugins.php.api.visitors.LineIssueTest
Running org.sonar.php.tree.impl.declaration.TypeTreeTest
Tests run: 2, Failures: 0, Errors: 0, Skipped: 0, Time elapsed: 0.004 sec - in org.sonar.php.tree.impl.declaration.TypeTreeTest
Running org.sonar.php.parser.expression.ObjectDimListTest
Tests run: 1, Failures: 0, Errors: 0, Skipped: 0, Time elapsed: 0.002 sec - in org.sonar.php.parser.expression.ObjectDimListTest
Running org.sonar.php.parser.ScriptTest
Tests run: 1, Failures: 0, Errors: 0, Skipped: 0, Time elapsed: 0.003 sec - in org.sonar.php.parser.ScriptTest
Running org.sonar.php.parser.expression.HeredocStringLiteralTest
Tests run: 1, Failures: 0, Errors: 0, Skipped: 0, Time elapsed: 0.009 sec - in org.sonar.php.parser.expression.HeredocStringLiteralTest
Running org.sonar.php.parser.expression.BitwiseAndExpressionTest
Tests run: 1, Failures: 0, Errors: 0, Skipped: 0, Time elapsed: 0.002 sec - in org.sonar.php.parser.expression.BitwiseAndExpressionTest
Running org.sonar.php.parser.declaration.InterfaceDeclarationTest
Tests run: 1, Failures: 0, Errors: 0, Skipped: 0, Time elapsed: 0.002 sec - in org.sonar.php.parser.declaration.InterfaceDeclarationTest
Running org.sonar.php.parser.expression.ListExpressionTest
Tests run: 1, Failures: 0, Errors: 0, Skipped: 0, Time elapsed: 0.003 sec - in org.sonar.php.parser.expression.ListExpressionTest
Running org.sonar.php.tree.impl.expression.ArrayInitializerBracketTreeTest
Tests run: 3, Failures: 0, Errors: 0, Skipped: 0, Time elapsed: 0.008 sec - in org.sonar.php.tree.impl.expression.ArrayInitializerBracketTreeTest
Running org.sonar.php.parser.expression.MultiplicativeExpressionTest
Tests run: 1, Failures: 0, Errors: 0, Skipped: 0, Time elapsed: 0.002 sec - in org.sonar.php.parser.expression.MultiplicativeExpressionTest
Running org.sonar.php.parser.statement.SwitchStatementTest
Tests run: 1, Failures: 0, Errors: 0, Skipped: 0, Time elapsed: 0.002 sec - in org.sonar.php.parser.statement.SwitchStatementTest
Running org.sonar.php.parser.expression.RelationalExpressionTest
Tests run: 1, Failures: 0, Errors: 0, Skipped: 0, Time elapsed: 0.002 sec - in org.sonar.php.parser.expression.RelationalExpressionTest
Running org.sonar.php.tree.impl.expression.YieldExpressionTreeTest
Tests run: 4, Failures: 0, Errors: 0, Skipped: 0, Time elapsed: 0.01 sec - in org.sonar.php.tree.impl.expression.YieldExpressionTreeTest
Running org.sonar.php.tree.impl.statement.TryStatementTreeTest
Tests run: 2, Failures: 0, Errors: 0, Skipped: 0, Time elapsed: 0.005 sec - in org.sonar.php.tree.impl.statement.TryStatementTreeTest
Running org.sonar.php.tree.impl.expression.VariableVariableTreeTest
Tests run: 2, Failures: 0, Errors: 0, Skipped: 0, Time elapsed: 0.005 sec - in org.sonar.php.tree.impl.expression.VariableVariableTreeTest
Running org.sonar.php.tree.impl.declaration.ClassDeclarationTreeTest
Tests run: 5, Failures: 0, Errors: 0, Skipped: 0, Time elapsed: 0.017 sec - in org.sonar.php.tree.impl.declaration.ClassDeclarationTreeTest
Running org.sonar.php.tree.impl.declaration.TraitMethodReferenceTreeTest
Tests run: 2, Failures: 0, Errors: 0, Skipped: 0, Time elapsed: 0.006 sec - in org.sonar.php.tree.impl.declaration.TraitMethodReferenceTreeTest
Running org.sonar.php.tree.impl.declaration.NamespaceNameTreeTest
Tests run: 4, Failures: 0, Errors: 0, Skipped: 0, Time elapsed: 0.011 sec - in org.sonar.php.tree.impl.declaration.NamespaceNameTreeTest
Running org.sonar.php.parser.declaration.MemberConstDeclarationTest
Tests run: 1, Failures: 0, Errors: 0, Skipped: 0, Time elapsed: 0.003 sec - in org.sonar.php.parser.declaration.MemberConstDeclarationTest
Running org.sonar.php.parser.statement.UnsetVariableStatementTest
Tests run: 1, Failures: 0, Errors: 0, Skipped: 0, Time elapsed: 0.003 sec - in org.sonar.php.parser.statement.UnsetVariableStatementTest
Running org.sonar.php.parser.statement.SwitchCaseClauseTest
Tests run: 1, Failures: 0, Errors: 0, Skipped: 0, Time elapsed: 0.004 sec - in org.sonar.php.parser.statement.SwitchCaseClauseTest
Running org.sonar.php.parser.declaration.TraitMethodReferenceTest
Tests run: 1, Failures: 0, Errors: 0, Skipped: 0, Time elapsed: 0.001 sec - in org.sonar.php.parser.declaration.TraitMethodReferenceTest
Running org.sonar.php.parser.expression.BitwiseOrExpressionTest
Tests run: 1, Failures: 0, Errors: 0, Skipped: 0, Time elapsed: 0.002 sec - in org.sonar.php.parser.expression.BitwiseOrExpressionTest
Running org.sonar.php.tree.impl.expression.ArrayPairTreeTest
Tests run: 2, Failures: 0, Errors: 0, Skipped: 0, Time elapsed: 0.004 sec - in org.sonar.php.tree.impl.expression.ArrayPairTreeTest
Running org.sonar.php.parser.expression.ShiftExpressionTest
Tests run: 1, Failures: 0, Errors: 0, Skipped: 0, Time elapsed: 0.002 sec - in org.sonar.php.parser.expression.ShiftExpressionTest
Running org.sonar.php.tree.symbols.SymbolTableImplTest
Tests run: 6, Failures: 0, Errors: 0, Skipped: 0, Time elapsed: 0.045 sec - in org.sonar.php.tree.symbols.SymbolTableImplTest
Running org.sonar.php.parser.expression.ConcatenationExpressionTest
Tests run: 1, Failures: 0, Errors: 0, Skipped: 0, Time elapsed: 0.002 sec - in org.sonar.php.parser.expression.ConcatenationExpressionTest
Running org.sonar.php.compat.CompatibilityHelperTest
Tests run: 3, Failures: 0, Errors: 0, Skipped: 0, Time elapsed: 0.026 sec - in org.sonar.php.compat.CompatibilityHelperTest
Running org.sonar.php.metrics.MetricsVisitorTest
Tests run: 2, Failures: 0, Errors: 0, Skipped: 0, Time elapsed: 0.05 sec - in org.sonar.php.metrics.MetricsVisitorTest
Running org.sonar.php.tree.impl.expression.LiteralTreeTest
Tests run: 6, Failures: 0, Errors: 0, Skipped: 0, Time elapsed: 0.024 sec - in org.sonar.php.tree.impl.expression.LiteralTreeTest
Running org.sonar.php.tree.impl.statement.ReturnStatementTreeTest
Tests run: 2, Failures: 0, Errors: 0, Skipped: 0, Time elapsed: 0.009 sec - in org.sonar.php.tree.impl.statement.ReturnStatementTreeTest
Running org.sonar.php.parser.KeywordTest
Tests run: 2, Failures: 0, Errors: 0, Skipped: 0, Time elapsed: 0.006 sec - in org.sonar.php.parser.KeywordTest
Running org.sonar.php.tree.impl.statement.YieldStatementTreeTest
Tests run: 1, Failures: 0, Errors: 0, Skipped: 0, Time elapsed: 0.006 sec - in org.sonar.php.tree.impl.statement.YieldStatementTreeTest
Running org.sonar.php.tree.impl.statement.ThrowStatementTreeTest
Tests run: 1, Failures: 0, Errors: 0, Skipped: 0, Time elapsed: 0.005 sec - in org.sonar.php.tree.impl.statement.ThrowStatementTreeTest
Running org.sonar.php.parser.expression.LexicalVarsTest
Tests run: 1, Failures: 0, Errors: 0, Skipped: 0, Time elapsed: 0.002 sec - in org.sonar.php.parser.expression.LexicalVarsTest
Running org.sonar.php.tree.impl.expression.MemberAccessTreeTest
Tests run: 2, Failures: 0, Errors: 0, Skipped: 0, Time elapsed: 0.005 sec - in org.sonar.php.tree.impl.expression.MemberAccessTreeTest
Running org.sonar.php.parser.expression.ListAssignmentExpressionTest
Tests run: 1, Failures: 0, Errors: 0, Skipped: 0, Time elapsed: 0.003 sec - in org.sonar.php.parser.expression.ListAssignmentExpressionTest
Running org.sonar.php.parser.lexical.IdentifierTest
Tests run: 1, Failures: 0, Errors: 0, Skipped: 0, Time elapsed: 0.003 sec - in org.sonar.php.parser.lexical.IdentifierTest
Running org.sonar.php.parser.expression.ArrayPairTest
Tests run: 1, Failures: 0, Errors: 0, Skipped: 0, Time elapsed: 0.007 sec - in org.sonar.php.parser.expression.ArrayPairTest
Running org.sonar.php.parser.declaration.TraitMethodReferenceFullyQualifiedTest
Tests run: 1, Failures: 0, Errors: 0, Skipped: 0, Time elapsed: 0.005 sec - in org.sonar.php.parser.declaration.TraitMethodReferenceFullyQualifiedTest
Running org.sonar.php.parser.declaration.MemberModifierTest
Tests run: 1, Failures: 0, Errors: 0, Skipped: 0, Time elapsed: 0.007 sec - in org.sonar.php.parser.declaration.MemberModifierTest
Running org.sonar.php.tree.impl.statement.InlineHTMLTreeTest
Tests run: 1, Failures: 0, Errors: 0, Skipped: 0, Time elapsed: 0.007 sec - in org.sonar.php.tree.impl.statement.InlineHTMLTreeTest
Running org.sonar.php.tree.impl.expression.ListExpressionTreeTest
Tests run: 4, Failures: 0, Errors: 0, Skipped: 0, Time elapsed: 0.02 sec - in org.sonar.php.tree.impl.expression.ListExpressionTreeTest
Running org.sonar.php.tree.impl.statement.SwitchStatementTreeTest
Tests run: 2, Failures: 0, Errors: 0, Skipped: 0, Time elapsed: 0.009 sec - in org.sonar.php.tree.impl.statement.SwitchStatementTreeTest
Running org.sonar.php.parser.expression.EqualityExpressionTest
Tests run: 1, Failures: 0, Errors: 0, Skipped: 0, Time elapsed: 0.006 sec - in org.sonar.php.parser.expression.EqualityExpressionTest
Running org.sonar.php.tree.impl.statement.DoWhileStatementTreeTest
Tests run: 1, Failures: 0, Errors: 0, Skipped: 0, Time elapsed: 0.003 sec - in org.sonar.php.tree.impl.statement.DoWhileStatementTreeTest
Running org.sonar.php.parser.declaration.ClassConstDeclarationTest
Tests run: 1, Failures: 0, Errors: 0, Skipped: 0, Time elapsed: 0.005 sec - in org.sonar.php.parser.declaration.ClassConstDeclarationTest
Running org.sonar.php.tree.impl.expression.ArrayAccessTreeTest
Tests run: 2, Failures: 0, Errors: 0, Skipped: 0, Time elapsed: 0.008 sec - in org.sonar.php.tree.impl.expression.ArrayAccessTreeTest
Running org.sonar.php.parser.statement.StaticStatementTest
Tests run: 1, Failures: 0, Errors: 0, Skipped: 0, Time elapsed: 0.004 sec - in org.sonar.php.parser.statement.StaticStatementTest
Running org.sonar.php.parser.statement.StatementTest
Tests run: 3, Failures: 0, Errors: 0, Skipped: 0, Time elapsed: 0.017 sec - in org.sonar.php.parser.statement.StatementTest
Running org.sonar.php.parser.declaration.ClassDeclarationTest
Tests run: 1, Failures: 0, Errors: 0, Skipped: 0, Time elapsed: 0.022 sec - in org.sonar.php.parser.declaration.ClassDeclarationTest
Running org.sonar.php.tree.impl.expression.PrefixExpressionTreeTest
Tests run: 7, Failures: 0, Errors: 0, Skipped: 0, Time elapsed: 0.042 sec - in org.sonar.php.tree.impl.expression.PrefixExpressionTreeTest
Running org.sonar.php.parser.expression.InternalFunctionTest
Tests run: 1, Failures: 0, Errors: 0, Skipped: 0, Time elapsed: 0.016 sec - in org.sonar.php.parser.expression.InternalFunctionTest
Running org.sonar.php.tree.impl.expression.PostfixExpressionTreeTest
Tests run: 2, Failures: 0, Errors: 0, Skipped: 0, Time elapsed: 0.007 sec - in org.sonar.php.tree.impl.expression.PostfixExpressionTreeTest
Running org.sonar.php.parser.expression.ExpandableStringLiteralTest
Tests run: 2, Failures: 0, Errors: 0, Skipped: 0, Time elapsed: 0.008 sec - in org.sonar.php.parser.expression.ExpandableStringLiteralTest
Running org.sonar.php.parser.statement.GlobalVarTest
Tests run: 1, Failures: 0, Errors: 0, Skipped: 0, Time elapsed: 0.004 sec - in org.sonar.php.parser.statement.GlobalVarTest
Running org.sonar.php.tree.impl.statement.GotoStatementTreeTest
Tests run: 1, Failures: 0, Errors: 0, Skipped: 0, Time elapsed: 0.002 sec - in org.sonar.php.tree.impl.statement.GotoStatementTreeTest
Running org.sonar.php.tree.impl.expression.CompoundVariableTreeTest
Tests run: 1, Failures: 0, Errors: 0, Skipped: 0, Time elapsed: 0.003 sec - in org.sonar.php.tree.impl.expression.CompoundVariableTreeTest
Running org.sonar.php.parser.expression.AdditiveExpressionTest
Tests run: 1, Failures: 0, Errors: 0, Skipped: 0, Time elapsed: 0.003 sec - in org.sonar.php.parser.expression.AdditiveExpressionTest
Running org.sonar.php.parser.declaration.ClassMemberTest
Tests run: 1, Failures: 0, Errors: 0, Skipped: 0, Time elapsed: 0.003 sec - in org.sonar.php.parser.declaration.ClassMemberTest
Running org.sonar.php.tree.impl.declaration.UseDeclarationTreeTest
Tests run: 2, Failures: 0, Errors: 0, Skipped: 0, Time elapsed: 0.006 sec - in org.sonar.php.tree.impl.declaration.UseDeclarationTreeTest
Running org.sonar.php.tree.impl.statement.DeclareStatementTreeTest
Tests run: 3, Failures: 0, Errors: 0, Skipped: 0, Time elapsed: 0.018 sec - in org.sonar.php.tree.impl.statement.DeclareStatementTreeTest
Running org.sonar.php.parser.declaration.TraitPrecedenceTest
Tests run: 1, Failures: 0, Errors: 0, Skipped: 0, Time elapsed: 0.004 sec - in org.sonar.php.parser.declaration.TraitPrecedenceTest
Running org.sonar.php.tree.impl.declaration.ParameterListTreeTest
Tests run: 2, Failures: 0, Errors: 0, Skipped: 0, Time elapsed: 0.015 sec - in org.sonar.php.tree.impl.declaration.ParameterListTreeTest
Running org.sonar.php.tree.impl.statement.ForStatementTreeTest
Tests run: 2, Failures: 0, Errors: 0, Skipped: 0, Time elapsed: 0.007 sec - in org.sonar.php.tree.impl.statement.ForStatementTreeTest
Running org.sonar.php.parser.expression.ConditionalExpressionTest
Tests run: 1, Failures: 0, Errors: 0, Skipped: 0, Time elapsed: 0.005 sec - in org.sonar.php.parser.expression.ConditionalExpressionTest
Running org.sonar.php.parser.lexical.EncapsStringLiteralTest
Tests run: 1, Failures: 0, Errors: 0, Skipped: 0, Time elapsed: 0.004 sec - in org.sonar.php.parser.lexical.EncapsStringLiteralTest
Running org.sonar.php.tree.impl.expression.ComputedVariableTreeTest
Tests run: 1, Failures: 0, Errors: 0, Skipped: 0, Time elapsed: 0.003 sec - in org.sonar.php.tree.impl.expression.ComputedVariableTreeTest
Running org.sonar.php.parser.declaration.UseTraitDeclarationTest
Tests run: 1, Failures: 0, Errors: 0, Skipped: 0, Time elapsed: 0.004 sec - in org.sonar.php.parser.declaration.UseTraitDeclarationTest
Running org.sonar.php.parser.statement.YieldStatementTest
Tests run: 1, Failures: 0, Errors: 0, Skipped: 0, Time elapsed: 0.004 sec - in org.sonar.php.parser.statement.YieldStatementTest
Running org.sonar.php.parser.declaration.TypeNameTest
Tests run: 1, Failures: 0, Errors: 0, Skipped: 0, Time elapsed: 0.009 sec - in org.sonar.php.parser.declaration.TypeNameTest
Running org.sonar.php.tree.impl.expression.HeredocStringLiteralTreeTest
Tests run: 4, Failures: 0, Errors: 0, Skipped: 0, Time elapsed: 0.023 sec - in org.sonar.php.tree.impl.expression.HeredocStringLiteralTreeTest
Running org.sonar.php.tree.impl.declaration.TraitAliasTreeTest
Tests run: 3, Failures: 0, Errors: 0, Skipped: 0, Time elapsed: 0.01 sec - in org.sonar.php.tree.impl.declaration.TraitAliasTreeTest
Running org.sonar.php.parser.expression.CompoundVariableTest
Tests run: 1, Failures: 0, Errors: 0, Skipped: 0, Time elapsed: 0.003 sec - in org.sonar.php.parser.expression.CompoundVariableTest
Running org.sonar.php.tree.impl.expression.VariableIdentifierTreeTest
Tests run: 1, Failures: 0, Errors: 0, Skipped: 0, Time elapsed: 0.002 sec - in org.sonar.php.tree.impl.expression.VariableIdentifierTreeTest
Running org.sonar.php.parser.expression.ComplexEncapsVariableTest
Tests run: 3, Failures: 0, Errors: 0, Skipped: 0, Time elapsed: 0.012 sec - in org.sonar.php.parser.expression.ComplexEncapsVariableTest
Running org.sonar.php.parser.expression.StaticMemberAccessTest
Tests run: 1, Failures: 0, Errors: 0, Skipped: 0, Time elapsed: 0.003 sec - in org.sonar.php.parser.expression.StaticMemberAccessTest
Running org.sonar.php.parser.declaration.FunctionDeclarationTest
Tests run: 1, Failures: 0, Errors: 0, Skipped: 0, Time elapsed: 0.004 sec - in org.sonar.php.parser.declaration.FunctionDeclarationTest
Running org.sonar.php.parser.statement.TryStatementTest
Tests run: 1, Failures: 0, Errors: 0, Skipped: 0, Time elapsed: 0.004 sec - in org.sonar.php.parser.statement.TryStatementTest
Running org.sonar.php.tree.symbols.ClassMemberUsagesTest
Tests run: 8, Failures: 0, Errors: 0, Skipped: 0, Time elapsed: 0.377 sec - in org.sonar.php.tree.symbols.ClassMemberUsagesTest
Running org.sonar.php.tree.impl.declaration.UseTraitDeclarationTreeTest
Tests run: 2, Failures: 0, Errors: 0, Skipped: 0, Time elapsed: 0.002 sec - in org.sonar.php.tree.impl.declaration.UseTraitDeclarationTreeTest
Running org.sonar.php.tree.symbols.ScopeTest
Tests run: 9, Failures: 0, Errors: 0, Skipped: 0, Time elapsed: 0.106 sec - in org.sonar.php.tree.symbols.ScopeTest
Running org.sonar.php.tree.symbols.UsagesTest
Tests run: 1, Failures: 0, Errors: 0, Skipped: 0, Time elapsed: 0.021 sec - in org.sonar.php.tree.symbols.UsagesTest
Running org.sonar.php.parser.expression.NullCoalescingExpressionTest
Tests run: 1, Failures: 0, Errors: 0, Skipped: 0, Time elapsed: 0.003 sec - in org.sonar.php.parser.expression.NullCoalescingExpressionTest
Running org.sonar.php.tree.impl.expression.FunctionExpressionTreeTest
Tests run: 5, Failures: 0, Errors: 0, Skipped: 0, Time elapsed: 0.015 sec - in org.sonar.php.tree.impl.expression.FunctionExpressionTreeTest
Running org.sonar.php.parser.expression.UnaryExprTest
Tests run: 1, Failures: 0, Errors: 0, Skipped: 0, Time elapsed: 0.005 sec - in org.sonar.php.parser.expression.UnaryExprTest
Running org.sonar.php.tree.impl.expression.AnonymousClassTreeTest
Tests run: 1, Failures: 0, Errors: 0, Skipped: 0, Time elapsed: 0.003 sec - in org.sonar.php.tree.impl.expression.AnonymousClassTreeTest
Running org.sonar.php.tree.impl.statement.IfStatementTreeTest
Tests run: 4, Failures: 0, Errors: 0, Skipped: 0, Time elapsed: 0.014 sec - in org.sonar.php.tree.impl.statement.IfStatementTreeTest
Running org.sonar.php.parser.expression.ExitExprTest
Tests run: 1, Failures: 0, Errors: 0, Skipped: 0, Time elapsed: 0.003 sec - in org.sonar.php.parser.expression.ExitExprTest
Running org.sonar.php.parser.lexical.FileOpeningTagTest
Tests run: 1, Failures: 0, Errors: 0, Skipped: 0, Time elapsed: 0.002 sec - in org.sonar.php.parser.lexical.FileOpeningTagTest
Running org.sonar.php.parser.expression.LogicalXorExpressionTest
Tests run: 1, Failures: 0, Errors: 0, Skipped: 0, Time elapsed: 0.004 sec - in org.sonar.php.parser.expression.LogicalXorExpressionTest
Running org.sonar.php.parser.declaration.TypeTest
Tests run: 1, Failures: 0, Errors: 0, Skipped: 0, Time elapsed: 0.005 sec - in org.sonar.php.parser.declaration.TypeTest
Running org.sonar.php.parser.statement.DeclareStatementTest
Tests run: 1, Failures: 0, Errors: 0, Skipped: 0, Time elapsed: 0.005 sec - in org.sonar.php.parser.statement.DeclareStatementTest
Running org.sonar.php.tree.impl.declaration.UseStatementTreeTest
Tests run: 5, Failures: 0, Errors: 0, Skipped: 0, Time elapsed: 0.021 sec - in org.sonar.php.tree.impl.declaration.UseStatementTreeTest
Running org.sonar.php.tree.impl.statement.CatchBlockTreeTest
Tests run: 1, Failures: 0, Errors: 0, Skipped: 0, Time elapsed: 0.003 sec - in org.sonar.php.tree.impl.statement.CatchBlockTreeTest
Running org.sonar.php.tree.impl.statement.LabelTreeTest
Tests run: 1, Failures: 0, Errors: 0, Skipped: 0, Time elapsed: 0.006 sec - in org.sonar.php.tree.impl.statement.LabelTreeTest
Running org.sonar.php.tree.impl.expression.NewExpressionTreeTest
Tests run: 1, Failures: 0, Errors: 0, Skipped: 0, Time elapsed: 0.005 sec - in org.sonar.php.tree.impl.expression.NewExpressionTreeTest
Running org.sonar.php.metrics.CounterVisitorTest
Tests run: 3, Failures: 0, Errors: 0, Skipped: 0, Time elapsed: 0.045 sec - in org.sonar.php.metrics.CounterVisitorTest
Running org.sonar.php.tree.impl.statement.ElseifClauseTreeTest
Tests run: 2, Failures: 0, Errors: 0, Skipped: 0, Time elapsed: 0.007 sec - in org.sonar.php.tree.impl.statement.ElseifClauseTreeTest
Running org.sonar.php.tree.impl.expression.ReferenceVariableTreeTest
Tests run: 1, Failures: 0, Errors: 0, Skipped: 0, Time elapsed: 0.003 sec - in org.sonar.php.tree.impl.expression.ReferenceVariableTreeTest
Running org.sonar.php.highlighter.SymbolHighlighterTest
Tests run: 5, Failures: 0, Errors: 0, Skipped: 0, Time elapsed: 0.058 sec - in org.sonar.php.highlighter.SymbolHighlighterTest
Running org.sonar.php.parser.statement.GotoStatementTest
Tests run: 1, Failures: 0, Errors: 0, Skipped: 0, Time elapsed: 0.006 sec - in org.sonar.php.parser.statement.GotoStatementTest

Results :




Tests run: 450, Failures: 0, Errors: 0, Skipped: 0

[INFO] 
[INFO] --- maven-jar-plugin:2.6:jar (default-jar) @ php-frontend ---
[INFO] Building jar: /home/travis/build/SonarSource/sonar-php/php-frontend/target/php-frontend-2.10.0.2069.jar
[INFO] 
[INFO] --- maven-jar-plugin:2.6:test-jar (default) @ php-frontend ---
[INFO] Building jar: /home/travis/build/SonarSource/sonar-php/php-frontend/target/php-frontend-2.10.0.2069-tests.jar
[INFO] 
[INFO] --- maven-source-plugin:2.4:jar-no-fork (attach-sources) @ php-frontend ---
[INFO] Building jar: /home/travis/build/SonarSource/sonar-php/php-frontend/target/php-frontend-2.10.0.2069-sources.jar
[INFO] 
[INFO] --- maven-install-plugin:2.5.2:install (default-install) @ php-frontend ---
[INFO] Installing /home/travis/build/SonarSource/sonar-php/php-frontend/target/php-frontend-2.10.0.2069.jar to /home/travis/.m2/repository/org/sonarsource/php/php-frontend/2.10.0.2069/php-frontend-2.10.0.2069.jar
[INFO] Installing /home/travis/build/SonarSource/sonar-php/php-frontend/pom.xml to /home/travis/.m2/repository/org/sonarsource/php/php-frontend/2.10.0.2069/php-frontend-2.10.0.2069.pom
[INFO] Installing /home/travis/build/SonarSource/sonar-php/php-frontend/target/php-frontend-2.10.0.2069-tests.jar to /home/travis/.m2/repository/org/sonarsource/php/php-frontend/2.10.0.2069/php-frontend-2.10.0.2069-tests.jar
[INFO] Installing /home/travis/build/SonarSource/sonar-php/php-frontend/target/php-frontend-2.10.0.2069-sources.jar to /home/travis/.m2/repository/org/sonarsource/php/php-frontend/2.10.0.2069/php-frontend-2.10.0.2069-sources.jar
[INFO] 
[INFO] --- maven-deploy-plugin:2.8.2:deploy (default-deploy) @ php-frontend ---
[INFO] Skipping artifact deployment
[INFO]                                                                         
[INFO] ------------------------------------------------------------------------
[INFO] Building PHP :: Checks 2.10.0.2069
[INFO] ------------------------------------------------------------------------
[INFO] 
[INFO] --- jacoco-maven-plugin:0.7.9:prepare-agent (default-cli) @ php-checks ---
[INFO] argLine set to -javaagent:/home/travis/.m2/repository/org/jacoco/org.jacoco.agent/0.7.9/org.jacoco.agent-0.7.9-runtime.jar=destfile=/home/travis/build/SonarSource/sonar-php/php-checks/target/jacoco.exec
[INFO] 
[INFO] --- buildnumber-maven-plugin:1.4:create (default) @ php-checks ---
[INFO] 
[INFO] --- maven-enforcer-plugin:1.4.1:enforce (enforce) @ php-checks ---
[INFO] 
[INFO] --- maven-enforcer-plugin:1.4.1:enforce (enforce-deploy-settings) @ php-checks ---
[INFO] 
[INFO] --- license-maven-plugin:2.11:check (enforce-license-headers) @ php-checks ---
[INFO] Checking licenses...
[INFO] 
[INFO] --- artifactory-maven-plugin:2.6.1:publish (build-info) @ php-checks ---
[INFO] 
[INFO] --- maven-resources-plugin:2.7:resources (default-resources) @ php-checks ---
[INFO] Using 'UTF-8' encoding to copy filtered resources.
[INFO] Copying 244 resources
[INFO] 
[INFO] --- maven-compiler-plugin:3.5.1:compile (default-compile) @ php-checks ---
[INFO] Changes detected - recompiling the module!
[INFO] Compiling 144 source files to /home/travis/build/SonarSource/sonar-php/php-checks/target/classes
[INFO] 
[INFO] --- maven-resources-plugin:2.7:testResources (default-testResources) @ php-checks ---
[INFO] Using 'UTF-8' encoding to copy filtered resources.
[INFO] Copying 162 resources
[INFO] 
[INFO] --- maven-compiler-plugin:3.5.1:testCompile (default-testCompile) @ php-checks ---
[INFO] Changes detected - recompiling the module!
[INFO] Compiling 132 source files to /home/travis/build/SonarSource/sonar-php/php-checks/target/test-classes
[INFO] 
[INFO] --- maven-surefire-plugin:2.18:test (default-test) @ php-checks ---
[INFO] Surefire report directory: /home/travis/build/SonarSource/sonar-php/php-checks/target/surefire-reports

-------------------------------------------------------
 T E S T S
-------------------------------------------------------
Running org.sonar.php.checks.InlineHTMLInFileCheckTest
Tests run: 4, Failures: 0, Errors: 0, Skipped: 0, Time elapsed: 1.236 sec - in org.sonar.php.checks.InlineHTMLInFileCheckTest
Running org.sonar.php.checks.LocalVariableShadowsClassFieldCheckTest
Tests run: 1, Failures: 0, Errors: 0, Skipped: 0, Time elapsed: 0.159 sec - in org.sonar.php.checks.LocalVariableShadowsClassFieldCheckTest
Running org.sonar.php.checks.ReferenceInFunctionCallCheckTest
Tests run: 1, Failures: 0, Errors: 0, Skipped: 0, Time elapsed: 0.009 sec - in org.sonar.php.checks.ReferenceInFunctionCallCheckTest
Running org.sonar.php.checks.CollapsibleIfStatementCheckTest
Tests run: 1, Failures: 0, Errors: 0, Skipped: 0, Time elapsed: 0.043 sec - in org.sonar.php.checks.CollapsibleIfStatementCheckTest
Running org.sonar.php.checks.utils.EqualityTest
Tests run: 1, Failures: 0, Errors: 0, Skipped: 0, Time elapsed: 0.129 sec - in org.sonar.php.checks.utils.EqualityTest
Running org.sonar.php.checks.UselessObjectCreationCheckTest
Tests run: 1, Failures: 0, Errors: 0, Skipped: 0, Time elapsed: 0.009 sec - in org.sonar.php.checks.UselessObjectCreationCheckTest
Running org.sonar.php.checks.TooManyFunctionParametersCheckTest
Tests run: 3, Failures: 0, Errors: 0, Skipped: 0, Time elapsed: 0.031 sec - in org.sonar.php.checks.TooManyFunctionParametersCheckTest
Running org.sonar.php.checks.phpini.EnableDlCheckTest
Tests run: 2, Failures: 0, Errors: 0, Skipped: 0, Time elapsed: 0.108 sec - in org.sonar.php.checks.phpini.EnableDlCheckTest
Running org.sonar.php.checks.RightCurlyBraceStartsLineCheckTest
Tests run: 1, Failures: 0, Errors: 0, Skipped: 0, Time elapsed: 0.031 sec - in org.sonar.php.checks.RightCurlyBraceStartsLineCheckTest
Running org.sonar.php.checks.TooManyLinesInFileCheckTest
Tests run: 2, Failures: 0, Errors: 0, Skipped: 0, Time elapsed: 0.01 sec - in org.sonar.php.checks.TooManyLinesInFileCheckTest
Running org.sonar.php.checks.VarKeywordUsageCheckTest
Tests run: 1, Failures: 0, Errors: 0, Skipped: 0, Time elapsed: 0.004 sec - in org.sonar.php.checks.VarKeywordUsageCheckTest
Running org.sonar.php.checks.TooManyLinesInFunctionCheckTest
Tests run: 2, Failures: 0, Errors: 0, Skipped: 0, Time elapsed: 0.026 sec - in org.sonar.php.checks.TooManyLinesInFunctionCheckTest
Running org.sonar.php.checks.phpini.OpenBasedirCheckTest
Tests run: 2, Failures: 0, Errors: 0, Skipped: 0, Time elapsed: 0.005 sec - in org.sonar.php.checks.phpini.OpenBasedirCheckTest
Running org.sonar.php.checks.UselessExpressionStatementCheckTest
Tests run: 2, Failures: 0, Errors: 0, Skipped: 0, Time elapsed: 0.018 sec - in org.sonar.php.checks.UselessExpressionStatementCheckTest
Running org.sonar.php.checks.PerlStyleCommentsUsageCheckTest
Tests run: 1, Failures: 0, Errors: 0, Skipped: 0, Time elapsed: 0.006 sec - in org.sonar.php.checks.PerlStyleCommentsUsageCheckTest
Running org.sonar.php.checks.TabCharacterCheckTest
Tests run: 2, Failures: 0, Errors: 0, Skipped: 0, Time elapsed: 0.03 sec - in org.sonar.php.checks.TabCharacterCheckTest
Running org.sonar.php.checks.TooManyMethodsInClassCheckTest
Tests run: 3, Failures: 0, Errors: 0, Skipped: 0, Time elapsed: 0.025 sec - in org.sonar.php.checks.TooManyMethodsInClassCheckTest
Running org.sonar.php.checks.ConcatenatedStringLiteralCheckTest
Tests run: 1, Failures: 0, Errors: 0, Skipped: 0, Time elapsed: 0.013 sec - in org.sonar.php.checks.ConcatenatedStringLiteralCheckTest
Running org.sonar.php.checks.TodoTagPresenceCheckTest
Tests run: 1, Failures: 0, Errors: 0, Skipped: 0, Time elapsed: 0.015 sec - in org.sonar.php.checks.TodoTagPresenceCheckTest
Running org.sonar.php.checks.MissingNewLineAtEOFCheckTest
Tests run: 3, Failures: 0, Errors: 0, Skipped: 0, Time elapsed: 0.006 sec - in org.sonar.php.checks.MissingNewLineAtEOFCheckTest
Running org.sonar.php.checks.EvalUseCheckTest
Tests run: 1, Failures: 0, Errors: 0, Skipped: 0, Time elapsed: 0.003 sec - in org.sonar.php.checks.EvalUseCheckTest
Running org.sonar.php.checks.ClassNameCheckTest
Tests run: 2, Failures: 0, Errors: 0, Skipped: 0, Time elapsed: 0.004 sec - in org.sonar.php.checks.ClassNameCheckTest
Running org.sonar.php.checks.IfConditionAlwaysTrueOrFalseCheckTest
Tests run: 1, Failures: 0, Errors: 0, Skipped: 0, Time elapsed: 0.008 sec - in org.sonar.php.checks.IfConditionAlwaysTrueOrFalseCheckTest
Running org.sonar.php.checks.DuplicatedFunctionArgumentCheckTest
Tests run: 1, Failures: 0, Errors: 0, Skipped: 0, Time elapsed: 0.006 sec - in org.sonar.php.checks.DuplicatedFunctionArgumentCheckTest
Running org.sonar.php.checks.VariableVariablesCheckTest
Tests run: 1, Failures: 0, Errors: 0, Skipped: 0, Time elapsed: 0.003 sec - in org.sonar.php.checks.VariableVariablesCheckTest
Running org.sonar.php.checks.NonEmptyCaseWithoutBreakCheckTest
Tests run: 1, Failures: 0, Errors: 0, Skipped: 0, Time elapsed: 0.024 sec - in org.sonar.php.checks.NonEmptyCaseWithoutBreakCheckTest
Running org.sonar.php.checks.LocalVariableAndParameterNameCheckTest
Tests run: 2, Failures: 0, Errors: 0, Skipped: 0, Time elapsed: 0.032 sec - in org.sonar.php.checks.LocalVariableAndParameterNameCheckTest
Running org.sonar.php.checks.TooManyReturnCheckTest
Tests run: 2, Failures: 0, Errors: 0, Skipped: 0, Time elapsed: 0.022 sec - in org.sonar.php.checks.TooManyReturnCheckTest
Running org.sonar.php.checks.DirectlyAccessingSuperGlobalCheckTest
Tests run: 1, Failures: 0, Errors: 0, Skipped: 0, Time elapsed: 0.004 sec - in org.sonar.php.checks.DirectlyAccessingSuperGlobalCheckTest
Running org.sonar.php.checks.UnusedPrivateMethodCheckTest
Tests run: 1, Failures: 0, Errors: 0, Skipped: 0, Time elapsed: 0.04 sec - in org.sonar.php.checks.UnusedPrivateMethodCheckTest
Running org.sonar.php.checks.IdenticalOperandsInBinaryExpressionCheckTest
Tests run: 1, Failures: 0, Errors: 0, Skipped: 0, Time elapsed: 0.02 sec - in org.sonar.php.checks.IdenticalOperandsInBinaryExpressionCheckTest
Running org.sonar.php.checks.LogicalWordOperatorUsageCheckTest
Tests run: 1, Failures: 0, Errors: 0, Skipped: 0, Time elapsed: 0.007 sec - in org.sonar.php.checks.LogicalWordOperatorUsageCheckTest
Running org.sonar.php.checks.formatting.NamespaceAndUseStatementCheckTest
Tests run: 3, Failures: 0, Errors: 0, Skipped: 0, Time elapsed: 0.036 sec - in org.sonar.php.checks.formatting.NamespaceAndUseStatementCheckTest
Running org.sonar.php.checks.NestedControlFlowDepthCheckTest
Tests run: 2, Failures: 0, Errors: 0, Skipped: 0, Time elapsed: 0.031 sec - in org.sonar.php.checks.NestedControlFlowDepthCheckTest
Running org.sonar.php.checks.LineLengthCheckTest
Tests run: 2, Failures: 0, Errors: 0, Skipped: 0, Time elapsed: 0.008 sec - in org.sonar.php.checks.LineLengthCheckTest
Running org.sonar.php.checks.FileNameCheckTest
Tests run: 4, Failures: 0, Errors: 0, Skipped: 0, Time elapsed: 0.006 sec - in org.sonar.php.checks.FileNameCheckTest
Running org.sonar.php.checks.ClassCouplingCheckTest
Tests run: 2, Failures: 0, Errors: 0, Skipped: 0, Time elapsed: 0.084 sec - in org.sonar.php.checks.ClassCouplingCheckTest
Running org.sonar.php.checks.NonLFCharAsEOLCheckTest
Tests run: 2, Failures: 0, Errors: 0, Skipped: 0, Time elapsed: 0.012 sec - in org.sonar.php.checks.NonLFCharAsEOLCheckTest
Running org.sonar.php.checks.formatting.PunctuatorSpacingCheckTest
Tests run: 2, Failures: 0, Errors: 0, Skipped: 0, Time elapsed: 0.031 sec - in org.sonar.php.checks.formatting.PunctuatorSpacingCheckTest
Running org.sonar.php.checks.ConstructorDependencyInversionCheckTest
Tests run: 1, Failures: 0, Errors: 0, Skipped: 0, Time elapsed: 0.017 sec - in org.sonar.php.checks.ConstructorDependencyInversionCheckTest
Running org.sonar.php.checks.DuplicateBranchImplementationCheckTest
Tests run: 1, Failures: 0, Errors: 0, Skipped: 0, Time elapsed: 0.031 sec - in org.sonar.php.checks.DuplicateBranchImplementationCheckTest
Running org.sonar.php.checks.formatting.CurlyBraceCheckTest
Tests run: 2, Failures: 0, Errors: 0, Skipped: 0, Time elapsed: 0.032 sec - in org.sonar.php.checks.formatting.CurlyBraceCheckTest
Running org.sonar.php.checks.CharacterBeforeOpeningPHPTagCheckTest
Tests run: 2, Failures: 0, Errors: 0, Skipped: 0, Time elapsed: 0.009 sec - in org.sonar.php.checks.CharacterBeforeOpeningPHPTagCheckTest
Running org.sonar.php.checks.formatting.ControlStructureSpacingTest
Tests run: 2, Failures: 0, Errors: 0, Skipped: 0, Time elapsed: 0.036 sec - in org.sonar.php.checks.formatting.ControlStructureSpacingTest
Running org.sonar.php.checks.EmptyStatementCheckTest
Tests run: 1, Failures: 0, Errors: 0, Skipped: 0, Time elapsed: 0.007 sec - in org.sonar.php.checks.EmptyStatementCheckTest
Running org.sonar.php.checks.HardCodedCredentialsCheckTest
Tests run: 1, Failures: 0, Errors: 0, Skipped: 0, Time elapsed: 0.011 sec - in org.sonar.php.checks.HardCodedCredentialsCheckTest
Running org.sonar.php.checks.TrailingWhitespaceCheckTest
Tests run: 1, Failures: 0, Errors: 0, Skipped: 0, Time elapsed: 0.002 sec - in org.sonar.php.checks.TrailingWhitespaceCheckTest
Running org.sonar.php.checks.RedundantFinalCheckTest
Tests run: 1, Failures: 0, Errors: 0, Skipped: 0, Time elapsed: 0.003 sec - in org.sonar.php.checks.RedundantFinalCheckTest
Running org.sonar.php.checks.phpini.SessionUseTransSidCheckTest
Tests run: 2, Failures: 0, Errors: 0, Skipped: 0, Time elapsed: 0.003 sec - in org.sonar.php.checks.phpini.SessionUseTransSidCheckTest
Running org.sonar.php.checks.UnusedPrivateFieldCheckTest
Tests run: 1, Failures: 0, Errors: 0, Skipped: 0, Time elapsed: 0.023 sec - in org.sonar.php.checks.UnusedPrivateFieldCheckTest
Running org.sonar.php.checks.OpeningPHPTagCheckTest
Tests run: 4, Failures: 0, Errors: 0, Skipped: 0, Time elapsed: 0.007 sec - in org.sonar.php.checks.OpeningPHPTagCheckTest
Running org.sonar.php.checks.DeprecatedPredefinedVariablesUseCheckTest
Tests run: 1, Failures: 0, Errors: 0, Skipped: 0, Time elapsed: 0.006 sec - in org.sonar.php.checks.DeprecatedPredefinedVariablesUseCheckTest
Running org.sonar.php.checks.GotoUseCheckTest
Tests run: 1, Failures: 0, Errors: 0, Skipped: 0, Time elapsed: 0.005 sec - in org.sonar.php.checks.GotoUseCheckTest
Running org.sonar.php.checks.phpini.PhpIniBooleanTest
Tests run: 3, Failures: 0, Errors: 0, Skipped: 0, Time elapsed: 0.001 sec - in org.sonar.php.checks.phpini.PhpIniBooleanTest
Running org.sonar.php.checks.ConstantNameCheckTest
Tests run: 2, Failures: 0, Errors: 0, Skipped: 0, Time elapsed: 0.016 sec - in org.sonar.php.checks.ConstantNameCheckTest
Running org.sonar.php.checks.LowerCaseColorCheckTest
Tests run: 1, Failures: 0, Errors: 0, Skipped: 0, Time elapsed: 0.004 sec - in org.sonar.php.checks.LowerCaseColorCheckTest
Running org.sonar.php.checks.MoreThanOneClassInFileCheckTest
Tests run: 4, Failures: 0, Errors: 0, Skipped: 0, Time elapsed: 0.006 sec - in org.sonar.php.checks.MoreThanOneClassInFileCheckTest
Running org.sonar.php.checks.CallParentConstructorCheckTest
Tests run: 1, Failures: 0, Errors: 0, Skipped: 0, Time elapsed: 0.018 sec - in org.sonar.php.checks.CallParentConstructorCheckTest
Running org.sonar.php.checks.MethodNameReturningBooleanCheckTest
Tests run: 1, Failures: 0, Errors: 0, Skipped: 0, Time elapsed: 0.004 sec - in org.sonar.php.checks.MethodNameReturningBooleanCheckTest
Running org.sonar.php.checks.DuplicateConditionCheckTest
Tests run: 1, Failures: 0, Errors: 0, Skipped: 0, Time elapsed: 0.009 sec - in org.sonar.php.checks.DuplicateConditionCheckTest
Running org.sonar.php.checks.TooManyCasesInSwitchCheckTest
Tests run: 2, Failures: 0, Errors: 0, Skipped: 0, Time elapsed: 0.01 sec - in org.sonar.php.checks.TooManyCasesInSwitchCheckTest
Running org.sonar.php.checks.TooManyFieldsInClassCheckTest
Tests run: 3, Failures: 0, Errors: 0, Skipped: 0, Time elapsed: 0.011 sec - in org.sonar.php.checks.TooManyFieldsInClassCheckTest
Running org.sonar.php.checks.PHP5DeprecatedFunctionUsageCheckTest
Tests run: 1, Failures: 0, Errors: 0, Skipped: 0, Time elapsed: 0.016 sec - in org.sonar.php.checks.PHP5DeprecatedFunctionUsageCheckTest
Running org.sonar.php.checks.SilencedErrorsCheckTest
Tests run: 1, Failures: 0, Errors: 0, Skipped: 0, Time elapsed: 0.004 sec - in org.sonar.php.checks.SilencedErrorsCheckTest
Running org.sonar.php.checks.FunctionComplexityCheckTest
Tests run: 2, Failures: 0, Errors: 0, Skipped: 0, Time elapsed: 0.051 sec - in org.sonar.php.checks.FunctionComplexityCheckTest
Running org.sonar.php.checks.RequireInsteadOfRequireOnceCheckTest
Tests run: 1, Failures: 0, Errors: 0, Skipped: 0, Time elapsed: 0.008 sec - in org.sonar.php.checks.RequireInsteadOfRequireOnceCheckTest
Running org.sonar.php.checks.FileWithSymbolsAndSideEffectsCheckTest
Tests run: 8, Failures: 0, Errors: 0, Skipped: 0, Time elapsed: 0.023 sec - in org.sonar.php.checks.FileWithSymbolsAndSideEffectsCheckTest
Running org.sonar.php.checks.NullDereferenceInConditionalCheckTest
Tests run: 1, Failures: 0, Errors: 0, Skipped: 0, Time elapsed: 0.052 sec - in org.sonar.php.checks.NullDereferenceInConditionalCheckTest
Running org.sonar.php.checks.AlwaysUseCurlyBracesCheckTest
Tests run: 1, Failures: 0, Errors: 0, Skipped: 0, Time elapsed: 0.034 sec - in org.sonar.php.checks.AlwaysUseCurlyBracesCheckTest
Running org.sonar.php.checks.ExpressionComplexityCheckTest
Tests run: 2, Failures: 0, Errors: 0, Skipped: 0, Time elapsed: 0.068 sec - in org.sonar.php.checks.ExpressionComplexityCheckTest
Running org.sonar.php.checks.CommentedOutCodeCheckTest
Tests run: 1, Failures: 0, Errors: 0, Skipped: 0, Time elapsed: 0.013 sec - in org.sonar.php.checks.CommentedOutCodeCheckTest
Running org.sonar.php.checks.formatting.ExtendsImplementsLineCheckTest
Tests run: 2, Failures: 0, Errors: 0, Skipped: 0, Time elapsed: 0.009 sec - in org.sonar.php.checks.formatting.ExtendsImplementsLineCheckTest
Running org.sonar.php.checks.OverridingMethodSimplyCallParentCheckTest
Tests run: 1, Failures: 0, Errors: 0, Skipped: 0, Time elapsed: 0.023 sec - in org.sonar.php.checks.OverridingMethodSimplyCallParentCheckTest
Running org.sonar.php.checks.LeftCurlyBraceEndsLineCheckTest
Tests run: 1, Failures: 0, Errors: 0, Skipped: 0, Time elapsed: 0.042 sec - in org.sonar.php.checks.LeftCurlyBraceEndsLineCheckTest
Running org.sonar.php.checks.phpini.CgiForceRedirectCheckTest
Tests run: 2, Failures: 0, Errors: 0, Skipped: 0, Time elapsed: 0.005 sec - in org.sonar.php.checks.phpini.CgiForceRedirectCheckTest
Running org.sonar.php.checks.UnusedLocalVariableCheckTest
Tests run: 1, Failures: 0, Errors: 0, Skipped: 0, Time elapsed: 0.072 sec - in org.sonar.php.checks.UnusedLocalVariableCheckTest
Running org.sonar.php.checks.CheckListTest
Tests run: 2, Failures: 0, Errors: 0, Skipped: 0, Time elapsed: 0.066 sec - in org.sonar.php.checks.CheckListTest
Running org.sonar.php.checks.OnePropertyDeclarationPerStatementCheckTest
Tests run: 1, Failures: 0, Errors: 0, Skipped: 0, Time elapsed: 0.003 sec - in org.sonar.php.checks.OnePropertyDeclarationPerStatementCheckTest
Running org.sonar.php.checks.ClosingTagInFullPHPFileCheckTest
Tests run: 2, Failures: 0, Errors: 0, Skipped: 0, Time elapsed: 0.003 sec - in org.sonar.php.checks.ClosingTagInFullPHPFileCheckTest
Running org.sonar.php.checks.ForLoopCounterChangedCheckTest
Tests run: 1, Failures: 0, Errors: 0, Skipped: 0, Time elapsed: 0.024 sec - in org.sonar.php.checks.ForLoopCounterChangedCheckTest
Running org.sonar.php.checks.ForHidingWhileCheckTest
Tests run: 1, Failures: 0, Errors: 0, Skipped: 0, Time elapsed: 0.005 sec - in org.sonar.php.checks.ForHidingWhileCheckTest
Running org.sonar.php.checks.FieldNameCheckTest
Tests run: 2, Failures: 0, Errors: 0, Skipped: 0, Time elapsed: 0.003 sec - in org.sonar.php.checks.FieldNameCheckTest
Running org.sonar.php.checks.EmptyNestedBlockCheckTest
Tests run: 1, Failures: 0, Errors: 0, Skipped: 0, Time elapsed: 0.007 sec - in org.sonar.php.checks.EmptyNestedBlockCheckTest
Running org.sonar.php.checks.SwitchWithoutDefaultCheckTest
Tests run: 1, Failures: 0, Errors: 0, Skipped: 0, Time elapsed: 0.004 sec - in org.sonar.php.checks.SwitchWithoutDefaultCheckTest
Running org.sonar.php.checks.ElseIfWithoutElseCheckTest
Tests run: 1, Failures: 0, Errors: 0, Skipped: 0, Time elapsed: 0.008 sec - in org.sonar.php.checks.ElseIfWithoutElseCheckTest
Running org.sonar.php.checks.FixmeTagPresenceCheckTest
Tests run: 1, Failures: 0, Errors: 0, Skipped: 0, Time elapsed: 0.002 sec - in org.sonar.php.checks.FixmeTagPresenceCheckTest
Running org.sonar.php.checks.ClassComplexityCheckTest
Tests run: 2, Failures: 0, Errors: 0, Skipped: 0, Time elapsed: 0.015 sec - in org.sonar.php.checks.ClassComplexityCheckTest
Running org.sonar.php.checks.SelfKeywordUsageCheckTest
Tests run: 1, Failures: 0, Errors: 0, Skipped: 0, Time elapsed: 0.024 sec - in org.sonar.php.checks.SelfKeywordUsageCheckTest
Running org.sonar.php.checks.FileHeaderCheckTest
Tests run: 1, Failures: 0, Errors: 0, Skipped: 0, Time elapsed: 0.012 sec - in org.sonar.php.checks.FileHeaderCheckTest
Running org.sonar.php.checks.IncrementDecrementInSubExpressionCheckTest
Tests run: 1, Failures: 0, Errors: 0, Skipped: 0, Time elapsed: 0.009 sec - in org.sonar.php.checks.IncrementDecrementInSubExpressionCheckTest
Running org.sonar.php.checks.LeftCurlyBraceStartsLineCheckTest
Tests run: 1, Failures: 0, Errors: 0, Skipped: 0, Time elapsed: 0.012 sec - in org.sonar.php.checks.LeftCurlyBraceStartsLineCheckTest
Running org.sonar.php.checks.FunctionDefineOutsideClassCheckTest
Tests run: 1, Failures: 0, Errors: 0, Skipped: 0, Time elapsed: 0.01 sec - in org.sonar.php.checks.FunctionDefineOutsideClassCheckTest
Running org.sonar.php.checks.BooleanEqualityComparisonCheckTest
Tests run: 1, Failures: 0, Errors: 0, Skipped: 0, Time elapsed: 0.014 sec - in org.sonar.php.checks.BooleanEqualityComparisonCheckTest
Running org.sonar.php.checks.EchoWithParenthesisCheckTest
Tests run: 1, Failures: 0, Errors: 0, Skipped: 0, Time elapsed: 0.003 sec - in org.sonar.php.checks.EchoWithParenthesisCheckTest
Running org.sonar.php.checks.formatting.FunctionSpacingCheckTest
Tests run: 2, Failures: 0, Errors: 0, Skipped: 0, Time elapsed: 0.016 sec - in org.sonar.php.checks.formatting.FunctionSpacingCheckTest
Running org.sonar.php.checks.phpini.FileUploadsCheckTest
Tests run: 2, Failures: 0, Errors: 0, Skipped: 0, Time elapsed: 0.003 sec - in org.sonar.php.checks.phpini.FileUploadsCheckTest
Running org.sonar.php.checks.GlobalKeywordAndArrayUsageCheckTest
Tests run: 1, Failures: 0, Errors: 0, Skipped: 0, Time elapsed: 0.002 sec - in org.sonar.php.checks.GlobalKeywordAndArrayUsageCheckTest
Running org.sonar.php.checks.ImmediatelyReturnedVariableCheckTest
Tests run: 1, Failures: 0, Errors: 0, Skipped: 0, Time elapsed: 0.023 sec - in org.sonar.php.checks.ImmediatelyReturnedVariableCheckTest
Running org.sonar.php.checks.UnusedFunctionParametersCheckTest
Tests run: 1, Failures: 0, Errors: 0, Skipped: 0, Time elapsed: 0.018 sec - in org.sonar.php.checks.UnusedFunctionParametersCheckTest
Running org.sonar.php.checks.SelfAssignmentCheckTest
Tests run: 1, Failures: 0, Errors: 0, Skipped: 0, Time elapsed: 0.004 sec - in org.sonar.php.checks.SelfAssignmentCheckTest
Running org.sonar.php.checks.ElseIfSequenceKeywordUsageCheckTest
Tests run: 1, Failures: 0, Errors: 0, Skipped: 0, Time elapsed: 0.003 sec - in org.sonar.php.checks.ElseIfSequenceKeywordUsageCheckTest
Running org.sonar.php.checks.SleepFunctionUsageCheckTest
Tests run: 1, Failures: 0, Errors: 0, Skipped: 0, Time elapsed: 0.002 sec - in org.sonar.php.checks.SleepFunctionUsageCheckTest
Running org.sonar.php.checks.MultilineBlocksCurlyBracesCheckTest
Tests run: 1, Failures: 0, Errors: 0, Skipped: 0, Time elapsed: 0.023 sec - in org.sonar.php.checks.MultilineBlocksCurlyBracesCheckTest
Running org.sonar.php.checks.FunctionNameCheckTest
Tests run: 2, Failures: 0, Errors: 0, Skipped: 0, Time elapsed: 0.01 sec - in org.sonar.php.checks.FunctionNameCheckTest
Running org.sonar.php.checks.KeywordsAndConstantsNotLowerCaseCheckTest
Tests run: 1, Failures: 0, Errors: 0, Skipped: 0, Time elapsed: 0.003 sec - in org.sonar.php.checks.KeywordsAndConstantsNotLowerCaseCheckTest
Running org.sonar.php.checks.TooManyLinesInClassCheckTest
Tests run: 2, Failures: 0, Errors: 0, Skipped: 0, Time elapsed: 0.004 sec - in org.sonar.php.checks.TooManyLinesInClassCheckTest
Running org.sonar.php.checks.ConstructorDeclarationCheckTest
Tests run: 1, Failures: 0, Errors: 0, Skipped: 0, Time elapsed: 0.003 sec - in org.sonar.php.checks.ConstructorDeclarationCheckTest
Running org.sonar.php.checks.MissingMethodVisibilityCheckTest
Tests run: 1, Failures: 0, Errors: 0, Skipped: 0, Time elapsed: 0.005 sec - in org.sonar.php.checks.MissingMethodVisibilityCheckTest
Running org.sonar.php.checks.phpini.AllowUrlCheckTest
Tests run: 2, Failures: 0, Errors: 0, Skipped: 0, Time elapsed: 0.005 sec - in org.sonar.php.checks.phpini.AllowUrlCheckTest
Running org.sonar.php.checks.AliasFunctionUsageCheckTest
Tests run: 1, Failures: 0, Errors: 0, Skipped: 0, Time elapsed: 0.016 sec - in org.sonar.php.checks.AliasFunctionUsageCheckTest
Running org.sonar.php.checks.CodeFollowingJumpStatementCheckTest
Tests run: 1, Failures: 0, Errors: 0, Skipped: 0, Time elapsed: 0.015 sec - in org.sonar.php.checks.CodeFollowingJumpStatementCheckTest
Running org.sonar.php.checks.NestedFunctionDepthCheckTest
Tests run: 2, Failures: 0, Errors: 0, Skipped: 0, Time elapsed: 0.004 sec - in org.sonar.php.checks.NestedFunctionDepthCheckTest
Running org.sonar.php.checks.ExitOrDieUsageCheckTest
Tests run: 1, Failures: 0, Errors: 0, Skipped: 0, Time elapsed: 0.003 sec - in org.sonar.php.checks.ExitOrDieUsageCheckTest
Running org.sonar.php.checks.OneStatementPerLineCheckTest
Tests run: 1, Failures: 0, Errors: 0, Skipped: 0, Time elapsed: 0.011 sec - in org.sonar.php.checks.OneStatementPerLineCheckTest
Running org.sonar.php.checks.SessionCookiePersistenceCheckTest
Tests run: 3, Failures: 0, Errors: 0, Skipped: 0, Time elapsed: 0.006 sec - in org.sonar.php.checks.SessionCookiePersistenceCheckTest
Running org.sonar.php.checks.formatting.IndentationCheckTest
Tests run: 2, Failures: 0, Errors: 0, Skipped: 0, Time elapsed: 0.042 sec - in org.sonar.php.checks.formatting.IndentationCheckTest
Running org.sonar.php.checks.ReturnOfBooleanExpressionCheckTest
Tests run: 1, Failures: 0, Errors: 0, Skipped: 0, Time elapsed: 0.017 sec - in org.sonar.php.checks.ReturnOfBooleanExpressionCheckTest
Running org.sonar.php.checks.StringLiteralDuplicatedCheckTest
Tests run: 2, Failures: 0, Errors: 0, Skipped: 0, Time elapsed: 0.017 sec - in org.sonar.php.checks.StringLiteralDuplicatedCheckTest
Running org.sonar.php.checks.GenericExceptionCheckTest
Tests run: 6, Failures: 0, Errors: 0, Skipped: 0, Time elapsed: 0.039 sec - in org.sonar.php.checks.GenericExceptionCheckTest
Running org.sonar.php.checks.AtLeastThreeCasesInSwitchCheckTest
Tests run: 1, Failures: 0, Errors: 0, Skipped: 0, Time elapsed: 0.011 sec - in org.sonar.php.checks.AtLeastThreeCasesInSwitchCheckTest
Running org.sonar.php.checks.ArgumentWithDefaultValueNotLastCheckTest
Tests run: 1, Failures: 0, Errors: 0, Skipped: 0, Time elapsed: 0.005 sec - in org.sonar.php.checks.ArgumentWithDefaultValueNotLastCheckTest
Running org.sonar.php.checks.CallToIniSetCheckTest
Tests run: 1, Failures: 0, Errors: 0, Skipped: 0, Time elapsed: 0.004 sec - in org.sonar.php.checks.CallToIniSetCheckTest
Running org.sonar.php.checks.FunctionCognitiveComplexityCheckTest
Tests run: 2, Failures: 0, Errors: 0, Skipped: 0, Time elapsed: 0.029 sec - in org.sonar.php.checks.FunctionCognitiveComplexityCheckTest
Running org.sonar.php.checks.InterfaceNameCheckTest
Tests run: 1, Failures: 0, Errors: 0, Skipped: 0, Time elapsed: 0.002 sec - in org.sonar.php.checks.InterfaceNameCheckTest
Running org.sonar.php.checks.PhpSapiNameFunctionUsageCheckTest
Tests run: 1, Failures: 0, Errors: 0, Skipped: 0, Time elapsed: 0.004 sec - in org.sonar.php.checks.PhpSapiNameFunctionUsageCheckTest
Running org.sonar.php.checks.ModifiersOrderCheckTest
Tests run: 1, Failures: 0, Errors: 0, Skipped: 0, Time elapsed: 0.007 sec - in org.sonar.php.checks.ModifiersOrderCheckTest
Running org.sonar.php.checks.SwitchCaseTooBigCheckTest
Tests run: 2, Failures: 0, Errors: 0, Skipped: 0, Time elapsed: 0.025 sec - in org.sonar.php.checks.SwitchCaseTooBigCheckTest
Running org.sonar.php.checks.ThisVariableUsageInStaticContextCheckTest
Tests run: 1, Failures: 0, Errors: 0, Skipped: 0, Time elapsed: 0.004 sec - in org.sonar.php.checks.ThisVariableUsageInStaticContextCheckTest
Running org.sonar.php.checks.TrailingCommentCheckTest
Tests run: 2, Failures: 0, Errors: 0, Skipped: 0, Time elapsed: 0.009 sec - in org.sonar.php.checks.TrailingCommentCheckTest

Results :




Tests run: 206, Failures: 0, Errors: 0, Skipped: 0

[INFO] 
[INFO] --- maven-jar-plugin:2.6:jar (default-jar) @ php-checks ---
[INFO] Building jar: /home/travis/build/SonarSource/sonar-php/php-checks/target/php-checks-2.10.0.2069.jar
[INFO] 
[INFO] --- maven-source-plugin:2.4:jar-no-fork (attach-sources) @ php-checks ---
[INFO] Building jar: /home/travis/build/SonarSource/sonar-php/php-checks/target/php-checks-2.10.0.2069-sources.jar
[INFO] 
[INFO] --- maven-install-plugin:2.5.2:install (default-install) @ php-checks ---
[INFO] Installing /home/travis/build/SonarSource/sonar-php/php-checks/target/php-checks-2.10.0.2069.jar to /home/travis/.m2/repository/org/sonarsource/php/php-checks/2.10.0.2069/php-checks-2.10.0.2069.jar
[INFO] Installing /home/travis/build/SonarSource/sonar-php/php-checks/pom.xml to /home/travis/.m2/repository/org/sonarsource/php/php-checks/2.10.0.2069/php-checks-2.10.0.2069.pom
[INFO] Installing /home/travis/build/SonarSource/sonar-php/php-checks/target/php-checks-2.10.0.2069-sources.jar to /home/travis/.m2/repository/org/sonarsource/php/php-checks/2.10.0.2069/php-checks-2.10.0.2069-sources.jar
[INFO] 
[INFO] --- maven-deploy-plugin:2.8.2:deploy (default-deploy) @ php-checks ---
[INFO] Skipping artifact deployment
[INFO]                                                                         
[INFO] ------------------------------------------------------------------------
[INFO] Building PHP :: Sonar Plugin 2.10.0.2069
[INFO] ------------------------------------------------------------------------
[INFO] 
[INFO] --- jacoco-maven-plugin:0.7.9:prepare-agent (default-cli) @ sonar-php-plugin ---
[INFO] argLine set to -javaagent:/home/travis/.m2/repository/org/jacoco/org.jacoco.agent/0.7.9/org.jacoco.agent-0.7.9-runtime.jar=destfile=/home/travis/build/SonarSource/sonar-php/sonar-php-plugin/target/jacoco.exec
[INFO] 
[INFO] --- buildnumber-maven-plugin:1.4:create (default) @ sonar-php-plugin ---
[INFO] 
[INFO] --- maven-enforcer-plugin:1.4.1:enforce (enforce) @ sonar-php-plugin ---
[INFO] 
[INFO] --- maven-enforcer-plugin:1.4.1:enforce (enforce-deploy-settings) @ sonar-php-plugin ---
[INFO] 
[INFO] --- license-maven-plugin:2.11:check (enforce-license-headers) @ sonar-php-plugin ---
[INFO] Checking licenses...
[INFO] 
[INFO] --- artifactory-maven-plugin:2.6.1:publish (build-info) @ sonar-php-plugin ---
[INFO] 
[INFO] --- sonar-packaging-maven-plugin:1.17:check (default-check) @ sonar-php-plugin ---
[INFO] 
[INFO] --- maven-resources-plugin:2.7:resources (default-resources) @ sonar-php-plugin ---
[INFO] Using 'UTF-8' encoding to copy filtered resources.
[INFO] Copying 2 resources
[INFO] 
[INFO] --- maven-compiler-plugin:3.5.1:compile (default-compile) @ sonar-php-plugin ---
[INFO] Changes detected - recompiling the module!
[INFO] Compiling 32 source files to /home/travis/build/SonarSource/sonar-php/sonar-php-plugin/target/classes
[INFO] /home/travis/build/SonarSource/sonar-php/sonar-php-plugin/src/main/java/org/sonar/plugins/php/PHPProfileDefinition.java: Some input files use or override a deprecated API.
[INFO] /home/travis/build/SonarSource/sonar-php/sonar-php-plugin/src/main/java/org/sonar/plugins/php/PHPProfileDefinition.java: Recompile with -Xlint:deprecation for details.
[INFO] 
[INFO] --- maven-resources-plugin:2.7:testResources (default-testResources) @ sonar-php-plugin ---
[INFO] Using 'UTF-8' encoding to copy filtered resources.
[INFO] Copying 26 resources
[INFO] 
[INFO] --- maven-compiler-plugin:3.5.1:testCompile (default-testCompile) @ sonar-php-plugin ---
[INFO] Changes detected - recompiling the module!
[INFO] Compiling 18 source files to /home/travis/build/SonarSource/sonar-php/sonar-php-plugin/target/test-classes
[INFO] /home/travis/build/SonarSource/sonar-php/sonar-php-plugin/src/test/java/org/sonar/plugins/php/FakeProfileParser.java: Some input files use or override a deprecated API.
[INFO] /home/travis/build/SonarSource/sonar-php/sonar-php-plugin/src/test/java/org/sonar/plugins/php/FakeProfileParser.java: Recompile with -Xlint:deprecation for details.
[INFO] /home/travis/build/SonarSource/sonar-php/sonar-php-plugin/src/test/java/org/sonar/plugins/php/PhpPluginTest.java: /home/travis/build/SonarSource/sonar-php/sonar-php-plugin/src/test/java/org/sonar/plugins/php/PhpPluginTest.java uses unchecked or unsafe operations.
[INFO] /home/travis/build/SonarSource/sonar-php/sonar-php-plugin/src/test/java/org/sonar/plugins/php/PhpPluginTest.java: Recompile with -Xlint:unchecked for details.
[INFO] 
[INFO] --- maven-surefire-plugin:2.18:test (default-test) @ sonar-php-plugin ---
[INFO] Surefire report directory: /home/travis/build/SonarSource/sonar-php/sonar-php-plugin/target/surefire-reports

-------------------------------------------------------
 T E S T S
-------------------------------------------------------
Running org.sonar.plugins.php.phpunit.CompatibilityImportersFactoryTest
Tests run: 8, Failures: 0, Errors: 0, Skipped: 0, Time elapsed: 0.441 sec - in org.sonar.plugins.php.phpunit.CompatibilityImportersFactoryTest
Running org.sonar.plugins.php.phpunit.xml.TestCaseTest
SLF4J: Failed to load class "org.slf4j.impl.StaticLoggerBinder".
SLF4J: Defaulting to no-operation (NOP) logger implementation
SLF4J: See http://www.slf4j.org/codes.html#StaticLoggerBinder for further details.
Tests run: 1, Failures: 0, Errors: 0, Skipped: 0, Time elapsed: 0.288 sec - in org.sonar.plugins.php.phpunit.xml.TestCaseTest
Running org.sonar.plugins.php.phpunit.TestResultImporterTest
Tests run: 1, Failures: 0, Errors: 0, Skipped: 0, Time elapsed: 0.087 sec - in org.sonar.plugins.php.phpunit.TestResultImporterTest
Running org.sonar.plugins.php.PhpIniSensorTest
ERROR Unable to parse file: /home/travis/build/SonarSource/sonar-php/sonar-php-plugin/src/test/resources/phpini-error/php.ini
ERROR Cannot parse directive at line 1:
invalid content with = and again =...
Tests run: 3, Failures: 0, Errors: 0, Skipped: 0, Time elapsed: 0.197 sec - in org.sonar.plugins.php.PhpIniSensorTest
Running org.sonar.plugins.php.phpunit.xml.TestSuiteTest
Tests run: 4, Failures: 0, Errors: 0, Skipped: 0, Time elapsed: 0.007 sec - in org.sonar.plugins.php.phpunit.xml.TestSuiteTest
Running org.sonar.plugins.php.PHPProfileDefinitionTest
Tests run: 1, Failures: 0, Errors: 0, Skipped: 0, Time elapsed: 0.376 sec - in org.sonar.plugins.php.PHPProfileDefinitionTest
Running org.sonar.plugins.php.phpunit.CoverageResultImporterTest
WARN  Line with number 0 doesn't belong to file /home/travis/build/SonarSource/sonar-php/sonar-php-plugin/target/test-classes/org/sonar/plugins/php/phpunit/sensor/src/Monkey.php
WARN  Line with number 100 doesn't belong to file /home/travis/build/SonarSource/sonar-php/sonar-php-plugin/target/test-classes/org/sonar/plugins/php/phpunit/sensor/src/Monkey.php
WARN  Could not resolve 2 file paths in report_with_absolute_paths.xml, first unresolved path: /IndexControllerTest.php
Tests run: 7, Failures: 0, Errors: 0, Skipped: 0, Time elapsed: 0.167 sec - in org.sonar.plugins.php.phpunit.CoverageResultImporterTest
Running org.sonar.plugins.php.phpunit.xml.TestSuitesTest
Tests run: 2, Failures: 0, Errors: 0, Skipped: 0, Time elapsed: 0.002 sec - in org.sonar.plugins.php.phpunit.xml.TestSuitesTest
Running org.sonar.plugins.php.PhpPluginTest
Tests run: 4, Failures: 0, Errors: 0, Skipped: 0, Time elapsed: 0.019 sec - in org.sonar.plugins.php.PhpPluginTest
Running org.sonar.plugins.php.DrupalProfileDefinitionTest
Tests run: 1, Failures: 0, Errors: 0, Skipped: 0, Time elapsed: 0.125 sec - in org.sonar.plugins.php.DrupalProfileDefinitionTest
Running org.sonar.plugins.php.phpunit.TestFileReportTest
Tests run: 4, Failures: 0, Errors: 0, Skipped: 0, Time elapsed: 0.006 sec - in org.sonar.plugins.php.phpunit.TestFileReportTest
Running org.sonar.plugins.php.phpunit.JUnitLogParserForPhpUnitTest
Tests run: 4, Failures: 0, Errors: 0, Skipped: 0, Time elapsed: 0.027 sec - in org.sonar.plugins.php.phpunit.JUnitLogParserForPhpUnitTest
Running org.sonar.plugins.php.api.PhpTest
Tests run: 2, Failures: 0, Errors: 0, Skipped: 0, Time elapsed: 0.01 sec - in org.sonar.plugins.php.api.PhpTest
Running org.sonar.plugins.php.PSR2ProfileDefinitionTest
Tests run: 1, Failures: 0, Errors: 0, Skipped: 0, Time elapsed: 0.009 sec - in org.sonar.plugins.php.PSR2ProfileDefinitionTest
Running org.sonar.plugins.php.PHPSensorTest
INFO  No PHPUnit test report provided (see 'sonar.php.tests.reportPath' property)
INFO  No PHPUnit coverage reports provided (see 'sonar.php.coverage.reportPaths' property)
INFO  No PHPUnit test report provided (see 'sonar.php.tests.reportPath' property)
INFO  No PHPUnit coverage reports provided (see 'sonar.php.coverage.reportPaths' property)
INFO  No PHPUnit test report provided (see 'sonar.php.tests.reportPath' property)
INFO  No PHPUnit coverage reports provided (see 'sonar.php.coverage.reportPaths' property)
INFO  No PHPUnit test report provided (see 'sonar.php.tests.reportPath' property)
INFO  No PHPUnit coverage reports provided (see 'sonar.php.coverage.reportPaths' property)
INFO  No PHPUnit test report provided (see 'sonar.php.tests.reportPath' property)
INFO  No PHPUnit coverage reports provided (see 'sonar.php.coverage.reportPaths' property)
INFO  No PHPUnit test report provided (see 'sonar.php.tests.reportPath' property)
INFO  No PHPUnit coverage reports provided (see 'sonar.php.coverage.reportPaths' property)
INFO  No PHPUnit test report provided (see 'sonar.php.tests.reportPath' property)
INFO  No PHPUnit coverage reports provided (see 'sonar.php.coverage.reportPaths' property)
INFO  No PHPUnit test report provided (see 'sonar.php.tests.reportPath' property)
INFO  No PHPUnit coverage reports provided (see 'sonar.php.coverage.reportPaths' property)
INFO  No PHPUnit test report provided (see 'sonar.php.tests.reportPath' property)
INFO  No PHPUnit coverage reports provided (see 'sonar.php.coverage.reportPaths' property)
INFO  Analyzing PHPUnit test report: org/sonar/plugins/php/phpunit/sensor/phpunit-junit-report.xml
INFO  Analyzing PHPUnit unit test coverage report: org/sonar/plugins/php/phpunit/sensor/phpunit.coverage.xml
WARN  Could not resolve 3 file paths in phpunit.coverage.xml, first unresolved path: /IndexControllerTest.php
INFO  No PHPUnit integration test coverage report provided (see 'sonar.php.coverage.itReportPath' property)
INFO  No PHPUnit overall coverage report provided (see 'sonar.php.coverage.overallReportPath' property)
INFO  No PHPUnit test report provided (see 'sonar.php.tests.reportPath' property)
INFO  Analyzing PHPUnit coverage report: phpunit-reports/coverage/generated-ut-coverage.xml
INFO  Analyzing PHPUnit coverage report: phpunit-reports/coverage/generated-it-coverage.xml
INFO  Analyzing PHPUnit coverage report: phpunit-reports/coverage/generated-overall-coverage.xml
INFO  No PHPUnit test report provided (see 'sonar.php.tests.reportPath' property)
INFO  Analyzing PHPUnit unit test coverage report: phpunit-reports/coverage/generated-ut-coverage.xml
INFO  Analyzing PHPUnit integration test coverage report: phpunit-reports/coverage/generated-it-coverage.xml
INFO  Analyzing PHPUnit overall coverage report: phpunit-reports/coverage/generated-overall-coverage.xml
INFO  No PHPUnit test report provided (see 'sonar.php.tests.reportPath' property)
INFO  No PHPUnit coverage reports provided (see 'sonar.php.coverage.reportPaths' property)
INFO  No PHPUnit test report provided (see 'sonar.php.tests.reportPath' property)
INFO  No PHPUnit unit test coverage report provided (see 'sonar.php.coverage.reportPath' property)
INFO  No PHPUnit integration test coverage report provided (see 'sonar.php.coverage.itReportPath' property)
INFO  No PHPUnit overall coverage report provided (see 'sonar.php.coverage.overallReportPath' property)
Tests run: 18, Failures: 0, Errors: 0, Skipped: 0, Time elapsed: 2.639 sec - in org.sonar.plugins.php.PHPSensorTest
Running org.sonar.plugins.php.PHPRulesDefinitionTest
Tests run: 2, Failures: 0, Errors: 0, Skipped: 0, Time elapsed: 0.371 sec - in org.sonar.plugins.php.PHPRulesDefinitionTest

Results :




Tests run: 63, Failures: 0, Errors: 0, Skipped: 0

[INFO] 
[INFO] --- sonar-packaging-maven-plugin:1.17:sonar-plugin (default-sonar-plugin) @ sonar-php-plugin ---
[INFO] -------------------------------------------------------
[INFO] Plugin definition in update center
[INFO]     Key: php
[INFO]     Name: PHP
[INFO]     Description: Enables analysis of PHP projects.
[INFO]     Version: 2.10.0.2069
[INFO]     Entry-point Class: org.sonar.plugins.php.PhpPlugin
[INFO]     Required Plugins: 
[INFO]     Does the plugin support SonarLint?: true
[INFO]     Use Child-first ClassLoader: false
[INFO]     Base Plugin: 
[INFO]     Homepage URL: http://redirect.sonarsource.com/plugins/php.html
[INFO]     Minimal SonarQube Version: 5.6
[INFO]     Licensing: GNU LGPL v3
[INFO]     Organization: SonarSource and Akram Ben Aissi
[INFO]     Organization URL: http://www.sonarsource.com/
[INFO]     Terms and Conditions: 
[INFO]     Issue Tracker URL: http://jira.codehaus.org/browse/SONARPHP
[INFO]     Build date: 2017-03-08T08:39:10+0000
[INFO]     Sources URL: https://github.com/SonarCommunity/sonar-php
[INFO]     Developers: Linda Martin,Fabrice Bellingard,Sebastian Marek,Gennadiy Litvinyuk,Akram Ben Aissi,Gabriele Santini,Julien Henry
[INFO]     Dependencies: META-INF/lib/commons-lang-2.6.jar META-INF/lib/xpp3_min-1.1.4c.jar META-INF/lib/cglib-nodep-3.1.jar META-INF/lib/commons-io-2.5.jar META-INF/lib/gson-2.7.jar META-INF/lib/guava-10.0.1.jar META-INF/lib/xstream-1.3.1.jar META-INF/lib/jsr305-1.3.9.jar META-INF/lib/sslr-core-1.21.jar META-INF/lib/sslr-squid-bridge-2.6.1.jar META-INF/lib/php-frontend-2.10.0.2069.jar META-INF/lib/php-checks-2.10.0.2069.jar
[INFO] -------------------------------------------------------
[INFO] Building jar: /home/travis/build/SonarSource/sonar-php/sonar-php-plugin/target/sonar-php-plugin-2.10.0.2069.jar
[INFO]  already added, skipping
[INFO] 
[INFO] --- maven-enforcer-plugin:1.4.1:enforce (enforce-plugin-size) @ sonar-php-plugin ---
[INFO] 
[INFO] --- maven-source-plugin:2.4:jar-no-fork (attach-sources) @ sonar-php-plugin ---
[INFO] Building jar: /home/travis/build/SonarSource/sonar-php/sonar-php-plugin/target/sonar-php-plugin-2.10.0.2069-sources.jar
[INFO] 
[INFO] --- maven-install-plugin:2.5.2:install (default-install) @ sonar-php-plugin ---
[INFO] Installing /home/travis/build/SonarSource/sonar-php/sonar-php-plugin/target/sonar-php-plugin-2.10.0.2069.jar to /home/travis/.m2/repository/org/sonarsource/php/sonar-php-plugin/2.10.0.2069/sonar-php-plugin-2.10.0.2069.jar
[INFO] Installing /home/travis/build/SonarSource/sonar-php/sonar-php-plugin/pom.xml to /home/travis/.m2/repository/org/sonarsource/php/sonar-php-plugin/2.10.0.2069/sonar-php-plugin-2.10.0.2069.pom
[INFO] Installing /home/travis/build/SonarSource/sonar-php/sonar-php-plugin/target/sonar-php-plugin-2.10.0.2069-sources.jar to /home/travis/.m2/repository/org/sonarsource/php/sonar-php-plugin/2.10.0.2069/sonar-php-plugin-2.10.0.2069-sources.jar
[INFO] 
[INFO] --- maven-deploy-plugin:2.8.2:deploy (default-deploy) @ sonar-php-plugin ---
[INFO] Skipping artifact deployment
[INFO]                                                                         
[INFO] ------------------------------------------------------------------------
[INFO] Building PHP 2.10.0.2069
[INFO] ------------------------------------------------------------------------
[INFO] 
[INFO] --- sonar-maven-plugin:3.2:sonar (default-cli) @ php ---
[INFO] User cache: /home/travis/.sonar/cache
[INFO] Load global settings
[INFO] Load global settings (done) | time=180ms
[INFO] Server id: 1cd7f14e1e0e35f
[INFO] User cache: /home/travis/.sonar/cache
[INFO] Exclude plugins: devcockpit, pdfreport, report, scmactivity, views, jira
[INFO] Load plugins index
[INFO] Load plugins index (done) | time=8ms
[INFO] Download sonar-cfamily-plugin-4.6.0.7069.jar
[INFO] Download sonar-github-plugin-1.4.0.692.jar
[INFO] Download sonar-scm-svn-plugin-1.3.jar
[INFO] Download sonar-javascript-plugin-2.21.0.4409.jar
[INFO] Download sonar-burgr-plugin-1.22.0.1219.jar
[INFO] Download sonar-csharp-plugin-5.8.0.644.jar
[INFO] Download sonar-groovy-plugin-1.4.jar
[INFO] Download sonar-java-plugin-4.7.0.8838.jar
[INFO] Download sonar-java-debugging-rules-plugin-1.1.0.11.jar
[INFO] Download sonar-ldap-plugin-2.1.0.507.jar
[INFO] Download sonar-scm-git-plugin-1.2.jar
[INFO] Download qualinsight-sonarqube-badges-2.0.1.jar
[INFO] Download sonar-governance-plugin-2.0.0.1831.jar
[INFO] SonarQube version: 6.4.0
[INFO] Default locale: "en_US", source code encoding: "UTF-8"
[INFO] governance licensed to SonarSource, PRODUCTION [Expiration: 2017-06-30, Server: 1cd7f14e1e0e35f]
[INFO] Process project properties
[INFO] Load project repositories
[INFO] Load project repositories (done) | time=182ms
[INFO] Execute project builders
[INFO] Starting analysis of pull request: https://github.com/SonarSource/sonar-php/pull/188
[INFO] Execute project builders (done) | time=759ms
[INFO] Load quality profiles
[INFO] Load quality profiles (done) | time=14ms
[INFO] Load active rules
[INFO] Load active rules (done) | time=488ms
[INFO] Load metrics repository
[INFO] Load metrics repository (done) | time=136ms
[INFO] Issues mode
[INFO] Scanning only changed files
[INFO] Project key: org.sonarsource.php:php
[INFO] -------------  Scan PHP :: Sonar Plugin
[INFO] Load server rules
[INFO] Load server rules (done) | time=118ms
[INFO] Base dir: /home/travis/build/SonarSource/sonar-php/sonar-php-plugin
[INFO] Working dir: /home/travis/build/SonarSource/sonar-php/sonar-php-plugin/target/sonar
[INFO] Source paths: pom.xml, src/main/java
[INFO] Test paths: src/test/java
[INFO] Source encoding: UTF-8, default locale: en_US
[INFO] Index files
[INFO] Excluded sources: 
[INFO]   org/sonar/plugins/php/duplications/internal/*.java
[INFO] 51 files indexed
[INFO] 0 files ignored because of inclusion/exclusion patterns
[INFO] Quality profile for java: AstNode-free language plugins
[INFO] Sensor JavaSquidSensor [java]
[INFO] Configured Java source version (sonar.java.source): 8
[INFO] JavaClasspath initialization
[INFO] JavaClasspath initialization (done) | time=13ms
[INFO] JavaTestClasspath initialization
[INFO] JavaTestClasspath initialization (done) | time=1ms
[INFO] Java Main Files AST scan
[INFO] 1 source files to be analyzed
[INFO] Java Main Files AST scan (done) | time=1621ms
[INFO] 1/1 source files have been analyzed
[INFO] Java Test Files AST scan
[INFO] 1 source files to be analyzed
[INFO] Java Test Files AST scan (done) | time=360ms
[INFO] 1/1 source files have been analyzed
[INFO] Sensor JavaSquidSensor [java] (done) | time=2476ms
[INFO] Sensor com.sonarsource.burgr.plugin.settings.CollectBurgrData [burgr]
[INFO] CollectBurgrData collects data with com.sonarsource.burgr.plugin.settings.TravisEnvVariableCollector
[INFO] Sensor com.sonarsource.burgr.plugin.settings.CollectBurgrData [burgr] (done) | time=4ms
[INFO] Sensor Coverage Report Import [csharp]
[INFO] Sensor Coverage Report Import [csharp] (done) | time=1ms
[INFO] Sensor Coverage Report Import [csharp]
[INFO] Sensor Coverage Report Import [csharp] (done) | time=0ms
[INFO] Sensor Unit Test Results Import [csharp]
[INFO] Sensor Unit Test Results Import [csharp] (done) | time=0ms
[INFO] Sensor SurefireSensor [java]
[INFO] parsing /home/travis/build/SonarSource/sonar-php/sonar-php-plugin/target/surefire-reports
[WARNING] Resource not found: org.sonar.plugins.php.phpunit.xml.TestSuitesTest
[WARNING] Resource not found: org.sonar.plugins.php.DrupalProfileDefinitionTest
[WARNING] Resource not found: org.sonar.plugins.php.api.PhpTest
[WARNING] Resource not found: org.sonar.plugins.php.PSR2ProfileDefinitionTest
[WARNING] Resource not found: org.sonar.plugins.php.phpunit.CompatibilityImportersFactoryTest
[WARNING] Resource not found: org.sonar.plugins.php.phpunit.TestFileReportTest
[WARNING] Resource not found: org.sonar.plugins.php.phpunit.xml.TestCaseTest
[WARNING] Resource not found: org.sonar.plugins.php.phpunit.JUnitLogParserForPhpUnitTest
[WARNING] Resource not found: org.sonar.plugins.php.phpunit.CoverageResultImporterTest
[WARNING] Resource not found: org.sonar.plugins.php.phpunit.TestResultImporterTest
[WARNING] Resource not found: org.sonar.plugins.php.PHPRulesDefinitionTest
[WARNING] Resource not found: org.sonar.plugins.php.phpunit.xml.TestSuiteTest
[WARNING] Resource not found: org.sonar.plugins.php.PHPProfileDefinitionTest
[WARNING] Resource not found: org.sonar.plugins.php.PhpIniSensorTest
[WARNING] Resource not found: org.sonar.plugins.php.PhpPluginTest
[INFO] Sensor SurefireSensor [java] (done) | time=259ms
[INFO] Sensor JaCoCoSensor [java]
[INFO] Analysing /home/travis/build/SonarSource/sonar-php/sonar-php-plugin/target/jacoco.exec
[INFO] No information about coverage per test.
[INFO] Sensor JaCoCoSensor [java] (done) | time=133ms
[INFO] Sensor XmlFileSensor [java]
[INFO] 1 source files to be analyzed
[INFO] Sensor XmlFileSensor [java] (done) | time=596ms
[INFO] 1/1 source files have been analyzed
[INFO] -------------  Scan PHP :: Frontend
[INFO] Base dir: /home/travis/build/SonarSource/sonar-php/php-frontend
[INFO] Working dir: /home/travis/build/SonarSource/sonar-php/php-frontend/target/sonar
[INFO] Source paths: pom.xml, src/main/java
[INFO] Test paths: src/test/java
[INFO] Source encoding: UTF-8, default locale: en_US
[INFO] Index files
[INFO] 474 files indexed
[INFO] Quality profile for java: AstNode-free language plugins
[INFO] Sensor JavaSquidSensor [java]
[INFO] Configured Java source version (sonar.java.source): 8
[INFO] JavaClasspath initialization
[INFO] JavaClasspath initialization (done) | time=1ms
[INFO] JavaTestClasspath initialization
[INFO] JavaTestClasspath initialization (done) | time=1ms
[INFO] Java Main Files AST scan
[INFO] 3 source files to be analyzed
[INFO] Java Main Files AST scan (done) | time=305ms
[INFO] 3/3 source files have been analyzed
[INFO] Java Test Files AST scan
[INFO] 2 source files to be analyzed
[INFO] Java Test Files AST scan (done) | time=121ms
[INFO] 2/2 source files have been analyzed
[INFO] Sensor JavaSquidSensor [java] (done) | time=496ms
[INFO] Sensor com.sonarsource.burgr.plugin.settings.CollectBurgrData [burgr]
[INFO] CollectBurgrData collects data with com.sonarsource.burgr.plugin.settings.TravisEnvVariableCollector
[INFO] Sensor com.sonarsource.burgr.plugin.settings.CollectBurgrData [burgr] (done) | time=0ms
[INFO] Sensor Coverage Report Import [csharp]
[INFO] Sensor Coverage Report Import [csharp] (done) | time=1ms
[INFO] Sensor Coverage Report Import [csharp]
[INFO] Sensor Coverage Report Import [csharp] (done) | time=0ms
[INFO] Sensor Unit Test Results Import [csharp]
[INFO] Sensor Unit Test Results Import [csharp] (done) | time=0ms
[INFO] Sensor SurefireSensor [java]
[INFO] parsing /home/travis/build/SonarSource/sonar-php/php-frontend/target/surefire-reports
[WARNING] Resource not found: org.sonar.php.parser.declaration.ClassConstDeclarationTest
[WARNING] Resource not found: org.sonar.php.tree.impl.expression.ArrayAccessTreeTest
[WARNING] Resource not found: org.sonar.plugins.php.api.visitors.LineIssueTest
[WARNING] Resource not found: org.sonar.php.parser.expression.StaticMemberAccessTest
[WARNING] Resource not found: org.sonar.php.tree.impl.statement.SwitchClauseTreeTest
[WARNING] Resource not found: org.sonar.php.tree.impl.statement.ReturnStatementTreeTest
[WARNING] Resource not found: org.sonar.php.tree.impl.expression.PrefixExpressionTreeTest
[WARNING] Resource not found: org.sonar.php.parser.statement.ReturnStatementTest
[WARNING] Resource not found: org.sonar.php.tree.impl.declaration.ClassDeclarationTreeTest
[WARNING] Resource not found: org.sonar.php.parser.expression.ObjectDimListTest
[WARNING] Resource not found: org.sonar.php.tree.impl.expression.CastExpressionTreeTest
[WARNING] Resource not found: org.sonar.plugins.php.api.visitors.PreciseIssueTest
[WARNING] Resource not found: org.sonar.php.tree.impl.expression.PostfixExpressionTreeTest
[WARNING] Resource not found: org.sonar.php.tree.impl.expression.LiteralTreeTest
[WARNING] Resource not found: org.sonar.php.parser.expression.UnaryExprTest
[WARNING] Resource not found: org.sonar.php.parser.statement.TryStatementTest
[WARNING] Resource not found: org.sonar.php.parser.statement.NamespaceStatementTest
[WARNING] Resource not found: org.sonar.php.parser.statement.StatementTest
[WARNING] Resource not found: org.sonar.php.ini.BasePhpIniIssueTest
[WARNING] Resource not found: org.sonar.php.tree.impl.expression.HeredocStringLiteralTreeTest
[WARNING] Resource not found: org.sonar.php.parser.expression.CompoundVariableTest
[WARNING] Resource not found: org.sonar.php.parser.declaration.ClassMemberTest
[WARNING] Resource not found: org.sonar.php.parser.expression.ObjectMemberAccessTest
[WARNING] Resource not found: org.sonar.php.parser.expression.BitwiseOrExpressionTest
[WARNING] Resource not found: org.sonar.php.parser.statement.GotoStatementTest
[WARNING] Resource not found: org.sonar.php.tree.impl.statement.ContinueStatementTreeTest
[WARNING] Resource not found: org.sonar.php.parser.expression.CommonScalarTest
[WARNING] Resource not found: org.sonar.plugins.php.api.PHPCustomRulesDefinitionTest
[WARNING] Resource not found: org.sonar.php.tree.impl.statement.GotoStatementTreeTest
[WARNING] Resource not found: org.sonar.php.parser.expression.ConcatenationExpressionTest
[WARNING] Resource not found: org.sonar.php.tree.impl.expression.ListExpressionTreeTest
[WARNING] Resource not found: org.sonar.php.parser.statement.ForStatementTest
[WARNING] Resource not found: org.sonar.php.metrics.CpdVisitorTest
[WARNING] Resource not found: org.sonar.php.tree.impl.expression.AssignmentExpressionTreeTest
[WARNING] Resource not found: org.sonar.php.tree.impl.declaration.NamespaceNameTreeTest
[WARNING] Resource not found: org.sonar.php.tree.impl.declaration.ConstantDeclarationTreeTest
[WARNING] Resource not found: org.sonar.php.parser.expression.ComplexEncapsVariableTest
[WARNING] Resource not found: org.sonar.php.parser.expression.YieldExpressionTest
[WARNING] Resource not found: org.sonar.php.parser.lexical.InlineHtmlTest
[WARNING] Resource not found: org.sonar.php.parser.statement.GlobalVarTest
[WARNING] Resource not found: org.sonar.php.parser.declaration.MemberModifierTest
[WARNING] Resource not found: org.sonar.plugins.php.api.visitors.FileIssueTest
[WARNING] Resource not found: org.sonar.php.parser.declaration.ClassVariableDeclarationTest
[WARNING] Resource not found: org.sonar.php.parser.expression.ArrayInitializerTest
[WARNING] Resource not found: org.sonar.php.tree.impl.expression.NewExpressionTreeTest
[WARNING] Resource not found: org.sonar.php.tree.impl.expression.VariableVariableTreeTest
[WARNING] Resource not found: org.sonar.php.metrics.CounterVisitorTest
[WARNING] Resource not found: org.sonar.php.tree.impl.expression.FunctionCallTreeTest
[WARNING] Resource not found: org.sonar.php.tree.impl.statement.CatchBlockTreeTest
[WARNING] Resource not found: org.sonar.php.parser.expression.NamespaceNameTest
[WARNING] Resource not found: org.sonar.php.parser.ScriptTest
[WARNING] Resource not found: org.sonar.php.parser.expression.ExpandableStringLiteralTest
[WARNING] Resource not found: org.sonar.php.parser.lexical.RegularStringLiteralTest
[WARNING] Resource not found: org.sonar.php.tree.impl.declaration.UseTraitDeclarationTreeTest
[WARNING] Resource not found: org.sonar.php.tree.impl.statement.GlobalStatementTreeTest
[WARNING] Resource not found: org.sonar.php.tree.impl.expression.ReferenceVariableTreeTest
[WARNING] Resource not found: org.sonar.php.parser.expression.RelationalExpressionTest
[WARNING] Resource not found: org.sonar.php.metrics.CommentLineVisitorTest
[WARNING] Resource not found: org.sonar.php.parser.statement.DoWhileStatementTest
[WARNING] Resource not found: org.sonar.php.tree.impl.lexical.InternalSyntaxTokenTest
[WARNING] Resource not found: org.sonar.php.parser.expression.ListExpressionTest
[WARNING] Resource not found: org.sonar.php.tree.impl.declaration.UseDeclarationTreeTest
[WARNING] Resource not found: org.sonar.php.tree.symbols.ScopeTest
[WARNING] Resource not found: org.sonar.php.parser.statement.SwitchCaseClauseTest
[WARNING] Resource not found: org.sonar.php.parser.declaration.UseTraitDeclarationTest
[WARNING] Resource not found: org.sonar.php.tree.visitors.PHPVisitorCheckTest
[WARNING] Resource not found: org.sonar.php.tree.impl.statement.TryStatementTreeTest
[WARNING] Resource not found: org.sonar.php.tree.impl.statement.YieldStatementTreeTest
[WARNING] Resource not found: org.sonar.php.parser.expression.ArrayPairTest
[WARNING] Resource not found: org.sonar.php.parser.expression.InternalFunctionTest
[WARNING] Resource not found: org.sonar.php.tree.impl.expression.ArrayInitializerFunctionTreeTest
[WARNING] Resource not found: org.sonar.php.parser.expression.SemiComplexEncapsVariableTest
[WARNING] Resource not found: org.sonar.php.parser.expression.LexicalVarTest
[WARNING] Resource not found: org.sonar.php.tree.impl.statement.BlockTreeTest
[WARNING] Resource not found: org.sonar.php.parser.declaration.InterfaceDeclarationTest
[WARNING] Resource not found: org.sonar.php.tree.symbols.UsagesTest
[WARNING] Resource not found: org.sonar.php.parser.statement.IfStatementTest
[WARNING] Resource not found: org.sonar.php.parser.lexical.HeredocTest
[WARNING] Resource not found: org.sonar.php.parser.expression.SimpleEncapsVariableTest
[WARNING] Resource not found: org.sonar.php.parser.expression.AnonymousClassTest
[WARNING] Resource not found: org.sonar.php.tree.impl.expression.ExpandableStringLiteralTreeTest
[WARNING] Resource not found: org.sonar.php.parser.expression.ExitExprTest
[WARNING] Resource not found: org.sonar.php.parser.expression.LexicalVarsTest
[WARNING] Resource not found: org.sonar.php.tree.impl.statement.StaticStatementTreeTest
[WARNING] Resource not found: org.sonar.php.tree.impl.declaration.ClassPropertyDeclarationTreeTest
[WARNING] Resource not found: org.sonar.php.compat.CompatibilityHelperTest
[WARNING] Resource not found: org.sonar.php.parser.expression.LogicalOrExpressionTest
[WARNING] Resource not found: org.sonar.php.parser.expression.NewExpressionTest
[WARNING] Resource not found: org.sonar.php.parser.expression.StaticScalarTest
[WARNING] Resource not found: org.sonar.php.parser.declaration.TraitDeclarationTest
[WARNING] Resource not found: org.sonar.php.tree.impl.statement.NamespaceStatementTreeTest
[WARNING] Resource not found: org.sonar.php.parser.statement.LabelTest
[WARNING] Resource not found: org.sonar.php.parser.lexical.FileOpeningTagTest
[WARNING] Resource not found: org.sonar.php.parser.expression.AssignmentExpressionTest
[WARNING] Resource not found: org.sonar.php.tree.impl.declaration.TraitMethodReferenceTreeTest
[WARNING] Resource not found: org.sonar.php.tree.impl.statement.UnsetVariableStatementTreeTest
[WARNING] Resource not found: org.sonar.php.tree.impl.statement.WhileStatementTreeTest
[WARNING] Resource not found: org.sonar.php.tree.impl.declaration.MethodDeclarationTreeTest
[WARNING] Resource not found: org.sonar.php.parser.statement.UseClauseTest
[WARNING] Resource not found: org.sonar.php.tree.impl.declaration.TraitPrecedenceTreeTest
[WARNING] Resource not found: org.sonar.php.tree.impl.expression.BinaryExpressionTreeTest
[WARNING] Resource not found: org.sonar.php.tree.impl.expression.FunctionExpressionTreeTest
[WARNING] Resource not found: org.sonar.php.parser.statement.BlockTest
[WARNING] Resource not found: org.sonar.plugins.php.api.visitors.IssueLocationTest
[WARNING] Resource not found: org.sonar.php.tree.impl.declaration.ParameterListTreeTest
[WARNING] Resource not found: org.sonar.php.parser.declaration.ConstantDeclarationTest
[WARNING] Resource not found: org.sonar.php.tree.impl.ScriptTreeTest
[WARNING] Resource not found: org.sonar.php.tree.symbols.SymbolTableImplTest
[WARNING] Resource not found: org.sonar.php.parser.lexical.IdentifierTest
[WARNING] Resource not found: org.sonar.php.tree.impl.expression.MemberAccessTreeTest
[WARNING] Resource not found: org.sonar.php.parser.expression.PostfixExprTest
[WARNING] Resource not found: org.sonar.php.parser.declaration.TraitAliasTest
[WARNING] Resource not found: org.sonar.php.tree.impl.CompilationUnitTreeTest
[WARNING] Resource not found: org.sonar.php.tree.impl.declaration.FunctionDeclarationTreeTest
[WARNING] Resource not found: org.sonar.php.tree.impl.statement.ForStatementTreeTest
[WARNING] Resource not found: org.sonar.php.parser.lexical.EncapsStringLiteralTest
[WARNING] Resource not found: org.sonar.php.parser.declaration.TypeNameTest
[WARNING] Resource not found: org.sonar.php.tree.impl.expression.ArrayPairTreeTest
[WARNING] Resource not found: org.sonar.php.tree.impl.expression.ParenthesizedExpressionTreeTest
[WARNING] Resource not found: org.sonar.php.parser.declaration.FunctionDeclarationTest
[WARNING] Resource not found: org.sonar.plugins.php.api.tests.PhpCheckTestTest
[WARNING] Resource not found: org.sonar.php.parser.expression.ListAssignmentExpressionTest
[WARNING] Resource not found: org.sonar.php.parser.declaration.ClassDeclarationTest
[WARNING] Resource not found: org.sonar.php.tree.impl.statement.ElseClauseTreeTest
[WARNING] Resource not found: org.sonar.php.tree.impl.statement.ExpressionStatementTreeTest
[WARNING] Resource not found: org.sonar.php.parser.expression.BitwiseAndExpressionTest
[WARNING] Resource not found: org.sonar.php.parser.statement.EchoStatementTest
[WARNING] Resource not found: org.sonar.php.tree.impl.declaration.TraitAliasTreeTest
[WARNING] Resource not found: org.sonar.php.parser.expression.PrimaryExpressionTest
[WARNING] Resource not found: org.sonar.php.parser.statement.YieldStatementTest
[WARNING] Resource not found: org.sonar.php.tree.impl.expression.YieldExpressionTreeTest
[WARNING] Resource not found: org.sonar.php.parser.statement.GlobalStatementTest
[WARNING] Resource not found: org.sonar.php.parser.expression.HeredocStringLiteralTest
[WARNING] Resource not found: org.sonar.php.parser.expression.EncapsVarTest
[WARNING] Resource not found: org.sonar.php.parser.lexical.VarIdentifierTest
[WARNING] Resource not found: org.sonar.php.tree.impl.statement.InlineHTMLTreeTest
[WARNING] Resource not found: org.sonar.php.tree.impl.statement.IfStatementTreeTest
[WARNING] Resource not found: org.sonar.php.parser.declaration.ParameterTest
[WARNING] Resource not found: org.sonar.php.parser.statement.DeclareStatementTest
[WARNING] Resource not found: org.sonar.php.parser.declaration.TraitPrecedenceTest
[WARNING] Resource not found: org.sonar.php.parser.expression.AdditiveExpressionTest
[WARNING] Resource not found: org.sonar.php.parser.statement.UnsetVariableStatementTest
[WARNING] Resource not found: org.sonar.php.parser.expression.DimensionalOffsetTest
[WARNING] Resource not found: org.sonar.php.ini.PhpIniParserTest
[WARNING] Resource not found: org.sonar.php.highlighter.SymbolHighlighterTest
[WARNING] Resource not found: org.sonar.php.tree.impl.expression.SpreadArgumentTreeTest
[WARNING] Resource not found: org.sonar.php.parser.lexical.NumericLiteralTest
[WARNING] Resource not found: org.sonar.php.parser.declaration.TraitMethodReferenceTest
[WARNING] Resource not found: org.sonar.php.tree.impl.statement.ElseifClauseTreeTest
[WARNING] Resource not found: org.sonar.php.tree.impl.expression.LexicalVariablesTreeTest
[WARNING] Resource not found: org.sonar.php.parser.expression.LogicalXorExpressionTest
[WARNING] Resource not found: org.sonar.php.parser.statement.EmptyStatementTest
[WARNING] Resource not found: org.sonar.php.parser.statement.StaticVariableTest
[WARNING] Resource not found: org.sonar.php.tree.visitors.LegacyIssueTest
[WARNING] Resource not found: org.sonar.php.tree.impl.expression.ExpandableStringCharactersTreeTest
[WARNING] Resource not found: org.sonar.php.parser.expression.BooleanLiteralTest
[WARNING] Resource not found: org.sonar.php.parser.expression.FunctionExpressionTest
[WARNING] Resource not found: org.sonar.php.tree.impl.statement.BreakStatementTreeTest
[WARNING] Resource not found: org.sonar.php.tree.impl.statement.ThrowStatementTreeTest
[WARNING] Resource not found: org.sonar.php.parser.expression.ShiftExpressionTest
[WARNING] Resource not found: org.sonar.php.parser.expression.ConditionalExpressionTest
[WARNING] Resource not found: org.sonar.php.parser.expression.MemberExpressionTest
[WARNING] Resource not found: org.sonar.php.parser.declaration.MethodDeclarationTest
[WARNING] Resource not found: org.sonar.php.tree.impl.declaration.TypeTreeTest
[WARNING] Resource not found: org.sonar.php.tree.impl.statement.SwitchStatementTreeTest
[WARNING] Resource not found: org.sonar.php.parser.statement.SwitchStatementTest
[WARNING] Resource not found: org.sonar.php.tree.impl.expression.ConditionalExpressionTreeTest
[WARNING] Resource not found: org.sonar.php.tree.impl.expression.ArrayInitializerBracketTreeTest
[WARNING] Resource not found: org.sonar.php.PHPAnalyzerTest
[WARNING] Resource not found: org.sonar.php.parser.statement.UseStatementTest
[WARNING] Resource not found: org.sonar.php.tree.impl.expression.VariableIdentifierTreeTest
[WARNING] Resource not found: org.sonar.php.tree.symbols.ClassMemberUsagesTest
[WARNING] Resource not found: org.sonar.php.parser.declaration.TraitMethodReferenceFullyQualifiedTest
[WARNING] Resource not found: org.sonar.php.parser.declaration.ParameterListTest
[WARNING] Resource not found: org.sonar.php.tree.impl.declaration.TypeNameTreeTest
[WARNING] Resource not found: org.sonar.php.tree.impl.expression.CompoundVariableTreeTest
[WARNING] Resource not found: org.sonar.php.parser.declaration.VariableDeclarationTest
[WARNING] Resource not found: org.sonar.php.parser.expression.FunctionCallParameterListTest
[WARNING] Resource not found: org.sonar.php.parser.statement.EOSTest
[WARNING] Resource not found: org.sonar.php.tree.impl.declaration.UseStatementTreeTest
[WARNING] Resource not found: org.sonar.php.parser.expression.VariableWithoutObjectsTest
[WARNING] Resource not found: org.sonar.php.tree.impl.statement.ForEachStatementTreeTest
[WARNING] Resource not found: org.sonar.php.tree.impl.expression.AnonymousClassTreeTest
[WARNING] Resource not found: org.sonar.php.tree.visitors.PHPSubscriptionCheckTest
[WARNING] Resource not found: org.sonar.php.metrics.CognitiveComplexityVisitorTest
[WARNING] Resource not found: org.sonar.php.metrics.ComplexityVisitorTest
[WARNING] Resource not found: org.sonar.php.parser.statement.ThrowStatementTest
[WARNING] Resource not found: org.sonar.php.tree.impl.expression.ComputedVariableTreeTest
[WARNING] Resource not found: org.sonar.php.tree.impl.declaration.ParameterTreeTest
[WARNING] Resource not found: org.sonar.php.parser.statement.ContinueStatementTest
[WARNING] Resource not found: org.sonar.php.parser.statement.BreakStatementTest
[WARNING] Resource not found: org.sonar.php.tree.impl.statement.LabelTreeTest
[WARNING] Resource not found: org.sonar.php.parser.declaration.MemberConstDeclarationTest
[WARNING] Resource not found: org.sonar.php.parser.expression.NullCoalescingExpressionTest
[WARNING] Resource not found: org.sonar.php.parser.expression.LogicalAndExpressionTest
[WARNING] Resource not found: org.sonar.php.parser.statement.StaticStatementTest
[WARNING] Resource not found: org.sonar.php.parser.statement.ForeachStatementTest
[WARNING] Resource not found: org.sonar.php.highlighter.SyntaxHighlighterVisitorTest
[WARNING] Resource not found: org.sonar.php.tree.impl.statement.EmptyStatementTreeTest
[WARNING] Resource not found: org.sonar.php.parser.expression.EqualityExpressionTest
[WARNING] Resource not found: org.sonar.php.parser.expression.MultiplicativeExpressionTest
[WARNING] Resource not found: org.sonar.php.parser.declaration.TypeTest
[WARNING] Resource not found: org.sonar.php.parser.CompilationUnitTest
[WARNING] Resource not found: org.sonar.php.tree.impl.statement.DoWhileStatementTreeTest
[WARNING] Resource not found: org.sonar.php.tree.impl.statement.DeclareStatementTreeTest
[WARNING] Resource not found: org.sonar.php.parser.statement.WhileStatementTest
[WARNING] Resource not found: org.sonar.php.parser.KeywordTest
[WARNING] Resource not found: org.sonar.php.parser.expression.BitwiseXorExpressionTest
[INFO] Sensor SurefireSensor [java] (done) | time=234ms
[INFO] Sensor JaCoCoSensor [java]
[INFO] Analysing /home/travis/build/SonarSource/sonar-php/php-frontend/target/jacoco.exec
[INFO] No information about coverage per test.
[INFO] Sensor JaCoCoSensor [java] (done) | time=194ms
[INFO] Sensor XmlFileSensor [java]
[INFO] 1 source files to be analyzed
[INFO] Sensor XmlFileSensor [java] (done) | time=145ms
[INFO] 1/1 source files have been analyzed
[INFO] -------------  Scan PHP :: Checks
[INFO] Base dir: /home/travis/build/SonarSource/sonar-php/php-checks
[INFO] Working dir: /home/travis/build/SonarSource/sonar-php/php-checks/target/sonar
[INFO] Source paths: pom.xml, src/main/java
[INFO] Test paths: src/test/java
[INFO] Source encoding: UTF-8, default locale: en_US
[INFO] Index files
[INFO] 277 files indexed
[INFO] Quality profile for java: AstNode-free language plugins
[INFO] Sensor JavaSquidSensor [java]
[INFO] Configured Java source version (sonar.java.source): 8
[INFO] JavaClasspath initialization
[INFO] JavaClasspath initialization (done) | time=1ms
[INFO] JavaTestClasspath initialization
[INFO] JavaTestClasspath initialization (done) | time=1ms
[INFO] Java Main Files AST scan
[INFO] 0 source files to be analyzed
[INFO] Java Main Files AST scan (done) | time=0ms
[INFO] Java Test Files AST scan
[INFO] 0/0 source files have been analyzed
[INFO] 3 source files to be analyzed
[INFO] Java Test Files AST scan (done) | time=127ms
[INFO] 3/3 source files have been analyzed
[INFO] Sensor JavaSquidSensor [java] (done) | time=144ms
[INFO] Sensor com.sonarsource.burgr.plugin.settings.CollectBurgrData [burgr]
[INFO] CollectBurgrData collects data with com.sonarsource.burgr.plugin.settings.TravisEnvVariableCollector
[INFO] Sensor com.sonarsource.burgr.plugin.settings.CollectBurgrData [burgr] (done) | time=0ms
[INFO] Sensor Coverage Report Import [csharp]
[INFO] Sensor Coverage Report Import [csharp] (done) | time=0ms
[INFO] Sensor Coverage Report Import [csharp]
[INFO] Sensor Coverage Report Import [csharp] (done) | time=0ms
[INFO] Sensor Unit Test Results Import [csharp]
[INFO] Sensor Unit Test Results Import [csharp] (done) | time=0ms
[INFO] Sensor SurefireSensor [java]
[INFO] parsing /home/travis/build/SonarSource/sonar-php/php-checks/target/surefire-reports
[WARNING] Resource not found: org.sonar.php.checks.ElseIfSequenceKeywordUsageCheckTest
[WARNING] Resource not found: org.sonar.php.checks.ForLoopCounterChangedCheckTest
[WARNING] Resource not found: org.sonar.php.checks.TooManyLinesInClassCheckTest
[WARNING] Resource not found: org.sonar.php.checks.RedundantFinalCheckTest
[WARNING] Resource not found: org.sonar.php.checks.InterfaceNameCheckTest
[WARNING] Resource not found: org.sonar.php.checks.LogicalWordOperatorUsageCheckTest
[WARNING] Resource not found: org.sonar.php.checks.EvalUseCheckTest
[WARNING] Resource not found: org.sonar.php.checks.FixmeTagPresenceCheckTest
[WARNING] Resource not found: org.sonar.php.checks.phpini.AllowUrlCheckTest
[WARNING] Resource not found: org.sonar.php.checks.HardCodedCredentialsCheckTest
[WARNING] Resource not found: org.sonar.php.checks.OneStatementPerLineCheckTest
[WARNING] Resource not found: org.sonar.php.checks.phpini.SessionUseTransSidCheckTest
[WARNING] Resource not found: org.sonar.php.checks.ReferenceInFunctionCallCheckTest
[WARNING] Resource not found: org.sonar.php.checks.GenericExceptionCheckTest
[WARNING] Resource not found: org.sonar.php.checks.phpini.CgiForceRedirectCheckTest
[WARNING] Resource not found: org.sonar.php.checks.TrailingCommentCheckTest
[WARNING] Resource not found: org.sonar.php.checks.SleepFunctionUsageCheckTest
[WARNING] Resource not found: org.sonar.php.checks.AtLeastThreeCasesInSwitchCheckTest
[WARNING] Resource not found: org.sonar.php.checks.formatting.CurlyBraceCheckTest
[WARNING] Resource not found: org.sonar.php.checks.LowerCaseColorCheckTest
[WARNING] Resource not found: org.sonar.php.checks.MoreThanOneClassInFileCheckTest
[WARNING] Resource not found: org.sonar.php.checks.CheckListTest
[WARNING] Resource not found: org.sonar.php.checks.formatting.ExtendsImplementsLineCheckTest
[WARNING] Resource not found: org.sonar.php.checks.CollapsibleIfStatementCheckTest
[WARNING] Resource not found: org.sonar.php.checks.UnusedLocalVariableCheckTest
[WARNING] Resource not found: org.sonar.php.checks.CommentedOutCodeCheckTest
[WARNING] Resource not found: org.sonar.php.checks.DuplicatedFunctionArgumentCheckTest
[WARNING] Resource not found: org.sonar.php.checks.UnusedPrivateFieldCheckTest
[WARNING] Resource not found: org.sonar.php.checks.TooManyReturnCheckTest
[WARNING] Resource not found: org.sonar.php.checks.utils.EqualityTest
[WARNING] Resource not found: org.sonar.php.checks.RightCurlyBraceStartsLineCheckTest
[WARNING] Resource not found: org.sonar.php.checks.ReturnOfBooleanExpressionCheckTest
[WARNING] Resource not found: org.sonar.php.checks.CallToIniSetCheckTest
[WARNING] Resource not found: org.sonar.php.checks.PerlStyleCommentsUsageCheckTest
[WARNING] Resource not found: org.sonar.php.checks.CharacterBeforeOpeningPHPTagCheckTest
[WARNING] Resource not found: org.sonar.php.checks.AliasFunctionUsageCheckTest
[WARNING] Resource not found: org.sonar.php.checks.UselessExpressionStatementCheckTest
[WARNING] Resource not found: org.sonar.php.checks.ImmediatelyReturnedVariableCheckTest
[WARNING] Resource not found: org.sonar.php.checks.ConstructorDependencyInversionCheckTest
[WARNING] Resource not found: org.sonar.php.checks.NestedFunctionDepthCheckTest
[WARNING] Resource not found: org.sonar.php.checks.phpini.EnableDlCheckTest
[WARNING] Resource not found: org.sonar.php.checks.ClassCouplingCheckTest
[WARNING] Resource not found: org.sonar.php.checks.NullDereferenceInConditionalCheckTest
[WARNING] Resource not found: org.sonar.php.checks.GlobalKeywordAndArrayUsageCheckTest
[WARNING] Resource not found: org.sonar.php.checks.CallParentConstructorCheckTest
[WARNING] Resource not found: org.sonar.php.checks.DirectlyAccessingSuperGlobalCheckTest
[WARNING] Resource not found: org.sonar.php.checks.TooManyMethodsInClassCheckTest
[WARNING] Resource not found: org.sonar.php.checks.MissingMethodVisibilityCheckTest
[WARNING] Resource not found: org.sonar.php.checks.ConcatenatedStringLiteralCheckTest
[WARNING] Resource not found: org.sonar.php.checks.StringLiteralDuplicatedCheckTest
[WARNING] Resource not found: org.sonar.php.checks.EmptyNestedBlockCheckTest
[WARNING] Resource not found: org.sonar.php.checks.TooManyLinesInFunctionCheckTest
[WARNING] Resource not found: org.sonar.php.checks.formatting.FunctionSpacingCheckTest
[WARNING] Resource not found: org.sonar.php.checks.DeprecatedPredefinedVariablesUseCheckTest
[WARNING] Resource not found: org.sonar.php.checks.FileHeaderCheckTest
[WARNING] Resource not found: org.sonar.php.checks.ForHidingWhileCheckTest
[WARNING] Resource not found: org.sonar.php.checks.FileNameCheckTest
[WARNING] Resource not found: org.sonar.php.checks.DuplicateBranchImplementationCheckTest
[WARNING] Resource not found: org.sonar.php.checks.LeftCurlyBraceEndsLineCheckTest
[WARNING] Resource not found: org.sonar.php.checks.EchoWithParenthesisCheckTest
[WARNING] Resource not found: org.sonar.php.checks.VarKeywordUsageCheckTest
[WARNING] Resource not found: org.sonar.php.checks.formatting.NamespaceAndUseStatementCheckTest
[WARNING] Resource not found: org.sonar.php.checks.PhpSapiNameFunctionUsageCheckTest
[WARNING] Resource not found: org.sonar.php.checks.MissingNewLineAtEOFCheckTest
[WARNING] Resource not found: org.sonar.php.checks.SessionCookiePersistenceCheckTest
[WARNING] Resource not found: org.sonar.php.checks.TodoTagPresenceCheckTest
[WARNING] Resource not found: org.sonar.php.checks.formatting.ControlStructureSpacingTest
[WARNING] Resource not found: org.sonar.php.checks.ThisVariableUsageInStaticContextCheckTest
[WARNING] Resource not found: org.sonar.php.checks.TabCharacterCheckTest
[WARNING] Resource not found: org.sonar.php.checks.FieldNameCheckTest
[WARNING] Resource not found: org.sonar.php.checks.EmptyStatementCheckTest
[WARNING] Resource not found: org.sonar.php.checks.TooManyFieldsInClassCheckTest
[WARNING] Resource not found: org.sonar.php.checks.VariableVariablesCheckTest
[WARNING] Resource not found: org.sonar.php.checks.BooleanEqualityComparisonCheckTest
[WARNING] Resource not found: org.sonar.php.checks.FunctionCognitiveComplexityCheckTest
[WARNING] Resource not found: org.sonar.php.checks.TooManyFunctionParametersCheckTest
[WARNING] Resource not found: org.sonar.php.checks.TooManyCasesInSwitchCheckTest
[WARNING] Resource not found: org.sonar.php.checks.SwitchWithoutDefaultCheckTest
[WARNING] Resource not found: org.sonar.php.checks.ConstructorDeclarationCheckTest
[WARNING] Resource not found: org.sonar.php.checks.DuplicateConditionCheckTest
[WARNING] Resource not found: org.sonar.php.checks.AlwaysUseCurlyBracesCheckTest
[WARNING] Resource not found: org.sonar.php.checks.IfConditionAlwaysTrueOrFalseCheckTest
[WARNING] Resource not found: org.sonar.php.checks.TrailingWhitespaceCheckTest
[WARNING] Resource not found: org.sonar.php.checks.ElseIfWithoutElseCheckTest
[WARNING] Resource not found: org.sonar.php.checks.formatting.IndentationCheckTest
[WARNING] Resource not found: org.sonar.php.checks.LocalVariableShadowsClassFieldCheckTest
[WARNING] Resource not found: org.sonar.php.checks.phpini.OpenBasedirCheckTest
[WARNING] Resource not found: org.sonar.php.checks.ModifiersOrderCheckTest
[WARNING] Resource not found: org.sonar.php.checks.UselessObjectCreationCheckTest
[WARNING] Resource not found: org.sonar.php.checks.IncrementDecrementInSubExpressionCheckTest
[WARNING] Resource not found: org.sonar.php.checks.ExitOrDieUsageCheckTest
[WARNING] Resource not found: org.sonar.php.checks.MethodNameReturningBooleanCheckTest
[WARNING] Resource not found: org.sonar.php.checks.OnePropertyDeclarationPerStatementCheckTest
[WARNING] Resource not found: org.sonar.php.checks.FunctionComplexityCheckTest
[WARNING] Resource not found: org.sonar.php.checks.UnusedPrivateMethodCheckTest
[WARNING] Resource not found: org.sonar.php.checks.FunctionDefineOutsideClassCheckTest
[WARNING] Resource not found: org.sonar.php.checks.phpini.FileUploadsCheckTest
[WARNING] Resource not found: org.sonar.php.checks.RequireInsteadOfRequireOnceCheckTest
[WARNING] Resource not found: org.sonar.php.checks.NestedControlFlowDepthCheckTest
[WARNING] Resource not found: org.sonar.php.checks.IdenticalOperandsInBinaryExpressionCheckTest
[WARNING] Resource not found: org.sonar.php.checks.KeywordsAndConstantsNotLowerCaseCheckTest
[WARNING] Resource not found: org.sonar.php.checks.SwitchCaseTooBigCheckTest
[WARNING] Resource not found: org.sonar.php.checks.MultilineBlocksCurlyBracesCheckTest
[WARNING] Resource not found: org.sonar.php.checks.OpeningPHPTagCheckTest
[WARNING] Resource not found: org.sonar.php.checks.LineLengthCheckTest
[WARNING] Resource not found: org.sonar.php.checks.FileWithSymbolsAndSideEffectsCheckTest
[WARNING] Resource not found: org.sonar.php.checks.PHP5DeprecatedFunctionUsageCheckTest
[WARNING] Resource not found: org.sonar.php.checks.ClassComplexityCheckTest
[WARNING] Resource not found: org.sonar.php.checks.ClassNameCheckTest
[WARNING] Resource not found: org.sonar.php.checks.ExpressionComplexityCheckTest
[WARNING] Resource not found: org.sonar.php.checks.SilencedErrorsCheckTest
[WARNING] Resource not found: org.sonar.php.checks.OverridingMethodSimplyCallParentCheckTest
[WARNING] Resource not found: org.sonar.php.checks.UnusedFunctionParametersCheckTest
[WARNING] Resource not found: org.sonar.php.checks.GotoUseCheckTest
[WARNING] Resource not found: org.sonar.php.checks.formatting.PunctuatorSpacingCheckTest
[WARNING] Resource not found: org.sonar.php.checks.ClosingTagInFullPHPFileCheckTest
[WARNING] Resource not found: org.sonar.php.checks.TooManyLinesInFileCheckTest
[WARNING] Resource not found: org.sonar.php.checks.NonEmptyCaseWithoutBreakCheckTest
[WARNING] Resource not found: org.sonar.php.checks.ConstantNameCheckTest
[WARNING] Resource not found: org.sonar.php.checks.SelfAssignmentCheckTest
[WARNING] Resource not found: org.sonar.php.checks.CodeFollowingJumpStatementCheckTest
[WARNING] Resource not found: org.sonar.php.checks.FunctionNameCheckTest
[WARNING] Resource not found: org.sonar.php.checks.SelfKeywordUsageCheckTest
[WARNING] Resource not found: org.sonar.php.checks.InlineHTMLInFileCheckTest
[WARNING] Resource not found: org.sonar.php.checks.ArgumentWithDefaultValueNotLastCheckTest
[WARNING] Resource not found: org.sonar.php.checks.LocalVariableAndParameterNameCheckTest
[WARNING] Resource not found: org.sonar.php.checks.LeftCurlyBraceStartsLineCheckTest
[WARNING] Resource not found: org.sonar.php.checks.phpini.PhpIniBooleanTest
[INFO] Sensor SurefireSensor [java] (done) | time=59ms
[INFO] Sensor JaCoCoSensor [java]
[INFO] Analysing /home/travis/build/SonarSource/sonar-php/php-checks/target/jacoco.exec
[WARNING] Coverage information was not collected. Perhaps you forget to include debug information into compiled classes?
[INFO] Sensor JaCoCoSensor [java] (done) | time=47ms
[INFO] Sensor XmlFileSensor [java]
[INFO] 1 source files to be analyzed
[INFO] Sensor XmlFileSensor [java] (done) | time=77ms
[INFO] 1/1 source files have been analyzed
[INFO] -------------  Scan PHP
[INFO] Base dir: /home/travis/build/SonarSource/sonar-php
[INFO] Working dir: /home/travis/build/SonarSource/sonar-php/target/sonar
[INFO] Source paths: pom.xml
[INFO] Source encoding: UTF-8, default locale: en_US
[INFO] Index files
[INFO] 1 file indexed
[INFO] Sensor com.sonarsource.burgr.plugin.settings.CollectBurgrData [burgr]
[INFO] CollectBurgrData collects data with com.sonarsource.burgr.plugin.settings.TravisEnvVariableCollector
[INFO] Sensor com.sonarsource.burgr.plugin.settings.CollectBurgrData [burgr] (done) | time=1ms
[INFO] Sensor Coverage Report Import [csharp]
[INFO] Sensor Coverage Report Import [csharp] (done) | time=0ms
[INFO] Sensor Coverage Report Import [csharp]
[INFO] Sensor Coverage Report Import [csharp] (done) | time=0ms
[INFO] Sensor Unit Test Results Import [csharp]
[INFO] Sensor Unit Test Results Import [csharp] (done) | time=0ms
[INFO] Sensor XmlFileSensor [java]
[INFO] 1 source files to be analyzed
[INFO] Sensor XmlFileSensor [java] (done) | time=124ms
[INFO] 1/1 source files have been analyzed
[INFO] Load server issues
[INFO] Load server issues (done) | time=113ms
[INFO] Performing issue tracking
[INFO] 875/875 components tracked
[INFO] ANALYSIS SUCCESSFUL
[INFO] Executing post-job GitHub Pull Request Issue Publisher
[INFO] Task total time: 9.758 s
[INFO] Artifactory Build Info Recorder: Saving Build Info to '/home/travis/build/SonarSource/sonar-php/target/build-info.json'
[INFO] Deploying artifact: [secure]/[secure]/org/sonarsource/php/php-checks/2.10.0.2069/php-checks-2.10.0.2069-sources.jar
[INFO] Deploying artifact: [secure]/[secure]/org/sonarsource/php/php-checks/2.10.0.2069/php-checks-2.10.0.2069.jar
[INFO] Deploying artifact: [secure]/[secure]/org/sonarsource/php/php-checks/2.10.0.2069/php-checks-2.10.0.2069.pom
[INFO] Deploying artifact: [secure]/[secure]/org/sonarsource/php/php-frontend/2.10.0.2069/php-frontend-2.10.0.2069-sources.jar
[INFO] Deploying artifact: [secure]/[secure]/org/sonarsource/php/php-frontend/2.10.0.2069/php-frontend-2.10.0.2069-tests.jar
[INFO] Deploying artifact: [secure]/[secure]/org/sonarsource/php/php-frontend/2.10.0.2069/php-frontend-2.10.0.2069.jar
[INFO] Deploying artifact: [secure]/[secure]/org/sonarsource/php/php-frontend/2.10.0.2069/php-frontend-2.10.0.2069.pom
[INFO] Deploying artifact: [secure]/[secure]/org/sonarsource/php/sonar-php-plugin/2.10.0.2069/sonar-php-plugin-2.10.0.2069.jar
[INFO] Deploying artifact: [secure]/[secure]/org/sonarsource/php/sonar-php-plugin/2.10.0.2069/sonar-php-plugin-2.10.0.2069-sources.jar
[INFO] Deploying artifact: [secure]/[secure]/org/sonarsource/php/sonar-php-plugin/2.10.0.2069/sonar-php-plugin-2.10.0.2069.pom
[INFO] Deploying artifact: [secure]/[secure]/org/sonarsource/php/php/2.10.0.2069/php-2.10.0.2069.pom
[INFO] Artifactory Build Info Recorder: Deploying build info ...
[INFO] Deploying build descriptor to: [secure]/api/build
[INFO] Build successfully deployed. Browse it in Artifactory under [secure]/webapp/builds/sonar-php/2069
[INFO] ------------------------------------------------------------------------
[INFO] Reactor Summary:
[INFO] 
[INFO] PHP ................................................ SUCCESS [ 43.541 s]
[INFO] PHP :: Frontend .................................... SUCCESS [ 18.846 s]
[INFO] PHP :: Checks ...................................... SUCCESS [  6.073 s]
[INFO] PHP :: Sonar Plugin ................................ SUCCESS [  6.669 s]
[INFO] ------------------------------------------------------------------------
[INFO] BUILD SUCCESS
[INFO] ------------------------------------------------------------------------
[INFO] Total time: 01:34 min
[INFO] Finished at: 2017-03-08T08:40:08+00:00
[INFO] Final Memory: 64M/484M
[INFO] ------------------------------------------------------------------------

travis_time:end:06d10c82:start=1488962304070121705,finish=1488962408962569816,duration=104892448111[0K
[32;1mThe command "./travis.sh" exited with 0.[0m
travis_fold:start:cache.2[0Kstore build cache
travis_time:start:01e1f740[0K
travis_time:end:01e1f740:start=1488962408969263353,finish=1488962408973852979,duration=4589626[0Ktravis_time:start:03fcbd70[0K[32;1mchange detected (content changed, file is created, or file is deleted):
/home/travis/.m2/repository/org/sonarsource/php/php/2.10.0.2069/php-2.10.0.2069.pom
/home/travis/.m2/repository/org/sonarsource/php/php/2.10.0.2069/_remote.repositories
/home/travis/.m2/repository/org/sonarsource/php/php-checks/2.10.0.2069/php-checks-2.10.0.2069.jar
/home/travis/.m2/repository/org/sonarsource/php/php-checks/2.10.0.2069/php-checks-2.10.0.2069.pom
/home/travis/.m2/repository/org/sonarsource/php/php-checks/2.10.0.2069/php-checks-2.10.0.2069-sources.jar
/home/travis/.m2/repository/org/sonarsource/php/php-checks/2.10.0.2069/_remote.repositories
/home/travis/.m2/repository/org/sonarsource/php/php-checks/maven-metadata-local.xml
/home/travis/.m2/repository/org/sonarsource/php/php-frontend/2.10.0.2069/php-frontend-2.10.0.2069.jar
/home/travis/.m2/repository/org/sonarsource/php/php-frontend/2.10.0.2069/php-frontend-2.10.0.2069.pom
/home/travis/.m2/repository/org/sonarsource/php/php-frontend/2.10.0.2069/php-frontend-2.10.0.2069-sources.jar
/home/travis/.m2/repository/org/sonarsou
[0m
[32;1m...
[0m
[32;1mchanges detected, packing new archive[0m
.
.
.
.
.
.
.
.
.
.
.
.
[32;1muploading archive[0m

travis_time:end:03fcbd70:start=1488962408978907287,finish=1488962517237137210,duration=108258229923[0Ktravis_fold:end:cache.2[0K
Done. Your build exited with 0.
