Using worker: worker-linux-docker-e46a971c.prod.travis-ci.org:travis-linux-8

travis_fold:start:system_info[0K[33;1mBuild system information[0m
Build language: java
Build group: stable
Build dist: precise
[34m[1mBuild image provisioning date and time[0m
Thu Feb  5 15:09:33 UTC 2015
[34m[1mOperating System Details[0m
Distributor ID:	Ubuntu
Description:	Ubuntu 12.04.5 LTS
Release:	12.04
Codename:	precise
[34m[1mLinux Version[0m
3.13.0-29-generic
[34m[1mCookbooks Version[0m
a68419e https://github.com/travis-ci/travis-cookbooks/tree/a68419e
[34m[1mGCC version[0m
gcc (Ubuntu/Linaro 4.6.3-1ubuntu5) 4.6.3
Copyright (C) 2011 Free Software Foundation, Inc.
This is free software; see the source for copying conditions.  There is NO
warranty; not even for MERCHANTABILITY or FITNESS FOR A PARTICULAR PURPOSE.

[34m[1mLLVM version[0m
clang version 3.4 (tags/RELEASE_34/final)
Target: x86_64-unknown-linux-gnu
Thread model: posix
[34m[1mPre-installed Ruby versions[0m
ruby-1.9.3-p551
[34m[1mPre-installed Node.js versions[0m
v0.10.36
[34m[1mPre-installed Go versions[0m
1.4.1
[34m[1mRedis version[0m
redis-server 2.8.19
[34m[1mriak version[0m
2.0.2
[34m[1mMongoDB version[0m
MongoDB 2.4.12
[34m[1mCouchDB version[0m
couchdb 1.6.1
[34m[1mNeo4j version[0m
1.9.4
[34m[1mRabbitMQ Version[0m
3.4.3
[34m[1mElasticSearch version[0m
1.4.0
[34m[1mInstalled Sphinx versions[0m
2.0.10
2.1.9
2.2.6
[34m[1mDefault Sphinx version[0m
2.2.6
[34m[1mInstalled Firefox version[0m
firefox 31.0esr
[34m[1mPhantomJS version[0m
1.9.8
[34m[1mant -version[0m
Apache Ant(TM) version 1.8.2 compiled on December 3 2011
[34m[1mmvn -version[0m
Apache Maven 3.2.5 (12a6b3acb947671f09b81f49094c53f426d8cea1; 2014-12-14T17:29:23+00:00)
Maven home: /usr/local/maven
Java version: 1.7.0_76, vendor: Oracle Corporation
Java home: /usr/lib/jvm/java-7-oracle/jre
Default locale: en_US, platform encoding: ANSI_X3.4-1968
OS name: "linux", version: "3.13.0-29-generic", arch: "amd64", family: "unix"
travis_fold:end:system_info[0K
travis_fold:start:fix.CVE-2015-7547[0K$ export DEBIAN_FRONTEND=noninteractive
W: Size of file /var/lib/apt/lists/us.archive.ubuntu.com_ubuntu_dists_precise-backports_multiverse_source_Sources.gz is not what the server reported 5886 5888
W: Size of file /var/lib/apt/lists/ppa.launchpad.net_ubuntugis_ppa_ubuntu_dists_precise_main_binary-amd64_Packages.gz is not what the server reported 36669 36677
W: Size of file /var/lib/apt/lists/ppa.launchpad.net_ubuntugis_ppa_ubuntu_dists_precise_main_binary-i386_Packages.gz is not what the server reported 36729 36733
Reading package lists...
Building dependency tree...
Reading state information...
The following extra packages will be installed:
  libc-bin libc-dev-bin libc6-dev
Suggested packages:
  glibc-doc
The following packages will be upgraded:
  libc-bin libc-dev-bin libc6 libc6-dev
4 upgraded, 0 newly installed, 0 to remove and 237 not upgraded.
Need to get 8,844 kB of archives.
After this operation, 9,216 B disk space will be freed.
Get:1 http://us.archive.ubuntu.com/ubuntu/ precise-updates/main libc6-dev amd64 2.15-0ubuntu10.13 [2,943 kB]
Get:2 http://us.archive.ubuntu.com/ubuntu/ precise-updates/main libc-dev-bin amd64 2.15-0ubuntu10.13 [84.7 kB]
Get:3 http://us.archive.ubuntu.com/ubuntu/ precise-updates/main libc-bin amd64 2.15-0ubuntu10.13 [1,179 kB]
Get:4 http://us.archive.ubuntu.com/ubuntu/ precise-updates/main libc6 amd64 2.15-0ubuntu10.13 [4,637 kB]
Fetched 8,844 kB in 0s (25.1 MB/s)
Preconfiguring packages ...
(Reading database ... (Reading database ... 5%(Reading database ... 10%(Reading database ... 15%(Reading database ... 20%(Reading database ... 25%(Reading database ... 30%(Reading database ... 35%(Reading database ... 40%(Reading database ... 45%(Reading database ... 50%(Reading database ... 55%(Reading database ... 60%(Reading database ... 65%(Reading database ... 70%(Reading database ... 75%(Reading database ... 80%(Reading database ... 85%(Reading database ... 90%(Reading database ... 95%(Reading database ... 100%(Reading database ... 72019 files and directories currently installed.)
Preparing to replace libc6-dev 2.15-0ubuntu10.10 (using .../libc6-dev_2.15-0ubuntu10.13_amd64.deb) ...
Unpacking replacement libc6-dev ...
Preparing to replace libc-dev-bin 2.15-0ubuntu10.10 (using .../libc-dev-bin_2.15-0ubuntu10.13_amd64.deb) ...
Unpacking replacement libc-dev-bin ...
Preparing to replace libc-bin 2.15-0ubuntu10.10 (using .../libc-bin_2.15-0ubuntu10.13_amd64.deb) ...
Unpacking replacement libc-bin ...
Processing triggers for man-db ...
Setting up libc-bin (2.15-0ubuntu10.13) ...
(Reading database ... (Reading database ... 5%(Reading database ... 10%(Reading database ... 15%(Reading database ... 20%(Reading database ... 25%(Reading database ... 30%(Reading database ... 35%(Reading database ... 40%(Reading database ... 45%(Reading database ... 50%(Reading database ... 55%(Reading database ... 60%(Reading database ... 65%(Reading database ... 70%(Reading database ... 75%(Reading database ... 80%(Reading database ... 85%(Reading database ... 90%(Reading database ... 95%(Reading database ... 100%(Reading database ... 72019 files and directories currently installed.)
Preparing to replace libc6 2.15-0ubuntu10.10 (using .../libc6_2.15-0ubuntu10.13_amd64.deb) ...
Unpacking replacement libc6 ...
Setting up libc6 (2.15-0ubuntu10.13) ...
Setting up libc-dev-bin (2.15-0ubuntu10.13) ...
Setting up libc6-dev (2.15-0ubuntu10.13) ...
Processing triggers for libc-bin ...
ldconfig deferred processing now taking place
travis_fold:end:fix.CVE-2015-7547[0Ktravis_fold:start:git.checkout[0Ktravis_time:start:079b2eb4[0K$ git clone --depth=50 --branch=master https://github.com/checkstyle/checkstyle.git checkstyle/checkstyle
Cloning into 'checkstyle/checkstyle'...
remote: Counting objects: 2729, done.[K
remote: Compressing objects:   0% (1/1879)   [Kremote: Compressing objects:   1% (19/1879)   [Kremote: Compressing objects:   2% (38/1879)   [Kremote: Compressing objects:   3% (57/1879)   [Kremote: Compressing objects:   4% (76/1879)   [Kremote: Compressing objects:   5% (94/1879)   [Kremote: Compressing objects:   6% (113/1879)   [Kremote: Compressing objects:   7% (132/1879)   [Kremote: Compressing objects:   8% (151/1879)   [Kremote: Compressing objects:   9% (170/1879)   [Kremote: Compressing objects:  10% (188/1879)   [Kremote: Compressing objects:  11% (207/1879)   [Kremote: Compressing objects:  12% (226/1879)   [Kremote: Compressing objects:  13% (245/1879)   [Kremote: Compressing objects:  14% (264/1879)   [Kremote: Compressing objects:  15% (282/1879)   [Kremote: Compressing objects:  16% (301/1879)   [Kremote: Compressing objects:  17% (320/1879)   [Kremote: Compressing objects:  18% (339/1879)   [Kremote: Compressing objects:  19% (358/1879)   [Kremote: Compressing objects:  20% (376/1879)   [Kremote: Compressing objects:  21% (395/1879)   [Kremote: Compressing objects:  22% (414/1879)   [Kremote: Compressing objects:  23% (433/1879)   [Kremote: Compressing objects:  24% (451/1879)   [Kremote: Compressing objects:  25% (470/1879)   [Kremote: Compressing objects:  26% (489/1879)   [Kremote: Compressing objects:  27% (508/1879)   [Kremote: Compressing objects:  28% (527/1879)   [Kremote: Compressing objects:  29% (545/1879)   [Kremote: Compressing objects:  30% (564/1879)   [Kremote: Compressing objects:  31% (583/1879)   [Kremote: Compressing objects:  32% (602/1879)   [Kremote: Compressing objects:  33% (621/1879)   [Kremote: Compressing objects:  34% (639/1879)   [Kremote: Compressing objects:  35% (658/1879)   [Kremote: Compressing objects:  36% (677/1879)   [Kremote: Compressing objects:  37% (696/1879)   [Kremote: Compressing objects:  38% (715/1879)   [Kremote: Compressing objects:  39% (733/1879)   [Kremote: Compressing objects:  40% (752/1879)   [Kremote: Compressing objects:  41% (771/1879)   [Kremote: Compressing objects:  42% (790/1879)   [Kremote: Compressing objects:  43% (808/1879)   [Kremote: Compressing objects:  44% (827/1879)   [Kremote: Compressing objects:  45% (846/1879)   [Kremote: Compressing objects:  46% (865/1879)   [Kremote: Compressing objects:  47% (884/1879)   [Kremote: Compressing objects:  48% (902/1879)   [Kremote: Compressing objects:  49% (921/1879)   [Kremote: Compressing objects:  50% (940/1879)   [Kremote: Compressing objects:  51% (959/1879)   [Kremote: Compressing objects:  52% (978/1879)   [Kremote: Compressing objects:  53% (996/1879)   [Kremote: Compressing objects:  54% (1015/1879)   [Kremote: Compressing objects:  55% (1034/1879)   [Kremote: Compressing objects:  56% (1053/1879)   [Kremote: Compressing objects:  57% (1072/1879)   [Kremote: Compressing objects:  58% (1090/1879)   [Kremote: Compressing objects:  59% (1109/1879)   [Kremote: Compressing objects:  60% (1128/1879)   [Kremote: Compressing objects:  61% (1147/1879)   [Kremote: Compressing objects:  62% (1165/1879)   [Kremote: Compressing objects:  63% (1184/1879)   [Kremote: Compressing objects:  64% (1203/1879)   [Kremote: Compressing objects:  65% (1222/1879)   [Kremote: Compressing objects:  66% (1241/1879)   [Kremote: Compressing objects:  67% (1259/1879)   [Kremote: Compressing objects:  68% (1278/1879)   [Kremote: Compressing objects:  69% (1297/1879)   [Kremote: Compressing objects:  70% (1316/1879)   [Kremote: Compressing objects:  71% (1335/1879)   [Kremote: Compressing objects:  72% (1353/1879)   [Kremote: Compressing objects:  73% (1372/1879)   [Kremote: Compressing objects:  74% (1391/1879)   [Kremote: Compressing objects:  75% (1410/1879)   [Kremote: Compressing objects:  76% (1429/1879)   [Kremote: Compressing objects:  77% (1447/1879)   [Kremote: Compressing objects:  78% (1466/1879)   [Kremote: Compressing objects:  79% (1485/1879)   [Kremote: Compressing objects:  80% (1504/1879)   [Kremote: Compressing objects:  81% (1522/1879)   [Kremote: Compressing objects:  82% (1541/1879)   [Kremote: Compressing objects:  83% (1560/1879)   [Kremote: Compressing objects:  84% (1579/1879)   [Kremote: Compressing objects:  85% (1598/1879)   [Kremote: Compressing objects:  86% (1616/1879)   [Kremote: Compressing objects:  87% (1635/1879)   [Kremote: Compressing objects:  88% (1654/1879)   [Kremote: Compressing objects:  89% (1673/1879)   [Kremote: Compressing objects:  90% (1692/1879)   [Kremote: Compressing objects:  91% (1710/1879)   [Kremote: Compressing objects:  92% (1729/1879)   [Kremote: Compressing objects:  93% (1748/1879)   [Kremote: Compressing objects:  94% (1767/1879)   [Kremote: Compressing objects:  95% (1786/1879)   [Kremote: Compressing objects:  96% (1804/1879)   [Kremote: Compressing objects:  97% (1823/1879)   [Kremote: Compressing objects:  98% (1842/1879)   [Kremote: Compressing objects:  99% (1861/1879)   [Kremote: Compressing objects: 100% (1879/1879)   [Kremote: Compressing objects: 100% (1879/1879), done.[K
Receiving objects:   0% (1/2729)   Receiving objects:   1% (28/2729)   Receiving objects:   2% (55/2729)   Receiving objects:   3% (82/2729)   Receiving objects:   4% (110/2729)   Receiving objects:   5% (137/2729)   Receiving objects:   6% (164/2729)   Receiving objects:   7% (192/2729)   Receiving objects:   8% (219/2729)   Receiving objects:   9% (246/2729)   Receiving objects:  10% (273/2729)   Receiving objects:  11% (301/2729)   Receiving objects:  12% (328/2729)   Receiving objects:  13% (355/2729)   Receiving objects:  14% (383/2729)   Receiving objects:  15% (410/2729)   Receiving objects:  16% (437/2729)   Receiving objects:  17% (464/2729)   Receiving objects:  18% (492/2729)   Receiving objects:  19% (519/2729)   Receiving objects:  20% (546/2729)   Receiving objects:  21% (574/2729)   Receiving objects:  22% (601/2729)   Receiving objects:  23% (628/2729)   Receiving objects:  24% (655/2729)   Receiving objects:  25% (683/2729)   Receiving objects:  26% (710/2729)   Receiving objects:  27% (737/2729)   Receiving objects:  28% (765/2729)   Receiving objects:  29% (792/2729)   Receiving objects:  30% (819/2729)   Receiving objects:  31% (846/2729)   Receiving objects:  32% (874/2729)   Receiving objects:  33% (901/2729)   Receiving objects:  34% (928/2729)   Receiving objects:  35% (956/2729)   Receiving objects:  36% (983/2729)   Receiving objects:  37% (1010/2729)   Receiving objects:  38% (1038/2729)   Receiving objects:  39% (1065/2729)   Receiving objects:  40% (1092/2729)   Receiving objects:  41% (1119/2729)   Receiving objects:  42% (1147/2729)   Receiving objects:  43% (1174/2729)   Receiving objects:  44% (1201/2729)   Receiving objects:  45% (1229/2729)   Receiving objects:  46% (1256/2729)   Receiving objects:  47% (1283/2729)   Receiving objects:  48% (1310/2729)   Receiving objects:  49% (1338/2729)   Receiving objects:  50% (1365/2729)   Receiving objects:  51% (1392/2729)   Receiving objects:  52% (1420/2729)   Receiving objects:  53% (1447/2729)   Receiving objects:  54% (1474/2729)   Receiving objects:  55% (1501/2729)   Receiving objects:  56% (1529/2729)   Receiving objects:  57% (1556/2729)   Receiving objects:  58% (1583/2729)   Receiving objects:  59% (1611/2729)   Receiving objects:  60% (1638/2729)   Receiving objects:  61% (1665/2729)   Receiving objects:  62% (1692/2729)   Receiving objects:  63% (1720/2729)   Receiving objects:  64% (1747/2729)   Receiving objects:  65% (1774/2729)   Receiving objects:  66% (1802/2729)   Receiving objects:  67% (1829/2729)   Receiving objects:  68% (1856/2729)   Receiving objects:  69% (1884/2729)   Receiving objects:  70% (1911/2729)   Receiving objects:  71% (1938/2729)   Receiving objects:  72% (1965/2729)   Receiving objects:  73% (1993/2729)   Receiving objects:  74% (2020/2729)   Receiving objects:  75% (2047/2729)   Receiving objects:  76% (2075/2729)   Receiving objects:  77% (2102/2729)   Receiving objects:  78% (2129/2729)   Receiving objects:  79% (2156/2729)   Receiving objects:  80% (2184/2729)   Receiving objects:  81% (2211/2729)   Receiving objects:  82% (2238/2729)   Receiving objects:  83% (2266/2729)   Receiving objects:  84% (2293/2729)   remote: Total 2729 (delta 1122), reused 1510 (delta 602), pack-reused 0[K
Receiving objects:  85% (2320/2729)   Receiving objects:  86% (2347/2729)   Receiving objects:  87% (2375/2729)   Receiving objects:  88% (2402/2729)   Receiving objects:  89% (2429/2729)   Receiving objects:  90% (2457/2729)   Receiving objects:  91% (2484/2729)   Receiving objects:  92% (2511/2729)   Receiving objects:  93% (2538/2729)   Receiving objects:  94% (2566/2729)   Receiving objects:  95% (2593/2729)   Receiving objects:  96% (2620/2729)   Receiving objects:  97% (2648/2729)   Receiving objects:  98% (2675/2729)   Receiving objects:  99% (2702/2729)   Receiving objects: 100% (2729/2729)   Receiving objects: 100% (2729/2729), 3.69 MiB | 0 bytes/s, done.
Resolving deltas:   0% (0/1122)   Resolving deltas:   4% (49/1122)   Resolving deltas:   5% (58/1122)   Resolving deltas:   6% (74/1122)   Resolving deltas:   7% (79/1122)   Resolving deltas:   8% (99/1122)   Resolving deltas:   9% (101/1122)   Resolving deltas:  11% (130/1122)   Resolving deltas:  18% (213/1122)   Resolving deltas:  19% (216/1122)   Resolving deltas:  20% (226/1122)   Resolving deltas:  21% (236/1122)   Resolving deltas:  22% (248/1122)   Resolving deltas:  23% (264/1122)   Resolving deltas:  24% (270/1122)   Resolving deltas:  25% (283/1122)   Resolving deltas:  26% (292/1122)   Resolving deltas:  27% (310/1122)   Resolving deltas:  28% (318/1122)   Resolving deltas:  29% (326/1122)   Resolving deltas:  30% (337/1122)   Resolving deltas:  32% (363/1122)   Resolving deltas:  33% (373/1122)   Resolving deltas:  34% (383/1122)   Resolving deltas:  35% (393/1122)   Resolving deltas:  36% (412/1122)   Resolving deltas:  37% (422/1122)   Resolving deltas:  38% (429/1122)   Resolving deltas:  39% (439/1122)   Resolving deltas:  40% (449/1122)   Resolving deltas:  41% (461/1122)   Resolving deltas:  42% (479/1122)   Resolving deltas:  43% (487/1122)   Resolving deltas:  44% (496/1122)   Resolving deltas:  45% (506/1122)   Resolving deltas:  46% (520/1122)   Resolving deltas:  47% (529/1122)   Resolving deltas:  48% (540/1122)   Resolving deltas:  49% (550/1122)   Resolving deltas:  50% (561/1122)   Resolving deltas:  51% (573/1122)   Resolving deltas:  52% (584/1122)   Resolving deltas:  53% (597/1122)   Resolving deltas:  54% (617/1122)   Resolving deltas:  55% (621/1122)   Resolving deltas:  56% (631/1122)   Resolving deltas:  57% (641/1122)   Resolving deltas:  59% (663/1122)   Resolving deltas:  61% (694/1122)   Resolving deltas:  65% (734/1122)   Resolving deltas:  66% (744/1122)   Resolving deltas:  67% (752/1122)   Resolving deltas:  68% (763/1122)   Resolving deltas:  69% (775/1122)   Resolving deltas:  70% (786/1122)   Resolving deltas:  71% (798/1122)   Resolving deltas:  72% (808/1122)   Resolving deltas:  73% (820/1122)   Resolving deltas:  74% (836/1122)   Resolving deltas:  75% (842/1122)   Resolving deltas:  76% (853/1122)   Resolving deltas:  77% (864/1122)   Resolving deltas:  78% (877/1122)   Resolving deltas:  79% (887/1122)   Resolving deltas:  80% (898/1122)   Resolving deltas:  81% (914/1122)   Resolving deltas:  82% (924/1122)   Resolving deltas:  83% (939/1122)   Resolving deltas:  84% (944/1122)   Resolving deltas:  86% (968/1122)   Resolving deltas:  87% (979/1122)   Resolving deltas:  88% (989/1122)   Resolving deltas:  89% (999/1122)   Resolving deltas:  90% (1012/1122)   Resolving deltas:  91% (1022/1122)   Resolving deltas:  92% (1034/1122)   Resolving deltas:  93% (1050/1122)   Resolving deltas:  94% (1055/1122)   Resolving deltas:  95% (1066/1122)   Resolving deltas:  96% (1079/1122)   Resolving deltas:  97% (1098/1122)   Resolving deltas:  98% (1102/1122)   Resolving deltas:  99% (1113/1122)   Resolving deltas: 100% (1122/1122)   Resolving deltas: 100% (1122/1122), done.
Checking connectivity... done.

travis_time:end:079b2eb4:start=1463078538592185724,finish=1463078540056552418,duration=1464366694[0K$ cd checkstyle/checkstyle
$ git checkout -qf 1bd277e9ac133f79ddb8645b59bdce89300a90d7
travis_fold:end:git.checkout[0K
[33;1mThis job is running on container-based infrastructure, which does not allow use of 'sudo', setuid and setguid executables.[0m
[33;1mIf you require sudo, add 'sudo: required' to your .travis.yml[0m
[33;1mSee https://docs.travis-ci.com/user/workers/container-based-infrastructure/ for details.[0m

[33;1mSetting environment variables from repository settings[0m
$ export CI_DEPLOY_USERNAME=[secure]
$ export CI_DEPLOY_PASSWORD=[secure]
$ export GITHUB_AUTH_TOKEN=[secure]

[33;1mSetting environment variables from .travis.yml[0m
$ export DESC="tests and deploy"
$ export CMD="mvn clean integration-test failsafe:verify"
$ export COVERAGE_CMD=""
$ export DEPLOY="true"

$ jdk_switcher use oraclejdk8
Switching to Oracle JDK8 (java-8-oracle), JAVA_HOME will be set to /usr/lib/jvm/java-8-oracle
travis_fold:start:cache.1[0KSetting up build cache
$ export CASHER_DIR=$HOME/.casher
travis_time:start:017ada46[0K$ Installing caching utilities

travis_time:end:017ada46:start=1463078543076576193,finish=1463078543178220727,duration=101644534[0Ktravis_time:start:0dee5aa2[0K
travis_time:end:0dee5aa2:start=1463078543184945489,finish=1463078543189907267,duration=4961778[0Ktravis_time:start:0b519018[0K[32;1mattempting to download cache archive[0m
[32;1mfetching master/cache--jdk-oraclejdk8.tgz[0m
[32;1mfound cache[0m

travis_time:end:0b519018:start=1463078543195293496,finish=1463078545939637340,duration=2744343844[0Ktravis_time:start:0af0d2ea[0K
travis_time:end:0af0d2ea:start=1463078545945063015,finish=1463078545949942278,duration=4879263[0Ktravis_time:start:01390a00[0K[32;1madding /home/travis/.m2 to cache[0m

travis_time:end:01390a00:start=1463078545955433473,finish=1463078549438447570,duration=3483014097[0Ktravis_fold:end:cache.1[0K$ java -Xmx32m -version
java version "1.8.0_31"
Java(TM) SE Runtime Environment (build 1.8.0_31-b13)
Java HotSpot(TM) 64-Bit Server VM (build 25.31-b07, mixed mode)
$ javac -J-Xmx32m -version
javac 1.8.0_31
travis_fold:start:install[0Ktravis_time:start:00f73d24[0K$ 

travis_time:end:00f73d24:start=1463078550003263621,finish=1463078550007635230,duration=4371609[0Ktravis_fold:end:install[0Ktravis_time:start:01cba1bc[0K$ eval $CMD
Java HotSpot(TM) 64-Bit Server VM warning: ignoring option MaxPermSize=192m; support was removed in 8.0
[INFO] Scanning for projects...
[INFO] Inspecting build with total of 1 modules...
[INFO] Installing Nexus Staging features:
[INFO]   ... total of 1 executions of maven-deploy-plugin replaced with nexus-staging-maven-plugin
[INFO]                                                                         
[INFO] ------------------------------------------------------------------------
[INFO] Building checkstyle 6.19-SNAPSHOT
[INFO] ------------------------------------------------------------------------
Downloading: https://repository.apache.org/releases/junit/junit-dep/maven-metadata.xml
Downloading: https://oss.sonatype.org/content/repositories/releases/junit/junit-dep/maven-metadata.xml
Downloading: http://repo.maven.apache.org/maven2/junit/junit-dep/maven-metadata.xml
Downloading: https://repository.apache.org/snapshots/junit/junit-dep/maven-metadata.xml
563/563 B               Downloaded: http://repo.maven.apache.org/maven2/junit/junit-dep/maven-metadata.xml (563 B at 1.1 KB/sec)
Downloading: https://nexus.codehaus.org/snapshots/junit/junit-dep/maven-metadata.xml
            Downloading: https://oss.sonatype.org/content/repositories/snapshots/junit/junit-dep/maven-metadata.xml
563/563 B                           Downloaded: https://oss.sonatype.org/content/repositories/releases/junit/junit-dep/maven-metadata.xml (563 B at 0.2 KB/sec)
                        [WARNING] Could not transfer metadata junit:junit-dep/maven-metadata.xml from/to codehaus-snapshots (https://nexus.codehaus.org/snapshots/): nexus.codehaus.org: unknown error
[INFO] 
[INFO] --- maven-clean-plugin:3.0.0:clean (default-clean) @ checkstyle ---
[INFO] 
[INFO] --- maven-enforcer-plugin:1.4.1:enforce (enforce-maven) @ checkstyle ---
[INFO] 
[INFO] --- maven-enforcer-plugin:1.4.1:enforce (enforce-versions) @ checkstyle ---
[INFO] 
[INFO] --- antlr-maven-plugin:2.2:generate (default) @ checkstyle ---
[INFO] performing grammar generation [java.g]
ANTLR Parser Generator   Version 2.7.7 (20060906)   1989-2005
/home/travis/build/checkstyle/checkstyle/src/main/resources/com/puppycrawl/tools/checkstyle/grammars/java.g:632:9: warning:nondeterminism between alts 1 and 2 of block upon
/home/travis/build/checkstyle/checkstyle/src/main/resources/com/puppycrawl/tools/checkstyle/grammars/java.g:632:9:     k==1:AT
/home/travis/build/checkstyle/checkstyle/src/main/resources/com/puppycrawl/tools/checkstyle/grammars/java.g:632:9:     k==2:IDENT
/home/travis/build/checkstyle/checkstyle/src/main/resources/com/puppycrawl/tools/checkstyle/grammars/java.g:779:16: warning:nondeterminism between alts 1 and 2 of block upon
/home/travis/build/checkstyle/checkstyle/src/main/resources/com/puppycrawl/tools/checkstyle/grammars/java.g:779:16:     k==1:AT
/home/travis/build/checkstyle/checkstyle/src/main/resources/com/puppycrawl/tools/checkstyle/grammars/java.g:779:16:     k==2:IDENT
/home/travis/build/checkstyle/checkstyle/src/main/resources/com/puppycrawl/tools/checkstyle/grammars/java.g:815:61: warning:nondeterminism between alts 1 and 2 of block upon
/home/travis/build/checkstyle/checkstyle/src/main/resources/com/puppycrawl/tools/checkstyle/grammars/java.g:815:61:     k==1:SEMI
/home/travis/build/checkstyle/checkstyle/src/main/resources/com/puppycrawl/tools/checkstyle/grammars/java.g:815:61:     k==2:"final","abstract","strictfp",SEMI,"void","boolean","byte","char","short","int","float","long","double",IDENT,"private","public","protected","static","transient","native","synchronized","volatile","class","interface",LCURLY,RCURLY,"default",LT,ENUM,AT
/home/travis/build/checkstyle/checkstyle/src/main/resources/com/puppycrawl/tools/checkstyle/grammars/java.g:704:9: warning:nondeterminism between alts 1 and 2 of block upon
/home/travis/build/checkstyle/checkstyle/src/main/resources/com/puppycrawl/tools/checkstyle/grammars/java.g:704:9:     k==1:AT
/home/travis/build/checkstyle/checkstyle/src/main/resources/com/puppycrawl/tools/checkstyle/grammars/java.g:704:9:     k==2:IDENT
/home/travis/build/checkstyle/checkstyle/src/main/resources/com/puppycrawl/tools/checkstyle/grammars/java.g:960: warning:Syntactic predicate superfluous for single alternative
/home/travis/build/checkstyle/checkstyle/src/main/resources/com/puppycrawl/tools/checkstyle/grammars/java.g:986:31: warning:nondeterminism between alts 1 and 2 of block upon
/home/travis/build/checkstyle/checkstyle/src/main/resources/com/puppycrawl/tools/checkstyle/grammars/java.g:986:31:     k==1:IDENT
/home/travis/build/checkstyle/checkstyle/src/main/resources/com/puppycrawl/tools/checkstyle/grammars/java.g:986:31:     k==2:LBRACK
/home/travis/build/checkstyle/checkstyle/src/main/resources/com/puppycrawl/tools/checkstyle/grammars/java.g:1042:84: warning:nondeterminism between alts 1 and 2 of block upon
/home/travis/build/checkstyle/checkstyle/src/main/resources/com/puppycrawl/tools/checkstyle/grammars/java.g:1042:84:     k==1:SEMI
/home/travis/build/checkstyle/checkstyle/src/main/resources/com/puppycrawl/tools/checkstyle/grammars/java.g:1042:84:     k==2:"final","abstract","strictfp",SEMI,"void","boolean","byte","char","short","int","float","long","double",IDENT,STAR,"private","public","protected","static","transient","native","synchronized","volatile","class",LCURLY,RCURLY,LPAREN,RPAREN,"this","super",COLON,"if","while","do","break","continue","return","switch","throw","for","else","case","default","try",LT,GT,LE,GE,"instanceof",SL,SR,BSR,PLUS,MINUS,DIV,MOD,INC,DEC,BNOT,LNOT,"true","false","null","new",NUM_INT,CHAR_LITERAL,STRING_LITERAL,NUM_FLOAT,NUM_LONG,NUM_DOUBLE,ASSERT,AT
/home/travis/build/checkstyle/checkstyle/src/main/resources/com/puppycrawl/tools/checkstyle/grammars/java.g:1142:9: warning:nondeterminism between alts 1 and 2 of block upon
/home/travis/build/checkstyle/checkstyle/src/main/resources/com/puppycrawl/tools/checkstyle/grammars/java.g:1142:9:     k==1:"default"
/home/travis/build/checkstyle/checkstyle/src/main/resources/com/puppycrawl/tools/checkstyle/grammars/java.g:1142:9:     k==2:"final","abstract","strictfp",SEMI,"void","boolean","byte","char","short","int","float","long","double",IDENT,STAR,"private","public","protected","static","transient","native","synchronized","volatile","class",LCURLY,RCURLY,LPAREN,RPAREN,"this","super",COLON,"if","while","do","break","continue","return","switch","throw","for","case","default","try",LT,GT,LE,GE,"instanceof",SL,SR,BSR,PLUS,MINUS,DIV,MOD,INC,DEC,BNOT,LNOT,"true","false","null","new",NUM_INT,CHAR_LITERAL,STRING_LITERAL,NUM_FLOAT,NUM_LONG,NUM_DOUBLE,ASSERT,AT
/home/travis/build/checkstyle/checkstyle/src/main/resources/com/puppycrawl/tools/checkstyle/grammars/java.g:1350:26: warning:nondeterminism between alts 1 and 2 of block upon
/home/travis/build/checkstyle/checkstyle/src/main/resources/com/puppycrawl/tools/checkstyle/grammars/java.g:1350:26:     k==1:"instanceof"
/home/travis/build/checkstyle/checkstyle/src/main/resources/com/puppycrawl/tools/checkstyle/grammars/java.g:1350:26:     k==2:"void","boolean","byte","char","short","int","float","long","double",IDENT,AT
/home/travis/build/checkstyle/checkstyle/src/main/resources/com/puppycrawl/tools/checkstyle/grammars/java.g:1365: warning:nondeterminism upon
/home/travis/build/checkstyle/checkstyle/src/main/resources/com/puppycrawl/tools/checkstyle/grammars/java.g:1365:     k==1:SL,SR,BSR
/home/travis/build/checkstyle/checkstyle/src/main/resources/com/puppycrawl/tools/checkstyle/grammars/java.g:1365:     k==2:"void","boolean","byte","char","short","int","float","long","double",IDENT,LPAREN,"this","super",PLUS,MINUS,INC,DEC,BNOT,LNOT,"true","false","null","new",NUM_INT,CHAR_LITERAL,STRING_LITERAL,NUM_FLOAT,NUM_LONG,NUM_DOUBLE,AT
/home/travis/build/checkstyle/checkstyle/src/main/resources/com/puppycrawl/tools/checkstyle/grammars/java.g:1365:     between alt 1 and exit branch of block
/home/travis/build/checkstyle/checkstyle/src/main/resources/com/puppycrawl/tools/checkstyle/grammars/java.g:1378: warning:nondeterminism upon
/home/travis/build/checkstyle/checkstyle/src/main/resources/com/puppycrawl/tools/checkstyle/grammars/java.g:1378:     k==1:STAR,DIV,MOD
/home/travis/build/checkstyle/checkstyle/src/main/resources/com/puppycrawl/tools/checkstyle/grammars/java.g:1378:     k==2:"void","boolean","byte","char","short","int","float","long","double",IDENT,LPAREN,"this","super",PLUS,MINUS,INC,DEC,BNOT,LNOT,"true","false","null","new",NUM_INT,CHAR_LITERAL,STRING_LITERAL,NUM_FLOAT,NUM_LONG,NUM_DOUBLE,AT
/home/travis/build/checkstyle/checkstyle/src/main/resources/com/puppycrawl/tools/checkstyle/grammars/java.g:1378:     between alt 1 and exit branch of block
/home/travis/build/checkstyle/checkstyle/src/main/resources/com/puppycrawl/tools/checkstyle/grammars/java.g:1476:9: warning:nondeterminism between alts 1 and 3 of block upon
/home/travis/build/checkstyle/checkstyle/src/main/resources/com/puppycrawl/tools/checkstyle/grammars/java.g:1476:9:     k==1:INC
/home/travis/build/checkstyle/checkstyle/src/main/resources/com/puppycrawl/tools/checkstyle/grammars/java.g:1476:9:     k==2:"final","abstract","strictfp",SEMI,RBRACK,"void","boolean","byte","char","short","int","float","long","double",IDENT,STAR,"private","public","protected","static","transient","native","synchronized","volatile","class","interface",LCURLY,RCURLY,COMMA,LPAREN,RPAREN,"this","super",ASSIGN,COLON,"if","while","do","break","continue","return","switch","throw","for","else","case","default","try",PLUS_ASSIGN,MINUS_ASSIGN,STAR_ASSIGN,DIV_ASSIGN,MOD_ASSIGN,SR_ASSIGN,BSR_ASSIGN,SL_ASSIGN,BAND_ASSIGN,BXOR_ASSIGN,BOR_ASSIGN,QUESTION,LOR,LAND,BOR,BXOR,BAND,NOT_EQUAL,EQUAL,LT,GT,LE,GE,"instanceof",SL,SR,BSR,PLUS,MINUS,DIV,MOD,INC,DEC,BNOT,LNOT,"true","false","null","new",NUM_INT,CHAR_LITERAL,STRING_LITERAL,NUM_FLOAT,NUM_LONG,NUM_DOUBLE,ASSERT,ENUM,AT
/home/travis/build/checkstyle/checkstyle/src/main/resources/com/puppycrawl/tools/checkstyle/grammars/java.g:1476:9: warning:nondeterminism between alts 2 and 3 of block upon
/home/travis/build/checkstyle/checkstyle/src/main/resources/com/puppycrawl/tools/checkstyle/grammars/java.g:1476:9:     k==1:DEC
/home/travis/build/checkstyle/checkstyle/src/main/resources/com/puppycrawl/tools/checkstyle/grammars/java.g:1476:9:     k==2:"final","abstract","strictfp",SEMI,RBRACK,"void","boolean","byte","char","short","int","float","long","double",IDENT,STAR,"private","public","protected","static","transient","native","synchronized","volatile","class","interface",LCURLY,RCURLY,COMMA,LPAREN,RPAREN,"this","super",ASSIGN,COLON,"if","while","do","break","continue","return","switch","throw","for","else","case","default","try",PLUS_ASSIGN,MINUS_ASSIGN,STAR_ASSIGN,DIV_ASSIGN,MOD_ASSIGN,SR_ASSIGN,BSR_ASSIGN,SL_ASSIGN,BAND_ASSIGN,BXOR_ASSIGN,BOR_ASSIGN,QUESTION,LOR,LAND,BOR,BXOR,BAND,NOT_EQUAL,EQUAL,LT,GT,LE,GE,"instanceof",SL,SR,BSR,PLUS,MINUS,DIV,MOD,INC,DEC,BNOT,LNOT,"true","false","null","new",NUM_INT,CHAR_LITERAL,STRING_LITERAL,NUM_FLOAT,NUM_LONG,NUM_DOUBLE,ASSERT,ENUM,AT
/home/travis/build/checkstyle/checkstyle/src/main/resources/com/puppycrawl/tools/checkstyle/grammars/java.g:1556:36: warning:nondeterminism between alts 1 and 2 of block upon
/home/travis/build/checkstyle/checkstyle/src/main/resources/com/puppycrawl/tools/checkstyle/grammars/java.g:1556:36:     k==1:LCURLY
/home/travis/build/checkstyle/checkstyle/src/main/resources/com/puppycrawl/tools/checkstyle/grammars/java.g:1556:36:     k==2:"final","abstract","strictfp",SEMI,"void","boolean","byte","char","short","int","float","long","double",IDENT,"private","public","protected","static","transient","native","synchronized","volatile","class","interface",LCURLY,RCURLY,"default",LT,ENUM,AT
/home/travis/build/checkstyle/checkstyle/src/main/resources/com/puppycrawl/tools/checkstyle/grammars/java.g:1566:33: warning:nondeterminism between alts 1 and 2 of block upon
/home/travis/build/checkstyle/checkstyle/src/main/resources/com/puppycrawl/tools/checkstyle/grammars/java.g:1566:33:     k==1:LCURLY
/home/travis/build/checkstyle/checkstyle/src/main/resources/com/puppycrawl/tools/checkstyle/grammars/java.g:1566:33:     k==2:"void","boolean","byte","char","short","int","float","long","double",IDENT,LCURLY,RCURLY,COMMA,LPAREN,"this","super",PLUS,MINUS,INC,DEC,BNOT,LNOT,"true","false","null","new",NUM_INT,CHAR_LITERAL,STRING_LITERAL,NUM_FLOAT,NUM_LONG,NUM_DOUBLE,AT
/home/travis/build/checkstyle/checkstyle/src/main/resources/com/puppycrawl/tools/checkstyle/grammars/java.g:1609:17: warning:nondeterminism between alts 1 and 2 of block upon
/home/travis/build/checkstyle/checkstyle/src/main/resources/com/puppycrawl/tools/checkstyle/grammars/java.g:1609:17:     k==1:RPAREN
/home/travis/build/checkstyle/checkstyle/src/main/resources/com/puppycrawl/tools/checkstyle/grammars/java.g:1609:17:     k==2:LAMBDA

[INFO] 
[INFO] --- antlr4-maven-plugin:4.5.3:antlr4 (default) @ checkstyle ---
[INFO] ANTLR 4: Processing source directory /home/travis/build/checkstyle/checkstyle/src/main/resources
[INFO] Processing grammar: com/puppycrawl/tools/checkstyle/grammars/javadoc/JavadocLexer.g4
[INFO] Processing grammar: com/puppycrawl/tools/checkstyle/grammars/javadoc/JavadocParser.g4
[INFO] 
[INFO] --- build-helper-maven-plugin:1.10:add-source (add-source) @ checkstyle ---
[INFO] Source directory: /home/travis/build/checkstyle/checkstyle/target/generated-sources/antlr added.
[INFO] 
[INFO] --- maven-resources-plugin:2.7:resources (default-resources) @ checkstyle ---
[INFO] Using 'UTF-8' encoding to copy filtered resources.
[INFO] Copying 161 resources
[INFO] Copying 1 resource
[INFO] 
[INFO] --- build-helper-maven-plugin:1.10:add-test-source (add-test-source) @ checkstyle ---
[INFO] Test Source directory: /home/travis/build/checkstyle/checkstyle/src/test/resources added.
[INFO] 
[INFO] --- build-helper-maven-plugin:1.10:add-test-source (add-it-test-source) @ checkstyle ---
[INFO] Test Source directory: /home/travis/build/checkstyle/checkstyle/src/it/java added.
[INFO] 
[INFO] --- build-helper-maven-plugin:1.10:add-test-source (add-it-test-resource) @ checkstyle ---
[INFO] Test Source directory: /home/travis/build/checkstyle/checkstyle/src/it/resources added.
[INFO] 
[INFO] --- maven-compiler-plugin:3.5.1:compile (default-compile) @ checkstyle ---
[INFO] Changes detected - recompiling the module!
[INFO] Compiling 343 source files to /home/travis/build/checkstyle/checkstyle/target/classes
[INFO] /home/travis/build/checkstyle/checkstyle/src/main/java/com/puppycrawl/tools/checkstyle/checks/javadoc/JavadocMethodCheck.java: /home/travis/build/checkstyle/checkstyle/src/main/java/com/puppycrawl/tools/checkstyle/checks/javadoc/JavadocMethodCheck.java uses or overrides a deprecated API.
[INFO] /home/travis/build/checkstyle/checkstyle/src/main/java/com/puppycrawl/tools/checkstyle/checks/javadoc/JavadocMethodCheck.java: Recompile with -Xlint:deprecation for details.
[INFO] /home/travis/build/checkstyle/checkstyle/src/main/java/com/puppycrawl/tools/checkstyle/api/AutomaticBean.java: Some input files use unchecked or unsafe operations.
[INFO] /home/travis/build/checkstyle/checkstyle/src/main/java/com/puppycrawl/tools/checkstyle/api/AutomaticBean.java: Recompile with -Xlint:unchecked for details.
[INFO] 
[INFO] --- maven-antrun-plugin:1.8:run (ant-phase-compile) @ checkstyle ---
[INFO] Executing tasks

main:

execute:
[propertyfile] Creating new property file: /home/travis/build/checkstyle/checkstyle/target/classes/checkstylecompilation.properties
  [javadoc] Generating Javadoc
  [javadoc] Javadoc execution
  [javadoc] Loading source file /home/travis/build/checkstyle/checkstyle/src/main/java/com/puppycrawl/tools/checkstyle/api/TokenTypes.java...
  [javadoc] Constructing Javadoc information...
[INFO] Executed tasks
[INFO] 
[INFO] --- maven-resources-plugin:2.7:testResources (default-testResources) @ checkstyle ---
[INFO] Using 'UTF-8' encoding to copy filtered resources.
[INFO] Copying 625 resources
[INFO] 
[INFO] --- maven-compiler-plugin:3.5.1:testCompile (default-testCompile) @ checkstyle ---
[INFO] Changes detected - recompiling the module!
[INFO] Compiling 914 source files to /home/travis/build/checkstyle/checkstyle/target/test-classes
[INFO] /home/travis/build/checkstyle/checkstyle/src/test/java/com/puppycrawl/tools/checkstyle/checks/javadoc/AbstractTypeAwareCheckTest.java: Some input files use or override a deprecated API.
[INFO] /home/travis/build/checkstyle/checkstyle/src/test/java/com/puppycrawl/tools/checkstyle/checks/javadoc/AbstractTypeAwareCheckTest.java: Recompile with -Xlint:deprecation for details.
[INFO] 
[INFO] --- maven-surefire-plugin:2.19.1:test (default-test) @ checkstyle ---

-------------------------------------------------------
 T E S T S
-------------------------------------------------------
Running com.puppycrawl.tools.checkstyle.ant.CheckstyleAntTaskTest
Tests run: 27, Failures: 0, Errors: 0, Skipped: 0, Time elapsed: 2.319 sec - in com.puppycrawl.tools.checkstyle.ant.CheckstyleAntTaskTest
Running com.puppycrawl.tools.checkstyle.api.LineColumnTest
Tests run: 4, Failures: 0, Errors: 0, Skipped: 0, Time elapsed: 1.815 sec - in com.puppycrawl.tools.checkstyle.api.LineColumnTest
Running com.puppycrawl.tools.checkstyle.api.TokenTypesTest
Tests run: 2, Failures: 0, Errors: 0, Skipped: 0, Time elapsed: 0.001 sec - in com.puppycrawl.tools.checkstyle.api.TokenTypesTest
Running com.puppycrawl.tools.checkstyle.api.AbstractCheckTest
Tests run: 3, Failures: 0, Errors: 0, Skipped: 0, Time elapsed: 0.003 sec - in com.puppycrawl.tools.checkstyle.api.AbstractCheckTest
Running com.puppycrawl.tools.checkstyle.api.DetailASTTest
Tests run: 4, Failures: 0, Errors: 0, Skipped: 0, Time elapsed: 7.48 sec - in com.puppycrawl.tools.checkstyle.api.DetailASTTest
Running com.puppycrawl.tools.checkstyle.api.LocalizedMessagesTest
Tests run: 1, Failures: 0, Errors: 0, Skipped: 0, Time elapsed: 0.003 sec - in com.puppycrawl.tools.checkstyle.api.LocalizedMessagesTest
Running com.puppycrawl.tools.checkstyle.api.AbstractViolationReporterTest
Tests run: 6, Failures: 0, Errors: 0, Skipped: 0, Time elapsed: 0.01 sec - in com.puppycrawl.tools.checkstyle.api.AbstractViolationReporterTest
Running com.puppycrawl.tools.checkstyle.api.ScopeTest
Tests run: 10, Failures: 0, Errors: 0, Skipped: 0, Time elapsed: 0.032 sec - in com.puppycrawl.tools.checkstyle.api.ScopeTest
Running com.puppycrawl.tools.checkstyle.api.LocalizedMessageTest
Tests run: 9, Failures: 0, Errors: 0, Skipped: 0, Time elapsed: 0.865 sec - in com.puppycrawl.tools.checkstyle.api.LocalizedMessageTest
Running com.puppycrawl.tools.checkstyle.api.FileContentsTest
Tests run: 3, Failures: 0, Errors: 0, Skipped: 0, Time elapsed: 0.002 sec - in com.puppycrawl.tools.checkstyle.api.FileContentsTest
Running com.puppycrawl.tools.checkstyle.api.JavadocTokenTypesTest
Tests run: 1, Failures: 0, Errors: 0, Skipped: 0, Time elapsed: 0.002 sec - in com.puppycrawl.tools.checkstyle.api.JavadocTokenTypesTest
Running com.puppycrawl.tools.checkstyle.api.FullIdentTest
Tests run: 1, Failures: 0, Errors: 0, Skipped: 0, Time elapsed: 0.004 sec - in com.puppycrawl.tools.checkstyle.api.FullIdentTest
Running com.puppycrawl.tools.checkstyle.api.AutomaticBeanTest
Tests run: 7, Failures: 0, Errors: 0, Skipped: 0, Time elapsed: 0.044 sec - in com.puppycrawl.tools.checkstyle.api.AutomaticBeanTest
Running com.puppycrawl.tools.checkstyle.api.SeverityLevelTest
Tests run: 4, Failures: 0, Errors: 0, Skipped: 0, Time elapsed: 0.023 sec - in com.puppycrawl.tools.checkstyle.api.SeverityLevelTest
Running com.puppycrawl.tools.checkstyle.api.SeverityLevelCounterTest
Tests run: 3, Failures: 0, Errors: 0, Skipped: 0, Time elapsed: 0.042 sec - in com.puppycrawl.tools.checkstyle.api.SeverityLevelCounterTest
Running com.puppycrawl.tools.checkstyle.api.CheckTest
Tests run: 1, Failures: 0, Errors: 0, Skipped: 0, Time elapsed: 0.007 sec - in com.puppycrawl.tools.checkstyle.api.CheckTest
Running com.puppycrawl.tools.checkstyle.api.FileTextTest
Tests run: 4, Failures: 0, Errors: 0, Skipped: 0, Time elapsed: 0.035 sec - in com.puppycrawl.tools.checkstyle.api.FileTextTest
Running com.puppycrawl.tools.checkstyle.checks.annotation.SuppressWarningsCheckTest
Tests run: 24, Failures: 0, Errors: 0, Skipped: 0, Time elapsed: 1.374 sec - in com.puppycrawl.tools.checkstyle.checks.annotation.SuppressWarningsCheckTest
Running com.puppycrawl.tools.checkstyle.checks.annotation.AnnotationLocationCheckTest
Tests run: 8, Failures: 0, Errors: 0, Skipped: 0, Time elapsed: 0.101 sec - in com.puppycrawl.tools.checkstyle.checks.annotation.AnnotationLocationCheckTest
Running com.puppycrawl.tools.checkstyle.checks.annotation.MissingDeprecatedCheckTest
Tests run: 8, Failures: 0, Errors: 0, Skipped: 0, Time elapsed: 0.124 sec - in com.puppycrawl.tools.checkstyle.checks.annotation.MissingDeprecatedCheckTest
Running com.puppycrawl.tools.checkstyle.checks.annotation.MissingOverrideCheckTest
Tests run: 14, Failures: 0, Errors: 0, Skipped: 0, Time elapsed: 0.157 sec - in com.puppycrawl.tools.checkstyle.checks.annotation.MissingOverrideCheckTest
Running com.puppycrawl.tools.checkstyle.checks.annotation.PackageAnnotationCheckTest
Tests run: 4, Failures: 0, Errors: 0, Skipped: 0, Time elapsed: 0.024 sec - in com.puppycrawl.tools.checkstyle.checks.annotation.PackageAnnotationCheckTest
Running com.puppycrawl.tools.checkstyle.checks.annotation.AnnotationUseStyleCheckTest
Tests run: 17, Failures: 0, Errors: 0, Skipped: 0, Time elapsed: 0.144 sec - in com.puppycrawl.tools.checkstyle.checks.annotation.AnnotationUseStyleCheckTest
Running com.puppycrawl.tools.checkstyle.checks.blocks.LeftCurlyCheckTest
Tests run: 21, Failures: 0, Errors: 0, Skipped: 0, Time elapsed: 0.341 sec - in com.puppycrawl.tools.checkstyle.checks.blocks.LeftCurlyCheckTest
Running com.puppycrawl.tools.checkstyle.checks.blocks.RightCurlyCheckTest
Tests run: 16, Failures: 0, Errors: 0, Skipped: 0, Time elapsed: 0.326 sec - in com.puppycrawl.tools.checkstyle.checks.blocks.RightCurlyCheckTest
Running com.puppycrawl.tools.checkstyle.checks.blocks.EmptyCatchBlockCheckTest
Tests run: 4, Failures: 0, Errors: 0, Skipped: 0, Time elapsed: 0.047 sec - in com.puppycrawl.tools.checkstyle.checks.blocks.EmptyCatchBlockCheckTest
Running com.puppycrawl.tools.checkstyle.checks.blocks.AvoidNestedBlocksCheckTest
Tests run: 4, Failures: 0, Errors: 0, Skipped: 0, Time elapsed: 0.049 sec - in com.puppycrawl.tools.checkstyle.checks.blocks.AvoidNestedBlocksCheckTest
Running com.puppycrawl.tools.checkstyle.checks.blocks.EmptyBlockCheckTest
Tests run: 7, Failures: 0, Errors: 0, Skipped: 0, Time elapsed: 0.232 sec - in com.puppycrawl.tools.checkstyle.checks.blocks.EmptyBlockCheckTest
Running com.puppycrawl.tools.checkstyle.checks.blocks.NeedBracesCheckTest
Tests run: 8, Failures: 0, Errors: 0, Skipped: 0, Time elapsed: 0.302 sec - in com.puppycrawl.tools.checkstyle.checks.blocks.NeedBracesCheckTest
Running com.puppycrawl.tools.checkstyle.checks.coding.FinalLocalVariableCheckTest
Tests run: 10, Failures: 0, Errors: 0, Skipped: 0, Time elapsed: 0.273 sec - in com.puppycrawl.tools.checkstyle.checks.coding.FinalLocalVariableCheckTest
Running com.puppycrawl.tools.checkstyle.checks.coding.OverloadMethodsDeclarationOrderCheckTest
Tests run: 2, Failures: 0, Errors: 0, Skipped: 0, Time elapsed: 0.047 sec - in com.puppycrawl.tools.checkstyle.checks.coding.OverloadMethodsDeclarationOrderCheckTest
Running com.puppycrawl.tools.checkstyle.checks.coding.AvoidInlineConditionalsCheckTest
Tests run: 2, Failures: 0, Errors: 0, Skipped: 0, Time elapsed: 0.044 sec - in com.puppycrawl.tools.checkstyle.checks.coding.AvoidInlineConditionalsCheckTest
Running com.puppycrawl.tools.checkstyle.checks.coding.UnnecessaryParenthesesCheckTest
Tests run: 3, Failures: 0, Errors: 0, Skipped: 0, Time elapsed: 0.096 sec - in com.puppycrawl.tools.checkstyle.checks.coding.UnnecessaryParenthesesCheckTest
Running com.puppycrawl.tools.checkstyle.checks.coding.NoFinalizerCheckTest
Tests run: 2, Failures: 0, Errors: 0, Skipped: 0, Time elapsed: 0.044 sec - in com.puppycrawl.tools.checkstyle.checks.coding.NoFinalizerCheckTest
Running com.puppycrawl.tools.checkstyle.checks.coding.MultipleVariableDeclarationsCheckTest
Tests run: 2, Failures: 0, Errors: 0, Skipped: 0, Time elapsed: 0.026 sec - in com.puppycrawl.tools.checkstyle.checks.coding.MultipleVariableDeclarationsCheckTest
Running com.puppycrawl.tools.checkstyle.checks.coding.SimplifyBooleanReturnCheckTest
Tests run: 2, Failures: 0, Errors: 0, Skipped: 0, Time elapsed: 0.047 sec - in com.puppycrawl.tools.checkstyle.checks.coding.SimplifyBooleanReturnCheckTest
Running com.puppycrawl.tools.checkstyle.checks.coding.NestedForDepthCheckTest
Tests run: 3, Failures: 0, Errors: 0, Skipped: 0, Time elapsed: 0.04 sec - in com.puppycrawl.tools.checkstyle.checks.coding.NestedForDepthCheckTest
Running com.puppycrawl.tools.checkstyle.checks.coding.PackageDeclarationCheckTest
Tests run: 4, Failures: 0, Errors: 0, Skipped: 0, Time elapsed: 0 sec - in com.puppycrawl.tools.checkstyle.checks.coding.PackageDeclarationCheckTest
Running com.puppycrawl.tools.checkstyle.checks.coding.MagicNumberCheckTest
Tests run: 8, Failures: 0, Errors: 0, Skipped: 0, Time elapsed: 0.308 sec - in com.puppycrawl.tools.checkstyle.checks.coding.MagicNumberCheckTest
Running com.puppycrawl.tools.checkstyle.checks.coding.ReturnCountCheckTest
Tests run: 7, Failures: 0, Errors: 0, Skipped: 0, Time elapsed: 0.093 sec - in com.puppycrawl.tools.checkstyle.checks.coding.ReturnCountCheckTest
Running com.puppycrawl.tools.checkstyle.checks.coding.HiddenFieldCheckTest
Tests run: 10, Failures: 0, Errors: 0, Skipped: 0, Time elapsed: 0.288 sec - in com.puppycrawl.tools.checkstyle.checks.coding.HiddenFieldCheckTest
Running com.puppycrawl.tools.checkstyle.checks.coding.DeclarationOrderCheckTest
Tests run: 8, Failures: 0, Errors: 0, Skipped: 0, Time elapsed: 0.166 sec - in com.puppycrawl.tools.checkstyle.checks.coding.DeclarationOrderCheckTest
Running com.puppycrawl.tools.checkstyle.checks.coding.SimplifyBooleanExpressionCheckTest
Tests run: 2, Failures: 0, Errors: 0, Skipped: 0, Time elapsed: 0.027 sec - in com.puppycrawl.tools.checkstyle.checks.coding.SimplifyBooleanExpressionCheckTest
Running com.puppycrawl.tools.checkstyle.checks.coding.DefaultComesLastCheckTest
Tests run: 3, Failures: 0, Errors: 0, Skipped: 0, Time elapsed: 0.033 sec - in com.puppycrawl.tools.checkstyle.checks.coding.DefaultComesLastCheckTest
Running com.puppycrawl.tools.checkstyle.checks.coding.EmptyStatementCheckTest
Tests run: 2, Failures: 0, Errors: 0, Skipped: 0, Time elapsed: 0.033 sec - in com.puppycrawl.tools.checkstyle.checks.coding.EmptyStatementCheckTest
Running com.puppycrawl.tools.checkstyle.checks.coding.ExplicitInitializationCheckTest
Tests run: 2, Failures: 0, Errors: 0, Skipped: 0, Time elapsed: 0.018 sec - in com.puppycrawl.tools.checkstyle.checks.coding.ExplicitInitializationCheckTest
Running com.puppycrawl.tools.checkstyle.checks.coding.MissingSwitchDefaultCheckTest
Tests run: 2, Failures: 0, Errors: 0, Skipped: 0, Time elapsed: 0.009 sec - in com.puppycrawl.tools.checkstyle.checks.coding.MissingSwitchDefaultCheckTest
Running com.puppycrawl.tools.checkstyle.checks.coding.IllegalTypeCheckTest
Tests run: 13, Failures: 0, Errors: 0, Skipped: 0, Time elapsed: 0.083 sec - in com.puppycrawl.tools.checkstyle.checks.coding.IllegalTypeCheckTest
Running com.puppycrawl.tools.checkstyle.checks.coding.NoCloneCheckTest
Tests run: 2, Failures: 0, Errors: 0, Skipped: 0, Time elapsed: 0.011 sec - in com.puppycrawl.tools.checkstyle.checks.coding.NoCloneCheckTest
Running com.puppycrawl.tools.checkstyle.checks.coding.EqualsAvoidNullCheckTest
Tests run: 3, Failures: 0, Errors: 0, Skipped: 0, Time elapsed: 0.08 sec - in com.puppycrawl.tools.checkstyle.checks.coding.EqualsAvoidNullCheckTest
Running com.puppycrawl.tools.checkstyle.checks.coding.SuperFinalizeCheckTest
Tests run: 1, Failures: 0, Errors: 0, Skipped: 0, Time elapsed: 0.041 sec - in com.puppycrawl.tools.checkstyle.checks.coding.SuperFinalizeCheckTest
Running com.puppycrawl.tools.checkstyle.checks.coding.VariableDeclarationUsageDistanceCheckTest
Tests run: 7, Failures: 0, Errors: 0, Skipped: 0, Time elapsed: 0.479 sec - in com.puppycrawl.tools.checkstyle.checks.coding.VariableDeclarationUsageDistanceCheckTest
Running com.puppycrawl.tools.checkstyle.checks.coding.NestedIfDepthCheckTest
Tests run: 3, Failures: 0, Errors: 0, Skipped: 0, Time elapsed: 0.023 sec - in com.puppycrawl.tools.checkstyle.checks.coding.NestedIfDepthCheckTest
Running com.puppycrawl.tools.checkstyle.checks.coding.IllegalTokenCheckTest
Tests run: 7, Failures: 0, Errors: 0, Skipped: 0, Time elapsed: 0.068 sec - in com.puppycrawl.tools.checkstyle.checks.coding.IllegalTokenCheckTest
Running com.puppycrawl.tools.checkstyle.checks.coding.MissingCtorCheckTest
Tests run: 2, Failures: 0, Errors: 0, Skipped: 0, Time elapsed: 0.012 sec - in com.puppycrawl.tools.checkstyle.checks.coding.MissingCtorCheckTest
Running com.puppycrawl.tools.checkstyle.checks.coding.IllegalInstantiationCheckTest
Tests run: 8, Failures: 0, Errors: 0, Skipped: 0, Time elapsed: 0.072 sec - in com.puppycrawl.tools.checkstyle.checks.coding.IllegalInstantiationCheckTest
Running com.puppycrawl.tools.checkstyle.checks.coding.ArrayTrailingCommaCheckTest
Tests run: 2, Failures: 0, Errors: 0, Skipped: 0, Time elapsed: 0.013 sec - in com.puppycrawl.tools.checkstyle.checks.coding.ArrayTrailingCommaCheckTest
Running com.puppycrawl.tools.checkstyle.checks.coding.MultipleStringLiteralsCheckTest
Tests run: 7, Failures: 0, Errors: 0, Skipped: 0, Time elapsed: 0.075 sec - in com.puppycrawl.tools.checkstyle.checks.coding.MultipleStringLiteralsCheckTest
Running com.puppycrawl.tools.checkstyle.checks.coding.NestedTryDepthCheckTest
Tests run: 3, Failures: 0, Errors: 0, Skipped: 0, Time elapsed: 0.021 sec - in com.puppycrawl.tools.checkstyle.checks.coding.NestedTryDepthCheckTest
Running com.puppycrawl.tools.checkstyle.checks.coding.InnerAssignmentCheckTest
Tests run: 3, Failures: 0, Errors: 0, Skipped: 0, Time elapsed: 0.038 sec - in com.puppycrawl.tools.checkstyle.checks.coding.InnerAssignmentCheckTest
Running com.puppycrawl.tools.checkstyle.checks.coding.FallThroughCheckTest
Tests run: 5, Failures: 0, Errors: 0, Skipped: 0, Time elapsed: 0.109 sec - in com.puppycrawl.tools.checkstyle.checks.coding.FallThroughCheckTest
Running com.puppycrawl.tools.checkstyle.checks.coding.IllegalCatchCheckTest
Tests run: 5, Failures: 0, Errors: 0, Skipped: 0, Time elapsed: 0.047 sec - in com.puppycrawl.tools.checkstyle.checks.coding.IllegalCatchCheckTest
Running com.puppycrawl.tools.checkstyle.checks.coding.CovariantEqualsCheckTest
Tests run: 2, Failures: 0, Errors: 0, Skipped: 0, Time elapsed: 0.011 sec - in com.puppycrawl.tools.checkstyle.checks.coding.CovariantEqualsCheckTest
Running com.puppycrawl.tools.checkstyle.checks.coding.ParameterAssignmentCheckTest
Tests run: 3, Failures: 0, Errors: 0, Skipped: 0, Time elapsed: 0.011 sec - in com.puppycrawl.tools.checkstyle.checks.coding.ParameterAssignmentCheckTest
Running com.puppycrawl.tools.checkstyle.checks.coding.OneStatementPerLineCheckTest
Tests run: 4, Failures: 0, Errors: 0, Skipped: 0, Time elapsed: 0.037 sec - in com.puppycrawl.tools.checkstyle.checks.coding.OneStatementPerLineCheckTest
Running com.puppycrawl.tools.checkstyle.checks.coding.SuperCloneCheckTest
Tests run: 3, Failures: 0, Errors: 0, Skipped: 0, Time elapsed: 0.021 sec - in com.puppycrawl.tools.checkstyle.checks.coding.SuperCloneCheckTest
Running com.puppycrawl.tools.checkstyle.checks.coding.ModifiedControlVariableCheckTest
Tests run: 5, Failures: 0, Errors: 0, Skipped: 0, Time elapsed: 0.042 sec - in com.puppycrawl.tools.checkstyle.checks.coding.ModifiedControlVariableCheckTest
Running com.puppycrawl.tools.checkstyle.checks.coding.IllegalThrowsCheckTest
Tests run: 7, Failures: 0, Errors: 0, Skipped: 0, Time elapsed: 0.053 sec - in com.puppycrawl.tools.checkstyle.checks.coding.IllegalThrowsCheckTest
Running com.puppycrawl.tools.checkstyle.checks.coding.IllegalTokenTextCheckTest
Tests run: 6, Failures: 0, Errors: 0, Skipped: 0, Time elapsed: 0.063 sec - in com.puppycrawl.tools.checkstyle.checks.coding.IllegalTokenTextCheckTest
Running com.puppycrawl.tools.checkstyle.checks.coding.RequireThisCheckTest
Tests run: 10, Failures: 0, Errors: 0, Skipped: 0, Time elapsed: 0.406 sec - in com.puppycrawl.tools.checkstyle.checks.coding.RequireThisCheckTest
Running com.puppycrawl.tools.checkstyle.checks.coding.EqualsHashCodeCheckTest
Tests run: 3, Failures: 0, Errors: 0, Skipped: 0, Time elapsed: 0.048 sec - in com.puppycrawl.tools.checkstyle.checks.coding.EqualsHashCodeCheckTest
Running com.puppycrawl.tools.checkstyle.checks.coding.StringLiteralEqualityCheckTest
Tests run: 2, Failures: 0, Errors: 0, Skipped: 0, Time elapsed: 0.038 sec - in com.puppycrawl.tools.checkstyle.checks.coding.StringLiteralEqualityCheckTest
Running com.puppycrawl.tools.checkstyle.checks.design.InnerTypeLastCheckTest
Tests run: 3, Failures: 0, Errors: 0, Skipped: 0, Time elapsed: 0.015 sec - in com.puppycrawl.tools.checkstyle.checks.design.InnerTypeLastCheckTest
Running com.puppycrawl.tools.checkstyle.checks.design.ThrowsCountCheckTest
Tests run: 6, Failures: 0, Errors: 0, Skipped: 0, Time elapsed: 0.044 sec - in com.puppycrawl.tools.checkstyle.checks.design.ThrowsCountCheckTest
Running com.puppycrawl.tools.checkstyle.checks.design.InterfaceIsTypeCheckTest
Tests run: 4, Failures: 0, Errors: 0, Skipped: 0, Time elapsed: 0.018 sec - in com.puppycrawl.tools.checkstyle.checks.design.InterfaceIsTypeCheckTest
Running com.puppycrawl.tools.checkstyle.checks.design.FinalClassCheckTest
Tests run: 6, Failures: 0, Errors: 0, Skipped: 0, Time elapsed: 0.031 sec - in com.puppycrawl.tools.checkstyle.checks.design.FinalClassCheckTest
Running com.puppycrawl.tools.checkstyle.checks.design.OneTopLevelClassCheckTest
Tests run: 11, Failures: 0, Errors: 0, Skipped: 0, Time elapsed: 0.371 sec - in com.puppycrawl.tools.checkstyle.checks.design.OneTopLevelClassCheckTest
Running com.puppycrawl.tools.checkstyle.checks.design.DesignForExtensionCheckTest
Tests run: 3, Failures: 0, Errors: 0, Skipped: 0, Time elapsed: 0.083 sec - in com.puppycrawl.tools.checkstyle.checks.design.DesignForExtensionCheckTest
Running com.puppycrawl.tools.checkstyle.checks.design.MutableExceptionCheckTest
Tests run: 6, Failures: 0, Errors: 0, Skipped: 0, Time elapsed: 0.214 sec - in com.puppycrawl.tools.checkstyle.checks.design.MutableExceptionCheckTest
Running com.puppycrawl.tools.checkstyle.checks.design.HideUtilityClassConstructorCheckTest
Tests run: 12, Failures: 0, Errors: 0, Skipped: 0, Time elapsed: 0.307 sec - in com.puppycrawl.tools.checkstyle.checks.design.HideUtilityClassConstructorCheckTest
Running com.puppycrawl.tools.checkstyle.checks.design.VisibilityModifierCheckTest
Tests run: 19, Failures: 0, Errors: 0, Skipped: 0, Time elapsed: 0.483 sec - in com.puppycrawl.tools.checkstyle.checks.design.VisibilityModifierCheckTest
Running com.puppycrawl.tools.checkstyle.checks.header.HeaderCheckTest
Tests run: 12, Failures: 0, Errors: 0, Skipped: 0, Time elapsed: 6.892 sec - in com.puppycrawl.tools.checkstyle.checks.header.HeaderCheckTest
Running com.puppycrawl.tools.checkstyle.checks.header.RegexpHeaderCheckTest
Tests run: 20, Failures: 0, Errors: 0, Skipped: 0, Time elapsed: 0.572 sec - in com.puppycrawl.tools.checkstyle.checks.header.RegexpHeaderCheckTest
Running com.puppycrawl.tools.checkstyle.checks.imports.AvoidStarImportCheckTest
Tests run: 6, Failures: 0, Errors: 0, Skipped: 0, Time elapsed: 0.337 sec - in com.puppycrawl.tools.checkstyle.checks.imports.AvoidStarImportCheckTest
Running com.puppycrawl.tools.checkstyle.checks.imports.RedundantImportCheckTest
Tests run: 4, Failures: 0, Errors: 0, Skipped: 0, Time elapsed: 0.186 sec - in com.puppycrawl.tools.checkstyle.checks.imports.RedundantImportCheckTest
Running com.puppycrawl.tools.checkstyle.checks.imports.PkgControlRegExpTest
Tests run: 3, Failures: 0, Errors: 0, Skipped: 0, Time elapsed: 0.04 sec - in com.puppycrawl.tools.checkstyle.checks.imports.PkgControlRegExpTest
Running com.puppycrawl.tools.checkstyle.checks.imports.ImportControlLoaderTest
Tests run: 5, Failures: 0, Errors: 0, Skipped: 0, Time elapsed: 0.131 sec - in com.puppycrawl.tools.checkstyle.checks.imports.ImportControlLoaderTest
Running com.puppycrawl.tools.checkstyle.checks.imports.ImportOrderCheckTest
Tests run: 32, Failures: 0, Errors: 0, Skipped: 0, Time elapsed: 7.559 sec - in com.puppycrawl.tools.checkstyle.checks.imports.ImportOrderCheckTest
Running com.puppycrawl.tools.checkstyle.checks.imports.AvoidStaticImportCheckTest
Tests run: 7, Failures: 0, Errors: 0, Skipped: 0, Time elapsed: 0.075 sec - in com.puppycrawl.tools.checkstyle.checks.imports.AvoidStaticImportCheckTest
Running com.puppycrawl.tools.checkstyle.checks.imports.UnusedImportsCheckTest
Tests run: 8, Failures: 0, Errors: 0, Skipped: 0, Time elapsed: 0.166 sec - in com.puppycrawl.tools.checkstyle.checks.imports.UnusedImportsCheckTest
Running com.puppycrawl.tools.checkstyle.checks.imports.PkgControlTest
Tests run: 3, Failures: 0, Errors: 0, Skipped: 0, Time elapsed: 0.015 sec - in com.puppycrawl.tools.checkstyle.checks.imports.PkgControlTest
Running com.puppycrawl.tools.checkstyle.checks.imports.ImportControlCheckTest
Tests run: 17, Failures: 0, Errors: 0, Skipped: 0, Time elapsed: 1.152 sec - in com.puppycrawl.tools.checkstyle.checks.imports.ImportControlCheckTest
Running com.puppycrawl.tools.checkstyle.checks.imports.GuardTest
Tests run: 11, Failures: 0, Errors: 0, Skipped: 0, Time elapsed: 0.011 sec - in com.puppycrawl.tools.checkstyle.checks.imports.GuardTest
Running com.puppycrawl.tools.checkstyle.checks.imports.IllegalImportCheckTest
Tests run: 4, Failures: 0, Errors: 0, Skipped: 0, Time elapsed: 0.087 sec - in com.puppycrawl.tools.checkstyle.checks.imports.IllegalImportCheckTest
Running com.puppycrawl.tools.checkstyle.checks.imports.CustomImportOrderCheckTest
Tests run: 30, Failures: 0, Errors: 0, Skipped: 0, Time elapsed: 0.426 sec - in com.puppycrawl.tools.checkstyle.checks.imports.CustomImportOrderCheckTest
Running com.puppycrawl.tools.checkstyle.checks.indentation.NewHandlerTest
Tests run: 1, Failures: 0, Errors: 0, Skipped: 0, Time elapsed: 0.063 sec - in com.puppycrawl.tools.checkstyle.checks.indentation.NewHandlerTest
Running com.puppycrawl.tools.checkstyle.checks.indentation.CommentsIndentationCheckTest
Tests run: 8, Failures: 0, Errors: 0, Skipped: 0, Time elapsed: 0.249 sec - in com.puppycrawl.tools.checkstyle.checks.indentation.CommentsIndentationCheckTest
Running com.puppycrawl.tools.checkstyle.checks.indentation.LineSetTest
Tests run: 1, Failures: 0, Errors: 0, Skipped: 0, Time elapsed: 0.002 sec - in com.puppycrawl.tools.checkstyle.checks.indentation.LineSetTest
Running com.puppycrawl.tools.checkstyle.checks.indentation.IndentationCheckTest
Tests run: 68, Failures: 0, Errors: 0, Skipped: 0, Time elapsed: 2.362 sec - in com.puppycrawl.tools.checkstyle.checks.indentation.IndentationCheckTest
Running com.puppycrawl.tools.checkstyle.checks.javadoc.JavadocTypeCheckTest
Tests run: 25, Failures: 0, Errors: 0, Skipped: 0, Time elapsed: 0.354 sec - in com.puppycrawl.tools.checkstyle.checks.javadoc.JavadocTypeCheckTest
Running com.puppycrawl.tools.checkstyle.checks.javadoc.JavadocTagInfoTest
Tests run: 15, Failures: 0, Errors: 0, Skipped: 0, Time elapsed: 0.013 sec - in com.puppycrawl.tools.checkstyle.checks.javadoc.JavadocTagInfoTest
Running com.puppycrawl.tools.checkstyle.checks.javadoc.JavadocParagraphCheckTest
Tests run: 4, Failures: 0, Errors: 0, Skipped: 0, Time elapsed: 3.45 sec - in com.puppycrawl.tools.checkstyle.checks.javadoc.JavadocParagraphCheckTest
Running com.puppycrawl.tools.checkstyle.checks.javadoc.JavadocMethodCheckTest
Tests run: 36, Failures: 0, Errors: 0, Skipped: 0, Time elapsed: 0.343 sec - in com.puppycrawl.tools.checkstyle.checks.javadoc.JavadocMethodCheckTest
Running com.puppycrawl.tools.checkstyle.checks.javadoc.JavadocTagContinuationIndentationCheckTest
Tests run: 4, Failures: 0, Errors: 0, Skipped: 0, Time elapsed: 0.164 sec - in com.puppycrawl.tools.checkstyle.checks.javadoc.JavadocTagContinuationIndentationCheckTest
Running com.puppycrawl.tools.checkstyle.checks.javadoc.NonEmptyAtclauseDescriptionCheckTest
Tests run: 3, Failures: 0, Errors: 0, Skipped: 0, Time elapsed: 0.028 sec - in com.puppycrawl.tools.checkstyle.checks.javadoc.NonEmptyAtclauseDescriptionCheckTest
Running com.puppycrawl.tools.checkstyle.checks.javadoc.AtclauseOrderCheckTest
Tests run: 5, Failures: 0, Errors: 0, Skipped: 0, Time elapsed: 0.434 sec - in com.puppycrawl.tools.checkstyle.checks.javadoc.AtclauseOrderCheckTest
Running com.puppycrawl.tools.checkstyle.checks.javadoc.WriteTagCheckTest
Tests run: 13, Failures: 0, Errors: 0, Skipped: 0, Time elapsed: 0.439 sec - in com.puppycrawl.tools.checkstyle.checks.javadoc.WriteTagCheckTest
Running com.puppycrawl.tools.checkstyle.checks.javadoc.JavadocNodeImplTest
Tests run: 2, Failures: 0, Errors: 0, Skipped: 0, Time elapsed: 0.001 sec - in com.puppycrawl.tools.checkstyle.checks.javadoc.JavadocNodeImplTest
Running com.puppycrawl.tools.checkstyle.checks.javadoc.JavadocPackageCheckTest
Tests run: 7, Failures: 0, Errors: 0, Skipped: 0, Time elapsed: 0.086 sec - in com.puppycrawl.tools.checkstyle.checks.javadoc.JavadocPackageCheckTest
Running com.puppycrawl.tools.checkstyle.checks.javadoc.JavadocTagTest
Tests run: 3, Failures: 0, Errors: 0, Skipped: 0, Time elapsed: 0.001 sec - in com.puppycrawl.tools.checkstyle.checks.javadoc.JavadocTagTest
Running com.puppycrawl.tools.checkstyle.checks.javadoc.JavadocStyleCheckTest
Tests run: 18, Failures: 0, Errors: 0, Skipped: 0, Time elapsed: 0.345 sec - in com.puppycrawl.tools.checkstyle.checks.javadoc.JavadocStyleCheckTest
Running com.puppycrawl.tools.checkstyle.checks.javadoc.AbstractTypeAwareCheckTest
Tests run: 6, Failures: 0, Errors: 0, Skipped: 0, Time elapsed: 0.024 sec - in com.puppycrawl.tools.checkstyle.checks.javadoc.AbstractTypeAwareCheckTest
Running com.puppycrawl.tools.checkstyle.checks.javadoc.JavadocVariableCheckTest
Tests run: 12, Failures: 0, Errors: 0, Skipped: 0, Time elapsed: 0.093 sec - in com.puppycrawl.tools.checkstyle.checks.javadoc.JavadocVariableCheckTest
Running com.puppycrawl.tools.checkstyle.checks.javadoc.SummaryJavadocCheckTest
Tests run: 6, Failures: 0, Errors: 0, Skipped: 0, Time elapsed: 0.103 sec - in com.puppycrawl.tools.checkstyle.checks.javadoc.SummaryJavadocCheckTest
Running com.puppycrawl.tools.checkstyle.checks.javadoc.AbstractJavadocCheckTest
Tests run: 11, Failures: 0, Errors: 0, Skipped: 0, Time elapsed: 0.371 sec - in com.puppycrawl.tools.checkstyle.checks.javadoc.AbstractJavadocCheckTest
Running com.puppycrawl.tools.checkstyle.checks.javadoc.SingleLineJavadocCheckTest
Tests run: 4, Failures: 0, Errors: 0, Skipped: 0, Time elapsed: 0.159 sec - in com.puppycrawl.tools.checkstyle.checks.javadoc.SingleLineJavadocCheckTest
Running com.puppycrawl.tools.checkstyle.checks.metrics.BooleanExpressionComplexityCheckTest
Tests run: 4, Failures: 0, Errors: 0, Skipped: 0, Time elapsed: 0.091 sec - in com.puppycrawl.tools.checkstyle.checks.metrics.BooleanExpressionComplexityCheckTest
Running com.puppycrawl.tools.checkstyle.checks.metrics.NPathComplexityCheckTest
Tests run: 6, Failures: 0, Errors: 0, Skipped: 0, Time elapsed: 0.096 sec - in com.puppycrawl.tools.checkstyle.checks.metrics.NPathComplexityCheckTest
Running com.puppycrawl.tools.checkstyle.checks.metrics.CyclomaticComplexityCheckTest
Tests run: 5, Failures: 0, Errors: 0, Skipped: 0, Time elapsed: 0.162 sec - in com.puppycrawl.tools.checkstyle.checks.metrics.CyclomaticComplexityCheckTest
Running com.puppycrawl.tools.checkstyle.checks.metrics.JavaNCSSCheckTest
Tests run: 4, Failures: 0, Errors: 0, Skipped: 0, Time elapsed: 0.108 sec - in com.puppycrawl.tools.checkstyle.checks.metrics.JavaNCSSCheckTest
Running com.puppycrawl.tools.checkstyle.checks.metrics.ClassFanOutComplexityCheckTest
Tests run: 4, Failures: 0, Errors: 0, Skipped: 0, Time elapsed: 0.05 sec - in com.puppycrawl.tools.checkstyle.checks.metrics.ClassFanOutComplexityCheckTest
Running com.puppycrawl.tools.checkstyle.checks.metrics.ClassDataAbstractionCouplingCheckTest
Tests run: 3, Failures: 0, Errors: 0, Skipped: 0, Time elapsed: 0.034 sec - in com.puppycrawl.tools.checkstyle.checks.metrics.ClassDataAbstractionCouplingCheckTest
Running com.puppycrawl.tools.checkstyle.checks.modifier.RedundantModifierCheckTest
Tests run: 12, Failures: 0, Errors: 0, Skipped: 0, Time elapsed: 0.113 sec - in com.puppycrawl.tools.checkstyle.checks.modifier.RedundantModifierCheckTest
Running com.puppycrawl.tools.checkstyle.checks.modifier.ModifierOrderCheckTest
Tests run: 7, Failures: 0, Errors: 0, Skipped: 0, Time elapsed: 0.029 sec - in com.puppycrawl.tools.checkstyle.checks.modifier.ModifierOrderCheckTest
Running com.puppycrawl.tools.checkstyle.checks.naming.AbbreviationAsWordInNameCheckTest
Tests run: 11, Failures: 0, Errors: 0, Skipped: 0, Time elapsed: 0.122 sec - in com.puppycrawl.tools.checkstyle.checks.naming.AbbreviationAsWordInNameCheckTest
Running com.puppycrawl.tools.checkstyle.checks.naming.CatchParameterNameCheckTest
Tests run: 5, Failures: 0, Errors: 0, Skipped: 0, Time elapsed: 0.038 sec - in com.puppycrawl.tools.checkstyle.checks.naming.CatchParameterNameCheckTest
Running com.puppycrawl.tools.checkstyle.checks.naming.ConstantNameCheckTest
Tests run: 9, Failures: 0, Errors: 0, Skipped: 0, Time elapsed: 0.056 sec - in com.puppycrawl.tools.checkstyle.checks.naming.ConstantNameCheckTest
Running com.puppycrawl.tools.checkstyle.checks.naming.InterfaceTypeParameterNameCheckTest
Tests run: 3, Failures: 0, Errors: 0, Skipped: 0, Time elapsed: 0.014 sec - in com.puppycrawl.tools.checkstyle.checks.naming.InterfaceTypeParameterNameCheckTest
Running com.puppycrawl.tools.checkstyle.checks.naming.LocalVariableNameCheckTest
Tests run: 3, Failures: 0, Errors: 0, Skipped: 0, Time elapsed: 0.022 sec - in com.puppycrawl.tools.checkstyle.checks.naming.LocalVariableNameCheckTest
Running com.puppycrawl.tools.checkstyle.checks.naming.TypeNameCheckTest
Tests run: 6, Failures: 0, Errors: 0, Skipped: 0, Time elapsed: 0.109 sec - in com.puppycrawl.tools.checkstyle.checks.naming.TypeNameCheckTest
Running com.puppycrawl.tools.checkstyle.checks.naming.MethodNameCheckTest
Tests run: 8, Failures: 0, Errors: 0, Skipped: 0, Time elapsed: 0.218 sec - in com.puppycrawl.tools.checkstyle.checks.naming.MethodNameCheckTest
Running com.puppycrawl.tools.checkstyle.checks.naming.LocalFinalVariableNameCheckTest
Tests run: 5, Failures: 0, Errors: 0, Skipped: 0, Time elapsed: 0.023 sec - in com.puppycrawl.tools.checkstyle.checks.naming.LocalFinalVariableNameCheckTest
Running com.puppycrawl.tools.checkstyle.checks.naming.MethodTypeParameterNameCheckTest
Tests run: 3, Failures: 0, Errors: 0, Skipped: 0, Time elapsed: 0.014 sec - in com.puppycrawl.tools.checkstyle.checks.naming.MethodTypeParameterNameCheckTest
Running com.puppycrawl.tools.checkstyle.checks.naming.AbstractClassNameCheckTest
Tests run: 7, Failures: 0, Errors: 0, Skipped: 0, Time elapsed: 0.045 sec - in com.puppycrawl.tools.checkstyle.checks.naming.AbstractClassNameCheckTest
Running com.puppycrawl.tools.checkstyle.checks.naming.PackageNameCheckTest
Tests run: 4, Failures: 0, Errors: 0, Skipped: 0, Time elapsed: 0.049 sec - in com.puppycrawl.tools.checkstyle.checks.naming.PackageNameCheckTest
Running com.puppycrawl.tools.checkstyle.checks.naming.MemberNameCheckTest
Tests run: 12, Failures: 0, Errors: 0, Skipped: 0, Time elapsed: 0.067 sec - in com.puppycrawl.tools.checkstyle.checks.naming.MemberNameCheckTest
Running com.puppycrawl.tools.checkstyle.checks.naming.ClassTypeParameterNameCheckTest
Tests run: 4, Failures: 0, Errors: 0, Skipped: 0, Time elapsed: 0.013 sec - in com.puppycrawl.tools.checkstyle.checks.naming.ClassTypeParameterNameCheckTest
Running com.puppycrawl.tools.checkstyle.checks.naming.StaticVariableNameCheckTest
Tests run: 5, Failures: 0, Errors: 0, Skipped: 0, Time elapsed: 0.027 sec - in com.puppycrawl.tools.checkstyle.checks.naming.StaticVariableNameCheckTest
Running com.puppycrawl.tools.checkstyle.checks.naming.ParameterNameCheckTest
Tests run: 8, Failures: 0, Errors: 0, Skipped: 0, Time elapsed: 0.054 sec - in com.puppycrawl.tools.checkstyle.checks.naming.ParameterNameCheckTest
Running com.puppycrawl.tools.checkstyle.checks.regexp.RegexpCheckTest
Tests run: 24, Failures: 0, Errors: 0, Skipped: 0, Time elapsed: 0.219 sec - in com.puppycrawl.tools.checkstyle.checks.regexp.RegexpCheckTest
Running com.puppycrawl.tools.checkstyle.checks.regexp.RegexpSinglelineJavaCheckTest
Tests run: 19, Failures: 0, Errors: 0, Skipped: 0, Time elapsed: 0.149 sec - in com.puppycrawl.tools.checkstyle.checks.regexp.RegexpSinglelineJavaCheckTest
Running com.puppycrawl.tools.checkstyle.checks.regexp.RegexpSinglelineCheckTest
Tests run: 6, Failures: 0, Errors: 0, Skipped: 0, Time elapsed: 0.025 sec - in com.puppycrawl.tools.checkstyle.checks.regexp.RegexpSinglelineCheckTest
Running com.puppycrawl.tools.checkstyle.checks.regexp.RegexpMultilineCheckTest
Tests run: 12, Failures: 0, Errors: 0, Skipped: 0, Time elapsed: 0.085 sec - in com.puppycrawl.tools.checkstyle.checks.regexp.RegexpMultilineCheckTest
Running com.puppycrawl.tools.checkstyle.checks.regexp.RegexpOnFilenameCheckTest
Tests run: 20, Failures: 0, Errors: 0, Skipped: 0, Time elapsed: 0.081 sec - in com.puppycrawl.tools.checkstyle.checks.regexp.RegexpOnFilenameCheckTest
Running com.puppycrawl.tools.checkstyle.checks.sizes.MethodCountCheckTest
Tests run: 6, Failures: 0, Errors: 0, Skipped: 0, Time elapsed: 0.029 sec - in com.puppycrawl.tools.checkstyle.checks.sizes.MethodCountCheckTest
Running com.puppycrawl.tools.checkstyle.checks.sizes.ParameterNumberCheckTest
Tests run: 6, Failures: 0, Errors: 0, Skipped: 0, Time elapsed: 0.029 sec - in com.puppycrawl.tools.checkstyle.checks.sizes.ParameterNumberCheckTest
Running com.puppycrawl.tools.checkstyle.checks.sizes.AnonInnerLengthCheckTest
Tests run: 4, Failures: 0, Errors: 0, Skipped: 0, Time elapsed: 0.021 sec - in com.puppycrawl.tools.checkstyle.checks.sizes.AnonInnerLengthCheckTest
Running com.puppycrawl.tools.checkstyle.checks.sizes.MethodLengthCheckTest
Tests run: 5, Failures: 0, Errors: 0, Skipped: 0, Time elapsed: 0.024 sec - in com.puppycrawl.tools.checkstyle.checks.sizes.MethodLengthCheckTest
Running com.puppycrawl.tools.checkstyle.checks.sizes.LineLengthCheckTest
Tests run: 6, Failures: 0, Errors: 0, Skipped: 0, Time elapsed: 0.025 sec - in com.puppycrawl.tools.checkstyle.checks.sizes.LineLengthCheckTest
Running com.puppycrawl.tools.checkstyle.checks.sizes.OuterTypeNumberCheckTest
Tests run: 5, Failures: 0, Errors: 0, Skipped: 0, Time elapsed: 0.02 sec - in com.puppycrawl.tools.checkstyle.checks.sizes.OuterTypeNumberCheckTest
Running com.puppycrawl.tools.checkstyle.checks.sizes.FileLengthCheckTest
Tests run: 5, Failures: 0, Errors: 0, Skipped: 0, Time elapsed: 0.015 sec - in com.puppycrawl.tools.checkstyle.checks.sizes.FileLengthCheckTest
Running com.puppycrawl.tools.checkstyle.checks.sizes.ExecutableStatementCountCheckTest
Tests run: 8, Failures: 0, Errors: 0, Skipped: 0, Time elapsed: 0.051 sec - in com.puppycrawl.tools.checkstyle.checks.sizes.ExecutableStatementCountCheckTest
Running com.puppycrawl.tools.checkstyle.checks.whitespace.NoWhitespaceAfterCheckTest
Tests run: 8, Failures: 0, Errors: 0, Skipped: 0, Time elapsed: 0.059 sec - in com.puppycrawl.tools.checkstyle.checks.whitespace.NoWhitespaceAfterCheckTest
Running com.puppycrawl.tools.checkstyle.checks.whitespace.OperatorWrapCheckTest
Tests run: 4, Failures: 0, Errors: 0, Skipped: 0, Time elapsed: 0.025 sec - in com.puppycrawl.tools.checkstyle.checks.whitespace.OperatorWrapCheckTest
Running com.puppycrawl.tools.checkstyle.checks.whitespace.MethodParamPadCheckTest
Tests run: 7, Failures: 0, Errors: 0, Skipped: 0, Time elapsed: 0.036 sec - in com.puppycrawl.tools.checkstyle.checks.whitespace.MethodParamPadCheckTest
Running com.puppycrawl.tools.checkstyle.checks.whitespace.EmptyLineSeparatorCheckTest
Tests run: 12, Failures: 0, Errors: 0, Skipped: 0, Time elapsed: 0.053 sec - in com.puppycrawl.tools.checkstyle.checks.whitespace.EmptyLineSeparatorCheckTest
Running com.puppycrawl.tools.checkstyle.checks.whitespace.SeparatorWrapCheckTest
Tests run: 4, Failures: 0, Errors: 0, Skipped: 0, Time elapsed: 0.021 sec - in com.puppycrawl.tools.checkstyle.checks.whitespace.SeparatorWrapCheckTest
Running com.puppycrawl.tools.checkstyle.checks.whitespace.FileTabCharacterCheckTest
Tests run: 3, Failures: 0, Errors: 0, Skipped: 0, Time elapsed: 0.014 sec - in com.puppycrawl.tools.checkstyle.checks.whitespace.FileTabCharacterCheckTest
Running com.puppycrawl.tools.checkstyle.checks.whitespace.NoWhitespaceBeforeCheckTest
Tests run: 3, Failures: 0, Errors: 0, Skipped: 0, Time elapsed: 0.031 sec - in com.puppycrawl.tools.checkstyle.checks.whitespace.NoWhitespaceBeforeCheckTest
Running com.puppycrawl.tools.checkstyle.checks.whitespace.WhitespaceAroundCheckTest
Tests run: 20, Failures: 0, Errors: 0, Skipped: 0, Time elapsed: 0.249 sec - in com.puppycrawl.tools.checkstyle.checks.whitespace.WhitespaceAroundCheckTest
Running com.puppycrawl.tools.checkstyle.checks.whitespace.EmptyForIteratorPadCheckTest
Tests run: 5, Failures: 0, Errors: 0, Skipped: 0, Time elapsed: 0.022 sec - in com.puppycrawl.tools.checkstyle.checks.whitespace.EmptyForIteratorPadCheckTest
Running com.puppycrawl.tools.checkstyle.checks.whitespace.ParenPadCheckTest
Tests run: 8, Failures: 0, Errors: 0, Skipped: 0, Time elapsed: 0.077 sec - in com.puppycrawl.tools.checkstyle.checks.whitespace.ParenPadCheckTest
Running com.puppycrawl.tools.checkstyle.checks.whitespace.TypecastParenPadCheckTest
Tests run: 4, Failures: 0, Errors: 0, Skipped: 0, Time elapsed: 0.028 sec - in com.puppycrawl.tools.checkstyle.checks.whitespace.TypecastParenPadCheckTest
Running com.puppycrawl.tools.checkstyle.checks.whitespace.WhitespaceAfterCheckTest
Tests run: 7, Failures: 0, Errors: 0, Skipped: 0, Time elapsed: 0.046 sec - in com.puppycrawl.tools.checkstyle.checks.whitespace.WhitespaceAfterCheckTest
Running com.puppycrawl.tools.checkstyle.checks.whitespace.NoLineWrapCheckTest
Tests run: 3, Failures: 0, Errors: 0, Skipped: 0, Time elapsed: 0.019 sec - in com.puppycrawl.tools.checkstyle.checks.whitespace.NoLineWrapCheckTest
Running com.puppycrawl.tools.checkstyle.checks.whitespace.EmptyForInitializerPadCheckTest
Tests run: 7, Failures: 0, Errors: 0, Skipped: 0, Time elapsed: 0.029 sec - in com.puppycrawl.tools.checkstyle.checks.whitespace.EmptyForInitializerPadCheckTest
Running com.puppycrawl.tools.checkstyle.checks.whitespace.GenericWhitespaceCheckTest
Tests run: 9, Failures: 0, Errors: 0, Skipped: 0, Time elapsed: 0.035 sec - in com.puppycrawl.tools.checkstyle.checks.whitespace.GenericWhitespaceCheckTest
Running com.puppycrawl.tools.checkstyle.checks.TodoCommentCheckTest
Tests run: 3, Failures: 0, Errors: 0, Skipped: 0, Time elapsed: 0.011 sec - in com.puppycrawl.tools.checkstyle.checks.TodoCommentCheckTest
Running com.puppycrawl.tools.checkstyle.checks.FinalParametersCheckTest
Tests run: 6, Failures: 0, Errors: 0, Skipped: 0, Time elapsed: 0.044 sec - in com.puppycrawl.tools.checkstyle.checks.FinalParametersCheckTest
Running com.puppycrawl.tools.checkstyle.checks.ArrayTypeStyleCheckTest
Tests run: 4, Failures: 0, Errors: 0, Skipped: 0, Time elapsed: 0.021 sec - in com.puppycrawl.tools.checkstyle.checks.ArrayTypeStyleCheckTest
Running com.puppycrawl.tools.checkstyle.checks.UpperEllCheckTest
Tests run: 3, Failures: 0, Errors: 0, Skipped: 0, Time elapsed: 0.01 sec - in com.puppycrawl.tools.checkstyle.checks.UpperEllCheckTest
Running com.puppycrawl.tools.checkstyle.checks.ClassResolverTest
Tests run: 6, Failures: 0, Errors: 0, Skipped: 0, Time elapsed: 0.865 sec - in com.puppycrawl.tools.checkstyle.checks.ClassResolverTest
Running com.puppycrawl.tools.checkstyle.checks.AvoidEscapedUnicodeCharactersCheckTest
Tests run: 7, Failures: 0, Errors: 0, Skipped: 0, Time elapsed: 0.057 sec - in com.puppycrawl.tools.checkstyle.checks.AvoidEscapedUnicodeCharactersCheckTest
Running com.puppycrawl.tools.checkstyle.checks.SuppressWarningsHolderTest
Tests run: 16, Failures: 0, Errors: 0, Skipped: 0, Time elapsed: 2.437 sec - in com.puppycrawl.tools.checkstyle.checks.SuppressWarningsHolderTest
Running com.puppycrawl.tools.checkstyle.checks.UncommentedMainCheckTest
Tests run: 7, Failures: 0, Errors: 0, Skipped: 0, Time elapsed: 0.036 sec - in com.puppycrawl.tools.checkstyle.checks.UncommentedMainCheckTest
Running com.puppycrawl.tools.checkstyle.checks.UniquePropertiesCheckTest
Tests run: 5, Failures: 0, Errors: 0, Skipped: 0, Time elapsed: 0.019 sec - in com.puppycrawl.tools.checkstyle.checks.UniquePropertiesCheckTest
Running com.puppycrawl.tools.checkstyle.checks.DescendantTokenCheckTest
Tests run: 18, Failures: 0, Errors: 0, Skipped: 0, Time elapsed: 0.269 sec - in com.puppycrawl.tools.checkstyle.checks.DescendantTokenCheckTest
Running com.puppycrawl.tools.checkstyle.checks.TranslationCheckTest
Tests run: 17, Failures: 0, Errors: 0, Skipped: 0, Time elapsed: 0.259 sec - in com.puppycrawl.tools.checkstyle.checks.TranslationCheckTest
Running com.puppycrawl.tools.checkstyle.checks.FileSetCheckLifecycleTest
Tests run: 3, Failures: 0, Errors: 0, Skipped: 0, Time elapsed: 0.017 sec - in com.puppycrawl.tools.checkstyle.checks.FileSetCheckLifecycleTest
Running com.puppycrawl.tools.checkstyle.checks.OuterTypeFilenameCheckTest
Tests run: 9, Failures: 0, Errors: 0, Skipped: 0, Time elapsed: 0.268 sec - in com.puppycrawl.tools.checkstyle.checks.OuterTypeFilenameCheckTest
Running com.puppycrawl.tools.checkstyle.checks.TrailingCommentCheckTest
Tests run: 5, Failures: 0, Errors: 0, Skipped: 0, Time elapsed: 0.037 sec - in com.puppycrawl.tools.checkstyle.checks.TrailingCommentCheckTest
Running com.puppycrawl.tools.checkstyle.checks.NewlineAtEndOfFileCheckTest
Tests run: 10, Failures: 0, Errors: 0, Skipped: 0, Time elapsed: 0.067 sec - in com.puppycrawl.tools.checkstyle.checks.NewlineAtEndOfFileCheckTest
Running com.puppycrawl.tools.checkstyle.doclets.TokenTypesDocletTest
Tests run: 6, Failures: 0, Errors: 0, Skipped: 0, Time elapsed: 0.942 sec - in com.puppycrawl.tools.checkstyle.doclets.TokenTypesDocletTest
Running com.puppycrawl.tools.checkstyle.filters.FilterSetTest
Tests run: 7, Failures: 0, Errors: 0, Skipped: 0, Time elapsed: 0.099 sec - in com.puppycrawl.tools.checkstyle.filters.FilterSetTest
Running com.puppycrawl.tools.checkstyle.filters.SeverityMatchFilterTest
Tests run: 3, Failures: 0, Errors: 0, Skipped: 0, Time elapsed: 0.018 sec - in com.puppycrawl.tools.checkstyle.filters.SeverityMatchFilterTest
Running com.puppycrawl.tools.checkstyle.filters.SuppressElementTest
Tests run: 15, Failures: 0, Errors: 0, Skipped: 0, Time elapsed: 0.54 sec - in com.puppycrawl.tools.checkstyle.filters.SuppressElementTest
Running com.puppycrawl.tools.checkstyle.filters.SuppressionsLoaderTest
Tests run: 14, Failures: 0, Errors: 0, Skipped: 0, Time elapsed: 1.34 sec - in com.puppycrawl.tools.checkstyle.filters.SuppressionsLoaderTest
Running com.puppycrawl.tools.checkstyle.filters.SuppressionFilterTest
Tests run: 9, Failures: 0, Errors: 0, Skipped: 0, Time elapsed: 4.474 sec - in com.puppycrawl.tools.checkstyle.filters.SuppressionFilterTest
Running com.puppycrawl.tools.checkstyle.filters.IntRangeFilterTest
Tests run: 4, Failures: 0, Errors: 0, Skipped: 0, Time elapsed: 0.228 sec - in com.puppycrawl.tools.checkstyle.filters.IntRangeFilterTest
Running com.puppycrawl.tools.checkstyle.filters.IntMatchFilterTest
Tests run: 3, Failures: 0, Errors: 0, Skipped: 0, Time elapsed: 0.092 sec - in com.puppycrawl.tools.checkstyle.filters.IntMatchFilterTest
Running com.puppycrawl.tools.checkstyle.filters.SuppressionCommentFilterTest
Tests run: 16, Failures: 0, Errors: 0, Skipped: 0, Time elapsed: 0.7 sec - in com.puppycrawl.tools.checkstyle.filters.SuppressionCommentFilterTest
Running com.puppycrawl.tools.checkstyle.filters.CsvFilterTest
Tests run: 6, Failures: 0, Errors: 0, Skipped: 0, Time elapsed: 0.052 sec - in com.puppycrawl.tools.checkstyle.filters.CsvFilterTest
Running com.puppycrawl.tools.checkstyle.filters.SuppressWithNearbyCommentFilterTest
Tests run: 16, Failures: 0, Errors: 0, Skipped: 0, Time elapsed: 0.444 sec - in com.puppycrawl.tools.checkstyle.filters.SuppressWithNearbyCommentFilterTest
Running com.puppycrawl.tools.checkstyle.filters.SuppressWarningsFilterTest
Tests run: 3, Failures: 0, Errors: 0, Skipped: 0, Time elapsed: 0.146 sec - in com.puppycrawl.tools.checkstyle.filters.SuppressWarningsFilterTest
Running com.puppycrawl.tools.checkstyle.grammars.comments.AllBlockCommentsTest
Tests run: 2, Failures: 0, Errors: 0, Skipped: 0, Time elapsed: 0.022 sec - in com.puppycrawl.tools.checkstyle.grammars.comments.AllBlockCommentsTest
Running com.puppycrawl.tools.checkstyle.grammars.comments.AllSinglelineCommentsTest
Tests run: 2, Failures: 0, Errors: 0, Skipped: 0, Time elapsed: 0.012 sec - in com.puppycrawl.tools.checkstyle.grammars.comments.AllSinglelineCommentsTest
Running com.puppycrawl.tools.checkstyle.grammars.comments.CommentsTest
Tests run: 3, Failures: 0, Errors: 0, Skipped: 0, Time elapsed: 0.003 sec - in com.puppycrawl.tools.checkstyle.grammars.comments.CommentsTest
Running com.puppycrawl.tools.checkstyle.grammars.java8.DefaultMethodsTest
Tests run: 2, Failures: 0, Errors: 0, Skipped: 0, Time elapsed: 0.01 sec - in com.puppycrawl.tools.checkstyle.grammars.java8.DefaultMethodsTest
Running com.puppycrawl.tools.checkstyle.grammars.java8.LambdaTest
Tests run: 18, Failures: 0, Errors: 0, Skipped: 0, Time elapsed: 0.118 sec - in com.puppycrawl.tools.checkstyle.grammars.java8.LambdaTest
Running com.puppycrawl.tools.checkstyle.grammars.java8.AnnotationTest
Tests run: 10, Failures: 0, Errors: 0, Skipped: 0, Time elapsed: 0.065 sec - in com.puppycrawl.tools.checkstyle.grammars.java8.AnnotationTest
Running com.puppycrawl.tools.checkstyle.grammars.java8.TypeUseAnnotationsOnQualifiedTypesTest
Tests run: 1, Failures: 0, Errors: 0, Skipped: 0, Time elapsed: 0.006 sec - in com.puppycrawl.tools.checkstyle.grammars.java8.TypeUseAnnotationsOnQualifiedTypesTest
Running com.puppycrawl.tools.checkstyle.grammars.java8.AnnotationsOnArrayTest
Tests run: 1, Failures: 0, Errors: 0, Skipped: 0, Time elapsed: 0.02 sec - in com.puppycrawl.tools.checkstyle.grammars.java8.AnnotationsOnArrayTest
Running com.puppycrawl.tools.checkstyle.grammars.java8.MethodReferencesTest
Tests run: 7, Failures: 0, Errors: 0, Skipped: 0, Time elapsed: 0.034 sec - in com.puppycrawl.tools.checkstyle.grammars.java8.MethodReferencesTest
Running com.puppycrawl.tools.checkstyle.grammars.javadoc.JavadocParseTreeTest
Tests run: 23, Failures: 0, Errors: 0, Skipped: 0, Time elapsed: 0.522 sec - in com.puppycrawl.tools.checkstyle.grammars.javadoc.JavadocParseTreeTest
Running com.puppycrawl.tools.checkstyle.grammars.AstRegressionTest
Tests run: 15, Failures: 0, Errors: 0, Skipped: 0, Time elapsed: 0.275 sec - in com.puppycrawl.tools.checkstyle.grammars.AstRegressionTest
Running com.puppycrawl.tools.checkstyle.grammars.UnicodeEscapeTest
Tests run: 1, Failures: 0, Errors: 0, Skipped: 0, Time elapsed: 0 sec - in com.puppycrawl.tools.checkstyle.grammars.UnicodeEscapeTest
Running com.puppycrawl.tools.checkstyle.grammars.Java7DiamondTest
Tests run: 1, Failures: 0, Errors: 0, Skipped: 0, Time elapsed: 0.028 sec - in com.puppycrawl.tools.checkstyle.grammars.Java7DiamondTest
Running com.puppycrawl.tools.checkstyle.grammars.LineCommentAtTheEndOfFileTest
Tests run: 1, Failures: 0, Errors: 0, Skipped: 0, Time elapsed: 0.02 sec - in com.puppycrawl.tools.checkstyle.grammars.LineCommentAtTheEndOfFileTest
Running com.puppycrawl.tools.checkstyle.grammars.Java7MultiCatchTest
Tests run: 1, Failures: 0, Errors: 0, Skipped: 0, Time elapsed: 0.017 sec - in com.puppycrawl.tools.checkstyle.grammars.Java7MultiCatchTest
Running com.puppycrawl.tools.checkstyle.grammars.HexFloatsTest
Tests run: 1, Failures: 0, Errors: 0, Skipped: 0, Time elapsed: 0.006 sec - in com.puppycrawl.tools.checkstyle.grammars.HexFloatsTest
Running com.puppycrawl.tools.checkstyle.grammars.Java9TryWithResourcesTest
Tests run: 1, Failures: 0, Errors: 0, Skipped: 0, Time elapsed: 0.006 sec - in com.puppycrawl.tools.checkstyle.grammars.Java9TryWithResourcesTest
Running com.puppycrawl.tools.checkstyle.grammars.MultiDimensionalArraysInGenericsTest
Tests run: 1, Failures: 0, Errors: 0, Skipped: 0, Time elapsed: 0.018 sec - in com.puppycrawl.tools.checkstyle.grammars.MultiDimensionalArraysInGenericsTest
Running com.puppycrawl.tools.checkstyle.grammars.EmbeddedNullCharTest
Tests run: 1, Failures: 0, Errors: 0, Skipped: 0, Time elapsed: 0.021 sec - in com.puppycrawl.tools.checkstyle.grammars.EmbeddedNullCharTest
Running com.puppycrawl.tools.checkstyle.grammars.GeneratedJavaTokenTypesTest
Tests run: 1, Failures: 0, Errors: 0, Skipped: 0, Time elapsed: 0.001 sec - in com.puppycrawl.tools.checkstyle.grammars.GeneratedJavaTokenTypesTest
Running com.puppycrawl.tools.checkstyle.grammars.Java7NumericalLiteralsTest
Tests run: 1, Failures: 0, Errors: 0, Skipped: 0, Time elapsed: 0.077 sec - in com.puppycrawl.tools.checkstyle.grammars.Java7NumericalLiteralsTest
Running com.puppycrawl.tools.checkstyle.grammars.GeneratedJava14LexerTest
Tests run: 2, Failures: 0, Errors: 0, Skipped: 0, Time elapsed: 0.074 sec - in com.puppycrawl.tools.checkstyle.grammars.GeneratedJava14LexerTest
Running com.puppycrawl.tools.checkstyle.grammars.Java7TryWithResourcesTest
Tests run: 1, Failures: 0, Errors: 0, Skipped: 0, Time elapsed: 0.039 sec - in com.puppycrawl.tools.checkstyle.grammars.Java7TryWithResourcesTest
Running com.puppycrawl.tools.checkstyle.grammars.Java7StringSwitchTest
Tests run: 1, Failures: 0, Errors: 0, Skipped: 0, Time elapsed: 0.035 sec - in com.puppycrawl.tools.checkstyle.grammars.Java7StringSwitchTest
Running com.puppycrawl.tools.checkstyle.grammars.VarargTest
Tests run: 1, Failures: 0, Errors: 0, Skipped: 0, Time elapsed: 0.023 sec - in com.puppycrawl.tools.checkstyle.grammars.VarargTest
Running com.puppycrawl.tools.checkstyle.internal.AllChecksTest
Tests run: 9, Failures: 0, Errors: 0, Skipped: 0, Time elapsed: 7.341 sec - in com.puppycrawl.tools.checkstyle.internal.AllChecksTest
Running com.puppycrawl.tools.checkstyle.internal.CommitValidationTest
Tests run: 2, Failures: 0, Errors: 0, Skipped: 0, Time elapsed: 0.296 sec - in com.puppycrawl.tools.checkstyle.internal.CommitValidationTest
Running com.puppycrawl.tools.checkstyle.internal.XDocsPagesTest
Tests run: 4, Failures: 0, Errors: 0, Skipped: 0, Time elapsed: 8.748 sec - in com.puppycrawl.tools.checkstyle.internal.XDocsPagesTest
Running com.puppycrawl.tools.checkstyle.PropertiesExpanderTest
Tests run: 2, Failures: 0, Errors: 0, Skipped: 0, Time elapsed: 0.002 sec - in com.puppycrawl.tools.checkstyle.PropertiesExpanderTest
Running com.puppycrawl.tools.checkstyle.MainTest
Tests run: 38, Failures: 0, Errors: 0, Skipped: 0, Time elapsed: 0.729 sec - in com.puppycrawl.tools.checkstyle.MainTest
Running com.puppycrawl.tools.checkstyle.PackageNamesLoaderTest
Tests run: 5, Failures: 0, Errors: 0, Skipped: 0, Time elapsed: 0.082 sec - in com.puppycrawl.tools.checkstyle.PackageNamesLoaderTest
Running com.puppycrawl.tools.checkstyle.ConfigurationLoaderTest
Tests run: 24, Failures: 0, Errors: 0, Skipped: 0, Time elapsed: 0.054 sec - in com.puppycrawl.tools.checkstyle.ConfigurationLoaderTest
Running com.puppycrawl.tools.checkstyle.utils.JavadocUtilsTest
Tests run: 16, Failures: 0, Errors: 0, Skipped: 0, Time elapsed: 0.015 sec - in com.puppycrawl.tools.checkstyle.utils.JavadocUtilsTest
Running com.puppycrawl.tools.checkstyle.utils.AnnotationUtilityTest
Tests run: 10, Failures: 0, Errors: 0, Skipped: 0, Time elapsed: 0.003 sec - in com.puppycrawl.tools.checkstyle.utils.AnnotationUtilityTest
Running com.puppycrawl.tools.checkstyle.utils.CommonUtilsTest
Tests run: 18, Failures: 0, Errors: 0, Skipped: 0, Time elapsed: 3.012 sec - in com.puppycrawl.tools.checkstyle.utils.CommonUtilsTest
Running com.puppycrawl.tools.checkstyle.utils.ScopeUtilsTest
Tests run: 12, Failures: 0, Errors: 0, Skipped: 0, Time elapsed: 0.006 sec - in com.puppycrawl.tools.checkstyle.utils.ScopeUtilsTest
Running com.puppycrawl.tools.checkstyle.utils.CheckUtilsTest
Tests run: 4, Failures: 0, Errors: 0, Skipped: 0, Time elapsed: 0.001 sec - in com.puppycrawl.tools.checkstyle.utils.CheckUtilsTest
Running com.puppycrawl.tools.checkstyle.utils.TokenUtilsTest
Tests run: 8, Failures: 0, Errors: 0, Skipped: 0, Time elapsed: 0.002 sec - in com.puppycrawl.tools.checkstyle.utils.TokenUtilsTest
Running com.puppycrawl.tools.checkstyle.XMLLoggerTest
Tests run: 10, Failures: 0, Errors: 0, Skipped: 0, Time elapsed: 0.028 sec - in com.puppycrawl.tools.checkstyle.XMLLoggerTest
Running com.puppycrawl.tools.checkstyle.CheckerTest
Tests run: 21, Failures: 0, Errors: 0, Skipped: 1, Time elapsed: 0.255 sec - in com.puppycrawl.tools.checkstyle.CheckerTest
Running com.puppycrawl.tools.checkstyle.DefaultLoggerTest
Tests run: 2, Failures: 0, Errors: 0, Skipped: 0, Time elapsed: 0.013 sec - in com.puppycrawl.tools.checkstyle.DefaultLoggerTest
Running com.puppycrawl.tools.checkstyle.PackageObjectFactoryTest
Tests run: 3, Failures: 0, Errors: 0, Skipped: 0, Time elapsed: 0.001 sec - in com.puppycrawl.tools.checkstyle.PackageObjectFactoryTest
Running com.puppycrawl.tools.checkstyle.PropertyCacheFileTest
Tests run: 8, Failures: 0, Errors: 0, Skipped: 0, Time elapsed: 1.259 sec - in com.puppycrawl.tools.checkstyle.PropertyCacheFileTest
Running com.puppycrawl.tools.checkstyle.DefinitionsTest
Tests run: 1, Failures: 0, Errors: 0, Skipped: 0, Time elapsed: 0 sec - in com.puppycrawl.tools.checkstyle.DefinitionsTest
Running com.puppycrawl.tools.checkstyle.DefaultConfigurationTest
Tests run: 1, Failures: 0, Errors: 0, Skipped: 0, Time elapsed: 0 sec - in com.puppycrawl.tools.checkstyle.DefaultConfigurationTest
Running com.puppycrawl.tools.checkstyle.TreeWalkerTest
Tests run: 13, Failures: 0, Errors: 0, Skipped: 0, Time elapsed: 0.217 sec - in com.puppycrawl.tools.checkstyle.TreeWalkerTest
Running com.puppycrawl.tools.checkstyle.AstTreeStringPrinterTest
Tests run: 5, Failures: 0, Errors: 0, Skipped: 0, Time elapsed: 0.016 sec - in com.puppycrawl.tools.checkstyle.AstTreeStringPrinterTest
Running com.puppycrawl.tools.checkstyle.DetailNodeTreeStringPrinterTest
Tests run: 2, Failures: 0, Errors: 0, Skipped: 0, Time elapsed: 0.003 sec - in com.puppycrawl.tools.checkstyle.DetailNodeTreeStringPrinterTest
Running com.puppycrawl.tools.checkstyle.AuditEventDefaultFormatterTest
Tests run: 4, Failures: 0, Errors: 0, Skipped: 0, Time elapsed: 0.808 sec - in com.puppycrawl.tools.checkstyle.AuditEventDefaultFormatterTest

Results :

Tests run: 1809, Failures: 0, Errors: 0, Skipped: 1

[INFO] 
[INFO] --- xml-maven-plugin:1.0.1:validate (default) @ checkstyle ---
[INFO] 
[INFO] --- maven-jar-plugin:2.6:jar (default-jar) @ checkstyle ---
[INFO] Building jar: /home/travis/build/checkstyle/checkstyle/target/checkstyle-6.19-SNAPSHOT.jar
[INFO] 
[INFO] --- maven-jar-plugin:2.6:test-jar (default) @ checkstyle ---
[INFO] Building jar: /home/travis/build/checkstyle/checkstyle/target/checkstyle-6.19-SNAPSHOT-tests.jar
[INFO] 
[INFO] --- maven-failsafe-plugin:2.19.1:integration-test (integration-test) @ checkstyle ---

-------------------------------------------------------
 T E S T S
-------------------------------------------------------
Running com.google.checkstyle.test.chapter4formatting.rule451wheretobreak.OperatorWrapTest
Tests run: 2, Failures: 0, Errors: 0, Skipped: 0, Time elapsed: 1.178 sec - in com.google.checkstyle.test.chapter4formatting.rule451wheretobreak.OperatorWrapTest
Running com.google.checkstyle.test.chapter4formatting.rule451wheretobreak.SeparatorWrapTest
Tests run: 1, Failures: 0, Errors: 0, Skipped: 0, Time elapsed: 0.117 sec - in com.google.checkstyle.test.chapter4formatting.rule451wheretobreak.SeparatorWrapTest
Running com.google.checkstyle.test.chapter4formatting.rule451wheretobreak.MethodParamPadTest
Tests run: 1, Failures: 0, Errors: 0, Skipped: 0, Time elapsed: 0.175 sec - in com.google.checkstyle.test.chapter4formatting.rule451wheretobreak.MethodParamPadTest
Running com.google.checkstyle.test.chapter4formatting.rule4861blockcommentstyle.CommentsIndentationTest
Tests run: 4, Failures: 0, Errors: 0, Skipped: 0, Time elapsed: 0.619 sec - in com.google.checkstyle.test.chapter4formatting.rule4861blockcommentstyle.CommentsIndentationTest
Running com.google.checkstyle.test.chapter4formatting.rule4842fallthrough.FallThroughTest
Tests run: 1, Failures: 0, Errors: 0, Skipped: 0, Time elapsed: 0.263 sec - in com.google.checkstyle.test.chapter4formatting.rule4842fallthrough.FallThroughTest
Running com.google.checkstyle.test.chapter4formatting.rule4841indentation.IndentationTest
Tests run: 7, Failures: 0, Errors: 0, Skipped: 0, Time elapsed: 1.54 sec - in com.google.checkstyle.test.chapter4formatting.rule4841indentation.IndentationTest
Running com.google.checkstyle.test.chapter4formatting.rule412nonemptyblocks.RightCurlyTest
Tests run: 2, Failures: 0, Errors: 0, Skipped: 0, Time elapsed: 0.109 sec - in com.google.checkstyle.test.chapter4formatting.rule412nonemptyblocks.RightCurlyTest
Running com.google.checkstyle.test.chapter4formatting.rule412nonemptyblocks.LeftCurlyTest
Tests run: 3, Failures: 0, Errors: 0, Skipped: 0, Time elapsed: 0.264 sec - in com.google.checkstyle.test.chapter4formatting.rule412nonemptyblocks.LeftCurlyTest
Running com.google.checkstyle.test.chapter4formatting.rule413emptyblocks.EmptyBlockTest
Tests run: 2, Failures: 0, Errors: 0, Skipped: 0, Time elapsed: 0.083 sec - in com.google.checkstyle.test.chapter4formatting.rule413emptyblocks.EmptyBlockTest
Running com.google.checkstyle.test.chapter4formatting.rule413emptyblocks.EmptyCatchBlockTest
Tests run: 4, Failures: 0, Errors: 0, Skipped: 0, Time elapsed: 0.123 sec - in com.google.checkstyle.test.chapter4formatting.rule413emptyblocks.EmptyCatchBlockTest
Running com.google.checkstyle.test.chapter4formatting.rule4843defaultcasepresent.MissingSwitchDefaultTest
Tests run: 1, Failures: 0, Errors: 0, Skipped: 0, Time elapsed: 0.054 sec - in com.google.checkstyle.test.chapter4formatting.rule4843defaultcasepresent.MissingSwitchDefaultTest
Running com.google.checkstyle.test.chapter4formatting.rule4822variabledistance.VariableDeclarationUsageDistanceTest
Tests run: 1, Failures: 0, Errors: 0, Skipped: 0, Time elapsed: 0.155 sec - in com.google.checkstyle.test.chapter4formatting.rule4822variabledistance.VariableDeclarationUsageDistanceTest
Running com.google.checkstyle.test.chapter4formatting.rule462horizontalwhitespace.WhitespaceAroundTest
Tests run: 2, Failures: 0, Errors: 0, Skipped: 0, Time elapsed: 0.134 sec - in com.google.checkstyle.test.chapter4formatting.rule462horizontalwhitespace.WhitespaceAroundTest
Running com.google.checkstyle.test.chapter4formatting.rule462horizontalwhitespace.GenericWhitespaceTest
Tests run: 3, Failures: 0, Errors: 0, Skipped: 0, Time elapsed: 0.069 sec - in com.google.checkstyle.test.chapter4formatting.rule462horizontalwhitespace.GenericWhitespaceTest
Running com.google.checkstyle.test.chapter4formatting.rule488numericliterals.UpperEllTest
Tests run: 1, Failures: 0, Errors: 0, Skipped: 0, Time elapsed: 0.076 sec - in com.google.checkstyle.test.chapter4formatting.rule488numericliterals.UpperEllTest
Running com.google.checkstyle.test.chapter4formatting.rule487modifiers.ModifierOrderTest
Tests run: 1, Failures: 0, Errors: 0, Skipped: 0, Time elapsed: 0.066 sec - in com.google.checkstyle.test.chapter4formatting.rule487modifiers.ModifierOrderTest
Running com.google.checkstyle.test.chapter4formatting.rule485annotations.AnnotationLocationTest
Tests run: 1, Failures: 0, Errors: 0, Skipped: 0, Time elapsed: 0.085 sec - in com.google.checkstyle.test.chapter4formatting.rule485annotations.AnnotationLocationTest
Running com.google.checkstyle.test.chapter4formatting.rule411bracesareused.NeedBracesTest
Tests run: 1, Failures: 0, Errors: 0, Skipped: 0, Time elapsed: 0.182 sec - in com.google.checkstyle.test.chapter4formatting.rule411bracesareused.NeedBracesTest
Running com.google.checkstyle.test.chapter4formatting.rule43onestatement.OneStatementPerLineTest
Tests run: 2, Failures: 0, Errors: 0, Skipped: 0, Time elapsed: 0.364 sec - in com.google.checkstyle.test.chapter4formatting.rule43onestatement.OneStatementPerLineTest
Running com.google.checkstyle.test.chapter4formatting.rule44columnlimit.LineLengthTest
Tests run: 1, Failures: 0, Errors: 0, Skipped: 0, Time elapsed: 0.257 sec - in com.google.checkstyle.test.chapter4formatting.rule44columnlimit.LineLengthTest
Running com.google.checkstyle.test.chapter4formatting.rule4832nocstylearray.ArrayTypeStyleTest
Tests run: 1, Failures: 0, Errors: 0, Skipped: 0, Time elapsed: 0.107 sec - in com.google.checkstyle.test.chapter4formatting.rule4832nocstylearray.ArrayTypeStyleTest
Running com.google.checkstyle.test.chapter4formatting.rule461verticalwhitespace.EmptyLineSeparatorTest
Tests run: 1, Failures: 0, Errors: 0, Skipped: 0, Time elapsed: 0.139 sec - in com.google.checkstyle.test.chapter4formatting.rule461verticalwhitespace.EmptyLineSeparatorTest
Running com.google.checkstyle.test.chapter4formatting.rule4821onevariableperline.MultipleVariableDeclarationsTest
Tests run: 1, Failures: 0, Errors: 0, Skipped: 0, Time elapsed: 0.139 sec - in com.google.checkstyle.test.chapter4formatting.rule4821onevariableperline.MultipleVariableDeclarationsTest
Running com.google.checkstyle.test.chapter5naming.rule528typevariablenames.InterfaceTypeParameterNameTest
Tests run: 1, Failures: 0, Errors: 0, Skipped: 0, Time elapsed: 0.149 sec - in com.google.checkstyle.test.chapter5naming.rule528typevariablenames.InterfaceTypeParameterNameTest
Running com.google.checkstyle.test.chapter5naming.rule528typevariablenames.ClassTypeParameterNameTest
Tests run: 1, Failures: 0, Errors: 0, Skipped: 0, Time elapsed: 0.123 sec - in com.google.checkstyle.test.chapter5naming.rule528typevariablenames.ClassTypeParameterNameTest
Running com.google.checkstyle.test.chapter5naming.rule528typevariablenames.MethodTypeParameterNameTest
Tests run: 1, Failures: 0, Errors: 0, Skipped: 0, Time elapsed: 0.179 sec - in com.google.checkstyle.test.chapter5naming.rule528typevariablenames.MethodTypeParameterNameTest
Running com.google.checkstyle.test.chapter5naming.rule53camelcase.AbbreviationAsWordInNameTest
Tests run: 1, Failures: 0, Errors: 0, Skipped: 0, Time elapsed: 0.109 sec - in com.google.checkstyle.test.chapter5naming.rule53camelcase.AbbreviationAsWordInNameTest
Running com.google.checkstyle.test.chapter5naming.rule521packagenames.PackageNameTest
Tests run: 4, Failures: 0, Errors: 0, Skipped: 0, Time elapsed: 0.37 sec - in com.google.checkstyle.test.chapter5naming.rule521packagenames.PackageNameTest
Running com.google.checkstyle.test.chapter5naming.rule525nonconstantfieldnames.MemberNameTest
Tests run: 2, Failures: 0, Errors: 0, Skipped: 0, Time elapsed: 0.144 sec - in com.google.checkstyle.test.chapter5naming.rule525nonconstantfieldnames.MemberNameTest
Running com.google.checkstyle.test.chapter5naming.rule523methodnames.MethodNameTest
Tests run: 1, Failures: 0, Errors: 0, Skipped: 0, Time elapsed: 0.081 sec - in com.google.checkstyle.test.chapter5naming.rule523methodnames.MethodNameTest
Running com.google.checkstyle.test.chapter5naming.rule51identifiernames.CatchParameterNameTest
Tests run: 1, Failures: 0, Errors: 0, Skipped: 0, Time elapsed: 0.086 sec - in com.google.checkstyle.test.chapter5naming.rule51identifiernames.CatchParameterNameTest
Running com.google.checkstyle.test.chapter5naming.rule527localvariablenames.LocalVariableNameTest
Tests run: 2, Failures: 0, Errors: 0, Skipped: 0, Time elapsed: 0.091 sec - in com.google.checkstyle.test.chapter5naming.rule527localvariablenames.LocalVariableNameTest
Running com.google.checkstyle.test.chapter5naming.rule522typenames.TypeNameTest
Tests run: 1, Failures: 0, Errors: 0, Skipped: 0, Time elapsed: 0.049 sec - in com.google.checkstyle.test.chapter5naming.rule522typenames.TypeNameTest
Running com.google.checkstyle.test.chapter5naming.rule526parameternames.ParameterNameTest
Tests run: 1, Failures: 0, Errors: 0, Skipped: 0, Time elapsed: 0.05 sec - in com.google.checkstyle.test.chapter5naming.rule526parameternames.ParameterNameTest
Running com.google.checkstyle.test.chapter7javadoc.rule711generalform.SingleLineJavadocTest
Tests run: 2, Failures: 0, Errors: 0, Skipped: 0, Time elapsed: 1.127 sec - in com.google.checkstyle.test.chapter7javadoc.rule711generalform.SingleLineJavadocTest
Running com.google.checkstyle.test.chapter7javadoc.rule713atclauses.JavadocTagContinuationIndentationTest
Tests run: 1, Failures: 0, Errors: 0, Skipped: 0, Time elapsed: 0.924 sec - in com.google.checkstyle.test.chapter7javadoc.rule713atclauses.JavadocTagContinuationIndentationTest
Running com.google.checkstyle.test.chapter7javadoc.rule713atclauses.NonEmptyAtclauseDescriptionTest
Tests run: 2, Failures: 0, Errors: 0, Skipped: 0, Time elapsed: 0.481 sec - in com.google.checkstyle.test.chapter7javadoc.rule713atclauses.NonEmptyAtclauseDescriptionTest
Running com.google.checkstyle.test.chapter7javadoc.rule713atclauses.AtclauseOrderTest
Tests run: 2, Failures: 0, Errors: 0, Skipped: 0, Time elapsed: 1.167 sec - in com.google.checkstyle.test.chapter7javadoc.rule713atclauses.AtclauseOrderTest
Running com.google.checkstyle.test.chapter7javadoc.rule72thesummaryfragment.SummaryJavadocTest
Tests run: 2, Failures: 0, Errors: 0, Skipped: 0, Time elapsed: 0.339 sec - in com.google.checkstyle.test.chapter7javadoc.rule72thesummaryfragment.SummaryJavadocTest
Running com.google.checkstyle.test.chapter7javadoc.rule712paragraphs.JavadocParagraphTest
Tests run: 2, Failures: 0, Errors: 0, Skipped: 0, Time elapsed: 1.738 sec - in com.google.checkstyle.test.chapter7javadoc.rule712paragraphs.JavadocParagraphTest
Running com.google.checkstyle.test.chapter7javadoc.rule731selfexplanatory.JavadocMethodTest
Tests run: 1, Failures: 0, Errors: 0, Skipped: 0, Time elapsed: 0.047 sec - in com.google.checkstyle.test.chapter7javadoc.rule731selfexplanatory.JavadocMethodTest
Running com.google.checkstyle.test.chapter2filebasic.rule21filename.OuterTypeFilenameTest
Tests run: 3, Failures: 0, Errors: 0, Skipped: 0, Time elapsed: 0.068 sec - in com.google.checkstyle.test.chapter2filebasic.rule21filename.OuterTypeFilenameTest
Running com.google.checkstyle.test.chapter2filebasic.rule233nonascii.AvoidEscapedUnicodeCharactersTest
Tests run: 1, Failures: 0, Errors: 0, Skipped: 0, Time elapsed: 0.034 sec - in com.google.checkstyle.test.chapter2filebasic.rule233nonascii.AvoidEscapedUnicodeCharactersTest
Running com.google.checkstyle.test.chapter2filebasic.rule231filetab.FileTabCharacterTest
Tests run: 1, Failures: 0, Errors: 0, Skipped: 0, Time elapsed: 0.015 sec - in com.google.checkstyle.test.chapter2filebasic.rule231filetab.FileTabCharacterTest
Running com.google.checkstyle.test.chapter2filebasic.rule232specialescape.IllegalTokenTextTest
Tests run: 1, Failures: 0, Errors: 0, Skipped: 0, Time elapsed: 0.029 sec - in com.google.checkstyle.test.chapter2filebasic.rule232specialescape.IllegalTokenTextTest
Running com.google.checkstyle.test.chapter3filestructure.rule32packagestate.LineLengthTest
Tests run: 1, Failures: 0, Errors: 0, Skipped: 0, Time elapsed: 0.075 sec - in com.google.checkstyle.test.chapter3filestructure.rule32packagestate.LineLengthTest
Running com.google.checkstyle.test.chapter3filestructure.rule332nolinewrap.NoLineWrapTest
Tests run: 3, Failures: 0, Errors: 0, Skipped: 0, Time elapsed: 0.076 sec - in com.google.checkstyle.test.chapter3filestructure.rule332nolinewrap.NoLineWrapTest
Running com.google.checkstyle.test.chapter3filestructure.rule3421overloadsplit.OverloadMethodsDeclarationOrderTest
Tests run: 1, Failures: 0, Errors: 0, Skipped: 0, Time elapsed: 0.019 sec - in com.google.checkstyle.test.chapter3filestructure.rule3421overloadsplit.OverloadMethodsDeclarationOrderTest
Running com.google.checkstyle.test.chapter3filestructure.rule341onetoplevel.OneTopLevelClassTest
Tests run: 4, Failures: 0, Errors: 0, Skipped: 0, Time elapsed: 0.097 sec - in com.google.checkstyle.test.chapter3filestructure.rule341onetoplevel.OneTopLevelClassTest
Running com.google.checkstyle.test.chapter3filestructure.rule331nowildcard.AvoidStarImportTest
Tests run: 1, Failures: 0, Errors: 0, Skipped: 0, Time elapsed: 0.019 sec - in com.google.checkstyle.test.chapter3filestructure.rule331nowildcard.AvoidStarImportTest
Running com.google.checkstyle.test.chapter3filestructure.rule333orderingandspacing.CustomImportOrderTest
Tests run: 4, Failures: 0, Errors: 0, Skipped: 0, Time elapsed: 0.105 sec - in com.google.checkstyle.test.chapter3filestructure.rule333orderingandspacing.CustomImportOrderTest
Running com.google.checkstyle.test.chapter3filestructure.rule3sourcefile.EmptyLineSeparatorTest
Tests run: 1, Failures: 0, Errors: 0, Skipped: 0, Time elapsed: 0.067 sec - in com.google.checkstyle.test.chapter3filestructure.rule3sourcefile.EmptyLineSeparatorTest
Running com.google.checkstyle.test.chapter6programpractice.rule62donotignoreexceptions.EmptyBlockTest
Tests run: 1, Failures: 0, Errors: 0, Skipped: 0, Time elapsed: 0.058 sec - in com.google.checkstyle.test.chapter6programpractice.rule62donotignoreexceptions.EmptyBlockTest
Running com.google.checkstyle.test.chapter6programpractice.rule64finalizers.NoFinalizerTest
Tests run: 2, Failures: 0, Errors: 0, Skipped: 0, Time elapsed: 0.093 sec - in com.google.checkstyle.test.chapter6programpractice.rule64finalizers.NoFinalizerTest

Results :

Tests run: 96, Failures: 0, Errors: 0, Skipped: 0

[INFO] 
[INFO] --- maven-failsafe-plugin:2.19.1:verify (default-cli) @ checkstyle ---
[INFO] ------------------------------------------------------------------------
[INFO] BUILD SUCCESS
[INFO] ------------------------------------------------------------------------
[INFO] Total time: 03:09 min
[INFO] Finished at: 2016-05-12T18:45:45+00:00
[INFO] Final Memory: 42M/414M
[INFO] ------------------------------------------------------------------------

travis_time:end:01cba1bc:start=1463078550013489472,finish=1463078746574864994,duration=196561375522[0K
[32;1mThe command "eval $CMD" exited with 0.[0m
travis_fold:start:cache.2[0Kstore build cache
travis_time:start:0f236eaa[0K
travis_time:end:0f236eaa:start=1463078746581108567,finish=1463078746586348401,duration=5239834[0Ktravis_time:start:01ee033a[0K[32;1mchange detected:
/home/travis/.m2/archetype-catalog.xml
/home/travis/.m2/repository/antlr/antlr/2.7.2/antlr-2.7.2.jar
/home/travis/.m2/repository/antlr/antlr/2.7.2/antlr-2.7.2.jar.lastUpdated
/home/travis/.m2/repository/antlr/antlr/2.7.2/antlr-2.7.2.jar.sha1
/home/travis/.m2/repository/antlr/antlr/2.7.2/antlr-2.7.2.pom
/home/travis/.m2/repository/antlr/antlr/2.7.2/antlr-2.7.2.pom.lastUpdated
/home/travis/.m2/repository/antlr/antlr/2.7.2/antlr-2.7.2.pom.sha1
/home/travis/.m2/repository/antlr/antlr/2.7.2/_remote.repositories
/home/travis/.m2/repository/antlr/antlr/2.7.7/antlr-2.7.7.jar
/home/travis/.m2/repository/antlr/antlr/2.7.7/antlr-2.7.7.jar.sha1
/home/travis/.m2/repository/antlr/antlr/2.7.7/antlr-2.7.7.pom
/home/travis/.m2/repository/antlr/antlr/2.7.7/antlr-2.7.7.pom.sha1
/home/travis/.m2/repository/antlr/antlr/2.7.7/_remote.repositories
/home/travis/.m2/repository/aopalliance/aopalliance/1.0/aopalliance-1.0.jar
/home/travis/.m2/repository/aopalliance/aopalliance/1.0/aopalliance-1.0.jar.sha1
/home/t
[0m
[32;1m...
[0m
[32;1mchanges detected, packing new archive[0m
.
.
[32;1muploading archive[0m

travis_time:end:01ee033a:start=1463078746592237853,finish=1463078765338764529,duration=18746526676[0Ktravis_fold:end:cache.2[0Ktravis_fold:start:after_success.1[0Ktravis_time:start:00c5c850[0K$ eval $COVERAGE_CMD

travis_time:end:00c5c850:start=1463078765344879284,finish=1463078765349539362,duration=4660078[0Ktravis_fold:end:after_success.1[0Ktravis_fold:start:after_success.2[0Ktravis_time:start:05036679[0K$ if [[ $TRAVIS_REPO_SLUG == 'checkstyle/checkstyle'
            && $TRAVIS_BRANCH == 'master'
            && $TRAVIS_PULL_REQUEST == 'false'
            && $DEPLOY == 'true'
       ]];
    then
        mvn -s config/deploy-settings.xml deploy \
          -DskipTests -DskipITs -Dpmd.skip=true -Dfindbugs.skip=true \
          -Dcobertura.skip=true -Dcheckstyle.ant.skip=true -Dcheckstyle.skip=true -Dxml.skip=true ;
    fi
Java HotSpot(TM) 64-Bit Server VM warning: ignoring option MaxPermSize=192m; support was removed in 8.0
[INFO] Scanning for projects...
[INFO] Inspecting build with total of 1 modules...
[INFO] Installing Nexus Staging features:
[INFO]   ... total of 1 executions of maven-deploy-plugin replaced with nexus-staging-maven-plugin
[INFO]                                                                         
[INFO] ------------------------------------------------------------------------
[INFO] Building checkstyle 6.19-SNAPSHOT
[INFO] ------------------------------------------------------------------------
[INFO] 
[INFO] --- maven-enforcer-plugin:1.4.1:enforce (enforce-maven) @ checkstyle ---
[INFO] 
[INFO] --- maven-enforcer-plugin:1.4.1:enforce (enforce-versions) @ checkstyle ---
[INFO] 
[INFO] --- antlr-maven-plugin:2.2:generate (default) @ checkstyle ---
[INFO] grammar [java.g] was up-to-date; skipping
[INFO] 
[INFO] --- antlr4-maven-plugin:4.5.3:antlr4 (default) @ checkstyle ---
[INFO] No grammars to process
[INFO] ANTLR 4: Processing source directory /home/travis/build/checkstyle/checkstyle/src/main/resources
[INFO] 
[INFO] --- build-helper-maven-plugin:1.10:add-source (add-source) @ checkstyle ---
[INFO] Source directory: /home/travis/build/checkstyle/checkstyle/target/generated-sources/antlr added.
[INFO] 
[INFO] --- maven-resources-plugin:2.7:resources (default-resources) @ checkstyle ---
[INFO] Using 'UTF-8' encoding to copy filtered resources.
[INFO] Copying 161 resources
[INFO] Copying 1 resource
[INFO] 
[INFO] --- build-helper-maven-plugin:1.10:add-test-source (add-test-source) @ checkstyle ---
[INFO] Test Source directory: /home/travis/build/checkstyle/checkstyle/src/test/resources added.
[INFO] 
[INFO] --- build-helper-maven-plugin:1.10:add-test-source (add-it-test-source) @ checkstyle ---
[INFO] Test Source directory: /home/travis/build/checkstyle/checkstyle/src/it/java added.
[INFO] 
[INFO] --- build-helper-maven-plugin:1.10:add-test-source (add-it-test-resource) @ checkstyle ---
[INFO] Test Source directory: /home/travis/build/checkstyle/checkstyle/src/it/resources added.
[INFO] 
[INFO] --- maven-compiler-plugin:3.5.1:compile (default-compile) @ checkstyle ---
[INFO] Changes detected - recompiling the module!
[INFO] Compiling 343 source files to /home/travis/build/checkstyle/checkstyle/target/classes
[INFO] /home/travis/build/checkstyle/checkstyle/src/main/java/com/puppycrawl/tools/checkstyle/checks/javadoc/JavadocMethodCheck.java: /home/travis/build/checkstyle/checkstyle/src/main/java/com/puppycrawl/tools/checkstyle/checks/javadoc/JavadocMethodCheck.java uses or overrides a deprecated API.
[INFO] /home/travis/build/checkstyle/checkstyle/src/main/java/com/puppycrawl/tools/checkstyle/checks/javadoc/JavadocMethodCheck.java: Recompile with -Xlint:deprecation for details.
[INFO] /home/travis/build/checkstyle/checkstyle/src/main/java/com/puppycrawl/tools/checkstyle/api/AutomaticBean.java: Some input files use unchecked or unsafe operations.
[INFO] /home/travis/build/checkstyle/checkstyle/src/main/java/com/puppycrawl/tools/checkstyle/api/AutomaticBean.java: Recompile with -Xlint:unchecked for details.
[INFO] 
[INFO] --- maven-antrun-plugin:1.8:run (ant-phase-compile) @ checkstyle ---
[INFO] Executing tasks

main:

execute:
[propertyfile] Updating property file: /home/travis/build/checkstyle/checkstyle/target/classes/checkstylecompilation.properties
  [javadoc] Generating Javadoc
  [javadoc] Javadoc execution
  [javadoc] Loading source file /home/travis/build/checkstyle/checkstyle/src/main/java/com/puppycrawl/tools/checkstyle/api/TokenTypes.java...
  [javadoc] Constructing Javadoc information...
[INFO] Executed tasks
[INFO] 
[INFO] --- maven-resources-plugin:2.7:testResources (default-testResources) @ checkstyle ---
[INFO] Using 'UTF-8' encoding to copy filtered resources.
[INFO] Copying 625 resources
[INFO] 
[INFO] --- maven-compiler-plugin:3.5.1:testCompile (default-testCompile) @ checkstyle ---
[INFO] Changes detected - recompiling the module!
[INFO] Compiling 914 source files to /home/travis/build/checkstyle/checkstyle/target/test-classes
[INFO] /home/travis/build/checkstyle/checkstyle/src/test/java/com/puppycrawl/tools/checkstyle/checks/javadoc/AbstractTypeAwareCheckTest.java: Some input files use or override a deprecated API.
[INFO] /home/travis/build/checkstyle/checkstyle/src/test/java/com/puppycrawl/tools/checkstyle/checks/javadoc/AbstractTypeAwareCheckTest.java: Recompile with -Xlint:deprecation for details.
[INFO] 
[INFO] --- maven-surefire-plugin:2.19.1:test (default-test) @ checkstyle ---
[INFO] Tests are skipped.
[INFO] 
[INFO] --- xml-maven-plugin:1.0.1:validate (default) @ checkstyle ---
[INFO] 
[INFO] --- maven-jar-plugin:2.6:jar (default-jar) @ checkstyle ---
[INFO] Building jar: /home/travis/build/checkstyle/checkstyle/target/checkstyle-6.19-SNAPSHOT.jar
[INFO] 
[INFO] --- maven-jar-plugin:2.6:test-jar (default) @ checkstyle ---
[INFO] Building jar: /home/travis/build/checkstyle/checkstyle/target/checkstyle-6.19-SNAPSHOT-tests.jar
[INFO] 
[INFO] --- maven-failsafe-plugin:2.19.1:integration-test (integration-test) @ checkstyle ---
[INFO] Tests are skipped.
[INFO] 
[INFO] --- maven-checkstyle-plugin:2.17:check (sevntu-checkstyle-check) @ checkstyle ---
[INFO] 
[INFO] --- maven-failsafe-plugin:2.19.1:verify (verify) @ checkstyle ---
[INFO] Tests are skipped.
[INFO] 
[INFO] --- maven-antrun-plugin:1.8:run (ant-phase-verify) @ checkstyle ---
[INFO] Executing tasks

main:

execute:
[INFO] Executed tasks
[INFO] 
[INFO] >>> maven-pmd-plugin:3.6:check (default) > :pmd @ checkstyle >>>
[INFO] 
[INFO] --- maven-pmd-plugin:3.6:pmd (pmd) @ checkstyle ---
[INFO] 
[INFO] <<< maven-pmd-plugin:3.6:check (default) < :pmd @ checkstyle <<<
[INFO] 
[INFO] --- maven-pmd-plugin:3.6:check (default) @ checkstyle ---
[INFO] 
[INFO] >>> findbugs-maven-plugin:3.0.3:check (default) > :findbugs @ checkstyle >>>
[INFO] 
[INFO] --- findbugs-maven-plugin:3.0.3:findbugs (findbugs) @ checkstyle ---
[INFO] 
[INFO] <<< findbugs-maven-plugin:3.0.3:check (default) < :findbugs @ checkstyle <<<
[INFO] 
[INFO] --- findbugs-maven-plugin:3.0.3:check (default) @ checkstyle ---
[INFO] 
[INFO] --- forbiddenapis:2.0:check (default) @ checkstyle ---
[INFO] Scanning for classes to check...
[INFO] Reading bundled API signatures: jdk-unsafe-1.7
[INFO] Reading bundled API signatures: jdk-deprecated-1.7
[INFO] Reading bundled API signatures: jdk-system-out
[INFO] Loading classes to check...
[INFO] Scanning classes for violations...
[INFO] Scanned 491 (and 511 related) class file(s) for forbidden API invocations (in 2.78s), 0 error(s).
[INFO] 
[INFO] --- forbiddenapis:2.0:testCheck (default) @ checkstyle ---
[INFO] Scanning for classes to check...
[INFO] Reading bundled API signatures: jdk-unsafe-1.7
[INFO] Reading bundled API signatures: jdk-deprecated-1.7
[INFO] Reading bundled API signatures: jdk-system-out
[INFO] Loading classes to check...
[INFO] Scanning classes for violations...
[INFO] Scanned 1260 (and 750 related) class file(s) for forbidden API invocations (in 5.21s), 0 error(s).
[INFO] 
[INFO] >>> cobertura-maven-plugin:2.7:check (default) > [cobertura]test @ checkstyle >>>
[INFO] 
[INFO] --- maven-enforcer-plugin:1.4.1:enforce (enforce-maven) @ checkstyle ---
[INFO] 
[INFO] --- maven-enforcer-plugin:1.4.1:enforce (enforce-versions) @ checkstyle ---
[INFO] 
[INFO] --- antlr-maven-plugin:2.2:generate (default) @ checkstyle ---
[INFO] grammar [java.g] was up-to-date; skipping
[INFO] 
[INFO] --- antlr4-maven-plugin:4.5.3:antlr4 (default) @ checkstyle ---
[INFO] No grammars to process
[INFO] ANTLR 4: Processing source directory /home/travis/build/checkstyle/checkstyle/src/main/resources
[INFO] 
[INFO] --- build-helper-maven-plugin:1.10:add-source (add-source) @ checkstyle ---
[INFO] Source directory: /home/travis/build/checkstyle/checkstyle/target/generated-sources/antlr added.
[INFO] 
[INFO] --- maven-resources-plugin:2.7:resources (default-resources) @ checkstyle ---
[INFO] Using 'UTF-8' encoding to copy filtered resources.
[INFO] Copying 161 resources
[INFO] Copying 1 resource
[INFO] Copying 1 resource
[INFO] 
[INFO] --- build-helper-maven-plugin:1.10:add-test-source (add-test-source) @ checkstyle ---
[INFO] Test Source directory: /home/travis/build/checkstyle/checkstyle/src/test/resources added.
[INFO] 
[INFO] --- build-helper-maven-plugin:1.10:add-test-source (add-it-test-source) @ checkstyle ---
[INFO] Test Source directory: /home/travis/build/checkstyle/checkstyle/src/it/java added.
[INFO] 
[INFO] --- build-helper-maven-plugin:1.10:add-test-source (add-it-test-resource) @ checkstyle ---
[INFO] Test Source directory: /home/travis/build/checkstyle/checkstyle/src/it/resources added.
[INFO] 
[INFO] --- maven-compiler-plugin:3.5.1:compile (default-compile) @ checkstyle ---
[INFO] Changes detected - recompiling the module!
[INFO] Compiling 343 source files to /home/travis/build/checkstyle/checkstyle/target/classes
[INFO] /home/travis/build/checkstyle/checkstyle/src/main/java/com/puppycrawl/tools/checkstyle/checks/javadoc/JavadocMethodCheck.java: /home/travis/build/checkstyle/checkstyle/src/main/java/com/puppycrawl/tools/checkstyle/checks/javadoc/JavadocMethodCheck.java uses or overrides a deprecated API.
[INFO] /home/travis/build/checkstyle/checkstyle/src/main/java/com/puppycrawl/tools/checkstyle/checks/javadoc/JavadocMethodCheck.java: Recompile with -Xlint:deprecation for details.
[INFO] /home/travis/build/checkstyle/checkstyle/src/main/java/com/puppycrawl/tools/checkstyle/api/AutomaticBean.java: Some input files use unchecked or unsafe operations.
[INFO] /home/travis/build/checkstyle/checkstyle/src/main/java/com/puppycrawl/tools/checkstyle/api/AutomaticBean.java: Recompile with -Xlint:unchecked for details.
[INFO] 
[INFO] --- maven-antrun-plugin:1.8:run (ant-phase-compile) @ checkstyle ---
[INFO] Executing tasks

main:

execute:
[propertyfile] Updating property file: /home/travis/build/checkstyle/checkstyle/target/classes/checkstylecompilation.properties
  [javadoc] Generating Javadoc
  [javadoc] Javadoc execution
  [javadoc] Loading source file /home/travis/build/checkstyle/checkstyle/src/main/java/com/puppycrawl/tools/checkstyle/api/TokenTypes.java...
  [javadoc] Constructing Javadoc information...
[INFO] Executed tasks
[INFO] 
[INFO] --- cobertura-maven-plugin:2.7:instrument (default) @ checkstyle ---
[INFO] Skipping cobertura execution
[INFO] 
[INFO] --- maven-resources-plugin:2.7:testResources (default-testResources) @ checkstyle ---
[INFO] Using 'UTF-8' encoding to copy filtered resources.
[INFO] Copying 625 resources
[INFO] 
[INFO] --- maven-compiler-plugin:3.5.1:testCompile (default-testCompile) @ checkstyle ---
[INFO] Changes detected - recompiling the module!
[INFO] Compiling 914 source files to /home/travis/build/checkstyle/checkstyle/target/test-classes
[INFO] /home/travis/build/checkstyle/checkstyle/src/test/java/com/puppycrawl/tools/checkstyle/checks/javadoc/AbstractTypeAwareCheckTest.java: Some input files use or override a deprecated API.
[INFO] /home/travis/build/checkstyle/checkstyle/src/test/java/com/puppycrawl/tools/checkstyle/checks/javadoc/AbstractTypeAwareCheckTest.java: Recompile with -Xlint:deprecation for details.
[INFO] 
[INFO] --- maven-surefire-plugin:2.19.1:test (default-test) @ checkstyle ---
[INFO] Tests are skipped.
[INFO] 
[INFO] --- xml-maven-plugin:1.0.1:validate (default) @ checkstyle ---
[INFO] 
[INFO] <<< cobertura-maven-plugin:2.7:check (default) < [cobertura]test @ checkstyle <<<
[INFO] 
[INFO] --- cobertura-maven-plugin:2.7:check (default) @ checkstyle ---
[INFO] Skipping cobertura execution
[INFO] 
[INFO] --- maven-install-plugin:2.5.2:install (default-install) @ checkstyle ---
[INFO] Installing /home/travis/build/checkstyle/checkstyle/target/checkstyle-6.19-SNAPSHOT.jar to /home/travis/.m2/repository/com/puppycrawl/tools/checkstyle/6.19-SNAPSHOT/checkstyle-6.19-SNAPSHOT.jar
[INFO] Installing /home/travis/build/checkstyle/checkstyle/pom.xml to /home/travis/.m2/repository/com/puppycrawl/tools/checkstyle/6.19-SNAPSHOT/checkstyle-6.19-SNAPSHOT.pom
[INFO] Installing /home/travis/build/checkstyle/checkstyle/target/checkstyle-6.19-SNAPSHOT-tests.jar to /home/travis/.m2/repository/com/puppycrawl/tools/checkstyle/6.19-SNAPSHOT/checkstyle-6.19-SNAPSHOT-tests.jar
[INFO] 
[INFO] --- nexus-staging-maven-plugin:1.6.7:deploy (injected-nexus-deploy) @ checkstyle ---
[INFO] Performing deferred deploys (gathering into "/home/travis/build/checkstyle/checkstyle/target/nexus-staging/deferred")...
[INFO] Installing /home/travis/build/checkstyle/checkstyle/target/checkstyle-6.19-SNAPSHOT.jar to /home/travis/build/checkstyle/checkstyle/target/nexus-staging/deferred/com/puppycrawl/tools/checkstyle/6.19-SNAPSHOT/checkstyle-6.19-SNAPSHOT.jar
[INFO] Installing /home/travis/build/checkstyle/checkstyle/pom.xml to /home/travis/build/checkstyle/checkstyle/target/nexus-staging/deferred/com/puppycrawl/tools/checkstyle/6.19-SNAPSHOT/checkstyle-6.19-SNAPSHOT.pom
[INFO] Installing /home/travis/build/checkstyle/checkstyle/target/checkstyle-6.19-SNAPSHOT-tests.jar to /home/travis/build/checkstyle/checkstyle/target/nexus-staging/deferred/com/puppycrawl/tools/checkstyle/6.19-SNAPSHOT/checkstyle-6.19-SNAPSHOT-tests.jar
[INFO] Deploying remotely...
[INFO] Bulk deploying locally gathered artifacts from directory: 
[INFO]  * Bulk deploying locally gathered snapshot artifacts
Downloading: https://oss.sonatype.org/content/repositories/snapshots/com/puppycrawl/tools/checkstyle/6.19-SNAPSHOT/maven-metadata.xml
992/992 B               Downloaded: https://oss.sonatype.org/content/repositories/snapshots/com/puppycrawl/tools/checkstyle/6.19-SNAPSHOT/maven-metadata.xml (992 B at 0.9 KB/sec)
Uploading: https://oss.sonatype.org/content/repositories/snapshots/com/puppycrawl/tools/checkstyle/6.19-SNAPSHOT/checkstyle-6.19-20160512.184756-18-tests.jar
2/2673 KB   4/2673 KB   6/2673 KB   8/2673 KB   10/2673 KB   12/2673 KB   14/2673 KB   16/2673 KB   18/2673 KB   20/2673 KB   22/2673 KB   24/2673 KB   26/2673 KB   28/2673 KB   30/2673 KB   32/2673 KB   34/2673 KB   36/2673 KB   38/2673 KB   40/2673 KB   42/2673 KB   44/2673 KB   46/2673 KB   48/2673 KB   50/2673 KB   52/2673 KB   54/2673 KB   56/2673 KB   58/2673 KB   60/2673 KB   62/2673 KB   64/2673 KB   66/2673 KB   68/2673 KB   70/2673 KB   72/2673 KB   74/2673 KB   76/2673 KB   78/2673 KB   80/2673 KB   82/2673 KB   84/2673 KB   86/2673 KB   88/2673 KB   90/2673 KB   92/2673 KB   94/2673 KB   96/2673 KB   98/2673 KB   100/2673 KB   102/2673 KB   104/2673 KB   106/2673 KB   108/2673 KB   110/2673 KB   112/2673 KB   114/2673 KB   116/2673 KB   118/2673 KB   120/2673 KB   122/2673 KB   124/2673 KB   126/2673 KB   128/2673 KB   130/2673 KB   132/2673 KB   134/2673 KB   136/2673 KB   138/2673 KB   140/2673 KB   142/2673 KB   144/2673 KB   146/2673 KB   148/2673 KB   150/2673 KB   152/2673 KB   154/2673 KB   156/2673 KB   158/2673 KB   160/2673 KB   162/2673 KB   164/2673 KB   166/2673 KB   168/2673 KB   170/2673 KB   172/2673 KB   174/2673 KB   176/2673 KB   178/2673 KB   180/2673 KB   182/2673 KB   184/2673 KB   186/2673 KB   188/2673 KB   190/2673 KB   192/2673 KB   194/2673 KB   196/2673 KB   198/2673 KB   200/2673 KB   202/2673 KB   204/2673 KB   206/2673 KB   208/2673 KB   210/2673 KB   212/2673 KB   214/2673 KB   216/2673 KB   218/2673 KB   220/2673 KB   222/2673 KB   224/2673 KB   226/2673 KB   228/2673 KB   230/2673 KB   232/2673 KB   234/2673 KB   236/2673 KB   238/2673 KB   240/2673 KB   242/2673 KB   244/2673 KB   246/2673 KB   248/2673 KB   250/2673 KB   252/2673 KB   254/2673 KB   256/2673 KB   258/2673 KB   260/2673 KB   262/2673 KB   264/2673 KB   266/2673 KB   268/2673 KB   270/2673 KB   272/2673 KB   274/2673 KB   276/2673 KB   278/2673 KB   280/2673 KB   282/2673 KB   284/2673 KB   286/2673 KB   288/2673 KB   290/2673 KB   292/2673 KB   294/2673 KB   296/2673 KB   298/2673 KB   300/2673 KB   302/2673 KB   304/2673 KB   306/2673 KB   308/2673 KB   310/2673 KB   312/2673 KB   314/2673 KB   316/2673 KB   318/2673 KB   320/2673 KB   322/2673 KB   324/2673 KB   326/2673 KB   328/2673 KB   330/2673 KB   332/2673 KB   334/2673 KB   336/2673 KB   338/2673 KB   340/2673 KB   342/2673 KB   344/2673 KB   346/2673 KB   348/2673 KB   350/2673 KB   352/2673 KB   354/2673 KB   356/2673 KB   358/2673 KB   360/2673 KB   362/2673 KB   364/2673 KB   366/2673 KB   368/2673 KB   370/2673 KB   372/2673 KB   374/2673 KB   376/2673 KB   378/2673 KB   380/2673 KB   382/2673 KB   384/2673 KB   386/2673 KB   388/2673 KB   390/2673 KB   392/2673 KB   394/2673 KB   396/2673 KB   398/2673 KB   400/2673 KB   402/2673 KB   404/2673 KB   406/2673 KB   408/2673 KB   410/2673 KB   412/2673 KB   414/2673 KB   416/2673 KB   418/2673 KB   420/2673 KB   422/2673 KB   424/2673 KB   426/2673 KB   428/2673 KB   430/2673 KB   432/2673 KB   434/2673 KB   436/2673 KB   438/2673 KB   440/2673 KB   442/2673 KB   444/2673 KB   446/2673 KB   448/2673 KB   450/2673 KB   452/2673 KB   454/2673 KB   456/2673 KB   458/2673 KB   460/2673 KB   462/2673 KB   464/2673 KB   466/2673 KB   468/2673 KB   470/2673 KB   472/2673 KB   474/2673 KB   476/2673 KB   478/2673 KB   480/2673 KB   482/2673 KB   484/2673 KB   486/2673 KB   488/2673 KB   490/2673 KB   492/2673 KB   494/2673 KB   496/2673 KB   498/2673 KB   500/2673 KB   502/2673 KB   504/2673 KB   506/2673 KB   508/2673 KB   510/2673 KB   512/2673 KB   514/2673 KB   516/2673 KB   518/2673 KB   520/2673 KB   522/2673 KB   524/2673 KB   526/2673 KB   528/2673 KB   530/2673 KB   532/2673 KB   534/2673 KB   536/2673 KB   538/2673 KB   540/2673 KB   542/2673 KB   544/2673 KB   546/2673 KB   548/2673 KB   550/2673 KB   552/2673 KB   554/2673 KB   556/2673 KB   558/2673 KB   560/2673 KB   562/2673 KB   564/2673 KB   566/2673 KB   568/2673 KB   570/2673 KB   572/2673 KB   574/2673 KB   576/2673 KB   578/2673 KB   580/2673 KB   582/2673 KB   584/2673 KB   586/2673 KB   588/2673 KB   590/2673 KB   592/2673 KB   594/2673 KB   596/2673 KB   598/2673 KB   600/2673 KB   602/2673 KB   604/2673 KB   606/2673 KB   608/2673 KB   610/2673 KB   612/2673 KB   614/2673 KB   616/2673 KB   618/2673 KB   620/2673 KB   622/2673 KB   624/2673 KB   626/2673 KB   628/2673 KB   630/2673 KB   632/2673 KB   634/2673 KB   636/2673 KB   638/2673 KB   640/2673 KB   642/2673 KB   644/2673 KB   646/2673 KB   648/2673 KB   650/2673 KB   652/2673 KB   654/2673 KB   656/2673 KB   658/2673 KB   660/2673 KB   662/2673 KB   664/2673 KB   666/2673 KB   668/2673 KB   670/2673 KB   672/2673 KB   674/2673 KB   676/2673 KB   678/2673 KB   680/2673 KB   682/2673 KB   684/2673 KB   686/2673 KB   688/2673 KB   690/2673 KB   692/2673 KB   694/2673 KB   696/2673 KB   698/2673 KB   700/2673 KB   702/2673 KB   704/2673 KB   706/2673 KB   708/2673 KB   710/2673 KB   712/2673 KB   714/2673 KB   716/2673 KB   718/2673 KB   720/2673 KB   722/2673 KB   724/2673 KB   726/2673 KB   728/2673 KB   730/2673 KB   732/2673 KB   734/2673 KB   736/2673 KB   738/2673 KB   740/2673 KB   742/2673 KB   744/2673 KB   746/2673 KB   748/2673 KB   750/2673 KB   752/2673 KB   754/2673 KB   756/2673 KB   758/2673 KB   760/2673 KB   762/2673 KB   764/2673 KB   766/2673 KB   768/2673 KB   770/2673 KB   772/2673 KB   774/2673 KB   776/2673 KB   778/2673 KB   780/2673 KB   782/2673 KB   784/2673 KB   786/2673 KB   788/2673 KB   790/2673 KB   792/2673 KB   794/2673 KB   796/2673 KB   798/2673 KB   800/2673 KB   802/2673 KB   804/2673 KB   806/2673 KB   808/2673 KB   810/2673 KB   812/2673 KB   814/2673 KB   816/2673 KB   818/2673 KB   820/2673 KB   822/2673 KB   824/2673 KB   826/2673 KB   828/2673 KB   830/2673 KB   832/2673 KB   834/2673 KB   836/2673 KB   838/2673 KB   840/2673 KB   842/2673 KB   844/2673 KB   846/2673 KB   848/2673 KB   850/2673 KB   852/2673 KB   854/2673 KB   856/2673 KB   858/2673 KB   860/2673 KB   862/2673 KB   864/2673 KB   866/2673 KB   868/2673 KB   870/2673 KB   872/2673 KB   874/2673 KB   876/2673 KB   878/2673 KB   880/2673 KB   882/2673 KB   884/2673 KB   886/2673 KB   888/2673 KB   890/2673 KB   892/2673 KB   894/2673 KB   896/2673 KB   898/2673 KB   900/2673 KB   902/2673 KB   904/2673 KB   906/2673 KB   908/2673 KB   910/2673 KB   912/2673 KB   914/2673 KB   916/2673 KB   918/2673 KB   920/2673 KB   922/2673 KB   924/2673 KB   926/2673 KB   928/2673 KB   930/2673 KB   932/2673 KB   934/2673 KB   936/2673 KB   938/2673 KB   940/2673 KB   942/2673 KB   944/2673 KB   946/2673 KB   948/2673 KB   950/2673 KB   952/2673 KB   954/2673 KB   956/2673 KB   958/2673 KB   960/2673 KB   962/2673 KB   964/2673 KB   966/2673 KB   968/2673 KB   970/2673 KB   972/2673 KB   974/2673 KB   976/2673 KB   978/2673 KB   980/2673 KB   982/2673 KB   984/2673 KB   986/2673 KB   988/2673 KB   990/2673 KB   992/2673 KB   994/2673 KB   996/2673 KB   998/2673 KB   1000/2673 KB   1002/2673 KB   1004/2673 KB   1006/2673 KB   1008/2673 KB   1010/2673 KB   1012/2673 KB   1014/2673 KB   1016/2673 KB   1018/2673 KB   1020/2673 KB   1022/2673 KB   1024/2673 KB   1026/2673 KB   1028/2673 KB   1030/2673 KB   1032/2673 KB   1034/2673 KB   1036/2673 KB   1038/2673 KB   1040/2673 KB   1042/2673 KB   1044/2673 KB   1046/2673 KB   1048/2673 KB   1050/2673 KB   1052/2673 KB   1054/2673 KB   1056/2673 KB   1058/2673 KB   1060/2673 KB   1062/2673 KB   1064/2673 KB   1066/2673 KB   1068/2673 KB   1070/2673 KB   1072/2673 KB   1074/2673 KB   1076/2673 KB   1078/2673 KB   1080/2673 KB   1082/2673 KB   1084/2673 KB   1086/2673 KB   1088/2673 KB   1090/2673 KB   1092/2673 KB   1094/2673 KB   1096/2673 KB   1098/2673 KB   1100/2673 KB   1102/2673 KB   1104/2673 KB   1106/2673 KB   1108/2673 KB   1110/2673 KB   1112/2673 KB   1114/2673 KB   1116/2673 KB   1118/2673 KB   1120/2673 KB   1122/2673 KB   1124/2673 KB   1126/2673 KB   1128/2673 KB   1130/2673 KB   1132/2673 KB   1134/2673 KB   1136/2673 KB   1138/2673 KB   1140/2673 KB   1142/2673 KB   1144/2673 KB   1146/2673 KB   1148/2673 KB   1150/2673 KB   1152/2673 KB   1154/2673 KB   1156/2673 KB   1158/2673 KB   1160/2673 KB   1162/2673 KB   1164/2673 KB   1166/2673 KB   1168/2673 KB   1170/2673 KB   1172/2673 KB   1174/2673 KB   1176/2673 KB   1178/2673 KB   1180/2673 KB   1182/2673 KB   1184/2673 KB   1186/2673 KB   1188/2673 KB   1190/2673 KB   1192/2673 KB   1194/2673 KB   1196/2673 KB   1198/2673 KB   1200/2673 KB   1202/2673 KB   1204/2673 KB   1206/2673 KB   1208/2673 KB   1210/2673 KB   1212/2673 KB   1214/2673 KB   1216/2673 KB   1218/2673 KB   1220/2673 KB   1222/2673 KB   1224/2673 KB   1226/2673 KB   1228/2673 KB   1230/2673 KB   1232/2673 KB   1234/2673 KB   1236/2673 KB   1238/2673 KB   1240/2673 KB   1242/2673 KB   1244/2673 KB   1246/2673 KB   1248/2673 KB   1250/2673 KB   1252/2673 KB   1254/2673 KB   1256/2673 KB   1258/2673 KB   1260/2673 KB   1262/2673 KB   1264/2673 KB   1266/2673 KB   1268/2673 KB   1270/2673 KB   1272/2673 KB   1274/2673 KB   1276/2673 KB   1278/2673 KB   1280/2673 KB   1282/2673 KB   1284/2673 KB   1286/2673 KB   1288/2673 KB   1290/2673 KB   1292/2673 KB   1294/2673 KB   1296/2673 KB   1298/2673 KB   1300/2673 KB   1302/2673 KB   1304/2673 KB   1306/2673 KB   1308/2673 KB   1310/2673 KB   1312/2673 KB   1314/2673 KB   1316/2673 KB   1318/2673 KB   1320/2673 KB   1322/2673 KB   1324/2673 KB   1326/2673 KB   1328/2673 KB   1330/2673 KB   1332/2673 KB   1334/2673 KB   1336/2673 KB   1338/2673 KB   1340/2673 KB   1342/2673 KB   1344/2673 KB   1346/2673 KB   1348/2673 KB   1350/2673 KB   1352/2673 KB   1354/2673 KB   1356/2673 KB   1358/2673 KB   1360/2673 KB   1362/2673 KB   1364/2673 KB   1366/2673 KB   1368/2673 KB   1370/2673 KB   1372/2673 KB   1374/2673 KB   1376/2673 KB   1378/2673 KB   1380/2673 KB   1382/2673 KB   1384/2673 KB   1386/2673 KB   1388/2673 KB   1390/2673 KB   1392/2673 KB   1394/2673 KB   1396/2673 KB   1398/2673 KB   1400/2673 KB   1402/2673 KB   1404/2673 KB   1406/2673 KB   1408/2673 KB   1410/2673 KB   1412/2673 KB   1414/2673 KB   1416/2673 KB   1418/2673 KB   1420/2673 KB   1422/2673 KB   1424/2673 KB   1426/2673 KB   1428/2673 KB   1430/2673 KB   1432/2673 KB   1434/2673 KB   1436/2673 KB   1438/2673 KB   1440/2673 KB   1442/2673 KB   1444/2673 KB   1446/2673 KB   1448/2673 KB   1450/2673 KB   1452/2673 KB   1454/2673 KB   1456/2673 KB   1458/2673 KB   1460/2673 KB   1462/2673 KB   1464/2673 KB   1466/2673 KB   1468/2673 KB   1470/2673 KB   1472/2673 KB   1474/2673 KB   1476/2673 KB   1478/2673 KB   1480/2673 KB   1482/2673 KB   1484/2673 KB   1486/2673 KB   1488/2673 KB   1490/2673 KB   1492/2673 KB   1494/2673 KB   1496/2673 KB   1498/2673 KB   1500/2673 KB   1502/2673 KB   1504/2673 KB   1506/2673 KB   1508/2673 KB   1510/2673 KB   1512/2673 KB   1514/2673 KB   1516/2673 KB   1518/2673 KB   1520/2673 KB   1522/2673 KB   1524/2673 KB   1526/2673 KB   1528/2673 KB   1530/2673 KB   1532/2673 KB   1534/2673 KB   1536/2673 KB   1538/2673 KB   1540/2673 KB   1542/2673 KB   1544/2673 KB   1546/2673 KB   1548/2673 KB   1550/2673 KB   1552/2673 KB   1554/2673 KB   1556/2673 KB   1558/2673 KB   1560/2673 KB   1562/2673 KB   1564/2673 KB   1566/2673 KB   1568/2673 KB   1570/2673 KB   1572/2673 KB   1574/2673 KB   1576/2673 KB   1578/2673 KB   1580/2673 KB   1582/2673 KB   1584/2673 KB   1586/2673 KB   1588/2673 KB   1590/2673 KB   1592/2673 KB   1594/2673 KB   1596/2673 KB   1598/2673 KB   1600/2673 KB   1602/2673 KB   1604/2673 KB   1606/2673 KB   1608/2673 KB   1610/2673 KB   1612/2673 KB   1614/2673 KB   1616/2673 KB   1618/2673 KB   1620/2673 KB   1622/2673 KB   1624/2673 KB   1626/2673 KB   1628/2673 KB   1630/2673 KB   1632/2673 KB   1634/2673 KB   1636/2673 KB   1638/2673 KB   1640/2673 KB   1642/2673 KB   1644/2673 KB   1646/2673 KB   1648/2673 KB   1650/2673 KB   1652/2673 KB   1654/2673 KB   1656/2673 KB   1658/2673 KB   1660/2673 KB   1662/2673 KB   1664/2673 KB   1666/2673 KB   1668/2673 KB   1670/2673 KB   1672/2673 KB   1674/2673 KB   1676/2673 KB   1678/2673 KB   1680/2673 KB   1682/2673 KB   1684/2673 KB   1686/2673 KB   1688/2673 KB   1690/2673 KB   1692/2673 KB   1694/2673 KB   1696/2673 KB   1698/2673 KB   1700/2673 KB   1702/2673 KB   1704/2673 KB   1706/2673 KB   1708/2673 KB   1710/2673 KB   1712/2673 KB   1714/2673 KB   1716/2673 KB   1718/2673 KB   1720/2673 KB   1722/2673 KB   1724/2673 KB   1726/2673 KB   1728/2673 KB   1730/2673 KB   1732/2673 KB   1734/2673 KB   1736/2673 KB   1738/2673 KB   1740/2673 KB   1742/2673 KB   1744/2673 KB   1746/2673 KB   1748/2673 KB   1750/2673 KB   1752/2673 KB   1754/2673 KB   1756/2673 KB   1758/2673 KB   1760/2673 KB   1762/2673 KB   1764/2673 KB   1766/2673 KB   1768/2673 KB   1770/2673 KB   1772/2673 KB   1774/2673 KB   1776/2673 KB   1778/2673 KB   1780/2673 KB   1782/2673 KB   1784/2673 KB   1786/2673 KB   1788/2673 KB   1790/2673 KB   1792/2673 KB   1794/2673 KB   1796/2673 KB   1798/2673 KB   1800/2673 KB   1802/2673 KB   1804/2673 KB   1806/2673 KB   1808/2673 KB   1810/2673 KB   1812/2673 KB   1814/2673 KB   1816/2673 KB   1818/2673 KB   1820/2673 KB   1822/2673 KB   1824/2673 KB   1826/2673 KB   1828/2673 KB   1830/2673 KB   1832/2673 KB   1834/2673 KB   1836/2673 KB   1838/2673 KB   1840/2673 KB   1842/2673 KB   1844/2673 KB   1846/2673 KB   1848/2673 KB   1850/2673 KB   1852/2673 KB   1854/2673 KB   1856/2673 KB   1858/2673 KB   1860/2673 KB   1862/2673 KB   1864/2673 KB   1866/2673 KB   1868/2673 KB   1870/2673 KB   1872/2673 KB   1874/2673 KB   1876/2673 KB   1878/2673 KB   1880/2673 KB   1882/2673 KB   1884/2673 KB   1886/2673 KB   1888/2673 KB   1890/2673 KB   1892/2673 KB   1894/2673 KB   1896/2673 KB   1898/2673 KB   1900/2673 KB   1902/2673 KB   1904/2673 KB   1906/2673 KB   1908/2673 KB   1910/2673 KB   1912/2673 KB   1914/2673 KB   1916/2673 KB   1918/2673 KB   1920/2673 KB   1922/2673 KB   1924/2673 KB   1926/2673 KB   1928/2673 KB   1930/2673 KB   1932/2673 KB   1934/2673 KB   1936/2673 KB   1938/2673 KB   1940/2673 KB   1942/2673 KB   1944/2673 KB   1946/2673 KB   1948/2673 KB   1950/2673 KB   1952/2673 KB   1954/2673 KB   1956/2673 KB   1958/2673 KB   1960/2673 KB   1962/2673 KB   1964/2673 KB   1966/2673 KB   1968/2673 KB   1970/2673 KB   1972/2673 KB   1974/2673 KB   1976/2673 KB   1978/2673 KB   1980/2673 KB   1982/2673 KB   1984/2673 KB   1986/2673 KB   1988/2673 KB   1990/2673 KB   1992/2673 KB   1994/2673 KB   1996/2673 KB   1998/2673 KB   2000/2673 KB   2002/2673 KB   2004/2673 KB   2006/2673 KB   2008/2673 KB   2010/2673 KB   2012/2673 KB   2014/2673 KB   2016/2673 KB   2018/2673 KB   2020/2673 KB   2022/2673 KB   2024/2673 KB   2026/2673 KB   2028/2673 KB   2030/2673 KB   2032/2673 KB   2034/2673 KB   2036/2673 KB   2038/2673 KB   2040/2673 KB   2042/2673 KB   2044/2673 KB   2046/2673 KB   2048/2673 KB   2050/2673 KB   2052/2673 KB   2054/2673 KB   2056/2673 KB   2058/2673 KB   2060/2673 KB   2062/2673 KB   2064/2673 KB   2066/2673 KB   2068/2673 KB   2070/2673 KB   2072/2673 KB   2074/2673 KB   2076/2673 KB   2078/2673 KB   2080/2673 KB   2082/2673 KB   2084/2673 KB   2086/2673 KB   2088/2673 KB   2090/2673 KB   2092/2673 KB   2094/2673 KB   2096/2673 KB   2098/2673 KB   2100/2673 KB   2102/2673 KB   2104/2673 KB   2106/2673 KB   2108/2673 KB   2110/2673 KB   2112/2673 KB   2114/2673 KB   2116/2673 KB   2118/2673 KB   2120/2673 KB   2122/2673 KB   2124/2673 KB   2126/2673 KB   2128/2673 KB   2130/2673 KB   2132/2673 KB   2134/2673 KB   2136/2673 KB   2138/2673 KB   2140/2673 KB   2142/2673 KB   2144/2673 KB   2146/2673 KB   2148/2673 KB   2150/2673 KB   2152/2673 KB   2154/2673 KB   2156/2673 KB   2158/2673 KB   2160/2673 KB   2162/2673 KB   2164/2673 KB   2166/2673 KB   2168/2673 KB   2170/2673 KB   2172/2673 KB   2174/2673 KB   2176/2673 KB   2178/2673 KB   2180/2673 KB   2182/2673 KB   2184/2673 KB   2186/2673 KB   2188/2673 KB   2190/2673 KB   2192/2673 KB   2194/2673 KB   2196/2673 KB   2198/2673 KB   2200/2673 KB   2202/2673 KB   2204/2673 KB   2206/2673 KB   2208/2673 KB   2210/2673 KB   2212/2673 KB   2214/2673 KB   2216/2673 KB   2218/2673 KB   2220/2673 KB   2222/2673 KB   2224/2673 KB   2226/2673 KB   2228/2673 KB   2230/2673 KB   2232/2673 KB   2234/2673 KB   2236/2673 KB   2238/2673 KB   2240/2673 KB   2242/2673 KB   2244/2673 KB   2246/2673 KB   2248/2673 KB   2250/2673 KB   2252/2673 KB   2254/2673 KB   2256/2673 KB   2258/2673 KB   2260/2673 KB   2262/2673 KB   2264/2673 KB   2266/2673 KB   2268/2673 KB   2270/2673 KB   2272/2673 KB   2274/2673 KB   2276/2673 KB   2278/2673 KB   2280/2673 KB   2282/2673 KB   2284/2673 KB   2286/2673 KB   2288/2673 KB   2290/2673 KB   2292/2673 KB   2294/2673 KB   2296/2673 KB   2298/2673 KB   2300/2673 KB   2302/2673 KB   2304/2673 KB   2306/2673 KB   2308/2673 KB   2310/2673 KB   2312/2673 KB   2314/2673 KB   2316/2673 KB   2318/2673 KB   2320/2673 KB   2322/2673 KB   2324/2673 KB   2326/2673 KB   2328/2673 KB   2330/2673 KB   2332/2673 KB   2334/2673 KB   2336/2673 KB   2338/2673 KB   2340/2673 KB   2342/2673 KB   2344/2673 KB   2346/2673 KB   2348/2673 KB   2350/2673 KB   2352/2673 KB   2354/2673 KB   2356/2673 KB   2358/2673 KB   2360/2673 KB   2362/2673 KB   2364/2673 KB   2366/2673 KB   2368/2673 KB   2370/2673 KB   2372/2673 KB   2374/2673 KB   2376/2673 KB   2378/2673 KB   2380/2673 KB   2382/2673 KB   2384/2673 KB   2386/2673 KB   2388/2673 KB   2390/2673 KB   2392/2673 KB   2394/2673 KB   2396/2673 KB   2398/2673 KB   2400/2673 KB   2402/2673 KB   2404/2673 KB   2406/2673 KB   2408/2673 KB   2410/2673 KB   2412/2673 KB   2414/2673 KB   2416/2673 KB   2418/2673 KB   2420/2673 KB   2422/2673 KB   2424/2673 KB   2426/2673 KB   2428/2673 KB   2430/2673 KB   2432/2673 KB   2434/2673 KB   2436/2673 KB   2438/2673 KB   2440/2673 KB   2442/2673 KB   2444/2673 KB   2446/2673 KB   2448/2673 KB   2450/2673 KB   2452/2673 KB   2454/2673 KB   2456/2673 KB   2458/2673 KB   2460/2673 KB   2462/2673 KB   2464/2673 KB   2466/2673 KB   2468/2673 KB   2470/2673 KB   2472/2673 KB   2474/2673 KB   2476/2673 KB   2478/2673 KB   2480/2673 KB   2482/2673 KB   2484/2673 KB   2486/2673 KB   2488/2673 KB   2490/2673 KB   2492/2673 KB   2494/2673 KB   2496/2673 KB   2498/2673 KB   2500/2673 KB   2502/2673 KB   2504/2673 KB   2506/2673 KB   2508/2673 KB   2510/2673 KB   2512/2673 KB   2514/2673 KB   2516/2673 KB   2518/2673 KB   2520/2673 KB   2522/2673 KB   2524/2673 KB   2526/2673 KB   2528/2673 KB   2530/2673 KB   2532/2673 KB   2534/2673 KB   2536/2673 KB   2538/2673 KB   2540/2673 KB   2542/2673 KB   2544/2673 KB   2546/2673 KB   2548/2673 KB   2550/2673 KB   2552/2673 KB   2554/2673 KB   2556/2673 KB   2558/2673 KB   2560/2673 KB   2562/2673 KB   2564/2673 KB   2566/2673 KB   2568/2673 KB   2570/2673 KB   2572/2673 KB   2574/2673 KB   2576/2673 KB   2578/2673 KB   2580/2673 KB   2582/2673 KB   2584/2673 KB   2586/2673 KB   2588/2673 KB   2590/2673 KB   2592/2673 KB   2594/2673 KB   2596/2673 KB   2598/2673 KB   2600/2673 KB   2602/2673 KB   2604/2673 KB   2606/2673 KB   2608/2673 KB   2610/2673 KB   2612/2673 KB   2614/2673 KB   2616/2673 KB   2618/2673 KB   2620/2673 KB   2622/2673 KB   2624/2673 KB   2626/2673 KB   2628/2673 KB   2630/2673 KB   2632/2673 KB   2634/2673 KB   2636/2673 KB   2638/2673 KB   2640/2673 KB   2642/2673 KB   2644/2673 KB   2646/2673 KB   2648/2673 KB   2650/2673 KB   2652/2673 KB   2654/2673 KB   2656/2673 KB   2658/2673 KB   2660/2673 KB   2662/2673 KB   2664/2673 KB   2666/2673 KB   2668/2673 KB   2670/2673 KB   2672/2673 KB   2673/2673 KB                  Uploaded: https://oss.sonatype.org/content/repositories/snapshots/com/puppycrawl/tools/checkstyle/6.19-SNAPSHOT/checkstyle-6.19-20160512.184756-18-tests.jar (2673 KB at 1381.8 KB/sec)
Downloading: https://oss.sonatype.org/content/repositories/snapshots/com/puppycrawl/tools/checkstyle/maven-metadata.xml
471/471 B                  Downloaded: https://oss.sonatype.org/content/repositories/snapshots/com/puppycrawl/tools/checkstyle/maven-metadata.xml (471 B at 9.8 KB/sec)
Uploading: https://oss.sonatype.org/content/repositories/snapshots/com/puppycrawl/tools/checkstyle/6.19-SNAPSHOT/maven-metadata.xml
992/992 B               Uploaded: https://oss.sonatype.org/content/repositories/snapshots/com/puppycrawl/tools/checkstyle/6.19-SNAPSHOT/maven-metadata.xml (992 B at 7.2 KB/sec)
Uploading: https://oss.sonatype.org/content/repositories/snapshots/com/puppycrawl/tools/checkstyle/maven-metadata.xml
471/471 B               Uploaded: https://oss.sonatype.org/content/repositories/snapshots/com/puppycrawl/tools/checkstyle/maven-metadata.xml (471 B at 2.8 KB/sec)
Uploading: https://oss.sonatype.org/content/repositories/snapshots/com/puppycrawl/tools/checkstyle/6.19-SNAPSHOT/checkstyle-6.19-20160512.184756-18.jar
2/1133 KB   4/1133 KB   6/1133 KB   8/1133 KB   10/1133 KB   12/1133 KB   14/1133 KB   16/1133 KB   18/1133 KB   20/1133 KB   22/1133 KB   24/1133 KB   26/1133 KB   28/1133 KB   30/1133 KB   32/1133 KB   34/1133 KB   36/1133 KB   38/1133 KB   40/1133 KB   42/1133 KB   44/1133 KB   46/1133 KB   48/1133 KB   50/1133 KB   52/1133 KB   54/1133 KB   56/1133 KB   58/1133 KB   60/1133 KB   62/1133 KB   64/1133 KB   66/1133 KB   68/1133 KB   70/1133 KB   72/1133 KB   74/1133 KB   76/1133 KB   78/1133 KB   80/1133 KB   82/1133 KB   84/1133 KB   86/1133 KB   88/1133 KB   90/1133 KB   92/1133 KB   94/1133 KB   96/1133 KB   98/1133 KB   100/1133 KB   102/1133 KB   104/1133 KB   106/1133 KB   108/1133 KB   110/1133 KB   112/1133 KB   114/1133 KB   116/1133 KB   118/1133 KB   120/1133 KB   122/1133 KB   124/1133 KB   126/1133 KB   128/1133 KB   130/1133 KB   132/1133 KB   134/1133 KB   136/1133 KB   138/1133 KB   140/1133 KB   142/1133 KB   144/1133 KB   146/1133 KB   148/1133 KB   150/1133 KB   152/1133 KB   154/1133 KB   156/1133 KB   158/1133 KB   160/1133 KB   162/1133 KB   164/1133 KB   166/1133 KB   168/1133 KB   170/1133 KB   172/1133 KB   174/1133 KB   176/1133 KB   178/1133 KB   180/1133 KB   182/1133 KB   184/1133 KB   186/1133 KB   188/1133 KB   190/1133 KB   192/1133 KB   194/1133 KB   196/1133 KB   198/1133 KB   200/1133 KB   202/1133 KB   204/1133 KB   206/1133 KB   208/1133 KB   210/1133 KB   212/1133 KB   214/1133 KB   216/1133 KB   218/1133 KB   220/1133 KB   222/1133 KB   224/1133 KB   226/1133 KB   228/1133 KB   230/1133 KB   232/1133 KB   234/1133 KB   236/1133 KB   238/1133 KB   240/1133 KB   242/1133 KB   244/1133 KB   246/1133 KB   248/1133 KB   250/1133 KB   252/1133 KB   254/1133 KB   256/1133 KB   258/1133 KB   260/1133 KB   262/1133 KB   264/1133 KB   266/1133 KB   268/1133 KB   270/1133 KB   272/1133 KB   274/1133 KB   276/1133 KB   278/1133 KB   280/1133 KB   282/1133 KB   284/1133 KB   286/1133 KB   288/1133 KB   290/1133 KB   292/1133 KB   294/1133 KB   296/1133 KB   298/1133 KB   300/1133 KB   302/1133 KB   304/1133 KB   306/1133 KB   308/1133 KB   310/1133 KB   312/1133 KB   314/1133 KB   316/1133 KB   318/1133 KB   320/1133 KB   322/1133 KB   324/1133 KB   326/1133 KB   328/1133 KB   330/1133 KB   332/1133 KB   334/1133 KB   336/1133 KB   338/1133 KB   340/1133 KB   342/1133 KB   344/1133 KB   346/1133 KB   348/1133 KB   350/1133 KB   352/1133 KB   354/1133 KB   356/1133 KB   358/1133 KB   360/1133 KB   362/1133 KB   364/1133 KB   366/1133 KB   368/1133 KB   370/1133 KB   372/1133 KB   374/1133 KB   376/1133 KB   378/1133 KB   380/1133 KB   382/1133 KB   384/1133 KB   386/1133 KB   388/1133 KB   390/1133 KB   392/1133 KB   394/1133 KB   396/1133 KB   398/1133 KB   400/1133 KB   402/1133 KB   404/1133 KB   406/1133 KB   408/1133 KB   410/1133 KB   412/1133 KB   414/1133 KB   416/1133 KB   418/1133 KB   420/1133 KB   422/1133 KB   424/1133 KB   426/1133 KB   428/1133 KB   430/1133 KB   432/1133 KB   434/1133 KB   436/1133 KB   438/1133 KB   440/1133 KB   442/1133 KB   444/1133 KB   446/1133 KB   448/1133 KB   450/1133 KB   452/1133 KB   454/1133 KB   456/1133 KB   458/1133 KB   460/1133 KB   462/1133 KB   464/1133 KB   466/1133 KB   468/1133 KB   470/1133 KB   472/1133 KB   474/1133 KB   476/1133 KB   478/1133 KB   480/1133 KB   482/1133 KB   484/1133 KB   486/1133 KB   488/1133 KB   490/1133 KB   492/1133 KB   494/1133 KB   496/1133 KB   498/1133 KB   500/1133 KB   502/1133 KB   504/1133 KB   506/1133 KB   508/1133 KB   510/1133 KB   512/1133 KB   514/1133 KB   516/1133 KB   518/1133 KB   520/1133 KB   522/1133 KB   524/1133 KB   526/1133 KB   528/1133 KB   530/1133 KB   532/1133 KB   534/1133 KB   536/1133 KB   538/1133 KB   540/1133 KB   542/1133 KB   544/1133 KB   546/1133 KB   548/1133 KB   550/1133 KB   552/1133 KB   554/1133 KB   556/1133 KB   558/1133 KB   560/1133 KB   562/1133 KB   564/1133 KB   566/1133 KB   568/1133 KB   570/1133 KB   572/1133 KB   574/1133 KB   576/1133 KB   578/1133 KB   580/1133 KB   582/1133 KB   584/1133 KB   586/1133 KB   588/1133 KB   590/1133 KB   592/1133 KB   594/1133 KB   596/1133 KB   598/1133 KB   600/1133 KB   602/1133 KB   604/1133 KB   606/1133 KB   608/1133 KB   610/1133 KB   612/1133 KB   614/1133 KB   616/1133 KB   618/1133 KB   620/1133 KB   622/1133 KB   624/1133 KB   626/1133 KB   628/1133 KB   630/1133 KB   632/1133 KB   634/1133 KB   636/1133 KB   638/1133 KB   640/1133 KB   642/1133 KB   644/1133 KB   646/1133 KB   648/1133 KB   650/1133 KB   652/1133 KB   654/1133 KB   656/1133 KB   658/1133 KB   660/1133 KB   662/1133 KB   664/1133 KB   666/1133 KB   668/1133 KB   670/1133 KB   672/1133 KB   674/1133 KB   676/1133 KB   678/1133 KB   680/1133 KB   682/1133 KB   684/1133 KB   686/1133 KB   688/1133 KB   690/1133 KB   692/1133 KB   694/1133 KB   696/1133 KB   698/1133 KB   700/1133 KB   702/1133 KB   704/1133 KB   706/1133 KB   708/1133 KB   710/1133 KB   712/1133 KB   714/1133 KB   716/1133 KB   718/1133 KB   720/1133 KB   722/1133 KB   724/1133 KB   726/1133 KB   728/1133 KB   730/1133 KB   732/1133 KB   734/1133 KB   736/1133 KB   738/1133 KB   740/1133 KB   742/1133 KB   744/1133 KB   746/1133 KB   748/1133 KB   750/1133 KB   752/1133 KB   754/1133 KB   756/1133 KB   758/1133 KB   760/1133 KB   762/1133 KB   764/1133 KB   766/1133 KB   768/1133 KB   770/1133 KB   772/1133 KB   774/1133 KB   776/1133 KB   778/1133 KB   780/1133 KB   782/1133 KB   784/1133 KB   786/1133 KB   788/1133 KB   790/1133 KB   792/1133 KB   794/1133 KB   796/1133 KB   798/1133 KB   800/1133 KB   802/1133 KB   804/1133 KB   806/1133 KB   808/1133 KB   810/1133 KB   812/1133 KB   814/1133 KB   816/1133 KB   818/1133 KB   820/1133 KB   822/1133 KB   824/1133 KB   826/1133 KB   828/1133 KB   830/1133 KB   832/1133 KB   834/1133 KB   836/1133 KB   838/1133 KB   840/1133 KB   842/1133 KB   844/1133 KB   846/1133 KB   848/1133 KB   850/1133 KB   852/1133 KB   854/1133 KB   856/1133 KB   858/1133 KB   860/1133 KB   862/1133 KB   864/1133 KB   866/1133 KB   868/1133 KB   870/1133 KB   872/1133 KB   874/1133 KB   876/1133 KB   878/1133 KB   880/1133 KB   882/1133 KB   884/1133 KB   886/1133 KB   888/1133 KB   890/1133 KB   892/1133 KB   894/1133 KB   896/1133 KB   898/1133 KB   900/1133 KB   902/1133 KB   904/1133 KB   906/1133 KB   908/1133 KB   910/1133 KB   912/1133 KB   914/1133 KB   916/1133 KB   918/1133 KB   920/1133 KB   922/1133 KB   924/1133 KB   926/1133 KB   928/1133 KB   930/1133 KB   932/1133 KB   934/1133 KB   936/1133 KB   938/1133 KB   940/1133 KB   942/1133 KB   944/1133 KB   946/1133 KB   948/1133 KB   950/1133 KB   952/1133 KB   954/1133 KB   956/1133 KB   958/1133 KB   960/1133 KB   962/1133 KB   964/1133 KB   966/1133 KB   968/1133 KB   970/1133 KB   972/1133 KB   974/1133 KB   976/1133 KB   978/1133 KB   980/1133 KB   982/1133 KB   984/1133 KB   986/1133 KB   988/1133 KB   990/1133 KB   992/1133 KB   994/1133 KB   996/1133 KB   998/1133 KB   1000/1133 KB   1002/1133 KB   1004/1133 KB   1006/1133 KB   1008/1133 KB   1010/1133 KB   1012/1133 KB   1014/1133 KB   1016/1133 KB   1018/1133 KB   1020/1133 KB   1022/1133 KB   1024/1133 KB   1026/1133 KB   1028/1133 KB   1030/1133 KB   1032/1133 KB   1034/1133 KB   1036/1133 KB   1038/1133 KB   1040/1133 KB   1042/1133 KB   1044/1133 KB   1046/1133 KB   1048/1133 KB   1050/1133 KB   1052/1133 KB   1054/1133 KB   1056/1133 KB   1058/1133 KB   1060/1133 KB   1062/1133 KB   1064/1133 KB   1066/1133 KB   1068/1133 KB   1070/1133 KB   1072/1133 KB   1074/1133 KB   1076/1133 KB   1078/1133 KB   1080/1133 KB   1082/1133 KB   1084/1133 KB   1086/1133 KB   1088/1133 KB   1090/1133 KB   1092/1133 KB   1094/1133 KB   1096/1133 KB   1098/1133 KB   1100/1133 KB   1102/1133 KB   1104/1133 KB   1106/1133 KB   1108/1133 KB   1110/1133 KB   1112/1133 KB   1114/1133 KB   1116/1133 KB   1118/1133 KB   1120/1133 KB   1122/1133 KB   1124/1133 KB   1126/1133 KB   1128/1133 KB   1130/1133 KB   1132/1133 KB   1133/1133 KB                  Uploaded: https://oss.sonatype.org/content/repositories/snapshots/com/puppycrawl/tools/checkstyle/6.19-SNAPSHOT/checkstyle-6.19-20160512.184756-18.jar (1133 KB at 1559.5 KB/sec)
Uploading: https://oss.sonatype.org/content/repositories/snapshots/com/puppycrawl/tools/checkstyle/6.19-SNAPSHOT/checkstyle-6.19-20160512.184756-18.pom
2/71 KB        4/71 KB   6/71 KB   8/71 KB   10/71 KB   12/71 KB   14/71 KB   16/71 KB   18/71 KB   20/71 KB   22/71 KB   24/71 KB   26/71 KB   28/71 KB   30/71 KB   32/71 KB   34/71 KB   36/71 KB   38/71 KB   40/71 KB   42/71 KB   44/71 KB   46/71 KB   48/71 KB   50/71 KB   52/71 KB   54/71 KB   56/71 KB   58/71 KB   60/71 KB   62/71 KB   64/71 KB   66/71 KB   68/71 KB   70/71 KB   71/71 KB              Uploaded: https://oss.sonatype.org/content/repositories/snapshots/com/puppycrawl/tools/checkstyle/6.19-SNAPSHOT/checkstyle-6.19-20160512.184756-18.pom (71 KB at 391.1 KB/sec)
Uploading: https://oss.sonatype.org/content/repositories/snapshots/com/puppycrawl/tools/checkstyle/6.19-SNAPSHOT/maven-metadata.xml
992/992 B               Uploaded: https://oss.sonatype.org/content/repositories/snapshots/com/puppycrawl/tools/checkstyle/6.19-SNAPSHOT/maven-metadata.xml (992 B at 7.3 KB/sec)
[INFO]  * Bulk deploy of locally gathered snapshot artifacts finished.
[INFO] Remote deploy finished with success.
[INFO] ------------------------------------------------------------------------
[INFO] BUILD SUCCESS
[INFO] ------------------------------------------------------------------------
[INFO] Total time: 01:51 min
[INFO] Finished at: 2016-05-12T18:47:59+00:00
[INFO] Final Memory: 56M/386M
[INFO] ------------------------------------------------------------------------

travis_time:end:05036679:start=1463078765355454447,finish=1463078881525835269,duration=116170380822[0Ktravis_fold:end:after_success.2[0K
Done. Your build exited with 0.
