Using worker: worker-linux-docker-b7b0d998.prod.travis-ci.org:travis-linux-7

travis_fold:start:system_info[0K[33;1mBuild system information[0m
Build language: java
[34m[1mBuild image provisioning date and time[0m
Fri Dec 12 23:29:11 UTC 2014
[34m[1mlsb_release -a[0m
Distributor ID:	Ubuntu
Description:	Ubuntu 12.04.5 LTS
Release:	12.04
Codename:	precise
[34m[1mCookbooks Version[0m
540230e https://github.com/travis-ci/travis-cookbooks/tree/540230e
[34m[1mGCC version[0m
gcc (Ubuntu/Linaro 4.6.3-1ubuntu5) 4.6.3
Copyright (C) 2011 Free Software Foundation, Inc.
This is free software; see the source for copying conditions.  There is NO
warranty; not even for MERCHANTABILITY or FITNESS FOR A PARTICULAR PURPOSE.

[34m[1mLLVM version[0m
clang version 3.4 (tags/RELEASE_34/final)
Target: x86_64-unknown-linux-gnu
Thread model: posix
[34m[1mPre-installed Ruby versions[0m
ruby-1.9.3-p551
[34m[1mPre-installed Node.js versions[0m
v0.10.33
[34m[1mPre-installed Go versions[0m
go1.4
[34m[1mRedis version[0m
redis-server 2.8.18
[34m[1mriak version[0m
1.4.12
[34m[1mMongoDB version[0m
MongoDB 2.4.12
[34m[1mCouchDB version[0m
couchdb 1.6.1
[34m[1mNeo4j version[0m
1.9.4
[34m[1mCassandra version[0m
2.0.9
[34m[1mRabbitMQ Version[0m
3.4.2
[34m[1mElasticSearch version[0m
1.4.0
[34m[1mInstalled Sphinx versions[0m
2.0.10
2.1.9
2.2.4
[34m[1mDefault Sphinx version[0m
2.1.9
[34m[1mInstalled Firefox version[0m
firefox 31.0esr
[34m[1mPhantomJS version[0m
1.9.8
[34m[1mant -version[0m
Apache Ant(TM) version 1.8.2 compiled on December 3 2011
[34m[1mmvn -version[0m
Apache Maven 3.2.3 (33f8c3e1027c3ddde99d3cdebad2656a31e8fdf4; 2014-08-11T20:58:10+00:00)
Maven home: /usr/local/maven
Java version: 1.7.0_72, vendor: Oracle Corporation
Java home: /usr/lib/jvm/java-7-oracle/jre
Default locale: en_US, platform encoding: ANSI_X3.4-1968
OS name: "linux", version: "3.13.0-29-generic", arch: "amd64", family: "unix"
[34m[1mgradle -version[0m

------------------------------------------------------------
Gradle 2.2.1
------------------------------------------------------------

Build time:   2014-11-24 09:45:35 UTC
Build number: none
Revision:     6fcb59c06f43a4e6b1bcb401f7686a8601a1fb4a

Groovy:       2.3.6
Ant:          Apache Ant(TM) version 1.9.3 compiled on December 23 2013
JVM:          1.7.0_72 (Oracle Corporation 24.72-b04)
OS:           Linux 3.13.0-29-generic amd64

[34m[1mlein1 version[0m
Using JLine for console I/O; install rlwrap for optimum experience.
Leiningen 1.7.1 on Java 1.7.0_72 Java HotSpot(TM) 64-Bit Server VM
[34m[1mlein2 version[0m
Leiningen 2.5.0 on Java 1.7.0_72 Java HotSpot(TM) 64-Bit Server VM
[34m[1mlein version[0m
Leiningen 2.5.0 on Java 1.7.0_72 Java HotSpot(TM) 64-Bit Server VM
travis_fold:end:system_info[0K
travis_fold:start:git.checkout[0Ktravis_time:start:07cc9b80[0K$ git clone --depth=50 git://github.com/square/wire.git square/wire
Cloning into 'square/wire'...
remote: Counting objects: 1237, done.[K
remote: Compressing objects:   0% (1/603)   [Kremote: Compressing objects:   1% (7/603)   [Kremote: Compressing objects:   2% (13/603)   [Kremote: Compressing objects:   3% (19/603)   [Kremote: Compressing objects:   4% (25/603)   [Kremote: Compressing objects:   5% (31/603)   [Kremote: Compressing objects:   6% (37/603)   [Kremote: Compressing objects:   7% (43/603)   [Kremote: Compressing objects:   8% (49/603)   [Kremote: Compressing objects:   9% (55/603)   [Kremote: Compressing objects:  10% (61/603)   [Kremote: Compressing objects:  11% (67/603)   [Kremote: Compressing objects:  12% (73/603)   [Kremote: Compressing objects:  13% (79/603)   [Kremote: Compressing objects:  14% (85/603)   [Kremote: Compressing objects:  15% (91/603)   [Kremote: Compressing objects:  16% (97/603)   [Kremote: Compressing objects:  17% (103/603)   [Kremote: Compressing objects:  18% (109/603)   [Kremote: Compressing objects:  19% (115/603)   [Kremote: Compressing objects:  20% (121/603)   [Kremote: Compressing objects:  21% (127/603)   [Kremote: Compressing objects:  22% (133/603)   [Kremote: Compressing objects:  23% (139/603)   [Kremote: Compressing objects:  24% (145/603)   [Kremote: Compressing objects:  25% (151/603)   [Kremote: Compressing objects:  26% (157/603)   [Kremote: Compressing objects:  27% (163/603)   [Kremote: Compressing objects:  28% (169/603)   [Kremote: Compressing objects:  29% (175/603)   [Kremote: Compressing objects:  30% (181/603)   [Kremote: Compressing objects:  31% (187/603)   [Kremote: Compressing objects:  32% (193/603)   [Kremote: Compressing objects:  33% (199/603)   [Kremote: Compressing objects:  34% (206/603)   [Kremote: Compressing objects:  35% (212/603)   [Kremote: Compressing objects:  36% (218/603)   [Kremote: Compressing objects:  37% (224/603)   [Kremote: Compressing objects:  38% (230/603)   [Kremote: Compressing objects:  39% (236/603)   [Kremote: Compressing objects:  40% (242/603)   [Kremote: Compressing objects:  41% (248/603)   [Kremote: Compressing objects:  42% (254/603)   [Kremote: Compressing objects:  43% (260/603)   [Kremote: Compressing objects:  44% (266/603)   [Kremote: Compressing objects:  45% (272/603)   [Kremote: Compressing objects:  46% (278/603)   [Kremote: Compressing objects:  47% (284/603)   [Kremote: Compressing objects:  48% (290/603)   [Kremote: Compressing objects:  49% (296/603)   [Kremote: Compressing objects:  50% (302/603)   [Kremote: Compressing objects:  51% (308/603)   [Kremote: Compressing objects:  52% (314/603)   [Kremote: Compressing objects:  53% (320/603)   [Kremote: Compressing objects:  54% (326/603)   [Kremote: Compressing objects:  55% (332/603)   [Kremote: Compressing objects:  56% (338/603)   [Kremote: Compressing objects:  57% (344/603)   [Kremote: Compressing objects:  58% (350/603)   [Kremote: Compressing objects:  59% (356/603)   [Kremote: Compressing objects:  60% (362/603)   [Kremote: Compressing objects:  61% (368/603)   [Kremote: Compressing objects:  62% (374/603)   [Kremote: Compressing objects:  63% (380/603)   [Kremote: Compressing objects:  64% (386/603)   [Kremote: Compressing objects:  65% (392/603)   [Kremote: Compressing objects:  66% (398/603)   [Kremote: Compressing objects:  67% (405/603)   [Kremote: Compressing objects:  68% (411/603)   [Kremote: Compressing objects:  69% (417/603)   [Kremote: Compressing objects:  70% (423/603)   [Kremote: Compressing objects:  71% (429/603)   [Kremote: Compressing objects:  72% (435/603)   [Kremote: Compressing objects:  73% (441/603)   [Kremote: Compressing objects:  74% (447/603)   [Kremote: Compressing objects:  75% (453/603)   [Kremote: Compressing objects:  76% (459/603)   [Kremote: Compressing objects:  77% (465/603)   [Kremote: Compressing objects:  78% (471/603)   [Kremote: Compressing objects:  79% (477/603)   [Kremote: Compressing objects:  80% (483/603)   [Kremote: Compressing objects:  81% (489/603)   [Kremote: Compressing objects:  82% (495/603)   [Kremote: Compressing objects:  83% (501/603)   [Kremote: Compressing objects:  84% (507/603)   [Kremote: Compressing objects:  85% (513/603)   [Kremote: Compressing objects:  86% (519/603)   [Kremote: Compressing objects:  87% (525/603)   [Kremote: Compressing objects:  88% (531/603)   [Kremote: Compressing objects:  89% (537/603)   [Kremote: Compressing objects:  90% (543/603)   [Kremote: Compressing objects:  91% (549/603)   [Kremote: Compressing objects:  92% (555/603)   [Kremote: Compressing objects:  93% (561/603)   [Kremote: Compressing objects:  94% (567/603)   [Kremote: Compressing objects:  95% (573/603)   [Kremote: Compressing objects:  96% (579/603)   [Kremote: Compressing objects:  97% (585/603)   [Kremote: Compressing objects:  98% (591/603)   [Kremote: Compressing objects:  99% (597/603)   [Kremote: Compressing objects: 100% (603/603)   [Kremote: Compressing objects: 100% (603/603), done.[K
Receiving objects:   0% (1/1237)   Receiving objects:   1% (13/1237)   Receiving objects:   2% (25/1237)   Receiving objects:   3% (38/1237)   Receiving objects:   4% (50/1237)   Receiving objects:   5% (62/1237)   Receiving objects:   6% (75/1237)   Receiving objects:   7% (87/1237)   Receiving objects:   8% (99/1237)   Receiving objects:   9% (112/1237)   Receiving objects:  10% (124/1237)   Receiving objects:  11% (137/1237)   Receiving objects:  12% (149/1237)   Receiving objects:  13% (161/1237)   Receiving objects:  14% (174/1237)   Receiving objects:  15% (186/1237)   Receiving objects:  16% (198/1237)   Receiving objects:  17% (211/1237)   Receiving objects:  18% (223/1237)   Receiving objects:  19% (236/1237)   Receiving objects:  20% (248/1237)   Receiving objects:  21% (260/1237)   Receiving objects:  22% (273/1237)   Receiving objects:  23% (285/1237)   Receiving objects:  24% (297/1237)   Receiving objects:  25% (310/1237)   Receiving objects:  26% (322/1237)   Receiving objects:  27% (334/1237)   Receiving objects:  28% (347/1237)   Receiving objects:  29% (359/1237)   Receiving objects:  30% (372/1237)   Receiving objects:  31% (384/1237)   Receiving objects:  32% (396/1237)   Receiving objects:  33% (409/1237)   Receiving objects:  34% (421/1237)   Receiving objects:  35% (433/1237)   Receiving objects:  36% (446/1237)   Receiving objects:  37% (458/1237)   Receiving objects:  38% (471/1237)   Receiving objects:  39% (483/1237)   Receiving objects:  40% (495/1237)   Receiving objects:  41% (508/1237)   Receiving objects:  42% (520/1237)   Receiving objects:  43% (532/1237)   Receiving objects:  44% (545/1237)   Receiving objects:  45% (557/1237)   Receiving objects:  46% (570/1237)   Receiving objects:  47% (582/1237)   Receiving objects:  48% (594/1237)   Receiving objects:  49% (607/1237)   Receiving objects:  50% (619/1237)   Receiving objects:  51% (631/1237)   Receiving objects:  52% (644/1237)   Receiving objects:  53% (656/1237)   Receiving objects:  54% (668/1237)   Receiving objects:  55% (681/1237)   Receiving objects:  56% (693/1237)   Receiving objects:  57% (706/1237)   Receiving objects:  58% (718/1237)   Receiving objects:  59% (730/1237)   Receiving objects:  60% (743/1237)   Receiving objects:  61% (755/1237)   Receiving objects:  62% (767/1237)   Receiving objects:  63% (780/1237)   Receiving objects:  64% (792/1237)   Receiving objects:  65% (805/1237)   Receiving objects:  66% (817/1237)   Receiving objects:  67% (829/1237)   remote: Total 1237 (delta 476), reused 1074 (delta 356)[K
Receiving objects:  68% (842/1237)   Receiving objects:  69% (854/1237)   Receiving objects:  70% (866/1237)   Receiving objects:  71% (879/1237)   Receiving objects:  72% (891/1237)   Receiving objects:  73% (904/1237)   Receiving objects:  74% (916/1237)   Receiving objects:  75% (928/1237)   Receiving objects:  76% (941/1237)   Receiving objects:  77% (953/1237)   Receiving objects:  78% (965/1237)   Receiving objects:  79% (978/1237)   Receiving objects:  80% (990/1237)   Receiving objects:  81% (1002/1237)   Receiving objects:  82% (1015/1237)   Receiving objects:  83% (1027/1237)   Receiving objects:  84% (1040/1237)   Receiving objects:  85% (1052/1237)   Receiving objects:  86% (1064/1237)   Receiving objects:  87% (1077/1237)   Receiving objects:  88% (1089/1237)   Receiving objects:  89% (1101/1237)   Receiving objects:  90% (1114/1237)   Receiving objects:  91% (1126/1237)   Receiving objects:  92% (1139/1237)   Receiving objects:  93% (1151/1237)   Receiving objects:  94% (1163/1237)   Receiving objects:  95% (1176/1237)   Receiving objects:  96% (1188/1237)   Receiving objects:  97% (1200/1237)   Receiving objects:  98% (1213/1237)   Receiving objects:  99% (1225/1237)   Receiving objects: 100% (1237/1237)   Receiving objects: 100% (1237/1237), 284.36 KiB | 0 bytes/s, done.
Resolving deltas:   0% (0/476)   Resolving deltas:   1% (5/476)   Resolving deltas:   2% (10/476)   Resolving deltas:   3% (17/476)   Resolving deltas:   5% (24/476)   Resolving deltas:  10% (48/476)   Resolving deltas:  20% (97/476)   Resolving deltas:  21% (102/476)   Resolving deltas:  22% (109/476)   Resolving deltas:  23% (111/476)   Resolving deltas:  25% (120/476)   Resolving deltas:  27% (130/476)   Resolving deltas:  28% (134/476)   Resolving deltas:  30% (143/476)   Resolving deltas:  31% (149/476)   Resolving deltas:  32% (153/476)   Resolving deltas:  33% (161/476)   Resolving deltas:  36% (172/476)   Resolving deltas:  37% (177/476)   Resolving deltas:  38% (181/476)   Resolving deltas:  39% (187/476)   Resolving deltas:  40% (191/476)   Resolving deltas:  41% (197/476)   Resolving deltas:  42% (201/476)   Resolving deltas:  43% (208/476)   Resolving deltas:  44% (211/476)   Resolving deltas:  48% (232/476)   Resolving deltas:  50% (238/476)   Resolving deltas:  61% (295/476)   Resolving deltas:  63% (300/476)   Resolving deltas:  64% (305/476)   Resolving deltas:  65% (311/476)   Resolving deltas:  66% (315/476)   Resolving deltas:  67% (319/476)   Resolving deltas:  68% (327/476)   Resolving deltas:  70% (336/476)   Resolving deltas:  71% (341/476)   Resolving deltas:  72% (343/476)   Resolving deltas:  73% (351/476)   Resolving deltas:  75% (361/476)   Resolving deltas:  76% (364/476)   Resolving deltas:  80% (384/476)   Resolving deltas:  81% (387/476)   Resolving deltas:  84% (401/476)   Resolving deltas:  88% (419/476)   Resolving deltas:  92% (438/476)   Resolving deltas:  93% (446/476)   Resolving deltas:  94% (451/476)   Resolving deltas:  96% (458/476)   Resolving deltas:  97% (464/476)   Resolving deltas:  98% (468/476)   Resolving deltas:  99% (473/476)   Resolving deltas: 100% (476/476)   Resolving deltas: 100% (476/476), done.
Checking connectivity... done.
travis_time:end:07cc9b80:start=1420471798226889959,finish=1420471798632757141,duration=405867182[0K$ cd square/wire
travis_time:start:1961c0a1[0K$ git fetch origin +refs/pull/182/merge:
remote: Counting objects: 36, done.[K
remote: Compressing objects:   5% (1/20)   [Kremote: Compressing objects:  10% (2/20)   [Kremote: Compressing objects:  15% (3/20)   [Kremote: Compressing objects:  20% (4/20)   [Kremote: Compressing objects:  25% (5/20)   [Kremote: Compressing objects:  30% (6/20)   [Kremote: Compressing objects:  35% (7/20)   [Kremote: Compressing objects:  40% (8/20)   [Kremote: Compressing objects:  45% (9/20)   [Kremote: Compressing objects:  50% (10/20)   [Kremote: Compressing objects:  55% (11/20)   [Kremote: Compressing objects:  60% (12/20)   [Kremote: Compressing objects:  65% (13/20)   [Kremote: Compressing objects:  70% (14/20)   [Kremote: Compressing objects:  75% (15/20)   [Kremote: Compressing objects:  80% (16/20)   [Kremote: Compressing objects:  85% (17/20)   [Kremote: Compressing objects:  90% (18/20)   [Kremote: Compressing objects:  95% (19/20)   [Kremote: Compressing objects: 100% (20/20)   [Kremote: Compressing objects: 100% (20/20), done.[K
remote: Total 36 (delta 10), reused 26 (delta 0)[K
Unpacking objects:   2% (1/36)   Unpacking objects:   5% (2/36)   Unpacking objects:   8% (3/36)   Unpacking objects:  11% (4/36)   Unpacking objects:  13% (5/36)   Unpacking objects:  16% (6/36)   Unpacking objects:  19% (7/36)   Unpacking objects:  22% (8/36)   Unpacking objects:  25% (9/36)   Unpacking objects:  27% (10/36)   Unpacking objects:  30% (11/36)   Unpacking objects:  33% (12/36)   Unpacking objects:  36% (13/36)   Unpacking objects:  38% (14/36)   Unpacking objects:  41% (15/36)   Unpacking objects:  44% (16/36)   Unpacking objects:  47% (17/36)   Unpacking objects:  50% (18/36)   Unpacking objects:  52% (19/36)   Unpacking objects:  55% (20/36)   Unpacking objects:  58% (21/36)   Unpacking objects:  61% (22/36)   Unpacking objects:  63% (23/36)   Unpacking objects:  66% (24/36)   Unpacking objects:  69% (25/36)   Unpacking objects:  72% (26/36)   Unpacking objects:  75% (27/36)   Unpacking objects:  77% (28/36)   Unpacking objects:  80% (29/36)   Unpacking objects:  83% (30/36)   Unpacking objects:  86% (31/36)   Unpacking objects:  88% (32/36)   Unpacking objects:  91% (33/36)   Unpacking objects:  94% (34/36)   Unpacking objects:  97% (35/36)   Unpacking objects: 100% (36/36)   Unpacking objects: 100% (36/36), done.
From git://github.com/square/wire
 * branch            refs/pull/182/merge -> FETCH_HEAD
travis_time:end:1961c0a1:start=1420471798636499707,finish=1420471798776680680,duration=140180973[0K$ git checkout -qf FETCH_HEAD
travis_fold:end:git.checkout[0K
[33;1mThis job is running on container-based infrastructure, which does not allow use of 'sudo', setuid and setguid executables.[0m
[33;1mSee http://docs.travis-ci.com/user/workers/container-based-infrastructure/ for details.[0m

[33;1mSetting environment variables from .travis.yml[0m
$ export CI_DEPLOY_USERNAME=[secure]
$ export CI_DEPLOY_PASSWORD=[secure]

travis_fold:start:cache.1[0KSetting up build cache
$ export CASHER_DIR=$HOME/.casher
travis_time:start:007abf98[0K$ Installing caching utilities
travis_time:end:007abf98:start=1420471802209758171,finish=1420471802262683681,duration=52925510[0Ktravis_time:start:088af0f6[0Kattempting to download cache archive
found cache
travis_time:end:088af0f6:start=1420471802267205953,finish=1420471804478804240,duration=2211598287[0Ktravis_time:start:06501b94[0Kadding /home/travis/.m2 to cache
travis_time:end:06501b94:start=1420471804482601481,finish=1420471806610688374,duration=2128086893[0Ktravis_fold:end:cache.1[0K$ jdk_switcher use oraclejdk8
Switching to Oracle JDK8 (java-8-oracle), JAVA_HOME will be set to /usr/lib/jvm/java-8-oracle
$ java -version
java version "1.8.0_25"
Java(TM) SE Runtime Environment (build 1.8.0_25-b17)
Java HotSpot(TM) 64-Bit Server VM (build 25.25-b02, mixed mode)
$ javac -version
javac 1.8.0_25
travis_fold:start:install[0Ktravis_time:start:05b45fb4[0K$ mvn install -DskipTests=true -Dmaven.javadoc.skip=true -B -V
Java HotSpot(TM) 64-Bit Server VM warning: ignoring option MaxPermSize=192m; support was removed in 8.0
Apache Maven 3.2.3 (33f8c3e1027c3ddde99d3cdebad2656a31e8fdf4; 2014-08-11T20:58:10+00:00)
Maven home: /usr/local/maven
Java version: 1.8.0_25, vendor: Oracle Corporation
Java home: /usr/lib/jvm/java-8-oracle/jre
Default locale: en_US, platform encoding: UTF-8
OS name: "linux", version: "3.13.0-40-generic", arch: "amd64", family: "unix"
[INFO] Scanning for projects...
[INFO] ------------------------------------------------------------------------
[INFO] Reactor Build Order:
[INFO] 
[INFO] Wire Protocol Buffers
[INFO] Wire Protocol Buffer Runtime
[INFO] Wire Protocol Buffer Compiler
[INFO] Wire Protocol Buffer Gson Support
[INFO] Wire Protocol Buffer Maven Plugin
[INFO]                                                                         
[INFO] ------------------------------------------------------------------------
[INFO] Building Wire Protocol Buffers 1.6.1-SNAPSHOT
[INFO] ------------------------------------------------------------------------
[INFO] 
[INFO] --- maven-enforcer-plugin:1.0:enforce (enforce-maven) @ wire ---
[INFO] 
[INFO] --- maven-checkstyle-plugin:2.10:checkstyle (default) @ wire ---
[INFO] 
[INFO] --- maven-install-plugin:2.4:install (default-install) @ wire ---
[INFO] Installing /home/travis/build/square/wire/pom.xml to /home/travis/.m2/repository/com/squareup/wire/wire/1.6.1-SNAPSHOT/wire-1.6.1-SNAPSHOT.pom
[INFO]                                                                         
[INFO] ------------------------------------------------------------------------
[INFO] Building Wire Protocol Buffer Runtime 1.6.1-SNAPSHOT
[INFO] ------------------------------------------------------------------------
[INFO] 
[INFO] --- maven-enforcer-plugin:1.0:enforce (enforce-maven) @ wire-runtime ---
[INFO] 
[INFO] --- maven-resources-plugin:2.6:resources (default-resources) @ wire-runtime ---
[INFO] Using 'UTF-8' encoding to copy filtered resources.
[INFO] skip non existing resourceDirectory /home/travis/build/square/wire/wire-runtime/src/main/resources
[INFO] 
[INFO] --- maven-compiler-plugin:3.1:compile (default-compile) @ wire-runtime ---
[INFO] Changes detected - recompiling the module!
[INFO] Compiling 19 source files to /home/travis/build/square/wire/wire-runtime/target/classes
[WARNING] /home/travis/build/square/wire/wire-runtime/src/main/java/com/squareup/wire/Wire.java: Some input files use unchecked or unsafe operations.
[WARNING] /home/travis/build/square/wire/wire-runtime/src/main/java/com/squareup/wire/Wire.java: Recompile with -Xlint:unchecked for details.
[INFO] 
[INFO] --- maven-resources-plugin:2.6:testResources (default-testResources) @ wire-runtime ---
[INFO] Using 'UTF-8' encoding to copy filtered resources.
[INFO] skip non existing resourceDirectory /home/travis/build/square/wire/wire-runtime/src/test/resources
[INFO] 
[INFO] --- maven-compiler-plugin:3.1:testCompile (default-testCompile) @ wire-runtime ---
[INFO] Changes detected - recompiling the module!
[INFO] Compiling 75 source files to /home/travis/build/square/wire/wire-runtime/target/test-classes
[WARNING] /home/travis/build/square/wire/wire-runtime/src/test/java/com/squareup/wire/WireTest.java: /home/travis/build/square/wire/wire-runtime/src/test/java/com/squareup/wire/WireTest.java uses or overrides a deprecated API.
[WARNING] /home/travis/build/square/wire/wire-runtime/src/test/java/com/squareup/wire/WireTest.java: Recompile with -Xlint:deprecation for details.
[INFO] 
[INFO] --- maven-surefire-plugin:2.12.4:test (default-test) @ wire-runtime ---
[INFO] Tests are skipped.
[INFO] 
[INFO] --- maven-jar-plugin:2.4:jar (default-jar) @ wire-runtime ---
[INFO] Building jar: /home/travis/build/square/wire/wire-runtime/target/wire-runtime-1.6.1-SNAPSHOT.jar
[INFO] 
[INFO] --- maven-checkstyle-plugin:2.10:checkstyle (default) @ wire-runtime ---
[INFO] Starting audit...
Audit done.

[WARNING] Unable to locate Source XRef to link to - DISABLED
[INFO] 
[INFO] --- maven-install-plugin:2.4:install (default-install) @ wire-runtime ---
[INFO] Installing /home/travis/build/square/wire/wire-runtime/target/wire-runtime-1.6.1-SNAPSHOT.jar to /home/travis/.m2/repository/com/squareup/wire/wire-runtime/1.6.1-SNAPSHOT/wire-runtime-1.6.1-SNAPSHOT.jar
[INFO] Installing /home/travis/build/square/wire/wire-runtime/pom.xml to /home/travis/.m2/repository/com/squareup/wire/wire-runtime/1.6.1-SNAPSHOT/wire-runtime-1.6.1-SNAPSHOT.pom
[INFO]                                                                         
[INFO] ------------------------------------------------------------------------
[INFO] Building Wire Protocol Buffer Compiler 1.6.1-SNAPSHOT
[INFO] ------------------------------------------------------------------------
[INFO] 
[INFO] --- maven-enforcer-plugin:1.0:enforce (enforce-maven) @ wire-compiler ---
[INFO] 
[INFO] --- maven-resources-plugin:2.6:resources (default-resources) @ wire-compiler ---
[INFO] Using 'UTF-8' encoding to copy filtered resources.
[INFO] skip non existing resourceDirectory /home/travis/build/square/wire/wire-compiler/src/main/resources
[INFO] 
[INFO] --- maven-compiler-plugin:3.1:compile (default-compile) @ wire-compiler ---
[INFO] Changes detected - recompiling the module!
[INFO] Compiling 14 source files to /home/travis/build/square/wire/wire-compiler/target/classes
[INFO] 
[INFO] --- maven-resources-plugin:2.6:testResources (default-testResources) @ wire-compiler ---
[INFO] Using 'UTF-8' encoding to copy filtered resources.
[INFO] skip non existing resourceDirectory /home/travis/build/square/wire/wire-compiler/src/test/resources
[INFO] 
[INFO] --- maven-compiler-plugin:3.1:testCompile (default-testCompile) @ wire-compiler ---
[INFO] Changes detected - recompiling the module!
[INFO] Compiling 4 source files to /home/travis/build/square/wire/wire-compiler/target/test-classes
[WARNING] /home/travis/build/square/wire/wire-compiler/src/test/java/com/squareup/wire/WireCompilerErrorTest.java: /home/travis/build/square/wire/wire-compiler/src/test/java/com/squareup/wire/WireCompilerErrorTest.java uses unchecked or unsafe operations.
[WARNING] /home/travis/build/square/wire/wire-compiler/src/test/java/com/squareup/wire/WireCompilerErrorTest.java: Recompile with -Xlint:unchecked for details.
[INFO] 
[INFO] --- maven-surefire-plugin:2.12.4:test (default-test) @ wire-compiler ---
[INFO] Tests are skipped.
[INFO] 
[INFO] --- maven-jar-plugin:2.4:jar (default-jar) @ wire-compiler ---
[INFO] Building jar: /home/travis/build/square/wire/wire-compiler/target/wire-compiler-1.6.1-SNAPSHOT.jar
[INFO] 
[INFO] --- maven-assembly-plugin:2.2-beta-5:single (default) @ wire-compiler ---
[INFO] META-INF/ already added, skipping
[INFO] META-INF/MANIFEST.MF already added, skipping
[INFO] META-INF/maven/ already added, skipping
[INFO] META-INF/ already added, skipping
[INFO] META-INF/MANIFEST.MF already added, skipping
[INFO] com/ already added, skipping
[INFO] com/squareup/ already added, skipping
[INFO] META-INF/maven/ already added, skipping
[INFO] META-INF/ already added, skipping
[INFO] META-INF/MANIFEST.MF already added, skipping
[INFO] com/ already added, skipping
[INFO] com/squareup/ already added, skipping
[INFO] META-INF/maven/ already added, skipping
[INFO] META-INF/maven/com.squareup/ already added, skipping
[INFO] Building jar: /home/travis/build/square/wire/wire-compiler/target/wire-compiler-1.6.1-SNAPSHOT-jar-with-dependencies.jar
[INFO] META-INF/ already added, skipping
[INFO] META-INF/MANIFEST.MF already added, skipping
[INFO] META-INF/maven/ already added, skipping
[INFO] META-INF/ already added, skipping
[INFO] META-INF/MANIFEST.MF already added, skipping
[INFO] com/ already added, skipping
[INFO] com/squareup/ already added, skipping
[INFO] META-INF/maven/ already added, skipping
[INFO] META-INF/ already added, skipping
[INFO] META-INF/MANIFEST.MF already added, skipping
[INFO] com/ already added, skipping
[INFO] com/squareup/ already added, skipping
[INFO] META-INF/maven/ already added, skipping
[INFO] META-INF/maven/com.squareup/ already added, skipping
[INFO] 
[INFO] --- maven-checkstyle-plugin:2.10:checkstyle (default) @ wire-compiler ---
[INFO] Starting audit...
Audit done.

[WARNING] Unable to locate Source XRef to link to - DISABLED
[INFO] 
[INFO] --- maven-install-plugin:2.4:install (default-install) @ wire-compiler ---
[INFO] Installing /home/travis/build/square/wire/wire-compiler/target/wire-compiler-1.6.1-SNAPSHOT.jar to /home/travis/.m2/repository/com/squareup/wire/wire-compiler/1.6.1-SNAPSHOT/wire-compiler-1.6.1-SNAPSHOT.jar
[INFO] Installing /home/travis/build/square/wire/wire-compiler/pom.xml to /home/travis/.m2/repository/com/squareup/wire/wire-compiler/1.6.1-SNAPSHOT/wire-compiler-1.6.1-SNAPSHOT.pom
[INFO] Installing /home/travis/build/square/wire/wire-compiler/target/wire-compiler-1.6.1-SNAPSHOT-jar-with-dependencies.jar to /home/travis/.m2/repository/com/squareup/wire/wire-compiler/1.6.1-SNAPSHOT/wire-compiler-1.6.1-SNAPSHOT-jar-with-dependencies.jar
[INFO]                                                                         
[INFO] ------------------------------------------------------------------------
[INFO] Building Wire Protocol Buffer Gson Support 1.6.1-SNAPSHOT
[INFO] ------------------------------------------------------------------------
[INFO] 
[INFO] --- maven-enforcer-plugin:1.0:enforce (enforce-maven) @ wire-gson-support ---
[INFO] 
[INFO] --- maven-resources-plugin:2.6:resources (default-resources) @ wire-gson-support ---
[INFO] Using 'UTF-8' encoding to copy filtered resources.
[INFO] skip non existing resourceDirectory /home/travis/build/square/wire/wire-gson-support/src/main/resources
[INFO] 
[INFO] --- maven-compiler-plugin:3.1:compile (default-compile) @ wire-gson-support ---
[INFO] Changes detected - recompiling the module!
[INFO] Compiling 3 source files to /home/travis/build/square/wire/wire-gson-support/target/classes
[INFO] 
[INFO] --- maven-resources-plugin:2.6:testResources (default-testResources) @ wire-gson-support ---
[INFO] Using 'UTF-8' encoding to copy filtered resources.
[INFO] skip non existing resourceDirectory /home/travis/build/square/wire/wire-gson-support/src/test/resources
[INFO] 
[INFO] --- maven-compiler-plugin:3.1:testCompile (default-testCompile) @ wire-gson-support ---
[INFO] Changes detected - recompiling the module!
[INFO] Compiling 3 source files to /home/travis/build/square/wire/wire-gson-support/target/test-classes
[INFO] 
[INFO] --- maven-surefire-plugin:2.12.4:test (default-test) @ wire-gson-support ---
[INFO] Tests are skipped.
[INFO] 
[INFO] --- maven-jar-plugin:2.4:jar (default-jar) @ wire-gson-support ---
[INFO] Building jar: /home/travis/build/square/wire/wire-gson-support/target/wire-gson-support-1.6.1-SNAPSHOT.jar
[INFO] 
[INFO] --- maven-checkstyle-plugin:2.10:checkstyle (default) @ wire-gson-support ---
[INFO] Starting audit...
Audit done.

[WARNING] Unable to locate Source XRef to link to - DISABLED
[INFO] 
[INFO] --- maven-install-plugin:2.4:install (default-install) @ wire-gson-support ---
[INFO] Installing /home/travis/build/square/wire/wire-gson-support/target/wire-gson-support-1.6.1-SNAPSHOT.jar to /home/travis/.m2/repository/com/squareup/wire/wire-gson-support/1.6.1-SNAPSHOT/wire-gson-support-1.6.1-SNAPSHOT.jar
[INFO] Installing /home/travis/build/square/wire/wire-gson-support/pom.xml to /home/travis/.m2/repository/com/squareup/wire/wire-gson-support/1.6.1-SNAPSHOT/wire-gson-support-1.6.1-SNAPSHOT.pom
[INFO]                                                                         
[INFO] ------------------------------------------------------------------------
[INFO] Building Wire Protocol Buffer Maven Plugin 1.6.1-SNAPSHOT
[INFO] ------------------------------------------------------------------------
[INFO] 
[INFO] --- maven-enforcer-plugin:1.0:enforce (enforce-maven) @ wire-maven-plugin ---
[INFO] 
[INFO] --- maven-plugin-plugin:3.2:helpmojo (help-goal) @ wire-maven-plugin ---
[INFO] Using 'UTF-8' encoding to read mojo metadata.
[INFO] Applying mojo extractor for language: java
[INFO] Mojo extractor for language: java found 0 mojo descriptors.
[INFO] Applying mojo extractor for language: bsh
[INFO] Mojo extractor for language: bsh found 0 mojo descriptors.
[INFO] Applying mojo extractor for language: java-annotations
[INFO] Mojo extractor for language: java-annotations found 0 mojo descriptors.
[INFO] 
[INFO] --- maven-resources-plugin:2.6:resources (default-resources) @ wire-maven-plugin ---
[INFO] Using 'UTF-8' encoding to copy filtered resources.
[INFO] skip non existing resourceDirectory /home/travis/build/square/wire/wire-maven-plugin/src/main/resources
[INFO] 
[INFO] --- maven-compiler-plugin:3.1:compile (default-compile) @ wire-maven-plugin ---
[INFO] Changes detected - recompiling the module!
[INFO] Compiling 2 source files to /home/travis/build/square/wire/wire-maven-plugin/target/classes
[INFO] 
[INFO] --- maven-plugin-plugin:3.2:descriptor (default-descriptor) @ wire-maven-plugin ---
[INFO] Using 'UTF-8' encoding to read mojo metadata.
[INFO] Applying mojo extractor for language: java
[INFO] Mojo extractor for language: java found 0 mojo descriptors.
[INFO] Applying mojo extractor for language: bsh
[INFO] Mojo extractor for language: bsh found 0 mojo descriptors.
[INFO] Applying mojo extractor for language: java-annotations
[INFO] Mojo extractor for language: java-annotations found 2 mojo descriptors.
[INFO] 
[INFO] --- maven-plugin-plugin:3.2:descriptor (mojo-descriptor) @ wire-maven-plugin ---
[INFO] Using 'UTF-8' encoding to read mojo metadata.
[INFO] Applying mojo extractor for language: java
[INFO] Mojo extractor for language: java found 0 mojo descriptors.
[INFO] Applying mojo extractor for language: bsh
[INFO] Mojo extractor for language: bsh found 0 mojo descriptors.
[INFO] Applying mojo extractor for language: java-annotations
[INFO] Mojo extractor for language: java-annotations found 2 mojo descriptors.
[INFO] 
[INFO] --- maven-resources-plugin:2.6:testResources (default-testResources) @ wire-maven-plugin ---
[INFO] Using 'UTF-8' encoding to copy filtered resources.
[INFO] Copying 3 resources
[INFO] 
[INFO] --- maven-compiler-plugin:3.1:testCompile (default-testCompile) @ wire-maven-plugin ---
[INFO] No sources to compile
[INFO] 
[INFO] --- maven-surefire-plugin:2.12.4:test (default-test) @ wire-maven-plugin ---
[INFO] Tests are skipped.
[INFO] 
[INFO] --- maven-jar-plugin:2.4:jar (default-jar) @ wire-maven-plugin ---
[INFO] Building jar: /home/travis/build/square/wire/wire-maven-plugin/target/wire-maven-plugin-1.6.1-SNAPSHOT.jar
[INFO] 
[INFO] --- maven-plugin-plugin:3.2:addPluginArtifactMetadata (default-addPluginArtifactMetadata) @ wire-maven-plugin ---
[INFO] 
[INFO] --- maven-checkstyle-plugin:2.10:checkstyle (default) @ wire-maven-plugin ---
[INFO] Starting audit...
Audit done.

[WARNING] Unable to locate Source XRef to link to - DISABLED
[INFO] 
[INFO] --- maven-install-plugin:2.4:install (default-install) @ wire-maven-plugin ---
[INFO] Installing /home/travis/build/square/wire/wire-maven-plugin/target/wire-maven-plugin-1.6.1-SNAPSHOT.jar to /home/travis/.m2/repository/com/squareup/wire/wire-maven-plugin/1.6.1-SNAPSHOT/wire-maven-plugin-1.6.1-SNAPSHOT.jar
[INFO] Installing /home/travis/build/square/wire/wire-maven-plugin/pom.xml to /home/travis/.m2/repository/com/squareup/wire/wire-maven-plugin/1.6.1-SNAPSHOT/wire-maven-plugin-1.6.1-SNAPSHOT.pom
[INFO] ------------------------------------------------------------------------
[INFO] Reactor Summary:
[INFO] 
[INFO] Wire Protocol Buffers .............................. SUCCESS [  1.959 s]
[INFO] Wire Protocol Buffer Runtime ....................... SUCCESS [ 14.694 s]
[INFO] Wire Protocol Buffer Compiler ...................... SUCCESS [  6.565 s]
[INFO] Wire Protocol Buffer Gson Support .................. SUCCESS [  2.224 s]
[INFO] Wire Protocol Buffer Maven Plugin .................. SUCCESS [  6.938 s]
[INFO] ------------------------------------------------------------------------
[INFO] BUILD SUCCESS
[INFO] ------------------------------------------------------------------------
[INFO] Total time: 32.643 s
[INFO] Finished at: 2015-01-05T15:30:41+00:00
[INFO] Final Memory: 33M/456M
[INFO] ------------------------------------------------------------------------
travis_time:end:05b45fb4:start=1420471807002714229,finish=1420471842548426874,duration=35545712645[0Ktravis_fold:end:install[0Ktravis_time:start:0881e380[0K$ mvn test -B
Java HotSpot(TM) 64-Bit Server VM warning: ignoring option MaxPermSize=192m; support was removed in 8.0
[INFO] Scanning for projects...
[INFO] ------------------------------------------------------------------------
[INFO] Reactor Build Order:
[INFO] 
[INFO] Wire Protocol Buffers
[INFO] Wire Protocol Buffer Runtime
[INFO] Wire Protocol Buffer Compiler
[INFO] Wire Protocol Buffer Gson Support
[INFO] Wire Protocol Buffer Maven Plugin
[INFO]                                                                         
[INFO] ------------------------------------------------------------------------
[INFO] Building Wire Protocol Buffers 1.6.1-SNAPSHOT
[INFO] ------------------------------------------------------------------------
[INFO] 
[INFO] --- maven-enforcer-plugin:1.0:enforce (enforce-maven) @ wire ---
[INFO]                                                                         
[INFO] ------------------------------------------------------------------------
[INFO] Building Wire Protocol Buffer Runtime 1.6.1-SNAPSHOT
[INFO] ------------------------------------------------------------------------
[INFO] 
[INFO] --- maven-enforcer-plugin:1.0:enforce (enforce-maven) @ wire-runtime ---
[INFO] 
[INFO] --- maven-resources-plugin:2.6:resources (default-resources) @ wire-runtime ---
[INFO] Using 'UTF-8' encoding to copy filtered resources.
[INFO] skip non existing resourceDirectory /home/travis/build/square/wire/wire-runtime/src/main/resources
[INFO] 
[INFO] --- maven-compiler-plugin:3.1:compile (default-compile) @ wire-runtime ---
[INFO] Changes detected - recompiling the module!
[INFO] Compiling 19 source files to /home/travis/build/square/wire/wire-runtime/target/classes
[WARNING] /home/travis/build/square/wire/wire-runtime/src/main/java/com/squareup/wire/Wire.java: Some input files use unchecked or unsafe operations.
[WARNING] /home/travis/build/square/wire/wire-runtime/src/main/java/com/squareup/wire/Wire.java: Recompile with -Xlint:unchecked for details.
[INFO] 
[INFO] --- maven-resources-plugin:2.6:testResources (default-testResources) @ wire-runtime ---
[INFO] Using 'UTF-8' encoding to copy filtered resources.
[INFO] skip non existing resourceDirectory /home/travis/build/square/wire/wire-runtime/src/test/resources
[INFO] 
[INFO] --- maven-compiler-plugin:3.1:testCompile (default-testCompile) @ wire-runtime ---
[INFO] Nothing to compile - all classes are up to date
[INFO] 
[INFO] --- maven-surefire-plugin:2.12.4:test (default-test) @ wire-runtime ---
[INFO] Surefire report directory: /home/travis/build/square/wire/wire-runtime/target/surefire-reports

-------------------------------------------------------
 T E S T S
-------------------------------------------------------
Running com.squareup.wire.protobuf.TestAllTypes
Tests run: 19, Failures: 0, Errors: 0, Skipped: 0, Time elapsed: 0.337 sec
Running com.squareup.wire.ByteStringTest
Tests run: 5, Failures: 0, Errors: 0, Skipped: 0, Time elapsed: 0.003 sec
Running com.squareup.wire.UnknownFieldsTest
Tests run: 1, Failures: 0, Errors: 0, Skipped: 0, Time elapsed: 0.005 sec
Running com.squareup.wire.ParseTest
Tests run: 8, Failures: 0, Errors: 0, Skipped: 0, Time elapsed: 0.015 sec
Running com.squareup.wire.RedactedTest
Tests run: 7, Failures: 0, Errors: 0, Skipped: 0, Time elapsed: 0.02 sec
Running com.squareup.wire.TagMapTest
Tests run: 4, Failures: 0, Errors: 0, Skipped: 0, Time elapsed: 0.005 sec
Running com.squareup.wire.CustomOptionsTest
Tests run: 1, Failures: 0, Errors: 0, Skipped: 0, Time elapsed: 0.011 sec
Running com.squareup.wire.WireTest
Tests run: 8, Failures: 0, Errors: 0, Skipped: 0, Time elapsed: 0.04 sec

Results :

Tests run: 53, Failures: 0, Errors: 0, Skipped: 0

[INFO]                                                                         
[INFO] ------------------------------------------------------------------------
[INFO] Building Wire Protocol Buffer Compiler 1.6.1-SNAPSHOT
[INFO] ------------------------------------------------------------------------
[INFO] 
[INFO] --- maven-enforcer-plugin:1.0:enforce (enforce-maven) @ wire-compiler ---
[INFO] 
[INFO] --- maven-resources-plugin:2.6:resources (default-resources) @ wire-compiler ---
[INFO] Using 'UTF-8' encoding to copy filtered resources.
[INFO] skip non existing resourceDirectory /home/travis/build/square/wire/wire-compiler/src/main/resources
[INFO] 
[INFO] --- maven-compiler-plugin:3.1:compile (default-compile) @ wire-compiler ---
[INFO] Nothing to compile - all classes are up to date
[INFO] 
[INFO] --- maven-resources-plugin:2.6:testResources (default-testResources) @ wire-compiler ---
[INFO] Using 'UTF-8' encoding to copy filtered resources.
[INFO] skip non existing resourceDirectory /home/travis/build/square/wire/wire-compiler/src/test/resources
[INFO] 
[INFO] --- maven-compiler-plugin:3.1:testCompile (default-testCompile) @ wire-compiler ---
[INFO] Nothing to compile - all classes are up to date
[INFO] 
[INFO] --- maven-surefire-plugin:2.12.4:test (default-test) @ wire-compiler ---
[INFO] Surefire report directory: /home/travis/build/square/wire/wire-compiler/target/surefire-reports

-------------------------------------------------------
 T E S T S
-------------------------------------------------------
Running com.squareup.wire.WireCompilerTest
cwd = /home/travis/build/square/wire/wire-compiler/.
Compiling proto source file ../wire-runtime/src/test/proto/person.proto
Created output directory /home/travis/build/square/wire/wire-compiler/WireCompilerTest/com/squareup/wire/protos/person
Writing generated code to /home/travis/build/square/wire/wire-compiler/WireCompilerTest/com/squareup/wire/protos/person/Person.java
cwd = /home/travis/build/square/wire/wire-compiler/.
Compiling proto source file ../wire-runtime/src/test/proto/simple_message.proto
Created output directory /home/travis/build/square/wire/wire-compiler/WireCompilerTest/com/squareup/wire/protos/simple
Writing generated code to /home/travis/build/square/wire/wire-compiler/WireCompilerTest/com/squareup/wire/protos/simple/Ext_simple_message.java
wrote extension class com.squareup.wire.protos.simple.Ext_simple_message
Writing generated code to /home/travis/build/square/wire/wire-compiler/WireCompilerTest/com/squareup/wire/protos/simple/SimpleMessage.java
Compiling proto source file ../wire-runtime/src/test/proto/external_message.proto
Writing generated code to /home/travis/build/square/wire/wire-compiler/WireCompilerTest/com/squareup/wire/protos/simple/ExternalMessage.java
Compiling proto source file ../wire-runtime/src/test/proto/foreign.proto
Created output directory /home/travis/build/square/wire/wire-compiler/WireCompilerTest/com/squareup/wire/protos/foreign
Writing generated code to /home/travis/build/square/wire/wire-compiler/WireCompilerTest/com/squareup/wire/protos/foreign/Ext_foreign.java
wrote extension class com.squareup.wire.protos.foreign.Ext_foreign
Writing generated code to /home/travis/build/square/wire/wire-compiler/WireCompilerTest/com/squareup/wire/protos/foreign/ForeignEnum.java
Writing generated code to /home/travis/build/square/wire/wire-compiler/WireCompilerTest/com/squareup/wire/protos/foreign/ForeignMessage.java
cwd = /home/travis/build/square/wire/wire-compiler/.
Compiling proto source file ../wire-runtime/src/test/proto/request_response.proto
Created output directory /home/travis/build/square/wire/wire-compiler/WireCompilerTest/com/squareup/services/anotherpackage
Writing generated code to /home/travis/build/square/wire/wire-compiler/WireCompilerTest/com/squareup/services/anotherpackage/SendDataRequest.java
Writing generated code to /home/travis/build/square/wire/wire-compiler/WireCompilerTest/com/squareup/services/anotherpackage/SendDataResponse.java
Compiling proto source file ../wire-runtime/src/test/proto/service.proto
Writing generated code to /home/travis/build/square/wire/wire-compiler/WireCompilerTest/com/squareup/services/ExampleService.java
cwd = /home/travis/build/square/wire/wire-compiler/.
Compiling proto source file ../wire-runtime/src/test/proto/request_response.proto
Created output directory /home/travis/build/square/wire/wire-compiler/WireCompilerTest/com/squareup/services/anotherpackage
Writing generated code to /home/travis/build/square/wire/wire-compiler/WireCompilerTest/com/squareup/services/anotherpackage/SendDataRequest.java
Writing generated code to /home/travis/build/square/wire/wire-compiler/WireCompilerTest/com/squareup/services/anotherpackage/SendDataResponse.java
Compiling proto source file ../wire-runtime/src/test/proto/retrofit_service.proto
Writing generated code to /home/travis/build/square/wire/wire-compiler/WireCompilerTest/com/squareup/services/RetrofitService.java
cwd = /home/travis/build/square/wire/wire-compiler/.
Compiling proto source file ../wire-runtime/src/test/proto/request_response.proto
Created output directory /home/travis/build/square/wire/wire-compiler/WireCompilerTest/com/squareup/services/anotherpackage
Writing generated code to /home/travis/build/square/wire/wire-compiler/WireCompilerTest/com/squareup/services/anotherpackage/SendDataRequest.java
Writing generated code to /home/travis/build/square/wire/wire-compiler/WireCompilerTest/com/squareup/services/anotherpackage/SendDataResponse.java
Compiling proto source file ../wire-runtime/src/test/proto/rxjava_service.proto
Writing generated code to /home/travis/build/square/wire/wire-compiler/WireCompilerTest/com/squareup/services/RxJavaService.java
cwd = /home/travis/build/square/wire/wire-compiler/.
Analyzing dependencies of root types.
Compiling proto source file ../wire-runtime/src/test/proto/request_response.proto
Created output directory /home/travis/build/square/wire/wire-compiler/WireCompilerTest/com/squareup/services/anotherpackage
Writing generated code to /home/travis/build/square/wire/wire-compiler/WireCompilerTest/com/squareup/services/anotherpackage/SendDataRequest.java
Writing generated code to /home/travis/build/square/wire/wire-compiler/WireCompilerTest/com/squareup/services/anotherpackage/SendDataResponse.java
Compiling proto source file ../wire-runtime/src/test/proto/rxjava_service.proto
Writing generated code to /home/travis/build/square/wire/wire-compiler/WireCompilerTest/com/squareup/services/RxJavaService.java
Compiling proto source file ../wire-runtime/src/test/proto/rxjava_service2.proto
Writing generated code to /home/travis/build/square/wire/wire-compiler/WireCompilerTest/com/squareup/services/HeresAllTheDataRequest.java
Writing generated code to /home/travis/build/square/wire/wire-compiler/WireCompilerTest/com/squareup/services/HeresAllTheDataResponse.java
Writing generated code to /home/travis/build/square/wire/wire-compiler/WireCompilerTest/com/squareup/services/LetsDataRequest.java
Writing generated code to /home/travis/build/square/wire/wire-compiler/WireCompilerTest/com/squareup/services/LetsDataResponse.java
Writing generated code to /home/travis/build/square/wire/wire-compiler/WireCompilerTest/com/squareup/services/RxJavaService2.java
Comparing against expected output SendDataRequest.java
Comparing against expected output SendDataResponse.java
Comparing against expected output HeresAllTheDataRequest.java
Comparing against expected output HeresAllTheDataResponse.java
Comparing against expected output LetsDataRequest.java
Comparing against expected output LetsDataResponse.java
Comparing against expected output RxJavaService.java
Comparing against expected output RxJavaService2.java
cwd = /home/travis/build/square/wire/wire-compiler/.
Analyzing dependencies of root types.
Compiling proto source file ../wire-runtime/src/test/proto/request_response.proto
Created output directory /home/travis/build/square/wire/wire-compiler/WireCompilerTest/com/squareup/services/anotherpackage
Writing generated code to /home/travis/build/square/wire/wire-compiler/WireCompilerTest/com/squareup/services/anotherpackage/SendDataRequest.java
Writing generated code to /home/travis/build/square/wire/wire-compiler/WireCompilerTest/com/squareup/services/anotherpackage/SendDataResponse.java
Compiling proto source file ../wire-runtime/src/test/proto/rxjava_service.proto
Writing generated code to /home/travis/build/square/wire/wire-compiler/WireCompilerTest/com/squareup/services/RxJavaService.java
Compiling proto source file ../wire-runtime/src/test/proto/rxjava_service2.proto
Writing generated code to /home/travis/build/square/wire/wire-compiler/WireCompilerTest/com/squareup/services/LetsDataRequest.java
Writing generated code to /home/travis/build/square/wire/wire-compiler/WireCompilerTest/com/squareup/services/LetsDataResponse.java
Writing generated code to /home/travis/build/square/wire/wire-compiler/WireCompilerTest/com/squareup/services/RxJavaService2.java
Comparing against expected output RxJavaServiceSomeEndpoints.java
Comparing against expected output RxJavaService2SomeEndpoints.java
cwd = /home/travis/build/square/wire/wire-compiler/.
Compiling proto source file ../wire-runtime/src/test/proto/request_response.proto
Created output directory /home/travis/build/square/wire/wire-compiler/WireCompilerTest/com/squareup/services/anotherpackage
Writing generated code to /home/travis/build/square/wire/wire-compiler/WireCompilerTest/com/squareup/services/anotherpackage/SendDataRequest.java
Writing generated code to /home/travis/build/square/wire/wire-compiler/WireCompilerTest/com/squareup/services/anotherpackage/SendDataResponse.java
Compiling proto source file ../wire-runtime/src/test/proto/service.proto
Writing generated code to /home/travis/build/square/wire/wire-compiler/WireCompilerTest/com/squareup/services/ExampleService.java
cwd = /home/travis/build/square/wire/wire-compiler/.
Compiling proto source file ../wire-runtime/src/test/proto/simple_message.proto
Created output directory /home/travis/build/square/wire/wire-compiler/WireCompilerTest/com/squareup/wire/protos/simple
Writing generated code to /home/travis/build/square/wire/wire-compiler/WireCompilerTest/com/squareup/wire/protos/simple/Ext_simple_message.java
wrote extension class com.squareup.wire.protos.simple.Ext_simple_message
Writing generated code to /home/travis/build/square/wire/wire-compiler/WireCompilerTest/com/squareup/wire/protos/simple/SimpleMessage.java
Compiling proto source file ../wire-runtime/src/test/proto/external_message.proto
Writing generated code to /home/travis/build/square/wire/wire-compiler/WireCompilerTest/com/squareup/wire/protos/simple/ExternalMessage.java
Compiling proto source file ../wire-runtime/src/test/proto/foreign.proto
Created output directory /home/travis/build/square/wire/wire-compiler/WireCompilerTest/com/squareup/wire/protos/foreign
Writing generated code to /home/travis/build/square/wire/wire-compiler/WireCompilerTest/com/squareup/wire/protos/foreign/Ext_foreign.java
wrote extension class com.squareup.wire.protos.foreign.Ext_foreign
Writing generated code to /home/travis/build/square/wire/wire-compiler/WireCompilerTest/com/squareup/wire/protos/foreign/ForeignEnum.java
Writing generated code to /home/travis/build/square/wire/wire-compiler/WireCompilerTest/com/squareup/wire/protos/foreign/ForeignMessage.java
Writing generated code to /home/travis/build/square/wire/wire-compiler/WireCompilerTest/com/squareup/wire/protos/ProtoRegistry.java
cwd = /home/travis/build/square/wire/wire-compiler/.
Compiling proto source file ../wire-runtime/src/test/proto/person.proto
Created output directory /home/travis/build/square/wire/wire-compiler/WireCompilerTest/com/squareup/wire/protos/person
Writing generated code to /home/travis/build/square/wire/wire-compiler/WireCompilerTest/com/squareup/wire/protos/person/Person.java
Writing generated code to /home/travis/build/square/wire/wire-compiler/WireCompilerTest/com/squareup/wire/protos/person/EmptyRegistry.java
cwd = /home/travis/build/square/wire/wire-compiler/.
Compiling proto source file ../wire-runtime/src/test/proto/single_level.proto
Created output directory /home/travis/build/square/wire/wire-compiler/WireCompilerTest/com/squareup/wire/protos/single_level
Writing generated code to /home/travis/build/square/wire/wire-compiler/WireCompilerTest/com/squareup/wire/protos/single_level/Foo.java
Writing generated code to /home/travis/build/square/wire/wire-compiler/WireCompilerTest/com/squareup/wire/protos/single_level/Foos.java
cwd = /home/travis/build/square/wire/wire-compiler/.
Compiling proto source file ../wire-runtime/src/test/proto/single_level.proto
Created output directory /home/travis/build/square/wire/wire-compiler/WireCompilerTest/com/squareup/wire/protos/single_level
Writing generated code to /home/travis/build/square/wire/wire-compiler/WireCompilerTest/com/squareup/wire/protos/single_level/Foo.java
Writing generated code to /home/travis/build/square/wire/wire-compiler/WireCompilerTest/com/squareup/wire/protos/single_level/Foos.java
Compiling proto source file ../wire-runtime/src/test/proto/samebasename/single_level.proto
Writing generated code to /home/travis/build/square/wire/wire-compiler/WireCompilerTest/com/squareup/wire/protos/single_level/Bar.java
Writing generated code to /home/travis/build/square/wire/wire-compiler/WireCompilerTest/com/squareup/wire/protos/single_level/Bars.java
cwd = /home/travis/build/square/wire/wire-compiler/.
Compiling proto source file ../wire-runtime/src/test/proto/child_pkg.proto
Created output directory /home/travis/build/square/wire/wire-compiler/WireCompilerTest/com/squareup/wire/protos
Writing generated code to /home/travis/build/square/wire/wire-compiler/WireCompilerTest/com/squareup/wire/protos/ChildPackage.java
cwd = /home/travis/build/square/wire/wire-compiler/.
Compiling proto source file ../wire-runtime/src/test/proto/all_types.proto
Created output directory /home/travis/build/square/wire/wire-compiler/WireCompilerTest/com/squareup/wire/protos/alltypes
Writing generated code to /home/travis/build/square/wire/wire-compiler/WireCompilerTest/com/squareup/wire/protos/alltypes/Ext_all_types.java
wrote extension class com.squareup.wire.protos.alltypes.Ext_all_types
Writing generated code to /home/travis/build/square/wire/wire-compiler/WireCompilerTest/com/squareup/wire/protos/alltypes/AllTypes.java
cwd = /home/travis/build/square/wire/wire-compiler/.
Compiling proto source file ../wire-runtime/src/test/proto/edge_cases.proto
Created output directory /home/travis/build/square/wire/wire-compiler/WireCompilerTest/com/squareup/wire/protos/edgecases
Writing generated code to /home/travis/build/square/wire/wire-compiler/WireCompilerTest/com/squareup/wire/protos/edgecases/NoFields.java
Writing generated code to /home/travis/build/square/wire/wire-compiler/WireCompilerTest/com/squareup/wire/protos/edgecases/OneField.java
Writing generated code to /home/travis/build/square/wire/wire-compiler/WireCompilerTest/com/squareup/wire/protos/edgecases/OneBytesField.java
Writing generated code to /home/travis/build/square/wire/wire-compiler/WireCompilerTest/com/squareup/wire/protos/edgecases/Recursive.java
cwd = /home/travis/build/square/wire/wire-compiler/.
Compiling proto source file ../wire-runtime/src/test/proto/unknown_fields.proto
Created output directory /home/travis/build/square/wire/wire-compiler/WireCompilerTest/com/squareup/wire/protos/unknownfields
Writing generated code to /home/travis/build/square/wire/wire-compiler/WireCompilerTest/com/squareup/wire/protos/unknownfields/VersionOne.java
Writing generated code to /home/travis/build/square/wire/wire-compiler/WireCompilerTest/com/squareup/wire/protos/unknownfields/VersionTwo.java
cwd = /home/travis/build/square/wire/wire-compiler/.
Compiling proto source file ../wire-runtime/src/test/proto/custom_options.proto
Created output directory /home/travis/build/square/wire/wire-compiler/WireCompilerTest/com/squareup/wire/protos/custom_options
Writing generated code to /home/travis/build/square/wire/wire-compiler/WireCompilerTest/com/squareup/wire/protos/custom_options/Ext_custom_options.java
wrote extension class com.squareup.wire.protos.custom_options.Ext_custom_options
Writing generated code to /home/travis/build/square/wire/wire-compiler/WireCompilerTest/com/squareup/wire/protos/custom_options/FooBar.java
Writing generated code to /home/travis/build/square/wire/wire-compiler/WireCompilerTest/com/squareup/wire/protos/custom_options/MessageWithOptions.java
cwd = /home/travis/build/square/wire/wire-compiler/.
Compiling proto source file ../wire-runtime/src/test/proto/custom_options.proto
Created output directory /home/travis/build/square/wire/wire-compiler/WireCompilerTest/com/squareup/wire/protos/custom_options
Writing generated code to /home/travis/build/square/wire/wire-compiler/WireCompilerTest/com/squareup/wire/protos/custom_options/Ext_custom_options.java
wrote extension class com.squareup.wire.protos.custom_options.Ext_custom_options
Writing generated code to /home/travis/build/square/wire/wire-compiler/WireCompilerTest/com/squareup/wire/protos/custom_options/FooBar.java
Writing generated code to /home/travis/build/square/wire/wire-compiler/WireCompilerTest/com/squareup/wire/protos/custom_options/MessageWithOptions.java
Comparing against expected output FooBar.java.noOptions
Comparing against expected output Ext_custom_options.java.noOptions
Comparing against expected output MessageWithOptions.java.noOptions
cwd = /home/travis/build/square/wire/wire-compiler/.
Compiling proto source file ../wire-runtime/src/test/proto/redacted_test.proto
Created output directory /home/travis/build/square/wire/wire-compiler/WireCompilerTest/com/squareup/wire/protos/redacted
Writing generated code to /home/travis/build/square/wire/wire-compiler/WireCompilerTest/com/squareup/wire/protos/redacted/Ext_redacted_test.java
wrote extension class com.squareup.wire.protos.redacted.Ext_redacted_test
Writing generated code to /home/travis/build/square/wire/wire-compiler/WireCompilerTest/com/squareup/wire/protos/redacted/NotRedacted.java
Writing generated code to /home/travis/build/square/wire/wire-compiler/WireCompilerTest/com/squareup/wire/protos/redacted/Redacted.java
Writing generated code to /home/travis/build/square/wire/wire-compiler/WireCompilerTest/com/squareup/wire/protos/redacted/RedactedChild.java
Writing generated code to /home/travis/build/square/wire/wire-compiler/WireCompilerTest/com/squareup/wire/protos/redacted/RedactedCycleA.java
Writing generated code to /home/travis/build/square/wire/wire-compiler/WireCompilerTest/com/squareup/wire/protos/redacted/RedactedCycleB.java
Writing generated code to /home/travis/build/square/wire/wire-compiler/WireCompilerTest/com/squareup/wire/protos/redacted/RedactedRepeated.java
Writing generated code to /home/travis/build/square/wire/wire-compiler/WireCompilerTest/com/squareup/wire/protos/redacted/RedactedRequired.java
cwd = /home/travis/build/square/wire/wire-compiler/.
Compiling proto source file ../wire-runtime/src/test/proto/roots.proto
Created output directory /home/travis/build/square/wire/wire-compiler/WireCompilerTest/com/squareup/wire/protos/roots
Writing generated code to /home/travis/build/square/wire/wire-compiler/WireCompilerTest/com/squareup/wire/protos/roots/Ext_roots.java
wrote extension class com.squareup.wire.protos.roots.Ext_roots
Writing generated code to /home/travis/build/square/wire/wire-compiler/WireCompilerTest/com/squareup/wire/protos/roots/A.java
Writing generated code to /home/travis/build/square/wire/wire-compiler/WireCompilerTest/com/squareup/wire/protos/roots/B.java
Writing generated code to /home/travis/build/square/wire/wire-compiler/WireCompilerTest/com/squareup/wire/protos/roots/C.java
Writing generated code to /home/travis/build/square/wire/wire-compiler/WireCompilerTest/com/squareup/wire/protos/roots/D.java
Writing generated code to /home/travis/build/square/wire/wire-compiler/WireCompilerTest/com/squareup/wire/protos/roots/E.java
Writing generated code to /home/travis/build/square/wire/wire-compiler/WireCompilerTest/com/squareup/wire/protos/roots/G.java
Writing generated code to /home/travis/build/square/wire/wire-compiler/WireCompilerTest/com/squareup/wire/protos/roots/H.java
Writing generated code to /home/travis/build/square/wire/wire-compiler/WireCompilerTest/com/squareup/wire/protos/roots/I.java
Writing generated code to /home/travis/build/square/wire/wire-compiler/WireCompilerTest/com/squareup/wire/protos/roots/J.java
Writing generated code to /home/travis/build/square/wire/wire-compiler/WireCompilerTest/com/squareup/wire/protos/roots/K.java
cwd = /home/travis/build/square/wire/wire-compiler/.
Analyzing dependencies of root types.
Compiling proto source file ../wire-runtime/src/test/proto/roots.proto
Created output directory /home/travis/build/square/wire/wire-compiler/WireCompilerTest/com/squareup/wire/protos/roots
Writing generated code to /home/travis/build/square/wire/wire-compiler/WireCompilerTest/com/squareup/wire/protos/roots/Ext_roots.java
wrote extension class com.squareup.wire.protos.roots.Ext_roots
Writing generated code to /home/travis/build/square/wire/wire-compiler/WireCompilerTest/com/squareup/wire/protos/roots/A.java
Writing generated code to /home/travis/build/square/wire/wire-compiler/WireCompilerTest/com/squareup/wire/protos/roots/B.java
Writing generated code to /home/travis/build/square/wire/wire-compiler/WireCompilerTest/com/squareup/wire/protos/roots/C.java
Writing generated code to /home/travis/build/square/wire/wire-compiler/WireCompilerTest/com/squareup/wire/protos/roots/D.java
Writing generated code to /home/travis/build/square/wire/wire-compiler/WireCompilerTest/com/squareup/wire/protos/roots/I.java
Writing generated code to /home/travis/build/square/wire/wire-compiler/WireCompilerTest/com/squareup/wire/protos/roots/J.java
Writing generated code to /home/travis/build/square/wire/wire-compiler/WireCompilerTest/com/squareup/wire/protos/roots/K.java
cwd = /home/travis/build/square/wire/wire-compiler/.
Analyzing dependencies of root types.
Compiling proto source file ../wire-runtime/src/test/proto/roots.proto
Created output directory /home/travis/build/square/wire/wire-compiler/WireCompilerTest/com/squareup/wire/protos/roots
Writing generated code to /home/travis/build/square/wire/wire-compiler/WireCompilerTest/com/squareup/wire/protos/roots/Ext_roots.java
wrote extension class com.squareup.wire.protos.roots.Ext_roots
Writing generated code to /home/travis/build/square/wire/wire-compiler/WireCompilerTest/com/squareup/wire/protos/roots/B.java
Writing generated code to /home/travis/build/square/wire/wire-compiler/WireCompilerTest/com/squareup/wire/protos/roots/C.java
Writing generated code to /home/travis/build/square/wire/wire-compiler/WireCompilerTest/com/squareup/wire/protos/roots/I.java
Writing generated code to /home/travis/build/square/wire/wire-compiler/WireCompilerTest/com/squareup/wire/protos/roots/J.java
Writing generated code to /home/travis/build/square/wire/wire-compiler/WireCompilerTest/com/squareup/wire/protos/roots/K.java
cwd = /home/travis/build/square/wire/wire-compiler/.
Analyzing dependencies of root types.
Compiling proto source file ../wire-runtime/src/test/proto/roots.proto
Created output directory /home/travis/build/square/wire/wire-compiler/WireCompilerTest/com/squareup/wire/protos/roots
Writing generated code to /home/travis/build/square/wire/wire-compiler/WireCompilerTest/com/squareup/wire/protos/roots/Ext_roots.java
wrote extension class com.squareup.wire.protos.roots.Ext_roots
Writing generated code to /home/travis/build/square/wire/wire-compiler/WireCompilerTest/com/squareup/wire/protos/roots/E.java
Writing generated code to /home/travis/build/square/wire/wire-compiler/WireCompilerTest/com/squareup/wire/protos/roots/G.java
Writing generated code to /home/travis/build/square/wire/wire-compiler/WireCompilerTest/com/squareup/wire/protos/roots/I.java
Writing generated code to /home/travis/build/square/wire/wire-compiler/WireCompilerTest/com/squareup/wire/protos/roots/J.java
Writing generated code to /home/travis/build/square/wire/wire-compiler/WireCompilerTest/com/squareup/wire/protos/roots/K.java
cwd = /home/travis/build/square/wire/wire-compiler/.
Analyzing dependencies of root types.
Compiling proto source file ../wire-runtime/src/test/proto/roots.proto
Created output directory /home/travis/build/square/wire/wire-compiler/WireCompilerTest/com/squareup/wire/protos/roots
Writing generated code to /home/travis/build/square/wire/wire-compiler/WireCompilerTest/com/squareup/wire/protos/roots/Ext_roots.java
wrote extension class com.squareup.wire.protos.roots.Ext_roots
Writing generated code to /home/travis/build/square/wire/wire-compiler/WireCompilerTest/com/squareup/wire/protos/roots/E.java
Writing generated code to /home/travis/build/square/wire/wire-compiler/WireCompilerTest/com/squareup/wire/protos/roots/G.java
Writing generated code to /home/travis/build/square/wire/wire-compiler/WireCompilerTest/com/squareup/wire/protos/roots/H.java
Writing generated code to /home/travis/build/square/wire/wire-compiler/WireCompilerTest/com/squareup/wire/protos/roots/I.java
Writing generated code to /home/travis/build/square/wire/wire-compiler/WireCompilerTest/com/squareup/wire/protos/roots/J.java
Writing generated code to /home/travis/build/square/wire/wire-compiler/WireCompilerTest/com/squareup/wire/protos/roots/K.java
cwd = /home/travis/build/square/wire/wire-compiler/.
Analyzing dependencies of root types.
Compiling proto source file ../wire-runtime/src/test/proto/roots.proto
Created output directory /home/travis/build/square/wire/wire-compiler/WireCompilerTest/com/squareup/wire/protos/roots
Writing generated code to /home/travis/build/square/wire/wire-compiler/WireCompilerTest/com/squareup/wire/protos/roots/Ext_roots.java
wrote extension class com.squareup.wire.protos.roots.Ext_roots
Writing generated code to /home/travis/build/square/wire/wire-compiler/WireCompilerTest/com/squareup/wire/protos/roots/I.java
Writing generated code to /home/travis/build/square/wire/wire-compiler/WireCompilerTest/com/squareup/wire/protos/roots/J.java
Writing generated code to /home/travis/build/square/wire/wire-compiler/WireCompilerTest/com/squareup/wire/protos/roots/K.java
cwd = /home/travis/build/square/wire/wire-compiler/.
Analyzing dependencies of root types.
Compiling proto source file ../wire-runtime/src/test/proto/service_root.proto
Created output directory /home/travis/build/square/wire/wire-compiler/WireCompilerTest/com/squareup/wire/protos/roots
Writing generated code to /home/travis/build/square/wire/wire-compiler/WireCompilerTest/com/squareup/wire/protos/roots/TheRequest.java
Writing generated code to /home/travis/build/square/wire/wire-compiler/WireCompilerTest/com/squareup/wire/protos/roots/TheResponse.java
Writing generated code to /home/travis/build/square/wire/wire-compiler/WireCompilerTest/com/squareup/wire/protos/roots/UnnecessaryResponse.java
Writing generated code to /home/travis/build/square/wire/wire-compiler/WireCompilerTest/com/squareup/wire/protos/roots/TheService.java
Writing generated code to /home/travis/build/square/wire/wire-compiler/WireCompilerTest/com/squareup/wire/protos/roots/UnnecessaryService.java
cwd = /home/travis/build/square/wire/wire-compiler/.
Analyzing dependencies of root types.
Compiling proto source file ../wire-runtime/src/test/proto/service_root.proto
Created output directory /home/travis/build/square/wire/wire-compiler/WireCompilerTest/com/squareup/wire/protos/roots
Writing generated code to /home/travis/build/square/wire/wire-compiler/WireCompilerTest/com/squareup/wire/protos/roots/TheRequest.java
Writing generated code to /home/travis/build/square/wire/wire-compiler/WireCompilerTest/com/squareup/wire/protos/roots/TheResponse.java
Writing generated code to /home/travis/build/square/wire/wire-compiler/WireCompilerTest/com/squareup/wire/protos/roots/TheService.java
cwd = /home/travis/build/square/wire/wire-compiler/.
cwd = /home/travis/build/square/wire/wire-compiler/.
cwd = /home/travis/build/square/wire/wire-compiler/.
Tests run: 30, Failures: 0, Errors: 0, Skipped: 0, Time elapsed: 0.891 sec
Running com.squareup.wire.CommandLineOptionsTest
Tests run: 10, Failures: 0, Errors: 0, Skipped: 0, Time elapsed: 0.026 sec
Running com.squareup.wire.WireCompilerErrorTest
Compiling proto source file ./test.proto
Compiling proto source file ./test.proto
Tests run: 5, Failures: 0, Errors: 0, Skipped: 0, Time elapsed: 0.009 sec

Results :

Tests run: 45, Failures: 0, Errors: 0, Skipped: 0

[INFO]                                                                         
[INFO] ------------------------------------------------------------------------
[INFO] Building Wire Protocol Buffer Gson Support 1.6.1-SNAPSHOT
[INFO] ------------------------------------------------------------------------
[INFO] 
[INFO] --- maven-enforcer-plugin:1.0:enforce (enforce-maven) @ wire-gson-support ---
[INFO] 
[INFO] --- maven-resources-plugin:2.6:resources (default-resources) @ wire-gson-support ---
[INFO] Using 'UTF-8' encoding to copy filtered resources.
[INFO] skip non existing resourceDirectory /home/travis/build/square/wire/wire-gson-support/src/main/resources
[INFO] 
[INFO] --- maven-compiler-plugin:3.1:compile (default-compile) @ wire-gson-support ---
[INFO] Nothing to compile - all classes are up to date
[INFO] 
[INFO] --- maven-resources-plugin:2.6:testResources (default-testResources) @ wire-gson-support ---
[INFO] Using 'UTF-8' encoding to copy filtered resources.
[INFO] skip non existing resourceDirectory /home/travis/build/square/wire/wire-gson-support/src/test/resources
[INFO] 
[INFO] --- maven-compiler-plugin:3.1:testCompile (default-testCompile) @ wire-gson-support ---
[INFO] Nothing to compile - all classes are up to date
[INFO] 
[INFO] --- maven-surefire-plugin:2.12.4:test (default-test) @ wire-gson-support ---
[INFO] Surefire report directory: /home/travis/build/square/wire/wire-gson-support/target/surefire-reports

-------------------------------------------------------
 T E S T S
-------------------------------------------------------
Running com.squareup.wire.GsonTest
Tests run: 4, Failures: 0, Errors: 0, Skipped: 0, Time elapsed: 0.363 sec

Results :

Tests run: 4, Failures: 0, Errors: 0, Skipped: 0

[INFO]                                                                         
[INFO] ------------------------------------------------------------------------
[INFO] Building Wire Protocol Buffer Maven Plugin 1.6.1-SNAPSHOT
[INFO] ------------------------------------------------------------------------
[INFO] 
[INFO] --- maven-enforcer-plugin:1.0:enforce (enforce-maven) @ wire-maven-plugin ---
[INFO] 
[INFO] --- maven-plugin-plugin:3.2:helpmojo (help-goal) @ wire-maven-plugin ---
[INFO] Using 'UTF-8' encoding to read mojo metadata.
[INFO] Applying mojo extractor for language: java
[INFO] Mojo extractor for language: java found 0 mojo descriptors.
[INFO] Applying mojo extractor for language: bsh
[INFO] Mojo extractor for language: bsh found 0 mojo descriptors.
[INFO] Applying mojo extractor for language: java-annotations
[INFO] Mojo extractor for language: java-annotations found 2 mojo descriptors.
[INFO] 
[INFO] --- maven-resources-plugin:2.6:resources (default-resources) @ wire-maven-plugin ---
[INFO] Using 'UTF-8' encoding to copy filtered resources.
[INFO] skip non existing resourceDirectory /home/travis/build/square/wire/wire-maven-plugin/src/main/resources
[INFO] 
[INFO] --- maven-compiler-plugin:3.1:compile (default-compile) @ wire-maven-plugin ---
[INFO] Changes detected - recompiling the module!
[INFO] Compiling 2 source files to /home/travis/build/square/wire/wire-maven-plugin/target/classes
[INFO] 
[INFO] --- maven-plugin-plugin:3.2:descriptor (default-descriptor) @ wire-maven-plugin ---
[INFO] Using 'UTF-8' encoding to read mojo metadata.
[INFO] Applying mojo extractor for language: java
[INFO] Mojo extractor for language: java found 0 mojo descriptors.
[INFO] Applying mojo extractor for language: bsh
[INFO] Mojo extractor for language: bsh found 0 mojo descriptors.
[INFO] Applying mojo extractor for language: java-annotations
[INFO] Mojo extractor for language: java-annotations found 2 mojo descriptors.
[INFO] 
[INFO] --- maven-plugin-plugin:3.2:descriptor (mojo-descriptor) @ wire-maven-plugin ---
[INFO] Using 'UTF-8' encoding to read mojo metadata.
[INFO] Applying mojo extractor for language: java
[INFO] Mojo extractor for language: java found 0 mojo descriptors.
[INFO] Applying mojo extractor for language: bsh
[INFO] Mojo extractor for language: bsh found 0 mojo descriptors.
[INFO] Applying mojo extractor for language: java-annotations
[INFO] Mojo extractor for language: java-annotations found 2 mojo descriptors.
[INFO] 
[INFO] --- maven-resources-plugin:2.6:testResources (default-testResources) @ wire-maven-plugin ---
[INFO] Using 'UTF-8' encoding to copy filtered resources.
[INFO] Copying 3 resources
[INFO] 
[INFO] --- maven-compiler-plugin:3.1:testCompile (default-testCompile) @ wire-maven-plugin ---
[INFO] No sources to compile
[INFO] 
[INFO] --- maven-surefire-plugin:2.12.4:test (default-test) @ wire-maven-plugin ---
[INFO] ------------------------------------------------------------------------
[INFO] Reactor Summary:
[INFO] 
[INFO] Wire Protocol Buffers .............................. SUCCESS [  0.618 s]
[INFO] Wire Protocol Buffer Runtime ....................... SUCCESS [  8.052 s]
[INFO] Wire Protocol Buffer Compiler ...................... SUCCESS [  1.192 s]
[INFO] Wire Protocol Buffer Gson Support .................. SUCCESS [  0.730 s]
[INFO] Wire Protocol Buffer Maven Plugin .................. SUCCESS [  6.969 s]
[INFO] ------------------------------------------------------------------------
[INFO] BUILD SUCCESS
[INFO] ------------------------------------------------------------------------
[INFO] Total time: 17.808 s
[INFO] Finished at: 2015-01-05T15:31:02+00:00
[INFO] Final Memory: 22M/353M
[INFO] ------------------------------------------------------------------------
travis_time:end:0881e380:start=1420471842553403072,finish=1420471866609049210,duration=24055646138[0K
[32;1mThe command "mvn test -B" exited with 0.[0m
travis_fold:start:after_success[0Ktravis_time:start:163e9dab[0K$ .buildscript/deploy_snapshot.sh
Skipping snapshot deployment: was pull request.
travis_time:end:163e9dab:start=1420471866614049664,finish=1420471866619952742,duration=5903078[0Ktravis_fold:end:after_success[0K
Done. Your build exited with 0.
