Using worker: worker-linux-docker-4c9c99b5.prod.travis-ci.org:travis-linux-15

travis_fold:start:system_info[0K[33;1mBuild system information[0m
Build language: java
Build group: stable
Build dist: precise
[34m[1mBuild image provisioning date and time[0m
Thu Feb  5 15:09:33 UTC 2015
[34m[1mOperating System Details[0m
Distributor ID:	Ubuntu
Description:	Ubuntu 12.04.5 LTS
Release:	12.04
Codename:	precise
[34m[1mLinux Version[0m
3.13.0-29-generic
[34m[1mCookbooks Version[0m
a68419e https://github.com/travis-ci/travis-cookbooks/tree/a68419e
[34m[1mGCC version[0m
gcc (Ubuntu/Linaro 4.6.3-1ubuntu5) 4.6.3
Copyright (C) 2011 Free Software Foundation, Inc.
This is free software; see the source for copying conditions.  There is NO
warranty; not even for MERCHANTABILITY or FITNESS FOR A PARTICULAR PURPOSE.

[34m[1mLLVM version[0m
clang version 3.4 (tags/RELEASE_34/final)
Target: x86_64-unknown-linux-gnu
Thread model: posix
[34m[1mPre-installed Ruby versions[0m
ruby-1.9.3-p551
[34m[1mPre-installed Node.js versions[0m
v0.10.36
[34m[1mPre-installed Go versions[0m
1.4.1
[34m[1mRedis version[0m
redis-server 2.8.19
[34m[1mriak version[0m
2.0.2
[34m[1mMongoDB version[0m
MongoDB 2.4.12
[34m[1mCouchDB version[0m
couchdb 1.6.1
[34m[1mNeo4j version[0m
1.9.4
[34m[1mRabbitMQ Version[0m
3.4.3
[34m[1mElasticSearch version[0m
1.4.0
[34m[1mInstalled Sphinx versions[0m
2.0.10
2.1.9
2.2.6
[34m[1mDefault Sphinx version[0m
2.2.6
[34m[1mInstalled Firefox version[0m
firefox 31.0esr
[34m[1mPhantomJS version[0m
1.9.8
[34m[1mant -version[0m
Apache Ant(TM) version 1.8.2 compiled on December 3 2011
[34m[1mmvn -version[0m
Apache Maven 3.2.5 (12a6b3acb947671f09b81f49094c53f426d8cea1; 2014-12-14T17:29:23+00:00)
Maven home: /usr/local/maven
Java version: 1.7.0_76, vendor: Oracle Corporation
Java home: /usr/lib/jvm/java-7-oracle/jre
Default locale: en_US, platform encoding: ANSI_X3.4-1968
OS name: "linux", version: "3.13.0-29-generic", arch: "amd64", family: "unix"
travis_fold:end:system_info[0K
travis_fold:start:fix.CVE-2015-7547[0K$ export DEBIAN_FRONTEND=noninteractive
W: Size of file /var/lib/apt/lists/us.archive.ubuntu.com_ubuntu_dists_precise-backports_multiverse_source_Sources.gz is not what the server reported 5886 5888
W: Size of file /var/lib/apt/lists/ppa.launchpad.net_ubuntugis_ppa_ubuntu_dists_precise_main_binary-amd64_Packages.gz is not what the server reported 36669 36677
W: Size of file /var/lib/apt/lists/ppa.launchpad.net_ubuntugis_ppa_ubuntu_dists_precise_main_binary-i386_Packages.gz is not what the server reported 36729 36733
Reading package lists...
Building dependency tree...
Reading state information...
The following extra packages will be installed:
  libc-bin libc-dev-bin libc6-dev
Suggested packages:
  glibc-doc
The following packages will be upgraded:
  libc-bin libc-dev-bin libc6 libc6-dev
4 upgraded, 0 newly installed, 0 to remove and 236 not upgraded.
Need to get 8,844 kB of archives.
After this operation, 9,216 B disk space will be freed.
Get:1 http://us.archive.ubuntu.com/ubuntu/ precise-updates/main libc6-dev amd64 2.15-0ubuntu10.13 [2,943 kB]
Get:2 http://us.archive.ubuntu.com/ubuntu/ precise-updates/main libc-dev-bin amd64 2.15-0ubuntu10.13 [84.7 kB]
Get:3 http://us.archive.ubuntu.com/ubuntu/ precise-updates/main libc-bin amd64 2.15-0ubuntu10.13 [1,179 kB]
Get:4 http://us.archive.ubuntu.com/ubuntu/ precise-updates/main libc6 amd64 2.15-0ubuntu10.13 [4,637 kB]
Fetched 8,844 kB in 0s (28.6 MB/s)
Preconfiguring packages ...
(Reading database ... (Reading database ... 5%(Reading database ... 10%(Reading database ... 15%(Reading database ... 20%(Reading database ... 25%(Reading database ... 30%(Reading database ... 35%(Reading database ... 40%(Reading database ... 45%(Reading database ... 50%(Reading database ... 55%(Reading database ... 60%(Reading database ... 65%(Reading database ... 70%(Reading database ... 75%(Reading database ... 80%(Reading database ... 85%(Reading database ... 90%(Reading database ... 95%(Reading database ... 100%(Reading database ... 72019 files and directories currently installed.)
Preparing to replace libc6-dev 2.15-0ubuntu10.10 (using .../libc6-dev_2.15-0ubuntu10.13_amd64.deb) ...
Unpacking replacement libc6-dev ...
Preparing to replace libc-dev-bin 2.15-0ubuntu10.10 (using .../libc-dev-bin_2.15-0ubuntu10.13_amd64.deb) ...
Unpacking replacement libc-dev-bin ...
Preparing to replace libc-bin 2.15-0ubuntu10.10 (using .../libc-bin_2.15-0ubuntu10.13_amd64.deb) ...
Unpacking replacement libc-bin ...
Processing triggers for man-db ...
Setting up libc-bin (2.15-0ubuntu10.13) ...
(Reading database ... (Reading database ... 5%(Reading database ... 10%(Reading database ... 15%(Reading database ... 20%(Reading database ... 25%(Reading database ... 30%(Reading database ... 35%(Reading database ... 40%(Reading database ... 45%(Reading database ... 50%(Reading database ... 55%(Reading database ... 60%(Reading database ... 65%(Reading database ... 70%(Reading database ... 75%(Reading database ... 80%(Reading database ... 85%(Reading database ... 90%(Reading database ... 95%(Reading database ... 100%(Reading database ... 72019 files and directories currently installed.)
Preparing to replace libc6 2.15-0ubuntu10.10 (using .../libc6_2.15-0ubuntu10.13_amd64.deb) ...
Unpacking replacement libc6 ...
Setting up libc6 (2.15-0ubuntu10.13) ...
Setting up libc-dev-bin (2.15-0ubuntu10.13) ...
Setting up libc6-dev (2.15-0ubuntu10.13) ...
Processing triggers for libc-bin ...
ldconfig deferred processing now taking place
travis_fold:end:fix.CVE-2015-7547[0Ktravis_fold:start:git.checkout[0Ktravis_time:start:0db53a70[0K$ git clone --depth=50 --branch=feature/474-blocks https://github.com/Whiley/WhileyCompiler.git Whiley/WhileyCompiler
Cloning into 'Whiley/WhileyCompiler'...
remote: Counting objects: 3300, done.[K
remote: Compressing objects:   0% (1/2280)   [Kremote: Compressing objects:   1% (23/2280)   [Kremote: Compressing objects:   2% (46/2280)   [Kremote: Compressing objects:   3% (69/2280)   [Kremote: Compressing objects:   4% (92/2280)   [Kremote: Compressing objects:   5% (114/2280)   [Kremote: Compressing objects:   6% (137/2280)   [Kremote: Compressing objects:   7% (160/2280)   [Kremote: Compressing objects:   8% (183/2280)   [Kremote: Compressing objects:   9% (206/2280)   [Kremote: Compressing objects:  10% (228/2280)   [Kremote: Compressing objects:  11% (251/2280)   [Kremote: Compressing objects:  12% (274/2280)   [Kremote: Compressing objects:  13% (297/2280)   [Kremote: Compressing objects:  14% (320/2280)   [Kremote: Compressing objects:  15% (342/2280)   [Kremote: Compressing objects:  16% (365/2280)   [Kremote: Compressing objects:  17% (388/2280)   [Kremote: Compressing objects:  18% (411/2280)   [Kremote: Compressing objects:  19% (434/2280)   [Kremote: Compressing objects:  20% (456/2280)   [Kremote: Compressing objects:  21% (479/2280)   [Kremote: Compressing objects:  22% (502/2280)   [Kremote: Compressing objects:  23% (525/2280)   [Kremote: Compressing objects:  24% (548/2280)   [Kremote: Compressing objects:  25% (570/2280)   [Kremote: Compressing objects:  26% (593/2280)   [Kremote: Compressing objects:  27% (616/2280)   [Kremote: Compressing objects:  28% (639/2280)   [Kremote: Compressing objects:  29% (662/2280)   [Kremote: Compressing objects:  30% (684/2280)   [Kremote: Compressing objects:  31% (707/2280)   [Kremote: Compressing objects:  32% (730/2280)   [Kremote: Compressing objects:  33% (753/2280)   [Kremote: Compressing objects:  34% (776/2280)   [Kremote: Compressing objects:  35% (798/2280)   [Kremote: Compressing objects:  36% (821/2280)   [Kremote: Compressing objects:  37% (844/2280)   [Kremote: Compressing objects:  38% (867/2280)   [Kremote: Compressing objects:  39% (890/2280)   [Kremote: Compressing objects:  40% (912/2280)   [Kremote: Compressing objects:  41% (935/2280)   [Kremote: Compressing objects:  42% (958/2280)   [Kremote: Compressing objects:  43% (981/2280)   [Kremote: Compressing objects:  44% (1004/2280)   [Kremote: Compressing objects:  45% (1026/2280)   [Kremote: Compressing objects:  46% (1049/2280)   [Kremote: Compressing objects:  47% (1072/2280)   [Kremote: Compressing objects:  48% (1095/2280)   [Kremote: Compressing objects:  49% (1118/2280)   [Kremote: Compressing objects:  50% (1140/2280)   [Kremote: Compressing objects:  51% (1163/2280)   [Kremote: Compressing objects:  52% (1186/2280)   [Kremote: Compressing objects:  53% (1209/2280)   [Kremote: Compressing objects:  54% (1232/2280)   [Kremote: Compressing objects:  55% (1254/2280)   [Kremote: Compressing objects:  56% (1277/2280)   [Kremote: Compressing objects:  57% (1300/2280)   [Kremote: Compressing objects:  58% (1323/2280)   [Kremote: Compressing objects:  59% (1346/2280)   [Kremote: Compressing objects:  60% (1368/2280)   [Kremote: Compressing objects:  61% (1391/2280)   [Kremote: Compressing objects:  62% (1414/2280)   [Kremote: Compressing objects:  63% (1437/2280)   [Kremote: Compressing objects:  64% (1460/2280)   [Kremote: Compressing objects:  65% (1482/2280)   [Kremote: Compressing objects:  66% (1505/2280)   [Kremote: Compressing objects:  67% (1528/2280)   [Kremote: Compressing objects:  68% (1551/2280)   [Kremote: Compressing objects:  69% (1574/2280)   [Kremote: Compressing objects:  70% (1596/2280)   [Kremote: Compressing objects:  71% (1619/2280)   [Kremote: Compressing objects:  72% (1642/2280)   [Kremote: Compressing objects:  73% (1665/2280)   [Kremote: Compressing objects:  74% (1688/2280)   [Kremote: Compressing objects:  75% (1710/2280)   [Kremote: Compressing objects:  76% (1733/2280)   [Kremote: Compressing objects:  77% (1756/2280)   [Kremote: Compressing objects:  78% (1779/2280)   [Kremote: Compressing objects:  79% (1802/2280)   [Kremote: Compressing objects:  80% (1824/2280)   [Kremote: Compressing objects:  81% (1847/2280)   [Kremote: Compressing objects:  82% (1870/2280)   [Kremote: Compressing objects:  83% (1893/2280)   [Kremote: Compressing objects:  84% (1916/2280)   [Kremote: Compressing objects:  85% (1938/2280)   [Kremote: Compressing objects:  86% (1961/2280)   [Kremote: Compressing objects:  87% (1984/2280)   [Kremote: Compressing objects:  88% (2007/2280)   [Kremote: Compressing objects:  89% (2030/2280)   [Kremote: Compressing objects:  90% (2052/2280)   [Kremote: Compressing objects:  91% (2075/2280)   [Kremote: Compressing objects:  92% (2098/2280)   [Kremote: Compressing objects:  93% (2121/2280)   [Kremote: Compressing objects:  94% (2144/2280)   [Kremote: Compressing objects:  95% (2166/2280)   [Kremote: Compressing objects:  96% (2189/2280)   [Kremote: Compressing objects:  97% (2212/2280)   [Kremote: Compressing objects:  98% (2235/2280)   [Kremote: Compressing objects:  99% (2258/2280)   [Kremote: Compressing objects: 100% (2280/2280)   [Kremote: Compressing objects: 100% (2280/2280), done.[K
Receiving objects:   0% (1/3300)   Receiving objects:   1% (33/3300)   Receiving objects:   2% (66/3300)   Receiving objects:   3% (99/3300)   Receiving objects:   4% (132/3300)   Receiving objects:   5% (165/3300)   Receiving objects:   6% (198/3300)   Receiving objects:   7% (231/3300)   Receiving objects:   8% (264/3300)   Receiving objects:   9% (297/3300)   Receiving objects:  10% (330/3300)   Receiving objects:  11% (363/3300)   Receiving objects:  12% (396/3300)   Receiving objects:  13% (429/3300)   Receiving objects:  14% (462/3300)   Receiving objects:  15% (495/3300)   Receiving objects:  16% (528/3300)   Receiving objects:  17% (561/3300)   Receiving objects:  18% (594/3300)   Receiving objects:  19% (627/3300)   Receiving objects:  20% (660/3300)   Receiving objects:  21% (693/3300)   Receiving objects:  22% (726/3300)   Receiving objects:  23% (759/3300)   Receiving objects:  24% (792/3300)   Receiving objects:  25% (825/3300)   Receiving objects:  26% (858/3300)   Receiving objects:  27% (891/3300)   Receiving objects:  28% (924/3300)   Receiving objects:  29% (957/3300)   Receiving objects:  30% (990/3300)   Receiving objects:  31% (1023/3300)   Receiving objects:  32% (1056/3300)   Receiving objects:  33% (1089/3300)   Receiving objects:  34% (1122/3300)   Receiving objects:  35% (1155/3300)   Receiving objects:  36% (1188/3300)   Receiving objects:  37% (1221/3300)   Receiving objects:  38% (1254/3300)   Receiving objects:  39% (1287/3300)   Receiving objects:  40% (1320/3300)   Receiving objects:  41% (1353/3300)   Receiving objects:  42% (1386/3300)   Receiving objects:  43% (1419/3300)   Receiving objects:  44% (1452/3300)   Receiving objects:  45% (1485/3300)   Receiving objects:  46% (1518/3300)   Receiving objects:  47% (1551/3300)   Receiving objects:  48% (1584/3300)   Receiving objects:  49% (1617/3300)   Receiving objects:  50% (1650/3300)   Receiving objects:  51% (1683/3300)   Receiving objects:  52% (1716/3300)   Receiving objects:  53% (1749/3300)   Receiving objects:  54% (1782/3300)   Receiving objects:  55% (1815/3300)   Receiving objects:  56% (1848/3300)   Receiving objects:  57% (1881/3300)   Receiving objects:  58% (1914/3300)   Receiving objects:  59% (1947/3300)   Receiving objects:  60% (1980/3300)   Receiving objects:  61% (2013/3300)   Receiving objects:  62% (2046/3300)   Receiving objects:  63% (2079/3300)   Receiving objects:  64% (2112/3300)   Receiving objects:  65% (2145/3300)   Receiving objects:  66% (2178/3300)   Receiving objects:  67% (2211/3300)   Receiving objects:  68% (2244/3300)   Receiving objects:  69% (2277/3300)   Receiving objects:  70% (2310/3300)   Receiving objects:  71% (2343/3300)   Receiving objects:  72% (2376/3300)   Receiving objects:  73% (2409/3300)   Receiving objects:  74% (2442/3300)   Receiving objects:  75% (2475/3300)   Receiving objects:  76% (2508/3300)   Receiving objects:  77% (2541/3300)   Receiving objects:  78% (2574/3300)   Receiving objects:  79% (2607/3300)   Receiving objects:  80% (2640/3300)   Receiving objects:  81% (2673/3300)   Receiving objects:  82% (2706/3300)   Receiving objects:  83% (2739/3300)   Receiving objects:  84% (2772/3300)   Receiving objects:  85% (2805/3300)   Receiving objects:  86% (2838/3300)   Receiving objects:  87% (2871/3300)   Receiving objects:  88% (2904/3300)   Receiving objects:  89% (2937/3300)   Receiving objects:  90% (2970/3300)   Receiving objects:  91% (3003/3300)   Receiving objects:  92% (3036/3300)   Receiving objects:  93% (3069/3300)   Receiving objects:  94% (3102/3300)   Receiving objects:  95% (3135/3300)   Receiving objects:  96% (3168/3300)   Receiving objects:  97% (3201/3300)   Receiving objects:  98% (3234/3300)   Receiving objects:  99% (3267/3300)   remote: Total 3300 (delta 1189), reused 2553 (delta 894), pack-reused 0[K
Receiving objects: 100% (3300/3300)   Receiving objects: 100% (3300/3300), 4.09 MiB | 0 bytes/s, done.
Resolving deltas:   0% (0/1189)   Resolving deltas:   5% (65/1189)   Resolving deltas:   6% (72/1189)   Resolving deltas:   7% (84/1189)   Resolving deltas:   8% (98/1189)   Resolving deltas:   9% (111/1189)   Resolving deltas:  10% (121/1189)   Resolving deltas:  11% (140/1189)   Resolving deltas:  12% (143/1189)   Resolving deltas:  13% (155/1189)   Resolving deltas:  16% (201/1189)   Resolving deltas:  17% (208/1189)   Resolving deltas:  19% (230/1189)   Resolving deltas:  20% (243/1189)   Resolving deltas:  23% (276/1189)   Resolving deltas:  24% (286/1189)   Resolving deltas:  25% (301/1189)   Resolving deltas:  26% (313/1189)   Resolving deltas:  27% (324/1189)   Resolving deltas:  28% (333/1189)   Resolving deltas:  29% (347/1189)   Resolving deltas:  30% (358/1189)   Resolving deltas:  31% (370/1189)   Resolving deltas:  32% (381/1189)   Resolving deltas:  34% (413/1189)   Resolving deltas:  36% (431/1189)   Resolving deltas:  37% (441/1189)   Resolving deltas:  38% (453/1189)   Resolving deltas:  39% (465/1189)   Resolving deltas:  41% (497/1189)   Resolving deltas:  42% (501/1189)   Resolving deltas:  43% (518/1189)   Resolving deltas:  44% (532/1189)   Resolving deltas:  45% (537/1189)   Resolving deltas:  47% (560/1189)   Resolving deltas:  48% (577/1189)   Resolving deltas:  49% (583/1189)   Resolving deltas:  50% (595/1189)   Resolving deltas:  51% (618/1189)   Resolving deltas:  52% (619/1189)   Resolving deltas:  53% (634/1189)   Resolving deltas:  54% (645/1189)   Resolving deltas:  55% (654/1189)   Resolving deltas:  56% (668/1189)   Resolving deltas:  57% (684/1189)   Resolving deltas:  58% (690/1189)   Resolving deltas:  59% (703/1189)   Resolving deltas:  60% (714/1189)   Resolving deltas:  61% (727/1189)   Resolving deltas:  62% (738/1189)   Resolving deltas:  63% (750/1189)   Resolving deltas:  64% (765/1189)   Resolving deltas:  65% (773/1189)   Resolving deltas:  66% (785/1189)   Resolving deltas:  67% (797/1189)   Resolving deltas:  68% (810/1189)   Resolving deltas:  69% (821/1189)   Resolving deltas:  70% (833/1189)   Resolving deltas:  71% (845/1189)   Resolving deltas:  72% (857/1189)   Resolving deltas:  73% (868/1189)   Resolving deltas:  74% (880/1189)   Resolving deltas:  75% (892/1189)   Resolving deltas:  76% (904/1189)   Resolving deltas:  77% (916/1189)   Resolving deltas:  79% (940/1189)   Resolving deltas:  80% (963/1189)   Resolving deltas:  81% (964/1189)   Resolving deltas:  82% (977/1189)   Resolving deltas:  83% (989/1189)   Resolving deltas:  84% (1000/1189)   Resolving deltas:  85% (1013/1189)   Resolving deltas:  86% (1023/1189)   Resolving deltas:  87% (1037/1189)   Resolving deltas:  88% (1051/1189)   Resolving deltas:  89% (1060/1189)   Resolving deltas:  90% (1076/1189)   Resolving deltas:  91% (1084/1189)   Resolving deltas:  92% (1103/1189)   Resolving deltas:  93% (1106/1189)   Resolving deltas:  94% (1119/1189)   Resolving deltas:  96% (1144/1189)   Resolving deltas:  97% (1157/1189)   Resolving deltas:  98% (1167/1189)   Resolving deltas:  99% (1178/1189)   Resolving deltas: 100% (1189/1189)   Resolving deltas: 100% (1189/1189), done.
Checking connectivity... done.

travis_time:end:0db53a70:start=1458255410168618114,finish=1458255411200709234,duration=1032091120[0K$ cd Whiley/WhileyCompiler
$ git checkout -qf 462c37b61080a5016328efe9b7245a1cc83500f1
travis_fold:end:git.checkout[0K
[33;1mThis job is running on container-based infrastructure, which does not allow use of 'sudo', setuid and setguid executables.[0m
[33;1mIf you require sudo, add 'sudo: required' to your .travis.yml[0m
[33;1mSee https://docs.travis-ci.com/user/workers/container-based-infrastructure/ for details.[0m
$ jdk_switcher use openjdk7
Switching to OpenJDK7 (java-1.7.0-openjdk-amd64), JAVA_HOME will be set to /usr/lib/jvm/java-7-openjdk-amd64
$ java -Xmx32m -version
java version "1.7.0_75"
OpenJDK Runtime Environment (IcedTea 2.5.4) (7u75-2.5.4-1~precise1)
OpenJDK 64-Bit Server VM (build 24.75-b04, mixed mode)
$ javac -J-Xmx32m -version
javac 1.7.0_75
travis_time:start:08044c3e[0K$ ant test-all
Buildfile: /home/travis/build/Whiley/WhileyCompiler/build.xml
[maven:dependencies] Downloading: junit/junit/4.12/junit-4.12.pom from repository central at http://repo.maven.apache.org/maven2
[maven:dependencies] Transferring 23K from central
[maven:dependencies] Downloading: org/hamcrest/hamcrest-core/1.3/hamcrest-core-1.3.pom from repository central at http://repo.maven.apache.org/maven2
[maven:dependencies] Transferring 1K from central
[maven:dependencies] Downloading: org/hamcrest/hamcrest-parent/1.3/hamcrest-parent-1.3.pom from repository central at http://repo.maven.apache.org/maven2
[maven:dependencies] Transferring 2K from central
[maven:dependencies] Downloading: junit/junit/4.12/junit-4.12.jar from repository central at http://repo.maven.apache.org/maven2
[maven:dependencies] Downloading: org/hamcrest/hamcrest-core/1.3/hamcrest-core-1.3.jar from repository central at http://repo.maven.apache.org/maven2
[maven:dependencies] Transferring 308K from central
[maven:dependencies] Transferring 44K from central

build-all:

compile-wybs:
    [javac] Compiling 29 source files
    [javac] Note: Some input files use unchecked or unsafe operations.
    [javac] Note: Recompile with -Xlint:unchecked for details.

build:
    [mkdir] Created dir: /home/travis/build/Whiley/WhileyCompiler/modules/wybs/tmp
      [jar] Building jar: /home/travis/build/Whiley/WhileyCompiler/lib/wybs-v0.3.39.jar
   [delete] Deleting directory /home/travis/build/Whiley/WhileyCompiler/modules/wybs/tmp
     [echo] =============================================
     [echo] BUILT: lib/wybs-v0.3.39.jar
     [echo] =============================================

compile-wycs:
     [wyrl] Compiling wyrl file (2 modified dependencies)
     [wyrl] Compiling wyrl file (7 modified dependencies)
    [javac] Compiling 39 source files
    [javac] Note: Some input files use unchecked or unsafe operations.
    [javac] Note: Recompile with -Xlint:unchecked for details.
     [wycs] Compiled 1 source file(s)

build:
    [mkdir] Created dir: /home/travis/build/Whiley/WhileyCompiler/modules/wycs/tmp
      [jar] Building jar: /home/travis/build/Whiley/WhileyCompiler/lib/wycs-v0.3.39.jar
   [delete] Deleting directory /home/travis/build/Whiley/WhileyCompiler/modules/wycs/tmp
     [echo] =============================================
     [echo] BUILT: lib/wycs-v0.3.39.jar
     [echo] =============================================

compile-wyil:
    [javac] Compiling 52 source files
    [javac] Note: Some input files use unchecked or unsafe operations.
    [javac] Note: Recompile with -Xlint:unchecked for details.

build:
    [mkdir] Created dir: /home/travis/build/Whiley/WhileyCompiler/modules/wyil/tmp
      [jar] Building jar: /home/travis/build/Whiley/WhileyCompiler/lib/wyil-v0.3.39.jar
   [delete] Deleting directory /home/travis/build/Whiley/WhileyCompiler/modules/wyil/tmp
     [echo] =============================================
     [echo] BUILT: lib/wyil-v0.3.39.jar
     [echo] =============================================

compile-wyc:
    [javac] Compiling 15 source files
    [javac] Note: Some input files use unchecked or unsafe operations.
    [javac] Note: Recompile with -Xlint:unchecked for details.

build:
    [mkdir] Created dir: /home/travis/build/Whiley/WhileyCompiler/modules/wyc/tmp
      [jar] Building jar: /home/travis/build/Whiley/WhileyCompiler/lib/wyc-v0.3.39.jar
   [delete] Deleting directory /home/travis/build/Whiley/WhileyCompiler/modules/wyc/tmp
     [echo] =============================================
     [echo] BUILT: lib/wyc-v0.3.39.jar
     [echo] =============================================

compile-wyrt:
      [wyc] Compiled 11 source file(s)

build:
      [jar] Building jar: /home/travis/build/Whiley/WhileyCompiler/lib/wyrt-v0.3.39.jar
     [echo] =============================================
     [echo] BUILT: lib/wyrt-v0.3.39.jar
     [echo] =============================================

compile-wyjc:
    [javac] Compiling 14 source files
    [javac] Note: Some input files use unchecked or unsafe operations.
    [javac] Note: Recompile with -Xlint:unchecked for details.
     [wyjc] Compiled 11 source file(s)

build:
    [mkdir] Created dir: /home/travis/build/Whiley/WhileyCompiler/modules/wyjc/tmp
      [jar] Building jar: /home/travis/build/Whiley/WhileyCompiler/lib/wyjc-v0.3.39.jar
   [delete] Deleting directory /home/travis/build/Whiley/WhileyCompiler/modules/wyjc/tmp
     [echo] =============================================
     [echo] BUILT: lib/wyjc-v0.3.39.jar
     [echo] =============================================

test-all:

test:

test:

test:

compile-wyc:

test-compile-wyc:
    [javac] Compiling 4 source files
    [javac] Note: /home/travis/build/Whiley/WhileyCompiler/modules/wyc/src/wyc/testing/TestUtils.java uses unchecked or unsafe operations.
    [javac] Note: Recompile with -Xlint:unchecked for details.

test:
    [junit] Running wyc.testing.AllInvalidTests
    [junit] Testsuite: wyc.testing.AllInvalidTests
    [junit] Tests run: 224, Failures: 0, Errors: 0, Time elapsed: 45.383 sec
    [junit] Tests run: 224, Failures: 0, Errors: 0, Time elapsed: 45.383 sec
    [junit] ------------- Standard Error -----------------
    [junit] WARNING: version numbering unavailable
    [junit] ------------- ---------------- ---------------
    [junit] 
    [junit] Testcase: invalid[Assert_Invalid_1] took 0.126 sec
    [junit] Testcase: invalid[Assert_Invalid_2] took 1.373 sec
    [junit] Testcase: invalid[Assign_Invalid_1] took 0.008 sec
    [junit] Testcase: invalid[Assign_Invalid_2] took 0.014 sec
    [junit] Testcase: invalid[Assign_Invalid_3] took 0.013 sec
    [junit] Testcase: invalid[Assign_Invalid_4] took 0.006 sec
    [junit] Testcase: invalid[Assign_Invalid_5] took 0.006 sec
    [junit] Testcase: invalid[Assign_Invalid_6] took 0.006 sec
    [junit] Testcase: invalid[Assign_Invalid_7] took 0.005 sec
    [junit] Testcase: invalid[Assign_Invalid_8] took 0.006 sec
    [junit] Testcase: invalid[Assign_Invalid_9] took 0.008 sec
    [junit] Testcase: invalid[Byte_Invalid_1] took 0.006 sec
    [junit] Testcase: invalid[Coercion_Invalid_2] took 0.023 sec
    [junit] Testcase: invalid[Constant_Invalid_1] took 0.002 sec
    [junit] Testcase: invalid[Constant_Invalid_2] took 0.007 sec
    [junit] Testcase: invalid[ConstrainedDictionary_Invalid_1] took 0.001 sec
    [junit] Testcase: invalid[ConstrainedInt_Invalid_1] took 0.001 sec
    [junit] Testcase: invalid[ConstrainedInt_Invalid_10] took 0 sec
    [junit] Testcase: invalid[ConstrainedInt_Invalid_11] took 0 sec
    [junit] Testcase: invalid[ConstrainedInt_Invalid_12] took 0 sec
    [junit] Testcase: invalid[ConstrainedInt_Invalid_2] took 0.82 sec
    [junit] Testcase: invalid[ConstrainedInt_Invalid_3] took 1.134 sec
    [junit] Testcase: invalid[ConstrainedInt_Invalid_4] took 0.993 sec
    [junit] Testcase: invalid[ConstrainedInt_Invalid_5] took 1.063 sec
    [junit] Testcase: invalid[ConstrainedInt_Invalid_6] took 0.771 sec
    [junit] Testcase: invalid[ConstrainedInt_Invalid_7] took 0 sec
    [junit] Testcase: invalid[ConstrainedInt_Invalid_8] took 0 sec
    [junit] Testcase: invalid[ConstrainedInt_Invalid_9] took 0 sec
    [junit] Testcase: invalid[ConstrainedList_Invalid_1] took 1.14 sec
    [junit] Testcase: invalid[ConstrainedList_Invalid_2] took 0 sec
    [junit] Testcase: invalid[ConstrainedList_Invalid_3] took 0 sec
    [junit] Testcase: invalid[ConstrainedRecord_Invalid_1] took 0.765 sec
    [junit] Testcase: invalid[Continue_Invalid_1] took 0.005 sec
    [junit] Testcase: invalid[Continue_Invalid_2] took 0.003 sec
    [junit] Testcase: invalid[Contractive_Invalid_1] took 0 sec
    [junit] Testcase: invalid[Contractive_Invalid_2] took 0 sec
    [junit] Testcase: invalid[DefiniteAssign_Invalid_1] took 0.005 sec
    [junit] Testcase: invalid[DefiniteAssign_Invalid_2] took 0.005 sec
    [junit] Testcase: invalid[DefiniteAssign_Invalid_3] took 0.004 sec
    [junit] Testcase: invalid[DefiniteAssign_Invalid_4] took 0.005 sec
    [junit] Testcase: invalid[EndOfFile_Invalid_1] took 0 sec
    [junit] Testcase: invalid[Ensures_Invalid_1] took 0.709 sec
    [junit] Testcase: invalid[Ensures_Invalid_2] took 0.701 sec
    [junit] Testcase: invalid[Ensures_Invalid_3] took 1.058 sec
    [junit] Testcase: invalid[Export_Invalid_1] took 0 sec
    [junit] Testcase: invalid[Fail_Invalid_1] took 1.009 sec
    [junit] Testcase: invalid[Fail_Invalid_2] took 0.003 sec
    [junit] Testcase: invalid[FunctionRef_Invalid_1] took 0.003 sec
    [junit] Testcase: invalid[FunctionRef_Invalid_2] took 0.003 sec
    [junit] Testcase: invalid[FunctionRef_Invalid_3] took 0.003 sec
    [junit] Testcase: invalid[FunctionRef_Invalid_4] took 0.007 sec
    [junit] Testcase: invalid[FunctionRef_Invalid_5] took 0.006 sec
    [junit] Testcase: invalid[FunctionRef_Invalid_6] took 0.003 sec
    [junit] Testcase: invalid[FunctionRef_Invalid_7] took 0.005 sec
    [junit] Testcase: invalid[Function_Invalid_1] took 0.004 sec
    [junit] Testcase: invalid[Function_Invalid_10] took 0 sec
    [junit] Testcase: invalid[Function_Invalid_2] took 0 sec
    [junit] Testcase: invalid[Function_Invalid_3] took 0.004 sec
    [junit] Testcase: invalid[Function_Invalid_4] took 0.061 sec
    [junit] Testcase: invalid[Function_Invalid_9] took 0 sec
    [junit] Testcase: invalid[If_Invalid_1] took 0.003 sec
    [junit] Testcase: invalid[If_Invalid_2] took 0.003 sec
    [junit] Testcase: invalid[If_Invalid_4] took 0.003 sec
    [junit] Testcase: invalid[If_Invalid_5] took 0.003 sec
    [junit] Testcase: invalid[Import_Invalid_1] took 0.004 sec
    [junit] Testcase: invalid[IntDiv_Invalid_1] took 1.168 sec
    [junit] Testcase: invalid[Intersection_Invalid_1] took 0 sec
    [junit] Testcase: invalid[Intersection_Invalid_2] took 0 sec
    [junit] Testcase: invalid[Lambda_Invalid_3] took 0 sec
    [junit] Testcase: invalid[ListAccess_Invalid_1] took 0.003 sec
    [junit] Testcase: invalid[ListAccess_Invalid_2] took 0.984 sec
    [junit] Testcase: invalid[ListAccess_Invalid_3] took 0.01 sec
    [junit] Testcase: invalid[ListAccess_Invalid_4] took 0.89 sec
    [junit] Testcase: invalid[ListAccess_Invalid_5] took 1.062 sec
    [junit] Testcase: invalid[ListAssign_Invalid_1] took 0.004 sec
    [junit] Testcase: invalid[ListAssign_Invalid_2] took 0 sec
    [junit] Testcase: invalid[ListAssign_Invalid_3] took 0 sec
    [junit] Testcase: invalid[ListConversion_Invalid_1] took 0.004 sec
    [junit] Testcase: invalid[ListEmpty_Invalid_1] took 0.004 sec
    [junit] Testcase: invalid[ListEmpty_Invalid_2] took 1.46 sec
    [junit] Testcase: invalid[ListEquals_Invalid_1] took 0 sec
    [junit] Testcase: invalid[ListGenerator_Invalid_1] took 0.855 sec
    [junit] Testcase: invalid[ListGenerator_Invalid_2] took 0.893 sec
    [junit] Testcase: invalid[ListGenerator_Invalid_3] took 0.003 sec
    [junit] Testcase: invalid[ListGenerator_Invalid_4] took 0.003 sec
    [junit] Testcase: invalid[ListLength_Invalid_1] took 0.992 sec
    [junit] Testcase: invalid[ListLength_Invalid_2] took 0 sec
    [junit] Testcase: invalid[ListLength_Invalid_3] took 0.748 sec
    [junit] Testcase: invalid[ListUpdate_Invalid_1] took 0 sec
    [junit] Testcase: invalid[List_Invalid_1] took 0.005 sec
    [junit] Testcase: invalid[List_Invalid_2] took 0.004 sec
    [junit] Testcase: invalid[List_Invalid_3] took 0.005 sec
    [junit] Testcase: invalid[List_Invalid_4] took 0.003 sec
    [junit] Testcase: invalid[List_Invalid_5] took 0.005 sec
    [junit] Testcase: invalid[List_Invalid_6] took 0.004 sec
    [junit] Testcase: invalid[List_Invalid_7] took 0.007 sec
    [junit] Testcase: invalid[MethodCall_Invalid_1] took 0.007 sec
    [junit] Testcase: invalid[MethodCall_Invalid_2] took 0.006 sec
    [junit] Testcase: invalid[MethodCall_Invalid_3] took 0.011 sec
    [junit] Testcase: invalid[MethodCall_Invalid_4] took 0.146 sec
    [junit] Testcase: invalid[MethodCall_Invalid_5] took 0.195 sec
    [junit] Testcase: invalid[MethodCall_Invalid_6] took 0.161 sec
    [junit] Testcase: invalid[MethodCall_Invalid_7] took 0.184 sec
    [junit] Testcase: invalid[MethodCall_Invalid_8] took 0.297 sec
    [junit] Testcase: invalid[MethodRef_Invalid_1] took 0 sec
    [junit] Testcase: invalid[MethodRef_Invalid_2] took 0 sec
    [junit] Testcase: invalid[MethodRef_Invalid_3] took 0 sec
    [junit] Testcase: invalid[MultiAssign_Invalid_1] took 0.005 sec
    [junit] Testcase: invalid[Native_Invalid_1] took 0 sec
    [junit] Testcase: invalid[NegationType_Invalid_1] took 0.003 sec
    [junit] Testcase: invalid[NegationType_Invalid_2] took 0 sec
    [junit] Testcase: invalid[NegationType_Invalid_3] took 0.005 sec
    [junit] Testcase: invalid[OpenRecord_Invalid_1] took 0 sec
    [junit] Testcase: invalid[OpenRecord_Invalid_2] took 0 sec
    [junit] Testcase: invalid[OpenRecord_Invalid_3] took 0.004 sec
    [junit] Testcase: invalid[OpenRecord_Invalid_4] took 0.004 sec
    [junit] Testcase: invalid[OpenRecord_Invalid_5] took 0.004 sec
    [junit] Testcase: invalid[OpenRecord_Invalid_6] took 0.004 sec
    [junit] Testcase: invalid[OpenRecord_Invalid_7] took 0.004 sec
    [junit] Testcase: invalid[Parameter_Invalid_1] took 0.002 sec
    [junit] Testcase: invalid[Parameter_Invalid_2] took 0.002 sec
    [junit] Testcase: invalid[ProcessAccess_Invalid_1] took 0.004 sec
    [junit] Testcase: invalid[ProcessAccess_Invalid_2] took 0.004 sec
    [junit] Testcase: invalid[ProcessAccess_Invalid_3] took 0.005 sec
    [junit] Testcase: invalid[Process_Invalid_1] took 0.004 sec
    [junit] Testcase: invalid[Quantifiers_Invalid_1] took 1.017 sec
    [junit] Testcase: invalid[Quantifiers_Invalid_2] took 0.941 sec
    [junit] Testcase: invalid[Quantifiers_Invalid_3] took 0.929 sec
    [junit] Testcase: invalid[Quantifiers_Invalid_4] took 0.833 sec
    [junit] Testcase: invalid[Quantifiers_Invalid_5] took 1.062 sec
    [junit] Testcase: invalid[Quantifiers_Invalid_6] took 0.824 sec
    [junit] Testcase: invalid[Quantifiers_Invalid_7] took 1.287 sec
    [junit] Testcase: invalid[Quantifiers_Invalid_8] took 0.891 sec
    [junit] Testcase: invalid[Record_Invalid_1] took 0.01 sec
    [junit] Testcase: invalid[Record_Invalid_2] took 0.008 sec
    [junit] Testcase: invalid[Record_Invalid_3] took 0.009 sec
    [junit] Testcase: invalid[RecursiveType_Invalid_1] took 0 sec
    [junit] Testcase: invalid[RecursiveType_Invalid_10] took 0 sec
    [junit] Testcase: invalid[RecursiveType_Invalid_2] took 0.001 sec
    [junit] Testcase: invalid[RecursiveType_Invalid_3] took 0.007 sec
    [junit] Testcase: invalid[RecursiveType_Invalid_4] took 0 sec
    [junit] Testcase: invalid[RecursiveType_Invalid_5] took 0.004 sec
    [junit] Testcase: invalid[RecursiveType_Invalid_7] took 0 sec
    [junit] Testcase: invalid[RecursiveType_Invalid_8] took 0 sec
    [junit] Testcase: invalid[RecursiveType_Invalid_9] took 0 sec
    [junit] Testcase: invalid[ReferenceOpenRecord_Invalid_1] took 0 sec
    [junit] Testcase: invalid[Reference_Subtype_Variant_Invalid_1] took 0.005 sec
    [junit] Testcase: invalid[Remainder_Invalid_1] took 0.988 sec
    [junit] Testcase: invalid[Remainder_Invalid_2] took 0.003 sec
    [junit] Testcase: invalid[Remainder_Invalid_3] took 0.002 sec
    [junit] Testcase: invalid[Requires_Invalid_1] took 0.874 sec
    [junit] Testcase: invalid[Return_Invalid_1] took 0.004 sec
    [junit] Testcase: invalid[Return_Invalid_10] took 0.004 sec
    [junit] Testcase: invalid[Return_Invalid_11] took 0.004 sec
    [junit] Testcase: invalid[Return_Invalid_12] took 0.003 sec
    [junit] Testcase: invalid[Return_Invalid_2] took 0.003 sec
    [junit] Testcase: invalid[Return_Invalid_3] took 0.004 sec
    [junit] Testcase: invalid[Return_Invalid_4] took 0.004 sec
    [junit] Testcase: invalid[Return_Invalid_5] took 0.004 sec
    [junit] Testcase: invalid[Return_Invalid_6] took 0.003 sec
    [junit] Testcase: invalid[Return_Invalid_7] took 0.002 sec
    [junit] Testcase: invalid[Return_Invalid_8] took 0.002 sec
    [junit] Testcase: invalid[Return_Invalid_9] took 0.004 sec
    [junit] Testcase: invalid[Subtype_Invalid_1] took 0.882 sec
    [junit] Testcase: invalid[Subtype_Invalid_2] took 0.737 sec
    [junit] Testcase: invalid[Subtype_Invalid_3] took 0.936 sec
    [junit] Testcase: invalid[Subtype_Invalid_4] took 0.917 sec
    [junit] Testcase: invalid[Subtype_Invalid_5] took 0.762 sec
    [junit] Testcase: invalid[Subtype_Invalid_6] took 0 sec
    [junit] Testcase: invalid[Subtype_Invalid_7] took 0.782 sec
    [junit] Testcase: invalid[Subtype_Invalid_8] took 0 sec
    [junit] Testcase: invalid[Subtype_Invalid_9] took 0 sec
    [junit] Testcase: invalid[Switch_Invalid_1] took 0.004 sec
    [junit] Testcase: invalid[Switch_Invalid_2] took 0.004 sec
    [junit] Testcase: invalid[Switch_Invalid_3] took 0.015 sec
    [junit] Testcase: invalid[Switch_Invalid_4] took 0.004 sec
    [junit] Testcase: invalid[Switch_Invalid_5] took 0.003 sec
    [junit] Testcase: invalid[Switch_Invalid_6] took 0 sec
    [junit] Testcase: invalid[Switch_Invalid_7] took 0.002 sec
    [junit] Testcase: invalid[TupleAssign_Invalid_1] took 0 sec
    [junit] Testcase: invalid[TupleAssign_Invalid_2] took 0 sec
    [junit] Testcase: invalid[TupleAssign_Invalid_3] took 0 sec
    [junit] Testcase: invalid[TupleDefine_Invalid_1] took 0.004 sec
    [junit] Testcase: invalid[TupleDefine_Invalid_2] took 0 sec
    [junit] Testcase: invalid[Tuple_Invalid_3] took 0 sec
    [junit] Testcase: invalid[Tuple_Invalid_4] took 0 sec
    [junit] Testcase: invalid[Tuple_Invalid_5] took 0 sec
    [junit] Testcase: invalid[Tuple_Invalid_6] took 0 sec
    [junit] Testcase: invalid[Tuple_Invalid_7] took 0 sec
    [junit] Testcase: invalid[TypeEquals_Invalid_1] took 0.005 sec
    [junit] Testcase: invalid[TypeEquals_Invalid_2] took 0.003 sec
    [junit] Testcase: invalid[TypeEquals_Invalid_5] took 0 sec
    [junit] Testcase: invalid[TypeEquals_Invalid_6] took 0.896 sec
    [junit] Testcase: invalid[UnionType_Invalid_1] took 0.007 sec
    [junit] Testcase: invalid[UnionType_Invalid_10] took 0 sec
    [junit] Testcase: invalid[UnionType_Invalid_2] took 0.007 sec
    [junit] Testcase: invalid[UnionType_Invalid_3] took 0.019 sec
    [junit] Testcase: invalid[UnionType_Invalid_4] took 0.008 sec
    [junit] Testcase: invalid[UnionType_Invalid_5] took 0.008 sec
    [junit] Testcase: invalid[UnionType_Invalid_6] took 0.006 sec
    [junit] Testcase: invalid[UnionType_Invalid_7] took 0 sec
    [junit] Testcase: invalid[UnionType_Invalid_8] took 0 sec
    [junit] Testcase: invalid[UnionType_Invalid_9] took 0 sec
    [junit] Testcase: invalid[VarDecl_Invalid_1] took 0.007 sec
    [junit] Testcase: invalid[VarDecl_Invalid_2] took 0.936 sec
    [junit] Testcase: invalid[VarDecl_Invalid_3] took 0.002 sec
    [junit] Testcase: invalid[Void_Invalid_1] took 0 sec
    [junit] Testcase: invalid[Void_Invalid_2] took 0 sec
    [junit] Testcase: invalid[Void_Invalid_3] took 0 sec
    [junit] Testcase: invalid[While_Invalid_1] took 0.004 sec
    [junit] Testcase: invalid[While_Invalid_10] took 1.01 sec
    [junit] Testcase: invalid[While_Invalid_11] took 1.032 sec
    [junit] Testcase: invalid[While_Invalid_12] took 0 sec
    [junit] Testcase: invalid[While_Invalid_13] took 1.26 sec
    [junit] Testcase: invalid[While_Invalid_14] took 0.003 sec
    [junit] Testcase: invalid[While_Invalid_2] took 0.004 sec
    [junit] Testcase: invalid[While_Invalid_3] took 0.005 sec
    [junit] Testcase: invalid[While_Invalid_4] took 0.003 sec
    [junit] Testcase: invalid[While_Invalid_5] took 0.003 sec
    [junit] Testcase: invalid[While_Invalid_6] took 0.003 sec
    [junit] Testcase: invalid[While_Invalid_7] took 1.101 sec
    [junit] Testcase: invalid[While_Invalid_8] took 1.021 sec
    [junit] Testcase: invalid[While_Invalid_9] took 0.003 sec
    [junit] Testcase: invalid[XOR_Invalid_1] took 0.002 sec
    [junit] Running wyc.testing.AllValidTests
    [junit] Testsuite: wyc.testing.AllValidTests
    [junit] Tests run: 476, Failures: 0, Errors: 0, Time elapsed: 331.364 sec
    [junit] Tests run: 476, Failures: 0, Errors: 0, Time elapsed: 331.364 sec
    [junit] ------------- Standard Error -----------------
    [junit] WARNING: version numbering unavailable
    [junit] ------------- ---------------- ---------------
    [junit] 
    [junit] Testcase: valid[Access_Valid_1] took 1.272 sec
    [junit] Testcase: valid[Access_Valid_2] took 1.204 sec
    [junit] Testcase: valid[Assume_Valid_1] took 0.429 sec
    [junit] Testcase: valid[Assume_Valid_2] took 0.683 sec
    [junit] Testcase: valid[BoolAssign_Valid_1] took 0.68 sec
    [junit] Testcase: valid[BoolAssign_Valid_2] took 0.763 sec
    [junit] Testcase: valid[BoolAssign_Valid_3] took 0.714 sec
    [junit] Testcase: valid[BoolAssign_Valid_4] took 0.804 sec
    [junit] Testcase: valid[BoolAssign_Valid_5] took 1.1 sec
    [junit] Testcase: valid[BoolAssign_Valid_6] took 0.737 sec
    [junit] Testcase: valid[BoolFun_Valid_1] took 0.723 sec
    [junit] Testcase: valid[BoolIfElse_Valid_1] took 0.751 sec
    [junit] Testcase: valid[BoolIfElse_Valid_2] took 0.747 sec
    [junit] Testcase: valid[BoolList_Valid_1] took 0.642 sec
    [junit] Testcase: valid[BoolList_Valid_2] took 0.762 sec
    [junit] Testcase: valid[BoolList_Valid_3] took 0.65 sec
    [junit] Testcase: valid[BoolRecord_Valid_1] took 0.577 sec
    [junit] Testcase: valid[BoolRecord_Valid_2] took 0.675 sec
    [junit] Testcase: valid[BoolRequires_Valid_1] took 0.586 sec
    [junit] Testcase: valid[BoolReturn_Valid_1] took 0.537 sec
    [junit] Testcase: valid[Byte_Valid_1] took 0.773 sec
    [junit] Testcase: valid[Byte_Valid_2] took 1.892 sec
    [junit] Testcase: valid[Byte_Valid_3] took 1.446 sec
    [junit] Testcase: valid[Byte_Valid_4] took 1.42 sec
    [junit] Testcase: valid[Byte_Valid_5] took 0.755 sec
    [junit] Testcase: valid[Byte_Valid_6] took 0.651 sec
    [junit] Testcase: valid[Byte_Valid_7] took 1.033 sec
    [junit] Testcase: valid[Byte_Valid_8] took 0.662 sec
    [junit] Testcase: valid[Byte_Valid_9] took 1.362 sec
    [junit] Testcase: valid[Cast_Valid_5] took 0.544 sec
    [junit] Testcase: valid[Coercion_Valid_2] took 0.713 sec
    [junit] Testcase: valid[Coercion_Valid_3] took 0.755 sec
    [junit] Testcase: valid[Coercion_Valid_7] took 0.589 sec
    [junit] Testcase: valid[Coercion_Valid_8] took 0.002 sec
    [junit] Testcase: valid[Coercion_Valid_9] took 0.675 sec
    [junit] Testcase: valid[Complex_Valid_1] took 0.634 sec
    [junit] Testcase: valid[Complex_Valid_2] took 0.903 sec
    [junit] Testcase: valid[Complex_Valid_3] took 0 sec
    [junit] Testcase: valid[Complex_Valid_4] took 0.771 sec
    [junit] Testcase: valid[Complex_Valid_5] took 0.723 sec
    [junit] Testcase: valid[Complex_Valid_6] took 0.928 sec
    [junit] Testcase: valid[Complex_Valid_7] took 0.725 sec
    [junit] Testcase: valid[Complex_Valid_8] took 0.831 sec
    [junit] Testcase: valid[Constant_Valid_3] took 0.906 sec
    [junit] Testcase: valid[ConstrainedInt_Valid_1] took 1.001 sec
    [junit] Testcase: valid[ConstrainedInt_Valid_10] took 0.641 sec
    [junit] Testcase: valid[ConstrainedInt_Valid_12] took 0.498 sec
    [junit] Testcase: valid[ConstrainedInt_Valid_13] took 0.645 sec
    [junit] Testcase: valid[ConstrainedInt_Valid_15] took 0.648 sec
    [junit] Testcase: valid[ConstrainedInt_Valid_16] took 0.676 sec
    [junit] Testcase: valid[ConstrainedInt_Valid_17] took 0.998 sec
    [junit] Testcase: valid[ConstrainedInt_Valid_18] took 0.732 sec
    [junit] Testcase: valid[ConstrainedInt_Valid_19] took 0.707 sec
    [junit] Testcase: valid[ConstrainedInt_Valid_2] took 0.702 sec
    [junit] Testcase: valid[ConstrainedInt_Valid_20] took 0.626 sec
    [junit] Testcase: valid[ConstrainedInt_Valid_21] took 0.904 sec
    [junit] Testcase: valid[ConstrainedInt_Valid_22] took 0.807 sec
    [junit] Testcase: valid[ConstrainedInt_Valid_23] took 0.593 sec
    [junit] Testcase: valid[ConstrainedInt_Valid_24] took 0.495 sec
    [junit] Testcase: valid[ConstrainedInt_Valid_3] took 0.543 sec
    [junit] Testcase: valid[ConstrainedInt_Valid_4] took 0.806 sec
    [junit] Testcase: valid[ConstrainedInt_Valid_5] took 0.714 sec
    [junit] Testcase: valid[ConstrainedInt_Valid_6] took 0.826 sec
    [junit] Testcase: valid[ConstrainedInt_Valid_8] took 0.608 sec
    [junit] Testcase: valid[ConstrainedIntersection_Valid_1] took 0 sec
    [junit] Testcase: valid[ConstrainedList_Valid_1] took 0.769 sec
    [junit] Testcase: valid[ConstrainedList_Valid_11] took 0.656 sec
    [junit] Testcase: valid[ConstrainedList_Valid_12] took 0.646 sec
    [junit] Testcase: valid[ConstrainedList_Valid_14] took 0.548 sec
    [junit] Testcase: valid[ConstrainedList_Valid_15] took 0.46 sec
    [junit] Testcase: valid[ConstrainedList_Valid_16] took 0.738 sec
    [junit] Testcase: valid[ConstrainedList_Valid_17] took 0.763 sec
    [junit] Testcase: valid[ConstrainedList_Valid_18] took 0.7 sec
    [junit] Testcase: valid[ConstrainedList_Valid_19] took 0.699 sec
    [junit] Testcase: valid[ConstrainedList_Valid_2] took 0.687 sec
    [junit] Testcase: valid[ConstrainedList_Valid_20] took 0.539 sec
    [junit] Testcase: valid[ConstrainedList_Valid_21] took 0.8 sec
    [junit] Testcase: valid[ConstrainedList_Valid_22] took 0.433 sec
    [junit] Testcase: valid[ConstrainedList_Valid_23] took 0.977 sec
    [junit] Testcase: valid[ConstrainedList_Valid_25] took 0.537 sec
    [junit] Testcase: valid[ConstrainedList_Valid_26] took 0.599 sec
    [junit] Testcase: valid[ConstrainedList_Valid_27] took 0.763 sec
    [junit] Testcase: valid[ConstrainedList_Valid_28] took 0.632 sec
    [junit] Testcase: valid[ConstrainedList_Valid_3] took 0.833 sec
    [junit] Testcase: valid[ConstrainedList_Valid_4] took 0.503 sec
    [junit] Testcase: valid[ConstrainedList_Valid_5] took 0.827 sec
    [junit] Testcase: valid[ConstrainedList_Valid_6] took 0.642 sec
    [junit] Testcase: valid[ConstrainedList_Valid_7] took 0.792 sec
    [junit] Testcase: valid[ConstrainedList_Valid_8] took 0.771 sec
    [junit] Testcase: valid[ConstrainedList_Valid_9] took 0.718 sec
    [junit] Testcase: valid[ConstrainedNegation_Valid_1] took 0 sec
    [junit] Testcase: valid[ConstrainedNegation_Valid_2] took 0 sec
    [junit] Testcase: valid[ConstrainedRecord_Valid_1] took 0.668 sec
    [junit] Testcase: valid[ConstrainedRecord_Valid_10] took 0.701 sec
    [junit] Testcase: valid[ConstrainedRecord_Valid_2] took 0.684 sec
    [junit] Testcase: valid[ConstrainedRecord_Valid_3] took 0.644 sec
    [junit] Testcase: valid[ConstrainedRecord_Valid_4] took 0.749 sec
    [junit] Testcase: valid[ConstrainedRecord_Valid_5] took 0.563 sec
    [junit] Testcase: valid[ConstrainedRecord_Valid_6] took 0.638 sec
    [junit] Testcase: valid[ConstrainedRecord_Valid_8] took 0.818 sec
    [junit] Testcase: valid[ConstrainedRecord_Valid_9] took 0.79 sec
    [junit] Testcase: valid[ConstrainedReference_Valid_1] took 0.563 sec
    [junit] Testcase: valid[ConstrainedUnion_Valid_1] took 0.833 sec
    [junit] Testcase: valid[Contractive_Valid_1] took 0 sec
    [junit] Testcase: valid[Contractive_Valid_2] took 0.876 sec
    [junit] Testcase: valid[Define_Valid_1] took 0.734 sec
    [junit] Testcase: valid[Define_Valid_2] took 0.653 sec
    [junit] Testcase: valid[Define_Valid_3] took 0.716 sec
    [junit] Testcase: valid[Define_Valid_4] took 0.786 sec
    [junit] Testcase: valid[DoWhile_Valid_1] took 0.763 sec
    [junit] Testcase: valid[DoWhile_Valid_2] took 0.963 sec
    [junit] Testcase: valid[DoWhile_Valid_3] took 0.656 sec
    [junit] Testcase: valid[DoWhile_Valid_4] took 0 sec
    [junit] Testcase: valid[DoWhile_Valid_5] took 0.892 sec
    [junit] Testcase: valid[DoWhile_Valid_6] took 0.6 sec
    [junit] Testcase: valid[DoWhile_Valid_7] took 0 sec
    [junit] Testcase: valid[EffectiveList_Valid_1] took 0.761 sec
    [junit] Testcase: valid[Ensures_Valid_1] took 0.818 sec
    [junit] Testcase: valid[Ensures_Valid_2] took 0.659 sec
    [junit] Testcase: valid[Ensures_Valid_3] took 0.805 sec
    [junit] Testcase: valid[Ensures_Valid_4] took 0.811 sec
    [junit] Testcase: valid[Ensures_Valid_5] took 0.689 sec
    [junit] Testcase: valid[Ensures_Valid_6] took 0.552 sec
    [junit] Testcase: valid[Ensures_Valid_7] took 0.662 sec
    [junit] Testcase: valid[Ensures_Valid_8] took 0.51 sec
    [junit] Testcase: valid[Fail_Valid_1] took 0.655 sec
    [junit] Testcase: valid[Fail_Valid_2] took 0.854 sec
    [junit] Testcase: valid[FunctionRef_Valid_1] took 0.674 sec
    [junit] Testcase: valid[FunctionRef_Valid_10] took 0.967 sec
    [junit] Testcase: valid[FunctionRef_Valid_11] took 0.663 sec
    [junit] Testcase: valid[FunctionRef_Valid_12] took 0.749 sec
    [junit] Testcase: valid[FunctionRef_Valid_13] took 0 sec
    [junit] Testcase: valid[FunctionRef_Valid_2] took 0 sec
    [junit] Testcase: valid[FunctionRef_Valid_4] took 0.69 sec
    [junit] Testcase: valid[FunctionRef_Valid_5] took 0.671 sec
    [junit] Testcase: valid[FunctionRef_Valid_6] took 0.683 sec
    [junit] Testcase: valid[FunctionRef_Valid_7] took 0.563 sec
    [junit] Testcase: valid[FunctionRef_Valid_8] took 0.688 sec
    [junit] Testcase: valid[FunctionRef_Valid_9] took 0.636 sec
    [junit] Testcase: valid[Function_Valid_1] took 0.704 sec
    [junit] Testcase: valid[Function_Valid_11] took 0 sec
    [junit] Testcase: valid[Function_Valid_12] took 0.517 sec
    [junit] Testcase: valid[Function_Valid_13] took 0.75 sec
    [junit] Testcase: valid[Function_Valid_14] took 0.671 sec
    [junit] Testcase: valid[Function_Valid_15] took 0 sec
    [junit] Testcase: valid[Function_Valid_16] took 0.64 sec
    [junit] Testcase: valid[Function_Valid_17] took 0.41 sec
    [junit] Testcase: valid[Function_Valid_18] took 0.708 sec
    [junit] Testcase: valid[Function_Valid_2] took 0.661 sec
    [junit] Testcase: valid[Function_Valid_20] took 0.706 sec
    [junit] Testcase: valid[Function_Valid_21] took 0.765 sec
    [junit] Testcase: valid[Function_Valid_3] took 0.679 sec
    [junit] Testcase: valid[Function_Valid_4] took 0.676 sec
    [junit] Testcase: valid[Function_Valid_5] took 0.847 sec
    [junit] Testcase: valid[Function_Valid_6] took 0.489 sec
    [junit] Testcase: valid[Function_Valid_7] took 0.864 sec
    [junit] Testcase: valid[Function_Valid_8] took 0.657 sec
    [junit] Testcase: valid[Function_Valid_9] took 0.658 sec
    [junit] Testcase: valid[HexAssign_Valid_1] took 0.681 sec
    [junit] Testcase: valid[IfElse_Valid_1] took 1.041 sec
    [junit] Testcase: valid[IfElse_Valid_2] took 0.786 sec
    [junit] Testcase: valid[IfElse_Valid_3] took 0.716 sec
    [junit] Testcase: valid[IfElse_Valid_4] took 0.781 sec
    [junit] Testcase: valid[IfElse_Valid_5] took 0.808 sec
    [junit] Testcase: valid[Import_Valid_1] took 0.591 sec
    [junit] Testcase: valid[Import_Valid_2] took 0.62 sec
    [junit] Testcase: valid[Import_Valid_3] took 0.766 sec
    [junit] Testcase: valid[Import_Valid_4] took 0 sec
    [junit] Testcase: valid[Import_Valid_5] took 0 sec
    [junit] Testcase: valid[Import_Valid_6] took 0.692 sec
    [junit] Testcase: valid[IntConst_Valid_1] took 0.727 sec
    [junit] Testcase: valid[IntDefine_Valid_1] took 0.629 sec
    [junit] Testcase: valid[IntDefine_Valid_2] took 0.718 sec
    [junit] Testcase: valid[IntDiv_Valid_1] took 0.874 sec
    [junit] Testcase: valid[IntDiv_Valid_3] took 0.953 sec
    [junit] Testcase: valid[IntDiv_Valid_4] took 0.828 sec
    [junit] Testcase: valid[IntDiv_Valid_5] took 0.892 sec
    [junit] Testcase: valid[IntMul_Valid_1] took 0.79 sec
    [junit] Testcase: valid[IntMul_Valid_2] took 0.649 sec
    [junit] Testcase: valid[IntOp_Valid_1] took 0.828 sec
    [junit] Testcase: valid[Intersection_Valid_1] took 0 sec
    [junit] Testcase: valid[Intersection_Valid_2] took 0 sec
    [junit] Testcase: valid[Lambda_Valid_1] took 0.376 sec
    [junit] Testcase: valid[Lambda_Valid_2] took 1.182 sec
    [junit] Testcase: valid[Lambda_Valid_3] took 0.685 sec
    [junit] Testcase: valid[Lambda_Valid_4] took 0.759 sec
    [junit] Testcase: valid[Lambda_Valid_5] took 0.673 sec
    [junit] Testcase: valid[Lambda_Valid_6] took 0.561 sec
    [junit] Testcase: valid[Lambda_Valid_7] took 0.542 sec
    [junit] Testcase: valid[Lambda_Valid_8] took 1.274 sec
    [junit] Testcase: valid[Lambda_Valid_9] took 0.526 sec
    [junit] Testcase: valid[LengthOf_Valid_1] took 0.8 sec
    [junit] Testcase: valid[LengthOf_Valid_4] took 0.597 sec
    [junit] Testcase: valid[LengthOf_Valid_5] took 0.676 sec
    [junit] Testcase: valid[ListAccess_Valid_1] took 0.563 sec
    [junit] Testcase: valid[ListAccess_Valid_3] took 0.769 sec
    [junit] Testcase: valid[ListAccess_Valid_5] took 0.416 sec
    [junit] Testcase: valid[ListAccess_Valid_6] took 0 sec
    [junit] Testcase: valid[ListAccess_Valid_8] took 0.801 sec
    [junit] Testcase: valid[ListAccess_Valid_9] took 0.606 sec
    [junit] Testcase: valid[ListAssign_Valid_1] took 0.887 sec
    [junit] Testcase: valid[ListAssign_Valid_11] took 0.607 sec
    [junit] Testcase: valid[ListAssign_Valid_2] took 1.019 sec
    [junit] Testcase: valid[ListAssign_Valid_3] took 0.676 sec
    [junit] Testcase: valid[ListAssign_Valid_4] took 0.748 sec
    [junit] Testcase: valid[ListAssign_Valid_5] took 0.621 sec
    [junit] Testcase: valid[ListAssign_Valid_6] took 0.584 sec
    [junit] Testcase: valid[ListAssign_Valid_7] took 0.606 sec
    [junit] Testcase: valid[ListAssign_Valid_8] took 0.566 sec
    [junit] Testcase: valid[ListAssign_Valid_9] took 0.692 sec
    [junit] Testcase: valid[ListEmpty_Valid_1] took 0.534 sec
    [junit] Testcase: valid[ListGenerator_Valid_1] took 0.874 sec
    [junit] Testcase: valid[ListGenerator_Valid_10] took 0.784 sec
    [junit] Testcase: valid[ListGenerator_Valid_11] took 0.485 sec
    [junit] Testcase: valid[ListGenerator_Valid_12] took 0.827 sec
    [junit] Testcase: valid[ListGenerator_Valid_2] took 0.768 sec
    [junit] Testcase: valid[ListGenerator_Valid_3] took 0.717 sec
    [junit] Testcase: valid[ListGenerator_Valid_5] took 0.738 sec
    [junit] Testcase: valid[ListGenerator_Valid_6] took 0.881 sec
    [junit] Testcase: valid[ListGenerator_Valid_7] took 0.946 sec
    [junit] Testcase: valid[ListGenerator_Valid_8] took 0.718 sec
    [junit] Testcase: valid[ListGenerator_Valid_9] took 0.811 sec
    [junit] Testcase: valid[ListLength_Valid_1] took 0.888 sec
    [junit] Testcase: valid[ListLength_Valid_2] took 0.629 sec
    [junit] Testcase: valid[ListLength_Valid_3] took 0.863 sec
    [junit] Testcase: valid[MessageRef_Valid_1] took 0.551 sec
    [junit] Testcase: valid[MessageRef_Valid_2] took 0.931 sec
    [junit] Testcase: valid[MessageSend_Valid_1] took 0.801 sec
    [junit] Testcase: valid[MessageSend_Valid_2] took 0.825 sec
    [junit] Testcase: valid[MessageSend_Valid_3] took 0.837 sec
    [junit] Testcase: valid[MessageSend_Valid_4] took 0.914 sec
    [junit] Testcase: valid[MessageSend_Valid_5] took 0.852 sec
    [junit] Testcase: valid[MethodCall_Valid_1] took 1.001 sec
    [junit] Testcase: valid[MethodCall_Valid_2] took 0.726 sec
    [junit] Testcase: valid[MethodCall_Valid_3] took 0.736 sec
    [junit] Testcase: valid[MethodCall_Valid_4] took 1.014 sec
    [junit] Testcase: valid[MethodRef_Valid_1] took 0.757 sec
    [junit] Testcase: valid[MethodRef_Valid_2] took 0.72 sec
    [junit] Testcase: valid[Method_Valid_1] took 0.91 sec
    [junit] Testcase: valid[MultiLineComment_Valid_1] took 0.606 sec
    [junit] Testcase: valid[MultiLineComment_Valid_2] took 0.998 sec
    [junit] Testcase: valid[NegationType_Valid_1] took 0.74 sec
    [junit] Testcase: valid[NegationType_Valid_2] took 0.876 sec
    [junit] Testcase: valid[NegationType_Valid_3] took 0 sec
    [junit] Testcase: valid[NegationType_Valid_4] took 0.648 sec
    [junit] Testcase: valid[NegationType_Valid_5] took 0.9 sec
    [junit] Testcase: valid[OpenRecord_Valid_1] took 0.88 sec
    [junit] Testcase: valid[OpenRecord_Valid_10] took 0.928 sec
    [junit] Testcase: valid[OpenRecord_Valid_11] took 0 sec
    [junit] Testcase: valid[OpenRecord_Valid_2] took 0.688 sec
    [junit] Testcase: valid[OpenRecord_Valid_3] took 0.785 sec
    [junit] Testcase: valid[OpenRecord_Valid_4] took 1.174 sec
    [junit] Testcase: valid[OpenRecord_Valid_5] took 0.87 sec
    [junit] Testcase: valid[OpenRecord_Valid_6] took 0.816 sec
    [junit] Testcase: valid[OpenRecord_Valid_9] took 0.547 sec
    [junit] Testcase: valid[ProcessAccess_Valid_1] took 0.598 sec
    [junit] Testcase: valid[ProcessAccess_Valid_2] took 0.896 sec
    [junit] Testcase: valid[Process_Valid_1] took 0.717 sec
    [junit] Testcase: valid[Process_Valid_10] took 0.573 sec
    [junit] Testcase: valid[Process_Valid_11] took 0.683 sec
    [junit] Testcase: valid[Process_Valid_12] took 0.737 sec
    [junit] Testcase: valid[Process_Valid_2] took 0.84 sec
    [junit] Testcase: valid[Process_Valid_3] took 0.818 sec
    [junit] Testcase: valid[Process_Valid_4] took 0.901 sec
    [junit] Testcase: valid[Process_Valid_5] took 0.894 sec
    [junit] Testcase: valid[Process_Valid_6] took 0.783 sec
    [junit] Testcase: valid[Process_Valid_7] took 0.575 sec
    [junit] Testcase: valid[Process_Valid_8] took 0.743 sec
    [junit] Testcase: valid[Process_Valid_9] took 0.62 sec
    [junit] Testcase: valid[Quantifiers_Valid_1] took 0.876 sec
    [junit] Testcase: valid[RecordAccess_Valid_1] took 0.885 sec
    [junit] Testcase: valid[RecordAssign_Valid_1] took 0.545 sec
    [junit] Testcase: valid[RecordAssign_Valid_10] took 0.376 sec
    [junit] Testcase: valid[RecordAssign_Valid_2] took 0.584 sec
    [junit] Testcase: valid[RecordAssign_Valid_3] took 0.561 sec
    [junit] Testcase: valid[RecordAssign_Valid_4] took 0.577 sec
    [junit] Testcase: valid[RecordAssign_Valid_5] took 0.534 sec
    [junit] Testcase: valid[RecordAssign_Valid_6] took 0.805 sec
    [junit] Testcase: valid[RecordAssign_Valid_7] took 0.612 sec
    [junit] Testcase: valid[RecordAssign_Valid_8] took 0.827 sec
    [junit] Testcase: valid[RecordAssign_Valid_9] took 0.776 sec
    [junit] Testcase: valid[RecordCoercion_Valid_1] took 0 sec
    [junit] Testcase: valid[RecordDefine_Valid_1] took 0.526 sec
    [junit] Testcase: valid[RecordDefine_Valid_2] took 0.902 sec
    [junit] Testcase: valid[RecordSubtype_Valid_1] took 0 sec
    [junit] Testcase: valid[RecordSubtype_Valid_2] took 0 sec
    [junit] Testcase: valid[RecursiveType_Valid_1] took 0.619 sec
    [junit] Testcase: valid[RecursiveType_Valid_10] took 0.67 sec
    [junit] Testcase: valid[RecursiveType_Valid_11] took 0.648 sec
    [junit] Testcase: valid[RecursiveType_Valid_12] took 0 sec
    [junit] Testcase: valid[RecursiveType_Valid_13] took 0.692 sec
    [junit] Testcase: valid[RecursiveType_Valid_14] took 0.719 sec
    [junit] Testcase: valid[RecursiveType_Valid_15] took 0.936 sec
    [junit] Testcase: valid[RecursiveType_Valid_16] took 0.695 sec
    [junit] Testcase: valid[RecursiveType_Valid_17] took 0.894 sec
    [junit] Testcase: valid[RecursiveType_Valid_18] took 0.997 sec
    [junit] Testcase: valid[RecursiveType_Valid_19] took 0.628 sec
    [junit] Testcase: valid[RecursiveType_Valid_2] took 0.764 sec
    [junit] Testcase: valid[RecursiveType_Valid_20] took 0.766 sec
    [junit] Testcase: valid[RecursiveType_Valid_21] took 0.896 sec
    [junit] Testcase: valid[RecursiveType_Valid_22] took 0 sec
    [junit] Testcase: valid[RecursiveType_Valid_23] took 0.992 sec
    [junit] Testcase: valid[RecursiveType_Valid_24] took 0.489 sec
    [junit] Testcase: valid[RecursiveType_Valid_25] took 0.753 sec
    [junit] Testcase: valid[RecursiveType_Valid_26] took 0.846 sec
    [junit] Testcase: valid[RecursiveType_Valid_27] took 0.672 sec
    [junit] Testcase: valid[RecursiveType_Valid_28] took 0 sec
    [junit] Testcase: valid[RecursiveType_Valid_3] took 0 sec
    [junit] Testcase: valid[RecursiveType_Valid_4] took 0 sec
    [junit] Testcase: valid[RecursiveType_Valid_5] took 0 sec
    [junit] Testcase: valid[RecursiveType_Valid_6] took 0.732 sec
    [junit] Testcase: valid[RecursiveType_Valid_7] took 0.922 sec
    [junit] Testcase: valid[RecursiveType_Valid_8] took 0.662 sec
    [junit] Testcase: valid[RecursiveType_Valid_9] took 0.611 sec
    [junit] Testcase: valid[ReferenceType_Valid_1] took 0.937 sec
    [junit] Testcase: valid[Reference_Valid_1] took 0.999 sec
    [junit] Testcase: valid[Reference_Valid_2] took 0.766 sec
    [junit] Testcase: valid[Reference_Valid_3] took 0.771 sec
    [junit] Testcase: valid[Reference_Valid_4] took 0.589 sec
    [junit] Testcase: valid[Reference_Valid_5] took 0.876 sec
    [junit] Testcase: valid[Reference_Valid_6] took 0 sec
    [junit] Testcase: valid[Reference_Valid_7] took 0.86 sec
    [junit] Testcase: valid[Reference_Valid_8] took 0.776 sec
    [junit] Testcase: valid[Remainder_Valid_1] took 0.755 sec
    [junit] Testcase: valid[Requires_Valid_1] took 1.106 sec
    [junit] Testcase: valid[Resolution_Valid_1] took 0.804 sec
    [junit] Testcase: valid[Return_Valid_1] took 0.834 sec
    [junit] Testcase: valid[SingleLineComment_Valid_1] took 0.771 sec
    [junit] Testcase: valid[Skip_Valid_1] took 0.662 sec
    [junit] Testcase: valid[String_Valid_1] took 0.759 sec
    [junit] Testcase: valid[String_Valid_2] took 0.706 sec
    [junit] Testcase: valid[String_Valid_3] took 0.548 sec
    [junit] Testcase: valid[String_Valid_4] took 0.609 sec
    [junit] Testcase: valid[String_Valid_5] took 1.029 sec
    [junit] Testcase: valid[String_Valid_6] took 0.992 sec
    [junit] Testcase: valid[Subtype_Valid_1] took 0.769 sec
    [junit] Testcase: valid[Subtype_Valid_10] took 0.571 sec
    [junit] Testcase: valid[Subtype_Valid_11] took 0.555 sec
    [junit] Testcase: valid[Subtype_Valid_12] took 0.733 sec
    [junit] Testcase: valid[Subtype_Valid_13] took 0.732 sec
    [junit] Testcase: valid[Subtype_Valid_14] took 0.855 sec
    [junit] Testcase: valid[Subtype_Valid_2] took 0.572 sec
    [junit] Testcase: valid[Subtype_Valid_3] took 0.669 sec
    [junit] Testcase: valid[Subtype_Valid_4] took 0.963 sec
    [junit] Testcase: valid[Subtype_Valid_5] took 0.867 sec
    [junit] Testcase: valid[Subtype_Valid_6] took 0.73 sec
    [junit] Testcase: valid[Subtype_Valid_7] took 0.772 sec
    [junit] Testcase: valid[Subtype_Valid_8] took 0.981 sec
    [junit] Testcase: valid[Subtype_Valid_9] took 0.533 sec
    [junit] Testcase: valid[Switch_Valid_1] took 0.667 sec
    [junit] Testcase: valid[Switch_Valid_10] took 0.892 sec
    [junit] Testcase: valid[Switch_Valid_11] took 0.865 sec
    [junit] Testcase: valid[Switch_Valid_12] took 0.641 sec
    [junit] Testcase: valid[Switch_Valid_13] took 0.901 sec
    [junit] Testcase: valid[Switch_Valid_2] took 0.594 sec
    [junit] Testcase: valid[Switch_Valid_3] took 1.024 sec
    [junit] Testcase: valid[Switch_Valid_4] took 0.555 sec
    [junit] Testcase: valid[Switch_Valid_5] took 0.899 sec
    [junit] Testcase: valid[Switch_Valid_6] took 0.878 sec
    [junit] Testcase: valid[Switch_Valid_7] took 0.731 sec
    [junit] Testcase: valid[Switch_Valid_8] took 0.749 sec
    [junit] Testcase: valid[Switch_Valid_9] took 0.616 sec
    [junit] Testcase: valid[Syntax_Valid_1] took 0.708 sec
    [junit] Testcase: valid[TypeEquals_Valid_1] took 0.727 sec
    [junit] Testcase: valid[TypeEquals_Valid_10] took 0.679 sec
    [junit] Testcase: valid[TypeEquals_Valid_11] took 0.905 sec
    [junit] Testcase: valid[TypeEquals_Valid_12] took 0.905 sec
    [junit] Testcase: valid[TypeEquals_Valid_14] took 0.918 sec
    [junit] Testcase: valid[TypeEquals_Valid_15] took 0.818 sec
    [junit] Testcase: valid[TypeEquals_Valid_16] took 0.623 sec
    [junit] Testcase: valid[TypeEquals_Valid_17] took 0.77 sec
    [junit] Testcase: valid[TypeEquals_Valid_18] took 0.774 sec
    [junit] Testcase: valid[TypeEquals_Valid_19] took 0.685 sec
    [junit] Testcase: valid[TypeEquals_Valid_2] took 1.02 sec
    [junit] Testcase: valid[TypeEquals_Valid_21] took 0.837 sec
    [junit] Testcase: valid[TypeEquals_Valid_23] took 0.001 sec
    [junit] Testcase: valid[TypeEquals_Valid_24] took 0.918 sec
    [junit] Testcase: valid[TypeEquals_Valid_25] took 1.273 sec
    [junit] Testcase: valid[TypeEquals_Valid_27] took 0.791 sec
    [junit] Testcase: valid[TypeEquals_Valid_28] took 0.685 sec
    [junit] Testcase: valid[TypeEquals_Valid_29] took 0.695 sec
    [junit] Testcase: valid[TypeEquals_Valid_3] took 0.827 sec
    [junit] Testcase: valid[TypeEquals_Valid_30] took 0.917 sec
    [junit] Testcase: valid[TypeEquals_Valid_31] took 0.451 sec
    [junit] Testcase: valid[TypeEquals_Valid_32] took 0.835 sec
    [junit] Testcase: valid[TypeEquals_Valid_33] took 0.94 sec
    [junit] Testcase: valid[TypeEquals_Valid_34] took 0.65 sec
    [junit] Testcase: valid[TypeEquals_Valid_35] took 0.569 sec
    [junit] Testcase: valid[TypeEquals_Valid_36] took 0 sec
    [junit] Testcase: valid[TypeEquals_Valid_37] took 0 sec
    [junit] Testcase: valid[TypeEquals_Valid_38] took 0 sec
    [junit] Testcase: valid[TypeEquals_Valid_39] took 0.651 sec
    [junit] Testcase: valid[TypeEquals_Valid_40] took 0.57 sec
    [junit] Testcase: valid[TypeEquals_Valid_41] took 0 sec
    [junit] Testcase: valid[TypeEquals_Valid_42] took 0.8 sec
    [junit] Testcase: valid[TypeEquals_Valid_43] took 0.662 sec
    [junit] Testcase: valid[TypeEquals_Valid_44] took 0.8 sec
    [junit] Testcase: valid[TypeEquals_Valid_45] took 0.763 sec
    [junit] Testcase: valid[TypeEquals_Valid_46] took 0.503 sec
    [junit] Testcase: valid[TypeEquals_Valid_47] took 0.771 sec
    [junit] Testcase: valid[TypeEquals_Valid_5] took 0.69 sec
    [junit] Testcase: valid[TypeEquals_Valid_6] took 0.513 sec
    [junit] Testcase: valid[TypeEquals_Valid_7] took 0.67 sec
    [junit] Testcase: valid[TypeEquals_Valid_9] took 0.739 sec
    [junit] Testcase: valid[UnionType_Valid_1] took 0.593 sec
    [junit] Testcase: valid[UnionType_Valid_10] took 0.695 sec
    [junit] Testcase: valid[UnionType_Valid_11] took 0.866 sec
    [junit] Testcase: valid[UnionType_Valid_12] took 0.721 sec
    [junit] Testcase: valid[UnionType_Valid_13] took 0.792 sec
    [junit] Testcase: valid[UnionType_Valid_14] took 0.859 sec
    [junit] Testcase: valid[UnionType_Valid_15] took 0.915 sec
    [junit] Testcase: valid[UnionType_Valid_16] took 0.789 sec
    [junit] Testcase: valid[UnionType_Valid_17] took 0.889 sec
    [junit] Testcase: valid[UnionType_Valid_18] took 0.568 sec
    [junit] Testcase: valid[UnionType_Valid_19] took 0.867 sec
    [junit] Testcase: valid[UnionType_Valid_2] took 0.646 sec
    [junit] Testcase: valid[UnionType_Valid_20] took 0.697 sec
    [junit] Testcase: valid[UnionType_Valid_21] took 0.87 sec
    [junit] Testcase: valid[UnionType_Valid_22] took 0.884 sec
    [junit] Testcase: valid[UnionType_Valid_23] took 0.565 sec
    [junit] Testcase: valid[UnionType_Valid_3] took 0.917 sec
    [junit] Testcase: valid[UnionType_Valid_4] took 0.759 sec
    [junit] Testcase: valid[UnionType_Valid_5] took 0.703 sec
    [junit] Testcase: valid[UnionType_Valid_6] took 0.654 sec
    [junit] Testcase: valid[UnionType_Valid_7] took 0.908 sec
    [junit] Testcase: valid[UnionType_Valid_8] took 0.838 sec
    [junit] Testcase: valid[UnionType_Valid_9] took 0.838 sec
    [junit] Testcase: valid[Update_Valid_2] took 0.829 sec
    [junit] Testcase: valid[VarDecl_Valid_1] took 0.873 sec
    [junit] Testcase: valid[VarDecl_Valid_2] took 0.847 sec
    [junit] Testcase: valid[VarDecl_Valid_3] took 0.966 sec
    [junit] Testcase: valid[VarDecl_Valid_4] took 0.806 sec
    [junit] Testcase: valid[While_Valid_1] took 0.575 sec
    [junit] Testcase: valid[While_Valid_10] took 0.692 sec
    [junit] Testcase: valid[While_Valid_11] took 0.634 sec
    [junit] Testcase: valid[While_Valid_12] took 0.733 sec
    [junit] Testcase: valid[While_Valid_14] took 0.632 sec
    [junit] Testcase: valid[While_Valid_15] took 0 sec
    [junit] Testcase: valid[While_Valid_16] took 0.57 sec
    [junit] Testcase: valid[While_Valid_17] took 0.74 sec
    [junit] Testcase: valid[While_Valid_18] took 0.677 sec
    [junit] Testcase: valid[While_Valid_19] took 0.677 sec
    [junit] Testcase: valid[While_Valid_2] took 0.619 sec
    [junit] Testcase: valid[While_Valid_20] took 0.978 sec
    [junit] Testcase: valid[While_Valid_21] took 0.59 sec
    [junit] Testcase: valid[While_Valid_22] took 0.766 sec
    [junit] Testcase: valid[While_Valid_23] took 0.668 sec
    [junit] Testcase: valid[While_Valid_24] took 0.772 sec
    [junit] Testcase: valid[While_Valid_25] took 0.69 sec
    [junit] Testcase: valid[While_Valid_26] took 0.65 sec
    [junit] Testcase: valid[While_Valid_27] took 0.8 sec
    [junit] Testcase: valid[While_Valid_28] took 0.664 sec
    [junit] Testcase: valid[While_Valid_29] took 0.687 sec
    [junit] Testcase: valid[While_Valid_3] took 0.623 sec
    [junit] Testcase: valid[While_Valid_30] took 0.736 sec
    [junit] Testcase: valid[While_Valid_31] took 0.776 sec
    [junit] Testcase: valid[While_Valid_32] took 0.872 sec
    [junit] Testcase: valid[While_Valid_33] took 0.563 sec
    [junit] Testcase: valid[While_Valid_34] took 0.769 sec
    [junit] Testcase: valid[While_Valid_35] took 0.708 sec
    [junit] Testcase: valid[While_Valid_36] took 0.616 sec
    [junit] Testcase: valid[While_Valid_37] took 0.845 sec
    [junit] Testcase: valid[While_Valid_38] took 0.787 sec
    [junit] Testcase: valid[While_Valid_39] took 0.632 sec
    [junit] Testcase: valid[While_Valid_40] took 0.67 sec
    [junit] Testcase: valid[While_Valid_41] took 0.86 sec
    [junit] Testcase: valid[While_Valid_42] took 0.557 sec
    [junit] Testcase: valid[While_Valid_43] took 0.397 sec
    [junit] Testcase: valid[While_Valid_44] took 0.724 sec
    [junit] Testcase: valid[While_Valid_45] took 0.742 sec
    [junit] Testcase: valid[While_Valid_46] took 0.902 sec
    [junit] Testcase: valid[While_Valid_47] took 0.518 sec
    [junit] Testcase: valid[While_Valid_48] took 0 sec
    [junit] Testcase: valid[While_Valid_5] took 0.633 sec
    [junit] Testcase: valid[While_Valid_7] took 0 sec
    [junit] Testcase: valid[While_Valid_9] took 0.647 sec
    [junit] Running wyc.testing.AllValidVerificationTests
    [junit] Testsuite: wyc.testing.AllValidVerificationTests
    [junit] Tests run: 476, Failures: 0, Errors: 0, Time elapsed: 537.341 sec
    [junit] Tests run: 476, Failures: 0, Errors: 0, Time elapsed: 537.341 sec
    [junit] ------------- Standard Error -----------------
    [junit] WARNING: version numbering unavailable
    [junit] ------------- ---------------- ---------------
    [junit] 
    [junit] Testcase: validVerification[Access_Valid_1] took 1.868 sec
    [junit] Testcase: validVerification[Access_Valid_2] took 1.452 sec
    [junit] Testcase: validVerification[Assume_Valid_1] took 1.378 sec
    [junit] Testcase: validVerification[Assume_Valid_2] took 1.481 sec
    [junit] Testcase: validVerification[BoolAssign_Valid_1] took 1.153 sec
    [junit] Testcase: validVerification[BoolAssign_Valid_2] took 1.99 sec
    [junit] Testcase: validVerification[BoolAssign_Valid_3] took 1.476 sec
    [junit] Testcase: validVerification[BoolAssign_Valid_4] took 1.336 sec
    [junit] Testcase: validVerification[BoolAssign_Valid_5] took 1.044 sec
    [junit] Testcase: validVerification[BoolAssign_Valid_6] took 1.239 sec
    [junit] Testcase: validVerification[BoolFun_Valid_1] took 1.39 sec
    [junit] Testcase: validVerification[BoolIfElse_Valid_1] took 1.413 sec
    [junit] Testcase: validVerification[BoolIfElse_Valid_2] took 1.33 sec
    [junit] Testcase: validVerification[BoolList_Valid_1] took 1.33 sec
    [junit] Testcase: validVerification[BoolList_Valid_2] took 1.446 sec
    [junit] Testcase: validVerification[BoolList_Valid_3] took 0.002 sec
    [junit] Testcase: validVerification[BoolRecord_Valid_1] took 0 sec
    [junit] Testcase: validVerification[BoolRecord_Valid_2] took 1.433 sec
    [junit] Testcase: validVerification[BoolRequires_Valid_1] took 1.187 sec
    [junit] Testcase: validVerification[BoolReturn_Valid_1] took 1.102 sec
    [junit] Testcase: validVerification[Byte_Valid_1] took 1.404 sec
    [junit] Testcase: validVerification[Byte_Valid_2] took 1.601 sec
    [junit] Testcase: validVerification[Byte_Valid_3] took 1.541 sec
    [junit] Testcase: validVerification[Byte_Valid_4] took 1.245 sec
    [junit] Testcase: validVerification[Byte_Valid_5] took 1.609 sec
    [junit] Testcase: validVerification[Byte_Valid_6] took 1.623 sec
    [junit] Testcase: validVerification[Byte_Valid_7] took 1.056 sec
    [junit] Testcase: validVerification[Byte_Valid_8] took 0.984 sec
    [junit] Testcase: validVerification[Byte_Valid_9] took 1.496 sec
    [junit] Testcase: validVerification[Cast_Valid_5] took 0 sec
    [junit] Testcase: validVerification[Coercion_Valid_2] took 1.36 sec
    [junit] Testcase: validVerification[Coercion_Valid_3] took 1.459 sec
    [junit] Testcase: validVerification[Coercion_Valid_7] took 1.081 sec
    [junit] Testcase: validVerification[Coercion_Valid_8] took 0 sec
    [junit] Testcase: validVerification[Coercion_Valid_9] took 1.385 sec
    [junit] Testcase: validVerification[Complex_Valid_1] took 0 sec
    [junit] Testcase: validVerification[Complex_Valid_2] took 0 sec
    [junit] Testcase: validVerification[Complex_Valid_3] took 0 sec
    [junit] Testcase: validVerification[Complex_Valid_4] took 0 sec
    [junit] Testcase: validVerification[Complex_Valid_5] took 0 sec
    [junit] Testcase: validVerification[Complex_Valid_6] took 0 sec
    [junit] Testcase: validVerification[Complex_Valid_7] took 0.001 sec
    [junit] Testcase: validVerification[Complex_Valid_8] took 0 sec
    [junit] Testcase: validVerification[Constant_Valid_3] took 1.45 sec
    [junit] Testcase: validVerification[ConstrainedInt_Valid_1] took 1.299 sec
    [junit] Testcase: validVerification[ConstrainedInt_Valid_10] took 1.324 sec
    [junit] Testcase: validVerification[ConstrainedInt_Valid_12] took 1.411 sec
    [junit] Testcase: validVerification[ConstrainedInt_Valid_13] took 1.244 sec
    [junit] Testcase: validVerification[ConstrainedInt_Valid_15] took 1.039 sec
    [junit] Testcase: validVerification[ConstrainedInt_Valid_16] took 3.607 sec
    [junit] Testcase: validVerification[ConstrainedInt_Valid_17] took 1.34 sec
    [junit] Testcase: validVerification[ConstrainedInt_Valid_18] took 1.367 sec
    [junit] Testcase: validVerification[ConstrainedInt_Valid_19] took 1.016 sec
    [junit] Testcase: validVerification[ConstrainedInt_Valid_2] took 1.181 sec
    [junit] Testcase: validVerification[ConstrainedInt_Valid_20] took 1.232 sec
    [junit] Testcase: validVerification[ConstrainedInt_Valid_21] took 1.68 sec
    [junit] Testcase: validVerification[ConstrainedInt_Valid_22] took 0 sec
    [junit] Testcase: validVerification[ConstrainedInt_Valid_23] took 1.176 sec
    [junit] Testcase: validVerification[ConstrainedInt_Valid_24] took 1.389 sec
    [junit] Testcase: validVerification[ConstrainedInt_Valid_3] took 1.326 sec
    [junit] Testcase: validVerification[ConstrainedInt_Valid_4] took 1.167 sec
    [junit] Testcase: validVerification[ConstrainedInt_Valid_5] took 0.868 sec
    [junit] Testcase: validVerification[ConstrainedInt_Valid_6] took 1.224 sec
    [junit] Testcase: validVerification[ConstrainedInt_Valid_8] took 0 sec
    [junit] Testcase: validVerification[ConstrainedIntersection_Valid_1] took 0 sec
    [junit] Testcase: validVerification[ConstrainedList_Valid_1] took 0 sec
    [junit] Testcase: validVerification[ConstrainedList_Valid_11] took 1.198 sec
    [junit] Testcase: validVerification[ConstrainedList_Valid_12] took 1.736 sec
    [junit] Testcase: validVerification[ConstrainedList_Valid_14] took 1.207 sec
    [junit] Testcase: validVerification[ConstrainedList_Valid_15] took 1.356 sec
    [junit] Testcase: validVerification[ConstrainedList_Valid_16] took 0 sec
    [junit] Testcase: validVerification[ConstrainedList_Valid_17] took 0 sec
    [junit] Testcase: validVerification[ConstrainedList_Valid_18] took 0 sec
    [junit] Testcase: validVerification[ConstrainedList_Valid_19] took 0 sec
    [junit] Testcase: validVerification[ConstrainedList_Valid_2] took 0 sec
    [junit] Testcase: validVerification[ConstrainedList_Valid_20] took 0 sec
    [junit] Testcase: validVerification[ConstrainedList_Valid_21] took 0 sec
    [junit] Testcase: validVerification[ConstrainedList_Valid_22] took 0 sec
    [junit] Testcase: validVerification[ConstrainedList_Valid_23] took 0 sec
    [junit] Testcase: validVerification[ConstrainedList_Valid_25] took 0.872 sec
    [junit] Testcase: validVerification[ConstrainedList_Valid_26] took 0 sec
    [junit] Testcase: validVerification[ConstrainedList_Valid_27] took 1.138 sec
    [junit] Testcase: validVerification[ConstrainedList_Valid_28] took 0 sec
    [junit] Testcase: validVerification[ConstrainedList_Valid_3] took 2.392 sec
    [junit] Testcase: validVerification[ConstrainedList_Valid_4] took 0 sec
    [junit] Testcase: validVerification[ConstrainedList_Valid_5] took 1.53 sec
    [junit] Testcase: validVerification[ConstrainedList_Valid_6] took 0 sec
    [junit] Testcase: validVerification[ConstrainedList_Valid_7] took 0 sec
    [junit] Testcase: validVerification[ConstrainedList_Valid_8] took 0.001 sec
    [junit] Testcase: validVerification[ConstrainedList_Valid_9] took 1.813 sec
    [junit] Testcase: validVerification[ConstrainedNegation_Valid_1] took 0 sec
    [junit] Testcase: validVerification[ConstrainedNegation_Valid_2] took 0 sec
    [junit] Testcase: validVerification[ConstrainedRecord_Valid_1] took 1.293 sec
    [junit] Testcase: validVerification[ConstrainedRecord_Valid_10] took 0 sec
    [junit] Testcase: validVerification[ConstrainedRecord_Valid_2] took 1.329 sec
    [junit] Testcase: validVerification[ConstrainedRecord_Valid_3] took 1.487 sec
    [junit] Testcase: validVerification[ConstrainedRecord_Valid_4] took 1.156 sec
    [junit] Testcase: validVerification[ConstrainedRecord_Valid_5] took 1.646 sec
    [junit] Testcase: validVerification[ConstrainedRecord_Valid_6] took 1.296 sec
    [junit] Testcase: validVerification[ConstrainedRecord_Valid_8] took 0 sec
    [junit] Testcase: validVerification[ConstrainedRecord_Valid_9] took 0 sec
    [junit] Testcase: validVerification[ConstrainedReference_Valid_1] took 0 sec
    [junit] Testcase: validVerification[ConstrainedUnion_Valid_1] took 1.38 sec
    [junit] Testcase: validVerification[Contractive_Valid_1] took 0 sec
    [junit] Testcase: validVerification[Contractive_Valid_2] took 1.395 sec
    [junit] Testcase: validVerification[Define_Valid_1] took 1.394 sec
    [junit] Testcase: validVerification[Define_Valid_2] took 1.366 sec
    [junit] Testcase: validVerification[Define_Valid_3] took 1.028 sec
    [junit] Testcase: validVerification[Define_Valid_4] took 1.6 sec
    [junit] Testcase: validVerification[DoWhile_Valid_1] took 1.302 sec
    [junit] Testcase: validVerification[DoWhile_Valid_2] took 1.231 sec
    [junit] Testcase: validVerification[DoWhile_Valid_3] took 1.116 sec
    [junit] Testcase: validVerification[DoWhile_Valid_4] took 0 sec
    [junit] Testcase: validVerification[DoWhile_Valid_5] took 1.261 sec
    [junit] Testcase: validVerification[DoWhile_Valid_6] took 1.443 sec
    [junit] Testcase: validVerification[DoWhile_Valid_7] took 0 sec
    [junit] Testcase: validVerification[EffectiveList_Valid_1] took 1.762 sec
    [junit] Testcase: validVerification[Ensures_Valid_1] took 1.223 sec
    [junit] Testcase: validVerification[Ensures_Valid_2] took 1.434 sec
    [junit] Testcase: validVerification[Ensures_Valid_3] took 0 sec
    [junit] Testcase: validVerification[Ensures_Valid_4] took 1.306 sec
    [junit] Testcase: validVerification[Ensures_Valid_5] took 1.262 sec
    [junit] Testcase: validVerification[Ensures_Valid_6] took 0 sec
    [junit] Testcase: validVerification[Ensures_Valid_7] took 1.578 sec
    [junit] Testcase: validVerification[Ensures_Valid_8] took 1.081 sec
    [junit] Testcase: validVerification[Fail_Valid_1] took 1.143 sec
    [junit] Testcase: validVerification[Fail_Valid_2] took 1.479 sec
    [junit] Testcase: validVerification[FunctionRef_Valid_1] took 1.4 sec
    [junit] Testcase: validVerification[FunctionRef_Valid_10] took 0 sec
    [junit] Testcase: validVerification[FunctionRef_Valid_11] took 0 sec
    [junit] Testcase: validVerification[FunctionRef_Valid_12] took 1.48 sec
    [junit] Testcase: validVerification[FunctionRef_Valid_13] took 0 sec
    [junit] Testcase: validVerification[FunctionRef_Valid_2] took 0 sec
    [junit] Testcase: validVerification[FunctionRef_Valid_4] took 0 sec
    [junit] Testcase: validVerification[FunctionRef_Valid_5] took 1.623 sec
    [junit] Testcase: validVerification[FunctionRef_Valid_6] took 1.465 sec
    [junit] Testcase: validVerification[FunctionRef_Valid_7] took 1.495 sec
    [junit] Testcase: validVerification[FunctionRef_Valid_8] took 1.396 sec
    [junit] Testcase: validVerification[FunctionRef_Valid_9] took 1.632 sec
    [junit] Testcase: validVerification[Function_Valid_1] took 1.226 sec
    [junit] Testcase: validVerification[Function_Valid_11] took 0 sec
    [junit] Testcase: validVerification[Function_Valid_12] took 1.448 sec
    [junit] Testcase: validVerification[Function_Valid_13] took 1.37 sec
    [junit] Testcase: validVerification[Function_Valid_14] took 1.464 sec
    [junit] Testcase: validVerification[Function_Valid_15] took 0 sec
    [junit] Testcase: validVerification[Function_Valid_16] took 1.306 sec
    [junit] Testcase: validVerification[Function_Valid_17] took 1.405 sec
    [junit] Testcase: validVerification[Function_Valid_18] took 1.841 sec
    [junit] Testcase: validVerification[Function_Valid_2] took 1.518 sec
    [junit] Testcase: validVerification[Function_Valid_20] took 1.588 sec
    [junit] Testcase: validVerification[Function_Valid_21] took 1.508 sec
    [junit] Testcase: validVerification[Function_Valid_3] took 1.561 sec
    [junit] Testcase: validVerification[Function_Valid_4] took 1.906 sec
    [junit] Testcase: validVerification[Function_Valid_5] took 2.015 sec
    [junit] Testcase: validVerification[Function_Valid_6] took 25.424 sec
    [junit] Testcase: validVerification[Function_Valid_7] took 1.742 sec
    [junit] Testcase: validVerification[Function_Valid_8] took 29.228 sec
    [junit] Testcase: validVerification[Function_Valid_9] took 1.884 sec
    [junit] Testcase: validVerification[HexAssign_Valid_1] took 1.442 sec
    [junit] Testcase: validVerification[IfElse_Valid_1] took 1.433 sec
    [junit] Testcase: validVerification[IfElse_Valid_2] took 0.925 sec
    [junit] Testcase: validVerification[IfElse_Valid_3] took 1.675 sec
    [junit] Testcase: validVerification[IfElse_Valid_4] took 0 sec
    [junit] Testcase: validVerification[IfElse_Valid_5] took 1.48 sec
    [junit] Testcase: validVerification[Import_Valid_1] took 1.37 sec
    [junit] Testcase: validVerification[Import_Valid_2] took 1.458 sec
    [junit] Testcase: validVerification[Import_Valid_3] took 1.385 sec
    [junit] Testcase: validVerification[Import_Valid_4] took 0 sec
    [junit] Testcase: validVerification[Import_Valid_5] took 0 sec
    [junit] Testcase: validVerification[Import_Valid_6] took 1.756 sec
    [junit] Testcase: validVerification[IntConst_Valid_1] took 1.556 sec
    [junit] Testcase: validVerification[IntDefine_Valid_1] took 1.928 sec
    [junit] Testcase: validVerification[IntDefine_Valid_2] took 1.783 sec
    [junit] Testcase: validVerification[IntDiv_Valid_1] took 1.887 sec
    [junit] Testcase: validVerification[IntDiv_Valid_3] took 0.001 sec
    [junit] Testcase: validVerification[IntDiv_Valid_4] took 1.681 sec
    [junit] Testcase: validVerification[IntDiv_Valid_5] took 1.715 sec
    [junit] Testcase: validVerification[IntMul_Valid_1] took 1.691 sec
    [junit] Testcase: validVerification[IntMul_Valid_2] took 1.737 sec
    [junit] Testcase: validVerification[IntOp_Valid_1] took 1.237 sec
    [junit] Testcase: validVerification[Intersection_Valid_1] took 0 sec
    [junit] Testcase: validVerification[Intersection_Valid_2] took 0 sec
    [junit] Testcase: validVerification[Lambda_Valid_1] took 1.163 sec
    [junit] Testcase: validVerification[Lambda_Valid_2] took 1.325 sec
    [junit] Testcase: validVerification[Lambda_Valid_3] took 0 sec
    [junit] Testcase: validVerification[Lambda_Valid_4] took 0 sec
    [junit] Testcase: validVerification[Lambda_Valid_5] took 1.237 sec
    [junit] Testcase: validVerification[Lambda_Valid_6] took 1.501 sec
    [junit] Testcase: validVerification[Lambda_Valid_7] took 0 sec
    [junit] Testcase: validVerification[Lambda_Valid_8] took 1.036 sec
    [junit] Testcase: validVerification[Lambda_Valid_9] took 0 sec
    [junit] Testcase: validVerification[LengthOf_Valid_1] took 1.179 sec
    [junit] Testcase: validVerification[LengthOf_Valid_4] took 1.398 sec
    [junit] Testcase: validVerification[LengthOf_Valid_5] took 0.908 sec
    [junit] Testcase: validVerification[ListAccess_Valid_1] took 1.205 sec
    [junit] Testcase: validVerification[ListAccess_Valid_3] took 1.626 sec
    [junit] Testcase: validVerification[ListAccess_Valid_5] took 1.326 sec
    [junit] Testcase: validVerification[ListAccess_Valid_6] took 0 sec
    [junit] Testcase: validVerification[ListAccess_Valid_8] took 1.578 sec
    [junit] Testcase: validVerification[ListAccess_Valid_9] took 1.016 sec
    [junit] Testcase: validVerification[ListAssign_Valid_1] took 0 sec
    [junit] Testcase: validVerification[ListAssign_Valid_11] took 1.055 sec
    [junit] Testcase: validVerification[ListAssign_Valid_2] took 1.13 sec
    [junit] Testcase: validVerification[ListAssign_Valid_3] took 1.232 sec
    [junit] Testcase: validVerification[ListAssign_Valid_4] took 1.159 sec
    [junit] Testcase: validVerification[ListAssign_Valid_5] took 2.403 sec
    [junit] Testcase: validVerification[ListAssign_Valid_6] took 0 sec
    [junit] Testcase: validVerification[ListAssign_Valid_7] took 1.747 sec
    [junit] Testcase: validVerification[ListAssign_Valid_8] took 1.235 sec
    [junit] Testcase: validVerification[ListAssign_Valid_9] took 1.41 sec
    [junit] Testcase: validVerification[ListEmpty_Valid_1] took 0.87 sec
    [junit] Testcase: validVerification[ListGenerator_Valid_1] took 1.187 sec
    [junit] Testcase: validVerification[ListGenerator_Valid_10] took 1.488 sec
    [junit] Testcase: validVerification[ListGenerator_Valid_11] took 1.285 sec
    [junit] Testcase: validVerification[ListGenerator_Valid_12] took 0 sec
    [junit] Testcase: validVerification[ListGenerator_Valid_2] took 1.362 sec
    [junit] Testcase: validVerification[ListGenerator_Valid_3] took 1.331 sec
    [junit] Testcase: validVerification[ListGenerator_Valid_5] took 1.402 sec
    [junit] Testcase: validVerification[ListGenerator_Valid_6] took 1.337 sec
    [junit] Testcase: validVerification[ListGenerator_Valid_7] took 1.404 sec
    [junit] Testcase: validVerification[ListGenerator_Valid_8] took 1.242 sec
    [junit] Testcase: validVerification[ListGenerator_Valid_9] took 1.249 sec
    [junit] Testcase: validVerification[ListLength_Valid_1] took 1.292 sec
    [junit] Testcase: validVerification[ListLength_Valid_2] took 1.349 sec
    [junit] Testcase: validVerification[ListLength_Valid_3] took 1.13 sec
    [junit] Testcase: validVerification[MessageRef_Valid_1] took 1.269 sec
    [junit] Testcase: validVerification[MessageRef_Valid_2] took 1.199 sec
    [junit] Testcase: validVerification[MessageSend_Valid_1] took 1.248 sec
    [junit] Testcase: validVerification[MessageSend_Valid_2] took 0.896 sec
    [junit] Testcase: validVerification[MessageSend_Valid_3] took 1.311 sec
    [junit] Testcase: validVerification[MessageSend_Valid_4] took 1.258 sec
    [junit] Testcase: validVerification[MessageSend_Valid_5] took 1.159 sec
    [junit] Testcase: validVerification[MethodCall_Valid_1] took 1.253 sec
    [junit] Testcase: validVerification[MethodCall_Valid_2] took 1.278 sec
    [junit] Testcase: validVerification[MethodCall_Valid_3] took 1.191 sec
    [junit] Testcase: validVerification[MethodCall_Valid_4] took 1.223 sec
    [junit] Testcase: validVerification[MethodRef_Valid_1] took 1.054 sec
    [junit] Testcase: validVerification[MethodRef_Valid_2] took 1.351 sec
    [junit] Testcase: validVerification[Method_Valid_1] took 0 sec
    [junit] Testcase: validVerification[MultiLineComment_Valid_1] took 1.434 sec
    [junit] Testcase: validVerification[MultiLineComment_Valid_2] took 1.358 sec
    [junit] Testcase: validVerification[NegationType_Valid_1] took 1.161 sec
    [junit] Testcase: validVerification[NegationType_Valid_2] took 1.473 sec
    [junit] Testcase: validVerification[NegationType_Valid_3] took 0 sec
    [junit] Testcase: validVerification[NegationType_Valid_4] took 1.256 sec
    [junit] Testcase: validVerification[NegationType_Valid_5] took 1.258 sec
    [junit] Testcase: validVerification[OpenRecord_Valid_1] took 0.917 sec
    [junit] Testcase: validVerification[OpenRecord_Valid_10] took 1.101 sec
    [junit] Testcase: validVerification[OpenRecord_Valid_11] took 0 sec
    [junit] Testcase: validVerification[OpenRecord_Valid_2] took 1.489 sec
    [junit] Testcase: validVerification[OpenRecord_Valid_3] took 1.514 sec
    [junit] Testcase: validVerification[OpenRecord_Valid_4] took 1.437 sec
    [junit] Testcase: validVerification[OpenRecord_Valid_5] took 1.101 sec
    [junit] Testcase: validVerification[OpenRecord_Valid_6] took 1.121 sec
    [junit] Testcase: validVerification[OpenRecord_Valid_9] took 1.093 sec
    [junit] Testcase: validVerification[ProcessAccess_Valid_1] took 1.08 sec
    [junit] Testcase: validVerification[ProcessAccess_Valid_2] took 1.274 sec
    [junit] Testcase: validVerification[Process_Valid_1] took 0 sec
    [junit] Testcase: validVerification[Process_Valid_10] took 0.001 sec
    [junit] Testcase: validVerification[Process_Valid_11] took 1.276 sec
    [junit] Testcase: validVerification[Process_Valid_12] took 0.976 sec
    [junit] Testcase: validVerification[Process_Valid_2] took 1.435 sec
    [junit] Testcase: validVerification[Process_Valid_3] took 0.997 sec
    [junit] Testcase: validVerification[Process_Valid_4] took 1.247 sec
    [junit] Testcase: validVerification[Process_Valid_5] took 1.214 sec
    [junit] Testcase: validVerification[Process_Valid_6] took 1.738 sec
    [junit] Testcase: validVerification[Process_Valid_7] took 1.314 sec
    [junit] Testcase: validVerification[Process_Valid_8] took 1.269 sec
    [junit] Testcase: validVerification[Process_Valid_9] took 0 sec
    [junit] Testcase: validVerification[Quantifiers_Valid_1] took 1.276 sec
    [junit] Testcase: validVerification[RecordAccess_Valid_1] took 1.492 sec
    [junit] Testcase: validVerification[RecordAssign_Valid_1] took 1.362 sec
    [junit] Testcase: validVerification[RecordAssign_Valid_10] took 1.473 sec
    [junit] Testcase: validVerification[RecordAssign_Valid_2] took 0 sec
    [junit] Testcase: validVerification[RecordAssign_Valid_3] took 1.566 sec
    [junit] Testcase: validVerification[RecordAssign_Valid_4] took 1.538 sec
    [junit] Testcase: validVerification[RecordAssign_Valid_5] took 1.299 sec
    [junit] Testcase: validVerification[RecordAssign_Valid_6] took 1.128 sec
    [junit] Testcase: validVerification[RecordAssign_Valid_7] took 0.964 sec
    [junit] Testcase: validVerification[RecordAssign_Valid_8] took 1.434 sec
    [junit] Testcase: validVerification[RecordAssign_Valid_9] took 1.258 sec
    [junit] Testcase: validVerification[RecordCoercion_Valid_1] took 0 sec
    [junit] Testcase: validVerification[RecordDefine_Valid_1] took 1.589 sec
    [junit] Testcase: validVerification[RecordDefine_Valid_2] took 1.286 sec
    [junit] Testcase: validVerification[RecordSubtype_Valid_1] took 0 sec
    [junit] Testcase: validVerification[RecordSubtype_Valid_2] took 0 sec
    [junit] Testcase: validVerification[RecursiveType_Valid_1] took 1.246 sec
    [junit] Testcase: validVerification[RecursiveType_Valid_10] took 1.328 sec
    [junit] Testcase: validVerification[RecursiveType_Valid_11] took 0 sec
    [junit] Testcase: validVerification[RecursiveType_Valid_12] took 0 sec
    [junit] Testcase: validVerification[RecursiveType_Valid_13] took 1.134 sec
    [junit] Testcase: validVerification[RecursiveType_Valid_14] took 0 sec
    [junit] Testcase: validVerification[RecursiveType_Valid_15] took 1.024 sec
    [junit] Testcase: validVerification[RecursiveType_Valid_16] took 0 sec
    [junit] Testcase: validVerification[RecursiveType_Valid_17] took 0 sec
    [junit] Testcase: validVerification[RecursiveType_Valid_18] took 0 sec
    [junit] Testcase: validVerification[RecursiveType_Valid_19] took 0 sec
    [junit] Testcase: validVerification[RecursiveType_Valid_2] took 0.001 sec
    [junit] Testcase: validVerification[RecursiveType_Valid_20] took 0 sec
    [junit] Testcase: validVerification[RecursiveType_Valid_21] took 0 sec
    [junit] Testcase: validVerification[RecursiveType_Valid_22] took 0 sec
    [junit] Testcase: validVerification[RecursiveType_Valid_23] took 0 sec
    [junit] Testcase: validVerification[RecursiveType_Valid_24] took 0 sec
    [junit] Testcase: validVerification[RecursiveType_Valid_25] took 0 sec
    [junit] Testcase: validVerification[RecursiveType_Valid_26] took 0.001 sec
    [junit] Testcase: validVerification[RecursiveType_Valid_27] took 0 sec
    [junit] Testcase: validVerification[RecursiveType_Valid_28] took 0 sec
    [junit] Testcase: validVerification[RecursiveType_Valid_3] took 0 sec
    [junit] Testcase: validVerification[RecursiveType_Valid_4] took 0 sec
    [junit] Testcase: validVerification[RecursiveType_Valid_5] took 0 sec
    [junit] Testcase: validVerification[RecursiveType_Valid_6] took 1.291 sec
    [junit] Testcase: validVerification[RecursiveType_Valid_7] took 0 sec
    [junit] Testcase: validVerification[RecursiveType_Valid_8] took 1.328 sec
    [junit] Testcase: validVerification[RecursiveType_Valid_9] took 1.242 sec
    [junit] Testcase: validVerification[ReferenceType_Valid_1] took 1.266 sec
    [junit] Testcase: validVerification[Reference_Valid_1] took 0.994 sec
    [junit] Testcase: validVerification[Reference_Valid_2] took 0 sec
    [junit] Testcase: validVerification[Reference_Valid_3] took 0 sec
    [junit] Testcase: validVerification[Reference_Valid_4] took 0.851 sec
    [junit] Testcase: validVerification[Reference_Valid_5] took 1.321 sec
    [junit] Testcase: validVerification[Reference_Valid_6] took 0 sec
    [junit] Testcase: validVerification[Reference_Valid_7] took 1.311 sec
    [junit] Testcase: validVerification[Reference_Valid_8] took 1.488 sec
    [junit] Testcase: validVerification[Remainder_Valid_1] took 1.448 sec
    [junit] Testcase: validVerification[Requires_Valid_1] took 1.074 sec
    [junit] Testcase: validVerification[Resolution_Valid_1] took 1.142 sec
    [junit] Testcase: validVerification[Return_Valid_1] took 0 sec
    [junit] Testcase: validVerification[SingleLineComment_Valid_1] took 1.733 sec
    [junit] Testcase: validVerification[Skip_Valid_1] took 0.89 sec
    [junit] Testcase: validVerification[String_Valid_1] took 1.279 sec
    [junit] Testcase: validVerification[String_Valid_2] took 1.079 sec
    [junit] Testcase: validVerification[String_Valid_3] took 1.184 sec
    [junit] Testcase: validVerification[String_Valid_4] took 1.25 sec
    [junit] Testcase: validVerification[String_Valid_5] took 1.174 sec
    [junit] Testcase: validVerification[String_Valid_6] took 3.238 sec
    [junit] Testcase: validVerification[Subtype_Valid_1] took 0 sec
    [junit] Testcase: validVerification[Subtype_Valid_10] took 0 sec
    [junit] Testcase: validVerification[Subtype_Valid_11] took 0.001 sec
    [junit] Testcase: validVerification[Subtype_Valid_12] took 0 sec
    [junit] Testcase: validVerification[Subtype_Valid_13] took 0 sec
    [junit] Testcase: validVerification[Subtype_Valid_14] took 0 sec
    [junit] Testcase: validVerification[Subtype_Valid_2] took 1.368 sec
    [junit] Testcase: validVerification[Subtype_Valid_3] took 1.082 sec
    [junit] Testcase: validVerification[Subtype_Valid_4] took 0.89 sec
    [junit] Testcase: validVerification[Subtype_Valid_5] took 1.168 sec
    [junit] Testcase: validVerification[Subtype_Valid_6] took 1.04 sec
    [junit] Testcase: validVerification[Subtype_Valid_7] took 0 sec
    [junit] Testcase: validVerification[Subtype_Valid_8] took 0.989 sec
    [junit] Testcase: validVerification[Subtype_Valid_9] took 1.287 sec
    [junit] Testcase: validVerification[Switch_Valid_1] took 0.995 sec
    [junit] Testcase: validVerification[Switch_Valid_10] took 0.981 sec
    [junit] Testcase: validVerification[Switch_Valid_11] took 1.418 sec
    [junit] Testcase: validVerification[Switch_Valid_12] took 1.712 sec
    [junit] Testcase: validVerification[Switch_Valid_13] took 1.336 sec
    [junit] Testcase: validVerification[Switch_Valid_2] took 1.378 sec
    [junit] Testcase: validVerification[Switch_Valid_3] took 1.28 sec
    [junit] Testcase: validVerification[Switch_Valid_4] took 1.818 sec
    [junit] Testcase: validVerification[Switch_Valid_5] took 1.156 sec
    [junit] Testcase: validVerification[Switch_Valid_6] took 1.502 sec
    [junit] Testcase: validVerification[Switch_Valid_7] took 1.328 sec
    [junit] Testcase: validVerification[Switch_Valid_8] took 1.153 sec
    [junit] Testcase: validVerification[Switch_Valid_9] took 1.397 sec
    [junit] Testcase: validVerification[Syntax_Valid_1] took 1.426 sec
    [junit] Testcase: validVerification[TypeEquals_Valid_1] took 1.529 sec
    [junit] Testcase: validVerification[TypeEquals_Valid_10] took 1.559 sec
    [junit] Testcase: validVerification[TypeEquals_Valid_11] took 1.633 sec
    [junit] Testcase: validVerification[TypeEquals_Valid_12] took 1.668 sec
    [junit] Testcase: validVerification[TypeEquals_Valid_14] took 1.119 sec
    [junit] Testcase: validVerification[TypeEquals_Valid_15] took 1.263 sec
    [junit] Testcase: validVerification[TypeEquals_Valid_16] took 1.578 sec
    [junit] Testcase: validVerification[TypeEquals_Valid_17] took 1.636 sec
    [junit] Testcase: validVerification[TypeEquals_Valid_18] took 1.517 sec
    [junit] Testcase: validVerification[TypeEquals_Valid_19] took 1.552 sec
    [junit] Testcase: validVerification[TypeEquals_Valid_2] took 0 sec
    [junit] Testcase: validVerification[TypeEquals_Valid_21] took 1.407 sec
    [junit] Testcase: validVerification[TypeEquals_Valid_23] took 0 sec
    [junit] Testcase: validVerification[TypeEquals_Valid_24] took 1.654 sec
    [junit] Testcase: validVerification[TypeEquals_Valid_25] took 0 sec
    [junit] Testcase: validVerification[TypeEquals_Valid_27] took 1.654 sec
    [junit] Testcase: validVerification[TypeEquals_Valid_28] took 1.229 sec
    [junit] Testcase: validVerification[TypeEquals_Valid_29] took 1.758 sec
    [junit] Testcase: validVerification[TypeEquals_Valid_3] took 0 sec
    [junit] Testcase: validVerification[TypeEquals_Valid_30] took 0 sec
    [junit] Testcase: validVerification[TypeEquals_Valid_31] took 1.677 sec
    [junit] Testcase: validVerification[TypeEquals_Valid_32] took 2.026 sec
    [junit] Testcase: validVerification[TypeEquals_Valid_33] took 1.575 sec
    [junit] Testcase: validVerification[TypeEquals_Valid_34] took 1.676 sec
    [junit] Testcase: validVerification[TypeEquals_Valid_35] took 1.256 sec
    [junit] Testcase: validVerification[TypeEquals_Valid_36] took 0 sec
    [junit] Testcase: validVerification[TypeEquals_Valid_37] took 0 sec
    [junit] Testcase: validVerification[TypeEquals_Valid_38] took 0 sec
    [junit] Testcase: validVerification[TypeEquals_Valid_39] took 1.435 sec
    [junit] Testcase: validVerification[TypeEquals_Valid_40] took 1.456 sec
    [junit] Testcase: validVerification[TypeEquals_Valid_41] took 0 sec
    [junit] Testcase: validVerification[TypeEquals_Valid_42] took 1.774 sec
    [junit] Testcase: validVerification[TypeEquals_Valid_43] took 1.732 sec
    [junit] Testcase: validVerification[TypeEquals_Valid_44] took 1.372 sec
    [junit] Testcase: validVerification[TypeEquals_Valid_45] took 0 sec
    [junit] Testcase: validVerification[TypeEquals_Valid_46] took 1.318 sec
    [junit] Testcase: validVerification[TypeEquals_Valid_47] took 1.419 sec
    [junit] Testcase: validVerification[TypeEquals_Valid_5] took 1.681 sec
    [junit] Testcase: validVerification[TypeEquals_Valid_6] took 1.304 sec
    [junit] Testcase: validVerification[TypeEquals_Valid_7] took 1.822 sec
    [junit] Testcase: validVerification[TypeEquals_Valid_9] took 1.249 sec
    [junit] Testcase: validVerification[UnionType_Valid_1] took 1.5 sec
    [junit] Testcase: validVerification[UnionType_Valid_10] took 2.256 sec
    [junit] Testcase: validVerification[UnionType_Valid_11] took 1.325 sec
    [junit] Testcase: validVerification[UnionType_Valid_12] took 1.356 sec
    [junit] Testcase: validVerification[UnionType_Valid_13] took 1.803 sec
    [junit] Testcase: validVerification[UnionType_Valid_14] took 0 sec
    [junit] Testcase: validVerification[UnionType_Valid_15] took 1.508 sec
    [junit] Testcase: validVerification[UnionType_Valid_16] took 1.385 sec
    [junit] Testcase: validVerification[UnionType_Valid_17] took 1.708 sec
    [junit] Testcase: validVerification[UnionType_Valid_18] took 1.282 sec
    [junit] Testcase: validVerification[UnionType_Valid_19] took 1.617 sec
    [junit] Testcase: validVerification[UnionType_Valid_2] took 0 sec
    [junit] Testcase: validVerification[UnionType_Valid_20] took 1.771 sec
    [junit] Testcase: validVerification[UnionType_Valid_21] took 1.546 sec
    [junit] Testcase: validVerification[UnionType_Valid_22] took 0 sec
    [junit] Testcase: validVerification[UnionType_Valid_23] took 1.633 sec
    [junit] Testcase: validVerification[UnionType_Valid_3] took 1.253 sec
    [junit] Testcase: validVerification[UnionType_Valid_4] took 1.277 sec
    [junit] Testcase: validVerification[UnionType_Valid_5] took 1.308 sec
    [junit] Testcase: validVerification[UnionType_Valid_6] took 1.276 sec
    [junit] Testcase: validVerification[UnionType_Valid_7] took 1.16 sec
    [junit] Testcase: validVerification[UnionType_Valid_8] took 1.023 sec
    [junit] Testcase: validVerification[UnionType_Valid_9] took 1.118 sec
    [junit] Testcase: validVerification[Update_Valid_2] took 2.024 sec
    [junit] Testcase: validVerification[VarDecl_Valid_1] took 1.256 sec
    [junit] Testcase: validVerification[VarDecl_Valid_2] took 1.703 sec
    [junit] Testcase: validVerification[VarDecl_Valid_3] took 1.159 sec
    [junit] Testcase: validVerification[VarDecl_Valid_4] took 1.471 sec
    [junit] Testcase: validVerification[While_Valid_1] took 1.396 sec
    [junit] Testcase: validVerification[While_Valid_10] took 1.415 sec
    [junit] Testcase: validVerification[While_Valid_11] took 0 sec
    [junit] Testcase: validVerification[While_Valid_12] took 1.44 sec
    [junit] Testcase: validVerification[While_Valid_14] took 1.681 sec
    [junit] Testcase: validVerification[While_Valid_15] took 0 sec
    [junit] Testcase: validVerification[While_Valid_16] took 0 sec
    [junit] Testcase: validVerification[While_Valid_17] took 0.954 sec
    [junit] Testcase: validVerification[While_Valid_18] took 1.728 sec
    [junit] Testcase: validVerification[While_Valid_19] took 1.481 sec
    [junit] Testcase: validVerification[While_Valid_2] took 0 sec
    [junit] Testcase: validVerification[While_Valid_20] took 1.384 sec
    [junit] Testcase: validVerification[While_Valid_21] took 1.389 sec
    [junit] Testcase: validVerification[While_Valid_22] took 0.001 sec
    [junit] Testcase: validVerification[While_Valid_23] took 0 sec
    [junit] Testcase: validVerification[While_Valid_24] took 1.422 sec
    [junit] Testcase: validVerification[While_Valid_25] took 1.325 sec
    [junit] Testcase: validVerification[While_Valid_26] took 0 sec
    [junit] Testcase: validVerification[While_Valid_27] took 0 sec
    [junit] Testcase: validVerification[While_Valid_28] took 1.048 sec
    [junit] Testcase: validVerification[While_Valid_29] took 1.625 sec
    [junit] Testcase: validVerification[While_Valid_3] took 0 sec
    [junit] Testcase: validVerification[While_Valid_30] took 1.184 sec
    [junit] Testcase: validVerification[While_Valid_31] took 1.27 sec
    [junit] Testcase: validVerification[While_Valid_32] took 1.604 sec
    [junit] Testcase: validVerification[While_Valid_33] took 1.362 sec
    [junit] Testcase: validVerification[While_Valid_34] took 0 sec
    [junit] Testcase: validVerification[While_Valid_35] took 2.834 sec
    [junit] Testcase: validVerification[While_Valid_36] took 2.096 sec
    [junit] Testcase: validVerification[While_Valid_37] took 0 sec
    [junit] Testcase: validVerification[While_Valid_38] took 3.233 sec
    [junit] Testcase: validVerification[While_Valid_39] took 1.213 sec
    [junit] Testcase: validVerification[While_Valid_40] took 1.535 sec
    [junit] Testcase: validVerification[While_Valid_41] took 1.954 sec
    [junit] Testcase: validVerification[While_Valid_42] took 0.001 sec
    [junit] Testcase: validVerification[While_Valid_43] took 1.694 sec
    [junit] Testcase: validVerification[While_Valid_44] took 1.423 sec
    [junit] Testcase: validVerification[While_Valid_45] took 1.444 sec
    [junit] Testcase: validVerification[While_Valid_46] took 1.167 sec
    [junit] Testcase: validVerification[While_Valid_47] took 1.126 sec
    [junit] Testcase: validVerification[While_Valid_48] took 0 sec
    [junit] Testcase: validVerification[While_Valid_5] took 0 sec
    [junit] Testcase: validVerification[While_Valid_7] took 1.421 sec
    [junit] Testcase: validVerification[While_Valid_9] took 1.596 sec

test:

test:

BUILD SUCCESSFUL
Total time: 17 minutes 6 seconds

travis_time:end:08044c3e:start=1458255413529016956,finish=1458256439875609357,duration=1026346592401[0K
[32;1mThe command "ant test-all" exited with 0.[0m

Done. Your build exited with 0.
