travis_fold:start:worker_info[0K[33;1mWorker information[0m
hostname: i-08015c4-precise-production-2-worker-org-docker.travisci.net:64a0a57c-671a-4031-bf92-16d9e61b530d
version: v2.5.0-8-g19ea9c2 https://github.com/travis-ci/worker/tree/19ea9c20425c78100500c7cc935892b47024922c
instance: b39f8e0:travis:java
startup: 682.195082ms
travis_fold:end:worker_info[0Ktravis_fold:start:system_info[0K[33;1mBuild system information[0m
Build language: java
Build group: stable
Build dist: precise
Build id: 192280301
Job id: 192280302
travis-build version: c4c841b3c
[34m[1mBuild image provisioning date and time[0m
Thu Feb  5 15:09:33 UTC 2015
[34m[1mOperating System Details[0m
Distributor ID:	Ubuntu
Description:	Ubuntu 12.04.5 LTS
Release:	12.04
Codename:	precise
[34m[1mLinux Version[0m
3.13.0-29-generic
[34m[1mCookbooks Version[0m
a68419e https://github.com/travis-ci/travis-cookbooks/tree/a68419e
[34m[1mGCC version[0m
gcc (Ubuntu/Linaro 4.6.3-1ubuntu5) 4.6.3
Copyright (C) 2011 Free Software Foundation, Inc.
This is free software; see the source for copying conditions.  There is NO
warranty; not even for MERCHANTABILITY or FITNESS FOR A PARTICULAR PURPOSE.

[34m[1mLLVM version[0m
clang version 3.4 (tags/RELEASE_34/final)
Target: x86_64-unknown-linux-gnu
Thread model: posix
[34m[1mPre-installed Ruby versions[0m
ruby-1.9.3-p551
[34m[1mPre-installed Node.js versions[0m
v0.10.36
[34m[1mPre-installed Go versions[0m
1.4.1
[34m[1mRedis version[0m
redis-server 2.8.19
[34m[1mriak version[0m
2.0.2
[34m[1mMongoDB version[0m
MongoDB 2.4.12
[34m[1mCouchDB version[0m
couchdb 1.6.1
[34m[1mNeo4j version[0m
1.9.4
[34m[1mRabbitMQ Version[0m
3.4.3
[34m[1mElasticSearch version[0m
1.4.0
[34m[1mInstalled Sphinx versions[0m
2.0.10
2.1.9
2.2.6
[34m[1mDefault Sphinx version[0m
2.2.6
[34m[1mInstalled Firefox version[0m
firefox 31.0esr
[34m[1mPhantomJS version[0m
1.9.8
[34m[1mant -version[0m
Apache Ant(TM) version 1.8.2 compiled on December 3 2011
[34m[1mmvn -version[0m
Apache Maven 3.2.5 (12a6b3acb947671f09b81f49094c53f426d8cea1; 2014-12-14T17:29:23+00:00)
Maven home: /usr/local/maven
Java version: 1.7.0_76, vendor: Oracle Corporation
Java home: /usr/lib/jvm/java-7-oracle/jre
Default locale: en_US, platform encoding: ANSI_X3.4-1968
OS name: "linux", version: "3.13.0-29-generic", arch: "amd64", family: "unix"
travis_fold:end:system_info[0K
travis_fold:start:fix.CVE-2015-7547[0K$ export DEBIAN_FRONTEND=noninteractive
W: Size of file /var/lib/apt/lists/us.archive.ubuntu.com_ubuntu_dists_precise-updates_restricted_binary-amd64_Packages.gz is not what the server reported 19576 20785
W: Size of file /var/lib/apt/lists/us.archive.ubuntu.com_ubuntu_dists_precise-updates_restricted_binary-i386_Packages.gz is not what the server reported 19521 20707
W: Size of file /var/lib/apt/lists/us.archive.ubuntu.com_ubuntu_dists_precise-backports_multiverse_source_Sources.gz is not what the server reported 5886 5888
W: Size of file /var/lib/apt/lists/ppa.launchpad.net_travis-ci_zero-mq_ubuntu_dists_precise_main_binary-amd64_Packages.gz is not what the server reported 832 1195
W: Size of file /var/lib/apt/lists/ppa.launchpad.net_ubuntugis_ppa_ubuntu_dists_precise_main_binary-amd64_Packages.gz is not what the server reported 33653 36677
W: Size of file /var/lib/apt/lists/ppa.launchpad.net_ubuntugis_ppa_ubuntu_dists_precise_main_binary-i386_Packages.gz is not what the server reported 33699 36733
W: Size of file /var/lib/apt/lists/security.ubuntu.com_ubuntu_dists_precise-security_restricted_binary-amd64_Packages.gz is not what the server reported 13782 14904
W: Size of file /var/lib/apt/lists/security.ubuntu.com_ubuntu_dists_precise-security_restricted_binary-i386_Packages.gz is not what the server reported 13751 14885
Reading package lists...
Building dependency tree...
Reading state information...
The following extra packages will be installed:
  libc-bin libc-dev-bin libc6-dev
Suggested packages:
  glibc-doc
The following packages will be upgraded:
  libc-bin libc-dev-bin libc6 libc6-dev
4 upgraded, 0 newly installed, 0 to remove and 267 not upgraded.
Need to get 8,840 kB of archives.
After this operation, 14.3 kB disk space will be freed.
Get:1 http://us.archive.ubuntu.com/ubuntu/ precise-updates/main libc6-dev amd64 2.15-0ubuntu10.15 [2,943 kB]
Get:2 http://us.archive.ubuntu.com/ubuntu/ precise-updates/main libc-dev-bin amd64 2.15-0ubuntu10.15 [84.7 kB]
Get:3 http://us.archive.ubuntu.com/ubuntu/ precise-updates/main libc-bin amd64 2.15-0ubuntu10.15 [1,177 kB]
Get:4 http://us.archive.ubuntu.com/ubuntu/ precise-updates/main libc6 amd64 2.15-0ubuntu10.15 [4,636 kB]
Fetched 8,840 kB in 0s (21.6 MB/s)
Preconfiguring packages ...
(Reading database ... (Reading database ... 5%(Reading database ... 10%(Reading database ... 15%(Reading database ... 20%(Reading database ... 25%(Reading database ... 30%(Reading database ... 35%(Reading database ... 40%(Reading database ... 45%(Reading database ... 50%(Reading database ... 55%(Reading database ... 60%(Reading database ... 65%(Reading database ... 70%(Reading database ... 75%(Reading database ... 80%(Reading database ... 85%(Reading database ... 90%(Reading database ... 95%(Reading database ... 100%(Reading database ... 72019 files and directories currently installed.)
Preparing to replace libc6-dev 2.15-0ubuntu10.10 (using .../libc6-dev_2.15-0ubuntu10.15_amd64.deb) ...
Unpacking replacement libc6-dev ...
Preparing to replace libc-dev-bin 2.15-0ubuntu10.10 (using .../libc-dev-bin_2.15-0ubuntu10.15_amd64.deb) ...
Unpacking replacement libc-dev-bin ...
Preparing to replace libc-bin 2.15-0ubuntu10.10 (using .../libc-bin_2.15-0ubuntu10.15_amd64.deb) ...
Unpacking replacement libc-bin ...
Processing triggers for man-db ...
Setting up libc-bin (2.15-0ubuntu10.15) ...
(Reading database ... (Reading database ... 5%(Reading database ... 10%(Reading database ... 15%(Reading database ... 20%(Reading database ... 25%(Reading database ... 30%(Reading database ... 35%(Reading database ... 40%(Reading database ... 45%(Reading database ... 50%(Reading database ... 55%(Reading database ... 60%(Reading database ... 65%(Reading database ... 70%(Reading database ... 75%(Reading database ... 80%(Reading database ... 85%(Reading database ... 90%(Reading database ... 95%(Reading database ... 100%(Reading database ... 72018 files and directories currently installed.)
Preparing to replace libc6 2.15-0ubuntu10.10 (using .../libc6_2.15-0ubuntu10.15_amd64.deb) ...
Unpacking replacement libc6 ...
Setting up libc6 (2.15-0ubuntu10.15) ...
Setting up libc-dev-bin (2.15-0ubuntu10.15) ...
Setting up libc6-dev (2.15-0ubuntu10.15) ...
Processing triggers for libc-bin ...
ldconfig deferred processing now taking place
travis_fold:end:fix.CVE-2015-7547[0Ktravis_fold:start:git.checkout[0Ktravis_time:start:035d0858[0K$ git clone --depth=50 --branch=master https://github.com/owlcs/owlapi.git owlcs/owlapi
Cloning into 'owlcs/owlapi'...
remote: Counting objects: 4104, done.[K
remote: Compressing objects:   0% (1/2083)   [Kremote: Compressing objects:   1% (21/2083)   [Kremote: Compressing objects:   2% (42/2083)   [Kremote: Compressing objects:   3% (63/2083)   [Kremote: Compressing objects:   4% (84/2083)   [Kremote: Compressing objects:   5% (105/2083)   [Kremote: Compressing objects:   6% (125/2083)   [Kremote: Compressing objects:   7% (146/2083)   [Kremote: Compressing objects:   8% (167/2083)   [Kremote: Compressing objects:   9% (188/2083)   [Kremote: Compressing objects:  10% (209/2083)   [Kremote: Compressing objects:  11% (230/2083)   [Kremote: Compressing objects:  12% (250/2083)   [Kremote: Compressing objects:  13% (271/2083)   [Kremote: Compressing objects:  14% (292/2083)   [Kremote: Compressing objects:  15% (313/2083)   [Kremote: Compressing objects:  16% (334/2083)   [Kremote: Compressing objects:  17% (355/2083)   [Kremote: Compressing objects:  18% (375/2083)   [Kremote: Compressing objects:  19% (396/2083)   [Kremote: Compressing objects:  20% (417/2083)   [Kremote: Compressing objects:  21% (438/2083)   [Kremote: Compressing objects:  22% (459/2083)   [Kremote: Compressing objects:  23% (480/2083)   [Kremote: Compressing objects:  24% (500/2083)   [Kremote: Compressing objects:  25% (521/2083)   [Kremote: Compressing objects:  26% (542/2083)   [Kremote: Compressing objects:  27% (563/2083)   [Kremote: Compressing objects:  28% (584/2083)   [Kremote: Compressing objects:  29% (605/2083)   [Kremote: Compressing objects:  30% (625/2083)   [Kremote: Compressing objects:  31% (646/2083)   [Kremote: Compressing objects:  32% (667/2083)   [Kremote: Compressing objects:  33% (688/2083)   [Kremote: Compressing objects:  34% (709/2083)   [Kremote: Compressing objects:  35% (730/2083)   [Kremote: Compressing objects:  36% (750/2083)   [Kremote: Compressing objects:  37% (771/2083)   [Kremote: Compressing objects:  38% (792/2083)   [Kremote: Compressing objects:  39% (813/2083)   [Kremote: Compressing objects:  40% (834/2083)   [Kremote: Compressing objects:  41% (855/2083)   [Kremote: Compressing objects:  42% (875/2083)   [Kremote: Compressing objects:  43% (896/2083)   [Kremote: Compressing objects:  44% (917/2083)   [Kremote: Compressing objects:  45% (938/2083)   [Kremote: Compressing objects:  46% (959/2083)   [Kremote: Compressing objects:  47% (980/2083)   [Kremote: Compressing objects:  48% (1000/2083)   [Kremote: Compressing objects:  49% (1021/2083)   [Kremote: Compressing objects:  50% (1042/2083)   [Kremote: Compressing objects:  51% (1063/2083)   [Kremote: Compressing objects:  52% (1084/2083)   [Kremote: Compressing objects:  53% (1104/2083)   [Kremote: Compressing objects:  54% (1125/2083)   [Kremote: Compressing objects:  55% (1146/2083)   [Kremote: Compressing objects:  56% (1167/2083)   [Kremote: Compressing objects:  57% (1188/2083)   [Kremote: Compressing objects:  58% (1209/2083)   [Kremote: Compressing objects:  59% (1229/2083)   [Kremote: Compressing objects:  60% (1250/2083)   [Kremote: Compressing objects:  61% (1271/2083)   [Kremote: Compressing objects:  62% (1292/2083)   [Kremote: Compressing objects:  63% (1313/2083)   [Kremote: Compressing objects:  64% (1334/2083)   [Kremote: Compressing objects:  65% (1354/2083)   [Kremote: Compressing objects:  66% (1375/2083)   [Kremote: Compressing objects:  67% (1396/2083)   [Kremote: Compressing objects:  68% (1417/2083)   [Kremote: Compressing objects:  69% (1438/2083)   [Kremote: Compressing objects:  70% (1459/2083)   [Kremote: Compressing objects:  71% (1479/2083)   [Kremote: Compressing objects:  72% (1500/2083)   [Kremote: Compressing objects:  73% (1521/2083)   [Kremote: Compressing objects:  74% (1542/2083)   [Kremote: Compressing objects:  75% (1563/2083)   [Kremote: Compressing objects:  76% (1584/2083)   [Kremote: Compressing objects:  77% (1604/2083)   [Kremote: Compressing objects:  78% (1625/2083)   [Kremote: Compressing objects:  79% (1646/2083)   [Kremote: Compressing objects:  80% (1667/2083)   [Kremote: Compressing objects:  81% (1688/2083)   [Kremote: Compressing objects:  82% (1709/2083)   [Kremote: Compressing objects:  83% (1729/2083)   [Kremote: Compressing objects:  84% (1750/2083)   [Kremote: Compressing objects:  85% (1771/2083)   [Kremote: Compressing objects:  86% (1792/2083)   [Kremote: Compressing objects:  87% (1813/2083)   [Kremote: Compressing objects:  88% (1834/2083)   [Kremote: Compressing objects:  89% (1854/2083)   [Kremote: Compressing objects:  90% (1875/2083)   [Kremote: Compressing objects:  91% (1896/2083)   [Kremote: Compressing objects:  92% (1917/2083)   [Kremote: Compressing objects:  93% (1938/2083)   [Kremote: Compressing objects:  94% (1959/2083)   [Kremote: Compressing objects:  95% (1979/2083)   [Kremote: Compressing objects:  96% (2000/2083)   [Kremote: Compressing objects:  97% (2021/2083)   [Kremote: Compressing objects:  98% (2042/2083)   [Kremote: Compressing objects:  99% (2063/2083)   [Kremote: Compressing objects: 100% (2083/2083)   [Kremote: Compressing objects: 100% (2083/2083), done.[K
Receiving objects:   0% (1/4104)   Receiving objects:   1% (42/4104)   Receiving objects:   2% (83/4104)   Receiving objects:   3% (124/4104)   Receiving objects:   4% (165/4104)   Receiving objects:   5% (206/4104)   Receiving objects:   6% (247/4104)   Receiving objects:   7% (288/4104)   Receiving objects:   8% (329/4104)   Receiving objects:   9% (370/4104)   Receiving objects:  10% (411/4104)   Receiving objects:  11% (452/4104)   Receiving objects:  12% (493/4104)   Receiving objects:  13% (534/4104)   Receiving objects:  14% (575/4104)   Receiving objects:  15% (616/4104)   Receiving objects:  16% (657/4104)   Receiving objects:  17% (698/4104)   Receiving objects:  18% (739/4104)   Receiving objects:  19% (780/4104)   Receiving objects:  20% (821/4104)   Receiving objects:  21% (862/4104)   Receiving objects:  22% (903/4104)   Receiving objects:  23% (944/4104)   Receiving objects:  24% (985/4104)   Receiving objects:  25% (1026/4104)   Receiving objects:  26% (1068/4104)   Receiving objects:  27% (1109/4104)   Receiving objects:  28% (1150/4104)   Receiving objects:  29% (1191/4104)   Receiving objects:  30% (1232/4104)   Receiving objects:  31% (1273/4104)   Receiving objects:  32% (1314/4104)   Receiving objects:  33% (1355/4104)   Receiving objects:  34% (1396/4104)   Receiving objects:  35% (1437/4104)   Receiving objects:  36% (1478/4104)   Receiving objects:  37% (1519/4104)   Receiving objects:  38% (1560/4104)   Receiving objects:  39% (1601/4104)   Receiving objects:  40% (1642/4104)   Receiving objects:  41% (1683/4104)   Receiving objects:  42% (1724/4104)   Receiving objects:  43% (1765/4104)   Receiving objects:  44% (1806/4104)   Receiving objects:  45% (1847/4104)   Receiving objects:  46% (1888/4104)   Receiving objects:  47% (1929/4104)   Receiving objects:  48% (1970/4104)   Receiving objects:  49% (2011/4104)   Receiving objects:  50% (2052/4104)   Receiving objects:  51% (2094/4104)   Receiving objects:  52% (2135/4104)   Receiving objects:  53% (2176/4104)   Receiving objects:  54% (2217/4104)   Receiving objects:  55% (2258/4104)   Receiving objects:  56% (2299/4104)   Receiving objects:  57% (2340/4104)   Receiving objects:  58% (2381/4104)   Receiving objects:  59% (2422/4104)   Receiving objects:  60% (2463/4104)   Receiving objects:  61% (2504/4104)   Receiving objects:  62% (2545/4104)   Receiving objects:  63% (2586/4104)   Receiving objects:  64% (2627/4104)   Receiving objects:  65% (2668/4104)   Receiving objects:  66% (2709/4104)   Receiving objects:  67% (2750/4104)   Receiving objects:  68% (2791/4104)   Receiving objects:  69% (2832/4104)   Receiving objects:  70% (2873/4104)   Receiving objects:  71% (2914/4104)   Receiving objects:  72% (2955/4104)   Receiving objects:  73% (2996/4104)   Receiving objects:  74% (3037/4104)   Receiving objects:  75% (3078/4104)   Receiving objects:  76% (3120/4104)   Receiving objects:  77% (3161/4104)   Receiving objects:  78% (3202/4104)   Receiving objects:  79% (3243/4104)   Receiving objects:  80% (3284/4104)   Receiving objects:  81% (3325/4104)   Receiving objects:  82% (3366/4104)   Receiving objects:  83% (3407/4104)   Receiving objects:  84% (3448/4104)   Receiving objects:  85% (3489/4104)   Receiving objects:  86% (3530/4104)   Receiving objects:  87% (3571/4104)   Receiving objects:  88% (3612/4104)   Receiving objects:  89% (3653/4104)   Receiving objects:  90% (3694/4104)   Receiving objects:  91% (3735/4104)   Receiving objects:  92% (3776/4104)   Receiving objects:  93% (3817/4104)   Receiving objects:  94% (3858/4104)   remote: Total 4104 (delta 2267), reused 2890 (delta 1595), pack-reused 0[K
Receiving objects:  95% (3899/4104)   Receiving objects:  96% (3940/4104)   Receiving objects:  97% (3981/4104)   Receiving objects:  98% (4022/4104)   Receiving objects:  99% (4063/4104)   Receiving objects: 100% (4104/4104)   Receiving objects: 100% (4104/4104), 2.28 MiB | 0 bytes/s, done.
Resolving deltas:   0% (0/2267)   Resolving deltas:   1% (23/2267)   Resolving deltas:   5% (128/2267)   Resolving deltas:   6% (137/2267)   Resolving deltas:   8% (192/2267)   Resolving deltas:   9% (213/2267)   Resolving deltas:  10% (232/2267)   Resolving deltas:  11% (251/2267)   Resolving deltas:  12% (285/2267)   Resolving deltas:  13% (304/2267)   Resolving deltas:  17% (398/2267)   Resolving deltas:  18% (422/2267)   Resolving deltas:  19% (443/2267)   Resolving deltas:  20% (456/2267)   Resolving deltas:  23% (526/2267)   Resolving deltas:  24% (548/2267)   Resolving deltas:  25% (583/2267)   Resolving deltas:  26% (598/2267)   Resolving deltas:  27% (632/2267)   Resolving deltas:  28% (639/2267)   Resolving deltas:  29% (658/2267)   Resolving deltas:  30% (689/2267)   Resolving deltas:  31% (708/2267)   Resolving deltas:  32% (736/2267)   Resolving deltas:  33% (749/2267)   Resolving deltas:  34% (772/2267)   Resolving deltas:  37% (857/2267)   Resolving deltas:  38% (867/2267)   Resolving deltas:  39% (889/2267)   Resolving deltas:  40% (913/2267)   Resolving deltas:  41% (932/2267)   Resolving deltas:  42% (955/2267)   Resolving deltas:  43% (986/2267)   Resolving deltas:  44% (999/2267)   Resolving deltas:  45% (1033/2267)   Resolving deltas:  46% (1047/2267)   Resolving deltas:  47% (1068/2267)   Resolving deltas:  48% (1089/2267)   Resolving deltas:  49% (1130/2267)   Resolving deltas:  50% (1140/2267)   Resolving deltas:  51% (1160/2267)   Resolving deltas:  52% (1184/2267)   Resolving deltas:  53% (1203/2267)   Resolving deltas:  54% (1227/2267)   Resolving deltas:  55% (1260/2267)   Resolving deltas:  56% (1272/2267)   Resolving deltas:  57% (1313/2267)   Resolving deltas:  58% (1315/2267)   Resolving deltas:  59% (1354/2267)   Resolving deltas:  60% (1363/2267)   Resolving deltas:  61% (1383/2267)   Resolving deltas:  62% (1410/2267)   Resolving deltas:  64% (1467/2267)   Resolving deltas:  65% (1479/2267)   Resolving deltas:  66% (1497/2267)   Resolving deltas:  67% (1520/2267)   Resolving deltas:  68% (1554/2267)   Resolving deltas:  69% (1566/2267)   Resolving deltas:  70% (1590/2267)   Resolving deltas:  71% (1611/2267)   Resolving deltas:  72% (1633/2267)   Resolving deltas:  73% (1656/2267)   Resolving deltas:  74% (1678/2267)   Resolving deltas:  75% (1705/2267)   Resolving deltas:  76% (1730/2267)   Resolving deltas:  77% (1748/2267)   Resolving deltas:  78% (1769/2267)   Resolving deltas:  79% (1796/2267)   Resolving deltas:  82% (1873/2267)   Resolving deltas:  83% (1892/2267)   Resolving deltas:  84% (1908/2267)   Resolving deltas:  85% (1928/2267)   Resolving deltas:  86% (1950/2267)   Resolving deltas:  87% (1975/2267)   Resolving deltas:  88% (1999/2267)   Resolving deltas:  89% (2018/2267)   Resolving deltas:  90% (2045/2267)   Resolving deltas:  91% (2063/2267)   Resolving deltas:  92% (2090/2267)   Resolving deltas:  93% (2109/2267)   Resolving deltas:  94% (2131/2267)   Resolving deltas:  95% (2154/2267)   Resolving deltas:  96% (2177/2267)   Resolving deltas:  97% (2199/2267)   Resolving deltas:  98% (2232/2267)   Resolving deltas:  99% (2254/2267)   Resolving deltas: 100% (2267/2267)   Resolving deltas: 100% (2267/2267), done.
Checking connectivity... done.

travis_time:end:035d0858:start=1484554615530371771,finish=1484554616947368219,duration=1416996448[0K$ cd owlcs/owlapi
$ git checkout -qf 2947822a95a7479f0a03b2fbe2dd82678d33da9a
travis_fold:end:git.checkout[0Ktravis_fold:start:apt[0K[33;1mInstalling APT Packages (BETA)[0m
$ export DEBIAN_FRONTEND=noninteractive
travis_time:start:1a161c38[0K$ sudo -E apt-get -yq update &>> ~/apt-get-update.log

travis_time:end:1a161c38:start=1484554617113441413,finish=1484554623067896156,duration=5954454743[0Ktravis_time:start:015614fa[0K$ sudo -E apt-get -yq --no-install-suggests --no-install-recommends --force-yes install oracle-java8-installer
Reading package lists...
Building dependency tree...
Reading state information...
Suggested packages:
  binfmt-support visualvm ttf-baekmuk ttf-unfonts ttf-unfonts-core
  ttf-kochi-gothic ttf-sazanami-gothic ttf-kochi-mincho ttf-sazanami-mincho
  ttf-arphic-uming
Recommended packages:
  oracle-java8-set-default
The following packages will be upgraded:
  oracle-java8-installer
1 upgraded, 0 newly installed, 0 to remove and 266 not upgraded.
Need to get 23.5 kB of archives.
After this operation, 128 kB disk space will be freed.
Get:1 http://ppa.launchpad.net/webupd8team/java/ubuntu/ precise/main oracle-java8-installer all 8u111+8u111arm-1~webupd8~0 [23.5 kB]
Fetched 23.5 kB in 0s (102 kB/s)
Preconfiguring packages ...
(Reading database ... (Reading database ... 5%(Reading database ... 10%(Reading database ... 15%(Reading database ... 20%(Reading database ... 25%(Reading database ... 30%(Reading database ... 35%(Reading database ... 40%(Reading database ... 45%(Reading database ... 50%(Reading database ... 55%(Reading database ... 60%(Reading database ... 65%(Reading database ... 70%(Reading database ... 75%(Reading database ... 80%(Reading database ... 85%(Reading database ... 90%(Reading database ... 95%(Reading database ... 100%(Reading database ... 72018 files and directories currently installed.)
Preparing to replace oracle-java8-installer 8u31+8u33arm-1~webupd8~1 (using .../oracle-java8-installer_8u111+8u111arm-1~webupd8~0_all.deb) ...
oracle-license-v1-1 license has already been accepted
Unpacking replacement oracle-java8-installer ...
Processing triggers for shared-mime-info ...
Setting up oracle-java8-installer (8u111+8u111arm-1~webupd8~0) ...
No /var/cache/oracle-jdk8-installer/wgetrc file found.
Creating /var/cache/oracle-jdk8-installer/wgetrc and
using default oracle-java8-installer wgetrc settings for it.
Downloading Oracle Java 8...
--2017-01-16 08:17:11--  http://download.oracle.com/otn-pub/java/jdk/8u111-b14/jdk-8u111-linux-x64.tar.gz
Resolving download.oracle.com (download.oracle.com)... 104.96.220.162, 104.96.220.152
Connecting to download.oracle.com (download.oracle.com)|104.96.220.162|:80... connected.
HTTP request sent, awaiting response... 302 Moved Temporarily
Location: https://edelivery.oracle.com/otn-pub/java/jdk/8u111-b14/jdk-8u111-linux-x64.tar.gz [following]
--2017-01-16 08:17:11--  https://edelivery.oracle.com/otn-pub/java/jdk/8u111-b14/jdk-8u111-linux-x64.tar.gz
Resolving edelivery.oracle.com (edelivery.oracle.com)... 104.96.237.225, 2600:1408:10:184::2d3e, 2600:1408:10:185::2d3e
Connecting to edelivery.oracle.com (edelivery.oracle.com)|104.96.237.225|:443... connected.
HTTP request sent, awaiting response... 302 Moved Temporarily
Location: http://download.oracle.com/otn-pub/java/jdk/8u111-b14/jdk-8u111-linux-x64.tar.gz?AuthParam=1484554750_1a19b93ac5505eeb10a03bed13e2a8a7 [following]
--2017-01-16 08:17:11--  http://download.oracle.com/otn-pub/java/jdk/8u111-b14/jdk-8u111-linux-x64.tar.gz?AuthParam=1484554750_1a19b93ac5505eeb10a03bed13e2a8a7
Connecting to download.oracle.com (download.oracle.com)|104.96.220.162|:80... connected.
HTTP request sent, awaiting response... 200 OK
Length: 181442359 (173M) [application/x-gzip]
Saving to: `jdk-8u111-linux-x64.tar.gz'

     0K ........ ........ ........ ........ ........ ........  1% 54.2M 3s
  3072K ........ ........ ........ ........ ........ ........  3% 56.1M 3s
  6144K ........ ........ ........ ........ ........ ........  5% 33.0M 4s
  9216K ........ ........ ........ ........ ........ ........  6% 22.9M 4s
 12288K ........ ........ ........ ........ ........ ........  8% 21.2M 5s
 15360K ........ ........ ........ ........ ........ ........ 10% 25.7M 5s
 18432K ........ ........ ........ ........ ........ ........ 12% 25.0M 5s
 21504K ........ ........ ........ ........ ........ ........ 13% 37.3M 5s
 24576K ........ ........ ........ ........ ........ ........ 15% 71.6M 4s
 27648K ........ ........ ........ ........ ........ ........ 17% 88.0M 4s
 30720K ........ ........ ........ ........ ........ ........ 19% 25.9M 4s
 33792K ........ ........ ........ ........ ........ ........ 20% 67.3M 4s
 36864K ........ ........ ........ ........ ........ ........ 22% 17.1M 4s
 39936K ........ ........ ........ ........ ........ ........ 24% 30.1M 4s
 43008K ........ ........ ........ ........ ........ ........ 26% 17.4M 4s
 46080K ........ ........ ........ ........ ........ ........ 27% 58.3M 4s
 49152K ........ ........ ........ ........ ........ ........ 29% 62.2M 4s
 52224K ........ ........ ........ ........ ........ ........ 31% 11.5M 4s
 55296K ........ ........ ........ ........ ........ ........ 32% 14.1M 4s
 58368K ........ ........ ........ ........ ........ ........ 34% 23.6M 4s
 61440K ........ ........ ........ ........ ........ ........ 36% 37.3M 4s
 64512K ........ ........ ........ ........ ........ ........ 38% 12.4M 4s
 67584K ........ ........ ........ ........ ........ ........ 39% 9.45M 4s
 70656K ........ ........ ........ ........ ........ ........ 41% 17.8M 4s
 73728K ........ ........ ........ ........ ........ ........ 43% 13.2M 4s
 76800K ........ ........ ........ ........ ........ ........ 45% 35.6M 4s
 79872K ........ ........ ........ ........ ........ ........ 46% 66.2M 4s
 82944K ........ ........ ........ ........ ........ ........ 48% 23.5M 4s
 86016K ........ ........ ........ ........ ........ ........ 50% 64.1M 3s
 89088K ........ ........ ........ ........ ........ ........ 52% 23.4M 3s
 92160K ........ ........ ........ ........ ........ ........ 53% 22.8M 3s
 95232K ........ ........ ........ ........ ........ ........ 55% 82.5M 3s
 98304K ........ ........ ........ ........ ........ ........ 57% 48.2M 3s
101376K ........ ........ ........ ........ ........ ........ 58% 14.5M 3s
104448K ........ ........ ........ ........ ........ ........ 60% 94.3M 3s
107520K ........ ........ ........ ........ ........ ........ 62%  106M 2s
110592K ........ ........ ........ ........ ........ ........ 64% 23.8M 2s
113664K ........ ........ ........ ........ ........ ........ 65%  100M 2s
116736K ........ ........ ........ ........ ........ ........ 67% 90.1M 2s
119808K ........ ........ ........ ........ ........ ........ 69%  120M 2s
122880K ........ ........ ........ ........ ........ ........ 71% 14.4M 2s
125952K ........ ........ ........ ........ ........ ........ 72% 37.3M 2s
129024K ........ ........ ........ ........ ........ ........ 74% 45.5M 2s
132096K ........ ........ ........ ........ ........ ........ 76%  119M 1s
135168K ........ ........ ........ ........ ........ ........ 78% 70.1M 1s
138240K ........ ........ ........ ........ ........ ........ 79% 24.1M 1s
141312K ........ ........ ........ ........ ........ ........ 81% 74.7M 1s
144384K ........ ........ ........ ........ ........ ........ 83% 23.4M 1s
147456K ........ ........ ........ ........ ........ ........ 84% 26.0M 1s
150528K ........ ........ ........ ........ ........ ........ 86% 44.1M 1s
153600K ........ ........ ........ ........ ........ ........ 88% 54.3M 1s
156672K ........ ........ ........ ........ ........ ........ 90% 94.9M 1s
159744K ........ ........ ........ ........ ........ ........ 91% 72.4M 0s
162816K ........ ........ ........ ........ ........ ........ 93% 89.5M 0s
165888K ........ ........ ........ ........ ........ ........ 95% 21.6M 0s
168960K ........ ........ ........ ........ ........ ........ 97%  106M 0s
172032K ........ ........ ........ ........ ........ ........ 98% 22.0M 0s
175104K ........ ........ ........ ........                  100% 13.0M=5.9s

2017-01-16 08:17:17 (29.4 MB/s) - `jdk-8u111-linux-x64.tar.gz' saved [181442359/181442359]

Download done.
Removing outdated cached downloads...
Oracle JRE 8 browser plugin installed
Oracle JDK 8 installed

#####Important########
To set Oracle JDK8 as default, install the "oracle-java8-set-default" package.
E.g.: sudo apt install oracle-java8-set-default.

travis_time:end:015614fa:start=1484554623073563346,finish=1484554644782868884,duration=21709305538[0Ktravis_fold:end:apt[0K
[33;1mThis job is running on container-based infrastructure, which does not allow use of 'sudo', setuid and setguid executables.[0m
[33;1mIf you require sudo, add 'sudo: required' to your .travis.yml[0m
[33;1mSee https://docs.travis-ci.com/user/workers/container-based-infrastructure/ for details.[0m
$ jdk_switcher use oraclejdk8
Switching to Oracle JDK8 (java-8-oracle), JAVA_HOME will be set to /usr/lib/jvm/java-8-oracle
travis_fold:start:cache.1[0KSetting up build cache
$ export CASHER_DIR=$HOME/.casher
travis_time:start:0fecbf17[0K$ Installing caching utilities

travis_time:end:0fecbf17:start=1484554648146411502,finish=1484554648175562029,duration=29150527[0Ktravis_time:start:0579a536[0K
travis_time:end:0579a536:start=1484554648182921873,finish=1484554648187571561,duration=4649688[0Ktravis_time:start:08637044[0K[32;1mattempting to download cache archive[0m
[32;1mfetching master/cache-linux-precise-e3b0c44298fc1c149afbf4c8996fb92427ae41e4649b934ca495991b7852b855--jdk-oraclejdk8.tgz[0m
[32;1mfound cache[0m

travis_time:end:08637044:start=1484554648192959765,finish=1484554650921544334,duration=2728584569[0Ktravis_time:start:16787cd0[0K
travis_time:end:16787cd0:start=1484554650928600735,finish=1484554650934334842,duration=5734107[0Ktravis_time:start:0039786d[0K[32;1madding /home/travis/.m2 to cache[0m

travis_time:end:0039786d:start=1484554650941076542,finish=1484554654281934173,duration=3340857631[0Ktravis_fold:end:cache.1[0K$ java -Xmx32m -version
java version "1.8.0_111"
Java(TM) SE Runtime Environment (build 1.8.0_111-b14)
Java HotSpot(TM) 64-Bit Server VM (build 25.111-b14, mixed mode)
$ javac -J-Xmx32m -version
javac 1.8.0_111
travis_fold:start:install[0Ktravis_time:start:1f12af0d[0K$ mvn install -DskipTests=true -Dmaven.javadoc.skip=true -B -V
Java HotSpot(TM) 64-Bit Server VM warning: ignoring option MaxPermSize=192m; support was removed in 8.0
Apache Maven 3.2.5 (12a6b3acb947671f09b81f49094c53f426d8cea1; 2014-12-14T17:29:23+00:00)
Maven home: /usr/local/maven
Java version: 1.8.0_111, vendor: Oracle Corporation
Java home: /usr/lib/jvm/java-8-oracle/jre
Default locale: en_US, platform encoding: UTF-8
OS name: "linux", version: "4.8.12-040812-generic", arch: "amd64", family: "unix"
[INFO] Scanning for projects...
[INFO] Inspecting build with total of 12 modules...
[INFO] Installing Nexus Staging features:
[INFO]   ... total of 12 executions of maven-deploy-plugin replaced with nexus-staging-maven-plugin
[INFO] ------------------------------------------------------------------------
[INFO] Reactor Build Order:
[INFO] 
[INFO] OWLAPI
[INFO] OWLAPI :: Interfaces
[INFO] OWLAPI :: Default Implementation
[INFO] OWLAPI :: Atomic Decomposition and Explanation
[INFO] OWLAPI :: Parsers
[INFO] OWLAPI :: OBO Format
[INFO] OWLAPI :: RDF4J Rio
[INFO] OWLAPI :: Binding and Config
[INFO] OWLAPI :: Compatibility
[INFO] OWLAPI :: Tests and Tutorials
[INFO] OWLAPI :: Distribution
[INFO] OWLAPI :: OSGi and Compatibility Distribution
[INFO]                                                                         
[INFO] ------------------------------------------------------------------------
[INFO] Building OWLAPI 6.0.0-SNAPSHOT
[INFO] ------------------------------------------------------------------------
[INFO] 
[INFO] --- maven-enforcer-plugin:1.0:enforce (enforce-maven) @ owlapi-parent ---
[INFO] 
[INFO] >>> maven-source-plugin:3.0.1:jar (attach-sources) > generate-sources @ owlapi-parent >>>
[INFO] 
[INFO] --- maven-enforcer-plugin:1.0:enforce (enforce-maven) @ owlapi-parent ---
[INFO] 
[INFO] <<< maven-source-plugin:3.0.1:jar (attach-sources) < generate-sources @ owlapi-parent <<<
[INFO] 
[INFO] --- maven-source-plugin:3.0.1:jar (attach-sources) @ owlapi-parent ---
[INFO] 
[INFO] --- maven-javadoc-plugin:2.10.4:jar (attach-javadocs) @ owlapi-parent ---
[INFO] Skipping javadoc generation
[INFO] 
[INFO] --- maven-failsafe-plugin:2.19.1:integration-test (default) @ owlapi-parent ---
[INFO] Tests are skipped.
[INFO] 
[INFO] --- maven-failsafe-plugin:2.19.1:verify (default) @ owlapi-parent ---
[INFO] Tests are skipped.
[INFO] 
[INFO] --- maven-install-plugin:2.4:install (default-install) @ owlapi-parent ---
[INFO] Installing /home/travis/build/owlcs/owlapi/pom.xml to /home/travis/.m2/repository/net/sourceforge/owlapi/owlapi-parent/6.0.0-SNAPSHOT/owlapi-parent-6.0.0-SNAPSHOT.pom
[INFO]                                                                         
[INFO] ------------------------------------------------------------------------
[INFO] Building OWLAPI :: Interfaces 6.0.0-SNAPSHOT
[INFO] ------------------------------------------------------------------------
[INFO] 
[INFO] --- maven-enforcer-plugin:1.0:enforce (enforce-maven) @ owlapi-api ---
[INFO] 
[INFO] --- maven-resources-plugin:2.6:resources (default-resources) @ owlapi-api ---
[INFO] Using 'UTF-8' encoding to copy filtered resources.
[INFO] skip non existing resourceDirectory /home/travis/build/owlcs/owlapi/api/src/main/resources
[INFO] 
[INFO] --- maven-compiler-plugin:3.6.0:compile (default-compile) @ owlapi-api ---
[INFO] Changes detected - recompiling the module!
[INFO] Compiling 839 source files to /home/travis/build/owlcs/owlapi/api/target/classes
[INFO] /home/travis/build/owlcs/owlapi/api/src/main/java/org/semanticweb/owlapi/model/OWLDeclarationAxiom.java: Some input files use unchecked or unsafe operations.
[INFO] /home/travis/build/owlcs/owlapi/api/src/main/java/org/semanticweb/owlapi/model/OWLDeclarationAxiom.java: Recompile with -Xlint:unchecked for details.
[INFO] 
[INFO] --- maven-resources-plugin:2.6:testResources (default-testResources) @ owlapi-api ---
[INFO] Using 'UTF-8' encoding to copy filtered resources.
[INFO] Copying 1 resource
[INFO] 
[INFO] --- maven-compiler-plugin:3.6.0:testCompile (default-testCompile) @ owlapi-api ---
[INFO] Changes detected - recompiling the module!
[INFO] Compiling 8 source files to /home/travis/build/owlcs/owlapi/api/target/test-classes
[INFO] 
[INFO] --- maven-surefire-plugin:2.19.1:test (default-test) @ owlapi-api ---
[INFO] Tests are skipped.
[INFO] 
[INFO] --- maven-jar-plugin:2.4:jar (default-jar) @ owlapi-api ---
[INFO] Building jar: /home/travis/build/owlcs/owlapi/api/target/owlapi-api-6.0.0-SNAPSHOT.jar
[INFO] 
[INFO] >>> maven-source-plugin:3.0.1:jar (attach-sources) > generate-sources @ owlapi-api >>>
[INFO] 
[INFO] --- maven-enforcer-plugin:1.0:enforce (enforce-maven) @ owlapi-api ---
[INFO] 
[INFO] <<< maven-source-plugin:3.0.1:jar (attach-sources) < generate-sources @ owlapi-api <<<
[INFO] 
[INFO] --- maven-source-plugin:3.0.1:jar (attach-sources) @ owlapi-api ---
[INFO] Building jar: /home/travis/build/owlcs/owlapi/api/target/owlapi-api-6.0.0-SNAPSHOT-sources.jar
[INFO] 
[INFO] --- maven-javadoc-plugin:2.10.4:jar (attach-javadocs) @ owlapi-api ---
[INFO] Skipping javadoc generation
[INFO] 
[INFO] --- maven-failsafe-plugin:2.19.1:integration-test (default) @ owlapi-api ---
[INFO] Tests are skipped.
[INFO] 
[INFO] --- maven-failsafe-plugin:2.19.1:verify (default) @ owlapi-api ---
[INFO] Tests are skipped.
[INFO] 
[INFO] --- maven-install-plugin:2.4:install (default-install) @ owlapi-api ---
[INFO] Installing /home/travis/build/owlcs/owlapi/api/target/owlapi-api-6.0.0-SNAPSHOT.jar to /home/travis/.m2/repository/net/sourceforge/owlapi/owlapi-api/6.0.0-SNAPSHOT/owlapi-api-6.0.0-SNAPSHOT.jar
[INFO] Installing /home/travis/build/owlcs/owlapi/api/pom.xml to /home/travis/.m2/repository/net/sourceforge/owlapi/owlapi-api/6.0.0-SNAPSHOT/owlapi-api-6.0.0-SNAPSHOT.pom
[INFO] Installing /home/travis/build/owlcs/owlapi/api/target/owlapi-api-6.0.0-SNAPSHOT-sources.jar to /home/travis/.m2/repository/net/sourceforge/owlapi/owlapi-api/6.0.0-SNAPSHOT/owlapi-api-6.0.0-SNAPSHOT-sources.jar
[INFO]                                                                         
[INFO] ------------------------------------------------------------------------
[INFO] Building OWLAPI :: Default Implementation 6.0.0-SNAPSHOT
[INFO] ------------------------------------------------------------------------
[INFO] 
[INFO] --- maven-enforcer-plugin:1.0:enforce (enforce-maven) @ owlapi-impl ---
[INFO] 
[INFO] --- maven-resources-plugin:2.6:resources (default-resources) @ owlapi-impl ---
[INFO] Using 'UTF-8' encoding to copy filtered resources.
[INFO] skip non existing resourceDirectory /home/travis/build/owlcs/owlapi/impl/src/main/resources
[INFO] 
[INFO] --- maven-compiler-plugin:3.6.0:compile (default-compile) @ owlapi-impl ---
[INFO] Changes detected - recompiling the module!
[INFO] Compiling 173 source files to /home/travis/build/owlcs/owlapi/impl/target/classes
[INFO] /home/travis/build/owlcs/owlapi/impl/src/main/java/uk/ac/manchester/cs/owl/owlapi/Internals.java: Some input files use or override a deprecated API.
[INFO] /home/travis/build/owlcs/owlapi/impl/src/main/java/uk/ac/manchester/cs/owl/owlapi/Internals.java: Recompile with -Xlint:deprecation for details.
[INFO] /home/travis/build/owlcs/owlapi/impl/src/main/java/uk/ac/manchester/cs/owl/owlapi/OWLDisjointClassesAxiomImpl.java: Some input files use unchecked or unsafe operations.
[INFO] /home/travis/build/owlcs/owlapi/impl/src/main/java/uk/ac/manchester/cs/owl/owlapi/OWLDisjointClassesAxiomImpl.java: Recompile with -Xlint:unchecked for details.
[INFO] 
[INFO] --- maven-resources-plugin:2.6:testResources (default-testResources) @ owlapi-impl ---
[INFO] Using 'UTF-8' encoding to copy filtered resources.
[INFO] skip non existing resourceDirectory /home/travis/build/owlcs/owlapi/impl/src/test/resources
[INFO] 
[INFO] --- maven-compiler-plugin:3.6.0:testCompile (default-testCompile) @ owlapi-impl ---
[INFO] Changes detected - recompiling the module!
[INFO] Compiling 9 source files to /home/travis/build/owlcs/owlapi/impl/target/test-classes
[INFO] /home/travis/build/owlcs/owlapi/impl/src/test/java/uk/ac/manchester/cs/owl/owlapi/concurrent/OWLOntologyManager_Concurrent_TestCase.java: /home/travis/build/owlcs/owlapi/impl/src/test/java/uk/ac/manchester/cs/owl/owlapi/concurrent/OWLOntologyManager_Concurrent_TestCase.java uses or overrides a deprecated API.
[INFO] /home/travis/build/owlcs/owlapi/impl/src/test/java/uk/ac/manchester/cs/owl/owlapi/concurrent/OWLOntologyManager_Concurrent_TestCase.java: Recompile with -Xlint:deprecation for details.
[INFO] 
[INFO] --- maven-surefire-plugin:2.19.1:test (default-test) @ owlapi-impl ---
[INFO] Tests are skipped.
[INFO] 
[INFO] --- maven-jar-plugin:2.4:jar (default-jar) @ owlapi-impl ---
[INFO] Building jar: /home/travis/build/owlcs/owlapi/impl/target/owlapi-impl-6.0.0-SNAPSHOT.jar
[INFO] 
[INFO] >>> maven-source-plugin:3.0.1:jar (attach-sources) > generate-sources @ owlapi-impl >>>
[INFO] 
[INFO] --- maven-enforcer-plugin:1.0:enforce (enforce-maven) @ owlapi-impl ---
[INFO] 
[INFO] <<< maven-source-plugin:3.0.1:jar (attach-sources) < generate-sources @ owlapi-impl <<<
[INFO] 
[INFO] --- maven-source-plugin:3.0.1:jar (attach-sources) @ owlapi-impl ---
[INFO] Building jar: /home/travis/build/owlcs/owlapi/impl/target/owlapi-impl-6.0.0-SNAPSHOT-sources.jar
[INFO] 
[INFO] --- maven-javadoc-plugin:2.10.4:jar (attach-javadocs) @ owlapi-impl ---
[INFO] Skipping javadoc generation
[INFO] 
[INFO] --- maven-failsafe-plugin:2.19.1:integration-test (default) @ owlapi-impl ---
[INFO] Tests are skipped.
[INFO] 
[INFO] --- maven-failsafe-plugin:2.19.1:verify (default) @ owlapi-impl ---
[INFO] Tests are skipped.
[INFO] 
[INFO] --- maven-install-plugin:2.4:install (default-install) @ owlapi-impl ---
[INFO] Installing /home/travis/build/owlcs/owlapi/impl/target/owlapi-impl-6.0.0-SNAPSHOT.jar to /home/travis/.m2/repository/net/sourceforge/owlapi/owlapi-impl/6.0.0-SNAPSHOT/owlapi-impl-6.0.0-SNAPSHOT.jar
[INFO] Installing /home/travis/build/owlcs/owlapi/impl/pom.xml to /home/travis/.m2/repository/net/sourceforge/owlapi/owlapi-impl/6.0.0-SNAPSHOT/owlapi-impl-6.0.0-SNAPSHOT.pom
[INFO] Installing /home/travis/build/owlcs/owlapi/impl/target/owlapi-impl-6.0.0-SNAPSHOT-sources.jar to /home/travis/.m2/repository/net/sourceforge/owlapi/owlapi-impl/6.0.0-SNAPSHOT/owlapi-impl-6.0.0-SNAPSHOT-sources.jar
[INFO]                                                                         
[INFO] ------------------------------------------------------------------------
[INFO] Building OWLAPI :: Atomic Decomposition and Explanation 6.0.0-SNAPSHOT
[INFO] ------------------------------------------------------------------------
[INFO] 
[INFO] --- maven-enforcer-plugin:1.0:enforce (enforce-maven) @ owlapi-tools ---
[INFO] 
[INFO] --- maven-resources-plugin:2.6:resources (default-resources) @ owlapi-tools ---
[INFO] Using 'UTF-8' encoding to copy filtered resources.
[INFO] skip non existing resourceDirectory /home/travis/build/owlcs/owlapi/tools/src/main/resources
[INFO] 
[INFO] --- maven-compiler-plugin:3.6.0:compile (default-compile) @ owlapi-tools ---
[INFO] Changes detected - recompiling the module!
[INFO] Compiling 123 source files to /home/travis/build/owlcs/owlapi/tools/target/classes
[INFO] 
[INFO] --- maven-resources-plugin:2.6:testResources (default-testResources) @ owlapi-tools ---
[INFO] Using 'UTF-8' encoding to copy filtered resources.
[INFO] skip non existing resourceDirectory /home/travis/build/owlcs/owlapi/tools/src/test/resources
[INFO] 
[INFO] --- maven-compiler-plugin:3.6.0:testCompile (default-testCompile) @ owlapi-tools ---
[INFO] No sources to compile
[INFO] 
[INFO] --- maven-surefire-plugin:2.19.1:test (default-test) @ owlapi-tools ---
[INFO] Tests are skipped.
[INFO] 
[INFO] --- maven-jar-plugin:2.4:jar (default-jar) @ owlapi-tools ---
[INFO] Building jar: /home/travis/build/owlcs/owlapi/tools/target/owlapi-tools-6.0.0-SNAPSHOT.jar
[INFO] 
[INFO] >>> maven-source-plugin:3.0.1:jar (attach-sources) > generate-sources @ owlapi-tools >>>
[INFO] 
[INFO] --- maven-enforcer-plugin:1.0:enforce (enforce-maven) @ owlapi-tools ---
[INFO] 
[INFO] <<< maven-source-plugin:3.0.1:jar (attach-sources) < generate-sources @ owlapi-tools <<<
[INFO] 
[INFO] --- maven-source-plugin:3.0.1:jar (attach-sources) @ owlapi-tools ---
[INFO] Building jar: /home/travis/build/owlcs/owlapi/tools/target/owlapi-tools-6.0.0-SNAPSHOT-sources.jar
[INFO] 
[INFO] --- maven-javadoc-plugin:2.10.4:jar (attach-javadocs) @ owlapi-tools ---
[INFO] Skipping javadoc generation
[INFO] 
[INFO] --- maven-failsafe-plugin:2.19.1:integration-test (default) @ owlapi-tools ---
[INFO] Tests are skipped.
[INFO] 
[INFO] --- maven-failsafe-plugin:2.19.1:verify (default) @ owlapi-tools ---
[INFO] Tests are skipped.
[INFO] 
[INFO] --- maven-install-plugin:2.4:install (default-install) @ owlapi-tools ---
[INFO] Installing /home/travis/build/owlcs/owlapi/tools/target/owlapi-tools-6.0.0-SNAPSHOT.jar to /home/travis/.m2/repository/net/sourceforge/owlapi/owlapi-tools/6.0.0-SNAPSHOT/owlapi-tools-6.0.0-SNAPSHOT.jar
[INFO] Installing /home/travis/build/owlcs/owlapi/tools/pom.xml to /home/travis/.m2/repository/net/sourceforge/owlapi/owlapi-tools/6.0.0-SNAPSHOT/owlapi-tools-6.0.0-SNAPSHOT.pom
[INFO] Installing /home/travis/build/owlcs/owlapi/tools/target/owlapi-tools-6.0.0-SNAPSHOT-sources.jar to /home/travis/.m2/repository/net/sourceforge/owlapi/owlapi-tools/6.0.0-SNAPSHOT/owlapi-tools-6.0.0-SNAPSHOT-sources.jar
[INFO]                                                                         
[INFO] ------------------------------------------------------------------------
[INFO] Building OWLAPI :: Parsers 6.0.0-SNAPSHOT
[INFO] ------------------------------------------------------------------------
[INFO] 
[INFO] --- maven-enforcer-plugin:1.0:enforce (enforce-maven) @ owlapi-parsers ---
[INFO] 
[INFO] --- maven-resources-plugin:2.6:resources (default-resources) @ owlapi-parsers ---
[INFO] Using 'UTF-8' encoding to copy filtered resources.
[INFO] Copying 2 resources
[INFO] 
[INFO] --- maven-compiler-plugin:3.6.0:compile (default-compile) @ owlapi-parsers ---
[INFO] Changes detected - recompiling the module!
[INFO] Compiling 195 source files to /home/travis/build/owlcs/owlapi/parsers/target/classes
[INFO] /home/travis/build/owlcs/owlapi/parsers/src/main/java/org/semanticweb/owlapi/functional/parser/OWLFunctionalSyntaxParser.java: Some input files use or override a deprecated API.
[INFO] /home/travis/build/owlcs/owlapi/parsers/src/main/java/org/semanticweb/owlapi/functional/parser/OWLFunctionalSyntaxParser.java: Recompile with -Xlint:deprecation for details.
[INFO] /home/travis/build/owlcs/owlapi/parsers/src/main/java/org/semanticweb/owlapi/rdf/model/AbstractTranslator.java: Some input files use unchecked or unsafe operations.
[INFO] /home/travis/build/owlcs/owlapi/parsers/src/main/java/org/semanticweb/owlapi/rdf/model/AbstractTranslator.java: Recompile with -Xlint:unchecked for details.
[INFO] 
[INFO] --- maven-resources-plugin:2.6:testResources (default-testResources) @ owlapi-parsers ---
[INFO] Using 'UTF-8' encoding to copy filtered resources.
[INFO] skip non existing resourceDirectory /home/travis/build/owlcs/owlapi/parsers/src/test/resources
[INFO] 
[INFO] --- maven-compiler-plugin:3.6.0:testCompile (default-testCompile) @ owlapi-parsers ---
[INFO] Changes detected - recompiling the module!
[INFO] Compiling 1 source file to /home/travis/build/owlcs/owlapi/parsers/target/test-classes
[INFO] 
[INFO] --- maven-surefire-plugin:2.19.1:test (default-test) @ owlapi-parsers ---
[INFO] Tests are skipped.
[INFO] 
[INFO] --- maven-jar-plugin:2.4:jar (default-jar) @ owlapi-parsers ---
[INFO] Building jar: /home/travis/build/owlcs/owlapi/parsers/target/owlapi-parsers-6.0.0-SNAPSHOT.jar
[INFO] 
[INFO] >>> maven-source-plugin:3.0.1:jar (attach-sources) > generate-sources @ owlapi-parsers >>>
[INFO] 
[INFO] --- maven-enforcer-plugin:1.0:enforce (enforce-maven) @ owlapi-parsers ---
[INFO] 
[INFO] <<< maven-source-plugin:3.0.1:jar (attach-sources) < generate-sources @ owlapi-parsers <<<
[INFO] 
[INFO] --- maven-source-plugin:3.0.1:jar (attach-sources) @ owlapi-parsers ---
[INFO] Building jar: /home/travis/build/owlcs/owlapi/parsers/target/owlapi-parsers-6.0.0-SNAPSHOT-sources.jar
[INFO] 
[INFO] --- maven-javadoc-plugin:2.10.4:jar (attach-javadocs) @ owlapi-parsers ---
[INFO] Skipping javadoc generation
[INFO] 
[INFO] --- maven-failsafe-plugin:2.19.1:integration-test (default) @ owlapi-parsers ---
[INFO] Tests are skipped.
[INFO] 
[INFO] --- maven-failsafe-plugin:2.19.1:verify (default) @ owlapi-parsers ---
[INFO] Tests are skipped.
[INFO] 
[INFO] --- maven-install-plugin:2.4:install (default-install) @ owlapi-parsers ---
[INFO] Installing /home/travis/build/owlcs/owlapi/parsers/target/owlapi-parsers-6.0.0-SNAPSHOT.jar to /home/travis/.m2/repository/net/sourceforge/owlapi/owlapi-parsers/6.0.0-SNAPSHOT/owlapi-parsers-6.0.0-SNAPSHOT.jar
[INFO] Installing /home/travis/build/owlcs/owlapi/parsers/pom.xml to /home/travis/.m2/repository/net/sourceforge/owlapi/owlapi-parsers/6.0.0-SNAPSHOT/owlapi-parsers-6.0.0-SNAPSHOT.pom
[INFO] Installing /home/travis/build/owlcs/owlapi/parsers/target/owlapi-parsers-6.0.0-SNAPSHOT-sources.jar to /home/travis/.m2/repository/net/sourceforge/owlapi/owlapi-parsers/6.0.0-SNAPSHOT/owlapi-parsers-6.0.0-SNAPSHOT-sources.jar
[INFO]                                                                         
[INFO] ------------------------------------------------------------------------
[INFO] Building OWLAPI :: OBO Format 6.0.0-SNAPSHOT
[INFO] ------------------------------------------------------------------------
[INFO] 
[INFO] --- maven-enforcer-plugin:1.0:enforce (enforce-maven) @ owlapi-oboformat ---
[INFO] 
[INFO] --- maven-resources-plugin:2.6:resources (default-resources) @ owlapi-oboformat ---
[INFO] Using 'UTF-8' encoding to copy filtered resources.
[INFO] Copying 2 resources
[INFO] 
[INFO] --- maven-compiler-plugin:3.6.0:compile (default-compile) @ owlapi-oboformat ---
[INFO] Changes detected - recompiling the module!
[INFO] Compiling 41 source files to /home/travis/build/owlcs/owlapi/oboformat/target/classes
[INFO] 
[INFO] --- maven-resources-plugin:2.6:testResources (default-testResources) @ owlapi-oboformat ---
[INFO] Using 'UTF-8' encoding to copy filtered resources.
[INFO] skip non existing resourceDirectory /home/travis/build/owlcs/owlapi/oboformat/src/test/resources
[INFO] 
[INFO] --- maven-compiler-plugin:3.6.0:testCompile (default-testCompile) @ owlapi-oboformat ---
[INFO] Changes detected - recompiling the module!
[INFO] Compiling 1 source file to /home/travis/build/owlcs/owlapi/oboformat/target/test-classes
[INFO] 
[INFO] --- maven-surefire-plugin:2.19.1:test (default-test) @ owlapi-oboformat ---
[INFO] Tests are skipped.
[INFO] 
[INFO] --- maven-jar-plugin:2.4:jar (default-jar) @ owlapi-oboformat ---
[INFO] Building jar: /home/travis/build/owlcs/owlapi/oboformat/target/owlapi-oboformat-6.0.0-SNAPSHOT.jar
[INFO] 
[INFO] >>> maven-source-plugin:3.0.1:jar (attach-sources) > generate-sources @ owlapi-oboformat >>>
[INFO] 
[INFO] --- maven-enforcer-plugin:1.0:enforce (enforce-maven) @ owlapi-oboformat ---
[INFO] 
[INFO] <<< maven-source-plugin:3.0.1:jar (attach-sources) < generate-sources @ owlapi-oboformat <<<
[INFO] 
[INFO] --- maven-source-plugin:3.0.1:jar (attach-sources) @ owlapi-oboformat ---
[INFO] Building jar: /home/travis/build/owlcs/owlapi/oboformat/target/owlapi-oboformat-6.0.0-SNAPSHOT-sources.jar
[INFO] 
[INFO] --- maven-javadoc-plugin:2.10.4:jar (attach-javadocs) @ owlapi-oboformat ---
[INFO] Skipping javadoc generation
[INFO] 
[INFO] --- maven-failsafe-plugin:2.19.1:integration-test (default) @ owlapi-oboformat ---
[INFO] Tests are skipped.
[INFO] 
[INFO] --- maven-failsafe-plugin:2.19.1:verify (default) @ owlapi-oboformat ---
[INFO] Tests are skipped.
[INFO] 
[INFO] --- maven-install-plugin:2.4:install (default-install) @ owlapi-oboformat ---
[INFO] Installing /home/travis/build/owlcs/owlapi/oboformat/target/owlapi-oboformat-6.0.0-SNAPSHOT.jar to /home/travis/.m2/repository/net/sourceforge/owlapi/owlapi-oboformat/6.0.0-SNAPSHOT/owlapi-oboformat-6.0.0-SNAPSHOT.jar
[INFO] Installing /home/travis/build/owlcs/owlapi/oboformat/pom.xml to /home/travis/.m2/repository/net/sourceforge/owlapi/owlapi-oboformat/6.0.0-SNAPSHOT/owlapi-oboformat-6.0.0-SNAPSHOT.pom
[INFO] Installing /home/travis/build/owlcs/owlapi/oboformat/target/owlapi-oboformat-6.0.0-SNAPSHOT-sources.jar to /home/travis/.m2/repository/net/sourceforge/owlapi/owlapi-oboformat/6.0.0-SNAPSHOT/owlapi-oboformat-6.0.0-SNAPSHOT-sources.jar
[INFO]                                                                         
[INFO] ------------------------------------------------------------------------
[INFO] Building OWLAPI :: RDF4J Rio 6.0.0-SNAPSHOT
[INFO] ------------------------------------------------------------------------
[INFO] 
[INFO] --- maven-enforcer-plugin:1.0:enforce (enforce-maven) @ owlapi-rio ---
[INFO] 
[INFO] --- maven-resources-plugin:2.6:resources (default-resources) @ owlapi-rio ---
[INFO] Using 'UTF-8' encoding to copy filtered resources.
[INFO] Copying 5 resources
[INFO] 
[INFO] --- maven-compiler-plugin:3.6.0:compile (default-compile) @ owlapi-rio ---
[INFO] Changes detected - recompiling the module!
[INFO] Compiling 65 source files to /home/travis/build/owlcs/owlapi/rio/target/classes
[INFO] 
[INFO] --- maven-resources-plugin:2.6:testResources (default-testResources) @ owlapi-rio ---
[INFO] Using 'UTF-8' encoding to copy filtered resources.
[INFO] skip non existing resourceDirectory /home/travis/build/owlcs/owlapi/rio/src/test/resources
[INFO] 
[INFO] --- maven-compiler-plugin:3.6.0:testCompile (default-testCompile) @ owlapi-rio ---
[INFO] No sources to compile
[INFO] 
[INFO] --- maven-surefire-plugin:2.19.1:test (default-test) @ owlapi-rio ---
[INFO] Tests are skipped.
[INFO] 
[INFO] --- maven-jar-plugin:2.4:jar (default-jar) @ owlapi-rio ---
[INFO] Building jar: /home/travis/build/owlcs/owlapi/rio/target/owlapi-rio-6.0.0-SNAPSHOT.jar
[INFO] 
[INFO] >>> maven-source-plugin:3.0.1:jar (attach-sources) > generate-sources @ owlapi-rio >>>
[INFO] 
[INFO] --- maven-enforcer-plugin:1.0:enforce (enforce-maven) @ owlapi-rio ---
[INFO] 
[INFO] <<< maven-source-plugin:3.0.1:jar (attach-sources) < generate-sources @ owlapi-rio <<<
[INFO] 
[INFO] --- maven-source-plugin:3.0.1:jar (attach-sources) @ owlapi-rio ---
[INFO] Building jar: /home/travis/build/owlcs/owlapi/rio/target/owlapi-rio-6.0.0-SNAPSHOT-sources.jar
[INFO] 
[INFO] --- maven-javadoc-plugin:2.10.4:jar (attach-javadocs) @ owlapi-rio ---
[INFO] Skipping javadoc generation
[INFO] 
[INFO] --- maven-failsafe-plugin:2.19.1:integration-test (default) @ owlapi-rio ---
[INFO] Tests are skipped.
[INFO] 
[INFO] --- maven-failsafe-plugin:2.19.1:verify (default) @ owlapi-rio ---
[INFO] Tests are skipped.
[INFO] 
[INFO] --- maven-install-plugin:2.4:install (default-install) @ owlapi-rio ---
[INFO] Installing /home/travis/build/owlcs/owlapi/rio/target/owlapi-rio-6.0.0-SNAPSHOT.jar to /home/travis/.m2/repository/net/sourceforge/owlapi/owlapi-rio/6.0.0-SNAPSHOT/owlapi-rio-6.0.0-SNAPSHOT.jar
[INFO] Installing /home/travis/build/owlcs/owlapi/rio/pom.xml to /home/travis/.m2/repository/net/sourceforge/owlapi/owlapi-rio/6.0.0-SNAPSHOT/owlapi-rio-6.0.0-SNAPSHOT.pom
[INFO] Installing /home/travis/build/owlcs/owlapi/rio/target/owlapi-rio-6.0.0-SNAPSHOT-sources.jar to /home/travis/.m2/repository/net/sourceforge/owlapi/owlapi-rio/6.0.0-SNAPSHOT/owlapi-rio-6.0.0-SNAPSHOT-sources.jar
[INFO]                                                                         
[INFO] ------------------------------------------------------------------------
[INFO] Building OWLAPI :: Binding and Config 6.0.0-SNAPSHOT
[INFO] ------------------------------------------------------------------------
[INFO] 
[INFO] --- maven-enforcer-plugin:1.0:enforce (enforce-maven) @ owlapi-apibinding ---
[INFO] 
[INFO] --- maven-resources-plugin:2.6:resources (default-resources) @ owlapi-apibinding ---
[INFO] Using 'UTF-8' encoding to copy filtered resources.
[INFO] Copying 1 resource
[INFO] 
[INFO] --- maven-compiler-plugin:3.6.0:compile (default-compile) @ owlapi-apibinding ---
[INFO] Changes detected - recompiling the module!
[INFO] Compiling 3 source files to /home/travis/build/owlcs/owlapi/apibinding/target/classes
[INFO] 
[INFO] --- maven-resources-plugin:2.6:testResources (default-testResources) @ owlapi-apibinding ---
[INFO] Using 'UTF-8' encoding to copy filtered resources.
[INFO] skip non existing resourceDirectory /home/travis/build/owlcs/owlapi/apibinding/src/test/resources
[INFO] 
[INFO] --- maven-compiler-plugin:3.6.0:testCompile (default-testCompile) @ owlapi-apibinding ---
[INFO] No sources to compile
[INFO] 
[INFO] --- maven-surefire-plugin:2.19.1:test (default-test) @ owlapi-apibinding ---
[INFO] Tests are skipped.
[INFO] 
[INFO] --- maven-jar-plugin:2.4:jar (default-jar) @ owlapi-apibinding ---
[INFO] Building jar: /home/travis/build/owlcs/owlapi/apibinding/target/owlapi-apibinding-6.0.0-SNAPSHOT.jar
[INFO] 
[INFO] >>> maven-source-plugin:3.0.1:jar (attach-sources) > generate-sources @ owlapi-apibinding >>>
[INFO] 
[INFO] --- maven-enforcer-plugin:1.0:enforce (enforce-maven) @ owlapi-apibinding ---
[INFO] 
[INFO] <<< maven-source-plugin:3.0.1:jar (attach-sources) < generate-sources @ owlapi-apibinding <<<
[INFO] 
[INFO] --- maven-source-plugin:3.0.1:jar (attach-sources) @ owlapi-apibinding ---
[INFO] Building jar: /home/travis/build/owlcs/owlapi/apibinding/target/owlapi-apibinding-6.0.0-SNAPSHOT-sources.jar
[INFO] 
[INFO] --- maven-javadoc-plugin:2.10.4:jar (attach-javadocs) @ owlapi-apibinding ---
[INFO] Skipping javadoc generation
[INFO] 
[INFO] --- maven-failsafe-plugin:2.19.1:integration-test (default) @ owlapi-apibinding ---
[INFO] Tests are skipped.
[INFO] 
[INFO] --- maven-failsafe-plugin:2.19.1:verify (default) @ owlapi-apibinding ---
[INFO] Tests are skipped.
[INFO] 
[INFO] --- maven-install-plugin:2.4:install (default-install) @ owlapi-apibinding ---
[INFO] Installing /home/travis/build/owlcs/owlapi/apibinding/target/owlapi-apibinding-6.0.0-SNAPSHOT.jar to /home/travis/.m2/repository/net/sourceforge/owlapi/owlapi-apibinding/6.0.0-SNAPSHOT/owlapi-apibinding-6.0.0-SNAPSHOT.jar
[INFO] Installing /home/travis/build/owlcs/owlapi/apibinding/pom.xml to /home/travis/.m2/repository/net/sourceforge/owlapi/owlapi-apibinding/6.0.0-SNAPSHOT/owlapi-apibinding-6.0.0-SNAPSHOT.pom
[INFO] Installing /home/travis/build/owlcs/owlapi/apibinding/target/owlapi-apibinding-6.0.0-SNAPSHOT-sources.jar to /home/travis/.m2/repository/net/sourceforge/owlapi/owlapi-apibinding/6.0.0-SNAPSHOT/owlapi-apibinding-6.0.0-SNAPSHOT-sources.jar
[INFO]                                                                         
[INFO] ------------------------------------------------------------------------
[INFO] Building OWLAPI :: Compatibility 6.0.0-SNAPSHOT
[INFO] ------------------------------------------------------------------------
[INFO] 
[INFO] --- maven-enforcer-plugin:1.0:enforce (enforce-maven) @ owlapi-compatibility ---
[INFO] 
[INFO] --- maven-resources-plugin:2.6:resources (default-resources) @ owlapi-compatibility ---
[INFO] Using 'UTF-8' encoding to copy filtered resources.
[INFO] Copying 1 resource
[INFO] 
[INFO] --- maven-compiler-plugin:3.6.0:compile (default-compile) @ owlapi-compatibility ---
[INFO] Changes detected - recompiling the module!
[INFO] Compiling 67 source files to /home/travis/build/owlcs/owlapi/compatibility/target/classes
[INFO] /home/travis/build/owlcs/owlapi/compatibility/src/main/java/de/uulm/ecs/ai/owlapi/krssparser/KRSS2OntologyFormat.java: Some input files use or override a deprecated API.
[INFO] /home/travis/build/owlcs/owlapi/compatibility/src/main/java/de/uulm/ecs/ai/owlapi/krssparser/KRSS2OntologyFormat.java: Recompile with -Xlint:deprecation for details.
[INFO] 
[INFO] --- maven-resources-plugin:2.6:testResources (default-testResources) @ owlapi-compatibility ---
[INFO] Using 'UTF-8' encoding to copy filtered resources.
[INFO] skip non existing resourceDirectory /home/travis/build/owlcs/owlapi/compatibility/src/test/resources
[INFO] 
[INFO] --- maven-compiler-plugin:3.6.0:testCompile (default-testCompile) @ owlapi-compatibility ---
[INFO] No sources to compile
[INFO] 
[INFO] --- maven-surefire-plugin:2.19.1:test (default-test) @ owlapi-compatibility ---
[INFO] Tests are skipped.
[INFO] 
[INFO] --- maven-jar-plugin:2.4:jar (default-jar) @ owlapi-compatibility ---
[INFO] Building jar: /home/travis/build/owlcs/owlapi/compatibility/target/owlapi-compatibility-6.0.0-SNAPSHOT.jar
[INFO] 
[INFO] >>> maven-source-plugin:3.0.1:jar (attach-sources) > generate-sources @ owlapi-compatibility >>>
[INFO] 
[INFO] --- maven-enforcer-plugin:1.0:enforce (enforce-maven) @ owlapi-compatibility ---
[INFO] 
[INFO] <<< maven-source-plugin:3.0.1:jar (attach-sources) < generate-sources @ owlapi-compatibility <<<
[INFO] 
[INFO] --- maven-source-plugin:3.0.1:jar (attach-sources) @ owlapi-compatibility ---
[INFO] Building jar: /home/travis/build/owlcs/owlapi/compatibility/target/owlapi-compatibility-6.0.0-SNAPSHOT-sources.jar
[INFO] 
[INFO] --- maven-javadoc-plugin:2.10.4:jar (attach-javadocs) @ owlapi-compatibility ---
[INFO] Skipping javadoc generation
[INFO] 
[INFO] --- maven-failsafe-plugin:2.19.1:integration-test (default) @ owlapi-compatibility ---
[INFO] Tests are skipped.
[INFO] 
[INFO] --- maven-failsafe-plugin:2.19.1:verify (default) @ owlapi-compatibility ---
[INFO] Tests are skipped.
[INFO] 
[INFO] --- maven-install-plugin:2.4:install (default-install) @ owlapi-compatibility ---
[INFO] Installing /home/travis/build/owlcs/owlapi/compatibility/target/owlapi-compatibility-6.0.0-SNAPSHOT.jar to /home/travis/.m2/repository/net/sourceforge/owlapi/owlapi-compatibility/6.0.0-SNAPSHOT/owlapi-compatibility-6.0.0-SNAPSHOT.jar
[INFO] Installing /home/travis/build/owlcs/owlapi/compatibility/pom.xml to /home/travis/.m2/repository/net/sourceforge/owlapi/owlapi-compatibility/6.0.0-SNAPSHOT/owlapi-compatibility-6.0.0-SNAPSHOT.pom
[INFO] Installing /home/travis/build/owlcs/owlapi/compatibility/target/owlapi-compatibility-6.0.0-SNAPSHOT-sources.jar to /home/travis/.m2/repository/net/sourceforge/owlapi/owlapi-compatibility/6.0.0-SNAPSHOT/owlapi-compatibility-6.0.0-SNAPSHOT-sources.jar
[INFO]                                                                         
[INFO] ------------------------------------------------------------------------
[INFO] Building OWLAPI :: Tests and Tutorials 6.0.0-SNAPSHOT
[INFO] ------------------------------------------------------------------------
[INFO] 
[INFO] --- maven-enforcer-plugin:1.0:enforce (enforce-maven) @ owlapi-contract ---
[INFO] 
[INFO] --- maven-resources-plugin:2.6:resources (default-resources) @ owlapi-contract ---
[INFO] Using 'UTF-8' encoding to copy filtered resources.
[INFO] skip non existing resourceDirectory /home/travis/build/owlcs/owlapi/contract/src/main/resources
[INFO] 
[INFO] --- maven-compiler-plugin:3.6.0:compile (default-compile) @ owlapi-contract ---
[INFO] Changes detected - recompiling the module!
[INFO] Compiling 9 source files to /home/travis/build/owlcs/owlapi/contract/target/classes
[INFO] 
[INFO] --- maven-resources-plugin:2.6:testResources (default-testResources) @ owlapi-contract ---
[INFO] Using 'UTF-8' encoding to copy filtered resources.
[INFO] Copying 172 resources
[INFO] 
[INFO] --- maven-compiler-plugin:3.6.0:testCompile (default-testCompile) @ owlapi-contract ---
[INFO] Changes detected - recompiling the module!
[INFO] Compiling 240 source files to /home/travis/build/owlcs/owlapi/contract/target/test-classes
[INFO] /home/travis/build/owlcs/owlapi/contract/src/test/java/org/semanticweb/owlapi/api/test/DelegatingObjectVisitorExTestCase.java: /home/travis/build/owlcs/owlapi/contract/src/test/java/org/semanticweb/owlapi/api/test/DelegatingObjectVisitorExTestCase.java uses unchecked or unsafe operations.
[INFO] /home/travis/build/owlcs/owlapi/contract/src/test/java/org/semanticweb/owlapi/api/test/DelegatingObjectVisitorExTestCase.java: Recompile with -Xlint:unchecked for details.
[INFO] 
[INFO] --- maven-surefire-plugin:2.19.1:test (default-test) @ owlapi-contract ---
[INFO] Tests are skipped.
[INFO] 
[INFO] --- maven-jar-plugin:2.4:jar (default-jar) @ owlapi-contract ---
[INFO] Building jar: /home/travis/build/owlcs/owlapi/contract/target/owlapi-contract-6.0.0-SNAPSHOT.jar
[INFO] 
[INFO] >>> maven-source-plugin:3.0.1:jar (attach-sources) > generate-sources @ owlapi-contract >>>
[INFO] 
[INFO] --- maven-enforcer-plugin:1.0:enforce (enforce-maven) @ owlapi-contract ---
[INFO] 
[INFO] <<< maven-source-plugin:3.0.1:jar (attach-sources) < generate-sources @ owlapi-contract <<<
[INFO] 
[INFO] --- maven-source-plugin:3.0.1:jar (attach-sources) @ owlapi-contract ---
[INFO] Building jar: /home/travis/build/owlcs/owlapi/contract/target/owlapi-contract-6.0.0-SNAPSHOT-sources.jar
[INFO] 
[INFO] --- maven-javadoc-plugin:2.10.4:jar (attach-javadocs) @ owlapi-contract ---
[INFO] Skipping javadoc generation
[INFO] 
[INFO] --- maven-failsafe-plugin:2.19.1:integration-test (default) @ owlapi-contract ---
[INFO] Tests are skipped.
[INFO] 
[INFO] --- maven-failsafe-plugin:2.19.1:verify (default) @ owlapi-contract ---
[INFO] Tests are skipped.
[INFO] 
[INFO] --- maven-install-plugin:2.4:install (default-install) @ owlapi-contract ---
[INFO] Installing /home/travis/build/owlcs/owlapi/contract/target/owlapi-contract-6.0.0-SNAPSHOT.jar to /home/travis/.m2/repository/net/sourceforge/owlapi/owlapi-contract/6.0.0-SNAPSHOT/owlapi-contract-6.0.0-SNAPSHOT.jar
[INFO] Installing /home/travis/build/owlcs/owlapi/contract/pom.xml to /home/travis/.m2/repository/net/sourceforge/owlapi/owlapi-contract/6.0.0-SNAPSHOT/owlapi-contract-6.0.0-SNAPSHOT.pom
[INFO] Installing /home/travis/build/owlcs/owlapi/contract/target/owlapi-contract-6.0.0-SNAPSHOT-sources.jar to /home/travis/.m2/repository/net/sourceforge/owlapi/owlapi-contract/6.0.0-SNAPSHOT/owlapi-contract-6.0.0-SNAPSHOT-sources.jar
[INFO]                                                                         
[INFO] ------------------------------------------------------------------------
[INFO] Building OWLAPI :: Distribution 6.0.0-SNAPSHOT
[INFO] ------------------------------------------------------------------------
[INFO] 
[INFO] --- maven-enforcer-plugin:1.0:enforce (enforce-maven) @ owlapi-distribution ---
[INFO] 
[INFO] --- maven-resources-plugin:3.0.1:resources (default-resources) @ owlapi-distribution ---
[INFO] Using 'UTF-8' encoding to copy filtered resources.
[INFO] skip non existing resourceDirectory /home/travis/build/owlcs/owlapi/distribution/src/main/resources
[INFO] 
[INFO] --- maven-compiler-plugin:3.6.0:compile (default-compile) @ owlapi-distribution ---
[INFO] No sources to compile
[INFO] 
[INFO] --- maven-resources-plugin:3.0.1:testResources (default-testResources) @ owlapi-distribution ---
[INFO] Using 'UTF-8' encoding to copy filtered resources.
[INFO] skip non existing resourceDirectory /home/travis/build/owlcs/owlapi/distribution/src/test/resources
[INFO] 
[INFO] --- maven-compiler-plugin:3.6.0:testCompile (default-testCompile) @ owlapi-distribution ---
[INFO] No sources to compile
[INFO] 
[INFO] --- maven-surefire-plugin:2.19.1:test (default-test) @ owlapi-distribution ---
[INFO] Tests are skipped.
[INFO] 
[INFO] --- maven-bundle-plugin:3.2.0:bundle (default-bundle) @ owlapi-distribution ---
[WARNING] Bundle net.sourceforge.owlapi:owlapi-distribution:bundle:6.0.0-SNAPSHOT : Unused Import-Package instructions: [org.apache.commons.logging.*] 
[INFO] 
[INFO] >>> maven-source-plugin:3.0.1:jar (attach-sources) > generate-sources @ owlapi-distribution >>>
[INFO] 
[INFO] --- maven-enforcer-plugin:1.0:enforce (enforce-maven) @ owlapi-distribution ---
[INFO] 
[INFO] <<< maven-source-plugin:3.0.1:jar (attach-sources) < generate-sources @ owlapi-distribution <<<
[INFO] 
[INFO] --- maven-source-plugin:3.0.1:jar (attach-sources) @ owlapi-distribution ---
[INFO] No sources in project. Archive not created.
[INFO] 
[INFO] --- maven-shade-plugin:2.4.3:shade (default) @ owlapi-distribution ---
[INFO] Including net.sourceforge.owlapi:owlapi-apibinding:jar:6.0.0-SNAPSHOT in the shaded jar.
[INFO] Including net.sourceforge.owlapi:owlapi-tools:jar:6.0.0-SNAPSHOT in the shaded jar.
[INFO] Including net.sourceforge.owlapi:owlapi-impl:jar:6.0.0-SNAPSHOT in the shaded jar.
[INFO] Including net.sourceforge.owlapi:owlapi-parsers:jar:6.0.0-SNAPSHOT in the shaded jar.
[INFO] Including net.sourceforge.owlapi:owlapi-oboformat:jar:6.0.0-SNAPSHOT in the shaded jar.
[INFO] Including net.sourceforge.owlapi:owlapi-rio:jar:6.0.0-SNAPSHOT in the shaded jar.
[INFO] Including net.sourceforge.owlapi:owlapi-api:jar:6.0.0-SNAPSHOT in the shaded jar.
[INFO] Excluding net.sourceforge.owlapi:owlapi-compatibility:jar:6.0.0-SNAPSHOT from the shaded jar.
[INFO] Excluding com.fasterxml.jackson.core:jackson-core:jar:2.8.5 from the shaded jar.
[INFO] Excluding com.fasterxml.jackson.core:jackson-databind:jar:2.8.5 from the shaded jar.
[INFO] Excluding com.fasterxml.jackson.core:jackson-annotations:jar:2.8.5 from the shaded jar.
[INFO] Excluding org.apache.commons:commons-rdf-api:jar:0.3.0-incubating from the shaded jar.
[INFO] Excluding org.tukaani:xz:jar:1.6 from the shaded jar.
[INFO] Excluding org.slf4j:slf4j-api:jar:1.7.22 from the shaded jar.
[INFO] Excluding org.slf4j:jcl-over-slf4j:jar:1.7.22 from the shaded jar.
[INFO] Excluding org.eclipse.rdf4j:rdf4j-model:jar:2.1.4 from the shaded jar.
[INFO] Excluding org.eclipse.rdf4j:rdf4j-rio-api:jar:2.1.4 from the shaded jar.
[INFO] Excluding org.eclipse.rdf4j:rdf4j-rio-languages:jar:2.1.4 from the shaded jar.
[INFO] Excluding org.eclipse.rdf4j:rdf4j-rio-datatypes:jar:2.1.4 from the shaded jar.
[INFO] Excluding org.eclipse.rdf4j:rdf4j-rio-binary:jar:2.1.4 from the shaded jar.
[INFO] Excluding org.eclipse.rdf4j:rdf4j-rio-n3:jar:2.1.4 from the shaded jar.
[INFO] Excluding org.eclipse.rdf4j:rdf4j-rio-nquads:jar:2.1.4 from the shaded jar.
[INFO] Excluding org.eclipse.rdf4j:rdf4j-rio-ntriples:jar:2.1.4 from the shaded jar.
[INFO] Excluding org.eclipse.rdf4j:rdf4j-rio-rdfjson:jar:2.1.4 from the shaded jar.
[INFO] Excluding org.eclipse.rdf4j:rdf4j-rio-jsonld:jar:2.1.4 from the shaded jar.
[INFO] Excluding org.eclipse.rdf4j:rdf4j-rio-rdfxml:jar:2.1.4 from the shaded jar.
[INFO] Excluding org.eclipse.rdf4j:rdf4j-rio-trix:jar:2.1.4 from the shaded jar.
[INFO] Excluding org.eclipse.rdf4j:rdf4j-rio-turtle:jar:2.1.4 from the shaded jar.
[INFO] Excluding org.eclipse.rdf4j:rdf4j-rio-trig:jar:2.1.4 from the shaded jar.
[INFO] Excluding org.eclipse.rdf4j:rdf4j-util:jar:2.1.4 from the shaded jar.
[INFO] Excluding com.github.jsonld-java:jsonld-java:jar:0.9.0 from the shaded jar.
[INFO] Excluding org.apache.httpcomponents:httpclient-osgi:jar:4.5.2 from the shaded jar.
[INFO] Excluding org.apache.httpcomponents:httpclient:jar:4.5.2 from the shaded jar.
[INFO] Excluding commons-codec:commons-codec:jar:1.9 from the shaded jar.
[INFO] Excluding org.apache.httpcomponents:httpmime:jar:4.5.2 from the shaded jar.
[INFO] Excluding org.apache.httpcomponents:httpclient-cache:jar:4.5.2 from the shaded jar.
[INFO] Excluding org.apache.httpcomponents:fluent-hc:jar:4.5.2 from the shaded jar.
[INFO] Excluding org.apache.httpcomponents:httpcore-osgi:jar:4.4.5 from the shaded jar.
[INFO] Excluding org.apache.httpcomponents:httpcore:jar:4.4.5 from the shaded jar.
[INFO] Excluding org.apache.httpcomponents:httpcore-nio:jar:4.4.5 from the shaded jar.
[INFO] Excluding net.sf.trove4j:trove4j:jar:3.0.3 from the shaded jar.
[INFO] Excluding com.github.ben-manes.caffeine:caffeine:jar:2.3.5 from the shaded jar.
[INFO] Excluding com.google.guava:guava:jar:20.0 from the shaded jar.
[INFO] Excluding com.google.inject:guice:jar:4.1.0 from the shaded jar.
[INFO] Excluding javax.inject:javax.inject:jar:1 from the shaded jar.
[INFO] Excluding aopalliance:aopalliance:jar:1.0 from the shaded jar.
[INFO] Excluding com.google.inject.extensions:guice-assistedinject:jar:4.1.0 from the shaded jar.
[INFO] Excluding com.google.inject.extensions:guice-multibindings:jar:4.1.0 from the shaded jar.
[INFO] Excluding com.google.code.findbugs:jsr305:jar:3.0.1 from the shaded jar.
[INFO] Excluding commons-io:commons-io:jar:2.5 from the shaded jar.
[INFO] Excluding com.squareup.okhttp3:okhttp:jar:3.5.0 from the shaded jar.
[INFO] Excluding com.squareup.okio:okio:jar:1.11.0 from the shaded jar.
[WARNING] owlapi-distribution-6.0.0-SNAPSHOT.jar, owlapi-oboformat-6.0.0-SNAPSHOT.jar define 76 overlapping classes: 
[WARNING]   - org.obolibrary.oboformat.parser.OBOFormatException
[WARNING]   - org.obolibrary.obo2owl.OWLAPIOwl2Obo
[WARNING]   - org.obolibrary.macro.MacroExpansionGCIVisitor$MacroExpansions
[WARNING]   - org.obolibrary.oboformat.diff.Diff
[WARNING]   - org.semanticweb.owlapi.oboformat.OBOFormatRenderer$1
[WARNING]   - org.obolibrary.obo2owl.IdTranslator
[WARNING]   - org.obolibrary.oboformat.model.Clause
[WARNING]   - org.obolibrary.oboformat.parser.XrefExpander$ReverseGenusDifferentiaExpansion
[WARNING]   - org.obolibrary.owl.LabelFunctionalSyntaxStorer
[WARNING]   - org.obolibrary.oboformat.model.FrameStructureException
[WARNING]   - 66 more...
[WARNING] owlapi-distribution-6.0.0-SNAPSHOT.jar, owlapi-tools-6.0.0-SNAPSHOT.jar define 136 overlapping classes: 
[WARNING]   - com.clarkparsia.owlapi.explanation.util.SilentExplanationProgressMonitor
[WARNING]   - uk.ac.manchester.cs.atomicdecomposition.package-info
[WARNING]   - uk.ac.manchester.cs.factplusplusad.OntologyBasedModularizer
[WARNING]   - org.semanticweb.owlapi.metrics.HiddenGCICount
[WARNING]   - org.semanticweb.owlapitools.decomposition.Modularizer
[WARNING]   - com.clarkparsia.owlapi.modularity.locality.SemanticLocalityEvaluator
[WARNING]   - uk.ac.manchester.cs.factplusplusad.Signature
[WARNING]   - org.semanticweb.owlapi.metrics.DoubleValuedMetric
[WARNING]   - org.semanticweb.owlapitools.decomposition.SigIndex
[WARNING]   - com.clarkparsia.owlapi.explanation.io.ExplanationRenderer
[WARNING]   - 126 more...
[WARNING] owlapi-distribution-6.0.0-SNAPSHOT.jar, owlapi-rio-6.0.0-SNAPSHOT.jar define 68 overlapping classes: 
[WARNING]   - org.semanticweb.owlapi.formats.N3DocumentFormatFactory
[WARNING]   - org.semanticweb.owlapi.formats.RioTurtleDocumentFormatFactory
[WARNING]   - org.semanticweb.owlapi.rio.RioStorer
[WARNING]   - org.semanticweb.owlapi.rio.RioOWLRDFParser
[WARNING]   - org.semanticweb.owlapi.rio.OWLAPIRDFFormat
[WARNING]   - org.semanticweb.owlapi.formats.N3DocumentFormat
[WARNING]   - org.semanticweb.owlapi.rio.RioFunctionalSyntaxParserFactory
[WARNING]   - org.semanticweb.owlapi.rio.RioTrigStorerFactory
[WARNING]   - org.semanticweb.owlapi.rio.RioManchesterSyntaxParserFactory
[WARNING]   - org.semanticweb.owlapi.rio.AbstractRioStorerFactory
[WARNING]   - 58 more...
[WARNING] owlapi-distribution-6.0.0-SNAPSHOT.jar, owlapi-apibinding-6.0.0-SNAPSHOT.jar define 3 overlapping classes: 
[WARNING]   - org.semanticweb.owlapi.apibinding.OWLManager
[WARNING]   - org.semanticweb.owlapi.apibinding.package-info
[WARNING]   - org.semanticweb.owlapi.apibinding.OWLFunctionalSyntaxFactory
[WARNING] owlapi-distribution-6.0.0-SNAPSHOT.jar, owlapi-api-6.0.0-SNAPSHOT.jar define 907 overlapping classes: 
[WARNING]   - org.semanticweb.owlapi.model.OWLPropertyAssertionObject
[WARNING]   - org.semanticweb.owlapi.model.OWLAnonymousClassExpression
[WARNING]   - org.semanticweb.owlapi.model.HasApplyChange
[WARNING]   - org.semanticweb.owlapi.util.InferredIndividualAxiomGenerator
[WARNING]   - org.semanticweb.owlapi.model.SWRLDArgument
[WARNING]   - org.semanticweb.owlapi.util.OWLOntologyWalkerVisitor
[WARNING]   - org.semanticweb.owlapi.model.providers.ExistentialProvider
[WARNING]   - org.semanticweb.owlapi.model.axiomproviders.PropertyCharacteristicAxiomProvider
[WARNING]   - org.semanticweb.owlapi.model.OWLObjectPropertyDomainAxiom
[WARNING]   - org.semanticweb.owlapi.io.SystemOutDocumentTarget
[WARNING]   - 897 more...
[WARNING] owlapi-distribution-6.0.0-SNAPSHOT.jar, owlapi-parsers-6.0.0-SNAPSHOT.jar define 442 overlapping classes: 
[WARNING]   - org.semanticweb.owlapi.rdf.rdfxml.parser.TripleHandlers$TPOneOfHandler
[WARNING]   - org.semanticweb.owlapi.krss2.renderer.KRSS2SyntaxRenderer
[WARNING]   - org.semanticweb.owlapi.owlxml.parser.DataOneOfEH
[WARNING]   - org.semanticweb.owlapi.rdf.rdfxml.renderer.package-info
[WARNING]   - org.semanticweb.owlapi.rdf.rdfxml.parser.Translators$ObjectMinCardinalityTranslator
[WARNING]   - org.semanticweb.owlapi.rdf.turtle.parser.TurtleParserException
[WARNING]   - org.semanticweb.owlapi.latex.renderer.LatexOWLObjectRenderer
[WARNING]   - org.semanticweb.owlapi.rdf.turtle.parser.OWLRDFConsumerAdapter
[WARNING]   - org.semanticweb.owlapi.owlxml.renderer.OWLXMLObjectRenderer
[WARNING]   - org.semanticweb.owlapi.owlxml.parser.IndividualEH
[WARNING]   - 432 more...
[WARNING] owlapi-distribution-6.0.0-SNAPSHOT.jar, owlapi-impl-6.0.0-SNAPSHOT.jar define 199 overlapping classes: 
[WARNING]   - org.semanticweb.owlapi.reasoner.impl.OWLNamedIndividualNodeSet
[WARNING]   - uk.ac.manchester.cs.owl.owlapi.SWRLIndividualArgumentImpl
[WARNING]   - uk.ac.manchester.cs.owl.owlapi.InitVisitorFactory$InitIndividualVisitor
[WARNING]   - uk.ac.manchester.cs.owl.owlapi.OWLDataAllValuesFromImpl
[WARNING]   - uk.ac.manchester.cs.owl.owlapi.concurrent.NonConcurrentOWLOntologyBuilder
[WARNING]   - uk.ac.manchester.cs.owl.owlapi.OWLImportsDeclarationImpl
[WARNING]   - uk.ac.manchester.cs.owl.owlapi.OWLSubPropertyAxiomImpl
[WARNING]   - uk.ac.manchester.cs.owl.owlapi.OWLSameIndividualAxiomImpl
[WARNING]   - uk.ac.manchester.cs.owl.owlapi.Internals$RemoveAxiomVisitor
[WARNING]   - uk.ac.manchester.cs.owl.owlapi.SWRLSameIndividualAtomImpl
[WARNING]   - 189 more...
[WARNING] maven-shade-plugin has detected that some class files are
[WARNING] present in two or more JARs. When this happens, only one
[WARNING] single version of the class is copied to the uber jar.
[WARNING] Usually this is not harmful and you can skip these warnings,
[WARNING] otherwise try to manually exclude artifacts based on
[WARNING] mvn dependency:tree -Ddetail=true and the above output.
[WARNING] See http://maven.apache.org/plugins/maven-shade-plugin/
[INFO] Replacing original artifact with shaded artifact.
[INFO] Replacing /home/travis/build/owlcs/owlapi/distribution/target/owlapi-distribution-6.0.0-SNAPSHOT.jar with /home/travis/build/owlcs/owlapi/distribution/target/owlapi-distribution-6.0.0-SNAPSHOT-shaded.jar
[INFO] Dependency-reduced POM written at: /home/travis/build/owlcs/owlapi/distribution/dependency-reduced-pom.xml
[INFO] 
[INFO] --- maven-javadoc-plugin:2.10.4:jar (attach-javadocs) @ owlapi-distribution ---
[INFO] Skipping javadoc generation
[INFO] 
[INFO] --- maven-javadoc-plugin:2.10.4:jar (attach-javadoc) @ owlapi-distribution ---
[INFO] Skipping javadoc generation
[INFO] 
[INFO] --- maven-assembly-plugin:3.0.0:single (attach-sources) @ owlapi-distribution ---
[INFO] Reading assembly descriptor: src/assembly/sources.xml
[INFO] Building jar: /home/travis/build/owlcs/owlapi/distribution/target/owlapi-distribution-6.0.0-SNAPSHOT-sources.jar
[INFO] 
[INFO] --- maven-failsafe-plugin:2.19.1:integration-test (default) @ owlapi-distribution ---
[INFO] Tests are skipped.
[INFO] 
[INFO] --- maven-failsafe-plugin:2.19.1:verify (default) @ owlapi-distribution ---
[INFO] Tests are skipped.
[INFO] 
[INFO] --- maven-install-plugin:2.5.2:install (default-install) @ owlapi-distribution ---
[INFO] Installing /home/travis/build/owlcs/owlapi/distribution/target/owlapi-distribution-6.0.0-SNAPSHOT.jar to /home/travis/.m2/repository/net/sourceforge/owlapi/owlapi-distribution/6.0.0-SNAPSHOT/owlapi-distribution-6.0.0-SNAPSHOT.jar
[INFO] Installing /home/travis/build/owlcs/owlapi/distribution/dependency-reduced-pom.xml to /home/travis/.m2/repository/net/sourceforge/owlapi/owlapi-distribution/6.0.0-SNAPSHOT/owlapi-distribution-6.0.0-SNAPSHOT.pom
[INFO] Installing /home/travis/build/owlcs/owlapi/distribution/target/owlapi-distribution-6.0.0-SNAPSHOT-sources.jar to /home/travis/.m2/repository/net/sourceforge/owlapi/owlapi-distribution/6.0.0-SNAPSHOT/owlapi-distribution-6.0.0-SNAPSHOT-sources.jar
[INFO] 
[INFO] --- maven-bundle-plugin:3.2.0:install (default-install) @ owlapi-distribution ---
[INFO] Installing net/sourceforge/owlapi/owlapi-distribution/6.0.0-SNAPSHOT/owlapi-distribution-6.0.0-SNAPSHOT.jar
[INFO] Installing net/sourceforge/owlapi/owlapi-distribution/6.0.0-SNAPSHOT/owlapi-distribution-6.0.0-SNAPSHOT-sources.jar
[INFO] Writing OBR metadata
[INFO]                                                                         
[INFO] ------------------------------------------------------------------------
[INFO] Building OWLAPI :: OSGi and Compatibility Distribution 6.0.0-SNAPSHOT
[INFO] ------------------------------------------------------------------------
[INFO] 
[INFO] --- maven-enforcer-plugin:1.0:enforce (enforce-maven) @ owlapi-osgidistribution ---
[INFO] 
[INFO] --- maven-resources-plugin:3.0.1:resources (default-resources) @ owlapi-osgidistribution ---
[INFO] Using 'UTF-8' encoding to copy filtered resources.
[INFO] skip non existing resourceDirectory /home/travis/build/owlcs/owlapi/osgidistribution/src/main/resources
[INFO] 
[INFO] --- maven-compiler-plugin:3.6.0:compile (default-compile) @ owlapi-osgidistribution ---
[INFO] Changes detected - recompiling the module!
[INFO] Compiling 1 source file to /home/travis/build/owlcs/owlapi/osgidistribution/target/classes
[INFO] 
[INFO] --- maven-resources-plugin:3.0.1:testResources (default-testResources) @ owlapi-osgidistribution ---
[INFO] Using 'UTF-8' encoding to copy filtered resources.
[INFO] Copying 2 resources
[INFO] 
[INFO] --- maven-compiler-plugin:3.6.0:testCompile (default-testCompile) @ owlapi-osgidistribution ---
[INFO] Changes detected - recompiling the module!
[INFO] Compiling 4 source files to /home/travis/build/owlcs/owlapi/osgidistribution/target/test-classes
[INFO] 
[INFO] --- maven-surefire-plugin:2.19.1:test (default-test) @ owlapi-osgidistribution ---
[INFO] Tests are skipped.
[INFO] 
[INFO] --- maven-bundle-plugin:3.2.0:bundle (default-bundle) @ owlapi-osgidistribution ---
[WARNING] Bundle net.sourceforge.owlapi:owlapi-osgidistribution:bundle:6.0.0-SNAPSHOT : Export com.clarkparsia.owlapi.explanation,  has 1,  private references [javax.annotation], 
[WARNING] Bundle net.sourceforge.owlapi:owlapi-osgidistribution:bundle:6.0.0-SNAPSHOT : Export com.clarkparsia.owlapi.explanation.io,  has 1,  private references [javax.annotation], 
[WARNING] Bundle net.sourceforge.owlapi:owlapi-osgidistribution:bundle:6.0.0-SNAPSHOT : Export org.semanticweb.owlapi,  has 1,  private references [javax.annotation], 
[WARNING] Bundle net.sourceforge.owlapi:owlapi-osgidistribution:bundle:6.0.0-SNAPSHOT : Export org.semanticweb.owlapi.apibinding,  has 1,  private references [javax.annotation], 
[WARNING] Bundle net.sourceforge.owlapi:owlapi-osgidistribution:bundle:6.0.0-SNAPSHOT : Export org.semanticweb.owlapi.change,  has 1,  private references [javax.annotation], 
[WARNING] Bundle net.sourceforge.owlapi:owlapi-osgidistribution:bundle:6.0.0-SNAPSHOT : Export org.semanticweb.owlapi.debugging,  has 1,  private references [javax.annotation], 
[WARNING] Bundle net.sourceforge.owlapi:owlapi-osgidistribution:bundle:6.0.0-SNAPSHOT : Export org.semanticweb.owlapi.dlsyntax.renderer,  has 1,  private references [javax.annotation], 
[WARNING] Bundle net.sourceforge.owlapi:owlapi-osgidistribution:bundle:6.0.0-SNAPSHOT : Export org.semanticweb.owlapi.expression,  has 1,  private references [javax.annotation], 
[WARNING] Bundle net.sourceforge.owlapi:owlapi-osgidistribution:bundle:6.0.0-SNAPSHOT : Export org.semanticweb.owlapi.formats,  has 2,  private references [org.eclipse.rdf4j.rio, javax.annotation], 
[WARNING] Bundle net.sourceforge.owlapi:owlapi-osgidistribution:bundle:6.0.0-SNAPSHOT : Export org.semanticweb.owlapi.functional.renderer,  has 1,  private references [javax.annotation], 
[WARNING] Bundle net.sourceforge.owlapi:owlapi-osgidistribution:bundle:6.0.0-SNAPSHOT : Export org.semanticweb.owlapi.io,  has 3,  private references [org.apache.commons.rdf.api, org.tukaani.xz, javax.annotation], 
[WARNING] Bundle net.sourceforge.owlapi:owlapi-osgidistribution:bundle:6.0.0-SNAPSHOT : Export org.semanticweb.owlapi.krss2.renderer,  has 1,  private references [javax.annotation], 
[WARNING] Bundle net.sourceforge.owlapi:owlapi-osgidistribution:bundle:6.0.0-SNAPSHOT : Export org.semanticweb.owlapi.manchestersyntax.parser,  has 1,  private references [javax.annotation], 
[WARNING] Bundle net.sourceforge.owlapi:owlapi-osgidistribution:bundle:6.0.0-SNAPSHOT : Export org.semanticweb.owlapi.manchestersyntax.renderer,  has 1,  private references [javax.annotation], 
[WARNING] Bundle net.sourceforge.owlapi:owlapi-osgidistribution:bundle:6.0.0-SNAPSHOT : Export org.semanticweb.owlapi.model,  has 2,  private references [org.apache.commons.rdf.api, javax.annotation], 
[WARNING] Bundle net.sourceforge.owlapi:owlapi-osgidistribution:bundle:6.0.0-SNAPSHOT : Export org.semanticweb.owlapi.model.parameters,  has 1,  private references [javax.annotation], 
[WARNING] Bundle net.sourceforge.owlapi:owlapi-osgidistribution:bundle:6.0.0-SNAPSHOT : Export org.semanticweb.owlapi.model.providers,  has 1,  private references [javax.annotation], 
[WARNING] Bundle net.sourceforge.owlapi:owlapi-osgidistribution:bundle:6.0.0-SNAPSHOT : Export org.semanticweb.owlapi.profiles,  has 1,  private references [javax.annotation], 
[WARNING] Bundle net.sourceforge.owlapi:owlapi-osgidistribution:bundle:6.0.0-SNAPSHOT : Export org.semanticweb.owlapi.profiles.violations,  has 1,  private references [javax.annotation], 
[WARNING] Bundle net.sourceforge.owlapi:owlapi-osgidistribution:bundle:6.0.0-SNAPSHOT : Export org.semanticweb.owlapi.rdf,  has 1,  private references [javax.annotation], 
[WARNING] Bundle net.sourceforge.owlapi:owlapi-osgidistribution:bundle:6.0.0-SNAPSHOT : Export org.semanticweb.owlapi.rdf.model,  has 1,  private references [javax.annotation], 
[WARNING] Bundle net.sourceforge.owlapi:owlapi-osgidistribution:bundle:6.0.0-SNAPSHOT : Export org.semanticweb.owlapi.rdf.rdfxml.parser,  has 1,  private references [javax.annotation], 
[WARNING] Bundle net.sourceforge.owlapi:owlapi-osgidistribution:bundle:6.0.0-SNAPSHOT : Export org.semanticweb.owlapi.rdf.rdfxml.renderer,  has 1,  private references [javax.annotation], 
[WARNING] Bundle net.sourceforge.owlapi:owlapi-osgidistribution:bundle:6.0.0-SNAPSHOT : Export org.semanticweb.owlapi.rdf.turtle.parser,  has 1,  private references [javax.annotation], 
[WARNING] Bundle net.sourceforge.owlapi:owlapi-osgidistribution:bundle:6.0.0-SNAPSHOT : Export org.semanticweb.owlapi.reasoner,  has 1,  private references [javax.annotation], 
[WARNING] Bundle net.sourceforge.owlapi:owlapi-osgidistribution:bundle:6.0.0-SNAPSHOT : Export org.semanticweb.owlapi.reasoner.impl,  has 1,  private references [javax.annotation], 
[WARNING] Bundle net.sourceforge.owlapi:owlapi-osgidistribution:bundle:6.0.0-SNAPSHOT : Export org.semanticweb.owlapi.rio,  has 6,  private references [org.eclipse.rdf4j.common.iteration, org.eclipse.rdf4j.rio, org.eclipse.rdf4j.model, org.eclipse.rdf4j, javax.annotation, org.eclipse.rdf4j.rio.helpers], 
[WARNING] Bundle net.sourceforge.owlapi:owlapi-osgidistribution:bundle:6.0.0-SNAPSHOT : Export org.semanticweb.owlapi.rio.utils,  has 2,  private references [org.eclipse.rdf4j.model, javax.annotation], 
[WARNING] Bundle net.sourceforge.owlapi:owlapi-osgidistribution:bundle:6.0.0-SNAPSHOT : Export org.semanticweb.owlapi.search,  has 1,  private references [javax.annotation], 
[WARNING] Bundle net.sourceforge.owlapi:owlapi-osgidistribution:bundle:6.0.0-SNAPSHOT : Export org.semanticweb.owlapi.util,  has 1,  private references [javax.annotation], 
[WARNING] Bundle net.sourceforge.owlapi:owlapi-osgidistribution:bundle:6.0.0-SNAPSHOT : Export org.semanticweb.owlapi.util.mansyntax,  has 1,  private references [javax.annotation], 
[WARNING] Bundle net.sourceforge.owlapi:owlapi-osgidistribution:bundle:6.0.0-SNAPSHOT : Export org.semanticweb.owlapi.vocab,  has 1,  private references [javax.annotation], 
[WARNING] Bundle net.sourceforge.owlapi:owlapi-osgidistribution:bundle:6.0.0-SNAPSHOT : Export org.semanticweb.owlapitools.builders,  has 1,  private references [javax.annotation], 
[WARNING] Bundle net.sourceforge.owlapi:owlapi-osgidistribution:bundle:6.0.0-SNAPSHOT : Export org.semanticweb.owlapitools.decomposition,  has 1,  private references [javax.annotation], 
[WARNING] Bundle net.sourceforge.owlapi:owlapi-osgidistribution:bundle:6.0.0-SNAPSHOT : Export uk.ac.manchester.cs.atomicdecomposition,  has 1,  private references [javax.annotation], 
[WARNING] Bundle net.sourceforge.owlapi:owlapi-osgidistribution:bundle:6.0.0-SNAPSHOT : Export uk.ac.manchester.cs.chainsaw,  has 2,  private references [gnu.trove.list, javax.annotation], 
[WARNING] Bundle net.sourceforge.owlapi:owlapi-osgidistribution:bundle:6.0.0-SNAPSHOT : Export uk.ac.manchester.cs.owl.explanation.ordering,  has 1,  private references [javax.annotation], 
[WARNING] Bundle net.sourceforge.owlapi:owlapi-osgidistribution:bundle:6.0.0-SNAPSHOT : Export uk.ac.manchester.cs.owl.owlapi,  has 2,  private references [com.github.benmanes.caffeine.cache, javax.annotation], 
[WARNING] Bundle net.sourceforge.owlapi:owlapi-osgidistribution:bundle:6.0.0-SNAPSHOT : Export uk.ac.manchester.cs.owl.owlapi.concurrent,  has 1,  private references [javax.annotation], 
[WARNING] Bundle net.sourceforge.owlapi:owlapi-osgidistribution:bundle:6.0.0-SNAPSHOT : Export uk.ac.manchester.cs.owlapi.modularity,  has 1,  private references [javax.annotation], 
[WARNING] Bundle net.sourceforge.owlapi:owlapi-osgidistribution:bundle:6.0.0-SNAPSHOT : Export org.obolibrary.macro,  has 1,  private references [javax.annotation], 
[WARNING] Bundle net.sourceforge.owlapi:owlapi-osgidistribution:bundle:6.0.0-SNAPSHOT : Export org.obolibrary.obo2owl,  has 1,  private references [javax.annotation], 
[WARNING] Bundle net.sourceforge.owlapi:owlapi-osgidistribution:bundle:6.0.0-SNAPSHOT : Export org.obolibrary.oboformat.diff,  has 1,  private references [javax.annotation], 
[WARNING] Bundle net.sourceforge.owlapi:owlapi-osgidistribution:bundle:6.0.0-SNAPSHOT : Export org.obolibrary.oboformat.model,  has 1,  private references [javax.annotation], 
[WARNING] Bundle net.sourceforge.owlapi:owlapi-osgidistribution:bundle:6.0.0-SNAPSHOT : Export org.obolibrary.oboformat.parser,  has 1,  private references [javax.annotation], 
[WARNING] Bundle net.sourceforge.owlapi:owlapi-osgidistribution:bundle:6.0.0-SNAPSHOT : Export org.obolibrary.oboformat.writer,  has 2,  private references [javax.annotation, gnu.trove.map.hash], 
[WARNING] Bundle net.sourceforge.owlapi:owlapi-osgidistribution:bundle:6.0.0-SNAPSHOT : Export org.obolibrary.owl,  has 1,  private references [javax.annotation], 
[WARNING] Bundle net.sourceforge.owlapi:owlapi-osgidistribution:bundle:6.0.0-SNAPSHOT : Export org.coode.owlapi.manchesterowlsyntax,  has 1,  private references [javax.annotation], 
[WARNING] Bundle net.sourceforge.owlapi:owlapi-osgidistribution:bundle:6.0.0-SNAPSHOT : Export org.coode.owlapi.obo12.parser,  has 1,  private references [javax.annotation], 
[INFO] 
[INFO] >>> maven-source-plugin:3.0.1:jar (attach-sources) > generate-sources @ owlapi-osgidistribution >>>
[INFO] 
[INFO] --- maven-enforcer-plugin:1.0:enforce (enforce-maven) @ owlapi-osgidistribution ---
[INFO] 
[INFO] <<< maven-source-plugin:3.0.1:jar (attach-sources) < generate-sources @ owlapi-osgidistribution <<<
[INFO] 
[INFO] --- maven-source-plugin:3.0.1:jar (attach-sources) @ owlapi-osgidistribution ---
[INFO] Building jar: /home/travis/build/owlcs/owlapi/osgidistribution/target/owlapi-osgidistribution-6.0.0-SNAPSHOT-sources.jar
[INFO] 
[INFO] --- maven-javadoc-plugin:2.10.4:jar (attach-javadocs) @ owlapi-osgidistribution ---
[INFO] Skipping javadoc generation
[INFO] 
[INFO] --- maven-javadoc-plugin:2.10.4:jar (attach-javadoc) @ owlapi-osgidistribution ---
[INFO] Skipping javadoc generation
[INFO] 
[INFO] --- maven-shade-plugin:2.4.3:shade (default) @ owlapi-osgidistribution ---
[INFO] Including net.sourceforge.owlapi:owlapi-apibinding:jar:6.0.0-SNAPSHOT in the shaded jar.
[INFO] Including net.sourceforge.owlapi:owlapi-tools:jar:6.0.0-SNAPSHOT in the shaded jar.
[INFO] Including net.sourceforge.owlapi:owlapi-impl:jar:6.0.0-SNAPSHOT in the shaded jar.
[INFO] Including net.sourceforge.owlapi:owlapi-parsers:jar:6.0.0-SNAPSHOT in the shaded jar.
[INFO] Including net.sourceforge.owlapi:owlapi-oboformat:jar:6.0.0-SNAPSHOT in the shaded jar.
[INFO] Including net.sourceforge.owlapi:owlapi-rio:jar:6.0.0-SNAPSHOT in the shaded jar.
[INFO] Including net.sourceforge.owlapi:owlapi-api:jar:6.0.0-SNAPSHOT in the shaded jar.
[INFO] Including net.sourceforge.owlapi:owlapi-compatibility:jar:6.0.0-SNAPSHOT in the shaded jar.
[INFO] Excluding com.google.code.findbugs:jsr305:jar:3.0.1 from the shaded jar.
[INFO] Excluding com.fasterxml.jackson.core:jackson-core:jar:2.8.5 from the shaded jar.
[INFO] Excluding com.fasterxml.jackson.core:jackson-databind:jar:2.8.5 from the shaded jar.
[INFO] Excluding com.fasterxml.jackson.core:jackson-annotations:jar:2.8.5 from the shaded jar.
[INFO] Excluding org.apache.commons:commons-rdf-api:jar:0.3.0-incubating from the shaded jar.
[INFO] Excluding org.tukaani:xz:jar:1.6 from the shaded jar.
[INFO] Excluding org.slf4j:slf4j-api:jar:1.7.22 from the shaded jar.
[INFO] Excluding org.slf4j:jcl-over-slf4j:jar:1.7.22 from the shaded jar.
[INFO] Excluding org.eclipse.rdf4j:rdf4j-model:jar:2.1.4 from the shaded jar.
[INFO] Excluding org.eclipse.rdf4j:rdf4j-rio-api:jar:2.1.4 from the shaded jar.
[INFO] Excluding org.eclipse.rdf4j:rdf4j-rio-languages:jar:2.1.4 from the shaded jar.
[INFO] Excluding org.eclipse.rdf4j:rdf4j-rio-datatypes:jar:2.1.4 from the shaded jar.
[INFO] Excluding org.eclipse.rdf4j:rdf4j-rio-binary:jar:2.1.4 from the shaded jar.
[INFO] Excluding org.eclipse.rdf4j:rdf4j-rio-n3:jar:2.1.4 from the shaded jar.
[INFO] Excluding org.eclipse.rdf4j:rdf4j-rio-nquads:jar:2.1.4 from the shaded jar.
[INFO] Excluding org.eclipse.rdf4j:rdf4j-rio-ntriples:jar:2.1.4 from the shaded jar.
[INFO] Excluding org.eclipse.rdf4j:rdf4j-rio-rdfjson:jar:2.1.4 from the shaded jar.
[INFO] Excluding org.eclipse.rdf4j:rdf4j-rio-jsonld:jar:2.1.4 from the shaded jar.
[INFO] Excluding org.eclipse.rdf4j:rdf4j-rio-rdfxml:jar:2.1.4 from the shaded jar.
[INFO] Excluding org.eclipse.rdf4j:rdf4j-rio-trix:jar:2.1.4 from the shaded jar.
[INFO] Excluding org.eclipse.rdf4j:rdf4j-rio-turtle:jar:2.1.4 from the shaded jar.
[INFO] Excluding org.eclipse.rdf4j:rdf4j-rio-trig:jar:2.1.4 from the shaded jar.
[INFO] Excluding org.eclipse.rdf4j:rdf4j-util:jar:2.1.4 from the shaded jar.
[INFO] Excluding com.github.jsonld-java:jsonld-java:jar:0.9.0 from the shaded jar.
[INFO] Excluding org.apache.httpcomponents:httpclient-osgi:jar:4.5.2 from the shaded jar.
[INFO] Excluding org.apache.httpcomponents:httpmime:jar:4.5.2 from the shaded jar.
[INFO] Excluding org.apache.httpcomponents:fluent-hc:jar:4.5.2 from the shaded jar.
[INFO] Excluding org.apache.httpcomponents:httpcore-osgi:jar:4.4.5 from the shaded jar.
[INFO] Excluding org.apache.httpcomponents:httpcore-nio:jar:4.4.5 from the shaded jar.
[INFO] Excluding org.apache.httpcomponents:httpclient:jar:4.5.2 from the shaded jar.
[INFO] Excluding org.apache.httpcomponents:httpclient-cache:jar:4.5.2 from the shaded jar.
[INFO] Excluding org.apache.httpcomponents:httpcore:jar:4.4.5 from the shaded jar.
[INFO] Excluding commons-codec:commons-codec:jar:1.10 from the shaded jar.
[INFO] Excluding commons-logging:commons-logging:jar:1.2 from the shaded jar.
[INFO] Excluding commons-io:commons-io:jar:2.5 from the shaded jar.
[INFO] Excluding net.sf.trove4j:trove4j:jar:3.0.3 from the shaded jar.
[INFO] Excluding com.google.guava:guava:jar:20.0 from the shaded jar.
[INFO] Excluding com.google.inject:guice:jar:4.1.0 from the shaded jar.
[INFO] Excluding javax.inject:javax.inject:jar:1 from the shaded jar.
[INFO] Excluding aopalliance:aopalliance:jar:1.0 from the shaded jar.
[INFO] Excluding com.google.inject.extensions:guice-assistedinject:jar:4.1.0 from the shaded jar.
[INFO] Excluding com.google.inject.extensions:guice-multibindings:jar:4.1.0 from the shaded jar.
[INFO] Excluding com.github.ben-manes.caffeine:caffeine:jar:2.3.5 from the shaded jar.
[INFO] Excluding com.squareup.okhttp3:okhttp:jar:3.5.0 from the shaded jar.
[INFO] Excluding com.squareup.okio:okio:jar:1.11.0 from the shaded jar.
[INFO] Excluding org.apache.servicemix.bundles:org.apache.servicemix.bundles.javax-inject:jar:1_2 from the shaded jar.
[INFO] Excluding org.apache.servicemix.bundles:org.apache.servicemix.bundles.aopalliance:jar:1.0_6 from the shaded jar.
[WARNING] owlapi-osgidistribution-6.0.0-SNAPSHOT.jar, owlapi-impl-6.0.0-SNAPSHOT.jar define 199 overlapping classes: 
[WARNING]   - org.semanticweb.owlapi.reasoner.impl.OWLNamedIndividualNodeSet
[WARNING]   - uk.ac.manchester.cs.owl.owlapi.SWRLIndividualArgumentImpl
[WARNING]   - uk.ac.manchester.cs.owl.owlapi.InitVisitorFactory$InitIndividualVisitor
[WARNING]   - uk.ac.manchester.cs.owl.owlapi.OWLDataAllValuesFromImpl
[WARNING]   - uk.ac.manchester.cs.owl.owlapi.concurrent.NonConcurrentOWLOntologyBuilder
[WARNING]   - uk.ac.manchester.cs.owl.owlapi.OWLImportsDeclarationImpl
[WARNING]   - uk.ac.manchester.cs.owl.owlapi.OWLSubPropertyAxiomImpl
[WARNING]   - uk.ac.manchester.cs.owl.owlapi.OWLSameIndividualAxiomImpl
[WARNING]   - uk.ac.manchester.cs.owl.owlapi.Internals$RemoveAxiomVisitor
[WARNING]   - uk.ac.manchester.cs.owl.owlapi.SWRLSameIndividualAtomImpl
[WARNING]   - 189 more...
[WARNING] owlapi-osgidistribution-6.0.0-SNAPSHOT.jar, owlapi-parsers-6.0.0-SNAPSHOT.jar define 442 overlapping classes: 
[WARNING]   - org.semanticweb.owlapi.rdf.rdfxml.parser.TripleHandlers$TPOneOfHandler
[WARNING]   - org.semanticweb.owlapi.krss2.renderer.KRSS2SyntaxRenderer
[WARNING]   - org.semanticweb.owlapi.owlxml.parser.DataOneOfEH
[WARNING]   - org.semanticweb.owlapi.rdf.rdfxml.renderer.package-info
[WARNING]   - org.semanticweb.owlapi.rdf.rdfxml.parser.Translators$ObjectMinCardinalityTranslator
[WARNING]   - org.semanticweb.owlapi.rdf.turtle.parser.TurtleParserException
[WARNING]   - org.semanticweb.owlapi.latex.renderer.LatexOWLObjectRenderer
[WARNING]   - org.semanticweb.owlapi.rdf.turtle.parser.OWLRDFConsumerAdapter
[WARNING]   - org.semanticweb.owlapi.owlxml.renderer.OWLXMLObjectRenderer
[WARNING]   - org.semanticweb.owlapi.owlxml.parser.IndividualEH
[WARNING]   - 432 more...
[WARNING] owlapi-api-6.0.0-SNAPSHOT.jar, owlapi-osgidistribution-6.0.0-SNAPSHOT.jar define 907 overlapping classes: 
[WARNING]   - org.semanticweb.owlapi.model.OWLPropertyAssertionObject
[WARNING]   - org.semanticweb.owlapi.model.OWLAnonymousClassExpression
[WARNING]   - org.semanticweb.owlapi.model.HasApplyChange
[WARNING]   - org.semanticweb.owlapi.util.InferredIndividualAxiomGenerator
[WARNING]   - org.semanticweb.owlapi.model.SWRLDArgument
[WARNING]   - org.semanticweb.owlapi.util.OWLOntologyWalkerVisitor
[WARNING]   - org.semanticweb.owlapi.model.providers.ExistentialProvider
[WARNING]   - org.semanticweb.owlapi.model.axiomproviders.PropertyCharacteristicAxiomProvider
[WARNING]   - org.semanticweb.owlapi.model.OWLObjectPropertyDomainAxiom
[WARNING]   - org.semanticweb.owlapi.io.SystemOutDocumentTarget
[WARNING]   - 897 more...
[WARNING] owlapi-osgidistribution-6.0.0-SNAPSHOT.jar, owlapi-oboformat-6.0.0-SNAPSHOT.jar define 76 overlapping classes: 
[WARNING]   - org.obolibrary.oboformat.parser.OBOFormatException
[WARNING]   - org.obolibrary.obo2owl.OWLAPIOwl2Obo
[WARNING]   - org.obolibrary.macro.MacroExpansionGCIVisitor$MacroExpansions
[WARNING]   - org.obolibrary.oboformat.diff.Diff
[WARNING]   - org.semanticweb.owlapi.oboformat.OBOFormatRenderer$1
[WARNING]   - org.obolibrary.obo2owl.IdTranslator
[WARNING]   - org.obolibrary.oboformat.model.Clause
[WARNING]   - org.obolibrary.oboformat.parser.XrefExpander$ReverseGenusDifferentiaExpansion
[WARNING]   - org.obolibrary.owl.LabelFunctionalSyntaxStorer
[WARNING]   - org.obolibrary.oboformat.model.FrameStructureException
[WARNING]   - 66 more...
[WARNING] owlapi-osgidistribution-6.0.0-SNAPSHOT.jar, owlapi-tools-6.0.0-SNAPSHOT.jar define 136 overlapping classes: 
[WARNING]   - com.clarkparsia.owlapi.explanation.util.SilentExplanationProgressMonitor
[WARNING]   - uk.ac.manchester.cs.atomicdecomposition.package-info
[WARNING]   - uk.ac.manchester.cs.factplusplusad.OntologyBasedModularizer
[WARNING]   - org.semanticweb.owlapi.metrics.HiddenGCICount
[WARNING]   - org.semanticweb.owlapitools.decomposition.Modularizer
[WARNING]   - com.clarkparsia.owlapi.modularity.locality.SemanticLocalityEvaluator
[WARNING]   - uk.ac.manchester.cs.factplusplusad.Signature
[WARNING]   - org.semanticweb.owlapi.metrics.DoubleValuedMetric
[WARNING]   - org.semanticweb.owlapitools.decomposition.SigIndex
[WARNING]   - com.clarkparsia.owlapi.explanation.io.ExplanationRenderer
[WARNING]   - 126 more...
[WARNING] owlapi-compatibility-6.0.0-SNAPSHOT.jar, owlapi-osgidistribution-6.0.0-SNAPSHOT.jar define 98 overlapping classes: 
[WARNING]   - org.coode.owlapi.obo12.parser.OBOIdType$1
[WARNING]   - uk.ac.manchester.cs.owlapi.dlsyntax.DLSyntaxHTMLOntologyFormat
[WARNING]   - org.coode.owl.krssparser.KRSSOntologyFormat
[WARNING]   - org.coode.owlapi.obo12.parser.XRefTagHandler
[WARNING]   - org.coode.owlapi.obo12.parser.IDSpaceTagValueHandler
[WARNING]   - org.coode.owlapi.obo12.parser.OBOIdTranslator
[WARNING]   - org.coode.owlapi.obo12.parser.OntologyTagValueHandler
[WARNING]   - org.coode.owlapi.obo12.parser.OBOIdType$OBOIIdTranslator
[WARNING]   - org.coode.owlapi.obo12.parser.OBO12DocumentFormat
[WARNING]   - org.coode.owlapi.obo12.parser.PartOfTagValueHandler
[WARNING]   - 88 more...
[WARNING] owlapi-rio-6.0.0-SNAPSHOT.jar, owlapi-osgidistribution-6.0.0-SNAPSHOT.jar define 68 overlapping classes: 
[WARNING]   - org.semanticweb.owlapi.formats.N3DocumentFormatFactory
[WARNING]   - org.semanticweb.owlapi.formats.RioTurtleDocumentFormatFactory
[WARNING]   - org.semanticweb.owlapi.rio.RioStorer
[WARNING]   - org.semanticweb.owlapi.rio.RioOWLRDFParser
[WARNING]   - org.semanticweb.owlapi.rio.OWLAPIRDFFormat
[WARNING]   - org.semanticweb.owlapi.formats.N3DocumentFormat
[WARNING]   - org.semanticweb.owlapi.rio.RioFunctionalSyntaxParserFactory
[WARNING]   - org.semanticweb.owlapi.rio.RioTrigStorerFactory
[WARNING]   - org.semanticweb.owlapi.rio.RioManchesterSyntaxParserFactory
[WARNING]   - org.semanticweb.owlapi.rio.AbstractRioStorerFactory
[WARNING]   - 58 more...
[WARNING] owlapi-osgidistribution-6.0.0-SNAPSHOT.jar, owlapi-apibinding-6.0.0-SNAPSHOT.jar define 3 overlapping classes: 
[WARNING]   - org.semanticweb.owlapi.apibinding.OWLManager
[WARNING]   - org.semanticweb.owlapi.apibinding.package-info
[WARNING]   - org.semanticweb.owlapi.apibinding.OWLFunctionalSyntaxFactory
[WARNING] maven-shade-plugin has detected that some class files are
[WARNING] present in two or more JARs. When this happens, only one
[WARNING] single version of the class is copied to the uber jar.
[WARNING] Usually this is not harmful and you can skip these warnings,
[WARNING] otherwise try to manually exclude artifacts based on
[WARNING] mvn dependency:tree -Ddetail=true and the above output.
[WARNING] See http://maven.apache.org/plugins/maven-shade-plugin/
[INFO] Replacing original artifact with shaded artifact.
[INFO] Replacing /home/travis/build/owlcs/owlapi/osgidistribution/target/owlapi-osgidistribution-6.0.0-SNAPSHOT.jar with /home/travis/build/owlcs/owlapi/osgidistribution/target/owlapi-osgidistribution-6.0.0-SNAPSHOT-shaded.jar
[INFO] Dependency-reduced POM written at: /home/travis/build/owlcs/owlapi/osgidistribution/dependency-reduced-pom.xml
[INFO] 
[INFO] --- maven-assembly-plugin:3.0.0:single (attach-sources) @ owlapi-osgidistribution ---
[INFO] Reading assembly descriptor: src/assembly/sources.xml
[INFO] Building jar: /home/travis/build/owlcs/owlapi/osgidistribution/target/owlapi-osgidistribution-6.0.0-SNAPSHOT-sources.jar
[INFO] 
[INFO] --- maven-failsafe-plugin:2.19.1:integration-test (default) @ owlapi-osgidistribution ---
[INFO] Tests are skipped.
[INFO] 
[INFO] --- maven-failsafe-plugin:2.19.1:verify (default) @ owlapi-osgidistribution ---
[INFO] Tests are skipped.
[INFO] 
[INFO] --- maven-install-plugin:2.5.2:install (default-install) @ owlapi-osgidistribution ---
[INFO] Installing /home/travis/build/owlcs/owlapi/osgidistribution/target/owlapi-osgidistribution-6.0.0-SNAPSHOT.jar to /home/travis/.m2/repository/net/sourceforge/owlapi/owlapi-osgidistribution/6.0.0-SNAPSHOT/owlapi-osgidistribution-6.0.0-SNAPSHOT.jar
[INFO] Installing /home/travis/build/owlcs/owlapi/osgidistribution/dependency-reduced-pom.xml to /home/travis/.m2/repository/net/sourceforge/owlapi/owlapi-osgidistribution/6.0.0-SNAPSHOT/owlapi-osgidistribution-6.0.0-SNAPSHOT.pom
[INFO] Installing /home/travis/build/owlcs/owlapi/osgidistribution/target/owlapi-osgidistribution-6.0.0-SNAPSHOT-sources.jar to /home/travis/.m2/repository/net/sourceforge/owlapi/owlapi-osgidistribution/6.0.0-SNAPSHOT/owlapi-osgidistribution-6.0.0-SNAPSHOT-sources.jar
[INFO] Installing /home/travis/build/owlcs/owlapi/osgidistribution/target/owlapi-osgidistribution-6.0.0-SNAPSHOT-sources.jar to /home/travis/.m2/repository/net/sourceforge/owlapi/owlapi-osgidistribution/6.0.0-SNAPSHOT/owlapi-osgidistribution-6.0.0-SNAPSHOT-sources.jar
[INFO] 
[INFO] --- maven-bundle-plugin:3.2.0:install (default-install) @ owlapi-osgidistribution ---
[INFO] Installing net/sourceforge/owlapi/owlapi-osgidistribution/6.0.0-SNAPSHOT/owlapi-osgidistribution-6.0.0-SNAPSHOT.jar
[INFO] Installing net/sourceforge/owlapi/owlapi-osgidistribution/6.0.0-SNAPSHOT/owlapi-osgidistribution-6.0.0-SNAPSHOT-sources.jar
[INFO] Writing OBR metadata
[INFO] ------------------------------------------------------------------------
[INFO] Reactor Summary:
[INFO] 
[INFO] OWLAPI ............................................. SUCCESS [  3.392 s]
[INFO] OWLAPI :: Interfaces ............................... SUCCESS [ 22.194 s]
[INFO] OWLAPI :: Default Implementation ................... SUCCESS [  8.538 s]
[INFO] OWLAPI :: Atomic Decomposition and Explanation ..... SUCCESS [  2.644 s]
[INFO] OWLAPI :: Parsers .................................. SUCCESS [  4.802 s]
[INFO] OWLAPI :: OBO Format ............................... SUCCESS [  0.803 s]
[INFO] OWLAPI :: RDF4J Rio ................................ SUCCESS [  0.549 s]
[INFO] OWLAPI :: Binding and Config ....................... SUCCESS [  0.210 s]
[INFO] OWLAPI :: Compatibility ............................ SUCCESS [  0.713 s]
[INFO] OWLAPI :: Tests and Tutorials ...................... SUCCESS [  6.038 s]
[INFO] OWLAPI :: Distribution ............................. SUCCESS [ 13.511 s]
[INFO] OWLAPI :: OSGi and Compatibility Distribution ...... SUCCESS [ 14.621 s]
[INFO] ------------------------------------------------------------------------
[INFO] BUILD SUCCESS
[INFO] ------------------------------------------------------------------------
[INFO] Total time: 01:21 min
[INFO] Finished at: 2017-01-16T08:18:58+00:00
[INFO] Final Memory: 55M/408M
[INFO] ------------------------------------------------------------------------

travis_time:end:1f12af0d:start=1484554654742353387,finish=1484554739464397524,duration=84722044137[0Ktravis_fold:end:install[0Ktravis_time:start:32b6a378[0K$ mvn verify
Java HotSpot(TM) 64-Bit Server VM warning: ignoring option MaxPermSize=192m; support was removed in 8.0
[INFO] Scanning for projects...
[INFO] Inspecting build with total of 12 modules...
[INFO] Installing Nexus Staging features:
[INFO]   ... total of 12 executions of maven-deploy-plugin replaced with nexus-staging-maven-plugin
[INFO] ------------------------------------------------------------------------
[INFO] Reactor Build Order:
[INFO] 
[INFO] OWLAPI
[INFO] OWLAPI :: Interfaces
[INFO] OWLAPI :: Default Implementation
[INFO] OWLAPI :: Atomic Decomposition and Explanation
[INFO] OWLAPI :: Parsers
[INFO] OWLAPI :: OBO Format
[INFO] OWLAPI :: RDF4J Rio
[INFO] OWLAPI :: Binding and Config
[INFO] OWLAPI :: Compatibility
[INFO] OWLAPI :: Tests and Tutorials
[INFO] OWLAPI :: Distribution
[INFO] OWLAPI :: OSGi and Compatibility Distribution
[INFO]                                                                         
[INFO] ------------------------------------------------------------------------
[INFO] Building OWLAPI 6.0.0-SNAPSHOT
[INFO] ------------------------------------------------------------------------
[INFO] 
[INFO] --- maven-enforcer-plugin:1.0:enforce (enforce-maven) @ owlapi-parent ---
[INFO] 
[INFO] >>> maven-source-plugin:3.0.1:jar (attach-sources) > generate-sources @ owlapi-parent >>>
[INFO] 
[INFO] --- maven-enforcer-plugin:1.0:enforce (enforce-maven) @ owlapi-parent ---
[INFO] 
[INFO] <<< maven-source-plugin:3.0.1:jar (attach-sources) < generate-sources @ owlapi-parent <<<
[INFO] 
[INFO] --- maven-source-plugin:3.0.1:jar (attach-sources) @ owlapi-parent ---
[INFO] 
[INFO] --- maven-javadoc-plugin:2.10.4:jar (attach-javadocs) @ owlapi-parent ---
[INFO] Skipping javadoc generation
[INFO] 
[INFO] --- maven-failsafe-plugin:2.19.1:integration-test (default) @ owlapi-parent ---
[INFO] No tests to run.
[INFO] 
[INFO] --- maven-failsafe-plugin:2.19.1:verify (default) @ owlapi-parent ---
[INFO]                                                                         
[INFO] ------------------------------------------------------------------------
[INFO] Building OWLAPI :: Interfaces 6.0.0-SNAPSHOT
[INFO] ------------------------------------------------------------------------
[INFO] 
[INFO] --- maven-enforcer-plugin:1.0:enforce (enforce-maven) @ owlapi-api ---
[INFO] 
[INFO] --- maven-resources-plugin:2.6:resources (default-resources) @ owlapi-api ---
[INFO] Using 'UTF-8' encoding to copy filtered resources.
[INFO] skip non existing resourceDirectory /home/travis/build/owlcs/owlapi/api/src/main/resources
[INFO] 
[INFO] --- maven-compiler-plugin:3.6.0:compile (default-compile) @ owlapi-api ---
[INFO] Changes detected - recompiling the module!
[INFO] Compiling 839 source files to /home/travis/build/owlcs/owlapi/api/target/classes
[INFO] /home/travis/build/owlcs/owlapi/api/src/main/java/org/semanticweb/owlapi/model/OWLDeclarationAxiom.java: Some input files use unchecked or unsafe operations.
[INFO] /home/travis/build/owlcs/owlapi/api/src/main/java/org/semanticweb/owlapi/model/OWLDeclarationAxiom.java: Recompile with -Xlint:unchecked for details.
[INFO] 
[INFO] --- maven-resources-plugin:2.6:testResources (default-testResources) @ owlapi-api ---
[INFO] Using 'UTF-8' encoding to copy filtered resources.
[INFO] Copying 1 resource
[INFO] 
[INFO] --- maven-compiler-plugin:3.6.0:testCompile (default-testCompile) @ owlapi-api ---
[INFO] Nothing to compile - all classes are up to date
[INFO] 
[INFO] --- maven-surefire-plugin:2.19.1:test (default-test) @ owlapi-api ---

-------------------------------------------------------
 T E S T S
-------------------------------------------------------
Tests run: 889, Failures: 0, Errors: 0, Skipped: 3

[INFO] 
[INFO] --- maven-jar-plugin:2.4:jar (default-jar) @ owlapi-api ---
[INFO] Building jar: /home/travis/build/owlcs/owlapi/api/target/owlapi-api-6.0.0-SNAPSHOT.jar
[INFO] 
[INFO] >>> maven-source-plugin:3.0.1:jar (attach-sources) > generate-sources @ owlapi-api >>>
[INFO] 
[INFO] --- maven-enforcer-plugin:1.0:enforce (enforce-maven) @ owlapi-api ---
[INFO] 
[INFO] <<< maven-source-plugin:3.0.1:jar (attach-sources) < generate-sources @ owlapi-api <<<
[INFO] 
[INFO] --- maven-source-plugin:3.0.1:jar (attach-sources) @ owlapi-api ---
[INFO] Building jar: /home/travis/build/owlcs/owlapi/api/target/owlapi-api-6.0.0-SNAPSHOT-sources.jar
[INFO] 
[INFO] --- maven-javadoc-plugin:2.10.4:jar (attach-javadocs) @ owlapi-api ---
[INFO] Skipping javadoc generation
[INFO] 
[INFO] --- maven-failsafe-plugin:2.19.1:integration-test (default) @ owlapi-api ---
[INFO] 
[INFO] --- maven-failsafe-plugin:2.19.1:verify (default) @ owlapi-api ---
[INFO]                                                                         
[INFO] ------------------------------------------------------------------------
[INFO] Building OWLAPI :: Default Implementation 6.0.0-SNAPSHOT
[INFO] ------------------------------------------------------------------------
[INFO] 
[INFO] --- maven-enforcer-plugin:1.0:enforce (enforce-maven) @ owlapi-impl ---
[INFO] 
[INFO] --- maven-resources-plugin:2.6:resources (default-resources) @ owlapi-impl ---
[INFO] Using 'UTF-8' encoding to copy filtered resources.
[INFO] skip non existing resourceDirectory /home/travis/build/owlcs/owlapi/impl/src/main/resources
[INFO] 
[INFO] --- maven-compiler-plugin:3.6.0:compile (default-compile) @ owlapi-impl ---
[INFO] Nothing to compile - all classes are up to date
[INFO] 
[INFO] --- maven-resources-plugin:2.6:testResources (default-testResources) @ owlapi-impl ---
[INFO] Using 'UTF-8' encoding to copy filtered resources.
[INFO] skip non existing resourceDirectory /home/travis/build/owlcs/owlapi/impl/src/test/resources
[INFO] 
[INFO] --- maven-compiler-plugin:3.6.0:testCompile (default-testCompile) @ owlapi-impl ---
[INFO] Nothing to compile - all classes are up to date
[INFO] 
[INFO] --- maven-surefire-plugin:2.19.1:test (default-test) @ owlapi-impl ---

-------------------------------------------------------
 T E S T S
-------------------------------------------------------
[main] WARN uk.ac.manchester.cs.owl.owlapi.OWLOntologyManagerImpl - Runtime Warning: Parsers should load imported ontologies using the makeImportLoadRequest method.
[main] WARN uk.ac.manchester.cs.owl.owlapi.OWLOntologyManagerImpl - Runtime Warning: Parsers should load imported ontologies using the makeImportLoadRequest method.
Tests run: 548, Failures: 0, Errors: 0, Skipped: 0

[INFO] 
[INFO] --- maven-jar-plugin:2.4:jar (default-jar) @ owlapi-impl ---
[INFO] 
[INFO] >>> maven-source-plugin:3.0.1:jar (attach-sources) > generate-sources @ owlapi-impl >>>
[INFO] 
[INFO] --- maven-enforcer-plugin:1.0:enforce (enforce-maven) @ owlapi-impl ---
[INFO] 
[INFO] <<< maven-source-plugin:3.0.1:jar (attach-sources) < generate-sources @ owlapi-impl <<<
[INFO] 
[INFO] --- maven-source-plugin:3.0.1:jar (attach-sources) @ owlapi-impl ---
[INFO] Building jar: /home/travis/build/owlcs/owlapi/impl/target/owlapi-impl-6.0.0-SNAPSHOT-sources.jar
[INFO] 
[INFO] --- maven-javadoc-plugin:2.10.4:jar (attach-javadocs) @ owlapi-impl ---
[INFO] Skipping javadoc generation
[INFO] 
[INFO] --- maven-failsafe-plugin:2.19.1:integration-test (default) @ owlapi-impl ---
[INFO] 
[INFO] --- maven-failsafe-plugin:2.19.1:verify (default) @ owlapi-impl ---
[INFO]                                                                         
[INFO] ------------------------------------------------------------------------
[INFO] Building OWLAPI :: Atomic Decomposition and Explanation 6.0.0-SNAPSHOT
[INFO] ------------------------------------------------------------------------
[INFO] 
[INFO] --- maven-enforcer-plugin:1.0:enforce (enforce-maven) @ owlapi-tools ---
[INFO] 
[INFO] --- maven-resources-plugin:2.6:resources (default-resources) @ owlapi-tools ---
[INFO] Using 'UTF-8' encoding to copy filtered resources.
[INFO] skip non existing resourceDirectory /home/travis/build/owlcs/owlapi/tools/src/main/resources
[INFO] 
[INFO] --- maven-compiler-plugin:3.6.0:compile (default-compile) @ owlapi-tools ---
[INFO] Nothing to compile - all classes are up to date
[INFO] 
[INFO] --- maven-resources-plugin:2.6:testResources (default-testResources) @ owlapi-tools ---
[INFO] Using 'UTF-8' encoding to copy filtered resources.
[INFO] skip non existing resourceDirectory /home/travis/build/owlcs/owlapi/tools/src/test/resources
[INFO] 
[INFO] --- maven-compiler-plugin:3.6.0:testCompile (default-testCompile) @ owlapi-tools ---
[INFO] No sources to compile
[INFO] 
[INFO] --- maven-surefire-plugin:2.19.1:test (default-test) @ owlapi-tools ---
[INFO] No tests to run.
[INFO] 
[INFO] --- maven-jar-plugin:2.4:jar (default-jar) @ owlapi-tools ---
[INFO] 
[INFO] >>> maven-source-plugin:3.0.1:jar (attach-sources) > generate-sources @ owlapi-tools >>>
[INFO] 
[INFO] --- maven-enforcer-plugin:1.0:enforce (enforce-maven) @ owlapi-tools ---
[INFO] 
[INFO] <<< maven-source-plugin:3.0.1:jar (attach-sources) < generate-sources @ owlapi-tools <<<
[INFO] 
[INFO] --- maven-source-plugin:3.0.1:jar (attach-sources) @ owlapi-tools ---
[INFO] Building jar: /home/travis/build/owlcs/owlapi/tools/target/owlapi-tools-6.0.0-SNAPSHOT-sources.jar
[INFO] 
[INFO] --- maven-javadoc-plugin:2.10.4:jar (attach-javadocs) @ owlapi-tools ---
[INFO] Skipping javadoc generation
[INFO] 
[INFO] --- maven-failsafe-plugin:2.19.1:integration-test (default) @ owlapi-tools ---
[INFO] No tests to run.
[INFO] 
[INFO] --- maven-failsafe-plugin:2.19.1:verify (default) @ owlapi-tools ---
[INFO]                                                                         
[INFO] ------------------------------------------------------------------------
[INFO] Building OWLAPI :: Parsers 6.0.0-SNAPSHOT
[INFO] ------------------------------------------------------------------------
[INFO] 
[INFO] --- maven-enforcer-plugin:1.0:enforce (enforce-maven) @ owlapi-parsers ---
[INFO] 
[INFO] --- maven-resources-plugin:2.6:resources (default-resources) @ owlapi-parsers ---
[INFO] Using 'UTF-8' encoding to copy filtered resources.
[INFO] Copying 2 resources
[INFO] 
[INFO] --- maven-compiler-plugin:3.6.0:compile (default-compile) @ owlapi-parsers ---
[INFO] Changes detected - recompiling the module!
[INFO] Compiling 195 source files to /home/travis/build/owlcs/owlapi/parsers/target/classes
[INFO] /home/travis/build/owlcs/owlapi/parsers/src/main/java/org/semanticweb/owlapi/functional/parser/OWLFunctionalSyntaxParser.java: Some input files use or override a deprecated API.
[INFO] /home/travis/build/owlcs/owlapi/parsers/src/main/java/org/semanticweb/owlapi/functional/parser/OWLFunctionalSyntaxParser.java: Recompile with -Xlint:deprecation for details.
[INFO] /home/travis/build/owlcs/owlapi/parsers/src/main/java/org/semanticweb/owlapi/rdf/model/AbstractTranslator.java: Some input files use unchecked or unsafe operations.
[INFO] /home/travis/build/owlcs/owlapi/parsers/src/main/java/org/semanticweb/owlapi/rdf/model/AbstractTranslator.java: Recompile with -Xlint:unchecked for details.
[INFO] 
[INFO] --- maven-resources-plugin:2.6:testResources (default-testResources) @ owlapi-parsers ---
[INFO] Using 'UTF-8' encoding to copy filtered resources.
[INFO] skip non existing resourceDirectory /home/travis/build/owlcs/owlapi/parsers/src/test/resources
[INFO] 
[INFO] --- maven-compiler-plugin:3.6.0:testCompile (default-testCompile) @ owlapi-parsers ---
[INFO] Nothing to compile - all classes are up to date
[INFO] 
[INFO] --- maven-surefire-plugin:2.19.1:test (default-test) @ owlapi-parsers ---

-------------------------------------------------------
 T E S T S
-------------------------------------------------------
Tests run: 2, Failures: 0, Errors: 0, Skipped: 0

[INFO] 
[INFO] --- maven-jar-plugin:2.4:jar (default-jar) @ owlapi-parsers ---
[INFO] Building jar: /home/travis/build/owlcs/owlapi/parsers/target/owlapi-parsers-6.0.0-SNAPSHOT.jar
[INFO] 
[INFO] >>> maven-source-plugin:3.0.1:jar (attach-sources) > generate-sources @ owlapi-parsers >>>
[INFO] 
[INFO] --- maven-enforcer-plugin:1.0:enforce (enforce-maven) @ owlapi-parsers ---
[INFO] 
[INFO] <<< maven-source-plugin:3.0.1:jar (attach-sources) < generate-sources @ owlapi-parsers <<<
[INFO] 
[INFO] --- maven-source-plugin:3.0.1:jar (attach-sources) @ owlapi-parsers ---
[INFO] Building jar: /home/travis/build/owlcs/owlapi/parsers/target/owlapi-parsers-6.0.0-SNAPSHOT-sources.jar
[INFO] 
[INFO] --- maven-javadoc-plugin:2.10.4:jar (attach-javadocs) @ owlapi-parsers ---
[INFO] Skipping javadoc generation
[INFO] 
[INFO] --- maven-failsafe-plugin:2.19.1:integration-test (default) @ owlapi-parsers ---
[INFO] 
[INFO] --- maven-failsafe-plugin:2.19.1:verify (default) @ owlapi-parsers ---
[INFO]                                                                         
[INFO] ------------------------------------------------------------------------
[INFO] Building OWLAPI :: OBO Format 6.0.0-SNAPSHOT
[INFO] ------------------------------------------------------------------------
[INFO] 
[INFO] --- maven-enforcer-plugin:1.0:enforce (enforce-maven) @ owlapi-oboformat ---
[INFO] 
[INFO] --- maven-resources-plugin:2.6:resources (default-resources) @ owlapi-oboformat ---
[INFO] Using 'UTF-8' encoding to copy filtered resources.
[INFO] Copying 2 resources
[INFO] 
[INFO] --- maven-compiler-plugin:3.6.0:compile (default-compile) @ owlapi-oboformat ---
[INFO] Nothing to compile - all classes are up to date
[INFO] 
[INFO] --- maven-resources-plugin:2.6:testResources (default-testResources) @ owlapi-oboformat ---
[INFO] Using 'UTF-8' encoding to copy filtered resources.
[INFO] skip non existing resourceDirectory /home/travis/build/owlcs/owlapi/oboformat/src/test/resources
[INFO] 
[INFO] --- maven-compiler-plugin:3.6.0:testCompile (default-testCompile) @ owlapi-oboformat ---
[INFO] Nothing to compile - all classes are up to date
[INFO] 
[INFO] --- maven-surefire-plugin:2.19.1:test (default-test) @ owlapi-oboformat ---

-------------------------------------------------------
 T E S T S
-------------------------------------------------------
Tests run: 1, Failures: 0, Errors: 0, Skipped: 0

[INFO] 
[INFO] --- maven-jar-plugin:2.4:jar (default-jar) @ owlapi-oboformat ---
[INFO] 
[INFO] >>> maven-source-plugin:3.0.1:jar (attach-sources) > generate-sources @ owlapi-oboformat >>>
[INFO] 
[INFO] --- maven-enforcer-plugin:1.0:enforce (enforce-maven) @ owlapi-oboformat ---
[INFO] 
[INFO] <<< maven-source-plugin:3.0.1:jar (attach-sources) < generate-sources @ owlapi-oboformat <<<
[INFO] 
[INFO] --- maven-source-plugin:3.0.1:jar (attach-sources) @ owlapi-oboformat ---
[INFO] Building jar: /home/travis/build/owlcs/owlapi/oboformat/target/owlapi-oboformat-6.0.0-SNAPSHOT-sources.jar
[INFO] 
[INFO] --- maven-javadoc-plugin:2.10.4:jar (attach-javadocs) @ owlapi-oboformat ---
[INFO] Skipping javadoc generation
[INFO] 
[INFO] --- maven-failsafe-plugin:2.19.1:integration-test (default) @ owlapi-oboformat ---
[INFO] 
[INFO] --- maven-failsafe-plugin:2.19.1:verify (default) @ owlapi-oboformat ---
[INFO]                                                                         
[INFO] ------------------------------------------------------------------------
[INFO] Building OWLAPI :: RDF4J Rio 6.0.0-SNAPSHOT
[INFO] ------------------------------------------------------------------------
[INFO] 
[INFO] --- maven-enforcer-plugin:1.0:enforce (enforce-maven) @ owlapi-rio ---
[INFO] 
[INFO] --- maven-resources-plugin:2.6:resources (default-resources) @ owlapi-rio ---
[INFO] Using 'UTF-8' encoding to copy filtered resources.
[INFO] Copying 5 resources
[INFO] 
[INFO] --- maven-compiler-plugin:3.6.0:compile (default-compile) @ owlapi-rio ---
[INFO] Nothing to compile - all classes are up to date
[INFO] 
[INFO] --- maven-resources-plugin:2.6:testResources (default-testResources) @ owlapi-rio ---
[INFO] Using 'UTF-8' encoding to copy filtered resources.
[INFO] skip non existing resourceDirectory /home/travis/build/owlcs/owlapi/rio/src/test/resources
[INFO] 
[INFO] --- maven-compiler-plugin:3.6.0:testCompile (default-testCompile) @ owlapi-rio ---
[INFO] No sources to compile
[INFO] 
[INFO] --- maven-surefire-plugin:2.19.1:test (default-test) @ owlapi-rio ---
[INFO] No tests to run.
[INFO] 
[INFO] --- maven-jar-plugin:2.4:jar (default-jar) @ owlapi-rio ---
[INFO] 
[INFO] >>> maven-source-plugin:3.0.1:jar (attach-sources) > generate-sources @ owlapi-rio >>>
[INFO] 
[INFO] --- maven-enforcer-plugin:1.0:enforce (enforce-maven) @ owlapi-rio ---
[INFO] 
[INFO] <<< maven-source-plugin:3.0.1:jar (attach-sources) < generate-sources @ owlapi-rio <<<
[INFO] 
[INFO] --- maven-source-plugin:3.0.1:jar (attach-sources) @ owlapi-rio ---
[INFO] Building jar: /home/travis/build/owlcs/owlapi/rio/target/owlapi-rio-6.0.0-SNAPSHOT-sources.jar
[INFO] 
[INFO] --- maven-javadoc-plugin:2.10.4:jar (attach-javadocs) @ owlapi-rio ---
[INFO] Skipping javadoc generation
[INFO] 
[INFO] --- maven-failsafe-plugin:2.19.1:integration-test (default) @ owlapi-rio ---
[INFO] No tests to run.
[INFO] 
[INFO] --- maven-failsafe-plugin:2.19.1:verify (default) @ owlapi-rio ---
[INFO]                                                                         
[INFO] ------------------------------------------------------------------------
[INFO] Building OWLAPI :: Binding and Config 6.0.0-SNAPSHOT
[INFO] ------------------------------------------------------------------------
[INFO] 
[INFO] --- maven-enforcer-plugin:1.0:enforce (enforce-maven) @ owlapi-apibinding ---
[INFO] 
[INFO] --- maven-resources-plugin:2.6:resources (default-resources) @ owlapi-apibinding ---
[INFO] Using 'UTF-8' encoding to copy filtered resources.
[INFO] Copying 1 resource
[INFO] 
[INFO] --- maven-compiler-plugin:3.6.0:compile (default-compile) @ owlapi-apibinding ---
[INFO] Nothing to compile - all classes are up to date
[INFO] 
[INFO] --- maven-resources-plugin:2.6:testResources (default-testResources) @ owlapi-apibinding ---
[INFO] Using 'UTF-8' encoding to copy filtered resources.
[INFO] skip non existing resourceDirectory /home/travis/build/owlcs/owlapi/apibinding/src/test/resources
[INFO] 
[INFO] --- maven-compiler-plugin:3.6.0:testCompile (default-testCompile) @ owlapi-apibinding ---
[INFO] No sources to compile
[INFO] 
[INFO] --- maven-surefire-plugin:2.19.1:test (default-test) @ owlapi-apibinding ---
[INFO] No tests to run.
[INFO] 
[INFO] --- maven-jar-plugin:2.4:jar (default-jar) @ owlapi-apibinding ---
[INFO] 
[INFO] >>> maven-source-plugin:3.0.1:jar (attach-sources) > generate-sources @ owlapi-apibinding >>>
[INFO] 
[INFO] --- maven-enforcer-plugin:1.0:enforce (enforce-maven) @ owlapi-apibinding ---
[INFO] 
[INFO] <<< maven-source-plugin:3.0.1:jar (attach-sources) < generate-sources @ owlapi-apibinding <<<
[INFO] 
[INFO] --- maven-source-plugin:3.0.1:jar (attach-sources) @ owlapi-apibinding ---
[INFO] Building jar: /home/travis/build/owlcs/owlapi/apibinding/target/owlapi-apibinding-6.0.0-SNAPSHOT-sources.jar
[INFO] 
[INFO] --- maven-javadoc-plugin:2.10.4:jar (attach-javadocs) @ owlapi-apibinding ---
[INFO] Skipping javadoc generation
[INFO] 
[INFO] --- maven-failsafe-plugin:2.19.1:integration-test (default) @ owlapi-apibinding ---
[INFO] No tests to run.
[INFO] 
[INFO] --- maven-failsafe-plugin:2.19.1:verify (default) @ owlapi-apibinding ---
[INFO]                                                                         
[INFO] ------------------------------------------------------------------------
[INFO] Building OWLAPI :: Compatibility 6.0.0-SNAPSHOT
[INFO] ------------------------------------------------------------------------
[INFO] 
[INFO] --- maven-enforcer-plugin:1.0:enforce (enforce-maven) @ owlapi-compatibility ---
[INFO] 
[INFO] --- maven-resources-plugin:2.6:resources (default-resources) @ owlapi-compatibility ---
[INFO] Using 'UTF-8' encoding to copy filtered resources.
[INFO] Copying 1 resource
[INFO] 
[INFO] --- maven-compiler-plugin:3.6.0:compile (default-compile) @ owlapi-compatibility ---
[INFO] Nothing to compile - all classes are up to date
[INFO] 
[INFO] --- maven-resources-plugin:2.6:testResources (default-testResources) @ owlapi-compatibility ---
[INFO] Using 'UTF-8' encoding to copy filtered resources.
[INFO] skip non existing resourceDirectory /home/travis/build/owlcs/owlapi/compatibility/src/test/resources
[INFO] 
[INFO] --- maven-compiler-plugin:3.6.0:testCompile (default-testCompile) @ owlapi-compatibility ---
[INFO] No sources to compile
[INFO] 
[INFO] --- maven-surefire-plugin:2.19.1:test (default-test) @ owlapi-compatibility ---
[INFO] No tests to run.
[INFO] 
[INFO] --- maven-jar-plugin:2.4:jar (default-jar) @ owlapi-compatibility ---
[INFO] 
[INFO] >>> maven-source-plugin:3.0.1:jar (attach-sources) > generate-sources @ owlapi-compatibility >>>
[INFO] 
[INFO] --- maven-enforcer-plugin:1.0:enforce (enforce-maven) @ owlapi-compatibility ---
[INFO] 
[INFO] <<< maven-source-plugin:3.0.1:jar (attach-sources) < generate-sources @ owlapi-compatibility <<<
[INFO] 
[INFO] --- maven-source-plugin:3.0.1:jar (attach-sources) @ owlapi-compatibility ---
[INFO] Building jar: /home/travis/build/owlcs/owlapi/compatibility/target/owlapi-compatibility-6.0.0-SNAPSHOT-sources.jar
[INFO] 
[INFO] --- maven-javadoc-plugin:2.10.4:jar (attach-javadocs) @ owlapi-compatibility ---
[INFO] Skipping javadoc generation
[INFO] 
[INFO] --- maven-failsafe-plugin:2.19.1:integration-test (default) @ owlapi-compatibility ---
[INFO] No tests to run.
[INFO] 
[INFO] --- maven-failsafe-plugin:2.19.1:verify (default) @ owlapi-compatibility ---
[INFO]                                                                         
[INFO] ------------------------------------------------------------------------
[INFO] Building OWLAPI :: Tests and Tutorials 6.0.0-SNAPSHOT
[INFO] ------------------------------------------------------------------------
[INFO] 
[INFO] --- maven-enforcer-plugin:1.0:enforce (enforce-maven) @ owlapi-contract ---
[INFO] 
[INFO] --- maven-resources-plugin:2.6:resources (default-resources) @ owlapi-contract ---
[INFO] Using 'UTF-8' encoding to copy filtered resources.
[INFO] skip non existing resourceDirectory /home/travis/build/owlcs/owlapi/contract/src/main/resources
[INFO] 
[INFO] --- maven-compiler-plugin:3.6.0:compile (default-compile) @ owlapi-contract ---
[INFO] Changes detected - recompiling the module!
[INFO] Compiling 9 source files to /home/travis/build/owlcs/owlapi/contract/target/classes
[INFO] 
[INFO] --- maven-resources-plugin:2.6:testResources (default-testResources) @ owlapi-contract ---
[INFO] Using 'UTF-8' encoding to copy filtered resources.
[INFO] Copying 172 resources
[INFO] 
[INFO] --- maven-compiler-plugin:3.6.0:testCompile (default-testCompile) @ owlapi-contract ---
[INFO] Nothing to compile - all classes are up to date
[INFO] 
[INFO] --- maven-surefire-plugin:2.19.1:test (default-test) @ owlapi-contract ---

-------------------------------------------------------
 T E S T S
-------------------------------------------------------
roundtrip fail: Manchester OWL Syntax AnnotationAssertion(Annotation(<urn:test#ann> "test"^^xsd:string) <urn:test#ann> <urn:test#iri> "false"^^xsd:boolean)
Prefix: owl: <http://www.w3.org/2002/07/owl#>
Prefix: rdf: <http://www.w3.org/1999/02/22-rdf-syntax-ns#>
Prefix: rdfs: <http://www.w3.org/2000/01/rdf-schema#>
Prefix: xml: <http://www.w3.org/XML/1998/namespace>
Prefix: xsd: <http://www.w3.org/2001/XMLSchema#>



Ontology: 

AnnotationProperty: <urn:test#ann>

    
Datatype: xsd:boolean

    
Datatype: xsd:string

    

Declaration(Datatype(xsd:boolean))
Declaration(Datatype(xsd:string))
Declaration(AnnotationProperty(<urn:test#ann>))
end of roundtrip failure
parse fail: DL Syntax Format AsymmetricObjectProperty(<urn:test#op>)
op ⊑ ¬ op⁻
roundtrip fail: DL Syntax Format ClassAssertion(<urn:test#c> <urn:test#i>)
c(i)
ClassAssertion(<http://www.semanticweb.org/ontologies/Ontology33413296481316#c> <http://www.semanticweb.org/ontologies/Ontology33413296481316#i>)
end of roundtrip failure
parse fail: DL Syntax Format ClassAssertion(ObjectIntersectionOf(<urn:test#c> <urn:test#iri>) <urn:test#i>)
(c ⊓ iri)(i)
parse fail: DL Syntax Format ClassAssertion(ObjectUnionOf(<urn:test#c> <urn:test#iri>) <urn:test#i>)
(c ⊔ iri)(i)
roundtrip fail: DL Syntax Format DataPropertyRange(<urn:test#dp> DataIntersectionOf(<urn:test#datatype> DataOneOf("false"^^xsd:boolean ) ))
⊤ ⊑ ∀ dp.(datatype ⊓ ({false}))
ObjectPropertyRange(<http://www.semanticweb.org/ontologies/Ontology33413296481403#dp> ObjectIntersectionOf(<http://www.semanticweb.org/ontologies/Ontology33413296481403#datatype> ObjectOneOf(<http://www.semanticweb.org/ontologies/Ontology33413296481403#false>)))
end of roundtrip failure
roundtrip fail: DL Syntax Format DataPropertyRange(<urn:test#dp> DataUnionOf(<urn:test#datatype> DataOneOf("false"^^xsd:boolean ) ))
⊤ ⊑ ∀ dp.(datatype ⊔ ({false}))
ObjectPropertyRange(<http://www.semanticweb.org/ontologies/Ontology33413296481432#dp> ObjectUnionOf(<http://www.semanticweb.org/ontologies/Ontology33413296481432#datatype> ObjectOneOf(<http://www.semanticweb.org/ontologies/Ontology33413296481432#false>)))
end of roundtrip failure
roundtrip fail: DL Syntax Format ClassAssertion(ObjectComplementOf(<urn:test#c>) <urn:test#i>)
(¬c)(i)
ClassAssertion(ObjectComplementOf(<http://www.semanticweb.org/ontologies/Ontology33413296481461#c>) <http://www.semanticweb.org/ontologies/Ontology33413296481461#i>)
end of roundtrip failure
parse fail: DL Syntax Format ClassAssertion(ObjectComplementOf(<urn:test#c>) _:id)
(¬c)()
parse fail: DL Syntax Format ClassAssertion(ObjectSomeValuesFrom(<urn:test#op> <urn:test#c>) <urn:test#i>)
(∃ op.c)(i)
parse fail: DL Syntax Format ClassAssertion(ObjectAllValuesFrom(<urn:test#op> <urn:test#c>) <urn:test#i>)
(∀ op.c)(i)
parse fail: DL Syntax Format ClassAssertion(ObjectHasValue(<urn:test#op> <urn:test#i>) <urn:test#i>)
(∃ op.{i})(i)
parse fail: DL Syntax Format ClassAssertion(ObjectMinCardinality(1 <urn:test#op> <urn:test#c>) <urn:test#i>)
(≥ 1 op.c)(i)
parse fail: DL Syntax Format ClassAssertion(ObjectMaxCardinality(1 <urn:test#op> <urn:test#c>) <urn:test#i>)
(≤ 1 op.c)(i)
parse fail: DL Syntax Format ClassAssertion(ObjectExactCardinality(1 <urn:test#op> <urn:test#c>) <urn:test#i>)
(= 1 op.c)(i)
parse fail: DL Syntax Format ClassAssertion(ObjectHasSelf(<urn:test#op>) <urn:test#i>)
(∃ op .self)(i)
parse fail: DL Syntax Format ClassAssertion(ObjectOneOf(<urn:test#i>) <urn:test#i>)
({i})(i)
parse fail: DL Syntax Format ClassAssertion(DataSomeValuesFrom(<urn:test#dp> <urn:test#datatype>) <urn:test#i>)
(∃ dp.datatype)(i)
parse fail: DL Syntax Format ClassAssertion(DataAllValuesFrom(<urn:test#dp> <urn:test#datatype>) <urn:test#i>)
(∀ dp.datatype)(i)
parse fail: DL Syntax Format ClassAssertion(DataHasValue(<urn:test#dp> "false"^^xsd:boolean) <urn:test#i>)
(∃ dp.{false})(i)
parse fail: DL Syntax Format ClassAssertion(DataMinCardinality(1 <urn:test#dp> <urn:test#datatype>) <urn:test#i>)
(≥ 1 dp.datatype)(i)
parse fail: DL Syntax Format ClassAssertion(DataMaxCardinality(1 <urn:test#dp> <urn:test#datatype>) <urn:test#i>)
(≤ 1 dp.datatype)(i)
parse fail: DL Syntax Format ClassAssertion(DataExactCardinality(1 <urn:test#dp> <urn:test#datatype>) <urn:test#i>)
(= 1 dp.datatype)(i)
roundtrip fail: DL Syntax Format DataPropertyRange(<urn:test#dp> DataOneOf("false"^^xsd:boolean ))
⊤ ⊑ ∀ dp.({false})
ObjectPropertyRange(<http://www.semanticweb.org/ontologies/Ontology33413296481925#dp> ObjectOneOf(<http://www.semanticweb.org/ontologies/Ontology33413296481925#false>))
end of roundtrip failure
roundtrip fail: DL Syntax Format DataPropertyRange(<urn:test#dp> DataComplementOf(DataOneOf("false"^^xsd:boolean )))
⊤ ⊑ ∀ dp.(¬{false})
ObjectPropertyRange(<http://www.semanticweb.org/ontologies/Ontology33413296481954#dp> ObjectComplementOf(ObjectOneOf(<http://www.semanticweb.org/ontologies/Ontology33413296481954#false>)))
end of roundtrip failure
parse fail: DL Syntax Format DataPropertyRange(<urn:test#dp> DataRangeRestriction(xsd:double facetRestriction(minExclusive "5.0"^^xsd:double) facetRestriction(maxExclusive "6.0"^^xsd:double)))
⊤ ⊑ ∀ dp.()
roundtrip fail: DL Syntax Format DataPropertyAssertion(<urn:test#dp> <urn:test#i> "false"^^xsd:boolean)
dp(i, false)
ObjectPropertyAssertion(<http://www.semanticweb.org/ontologies/Ontology33413296482012#dp> <http://www.semanticweb.org/ontologies/Ontology33413296482012#i> <http://www.semanticweb.org/ontologies/Ontology33413296482012#false>)
end of roundtrip failure
roundtrip fail: DL Syntax Format DataPropertyAssertion(<urn:test#dp> <urn:test#i> "string"@en)
dp(i, string)
ObjectPropertyAssertion(<http://www.semanticweb.org/ontologies/Ontology33413296482041#dp> <http://www.semanticweb.org/ontologies/Ontology33413296482041#i> <http://www.semanticweb.org/ontologies/Ontology33413296482041#string>)
end of roundtrip failure
roundtrip fail: DL Syntax Format DataPropertyDomain(<urn:test#dp> <urn:test#c>)
∃ dp.⊤ ⊑ c
ObjectPropertyDomain(<http://www.semanticweb.org/ontologies/Ontology33413296482070#dp> <http://www.semanticweb.org/ontologies/Ontology33413296482070#c>)
end of roundtrip failure
roundtrip fail: DL Syntax Format DataPropertyRange(<urn:test#dp> <urn:test#datatype>)
⊤ ⊑ ∀ dp.datatype
ObjectPropertyRange(<http://www.semanticweb.org/ontologies/Ontology33413296482099#dp> <http://www.semanticweb.org/ontologies/Ontology33413296482099#datatype>)
end of roundtrip failure
parse fail: DL Syntax Format DatatypeDefinition(<urn:test#datatype> xsd:double)

roundtrip fail: DL Syntax Format DifferentIndividuals(<urn:test#i> <urn:test#iri> )
i ≠ iri
DifferentIndividuals(<http://www.semanticweb.org/ontologies/Ontology33413296482271#i> <http://www.semanticweb.org/ontologies/Ontology33413296482271#iri> )
end of roundtrip failure
roundtrip fail: DL Syntax Format DisjointClasses(<urn:test#c> <urn:test#iri>)
c ⊑ ¬ iri
SubClassOf(<http://www.semanticweb.org/ontologies/Ontology33413296482300#c> ObjectComplementOf(<http://www.semanticweb.org/ontologies/Ontology33413296482300#iri>))
end of roundtrip failure
roundtrip fail: DL Syntax Format DisjointDataProperties(<urn:test#dp> <urn:test#iri> )
dp ⊑ ¬ iri
SubClassOf(<http://www.semanticweb.org/ontologies/Ontology33413296482329#dp> ObjectComplementOf(<http://www.semanticweb.org/ontologies/Ontology33413296482329#iri>))
end of roundtrip failure
roundtrip fail: DL Syntax Format DisjointObjectProperties(<urn:test#iri> <urn:test#op> )
iri ⊑ ¬ op
SubClassOf(<http://www.semanticweb.org/ontologies/Ontology33413296482358#iri> ObjectComplementOf(<http://www.semanticweb.org/ontologies/Ontology33413296482358#op>))
end of roundtrip failure
parse fail: DL Syntax Format DisjointUnion(<urn:test#c> <urn:test#c> <urn:test#iri> )
c=c ⊔ iri
roundtrip fail: DL Syntax Format EquivalentClasses(<urn:test#c> <urn:test#iri> )
c ≡ iri
EquivalentClasses(<http://www.semanticweb.org/ontologies/Ontology33413296482416#c> <http://www.semanticweb.org/ontologies/Ontology33413296482416#iri> )
end of roundtrip failure
roundtrip fail: DL Syntax Format EquivalentDataProperties(<urn:test#dp> <urn:test#iri> )
dp ≡ iri
EquivalentClasses(<http://www.semanticweb.org/ontologies/Ontology33413296482445#dp> <http://www.semanticweb.org/ontologies/Ontology33413296482445#iri> )
end of roundtrip failure
roundtrip fail: DL Syntax Format EquivalentObjectProperties(<urn:test#iri> <urn:test#op> )
iri ≡ op
EquivalentClasses(<http://www.semanticweb.org/ontologies/Ontology33413296482474#iri> <http://www.semanticweb.org/ontologies/Ontology33413296482474#op> )
end of roundtrip failure
roundtrip fail: DL Syntax Format FunctionalDataProperty(<urn:test#dp>)
⊤ ⊑ ≤ 1 dp
FunctionalObjectProperty(<http://www.semanticweb.org/ontologies/Ontology33413296482503#dp>)
end of roundtrip failure
roundtrip fail: DL Syntax Format FunctionalObjectProperty(<urn:test#op>)
⊤ ⊑ ≤ 1 op
FunctionalObjectProperty(<http://www.semanticweb.org/ontologies/Ontology33413296482532#op>)
end of roundtrip failure
roundtrip fail: DL Syntax Format InverseFunctionalObjectProperty(<urn:test#op>)
⊤ ⊑ ≤ 1 op⁻
FunctionalObjectProperty(InverseOf(<http://www.semanticweb.org/ontologies/Ontology33413296482561#op>))
end of roundtrip failure
parse fail: DL Syntax Format InverseObjectProperties(<urn:test#op> <urn:test#op>)
op ≡ op⁻
parse fail: DL Syntax Format IrreflexiveObjectProperty(<urn:test#op>)
⊤ ⊑ ¬∃ op .self
parse fail: DL Syntax Format NegativeDataPropertyAssertion(<urn:test#dp> <urn:test#i> "false"^^xsd:boolean)
¬¬dp(i, false)
parse fail: DL Syntax Format NegativeObjectPropertyAssertion(<urn:test#op> <urn:test#i> <urn:test#i>)
¬¬op(i, i)
roundtrip fail: DL Syntax Format ObjectPropertyAssertion(<urn:test#op> <urn:test#i> <urn:test#i>)
op(i, i)
ObjectPropertyAssertion(<http://www.semanticweb.org/ontologies/Ontology33413296482706#op> <http://www.semanticweb.org/ontologies/Ontology33413296482706#i> <http://www.semanticweb.org/ontologies/Ontology33413296482706#i>)
end of roundtrip failure
roundtrip fail: DL Syntax Format ObjectPropertyAssertion(InverseOf(<urn:test#op>) <urn:test#i> <urn:test#i>)
op⁻(i, i)
ObjectPropertyAssertion(InverseOf(<http://www.semanticweb.org/ontologies/Ontology33413296482735#op>) <http://www.semanticweb.org/ontologies/Ontology33413296482735#i> <http://www.semanticweb.org/ontologies/Ontology33413296482735#i>)
end of roundtrip failure
roundtrip fail: DL Syntax Format ObjectPropertyAssertion(InverseOf(<urn:test#op>) <urn:test#i> <urn:test#j>)
op⁻(i, j)
ObjectPropertyAssertion(InverseOf(<http://www.semanticweb.org/ontologies/Ontology33413296482764#op>) <http://www.semanticweb.org/ontologies/Ontology33413296482764#i> <http://www.semanticweb.org/ontologies/Ontology33413296482764#j>)
end of roundtrip failure
roundtrip fail: DL Syntax Format ObjectPropertyDomain(<urn:test#op> <urn:test#c>)
∃ op.⊤ ⊑ c
ObjectPropertyDomain(<http://www.semanticweb.org/ontologies/Ontology33413296482793#op> <http://www.semanticweb.org/ontologies/Ontology33413296482793#c>)
end of roundtrip failure
roundtrip fail: DL Syntax Format ObjectPropertyRange(<urn:test#op> <urn:test#c>)
⊤ ⊑ ∀ op.c
ObjectPropertyRange(<http://www.semanticweb.org/ontologies/Ontology33413296482822#op> <http://www.semanticweb.org/ontologies/Ontology33413296482822#c>)
end of roundtrip failure
parse fail: DL Syntax Format SubObjectPropertyOf(ObjectPropertyChain( <urn:test#iri> <urn:test#op> ) <urn:test#op>)
iri ∘ op ⊑ op
roundtrip fail: DL Syntax Format ReflexiveObjectProperty(<urn:test#op>)
⊤ ⊑ ∃ op .self
SubClassOf(owl:Thing ObjectSomeValuesFrom(<http://www.semanticweb.org/ontologies/Ontology33413296482880#op> <http://www.semanticweb.org/ontologies/Ontology33413296482880#self>))
end of roundtrip failure
roundtrip fail: DL Syntax Format SameIndividual(<urn:test#i> <urn:test#iri> )
i = iri
SameIndividual(<http://www.semanticweb.org/ontologies/Ontology33413296482909#i> <http://www.semanticweb.org/ontologies/Ontology33413296482909#iri> )
end of roundtrip failure
roundtrip fail: DL Syntax Format SubClassOf(<urn:test#c> owl:Thing)
c ⊑ ⊤
SubClassOf(<http://www.semanticweb.org/ontologies/Ontology33413296482957#c> owl:Thing)
end of roundtrip failure
parse fail: DL Syntax Format SubDataPropertyOf(<urn:test#dp> owl:topDataProperty)
dp⊑topDataProperty
roundtrip fail: DL Syntax Format SubObjectPropertyOf(<urn:test#op> owl:topObjectProperty)
op ⊑ topObjectProperty
SubClassOf(<http://www.semanticweb.org/ontologies/Ontology33413296483015#op> <http://www.semanticweb.org/ontologies/Ontology33413296483015#topObjectProperty>)
end of roundtrip failure
parse fail: DL Syntax Format DLSafeRule( Body(BuiltInAtom(<urn:swrl#v1> Variable(<urn:swrl#var3>) Variable(<urn:swrl#var4>) )) Head(BuiltInAtom(<urn:swrl#v2> Variable(<urn:swrl#var5>) Variable(<urn:swrl#var6>) )) )

parse fail: DL Syntax Format SymmetricObjectProperty(<urn:test#op>)
op ≡ op⁻
parse fail: DL Syntax Format TransitiveObjectProperty(<urn:test#op>)
op ∈ R⁺
parse fail: DL Syntax Format HasKey(<urn:test#c> (<urn:test#iri> <urn:test#op> ) (<urn:test#dp> ))

parse fail: DL Syntax Format DLSafeRule( Body(BuiltInAtom(<urn:swrl#v1> Variable(<urn:swrl#var3>) Variable(<urn:swrl#var4>) ) ClassAtom(<urn:test#c> Variable(<urn:swrl#var2>)) DataRangeAtom(<urn:test#datatype> Variable(<urn:swrl#var1>)) BuiltInAtom(<urn:test#iri> Variable(<urn:swrl#var1>) ) DifferentFromAtom(Variable(<urn:swrl#var2>) <urn:test#i>) SameAsAtom(Variable(<urn:swrl#var2>) <urn:test#iri>)) Head(BuiltInAtom(<urn:swrl#v2> Variable(<urn:swrl#var5>) Variable(<urn:swrl#var6>) ) DataPropertyAtom(<urn:test#dp> Variable(<urn:swrl#var2>) "false"^^xsd:boolean) ObjectPropertyAtom(<urn:test#op> Variable(<urn:swrl#var2>) Variable(<urn:swrl#var2>))) )
urn:swrl#v2((?var5) , (?var6)) ⋀ dp(?var2, false) ⋀ op(?var2, ?var2) ← urn:swrl#v1((?var3) , (?var4)) ⋀ c(?var2) ⋀ datatype(?var1) ⋀ urn:test#iri((?var1)) ⋀ differentFrom(?var2, i) ⋀ sameAs(?var2, iri)
elapsed time (ms): 3690
Successful threads: 25	 expected: 25

Tests run: 5128, Failures: 0, Errors: 0, Skipped: 40

[INFO] 
[INFO] --- maven-jar-plugin:2.4:jar (default-jar) @ owlapi-contract ---
[INFO] Building jar: /home/travis/build/owlcs/owlapi/contract/target/owlapi-contract-6.0.0-SNAPSHOT.jar
[INFO] 
[INFO] >>> maven-source-plugin:3.0.1:jar (attach-sources) > generate-sources @ owlapi-contract >>>
[INFO] 
[INFO] --- maven-enforcer-plugin:1.0:enforce (enforce-maven) @ owlapi-contract ---
[INFO] 
[INFO] <<< maven-source-plugin:3.0.1:jar (attach-sources) < generate-sources @ owlapi-contract <<<
[INFO] 
[INFO] --- maven-source-plugin:3.0.1:jar (attach-sources) @ owlapi-contract ---
[INFO] Building jar: /home/travis/build/owlcs/owlapi/contract/target/owlapi-contract-6.0.0-SNAPSHOT-sources.jar
[INFO] 
[INFO] --- maven-javadoc-plugin:2.10.4:jar (attach-javadocs) @ owlapi-contract ---
[INFO] Skipping javadoc generation
[INFO] 
[INFO] --- maven-failsafe-plugin:2.19.1:integration-test (default) @ owlapi-contract ---
[INFO] 
[INFO] --- maven-failsafe-plugin:2.19.1:verify (default) @ owlapi-contract ---
[INFO]                                                                         
[INFO] ------------------------------------------------------------------------
[INFO] Building OWLAPI :: Distribution 6.0.0-SNAPSHOT
[INFO] ------------------------------------------------------------------------
[INFO] 
[INFO] --- maven-enforcer-plugin:1.0:enforce (enforce-maven) @ owlapi-distribution ---
[INFO] 
[INFO] --- maven-resources-plugin:3.0.1:resources (default-resources) @ owlapi-distribution ---
[INFO] Using 'UTF-8' encoding to copy filtered resources.
[INFO] skip non existing resourceDirectory /home/travis/build/owlcs/owlapi/distribution/src/main/resources
[INFO] 
[INFO] --- maven-compiler-plugin:3.6.0:compile (default-compile) @ owlapi-distribution ---
[INFO] No sources to compile
[INFO] 
[INFO] --- maven-resources-plugin:3.0.1:testResources (default-testResources) @ owlapi-distribution ---
[INFO] Using 'UTF-8' encoding to copy filtered resources.
[INFO] skip non existing resourceDirectory /home/travis/build/owlcs/owlapi/distribution/src/test/resources
[INFO] 
[INFO] --- maven-compiler-plugin:3.6.0:testCompile (default-testCompile) @ owlapi-distribution ---
[INFO] No sources to compile
[INFO] 
[INFO] --- maven-surefire-plugin:2.19.1:test (default-test) @ owlapi-distribution ---
[INFO] No tests to run.
[INFO] 
[INFO] --- maven-bundle-plugin:3.2.0:bundle (default-bundle) @ owlapi-distribution ---
[WARNING] Bundle net.sourceforge.owlapi:owlapi-distribution:bundle:6.0.0-SNAPSHOT : Unused Import-Package instructions: [org.apache.commons.logging.*] 
[INFO] 
[INFO] >>> maven-source-plugin:3.0.1:jar (attach-sources) > generate-sources @ owlapi-distribution >>>
[INFO] 
[INFO] --- maven-enforcer-plugin:1.0:enforce (enforce-maven) @ owlapi-distribution ---
[INFO] 
[INFO] <<< maven-source-plugin:3.0.1:jar (attach-sources) < generate-sources @ owlapi-distribution <<<
[INFO] 
[INFO] --- maven-source-plugin:3.0.1:jar (attach-sources) @ owlapi-distribution ---
[INFO] No sources in project. Archive not created.
[INFO] 
[INFO] --- maven-shade-plugin:2.4.3:shade (default) @ owlapi-distribution ---
[INFO] Including net.sourceforge.owlapi:owlapi-apibinding:jar:6.0.0-SNAPSHOT in the shaded jar.
[INFO] Including net.sourceforge.owlapi:owlapi-tools:jar:6.0.0-SNAPSHOT in the shaded jar.
[INFO] Including net.sourceforge.owlapi:owlapi-impl:jar:6.0.0-SNAPSHOT in the shaded jar.
[INFO] Including net.sourceforge.owlapi:owlapi-parsers:jar:6.0.0-SNAPSHOT in the shaded jar.
[INFO] Including net.sourceforge.owlapi:owlapi-oboformat:jar:6.0.0-SNAPSHOT in the shaded jar.
[INFO] Including net.sourceforge.owlapi:owlapi-rio:jar:6.0.0-SNAPSHOT in the shaded jar.
[INFO] Including net.sourceforge.owlapi:owlapi-api:jar:6.0.0-SNAPSHOT in the shaded jar.
[INFO] Excluding net.sourceforge.owlapi:owlapi-compatibility:jar:6.0.0-SNAPSHOT from the shaded jar.
[INFO] Excluding com.fasterxml.jackson.core:jackson-core:jar:2.8.5 from the shaded jar.
[INFO] Excluding com.fasterxml.jackson.core:jackson-databind:jar:2.8.5 from the shaded jar.
[INFO] Excluding com.fasterxml.jackson.core:jackson-annotations:jar:2.8.5 from the shaded jar.
[INFO] Excluding org.apache.commons:commons-rdf-api:jar:0.3.0-incubating from the shaded jar.
[INFO] Excluding org.tukaani:xz:jar:1.6 from the shaded jar.
[INFO] Excluding org.slf4j:slf4j-api:jar:1.7.22 from the shaded jar.
[INFO] Excluding org.slf4j:jcl-over-slf4j:jar:1.7.22 from the shaded jar.
[INFO] Excluding org.eclipse.rdf4j:rdf4j-model:jar:2.1.4 from the shaded jar.
[INFO] Excluding org.eclipse.rdf4j:rdf4j-rio-api:jar:2.1.4 from the shaded jar.
[INFO] Excluding org.eclipse.rdf4j:rdf4j-rio-languages:jar:2.1.4 from the shaded jar.
[INFO] Excluding org.eclipse.rdf4j:rdf4j-rio-datatypes:jar:2.1.4 from the shaded jar.
[INFO] Excluding org.eclipse.rdf4j:rdf4j-rio-binary:jar:2.1.4 from the shaded jar.
[INFO] Excluding org.eclipse.rdf4j:rdf4j-rio-n3:jar:2.1.4 from the shaded jar.
[INFO] Excluding org.eclipse.rdf4j:rdf4j-rio-nquads:jar:2.1.4 from the shaded jar.
[INFO] Excluding org.eclipse.rdf4j:rdf4j-rio-ntriples:jar:2.1.4 from the shaded jar.
[INFO] Excluding org.eclipse.rdf4j:rdf4j-rio-rdfjson:jar:2.1.4 from the shaded jar.
[INFO] Excluding org.eclipse.rdf4j:rdf4j-rio-jsonld:jar:2.1.4 from the shaded jar.
[INFO] Excluding org.eclipse.rdf4j:rdf4j-rio-rdfxml:jar:2.1.4 from the shaded jar.
[INFO] Excluding org.eclipse.rdf4j:rdf4j-rio-trix:jar:2.1.4 from the shaded jar.
[INFO] Excluding org.eclipse.rdf4j:rdf4j-rio-turtle:jar:2.1.4 from the shaded jar.
[INFO] Excluding org.eclipse.rdf4j:rdf4j-rio-trig:jar:2.1.4 from the shaded jar.
[INFO] Excluding org.eclipse.rdf4j:rdf4j-util:jar:2.1.4 from the shaded jar.
[INFO] Excluding com.github.jsonld-java:jsonld-java:jar:0.9.0 from the shaded jar.
[INFO] Excluding org.apache.httpcomponents:httpclient-osgi:jar:4.5.2 from the shaded jar.
[INFO] Excluding org.apache.httpcomponents:httpclient:jar:4.5.2 from the shaded jar.
[INFO] Excluding commons-codec:commons-codec:jar:1.9 from the shaded jar.
[INFO] Excluding org.apache.httpcomponents:httpmime:jar:4.5.2 from the shaded jar.
[INFO] Excluding org.apache.httpcomponents:httpclient-cache:jar:4.5.2 from the shaded jar.
[INFO] Excluding org.apache.httpcomponents:fluent-hc:jar:4.5.2 from the shaded jar.
[INFO] Excluding org.apache.httpcomponents:httpcore-osgi:jar:4.4.5 from the shaded jar.
[INFO] Excluding org.apache.httpcomponents:httpcore:jar:4.4.5 from the shaded jar.
[INFO] Excluding org.apache.httpcomponents:httpcore-nio:jar:4.4.5 from the shaded jar.
[INFO] Excluding net.sf.trove4j:trove4j:jar:3.0.3 from the shaded jar.
[INFO] Excluding com.github.ben-manes.caffeine:caffeine:jar:2.3.5 from the shaded jar.
[INFO] Excluding com.google.guava:guava:jar:20.0 from the shaded jar.
[INFO] Excluding com.google.inject:guice:jar:4.1.0 from the shaded jar.
[INFO] Excluding javax.inject:javax.inject:jar:1 from the shaded jar.
[INFO] Excluding aopalliance:aopalliance:jar:1.0 from the shaded jar.
[INFO] Excluding com.google.inject.extensions:guice-assistedinject:jar:4.1.0 from the shaded jar.
[INFO] Excluding com.google.inject.extensions:guice-multibindings:jar:4.1.0 from the shaded jar.
[INFO] Excluding com.google.code.findbugs:jsr305:jar:3.0.1 from the shaded jar.
[INFO] Excluding commons-io:commons-io:jar:2.5 from the shaded jar.
[INFO] Excluding com.squareup.okhttp3:okhttp:jar:3.5.0 from the shaded jar.
[INFO] Excluding com.squareup.okio:okio:jar:1.11.0 from the shaded jar.
[WARNING] owlapi-distribution-6.0.0-SNAPSHOT.jar, owlapi-oboformat-6.0.0-SNAPSHOT.jar define 76 overlapping classes: 
[WARNING]   - org.obolibrary.oboformat.parser.OBOFormatException
[WARNING]   - org.obolibrary.obo2owl.OWLAPIOwl2Obo
[WARNING]   - org.obolibrary.macro.MacroExpansionGCIVisitor$MacroExpansions
[WARNING]   - org.obolibrary.oboformat.diff.Diff
[WARNING]   - org.semanticweb.owlapi.oboformat.OBOFormatRenderer$1
[WARNING]   - org.obolibrary.obo2owl.IdTranslator
[WARNING]   - org.obolibrary.oboformat.model.Clause
[WARNING]   - org.obolibrary.oboformat.parser.XrefExpander$ReverseGenusDifferentiaExpansion
[WARNING]   - org.obolibrary.owl.LabelFunctionalSyntaxStorer
[WARNING]   - org.obolibrary.oboformat.model.FrameStructureException
[WARNING]   - 66 more...
[WARNING] owlapi-distribution-6.0.0-SNAPSHOT.jar, owlapi-tools-6.0.0-SNAPSHOT.jar define 136 overlapping classes: 
[WARNING]   - com.clarkparsia.owlapi.explanation.util.SilentExplanationProgressMonitor
[WARNING]   - uk.ac.manchester.cs.atomicdecomposition.package-info
[WARNING]   - uk.ac.manchester.cs.factplusplusad.OntologyBasedModularizer
[WARNING]   - org.semanticweb.owlapi.metrics.HiddenGCICount
[WARNING]   - org.semanticweb.owlapitools.decomposition.Modularizer
[WARNING]   - com.clarkparsia.owlapi.modularity.locality.SemanticLocalityEvaluator
[WARNING]   - uk.ac.manchester.cs.factplusplusad.Signature
[WARNING]   - org.semanticweb.owlapi.metrics.DoubleValuedMetric
[WARNING]   - org.semanticweb.owlapitools.decomposition.SigIndex
[WARNING]   - com.clarkparsia.owlapi.explanation.io.ExplanationRenderer
[WARNING]   - 126 more...
[WARNING] owlapi-distribution-6.0.0-SNAPSHOT.jar, owlapi-rio-6.0.0-SNAPSHOT.jar define 68 overlapping classes: 
[WARNING]   - org.semanticweb.owlapi.formats.N3DocumentFormatFactory
[WARNING]   - org.semanticweb.owlapi.formats.RioTurtleDocumentFormatFactory
[WARNING]   - org.semanticweb.owlapi.rio.RioStorer
[WARNING]   - org.semanticweb.owlapi.rio.RioOWLRDFParser
[WARNING]   - org.semanticweb.owlapi.rio.OWLAPIRDFFormat
[WARNING]   - org.semanticweb.owlapi.formats.N3DocumentFormat
[WARNING]   - org.semanticweb.owlapi.rio.RioFunctionalSyntaxParserFactory
[WARNING]   - org.semanticweb.owlapi.rio.RioTrigStorerFactory
[WARNING]   - org.semanticweb.owlapi.rio.RioManchesterSyntaxParserFactory
[WARNING]   - org.semanticweb.owlapi.rio.AbstractRioStorerFactory
[WARNING]   - 58 more...
[WARNING] owlapi-distribution-6.0.0-SNAPSHOT.jar, owlapi-apibinding-6.0.0-SNAPSHOT.jar define 3 overlapping classes: 
[WARNING]   - org.semanticweb.owlapi.apibinding.OWLManager
[WARNING]   - org.semanticweb.owlapi.apibinding.package-info
[WARNING]   - org.semanticweb.owlapi.apibinding.OWLFunctionalSyntaxFactory
[WARNING] owlapi-distribution-6.0.0-SNAPSHOT.jar, owlapi-api-6.0.0-SNAPSHOT.jar define 907 overlapping classes: 
[WARNING]   - org.semanticweb.owlapi.model.OWLPropertyAssertionObject
[WARNING]   - org.semanticweb.owlapi.model.OWLAnonymousClassExpression
[WARNING]   - org.semanticweb.owlapi.model.HasApplyChange
[WARNING]   - org.semanticweb.owlapi.util.InferredIndividualAxiomGenerator
[WARNING]   - org.semanticweb.owlapi.model.SWRLDArgument
[WARNING]   - org.semanticweb.owlapi.util.OWLOntologyWalkerVisitor
[WARNING]   - org.semanticweb.owlapi.model.providers.ExistentialProvider
[WARNING]   - org.semanticweb.owlapi.model.axiomproviders.PropertyCharacteristicAxiomProvider
[WARNING]   - org.semanticweb.owlapi.model.OWLObjectPropertyDomainAxiom
[WARNING]   - org.semanticweb.owlapi.io.SystemOutDocumentTarget
[WARNING]   - 897 more...
[WARNING] owlapi-distribution-6.0.0-SNAPSHOT.jar, owlapi-parsers-6.0.0-SNAPSHOT.jar define 442 overlapping classes: 
[WARNING]   - org.semanticweb.owlapi.rdf.rdfxml.parser.TripleHandlers$TPOneOfHandler
[WARNING]   - org.semanticweb.owlapi.krss2.renderer.KRSS2SyntaxRenderer
[WARNING]   - org.semanticweb.owlapi.owlxml.parser.DataOneOfEH
[WARNING]   - org.semanticweb.owlapi.rdf.rdfxml.renderer.package-info
[WARNING]   - org.semanticweb.owlapi.rdf.rdfxml.parser.Translators$ObjectMinCardinalityTranslator
[WARNING]   - org.semanticweb.owlapi.rdf.turtle.parser.TurtleParserException
[WARNING]   - org.semanticweb.owlapi.latex.renderer.LatexOWLObjectRenderer
[WARNING]   - org.semanticweb.owlapi.rdf.turtle.parser.OWLRDFConsumerAdapter
[WARNING]   - org.semanticweb.owlapi.owlxml.renderer.OWLXMLObjectRenderer
[WARNING]   - org.semanticweb.owlapi.owlxml.parser.IndividualEH
[WARNING]   - 432 more...
[WARNING] owlapi-distribution-6.0.0-SNAPSHOT.jar, owlapi-impl-6.0.0-SNAPSHOT.jar define 199 overlapping classes: 
[WARNING]   - org.semanticweb.owlapi.reasoner.impl.OWLNamedIndividualNodeSet
[WARNING]   - uk.ac.manchester.cs.owl.owlapi.SWRLIndividualArgumentImpl
[WARNING]   - uk.ac.manchester.cs.owl.owlapi.InitVisitorFactory$InitIndividualVisitor
[WARNING]   - uk.ac.manchester.cs.owl.owlapi.OWLDataAllValuesFromImpl
[WARNING]   - uk.ac.manchester.cs.owl.owlapi.concurrent.NonConcurrentOWLOntologyBuilder
[WARNING]   - uk.ac.manchester.cs.owl.owlapi.OWLImportsDeclarationImpl
[WARNING]   - uk.ac.manchester.cs.owl.owlapi.OWLSubPropertyAxiomImpl
[WARNING]   - uk.ac.manchester.cs.owl.owlapi.OWLSameIndividualAxiomImpl
[WARNING]   - uk.ac.manchester.cs.owl.owlapi.Internals$RemoveAxiomVisitor
[WARNING]   - uk.ac.manchester.cs.owl.owlapi.SWRLSameIndividualAtomImpl
[WARNING]   - 189 more...
[WARNING] maven-shade-plugin has detected that some class files are
[WARNING] present in two or more JARs. When this happens, only one
[WARNING] single version of the class is copied to the uber jar.
[WARNING] Usually this is not harmful and you can skip these warnings,
[WARNING] otherwise try to manually exclude artifacts based on
[WARNING] mvn dependency:tree -Ddetail=true and the above output.
[WARNING] See http://maven.apache.org/plugins/maven-shade-plugin/
[INFO] Replacing original artifact with shaded artifact.
[INFO] Replacing /home/travis/build/owlcs/owlapi/distribution/target/owlapi-distribution-6.0.0-SNAPSHOT.jar with /home/travis/build/owlcs/owlapi/distribution/target/owlapi-distribution-6.0.0-SNAPSHOT-shaded.jar
[INFO] Dependency-reduced POM written at: /home/travis/build/owlcs/owlapi/distribution/dependency-reduced-pom.xml
[INFO] 
[INFO] --- maven-javadoc-plugin:2.10.4:jar (attach-javadocs) @ owlapi-distribution ---
[INFO] Skipping javadoc generation
[INFO] 
[INFO] --- maven-javadoc-plugin:2.10.4:jar (attach-javadoc) @ owlapi-distribution ---
[INFO] Skipping javadoc generation
[INFO] 
[INFO] --- maven-assembly-plugin:3.0.0:single (attach-sources) @ owlapi-distribution ---
[INFO] Reading assembly descriptor: src/assembly/sources.xml
[INFO] Building jar: /home/travis/build/owlcs/owlapi/distribution/target/owlapi-distribution-6.0.0-SNAPSHOT-sources.jar
[INFO] 
[INFO] --- maven-failsafe-plugin:2.19.1:integration-test (default) @ owlapi-distribution ---
[INFO] No tests to run.
[INFO] 
[INFO] --- maven-failsafe-plugin:2.19.1:verify (default) @ owlapi-distribution ---
[INFO]                                                                         
[INFO] ------------------------------------------------------------------------
[INFO] Building OWLAPI :: OSGi and Compatibility Distribution 6.0.0-SNAPSHOT
[INFO] ------------------------------------------------------------------------
[INFO] 
[INFO] --- maven-enforcer-plugin:1.0:enforce (enforce-maven) @ owlapi-osgidistribution ---
[INFO] 
[INFO] --- maven-resources-plugin:3.0.1:resources (default-resources) @ owlapi-osgidistribution ---
[INFO] Using 'UTF-8' encoding to copy filtered resources.
[INFO] skip non existing resourceDirectory /home/travis/build/owlcs/owlapi/osgidistribution/src/main/resources
[INFO] 
[INFO] --- maven-compiler-plugin:3.6.0:compile (default-compile) @ owlapi-osgidistribution ---
[INFO] Nothing to compile - all classes are up to date
[INFO] 
[INFO] --- maven-resources-plugin:3.0.1:testResources (default-testResources) @ owlapi-osgidistribution ---
[INFO] Using 'UTF-8' encoding to copy filtered resources.
[INFO] Copying 2 resources
[INFO] 
[INFO] --- maven-compiler-plugin:3.6.0:testCompile (default-testCompile) @ owlapi-osgidistribution ---
[INFO] Nothing to compile - all classes are up to date
[INFO] 
[INFO] --- maven-surefire-plugin:2.19.1:test (default-test) @ owlapi-osgidistribution ---

-------------------------------------------------------
 T E S T S
-------------------------------------------------------
Tests run: 3, Failures: 0, Errors: 0, Skipped: 0

[INFO] 
[INFO] --- maven-bundle-plugin:3.2.0:bundle (default-bundle) @ owlapi-osgidistribution ---
[WARNING] Bundle net.sourceforge.owlapi:owlapi-osgidistribution:bundle:6.0.0-SNAPSHOT : Export com.clarkparsia.owlapi.explanation,  has 1,  private references [javax.annotation], 
[WARNING] Bundle net.sourceforge.owlapi:owlapi-osgidistribution:bundle:6.0.0-SNAPSHOT : Export com.clarkparsia.owlapi.explanation.io,  has 1,  private references [javax.annotation], 
[WARNING] Bundle net.sourceforge.owlapi:owlapi-osgidistribution:bundle:6.0.0-SNAPSHOT : Export org.semanticweb.owlapi,  has 1,  private references [javax.annotation], 
[WARNING] Bundle net.sourceforge.owlapi:owlapi-osgidistribution:bundle:6.0.0-SNAPSHOT : Export org.semanticweb.owlapi.apibinding,  has 1,  private references [javax.annotation], 
[WARNING] Bundle net.sourceforge.owlapi:owlapi-osgidistribution:bundle:6.0.0-SNAPSHOT : Export org.semanticweb.owlapi.change,  has 1,  private references [javax.annotation], 
[WARNING] Bundle net.sourceforge.owlapi:owlapi-osgidistribution:bundle:6.0.0-SNAPSHOT : Export org.semanticweb.owlapi.debugging,  has 1,  private references [javax.annotation], 
[WARNING] Bundle net.sourceforge.owlapi:owlapi-osgidistribution:bundle:6.0.0-SNAPSHOT : Export org.semanticweb.owlapi.dlsyntax.renderer,  has 1,  private references [javax.annotation], 
[WARNING] Bundle net.sourceforge.owlapi:owlapi-osgidistribution:bundle:6.0.0-SNAPSHOT : Export org.semanticweb.owlapi.expression,  has 1,  private references [javax.annotation], 
[WARNING] Bundle net.sourceforge.owlapi:owlapi-osgidistribution:bundle:6.0.0-SNAPSHOT : Export org.semanticweb.owlapi.formats,  has 2,  private references [org.eclipse.rdf4j.rio, javax.annotation], 
[WARNING] Bundle net.sourceforge.owlapi:owlapi-osgidistribution:bundle:6.0.0-SNAPSHOT : Export org.semanticweb.owlapi.functional.renderer,  has 1,  private references [javax.annotation], 
[WARNING] Bundle net.sourceforge.owlapi:owlapi-osgidistribution:bundle:6.0.0-SNAPSHOT : Export org.semanticweb.owlapi.io,  has 3,  private references [javax.annotation, org.apache.commons.rdf.api, org.tukaani.xz], 
[WARNING] Bundle net.sourceforge.owlapi:owlapi-osgidistribution:bundle:6.0.0-SNAPSHOT : Export org.semanticweb.owlapi.krss2.renderer,  has 1,  private references [javax.annotation], 
[WARNING] Bundle net.sourceforge.owlapi:owlapi-osgidistribution:bundle:6.0.0-SNAPSHOT : Export org.semanticweb.owlapi.manchestersyntax.parser,  has 1,  private references [javax.annotation], 
[WARNING] Bundle net.sourceforge.owlapi:owlapi-osgidistribution:bundle:6.0.0-SNAPSHOT : Export org.semanticweb.owlapi.manchestersyntax.renderer,  has 1,  private references [javax.annotation], 
[WARNING] Bundle net.sourceforge.owlapi:owlapi-osgidistribution:bundle:6.0.0-SNAPSHOT : Export org.semanticweb.owlapi.model,  has 2,  private references [javax.annotation, org.apache.commons.rdf.api], 
[WARNING] Bundle net.sourceforge.owlapi:owlapi-osgidistribution:bundle:6.0.0-SNAPSHOT : Export org.semanticweb.owlapi.model.parameters,  has 1,  private references [javax.annotation], 
[WARNING] Bundle net.sourceforge.owlapi:owlapi-osgidistribution:bundle:6.0.0-SNAPSHOT : Export org.semanticweb.owlapi.model.providers,  has 1,  private references [javax.annotation], 
[WARNING] Bundle net.sourceforge.owlapi:owlapi-osgidistribution:bundle:6.0.0-SNAPSHOT : Export org.semanticweb.owlapi.profiles,  has 1,  private references [javax.annotation], 
[WARNING] Bundle net.sourceforge.owlapi:owlapi-osgidistribution:bundle:6.0.0-SNAPSHOT : Export org.semanticweb.owlapi.profiles.violations,  has 1,  private references [javax.annotation], 
[WARNING] Bundle net.sourceforge.owlapi:owlapi-osgidistribution:bundle:6.0.0-SNAPSHOT : Export org.semanticweb.owlapi.rdf,  has 1,  private references [javax.annotation], 
[WARNING] Bundle net.sourceforge.owlapi:owlapi-osgidistribution:bundle:6.0.0-SNAPSHOT : Export org.semanticweb.owlapi.rdf.model,  has 1,  private references [javax.annotation], 
[WARNING] Bundle net.sourceforge.owlapi:owlapi-osgidistribution:bundle:6.0.0-SNAPSHOT : Export org.semanticweb.owlapi.rdf.rdfxml.parser,  has 1,  private references [javax.annotation], 
[WARNING] Bundle net.sourceforge.owlapi:owlapi-osgidistribution:bundle:6.0.0-SNAPSHOT : Export org.semanticweb.owlapi.rdf.rdfxml.renderer,  has 1,  private references [javax.annotation], 
[WARNING] Bundle net.sourceforge.owlapi:owlapi-osgidistribution:bundle:6.0.0-SNAPSHOT : Export org.semanticweb.owlapi.rdf.turtle.parser,  has 1,  private references [javax.annotation], 
[WARNING] Bundle net.sourceforge.owlapi:owlapi-osgidistribution:bundle:6.0.0-SNAPSHOT : Export org.semanticweb.owlapi.reasoner,  has 1,  private references [javax.annotation], 
[WARNING] Bundle net.sourceforge.owlapi:owlapi-osgidistribution:bundle:6.0.0-SNAPSHOT : Export org.semanticweb.owlapi.reasoner.impl,  has 1,  private references [javax.annotation], 
[WARNING] Bundle net.sourceforge.owlapi:owlapi-osgidistribution:bundle:6.0.0-SNAPSHOT : Export org.semanticweb.owlapi.rio,  has 6,  private references [org.eclipse.rdf4j.model, org.eclipse.rdf4j.rio, javax.annotation, org.eclipse.rdf4j, org.eclipse.rdf4j.rio.helpers, org.eclipse.rdf4j.common.iteration], 
[WARNING] Bundle net.sourceforge.owlapi:owlapi-osgidistribution:bundle:6.0.0-SNAPSHOT : Export org.semanticweb.owlapi.rio.utils,  has 2,  private references [org.eclipse.rdf4j.model, javax.annotation], 
[WARNING] Bundle net.sourceforge.owlapi:owlapi-osgidistribution:bundle:6.0.0-SNAPSHOT : Export org.semanticweb.owlapi.search,  has 1,  private references [javax.annotation], 
[WARNING] Bundle net.sourceforge.owlapi:owlapi-osgidistribution:bundle:6.0.0-SNAPSHOT : Export org.semanticweb.owlapi.util,  has 1,  private references [javax.annotation], 
[WARNING] Bundle net.sourceforge.owlapi:owlapi-osgidistribution:bundle:6.0.0-SNAPSHOT : Export org.semanticweb.owlapi.util.mansyntax,  has 1,  private references [javax.annotation], 
[WARNING] Bundle net.sourceforge.owlapi:owlapi-osgidistribution:bundle:6.0.0-SNAPSHOT : Export org.semanticweb.owlapi.vocab,  has 1,  private references [javax.annotation], 
[WARNING] Bundle net.sourceforge.owlapi:owlapi-osgidistribution:bundle:6.0.0-SNAPSHOT : Export org.semanticweb.owlapitools.builders,  has 1,  private references [javax.annotation], 
[WARNING] Bundle net.sourceforge.owlapi:owlapi-osgidistribution:bundle:6.0.0-SNAPSHOT : Export org.semanticweb.owlapitools.decomposition,  has 1,  private references [javax.annotation], 
[WARNING] Bundle net.sourceforge.owlapi:owlapi-osgidistribution:bundle:6.0.0-SNAPSHOT : Export uk.ac.manchester.cs.atomicdecomposition,  has 1,  private references [javax.annotation], 
[WARNING] Bundle net.sourceforge.owlapi:owlapi-osgidistribution:bundle:6.0.0-SNAPSHOT : Export uk.ac.manchester.cs.chainsaw,  has 2,  private references [gnu.trove.list, javax.annotation], 
[WARNING] Bundle net.sourceforge.owlapi:owlapi-osgidistribution:bundle:6.0.0-SNAPSHOT : Export uk.ac.manchester.cs.owl.explanation.ordering,  has 1,  private references [javax.annotation], 
[WARNING] Bundle net.sourceforge.owlapi:owlapi-osgidistribution:bundle:6.0.0-SNAPSHOT : Export uk.ac.manchester.cs.owl.owlapi,  has 2,  private references [javax.annotation, com.github.benmanes.caffeine.cache], 
[WARNING] Bundle net.sourceforge.owlapi:owlapi-osgidistribution:bundle:6.0.0-SNAPSHOT : Export uk.ac.manchester.cs.owl.owlapi.concurrent,  has 1,  private references [javax.annotation], 
[WARNING] Bundle net.sourceforge.owlapi:owlapi-osgidistribution:bundle:6.0.0-SNAPSHOT : Export uk.ac.manchester.cs.owlapi.modularity,  has 1,  private references [javax.annotation], 
[WARNING] Bundle net.sourceforge.owlapi:owlapi-osgidistribution:bundle:6.0.0-SNAPSHOT : Export org.obolibrary.macro,  has 1,  private references [javax.annotation], 
[WARNING] Bundle net.sourceforge.owlapi:owlapi-osgidistribution:bundle:6.0.0-SNAPSHOT : Export org.obolibrary.obo2owl,  has 1,  private references [javax.annotation], 
[WARNING] Bundle net.sourceforge.owlapi:owlapi-osgidistribution:bundle:6.0.0-SNAPSHOT : Export org.obolibrary.oboformat.diff,  has 1,  private references [javax.annotation], 
[WARNING] Bundle net.sourceforge.owlapi:owlapi-osgidistribution:bundle:6.0.0-SNAPSHOT : Export org.obolibrary.oboformat.model,  has 1,  private references [javax.annotation], 
[WARNING] Bundle net.sourceforge.owlapi:owlapi-osgidistribution:bundle:6.0.0-SNAPSHOT : Export org.obolibrary.oboformat.parser,  has 1,  private references [javax.annotation], 
[WARNING] Bundle net.sourceforge.owlapi:owlapi-osgidistribution:bundle:6.0.0-SNAPSHOT : Export org.obolibrary.oboformat.writer,  has 2,  private references [javax.annotation, gnu.trove.map.hash], 
[WARNING] Bundle net.sourceforge.owlapi:owlapi-osgidistribution:bundle:6.0.0-SNAPSHOT : Export org.obolibrary.owl,  has 1,  private references [javax.annotation], 
[WARNING] Bundle net.sourceforge.owlapi:owlapi-osgidistribution:bundle:6.0.0-SNAPSHOT : Export org.coode.owlapi.manchesterowlsyntax,  has 1,  private references [javax.annotation], 
[WARNING] Bundle net.sourceforge.owlapi:owlapi-osgidistribution:bundle:6.0.0-SNAPSHOT : Export org.coode.owlapi.obo12.parser,  has 1,  private references [javax.annotation], 
[INFO] 
[INFO] >>> maven-source-plugin:3.0.1:jar (attach-sources) > generate-sources @ owlapi-osgidistribution >>>
[INFO] 
[INFO] --- maven-enforcer-plugin:1.0:enforce (enforce-maven) @ owlapi-osgidistribution ---
[INFO] 
[INFO] <<< maven-source-plugin:3.0.1:jar (attach-sources) < generate-sources @ owlapi-osgidistribution <<<
[INFO] 
[INFO] --- maven-source-plugin:3.0.1:jar (attach-sources) @ owlapi-osgidistribution ---
[INFO] Building jar: /home/travis/build/owlcs/owlapi/osgidistribution/target/owlapi-osgidistribution-6.0.0-SNAPSHOT-sources.jar
[INFO] 
[INFO] --- maven-javadoc-plugin:2.10.4:jar (attach-javadocs) @ owlapi-osgidistribution ---
[INFO] Skipping javadoc generation
[INFO] 
[INFO] --- maven-javadoc-plugin:2.10.4:jar (attach-javadoc) @ owlapi-osgidistribution ---
[INFO] Skipping javadoc generation
[INFO] 
[INFO] --- maven-shade-plugin:2.4.3:shade (default) @ owlapi-osgidistribution ---
[INFO] Including net.sourceforge.owlapi:owlapi-apibinding:jar:6.0.0-SNAPSHOT in the shaded jar.
[INFO] Including net.sourceforge.owlapi:owlapi-tools:jar:6.0.0-SNAPSHOT in the shaded jar.
[INFO] Including net.sourceforge.owlapi:owlapi-impl:jar:6.0.0-SNAPSHOT in the shaded jar.
[INFO] Including net.sourceforge.owlapi:owlapi-parsers:jar:6.0.0-SNAPSHOT in the shaded jar.
[INFO] Including net.sourceforge.owlapi:owlapi-oboformat:jar:6.0.0-SNAPSHOT in the shaded jar.
[INFO] Including net.sourceforge.owlapi:owlapi-rio:jar:6.0.0-SNAPSHOT in the shaded jar.
[INFO] Including net.sourceforge.owlapi:owlapi-api:jar:6.0.0-SNAPSHOT in the shaded jar.
[INFO] Including net.sourceforge.owlapi:owlapi-compatibility:jar:6.0.0-SNAPSHOT in the shaded jar.
[INFO] Excluding com.google.code.findbugs:jsr305:jar:3.0.1 from the shaded jar.
[INFO] Excluding com.fasterxml.jackson.core:jackson-core:jar:2.8.5 from the shaded jar.
[INFO] Excluding com.fasterxml.jackson.core:jackson-databind:jar:2.8.5 from the shaded jar.
[INFO] Excluding com.fasterxml.jackson.core:jackson-annotations:jar:2.8.5 from the shaded jar.
[INFO] Excluding org.apache.commons:commons-rdf-api:jar:0.3.0-incubating from the shaded jar.
[INFO] Excluding org.tukaani:xz:jar:1.6 from the shaded jar.
[INFO] Excluding org.slf4j:slf4j-api:jar:1.7.22 from the shaded jar.
[INFO] Excluding org.slf4j:jcl-over-slf4j:jar:1.7.22 from the shaded jar.
[INFO] Excluding org.eclipse.rdf4j:rdf4j-model:jar:2.1.4 from the shaded jar.
[INFO] Excluding org.eclipse.rdf4j:rdf4j-rio-api:jar:2.1.4 from the shaded jar.
[INFO] Excluding org.eclipse.rdf4j:rdf4j-rio-languages:jar:2.1.4 from the shaded jar.
[INFO] Excluding org.eclipse.rdf4j:rdf4j-rio-datatypes:jar:2.1.4 from the shaded jar.
[INFO] Excluding org.eclipse.rdf4j:rdf4j-rio-binary:jar:2.1.4 from the shaded jar.
[INFO] Excluding org.eclipse.rdf4j:rdf4j-rio-n3:jar:2.1.4 from the shaded jar.
[INFO] Excluding org.eclipse.rdf4j:rdf4j-rio-nquads:jar:2.1.4 from the shaded jar.
[INFO] Excluding org.eclipse.rdf4j:rdf4j-rio-ntriples:jar:2.1.4 from the shaded jar.
[INFO] Excluding org.eclipse.rdf4j:rdf4j-rio-rdfjson:jar:2.1.4 from the shaded jar.
[INFO] Excluding org.eclipse.rdf4j:rdf4j-rio-jsonld:jar:2.1.4 from the shaded jar.
[INFO] Excluding org.eclipse.rdf4j:rdf4j-rio-rdfxml:jar:2.1.4 from the shaded jar.
[INFO] Excluding org.eclipse.rdf4j:rdf4j-rio-trix:jar:2.1.4 from the shaded jar.
[INFO] Excluding org.eclipse.rdf4j:rdf4j-rio-turtle:jar:2.1.4 from the shaded jar.
[INFO] Excluding org.eclipse.rdf4j:rdf4j-rio-trig:jar:2.1.4 from the shaded jar.
[INFO] Excluding org.eclipse.rdf4j:rdf4j-util:jar:2.1.4 from the shaded jar.
[INFO] Excluding com.github.jsonld-java:jsonld-java:jar:0.9.0 from the shaded jar.
[INFO] Excluding org.apache.httpcomponents:httpclient-osgi:jar:4.5.2 from the shaded jar.
[INFO] Excluding org.apache.httpcomponents:httpmime:jar:4.5.2 from the shaded jar.
[INFO] Excluding org.apache.httpcomponents:fluent-hc:jar:4.5.2 from the shaded jar.
[INFO] Excluding org.apache.httpcomponents:httpcore-osgi:jar:4.4.5 from the shaded jar.
[INFO] Excluding org.apache.httpcomponents:httpcore-nio:jar:4.4.5 from the shaded jar.
[INFO] Excluding org.apache.httpcomponents:httpclient:jar:4.5.2 from the shaded jar.
[INFO] Excluding org.apache.httpcomponents:httpclient-cache:jar:4.5.2 from the shaded jar.
[INFO] Excluding org.apache.httpcomponents:httpcore:jar:4.4.5 from the shaded jar.
[INFO] Excluding commons-codec:commons-codec:jar:1.10 from the shaded jar.
[INFO] Excluding commons-logging:commons-logging:jar:1.2 from the shaded jar.
[INFO] Excluding commons-io:commons-io:jar:2.5 from the shaded jar.
[INFO] Excluding net.sf.trove4j:trove4j:jar:3.0.3 from the shaded jar.
[INFO] Excluding com.google.guava:guava:jar:20.0 from the shaded jar.
[INFO] Excluding com.google.inject:guice:jar:4.1.0 from the shaded jar.
[INFO] Excluding javax.inject:javax.inject:jar:1 from the shaded jar.
[INFO] Excluding aopalliance:aopalliance:jar:1.0 from the shaded jar.
[INFO] Excluding com.google.inject.extensions:guice-assistedinject:jar:4.1.0 from the shaded jar.
[INFO] Excluding com.google.inject.extensions:guice-multibindings:jar:4.1.0 from the shaded jar.
[INFO] Excluding com.github.ben-manes.caffeine:caffeine:jar:2.3.5 from the shaded jar.
[INFO] Excluding com.squareup.okhttp3:okhttp:jar:3.5.0 from the shaded jar.
[INFO] Excluding com.squareup.okio:okio:jar:1.11.0 from the shaded jar.
[INFO] Excluding org.apache.servicemix.bundles:org.apache.servicemix.bundles.javax-inject:jar:1_2 from the shaded jar.
[INFO] Excluding org.apache.servicemix.bundles:org.apache.servicemix.bundles.aopalliance:jar:1.0_6 from the shaded jar.
[WARNING] owlapi-osgidistribution-6.0.0-SNAPSHOT.jar, owlapi-impl-6.0.0-SNAPSHOT.jar define 199 overlapping classes: 
[WARNING]   - org.semanticweb.owlapi.reasoner.impl.OWLNamedIndividualNodeSet
[WARNING]   - uk.ac.manchester.cs.owl.owlapi.SWRLIndividualArgumentImpl
[WARNING]   - uk.ac.manchester.cs.owl.owlapi.InitVisitorFactory$InitIndividualVisitor
[WARNING]   - uk.ac.manchester.cs.owl.owlapi.OWLDataAllValuesFromImpl
[WARNING]   - uk.ac.manchester.cs.owl.owlapi.concurrent.NonConcurrentOWLOntologyBuilder
[WARNING]   - uk.ac.manchester.cs.owl.owlapi.OWLImportsDeclarationImpl
[WARNING]   - uk.ac.manchester.cs.owl.owlapi.OWLSubPropertyAxiomImpl
[WARNING]   - uk.ac.manchester.cs.owl.owlapi.OWLSameIndividualAxiomImpl
[WARNING]   - uk.ac.manchester.cs.owl.owlapi.Internals$RemoveAxiomVisitor
[WARNING]   - uk.ac.manchester.cs.owl.owlapi.SWRLSameIndividualAtomImpl
[WARNING]   - 189 more...
[WARNING] owlapi-osgidistribution-6.0.0-SNAPSHOT.jar, owlapi-parsers-6.0.0-SNAPSHOT.jar define 442 overlapping classes: 
[WARNING]   - org.semanticweb.owlapi.rdf.rdfxml.parser.TripleHandlers$TPOneOfHandler
[WARNING]   - org.semanticweb.owlapi.krss2.renderer.KRSS2SyntaxRenderer
[WARNING]   - org.semanticweb.owlapi.owlxml.parser.DataOneOfEH
[WARNING]   - org.semanticweb.owlapi.rdf.rdfxml.renderer.package-info
[WARNING]   - org.semanticweb.owlapi.rdf.rdfxml.parser.Translators$ObjectMinCardinalityTranslator
[WARNING]   - org.semanticweb.owlapi.rdf.turtle.parser.TurtleParserException
[WARNING]   - org.semanticweb.owlapi.latex.renderer.LatexOWLObjectRenderer
[WARNING]   - org.semanticweb.owlapi.rdf.turtle.parser.OWLRDFConsumerAdapter
[WARNING]   - org.semanticweb.owlapi.owlxml.renderer.OWLXMLObjectRenderer
[WARNING]   - org.semanticweb.owlapi.owlxml.parser.IndividualEH
[WARNING]   - 432 more...
[WARNING] owlapi-api-6.0.0-SNAPSHOT.jar, owlapi-osgidistribution-6.0.0-SNAPSHOT.jar define 907 overlapping classes: 
[WARNING]   - org.semanticweb.owlapi.model.OWLPropertyAssertionObject
[WARNING]   - org.semanticweb.owlapi.model.OWLAnonymousClassExpression
[WARNING]   - org.semanticweb.owlapi.model.HasApplyChange
[WARNING]   - org.semanticweb.owlapi.util.InferredIndividualAxiomGenerator
[WARNING]   - org.semanticweb.owlapi.model.SWRLDArgument
[WARNING]   - org.semanticweb.owlapi.util.OWLOntologyWalkerVisitor
[WARNING]   - org.semanticweb.owlapi.model.providers.ExistentialProvider
[WARNING]   - org.semanticweb.owlapi.model.axiomproviders.PropertyCharacteristicAxiomProvider
[WARNING]   - org.semanticweb.owlapi.model.OWLObjectPropertyDomainAxiom
[WARNING]   - org.semanticweb.owlapi.io.SystemOutDocumentTarget
[WARNING]   - 897 more...
[WARNING] owlapi-osgidistribution-6.0.0-SNAPSHOT.jar, owlapi-oboformat-6.0.0-SNAPSHOT.jar define 76 overlapping classes: 
[WARNING]   - org.obolibrary.oboformat.parser.OBOFormatException
[WARNING]   - org.obolibrary.obo2owl.OWLAPIOwl2Obo
[WARNING]   - org.obolibrary.macro.MacroExpansionGCIVisitor$MacroExpansions
[WARNING]   - org.obolibrary.oboformat.diff.Diff
[WARNING]   - org.semanticweb.owlapi.oboformat.OBOFormatRenderer$1
[WARNING]   - org.obolibrary.obo2owl.IdTranslator
[WARNING]   - org.obolibrary.oboformat.model.Clause
[WARNING]   - org.obolibrary.oboformat.parser.XrefExpander$ReverseGenusDifferentiaExpansion
[WARNING]   - org.obolibrary.owl.LabelFunctionalSyntaxStorer
[WARNING]   - org.obolibrary.oboformat.model.FrameStructureException
[WARNING]   - 66 more...
[WARNING] owlapi-osgidistribution-6.0.0-SNAPSHOT.jar, owlapi-tools-6.0.0-SNAPSHOT.jar define 136 overlapping classes: 
[WARNING]   - com.clarkparsia.owlapi.explanation.util.SilentExplanationProgressMonitor
[WARNING]   - uk.ac.manchester.cs.atomicdecomposition.package-info
[WARNING]   - uk.ac.manchester.cs.factplusplusad.OntologyBasedModularizer
[WARNING]   - org.semanticweb.owlapi.metrics.HiddenGCICount
[WARNING]   - org.semanticweb.owlapitools.decomposition.Modularizer
[WARNING]   - com.clarkparsia.owlapi.modularity.locality.SemanticLocalityEvaluator
[WARNING]   - uk.ac.manchester.cs.factplusplusad.Signature
[WARNING]   - org.semanticweb.owlapi.metrics.DoubleValuedMetric
[WARNING]   - org.semanticweb.owlapitools.decomposition.SigIndex
[WARNING]   - com.clarkparsia.owlapi.explanation.io.ExplanationRenderer
[WARNING]   - 126 more...
[WARNING] owlapi-compatibility-6.0.0-SNAPSHOT.jar, owlapi-osgidistribution-6.0.0-SNAPSHOT.jar define 98 overlapping classes: 
[WARNING]   - org.coode.owlapi.obo12.parser.OBOIdType$1
[WARNING]   - uk.ac.manchester.cs.owlapi.dlsyntax.DLSyntaxHTMLOntologyFormat
[WARNING]   - org.coode.owl.krssparser.KRSSOntologyFormat
[WARNING]   - org.coode.owlapi.obo12.parser.XRefTagHandler
[WARNING]   - org.coode.owlapi.obo12.parser.IDSpaceTagValueHandler
[WARNING]   - org.coode.owlapi.obo12.parser.OBOIdTranslator
[WARNING]   - org.coode.owlapi.obo12.parser.OntologyTagValueHandler
[WARNING]   - org.coode.owlapi.obo12.parser.OBOIdType$OBOIIdTranslator
[WARNING]   - org.coode.owlapi.obo12.parser.OBO12DocumentFormat
[WARNING]   - org.coode.owlapi.obo12.parser.PartOfTagValueHandler
[WARNING]   - 88 more...
[WARNING] owlapi-rio-6.0.0-SNAPSHOT.jar, owlapi-osgidistribution-6.0.0-SNAPSHOT.jar define 68 overlapping classes: 
[WARNING]   - org.semanticweb.owlapi.formats.N3DocumentFormatFactory
[WARNING]   - org.semanticweb.owlapi.formats.RioTurtleDocumentFormatFactory
[WARNING]   - org.semanticweb.owlapi.rio.RioStorer
[WARNING]   - org.semanticweb.owlapi.rio.RioOWLRDFParser
[WARNING]   - org.semanticweb.owlapi.rio.OWLAPIRDFFormat
[WARNING]   - org.semanticweb.owlapi.formats.N3DocumentFormat
[WARNING]   - org.semanticweb.owlapi.rio.RioFunctionalSyntaxParserFactory
[WARNING]   - org.semanticweb.owlapi.rio.RioTrigStorerFactory
[WARNING]   - org.semanticweb.owlapi.rio.RioManchesterSyntaxParserFactory
[WARNING]   - org.semanticweb.owlapi.rio.AbstractRioStorerFactory
[WARNING]   - 58 more...
[WARNING] owlapi-osgidistribution-6.0.0-SNAPSHOT.jar, owlapi-apibinding-6.0.0-SNAPSHOT.jar define 3 overlapping classes: 
[WARNING]   - org.semanticweb.owlapi.apibinding.OWLManager
[WARNING]   - org.semanticweb.owlapi.apibinding.package-info
[WARNING]   - org.semanticweb.owlapi.apibinding.OWLFunctionalSyntaxFactory
[WARNING] maven-shade-plugin has detected that some class files are
[WARNING] present in two or more JARs. When this happens, only one
[WARNING] single version of the class is copied to the uber jar.
[WARNING] Usually this is not harmful and you can skip these warnings,
[WARNING] otherwise try to manually exclude artifacts based on
[WARNING] mvn dependency:tree -Ddetail=true and the above output.
[WARNING] See http://maven.apache.org/plugins/maven-shade-plugin/
[INFO] Replacing original artifact with shaded artifact.
[INFO] Replacing /home/travis/build/owlcs/owlapi/osgidistribution/target/owlapi-osgidistribution-6.0.0-SNAPSHOT.jar with /home/travis/build/owlcs/owlapi/osgidistribution/target/owlapi-osgidistribution-6.0.0-SNAPSHOT-shaded.jar
[INFO] Dependency-reduced POM written at: /home/travis/build/owlcs/owlapi/osgidistribution/dependency-reduced-pom.xml
[INFO] 
[INFO] --- maven-assembly-plugin:3.0.0:single (attach-sources) @ owlapi-osgidistribution ---
[INFO] Reading assembly descriptor: src/assembly/sources.xml
[INFO] Building jar: /home/travis/build/owlcs/owlapi/osgidistribution/target/owlapi-osgidistribution-6.0.0-SNAPSHOT-sources.jar
[INFO] 
[INFO] --- maven-failsafe-plugin:2.19.1:integration-test (default) @ owlapi-osgidistribution ---
[WARNING] useSystemClassloader setting has no effect when not forking
Running org.semanticweb.owlapi.BundleIsLoadableIntegrationTestCase
DEBUG: FRAGMENT WIRE: [slf4j.simple [3](R 3.0)] osgi.wiring.host; (&(osgi.wiring.host=slf4j.api)(bundle-version>=0.0.0)) -> [slf4j.api [4](R 4.0)]
DEBUG: FRAGMENT WIRE: [slf4j.simple [3](R 3.0)] osgi.ee; (&(osgi.ee=JavaSE)(version=1.5.0)) -> [org.apache.felix.framework [0](R 0)]
DEBUG: WIRE: [slf4j.api [4](R 4.0)] osgi.ee; (&(osgi.ee=JavaSE)(version=1.5.0)) -> [org.apache.felix.framework [0](R 0)]
DEBUG: WIRE: [com.github.ben-manes.caffeine [5](R 5.0)] osgi.ee; (&(osgi.ee=JavaSE)(version=1.8)) -> [org.apache.felix.framework [0](R 0)]
DEBUG: WIRE: [com.google.guava [6](R 6.0)] osgi.wiring.package; (osgi.wiring.package=javax.annotation) -> [org.apache.felix.framework [0](R 0)]
DEBUG: WIRE: [com.google.guava [6](R 6.0)] osgi.wiring.package; (osgi.wiring.package=javax.crypto) -> [org.apache.felix.framework [0](R 0)]
DEBUG: WIRE: [com.google.guava [6](R 6.0)] osgi.wiring.package; (osgi.wiring.package=javax.crypto.spec) -> [org.apache.felix.framework [0](R 0)]
DEBUG: WIRE: [com.google.guava [6](R 6.0)] osgi.ee; (&(osgi.ee=JavaSE)(version=1.6)) -> [org.apache.felix.framework [0](R 0)]
DEBUG: FRAGMENT WIRE: [com.google.inject.multibindings [8](R 8.0)] osgi.wiring.host; (&(osgi.wiring.host=com.google.inject)(bundle-version>=0.0.0)) -> [com.google.inject [10](R 10.0)]
DEBUG: FRAGMENT WIRE: [com.google.inject.multibindings [8](R 8.0)] osgi.ee; (&(osgi.ee=JavaSE)(version=1.6.0)) -> [org.apache.felix.framework [0](R 0)]
DEBUG: FRAGMENT WIRE: [com.google.inject.assistedinject [9](R 9.0)] osgi.wiring.host; (&(osgi.wiring.host=com.google.inject)(bundle-version>=0.0.0)) -> [com.google.inject [10](R 10.0)]
DEBUG: FRAGMENT WIRE: [com.google.inject.assistedinject [9](R 9.0)] osgi.ee; (&(osgi.ee=JavaSE)(version=1.6.0)) -> [org.apache.felix.framework [0](R 0)]
DEBUG: WIRE: [com.google.inject [10](R 10.0)] osgi.wiring.package; (&(osgi.wiring.package=com.google.common.base)(version>=19.0.0)) -> [com.google.guava [6](R 6.0)]
DEBUG: WIRE: [com.google.inject [10](R 10.0)] osgi.wiring.package; (&(osgi.wiring.package=com.google.common.cache)(version>=19.0.0)) -> [com.google.guava [6](R 6.0)]
DEBUG: WIRE: [com.google.inject [10](R 10.0)] osgi.wiring.package; (&(osgi.wiring.package=com.google.common.collect)(version>=19.0.0)) -> [com.google.guava [6](R 6.0)]
DEBUG: WIRE: [com.google.inject [10](R 10.0)] osgi.wiring.package; (osgi.wiring.package=javax.inject) -> [org.apache.servicemix.bundles.javax-inject [1](R 1.0)]
DEBUG: WIRE: [com.google.inject [10](R 10.0)] osgi.wiring.package; (osgi.wiring.package=org.aopalliance.intercept) -> [org.apache.servicemix.bundles.aopalliance [2](R 2.0)]
DEBUG: WIRE: [com.google.inject.assistedinject [9](R 9.0)] osgi.wiring.package; (&(osgi.wiring.package=com.google.common.base)(version>=19.0.0)) -> [com.google.guava [6](R 6.0)]
DEBUG: WIRE: [com.google.inject.assistedinject [9](R 9.0)] osgi.wiring.package; (&(osgi.wiring.package=com.google.common.collect)(version>=19.0.0)) -> [com.google.guava [6](R 6.0)]
DEBUG: WIRE: [com.google.inject.assistedinject [9](R 9.0)] osgi.wiring.package; (osgi.wiring.package=javax.inject) -> [org.apache.servicemix.bundles.javax-inject [1](R 1.0)]
DEBUG: WIRE: [com.google.inject.multibindings [8](R 8.0)] osgi.wiring.package; (&(osgi.wiring.package=com.google.common.base)(version>=19.0.0)) -> [com.google.guava [6](R 6.0)]
DEBUG: WIRE: [com.google.inject.multibindings [8](R 8.0)] osgi.wiring.package; (&(osgi.wiring.package=com.google.common.collect)(version>=19.0.0)) -> [com.google.guava [6](R 6.0)]
DEBUG: WIRE: [com.google.inject.multibindings [8](R 8.0)] osgi.wiring.package; (&(osgi.wiring.package=com.google.common.primitives)(version>=19.0.0)) -> [com.google.guava [6](R 6.0)]
DEBUG: WIRE: [com.google.inject.multibindings [8](R 8.0)] osgi.wiring.package; (osgi.wiring.package=javax.inject) -> [org.apache.servicemix.bundles.javax-inject [1](R 1.0)]
DEBUG: WIRE: [com.google.inject [10](R 10.0)] osgi.ee; (&(osgi.ee=JavaSE)(version=1.6.0)) -> [org.apache.felix.framework [0](R 0)]
DEBUG: WIRE: [org.apache.commons.io [11](R 11.0)] osgi.ee; (&(osgi.ee=JavaSE)(version=1.6)) -> [org.apache.felix.framework [0](R 0)]
DEBUG: WIRE: [org.apache.commons.codec [12](R 12.0)] osgi.wiring.package; (osgi.wiring.package=javax.crypto) -> [org.apache.felix.framework [0](R 0)]
DEBUG: WIRE: [org.apache.commons.codec [12](R 12.0)] osgi.wiring.package; (osgi.wiring.package=javax.crypto.spec) -> [org.apache.felix.framework [0](R 0)]
DEBUG: WIRE: [org.apache.commons.codec [12](R 12.0)] osgi.ee; (&(osgi.ee=JavaSE)(version=1.6)) -> [org.apache.felix.framework [0](R 0)]
DEBUG: WIRE: [jcl.over.slf4j [13](R 13.0)] osgi.wiring.package; (&(osgi.wiring.package=org.slf4j)(version>=1.7.22)) -> [slf4j.api [4](R 4.0)]
DEBUG: WIRE: [jcl.over.slf4j [13](R 13.0)] osgi.wiring.package; (&(osgi.wiring.package=org.slf4j.spi)(version>=1.7.22)) -> [slf4j.api [4](R 4.0)]
DEBUG: WIRE: [jcl.over.slf4j [13](R 13.0)] osgi.ee; (&(osgi.ee=JavaSE)(version=1.5.0)) -> [org.apache.felix.framework [0](R 0)]
DEBUG: WIRE: [org.semanticweb.owl.owlapi [14](R 14.0)] osgi.wiring.package; (&(osgi.wiring.package=com.google.common.base)(version>=20.0.0)(!(version>=21.0.0))) -> [com.google.guava [6](R 6.0)]
DEBUG: WIRE: [org.semanticweb.owl.owlapi [14](R 14.0)] osgi.wiring.package; (&(osgi.wiring.package=com.google.common.cache)(version>=20.0.0)(!(version>=21.0.0))) -> [com.google.guava [6](R 6.0)]
DEBUG: WIRE: [org.semanticweb.owl.owlapi [14](R 14.0)] osgi.wiring.package; (&(osgi.wiring.package=com.google.common.collect)(version>=20.0.0)(!(version>=21.0.0))) -> [com.google.guava [6](R 6.0)]
DEBUG: WIRE: [org.semanticweb.owl.owlapi [14](R 14.0)] osgi.wiring.package; (&(osgi.wiring.package=com.google.common.io)(version>=20.0.0)(!(version>=21.0.0))) -> [com.google.guava [6](R 6.0)]
DEBUG: WIRE: [org.semanticweb.owl.owlapi [14](R 14.0)] osgi.wiring.package; (&(osgi.wiring.package=com.google.inject)(version>=1.4.0)(!(version>=2.0.0))) -> [com.google.inject [10](R 10.0)]
DEBUG: WIRE: [org.semanticweb.owl.owlapi [14](R 14.0)] osgi.wiring.package; (&(osgi.wiring.package=com.google.inject.assistedinject)(version>=1.4.0)(!(version>=2.0.0))) -> [com.google.inject [10](R 10.0)]
DEBUG: WIRE: [org.semanticweb.owl.owlapi [14](R 14.0)] osgi.wiring.package; (&(osgi.wiring.package=com.google.inject.binder)(version>=1.4.0)(!(version>=2.0.0))) -> [com.google.inject [10](R 10.0)]
DEBUG: WIRE: [org.semanticweb.owl.owlapi [14](R 14.0)] osgi.wiring.package; (&(osgi.wiring.package=com.google.inject.multibindings)(version>=1.4.0)(!(version>=2.0.0))) -> [com.google.inject [10](R 10.0)]
DEBUG: WIRE: [org.semanticweb.owl.owlapi [14](R 14.0)] osgi.wiring.package; (osgi.wiring.package=javax.crypto) -> [org.apache.felix.framework [0](R 0)]
DEBUG: WIRE: [org.semanticweb.owl.owlapi [14](R 14.0)] osgi.wiring.package; (osgi.wiring.package=javax.crypto.spec) -> [org.apache.felix.framework [0](R 0)]
DEBUG: WIRE: [org.semanticweb.owl.owlapi [14](R 14.0)] osgi.wiring.package; (osgi.wiring.package=javax.imageio) -> [org.apache.felix.framework [0](R 0)]
DEBUG: WIRE: [org.semanticweb.owl.owlapi [14](R 14.0)] osgi.wiring.package; (osgi.wiring.package=javax.inject) -> [org.apache.servicemix.bundles.javax-inject [1](R 1.0)]
DEBUG: WIRE: [org.semanticweb.owl.owlapi [14](R 14.0)] osgi.wiring.package; (osgi.wiring.package=javax.naming) -> [org.apache.felix.framework [0](R 0)]
DEBUG: WIRE: [org.semanticweb.owl.owlapi [14](R 14.0)] osgi.wiring.package; (osgi.wiring.package=javax.naming.directory) -> [org.apache.felix.framework [0](R 0)]
DEBUG: WIRE: [org.semanticweb.owl.owlapi [14](R 14.0)] osgi.wiring.package; (osgi.wiring.package=javax.naming.ldap) -> [org.apache.felix.framework [0](R 0)]
DEBUG: WIRE: [org.semanticweb.owl.owlapi [14](R 14.0)] osgi.wiring.package; (osgi.wiring.package=javax.net) -> [org.apache.felix.framework [0](R 0)]
DEBUG: WIRE: [org.semanticweb.owl.owlapi [14](R 14.0)] osgi.wiring.package; (osgi.wiring.package=javax.net.ssl) -> [org.apache.felix.framework [0](R 0)]
DEBUG: WIRE: [org.semanticweb.owl.owlapi [14](R 14.0)] osgi.wiring.package; (osgi.wiring.package=javax.security.auth.x500) -> [org.apache.felix.framework [0](R 0)]
DEBUG: WIRE: [org.semanticweb.owl.owlapi [14](R 14.0)] osgi.wiring.package; (osgi.wiring.package=javax.swing) -> [org.apache.felix.framework [0](R 0)]
DEBUG: WIRE: [org.semanticweb.owl.owlapi [14](R 14.0)] osgi.wiring.package; (osgi.wiring.package=javax.xml.bind.annotation.adapters) -> [org.apache.felix.framework [0](R 0)]
DEBUG: WIRE: [org.semanticweb.owl.owlapi [14](R 14.0)] osgi.wiring.package; (osgi.wiring.package=javax.xml.datatype) -> [org.apache.felix.framework [0](R 0)]
DEBUG: WIRE: [org.semanticweb.owl.owlapi [14](R 14.0)] osgi.wiring.package; (osgi.wiring.package=javax.xml.namespace) -> [org.apache.felix.framework [0](R 0)]
DEBUG: WIRE: [org.semanticweb.owl.owlapi [14](R 14.0)] osgi.wiring.package; (osgi.wiring.package=javax.xml.parsers) -> [org.apache.felix.framework [0](R 0)]
DEBUG: WIRE: [org.semanticweb.owl.owlapi [14](R 14.0)] osgi.wiring.package; (osgi.wiring.package=javax.xml.transform.sax) -> [org.apache.felix.framework [0](R 0)]
DEBUG: WIRE: [org.semanticweb.owl.owlapi [14](R 14.0)] osgi.wiring.package; (osgi.wiring.package=javax.xml.validation) -> [org.apache.felix.framework [0](R 0)]
DEBUG: WIRE: [org.semanticweb.owl.owlapi [14](R 14.0)] osgi.wiring.package; (&(osgi.wiring.package=org.apache.commons.codec.binary)(version>=1.10.0)(!(version>=2.0.0))) -> [org.apache.commons.codec [12](R 12.0)]
DEBUG: WIRE: [org.semanticweb.owl.owlapi [14](R 14.0)] osgi.wiring.package; (&(osgi.wiring.package=org.apache.commons.io)(version>=1.4.0)(!(version>=2.0.0))) -> [org.apache.commons.io [11](R 11.0)]
DEBUG: WIRE: [org.semanticweb.owl.owlapi [14](R 14.0)] osgi.wiring.package; (&(osgi.wiring.package=org.apache.commons.io.input)(version>=1.4.0)(!(version>=2.0.0))) -> [org.apache.commons.io [11](R 11.0)]
DEBUG: WIRE: [org.semanticweb.owl.owlapi [14](R 14.0)] osgi.wiring.package; (osgi.wiring.package=org.ietf.jgss) -> [org.apache.felix.framework [0](R 0)]
DEBUG: WIRE: [org.semanticweb.owl.owlapi [14](R 14.0)] osgi.wiring.package; (&(osgi.wiring.package=org.slf4j)(version>=1.7.0)(!(version>=2.0.0))) -> [slf4j.api [4](R 4.0)]
DEBUG: WIRE: [org.semanticweb.owl.owlapi [14](R 14.0)] osgi.wiring.package; (&(osgi.wiring.package=org.slf4j.spi)(version>=1.7.0)(!(version>=2.0.0))) -> [slf4j.api [4](R 4.0)]
DEBUG: WIRE: [org.semanticweb.owl.owlapi [14](R 14.0)] osgi.wiring.package; (osgi.wiring.package=org.w3c.dom) -> [org.apache.felix.framework [0](R 0)]
DEBUG: WIRE: [org.semanticweb.owl.owlapi [14](R 14.0)] osgi.wiring.package; (osgi.wiring.package=org.w3c.dom.bootstrap) -> [org.apache.felix.framework [0](R 0)]
DEBUG: WIRE: [org.semanticweb.owl.owlapi [14](R 14.0)] osgi.wiring.package; (osgi.wiring.package=org.w3c.dom.ls) -> [org.apache.felix.framework [0](R 0)]
DEBUG: WIRE: [org.semanticweb.owl.owlapi [14](R 14.0)] osgi.wiring.package; (osgi.wiring.package=org.xml.sax) -> [org.apache.felix.framework [0](R 0)]
DEBUG: WIRE: [org.semanticweb.owl.owlapi [14](R 14.0)] osgi.wiring.package; (osgi.wiring.package=org.xml.sax.ext) -> [org.apache.felix.framework [0](R 0)]
DEBUG: WIRE: [org.semanticweb.owl.owlapi [14](R 14.0)] osgi.wiring.package; (osgi.wiring.package=org.xml.sax.helpers) -> [org.apache.felix.framework [0](R 0)]
DEBUG: WIRE: [org.semanticweb.owl.owlapi [14](R 14.0)] osgi.ee; (&(osgi.ee=JavaSE)(version=1.8)) -> [org.apache.felix.framework [0](R 0)]
Tests run: 1, Failures: 0, Errors: 0, Skipped: 0, Time elapsed: 0.344 sec - in org.semanticweb.owlapi.BundleIsLoadableIntegrationTestCase
Running org.semanticweb.owlapi.api.test.VerifyVersionInfoIntegrationTestCase
Tests run: 1, Failures: 0, Errors: 0, Skipped: 0, Time elapsed: 0 sec - in org.semanticweb.owlapi.api.test.VerifyVersionInfoIntegrationTestCase
Running org.semanticweb.owlapi.io.LoadXZOntologyViaHTTPIntegrationTestCase
Tests run: 1, Failures: 0, Errors: 0, Skipped: 0, Time elapsed: 2.038 sec - in org.semanticweb.owlapi.io.LoadXZOntologyViaHTTPIntegrationTestCase

Results :

Tests run: 3, Failures: 0, Errors: 0, Skipped: 0

[INFO] 
[INFO] --- maven-failsafe-plugin:2.19.1:verify (default) @ owlapi-osgidistribution ---
[INFO] ------------------------------------------------------------------------
[INFO] Reactor Summary:
[INFO] 
[INFO] OWLAPI ............................................. SUCCESS [  2.447 s]
[INFO] OWLAPI :: Interfaces ............................... SUCCESS [ 21.180 s]
[INFO] OWLAPI :: Default Implementation ................... SUCCESS [  6.366 s]
[INFO] OWLAPI :: Atomic Decomposition and Explanation ..... SUCCESS [  0.279 s]
[INFO] OWLAPI :: Parsers .................................. SUCCESS [  6.769 s]
[INFO] OWLAPI :: OBO Format ............................... SUCCESS [  0.819 s]
[INFO] OWLAPI :: RDF4J Rio ................................ SUCCESS [  0.241 s]
[INFO] OWLAPI :: Binding and Config ....................... SUCCESS [  0.090 s]
[INFO] OWLAPI :: Compatibility ............................ SUCCESS [  0.217 s]
[INFO] OWLAPI :: Tests and Tutorials ...................... SUCCESS [ 52.529 s]
[INFO] OWLAPI :: Distribution ............................. SUCCESS [  9.104 s]
[INFO] OWLAPI :: OSGi and Compatibility Distribution ...... SUCCESS [ 13.948 s]
[INFO] ------------------------------------------------------------------------
[INFO] BUILD SUCCESS
[INFO] ------------------------------------------------------------------------
[INFO] Total time: 01:56 min
[INFO] Finished at: 2017-01-16T08:20:57+00:00
[INFO] Final Memory: 48M/480M
[INFO] ------------------------------------------------------------------------

travis_time:end:32b6a378:start=1484554739470568169,finish=1484554858242725166,duration=118772156997[0K
[32;1mThe command "mvn verify" exited with 0.[0m
travis_fold:start:cache.2[0Kstore build cache
travis_time:start:001ea34d[0K
travis_time:end:001ea34d:start=1484554858253389279,finish=1484554858259973938,duration=6584659[0Ktravis_time:start:24c99b54[0K[32;1mchange detected (content changed, file is created, or file is deleted):
/home/travis/.m2/repository/net/sourceforge/owlapi/owlapi-api/6.0.0-SNAPSHOT/maven-metadata-local.xml
/home/travis/.m2/repository/net/sourceforge/owlapi/owlapi-api/6.0.0-SNAPSHOT/owlapi-api-6.0.0-SNAPSHOT.jar
/home/travis/.m2/repository/net/sourceforge/owlapi/owlapi-api/6.0.0-SNAPSHOT/owlapi-api-6.0.0-SNAPSHOT-sources.jar
/home/travis/.m2/repository/net/sourceforge/owlapi/owlapi-api/6.0.0-SNAPSHOT/_remote.repositories
/home/travis/.m2/repository/net/sourceforge/owlapi/owlapi-apibinding/6.0.0-SNAPSHOT/maven-metadata-local.xml
/home/travis/.m2/repository/net/sourceforge/owlapi/owlapi-apibinding/6.0.0-SNAPSHOT/owlapi-apibinding-6.0.0-SNAPSHOT.jar
/home/travis/.m2/repository/net/sourceforge/owlapi/owlapi-apibinding/6.0.0-SNAPSHOT/owlapi-apibinding-6.0.0-SNAPSHOT-sources.jar
/home/travis/.m2/repository/net/sourceforge/owlapi/owlapi-apibinding/6.0.0-SNAPSHOT/_remote.repositories
/home/travis/.m2/repository/net/sourceforge/owlapi/owlapi-apibinding/maven-metadata-local.xml
/home/travis/.m2/repo
[0m
[32;1m...
[0m
[32;1mchanges detected, packing new archive[0m
.
[32;1muploading archive[0m

travis_time:end:24c99b54:start=1484554858265948238,finish=1484554871818861824,duration=13552913586[0Ktravis_fold:end:cache.2[0K
Done. Your build exited with 0.
