Using worker: worker-linux-docker-0909388d.prod.travis-ci.org:travis-linux-6

travis_fold:start:system_info[0K[33;1mBuild system information[0m
Build language: java
Build group: stable
Build dist: precise
[34m[1mBuild image provisioning date and time[0m
Thu Feb  5 15:09:33 UTC 2015
[34m[1mOperating System Details[0m
Distributor ID:	Ubuntu
Description:	Ubuntu 12.04.5 LTS
Release:	12.04
Codename:	precise
[34m[1mLinux Version[0m
3.13.0-29-generic
[34m[1mCookbooks Version[0m
a68419e https://github.com/travis-ci/travis-cookbooks/tree/a68419e
[34m[1mGCC version[0m
gcc (Ubuntu/Linaro 4.6.3-1ubuntu5) 4.6.3
Copyright (C) 2011 Free Software Foundation, Inc.
This is free software; see the source for copying conditions.  There is NO
warranty; not even for MERCHANTABILITY or FITNESS FOR A PARTICULAR PURPOSE.

[34m[1mLLVM version[0m
clang version 3.4 (tags/RELEASE_34/final)
Target: x86_64-unknown-linux-gnu
Thread model: posix
[34m[1mPre-installed Ruby versions[0m
ruby-1.9.3-p551
[34m[1mPre-installed Node.js versions[0m
v0.10.36
[34m[1mPre-installed Go versions[0m
1.4.1
[34m[1mRedis version[0m
redis-server 2.8.19
[34m[1mriak version[0m
2.0.2
[34m[1mMongoDB version[0m
MongoDB 2.4.12
[34m[1mCouchDB version[0m
couchdb 1.6.1
[34m[1mNeo4j version[0m
1.9.4
[34m[1mRabbitMQ Version[0m
3.4.3
[34m[1mElasticSearch version[0m
1.4.0
[34m[1mInstalled Sphinx versions[0m
2.0.10
2.1.9
2.2.6
[34m[1mDefault Sphinx version[0m
2.2.6
[34m[1mInstalled Firefox version[0m
firefox 31.0esr
[34m[1mPhantomJS version[0m
1.9.8
[34m[1mant -version[0m
Apache Ant(TM) version 1.8.2 compiled on December 3 2011
[34m[1mmvn -version[0m
Apache Maven 3.2.5 (12a6b3acb947671f09b81f49094c53f426d8cea1; 2014-12-14T17:29:23+00:00)
Maven home: /usr/local/maven
Java version: 1.7.0_76, vendor: Oracle Corporation
Java home: /usr/lib/jvm/java-7-oracle/jre
Default locale: en_US, platform encoding: ANSI_X3.4-1968
OS name: "linux", version: "3.13.0-29-generic", arch: "amd64", family: "unix"
travis_fold:end:system_info[0K
travis_fold:start:fix.CVE-2015-7547[0K$ export DEBIAN_FRONTEND=noninteractive
W: Size of file /var/lib/apt/lists/us.archive.ubuntu.com_ubuntu_dists_precise-backports_multiverse_source_Sources.gz is not what the server reported 5886 5888
W: Size of file /var/lib/apt/lists/ppa.launchpad.net_ubuntugis_ppa_ubuntu_dists_precise_main_binary-amd64_Packages.gz is not what the server reported 36669 36677
W: Size of file /var/lib/apt/lists/ppa.launchpad.net_ubuntugis_ppa_ubuntu_dists_precise_main_binary-i386_Packages.gz is not what the server reported 36729 36733
Reading package lists...
Building dependency tree...
Reading state information...
The following extra packages will be installed:
  libc-bin libc-dev-bin libc6-dev
Suggested packages:
  glibc-doc
The following packages will be upgraded:
  libc-bin libc-dev-bin libc6 libc6-dev
4 upgraded, 0 newly installed, 0 to remove and 236 not upgraded.
Need to get 8,844 kB of archives.
After this operation, 9,216 B disk space will be freed.
Get:1 http://us.archive.ubuntu.com/ubuntu/ precise-updates/main libc6-dev amd64 2.15-0ubuntu10.13 [2,943 kB]
Get:2 http://us.archive.ubuntu.com/ubuntu/ precise-updates/main libc-dev-bin amd64 2.15-0ubuntu10.13 [84.7 kB]
Get:3 http://us.archive.ubuntu.com/ubuntu/ precise-updates/main libc-bin amd64 2.15-0ubuntu10.13 [1,179 kB]
Get:4 http://us.archive.ubuntu.com/ubuntu/ precise-updates/main libc6 amd64 2.15-0ubuntu10.13 [4,637 kB]
Fetched 8,844 kB in 0s (24.5 MB/s)
Preconfiguring packages ...
(Reading database ... (Reading database ... 5%(Reading database ... 10%(Reading database ... 15%(Reading database ... 20%(Reading database ... 25%(Reading database ... 30%(Reading database ... 35%(Reading database ... 40%(Reading database ... 45%(Reading database ... 50%(Reading database ... 55%(Reading database ... 60%(Reading database ... 65%(Reading database ... 70%(Reading database ... 75%(Reading database ... 80%(Reading database ... 85%(Reading database ... 90%(Reading database ... 95%(Reading database ... 100%(Reading database ... 72019 files and directories currently installed.)
Preparing to replace libc6-dev 2.15-0ubuntu10.10 (using .../libc6-dev_2.15-0ubuntu10.13_amd64.deb) ...
Unpacking replacement libc6-dev ...
Preparing to replace libc-dev-bin 2.15-0ubuntu10.10 (using .../libc-dev-bin_2.15-0ubuntu10.13_amd64.deb) ...
Unpacking replacement libc-dev-bin ...
Preparing to replace libc-bin 2.15-0ubuntu10.10 (using .../libc-bin_2.15-0ubuntu10.13_amd64.deb) ...
Unpacking replacement libc-bin ...
Processing triggers for man-db ...
Setting up libc-bin (2.15-0ubuntu10.13) ...
(Reading database ... (Reading database ... 5%(Reading database ... 10%(Reading database ... 15%(Reading database ... 20%(Reading database ... 25%(Reading database ... 30%(Reading database ... 35%(Reading database ... 40%(Reading database ... 45%(Reading database ... 50%(Reading database ... 55%(Reading database ... 60%(Reading database ... 65%(Reading database ... 70%(Reading database ... 75%(Reading database ... 80%(Reading database ... 85%(Reading database ... 90%(Reading database ... 95%(Reading database ... 100%(Reading database ... 72019 files and directories currently installed.)
Preparing to replace libc6 2.15-0ubuntu10.10 (using .../libc6_2.15-0ubuntu10.13_amd64.deb) ...
Unpacking replacement libc6 ...
Setting up libc6 (2.15-0ubuntu10.13) ...
Setting up libc-dev-bin (2.15-0ubuntu10.13) ...
Setting up libc6-dev (2.15-0ubuntu10.13) ...
Processing triggers for libc-bin ...
ldconfig deferred processing now taking place
travis_fold:end:fix.CVE-2015-7547[0Ktravis_fold:start:git.checkout[0Ktravis_time:start:134c8e4e[0K$ git clone --depth=50 --branch=feature/502-bytecodes https://github.com/Whiley/WhileyCompiler.git Whiley/WhileyCompiler
Cloning into 'Whiley/WhileyCompiler'...
remote: Counting objects: 3441, done.[K
remote: Compressing objects:   0% (1/2419)   [Kremote: Compressing objects:   1% (25/2419)   [Kremote: Compressing objects:   2% (49/2419)   [Kremote: Compressing objects:   3% (73/2419)   [Kremote: Compressing objects:   4% (97/2419)   [Kremote: Compressing objects:   5% (121/2419)   [Kremote: Compressing objects:   6% (146/2419)   [Kremote: Compressing objects:   7% (170/2419)   [Kremote: Compressing objects:   8% (194/2419)   [Kremote: Compressing objects:   9% (218/2419)   [Kremote: Compressing objects:  10% (242/2419)   [Kremote: Compressing objects:  11% (267/2419)   [Kremote: Compressing objects:  12% (291/2419)   [Kremote: Compressing objects:  13% (315/2419)   [Kremote: Compressing objects:  14% (339/2419)   [Kremote: Compressing objects:  15% (363/2419)   [Kremote: Compressing objects:  16% (388/2419)   [Kremote: Compressing objects:  17% (412/2419)   [Kremote: Compressing objects:  18% (436/2419)   [Kremote: Compressing objects:  19% (460/2419)   [Kremote: Compressing objects:  20% (484/2419)   [Kremote: Compressing objects:  21% (508/2419)   [Kremote: Compressing objects:  22% (533/2419)   [Kremote: Compressing objects:  23% (557/2419)   [Kremote: Compressing objects:  24% (581/2419)   [Kremote: Compressing objects:  25% (605/2419)   [Kremote: Compressing objects:  26% (629/2419)   [Kremote: Compressing objects:  27% (654/2419)   [Kremote: Compressing objects:  28% (678/2419)   [Kremote: Compressing objects:  29% (702/2419)   [Kremote: Compressing objects:  30% (726/2419)   [Kremote: Compressing objects:  31% (750/2419)   [Kremote: Compressing objects:  32% (775/2419)   [Kremote: Compressing objects:  33% (799/2419)   [Kremote: Compressing objects:  34% (823/2419)   [Kremote: Compressing objects:  35% (847/2419)   [Kremote: Compressing objects:  36% (871/2419)   [Kremote: Compressing objects:  37% (896/2419)   [Kremote: Compressing objects:  38% (920/2419)   [Kremote: Compressing objects:  39% (944/2419)   [Kremote: Compressing objects:  40% (968/2419)   [Kremote: Compressing objects:  41% (992/2419)   [Kremote: Compressing objects:  42% (1016/2419)   [Kremote: Compressing objects:  43% (1041/2419)   [Kremote: Compressing objects:  44% (1065/2419)   [Kremote: Compressing objects:  45% (1089/2419)   [Kremote: Compressing objects:  46% (1113/2419)   [Kremote: Compressing objects:  47% (1137/2419)   [Kremote: Compressing objects:  48% (1162/2419)   [Kremote: Compressing objects:  49% (1186/2419)   [Kremote: Compressing objects:  50% (1210/2419)   [Kremote: Compressing objects:  51% (1234/2419)   [Kremote: Compressing objects:  52% (1258/2419)   [Kremote: Compressing objects:  53% (1283/2419)   [Kremote: Compressing objects:  54% (1307/2419)   [Kremote: Compressing objects:  55% (1331/2419)   [Kremote: Compressing objects:  56% (1355/2419)   [Kremote: Compressing objects:  57% (1379/2419)   [Kremote: Compressing objects:  58% (1404/2419)   [Kremote: Compressing objects:  59% (1428/2419)   [Kremote: Compressing objects:  60% (1452/2419)   [Kremote: Compressing objects:  61% (1476/2419)   [Kremote: Compressing objects:  62% (1500/2419)   [Kremote: Compressing objects:  63% (1524/2419)   [Kremote: Compressing objects:  64% (1549/2419)   [Kremote: Compressing objects:  65% (1573/2419)   [Kremote: Compressing objects:  66% (1597/2419)   [Kremote: Compressing objects:  67% (1621/2419)   [Kremote: Compressing objects:  68% (1645/2419)   [Kremote: Compressing objects:  69% (1670/2419)   [Kremote: Compressing objects:  70% (1694/2419)   [Kremote: Compressing objects:  71% (1718/2419)   [Kremote: Compressing objects:  72% (1742/2419)   [Kremote: Compressing objects:  73% (1766/2419)   [Kremote: Compressing objects:  74% (1791/2419)   [Kremote: Compressing objects:  75% (1815/2419)   [Kremote: Compressing objects:  76% (1839/2419)   [Kremote: Compressing objects:  77% (1863/2419)   [Kremote: Compressing objects:  78% (1887/2419)   [Kremote: Compressing objects:  79% (1912/2419)   [Kremote: Compressing objects:  80% (1936/2419)   [Kremote: Compressing objects:  81% (1960/2419)   [Kremote: Compressing objects:  82% (1984/2419)   [Kremote: Compressing objects:  83% (2008/2419)   [Kremote: Compressing objects:  84% (2032/2419)   [Kremote: Compressing objects:  85% (2057/2419)   [Kremote: Compressing objects:  86% (2081/2419)   [Kremote: Compressing objects:  87% (2105/2419)   [Kremote: Compressing objects:  88% (2129/2419)   [Kremote: Compressing objects:  89% (2153/2419)   [Kremote: Compressing objects:  90% (2178/2419)   [Kremote: Compressing objects:  91% (2202/2419)   [Kremote: Compressing objects:  92% (2226/2419)   [Kremote: Compressing objects:  93% (2250/2419)   [Kremote: Compressing objects:  94% (2274/2419)   [Kremote: Compressing objects:  95% (2299/2419)   [Kremote: Compressing objects:  96% (2323/2419)   [Kremote: Compressing objects:  97% (2347/2419)   [Kremote: Compressing objects:  98% (2371/2419)   [Kremote: Compressing objects:  99% (2395/2419)   [Kremote: Compressing objects: 100% (2419/2419)   [Kremote: Compressing objects: 100% (2419/2419), done.[K
Receiving objects:   0% (1/3441)   Receiving objects:   1% (35/3441)   Receiving objects:   2% (69/3441)   Receiving objects:   3% (104/3441)   Receiving objects:   4% (138/3441)   Receiving objects:   5% (173/3441)   Receiving objects:   6% (207/3441)   Receiving objects:   7% (241/3441)   Receiving objects:   8% (276/3441)   Receiving objects:   9% (310/3441)   Receiving objects:  10% (345/3441)   Receiving objects:  11% (379/3441)   Receiving objects:  12% (413/3441)   Receiving objects:  13% (448/3441)   Receiving objects:  14% (482/3441)   Receiving objects:  15% (517/3441)   Receiving objects:  16% (551/3441)   Receiving objects:  17% (585/3441)   Receiving objects:  18% (620/3441)   Receiving objects:  19% (654/3441)   Receiving objects:  20% (689/3441)   Receiving objects:  21% (723/3441)   Receiving objects:  22% (758/3441)   Receiving objects:  23% (792/3441)   Receiving objects:  24% (826/3441)   Receiving objects:  25% (861/3441)   Receiving objects:  26% (895/3441)   Receiving objects:  27% (930/3441)   Receiving objects:  28% (964/3441)   Receiving objects:  29% (998/3441)   Receiving objects:  30% (1033/3441)   Receiving objects:  31% (1067/3441)   Receiving objects:  32% (1102/3441)   Receiving objects:  33% (1136/3441)   Receiving objects:  34% (1170/3441)   Receiving objects:  35% (1205/3441)   Receiving objects:  36% (1239/3441)   Receiving objects:  37% (1274/3441)   Receiving objects:  38% (1308/3441)   Receiving objects:  39% (1342/3441)   Receiving objects:  40% (1377/3441)   Receiving objects:  41% (1411/3441)   Receiving objects:  42% (1446/3441)   Receiving objects:  43% (1480/3441)   Receiving objects:  44% (1515/3441)   Receiving objects:  45% (1549/3441)   Receiving objects:  46% (1583/3441)   Receiving objects:  47% (1618/3441)   Receiving objects:  48% (1652/3441)   Receiving objects:  49% (1687/3441)   Receiving objects:  50% (1721/3441)   Receiving objects:  51% (1755/3441)   Receiving objects:  52% (1790/3441)   Receiving objects:  53% (1824/3441)   Receiving objects:  54% (1859/3441)   Receiving objects:  55% (1893/3441)   Receiving objects:  56% (1927/3441)   Receiving objects:  57% (1962/3441)   Receiving objects:  58% (1996/3441)   Receiving objects:  59% (2031/3441)   Receiving objects:  60% (2065/3441)   Receiving objects:  61% (2100/3441)   Receiving objects:  62% (2134/3441)   Receiving objects:  63% (2168/3441)   Receiving objects:  64% (2203/3441)   Receiving objects:  65% (2237/3441)   Receiving objects:  66% (2272/3441)   Receiving objects:  67% (2306/3441)   Receiving objects:  68% (2340/3441)   Receiving objects:  69% (2375/3441)   Receiving objects:  70% (2409/3441)   Receiving objects:  71% (2444/3441)   Receiving objects:  72% (2478/3441)   Receiving objects:  73% (2512/3441)   Receiving objects:  74% (2547/3441)   Receiving objects:  75% (2581/3441)   Receiving objects:  76% (2616/3441)   Receiving objects:  77% (2650/3441)   Receiving objects:  78% (2684/3441)   Receiving objects:  79% (2719/3441)   Receiving objects:  80% (2753/3441)   Receiving objects:  81% (2788/3441)   Receiving objects:  82% (2822/3441)   Receiving objects:  83% (2857/3441)   Receiving objects:  84% (2891/3441)   Receiving objects:  85% (2925/3441)   Receiving objects:  86% (2960/3441)   Receiving objects:  87% (2994/3441)   Receiving objects:  88% (3029/3441)   Receiving objects:  89% (3063/3441)   Receiving objects:  90% (3097/3441)   Receiving objects:  91% (3132/3441)   Receiving objects:  92% (3166/3441)   Receiving objects:  93% (3201/3441)   Receiving objects:  94% (3235/3441)   Receiving objects:  95% (3269/3441)   Receiving objects:  96% (3304/3441)   Receiving objects:  97% (3338/3441)   Receiving objects:  98% (3373/3441)   Receiving objects:  99% (3407/3441)   remote: Total 3441 (delta 1274), reused 2611 (delta 880), pack-reused 0[K
Receiving objects: 100% (3441/3441)   Receiving objects: 100% (3441/3441), 5.02 MiB | 0 bytes/s, done.
Resolving deltas:   0% (0/1274)   Resolving deltas:   5% (64/1274)   Resolving deltas:   6% (79/1274)   Resolving deltas:   7% (90/1274)   Resolving deltas:   8% (111/1274)   Resolving deltas:   9% (115/1274)   Resolving deltas:  10% (132/1274)   Resolving deltas:  11% (147/1274)   Resolving deltas:  12% (153/1274)   Resolving deltas:  16% (208/1274)   Resolving deltas:  17% (220/1274)   Resolving deltas:  19% (243/1274)   Resolving deltas:  20% (257/1274)   Resolving deltas:  21% (275/1274)   Resolving deltas:  22% (281/1274)   Resolving deltas:  23% (296/1274)   Resolving deltas:  24% (307/1274)   Resolving deltas:  25% (322/1274)   Resolving deltas:  26% (334/1274)   Resolving deltas:  27% (344/1274)   Resolving deltas:  28% (358/1274)   Resolving deltas:  32% (416/1274)   Resolving deltas:  33% (423/1274)   Resolving deltas:  34% (439/1274)   Resolving deltas:  35% (446/1274)   Resolving deltas:  36% (459/1274)   Resolving deltas:  38% (489/1274)   Resolving deltas:  39% (500/1274)   Resolving deltas:  40% (512/1274)   Resolving deltas:  41% (525/1274)   Resolving deltas:  42% (541/1274)   Resolving deltas:  43% (557/1274)   Resolving deltas:  44% (563/1274)   Resolving deltas:  46% (588/1274)   Resolving deltas:  47% (602/1274)   Resolving deltas:  48% (612/1274)   Resolving deltas:  49% (628/1274)   Resolving deltas:  50% (638/1274)   Resolving deltas:  52% (665/1274)   Resolving deltas:  53% (676/1274)   Resolving deltas:  54% (688/1274)   Resolving deltas:  55% (703/1274)   Resolving deltas:  57% (728/1274)   Resolving deltas:  58% (741/1274)   Resolving deltas:  59% (752/1274)   Resolving deltas:  60% (765/1274)   Resolving deltas:  61% (778/1274)   Resolving deltas:  62% (790/1274)   Resolving deltas:  63% (803/1274)   Resolving deltas:  64% (819/1274)   Resolving deltas:  65% (829/1274)   Resolving deltas:  66% (841/1274)   Resolving deltas:  67% (854/1274)   Resolving deltas:  68% (867/1274)   Resolving deltas:  69% (881/1274)   Resolving deltas:  70% (892/1274)   Resolving deltas:  71% (905/1274)   Resolving deltas:  72% (918/1274)   Resolving deltas:  73% (931/1274)   Resolving deltas:  74% (943/1274)   Resolving deltas:  75% (956/1274)   Resolving deltas:  76% (969/1274)   Resolving deltas:  77% (981/1274)   Resolving deltas:  79% (1009/1274)   Resolving deltas:  80% (1020/1274)   Resolving deltas:  81% (1038/1274)   Resolving deltas:  82% (1052/1274)   Resolving deltas:  83% (1058/1274)   Resolving deltas:  84% (1074/1274)   Resolving deltas:  85% (1086/1274)   Resolving deltas:  86% (1096/1274)   Resolving deltas:  87% (1112/1274)   Resolving deltas:  88% (1125/1274)   Resolving deltas:  89% (1144/1274)   Resolving deltas:  90% (1149/1274)   Resolving deltas:  91% (1160/1274)   Resolving deltas:  92% (1173/1274)   Resolving deltas:  93% (1186/1274)   Resolving deltas:  94% (1205/1274)   Resolving deltas:  95% (1218/1274)   Resolving deltas:  96% (1227/1274)   Resolving deltas:  97% (1241/1274)   Resolving deltas: 100% (1274/1274)   Resolving deltas: 100% (1274/1274), done.
Checking connectivity... done.

travis_time:end:134c8e4e:start=1459149233072210418,finish=1459149234111077021,duration=1038866603[0K$ cd Whiley/WhileyCompiler
$ git checkout -qf 95a3edfa14ceb4b1eda428121b3bc4528769afac
travis_fold:end:git.checkout[0K
[33;1mThis job is running on container-based infrastructure, which does not allow use of 'sudo', setuid and setguid executables.[0m
[33;1mIf you require sudo, add 'sudo: required' to your .travis.yml[0m
[33;1mSee https://docs.travis-ci.com/user/workers/container-based-infrastructure/ for details.[0m
$ jdk_switcher use openjdk7
Switching to OpenJDK7 (java-1.7.0-openjdk-amd64), JAVA_HOME will be set to /usr/lib/jvm/java-7-openjdk-amd64
$ java -Xmx32m -version
java version "1.7.0_75"
OpenJDK Runtime Environment (IcedTea 2.5.4) (7u75-2.5.4-1~precise1)
OpenJDK 64-Bit Server VM (build 24.75-b04, mixed mode)
$ javac -J-Xmx32m -version
javac 1.7.0_75
travis_time:start:007fc62b[0K$ ant test-all
Buildfile: /home/travis/build/Whiley/WhileyCompiler/build.xml
[maven:dependencies] Downloading: junit/junit/4.12/junit-4.12.pom from repository central at http://repo.maven.apache.org/maven2
[maven:dependencies] Transferring 23K from central
[maven:dependencies] Downloading: org/hamcrest/hamcrest-core/1.3/hamcrest-core-1.3.pom from repository central at http://repo.maven.apache.org/maven2
[maven:dependencies] Transferring 1K from central
[maven:dependencies] Downloading: org/hamcrest/hamcrest-parent/1.3/hamcrest-parent-1.3.pom from repository central at http://repo.maven.apache.org/maven2
[maven:dependencies] Transferring 2K from central
[maven:dependencies] Downloading: junit/junit/4.12/junit-4.12.jar from repository central at http://repo.maven.apache.org/maven2
[maven:dependencies] Downloading: org/hamcrest/hamcrest-core/1.3/hamcrest-core-1.3.jar from repository central at http://repo.maven.apache.org/maven2
[maven:dependencies] Transferring 308K from central
[maven:dependencies] Transferring 44K from central

build-all:

compile-wybs:
    [javac] Compiling 29 source files
    [javac] Note: Some input files use unchecked or unsafe operations.
    [javac] Note: Recompile with -Xlint:unchecked for details.

build:
    [mkdir] Created dir: /home/travis/build/Whiley/WhileyCompiler/modules/wybs/tmp
      [jar] Building jar: /home/travis/build/Whiley/WhileyCompiler/lib/wybs-v0.3.39.jar
   [delete] Deleting directory /home/travis/build/Whiley/WhileyCompiler/modules/wybs/tmp
     [echo] =============================================
     [echo] BUILT: lib/wybs-v0.3.39.jar
     [echo] =============================================

compile-wycs:
     [wyrl] Compiling wyrl file (2 modified dependencies)
     [wyrl] Compiling wyrl file (7 modified dependencies)
    [javac] Compiling 39 source files
    [javac] Note: Some input files use unchecked or unsafe operations.
    [javac] Note: Recompile with -Xlint:unchecked for details.
     [wycs] Compiled 1 source file(s)

build:
    [mkdir] Created dir: /home/travis/build/Whiley/WhileyCompiler/modules/wycs/tmp
      [jar] Building jar: /home/travis/build/Whiley/WhileyCompiler/lib/wycs-v0.3.39.jar
   [delete] Deleting directory /home/travis/build/Whiley/WhileyCompiler/modules/wycs/tmp
     [echo] =============================================
     [echo] BUILT: lib/wycs-v0.3.39.jar
     [echo] =============================================

compile-wyil:
    [javac] Compiling 52 source files
    [javac] Note: Some input files use unchecked or unsafe operations.
    [javac] Note: Recompile with -Xlint:unchecked for details.

build:
    [mkdir] Created dir: /home/travis/build/Whiley/WhileyCompiler/modules/wyil/tmp
      [jar] Building jar: /home/travis/build/Whiley/WhileyCompiler/lib/wyil-v0.3.39.jar
   [delete] Deleting directory /home/travis/build/Whiley/WhileyCompiler/modules/wyil/tmp
     [echo] =============================================
     [echo] BUILT: lib/wyil-v0.3.39.jar
     [echo] =============================================

compile-wyc:
    [javac] Compiling 15 source files
    [javac] Note: Some input files use unchecked or unsafe operations.
    [javac] Note: Recompile with -Xlint:unchecked for details.

build:
    [mkdir] Created dir: /home/travis/build/Whiley/WhileyCompiler/modules/wyc/tmp
      [jar] Building jar: /home/travis/build/Whiley/WhileyCompiler/lib/wyc-v0.3.39.jar
   [delete] Deleting directory /home/travis/build/Whiley/WhileyCompiler/modules/wyc/tmp
     [echo] =============================================
     [echo] BUILT: lib/wyc-v0.3.39.jar
     [echo] =============================================

compile-wyrt:
      [wyc] Compiled 11 source file(s)

build:
      [jar] Building jar: /home/travis/build/Whiley/WhileyCompiler/lib/wyrt-v0.3.39.jar
     [echo] =============================================
     [echo] BUILT: lib/wyrt-v0.3.39.jar
     [echo] =============================================

compile-wyjc:
    [javac] Compiling 14 source files
    [javac] Note: Some input files use unchecked or unsafe operations.
    [javac] Note: Recompile with -Xlint:unchecked for details.
     [wyjc] Compiled 11 source file(s)

build:
    [mkdir] Created dir: /home/travis/build/Whiley/WhileyCompiler/modules/wyjc/tmp
      [jar] Building jar: /home/travis/build/Whiley/WhileyCompiler/lib/wyjc-v0.3.39.jar
   [delete] Deleting directory /home/travis/build/Whiley/WhileyCompiler/modules/wyjc/tmp
     [echo] =============================================
     [echo] BUILT: lib/wyjc-v0.3.39.jar
     [echo] =============================================

test-all:

test:

test:

test:

compile-wyc:

test-compile-wyc:
    [javac] Compiling 4 source files
    [javac] Note: /home/travis/build/Whiley/WhileyCompiler/modules/wyc/src/wyc/testing/TestUtils.java uses unchecked or unsafe operations.
    [javac] Note: Recompile with -Xlint:unchecked for details.

test:
    [junit] Running wyc.testing.AllInvalidTests
    [junit] Testsuite: wyc.testing.AllInvalidTests
    [junit] Tests run: 242, Failures: 0, Errors: 0, Time elapsed: 51.273 sec
    [junit] Tests run: 242, Failures: 0, Errors: 0, Time elapsed: 51.273 sec
    [junit] ------------- Standard Error -----------------
    [junit] WARNING: version numbering unavailable
    [junit] ------------- ---------------- ---------------
    [junit] 
    [junit] Testcase: invalid[ArrayAccess_Invalid_1] took 0.141 sec
    [junit] Testcase: invalid[ArrayAccess_Invalid_2] took 1.308 sec
    [junit] Testcase: invalid[ArrayAccess_Invalid_3] took 0.031 sec
    [junit] Testcase: invalid[ArrayAccess_Invalid_4] took 0.83 sec
    [junit] Testcase: invalid[ArrayAccess_Invalid_5] took 1.191 sec
    [junit] Testcase: invalid[ArrayAssign_Invalid_1] took 0.014 sec
    [junit] Testcase: invalid[ArrayAssign_Invalid_2] took 0.001 sec
    [junit] Testcase: invalid[ArrayAssign_Invalid_3] took 0 sec
    [junit] Testcase: invalid[ArrayConversion_Invalid_1] took 0.032 sec
    [junit] Testcase: invalid[ArrayEmpty_Invalid_1] took 0.014 sec
    [junit] Testcase: invalid[ArrayEmpty_Invalid_2] took 0.9 sec
    [junit] Testcase: invalid[ArrayEquals_Invalid_1] took 0.001 sec
    [junit] Testcase: invalid[ArrayGenerator_Invalid_1] took 0.958 sec
    [junit] Testcase: invalid[ArrayGenerator_Invalid_2] took 1.222 sec
    [junit] Testcase: invalid[ArrayGenerator_Invalid_3] took 0.011 sec
    [junit] Testcase: invalid[ArrayGenerator_Invalid_4] took 0.011 sec
    [junit] Testcase: invalid[ArrayLength_Invalid_1] took 0.947 sec
    [junit] Testcase: invalid[ArrayLength_Invalid_2] took 0 sec
    [junit] Testcase: invalid[ArrayLength_Invalid_3] took 1.005 sec
    [junit] Testcase: invalid[ArrayUpdate_Invalid_1] took 0 sec
    [junit] Testcase: invalid[Array_Invalid_1] took 0.012 sec
    [junit] Testcase: invalid[Array_Invalid_2] took 0.005 sec
    [junit] Testcase: invalid[Array_Invalid_3] took 0.017 sec
    [junit] Testcase: invalid[Array_Invalid_4] took 0.005 sec
    [junit] Testcase: invalid[Array_Invalid_5] took 0.006 sec
    [junit] Testcase: invalid[Array_Invalid_6] took 0.005 sec
    [junit] Testcase: invalid[Array_Invalid_7] took 0.007 sec
    [junit] Testcase: invalid[Assert_Invalid_1] took 0.004 sec
    [junit] Testcase: invalid[Assert_Invalid_2] took 0.984 sec
    [junit] Testcase: invalid[Assign_Invalid_1] took 0.006 sec
    [junit] Testcase: invalid[Assign_Invalid_2] took 0.003 sec
    [junit] Testcase: invalid[Assign_Invalid_3] took 0.003 sec
    [junit] Testcase: invalid[Assign_Invalid_4] took 0.003 sec
    [junit] Testcase: invalid[Assign_Invalid_5] took 0.003 sec
    [junit] Testcase: invalid[Assign_Invalid_6] took 0.003 sec
    [junit] Testcase: invalid[Assign_Invalid_7] took 0.005 sec
    [junit] Testcase: invalid[Assign_Invalid_8] took 0.004 sec
    [junit] Testcase: invalid[Assign_Invalid_9] took 0.004 sec
    [junit] Testcase: invalid[Byte_Invalid_1] took 0.003 sec
    [junit] Testcase: invalid[Coercion_Invalid_2] took 0.023 sec
    [junit] Testcase: invalid[Constant_Invalid_1] took 0 sec
    [junit] Testcase: invalid[Constant_Invalid_2] took 0.005 sec
    [junit] Testcase: invalid[ConstrainedArray_Invalid_1] took 1.291 sec
    [junit] Testcase: invalid[ConstrainedArray_Invalid_2] took 0 sec
    [junit] Testcase: invalid[ConstrainedArray_Invalid_3] took 0 sec
    [junit] Testcase: invalid[ConstrainedDictionary_Invalid_1] took 0 sec
    [junit] Testcase: invalid[ConstrainedInt_Invalid_1] took 0 sec
    [junit] Testcase: invalid[ConstrainedInt_Invalid_10] took 0 sec
    [junit] Testcase: invalid[ConstrainedInt_Invalid_11] took 0 sec
    [junit] Testcase: invalid[ConstrainedInt_Invalid_12] took 0 sec
    [junit] Testcase: invalid[ConstrainedInt_Invalid_2] took 0.983 sec
    [junit] Testcase: invalid[ConstrainedInt_Invalid_3] took 0.952 sec
    [junit] Testcase: invalid[ConstrainedInt_Invalid_4] took 0.807 sec
    [junit] Testcase: invalid[ConstrainedInt_Invalid_5] took 1.243 sec
    [junit] Testcase: invalid[ConstrainedInt_Invalid_6] took 1.21 sec
    [junit] Testcase: invalid[ConstrainedInt_Invalid_7] took 0 sec
    [junit] Testcase: invalid[ConstrainedInt_Invalid_8] took 0 sec
    [junit] Testcase: invalid[ConstrainedInt_Invalid_9] took 0 sec
    [junit] Testcase: invalid[ConstrainedRecord_Invalid_1] took 1.06 sec
    [junit] Testcase: invalid[Continue_Invalid_1] took 0.008 sec
    [junit] Testcase: invalid[Continue_Invalid_2] took 0.006 sec
    [junit] Testcase: invalid[Contractive_Invalid_1] took 0 sec
    [junit] Testcase: invalid[Contractive_Invalid_2] took 0.001 sec
    [junit] Testcase: invalid[DefiniteAssign_Invalid_1] took 0.008 sec
    [junit] Testcase: invalid[DefiniteAssign_Invalid_2] took 0.009 sec
    [junit] Testcase: invalid[DefiniteAssign_Invalid_3] took 0.008 sec
    [junit] Testcase: invalid[DefiniteAssign_Invalid_4] took 0.007 sec
    [junit] Testcase: invalid[EndOfFile_Invalid_1] took 0 sec
    [junit] Testcase: invalid[Ensures_Invalid_1] took 0.93 sec
    [junit] Testcase: invalid[Ensures_Invalid_2] took 1.08 sec
    [junit] Testcase: invalid[Ensures_Invalid_3] took 1.013 sec
    [junit] Testcase: invalid[Export_Invalid_1] took 0 sec
    [junit] Testcase: invalid[Fail_Invalid_1] took 1.037 sec
    [junit] Testcase: invalid[Fail_Invalid_2] took 0.003 sec
    [junit] Testcase: invalid[FunctionRef_Invalid_1] took 0.019 sec
    [junit] Testcase: invalid[FunctionRef_Invalid_2] took 0.004 sec
    [junit] Testcase: invalid[FunctionRef_Invalid_3] took 0.002 sec
    [junit] Testcase: invalid[FunctionRef_Invalid_4] took 0.007 sec
    [junit] Testcase: invalid[FunctionRef_Invalid_5] took 0.005 sec
    [junit] Testcase: invalid[FunctionRef_Invalid_6] took 0.004 sec
    [junit] Testcase: invalid[FunctionRef_Invalid_7] took 0.005 sec
    [junit] Testcase: invalid[Function_Invalid_1] took 0.003 sec
    [junit] Testcase: invalid[Function_Invalid_10] took 0 sec
    [junit] Testcase: invalid[Function_Invalid_2] took 0 sec
    [junit] Testcase: invalid[Function_Invalid_3] took 0.004 sec
    [junit] Testcase: invalid[Function_Invalid_4] took 0.242 sec
    [junit] Testcase: invalid[Function_Invalid_9] took 0 sec
    [junit] Testcase: invalid[If_Invalid_1] took 0.002 sec
    [junit] Testcase: invalid[If_Invalid_2] took 0.011 sec
    [junit] Testcase: invalid[If_Invalid_4] took 0.002 sec
    [junit] Testcase: invalid[If_Invalid_5] took 0.014 sec
    [junit] Testcase: invalid[Import_Invalid_1] took 0.004 sec
    [junit] Testcase: invalid[IntDiv_Invalid_1] took 0.809 sec
    [junit] Testcase: invalid[Intersection_Invalid_1] took 0 sec
    [junit] Testcase: invalid[Intersection_Invalid_2] took 0 sec
    [junit] Testcase: invalid[Lambda_Invalid_3] took 0.001 sec
    [junit] Testcase: invalid[MethodCall_Invalid_1] took 0.006 sec
    [junit] Testcase: invalid[MethodCall_Invalid_2] took 0.007 sec
    [junit] Testcase: invalid[MethodCall_Invalid_3] took 0.004 sec
    [junit] Testcase: invalid[MethodCall_Invalid_4] took 0.078 sec
    [junit] Testcase: invalid[MethodCall_Invalid_5] took 0.27 sec
    [junit] Testcase: invalid[MethodCall_Invalid_6] took 0.317 sec
    [junit] Testcase: invalid[MethodCall_Invalid_7] took 0.329 sec
    [junit] Testcase: invalid[MethodCall_Invalid_8] took 0.229 sec
    [junit] Testcase: invalid[MethodRef_Invalid_1] took 0 sec
    [junit] Testcase: invalid[MethodRef_Invalid_2] took 0 sec
    [junit] Testcase: invalid[MethodRef_Invalid_3] took 0 sec
    [junit] Testcase: invalid[MultiAssign_Invalid_1] took 0.007 sec
    [junit] Testcase: invalid[Native_Invalid_1] took 0 sec
    [junit] Testcase: invalid[NegationType_Invalid_1] took 0.004 sec
    [junit] Testcase: invalid[NegationType_Invalid_2] took 0 sec
    [junit] Testcase: invalid[NegationType_Invalid_3] took 0.007 sec
    [junit] Testcase: invalid[OpenRecord_Invalid_1] took 0 sec
    [junit] Testcase: invalid[OpenRecord_Invalid_2] took 0 sec
    [junit] Testcase: invalid[OpenRecord_Invalid_3] took 0.009 sec
    [junit] Testcase: invalid[OpenRecord_Invalid_4] took 0.008 sec
    [junit] Testcase: invalid[OpenRecord_Invalid_5] took 0.008 sec
    [junit] Testcase: invalid[OpenRecord_Invalid_6] took 0.007 sec
    [junit] Testcase: invalid[OpenRecord_Invalid_7] took 0.007 sec
    [junit] Testcase: invalid[Parameter_Invalid_1] took 0.004 sec
    [junit] Testcase: invalid[Parameter_Invalid_2] took 0.004 sec
    [junit] Testcase: invalid[Parsing_Invalid_1] took 0 sec
    [junit] Testcase: invalid[Parsing_Invalid_10] took 0.005 sec
    [junit] Testcase: invalid[Parsing_Invalid_11] took 0.005 sec
    [junit] Testcase: invalid[Parsing_Invalid_12] took 0.007 sec
    [junit] Testcase: invalid[Parsing_Invalid_15] took 0 sec
    [junit] Testcase: invalid[Parsing_Invalid_16] took 0.005 sec
    [junit] Testcase: invalid[Parsing_Invalid_2] took 0 sec
    [junit] Testcase: invalid[Parsing_Invalid_21] took 0.008 sec
    [junit] Testcase: invalid[Parsing_Invalid_23] took 0.007 sec
    [junit] Testcase: invalid[Parsing_Invalid_24] took 0.007 sec
    [junit] Testcase: invalid[Parsing_Invalid_25] took 0.007 sec
    [junit] Testcase: invalid[Parsing_Invalid_26] took 0.004 sec
    [junit] Testcase: invalid[Parsing_Invalid_27] took 0 sec
    [junit] Testcase: invalid[Parsing_Invalid_28] took 0 sec
    [junit] Testcase: invalid[Parsing_Invalid_29] took 0.004 sec
    [junit] Testcase: invalid[Parsing_Invalid_30] took 0.004 sec
    [junit] Testcase: invalid[Parsing_Invalid_31] took 0 sec
    [junit] Testcase: invalid[Parsing_Invalid_4] took 0.004 sec
    [junit] Testcase: invalid[Parsing_Invalid_5] took 0.004 sec
    [junit] Testcase: invalid[Parsing_Invalid_6] took 0.004 sec
    [junit] Testcase: invalid[Parsing_Invalid_8] took 0.005 sec
    [junit] Testcase: invalid[ProcessAccess_Invalid_1] took 0.008 sec
    [junit] Testcase: invalid[ProcessAccess_Invalid_2] took 0.007 sec
    [junit] Testcase: invalid[ProcessAccess_Invalid_3] took 0.009 sec
    [junit] Testcase: invalid[Process_Invalid_1] took 0.009 sec
    [junit] Testcase: invalid[Quantifiers_Invalid_1] took 0.947 sec
    [junit] Testcase: invalid[Quantifiers_Invalid_2] took 1.295 sec
    [junit] Testcase: invalid[Quantifiers_Invalid_3] took 0.899 sec
    [junit] Testcase: invalid[Quantifiers_Invalid_4] took 0.938 sec
    [junit] Testcase: invalid[Quantifiers_Invalid_5] took 1.022 sec
    [junit] Testcase: invalid[Quantifiers_Invalid_6] took 1.13 sec
    [junit] Testcase: invalid[Quantifiers_Invalid_7] took 1.305 sec
    [junit] Testcase: invalid[Quantifiers_Invalid_8] took 1.285 sec
    [junit] Testcase: invalid[Record_Invalid_1] took 0.005 sec
    [junit] Testcase: invalid[Record_Invalid_2] took 0.004 sec
    [junit] Testcase: invalid[Record_Invalid_3] took 0.004 sec
    [junit] Testcase: invalid[RecursiveType_Invalid_1] took 0 sec
    [junit] Testcase: invalid[RecursiveType_Invalid_10] took 0 sec
    [junit] Testcase: invalid[RecursiveType_Invalid_2] took 0 sec
    [junit] Testcase: invalid[RecursiveType_Invalid_3] took 0.005 sec
    [junit] Testcase: invalid[RecursiveType_Invalid_4] took 0 sec
    [junit] Testcase: invalid[RecursiveType_Invalid_5] took 0.004 sec
    [junit] Testcase: invalid[RecursiveType_Invalid_7] took 0.001 sec
    [junit] Testcase: invalid[RecursiveType_Invalid_8] took 0 sec
    [junit] Testcase: invalid[RecursiveType_Invalid_9] took 0 sec
    [junit] Testcase: invalid[ReferenceOpenRecord_Invalid_1] took 0 sec
    [junit] Testcase: invalid[Reference_Subtype_Variant_Invalid_1] took 0.005 sec
    [junit] Testcase: invalid[Remainder_Invalid_1] took 0.777 sec
    [junit] Testcase: invalid[Remainder_Invalid_2] took 0.003 sec
    [junit] Testcase: invalid[Remainder_Invalid_3] took 0.003 sec
    [junit] Testcase: invalid[Requires_Invalid_1] took 0.932 sec
    [junit] Testcase: invalid[Return_Invalid_1] took 0.004 sec
    [junit] Testcase: invalid[Return_Invalid_10] took 0.015 sec
    [junit] Testcase: invalid[Return_Invalid_11] took 0.004 sec
    [junit] Testcase: invalid[Return_Invalid_12] took 0.004 sec
    [junit] Testcase: invalid[Return_Invalid_2] took 0.004 sec
    [junit] Testcase: invalid[Return_Invalid_3] took 0.003 sec
    [junit] Testcase: invalid[Return_Invalid_4] took 0.003 sec
    [junit] Testcase: invalid[Return_Invalid_5] took 0.004 sec
    [junit] Testcase: invalid[Return_Invalid_6] took 0.004 sec
    [junit] Testcase: invalid[Return_Invalid_7] took 0.003 sec
    [junit] Testcase: invalid[Return_Invalid_8] took 0.004 sec
    [junit] Testcase: invalid[Return_Invalid_9] took 0.004 sec
    [junit] Testcase: invalid[Subtype_Invalid_1] took 1.113 sec
    [junit] Testcase: invalid[Subtype_Invalid_2] took 1.103 sec
    [junit] Testcase: invalid[Subtype_Invalid_3] took 0.895 sec
    [junit] Testcase: invalid[Subtype_Invalid_4] took 0.915 sec
    [junit] Testcase: invalid[Subtype_Invalid_5] took 0.913 sec
    [junit] Testcase: invalid[Subtype_Invalid_6] took 0 sec
    [junit] Testcase: invalid[Subtype_Invalid_7] took 0.914 sec
    [junit] Testcase: invalid[Subtype_Invalid_8] took 0 sec
    [junit] Testcase: invalid[Subtype_Invalid_9] took 0 sec
    [junit] Testcase: invalid[Switch_Invalid_1] took 0.007 sec
    [junit] Testcase: invalid[Switch_Invalid_2] took 0.006 sec
    [junit] Testcase: invalid[Switch_Invalid_3] took 0.006 sec
    [junit] Testcase: invalid[Switch_Invalid_4] took 0.007 sec
    [junit] Testcase: invalid[Switch_Invalid_5] took 0.006 sec
    [junit] Testcase: invalid[Switch_Invalid_6] took 0 sec
    [junit] Testcase: invalid[Switch_Invalid_7] took 0.003 sec
    [junit] Testcase: invalid[TupleAssign_Invalid_1] took 0 sec
    [junit] Testcase: invalid[TupleAssign_Invalid_2] took 0 sec
    [junit] Testcase: invalid[TupleAssign_Invalid_3] took 0 sec
    [junit] Testcase: invalid[TupleDefine_Invalid_1] took 0.007 sec
    [junit] Testcase: invalid[TupleDefine_Invalid_2] took 0 sec
    [junit] Testcase: invalid[Tuple_Invalid_3] took 0 sec
    [junit] Testcase: invalid[Tuple_Invalid_4] took 0 sec
    [junit] Testcase: invalid[Tuple_Invalid_5] took 0 sec
    [junit] Testcase: invalid[Tuple_Invalid_6] took 0 sec
    [junit] Testcase: invalid[Tuple_Invalid_7] took 0 sec
    [junit] Testcase: invalid[TypeEquals_Invalid_1] took 0.008 sec
    [junit] Testcase: invalid[TypeEquals_Invalid_2] took 0.004 sec
    [junit] Testcase: invalid[TypeEquals_Invalid_5] took 0.001 sec
    [junit] Testcase: invalid[TypeEquals_Invalid_6] took 1.318 sec
    [junit] Testcase: invalid[UnionType_Invalid_1] took 0.008 sec
    [junit] Testcase: invalid[UnionType_Invalid_10] took 0 sec
    [junit] Testcase: invalid[UnionType_Invalid_2] took 0.008 sec
    [junit] Testcase: invalid[UnionType_Invalid_3] took 0.007 sec
    [junit] Testcase: invalid[UnionType_Invalid_4] took 0.004 sec
    [junit] Testcase: invalid[UnionType_Invalid_5] took 0.006 sec
    [junit] Testcase: invalid[UnionType_Invalid_6] took 0.008 sec
    [junit] Testcase: invalid[UnionType_Invalid_7] took 0 sec
    [junit] Testcase: invalid[UnionType_Invalid_8] took 0 sec
    [junit] Testcase: invalid[UnionType_Invalid_9] took 0 sec
    [junit] Testcase: invalid[VarDecl_Invalid_1] took 0.006 sec
    [junit] Testcase: invalid[VarDecl_Invalid_2] took 1.035 sec
    [junit] Testcase: invalid[VarDecl_Invalid_3] took 0.004 sec
    [junit] Testcase: invalid[While_Invalid_1] took 0.006 sec
    [junit] Testcase: invalid[While_Invalid_10] took 1.189 sec
    [junit] Testcase: invalid[While_Invalid_11] took 1.098 sec
    [junit] Testcase: invalid[While_Invalid_12] took 0 sec
    [junit] Testcase: invalid[While_Invalid_13] took 1.165 sec
    [junit] Testcase: invalid[While_Invalid_14] took 0.003 sec
    [junit] Testcase: invalid[While_Invalid_2] took 0.004 sec
    [junit] Testcase: invalid[While_Invalid_3] took 0.004 sec
    [junit] Testcase: invalid[While_Invalid_4] took 0.003 sec
    [junit] Testcase: invalid[While_Invalid_5] took 0.003 sec
    [junit] Testcase: invalid[While_Invalid_6] took 0.003 sec
    [junit] Testcase: invalid[While_Invalid_7] took 1.108 sec
    [junit] Testcase: invalid[While_Invalid_8] took 1.29 sec
    [junit] Testcase: invalid[While_Invalid_9] took 0.005 sec
    [junit] Testcase: invalid[XOR_Invalid_1] took 0.004 sec
    [junit] Running wyc.testing.AllValidTests
    [junit] Testsuite: wyc.testing.AllValidTests
    [junit] Tests run: 476, Failures: 0, Errors: 0, Time elapsed: 367.543 sec
    [junit] Tests run: 476, Failures: 0, Errors: 0, Time elapsed: 367.543 sec
    [junit] ------------- Standard Error -----------------
    [junit] WARNING: version numbering unavailable
    [junit] ------------- ---------------- ---------------
    [junit] 
    [junit] Testcase: valid[Access_Valid_1] took 1.048 sec
    [junit] Testcase: valid[Access_Valid_2] took 0.924 sec
    [junit] Testcase: valid[Assume_Valid_1] took 0.879 sec
    [junit] Testcase: valid[Assume_Valid_2] took 0.779 sec
    [junit] Testcase: valid[BoolAssign_Valid_1] took 0.824 sec
    [junit] Testcase: valid[BoolAssign_Valid_2] took 0.747 sec
    [junit] Testcase: valid[BoolAssign_Valid_3] took 0.844 sec
    [junit] Testcase: valid[BoolAssign_Valid_4] took 0.657 sec
    [junit] Testcase: valid[BoolAssign_Valid_5] took 0.815 sec
    [junit] Testcase: valid[BoolAssign_Valid_6] took 0.588 sec
    [junit] Testcase: valid[BoolFun_Valid_1] took 0.63 sec
    [junit] Testcase: valid[BoolIfElse_Valid_1] took 0.671 sec
    [junit] Testcase: valid[BoolIfElse_Valid_2] took 0.88 sec
    [junit] Testcase: valid[BoolList_Valid_1] took 0.74 sec
    [junit] Testcase: valid[BoolList_Valid_2] took 0.689 sec
    [junit] Testcase: valid[BoolList_Valid_3] took 0.683 sec
    [junit] Testcase: valid[BoolRecord_Valid_1] took 1.225 sec
    [junit] Testcase: valid[BoolRecord_Valid_2] took 0.728 sec
    [junit] Testcase: valid[BoolRequires_Valid_1] took 0.679 sec
    [junit] Testcase: valid[BoolReturn_Valid_1] took 0.757 sec
    [junit] Testcase: valid[Byte_Valid_1] took 1.024 sec
    [junit] Testcase: valid[Byte_Valid_2] took 1.852 sec
    [junit] Testcase: valid[Byte_Valid_3] took 1.446 sec
    [junit] Testcase: valid[Byte_Valid_4] took 1.99 sec
    [junit] Testcase: valid[Byte_Valid_5] took 1.138 sec
    [junit] Testcase: valid[Byte_Valid_6] took 0.672 sec
    [junit] Testcase: valid[Byte_Valid_7] took 0.874 sec
    [junit] Testcase: valid[Byte_Valid_8] took 0.936 sec
    [junit] Testcase: valid[Byte_Valid_9] took 1 sec
    [junit] Testcase: valid[Cast_Valid_5] took 0.655 sec
    [junit] Testcase: valid[Coercion_Valid_2] took 0.762 sec
    [junit] Testcase: valid[Coercion_Valid_3] took 0.572 sec
    [junit] Testcase: valid[Coercion_Valid_7] took 0.8 sec
    [junit] Testcase: valid[Coercion_Valid_8] took 0.001 sec
    [junit] Testcase: valid[Coercion_Valid_9] took 0.835 sec
    [junit] Testcase: valid[Complex_Valid_1] took 0.78 sec
    [junit] Testcase: valid[Complex_Valid_2] took 1.271 sec
    [junit] Testcase: valid[Complex_Valid_3] took 0 sec
    [junit] Testcase: valid[Complex_Valid_4] took 1.05 sec
    [junit] Testcase: valid[Complex_Valid_5] took 0.994 sec
    [junit] Testcase: valid[Complex_Valid_6] took 0.654 sec
    [junit] Testcase: valid[Complex_Valid_7] took 0.751 sec
    [junit] Testcase: valid[Complex_Valid_8] took 0.757 sec
    [junit] Testcase: valid[Constant_Valid_3] took 0.646 sec
    [junit] Testcase: valid[ConstrainedInt_Valid_1] took 0.748 sec
    [junit] Testcase: valid[ConstrainedInt_Valid_10] took 0.535 sec
    [junit] Testcase: valid[ConstrainedInt_Valid_12] took 0.948 sec
    [junit] Testcase: valid[ConstrainedInt_Valid_13] took 0.67 sec
    [junit] Testcase: valid[ConstrainedInt_Valid_15] took 0.71 sec
    [junit] Testcase: valid[ConstrainedInt_Valid_16] took 0.667 sec
    [junit] Testcase: valid[ConstrainedInt_Valid_17] took 0.836 sec
    [junit] Testcase: valid[ConstrainedInt_Valid_18] took 0.933 sec
    [junit] Testcase: valid[ConstrainedInt_Valid_19] took 0.778 sec
    [junit] Testcase: valid[ConstrainedInt_Valid_2] took 0.879 sec
    [junit] Testcase: valid[ConstrainedInt_Valid_20] took 0.829 sec
    [junit] Testcase: valid[ConstrainedInt_Valid_21] took 1.186 sec
    [junit] Testcase: valid[ConstrainedInt_Valid_22] took 0.617 sec
    [junit] Testcase: valid[ConstrainedInt_Valid_23] took 1.109 sec
    [junit] Testcase: valid[ConstrainedInt_Valid_24] took 0.855 sec
    [junit] Testcase: valid[ConstrainedInt_Valid_3] took 0.854 sec
    [junit] Testcase: valid[ConstrainedInt_Valid_4] took 0.823 sec
    [junit] Testcase: valid[ConstrainedInt_Valid_5] took 1.214 sec
    [junit] Testcase: valid[ConstrainedInt_Valid_6] took 1.095 sec
    [junit] Testcase: valid[ConstrainedInt_Valid_8] took 0.965 sec
    [junit] Testcase: valid[ConstrainedIntersection_Valid_1] took 0 sec
    [junit] Testcase: valid[ConstrainedList_Valid_1] took 0.802 sec
    [junit] Testcase: valid[ConstrainedList_Valid_11] took 0.905 sec
    [junit] Testcase: valid[ConstrainedList_Valid_12] took 0.922 sec
    [junit] Testcase: valid[ConstrainedList_Valid_14] took 0.685 sec
    [junit] Testcase: valid[ConstrainedList_Valid_15] took 0.919 sec
    [junit] Testcase: valid[ConstrainedList_Valid_16] took 0.947 sec
    [junit] Testcase: valid[ConstrainedList_Valid_17] took 1.137 sec
    [junit] Testcase: valid[ConstrainedList_Valid_18] took 0.937 sec
    [junit] Testcase: valid[ConstrainedList_Valid_19] took 0.83 sec
    [junit] Testcase: valid[ConstrainedList_Valid_2] took 1.1 sec
    [junit] Testcase: valid[ConstrainedList_Valid_20] took 0.975 sec
    [junit] Testcase: valid[ConstrainedList_Valid_21] took 0.748 sec
    [junit] Testcase: valid[ConstrainedList_Valid_22] took 0.752 sec
    [junit] Testcase: valid[ConstrainedList_Valid_23] took 1.014 sec
    [junit] Testcase: valid[ConstrainedList_Valid_25] took 0.972 sec
    [junit] Testcase: valid[ConstrainedList_Valid_26] took 1.122 sec
    [junit] Testcase: valid[ConstrainedList_Valid_27] took 1.128 sec
    [junit] Testcase: valid[ConstrainedList_Valid_28] took 1.273 sec
    [junit] Testcase: valid[ConstrainedList_Valid_3] took 1.089 sec
    [junit] Testcase: valid[ConstrainedList_Valid_4] took 0.916 sec
    [junit] Testcase: valid[ConstrainedList_Valid_5] took 0.758 sec
    [junit] Testcase: valid[ConstrainedList_Valid_6] took 0.809 sec
    [junit] Testcase: valid[ConstrainedList_Valid_7] took 0.828 sec
    [junit] Testcase: valid[ConstrainedList_Valid_8] took 1.073 sec
    [junit] Testcase: valid[ConstrainedList_Valid_9] took 0.986 sec
    [junit] Testcase: valid[ConstrainedNegation_Valid_1] took 0 sec
    [junit] Testcase: valid[ConstrainedNegation_Valid_2] took 0 sec
    [junit] Testcase: valid[ConstrainedRecord_Valid_1] took 0.793 sec
    [junit] Testcase: valid[ConstrainedRecord_Valid_10] took 0.773 sec
    [junit] Testcase: valid[ConstrainedRecord_Valid_2] took 0.722 sec
    [junit] Testcase: valid[ConstrainedRecord_Valid_3] took 0.814 sec
    [junit] Testcase: valid[ConstrainedRecord_Valid_4] took 0.817 sec
    [junit] Testcase: valid[ConstrainedRecord_Valid_5] took 0.651 sec
    [junit] Testcase: valid[ConstrainedRecord_Valid_6] took 0.955 sec
    [junit] Testcase: valid[ConstrainedRecord_Valid_8] took 0.749 sec
    [junit] Testcase: valid[ConstrainedRecord_Valid_9] took 0.872 sec
    [junit] Testcase: valid[ConstrainedReference_Valid_1] took 0.816 sec
    [junit] Testcase: valid[ConstrainedUnion_Valid_1] took 0.791 sec
    [junit] Testcase: valid[Contractive_Valid_1] took 0 sec
    [junit] Testcase: valid[Contractive_Valid_2] took 0.981 sec
    [junit] Testcase: valid[Define_Valid_1] took 0.904 sec
    [junit] Testcase: valid[Define_Valid_2] took 0.997 sec
    [junit] Testcase: valid[Define_Valid_3] took 0.704 sec
    [junit] Testcase: valid[Define_Valid_4] took 1.089 sec
    [junit] Testcase: valid[DoWhile_Valid_1] took 0.654 sec
    [junit] Testcase: valid[DoWhile_Valid_2] took 0.96 sec
    [junit] Testcase: valid[DoWhile_Valid_3] took 0.783 sec
    [junit] Testcase: valid[DoWhile_Valid_4] took 0 sec
    [junit] Testcase: valid[DoWhile_Valid_5] took 1.188 sec
    [junit] Testcase: valid[DoWhile_Valid_6] took 0.918 sec
    [junit] Testcase: valid[DoWhile_Valid_7] took 0 sec
    [junit] Testcase: valid[EffectiveList_Valid_1] took 0.781 sec
    [junit] Testcase: valid[Ensures_Valid_1] took 1.223 sec
    [junit] Testcase: valid[Ensures_Valid_2] took 0.749 sec
    [junit] Testcase: valid[Ensures_Valid_3] took 0.963 sec
    [junit] Testcase: valid[Ensures_Valid_4] took 0.843 sec
    [junit] Testcase: valid[Ensures_Valid_5] took 0.826 sec
    [junit] Testcase: valid[Ensures_Valid_6] took 0.92 sec
    [junit] Testcase: valid[Ensures_Valid_7] took 0.918 sec
    [junit] Testcase: valid[Ensures_Valid_8] took 1.118 sec
    [junit] Testcase: valid[Fail_Valid_1] took 0.986 sec
    [junit] Testcase: valid[Fail_Valid_2] took 1.036 sec
    [junit] Testcase: valid[FunctionRef_Valid_1] took 0.639 sec
    [junit] Testcase: valid[FunctionRef_Valid_10] took 0.652 sec
    [junit] Testcase: valid[FunctionRef_Valid_11] took 0.881 sec
    [junit] Testcase: valid[FunctionRef_Valid_12] took 0.884 sec
    [junit] Testcase: valid[FunctionRef_Valid_13] took 0 sec
    [junit] Testcase: valid[FunctionRef_Valid_2] took 0 sec
    [junit] Testcase: valid[FunctionRef_Valid_4] took 0.725 sec
    [junit] Testcase: valid[FunctionRef_Valid_5] took 1.03 sec
    [junit] Testcase: valid[FunctionRef_Valid_6] took 0.747 sec
    [junit] Testcase: valid[FunctionRef_Valid_7] took 0.83 sec
    [junit] Testcase: valid[FunctionRef_Valid_8] took 0.773 sec
    [junit] Testcase: valid[FunctionRef_Valid_9] took 0.802 sec
    [junit] Testcase: valid[Function_Valid_1] took 0.848 sec
    [junit] Testcase: valid[Function_Valid_11] took 0 sec
    [junit] Testcase: valid[Function_Valid_12] took 0.863 sec
    [junit] Testcase: valid[Function_Valid_13] took 0.952 sec
    [junit] Testcase: valid[Function_Valid_14] took 0.838 sec
    [junit] Testcase: valid[Function_Valid_15] took 0 sec
    [junit] Testcase: valid[Function_Valid_16] took 0.605 sec
    [junit] Testcase: valid[Function_Valid_17] took 0.845 sec
    [junit] Testcase: valid[Function_Valid_18] took 0.727 sec
    [junit] Testcase: valid[Function_Valid_2] took 0.698 sec
    [junit] Testcase: valid[Function_Valid_20] took 0.877 sec
    [junit] Testcase: valid[Function_Valid_21] took 0.845 sec
    [junit] Testcase: valid[Function_Valid_3] took 0.801 sec
    [junit] Testcase: valid[Function_Valid_4] took 0.699 sec
    [junit] Testcase: valid[Function_Valid_5] took 0.745 sec
    [junit] Testcase: valid[Function_Valid_6] took 0.766 sec
    [junit] Testcase: valid[Function_Valid_7] took 0.801 sec
    [junit] Testcase: valid[Function_Valid_8] took 0.775 sec
    [junit] Testcase: valid[Function_Valid_9] took 0.776 sec
    [junit] Testcase: valid[HexAssign_Valid_1] took 0.729 sec
    [junit] Testcase: valid[IfElse_Valid_1] took 0.618 sec
    [junit] Testcase: valid[IfElse_Valid_2] took 0.699 sec
    [junit] Testcase: valid[IfElse_Valid_3] took 0.806 sec
    [junit] Testcase: valid[IfElse_Valid_4] took 0.806 sec
    [junit] Testcase: valid[IfElse_Valid_5] took 0.847 sec
    [junit] Testcase: valid[Import_Valid_1] took 0.994 sec
    [junit] Testcase: valid[Import_Valid_2] took 0.735 sec
    [junit] Testcase: valid[Import_Valid_3] took 0.671 sec
    [junit] Testcase: valid[Import_Valid_4] took 0 sec
    [junit] Testcase: valid[Import_Valid_5] took 0 sec
    [junit] Testcase: valid[Import_Valid_6] took 0.629 sec
    [junit] Testcase: valid[IntConst_Valid_1] took 0.8 sec
    [junit] Testcase: valid[IntDefine_Valid_1] took 0.949 sec
    [junit] Testcase: valid[IntDefine_Valid_2] took 0.948 sec
    [junit] Testcase: valid[IntDiv_Valid_1] took 0.67 sec
    [junit] Testcase: valid[IntDiv_Valid_3] took 0.63 sec
    [junit] Testcase: valid[IntDiv_Valid_4] took 1.049 sec
    [junit] Testcase: valid[IntDiv_Valid_5] took 0.781 sec
    [junit] Testcase: valid[IntMul_Valid_1] took 0.69 sec
    [junit] Testcase: valid[IntMul_Valid_2] took 0.807 sec
    [junit] Testcase: valid[IntOp_Valid_1] took 0.95 sec
    [junit] Testcase: valid[Intersection_Valid_1] took 0 sec
    [junit] Testcase: valid[Intersection_Valid_2] took 0 sec
    [junit] Testcase: valid[Lambda_Valid_1] took 0.816 sec
    [junit] Testcase: valid[Lambda_Valid_2] took 0.737 sec
    [junit] Testcase: valid[Lambda_Valid_3] took 0.733 sec
    [junit] Testcase: valid[Lambda_Valid_4] took 1.044 sec
    [junit] Testcase: valid[Lambda_Valid_5] took 1.009 sec
    [junit] Testcase: valid[Lambda_Valid_6] took 0.926 sec
    [junit] Testcase: valid[Lambda_Valid_7] took 0.862 sec
    [junit] Testcase: valid[Lambda_Valid_8] took 0.7 sec
    [junit] Testcase: valid[Lambda_Valid_9] took 0.589 sec
    [junit] Testcase: valid[LengthOf_Valid_1] took 0.795 sec
    [junit] Testcase: valid[LengthOf_Valid_4] took 1.184 sec
    [junit] Testcase: valid[LengthOf_Valid_5] took 0.691 sec
    [junit] Testcase: valid[ListAccess_Valid_1] took 0.858 sec
    [junit] Testcase: valid[ListAccess_Valid_3] took 0.859 sec
    [junit] Testcase: valid[ListAccess_Valid_5] took 1.006 sec
    [junit] Testcase: valid[ListAccess_Valid_6] took 0 sec
    [junit] Testcase: valid[ListAccess_Valid_8] took 0.947 sec
    [junit] Testcase: valid[ListAccess_Valid_9] took 0.681 sec
    [junit] Testcase: valid[ListAssign_Valid_1] took 0.769 sec
    [junit] Testcase: valid[ListAssign_Valid_11] took 0.875 sec
    [junit] Testcase: valid[ListAssign_Valid_2] took 0.973 sec
    [junit] Testcase: valid[ListAssign_Valid_3] took 0.837 sec
    [junit] Testcase: valid[ListAssign_Valid_4] took 0.711 sec
    [junit] Testcase: valid[ListAssign_Valid_5] took 0.852 sec
    [junit] Testcase: valid[ListAssign_Valid_6] took 0.926 sec
    [junit] Testcase: valid[ListAssign_Valid_7] took 0.724 sec
    [junit] Testcase: valid[ListAssign_Valid_8] took 0.938 sec
    [junit] Testcase: valid[ListAssign_Valid_9] took 0.829 sec
    [junit] Testcase: valid[ListEmpty_Valid_1] took 0.746 sec
    [junit] Testcase: valid[ListGenerator_Valid_1] took 0.829 sec
    [junit] Testcase: valid[ListGenerator_Valid_10] took 0.988 sec
    [junit] Testcase: valid[ListGenerator_Valid_11] took 0.889 sec
    [junit] Testcase: valid[ListGenerator_Valid_12] took 0.771 sec
    [junit] Testcase: valid[ListGenerator_Valid_2] took 0.678 sec
    [junit] Testcase: valid[ListGenerator_Valid_3] took 0.672 sec
    [junit] Testcase: valid[ListGenerator_Valid_5] took 0.743 sec
    [junit] Testcase: valid[ListGenerator_Valid_6] took 0.585 sec
    [junit] Testcase: valid[ListGenerator_Valid_7] took 0.86 sec
    [junit] Testcase: valid[ListGenerator_Valid_8] took 0.902 sec
    [junit] Testcase: valid[ListGenerator_Valid_9] took 0.689 sec
    [junit] Testcase: valid[ListLength_Valid_1] took 0.781 sec
    [junit] Testcase: valid[ListLength_Valid_2] took 0.854 sec
    [junit] Testcase: valid[ListLength_Valid_3] took 0.811 sec
    [junit] Testcase: valid[MessageRef_Valid_1] took 0.907 sec
    [junit] Testcase: valid[MessageRef_Valid_2] took 0.722 sec
    [junit] Testcase: valid[MessageSend_Valid_1] took 0.762 sec
    [junit] Testcase: valid[MessageSend_Valid_2] took 1.043 sec
    [junit] Testcase: valid[MessageSend_Valid_3] took 0.825 sec
    [junit] Testcase: valid[MessageSend_Valid_4] took 0.839 sec
    [junit] Testcase: valid[MessageSend_Valid_5] took 0.563 sec
    [junit] Testcase: valid[MethodCall_Valid_1] took 0.817 sec
    [junit] Testcase: valid[MethodCall_Valid_2] took 0.83 sec
    [junit] Testcase: valid[MethodCall_Valid_3] took 0.938 sec
    [junit] Testcase: valid[MethodCall_Valid_4] took 0.93 sec
    [junit] Testcase: valid[MethodRef_Valid_1] took 1.024 sec
    [junit] Testcase: valid[MethodRef_Valid_2] took 0.756 sec
    [junit] Testcase: valid[Method_Valid_1] took 0.705 sec
    [junit] Testcase: valid[MultiLineComment_Valid_1] took 0.878 sec
    [junit] Testcase: valid[MultiLineComment_Valid_2] took 0.965 sec
    [junit] Testcase: valid[NegationType_Valid_1] took 1.175 sec
    [junit] Testcase: valid[NegationType_Valid_2] took 0.967 sec
    [junit] Testcase: valid[NegationType_Valid_3] took 0 sec
    [junit] Testcase: valid[NegationType_Valid_4] took 0.994 sec
    [junit] Testcase: valid[NegationType_Valid_5] took 0.824 sec
    [junit] Testcase: valid[OpenRecord_Valid_1] took 0.639 sec
    [junit] Testcase: valid[OpenRecord_Valid_10] took 1.017 sec
    [junit] Testcase: valid[OpenRecord_Valid_11] took 0.001 sec
    [junit] Testcase: valid[OpenRecord_Valid_2] took 0.989 sec
    [junit] Testcase: valid[OpenRecord_Valid_3] took 0.9 sec
    [junit] Testcase: valid[OpenRecord_Valid_4] took 0.944 sec
    [junit] Testcase: valid[OpenRecord_Valid_5] took 0.982 sec
    [junit] Testcase: valid[OpenRecord_Valid_6] took 0.877 sec
    [junit] Testcase: valid[OpenRecord_Valid_9] took 0.85 sec
    [junit] Testcase: valid[ProcessAccess_Valid_1] took 1.012 sec
    [junit] Testcase: valid[ProcessAccess_Valid_2] took 0.949 sec
    [junit] Testcase: valid[Process_Valid_1] took 0.827 sec
    [junit] Testcase: valid[Process_Valid_10] took 0.904 sec
    [junit] Testcase: valid[Process_Valid_11] took 0.868 sec
    [junit] Testcase: valid[Process_Valid_12] took 0.714 sec
    [junit] Testcase: valid[Process_Valid_2] took 0.648 sec
    [junit] Testcase: valid[Process_Valid_3] took 0.649 sec
    [junit] Testcase: valid[Process_Valid_4] took 1.127 sec
    [junit] Testcase: valid[Process_Valid_5] took 0.791 sec
    [junit] Testcase: valid[Process_Valid_6] took 0.815 sec
    [junit] Testcase: valid[Process_Valid_7] took 0.862 sec
    [junit] Testcase: valid[Process_Valid_8] took 0.689 sec
    [junit] Testcase: valid[Process_Valid_9] took 1.06 sec
    [junit] Testcase: valid[Quantifiers_Valid_1] took 0.827 sec
    [junit] Testcase: valid[RecordAccess_Valid_1] took 0.853 sec
    [junit] Testcase: valid[RecordAssign_Valid_1] took 0.691 sec
    [junit] Testcase: valid[RecordAssign_Valid_10] took 0.866 sec
    [junit] Testcase: valid[RecordAssign_Valid_2] took 0.973 sec
    [junit] Testcase: valid[RecordAssign_Valid_3] took 0.939 sec
    [junit] Testcase: valid[RecordAssign_Valid_4] took 0.771 sec
    [junit] Testcase: valid[RecordAssign_Valid_5] took 0.816 sec
    [junit] Testcase: valid[RecordAssign_Valid_6] took 0.512 sec
    [junit] Testcase: valid[RecordAssign_Valid_7] took 0.774 sec
    [junit] Testcase: valid[RecordAssign_Valid_8] took 0.641 sec
    [junit] Testcase: valid[RecordAssign_Valid_9] took 0.655 sec
    [junit] Testcase: valid[RecordCoercion_Valid_1] took 0 sec
    [junit] Testcase: valid[RecordDefine_Valid_1] took 0.655 sec
    [junit] Testcase: valid[RecordDefine_Valid_2] took 0.731 sec
    [junit] Testcase: valid[RecordSubtype_Valid_1] took 0 sec
    [junit] Testcase: valid[RecordSubtype_Valid_2] took 0 sec
    [junit] Testcase: valid[RecursiveType_Valid_1] took 1.22 sec
    [junit] Testcase: valid[RecursiveType_Valid_10] took 0.86 sec
    [junit] Testcase: valid[RecursiveType_Valid_11] took 0.767 sec
    [junit] Testcase: valid[RecursiveType_Valid_12] took 0 sec
    [junit] Testcase: valid[RecursiveType_Valid_13] took 0.671 sec
    [junit] Testcase: valid[RecursiveType_Valid_14] took 0.881 sec
    [junit] Testcase: valid[RecursiveType_Valid_15] took 0.994 sec
    [junit] Testcase: valid[RecursiveType_Valid_16] took 0.882 sec
    [junit] Testcase: valid[RecursiveType_Valid_17] took 0.888 sec
    [junit] Testcase: valid[RecursiveType_Valid_18] took 1.161 sec
    [junit] Testcase: valid[RecursiveType_Valid_19] took 0.799 sec
    [junit] Testcase: valid[RecursiveType_Valid_2] took 0.87 sec
    [junit] Testcase: valid[RecursiveType_Valid_20] took 1.002 sec
    [junit] Testcase: valid[RecursiveType_Valid_21] took 0.787 sec
    [junit] Testcase: valid[RecursiveType_Valid_22] took 0 sec
    [junit] Testcase: valid[RecursiveType_Valid_23] took 0.898 sec
    [junit] Testcase: valid[RecursiveType_Valid_24] took 1.113 sec
    [junit] Testcase: valid[RecursiveType_Valid_25] took 0.923 sec
    [junit] Testcase: valid[RecursiveType_Valid_26] took 1.069 sec
    [junit] Testcase: valid[RecursiveType_Valid_27] took 0.82 sec
    [junit] Testcase: valid[RecursiveType_Valid_28] took 0 sec
    [junit] Testcase: valid[RecursiveType_Valid_3] took 0 sec
    [junit] Testcase: valid[RecursiveType_Valid_4] took 0 sec
    [junit] Testcase: valid[RecursiveType_Valid_5] took 0 sec
    [junit] Testcase: valid[RecursiveType_Valid_6] took 0.905 sec
    [junit] Testcase: valid[RecursiveType_Valid_7] took 1.138 sec
    [junit] Testcase: valid[RecursiveType_Valid_8] took 1.077 sec
    [junit] Testcase: valid[RecursiveType_Valid_9] took 1.055 sec
    [junit] Testcase: valid[ReferenceType_Valid_1] took 0.737 sec
    [junit] Testcase: valid[Reference_Valid_1] took 0.701 sec
    [junit] Testcase: valid[Reference_Valid_2] took 0.905 sec
    [junit] Testcase: valid[Reference_Valid_3] took 0.909 sec
    [junit] Testcase: valid[Reference_Valid_4] took 0.912 sec
    [junit] Testcase: valid[Reference_Valid_5] took 0.878 sec
    [junit] Testcase: valid[Reference_Valid_6] took 0 sec
    [junit] Testcase: valid[Reference_Valid_7] took 0.819 sec
    [junit] Testcase: valid[Reference_Valid_8] took 1.179 sec
    [junit] Testcase: valid[Remainder_Valid_1] took 0.689 sec
    [junit] Testcase: valid[Requires_Valid_1] took 0.712 sec
    [junit] Testcase: valid[Resolution_Valid_1] took 1.273 sec
    [junit] Testcase: valid[Return_Valid_1] took 0.655 sec
    [junit] Testcase: valid[SingleLineComment_Valid_1] took 0.901 sec
    [junit] Testcase: valid[Skip_Valid_1] took 0.854 sec
    [junit] Testcase: valid[String_Valid_1] took 0.82 sec
    [junit] Testcase: valid[String_Valid_2] took 1.074 sec
    [junit] Testcase: valid[String_Valid_3] took 0.896 sec
    [junit] Testcase: valid[String_Valid_4] took 0.551 sec
    [junit] Testcase: valid[String_Valid_5] took 0.99 sec
    [junit] Testcase: valid[String_Valid_6] took 0.937 sec
    [junit] Testcase: valid[Subtype_Valid_1] took 0.828 sec
    [junit] Testcase: valid[Subtype_Valid_10] took 1.006 sec
    [junit] Testcase: valid[Subtype_Valid_11] took 0.819 sec
    [junit] Testcase: valid[Subtype_Valid_12] took 1.014 sec
    [junit] Testcase: valid[Subtype_Valid_13] took 0.732 sec
    [junit] Testcase: valid[Subtype_Valid_14] took 0.763 sec
    [junit] Testcase: valid[Subtype_Valid_2] took 0.722 sec
    [junit] Testcase: valid[Subtype_Valid_3] took 0.802 sec
    [junit] Testcase: valid[Subtype_Valid_4] took 0.466 sec
    [junit] Testcase: valid[Subtype_Valid_5] took 0.729 sec
    [junit] Testcase: valid[Subtype_Valid_6] took 0.964 sec
    [junit] Testcase: valid[Subtype_Valid_7] took 0.832 sec
    [junit] Testcase: valid[Subtype_Valid_8] took 0.709 sec
    [junit] Testcase: valid[Subtype_Valid_9] took 1.078 sec
    [junit] Testcase: valid[Switch_Valid_1] took 0.817 sec
    [junit] Testcase: valid[Switch_Valid_10] took 0.678 sec
    [junit] Testcase: valid[Switch_Valid_11] took 0.776 sec
    [junit] Testcase: valid[Switch_Valid_12] took 0.811 sec
    [junit] Testcase: valid[Switch_Valid_13] took 0.889 sec
    [junit] Testcase: valid[Switch_Valid_2] took 0.932 sec
    [junit] Testcase: valid[Switch_Valid_3] took 0.781 sec
    [junit] Testcase: valid[Switch_Valid_4] took 0.769 sec
    [junit] Testcase: valid[Switch_Valid_5] took 0.734 sec
    [junit] Testcase: valid[Switch_Valid_6] took 0.859 sec
    [junit] Testcase: valid[Switch_Valid_7] took 0.939 sec
    [junit] Testcase: valid[Switch_Valid_8] took 1.027 sec
    [junit] Testcase: valid[Switch_Valid_9] took 0.862 sec
    [junit] Testcase: valid[Syntax_Valid_1] took 1.197 sec
    [junit] Testcase: valid[TypeEquals_Valid_1] took 1.034 sec
    [junit] Testcase: valid[TypeEquals_Valid_10] took 0.526 sec
    [junit] Testcase: valid[TypeEquals_Valid_11] took 0.705 sec
    [junit] Testcase: valid[TypeEquals_Valid_12] took 0.834 sec
    [junit] Testcase: valid[TypeEquals_Valid_14] took 1.007 sec
    [junit] Testcase: valid[TypeEquals_Valid_15] took 0.907 sec
    [junit] Testcase: valid[TypeEquals_Valid_16] took 0.953 sec
    [junit] Testcase: valid[TypeEquals_Valid_17] took 1.106 sec
    [junit] Testcase: valid[TypeEquals_Valid_18] took 0.842 sec
    [junit] Testcase: valid[TypeEquals_Valid_19] took 0.716 sec
    [junit] Testcase: valid[TypeEquals_Valid_2] took 0.791 sec
    [junit] Testcase: valid[TypeEquals_Valid_21] took 0.784 sec
    [junit] Testcase: valid[TypeEquals_Valid_23] took 0 sec
    [junit] Testcase: valid[TypeEquals_Valid_24] took 0.785 sec
    [junit] Testcase: valid[TypeEquals_Valid_25] took 0.949 sec
    [junit] Testcase: valid[TypeEquals_Valid_27] took 0.879 sec
    [junit] Testcase: valid[TypeEquals_Valid_28] took 0.99 sec
    [junit] Testcase: valid[TypeEquals_Valid_29] took 1.048 sec
    [junit] Testcase: valid[TypeEquals_Valid_3] took 0.811 sec
    [junit] Testcase: valid[TypeEquals_Valid_30] took 0.817 sec
    [junit] Testcase: valid[TypeEquals_Valid_31] took 0.891 sec
    [junit] Testcase: valid[TypeEquals_Valid_32] took 0.548 sec
    [junit] Testcase: valid[TypeEquals_Valid_33] took 0.896 sec
    [junit] Testcase: valid[TypeEquals_Valid_34] took 0.705 sec
    [junit] Testcase: valid[TypeEquals_Valid_35] took 0.867 sec
    [junit] Testcase: valid[TypeEquals_Valid_36] took 0 sec
    [junit] Testcase: valid[TypeEquals_Valid_37] took 0 sec
    [junit] Testcase: valid[TypeEquals_Valid_38] took 0 sec
    [junit] Testcase: valid[TypeEquals_Valid_39] took 1.027 sec
    [junit] Testcase: valid[TypeEquals_Valid_40] took 0.88 sec
    [junit] Testcase: valid[TypeEquals_Valid_41] took 0 sec
    [junit] Testcase: valid[TypeEquals_Valid_42] took 0.636 sec
    [junit] Testcase: valid[TypeEquals_Valid_43] took 0.752 sec
    [junit] Testcase: valid[TypeEquals_Valid_44] took 0.664 sec
    [junit] Testcase: valid[TypeEquals_Valid_45] took 0.854 sec
    [junit] Testcase: valid[TypeEquals_Valid_46] took 0.907 sec
    [junit] Testcase: valid[TypeEquals_Valid_47] took 0.64 sec
    [junit] Testcase: valid[TypeEquals_Valid_5] took 0.718 sec
    [junit] Testcase: valid[TypeEquals_Valid_6] took 0.733 sec
    [junit] Testcase: valid[TypeEquals_Valid_7] took 0.657 sec
    [junit] Testcase: valid[TypeEquals_Valid_9] took 0.686 sec
    [junit] Testcase: valid[UnionType_Valid_1] took 0.795 sec
    [junit] Testcase: valid[UnionType_Valid_10] took 0.787 sec
    [junit] Testcase: valid[UnionType_Valid_11] took 0.545 sec
    [junit] Testcase: valid[UnionType_Valid_12] took 0.704 sec
    [junit] Testcase: valid[UnionType_Valid_13] took 0.622 sec
    [junit] Testcase: valid[UnionType_Valid_14] took 0.523 sec
    [junit] Testcase: valid[UnionType_Valid_15] took 0.565 sec
    [junit] Testcase: valid[UnionType_Valid_16] took 0.754 sec
    [junit] Testcase: valid[UnionType_Valid_17] took 0.732 sec
    [junit] Testcase: valid[UnionType_Valid_18] took 0.529 sec
    [junit] Testcase: valid[UnionType_Valid_19] took 0.66 sec
    [junit] Testcase: valid[UnionType_Valid_2] took 0.741 sec
    [junit] Testcase: valid[UnionType_Valid_20] took 0.617 sec
    [junit] Testcase: valid[UnionType_Valid_21] took 0.57 sec
    [junit] Testcase: valid[UnionType_Valid_22] took 0.714 sec
    [junit] Testcase: valid[UnionType_Valid_23] took 0.639 sec
    [junit] Testcase: valid[UnionType_Valid_3] took 0.808 sec
    [junit] Testcase: valid[UnionType_Valid_4] took 0.489 sec
    [junit] Testcase: valid[UnionType_Valid_5] took 0.675 sec
    [junit] Testcase: valid[UnionType_Valid_6] took 0.688 sec
    [junit] Testcase: valid[UnionType_Valid_7] took 0.613 sec
    [junit] Testcase: valid[UnionType_Valid_8] took 0.635 sec
    [junit] Testcase: valid[UnionType_Valid_9] took 0.584 sec
    [junit] Testcase: valid[Update_Valid_2] took 0.736 sec
    [junit] Testcase: valid[VarDecl_Valid_1] took 0.613 sec
    [junit] Testcase: valid[VarDecl_Valid_2] took 0.611 sec
    [junit] Testcase: valid[VarDecl_Valid_3] took 0.63 sec
    [junit] Testcase: valid[VarDecl_Valid_4] took 0.596 sec
    [junit] Testcase: valid[While_Valid_1] took 0.54 sec
    [junit] Testcase: valid[While_Valid_10] took 0.668 sec
    [junit] Testcase: valid[While_Valid_11] took 0.519 sec
    [junit] Testcase: valid[While_Valid_12] took 0.644 sec
    [junit] Testcase: valid[While_Valid_14] took 0.614 sec
    [junit] Testcase: valid[While_Valid_15] took 0 sec
    [junit] Testcase: valid[While_Valid_16] took 0.651 sec
    [junit] Testcase: valid[While_Valid_17] took 0.647 sec
    [junit] Testcase: valid[While_Valid_18] took 0.898 sec
    [junit] Testcase: valid[While_Valid_19] took 0.533 sec
    [junit] Testcase: valid[While_Valid_2] took 0.491 sec
    [junit] Testcase: valid[While_Valid_20] took 0.566 sec
    [junit] Testcase: valid[While_Valid_21] took 0.629 sec
    [junit] Testcase: valid[While_Valid_22] took 0.559 sec
    [junit] Testcase: valid[While_Valid_23] took 0.5 sec
    [junit] Testcase: valid[While_Valid_24] took 0.509 sec
    [junit] Testcase: valid[While_Valid_25] took 0.686 sec
    [junit] Testcase: valid[While_Valid_26] took 0.818 sec
    [junit] Testcase: valid[While_Valid_27] took 0.706 sec
    [junit] Testcase: valid[While_Valid_28] took 0.736 sec
    [junit] Testcase: valid[While_Valid_29] took 0.55 sec
    [junit] Testcase: valid[While_Valid_3] took 0.542 sec
    [junit] Testcase: valid[While_Valid_30] took 0.713 sec
    [junit] Testcase: valid[While_Valid_31] took 0.807 sec
    [junit] Testcase: valid[While_Valid_32] took 0.652 sec
    [junit] Testcase: valid[While_Valid_33] took 0.739 sec
    [junit] Testcase: valid[While_Valid_34] took 0.729 sec
    [junit] Testcase: valid[While_Valid_35] took 0.554 sec
    [junit] Testcase: valid[While_Valid_36] took 0.651 sec
    [junit] Testcase: valid[While_Valid_37] took 0.849 sec
    [junit] Testcase: valid[While_Valid_38] took 0.818 sec
    [junit] Testcase: valid[While_Valid_39] took 0.609 sec
    [junit] Testcase: valid[While_Valid_40] took 0.678 sec
    [junit] Testcase: valid[While_Valid_41] took 0.605 sec
    [junit] Testcase: valid[While_Valid_42] took 0.552 sec
    [junit] Testcase: valid[While_Valid_43] took 0.737 sec
    [junit] Testcase: valid[While_Valid_44] took 0.557 sec
    [junit] Testcase: valid[While_Valid_45] took 0.82 sec
    [junit] Testcase: valid[While_Valid_46] took 0.744 sec
    [junit] Testcase: valid[While_Valid_47] took 0.492 sec
    [junit] Testcase: valid[While_Valid_48] took 0 sec
    [junit] Testcase: valid[While_Valid_5] took 0.683 sec
    [junit] Testcase: valid[While_Valid_7] took 0 sec
    [junit] Testcase: valid[While_Valid_9] took 0.517 sec
    [junit] Running wyc.testing.AllValidVerificationTests
    [junit] Testsuite: wyc.testing.AllValidVerificationTests
    [junit] Tests run: 476, Failures: 0, Errors: 0, Time elapsed: 537.608 sec
    [junit] Tests run: 476, Failures: 0, Errors: 0, Time elapsed: 537.608 sec
    [junit] ------------- Standard Error -----------------
    [junit] WARNING: version numbering unavailable
    [junit] ------------- ---------------- ---------------
    [junit] 
    [junit] Testcase: validVerification[Access_Valid_1] took 1.646 sec
    [junit] Testcase: validVerification[Access_Valid_2] took 1.38 sec
    [junit] Testcase: validVerification[Assume_Valid_1] took 1.154 sec
    [junit] Testcase: validVerification[Assume_Valid_2] took 1.222 sec
    [junit] Testcase: validVerification[BoolAssign_Valid_1] took 1.219 sec
    [junit] Testcase: validVerification[BoolAssign_Valid_2] took 1.93 sec
    [junit] Testcase: validVerification[BoolAssign_Valid_3] took 1.101 sec
    [junit] Testcase: validVerification[BoolAssign_Valid_4] took 1.158 sec
    [junit] Testcase: validVerification[BoolAssign_Valid_5] took 1.264 sec
    [junit] Testcase: validVerification[BoolAssign_Valid_6] took 1.136 sec
    [junit] Testcase: validVerification[BoolFun_Valid_1] took 1.264 sec
    [junit] Testcase: validVerification[BoolIfElse_Valid_1] took 1.068 sec
    [junit] Testcase: validVerification[BoolIfElse_Valid_2] took 1.229 sec
    [junit] Testcase: validVerification[BoolList_Valid_1] took 1.123 sec
    [junit] Testcase: validVerification[BoolList_Valid_2] took 1.716 sec
    [junit] Testcase: validVerification[BoolList_Valid_3] took 0.002 sec
    [junit] Testcase: validVerification[BoolRecord_Valid_1] took 0 sec
    [junit] Testcase: validVerification[BoolRecord_Valid_2] took 1.266 sec
    [junit] Testcase: validVerification[BoolRequires_Valid_1] took 1.102 sec
    [junit] Testcase: validVerification[BoolReturn_Valid_1] took 1.137 sec
    [junit] Testcase: validVerification[Byte_Valid_1] took 1.568 sec
    [junit] Testcase: validVerification[Byte_Valid_2] took 1.553 sec
    [junit] Testcase: validVerification[Byte_Valid_3] took 1.651 sec
    [junit] Testcase: validVerification[Byte_Valid_4] took 1.35 sec
    [junit] Testcase: validVerification[Byte_Valid_5] took 1.476 sec
    [junit] Testcase: validVerification[Byte_Valid_6] took 1.279 sec
    [junit] Testcase: validVerification[Byte_Valid_7] took 1.183 sec
    [junit] Testcase: validVerification[Byte_Valid_8] took 1.188 sec
    [junit] Testcase: validVerification[Byte_Valid_9] took 1.338 sec
    [junit] Testcase: validVerification[Cast_Valid_5] took 0 sec
    [junit] Testcase: validVerification[Coercion_Valid_2] took 1.327 sec
    [junit] Testcase: validVerification[Coercion_Valid_3] took 0.977 sec
    [junit] Testcase: validVerification[Coercion_Valid_7] took 0.982 sec
    [junit] Testcase: validVerification[Coercion_Valid_8] took 0 sec
    [junit] Testcase: validVerification[Coercion_Valid_9] took 0.836 sec
    [junit] Testcase: validVerification[Complex_Valid_1] took 0.001 sec
    [junit] Testcase: validVerification[Complex_Valid_2] took 0 sec
    [junit] Testcase: validVerification[Complex_Valid_3] took 0 sec
    [junit] Testcase: validVerification[Complex_Valid_4] took 0 sec
    [junit] Testcase: validVerification[Complex_Valid_5] took 0 sec
    [junit] Testcase: validVerification[Complex_Valid_6] took 0 sec
    [junit] Testcase: validVerification[Complex_Valid_7] took 0 sec
    [junit] Testcase: validVerification[Complex_Valid_8] took 0 sec
    [junit] Testcase: validVerification[Constant_Valid_3] took 1.259 sec
    [junit] Testcase: validVerification[ConstrainedInt_Valid_1] took 1.439 sec
    [junit] Testcase: validVerification[ConstrainedInt_Valid_10] took 1.419 sec
    [junit] Testcase: validVerification[ConstrainedInt_Valid_12] took 0.981 sec
    [junit] Testcase: validVerification[ConstrainedInt_Valid_13] took 1.552 sec
    [junit] Testcase: validVerification[ConstrainedInt_Valid_15] took 1.182 sec
    [junit] Testcase: validVerification[ConstrainedInt_Valid_16] took 3.459 sec
    [junit] Testcase: validVerification[ConstrainedInt_Valid_17] took 1.347 sec
    [junit] Testcase: validVerification[ConstrainedInt_Valid_18] took 1.233 sec
    [junit] Testcase: validVerification[ConstrainedInt_Valid_19] took 1.194 sec
    [junit] Testcase: validVerification[ConstrainedInt_Valid_2] took 1.072 sec
    [junit] Testcase: validVerification[ConstrainedInt_Valid_20] took 1.101 sec
    [junit] Testcase: validVerification[ConstrainedInt_Valid_21] took 1.006 sec
    [junit] Testcase: validVerification[ConstrainedInt_Valid_22] took 0 sec
    [junit] Testcase: validVerification[ConstrainedInt_Valid_23] took 1.272 sec
    [junit] Testcase: validVerification[ConstrainedInt_Valid_24] took 1.383 sec
    [junit] Testcase: validVerification[ConstrainedInt_Valid_3] took 1.286 sec
    [junit] Testcase: validVerification[ConstrainedInt_Valid_4] took 1.442 sec
    [junit] Testcase: validVerification[ConstrainedInt_Valid_5] took 1.19 sec
    [junit] Testcase: validVerification[ConstrainedInt_Valid_6] took 1.284 sec
    [junit] Testcase: validVerification[ConstrainedInt_Valid_8] took 0 sec
    [junit] Testcase: validVerification[ConstrainedIntersection_Valid_1] took 0 sec
    [junit] Testcase: validVerification[ConstrainedList_Valid_1] took 0 sec
    [junit] Testcase: validVerification[ConstrainedList_Valid_11] took 1.426 sec
    [junit] Testcase: validVerification[ConstrainedList_Valid_12] took 1.268 sec
    [junit] Testcase: validVerification[ConstrainedList_Valid_14] took 1.195 sec
    [junit] Testcase: validVerification[ConstrainedList_Valid_15] took 1.455 sec
    [junit] Testcase: validVerification[ConstrainedList_Valid_16] took 0 sec
    [junit] Testcase: validVerification[ConstrainedList_Valid_17] took 0 sec
    [junit] Testcase: validVerification[ConstrainedList_Valid_18] took 0 sec
    [junit] Testcase: validVerification[ConstrainedList_Valid_19] took 0 sec
    [junit] Testcase: validVerification[ConstrainedList_Valid_2] took 0 sec
    [junit] Testcase: validVerification[ConstrainedList_Valid_20] took 0 sec
    [junit] Testcase: validVerification[ConstrainedList_Valid_21] took 0 sec
    [junit] Testcase: validVerification[ConstrainedList_Valid_22] took 0.001 sec
    [junit] Testcase: validVerification[ConstrainedList_Valid_23] took 0 sec
    [junit] Testcase: validVerification[ConstrainedList_Valid_25] took 1.067 sec
    [junit] Testcase: validVerification[ConstrainedList_Valid_26] took 0 sec
    [junit] Testcase: validVerification[ConstrainedList_Valid_27] took 1.21 sec
    [junit] Testcase: validVerification[ConstrainedList_Valid_28] took 0 sec
    [junit] Testcase: validVerification[ConstrainedList_Valid_3] took 2.345 sec
    [junit] Testcase: validVerification[ConstrainedList_Valid_4] took 0 sec
    [junit] Testcase: validVerification[ConstrainedList_Valid_5] took 1.32 sec
    [junit] Testcase: validVerification[ConstrainedList_Valid_6] took 0 sec
    [junit] Testcase: validVerification[ConstrainedList_Valid_7] took 0 sec
    [junit] Testcase: validVerification[ConstrainedList_Valid_8] took 0 sec
    [junit] Testcase: validVerification[ConstrainedList_Valid_9] took 1.687 sec
    [junit] Testcase: validVerification[ConstrainedNegation_Valid_1] took 0 sec
    [junit] Testcase: validVerification[ConstrainedNegation_Valid_2] took 0 sec
    [junit] Testcase: validVerification[ConstrainedRecord_Valid_1] took 1.134 sec
    [junit] Testcase: validVerification[ConstrainedRecord_Valid_10] took 0 sec
    [junit] Testcase: validVerification[ConstrainedRecord_Valid_2] took 1.31 sec
    [junit] Testcase: validVerification[ConstrainedRecord_Valid_3] took 1.31 sec
    [junit] Testcase: validVerification[ConstrainedRecord_Valid_4] took 1.224 sec
    [junit] Testcase: validVerification[ConstrainedRecord_Valid_5] took 1.367 sec
    [junit] Testcase: validVerification[ConstrainedRecord_Valid_6] took 1.426 sec
    [junit] Testcase: validVerification[ConstrainedRecord_Valid_8] took 0 sec
    [junit] Testcase: validVerification[ConstrainedRecord_Valid_9] took 0 sec
    [junit] Testcase: validVerification[ConstrainedReference_Valid_1] took 0 sec
    [junit] Testcase: validVerification[ConstrainedUnion_Valid_1] took 1.18 sec
    [junit] Testcase: validVerification[Contractive_Valid_1] took 0 sec
    [junit] Testcase: validVerification[Contractive_Valid_2] took 1.332 sec
    [junit] Testcase: validVerification[Define_Valid_1] took 1.421 sec
    [junit] Testcase: validVerification[Define_Valid_2] took 1.189 sec
    [junit] Testcase: validVerification[Define_Valid_3] took 1.44 sec
    [junit] Testcase: validVerification[Define_Valid_4] took 1.295 sec
    [junit] Testcase: validVerification[DoWhile_Valid_1] took 0.995 sec
    [junit] Testcase: validVerification[DoWhile_Valid_2] took 1.194 sec
    [junit] Testcase: validVerification[DoWhile_Valid_3] took 1.221 sec
    [junit] Testcase: validVerification[DoWhile_Valid_4] took 0 sec
    [junit] Testcase: validVerification[DoWhile_Valid_5] took 1.308 sec
    [junit] Testcase: validVerification[DoWhile_Valid_6] took 1.538 sec
    [junit] Testcase: validVerification[DoWhile_Valid_7] took 0 sec
    [junit] Testcase: validVerification[EffectiveList_Valid_1] took 1.725 sec
    [junit] Testcase: validVerification[Ensures_Valid_1] took 1.374 sec
    [junit] Testcase: validVerification[Ensures_Valid_2] took 1.346 sec
    [junit] Testcase: validVerification[Ensures_Valid_3] took 0 sec
    [junit] Testcase: validVerification[Ensures_Valid_4] took 1.145 sec
    [junit] Testcase: validVerification[Ensures_Valid_5] took 1.227 sec
    [junit] Testcase: validVerification[Ensures_Valid_6] took 0 sec
    [junit] Testcase: validVerification[Ensures_Valid_7] took 1.244 sec
    [junit] Testcase: validVerification[Ensures_Valid_8] took 1.183 sec
    [junit] Testcase: validVerification[Fail_Valid_1] took 1.029 sec
    [junit] Testcase: validVerification[Fail_Valid_2] took 1.275 sec
    [junit] Testcase: validVerification[FunctionRef_Valid_1] took 1.103 sec
    [junit] Testcase: validVerification[FunctionRef_Valid_10] took 0 sec
    [junit] Testcase: validVerification[FunctionRef_Valid_11] took 0 sec
    [junit] Testcase: validVerification[FunctionRef_Valid_12] took 1.163 sec
    [junit] Testcase: validVerification[FunctionRef_Valid_13] took 0.001 sec
    [junit] Testcase: validVerification[FunctionRef_Valid_2] took 0 sec
    [junit] Testcase: validVerification[FunctionRef_Valid_4] took 0 sec
    [junit] Testcase: validVerification[FunctionRef_Valid_5] took 1.326 sec
    [junit] Testcase: validVerification[FunctionRef_Valid_6] took 1.202 sec
    [junit] Testcase: validVerification[FunctionRef_Valid_7] took 1.558 sec
    [junit] Testcase: validVerification[FunctionRef_Valid_8] took 1.225 sec
    [junit] Testcase: validVerification[FunctionRef_Valid_9] took 1.266 sec
    [junit] Testcase: validVerification[Function_Valid_1] took 1.356 sec
    [junit] Testcase: validVerification[Function_Valid_11] took 0 sec
    [junit] Testcase: validVerification[Function_Valid_12] took 1.201 sec
    [junit] Testcase: validVerification[Function_Valid_13] took 1.364 sec
    [junit] Testcase: validVerification[Function_Valid_14] took 1.202 sec
    [junit] Testcase: validVerification[Function_Valid_15] took 0 sec
    [junit] Testcase: validVerification[Function_Valid_16] took 1.014 sec
    [junit] Testcase: validVerification[Function_Valid_17] took 1.17 sec
    [junit] Testcase: validVerification[Function_Valid_18] took 1.109 sec
    [junit] Testcase: validVerification[Function_Valid_2] took 1.295 sec
    [junit] Testcase: validVerification[Function_Valid_20] took 1.256 sec
    [junit] Testcase: validVerification[Function_Valid_21] took 0.903 sec
    [junit] Testcase: validVerification[Function_Valid_3] took 1.301 sec
    [junit] Testcase: validVerification[Function_Valid_4] took 1.4 sec
    [junit] Testcase: validVerification[Function_Valid_5] took 1.143 sec
    [junit] Testcase: validVerification[Function_Valid_6] took 24.918 sec
    [junit] Testcase: validVerification[Function_Valid_7] took 1.794 sec
    [junit] Testcase: validVerification[Function_Valid_8] took 25.155 sec
    [junit] Testcase: validVerification[Function_Valid_9] took 1.712 sec
    [junit] Testcase: validVerification[HexAssign_Valid_1] took 1.234 sec
    [junit] Testcase: validVerification[IfElse_Valid_1] took 1.22 sec
    [junit] Testcase: validVerification[IfElse_Valid_2] took 1.368 sec
    [junit] Testcase: validVerification[IfElse_Valid_3] took 1.115 sec
    [junit] Testcase: validVerification[IfElse_Valid_4] took 0 sec
    [junit] Testcase: validVerification[IfElse_Valid_5] took 1.189 sec
    [junit] Testcase: validVerification[Import_Valid_1] took 1.159 sec
    [junit] Testcase: validVerification[Import_Valid_2] took 1.198 sec
    [junit] Testcase: validVerification[Import_Valid_3] took 1.223 sec
    [junit] Testcase: validVerification[Import_Valid_4] took 0 sec
    [junit] Testcase: validVerification[Import_Valid_5] took 0 sec
    [junit] Testcase: validVerification[Import_Valid_6] took 1.049 sec
    [junit] Testcase: validVerification[IntConst_Valid_1] took 0.952 sec
    [junit] Testcase: validVerification[IntDefine_Valid_1] took 1.397 sec
    [junit] Testcase: validVerification[IntDefine_Valid_2] took 1.405 sec
    [junit] Testcase: validVerification[IntDiv_Valid_1] took 1.129 sec
    [junit] Testcase: validVerification[IntDiv_Valid_3] took 0 sec
    [junit] Testcase: validVerification[IntDiv_Valid_4] took 1.232 sec
    [junit] Testcase: validVerification[IntDiv_Valid_5] took 1.2 sec
    [junit] Testcase: validVerification[IntMul_Valid_1] took 1.099 sec
    [junit] Testcase: validVerification[IntMul_Valid_2] took 1.476 sec
    [junit] Testcase: validVerification[IntOp_Valid_1] took 1.502 sec
    [junit] Testcase: validVerification[Intersection_Valid_1] took 0 sec
    [junit] Testcase: validVerification[Intersection_Valid_2] took 0 sec
    [junit] Testcase: validVerification[Lambda_Valid_1] took 1.254 sec
    [junit] Testcase: validVerification[Lambda_Valid_2] took 1.393 sec
    [junit] Testcase: validVerification[Lambda_Valid_3] took 0 sec
    [junit] Testcase: validVerification[Lambda_Valid_4] took 0 sec
    [junit] Testcase: validVerification[Lambda_Valid_5] took 1.255 sec
    [junit] Testcase: validVerification[Lambda_Valid_6] took 1.485 sec
    [junit] Testcase: validVerification[Lambda_Valid_7] took 0 sec
    [junit] Testcase: validVerification[Lambda_Valid_8] took 1.268 sec
    [junit] Testcase: validVerification[Lambda_Valid_9] took 0 sec
    [junit] Testcase: validVerification[LengthOf_Valid_1] took 1.369 sec
    [junit] Testcase: validVerification[LengthOf_Valid_4] took 1.481 sec
    [junit] Testcase: validVerification[LengthOf_Valid_5] took 1.479 sec
    [junit] Testcase: validVerification[ListAccess_Valid_1] took 1.416 sec
    [junit] Testcase: validVerification[ListAccess_Valid_3] took 1.764 sec
    [junit] Testcase: validVerification[ListAccess_Valid_5] took 1.613 sec
    [junit] Testcase: validVerification[ListAccess_Valid_6] took 0 sec
    [junit] Testcase: validVerification[ListAccess_Valid_8] took 1.627 sec
    [junit] Testcase: validVerification[ListAccess_Valid_9] took 1.536 sec
    [junit] Testcase: validVerification[ListAssign_Valid_1] took 0.001 sec
    [junit] Testcase: validVerification[ListAssign_Valid_11] took 1.577 sec
    [junit] Testcase: validVerification[ListAssign_Valid_2] took 1.379 sec
    [junit] Testcase: validVerification[ListAssign_Valid_3] took 1.602 sec
    [junit] Testcase: validVerification[ListAssign_Valid_4] took 1.775 sec
    [junit] Testcase: validVerification[ListAssign_Valid_5] took 2.44 sec
    [junit] Testcase: validVerification[ListAssign_Valid_6] took 0 sec
    [junit] Testcase: validVerification[ListAssign_Valid_7] took 1.221 sec
    [junit] Testcase: validVerification[ListAssign_Valid_8] took 1.036 sec
    [junit] Testcase: validVerification[ListAssign_Valid_9] took 1.285 sec
    [junit] Testcase: validVerification[ListEmpty_Valid_1] took 1.463 sec
    [junit] Testcase: validVerification[ListGenerator_Valid_1] took 1.021 sec
    [junit] Testcase: validVerification[ListGenerator_Valid_10] took 1.731 sec
    [junit] Testcase: validVerification[ListGenerator_Valid_11] took 1.736 sec
    [junit] Testcase: validVerification[ListGenerator_Valid_12] took 0 sec
    [junit] Testcase: validVerification[ListGenerator_Valid_2] took 1.48 sec
    [junit] Testcase: validVerification[ListGenerator_Valid_3] took 1.503 sec
    [junit] Testcase: validVerification[ListGenerator_Valid_5] took 1.741 sec
    [junit] Testcase: validVerification[ListGenerator_Valid_6] took 1.259 sec
    [junit] Testcase: validVerification[ListGenerator_Valid_7] took 1.257 sec
    [junit] Testcase: validVerification[ListGenerator_Valid_8] took 1.159 sec
    [junit] Testcase: validVerification[ListGenerator_Valid_9] took 1.543 sec
    [junit] Testcase: validVerification[ListLength_Valid_1] took 1.19 sec
    [junit] Testcase: validVerification[ListLength_Valid_2] took 1.336 sec
    [junit] Testcase: validVerification[ListLength_Valid_3] took 1.531 sec
    [junit] Testcase: validVerification[MessageRef_Valid_1] took 1.725 sec
    [junit] Testcase: validVerification[MessageRef_Valid_2] took 1.074 sec
    [junit] Testcase: validVerification[MessageSend_Valid_1] took 1.398 sec
    [junit] Testcase: validVerification[MessageSend_Valid_2] took 1.409 sec
    [junit] Testcase: validVerification[MessageSend_Valid_3] took 1.526 sec
    [junit] Testcase: validVerification[MessageSend_Valid_4] took 1.068 sec
    [junit] Testcase: validVerification[MessageSend_Valid_5] took 1.304 sec
    [junit] Testcase: validVerification[MethodCall_Valid_1] took 1.561 sec
    [junit] Testcase: validVerification[MethodCall_Valid_2] took 1.931 sec
    [junit] Testcase: validVerification[MethodCall_Valid_3] took 1.463 sec
    [junit] Testcase: validVerification[MethodCall_Valid_4] took 1.327 sec
    [junit] Testcase: validVerification[MethodRef_Valid_1] took 1.347 sec
    [junit] Testcase: validVerification[MethodRef_Valid_2] took 1.519 sec
    [junit] Testcase: validVerification[Method_Valid_1] took 0 sec
    [junit] Testcase: validVerification[MultiLineComment_Valid_1] took 1.331 sec
    [junit] Testcase: validVerification[MultiLineComment_Valid_2] took 1.085 sec
    [junit] Testcase: validVerification[NegationType_Valid_1] took 1.34 sec
    [junit] Testcase: validVerification[NegationType_Valid_2] took 1.777 sec
    [junit] Testcase: validVerification[NegationType_Valid_3] took 0 sec
    [junit] Testcase: validVerification[NegationType_Valid_4] took 1.291 sec
    [junit] Testcase: validVerification[NegationType_Valid_5] took 1.456 sec
    [junit] Testcase: validVerification[OpenRecord_Valid_1] took 1.536 sec
    [junit] Testcase: validVerification[OpenRecord_Valid_10] took 1.515 sec
    [junit] Testcase: validVerification[OpenRecord_Valid_11] took 0 sec
    [junit] Testcase: validVerification[OpenRecord_Valid_2] took 1.793 sec
    [junit] Testcase: validVerification[OpenRecord_Valid_3] took 1.231 sec
    [junit] Testcase: validVerification[OpenRecord_Valid_4] took 1.25 sec
    [junit] Testcase: validVerification[OpenRecord_Valid_5] took 1.779 sec
    [junit] Testcase: validVerification[OpenRecord_Valid_6] took 1.327 sec
    [junit] Testcase: validVerification[OpenRecord_Valid_9] took 1.299 sec
    [junit] Testcase: validVerification[ProcessAccess_Valid_1] took 1.254 sec
    [junit] Testcase: validVerification[ProcessAccess_Valid_2] took 1.406 sec
    [junit] Testcase: validVerification[Process_Valid_1] took 0 sec
    [junit] Testcase: validVerification[Process_Valid_10] took 0 sec
    [junit] Testcase: validVerification[Process_Valid_11] took 1.615 sec
    [junit] Testcase: validVerification[Process_Valid_12] took 1.369 sec
    [junit] Testcase: validVerification[Process_Valid_2] took 1.741 sec
    [junit] Testcase: validVerification[Process_Valid_3] took 1.248 sec
    [junit] Testcase: validVerification[Process_Valid_4] took 1.286 sec
    [junit] Testcase: validVerification[Process_Valid_5] took 1.187 sec
    [junit] Testcase: validVerification[Process_Valid_6] took 1.476 sec
    [junit] Testcase: validVerification[Process_Valid_7] took 1.465 sec
    [junit] Testcase: validVerification[Process_Valid_8] took 1.329 sec
    [junit] Testcase: validVerification[Process_Valid_9] took 0 sec
    [junit] Testcase: validVerification[Quantifiers_Valid_1] took 1.585 sec
    [junit] Testcase: validVerification[RecordAccess_Valid_1] took 1.737 sec
    [junit] Testcase: validVerification[RecordAssign_Valid_1] took 1.393 sec
    [junit] Testcase: validVerification[RecordAssign_Valid_10] took 1.537 sec
    [junit] Testcase: validVerification[RecordAssign_Valid_2] took 0 sec
    [junit] Testcase: validVerification[RecordAssign_Valid_3] took 1.547 sec
    [junit] Testcase: validVerification[RecordAssign_Valid_4] took 1.88 sec
    [junit] Testcase: validVerification[RecordAssign_Valid_5] took 1.321 sec
    [junit] Testcase: validVerification[RecordAssign_Valid_6] took 1.302 sec
    [junit] Testcase: validVerification[RecordAssign_Valid_7] took 1.527 sec
    [junit] Testcase: validVerification[RecordAssign_Valid_8] took 1.201 sec
    [junit] Testcase: validVerification[RecordAssign_Valid_9] took 1.766 sec
    [junit] Testcase: validVerification[RecordCoercion_Valid_1] took 0 sec
    [junit] Testcase: validVerification[RecordDefine_Valid_1] took 1.217 sec
    [junit] Testcase: validVerification[RecordDefine_Valid_2] took 1.546 sec
    [junit] Testcase: validVerification[RecordSubtype_Valid_1] took 0 sec
    [junit] Testcase: validVerification[RecordSubtype_Valid_2] took 0 sec
    [junit] Testcase: validVerification[RecursiveType_Valid_1] took 1.028 sec
    [junit] Testcase: validVerification[RecursiveType_Valid_10] took 1.241 sec
    [junit] Testcase: validVerification[RecursiveType_Valid_11] took 0 sec
    [junit] Testcase: validVerification[RecursiveType_Valid_12] took 0 sec
    [junit] Testcase: validVerification[RecursiveType_Valid_13] took 0.971 sec
    [junit] Testcase: validVerification[RecursiveType_Valid_14] took 0.001 sec
    [junit] Testcase: validVerification[RecursiveType_Valid_15] took 1.36 sec
    [junit] Testcase: validVerification[RecursiveType_Valid_16] took 0.001 sec
    [junit] Testcase: validVerification[RecursiveType_Valid_17] took 0 sec
    [junit] Testcase: validVerification[RecursiveType_Valid_18] took 0 sec
    [junit] Testcase: validVerification[RecursiveType_Valid_19] took 0 sec
    [junit] Testcase: validVerification[RecursiveType_Valid_2] took 0 sec
    [junit] Testcase: validVerification[RecursiveType_Valid_20] took 0 sec
    [junit] Testcase: validVerification[RecursiveType_Valid_21] took 0 sec
    [junit] Testcase: validVerification[RecursiveType_Valid_22] took 0 sec
    [junit] Testcase: validVerification[RecursiveType_Valid_23] took 0 sec
    [junit] Testcase: validVerification[RecursiveType_Valid_24] took 0 sec
    [junit] Testcase: validVerification[RecursiveType_Valid_25] took 0 sec
    [junit] Testcase: validVerification[RecursiveType_Valid_26] took 0 sec
    [junit] Testcase: validVerification[RecursiveType_Valid_27] took 0 sec
    [junit] Testcase: validVerification[RecursiveType_Valid_28] took 0.001 sec
    [junit] Testcase: validVerification[RecursiveType_Valid_3] took 0 sec
    [junit] Testcase: validVerification[RecursiveType_Valid_4] took 0 sec
    [junit] Testcase: validVerification[RecursiveType_Valid_5] took 0 sec
    [junit] Testcase: validVerification[RecursiveType_Valid_6] took 1.784 sec
    [junit] Testcase: validVerification[RecursiveType_Valid_7] took 0 sec
    [junit] Testcase: validVerification[RecursiveType_Valid_8] took 1.489 sec
    [junit] Testcase: validVerification[RecursiveType_Valid_9] took 1.112 sec
    [junit] Testcase: validVerification[ReferenceType_Valid_1] took 1.501 sec
    [junit] Testcase: validVerification[Reference_Valid_1] took 1.455 sec
    [junit] Testcase: validVerification[Reference_Valid_2] took 0 sec
    [junit] Testcase: validVerification[Reference_Valid_3] took 0 sec
    [junit] Testcase: validVerification[Reference_Valid_4] took 1.237 sec
    [junit] Testcase: validVerification[Reference_Valid_5] took 1.57 sec
    [junit] Testcase: validVerification[Reference_Valid_6] took 0 sec
    [junit] Testcase: validVerification[Reference_Valid_7] took 1.31 sec
    [junit] Testcase: validVerification[Reference_Valid_8] took 1.556 sec
    [junit] Testcase: validVerification[Remainder_Valid_1] took 1.658 sec
    [junit] Testcase: validVerification[Requires_Valid_1] took 1.481 sec
    [junit] Testcase: validVerification[Resolution_Valid_1] took 1.231 sec
    [junit] Testcase: validVerification[Return_Valid_1] took 0 sec
    [junit] Testcase: validVerification[SingleLineComment_Valid_1] took 1.26 sec
    [junit] Testcase: validVerification[Skip_Valid_1] took 1.157 sec
    [junit] Testcase: validVerification[String_Valid_1] took 1.368 sec
    [junit] Testcase: validVerification[String_Valid_2] took 1.345 sec
    [junit] Testcase: validVerification[String_Valid_3] took 1.419 sec
    [junit] Testcase: validVerification[String_Valid_4] took 1.699 sec
    [junit] Testcase: validVerification[String_Valid_5] took 1.532 sec
    [junit] Testcase: validVerification[String_Valid_6] took 2.684 sec
    [junit] Testcase: validVerification[Subtype_Valid_1] took 0 sec
    [junit] Testcase: validVerification[Subtype_Valid_10] took 0 sec
    [junit] Testcase: validVerification[Subtype_Valid_11] took 0 sec
    [junit] Testcase: validVerification[Subtype_Valid_12] took 0 sec
    [junit] Testcase: validVerification[Subtype_Valid_13] took 0 sec
    [junit] Testcase: validVerification[Subtype_Valid_14] took 0.001 sec
    [junit] Testcase: validVerification[Subtype_Valid_2] took 1.294 sec
    [junit] Testcase: validVerification[Subtype_Valid_3] took 1.195 sec
    [junit] Testcase: validVerification[Subtype_Valid_4] took 1.829 sec
    [junit] Testcase: validVerification[Subtype_Valid_5] took 1.52 sec
    [junit] Testcase: validVerification[Subtype_Valid_6] took 1.154 sec
    [junit] Testcase: validVerification[Subtype_Valid_7] took 0 sec
    [junit] Testcase: validVerification[Subtype_Valid_8] took 1.033 sec
    [junit] Testcase: validVerification[Subtype_Valid_9] took 1.46 sec
    [junit] Testcase: validVerification[Switch_Valid_1] took 1.463 sec
    [junit] Testcase: validVerification[Switch_Valid_10] took 1.18 sec
    [junit] Testcase: validVerification[Switch_Valid_11] took 1.631 sec
    [junit] Testcase: validVerification[Switch_Valid_12] took 1.677 sec
    [junit] Testcase: validVerification[Switch_Valid_13] took 1.612 sec
    [junit] Testcase: validVerification[Switch_Valid_2] took 1.476 sec
    [junit] Testcase: validVerification[Switch_Valid_3] took 1.407 sec
    [junit] Testcase: validVerification[Switch_Valid_4] took 1.344 sec
    [junit] Testcase: validVerification[Switch_Valid_5] took 1.43 sec
    [junit] Testcase: validVerification[Switch_Valid_6] took 1.231 sec
    [junit] Testcase: validVerification[Switch_Valid_7] took 1.365 sec
    [junit] Testcase: validVerification[Switch_Valid_8] took 1.202 sec
    [junit] Testcase: validVerification[Switch_Valid_9] took 1.239 sec
    [junit] Testcase: validVerification[Syntax_Valid_1] took 1.228 sec
    [junit] Testcase: validVerification[TypeEquals_Valid_1] took 1.859 sec
    [junit] Testcase: validVerification[TypeEquals_Valid_10] took 1.492 sec
    [junit] Testcase: validVerification[TypeEquals_Valid_11] took 1.414 sec
    [junit] Testcase: validVerification[TypeEquals_Valid_12] took 1.539 sec
    [junit] Testcase: validVerification[TypeEquals_Valid_14] took 1.903 sec
    [junit] Testcase: validVerification[TypeEquals_Valid_15] took 1.337 sec
    [junit] Testcase: validVerification[TypeEquals_Valid_16] took 1.266 sec
    [junit] Testcase: validVerification[TypeEquals_Valid_17] took 1.297 sec
    [junit] Testcase: validVerification[TypeEquals_Valid_18] took 1.726 sec
    [junit] Testcase: validVerification[TypeEquals_Valid_19] took 1.356 sec
    [junit] Testcase: validVerification[TypeEquals_Valid_2] took 0 sec
    [junit] Testcase: validVerification[TypeEquals_Valid_21] took 1.185 sec
    [junit] Testcase: validVerification[TypeEquals_Valid_23] took 0 sec
    [junit] Testcase: validVerification[TypeEquals_Valid_24] took 1.411 sec
    [junit] Testcase: validVerification[TypeEquals_Valid_25] took 0 sec
    [junit] Testcase: validVerification[TypeEquals_Valid_27] took 1.316 sec
    [junit] Testcase: validVerification[TypeEquals_Valid_28] took 1.448 sec
    [junit] Testcase: validVerification[TypeEquals_Valid_29] took 1.332 sec
    [junit] Testcase: validVerification[TypeEquals_Valid_3] took 0.001 sec
    [junit] Testcase: validVerification[TypeEquals_Valid_30] took 0 sec
    [junit] Testcase: validVerification[TypeEquals_Valid_31] took 1.448 sec
    [junit] Testcase: validVerification[TypeEquals_Valid_32] took 1.482 sec
    [junit] Testcase: validVerification[TypeEquals_Valid_33] took 1.65 sec
    [junit] Testcase: validVerification[TypeEquals_Valid_34] took 1.307 sec
    [junit] Testcase: validVerification[TypeEquals_Valid_35] took 1.666 sec
    [junit] Testcase: validVerification[TypeEquals_Valid_36] took 0 sec
    [junit] Testcase: validVerification[TypeEquals_Valid_37] took 0 sec
    [junit] Testcase: validVerification[TypeEquals_Valid_38] took 0 sec
    [junit] Testcase: validVerification[TypeEquals_Valid_39] took 1.199 sec
    [junit] Testcase: validVerification[TypeEquals_Valid_40] took 1.312 sec
    [junit] Testcase: validVerification[TypeEquals_Valid_41] took 0 sec
    [junit] Testcase: validVerification[TypeEquals_Valid_42] took 1.207 sec
    [junit] Testcase: validVerification[TypeEquals_Valid_43] took 1.319 sec
    [junit] Testcase: validVerification[TypeEquals_Valid_44] took 1.239 sec
    [junit] Testcase: validVerification[TypeEquals_Valid_45] took 0 sec
    [junit] Testcase: validVerification[TypeEquals_Valid_46] took 1.465 sec
    [junit] Testcase: validVerification[TypeEquals_Valid_47] took 1.228 sec
    [junit] Testcase: validVerification[TypeEquals_Valid_5] took 1.453 sec
    [junit] Testcase: validVerification[TypeEquals_Valid_6] took 1.37 sec
    [junit] Testcase: validVerification[TypeEquals_Valid_7] took 1.106 sec
    [junit] Testcase: validVerification[TypeEquals_Valid_9] took 1.4 sec
    [junit] Testcase: validVerification[UnionType_Valid_1] took 1.489 sec
    [junit] Testcase: validVerification[UnionType_Valid_10] took 1.389 sec
    [junit] Testcase: validVerification[UnionType_Valid_11] took 1.296 sec
    [junit] Testcase: validVerification[UnionType_Valid_12] took 1.33 sec
    [junit] Testcase: validVerification[UnionType_Valid_13] took 1.545 sec
    [junit] Testcase: validVerification[UnionType_Valid_14] took 0 sec
    [junit] Testcase: validVerification[UnionType_Valid_15] took 1.376 sec
    [junit] Testcase: validVerification[UnionType_Valid_16] took 1.462 sec
    [junit] Testcase: validVerification[UnionType_Valid_17] took 1.668 sec
    [junit] Testcase: validVerification[UnionType_Valid_18] took 1.328 sec
    [junit] Testcase: validVerification[UnionType_Valid_19] took 1.463 sec
    [junit] Testcase: validVerification[UnionType_Valid_2] took 0 sec
    [junit] Testcase: validVerification[UnionType_Valid_20] took 1.61 sec
    [junit] Testcase: validVerification[UnionType_Valid_21] took 1.297 sec
    [junit] Testcase: validVerification[UnionType_Valid_22] took 0 sec
    [junit] Testcase: validVerification[UnionType_Valid_23] took 1.228 sec
    [junit] Testcase: validVerification[UnionType_Valid_3] took 1.798 sec
    [junit] Testcase: validVerification[UnionType_Valid_4] took 1.625 sec
    [junit] Testcase: validVerification[UnionType_Valid_5] took 1.606 sec
    [junit] Testcase: validVerification[UnionType_Valid_6] took 1.557 sec
    [junit] Testcase: validVerification[UnionType_Valid_7] took 1.498 sec
    [junit] Testcase: validVerification[UnionType_Valid_8] took 1.444 sec
    [junit] Testcase: validVerification[UnionType_Valid_9] took 1.624 sec
    [junit] Testcase: validVerification[Update_Valid_2] took 1.799 sec
    [junit] Testcase: validVerification[VarDecl_Valid_1] took 1.559 sec
    [junit] Testcase: validVerification[VarDecl_Valid_2] took 1.268 sec
    [junit] Testcase: validVerification[VarDecl_Valid_3] took 1.467 sec
    [junit] Testcase: validVerification[VarDecl_Valid_4] took 1.231 sec
    [junit] Testcase: validVerification[While_Valid_1] took 1.752 sec
    [junit] Testcase: validVerification[While_Valid_10] took 1.342 sec
    [junit] Testcase: validVerification[While_Valid_11] took 0 sec
    [junit] Testcase: validVerification[While_Valid_12] took 1.768 sec
    [junit] Testcase: validVerification[While_Valid_14] took 1.535 sec
    [junit] Testcase: validVerification[While_Valid_15] took 0 sec
    [junit] Testcase: validVerification[While_Valid_16] took 0 sec
    [junit] Testcase: validVerification[While_Valid_17] took 1.161 sec
    [junit] Testcase: validVerification[While_Valid_18] took 1.244 sec
    [junit] Testcase: validVerification[While_Valid_19] took 1.359 sec
    [junit] Testcase: validVerification[While_Valid_2] took 0 sec
    [junit] Testcase: validVerification[While_Valid_20] took 1.698 sec
    [junit] Testcase: validVerification[While_Valid_21] took 1.962 sec
    [junit] Testcase: validVerification[While_Valid_22] took 0 sec
    [junit] Testcase: validVerification[While_Valid_23] took 0 sec
    [junit] Testcase: validVerification[While_Valid_24] took 1.46 sec
    [junit] Testcase: validVerification[While_Valid_25] took 1.941 sec
    [junit] Testcase: validVerification[While_Valid_26] took 0 sec
    [junit] Testcase: validVerification[While_Valid_27] took 0 sec
    [junit] Testcase: validVerification[While_Valid_28] took 1.552 sec
    [junit] Testcase: validVerification[While_Valid_29] took 1.908 sec
    [junit] Testcase: validVerification[While_Valid_3] took 0 sec
    [junit] Testcase: validVerification[While_Valid_30] took 1.701 sec
    [junit] Testcase: validVerification[While_Valid_31] took 1.913 sec
    [junit] Testcase: validVerification[While_Valid_32] took 1.762 sec
    [junit] Testcase: validVerification[While_Valid_33] took 2.044 sec
    [junit] Testcase: validVerification[While_Valid_34] took 0 sec
    [junit] Testcase: validVerification[While_Valid_35] took 2.931 sec
    [junit] Testcase: validVerification[While_Valid_36] took 2.756 sec
    [junit] Testcase: validVerification[While_Valid_37] took 0 sec
    [junit] Testcase: validVerification[While_Valid_38] took 4.753 sec
    [junit] Testcase: validVerification[While_Valid_39] took 1.258 sec
    [junit] Testcase: validVerification[While_Valid_40] took 1.508 sec
    [junit] Testcase: validVerification[While_Valid_41] took 1.639 sec
    [junit] Testcase: validVerification[While_Valid_42] took 0 sec
    [junit] Testcase: validVerification[While_Valid_43] took 2.124 sec
    [junit] Testcase: validVerification[While_Valid_44] took 1.507 sec
    [junit] Testcase: validVerification[While_Valid_45] took 1.632 sec
    [junit] Testcase: validVerification[While_Valid_46] took 1.564 sec
    [junit] Testcase: validVerification[While_Valid_47] took 1.188 sec
    [junit] Testcase: validVerification[While_Valid_48] took 0 sec
    [junit] Testcase: validVerification[While_Valid_5] took 0 sec
    [junit] Testcase: validVerification[While_Valid_7] took 1.482 sec
    [junit] Testcase: validVerification[While_Valid_9] took 1.342 sec

test:

test:

BUILD SUCCESSFUL
Total time: 17 minutes 44 seconds

travis_time:end:007fc62b:start=1459149236085280659,finish=1459150300868960948,duration=1064783680289[0K
[32;1mThe command "ant test-all" exited with 0.[0m

Done. Your build exited with 0.
