Using worker: worker-linux-docker-881c8c70.prod.travis-ci.org:travis-linux-4

travis_fold:start:system_info[0K[33;1mBuild system information[0m
Build language: java
Build group: stable
Build dist: precise
Build id: 150540433
Job id: 150540434
travis-build version: d377c8f80
[34m[1mBuild image provisioning date and time[0m
Thu Feb  5 15:09:33 UTC 2015
[34m[1mOperating System Details[0m
Distributor ID:	Ubuntu
Description:	Ubuntu 12.04.5 LTS
Release:	12.04
Codename:	precise
[34m[1mLinux Version[0m
3.13.0-29-generic
[34m[1mCookbooks Version[0m
a68419e https://github.com/travis-ci/travis-cookbooks/tree/a68419e
[34m[1mGCC version[0m
gcc (Ubuntu/Linaro 4.6.3-1ubuntu5) 4.6.3
Copyright (C) 2011 Free Software Foundation, Inc.
This is free software; see the source for copying conditions.  There is NO
warranty; not even for MERCHANTABILITY or FITNESS FOR A PARTICULAR PURPOSE.

[34m[1mLLVM version[0m
clang version 3.4 (tags/RELEASE_34/final)
Target: x86_64-unknown-linux-gnu
Thread model: posix
[34m[1mPre-installed Ruby versions[0m
ruby-1.9.3-p551
[34m[1mPre-installed Node.js versions[0m
v0.10.36
[34m[1mPre-installed Go versions[0m
1.4.1
[34m[1mRedis version[0m
redis-server 2.8.19
[34m[1mriak version[0m
2.0.2
[34m[1mMongoDB version[0m
MongoDB 2.4.12
[34m[1mCouchDB version[0m
couchdb 1.6.1
[34m[1mNeo4j version[0m
1.9.4
[34m[1mRabbitMQ Version[0m
3.4.3
[34m[1mElasticSearch version[0m
1.4.0
[34m[1mInstalled Sphinx versions[0m
2.0.10
2.1.9
2.2.6
[34m[1mDefault Sphinx version[0m
2.2.6
[34m[1mInstalled Firefox version[0m
firefox 31.0esr
[34m[1mPhantomJS version[0m
1.9.8
[34m[1mant -version[0m
Apache Ant(TM) version 1.8.2 compiled on December 3 2011
[34m[1mmvn -version[0m
Apache Maven 3.2.5 (12a6b3acb947671f09b81f49094c53f426d8cea1; 2014-12-14T17:29:23+00:00)
Maven home: /usr/local/maven
Java version: 1.7.0_76, vendor: Oracle Corporation
Java home: /usr/lib/jvm/java-7-oracle/jre
Default locale: en_US, platform encoding: ANSI_X3.4-1968
OS name: "linux", version: "3.13.0-29-generic", arch: "amd64", family: "unix"
travis_fold:end:system_info[0K
travis_fold:start:fix.CVE-2015-7547[0K$ export DEBIAN_FRONTEND=noninteractive
W: Size of file /var/lib/apt/lists/us.archive.ubuntu.com_ubuntu_dists_precise-backports_multiverse_source_Sources.gz is not what the server reported 5886 5888
W: Size of file /var/lib/apt/lists/ppa.launchpad.net_ubuntugis_ppa_ubuntu_dists_precise_main_binary-amd64_Packages.gz is not what the server reported 33653 36677
W: Size of file /var/lib/apt/lists/ppa.launchpad.net_ubuntugis_ppa_ubuntu_dists_precise_main_binary-i386_Packages.gz is not what the server reported 33699 36733
Reading package lists...
Building dependency tree...
Reading state information...
The following extra packages will be installed:
  libc-bin libc-dev-bin libc6-dev
Suggested packages:
  glibc-doc
The following packages will be upgraded:
  libc-bin libc-dev-bin libc6 libc6-dev
4 upgraded, 0 newly installed, 0 to remove and 252 not upgraded.
Need to get 8,840 kB of archives.
After this operation, 14.3 kB disk space will be freed.
Get:1 http://us.archive.ubuntu.com/ubuntu/ precise-updates/main libc6-dev amd64 2.15-0ubuntu10.15 [2,943 kB]
Get:2 http://us.archive.ubuntu.com/ubuntu/ precise-updates/main libc-dev-bin amd64 2.15-0ubuntu10.15 [84.7 kB]
Get:3 http://us.archive.ubuntu.com/ubuntu/ precise-updates/main libc-bin amd64 2.15-0ubuntu10.15 [1,177 kB]
Get:4 http://us.archive.ubuntu.com/ubuntu/ precise-updates/main libc6 amd64 2.15-0ubuntu10.15 [4,636 kB]
Fetched 8,840 kB in 0s (33.9 MB/s)
Preconfiguring packages ...
(Reading database ... (Reading database ... 5%(Reading database ... 10%(Reading database ... 15%(Reading database ... 20%(Reading database ... 25%(Reading database ... 30%(Reading database ... 35%(Reading database ... 40%(Reading database ... 45%(Reading database ... 50%(Reading database ... 55%(Reading database ... 60%(Reading database ... 65%(Reading database ... 70%(Reading database ... 75%(Reading database ... 80%(Reading database ... 85%(Reading database ... 90%(Reading database ... 95%(Reading database ... 100%(Reading database ... 72019 files and directories currently installed.)
Preparing to replace libc6-dev 2.15-0ubuntu10.10 (using .../libc6-dev_2.15-0ubuntu10.15_amd64.deb) ...
Unpacking replacement libc6-dev ...
Preparing to replace libc-dev-bin 2.15-0ubuntu10.10 (using .../libc-dev-bin_2.15-0ubuntu10.15_amd64.deb) ...
Unpacking replacement libc-dev-bin ...
Preparing to replace libc-bin 2.15-0ubuntu10.10 (using .../libc-bin_2.15-0ubuntu10.15_amd64.deb) ...
Unpacking replacement libc-bin ...
Processing triggers for man-db ...
Setting up libc-bin (2.15-0ubuntu10.15) ...
(Reading database ... (Reading database ... 5%(Reading database ... 10%(Reading database ... 15%(Reading database ... 20%(Reading database ... 25%(Reading database ... 30%(Reading database ... 35%(Reading database ... 40%(Reading database ... 45%(Reading database ... 50%(Reading database ... 55%(Reading database ... 60%(Reading database ... 65%(Reading database ... 70%(Reading database ... 75%(Reading database ... 80%(Reading database ... 85%(Reading database ... 90%(Reading database ... 95%(Reading database ... 100%(Reading database ... 72018 files and directories currently installed.)
Preparing to replace libc6 2.15-0ubuntu10.10 (using .../libc6_2.15-0ubuntu10.15_amd64.deb) ...
Unpacking replacement libc6 ...
Setting up libc6 (2.15-0ubuntu10.15) ...
Setting up libc-dev-bin (2.15-0ubuntu10.15) ...
Setting up libc6-dev (2.15-0ubuntu10.15) ...
Processing triggers for libc-bin ...
ldconfig deferred processing now taking place
travis_fold:end:fix.CVE-2015-7547[0Ktravis_fold:start:git.checkout[0Ktravis_time:start:223d3ed2[0K$ git clone --depth=50 --branch=develop https://github.com/Whiley/WhileyCompiler.git Whiley/WhileyCompiler
Cloning into 'Whiley/WhileyCompiler'...
remote: Counting objects: 4736, done.[K
remote: Compressing objects:   0% (1/2811)   [Kremote: Compressing objects:   1% (29/2811)   [Kremote: Compressing objects:   2% (57/2811)   [Kremote: Compressing objects:   3% (85/2811)   [Kremote: Compressing objects:   4% (113/2811)   [Kremote: Compressing objects:   5% (141/2811)   [Kremote: Compressing objects:   6% (169/2811)   [Kremote: Compressing objects:   7% (197/2811)   [Kremote: Compressing objects:   8% (225/2811)   [Kremote: Compressing objects:   9% (253/2811)   [Kremote: Compressing objects:  10% (282/2811)   [Kremote: Compressing objects:  11% (310/2811)   [Kremote: Compressing objects:  12% (338/2811)   [Kremote: Compressing objects:  13% (366/2811)   [Kremote: Compressing objects:  14% (394/2811)   [Kremote: Compressing objects:  15% (422/2811)   [Kremote: Compressing objects:  16% (450/2811)   [Kremote: Compressing objects:  17% (478/2811)   [Kremote: Compressing objects:  18% (506/2811)   [Kremote: Compressing objects:  19% (535/2811)   [Kremote: Compressing objects:  20% (563/2811)   [Kremote: Compressing objects:  21% (591/2811)   [Kremote: Compressing objects:  22% (619/2811)   [Kremote: Compressing objects:  23% (647/2811)   [Kremote: Compressing objects:  24% (675/2811)   [Kremote: Compressing objects:  25% (703/2811)   [Kremote: Compressing objects:  26% (731/2811)   [Kremote: Compressing objects:  27% (759/2811)   [Kremote: Compressing objects:  28% (788/2811)   [Kremote: Compressing objects:  29% (816/2811)   [Kremote: Compressing objects:  30% (844/2811)   [Kremote: Compressing objects:  31% (872/2811)   [Kremote: Compressing objects:  32% (900/2811)   [Kremote: Compressing objects:  33% (928/2811)   [Kremote: Compressing objects:  34% (956/2811)   [Kremote: Compressing objects:  35% (984/2811)   [Kremote: Compressing objects:  36% (1012/2811)   [Kremote: Compressing objects:  37% (1041/2811)   [Kremote: Compressing objects:  38% (1069/2811)   [Kremote: Compressing objects:  39% (1097/2811)   [Kremote: Compressing objects:  40% (1125/2811)   [Kremote: Compressing objects:  41% (1153/2811)   [Kremote: Compressing objects:  42% (1181/2811)   [Kremote: Compressing objects:  43% (1209/2811)   [Kremote: Compressing objects:  44% (1237/2811)   [Kremote: Compressing objects:  45% (1265/2811)   [Kremote: Compressing objects:  46% (1294/2811)   [Kremote: Compressing objects:  47% (1322/2811)   [Kremote: Compressing objects:  48% (1350/2811)   [Kremote: Compressing objects:  49% (1378/2811)   [Kremote: Compressing objects:  50% (1406/2811)   [Kremote: Compressing objects:  51% (1434/2811)   [Kremote: Compressing objects:  52% (1462/2811)   [Kremote: Compressing objects:  53% (1490/2811)   [Kremote: Compressing objects:  54% (1518/2811)   [Kremote: Compressing objects:  55% (1547/2811)   [Kremote: Compressing objects:  56% (1575/2811)   [Kremote: Compressing objects:  57% (1603/2811)   [Kremote: Compressing objects:  58% (1631/2811)   [Kremote: Compressing objects:  59% (1659/2811)   [Kremote: Compressing objects:  60% (1687/2811)   [Kremote: Compressing objects:  61% (1715/2811)   [Kremote: Compressing objects:  62% (1743/2811)   [Kremote: Compressing objects:  63% (1771/2811)   [Kremote: Compressing objects:  64% (1800/2811)   [Kremote: Compressing objects:  65% (1828/2811)   [Kremote: Compressing objects:  66% (1856/2811)   [Kremote: Compressing objects:  67% (1884/2811)   [Kremote: Compressing objects:  68% (1912/2811)   [Kremote: Compressing objects:  69% (1940/2811)   [Kremote: Compressing objects:  70% (1968/2811)   [Kremote: Compressing objects:  71% (1996/2811)   [Kremote: Compressing objects:  72% (2024/2811)   [Kremote: Compressing objects:  73% (2053/2811)   [Kremote: Compressing objects:  74% (2081/2811)   [Kremote: Compressing objects:  75% (2109/2811)   [Kremote: Compressing objects:  76% (2137/2811)   [Kremote: Compressing objects:  77% (2165/2811)   [Kremote: Compressing objects:  78% (2193/2811)   [Kremote: Compressing objects:  79% (2221/2811)   [Kremote: Compressing objects:  80% (2249/2811)   [Kremote: Compressing objects:  81% (2277/2811)   [Kremote: Compressing objects:  82% (2306/2811)   [Kremote: Compressing objects:  83% (2334/2811)   [Kremote: Compressing objects:  84% (2362/2811)   [Kremote: Compressing objects:  85% (2390/2811)   [Kremote: Compressing objects:  86% (2418/2811)   [Kremote: Compressing objects:  87% (2446/2811)   [Kremote: Compressing objects:  88% (2474/2811)   [Kremote: Compressing objects:  89% (2502/2811)   [Kremote: Compressing objects:  90% (2530/2811)   [Kremote: Compressing objects:  91% (2559/2811)   [Kremote: Compressing objects:  92% (2587/2811)   [Kremote: Compressing objects:  93% (2615/2811)   [Kremote: Compressing objects:  94% (2643/2811)   [Kremote: Compressing objects:  95% (2671/2811)   [Kremote: Compressing objects:  96% (2699/2811)   [Kremote: Compressing objects:  97% (2727/2811)   [Kremote: Compressing objects:  98% (2755/2811)   [Kremote: Compressing objects:  99% (2783/2811)   [Kremote: Compressing objects: 100% (2811/2811)   [Kremote: Compressing objects: 100% (2811/2811), done.[K
Receiving objects:   0% (1/4736)   Receiving objects:   1% (48/4736)   Receiving objects:   2% (95/4736)   Receiving objects:   3% (143/4736)   Receiving objects:   4% (190/4736)   Receiving objects:   5% (237/4736)   Receiving objects:   6% (285/4736)   Receiving objects:   7% (332/4736)   Receiving objects:   8% (379/4736)   Receiving objects:   9% (427/4736)   Receiving objects:  10% (474/4736)   Receiving objects:  11% (521/4736)   Receiving objects:  12% (569/4736)   Receiving objects:  13% (616/4736)   Receiving objects:  14% (664/4736)   Receiving objects:  15% (711/4736)   Receiving objects:  16% (758/4736)   Receiving objects:  17% (806/4736)   Receiving objects:  18% (853/4736)   Receiving objects:  19% (900/4736)   Receiving objects:  20% (948/4736)   Receiving objects:  21% (995/4736)   Receiving objects:  22% (1042/4736)   Receiving objects:  23% (1090/4736)   Receiving objects:  24% (1137/4736)   Receiving objects:  25% (1184/4736)   Receiving objects:  26% (1232/4736)   Receiving objects:  27% (1279/4736)   Receiving objects:  28% (1327/4736)   Receiving objects:  29% (1374/4736)   Receiving objects:  30% (1421/4736)   Receiving objects:  31% (1469/4736)   Receiving objects:  32% (1516/4736)   Receiving objects:  33% (1563/4736)   Receiving objects:  34% (1611/4736)   Receiving objects:  35% (1658/4736)   Receiving objects:  36% (1705/4736)   Receiving objects:  37% (1753/4736)   Receiving objects:  38% (1800/4736)   Receiving objects:  39% (1848/4736)   Receiving objects:  40% (1895/4736)   Receiving objects:  41% (1942/4736)   Receiving objects:  42% (1990/4736)   Receiving objects:  43% (2037/4736)   Receiving objects:  44% (2084/4736)   Receiving objects:  45% (2132/4736)   Receiving objects:  46% (2179/4736)   Receiving objects:  47% (2226/4736)   Receiving objects:  48% (2274/4736)   Receiving objects:  49% (2321/4736)   Receiving objects:  50% (2368/4736)   Receiving objects:  51% (2416/4736)   Receiving objects:  52% (2463/4736)   Receiving objects:  53% (2511/4736)   Receiving objects:  54% (2558/4736)   Receiving objects:  55% (2605/4736)   Receiving objects:  56% (2653/4736)   Receiving objects:  57% (2700/4736)   Receiving objects:  58% (2747/4736)   Receiving objects:  59% (2795/4736)   Receiving objects:  60% (2842/4736)   Receiving objects:  61% (2889/4736)   Receiving objects:  62% (2937/4736)   Receiving objects:  63% (2984/4736)   Receiving objects:  64% (3032/4736)   Receiving objects:  65% (3079/4736)   Receiving objects:  66% (3126/4736)   Receiving objects:  67% (3174/4736)   Receiving objects:  68% (3221/4736)   Receiving objects:  69% (3268/4736)   Receiving objects:  70% (3316/4736)   Receiving objects:  71% (3363/4736)   Receiving objects:  72% (3410/4736)   Receiving objects:  73% (3458/4736)   Receiving objects:  74% (3505/4736)   Receiving objects:  75% (3552/4736)   Receiving objects:  76% (3600/4736)   Receiving objects:  77% (3647/4736)   Receiving objects:  78% (3695/4736)   Receiving objects:  79% (3742/4736)   Receiving objects:  80% (3789/4736)   Receiving objects:  81% (3837/4736)   Receiving objects:  82% (3884/4736)   Receiving objects:  83% (3931/4736)   Receiving objects:  84% (3979/4736)   Receiving objects:  85% (4026/4736)   Receiving objects:  86% (4073/4736)   Receiving objects:  87% (4121/4736)   Receiving objects:  88% (4168/4736)   Receiving objects:  89% (4216/4736)   Receiving objects:  90% (4263/4736)   Receiving objects:  91% (4310/4736)   Receiving objects:  92% (4358/4736)   Receiving objects:  93% (4405/4736)   Receiving objects:  94% (4452/4736)   Receiving objects:  95% (4500/4736)   Receiving objects:  96% (4547/4736)   remote: Total 4736 (delta 2098), reused 3917 (delta 1742), pack-reused 0[K
Receiving objects:  97% (4594/4736)   Receiving objects:  98% (4642/4736)   Receiving objects:  99% (4689/4736)   Receiving objects: 100% (4736/4736)   Receiving objects: 100% (4736/4736), 3.69 MiB | 0 bytes/s, done.
Resolving deltas:   0% (0/2098)   Resolving deltas:   1% (22/2098)   Resolving deltas:   2% (43/2098)   Resolving deltas:   3% (63/2098)   Resolving deltas:   4% (86/2098)   Resolving deltas:   5% (107/2098)   Resolving deltas:   6% (136/2098)   Resolving deltas:   7% (147/2098)   Resolving deltas:  11% (245/2098)   Resolving deltas:  12% (265/2098)   Resolving deltas:  13% (274/2098)   Resolving deltas:  14% (313/2098)   Resolving deltas:  15% (319/2098)   Resolving deltas:  16% (339/2098)   Resolving deltas:  17% (361/2098)   Resolving deltas:  18% (396/2098)   Resolving deltas:  19% (410/2098)   Resolving deltas:  21% (441/2098)   Resolving deltas:  22% (469/2098)   Resolving deltas:  23% (483/2098)   Resolving deltas:  24% (510/2098)   Resolving deltas:  25% (525/2098)   Resolving deltas:  26% (558/2098)   Resolving deltas:  27% (567/2098)   Resolving deltas:  31% (653/2098)   Resolving deltas:  33% (702/2098)   Resolving deltas:  34% (727/2098)   Resolving deltas:  35% (739/2098)   Resolving deltas:  36% (759/2098)   Resolving deltas:  37% (777/2098)   Resolving deltas:  38% (801/2098)   Resolving deltas:  39% (822/2098)   Resolving deltas:  40% (842/2098)   Resolving deltas:  41% (866/2098)   Resolving deltas:  42% (890/2098)   Resolving deltas:  43% (907/2098)   Resolving deltas:  44% (930/2098)   Resolving deltas:  45% (945/2098)   Resolving deltas:  46% (966/2098)   Resolving deltas:  47% (987/2098)   Resolving deltas:  48% (1008/2098)   Resolving deltas:  49% (1029/2098)   Resolving deltas:  50% (1049/2098)   Resolving deltas:  51% (1070/2098)   Resolving deltas:  52% (1103/2098)   Resolving deltas:  53% (1113/2098)   Resolving deltas:  54% (1133/2098)   Resolving deltas:  55% (1155/2098)   Resolving deltas:  56% (1175/2098)   Resolving deltas:  57% (1196/2098)   Resolving deltas:  58% (1218/2098)   Resolving deltas:  59% (1238/2098)   Resolving deltas:  60% (1260/2098)   Resolving deltas:  61% (1280/2098)   Resolving deltas:  62% (1301/2098)   Resolving deltas:  63% (1329/2098)   Resolving deltas:  64% (1343/2098)   Resolving deltas:  67% (1411/2098)   Resolving deltas:  68% (1438/2098)   Resolving deltas:  69% (1449/2098)   Resolving deltas:  74% (1563/2098)   Resolving deltas:  75% (1584/2098)   Resolving deltas:  76% (1600/2098)   Resolving deltas:  77% (1617/2098)   Resolving deltas:  78% (1651/2098)   Resolving deltas:  79% (1664/2098)   Resolving deltas:  80% (1688/2098)   Resolving deltas:  81% (1700/2098)   Resolving deltas:  82% (1723/2098)   Resolving deltas:  83% (1752/2098)   Resolving deltas:  84% (1780/2098)   Resolving deltas:  85% (1790/2098)   Resolving deltas:  86% (1807/2098)   Resolving deltas:  87% (1838/2098)   Resolving deltas:  88% (1848/2098)   Resolving deltas:  89% (1879/2098)   Resolving deltas:  90% (1890/2098)   Resolving deltas:  91% (1910/2098)   Resolving deltas:  92% (1936/2098)   Resolving deltas:  94% (1974/2098)   Resolving deltas:  95% (2001/2098)   Resolving deltas:  96% (2023/2098)   Resolving deltas:  97% (2036/2098)   Resolving deltas:  98% (2057/2098)   Resolving deltas:  99% (2079/2098)   Resolving deltas: 100% (2098/2098)   Resolving deltas: 100% (2098/2098), done.
Checking connectivity... done.

travis_time:end:223d3ed2:start=1470636875918348014,finish=1470636876964868339,duration=1046520325[0K$ cd Whiley/WhileyCompiler
$ git checkout -qf fb16f5ffa4a94edf0dadd812fc0105688ed18271
travis_fold:end:git.checkout[0K
[33;1mThis job is running on container-based infrastructure, which does not allow use of 'sudo', setuid and setguid executables.[0m
[33;1mIf you require sudo, add 'sudo: required' to your .travis.yml[0m
[33;1mSee https://docs.travis-ci.com/user/workers/container-based-infrastructure/ for details.[0m
$ jdk_switcher use openjdk7
Switching to OpenJDK7 (java-1.7.0-openjdk-amd64), JAVA_HOME will be set to /usr/lib/jvm/java-7-openjdk-amd64
$ java -Xmx32m -version
java version "1.7.0_75"
OpenJDK Runtime Environment (IcedTea 2.5.4) (7u75-2.5.4-1~precise1)
OpenJDK 64-Bit Server VM (build 24.75-b04, mixed mode)
$ javac -J-Xmx32m -version
javac 1.7.0_75
travis_time:start:042ed0e2[0K$ touch running_on_travis

travis_time:end:042ed0e2:start=1470636879853958642,finish=1470636879858032898,duration=4074256[0K
[32;1mThe command "touch running_on_travis" exited with 0.[0m
travis_time:start:0d4c5ce3[0K$ ant test-all
Buildfile: /home/travis/build/Whiley/WhileyCompiler/build.xml
[maven:dependencies] Downloading: junit/junit/4.12/junit-4.12.pom from repository central at http://repo.maven.apache.org/maven2
[maven:dependencies] Transferring 23K from central
[maven:dependencies] Downloading: org/hamcrest/hamcrest-core/1.3/hamcrest-core-1.3.pom from repository central at http://repo.maven.apache.org/maven2
[maven:dependencies] Transferring 1K from central
[maven:dependencies] Downloading: org/hamcrest/hamcrest-parent/1.3/hamcrest-parent-1.3.pom from repository central at http://repo.maven.apache.org/maven2
[maven:dependencies] Transferring 2K from central
[maven:dependencies] Downloading: junit/junit/4.12/junit-4.12.jar from repository central at http://repo.maven.apache.org/maven2
[maven:dependencies] Downloading: org/hamcrest/hamcrest-core/1.3/hamcrest-core-1.3.jar from repository central at http://repo.maven.apache.org/maven2
[maven:dependencies] Transferring 308K from central
[maven:dependencies] Transferring 44K from central

build-all:

compile-wybs:
    [javac] Compiling 31 source files
    [javac] Note: Some input files use unchecked or unsafe operations.
    [javac] Note: Recompile with -Xlint:unchecked for details.

build:
    [mkdir] Created dir: /home/travis/build/Whiley/WhileyCompiler/modules/wybs/tmp
      [jar] Building jar: /home/travis/build/Whiley/WhileyCompiler/lib/wybs-v0.4.0-SNAPSHOT.jar
   [delete] Deleting directory /home/travis/build/Whiley/WhileyCompiler/modules/wybs/tmp
     [echo] =============================================
     [echo] BUILT: lib/wybs-v0.4.0-SNAPSHOT.jar
     [echo] =============================================

compile-wycs:
     [wyrl] Compiling wyrl file (2 modified dependencies)
     [wyrl] Compiling wyrl file (7 modified dependencies)
    [javac] Compiling 40 source files
    [javac] Note: Some input files use unchecked or unsafe operations.
    [javac] Note: Recompile with -Xlint:unchecked for details.
     [wycs] Compiled 1 source file(s)

build:
    [mkdir] Created dir: /home/travis/build/Whiley/WhileyCompiler/modules/wycs/tmp
      [jar] Building jar: /home/travis/build/Whiley/WhileyCompiler/lib/wycs-v0.4.0-SNAPSHOT.jar
   [delete] Deleting directory /home/travis/build/Whiley/WhileyCompiler/modules/wycs/tmp
     [echo] =============================================
     [echo] BUILT: lib/wycs-v0.4.0-SNAPSHOT.jar
     [echo] =============================================

compile-wyil:
    [javac] Compiling 49 source files
    [javac] Note: Some input files use unchecked or unsafe operations.
    [javac] Note: Recompile with -Xlint:unchecked for details.

build:
    [mkdir] Created dir: /home/travis/build/Whiley/WhileyCompiler/modules/wyil/tmp
      [jar] Building jar: /home/travis/build/Whiley/WhileyCompiler/lib/wyil-v0.4.0-SNAPSHOT.jar
   [delete] Deleting directory /home/travis/build/Whiley/WhileyCompiler/modules/wyil/tmp
     [echo] =============================================
     [echo] BUILT: lib/wyil-v0.4.0-SNAPSHOT.jar
     [echo] =============================================

compile-wyc:
    [javac] Compiling 20 source files
    [javac] Note: Some input files use unchecked or unsafe operations.
    [javac] Note: Recompile with -Xlint:unchecked for details.

build:
    [mkdir] Created dir: /home/travis/build/Whiley/WhileyCompiler/modules/wyc/tmp
      [jar] Building jar: /home/travis/build/Whiley/WhileyCompiler/lib/wyc-v0.4.0-SNAPSHOT.jar
   [delete] Deleting directory /home/travis/build/Whiley/WhileyCompiler/modules/wyc/tmp
     [echo] =============================================
     [echo] BUILT: lib/wyc-v0.4.0-SNAPSHOT.jar
     [echo] =============================================

compile-wyrt:
      [wyc] Compiled 11 source file(s)

build:
      [jar] Building jar: /home/travis/build/Whiley/WhileyCompiler/lib/wyrt-v0.4.0-SNAPSHOT.jar
     [echo] =============================================
     [echo] BUILT: lib/wyrt-v0.4.0-SNAPSHOT.jar
     [echo] =============================================

compile-wyjc:
    [javac] Compiling 17 source files
    [javac] Note: Some input files use unchecked or unsafe operations.
    [javac] Note: Recompile with -Xlint:unchecked for details.
     [wyjc] Compiled 11 source file(s)

build:
    [mkdir] Created dir: /home/travis/build/Whiley/WhileyCompiler/modules/wyjc/tmp
      [jar] Building jar: /home/travis/build/Whiley/WhileyCompiler/lib/wyjc-v0.4.0-SNAPSHOT.jar
   [delete] Deleting directory /home/travis/build/Whiley/WhileyCompiler/modules/wyjc/tmp
     [echo] =============================================
     [echo] BUILT: lib/wyjc-v0.4.0-SNAPSHOT.jar
     [echo] =============================================

test-all:

test:

test:

test:

compile-wyc:

test:
    [junit] Running wyc.testing.AllInvalidTests
    [junit] Testsuite: wyc.testing.AllInvalidTests
    [junit] .
    [junit] WARNING: version numbering unavailable
    [junit] .
    [junit] .
    [junit] .
    [junit] .
    [junit] .
    [junit] .
    [junit] .
    [junit] .
    [junit] .
    [junit] .
    [junit] .
    [junit] .
    [junit] .
    [junit] .
    [junit] .
    [junit] .
    [junit] .
    [junit] .
    [junit] .
    [junit] .
    [junit] .
    [junit] .
    [junit] .
    [junit] .
    [junit] .
    [junit] .
    [junit] .
    [junit] .
    [junit] .
    [junit] .
    [junit] .
    [junit] .
    [junit] .
    [junit] .
    [junit] .
    [junit] .
    [junit] .
    [junit] .
    [junit] .
    [junit] .
    [junit] .
    [junit] .
    [junit] .
    [junit] .
    [junit] .
    [junit] .
    [junit] .
    [junit] .
    [junit] .
    [junit] .
    [junit] .
    [junit] .
    [junit] .
    [junit] .
    [junit] .
    [junit] .
    [junit] .
    [junit] .
    [junit] .
    [junit] .
    [junit] .
    [junit] .
    [junit] .
    [junit] .
    [junit] .
    [junit] .
    [junit] .
    [junit] .
    [junit] .
    [junit] .
    [junit] .
    [junit] .
    [junit] .
    [junit] .
    [junit] .
    [junit] .
    [junit] .
    [junit] .
    [junit] .
    [junit] .
    [junit] .
    [junit] .
    [junit] .
    [junit] .
    [junit] .
    [junit] .
    [junit] .
    [junit] .
    [junit] .
    [junit] .
    [junit] .
    [junit] .
    [junit] .
    [junit] .
    [junit] .
    [junit] .
    [junit] .
    [junit] .
    [junit] .
    [junit] .
    [junit] .
    [junit] .
    [junit] .
    [junit] .
    [junit] .
    [junit] .
    [junit] .
    [junit] .
    [junit] .
    [junit] .
    [junit] .
    [junit] .
    [junit] .
    [junit] .
    [junit] .
    [junit] .
    [junit] .
    [junit] .
    [junit] .
    [junit] .
    [junit] .
    [junit] .
    [junit] .
    [junit] .
    [junit] .
    [junit] .
    [junit] .
    [junit] .
    [junit] .
    [junit] .
    [junit] .
    [junit] .
    [junit] .
    [junit] .
    [junit] .
    [junit] .
    [junit] .
    [junit] .
    [junit] .
    [junit] .
    [junit] .
    [junit] .
    [junit] .
    [junit] .
    [junit] .
    [junit] .
    [junit] .
    [junit] .
    [junit] .
    [junit] .
    [junit] .
    [junit] .
    [junit] .
    [junit] .
    [junit] .
    [junit] .
    [junit] .
    [junit] .
    [junit] .
    [junit] .
    [junit] .
    [junit] .
    [junit] .
    [junit] .
    [junit] .
    [junit] .
    [junit] .
    [junit] .
    [junit] .
    [junit] .
    [junit] .
    [junit] .
    [junit] .
    [junit] .
    [junit] .
    [junit] .
    [junit] .
    [junit] .
    [junit] .
    [junit] .
    [junit] .
    [junit] .
    [junit] .
    [junit] .
    [junit] .
    [junit] .
    [junit] .
    [junit] .
    [junit] .
    [junit] .
    [junit] .
    [junit] .
    [junit] .
    [junit] .
    [junit] .
    [junit] .
    [junit] .
    [junit] .
    [junit] .
    [junit] .
    [junit] .
    [junit] .
    [junit] .
    [junit] .
    [junit] .
    [junit] .
    [junit] .
    [junit] .
    [junit] .
    [junit] Tests run: 270, Failures: 0, Errors: 0, Time elapsed: 39.647 sec
    [junit] Tests run: 270, Failures: 0, Errors: 0, Time elapsed: 39.647 sec
    [junit] 
    [junit] Testcase: invalid[AddressExpression_Invalid_1] took 0.17 sec
    [junit] Testcase: invalid[AddressExpression_Invalid_2] took 0.013 sec
    [junit] Testcase: invalid[ArrayAccess_Invalid_1] took 0.017 sec
    [junit] Testcase: invalid[ArrayAccess_Invalid_2] took 1.379 sec
    [junit] Testcase: invalid[ArrayAccess_Invalid_3] took 0.045 sec
    [junit] Testcase: invalid[ArrayAccess_Invalid_4] took 0.574 sec
    [junit] Testcase: invalid[ArrayAccess_Invalid_5] took 1.224 sec
    [junit] Testcase: invalid[ArrayAssign_Invalid_1] took 0.019 sec
    [junit] Testcase: invalid[ArrayAssign_Invalid_2] took 1.035 sec
    [junit] Testcase: invalid[ArrayAssign_Invalid_3] took 0.694 sec
    [junit] Testcase: invalid[ArrayConversion_Invalid_1] took 0.012 sec
    [junit] Testcase: invalid[ArrayEmpty_Invalid_1] took 0.011 sec
    [junit] Testcase: invalid[ArrayEmpty_Invalid_2] took 0.854 sec
    [junit] Testcase: invalid[ArrayEquals_Invalid_1] took 0.814 sec
    [junit] Testcase: invalid[ArrayGenerator_Invalid_1] took 0.746 sec
    [junit] Testcase: invalid[ArrayGenerator_Invalid_2] took 0.46 sec
    [junit] Testcase: invalid[ArrayGenerator_Invalid_3] took 0.004 sec
    [junit] Testcase: invalid[ArrayGenerator_Invalid_4] took 0.004 sec
    [junit] Testcase: invalid[ArrayLength_Invalid_1] took 0.829 sec
    [junit] Testcase: invalid[ArrayLength_Invalid_2] took 0.939 sec
    [junit] Testcase: invalid[ArrayLength_Invalid_3] took 0.569 sec
    [junit] Testcase: invalid[ArrayUpdate_Invalid_1] took 0.708 sec
    [junit] Testcase: invalid[Array_Invalid_1] took 0.009 sec
    [junit] Testcase: invalid[Array_Invalid_2] took 0.025 sec
    [junit] Testcase: invalid[Array_Invalid_3] took 0.008 sec
    [junit] Testcase: invalid[Array_Invalid_4] took 0.005 sec
    [junit] Testcase: invalid[Array_Invalid_5] took 0.005 sec
    [junit] Testcase: invalid[Array_Invalid_6] took 0.007 sec
    [junit] Testcase: invalid[Array_Invalid_7] took 0.022 sec
    [junit] Testcase: invalid[Assert_Invalid_1] took 0.006 sec
    [junit] Testcase: invalid[Assert_Invalid_2] took 0.743 sec
    [junit] Testcase: invalid[Assign_Invalid_1] took 0.005 sec
    [junit] Testcase: invalid[Assign_Invalid_2] took 0.005 sec
    [junit] Testcase: invalid[Assign_Invalid_2] took 0.005 sec
    [junit] Testcase: invalid[Assign_Invalid_3] took 0.007 sec
    [junit] Testcase: invalid[Assign_Invalid_4] took 0.005 sec
    [junit] Testcase: invalid[Assign_Invalid_5] took 0.005 sec
    [junit] Testcase: invalid[Assign_Invalid_6] took 0.004 sec
    [junit] Testcase: invalid[Assign_Invalid_7] took 0.01 sec
    [junit] Testcase: invalid[Assign_Invalid_8] took 0.013 sec
    [junit] Testcase: invalid[Assign_Invalid_9] took 0.006 sec
    [junit] Testcase: invalid[Byte_Invalid_1] took 0.005 sec
    [junit] Testcase: invalid[Coercion_Invalid_2] took 0.023 sec
    [junit] Testcase: invalid[Constant_Invalid_1] took 0.001 sec
    [junit] Testcase: invalid[Constant_Invalid_2] took 0.008 sec
    [junit] Testcase: invalid[ConstrainedArray_Invalid_1] took 0 sec
    [junit] Testcase: invalid[ConstrainedArray_Invalid_2] took 0.661 sec
    [junit] Testcase: invalid[ConstrainedArray_Invalid_3] took 0 sec
    [junit] Testcase: invalid[ConstrainedInt_Invalid_1] took 0.001 sec
    [junit] Testcase: invalid[ConstrainedInt_Invalid_11] took 0.015 sec
    [junit] Testcase: invalid[ConstrainedInt_Invalid_12] took 0 sec
    [junit] Testcase: invalid[ConstrainedInt_Invalid_2] took 0 sec
    [junit] Testcase: invalid[ConstrainedInt_Invalid_3] took 0 sec
    [junit] Testcase: invalid[ConstrainedInt_Invalid_4] took 0.851 sec
    [junit] Testcase: invalid[ConstrainedInt_Invalid_5] took 0 sec
    [junit] Testcase: invalid[ConstrainedInt_Invalid_6] took 0 sec
    [junit] Testcase: invalid[ConstrainedInt_Invalid_7] took 0 sec
    [junit] Testcase: invalid[ConstrainedInt_Invalid_8] took 0 sec
    [junit] Testcase: invalid[ConstrainedInt_Invalid_9] took 0 sec
    [junit] Testcase: invalid[ConstrainedRecord_Invalid_1] took 0 sec
    [junit] Testcase: invalid[Continue_Invalid_1] took 0.005 sec
    [junit] Testcase: invalid[Continue_Invalid_2] took 0.005 sec
    [junit] Testcase: invalid[Contractive_Invalid_1] took 0.008 sec
    [junit] Testcase: invalid[Contractive_Invalid_2] took 0.007 sec
    [junit] Testcase: invalid[DefiniteAssign_Invalid_1] took 0.007 sec
    [junit] Testcase: invalid[DefiniteAssign_Invalid_2] took 0.009 sec
    [junit] Testcase: invalid[DefiniteAssign_Invalid_3] took 0.007 sec
    [junit] Testcase: invalid[DefiniteAssign_Invalid_4] took 0.007 sec
    [junit] Testcase: invalid[DoWhile_Invalid_1] took 0.717 sec
    [junit] Testcase: invalid[DoWhile_Invalid_2] took 0.825 sec
    [junit] Testcase: invalid[DoWhile_Invalid_3] took 0.712 sec
    [junit] Testcase: invalid[DoWhile_Invalid_4] took 0.695 sec
    [junit] Testcase: invalid[EndOfFile_Invalid_1] took 0.005 sec
    [junit] Testcase: invalid[Ensures_Invalid_1] took 0.812 sec
    [junit] Testcase: invalid[Ensures_Invalid_2] took 0.651 sec
    [junit] Testcase: invalid[Ensures_Invalid_3] took 0.83 sec
    [junit] Testcase: invalid[Export_Invalid_1] took 0 sec
    [junit] Testcase: invalid[Fail_Invalid_1] took 0.759 sec
    [junit] Testcase: invalid[Fail_Invalid_2] took 0.005 sec
    [junit] Testcase: invalid[FunctionRef_Invalid_1] took 0.004 sec
    [junit] Testcase: invalid[FunctionRef_Invalid_2] took 0.005 sec
    [junit] Testcase: invalid[FunctionRef_Invalid_3] took 0.004 sec
    [junit] Testcase: invalid[FunctionRef_Invalid_4] took 0.012 sec
    [junit] Testcase: invalid[FunctionRef_Invalid_5] took 0.01 sec
    [junit] Testcase: invalid[FunctionRef_Invalid_6] took 0.006 sec
    [junit] Testcase: invalid[FunctionRef_Invalid_7] took 0.008 sec
    [junit] Testcase: invalid[Function_Invalid_1] took 0.007 sec
    [junit] Testcase: invalid[Function_Invalid_10] took 0.009 sec
    [junit] Testcase: invalid[Function_Invalid_11] took 0.019 sec
    [junit] Testcase: invalid[Function_Invalid_2] took 0.001 sec
    [junit] Testcase: invalid[Function_Invalid_3] took 0.007 sec
    [junit] Testcase: invalid[Function_Invalid_4] took 0 sec
    [junit] Testcase: invalid[Function_Invalid_9] took 0 sec
    [junit] Testcase: invalid[If_Invalid_1] took 0.004 sec
    [junit] Testcase: invalid[If_Invalid_2] took 0.005 sec
    [junit] Testcase: invalid[If_Invalid_4] took 0.005 sec
    [junit] Testcase: invalid[If_Invalid_5] took 0.017 sec
    [junit] Testcase: invalid[Import_Invalid_1] took 0.008 sec
    [junit] Testcase: invalid[IntDiv_Invalid_1] took 0.86 sec
    [junit] Testcase: invalid[Intersection_Invalid_1] took 0.009 sec
    [junit] Testcase: invalid[Intersection_Invalid_2] took 0.012 sec
    [junit] Testcase: invalid[Lambda_Invalid_3] took 0.841 sec
    [junit] Testcase: invalid[Lifetime_Invalid_1] took 0.006 sec
    [junit] Testcase: invalid[Lifetime_Invalid_2] took 0.016 sec
    [junit] Testcase: invalid[Lifetime_Invalid_3] took 0.004 sec
    [junit] Testcase: invalid[Lifetime_Invalid_4] took 0.005 sec
    [junit] Testcase: invalid[Lifetime_Invalid_5] took 0.013 sec
    [junit] Testcase: invalid[Lifetime_Invalid_6] took 0.011 sec
    [junit] Testcase: invalid[Lifetime_Invalid_7] took 0.02 sec
    [junit] Testcase: invalid[Lifetime_Invalid_8] took 0.014 sec
    [junit] Testcase: invalid[Lifetime_Lambda_Invalid_1] took 0.006 sec
    [junit] Testcase: invalid[Lifetime_Lambda_Invalid_2] took 0.008 sec
    [junit] Testcase: invalid[Lifetime_Lambda_Invalid_3] took 0.005 sec
    [junit] Testcase: invalid[Lifetime_Lambda_Invalid_4] took 0.004 sec
    [junit] Testcase: invalid[Lifetime_Lambda_Invalid_5] took 0.007 sec
    [junit] Testcase: invalid[Lifetime_Lambda_Invalid_6] took 0.009 sec
    [junit] Testcase: invalid[MethodCall_Invalid_1] took 0.007 sec
    [junit] Testcase: invalid[MethodCall_Invalid_2] took 0.008 sec
    [junit] Testcase: invalid[MethodCall_Invalid_3] took 0.005 sec
    [junit] Testcase: invalid[MethodCall_Invalid_4] took 0 sec
    [junit] Testcase: invalid[MethodCall_Invalid_5] took 0 sec
    [junit] Testcase: invalid[MethodCall_Invalid_6] took 0 sec
    [junit] Testcase: invalid[MethodCall_Invalid_7] took 0 sec
    [junit] Testcase: invalid[MethodCall_Invalid_8] took 0 sec
    [junit] Testcase: invalid[MethodRef_Invalid_1] took 0 sec
    [junit] Testcase: invalid[MethodRef_Invalid_2] took 0.01 sec
    [junit] Testcase: invalid[MethodRef_Invalid_3] took 0 sec
    [junit] Testcase: invalid[MultiAssign_Invalid_1] took 0.008 sec
    [junit] Testcase: invalid[Native_Invalid_1] took 0 sec
    [junit] Testcase: invalid[NegationType_Invalid_1] took 0.004 sec
    [junit] Testcase: invalid[NegationType_Invalid_2] took 0.005 sec
    [junit] Testcase: invalid[NegationType_Invalid_3] took 0.008 sec
    [junit] Testcase: invalid[NegationType_Invalid_4] took 0.007 sec
    [junit] Testcase: invalid[OpenRecord_Invalid_1] took 0.004 sec
    [junit] Testcase: invalid[OpenRecord_Invalid_2] took 0 sec
    [junit] Testcase: invalid[OpenRecord_Invalid_3] took 0.008 sec
    [junit] Testcase: invalid[OpenRecord_Invalid_4] took 0.007 sec
    [junit] Testcase: invalid[OpenRecord_Invalid_5] took 0.008 sec
    [junit] Testcase: invalid[OpenRecord_Invalid_6] took 0.008 sec
    [junit] Testcase: invalid[OpenRecord_Invalid_7] took 0.009 sec
    [junit] Testcase: invalid[Parameter_Invalid_1] took 0.006 sec
    [junit] Testcase: invalid[Parameter_Invalid_2] took 0.005 sec
    [junit] Testcase: invalid[Parsing_Invalid_1] took 0 sec
    [junit] Testcase: invalid[Parsing_Invalid_10] took 0.004 sec
    [junit] Testcase: invalid[Parsing_Invalid_11] took 0.004 sec
    [junit] Testcase: invalid[Parsing_Invalid_12] took 0.009 sec
    [junit] Testcase: invalid[Parsing_Invalid_15] took 0 sec
    [junit] Testcase: invalid[Parsing_Invalid_16] took 0.004 sec
    [junit] Testcase: invalid[Parsing_Invalid_2] took 0.001 sec
    [junit] Testcase: invalid[Parsing_Invalid_21] took 0.008 sec
    [junit] Testcase: invalid[Parsing_Invalid_23] took 0.007 sec
    [junit] Testcase: invalid[Parsing_Invalid_24] took 0.008 sec
    [junit] Testcase: invalid[Parsing_Invalid_25] took 0.007 sec
    [junit] Testcase: invalid[Parsing_Invalid_26] took 0.004 sec
    [junit] Testcase: invalid[Parsing_Invalid_27] took 0 sec
    [junit] Testcase: invalid[Parsing_Invalid_28] took 0 sec
    [junit] Testcase: invalid[Parsing_Invalid_29] took 0.005 sec
    [junit] Testcase: invalid[Parsing_Invalid_30] took 0.004 sec
    [junit] Testcase: invalid[Parsing_Invalid_31] took 0 sec
    [junit] Testcase: invalid[Parsing_Invalid_4] took 0.004 sec
    [junit] Testcase: invalid[Parsing_Invalid_5] took 0.004 sec
    [junit] Testcase: invalid[Parsing_Invalid_6] took 0.004 sec
    [junit] Testcase: invalid[Parsing_Invalid_8] took 0.005 sec
    [junit] Testcase: invalid[ProcessAccess_Invalid_1] took 0.008 sec
    [junit] Testcase: invalid[ProcessAccess_Invalid_2] took 0.008 sec
    [junit] Testcase: invalid[ProcessAccess_Invalid_3] took 0.009 sec
    [junit] Testcase: invalid[Process_Invalid_1] took 0.009 sec
    [junit] Testcase: invalid[Quantifiers_Invalid_1] took 0.578 sec
    [junit] Testcase: invalid[Quantifiers_Invalid_2] took 0.636 sec
    [junit] Testcase: invalid[Quantifiers_Invalid_3] took 0.717 sec
    [junit] Testcase: invalid[Quantifiers_Invalid_4] took 0.821 sec
    [junit] Testcase: invalid[Quantifiers_Invalid_5] took 0.658 sec
    [junit] Testcase: invalid[Quantifiers_Invalid_6] took 0.749 sec
    [junit] Testcase: invalid[Quantifiers_Invalid_7] took 0.907 sec
    [junit] Testcase: invalid[Quantifiers_Invalid_8] took 0.757 sec
    [junit] Testcase: invalid[Record_Invalid_1] took 0.008 sec
    [junit] Testcase: invalid[Record_Invalid_2] took 0.008 sec
    [junit] Testcase: invalid[Record_Invalid_3] took 0.009 sec
    [junit] Testcase: invalid[RecursiveType_Invalid_1] took 0 sec
    [junit] Testcase: invalid[RecursiveType_Invalid_10] took 0.001 sec
    [junit] Testcase: invalid[RecursiveType_Invalid_11] took 0.007 sec
    [junit] Testcase: invalid[RecursiveType_Invalid_2] took 0 sec
    [junit] Testcase: invalid[RecursiveType_Invalid_3] took 0.008 sec
    [junit] Testcase: invalid[RecursiveType_Invalid_4] took 0 sec
    [junit] Testcase: invalid[RecursiveType_Invalid_5] took 0.005 sec
    [junit] Testcase: invalid[RecursiveType_Invalid_7] took 0 sec
    [junit] Testcase: invalid[RecursiveType_Invalid_8] took 0 sec
    [junit] Testcase: invalid[RecursiveType_Invalid_9] took 0 sec
    [junit] Testcase: invalid[ReferenceOpenRecord_Invalid_1] took 0 sec
    [junit] Testcase: invalid[Reference_Subtype_Variant_Invalid_1] took 0.007 sec
    [junit] Testcase: invalid[Remainder_Invalid_1] took 0.676 sec
    [junit] Testcase: invalid[Remainder_Invalid_2] took 0.004 sec
    [junit] Testcase: invalid[Remainder_Invalid_3] took 0.004 sec
    [junit] Testcase: invalid[Requires_Invalid_1] took 0.602 sec
    [junit] Testcase: invalid[Return_Invalid_1] took 0.004 sec
    [junit] Testcase: invalid[Return_Invalid_10] took 0.004 sec
    [junit] Testcase: invalid[Return_Invalid_11] took 0.004 sec
    [junit] Testcase: invalid[Return_Invalid_12] took 0.004 sec
    [junit] Testcase: invalid[Return_Invalid_2] took 0.004 sec
    [junit] Testcase: invalid[Return_Invalid_3] took 0.004 sec
    [junit] Testcase: invalid[Return_Invalid_4] took 0.004 sec
    [junit] Testcase: invalid[Return_Invalid_5] took 0.004 sec
    [junit] Testcase: invalid[Return_Invalid_6] took 0.003 sec
    [junit] Testcase: invalid[Return_Invalid_7] took 0.003 sec
    [junit] Testcase: invalid[Return_Invalid_8] took 0.003 sec
    [junit] Testcase: invalid[Return_Invalid_9] took 0.003 sec
    [junit] Testcase: invalid[Subtype_Invalid_1] took 0 sec
    [junit] Testcase: invalid[Subtype_Invalid_2] took 0 sec
    [junit] Testcase: invalid[Subtype_Invalid_3] took 0 sec
    [junit] Testcase: invalid[Subtype_Invalid_4] took 0 sec
    [junit] Testcase: invalid[Subtype_Invalid_5] took 0 sec
    [junit] Testcase: invalid[Subtype_Invalid_6] took 0 sec
    [junit] Testcase: invalid[Subtype_Invalid_7] took 0 sec
    [junit] Testcase: invalid[Subtype_Invalid_8] took 0 sec
    [junit] Testcase: invalid[Subtype_Invalid_9] took 0 sec
    [junit] Testcase: invalid[Switch_Invalid_1] took 0.006 sec
    [junit] Testcase: invalid[Switch_Invalid_2] took 0.004 sec
    [junit] Testcase: invalid[Switch_Invalid_3] took 0.003 sec
    [junit] Testcase: invalid[Switch_Invalid_4] took 0.006 sec
    [junit] Testcase: invalid[Switch_Invalid_5] took 0.003 sec
    [junit] Testcase: invalid[Switch_Invalid_6] took 0.004 sec
    [junit] Testcase: invalid[Switch_Invalid_7] took 0.004 sec
    [junit] Testcase: invalid[TupleAssign_Invalid_1] took 0.984 sec
    [junit] Testcase: invalid[TupleAssign_Invalid_2] took 0 sec
    [junit] Testcase: invalid[TupleAssign_Invalid_3] took 0.744 sec
    [junit] Testcase: invalid[TupleDefine_Invalid_1] took 0.007 sec
    [junit] Testcase: invalid[TupleDefine_Invalid_2] took 0 sec
    [junit] Testcase: invalid[Tuple_Invalid_3] took 0 sec
    [junit] Testcase: invalid[Tuple_Invalid_4] took 0 sec
    [junit] Testcase: invalid[Tuple_Invalid_5] took 0 sec
    [junit] Testcase: invalid[Tuple_Invalid_6] took 0.008 sec
    [junit] Testcase: invalid[Tuple_Invalid_7] took 0.008 sec
    [junit] Testcase: invalid[TypeEquals_Invalid_1] took 0.008 sec
    [junit] Testcase: invalid[TypeEquals_Invalid_10] took 0.008 sec
    [junit] Testcase: invalid[TypeEquals_Invalid_11] took 0.009 sec
    [junit] Testcase: invalid[TypeEquals_Invalid_12] took 0.752 sec
    [junit] Testcase: invalid[TypeEquals_Invalid_2] took 0.005 sec
    [junit] Testcase: invalid[TypeEquals_Invalid_5] took 0 sec
    [junit] Testcase: invalid[TypeEquals_Invalid_6] took 0.001 sec
    [junit] Testcase: invalid[TypeEquals_Invalid_7] took 0.003 sec
    [junit] Testcase: invalid[TypeEquals_Invalid_8] took 0.007 sec
    [junit] Testcase: invalid[TypeEquals_Invalid_9] took 0.008 sec
    [junit] Testcase: invalid[UnionType_Invalid_1] took 0.004 sec
    [junit] Testcase: invalid[UnionType_Invalid_10] took 0 sec
    [junit] Testcase: invalid[UnionType_Invalid_2] took 0.004 sec
    [junit] Testcase: invalid[UnionType_Invalid_3] took 0.004 sec
    [junit] Testcase: invalid[UnionType_Invalid_4] took 0.005 sec
    [junit] Testcase: invalid[UnionType_Invalid_5] took 0.006 sec
    [junit] Testcase: invalid[UnionType_Invalid_6] took 0.005 sec
    [junit] Testcase: invalid[UnionType_Invalid_7] took 0 sec
    [junit] Testcase: invalid[UnionType_Invalid_8] took 0 sec
    [junit] Testcase: invalid[UnionType_Invalid_9] took 0 sec
    [junit] Testcase: invalid[VarDecl_Invalid_1] took 0.006 sec
    [junit] Testcase: invalid[VarDecl_Invalid_2] took 0.874 sec
    [junit] Testcase: invalid[VarDecl_Invalid_3] took 0.004 sec
    [junit] Testcase: invalid[While_Invalid_1] took 0.008 sec
    [junit] Testcase: invalid[While_Invalid_10] took 0.957 sec
    [junit] Testcase: invalid[While_Invalid_11] took 0.859 sec
    [junit] Testcase: invalid[While_Invalid_12] took 0.687 sec
    [junit] Testcase: invalid[While_Invalid_13] took 0.707 sec
    [junit] Testcase: invalid[While_Invalid_14] took 0.005 sec
    [junit] Testcase: invalid[While_Invalid_15] took 0.714 sec
    [junit] Testcase: invalid[While_Invalid_2] took 0.008 sec
    [junit] Testcase: invalid[While_Invalid_3] took 0.008 sec
    [junit] Testcase: invalid[While_Invalid_4] took 0.005 sec
    [junit] Testcase: invalid[While_Invalid_5] took 0.005 sec
    [junit] Testcase: invalid[While_Invalid_6] took 0.005 sec
    [junit] Testcase: invalid[While_Invalid_7] took 0.687 sec
    [junit] Testcase: invalid[While_Invalid_8] took 0.763 sec
    [junit] Testcase: invalid[While_Invalid_9] took 0.005 sec
    [junit] Testcase: invalid[XOR_Invalid_1] took 0.004 sec
    [junit] Running wyc.testing.AllValidTests
    [junit] Testsuite: wyc.testing.AllValidTests
    [junit] .
    [junit] WARNING: version numbering unavailable
    [junit] .
    [junit] .
    [junit] .
    [junit] .
    [junit] .
    [junit] .
    [junit] .
    [junit] .
    [junit] .
    [junit] .
    [junit] .
    [junit] .
    [junit] .
    [junit] .
    [junit] .
    [junit] .
    [junit] .
    [junit] .
    [junit] .
    [junit] .
    [junit] .
    [junit] .
    [junit] .
    [junit] .
    [junit] .
    [junit] .
    [junit] .
    [junit] .
    [junit] .
    [junit] .
    [junit] .
    [junit] .
    [junit] .
    [junit] .
    [junit] .
    [junit] .
    [junit] .
    [junit] .
    [junit] .
    [junit] .
    [junit] .
    [junit] .
    [junit] .
    [junit] .
    [junit] .
    [junit] .
    [junit] .
    [junit] .
    [junit] .
    [junit] .
    [junit] .
    [junit] .
    [junit] .
    [junit] .
    [junit] .
    [junit] .
    [junit] .
    [junit] .
    [junit] .
    [junit] .
    [junit] .
    [junit] .
    [junit] .
    [junit] .
    [junit] .
    [junit] .
    [junit] .
    [junit] .
    [junit] .
    [junit] .
    [junit] .
    [junit] .
    [junit] .
    [junit] .
    [junit] .
    [junit] .
    [junit] .
    [junit] .
    [junit] .
    [junit] .
    [junit] .
    [junit] .
    [junit] .
    [junit] .
    [junit] .
    [junit] .
    [junit] .
    [junit] .
    [junit] .
    [junit] .
    [junit] .
    [junit] .
    [junit] .
    [junit] .
    [junit] .
    [junit] .
    [junit] .
    [junit] .
    [junit] .
    [junit] .
    [junit] .
    [junit] .
    [junit] .
    [junit] .
    [junit] .
    [junit] .
    [junit] .
    [junit] .
    [junit] .
    [junit] .
    [junit] .
    [junit] .
    [junit] .
    [junit] .
    [junit] .
    [junit] .
    [junit] .
    [junit] .
    [junit] .
    [junit] .
    [junit] .
    [junit] .
    [junit] .
    [junit] .
    [junit] .
    [junit] .
    [junit] .
    [junit] .
    [junit] .
    [junit] .
    [junit] .
    [junit] .
    [junit] .
    [junit] .
    [junit] .
    [junit] .
    [junit] .
    [junit] .
    [junit] .
    [junit] .
    [junit] .
    [junit] .
    [junit] .
    [junit] .
    [junit] .
    [junit] .
    [junit] .
    [junit] .
    [junit] .
    [junit] .
    [junit] .
    [junit] .
    [junit] .
    [junit] .
    [junit] .
    [junit] .
    [junit] .
    [junit] .
    [junit] .
    [junit] .
    [junit] .
    [junit] .
    [junit] .
    [junit] .
    [junit] .
    [junit] .
    [junit] .
    [junit] .
    [junit] .
    [junit] .
    [junit] .
    [junit] .
    [junit] .
    [junit] .
    [junit] .
    [junit] .
    [junit] .
    [junit] .
    [junit] .
    [junit] .
    [junit] .
    [junit] .
    [junit] .
    [junit] .
    [junit] .
    [junit] .
    [junit] .
    [junit] .
    [junit] .
    [junit] .
    [junit] .
    [junit] .
    [junit] .
    [junit] .
    [junit] .
    [junit] .
    [junit] .
    [junit] .
    [junit] .
    [junit] .
    [junit] .
    [junit] .
    [junit] .
    [junit] .
    [junit] .
    [junit] .
    [junit] .
    [junit] .
    [junit] .
    [junit] .
    [junit] .
    [junit] .
    [junit] .
    [junit] .
    [junit] .
    [junit] .
    [junit] .
    [junit] .
    [junit] .
    [junit] .
    [junit] .
    [junit] .
    [junit] .
    [junit] .
    [junit] .
    [junit] .
    [junit] .
    [junit] .
    [junit] .
    [junit] .
    [junit] .
    [junit] .
    [junit] .
    [junit] .
    [junit] .
    [junit] .
    [junit] .
    [junit] .
    [junit] .
    [junit] .
    [junit] .
    [junit] .
    [junit] .
    [junit] .
    [junit] .
    [junit] .
    [junit] .
    [junit] .
    [junit] .
    [junit] .
    [junit] .
    [junit] .
    [junit] .
    [junit] .
    [junit] .
    [junit] .
    [junit] .
    [junit] .
    [junit] .
    [junit] .
    [junit] .
    [junit] .
    [junit] .
    [junit] .
    [junit] .
    [junit] .
    [junit] .
    [junit] .
    [junit] .
    [junit] .
    [junit] .
    [junit] .
    [junit] .
    [junit] .
    [junit] .
    [junit] .
    [junit] .
    [junit] .
    [junit] .
    [junit] .
    [junit] .
    [junit] .
    [junit] .
    [junit] .
    [junit] .
    [junit] .
    [junit] .
    [junit] .
    [junit] .
    [junit] .
    [junit] .
    [junit] .
    [junit] .
    [junit] .
    [junit] .
    [junit] .
    [junit] .
    [junit] .
    [junit] .
    [junit] .
    [junit] .
    [junit] .
    [junit] .
    [junit] .
    [junit] .
    [junit] .
    [junit] .
    [junit] .
    [junit] .
    [junit] .
    [junit] .
    [junit] .
    [junit] .
    [junit] .
    [junit] .
    [junit] .
    [junit] .
    [junit] .
    [junit] .
    [junit] .
    [junit] .
    [junit] .
    [junit] .
    [junit] .
    [junit] .
    [junit] .
    [junit] .
    [junit] .
    [junit] .
    [junit] .
    [junit] .
    [junit] .
    [junit] .
    [junit] .
    [junit] .
    [junit] .
    [junit] .
    [junit] .
    [junit] .
    [junit] .
    [junit] .
    [junit] .
    [junit] .
    [junit] .
    [junit] .
    [junit] .
    [junit] .
    [junit] .
    [junit] .
    [junit] .
    [junit] .
    [junit] .
    [junit] .
    [junit] .
    [junit] .
    [junit] .
    [junit] .
    [junit] .
    [junit] .
    [junit] .
    [junit] .
    [junit] .
    [junit] .
    [junit] .
    [junit] .
    [junit] .
    [junit] .
    [junit] .
    [junit] .
    [junit] .
    [junit] .
    [junit] .
    [junit] .
    [junit] .
    [junit] .
    [junit] .
    [junit] .
    [junit] .
    [junit] .
    [junit] .
    [junit] .
    [junit] .
    [junit] .
    [junit] .
    [junit] .
    [junit] .
    [junit] .
    [junit] .
    [junit] .
    [junit] .
    [junit] .
    [junit] .
    [junit] .
    [junit] .
    [junit] .
    [junit] .
    [junit] .
    [junit] .
    [junit] .
    [junit] .
    [junit] .
    [junit] .
    [junit] .
    [junit] .
    [junit] .
    [junit] .
    [junit] .
    [junit] .
    [junit] .
    [junit] .
    [junit] .
    [junit] .
    [junit] .
    [junit] .
    [junit] .
    [junit] .
    [junit] .
    [junit] .
    [junit] .
    [junit] .
    [junit] .
    [junit] .
    [junit] .
    [junit] .
    [junit] .
    [junit] .
    [junit] .
    [junit] .
    [junit] .
    [junit] .
    [junit] .
    [junit] .
    [junit] .
    [junit] .
    [junit] .
    [junit] .
    [junit] .
    [junit] .
    [junit] .
    [junit] .
    [junit] .
    [junit] .
    [junit] .
    [junit] .
    [junit] .
    [junit] .
    [junit] .
    [junit] .
    [junit] .
    [junit] .
    [junit] .
    [junit] .
    [junit] .
    [junit] .
    [junit] .
    [junit] .
    [junit] .
    [junit] .
    [junit] .
    [junit] .
    [junit] .
    [junit] .
    [junit] .
    [junit] .
    [junit] .
    [junit] .
    [junit] .
    [junit] .
    [junit] .
    [junit] .
    [junit] .
    [junit] .
    [junit] .
    [junit] .
    [junit] .
    [junit] .
    [junit] .
    [junit] .
    [junit] .
    [junit] .
    [junit] .
    [junit] .
    [junit] .
    [junit] .
    [junit] .
    [junit] .
    [junit] .
    [junit] .
    [junit] .
    [junit] .
    [junit] .
    [junit] .
    [junit] Tests run: 514, Failures: 0, Errors: 0, Time elapsed: 243.443 sec
    [junit] Tests run: 514, Failures: 0, Errors: 0, Time elapsed: 243.443 sec
    [junit] 
    [junit] Testcase: valid[Access_Valid_1] took 0.936 sec
    [junit] Testcase: valid[Access_Valid_2] took 0.432 sec
    [junit] Testcase: valid[AddressExpression_Valid_1] took 0.61 sec
    [junit] Testcase: valid[AddressExpression_Valid_2] took 0.692 sec
    [junit] Testcase: valid[AddressExpression_Valid_3] took 0.407 sec
    [junit] Testcase: valid[AddressExpression_Valid_4] took 0.367 sec
    [junit] Testcase: valid[Assume_Valid_1] took 0.602 sec
    [junit] Testcase: valid[Assume_Valid_2] took 0.319 sec
    [junit] Testcase: valid[BoolAssign_Valid_1] took 0.463 sec
    [junit] Testcase: valid[BoolAssign_Valid_2] took 0.367 sec
    [junit] Testcase: valid[BoolAssign_Valid_3] took 0.409 sec
    [junit] Testcase: valid[BoolAssign_Valid_4] took 0.432 sec
    [junit] Testcase: valid[BoolAssign_Valid_5] took 0.557 sec
    [junit] Testcase: valid[BoolAssign_Valid_6] took 0.441 sec
    [junit] Testcase: valid[BoolFun_Valid_1] took 0.494 sec
    [junit] Testcase: valid[BoolIfElse_Valid_1] took 0.455 sec
    [junit] Testcase: valid[BoolIfElse_Valid_2] took 0.401 sec
    [junit] Testcase: valid[BoolList_Valid_1] took 0.389 sec
    [junit] Testcase: valid[BoolList_Valid_2] took 0.449 sec
    [junit] Testcase: valid[BoolList_Valid_3] took 0.454 sec
    [junit] Testcase: valid[BoolRecord_Valid_1] took 0.328 sec
    [junit] Testcase: valid[BoolRecord_Valid_2] took 0.315 sec
    [junit] Testcase: valid[BoolRequires_Valid_1] took 0.594 sec
    [junit] Testcase: valid[BoolReturn_Valid_1] took 0.394 sec
    [junit] Testcase: valid[Byte_Valid_1] took 0.508 sec
    [junit] Testcase: valid[Byte_Valid_2] took 2.622 sec
    [junit] Testcase: valid[Byte_Valid_3] took 1.963 sec
    [junit] Testcase: valid[Byte_Valid_4] took 2.364 sec
    [junit] Testcase: valid[Byte_Valid_5] took 0.703 sec
    [junit] Testcase: valid[Byte_Valid_6] took 0.553 sec
    [junit] Testcase: valid[Byte_Valid_7] took 0.514 sec
    [junit] Testcase: valid[Byte_Valid_8] took 0.599 sec
    [junit] Testcase: valid[Byte_Valid_9] took 0.816 sec
    [junit] Testcase: valid[Cast_Valid_5] took 0.425 sec
    [junit] Testcase: valid[Coercion_Valid_2] took 0.345 sec
    [junit] Testcase: valid[Coercion_Valid_3] took 0.639 sec
    [junit] Testcase: valid[Coercion_Valid_7] took 0.47 sec
    [junit] Testcase: valid[Coercion_Valid_8] took 0.332 sec
    [junit] Testcase: valid[Coercion_Valid_9] took 0.426 sec
    [junit] Testcase: valid[Complex_Valid_1] took 0.496 sec
    [junit] Testcase: valid[Complex_Valid_2] took 0.537 sec
    [junit] Testcase: valid[Complex_Valid_3] took 0.001 sec
    [junit] Testcase: valid[Complex_Valid_4] took 0.381 sec
    [junit] Testcase: valid[Complex_Valid_5] took 0.372 sec
    [junit] Testcase: valid[Complex_Valid_6] took 0.474 sec
    [junit] Testcase: valid[Complex_Valid_7] took 0.473 sec
    [junit] Testcase: valid[Complex_Valid_8] took 0.545 sec
    [junit] Testcase: valid[Constant_Valid_3] took 0.605 sec
    [junit] Testcase: valid[ConstrainedInt_Valid_1] took 0.457 sec
    [junit] Testcase: valid[ConstrainedInt_Valid_10] took 0.471 sec
    [junit] Testcase: valid[ConstrainedInt_Valid_12] took 0.49 sec
    [junit] Testcase: valid[ConstrainedInt_Valid_13] took 0.37 sec
    [junit] Testcase: valid[ConstrainedInt_Valid_15] took 0.438 sec
    [junit] Testcase: valid[ConstrainedInt_Valid_16] took 0.437 sec
    [junit] Testcase: valid[ConstrainedInt_Valid_17] took 0.458 sec
    [junit] Testcase: valid[ConstrainedInt_Valid_18] took 0.358 sec
    [junit] Testcase: valid[ConstrainedInt_Valid_19] took 0.418 sec
    [junit] Testcase: valid[ConstrainedInt_Valid_2] took 0.262 sec
    [junit] Testcase: valid[ConstrainedInt_Valid_20] took 0.424 sec
    [junit] Testcase: valid[ConstrainedInt_Valid_21] took 0.33 sec
    [junit] Testcase: valid[ConstrainedInt_Valid_22] took 0.612 sec
    [junit] Testcase: valid[ConstrainedInt_Valid_23] took 0.466 sec
    [junit] Testcase: valid[ConstrainedInt_Valid_24] took 0.569 sec
    [junit] Testcase: valid[ConstrainedInt_Valid_3] took 0.33 sec
    [junit] Testcase: valid[ConstrainedInt_Valid_4] took 0.481 sec
    [junit] Testcase: valid[ConstrainedInt_Valid_5] took 0.473 sec
    [junit] Testcase: valid[ConstrainedInt_Valid_6] took 0.418 sec
    [junit] Testcase: valid[ConstrainedInt_Valid_8] took 0.575 sec
    [junit] Testcase: valid[ConstrainedIntersection_Valid_1] took 0.37 sec
    [junit] Testcase: valid[ConstrainedList_Valid_1] took 0.44 sec
    [junit] Testcase: valid[ConstrainedList_Valid_11] took 0.439 sec
    [junit] Testcase: valid[ConstrainedList_Valid_12] took 0.431 sec
    [junit] Testcase: valid[ConstrainedList_Valid_14] took 0.516 sec
    [junit] Testcase: valid[ConstrainedList_Valid_15] took 0.354 sec
    [junit] Testcase: valid[ConstrainedList_Valid_16] took 0.375 sec
    [junit] Testcase: valid[ConstrainedList_Valid_17] took 0.241 sec
    [junit] Testcase: valid[ConstrainedList_Valid_18] took 0.539 sec
    [junit] Testcase: valid[ConstrainedList_Valid_19] took 0.51 sec
    [junit] Testcase: valid[ConstrainedList_Valid_2] took 0.598 sec
    [junit] Testcase: valid[ConstrainedList_Valid_20] took 0.456 sec
    [junit] Testcase: valid[ConstrainedList_Valid_21] took 0.384 sec
    [junit] Testcase: valid[ConstrainedList_Valid_22] took 0.614 sec
    [junit] Testcase: valid[ConstrainedList_Valid_23] took 0.507 sec
    [junit] Testcase: valid[ConstrainedList_Valid_25] took 0.438 sec
    [junit] Testcase: valid[ConstrainedList_Valid_26] took 0.422 sec
    [junit] Testcase: valid[ConstrainedList_Valid_27] took 0.503 sec
    [junit] Testcase: valid[ConstrainedList_Valid_28] took 0.57 sec
    [junit] Testcase: valid[ConstrainedList_Valid_3] took 0.441 sec
    [junit] Testcase: valid[ConstrainedList_Valid_4] took 0.336 sec
    [junit] Testcase: valid[ConstrainedList_Valid_5] took 0.602 sec
    [junit] Testcase: valid[ConstrainedList_Valid_6] took 0.404 sec
    [junit] Testcase: valid[ConstrainedList_Valid_7] took 0.41 sec
    [junit] Testcase: valid[ConstrainedList_Valid_8] took 0.375 sec
    [junit] Testcase: valid[ConstrainedList_Valid_9] took 0.587 sec
    [junit] Testcase: valid[ConstrainedNegation_Valid_1] took 0.001 sec
    [junit] Testcase: valid[ConstrainedNegation_Valid_2] took 0 sec
    [junit] Testcase: valid[ConstrainedRecord_Valid_1] took 0.494 sec
    [junit] Testcase: valid[ConstrainedRecord_Valid_10] took 0.369 sec
    [junit] Testcase: valid[ConstrainedRecord_Valid_2] took 0.404 sec
    [junit] Testcase: valid[ConstrainedRecord_Valid_3] took 0.492 sec
    [junit] Testcase: valid[ConstrainedRecord_Valid_4] took 0.461 sec
    [junit] Testcase: valid[ConstrainedRecord_Valid_5] took 0.469 sec
    [junit] Testcase: valid[ConstrainedRecord_Valid_6] took 0.464 sec
    [junit] Testcase: valid[ConstrainedRecord_Valid_8] took 0.508 sec
    [junit] Testcase: valid[ConstrainedRecord_Valid_9] took 0.645 sec
    [junit] Testcase: valid[ConstrainedReference_Valid_1] took 0.506 sec
    [junit] Testcase: valid[ConstrainedUnion_Valid_1] took 0.535 sec
    [junit] Testcase: valid[Contractive_Valid_1] took 0.45 sec
    [junit] Testcase: valid[Contractive_Valid_2] took 0.383 sec
    [junit] Testcase: valid[Define_Valid_1] took 0.691 sec
    [junit] Testcase: valid[Define_Valid_2] took 0.517 sec
    [junit] Testcase: valid[Define_Valid_3] took 0.526 sec
    [junit] Testcase: valid[Define_Valid_4] took 0.456 sec
    [junit] Testcase: valid[DoWhile_Valid_1] took 0.497 sec
    [junit] Testcase: valid[DoWhile_Valid_2] took 0.601 sec
    [junit] Testcase: valid[DoWhile_Valid_3] took 0.34 sec
    [junit] Testcase: valid[DoWhile_Valid_4] took 0.552 sec
    [junit] Testcase: valid[DoWhile_Valid_5] took 0.545 sec
    [junit] Testcase: valid[DoWhile_Valid_6] took 0.589 sec
    [junit] Testcase: valid[DoWhile_Valid_7] took 0.409 sec
    [junit] Testcase: valid[DoWhile_Valid_8] took 0.512 sec
    [junit] Testcase: valid[EffectiveList_Valid_1] took 0.41 sec
    [junit] Testcase: valid[Ensures_Valid_1] took 0.64 sec
    [junit] Testcase: valid[Ensures_Valid_2] took 0.354 sec
    [junit] Testcase: valid[Ensures_Valid_3] took 0.553 sec
    [junit] Testcase: valid[Ensures_Valid_4] took 0.462 sec
    [junit] Testcase: valid[Ensures_Valid_5] took 0.605 sec
    [junit] Testcase: valid[Ensures_Valid_6] took 0.396 sec
    [junit] Testcase: valid[Ensures_Valid_7] took 0.487 sec
    [junit] Testcase: valid[Ensures_Valid_8] took 0.402 sec
    [junit] Testcase: valid[Fail_Valid_1] took 0.459 sec
    [junit] Testcase: valid[Fail_Valid_2] took 0.487 sec
    [junit] Testcase: valid[FunctionRef_Valid_1] took 0.486 sec
    [junit] Testcase: valid[FunctionRef_Valid_10] took 0.386 sec
    [junit] Testcase: valid[FunctionRef_Valid_11] took 0.42 sec
    [junit] Testcase: valid[FunctionRef_Valid_12] took 0.386 sec
    [junit] Testcase: valid[FunctionRef_Valid_13] took 0.494 sec
    [junit] Testcase: valid[FunctionRef_Valid_2] took 0.56 sec
    [junit] Testcase: valid[FunctionRef_Valid_4] took 0.51 sec
    [junit] Testcase: valid[FunctionRef_Valid_5] took 0.385 sec
    [junit] Testcase: valid[FunctionRef_Valid_6] took 0.639 sec
    [junit] Testcase: valid[FunctionRef_Valid_7] took 0.407 sec
    [junit] Testcase: valid[FunctionRef_Valid_8] took 0.466 sec
    [junit] Testcase: valid[FunctionRef_Valid_9] took 0.492 sec
    [junit] Testcase: valid[Function_Valid_1] took 0.585 sec
    [junit] Testcase: valid[Function_Valid_11] took 0 sec
    [junit] Testcase: valid[Function_Valid_12] took 0.36 sec
    [junit] Testcase: valid[Function_Valid_13] took 0.392 sec
    [junit] Testcase: valid[Function_Valid_14] took 0.369 sec
    [junit] Testcase: valid[Function_Valid_15] took 0 sec
    [junit] Testcase: valid[Function_Valid_16] took 0.419 sec
    [junit] Testcase: valid[Function_Valid_17] took 0.625 sec
    [junit] Testcase: valid[Function_Valid_18] took 0.443 sec
    [junit] Testcase: valid[Function_Valid_2] took 0.504 sec
    [junit] Testcase: valid[Function_Valid_20] took 0.166 sec
    [junit] Testcase: valid[Function_Valid_21] took 0.572 sec
    [junit] Testcase: valid[Function_Valid_3] took 0.387 sec
    [junit] Testcase: valid[Function_Valid_4] took 0.47 sec
    [junit] Testcase: valid[Function_Valid_5] took 0.459 sec
    [junit] Testcase: valid[Function_Valid_6] took 0.337 sec
    [junit] Testcase: valid[Function_Valid_7] took 0.635 sec
    [junit] Testcase: valid[Function_Valid_8] took 0.429 sec
    [junit] Testcase: valid[Function_Valid_9] took 0.288 sec
    [junit] Testcase: valid[HexAssign_Valid_1] took 0.437 sec
    [junit] Testcase: valid[IfElse_Valid_1] took 0.425 sec
    [junit] Testcase: valid[IfElse_Valid_2] took 0.617 sec
    [junit] Testcase: valid[IfElse_Valid_3] took 0.322 sec
    [junit] Testcase: valid[IfElse_Valid_4] took 0.543 sec
    [junit] Testcase: valid[IfElse_Valid_5] took 0.521 sec
    [junit] Testcase: valid[Import_Valid_1] took 0.636 sec
    [junit] Testcase: valid[Import_Valid_2] took 0.347 sec
    [junit] Testcase: valid[Import_Valid_3] took 0.303 sec
    [junit] Testcase: valid[Import_Valid_4] took 0.001 sec
    [junit] Testcase: valid[Import_Valid_5] took 0 sec
    [junit] Testcase: valid[Import_Valid_6] took 0.505 sec
    [junit] Testcase: valid[IntConst_Valid_1] took 0.498 sec
    [junit] Testcase: valid[IntDefine_Valid_1] took 0.429 sec
    [junit] Testcase: valid[IntDefine_Valid_2] took 0.477 sec
    [junit] Testcase: valid[IntDiv_Valid_1] took 0.462 sec
    [junit] Testcase: valid[IntDiv_Valid_3] took 0.559 sec
    [junit] Testcase: valid[IntDiv_Valid_4] took 0.415 sec
    [junit] Testcase: valid[IntDiv_Valid_5] took 0.374 sec
    [junit] Testcase: valid[IntMul_Valid_1] took 0.368 sec
    [junit] Testcase: valid[IntMul_Valid_2] took 0.283 sec
    [junit] Testcase: valid[IntOp_Valid_1] took 0.411 sec
    [junit] Testcase: valid[Intersection_Valid_1] took 0.469 sec
    [junit] Testcase: valid[Intersection_Valid_2] took 0.355 sec
    [junit] Testcase: valid[Lambda_Valid_1] took 0.338 sec
    [junit] Testcase: valid[Lambda_Valid_10] took 0.558 sec
    [junit] Testcase: valid[Lambda_Valid_11] took 0.489 sec
    [junit] Testcase: valid[Lambda_Valid_12] took 0.411 sec
    [junit] Testcase: valid[Lambda_Valid_2] took 0.546 sec
    [junit] Testcase: valid[Lambda_Valid_3] took 0.539 sec
    [junit] Testcase: valid[Lambda_Valid_4] took 0.453 sec
    [junit] Testcase: valid[Lambda_Valid_5] took 0.619 sec
    [junit] Testcase: valid[Lambda_Valid_6] took 0.393 sec
    [junit] Testcase: valid[Lambda_Valid_7] took 0.384 sec
    [junit] Testcase: valid[Lambda_Valid_8] took 0.46 sec
    [junit] Testcase: valid[Lambda_Valid_9] took 0.539 sec
    [junit] Testcase: valid[LengthOf_Valid_1] took 0.412 sec
    [junit] Testcase: valid[LengthOf_Valid_4] took 0.345 sec
    [junit] Testcase: valid[LengthOf_Valid_5] took 0.351 sec
    [junit] Testcase: valid[Lifetime_Lambda_Valid_1] took 0.368 sec
    [junit] Testcase: valid[Lifetime_Lambda_Valid_2] took 0.392 sec
    [junit] Testcase: valid[Lifetime_Lambda_Valid_3] took 0.405 sec
    [junit] Testcase: valid[Lifetime_Lambda_Valid_4] took 0 sec
    [junit] Testcase: valid[Lifetime_Lambda_Valid_5] took 0.343 sec
    [junit] Testcase: valid[Lifetime_Lambda_Valid_6] took 0.507 sec
    [junit] Testcase: valid[Lifetime_Lambda_Valid_7] took 0.664 sec
    [junit] Testcase: valid[Lifetime_Valid_1] took 0.519 sec
    [junit] Testcase: valid[Lifetime_Valid_10] took 0.346 sec
    [junit] Testcase: valid[Lifetime_Valid_2] took 0.568 sec
    [junit] Testcase: valid[Lifetime_Valid_3] took 0.461 sec
    [junit] Testcase: valid[Lifetime_Valid_4] took 0.599 sec
    [junit] Testcase: valid[Lifetime_Valid_5] took 0.573 sec
    [junit] Testcase: valid[Lifetime_Valid_6] took 0.509 sec
    [junit] Testcase: valid[Lifetime_Valid_7] took 0.488 sec
    [junit] Testcase: valid[Lifetime_Valid_8] took 0.62 sec
    [junit] Testcase: valid[Lifetime_Valid_9] took 0.364 sec
    [junit] Testcase: valid[ListAccess_Valid_1] took 0.491 sec
    [junit] Testcase: valid[ListAccess_Valid_3] took 0.42 sec
    [junit] Testcase: valid[ListAccess_Valid_5] took 0.743 sec
    [junit] Testcase: valid[ListAccess_Valid_6] took 0 sec
    [junit] Testcase: valid[ListAccess_Valid_8] took 0.567 sec
    [junit] Testcase: valid[ListAccess_Valid_9] took 0.375 sec
    [junit] Testcase: valid[ListAssign_Valid_1] took 0.524 sec
    [junit] Testcase: valid[ListAssign_Valid_11] took 0.495 sec
    [junit] Testcase: valid[ListAssign_Valid_12] took 0.351 sec
    [junit] Testcase: valid[ListAssign_Valid_2] took 0.446 sec
    [junit] Testcase: valid[ListAssign_Valid_3] took 0.536 sec
    [junit] Testcase: valid[ListAssign_Valid_4] took 0.267 sec
    [junit] Testcase: valid[ListAssign_Valid_5] took 0.506 sec
    [junit] Testcase: valid[ListAssign_Valid_6] took 0.574 sec
    [junit] Testcase: valid[ListAssign_Valid_7] took 0.507 sec
    [junit] Testcase: valid[ListAssign_Valid_8] took 0.296 sec
    [junit] Testcase: valid[ListAssign_Valid_9] took 0.574 sec
    [junit] Testcase: valid[ListEmpty_Valid_1] took 0.5 sec
    [junit] Testcase: valid[ListGenerator_Valid_1] took 0.332 sec
    [junit] Testcase: valid[ListGenerator_Valid_10] took 0.318 sec
    [junit] Testcase: valid[ListGenerator_Valid_11] took 0.35 sec
    [junit] Testcase: valid[ListGenerator_Valid_12] took 0.483 sec
    [junit] Testcase: valid[ListGenerator_Valid_2] took 0.337 sec
    [junit] Testcase: valid[ListGenerator_Valid_3] took 0.572 sec
    [junit] Testcase: valid[ListGenerator_Valid_5] took 0.57 sec
    [junit] Testcase: valid[ListGenerator_Valid_6] took 0.389 sec
    [junit] Testcase: valid[ListGenerator_Valid_7] took 0.445 sec
    [junit] Testcase: valid[ListGenerator_Valid_8] took 0.331 sec
    [junit] Testcase: valid[ListGenerator_Valid_9] took 0.507 sec
    [junit] Testcase: valid[ListLength_Valid_1] took 0.361 sec
    [junit] Testcase: valid[ListLength_Valid_2] took 0.458 sec
    [junit] Testcase: valid[ListLength_Valid_3] took 0.501 sec
    [junit] Testcase: valid[MessageRef_Valid_1] took 0.556 sec
    [junit] Testcase: valid[MessageRef_Valid_2] took 0.603 sec
    [junit] Testcase: valid[MessageSend_Valid_1] took 0.378 sec
    [junit] Testcase: valid[MessageSend_Valid_2] took 0.479 sec
    [junit] Testcase: valid[MessageSend_Valid_3] took 0.404 sec
    [junit] Testcase: valid[MessageSend_Valid_4] took 0.473 sec
    [junit] Testcase: valid[MessageSend_Valid_5] took 0.896 sec
    [junit] Testcase: valid[MethodCall_Valid_1] took 0.704 sec
    [junit] Testcase: valid[MethodCall_Valid_2] took 1.164 sec
    [junit] Testcase: valid[MethodCall_Valid_3] took 0.598 sec
    [junit] Testcase: valid[MethodCall_Valid_4] took 0.678 sec
    [junit] Testcase: valid[MethodRef_Valid_1] took 0.843 sec
    [junit] Testcase: valid[MethodRef_Valid_2] took 0.642 sec
    [junit] Testcase: valid[Method_Valid_1] took 0.469 sec
    [junit] Testcase: valid[MultiLineComment_Valid_1] took 0.593 sec
    [junit] Testcase: valid[MultiLineComment_Valid_2] took 0.458 sec
    [junit] Testcase: valid[NegationType_Valid_1] took 0.448 sec
    [junit] Testcase: valid[NegationType_Valid_2] took 0.748 sec
    [junit] Testcase: valid[NegationType_Valid_3] took 0.443 sec
    [junit] Testcase: valid[NegationType_Valid_4] took 0.516 sec
    [junit] Testcase: valid[NegationType_Valid_5] took 0.422 sec
    [junit] Testcase: valid[OpenRecord_Valid_1] took 0.459 sec
    [junit] Testcase: valid[OpenRecord_Valid_10] took 0.522 sec
    [junit] Testcase: valid[OpenRecord_Valid_11] took 0 sec
    [junit] Testcase: valid[OpenRecord_Valid_2] took 0.383 sec
    [junit] Testcase: valid[OpenRecord_Valid_3] took 0.472 sec
    [junit] Testcase: valid[OpenRecord_Valid_4] took 0.522 sec
    [junit] Testcase: valid[OpenRecord_Valid_5] took 0.405 sec
    [junit] Testcase: valid[OpenRecord_Valid_6] took 0.531 sec
    [junit] Testcase: valid[OpenRecord_Valid_9] took 0.455 sec
    [junit] Testcase: valid[ProcessAccess_Valid_1] took 0.496 sec
    [junit] Testcase: valid[ProcessAccess_Valid_2] took 0.365 sec
    [junit] Testcase: valid[Process_Valid_1] took 0.835 sec
    [junit] Testcase: valid[Process_Valid_10] took 0.435 sec
    [junit] Testcase: valid[Process_Valid_11] took 0.584 sec
    [junit] Testcase: valid[Process_Valid_12] took 0.483 sec
    [junit] Testcase: valid[Process_Valid_2] took 0.621 sec
    [junit] Testcase: valid[Process_Valid_3] took 0.587 sec
    [junit] Testcase: valid[Process_Valid_4] took 0.542 sec
    [junit] Testcase: valid[Process_Valid_5] took 0.593 sec
    [junit] Testcase: valid[Process_Valid_6] took 0.623 sec
    [junit] Testcase: valid[Process_Valid_7] took 0.391 sec
    [junit] Testcase: valid[Process_Valid_8] took 0.43 sec
    [junit] Testcase: valid[Process_Valid_9] took 0.391 sec
    [junit] Testcase: valid[Quantifiers_Valid_1] took 0.562 sec
    [junit] Testcase: valid[RecordAccess_Valid_1] took 0.461 sec
    [junit] Testcase: valid[RecordAssign_Valid_1] took 0.402 sec
    [junit] Testcase: valid[RecordAssign_Valid_10] took 0.747 sec
    [junit] Testcase: valid[RecordAssign_Valid_2] took 0.515 sec
    [junit] Testcase: valid[RecordAssign_Valid_3] took 0.348 sec
    [junit] Testcase: valid[RecordAssign_Valid_4] took 0.289 sec
    [junit] Testcase: valid[RecordAssign_Valid_5] took 0.606 sec
    [junit] Testcase: valid[RecordAssign_Valid_6] took 0.469 sec
    [junit] Testcase: valid[RecordAssign_Valid_7] took 0.477 sec
    [junit] Testcase: valid[RecordAssign_Valid_8] took 0.387 sec
    [junit] Testcase: valid[RecordAssign_Valid_9] took 0.479 sec
    [junit] Testcase: valid[RecordCoercion_Valid_1] took 0.392 sec
    [junit] Testcase: valid[RecordDefine_Valid_1] took 0.622 sec
    [junit] Testcase: valid[RecordDefine_Valid_2] took 0.364 sec
    [junit] Testcase: valid[RecordSubtype_Valid_1] took 0 sec
    [junit] Testcase: valid[RecordSubtype_Valid_2] took 0 sec
    [junit] Testcase: valid[RecursiveType_Valid_1] took 0.439 sec
    [junit] Testcase: valid[RecursiveType_Valid_10] took 0.543 sec
    [junit] Testcase: valid[RecursiveType_Valid_11] took 0.436 sec
    [junit] Testcase: valid[RecursiveType_Valid_12] took 0.001 sec
    [junit] Testcase: valid[RecursiveType_Valid_13] took 0.533 sec
    [junit] Testcase: valid[RecursiveType_Valid_14] took 0.364 sec
    [junit] Testcase: valid[RecursiveType_Valid_15] took 0.453 sec
    [junit] Testcase: valid[RecursiveType_Valid_16] took 0.387 sec
    [junit] Testcase: valid[RecursiveType_Valid_17] took 0.51 sec
    [junit] Testcase: valid[RecursiveType_Valid_18] took 0.44 sec
    [junit] Testcase: valid[RecursiveType_Valid_19] took 0.293 sec
    [junit] Testcase: valid[RecursiveType_Valid_2] took 0.656 sec
    [junit] Testcase: valid[RecursiveType_Valid_20] took 0.559 sec
    [junit] Testcase: valid[RecursiveType_Valid_21] took 0.488 sec
    [junit] Testcase: valid[RecursiveType_Valid_22] took 0 sec
    [junit] Testcase: valid[RecursiveType_Valid_23] took 0.434 sec
    [junit] Testcase: valid[RecursiveType_Valid_24] took 0.434 sec
    [junit] Testcase: valid[RecursiveType_Valid_25] took 0.296 sec
    [junit] Testcase: valid[RecursiveType_Valid_26] took 0.426 sec
    [junit] Testcase: valid[RecursiveType_Valid_27] took 0.501 sec
    [junit] Testcase: valid[RecursiveType_Valid_28] took 0 sec
    [junit] Testcase: valid[RecursiveType_Valid_3] took 0.451 sec
    [junit] Testcase: valid[RecursiveType_Valid_4] took 0.39 sec
    [junit] Testcase: valid[RecursiveType_Valid_5] took 0 sec
    [junit] Testcase: valid[RecursiveType_Valid_6] took 0.415 sec
    [junit] Testcase: valid[RecursiveType_Valid_7] took 0.677 sec
    [junit] Testcase: valid[RecursiveType_Valid_8] took 0.256 sec
    [junit] Testcase: valid[RecursiveType_Valid_9] took 0.562 sec
    [junit] Testcase: valid[ReferenceType_Valid_1] took 0.399 sec
    [junit] Testcase: valid[Reference_Valid_1] took 0.377 sec
    [junit] Testcase: valid[Reference_Valid_2] took 0.353 sec
    [junit] Testcase: valid[Reference_Valid_3] took 0.294 sec
    [junit] Testcase: valid[Reference_Valid_4] took 0.574 sec
    [junit] Testcase: valid[Reference_Valid_5] took 0.423 sec
    [junit] Testcase: valid[Reference_Valid_6] took 0.436 sec
    [junit] Testcase: valid[Reference_Valid_7] took 0.427 sec
    [junit] Testcase: valid[Reference_Valid_8] took 0.278 sec
    [junit] Testcase: valid[Remainder_Valid_1] took 0.54 sec
    [junit] Testcase: valid[Requires_Valid_1] took 0.293 sec
    [junit] Testcase: valid[Resolution_Valid_1] took 0.351 sec
    [junit] Testcase: valid[Return_Valid_1] took 0.523 sec
    [junit] Testcase: valid[SingleLineComment_Valid_1] took 0.352 sec
    [junit] Testcase: valid[Skip_Valid_1] took 0.427 sec
    [junit] Testcase: valid[String_Valid_1] took 0.272 sec
    [junit] Testcase: valid[String_Valid_2] took 0.519 sec
    [junit] Testcase: valid[String_Valid_3] took 0.504 sec
    [junit] Testcase: valid[String_Valid_4] took 0.638 sec
    [junit] Testcase: valid[String_Valid_5] took 0.524 sec
    [junit] Testcase: valid[String_Valid_6] took 0.425 sec
    [junit] Testcase: valid[Subtype_Valid_1] took 0.342 sec
    [junit] Testcase: valid[Subtype_Valid_10] took 0.486 sec
    [junit] Testcase: valid[Subtype_Valid_11] took 0.528 sec
    [junit] Testcase: valid[Subtype_Valid_12] took 0.614 sec
    [junit] Testcase: valid[Subtype_Valid_13] took 0.56 sec
    [junit] Testcase: valid[Subtype_Valid_14] took 0.329 sec
    [junit] Testcase: valid[Subtype_Valid_2] took 0.542 sec
    [junit] Testcase: valid[Subtype_Valid_3] took 0.478 sec
    [junit] Testcase: valid[Subtype_Valid_4] took 0.469 sec
    [junit] Testcase: valid[Subtype_Valid_5] took 0.329 sec
    [junit] Testcase: valid[Subtype_Valid_6] took 0.48 sec
    [junit] Testcase: valid[Subtype_Valid_7] took 0.485 sec
    [junit] Testcase: valid[Subtype_Valid_8] took 0.315 sec
    [junit] Testcase: valid[Subtype_Valid_9] took 0.308 sec
    [junit] Testcase: valid[Switch_Valid_1] took 0.44 sec
    [junit] Testcase: valid[Switch_Valid_10] took 0.532 sec
    [junit] Testcase: valid[Switch_Valid_11] took 0.552 sec
    [junit] Testcase: valid[Switch_Valid_12] took 0.576 sec
    [junit] Testcase: valid[Switch_Valid_13] took 0.412 sec
    [junit] Testcase: valid[Switch_Valid_2] took 0.68 sec
    [junit] Testcase: valid[Switch_Valid_3] took 0.353 sec
    [junit] Testcase: valid[Switch_Valid_4] took 0.502 sec
    [junit] Testcase: valid[Switch_Valid_5] took 0.687 sec
    [junit] Testcase: valid[Switch_Valid_6] took 0.382 sec
    [junit] Testcase: valid[Switch_Valid_7] took 0.483 sec
    [junit] Testcase: valid[Switch_Valid_8] took 0.521 sec
    [junit] Testcase: valid[Switch_Valid_9] took 0.364 sec
    [junit] Testcase: valid[Syntax_Valid_1] took 0.445 sec
    [junit] Testcase: valid[TypeEquals_Valid_1] took 0.431 sec
    [junit] Testcase: valid[TypeEquals_Valid_10] took 0.517 sec
    [junit] Testcase: valid[TypeEquals_Valid_11] took 0.549 sec
    [junit] Testcase: valid[TypeEquals_Valid_12] took 0.458 sec
    [junit] Testcase: valid[TypeEquals_Valid_14] took 0.499 sec
    [junit] Testcase: valid[TypeEquals_Valid_15] took 0.375 sec
    [junit] Testcase: valid[TypeEquals_Valid_16] took 0.601 sec
    [junit] Testcase: valid[TypeEquals_Valid_17] took 0.529 sec
    [junit] Testcase: valid[TypeEquals_Valid_18] took 0.565 sec
    [junit] Testcase: valid[TypeEquals_Valid_19] took 0.466 sec
    [junit] Testcase: valid[TypeEquals_Valid_2] took 0.345 sec
    [junit] Testcase: valid[TypeEquals_Valid_21] took 0.514 sec
    [junit] Testcase: valid[TypeEquals_Valid_23] took 0 sec
    [junit] Testcase: valid[TypeEquals_Valid_24] took 0.371 sec
    [junit] Testcase: valid[TypeEquals_Valid_25] took 0.588 sec
    [junit] Testcase: valid[TypeEquals_Valid_27] took 0.365 sec
    [junit] Testcase: valid[TypeEquals_Valid_28] took 0.57 sec
    [junit] Testcase: valid[TypeEquals_Valid_29] took 0.278 sec
    [junit] Testcase: valid[TypeEquals_Valid_3] took 0.435 sec
    [junit] Testcase: valid[TypeEquals_Valid_30] took 0.786 sec
    [junit] Testcase: valid[TypeEquals_Valid_31] took 0.61 sec
    [junit] Testcase: valid[TypeEquals_Valid_32] took 0.424 sec
    [junit] Testcase: valid[TypeEquals_Valid_33] took 0.391 sec
    [junit] Testcase: valid[TypeEquals_Valid_34] took 0.691 sec
    [junit] Testcase: valid[TypeEquals_Valid_35] took 0.693 sec
    [junit] Testcase: valid[TypeEquals_Valid_36] took 0 sec
    [junit] Testcase: valid[TypeEquals_Valid_37] took 0 sec
    [junit] Testcase: valid[TypeEquals_Valid_38] took 0 sec
    [junit] Testcase: valid[TypeEquals_Valid_39] took 0.395 sec
    [junit] Testcase: valid[TypeEquals_Valid_40] took 0.302 sec
    [junit] Testcase: valid[TypeEquals_Valid_41] took 0 sec
    [junit] Testcase: valid[TypeEquals_Valid_42] took 0.559 sec
    [junit] Testcase: valid[TypeEquals_Valid_43] took 0.525 sec
    [junit] Testcase: valid[TypeEquals_Valid_44] took 0.403 sec
    [junit] Testcase: valid[TypeEquals_Valid_45] took 0.557 sec
    [junit] Testcase: valid[TypeEquals_Valid_46] took 0.559 sec
    [junit] Testcase: valid[TypeEquals_Valid_47] took 0.47 sec
    [junit] Testcase: valid[TypeEquals_Valid_48] took 0.493 sec
    [junit] Testcase: valid[TypeEquals_Valid_49] took 0.325 sec
    [junit] Testcase: valid[TypeEquals_Valid_5] took 0.402 sec
    [junit] Testcase: valid[TypeEquals_Valid_50] took 0.364 sec
    [junit] Testcase: valid[TypeEquals_Valid_51] took 0.594 sec
    [junit] Testcase: valid[TypeEquals_Valid_52] took 0.484 sec
    [junit] Testcase: valid[TypeEquals_Valid_53] took 0.468 sec
    [junit] Testcase: valid[TypeEquals_Valid_54] took 0.533 sec
    [junit] Testcase: valid[TypeEquals_Valid_55] took 0.521 sec
    [junit] Testcase: valid[TypeEquals_Valid_6] took 0.608 sec
    [junit] Testcase: valid[TypeEquals_Valid_7] took 0.399 sec
    [junit] Testcase: valid[TypeEquals_Valid_9] took 0.415 sec
    [junit] Testcase: valid[UnionType_Valid_1] took 0.437 sec
    [junit] Testcase: valid[UnionType_Valid_10] took 0.5 sec
    [junit] Testcase: valid[UnionType_Valid_11] took 0.337 sec
    [junit] Testcase: valid[UnionType_Valid_12] took 0.489 sec
    [junit] Testcase: valid[UnionType_Valid_13] took 0.48 sec
    [junit] Testcase: valid[UnionType_Valid_14] took 0.474 sec
    [junit] Testcase: valid[UnionType_Valid_15] took 0.517 sec
    [junit] Testcase: valid[UnionType_Valid_16] took 0.568 sec
    [junit] Testcase: valid[UnionType_Valid_17] took 0.367 sec
    [junit] Testcase: valid[UnionType_Valid_18] took 0.443 sec
    [junit] Testcase: valid[UnionType_Valid_19] took 0.534 sec
    [junit] Testcase: valid[UnionType_Valid_2] took 0.641 sec
    [junit] Testcase: valid[UnionType_Valid_20] took 0.739 sec
    [junit] Testcase: valid[UnionType_Valid_21] took 0.66 sec
    [junit] Testcase: valid[UnionType_Valid_22] took 0.558 sec
    [junit] Testcase: valid[UnionType_Valid_23] took 0.519 sec
    [junit] Testcase: valid[UnionType_Valid_3] took 0.284 sec
    [junit] Testcase: valid[UnionType_Valid_4] took 0.445 sec
    [junit] Testcase: valid[UnionType_Valid_5] took 0.531 sec
    [junit] Testcase: valid[UnionType_Valid_6] took 0.551 sec
    [junit] Testcase: valid[UnionType_Valid_7] took 0.469 sec
    [junit] Testcase: valid[UnionType_Valid_8] took 0.391 sec
    [junit] Testcase: valid[UnionType_Valid_9] took 0.564 sec
    [junit] Testcase: valid[Update_Valid_2] took 0.485 sec
    [junit] Testcase: valid[VarDecl_Valid_1] took 0.49 sec
    [junit] Testcase: valid[VarDecl_Valid_2] took 0.578 sec
    [junit] Testcase: valid[VarDecl_Valid_3] took 0.584 sec
    [junit] Testcase: valid[VarDecl_Valid_4] took 0.582 sec
    [junit] Testcase: valid[While_Valid_1] took 0.594 sec
    [junit] Testcase: valid[While_Valid_10] took 0.644 sec
    [junit] Testcase: valid[While_Valid_11] took 0.498 sec
    [junit] Testcase: valid[While_Valid_12] took 0.513 sec
    [junit] Testcase: valid[While_Valid_14] took 0.613 sec
    [junit] Testcase: valid[While_Valid_15] took 0.372 sec
    [junit] Testcase: valid[While_Valid_16] took 0.646 sec
    [junit] Testcase: valid[While_Valid_17] took 0.522 sec
    [junit] Testcase: valid[While_Valid_18] took 0.443 sec
    [junit] Testcase: valid[While_Valid_19] took 0.503 sec
    [junit] Testcase: valid[While_Valid_2] took 0.466 sec
    [junit] Testcase: valid[While_Valid_20] took 0.524 sec
    [junit] Testcase: valid[While_Valid_21] took 0.289 sec
    [junit] Testcase: valid[While_Valid_22] took 0.46 sec
    [junit] Testcase: valid[While_Valid_23] took 0.479 sec
    [junit] Testcase: valid[While_Valid_24] took 0.451 sec
    [junit] Testcase: valid[While_Valid_25] took 0.432 sec
    [junit] Testcase: valid[While_Valid_26] took 0.51 sec
    [junit] Testcase: valid[While_Valid_27] took 0.313 sec
    [junit] Testcase: valid[While_Valid_28] took 0.487 sec
    [junit] Testcase: valid[While_Valid_29] took 0.565 sec
    [junit] Testcase: valid[While_Valid_3] took 0.451 sec
    [junit] Testcase: valid[While_Valid_30] took 0.346 sec
    [junit] Testcase: valid[While_Valid_31] took 0.617 sec
    [junit] Testcase: valid[While_Valid_32] took 0.445 sec
    [junit] Testcase: valid[While_Valid_33] took 0.462 sec
    [junit] Testcase: valid[While_Valid_34] took 0.439 sec
    [junit] Testcase: valid[While_Valid_35] took 0.529 sec
    [junit] Testcase: valid[While_Valid_36] took 0.314 sec
    [junit] Testcase: valid[While_Valid_37] took 0.603 sec
    [junit] Testcase: valid[While_Valid_38] took 0.476 sec
    [junit] Testcase: valid[While_Valid_39] took 0.506 sec
    [junit] Testcase: valid[While_Valid_40] took 0.405 sec
    [junit] Testcase: valid[While_Valid_41] took 0.421 sec
    [junit] Testcase: valid[While_Valid_42] took 0.738 sec
    [junit] Testcase: valid[While_Valid_43] took 0.394 sec
    [junit] Testcase: valid[While_Valid_44] took 0.453 sec
    [junit] Testcase: valid[While_Valid_45] took 0.535 sec
    [junit] Testcase: valid[While_Valid_46] took 0.514 sec
    [junit] Testcase: valid[While_Valid_47] took 0.264 sec
    [junit] Testcase: valid[While_Valid_48] took 0.53 sec
    [junit] Testcase: valid[While_Valid_49] took 0.439 sec
    [junit] Testcase: valid[While_Valid_5] took 0.44 sec
    [junit] Testcase: valid[While_Valid_50] took 0.528 sec
    [junit] Testcase: valid[While_Valid_51] took 0.477 sec
    [junit] Testcase: valid[While_Valid_52] took 0.382 sec
    [junit] Testcase: valid[While_Valid_7] took 0.507 sec
    [junit] Testcase: valid[While_Valid_9] took 0.535 sec
    [junit] Running wyc.testing.AllValidVerificationTests
    [junit] Testsuite: wyc.testing.AllValidVerificationTests
    [junit] .
    [junit] WARNING: version numbering unavailable
    [junit] .
    [junit] .
    [junit] .
    [junit] .
    [junit] .
    [junit] .
    [junit] .
    [junit] .
    [junit] .
    [junit] .
    [junit] .
    [junit] .
    [junit] .
    [junit] .
    [junit] .
    [junit] .
    [junit] .
    [junit] .
    [junit] .
    [junit] .
    [junit] .
    [junit] .
    [junit] .
    [junit] .
    [junit] .
    [junit] .
    [junit] .
    [junit] .
    [junit] .
    [junit] .
    [junit] .
    [junit] .
    [junit] .
    [junit] .
    [junit] .
    [junit] .
    [junit] .
    [junit] .
    [junit] .
    [junit] .
    [junit] .
    [junit] .
    [junit] .
    [junit] .
    [junit] .
    [junit] .
    [junit] .
    [junit] .
    [junit] .
    [junit] .
    [junit] .
    [junit] .
    [junit] .
    [junit] .
    [junit] .
    [junit] .
    [junit] .
    [junit] .
    [junit] .
    [junit] .
    [junit] .
    [junit] .
    [junit] .
    [junit] .
    [junit] .
    [junit] .
    [junit] .
    [junit] .
    [junit] .
    [junit] .
    [junit] .
    [junit] .
    [junit] .
    [junit] .
    [junit] .
    [junit] .
    [junit] .
    [junit] .
    [junit] .
    [junit] .
    [junit] .
    [junit] .
    [junit] .
    [junit] .
    [junit] .
    [junit] .
    [junit] .
    [junit] .
    [junit] .
    [junit] .
    [junit] .
    [junit] .
    [junit] .
    [junit] .
    [junit] .
    [junit] .
    [junit] .
    [junit] .
    [junit] .
    [junit] .
    [junit] .
    [junit] .
    [junit] .
    [junit] .
    [junit] .
    [junit] .
    [junit] .
    [junit] .
    [junit] .
    [junit] .
    [junit] .
    [junit] .
    [junit] .
    [junit] .
    [junit] .
    [junit] .
    [junit] .
    [junit] .
    [junit] .
    [junit] .
    [junit] .
    [junit] .
    [junit] .
    [junit] .
    [junit] .
    [junit] .
    [junit] .
    [junit] .
    [junit] .
    [junit] .
    [junit] .
    [junit] .
    [junit] .
    [junit] .
    [junit] .
    [junit] .
    [junit] .
    [junit] .
    [junit] .
    [junit] .
    [junit] .
    [junit] .
    [junit] .
    [junit] .
    [junit] .
    [junit] .
    [junit] .
    [junit] .
    [junit] .
    [junit] .
    [junit] .
    [junit] .
    [junit] .
    [junit] .
    [junit] .
    [junit] .
    [junit] .
    [junit] .
    [junit] .
    [junit] .
    [junit] .
    [junit] .
    [junit] .
    [junit] .
    [junit] .
    [junit] .
    [junit] .
    [junit] .
    [junit] .
    [junit] .
    [junit] .
    [junit] .
    [junit] .
    [junit] .
    [junit] .
    [junit] .
    [junit] .
    [junit] .
    [junit] .
    [junit] .
    [junit] .
    [junit] .
    [junit] .
    [junit] .
    [junit] .
    [junit] .
    [junit] .
    [junit] .
    [junit] .
    [junit] .
    [junit] .
    [junit] .
    [junit] .
    [junit] .
    [junit] .
    [junit] .
    [junit] .
    [junit] .
    [junit] .
    [junit] .
    [junit] .
    [junit] .
    [junit] .
    [junit] .
    [junit] .
    [junit] .
    [junit] .
    [junit] .
    [junit] .
    [junit] .
    [junit] .
    [junit] .
    [junit] .
    [junit] .
    [junit] .
    [junit] .
    [junit] .
    [junit] .
    [junit] .
    [junit] .
    [junit] .
    [junit] .
    [junit] .
    [junit] .
    [junit] .
    [junit] .
    [junit] .
    [junit] .
    [junit] .
    [junit] .
    [junit] .
    [junit] .
    [junit] .
    [junit] .
    [junit] .
    [junit] .
    [junit] .
    [junit] .
    [junit] .
    [junit] .
    [junit] .
    [junit] .
    [junit] .
    [junit] .
    [junit] .
    [junit] .
    [junit] .
    [junit] .
    [junit] .
    [junit] .
    [junit] .
    [junit] .
    [junit] .
    [junit] .
    [junit] .
    [junit] .
    [junit] .
    [junit] .
    [junit] .
    [junit] .
    [junit] .
    [junit] .
    [junit] .
    [junit] .
    [junit] .
    [junit] .
    [junit] .
    [junit] .
    [junit] .
    [junit] .
    [junit] .
    [junit] .
    [junit] .
    [junit] .
    [junit] .
    [junit] .
    [junit] .
    [junit] .
    [junit] .
    [junit] .
    [junit] .
    [junit] .
    [junit] .
    [junit] .
    [junit] .
    [junit] .
    [junit] .
    [junit] .
    [junit] .
    [junit] .
    [junit] .
    [junit] .
    [junit] .
    [junit] .
    [junit] .
    [junit] .
    [junit] .
    [junit] .
    [junit] .
    [junit] .
    [junit] .
    [junit] .
    [junit] .
    [junit] .
    [junit] .
    [junit] .
    [junit] .
    [junit] .
    [junit] .
    [junit] .
    [junit] .
    [junit] .
    [junit] .
    [junit] .
    [junit] .
    [junit] .
    [junit] .
    [junit] .
    [junit] .
    [junit] .
    [junit] .
    [junit] .
    [junit] .
    [junit] .
    [junit] .
    [junit] .
    [junit] .
    [junit] .
    [junit] .
    [junit] .
    [junit] .
    [junit] .
    [junit] .
    [junit] .
    [junit] .
    [junit] .
    [junit] .
    [junit] .
    [junit] .
    [junit] .
    [junit] .
    [junit] .
    [junit] .
    [junit] .
    [junit] .
    [junit] .
    [junit] .
    [junit] .
    [junit] .
    [junit] .
    [junit] .
    [junit] .
    [junit] .
    [junit] .
    [junit] .
    [junit] .
    [junit] .
    [junit] .
    [junit] .
    [junit] .
    [junit] .
    [junit] .
    [junit] .
    [junit] .
    [junit] .
    [junit] .
    [junit] .
    [junit] .
    [junit] .
    [junit] .
    [junit] .
    [junit] .
    [junit] .
    [junit] .
    [junit] .
    [junit] .
    [junit] .
    [junit] .
    [junit] .
    [junit] .
    [junit] .
    [junit] .
    [junit] .
    [junit] .
    [junit] .
    [junit] .
    [junit] .
    [junit] .
    [junit] .
    [junit] .
    [junit] .
    [junit] .
    [junit] .
    [junit] .
    [junit] .
    [junit] .
    [junit] .
    [junit] .
    [junit] .
    [junit] .
    [junit] .
    [junit] .
    [junit] .
    [junit] .
    [junit] Tests run: 514, Failures: 0, Errors: 0, Time elapsed: 466.981 sec
    [junit] Tests run: 514, Failures: 0, Errors: 0, Time elapsed: 466.981 sec
    [junit] 
    [junit] Testcase: validVerification[Access_Valid_1] took 1.899 sec
    [junit] Testcase: validVerification[Access_Valid_2] took 1.513 sec
    [junit] Testcase: validVerification[AddressExpression_Valid_1] took 1.165 sec
    [junit] Testcase: validVerification[AddressExpression_Valid_2] took 1.039 sec
    [junit] Testcase: validVerification[AddressExpression_Valid_3] took 0.919 sec
    [junit] Testcase: validVerification[AddressExpression_Valid_4] took 0.933 sec
    [junit] Testcase: validVerification[Assume_Valid_1] took 1.056 sec
    [junit] Testcase: validVerification[Assume_Valid_2] took 0.852 sec
    [junit] Testcase: validVerification[BoolAssign_Valid_1] took 0.913 sec
    [junit] Testcase: validVerification[BoolAssign_Valid_2] took 0.002 sec
    [junit] Testcase: validVerification[BoolAssign_Valid_3] took 0 sec
    [junit] Testcase: validVerification[BoolAssign_Valid_4] took 0.795 sec
    [junit] Testcase: validVerification[BoolAssign_Valid_5] took 1.228 sec
    [junit] Testcase: validVerification[BoolAssign_Valid_6] took 1.08 sec
    [junit] Testcase: validVerification[BoolFun_Valid_1] took 1.266 sec
    [junit] Testcase: validVerification[BoolIfElse_Valid_1] took 1.341 sec
    [junit] Testcase: validVerification[BoolIfElse_Valid_2] took 0.939 sec
    [junit] Testcase: validVerification[BoolList_Valid_1] took 1.292 sec
    [junit] Testcase: validVerification[BoolList_Valid_2] took 2.64 sec
    [junit] Testcase: validVerification[BoolList_Valid_3] took 0 sec
    [junit] Testcase: validVerification[BoolRecord_Valid_1] took 0 sec
    [junit] Testcase: validVerification[BoolRecord_Valid_2] took 1.07 sec
    [junit] Testcase: validVerification[BoolRequires_Valid_1] took 1.003 sec
    [junit] Testcase: validVerification[BoolReturn_Valid_1] took 0.849 sec
    [junit] Testcase: validVerification[Byte_Valid_1] took 1.692 sec
    [junit] Testcase: validVerification[Byte_Valid_2] took 1.938 sec
    [junit] Testcase: validVerification[Byte_Valid_3] took 1.794 sec
    [junit] Testcase: validVerification[Byte_Valid_4] took 1.745 sec
    [junit] Testcase: validVerification[Byte_Valid_5] took 1.407 sec
    [junit] Testcase: validVerification[Byte_Valid_6] took 1.194 sec
    [junit] Testcase: validVerification[Byte_Valid_7] took 1.281 sec
    [junit] Testcase: validVerification[Byte_Valid_8] took 1.25 sec
    [junit] Testcase: validVerification[Byte_Valid_9] took 1.29 sec
    [junit] Testcase: validVerification[Cast_Valid_5] took 0.001 sec
    [junit] Testcase: validVerification[Coercion_Valid_2] took 1.056 sec
    [junit] Testcase: validVerification[Coercion_Valid_3] took 0.887 sec
    [junit] Testcase: validVerification[Coercion_Valid_7] took 1.001 sec
    [junit] Testcase: validVerification[Coercion_Valid_8] took 0.834 sec
    [junit] Testcase: validVerification[Coercion_Valid_9] took 1.034 sec
    [junit] Testcase: validVerification[Complex_Valid_1] took 0 sec
    [junit] Testcase: validVerification[Complex_Valid_2] took 2.368 sec
    [junit] Testcase: validVerification[Complex_Valid_3] took 0 sec
    [junit] Testcase: validVerification[Complex_Valid_4] took 0 sec
    [junit] Testcase: validVerification[Complex_Valid_5] took 1.304 sec
    [junit] Testcase: validVerification[Complex_Valid_6] took 1.224 sec
    [junit] Testcase: validVerification[Complex_Valid_7] took 0 sec
    [junit] Testcase: validVerification[Complex_Valid_8] took 3.524 sec
    [junit] Testcase: validVerification[Constant_Valid_3] took 0.804 sec
    [junit] Testcase: validVerification[ConstrainedInt_Valid_1] took 0.983 sec
    [junit] Testcase: validVerification[ConstrainedInt_Valid_10] took 1.051 sec
    [junit] Testcase: validVerification[ConstrainedInt_Valid_12] took 0.908 sec
    [junit] Testcase: validVerification[ConstrainedInt_Valid_13] took 0.923 sec
    [junit] Testcase: validVerification[ConstrainedInt_Valid_15] took 0.877 sec
    [junit] Testcase: validVerification[ConstrainedInt_Valid_16] took 1.129 sec
    [junit] Testcase: validVerification[ConstrainedInt_Valid_17] took 0.852 sec
    [junit] Testcase: validVerification[ConstrainedInt_Valid_18] took 0.926 sec
    [junit] Testcase: validVerification[ConstrainedInt_Valid_19] took 0.792 sec
    [junit] Testcase: validVerification[ConstrainedInt_Valid_2] took 0.921 sec
    [junit] Testcase: validVerification[ConstrainedInt_Valid_20] took 0.957 sec
    [junit] Testcase: validVerification[ConstrainedInt_Valid_21] took 1.206 sec
    [junit] Testcase: validVerification[ConstrainedInt_Valid_22] took 1.124 sec
    [junit] Testcase: validVerification[ConstrainedInt_Valid_23] took 1.034 sec
    [junit] Testcase: validVerification[ConstrainedInt_Valid_24] took 0.933 sec
    [junit] Testcase: validVerification[ConstrainedInt_Valid_3] took 0.9 sec
    [junit] Testcase: validVerification[ConstrainedInt_Valid_4] took 0.819 sec
    [junit] Testcase: validVerification[ConstrainedInt_Valid_5] took 1.058 sec
    [junit] Testcase: validVerification[ConstrainedInt_Valid_6] took 1.03 sec
    [junit] Testcase: validVerification[ConstrainedInt_Valid_8] took 0.993 sec
    [junit] Testcase: validVerification[ConstrainedIntersection_Valid_1] took 0 sec
    [junit] Testcase: validVerification[ConstrainedList_Valid_1] took 1.108 sec
    [junit] Testcase: validVerification[ConstrainedList_Valid_11] took 1.116 sec
    [junit] Testcase: validVerification[ConstrainedList_Valid_12] took 1.309 sec
    [junit] Testcase: validVerification[ConstrainedList_Valid_14] took 0.924 sec
    [junit] Testcase: validVerification[ConstrainedList_Valid_15] took 1.18 sec
    [junit] Testcase: validVerification[ConstrainedList_Valid_16] took 1.012 sec
    [junit] Testcase: validVerification[ConstrainedList_Valid_17] took 1.162 sec
    [junit] Testcase: validVerification[ConstrainedList_Valid_18] took 0 sec
    [junit] Testcase: validVerification[ConstrainedList_Valid_19] took 0.858 sec
    [junit] Testcase: validVerification[ConstrainedList_Valid_2] took 0 sec
    [junit] Testcase: validVerification[ConstrainedList_Valid_20] took 0 sec
    [junit] Testcase: validVerification[ConstrainedList_Valid_21] took 0 sec
    [junit] Testcase: validVerification[ConstrainedList_Valid_22] took 0 sec
    [junit] Testcase: validVerification[ConstrainedList_Valid_23] took 0 sec
    [junit] Testcase: validVerification[ConstrainedList_Valid_25] took 0 sec
    [junit] Testcase: validVerification[ConstrainedList_Valid_26] took 0 sec
    [junit] Testcase: validVerification[ConstrainedList_Valid_27] took 0 sec
    [junit] Testcase: validVerification[ConstrainedList_Valid_28] took 0 sec
    [junit] Testcase: validVerification[ConstrainedList_Valid_3] took 1.888 sec
    [junit] Testcase: validVerification[ConstrainedList_Valid_4] took 0.994 sec
    [junit] Testcase: validVerification[ConstrainedList_Valid_5] took 1.268 sec
    [junit] Testcase: validVerification[ConstrainedList_Valid_6] took 0 sec
    [junit] Testcase: validVerification[ConstrainedList_Valid_7] took 1.242 sec
    [junit] Testcase: validVerification[ConstrainedList_Valid_8] took 0 sec
    [junit] Testcase: validVerification[ConstrainedList_Valid_9] took 1.205 sec
    [junit] Testcase: validVerification[ConstrainedNegation_Valid_1] took 0 sec
    [junit] Testcase: validVerification[ConstrainedNegation_Valid_2] took 0 sec
    [junit] Testcase: validVerification[ConstrainedRecord_Valid_1] took 0.706 sec
    [junit] Testcase: validVerification[ConstrainedRecord_Valid_10] took 1.157 sec
    [junit] Testcase: validVerification[ConstrainedRecord_Valid_2] took 0.905 sec
    [junit] Testcase: validVerification[ConstrainedRecord_Valid_3] took 1.056 sec
    [junit] Testcase: validVerification[ConstrainedRecord_Valid_4] took 1.03 sec
    [junit] Testcase: validVerification[ConstrainedRecord_Valid_5] took 0.919 sec
    [junit] Testcase: validVerification[ConstrainedRecord_Valid_6] took 0.88 sec
    [junit] Testcase: validVerification[ConstrainedRecord_Valid_8] took 0 sec
    [junit] Testcase: validVerification[ConstrainedRecord_Valid_9] took 0 sec
    [junit] Testcase: validVerification[ConstrainedReference_Valid_1] took 0 sec
    [junit] Testcase: validVerification[ConstrainedUnion_Valid_1] took 1.065 sec
    [junit] Testcase: validVerification[Contractive_Valid_1] took 1.242 sec
    [junit] Testcase: validVerification[Contractive_Valid_2] took 0.972 sec
    [junit] Testcase: validVerification[Define_Valid_1] took 1.003 sec
    [junit] Testcase: validVerification[Define_Valid_2] took 0.958 sec
    [junit] Testcase: validVerification[Define_Valid_3] took 1.194 sec
    [junit] Testcase: validVerification[Define_Valid_4] took 0.953 sec
    [junit] Testcase: validVerification[DoWhile_Valid_1] took 0.927 sec
    [junit] Testcase: validVerification[DoWhile_Valid_2] took 0.83 sec
    [junit] Testcase: validVerification[DoWhile_Valid_3] took 1.12 sec
    [junit] Testcase: validVerification[DoWhile_Valid_4] took 0.886 sec
    [junit] Testcase: validVerification[DoWhile_Valid_5] took 1.103 sec
    [junit] Testcase: validVerification[DoWhile_Valid_6] took 1.488 sec
    [junit] Testcase: validVerification[DoWhile_Valid_7] took 1.065 sec
    [junit] Testcase: validVerification[DoWhile_Valid_8] took 1.222 sec
    [junit] Testcase: validVerification[EffectiveList_Valid_1] took 2.554 sec
    [junit] Testcase: validVerification[Ensures_Valid_1] took 0.83 sec
    [junit] Testcase: validVerification[Ensures_Valid_2] took 1.32 sec
    [junit] Testcase: validVerification[Ensures_Valid_3] took 0.001 sec
    [junit] Testcase: validVerification[Ensures_Valid_4] took 0.963 sec
    [junit] Testcase: validVerification[Ensures_Valid_5] took 1.045 sec
    [junit] Testcase: validVerification[Ensures_Valid_6] took 0 sec
    [junit] Testcase: validVerification[Ensures_Valid_7] took 0.916 sec
    [junit] Testcase: validVerification[Ensures_Valid_8] took 0.979 sec
    [junit] Testcase: validVerification[Fail_Valid_1] took 0.913 sec
    [junit] Testcase: validVerification[Fail_Valid_2] took 1.066 sec
    [junit] Testcase: validVerification[FunctionRef_Valid_1] took 0.937 sec
    [junit] Testcase: validVerification[FunctionRef_Valid_10] took 0 sec
    [junit] Testcase: validVerification[FunctionRef_Valid_11] took 0 sec
    [junit] Testcase: validVerification[FunctionRef_Valid_12] took 1.034 sec
    [junit] Testcase: validVerification[FunctionRef_Valid_13] took 1.146 sec
    [junit] Testcase: validVerification[FunctionRef_Valid_2] took 1.064 sec
    [junit] Testcase: validVerification[FunctionRef_Valid_4] took 0 sec
    [junit] Testcase: validVerification[FunctionRef_Valid_5] took 1.058 sec
    [junit] Testcase: validVerification[FunctionRef_Valid_6] took 1.129 sec
    [junit] Testcase: validVerification[FunctionRef_Valid_7] took 1.338 sec
    [junit] Testcase: validVerification[FunctionRef_Valid_8] took 0.979 sec
    [junit] Testcase: validVerification[FunctionRef_Valid_9] took 0.921 sec
    [junit] Testcase: validVerification[Function_Valid_1] took 0.907 sec
    [junit] Testcase: validVerification[Function_Valid_11] took 0 sec
    [junit] Testcase: validVerification[Function_Valid_12] took 1.298 sec
    [junit] Testcase: validVerification[Function_Valid_13] took 1.042 sec
    [junit] Testcase: validVerification[Function_Valid_14] took 1.277 sec
    [junit] Testcase: validVerification[Function_Valid_15] took 0 sec
    [junit] Testcase: validVerification[Function_Valid_16] took 1.279 sec
    [junit] Testcase: validVerification[Function_Valid_17] took 1.094 sec
    [junit] Testcase: validVerification[Function_Valid_18] took 1.098 sec
    [junit] Testcase: validVerification[Function_Valid_2] took 1.085 sec
    [junit] Testcase: validVerification[Function_Valid_20] took 0.958 sec
    [junit] Testcase: validVerification[Function_Valid_21] took 0.953 sec
    [junit] Testcase: validVerification[Function_Valid_3] took 1.048 sec
    [junit] Testcase: validVerification[Function_Valid_4] took 0.883 sec
    [junit] Testcase: validVerification[Function_Valid_5] took 1.018 sec
    [junit] Testcase: validVerification[Function_Valid_6] took 2.154 sec
    [junit] Testcase: validVerification[Function_Valid_7] took 1.899 sec
    [junit] Testcase: validVerification[Function_Valid_8] took 2.256 sec
    [junit] Testcase: validVerification[Function_Valid_9] took 2.405 sec
    [junit] Testcase: validVerification[HexAssign_Valid_1] took 0.929 sec
    [junit] Testcase: validVerification[IfElse_Valid_1] took 0.839 sec
    [junit] Testcase: validVerification[IfElse_Valid_2] took 0.915 sec
    [junit] Testcase: validVerification[IfElse_Valid_3] took 0.899 sec
    [junit] Testcase: validVerification[IfElse_Valid_4] took 0 sec
    [junit] Testcase: validVerification[IfElse_Valid_5] took 0.968 sec
    [junit] Testcase: validVerification[Import_Valid_1] took 1.169 sec
    [junit] Testcase: validVerification[Import_Valid_2] took 1.066 sec
    [junit] Testcase: validVerification[Import_Valid_3] took 0.914 sec
    [junit] Testcase: validVerification[Import_Valid_4] took 0 sec
    [junit] Testcase: validVerification[Import_Valid_5] took 0 sec
    [junit] Testcase: validVerification[Import_Valid_6] took 1.136 sec
    [junit] Testcase: validVerification[IntConst_Valid_1] took 1.043 sec
    [junit] Testcase: validVerification[IntDefine_Valid_1] took 0.886 sec
    [junit] Testcase: validVerification[IntDefine_Valid_2] took 0.949 sec
    [junit] Testcase: validVerification[IntDiv_Valid_1] took 0.977 sec
    [junit] Testcase: validVerification[IntDiv_Valid_3] took 1.1 sec
    [junit] Testcase: validVerification[IntDiv_Valid_4] took 1.184 sec
    [junit] Testcase: validVerification[IntDiv_Valid_5] took 0.959 sec
    [junit] Testcase: validVerification[IntMul_Valid_1] took 0.985 sec
    [junit] Testcase: validVerification[IntMul_Valid_2] took 1.319 sec
    [junit] Testcase: validVerification[IntOp_Valid_1] took 1.174 sec
    [junit] Testcase: validVerification[Intersection_Valid_1] took 1.087 sec
    [junit] Testcase: validVerification[Intersection_Valid_2] took 0.001 sec
    [junit] Testcase: validVerification[Lambda_Valid_1] took 1.252 sec
    [junit] Testcase: validVerification[Lambda_Valid_10] took 0.844 sec
    [junit] Testcase: validVerification[Lambda_Valid_11] took 1.141 sec
    [junit] Testcase: validVerification[Lambda_Valid_12] took 1.037 sec
    [junit] Testcase: validVerification[Lambda_Valid_2] took 1.31 sec
    [junit] Testcase: validVerification[Lambda_Valid_3] took 0 sec
    [junit] Testcase: validVerification[Lambda_Valid_4] took 0 sec
    [junit] Testcase: validVerification[Lambda_Valid_5] took 1.08 sec
    [junit] Testcase: validVerification[Lambda_Valid_6] took 1.128 sec
    [junit] Testcase: validVerification[Lambda_Valid_7] took 0 sec
    [junit] Testcase: validVerification[Lambda_Valid_8] took 0.857 sec
    [junit] Testcase: validVerification[Lambda_Valid_9] took 0.897 sec
    [junit] Testcase: validVerification[LengthOf_Valid_1] took 1.346 sec
    [junit] Testcase: validVerification[LengthOf_Valid_4] took 0.921 sec
    [junit] Testcase: validVerification[LengthOf_Valid_5] took 1.448 sec
    [junit] Testcase: validVerification[Lifetime_Lambda_Valid_1] took 1.126 sec
    [junit] Testcase: validVerification[Lifetime_Lambda_Valid_2] took 1.006 sec
    [junit] Testcase: validVerification[Lifetime_Lambda_Valid_3] took 0.904 sec
    [junit] Testcase: validVerification[Lifetime_Lambda_Valid_4] took 0 sec
    [junit] Testcase: validVerification[Lifetime_Lambda_Valid_5] took 1.03 sec
    [junit] Testcase: validVerification[Lifetime_Lambda_Valid_6] took 1.297 sec
    [junit] Testcase: validVerification[Lifetime_Lambda_Valid_7] took 0.943 sec
    [junit] Testcase: validVerification[Lifetime_Valid_1] took 1.185 sec
    [junit] Testcase: validVerification[Lifetime_Valid_10] took 0.969 sec
    [junit] Testcase: validVerification[Lifetime_Valid_2] took 1.034 sec
    [junit] Testcase: validVerification[Lifetime_Valid_3] took 0.95 sec
    [junit] Testcase: validVerification[Lifetime_Valid_4] took 1.083 sec
    [junit] Testcase: validVerification[Lifetime_Valid_5] took 1.072 sec
    [junit] Testcase: validVerification[Lifetime_Valid_6] took 1.276 sec
    [junit] Testcase: validVerification[Lifetime_Valid_7] took 1.04 sec
    [junit] Testcase: validVerification[Lifetime_Valid_8] took 0.917 sec
    [junit] Testcase: validVerification[Lifetime_Valid_9] took 0.858 sec
    [junit] Testcase: validVerification[ListAccess_Valid_1] took 1.206 sec
    [junit] Testcase: validVerification[ListAccess_Valid_3] took 1.322 sec
    [junit] Testcase: validVerification[ListAccess_Valid_5] took 0.983 sec
    [junit] Testcase: validVerification[ListAccess_Valid_6] took 0 sec
    [junit] Testcase: validVerification[ListAccess_Valid_8] took 1.226 sec
    [junit] Testcase: validVerification[ListAccess_Valid_9] took 1.072 sec
    [junit] Testcase: validVerification[ListAssign_Valid_1] took 0 sec
    [junit] Testcase: validVerification[ListAssign_Valid_11] took 0.966 sec
    [junit] Testcase: validVerification[ListAssign_Valid_12] took 0 sec
    [junit] Testcase: validVerification[ListAssign_Valid_2] took 0.749 sec
    [junit] Testcase: validVerification[ListAssign_Valid_3] took 1.093 sec
    [junit] Testcase: validVerification[ListAssign_Valid_4] took 1.066 sec
    [junit] Testcase: validVerification[ListAssign_Valid_5] took 0 sec
    [junit] Testcase: validVerification[ListAssign_Valid_6] took 0 sec
    [junit] Testcase: validVerification[ListAssign_Valid_7] took 1.934 sec
    [junit] Testcase: validVerification[ListAssign_Valid_8] took 1.275 sec
    [junit] Testcase: validVerification[ListAssign_Valid_9] took 2.03 sec
    [junit] Testcase: validVerification[ListEmpty_Valid_1] took 1.275 sec
    [junit] Testcase: validVerification[ListGenerator_Valid_1] took 1.592 sec
    [junit] Testcase: validVerification[ListGenerator_Valid_10] took 1.52 sec
    [junit] Testcase: validVerification[ListGenerator_Valid_11] took 1.482 sec
    [junit] Testcase: validVerification[ListGenerator_Valid_12] took 0.901 sec
    [junit] Testcase: validVerification[ListGenerator_Valid_2] took 0.981 sec
    [junit] Testcase: validVerification[ListGenerator_Valid_3] took 1.212 sec
    [junit] Testcase: validVerification[ListGenerator_Valid_5] took 1.024 sec
    [junit] Testcase: validVerification[ListGenerator_Valid_6] took 1.188 sec
    [junit] Testcase: validVerification[ListGenerator_Valid_7] took 0.91 sec
    [junit] Testcase: validVerification[ListGenerator_Valid_8] took 1.163 sec
    [junit] Testcase: validVerification[ListGenerator_Valid_9] took 0.948 sec
    [junit] Testcase: validVerification[ListLength_Valid_1] took 0.945 sec
    [junit] Testcase: validVerification[ListLength_Valid_2] took 0.865 sec
    [junit] Testcase: validVerification[ListLength_Valid_3] took 0.964 sec
    [junit] Testcase: validVerification[MessageRef_Valid_1] took 1.047 sec
    [junit] Testcase: validVerification[MessageRef_Valid_2] took 1.19 sec
    [junit] Testcase: validVerification[MessageSend_Valid_1] took 0.973 sec
    [junit] Testcase: validVerification[MessageSend_Valid_2] took 1.033 sec
    [junit] Testcase: validVerification[MessageSend_Valid_3] took 1.082 sec
    [junit] Testcase: validVerification[MessageSend_Valid_4] took 0.933 sec
    [junit] Testcase: validVerification[MessageSend_Valid_5] took 1.219 sec
    [junit] Testcase: validVerification[MethodCall_Valid_1] took 1.315 sec
    [junit] Testcase: validVerification[MethodCall_Valid_2] took 0.836 sec
    [junit] Testcase: validVerification[MethodCall_Valid_3] took 0.985 sec
    [junit] Testcase: validVerification[MethodCall_Valid_4] took 1.233 sec
    [junit] Testcase: validVerification[MethodRef_Valid_1] took 1.035 sec
    [junit] Testcase: validVerification[MethodRef_Valid_2] took 0.916 sec
    [junit] Testcase: validVerification[Method_Valid_1] took 2.576 sec
    [junit] Testcase: validVerification[MultiLineComment_Valid_1] took 0.918 sec
    [junit] Testcase: validVerification[MultiLineComment_Valid_2] took 0.936 sec
    [junit] Testcase: validVerification[NegationType_Valid_1] took 1.17 sec
    [junit] Testcase: validVerification[NegationType_Valid_2] took 0.818 sec
    [junit] Testcase: validVerification[NegationType_Valid_3] took 1.022 sec
    [junit] Testcase: validVerification[NegationType_Valid_4] took 1.183 sec
    [junit] Testcase: validVerification[NegationType_Valid_5] took 0.971 sec
    [junit] Testcase: validVerification[OpenRecord_Valid_1] took 1.012 sec
    [junit] Testcase: validVerification[OpenRecord_Valid_10] took 0.76 sec
    [junit] Testcase: validVerification[OpenRecord_Valid_11] took 0 sec
    [junit] Testcase: validVerification[OpenRecord_Valid_2] took 0.874 sec
    [junit] Testcase: validVerification[OpenRecord_Valid_3] took 1.198 sec
    [junit] Testcase: validVerification[OpenRecord_Valid_4] took 1.198 sec
    [junit] Testcase: validVerification[OpenRecord_Valid_5] took 0 sec
    [junit] Testcase: validVerification[OpenRecord_Valid_6] took 0 sec
    [junit] Testcase: validVerification[OpenRecord_Valid_9] took 0.819 sec
    [junit] Testcase: validVerification[ProcessAccess_Valid_1] took 0.893 sec
    [junit] Testcase: validVerification[ProcessAccess_Valid_2] took 1.207 sec
    [junit] Testcase: validVerification[Process_Valid_1] took 0.001 sec
    [junit] Testcase: validVerification[Process_Valid_10] took 0 sec
    [junit] Testcase: validVerification[Process_Valid_11] took 1.561 sec
    [junit] Testcase: validVerification[Process_Valid_12] took 1.184 sec
    [junit] Testcase: validVerification[Process_Valid_2] took 0.739 sec
    [junit] Testcase: validVerification[Process_Valid_3] took 1.059 sec
    [junit] Testcase: validVerification[Process_Valid_4] took 0.941 sec
    [junit] Testcase: validVerification[Process_Valid_5] took 0.987 sec
    [junit] Testcase: validVerification[Process_Valid_6] took 1.356 sec
    [junit] Testcase: validVerification[Process_Valid_7] took 0.756 sec
    [junit] Testcase: validVerification[Process_Valid_8] took 1.152 sec
    [junit] Testcase: validVerification[Process_Valid_9] took 0 sec
    [junit] Testcase: validVerification[Quantifiers_Valid_1] took 0 sec
    [junit] Testcase: validVerification[RecordAccess_Valid_1] took 1.095 sec
    [junit] Testcase: validVerification[RecordAssign_Valid_1] took 0.853 sec
    [junit] Testcase: validVerification[RecordAssign_Valid_10] took 1.194 sec
    [junit] Testcase: validVerification[RecordAssign_Valid_2] took 1.084 sec
    [junit] Testcase: validVerification[RecordAssign_Valid_3] took 1.104 sec
    [junit] Testcase: validVerification[RecordAssign_Valid_4] took 1.056 sec
    [junit] Testcase: validVerification[RecordAssign_Valid_5] took 0.94 sec
    [junit] Testcase: validVerification[RecordAssign_Valid_6] took 0.853 sec
    [junit] Testcase: validVerification[RecordAssign_Valid_7] took 0.931 sec
    [junit] Testcase: validVerification[RecordAssign_Valid_8] took 1.2 sec
    [junit] Testcase: validVerification[RecordAssign_Valid_9] took 1.053 sec
    [junit] Testcase: validVerification[RecordCoercion_Valid_1] took 0.001 sec
    [junit] Testcase: validVerification[RecordDefine_Valid_1] took 0.998 sec
    [junit] Testcase: validVerification[RecordDefine_Valid_2] took 1.098 sec
    [junit] Testcase: validVerification[RecordSubtype_Valid_1] took 0 sec
    [junit] Testcase: validVerification[RecordSubtype_Valid_2] took 0 sec
    [junit] Testcase: validVerification[RecursiveType_Valid_1] took 0.992 sec
    [junit] Testcase: validVerification[RecursiveType_Valid_10] took 0 sec
    [junit] Testcase: validVerification[RecursiveType_Valid_11] took 0 sec
    [junit] Testcase: validVerification[RecursiveType_Valid_12] took 0 sec
    [junit] Testcase: validVerification[RecursiveType_Valid_13] took 1.02 sec
    [junit] Testcase: validVerification[RecursiveType_Valid_14] took 0 sec
    [junit] Testcase: validVerification[RecursiveType_Valid_15] took 0.976 sec
    [junit] Testcase: validVerification[RecursiveType_Valid_16] took 0.743 sec
    [junit] Testcase: validVerification[RecursiveType_Valid_17] took 1.267 sec
    [junit] Testcase: validVerification[RecursiveType_Valid_18] took 1.709 sec
    [junit] Testcase: validVerification[RecursiveType_Valid_19] took 0.871 sec
    [junit] Testcase: validVerification[RecursiveType_Valid_2] took 0 sec
    [junit] Testcase: validVerification[RecursiveType_Valid_20] took 0.976 sec
    [junit] Testcase: validVerification[RecursiveType_Valid_21] took 0 sec
    [junit] Testcase: validVerification[RecursiveType_Valid_22] took 0.001 sec
    [junit] Testcase: validVerification[RecursiveType_Valid_23] took 0.878 sec
    [junit] Testcase: validVerification[RecursiveType_Valid_24] took 0 sec
    [junit] Testcase: validVerification[RecursiveType_Valid_25] took 1.04 sec
    [junit] Testcase: validVerification[RecursiveType_Valid_26] took 0.932 sec
    [junit] Testcase: validVerification[RecursiveType_Valid_27] took 0.901 sec
    [junit] Testcase: validVerification[RecursiveType_Valid_28] took 0 sec
    [junit] Testcase: validVerification[RecursiveType_Valid_3] took 0 sec
    [junit] Testcase: validVerification[RecursiveType_Valid_4] took 0 sec
    [junit] Testcase: validVerification[RecursiveType_Valid_5] took 0 sec
    [junit] Testcase: validVerification[RecursiveType_Valid_6] took 0 sec
    [junit] Testcase: validVerification[RecursiveType_Valid_7] took 0 sec
    [junit] Testcase: validVerification[RecursiveType_Valid_8] took 0 sec
    [junit] Testcase: validVerification[RecursiveType_Valid_9] took 0 sec
    [junit] Testcase: validVerification[ReferenceType_Valid_1] took 0.821 sec
    [junit] Testcase: validVerification[Reference_Valid_1] took 0.776 sec
    [junit] Testcase: validVerification[Reference_Valid_2] took 0 sec
    [junit] Testcase: validVerification[Reference_Valid_3] took 0 sec
    [junit] Testcase: validVerification[Reference_Valid_4] took 1.08 sec
    [junit] Testcase: validVerification[Reference_Valid_5] took 1.049 sec
    [junit] Testcase: validVerification[Reference_Valid_6] took 0 sec
    [junit] Testcase: validVerification[Reference_Valid_7] took 1.31 sec
    [junit] Testcase: validVerification[Reference_Valid_8] took 1.139 sec
    [junit] Testcase: validVerification[Remainder_Valid_1] took 1.432 sec
    [junit] Testcase: validVerification[Requires_Valid_1] took 0.843 sec
    [junit] Testcase: validVerification[Resolution_Valid_1] took 1.015 sec
    [junit] Testcase: validVerification[Return_Valid_1] took 0.742 sec
    [junit] Testcase: validVerification[SingleLineComment_Valid_1] took 0.81 sec
    [junit] Testcase: validVerification[Skip_Valid_1] took 0.869 sec
    [junit] Testcase: validVerification[String_Valid_1] took 0.959 sec
    [junit] Testcase: validVerification[String_Valid_2] took 0.9 sec
    [junit] Testcase: validVerification[String_Valid_3] took 1.153 sec
    [junit] Testcase: validVerification[String_Valid_4] took 1.348 sec
    [junit] Testcase: validVerification[String_Valid_5] took 1.085 sec
    [junit] Testcase: validVerification[String_Valid_6] took 2.421 sec
    [junit] Testcase: validVerification[Subtype_Valid_1] took 0 sec
    [junit] Testcase: validVerification[Subtype_Valid_10] took 0 sec
    [junit] Testcase: validVerification[Subtype_Valid_11] took 0 sec
    [junit] Testcase: validVerification[Subtype_Valid_12] took 0 sec
    [junit] Testcase: validVerification[Subtype_Valid_13] took 0 sec
    [junit] Testcase: validVerification[Subtype_Valid_14] took 0 sec
    [junit] Testcase: validVerification[Subtype_Valid_2] took 0.956 sec
    [junit] Testcase: validVerification[Subtype_Valid_3] took 1.149 sec
    [junit] Testcase: validVerification[Subtype_Valid_4] took 1.32 sec
    [junit] Testcase: validVerification[Subtype_Valid_5] took 1.402 sec
    [junit] Testcase: validVerification[Subtype_Valid_6] took 1.107 sec
    [junit] Testcase: validVerification[Subtype_Valid_7] took 0 sec
    [junit] Testcase: validVerification[Subtype_Valid_8] took 1.022 sec
    [junit] Testcase: validVerification[Subtype_Valid_9] took 1.077 sec
    [junit] Testcase: validVerification[Switch_Valid_1] took 1.002 sec
    [junit] Testcase: validVerification[Switch_Valid_10] took 0.858 sec
    [junit] Testcase: validVerification[Switch_Valid_11] took 1.023 sec
    [junit] Testcase: validVerification[Switch_Valid_12] took 1.25 sec
    [junit] Testcase: validVerification[Switch_Valid_13] took 1.151 sec
    [junit] Testcase: validVerification[Switch_Valid_2] took 1.037 sec
    [junit] Testcase: validVerification[Switch_Valid_3] took 1.036 sec
    [junit] Testcase: validVerification[Switch_Valid_4] took 1.034 sec
    [junit] Testcase: validVerification[Switch_Valid_5] took 1.222 sec
    [junit] Testcase: validVerification[Switch_Valid_6] took 1.114 sec
    [junit] Testcase: validVerification[Switch_Valid_7] took 1.31 sec
    [junit] Testcase: validVerification[Switch_Valid_8] took 1.242 sec
    [junit] Testcase: validVerification[Switch_Valid_9] took 1 sec
    [junit] Testcase: validVerification[Syntax_Valid_1] took 1.126 sec
    [junit] Testcase: validVerification[TypeEquals_Valid_1] took 1.052 sec
    [junit] Testcase: validVerification[TypeEquals_Valid_10] took 0.955 sec
    [junit] Testcase: validVerification[TypeEquals_Valid_11] took 1.139 sec
    [junit] Testcase: validVerification[TypeEquals_Valid_12] took 0.889 sec
    [junit] Testcase: validVerification[TypeEquals_Valid_14] took 0.918 sec
    [junit] Testcase: validVerification[TypeEquals_Valid_15] took 1.001 sec
    [junit] Testcase: validVerification[TypeEquals_Valid_16] took 0.945 sec
    [junit] Testcase: validVerification[TypeEquals_Valid_17] took 1.18 sec
    [junit] Testcase: validVerification[TypeEquals_Valid_18] took 1.176 sec
    [junit] Testcase: validVerification[TypeEquals_Valid_19] took 0 sec
    [junit] Testcase: validVerification[TypeEquals_Valid_2] took 1.413 sec
    [junit] Testcase: validVerification[TypeEquals_Valid_21] took 1.201 sec
    [junit] Testcase: validVerification[TypeEquals_Valid_23] took 0 sec
    [junit] Testcase: validVerification[TypeEquals_Valid_24] took 1.105 sec
    [junit] Testcase: validVerification[TypeEquals_Valid_25] took 0 sec
    [junit] Testcase: validVerification[TypeEquals_Valid_27] took 1.061 sec
    [junit] Testcase: validVerification[TypeEquals_Valid_28] took 0.889 sec
    [junit] Testcase: validVerification[TypeEquals_Valid_29] took 1.156 sec
    [junit] Testcase: validVerification[TypeEquals_Valid_3] took 0 sec
    [junit] Testcase: validVerification[TypeEquals_Valid_30] took 1.024 sec
    [junit] Testcase: validVerification[TypeEquals_Valid_31] took 0.924 sec
    [junit] Testcase: validVerification[TypeEquals_Valid_32] took 1.44 sec
    [junit] Testcase: validVerification[TypeEquals_Valid_33] took 0.948 sec
    [junit] Testcase: validVerification[TypeEquals_Valid_34] took 1.184 sec
    [junit] Testcase: validVerification[TypeEquals_Valid_35] took 1 sec
    [junit] Testcase: validVerification[TypeEquals_Valid_36] took 0 sec
    [junit] Testcase: validVerification[TypeEquals_Valid_37] took 0 sec
    [junit] Testcase: validVerification[TypeEquals_Valid_38] took 0 sec
    [junit] Testcase: validVerification[TypeEquals_Valid_39] took 0.813 sec
    [junit] Testcase: validVerification[TypeEquals_Valid_40] took 1.173 sec
    [junit] Testcase: validVerification[TypeEquals_Valid_41] took 0 sec
    [junit] Testcase: validVerification[TypeEquals_Valid_42] took 1.347 sec
    [junit] Testcase: validVerification[TypeEquals_Valid_43] took 1.317 sec
    [junit] Testcase: validVerification[TypeEquals_Valid_44] took 1.289 sec
    [junit] Testcase: validVerification[TypeEquals_Valid_45] took 0.875 sec
    [junit] Testcase: validVerification[TypeEquals_Valid_46] took 0.936 sec
    [junit] Testcase: validVerification[TypeEquals_Valid_47] took 1.132 sec
    [junit] Testcase: validVerification[TypeEquals_Valid_48] took 0.881 sec
    [junit] Testcase: validVerification[TypeEquals_Valid_49] took 0.815 sec
    [junit] Testcase: validVerification[TypeEquals_Valid_5] took 1.053 sec
    [junit] Testcase: validVerification[TypeEquals_Valid_50] took 1.08 sec
    [junit] Testcase: validVerification[TypeEquals_Valid_51] took 0.734 sec
    [junit] Testcase: validVerification[TypeEquals_Valid_52] took 1.238 sec
    [junit] Testcase: validVerification[TypeEquals_Valid_53] took 1.218 sec
    [junit] Testcase: validVerification[TypeEquals_Valid_54] took 1.091 sec
    [junit] Testcase: validVerification[TypeEquals_Valid_55] took 0 sec
    [junit] Testcase: validVerification[TypeEquals_Valid_6] took 0.966 sec
    [junit] Testcase: validVerification[TypeEquals_Valid_7] took 0.992 sec
    [junit] Testcase: validVerification[TypeEquals_Valid_9] took 1.213 sec
    [junit] Testcase: validVerification[UnionType_Valid_1] took 1.365 sec
    [junit] Testcase: validVerification[UnionType_Valid_10] took 1.064 sec
    [junit] Testcase: validVerification[UnionType_Valid_11] took 0.989 sec
    [junit] Testcase: validVerification[UnionType_Valid_12] took 1.135 sec
    [junit] Testcase: validVerification[UnionType_Valid_13] took 1.089 sec
    [junit] Testcase: validVerification[UnionType_Valid_14] took 0.741 sec
    [junit] Testcase: validVerification[UnionType_Valid_15] took 1.151 sec
    [junit] Testcase: validVerification[UnionType_Valid_16] took 0.884 sec
    [junit] Testcase: validVerification[UnionType_Valid_17] took 0.988 sec
    [junit] Testcase: validVerification[UnionType_Valid_18] took 0.895 sec
    [junit] Testcase: validVerification[UnionType_Valid_19] took 0.825 sec
    [junit] Testcase: validVerification[UnionType_Valid_2] took 1.008 sec
    [junit] Testcase: validVerification[UnionType_Valid_20] took 0.973 sec
    [junit] Testcase: validVerification[UnionType_Valid_21] took 1.016 sec
    [junit] Testcase: validVerification[UnionType_Valid_22] took 1.048 sec
    [junit] Testcase: validVerification[UnionType_Valid_23] took 0.945 sec
    [junit] Testcase: validVerification[UnionType_Valid_3] took 1.286 sec
    [junit] Testcase: validVerification[UnionType_Valid_4] took 0.744 sec
    [junit] Testcase: validVerification[UnionType_Valid_5] took 0.773 sec
    [junit] Testcase: validVerification[UnionType_Valid_6] took 1.135 sec
    [junit] Testcase: validVerification[UnionType_Valid_7] took 1.103 sec
    [junit] Testcase: validVerification[UnionType_Valid_8] took 0.991 sec
    [junit] Testcase: validVerification[UnionType_Valid_9] took 0.867 sec
    [junit] Testcase: validVerification[Update_Valid_2] took 1.216 sec
    [junit] Testcase: validVerification[VarDecl_Valid_1] took 0.983 sec
    [junit] Testcase: validVerification[VarDecl_Valid_2] took 1.103 sec
    [junit] Testcase: validVerification[VarDecl_Valid_3] took 0.992 sec
    [junit] Testcase: validVerification[VarDecl_Valid_4] took 0.814 sec
    [junit] Testcase: validVerification[While_Valid_1] took 1.465 sec
    [junit] Testcase: validVerification[While_Valid_10] took 0.919 sec
    [junit] Testcase: validVerification[While_Valid_11] took 0 sec
    [junit] Testcase: validVerification[While_Valid_12] took 1.686 sec
    [junit] Testcase: validVerification[While_Valid_14] took 1.025 sec
    [junit] Testcase: validVerification[While_Valid_15] took 1.101 sec
    [junit] Testcase: validVerification[While_Valid_16] took 0 sec
    [junit] Testcase: validVerification[While_Valid_17] took 1.014 sec
    [junit] Testcase: validVerification[While_Valid_18] took 1.294 sec
    [junit] Testcase: validVerification[While_Valid_19] took 1.335 sec
    [junit] Testcase: validVerification[While_Valid_2] took 0 sec
    [junit] Testcase: validVerification[While_Valid_20] took 0 sec
    [junit] Testcase: validVerification[While_Valid_21] took 1.328 sec
    [junit] Testcase: validVerification[While_Valid_22] took 0 sec
    [junit] Testcase: validVerification[While_Valid_23] took 0 sec
    [junit] Testcase: validVerification[While_Valid_24] took 0.001 sec
    [junit] Testcase: validVerification[While_Valid_25] took 1.193 sec
    [junit] Testcase: validVerification[While_Valid_26] took 0 sec
    [junit] Testcase: validVerification[While_Valid_27] took 0 sec
    [junit] Testcase: validVerification[While_Valid_28] took 1.195 sec
    [junit] Testcase: validVerification[While_Valid_29] took 1.303 sec
    [junit] Testcase: validVerification[While_Valid_3] took 0 sec
    [junit] Testcase: validVerification[While_Valid_30] took 1.56 sec
    [junit] Testcase: validVerification[While_Valid_31] took 1.335 sec
    [junit] Testcase: validVerification[While_Valid_32] took 1.419 sec
    [junit] Testcase: validVerification[While_Valid_33] took 0 sec
    [junit] Testcase: validVerification[While_Valid_34] took 0 sec
    [junit] Testcase: validVerification[While_Valid_35] took 0 sec
    [junit] Testcase: validVerification[While_Valid_36] took 3.045 sec
    [junit] Testcase: validVerification[While_Valid_37] took 5.383 sec
    [junit] Testcase: validVerification[While_Valid_38] took 2.327 sec
    [junit] Testcase: validVerification[While_Valid_39] took 1.053 sec
    [junit] Testcase: validVerification[While_Valid_40] took 1.277 sec
    [junit] Testcase: validVerification[While_Valid_41] took 1.788 sec
    [junit] Testcase: validVerification[While_Valid_42] took 0 sec
    [junit] Testcase: validVerification[While_Valid_43] took 2.169 sec
    [junit] Testcase: validVerification[While_Valid_44] took 1.592 sec
    [junit] Testcase: validVerification[While_Valid_45] took 1.98 sec
    [junit] Testcase: validVerification[While_Valid_46] took 1.288 sec
    [junit] Testcase: validVerification[While_Valid_47] took 0 sec
    [junit] Testcase: validVerification[While_Valid_48] took 0.864 sec
    [junit] Testcase: validVerification[While_Valid_49] took 1.217 sec
    [junit] Testcase: validVerification[While_Valid_5] took 0.001 sec
    [junit] Testcase: validVerification[While_Valid_50] took 1.256 sec
    [junit] Testcase: validVerification[While_Valid_51] took 1.363 sec
    [junit] Testcase: validVerification[While_Valid_52] took 0 sec
    [junit] Testcase: validVerification[While_Valid_7] took 1.196 sec
    [junit] Testcase: validVerification[While_Valid_9] took 1.035 sec

test:

compile-wyjc:
     [wyjc] Compiled 0 source file(s)

test:
    [junit] Running wyjc.testing.RuntimeValidTests
    [junit] Testsuite: wyjc.testing.RuntimeValidTests
    [junit] WARNING: version numbering unavailable
    [junit] Tests run: 514, Failures: 0, Errors: 0, Time elapsed: 274.833 sec
    [junit] Tests run: 514, Failures: 0, Errors: 0, Time elapsed: 274.833 sec
    [junit] 
    [junit] Testcase: valid[Access_Valid_1] took 1.166 sec
    [junit] Testcase: valid[Access_Valid_2] took 0.716 sec
    [junit] Testcase: valid[AddressExpression_Valid_1] took 0.628 sec
    [junit] Testcase: valid[AddressExpression_Valid_2] took 0.399 sec
    [junit] Testcase: valid[AddressExpression_Valid_3] took 0.487 sec
    [junit] Testcase: valid[AddressExpression_Valid_4] took 0.53 sec
    [junit] Testcase: valid[Assume_Valid_1] took 0.524 sec
    [junit] Testcase: valid[Assume_Valid_2] took 0.503 sec
    [junit] Testcase: valid[BoolAssign_Valid_1] took 0.479 sec
    [junit] Testcase: valid[BoolAssign_Valid_2] took 0.651 sec
    [junit] Testcase: valid[BoolAssign_Valid_3] took 0.43 sec
    [junit] Testcase: valid[BoolAssign_Valid_4] took 0.696 sec
    [junit] Testcase: valid[BoolAssign_Valid_5] took 0.71 sec
    [junit] Testcase: valid[BoolAssign_Valid_6] took 0.454 sec
    [junit] Testcase: valid[BoolFun_Valid_1] took 0.616 sec
    [junit] Testcase: valid[BoolIfElse_Valid_1] took 0.534 sec
    [junit] Testcase: valid[BoolIfElse_Valid_2] took 0.435 sec
    [junit] Testcase: valid[BoolList_Valid_1] took 0.538 sec
    [junit] Testcase: valid[BoolList_Valid_2] took 0.487 sec
    [junit] Testcase: valid[BoolList_Valid_3] took 0.747 sec
    [junit] Testcase: valid[BoolRecord_Valid_1] took 0.503 sec
    [junit] Testcase: valid[BoolRecord_Valid_2] took 0.568 sec
    [junit] Testcase: valid[BoolRequires_Valid_1] took 0.564 sec
    [junit] Testcase: valid[BoolReturn_Valid_1] took 0.573 sec
    [junit] Testcase: valid[Byte_Valid_1] took 0.8 sec
    [junit] Testcase: valid[Byte_Valid_2] took 0.637 sec
    [junit] Testcase: valid[Byte_Valid_3] took 0.727 sec
    [junit] Testcase: valid[Byte_Valid_4] took 0.621 sec
    [junit] Testcase: valid[Byte_Valid_5] took 0.65 sec
    [junit] Testcase: valid[Byte_Valid_6] took 0.673 sec
    [junit] Testcase: valid[Byte_Valid_7] took 0.425 sec
    [junit] Testcase: valid[Byte_Valid_8] took 0.683 sec
    [junit] Testcase: valid[Byte_Valid_9] took 0.644 sec
    [junit] Testcase: valid[Cast_Valid_5] took 0.634 sec
    [junit] Testcase: valid[Coercion_Valid_2] took 0.612 sec
    [junit] Testcase: valid[Coercion_Valid_3] took 0.445 sec
    [junit] Testcase: valid[Coercion_Valid_7] took 0.629 sec
    [junit] Testcase: valid[Coercion_Valid_8] took 0.609 sec
    [junit] Testcase: valid[Coercion_Valid_9] took 0.522 sec
    [junit] Testcase: valid[Complex_Valid_1] took 0.593 sec
    [junit] Testcase: valid[Complex_Valid_2] took 0.866 sec
    [junit] Testcase: valid[Complex_Valid_3] took 0.001 sec
    [junit] Testcase: valid[Complex_Valid_4] took 0 sec
    [junit] Testcase: valid[Complex_Valid_5] took 0.567 sec
    [junit] Testcase: valid[Complex_Valid_6] took 0.461 sec
    [junit] Testcase: valid[Complex_Valid_7] took 0.609 sec
    [junit] Testcase: valid[Complex_Valid_8] took 0.561 sec
    [junit] Testcase: valid[Constant_Valid_3] took 0.675 sec
    [junit] Testcase: valid[ConstrainedInt_Valid_1] took 0.553 sec
    [junit] Testcase: valid[ConstrainedInt_Valid_10] took 0.471 sec
    [junit] Testcase: valid[ConstrainedInt_Valid_12] took 0.635 sec
    [junit] Testcase: valid[ConstrainedInt_Valid_13] took 0.495 sec
    [junit] Testcase: valid[ConstrainedInt_Valid_15] took 0.539 sec
    [junit] Testcase: valid[ConstrainedInt_Valid_16] took 0.481 sec
    [junit] Testcase: valid[ConstrainedInt_Valid_17] took 0.74 sec
    [junit] Testcase: valid[ConstrainedInt_Valid_18] took 0.631 sec
    [junit] Testcase: valid[ConstrainedInt_Valid_19] took 0.508 sec
    [junit] Testcase: valid[ConstrainedInt_Valid_2] took 0.529 sec
    [junit] Testcase: valid[ConstrainedInt_Valid_20] took 0.548 sec
    [junit] Testcase: valid[ConstrainedInt_Valid_21] took 0.649 sec
    [junit] Testcase: valid[ConstrainedInt_Valid_22] took 0.652 sec
    [junit] Testcase: valid[ConstrainedInt_Valid_23] took 0.401 sec
    [junit] Testcase: valid[ConstrainedInt_Valid_24] took 0.615 sec
    [junit] Testcase: valid[ConstrainedInt_Valid_3] took 0.523 sec
    [junit] Testcase: valid[ConstrainedInt_Valid_4] took 0.598 sec
    [junit] Testcase: valid[ConstrainedInt_Valid_5] took 0.576 sec
    [junit] Testcase: valid[ConstrainedInt_Valid_6] took 0.635 sec
    [junit] Testcase: valid[ConstrainedInt_Valid_8] took 0.57 sec
    [junit] Testcase: valid[ConstrainedIntersection_Valid_1] took 0 sec
    [junit] Testcase: valid[ConstrainedList_Valid_1] took 0.472 sec
    [junit] Testcase: valid[ConstrainedList_Valid_11] took 0.523 sec
    [junit] Testcase: valid[ConstrainedList_Valid_12] took 0.511 sec
    [junit] Testcase: valid[ConstrainedList_Valid_14] took 0.594 sec
    [junit] Testcase: valid[ConstrainedList_Valid_15] took 0.565 sec
    [junit] Testcase: valid[ConstrainedList_Valid_16] took 0.53 sec
    [junit] Testcase: valid[ConstrainedList_Valid_17] took 0.4 sec
    [junit] Testcase: valid[ConstrainedList_Valid_18] took 0.523 sec
    [junit] Testcase: valid[ConstrainedList_Valid_19] took 0.785 sec
    [junit] Testcase: valid[ConstrainedList_Valid_2] took 0.431 sec
    [junit] Testcase: valid[ConstrainedList_Valid_20] took 0.609 sec
    [junit] Testcase: valid[ConstrainedList_Valid_21] took 0.564 sec
    [junit] Testcase: valid[ConstrainedList_Valid_22] took 0.567 sec
    [junit] Testcase: valid[ConstrainedList_Valid_23] took 0.613 sec
    [junit] Testcase: valid[ConstrainedList_Valid_25] took 0.575 sec
    [junit] Testcase: valid[ConstrainedList_Valid_26] took 0.561 sec
    [junit] Testcase: valid[ConstrainedList_Valid_27] took 0.674 sec
    [junit] Testcase: valid[ConstrainedList_Valid_28] took 0.42 sec
    [junit] Testcase: valid[ConstrainedList_Valid_3] took 0.442 sec
    [junit] Testcase: valid[ConstrainedList_Valid_4] took 0.615 sec
    [junit] Testcase: valid[ConstrainedList_Valid_5] took 0.68 sec
    [junit] Testcase: valid[ConstrainedList_Valid_6] took 0.5 sec
    [junit] Testcase: valid[ConstrainedList_Valid_7] took 0.6 sec
    [junit] Testcase: valid[ConstrainedList_Valid_8] took 0.631 sec
    [junit] Testcase: valid[ConstrainedList_Valid_9] took 0.624 sec
    [junit] Testcase: valid[ConstrainedNegation_Valid_1] took 0 sec
    [junit] Testcase: valid[ConstrainedNegation_Valid_2] took 0 sec
    [junit] Testcase: valid[ConstrainedRecord_Valid_1] took 0.524 sec
    [junit] Testcase: valid[ConstrainedRecord_Valid_10] took 0.725 sec
    [junit] Testcase: valid[ConstrainedRecord_Valid_2] took 0.549 sec
    [junit] Testcase: valid[ConstrainedRecord_Valid_3] took 0.641 sec
    [junit] Testcase: valid[ConstrainedRecord_Valid_4] took 0.663 sec
    [junit] Testcase: valid[ConstrainedRecord_Valid_5] took 0.62 sec
    [junit] Testcase: valid[ConstrainedRecord_Valid_6] took 0.57 sec
    [junit] Testcase: valid[ConstrainedRecord_Valid_8] took 0.604 sec
    [junit] Testcase: valid[ConstrainedRecord_Valid_9] took 0.628 sec
    [junit] Testcase: valid[ConstrainedReference_Valid_1] took 0 sec
    [junit] Testcase: valid[ConstrainedUnion_Valid_1] took 0.413 sec
    [junit] Testcase: valid[Contractive_Valid_1] took 0.389 sec
    [junit] Testcase: valid[Contractive_Valid_2] took 0.619 sec
    [junit] Testcase: valid[Define_Valid_1] took 0.574 sec
    [junit] Testcase: valid[Define_Valid_2] took 0.548 sec
    [junit] Testcase: valid[Define_Valid_3] took 0.59 sec
    [junit] Testcase: valid[Define_Valid_4] took 0.544 sec
    [junit] Testcase: valid[DoWhile_Valid_1] took 0.475 sec
    [junit] Testcase: valid[DoWhile_Valid_2] took 0.424 sec
    [junit] Testcase: valid[DoWhile_Valid_3] took 0.779 sec
    [junit] Testcase: valid[DoWhile_Valid_4] took 0.531 sec
    [junit] Testcase: valid[DoWhile_Valid_5] took 0.571 sec
    [junit] Testcase: valid[DoWhile_Valid_6] took 0.501 sec
    [junit] Testcase: valid[DoWhile_Valid_7] took 0.628 sec
    [junit] Testcase: valid[DoWhile_Valid_8] took 0.542 sec
    [junit] Testcase: valid[EffectiveList_Valid_1] took 0.524 sec
    [junit] Testcase: valid[Ensures_Valid_1] took 0.423 sec
    [junit] Testcase: valid[Ensures_Valid_2] took 0.68 sec
    [junit] Testcase: valid[Ensures_Valid_3] took 0.592 sec
    [junit] Testcase: valid[Ensures_Valid_4] took 0.619 sec
    [junit] Testcase: valid[Ensures_Valid_5] took 0.511 sec
    [junit] Testcase: valid[Ensures_Valid_6] took 0.443 sec
    [junit] Testcase: valid[Ensures_Valid_7] took 0.736 sec
    [junit] Testcase: valid[Ensures_Valid_8] took 0.457 sec
    [junit] Testcase: valid[Fail_Valid_1] took 0.61 sec
    [junit] Testcase: valid[Fail_Valid_2] took 0.525 sec
    [junit] Testcase: valid[FunctionRef_Valid_1] took 0.466 sec
    [junit] Testcase: valid[FunctionRef_Valid_10] took 0 sec
    [junit] Testcase: valid[FunctionRef_Valid_11] took 0 sec
    [junit] Testcase: valid[FunctionRef_Valid_12] took 0 sec
    [junit] Testcase: valid[FunctionRef_Valid_13] took 0 sec
    [junit] Testcase: valid[FunctionRef_Valid_2] took 0.429 sec
    [junit] Testcase: valid[FunctionRef_Valid_4] took 0.602 sec
    [junit] Testcase: valid[FunctionRef_Valid_5] took 0.483 sec
    [junit] Testcase: valid[FunctionRef_Valid_6] took 0.42 sec
    [junit] Testcase: valid[FunctionRef_Valid_7] took 0.605 sec
    [junit] Testcase: valid[FunctionRef_Valid_8] took 0.704 sec
    [junit] Testcase: valid[FunctionRef_Valid_9] took 0.508 sec
    [junit] Testcase: valid[Function_Valid_1] took 0.463 sec
    [junit] Testcase: valid[Function_Valid_11] took 0 sec
    [junit] Testcase: valid[Function_Valid_12] took 0.479 sec
    [junit] Testcase: valid[Function_Valid_13] took 0.513 sec
    [junit] Testcase: valid[Function_Valid_14] took 0.728 sec
    [junit] Testcase: valid[Function_Valid_15] took 0 sec
    [junit] Testcase: valid[Function_Valid_16] took 0.526 sec
    [junit] Testcase: valid[Function_Valid_17] took 0.435 sec
    [junit] Testcase: valid[Function_Valid_18] took 0.491 sec
    [junit] Testcase: valid[Function_Valid_2] took 0.516 sec
    [junit] Testcase: valid[Function_Valid_20] took 0.397 sec
    [junit] Testcase: valid[Function_Valid_21] took 0.438 sec
    [junit] Testcase: valid[Function_Valid_3] took 0.571 sec
    [junit] Testcase: valid[Function_Valid_4] took 0.665 sec
    [junit] Testcase: valid[Function_Valid_5] took 0.554 sec
    [junit] Testcase: valid[Function_Valid_6] took 0.479 sec
    [junit] Testcase: valid[Function_Valid_7] took 0.595 sec
    [junit] Testcase: valid[Function_Valid_8] took 0.633 sec
    [junit] Testcase: valid[Function_Valid_9] took 0.57 sec
    [junit] Testcase: valid[HexAssign_Valid_1] took 0.34 sec
    [junit] Testcase: valid[IfElse_Valid_1] took 0.639 sec
    [junit] Testcase: valid[IfElse_Valid_2] took 0.516 sec
    [junit] Testcase: valid[IfElse_Valid_3] took 0.484 sec
    [junit] Testcase: valid[IfElse_Valid_4] took 0 sec
    [junit] Testcase: valid[IfElse_Valid_5] took 0.649 sec
    [junit] Testcase: valid[Import_Valid_1] took 0.464 sec
    [junit] Testcase: valid[Import_Valid_2] took 0.631 sec
    [junit] Testcase: valid[Import_Valid_3] took 0.544 sec
    [junit] Testcase: valid[Import_Valid_4] took 0 sec
    [junit] Testcase: valid[Import_Valid_5] took 0 sec
    [junit] Testcase: valid[Import_Valid_6] took 0.521 sec
    [junit] Testcase: valid[IntConst_Valid_1] took 0.519 sec
    [junit] Testcase: valid[IntDefine_Valid_1] took 0.538 sec
    [junit] Testcase: valid[IntDefine_Valid_2] took 0.612 sec
    [junit] Testcase: valid[IntDiv_Valid_1] took 0.666 sec
    [junit] Testcase: valid[IntDiv_Valid_3] took 0.889 sec
    [junit] Testcase: valid[IntDiv_Valid_4] took 0.587 sec
    [junit] Testcase: valid[IntDiv_Valid_5] took 0.514 sec
    [junit] Testcase: valid[IntMul_Valid_1] took 0.506 sec
    [junit] Testcase: valid[IntMul_Valid_2] took 0.701 sec
    [junit] Testcase: valid[IntOp_Valid_1] took 0.559 sec
    [junit] Testcase: valid[Intersection_Valid_1] took 0.457 sec
    [junit] Testcase: valid[Intersection_Valid_2] took 0 sec
    [junit] Testcase: valid[Lambda_Valid_1] took 0.73 sec
    [junit] Testcase: valid[Lambda_Valid_10] took 0.589 sec
    [junit] Testcase: valid[Lambda_Valid_11] took 0.476 sec
    [junit] Testcase: valid[Lambda_Valid_12] took 0.561 sec
    [junit] Testcase: valid[Lambda_Valid_2] took 0.639 sec
    [junit] Testcase: valid[Lambda_Valid_3] took 0.71 sec
    [junit] Testcase: valid[Lambda_Valid_4] took 0.646 sec
    [junit] Testcase: valid[Lambda_Valid_5] took 0.467 sec
    [junit] Testcase: valid[Lambda_Valid_6] took 0.545 sec
    [junit] Testcase: valid[Lambda_Valid_7] took 0.512 sec
    [junit] Testcase: valid[Lambda_Valid_8] took 0.684 sec
    [junit] Testcase: valid[Lambda_Valid_9] took 0.84 sec
    [junit] Testcase: valid[LengthOf_Valid_1] took 0.47 sec
    [junit] Testcase: valid[LengthOf_Valid_4] took 0.612 sec
    [junit] Testcase: valid[LengthOf_Valid_5] took 0.673 sec
    [junit] Testcase: valid[Lifetime_Lambda_Valid_1] took 0.568 sec
    [junit] Testcase: valid[Lifetime_Lambda_Valid_2] took 0.393 sec
    [junit] Testcase: valid[Lifetime_Lambda_Valid_3] took 0.772 sec
    [junit] Testcase: valid[Lifetime_Lambda_Valid_4] took 0 sec
    [junit] Testcase: valid[Lifetime_Lambda_Valid_5] took 0.585 sec
    [junit] Testcase: valid[Lifetime_Lambda_Valid_6] took 0.661 sec
    [junit] Testcase: valid[Lifetime_Lambda_Valid_7] took 0.459 sec
    [junit] Testcase: valid[Lifetime_Valid_1] took 0.468 sec
    [junit] Testcase: valid[Lifetime_Valid_10] took 0.74 sec
    [junit] Testcase: valid[Lifetime_Valid_2] took 0.459 sec
    [junit] Testcase: valid[Lifetime_Valid_3] took 0.516 sec
    [junit] Testcase: valid[Lifetime_Valid_4] took 0.562 sec
    [junit] Testcase: valid[Lifetime_Valid_5] took 0.711 sec
    [junit] Testcase: valid[Lifetime_Valid_6] took 0.632 sec
    [junit] Testcase: valid[Lifetime_Valid_7] took 0.468 sec
    [junit] Testcase: valid[Lifetime_Valid_8] took 0.612 sec
    [junit] Testcase: valid[Lifetime_Valid_9] took 0.641 sec
    [junit] Testcase: valid[ListAccess_Valid_1] took 0.587 sec
    [junit] Testcase: valid[ListAccess_Valid_3] took 0.655 sec
    [junit] Testcase: valid[ListAccess_Valid_5] took 0.547 sec
    [junit] Testcase: valid[ListAccess_Valid_6] took 0 sec
    [junit] Testcase: valid[ListAccess_Valid_8] took 0.74 sec
    [junit] Testcase: valid[ListAccess_Valid_9] took 0.498 sec
    [junit] Testcase: valid[ListAssign_Valid_1] took 0.593 sec
    [junit] Testcase: valid[ListAssign_Valid_11] took 0.642 sec
    [junit] Testcase: valid[ListAssign_Valid_12] took 0.532 sec
    [junit] Testcase: valid[ListAssign_Valid_2] took 0.533 sec
    [junit] Testcase: valid[ListAssign_Valid_3] took 0.642 sec
    [junit] Testcase: valid[ListAssign_Valid_4] took 0.577 sec
    [junit] Testcase: valid[ListAssign_Valid_5] took 0.653 sec
    [junit] Testcase: valid[ListAssign_Valid_6] took 0.555 sec
    [junit] Testcase: valid[ListAssign_Valid_7] took 0.624 sec
    [junit] Testcase: valid[ListAssign_Valid_8] took 0.573 sec
    [junit] Testcase: valid[ListAssign_Valid_9] took 0.356 sec
    [junit] Testcase: valid[ListEmpty_Valid_1] took 0.828 sec
    [junit] Testcase: valid[ListGenerator_Valid_1] took 0.701 sec
    [junit] Testcase: valid[ListGenerator_Valid_10] took 0.429 sec
    [junit] Testcase: valid[ListGenerator_Valid_11] took 0.6 sec
    [junit] Testcase: valid[ListGenerator_Valid_12] took 0.615 sec
    [junit] Testcase: valid[ListGenerator_Valid_2] took 0.524 sec
    [junit] Testcase: valid[ListGenerator_Valid_3] took 0.582 sec
    [junit] Testcase: valid[ListGenerator_Valid_5] took 0.516 sec
    [junit] Testcase: valid[ListGenerator_Valid_6] took 0.584 sec
    [junit] Testcase: valid[ListGenerator_Valid_7] took 0.636 sec
    [junit] Testcase: valid[ListGenerator_Valid_8] took 0.659 sec
    [junit] Testcase: valid[ListGenerator_Valid_9] took 0.511 sec
    [junit] Testcase: valid[ListLength_Valid_1] took 0.555 sec
    [junit] Testcase: valid[ListLength_Valid_2] took 0.463 sec
    [junit] Testcase: valid[ListLength_Valid_3] took 0.426 sec
    [junit] Testcase: valid[MessageRef_Valid_1] took 0.45 sec
    [junit] Testcase: valid[MessageRef_Valid_2] took 0.539 sec
    [junit] Testcase: valid[MessageSend_Valid_1] took 0.516 sec
    [junit] Testcase: valid[MessageSend_Valid_2] took 0.553 sec
    [junit] Testcase: valid[MessageSend_Valid_3] took 0.661 sec
    [junit] Testcase: valid[MessageSend_Valid_4] took 0.604 sec
    [junit] Testcase: valid[MessageSend_Valid_5] took 0.599 sec
    [junit] Testcase: valid[MethodCall_Valid_1] took 0.511 sec
    [junit] Testcase: valid[MethodCall_Valid_2] took 0.571 sec
    [junit] Testcase: valid[MethodCall_Valid_3] took 0.612 sec
    [junit] Testcase: valid[MethodCall_Valid_4] took 0.568 sec
    [junit] Testcase: valid[MethodRef_Valid_1] took 0.717 sec
    [junit] Testcase: valid[MethodRef_Valid_2] took 0.551 sec
    [junit] Testcase: valid[Method_Valid_1] took 0.526 sec
    [junit] Testcase: valid[MultiLineComment_Valid_1] took 0.539 sec
    [junit] Testcase: valid[MultiLineComment_Valid_2] took 0.611 sec
    [junit] Testcase: valid[NegationType_Valid_1] took 0.472 sec
    [junit] Testcase: valid[NegationType_Valid_2] took 0.708 sec
    [junit] Testcase: valid[NegationType_Valid_3] took 0.552 sec
    [junit] Testcase: valid[NegationType_Valid_4] took 0.595 sec
    [junit] Testcase: valid[NegationType_Valid_5] took 0.736 sec
    [junit] Testcase: valid[OpenRecord_Valid_1] took 0.452 sec
    [junit] Testcase: valid[OpenRecord_Valid_10] took 0.689 sec
    [junit] Testcase: valid[OpenRecord_Valid_11] took 0 sec
    [junit] Testcase: valid[OpenRecord_Valid_2] took 0.732 sec
    [junit] Testcase: valid[OpenRecord_Valid_3] took 0.501 sec
    [junit] Testcase: valid[OpenRecord_Valid_4] took 0.577 sec
    [junit] Testcase: valid[OpenRecord_Valid_5] took 0 sec
    [junit] Testcase: valid[OpenRecord_Valid_6] took 0 sec
    [junit] Testcase: valid[OpenRecord_Valid_9] took 0.577 sec
    [junit] Testcase: valid[ProcessAccess_Valid_1] took 0.554 sec
    [junit] Testcase: valid[ProcessAccess_Valid_2] took 0.67 sec
    [junit] Testcase: valid[Process_Valid_1] took 0.718 sec
    [junit] Testcase: valid[Process_Valid_10] took 0.646 sec
    [junit] Testcase: valid[Process_Valid_11] took 0.624 sec
    [junit] Testcase: valid[Process_Valid_12] took 0.496 sec
    [junit] Testcase: valid[Process_Valid_2] took 0.592 sec
    [junit] Testcase: valid[Process_Valid_3] took 0.576 sec
    [junit] Testcase: valid[Process_Valid_4] took 0.616 sec
    [junit] Testcase: valid[Process_Valid_5] took 0.528 sec
    [junit] Testcase: valid[Process_Valid_6] took 0.439 sec
    [junit] Testcase: valid[Process_Valid_7] took 0.402 sec
    [junit] Testcase: valid[Process_Valid_8] took 0.505 sec
    [junit] Testcase: valid[Process_Valid_9] took 0.647 sec
    [junit] Testcase: valid[Quantifiers_Valid_1] took 0.467 sec
    [junit] Testcase: valid[RecordAccess_Valid_1] took 0.503 sec
    [junit] Testcase: valid[RecordAssign_Valid_1] took 0.409 sec
    [junit] Testcase: valid[RecordAssign_Valid_10] took 0.587 sec
    [junit] Testcase: valid[RecordAssign_Valid_2] took 0.548 sec
    [junit] Testcase: valid[RecordAssign_Valid_3] took 0.616 sec
    [junit] Testcase: valid[RecordAssign_Valid_4] took 0.516 sec
    [junit] Testcase: valid[RecordAssign_Valid_5] took 0.542 sec
    [junit] Testcase: valid[RecordAssign_Valid_6] took 0.526 sec
    [junit] Testcase: valid[RecordAssign_Valid_7] took 0.544 sec
    [junit] Testcase: valid[RecordAssign_Valid_8] took 0.466 sec
    [junit] Testcase: valid[RecordAssign_Valid_9] took 0.633 sec
    [junit] Testcase: valid[RecordCoercion_Valid_1] took 0.555 sec
    [junit] Testcase: valid[RecordDefine_Valid_1] took 0.506 sec
    [junit] Testcase: valid[RecordDefine_Valid_2] took 0.519 sec
    [junit] Testcase: valid[RecordSubtype_Valid_1] took 0 sec
    [junit] Testcase: valid[RecordSubtype_Valid_2] took 0 sec
    [junit] Testcase: valid[RecursiveType_Valid_1] took 0.473 sec
    [junit] Testcase: valid[RecursiveType_Valid_10] took 0.527 sec
    [junit] Testcase: valid[RecursiveType_Valid_11] took 0.674 sec
    [junit] Testcase: valid[RecursiveType_Valid_12] took 0 sec
    [junit] Testcase: valid[RecursiveType_Valid_13] took 0.563 sec
    [junit] Testcase: valid[RecursiveType_Valid_14] took 0.637 sec
    [junit] Testcase: valid[RecursiveType_Valid_15] took 0.595 sec
    [junit] Testcase: valid[RecursiveType_Valid_16] took 0.577 sec
    [junit] Testcase: valid[RecursiveType_Valid_17] took 0.672 sec
    [junit] Testcase: valid[RecursiveType_Valid_18] took 0.665 sec
    [junit] Testcase: valid[RecursiveType_Valid_19] took 0.973 sec
    [junit] Testcase: valid[RecursiveType_Valid_2] took 0 sec
    [junit] Testcase: valid[RecursiveType_Valid_20] took 0.527 sec
    [junit] Testcase: valid[RecursiveType_Valid_21] took 0 sec
    [junit] Testcase: valid[RecursiveType_Valid_22] took 0 sec
    [junit] Testcase: valid[RecursiveType_Valid_23] took 0.641 sec
    [junit] Testcase: valid[RecursiveType_Valid_24] took 0.725 sec
    [junit] Testcase: valid[RecursiveType_Valid_25] took 0.761 sec
    [junit] Testcase: valid[RecursiveType_Valid_26] took 0 sec
    [junit] Testcase: valid[RecursiveType_Valid_27] took 0.785 sec
    [junit] Testcase: valid[RecursiveType_Valid_28] took 0 sec
    [junit] Testcase: valid[RecursiveType_Valid_3] took 0 sec
    [junit] Testcase: valid[RecursiveType_Valid_4] took 0 sec
    [junit] Testcase: valid[RecursiveType_Valid_5] took 0 sec
    [junit] Testcase: valid[RecursiveType_Valid_6] took 0.576 sec
    [junit] Testcase: valid[RecursiveType_Valid_7] took 0.737 sec
    [junit] Testcase: valid[RecursiveType_Valid_8] took 0.535 sec
    [junit] Testcase: valid[RecursiveType_Valid_9] took 0.648 sec
    [junit] Testcase: valid[ReferenceType_Valid_1] took 0.699 sec
    [junit] Testcase: valid[Reference_Valid_1] took 0.564 sec
    [junit] Testcase: valid[Reference_Valid_2] took 0.574 sec
    [junit] Testcase: valid[Reference_Valid_3] took 0.554 sec
    [junit] Testcase: valid[Reference_Valid_4] took 0.519 sec
    [junit] Testcase: valid[Reference_Valid_5] took 0.578 sec
    [junit] Testcase: valid[Reference_Valid_6] took 0.485 sec
    [junit] Testcase: valid[Reference_Valid_7] took 0.452 sec
    [junit] Testcase: valid[Reference_Valid_8] took 0.659 sec
    [junit] Testcase: valid[Remainder_Valid_1] took 0.555 sec
    [junit] Testcase: valid[Requires_Valid_1] took 0.628 sec
    [junit] Testcase: valid[Resolution_Valid_1] took 0.672 sec
    [junit] Testcase: valid[Return_Valid_1] took 0.396 sec
    [junit] Testcase: valid[SingleLineComment_Valid_1] took 0.515 sec
    [junit] Testcase: valid[Skip_Valid_1] took 0.663 sec
    [junit] Testcase: valid[String_Valid_1] took 0.724 sec
    [junit] Testcase: valid[String_Valid_2] took 0.671 sec
    [junit] Testcase: valid[String_Valid_3] took 0.436 sec
    [junit] Testcase: valid[String_Valid_4] took 0.507 sec
    [junit] Testcase: valid[String_Valid_5] took 0.724 sec
    [junit] Testcase: valid[String_Valid_6] took 0.547 sec
    [junit] Testcase: valid[Subtype_Valid_1] took 0.622 sec
    [junit] Testcase: valid[Subtype_Valid_10] took 0.649 sec
    [junit] Testcase: valid[Subtype_Valid_11] took 0.467 sec
    [junit] Testcase: valid[Subtype_Valid_12] took 0.577 sec
    [junit] Testcase: valid[Subtype_Valid_13] took 0.48 sec
    [junit] Testcase: valid[Subtype_Valid_14] took 0.556 sec
    [junit] Testcase: valid[Subtype_Valid_2] took 0.575 sec
    [junit] Testcase: valid[Subtype_Valid_3] took 0.548 sec
    [junit] Testcase: valid[Subtype_Valid_4] took 0.516 sec
    [junit] Testcase: valid[Subtype_Valid_5] took 0.546 sec
    [junit] Testcase: valid[Subtype_Valid_6] took 0.414 sec
    [junit] Testcase: valid[Subtype_Valid_7] took 0.418 sec
    [junit] Testcase: valid[Subtype_Valid_8] took 0.477 sec
    [junit] Testcase: valid[Subtype_Valid_9] took 0.581 sec
    [junit] Testcase: valid[Switch_Valid_1] took 0.436 sec
    [junit] Testcase: valid[Switch_Valid_10] took 0.503 sec
    [junit] Testcase: valid[Switch_Valid_11] took 0.602 sec
    [junit] Testcase: valid[Switch_Valid_12] took 0.546 sec
    [junit] Testcase: valid[Switch_Valid_13] took 0.531 sec
    [junit] Testcase: valid[Switch_Valid_2] took 0.544 sec
    [junit] Testcase: valid[Switch_Valid_3] took 0.522 sec
    [junit] Testcase: valid[Switch_Valid_4] took 0.638 sec
    [junit] Testcase: valid[Switch_Valid_5] took 0.68 sec
    [junit] Testcase: valid[Switch_Valid_6] took 0.501 sec
    [junit] Testcase: valid[Switch_Valid_7] took 0.692 sec
    [junit] Testcase: valid[Switch_Valid_8] took 0.538 sec
    [junit] Testcase: valid[Switch_Valid_9] took 0.572 sec
    [junit] Testcase: valid[Syntax_Valid_1] took 0.584 sec
    [junit] Testcase: valid[TypeEquals_Valid_1] took 0.426 sec
    [junit] Testcase: valid[TypeEquals_Valid_10] took 0.524 sec
    [junit] Testcase: valid[TypeEquals_Valid_11] took 0.542 sec
    [junit] Testcase: valid[TypeEquals_Valid_12] took 0.615 sec
    [junit] Testcase: valid[TypeEquals_Valid_14] took 0.567 sec
    [junit] Testcase: valid[TypeEquals_Valid_15] took 0.645 sec
    [junit] Testcase: valid[TypeEquals_Valid_16] took 0.473 sec
    [junit] Testcase: valid[TypeEquals_Valid_17] took 0.565 sec
    [junit] Testcase: valid[TypeEquals_Valid_18] took 0.694 sec
    [junit] Testcase: valid[TypeEquals_Valid_19] took 0.593 sec
    [junit] Testcase: valid[TypeEquals_Valid_2] took 0.572 sec
    [junit] Testcase: valid[TypeEquals_Valid_21] took 0.564 sec
    [junit] Testcase: valid[TypeEquals_Valid_23] took 0 sec
    [junit] Testcase: valid[TypeEquals_Valid_24] took 0.587 sec
    [junit] Testcase: valid[TypeEquals_Valid_25] took 0.688 sec
    [junit] Testcase: valid[TypeEquals_Valid_27] took 0.561 sec
    [junit] Testcase: valid[TypeEquals_Valid_28] took 0.506 sec
    [junit] Testcase: valid[TypeEquals_Valid_29] took 0.65 sec
    [junit] Testcase: valid[TypeEquals_Valid_3] took 0.595 sec
    [junit] Testcase: valid[TypeEquals_Valid_30] took 0.689 sec
    [junit] Testcase: valid[TypeEquals_Valid_31] took 0.508 sec
    [junit] Testcase: valid[TypeEquals_Valid_32] took 0.828 sec
    [junit] Testcase: valid[TypeEquals_Valid_33] took 0.593 sec
    [junit] Testcase: valid[TypeEquals_Valid_34] took 0.64 sec
    [junit] Testcase: valid[TypeEquals_Valid_35] took 0.729 sec
    [junit] Testcase: valid[TypeEquals_Valid_36] took 0 sec
    [junit] Testcase: valid[TypeEquals_Valid_37] took 0 sec
    [junit] Testcase: valid[TypeEquals_Valid_38] took 0 sec
    [junit] Testcase: valid[TypeEquals_Valid_39] took 0.73 sec
    [junit] Testcase: valid[TypeEquals_Valid_40] took 0.813 sec
    [junit] Testcase: valid[TypeEquals_Valid_41] took 0 sec
    [junit] Testcase: valid[TypeEquals_Valid_42] took 0.541 sec
    [junit] Testcase: valid[TypeEquals_Valid_43] took 0.76 sec
    [junit] Testcase: valid[TypeEquals_Valid_44] took 0.681 sec
    [junit] Testcase: valid[TypeEquals_Valid_45] took 0.694 sec
    [junit] Testcase: valid[TypeEquals_Valid_46] took 0.609 sec
    [junit] Testcase: valid[TypeEquals_Valid_47] took 0.538 sec
    [junit] Testcase: valid[TypeEquals_Valid_48] took 0.488 sec
    [junit] Testcase: valid[TypeEquals_Valid_49] took 0.536 sec
    [junit] Testcase: valid[TypeEquals_Valid_5] took 0.509 sec
    [junit] Testcase: valid[TypeEquals_Valid_50] took 0.552 sec
    [junit] Testcase: valid[TypeEquals_Valid_51] took 0.614 sec
    [junit] Testcase: valid[TypeEquals_Valid_52] took 0.542 sec
    [junit] Testcase: valid[TypeEquals_Valid_53] took 0.627 sec
    [junit] Testcase: valid[TypeEquals_Valid_54] took 0.725 sec
    [junit] Testcase: valid[TypeEquals_Valid_55] took 0.537 sec
    [junit] Testcase: valid[TypeEquals_Valid_6] took 0.606 sec
    [junit] Testcase: valid[TypeEquals_Valid_7] took 0.579 sec
    [junit] Testcase: valid[TypeEquals_Valid_9] took 0.728 sec
    [junit] Testcase: valid[UnionType_Valid_1] took 0.689 sec
    [junit] Testcase: valid[UnionType_Valid_10] took 0.422 sec
    [junit] Testcase: valid[UnionType_Valid_11] took 0.554 sec
    [junit] Testcase: valid[UnionType_Valid_12] took 0.552 sec
    [junit] Testcase: valid[UnionType_Valid_13] took 0.578 sec
    [junit] Testcase: valid[UnionType_Valid_14] took 0.475 sec
    [junit] Testcase: valid[UnionType_Valid_15] took 0.588 sec
    [junit] Testcase: valid[UnionType_Valid_16] took 0.632 sec
    [junit] Testcase: valid[UnionType_Valid_17] took 0.568 sec
    [junit] Testcase: valid[UnionType_Valid_18] took 0.673 sec
    [junit] Testcase: valid[UnionType_Valid_19] took 0.717 sec
    [junit] Testcase: valid[UnionType_Valid_2] took 0.569 sec
    [junit] Testcase: valid[UnionType_Valid_20] took 0.576 sec
    [junit] Testcase: valid[UnionType_Valid_21] took 0.636 sec
    [junit] Testcase: valid[UnionType_Valid_22] took 0.459 sec
    [junit] Testcase: valid[UnionType_Valid_23] took 0.608 sec
    [junit] Testcase: valid[UnionType_Valid_3] took 0.622 sec
    [junit] Testcase: valid[UnionType_Valid_4] took 0.52 sec
    [junit] Testcase: valid[UnionType_Valid_5] took 0.53 sec
    [junit] Testcase: valid[UnionType_Valid_6] took 0.697 sec
    [junit] Testcase: valid[UnionType_Valid_7] took 0.604 sec
    [junit] Testcase: valid[UnionType_Valid_8] took 0.568 sec
    [junit] Testcase: valid[UnionType_Valid_9] took 0.529 sec
    [junit] Testcase: valid[Update_Valid_2] took 0.497 sec
    [junit] Testcase: valid[VarDecl_Valid_1] took 0.472 sec
    [junit] Testcase: valid[VarDecl_Valid_2] took 0.553 sec
    [junit] Testcase: valid[VarDecl_Valid_3] took 0.515 sec
    [junit] Testcase: valid[VarDecl_Valid_4] took 0.722 sec
    [junit] Testcase: valid[While_Valid_1] took 0.734 sec
    [junit] Testcase: valid[While_Valid_10] took 0.73 sec
    [junit] Testcase: valid[While_Valid_11] took 0.51 sec
    [junit] Testcase: valid[While_Valid_12] took 0.571 sec
    [junit] Testcase: valid[While_Valid_14] took 0.566 sec
    [junit] Testcase: valid[While_Valid_15] took 0 sec
    [junit] Testcase: valid[While_Valid_16] took 0.508 sec
    [junit] Testcase: valid[While_Valid_17] took 0.488 sec
    [junit] Testcase: valid[While_Valid_18] took 0.539 sec
    [junit] Testcase: valid[While_Valid_19] took 0.454 sec
    [junit] Testcase: valid[While_Valid_2] took 0.471 sec
    [junit] Testcase: valid[While_Valid_20] took 0.001 sec
    [junit] Testcase: valid[While_Valid_21] took 0.465 sec
    [junit] Testcase: valid[While_Valid_22] took 0.735 sec
    [junit] Testcase: valid[While_Valid_23] took 0.634 sec
    [junit] Testcase: valid[While_Valid_24] took 0.569 sec
    [junit] Testcase: valid[While_Valid_25] took 0.56 sec
    [junit] Testcase: valid[While_Valid_26] took 0.547 sec
    [junit] Testcase: valid[While_Valid_27] took 0.458 sec
    [junit] Testcase: valid[While_Valid_28] took 0.698 sec
    [junit] Testcase: valid[While_Valid_29] took 0.592 sec
    [junit] Testcase: valid[While_Valid_3] took 0.528 sec
    [junit] Testcase: valid[While_Valid_30] took 0.541 sec
    [junit] Testcase: valid[While_Valid_31] took 0.674 sec
    [junit] Testcase: valid[While_Valid_32] took 0.568 sec
    [junit] Testcase: valid[While_Valid_33] took 0.507 sec
    [junit] Testcase: valid[While_Valid_34] took 0.484 sec
    [junit] Testcase: valid[While_Valid_35] took 0.602 sec
    [junit] Testcase: valid[While_Valid_36] took 0.482 sec
    [junit] Testcase: valid[While_Valid_37] took 0.595 sec
    [junit] Testcase: valid[While_Valid_38] took 0.504 sec
    [junit] Testcase: valid[While_Valid_39] took 0.575 sec
    [junit] Testcase: valid[While_Valid_40] took 0.545 sec
    [junit] Testcase: valid[While_Valid_41] took 0.606 sec
    [junit] Testcase: valid[While_Valid_42] took 0.535 sec
    [junit] Testcase: valid[While_Valid_43] took 0.577 sec
    [junit] Testcase: valid[While_Valid_44] took 0.512 sec
    [junit] Testcase: valid[While_Valid_45] took 0.613 sec
    [junit] Testcase: valid[While_Valid_46] took 0.526 sec
    [junit] Testcase: valid[While_Valid_47] took 0.521 sec
    [junit] Testcase: valid[While_Valid_48] took 0.432 sec
    [junit] Testcase: valid[While_Valid_49] took 0.681 sec
    [junit] Testcase: valid[While_Valid_5] took 0.608 sec
    [junit] Testcase: valid[While_Valid_50] took 0.65 sec
    [junit] Testcase: valid[While_Valid_51] took 0.608 sec
    [junit] Testcase: valid[While_Valid_52] took 0.51 sec
    [junit] Testcase: valid[While_Valid_7] took 0.518 sec
    [junit] Testcase: valid[While_Valid_9] took 0.587 sec

BUILD SUCCESSFUL
Total time: 19 minutes 9 seconds

travis_time:end:0d4c5ce3:start=1470636879861964056,finish=1470638029166643267,duration=1149304679211[0K
[32;1mThe command "ant test-all" exited with 0.[0m

Done. Your build exited with 0.
